TRXV5
3
4
4
9
string Extension=J
integer IsArchMeasurement=1
integer IsSpherical=1
string Generator=SPM
string GeneratorVersion=1.3.1 Dev
double ArchRadius=0.449999988079071
integer FrequencyAxisIndex=0
integer AzimuthAxisIndex=1
integer ElevationAxisIndex=2
Frequency
5 401 700000000 900000000 LIN
Azimuth
7 8 0 2.74889357189107 LIN
Elevation
7 15 -2.74889357189107 2.74889357189107 LIN
Polar H Real Part
13
Polar H Imaginary Part
14
Polar V Real Part
13
Polar V Imaginary Part
14
Polar H Magnitude (dB)
12 0xC0000002 0 1
Polar H Phase
7 0xC0000003 0 1
Polar V Magnitude (dB)
12 0xC0000002 2 3
Polar V Phase
7 0xC0000003 2 3
-0.0246086120605469 -0.00833320617675781 0.4503173828125 -0.183441162109375
0.00488853454589844 0.0261478424072266 0.362396240234375 -0.143524169921875
-0.00811243057250977 -0.00305032730102539 0.267776489257813 0.00848388671875
-0.0197391510009766 -0.00551223754882813 0.196014404296875 0.19635009765625
-0.0118618011474609 -0.00555610656738281 -0.017791748046875 0.253860473632813
-0.0106182098388672 -0.0208797454833984 -0.251495361328125 0.195648193359375
-0.0235595703125 0.00240707397460937 -0.432037353515625 0.00750732421874995
-0.0136203765869141 -0.00516700744628906 -0.481292724609375 -0.241912841796875
-0.0108461380004883 -0.00193119049072266 -0.466064453125 -0.376617431640625
0.00278663635253906 -0.00491666793823242 -0.362884521484375 -0.365509033203125
-0.000632286071777345 0.0166521072387695 -0.245040893554687 -0.233474731445313
-0.0155754089355469 0.0096282958984375 -0.0917205810546875 -0.14715576171875
0.0047917366027832 0.00309228897094727 0.0272369384765625 -0.201187133789063
0.0298957824707031 0.0147876739501953 0.053863525390625 -0.41644287109375
0.0124416351318359 -0.0131826400756836 0.0676269531249999 -0.6190185546875
-0.13262939453125 0.1654052734375 0.4453125 -0.13946533203125
-0.117950439453125 0.189407348632813 0.367919921875 -0.094573974609375
-0.161102294921875 0.113723754882813 0.29046630859375 0.03009033203125
-0.190139770507813 0.0527496337890625 0.204681396484375 0.212371826171875
-0.1912841796875 -0.0149383544921875 0.00341796875000001 0.258621215820313
-0.21270751953125 -0.083343505859375 -0.229507446289063 0.19757080078125
-0.225341796875 -0.0948181152343751 -0.40869140625 0.0115661621093749
-0.178680419921875 -0.1380615234375 -0.45166015625 -0.21551513671875
-0.16973876953125 -0.157623291015625 -0.447418212890625 -0.345001220703125
-0.149826049804687 -0.14990234375 -0.35858154296875 -0.334014892578125
-0.147918701171875 -0.10076904296875 -0.240554809570312 -0.218124389648438
-0.189895629882813 -0.0341033935546875 -0.0968475341796875 -0.136428833007813
-0.17718505859375 -0.0198822021484375 0.0193328857421875 -0.212448120117188
-0.153213500976563 0.082183837890625 0.0374755859375 -0.400177001953125
-0.1141357421875 0.125419616699219 0.04534912109375 -0.59796142578125
-0.237060546875 0.303466796875 0.41778564453125 -0.037841796875
-0.2451171875 0.314849853515625 0.355499267578125 0.00466918945312502
-0.313507080078125 0.194549560546875 0.3092041015625 0.076019287109375
-0.35211181640625 0.07684326171875 0.213714599609375 0.232223510742187
-0.35247802734375 -0.052642822265625 0.045166015625 0.263656616210938
-0.3848876953125 -0.1641845703125 -0.156463623046875 0.200363159179688
-0.386627197265625 -0.195892333984375 -0.31158447265625 0.0274658203125
-0.31787109375 -0.254852294921875 -0.354827880859375 -0.159515380859375
-0.316650390625 -0.2781982421875 -0.3709716796875 -0.28216552734375
-0.308746337890625 -0.250579833984375 -0.318634033203125 -0.282928466796875
-0.3082275390625 -0.169464111328125 -0.227493286132813 -0.205642700195313
-0.3564453125 -0.032135009765625 -0.118331909179688 -0.14068603515625
-0.342559814453125 -0.000640869140624952 -0.0227813720703125 -0.233428955078125
-0.306610107421875 0.171630859375 -0.0184326171875 -0.36627197265625
-0.2158203125 0.258453369140625 -0.02557373046875 -0.531005859375
-0.321807861328125 0.383514404296875 0.3551025390625 0.107421875
-0.360809326171875 0.376373291015625 0.31341552734375 0.1363525390625
-0.443817138671875 0.215911865234375 0.305877685546875 0.1383056640625
-0.480224609375 0.0572509765625001 0.214935302734375 0.255477905273438
-0.466064453125 -0.117156982421875 0.106826782226563 0.270843505859375
-0.496612548828125 -0.2567138671875 -0.034149169921875 0.212005615234375
-0.4888916015625 -0.287078857421875 -0.153793334960938 0.064544677734375
-0.4141845703125 -0.334930419921875 -0.200119018554688 -0.07830810546875
-0.4326171875 -0.344940185546875 -0.240524291992188 -0.203872680664063
-0.448211669921875 -0.2830810546875 -0.230392456054688 -0.229385375976563
-0.44940185546875 -0.1651611328125 -0.200042724609375 -0.202850341796875
-0.48162841796875 0.02789306640625 -0.149490356445313 -0.1458740234375
-0.4593505859375 0.0672607421875 -0.0938262939453125 -0.236923217773437
-0.399169921875 0.273162841796875 -0.106719970703125 -0.295989990234375
-0.277984619140625 0.361968994140625 -0.1287841796875 -0.4234619140625
-0.367279052734375 0.392730712890625 0.265914916992188 0.26983642578125
-0.428314208984375 0.3599853515625 0.232162475585937 0.27191162109375
-0.509613037109375 0.1697998046875 0.26226806640625 0.205245971679688
-0.52783203125 -0.00604248046875006 0.196701049804688 0.270904541015625
-0.492767333984375 -0.192169189453125 0.168304443359375 0.28753662109375
-0.51739501953125 -0.33441162109375 0.108932495117187 0.248336791992187
-0.50537109375 -0.3433837890625 0.0390167236328125 0.130279541015625
-0.447662353515625 -0.367523193359375 -0.0119113922119141 0.0152130126953125
-0.48956298828125 -0.34930419921875 -0.0678558349609375 -0.134918212890625
-0.518035888671875 -0.25189208984375 -0.100845336914063 -0.201156616210938
-0.5146484375 -0.1068115234375 -0.154434204101563 -0.219161987304688
-0.51458740234375 0.1080322265625 -0.182968139648438 -0.149826049804688
-0.4910888671875 0.14532470703125 -0.174102783203125 -0.20648193359375
-0.41290283203125 0.353607177734375 -0.195556640625 -0.182601928710937
-0.290069580078125 0.416168212890625 -0.244216918945313 -0.279006958007812
-0.355377197265625 0.338653564453125 0.159515380859375 0.420257568359375
-0.419464111328125 0.284576416015625 0.122406005859375 0.376434326171875
-0.476470947265625 0.0868835449218751 0.183975219726562 0.245559692382813
-0.468963623046875 -0.0710144042968749 0.158172607421875 0.27130126953125
-0.4178466796875 -0.230621337890625 0.2103271484375 0.303680419921875
-0.442291259765625 -0.35540771484375 0.241180419921875 0.3006591796875
-0.441131591796875 -0.346923828125 0.23052978515625 0.217788696289063
-0.412567138671875 -0.342926025390625 0.181777954101562 0.106109619140625
-0.462005615234375 -0.304779052734375 0.113777160644531 -0.0891952514648438
-0.48931884765625 -0.186004638671875 0.0370635986328125 -0.203781127929688
-0.474151611328125 -0.0399780273437501 -0.104354858398438 -0.248306274414062
-0.453521728515625 0.1544189453125 -0.207687377929688 -0.151748657226562
-0.4346923828125 0.188720703125 -0.23834228515625 -0.149093627929688
-0.358856201171875 0.372406005859375 -0.265625 -0.0480804443359375
-0.26104736328125 0.399169921875 -0.34765625 -0.117156982421875
-0.27996826171875 0.230911254882813 0.0603637695312499 0.53759765625
-0.331451416015625 0.185791015625 0.01678466796875 0.4306640625
-0.35260009765625 0.015869140625 0.0960693359375 0.244094848632813
-0.327301025390625 -0.0895690917968749 0.11212158203125 0.244918823242188
-0.27569580078125 -0.20068359375 0.22705078125 0.306640625
-0.303070068359375 -0.29998779296875 0.334228515625 0.347747802734375
-0.3126220703125 -0.284454345703125 0.385040283203125 0.302520751953125
-0.31182861328125 -0.26922607421875 0.34881591796875 0.18060302734375
-0.35675048828125 -0.230133056640625 0.270156860351563 -0.0631561279296875
-0.366485595703125 -0.122283935546875 0.148818969726562 -0.22119140625
-0.34979248046875 -0.00213623046875008 -0.06256103515625 -0.279876708984375
-0.324493408203125 0.1397705078125 -0.221588134765625 -0.1566162109375
-0.3157958984375 0.169647216796875 -0.277755737304687 -0.0897521972656249
-0.26019287109375 0.310546875 -0.30963134765625 0.0739135742187501
-0.20343017578125 0.30615234375 -0.428314208984375 0.0249023437500001
-0.155853271484375 0.100997924804688 -0.00872802734375002 0.60845947265625
-0.186355590820313 0.09478759765625 -0.053314208984375 0.442474365234375
-0.177520751953125 -0.01202392578125 0.0312347412109375 0.218276977539063
-0.16107177734375 -0.0528717041015625 0.08221435546875 0.209732055664063
-0.123764038085937 -0.103012084960938 0.228424072265625 0.29705810546875
-0.143112182617188 -0.177520751953125 0.386260986328125 0.3751220703125
-0.149703979492188 -0.167816162109375 0.48687744140625 0.362335205078125
-0.16510009765625 -0.157028198242188 0.464019775390625 0.229156494140625
-0.192001342773438 -0.139495849609375 0.375640869140625 -0.049835205078125
-0.187713623046875 -0.0693817138671875 0.220230102539063 -0.240875244140625
-0.178909301757813 0.00041198730468751 -0.0350341796875 -0.303558349609375
-0.169891357421875 0.0738067626953125 -0.22918701171875 -0.166763305664063
-0.168319702148437 0.0998077392578125 -0.299591064453125 -0.046600341796875
-0.13848876953125 0.184799194335938 -0.338775634765625 0.153717041015625
-0.13055419921875 0.154251098632813 -0.48370361328125 0.124359130859375
-0.0246620178222656 -0.00773048400878907 0.449249267578125 -0.18511962890625
0.00569915771484375 0.0267353057861328 0.363739013671875 -0.1470947265625
-0.00800371170043945 -0.00313615798950195 0.268768310546875 0.00750732421875
-0.0201740264892578 -0.00486946105957032 0.197525024414063 0.195144653320312
-0.0126180648803711 -0.00482177734375 -0.017333984375 0.254364013671875
-0.0109577178955078 -0.0205955505371094 -0.252822875976563 0.196868896484375
-0.0226154327392578 0.00305747985839844 -0.43603515625 0.0089111328125
-0.014307975769043 -0.0039052963256836 -0.48291015625 -0.243408203125
-0.0112037658691406 -0.00141620635986328 -0.469482421875 -0.37847900390625
0.00255060195922852 -0.00443696975708008 -0.364410400390625 -0.36627197265625
-0.000262260437011718 0.0160579681396484 -0.245269775390625 -0.2337646484375
-0.0161170959472656 0.00924015045166016 -0.092437744140625 -0.147308349609375
0.005706787109375 0.00202465057373047 0.0285186767578125 -0.200729370117188
0.0309696197509766 0.0137901306152344 0.0531005859375 -0.416412353515625
0.0126304626464844 -0.0147953033447266 0.06646728515625 -0.62139892578125
-0.133590698242187 0.166976928710938 0.44488525390625 -0.140625
-0.11761474609375 0.189468383789062 0.36859130859375 -0.096527099609375
-0.162429809570312 0.114273071289062 0.29193115234375 0.028656005859375
-0.191070556640625 0.0528411865234375 0.205780029296875 0.212020874023437
-0.192123413085938 -0.0160064697265625 0.00379943847656247 0.258590698242188
-0.215911865234375 -0.084136962890625 -0.230606079101563 0.198928833007813
-0.225692749023438 -0.09490966796875 -0.409698486328125 0.012176513671875
-0.179107666015625 -0.137924194335938 -0.455718994140625 -0.21630859375
-0.170150756835937 -0.157440185546875 -0.449249267578125 -0.347320556640625
-0.150863647460937 -0.151092529296875 -0.360076904296875 -0.33465576171875
-0.148818969726563 -0.10198974609375 -0.241973876953125 -0.217605590820312
-0.189666748046875 -0.033905029296875 -0.0961532592773438 -0.135894775390625
-0.178695678710938 -0.01898193359375 0.0206756591796875 -0.212600708007813
-0.153564453125 0.08251953125 0.03704833984375 -0.40179443359375
-0.112541198730469 0.126579284667969 0.0454101562499999 -0.5985107421875
-0.23834228515625 0.305755615234375 0.41839599609375 -0.037628173828125
-0.245635986328125 0.31634521484375 0.357574462890625 0.00283813476562502
-0.314788818359375 0.196685791015625 0.310791015625 0.07513427734375
-0.354400634765625 0.0791015625 0.214508056640625 0.231781005859375
-0.355072021484375 -0.05255126953125 0.0459442138671875 0.263916015625
-0.387451171875 -0.1651611328125 -0.155685424804688 0.200424194335938
-0.390380859375 -0.194488525390625 -0.31329345703125 0.028076171875
-0.318695068359375 -0.2547607421875 -0.35504150390625 -0.15789794921875
-0.31884765625 -0.279815673828125 -0.373870849609375 -0.28271484375
-0.311370849609375 -0.251678466796875 -0.319061279296875 -0.28350830078125
-0.3095703125 -0.170684814453125 -0.22882080078125 -0.204513549804687
-0.357666015625 -0.03070068359375 -0.117767333984375 -0.13970947265625
-0.345245361328125 0.00070190429687498 -0.0226593017578125 -0.232833862304688
-0.307220458984375 0.172760009765625 -0.019195556640625 -0.36663818359375
-0.21563720703125 0.26043701171875 -0.0257873535156251 -0.53314208984375
-0.322906494140625 0.387451171875 0.355743408203125 0.107757568359375
-0.358734130859375 0.379425048828125 0.314361572265625 0.136077880859375
-0.4461669921875 0.219024658203125 0.30609130859375 0.1378173828125
-0.482147216796875 0.0569152832031251 0.2166748046875 0.256240844726563
-0.46832275390625 -0.1175537109375 0.108306884765625 0.271697998046875
-0.5009765625 -0.2578125 -0.03369140625 0.212600708007813
-0.49212646484375 -0.286468505859375 -0.154541015625 0.0658416748046875
-0.414947509765625 -0.33551025390625 -0.20269775390625 -0.0774078369140625
-0.4359130859375 -0.346649169921875 -0.242782592773438 -0.203460693359375
-0.450836181640625 -0.283172607421875 -0.232620239257813 -0.230026245117188
-0.45166015625 -0.16583251953125 -0.200469970703125 -0.201797485351563
-0.483062744140625 0.0303955078124999 -0.149337768554688 -0.145263671875
-0.460968017578125 0.068572998046875 -0.094573974609375 -0.236740112304688
-0.39923095703125 0.27569580078125 -0.107086181640625 -0.29632568359375
-0.27606201171875 0.364044189453125 -0.12823486328125 -0.42529296875
-0.368682861328125 0.39727783203125 0.265228271484375 0.27044677734375
-0.42864990234375 0.362945556640625 0.233489990234375 0.271759033203125
-0.512054443359375 0.171844482421875 0.263931274414062 0.204544067382813
-0.530029296875 -0.00396728515624995 0.197189331054687 0.272567749023438
-0.4959716796875 -0.192291259765625 0.1688232421875 0.286712646484375
-0.52081298828125 -0.334075927734375 0.109954833984375 0.24737548828125
-0.5086669921875 -0.3447265625 0.0385589599609375 0.131767272949219
-0.451019287109375 -0.367919921875 -0.0120201110839844 0.0161333084106445
-0.4923095703125 -0.34954833984375 -0.0683746337890625 -0.133796691894531
-0.520904541015625 -0.251129150390625 -0.101699829101563 -0.201416015625
-0.518341064453125 -0.106536865234375 -0.155120849609375 -0.21722412109375
-0.517608642578125 0.109375 -0.183212280273438 -0.148422241210937
-0.49407958984375 0.14727783203125 -0.175140380859375 -0.205535888671875
-0.414825439453125 0.35748291015625 -0.195663452148438 -0.183914184570312
-0.291412353515625 0.419036865234375 -0.243881225585938 -0.279754638671875
-0.357086181640625 0.341583251953125 0.16162109375 0.42169189453125
-0.421875 0.286346435546875 0.12457275390625 0.376922607421875
-0.480682373046875 0.0889587402343751 0.184677124023438 0.245437622070313
-0.471527099609375 -0.0697937011718749 0.158477783203125 0.271392822265625
-0.42095947265625 -0.23101806640625 0.211456298828125 0.3043212890625
-0.445709228515625 -0.356658935546875 0.24261474609375 0.300323486328125
-0.444549560546875 -0.34613037109375 0.2318115234375 0.218231201171875
-0.414886474609375 -0.344696044921875 0.182113647460937 0.107620239257812
-0.46624755859375 -0.3048095703125 0.114463806152344 -0.08837890625
-0.49249267578125 -0.186126708984375 0.036865234375 -0.203628540039063
-0.47705078125 -0.0401611328124999 -0.1041259765625 -0.247604370117188
-0.45404052734375 0.1553955078125 -0.208084106445313 -0.150238037109375
-0.43670654296875 0.1920166015625 -0.239913940429688 -0.148834228515625
-0.358154296875 0.376068115234375 -0.265151977539063 -0.0475311279296874
-0.26153564453125 0.402099609375 -0.348785400390625 -0.11639404296875
-0.280838012695313 0.232711791992187 0.0603637695312499 0.538970947265625
-0.3319091796875 0.18743896484375 0.017913818359375 0.431976318359375
-0.35443115234375 0.01702880859375 0.096771240234375 0.244964599609375
-0.329132080078125 -0.0911865234375 0.113052368164062 0.2454833984375
-0.278793334960938 -0.200531005859375 0.228424072265625 0.30755615234375
-0.305511474609375 -0.30120849609375 0.336090087890625 0.347076416015625
-0.314544677734375 -0.28497314453125 0.388671875 0.302947998046875
-0.313262939453125 -0.27008056640625 0.35125732421875 0.18304443359375
-0.35784912109375 -0.2303466796875 0.270660400390625 -0.06201171875
-0.369110107421875 -0.12188720703125 0.14892578125 -0.222396850585938
-0.351318359375 -0.00363159179687498 -0.062835693359375 -0.2796630859375
-0.3253173828125 0.142242431640625 -0.221282958984375 -0.1552734375
-0.316680908203125 0.17242431640625 -0.278884887695313 -0.087890625
-0.25909423828125 0.313873291015625 -0.311370849609375 0.074127197265625
-0.204681396484375 0.308319091796875 -0.427978515625 0.02569580078125
-0.157058715820313 0.10223388671875 -0.00793457031250004 0.61224365234375
-0.18695068359375 0.09600830078125 -0.052459716796875 0.443115234375
-0.178909301757813 -0.0116729736328125 0.0308685302734375 0.21893310546875
-0.162139892578125 -0.0516204833984375 0.08184814453125 0.210250854492188
-0.124580383300781 -0.102348327636719 0.228424072265625 0.29742431640625
-0.145706176757813 -0.178054809570313 0.387969970703125 0.3753662109375
-0.151153564453125 -0.168106079101562 0.48992919921875 0.363677978515625
-0.165756225585938 -0.1578369140625 0.4677734375 0.229827880859375
-0.1934814453125 -0.13922119140625 0.376800537109375 -0.048309326171875
-0.188995361328125 -0.070037841796875 0.221649169921875 -0.241729736328125
-0.179412841796875 0.000518798828125003 -0.036376953125 -0.303253173828125
-0.17071533203125 0.075286865234375 -0.229568481445313 -0.166015625
-0.169570922851562 0.10113525390625 -0.300537109375 -0.04547119140625
-0.138717651367187 0.186599731445313 -0.341033935546875 0.154693603515625
-0.131011962890625 0.15576171875 -0.4849853515625 0.12725830078125
-0.0257072448730469 -0.00725173950195313 0.451324462890625 -0.18804931640625
0.00621223449707032 0.026458740234375 0.36468505859375 -0.150299072265625
-0.00818634033203125 -0.00293970108032227 0.27008056640625 0.0058746337890625
-0.0207958221435547 -0.00526237487792969 0.200485229492188 0.195037841796875
-0.0129365921020508 -0.00562000274658203 -0.0170135498046875 0.2557373046875
-0.0111579895019531 -0.0203723907470703 -0.254745483398438 0.198318481445313
-0.0228958129882813 0.00290107727050781 -0.439849853515625 0.00732421875000008
-0.0135030746459961 -0.0035858154296875 -0.48822021484375 -0.244842529296875
-0.0112161636352539 -0.000578880310058593 -0.471893310546875 -0.38104248046875
0.00223278999328613 -0.00412583351135254 -0.367034912109375 -0.3673095703125
-0.000359535217285157 0.0154256820678711 -0.246383666992187 -0.233856201171875
-0.0153732299804688 0.0106115341186523 -0.092437744140625 -0.14593505859375
0.0057063102722168 0.00266885757446289 0.02880859375 -0.200637817382813
0.031951904296875 0.0133934020996094 0.05279541015625 -0.41888427734375
0.0125198364257813 -0.0139894485473633 0.0682373046875001 -0.62451171875
-0.135147094726563 0.168472290039063 0.447021484375 -0.14337158203125
-0.116470336914063 0.192642211914062 0.37054443359375 -0.0994873046875
-0.163009643554687 0.115646362304688 0.293365478515625 0.02801513671875
-0.192581176757813 0.0541229248046875 0.207122802734375 0.2120361328125
-0.193359375 -0.014862060546875 0.00408935546875 0.259750366210938
-0.2169189453125 -0.0836334228515624 -0.23126220703125 0.199325561523438
-0.227584838867188 -0.0941925048828125 -0.413818359375 0.01287841796875
-0.17950439453125 -0.138320922851563 -0.458831787109375 -0.216766357421875
-0.17333984375 -0.1580810546875 -0.455108642578125 -0.34893798828125
-0.15191650390625 -0.151718139648438 -0.362701416015625 -0.3360595703125
-0.149490356445313 -0.102432250976562 -0.24346923828125 -0.217071533203125
-0.190963745117188 -0.032562255859375 -0.0964813232421875 -0.136100769042969
-0.178573608398438 -0.018157958984375 0.020172119140625 -0.212646484375
-0.153411865234375 0.0843353271484375 0.037078857421875 -0.40423583984375
-0.113204956054688 0.128173828125 0.04522705078125 -0.60296630859375
-0.239715576171875 0.3111572265625 0.419036865234375 -0.039154052734375
-0.244873046875 0.319915771484375 0.35968017578125 0.00115966796875002
-0.317596435546875 0.199005126953125 0.311920166015625 0.074310302734375
-0.35626220703125 0.079925537109375 0.217453002929687 0.233139038085938
-0.3582763671875 -0.05224609375 0.047454833984375 0.264785766601563
-0.3922119140625 -0.16534423828125 -0.156845092773438 0.20184326171875
-0.39349365234375 -0.195068359375 -0.315765380859375 0.029815673828125
-0.3223876953125 -0.25457763671875 -0.3594970703125 -0.158477783203125
-0.321319580078125 -0.280517578125 -0.37640380859375 -0.28375244140625
-0.313232421875 -0.253143310546875 -0.321685791015625 -0.284515380859375
-0.31182861328125 -0.17120361328125 -0.2303466796875 -0.204818725585937
-0.36077880859375 -0.029998779296875 -0.117813110351563 -0.138999938964844
-0.348175048828125 0.00314331054687507 -0.0234832763671875 -0.233352661132813
-0.308868408203125 0.1759033203125 -0.02044677734375 -0.370208740234375
-0.2152099609375 0.262542724609375 -0.0269775390625 -0.535919189453125
-0.324859619140625 0.3927001953125 0.356536865234375 0.107147216796875
-0.360870361328125 0.38226318359375 0.31793212890625 0.135772705078125
-0.44927978515625 0.220672607421875 0.3089599609375 0.13787841796875
-0.485931396484375 0.0605163574218749 0.218292236328125 0.256256103515625
-0.472198486328125 -0.118682861328125 0.11077880859375 0.2720947265625
-0.50469970703125 -0.25872802734375 -0.032989501953125 0.212997436523437
-0.497222900390625 -0.28643798828125 -0.156112670898438 0.0665740966796875
-0.41839599609375 -0.33642578125 -0.204254150390625 -0.0755920410156251
-0.439117431640625 -0.347686767578125 -0.244354248046875 -0.203521728515625
-0.454437255859375 -0.28472900390625 -0.233642578125 -0.23175048828125
-0.45465087890625 -0.166290283203125 -0.202377319335938 -0.201141357421875
-0.485870361328125 0.0308532714843749 -0.149993896484375 -0.144622802734375
-0.464630126953125 0.07098388671875 -0.0956573486328125 -0.237350463867188
-0.4013671875 0.27960205078125 -0.10736083984375 -0.297515869140625
-0.27679443359375 0.368682861328125 -0.1285400390625 -0.42694091796875
-0.369873046875 0.403961181640625 0.267120361328125 0.27197265625
-0.429656982421875 0.36773681640625 0.235000610351563 0.272705078125
-0.515869140625 0.173736572265625 0.26519775390625 0.20623779296875
-0.53326416015625 -0.00476074218750012 0.199203491210937 0.27447509765625
-0.499542236328125 -0.192535400390625 0.171905517578125 0.289306640625
-0.526519775390625 -0.335784912109375 0.112228393554688 0.247802734375
-0.513519287109375 -0.346038818359375 0.0395584106445312 0.132316589355469
-0.45428466796875 -0.368072509765625 -0.0128307342529297 0.0181198120117187
-0.496185302734375 -0.351898193359375 -0.0695953369140625 -0.133880615234375
-0.525665283203125 -0.25274658203125 -0.101409912109375 -0.202239990234375
-0.521087646484375 -0.106536865234375 -0.155517578125 -0.216644287109375
-0.521240234375 0.112030029296875 -0.182907104492188 -0.147171020507813
-0.498199462890625 0.150726318359375 -0.176162719726563 -0.206375122070313
-0.41546630859375 0.362060546875 -0.197341918945313 -0.183517456054687
-0.289886474609375 0.423431396484375 -0.245513916015625 -0.28082275390625
-0.35943603515625 0.345916748046875 0.161102294921875 0.425262451171875
-0.422393798828125 0.290069580078125 0.125274658203125 0.37872314453125
-0.483734130859375 0.0909729003906251 0.18603515625 0.2459716796875
-0.4747314453125 -0.0680236816406249 0.159408569335937 0.272796630859375
-0.424407958984375 -0.232696533203125 0.21405029296875 0.30450439453125
-0.451019287109375 -0.3590087890625 0.2457275390625 0.300994873046875
-0.448974609375 -0.34869384765625 0.234176635742187 0.219894409179687
-0.418212890625 -0.345245361328125 0.184371948242187 0.10968017578125
-0.469451904296875 -0.30584716796875 0.114601135253906 -0.0879669189453125
-0.49676513671875 -0.185760498046875 0.0368499755859375 -0.205047607421875
-0.479522705078125 -0.0398559570312499 -0.105209350585938 -0.2471923828125
-0.45733642578125 0.158447265625 -0.207931518554688 -0.149200439453125
-0.439849853515625 0.195892333984375 -0.241729736328125 -0.14825439453125
-0.358612060546875 0.3802490234375 -0.26715087890625 -0.04705810546875
-0.262603759765625 0.406646728515625 -0.349761962890625 -0.115692138671875
-0.2825927734375 0.236846923828125 0.0617370605468749 0.542877197265625
-0.33349609375 0.188995361328125 0.017852783203125 0.4339599609375
-0.357391357421875 0.0176696777343751 0.096405029296875 0.245498657226563
-0.331756591796875 -0.089691162109375 0.112533569335937 0.245880126953125
-0.2799072265625 -0.199905395507813 0.229156494140625 0.308319091796875
-0.309967041015625 -0.303192138671875 0.339874267578125 0.348876953125
-0.318878173828125 -0.285369873046875 0.39306640625 0.304473876953125
-0.31622314453125 -0.270660400390625 0.353363037109375 0.184661865234375
-0.36187744140625 -0.23046875 0.273284912109375 -0.0615692138671875
-0.372894287109375 -0.12261962890625 0.149520874023437 -0.222946166992187
-0.35369873046875 -0.00241088867187504 -0.0630950927734375 -0.280242919921875
-0.32904052734375 0.143951416015625 -0.222274780273438 -0.1536865234375
-0.31982421875 0.174835205078125 -0.280731201171875 -0.08758544921875
-0.260162353515625 0.317840576171875 -0.31121826171875 0.075653076171875
-0.20404052734375 0.3109130859375 -0.4285888671875 0.028350830078125
-0.15771484375 0.103912353515625 -0.00695800781249998 0.6156005859375
-0.186859130859375 0.0975341796875 -0.051971435546875 0.44586181640625
-0.180816650390625 -0.010223388671875 0.030426025390625 0.219497680664063
-0.163009643554688 -0.051727294921875 0.08148193359375 0.211395263671875
-0.125656127929687 -0.105056762695313 0.230133056640625 0.298797607421875
-0.14794921875 -0.178543090820313 0.391204833984375 0.375823974609375
-0.153778076171875 -0.168243408203125 0.4937744140625 0.364532470703125
-0.16741943359375 -0.157501220703125 0.471343994140625 0.23162841796875
-0.195587158203125 -0.139602661132813 0.380218505859375 -0.048248291015625
-0.19158935546875 -0.069305419921875 0.221923828125 -0.241653442382812
-0.181121826171875 0.000213623046874974 -0.03717041015625 -0.30426025390625
-0.172271728515625 0.0768585205078125 -0.230941772460938 -0.165191650390625
-0.170578002929688 0.10308837890625 -0.302886962890625 -0.044158935546875
-0.138702392578125 0.188827514648438 -0.34197998046875 0.156646728515625
-0.13134765625 0.158035278320312 -0.4859619140625 0.129180908203125
-0.0257568359375 -0.00671005249023437 0.452911376953125 -0.19091796875
0.00678253173828125 0.0254974365234375 0.365875244140625 -0.1534423828125
-0.00789976119995117 -0.00255250930786133 0.271392822265625 0.0029144287109375
-0.0196437835693359 -0.00519561767578125 0.201950073242187 0.193527221679687
-0.0118131637573242 -0.00561332702636719 -0.0164947509765625 0.256011962890625
-0.0115833282470703 -0.0213203430175781 -0.256591796875 0.200180053710938
-0.0223388671875 0.00316810607910157 -0.44287109375 0.00967407226562501
-0.0126962661743164 -0.00325298309326172 -0.493438720703125 -0.246368408203125
-0.0115652084350586 -0.000227928161621094 -0.477203369140625 -0.381317138671875
0.00248289108276367 -0.00546360015869141 -0.3699951171875 -0.368988037109375
3.05175781250008E-05 0.0163211822509766 -0.249557495117187 -0.232833862304688
-0.0148248672485352 0.0106954574584961 -0.0925140380859375 -0.145919799804688
0.00649642944335938 0.00257349014282227 0.0299835205078125 -0.20037841796875
0.0327892303466797 0.013031005859375 0.053009033203125 -0.4208984375
0.0135612487792969 -0.0144453048706055 0.0644531249999999 -0.62945556640625
-0.134674072265625 0.17108154296875 0.448577880859375 -0.144622802734375
-0.116500854492187 0.193206787109375 0.370941162109375 -0.103607177734375
-0.163482666015625 0.116836547851563 0.29461669921875 0.025543212890625
-0.193313598632813 0.05596923828125 0.211212158203125 0.211044311523437
-0.19525146484375 -0.014068603515625 0.00520324707031246 0.261306762695313
-0.2193603515625 -0.0842742919921875 -0.23333740234375 0.200759887695312
-0.228866577148438 -0.0933990478515625 -0.41644287109375 0.0148010253906249
-0.180831909179688 -0.137496948242188 -0.463714599609375 -0.2174072265625
-0.173507690429687 -0.158294677734375 -0.45904541015625 -0.350738525390625
-0.153762817382813 -0.1524658203125 -0.365692138671875 -0.33758544921875
-0.150588989257813 -0.10345458984375 -0.24542236328125 -0.21710205078125
-0.191879272460938 -0.0316619873046875 -0.09759521484375 -0.135810852050781
-0.1805419921875 -0.0179595947265625 0.0208282470703125 -0.213043212890625
-0.1536865234375 0.0848846435546875 0.035980224609375 -0.40484619140625
-0.112983703613281 0.129653930664062 0.04278564453125 -0.60821533203125
-0.241241455078125 0.314849853515625 0.41998291015625 -0.04071044921875
-0.2447509765625 0.3232421875 0.361328125 -0.00042724609374998
-0.32073974609375 0.202484130859375 0.314453125 0.07244873046875
-0.359039306640625 0.0836791992187501 0.218231201171875 0.23272705078125
-0.3612060546875 -0.0518493652343751 0.0491180419921875 0.265579223632813
-0.39617919921875 -0.166168212890625 -0.157516479492188 0.200958251953125
-0.397491455078125 -0.1943359375 -0.317840576171875 0.031494140625
-0.324005126953125 -0.254913330078125 -0.361907958984375 -0.15838623046875
-0.325897216796875 -0.281524658203125 -0.379669189453125 -0.28521728515625
-0.316162109375 -0.253326416015625 -0.324188232421875 -0.286224365234375
-0.315216064453125 -0.171112060546875 -0.231216430664063 -0.203125
-0.363555908203125 -0.027801513671875 -0.117401123046875 -0.137916564941406
-0.351287841796875 0.00518798828124999 -0.0243072509765625 -0.23431396484375
-0.30914306640625 0.178863525390625 -0.0208740234375001 -0.37261962890625
-0.214065551757813 0.266738891601563 -0.0289001464843751 -0.539398193359375
-0.324951171875 0.396636962890625 0.359130859375 0.107666015625
-0.361114501953125 0.387939453125 0.3189697265625 0.133758544921875
-0.452056884765625 0.224639892578125 0.311279296875 0.135833740234375
-0.4901123046875 0.0628662109375 0.220809936523437 0.256500244140625
-0.477386474609375 -0.117523193359375 0.112014770507812 0.273284912109375
-0.511962890625 -0.26025390625 -0.0315093994140625 0.213882446289063
-0.502044677734375 -0.28753662109375 -0.156753540039063 0.0678253173828125
-0.422698974609375 -0.336212158203125 -0.206527709960938 -0.0746917724609375
-0.444091796875 -0.34942626953125 -0.245819091796875 -0.204757690429688
-0.460052490234375 -0.285064697265625 -0.235809326171875 -0.231231689453125
-0.458892822265625 -0.1671142578125 -0.204025268554688 -0.2005615234375
-0.489990234375 0.0343017578125 -0.150970458984375 -0.143905639648438
-0.46905517578125 0.073272705078125 -0.0969390869140625 -0.23785400390625
-0.4019775390625 0.285308837890625 -0.1090087890625 -0.2994384765625
-0.274810791015625 0.373626708984375 -0.130706787109375 -0.430999755859375
-0.37152099609375 0.408660888671875 0.269851684570313 0.2733154296875
-0.431610107421875 0.373077392578125 0.23638916015625 0.273086547851563
-0.51947021484375 0.177764892578125 0.267730712890625 0.205520629882813
-0.538909912109375 -0.0011596679687501 0.200942993164062 0.273834228515625
-0.506134033203125 -0.19268798828125 0.17474365234375 0.28826904296875
-0.532257080078125 -0.337982177734375 0.114395141601562 0.247634887695312
-0.51904296875 -0.34552001953125 0.04058837890625 0.133644104003906
-0.458404541015625 -0.368072509765625 -0.0130958557128906 0.0195369720458984
-0.50262451171875 -0.352752685546875 -0.0701980590820313 -0.134712219238281
-0.530609130859375 -0.252532958984375 -0.103408813476563 -0.203292846679688
-0.525543212890625 -0.106201171875 -0.156387329101563 -0.215774536132813
-0.52423095703125 0.115203857421875 -0.184722900390625 -0.14697265625
-0.5030517578125 0.155517578125 -0.178665161132812 -0.207122802734375
-0.416595458984375 0.367706298828125 -0.198257446289063 -0.183334350585937
-0.289520263671875 0.427276611328125 -0.246551513671875 -0.2816162109375
-0.3587646484375 0.35064697265625 0.164215087890625 0.426849365234375
-0.422515869140625 0.294525146484375 0.127899169921875 0.380523681640625
-0.487274169921875 0.0936279296875001 0.187667846679688 0.24664306640625
-0.477996826171875 -0.0664978027343751 0.16143798828125 0.273529052734375
-0.42852783203125 -0.23297119140625 0.21728515625 0.305419921875
-0.4573974609375 -0.36053466796875 0.25 0.29925537109375
-0.454498291015625 -0.348480224609375 0.237319946289062 0.221206665039062
-0.423095703125 -0.3450927734375 0.186325073242187 0.111190795898437
-0.473846435546875 -0.30615234375 0.115394592285156 -0.0875167846679688
-0.501373291015625 -0.186004638671875 0.036773681640625 -0.20635986328125
-0.484619140625 -0.0390625 -0.106353759765625 -0.246780395507812
-0.461151123046875 0.162078857421875 -0.209014892578125 -0.148483276367188
-0.443603515625 0.198822021484375 -0.2442626953125 -0.147369384765625
-0.36016845703125 0.3856201171875 -0.2681884765625 -0.046112060546875
-0.260833740234375 0.41021728515625 -0.35186767578125 -0.115447998046875
-0.283447265625 0.241485595703125 0.064178466796875 0.546630859375
-0.334625244140625 0.19317626953125 0.019927978515625 0.436248779296875
-0.359619140625 0.020599365234375 0.0973663330078125 0.24688720703125
-0.334197998046875 -0.087890625 0.113784790039063 0.2467041015625
-0.28271484375 -0.201507568359375 0.233154296875 0.309814453125
-0.31536865234375 -0.3043212890625 0.34393310546875 0.347900390625
-0.322906494140625 -0.287811279296875 0.39605712890625 0.30609130859375
-0.31939697265625 -0.272216796875 0.358367919921875 0.186126708984375
-0.3660888671875 -0.22979736328125 0.274993896484375 -0.06097412109375
-0.37628173828125 -0.122100830078125 0.149978637695312 -0.22515869140625
-0.357391357421875 -0.00119018554687502 -0.0646820068359375 -0.279525756835938
-0.330352783203125 0.14581298828125 -0.2227783203125 -0.152420043945312
-0.32147216796875 0.177459716796875 -0.2823486328125 -0.085113525390625
-0.2581787109375 0.32110595703125 -0.313079833984375 0.07794189453125
-0.20526123046875 0.314056396484375 -0.430755615234375 0.029388427734375
-0.15863037109375 0.105361938476563 -0.00421142578125 0.62066650390625
-0.1865234375 0.098663330078125 -0.051605224609375 0.4495849609375
-0.182861328125 -0.00898742675781253 0.0308074951171875 0.22088623046875
-0.164215087890625 -0.05120849609375 0.081512451171875 0.2115478515625
-0.127235412597656 -0.104362487792969 0.2320556640625 0.29998779296875
-0.150390625 -0.179428100585938 0.39447021484375 0.375823974609375
-0.156600952148438 -0.168533325195312 0.498260498046875 0.366241455078125
-0.1690673828125 -0.15728759765625 0.477203369140625 0.23370361328125
-0.197586059570312 -0.139404296875 0.383697509765625 -0.04742431640625
-0.193161010742187 -0.070526123046875 0.22235107421875 -0.244110107421875
-0.182693481445313 0.00129699707031247 -0.03875732421875 -0.3038330078125
-0.173004150390625 0.0777740478515625 -0.2320556640625 -0.163223266601563
-0.171371459960938 0.104248046875 -0.305145263671875 -0.04254150390625
-0.137863159179687 0.190811157226563 -0.3426513671875 0.158233642578125
-0.131668090820313 0.159713745117187 -0.488372802734375 0.13275146484375
-0.0266933441162109 -0.00569534301757813 0.454833984375 -0.194091796875
0.00835609436035156 0.0245704650878906 0.36810302734375 -0.15838623046875
-0.00799942016601563 -0.0035848617553711 0.273696899414063 0.0006866455078125
-0.0198993682861328 -0.00493240356445312 0.205780029296875 0.193023681640625
-0.0115156173706055 -0.00603675842285156 -0.0146331787109375 0.257492065429688
-0.0115718841552734 -0.0206813812255859 -0.258209228515625 0.202285766601562
-0.0219764709472656 0.00341987609863281 -0.446929931640625 0.0107421875
-0.0123672485351562 -0.00252532958984375 -0.499481201171875 -0.246734619140625
-0.0119619369506836 1.5258789062501E-05 -0.481903076171875 -0.384521484375
0.00197124481201172 -0.00495767593383789 -0.376007080078125 -0.3687744140625
0.000703811645507811 0.0159730911254883 -0.251907348632813 -0.232330322265625
-0.014927864074707 0.0114822387695312 -0.0938720703125 -0.144622802734375
0.00687170028686523 0.0033411979675293 0.0304107666015625 -0.201614379882813
0.0330486297607422 0.0122718811035156 0.0499267578125 -0.42303466796875
0.0135688781738281 -0.014988899230957 0.06201171875 -0.6343994140625
-0.1356201171875 0.175277709960938 0.449951171875 -0.14984130859375
-0.116241455078125 0.195587158203125 0.37451171875 -0.107269287109375
-0.165359497070313 0.119964599609375 0.298736572265625 0.0234375
-0.194610595703125 0.057586669921875 0.213699340820313 0.210601806640625
-0.195877075195313 -0.0140380859375 0.00643920898437501 0.262466430664063
-0.223159790039063 -0.084991455078125 -0.234634399414063 0.20269775390625
-0.231155395507813 -0.0921478271484375 -0.420745849609375 0.0160217285156251
-0.182403564453125 -0.137069702148438 -0.4688720703125 -0.2164306640625
-0.175567626953125 -0.158294677734375 -0.462982177734375 -0.35076904296875
-0.15557861328125 -0.1529541015625 -0.371978759765625 -0.337127685546875
-0.152694702148438 -0.1041259765625 -0.24835205078125 -0.216064453125
-0.193817138671875 -0.0302734375 -0.0980987548828125 -0.133949279785156
-0.18157958984375 -0.0163421630859375 0.020660400390625 -0.213348388671875
-0.153427124023438 0.0872344970703125 0.03436279296875 -0.407928466796875
-0.11224365234375 0.131828308105469 0.04052734375 -0.61175537109375
-0.239959716796875 0.3204345703125 0.423065185546875 -0.044036865234375
-0.24554443359375 0.327972412109375 0.36444091796875 -0.00512695312499998
-0.322174072265625 0.205352783203125 0.317474365234375 0.0693359375
-0.361602783203125 0.087249755859375 0.224105834960937 0.232025146484375
-0.364837646484375 -0.0506286621093751 0.05145263671875 0.266403198242188
-0.401580810546875 -0.164215087890625 -0.1575927734375 0.202377319335937
-0.401611328125 -0.193450927734375 -0.32037353515625 0.0328369140624999
-0.326873779296875 -0.25494384765625 -0.36639404296875 -0.1571044921875
-0.329864501953125 -0.281341552734375 -0.384796142578125 -0.284210205078125
-0.321075439453125 -0.25469970703125 -0.32769775390625 -0.2855224609375
-0.31829833984375 -0.171844482421875 -0.234130859375 -0.203277587890625
-0.36572265625 -0.0252685546875 -0.118316650390625 -0.138236999511719
-0.354461669921875 0.00729370117187502 -0.02435302734375 -0.235107421875
-0.30987548828125 0.182647705078125 -0.02239990234375 -0.373443603515625
-0.214248657226563 0.26995849609375 -0.03045654296875 -0.54327392578125
-0.326263427734375 0.4049072265625 0.361846923828125 0.107147216796875
-0.358978271484375 0.394439697265625 0.32183837890625 0.13323974609375
-0.45697021484375 0.230133056640625 0.314727783203125 0.1348876953125
-0.49383544921875 0.0658874511718751 0.22540283203125 0.256805419921875
-0.482696533203125 -0.11590576171875 0.114944458007812 0.27435302734375
-0.51898193359375 -0.26031494140625 -0.030975341796875 0.213180541992188
-0.509246826171875 -0.28717041015625 -0.156631469726563 0.0696258544921875
-0.428009033203125 -0.336334228515625 -0.20758056640625 -0.0727691650390625
-0.449920654296875 -0.347869873046875 -0.249847412109375 -0.203399658203125
-0.46441650390625 -0.28570556640625 -0.238861083984375 -0.232131958007813
-0.46295166015625 -0.166259765625 -0.206008911132813 -0.199920654296875
-0.492279052734375 0.0384826660156249 -0.151229858398438 -0.142684936523437
-0.473724365234375 0.07879638671875 -0.0978851318359375 -0.238784790039063
-0.40325927734375 0.290618896484375 -0.11138916015625 -0.300689697265625
-0.273956298828125 0.37774658203125 -0.133880615234375 -0.432708740234375
-0.372650146484375 0.417236328125 0.272140502929688 0.275009155273438
-0.431121826171875 0.3785400390625 0.240676879882813 0.273269653320313
-0.525390625 0.1837158203125 0.270736694335938 0.204559326171875
-0.541748046875 0.00143432617187497 0.20550537109375 0.274246215820313
-0.5113525390625 -0.192047119140625 0.178924560546875 0.28985595703125
-0.54034423828125 -0.3372802734375 0.117721557617187 0.247482299804688
-0.52679443359375 -0.34619140625 0.0420379638671875 0.135391235351562
-0.464599609375 -0.36932373046875 -0.0121994018554688 0.0215034484863281
-0.5091552734375 -0.35260009765625 -0.0715866088867188 -0.133415222167969
-0.537078857421875 -0.252227783203125 -0.105697631835937 -0.2037353515625
-0.52972412109375 -0.1048583984375 -0.15936279296875 -0.214614868164062
-0.52783203125 0.12030029296875 -0.18499755859375 -0.14508056640625
-0.506378173828125 0.161285400390625 -0.1810302734375 -0.206085205078125
-0.41644287109375 0.37481689453125 -0.200439453125 -0.18304443359375
-0.287353515625 0.434234619140625 -0.249755859375 -0.28167724609375
-0.36053466796875 0.357696533203125 0.1678466796875 0.432098388671875
-0.424774169921875 0.300079345703125 0.130859375 0.38299560546875
-0.49346923828125 0.0972290039062499 0.190582275390625 0.246780395507812
-0.4820556640625 -0.06365966796875 0.162612915039062 0.274734497070312
-0.4344482421875 -0.23358154296875 0.21923828125 0.305633544921875
-0.464447021484375 -0.360931396484375 0.25408935546875 0.2998046875
-0.460693359375 -0.348846435546875 0.240249633789062 0.222320556640625
-0.427459716796875 -0.345855712890625 0.18890380859375 0.112762451171875
-0.481414794921875 -0.30615234375 0.115959167480469 -0.0870132446289063
-0.50750732421875 -0.18414306640625 0.0358428955078125 -0.207122802734375
-0.48919677734375 -0.037078857421875 -0.107650756835938 -0.246734619140625
-0.465423583984375 0.167236328125 -0.21044921875 -0.146957397460938
-0.44732666015625 0.204345703125 -0.246826171875 -0.146209716796875
-0.3602294921875 0.392852783203125 -0.26983642578125 -0.0445404052734375
-0.259857177734375 0.415924072265625 -0.35455322265625 -0.114593505859375
-0.28485107421875 0.2451171875 0.067626953125 0.5499267578125
-0.33563232421875 0.196624755859375 0.0230712890625 0.43927001953125
-0.36383056640625 0.0233154296875 0.0990142822265625 0.247390747070313
-0.337921142578125 -0.0859680175781251 0.11474609375 0.248931884765625
-0.287322998046875 -0.200927734375 0.234588623046875 0.309600830078125
-0.320526123046875 -0.305938720703125 0.348541259765625 0.34857177734375
-0.328277587890625 -0.285919189453125 0.4005126953125 0.307220458984375
-0.323974609375 -0.271484375 0.363037109375 0.1868896484375
-0.37017822265625 -0.22882080078125 0.27703857421875 -0.0620269775390625
-0.380523681640625 -0.12127685546875 0.150390625 -0.225845336914063
-0.36077880859375 -0.000274658203124934 -0.0655670166015625 -0.279937744140625
-0.332672119140625 0.15020751953125 -0.2252197265625 -0.151107788085938
-0.3245849609375 0.181884765625 -0.286102294921875 -0.083953857421875
-0.258514404296875 0.326263427734375 -0.314697265625 0.080352783203125
-0.20404052734375 0.318450927734375 -0.4332275390625 0.0334777832031251
-0.158599853515625 0.107925415039063 -0.00177001953125007 0.625
-0.18756103515625 0.10052490234375 -0.049835205078125 0.45355224609375
-0.184478759765625 -0.00776672363281254 0.03118896484375 0.221588134765625
-0.16558837890625 -0.0507659912109375 0.0821685791015625 0.212661743164063
-0.128128051757813 -0.10418701171875 0.233673095703125 0.29913330078125
-0.154022216796875 -0.17987060546875 0.400970458984375 0.37615966796875
-0.158966064453125 -0.169281005859375 0.503997802734375 0.364013671875
-0.171951293945313 -0.157867431640625 0.483306884765625 0.233489990234375
-0.200531005859375 -0.13848876953125 0.387176513671875 -0.050140380859375
-0.195098876953125 -0.069793701171875 0.222824096679688 -0.24542236328125
-0.185653686523437 0.00115966796875003 -0.04034423828125 -0.305084228515625
-0.174789428710937 0.079803466796875 -0.2342529296875 -0.162628173828125
-0.1722412109375 0.106460571289063 -0.307525634765625 -0.04046630859375
-0.137893676757813 0.193359375 -0.3441162109375 0.16314697265625
-0.131317138671875 0.16259765625 -0.48858642578125 0.135772705078125
-0.027313232421875 -0.00549507141113282 0.4556884765625 -0.2005615234375
0.00872802734375 0.0252857208251953 0.370452880859375 -0.162994384765625
-0.00681972503662109 -0.00390625 0.275360107421875 -0.00299072265625
-0.0201683044433594 -0.00494956970214844 0.208877563476563 0.192718505859375
-0.0113306045532227 -0.00665378570556641 -0.01348876953125 0.259307861328125
-0.0122756958007812 -0.0212898254394531 -0.259384155273438 0.20501708984375
-0.0223121643066406 0.00470352172851563 -0.4522705078125 0.0142517089843751
-0.0125112533569336 -0.00250339508056641 -0.506805419921875 -0.245330810546875
-0.0119199752807617 0.00036907196044922 -0.489715576171875 -0.38470458984375
0.00214433670043945 -0.00602102279663086 -0.3809814453125 -0.3690185546875
0.000313758850097656 0.0152730941772461 -0.255935668945313 -0.231552124023438
-0.0139636993408203 0.0118694305419922 -0.096038818359375 -0.144271850585938
0.00660419464111328 0.00344610214233398 0.0292816162109375 -0.202362060546875
0.0345096588134766 0.0120391845703125 0.04827880859375 -0.427337646484375
0.0137901306152344 -0.0149412155151367 0.0587158203125001 -0.64044189453125
-0.135665893554688 0.177993774414063 0.45184326171875 -0.15472412109375
-0.11480712890625 0.19818115234375 0.376434326171875 -0.111358642578125
-0.1654052734375 0.122207641601562 0.300506591796875 0.01959228515625
-0.196060180664063 0.059112548828125 0.218231201171875 0.210174560546875
-0.198471069335938 -0.0128936767578125 0.0088043212890625 0.263717651367187
-0.225540161132813 -0.0831146240234375 -0.236190795898437 0.20538330078125
-0.23468017578125 -0.0914611816406249 -0.42474365234375 0.0194702148437499
-0.184402465820313 -0.136001586914063 -0.475616455078125 -0.215850830078125
-0.179641723632813 -0.157150268554688 -0.471282958984375 -0.35076904296875
-0.158676147460937 -0.152206420898438 -0.376068115234375 -0.337890625
-0.15362548828125 -0.103561401367188 -0.250991821289063 -0.215194702148437
-0.195404052734375 -0.029693603515625 -0.0999908447265625 -0.134437561035156
-0.1834716796875 -0.0146484375 0.019622802734375 -0.21441650390625
-0.154373168945313 0.0887451171875 0.031890869140625 -0.412445068359375
-0.112030029296875 0.133712768554688 0.036376953125 -0.61865234375
-0.240997314453125 0.326690673828125 0.425537109375 -0.0477294921875
-0.2442626953125 0.332611083984375 0.3670654296875 -0.00869750976562498
-0.323883056640625 0.210662841796875 0.321502685546875 0.06695556640625
-0.36517333984375 0.09002685546875 0.227386474609375 0.232406616210938
-0.369476318359375 -0.048919677734375 0.0543975830078125 0.267578125
-0.407379150390625 -0.16253662109375 -0.15777587890625 0.20489501953125
-0.406982421875 -0.1917724609375 -0.32257080078125 0.035675048828125
-0.33074951171875 -0.25372314453125 -0.371490478515625 -0.15625
-0.3353271484375 -0.281585693359375 -0.39105224609375 -0.284820556640625
-0.325164794921875 -0.255401611328125 -0.332489013671875 -0.286285400390625
-0.322235107421875 -0.17095947265625 -0.236740112304688 -0.201522827148437
-0.369110107421875 -0.0209045410156249 -0.119438171386719 -0.136985778808594
-0.358245849609375 0.0109252929687501 -0.02569580078125 -0.236083984375
-0.31036376953125 0.1868896484375 -0.024993896484375 -0.376556396484375
-0.213180541992188 0.27313232421875 -0.03411865234375 -0.549041748046875
-0.32623291015625 0.412445068359375 0.36578369140625 0.10546875
-0.36151123046875 0.400115966796875 0.32562255859375 0.129852294921875
-0.459228515625 0.235626220703125 0.31866455078125 0.1331787109375
-0.4974365234375 0.0709228515625001 0.229156494140625 0.256561279296875
-0.488037109375 -0.11383056640625 0.1195068359375 0.274566650390625
-0.527557373046875 -0.25933837890625 -0.029266357421875 0.214675903320312
-0.51629638671875 -0.284271240234375 -0.157684326171875 0.0726013183593749
-0.43304443359375 -0.3359375 -0.210464477539063 -0.0711517333984375
-0.457611083984375 -0.347991943359375 -0.254058837890625 -0.203872680664063
-0.47198486328125 -0.285552978515625 -0.242385864257813 -0.232696533203125
-0.4693603515625 -0.163848876953125 -0.20849609375 -0.198593139648438
-0.497039794921875 0.042755126953125 -0.152252197265625 -0.142562866210938
-0.47857666015625 0.0839233398437501 -0.100326538085938 -0.238632202148438
-0.404022216796875 0.29718017578125 -0.113800048828125 -0.30047607421875
-0.272674560546875 0.383636474609375 -0.136993408203125 -0.434356689453125
-0.370880126953125 0.425537109375 0.277206420898438 0.275833129882813
-0.430908203125 0.3848876953125 0.244277954101563 0.273666381835938
-0.529205322265625 0.1898193359375 0.274856567382813 0.203506469726563
-0.54754638671875 0.00598144531250011 0.208786010742188 0.275527954101563
-0.517913818359375 -0.189788818359375 0.1822509765625 0.290618896484375
-0.549468994140625 -0.33709716796875 0.1204833984375 0.247344970703125
-0.535736083984375 -0.34344482421875 0.0435943603515625 0.137298583984375
-0.469482421875 -0.36859130859375 -0.011861801147461 0.0233612060546875
-0.51580810546875 -0.35052490234375 -0.0731658935546875 -0.133857727050781
-0.544464111328125 -0.24920654296875 -0.107223510742188 -0.203475952148438
-0.536468505859375 -0.10235595703125 -0.161605834960938 -0.214706420898437
-0.53240966796875 0.1253662109375 -0.18609619140625 -0.143814086914063
-0.5107421875 0.167572021484375 -0.183837890625 -0.205810546875
-0.417236328125 0.381591796875 -0.203598022460938 -0.182220458984375
-0.28619384765625 0.43963623046875 -0.25274658203125 -0.281524658203125
-0.359832763671875 0.366302490234375 0.17205810546875 0.43487548828125
-0.4268798828125 0.306121826171875 0.1336669921875 0.3853759765625
-0.496063232421875 0.10443115234375 0.193359375 0.24664306640625
-0.487060546875 -0.061187744140625 0.166900634765625 0.275360107421875
-0.4400634765625 -0.2313232421875 0.223541259765625 0.306243896484375
-0.472900390625 -0.361328125 0.257476806640625 0.29901123046875
-0.4688720703125 -0.348480224609375 0.244094848632813 0.222885131835938
-0.43426513671875 -0.344970703125 0.192184448242187 0.113677978515625
-0.4881591796875 -0.305877685546875 0.117012023925781 -0.0877685546875
-0.5123291015625 -0.18243408203125 0.034088134765625 -0.209060668945313
-0.49468994140625 -0.034576416015625 -0.109634399414063 -0.246826171875
-0.46826171875 0.171783447265625 -0.21221923828125 -0.145156860351563
-0.450164794921875 0.20989990234375 -0.250213623046875 -0.144729614257812
-0.358489990234375 0.4007568359375 -0.27142333984375 -0.0418701171875
-0.258941650390625 0.421844482421875 -0.355743408203125 -0.112335205078125
-0.284820556640625 0.25006103515625 0.07086181640625 0.555938720703125
-0.337310791015625 0.19976806640625 0.0245361328125 0.443115234375
-0.368560791015625 0.027374267578125 0.101150512695312 0.249313354492188
-0.341705322265625 -0.0858154296875 0.116958618164062 0.249526977539062
-0.291259765625 -0.201202392578125 0.239654541015625 0.31048583984375
-0.326507568359375 -0.3067626953125 0.354461669921875 0.34814453125
-0.33453369140625 -0.286163330078125 0.408538818359375 0.308013916015625
-0.329742431640625 -0.270660400390625 0.368072509765625 0.188629150390625
-0.376251220703125 -0.22998046875 0.279388427734375 -0.062896728515625
-0.38531494140625 -0.11907958984375 0.149688720703125 -0.228469848632813
-0.3634033203125 0.00177001953125 -0.0679931640625 -0.280914306640625
-0.3359375 0.153778076171875 -0.227157592773438 -0.149688720703125
-0.325927734375 0.1871337890625 -0.289398193359375 -0.08111572265625
-0.2572021484375 0.332855224609375 -0.31488037109375 0.0838317871093751
-0.20245361328125 0.3233642578125 -0.4354248046875 0.0381469726562501
-0.159286499023438 0.11077880859375 0.00286865234375006 0.63134765625
-0.188552856445313 0.104583740234375 -0.0465087890625001 0.456878662109375
-0.186172485351563 -0.00579833984375001 0.0319671630859375 0.223587036132813
-0.16693115234375 -0.0489044189453125 0.0836181640625 0.213348388671875
-0.1304931640625 -0.104301452636719 0.238372802734375 0.299957275390625
-0.158676147460938 -0.180160522460937 0.40606689453125 0.37579345703125
-0.162857055664063 -0.168914794921875 0.5130615234375 0.3670654296875
-0.175704956054687 -0.157821655273438 0.490386962890625 0.233978271484375
-0.203720092773437 -0.139190673828125 0.391265869140625 -0.050933837890625
-0.1976318359375 -0.06842041015625 0.22283935546875 -0.248489379882813
-0.186264038085938 0.00209045410156253 -0.04248046875 -0.30633544921875
-0.1756591796875 0.082244873046875 -0.237869262695313 -0.160675048828125
-0.173309326171875 0.110198974609375 -0.310150146484375 -0.03741455078125
-0.136474609375 0.196884155273438 -0.34515380859375 0.16656494140625
-0.13153076171875 0.164566040039063 -0.491241455078125 0.140167236328125
-0.0267143249511719 -0.00487327575683593 0.458892822265625 -0.206939697265625
0.0104827880859375 0.0253582000732422 0.370941162109375 -0.170654296875
-0.00728416442871094 -0.00412988662719726 0.276641845703125 -0.006103515625
-0.020416259765625 -0.00333213806152344 0.212356567382812 0.188858032226562
-0.0118618011474609 -0.00586605072021485 -0.0127716064453125 0.261627197265625
-0.0135154724121094 -0.0201129913330078 -0.260269165039063 0.2103271484375
-0.0210208892822266 0.00484848022460937 -0.45538330078125 0.0184020996093751
-0.0121822357177734 -0.00113010406494141 -0.514801025390625 -0.244354248046875
-0.0131158828735352 0.000731468200683594 -0.498779296875 -0.3837890625
0.000896930694580078 -0.00604915618896484 -0.38568115234375 -0.37060546875
0.00102806091308594 0.015167236328125 -0.260406494140625 -0.232330322265625
-0.0132083892822266 0.0129728317260742 -0.09698486328125 -0.144454956054688
0.0068817138671875 0.00330829620361328 0.0291290283203125 -0.20245361328125
0.0349788665771484 0.0108299255371094 0.0457763671875 -0.431884765625
0.014491081237793 -0.0158367156982422 0.0518798828125001 -0.6463623046875
-0.135589599609375 0.183135986328125 0.4541015625 -0.160308837890625
-0.1134033203125 0.199691772460938 0.37689208984375 -0.118377685546875
-0.166488647460937 0.124481201171875 0.30291748046875 0.01593017578125
-0.197372436523437 0.0624237060546875 0.223037719726563 0.20794677734375
-0.200790405273438 -0.01141357421875 0.0118865966796875 0.265792846679688
-0.22991943359375 -0.0818939208984375 -0.237167358398438 0.207748413085938
-0.235992431640625 -0.0894927978515625 -0.42919921875 0.0225830078125
-0.185165405273437 -0.13543701171875 -0.48272705078125 -0.21502685546875
-0.184326171875 -0.158294677734375 -0.478240966796875 -0.351165771484375
-0.161956787109375 -0.15216064453125 -0.3824462890625 -0.33740234375
-0.154388427734375 -0.104660034179688 -0.255844116210937 -0.21417236328125
-0.196502685546875 -0.0268402099609375 -0.0997238159179688 -0.132919311523438
-0.185928344726563 -0.0116729736328125 0.018798828125 -0.214035034179688
-0.15374755859375 0.091400146484375 0.0301208496093749 -0.41424560546875
-0.109573364257813 0.136459350585938 0.03240966796875 -0.625244140625
-0.23919677734375 0.33453369140625 0.4287109375 -0.0511474609375
-0.241790771484375 0.33837890625 0.368682861328125 -0.013763427734375
-0.3262939453125 0.215240478515625 0.32550048828125 0.06414794921875
-0.367828369140625 0.0942687988281249 0.231857299804687 0.231369018554688
-0.37353515625 -0.045928955078125 0.0567474365234375 0.267059326171875
-0.414703369140625 -0.16143798828125 -0.157669067382813 0.207443237304687
-0.411865234375 -0.189056396484375 -0.3253173828125 0.038818359375
-0.334686279296875 -0.253143310546875 -0.377349853515625 -0.15289306640625
-0.340362548828125 -0.28253173828125 -0.396453857421875 -0.284912109375
-0.332550048828125 -0.254150390625 -0.337677001953125 -0.28533935546875
-0.326446533203125 -0.171661376953125 -0.241241455078125 -0.200531005859375
-0.373199462890625 -0.017547607421875 -0.121147155761719 -0.136116027832031
-0.360870361328125 0.01629638671875 -0.0273895263671875 -0.237823486328125
-0.3111572265625 0.191070556640625 -0.027679443359375 -0.37774658203125
-0.212387084960938 0.278167724609375 -0.0397033691406251 -0.552734375
-0.325286865234375 0.4215087890625 0.36932373046875 0.10235595703125
-0.360321044921875 0.40826416015625 0.3294677734375 0.126708984375
-0.46185302734375 0.24188232421875 0.32281494140625 0.1302490234375
-0.501861572265625 0.0765686035156249 0.233200073242187 0.256881713867188
-0.495880126953125 -0.1107177734375 0.123016357421875 0.27386474609375
-0.53448486328125 -0.256317138671875 -0.028533935546875 0.217010498046875
-0.525054931640625 -0.28167724609375 -0.158416748046875 0.0739898681640625
-0.4384765625 -0.33624267578125 -0.21319580078125 -0.0688018798828125
-0.465972900390625 -0.346649169921875 -0.258148193359375 -0.203536987304688
-0.478363037109375 -0.28448486328125 -0.246017456054688 -0.231201171875
-0.476348876953125 -0.161468505859375 -0.210800170898438 -0.19696044921875
-0.50164794921875 0.0480651855468751 -0.154922485351563 -0.13934326171875
-0.482635498046875 0.0896606445312501 -0.103302001953125 -0.239303588867188
-0.402862548828125 0.305328369140625 -0.11602783203125 -0.302001953125
-0.271209716796875 0.389617919921875 -0.142730712890625 -0.43731689453125
-0.37139892578125 0.433807373046875 0.280014038085938 0.275833129882812
-0.43145751953125 0.39202880859375 0.248123168945312 0.27239990234375
-0.533172607421875 0.1971435546875 0.279373168945312 0.20166015625
-0.551544189453125 0.01055908203125 0.21405029296875 0.276046752929688
-0.523956298828125 -0.187744140625 0.1868896484375 0.291046142578125
-0.559051513671875 -0.33575439453125 0.123886108398437 0.245880126953125
-0.544342041015625 -0.342010498046875 0.0446624755859375 0.138481140136719
-0.47674560546875 -0.3662109375 -0.0116901397705078 0.0251598358154297
-0.52520751953125 -0.350067138671875 -0.075042724609375 -0.132698059082031
-0.550811767578125 -0.248443603515625 -0.1094970703125 -0.20550537109375
-0.54315185546875 -0.10052490234375 -0.163558959960938 -0.214019775390625
-0.537384033203125 0.13372802734375 -0.188278198242188 -0.141632080078125
-0.514068603515625 0.173828125 -0.187515258789063 -0.204391479492187
-0.415313720703125 0.390838623046875 -0.205062866210938 -0.18206787109375
-0.283447265625 0.445953369140625 -0.255859375 -0.28277587890625
-0.35992431640625 0.373748779296875 0.176177978515625 0.436798095703125
-0.42633056640625 0.3133544921875 0.138427734375 0.3873291015625
-0.500091552734375 0.108551025390625 0.197357177734375 0.246490478515625
-0.492401123046875 -0.056610107421875 0.169113159179687 0.277008056640625
-0.4468994140625 -0.229583740234375 0.22833251953125 0.30572509765625
-0.480621337890625 -0.359161376953125 0.263702392578125 0.2977294921875
-0.4775390625 -0.346282958984375 0.24920654296875 0.223602294921875
-0.43939208984375 -0.344451904296875 0.195648193359375 0.115234375
-0.496246337890625 -0.304290771484375 0.117050170898437 -0.0874404907226563
-0.519805908203125 -0.179412841796875 0.032745361328125 -0.210922241210938
-0.4989013671875 -0.0304260253906249 -0.111801147460938 -0.246444702148438
-0.4718017578125 0.17877197265625 -0.214630126953125 -0.142913818359375
-0.45233154296875 0.218048095703125 -0.253311157226562 -0.1429443359375
-0.357574462890625 0.408782958984375 -0.274444580078125 -0.0390930175781249
-0.256622314453125 0.428497314453125 -0.358673095703125 -0.11004638671875
-0.285186767578125 0.256561279296875 0.0769958496093749 0.56103515625
-0.33770751953125 0.2060546875 0.027862548828125 0.447784423828125
-0.370635986328125 0.029449462890625 0.104232788085937 0.249343872070312
-0.344329833984375 -0.0830993652343749 0.119918823242187 0.249603271484375
-0.29583740234375 -0.20025634765625 0.245025634765625 0.3096923828125
-0.3333740234375 -0.305877685546875 0.360107421875 0.346435546875
-0.34185791015625 -0.285003662109375 0.415740966796875 0.306549072265625
-0.333953857421875 -0.269500732421875 0.374267578125 0.186981201171875
-0.38177490234375 -0.227294921875 0.28314208984375 -0.063873291015625
-0.38958740234375 -0.117889404296875 0.149063110351562 -0.230621337890625
-0.3668212890625 0.0047607421875 -0.07061767578125 -0.280349731445312
-0.33868408203125 0.158935546875 -0.230819702148438 -0.1480712890625
-0.328277587890625 0.193450927734375 -0.29315185546875 -0.077789306640625
-0.255828857421875 0.3388671875 -0.31719970703125 0.088531494140625
-0.201171875 0.32861328125 -0.438385009765625 0.0426330566406249
-0.160354614257813 0.112945556640625 0.00805664062500005 0.63519287109375
-0.189208984375 0.106582641601563 -0.042266845703125 0.46240234375
-0.187835693359375 -0.00311279296875001 0.0335845947265625 0.224472045898438
-0.16986083984375 -0.0478515625 0.0864715576171875 0.214767456054688
-0.133094787597656 -0.104499816894531 0.243408203125 0.2996826171875
-0.162445068359375 -0.179672241210937 0.41290283203125 0.3748779296875
-0.166244506835937 -0.167861938476562 0.521087646484375 0.36590576171875
-0.177780151367187 -0.157333374023438 0.498504638671875 0.233245849609375
-0.20654296875 -0.137496948242188 0.3946533203125 -0.053558349609375
-0.199325561523437 -0.0676116943359375 0.222808837890625 -0.25213623046875
-0.188262939453125 0.00437927246093747 -0.04510498046875 -0.3074951171875
-0.177734375 0.0855255126953125 -0.240509033203125 -0.1588134765625
-0.173995971679688 0.113067626953125 -0.3134765625 -0.033905029296875
-0.135208129882812 0.200637817382813 -0.346466064453125 0.1732177734375
-0.131546020507812 0.16668701171875 -0.492645263671875 0.14630126953125
-0.0275497436523438 -0.00309944152832032 0.457122802734375 -0.21484375
0.0107975006103516 0.0247421264648438 0.371307373046875 -0.176971435546875
-0.00729465484619141 -0.00306224822998047 0.279983520507812 -0.0119476318359375
-0.0195732116699219 -0.00445938110351563 0.216323852539062 0.18743896484375
-0.0105743408203125 -0.00673770904541016 -0.00918579101562502 0.264068603515625
-0.0126914978027344 -0.020965576171875 -0.261489868164063 0.213333129882812
-0.0211200714111328 0.00443267822265625 -0.46038818359375 0.02264404296875
-0.0123062133789063 -0.00135421752929688 -0.521270751953125 -0.24163818359375
-0.0130071640014648 0.00252342224121094 -0.5081787109375 -0.38555908203125
0.00149822235107422 -0.00553750991821289 -0.394622802734375 -0.36871337890625
0.00156688690185547 0.0152435302734375 -0.264068603515625 -0.228912353515625
-0.0133762359619141 0.0134334564208984 -0.0998077392578125 -0.144119262695313
0.00737285614013672 0.00316333770751953 0.0293121337890625 -0.20458984375
0.0358238220214844 0.0100021362304688 0.03985595703125 -0.43487548828125
0.013859748840332 -0.0150966644287109 0.0475463867187499 -0.6522216796875
-0.134185791015625 0.186508178710938 0.45654296875 -0.167633056640625
-0.1121826171875 0.2042236328125 0.378875732421875 -0.1248779296875
-0.166961669921875 0.128173828125 0.30560302734375 0.011199951171875
-0.197036743164062 0.065582275390625 0.228195190429687 0.206512451171875
-0.202987670898438 -0.010406494140625 0.0164031982421875 0.268310546875
-0.234603881835937 -0.0785980224609375 -0.23681640625 0.212249755859375
-0.238510131835938 -0.0877227783203125 -0.433013916015625 0.0272216796874999
-0.188385009765625 -0.135467529296875 -0.48980712890625 -0.211151123046875
-0.186004638671875 -0.156997680664063 -0.486572265625 -0.349822998046875
-0.165267944335937 -0.153350830078125 -0.388946533203125 -0.33526611328125
-0.158447265625 -0.102508544921875 -0.258987426757813 -0.211669921875
-0.198471069335937 -0.02496337890625 -0.100494384765625 -0.132781982421875
-0.185089111328125 -0.00915527343750001 0.0169830322265625 -0.216262817382813
-0.154556274414063 0.093658447265625 0.025726318359375 -0.418487548828125
-0.110939025878906 0.138420104980469 0.0272216796875 -0.62939453125
-0.238006591796875 0.343475341796875 0.432769775390625 -0.057342529296875
-0.2403564453125 0.344970703125 0.373779296875 -0.01910400390625
-0.32745361328125 0.221893310546875 0.328857421875 0.059722900390625
-0.371185302734375 0.100067138671875 0.237594604492187 0.229278564453125
-0.3778076171875 -0.0433349609375 0.0596923828125 0.269577026367188
-0.419525146484375 -0.15802001953125 -0.157608032226563 0.209030151367187
-0.41961669921875 -0.185791015625 -0.327667236328125 0.04290771484375
-0.341094970703125 -0.253021240234375 -0.384246826171875 -0.15093994140625
-0.34765625 -0.279754638671875 -0.403045654296875 -0.2821044921875
-0.338775634765625 -0.253143310546875 -0.34368896484375 -0.286163330078125
-0.3326416015625 -0.1683349609375 -0.245452880859375 -0.197784423828125
-0.374908447265625 -0.0140991210937499 -0.123039245605469 -0.134796142578125
-0.3642578125 0.0220031738281249 -0.029541015625 -0.238906860351563
-0.30938720703125 0.19818115234375 -0.03228759765625 -0.381011962890625
-0.210479736328125 0.282196044921875 -0.0475769042968751 -0.557708740234375
-0.322662353515625 0.429229736328125 0.372589111328125 0.1004638671875
-0.359039306640625 0.415283203125 0.333526611328125 0.124359130859375
-0.466094970703125 0.2503662109375 0.32763671875 0.12542724609375
-0.5050048828125 0.0824279785156249 0.239334106445312 0.255401611328125
-0.49969482421875 -0.106658935546875 0.127685546875 0.274658203125
-0.54638671875 -0.252349853515625 -0.026641845703125 0.216384887695313
-0.53173828125 -0.278778076171875 -0.159027099609375 0.0758972167968749
-0.444427490234375 -0.33251953125 -0.215789794921875 -0.0656280517578126
-0.4752197265625 -0.345947265625 -0.26214599609375 -0.200088500976562
-0.487823486328125 -0.280364990234375 -0.251876831054688 -0.230850219726563
-0.47998046875 -0.15924072265625 -0.214584350585938 -0.195541381835938
-0.506195068359375 0.056243896484375 -0.154266357421875 -0.13800048828125
-0.4857177734375 0.097381591796875 -0.106903076171875 -0.237777709960938
-0.402191162109375 0.31219482421875 -0.121673583984375 -0.303466796875
-0.267669677734375 0.397003173828125 -0.147705078125 -0.439849853515625
-0.36871337890625 0.442962646484375 0.285064697265625 0.276397705078125
-0.429534912109375 0.401397705078125 0.253631591796875 0.271957397460938
-0.53680419921875 0.2060546875 0.28399658203125 0.200927734375
-0.5565185546875 0.0187988281250001 0.217926025390625 0.275314331054688
-0.533843994140625 -0.182769775390625 0.19091796875 0.290191650390625
-0.57012939453125 -0.33245849609375 0.127334594726562 0.24627685546875
-0.5528564453125 -0.3369140625 0.0473480224609375 0.139869689941406
-0.483489990234375 -0.3642578125 -0.0111160278320313 0.0263271331787109
-0.534698486328125 -0.347991943359375 -0.0763092041015625 -0.132591247558594
-0.558837890625 -0.243804931640625 -0.11358642578125 -0.2047119140625
-0.548187255859375 -0.0949096679687501 -0.167068481445313 -0.21221923828125
-0.538848876953125 0.140350341796875 -0.190536499023438 -0.139678955078125
-0.5174560546875 0.184417724609375 -0.191085815429688 -0.204376220703125
-0.41473388671875 0.40069580078125 -0.208938598632813 -0.18170166015625
-0.280548095703125 0.45440673828125 -0.26123046875 -0.281890869140625
-0.3592529296875 0.382232666015625 0.182403564453125 0.439117431640625
-0.425537109375 0.321990966796875 0.14349365234375 0.388885498046875
-0.50384521484375 0.1163330078125 0.202407836914062 0.24652099609375
-0.497955322265625 -0.0512084960937499 0.173370361328125 0.276458740234375
-0.453765869140625 -0.226287841796875 0.234527587890625 0.305023193359375
-0.491790771484375 -0.357940673828125 0.268646240234375 0.29638671875
-0.486572265625 -0.343109130859375 0.254653930664062 0.222442626953125
-0.448089599609375 -0.34197998046875 0.199325561523437 0.114852905273437
-0.50396728515625 -0.2999267578125 0.117385864257812 -0.0891494750976563
-0.52783203125 -0.175537109375 0.0305023193359375 -0.212310791015625
-0.5048828125 -0.0254516601562499 -0.114517211914063 -0.246017456054687
-0.47357177734375 0.186859130859375 -0.215911865234375 -0.140533447265625
-0.45501708984375 0.225555419921875 -0.257537841796875 -0.138687133789062
-0.35357666015625 0.416168212890625 -0.276443481445313 -0.0350036621093749
-0.25286865234375 0.435791015625 -0.3629150390625 -0.1072998046875
-0.284942626953125 0.261627197265625 0.08233642578125 0.5653076171875
-0.33880615234375 0.212127685546875 0.0335693359375 0.450836181640625
-0.37457275390625 0.0373840332031251 0.108612060546875 0.25018310546875
-0.349395751953125 -0.0798034667968751 0.12261962890625 0.250869750976563
-0.302001953125 -0.198883056640625 0.25091552734375 0.310272216796875
-0.34100341796875 -0.303863525390625 0.36712646484375 0.3443603515625
-0.34686279296875 -0.281768798828125 0.42303466796875 0.30517578125
-0.339599609375 -0.26806640625 0.381378173828125 0.187408447265625
-0.386993408203125 -0.224517822265625 0.28460693359375 -0.066741943359375
-0.395782470703125 -0.11468505859375 0.148223876953125 -0.235031127929688
-0.37060546875 0.00924682617187505 -0.0746765136718751 -0.282257080078125
-0.33966064453125 0.16448974609375 -0.230804443359375 -0.143905639648438
-0.330108642578125 0.200103759765625 -0.295257568359375 -0.074188232421875
-0.25250244140625 0.345672607421875 -0.31817626953125 0.093017578125
-0.198577880859375 0.334136962890625 -0.440277099609375 0.047698974609375
-0.160736083984375 0.116241455078125 0.01611328125 0.6439208984375
-0.189224243164063 0.109893798828125 -0.039215087890625 0.466888427734375
-0.190719604492188 -0.000793457031249985 0.03546142578125 0.226547241210938
-0.171173095703125 -0.0457305908203125 0.087066650390625 0.216751098632813
-0.135292053222656 -0.103179931640625 0.247802734375 0.299896240234375
-0.165878295898438 -0.179412841796875 0.419891357421875 0.37322998046875
-0.170425415039063 -0.167144775390625 0.5303955078125 0.362762451171875
-0.1807861328125 -0.155502319335937 0.50677490234375 0.2313232421875
-0.210235595703125 -0.13519287109375 0.398223876953125 -0.05633544921875
-0.203460693359375 -0.0661468505859375 0.22216796875 -0.255462646484375
-0.189865112304688 0.00645446777343752 -0.0489501953125 -0.308258056640625
-0.178634643554688 0.0888214111328125 -0.243865966796875 -0.156097412109375
-0.1741943359375 0.116943359375 -0.31658935546875 -0.0302429199218749
-0.132858276367187 0.203643798828125 -0.345855712890625 0.178497314453125
-0.129547119140625 0.170700073242188 -0.494232177734375 0.15423583984375
-0.0279750823974609 -0.00281333923339844 0.457489013671875 -0.223876953125
0.0112667083740234 0.0237960815429688 0.371826171875 -0.18585205078125
-0.00735235214233398 -0.00355958938598633 0.28106689453125 -0.0169219970703125
-0.0203857421875 -0.00439453125 0.221435546875 0.1846923828125
-0.011509895324707 -0.00788402557373047 -0.00546264648437499 0.264297485351563
-0.0133228302001953 -0.0196342468261719 -0.26177978515625 0.218475341796875
-0.0208148956298828 0.00392723083496094 -0.464752197265625 0.028472900390625
-0.0107021331787109 -0.00108146667480469 -0.530975341796875 -0.238006591796875
-0.0137615203857422 0.00349044799804688 -0.518890380859375 -0.380096435546875
0.00138998031616211 -0.00523948669433594 -0.401947021484375 -0.367034912109375
0.00151920318603516 0.0152797698974609 -0.268157958984375 -0.225662231445312
-0.0136508941650391 0.013911247253418 -0.100494384765625 -0.141845703125
0.0082707405090332 0.00366830825805664 0.0271453857421875 -0.20538330078125
0.036865234375 0.009124755859375 0.035552978515625 -0.43707275390625
0.0122175216674805 -0.0148801803588867 0.03961181640625 -0.6572265625
-0.131576538085938 0.191253662109375 0.457275390625 -0.174957275390625
-0.10931396484375 0.207366943359375 0.381591796875 -0.130584716796875
-0.166351318359375 0.130569458007813 0.30889892578125 0.00625610351562501
-0.198333740234375 0.0686798095703125 0.230606079101563 0.2039794921875
-0.204666137695313 -0.00720214843749998 0.017181396484375 0.267364501953125
-0.236907958984375 -0.0775604248046875 -0.238601684570313 0.217529296875
-0.24072265625 -0.086151123046875 -0.4371337890625 0.0331115722656249
-0.191696166992187 -0.133941650390625 -0.496307373046875 -0.20654296875
-0.191314697265625 -0.155471801757812 -0.496612548828125 -0.34808349609375
-0.169464111328125 -0.15277099609375 -0.3966064453125 -0.335113525390625
-0.161346435546875 -0.102981567382813 -0.2633056640625 -0.210830688476563
-0.19989013671875 -0.020355224609375 -0.104240417480469 -0.130355834960938
-0.188461303710938 -0.00576782226562497 0.0171661376953125 -0.218490600585938
-0.1533203125 0.0964813232421875 0.02056884765625 -0.421112060546875
-0.108428955078125 0.1405029296875 0.01763916015625 -0.63433837890625
-0.23504638671875 0.34906005859375 0.43365478515625 -0.0633544921875
-0.238128662109375 0.350738525390625 0.375457763671875 -0.02447509765625
-0.326995849609375 0.229339599609375 0.332244873046875 0.05462646484375
-0.371185302734375 0.10552978515625 0.24285888671875 0.227783203125
-0.38153076171875 -0.03863525390625 0.0642547607421875 0.270584106445313
-0.427276611328125 -0.15533447265625 -0.156753540039063 0.213638305664063
-0.42474365234375 -0.182403564453125 -0.330780029296875 0.0472412109375
-0.345489501953125 -0.24945068359375 -0.387664794921875 -0.144805908203125
-0.355377197265625 -0.27935791015625 -0.412322998046875 -0.279205322265625
-0.344818115234375 -0.251495361328125 -0.35089111328125 -0.282440185546875
-0.337921142578125 -0.16766357421875 -0.247695922851563 -0.195953369140625
-0.3807373046875 -0.00906372070312505 -0.123046875 -0.133247375488281
-0.367645263671875 0.02691650390625 -0.0331878662109375 -0.238739013671875
-0.30865478515625 0.203643798828125 -0.03662109375 -0.38385009765625
-0.205474853515625 0.287200927734375 -0.05194091796875 -0.560699462890625
-0.31988525390625 0.4417724609375 0.3768310546875 0.09808349609375
-0.3548583984375 0.42388916015625 0.33740234375 0.11920166015625
-0.46563720703125 0.2587890625 0.331817626953125 0.122589111328125
-0.508941650390625 0.090606689453125 0.243743896484375 0.253463745117188
-0.50811767578125 -0.10235595703125 0.130538940429687 0.275131225585937
-0.556365966796875 -0.2489013671875 -0.0249176025390625 0.217117309570312
-0.539276123046875 -0.2724609375 -0.159225463867188 0.0794830322265624
-0.451568603515625 -0.330718994140625 -0.219772338867188 -0.062652587890625
-0.48223876953125 -0.344573974609375 -0.267578125 -0.199874877929688
-0.49517822265625 -0.2783203125 -0.256317138671875 -0.229141235351563
-0.488037109375 -0.1544189453125 -0.217803955078125 -0.193252563476563
-0.509674072265625 0.0632324218749999 -0.157333374023438 -0.13702392578125
-0.48956298828125 0.106536865234375 -0.110855102539063 -0.238601684570313
-0.400909423828125 0.321197509765625 -0.1241455078125 -0.302520751953125
-0.2633056640625 0.40435791015625 -0.1534423828125 -0.442474365234375
-0.36749267578125 0.453704833984375 0.291412353515625 0.275390625
-0.428558349609375 0.411590576171875 0.2598876953125 0.271041870117188
-0.53875732421875 0.2152099609375 0.289459228515625 0.197998046875
-0.5618896484375 0.0254516601562499 0.223052978515625 0.274383544921875
-0.541656494140625 -0.17742919921875 0.1978759765625 0.2886962890625
-0.581298828125 -0.32830810546875 0.1314697265625 0.245468139648437
-0.56365966796875 -0.33209228515625 0.051116943359375 0.140411376953125
-0.4932861328125 -0.360504150390625 -0.0106887817382813 0.0279293060302734
-0.542755126953125 -0.343475341796875 -0.0784988403320313 -0.131477355957031
-0.56939697265625 -0.23870849609375 -0.117813110351563 -0.204833984375
-0.555877685546875 -0.0888671874999999 -0.168106079101563 -0.2120361328125
-0.543792724609375 0.149871826171875 -0.191970825195313 -0.1373291015625
-0.52001953125 0.19219970703125 -0.195343017578125 -0.202194213867188
-0.4111328125 0.4097900390625 -0.212615966796875 -0.17919921875
-0.275482177734375 0.4627685546875 -0.26611328125 -0.28021240234375
-0.356658935546875 0.39215087890625 0.189697265625 0.4417724609375
-0.424530029296875 0.331024169921875 0.14971923828125 0.390716552734375
-0.5076904296875 0.125579833984375 0.206573486328125 0.244964599609375
-0.501678466796875 -0.0446472167968751 0.1783447265625 0.27606201171875
-0.461334228515625 -0.222503662109375 0.240234375 0.305023193359375
-0.5020751953125 -0.35443115234375 0.274566650390625 0.2945556640625
-0.49560546875 -0.339935302734375 0.259536743164063 0.221603393554687
-0.45556640625 -0.338104248046875 0.202911376953125 0.115158081054687
-0.511505126953125 -0.296844482421875 0.117431640625 -0.0900115966796875
-0.53570556640625 -0.16973876953125 0.0283813476562499 -0.214126586914063
-0.51092529296875 -0.020721435546875 -0.118301391601563 -0.2454833984375
-0.47467041015625 0.19635009765625 -0.219436645507813 -0.137939453125
-0.45648193359375 0.23492431640625 -0.261322021484375 -0.136611938476562
-0.35107421875 0.42608642578125 -0.278213500976563 -0.0322418212890624
-0.248504638671875 0.441864013671875 -0.365478515625 -0.103057861328125
-0.283599853515625 0.27032470703125 0.09161376953125 0.568359375
-0.3375244140625 0.218719482421875 0.040313720703125 0.4541015625
-0.377899169921875 0.0415649414062501 0.111190795898438 0.250839233398438
-0.352081298828125 -0.0759582519531249 0.126052856445312 0.251235961914063
-0.30548095703125 -0.19683837890625 0.255615234375 0.306549072265625
-0.348052978515625 -0.301513671875 0.374359130859375 0.34222412109375
-0.3564453125 -0.281280517578125 0.430206298828125 0.301513671875
-0.345367431640625 -0.266387939453125 0.388458251953125 0.185211181640625
-0.393585205078125 -0.222259521484375 0.28619384765625 -0.06878662109375
-0.40093994140625 -0.110198974609375 0.147750854492187 -0.237014770507813
-0.374786376953125 0.0126953125 -0.078033447265625 -0.28155517578125
-0.340576171875 0.17083740234375 -0.234222412109375 -0.141647338867188
-0.329681396484375 0.20562744140625 -0.2989501953125 -0.070281982421875
-0.248870849609375 0.351409912109375 -0.31854248046875 0.0986328125
-0.195526123046875 0.339324951171875 -0.4427490234375 0.05340576171875
-0.160049438476563 0.120025634765625 0.02386474609375 0.64752197265625
-0.188690185546875 0.114181518554688 -0.0338134765625 0.4700927734375
-0.192535400390625 0.00286865234375004 0.0391693115234375 0.227294921875
-0.172195434570313 -0.044189453125 0.089447021484375 0.214508056640625
-0.136848449707031 -0.103935241699219 0.2530517578125 0.29754638671875
-0.170135498046875 -0.178543090820312 0.428436279296875 0.369873046875
-0.175582885742187 -0.165634155273438 0.539825439453125 0.359283447265625
-0.184982299804688 -0.154449462890625 0.514984130859375 0.226715087890625
-0.21441650390625 -0.1346435546875 0.4010009765625 -0.062225341796875
-0.205902099609375 -0.06378173828125 0.2213134765625 -0.260009765625
-0.191360473632813 0.00793457031250002 -0.05255126953125 -0.30987548828125
-0.179611206054688 0.0914306640625 -0.24658203125 -0.154037475585938
-0.174087524414063 0.120590209960938 -0.319366455078125 -0.024688720703125
-0.130020141601562 0.207122802734375 -0.346710205078125 0.18505859375
-0.129501342773438 0.174209594726563 -0.4952392578125 0.16192626953125
-0.0286788940429688 -0.002288818359375 0.457275390625 -0.233154296875
0.0101299285888672 0.0229320526123047 0.369873046875 -0.193206787109375
-0.00769281387329102 -0.00407075881958008 0.281463623046875 -0.02264404296875
-0.0193386077880859 -0.00407028198242187 0.22540283203125 0.180572509765625
-0.0107240676879883 -0.00753593444824219 -0.000762939453125025 0.26629638671875
-0.0131988525390625 -0.0203380584716797 -0.25946044921875 0.225082397460938
-0.0196914672851563 0.00527763366699219 -0.46826171875 0.0356140136718749
-0.0106296539306641 -0.00090503692626953 -0.539306640625 -0.23309326171875
-0.0146875381469727 0.00353813171386719 -0.528717041015625 -0.3779296875
-0.0001373291015625 -0.00572872161865234 -0.408355712890625 -0.36285400390625
0.00257968902587891 0.0144786834716797 -0.27349853515625 -0.223281860351563
-0.0133275985717773 0.0153379440307617 -0.101089477539063 -0.140220642089844
0.00803613662719727 0.00132846832275391 0.0242767333984375 -0.20623779296875
0.0373497009277344 0.00802230834960938 0.032073974609375 -0.440155029296875
0.0120353698730469 -0.0169467926025391 0.0305786132812501 -0.6630859375
-0.131744384765625 0.197647094726563 0.455535888671875 -0.182525634765625
-0.10626220703125 0.210830688476563 0.38031005859375 -0.140411376953125
-0.166091918945313 0.134552001953125 0.311492919921875 -0.00152587890624999
-0.199417114257812 0.0704498291015625 0.235977172851563 0.200790405273438
-0.208099365234375 -0.00447082519531252 0.02093505859375 0.270095825195313
-0.24066162109375 -0.0740509033203125 -0.23583984375 0.221893310546875
-0.24432373046875 -0.0832061767578125 -0.440155029296875 0.0391235351562501
-0.193588256835938 -0.132522583007813 -0.505279541015625 -0.200592041015625
-0.195220947265625 -0.151779174804688 -0.50665283203125 -0.3427734375
-0.171829223632813 -0.1497802734375 -0.403228759765625 -0.3330078125
-0.16552734375 -0.103256225585938 -0.267822265625 -0.205856323242187
-0.201431274414063 -0.0184478759765625 -0.104827880859375 -0.127944946289063
-0.189437866210938 -0.00309753417968748 0.0142059326171875 -0.218353271484375
-0.15130615234375 0.09979248046875 0.014984130859375 -0.4234619140625
-0.106002807617188 0.143173217773437 0.00860595703124998 -0.6385498046875
-0.230621337890625 0.35528564453125 0.43585205078125 -0.06854248046875
-0.232635498046875 0.3570556640625 0.375946044921875 -0.030914306640625
-0.32769775390625 0.236480712890625 0.336090087890625 0.0479736328125
-0.372711181640625 0.11358642578125 0.247467041015625 0.223770141601563
-0.38653564453125 -0.03289794921875 0.0678253173828125 0.27008056640625
-0.433837890625 -0.150115966796875 -0.155609130859375 0.215789794921875
-0.4295654296875 -0.176483154296875 -0.33258056640625 0.051910400390625
-0.351959228515625 -0.2467041015625 -0.395172119140625 -0.14080810546875
-0.361328125 -0.274139404296875 -0.418701171875 -0.275909423828125
-0.35113525390625 -0.247283935546875 -0.356689453125 -0.2777099609375
-0.341461181640625 -0.16461181640625 -0.251617431640625 -0.191925048828125
-0.381195068359375 -0.00228881835937498 -0.126228332519531 -0.130470275878906
-0.369384765625 0.034423828125 -0.036102294921875 -0.239028930664063
-0.307464599609375 0.209625244140625 -0.043853759765625 -0.384490966796875
-0.20318603515625 0.293701171875 -0.05999755859375 -0.5640869140625
-0.315643310546875 0.452056884765625 0.380584716796875 0.091552734375
-0.351593017578125 0.43414306640625 0.3416748046875 0.11456298828125
-0.466217041015625 0.270660400390625 0.33648681640625 0.116546630859375
-0.50927734375 0.0983276367187499 0.249130249023437 0.24969482421875
-0.51324462890625 -0.0938720703125 0.137039184570312 0.275146484375
-0.5625 -0.24029541015625 -0.0221099853515625 0.21826171875
-0.548095703125 -0.266632080078125 -0.158615112304688 0.0826873779296875
-0.4598388671875 -0.324554443359375 -0.220855712890625 -0.060302734375
-0.49322509765625 -0.33538818359375 -0.272735595703125 -0.196365356445313
-0.5025634765625 -0.271331787109375 -0.26031494140625 -0.2261962890625
-0.49481201171875 -0.150787353515625 -0.220916748046875 -0.18878173828125
-0.51129150390625 0.0728149414062499 -0.15814208984375 -0.135086059570312
-0.491241455078125 0.1134033203125 -0.113555908203125 -0.238372802734375
-0.3970947265625 0.331085205078125 -0.12890625 -0.303131103515625
-0.2576904296875 0.410064697265625 -0.16094970703125 -0.4443359375
-0.361419677734375 0.46539306640625 0.29815673828125 0.273284912109375
-0.4229736328125 0.420440673828125 0.265609741210938 0.2677001953125
-0.53875732421875 0.22528076171875 0.2940673828125 0.193023681640625
-0.56573486328125 0.0347900390625001 0.226455688476562 0.273849487304687
-0.546905517578125 -0.1700439453125 0.20306396484375 0.28857421875
-0.5908203125 -0.3226318359375 0.135910034179687 0.242477416992187
-0.5699462890625 -0.32672119140625 0.0542449951171875 0.140762329101563
-0.50140380859375 -0.355194091796875 -0.00971794128417972 0.0291194915771484
-0.552642822265625 -0.33740234375 -0.08221435546875 -0.130363464355469
-0.5753173828125 -0.2325439453125 -0.119491577148438 -0.203872680664063
-0.5628662109375 -0.0829467773437501 -0.173660278320313 -0.209579467773437
-0.544464111328125 0.159332275390625 -0.193893432617188 -0.13470458984375
-0.5216064453125 0.202301025390625 -0.19940185546875 -0.19921875
-0.40618896484375 0.4189453125 -0.21429443359375 -0.17669677734375
-0.26953125 0.469085693359375 -0.269241333007813 -0.278366088867187
-0.35223388671875 0.401031494140625 0.197540283203125 0.442657470703125
-0.421630859375 0.3387451171875 0.15667724609375 0.39117431640625
-0.510040283203125 0.1346435546875 0.211868286132813 0.242141723632813
-0.50616455078125 -0.036773681640625 0.182662963867187 0.27496337890625
-0.468536376953125 -0.217498779296875 0.246429443359375 0.301116943359375
-0.513031005859375 -0.348388671875 0.280487060546875 0.290802001953125
-0.504669189453125 -0.3341064453125 0.265716552734375 0.218734741210937
-0.462890625 -0.332916259765625 0.2078857421875 0.113571166992187
-0.5198974609375 -0.29132080078125 0.117988586425781 -0.0919952392578125
-0.54229736328125 -0.164215087890625 0.024505615234375 -0.214706420898437
-0.51409912109375 -0.0133972167968749 -0.12200927734375 -0.244354248046875
-0.4759521484375 0.203521728515625 -0.221527099609375 -0.134841918945313
-0.4556884765625 0.245330810546875 -0.266204833984375 -0.1331787109375
-0.3455810546875 0.434478759765625 -0.279510498046875 -0.0281829833984375
-0.241912841796875 0.449066162109375 -0.368377685546875 -0.0984497070312499
-0.280807495117187 0.2764892578125 0.10137939453125 0.5709228515625
-0.3363037109375 0.22540283203125 0.0468139648437499 0.457489013671875
-0.381195068359375 0.0480957031249999 0.116378784179687 0.2491455078125
-0.354705810546875 -0.070068359375 0.13067626953125 0.250503540039063
-0.311920166015625 -0.192291259765625 0.2611083984375 0.30584716796875
-0.356231689453125 -0.297637939453125 0.381866455078125 0.337127685546875
-0.3621826171875 -0.275421142578125 0.438629150390625 0.297576904296875
-0.351654052734375 -0.261688232421875 0.39581298828125 0.181549072265625
-0.400360107421875 -0.21685791015625 0.28802490234375 -0.0732421875
-0.406585693359375 -0.1055908203125 0.143814086914062 -0.240493774414062
-0.37799072265625 0.018890380859375 -0.080657958984375 -0.281585693359375
-0.341094970703125 0.177886962890625 -0.238327026367188 -0.137786865234375
-0.32916259765625 0.21417236328125 -0.301666259765625 -0.064483642578125
-0.2437744140625 0.357635498046875 -0.3177490234375 0.1038818359375
-0.1910400390625 0.345062255859375 -0.44091796875 0.0598144531250001
-0.158523559570312 0.12286376953125 0.03460693359375 0.65289306640625
-0.186508178710938 0.118515014648437 -0.02801513671875 0.47540283203125
-0.194412231445313 0.00668334960937499 0.0411529541015625 0.226409912109375
-0.174301147460938 -0.0424041748046875 0.09326171875 0.215011596679688
-0.140228271484375 -0.10125732421875 0.259368896484375 0.294403076171875
-0.17474365234375 -0.177032470703125 0.436798095703125 0.36492919921875
-0.178115844726563 -0.163253784179688 0.550567626953125 0.35406494140625
-0.188262939453125 -0.151840209960938 0.52471923828125 0.22174072265625
-0.218017578125 -0.132125854492188 0.403350830078125 -0.06512451171875
-0.209304809570312 -0.061126708984375 0.218597412109375 -0.263442993164063
-0.19366455078125 0.010223388671875 -0.05780029296875 -0.3106689453125
-0.179367065429688 0.0970001220703125 -0.250900268554688 -0.14971923828125
-0.17364501953125 0.12335205078125 -0.320220947265625 -0.020294189453125
-0.12774658203125 0.209625244140625 -0.3448486328125 0.19091796875
-0.12884521484375 0.177322387695313 -0.4947509765625 0.17047119140625
-0.0261249542236328 -0.00101280212402343 0.45635986328125 -0.2410888671875
0.0111446380615234 0.0236682891845703 0.367401123046875 -0.202545166015625
-0.00902271270751953 -0.00412082672119141 0.2822265625 -0.027862548828125
-0.0193157196044922 -0.00449562072753906 0.22845458984375 0.177413940429688
-0.0119724273681641 -0.00771045684814453 0.0016632080078125 0.267181396484375
-0.0155658721923828 -0.0199356079101563 -0.259445190429688 0.229629516601562
-0.0186119079589844 0.00580596923828125 -0.470367431640625 0.041900634765625
-0.0113115310668945 0.000414848327636719 -0.548614501953125 -0.226287841796875
-0.0128965377807617 0.00382900238037109 -0.538726806640625 -0.372833251953125
-0.000333309173583985 -0.00473642349243164 -0.415557861328125 -0.357940673828125
0.00197315216064453 0.0132207870483398 -0.277633666992188 -0.218215942382813
-0.0127773284912109 0.0151042938232422 -0.106048583984375 -0.136962890625
0.00835084915161133 0.0023951530456543 0.0227203369140625 -0.204757690429688
0.0389595031738281 0.00766372680664063 0.02557373046875 -0.44140625
0.0133962631225586 -0.0154447555541992 0.01763916015625 -0.66748046875
-0.128372192382812 0.19873046875 0.454620361328125 -0.194793701171875
-0.104385375976563 0.213638305664063 0.3790283203125 -0.1494140625
-0.165771484375 0.137802124023437 0.311859130859375 -0.00558471679687499
-0.197677612304688 0.0763092041015625 0.241561889648437 0.196517944335937
-0.207870483398437 -0.000289916992187511 0.025299072265625 0.270675659179688
-0.245407104492188 -0.07073974609375 -0.235275268554688 0.227005004882813
-0.2449951171875 -0.078857421875 -0.442779541015625 0.0475769042968749
-0.196487426757813 -0.130111694335938 -0.5106201171875 -0.195770263671875
-0.1968994140625 -0.149673461914062 -0.5140380859375 -0.33685302734375
-0.175384521484375 -0.146530151367188 -0.409637451171875 -0.32391357421875
-0.16632080078125 -0.09808349609375 -0.271514892578125 -0.2008056640625
-0.201080322265625 -0.0130157470703125 -0.105697631835938 -0.12646484375
-0.191360473632813 -0.00138854980468748 0.00862121582031251 -0.21923828125
-0.148193359375 0.101974487304688 0.00936889648437502 -0.42510986328125
-0.103805541992188 0.14654541015625 -0.00152587890624996 -0.64215087890625
-0.226806640625 0.363250732421875 0.434783935546875 -0.077239990234375
-0.226715087890625 0.362213134765625 0.379974365234375 -0.039306640625
-0.32666015625 0.241973876953125 0.337799072265625 0.039154052734375
-0.372650146484375 0.119354248046875 0.253448486328125 0.219085693359375
-0.3887939453125 -0.0296630859375 0.074462890625 0.269683837890625
-0.439300537109375 -0.142364501953125 -0.153167724609375 0.219985961914062
-0.436676025390625 -0.171875 -0.334625244140625 0.0577087402343749
-0.357696533203125 -0.243072509765625 -0.400360107421875 -0.1357421875
-0.368072509765625 -0.270294189453125 -0.427032470703125 -0.269683837890625
-0.3585205078125 -0.242431640625 -0.362213134765625 -0.273681640625
-0.345672607421875 -0.15985107421875 -0.254150390625 -0.1881103515625
-0.383453369140625 0.00601196289062498 -0.126693725585938 -0.129112243652344
-0.37152099609375 0.039276123046875 -0.0397491455078125 -0.239883422851563
-0.304534912109375 0.214752197265625 -0.048828125 -0.385833740234375
-0.199462890625 0.2984619140625 -0.06927490234375 -0.564697265625
-0.308807373046875 0.460601806640625 0.3817138671875 0.087677001953125
-0.344970703125 0.441619873046875 0.3438720703125 0.11065673828125
-0.4638671875 0.277130126953125 0.33941650390625 0.112518310546875
-0.514251708984375 0.106597900390625 0.252944946289062 0.245819091796875
-0.516571044921875 -0.0850219726562501 0.1396484375 0.273361206054688
-0.57305908203125 -0.23431396484375 -0.020294189453125 0.218353271484375
-0.55572509765625 -0.258941650390625 -0.158126831054688 0.0855712890625
-0.46685791015625 -0.32037353515625 -0.2235107421875 -0.0554809570312501
-0.499725341796875 -0.331695556640625 -0.277145385742188 -0.192550659179687
-0.511077880859375 -0.264129638671875 -0.266036987304688 -0.223373413085938
-0.501251220703125 -0.140777587890625 -0.223983764648438 -0.185348510742187
-0.511505126953125 0.0830688476562501 -0.158355712890625 -0.130905151367187
-0.4931640625 0.125518798828125 -0.119003295898438 -0.238037109375
-0.393402099609375 0.33917236328125 -0.135162353515625 -0.30218505859375
-0.251617431640625 0.417388916015625 -0.16748046875 -0.44305419921875
-0.355743408203125 0.475860595703125 0.302886962890625 0.27105712890625
-0.418701171875 0.4322509765625 0.26983642578125 0.265090942382813
-0.538421630859375 0.23468017578125 0.299468994140625 0.186370849609375
-0.56915283203125 0.0452880859375001 0.2320556640625 0.269210815429688
-0.554840087890625 -0.162994384765625 0.2049560546875 0.284271240234375
-0.602783203125 -0.3138427734375 0.139266967773437 0.241470336914062
-0.58184814453125 -0.31964111328125 0.056671142578125 0.142120361328125
-0.50885009765625 -0.348175048828125 -0.00682258605957034 0.0318107604980469
-0.562744140625 -0.32855224609375 -0.084014892578125 -0.127845764160156
-0.58642578125 -0.224853515625 -0.124191284179688 -0.203689575195312
-0.5672607421875 -0.0734863281250001 -0.175827026367187 -0.205322265625
-0.5457763671875 0.171905517578125 -0.1973876953125 -0.130615234375
-0.521087646484375 0.21307373046875 -0.203292846679688 -0.194869995117187
-0.39971923828125 0.42724609375 -0.218856811523438 -0.17401123046875
-0.261871337890625 0.4764404296875 -0.275115966796875 -0.27545166015625
-0.347991943359375 0.410614013671875 0.206085205078125 0.443023681640625
-0.418365478515625 0.3497314453125 0.162750244140625 0.390167236328125
-0.511871337890625 0.145172119140625 0.216049194335938 0.240097045898438
-0.50885009765625 -0.0300903320312499 0.18756103515625 0.271881103515625
-0.47418212890625 -0.211029052734375 0.25213623046875 0.298492431640625
-0.522613525390625 -0.343048095703125 0.28607177734375 0.287322998046875
-0.514007568359375 -0.326751708984375 0.2708740234375 0.216217041015625
-0.46990966796875 -0.3280029296875 0.212799072265625 0.112701416015625
-0.528289794921875 -0.28466796875 0.11676025390625 -0.0925750732421875
-0.54815673828125 -0.157379150390625 0.021392822265625 -0.216140747070313
-0.5181884765625 -0.00640869140625005 -0.12579345703125 -0.2432861328125
-0.47625732421875 0.214202880859375 -0.223419189453125 -0.130233764648437
-0.4554443359375 0.255279541015625 -0.268417358398438 -0.128662109375
-0.338287353515625 0.443328857421875 -0.28125 -0.02252197265625
-0.235687255859375 0.45587158203125 -0.371246337890625 -0.0914001464843749
-0.27667236328125 0.284088134765625 0.108642578125 0.57281494140625
-0.33258056640625 0.23370361328125 0.056365966796875 0.45947265625
-0.383636474609375 0.054168701171875 0.121109008789062 0.249359130859375
-0.3585205078125 -0.0654602050781251 0.132644653320312 0.25048828125
-0.316192626953125 -0.19000244140625 0.267059326171875 0.302734375
-0.36505126953125 -0.29388427734375 0.387847900390625 0.332275390625
-0.36761474609375 -0.27191162109375 0.443878173828125 0.29345703125
-0.35693359375 -0.25634765625 0.401458740234375 0.17694091796875
-0.405975341796875 -0.21270751953125 0.28936767578125 -0.076019287109375
-0.410064697265625 -0.099090576171875 0.139663696289062 -0.243499755859375
-0.379364013671875 0.0237731933593749 -0.0859375 -0.280288696289063
-0.3411865234375 0.183990478515625 -0.239715576171875 -0.135879516601562
-0.328094482421875 0.22222900390625 -0.3046875 -0.05987548828125
-0.239654541015625 0.3638916015625 -0.317779541015625 0.110931396484375
-0.187103271484375 0.349578857421875 -0.442474365234375 0.0682983398437501
-0.157608032226563 0.125015258789062 0.0469970703125 0.653076171875
-0.185501098632813 0.121139526367187 -0.0189208984375 0.478546142578125
-0.195037841796875 0.00941467285156246 0.0450286865234375 0.226547241210938
-0.174789428710938 -0.0384674072265625 0.0947113037109375 0.215835571289063
-0.142745971679688 -0.100967407226563 0.2640380859375 0.29217529296875
-0.181304931640625 -0.174957275390625 0.4429931640625 0.35870361328125
-0.1832275390625 -0.161376953125 0.5582275390625 0.346160888671875
-0.191299438476563 -0.149749755859375 0.532562255859375 0.213836669921875
-0.221435546875 -0.1297607421875 0.406463623046875 -0.07220458984375
-0.211990356445313 -0.0587310791015625 0.216583251953125 -0.266769409179688
-0.194198608398438 0.0133056640625 -0.063262939453125 -0.309783935546875
-0.180023193359375 0.0992889404296875 -0.255386352539063 -0.14508056640625
-0.173324584960938 0.127532958984375 -0.3231201171875 -0.013427734375
-0.12359619140625 0.213027954101562 -0.3424072265625 0.199127197265625
-0.125274658203125 0.181015014648438 -0.493682861328125 0.179412841796875
-0.0281562805175781 -0.000167846679687504 0.45135498046875 -0.25
0.0131359100341797 0.0232868194580078 0.363739013671875 -0.21087646484375
-0.00873661041259766 -0.00247383117675781 0.283294677734375 -0.03411865234375
-0.0205574035644531 -0.0035400390625 0.231964111328125 0.171905517578125
-0.0118808746337891 -0.00745964050292968 0.00653076171874998 0.267471313476562
-0.0153541564941406 -0.0199871063232422 -0.256500244140625 0.234756469726562
-0.0189685821533203 0.00561714172363282 -0.47235107421875 0.05035400390625
-0.00968837738037109 -0.000118255615234374 -0.553985595703125 -0.2181396484375
-0.0132818222045898 0.00520038604736328 -0.546142578125 -0.363983154296875
0.00104355812072754 -0.00389647483825684 -0.422515869140625 -0.35296630859375
0.00226211547851562 0.0143833160400391 -0.280929565429688 -0.212677001953125
-0.0128498077392578 0.0166912078857422 -0.106216430664063 -0.134757995605469
0.009307861328125 0.00249767303466797 0.0198211669921875 -0.208236694335938
0.0379829406738281 0.00534820556640625 0.015655517578125 -0.4434814453125
0.0126895904541016 -0.0159139633178711 0.00708007812500002 -0.6690673828125
-0.124832153320312 0.204360961914063 0.453338623046875 -0.201416015625
-0.0994720458984375 0.215103149414062 0.375701904296875 -0.15643310546875
-0.16412353515625 0.143203735351562 0.312469482421875 -0.0140380859375
-0.20025634765625 0.0792236328125 0.244964599609375 0.193283081054688
-0.20880126953125 0.00126647949218753 0.0298614501953125 0.268997192382813
-0.2462158203125 -0.0674591064453125 -0.233200073242188 0.23052978515625
-0.248947143554688 -0.0751800537109375 -0.4407958984375 0.05517578125
-0.198318481445312 -0.127410888671875 -0.517364501953125 -0.186279296875
-0.200790405273438 -0.14776611328125 -0.52197265625 -0.329345703125
-0.179412841796875 -0.146530151367188 -0.417510986328125 -0.31982421875
-0.168701171875 -0.0975189208984375 -0.273056030273438 -0.197357177734375
-0.203964233398438 -0.00906372070312501 -0.108238220214844 -0.124229431152344
-0.191558837890625 0.00370788574218753 0.00877380371093748 -0.219039916992188
-0.147903442382813 0.104736328125 0.00152587890624996 -0.42755126953125
-0.101669311523437 0.147903442382813 -0.00982666015625005 -0.6453857421875
-0.2198486328125 0.371337890625 0.43572998046875 -0.085845947265625
-0.220611572265625 0.369476318359375 0.377777099609375 -0.046478271484375
-0.32305908203125 0.25042724609375 0.3382568359375 0.035064697265625
-0.371734619140625 0.126129150390625 0.2579345703125 0.215652465820312
-0.391143798828125 -0.0198059082031251 0.07861328125 0.2694091796875
-0.445068359375 -0.136688232421875 -0.151275634765625 0.221786499023438
-0.439239501953125 -0.165130615234375 -0.33380126953125 0.0642395019531251
-0.360137939453125 -0.2362060546875 -0.40167236328125 -0.127410888671875
-0.373504638671875 -0.26373291015625 -0.43255615234375 -0.267364501953125
-0.36114501953125 -0.23760986328125 -0.36712646484375 -0.269561767578125
-0.351226806640625 -0.154266357421875 -0.257064819335938 -0.183029174804688
-0.38507080078125 0.0132446289062501 -0.128173828125 -0.126060485839844
-0.369781494140625 0.0474548339843751 -0.0422821044921875 -0.23858642578125
-0.3013916015625 0.222137451171875 -0.054931640625 -0.38427734375
-0.19329833984375 0.301483154296875 -0.07720947265625 -0.566162109375
-0.30218505859375 0.468994140625 0.383758544921875 0.07958984375
-0.33795166015625 0.449981689453125 0.34686279296875 0.102996826171875
-0.461944580078125 0.2877197265625 0.3426513671875 0.104034423828125
-0.512298583984375 0.116119384765625 0.25933837890625 0.243316650390625
-0.521881103515625 -0.077178955078125 0.14697265625 0.270278930664062
-0.57958984375 -0.22467041015625 -0.0163269042968751 0.22021484375
-0.5626220703125 -0.25030517578125 -0.15814208984375 0.08856201171875
-0.473114013671875 -0.312103271484375 -0.224044799804688 -0.0498199462890626
-0.5068359375 -0.32379150390625 -0.281280517578125 -0.18963623046875
-0.51727294921875 -0.258026123046875 -0.271102905273438 -0.219436645507813
-0.50543212890625 -0.134368896484375 -0.227066040039062 -0.180648803710938
-0.513641357421875 0.0911865234374999 -0.162460327148438 -0.128921508789063
-0.494354248046875 0.134765625 -0.123138427734375 -0.235427856445313
-0.385772705078125 0.34796142578125 -0.140228271484375 -0.2999267578125
-0.245391845703125 0.42218017578125 -0.17559814453125 -0.440826416015625
-0.349212646484375 0.48388671875 0.30853271484375 0.267578125
-0.410797119140625 0.44189453125 0.27520751953125 0.260787963867188
-0.53741455078125 0.246917724609375 0.3023681640625 0.181640625
-0.56988525390625 0.053955078125 0.238861083984375 0.266143798828125
-0.558837890625 -0.155670166015625 0.212005615234375 0.281158447265625
-0.61053466796875 -0.3055419921875 0.14312744140625 0.239593505859375
-0.5897216796875 -0.31048583984375 0.059173583984375 0.140960693359375
-0.514739990234375 -0.341461181640625 -0.00744628906250003 0.0341796875
-0.56903076171875 -0.32177734375 -0.0869903564453125 -0.127418518066406
-0.59088134765625 -0.21429443359375 -0.12860107421875 -0.200912475585938
-0.5709228515625 -0.0650634765625 -0.179718017578125 -0.202911376953125
-0.545440673828125 0.18017578125 -0.19757080078125 -0.126937866210938
-0.519683837890625 0.224884033203125 -0.207748413085938 -0.192916870117187
-0.392059326171875 0.437347412109375 -0.221115112304688 -0.170257568359375
-0.253875732421875 0.482269287109375 -0.279937744140625 -0.272323608398437
-0.34124755859375 0.419036865234375 0.213836669921875 0.440643310546875
-0.411956787109375 0.359588623046875 0.17047119140625 0.388702392578125
-0.509490966796875 0.1536865234375 0.220565795898437 0.236343383789062
-0.512115478515625 -0.02069091796875 0.19232177734375 0.269882202148438
-0.480682373046875 -0.203460693359375 0.257781982421875 0.2945556640625
-0.53125 -0.335723876953125 0.292205810546875 0.280731201171875
-0.52197265625 -0.3187255859375 0.276153564453125 0.21246337890625
-0.477752685546875 -0.321502685546875 0.215667724609375 0.110382080078125
-0.535858154296875 -0.27569580078125 0.116195678710937 -0.093780517578125
-0.55303955078125 -0.1475830078125 0.0184326171874999 -0.216476440429688
-0.521240234375 0.0027160644531249 -0.129409790039062 -0.24005126953125
-0.475006103515625 0.2236328125 -0.22491455078125 -0.12603759765625
-0.45281982421875 0.2655029296875 -0.271514892578125 -0.122634887695312
-0.33038330078125 0.4503173828125 -0.280838012695313 -0.0182037353515624
-0.228057861328125 0.4610595703125 -0.37310791015625 -0.08642578125
-0.27313232421875 0.29071044921875 0.11993408203125 0.57452392578125
-0.3311767578125 0.24005126953125 0.06231689453125 0.4588623046875
-0.382537841796875 0.0625305175781251 0.1234130859375 0.247390747070313
-0.359649658203125 -0.058319091796875 0.137283325195312 0.247894287109375
-0.321685791015625 -0.184906005859375 0.273101806640625 0.299285888671875
-0.372650146484375 -0.28973388671875 0.394073486328125 0.32513427734375
-0.375823974609375 -0.2647705078125 0.451995849609375 0.286529541015625
-0.363311767578125 -0.25091552734375 0.40606689453125 0.172119140625
-0.41314697265625 -0.20758056640625 0.289825439453125 -0.080963134765625
-0.414154052734375 -0.0932922363281251 0.13629150390625 -0.24505615234375
-0.383026123046875 0.0304870605468751 -0.0892791748046876 -0.279876708984375
-0.338470458984375 0.19171142578125 -0.242782592773438 -0.129608154296875
-0.32452392578125 0.2281494140625 -0.30694580078125 -0.05523681640625
-0.232208251953125 0.36895751953125 -0.31561279296875 0.116912841796875
-0.17962646484375 0.354217529296875 -0.441864013671875 0.07672119140625
-0.156463623046875 0.130233764648438 0.0575561523437501 0.656005859375
-0.184890747070312 0.12451171875 -0.011932373046875 0.480010986328125
-0.195770263671875 0.0121002197265625 0.048370361328125 0.2266845703125
-0.17706298828125 -0.035888671875 0.0985565185546875 0.212844848632813
-0.144088745117188 -0.098236083984375 0.268890380859375 0.28851318359375
-0.184127807617188 -0.172378540039063 0.449859619140625 0.35101318359375
-0.184844970703125 -0.158462524414063 0.566650390625 0.3385009765625
-0.194732666015625 -0.146713256835937 0.538848876953125 0.20819091796875
-0.224960327148438 -0.125564575195313 0.407196044921875 -0.07916259765625
-0.214004516601563 -0.0558319091796875 0.212356567382813 -0.270950317382813
-0.195281982421875 0.015777587890625 -0.068145751953125 -0.3089599609375
-0.1800537109375 0.103836059570312 -0.256149291992188 -0.139068603515625
-0.170440673828125 0.131805419921875 -0.324188232421875 -0.00570678710937504
-0.119598388671875 0.215225219726563 -0.338714599609375 0.2061767578125
-0.121871948242188 0.183853149414063 -0.490203857421875 0.18963623046875
-0.0274772644042969 -0.000923156738281246 0.446624755859375 -0.25921630859375
0.0129966735839844 0.0217266082763672 0.360382080078125 -0.217620849609375
-0.00995540618896484 -0.00180530548095703 0.279129028320313 -0.040496826171875
-0.0199871063232422 -0.00402069091796875 0.235580444335938 0.166854858398437
-0.010350227355957 -0.00781059265136719 0.0104827880859375 0.265533447265625
-0.0166702270507813 -0.0190067291259766 -0.254241943359375 0.239013671875
-0.0197525024414062 0.0057373046875 -0.4722900390625 0.05908203125
-0.00843381881713867 0.000242233276367186 -0.561279296875 -0.209991455078125
-0.0137758255004883 0.00651264190673828 -0.55450439453125 -0.35833740234375
-0.000913619995117187 -0.00448083877563477 -0.428802490234375 -0.348052978515625
0.00291061401367188 0.0124273300170898 -0.283538818359375 -0.20684814453125
-0.0126781463623047 0.0172958374023438 -0.107940673828125 -0.131721496582031
0.00786590576171875 0.00170326232910156 0.017730712890625 -0.207015991210937
0.0390396118164062 0.00353622436523437 0.00891113281249999 -0.444976806640625
0.0136518478393555 -0.0156431198120117 -0.00372314453124993 -0.6697998046875
-0.120819091796875 0.207366943359375 0.447784423828125 -0.21142578125
-0.0950469970703125 0.215240478515625 0.3739013671875 -0.1663818359375
-0.161102294921875 0.146087646484375 0.313934326171875 -0.018951416015625
-0.198013305664063 0.0822601318359375 0.248428344726563 0.1854248046875
-0.210769653320313 0.0045623779296875 0.03472900390625 0.269760131835938
-0.249725341796875 -0.0609893798828125 -0.22900390625 0.2352294921875
-0.249404907226563 -0.073028564453125 -0.44012451171875 0.0627441406249999
-0.200042724609375 -0.125106811523438 -0.521575927734375 -0.175079345703125
-0.203216552734375 -0.143035888671875 -0.530426025390625 -0.321197509765625
-0.181488037109375 -0.142486572265625 -0.422882080078125 -0.313629150390625
-0.1702880859375 -0.092498779296875 -0.278091430664063 -0.189315795898437
-0.203506469726563 -0.00474548339843746 -0.110115051269531 -0.121124267578125
-0.192031860351563 0.00794982910156246 0.00431823730468751 -0.2198486328125
-0.143157958984375 0.108367919921875 -0.00363159179687498 -0.426544189453125
-0.099029541015625 0.149276733398438 -0.02154541015625 -0.64630126953125
-0.2132568359375 0.37969970703125 0.43359375 -0.09173583984375
-0.2177734375 0.37384033203125 0.375213623046875 -0.054718017578125
-0.319610595703125 0.256378173828125 0.341156005859375 0.027984619140625
-0.3709716796875 0.132659912109375 0.261001586914063 0.211029052734375
-0.390716552734375 -0.014801025390625 0.0829315185546875 0.266021728515625
-0.451385498046875 -0.1302490234375 -0.147186279296875 0.226333618164063
-0.442657470703125 -0.15777587890625 -0.33349609375 0.0707397460937499
-0.3656005859375 -0.231842041015625 -0.405303955078125 -0.11907958984375
-0.380706787109375 -0.2601318359375 -0.438018798828125 -0.2581787109375
-0.36566162109375 -0.22930908203125 -0.37335205078125 -0.2625732421875
-0.352569580078125 -0.149169921875 -0.260574340820313 -0.17938232421875
-0.385711669921875 0.0217285156250001 -0.12994384765625 -0.124664306640625
-0.371124267578125 0.05303955078125 -0.046478271484375 -0.237701416015625
-0.29388427734375 0.226165771484375 -0.060760498046875 -0.384246826171875
-0.188323974609375 0.306915283203125 -0.0888671875 -0.56768798828125
-0.2930908203125 0.479644775390625 0.38873291015625 0.07476806640625
-0.3272705078125 0.45648193359375 0.349945068359375 0.097869873046875
-0.458038330078125 0.296630859375 0.343963623046875 0.095611572265625
-0.512664794921875 0.123779296875 0.264739990234375 0.23980712890625
-0.522918701171875 -0.0674743652343751 0.151443481445312 0.267669677734375
-0.5855712890625 -0.21600341796875 -0.012176513671875 0.220108032226562
-0.5665283203125 -0.24005126953125 -0.1541748046875 0.092926025390625
-0.47882080078125 -0.302978515625 -0.224563598632813 -0.0480194091796875
-0.513946533203125 -0.31317138671875 -0.285614013671875 -0.1845703125
-0.521820068359375 -0.24749755859375 -0.27392578125 -0.215911865234375
-0.50933837890625 -0.128265380859375 -0.229217529296875 -0.175201416015625
-0.51141357421875 0.1026611328125 -0.163314819335938 -0.124160766601562
-0.493408203125 0.1431884765625 -0.12603759765625 -0.23077392578125
-0.3780517578125 0.357208251953125 -0.144683837890625 -0.2967529296875
-0.2379150390625 0.42694091796875 -0.182342529296875 -0.437469482421875
-0.3387451171875 0.495697021484375 0.3140869140625 0.264404296875
-0.40228271484375 0.451171875 0.28118896484375 0.254852294921875
-0.5377197265625 0.257904052734375 0.306427001953125 0.177276611328125
-0.56866455078125 0.06439208984375 0.24359130859375 0.258956909179688
-0.562164306640625 -0.1431884765625 0.216690063476563 0.277267456054688
-0.620361328125 -0.292236328125 0.146713256835937 0.237167358398437
-0.595947265625 -0.29901123046875 0.0607147216796875 0.140190124511719
-0.521484375 -0.3349609375 -0.0054569244384766 0.0329647064208984
-0.5770263671875 -0.31060791015625 -0.0892257690429688 -0.127532958984375
-0.59619140625 -0.20318603515625 -0.13275146484375 -0.198776245117188
-0.572998046875 -0.05364990234375 -0.180465698242188 -0.197250366210938
-0.54302978515625 0.19244384765625 -0.197006225585938 -0.122909545898437
-0.517059326171875 0.23382568359375 -0.20953369140625 -0.188613891601562
-0.382598876953125 0.444122314453125 -0.224838256835937 -0.164413452148437
-0.245849609375 0.48748779296875 -0.28570556640625 -0.267181396484375
-0.335052490234375 0.428802490234375 0.221466064453125 0.4375
-0.406951904296875 0.366943359375 0.17767333984375 0.3846435546875
-0.508636474609375 0.16680908203125 0.225845336914062 0.231948852539063
-0.51324462890625 -0.0115966796875 0.197250366210937 0.2655029296875
-0.484527587890625 -0.195831298828125 0.261932373046875 0.2913818359375
-0.539031982421875 -0.32562255859375 0.294830322265625 0.2781982421875
-0.527740478515625 -0.309356689453125 0.280319213867187 0.209243774414062
-0.4842529296875 -0.31280517578125 0.21728515625 0.107620239257812
-0.542144775390625 -0.266326904296875 0.115455627441406 -0.0961380004882813
-0.558013916015625 -0.138641357421875 0.0145111083984374 -0.216384887695312
-0.5224609375 0.010650634765625 -0.133071899414063 -0.2379150390625
-0.471160888671875 0.232177734375 -0.225814819335938 -0.120742797851562
-0.44842529296875 0.274505615234375 -0.273681640625 -0.116592407226563
-0.32159423828125 0.456329345703125 -0.280532836914063 -0.01300048828125
-0.218841552734375 0.465484619140625 -0.37445068359375 -0.079010009765625
-0.266143798828125 0.29718017578125 0.13116455078125 0.57275390625
-0.326141357421875 0.245635986328125 0.070098876953125 0.45880126953125
-0.382171630859375 0.069366455078125 0.127487182617188 0.244888305664063
-0.35986328125 -0.052764892578125 0.14031982421875 0.245147705078125
-0.32489013671875 -0.180572509765625 0.27642822265625 0.293060302734375
-0.3780517578125 -0.282867431640625 0.39990234375 0.31689453125
-0.380645751953125 -0.25677490234375 0.458251953125 0.27972412109375
-0.36895751953125 -0.246429443359375 0.412689208984375 0.165191650390625
-0.415618896484375 -0.199005126953125 0.287994384765625 -0.08404541015625
-0.416290283203125 -0.084503173828125 0.13201904296875 -0.24505615234375
-0.382598876953125 0.036651611328125 -0.094482421875 -0.277206420898438
-0.335540771484375 0.19891357421875 -0.243118286132813 -0.123611450195313
-0.32232666015625 0.2340087890625 -0.307647705078125 -0.0465087890625
-0.2265625 0.37420654296875 -0.312896728515625 0.121856689453125
-0.1761474609375 0.35748291015625 -0.438385009765625 0.0850830078125
-0.153518676757812 0.1336669921875 0.0706787109374999 0.65765380859375
-0.181610107421875 0.129913330078125 -0.00167846679687505 0.481109619140625
-0.196670532226562 0.0182342529296875 0.051605224609375 0.225997924804687
-0.178466796875 -0.0338897705078125 0.101425170898437 0.21099853515625
-0.147079467773438 -0.0949859619140625 0.273895263671875 0.28265380859375
-0.189422607421875 -0.167938232421875 0.455841064453125 0.3448486328125
-0.188629150390625 -0.155380249023438 0.57269287109375 0.326171875
-0.196365356445313 -0.142852783203125 0.545654296875 0.197601318359375
-0.22900390625 -0.121231079101562 0.40716552734375 -0.084869384765625
-0.216171264648438 -0.0527191162109375 0.208297729492187 -0.273712158203125
-0.195877075195312 0.0197601318359375 -0.07232666015625 -0.307098388671875
-0.176773071289063 0.106002807617187 -0.259109497070313 -0.133377075195313
-0.168197631835938 0.133560180664063 -0.32562255859375 -0.000610351562499985
-0.11370849609375 0.219284057617188 -0.3353271484375 0.213592529296875
-0.117813110351563 0.185470581054688 -0.48773193359375 0.1990966796875
-0.0273036956787109 0.0013885498046875 0.439361572265625 -0.2679443359375
0.0140972137451172 0.022430419921875 0.35504150390625 -0.225372314453125
-0.00854778289794922 -0.00228643417358398 0.277923583984375 -0.0436859130859375
-0.0219631195068359 -0.00372314453125 0.240692138671875 0.160171508789062
-0.014857292175293 -0.00757503509521484 0.016082763671875 0.26812744140625
-0.0149459838867187 -0.01800537109375 -0.24859619140625 0.241683959960938
-0.0167121887207031 0.00441169738769531 -0.472320556640625 0.06695556640625
-0.00990009307861328 0.000261306762695312 -0.56097412109375 -0.2008056640625
-0.0130882263183594 0.00609779357910156 -0.559967041015625 -0.347808837890625
0.000211715698242188 -0.00590181350708008 -0.434173583984375 -0.3380126953125
0.00517368316650391 0.0111455917358398 -0.285736083984375 -0.202667236328125
-0.00947761535644532 0.018402099609375 -0.10699462890625 -0.128768920898437
0.0116786956787109 0.001495361328125 0.0161285400390625 -0.2069091796875
0.038421630859375 0.00345230102539063 0.00112915039062503 -0.443084716796875
0.0103511810302734 -0.016331672668457 -0.0141601562500001 -0.6690673828125
-0.114547729492188 0.207977294921875 0.443389892578125 -0.215576171875
-0.0908660888671875 0.222579956054688 0.3685302734375 -0.17181396484375
-0.160919189453125 0.149368286132813 0.310455322265625 -0.027984619140625
-0.197006225585938 0.087158203125 0.251617431640625 0.182510375976563
-0.209075927734375 0.00856018066406246 0.0408782958984375 0.26812744140625
-0.248245239257812 -0.0602569580078125 -0.229446411132813 0.239532470703125
-0.251113891601563 -0.0666046142578125 -0.443023681640625 0.0687866210937499
-0.199264526367187 -0.121902465820313 -0.523834228515625 -0.16864013671875
-0.2078857421875 -0.1396484375 -0.5340576171875 -0.31207275390625
-0.184967041015625 -0.139572143554688 -0.427703857421875 -0.305328369140625
-0.173568725585937 -0.0937347412109375 -0.27935791015625 -0.185379028320312
-0.200881958007813 -0.00120544433593746 -0.110496520996094 -0.120269775390625
-0.190200805664063 0.010009765625 0.0013580322265625 -0.2164306640625
-0.143829345703125 0.107467651367187 -0.013580322265625 -0.42376708984375
-0.097564697265625 0.1495361328125 -0.0308837890625 -0.6436767578125
-0.205078125 0.381439208984375 0.432525634765625 -0.09814453125
-0.207489013671875 0.376220703125 0.374542236328125 -0.061004638671875
-0.3157958984375 0.26171875 0.339141845703125 0.020050048828125
-0.368316650390625 0.138641357421875 0.264816284179688 0.206375122070312
-0.393890380859375 -0.00808715820312504 0.0880889892578125 0.264419555664063
-0.452362060546875 -0.11962890625 -0.144256591796875 0.2259521484375
-0.4439697265625 -0.148193359375 -0.331329345703125 0.0760498046875
-0.36676025390625 -0.226409912109375 -0.4049072265625 -0.113494873046875
-0.38330078125 -0.25262451171875 -0.44451904296875 -0.2523193359375
-0.3717041015625 -0.2254638671875 -0.376678466796875 -0.25701904296875
-0.355987548828125 -0.143829345703125 -0.264999389648438 -0.172271728515625
-0.3836669921875 0.02911376953125 -0.130203247070313 -0.120223999023438
-0.369873046875 0.0629577636718751 -0.0484619140625 -0.234817504882813
-0.290191650390625 0.2313232421875 -0.068145751953125 -0.383453369140625
-0.1800537109375 0.3079833984375 -0.09600830078125 -0.56396484375
-0.283966064453125 0.481109619140625 0.38775634765625 0.06964111328125
-0.31744384765625 0.464630126953125 0.348663330078125 0.08941650390625
-0.453765869140625 0.307342529296875 0.3468017578125 0.089691162109375
-0.511505126953125 0.1351318359375 0.265304565429687 0.231597900390625
-0.52587890625 -0.0590515136718751 0.154830932617187 0.264373779296875
-0.5894775390625 -0.20587158203125 -0.010162353515625 0.218246459960938
-0.57110595703125 -0.229248046875 -0.155242919921875 0.097015380859375
-0.483551025390625 -0.295440673828125 -0.22308349609375 -0.0426330566406251
-0.519775390625 -0.305816650390625 -0.289642333984375 -0.178985595703125
-0.526611328125 -0.242950439453125 -0.278121948242188 -0.209259033203125
-0.508514404296875 -0.11834716796875 -0.232070922851563 -0.1707763671875
-0.51104736328125 0.113677978515625 -0.164505004882813 -0.119873046875
-0.48699951171875 0.152435302734375 -0.128555297851563 -0.227859497070312
-0.371337890625 0.361572265625 -0.14776611328125 -0.294097900390625
-0.226165771484375 0.432373046875 -0.190185546875 -0.43560791015625
-0.33001708984375 0.50299072265625 0.315643310546875 0.259979248046875
-0.39678955078125 0.4578857421875 0.2833251953125 0.252960205078125
-0.529937744140625 0.266265869140625 0.308563232421875 0.16925048828125
-0.56988525390625 0.0747070312500001 0.247238159179687 0.258056640625
-0.564453125 -0.13372802734375 0.2220458984375 0.273345947265625
-0.62249755859375 -0.28289794921875 0.148788452148437 0.2305908203125
-0.60137939453125 -0.2862548828125 0.0648422241210937 0.138275146484375
-0.52423095703125 -0.3240966796875 -0.00485992431640628 0.0336418151855469
-0.58184814453125 -0.3021240234375 -0.0909271240234375 -0.122627258300781
-0.59814453125 -0.19488525390625 -0.13458251953125 -0.194320678710938
-0.57708740234375 -0.0441284179687499 -0.184234619140625 -0.196884155273438
-0.53912353515625 0.201141357421875 -0.200180053710938 -0.119354248046875
-0.51092529296875 0.246246337890625 -0.214218139648438 -0.18182373046875
-0.373931884765625 0.4501953125 -0.224746704101562 -0.161483764648437
-0.23565673828125 0.492584228515625 -0.290252685546875 -0.259613037109375
-0.32745361328125 0.433685302734375 0.228179931640625 0.433135986328125
-0.396881103515625 0.3753662109375 0.184051513671875 0.382415771484375
-0.505767822265625 0.174041748046875 0.229232788085937 0.226303100585938
-0.512451171875 -0.0031433105468751 0.200332641601562 0.263015747070313
-0.48760986328125 -0.187225341796875 0.268218994140625 0.28564453125
-0.546539306640625 -0.315185546875 0.300567626953125 0.269927978515625
-0.5343017578125 -0.29876708984375 0.28363037109375 0.2037353515625
-0.488067626953125 -0.303070068359375 0.222274780273438 0.104278564453125
-0.54742431640625 -0.25787353515625 0.114082336425781 -0.0947036743164063
-0.5589599609375 -0.129547119140625 0.01177978515625 -0.214950561523437
-0.523284912109375 0.0204162597656251 -0.136306762695313 -0.233993530273437
-0.467529296875 0.241058349609375 -0.227951049804688 -0.115859985351563
-0.444000244140625 0.2835693359375 -0.2745361328125 -0.110488891601562
-0.310699462890625 0.462493896484375 -0.279052734375 -0.00816345214843748
-0.210205078125 0.46923828125 -0.37432861328125 -0.072662353515625
-0.262542724609375 0.3023681640625 0.14190673828125 0.56817626953125
-0.318359375 0.251617431640625 0.078033447265625 0.456634521484375
-0.3807373046875 0.0777282714843749 0.132431030273438 0.243255615234375
-0.362640380859375 -0.04632568359375 0.144760131835937 0.240097045898437
-0.32806396484375 -0.174530029296875 0.28216552734375 0.28961181640625
-0.38330078125 -0.275177001953125 0.40447998046875 0.3115234375
-0.385467529296875 -0.2509765625 0.46112060546875 0.271484375
-0.370697021484375 -0.237457275390625 0.4161376953125 0.155670166015625
-0.421783447265625 -0.191436767578125 0.287689208984375 -0.087860107421875
-0.417877197265625 -0.07928466796875 0.127883911132812 -0.247360229492188
-0.3839111328125 0.043243408203125 -0.0988311767578125 -0.274276733398438
-0.333526611328125 0.20294189453125 -0.243484497070313 -0.120071411132813
-0.314483642578125 0.242767333984375 -0.30731201171875 -0.0418701171874999
-0.216522216796875 0.37640380859375 -0.3084716796875 0.127960205078125
-0.16925048828125 0.3603515625 -0.4361572265625 0.0916748046875
-0.15283203125 0.13525390625 0.08026123046875 0.65496826171875
-0.179550170898438 0.133468627929688 0.00592041015624997 0.480926513671875
-0.196182250976563 0.020050048828125 0.055023193359375 0.222412109375
-0.177658081054688 -0.028533935546875 0.102523803710937 0.20947265625
-0.14703369140625 -0.093414306640625 0.277618408203125 0.277175903320313
-0.191482543945313 -0.166290283203125 0.461181640625 0.3343505859375
-0.19219970703125 -0.150299072265625 0.575439453125 0.3173828125
-0.201217651367188 -0.139633178710937 0.54852294921875 0.191436767578125
-0.230133056640625 -0.117630004882813 0.405364990234375 -0.08929443359375
-0.216354370117188 -0.0472259521484375 0.203567504882813 -0.276153564453125
-0.196304321289063 0.02288818359375 -0.0790710449218751 -0.3045654296875
-0.174148559570313 0.110626220703125 -0.258346557617188 -0.126922607421875
-0.168304443359375 0.137969970703125 -0.322540283203125 0.00573730468750005
-0.107772827148438 0.218948364257812 -0.327606201171875 0.217193603515625
-0.114425659179688 0.187911987304687 -0.481475830078125 0.208038330078125
-0.0265541076660156 0.0028228759765625 0.431671142578125 -0.271331787109375
0.0145454406738281 0.0216484069824219 0.3480224609375 -0.23223876953125
-0.0106840133666992 -0.00090312957763672 0.27618408203125 -0.0498809814453125
-0.0205421447753906 -0.00264549255371093 0.239959716796875 0.156570434570313
-0.0115070343017578 -0.00913333892822266 0.0186004638671875 0.265289306640625
-0.0168743133544922 -0.0170536041259766 -0.244461059570313 0.24609375
-0.0177764892578125 0.00498390197753907 -0.470794677734375 0.07421875
-0.00881671905517578 0.000613212585449217 -0.56610107421875 -0.1895751953125
-0.0115766525268555 0.00779056549072265 -0.56622314453125 -0.3369140625
0.00037384033203125 -0.00522327423095703 -0.4376220703125 -0.330230712890625
0.00281810760498047 0.0129566192626953 -0.288665771484375 -0.197021484375
-0.0107135772705078 0.0186843872070313 -0.108779907226563 -0.126380920410156
0.00895500183105469 0.000969886779785156 0.0141754150390625 -0.205612182617188
0.0386428833007813 0.000972747802734375 -0.00415039062499998 -0.43994140625
0.0115785598754883 -0.0169305801391602 -0.0267333984375 -0.66827392578125
-0.111358642578125 0.213104248046875 0.437408447265625 -0.2252197265625
-0.087249755859375 0.2200927734375 0.365509033203125 -0.1776123046875
-0.157135009765625 0.152297973632812 0.308502197265625 -0.032958984375
-0.193862915039063 0.089874267578125 0.254470825195313 0.174819946289063
-0.208663940429688 0.0117034912109375 0.0464324951171875 0.26641845703125
-0.251190185546875 -0.0543670654296874 -0.221908569335938 0.241790771484375
-0.25140380859375 -0.06280517578125 -0.43914794921875 0.077606201171875
-0.203460693359375 -0.11785888671875 -0.527923583984375 -0.15997314453125
-0.209014892578125 -0.134506225585937 -0.539794921875 -0.304534912109375
-0.186050415039063 -0.134994506835937 -0.428985595703125 -0.299102783203125
-0.174484252929687 -0.0888519287109375 -0.279083251953125 -0.180557250976563
-0.202560424804688 0.0020599365234375 -0.110008239746094 -0.116806030273437
-0.190673828125 0.0152435302734375 -0.000717163085937535 -0.217300415039063
-0.140037536621094 0.109077453613281 -0.017333984375 -0.42156982421875
-0.0931854248046875 0.151229858398438 -0.0439453125 -0.64178466796875
-0.198822021484375 0.384033203125 0.4271240234375 -0.1065673828125
-0.200042724609375 0.381103515625 0.371612548828125 -0.068145751953125
-0.31048583984375 0.267913818359375 0.33966064453125 0.012420654296875
-0.364837646484375 0.1434326171875 0.267471313476563 0.198211669921875
-0.39111328125 -0.000335693359374959 0.0926055908203125 0.26190185546875
-0.45477294921875 -0.1126708984375 -0.14215087890625 0.22772216796875
-0.447113037109375 -0.142852783203125 -0.331329345703125 0.081451416015625
-0.3699951171875 -0.220001220703125 -0.407196044921875 -0.1055908203125
-0.387451171875 -0.243621826171875 -0.446533203125 -0.24267578125
-0.374755859375 -0.2198486328125 -0.379547119140625 -0.249176025390625
-0.359619140625 -0.136932373046875 -0.263168334960938 -0.167739868164063
-0.381195068359375 0.034423828125 -0.129890441894531 -0.1170654296875
-0.3671875 0.0679016113281251 -0.0526885986328125 -0.232498168945312
-0.28399658203125 0.237762451171875 -0.0728759765625 -0.378631591796875
-0.175506591796875 0.311126708984375 -0.10736083984375 -0.5621337890625
-0.274871826171875 0.488525390625 0.38665771484375 0.061370849609375
-0.3096923828125 0.46844482421875 0.3494873046875 0.08349609375
-0.44952392578125 0.314422607421875 0.346527099609375 0.080474853515625
-0.50836181640625 0.14300537109375 0.270217895507812 0.226425170898438
-0.525177001953125 -0.0509948730468751 0.159713745117188 0.261825561523438
-0.59478759765625 -0.19366455078125 -0.00860595703125005 0.217453002929688
-0.5740966796875 -0.21875 -0.151641845703125 0.0983428955078125
-0.485443115234375 -0.2879638671875 -0.224899291992188 -0.0366058349609375
-0.523406982421875 -0.296905517578125 -0.29266357421875 -0.17303466796875
-0.529541015625 -0.230010986328125 -0.280303955078125 -0.2039794921875
-0.5120849609375 -0.10888671875 -0.232025146484375 -0.167068481445313
-0.507171630859375 0.120452880859375 -0.163894653320313 -0.117950439453125
-0.484619140625 0.161468505859375 -0.133636474609375 -0.224853515625
-0.362548828125 0.36639404296875 -0.152801513671875 -0.290924072265625
-0.219512939453125 0.433197021484375 -0.19482421875 -0.43011474609375
-0.319183349609375 0.507568359375 0.319091796875 0.252349853515625
-0.385650634765625 0.46478271484375 0.285186767578125 0.24566650390625
-0.52728271484375 0.27685546875 0.31036376953125 0.162689208984375
-0.56494140625 0.08380126953125 0.249160766601563 0.251449584960938
-0.56640625 -0.125244140625 0.2266845703125 0.267868041992188
-0.63018798828125 -0.2723388671875 0.1519775390625 0.22943115234375
-0.60565185546875 -0.27642822265625 0.0662765502929687 0.137886047363281
-0.529327392578125 -0.314727783203125 -0.00154876708984379 0.0362815856933594
-0.5848388671875 -0.29156494140625 -0.09197998046875 -0.1224365234375
-0.60150146484375 -0.18359375 -0.138168334960938 -0.19134521484375
-0.575439453125 -0.0379028320312499 -0.18524169921875 -0.189773559570312
-0.5350341796875 0.212554931640625 -0.19976806640625 -0.114471435546875
-0.5064697265625 0.254547119140625 -0.216278076171875 -0.177658081054687
-0.3624267578125 0.457183837890625 -0.226943969726563 -0.157333374023438
-0.22509765625 0.49334716796875 -0.290802001953125 -0.257568359375
-0.317413330078125 0.44091796875 0.2357177734375 0.4295654296875
-0.390289306640625 0.381591796875 0.1893310546875 0.37823486328125
-0.502899169921875 0.18304443359375 0.231979370117187 0.220046997070313
-0.510223388671875 0.00512695312499994 0.202850341796875 0.258270263671875
-0.49029541015625 -0.178009033203125 0.269927978515625 0.278427124023438
-0.55157470703125 -0.30584716796875 0.3018798828125 0.26434326171875
-0.53765869140625 -0.2891845703125 0.2860107421875 0.19805908203125
-0.490386962890625 -0.294769287109375 0.224945068359375 0.1011962890625
-0.5494384765625 -0.247528076171875 0.112884521484375 -0.0971603393554688
-0.5611572265625 -0.11968994140625 0.00796508789062498 -0.215225219726563
-0.521728515625 0.0284423828125 -0.138229370117188 -0.229476928710938
-0.462646484375 0.24993896484375 -0.227020263671875 -0.111587524414062
-0.438232421875 0.29107666015625 -0.276412963867188 -0.105560302734375
-0.30145263671875 0.466400146484375 -0.278335571289062 -0.00273132324218748
-0.20184326171875 0.47216796875 -0.37176513671875 -0.0664672851562499
-0.256927490234375 0.3092041015625 0.148681640625 0.56610107421875
-0.31378173828125 0.2584228515625 0.087188720703125 0.454437255859375
-0.37847900390625 0.0858459472656249 0.135833740234375 0.237091064453125
-0.360992431640625 -0.0401000976562499 0.146652221679687 0.239273071289062
-0.330780029296875 -0.16815185546875 0.285797119140625 0.28094482421875
-0.388427734375 -0.267364501953125 0.406341552734375 0.302642822265625
-0.38751220703125 -0.24298095703125 0.46575927734375 0.262908935546875
-0.374298095703125 -0.231231689453125 0.418731689453125 0.15106201171875
-0.42364501953125 -0.184722900390625 0.287261962890625 -0.092041015625
-0.420196533203125 -0.0716552734375 0.123550415039062 -0.2489013671875
-0.38214111328125 0.0469665527343751 -0.102828979492188 -0.271087646484375
-0.328155517578125 0.209991455078125 -0.246292114257813 -0.113204956054687
-0.311431884765625 0.24530029296875 -0.3074951171875 -0.03448486328125
-0.208770751953125 0.3795166015625 -0.30609130859375 0.134124755859375
-0.161529541015625 0.363006591796875 -0.432159423828125 0.100250244140625
-0.14923095703125 0.13983154296875 0.09130859375 0.65142822265625
-0.175689697265625 0.136154174804687 0.015106201171875 0.478912353515625
-0.194091796875 0.0240325927734375 0.058746337890625 0.221817016601563
-0.177383422851562 -0.0264892578125 0.104156494140625 0.207321166992188
-0.150390625 -0.092376708984375 0.280792236328125 0.27349853515625
-0.194778442382813 -0.161956787109375 0.463470458984375 0.327423095703125
-0.1934814453125 -0.146820068359375 0.58282470703125 0.3074951171875
-0.202377319335938 -0.134368896484375 0.5513916015625 0.180023193359375
-0.232070922851563 -0.113418579101562 0.405609130859375 -0.095794677734375
-0.217727661132813 -0.044158935546875 0.197723388671875 -0.27838134765625
-0.195465087890625 0.0254058837890625 -0.08349609375 -0.30145263671875
-0.174087524414063 0.113616943359375 -0.260147094726563 -0.123062133789063
-0.163589477539062 0.140380859375 -0.323333740234375 0.01275634765625
-0.104080200195312 0.219924926757813 -0.324554443359375 0.2257080078125
-0.11236572265625 0.190444946289062 -0.47467041015625 0.214324951171875
-0.0259246826171875 0.00402069091796875 0.425628662109375 -0.278106689453125
0.0167560577392578 0.0200767517089844 0.3426513671875 -0.237335205078125
-0.00833320617675781 -0.00071287155151367 0.274124145507813 -0.0558319091796875
-0.0193309783935547 -0.00100898742675781 0.2408447265625 0.151351928710937
-0.0124826431274414 -0.00944995880126953 0.023284912109375 0.263076782226563
-0.0180530548095703 -0.0175151824951172 -0.240707397460938 0.25103759765625
-0.0177211761474609 0.00379562377929688 -0.466522216796875 0.0818481445312499
-0.00677585601806641 0.000702857971191405 -0.5693359375 -0.1806640625
-0.011500358581543 0.00906658172607422 -0.57177734375 -0.328369140625
1.95503234863276E-05 -0.00489568710327148 -0.44024658203125 -0.322784423828125
0.0034322738647461 0.0134210586547852 -0.28985595703125 -0.190521240234375
-0.0106525421142578 0.0192413330078125 -0.109725952148438 -0.122940063476563
0.0101118087768555 0.00144672393798828 0.011260986328125 -0.202102661132812
0.0381278991699219 -0.00142669677734375 -0.01025390625 -0.435577392578125
0.009307861328125 -0.0181026458740234 -0.0343017578124999 -0.6640625
-0.106979370117188 0.214492797851563 0.431976318359375 -0.230072021484375
-0.0816802978515625 0.221725463867188 0.360107421875 -0.18609619140625
-0.156097412109375 0.155227661132813 0.30841064453125 -0.039031982421875
-0.1925048828125 0.092376708984375 0.254684448242187 0.17010498046875
-0.207809448242188 0.0143890380859375 0.0477142333984375 0.263397216796875
-0.250595092773438 -0.048828125 -0.217269897460938 0.243865966796875
-0.250213623046875 -0.0599517822265625 -0.437103271484375 0.0831298828125
-0.202239990234375 -0.11431884765625 -0.52789306640625 -0.150848388671875
-0.210342407226563 -0.130294799804687 -0.5435791015625 -0.295196533203125
-0.187850952148438 -0.133026123046875 -0.432159423828125 -0.288543701171875
-0.174163818359375 -0.0866241455078125 -0.281707763671875 -0.1746826171875
-0.201553344726563 0.00508117675781248 -0.109992980957031 -0.113082885742187
-0.189102172851563 0.0167999267578125 -0.00308227539062499 -0.215255737304688
-0.137222290039063 0.110542297363281 -0.024566650390625 -0.419464111328125
-0.090576171875 0.15325927734375 -0.0535888671875 -0.6375732421875
-0.192535400390625 0.389862060546875 0.422607421875 -0.113006591796875
-0.192535400390625 0.3819580078125 0.369110107421875 -0.0758056640625
-0.30615234375 0.27203369140625 0.336669921875 0.00729370117187502
-0.36297607421875 0.14971923828125 0.268112182617188 0.1932373046875
-0.390594482421875 0.00531005859375004 0.0962066650390625 0.259109497070313
-0.457275390625 -0.106109619140625 -0.13922119140625 0.229843139648438
-0.44757080078125 -0.13446044921875 -0.32781982421875 0.0863952636718749
-0.370361328125 -0.213775634765625 -0.406646728515625 -0.098236083984375
-0.390625 -0.236236572265625 -0.450592041015625 -0.2337646484375
-0.3770751953125 -0.213623046875 -0.379486083984375 -0.243438720703125
-0.3609619140625 -0.131011962890625 -0.262863159179688 -0.162155151367188
-0.378875732421875 0.041351318359375 -0.129508972167969 -0.114151000976563
-0.364105224609375 0.0740661621093751 -0.0543060302734375 -0.22991943359375
-0.276702880859375 0.240997314453125 -0.07861328125 -0.375732421875
-0.17022705078125 0.309478759765625 -0.11322021484375 -0.5574951171875
-0.264312744140625 0.492523193359375 0.38763427734375 0.057830810546875
-0.302001953125 0.470947265625 0.34814453125 0.077392578125
-0.443328857421875 0.320770263671875 0.34674072265625 0.07354736328125
-0.50323486328125 0.15106201171875 0.272705078125 0.220932006835938
-0.523590087890625 -0.041961669921875 0.164352416992188 0.258255004882813
-0.5966796875 -0.1837158203125 -0.00529479980468755 0.216354370117188
-0.5740966796875 -0.2110595703125 -0.149627685546875 0.100448608398437
-0.4879150390625 -0.2801513671875 -0.223541259765625 -0.033294677734375
-0.526214599609375 -0.287139892578125 -0.293243408203125 -0.16754150390625
-0.532928466796875 -0.222900390625 -0.28192138671875 -0.198516845703125
-0.512542724609375 -0.10174560546875 -0.23321533203125 -0.161911010742187
-0.5048828125 0.12890625 -0.162826538085938 -0.11328125
-0.479827880859375 0.16949462890625 -0.135635375976563 -0.221099853515625
-0.3536376953125 0.3704833984375 -0.155548095703125 -0.287384033203125
-0.21124267578125 0.434844970703125 -0.1988525390625 -0.427001953125
-0.309295654296875 0.510711669921875 0.322265625 0.246368408203125
-0.374969482421875 0.468017578125 0.2901611328125 0.23974609375
-0.5198974609375 0.28466796875 0.3099365234375 0.1556396484375
-0.5625 0.09124755859375 0.251419067382812 0.246139526367188
-0.566650390625 -0.11474609375 0.23114013671875 0.26312255859375
-0.63134765625 -0.2596435546875 0.154388427734375 0.227462768554688
-0.6064453125 -0.26641845703125 0.0678176879882812 0.135810852050781
-0.53131103515625 -0.30633544921875 0.000370025634765593 0.035919189453125
-0.587890625 -0.281494140625 -0.0944442749023438 -0.119773864746094
-0.601318359375 -0.17523193359375 -0.140121459960938 -0.189529418945312
-0.5745849609375 -0.0280761718750001 -0.187026977539063 -0.185836791992188
-0.528411865234375 0.22174072265625 -0.197463989257813 -0.110366821289062
-0.500518798828125 0.26214599609375 -0.217514038085937 -0.173065185546875
-0.353851318359375 0.459381103515625 -0.2279052734375 -0.152069091796875
-0.216949462890625 0.495452880859375 -0.29296875 -0.25115966796875
-0.307098388671875 0.445220947265625 0.241363525390625 0.42535400390625
-0.3818359375 0.385467529296875 0.194549560546875 0.37274169921875
-0.497802734375 0.1903076171875 0.234481811523437 0.214630126953125
-0.509735107421875 0.013275146484375 0.205307006835937 0.253982543945313
-0.48944091796875 -0.16888427734375 0.275039672851562 0.2742919921875
-0.554107666015625 -0.295928955078125 0.303985595703125 0.257720947265625
-0.539794921875 -0.2789306640625 0.288421630859375 0.19403076171875
-0.492584228515625 -0.287567138671875 0.22637939453125 0.0980682373046875
-0.551788330078125 -0.238372802734375 0.110801696777344 -0.0978164672851563
-0.560821533203125 -0.112152099609375 0.00518798828124995 -0.213546752929688
-0.52142333984375 0.0358276367187499 -0.141082763671875 -0.226943969726563
-0.457061767578125 0.25677490234375 -0.22711181640625 -0.10662841796875
-0.432830810546875 0.296783447265625 -0.276443481445313 -0.100418090820313
-0.292327880859375 0.469207763671875 -0.276809692382813 0.00193786621093758
-0.192108154296875 0.4739990234375 -0.36993408203125 -0.06103515625
-0.2501220703125 0.31280517578125 0.158660888671875 0.56219482421875
-0.309326171875 0.262451171875 0.09423828125 0.45135498046875
-0.37640380859375 0.0909729003906251 0.138626098632812 0.23272705078125
-0.360809326171875 -0.0364074707031249 0.148727416992187 0.2359619140625
-0.331939697265625 -0.16094970703125 0.2886962890625 0.277099609375
-0.391693115234375 -0.26055908203125 0.41009521484375 0.294158935546875
-0.3917236328125 -0.23577880859375 0.466949462890625 0.2548828125
-0.375518798828125 -0.2252197265625 0.420196533203125 0.145172119140625
-0.425689697265625 -0.177520751953125 0.284759521484375 -0.09521484375
-0.418914794921875 -0.064910888671875 0.119659423828125 -0.250625610351563
-0.381256103515625 0.052337646484375 -0.105438232421875 -0.269058227539063
-0.3253173828125 0.2144775390625 -0.244873046875 -0.109146118164062
-0.30694580078125 0.250640869140625 -0.30645751953125 -0.030120849609375
-0.200286865234375 0.380126953125 -0.302490234375 0.138092041015625
-0.154541015625 0.364105224609375 -0.427490234375 0.10711669921875
-0.145889282226563 0.142013549804688 0.10137939453125 0.64752197265625
-0.172760009765625 0.136886596679688 0.021820068359375 0.476898193359375
-0.193450927734375 0.0276336669921875 0.060333251953125 0.218887329101563
-0.177322387695312 -0.0230712890625 0.107421875 0.204574584960938
-0.14959716796875 -0.08892822265625 0.283294677734375 0.266571044921875
-0.195648193359375 -0.157485961914063 0.465728759765625 0.31842041015625
-0.19500732421875 -0.142669677734375 0.58502197265625 0.29742431640625
-0.202285766601563 -0.131515502929688 0.55316162109375 0.17120361328125
-0.2325439453125 -0.108566284179688 0.403594970703125 -0.100921630859375
-0.218215942382812 -0.0411529541015625 0.193038940429688 -0.278945922851563
-0.19549560546875 0.0296478271484375 -0.086578369140625 -0.297576904296875
-0.1717529296875 0.115524291992188 -0.260055541992188 -0.1180419921875
-0.16156005859375 0.14306640625 -0.320037841796875 0.019622802734375
-0.099456787109375 0.219894409179688 -0.319305419921875 0.227508544921875
-0.10845947265625 0.192031860351562 -0.46771240234375 0.22259521484375
-0.0255393981933594 0.00295829772949218 0.41888427734375 -0.283935546875
0.0147819519042969 0.0192890167236328 0.33282470703125 -0.240264892578125
-0.00851869583129883 -0.00137567520141602 0.270797729492188 -0.05987548828125
-0.0201053619384766 -0.00162124633789063 0.242416381835938 0.14422607421875
-0.0122737884521484 -0.0080413818359375 0.0272979736328125 0.260406494140625
-0.0187339782714844 -0.0177478790283203 -0.234390258789062 0.252639770507813
-0.0173301696777344 0.00492286682128906 -0.4635009765625 0.08709716796875
-0.00527095794677734 0.00180149078369141 -0.5699462890625 -0.17236328125
-0.0109148025512695 0.0103483200073242 -0.57574462890625 -0.31793212890625
0.000621795654296875 -0.0042722225189209 -0.441650390625 -0.317230224609375
0.00423717498779297 0.0128030776977539 -0.28863525390625 -0.1837158203125
-0.00995635986328125 0.0183296203613281 -0.110710144042969 -0.1202392578125
0.0100574493408203 0.000879287719726563 0.0113067626953125 -0.203048706054688
0.0366363525390625 -0.00259780883789062 -0.01629638671875 -0.433929443359375
0.00823402404785156 -0.0163917541503906 -0.0430908203125001 -0.6585693359375
-0.103424072265625 0.217269897460938 0.426177978515625 -0.235107421875
-0.0783538818359375 0.221923828125 0.35284423828125 -0.1893310546875
-0.151473999023438 0.157546997070312 0.304046630859375 -0.0443115234375
-0.189849853515625 0.0933685302734374 0.255294799804688 0.164642333984375
-0.20697021484375 0.0155487060546875 0.05224609375 0.259994506835938
-0.251968383789063 -0.045379638671875 -0.214309692382813 0.24554443359375
-0.250015258789063 -0.055633544921875 -0.434295654296875 0.087005615234375
-0.201187133789063 -0.1114501953125 -0.52728271484375 -0.14141845703125
-0.210433959960938 -0.127243041992187 -0.5474853515625 -0.287139892578125
-0.189178466796875 -0.129547119140625 -0.4332275390625 -0.28375244140625
-0.174560546875 -0.083709716796875 -0.280349731445313 -0.16998291015625
-0.198440551757813 0.0080413818359375 -0.109527587890625 -0.110107421875
-0.18731689453125 0.0200042724609375 -0.00418090820312502 -0.212615966796875
-0.134819030761719 0.112442016601563 -0.030364990234375 -0.415802001953125
-0.08905029296875 0.153121948242188 -0.0623779296875001 -0.634765625
-0.18377685546875 0.388763427734375 0.41851806640625 -0.11767578125
-0.184539794921875 0.383209228515625 0.364227294921875 -0.080718994140625
-0.301025390625 0.277130126953125 0.33477783203125 -0.000823974609374983
-0.359039306640625 0.1536865234375 0.269378662109375 0.187744140625
-0.388519287109375 0.0113525390625 0.100006103515625 0.255874633789063
-0.456756591796875 -0.0972900390625 -0.136260986328125 0.232040405273438
-0.446044921875 -0.12615966796875 -0.324127197265625 0.0906066894531251
-0.370086669921875 -0.207489013671875 -0.406158447265625 -0.0942382812499999
-0.390869140625 -0.23089599609375 -0.4510498046875 -0.227020263671875
-0.377593994140625 -0.20635986328125 -0.38214111328125 -0.235015869140625
-0.359130859375 -0.127166748046875 -0.263870239257813 -0.157089233398438
-0.375457763671875 0.0467529296875 -0.129173278808594 -0.110893249511719
-0.361297607421875 0.07958984375 -0.058441162109375 -0.227798461914063
-0.271713256835937 0.242263793945313 -0.082794189453125 -0.370819091796875
-0.162933349609375 0.311920166015625 -0.120880126953125 -0.553466796875
-0.25408935546875 0.493927001953125 0.385345458984375 0.049560546875
-0.29095458984375 0.474945068359375 0.34759521484375 0.071319580078125
-0.436676025390625 0.326202392578125 0.343963623046875 0.067718505859375
-0.50103759765625 0.156646728515625 0.274154663085937 0.214828491210938
-0.52215576171875 -0.03460693359375 0.166778564453125 0.252716064453125
-0.59771728515625 -0.174072265625 -0.00416564941406252 0.217147827148438
-0.57562255859375 -0.20196533203125 -0.147689819335938 0.102401733398437
-0.488037109375 -0.272216796875 -0.221054077148438 -0.029144287109375
-0.527587890625 -0.278228759765625 -0.29571533203125 -0.162994384765625
-0.5308837890625 -0.2119140625 -0.282623291015625 -0.1939697265625
-0.512847900390625 -0.09393310546875 -0.23321533203125 -0.15692138671875
-0.49737548828125 0.136505126953125 -0.161712646484375 -0.111587524414062
-0.475128173828125 0.1778564453125 -0.138076782226563 -0.216888427734375
-0.3450927734375 0.372894287109375 -0.158416748046875 -0.282073974609375
-0.204681396484375 0.434844970703125 -0.20465087890625 -0.419189453125
-0.300048828125 0.51629638671875 0.32476806640625 0.24285888671875
-0.36578369140625 0.472412109375 0.29144287109375 0.23345947265625
-0.51458740234375 0.29150390625 0.312042236328125 0.149749755859375
-0.55865478515625 0.100250244140625 0.253585815429687 0.239791870117187
-0.56353759765625 -0.10546875 0.232666015625 0.25860595703125
-0.63275146484375 -0.24945068359375 0.154937744140625 0.222137451171875
-0.6070556640625 -0.2548828125 0.0689697265624999 0.135246276855469
-0.53399658203125 -0.297271728515625 0.00168228149414059 0.0363655090332031
-0.5902099609375 -0.271240234375 -0.0958786010742188 -0.116790771484375
-0.60113525390625 -0.16522216796875 -0.140625 -0.184585571289063
-0.57366943359375 -0.0223388671875001 -0.1883544921875 -0.180267333984375
-0.52325439453125 0.228240966796875 -0.198104858398438 -0.107559204101562
-0.494476318359375 0.268890380859375 -0.21795654296875 -0.1693115234375
-0.344024658203125 0.46099853515625 -0.228439331054688 -0.148345947265625
-0.208282470703125 0.495697021484375 -0.29241943359375 -0.24407958984375
-0.298919677734375 0.44866943359375 0.24554443359375 0.4195556640625
-0.37335205078125 0.3922119140625 0.200225830078125 0.367767333984375
-0.493133544921875 0.196807861328125 0.235946655273437 0.20806884765625
-0.506103515625 0.0187988281249999 0.207168579101562 0.249038696289063
-0.491851806640625 -0.16046142578125 0.2767333984375 0.267593383789063
-0.557708740234375 -0.286468505859375 0.304656982421875 0.252197265625
-0.54156494140625 -0.270660400390625 0.289520263671875 0.18963623046875
-0.493499755859375 -0.27716064453125 0.228103637695312 0.094879150390625
-0.552459716796875 -0.2288818359375 0.10968017578125 -0.0979080200195313
-0.559844970703125 -0.10260009765625 0.00172424316406248 -0.211639404296875
-0.51898193359375 0.043792724609375 -0.142776489257813 -0.222671508789062
-0.45050048828125 0.26300048828125 -0.226394653320313 -0.102645874023437
-0.42584228515625 0.302947998046875 -0.276290893554688 -0.0947723388671875
-0.281951904296875 0.47015380859375 -0.274154663085938 0.00488281250000004
-0.18377685546875 0.473541259765625 -0.3673095703125 -0.0567626953124999
-0.24560546875 0.31463623046875 0.165924072265625 0.55767822265625
-0.3026123046875 0.266357421875 0.099090576171875 0.4464111328125
-0.37371826171875 0.0956420898437501 0.1405029296875 0.22918701171875
-0.359710693359375 -0.029449462890625 0.149688720703125 0.23211669921875
-0.332183837890625 -0.157470703125 0.2899169921875 0.27178955078125
-0.39447021484375 -0.252471923828125 0.4107666015625 0.28692626953125
-0.393890380859375 -0.22900390625 0.468414306640625 0.24615478515625
-0.375335693359375 -0.21978759765625 0.421356201171875 0.138031005859375
-0.425323486328125 -0.17010498046875 0.284271240234375 -0.098846435546875
-0.4188232421875 -0.05609130859375 0.11700439453125 -0.2490234375
-0.378082275390625 0.058837890625 -0.108154296875 -0.264816284179688
-0.31951904296875 0.21990966796875 -0.245132446289063 -0.104049682617187
-0.303253173828125 0.253509521484375 -0.305633544921875 -0.0244140625
-0.193145751953125 0.3819580078125 -0.297637939453125 0.141357421875
-0.1466064453125 0.365020751953125 -0.42071533203125 0.112030029296875
-0.141448974609375 0.144424438476562 0.10845947265625 0.642822265625
-0.1693115234375 0.13970947265625 0.027801513671875 0.473419189453125
-0.19287109375 0.0313720703125 0.0633544921875 0.215377807617188
-0.174835205078125 -0.022491455078125 0.107406616210938 0.200027465820313
-0.150985717773438 -0.0878143310546875 0.286163330078125 0.25946044921875
-0.197952270507813 -0.15362548828125 0.467315673828125 0.31011962890625
-0.196823120117188 -0.138153076171875 0.5850830078125 0.28717041015625
-0.20361328125 -0.126327514648437 0.55560302734375 0.16351318359375
-0.233718872070312 -0.103805541992188 0.39959716796875 -0.105743408203125
-0.2177734375 -0.0374298095703125 0.188613891601563 -0.279281616210938
-0.193756103515625 0.029083251953125 -0.089630126953125 -0.295196533203125
-0.169052124023438 0.118362426757812 -0.259902954101563 -0.111801147460938
-0.158660888671875 0.14453125 -0.317291259765625 0.0233154296875
-0.0958709716796875 0.21942138671875 -0.3126220703125 0.2310791015625
-0.105072021484375 0.192718505859375 -0.459808349609375 0.226593017578125
-0.0252437591552734 0.00512123107910156 0.409423828125 -0.286346435546875
0.0160350799560547 0.0189247131347656 0.3265380859375 -0.244598388671875
-0.00891780853271484 -0.000520706176757812 0.266891479492188 -0.0643157958984375
-0.0188388824462891 -0.00181770324707031 0.242279052734375 0.1395263671875
-0.0112743377685547 -0.00771808624267578 0.0301361083984375 0.2587890625
-0.0181179046630859 -0.0171241760253906 -0.231353759765625 0.254196166992188
-0.0178489685058594 0.00372505187988281 -0.4583740234375 0.0917358398437499
-0.00676631927490234 5.10215759277346E-05 -0.5697021484375 -0.16595458984375
-0.00996208190917969 0.0110349655151367 -0.5760498046875 -0.30950927734375
0.000273466110229493 -0.00413203239440918 -0.441741943359375 -0.309814453125
0.00354194641113281 0.0121917724609375 -0.289794921875 -0.17926025390625
-0.00809478759765625 0.0199260711669922 -0.10943603515625 -0.116310119628906
0.00876712799072266 0.000318050384521484 0.00830078124999999 -0.200119018554688
0.0365829467773438 -0.00363922119140625 -0.020355224609375 -0.42828369140625
0.00957202911376953 -0.0167970657348633 -0.0523681640624999 -0.65386962890625
-0.098907470703125 0.215423583984375 0.4168701171875 -0.23797607421875
-0.0736236572265625 0.220046997070313 0.34759521484375 -0.191986083984375
-0.1492919921875 0.157516479492188 0.30126953125 -0.048583984375
-0.188385009765625 0.0965576171875 0.256362915039063 0.158233642578125
-0.205703735351563 0.0189361572265625 0.0544281005859375 0.257965087890625
-0.250823974609375 -0.0417327880859375 -0.20928955078125 0.2490234375
-0.249786376953125 -0.053680419921875 -0.428802490234375 0.093902587890625
-0.20123291015625 -0.108383178710937 -0.52642822265625 -0.13458251953125
-0.2100830078125 -0.123886108398438 -0.547393798828125 -0.27777099609375
-0.190338134765625 -0.126708984375 -0.43408203125 -0.27532958984375
-0.176498413085938 -0.081298828125 -0.280838012695313 -0.163986206054688
-0.197158813476563 0.0114593505859375 -0.109336853027344 -0.107513427734375
-0.185653686523438 0.022735595703125 -0.00686645507812503 -0.210098266601563
-0.131889343261719 0.111312866210938 -0.034698486328125 -0.412750244140625
-0.0843505859375 0.154037475585938 -0.0682373046875 -0.6282958984375
-0.176361083984375 0.391632080078125 0.415252685546875 -0.1224365234375
-0.17779541015625 0.383636474609375 0.3602294921875 -0.08416748046875
-0.2965087890625 0.2801513671875 0.33233642578125 -0.00665283203124998
-0.3548583984375 0.15716552734375 0.271102905273438 0.181304931640625
-0.38671875 0.015106201171875 0.101364135742187 0.253128051757813
-0.457427978515625 -0.0903930664062501 -0.133056640625 0.231552124023438
-0.44500732421875 -0.120880126953125 -0.32159423828125 0.0940551757812499
-0.370513916015625 -0.20343017578125 -0.405914306640625 -0.0865478515625001
-0.391632080078125 -0.224273681640625 -0.45135498046875 -0.22125244140625
-0.378265380859375 -0.20147705078125 -0.3836669921875 -0.22906494140625
-0.36163330078125 -0.121795654296875 -0.262359619140625 -0.152236938476562
-0.37255859375 0.0533447265625 -0.12841796875 -0.108207702636719
-0.358795166015625 0.08306884765625 -0.0591583251953125 -0.224014282226563
-0.267593383789062 0.242599487304688 -0.085205078125 -0.367950439453125
-0.158355712890625 0.311981201171875 -0.125885009765625 -0.547576904296875
-0.2451171875 0.495849609375 0.3829345703125 0.045989990234375
-0.28173828125 0.47613525390625 0.3463134765625 0.066650390625
-0.428375244140625 0.329254150390625 0.34271240234375 0.061553955078125
-0.4951171875 0.16131591796875 0.274993896484375 0.2083740234375
-0.51861572265625 -0.0285339355468749 0.167755126953125 0.248199462890625
-0.59625244140625 -0.16448974609375 -0.00144958496093753 0.215652465820313
-0.57269287109375 -0.19189453125 -0.145248413085938 0.103103637695312
-0.487548828125 -0.265289306640625 -0.2200927734375 -0.025360107421875
-0.529693603515625 -0.270050048828125 -0.29608154296875 -0.157470703125
-0.5321044921875 -0.204803466796875 -0.282379150390625 -0.1883544921875
-0.51141357421875 -0.0871887207031251 -0.232101440429688 -0.152542114257812
-0.494232177734375 0.1424560546875 -0.160873413085938 -0.106597900390625
-0.4688720703125 0.182525634765625 -0.13751220703125 -0.213668823242187
-0.33709716796875 0.3746337890625 -0.159622192382813 -0.278564453125
-0.19622802734375 0.435150146484375 -0.207000732421875 -0.41607666015625
-0.289642333984375 0.51611328125 0.324981689453125 0.2362060546875
-0.356658935546875 0.476531982421875 0.29290771484375 0.22833251953125
-0.507171630859375 0.2957763671875 0.311004638671875 0.143218994140625
-0.5545654296875 0.104949951171875 0.254135131835937 0.234786987304687
-0.56280517578125 -0.0985107421875 0.233856201171875 0.253936767578125
-0.63446044921875 -0.2388916015625 0.15582275390625 0.220550537109375
-0.6063232421875 -0.24676513671875 0.0718612670898437 0.133827209472656
-0.53173828125 -0.288909912109375 0.00212860107421872 0.0362472534179687
-0.5888671875 -0.263427734375 -0.097686767578125 -0.113578796386719
-0.60198974609375 -0.1566162109375 -0.142745971679688 -0.182159423828125
-0.57080078125 -0.0137329101562499 -0.186752319335938 -0.177383422851563
-0.5169677734375 0.23504638671875 -0.19580078125 -0.102508544921875
-0.487945556640625 0.27545166015625 -0.219146728515625 -0.163558959960937
-0.334625244140625 0.4639892578125 -0.227386474609375 -0.144973754882812
-0.198089599609375 0.49505615234375 -0.292205810546875 -0.239227294921875
-0.29046630859375 0.450653076171875 0.2490234375 0.413055419921875
-0.364227294921875 0.392974853515625 0.202606201171875 0.363067626953125
-0.48712158203125 0.202484130859375 0.235809326171875 0.203216552734375
-0.503326416015625 0.025543212890625 0.207366943359375 0.245590209960937
-0.4898681640625 -0.1534423828125 0.27972412109375 0.26287841796875
-0.5601806640625 -0.2767333984375 0.304931640625 0.248046875
-0.539276123046875 -0.260009765625 0.28955078125 0.18475341796875
-0.4932861328125 -0.2706298828125 0.22833251953125 0.0920257568359375
-0.552520751953125 -0.22137451171875 0.107963562011719 -0.0983734130859375
-0.557098388671875 -0.09429931640625 -0.000183105468750054 -0.2099609375
-0.515228271484375 0.0486145019531249 -0.14312744140625 -0.218612670898437
-0.445587158203125 0.267669677734375 -0.224472045898438 -0.0980682373046875
-0.41900634765625 0.305908203125 -0.275848388671875 -0.089202880859375
-0.273162841796875 0.47021484375 -0.27142333984375 0.00946044921874997
-0.175872802734375 0.4730224609375 -0.364593505859375 -0.0506591796874999
-0.238494873046875 0.3160400390625 0.171356201171875 0.551666259765625
-0.296478271484375 0.268310546875 0.10321044921875 0.441925048828125
-0.368438720703125 0.1005859375 0.142196655273437 0.224807739257812
-0.35809326171875 -0.0250244140625 0.150741577148437 0.22869873046875
-0.331756591796875 -0.15179443359375 0.291259765625 0.26654052734375
-0.395660400390625 -0.245941162109375 0.409698486328125 0.28143310546875
-0.393096923828125 -0.220947265625 0.469329833984375 0.23870849609375
-0.3759765625 -0.211944580078125 0.421630859375 0.132080078125
-0.425079345703125 -0.164703369140625 0.280288696289062 -0.09979248046875
-0.4169921875 -0.0526123046875 0.11370849609375 -0.2481689453125
-0.375640869140625 0.0628051757812501 -0.111251831054688 -0.2607421875
-0.31585693359375 0.222686767578125 -0.2432861328125 -0.0998077392578125
-0.29827880859375 0.25714111328125 -0.302703857421875 -0.0189208984375
-0.186004638671875 0.381134033203125 -0.292572021484375 0.145843505859375
-0.141693115234375 0.36419677734375 -0.416046142578125 0.115692138671875
-0.140884399414063 0.1453857421875 0.11724853515625 0.63671875
-0.166412353515625 0.140350341796875 0.035614013671875 0.46832275390625
-0.19036865234375 0.0335540771484375 0.064422607421875 0.212844848632813
-0.17529296875 -0.0184783935546875 0.108932495117187 0.199981689453125
-0.15093994140625 -0.0843048095703125 0.28692626953125 0.256378173828125
-0.199050903320313 -0.149017333984375 0.467376708984375 0.3028564453125
-0.1982421875 -0.13409423828125 0.58544921875 0.27801513671875
-0.203598022460937 -0.1240234375 0.5548095703125 0.1552734375
-0.234039306640625 -0.100753784179688 0.398468017578125 -0.109283447265625
-0.21685791015625 -0.035064697265625 0.185165405273438 -0.279937744140625
-0.193496704101563 0.0321502685546875 -0.09197998046875 -0.290924072265625
-0.167312622070313 0.118804931640625 -0.258346557617188 -0.1072998046875
-0.155288696289063 0.145263671875 -0.31585693359375 0.02777099609375
-0.091766357421875 0.219284057617188 -0.30780029296875 0.232513427734375
-0.102828979492188 0.193527221679688 -0.452606201171875 0.230316162109375
-0.0239505767822266 0.00365447998046875 0.40283203125 -0.28997802734375
0.0166101455688477 0.0175418853759766 0.320556640625 -0.246826171875
-0.00918769836425781 -0.000217437744140624 0.264312744140625 -0.066864013671875
-0.0185165405273438 -0.000749588012695312 0.241378784179688 0.135269165039063
-0.0114965438842773 -0.00845718383789062 0.03265380859375 0.25628662109375
-0.0192146301269531 -0.0163097381591797 -0.227371215820313 0.254150390625
-0.0160255432128906 0.00409603118896485 -0.45489501953125 0.0957946777343751
-0.00498294830322266 -0.000280380249023439 -0.56732177734375 -0.1571044921875
-0.010096549987793 0.0108261108398438 -0.57666015625 -0.302978515625
0.000342845916748047 -0.00438761711120605 -0.44183349609375 -0.30328369140625
0.00429439544677734 0.0105018615722656 -0.287689208984375 -0.174407958984375
-0.00754928588867188 0.0191707611083984 -0.1082763671875 -0.113204956054688
0.00960350036621094 -0.000472068786621094 0.00726318359374999 -0.198104858398438
0.0365753173828125 -0.00451278686523438 -0.0250244140625 -0.424041748046875
0.00898075103759766 -0.0165824890136719 -0.0590820312499999 -0.64984130859375
-0.093719482421875 0.216064453125 0.411468505859375 -0.242584228515625
-0.0712432861328125 0.21978759765625 0.3421630859375 -0.19488525390625
-0.146530151367187 0.159194946289063 0.297149658203125 -0.053375244140625
-0.186080932617188 0.0971527099609375 0.256134033203125 0.15313720703125
-0.204086303710938 0.0208282470703125 0.0582427978515625 0.255340576171875
-0.251052856445313 -0.0379943847656251 -0.2064208984375 0.249008178710937
-0.2496337890625 -0.050933837890625 -0.425506591796875 0.095916748046875
-0.201019287109375 -0.106460571289063 -0.52655029296875 -0.128204345703125
-0.209747314453125 -0.121231079101563 -0.54840087890625 -0.271514892578125
-0.190643310546875 -0.123947143554687 -0.43316650390625 -0.270233154296875
-0.175888061523438 -0.0794677734375 -0.278854370117188 -0.160079956054688
-0.195220947265625 0.0147705078125 -0.108810424804688 -0.10504150390625
-0.183013916015625 0.0247039794921875 -0.00801086425781251 -0.20849609375
-0.129661560058594 0.111213684082031 -0.038482666015625 -0.407684326171875
-0.083221435546875 0.153839111328125 -0.0738525390625 -0.62384033203125
-0.1689453125 0.391448974609375 0.40966796875 -0.127349853515625
-0.172210693359375 0.383758544921875 0.356658935546875 -0.088775634765625
-0.291961669921875 0.28192138671875 0.329833984375 -0.01055908203125
-0.35260009765625 0.15960693359375 0.2696533203125 0.17669677734375
-0.38409423828125 0.018829345703125 0.103424072265625 0.25018310546875
-0.453460693359375 -0.0839843749999999 -0.129409790039063 0.231735229492188
-0.4425048828125 -0.11590576171875 -0.3187255859375 0.09686279296875
-0.369598388671875 -0.197021484375 -0.402618408203125 -0.0818481445312501
-0.389984130859375 -0.21966552734375 -0.452178955078125 -0.21405029296875
-0.377777099609375 -0.1954345703125 -0.38104248046875 -0.223724365234375
-0.359222412109375 -0.116943359375 -0.262054443359375 -0.147918701171875
-0.368560791015625 0.056304931640625 -0.12811279296875 -0.10443115234375
-0.356536865234375 0.089324951171875 -0.0608062744140625 -0.222183227539063
-0.262054443359375 0.243194580078125 -0.0872802734375 -0.3638916015625
-0.1551513671875 0.312042236328125 -0.13116455078125 -0.54144287109375
-0.237457275390625 0.497955322265625 0.379547119140625 0.041656494140625
-0.272705078125 0.47589111328125 0.3441162109375 0.061370849609375
-0.422821044921875 0.333770751953125 0.34185791015625 0.056732177734375
-0.490936279296875 0.165435791015625 0.274765014648437 0.204299926757813
-0.51776123046875 -0.0219421386718751 0.17193603515625 0.245147705078125
-0.59539794921875 -0.1575927734375 4.57763671874439E-05 0.214370727539062
-0.57098388671875 -0.185546875 -0.1434326171875 0.104263305664063
-0.486236572265625 -0.258819580078125 -0.217742919921875 -0.0233612060546875
-0.528778076171875 -0.262237548828125 -0.296356201171875 -0.153472900390625
-0.532470703125 -0.19873046875 -0.28302001953125 -0.185028076171875
-0.5086669921875 -0.0816345214843751 -0.231231689453125 -0.148040771484375
-0.48870849609375 0.147369384765625 -0.159988403320312 -0.10400390625
-0.463531494140625 0.18798828125 -0.139175415039063 -0.209625244140625
-0.33135986328125 0.37481689453125 -0.16070556640625 -0.273712158203125
-0.189483642578125 0.4329833984375 -0.209686279296875 -0.4105224609375
-0.28125 0.51849365234375 0.324676513671875 0.2318115234375
-0.34716796875 0.4752197265625 0.29229736328125 0.222869873046875
-0.50103759765625 0.300994873046875 0.309661865234375 0.136871337890625
-0.55010986328125 0.110504150390625 0.254898071289062 0.2308349609375
-0.561004638671875 -0.092437744140625 0.234878540039062 0.249160766601563
-0.63427734375 -0.2301025390625 0.156463623046875 0.217453002929687
-0.60333251953125 -0.2386474609375 0.0723419189453124 0.132911682128906
-0.529510498046875 -0.281829833984375 0.0039710998535156 0.0369491577148437
-0.5887451171875 -0.25469970703125 -0.0972290039062501 -0.112312316894531
-0.59881591796875 -0.1492919921875 -0.143600463867187 -0.179214477539063
-0.56854248046875 -0.00646972656249993 -0.187667846679688 -0.172622680664062
-0.511871337890625 0.239166259765625 -0.195388793945313 -0.0994415283203125
-0.483795166015625 0.277862548828125 -0.218948364257813 -0.158584594726562
-0.324493408203125 0.46282958984375 -0.227249145507813 -0.139801025390625
-0.1922607421875 0.493011474609375 -0.293121337890625 -0.234771728515625
-0.28265380859375 0.451416015625 0.252532958984375 0.408447265625
-0.356231689453125 0.395355224609375 0.206024169921875 0.35723876953125
-0.48046875 0.20806884765625 0.235977172851562 0.198226928710937
-0.5001220703125 0.030242919921875 0.207015991210937 0.24072265625
-0.488037109375 -0.147216796875 0.279083251953125 0.2584228515625
-0.55810546875 -0.26690673828125 0.304443359375 0.242340087890625
-0.5396728515625 -0.25341796875 0.2901611328125 0.179779052734375
-0.491943359375 -0.263671875 0.2294921875 0.088836669921875
-0.55084228515625 -0.214019775390625 0.105484008789062 -0.097808837890625
-0.55560302734375 -0.0888366699218749 -0.00273132324218752 -0.208251953125
-0.513214111328125 0.0541992187500001 -0.144134521484375 -0.2149658203125
-0.440338134765625 0.2718505859375 -0.222640991210938 -0.0946807861328125
-0.412994384765625 0.310211181640625 -0.274337768554688 -0.0848236083984375
-0.26568603515625 0.46942138671875 -0.268951416015625 0.0124969482421875
-0.169830322265625 0.47100830078125 -0.36053466796875 -0.04693603515625
-0.23211669921875 0.318267822265625 0.17620849609375 0.545440673828125
-0.29052734375 0.270355224609375 0.10858154296875 0.4368896484375
-0.366363525390625 0.103973388671875 0.14276123046875 0.22015380859375
-0.3551025390625 -0.021942138671875 0.150665283203125 0.225723266601563
-0.332061767578125 -0.146484375 0.29266357421875 0.260406494140625
-0.396728515625 -0.239990234375 0.408416748046875 0.27508544921875
-0.391326904296875 -0.21533203125 0.468292236328125 0.2332763671875
-0.3760986328125 -0.207672119140625 0.421051025390625 0.127197265625
-0.423583984375 -0.15887451171875 0.277587890625 -0.101333618164063
-0.4150390625 -0.0484619140624999 0.110382080078125 -0.246292114257813
-0.374267578125 0.0662841796875001 -0.112457275390625 -0.25689697265625
-0.311981201171875 0.22552490234375 -0.241683959960938 -0.0948486328125
-0.29315185546875 0.259185791015625 -0.301055908203125 -0.015045166015625
-0.180419921875 0.37982177734375 -0.28802490234375 0.1470947265625
-0.136810302734375 0.36383056640625 -0.4112548828125 0.11895751953125
-0.137649536132813 0.146392822265625 0.12274169921875 0.62841796875
-0.162628173828125 0.142547607421875 0.04022216796875 0.46575927734375
-0.188720703125 0.034515380859375 0.06591796875 0.210006713867188
-0.17462158203125 -0.01739501953125 0.108978271484375 0.197189331054688
-0.150802612304688 -0.0825347900390625 0.286895751953125 0.250396728515625
-0.199981689453125 -0.145858764648437 0.465728759765625 0.2952880859375
-0.19708251953125 -0.130874633789063 0.5845947265625 0.270751953125
-0.203201293945313 -0.120361328125 0.552734375 0.14794921875
-0.233230590820312 -0.097503662109375 0.393890380859375 -0.11224365234375
-0.217361450195313 -0.031890869140625 0.18096923828125 -0.278732299804688
-0.19287109375 0.035064697265625 -0.095672607421875 -0.286834716796875
-0.164794921875 0.121063232421875 -0.257568359375 -0.101348876953125
-0.1519775390625 0.145721435546875 -0.312744140625 0.031707763671875
-0.0881195068359375 0.21826171875 -0.3018798828125 0.236572265625
-0.0994415283203125 0.1922607421875 -0.446258544921875 0.23388671875
-0.0235671997070313 0.00390243530273438 0.39599609375 -0.291290283203125
0.0163745880126953 0.0171947479248047 0.316375732421875 -0.24713134765625
-0.00850009918212891 0.00038623809814453 0.260513305664063 -0.070526123046875
-0.0192852020263672 -0.000913619995117185 0.241592407226562 0.131103515625
-0.0119590759277344 -0.00869083404541016 0.03564453125 0.2532958984375
-0.0186996459960938 -0.0155200958251953 -0.223739624023438 0.255584716796875
-0.016754150390625 0.00393581390380859 -0.45361328125 0.0980224609375001
-0.0046849250793457 -0.000403404235839845 -0.56689453125 -0.15118408203125
-0.00916099548339844 0.0114231109619141 -0.57550048828125 -0.2960205078125
-0.000231504440307617 -0.00421237945556641 -0.441925048828125 -0.2979736328125
0.00322151184082031 0.0103120803833008 -0.286590576171875 -0.170928955078125
-0.00716781616210938 0.0205497741699219 -0.107337951660156 -0.110992431640625
0.00949478149414062 -0.000355720520019531 0.00617980957031252 -0.196395874023438
0.0361289978027344 -0.00537872314453125 -0.02789306640625 -0.420166015625
0.00904178619384765 -0.0162105560302734 -0.0638427734375 -0.64349365234375
-0.09149169921875 0.216171264648438 0.40576171875 -0.24383544921875
-0.068359375 0.218170166015625 0.338043212890625 -0.19793701171875
-0.144454956054688 0.16015625 0.294219970703125 -0.05615234375
-0.183883666992188 0.098663330078125 0.25555419921875 0.148956298828125
-0.202362060546875 0.0218353271484375 0.0595245361328125 0.253326416015625
-0.24993896484375 -0.034820556640625 -0.202804565429688 0.248565673828125
-0.246475219726562 -0.04852294921875 -0.422119140625 0.0989379882812501
-0.200454711914063 -0.104415893554687 -0.521881103515625 -0.123779296875
-0.209686279296875 -0.118240356445312 -0.5469970703125 -0.2635498046875
-0.189971923828125 -0.120956420898438 -0.43170166015625 -0.26544189453125
-0.174362182617187 -0.077484130859375 -0.277908325195313 -0.15606689453125
-0.192413330078125 0.0167236328125 -0.107131958007812 -0.102890014648438
-0.18243408203125 0.0260467529296875 -0.009368896484375 -0.206253051757813
-0.128074645996094 0.111061096191406 -0.039459228515625 -0.402862548828125
-0.08203125 0.153121948242188 -0.079345703125 -0.61810302734375
-0.164398193359375 0.3919677734375 0.403717041015625 -0.1304931640625
-0.165557861328125 0.3829345703125 0.35308837890625 -0.0919189453125
-0.2874755859375 0.282562255859375 0.326202392578125 -0.01495361328125
-0.349334716796875 0.162567138671875 0.26898193359375 0.172210693359375
-0.380767822265625 0.021697998046875 0.106094360351562 0.24652099609375
-0.453216552734375 -0.0802001953124999 -0.126937866210938 0.231689453125
-0.441925048828125 -0.111114501953125 -0.3148193359375 0.099273681640625
-0.369415283203125 -0.19366455078125 -0.400909423828125 -0.077789306640625
-0.390411376953125 -0.21337890625 -0.450927734375 -0.208831787109375
-0.3770751953125 -0.1905517578125 -0.381744384765625 -0.2197265625
-0.35858154296875 -0.113250732421875 -0.259811401367188 -0.144149780273438
-0.3648681640625 0.0600585937499999 -0.125267028808594 -0.104011535644531
-0.352325439453125 0.0910339355468751 -0.0618896484375 -0.218231201171875
-0.257720947265625 0.242233276367187 -0.089141845703125 -0.359710693359375
-0.149078369140625 0.311004638671875 -0.1324462890625 -0.537445068359375
-0.22857666015625 0.497222900390625 0.37713623046875 0.038238525390625
-0.26751708984375 0.47613525390625 0.34088134765625 0.05755615234375
-0.4171142578125 0.336273193359375 0.338165283203125 0.050079345703125
-0.486480712890625 0.16815185546875 0.274185180664062 0.1995849609375
-0.513885498046875 -0.01885986328125 0.172012329101563 0.242095947265625
-0.5941162109375 -0.1512451171875 0.00115966796874996 0.213821411132812
-0.5699462890625 -0.1785888671875 -0.141250610351563 0.105819702148438
-0.48486328125 -0.252593994140625 -0.216156005859375 -0.0205841064453125
-0.526641845703125 -0.256805419921875 -0.295684814453125 -0.149688720703125
-0.529571533203125 -0.19268798828125 -0.282196044921875 -0.180999755859375
-0.5069580078125 -0.076690673828125 -0.229705810546875 -0.145278930664063
-0.48309326171875 0.15380859375 -0.158554077148438 -0.101776123046875
-0.4598388671875 0.190582275390625 -0.139739990234375 -0.205841064453125
-0.3243408203125 0.375457763671875 -0.16192626953125 -0.269973754882813
-0.184844970703125 0.431793212890625 -0.211822509765625 -0.40570068359375
-0.27197265625 0.5194091796875 0.324493408203125 0.226287841796875
-0.34002685546875 0.47613525390625 0.290924072265625 0.2193603515625
-0.496368408203125 0.30267333984375 0.3079833984375 0.13018798828125
-0.545867919921875 0.1148681640625 0.25311279296875 0.226730346679688
-0.557891845703125 -0.087371826171875 0.23651123046875 0.245712280273438
-0.6328125 -0.2215576171875 0.156631469726562 0.21514892578125
-0.602294921875 -0.23223876953125 0.0727005004882812 0.131134033203125
-0.528289794921875 -0.27655029296875 0.00559997558593746 0.0363845825195312
-0.58673095703125 -0.24786376953125 -0.0978698730468751 -0.109710693359375
-0.5977783203125 -0.14361572265625 -0.144393920898438 -0.176925659179688
-0.5662841796875 -0.00183105468750008 -0.187088012695313 -0.170654296875
-0.506072998046875 0.242950439453125 -0.19287109375 -0.0965118408203125
-0.4769287109375 0.280975341796875 -0.21875 -0.15484619140625
-0.319061279296875 0.462432861328125 -0.225799560546875 -0.137237548828125
-0.185699462890625 0.490997314453125 -0.291839599609375 -0.230743408203125
-0.27490234375 0.454315185546875 0.253814697265625 0.403045654296875
-0.348785400390625 0.39630126953125 0.207183837890625 0.35260009765625
-0.4769287109375 0.20989990234375 0.235580444335937 0.193313598632812
-0.49676513671875 0.0353088378906251 0.2073974609375 0.237060546875
-0.48651123046875 -0.141815185546875 0.27911376953125 0.254379272460938
-0.55780029296875 -0.259521484375 0.304107666015625 0.239166259765625
-0.537628173828125 -0.245819091796875 0.289825439453125 0.17645263671875
-0.490936279296875 -0.258148193359375 0.229278564453125 0.0867156982421875
-0.549163818359375 -0.2073974609375 0.104942321777344 -0.0975723266601563
-0.553741455078125 -0.08306884765625 -0.00398254394531254 -0.206253051757813
-0.509521484375 0.05859375 -0.144302368164062 -0.212020874023438
-0.434814453125 0.2752685546875 -0.220901489257813 -0.09088134765625
-0.407470703125 0.31219482421875 -0.272171020507813 -0.081329345703125
-0.257720947265625 0.46685791015625 -0.266098022460937 0.0152587890625
-0.163787841796875 0.46929931640625 -0.35845947265625 -0.043304443359375
-0.226470947265625 0.31805419921875 0.178375244140625 0.540191650390625
-0.28424072265625 0.271697998046875 0.1126708984375 0.433074951171875
-0.361572265625 0.1075439453125 0.142745971679688 0.215789794921875
-0.35345458984375 -0.0186767578125 0.15032958984375 0.2232666015625
-0.3299560546875 -0.14276123046875 0.291717529296875 0.2564697265625
-0.39697265625 -0.233489990234375 0.409210205078125 0.269744873046875
-0.391571044921875 -0.21044921875 0.468017578125 0.227935791015625
-0.3746337890625 -0.202301025390625 0.420989990234375 0.121673583984375
-0.42205810546875 -0.152374267578125 0.275848388671875 -0.10150146484375
-0.413970947265625 -0.04296875 0.108062744140625 -0.245635986328125
-0.371856689453125 0.06982421875 -0.113357543945313 -0.253753662109375
-0.308807373046875 0.226806640625 -0.239944458007813 -0.090240478515625
-0.288482666015625 0.26116943359375 -0.299224853515625 -0.011138916015625
-0.17364501953125 0.378570556640625 -0.284637451171875 0.148193359375
-0.133575439453125 0.362213134765625 -0.40625 0.1219482421875
-0.134506225585937 0.148223876953125 0.1270751953125 0.62408447265625
-0.159820556640625 0.143936157226563 0.043609619140625 0.459075927734375
-0.186767578125 0.0368499755859375 0.0670928955078125 0.207565307617187
-0.172515869140625 -0.0162200927734375 0.10870361328125 0.194229125976562
-0.150650024414063 -0.0808868408203125 0.28570556640625 0.246673583984375
-0.200592041015625 -0.143280029296875 0.463836669921875 0.28961181640625
-0.197021484375 -0.128662109375 0.5836181640625 0.265869140625
-0.2021484375 -0.117645263671875 0.551544189453125 0.14141845703125
-0.2325439453125 -0.09423828125 0.39129638671875 -0.113677978515625
-0.216766357421875 -0.0299072265625 0.177963256835938 -0.27728271484375
-0.191238403320313 0.035980224609375 -0.096527099609375 -0.282135009765625
-0.162734985351562 0.122451782226563 -0.255645751953125 -0.097564697265625
-0.150726318359375 0.146377563476562 -0.3095703125 0.035430908203125
-0.0855255126953125 0.216278076171875 -0.296417236328125 0.23809814453125
-0.0971221923828125 0.19244384765625 -0.439605712890625 0.236297607421875
-0.0228862762451172 0.00311088562011719 0.39111328125 -0.29248046875
0.0175533294677734 0.0174751281738281 0.3106689453125 -0.248748779296875
-0.00832796096801758 0.00028228759765625 0.25787353515625 -0.0712127685546875
-0.0186538696289063 -0.000650405883789065 0.24041748046875 0.127090454101563
-0.0113000869750977 -0.00913619995117187 0.0352783203125 0.251510620117188
-0.0193862915039063 -0.0148582458496094 -0.220809936523438 0.254440307617187
-0.0157203674316406 0.0034494400024414 -0.4490966796875 0.100555419921875
-0.00527667999267578 -0.00150966644287109 -0.56475830078125 -0.1466064453125
-0.00930213928222656 0.0113067626953125 -0.57586669921875 -0.289306640625
0.00011444091796875 -0.00469779968261719 -0.440887451171875 -0.294158935546875
0.00391674041748047 0.0109424591064453 -0.28509521484375 -0.168304443359375
-0.005767822265625 0.0203895568847656 -0.106658935546875 -0.109420776367188
0.00968170166015625 -0.000758171081542969 0.00720214843749999 -0.1942138671875
0.0351524353027344 -0.006103515625 -0.030181884765625 -0.41644287109375
0.00810813903808594 -0.0152902603149414 -0.06781005859375 -0.63861083984375
-0.08892822265625 0.21624755859375 0.400543212890625 -0.24407958984375
-0.0657806396484375 0.217315673828125 0.332763671875 -0.199066162109375
-0.142105102539062 0.160430908203125 0.290985107421875 -0.05816650390625
-0.182418823242188 0.0991668701171875 0.254531860351563 0.14501953125
-0.200225830078125 0.0227508544921875 0.060882568359375 0.25
-0.24871826171875 -0.031982421875 -0.20001220703125 0.248870849609375
-0.246109008789063 -0.0465240478515625 -0.4188232421875 0.1021728515625
-0.199417114257813 -0.102264404296875 -0.522216796875 -0.119964599609375
-0.208145141601562 -0.11529541015625 -0.5462646484375 -0.2589111328125
-0.189651489257813 -0.119369506835937 -0.429473876953125 -0.262237548828125
-0.175201416015625 -0.0758514404296875 -0.274826049804688 -0.152969360351563
-0.190536499023438 0.0184326171875 -0.106483459472656 -0.100448608398437
-0.1805419921875 0.0278778076171875 -0.0092926025390625 -0.204086303710937
-0.126258850097656 0.110038757324219 -0.041107177734375 -0.399383544921875
-0.0793609619140625 0.153289794921875 -0.0827636718750001 -0.61260986328125
-0.158447265625 0.3895263671875 0.400726318359375 -0.130462646484375
-0.161712646484375 0.383148193359375 0.348358154296875 -0.094024658203125
-0.282745361328125 0.282958984375 0.322906494140625 -0.018310546875
-0.346923828125 0.164306640625 0.269134521484375 0.168319702148437
-0.378326416015625 0.0246887207031251 0.106918334960937 0.243972778320312
-0.451324462890625 -0.075927734375 -0.124313354492188 0.23211669921875
-0.439117431640625 -0.107574462890625 -0.31243896484375 0.10076904296875
-0.36663818359375 -0.1905517578125 -0.398681640625 -0.07550048828125
-0.38970947265625 -0.2105712890625 -0.45208740234375 -0.2037353515625
-0.37640380859375 -0.186279296875 -0.38018798828125 -0.216217041015625
-0.358489990234375 -0.11077880859375 -0.257675170898438 -0.141921997070312
-0.36126708984375 0.064300537109375 -0.125 -0.101600646972656
-0.349822998046875 0.0934753417968749 -0.0618438720703125 -0.216293334960938
-0.25421142578125 0.242538452148437 -0.091796875 -0.354339599609375
-0.1474609375 0.309295654296875 -0.136993408203125 -0.53399658203125
-0.223358154296875 0.4957275390625 0.3756103515625 0.03564453125
-0.26043701171875 0.475372314453125 0.339874267578125 0.054473876953125
-0.412994384765625 0.33807373046875 0.335601806640625 0.046142578125
-0.482940673828125 0.171417236328125 0.272506713867187 0.196441650390625
-0.510528564453125 -0.0149536132812499 0.17279052734375 0.238555908203125
-0.5924072265625 -0.14361572265625 0.00312805175781244 0.212677001953125
-0.56640625 -0.1739501953125 -0.139640808105469 0.10589599609375
-0.482940673828125 -0.2496337890625 -0.214431762695313 -0.020263671875
-0.525787353515625 -0.251068115234375 -0.29559326171875 -0.146453857421875
-0.52801513671875 -0.187744140625 -0.281219482421875 -0.177978515625
-0.505889892578125 -0.0731201171875 -0.228225708007813 -0.1431884765625
-0.478240966796875 0.156219482421875 -0.156448364257813 -0.0992431640625
-0.454071044921875 0.193389892578125 -0.14013671875 -0.203399658203125
-0.318572998046875 0.3729248046875 -0.161956787109375 -0.266448974609375
-0.179901123046875 0.43060302734375 -0.212005615234375 -0.40216064453125
-0.26611328125 0.517913818359375 0.323486328125 0.2232666015625
-0.33245849609375 0.477020263671875 0.290985107421875 0.21441650390625
-0.48980712890625 0.306640625 0.3060302734375 0.12615966796875
-0.543670654296875 0.1171875 0.252899169921875 0.223526000976562
-0.555755615234375 -0.0821533203124999 0.235885620117187 0.241607666015625
-0.630859375 -0.21441650390625 0.157516479492187 0.212387084960938
-0.5994873046875 -0.2261962890625 0.0736923217773437 0.13006591796875
-0.5262451171875 -0.2711181640625 0.00603485107421872 0.0355720520019531
-0.585693359375 -0.2425537109375 -0.0987472534179688 -0.107658386230469
-0.59527587890625 -0.13812255859375 -0.143539428710938 -0.174713134765625
-0.561798095703125 0.00131225585937498 -0.185623168945313 -0.167388916015625
-0.499359130859375 0.24627685546875 -0.19110107421875 -0.0938568115234375
-0.47259521484375 0.28436279296875 -0.217605590820313 -0.151901245117188
-0.311798095703125 0.459930419921875 -0.22467041015625 -0.134078979492187
-0.1812744140625 0.490631103515625 -0.290618896484375 -0.227783203125
-0.268890380859375 0.452972412109375 0.255218505859375 0.3990478515625
-0.342529296875 0.39715576171875 0.208160400390625 0.3482666015625
-0.473602294921875 0.213623046875 0.235031127929687 0.188507080078125
-0.49395751953125 0.0372314453125001 0.206329345703125 0.234817504882812
-0.48388671875 -0.138031005859375 0.278656005859375 0.25006103515625
-0.557586669921875 -0.253204345703125 0.303802490234375 0.23565673828125
-0.535675048828125 -0.240631103515625 0.28924560546875 0.173797607421875
-0.488494873046875 -0.253570556640625 0.229568481445312 0.0841827392578125
-0.547027587890625 -0.2015380859375 0.10321044921875 -0.0964736938476563
-0.551422119140625 -0.07867431640625 -0.00518798828125004 -0.204696655273438
-0.507781982421875 0.062286376953125 -0.143478393554688 -0.208480834960938
-0.429931640625 0.27801513671875 -0.21881103515625 -0.08819580078125
-0.40411376953125 0.31341552734375 -0.270919799804688 -0.0780181884765625
-0.25164794921875 0.466033935546875 -0.263397216796875 0.017303466796875
-0.158721923828125 0.467193603515625 -0.354736328125 -0.040924072265625
-0.223846435546875 0.3187255859375 0.182525634765625 0.535430908203125
-0.279296875 0.272354125976562 0.114990234375 0.428802490234375
-0.359619140625 0.110687255859375 0.142364501953125 0.212600708007813
-0.351226806640625 -0.0157470703125 0.149932861328125 0.22052001953125
-0.32891845703125 -0.139678955078125 0.2908935546875 0.251495361328125
-0.395660400390625 -0.22906494140625 0.40582275390625 0.26605224609375
-0.389923095703125 -0.205474853515625 0.466461181640625 0.223388671875
-0.37286376953125 -0.199554443359375 0.41961669921875 0.118438720703125
-0.421661376953125 -0.14990234375 0.2735595703125 -0.102432250976563
-0.411346435546875 -0.0411376953125001 0.105072021484375 -0.244720458984375
-0.368743896484375 0.07086181640625 -0.114273071289063 -0.250152587890625
-0.30499267578125 0.2291259765625 -0.237319946289062 -0.0873870849609375
-0.285186767578125 0.26092529296875 -0.2962646484375 -0.00839233398437499
-0.169342041015625 0.376129150390625 -0.279525756835938 0.150131225585938
-0.12933349609375 0.3619384765625 -0.401702880859375 0.1241455078125
-0.132583618164063 0.148040771484375 0.13232421875 0.61871337890625
-0.156204223632813 0.14300537109375 0.04730224609375 0.45623779296875
-0.18603515625 0.0380706787109375 0.0668487548828125 0.204055786132813
-0.172271728515625 -0.0140838623046875 0.108657836914063 0.193069458007813
-0.149688720703125 -0.0794830322265625 0.2850341796875 0.243865966796875
-0.201004028320313 -0.139785766601562 0.4620361328125 0.285064697265625
-0.197235107421875 -0.126754760742188 0.5804443359375 0.25921630859375
-0.20135498046875 -0.11492919921875 0.550994873046875 0.1373291015625
-0.23150634765625 -0.091644287109375 0.388641357421875 -0.11474609375
-0.215774536132813 -0.028228759765625 0.174728393554688 -0.276535034179688
-0.19085693359375 0.036529541015625 -0.0974884033203125 -0.280075073242188
-0.161911010742187 0.12335205078125 -0.253280639648437 -0.0942230224609375
-0.148574829101563 0.146453857421875 -0.30731201171875 0.037109375
-0.0816650390625 0.214828491210938 -0.292144775390625 0.237396240234375
-0.0954437255859375 0.192047119140625 -0.43328857421875 0.236846923828125
-0.0233497619628906 0.00390434265136719 0.38555908203125 -0.292694091796875
0.0170459747314453 0.0165271759033203 0.306549072265625 -0.24871826171875
-0.00850725173950195 0.000197410583496094 0.255050659179688 -0.0728607177734375
-0.0180950164794922 -0.000205993652343747 0.238922119140625 0.12408447265625
-0.0121402740478516 -0.00992584228515625 0.036834716796875 0.248367309570313
-0.0193767547607422 -0.0144309997558594 -0.21783447265625 0.254241943359375
-0.0164699554443359 0.00374603271484375 -0.445770263671875 0.10052490234375
-0.00440740585327148 -0.000479698181152343 -0.5640869140625 -0.14276123046875
-0.00885009765625 0.0112934112548828 -0.5745849609375 -0.28680419921875
-0.000705480575561524 -0.00389432907104492 -0.438934326171875 -0.2908935546875
0.00413227081298828 0.0104303359985352 -0.2823486328125 -0.1646728515625
-0.00491142272949219 0.0203266143798828 -0.105392456054688 -0.107429504394531
0.00953960418701172 -0.0006866455078125 0.00743103027343748 -0.193405151367188
0.0331459045410156 -0.00688934326171875 -0.030975341796875 -0.413604736328125
0.00810432434082031 -0.0147066116333008 -0.06976318359375 -0.6339111328125
-0.08697509765625 0.215225219726563 0.396087646484375 -0.244903564453125
-0.0633544921875 0.21685791015625 0.328857421875 -0.200592041015625
-0.140762329101562 0.16131591796875 0.28753662109375 -0.0606689453125
-0.181060791015625 0.0990142822265625 0.253463745117188 0.142486572265625
-0.2000732421875 0.022796630859375 0.061248779296875 0.2479248046875
-0.2479248046875 -0.03009033203125 -0.197296142578125 0.249603271484375
-0.244964599609375 -0.0456390380859375 -0.4156494140625 0.103118896484375
-0.19842529296875 -0.101821899414063 -0.5185546875 -0.1165771484375
-0.207977294921875 -0.1136474609375 -0.545654296875 -0.2554931640625
-0.189163208007813 -0.117584228515625 -0.42901611328125 -0.258697509765625
-0.1746826171875 -0.074951171875 -0.27410888671875 -0.150421142578125
-0.188827514648438 0.020263671875 -0.104225158691406 -0.099578857421875
-0.179840087890625 0.0285797119140625 -0.00852966308593752 -0.202362060546875
-0.125572204589844 0.109626770019531 -0.0421142578125 -0.396453857421875
-0.077850341796875 0.152786254882813 -0.0839233398437499 -0.60980224609375
-0.155029296875 0.3892822265625 0.3963623046875 -0.132110595703125
-0.158416748046875 0.38037109375 0.3453369140625 -0.09503173828125
-0.282379150390625 0.2850341796875 0.3201904296875 -0.022186279296875
-0.343719482421875 0.165435791015625 0.267745971679688 0.16534423828125
-0.376678466796875 0.0257873535156251 0.107940673828125 0.24090576171875
-0.450225830078125 -0.0721740722656251 -0.122833251953125 0.231918334960937
-0.437469482421875 -0.10650634765625 -0.311126708984375 0.101806640625
-0.365509033203125 -0.189056396484375 -0.396728515625 -0.0726318359375
-0.38916015625 -0.208251953125 -0.450042724609375 -0.20050048828125
-0.376220703125 -0.184051513671875 -0.378692626953125 -0.212860107421875
-0.35711669921875 -0.108001708984375 -0.256195068359375 -0.139877319335938
-0.358154296875 0.06488037109375 -0.123626708984375 -0.099639892578125
-0.34613037109375 0.094696044921875 -0.06243896484375 -0.214004516601563
-0.251373291015625 0.241607666015625 -0.092315673828125 -0.353271484375
-0.14373779296875 0.307647705078125 -0.137664794921875 -0.52923583984375
-0.21844482421875 0.496246337890625 0.373291015625 0.0335693359375
-0.25640869140625 0.474029541015625 0.337158203125 0.05218505859375
-0.409515380859375 0.33917236328125 0.33197021484375 0.04345703125
-0.47943115234375 0.173370361328125 0.271728515625 0.193222045898437
-0.509063720703125 -0.0129089355468749 0.172637939453125 0.235916137695313
-0.59149169921875 -0.13958740234375 0.00378417968749997 0.212600708007812
-0.56500244140625 -0.17071533203125 -0.138809204101563 0.105987548828125
-0.480560302734375 -0.247894287109375 -0.21240234375 -0.0194244384765625
-0.5242919921875 -0.2489013671875 -0.295562744140625 -0.143524169921875
-0.526519775390625 -0.1842041015625 -0.280319213867188 -0.175933837890625
-0.50262451171875 -0.0699462890624999 -0.227157592773438 -0.141036987304687
-0.475341796875 0.157989501953125 -0.154983520507813 -0.097747802734375
-0.45184326171875 0.19439697265625 -0.139801025390625 -0.200042724609375
-0.31494140625 0.3724365234375 -0.162109375 -0.264053344726563
-0.176177978515625 0.428314208984375 -0.212005615234375 -0.39849853515625
-0.260955810546875 0.518157958984375 0.32403564453125 0.21990966796875
-0.327178955078125 0.475006103515625 0.290252685546875 0.210784912109375
-0.485870361328125 0.308258056640625 0.3040771484375 0.1229248046875
-0.53973388671875 0.1214599609375 0.252227783203125 0.221176147460938
-0.55230712890625 -0.080078125 0.237213134765625 0.238693237304688
-0.630126953125 -0.20965576171875 0.157028198242187 0.211807250976563
-0.5985107421875 -0.22314453125 0.07452392578125 0.129508972167969
-0.525054931640625 -0.267669677734375 0.00692367553710934 0.0355491638183594
-0.58294677734375 -0.2386474609375 -0.0983810424804688 -0.105682373046875
-0.5927734375 -0.13427734375 -0.1436767578125 -0.17291259765625
-0.55926513671875 0.00393676757812494 -0.1844482421875 -0.16485595703125
-0.49591064453125 0.24786376953125 -0.189987182617188 -0.091461181640625
-0.468780517578125 0.285552978515625 -0.217498779296875 -0.148391723632812
-0.308563232421875 0.458282470703125 -0.223968505859375 -0.132156372070313
-0.1771240234375 0.488616943359375 -0.289154052734375 -0.22491455078125
-0.264129638671875 0.4541015625 0.255706787109375 0.39520263671875
-0.33697509765625 0.397064208984375 0.2086181640625 0.344329833984375
-0.469818115234375 0.215423583984375 0.234054565429688 0.185089111328125
-0.49169921875 0.0415039062499999 0.205856323242187 0.232467651367188
-0.48114013671875 -0.135345458984375 0.27850341796875 0.246917724609375
-0.556640625 -0.2481689453125 0.301177978515625 0.23486328125
-0.533843994140625 -0.23583984375 0.289215087890625 0.1724853515625
-0.486572265625 -0.24969482421875 0.229141235351563 0.0821533203125
-0.54547119140625 -0.1982421875 0.102584838867187 -0.0957870483398438
-0.55010986328125 -0.0758056640624999 -0.00611877441406252 -0.202987670898438
-0.505645751953125 0.0633544921875 -0.1436767578125 -0.20703125
-0.4266357421875 0.27923583984375 -0.216827392578125 -0.085693359375
-0.39990234375 0.31427001953125 -0.269454956054687 -0.0743560791015625
-0.247802734375 0.46380615234375 -0.260757446289063 0.0181884765625
-0.154632568359375 0.466094970703125 -0.3521728515625 -0.0389404296875
-0.219879150390625 0.320343017578125 0.184234619140625 0.53179931640625
-0.27520751953125 0.27252197265625 0.116119384765625 0.424346923828125
-0.35614013671875 0.111968994140625 0.142410278320312 0.209121704101562
-0.350341796875 -0.013824462890625 0.1488037109375 0.2198486328125
-0.32843017578125 -0.137725830078125 0.29046630859375 0.2501220703125
-0.3966064453125 -0.224761962890625 0.40545654296875 0.263031005859375
-0.389923095703125 -0.202667236328125 0.465606689453125 0.219818115234375
-0.37213134765625 -0.1964111328125 0.419342041015625 0.115966796875
-0.419677734375 -0.145965576171875 0.272506713867188 -0.102142333984375
-0.4107666015625 -0.0396118164062501 0.104583740234375 -0.242645263671875
-0.367828369140625 0.072723388671875 -0.11309814453125 -0.247238159179687
-0.3013916015625 0.2294921875 -0.235565185546875 -0.0849151611328125
-0.283203125 0.261474609375 -0.29449462890625 -0.00592041015624995
-0.16717529296875 0.373046875 -0.276992797851562 0.151199340820313
-0.12591552734375 0.36053466796875 -0.397552490234375 0.125579833984375
-0.130783081054687 0.148880004882813 0.13330078125 0.6141357421875
-0.153854370117188 0.143783569335938 0.0477294921875 0.4520263671875
-0.184066772460937 0.039642333984375 0.0664520263671875 0.201675415039063
-0.171371459960938 -0.0128021240234375 0.107070922851562 0.192489624023437
-0.149826049804687 -0.0785369873046875 0.283905029296875 0.2393798828125
-0.20111083984375 -0.137466430664062 0.460693359375 0.281524658203125
-0.1968994140625 -0.124053955078125 0.57958984375 0.25506591796875
-0.200531005859375 -0.114532470703125 0.548675537109375 0.132781982421875
-0.23150634765625 -0.0897216796875 0.38677978515625 -0.115234375
-0.214981079101562 -0.0267791748046875 0.173568725585937 -0.274795532226563
-0.190414428710937 0.0379791259765625 -0.0978546142578125 -0.276092529296875
-0.16064453125 0.12384033203125 -0.251785278320313 -0.09130859375
-0.1470947265625 0.146408081054687 -0.3046875 0.039825439453125
-0.080169677734375 0.213531494140625 -0.2886962890625 0.237640380859375
-0.09393310546875 0.191635131835937 -0.42816162109375 0.238128662109375
-0.0227317810058594 0.00396919250488281 0.381744384765625 -0.29266357421875
0.0174674987792969 0.015955924987793 0.303192138671875 -0.249420166015625
-0.00766134262084961 0.000750064849853516 0.2530517578125 -0.0733795166015625
-0.0187492370605469 -0.00110626220703125 0.238037109375 0.121658325195313
-0.0121536254882813 -0.00951576232910156 0.0373382568359375 0.246353149414063
-0.0186805725097656 -0.0135421752929687 -0.215591430664063 0.254196166992187
-0.0159568786621094 0.00332927703857422 -0.443939208984375 0.103240966796875
-0.00401043891906738 -0.000691652297973632 -0.56268310546875 -0.141357421875
-0.00858783721923828 0.0117568969726563 -0.57342529296875 -0.2822265625
-0.000720977783203125 -0.00416994094848633 -0.438140869140625 -0.289825439453125
0.00436973571777344 0.0103769302368164 -0.280792236328125 -0.1630859375
-0.00501823425292969 0.0210323333740234 -0.103515625 -0.105987548828125
0.00911140441894531 -0.000729560852050781 0.00827026367187502 -0.19140625
0.0323772430419922 -0.00756454467773437 -0.031494140625 -0.409515380859375
0.00797843933105469 -0.0145492553710938 -0.07159423828125 -0.6304931640625
-0.0851593017578125 0.214706420898438 0.39263916015625 -0.245697021484375
-0.0621490478515625 0.215179443359375 0.3243408203125 -0.20147705078125
-0.1395263671875 0.161331176757812 0.28643798828125 -0.063140869140625
-0.179718017578125 0.100387573242188 0.251800537109375 0.139373779296875
-0.199554443359375 0.0229949951171875 0.061279296875 0.24578857421875
-0.247314453125 -0.0287933349609375 -0.194747924804688 0.2496337890625
-0.243942260742188 -0.0451812744140625 -0.41400146484375 0.103912353515625
-0.19757080078125 -0.101669311523438 -0.518402099609375 -0.1141357421875
-0.20782470703125 -0.112701416015625 -0.5452880859375 -0.251373291015625
-0.188796997070312 -0.11602783203125 -0.427825927734375 -0.257659912109375
-0.1739501953125 -0.074188232421875 -0.271835327148438 -0.149261474609375
-0.187149047851563 0.02093505859375 -0.103279113769531 -0.0986480712890625
-0.178207397460938 0.0288848876953125 -0.00878906250000002 -0.200698852539063
-0.124641418457031 0.108612060546875 -0.043853759765625 -0.3939208984375
-0.0770721435546875 0.153472900390625 -0.0856323242187499 -0.605712890625
-0.151702880859375 0.38824462890625 0.394134521484375 -0.133575439453125
-0.155242919921875 0.379425048828125 0.34326171875 -0.09686279296875
-0.279449462890625 0.284820556640625 0.318084716796875 -0.023651123046875
-0.342315673828125 0.166015625 0.26654052734375 0.162734985351562
-0.375274658203125 0.0261230468749999 0.108932495117187 0.240005493164063
-0.448486328125 -0.0694580078125 -0.12164306640625 0.231353759765625
-0.43707275390625 -0.104736328125 -0.31024169921875 0.1021728515625
-0.363861083984375 -0.18731689453125 -0.3956298828125 -0.0692138671875
-0.38873291015625 -0.205108642578125 -0.449615478515625 -0.197662353515625
-0.375640869140625 -0.182159423828125 -0.3779296875 -0.211273193359375
-0.35601806640625 -0.10565185546875 -0.25421142578125 -0.138412475585938
-0.356658935546875 0.06683349609375 -0.120925903320313 -0.0980148315429687
-0.345367431640625 0.0973510742187499 -0.0623779296875 -0.211288452148438
-0.249526977539062 0.241607666015625 -0.09173583984375 -0.350616455078125
-0.14105224609375 0.308319091796875 -0.137939453125 -0.525970458984375
-0.214691162109375 0.49517822265625 0.371002197265625 0.03106689453125
-0.25250244140625 0.473297119140625 0.3358154296875 0.04888916015625
-0.407135009765625 0.339599609375 0.3306884765625 0.03985595703125
-0.477996826171875 0.1746826171875 0.2706298828125 0.190597534179688
-0.505859375 -0.0122985839843749 0.174179077148437 0.232742309570312
-0.5906982421875 -0.13531494140625 0.00361633300781249 0.212188720703125
-0.56256103515625 -0.16937255859375 -0.136955261230469 0.106117248535156
-0.4793701171875 -0.245574951171875 -0.211318969726563 -0.0173492431640625
-0.52301025390625 -0.246368408203125 -0.294464111328125 -0.1409912109375
-0.526336669921875 -0.181610107421875 -0.2799072265625 -0.174484252929688
-0.501556396484375 -0.0675048828124999 -0.22552490234375 -0.139572143554687
-0.471405029296875 0.159881591796875 -0.1539306640625 -0.0966339111328125
-0.449371337890625 0.19677734375 -0.139251708984375 -0.19818115234375
-0.31243896484375 0.370513916015625 -0.161575317382813 -0.262283325195313
-0.17364501953125 0.427978515625 -0.212188720703125 -0.395263671875
-0.2562255859375 0.517242431640625 0.322296142578125 0.218536376953125
-0.32208251953125 0.4766845703125 0.28936767578125 0.20965576171875
-0.483062744140625 0.3095703125 0.302093505859375 0.119293212890625
-0.53729248046875 0.12200927734375 0.250473022460937 0.218673706054688
-0.55029296875 -0.0776062011718751 0.237045288085937 0.236129760742188
-0.6290283203125 -0.20654296875 0.156326293945313 0.2113037109375
-0.59686279296875 -0.21832275390625 0.0743179321289062 0.128746032714844
-0.52313232421875 -0.265625 0.00776290893554684 0.0353126525878906
-0.58209228515625 -0.23577880859375 -0.0987777709960938 -0.104698181152344
-0.59051513671875 -0.13043212890625 -0.144058227539063 -0.171112060546875
-0.558746337890625 0.00744628906250011 -0.18359375 -0.163864135742187
-0.49267578125 0.24945068359375 -0.1881103515625 -0.0905609130859375
-0.4656982421875 0.286956787109375 -0.215469360351563 -0.146499633789062
-0.304473876953125 0.45733642578125 -0.222564697265625 -0.130325317382813
-0.174346923828125 0.486846923828125 -0.287872314453125 -0.223236083984375
-0.259796142578125 0.452728271484375 0.2569580078125 0.3927001953125
-0.332672119140625 0.396270751953125 0.21002197265625 0.341705322265625
-0.467620849609375 0.21661376953125 0.232192993164062 0.181594848632813
-0.489593505859375 0.0419921875 0.2052001953125 0.230911254882813
-0.479949951171875 -0.1318359375 0.2779541015625 0.245269775390625
-0.556793212890625 -0.2445068359375 0.3006591796875 0.23260498046875
-0.533538818359375 -0.2333984375 0.2882080078125 0.17047119140625
-0.484466552734375 -0.24652099609375 0.228958129882813 0.080230712890625
-0.544097900390625 -0.1964111328125 0.101631164550781 -0.0943069458007813
-0.547576904296875 -0.0722045898437499 -0.00669860839843753 -0.201675415039063
-0.50347900390625 0.0657653808593751 -0.142776489257813 -0.205291748046875
-0.42327880859375 0.279876708984375 -0.215316772460938 -0.0835723876953125
-0.39813232421875 0.31451416015625 -0.268096923828125 -0.072784423828125
-0.243682861328125 0.4615478515625 -0.258712768554688 0.0192260742187501
-0.15264892578125 0.4635009765625 -0.349273681640625 -0.037994384765625
-0.21539306640625 0.319793701171875 0.185333251953125 0.52703857421875
-0.272109985351563 0.272491455078125 0.116485595703125 0.420562744140625
-0.35418701171875 0.113250732421875 0.142654418945312 0.206756591796875
-0.349151611328125 -0.011505126953125 0.148544311523437 0.218780517578125
-0.327667236328125 -0.136383056640625 0.289306640625 0.248016357421875
-0.396453857421875 -0.221099853515625 0.40264892578125 0.261566162109375
-0.388427734375 -0.200469970703125 0.464508056640625 0.21795654296875
-0.368896484375 -0.1947021484375 0.41766357421875 0.114227294921875
-0.417999267578125 -0.144866943359375 0.271072387695313 -0.102218627929688
-0.408843994140625 -0.0373229980468751 0.102615356445312 -0.2423095703125
-0.366607666015625 0.0731201171874999 -0.113067626953125 -0.24517822265625
-0.300506591796875 0.229827880859375 -0.233856201171875 -0.0825042724609375
-0.2813720703125 0.2607421875 -0.29290771484375 -0.00396728515624995
-0.164093017578125 0.3717041015625 -0.27410888671875 0.150787353515625
-0.124786376953125 0.359039306640625 -0.3934326171875 0.124786376953125
-0.129318237304688 0.149307250976562 0.13592529296875 0.61004638671875
-0.151565551757813 0.143447875976563 0.049652099609375 0.448883056640625
-0.184310913085938 0.0406951904296875 0.0663299560546875 0.200363159179688
-0.170791625976563 -0.011444091796875 0.1070556640625 0.191253662109375
-0.149658203125 -0.077728271484375 0.283843994140625 0.23785400390625
-0.200881958007813 -0.136337280273437 0.45880126953125 0.279052734375
-0.1966552734375 -0.122894287109375 0.577392578125 0.252685546875
-0.200637817382813 -0.113189697265625 0.547088623046875 0.12994384765625
-0.230865478515625 -0.088409423828125 0.385101318359375 -0.1148681640625
-0.21484375 -0.0259552001953125 0.172119140625 -0.274093627929688
-0.189544677734375 0.0382232666015625 -0.0980224609375 -0.273422241210938
-0.159408569335938 0.123825073242187 -0.249496459960938 -0.088958740234375
-0.1456298828125 0.146957397460938 -0.302734375 0.04071044921875
-0.0784454345703125 0.211578369140625 -0.28668212890625 0.238922119140625
-0.0926971435546875 0.191757202148438 -0.424163818359375 0.23828125
-0.0229530334472656 0.00366401672363282 0.37738037109375 -0.2921142578125
0.0175209045410156 0.0154705047607422 0.29949951171875 -0.24920654296875
-0.00827550888061523 0.000377178192138671 0.250961303710938 -0.074920654296875
-0.01788330078125 -0.000822067260742186 0.236862182617187 0.119918823242188
-0.0123071670532227 -0.00982856750488281 0.03753662109375 0.244766235351562
-0.0193920135498047 -0.0125064849853516 -0.214508056640625 0.252822875976563
-0.0168399810791016 0.00258922576904297 -0.441650390625 0.103271484375
-0.00433707237243652 -0.0015110969543457 -0.562103271484375 -0.139556884765625
-0.00813484191894531 0.0121440887451172 -0.57427978515625 -0.2799072265625
-0.000833988189697266 -0.00449514389038086 -0.437774658203125 -0.28863525390625
0.00433635711669922 0.0104198455810547 -0.279800415039063 -0.1612548828125
-0.004119873046875 0.0212078094482422 -0.103233337402344 -0.105117797851562
0.00924301147460938 -0.000716209411621094 0.00860595703125001 -0.19085693359375
0.0328006744384766 -0.00782966613769531 -0.030303955078125 -0.4073486328125
0.00822544097900391 -0.0143356323242187 -0.07208251953125 -0.62750244140625
-0.08306884765625 0.214614868164063 0.3890380859375 -0.246002197265625
-0.061370849609375 0.214889526367188 0.32183837890625 -0.2012939453125
-0.138778686523438 0.161819458007813 0.283416748046875 -0.06365966796875
-0.178985595703125 0.100540161132813 0.252212524414063 0.137802124023438
-0.197860717773438 0.0234832763671875 0.062957763671875 0.244049072265625
-0.247543334960938 -0.027099609375 -0.194015502929688 0.2493896484375
-0.2437744140625 -0.043426513671875 -0.413330078125 0.105224609375
-0.197021484375 -0.101364135742188 -0.517181396484375 -0.1131591796875
-0.206832885742188 -0.111648559570312 -0.54583740234375 -0.249725341796875
-0.188888549804688 -0.114944458007813 -0.426727294921875 -0.255584716796875
-0.174041748046875 -0.073089599609375 -0.270599365234375 -0.147216796875
-0.185867309570312 0.022674560546875 -0.101486206054688 -0.0977706909179687
-0.179031372070313 0.029571533203125 -0.00834655761718751 -0.199630737304688
-0.124359130859375 0.108474731445312 -0.04364013671875 -0.391021728515625
-0.076141357421875 0.151626586914063 -0.0865478515625 -0.6029052734375
-0.150604248046875 0.388763427734375 0.392242431640625 -0.133636474609375
-0.153228759765625 0.377685546875 0.341827392578125 -0.097686767578125
-0.27685546875 0.28643798828125 0.3160400390625 -0.02557373046875
-0.340850830078125 0.166107177734375 0.265823364257813 0.161041259765625
-0.374542236328125 0.026153564453125 0.108657836914062 0.23785400390625
-0.4483642578125 -0.0669250488281251 -0.120498657226563 0.231475830078125
-0.43536376953125 -0.1024169921875 -0.30706787109375 0.102996826171875
-0.363861083984375 -0.186248779296875 -0.394683837890625 -0.0706787109375
-0.3880615234375 -0.203216552734375 -0.44989013671875 -0.195648193359375
-0.376129150390625 -0.179779052734375 -0.3758544921875 -0.210723876953125
-0.35528564453125 -0.104949951171875 -0.253494262695313 -0.136886596679688
-0.35491943359375 0.068328857421875 -0.12066650390625 -0.0975341796875
-0.344146728515625 0.0975341796875 -0.0612640380859375 -0.210342407226562
-0.248260498046875 0.239791870117188 -0.091278076171875 -0.347564697265625
-0.13946533203125 0.30633544921875 -0.1383056640625 -0.52423095703125
-0.210845947265625 0.494842529296875 0.368743896484375 0.029998779296875
-0.24835205078125 0.4727783203125 0.333160400390625 0.0477294921875
-0.4039306640625 0.341766357421875 0.328582763671875 0.03717041015625
-0.476715087890625 0.175079345703125 0.270111083984375 0.18914794921875
-0.5057373046875 -0.010711669921875 0.1734619140625 0.23199462890625
-0.59051513671875 -0.13330078125 0.00523376464843748 0.212554931640625
-0.5628662109375 -0.1649169921875 -0.13641357421875 0.106147766113281
-0.477935791015625 -0.2435302734375 -0.2108154296875 -0.0170745849609376
-0.521209716796875 -0.24365234375 -0.2945556640625 -0.138702392578125
-0.524444580078125 -0.17913818359375 -0.278579711914063 -0.17364501953125
-0.500762939453125 -0.06671142578125 -0.223587036132813 -0.13824462890625
-0.469696044921875 0.160614013671875 -0.151901245117188 -0.09539794921875
-0.448211669921875 0.19708251953125 -0.13909912109375 -0.1961669921875
-0.30914306640625 0.369903564453125 -0.161407470703125 -0.259536743164063
-0.170806884765625 0.426025390625 -0.209716796875 -0.393829345703125
-0.253173828125 0.517913818359375 0.3221435546875 0.2166748046875
-0.31915283203125 0.476318359375 0.288818359375 0.206634521484375
-0.482391357421875 0.30987548828125 0.300872802734375 0.116546630859375
-0.535430908203125 0.12261962890625 0.24957275390625 0.216339111328125
-0.549224853515625 -0.0754699707031249 0.236160278320312 0.234527587890625
-0.62884521484375 -0.203125 0.156784057617187 0.210556030273438
-0.59564208984375 -0.21636962890625 0.0751724243164062 0.128684997558594
-0.522247314453125 -0.264892578125 0.00812530517578122 0.0355682373046875
-0.5816650390625 -0.23345947265625 -0.0987777709960938 -0.103401184082031
-0.591552734375 -0.12939453125 -0.143051147460938 -0.17022705078125
-0.557220458984375 0.00909423828124989 -0.182357788085938 -0.162185668945312
-0.49102783203125 0.251617431640625 -0.18524169921875 -0.0894927978515625
-0.464019775390625 0.2872314453125 -0.216094970703125 -0.144332885742188
-0.301483154296875 0.4556884765625 -0.221710205078125 -0.12921142578125
-0.1712646484375 0.484130859375 -0.286773681640625 -0.2216796875
-0.25714111328125 0.45343017578125 0.25665283203125 0.3900146484375
-0.329986572265625 0.39654541015625 0.208465576171875 0.33935546875
-0.465423583984375 0.21771240234375 0.231094360351562 0.179183959960938
-0.489166259765625 0.0428466796875 0.204055786132812 0.229507446289062
-0.479248046875 -0.130828857421875 0.278579711914063 0.243545532226563
-0.5560302734375 -0.240631103515625 0.30010986328125 0.23248291015625
-0.53302001953125 -0.230621337890625 0.287750244140625 0.16986083984375
-0.483123779296875 -0.2464599609375 0.22894287109375 0.079925537109375
-0.544097900390625 -0.193695068359375 0.101516723632812 -0.0937652587890625
-0.546661376953125 -0.0717773437499999 -0.00659179687500004 -0.2005615234375
-0.5040283203125 0.0678405761718749 -0.142547607421875 -0.203231811523437
-0.420654296875 0.28131103515625 -0.213455200195313 -0.0822906494140625
-0.396270751953125 0.316070556640625 -0.26715087890625 -0.070831298828125
-0.24163818359375 0.460601806640625 -0.257034301757813 0.0200042724609375
-0.1510009765625 0.46368408203125 -0.3466796875 -0.0371093749999999
-0.212615966796875 0.319854736328125 0.184326171875 0.523529052734375
-0.26959228515625 0.273208618164063 0.116790771484375 0.418670654296875
-0.352813720703125 0.113922119140625 0.14031982421875 0.204010009765625
-0.348602294921875 -0.01043701171875 0.147354125976562 0.217727661132812
-0.32635498046875 -0.13330078125 0.289947509765625 0.245697021484375
-0.39495849609375 -0.2178955078125 0.402618408203125 0.259246826171875
-0.3878173828125 -0.19879150390625 0.4637451171875 0.21728515625
-0.3692626953125 -0.193450927734375 0.4180908203125 0.112030029296875
-0.41754150390625 -0.142822265625 0.270416259765625 -0.10186767578125
-0.409210205078125 -0.036346435546875 0.1025390625 -0.240707397460938
-0.366241455078125 0.073944091796875 -0.11370849609375 -0.2430419921875
-0.298797607421875 0.230865478515625 -0.23211669921875 -0.08099365234375
-0.2796630859375 0.262191772460937 -0.29168701171875 -0.00344848632812497
-0.161285400390625 0.370819091796875 -0.2724609375 0.151290893554688
-0.122467041015625 0.3577880859375 -0.390472412109375 0.125091552734375
-0.127182006835937 0.149017333984375 0.1353759765625 0.6065673828125
-0.150543212890625 0.143585205078125 0.05255126953125 0.4471435546875
-0.18255615234375 0.0413970947265625 0.0655975341796875 0.19842529296875
-0.17034912109375 -0.011749267578125 0.106826782226563 0.191238403320313
-0.149398803710937 -0.076873779296875 0.282073974609375 0.236907958984375
-0.200973510742187 -0.133682250976563 0.45733642578125 0.277099609375
-0.196624755859375 -0.122039794921875 0.577392578125 0.25006103515625
-0.19879150390625 -0.111541748046875 0.546661376953125 0.128753662109375
-0.230133056640625 -0.0887298583984375 0.384246826171875 -0.1146240234375
-0.214157104492188 -0.02435302734375 0.170700073242188 -0.272781372070313
-0.189682006835938 0.0388336181640625 -0.09857177734375 -0.271682739257813
-0.158889770507813 0.124221801757813 -0.248092651367188 -0.0866241455078125
-0.14508056640625 0.145675659179688 -0.301116943359375 0.042694091796875
-0.0778350830078125 0.210464477539063 -0.282440185546875 0.23828125
-0.0915985107421875 0.191604614257813 -0.421539306640625 0.238006591796875
-0.0228614807128906 0.00349426269531251 0.37554931640625 -0.2919921875
0.0168542861938477 0.0149374008178711 0.298187255859375 -0.249481201171875
-0.00725746154785156 0.000621795654296875 0.250091552734375 -0.075042724609375
-0.0169792175292969 -0.000600814819335934 0.237274169921875 0.118316650390625
-0.0124893188476563 -0.0104246139526367 0.03851318359375 0.2440185546875
-0.0191421508789063 -0.0118274688720703 -0.21435546875 0.252731323242188
-0.0176105499267578 0.00394058227539063 -0.442108154296875 0.1029052734375
-0.00395298004150391 -0.00167226791381836 -0.5631103515625 -0.13861083984375
-0.00771427154541015 0.0121431350708008 -0.57354736328125 -0.27764892578125
-0.000716209411621094 -0.00410079956054688 -0.4371337890625 -0.287353515625
0.00387859344482422 0.0100317001342773 -0.278045654296875 -0.161331176757812
-0.00306320190429688 0.0214118957519531 -0.101341247558594 -0.104461669921875
0.00919342041015625 -0.000659942626953125 0.00856018066406249 -0.189971923828125
0.0313358306884766 -0.00838470458984375 -0.031158447265625 -0.405548095703125
0.00820350646972656 -0.0128841400146484 -0.072021484375 -0.62738037109375
-0.0829315185546875 0.21435546875 0.387664794921875 -0.24664306640625
-0.0603485107421875 0.215316772460937 0.32073974609375 -0.201324462890625
-0.137893676757812 0.162841796875 0.28240966796875 -0.065185546875
-0.178695678710938 0.10125732421875 0.251083374023437 0.135787963867187
-0.198654174804688 0.0227203369140625 0.062652587890625 0.242904663085938
-0.24774169921875 -0.0260467529296875 -0.193450927734375 0.24920654296875
-0.244094848632813 -0.043487548828125 -0.411773681640625 0.104095458984375
-0.196914672851562 -0.101470947265625 -0.516265869140625 -0.112823486328125
-0.207015991210938 -0.112411499023437 -0.544677734375 -0.247406005859375
-0.188949584960937 -0.114578247070313 -0.42645263671875 -0.254913330078125
-0.174331665039063 -0.0725250244140625 -0.27001953125 -0.147048950195312
-0.1849365234375 0.0236663818359375 -0.100303649902344 -0.096832275390625
-0.178359985351563 0.0298919677734375 -0.00830078125000003 -0.198989868164062
-0.123977661132813 0.108154296875 -0.042816162109375 -0.389495849609375
-0.0752410888671875 0.15264892578125 -0.0865478515625 -0.60107421875
-0.1484375 0.38873291015625 0.390533447265625 -0.133941650390625
-0.15167236328125 0.380889892578125 0.339324951171875 -0.098388671875
-0.275970458984375 0.286102294921875 0.313934326171875 -0.0279541015625
-0.340423583984375 0.16754150390625 0.265487670898438 0.159637451171875
-0.374267578125 0.025909423828125 0.108718872070312 0.236358642578125
-0.447601318359375 -0.0656127929687499 -0.120407104492188 0.232391357421875
-0.4345703125 -0.102325439453125 -0.306640625 0.10308837890625
-0.363311767578125 -0.18707275390625 -0.39508056640625 -0.0696105957031251
-0.387298583984375 -0.202117919921875 -0.449127197265625 -0.19482421875
-0.375701904296875 -0.179443359375 -0.37640380859375 -0.208251953125
-0.355682373046875 -0.103118896484375 -0.252166748046875 -0.136383056640625
-0.3531494140625 0.06976318359375 -0.118698120117188 -0.0965728759765625
-0.342620849609375 0.0986022949218751 -0.0610809326171875 -0.20892333984375
-0.245635986328125 0.238571166992188 -0.091094970703125 -0.3465576171875
-0.13970947265625 0.3065185546875 -0.13897705078125 -0.522735595703125
-0.2078857421875 0.495330810546875 0.368133544921875 0.029296875
-0.245758056640625 0.4727783203125 0.332672119140625 0.04693603515625
-0.4039306640625 0.3427734375 0.3265380859375 0.035125732421875
-0.476715087890625 0.17626953125 0.269332885742187 0.188018798828125
-0.505035400390625 -0.00860595703124997 0.174102783203125 0.230209350585938
-0.58856201171875 -0.13232421875 0.00503540039062496 0.21209716796875
-0.56268310546875 -0.1654052734375 -0.136070251464844 0.106864929199219
-0.476837158203125 -0.2440185546875 -0.20941162109375 -0.017181396484375
-0.5208740234375 -0.241851806640625 -0.29547119140625 -0.138336181640625
-0.524383544921875 -0.17755126953125 -0.278396606445313 -0.172958374023437
-0.5010986328125 -0.0655517578125 -0.222732543945313 -0.137161254882812
-0.46795654296875 0.163543701171875 -0.150466918945313 -0.0950164794921875
-0.44781494140625 0.19793701171875 -0.1383056640625 -0.194183349609375
-0.30810546875 0.3690185546875 -0.160308837890625 -0.259078979492188
-0.1689453125 0.42547607421875 -0.21038818359375 -0.39239501953125
-0.249664306640625 0.518310546875 0.321807861328125 0.216064453125
-0.315277099609375 0.47515869140625 0.287078857421875 0.2054443359375
-0.480010986328125 0.312103271484375 0.2984619140625 0.114715576171875
-0.536346435546875 0.12451171875 0.249221801757812 0.216079711914063
-0.548675537109375 -0.0748596191406251 0.237136840820312 0.232940673828125
-0.62884521484375 -0.2008056640625 0.157058715820312 0.210708618164063
-0.594970703125 -0.2142333984375 0.0747146606445312 0.128280639648438
-0.521697998046875 -0.26397705078125 0.00884246826171872 0.035308837890625
-0.5804443359375 -0.23272705078125 -0.0988922119140625 -0.102272033691406
-0.5909423828125 -0.1285400390625 -0.143218994140625 -0.1700439453125
-0.5579833984375 0.010650634765625 -0.181930541992188 -0.1611328125
-0.487884521484375 0.252960205078125 -0.184951782226563 -0.0883941650390625
-0.464202880859375 0.28924560546875 -0.215042114257813 -0.1427001953125
-0.29962158203125 0.456085205078125 -0.220550537109375 -0.128280639648437
-0.169342041015625 0.485015869140625 -0.285430908203125 -0.22076416015625
-0.254669189453125 0.454498291015625 0.255706787109375 0.388153076171875
-0.326629638671875 0.3975830078125 0.2081298828125 0.33831787109375
-0.46405029296875 0.219329833984375 0.229446411132812 0.176528930664063
-0.488616943359375 0.044525146484375 0.203506469726562 0.229507446289063
-0.4779052734375 -0.13037109375 0.278030395507812 0.242691040039063
-0.5557861328125 -0.23846435546875 0.30035400390625 0.23175048828125
-0.530731201171875 -0.230987548828125 0.28814697265625 0.169036865234375
-0.48260498046875 -0.245452880859375 0.22979736328125 0.0793304443359375
-0.54217529296875 -0.19183349609375 0.10113525390625 -0.0925827026367188
-0.546875 -0.0701599121093751 -0.00706481933593755 -0.199920654296875
-0.5029296875 0.0683288574218751 -0.142288208007813 -0.201568603515625
-0.419921875 0.2816162109375 -0.211456298828125 -0.0810241699218749
-0.395172119140625 0.316192626953125 -0.2664794921875 -0.0693206787109375
-0.2406005859375 0.458740234375 -0.255935668945313 0.0208282470703125
-0.149688720703125 0.46282958984375 -0.345733642578125 -0.0365600585937499
-0.211456298828125 0.3203125 0.184906005859375 0.521636962890625
-0.266021728515625 0.27239990234375 0.117462158203125 0.417205810546875
-0.351837158203125 0.115631103515625 0.1402587890625 0.201812744140625
-0.347412109375 -0.010223388671875 0.146621704101562 0.217681884765625
-0.325927734375 -0.1337890625 0.28839111328125 0.24505615234375
-0.396636962890625 -0.217041015625 0.40130615234375 0.25933837890625
-0.38812255859375 -0.1959228515625 0.462890625 0.2152099609375
-0.36865234375 -0.19378662109375 0.418121337890625 0.110992431640625
-0.417327880859375 -0.14141845703125 0.271148681640625 -0.101577758789063
-0.408721923828125 -0.035186767578125 0.102035522460938 -0.2398681640625
-0.365936279296875 0.074981689453125 -0.113067626953125 -0.241867065429688
-0.29705810546875 0.23272705078125 -0.230804443359375 -0.07916259765625
-0.279037475585938 0.26190185546875 -0.290008544921875 -0.00109863281249994
-0.159942626953125 0.36810302734375 -0.270538330078125 0.152008056640625
-0.12188720703125 0.358245849609375 -0.38861083984375 0.125030517578125
-0.1265869140625 0.14959716796875 0.13702392578125 0.6046142578125
-0.1485595703125 0.14398193359375 0.0517578125 0.44403076171875
-0.181427001953125 0.04217529296875 0.0651702880859375 0.196746826171875
-0.169952392578125 -0.01116943359375 0.105484008789063 0.19085693359375
-0.149368286132812 -0.0767059326171875 0.282470703125 0.2364501953125
-0.201690673828125 -0.133132934570313 0.454925537109375 0.2763671875
-0.195770263671875 -0.120773315429687 0.57574462890625 0.2490234375
-0.199325561523438 -0.1114501953125 0.546112060546875 0.1265869140625
-0.229461669921875 -0.0867767333984375 0.3831787109375 -0.1146240234375
-0.21453857421875 -0.0245361328125 0.170074462890625 -0.272247314453125
-0.1890869140625 0.0386810302734375 -0.09771728515625 -0.269561767578125
-0.158477783203125 0.125396728515625 -0.245468139648437 -0.0851593017578125
-0.144729614257812 0.146621704101563 -0.2999267578125 0.04327392578125
-0.077484130859375 0.209243774414062 -0.280960083007812 0.238250732421875
-0.091583251953125 0.192123413085938 -0.4189453125 0.239654541015625
-0.0227680206298828 0.00335693359375 0.374053955078125 -0.291748046875
0.0173892974853516 0.0150423049926758 0.296630859375 -0.250732421875
-0.00746393203735351 0.0015568733215332 0.248489379882813 -0.075103759765625
-0.0169391632080078 -0.00093269348144531 0.236801147460937 0.116058349609375
-0.0125923156738281 -0.0114431381225586 0.038909912109375 0.2432861328125
-0.0186862945556641 -0.0111865997314453 -0.2132568359375 0.25311279296875
-0.0174980163574219 0.00313186645507813 -0.440948486328125 0.10302734375
-0.00446605682373047 -0.0014500617980957 -0.56378173828125 -0.13726806640625
-0.00747203826904297 0.0127725601196289 -0.57647705078125 -0.2779541015625
-0.0011439323425293 -0.00415968894958496 -0.436798095703125 -0.288421630859375
0.00374507904052734 0.0100688934326172 -0.278305053710938 -0.160858154296875
-0.00230598449707031 0.0203037261962891 -0.100257873535156 -0.103492736816406
0.00935077667236328 -0.00114154815673828 0.00936889648437499 -0.189651489257813
0.0305213928222656 -0.00834083557128906 -0.03094482421875 -0.40460205078125
0.00856781005859375 -0.0134029388427734 -0.0731811523437501 -0.627197265625
-0.0816650390625 0.21466064453125 0.38641357421875 -0.246734619140625
-0.0595703125 0.214752197265625 0.319244384765625 -0.202239990234375
-0.137588500976562 0.163345336914063 0.281707763671875 -0.06640625
-0.178924560546875 0.100738525390625 0.251724243164063 0.134521484375
-0.19964599609375 0.0224151611328125 0.063385009765625 0.242279052734375
-0.247650146484375 -0.02508544921875 -0.193206787109375 0.248855590820312
-0.24383544921875 -0.0438079833984375 -0.412445068359375 0.10565185546875
-0.198043823242188 -0.102035522460938 -0.51690673828125 -0.110443115234375
-0.20751953125 -0.111572265625 -0.545654296875 -0.246826171875
-0.189987182617188 -0.114791870117187 -0.427276611328125 -0.255828857421875
-0.17523193359375 -0.07257080078125 -0.269821166992188 -0.146438598632813
-0.183975219726563 0.022796630859375 -0.0995025634765625 -0.0960235595703125
-0.177963256835938 0.0303192138671875 -0.00714111328125 -0.1976318359375
-0.123947143554688 0.10723876953125 -0.04266357421875 -0.388275146484375
-0.0750579833984375 0.1533203125 -0.0861816406249999 -0.60162353515625
-0.14752197265625 0.390289306640625 0.390228271484375 -0.13446044921875
-0.150177001953125 0.379425048828125 0.33770751953125 -0.09869384765625
-0.275665283203125 0.287261962890625 0.313201904296875 -0.028839111328125
-0.34075927734375 0.1680908203125 0.265625 0.15863037109375
-0.374481201171875 0.0257873535156249 0.109649658203125 0.23455810546875
-0.448577880859375 -0.06463623046875 -0.119491577148438 0.231918334960938
-0.43621826171875 -0.102203369140625 -0.306304931640625 0.10382080078125
-0.362457275390625 -0.1878662109375 -0.39373779296875 -0.0682678222656251
-0.3892822265625 -0.202728271484375 -0.450897216796875 -0.193450927734375
-0.37646484375 -0.17962646484375 -0.3770751953125 -0.208953857421875
-0.357452392578125 -0.10235595703125 -0.251876831054688 -0.1361083984375
-0.35186767578125 0.0713806152343749 -0.11773681640625 -0.0965957641601562
-0.342926025390625 0.100555419921875 -0.0602569580078125 -0.208084106445313
-0.246444702148437 0.239639282226563 -0.091278076171875 -0.34564208984375
-0.1378173828125 0.30615234375 -0.138641357421875 -0.522918701171875
-0.2069091796875 0.496429443359375 0.368988037109375 0.029510498046875
-0.243682861328125 0.472686767578125 0.331451416015625 0.046356201171875
-0.40338134765625 0.343231201171875 0.325042724609375 0.033477783203125
-0.47698974609375 0.17816162109375 0.26947021484375 0.187759399414062
-0.506195068359375 -0.00970458984374993 0.174667358398437 0.228912353515625
-0.589599609375 -0.1298828125 0.00575256347656246 0.213226318359375
-0.56304931640625 -0.16485595703125 -0.136192321777344 0.107040405273438
-0.477874755859375 -0.243408203125 -0.209243774414063 -0.0168609619140625
-0.523681640625 -0.240966796875 -0.295440673828125 -0.136993408203125
-0.5269775390625 -0.1771240234375 -0.278717041015625 -0.172622680664062
-0.502288818359375 -0.064971923828125 -0.222305297851563 -0.137710571289062
-0.46661376953125 0.16448974609375 -0.149200439453125 -0.0941619873046875
-0.447296142578125 0.200531005859375 -0.138031005859375 -0.1937255859375
-0.307281494140625 0.36895751953125 -0.159820556640625 -0.258193969726563
-0.1685791015625 0.4266357421875 -0.2108154296875 -0.393157958984375
-0.248565673828125 0.5196533203125 0.321441650390625 0.214996337890625
-0.31353759765625 0.476226806640625 0.2874755859375 0.204986572265625
-0.4801025390625 0.312713623046875 0.297607421875 0.112396240234375
-0.5362548828125 0.12518310546875 0.248764038085937 0.216278076171875
-0.54864501953125 -0.0751953124999999 0.237152099609375 0.232406616210938
-0.63055419921875 -0.197998046875 0.15704345703125 0.211517333984375
-0.59600830078125 -0.21484375 0.0747451782226562 0.128952026367188
-0.520660400390625 -0.263153076171875 0.00894355773925778 0.034708023071289
-0.58172607421875 -0.231689453125 -0.0990982055664063 -0.101325988769531
-0.590576171875 -0.127685546875 -0.143844604492188 -0.1690673828125
-0.55938720703125 0.010772705078125 -0.180572509765625 -0.16107177734375
-0.48822021484375 0.254425048828125 -0.183242797851563 -0.0874481201171874
-0.462890625 0.290252685546875 -0.214462280273438 -0.142227172851562
-0.30035400390625 0.4547119140625 -0.220046997070313 -0.128311157226563
-0.169036865234375 0.484283447265625 -0.28424072265625 -0.22119140625
-0.25201416015625 0.455535888671875 0.255859375 0.387481689453125
-0.3253173828125 0.397125244140625 0.20880126953125 0.33734130859375
-0.46258544921875 0.22021484375 0.22906494140625 0.175506591796875
-0.488372802734375 0.0458984375000001 0.203155517578125 0.229583740234375
-0.4791259765625 -0.1295166015625 0.278823852539062 0.241668701171875
-0.55645751953125 -0.23736572265625 0.300079345703125 0.23223876953125
-0.531585693359375 -0.230224609375 0.287689208984375 0.169342041015625
-0.48284912109375 -0.245849609375 0.23052978515625 0.07891845703125
-0.54412841796875 -0.191802978515625 0.101760864257812 -0.09246826171875
-0.547882080078125 -0.069549560546875 -0.00726318359375004 -0.199951171875
-0.504669189453125 0.0693054199218751 -0.141387939453125 -0.201522827148438
-0.419921875 0.283172607421875 -0.210205078125 -0.080413818359375
-0.3963623046875 0.318695068359375 -0.266204833984375 -0.0679473876953125
-0.2391357421875 0.458221435546875 -0.255462646484375 0.0206604003906251
-0.149200439453125 0.4632568359375 -0.343414306640625 -0.0361328125
-0.20916748046875 0.32196044921875 0.18609619140625 0.52093505859375
-0.264694213867188 0.273834228515625 0.11810302734375 0.416046142578125
-0.35125732421875 0.115997314453125 0.13934326171875 0.200912475585938
-0.34820556640625 -0.00955200195312496 0.146224975585937 0.21771240234375
-0.32696533203125 -0.13372802734375 0.29046630859375 0.244171142578125
-0.395965576171875 -0.21533203125 0.400421142578125 0.25958251953125
-0.388916015625 -0.197235107421875 0.462615966796875 0.215118408203125
-0.369384765625 -0.19268798828125 0.418212890625 0.110595703125
-0.417724609375 -0.140960693359375 0.271072387695313 -0.1002197265625
-0.408721923828125 -0.0335693359375 0.101913452148437 -0.23974609375
-0.3677978515625 0.076934814453125 -0.112945556640625 -0.241165161132813
-0.298065185546875 0.23388671875 -0.228866577148438 -0.078460693359375
-0.279434204101563 0.263168334960938 -0.29022216796875 3.05175781249618E-05
-0.16046142578125 0.369903564453125 -0.269302368164063 0.151626586914063
-0.12091064453125 0.358489990234375 -0.386932373046875 0.126220703125
-0.1256103515625 0.1502685546875 0.13702392578125 0.60394287109375
-0.147308349609375 0.14410400390625 0.050811767578125 0.444427490234375
-0.18206787109375 0.042083740234375 0.0646820068359375 0.195602416992188
-0.170547485351562 -0.0105743408203125 0.105026245117187 0.191329956054687
-0.14898681640625 -0.076690673828125 0.281463623046875 0.23663330078125
-0.201797485351562 -0.131393432617188 0.45550537109375 0.27801513671875
-0.19677734375 -0.120132446289062 0.576171875 0.2489013671875
-0.19805908203125 -0.111495971679687 0.545684814453125 0.12652587890625
-0.229873657226563 -0.0866241455078125 0.384613037109375 -0.11370849609375
-0.214691162109375 -0.024139404296875 0.17022705078125 -0.27093505859375
-0.190185546875 0.0394439697265625 -0.0971221923828125 -0.268707275390625
-0.159133911132812 0.125839233398438 -0.245895385742188 -0.08416748046875
-0.144790649414063 0.146713256835938 -0.29986572265625 0.044097900390625
-0.0772857666015625 0.208663940429687 -0.279830932617187 0.238174438476563
-0.091156005859375 0.192596435546875 -0.416717529296875 0.239105224609375
-0.0229644775390625 0.00206947326660157 0.374969482421875 -0.293670654296875
0.0172529220581055 0.0142745971679687 0.2955322265625 -0.250946044921875
-0.00632286071777344 0.000686645507812501 0.248992919921875 -0.076324462890625
-0.0177803039550781 -0.0017242431640625 0.23638916015625 0.114334106445313
-0.0124120712280273 -0.0112981796264648 0.0382843017578125 0.242904663085938
-0.0191726684570313 -0.0113258361816406 -0.212921142578125 0.253463745117188
-0.0175094604492188 0.00341892242431641 -0.44287109375 0.103271484375
-0.00393271446228027 -0.00147056579589844 -0.56500244140625 -0.1373291015625
-0.00765609741210938 0.0126609802246094 -0.5771484375 -0.27801513671875
-0.000715970993041992 -0.00374865531921387 -0.439239501953125 -0.286956787109375
0.00349521636962891 0.009979248046875 -0.278472900390625 -0.160675048828125
-0.00191688537597656 0.0207672119140625 -0.0989608764648438 -0.103492736816406
0.00889873504638672 -0.00111675262451172 0.011322021484375 -0.189498901367188
0.0304756164550781 -0.00874710083007812 -0.0308837890625 -0.405517578125
0.00890254974365234 -0.0125246047973633 -0.0731201171874999 -0.6278076171875
-0.0815887451171875 0.215591430664063 0.384979248046875 -0.247833251953125
-0.0593414306640625 0.215667724609375 0.31964111328125 -0.20318603515625
-0.137466430664063 0.164215087890625 0.280075073242188 -0.067169189453125
-0.179367065429688 0.101760864257813 0.251174926757813 0.133148193359375
-0.199203491210938 0.0226593017578125 0.0635833740234375 0.241729736328125
-0.248001098632813 -0.0241851806640625 -0.192657470703125 0.24981689453125
-0.245254516601562 -0.04345703125 -0.4129638671875 0.10491943359375
-0.198089599609375 -0.102035522460937 -0.5189208984375 -0.10992431640625
-0.207611083984375 -0.112213134765625 -0.549285888671875 -0.24761962890625
-0.1904296875 -0.11517333984375 -0.427947998046875 -0.25543212890625
-0.174301147460938 -0.0728302001953125 -0.26947021484375 -0.147048950195313
-0.183517456054687 0.02459716796875 -0.0986251831054688 -0.0951385498046875
-0.178436279296875 0.03057861328125 -0.00651550292968753 -0.198348999023438
-0.124290466308594 0.107673645019531 -0.042449951171875 -0.38873291015625
-0.0743408203125 0.153335571289063 -0.0877685546875001 -0.60302734375
-0.145294189453125 0.39093017578125 0.388916015625 -0.13623046875
-0.1485595703125 0.37994384765625 0.3377685546875 -0.10064697265625
-0.276336669921875 0.289703369140625 0.3126220703125 -0.030364990234375
-0.34234619140625 0.1688232421875 0.265792846679688 0.157806396484375
-0.376678466796875 0.0254821777343751 0.110092163085937 0.234390258789063
-0.449493408203125 -0.06317138671875 -0.119400024414063 0.233078002929688
-0.437225341796875 -0.100616455078125 -0.306793212890625 0.104034423828125
-0.364166259765625 -0.1883544921875 -0.39471435546875 -0.0701904296875
-0.389373779296875 -0.202728271484375 -0.451690673828125 -0.19207763671875
-0.377349853515625 -0.179840087890625 -0.377227783203125 -0.210693359375
-0.358245849609375 -0.102508544921875 -0.25164794921875 -0.136642456054687
-0.352508544921875 0.0733032226562501 -0.116462707519531 -0.0956573486328125
-0.344024658203125 0.101898193359375 -0.0600433349609375 -0.207977294921875
-0.247756958007813 0.239715576171875 -0.09051513671875 -0.346099853515625
-0.1361083984375 0.30810546875 -0.13787841796875 -0.522918701171875
-0.205352783203125 0.49859619140625 0.368194580078125 0.029022216796875
-0.243133544921875 0.474700927734375 0.332550048828125 0.046356201171875
-0.405029296875 0.344970703125 0.32391357421875 0.0323486328125
-0.477569580078125 0.180389404296875 0.268997192382812 0.187042236328125
-0.50689697265625 -0.010162353515625 0.175048828125 0.229034423828125
-0.5916748046875 -0.1282958984375 0.00688171386718747 0.21435546875
-0.56378173828125 -0.16351318359375 -0.136024475097656 0.10784912109375
-0.4791259765625 -0.24462890625 -0.210159301757813 -0.0173492431640625
-0.52484130859375 -0.242034912109375 -0.297088623046875 -0.1361083984375
-0.5274658203125 -0.17620849609375 -0.279693603515625 -0.173202514648437
-0.50445556640625 -0.0632019042968751 -0.222824096679688 -0.137435913085938
-0.467681884765625 0.166290283203125 -0.148239135742188 -0.094146728515625
-0.449127197265625 0.20220947265625 -0.1383056640625 -0.192413330078125
-0.307525634765625 0.370147705078125 -0.159530639648438 -0.258499145507813
-0.167144775390625 0.426666259765625 -0.210235595703125 -0.393768310546875
-0.246185302734375 0.521087646484375 0.32257080078125 0.214630126953125
-0.31292724609375 0.4774169921875 0.287689208984375 0.204925537109375
-0.481292724609375 0.31512451171875 0.297882080078125 0.110626220703125
-0.538665771484375 0.126983642578125 0.249038696289062 0.216903686523437
-0.550537109375 -0.0750732421875 0.238555908203125 0.231170654296875
-0.6297607421875 -0.19671630859375 0.157684326171875 0.212509155273438
-0.59796142578125 -0.21343994140625 0.0754623413085937 0.129425048828125
-0.522430419921875 -0.26458740234375 0.00945472717285153 0.0347270965576172
-0.5828857421875 -0.23248291015625 -0.0998687744140625 -0.09991455078125
-0.5938720703125 -0.12628173828125 -0.14398193359375 -0.169754028320312
-0.56036376953125 0.0128784179687501 -0.181564331054688 -0.16143798828125
-0.48809814453125 0.25592041015625 -0.182449340820313 -0.086273193359375
-0.463531494140625 0.2930908203125 -0.214859008789063 -0.140579223632813
-0.299163818359375 0.45550537109375 -0.219512939453125 -0.127059936523438
-0.16796875 0.486328125 -0.28326416015625 -0.222259521484375
-0.25030517578125 0.4561767578125 0.25653076171875 0.388214111328125
-0.32415771484375 0.39862060546875 0.20947265625 0.3363037109375
-0.46331787109375 0.221435546875 0.228256225585937 0.173812866210938
-0.48974609375 0.0464172363281251 0.202865600585937 0.23052978515625
-0.48016357421875 -0.129547119140625 0.280364990234375 0.2418212890625
-0.55889892578125 -0.235992431640625 0.299957275390625 0.23358154296875
-0.534271240234375 -0.227813720703125 0.288726806640625 0.169525146484375
-0.48419189453125 -0.24749755859375 0.231597900390625 0.07904052734375
-0.54547119140625 -0.1932373046875 0.101905822753906 -0.0915298461914063
-0.548919677734375 -0.068939208984375 -0.00738525390625004 -0.199615478515625
-0.50653076171875 0.06927490234375 -0.142181396484375 -0.2012939453125
-0.419891357421875 0.28497314453125 -0.20965576171875 -0.0799865722656249
-0.396270751953125 0.320404052734375 -0.266845703125 -0.0669097900390625
-0.239837646484375 0.458770751953125 -0.254714965820313 0.0216522216796876
-0.146392822265625 0.4654541015625 -0.34326171875 -0.037567138671875
-0.207611083984375 0.321868896484375 0.18707275390625 0.522125244140625
-0.263748168945312 0.273941040039063 0.118499755859375 0.4161376953125
-0.35150146484375 0.116943359375 0.138412475585937 0.199417114257813
-0.3487548828125 -0.00756835937499995 0.146682739257812 0.219085693359375
-0.32586669921875 -0.13214111328125 0.29058837890625 0.244110107421875
-0.39813232421875 -0.21484375 0.402313232421875 0.260406494140625
-0.389251708984375 -0.197235107421875 0.4642333984375 0.216766357421875
-0.368896484375 -0.193023681640625 0.419189453125 0.110015869140625
-0.418701171875 -0.141998291015625 0.271682739257813 -0.099945068359375
-0.4105224609375 -0.033294677734375 0.10174560546875 -0.24005126953125
-0.36968994140625 0.07672119140625 -0.112808227539063 -0.240646362304688
-0.29864501953125 0.234893798828125 -0.22802734375 -0.0782928466796875
-0.279617309570313 0.264923095703125 -0.290313720703125 0.00125122070312505
-0.158966064453125 0.368682861328125 -0.269790649414062 0.152694702148438
-0.122161865234375 0.360321044921875 -0.3865966796875 0.126007080078125
-0.124603271484375 0.149948120117188 0.13787841796875 0.6041259765625
-0.14666748046875 0.14459228515625 0.05096435546875 0.44342041015625
-0.181655883789063 0.043212890625 0.0646820068359375 0.195358276367188
-0.170928955078125 -0.01068115234375 0.105209350585938 0.19195556640625
-0.150527954101562 -0.077117919921875 0.282745361328125 0.236328125
-0.202377319335938 -0.130661010742188 0.45574951171875 0.27880859375
-0.197799682617188 -0.119674682617188 0.577392578125 0.24859619140625
-0.198944091796875 -0.111618041992188 0.54766845703125 0.126861572265625
-0.230438232421875 -0.0860137939453125 0.3857421875 -0.11383056640625
-0.215774536132813 -0.0237274169921875 0.170394897460938 -0.271560668945313
-0.19073486328125 0.0399627685546875 -0.0979461669921875 -0.268295288085938
-0.1591796875 0.127044677734375 -0.243972778320312 -0.0836029052734375
-0.145339965820312 0.146469116210938 -0.300537109375 0.04498291015625
-0.0768280029296875 0.208404541015625 -0.27911376953125 0.239578247070313
-0.090911865234375 0.19354248046875 -0.415496826171875 0.239105224609375
-0.0238399505615234 0.00344276428222656 0.374053955078125 -0.2945556640625
0.0182723999023438 0.0132102966308594 0.296142578125 -0.2523193359375
-0.00696802139282227 0.00165319442749023 0.249465942382813 -0.0774078369140625
-0.0171680450439453 -0.00139522552490234 0.237075805664063 0.113845825195313
-0.0133543014526367 -0.0114078521728516 0.037841796875 0.2431640625
-0.0193843841552734 -0.0106163024902344 -0.2137451171875 0.253875732421875
-0.0180587768554687 0.00375556945800781 -0.444305419921875 0.10308837890625
-0.00400042533874512 -0.00185275077819824 -0.567626953125 -0.13726806640625
-0.00775241851806641 0.0130825042724609 -0.58209228515625 -0.27764892578125
-0.00107431411743164 -0.00355172157287598 -0.44085693359375 -0.29010009765625
0.00381755828857422 0.0103473663330078 -0.2786865234375 -0.16162109375
-0.00114822387695312 0.0213375091552734 -0.0988693237304687 -0.103851318359375
0.00841856002807617 -0.00188446044921875 0.011444091796875 -0.190673828125
0.0291862487792969 -0.00894737243652344 -0.02978515625 -0.40655517578125
0.00851345062255859 -0.0123262405395508 -0.0732421875 -0.6290283203125
-0.08123779296875 0.216598510742188 0.38494873046875 -0.2479248046875
-0.0582733154296875 0.215835571289062 0.318511962890625 -0.2041015625
-0.138687133789063 0.164840698242188 0.28118896484375 -0.0682373046875
-0.180313110351563 0.102447509765625 0.252639770507812 0.132568359375
-0.200927734375 0.0215606689453125 0.0632781982421875 0.24249267578125
-0.24932861328125 -0.022674560546875 -0.193634033203125 0.251739501953125
-0.246063232421875 -0.044158935546875 -0.41485595703125 0.105987548828125
-0.198883056640625 -0.10260009765625 -0.521331787109375 -0.111358642578125
-0.209213256835938 -0.112167358398438 -0.553009033203125 -0.246551513671875
-0.191085815429688 -0.114761352539063 -0.42974853515625 -0.2576904296875
-0.175491333007812 -0.0722503662109375 -0.269943237304688 -0.146591186523438
-0.18316650390625 0.0245361328125 -0.0980758666992188 -0.0958938598632812
-0.179855346679688 0.03155517578125 -0.00610351562500001 -0.199127197265625
-0.125633239746094 0.107620239257812 -0.041473388671875 -0.389739990234375
-0.075225830078125 0.153457641601563 -0.0880126953125 -0.60595703125
-0.145904541015625 0.39349365234375 0.389984130859375 -0.136688232421875
-0.14837646484375 0.3826904296875 0.337371826171875 -0.101654052734375
-0.27777099609375 0.2911376953125 0.312347412109375 -0.0328369140625
-0.34423828125 0.1702880859375 0.2667236328125 0.158126831054687
-0.376953125 0.0263366699218751 0.111114501953125 0.23529052734375
-0.452850341796875 -0.061920166015625 -0.118927001953125 0.234359741210938
-0.43914794921875 -0.102020263671875 -0.308135986328125 0.104522705078125
-0.36578369140625 -0.189117431640625 -0.396087646484375 -0.068206787109375
-0.39215087890625 -0.203704833984375 -0.454132080078125 -0.1917724609375
-0.37945556640625 -0.17877197265625 -0.379669189453125 -0.210601806640625
-0.360565185546875 -0.10223388671875 -0.25262451171875 -0.13739013671875
-0.351776123046875 0.0730285644531249 -0.115997314453125 -0.09637451171875
-0.34552001953125 0.102630615234375 -0.0603027343750001 -0.20758056640625
-0.24810791015625 0.240936279296875 -0.0908508300781251 -0.34735107421875
-0.136810302734375 0.308807373046875 -0.1392822265625 -0.526214599609375
-0.204315185546875 0.50054931640625 0.3687744140625 0.028564453125
-0.240966796875 0.47613525390625 0.333038330078125 0.04443359375
-0.406829833984375 0.3487548828125 0.323883056640625 0.03009033203125
-0.4818115234375 0.180908203125 0.2705078125 0.1871337890625
-0.509857177734375 -0.00982666015625003 0.1771240234375 0.2291259765625
-0.59552001953125 -0.12738037109375 0.00740051269531247 0.21551513671875
-0.56689453125 -0.1641845703125 -0.136528015136719 0.108840942382812
-0.481170654296875 -0.245208740234375 -0.210479736328125 -0.016937255859375
-0.527862548828125 -0.243499755859375 -0.299102783203125 -0.135986328125
-0.53082275390625 -0.17620849609375 -0.280807495117188 -0.172607421875
-0.506744384765625 -0.0615234375 -0.222488403320313 -0.13775634765625
-0.468536376953125 0.1688232421875 -0.147735595703125 -0.09320068359375
-0.45013427734375 0.2052001953125 -0.138839721679688 -0.1923828125
-0.308868408203125 0.371246337890625 -0.160079956054688 -0.258544921875
-0.167083740234375 0.42877197265625 -0.211181640625 -0.394989013671875
-0.245330810546875 0.524139404296875 0.3233642578125 0.21453857421875
-0.310516357421875 0.4796142578125 0.28778076171875 0.204254150390625
-0.482147216796875 0.31915283203125 0.297607421875 0.10955810546875
-0.541290283203125 0.129669189453125 0.248748779296875 0.217880249023438
-0.553192138671875 -0.0751953124999999 0.240020751953125 0.23291015625
-0.63494873046875 -0.19561767578125 0.159042358398438 0.213394165039063
-0.60015869140625 -0.2130126953125 0.0753555297851562 0.129539489746094
-0.5235595703125 -0.265716552734375 0.0104656219482422 0.0347671508789062
-0.5859375 -0.23297119140625 -0.0991668701171875 -0.10015869140625
-0.5963134765625 -0.12701416015625 -0.144760131835938 -0.169769287109375
-0.56317138671875 0.0128784179687499 -0.181365966796875 -0.162078857421875
-0.490692138671875 0.259246826171875 -0.181015014648438 -0.0868682861328125
-0.465087890625 0.295623779296875 -0.21551513671875 -0.140029907226562
-0.2987060546875 0.457275390625 -0.219650268554688 -0.127212524414063
-0.167083740234375 0.48883056640625 -0.28466796875 -0.222747802734375
-0.25030517578125 0.45855712890625 0.258544921875 0.388763427734375
-0.322174072265625 0.40069580078125 0.209381103515625 0.337493896484375
-0.465911865234375 0.224609375 0.227645874023437 0.173263549804688
-0.49200439453125 0.04730224609375 0.203811645507813 0.2315673828125
-0.482666015625 -0.130096435546875 0.28179931640625 0.24224853515625
-0.56103515625 -0.235382080078125 0.3033447265625 0.234954833984375
-0.53692626953125 -0.22894287109375 0.28973388671875 0.17022705078125
-0.48583984375 -0.24737548828125 0.232879638671875 0.078643798828125
-0.549285888671875 -0.192657470703125 0.102569580078125 -0.0912017822265625
-0.55279541015625 -0.0672607421874999 -0.00708007812500003 -0.200408935546875
-0.508544921875 0.071014404296875 -0.141860961914062 -0.201400756835938
-0.421478271484375 0.288116455078125 -0.2091064453125 -0.0791320800781249
-0.3988037109375 0.322296142578125 -0.267227172851563 -0.0655975341796875
-0.238433837890625 0.4605712890625 -0.254898071289063 0.0220336914062501
-0.146392822265625 0.467071533203125 -0.344451904296875 -0.037506103515625
-0.20733642578125 0.323455810546875 0.187744140625 0.523284912109375
-0.26324462890625 0.274993896484375 0.1187744140625 0.41546630859375
-0.353912353515625 0.118682861328125 0.13848876953125 0.199966430664063
-0.34942626953125 -0.00729370117187501 0.14678955078125 0.2205810546875
-0.32818603515625 -0.133087158203125 0.29144287109375 0.24481201171875
-0.400054931640625 -0.2132568359375 0.404205322265625 0.26220703125
-0.391143798828125 -0.196533203125 0.46490478515625 0.21710205078125
-0.371612548828125 -0.194305419921875 0.421539306640625 0.10980224609375
-0.42047119140625 -0.142303466796875 0.27362060546875 -0.099945068359375
-0.41351318359375 -0.03240966796875 0.102737426757812 -0.239837646484375
-0.37115478515625 0.0791320800781249 -0.1136474609375 -0.2408447265625
-0.299896240234375 0.237152099609375 -0.227615356445313 -0.0773620605468749
-0.28131103515625 0.266448974609375 -0.291351318359375 0.00207519531250007
-0.159423828125 0.369659423828125 -0.269363403320313 0.153732299804688
-0.1197509765625 0.362701416015625 -0.387542724609375 0.125762939453125
-0.12469482421875 0.15130615234375 0.138916015625 0.6053466796875
-0.145584106445313 0.144790649414063 0.053070068359375 0.4444580078125
-0.181747436523438 0.0437164306640625 0.06219482421875 0.195266723632813
-0.17041015625 -0.00933837890625002 0.105804443359375 0.193572998046875
-0.149932861328125 -0.0770111083984375 0.28228759765625 0.236724853515625
-0.20367431640625 -0.130477905273438 0.4581298828125 0.279510498046875
-0.198287963867187 -0.120071411132812 0.5809326171875 0.2503662109375
-0.2000732421875 -0.111892700195313 0.549468994140625 0.125885009765625
-0.231201171875 -0.08660888671875 0.389007568359375 -0.11407470703125
-0.216934204101563 -0.023193359375 0.171249389648437 -0.271774291992188
-0.19256591796875 0.041259765625 -0.0973358154296875 -0.268295288085937
-0.158950805664063 0.129302978515625 -0.24371337890625 -0.0825653076171875
-0.146331787109375 0.14776611328125 -0.300689697265625 0.046234130859375
-0.0771331787109375 0.208572387695313 -0.279541015625 0.241302490234375
-0.09112548828125 0.194900512695313 -0.416656494140625 0.239898681640625
-0.0232391357421875 0.00315666198730469 0.37371826171875 -0.296722412109375
0.0179309844970703 0.0135040283203125 0.2967529296875 -0.254730224609375
-0.00655841827392578 0.000770092010498047 0.250015258789063 -0.078033447265625
-0.017146110534668 -0.00165748596191407 0.238418579101562 0.112152099609375
-0.0142679214477539 -0.0119943618774414 0.0384674072265625 0.244140625
-0.0192699432373047 -0.0100326538085938 -0.214508056640625 0.25543212890625
-0.01788330078125 0.00362968444824219 -0.446929931640625 0.102783203125
-0.00474357604980469 -0.00187253952026367 -0.57293701171875 -0.13677978515625
-0.00709629058837891 0.0135583877563477 -0.58544921875 -0.27874755859375
-0.000809669494628907 -0.0038914680480957 -0.444580078125 -0.29193115234375
0.00328636169433594 0.0103206634521484 -0.28045654296875 -0.161544799804687
-0.000684738159179687 0.0220794677734375 -0.09796142578125 -0.103538513183594
0.00865650177001953 -0.00154781341552734 0.0122833251953125 -0.190505981445313
0.0294857025146484 -0.00877189636230469 -0.029449462890625 -0.407958984375
0.00900745391845703 -0.0116453170776367 -0.075439453125 -0.63323974609375
-0.08160400390625 0.218399047851562 0.386077880859375 -0.251007080078125
-0.059051513671875 0.217086791992188 0.31903076171875 -0.205810546875
-0.138198852539063 0.167343139648438 0.281097412109375 -0.070037841796875
-0.18194580078125 0.103591918945313 0.25384521484375 0.132049560546875
-0.202926635742188 0.0219573974609375 0.0637969970703125 0.242263793945313
-0.251220703125 -0.021881103515625 -0.193222045898438 0.253250122070312
-0.247817993164062 -0.04327392578125 -0.416473388671875 0.106353759765625
-0.1998291015625 -0.10400390625 -0.525238037109375 -0.110748291015625
-0.210006713867187 -0.111770629882813 -0.556243896484375 -0.24755859375
-0.192855834960938 -0.1146240234375 -0.43341064453125 -0.259765625
-0.177597045898438 -0.071868896484375 -0.271209716796875 -0.147872924804688
-0.183212280273438 0.0250396728515625 -0.0969390869140625 -0.0961456298828125
-0.180450439453125 0.0323333740234375 -0.00514221191406251 -0.198471069335937
-0.126976013183594 0.108505249023438 -0.042388916015625 -0.392333984375
-0.0731964111328125 0.155227661132812 -0.08734130859375 -0.60772705078125
-0.145111083984375 0.395751953125 0.391326904296875 -0.137939453125
-0.147491455078125 0.385009765625 0.33837890625 -0.10272216796875
-0.27850341796875 0.2943115234375 0.3116455078125 -0.034393310546875
-0.345733642578125 0.172149658203125 0.267364501953125 0.1573486328125
-0.381195068359375 0.02642822265625 0.111953735351562 0.23468017578125
-0.456939697265625 -0.060516357421875 -0.1192626953125 0.235595703125
-0.443695068359375 -0.10089111328125 -0.30999755859375 0.105621337890625
-0.3687744140625 -0.19061279296875 -0.399139404296875 -0.069000244140625
-0.3951416015625 -0.20404052734375 -0.4571533203125 -0.19329833984375
-0.381927490234375 -0.179534912109375 -0.38287353515625 -0.21197509765625
-0.362060546875 -0.102447509765625 -0.25347900390625 -0.137191772460938
-0.353515625 0.07427978515625 -0.115837097167969 -0.096466064453125
-0.346405029296875 0.104766845703125 -0.059814453125 -0.208343505859375
-0.248016357421875 0.241806030273437 -0.09112548828125 -0.347930908203125
-0.1365966796875 0.310577392578125 -0.139678955078125 -0.52850341796875
-0.204498291015625 0.5045166015625 0.37060546875 0.02740478515625
-0.241119384765625 0.4803466796875 0.33355712890625 0.044281005859375
-0.407501220703125 0.352264404296875 0.32464599609375 0.028594970703125
-0.483489990234375 0.183441162109375 0.272064208984375 0.1876220703125
-0.51422119140625 -0.00958251953125005 0.178695678710937 0.229034423828125
-0.599609375 -0.1265869140625 0.00782775878906246 0.217422485351563
-0.570556640625 -0.16363525390625 -0.137275695800781 0.109550476074219
-0.4844970703125 -0.246551513671875 -0.211578369140625 -0.017364501953125
-0.53326416015625 -0.2437744140625 -0.30120849609375 -0.1348876953125
-0.53338623046875 -0.176910400390625 -0.282379150390625 -0.174560546875
-0.509979248046875 -0.0609130859375 -0.22412109375 -0.13824462890625
-0.470184326171875 0.170074462890625 -0.14715576171875 -0.0938568115234375
-0.452606201171875 0.20794677734375 -0.139129638671875 -0.192672729492187
-0.30963134765625 0.371917724609375 -0.160446166992188 -0.259765625
-0.16705322265625 0.43096923828125 -0.21075439453125 -0.3968505859375
-0.245208740234375 0.5281982421875 0.3253173828125 0.21527099609375
-0.3106689453125 0.482818603515625 0.28961181640625 0.20367431640625
-0.485321044921875 0.32183837890625 0.297149658203125 0.10797119140625
-0.544097900390625 0.12982177734375 0.25091552734375 0.218109130859375
-0.556427001953125 -0.07598876953125 0.241851806640625 0.232650756835937
-0.6392822265625 -0.19482421875 0.160568237304687 0.215591430664062
-0.60467529296875 -0.2138671875 0.0753555297851562 0.130844116210938
-0.5284423828125 -0.267333984375 0.0106086730957031 0.0343952178955078
-0.590087890625 -0.23388671875 -0.101058959960938 -0.0991439819335937
-0.599609375 -0.12750244140625 -0.146072387695313 -0.17120361328125
-0.56744384765625 0.0140991210937499 -0.182479858398438 -0.162261962890625
-0.49237060546875 0.261566162109375 -0.181869506835938 -0.087188720703125
-0.469451904296875 0.29913330078125 -0.216156005859375 -0.139877319335937
-0.299407958984375 0.459320068359375 -0.220458984375 -0.126953125
-0.1668701171875 0.490386962890625 -0.28631591796875 -0.22412109375
-0.24969482421875 0.46246337890625 0.259674072265625 0.389251708984375
-0.321868896484375 0.4039306640625 0.210693359375 0.339019775390625
-0.468109130859375 0.227203369140625 0.228164672851562 0.17205810546875
-0.494598388671875 0.0505676269531249 0.20428466796875 0.23321533203125
-0.485443115234375 -0.129974365234375 0.283843994140625 0.24322509765625
-0.565185546875 -0.23406982421875 0.304901123046875 0.23553466796875
-0.54046630859375 -0.2286376953125 0.292327880859375 0.17108154296875
-0.488677978515625 -0.248504638671875 0.234451293945312 0.0787353515625
-0.551116943359375 -0.19384765625 0.103256225585937 -0.0908355712890625
-0.555633544921875 -0.0667419433593751 -0.00746154785156255 -0.2015380859375
-0.51287841796875 0.0733032226562499 -0.141983032226562 -0.201934814453125
-0.42413330078125 0.29095458984375 -0.208938598632813 -0.079315185546875
-0.400115966796875 0.327301025390625 -0.268478393554688 -0.064788818359375
-0.23944091796875 0.46337890625 -0.255996704101563 0.0223541259765626
-0.1470947265625 0.46966552734375 -0.344757080078125 -0.0358886718749999
-0.20721435546875 0.327484130859375 0.18902587890625 0.525848388671875
-0.263504028320313 0.2774658203125 0.118927001953125 0.418304443359375
-0.35479736328125 0.120391845703125 0.138137817382812 0.199386596679688
-0.3526611328125 -0.00720214843749995 0.14715576171875 0.222091674804688
-0.3306884765625 -0.133575439453125 0.29486083984375 0.2470703125
-0.403228759765625 -0.21282958984375 0.40643310546875 0.264556884765625
-0.393707275390625 -0.197052001953125 0.469024658203125 0.2166748046875
-0.373870849609375 -0.19525146484375 0.42498779296875 0.109954833984375
-0.424957275390625 -0.14324951171875 0.276260375976563 -0.10040283203125
-0.415618896484375 -0.032958984375 0.102951049804687 -0.240951538085937
-0.37371826171875 0.07977294921875 -0.113723754882813 -0.241317749023438
-0.300201416015625 0.239349365234375 -0.227890014648438 -0.0774078369140625
-0.28204345703125 0.2698974609375 -0.2923583984375 0.00387573242187508
-0.15924072265625 0.371734619140625 -0.270339965820313 0.155853271484375
-0.120361328125 0.365081787109375 -0.387298583984375 0.127410888671875
-0.124374389648438 0.1527099609375 0.13946533203125 0.60711669921875
-0.144851684570313 0.145980834960937 0.05181884765625 0.44696044921875
-0.182510375976562 0.04437255859375 0.0625 0.19586181640625
-0.171875 -0.00831604003906248 0.105865478515625 0.194869995117187
-0.151168823242187 -0.0774688720703125 0.2860107421875 0.2388916015625
-0.20465087890625 -0.130279541015625 0.460906982421875 0.2813720703125
-0.199737548828125 -0.119613647460937 0.58526611328125 0.250732421875
-0.201248168945313 -0.112823486328125 0.553863525390625 0.125823974609375
-0.233367919921875 -0.086395263671875 0.390777587890625 -0.1156005859375
-0.217910766601563 -0.022735595703125 0.172409057617188 -0.273910522460938
-0.193374633789063 0.041656494140625 -0.0976409912109375 -0.268661499023437
-0.160507202148437 0.130401611328125 -0.244384765625 -0.0816650390624999
-0.147201538085938 0.149017333984375 -0.301605224609375 0.0473327636718751
-0.0774993896484375 0.209030151367188 -0.278671264648438 0.243377685546875
-0.091094970703125 0.196685791015625 -0.418060302734375 0.242156982421875
-0.0235233306884766 0.002471923828125 0.37518310546875 -0.29931640625
0.0183811187744141 0.0132846832275391 0.29632568359375 -0.25762939453125
-0.00558185577392578 0.000536441802978516 0.250564575195313 -0.0802764892578125
-0.0168514251708984 -0.00173664093017578 0.239837646484375 0.111221313476563
-0.0143461227416992 -0.0126943588256836 0.0391845703125 0.245101928710938
-0.0193290710449219 -0.0102081298828125 -0.216033935546875 0.257843017578125
-0.0188694000244141 0.00384330749511718 -0.4503173828125 0.105499267578125
-0.00527048110961914 -0.00168323516845703 -0.57818603515625 -0.13507080078125
-0.00692367553710938 0.0132274627685547 -0.59259033203125 -0.27850341796875
-0.000891685485839844 -0.00380015373229981 -0.44854736328125 -0.29296875
0.00402450561523437 0.010106086730957 -0.282012939453125 -0.162445068359375
0.000211715698242187 0.0215682983398438 -0.0981826782226563 -0.104042053222656
0.00938892364501953 -0.00154304504394531 0.0128936767578125 -0.191375732421875
0.0288105010986328 -0.00942802429199219 -0.0301513671875 -0.409637451171875
0.00927639007568359 -0.0125007629394531 -0.07647705078125 -0.63800048828125
-0.0813446044921875 0.220001220703125 0.38818359375 -0.254669189453125
-0.0571746826171875 0.218948364257813 0.320068359375 -0.20904541015625
-0.138504028320313 0.168975830078125 0.282379150390625 -0.072174072265625
-0.182571411132812 0.104751586914062 0.255416870117188 0.13140869140625
-0.204742431640625 0.02276611328125 0.0648345947265625 0.243316650390625
-0.253036499023437 -0.021240234375 -0.1939697265625 0.25494384765625
-0.250656127929688 -0.04266357421875 -0.4205322265625 0.108642578125
-0.202438354492187 -0.10369873046875 -0.529815673828125 -0.109893798828125
-0.212371826171875 -0.1119384765625 -0.562042236328125 -0.248138427734375
-0.194793701171875 -0.114608764648437 -0.4376220703125 -0.260833740234375
-0.178131103515625 -0.072174072265625 -0.273056030273438 -0.148040771484375
-0.183700561523437 0.02593994140625 -0.0967788696289063 -0.0966262817382813
-0.181365966796875 0.0335693359375 -0.00492858886718752 -0.1995849609375
-0.12762451171875 0.109199523925781 -0.042755126953125 -0.393310546875
-0.0738983154296875 0.155960083007813 -0.0897216796875001 -0.61297607421875
-0.144134521484375 0.399658203125 0.391754150390625 -0.1409912109375
-0.146209716796875 0.38824462890625 0.340972900390625 -0.10400390625
-0.279876708984375 0.29901123046875 0.31341552734375 -0.03619384765625
-0.34820556640625 0.175048828125 0.270339965820313 0.156646728515625
-0.384735107421875 0.0272216796875 0.112945556640625 0.235733032226563
-0.459442138671875 -0.05926513671875 -0.1181640625 0.23760986328125
-0.44598388671875 -0.100494384765625 -0.312530517578125 0.107330322265625
-0.3717041015625 -0.190338134765625 -0.40301513671875 -0.067596435546875
-0.39874267578125 -0.204254150390625 -0.4635009765625 -0.1920166015625
-0.386199951171875 -0.179229736328125 -0.385772705078125 -0.21221923828125
-0.366424560546875 -0.0997314453125 -0.255645751953125 -0.137374877929687
-0.355224609375 0.075836181640625 -0.115623474121094 -0.0970001220703125
-0.349395751953125 0.107208251953125 -0.0606231689453125 -0.209365844726563
-0.250411987304688 0.245071411132812 -0.092315673828125 -0.34991455078125
-0.13580322265625 0.313690185546875 -0.142333984375 -0.53216552734375
-0.20318603515625 0.509979248046875 0.371734619140625 0.0272216796875
-0.241180419921875 0.484161376953125 0.33502197265625 0.043060302734375
-0.410675048828125 0.356170654296875 0.325408935546875 0.026702880859375
-0.487030029296875 0.187469482421875 0.273117065429687 0.18817138671875
-0.5184326171875 -0.00921630859375003 0.180511474609375 0.230026245117187
-0.6038818359375 -0.1248779296875 0.00909423828124997 0.218902587890625
-0.57666015625 -0.1630859375 -0.137283325195313 0.11083984375
-0.48748779296875 -0.248748779296875 -0.21337890625 -0.016754150390625
-0.538177490234375 -0.24420166015625 -0.30413818359375 -0.13446044921875
-0.538604736328125 -0.176361083984375 -0.285491943359375 -0.17529296875
-0.514068603515625 -0.0588989257812501 -0.225448608398438 -0.138565063476563
-0.47320556640625 0.17462158203125 -0.147918701171875 -0.0941314697265625
-0.455780029296875 0.21142578125 -0.140289306640625 -0.192672729492188
-0.310760498046875 0.3759765625 -0.161544799804688 -0.260284423828125
-0.166015625 0.434112548828125 -0.213470458984375 -0.399078369140625
-0.24395751953125 0.533355712890625 0.328399658203125 0.21563720703125
-0.30950927734375 0.487030029296875 0.29229736328125 0.204559326171875
-0.48773193359375 0.32659912109375 0.298736572265625 0.10589599609375
-0.549774169921875 0.133392333984375 0.252761840820312 0.21923828125
-0.561187744140625 -0.0743713378906249 0.244735717773437 0.233322143554687
-0.64556884765625 -0.1932373046875 0.163436889648437 0.217559814453125
-0.6094970703125 -0.21356201171875 0.0770874023437499 0.132232666015625
-0.531829833984375 -0.26776123046875 0.0106258392333984 0.0349845886230469
-0.59674072265625 -0.234375 -0.101432800292969 -0.0990982055664063
-0.60491943359375 -0.1246337890625 -0.147659301757813 -0.172164916992188
-0.572265625 0.0167236328125 -0.183639526367188 -0.162139892578125
-0.495361328125 0.265625 -0.182403564453125 -0.0872650146484375
-0.472320556640625 0.303192138671875 -0.217803955078125 -0.139572143554687
-0.30084228515625 0.462493896484375 -0.221969604492188 -0.127426147460937
-0.166290283203125 0.49554443359375 -0.287261962890625 -0.225189208984375
-0.247650146484375 0.46685791015625 0.262176513671875 0.391998291015625
-0.3214111328125 0.406646728515625 0.213043212890625 0.3397216796875
-0.4715576171875 0.23138427734375 0.228973388671875 0.171112060546875
-0.49920654296875 0.0513916015625 0.205947875976563 0.234420776367188
-0.48876953125 -0.130584716796875 0.28741455078125 0.243804931640625
-0.5712890625 -0.23309326171875 0.308563232421875 0.237548828125
-0.5455322265625 -0.2294921875 0.294647216796875 0.173095703125
-0.493896484375 -0.24945068359375 0.236373901367188 0.0788421630859375
-0.557708740234375 -0.19366455078125 0.104393005371094 -0.0907516479492188
-0.561737060546875 -0.066162109375 -0.00787353515625005 -0.20306396484375
-0.516082763671875 0.0758972167968749 -0.143753051757813 -0.202468872070313
-0.425537109375 0.29583740234375 -0.209671020507813 -0.078857421875
-0.40203857421875 0.33135986328125 -0.269729614257813 -0.0639495849609375
-0.239990234375 0.4666748046875 -0.256607055664063 0.0237884521484376
-0.14617919921875 0.474029541015625 -0.347198486328125 -0.0360107421875
-0.206512451171875 0.33099365234375 0.19244384765625 0.528472900390625
-0.261367797851563 0.279190063476562 0.12200927734375 0.420654296875
-0.35601806640625 0.122467041015625 0.13818359375 0.199234008789062
-0.355224609375 -0.00549316406250001 0.148284912109375 0.223587036132813
-0.333404541015625 -0.134368896484375 0.297210693359375 0.248016357421875
-0.406005859375 -0.21295166015625 0.410247802734375 0.265106201171875
-0.398712158203125 -0.19696044921875 0.472869873046875 0.218658447265625
-0.377105712890625 -0.1947021484375 0.428253173828125 0.109283447265625
-0.4268798828125 -0.143096923828125 0.278411865234375 -0.100860595703125
-0.41900634765625 -0.0312499999999999 0.103286743164062 -0.243179321289062
-0.37640380859375 0.082733154296875 -0.114105224609375 -0.241897583007812
-0.302154541015625 0.24322509765625 -0.228607177734375 -0.0763092041015625
-0.28466796875 0.273345947265625 -0.294097900390625 0.00479125976562499
-0.1600341796875 0.37451171875 -0.27032470703125 0.1566162109375
-0.120269775390625 0.36859130859375 -0.387969970703125 0.129180908203125
-0.124435424804688 0.153915405273438 0.14251708984375 0.61151123046875
-0.14447021484375 0.14739990234375 0.052642822265625 0.44830322265625
-0.183441162109375 0.0460968017578125 0.0627593994140625 0.196258544921875
-0.172576904296875 -0.00788879394531253 0.107223510742188 0.196365356445313
-0.153060913085938 -0.077056884765625 0.288665771484375 0.239227294921875
-0.207382202148437 -0.129501342773438 0.464996337890625 0.28350830078125
-0.202224731445313 -0.119613647460938 0.58935546875 0.25238037109375
-0.2030029296875 -0.11260986328125 0.55877685546875 0.12506103515625
-0.235183715820313 -0.0867919921875 0.394683837890625 -0.115234375
-0.220199584960938 -0.02215576171875 0.172897338867188 -0.274795532226563
-0.195175170898438 0.04327392578125 -0.099334716796875 -0.269454956054688
-0.160980224609375 0.132293701171875 -0.245437622070313 -0.080902099609375
-0.14892578125 0.150924682617188 -0.3033447265625 0.04962158203125
-0.0772857666015625 0.209671020507813 -0.280288696289063 0.245635986328125
-0.0907440185546875 0.199234008789063 -0.4168701171875 0.24481201171875
-0.0243148803710937 0.00284767150878906 0.376434326171875 -0.3040771484375
0.0182933807373047 0.01348876953125 0.296844482421875 -0.2611083984375
-0.00552845001220703 0.0011138916015625 0.251174926757813 -0.0828399658203125
-0.0176467895507813 -0.00168609619140625 0.242538452148438 0.110458374023438
-0.0151071548461914 -0.0130100250244141 0.0403900146484375 0.246063232421875
-0.0195560455322266 -0.00911140441894531 -0.216598510742187 0.260482788085938
-0.0190753936767578 0.00361251831054688 -0.454193115234375 0.107818603515625
-0.00480270385742188 -0.00139141082763672 -0.58587646484375 -0.13409423828125
-0.00689029693603515 0.0141220092773438 -0.59832763671875 -0.27777099609375
-0.00159025192260742 -0.00359654426574707 -0.454193115234375 -0.293731689453125
0.00373935699462891 0.00919151306152344 -0.28509521484375 -0.163238525390625
0.00141525268554688 0.0217857360839844 -0.0983734130859375 -0.103866577148438
0.00827932357788086 -0.00188064575195312 0.013275146484375 -0.193130493164063
0.02880859375 -0.00931167602539063 -0.029815673828125 -0.412261962890625
0.00996017456054688 -0.0123367309570313 -0.0792846679687501 -0.64306640625
-0.0806121826171875 0.222488403320313 0.388519287109375 -0.258575439453125
-0.05596923828125 0.220993041992188 0.32098388671875 -0.21185302734375
-0.138900756835937 0.171463012695313 0.283050537109375 -0.0745849609375
-0.183853149414062 0.10693359375 0.25823974609375 0.130279541015625
-0.207107543945312 0.023345947265625 0.0665130615234375 0.244110107421875
-0.255462646484375 -0.018951416015625 -0.195236206054688 0.257553100585938
-0.253814697265625 -0.0421905517578125 -0.4229736328125 0.11065673828125
-0.204208374023437 -0.104751586914063 -0.535888671875 -0.109375
-0.215362548828125 -0.1119384765625 -0.56878662109375 -0.2469482421875
-0.196212768554688 -0.114517211914062 -0.44293212890625 -0.261444091796875
-0.181243896484375 -0.071319580078125 -0.275283813476563 -0.149215698242187
-0.184967041015625 0.026947021484375 -0.096588134765625 -0.0971298217773437
-0.183120727539063 0.0352935791015625 -0.00497436523437501 -0.2010498046875
-0.128211975097656 0.110702514648438 -0.042999267578125 -0.39569091796875
-0.073455810546875 0.158645629882813 -0.0919799804687501 -0.61773681640625
-0.14312744140625 0.404144287109375 0.39373779296875 -0.143157958984375
-0.145721435546875 0.392608642578125 0.342742919921875 -0.106781005859375
-0.280426025390625 0.303924560546875 0.314910888671875 -0.038055419921875
-0.3521728515625 0.1785888671875 0.273269653320313 0.156692504882813
-0.389495849609375 0.0272827148437501 0.115036010742187 0.236328125
-0.463623046875 -0.057647705078125 -0.117645263671875 0.240570068359375
-0.45123291015625 -0.100311279296875 -0.31451416015625 0.109954833984375
-0.37677001953125 -0.1922607421875 -0.407196044921875 -0.0668640136718749
-0.403350830078125 -0.204193115234375 -0.468963623046875 -0.191741943359375
-0.390380859375 -0.179168701171875 -0.39105224609375 -0.2135009765625
-0.369598388671875 -0.10064697265625 -0.256820678710938 -0.137588500976563
-0.357635498046875 0.07958984375 -0.116012573242188 -0.0966262817382813
-0.35198974609375 0.11016845703125 -0.0615997314453125 -0.20989990234375
-0.251968383789063 0.247207641601563 -0.092620849609375 -0.351959228515625
-0.1357421875 0.315948486328125 -0.14501953125 -0.536834716796875
-0.200653076171875 0.5159912109375 0.3751220703125 0.025299072265625
-0.23907470703125 0.48846435546875 0.337646484375 0.042083740234375
-0.412567138671875 0.36309814453125 0.32672119140625 0.02447509765625
-0.491241455078125 0.191558837890625 0.276962280273437 0.188125610351563
-0.5223388671875 -0.0075073242187499 0.18377685546875 0.230545043945313
-0.611083984375 -0.12237548828125 0.010955810546875 0.221817016601563
-0.58343505859375 -0.16229248046875 -0.138771057128906 0.112655639648437
-0.494415283203125 -0.24981689453125 -0.216232299804688 -0.0162200927734376
-0.543853759765625 -0.243743896484375 -0.30657958984375 -0.134765625
-0.54400634765625 -0.17449951171875 -0.288360595703125 -0.175933837890625
-0.5198974609375 -0.0586547851562501 -0.228057861328125 -0.1397705078125
-0.474517822265625 0.178192138671875 -0.148193359375 -0.093780517578125
-0.457977294921875 0.216461181640625 -0.141281127929688 -0.192825317382813
-0.3125 0.380096435546875 -0.162948608398437 -0.261947631835938
-0.1650390625 0.438140869140625 -0.217193603515625 -0.402252197265625
-0.242584228515625 0.539276123046875 0.330810546875 0.215423583984375
-0.308929443359375 0.49273681640625 0.294677734375 0.2047119140625
-0.48992919921875 0.332611083984375 0.299896240234375 0.104644775390625
-0.552734375 0.13763427734375 0.255874633789062 0.220001220703125
-0.5677490234375 -0.07293701171875 0.248428344726563 0.233657836914063
-0.6524658203125 -0.19158935546875 0.165908813476562 0.219161987304688
-0.616943359375 -0.21221923828125 0.0777740478515625 0.133926391601563
-0.53826904296875 -0.26885986328125 0.0110588073730468 0.0356407165527344
-0.60400390625 -0.23358154296875 -0.10308837890625 -0.0985183715820313
-0.6116943359375 -0.12322998046875 -0.149627685546875 -0.172637939453125
-0.578369140625 0.0206298828124999 -0.18524169921875 -0.163543701171875
-0.496856689453125 0.271209716796875 -0.181747436523438 -0.0864410400390625
-0.473724365234375 0.308807373046875 -0.219955444335938 -0.138534545898437
-0.30078125 0.467987060546875 -0.222885131835938 -0.126602172851562
-0.1636962890625 0.499847412109375 -0.29034423828125 -0.22607421875
-0.246307373046875 0.47320556640625 0.2657470703125 0.393035888671875
-0.322021484375 0.411651611328125 0.2144775390625 0.341278076171875
-0.474212646484375 0.23651123046875 0.229507446289062 0.170623779296875
-0.503204345703125 0.055633544921875 0.208969116210937 0.2362060546875
-0.493743896484375 -0.129791259765625 0.2901611328125 0.244598388671875
-0.576171875 -0.23236083984375 0.3128662109375 0.239501953125
-0.551605224609375 -0.228363037109375 0.29803466796875 0.173583984375
-0.497955322265625 -0.250579833984375 0.23870849609375 0.0784149169921875
-0.56256103515625 -0.193359375 0.1053466796875 -0.0916595458984375
-0.56549072265625 -0.0648193359375 -0.00907897949218752 -0.204193115234375
-0.52044677734375 0.079315185546875 -0.145217895507813 -0.20355224609375
-0.42657470703125 0.30133056640625 -0.2099609375 -0.0778045654296874
-0.40631103515625 0.33642578125 -0.2720947265625 -0.0622100830078125
-0.23956298828125 0.4716796875 -0.25750732421875 0.025299072265625
-0.144195556640625 0.478271484375 -0.348388671875 -0.0357666015624999
-0.205657958984375 0.3333740234375 0.195892333984375 0.531463623046875
-0.262054443359375 0.282440185546875 0.12347412109375 0.4222412109375
-0.358642578125 0.126129150390625 0.139663696289062 0.198440551757813
-0.35845947265625 -0.00341796874999997 0.150299072265625 0.224334716796875
-0.33636474609375 -0.13311767578125 0.30218505859375 0.2479248046875
-0.411285400390625 -0.21185302734375 0.414947509765625 0.267852783203125
-0.402313232421875 -0.19610595703125 0.478240966796875 0.219635009765625
-0.380126953125 -0.1956787109375 0.43359375 0.10906982421875
-0.43243408203125 -0.141754150390625 0.2808837890625 -0.101821899414063
-0.423858642578125 -0.0291442871093749 0.102951049804687 -0.245132446289063
-0.38128662109375 0.085784912109375 -0.11578369140625 -0.242767333984375
-0.3037109375 0.24859619140625 -0.2293701171875 -0.0756378173828125
-0.2852783203125 0.277557373046875 -0.296173095703125 0.00765991210937498
-0.160003662109375 0.37762451171875 -0.270904541015625 0.159912109375
-0.11883544921875 0.373291015625 -0.389373779296875 0.131683349609375
-0.123138427734375 0.155136108398438 0.1463623046875 0.61566162109375
-0.143997192382812 0.14788818359375 0.054718017578125 0.451324462890625
-0.18475341796875 0.0475311279296875 0.0631103515625 0.197006225585937
-0.17413330078125 -0.00717163085937502 0.108428955078125 0.198043823242188
-0.154205322265625 -0.077239990234375 0.2923583984375 0.240142822265625
-0.21002197265625 -0.129547119140625 0.470062255859375 0.284210205078125
-0.204330444335938 -0.119842529296875 0.59490966796875 0.25177001953125
-0.204574584960938 -0.112319946289063 0.56524658203125 0.12310791015625
-0.237884521484375 -0.08636474609375 0.398712158203125 -0.117919921875
-0.222198486328125 -0.021331787109375 0.173171997070313 -0.277725219726563
-0.197433471679688 0.044921875 -0.10089111328125 -0.270233154296875
-0.16229248046875 0.135177612304688 -0.245513916015625 -0.0802764892578125
-0.149169921875 0.1533203125 -0.30517578125 0.0523376464843751
-0.0764923095703125 0.211532592773438 -0.280258178710937 0.249221801757813
-0.089996337890625 0.201416015625 -0.418487548828125 0.2489013671875
-0.0249118804931641 0.00268173217773438 0.37677001953125 -0.30810546875
0.0187873840332031 0.0133380889892578 0.2978515625 -0.265777587890625
-0.00563812255859375 0.00063323974609375 0.253372192382813 -0.0845794677734375
-0.0177249908447266 -0.00214004516601562 0.243789672851563 0.108963012695313
-0.0162124633789063 -0.0129518508911133 0.04205322265625 0.247589111328125
-0.0191974639892578 -0.0088958740234375 -0.217437744140625 0.263992309570313
-0.0195484161376953 0.00423622131347656 -0.45794677734375 0.1112060546875
-0.00429058074951172 -0.00174546241760254 -0.5921630859375 -0.13226318359375
-0.00647354125976563 0.0145502090454102 -0.60791015625 -0.27630615234375
-0.00121164321899414 -0.00385117530822754 -0.460357666015625 -0.295806884765625
0.00398063659667969 0.0101003646850586 -0.287872314453125 -0.163055419921875
0.00185203552246094 0.0222454071044922 -0.0985031127929688 -0.104400634765625
0.00791692733764648 -0.00178098678588867 0.01373291015625 -0.194488525390625
0.0281791687011719 -0.00988578796386719 -0.03314208984375 -0.41644287109375
0.0101900100708008 -0.0127983093261719 -0.08404541015625 -0.648193359375
-0.079742431640625 0.225372314453125 0.389373779296875 -0.261962890625
-0.05438232421875 0.223861694335938 0.32220458984375 -0.21612548828125
-0.139358520507812 0.17413330078125 0.284088134765625 -0.078399658203125
-0.1856689453125 0.108016967773437 0.2607421875 0.128524780273438
-0.21002197265625 0.024444580078125 0.068389892578125 0.245529174804688
-0.2587890625 -0.0172271728515625 -0.19451904296875 0.261077880859375
-0.256622314453125 -0.040191650390625 -0.42755126953125 0.114013671875
-0.206832885742188 -0.104354858398438 -0.543243408203125 -0.106170654296875
-0.218246459960938 -0.1119384765625 -0.5767822265625 -0.2452392578125
-0.20001220703125 -0.11444091796875 -0.448577880859375 -0.26141357421875
-0.183151245117188 -0.0713653564453125 -0.27880859375 -0.149124145507812
-0.1849365234375 0.0290679931640625 -0.09735107421875 -0.096099853515625
-0.184844970703125 0.0370025634765625 -0.00546264648437502 -0.2021484375
-0.129707336425781 0.11248779296875 -0.045928955078125 -0.399261474609375
-0.072357177734375 0.15924072265625 -0.0975341796875 -0.6234130859375
-0.141326904296875 0.410186767578125 0.39654541015625 -0.146484375
-0.14324951171875 0.3973388671875 0.343231201171875 -0.109466552734375
-0.282379150390625 0.30865478515625 0.315887451171875 -0.042144775390625
-0.355133056640625 0.184112548828125 0.2757568359375 0.156082153320312
-0.392913818359375 0.0299682617187501 0.117507934570312 0.236923217773438
-0.46875 -0.0538330078125 -0.11651611328125 0.243438720703125
-0.457061767578125 -0.0979309082031249 -0.316314697265625 0.112396240234375
-0.380279541015625 -0.19171142578125 -0.4117431640625 -0.0662231445312501
-0.409820556640625 -0.20416259765625 -0.474609375 -0.18939208984375
-0.394012451171875 -0.177734375 -0.39630126953125 -0.2144775390625
-0.373992919921875 -0.098663330078125 -0.260589599609375 -0.138046264648438
-0.359710693359375 0.083831787109375 -0.116630554199219 -0.097137451171875
-0.354888916015625 0.1153564453125 -0.0622711181640625 -0.210601806640625
-0.251678466796875 0.2520751953125 -0.095428466796875 -0.353515625
-0.13433837890625 0.31964111328125 -0.1505126953125 -0.541412353515625
-0.198577880859375 0.522216796875 0.378082275390625 0.0233154296875
-0.237335205078125 0.4959716796875 0.340789794921875 0.03997802734375
-0.414154052734375 0.369659423828125 0.328765869140625 0.02178955078125
-0.4952392578125 0.196807861328125 0.279922485351562 0.187957763671875
-0.528900146484375 -0.00561523437500004 0.186050415039062 0.229965209960938
-0.617919921875 -0.11712646484375 0.0134124755859374 0.223617553710937
-0.58966064453125 -0.16046142578125 -0.138969421386719 0.115188598632813
-0.500396728515625 -0.248046875 -0.217605590820313 -0.01483154296875
-0.5496826171875 -0.2435302734375 -0.311676025390625 -0.133758544921875
-0.55010986328125 -0.172607421875 -0.29376220703125 -0.175872802734375
-0.526123046875 -0.0549011230468749 -0.230072021484375 -0.138702392578125
-0.478057861328125 0.184234619140625 -0.14874267578125 -0.09381103515625
-0.462127685546875 0.222442626953125 -0.143386840820313 -0.193206787109375
-0.311370849609375 0.385711669921875 -0.165328979492188 -0.26300048828125
-0.16241455078125 0.442840576171875 -0.220367431640625 -0.406463623046875
-0.24017333984375 0.545684814453125 0.33465576171875 0.215667724609375
-0.30712890625 0.499359130859375 0.2978515625 0.20465087890625
-0.49359130859375 0.33905029296875 0.3016357421875 0.102813720703125
-0.55889892578125 0.14337158203125 0.259445190429687 0.221160888671875
-0.57403564453125 -0.0707397460937499 0.252410888671875 0.233078002929687
-0.65972900390625 -0.18792724609375 0.169998168945312 0.220611572265625
-0.6236572265625 -0.2105712890625 0.0795974731445312 0.1351318359375
-0.544097900390625 -0.26788330078125 0.0116386413574218 0.0357742309570312
-0.609375 -0.23162841796875 -0.104347229003906 -0.0985794067382813
-0.6181640625 -0.121337890625 -0.152679443359375 -0.173583984375
-0.5836181640625 0.0252075195312501 -0.188079833984375 -0.16387939453125
-0.499908447265625 0.27874755859375 -0.183670043945313 -0.0857696533203125
-0.477996826171875 0.3172607421875 -0.222335815429688 -0.136886596679687
-0.299835205078125 0.4732666015625 -0.225250244140625 -0.126632690429687
-0.16143798828125 0.5052490234375 -0.293792724609375 -0.2266845703125
-0.245208740234375 0.4786376953125 0.270233154296875 0.39410400390625
-0.320037841796875 0.41644287109375 0.217803955078125 0.342315673828125
-0.475677490234375 0.2420654296875 0.231475830078125 0.169403076171875
-0.508026123046875 0.0589599609375 0.212051391601562 0.237167358398438
-0.499237060546875 -0.12835693359375 0.296478271484375 0.245208740234375
-0.58343505859375 -0.2301025390625 0.318511962890625 0.2408447265625
-0.557586669921875 -0.227386474609375 0.30224609375 0.174041748046875
-0.505462646484375 -0.249664306640625 0.241729736328125 0.0780029296875
-0.57025146484375 -0.1910400390625 0.1065673828125 -0.0923385620117188
-0.5731201171875 -0.0607910156250001 -0.00978088378906253 -0.205886840820312
-0.526702880859375 0.0845947265625 -0.147109985351563 -0.204421997070313
-0.429931640625 0.308074951171875 -0.210968017578125 -0.0773162841796875
-0.4073486328125 0.342926025390625 -0.27484130859375 -0.0603179931640625
-0.2384033203125 0.477386474609375 -0.258712768554688 0.0271759033203125
-0.14068603515625 0.484405517578125 -0.3516845703125 -0.0345458984375
-0.204833984375 0.33905029296875 0.199981689453125 0.535064697265625
-0.261322021484375 0.286865234375 0.126220703125 0.42547607421875
-0.3603515625 0.12945556640625 0.140762329101563 0.199020385742188
-0.361572265625 -0.000793457031249961 0.153411865234375 0.226791381835938
-0.340667724609375 -0.134307861328125 0.30670166015625 0.248779296875
-0.41607666015625 -0.210205078125 0.420867919921875 0.267852783203125
-0.408477783203125 -0.19482421875 0.4844970703125 0.219482421875
-0.3858642578125 -0.19537353515625 0.437530517578125 0.106903076171875
-0.43792724609375 -0.14129638671875 0.284454345703125 -0.103759765625
-0.4281005859375 -0.0270385742187499 0.102493286132812 -0.246902465820312
-0.38287353515625 0.0894775390625 -0.118179321289063 -0.244186401367188
-0.3057861328125 0.253570556640625 -0.231369018554688 -0.0737152099609375
-0.28741455078125 0.281707763671875 -0.29815673828125 0.010345458984375
-0.15966796875 0.38232421875 -0.272232055664063 0.162551879882813
-0.117218017578125 0.377899169921875 -0.3907470703125 0.1351318359375
-0.123626708984375 0.157882690429687 0.15057373046875 0.61962890625
-0.143997192382813 0.149917602539063 0.056549072265625 0.454833984375
-0.185317993164063 0.048675537109375 0.063690185546875 0.19732666015625
-0.17523193359375 -0.00538635253906247 0.110702514648438 0.198898315429688
-0.15606689453125 -0.07666015625 0.297454833984375 0.2408447265625
-0.211807250976563 -0.128448486328125 0.477325439453125 0.285064697265625
-0.207305908203125 -0.118927001953125 0.60302734375 0.25103759765625
-0.207366943359375 -0.112960815429688 0.57135009765625 0.12188720703125
-0.240936279296875 -0.0854644775390625 0.403289794921875 -0.120513916015625
-0.22503662109375 -0.0192718505859375 0.1734619140625 -0.280624389648438
-0.199325561523437 0.046142578125 -0.1025390625 -0.271697998046875
-0.163360595703125 0.137847900390625 -0.247650146484375 -0.0788269042968749
-0.150466918945313 0.15618896484375 -0.30828857421875 0.05487060546875
-0.07659912109375 0.21331787109375 -0.279876708984375 0.25372314453125
-0.0899658203125 0.205474853515625 -0.41949462890625 0.2535400390625
-0.0254917144775391 0.00322914123535157 0.37664794921875 -0.313568115234375
0.0189037322998047 0.0136508941650391 0.2979736328125 -0.270721435546875
-0.00542354583740234 0.000533103942871095 0.254562377929688 -0.088043212890625
-0.018310546875 -0.00167465209960938 0.247116088867188 0.106338500976563
-0.0160274505615234 -0.0130453109741211 0.0439300537109375 0.249588012695313
-0.0194511413574219 -0.00798416137695313 -0.218170166015625 0.26837158203125
-0.0198574066162109 0.00495338439941406 -0.462127685546875 0.115081787109375
-0.00519514083862305 -0.00179910659790039 -0.599853515625 -0.128173828125
-0.00644302368164063 0.0155868530273437 -0.6156005859375 -0.275146484375
-0.00170683860778809 -0.00380611419677734 -0.46905517578125 -0.295166015625
0.00494575500488281 0.00965595245361328 -0.291717529296875 -0.16265869140625
0.00265693664550781 0.0220756530761719 -0.0994949340820312 -0.104118347167969
0.00712108612060547 -0.00208806991577148 0.0130157470703125 -0.196701049804688
0.0282058715820313 -0.00992012023925781 -0.034820556640625 -0.419036865234375
0.0105800628662109 -0.0126762390136719 -0.08966064453125 -0.65447998046875
-0.0785675048828125 0.228759765625 0.390472412109375 -0.26837158203125
-0.05291748046875 0.22576904296875 0.32281494140625 -0.220855712890625
-0.138961791992187 0.177536010742188 0.28570556640625 -0.08148193359375
-0.18670654296875 0.11163330078125 0.263473510742188 0.127243041992188
-0.212356567382813 0.02508544921875 0.070770263671875 0.246490478515625
-0.26104736328125 -0.015045166015625 -0.194686889648438 0.2650146484375
-0.259353637695313 -0.0383453369140625 -0.430328369140625 0.1177978515625
-0.21014404296875 -0.104095458984375 -0.549102783203125 -0.103240966796875
-0.221633911132812 -0.1112060546875 -0.58538818359375 -0.2432861328125
-0.202987670898438 -0.113998413085937 -0.455352783203125 -0.260223388671875
-0.185745239257813 -0.0704345703125 -0.282073974609375 -0.148895263671875
-0.185592651367188 0.0310516357421875 -0.098114013671875 -0.0966033935546875
-0.186279296875 0.0398406982421875 -0.00714111328125002 -0.2034912109375
-0.129692077636719 0.114814758300781 -0.0487060546875 -0.402923583984375
-0.0719146728515625 0.161483764648438 -0.10302734375 -0.6285400390625
-0.138580322265625 0.415924072265625 0.398681640625 -0.150909423828125
-0.140350341796875 0.401641845703125 0.345611572265625 -0.114349365234375
-0.281341552734375 0.3148193359375 0.31732177734375 -0.04547119140625
-0.357269287109375 0.18896484375 0.279739379882813 0.15484619140625
-0.397979736328125 0.0333251953125 0.120208740234375 0.237472534179688
-0.476531982421875 -0.050445556640625 -0.116546630859375 0.2469482421875
-0.463165283203125 -0.09527587890625 -0.319488525390625 0.115966796875
-0.3861083984375 -0.19134521484375 -0.416839599609375 -0.0620422363281251
-0.41534423828125 -0.203033447265625 -0.48138427734375 -0.18731689453125
-0.40032958984375 -0.17584228515625 -0.401641845703125 -0.212371826171875
-0.378082275390625 -0.0962219238281249 -0.264328002929688 -0.136932373046875
-0.3619384765625 0.0875244140625 -0.117218017578125 -0.0971832275390625
-0.35699462890625 0.119293212890625 -0.064056396484375 -0.211212158203125
-0.25311279296875 0.254608154296875 -0.097564697265625 -0.357421875
-0.1319580078125 0.323944091796875 -0.154754638671875 -0.545166015625
-0.195587158203125 0.530517578125 0.38177490234375 0.0203857421875
-0.2340087890625 0.50201416015625 0.343536376953125 0.0374755859375
-0.4149169921875 0.377410888671875 0.329833984375 0.017669677734375
-0.500030517578125 0.20391845703125 0.2840576171875 0.187957763671875
-0.53607177734375 -0.000793457031250024 0.190383911132812 0.2303466796875
-0.62481689453125 -0.1138916015625 0.0150604248046875 0.225616455078125
-0.59759521484375 -0.15679931640625 -0.139739990234375 0.118209838867187
-0.50604248046875 -0.2476806640625 -0.220474243164063 -0.0131683349609376
-0.558380126953125 -0.24041748046875 -0.31585693359375 -0.1309814453125
-0.55865478515625 -0.17083740234375 -0.29742431640625 -0.175506591796875
-0.531829833984375 -0.0504150390625 -0.233551025390625 -0.138168334960937
-0.48138427734375 0.190032958984375 -0.149383544921875 -0.0937042236328125
-0.46563720703125 0.23077392578125 -0.145904541015625 -0.19293212890625
-0.31195068359375 0.3916015625 -0.168731689453125 -0.263336181640625
-0.160675048828125 0.449066162109375 -0.225433349609375 -0.408721923828125
-0.2359619140625 0.553924560546875 0.33917236328125 0.21502685546875
-0.304443359375 0.505950927734375 0.301788330078125 0.204010009765625
-0.4951171875 0.347625732421875 0.30328369140625 0.100006103515625
-0.563232421875 0.1505126953125 0.263626098632812 0.221588134765625
-0.58111572265625 -0.0675659179687499 0.257598876953125 0.232376098632812
-0.66766357421875 -0.18402099609375 0.173980712890625 0.221710205078125
-0.63311767578125 -0.20819091796875 0.0819091796875 0.136116027832031
-0.55279541015625 -0.2669677734375 0.0121231079101562 0.0364265441894531
-0.61865234375 -0.2293701171875 -0.106002807617188 -0.09796142578125
-0.626708984375 -0.11572265625 -0.155242919921875 -0.1741943359375
-0.590087890625 0.0308227539062499 -0.190826416015625 -0.163772583007813
-0.502593994140625 0.28704833984375 -0.184463500976563 -0.085113525390625
-0.480865478515625 0.326873779296875 -0.224868774414063 -0.136260986328125
-0.29998779296875 0.480682373046875 -0.227127075195313 -0.125686645507813
-0.158843994140625 0.511474609375 -0.297454833984375 -0.226837158203125
-0.242523193359375 0.48529052734375 0.275543212890625 0.39697265625
-0.317779541015625 0.424041748046875 0.222076416015625 0.343994140625
-0.478302001953125 0.24896240234375 0.23345947265625 0.16790771484375
-0.512939453125 0.0646362304687499 0.21600341796875 0.238601684570313
-0.50677490234375 -0.126861572265625 0.3009033203125 0.244415283203125
-0.59112548828125 -0.22564697265625 0.3233642578125 0.24237060546875
-0.56658935546875 -0.2242431640625 0.30670166015625 0.173797607421875
-0.512725830078125 -0.2479248046875 0.244842529296875 0.0771331787109375
-0.5777587890625 -0.18951416015625 0.107276916503906 -0.0933761596679688
-0.5791015625 -0.056884765625 -0.0118865966796875 -0.208114624023438
-0.531097412109375 0.0902099609375 -0.15045166015625 -0.204803466796875
-0.431427001953125 0.3150634765625 -0.212493896484375 -0.0758666992187499
-0.409149169921875 0.351409912109375 -0.277389526367188 -0.05743408203125
-0.23828125 0.4832763671875 -0.260757446289063 0.0296478271484375
-0.138763427734375 0.49090576171875 -0.35357666015625 -0.03265380859375
-0.203155517578125 0.34478759765625 0.205963134765625 0.538299560546875
-0.260467529296875 0.291473388671875 0.128997802734375 0.427734375
-0.36322021484375 0.13421630859375 0.142059326171875 0.19873046875
-0.364044189453125 0.00244140625000006 0.156784057617187 0.228240966796875
-0.345306396484375 -0.13189697265625 0.3115234375 0.248870849609375
-0.421722412109375 -0.2071533203125 0.42828369140625 0.268646240234375
-0.41351318359375 -0.19329833984375 0.49102783203125 0.218170166015625
-0.390594482421875 -0.19500732421875 0.443634033203125 0.1058349609375
-0.443023681640625 -0.139190673828125 0.287139892578125 -0.106201171875
-0.433197021484375 -0.02362060546875 0.101882934570312 -0.250335693359375
-0.3876953125 0.094635009765625 -0.12066650390625 -0.244766235351563
-0.30517578125 0.25885009765625 -0.232345581054688 -0.0729522705078125
-0.289031982421875 0.2889404296875 -0.30084228515625 0.01275634765625
-0.157379150390625 0.386871337890625 -0.27252197265625 0.166656494140625
-0.11431884765625 0.382293701171875 -0.39312744140625 0.13970947265625
-0.12261962890625 0.15997314453125 0.15631103515625 0.62384033203125
-0.142730712890625 0.151687622070313 0.060882568359375 0.4583740234375
-0.186355590820313 0.05047607421875 0.064697265625 0.198654174804687
-0.177322387695313 -0.00405883789062504 0.113021850585937 0.201705932617188
-0.159027099609375 -0.0771942138671875 0.30126953125 0.24041748046875
-0.215438842773438 -0.127395629882813 0.484954833984375 0.28521728515625
-0.210235595703125 -0.118408203125 0.61181640625 0.24896240234375
-0.210617065429687 -0.112518310546875 0.5787353515625 0.11846923828125
-0.24334716796875 -0.085052490234375 0.406402587890625 -0.123992919921875
-0.2279052734375 -0.01727294921875 0.172943115234375 -0.284393310546875
-0.2005615234375 0.0490264892578125 -0.104629516601563 -0.271728515625
-0.162796020507813 0.141830444335938 -0.24945068359375 -0.0767822265625
-0.151092529296875 0.159347534179688 -0.309173583984375 0.0586853027343751
-0.076385498046875 0.215850830078125 -0.280014038085938 0.258331298828125
-0.0887603759765625 0.2080078125 -0.421112060546875 0.258819580078125
-0.0260009765625 0.00375175476074219 0.376373291015625 -0.320465087890625
0.0198974609375 0.0126247406005859 0.29681396484375 -0.277099609375
-0.00470256805419922 0.001556396484375 0.255569458007813 -0.0921173095703125
-0.0179214477539063 -0.00139045715332031 0.24981689453125 0.104339599609375
-0.0171289443969727 -0.0140247344970703 0.0462799072265625 0.251220703125
-0.0192794799804688 -0.00783157348632813 -0.21844482421875 0.272216796875
-0.0197620391845703 0.00521278381347656 -0.466400146484375 0.12030029296875
-0.00514602661132812 -0.000709533691406251 -0.60760498046875 -0.12353515625
-0.00638103485107422 0.0160579681396484 -0.62640380859375 -0.27154541015625
-0.00143122673034668 -0.00368165969848633 -0.475616455078125 -0.293792724609375
0.00507354736328125 0.0100364685058594 -0.29571533203125 -0.160675048828125
0.00331878662109375 0.0223369598388672 -0.099578857421875 -0.104057312011719
0.00792169570922852 -0.00214529037475586 0.012847900390625 -0.197891235351563
0.0270900726318359 -0.0101795196533203 -0.038299560546875 -0.422760009765625
0.0106229782104492 -0.0128469467163086 -0.095947265625 -0.658935546875
-0.076904296875 0.23236083984375 0.390472412109375 -0.274566650390625
-0.05072021484375 0.22833251953125 0.32257080078125 -0.22705078125
-0.1383056640625 0.181549072265625 0.2864990234375 -0.086578369140625
-0.18743896484375 0.114654541015625 0.266647338867188 0.125396728515625
-0.215362548828125 0.0276947021484375 0.07330322265625 0.247955322265625
-0.264083862304688 -0.0119476318359376 -0.193557739257813 0.269256591796875
-0.262619018554688 -0.03533935546875 -0.434112548828125 0.124359130859375
-0.213546752929688 -0.102706909179688 -0.55511474609375 -0.0993041992187501
-0.2249755859375 -0.109725952148438 -0.594482421875 -0.23876953125
-0.205810546875 -0.11273193359375 -0.46441650390625 -0.2601318359375
-0.188766479492188 -0.068389892578125 -0.286651611328125 -0.1470947265625
-0.186126708984375 0.033905029296875 -0.0988845825195313 -0.0967178344726563
-0.18798828125 0.0423431396484375 -0.00726318359375003 -0.205062866210938
-0.1302490234375 0.117164611816406 -0.051177978515625 -0.405670166015625
-0.070037841796875 0.163711547851563 -0.10882568359375 -0.63519287109375
-0.13519287109375 0.42138671875 0.398651123046875 -0.157623291015625
-0.13726806640625 0.40802001953125 0.346649169921875 -0.118438720703125
-0.281280517578125 0.322265625 0.319061279296875 -0.050079345703125
-0.36016845703125 0.194366455078125 0.283660888671875 0.15277099609375
-0.402923583984375 0.038055419921875 0.124099731445312 0.237930297851563
-0.480804443359375 -0.044891357421875 -0.11444091796875 0.250015258789063
-0.4693603515625 -0.090484619140625 -0.321044921875 0.1207275390625
-0.392913818359375 -0.189666748046875 -0.421844482421875 -0.05938720703125
-0.421539306640625 -0.201416015625 -0.48992919921875 -0.18426513671875
-0.406219482421875 -0.173614501953125 -0.4085693359375 -0.212249755859375
-0.383758544921875 -0.09259033203125 -0.268142700195313 -0.136398315429687
-0.363494873046875 0.092315673828125 -0.11798095703125 -0.0965728759765625
-0.360595703125 0.124755859375 -0.065643310546875 -0.212615966796875
-0.252410888671875 0.260833740234375 -0.10186767578125 -0.358642578125
-0.13006591796875 0.328521728515625 -0.15966796875 -0.550689697265625
-0.191497802734375 0.53851318359375 0.384857177734375 0.01617431640625
-0.22869873046875 0.5096435546875 0.3460693359375 0.034088134765625
-0.4150390625 0.3876953125 0.33209228515625 0.013946533203125
-0.502044677734375 0.213104248046875 0.2891845703125 0.18634033203125
-0.541900634765625 0.00332641601562504 0.194412231445312 0.229766845703125
-0.63336181640625 -0.10711669921875 0.0186767578125 0.228256225585938
-0.60565185546875 -0.15130615234375 -0.139450073242188 0.121078491210938
-0.51544189453125 -0.2452392578125 -0.222579956054688 -0.0108489990234376
-0.5679931640625 -0.238037109375 -0.319854736328125 -0.128875732421875
-0.56573486328125 -0.16595458984375 -0.3035888671875 -0.174835205078125
-0.539398193359375 -0.04510498046875 -0.236953735351563 -0.137527465820313
-0.483428955078125 0.19873046875 -0.150436401367188 -0.0928955078125
-0.469085693359375 0.239654541015625 -0.148101806640625 -0.1925048828125
-0.311492919921875 0.398834228515625 -0.171890258789063 -0.2650146484375
-0.158172607421875 0.454925537109375 -0.230712890625 -0.4100341796875
-0.2314453125 0.56365966796875 0.34381103515625 0.213836669921875
-0.30194091796875 0.51470947265625 0.30633544921875 0.203399658203125
-0.495941162109375 0.356414794921875 0.3050537109375 0.096923828125
-0.5687255859375 0.15826416015625 0.268295288085937 0.220993041992188
-0.58819580078125 -0.0621337890625001 0.262664794921875 0.232223510742187
-0.676513671875 -0.1778564453125 0.179489135742187 0.22259521484375
-0.642578125 -0.203125 0.0847854614257812 0.137847900390625
-0.5614013671875 -0.264129638671875 0.0123443603515625 0.0365219116210937
-0.62939453125 -0.22509765625 -0.107398986816406 -0.097442626953125
-0.6346435546875 -0.11138916015625 -0.159347534179688 -0.175201416015625
-0.59552001953125 0.0379638671875001 -0.193710327148438 -0.163040161132813
-0.505035400390625 0.2957763671875 -0.185806274414063 -0.0839996337890625
-0.48114013671875 0.3359375 -0.227935791015625 -0.134002685546875
-0.297149658203125 0.488037109375 -0.23046875 -0.125030517578125
-0.153900146484375 0.518768310546875 -0.30206298828125 -0.227508544921875
-0.237945556640625 0.49383544921875 0.281890869140625 0.39776611328125
-0.314605712890625 0.430450439453125 0.227813720703125 0.34478759765625
-0.481048583984375 0.256683349609375 0.236053466796875 0.166275024414063
-0.518035888671875 0.071380615234375 0.220077514648437 0.2392578125
-0.512298583984375 -0.122894287109375 0.307769775390625 0.2425537109375
-0.59942626953125 -0.22125244140625 0.330902099609375 0.2415771484375
-0.57464599609375 -0.2200927734375 0.31201171875 0.17340087890625
-0.519256591796875 -0.245513916015625 0.248428344726562 0.0750885009765625
-0.58660888671875 -0.18524169921875 0.107818603515625 -0.0948257446289063
-0.58514404296875 -0.0508422851562501 -0.0144500732421875 -0.209793090820312
-0.536468505859375 0.0971679687500001 -0.153396606445313 -0.204696655273438
-0.4324951171875 0.323394775390625 -0.213821411132813 -0.0746307373046875
-0.409576416015625 0.360504150390625 -0.28045654296875 -0.0545654296875
-0.234771728515625 0.49078369140625 -0.26190185546875 0.032318115234375
-0.134796142578125 0.496673583984375 -0.35638427734375 -0.0300903320312499
-0.200592041015625 0.349365234375 0.212371826171875 0.540496826171875
-0.257720947265625 0.2960205078125 0.13507080078125 0.43023681640625
-0.36444091796875 0.1392822265625 0.143692016601562 0.197967529296875
-0.368621826171875 0.00723266601562495 0.159744262695312 0.22955322265625
-0.35089111328125 -0.129669189453125 0.317657470703125 0.24786376953125
-0.429656982421875 -0.204376220703125 0.4364013671875 0.2684326171875
-0.420013427734375 -0.190216064453125 0.4981689453125 0.216796875
-0.396942138671875 -0.193603515625 0.449371337890625 0.101715087890625
-0.45062255859375 -0.136199951171875 0.289794921875 -0.10980224609375
-0.437255859375 -0.0180053710937499 0.100448608398437 -0.25384521484375
-0.391357421875 0.098663330078125 -0.123519897460938 -0.245162963867187
-0.306854248046875 0.26605224609375 -0.234024047851563 -0.0709991455078125
-0.288604736328125 0.296234130859375 -0.30328369140625 0.0174865722656251
-0.15496826171875 0.391265869140625 -0.2724609375 0.172073364257813
-0.111328125 0.38787841796875 -0.39508056640625 0.14508056640625
-0.122406005859375 0.16302490234375 0.16351318359375 0.62982177734375
-0.141921997070313 0.154052734375 0.064453125 0.4619140625
-0.187652587890625 0.052764892578125 0.0663604736328125 0.198974609375
-0.17877197265625 -0.00187683105468748 0.116256713867188 0.201583862304688
-0.161453247070313 -0.0762786865234375 0.30810546875 0.2398681640625
-0.219085693359375 -0.12567138671875 0.493865966796875 0.283966064453125
-0.21380615234375 -0.116683959960938 0.62200927734375 0.24627685546875
-0.213333129882813 -0.111434936523437 0.5850830078125 0.11407470703125
-0.2471923828125 -0.0839691162109375 0.41094970703125 -0.129150390625
-0.230850219726563 -0.01495361328125 0.1727294921875 -0.287841796875
-0.202896118164063 0.05242919921875 -0.10809326171875 -0.27276611328125
-0.163040161132812 0.145278930664063 -0.251663208007813 -0.0746612548828125
-0.1512451171875 0.1629638671875 -0.3115234375 0.062591552734375
-0.0751953125 0.218582153320313 -0.280593872070312 0.264785766601563
-0.087127685546875 0.212554931640625 -0.421661376953125 0.26544189453125
-0.0265617370605469 0.00497817993164063 0.37548828125 -0.32781982421875
0.0204658508300781 0.0127677917480469 0.29620361328125 -0.282806396484375
-0.0049595832824707 0.00167131423950195 0.255294799804688 -0.0955352783203125
-0.0186042785644531 -0.00166893005371094 0.252685546875 0.10009765625
-0.0180263519287109 -0.0134201049804687 0.049591064453125 0.25201416015625
-0.0195541381835938 -0.00710487365722656 -0.217559814453125 0.277801513671875
-0.0199947357177734 0.00633621215820313 -0.469268798828125 0.12530517578125
-0.00510168075561523 -0.00138044357299805 -0.61572265625 -0.116943359375
-0.00613307952880859 0.0157365798950195 -0.63812255859375 -0.2650146484375
-0.00196361541748047 -0.00422811508178711 -0.4857177734375 -0.291534423828125
0.00429439544677734 0.00917911529541016 -0.301300048828125 -0.158966064453125
0.00439834594726562 0.0223503112792969 -0.100830078125 -0.104103088378906
0.00736522674560547 -0.00165462493896484 0.01220703125 -0.200241088867188
0.0273990631103516 -0.0107364654541016 -0.042938232421875 -0.426300048828125
0.0107336044311523 -0.0132894515991211 -0.1051025390625 -0.66436767578125
-0.074951171875 0.236114501953125 0.390167236328125 -0.280548095703125
-0.0477752685546875 0.231338500976562 0.322845458984375 -0.233154296875
-0.137649536132813 0.185302734375 0.286956787109375 -0.09027099609375
-0.1881103515625 0.117767333984375 0.270828247070313 0.122238159179688
-0.218704223632813 0.0308074951171875 0.0765380859375 0.248855590820313
-0.266204833984375 -0.00823974609375003 -0.193008422851562 0.273818969726563
-0.266342163085938 -0.0334167480468751 -0.437042236328125 0.129669189453125
-0.217178344726563 -0.101593017578125 -0.5640869140625 -0.0922241210937501
-0.229080200195313 -0.108428955078125 -0.6038818359375 -0.2337646484375
-0.209732055664062 -0.111343383789063 -0.4742431640625 -0.25799560546875
-0.190902709960938 -0.0673980712890625 -0.2908935546875 -0.145294189453125
-0.187210083007812 0.035888671875 -0.0990066528320313 -0.0970458984375
-0.189605712890625 0.0453338623046875 -0.00787353515625 -0.206924438476563
-0.131561279296875 0.119491577148438 -0.056304931640625 -0.408447265625
-0.0688629150390625 0.165435791015625 -0.1175537109375 -0.63916015625
-0.130401611328125 0.429107666015625 0.40228271484375 -0.16302490234375
-0.13153076171875 0.41253662109375 0.34906005859375 -0.125213623046875
-0.281005859375 0.328338623046875 0.31982421875 -0.055389404296875
-0.360443115234375 0.201141357421875 0.287628173828125 0.150421142578125
-0.407958984375 0.04168701171875 0.127609252929688 0.237808227539063
-0.4864501953125 -0.0383911132812501 -0.1119384765625 0.253692626953125
-0.47479248046875 -0.0868835449218751 -0.323516845703125 0.12554931640625
-0.399932861328125 -0.187286376953125 -0.428131103515625 -0.055206298828125
-0.4307861328125 -0.19903564453125 -0.496734619140625 -0.179534912109375
-0.412872314453125 -0.169921875 -0.41558837890625 -0.209442138671875
-0.388763427734375 -0.0893249511718751 -0.2724609375 -0.135162353515625
-0.36553955078125 0.0975341796875 -0.119422912597656 -0.09600830078125
-0.36248779296875 0.131591796875 -0.0682525634765625 -0.212844848632813
-0.252487182617187 0.264923095703125 -0.10638427734375 -0.361358642578125
-0.127532958984375 0.3321533203125 -0.16864013671875 -0.554168701171875
-0.184906005859375 0.5465087890625 0.387939453125 0.011444091796875
-0.224700927734375 0.518951416015625 0.349212646484375 0.030548095703125
-0.414703369140625 0.3958740234375 0.333251953125 0.00906372070312503
-0.506103515625 0.220489501953125 0.2943115234375 0.184661865234375
-0.548858642578125 0.00891113281249992 0.198837280273438 0.228591918945313
-0.6409912109375 -0.10009765625 0.022247314453125 0.230133056640625
-0.612548828125 -0.1463623046875 -0.139434814453125 0.124298095703125
-0.522857666015625 -0.242279052734375 -0.225433349609375 -0.00782775878906251
-0.577392578125 -0.23345947265625 -0.324981689453125 -0.126068115234375
-0.57373046875 -0.15985107421875 -0.308868408203125 -0.173309326171875
-0.545928955078125 -0.0392150878906251 -0.240219116210937 -0.13671875
-0.485015869140625 0.20697021484375 -0.151840209960938 -0.091949462890625
-0.470062255859375 0.24896240234375 -0.151748657226563 -0.192092895507813
-0.30914306640625 0.40509033203125 -0.175216674804688 -0.265365600585938
-0.15234375 0.462249755859375 -0.23675537109375 -0.413299560546875
-0.22662353515625 0.57220458984375 0.3486328125 0.212310791015625
-0.296600341796875 0.52276611328125 0.311248779296875 0.20111083984375
-0.498565673828125 0.3665771484375 0.30804443359375 0.093505859375
-0.57257080078125 0.16790771484375 0.273406982421875 0.220046997070313
-0.595458984375 -0.0564575195312499 0.268157958984375 0.230560302734375
-0.6871337890625 -0.16925048828125 0.184539794921875 0.222686767578125
-0.65087890625 -0.19744873046875 0.0874786376953125 0.138671875
-0.56884765625 -0.2615966796875 0.0130958557128906 0.0371932983398437
-0.638916015625 -0.22235107421875 -0.109809875488281 -0.0963821411132813
-0.64263916015625 -0.104736328125 -0.163375854492188 -0.1749267578125
-0.60223388671875 0.0460815429687499 -0.197280883789063 -0.163223266601563
-0.5057373046875 0.30450439453125 -0.187835693359375 -0.0826416015625
-0.4827880859375 0.34637451171875 -0.231231689453125 -0.13214111328125
-0.296356201171875 0.497100830078125 -0.232940673828125 -0.123886108398437
-0.149871826171875 0.52532958984375 -0.305816650390625 -0.227142333984375
-0.233673095703125 0.502349853515625 0.288726806640625 0.399017333984375
-0.3116455078125 0.4376220703125 0.232513427734375 0.34478759765625
-0.48260498046875 0.266357421875 0.23828125 0.164108276367188
-0.521636962890625 0.078948974609375 0.22509765625 0.239410400390625
-0.52081298828125 -0.1180419921875 0.31365966796875 0.241851806640625
-0.60870361328125 -0.215087890625 0.338897705078125 0.240142822265625
-0.58209228515625 -0.21612548828125 0.317596435546875 0.1724853515625
-0.527618408203125 -0.24322509765625 0.252243041992187 0.07391357421875
-0.59661865234375 -0.18011474609375 0.108314514160156 -0.0962371826171875
-0.59307861328125 -0.04583740234375 -0.0175628662109375 -0.210968017578125
-0.542022705078125 0.105560302734375 -0.156768798828125 -0.205093383789063
-0.432403564453125 0.333740234375 -0.215423583984375 -0.0728912353515624
-0.409210205078125 0.370330810546875 -0.2833251953125 -0.050994873046875
-0.2320556640625 0.497528076171875 -0.263641357421875 0.0353546142578126
-0.12994384765625 0.50335693359375 -0.358856201171875 -0.026336669921875
-0.198089599609375 0.3555908203125 0.220916748046875 0.54339599609375
-0.256500244140625 0.3016357421875 0.14080810546875 0.433807373046875
-0.36700439453125 0.144378662109375 0.145614624023437 0.19769287109375
-0.3720703125 0.01092529296875 0.164596557617187 0.229766845703125
-0.35504150390625 -0.126800537109375 0.324859619140625 0.24615478515625
-0.435760498046875 -0.2005615234375 0.445343017578125 0.26690673828125
-0.427978515625 -0.186614990234375 0.50604248046875 0.213775634765625
-0.4036865234375 -0.191192626953125 0.455657958984375 0.098602294921875
-0.45782470703125 -0.134124755859375 0.29193115234375 -0.11419677734375
-0.443572998046875 -0.0134887695312501 0.09832763671875 -0.257064819335938
-0.394012451171875 0.10565185546875 -0.127059936523438 -0.246490478515625
-0.307403564453125 0.273468017578125 -0.235946655273438 -0.0684814453125
-0.288818359375 0.302734375 -0.3052978515625 0.02227783203125
-0.151763916015625 0.397491455078125 -0.272048950195313 0.176483154296875
-0.107879638671875 0.393402099609375 -0.394439697265625 0.14990234375
-0.121078491210938 0.165725708007812 0.1712646484375 0.63427734375
-0.141845703125 0.156631469726563 0.070220947265625 0.465087890625
-0.188247680664063 0.055633544921875 0.0677947998046875 0.198822021484375
-0.179946899414063 -0.000137329101562508 0.119644165039062 0.202880859375
-0.164215087890625 -0.0746612548828125 0.314788818359375 0.238616943359375
-0.2220458984375 -0.123199462890625 0.501708984375 0.28192138671875
-0.217666625976563 -0.115524291992188 0.6309814453125 0.2430419921875
-0.217575073242187 -0.110015869140625 0.59295654296875 0.10986328125
-0.251022338867188 -0.0811614990234375 0.414306640625 -0.135406494140625
-0.233779907226562 -0.0118255615234375 0.171234130859375 -0.292694091796875
-0.204269409179688 0.055816650390625 -0.110946655273438 -0.273681640625
-0.16290283203125 0.150177001953125 -0.253265380859375 -0.0725860595703124
-0.1512451171875 0.167312622070313 -0.314208984375 0.0681457519531251
-0.07354736328125 0.220901489257813 -0.279022216796875 0.269744873046875
-0.0848388671875 0.216217041015625 -0.420257568359375 0.273773193359375
-0.0270671844482422 0.00507926940917968 0.37322998046875 -0.336456298828125
0.0208892822265625 0.0121898651123047 0.294097900390625 -0.28961181640625
-0.00442600250244141 0.00089883804321289 0.256668090820313 -0.100875854492188
-0.0186958312988281 -0.00201034545898437 0.255599975585937 0.0980224609375
-0.0189685821533203 -0.0130481719970703 0.052398681640625 0.253662109375
-0.0196399688720703 -0.00615692138671875 -0.21588134765625 0.282989501953125
-0.0204715728759766 0.00767898559570312 -0.4725341796875 0.132110595703125
-0.00505447387695313 -0.000928401947021485 -0.62530517578125 -0.10943603515625
-0.00564479827880859 0.016265869140625 -0.64801025390625 -0.25921630859375
-0.00174236297607422 -0.00361752510070801 -0.49505615234375 -0.287750244140625
0.00496673583984375 0.00972652435302734 -0.30621337890625 -0.156341552734375
0.00538444519042969 0.0217685699462891 -0.101692199707031 -0.103363037109375
0.00701904296875 -0.00165224075317383 0.00932312011718749 -0.20196533203125
0.0270881652832031 -0.0107994079589844 -0.047760009765625 -0.429046630859375
0.0104541778564453 -0.0134506225585938 -0.11474609375 -0.670654296875
-0.07196044921875 0.23956298828125 0.388916015625 -0.289276123046875
-0.0443878173828125 0.233612060546875 0.32220458984375 -0.239959716796875
-0.136306762695313 0.188919067382812 0.287841796875 -0.095489501953125
-0.188690185546875 0.122161865234375 0.274658203125 0.11865234375
-0.221389770507813 0.033111572265625 0.0806121826171875 0.249130249023438
-0.269241333007813 -0.00361633300781249 -0.191436767578125 0.2789306640625
-0.269012451171875 -0.0290374755859374 -0.43927001953125 0.13677978515625
-0.220916748046875 -0.099365234375 -0.57208251953125 -0.0859985351562499
-0.232559204101563 -0.10577392578125 -0.61358642578125 -0.22760009765625
-0.21356201171875 -0.109512329101562 -0.481842041015625 -0.253387451171875
-0.193313598632813 -0.0653533935546875 -0.29559326171875 -0.1429443359375
-0.188201904296875 0.03924560546875 -0.0996475219726563 -0.0957489013671875
-0.190093994140625 0.0489349365234375 -0.0105133056640625 -0.208160400390625
-0.130378723144531 0.122581481933594 -0.06109619140625 -0.41180419921875
-0.0668487548828125 0.168289184570313 -0.12677001953125 -0.64453125
-0.124786376953125 0.435333251953125 0.4014892578125 -0.17010498046875
-0.1260986328125 0.41802978515625 0.348724365234375 -0.131134033203125
-0.279693603515625 0.33697509765625 0.3197021484375 -0.060577392578125
-0.362518310546875 0.2080078125 0.29266357421875 0.14715576171875
-0.411590576171875 0.048095703125 0.131988525390625 0.237945556640625
-0.4923095703125 -0.031829833984375 -0.109771728515625 0.258010864257812
-0.48138427734375 -0.0798950195312501 -0.32415771484375 0.13177490234375
-0.404937744140625 -0.1832275390625 -0.43310546875 -0.05023193359375
-0.43682861328125 -0.194244384765625 -0.50506591796875 -0.174560546875
-0.42034912109375 -0.16644287109375 -0.423095703125 -0.20672607421875
-0.3936767578125 -0.08428955078125 -0.277267456054688 -0.132064819335937
-0.3670654296875 0.1036376953125 -0.11968994140625 -0.0955123901367188
-0.363006591796875 0.1392822265625 -0.071075439453125 -0.214141845703125
-0.251510620117187 0.271942138671875 -0.111297607421875 -0.3626708984375
-0.12298583984375 0.337127685546875 -0.17620849609375 -0.55706787109375
-0.177703857421875 0.554779052734375 0.391510009765625 0.00704956054687504
-0.217803955078125 0.525543212890625 0.35150146484375 0.026336669921875
-0.413970947265625 0.40802001953125 0.33563232421875 0.00360107421875002
-0.509429931640625 0.230438232421875 0.299102783203125 0.181976318359375
-0.555328369140625 0.0170898437500001 0.203826904296875 0.227005004882813
-0.6492919921875 -0.0899658203125 0.026123046875 0.231185913085938
-0.620361328125 -0.13897705078125 -0.139045715332031 0.127418518066406
-0.531982421875 -0.237152099609375 -0.22747802734375 -0.00538635253906253
-0.587158203125 -0.2281494140625 -0.330322265625 -0.12255859375
-0.58251953125 -0.15435791015625 -0.314117431640625 -0.17083740234375
-0.550628662109375 -0.0289306640625 -0.244873046875 -0.134658813476562
-0.486175537109375 0.215484619140625 -0.153701782226563 -0.0911102294921875
-0.47125244140625 0.258270263671875 -0.154617309570313 -0.191070556640625
-0.30657958984375 0.414581298828125 -0.17974853515625 -0.265029907226563
-0.146026611328125 0.46710205078125 -0.245269775390625 -0.414093017578125
-0.21917724609375 0.58087158203125 0.35528564453125 0.209564208984375
-0.29052734375 0.531341552734375 0.315216064453125 0.197967529296875
-0.497589111328125 0.378143310546875 0.309814453125 0.0892333984375
-0.575439453125 0.177978515625 0.279220581054687 0.218368530273438
-0.602783203125 -0.0493774414062501 0.274520874023437 0.228103637695312
-0.69561767578125 -0.16094970703125 0.1904296875 0.223220825195313
-0.66082763671875 -0.19036865234375 0.0906448364257812 0.1397705078125
-0.57904052734375 -0.25640869140625 0.0132980346679687 0.037353515625
-0.6497802734375 -0.21466064453125 -0.112037658691406 -0.0957870483398438
-0.6507568359375 -0.0953369140625 -0.1676025390625 -0.174468994140625
-0.6072998046875 0.0557861328125 -0.20172119140625 -0.161361694335938
-0.50579833984375 0.315185546875 -0.189208984375 -0.081268310546875
-0.48272705078125 0.358795166015625 -0.234649658203125 -0.128585815429687
-0.292022705078125 0.50518798828125 -0.236831665039063 -0.121734619140625
-0.142486572265625 0.531494140625 -0.3114013671875 -0.22467041015625
-0.227325439453125 0.510223388671875 0.296722412109375 0.3980712890625
-0.30792236328125 0.446685791015625 0.238494873046875 0.344451904296875
-0.4827880859375 0.27349853515625 0.240707397460937 0.161727905273438
-0.52606201171875 0.0882873535156251 0.230575561523437 0.238357543945312
-0.526458740234375 -0.11187744140625 0.320098876953125 0.237823486328125
-0.61859130859375 -0.207275390625 0.346099853515625 0.23809814453125
-0.59246826171875 -0.21014404296875 0.32373046875 0.17041015625
-0.535919189453125 -0.23822021484375 0.25555419921875 0.0713958740234375
-0.60357666015625 -0.174560546875 0.108604431152344 -0.0981979370117188
-0.60003662109375 -0.0358886718750001 -0.0211639404296876 -0.213104248046875
-0.5458984375 0.115386962890625 -0.160858154296875 -0.204010009765625
-0.4320068359375 0.34527587890625 -0.217727661132813 -0.0702667236328124
-0.409637451171875 0.381744384765625 -0.2860107421875 -0.046234130859375
-0.22784423828125 0.5048828125 -0.264556884765625 0.0400238037109375
-0.12335205078125 0.510467529296875 -0.3623046875 -0.022003173828125
-0.193634033203125 0.361358642578125 0.228546142578125 0.545135498046875
-0.2529296875 0.306243896484375 0.14642333984375 0.434783935546875
-0.3682861328125 0.1517333984375 0.148101806640625 0.196929931640625
-0.3751220703125 0.0172729492187501 0.168426513671875 0.229904174804688
-0.360931396484375 -0.12432861328125 0.33197021484375 0.2431640625
-0.443023681640625 -0.1959228515625 0.45501708984375 0.26385498046875
-0.433197021484375 -0.182830810546875 0.51702880859375 0.209259033203125
-0.40924072265625 -0.187530517578125 0.459869384765625 0.093414306640625
-0.463134765625 -0.12744140625 0.294158935546875 -0.118072509765625
-0.4488525390625 -0.00668334960937508 0.095916748046875 -0.260009765625
-0.39556884765625 0.11187744140625 -0.131301879882813 -0.245620727539062
-0.305633544921875 0.28131103515625 -0.237442016601563 -0.0659637451171875
-0.28839111328125 0.311370849609375 -0.308013916015625 0.027740478515625
-0.149078369140625 0.402618408203125 -0.27142333984375 0.18182373046875
-0.10137939453125 0.39910888671875 -0.39569091796875 0.1566162109375
-0.119888305664062 0.168807983398438 0.18072509765625 0.63641357421875
-0.139862060546875 0.159408569335938 0.075531005859375 0.469879150390625
-0.18865966796875 0.0590057373046875 0.069976806640625 0.199249267578125
-0.181838989257813 0.00285339355468747 0.123489379882812 0.203216552734375
-0.166778564453125 -0.073486328125 0.320892333984375 0.236541748046875
-0.22625732421875 -0.121536254882813 0.512359619140625 0.2786865234375
-0.22125244140625 -0.113067626953125 0.641357421875 0.2366943359375
-0.22088623046875 -0.108062744140625 0.6014404296875 0.10174560546875
-0.254913330078125 -0.078460693359375 0.418487548828125 -0.14068603515625
-0.235824584960938 -0.00878906250000004 0.16943359375 -0.297332763671875
-0.205795288085938 0.0595550537109375 -0.11517333984375 -0.273300170898438
-0.162078857421875 0.154586791992188 -0.256134033203125 -0.0689544677734375
-0.150619506835938 0.171707153320313 -0.31500244140625 0.073699951171875
-0.071685791015625 0.224472045898438 -0.275985717773437 0.276123046875
-0.081787109375 0.219482421875 -0.419647216796875 0.280548095703125
-0.0277271270751953 0.00577545166015625 0.3699951171875 -0.344390869140625
0.020782470703125 0.0112800598144531 0.291290283203125 -0.29638671875
-0.00420975685119629 0.000724315643310548 0.256011962890625 -0.106124877929688
-0.0187034606933594 -0.00201797485351563 0.258270263671875 0.0934906005859375
-0.0199718475341797 -0.0130729675292969 0.0562591552734375 0.254196166992188
-0.0195159912109375 -0.00553512573242188 -0.21405029296875 0.287628173828125
-0.0203990936279297 0.00763702392578125 -0.475250244140625 0.139556884765625
-0.00496721267700195 -0.00053548812866211 -0.631591796875 -0.1002197265625
-0.00516700744628906 0.0167350769042969 -0.65789794921875 -0.2501220703125
-0.00187540054321289 -0.00351047515869141 -0.505157470703125 -0.2840576171875
0.00515365600585938 0.00925254821777344 -0.310760498046875 -0.1529541015625
0.00605392456054687 0.0217266082763672 -0.10308837890625 -0.102752685546875
0.00696706771850586 -0.00150537490844727 0.00851440429687498 -0.203872680664063
0.0263385772705078 -0.0113449096679688 -0.054595947265625 -0.43121337890625
0.0107545852661133 -0.0135641098022461 -0.12603759765625 -0.67315673828125
-0.0686798095703125 0.242767333984375 0.38641357421875 -0.2965087890625
-0.0401153564453125 0.2364501953125 0.320037841796875 -0.248046875
-0.134811401367187 0.193527221679688 0.2869873046875 -0.10101318359375
-0.18878173828125 0.126571655273438 0.277618408203125 0.114837646484375
-0.223526000976563 0.0368194580078125 0.0845947265625 0.24859619140625
-0.270858764648438 0.00086975097656249 -0.18841552734375 0.283935546875
-0.271087646484375 -0.0248260498046875 -0.440185546875 0.142425537109375
-0.2239990234375 -0.0968933105468751 -0.57855224609375 -0.0772705078125
-0.236251831054687 -0.103012084960938 -0.6236572265625 -0.219482421875
-0.216293334960938 -0.106964111328125 -0.48968505859375 -0.24859619140625
-0.196273803710938 -0.0631561279296875 -0.2998046875 -0.1390380859375
-0.187271118164062 0.0417022705078125 -0.101608276367187 -0.0954513549804687
-0.191192626953125 0.05230712890625 -0.0129852294921875 -0.208969116210938
-0.129829406738281 0.125648498535156 -0.06842041015625 -0.41400146484375
-0.0647430419921875 0.170059204101563 -0.137939453125 -0.6485595703125
-0.118072509765625 0.43951416015625 0.400909423828125 -0.177825927734375
-0.119659423828125 0.424102783203125 0.348541259765625 -0.136627197265625
-0.275787353515625 0.3441162109375 0.3201904296875 -0.066162109375
-0.36285400390625 0.216552734375 0.296844482421875 0.142669677734375
-0.414947509765625 0.0545654296875 0.135787963867187 0.236404418945313
-0.495941162109375 -0.0230712890625 -0.106338500976563 0.2611083984375
-0.486846923828125 -0.0728759765625 -0.325592041015625 0.13720703125
-0.411468505859375 -0.17877197265625 -0.437835693359375 -0.0433349609374999
-0.44451904296875 -0.1884765625 -0.51171875 -0.167816162109375
-0.425323486328125 -0.161224365234375 -0.4305419921875 -0.202178955078125
-0.398345947265625 -0.0774841308593751 -0.280502319335938 -0.1287841796875
-0.366912841796875 0.110382080078125 -0.1212158203125 -0.094512939453125
-0.363983154296875 0.1468505859375 -0.0742950439453125 -0.213531494140625
-0.249969482421875 0.277175903320312 -0.117218017578125 -0.364105224609375
-0.11859130859375 0.340484619140625 -0.187530517578125 -0.560638427734375
-0.169677734375 0.5614013671875 0.392578125 0.000335693359375034
-0.210418701171875 0.533172607421875 0.355194091796875 0.0201416015625
-0.411163330078125 0.416473388671875 0.33575439453125 -0.00155639648437497
-0.50933837890625 0.241119384765625 0.30419921875 0.17877197265625
-0.55914306640625 0.02618408203125 0.209152221679687 0.224517822265625
-0.65594482421875 -0.08074951171875 0.0315704345703125 0.232223510742188
-0.6292724609375 -0.1307373046875 -0.137741088867188 0.13116455078125
-0.53948974609375 -0.231719970703125 -0.229827880859375 -0.00138854980468753
-0.59600830078125 -0.22052001953125 -0.335113525390625 -0.118072509765625
-0.5908203125 -0.14495849609375 -0.31976318359375 -0.1680908203125
-0.5557861328125 -0.021820068359375 -0.248886108398438 -0.1324462890625
-0.486114501953125 0.225982666015625 -0.154861450195313 -0.0894317626953125
-0.468719482421875 0.269500732421875 -0.15826416015625 -0.189651489257812
-0.302978515625 0.42193603515625 -0.184494018554688 -0.264633178710938
-0.1387939453125 0.472320556640625 -0.25250244140625 -0.41455078125
-0.21087646484375 0.5877685546875 0.35986328125 0.205108642578125
-0.282196044921875 0.53955078125 0.32061767578125 0.195404052734375
-0.495208740234375 0.3892822265625 0.31146240234375 0.084320068359375
-0.57763671875 0.18841552734375 0.284423828125 0.215545654296875
-0.60870361328125 -0.0414428710937501 0.28033447265625 0.224441528320312
-0.70306396484375 -0.15087890625 0.196807861328125 0.221633911132813
-0.66876220703125 -0.18017578125 0.0938186645507812 0.140235900878906
-0.5880126953125 -0.2503662109375 0.0148582458496093 0.0377464294433594
-0.65740966796875 -0.20703125 -0.114723205566406 -0.09381103515625
-0.65740966796875 -0.0874023437500001 -0.1717529296875 -0.1728515625
-0.6112060546875 0.0654907226562499 -0.205551147460938 -0.159393310546875
-0.504119873046875 0.3277587890625 -0.190399169921875 -0.0786590576171875
-0.479339599609375 0.369720458984375 -0.23785400390625 -0.125396728515625
-0.28662109375 0.5133056640625 -0.239242553710938 -0.119308471679687
-0.13531494140625 0.538299560546875 -0.31640625 -0.22271728515625
-0.220489501953125 0.517791748046875 0.304718017578125 0.3953857421875
-0.2999267578125 0.452484130859375 0.244720458984375 0.344268798828125
-0.48272705078125 0.28460693359375 0.243148803710937 0.15789794921875
-0.52972412109375 0.097015380859375 0.235519409179687 0.236862182617187
-0.534423828125 -0.104583740234375 0.327178955078125 0.234710693359375
-0.6253662109375 -0.198974609375 0.353546142578125 0.2342529296875
-0.5997314453125 -0.2017822265625 0.329132080078125 0.167266845703125
-0.54449462890625 -0.23065185546875 0.258819580078125 0.0684661865234375
-0.6116943359375 -0.166259765625 0.108604431152344 -0.100257873535156
-0.60552978515625 -0.02850341796875 -0.0245361328125 -0.2142333984375
-0.548187255859375 0.124847412109375 -0.164779663085938 -0.202880859375
-0.4296875 0.355255126953125 -0.219207763671875 -0.067138671875
-0.406219482421875 0.391998291015625 -0.28826904296875 -0.041290283203125
-0.221099853515625 0.511474609375 -0.26507568359375 0.0445098876953125
-0.115631103515625 0.51654052734375 -0.36444091796875 -0.017578125
-0.188751220703125 0.3665771484375 0.239044189453125 0.545074462890625
-0.250213623046875 0.311614990234375 0.154052734375 0.4365234375
-0.368560791015625 0.1585693359375 0.150558471679688 0.194839477539063
-0.377410888671875 0.02239990234375 0.173660278320313 0.229339599609375
-0.3658447265625 -0.11944580078125 0.33782958984375 0.239044189453125
-0.44940185546875 -0.189300537109375 0.462554931640625 0.2576904296875
-0.44036865234375 -0.17779541015625 0.5234375 0.20330810546875
-0.41522216796875 -0.181854248046875 0.4661865234375 0.08795166015625
-0.470062255859375 -0.1214599609375 0.295318603515625 -0.123504638671875
-0.451873779296875 0.000335693359375071 0.092681884765625 -0.263137817382813
-0.397430419921875 0.121002197265625 -0.13507080078125 -0.24530029296875
-0.30322265625 0.289581298828125 -0.2388916015625 -0.061676025390625
-0.285125732421875 0.31951904296875 -0.309051513671875 0.033905029296875
-0.14337158203125 0.408599853515625 -0.269912719726563 0.187606811523438
-0.096588134765625 0.404327392578125 -0.394561767578125 0.163726806640625
-0.11700439453125 0.17230224609375 0.191650390625 0.63812255859375
-0.137710571289063 0.161758422851563 0.08294677734375 0.470428466796875
-0.189102172851563 0.0619049072265625 0.0724945068359375 0.199249267578125
-0.18255615234375 0.00505065917968753 0.127578735351563 0.20294189453125
-0.169265747070313 -0.07177734375 0.327117919921875 0.2330322265625
-0.229766845703125 -0.11822509765625 0.52166748046875 0.272918701171875
-0.224899291992187 -0.110275268554688 0.649658203125 0.23028564453125
-0.223495483398438 -0.105178833007813 0.60870361328125 0.09503173828125
-0.257736206054688 -0.0758056640625 0.41973876953125 -0.148834228515625
-0.237838745117188 -0.00527954101562502 0.166534423828125 -0.300811767578125
-0.20611572265625 0.0644073486328125 -0.119766235351563 -0.273773193359375
-0.1605224609375 0.159072875976563 -0.2578125 -0.0650177001953125
-0.149505615234375 0.175369262695313 -0.315765380859375 0.080291748046875
-0.0688629150390625 0.226806640625 -0.273712158203125 0.283172607421875
-0.0789031982421875 0.223220825195313 -0.41632080078125 0.28985595703125
-0.0282382965087891 0.00687026977539062 0.365478515625 -0.350799560546875
0.0215530395507813 0.0107955932617188 0.28729248046875 -0.30426025390625
-0.00382518768310547 -3.62396240234378E-05 0.255508422851563 -0.111282348632812
-0.019317626953125 -0.00153732299804688 0.26031494140625 0.0882720947265625
-0.0212593078613281 -0.0129814147949219 0.0597076416015625 0.254165649414063
-0.0190334320068359 -0.00518608093261719 -0.211212158203125 0.293212890625
-0.0203056335449219 0.00813674926757812 -0.4759521484375 0.148712158203125
-0.00475883483886719 -0.000576496124267579 -0.638427734375 -0.0897216796875
-0.00492286682128906 0.0177040100097656 -0.66693115234375 -0.2403564453125
-0.00230503082275391 -0.00381898880004883 -0.512969970703125 -0.277130126953125
0.00497722625732422 0.00879669189453125 -0.314422607421875 -0.148345947265625
0.00747108459472656 0.0209674835205078 -0.104827880859375 -0.101165771484375
0.00683736801147461 -0.00179958343505859 0.00559997558593751 -0.204742431640625
0.0261096954345703 -0.0119781494140625 -0.06121826171875 -0.4339599609375
0.0102205276489258 -0.0145320892333984 -0.13897705078125 -0.67706298828125
-0.0641937255859375 0.24578857421875 0.3834228515625 -0.30670166015625
-0.035064697265625 0.238616943359375 0.317169189453125 -0.255523681640625
-0.131790161132812 0.196456909179688 0.285858154296875 -0.107330322265625
-0.187667846679688 0.131439208984375 0.281051635742187 0.109710693359375
-0.224868774414063 0.04168701171875 0.0884246826171875 0.24835205078125
-0.27288818359375 0.00570678710937506 -0.18505859375 0.288421630859375
-0.274185180664063 -0.0204010009765624 -0.442108154296875 0.15118408203125
-0.227630615234375 -0.0943603515625 -0.583984375 -0.067626953125
-0.24017333984375 -0.0989532470703125 -0.63165283203125 -0.210693359375
-0.219497680664063 -0.103134155273437 -0.4974365234375 -0.240386962890625
-0.19842529296875 -0.05950927734375 -0.304901123046875 -0.13519287109375
-0.18804931640625 0.0453948974609375 -0.102630615234375 -0.0944137573242187
-0.191085815429688 0.0570831298828125 -0.01544189453125 -0.209991455078125
-0.129005432128906 0.129234313964844 -0.0738525390625 -0.415435791015625
-0.0622711181640625 0.171554565429688 -0.1494140625 -0.650390625
-0.11236572265625 0.446563720703125 0.399993896484375 -0.185699462890625
-0.1114501953125 0.4281005859375 0.34844970703125 -0.144622802734375
-0.271820068359375 0.3511962890625 0.31951904296875 -0.07330322265625
-0.361083984375 0.22528076171875 0.300506591796875 0.1380615234375
-0.4197998046875 0.061859130859375 0.141021728515625 0.234542846679688
-0.499786376953125 -0.0144348144531249 -0.102294921875 0.264068603515625
-0.49066162109375 -0.064910888671875 -0.32501220703125 0.1439208984375
-0.417388916015625 -0.1739501953125 -0.44110107421875 -0.03460693359375
-0.4510498046875 -0.18212890625 -0.518310546875 -0.158477783203125
-0.4315185546875 -0.15484619140625 -0.43646240234375 -0.19549560546875
-0.401611328125 -0.0712585449218749 -0.284454345703125 -0.12493896484375
-0.3663330078125 0.117431640625 -0.122283935546875 -0.0931625366210937
-0.362762451171875 0.1553955078125 -0.07763671875 -0.212814331054687
-0.2470703125 0.283203125 -0.1234130859375 -0.36444091796875
-0.112884521484375 0.344696044921875 -0.19854736328125 -0.56097412109375
-0.16033935546875 0.56951904296875 0.395111083984375 -0.00451660156249997
-0.200714111328125 0.540435791015625 0.356842041015625 0.015655517578125
-0.405731201171875 0.4259033203125 0.335479736328125 -0.00833129882812497
-0.50775146484375 0.251861572265625 0.308868408203125 0.174041748046875
-0.56414794921875 0.0353393554687499 0.214492797851563 0.220657348632813
-0.66094970703125 -0.06890869140625 0.0357513427734374 0.233383178710938
-0.63525390625 -0.118896484375 -0.135597229003906 0.1341552734375
-0.546539306640625 -0.22344970703125 -0.23175048828125 0.00267028808593751
-0.602783203125 -0.212158203125 -0.339385986328125 -0.112640380859375
-0.59600830078125 -0.13568115234375 -0.325408935546875 -0.163665771484375
-0.558624267578125 -0.0109252929687501 -0.252700805664063 -0.12847900390625
-0.48388671875 0.2362060546875 -0.155929565429688 -0.0870361328124999
-0.467437744140625 0.2801513671875 -0.161849975585938 -0.187026977539062
-0.2969970703125 0.430694580078125 -0.190170288085938 -0.263214111328125
-0.130828857421875 0.477325439453125 -0.260528564453125 -0.413116455078125
-0.2003173828125 0.596435546875 0.3653564453125 0.20050048828125
-0.271697998046875 0.54656982421875 0.324554443359375 0.19189453125
-0.490936279296875 0.40240478515625 0.312591552734375 0.078643798828125
-0.57916259765625 0.200439453125 0.2906494140625 0.212432861328125
-0.61480712890625 -0.03216552734375 0.285888671875 0.2197265625
-0.71136474609375 -0.13970947265625 0.203201293945312 0.219711303710938
-0.67559814453125 -0.17095947265625 0.0975036621093749 0.139694213867188
-0.5947265625 -0.24188232421875 0.0154685974121093 0.0378227233886719
-0.666748046875 -0.19683837890625 -0.116996765136719 -0.0919876098632813
-0.66387939453125 -0.0762329101562499 -0.176925659179688 -0.171737670898437
-0.61541748046875 0.0787963867187501 -0.20916748046875 -0.156570434570312
-0.5008544921875 0.339508056640625 -0.192001342773438 -0.0763702392578125
-0.476806640625 0.382171630859375 -0.240631103515625 -0.121810913085937
-0.2794189453125 0.521728515625 -0.241912841796875 -0.115768432617187
-0.126312255859375 0.54345703125 -0.3216552734375 -0.220001220703125
-0.211944580078125 0.524444580078125 0.31280517578125 0.39373779296875
-0.293426513671875 0.459930419921875 0.25189208984375 0.341217041015625
-0.4815673828125 0.29534912109375 0.244705200195312 0.15435791015625
-0.53070068359375 0.10797119140625 0.241241455078125 0.234161376953125
-0.540374755859375 -0.09552001953125 0.3336181640625 0.22918701171875
-0.63336181640625 -0.18829345703125 0.3612060546875 0.23077392578125
-0.60711669921875 -0.19207763671875 0.3353271484375 0.163665771484375
-0.5523681640625 -0.225433349609375 0.26202392578125 0.0645599365234375
-0.62078857421875 -0.1571044921875 0.108016967773437 -0.102394104003906
-0.61004638671875 -0.0158691406249999 -0.0284271240234375 -0.215103149414063
-0.5491943359375 0.13555908203125 -0.168685913085938 -0.20050048828125
-0.42584228515625 0.365753173828125 -0.219818115234375 -0.0638427734374999
-0.401885986328125 0.40386962890625 -0.289886474609375 -0.0356445312499999
-0.214447021484375 0.519287109375 -0.264633178710938 0.04962158203125
-0.105865478515625 0.52215576171875 -0.3653564453125 -0.012847900390625
-0.1832275390625 0.372772216796875 0.248443603515625 0.54608154296875
-0.24517822265625 0.317718505859375 0.161346435546875 0.43695068359375
-0.36712646484375 0.166534423828125 0.152862548828125 0.19293212890625
-0.379119873046875 0.0310668945312499 0.178436279296875 0.2276611328125
-0.371307373046875 -0.114410400390625 0.345306396484375 0.234771728515625
-0.455047607421875 -0.18182373046875 0.47308349609375 0.25225830078125
-0.446197509765625 -0.170013427734375 0.53082275390625 0.196014404296875
-0.421173095703125 -0.176849365234375 0.471710205078125 0.080322265625
-0.47686767578125 -0.11431884765625 0.2957763671875 -0.128448486328125
-0.45501708984375 0.00750732421875004 0.0885467529296875 -0.26593017578125
-0.398040771484375 0.12908935546875 -0.140304565429687 -0.243728637695313
-0.299835205078125 0.298126220703125 -0.240509033203125 -0.058502197265625
-0.281768798828125 0.327178955078125 -0.3096923828125 0.039154052734375
-0.13739013671875 0.412261962890625 -0.267227172851563 0.194061279296875
-0.0889892578125 0.40911865234375 -0.392822265625 0.169708251953125
-0.115280151367188 0.174880981445313 0.2039794921875 0.63958740234375
-0.13519287109375 0.16510009765625 0.091461181640625 0.471527099609375
-0.18890380859375 0.0652008056640625 0.074249267578125 0.19940185546875
-0.183120727539063 0.0092620849609375 0.131515502929687 0.202362060546875
-0.172409057617187 -0.0686798095703125 0.3341064453125 0.227020263671875
-0.232254028320313 -0.11480712890625 0.529052734375 0.2666015625
-0.22882080078125 -0.106704711914063 0.6595458984375 0.21990966796875
-0.227279663085938 -0.10333251953125 0.61383056640625 0.08380126953125
-0.261367797851563 -0.071502685546875 0.421051025390625 -0.15582275390625
-0.239974975585938 -0.000625610351562537 0.162750244140625 -0.305023193359375
-0.206390380859375 0.0679931640625 -0.1241455078125 -0.272109985351563
-0.158920288085938 0.163009643554687 -0.258682250976563 -0.0613250732421875
-0.14703369140625 0.179931640625 -0.315643310546875 0.0862731933593751
-0.0658416748046875 0.228851318359375 -0.267822265625 0.289031982421875
-0.0747833251953125 0.22686767578125 -0.41290283203125 0.298828125
-0.0283470153808594 0.00722503662109376 0.35986328125 -0.359130859375
0.0221271514892578 0.00999069213867188 0.282989501953125 -0.3115234375
-0.00367474555969238 0.000570535659790038 0.254547119140625 -0.116561889648438
-0.0194606781005859 -0.0024261474609375 0.262451171875 0.08319091796875
-0.0212688446044922 -0.0125179290771484 0.06396484375 0.254531860351562
-0.0187015533447266 -0.00458145141601562 -0.207611083984375 0.29925537109375
-0.0196266174316406 0.00930404663085938 -0.4764404296875 0.15692138671875
-0.00510931015014648 -0.000379562377929687 -0.64312744140625 -0.0787963867187499
-0.00432205200195313 0.0181617736816406 -0.6754150390625 -0.228271484375
-0.00227546691894531 -0.00343942642211914 -0.522064208984375 -0.268798828125
0.005767822265625 0.00838470458984375 -0.3187255859375 -0.14422607421875
0.00850868225097656 0.0212745666503906 -0.105255126953125 -0.1004638671875
0.00710105895996094 -0.00181865692138672 0.00271606445312501 -0.206466674804688
0.0249462127685547 -0.0123519897460938 -0.068267822265625 -0.43341064453125
0.0105209350585938 -0.0148696899414062 -0.15252685546875 -0.6767578125
-0.060089111328125 0.249359130859375 0.378662109375 -0.313568115234375
-0.03143310546875 0.2398681640625 0.3133544921875 -0.261993408203125
-0.128005981445313 0.200851440429687 0.28466796875 -0.1141357421875
-0.187088012695313 0.134963989257813 0.283233642578125 0.104339599609375
-0.22650146484375 0.0458221435546876 0.0926971435546875 0.248001098632813
-0.273345947265625 0.0113677978515625 -0.1802978515625 0.293060302734375
-0.275924682617188 -0.0150299072265625 -0.440460205078125 0.15948486328125
-0.229446411132813 -0.0907135009765625 -0.58782958984375 -0.0576782226562501
-0.242721557617187 -0.09521484375 -0.6385498046875 -0.19915771484375
-0.222824096679688 -0.100051879882812 -0.50537109375 -0.233917236328125
-0.2005615234375 -0.056793212890625 -0.308349609375 -0.129547119140625
-0.187255859375 0.0493621826171875 -0.103385925292969 -0.0930404663085938
-0.190643310546875 0.061431884765625 -0.0180816650390625 -0.210205078125
-0.128028869628906 0.132308959960938 -0.081390380859375 -0.41558837890625
-0.0585479736328125 0.173294067382813 -0.16436767578125 -0.65032958984375
-0.103240966796875 0.451019287109375 0.397552490234375 -0.19476318359375
-0.103302001953125 0.431976318359375 0.3466796875 -0.151275634765625
-0.2664794921875 0.35894775390625 0.318115234375 -0.07989501953125
-0.3594970703125 0.23406982421875 0.30450439453125 0.13275146484375
-0.42041015625 0.0699768066406251 0.145126342773438 0.23260498046875
-0.502105712890625 -0.00396728515625004 -0.097442626953125 0.266921997070313
-0.494781494140625 -0.0550537109375 -0.3236083984375 0.150665283203125
-0.422943115234375 -0.1668701171875 -0.4449462890625 -0.026947021484375
-0.45672607421875 -0.1744384765625 -0.524627685546875 -0.14984130859375
-0.43658447265625 -0.146453857421875 -0.444244384765625 -0.1888427734375
-0.40447998046875 -0.063995361328125 -0.288909912109375 -0.11993408203125
-0.36553955078125 0.1260986328125 -0.12322998046875 -0.09185791015625
-0.362152099609375 0.162933349609375 -0.080291748046875 -0.212066650390625
-0.242919921875 0.28863525390625 -0.130401611328125 -0.3641357421875
-0.10675048828125 0.34698486328125 -0.205963134765625 -0.560821533203125
-0.1484375 0.5751953125 0.39697265625 -0.012115478515625
-0.189605712890625 0.545623779296875 0.35894775390625 0.00915527343750003
-0.399322509765625 0.4378662109375 0.335723876953125 -0.015167236328125
-0.50555419921875 0.26239013671875 0.31353759765625 0.169097900390625
-0.5679931640625 0.04608154296875 0.218917846679688 0.217620849609375
-0.6658935546875 -0.0557250976562499 0.0413055419921874 0.233657836914063
-0.64080810546875 -0.10870361328125 -0.133598327636719 0.137794494628906
-0.55328369140625 -0.214752197265625 -0.232406616210938 0.00727844238281246
-0.6107177734375 -0.2020263671875 -0.343475341796875 -0.106048583984375
-0.60186767578125 -0.12493896484375 -0.331268310546875 -0.15850830078125
-0.5625 -0.000549316406249886 -0.256332397460938 -0.124954223632812
-0.480560302734375 0.2476806640625 -0.157302856445313 -0.084716796875
-0.4654541015625 0.292633056640625 -0.164901733398438 -0.18438720703125
-0.29144287109375 0.4359130859375 -0.194427490234375 -0.261337280273438
-0.1234130859375 0.481170654296875 -0.26934814453125 -0.410614013671875
-0.18890380859375 0.60308837890625 0.368621826171875 0.19354248046875
-0.262725830078125 0.5550537109375 0.329315185546875 0.186798095703125
-0.48663330078125 0.414031982421875 0.313262939453125 0.073028564453125
-0.57635498046875 0.21319580078125 0.295318603515625 0.207733154296875
-0.61865234375 -0.0209960937500001 0.29150390625 0.214752197265625
-0.71685791015625 -0.12603759765625 0.209091186523437 0.215606689453125
-0.68133544921875 -0.15704345703125 0.10107421875 0.138908386230469
-0.60247802734375 -0.23260498046875 0.0161323547363281 0.0378379821777344
-0.67425537109375 -0.18597412109375 -0.119094848632813 -0.0898361206054688
-0.66851806640625 -0.0640258789062501 -0.1810302734375 -0.168869018554687
-0.61724853515625 0.0899658203124999 -0.212905883789063 -0.152969360351563
-0.496673583984375 0.351409912109375 -0.192245483398438 -0.0725250244140625
-0.472259521484375 0.393341064453125 -0.243453979492188 -0.116775512695312
-0.270721435546875 0.52874755859375 -0.244552612304688 -0.111801147460937
-0.115631103515625 0.54766845703125 -0.326202392578125 -0.21502685546875
-0.20098876953125 0.531646728515625 0.320159912109375 0.390380859375
-0.28472900390625 0.467254638671875 0.2591552734375 0.339263916015625
-0.4769287109375 0.306121826171875 0.247299194335937 0.1494140625
-0.530426025390625 0.118011474609375 0.246292114257812 0.231338500976563
-0.54443359375 -0.0861816406250001 0.3402099609375 0.223052978515625
-0.63836669921875 -0.1773681640625 0.368927001953125 0.2247314453125
-0.614013671875 -0.18060302734375 0.34039306640625 0.158538818359375
-0.558929443359375 -0.2164306640625 0.265243530273438 0.06048583984375
-0.6260986328125 -0.148681640625 0.107368469238281 -0.104095458984375
-0.6136474609375 -0.00537109374999998 -0.0330963134765625 -0.215179443359375
-0.549163818359375 0.147125244140625 -0.173385620117188 -0.1986083984375
-0.4212646484375 0.376129150390625 -0.221328735351563 -0.060211181640625
-0.39642333984375 0.41448974609375 -0.29119873046875 -0.0299072265624999
-0.2060546875 0.525146484375 -0.26483154296875 0.054473876953125
-0.098114013671875 0.52587890625 -0.366943359375 -0.00646972656249992
-0.176025390625 0.378387451171875 0.259979248046875 0.543121337890625
-0.238433837890625 0.322784423828125 0.169403076171875 0.435455322265625
-0.36627197265625 0.1737060546875 0.155563354492187 0.190597534179688
-0.37994384765625 0.0376892089843751 0.183853149414063 0.225143432617188
-0.375152587890625 -0.10711669921875 0.35125732421875 0.22808837890625
-0.4595947265625 -0.17388916015625 0.480438232421875 0.244293212890625
-0.4512939453125 -0.162506103515625 0.53875732421875 0.18621826171875
-0.42510986328125 -0.170379638671875 0.476043701171875 0.0733642578125
-0.479888916015625 -0.106170654296875 0.295684814453125 -0.13470458984375
-0.457794189453125 0.017364501953125 0.084381103515625 -0.269073486328125
-0.39794921875 0.137664794921875 -0.145294189453125 -0.24169921875
-0.29400634765625 0.30474853515625 -0.241058349609375 -0.053863525390625
-0.276702880859375 0.335357666015625 -0.310394287109375 0.045623779296875
-0.131561279296875 0.417388916015625 -0.263778686523438 0.198898315429688
-0.0806884765625 0.41259765625 -0.39080810546875 0.1771240234375
-0.112533569335938 0.1781005859375 0.216064453125 0.63873291015625
-0.132568359375 0.167510986328125 0.099700927734375 0.473052978515625
-0.18890380859375 0.0691375732421875 0.077423095703125 0.197952270507813
-0.183212280273438 0.0129547119140625 0.13543701171875 0.200897216796875
-0.174072265625 -0.0662078857421875 0.340118408203125 0.22174072265625
-0.235977172851563 -0.11016845703125 0.5386962890625 0.258575439453125
-0.2318115234375 -0.10211181640625 0.66790771484375 0.2100830078125
-0.230133056640625 -0.0995635986328125 0.62054443359375 0.07366943359375
-0.264114379882813 -0.0672607421875 0.420257568359375 -0.163360595703125
-0.240463256835937 0.00418090820312495 0.158416748046875 -0.3092041015625
-0.206146240234375 0.0730438232421875 -0.128875732421875 -0.2708740234375
-0.156036376953125 0.167251586914063 -0.260894775390625 -0.0562744140625
-0.144912719726562 0.183578491210938 -0.31573486328125 0.093505859375
-0.06207275390625 0.231613159179688 -0.264312744140625 0.294830322265625
-0.0697784423828125 0.229415893554688 -0.407745361328125 0.30645751953125
-0.0293560028076172 0.00799179077148438 0.351959228515625 -0.367401123046875
0.0224666595458984 0.00933265686035156 0.277069091796875 -0.3187255859375
-0.00281691551208496 0.000434637069702149 0.251571655273438 -0.12188720703125
-0.0201473236083984 -0.00136184692382812 0.264389038085938 0.0777130126953125
-0.022735595703125 -0.01171875 0.06854248046875 0.254257202148438
-0.0184402465820313 -0.0036773681640625 -0.2027587890625 0.303497314453125
-0.0193996429443359 0.0100383758544922 -0.47564697265625 0.1661376953125
-0.00431537628173828 -0.000755548477172851 -0.64898681640625 -0.0656127929687499
-0.00370597839355469 0.0186977386474609 -0.68304443359375 -0.216064453125
-0.00234174728393555 -0.0035245418548584 -0.52880859375 -0.260009765625
0.00585603713989258 0.0084528923034668 -0.3228759765625 -0.137725830078125
0.00917625427246094 0.0203380584716797 -0.106231689453125 -0.0983352661132813
0.00656747817993164 -0.00144481658935547 -0.000305175781249998 -0.20635986328125
0.0248451232910156 -0.0126781463623047 -0.075927734375 -0.433135986328125
0.00923824310302734 -0.0153141021728516 -0.16534423828125 -0.67535400390625
-0.055572509765625 0.25115966796875 0.372100830078125 -0.32171630859375
-0.0262603759765625 0.240310668945313 0.30853271484375 -0.269073486328125
-0.124740600585937 0.203948974609375 0.28204345703125 -0.119781494140625
-0.185348510742187 0.139312744140625 0.285491943359375 0.09808349609375
-0.226516723632813 0.0510406494140625 0.0967559814453125 0.245803833007812
-0.274459838867188 0.0176544189453125 -0.1761474609375 0.297088623046875
-0.2764892578125 -0.00942993164062501 -0.440032958984375 0.16802978515625
-0.232177734375 -0.0865936279296875 -0.59130859375 -0.0464477539062499
-0.245742797851563 -0.0901031494140625 -0.64422607421875 -0.185791015625
-0.225662231445312 -0.0962066650390625 -0.512298583984375 -0.224365234375
-0.202224731445313 -0.0528564453125 -0.3114013671875 -0.12493896484375
-0.186355590820312 0.0517730712890625 -0.104194641113281 -0.0910263061523437
-0.18994140625 0.06524658203125 -0.0218353271484375 -0.21002197265625
-0.126258850097656 0.134521484375 -0.088470458984375 -0.414825439453125
-0.0559234619140625 0.174453735351562 -0.175048828125 -0.6497802734375
-0.092864990234375 0.454803466796875 0.39288330078125 -0.2027587890625
-0.093658447265625 0.43499755859375 0.3438720703125 -0.1583251953125
-0.260040283203125 0.36492919921875 0.315826416015625 -0.086944580078125
-0.356231689453125 0.242095947265625 0.307281494140625 0.1263427734375
-0.42181396484375 0.077423095703125 0.1494140625 0.22882080078125
-0.50457763671875 0.005859375 -0.0928955078125 0.269805908203125
-0.49658203125 -0.0461120605468749 -0.322479248046875 0.15692138671875
-0.42730712890625 -0.159393310546875 -0.445892333984375 -0.0184631347656249
-0.46307373046875 -0.16558837890625 -0.529449462890625 -0.1407470703125
-0.440948486328125 -0.138641357421875 -0.44891357421875 -0.18145751953125
-0.406707763671875 -0.05560302734375 -0.291961669921875 -0.11505126953125
-0.363311767578125 0.1339111328125 -0.12469482421875 -0.0896072387695312
-0.358734130859375 0.17144775390625 -0.083465576171875 -0.21099853515625
-0.23858642578125 0.29376220703125 -0.13726806640625 -0.36236572265625
-0.100494384765625 0.349761962890625 -0.219818115234375 -0.558807373046875
-0.1375732421875 0.58050537109375 0.396331787109375 -0.019683837890625
-0.178955078125 0.54925537109375 0.3582763671875 0.00161743164062503
-0.392059326171875 0.4468994140625 0.334228515625 -0.02166748046875
-0.50396728515625 0.274322509765625 0.316619873046875 0.163238525390625
-0.5703125 0.05706787109375 0.223129272460937 0.2132568359375
-0.6688232421875 -0.04248046875 0.0463714599609375 0.233139038085938
-0.6453857421875 -0.09686279296875 -0.131195068359375 0.140625
-0.558624267578125 -0.205963134765625 -0.233612060546875 0.01171875
-0.61712646484375 -0.19049072265625 -0.347076416015625 -0.0994567871093751
-0.6055908203125 -0.11444091796875 -0.336181640625 -0.152313232421875
-0.56353759765625 0.0108642578124999 -0.259918212890625 -0.120162963867188
-0.476959228515625 0.257171630859375 -0.158462524414063 -0.082611083984375
-0.4598388671875 0.302734375 -0.16796875 -0.181488037109375
-0.283782958984375 0.444244384765625 -0.199142456054688 -0.258438110351563
-0.114593505859375 0.48480224609375 -0.2772216796875 -0.407470703125
-0.177001953125 0.6083984375 0.37371826171875 0.187835693359375
-0.24945068359375 0.56011962890625 0.332366943359375 0.179840087890625
-0.479827880859375 0.42523193359375 0.313385009765625 0.066436767578125
-0.57568359375 0.2254638671875 0.299713134765625 0.20263671875
-0.62261962890625 -0.00848388671875005 0.296173095703125 0.207794189453125
-0.72088623046875 -0.11224365234375 0.214996337890625 0.212478637695313
-0.6861572265625 -0.14447021484375 0.105026245117187 0.137504577636719
-0.60888671875 -0.22381591796875 0.0173835754394531 0.0384063720703125
-0.6800537109375 -0.17340087890625 -0.12066650390625 -0.0874557495117188
-0.67144775390625 -0.0510864257812499 -0.185501098632813 -0.166091918945313
-0.6165771484375 0.1038818359375 -0.217376708984375 -0.149215698242188
-0.4901123046875 0.360870361328125 -0.193756103515625 -0.0693664550781249
-0.4649658203125 0.405975341796875 -0.245452880859375 -0.112106323242188
-0.26171875 0.5357666015625 -0.246688842773438 -0.107345581054687
-0.1041259765625 0.550567626953125 -0.33135986328125 -0.2110595703125
-0.1917724609375 0.53656005859375 0.328125 0.384674072265625
-0.27520751953125 0.473358154296875 0.264862060546875 0.335693359375
-0.4722900390625 0.316802978515625 0.248077392578125 0.145004272460938
-0.530364990234375 0.128509521484375 0.25146484375 0.226821899414063
-0.54754638671875 -0.0762329101562501 0.345001220703125 0.21649169921875
-0.64306640625 -0.1639404296875 0.37481689453125 0.218475341796875
-0.61846923828125 -0.16900634765625 0.345794677734375 0.15313720703125
-0.5640869140625 -0.20751953125 0.267227172851562 0.0564117431640625
-0.6318359375 -0.1361083984375 0.105781555175781 -0.106307983398438
-0.61553955078125 0.00646972656250012 -0.037506103515625 -0.215057373046875
-0.548431396484375 0.15924072265625 -0.1771240234375 -0.1953125
-0.41424560546875 0.3858642578125 -0.221694946289063 -0.0561065673828125
-0.390228271484375 0.424041748046875 -0.29144287109375 -0.023406982421875
-0.19647216796875 0.53302001953125 -0.2633056640625 0.0592803955078125
-0.085540771484375 0.5289306640625 -0.366485595703125 0.000518798828125061
-0.16778564453125 0.383392333984375 0.27154541015625 0.539794921875
-0.231781005859375 0.3271484375 0.1771240234375 0.434295654296875
-0.363555908203125 0.18133544921875 0.157806396484375 0.188217163085938
-0.38006591796875 0.0462036132812499 0.188369750976563 0.222625732421875
-0.37841796875 -0.100677490234375 0.35748291015625 0.22149658203125
-0.462890625 -0.164215087890625 0.487274169921875 0.235565185546875
-0.4554443359375 -0.15399169921875 0.545196533203125 0.177337646484375
-0.4312744140625 -0.16217041015625 0.47906494140625 0.0643310546875
-0.4844970703125 -0.09906005859375 0.294158935546875 -0.14013671875
-0.45855712890625 0.02618408203125 0.0790863037109375 -0.270050048828125
-0.395965576171875 0.14544677734375 -0.149124145507813 -0.239456176757813
-0.289093017578125 0.312225341796875 -0.241867065429688 -0.04925537109375
-0.270782470703125 0.342498779296875 -0.308807373046875 0.05316162109375
-0.124053955078125 0.419891357421875 -0.260055541992188 0.20465087890625
-0.073089599609375 0.414337158203125 -0.38641357421875 0.185028076171875
-0.10943603515625 0.180404663085938 0.22711181640625 0.63519287109375
-0.130020141601563 0.169326782226563 0.1082763671875 0.47149658203125
-0.188217163085938 0.0717010498046875 0.080230712890625 0.1971435546875
-0.183425903320313 0.0160675048828125 0.139266967773438 0.198593139648437
-0.175918579101563 -0.0626678466796875 0.345489501953125 0.21563720703125
-0.23822021484375 -0.105300903320313 0.547149658203125 0.248565673828125
-0.234359741210937 -0.0979766845703125 0.67498779296875 0.19842529296875
-0.232666015625 -0.0950469970703125 0.623046875 0.06390380859375
-0.266189575195313 -0.0619812011718751 0.420562744140625 -0.172698974609375
-0.241180419921875 0.0100555419921875 0.152435302734375 -0.311859130859375
-0.205001831054687 0.0771179199218749 -0.133758544921875 -0.2689208984375
-0.153228759765625 0.17144775390625 -0.260528564453125 -0.0512542724609375
-0.140838623046875 0.187759399414063 -0.314178466796875 0.10003662109375
-0.0583038330078125 0.233245849609375 -0.25726318359375 0.30169677734375
-0.065643310546875 0.23162841796875 -0.40191650390625 0.314117431640625
-0.0294036865234375 0.00946617126464844 0.343109130859375 -0.3741455078125
0.0223197937011719 0.00867080688476562 0.26812744140625 -0.3231201171875
-0.00330519676208496 0.00019073486328125 0.249069213867188 -0.127273559570313
-0.0201377868652344 -0.000940322875976561 0.265060424804687 0.0710601806640625
-0.0235214233398438 -0.0106792449951172 0.0732269287109375 0.252548217773438
-0.0182399749755859 -0.00266838073730468 -0.197967529296875 0.30755615234375
-0.0193061828613281 0.0102157592773438 -0.47357177734375 0.174896240234375
-0.00450611114501953 0.000265121459960937 -0.65081787109375 -0.0532836914062499
-0.00256156921386719 0.0184364318847656 -0.6866455078125 -0.20233154296875
-0.00250077247619629 -0.00330424308776855 -0.5347900390625 -0.250030517578125
0.00511932373046875 0.00821638107299805 -0.325164794921875 -0.13177490234375
0.0101490020751953 0.0200691223144531 -0.107337951660156 -0.0968856811523438
0.00629997253417969 -0.000965595245361328 -0.00335693359375001 -0.20648193359375
0.0240936279296875 -0.0127639770507813 -0.08294677734375 -0.432098388671875
0.0095376968383789 -0.0153951644897461 -0.17791748046875 -0.67242431640625
-0.05035400390625 0.253021240234375 0.3651123046875 -0.329193115234375
-0.0207061767578125 0.240997314453125 0.302398681640625 -0.273956298828125
-0.1209716796875 0.206146240234375 0.278762817382813 -0.125457763671875
-0.1826171875 0.143798828125 0.287628173828125 0.0921630859375
-0.22674560546875 0.05523681640625 0.101058959960937 0.24432373046875
-0.274154663085938 0.0230407714843751 -0.17095947265625 0.300048828125
-0.277130126953125 -0.00386047363281247 -0.43768310546875 0.17620849609375
-0.233978271484375 -0.0822906494140625 -0.59259033203125 -0.0362548828125
-0.2476806640625 -0.0854797363281251 -0.64947509765625 -0.175048828125
-0.227340698242188 -0.0914306640625 -0.51739501953125 -0.21710205078125
-0.203475952148438 -0.0485382080078125 -0.31396484375 -0.11883544921875
-0.183761596679688 0.0562591552734375 -0.104888916015625 -0.0899505615234375
-0.188522338867188 0.070037841796875 -0.02484130859375 -0.210098266601563
-0.124153137207031 0.137290954589844 -0.09588623046875 -0.41351318359375
-0.0526275634765625 0.174758911132813 -0.18994140625 -0.64654541015625
-0.083831787109375 0.456939697265625 0.3890380859375 -0.20867919921875
-0.084320068359375 0.435943603515625 0.339569091796875 -0.165374755859375
-0.253448486328125 0.371551513671875 0.313079833984375 -0.0927734375
-0.352691650390625 0.24847412109375 0.309326171875 0.120758056640625
-0.423187255859375 0.0871276855468749 0.15283203125 0.225799560546875
-0.5045166015625 0.016845703125 -0.087799072265625 0.2713623046875
-0.49871826171875 -0.0368957519531249 -0.3187255859375 0.163116455078125
-0.430450439453125 -0.152130126953125 -0.447723388671875 -0.01019287109375
-0.467010498046875 -0.157989501953125 -0.5341796875 -0.129913330078125
-0.443023681640625 -0.13006591796875 -0.453887939453125 -0.172882080078125
-0.408843994140625 -0.04705810546875 -0.2939453125 -0.10882568359375
-0.359893798828125 0.13995361328125 -0.125106811523438 -0.087371826171875
-0.35540771484375 0.17919921875 -0.086944580078125 -0.209335327148438
-0.2337646484375 0.299957275390625 -0.143463134765625 -0.3602294921875
-0.093353271484375 0.350982666015625 -0.230438232421875 -0.555389404296875
-0.12603759765625 0.5849609375 0.395111083984375 -0.027587890625
-0.1668701171875 0.552825927734375 0.358367919921875 -0.00653076171874997
-0.38360595703125 0.45526123046875 0.33099365234375 -0.0283203125
-0.498992919921875 0.285888671875 0.3209228515625 0.156646728515625
-0.57025146484375 0.0681152343749999 0.227005004882812 0.207611083984375
-0.670654296875 -0.0288696289062501 0.051910400390625 0.231369018554688
-0.64727783203125 -0.0839233398437501 -0.127975463867188 0.14434814453125
-0.56329345703125 -0.19647216796875 -0.2330322265625 0.0168304443359375
-0.62286376953125 -0.1796875 -0.349273681640625 -0.0929260253906251
-0.6090087890625 -0.1036376953125 -0.34002685546875 -0.1463623046875
-0.5628662109375 0.0223999023437499 -0.262283325195313 -0.115036010742188
-0.471282958984375 0.267547607421875 -0.15826416015625 -0.0796203613281249
-0.45269775390625 0.31329345703125 -0.171112060546875 -0.177841186523438
-0.275238037109375 0.448699951171875 -0.203704833984375 -0.25390625
-0.104949951171875 0.485137939453125 -0.28546142578125 -0.40338134765625
-0.16424560546875 0.61309814453125 0.37646484375 0.181427001953125
-0.2393798828125 0.5645751953125 0.33538818359375 0.1744384765625
-0.4720458984375 0.433807373046875 0.312591552734375 0.0599365234375
-0.57232666015625 0.23699951171875 0.30328369140625 0.1966552734375
-0.62432861328125 0.00402832031249994 0.300537109375 0.20166015625
-0.72357177734375 -0.0963745117187498 0.219863891601562 0.20758056640625
-0.6905517578125 -0.13177490234375 0.1085205078125 0.135910034179688
-0.61346435546875 -0.2120361328125 0.0184745788574218 0.038238525390625
-0.685791015625 -0.1614990234375 -0.122970581054688 -0.085205078125
-0.67315673828125 -0.03741455078125 -0.189208984375 -0.162307739257813
-0.6143798828125 0.116943359375 -0.21990966796875 -0.145217895507812
-0.481964111328125 0.373199462890625 -0.193710327148438 -0.0662689208984375
-0.4576416015625 0.415283203125 -0.246292114257813 -0.106552124023437
-0.25152587890625 0.540863037109375 -0.247833251953125 -0.10260009765625
-0.092864990234375 0.553314208984375 -0.334716796875 -0.204437255859375
-0.1798095703125 0.54010009765625 0.334747314453125 0.37908935546875
-0.2650146484375 0.4775390625 0.271270751953125 0.330535888671875
-0.467498779296875 0.3265380859375 0.248809814453125 0.139556884765625
-0.5284423828125 0.139251708984375 0.255874633789062 0.222671508789062
-0.550689697265625 -0.0665893554687499 0.350738525390625 0.20770263671875
-0.6475830078125 -0.15155029296875 0.38140869140625 0.2098388671875
-0.62274169921875 -0.15753173828125 0.3494873046875 0.146514892578125
-0.5673828125 -0.1966552734375 0.268707275390625 0.0517120361328125
-0.63543701171875 -0.12335205078125 0.1038818359375 -0.108245849609375
-0.616455078125 0.0186157226562499 -0.042572021484375 -0.214569091796875
-0.544952392578125 0.170135498046875 -0.1810302734375 -0.191818237304688
-0.40521240234375 0.395263671875 -0.221389770507813 -0.0520172119140625
-0.380706787109375 0.4332275390625 -0.29144287109375 -0.0174255371093749
-0.186676025390625 0.5340576171875 -0.261138916015625 0.0644378662109376
-0.075347900390625 0.530548095703125 -0.366363525390625 0.00671386718750007
-0.159454345703125 0.3865966796875 0.279693603515625 0.53497314453125
-0.22491455078125 0.33099365234375 0.185546875 0.4310302734375
-0.35992431640625 0.18890380859375 0.15966796875 0.183990478515625
-0.37835693359375 0.053375244140625 0.192214965820312 0.219314575195312
-0.38104248046875 -0.0929870605468749 0.361358642578125 0.2138671875
-0.4659423828125 -0.155548095703125 0.49310302734375 0.225341796875
-0.45855712890625 -0.14544677734375 0.549713134765625 0.1673583984375
-0.43402099609375 -0.1553955078125 0.48095703125 0.05517578125
-0.488067626953125 -0.0876159667968751 0.292633056640625 -0.145355224609375
-0.4586181640625 0.035491943359375 0.0732269287109375 -0.271652221679688
-0.393341064453125 0.154266357421875 -0.153549194335938 -0.235702514648438
-0.28277587890625 0.318878173828125 -0.24114990234375 -0.044158935546875
-0.26446533203125 0.348846435546875 -0.30755615234375 0.060455322265625
-0.115325927734375 0.42340087890625 -0.255050659179688 0.209518432617188
-0.063873291015625 0.417327880859375 -0.38262939453125 0.19207763671875
-0.10565185546875 0.18255615234375 0.24029541015625 0.6324462890625
-0.125701904296875 0.172134399414062 0.11700439453125 0.4703369140625
-0.186370849609375 0.07623291015625 0.081787109375 0.195693969726563
-0.182723999023438 0.0198822021484375 0.142974853515625 0.195724487304687
-0.177902221679688 -0.0592193603515625 0.351226806640625 0.2081298828125
-0.240234375 -0.0996551513671875 0.5517578125 0.238128662109375
-0.23577880859375 -0.09246826171875 0.6796875 0.18536376953125
-0.234207153320313 -0.0911407470703125 0.6258544921875 0.0517578125
-0.268386840820312 -0.056915283203125 0.41705322265625 -0.18017578125
-0.242019653320313 0.014190673828125 0.146575927734375 -0.314056396484375
-0.203659057617187 0.0811767578125 -0.138641357421875 -0.265106201171875
-0.149337768554688 0.1751708984375 -0.260894775390625 -0.04595947265625
-0.138214111328125 0.190628051757812 -0.311370849609375 0.107330322265625
-0.054107666015625 0.234695434570313 -0.2506103515625 0.3060302734375
-0.060028076171875 0.233551025390625 -0.393402099609375 0.321533203125
-0.0293788909912109 0.00985527038574219 0.3349609375 -0.38134765625
0.0231151580810547 0.00739860534667969 0.261566162109375 -0.328857421875
-0.00327563285827637 -0.000593185424804687 0.245269775390625 -0.132537841796875
-0.0204563140869141 -0.000238418579101563 0.265151977539063 0.0661468505859375
-0.0238552093505859 -0.0105133056640625 0.0776214599609375 0.250350952148438
-0.0182075500488281 -0.00261116027832031 -0.192413330078125 0.311920166015625
-0.0189476013183594 0.0112209320068359 -0.47119140625 0.183624267578125
-0.00446319580078125 0.000194072723388672 -0.65118408203125 -0.04119873046875
-0.00239944458007813 0.0189228057861328 -0.69085693359375 -0.188720703125
-0.00266814231872559 -0.00328683853149414 -0.5391845703125 -0.240264892578125
0.00520658493041992 0.00749588012695313 -0.326751708984375 -0.124359130859375
0.0106487274169922 0.0194320678710938 -0.107963562011719 -0.0948410034179687
0.00563144683837891 -0.000902652740478516 -0.00566101074218749 -0.206298828125
0.0232391357421875 -0.0126819610595703 -0.0906982421875 -0.428985595703125
0.00844192504882812 -0.0156126022338867 -0.1907958984375 -0.66961669921875
-0.0450286865234375 0.254470825195313 0.3580322265625 -0.335296630859375
-0.0152587890625 0.240203857421875 0.2969970703125 -0.28192138671875
-0.116729736328125 0.208343505859375 0.274795532226563 -0.130508422851563
-0.18011474609375 0.146484375 0.2884521484375 0.0859375
-0.226303100585938 0.059814453125 0.1044921875 0.241470336914062
-0.272384643554688 0.0289306640625 -0.16510009765625 0.30267333984375
-0.27716064453125 0.00105285644531248 -0.434539794921875 0.184600830078125
-0.235092163085938 -0.07763671875 -0.5943603515625 -0.02386474609375
-0.249160766601563 -0.0809783935546875 -0.6522216796875 -0.16162109375
-0.22894287109375 -0.087310791015625 -0.521759033203125 -0.205718994140625
-0.204086303710937 -0.04486083984375 -0.315765380859375 -0.112335205078125
-0.182159423828125 0.0594940185546875 -0.105361938476563 -0.0880050659179688
-0.186508178710938 0.0735626220703125 -0.0274505615234375 -0.209320068359375
-0.121726989746094 0.139244079589844 -0.1033935546875 -0.410614013671875
-0.0494384765625 0.175247192382813 -0.19976806640625 -0.6436767578125
-0.0750732421875 0.4569091796875 0.38427734375 -0.2169189453125
-0.075775146484375 0.436187744140625 0.335052490234375 -0.170318603515625
-0.246337890625 0.3759765625 0.308624267578125 -0.098876953125
-0.347198486328125 0.255859375 0.310943603515625 0.11419677734375
-0.4202880859375 0.0959167480468749 0.157058715820312 0.221694946289063
-0.503570556640625 0.0262451171875 -0.0823364257812501 0.272079467773438
-0.4990234375 -0.027496337890625 -0.31634521484375 0.169158935546875
-0.432403564453125 -0.144775390625 -0.447540283203125 -0.00164794921875005
-0.469512939453125 -0.14794921875 -0.536376953125 -0.11956787109375
-0.445831298828125 -0.122650146484375 -0.4581298828125 -0.16400146484375
-0.408905029296875 -0.040740966796875 -0.29620361328125 -0.102691650390625
-0.355804443359375 0.14739990234375 -0.125595092773438 -0.0854110717773437
-0.351409912109375 0.18731689453125 -0.089599609375 -0.207046508789063
-0.226715087890625 0.303070068359375 -0.1492919921875 -0.357635498046875
-0.0872802734375 0.35125732421875 -0.240875244140625 -0.55145263671875
-0.1131591796875 0.58453369140625 0.3934326171875 -0.03411865234375
-0.154754638671875 0.55426025390625 0.356719970703125 -0.011962890625
-0.37542724609375 0.462890625 0.32830810546875 -0.03472900390625
-0.493377685546875 0.295135498046875 0.323028564453125 0.150421142578125
-0.57110595703125 0.0793457031250001 0.230255126953125 0.202621459960938
-0.6697998046875 -0.0158081054687501 0.056427001953125 0.229644775390625
-0.64825439453125 -0.0709228515624999 -0.12506103515625 0.146392822265625
-0.5670166015625 -0.1864013671875 -0.232391357421875 0.02093505859375
-0.62628173828125 -0.16741943359375 -0.351104736328125 -0.08544921875
-0.6082763671875 -0.0910644531250001 -0.34344482421875 -0.1405029296875
-0.562225341796875 0.0328063964843749 -0.263916015625 -0.1099853515625
-0.464813232421875 0.276763916015625 -0.157882690429688 -0.0770111083984375
-0.445892333984375 0.32275390625 -0.173370361328125 -0.174148559570312
-0.267486572265625 0.45391845703125 -0.207748413085938 -0.250732421875
-0.094512939453125 0.486114501953125 -0.292022705078125 -0.398773193359375
-0.15032958984375 0.61572265625 0.378448486328125 0.17578125
-0.22589111328125 0.5670166015625 0.33795166015625 0.16876220703125
-0.463226318359375 0.44281005859375 0.31134033203125 0.0540771484375
-0.56683349609375 0.24688720703125 0.306182861328125 0.19024658203125
-0.62451171875 0.01519775390625 0.302886962890625 0.1947021484375
-0.72674560546875 -0.0833740234374998 0.224807739257812 0.202667236328125
-0.69158935546875 -0.11822509765625 0.111412048339844 0.134437561035156
-0.6158447265625 -0.20013427734375 0.0191001892089843 0.0380325317382812
-0.68841552734375 -0.14776611328125 -0.123863220214844 -0.0821075439453125
-0.67401123046875 -0.0248413085937501 -0.193145751953125 -0.15869140625
-0.61151123046875 0.126953125 -0.222274780273438 -0.140762329101563
-0.473541259765625 0.381866455078125 -0.192886352539063 -0.062469482421875
-0.448577880859375 0.42431640625 -0.247344970703125 -0.1011962890625
-0.2412109375 0.544158935546875 -0.248748779296875 -0.0986480712890625
-0.081268310546875 0.552490234375 -0.338348388671875 -0.198822021484375
-0.16790771484375 0.5435791015625 0.340118408203125 0.37274169921875
-0.25494384765625 0.481414794921875 0.276763916015625 0.325469970703125
-0.459991455078125 0.333587646484375 0.248855590820312 0.134902954101563
-0.52447509765625 0.149688720703125 0.259109497070312 0.217178344726563
-0.551483154296875 -0.055999755859375 0.353118896484375 0.20037841796875
-0.6488037109375 -0.13897705078125 0.385650634765625 0.201446533203125
-0.62457275390625 -0.14599609375 0.3525390625 0.139892578125
-0.57135009765625 -0.18646240234375 0.27020263671875 0.046142578125
-0.6396484375 -0.113037109375 0.102256774902344 -0.10968017578125
-0.6158447265625 0.0303344726562501 -0.047088623046875 -0.212158203125
-0.542144775390625 0.17913818359375 -0.184112548828125 -0.18756103515625
-0.396881103515625 0.4024658203125 -0.220458984375 -0.0482940673828125
-0.3721923828125 0.441070556640625 -0.29052734375 -0.0112915039062499
-0.177032470703125 0.53717041015625 -0.259017944335938 0.068817138671875
-0.064727783203125 0.531524658203125 -0.3651123046875 0.0111694335937501
-0.153045654296875 0.388885498046875 0.288970947265625 0.530029296875
-0.21795654296875 0.3338623046875 0.192413330078125 0.42822265625
-0.356719970703125 0.194244384765625 0.160888671875 0.181564331054687
-0.37774658203125 0.060211181640625 0.19598388671875 0.215667724609375
-0.3819580078125 -0.0859985351562501 0.3653564453125 0.20623779296875
-0.469451904296875 -0.145904541015625 0.498870849609375 0.216156005859375
-0.46136474609375 -0.135162353515625 0.55364990234375 0.15753173828125
-0.4364013671875 -0.147705078125 0.48291015625 0.047637939453125
-0.48846435546875 -0.0785827636718749 0.290069580078125 -0.15093994140625
-0.457275390625 0.043609619140625 0.06817626953125 -0.27203369140625
-0.39019775390625 0.161712646484375 -0.157440185546875 -0.232452392578125
-0.276336669921875 0.325042724609375 -0.240234375 -0.040283203125
-0.25799560546875 0.3538818359375 -0.305328369140625 0.06597900390625
-0.108184814453125 0.425140380859375 -0.250015258789063 0.2142333984375
-0.0552978515625 0.41802978515625 -0.37762451171875 0.197418212890625
-0.102020263671875 0.184494018554688 0.25103759765625 0.6259765625
-0.122528076171875 0.172988891601563 0.124114990234375 0.467926025390625
-0.184967041015625 0.07989501953125 0.0844268798828125 0.19415283203125
-0.182113647460938 0.02374267578125 0.146453857421875 0.19305419921875
-0.17889404296875 -0.055694580078125 0.352630615234375 0.200653076171875
-0.241287231445313 -0.0951080322265625 0.557281494140625 0.225860595703125
-0.237808227539063 -0.088043212890625 0.6844482421875 0.17205810546875
-0.235733032226562 -0.085784912109375 0.627685546875 0.040771484375
-0.269561767578125 -0.052154541015625 0.414398193359375 -0.187530517578125
-0.240997314453125 0.01873779296875 0.1416015625 -0.316070556640625
-0.20147705078125 0.0848236083984375 -0.14251708984375 -0.261566162109375
-0.145095825195312 0.178192138671875 -0.259857177734375 -0.040740966796875
-0.133880615234375 0.194168090820312 -0.30908203125 0.11334228515625
-0.0498809814453125 0.235183715820313 -0.243988037109375 0.310394287109375
-0.0549163818359375 0.23480224609375 -0.38616943359375 0.327606201171875
-0.0290184020996094 0.0106048583984375 0.326751708984375 -0.384613037109375
0.0233650207519531 0.00644493103027344 0.25396728515625 -0.332763671875
-0.00294899940490723 -0.00064253807067871 0.241668701171875 -0.136276245117188
-0.0211505889892578 8.39233398437501E-05 0.264083862304688 0.05914306640625
-0.0243377685546875 -0.00973510742187501 0.0809783935546875 0.2490234375
-0.0170011520385742 -0.00173187255859375 -0.18585205078125 0.3138427734375
-0.0183811187744141 0.0110912322998047 -0.46697998046875 0.190887451171875
-0.0044398307800293 0.000626564025878907 -0.65130615234375 -0.0272216796874999
-0.00162506103515625 0.0191879272460938 -0.69378662109375 -0.17425537109375
-0.00279426574707031 -0.00378775596618652 -0.542877197265625 -0.229339599609375
0.00520706176757812 0.00739622116088867 -0.3275146484375 -0.117706298828125
0.0116443634033203 0.0193347930908203 -0.107872009277344 -0.0921401977539063
0.0061955451965332 -0.000393390655517578 -0.00848388671875 -0.205520629882813
0.0228767395019531 -0.0128688812255859 -0.096588134765625 -0.42755126953125
0.00821781158447266 -0.015742301940918 -0.20220947265625 -0.6630859375
-0.0406341552734375 0.254135131835938 0.3489990234375 -0.34027099609375
-0.0104827880859375 0.2393798828125 0.2882080078125 -0.2860107421875
-0.113128662109375 0.209396362304687 0.270492553710938 -0.135650634765625
-0.177719116210938 0.149795532226562 0.28704833984375 0.07928466796875
-0.225799560546875 0.063934326171875 0.108322143554688 0.239349365234375
-0.2706298828125 0.0345001220703124 -0.159820556640625 0.304931640625
-0.275772094726562 0.00660705566406253 -0.430877685546875 0.1904296875
-0.23602294921875 -0.0742340087890626 -0.59344482421875 -0.0119628906249999
-0.24981689453125 -0.076324462890625 -0.65435791015625 -0.14715576171875
-0.2303466796875 -0.0828704833984375 -0.524627685546875 -0.196014404296875
-0.20428466796875 -0.0409088134765625 -0.316741943359375 -0.10595703125
-0.179656982421875 0.0625457763671875 -0.105201721191406 -0.0858001708984375
-0.183868408203125 0.077423095703125 -0.02996826171875 -0.207443237304688
-0.119583129882813 0.141357421875 -0.110076904296875 -0.406585693359375
-0.04638671875 0.175140380859375 -0.2127685546875 -0.63690185546875
-0.065826416015625 0.458038330078125 0.37762451171875 -0.222137451171875
-0.066070556640625 0.435516357421875 0.329742431640625 -0.1766357421875
-0.238250732421875 0.380584716796875 0.30377197265625 -0.104400634765625
-0.342071533203125 0.261627197265625 0.311248779296875 0.106903076171875
-0.41937255859375 0.103668212890625 0.1591796875 0.218215942382813
-0.501068115234375 0.036376953125 -0.0762481689453125 0.27252197265625
-0.497772216796875 -0.01788330078125 -0.311553955078125 0.17352294921875
-0.434234619140625 -0.136505126953125 -0.447052001953125 0.00692749023437509
-0.470977783203125 -0.1378173828125 -0.53680419921875 -0.10791015625
-0.446075439453125 -0.113677978515625 -0.459991455078125 -0.15545654296875
-0.407623291015625 -0.0321350097656249 -0.297119140625 -0.0973815917968749
-0.350799560546875 0.152740478515625 -0.125205993652344 -0.0837173461914062
-0.344879150390625 0.193450927734375 -0.0926971435546875 -0.205535888671875
-0.22076416015625 0.305572509765625 -0.153472900390625 -0.352752685546875
-0.080322265625 0.35125732421875 -0.249755859375 -0.544586181640625
-0.1005859375 0.58636474609375 0.3909912109375 -0.040313720703125
-0.142852783203125 0.5545654296875 0.3553466796875 -0.017730712890625
-0.365203857421875 0.469970703125 0.325347900390625 -0.04107666015625
-0.485809326171875 0.3028564453125 0.32366943359375 0.14276123046875
-0.56866455078125 0.0897216796874999 0.232376098632812 0.196929931640625
-0.66705322265625 -0.00262451171874994 0.06024169921875 0.227401733398438
-0.6484375 -0.0589599609375001 -0.12176513671875 0.147552490234375
-0.56793212890625 -0.17626953125 -0.231231689453125 0.0248260498046875
-0.62811279296875 -0.156005859375 -0.3525390625 -0.077972412109375
-0.61102294921875 -0.0798339843750001 -0.3455810546875 -0.133148193359375
-0.559967041015625 0.0423889160156251 -0.265762329101563 -0.104034423828125
-0.456939697265625 0.28363037109375 -0.158248901367188 -0.0747833251953125
-0.439117431640625 0.329803466796875 -0.174667358398438 -0.169815063476563
-0.259063720703125 0.457275390625 -0.211212158203125 -0.246109008789062
-0.0849609375 0.486236572265625 -0.299224853515625 -0.3919677734375
-0.13885498046875 0.61627197265625 0.380340576171875 0.1676025390625
-0.2135009765625 0.5699462890625 0.3394775390625 0.162933349609375
-0.452728271484375 0.45013427734375 0.30853271484375 0.048095703125
-0.560211181640625 0.2587890625 0.308502197265625 0.1844482421875
-0.6226806640625 0.0267944335937501 0.30517578125 0.18719482421875
-0.72454833984375 -0.0684814453124999 0.228485107421875 0.196990966796875
-0.6923828125 -0.1046142578125 0.114288330078125 0.132041931152344
-0.61798095703125 -0.190185546875 0.0198287963867187 0.0378875732421875
-0.68896484375 -0.13531494140625 -0.125648498535156 -0.0790786743164063
-0.67138671875 -0.0129394531249999 -0.1962890625 -0.154312133789062
-0.606201171875 0.13824462890625 -0.2237548828125 -0.136367797851563
-0.46551513671875 0.3900146484375 -0.191879272460938 -0.0594635009765625
-0.4395751953125 0.433624267578125 -0.247665405273437 -0.095733642578125
-0.23065185546875 0.546844482421875 -0.24920654296875 -0.09393310546875
-0.0718383789062499 0.552337646484375 -0.3402099609375 -0.194671630859375
-0.156585693359375 0.544708251953125 0.345703125 0.3646240234375
-0.244049072265625 0.482940673828125 0.280548095703125 0.3192138671875
-0.452789306640625 0.341278076171875 0.248321533203125 0.12945556640625
-0.5205078125 0.159454345703125 0.26190185546875 0.211578369140625
-0.551910400390625 -0.0440673828125 0.35443115234375 0.1907958984375
-0.64874267578125 -0.1251220703125 0.38873291015625 0.194183349609375
-0.6258544921875 -0.13323974609375 0.35418701171875 0.13330078125
-0.5723876953125 -0.17559814453125 0.2698974609375 0.041839599609375
-0.6396484375 -0.1005859375 0.100341796875 -0.111183166503906
-0.6131591796875 0.0411376953125001 -0.0508422851562501 -0.211196899414063
-0.536773681640625 0.1890869140625 -0.186767578125 -0.182891845703125
-0.388336181640625 0.408905029296875 -0.2196044921875 -0.044403076171875
-0.361785888671875 0.4476318359375 -0.28900146484375 -0.00503540039062501
-0.167327880859375 0.539459228515625 -0.256683349609375 0.0733642578125001
-0.053619384765625 0.53033447265625 -0.362457275390625 0.017303466796875
-0.1453857421875 0.39105224609375 0.29620361328125 0.52301025390625
-0.21075439453125 0.335906982421875 0.199005126953125 0.42236328125
-0.35198974609375 0.200286865234375 0.162155151367187 0.177566528320313
-0.37542724609375 0.0666503906250001 0.19921875 0.211578369140625
-0.38360595703125 -0.077728271484375 0.36785888671875 0.197906494140625
-0.46820068359375 -0.136138916015625 0.50128173828125 0.204132080078125
-0.461761474609375 -0.126068115234375 0.554046630859375 0.146881103515625
-0.437469482421875 -0.1395263671875 0.482757568359375 0.038177490234375
-0.488861083984375 -0.071014404296875 0.2867431640625 -0.155029296875
-0.456085205078125 0.0522155761718749 0.063629150390625 -0.272354125976563
-0.385833740234375 0.16766357421875 -0.160079956054688 -0.22802734375
-0.26885986328125 0.3287353515625 -0.239273071289063 -0.03558349609375
-0.250152587890625 0.3597412109375 -0.301544189453125 0.0721435546875
-0.102020263671875 0.42510986328125 -0.244293212890625 0.2176513671875
-0.04718017578125 0.418243408203125 -0.3702392578125 0.2021484375
-0.097991943359375 0.186386108398438 0.2611083984375 0.620361328125
-0.118499755859375 0.174179077148438 0.131317138671875 0.464630126953125
-0.182891845703125 0.08172607421875 0.0865478515625 0.191574096679688
-0.18072509765625 0.0272979736328125 0.148880004882813 0.189498901367188
-0.179534912109375 -0.0518798828125 0.355377197265625 0.19219970703125
-0.241607666015625 -0.090087890625 0.56005859375 0.21527099609375
-0.238525390625 -0.0823822021484375 0.68572998046875 0.15777587890625
-0.23736572265625 -0.0829010009765625 0.62677001953125 0.02838134765625
-0.269760131835938 -0.0462799072265625 0.410858154296875 -0.194427490234375
-0.239456176757813 0.0234527587890625 0.13568115234375 -0.3160400390625
-0.19903564453125 0.08837890625 -0.146148681640625 -0.257949829101563
-0.14117431640625 0.18096923828125 -0.258407592773438 -0.0358581542968749
-0.13031005859375 0.196807861328125 -0.304229736328125 0.11810302734375
-0.0459136962890625 0.235382080078125 -0.237030029296875 0.313720703125
-0.0501861572265625 0.2352294921875 -0.37774658203125 0.332733154296875
-0.0287933349609375 0.0116024017333984 0.31756591796875 -0.38800048828125
0.0228843688964844 0.00587654113769531 0.24560546875 -0.33477783203125
-0.00335121154785156 -0.000808477401733399 0.237289428710937 -0.139495849609375
-0.0206661224365234 -3.8146972656251E-05 0.262741088867188 0.0540008544921875
-0.0248298645019531 -0.00896644592285156 0.08392333984375 0.24566650390625
-0.0169343948364258 -0.00103473663330078 -0.18048095703125 0.316131591796875
-0.0173673629760742 0.0114421844482422 -0.462554931640625 0.197174072265625
-0.00395703315734863 0.000453948974609375 -0.64898681640625 -0.0167236328125001
-0.00117683410644531 0.0189380645751953 -0.69390869140625 -0.16180419921875
-0.00263142585754395 -0.00313854217529297 -0.54425048828125 -0.21807861328125
0.00554656982421875 0.0072174072265625 -0.3284912109375 -0.1123046875
0.0123958587646484 0.0182285308837891 -0.108062744140625 -0.0905838012695313
0.00553274154663086 -0.000982284545898438 -0.0112152099609375 -0.204315185546875
0.0223274230957031 -0.012725830078125 -0.10321044921875 -0.423095703125
0.00803565979003906 -0.0162897109985352 -0.21221923828125 -0.65496826171875
-0.0359649658203125 0.254058837890625 0.33984375 -0.3448486328125
-0.00637817382812498 0.2376708984375 0.2816162109375 -0.28912353515625
-0.108245849609375 0.211044311523438 0.264678955078125 -0.139892578125
-0.173873901367188 0.152511596679687 0.287139892578125 0.0738525390625
-0.223663330078125 0.0673065185546875 0.111068725585937 0.2354736328125
-0.268646240234375 0.0391082763671875 -0.153594970703125 0.30657958984375
-0.274307250976562 0.0103912353515625 -0.42510986328125 0.197265625
-0.2354736328125 -0.0703125 -0.5904541015625 -0.00244140625000006
-0.249618530273438 -0.07080078125 -0.6549072265625 -0.13580322265625
-0.230117797851563 -0.0779876708984375 -0.52532958984375 -0.185638427734375
-0.203216552734375 -0.0371246337890625 -0.316680908203125 -0.0997314453124999
-0.17669677734375 0.064605712890625 -0.10516357421875 -0.08428955078125
-0.181167602539062 0.08038330078125 -0.0331573486328125 -0.205902099609375
-0.115798950195313 0.14276123046875 -0.1141357421875 -0.403961181640625
-0.0435791015625 0.17486572265625 -0.22174072265625 -0.63067626953125
-0.055999755859375 0.45684814453125 0.369842529296875 -0.226348876953125
-0.05767822265625 0.4344482421875 0.3260498046875 -0.181549072265625
-0.231231689453125 0.382232666015625 0.2994384765625 -0.108612060546875
-0.3360595703125 0.266876220703125 0.310821533203125 0.100677490234375
-0.415191650390625 0.1102294921875 0.160842895507812 0.213653564453125
-0.49810791015625 0.0456237792968749 -0.0713958740234375 0.271759033203125
-0.494537353515625 -0.009857177734375 -0.3072509765625 0.1781005859375
-0.432830810546875 -0.129150390625 -0.444244384765625 0.014617919921875
-0.471771240234375 -0.13018798828125 -0.538116455078125 -0.099273681640625
-0.44598388671875 -0.104461669921875 -0.46124267578125 -0.1478271484375
-0.406585693359375 -0.0248718261718749 -0.297210693359375 -0.091552734375
-0.34515380859375 0.15728759765625 -0.125045776367188 -0.0819244384765625
-0.33929443359375 0.198150634765625 -0.094207763671875 -0.201751708984375
-0.214874267578125 0.308929443359375 -0.158355712890625 -0.349700927734375
-0.0738830566406249 0.350830078125 -0.259185791015625 -0.53887939453125
-0.0904541015624999 0.5849609375 0.3861083984375 -0.04827880859375
-0.1309814453125 0.552886962890625 0.352569580078125 -0.023345947265625
-0.357086181640625 0.4737548828125 0.319732666015625 -0.045074462890625
-0.47845458984375 0.31134033203125 0.324127197265625 0.137054443359375
-0.56488037109375 0.10015869140625 0.233749389648437 0.190444946289062
-0.66455078125 0.00982666015624988 0.0647430419921874 0.224334716796875
-0.64544677734375 -0.0476074218750001 -0.118194580078125 0.1495361328125
-0.56842041015625 -0.1668701171875 -0.2293701171875 0.02947998046875
-0.6280517578125 -0.143798828125 -0.351531982421875 -0.07135009765625
-0.60906982421875 -0.0686035156250001 -0.346832275390625 -0.1278076171875
-0.55548095703125 0.053070068359375 -0.265518188476563 -0.0988311767578125
-0.44952392578125 0.290679931640625 -0.157638549804688 -0.0721435546875
-0.428253173828125 0.336517333984375 -0.175140380859375 -0.165618896484375
-0.24871826171875 0.4593505859375 -0.213165283203125 -0.241439819335937
-0.0762939453125 0.4847412109375 -0.30364990234375 -0.385345458984375
-0.1253662109375 0.61468505859375 0.380767822265625 0.1602783203125
-0.20184326171875 0.56878662109375 0.340423583984375 0.155853271484375
-0.4439697265625 0.456085205078125 0.306182861328125 0.042724609375
-0.553466796875 0.2667236328125 0.30950927734375 0.177581787109375
-0.6197509765625 0.037841796875 0.306365966796875 0.1798095703125
-0.72119140625 -0.0545654296875 0.231155395507812 0.190872192382813
-0.69073486328125 -0.0924682617187499 0.116439819335937 0.128952026367188
-0.6182861328125 -0.1783447265625 0.0214157104492187 0.0368156433105469
-0.690185546875 -0.12353515625 -0.126235961914063 -0.0764389038085938
-0.66827392578125 -0.00054931640625007 -0.19866943359375 -0.150238037109375
-0.60089111328125 0.14862060546875 -0.225067138671875 -0.131134033203125
-0.454986572265625 0.39599609375 -0.191253662109375 -0.05609130859375
-0.42803955078125 0.439544677734375 -0.247406005859375 -0.090240478515625
-0.22216796875 0.548309326171875 -0.248886108398438 -0.0893096923828125
-0.0615234375 0.549346923828125 -0.3404541015625 -0.1884765625
-0.1456298828125 0.543914794921875 0.34857177734375 0.357452392578125
-0.233734130859375 0.483489990234375 0.28369140625 0.314056396484375
-0.44476318359375 0.347259521484375 0.246810913085938 0.12506103515625
-0.515380859375 0.16748046875 0.264572143554687 0.206314086914063
-0.549591064453125 -0.0348510742187501 0.356536865234375 0.18341064453125
-0.6470947265625 -0.11370849609375 0.39117431640625 0.185211181640625
-0.62579345703125 -0.12109375 0.35595703125 0.126922607421875
-0.5726318359375 -0.1651611328125 0.270431518554687 0.0368804931640625
-0.639404296875 -0.0889892578125 0.0982208251953125 -0.111953735351563
-0.60931396484375 0.052734375 -0.0548248291015625 -0.207977294921875
-0.5313720703125 0.19757080078125 -0.18804931640625 -0.178451538085938
-0.37835693359375 0.4141845703125 -0.217483520507813 -0.0407867431640625
-0.35284423828125 0.45294189453125 -0.28704833984375 0.000335693359374987
-0.156524658203125 0.53863525390625 -0.253082275390625 0.0769500732421875
-0.044586181640625 0.527801513671875 -0.35821533203125 0.0229492187500001
-0.1356201171875 0.389801025390625 0.303802490234375 0.513916015625
-0.203125 0.3377685546875 0.204498291015625 0.4171142578125
-0.34649658203125 0.20599365234375 0.161651611328125 0.174057006835938
-0.370635986328125 0.0740051269531249 0.201553344726562 0.206756591796875
-0.3828125 -0.0715026855468751 0.36932373046875 0.18841552734375
-0.469268798828125 -0.126220703125 0.501983642578125 0.194244384765625
-0.46063232421875 -0.11767578125 0.554443359375 0.13751220703125
-0.437835693359375 -0.131622314453125 0.48236083984375 0.02984619140625
-0.488922119140625 -0.0618896484375 0.283905029296875 -0.1585693359375
-0.452301025390625 0.0598144531249999 0.058258056640625 -0.270416259765625
-0.380157470703125 0.173553466796875 -0.162353515625 -0.223922729492188
-0.26092529296875 0.333648681640625 -0.237548828125 -0.0314178466796874
-0.242279052734375 0.361846923828125 -0.298614501953125 0.077301025390625
-0.0936279296875 0.425079345703125 -0.238311767578125 0.220245361328125
-0.039215087890625 0.416107177734375 -0.364349365234375 0.20751953125
-0.0943756103515625 0.186843872070312 0.26824951171875 0.61236572265625
-0.114166259765625 0.174163818359375 0.13885498046875 0.46075439453125
-0.18096923828125 0.0843658447265625 0.08758544921875 0.1895751953125
-0.178634643554687 0.0298309326171875 0.151519775390625 0.186386108398438
-0.17950439453125 -0.0481109619140625 0.356689453125 0.18438720703125
-0.241912841796875 -0.0847625732421875 0.561431884765625 0.204498291015625
-0.238250732421875 -0.0777740478515624 0.68634033203125 0.1463623046875
-0.23699951171875 -0.0776214599609376 0.62420654296875 0.01849365234375
-0.26922607421875 -0.04132080078125 0.4051513671875 -0.199188232421875
-0.238555908203125 0.0280303955078125 0.12945556640625 -0.316619873046875
-0.196563720703125 0.091583251953125 -0.1490478515625 -0.253219604492188
-0.13641357421875 0.1822509765625 -0.256256103515625 -0.03143310546875
-0.126312255859375 0.197677612304688 -0.30029296875 0.123809814453125
-0.0420379638671875 0.234664916992188 -0.229461669921875 0.316070556640625
-0.0450439453125 0.2352294921875 -0.369476318359375 0.336029052734375
-0.0291614532470703 0.0119228363037109 0.308502197265625 -0.3896484375
0.0229396820068359 0.00489234924316406 0.23651123046875 -0.336700439453125
-0.00334835052490234 -0.00129985809326172 0.232940673828125 -0.142791748046875
-0.02093505859375 0.00113868713378906 0.26068115234375 0.0489349365234375
-0.0254192352294922 -0.00826072692871093 0.0863037109375 0.24346923828125
-0.0162620544433594 -0.00132274627685547 -0.174835205078125 0.317230224609375
-0.0167312622070312 0.0127162933349609 -0.456329345703125 0.202728271484375
-0.00367617607116699 0.00047469139099121 -0.64501953125 -0.00512695312500003
-0.000257492065429689 0.0198650360107422 -0.6920166015625 -0.1484375
-0.00336599349975586 -0.00318169593811035 -0.5457763671875 -0.208587646484375
0.00571441650390625 0.00708627700805664 -0.32684326171875 -0.106719970703125
0.0126323699951172 0.0171632766723633 -0.108001708984375 -0.0888137817382813
0.00567388534545898 -0.000432491302490234 -0.0134735107421875 -0.20306396484375
0.0217399597167969 -0.0127143859863281 -0.108551025390625 -0.41796875
0.00766849517822266 -0.0163164138793945 -0.22125244140625 -0.64825439453125
-0.0311431884765625 0.253509521484375 0.33074951171875 -0.346282958984375
-0.00198364257812499 0.235458374023437 0.275421142578125 -0.291290283203125
-0.105072021484375 0.211502075195313 0.260330200195313 -0.14306640625
-0.171157836914063 0.15362548828125 0.285003662109375 0.067962646484375
-0.222396850585937 0.0711822509765625 0.113540649414063 0.232086181640625
-0.266159057617188 0.043487548828125 -0.14727783203125 0.3070068359375
-0.272140502929688 0.0144805908203125 -0.419525146484375 0.201904296875
-0.235260009765625 -0.0657196044921875 -0.58758544921875 0.00762939453124995
-0.249984741210938 -0.0662078857421875 -0.65252685546875 -0.12322998046875
-0.229660034179688 -0.0750274658203125 -0.5264892578125 -0.176483154296875
-0.202743530273437 -0.03411865234375 -0.316650390625 -0.09429931640625
-0.17431640625 0.066986083984375 -0.105003356933594 -0.082672119140625
-0.178436279296875 0.0825347900390625 -0.0352325439453125 -0.204666137695313
-0.1131591796875 0.144241333007813 -0.11907958984375 -0.400054931640625
-0.0410003662109375 0.173812866210938 -0.2303466796875 -0.623779296875
-0.048553466796875 0.455963134765625 0.363189697265625 -0.23046875
-0.049530029296875 0.43035888671875 0.319793701171875 -0.18505859375
-0.224517822265625 0.384033203125 0.294281005859375 -0.1131591796875
-0.330230712890625 0.270294189453125 0.31005859375 0.09423828125
-0.412811279296875 0.1162109375 0.162979125976562 0.20953369140625
-0.49407958984375 0.053558349609375 -0.067138671875 0.270263671875
-0.4921875 -0.000946044921875107 -0.30267333984375 0.180938720703125
-0.432861328125 -0.1224365234375 -0.442169189453125 0.0208129882812499
-0.471771240234375 -0.120452880859375 -0.5341796875 -0.08880615234375
-0.444732666015625 -0.097747802734375 -0.461883544921875 -0.139678955078125
-0.402801513671875 -0.0189819335937499 -0.29681396484375 -0.086334228515625
-0.339630126953125 0.161865234375 -0.123809814453125 -0.0793304443359375
-0.333526611328125 0.202728271484375 -0.0956878662109375 -0.198699951171875
-0.208282470703125 0.310516357421875 -0.163604736328125 -0.34490966796875
-0.068145751953125 0.34857177734375 -0.265838623046875 -0.531524658203125
-0.0789794921874999 0.5826416015625 0.381988525390625 -0.05322265625
-0.12164306640625 0.55023193359375 0.348663330078125 -0.028656005859375
-0.346282958984375 0.476348876953125 0.3153076171875 -0.0498046875
-0.470977783203125 0.31707763671875 0.32275390625 0.13055419921875
-0.560302734375 0.107025146484375 0.234024047851563 0.18505859375
-0.6602783203125 0.02069091796875 0.0677947998046875 0.220977783203125
-0.64263916015625 -0.0382690429687501 -0.1143798828125 0.149322509765625
-0.56640625 -0.1575927734375 -0.2281494140625 0.0330047607421875
-0.6278076171875 -0.132080078125 -0.3509521484375 -0.0645751953125
-0.60565185546875 -0.0579223632812501 -0.347625732421875 -0.120697021484375
-0.5509033203125 0.0606079101562499 -0.265151977539063 -0.09381103515625
-0.440399169921875 0.2958984375 -0.15606689453125 -0.069488525390625
-0.41998291015625 0.342193603515625 -0.176605224609375 -0.161224365234375
-0.240264892578125 0.46044921875 -0.215057373046875 -0.237716674804688
-0.068450927734375 0.481048583984375 -0.306884765625 -0.38006591796875
-0.11444091796875 0.61358642578125 0.378997802734375 0.1539306640625
-0.19024658203125 0.566162109375 0.33984375 0.150177001953125
-0.434600830078125 0.4610595703125 0.301361083984375 0.038055419921875
-0.546295166015625 0.274383544921875 0.3106689453125 0.171844482421875
-0.61663818359375 0.0469970703125001 0.306121826171875 0.173095703125
-0.71771240234375 -0.0436401367187501 0.23333740234375 0.185592651367188
-0.68743896484375 -0.0807495117187501 0.117950439453125 0.1265869140625
-0.6173095703125 -0.16943359375 0.0217323303222656 0.0369758605957031
-0.68798828125 -0.11083984375 -0.127067565917969 -0.0736923217773437
-0.66326904296875 0.0100097656250001 -0.20074462890625 -0.14617919921875
-0.5936279296875 0.1573486328125 -0.225723266601562 -0.12567138671875
-0.44525146484375 0.402587890625 -0.190032958984375 -0.0536651611328125
-0.419189453125 0.443634033203125 -0.24591064453125 -0.0854034423828124
-0.2103271484375 0.54815673828125 -0.247650146484375 -0.08544921875
-0.052703857421875 0.545806884765625 -0.3411865234375 -0.181610107421875
-0.1356201171875 0.54248046875 0.3519287109375 0.350616455078125
-0.223785400390625 0.48297119140625 0.287872314453125 0.308013916015625
-0.436614990234375 0.3514404296875 0.24530029296875 0.120254516601563
-0.5086669921875 0.17535400390625 0.2650146484375 0.200942993164063
-0.54718017578125 -0.0260314941406251 0.35546875 0.17572021484375
-0.644775390625 -0.10174560546875 0.391845703125 0.1768798828125
-0.62335205078125 -0.11029052734375 0.356292724609375 0.120025634765625
-0.57208251953125 -0.15631103515625 0.26959228515625 0.032684326171875
-0.63763427734375 -0.0798339843750001 0.0959625244140625 -0.111824035644531
-0.6046142578125 0.0618896484374999 -0.0585784912109375 -0.205764770507813
-0.523590087890625 0.2039794921875 -0.189559936523438 -0.173904418945313
-0.368408203125 0.418670654296875 -0.214797973632813 -0.0376434326171874
-0.343048095703125 0.456451416015625 -0.28485107421875 0.00543212890625004
-0.1475830078125 0.537567138671875 -0.25006103515625 0.079833984375
-0.03619384765625 0.52447509765625 -0.357086181640625 0.0272216796875001
-0.128265380859375 0.3892822265625 0.30828857421875 0.507781982421875
-0.195556640625 0.336517333984375 0.209442138671875 0.412994384765625
-0.340728759765625 0.209716796875 0.161819458007812 0.170181274414063
-0.367095947265625 0.078826904296875 0.202346801757812 0.201919555664063
-0.381500244140625 -0.0640869140625001 0.369110107421875 0.18011474609375
-0.467987060546875 -0.118743896484375 0.5035400390625 0.185455322265625
-0.46075439453125 -0.109283447265625 0.55535888671875 0.126922607421875
-0.438079833984375 -0.123626708984375 0.4796142578125 0.02264404296875
-0.48834228515625 -0.05389404296875 0.27996826171875 -0.1619873046875
-0.4473876953125 0.0675048828125 0.0540008544921874 -0.2691650390625
-0.375335693359375 0.17852783203125 -0.164810180664063 -0.219146728515625
-0.253265380859375 0.335418701171875 -0.235671997070313 -0.0286102294921875
-0.23516845703125 0.364105224609375 -0.294647216796875 0.0815429687500001
-0.086639404296875 0.424407958984375 -0.232620239257812 0.222091674804688
-0.032196044921875 0.413848876953125 -0.35833740234375 0.21026611328125
-0.0902252197265625 0.186737060546875 0.2763671875 0.60516357421875
-0.110580444335937 0.174468994140625 0.144195556640625 0.45562744140625
-0.178207397460938 0.0861358642578125 0.0888214111328125 0.186477661132813
-0.1773681640625 0.03289794921875 0.152389526367188 0.1832275390625
-0.179458618164063 -0.0447845458984375 0.357421875 0.17681884765625
-0.241195678710938 -0.0803985595703125 0.560302734375 0.192657470703125
-0.238021850585937 -0.0729217529296875 0.68487548828125 0.13360595703125
-0.237411499023438 -0.07391357421875 0.62139892578125 0.0074462890625
-0.268508911132812 -0.0369873046874999 0.40203857421875 -0.203460693359375
-0.23577880859375 0.031463623046875 0.123992919921875 -0.315521240234375
-0.193923950195312 0.0936737060546875 -0.150711059570313 -0.248947143554688
-0.132705688476562 0.1842041015625 -0.254409790039063 -0.027679443359375
-0.122573852539063 0.19952392578125 -0.29583740234375 0.1278076171875
-0.0389862060546875 0.233352661132813 -0.222625732421875 0.317047119140625
-0.040618896484375 0.234176635742188 -0.359375 0.339996337890625
-0.0288352966308594 0.0129661560058594 0.299530029296875 -0.39068603515625
0.0223522186279297 0.00333404541015625 0.22967529296875 -0.338531494140625
-0.00355601310729981 -0.00185012817382813 0.228546142578125 -0.14544677734375
-0.0203838348388672 0.000848770141601564 0.2589111328125 0.04461669921875
-0.0257682800292969 -0.00771522521972656 0.08905029296875 0.240249633789063
-0.0162277221679687 -0.000238418579101561 -0.16961669921875 0.3177490234375
-0.0161495208740234 0.012333869934082 -0.4521484375 0.20745849609375
-0.00325918197631836 0.000707149505615235 -0.640625 0.00360107421875006
0.000614166259765627 0.0193080902099609 -0.689208984375 -0.1373291015625
-0.00308060646057129 -0.00339031219482422 -0.5447998046875 -0.19964599609375
0.00504827499389648 0.00699615478515625 -0.325408935546875 -0.100738525390625
0.0130271911621094 0.0168256759643555 -0.106956481933594 -0.0865631103515625
0.00609636306762695 -0.000223636627197266 -0.0146636962890625 -0.201385498046875
0.0209503173828125 -0.0129203796386719 -0.111846923828125 -0.414154052734375
0.00648689270019531 -0.0157413482666016 -0.2281494140625 -0.6402587890625
-0.0276336669921875 0.251495361328125 0.32373046875 -0.348602294921875
0.00129699707031252 0.232833862304688 0.267120361328125 -0.291259765625
-0.101669311523437 0.21173095703125 0.254776000976563 -0.14373779296875
-0.16802978515625 0.155746459960938 0.28289794921875 0.063934326171875
-0.220489501953125 0.0740356445312501 0.114837646484375 0.229049682617187
-0.263137817382813 0.047576904296875 -0.142974853515625 0.306427001953125
-0.270767211914063 0.0186767578124999 -0.414825439453125 0.205902099609375
-0.234573364257813 -0.0631561279296875 -0.5838623046875 0.0147705078125001
-0.24957275390625 -0.062744140625 -0.6497802734375 -0.11376953125
-0.229278564453125 -0.0712890625 -0.52557373046875 -0.168792724609375
-0.201217651367187 -0.0311431884765625 -0.314788818359375 -0.0888671875
-0.171035766601562 0.0683135986328125 -0.104362487792969 -0.0816879272460937
-0.174911499023438 0.0846405029296875 -0.0363311767578125 -0.20245361328125
-0.110626220703125 0.144134521484375 -0.122344970703125 -0.395477294921875
-0.0385284423828125 0.172744750976563 -0.2369384765625 -0.61724853515625
-0.041656494140625 0.452728271484375 0.355804443359375 -0.2333984375
-0.042877197265625 0.427734375 0.3145751953125 -0.1876220703125
-0.21636962890625 0.386077880859375 0.2879638671875 -0.115966796875
-0.324371337890625 0.2730712890625 0.3077392578125 0.089263916015625
-0.409027099609375 0.121368408203125 0.163665771484375 0.205245971679688
-0.48919677734375 0.0601806640625001 -0.0634918212890625 0.26959228515625
-0.488616943359375 0.00500488281249999 -0.298248291015625 0.18389892578125
-0.431427001953125 -0.116241455078125 -0.438201904296875 0.027191162109375
-0.470001220703125 -0.1146240234375 -0.53167724609375 -0.080078125
-0.44256591796875 -0.091064453125 -0.46136474609375 -0.132171630859375
-0.400360107421875 -0.01300048828125 -0.295318603515625 -0.081146240234375
-0.33380126953125 0.16680908203125 -0.123207092285156 -0.0776824951171875
-0.328582763671875 0.206817626953125 -0.096588134765625 -0.196563720703125
-0.203338623046875 0.31005859375 -0.16650390625 -0.339508056640625
-0.062896728515625 0.34649658203125 -0.269134521484375 -0.523712158203125
-0.07061767578125 0.57916259765625 0.3787841796875 -0.05694580078125
-0.1114501953125 0.546478271484375 0.34576416015625 -0.03289794921875
-0.33697509765625 0.47882080078125 0.310546875 -0.054107666015625
-0.46441650390625 0.320953369140625 0.32275390625 0.12554931640625
-0.555511474609375 0.115020751953125 0.233856201171875 0.18011474609375
-0.655029296875 0.0297851562500001 0.070709228515625 0.218048095703125
-0.638427734375 -0.0292358398437501 -0.111282348632813 0.150253295898438
-0.566162109375 -0.14849853515625 -0.224822998046875 0.035888671875
-0.625732421875 -0.12371826171875 -0.34893798828125 -0.05950927734375
-0.601318359375 -0.0501098632812501 -0.347259521484375 -0.11431884765625
-0.546234130859375 0.0682067871093749 -0.264495849609375 -0.08892822265625
-0.431884765625 0.299346923828125 -0.155166625976563 -0.0677337646484375
-0.412506103515625 0.345611572265625 -0.176345825195313 -0.15753173828125
-0.23370361328125 0.4600830078125 -0.216415405273438 -0.23272705078125
-0.062164306640625 0.477447509765625 -0.31048583984375 -0.374267578125
-0.1053466796875 0.61090087890625 0.37774658203125 0.146392822265625
-0.18060302734375 0.5633544921875 0.337799072265625 0.146270751953125
-0.424102783203125 0.46307373046875 0.298583984375 0.034149169921875
-0.5380859375 0.280914306640625 0.309844970703125 0.166351318359375
-0.61151123046875 0.0546264648437499 0.3055419921875 0.166290283203125
-0.71209716796875 -0.03204345703125 0.234603881835937 0.179489135742188
-0.68328857421875 -0.07061767578125 0.119773864746094 0.12310791015625
-0.61370849609375 -0.160400390625 0.0224151611328125 0.036529541015625
-0.6856689453125 -0.1002197265625 -0.126007080078125 -0.071380615234375
-0.66015625 0.0172119140625001 -0.202377319335938 -0.141876220703125
-0.588134765625 0.16461181640625 -0.22528076171875 -0.123291015625
-0.4365234375 0.4053955078125 -0.187637329101563 -0.0509033203125
-0.407928466796875 0.447418212890625 -0.244354248046875 -0.0809173583984374
-0.2025146484375 0.546722412109375 -0.246963500976563 -0.08233642578125
-0.04473876953125 0.5421142578125 -0.3408203125 -0.17803955078125
-0.126800537109375 0.539337158203125 0.354095458984375 0.34344482421875
-0.213836669921875 0.4814453125 0.28826904296875 0.301971435546875
-0.4288330078125 0.355438232421875 0.242538452148438 0.116165161132813
-0.5009765625 0.18072509765625 0.265579223632812 0.195877075195313
-0.544097900390625 -0.0191955566406249 0.355804443359375 0.168212890625
-0.6407470703125 -0.0915527343750001 0.391510009765625 0.168212890625
-0.6199951171875 -0.10150146484375 0.3560791015625 0.11376953125
-0.5699462890625 -0.1492919921875 0.268630981445312 0.0295257568359375
-0.6339111328125 -0.0700683593750001 0.0939483642578125 -0.111892700195313
-0.59832763671875 0.0697021484375 -0.061248779296875 -0.2030029296875
-0.516204833984375 0.2103271484375 -0.189956665039063 -0.16998291015625
-0.359619140625 0.420318603515625 -0.213241577148438 -0.0342559814453124
-0.334075927734375 0.458587646484375 -0.281951904296875 0.00955200195312498
-0.140106201171875 0.5360107421875 -0.245590209960937 0.0823822021484376
-0.0284423828125 0.52099609375 -0.35211181640625 0.02996826171875
-0.1224365234375 0.387786865234375 0.313385009765625 0.499298095703125
-0.188751220703125 0.335845947265625 0.213104248046875 0.406219482421875
-0.336273193359375 0.2127685546875 0.161605834960937 0.167160034179688
-0.36456298828125 0.0828857421875 0.203994750976563 0.198486328125
-0.380889892578125 -0.059661865234375 0.3685302734375 0.174072265625
-0.4654541015625 -0.1094970703125 0.502227783203125 0.17572021484375
-0.457275390625 -0.102874755859375 0.55291748046875 0.11822509765625
-0.436370849609375 -0.118072509765625 0.478271484375 0.015960693359375
-0.486328125 -0.047149658203125 0.276321411132812 -0.163558959960938
-0.443817138671875 0.072296142578125 0.0495147705078125 -0.267074584960938
-0.37017822265625 0.181549072265625 -0.165069580078125 -0.215438842773438
-0.246368408203125 0.336578369140625 -0.23248291015625 -0.0255126953124999
-0.228271484375 0.365509033203125 -0.2906494140625 0.0855407714843751
-0.080963134765625 0.4215087890625 -0.227432250976563 0.223480224609375
-0.02569580078125 0.4111328125 -0.351470947265625 0.21221923828125
-0.0877227783203125 0.187026977539063 0.281005859375 0.5958251953125
-0.108108520507813 0.17413330078125 0.1478271484375 0.449920654296875
-0.175872802734375 0.0882415771484375 0.0889739990234375 0.183837890625
-0.174697875976563 0.0344085693359375 0.15313720703125 0.179412841796875
-0.178268432617188 -0.0421295166015625 0.35614013671875 0.16998291015625
-0.239990234375 -0.07672119140625 0.5601806640625 0.184356689453125
-0.236740112304688 -0.068572998046875 0.6824951171875 0.12310791015625
-0.236328125 -0.0705413818359375 0.61712646484375 0.000305175781249996
-0.267578125 -0.0335845947265625 0.396484375 -0.2076416015625
-0.233871459960937 0.034759521484375 0.119140625 -0.314239501953125
-0.191085815429687 0.0960540771484375 -0.152572631835938 -0.244461059570312
-0.128646850585938 0.185287475585938 -0.251068115234375 -0.02374267578125
-0.118637084960938 0.19915771484375 -0.29132080078125 0.131317138671875
-0.0357208251953125 0.232711791992188 -0.215118408203125 0.317291259765625
-0.0358123779296875 0.233810424804687 -0.35186767578125 0.3404541015625
-0.0286941528320312 0.0143318176269531 0.291778564453125 -0.390655517578125
0.0220584869384766 0.00299263000488281 0.223236083984375 -0.33782958984375
-0.00414609909057617 -0.00207233428955078 0.224365234375 -0.1466064453125
-0.021270751953125 0.000902175903320317 0.255813598632813 0.040374755859375
-0.0260028839111328 -0.00698089599609375 0.0912628173828125 0.238006591796875
-0.0148696899414063 -0.000947952270507815 -0.164581298828125 0.31756591796875
-0.0158824920654297 0.0120668411254883 -0.44708251953125 0.210968017578125
-0.0027015209197998 0.000358819961547852 -0.6353759765625 0.0115966796875001
0.000743865966796876 0.0194873809814453 -0.68585205078125 -0.12896728515625
-0.0031285285949707 -0.00320315361022949 -0.544830322265625 -0.192474365234375
0.00543689727783203 0.00660181045532227 -0.32415771484375 -0.095733642578125
0.0137462615966797 0.0150146484375 -0.106292724609375 -0.08599853515625
0.0060114860534668 0.000490665435791016 -0.016204833984375 -0.199935913085938
0.0206317901611328 -0.0123271942138672 -0.115509033203125 -0.410003662109375
0.00578212738037109 -0.0162572860717773 -0.23394775390625 -0.6331787109375
-0.0238494873046875 0.251068115234375 0.316253662109375 -0.34820556640625
0.00349426269531249 0.23028564453125 0.26220703125 -0.293609619140625
-0.098724365234375 0.210983276367188 0.250732421875 -0.146316528320313
-0.164657592773437 0.157089233398438 0.280517578125 0.0592041015625
-0.218551635742188 0.07745361328125 0.115890502929688 0.22589111328125
-0.260513305664062 0.049713134765625 -0.138580322265625 0.304718017578125
-0.26727294921875 0.0220031738281249 -0.409820556640625 0.208251953125
-0.232955932617188 -0.05914306640625 -0.580078125 0.0232543945312501
-0.247711181640625 -0.05950927734375 -0.64886474609375 -0.1044921875
-0.227874755859375 -0.0680999755859375 -0.525177001953125 -0.16046142578125
-0.199600219726563 -0.028289794921875 -0.313751220703125 -0.0844116210937501
-0.168197631835938 0.0692291259765625 -0.103309631347656 -0.0800094604492188
-0.172683715820313 0.086700439453125 -0.0371246337890625 -0.200439453125
-0.108139038085938 0.144058227539062 -0.12603759765625 -0.3900146484375
-0.0367279052734375 0.172317504882813 -0.24139404296875 -0.60699462890625
-0.0347900390625 0.44927978515625 0.3494873046875 -0.236602783203125
-0.036712646484375 0.424041748046875 0.308380126953125 -0.190887451171875
-0.210906982421875 0.384735107421875 0.283660888671875 -0.1177978515625
-0.318878173828125 0.275543212890625 0.306365966796875 0.084075927734375
-0.405487060546875 0.125091552734375 0.163482666015625 0.201126098632813
-0.4862060546875 0.0655212402343749 -0.0593872070312501 0.267166137695313
-0.485992431640625 0.00994873046875008 -0.29498291015625 0.185760498046875
-0.430450439453125 -0.112060546875 -0.4344482421875 0.0333251953125
-0.4681396484375 -0.10687255859375 -0.528961181640625 -0.0715332031249999
-0.440338134765625 -0.085601806640625 -0.45941162109375 -0.125762939453125
-0.397186279296875 -0.00790405273437507 -0.294219970703125 -0.0766296386718751
-0.32818603515625 0.167755126953125 -0.121170043945313 -0.076385498046875
-0.322845458984375 0.210296630859375 -0.0977783203125 -0.193389892578125
-0.199554443359375 0.310089111328125 -0.16729736328125 -0.334991455078125
-0.059112548828125 0.344024658203125 -0.275665283203125 -0.51690673828125
-0.0606689453124999 0.57537841796875 0.3731689453125 -0.06158447265625
-0.103271484375 0.540618896484375 0.34136962890625 -0.03564453125
-0.32916259765625 0.478851318359375 0.3052978515625 -0.056854248046875
-0.45819091796875 0.324005126953125 0.3214111328125 0.12054443359375
-0.550872802734375 0.121124267578125 0.234237670898437 0.17498779296875
-0.650634765625 0.0375366210937499 0.0734710693359375 0.21478271484375
-0.6336669921875 -0.0214843749999999 -0.109085083007813 0.150192260742188
-0.56304931640625 -0.1417236328125 -0.224029541015625 0.0382232666015625
-0.62158203125 -0.1156005859375 -0.348052978515625 -0.0548095703125
-0.59783935546875 -0.0429687499999999 -0.347442626953125 -0.109649658203125
-0.54010009765625 0.075042724609375 -0.263992309570313 -0.08404541015625
-0.42315673828125 0.302459716796875 -0.153335571289063 -0.065887451171875
-0.40411376953125 0.348175048828125 -0.176162719726563 -0.154510498046875
-0.22637939453125 0.460357666015625 -0.217086791992188 -0.22857666015625
-0.0556640625 0.474212646484375 -0.31268310546875 -0.367706298828125
-0.09564208984375 0.60614013671875 0.376495361328125 0.14373779296875
-0.172515869140625 0.5599365234375 0.33685302734375 0.140380859375
-0.416351318359375 0.46624755859375 0.293853759765625 0.030914306640625
-0.53125 0.284820556640625 0.3089599609375 0.16119384765625
-0.60809326171875 0.0621337890625 0.304595947265625 0.16009521484375
-0.70672607421875 -0.0227050781250001 0.235153198242187 0.174514770507813
-0.67919921875 -0.0630493164062499 0.120216369628906 0.121383666992188
-0.61199951171875 -0.15338134765625 0.0229110717773437 0.03643798828125
-0.68218994140625 -0.0920410156250001 -0.126762390136719 -0.0680465698242188
-0.65399169921875 0.025390625 -0.202651977539063 -0.137924194335938
-0.581298828125 0.16949462890625 -0.22479248046875 -0.11767578125
-0.426910400390625 0.4071044921875 -0.186386108398438 -0.0491180419921874
-0.40118408203125 0.44927978515625 -0.24285888671875 -0.0777893066406249
-0.195556640625 0.54632568359375 -0.24444580078125 -0.078521728515625
-0.037811279296875 0.537139892578125 -0.340972900390625 -0.1728515625
-0.1180419921875 0.53631591796875 0.35394287109375 0.33709716796875
-0.205810546875 0.47760009765625 0.29034423828125 0.2974853515625
-0.423095703125 0.358489990234375 0.23992919921875 0.113143920898438
-0.49652099609375 0.185821533203125 0.265335083007812 0.191131591796875
-0.541259765625 -0.0122070312500001 0.3533935546875 0.162689208984375
-0.63775634765625 -0.0833129882812499 0.39166259765625 0.161407470703125
-0.61676025390625 -0.09320068359375 0.35504150390625 0.108154296875
-0.56707763671875 -0.1427001953125 0.266860961914062 0.026092529296875
-0.63067626953125 -0.0614013671874999 0.0924453735351562 -0.1116943359375
-0.59466552734375 0.0756835937500001 -0.0633392333984376 -0.200088500976563
-0.5101318359375 0.215179443359375 -0.189804077148438 -0.16607666015625
-0.350921630859375 0.422607421875 -0.210830688476563 -0.0326080322265625
-0.325164794921875 0.459197998046875 -0.278396606445313 0.0131072998046875
-0.13262939453125 0.5325927734375 -0.242446899414062 0.0838623046875001
-0.0213623046875 0.516265869140625 -0.349395751953125 0.03466796875
-0.115447998046875 0.38641357421875 0.315399169921875 0.492431640625
-0.183502197265625 0.33453369140625 0.2149658203125 0.40106201171875
-0.330810546875 0.214111328125 0.159881591796875 0.163482666015625
-0.359466552734375 0.08734130859375 0.204208374023438 0.194427490234375
-0.377777099609375 -0.05224609375 0.366424560546875 0.167327880859375
-0.46295166015625 -0.1046142578125 0.501861572265625 0.166290283203125
-0.4559326171875 -0.096160888671875 0.55096435546875 0.1099853515625
-0.433837890625 -0.113250732421875 0.47442626953125 0.011383056640625
-0.48321533203125 -0.04217529296875 0.272979736328125 -0.16534423828125
-0.440185546875 0.077484130859375 0.04583740234375 -0.265289306640625
-0.364990234375 0.1845703125 -0.166305541992188 -0.210433959960938
-0.2412109375 0.338714599609375 -0.230133056640625 -0.0231781005859375
-0.221923828125 0.36578369140625 -0.28656005859375 0.0888671875
-0.07647705078125 0.420257568359375 -0.2222900390625 0.224319458007813
-0.020294189453125 0.408447265625 -0.344970703125 0.21356201171875
-0.0842132568359375 0.1866455078125 0.28558349609375 0.588134765625
-0.104400634765625 0.173583984375 0.15240478515625 0.445587158203125
-0.173675537109375 0.08856201171875 0.089813232421875 0.181900024414063
-0.173446655273437 0.036834716796875 0.153350830078125 0.175491333007813
-0.177825927734375 -0.038665771484375 0.3555908203125 0.163604736328125
-0.23931884765625 -0.0726318359374999 0.557373046875 0.175750732421875
-0.2362060546875 -0.064697265625 0.677001953125 0.1148681640625
-0.236114501953125 -0.06689453125 0.61444091796875 -0.0078125
-0.265884399414063 -0.0300140380859375 0.3927001953125 -0.211029052734375
-0.230621337890625 0.036376953125 0.11529541015625 -0.3126220703125
-0.189041137695313 0.096923828125 -0.153717041015625 -0.240432739257812
-0.124420166015625 0.184967041015625 -0.24822998046875 -0.0209503173828124
-0.1153564453125 0.20001220703125 -0.287200927734375 0.133880615234375
-0.03253173828125 0.231109619140625 -0.208343505859375 0.31719970703125
-0.03265380859375 0.232620239257813 -0.344482421875 0.3397216796875
-0.0287723541259766 0.0139865875244141 0.284576416015625 -0.390472412109375
0.022308349609375 0.00228500366210938 0.216644287109375 -0.3380126953125
-0.00394678115844727 -0.00204086303710938 0.220733642578125 -0.147476196289063
-0.0211467742919922 0.00182723999023437 0.25360107421875 0.03741455078125
-0.0257434844970703 -0.00688362121582031 0.09222412109375 0.235397338867187
-0.0146017074584961 0.000115394592285158 -0.160675048828125 0.316558837890625
-0.015650749206543 0.012394905090332 -0.441497802734375 0.212371826171875
-0.00259613990783691 0.000575542449951172 -0.63262939453125 0.0183105468750001
0.00196456909179687 0.0185203552246094 -0.6824951171875 -0.1195068359375
-0.00345301628112793 -0.00353527069091797 -0.543060302734375 -0.185546875
0.00507879257202148 0.00630283355712891 -0.322418212890625 -0.0916748046875
0.0143575668334961 0.0149831771850586 -0.105133056640625 -0.0848922729492188
0.00561666488647461 7.05718994140625E-05 -0.0169525146484375 -0.198745727539063
0.0199527740478516 -0.0127391815185547 -0.117279052734375 -0.40509033203125
0.00542926788330078 -0.0156316757202148 -0.23736572265625 -0.62493896484375
-0.0213623046875 0.249588012695313 0.308349609375 -0.349029541015625
0.006622314453125 0.22808837890625 0.25531005859375 -0.2930908203125
-0.096466064453125 0.210540771484375 0.246047973632812 -0.148391723632813
-0.162582397460938 0.157562255859375 0.278594970703125 0.0550689697265625
-0.216598510742188 0.078460693359375 0.11627197265625 0.222579956054688
-0.257415771484375 0.05218505859375 -0.1341552734375 0.303863525390625
-0.265151977539062 0.0241851806640625 -0.404815673828125 0.209716796875
-0.231948852539063 -0.05731201171875 -0.57562255859375 0.0292358398437501
-0.246566772460938 -0.0557098388671875 -0.64276123046875 -0.0962524414062501
-0.2271728515625 -0.0652618408203125 -0.522064208984375 -0.154205322265625
-0.197494506835938 -0.026397705078125 -0.31182861328125 -0.08074951171875
-0.165145874023438 0.0695953369140625 -0.102127075195313 -0.0792465209960938
-0.170089721679688 0.0883636474609375 -0.0386505126953125 -0.19842529296875
-0.10650634765625 0.144577026367188 -0.128509521484375 -0.38763427734375
-0.0349884033203125 0.170150756835938 -0.246337890625 -0.6015625
-0.0303955078125 0.44830322265625 0.344146728515625 -0.236572265625
-0.031341552734375 0.41876220703125 0.30474853515625 -0.191253662109375
-0.20574951171875 0.384368896484375 0.279830932617187 -0.119400024414062
-0.313629150390625 0.277374267578125 0.30511474609375 0.0806884765625
-0.40167236328125 0.128387451171875 0.163650512695313 0.197540283203125
-0.4803466796875 0.0701293945312499 -0.056427001953125 0.265487670898438
-0.481170654296875 0.01519775390625 -0.290435791015625 0.186737060546875
-0.427490234375 -0.106292724609375 -0.431365966796875 0.037322998046875
-0.464996337890625 -0.102142333984375 -0.527587890625 -0.0658569335937501
-0.439422607421875 -0.0799865722656251 -0.45892333984375 -0.119781494140625
-0.394012451171875 -0.00506591796875002 -0.292266845703125 -0.0733642578125
-0.323577880859375 0.170013427734375 -0.120521545410156 -0.0755767822265625
-0.318115234375 0.210693359375 -0.097625732421875 -0.191177368164063
-0.194091796875 0.31036376953125 -0.16961669921875 -0.3321533203125
-0.056549072265625 0.340850830078125 -0.278045654296875 -0.51068115234375
-0.0540771484375 0.5716552734375 0.370452880859375 -0.0637207031249999
-0.09674072265625 0.537139892578125 0.337554931640625 -0.0382080078125
-0.322723388671875 0.47979736328125 0.300628662109375 -0.058837890625
-0.452239990234375 0.3271484375 0.3189697265625 0.115478515625
-0.5469970703125 0.124298095703125 0.232376098632813 0.171127319335938
-0.644287109375 0.0435180664062499 0.0744323730468749 0.211593627929688
-0.62994384765625 -0.0156250000000001 -0.105743408203125 0.149673461914063
-0.560089111328125 -0.136383056640625 -0.221786499023438 0.0406494140625
-0.62030029296875 -0.108154296875 -0.34539794921875 -0.0502319335937501
-0.59393310546875 -0.0371093750000001 -0.346405029296875 -0.10504150390625
-0.53619384765625 0.0789794921875 -0.262069702148438 -0.0821990966796875
-0.417144775390625 0.30499267578125 -0.152145385742188 -0.064422607421875
-0.39703369140625 0.350189208984375 -0.175460815429688 -0.150680541992188
-0.2203369140625 0.458648681640625 -0.217376708984375 -0.224807739257812
-0.050506591796875 0.47052001953125 -0.313446044921875 -0.362091064453125
-0.08837890625 0.60272216796875 0.3734130859375 0.136871337890625
-0.164459228515625 0.5577392578125 0.33575439453125 0.136260986328125
-0.40985107421875 0.46600341796875 0.29052734375 0.02764892578125
-0.524261474609375 0.28839111328125 0.30810546875 0.157012939453125
-0.60321044921875 0.0680541992187501 0.3026123046875 0.155487060546875
-0.7025146484375 -0.0153808593750001 0.235076904296875 0.169906616210937
-0.6754150390625 -0.0548706054687501 0.121528625488281 0.118598937988281
-0.60986328125 -0.1461181640625 0.0233726501464843 0.0360565185546875
-0.67755126953125 -0.0848388671875 -0.12652587890625 -0.0661087036132813
-0.649658203125 0.0325317382812501 -0.20355224609375 -0.134201049804688
-0.57525634765625 0.1739501953125 -0.223907470703125 -0.114227294921875
-0.41876220703125 0.4088134765625 -0.183349609375 -0.0477294921875
-0.391387939453125 0.451568603515625 -0.24127197265625 -0.0749359130859375
-0.188232421875 0.54376220703125 -0.243408203125 -0.0760345458984375
-0.032440185546875 0.533111572265625 -0.33941650390625 -0.1689453125
-0.111663818359375 0.533721923828125 0.3531494140625 0.331695556640625
-0.19989013671875 0.4766845703125 0.28924560546875 0.292327880859375
-0.41571044921875 0.3609619140625 0.237396240234375 0.1099853515625
-0.491485595703125 0.189544677734375 0.2646484375 0.187103271484375
-0.536956787109375 -0.00485229492187488 0.350982666015625 0.155548095703125
-0.6329345703125 -0.07568359375 0.3896484375 0.15557861328125
-0.6131591796875 -0.0868530273437501 0.3536376953125 0.1044921875
-0.5654296875 -0.13623046875 0.26611328125 0.023406982421875
-0.6280517578125 -0.0561523437500001 0.0906143188476562 -0.111801147460938
-0.59014892578125 0.0810546874999999 -0.0654602050781251 -0.197021484375
-0.504119873046875 0.218963623046875 -0.18963623046875 -0.162384033203125
-0.3438720703125 0.423187255859375 -0.208724975585938 -0.03118896484375
-0.318939208984375 0.459686279296875 -0.2755126953125 0.0162811279296876
-0.127685546875 0.531463623046875 -0.238906860351562 0.085693359375
-0.01611328125 0.512786865234375 -0.3447265625 0.0352783203125
-0.111175537109375 0.384765625 0.318115234375 0.487213134765625
-0.17877197265625 0.3331298828125 0.217529296875 0.3963623046875
-0.32720947265625 0.21612548828125 0.15948486328125 0.161026000976563
-0.35626220703125 0.09100341796875 0.203598022460937 0.191070556640625
-0.3758544921875 -0.04852294921875 0.364501953125 0.161865234375
-0.4603271484375 -0.09844970703125 0.49871826171875 0.160369873046875
-0.452911376953125 -0.08984375 0.54888916015625 0.104644775390625
-0.4327392578125 -0.107879638671875 0.470794677734375 0.00576782226562499
-0.481781005859375 -0.0360412597656251 0.269088745117187 -0.166641235351563
-0.43621826171875 0.0802917480468749 0.04351806640625 -0.262741088867188
-0.361541748046875 0.187469482421875 -0.166488647460938 -0.206863403320313
-0.234527587890625 0.337646484375 -0.227081298828125 -0.0205535888671875
-0.21600341796875 0.365447998046875 -0.28314208984375 0.0909423828125001
-0.071502685546875 0.41845703125 -0.217666625976562 0.224136352539063
-0.01568603515625 0.405242919921875 -0.3399658203125 0.214935302734375
-0.08148193359375 0.185348510742187 0.28900146484375 0.58074951171875
-0.101593017578125 0.172744750976563 0.1553955078125 0.44049072265625
-0.171905517578125 0.0896759033203125 0.0893402099609375 0.179367065429688
-0.171295166015625 0.0378875732421875 0.15435791015625 0.173019409179688
-0.176620483398438 -0.0357666015625 0.3533935546875 0.158111572265625
-0.2381591796875 -0.0695648193359375 0.55572509765625 0.167572021484375
-0.234268188476563 -0.06243896484375 0.67498779296875 0.107421875
-0.234649658203125 -0.06427001953125 0.61041259765625 -0.0130615234375
-0.264724731445313 -0.02740478515625 0.388092041015625 -0.212371826171875
-0.229537963867187 0.0387420654296875 0.11248779296875 -0.31048583984375
-0.186676025390625 0.0989990234375 -0.153121948242188 -0.2371826171875
-0.121917724609375 0.185302734375 -0.245590209960938 -0.0189208984375
-0.113265991210938 0.200180053710938 -0.283599853515625 0.136505126953125
-0.03070068359375 0.229721069335938 -0.204437255859375 0.316558837890625
-0.029205322265625 0.230331420898438 -0.3380126953125 0.341217041015625
-0.0280704498291016 0.0144996643066406 0.2786865234375 -0.388641357421875
0.0219478607177734 0.00216484069824219 0.211761474609375 -0.336181640625
-0.00420427322387695 -0.00211453437805176 0.217300415039063 -0.14892578125
-0.0217170715332031 0.00175285339355469 0.251693725585938 0.0351409912109375
-0.026031494140625 -0.00583648681640625 0.093292236328125 0.232940673828125
-0.0143356323242188 6.96182250976568E-05 -0.156402587890625 0.3155517578125
-0.0153331756591797 0.0131597518920898 -0.439208984375 0.214874267578125
-0.00226306915283203 0.000843048095703125 -0.62725830078125 0.02337646484375
0.00210762023925781 0.0192108154296875 -0.67987060546875 -0.11474609375
-0.00384688377380371 -0.00348210334777832 -0.541290283203125 -0.179412841796875
0.00482320785522461 0.00585794448852539 -0.3209228515625 -0.08917236328125
0.0145673751831055 0.0139303207397461 -0.103843688964844 -0.0837783813476563
0.00551366806030273 -0.000241756439208984 -0.0178680419921875 -0.197219848632813
0.0199260711669922 -0.0129947662353516 -0.119049072265625 -0.40081787109375
0.00483417510986328 -0.0157356262207031 -0.2406005859375 -0.61883544921875
-0.01898193359375 0.247879028320312 0.30169677734375 -0.34783935546875
0.00895690917968748 0.22576904296875 0.251373291015625 -0.2940673828125
-0.094268798828125 0.209579467773438 0.24261474609375 -0.14898681640625
-0.160980224609375 0.1580810546875 0.277313232421875 0.0533599853515625
-0.215362548828125 0.0798797607421875 0.116928100585937 0.219757080078125
-0.255386352539062 0.0537567138671875 -0.13153076171875 0.302734375
-0.263442993164063 0.0253448486328125 -0.401031494140625 0.21148681640625
-0.231643676757813 -0.05633544921875 -0.571044921875 0.0328979492187499
-0.246307373046875 -0.0543060302734375 -0.640869140625 -0.0902709960937499
-0.225982666015625 -0.063385009765625 -0.522064208984375 -0.14984130859375
-0.197402954101563 -0.02545166015625 -0.309661865234375 -0.0770263671875
-0.163589477539063 0.0703125 -0.101852416992188 -0.078125
-0.167984008789063 0.089019775390625 -0.03851318359375 -0.197235107421875
-0.104782104492188 0.144760131835937 -0.130340576171875 -0.38287353515625
-0.0348663330078125 0.169525146484375 -0.24859619140625 -0.595458984375
-0.025848388671875 0.44500732421875 0.3389892578125 -0.236785888671875
-0.027984619140625 0.41558837890625 0.299835205078125 -0.191375732421875
-0.202667236328125 0.3841552734375 0.274993896484375 -0.119400024414062
-0.310455322265625 0.279266357421875 0.302947998046875 0.077850341796875
-0.39959716796875 0.132080078125 0.163482666015625 0.19549560546875
-0.477569580078125 0.0736083984374999 -0.0534515380859376 0.264236450195313
-0.478515625 0.0187988281249999 -0.2867431640625 0.187042236328125
-0.426788330078125 -0.10357666015625 -0.4287109375 0.0402221679687499
-0.46514892578125 -0.09765625 -0.525299072265625 -0.0628662109374999
-0.43548583984375 -0.076324462890625 -0.45697021484375 -0.115753173828125
-0.39068603515625 -0.00158691406250008 -0.290863037109375 -0.07073974609375
-0.3182373046875 0.17034912109375 -0.119537353515625 -0.0744705200195313
-0.312652587890625 0.213287353515625 -0.098419189453125 -0.189407348632812
-0.19073486328125 0.3092041015625 -0.170928955078125 -0.32843017578125
-0.05352783203125 0.33843994140625 -0.2801513671875 -0.50616455078125
-0.04888916015625 0.5684814453125 0.365203857421875 -0.0651855468749999
-0.09136962890625 0.534637451171875 0.335052490234375 -0.04052734375
-0.3179931640625 0.47906494140625 0.296905517578125 -0.059844970703125
-0.446197509765625 0.330169677734375 0.31768798828125 0.112152099609375
-0.54248046875 0.12847900390625 0.23095703125 0.167984008789063
-0.63934326171875 0.0488891601562499 0.0755615234375 0.208892822265625
-0.62493896484375 -0.0112304687499999 -0.104400634765625 0.149093627929687
-0.558502197265625 -0.13226318359375 -0.220138549804688 0.0416107177734375
-0.61663818359375 -0.10260009765625 -0.344482421875 -0.04736328125
-0.59039306640625 -0.03375244140625 -0.346282958984375 -0.102020263671875
-0.532257080078125 0.0824890136718751 -0.261032104492188 -0.0789337158203125
-0.41064453125 0.305633544921875 -0.150283813476563 -0.0641326904296875
-0.39111328125 0.351470947265625 -0.1744384765625 -0.148712158203125
-0.216094970703125 0.458251953125 -0.21710205078125 -0.22222900390625
-0.046783447265625 0.46661376953125 -0.314453125 -0.35870361328125
-0.08172607421875 0.59832763671875 0.372711181640625 0.135101318359375
-0.1563720703125 0.552276611328125 0.335357666015625 0.13372802734375
-0.403167724609375 0.4664306640625 0.28668212890625 0.026519775390625
-0.51812744140625 0.29058837890625 0.307098388671875 0.153594970703125
-0.59991455078125 0.0728759765624999 0.30108642578125 0.151947021484375
-0.69720458984375 -0.0106201171875001 0.23455810546875 0.1656494140625
-0.67047119140625 -0.0498046874999999 0.121429443359375 0.116943359375
-0.60699462890625 -0.1424560546875 0.0233306884765625 0.0355415344238281
-0.67559814453125 -0.0776367187499999 -0.126625061035156 -0.0652008056640625
-0.64520263671875 0.0359497070312501 -0.204010009765625 -0.131210327148438
-0.5703125 0.1766357421875 -0.223098754882813 -0.112213134765625
-0.412078857421875 0.40936279296875 -0.181900024414063 -0.0470428466796875
-0.386199951171875 0.4515380859375 -0.23870849609375 -0.0718536376953125
-0.1829833984375 0.541290283203125 -0.242019653320312 -0.0742340087890625
-0.02899169921875 0.529510498046875 -0.33782958984375 -0.1669921875
-0.106109619140625 0.5311279296875 0.353057861328125 0.327239990234375
-0.19415283203125 0.472564697265625 0.2886962890625 0.28955078125
-0.410797119140625 0.3609619140625 0.234848022460938 0.108673095703125
-0.486785888671875 0.1922607421875 0.263778686523437 0.184188842773437
-0.534088134765625 -0.00167846679687505 0.3497314453125 0.152069091796875
-0.629638671875 -0.0698852539062499 0.3885498046875 0.151336669921875
-0.60906982421875 -0.081298828125 0.35223388671875 0.100189208984375
-0.56158447265625 -0.13079833984375 0.264816284179687 0.0210723876953125
-0.62567138671875 -0.05035400390625 0.0893478393554687 -0.111434936523438
-0.58642578125 0.0851440429687499 -0.0666351318359375 -0.194107055664062
-0.500030517578125 0.220428466796875 -0.189620971679688 -0.159469604492187
-0.338653564453125 0.422393798828125 -0.206192016601563 -0.0296478271484374
-0.31298828125 0.46038818359375 -0.2728271484375 0.0182189941406251
-0.123748779296875 0.528961181640625 -0.236648559570313 0.0869140625
-0.01165771484375 0.50836181640625 -0.3424072265625 0.0369873046875001
-0.106842041015625 0.382659912109375 0.31884765625 0.480010986328125
-0.173858642578125 0.3310546875 0.218475341796875 0.392181396484375
-0.3243408203125 0.2176513671875 0.157180786132812 0.159820556640625
-0.35284423828125 0.09246826171875 0.203323364257813 0.188507080078125
-0.3731689453125 -0.0447082519531249 0.36322021484375 0.1563720703125
-0.45806884765625 -0.0950012207031251 0.4986572265625 0.15362548828125
-0.451507568359375 -0.0863037109375001 0.545440673828125 0.0975341796875
-0.430938720703125 -0.10333251953125 0.46905517578125 0.00256347656249999
-0.47821044921875 -0.03265380859375 0.2672119140625 -0.167068481445313
-0.43212890625 0.0833435058593749 0.0408172607421875 -0.260223388671875
-0.357635498046875 0.187896728515625 -0.166900634765625 -0.204330444335938
-0.230560302734375 0.3372802734375 -0.224273681640625 -0.0201568603515625
-0.2135009765625 0.365386962890625 -0.28021240234375 0.0926666259765625
-0.06768798828125 0.41650390625 -0.21392822265625 0.224533081054688
-0.010986328125 0.40185546875 -0.335235595703125 0.2147216796875
-0.0796051025390625 0.185195922851563 0.2906494140625 0.57623291015625
-0.0997467041015625 0.170730590820313 0.1571044921875 0.436920166015625
-0.169830322265625 0.0912628173828125 0.0888824462890625 0.177581787109375
-0.169677734375 0.03887939453125 0.154052734375 0.170745849609375
-0.175506591796875 -0.034149169921875 0.351104736328125 0.15277099609375
-0.235946655273438 -0.0670013427734375 0.553192138671875 0.1624755859375
-0.232925415039063 -0.05926513671875 0.671875 0.100341796875
-0.233901977539063 -0.061859130859375 0.60638427734375 -0.01849365234375
-0.263626098632813 -0.024932861328125 0.384490966796875 -0.213531494140625
-0.22723388671875 0.0406951904296875 0.1099853515625 -0.307464599609375
-0.184524536132812 0.098541259765625 -0.153427124023437 -0.233901977539063
-0.11962890625 0.18524169921875 -0.2430419921875 -0.0175933837890625
-0.1107177734375 0.199844360351563 -0.280105590820313 0.137802124023438
-0.029022216796875 0.2294921875 -0.198638916015625 0.316314697265625
-0.0269927978515625 0.229568481445313 -0.33148193359375 0.339019775390625
-0.0288848876953125 0.0150089263916016 0.27337646484375 -0.388702392578125
0.0211238861083984 0.000579833984375 0.206298828125 -0.335296630859375
-0.00491857528686523 -0.00256061553955078 0.214752197265625 -0.148818969726562
-0.0213737487792969 0.00185966491699219 0.248931884765625 0.0323638916015625
-0.0258331298828125 -0.00550651550292968 0.0933380126953125 0.230438232421875
-0.0137472152709961 -6.67572021484395E-06 -0.153564453125 0.315338134765625
-0.0144758224487305 0.0124406814575195 -0.434234619140625 0.21636962890625
-0.00207138061523438 0.000439643859863281 -0.62481689453125 0.0283203124999999
0.00237274169921875 0.0184040069580078 -0.67645263671875 -0.10870361328125
-0.00392675399780273 -0.00348973274230957 -0.53985595703125 -0.17626953125
0.00545930862426758 0.00622892379760742 -0.31878662109375 -0.0861816406250001
0.0145082473754883 0.0133752822875977 -0.102935791015625 -0.08343505859375
0.00643396377563476 0.000593185424804687 -0.0180511474609375 -0.1961669921875
0.0188732147216797 -0.0130462646484375 -0.1214599609375 -0.39935302734375
0.00416278839111328 -0.0161037445068359 -0.24249267578125 -0.61236572265625
-0.0171661376953125 0.24737548828125 0.297332763671875 -0.3468017578125
0.010223388671875 0.22357177734375 0.2467041015625 -0.292999267578125
-0.09228515625 0.20928955078125 0.238250732421875 -0.148895263671875
-0.158798217773438 0.158935546875 0.27362060546875 0.0494384765625
-0.213958740234375 0.081451416015625 0.11700439453125 0.218353271484375
-0.252914428710938 0.055145263671875 -0.128570556640625 0.30206298828125
-0.261367797851563 0.02734375 -0.398193359375 0.212493896484375
-0.22955322265625 -0.0549774169921875 -0.5673828125 0.03729248046875
-0.245025634765625 -0.051727294921875 -0.63775634765625 -0.0844726562500001
-0.225784301757813 -0.0612335205078125 -0.520477294921875 -0.144775390625
-0.19598388671875 -0.0239410400390625 -0.308319091796875 -0.074462890625
-0.16070556640625 0.0704803466796875 -0.100776672363281 -0.0789108276367187
-0.165618896484375 0.0897216796875 -0.0398101806640625 -0.195510864257813
-0.103179931640625 0.1446533203125 -0.131591796875 -0.38018798828125
-0.0332794189453125 0.167800903320313 -0.251953125 -0.59173583984375
-0.02197265625 0.441741943359375 0.3348388671875 -0.237548828125
-0.0233154296875 0.41241455078125 0.296478271484375 -0.191802978515625
-0.19873046875 0.3831787109375 0.271408081054688 -0.120758056640625
-0.30657958984375 0.278717041015625 0.30035400390625 0.074798583984375
-0.396881103515625 0.13336181640625 0.162872314453125 0.192733764648438
-0.474090576171875 0.075469970703125 -0.0519561767578126 0.261764526367188
-0.475372314453125 0.021392822265625 -0.284027099609375 0.18743896484375
-0.42431640625 -0.10076904296875 -0.425384521484375 0.0440673828125
-0.463531494140625 -0.094970703125 -0.521759033203125 -0.0576171874999999
-0.433990478515625 -0.0723571777343751 -0.45648193359375 -0.1121826171875
-0.3887939453125 0.000946044921874999 -0.290435791015625 -0.0675048828125
-0.315826416015625 0.171783447265625 -0.117752075195313 -0.074462890625
-0.307769775390625 0.21337890625 -0.097869873046875 -0.186935424804688
-0.18798828125 0.309661865234375 -0.17156982421875 -0.324432373046875
-0.051666259765625 0.335845947265625 -0.282745361328125 -0.50164794921875
-0.04449462890625 0.564208984375 0.362396240234375 -0.0662841796875
-0.086090087890625 0.529998779296875 0.3328857421875 -0.04248046875
-0.312652587890625 0.478973388671875 0.2930908203125 -0.061798095703125
-0.441192626953125 0.33062744140625 0.3157958984375 0.109405517578125
-0.541015625 0.131500244140625 0.230361938476562 0.16461181640625
-0.63604736328125 0.0531616210937499 0.0767669677734375 0.2060546875
-0.62188720703125 -0.00537109374999999 -0.1026611328125 0.148727416992188
-0.556640625 -0.12835693359375 -0.218048095703125 0.04339599609375
-0.61395263671875 -0.0987548828125 -0.34246826171875 -0.043731689453125
-0.58709716796875 -0.02886962890625 -0.345367431640625 -0.0985412597656251
-0.528289794921875 0.084747314453125 -0.259979248046875 -0.07635498046875
-0.4061279296875 0.306304931640625 -0.14892578125 -0.0632476806640625
-0.3857421875 0.353118896484375 -0.173858642578125 -0.146316528320313
-0.21044921875 0.45556640625 -0.216384887695313 -0.219573974609375
-0.04425048828125 0.46466064453125 -0.315093994140625 -0.355224609375
-0.076904296875 0.59490966796875 0.370880126953125 0.131500244140625
-0.15411376953125 0.548553466796875 0.332733154296875 0.1314697265625
-0.39837646484375 0.466949462890625 0.282867431640625 0.025238037109375
-0.51409912109375 0.29266357421875 0.3060302734375 0.151214599609375
-0.5953369140625 0.0764770507812499 0.299102783203125 0.14788818359375
-0.69287109375 -0.0053710937500001 0.23443603515625 0.162689208984375
-0.66650390625 -0.04486083984375 0.121673583984375 0.115127563476562
-0.6041259765625 -0.1383056640625 0.023895263671875 0.03533935546875
-0.67266845703125 -0.0744628906250001 -0.126213073730469 -0.0626754760742187
-0.6409912109375 0.0404052734375001 -0.203765869140625 -0.128799438476563
-0.5653076171875 0.1785888671875 -0.221939086914063 -0.109619140625
-0.406005859375 0.409576416015625 -0.180252075195313 -0.0461578369140625
-0.380096435546875 0.451995849609375 -0.237884521484375 -0.0701141357421875
-0.178985595703125 0.53948974609375 -0.240371704101563 -0.0728607177734375
-0.025115966796875 0.525665283203125 -0.3369140625 -0.16448974609375
-0.10137939453125 0.52783203125 0.35198974609375 0.32403564453125
-0.188568115234375 0.46966552734375 0.289154052734375 0.28619384765625
-0.40594482421875 0.361907958984375 0.232040405273437 0.106964111328125
-0.48211669921875 0.19525146484375 0.263870239257812 0.181045532226563
-0.531036376953125 0.00280761718749994 0.34759521484375 0.14764404296875
-0.62579345703125 -0.06451416015625 0.3873291015625 0.14544677734375
-0.60406494140625 -0.076416015625 0.350799560546875 0.097442626953125
-0.559295654296875 -0.127960205078125 0.263275146484375 0.0186920166015625
-0.62298583984375 -0.04718017578125 0.08770751953125 -0.110755920410156
-0.58123779296875 0.08770751953125 -0.0675048828125 -0.192276000976563
-0.4954833984375 0.222442626953125 -0.189407348632813 -0.156265258789063
-0.33221435546875 0.42352294921875 -0.204238891601563 -0.0288848876953124
-0.307525634765625 0.459228515625 -0.270309448242188 0.01983642578125
-0.117919921875 0.5279541015625 -0.234329223632812 0.0870208740234376
-0.008087158203125 0.50518798828125 -0.340484619140625 0.0368347167968751
-0.10369873046875 0.380859375 0.319854736328125 0.47552490234375
-0.170989990234375 0.32891845703125 0.21954345703125 0.38848876953125
-0.320068359375 0.217498779296875 0.155410766601562 0.156845092773438
-0.349853515625 0.0949096679687501 0.202728271484375 0.185836791992188
-0.37078857421875 -0.0415649414062501 0.360748291015625 0.152984619140625
-0.4549560546875 -0.090545654296875 0.49517822265625 0.1483154296875
-0.448516845703125 -0.0830383300781249 0.5430908203125 0.093017578125
-0.429351806640625 -0.101226806640625 0.466217041015625 -0.000610351562500006
-0.47625732421875 -0.0302429199218749 0.265274047851562 -0.167434692382813
-0.42913818359375 0.08544921875 0.038665771484375 -0.258224487304688
-0.354522705078125 0.18994140625 -0.16632080078125 -0.200973510742188
-0.225189208984375 0.33673095703125 -0.221664428710938 -0.0189208984375
-0.2086181640625 0.365966796875 -0.27740478515625 0.0941314697265626
-0.064697265625 0.414459228515625 -0.210906982421875 0.223358154296875
-0.00906372070312496 0.400299072265625 -0.3310546875 0.212921142578125
-0.0777740478515625 0.1846923828125 0.29193115234375 0.57049560546875
-0.09759521484375 0.170455932617187 0.157470703125 0.433258056640625
-0.169479370117188 0.0914154052734375 0.0883331298828125 0.175933837890625
-0.168045043945313 0.040130615234375 0.153335571289063 0.169052124023438
-0.1741943359375 -0.03240966796875 0.348907470703125 0.150115966796875
-0.234786987304688 -0.06475830078125 0.5504150390625 0.156707763671875
-0.231918334960938 -0.0576782226562501 0.668212890625 0.094970703125
-0.2333984375 -0.0597686767578125 0.60308837890625 -0.0230712890625
-0.262359619140625 -0.0231475830078124 0.38140869140625 -0.215850830078125
-0.225479125976563 0.041259765625 0.107452392578125 -0.305755615234375
-0.182327270507813 0.0994720458984375 -0.153289794921875 -0.23138427734375
-0.116714477539062 0.18487548828125 -0.24041748046875 -0.0151824951171875
-0.108474731445312 0.200057983398438 -0.277297973632813 0.13873291015625
-0.0269012451171875 0.228775024414063 -0.19525146484375 0.3148193359375
-0.0244598388671875 0.2275390625 -0.325164794921875 0.33770751953125
-0.0287036895751953 0.0157184600830078 0.267608642578125 -0.385986328125
0.0206623077392578 0.0009307861328125 0.203277587890625 -0.334808349609375
-0.00474643707275391 -0.0025782585144043 0.2115478515625 -0.148941040039063
-0.0212364196777344 0.00200271606445313 0.246963500976562 0.0308074951171875
-0.0260963439941406 -0.00555229187011718 0.0941009521484375 0.229293823242188
-0.0134363174438477 0.000297546386718752 -0.152099609375 0.31402587890625
-0.0139827728271484 0.0127420425415039 -0.43255615234375 0.216400146484375
-0.00151526927947998 0.000687599182128906 -0.620849609375 0.0312499999999999
0.00269889831542969 0.0188407897949219 -0.6737060546875 -0.1046142578125
-0.00409030914306641 -0.00337624549865723 -0.538604736328125 -0.17303466796875
0.00525474548339844 0.0055389404296875 -0.317474365234375 -0.083831787109375
0.0149440765380859 0.0122718811035156 -0.10260009765625 -0.0821533203125
0.00612640380859375 0.000715255737304688 -0.0185699462890625 -0.195098876953125
0.0190467834472656 -0.0128860473632813 -0.121185302734375 -0.395294189453125
0.00351428985595703 -0.015411376953125 -0.244140625 -0.6082763671875
-0.0157623291015625 0.246429443359375 0.292938232421875 -0.34613037109375
0.0113677978515625 0.221633911132813 0.2427978515625 -0.293182373046875
-0.0911865234375 0.209152221679688 0.236541748046875 -0.149551391601563
-0.158218383789062 0.158966064453125 0.27197265625 0.0473175048828125
-0.212265014648438 0.082550048828125 0.1181640625 0.215866088867187
-0.25079345703125 0.0565643310546875 -0.126373291015625 0.300933837890625
-0.259994506835938 0.0283203125 -0.395538330078125 0.214263916015625
-0.22882080078125 -0.0541534423828125 -0.56500244140625 0.0399169921875
-0.244796752929688 -0.0506744384765625 -0.63458251953125 -0.08172607421875
-0.224334716796875 -0.0597991943359374 -0.519195556640625 -0.14190673828125
-0.194808959960938 -0.023223876953125 -0.306121826171875 -0.072357177734375
-0.159530639648438 0.069854736328125 -0.099273681640625 -0.0781021118164063
-0.163681030273438 0.089569091796875 -0.039337158203125 -0.195480346679688
-0.102203369140625 0.144683837890625 -0.13177490234375 -0.37725830078125
-0.033111572265625 0.16729736328125 -0.25299072265625 -0.5860595703125
-0.02020263671875 0.44049072265625 0.33160400390625 -0.236968994140625
-0.02154541015625 0.410064697265625 0.293731689453125 -0.19287109375
-0.1971435546875 0.3839111328125 0.2684326171875 -0.12054443359375
-0.30419921875 0.27978515625 0.298248291015625 0.07220458984375
-0.394561767578125 0.135009765625 0.16217041015625 0.190994262695312
-0.471099853515625 0.079315185546875 -0.0501708984375 0.259765625
-0.473175048828125 0.023162841796875 -0.281829833984375 0.187957763671875
-0.4227294921875 -0.098907470703125 -0.423431396484375 0.04461669921875
-0.46148681640625 -0.090301513671875 -0.520355224609375 -0.053375244140625
-0.433074951171875 -0.0703735351562501 -0.45599365234375 -0.109039306640625
-0.38629150390625 0.00323486328124992 -0.28765869140625 -0.06524658203125
-0.3116455078125 0.172454833984375 -0.117294311523438 -0.0748291015625
-0.304718017578125 0.2147216796875 -0.097076416015625 -0.185577392578125
-0.184356689453125 0.307891845703125 -0.17120361328125 -0.32196044921875
-0.050384521484375 0.333740234375 -0.28399658203125 -0.49737548828125
-0.039703369140625 0.561798095703125 0.35968017578125 -0.067596435546875
-0.082794189453125 0.526123046875 0.33056640625 -0.043487548828125
-0.308624267578125 0.478973388671875 0.289459228515625 -0.061981201171875
-0.437347412109375 0.33270263671875 0.313934326171875 0.107086181640625
-0.536376953125 0.13525390625 0.229156494140625 0.162445068359375
-0.6324462890625 0.05633544921875 0.077392578125 0.203826904296875
-0.61865234375 -0.00347900390625005 -0.100875854492188 0.148101806640625
-0.554229736328125 -0.12554931640625 -0.216339111328125 0.044158935546875
-0.61163330078125 -0.0943603515624999 -0.3419189453125 -0.042266845703125
-0.58441162109375 -0.02630615234375 -0.344696044921875 -0.096527099609375
-0.524627685546875 0.0861816406249999 -0.258804321289063 -0.073883056640625
-0.40142822265625 0.3065185546875 -0.147552490234375 -0.0629119873046875
-0.38055419921875 0.353240966796875 -0.172897338867188 -0.144821166992187
-0.208221435546875 0.455474853515625 -0.217056274414062 -0.217803955078125
-0.04248046875 0.460174560546875 -0.315338134765625 -0.352142333984375
-0.072509765625 0.5926513671875 0.3690185546875 0.13079833984375
-0.14837646484375 0.5467529296875 0.33184814453125 0.12933349609375
-0.3946533203125 0.46697998046875 0.279815673828125 0.0236663818359375
-0.509918212890625 0.294708251953125 0.304046630859375 0.148590087890625
-0.59295654296875 0.0797119140625 0.297454833984375 0.145538330078125
-0.6890869140625 -0.00164794921875005 0.233489990234375 0.1591796875
-0.66455078125 -0.0411987304687499 0.121315002441406 0.114189147949219
-0.6024169921875 -0.13519287109375 0.0235881805419922 0.034942626953125
-0.6702880859375 -0.0714111328125 -0.126075744628906 -0.0617752075195313
-0.63800048828125 0.0428466796874999 -0.204391479492188 -0.12628173828125
-0.560302734375 0.181488037109375 -0.221145629882813 -0.10626220703125
-0.400054931640625 0.409912109375 -0.177886962890625 -0.045623779296875
-0.374542236328125 0.451568603515625 -0.236053466796875 -0.0677642822265625
-0.17523193359375 0.53851318359375 -0.23944091796875 -0.0709381103515624
-0.021728515625 0.522552490234375 -0.33746337890625 -0.16259765625
-0.0964660644531249 0.525054931640625 0.351287841796875 0.319793701171875
-0.184967041015625 0.466217041015625 0.287933349609375 0.282867431640625
-0.40252685546875 0.362762451171875 0.230026245117187 0.104904174804688
-0.4786376953125 0.19732666015625 0.261886596679687 0.178985595703125
-0.528411865234375 0.00588989257812496 0.345947265625 0.145660400390625
-0.62225341796875 -0.0621337890624999 0.385528564453125 0.141387939453125
-0.603759765625 -0.0728759765625001 0.349456787109375 0.095306396484375
-0.558319091796875 -0.125152587890625 0.262557983398437 0.017974853515625
-0.6199951171875 -0.0432128906250001 0.0871887207031249 -0.110183715820312
-0.57794189453125 0.0905151367187501 -0.0690460205078125 -0.190811157226563
-0.491607666015625 0.22412109375 -0.188629150390625 -0.154098510742187
-0.327484130859375 0.422515869140625 -0.202011108398438 -0.0283966064453125
-0.3031005859375 0.45989990234375 -0.268386840820313 0.0220031738281251
-0.115325927734375 0.5255126953125 -0.23193359375 0.0871734619140625
-0.00598144531250002 0.502288818359375 -0.338653564453125 0.037933349609375
-0.099517822265625 0.379486083984375 0.319732666015625 0.471954345703125
-0.167388916015625 0.32696533203125 0.21893310546875 0.3865966796875
-0.31793212890625 0.218841552734375 0.154327392578125 0.155960083007812
-0.347747802734375 0.0960388183593751 0.202117919921875 0.184158325195313
-0.369781494140625 -0.040252685546875 0.358978271484375 0.149261474609375
-0.452911376953125 -0.087921142578125 0.4927978515625 0.145355224609375
-0.445953369140625 -0.0798339843749999 0.541839599609375 0.0916748046875
-0.42681884765625 -0.098724365234375 0.463897705078125 -0.00421142578125001
-0.474822998046875 -0.0264587402343751 0.263153076171875 -0.167510986328125
-0.42791748046875 0.0867614746093751 0.03741455078125 -0.255889892578125
-0.35162353515625 0.189697265625 -0.165740966796875 -0.199295043945313
-0.223358154296875 0.3375244140625 -0.22064208984375 -0.0182647705078125
-0.206390380859375 0.3642578125 -0.27471923828125 0.0952758789062501
-0.06219482421875 0.412353515625 -0.208221435546875 0.222869873046875
-0.00653076171875001 0.3963623046875 -0.32794189453125 0.21319580078125
-0.07574462890625 0.183425903320313 0.2930908203125 0.56646728515625
-0.096282958984375 0.169036865234375 0.16046142578125 0.430206298828125
-0.167938232421875 0.0917510986328125 0.0873870849609375 0.174545288085938
-0.166824340820313 0.041534423828125 0.153182983398438 0.166717529296875
-0.173858642578125 -0.030731201171875 0.34735107421875 0.14752197265625
-0.234054565429688 -0.0635528564453126 0.547576904296875 0.15191650390625
-0.230712890625 -0.0557403564453125 0.66448974609375 0.09161376953125
-0.23199462890625 -0.05816650390625 0.60064697265625 -0.02581787109375
-0.26165771484375 -0.021331787109375 0.379241943359375 -0.215118408203125
-0.224411010742187 0.0423126220703125 0.105712890625 -0.304168701171875
-0.18170166015625 0.0997161865234375 -0.152633666992188 -0.228240966796875
-0.115341186523438 0.1845703125 -0.23809814453125 -0.0144195556640625
-0.107177734375 0.200088500976562 -0.274612426757812 0.139251708984375
-0.026641845703125 0.227264404296875 -0.192138671875 0.31500244140625
-0.022552490234375 0.226852416992188 -0.3216552734375 0.337158203125
-0.028656005859375 0.0157451629638672 0.26458740234375 -0.384429931640625
0.0202465057373047 0.000619888305664062 0.201171875 -0.3341064453125
-0.00483322143554687 -0.00291872024536133 0.210540771484375 -0.149002075195312
-0.0213394165039063 0.00189018249511719 0.244842529296875 0.0286712646484375
-0.0258045196533203 -0.00461959838867188 0.0943603515625 0.227874755859375
-0.0129632949829102 -8.86917114257803E-05 -0.149688720703125 0.313140869140625
-0.0141115188598633 0.0131750106811523 -0.43048095703125 0.21636962890625
-0.00221920013427734 -0.000273466110229492 -0.61859130859375 0.0333862304687501
0.00302505493164062 0.018280029296875 -0.67132568359375 -0.10009765625
-0.00432515144348145 -0.00393795967102051 -0.53729248046875 -0.168304443359375
0.00506734848022461 0.00546503067016602 -0.3157958984375 -0.0821838378906249
0.0150871276855469 0.0117511749267578 -0.101211547851563 -0.0825881958007812
0.00638723373413086 0.000413894653320313 -0.0177764892578125 -0.19451904296875
0.0195560455322266 -0.0123004913330078 -0.12188720703125 -0.39453125
0.00340843200683594 -0.0148401260375977 -0.24493408203125 -0.60595703125
-0.014373779296875 0.246383666992188 0.289306640625 -0.344940185546875
0.0128173828125 0.220123291015625 0.239898681640625 -0.291290283203125
-0.0899658203125 0.209014892578125 0.23382568359375 -0.14923095703125
-0.15655517578125 0.159255981445313 0.271011352539062 0.0459747314453125
-0.211746215820312 0.08282470703125 0.117034912109375 0.21539306640625
-0.25 0.057464599609375 -0.12469482421875 0.300079345703125
-0.258697509765625 0.0288848876953125 -0.394134521484375 0.214019775390625
-0.228347778320313 -0.0528564453125 -0.564453125 0.0426025390624999
-0.2437744140625 -0.04931640625 -0.633544921875 -0.0778808593749999
-0.2239990234375 -0.059234619140625 -0.518646240234375 -0.13775634765625
-0.193572998046875 -0.0225372314453125 -0.3045654296875 -0.070587158203125
-0.157943725585938 0.0693511962890625 -0.0976104736328125 -0.077972412109375
-0.162094116210938 0.09075927734375 -0.0388641357421875 -0.194259643554688
-0.101043701171875 0.14471435546875 -0.132293701171875 -0.375640869140625
-0.0329437255859375 0.166473388671875 -0.2542724609375 -0.5828857421875
-0.0166015625 0.438751220703125 0.328399658203125 -0.23602294921875
-0.01922607421875 0.40667724609375 0.291259765625 -0.19281005859375
-0.19512939453125 0.383087158203125 0.26507568359375 -0.12127685546875
-0.30194091796875 0.2801513671875 0.297393798828125 0.0703125
-0.392913818359375 0.13629150390625 0.16241455078125 0.189163208007813
-0.46856689453125 0.0801086425781249 -0.0491943359375 0.259033203125
-0.470306396484375 0.0257263183593749 -0.280364990234375 0.18804931640625
-0.4222412109375 -0.0974731445312501 -0.42242431640625 0.047943115234375
-0.46075439453125 -0.08953857421875 -0.518310546875 -0.0516967773437499
-0.43048095703125 -0.0692443847656251 -0.455108642578125 -0.10601806640625
-0.385101318359375 0.00354003906249999 -0.286651611328125 -0.063812255859375
-0.309051513671875 0.17205810546875 -0.116546630859375 -0.0742340087890625
-0.302215576171875 0.2139892578125 -0.0975189208984375 -0.185012817382813
-0.18359375 0.308441162109375 -0.172332763671875 -0.3209228515625
-0.048736572265625 0.332275390625 -0.285491943359375 -0.494537353515625
-0.03521728515625 0.56011962890625 0.357208251953125 -0.069244384765625
-0.079681396484375 0.524688720703125 0.329193115234375 -0.043914794921875
-0.30712890625 0.48095703125 0.286895751953125 -0.06195068359375
-0.434967041015625 0.332427978515625 0.313446044921875 0.1053466796875
-0.5352783203125 0.13665771484375 0.228012084960938 0.160430908203125
-0.62908935546875 0.0589599609375 0.077423095703125 0.20269775390625
-0.61669921875 -0.000366210937500119 -0.100143432617188 0.147628784179688
-0.5528564453125 -0.1229248046875 -0.21527099609375 0.044952392578125
-0.61199951171875 -0.0920410156249999 -0.3416748046875 -0.0397338867187501
-0.58294677734375 -0.0235595703125 -0.344970703125 -0.0937805175781249
-0.521881103515625 0.0875854492187501 -0.257781982421875 -0.0720977783203125
-0.397216796875 0.30712890625 -0.146133422851563 -0.0635986328125
-0.377349853515625 0.353302001953125 -0.171920776367188 -0.143768310546875
-0.206268310546875 0.4534912109375 -0.21527099609375 -0.216567993164062
-0.041839599609375 0.45819091796875 -0.315643310546875 -0.35052490234375
-0.06890869140625 0.5906982421875 0.367401123046875 0.128936767578125
-0.145660400390625 0.54376220703125 0.3309326171875 0.12841796875
-0.3905029296875 0.46783447265625 0.276901245117188 0.0231170654296875
-0.50634765625 0.296234130859375 0.30322265625 0.14654541015625
-0.5904541015625 0.08148193359375 0.296722412109375 0.143646240234375
-0.6868896484375 0.00122070312500012 0.232940673828125 0.156463623046875
-0.66192626953125 -0.0391845703124999 0.121482849121094 0.112884521484375
-0.6004638671875 -0.13409423828125 0.0239067077636718 0.0350303649902344
-0.6700439453125 -0.068359375 -0.1263427734375 -0.060546875
-0.63568115234375 0.0455932617187501 -0.204757690429688 -0.124832153320313
-0.558502197265625 0.181396484375 -0.220687866210938 -0.105255126953125
-0.39630126953125 0.409759521484375 -0.1767578125 -0.046051025390625
-0.371337890625 0.45184326171875 -0.235092163085938 -0.0670318603515624
-0.172637939453125 0.537200927734375 -0.2384033203125 -0.0703582763671874
-0.02001953125 0.5186767578125 -0.335723876953125 -0.161224365234375
-0.093994140625 0.523345947265625 0.351043701171875 0.31817626953125
-0.1826171875 0.464935302734375 0.288360595703125 0.2821044921875
-0.399505615234375 0.363128662109375 0.22711181640625 0.104202270507813
-0.4759521484375 0.198516845703125 0.261520385742187 0.177398681640625
-0.527740478515625 0.00759887695312505 0.34417724609375 0.14227294921875
-0.62005615234375 -0.0589599609374999 0.384246826171875 0.1395263671875
-0.60162353515625 -0.06927490234375 0.349212646484375 0.09405517578125
-0.55743408203125 -0.12322998046875 0.262069702148437 0.0170440673828125
-0.61968994140625 -0.0404052734375001 0.0865478515625 -0.109794616699219
-0.57568359375 0.0911865234375 -0.069915771484375 -0.188751220703125
-0.488189697265625 0.225341796875 -0.187637329101563 -0.15277099609375
-0.3251953125 0.423492431640625 -0.200515747070313 -0.0285797119140625
-0.300537109375 0.460174560546875 -0.266738891601563 0.022735595703125
-0.113311767578125 0.523834228515625 -0.229965209960937 0.0874938964843751
-0.00381469726562501 0.4996337890625 -0.336517333984375 0.0377197265625001
-0.09716796875 0.37835693359375 0.320281982421875 0.468475341796875
-0.165252685546875 0.325958251953125 0.219879150390625 0.383758544921875
-0.3165283203125 0.219451904296875 0.152587890625 0.154800415039063
-0.34552001953125 0.0980834960937499 0.201568603515625 0.182968139648438
-0.367828369140625 -0.03912353515625 0.356719970703125 0.14666748046875
-0.4503173828125 -0.0856933593749999 0.4918212890625 0.142242431640625
-0.443634033203125 -0.077239990234375 0.53912353515625 0.087890625
-0.42620849609375 -0.0975646972656249 0.461883544921875 -0.00506591796875001
-0.474395751953125 -0.024627685546875 0.261703491210937 -0.168045043945313
-0.42547607421875 0.0868530273437501 0.0365142822265625 -0.254165649414063
-0.350128173828125 0.1904296875 -0.16510009765625 -0.196884155273438
-0.220550537109375 0.337890625 -0.218902587890625 -0.0174407958984375
-0.203155517578125 0.36572265625 -0.273193359375 0.09619140625
-0.06085205078125 0.412353515625 -0.205154418945313 0.2222900390625
-0.00433349609375002 0.395721435546875 -0.3250732421875 0.212738037109375
-0.074615478515625 0.183120727539063 0.293365478515625 0.561981201171875
-0.0950775146484375 0.168838500976563 0.1605224609375 0.427978515625
-0.166976928710938 0.091217041015625 0.08642578125 0.173538208007813
-0.165359497070313 0.041046142578125 0.1529541015625 0.16607666015625
-0.172409057617187 -0.0297698974609375 0.345001220703125 0.1453857421875
-0.23284912109375 -0.061981201171875 0.546783447265625 0.149658203125
-0.229415893554688 -0.0541229248046875 0.6641845703125 0.08746337890625
-0.23175048828125 -0.0572357177734375 0.59820556640625 -0.02850341796875
-0.261154174804688 -0.0206451416015625 0.377685546875 -0.215850830078125
-0.223342895507813 0.0430450439453125 0.104644775390625 -0.302398681640625
-0.18084716796875 0.0998382568359375 -0.152618408203125 -0.226531982421875
-0.113510131835938 0.185028076171875 -0.236679077148438 -0.014556884765625
-0.1064453125 0.200103759765625 -0.272323608398438 0.141357421875
-0.0255279541015625 0.22705078125 -0.189788818359375 0.31317138671875
-0.0216522216796875 0.226165771484375 -0.31854248046875 0.33514404296875
-0.0288505554199219 0.0162620544433594 0.261962890625 -0.384521484375
0.0207347869873047 -0.000202178955078125 0.197265625 -0.3333740234375
-0.00486946105957031 -0.00272321701049805 0.20843505859375 -0.148727416992187
-0.0214328765869141 0.00256156921386719 0.243865966796875 0.0273895263671875
-0.0256881713867188 -0.00455474853515625 0.0948638916015625 0.227218627929687
-0.0124063491821289 0.000578880310058592 -0.14813232421875 0.313079833984375
-0.0138816833496094 0.012486457824707 -0.429931640625 0.21820068359375
-0.00142455101013184 -0.000239729881286621 -0.61627197265625 0.036376953125
0.00329971313476562 0.0187473297119141 -0.6700439453125 -0.0971679687499999
-0.00376629829406738 -0.00409579277038574 -0.53765869140625 -0.166778564453125
0.00490903854370117 0.00526809692382813 -0.314971923828125 -0.080657958984375
0.0150327682495117 0.0112886428833008 -0.100608825683594 -0.0825729370117188
0.00662851333618164 0.000443935394287109 -0.0173187255859375 -0.194595336914063
0.0184440612792969 -0.0129108428955078 -0.123016357421875 -0.39337158203125
0.00247669219970703 -0.0147686004638672 -0.2476806640625 -0.60302734375
-0.0136566162109375 0.245193481445313 0.28729248046875 -0.3446044921875
0.013397216796875 0.219070434570313 0.23870849609375 -0.292388916015625
-0.0890655517578125 0.209075927734375 0.231842041015625 -0.1494140625
-0.155960083007813 0.159530639648438 0.26953125 0.0450439453125
-0.211746215820313 0.0840301513671875 0.117462158203125 0.214035034179688
-0.2484130859375 0.05804443359375 -0.123870849609375 0.29913330078125
-0.257904052734375 0.029571533203125 -0.39276123046875 0.21392822265625
-0.227783203125 -0.0521697998046875 -0.5614013671875 0.0448608398437499
-0.242935180664062 -0.0483551025390625 -0.6328125 -0.07611083984375
-0.223434448242188 -0.0586395263671876 -0.518707275390625 -0.136871337890625
-0.194091796875 -0.0224761962890625 -0.303985595703125 -0.069915771484375
-0.156402587890625 0.069427490234375 -0.0981216430664063 -0.078399658203125
-0.161346435546875 0.0905609130859375 -0.0387725830078125 -0.194259643554688
-0.100799560546875 0.144607543945313 -0.132843017578125 -0.374359130859375
-0.032867431640625 0.165985107421875 -0.2572021484375 -0.5814208984375
-0.01580810546875 0.4375 0.32550048828125 -0.236236572265625
-0.018310546875 0.404449462890625 0.290008544921875 -0.1927490234375
-0.193817138671875 0.3836669921875 0.262863159179688 -0.120651245117187
-0.300689697265625 0.281646728515625 0.2958984375 0.06890869140625
-0.393096923828125 0.13812255859375 0.161575317382813 0.188461303710938
-0.466339111328125 0.0823059082031249 -0.0486907958984375 0.258056640625
-0.470062255859375 0.0269775390625 -0.27899169921875 0.18780517578125
-0.42144775390625 -0.096893310546875 -0.42071533203125 0.04779052734375
-0.461639404296875 -0.087005615234375 -0.51776123046875 -0.049407958984375
-0.429656982421875 -0.06634521484375 -0.454498291015625 -0.104705810546875
-0.383941650390625 0.00466918945312502 -0.28594970703125 -0.06317138671875
-0.306976318359375 0.17230224609375 -0.115188598632812 -0.0750885009765625
-0.30023193359375 0.214874267578125 -0.0967864990234375 -0.184310913085938
-0.181396484375 0.307403564453125 -0.1724853515625 -0.320037841796875
-0.04864501953125 0.331695556640625 -0.285125732421875 -0.491912841796875
-0.034576416015625 0.55810546875 0.35565185546875 -0.068206787109375
-0.07708740234375 0.521636962890625 0.3277587890625 -0.043731689453125
-0.30413818359375 0.48052978515625 0.283843994140625 -0.0621337890625
-0.4329833984375 0.33599853515625 0.3125 0.1038818359375
-0.534332275390625 0.1383056640625 0.22747802734375 0.159332275390625
-0.62615966796875 0.0615234374999999 0.0771331787109374 0.201019287109375
-0.61505126953125 0.00207519531249999 -0.0994567871093751 0.147705078125
-0.55157470703125 -0.12371826171875 -0.214630126953125 0.0458679199218749
-0.611572265625 -0.0902709960937501 -0.34063720703125 -0.038177490234375
-0.5811767578125 -0.0217895507812501 -0.3458251953125 -0.091796875
-0.5185546875 0.0886840820312499 -0.257125854492188 -0.071502685546875
-0.394683837890625 0.30712890625 -0.1453857421875 -0.0635223388671875
-0.374786376953125 0.3546142578125 -0.171112060546875 -0.142532348632813
-0.203216552734375 0.45428466796875 -0.215301513671875 -0.214859008789063
-0.039215087890625 0.456085205078125 -0.3154296875 -0.34844970703125
-0.0661621093750001 0.58892822265625 0.366180419921875 0.1279296875
-0.142974853515625 0.540557861328125 0.3299560546875 0.12652587890625
-0.38934326171875 0.468048095703125 0.275054931640625 0.0235137939453125
-0.50439453125 0.299102783203125 0.30267333984375 0.145172119140625
-0.58953857421875 0.0847778320312499 0.2947998046875 0.142333984375
-0.684326171875 0.00366210937499995 0.232986450195312 0.155380249023438
-0.66143798828125 -0.0364990234375 0.121849060058594 0.112350463867188
-0.60040283203125 -0.13104248046875 0.0242481231689453 0.0349311828613281
-0.66864013671875 -0.0656127929687501 -0.126441955566406 -0.0589752197265625
-0.6341552734375 0.0467529296874999 -0.205902099609375 -0.122940063476563
-0.554901123046875 0.182525634765625 -0.220077514648438 -0.103561401367187
-0.3946533203125 0.410430908203125 -0.175872802734375 -0.0459289550781249
-0.367767333984375 0.452484130859375 -0.234115600585938 -0.0657196044921875
-0.171356201171875 0.53570556640625 -0.238128662109375 -0.0694122314453125
-0.018341064453125 0.5179443359375 -0.33587646484375 -0.160491943359375
-0.092010498046875 0.522430419921875 0.3521728515625 0.31597900390625
-0.180511474609375 0.462432861328125 0.2879638671875 0.27996826171875
-0.39892578125 0.363128662109375 0.225723266601562 0.103515625
-0.473419189453125 0.199859619140625 0.260589599609375 0.176528930664063
-0.52618408203125 0.00988769531250006 0.342742919921875 0.14031982421875
-0.6175537109375 -0.0557861328125 0.383819580078125 0.136962890625
-0.59942626953125 -0.06787109375 0.347900390625 0.09185791015625
-0.556243896484375 -0.120880126953125 0.261672973632812 0.0157012939453125
-0.6190185546875 -0.0390625 0.0859603881835937 -0.109107971191406
-0.57415771484375 0.09271240234375 -0.0708312988281251 -0.186874389648438
-0.487091064453125 0.2247314453125 -0.1876220703125 -0.151382446289062
-0.32147216796875 0.42413330078125 -0.198974609375 -0.0289611816406249
-0.298431396484375 0.46148681640625 -0.265289306640625 0.02349853515625
-0.11090087890625 0.52410888671875 -0.22900390625 0.0881805419921875
-0.00167846679687495 0.498321533203125 -0.336029052734375 0.03863525390625
-0.0955200195312501 0.377105712890625 0.321685791015625 0.466705322265625
-0.1639404296875 0.324981689453125 0.22113037109375 0.3822021484375
-0.315277099609375 0.21875 0.151351928710938 0.154556274414063
-0.3426513671875 0.09808349609375 0.201583862304687 0.181503295898438
-0.366058349609375 -0.0360107421874999 0.355621337890625 0.145904541015625
-0.448822021484375 -0.0839538574218749 0.490386962890625 0.139129638671875
-0.4434814453125 -0.0758361816406249 0.53778076171875 0.08636474609375
-0.42633056640625 -0.096038818359375 0.4617919921875 -0.00695800781250001
-0.473968505859375 -0.0239562988281251 0.261199951171875 -0.168045043945313
-0.42425537109375 0.088592529296875 0.0355377197265625 -0.252899169921875
-0.349212646484375 0.191558837890625 -0.164642333984375 -0.196044921875
-0.21771240234375 0.336639404296875 -0.217636108398438 -0.017608642578125
-0.20172119140625 0.366729736328125 -0.27197265625 0.0969696044921875
-0.059661865234375 0.4112548828125 -0.203994750976562 0.22271728515625
-0.00201416015625003 0.393890380859375 -0.322845458984375 0.2115478515625
-0.073944091796875 0.183151245117188 0.293731689453125 0.56060791015625
-0.0944366455078125 0.167861938476563 0.1611328125 0.42547607421875
-0.1668701171875 0.0914459228515625 0.0852813720703125 0.172866821289063
-0.164443969726563 0.0421142578125 0.152725219726563 0.165115356445313
-0.171783447265625 -0.02825927734375 0.34454345703125 0.1436767578125
-0.232147216796875 -0.061920166015625 0.545654296875 0.146942138671875
-0.228866577148437 -0.0531463623046875 0.661865234375 0.08477783203125
-0.231170654296875 -0.0563812255859375 0.59765625 -0.03094482421875
-0.260818481445313 -0.01904296875 0.375946044921875 -0.217041015625
-0.222518920898438 0.0432891845703125 0.104248046875 -0.3011474609375
-0.180465698242187 0.100250244140625 -0.152587890625 -0.22503662109375
-0.112136840820313 0.184814453125 -0.235031127929688 -0.0142974853515625
-0.105148315429688 0.200149536132812 -0.271163940429688 0.141342163085938
-0.0250244140625 0.22650146484375 -0.186798095703125 0.31292724609375
-0.0200653076171875 0.22540283203125 -0.31634521484375 0.3353271484375
-0.0289115905761719 0.0174274444580078 0.259857177734375 -0.383148193359375
0.0204906463623047 -0.00064849853515625 0.19580078125 -0.333465576171875
-0.0046234130859375 -0.00357770919799805 0.207916259765625 -0.150253295898438
-0.0214767456054687 0.00228691101074219 0.242477416992188 0.02703857421875
-0.0261917114257813 -0.00358772277832032 0.096038818359375 0.22650146484375
-0.0113935470581055 -0.000101089477539062 -0.147918701171875 0.31329345703125
-0.0131158828735352 0.0128583908081055 -0.4295654296875 0.218841552734375
-0.00130796432495117 -0.0002288818359375 -0.615478515625 0.03759765625
0.00371360778808594 0.0183849334716797 -0.67022705078125 -0.0941772460937499
-0.00445175170898438 -0.00384092330932617 -0.5384521484375 -0.164886474609375
0.00488090515136719 0.00452995300292969 -0.31402587890625 -0.079742431640625
0.0151567459106445 0.0107946395874023 -0.100250244140625 -0.082916259765625
0.00694894790649414 0.000410079956054688 -0.0175628662109375 -0.194412231445313
0.0186290740966797 -0.0124950408935547 -0.121673583984375 -0.392059326171875
0.00206565856933594 -0.0146627426147461 -0.24774169921875 -0.60107421875
-0.01263427734375 0.245223999023437 0.284759521484375 -0.34429931640625
0.01361083984375 0.21759033203125 0.23675537109375 -0.2921142578125
-0.088623046875 0.208877563476563 0.230728149414063 -0.149505615234375
-0.156143188476563 0.160415649414063 0.26898193359375 0.0433502197265625
-0.211654663085938 0.084564208984375 0.117950439453125 0.213790893554688
-0.248184204101563 0.0584564208984375 -0.12274169921875 0.298858642578125
-0.257720947265625 0.0301818847656251 -0.39276123046875 0.214996337890625
-0.228012084960938 -0.0527191162109375 -0.5623779296875 0.0458984375
-0.242904663085938 -0.0475311279296875 -0.6334228515625 -0.0731201171874999
-0.224533081054688 -0.0584564208984375 -0.519012451171875 -0.134124755859375
-0.193771362304688 -0.0217437744140625 -0.303558349609375 -0.068328857421875
-0.155670166015625 0.0690765380859375 -0.0969009399414063 -0.0797195434570313
-0.160568237304688 0.091522216796875 -0.03912353515625 -0.194091796875
-0.100540161132812 0.144851684570313 -0.13421630859375 -0.37451171875
-0.032928466796875 0.16644287109375 -0.25811767578125 -0.58087158203125
-0.013092041015625 0.43780517578125 0.32470703125 -0.2362060546875
-0.017425537109375 0.4033203125 0.2880859375 -0.193511962890625
-0.191650390625 0.3848876953125 0.2608642578125 -0.120849609375
-0.2989501953125 0.282989501953125 0.29559326171875 0.067779541015625
-0.392364501953125 0.139678955078125 0.161376953125 0.187408447265625
-0.466278076171875 0.0824584960937501 -0.047637939453125 0.256790161132813
-0.469207763671875 0.0272827148437499 -0.278976440429688 0.1888427734375
-0.421417236328125 -0.09588623046875 -0.4207763671875 0.0501708984375
-0.460662841796875 -0.0865173339843751 -0.51812744140625 -0.047088623046875
-0.431427001953125 -0.0670166015624999 -0.45501708984375 -0.102508544921875
-0.38201904296875 0.005096435546875 -0.285980224609375 -0.06134033203125
-0.30548095703125 0.172210693359375 -0.114326477050781 -0.0757369995117187
-0.298309326171875 0.215087890625 -0.0966644287109375 -0.1844482421875
-0.1810302734375 0.3099365234375 -0.172210693359375 -0.319915771484375
-0.04827880859375 0.3309326171875 -0.287353515625 -0.492218017578125
-0.03143310546875 0.5579833984375 0.354217529296875 -0.069061279296875
-0.07501220703125 0.520416259765625 0.3275146484375 -0.04473876953125
-0.3035888671875 0.481109619140625 0.28179931640625 -0.062286376953125
-0.4307861328125 0.33642578125 0.31170654296875 0.10235595703125
-0.533905029296875 0.140045166015625 0.226882934570313 0.158309936523438
-0.6278076171875 0.0640258789062501 0.078094482421875 0.199691772460937
-0.61529541015625 0.00268554687500011 -0.0988922119140625 0.147476196289063
-0.55194091796875 -0.122467041015625 -0.21441650390625 0.0464324951171875
-0.61114501953125 -0.0870971679687499 -0.341217041015625 -0.0368347167968749
-0.5814208984375 -0.0203247070312501 -0.34637451171875 -0.090362548828125
-0.51885986328125 0.0909423828124999 -0.257003784179688 -0.070068359375
-0.392669677734375 0.307891845703125 -0.144241333007813 -0.0645294189453125
-0.373016357421875 0.354888916015625 -0.170333862304688 -0.142562866210938
-0.2017822265625 0.4537353515625 -0.215713500976562 -0.215133666992187
-0.038818359375 0.45672607421875 -0.317474365234375 -0.3482666015625
-0.06414794921875 0.5885009765625 0.364349365234375 0.126678466796875
-0.14080810546875 0.539764404296875 0.330352783203125 0.127288818359375
-0.388214111328125 0.47021484375 0.273361206054688 0.0231475830078125
-0.50341796875 0.300567626953125 0.30230712890625 0.143951416015625
-0.58935546875 0.08648681640625 0.293487548828125 0.140869140625
-0.68341064453125 0.00775146484375 0.233596801757812 0.15301513671875
-0.65972900390625 -0.0353393554687499 0.122657775878906 0.111404418945313
-0.60064697265625 -0.1307373046875 0.0247917175292968 0.0348186492919922
-0.6700439453125 -0.0637817382812501 -0.126846313476563 -0.0589523315429687
-0.6336669921875 0.0485229492187501 -0.206985473632813 -0.12115478515625
-0.55462646484375 0.184173583984375 -0.220748901367188 -0.103179931640625
-0.39111328125 0.410369873046875 -0.17486572265625 -0.0469970703125
-0.366973876953125 0.4549560546875 -0.2332763671875 -0.06475830078125
-0.1685791015625 0.537139892578125 -0.23712158203125 -0.0689849853515625
-0.0174560546875 0.516357421875 -0.336700439453125 -0.159759521484375
-0.0885009765625 0.52069091796875 0.351104736328125 0.315765380859375
-0.178466796875 0.461822509765625 0.2891845703125 0.279296875
-0.398468017578125 0.36529541015625 0.22418212890625 0.103546142578125
-0.4725341796875 0.2010498046875 0.260986328125 0.175018310546875
-0.525390625 0.0109558105468749 0.342193603515625 0.139068603515625
-0.61865234375 -0.05548095703125 0.3848876953125 0.135162353515625
-0.599853515625 -0.0659179687499999 0.3482666015625 0.090911865234375
-0.55609130859375 -0.12066650390625 0.261932373046875 0.015289306640625
-0.6195068359375 -0.03692626953125 0.0858535766601562 -0.109367370605469
-0.57391357421875 0.0939331054687499 -0.071685791015625 -0.18499755859375
-0.486328125 0.225860595703125 -0.187637329101563 -0.150161743164063
-0.31964111328125 0.4237060546875 -0.198501586914063 -0.02886962890625
-0.29583740234375 0.462127685546875 -0.264617919921875 0.0248870849609375
-0.10955810546875 0.523681640625 -0.227828979492188 0.087982177734375
-6.10351562499496E-05 0.496856689453125 -0.335113525390625 0.0371398925781251
-0.093780517578125 0.375640869140625 0.32061767578125 0.4671630859375
-0.16162109375 0.3233642578125 0.222320556640625 0.381591796875
-0.314300537109375 0.220184326171875 0.149444580078125 0.154464721679688
-0.342559814453125 0.1004638671875 0.200881958007812 0.180953979492188
-0.365386962890625 -0.0349426269531249 0.355316162109375 0.143829345703125
-0.44903564453125 -0.0810546875 0.490234375 0.137054443359375
-0.443328857421875 -0.0743408203125 0.538360595703125 0.084503173828125
-0.426361083984375 -0.095672607421875 0.461883544921875 -0.00802612304687501
-0.475982666015625 -0.0221862792968749 0.260650634765625 -0.168685913085938
-0.424163818359375 0.0905151367187499 0.0352935791015625 -0.251739501953125
-0.34844970703125 0.1915283203125 -0.164947509765625 -0.194259643554688
-0.21759033203125 0.3370361328125 -0.216339111328125 -0.0177917480468749
-0.2003173828125 0.3671875 -0.27117919921875 0.0982208251953126
-0.059326171875 0.41143798828125 -0.202774047851563 0.222885131835938
-0.000885009765624969 0.39349365234375 -0.3223876953125 0.21209716796875
-0.0735931396484375 0.183349609375 0.295806884765625 0.55902099609375
-0.0940093994140625 0.166915893554688 0.16168212890625 0.425140380859375
-0.166900634765625 0.091796875 0.0848236083984375 0.172683715820312
-0.163619995117187 0.0425567626953125 0.152435302734375 0.164779663085938
-0.171005249023438 -0.02789306640625 0.344024658203125 0.14227294921875
-0.2313232421875 -0.0603637695312501 0.546173095703125 0.145050048828125
-0.228103637695313 -0.0523834228515625 0.66229248046875 0.08404541015625
-0.231521606445313 -0.05560302734375 0.59783935546875 -0.032470703125
-0.260772705078125 -0.01922607421875 0.376251220703125 -0.21710205078125
-0.222824096679687 0.0436859130859375 0.104278564453125 -0.30072021484375
-0.180282592773438 0.100418090820313 -0.151901245117188 -0.223724365234375
-0.111343383789062 0.185272216796875 -0.234100341796875 -0.0137939453125
-0.104873657226563 0.200729370117188 -0.269866943359375 0.142562866210937
-0.0245361328125 0.227249145507813 -0.184967041015625 0.312652587890625
-0.01885986328125 0.225265502929687 -0.314544677734375 0.334747314453125
-0.0289287567138672 0.0176887512207031 0.2586669921875 -0.38330078125
0.0202198028564453 -0.00119209289550781 0.194366455078125 -0.3338623046875
-0.00524711608886719 -0.00343465805053711 0.207473754882813 -0.150314331054688
-0.0217552185058594 0.00256919860839844 0.241683959960938 0.025848388671875
-0.0265598297119141 -0.00360107421875 0.095916748046875 0.22613525390625
-0.0110578536987305 -6.58035278320313E-05 -0.1475830078125 0.31365966796875
-0.0130271911621094 0.0127716064453125 -0.4300537109375 0.22027587890625
-0.00141847133636475 -0.000557661056518555 -0.61724853515625 0.0395507812500001
0.00328254699707031 0.0181922912597656 -0.67181396484375 -0.0941162109375002
-0.00514984130859375 -0.00382375717163086 -0.5400390625 -0.1646728515625
0.00531291961669922 0.00391387939453125 -0.314178466796875 -0.0790100097656249
0.0154104232788086 0.00979900360107422 -0.099639892578125 -0.0830230712890625
0.0071415901184082 0.000219821929931641 -0.01715087890625 -0.195068359375
0.0181655883789063 -0.0131301879882813 -0.123046875 -0.394256591796875
0.00182056427001953 -0.0143566131591797 -0.249755859375 -0.60308837890625
-0.011199951171875 0.245941162109375 0.284271240234375 -0.344757080078125
0.01409912109375 0.217636108398438 0.236968994140625 -0.292510986328125
-0.0884857177734375 0.2108154296875 0.229400634765625 -0.15045166015625
-0.155242919921875 0.16119384765625 0.26812744140625 0.043304443359375
-0.212066650390625 0.0859527587890625 0.117904663085937 0.2130126953125
-0.247894287109375 0.058990478515625 -0.12347412109375 0.29986572265625
-0.25750732421875 0.030670166015625 -0.393218994140625 0.21600341796875
-0.228607177734375 -0.052734375 -0.56298828125 0.0487060546875
-0.244064331054688 -0.0479583740234375 -0.63470458984375 -0.0714111328124999
-0.224777221679688 -0.0579986572265625 -0.52001953125 -0.13385009765625
-0.193161010742188 -0.02178955078125 -0.303924560546875 -0.068023681640625
-0.155441284179688 0.068450927734375 -0.0965347290039063 -0.0793304443359375
-0.159881591796875 0.0915374755859375 -0.0382080078125 -0.193756103515625
-0.100357055664063 0.14501953125 -0.134033203125 -0.37408447265625
-0.0333404541015625 0.166351318359375 -0.259521484375 -0.581298828125
-0.01153564453125 0.43890380859375 0.323944091796875 -0.23712158203125
-0.01568603515625 0.404144287109375 0.28973388671875 -0.194061279296875
-0.192138671875 0.38580322265625 0.259902954101563 -0.121551513671875
-0.299652099609375 0.284942626953125 0.29522705078125 0.066131591796875
-0.3939208984375 0.14190673828125 0.161453247070312 0.187057495117188
-0.46435546875 0.084869384765625 -0.0472259521484376 0.257171630859375
-0.469482421875 0.028411865234375 -0.279510498046875 0.188949584960938
-0.423492431640625 -0.096435546875 -0.4200439453125 0.0504150390624999
-0.4613037109375 -0.085205078125 -0.51995849609375 -0.046875
-0.431121826171875 -0.065765380859375 -0.457366943359375 -0.10150146484375
-0.383392333984375 0.00561523437500008 -0.28546142578125 -0.060760498046875
-0.3037109375 0.171844482421875 -0.113960266113281 -0.0764846801757813
-0.29766845703125 0.216827392578125 -0.09698486328125 -0.183975219726562
-0.180999755859375 0.310089111328125 -0.173248291015625 -0.3193359375
-0.048248291015625 0.331451416015625 -0.28961181640625 -0.492706298828125
-0.0301513671875 0.55877685546875 0.3538818359375 -0.069244384765625
-0.073638916015625 0.520050048828125 0.328216552734375 -0.045440673828125
-0.302764892578125 0.484161376953125 0.281219482421875 -0.062408447265625
-0.43023681640625 0.33819580078125 0.312469482421875 0.102203369140625
-0.53594970703125 0.14251708984375 0.226730346679687 0.15814208984375
-0.6265869140625 0.0657348632812499 0.0780792236328124 0.198837280273437
-0.61492919921875 0.0050659179687499 -0.0987701416015625 0.147567749023438
-0.55279541015625 -0.12109375 -0.214508056640625 0.0465545654296875
-0.61431884765625 -0.0873413085937501 -0.34173583984375 -0.035888671875
-0.5826416015625 -0.0189819335937501 -0.34783935546875 -0.0889892578125
-0.519317626953125 0.0914306640624999 -0.257308959960938 -0.0701141357421875
-0.391082763671875 0.308868408203125 -0.144317626953125 -0.0652313232421875
-0.371978759765625 0.35626220703125 -0.170822143554688 -0.141876220703125
-0.20135498046875 0.455474853515625 -0.216644287109375 -0.214157104492187
-0.039642333984375 0.456024169921875 -0.318389892578125 -0.34808349609375
-0.0612792968749999 0.58721923828125 0.3658447265625 0.12738037109375
-0.138336181640625 0.53839111328125 0.331298828125 0.1258544921875
-0.388275146484375 0.472625732421875 0.272415161132813 0.02294921875
-0.503448486328125 0.302642822265625 0.302276611328125 0.1435546875
-0.5889892578125 0.0889892578125001 0.29400634765625 0.139984130859375
-0.6842041015625 0.00860595703125011 0.23419189453125 0.152236938476563
-0.66058349609375 -0.0329589843750001 0.122535705566406 0.111503601074219
-0.60296630859375 -0.13037109375 0.0244827270507812 0.0349788665771484
-0.6717529296875 -0.0626220703124999 -0.127204895019531 -0.0577239990234375
-0.634521484375 0.0497436523437501 -0.208114624023438 -0.119949340820312
-0.555389404296875 0.185272216796875 -0.22076416015625 -0.102127075195312
-0.390655517578125 0.411651611328125 -0.17413330078125 -0.047393798828125
-0.366180419921875 0.45697021484375 -0.23291015625 -0.0639801025390625
-0.167388916015625 0.5389404296875 -0.237640380859375 -0.0694427490234375
-0.0159301757812499 0.516387939453125 -0.33758544921875 -0.159576416015625
-0.08795166015625 0.521728515625 0.352813720703125 0.315093994140625
-0.176025390625 0.4610595703125 0.289642333984375 0.279083251953125
-0.397216796875 0.3665771484375 0.222869873046875 0.103378295898438
-0.4718017578125 0.20263671875 0.26116943359375 0.175689697265625
-0.52606201171875 0.0120849609375 0.3427734375 0.137359619140625
-0.61859130859375 -0.052734375 0.38458251953125 0.132171630859375
-0.5997314453125 -0.0653686523437499 0.34912109375 0.090362548828125
-0.55853271484375 -0.118682861328125 0.262725830078125 0.0147247314453125
-0.62176513671875 -0.0351562499999999 0.0852661132812499 -0.109039306640625
-0.57501220703125 0.0954589843750001 -0.0727691650390625 -0.184539794921875
-0.487274169921875 0.227783203125 -0.18792724609375 -0.1494140625
-0.317596435546875 0.42425537109375 -0.198028564453125 -0.0293121337890625
-0.295196533203125 0.4644775390625 -0.264495849609375 0.025360107421875
-0.10931396484375 0.52508544921875 -0.227767944335938 0.08843994140625
0.00119018554687498 0.496856689453125 -0.335052490234375 0.038330078125
-0.093048095703125 0.377227783203125 0.322357177734375 0.466827392578125
-0.161651611328125 0.323028564453125 0.22222900390625 0.381500244140625
-0.31488037109375 0.2220458984375 0.148941040039062 0.154434204101563
-0.342742919921875 0.1009521484375 0.201583862304688 0.181259155273438
-0.36688232421875 -0.032989501953125 0.3538818359375 0.1427001953125
-0.44970703125 -0.080291748046875 0.49102783203125 0.1353759765625
-0.443389892578125 -0.0731506347656251 0.53955078125 0.084625244140625
-0.427459716796875 -0.0948486328125 0.46295166015625 -0.00973510742187501
-0.476776123046875 -0.020965576171875 0.261093139648437 -0.168807983398438
-0.424041748046875 0.0907592773437501 0.0353546142578125 -0.251358032226563
-0.34857177734375 0.193603515625 -0.164337158203125 -0.193893432617188
-0.2161865234375 0.338287353515625 -0.2159423828125 -0.0186767578125
-0.199859619140625 0.368621826171875 -0.270919799804687 0.099853515625
-0.056488037109375 0.41278076171875 -0.201248168945313 0.223861694335938
0.000823974609375021 0.39337158203125 -0.322021484375 0.212432861328125
-0.0736846923828125 0.182968139648437 0.29742431640625 0.559906005859375
-0.0938873291015625 0.167251586914063 0.162261962890625 0.425048828125
-0.167343139648438 0.092254638671875 0.0843048095703125 0.172042846679688
-0.163177490234375 0.0435943603515625 0.152297973632813 0.164703369140625
-0.171112060546875 -0.02703857421875 0.34442138671875 0.14251708984375
-0.232192993164063 -0.060089111328125 0.546142578125 0.143890380859375
-0.228286743164063 -0.051910400390625 0.6629638671875 0.0819091796875
-0.231918334960938 -0.0551605224609375 0.59747314453125 -0.03399658203125
-0.261642456054688 -0.0177001953125 0.376312255859375 -0.218475341796875
-0.222549438476563 0.044586181640625 0.104522705078125 -0.30035400390625
-0.1800537109375 0.101028442382813 -0.1512451171875 -0.223419189453125
-0.110946655273437 0.18634033203125 -0.234207153320313 -0.0139923095703125
-0.103973388671875 0.201553344726563 -0.269851684570312 0.1435546875
-0.0238800048828125 0.227188110351563 -0.18377685546875 0.313446044921875
-0.0175933837890625 0.225723266601563 -0.3131103515625 0.333953857421875
-0.0287551879882813 0.0188007354736328 0.25592041015625 -0.38427734375
0.0198078155517578 -0.00160789489746094 0.193023681640625 -0.33538818359375
-0.00551033020019531 -0.00354671478271484 0.206787109375 -0.151626586914062
-0.0216541290283203 0.00328636169433593 0.241958618164062 0.024658203125
-0.0268192291259766 -0.00322341918945313 0.097015380859375 0.2269287109375
-0.0107421875 -0.000732421875000002 -0.145751953125 0.315460205078125
-0.0122947692871094 0.0129499435424805 -0.431060791015625 0.21893310546875
-0.00160276889801025 -0.000994563102722168 -0.61785888671875 0.0407714843749999
0.00415802001953125 0.0183734893798828 -0.67218017578125 -0.0906982421874999
-0.00461769104003906 -0.00522422790527344 -0.5416259765625 -0.162567138671875
0.00463533401489258 0.00389289855957031 -0.31524658203125 -0.078399658203125
0.0153779983520508 0.00960159301757813 -0.099822998046875 -0.083831787109375
0.00719690322875976 -6.58035278320312E-05 -0.017059326171875 -0.195770263671875
0.0182571411132813 -0.0128574371337891 -0.124298095703125 -0.392669677734375
0.00153636932373047 -0.013768196105957 -0.251220703125 -0.6029052734375
-0.010711669921875 0.246856689453125 0.28204345703125 -0.34429931640625
0.01531982421875 0.21673583984375 0.2347412109375 -0.2940673828125
-0.0885467529296875 0.211822509765625 0.229354858398438 -0.150588989257813
-0.155136108398438 0.162490844726563 0.269058227539063 0.041748046875
-0.212356567382813 0.0872039794921875 0.119094848632812 0.214385986328125
-0.247299194335938 0.059539794921875 -0.121917724609375 0.300201416015625
-0.2574462890625 0.0318603515625 -0.394012451171875 0.216339111328125
-0.23016357421875 -0.05279541015625 -0.56243896484375 0.0496215820312501
-0.244277954101563 -0.046142578125 -0.63507080078125 -0.0696411132812501
-0.224853515625 -0.056915283203125 -0.52313232421875 -0.132354736328125
-0.193878173828125 -0.021331787109375 -0.304656982421875 -0.066986083984375
-0.155380249023437 0.0693817138671875 -0.0968551635742188 -0.0803146362304687
-0.159393310546875 0.0920562744140625 -0.0384674072265625 -0.19451904296875
-0.100143432617187 0.145248413085937 -0.13421630859375 -0.375030517578125
-0.03369140625 0.166854858398437 -0.26202392578125 -0.5802001953125
-0.0108642578125 0.43914794921875 0.32318115234375 -0.237762451171875
-0.014129638671875 0.404144287109375 0.2886962890625 -0.195709228515625
-0.190277099609375 0.38836669921875 0.259170532226563 -0.122955322265625
-0.30010986328125 0.288055419921875 0.29534912109375 0.0653076171875
-0.394012451171875 0.14263916015625 0.161788940429688 0.1878662109375
-0.46539306640625 0.0864257812499999 -0.047271728515625 0.256698608398437
-0.470550537109375 0.0310058593749999 -0.279815673828125 0.189849853515625
-0.424041748046875 -0.0958251953125001 -0.42132568359375 0.0530395507812499
-0.46356201171875 -0.0837707519531251 -0.521148681640625 -0.0438842773437499
-0.43115234375 -0.0639648437500001 -0.45904541015625 -0.099945068359375
-0.383544921875 0.00567626953125002 -0.28564453125 -0.0606689453125
-0.303375244140625 0.17242431640625 -0.11431884765625 -0.0774765014648437
-0.297210693359375 0.218658447265625 -0.097137451171875 -0.183807373046875
-0.1793212890625 0.311553955078125 -0.173675537109375 -0.319610595703125
-0.048187255859375 0.331695556640625 -0.290374755859375 -0.49273681640625
-0.027099609375 0.560028076171875 0.354461669921875 -0.06988525390625
-0.0712890625 0.519683837890625 0.328887939453125 -0.046112060546875
-0.301910400390625 0.487060546875 0.279983520507813 -0.063018798828125
-0.430389404296875 0.341033935546875 0.31427001953125 0.100738525390625
-0.536468505859375 0.14434814453125 0.226242065429687 0.157073974609375
-0.62957763671875 0.0678100585937499 0.0798339843749999 0.1983642578125
-0.61639404296875 0.00537109375000013 -0.098724365234375 0.147842407226563
-0.557037353515625 -0.12042236328125 -0.214889526367188 0.0479278564453125
-0.61651611328125 -0.0844726562500001 -0.342803955078125 -0.0338134765625
-0.5836181640625 -0.0177612304687501 -0.35040283203125 -0.087432861328125
-0.519317626953125 0.0923461914062501 -0.257217407226563 -0.0684356689453125
-0.391632080078125 0.3095703125 -0.143646240234375 -0.0658721923828125
-0.371185302734375 0.35919189453125 -0.171951293945313 -0.141647338867187
-0.200439453125 0.458160400390625 -0.21746826171875 -0.215042114257813
-0.037841796875 0.457061767578125 -0.3211669921875 -0.348236083984375
-0.0596923828125 0.5888671875 0.36669921875 0.1253662109375
-0.138092041015625 0.5382080078125 0.330963134765625 0.126434326171875
-0.3880615234375 0.4759521484375 0.2701416015625 0.023223876953125
-0.502685546875 0.3057861328125 0.30364990234375 0.1431884765625
-0.59051513671875 0.09063720703125 0.294830322265625 0.13934326171875
-0.684814453125 0.0111083984374999 0.234420776367187 0.151123046875
-0.66217041015625 -0.0321655273437501 0.122993469238281 0.110916137695313
-0.6048583984375 -0.12933349609375 0.02532958984375 0.0345993041992187
-0.67437744140625 -0.0610351562500001 -0.127273559570313 -0.0569229125976562
-0.63555908203125 0.05029296875 -0.20977783203125 -0.119140625
-0.55499267578125 0.186492919921875 -0.221084594726563 -0.10064697265625
-0.38824462890625 0.4150390625 -0.1741943359375 -0.047882080078125
-0.364410400390625 0.4591064453125 -0.234268188476563 -0.063720703125
-0.167388916015625 0.540374755859375 -0.23699951171875 -0.0687561035156249
-0.014556884765625 0.517120361328125 -0.338653564453125 -0.1607666015625
-0.0850524902343749 0.5224609375 0.352996826171875 0.316436767578125
-0.175201416015625 0.462432861328125 0.291961669921875 0.27850341796875
-0.39739990234375 0.37005615234375 0.22149658203125 0.104385375976563
-0.4722900390625 0.205841064453125 0.262466430664062 0.175735473632813
-0.5257568359375 0.0145263671874999 0.342010498046875 0.13787841796875
-0.6197509765625 -0.0508422851562501 0.385284423828125 0.13177490234375
-0.601318359375 -0.0636596679687501 0.350341796875 0.0892333984375
-0.559417724609375 -0.11773681640625 0.263458251953125 0.0144195556640625
-0.62518310546875 -0.0322875976562501 0.0853729248046875 -0.109466552734375
-0.57550048828125 0.09649658203125 -0.0737152099609375 -0.183792114257812
-0.486846923828125 0.228515625 -0.187973022460938 -0.148666381835937
-0.3173828125 0.427459716796875 -0.198089599609375 -0.0302276611328124
-0.2958984375 0.46612548828125 -0.264480590820313 0.0268096923828125
-0.10833740234375 0.52740478515625 -0.22723388671875 0.0893249511718751
0.00192260742187499 0.4970703125 -0.336334228515625 0.038848876953125
-0.091827392578125 0.378265380859375 0.32489013671875 0.466217041015625
-0.161041259765625 0.3236083984375 0.223785400390625 0.382843017578125
-0.31488037109375 0.223175048828125 0.148406982421875 0.15478515625
-0.3416748046875 0.102935791015625 0.202011108398438 0.181167602539063
-0.366058349609375 -0.03228759765625 0.35614013671875 0.14306640625
-0.450469970703125 -0.078948974609375 0.4923095703125 0.133087158203125
-0.44512939453125 -0.0723266601562501 0.541015625 0.082000732421875
-0.429534912109375 -0.0936584472656249 0.46282958984375 -0.01068115234375
-0.47772216796875 -0.0181579589843751 0.26165771484375 -0.169448852539063
-0.424713134765625 0.0921630859375 0.0348358154296875 -0.250946044921875
-0.3494873046875 0.194427490234375 -0.165145874023438 -0.19354248046875
-0.215545654296875 0.340972900390625 -0.216278076171875 -0.01861572265625
-0.199462890625 0.37127685546875 -0.271072387695313 0.101699829101563
-0.0556640625 0.41448974609375 -0.20037841796875 0.22369384765625
0.000946044921875006 0.394989013671875 -0.32135009765625 0.21234130859375
-0.07220458984375 0.183914184570313 0.299102783203125 0.560455322265625
-0.0930938720703125 0.167221069335937 0.164306640625 0.4267578125
-0.168167114257813 0.093780517578125 0.083465576171875 0.172744750976562
-0.163467407226563 0.0437164306640625 0.152145385742188 0.165176391601563
-0.171737670898438 -0.026519775390625 0.344879150390625 0.141082763671875
-0.233154296875 -0.0590362548828125 0.5472412109375 0.141265869140625
-0.228729248046875 -0.050537109375 0.66632080078125 0.07977294921875
-0.232376098632813 -0.05438232421875 0.6002197265625 -0.03662109375
-0.263427734375 -0.0172271728515626 0.378875732421875 -0.219146728515625
-0.223052978515625 0.044677734375 0.1048583984375 -0.300537109375
-0.181045532226563 0.102264404296875 -0.151336669921875 -0.222610473632813
-0.109786987304688 0.186630249023438 -0.233917236328125 -0.013214111328125
-0.104400634765625 0.202316284179688 -0.2696533203125 0.145645141601563
-0.0237274169921875 0.228240966796875 -0.1834716796875 0.315032958984375
-0.0171051025390625 0.225921630859375 -0.311767578125 0.33551025390625
-0.0295448303222656 0.0190753936767578 0.255950927734375 -0.38525390625
0.0195236206054688 -0.00211524963378906 0.19183349609375 -0.336822509765625
-0.00539255142211914 -0.00322914123535156 0.206558227539063 -0.152175903320313
-0.0222110748291016 0.00324440002441406 0.241683959960938 0.02435302734375
-0.0265598297119141 -0.00330162048339843 0.0976409912109375 0.22674560546875
-0.0101528167724609 -0.00107479095458984 -0.1448974609375 0.31640625
-0.0115289688110352 0.011744499206543 -0.4349365234375 0.223388671875
-0.00159883499145508 -0.000920653343200684 -0.620361328125 0.0443725585937499
0.00403022766113281 0.018157958984375 -0.6763916015625 -0.08917236328125
-0.00513696670532227 -0.00398445129394531 -0.54534912109375 -0.160797119140625
0.00508546829223633 0.00301647186279297 -0.3154296875 -0.077362060546875
0.0154876708984375 0.00885581970214844 -0.099334716796875 -0.0848617553710938
0.00804281234741211 2.86102294921875E-06 -0.0167236328125 -0.196990966796875
0.0180320739746094 -0.0131511688232422 -0.12548828125 -0.394805908203125
0.000863075256347656 -0.0136098861694336 -0.25482177734375 -0.60430908203125
-0.0101318359375 0.248733520507813 0.280914306640625 -0.345977783203125
0.0163726806640625 0.216873168945312 0.234588623046875 -0.296966552734375
-0.08856201171875 0.213775634765625 0.228240966796875 -0.15155029296875
-0.155609130859375 0.163925170898438 0.268951416015625 0.0399932861328125
-0.213272094726563 0.087799072265625 0.120025634765625 0.2139892578125
-0.24853515625 0.0606842041015625 -0.120697021484375 0.301422119140625
-0.258758544921875 0.032012939453125 -0.396881103515625 0.21826171875
-0.231185913085938 -0.0525970458984375 -0.56536865234375 0.0530395507812501
-0.246231079101563 -0.045684814453125 -0.63861083984375 -0.0659179687500001
-0.226593017578125 -0.0567779541015625 -0.5267333984375 -0.1302490234375
-0.194091796875 -0.02178955078125 -0.306488037109375 -0.065765380859375
-0.154815673828125 0.0689544677734375 -0.096343994140625 -0.0812454223632812
-0.1591796875 0.0929412841796875 -0.0389404296875 -0.195404052734375
-0.099853515625 0.147079467773438 -0.13677978515625 -0.376800537109375
-0.0332183837890625 0.1671142578125 -0.264892578125 -0.58209228515625
-0.00762939453124996 0.441192626953125 0.322967529296875 -0.2388916015625
-0.01300048828125 0.404266357421875 0.289459228515625 -0.19671630859375
-0.19024658203125 0.39105224609375 0.259490966796875 -0.122665405273437
-0.300445556640625 0.289581298828125 0.296844482421875 0.064453125
-0.39385986328125 0.14569091796875 0.163131713867187 0.187911987304688
-0.466888427734375 0.087005615234375 -0.0467071533203125 0.2579345703125
-0.472869873046875 0.03143310546875 -0.280364990234375 0.191329956054688
-0.426910400390625 -0.095001220703125 -0.42193603515625 0.0542602539062499
-0.4652099609375 -0.0819091796874999 -0.5245361328125 -0.04156494140625
-0.433685302734375 -0.063232421875 -0.461578369140625 -0.097869873046875
-0.3857421875 0.00756835937499994 -0.287933349609375 -0.0592041015625
-0.30352783203125 0.17529296875 -0.114120483398438 -0.0790557861328125
-0.29583740234375 0.220611572265625 -0.0973205566406251 -0.185089111328125
-0.17901611328125 0.312408447265625 -0.174652099609375 -0.320159912109375
-0.047393798828125 0.3328857421875 -0.295135498046875 -0.49462890625
-0.02587890625 0.560882568359375 0.354156494140625 -0.071929931640625
-0.0693359375 0.521484375 0.32952880859375 -0.047821044921875
-0.302642822265625 0.4913330078125 0.280136108398438 -0.0633544921875
-0.4317626953125 0.3443603515625 0.3145751953125 0.1004638671875
-0.53839111328125 0.147216796875 0.227676391601562 0.157257080078125
-0.62945556640625 0.0709228515625001 0.0796966552734375 0.19927978515625
-0.61907958984375 0.00762939453125012 -0.09881591796875 0.148727416992188
-0.5589599609375 -0.12017822265625 -0.2161865234375 0.04833984375
-0.6199951171875 -0.08233642578125 -0.3448486328125 -0.032623291015625
-0.5853271484375 -0.0161132812499999 -0.352203369140625 -0.086151123046875
-0.521270751953125 0.0937805175781249 -0.258621215820313 -0.0679473876953124
-0.38946533203125 0.3115234375 -0.143844604492188 -0.0664520263671875
-0.369964599609375 0.361968994140625 -0.172775268554688 -0.142501831054688
-0.1995849609375 0.46087646484375 -0.218124389648438 -0.213760375976562
-0.037017822265625 0.4583740234375 -0.3236083984375 -0.349578857421875
-0.0566406250000001 0.59161376953125 0.368438720703125 0.126434326171875
-0.1357421875 0.540771484375 0.334808349609375 0.124237060546875
-0.387786865234375 0.48028564453125 0.269699096679688 0.0226898193359375
-0.502410888671875 0.309417724609375 0.3050537109375 0.1431884765625
-0.5928955078125 0.09423828125 0.294952392578125 0.138519287109375
-0.68853759765625 0.013427734375 0.235794067382812 0.150375366210937
-0.66510009765625 -0.02886962890625 0.124000549316406 0.111251831054687
-0.60919189453125 -0.12811279296875 0.0256919860839843 0.0344810485839844
-0.678466796875 -0.0579833984374999 -0.12847900390625 -0.0560531616210938
-0.63885498046875 0.0535888671875 -0.211441040039063 -0.118316650390625
-0.55743408203125 0.18963623046875 -0.222488403320313 -0.1004638671875
-0.388580322265625 0.4169921875 -0.17449951171875 -0.0486297607421874
-0.36395263671875 0.462432861328125 -0.23443603515625 -0.062896728515625
-0.16473388671875 0.542144775390625 -0.238510131835938 -0.06842041015625
-0.013946533203125 0.51751708984375 -0.3404541015625 -0.160400390625
-0.08477783203125 0.5244140625 0.355804443359375 0.31689453125
-0.17510986328125 0.462005615234375 0.294677734375 0.279266357421875
-0.398712158203125 0.373687744140625 0.221588134765625 0.104873657226563
-0.472320556640625 0.208770751953125 0.2635498046875 0.17462158203125
-0.52850341796875 0.016754150390625 0.342437744140625 0.13690185546875
-0.6220703125 -0.0498046875 0.387420654296875 0.130523681640625
-0.60394287109375 -0.0614013671875 0.351959228515625 0.088836669921875
-0.56298828125 -0.11651611328125 0.264724731445312 0.0128326416015625
-0.6285400390625 -0.0317993164062499 0.0855178833007812 -0.10980224609375
-0.57891845703125 0.098876953125 -0.0746459960937501 -0.183013916015625
-0.489349365234375 0.23126220703125 -0.188339233398438 -0.147476196289062
-0.31646728515625 0.430908203125 -0.198745727539063 -0.0304107666015625
-0.292694091796875 0.4705810546875 -0.265426635742188 0.0280609130859375
-0.105804443359375 0.530792236328125 -0.226837158203125 0.0903320312500001
0.00448608398437501 0.49957275390625 -0.3375244140625 0.038726806640625
-0.090789794921875 0.378021240234375 0.32708740234375 0.467803955078125
-0.160888671875 0.3238525390625 0.22552490234375 0.383544921875
-0.31646728515625 0.2254638671875 0.148300170898437 0.155029296875
-0.342742919921875 0.105255126953125 0.20318603515625 0.18170166015625
-0.36798095703125 -0.0307922363281251 0.357147216796875 0.142425537109375
-0.452789306640625 -0.0776062011718749 0.49444580078125 0.13177490234375
-0.446868896484375 -0.0717163085937499 0.543670654296875 0.08038330078125
-0.430328369140625 -0.0920715332031249 0.465911865234375 -0.0128173828125
-0.481689453125 -0.016571044921875 0.262893676757812 -0.171478271484375
-0.427337646484375 0.0941467285156251 0.0345916748046875 -0.251190185546875
-0.35052490234375 0.19610595703125 -0.165054321289063 -0.192428588867188
-0.212890625 0.3416748046875 -0.216140747070312 -0.0185699462890624
-0.19879150390625 0.374298095703125 -0.271163940429688 0.102951049804688
-0.053955078125 0.41693115234375 -0.19989013671875 0.225921630859375
0.00387573242187497 0.395263671875 -0.321685791015625 0.21405029296875
-0.072967529296875 0.185012817382813 0.302520751953125 0.56011962890625
-0.093719482421875 0.168136596679688 0.165985107421875 0.427032470703125
-0.168777465820313 0.0936279296875 0.0832977294921875 0.173507690429688
-0.16302490234375 0.0444183349609375 0.153274536132813 0.164993286132812
-0.171371459960938 -0.0255279541015625 0.34564208984375 0.139923095703125
-0.233779907226563 -0.058441162109375 0.550506591796875 0.140533447265625
-0.229446411132813 -0.0505828857421875 0.66851806640625 0.0780029296875
-0.2337646484375 -0.053009033203125 0.60321044921875 -0.038818359375
-0.26470947265625 -0.0161590576171876 0.378936767578125 -0.2220458984375
-0.2239990234375 0.046142578125 0.1044921875 -0.30194091796875
-0.18145751953125 0.102920532226562 -0.15277099609375 -0.222686767578125
-0.109359741210938 0.18792724609375 -0.233856201171875 -0.0133819580078125
-0.103515625 0.204605102539063 -0.270004272460938 0.146804809570313
-0.02215576171875 0.22943115234375 -0.18194580078125 0.315460205078125
-0.0156097412109375 0.227081298828125 -0.310882568359375 0.33599853515625
-0.0297870635986328 0.0200119018554688 0.25494384765625 -0.387908935546875
0.0197334289550781 -0.00224494934082031 0.19140625 -0.3394775390625
-0.00578212738037109 -0.00383710861206055 0.206283569335938 -0.154342651367188
-0.0219974517822266 0.00358772277832031 0.242843627929688 0.0226898193359375
-0.0268974304199219 -0.00274085998535156 0.0994110107421875 0.227951049804687
-0.00983905792236328 -0.00117206573486328 -0.1448974609375 0.318328857421875
-0.0115756988525391 0.0127220153808594 -0.43621826171875 0.22491455078125
-0.00116908550262451 -0.00151908397674561 -0.62396240234375 0.0472412109375
0.00450515747070312 0.0185222625732422 -0.6806640625 -0.08563232421875
-0.00491142272949219 -0.00423049926757813 -0.5494384765625 -0.1591796875
0.00468921661376953 0.00338411331176758 -0.316497802734375 -0.075958251953125
0.0159912109375 0.00813388824462891 -0.099273681640625 -0.0849151611328125
0.00786924362182617 -0.0002288818359375 -0.016754150390625 -0.197677612304688
0.0174932479858398 -0.0132465362548828 -0.128570556640625 -0.39703369140625
0.000517845153808593 -0.0129737854003906 -0.25933837890625 -0.606201171875
-0.00900268554687501 0.249908447265625 0.28076171875 -0.3487548828125
0.0169677734375 0.21746826171875 0.23345947265625 -0.297637939453125
-0.0879364013671875 0.214935302734375 0.228240966796875 -0.153732299804688
-0.155746459960938 0.166091918945313 0.269760131835937 0.03936767578125
-0.21429443359375 0.0904998779296874 0.120635986328125 0.214706420898437
-0.249282836914063 0.061859130859375 -0.12103271484375 0.303375244140625
-0.2598876953125 0.033843994140625 -0.396820068359375 0.22247314453125
-0.232940673828125 -0.05194091796875 -0.568115234375 0.0538940429687501
-0.247802734375 -0.0453186035156251 -0.64215087890625 -0.06341552734375
-0.228118896484375 -0.0560150146484375 -0.528961181640625 -0.128143310546875
-0.195510864257813 -0.0218505859375 -0.306488037109375 -0.0645751953125001
-0.155197143554687 0.0688629150390625 -0.0966796875 -0.0830078125
-0.159500122070312 0.0933074951171875 -0.0391082763671875 -0.197097778320313
-0.0999603271484375 0.147598266601563 -0.1380615234375 -0.37713623046875
-0.0336456298828125 0.1690673828125 -0.2686767578125 -0.58441162109375
-0.00537109375 0.44464111328125 0.32257080078125 -0.240386962890625
-0.01025390625 0.405975341796875 0.28839111328125 -0.199554443359375
-0.19110107421875 0.39508056640625 0.25811767578125 -0.124359130859375
-0.299774169921875 0.293212890625 0.298004150390625 0.063262939453125
-0.39617919921875 0.14892578125 0.163803100585937 0.187881469726563
-0.469573974609375 0.090972900390625 -0.0458831787109376 0.259414672851563
-0.47479248046875 0.033905029296875 -0.2813720703125 0.192901611328125
-0.429473876953125 -0.094512939453125 -0.425079345703125 0.05657958984375
-0.469146728515625 -0.080780029296875 -0.527008056640625 -0.0394287109375
-0.436309814453125 -0.06280517578125 -0.4666748046875 -0.094268798828125
-0.385894775390625 0.00836181640625004 -0.288421630859375 -0.058013916015625
-0.30419921875 0.1754150390625 -0.114715576171875 -0.0794219970703125
-0.297393798828125 0.22247314453125 -0.0981445312500001 -0.185791015625
-0.1778564453125 0.316070556640625 -0.1778564453125 -0.321533203125
-0.047271728515625 0.3343505859375 -0.29925537109375 -0.495635986328125
-0.022705078125 0.5643310546875 0.35565185546875 -0.072479248046875
-0.06829833984375 0.522705078125 0.330413818359375 -0.048919677734375
-0.30169677734375 0.495697021484375 0.279632568359375 -0.06396484375
-0.432281494140625 0.34930419921875 0.316253662109375 0.099212646484375
-0.540435791015625 0.15216064453125 0.229537963867187 0.157058715820313
-0.6319580078125 0.0725708007812501 0.0805664062499999 0.198699951171875
-0.622802734375 0.0111083984375 -0.0985717773437501 0.150238037109375
-0.5631103515625 -0.11944580078125 -0.216049194335938 0.049957275390625
-0.6239013671875 -0.0800170898437501 -0.346710205078125 -0.030303955078125
-0.58966064453125 -0.01446533203125 -0.35516357421875 -0.0836181640625
-0.523345947265625 0.096588134765625 -0.25958251953125 -0.0664215087890625
-0.389984130859375 0.315948486328125 -0.1448974609375 -0.0675811767578125
-0.3709716796875 0.366546630859375 -0.17315673828125 -0.141998291015625
-0.198638916015625 0.464385986328125 -0.219772338867188 -0.2147216796875
-0.035858154296875 0.460357666015625 -0.32598876953125 -0.3494873046875
-0.0532226562500001 0.594970703125 0.37005615234375 0.125396728515625
-0.133941650390625 0.54339599609375 0.337066650390625 0.124908447265625
-0.387939453125 0.486053466796875 0.270187377929688 0.0227813720703125
-0.504302978515625 0.313934326171875 0.3065185546875 0.14208984375
-0.59613037109375 0.0957031249999999 0.297149658203125 0.13824462890625
-0.6917724609375 0.0162963867187501 0.2374267578125 0.149337768554688
-0.66796875 -0.0257568359375001 0.124679565429687 0.111190795898438
-0.61181640625 -0.12640380859375 0.0263309478759765 0.0350475311279297
-0.68450927734375 -0.0543823242187501 -0.129661560058594 -0.0557403564453125
-0.6434326171875 0.0565795898437499 -0.212783813476563 -0.116607666015625
-0.559234619140625 0.1922607421875 -0.222763061523438 -0.099395751953125
-0.3878173828125 0.42083740234375 -0.175003051757813 -0.04937744140625
-0.364013671875 0.466522216796875 -0.235321044921875 -0.0617218017578125
-0.163238525390625 0.54754638671875 -0.239639282226562 -0.0680389404296875
-0.011260986328125 0.520782470703125 -0.343994140625 -0.160919189453125
-0.0816650390625 0.528106689453125 0.35870361328125 0.315093994140625
-0.174072265625 0.464691162109375 0.296630859375 0.279998779296875
-0.398834228515625 0.3782958984375 0.221511840820312 0.104888916015625
-0.475128173828125 0.21148681640625 0.265274047851562 0.174514770507813
-0.53057861328125 0.0197753906250001 0.345184326171875 0.135772705078125
-0.62554931640625 -0.045654296875 0.3887939453125 0.127532958984375
-0.60589599609375 -0.0588989257812501 0.354766845703125 0.087554931640625
-0.56768798828125 -0.11651611328125 0.265945434570312 0.011810302734375
-0.63348388671875 -0.02777099609375 0.0853805541992187 -0.110122680664063
-0.5816650390625 0.1026611328125 -0.0757751464843751 -0.18292236328125
-0.49188232421875 0.23388671875 -0.189987182617188 -0.147964477539063
-0.315032958984375 0.434234619140625 -0.199295043945313 -0.030975341796875
-0.29266357421875 0.474395751953125 -0.266036987304688 0.0298614501953126
-0.102783203125 0.53369140625 -0.227691650390625 0.0911712646484375
0.00689697265624997 0.50115966796875 -0.338409423828125 0.03973388671875
-0.088714599609375 0.38134765625 0.330657958984375 0.467864990234375
-0.1597900390625 0.32598876953125 0.229827880859375 0.384307861328125
-0.3162841796875 0.228546142578125 0.14764404296875 0.1553955078125
-0.3438720703125 0.105987548828125 0.20440673828125 0.181594848632813
-0.369873046875 -0.028533935546875 0.358001708984375 0.1417236328125
-0.454559326171875 -0.0770263671875 0.4971923828125 0.129730224609375
-0.448272705078125 -0.0697021484375 0.5477294921875 0.079132080078125
-0.43402099609375 -0.09075927734375 0.468780517578125 -0.014404296875
-0.48492431640625 -0.0151367187500001 0.26312255859375 -0.172286987304688
-0.4296875 0.0969543457031251 0.0337066650390625 -0.251251220703125
-0.352203369140625 0.199310302734375 -0.166366577148438 -0.1923828125
-0.211761474609375 0.345703125 -0.216827392578125 -0.0185089111328125
-0.197784423828125 0.377044677734375 -0.271942138671875 0.10577392578125
-0.051910400390625 0.4193115234375 -0.199188232421875 0.227981567382813
0.00491333007812499 0.397247314453125 -0.321563720703125 0.21514892578125
-0.0719146728515625 0.185623168945313 0.306549072265625 0.56170654296875
-0.093170166015625 0.168624877929687 0.169158935546875 0.42816162109375
-0.169586181640625 0.095062255859375 0.083404541015625 0.173690795898438
-0.163818359375 0.04541015625 0.154769897460938 0.165512084960938
-0.171463012695312 -0.0248260498046875 0.347259521484375 0.1395263671875
-0.235382080078125 -0.05792236328125 0.555023193359375 0.13702392578125
-0.231216430664063 -0.049560546875 0.6734619140625 0.07452392578125
-0.235275268554688 -0.0524444580078125 0.60546875 -0.04229736328125
-0.266586303710938 -0.0149078369140625 0.380950927734375 -0.225372314453125
-0.225067138671875 0.047576904296875 0.10443115234375 -0.3026123046875
-0.182403564453125 0.104080200195312 -0.153167724609375 -0.222885131835938
-0.108612060546875 0.189666748046875 -0.234542846679688 -0.01312255859375
-0.103668212890625 0.206680297851563 -0.270416259765625 0.14971923828125
-0.0214080810546875 0.23065185546875 -0.179443359375 0.318939208984375
-0.01416015625 0.228378295898438 -0.310394287109375 0.33905029296875
-0.0300006866455078 0.0204105377197266 0.253662109375 -0.3902587890625
0.0194015502929688 -0.00293540954589844 0.18896484375 -0.341522216796875
-0.00633668899536133 -0.00443315505981445 0.206161499023437 -0.157302856445312
-0.0220241546630859 0.00408554077148438 0.243255615234375 0.0209197998046875
-0.0266056060791016 -0.00203132629394531 0.102096557617188 0.22796630859375
-0.0102996826171875 -0.00214862823486328 -0.143707275390625 0.3216552734375
-0.0110635757446289 0.0116729736328125 -0.439117431640625 0.229766845703125
-0.00150120258331299 -0.00208163261413574 -0.62811279296875 0.0524291992187501
0.00447654724121094 0.0175113677978516 -0.68511962890625 -0.0821533203124998
-0.0057525634765625 -0.00437068939208984 -0.55560302734375 -0.15716552734375
0.00447702407836914 0.00192499160766602 -0.31915283203125 -0.0752868652343751
0.0141334533691406 0.00699234008789063 -0.0995330810546875 -0.0859603881835938
0.00815296173095703 -0.000216007232666016 -0.018310546875 -0.199844360351563
0.0174322128295898 -0.013209342956543 -0.12969970703125 -0.39788818359375
0.00118350982666016 -0.0129508972167969 -0.26470947265625 -0.60699462890625
-0.00720214843750001 0.2518310546875 0.279541015625 -0.352264404296875
0.017578125 0.217559814453125 0.2332763671875 -0.301788330078125
-0.087188720703125 0.2176513671875 0.228607177734375 -0.156021118164063
-0.15545654296875 0.169219970703125 0.270736694335938 0.0371856689453125
-0.215240478515625 0.09185791015625 0.122634887695312 0.215713500976563
-0.250198364257813 0.0634918212890625 -0.119842529296875 0.3055419921875
-0.260238647460938 0.034027099609375 -0.397674560546875 0.22509765625
-0.233993530273438 -0.0517578125 -0.57244873046875 0.0574951171875001
-0.249038696289063 -0.044097900390625 -0.646728515625 -0.060546875
-0.229751586914062 -0.0554046630859375 -0.534637451171875 -0.125701904296875
-0.196029663085937 -0.0207672119140625 -0.309234619140625 -0.063507080078125
-0.155868530273438 0.070220947265625 -0.0965499877929688 -0.0832748413085937
-0.159286499023438 0.0950775146484375 -0.0405731201171875 -0.197921752929688
-0.09893798828125 0.150009155273438 -0.141387939453125 -0.378875732421875
-0.0330810546875 0.170135498046875 -0.272705078125 -0.585693359375
-0.00296020507812504 0.445404052734375 0.3221435546875 -0.244049072265625
-0.00741577148437496 0.4083251953125 0.289520263671875 -0.202789306640625
-0.18792724609375 0.400299072265625 0.258636474609375 -0.126312255859375
-0.2996826171875 0.297637939453125 0.299072265625 0.0616455078125
-0.399658203125 0.151458740234375 0.166336059570312 0.187896728515625
-0.4725341796875 0.0948791503906249 -0.0457000732421875 0.2601318359375
-0.476715087890625 0.036102294921875 -0.283172607421875 0.196441650390625
-0.43365478515625 -0.0924072265624999 -0.428253173828125 0.0594177246093749
-0.47381591796875 -0.07757568359375 -0.531158447265625 -0.0361022949218749
-0.440582275390625 -0.059814453125 -0.47015380859375 -0.092559814453125
-0.388641357421875 0.0105895996093749 -0.289703369140625 -0.0562744140625
-0.302490234375 0.1783447265625 -0.114852905273438 -0.080780029296875
-0.29656982421875 0.224884033203125 -0.0993194580078125 -0.186874389648438
-0.17718505859375 0.319366455078125 -0.17987060546875 -0.32275390625
-0.045501708984375 0.337646484375 -0.303985595703125 -0.496856689453125
-0.01971435546875 0.56707763671875 0.357574462890625 -0.07476806640625
-0.0640258789062499 0.52545166015625 0.332489013671875 -0.051544189453125
-0.3009033203125 0.502044677734375 0.280258178710938 -0.064178466796875
-0.43255615234375 0.354583740234375 0.31756591796875 0.097412109375
-0.543212890625 0.15594482421875 0.230010986328125 0.156845092773438
-0.63543701171875 0.0764770507812499 0.0824432373046875 0.198379516601563
-0.62518310546875 0.0165405273437501 -0.0992431640625 0.151473999023438
-0.5673828125 -0.11627197265625 -0.218109130859375 0.05157470703125
-0.6287841796875 -0.0776977539062499 -0.349822998046875 -0.027740478515625
-0.59320068359375 -0.0108642578125 -0.3577880859375 -0.0812683105468751
-0.525665283203125 0.0993041992187501 -0.260955810546875 -0.0653228759765625
-0.389373779296875 0.318634033203125 -0.14544677734375 -0.068695068359375
-0.369384765625 0.3695068359375 -0.174545288085938 -0.141952514648438
-0.1961669921875 0.466888427734375 -0.222625732421875 -0.214996337890625
-0.033660888671875 0.462127685546875 -0.329803466796875 -0.35052490234375
-0.050048828125 0.59765625 0.372955322265625 0.123931884765625
-0.13116455078125 0.54486083984375 0.340362548828125 0.1236572265625
-0.387359619140625 0.490509033203125 0.270721435546875 0.0225372314453125
-0.505645751953125 0.31884765625 0.309417724609375 0.14141845703125
-0.59820556640625 0.1014404296875 0.299224853515625 0.136505126953125
-0.69696044921875 0.0204467773437501 0.239517211914062 0.14794921875
-0.6729736328125 -0.0228271484374999 0.1265869140625 0.111541748046875
-0.61602783203125 -0.12469482421875 0.0265331268310546 0.0349578857421875
-0.68939208984375 -0.05078125 -0.130821228027344 -0.0542755126953125
-0.646728515625 0.05902099609375 -0.215682983398438 -0.115203857421875
-0.56207275390625 0.196502685546875 -0.224563598632813 -0.0980682373046875
-0.38763427734375 0.4259033203125 -0.1766357421875 -0.049407958984375
-0.363067626953125 0.472900390625 -0.237045288085938 -0.060638427734375
-0.160797119140625 0.552490234375 -0.24066162109375 -0.06756591796875
-0.00924682617187498 0.523468017578125 -0.3465576171875 -0.16021728515625
-0.0785522460937501 0.5299072265625 0.362701416015625 0.31658935546875
-0.1710205078125 0.46771240234375 0.298858642578125 0.27984619140625
-0.399749755859375 0.3837890625 0.222091674804687 0.1043701171875
-0.47589111328125 0.215728759765625 0.267120361328125 0.1748046875
-0.53369140625 0.021942138671875 0.34698486328125 0.135040283203125
-0.62921142578125 -0.0424804687500001 0.392608642578125 0.127044677734375
-0.6097412109375 -0.0564575195312499 0.357208251953125 0.08721923828125
-0.5716552734375 -0.113525390625 0.268035888671875 0.0105743408203125
-0.63812255859375 -0.0240478515625 0.0851058959960937 -0.110763549804688
-0.58538818359375 0.10638427734375 -0.0774841308593751 -0.182647705078125
-0.493438720703125 0.2398681640625 -0.191146850585938 -0.147109985351563
-0.3145751953125 0.438262939453125 -0.200424194335938 -0.03070068359375
-0.29119873046875 0.48077392578125 -0.267333984375 0.0319366455078125
-0.09893798828125 0.537841796875 -0.227447509765625 0.0929870605468751
0.00921630859374995 0.50421142578125 -0.340301513671875 0.041107177734375
-0.088043212890625 0.383056640625 0.334197998046875 0.469268798828125
-0.1588134765625 0.327301025390625 0.232025146484375 0.385589599609375
-0.31768798828125 0.231781005859375 0.148300170898437 0.155776977539063
-0.343963623046875 0.108795166015625 0.206771850585938 0.181869506835938
-0.371673583984375 -0.0274658203125 0.3612060546875 0.139434814453125
-0.459503173828125 -0.07373046875 0.50128173828125 0.12701416015625
-0.451751708984375 -0.066986083984375 0.551239013671875 0.07666015625
-0.4361572265625 -0.0896301269531249 0.472076416015625 -0.01690673828125
-0.488311767578125 -0.012664794921875 0.264984130859375 -0.174514770507813
-0.432159423828125 0.10028076171875 0.033477783203125 -0.252548217773438
-0.352691650390625 0.203155517578125 -0.167633056640625 -0.1925048828125
-0.21209716796875 0.348968505859375 -0.218460083007813 -0.0179595947265625
-0.198272705078125 0.381072998046875 -0.272491455078125 0.107040405273438
-0.051605224609375 0.423065185546875 -0.19757080078125 0.229339599609375
0.00799560546875002 0.399444580078125 -0.32257080078125 0.217376708984375
-0.0712738037109375 0.186721801757813 0.3101806640625 0.56390380859375
-0.0931549072265625 0.169189453125 0.17138671875 0.430694580078125
-0.170364379882812 0.0969696044921875 0.08306884765625 0.174423217773438
-0.164093017578125 0.0457763671875 0.156097412109375 0.166549682617188
-0.172454833984375 -0.023773193359375 0.350433349609375 0.137908935546875
-0.237045288085938 -0.0562744140625 0.557952880859375 0.13360595703125
-0.23126220703125 -0.0494232177734375 0.6783447265625 0.0718994140625
-0.23638916015625 -0.05133056640625 0.60919189453125 -0.04571533203125
-0.268341064453125 -0.0133361816406251 0.383697509765625 -0.227508544921875
-0.2274169921875 0.048614501953125 0.104156494140625 -0.30401611328125
-0.182891845703125 0.106277465820313 -0.154449462890625 -0.223297119140625
-0.107757568359375 0.190444946289063 -0.23583984375 -0.01312255859375
-0.103317260742187 0.209381103515625 -0.27166748046875 0.15277099609375
-0.0198211669921875 0.233001708984375 -0.1778564453125 0.320831298828125
-0.0122833251953125 0.229339599609375 -0.3096923828125 0.3406982421875
-0.0296974182128906 0.0224418640136719 0.250091552734375 -0.393341064453125
0.019500732421875 -0.00356101989746094 0.187225341796875 -0.3466796875
-0.00620079040527344 -0.00420236587524414 0.205245971679688 -0.158294677734375
-0.0219764709472656 0.00400733947753907 0.24481201171875 0.019500732421875
-0.0274982452392578 -0.00220870971679687 0.103652954101563 0.228439331054687
-0.00939559936523438 -0.00230503082275391 -0.14306640625 0.3245849609375
-0.0122213363647461 0.0113105773925781 -0.441436767578125 0.23480224609375
-0.00116991996765137 -0.0025639533996582 -0.63262939453125 0.05767822265625
0.00543880462646484 0.0175304412841797 -0.69085693359375 -0.0776367187499999
-0.00546360015869141 -0.00365638732910156 -0.559906005859375 -0.152740478515625
0.00408673286437988 0.00200510025024414 -0.32220458984375 -0.072540283203125
0.0151777267456055 0.00627708435058594 -0.100296020507813 -0.0862579345703125
0.00798416137695313 -7.58171081542969E-05 -0.0183563232421875 -0.201324462890625
0.0172338485717773 -0.0137166976928711 -0.133544921875 -0.4005126953125
0.00065135955810547 -0.0120677947998047 -0.2708740234375 -0.60968017578125
-0.00508117675781248 0.254364013671875 0.27838134765625 -0.35577392578125
0.019500732421875 0.219253540039063 0.2325439453125 -0.306121826171875
-0.086395263671875 0.220321655273438 0.228103637695313 -0.158401489257813
-0.155975341796875 0.171234130859375 0.27252197265625 0.0349884033203125
-0.2159423828125 0.0942535400390625 0.125411987304688 0.215347290039063
-0.250503540039063 0.064697265625 -0.11944580078125 0.3082275390625
-0.262603759765625 0.0357666015625 -0.401153564453125 0.229583740234375
-0.237533569335938 -0.0499114990234375 -0.5750732421875 0.0627441406250001
-0.252227783203125 -0.0424957275390625 -0.65118408203125 -0.0545654296875
-0.232101440429688 -0.054290771484375 -0.541015625 -0.119842529296875
-0.197830200195313 -0.020721435546875 -0.311370849609375 -0.0623474121093751
-0.155426025390625 0.0707244873046875 -0.097686767578125 -0.0837249755859375
-0.158950805664063 0.0965728759765625 -0.0405731201171875 -0.199295043945313
-0.100189208984375 0.151992797851562 -0.14508056640625 -0.380401611328125
-0.0326690673828125 0.172332763671875 -0.280029296875 -0.58746337890625
0.00131225585937496 0.44952392578125 0.321685791015625 -0.2459716796875
-0.00561523437499997 0.40960693359375 0.289825439453125 -0.206512451171875
-0.1883544921875 0.40557861328125 0.258956909179687 -0.12860107421875
-0.30029296875 0.303131103515625 0.301910400390625 0.059844970703125
-0.400970458984375 0.15484619140625 0.167953491210937 0.188705444335938
-0.47430419921875 0.09735107421875 -0.043243408203125 0.262939453125
-0.480987548828125 0.04052734375 -0.284088134765625 0.199798583984375
-0.43841552734375 -0.090484619140625 -0.429473876953125 0.0633544921874999
-0.47857666015625 -0.0744628906249999 -0.53564453125 -0.0306701660156249
-0.444580078125 -0.0582275390625001 -0.475555419921875 -0.0895690917968751
-0.38983154296875 0.012359619140625 -0.29327392578125 -0.0539550781249999
-0.303802490234375 0.18121337890625 -0.116424560546875 -0.08111572265625
-0.295806884765625 0.228179931640625 -0.100662231445312 -0.187667846679687
-0.17584228515625 0.323028564453125 -0.18365478515625 -0.3240966796875
-0.044769287109375 0.34051513671875 -0.3101806640625 -0.498687744140625
-0.013916015625 0.5716552734375 0.357879638671875 -0.07666015625
-0.061187744140625 0.53009033203125 0.334716796875 -0.054534912109375
-0.298980712890625 0.508819580078125 0.280609130859375 -0.0664825439453125
-0.431976318359375 0.36090087890625 0.321319580078125 0.095458984375
-0.54669189453125 0.16131591796875 0.233413696289062 0.155807495117188
-0.64019775390625 0.081787109375 0.0843658447265624 0.199111938476563
-0.6302490234375 0.0183715820312501 -0.098846435546875 0.153457641601563
-0.57281494140625 -0.11407470703125 -0.219711303710938 0.053375244140625
-0.63555908203125 -0.0726928710937499 -0.35296630859375 -0.0243530273437501
-0.59771728515625 -0.00628662109375003 -0.362518310546875 -0.078948974609375
-0.529571533203125 0.10394287109375 -0.263137817382813 -0.063385009765625
-0.388824462890625 0.32391357421875 -0.147994995117188 -0.069915771484375
-0.369415283203125 0.3756103515625 -0.177154541015625 -0.140533447265625
-0.193756103515625 0.47021484375 -0.225372314453125 -0.214126586914063
-0.031707763671875 0.4654541015625 -0.33770751953125 -0.3504638671875
-0.04425048828125 0.601806640625 0.375946044921875 0.12286376953125
-0.128631591796875 0.54779052734375 0.34246826171875 0.121856689453125
-0.3865966796875 0.4989013671875 0.271102905273438 0.021331787109375
-0.50714111328125 0.325775146484375 0.311004638671875 0.140350341796875
-0.603271484375 0.106201171875 0.301727294921875 0.135955810546875
-0.700439453125 0.0269165039062501 0.241867065429687 0.146530151367188
-0.67822265625 -0.0186767578125001 0.128036499023437 0.111083984375
-0.62310791015625 -0.1209716796875 0.0265693664550781 0.0350971221923828
-0.69512939453125 -0.04669189453125 -0.13226318359375 -0.0537185668945312
-0.65234375 0.0651855468749999 -0.218963623046875 -0.113784790039063
-0.5654296875 0.20257568359375 -0.225662231445313 -0.0972442626953125
-0.384796142578125 0.430816650390625 -0.177383422851563 -0.0492401123046875
-0.359619140625 0.480010986328125 -0.238235473632813 -0.0591888427734375
-0.157562255859375 0.558319091796875 -0.243057250976563 -0.065093994140625
-0.00561523437500004 0.52740478515625 -0.350250244140625 -0.15936279296875
-0.07470703125 0.53497314453125 0.3668212890625 0.316314697265625
-0.169189453125 0.470123291015625 0.304931640625 0.27972412109375
-0.399078369140625 0.390594482421875 0.222457885742187 0.104202270507813
-0.47650146484375 0.220550537109375 0.270294189453125 0.174468994140625
-0.5369873046875 0.027008056640625 0.3507080078125 0.134033203125
-0.63433837890625 -0.0383300781250001 0.39556884765625 0.122589111328125
-0.6153564453125 -0.05340576171875 0.360595703125 0.0849609375
-0.5772705078125 -0.11016845703125 0.269760131835937 0.00860595703124999
-0.64434814453125 -0.0195922851562499 0.0854110717773437 -0.111259460449219
-0.58837890625 0.11004638671875 -0.0789184570312501 -0.181991577148438
-0.495391845703125 0.24359130859375 -0.192886352539063 -0.146621704101562
-0.313201904296875 0.4439697265625 -0.20184326171875 -0.0306549072265625
-0.29022216796875 0.486907958984375 -0.269012451171875 0.034637451171875
-0.09747314453125 0.54296875 -0.228103637695313 0.095428466796875
0.012908935546875 0.50616455078125 -0.342315673828125 0.043548583984375
-0.083953857421875 0.3865966796875 0.3409423828125 0.470550537109375
-0.158355712890625 0.330352783203125 0.237518310546875 0.38641357421875
-0.319549560546875 0.2353515625 0.147689819335937 0.156570434570313
-0.345947265625 0.112396240234375 0.208786010742187 0.181793212890625
-0.3741455078125 -0.024200439453125 0.363983154296875 0.13714599609375
-0.46185302734375 -0.07135009765625 0.506317138671875 0.123748779296875
-0.453277587890625 -0.064849853515625 0.555389404296875 0.073394775390625
-0.441070556640625 -0.0861511230468751 0.474273681640625 -0.021453857421875
-0.492767333984375 -0.00695800781249992 0.264633178710937 -0.177276611328125
-0.43634033203125 0.102752685546875 0.0316162109375 -0.2540283203125
-0.3538818359375 0.20654296875 -0.169281005859375 -0.19232177734375
-0.21026611328125 0.35321044921875 -0.219192504882813 -0.0174102783203125
-0.196044921875 0.386566162109375 -0.273712158203125 0.111282348632813
-0.048126220703125 0.426483154296875 -0.19696044921875 0.23236083984375
0.0107421875 0.40203857421875 -0.32366943359375 0.219390869140625
-0.0706939697265625 0.189498901367187 0.31622314453125 0.565673828125
-0.0930023193359375 0.170913696289062 0.175628662109375 0.432220458984375
-0.171737670898438 0.09765625 0.084136962890625 0.175216674804688
-0.1636962890625 0.0480194091796875 0.158905029296875 0.166030883789063
-0.172470092773437 -0.0220184326171875 0.35400390625 0.135498046875
-0.238525390625 -0.055328369140625 0.5623779296875 0.1314697265625
-0.233291625976562 -0.0478057861328125 0.68365478515625 0.068115234375
-0.237701416015625 -0.0494537353515625 0.61376953125 -0.05108642578125
-0.2711181640625 -0.0113830566406251 0.384613037109375 -0.232208251953125
-0.22760009765625 0.0497283935546875 0.1041259765625 -0.30694580078125
-0.18389892578125 0.107635498046875 -0.156600952148438 -0.22357177734375
-0.10723876953125 0.193572998046875 -0.236434936523437 -0.0114593505859375
-0.102142333984375 0.212203979492188 -0.271957397460937 0.155517578125
-0.018402099609375 0.2347412109375 -0.17626953125 0.32354736328125
-0.0103759765625 0.230178833007813 -0.3096923828125 0.3443603515625
-0.0299644470214844 0.0221652984619141 0.248077392578125 -0.398040771484375
0.0195140838623047 -0.0038299560546875 0.185943603515625 -0.350250244140625
-0.00644588470458984 -0.00385856628417969 0.206161499023437 -0.162796020507812
-0.0222301483154297 0.00477218627929687 0.245361328125 0.0166168212890625
-0.0269699096679688 -0.00207138061523438 0.10687255859375 0.22894287109375
-0.00936031341552735 -0.00237846374511719 -0.14068603515625 0.3280029296875
-0.0103254318237305 0.0118684768676758 -0.444122314453125 0.240631103515625
-0.00181674957275391 -0.00246047973632813 -0.63677978515625 0.06494140625
0.00552749633789062 0.0176315307617188 -0.6962890625 -0.0709228515625
-0.00586557388305664 -0.00486660003662109 -0.56573486328125 -0.14794921875
0.00477313995361328 0.00199985504150391 -0.32403564453125 -0.071502685546875
0.0164299011230469 0.00612545013427734 -0.101303100585938 -0.086944580078125
0.00856924057006836 -0.00119161605834961 -0.0198822021484375 -0.202667236328125
0.0172147750854492 -0.0131607055664063 -0.137725830078125 -0.402801513671875
-7.62939453125053E-06 -0.0121612548828125 -0.27734375 -0.61090087890625
-0.0025482177734375 0.25628662109375 0.276947021484375 -0.360015869140625
0.0223846435546875 0.220138549804688 0.230712890625 -0.3101806640625
-0.08453369140625 0.223342895507812 0.227890014648438 -0.161956787109375
-0.155563354492188 0.174224853515625 0.274581909179688 0.03302001953125
-0.21746826171875 0.0975799560546875 0.127777099609375 0.215728759765625
-0.251266479492188 0.067474365234375 -0.11712646484375 0.31158447265625
-0.263671875 0.0385589599609375 -0.40350341796875 0.234130859375
-0.239501953125 -0.04931640625 -0.579345703125 0.0709228515625
-0.25469970703125 -0.0395660400390625 -0.65802001953125 -0.0498046875000001
-0.234634399414063 -0.052734375 -0.546417236328125 -0.118408203125
-0.199691772460937 -0.0196990966796875 -0.313232421875 -0.059478759765625
-0.155242919921875 0.0721588134765625 -0.0989761352539063 -0.0846710205078125
-0.158966064453125 0.098175048828125 -0.0425262451171875 -0.201019287109375
-0.0991973876953125 0.153762817382813 -0.14984130859375 -0.382080078125
-0.03155517578125 0.174667358398438 -0.2874755859375 -0.58929443359375
0.00595092773437503 0.452392578125 0.321044921875 -0.25067138671875
0.000915527343749993 0.411468505859375 0.290435791015625 -0.210235595703125
-0.185394287109375 0.410736083984375 0.258346557617188 -0.131332397460937
-0.2994384765625 0.30731201171875 0.3048095703125 0.057098388671875
-0.40399169921875 0.16192626953125 0.171661376953125 0.18768310546875
-0.476287841796875 0.100921630859375 -0.0416259765625 0.263748168945313
-0.483062744140625 0.04437255859375 -0.284210205078125 0.203155517578125
-0.442291259765625 -0.08740234375 -0.43255615234375 0.0677490234374999
-0.48297119140625 -0.0714416503906251 -0.539520263671875 -0.026885986328125
-0.44671630859375 -0.0548095703124999 -0.48089599609375 -0.084320068359375
-0.393829345703125 0.015899658203125 -0.2938232421875 -0.0525207519531251
-0.3028564453125 0.18389892578125 -0.11749267578125 -0.0811920166015625
-0.295562744140625 0.2332763671875 -0.10302734375 -0.187850952148437
-0.17401123046875 0.326385498046875 -0.18597412109375 -0.323974609375
-0.042755126953125 0.34307861328125 -0.317291259765625 -0.498321533203125
-0.00872802734375003 0.57562255859375 0.35992431640625 -0.08056640625
-0.0562744140625 0.531768798828125 0.337432861328125 -0.05804443359375
-0.296112060546875 0.516143798828125 0.280303955078125 -0.06927490234375
-0.432525634765625 0.368408203125 0.32427978515625 0.0931396484375
-0.550140380859375 0.16790771484375 0.236541748046875 0.15570068359375
-0.64398193359375 0.0875244140625 0.0864715576171874 0.197982788085938
-0.6353759765625 0.0247192382812499 -0.0978240966796876 0.155670166015625
-0.5784912109375 -0.111328125 -0.220046997070313 0.05645751953125
-0.64166259765625 -0.0669555664062499 -0.35589599609375 -0.0209350585937501
-0.60205078125 -0.000915527343750011 -0.36676025390625 -0.075775146484375
-0.53179931640625 0.10968017578125 -0.265701293945313 -0.0614471435546875
-0.388671875 0.328765869140625 -0.148284912109375 -0.0692138671875
-0.368499755859375 0.381988525390625 -0.179153442382813 -0.140411376953125
-0.19110107421875 0.478515625 -0.228073120117187 -0.214706420898438
-0.02764892578125 0.46881103515625 -0.343475341796875 -0.349273681640625
-0.03857421875 0.60565185546875 0.37835693359375 0.1207275390625
-0.1241455078125 0.55279541015625 0.34661865234375 0.119720458984375
-0.385498046875 0.50726318359375 0.272506713867188 0.0190887451171875
-0.5059814453125 0.332489013671875 0.315216064453125 0.13818359375
-0.60711669921875 0.11376953125 0.304443359375 0.13458251953125
-0.7054443359375 0.0325927734375001 0.24444580078125 0.145034790039063
-0.682373046875 -0.01318359375 0.129959106445312 0.111648559570313
-0.6280517578125 -0.1171875 0.0273857116699218 0.0349502563476563
-0.70208740234375 -0.0391845703125001 -0.13494873046875 -0.0525436401367188
-0.65484619140625 0.0709838867187499 -0.221405029296875 -0.110626220703125
-0.56768798828125 0.207763671875 -0.227706909179688 -0.0955810546874999
-0.3839111328125 0.437164306640625 -0.179519653320313 -0.0496978759765625
-0.3572998046875 0.487701416015625 -0.24017333984375 -0.05712890625
-0.15374755859375 0.5640869140625 -0.244903564453125 -0.0645446777343749
-0.00122070312499996 0.530609130859375 -0.35394287109375 -0.15789794921875
-0.0695190429687501 0.53857421875 0.372802734375 0.31396484375
-0.166107177734375 0.475311279296875 0.30877685546875 0.279052734375
-0.39947509765625 0.3963623046875 0.223403930664062 0.104293823242188
-0.478668212890625 0.2276611328125 0.274002075195312 0.173629760742188
-0.541595458984375 0.0319824218750001 0.35443115234375 0.130126953125
-0.63824462890625 -0.03399658203125 0.398895263671875 0.1199951171875
-0.6202392578125 -0.0473022460937499 0.363983154296875 0.082489013671875
-0.581298828125 -0.1064453125 0.272232055664062 0.00645446777343749
-0.649169921875 -0.01220703125 0.0850448608398437 -0.1124267578125
-0.59375 0.11724853515625 -0.0814666748046876 -0.181991577148438
-0.4962158203125 0.249298095703125 -0.1954345703125 -0.145050048828125
-0.310028076171875 0.45074462890625 -0.203231811523438 -0.0299224853515625
-0.287078857421875 0.495361328125 -0.269683837890625 0.0379638671875
-0.092315673828125 0.548614501953125 -0.227874755859375 0.09808349609375
0.0173645019531251 0.5098876953125 -0.34442138671875 0.04595947265625
-0.081756591796875 0.39117431640625 0.3466796875 0.471099853515625
-0.1563720703125 0.3336181640625 0.24224853515625 0.386871337890625
-0.319793701171875 0.241424560546875 0.149948120117188 0.156753540039063
-0.34637451171875 0.116424560546875 0.212051391601563 0.182144165039063
-0.375030517578125 -0.0218811035156249 0.367828369140625 0.134674072265625
-0.465179443359375 -0.0676269531249999 0.5103759765625 0.11883544921875
-0.457611083984375 -0.0599975585937501 0.55999755859375 0.06805419921875
-0.4449462890625 -0.0826416015625 0.47808837890625 -0.025054931640625
-0.49725341796875 -0.00274658203125007 0.265960693359375 -0.180511474609375
-0.437286376953125 0.10723876953125 0.03009033203125 -0.255020141601563
-0.356292724609375 0.21075439453125 -0.171600341796875 -0.192184448242188
-0.207275390625 0.357330322265625 -0.220962524414063 -0.0163116455078125
-0.193389892578125 0.391998291015625 -0.27447509765625 0.11541748046875
-0.044342041015625 0.43011474609375 -0.195266723632813 0.235595703125
0.014801025390625 0.403717041015625 -0.322845458984375 0.223114013671875
-0.0698394775390625 0.191802978515625 0.3231201171875 0.5665283203125
-0.0925750732421875 0.172836303710937 0.181427001953125 0.43505859375
-0.172836303710937 0.101181030273438 0.0848388671875 0.176437377929687
-0.16363525390625 0.0490264892578125 0.160629272460938 0.166412353515625
-0.173370361328125 -0.0213775634765625 0.356292724609375 0.134552001953125
-0.241256713867188 -0.054046630859375 0.5692138671875 0.12548828125
-0.235076904296875 -0.04559326171875 0.6898193359375 0.06195068359375
-0.240493774414062 -0.0474853515624999 0.61737060546875 -0.05682373046875
-0.273513793945313 -0.00849914550781252 0.385498046875 -0.238128662109375
-0.229644775390625 0.0529327392578125 0.102508544921875 -0.3092041015625
-0.183914184570313 0.1104736328125 -0.158706665039063 -0.223724365234375
-0.10552978515625 0.195877075195313 -0.238494873046875 -0.010528564453125
-0.101730346679688 0.2144775390625 -0.27239990234375 0.160385131835937
-0.0164337158203125 0.236968994140625 -0.173187255859375 0.32659912109375
-0.00785827636718751 0.231826782226563 -0.3077392578125 0.349090576171875
-0.0295829772949219 0.0237941741943359 0.24542236328125 -0.40240478515625
0.0192985534667969 -0.00449180603027344 0.18194580078125 -0.35382080078125
-0.0067601203918457 -0.00398683547973633 0.205780029296875 -0.166213989257813
-0.0224571228027344 0.00531387329101563 0.247528076171875 0.013702392578125
-0.0271053314208984 -0.000682830810546871 0.110092163085937 0.230148315429688
-0.00947761535644531 -0.00267887115478515 -0.138885498046875 0.332611083984375
-0.0100746154785156 0.0118160247802734 -0.44549560546875 0.245697021484375
-0.0013880729675293 -0.00225687026977539 -0.640625 0.0709228515625
0.00615119934082031 0.0176258087158203 -0.7022705078125 -0.06390380859375
-0.00641441345214844 -0.00478124618530273 -0.5728759765625 -0.1429443359375
0.00449705123901367 0.00158023834228516 -0.326507568359375 -0.0679626464843749
0.0159730911254883 0.00545692443847656 -0.102775573730469 -0.0871505737304688
0.00937843322753906 -0.00162410736083984 -0.021820068359375 -0.2049560546875
0.016326904296875 -0.0138788223266602 -0.142913818359375 -0.4044189453125
0.000118255615234376 -0.0114526748657227 -0.28631591796875 -0.61297607421875
0.000213623046874995 0.2591552734375 0.274169921875 -0.36431884765625
0.02496337890625 0.220550537109375 0.228729248046875 -0.31500244140625
-0.0825042724609375 0.225830078125 0.227447509765625 -0.16375732421875
-0.154891967773438 0.178192138671875 0.2760009765625 0.0293121337890625
-0.218063354492188 0.101364135742188 0.131210327148437 0.216461181640625
-0.25341796875 0.0708770751953125 -0.115020751953125 0.31500244140625
-0.265899658203125 0.041259765625 -0.404815673828125 0.241119384765625
-0.241973876953125 -0.046722412109375 -0.58172607421875 0.07672119140625
-0.257781982421875 -0.0376739501953125 -0.66400146484375 -0.0430908203124999
-0.238174438476563 -0.051544189453125 -0.552398681640625 -0.112274169921875
-0.200912475585938 -0.0184326171875 -0.316162109375 -0.0570068359375
-0.155853271484375 0.0737152099609375 -0.100578308105469 -0.0849838256835938
-0.158660888671875 0.099365234375 -0.0447235107421875 -0.202163696289063
-0.097869873046875 0.155319213867188 -0.154144287109375 -0.38446044921875
-0.0298614501953125 0.176284790039063 -0.297119140625 -0.59075927734375
0.011444091796875 0.457977294921875 0.321136474609375 -0.255645751953125
0.00289916992187502 0.413482666015625 0.29058837890625 -0.21514892578125
-0.1812744140625 0.41796875 0.257644653320313 -0.134201049804687
-0.29840087890625 0.313323974609375 0.307281494140625 0.05413818359375
-0.406280517578125 0.16729736328125 0.174362182617187 0.18743896484375
-0.4791259765625 0.1094970703125 -0.0400390625 0.26715087890625
-0.48614501953125 0.0504760742187499 -0.285003662109375 0.207916259765625
-0.4476318359375 -0.0844116210937501 -0.435882568359375 0.0730285644531251
-0.487884521484375 -0.0672607421874999 -0.54412841796875 -0.0203857421875
-0.45233154296875 -0.0508117675781251 -0.485443115234375 -0.0801696777343749
-0.39605712890625 0.019744873046875 -0.296783447265625 -0.0498352050781249
-0.3038330078125 0.1878662109375 -0.119407653808594 -0.0821533203125
-0.29620361328125 0.238189697265625 -0.105606079101562 -0.1883544921875
-0.172698974609375 0.331787109375 -0.19281005859375 -0.324188232421875
-0.03973388671875 0.345245361328125 -0.32562255859375 -0.499908447265625
-0.00238037109374997 0.57989501953125 0.360504150390625 -0.083740234375
-0.0513916015624999 0.53594970703125 0.3388671875 -0.06146240234375
-0.2935791015625 0.524261474609375 0.280242919921875 -0.07196044921875
-0.432373046875 0.375579833984375 0.32666015625 0.09033203125
-0.552978515625 0.175262451171875 0.239654541015625 0.153579711914063
-0.6485595703125 0.0960693359375001 0.0886230468749999 0.199356079101562
-0.638671875 0.0322265625000001 -0.09759521484375 0.158035278320313
-0.58502197265625 -0.1053466796875 -0.221115112304688 0.0590057373046875
-0.64739990234375 -0.06121826171875 -0.359771728515625 -0.017059326171875
-0.607177734375 0.00427246093750011 -0.3699951171875 -0.0707702636718751
-0.535400390625 0.11468505859375 -0.267562866210938 -0.0589599609375
-0.386993408203125 0.336181640625 -0.14996337890625 -0.069061279296875
-0.36578369140625 0.388031005859375 -0.181365966796875 -0.139938354492187
-0.186248779296875 0.48419189453125 -0.231918334960938 -0.214309692382812
-0.02294921875 0.474365234375 -0.34967041015625 -0.34869384765625
-0.032470703125 0.610595703125 0.3822021484375 0.118377685546875
-0.11865234375 0.55731201171875 0.35107421875 0.1171875
-0.3818359375 0.515960693359375 0.273529052734375 0.0180816650390625
-0.507568359375 0.341156005859375 0.31964111328125 0.1365966796875
-0.60968017578125 0.120361328125 0.308074951171875 0.13226318359375
-0.70953369140625 0.0400390625000001 0.247177124023437 0.142868041992188
-0.68756103515625 -0.0058593749999999 0.1319580078125 0.111259460449219
-0.6351318359375 -0.11090087890625 0.0279045104980468 0.0358695983886719
-0.7091064453125 -0.0318603515624999 -0.135986328125 -0.0504531860351563
-0.66058349609375 0.0780029296875001 -0.225006103515625 -0.108551025390625
-0.57012939453125 0.21417236328125 -0.230087280273438 -0.093475341796875
-0.38275146484375 0.4453125 -0.180709838867188 -0.049591064453125
-0.35552978515625 0.495941162109375 -0.24249267578125 -0.055023193359375
-0.147705078125 0.569580078125 -0.246383666992188 -0.0623321533203125
0.00418090820312503 0.533966064453125 -0.358795166015625 -0.15582275390625
-0.06396484375 0.54339599609375 0.378662109375 0.313201904296875
-0.162689208984375 0.478240966796875 0.314361572265625 0.27874755859375
-0.3985595703125 0.40521240234375 0.224609375 0.103347778320313
-0.47900390625 0.235198974609375 0.277206420898437 0.172195434570313
-0.54510498046875 0.03802490234375 0.357391357421875 0.1295166015625
-0.64306640625 -0.0258178710937499 0.40313720703125 0.11566162109375
-0.62451171875 -0.0402832031249999 0.368408203125 0.079437255859375
-0.586669921875 -0.10040283203125 0.274642944335937 0.00404357910156249
-0.6546630859375 -0.00543212890625005 0.0842514038085937 -0.113380432128906
-0.5963134765625 0.12347412109375 -0.0841827392578125 -0.180801391601563
-0.498016357421875 0.25714111328125 -0.197052001953125 -0.1441650390625
-0.30657958984375 0.457427978515625 -0.205596923828125 -0.029022216796875
-0.28387451171875 0.502349853515625 -0.271377563476563 0.041107177734375
-0.08740234375 0.554229736328125 -0.228118896484375 0.100677490234375
0.023284912109375 0.512969970703125 -0.3468017578125 0.0494384765625
-0.07867431640625 0.3944091796875 0.353057861328125 0.471038818359375
-0.153656005859375 0.337249755859375 0.24749755859375 0.3876953125
-0.32049560546875 0.24713134765625 0.151123046875 0.1573486328125
-0.34759521484375 0.120391845703125 0.214691162109375 0.181304931640625
-0.377593994140625 -0.0186462402343749 0.3720703125 0.133270263671875
-0.469390869140625 -0.06256103515625 0.514190673828125 0.113677978515625
-0.460968017578125 -0.0561218261718751 0.56610107421875 0.06427001953125
-0.4495849609375 -0.0787658691406249 0.480865478515625 -0.031097412109375
-0.50274658203125 0.00363159179687507 0.266983032226562 -0.184951782226563
-0.44085693359375 0.111968994140625 0.0282440185546875 -0.256134033203125
-0.357330322265625 0.2149658203125 -0.174530029296875 -0.191360473632813
-0.205413818359375 0.362823486328125 -0.223236083984375 -0.0148468017578125
-0.189727783203125 0.398834228515625 -0.27484130859375 0.119522094726563
-0.0386962890625 0.433746337890625 -0.193862915039063 0.240081787109375
0.0196533203125 0.40582275390625 -0.3233642578125 0.227386474609375
-0.0679168701171875 0.1934814453125 0.3323974609375 0.56842041015625
-0.0908355712890625 0.175216674804687 0.1871337890625 0.4354248046875
-0.173187255859375 0.104049682617187 0.0865631103515625 0.176910400390625
-0.164382934570313 0.051300048828125 0.162933349609375 0.166000366210938
-0.17431640625 -0.0201263427734375 0.36151123046875 0.13043212890625
-0.243270874023438 -0.05078125 0.5740966796875 0.12066650390625
-0.236862182617188 -0.04388427734375 0.696533203125 0.05511474609375
-0.242507934570312 -0.0456695556640625 0.62164306640625 -0.06365966796875
-0.2763671875 -0.00531005859375001 0.386810302734375 -0.242919921875
-0.231201171875 0.055145263671875 0.1015625 -0.312103271484375
-0.185028076171875 0.11383056640625 -0.161392211914062 -0.223876953125
-0.1038818359375 0.198684692382813 -0.240768432617188 -0.00802612304687503
-0.0996246337890625 0.217697143554688 -0.271682739257813 0.1640625
-0.014373779296875 0.239181518554687 -0.16943359375 0.330718994140625
-0.00566101074218752 0.2332763671875 -0.305694580078125 0.3529052734375
-0.0295810699462891 0.0247783660888672 0.241790771484375 -0.407073974609375
0.0193767547607422 -0.00467109680175781 0.178253173828125 -0.35906982421875
-0.00683212280273437 -0.00417470932006836 0.205062866210937 -0.16943359375
-0.0224437713623047 0.00537109375 0.24835205078125 0.0106353759765625
-0.0272808074951172 -0.00137901306152344 0.114089965820313 0.229568481445312
-0.00918006896972656 -0.00301074981689453 -0.135406494140625 0.33642578125
-0.0100803375244141 0.0114908218383789 -0.446319580078125 0.253143310546875
-0.00164544582366943 -0.00189530849456787 -0.64410400390625 0.08013916015625
0.00649833679199219 0.0177154541015625 -0.70751953125 -0.0551757812500001
-0.00653839111328125 -0.00396919250488281 -0.57958984375 -0.1356201171875
0.00359725952148438 0.000863552093505859 -0.32916259765625 -0.065521240234375
0.0165491104125977 0.00449371337890625 -0.103744506835937 -0.0871429443359375
0.00924491882324219 -0.00199317932128906 -0.0233917236328125 -0.206085205078125
0.0170021057128906 -0.0140647888183594 -0.147674560546875 -0.4046630859375
2.6702880859374E-05 -0.0110034942626953 -0.29461669921875 -0.6126708984375
0.00425720214843753 0.26092529296875 0.270294189453125 -0.369537353515625
0.027984619140625 0.222015380859375 0.226287841796875 -0.3201904296875
-0.080413818359375 0.228683471679688 0.226333618164062 -0.168411254882812
-0.15362548828125 0.181365966796875 0.277755737304688 0.025909423828125
-0.219085693359375 0.105316162109375 0.135040283203125 0.215347290039063
-0.25396728515625 0.072998046875 -0.112030029296875 0.318145751953125
-0.266860961914063 0.044403076171875 -0.406005859375 0.248016357421875
-0.244827270507813 -0.0448150634765625 -0.5867919921875 0.08355712890625
-0.259796142578125 -0.0348052978515624 -0.6695556640625 -0.0324096679687501
-0.239959716796875 -0.048828125 -0.558074951171875 -0.10406494140625
-0.203125 -0.0156097412109375 -0.31781005859375 -0.052490234375
-0.155227661132813 0.0751800537109375 -0.101432800292969 -0.0849380493164062
-0.157974243164062 0.1026611328125 -0.0468902587890625 -0.20318603515625
-0.096343994140625 0.158599853515625 -0.15960693359375 -0.3839111328125
-0.0287933349609375 0.178329467773438 -0.30718994140625 -0.5909423828125
0.01727294921875 0.459075927734375 0.319122314453125 -0.260467529296875
0.00814819335937498 0.4154052734375 0.28851318359375 -0.220367431640625
-0.1768798828125 0.423187255859375 0.256912231445313 -0.138092041015625
-0.29595947265625 0.319091796875 0.309326171875 0.05072021484375
-0.406524658203125 0.174041748046875 0.178421020507812 0.186904907226563
-0.4808349609375 0.11444091796875 -0.036407470703125 0.267715454101563
-0.48876953125 0.0545654296874999 -0.2850341796875 0.21307373046875
-0.451812744140625 -0.0810241699218749 -0.437835693359375 0.07861328125
-0.49267578125 -0.060760498046875 -0.548065185546875 -0.012359619140625
-0.456939697265625 -0.046173095703125 -0.490264892578125 -0.072662353515625
-0.39935302734375 0.023193359375 -0.2987060546875 -0.04620361328125
-0.302001953125 0.192474365234375 -0.121139526367188 -0.0822525024414062
-0.294219970703125 0.2425537109375 -0.107772827148438 -0.188766479492187
-0.168853759765625 0.33544921875 -0.197357177734375 -0.322906494140625
-0.0362548828125 0.349273681640625 -0.333953857421875 -0.498565673828125
0.00555419921874999 0.58447265625 0.36138916015625 -0.08740234375
-0.0449218750000001 0.53790283203125 0.34112548828125 -0.06536865234375
-0.28936767578125 0.534210205078125 0.280181884765625 -0.074615478515625
-0.43048095703125 0.38519287109375 0.32958984375 0.087188720703125
-0.554656982421875 0.183624267578125 0.242950439453125 0.152435302734375
-0.65093994140625 0.10565185546875 0.0908966064453125 0.199127197265625
-0.642822265625 0.03912353515625 -0.0964050292968751 0.1602783203125
-0.59033203125 -0.0996704101562501 -0.222213745117188 0.06304931640625
-0.6536865234375 -0.0506591796875 -0.36212158203125 -0.01263427734375
-0.6112060546875 0.0106811523437501 -0.374267578125 -0.065643310546875
-0.537445068359375 0.122222900390625 -0.26971435546875 -0.0558319091796875
-0.384429931640625 0.341552734375 -0.152297973632813 -0.0693359375
-0.36309814453125 0.3953857421875 -0.184005737304688 -0.137802124023437
-0.18218994140625 0.48956298828125 -0.236312866210938 -0.212814331054687
-0.01800537109375 0.4755859375 -0.35687255859375 -0.347625732421875
-0.0244140625 0.6158447265625 0.38677978515625 0.114349365234375
-0.113250732421875 0.56207275390625 0.354827880859375 0.11395263671875
-0.378875732421875 0.525970458984375 0.274215698242188 0.01580810546875
-0.50579833984375 0.349884033203125 0.322540283203125 0.133575439453125
-0.612548828125 0.1279296875 0.311370849609375 0.12921142578125
-0.71392822265625 0.0501708984375001 0.250823974609375 0.1400146484375
-0.69158935546875 0.00286865234374991 0.135002136230469 0.110862731933594
-0.640869140625 -0.104736328125 0.0287704467773437 0.0357017517089844
-0.7158203125 -0.02252197265625 -0.137611389160156 -0.048248291015625
-0.66387939453125 0.0863037109375001 -0.22802734375 -0.105422973632812
-0.5726318359375 0.22186279296875 -0.232803344726563 -0.090972900390625
-0.377838134765625 0.452545166015625 -0.183029174804688 -0.0482940673828125
-0.3515625 0.504547119140625 -0.245223999023438 -0.0512847900390625
-0.14178466796875 0.57574462890625 -0.248565673828125 -0.0593414306640625
0.00912475585937496 0.5374755859375 -0.36346435546875 -0.15185546875
-0.058013916015625 0.54754638671875 0.384307861328125 0.31201171875
-0.157257080078125 0.4832763671875 0.32025146484375 0.276702880859375
-0.39605712890625 0.41387939453125 0.226104736328125 0.10205078125
-0.4783935546875 0.242218017578125 0.281463623046875 0.169830322265625
-0.5474853515625 0.0449523925781251 0.36138916015625 0.12457275390625
-0.64794921875 -0.0170898437500001 0.406524658203125 0.11126708984375
-0.6290283203125 -0.0339355468750001 0.37176513671875 0.075469970703125
-0.5926513671875 -0.09423828125 0.2763671875 0.000335693359374994
-0.661865234375 0.00305175781250002 0.083587646484375 -0.115081787109375
-0.5994873046875 0.131591796875 -0.0868377685546876 -0.18060302734375
-0.499664306640625 0.263153076171875 -0.200042724609375 -0.142120361328125
-0.302734375 0.46356201171875 -0.2071533203125 -0.0270233154296875
-0.279754638671875 0.510498046875 -0.27252197265625 0.0452880859375001
-0.0791625976562499 0.55877685546875 -0.227798461914063 0.104278564453125
0.030364990234375 0.517242431640625 -0.348297119140625 0.0533752441406251
-0.073028564453125 0.39837646484375 0.3624267578125 0.46917724609375
-0.150726318359375 0.341278076171875 0.253814697265625 0.38702392578125
-0.319793701171875 0.253570556640625 0.152389526367188 0.156768798828125
-0.34747314453125 0.125823974609375 0.219024658203125 0.17999267578125
-0.379791259765625 -0.0135498046875 0.376617431640625 0.1292724609375
-0.47247314453125 -0.057159423828125 0.51971435546875 0.106231689453125
-0.46514892578125 -0.051300048828125 0.57061767578125 0.05706787109375
-0.45355224609375 -0.0736694335937499 0.484771728515625 -0.036163330078125
-0.506439208984375 0.00991821289062508 0.266082763671875 -0.188888549804688
-0.442474365234375 0.119110107421875 0.0254669189453125 -0.257843017578125
-0.356781005859375 0.221954345703125 -0.17681884765625 -0.190231323242187
-0.202362060546875 0.36810302734375 -0.22491455078125 -0.012969970703125
-0.186767578125 0.404144287109375 -0.274658203125 0.12457275390625
-0.034332275390625 0.438323974609375 -0.191207885742187 0.243133544921875
0.02520751953125 0.408721923828125 -0.321929931640625 0.23297119140625
-0.0663909912109375 0.196670532226562 0.341796875 0.56689453125
-0.0890960693359375 0.177215576171875 0.192596435546875 0.436431884765625
-0.174514770507812 0.107269287109375 0.088165283203125 0.177520751953125
-0.164337158203125 0.0526885986328125 0.165969848632813 0.165115356445313
-0.174819946289063 -0.0184326171875 0.36468505859375 0.12725830078125
-0.245346069335938 -0.048309326171875 0.57916259765625 0.113525390625
-0.238357543945313 -0.0411529541015625 0.702880859375 0.0452880859375
-0.244384765625 -0.042999267578125 0.625 -0.0723876953125
-0.278030395507812 -0.00144958496093751 0.38641357421875 -0.249298095703125
-0.232452392578125 0.058074951171875 0.099212646484375 -0.31634521484375
-0.185012817382813 0.116653442382812 -0.1641845703125 -0.222259521484375
-0.101486206054688 0.201416015625 -0.242050170898438 -0.00581359863281247
-0.097381591796875 0.22137451171875 -0.271240234375 0.17071533203125
-0.0112457275390625 0.240936279296875 -0.165771484375 0.335906982421875
-0.00238037109374998 0.2349853515625 -0.30340576171875 0.357940673828125
-0.0296821594238281 0.0260372161865234 0.236724853515625 -0.411376953125
0.0193138122558594 -0.00580787658691406 0.172698974609375 -0.3643798828125
-0.006683349609375 -0.00374364852905274 0.203079223632813 -0.173446655273438
-0.0219650268554688 0.00584220886230469 0.2496337890625 0.0070343017578125
-0.0272979736328125 -0.000268936157226563 0.117965698242187 0.228851318359375
-0.00954341888427734 -0.00349140167236328 -0.1317138671875 0.340301513671875
-0.0100154876708984 0.011322021484375 -0.447052001953125 0.26239013671875
-0.00183010101318359 -0.00283122062683105 -0.6478271484375 0.0911254882812501
0.00672054290771484 0.0172271728515625 -0.7144775390625 -0.0445556640624999
-0.00710630416870117 -0.00455999374389649 -0.5850830078125 -0.1287841796875
0.00400543212890625 0.000488758087158203 -0.331024169921875 -0.060577392578125
0.0164632797241211 0.00333118438720703 -0.104881286621094 -0.0868759155273438
0.00938129425048828 -0.00195884704589844 -0.025848388671875 -0.207260131835938
0.0166482925415039 -0.0139150619506836 -0.154205322265625 -0.40582275390625
-0.000390052795410156 -0.0104036331176758 -0.3050537109375 -0.61346435546875
0.008148193359375 0.263214111328125 0.266632080078125 -0.37396240234375
0.0308837890625 0.2215576171875 0.22308349609375 -0.324432373046875
-0.077789306640625 0.232330322265625 0.224884033203125 -0.172088623046875
-0.1513671875 0.185394287109375 0.279708862304687 0.022430419921875
-0.218734741210938 0.109024047851562 0.139358520507813 0.214767456054688
-0.253875732421875 0.0773468017578125 -0.10784912109375 0.321746826171875
-0.267074584960938 0.0476837158203125 -0.40533447265625 0.25543212890625
-0.247390747070313 -0.0419921875 -0.58929443359375 0.0934448242187501
-0.262176513671875 -0.0310211181640625 -0.67462158203125 -0.0245971679687499
-0.242431640625 -0.0452880859375 -0.563720703125 -0.09674072265625
-0.2052001953125 -0.0143890380859375 -0.32037353515625 -0.048736572265625
-0.154525756835938 0.0778350830078125 -0.102951049804688 -0.0849685668945313
-0.157455444335938 0.105148315429687 -0.0501708984375 -0.203262329101563
-0.094512939453125 0.160812377929688 -0.165191650390625 -0.385223388671875
-0.026611328125 0.18017578125 -0.31695556640625 -0.5897216796875
0.02447509765625 0.462127685546875 0.31585693359375 -0.2652587890625
0.01507568359375 0.41802978515625 0.288116455078125 -0.226226806640625
-0.172576904296875 0.429473876953125 0.256240844726563 -0.141708374023437
-0.29266357421875 0.327606201171875 0.310882568359375 0.04547119140625
-0.40582275390625 0.180145263671875 0.181564331054688 0.184600830078125
-0.4833984375 0.1221923828125 -0.033172607421875 0.2698974609375
-0.49066162109375 0.0618591308593751 -0.284423828125 0.218597412109375
-0.456207275390625 -0.074249267578125 -0.43878173828125 0.086669921875
-0.496795654296875 -0.0523071289062499 -0.55316162109375 -0.00439453125000002
-0.460052490234375 -0.039215087890625 -0.4947509765625 -0.06634521484375
-0.40057373046875 0.0287170410156251 -0.30047607421875 -0.0421447753906251
-0.300872802734375 0.197418212890625 -0.122566223144531 -0.0818252563476563
-0.291961669921875 0.247161865234375 -0.110641479492187 -0.18798828125
-0.165069580078125 0.340179443359375 -0.202606201171875 -0.322723388671875
-0.0318603515625 0.351318359375 -0.34246826171875 -0.496673583984375
0.0146484375000001 0.58795166015625 0.362701416015625 -0.09259033203125
-0.0363159179687499 0.5416259765625 0.342071533203125 -0.07122802734375
-0.282684326171875 0.5408935546875 0.280471801757813 -0.07781982421875
-0.427032470703125 0.393463134765625 0.333648681640625 0.083404541015625
-0.554656982421875 0.192535400390625 0.246673583984375 0.149765014648438
-0.65289306640625 0.11602783203125 0.0941009521484375 0.198959350585938
-0.6453857421875 0.0478515624999999 -0.0950012207031251 0.163345336914063
-0.5958251953125 -0.0926513671874999 -0.222183227539063 0.0662078857421875
-0.65960693359375 -0.04150390625 -0.3653564453125 -0.00665283203124992
-0.61651611328125 0.0198974609375001 -0.378143310546875 -0.059326171875
-0.539520263671875 0.129119873046875 -0.27130126953125 -0.052154541015625
-0.38134765625 0.348236083984375 -0.153839111328125 -0.06854248046875
-0.358917236328125 0.404327392578125 -0.187179565429688 -0.136505126953125
-0.176025390625 0.496063232421875 -0.2401123046875 -0.210784912109375
-0.01275634765625 0.478729248046875 -0.363922119140625 -0.344696044921875
-0.01611328125 0.6197509765625 0.3900146484375 0.108856201171875
-0.1044921875 0.5655517578125 0.358184814453125 0.10968017578125
-0.373931884765625 0.536346435546875 0.274520874023438 0.0120086669921875
-0.5042724609375 0.3587646484375 0.32672119140625 0.1292724609375
-0.614990234375 0.138916015625 0.31536865234375 0.1256103515625
-0.71612548828125 0.0606689453124999 0.253692626953125 0.136474609375
-0.69500732421875 0.0119628906249999 0.137382507324219 0.109542846679688
-0.64654541015625 -0.0961303710937501 0.029296875 0.0360260009765625
-0.72119140625 -0.0120849609375 -0.139404296875 -0.0462417602539063
-0.66845703125 0.0975341796875 -0.231613159179688 -0.101333618164063
-0.57196044921875 0.23187255859375 -0.233901977539063 -0.0883331298828125
-0.373077392578125 0.4603271484375 -0.18499755859375 -0.0465545654296875
-0.347747802734375 0.512847900390625 -0.246307373046875 -0.0479736328125
-0.1343994140625 0.58135986328125 -0.249740600585937 -0.056427001953125
0.0174560546875 0.53997802734375 -0.369140625 -0.149658203125
-0.04931640625 0.551727294921875 0.38983154296875 0.307037353515625
-0.152435302734375 0.485809326171875 0.326080322265625 0.27496337890625
-0.39251708984375 0.423309326171875 0.227706909179687 0.100250244140625
-0.477203369140625 0.25091552734375 0.285247802734375 0.167449951171875
-0.549957275390625 0.052520751953125 0.36505126953125 0.119354248046875
-0.653076171875 -0.00860595703124988 0.4110107421875 0.1060791015625
-0.633056640625 -0.0260009765625001 0.375823974609375 0.070709228515625
-0.5977783203125 -0.0866088867187499 0.278533935546875 -0.00347900390625001
-0.6666259765625 0.0136718750000001 0.0827484130859374 -0.116104125976563
-0.60235595703125 0.14166259765625 -0.0894317626953126 -0.178817749023438
-0.499420166015625 0.272430419921875 -0.202682495117188 -0.140090942382812
-0.297882080078125 0.47161865234375 -0.208587646484375 -0.0255126953125
-0.274078369140625 0.51739501953125 -0.272933959960938 0.05010986328125
-0.0728759765625001 0.56427001953125 -0.226089477539063 0.107650756835938
0.0360107421875 0.518310546875 -0.349853515625 0.058074951171875
-0.068115234375 0.40087890625 0.370697021484375 0.4674072265625
-0.14703369140625 0.343597412109375 0.26068115234375 0.3878173828125
-0.319122314453125 0.260467529296875 0.154525756835937 0.156326293945313
-0.348388671875 0.130859375 0.222885131835937 0.177902221679688
-0.382537841796875 -0.00830078125 0.379150390625 0.123779296875
-0.476104736328125 -0.0505676269531251 0.523895263671875 0.100189208984375
-0.467681884765625 -0.0462951660156251 0.57647705078125 0.0487060546875
-0.45721435546875 -0.068267822265625 0.48919677734375 -0.04443359375
-0.509918212890625 0.017120361328125 0.265548706054687 -0.193435668945313
-0.4443359375 0.1258544921875 0.02227783203125 -0.25927734375
-0.356658935546875 0.227264404296875 -0.1805419921875 -0.188858032226563
-0.197967529296875 0.372802734375 -0.22625732421875 -0.010345458984375
-0.18170166015625 0.410003662109375 -0.274444580078125 0.1292724609375
-0.028900146484375 0.441864013671875 -0.18743896484375 0.246688842773438
0.0299072265625 0.411041259765625 -0.3193359375 0.23785400390625
-0.06439208984375 0.198318481445313 0.35174560546875 0.56463623046875
-0.0878143310546875 0.179855346679688 0.200469970703125 0.437530517578125
-0.174468994140625 0.111007690429688 0.089935302734375 0.177520751953125
-0.165023803710938 0.055389404296875 0.169052124023438 0.1641845703125
-0.175521850585938 -0.015838623046875 0.368865966796875 0.122467041015625
-0.24786376953125 -0.0447235107421875 0.58453369140625 0.10595703125
-0.240493774414063 -0.038787841796875 0.7081298828125 0.03570556640625
-0.246795654296875 -0.039764404296875 0.6279296875 -0.081298828125
-0.280105590820313 0.0028533935546875 0.387115478515625 -0.25689697265625
-0.233688354492188 0.062469482421875 0.0965576171875 -0.31817626953125
-0.184951782226563 0.119979858398438 -0.16717529296875 -0.22149658203125
-0.0996856689453125 0.204299926757813 -0.24346923828125 -0.00279235839843745
-0.0950775146484375 0.225357055664063 -0.269973754882813 0.175994873046875
-0.00726318359375 0.242813110351562 -0.161773681640625 0.339569091796875
0.000915527343749987 0.23602294921875 -0.29840087890625 0.363983154296875
-0.0293197631835937 0.0266437530517578 0.230712890625 -0.415863037109375
0.0193405151367188 -0.006072998046875 0.167266845703125 -0.368682861328125
-0.00703859329223633 -0.00377511978149414 0.200698852539062 -0.1767578125
-0.0215187072753906 0.00628852844238282 0.250274658203125 0.003143310546875
-0.0275077819824219 0.000528335571289061 0.121871948242188 0.2279052734375
-0.00933551788330078 -0.00446224212646484 -0.126739501953125 0.343536376953125
-0.00996112823486328 0.0115852355957031 -0.447052001953125 0.270721435546875
-0.00211477279663086 -0.00294804573059082 -0.64874267578125 0.10089111328125
0.00722312927246094 0.0174312591552734 -0.71746826171875 -0.03448486328125
-0.00765132904052734 -0.00496196746826172 -0.59033203125 -0.11907958984375
0.00406455993652344 0.000287532806396484 -0.332916259765625 -0.05645751953125
0.0164918899536133 0.00313472747802734 -0.10589599609375 -0.0862808227539063
0.00912666320800781 -0.00218296051025391 -0.02813720703125 -0.207962036132813
0.0164852142333984 -0.0140609741210938 -0.161224365234375 -0.40509033203125
0.000152587890625001 -0.010106086730957 -0.31744384765625 -0.611572265625
0.0124969482421875 0.264511108398438 0.26177978515625 -0.37847900390625
0.0345458984375 0.221588134765625 0.2183837890625 -0.329345703125
-0.0736846923828125 0.235580444335938 0.222076416015625 -0.17626953125
-0.149078369140625 0.18865966796875 0.280487060546875 0.017425537109375
-0.217880249023438 0.112655639648437 0.14288330078125 0.213165283203125
-0.254196166992187 0.0808563232421875 -0.1036376953125 0.324066162109375
-0.26763916015625 0.0514068603515625 -0.403656005859375 0.263031005859375
-0.249160766601563 -0.0386505126953125 -0.59173583984375 0.103515625
-0.2642822265625 -0.026947021484375 -0.67919921875 -0.0128173828125001
-0.24468994140625 -0.04168701171875 -0.56768798828125 -0.08837890625
-0.206161499023438 -0.01092529296875 -0.322418212890625 -0.04461669921875
-0.154190063476563 0.079620361328125 -0.1044921875 -0.0854034423828125
-0.156646728515625 0.108108520507813 -0.0520172119140625 -0.204635620117188
-0.0928955078125 0.16259765625 -0.17132568359375 -0.384368896484375
-0.0236663818359375 0.181793212890625 -0.3271484375 -0.5880126953125
0.031585693359375 0.464691162109375 0.3138427734375 -0.270172119140625
0.0206298828125 0.417633056640625 0.28558349609375 -0.23162841796875
-0.166259765625 0.43475341796875 0.25433349609375 -0.145309448242187
-0.289947509765625 0.333404541015625 0.313873291015625 0.041046142578125
-0.405914306640625 0.18756103515625 0.18524169921875 0.182968139648437
-0.4825439453125 0.12933349609375 -0.029144287109375 0.27197265625
-0.49212646484375 0.0695800781249999 -0.282867431640625 0.22393798828125
-0.46051025390625 -0.0668334960937499 -0.440643310546875 0.093780517578125
-0.500732421875 -0.0458984375000001 -0.555267333984375 0.00375366210937494
-0.4622802734375 -0.032318115234375 -0.4981689453125 -0.0577697753906251
-0.40313720703125 0.0344848632812499 -0.302703857421875 -0.037628173828125
-0.298614501953125 0.201934814453125 -0.124656677246094 -0.0812530517578125
-0.288970947265625 0.253021240234375 -0.113632202148438 -0.186965942382812
-0.160186767578125 0.344818115234375 -0.207977294921875 -0.321624755859375
-0.02679443359375 0.353912353515625 -0.352386474609375 -0.493988037109375
0.024658203125 0.59051513671875 0.36175537109375 -0.0987854003906249
-0.029632568359375 0.543243408203125 0.342681884765625 -0.077117919921875
-0.276214599609375 0.54986572265625 0.278778076171875 -0.08294677734375
-0.421844482421875 0.4017333984375 0.33660888671875 0.07794189453125
-0.5550537109375 0.2021484375 0.24957275390625 0.146377563476563
-0.6544189453125 0.125244140625 0.0978698730468749 0.197418212890625
-0.64752197265625 0.0579223632812501 -0.09228515625 0.165878295898438
-0.6005859375 -0.0834350585937499 -0.22247314453125 0.06982421875
-0.6641845703125 -0.03094482421875 -0.367706298828125 -0.000457763671874955
-0.61907958984375 0.03045654296875 -0.3814697265625 -0.053375244140625
-0.5399169921875 0.136962890625 -0.273025512695313 -0.0481414794921875
-0.377655029296875 0.354766845703125 -0.155624389648438 -0.0679168701171875
-0.35406494140625 0.4124755859375 -0.189498901367188 -0.134353637695312
-0.168731689453125 0.501251220703125 -0.244415283203125 -0.208267211914062
-0.00570678710937504 0.48211669921875 -0.371307373046875 -0.341522216796875
-0.00646972656249999 0.62310791015625 0.393524169921875 0.10467529296875
-0.0968017578125 0.569580078125 0.362457275390625 0.1041259765625
-0.366455078125 0.544281005859375 0.275146484375 0.00968933105468753
-0.4998779296875 0.36895751953125 0.33001708984375 0.12548828125
-0.61688232421875 0.14715576171875 0.31903076171875 0.12188720703125
-0.72003173828125 0.0725708007812501 0.256866455078125 0.132675170898438
-0.69873046875 0.0223999023437501 0.139884948730469 0.108932495117188
-0.65252685546875 -0.0866699218749999 0.0306777954101562 0.0358810424804687
-0.72515869140625 0.000122070312499901 -0.141189575195313 -0.0429534912109375
-0.67095947265625 0.10711669921875 -0.233505249023438 -0.0978546142578125
-0.57220458984375 0.24078369140625 -0.236190795898438 -0.0847167968749999
-0.368133544921875 0.468109130859375 -0.186935424804688 -0.045440673828125
-0.338836669921875 0.521240234375 -0.248809814453125 -0.0434722900390625
-0.12542724609375 0.5870361328125 -0.2515869140625 -0.0531005859375
0.024017333984375 0.542266845703125 -0.37225341796875 -0.143585205078125
-0.041717529296875 0.5555419921875 0.3973388671875 0.3033447265625
-0.14483642578125 0.49114990234375 0.33197021484375 0.270111083984375
-0.389068603515625 0.4312744140625 0.228988647460937 0.0986175537109375
-0.475494384765625 0.25909423828125 0.289093017578125 0.164886474609375
-0.550689697265625 0.06201171875 0.368499755859375 0.11572265625
-0.65447998046875 0.000366210937500021 0.412994384765625 0.099395751953125
-0.63653564453125 -0.01751708984375 0.379180908203125 0.066009521484375
-0.60272216796875 -0.0787353515625 0.279754638671875 -0.00691223144531251
-0.66900634765625 0.0231323242187499 0.0816497802734375 -0.117652893066406
-0.60296630859375 0.151123046875 -0.0928955078125001 -0.177871704101563
-0.498077392578125 0.281402587890625 -0.204864501953125 -0.137344360351562
-0.2921142578125 0.47857666015625 -0.210296630859375 -0.023223876953125
-0.266204833984375 0.525543212890625 -0.27252197265625 0.055572509765625
-0.0631103515625 0.56866455078125 -0.225173950195313 0.111328125
0.044769287109375 0.52020263671875 -0.35040283203125 0.062286376953125
-0.062042236328125 0.40386962890625 0.37823486328125 0.4635009765625
-0.141693115234375 0.347442626953125 0.268402099609375 0.384857177734375
-0.316497802734375 0.266754150390625 0.15582275390625 0.154922485351563
-0.34814453125 0.136627197265625 0.226226806640625 0.176132202148438
-0.3831787109375 -0.00283813476562495 0.3826904296875 0.117919921875
-0.47967529296875 -0.04388427734375 0.528594970703125 0.091766357421875
-0.47064208984375 -0.0387878417968749 0.579833984375 0.04095458984375
-0.45989990234375 -0.062408447265625 0.48956298828125 -0.05224609375
-0.512603759765625 0.0267639160156251 0.264678955078125 -0.198104858398438
-0.44476318359375 0.13348388671875 0.019317626953125 -0.25994873046875
-0.35516357421875 0.234161376953125 -0.1824951171875 -0.186660766601563
-0.19207763671875 0.3779296875 -0.227157592773438 -0.00747680664062495
-0.175018310546875 0.41558837890625 -0.272872924804687 0.135162353515625
-0.020721435546875 0.444122314453125 -0.184249877929688 0.250350952148437
0.03668212890625 0.411712646484375 -0.316864013671875 0.24212646484375
-0.06103515625 0.200836181640625 0.361328125 0.562286376953125
-0.0847015380859375 0.182815551757813 0.2091064453125 0.437225341796875
-0.17437744140625 0.114395141601563 0.091766357421875 0.177413940429688
-0.163955688476562 0.0584564208984375 0.172409057617188 0.162628173828125
-0.176834106445313 -0.013641357421875 0.372161865234375 0.1177978515625
-0.249038696289063 -0.04156494140625 0.58837890625 0.09649658203125
-0.24212646484375 -0.0359344482421875 0.712158203125 0.02410888671875
-0.2474365234375 -0.03643798828125 0.62982177734375 -0.0921630859375
-0.281402587890625 0.00784301757812504 0.3846435546875 -0.26336669921875
-0.234268188476563 0.0656585693359375 0.09295654296875 -0.321533203125
-0.184738159179688 0.123016357421875 -0.170974731445313 -0.219955444335938
-0.0962982177734375 0.20672607421875 -0.244598388671875 0.000701904296875008
-0.0916900634765625 0.227783203125 -0.269149780273438 0.180618286132812
-0.0037841796875 0.244766235351562 -0.156494140625 0.343353271484375
0.00495910644531249 0.236648559570313 -0.29437255859375 0.368255615234375
-0.0279560089111328 0.0285320281982422 0.22418212890625 -0.41925048828125
0.0188407897949219 -0.00707054138183594 0.1611328125 -0.371856689453125
-0.00719022750854492 -0.00422239303588867 0.198410034179687 -0.181381225585938
-0.0216045379638672 0.00648117065429687 0.25042724609375 -0.000686645507812499
-0.0270404815673828 0.000932693481445317 0.1263427734375 0.226531982421875
-0.00969696044921875 -0.00484657287597656 -0.12176513671875 0.34625244140625
-0.00945281982421875 0.0113391876220703 -0.44525146484375 0.28009033203125
-0.00211715698242188 -0.00290966033935547 -0.65020751953125 0.11334228515625
0.00743007659912109 0.0169849395751953 -0.72119140625 -0.0214233398437501
-0.00796127319335938 -0.00437593460083008 -0.59393310546875 -0.11083984375
0.00347781181335449 -8.96453857421875E-05 -0.334442138671875 -0.0510559082031251
0.0167980194091797 0.00230503082275391 -0.107398986816406 -0.086395263671875
0.0100517272949219 -0.00251579284667969 -0.0311431884765625 -0.20904541015625
0.0166206359863281 -0.0137271881103516 -0.16705322265625 -0.404022216796875
0.000113487243652343 -0.00961494445800781 -0.3282470703125 -0.60711669921875
0.01690673828125 0.2662353515625 0.25531005859375 -0.382720947265625
0.038848876953125 0.221603393554687 0.212890625 -0.334014892578125
-0.0701141357421875 0.237701416015625 0.218887329101563 -0.180191040039062
-0.14617919921875 0.1923828125 0.28106689453125 0.012298583984375
-0.21722412109375 0.116989135742188 0.147293090820313 0.211669921875
-0.25311279296875 0.0851287841796874 -0.098388671875 0.326904296875
-0.267486572265625 0.0561370849609375 -0.403228759765625 0.271453857421875
-0.251510620117188 -0.0352325439453125 -0.59210205078125 0.115478515625
-0.265579223632813 -0.022674560546875 -0.68035888671875 -0.000488281250000139
-0.246871948242188 -0.0376129150390625 -0.5726318359375 -0.0792846679687499
-0.206802368164063 -0.00816345214843746 -0.3231201171875 -0.0391845703125
-0.15283203125 0.0812835693359375 -0.105972290039063 -0.0845565795898437
-0.154449462890625 0.110992431640625 -0.0556182861328125 -0.2039794921875
-0.0895538330078125 0.1651611328125 -0.177490234375 -0.3831787109375
-0.0209197998046875 0.18341064453125 -0.33868408203125 -0.583740234375
0.039947509765625 0.46630859375 0.308380126953125 -0.27606201171875
0.0286865234375 0.417999267578125 0.282989501953125 -0.237518310546875
-0.159515380859375 0.440826416015625 0.251251220703125 -0.150009155273438
-0.285369873046875 0.340576171875 0.315032958984375 0.03656005859375
-0.4052734375 0.195831298828125 0.188796997070312 0.181259155273437
-0.4822998046875 0.137969970703125 -0.0253448486328125 0.272216796875
-0.492279052734375 0.076446533203125 -0.280746459960938 0.230117797851562
-0.4627685546875 -0.0606689453125001 -0.439910888671875 0.102783203125
-0.504974365234375 -0.0369567871093751 -0.5582275390625 0.01434326171875
-0.46502685546875 -0.025665283203125 -0.500091552734375 -0.0491943359375
-0.404052734375 0.040069580078125 -0.3035888671875 -0.0320434570312499
-0.29583740234375 0.207183837890625 -0.125984191894531 -0.0804290771484375
-0.285125732421875 0.258941650390625 -0.116912841796875 -0.185638427734375
-0.154022216796875 0.348724365234375 -0.21453857421875 -0.318878173828125
-0.021209716796875 0.355987548828125 -0.36248779296875 -0.48968505859375
0.034912109375 0.5916748046875 0.361419677734375 -0.104583740234375
-0.0191345214843751 0.544708251953125 0.3419189453125 -0.083404541015625
-0.267608642578125 0.558074951171875 0.277206420898438 -0.0856170654296875
-0.41717529296875 0.41119384765625 0.337921142578125 0.072845458984375
-0.553497314453125 0.211700439453125 0.253402709960937 0.142486572265625
-0.65576171875 0.134521484375 0.101043701171875 0.1956787109375
-0.6484375 0.0675659179687499 -0.0900726318359376 0.168350219726562
-0.60357666015625 -0.0745849609375 -0.222824096679688 0.074249267578125
-0.6680908203125 -0.019775390625 -0.369293212890625 0.00814819335937506
-0.621337890625 0.03924560546875 -0.383026123046875 -0.0456237792968749
-0.540130615234375 0.145599365234375 -0.273971557617188 -0.0430450439453125
-0.37298583984375 0.362579345703125 -0.158096313476563 -0.0656890869140625
-0.34893798828125 0.4189453125 -0.192306518554688 -0.130218505859375
-0.160736083984375 0.50537109375 -0.247344970703125 -0.20489501953125
0.00241088867187504 0.484161376953125 -0.3785400390625 -0.336700439453125
0.00561523437499993 0.6243896484375 0.396209716796875 0.099334716796875
-0.0882568359374999 0.57220458984375 0.366119384765625 0.098114013671875
-0.358917236328125 0.55450439453125 0.274307250976563 0.00613403320312503
-0.49505615234375 0.379241943359375 0.33349609375 0.12054443359375
-0.614990234375 0.159912109375 0.320953369140625 0.116546630859375
-0.720947265625 0.08349609375 0.259689331054687 0.127853393554688
-0.70135498046875 0.0333862304687501 0.14239501953125 0.106918334960938
-0.65509033203125 -0.077880859375 0.0317497253417968 0.0355873107910156
-0.728759765625 0.0131835937500001 -0.142288208007813 -0.0398712158203125
-0.6717529296875 0.1185302734375 -0.236740112304688 -0.0927276611328125
-0.571533203125 0.25103759765625 -0.23785400390625 -0.0809783935546874
-0.360992431640625 0.474212646484375 -0.188385009765625 -0.0435028076171875
-0.331329345703125 0.52972412109375 -0.249313354492188 -0.0397186279296874
-0.11590576171875 0.59185791015625 -0.253280639648437 -0.0492858886718749
0.03338623046875 0.544281005859375 -0.3759765625 -0.13848876953125
-0.0314331054687501 0.55810546875 0.40325927734375 0.298309326171875
-0.13720703125 0.494384765625 0.338104248046875 0.265625
-0.38226318359375 0.440521240234375 0.230361938476562 0.0955963134765625
-0.4727783203125 0.267913818359375 0.293304443359375 0.16009521484375
-0.553070068359375 0.068634033203125 0.371490478515625 0.109405517578125
-0.656494140625 0.01190185546875 0.4158935546875 0.091522216796875
-0.638671875 -0.00726318359374993 0.382110595703125 0.059906005859375
-0.60498046875 -0.0694580078124999 0.28125 -0.0113525390625
-0.6732177734375 0.0357055664062499 0.0801239013671875 -0.118324279785156
-0.6038818359375 0.16156005859375 -0.0954437255859375 -0.176025390625
-0.496002197265625 0.2911376953125 -0.20745849609375 -0.134445190429687
-0.28448486328125 0.4849853515625 -0.211578369140625 -0.0204315185546874
-0.25836181640625 0.532440185546875 -0.273025512695312 0.0609130859375
-0.05419921875 0.57098388671875 -0.223495483398437 0.115020751953125
0.052459716796875 0.5218505859375 -0.350250244140625 0.06854248046875
-0.055419921875 0.406402587890625 0.3873291015625 0.460601806640625
-0.136505126953125 0.3505859375 0.275848388671875 0.383056640625
-0.3134765625 0.2738037109375 0.157608032226562 0.153701782226563
-0.34521484375 0.14251708984375 0.230072021484375 0.1727294921875
-0.384735107421875 0.002960205078125 0.385711669921875 0.112152099609375
-0.482696533203125 -0.0367431640624999 0.5313720703125 0.08380126953125
-0.47320556640625 -0.031890869140625 0.5836181640625 0.03125
-0.463165283203125 -0.054779052734375 0.49072265625 -0.05926513671875
-0.515655517578125 0.036163330078125 0.262039184570313 -0.203033447265625
-0.445465087890625 0.141143798828125 0.0152587890625 -0.259979248046875
-0.3538818359375 0.240570068359375 -0.186325073242188 -0.1845703125
-0.186767578125 0.38311767578125 -0.22906494140625 -0.00451660156250001
-0.168121337890625 0.4205322265625 -0.271835327148438 0.140182495117188
-0.013641357421875 0.4471435546875 -0.179519653320313 0.253509521484375
0.043609619140625 0.41259765625 -0.314910888671875 0.247589111328125
-0.05828857421875 0.202438354492188 0.370513916015625 0.5594482421875
-0.082305908203125 0.184066772460938 0.215240478515625 0.4346923828125
-0.173385620117187 0.118423461914063 0.09423828125 0.176498413085938
-0.163986206054688 0.060333251953125 0.175506591796875 0.161163330078125
-0.176513671875 -0.011474609375 0.375762939453125 0.111083984375
-0.249954223632813 -0.037261962890625 0.59161376953125 0.088134765625
-0.244155883789063 -0.0322265625 0.715087890625 0.01214599609375
-0.249191284179688 -0.0330963134765625 0.63043212890625 -0.10302734375
-0.2825927734375 0.01202392578125 0.3828125 -0.270904541015625
-0.234451293945312 0.069915771484375 0.088623046875 -0.324066162109375
-0.183074951171875 0.126953125 -0.17425537109375 -0.218215942382813
-0.0928802490234375 0.20916748046875 -0.246002197265625 0.00479125976562497
-0.0884552001953125 0.231414794921875 -0.266006469726563 0.187149047851563
0.000579833984374988 0.246002197265625 -0.149993896484375 0.34619140625
0.00918579101562499 0.237380981445312 -0.289306640625 0.3736572265625
-0.0283660888671875 0.0296306610107422 0.216339111328125 -0.422607421875
0.0189628601074219 -0.00772285461425781 0.154510498046875 -0.3756103515625
-0.00713968276977539 -0.00298690795898438 0.19482421875 -0.185348510742188
-0.0210094451904297 0.00716590881347657 0.24859619140625 -0.0055694580078125
-0.027069091796875 0.00127029418945313 0.1307373046875 0.224105834960937
-0.00935173034667969 -0.00652027130126953 -0.115875244140625 0.349609375
-0.00910758972167969 0.00957489013671875 -0.440521240234375 0.287811279296875
-0.0012671947479248 -0.00309610366821289 -0.65087890625 0.12457275390625
0.00731277465820312 0.0170736312866211 -0.7235107421875 -0.0103759765625
-0.00802135467529297 -0.00365066528320313 -0.59765625 -0.0986938476562501
0.00360751152038574 -0.00133061408996582 -0.336029052734375 -0.0457763671875
0.0163965225219727 0.00106048583984375 -0.109703063964844 -0.0846176147460938
0.00846624374389648 -0.00381708145141602 -0.0326690673828125 -0.2099609375
0.0157375335693359 -0.013819694519043 -0.17486572265625 -0.40252685546875
-0.000477313995361327 -0.00822257995605469 -0.33795166015625 -0.603271484375
0.0218353271484375 0.266220092773438 0.24835205078125 -0.38775634765625
0.042816162109375 0.219772338867188 0.20648193359375 -0.33880615234375
-0.064910888671875 0.24053955078125 0.21630859375 -0.184036254882812
-0.144577026367188 0.195480346679688 0.281890869140625 0.00674438476562501
-0.215744018554687 0.123397827148438 0.151336669921875 0.2081298828125
-0.253143310546875 0.0887451171875 -0.092987060546875 0.328338623046875
-0.267913818359375 0.0601196289062501 -0.399017333984375 0.27838134765625
-0.253021240234375 -0.0310211181640625 -0.59161376953125 0.12603759765625
-0.266677856445313 -0.0187072753906251 -0.68304443359375 0.0116577148437499
-0.248275756835938 -0.0347442626953125 -0.5748291015625 -0.06866455078125
-0.207504272460937 -0.00602722167968749 -0.32275390625 -0.033905029296875
-0.152801513671875 0.083160400390625 -0.105880737304688 -0.0836563110351563
-0.152511596679687 0.112380981445313 -0.0586090087890625 -0.203811645507812
-0.0881500244140625 0.167861938476563 -0.183502197265625 -0.380340576171875
-0.017364501953125 0.1851806640625 -0.3482666015625 -0.57763671875
0.048675537109375 0.467132568359375 0.3060302734375 -0.279632568359375
0.035888671875 0.41796875 0.278060913085938 -0.241058349609375
-0.152313232421875 0.443328857421875 0.249801635742188 -0.153579711914062
-0.2791748046875 0.34478759765625 0.316192626953125 0.03131103515625
-0.4031982421875 0.20391845703125 0.192108154296875 0.177871704101563
-0.4818115234375 0.14752197265625 -0.0207672119140626 0.273086547851563
-0.491912841796875 0.084808349609375 -0.2757568359375 0.236587524414063
-0.464599609375 -0.053253173828125 -0.43902587890625 0.109344482421875
-0.50653076171875 -0.027923583984375 -0.55902099609375 0.0248413085937499
-0.467559814453125 -0.01788330078125 -0.5037841796875 -0.03900146484375
-0.40386962890625 0.04742431640625 -0.303955078125 -0.02801513671875
-0.292083740234375 0.21185302734375 -0.127670288085938 -0.0783233642578125
-0.280868530273438 0.266387939453125 -0.119644165039062 -0.184005737304687
-0.149993896484375 0.351715087890625 -0.21832275390625 -0.31695556640625
-0.015228271484375 0.357391357421875 -0.370208740234375 -0.484161376953125
0.0455322265625 0.59320068359375 0.3594970703125 -0.10986328125
-0.00997924804687499 0.54595947265625 0.34100341796875 -0.08978271484375
-0.25653076171875 0.563720703125 0.276473999023438 -0.08941650390625
-0.40966796875 0.419677734375 0.337890625 0.06744384765625
-0.550445556640625 0.219757080078125 0.256256103515625 0.1370849609375
-0.6541748046875 0.1480712890625 0.105224609375 0.193939208984375
-0.64923095703125 0.07806396484375 -0.0878906250000001 0.170501708984375
-0.6063232421875 -0.0651855468749999 -0.22198486328125 0.0809173583984375
-0.669921875 -0.00848388671874999 -0.3695068359375 0.01422119140625
-0.62353515625 0.050048828125 -0.38531494140625 -0.0380859375
-0.53753662109375 0.154571533203125 -0.274948120117188 -0.0393981933593749
-0.365692138671875 0.368804931640625 -0.15869140625 -0.0637664794921874
-0.341033935546875 0.425537109375 -0.194732666015625 -0.126358032226563
-0.151702880859375 0.510528564453125 -0.250564575195313 -0.201889038085937
0.00830078125000005 0.484832763671875 -0.3846435546875 -0.330841064453125
0.0164794921874999 0.62664794921875 0.397979736328125 0.094268798828125
-0.07891845703125 0.5736083984375 0.366973876953125 0.0931396484375
-0.3499755859375 0.56439208984375 0.273223876953125 0.00292968750000003
-0.49017333984375 0.38934326171875 0.334747314453125 0.114410400390625
-0.6148681640625 0.16949462890625 0.323944091796875 0.110382080078125
-0.72113037109375 0.0965576171875 0.261474609375 0.123870849609375
-0.7012939453125 0.0453491210937499 0.145767211914062 0.104766845703125
-0.6572265625 -0.06671142578125 0.0321464538574218 0.0373764038085938
-0.72906494140625 0.0272827148437501 -0.14404296875 -0.035980224609375
-0.67108154296875 0.13128662109375 -0.23809814453125 -0.0875396728515625
-0.56719970703125 0.260986328125 -0.238433837890625 -0.076080322265625
-0.3531494140625 0.481536865234375 -0.189712524414063 -0.0392608642578124
-0.321563720703125 0.535369873046875 -0.249954223632813 -0.0344543457031249
-0.1048583984375 0.5946044921875 -0.253326416015625 -0.0460968017578125
0.0427551269531251 0.544158935546875 -0.37933349609375 -0.1322021484375
-0.022369384765625 0.55889892578125 0.408660888671875 0.29278564453125
-0.12774658203125 0.49725341796875 0.344146728515625 0.260406494140625
-0.37554931640625 0.4490966796875 0.230300903320312 0.0922088623046875
-0.467376708984375 0.27606201171875 0.296112060546875 0.1558837890625
-0.5517578125 0.079620361328125 0.3740234375 0.1031494140625
-0.65740966796875 0.0231323242187501 0.419342041015625 0.084320068359375
-0.6392822265625 0.00451660156249988 0.382659912109375 0.054840087890625
-0.60784912109375 -0.05908203125 0.281219482421875 -0.01593017578125
-0.67340087890625 0.04803466796875 0.0781402587890625 -0.119728088378906
-0.603515625 0.17181396484375 -0.0984954833984376 -0.173126220703125
-0.492218017578125 0.299163818359375 -0.209671020507813 -0.131027221679688
-0.274688720703125 0.490386962890625 -0.21258544921875 -0.0170440673828125
-0.248626708984375 0.538848876953125 -0.272109985351563 0.066253662109375
-0.04388427734375 0.57354736328125 -0.220535278320313 0.118057250976563
0.06231689453125 0.519805908203125 -0.350189208984375 0.073822021484375
-0.0484619140625 0.410064697265625 0.39556884765625 0.454681396484375
-0.13079833984375 0.35394287109375 0.28289794921875 0.37835693359375
-0.309967041015625 0.280670166015625 0.1595458984375 0.151931762695313
-0.343231201171875 0.148345947265625 0.232101440429687 0.169815063476563
-0.38458251953125 0.00891113281250001 0.39007568359375 0.1051025390625
-0.48297119140625 -0.0277099609375 0.5330810546875 0.072906494140625
-0.475006103515625 -0.025390625 0.586181640625 0.01873779296875
-0.4638671875 -0.0480957031250001 0.491363525390625 -0.067718505859375
-0.515869140625 0.0444030761718751 0.260330200195312 -0.20684814453125
-0.44354248046875 0.149078369140625 0.01141357421875 -0.260879516601563
-0.35150146484375 0.24749755859375 -0.1888427734375 -0.18157958984375
-0.179107666015625 0.387786865234375 -0.22906494140625 -0.000183105468749985
-0.163330078125 0.425048828125 -0.269027709960938 0.145919799804688
-0.00396728515625004 0.44842529296875 -0.174148559570313 0.256134033203125
0.051422119140625 0.41265869140625 -0.31011962890625 0.25177001953125
-0.056121826171875 0.2039794921875 0.380035400390625 0.55401611328125
-0.07879638671875 0.185821533203125 0.223663330078125 0.432098388671875
-0.171829223632813 0.12213134765625 0.0970916748046875 0.175582885742188
-0.162506103515625 0.062957763671875 0.17901611328125 0.157119750976563
-0.1766357421875 -0.009124755859375 0.37811279296875 0.10406494140625
-0.250656127929688 -0.034027099609375 0.59405517578125 0.07476806640625
-0.245071411132813 -0.0293731689453125 0.7193603515625 -0.00115966796875
-0.249801635742188 -0.028839111328125 0.628662109375 -0.11492919921875
-0.284088134765625 0.017425537109375 0.3792724609375 -0.27838134765625
-0.234817504882813 0.073974609375 0.08428955078125 -0.325347900390625
-0.181747436523438 0.1309814453125 -0.176620483398438 -0.216293334960938
-0.0895538330078125 0.211654663085938 -0.245391845703125 0.00712585449218755
-0.083831787109375 0.2342529296875 -0.263275146484375 0.192672729492188
0.00486755371093751 0.2471923828125 -0.14154052734375 0.349578857421875
0.013336181640625 0.236526489257812 -0.282379150390625 0.37652587890625
-0.0275440216064453 0.0309085845947266 0.21002197265625 -0.425537109375
0.0184803009033203 -0.00819969177246094 0.14764404296875 -0.378631591796875
-0.00702142715454102 -0.00439548492431641 0.192352294921875 -0.187530517578125
-0.0215358734130859 0.00785446166992187 0.250320434570313 -0.010772705078125
-0.0267486572265625 0.00278472900390625 0.134918212890625 0.219863891601563
-0.00970554351806641 -0.00548839569091797 -0.10968017578125 0.35174560546875
-0.00891399383544922 0.010167121887207 -0.438568115234375 0.29595947265625
-0.00109565258026123 -0.00195932388305664 -0.6470947265625 0.1375732421875
0.00907325744628906 0.0175876617431641 -0.72332763671875 0.00390625000000012
-0.00876617431640625 -0.003936767578125 -0.59844970703125 -0.088623046875
0.00279974937438965 -0.000460147857666016 -0.335205078125 -0.039215087890625
0.0166749954223633 0.00102806091308594 -0.109352111816406 -0.0840072631835937
0.00889778137207031 -0.0029144287109375 -0.0368499755859375 -0.20819091796875
0.0157833099365234 -0.0143518447875977 -0.180938720703125 -0.399932861328125
0.000481128692626954 -0.00843906402587891 -0.34912109375 -0.5975341796875
0.027313232421875 0.266998291015625 0.24407958984375 -0.3897705078125
0.0467071533203125 0.21881103515625 0.20135498046875 -0.34228515625
-0.06182861328125 0.242034912109375 0.213363647460938 -0.188308715820312
-0.1400146484375 0.197738647460937 0.280929565429688 0.00248718261718751
-0.214340209960938 0.123733520507812 0.155288696289063 0.205978393554688
-0.2510986328125 0.0934906005859375 -0.0885009765625 0.331329345703125
-0.26806640625 0.0644073486328125 -0.39398193359375 0.28753662109375
-0.25439453125 -0.0263214111328125 -0.58856201171875 0.13641357421875
-0.268402099609375 -0.0131378173828125 -0.68359375 0.023681640625
-0.248428344726563 -0.0294952392578125 -0.578125 -0.05816650390625
-0.206756591796875 -0.0026702880859375 -0.322967529296875 -0.0282287597656251
-0.150436401367188 0.0854339599609375 -0.108978271484375 -0.0824813842773437
-0.151290893554688 0.115402221679688 -0.0631866455078125 -0.203567504882813
-0.084503173828125 0.169631958007813 -0.1905517578125 -0.376739501953125
-0.0141448974609375 0.184494018554688 -0.36090087890625 -0.5723876953125
0.0562744140625 0.465728759765625 0.299957275390625 -0.2843017578125
0.042724609375 0.41595458984375 0.275421142578125 -0.247787475585937
-0.143829345703125 0.4495849609375 0.245864868164063 -0.157684326171875
-0.273040771484375 0.350921630859375 0.315826416015625 0.025115966796875
-0.398590087890625 0.2108154296875 0.195419311523437 0.17315673828125
-0.479248046875 0.153045654296875 -0.01531982421875 0.271987915039063
-0.492431640625 0.0930175781249999 -0.274093627929688 0.241744995117188
-0.4659423828125 -0.046661376953125 -0.43896484375 0.1177978515625
-0.507354736328125 -0.0174560546875 -0.559234619140625 0.0353698730468751
-0.46905517578125 -0.0101013183593749 -0.50457763671875 -0.029083251953125
-0.403656005859375 0.0523681640625 -0.30487060546875 -0.022064208984375
-0.2884521484375 0.215911865234375 -0.129081726074219 -0.077972412109375
-0.276168823242188 0.269485473632813 -0.123641967773438 -0.18157958984375
-0.142913818359375 0.354736328125 -0.223846435546875 -0.313201904296875
-0.00982666015625002 0.357879638671875 -0.379638671875 -0.4793701171875
0.0554809570312499 0.5924072265625 0.356781005859375 -0.113616943359375
-0.00247192382812504 0.54522705078125 0.3409423828125 -0.095428466796875
-0.2476806640625 0.5689697265625 0.2730712890625 -0.09320068359375
-0.4019775390625 0.427459716796875 0.3406982421875 0.060577392578125
-0.54925537109375 0.230926513671875 0.258392333984375 0.1337890625
-0.65216064453125 0.16046142578125 0.105758666992187 0.192031860351563
-0.64801025390625 0.0906372070312501 -0.084259033203125 0.172256469726563
-0.607177734375 -0.055419921875 -0.219497680664063 0.083282470703125
-0.67095947265625 0.00469970703124986 -0.370452880859375 0.02069091796875
-0.62176513671875 0.0604248046875001 -0.386383056640625 -0.031097412109375
-0.53619384765625 0.16259765625 -0.275146484375 -0.0344696044921875
-0.35894775390625 0.373687744140625 -0.161376953125 -0.062957763671875
-0.333465576171875 0.43243408203125 -0.196243286132813 -0.124679565429687
-0.143096923828125 0.51239013671875 -0.254364013671875 -0.196273803710937
0.01763916015625 0.4842529296875 -0.391693115234375 -0.324798583984375
0.026611328125 0.6260986328125 0.4000244140625 0.0885620117187501
-0.06878662109375 0.5732421875 0.370208740234375 0.08538818359375
-0.34027099609375 0.57098388671875 0.271774291992188 -0.00128173828124997
-0.482940673828125 0.39849853515625 0.33831787109375 0.110626220703125
-0.61004638671875 0.18121337890625 0.32501220703125 0.10577392578125
-0.71990966796875 0.10821533203125 0.263214111328125 0.118392944335937
-0.69927978515625 0.05712890625 0.1478271484375 0.103424072265625
-0.658935546875 -0.05462646484375 0.033416748046875 0.0356788635253906
-0.72991943359375 0.0390014648437501 -0.1439208984375 -0.033416748046875
-0.67041015625 0.1412353515625 -0.24078369140625 -0.0834197998046875
-0.564208984375 0.2701416015625 -0.240493774414063 -0.0717620849609375
-0.3428955078125 0.48760986328125 -0.190414428710938 -0.0385437011718749
-0.31182861328125 0.543182373046875 -0.250442504882813 -0.0305633544921875
-0.09600830078125 0.59759521484375 -0.253433227539063 -0.0410003662109375
0.051361083984375 0.5428466796875 -0.381561279296875 -0.127288818359375
-0.0117797851562501 0.560302734375 0.4129638671875 0.288482666015625
-0.12060546875 0.49969482421875 0.347808837890625 0.25531005859375
-0.3687744140625 0.45623779296875 0.230880737304687 0.090179443359375
-0.462554931640625 0.284210205078125 0.298492431640625 0.151275634765625
-0.548828125 0.0890197753906251 0.375335693359375 0.095977783203125
-0.65740966796875 0.0343017578124999 0.41973876953125 0.076385498046875
-0.63922119140625 0.0148315429687501 0.386627197265625 0.047882080078125
-0.609130859375 -0.04803466796875 0.28125 -0.020477294921875
-0.67425537109375 0.06146240234375 0.0763549804687499 -0.119651794433594
-0.60137939453125 0.1826171875 -0.1009521484375 -0.170608520507813
-0.487640380859375 0.309051513671875 -0.2108154296875 -0.127685546875
-0.26727294921875 0.494659423828125 -0.213104248046875 -0.0141448974609375
-0.239105224609375 0.5439453125 -0.27032470703125 0.072235107421875
-0.03338623046875 0.57525634765625 -0.218276977539063 0.122039794921875
0.0703125000000001 0.51971435546875 -0.34912109375 0.078582763671875
-0.041534423828125 0.4088134765625 0.40234375 0.44830322265625
-0.12542724609375 0.355743408203125 0.289337158203125 0.37451171875
-0.304840087890625 0.286712646484375 0.161056518554687 0.149810791015625
-0.3409423828125 0.154510498046875 0.236160278320312 0.16595458984375
-0.385498046875 0.0152587890625001 0.389892578125 0.0986328125
-0.483734130859375 -0.0212402343750001 0.535125732421875 0.0638427734375
-0.474639892578125 -0.0170898437500001 0.5867919921875 0.0111083984375
-0.464630126953125 -0.0389099121093749 0.489776611328125 -0.076080322265625
-0.51556396484375 0.05328369140625 0.2568359375 -0.211746215820313
-0.44189453125 0.157623291015625 0.00828552246093749 -0.259292602539063
-0.347015380859375 0.253448486328125 -0.191635131835938 -0.178253173828125
-0.172332763671875 0.38873291015625 -0.229660034179688 0.00312805175781256
-0.153045654296875 0.42889404296875 -0.266677856445313 0.152252197265625
0.00103759765624996 0.449005126953125 -0.169296264648438 0.258514404296875
0.05859375 0.411895751953125 -0.306640625 0.25628662109375
-0.0516510009765625 0.205886840820313 0.389556884765625 0.548309326171875
-0.07562255859375 0.187026977539063 0.231536865234375 0.4271240234375
-0.17071533203125 0.125930786132813 0.09844970703125 0.174057006835938
-0.1612548828125 0.06561279296875 0.181243896484375 0.154067993164063
-0.174545288085938 -0.00570678710937502 0.3790283203125 0.098175048828125
-0.251708984375 -0.0292205810546875 0.5950927734375 0.06585693359375
-0.245651245117187 -0.0256500244140625 0.71868896484375 -0.01312255859375
-0.24951171875 -0.0244598388671875 0.62744140625 -0.12567138671875
-0.283355712890625 0.02398681640625 0.376190185546875 -0.28466796875
-0.232955932617187 0.078521728515625 0.08056640625 -0.325653076171875
-0.180496215820312 0.13360595703125 -0.180755615234375 -0.213058471679688
-0.0858154296875 0.2125244140625 -0.246322631835938 0.0127410888671875
-0.079864501953125 0.235931396484375 -0.258682250976563 0.197494506835938
0.00984191894531248 0.246810913085938 -0.1357421875 0.3505859375
0.0180511474609375 0.23663330078125 -0.2760009765625 0.380157470703125
-0.0267066955566406 0.0316619873046875 0.20123291015625 -0.42779541015625
0.0187015533447266 -0.00896072387695313 0.13995361328125 -0.37939453125
-0.00712299346923828 -0.00463199615478516 0.187835693359375 -0.19061279296875
-0.0202274322509766 0.00795364379882813 0.247772216796875 -0.015167236328125
-0.0261688232421875 0.00243186950683594 0.137908935546875 0.218658447265625
-0.00920772552490234 -0.00495338439941406 -0.10296630859375 0.352569580078125
-0.00777053833007813 0.0100946426391602 -0.433135986328125 0.304595947265625
-0.00206899642944336 -0.00266051292419434 -0.64404296875 0.14801025390625
0.00993728637695313 0.0168581008911133 -0.723388671875 0.0171508789062499
-0.00788116455078125 -0.00400686264038086 -0.60211181640625 -0.0789184570312501
0.00295591354370117 -0.000808000564575195 -0.33599853515625 -0.0341796875000001
0.0164756774902344 -0.0007171630859375 -0.110603332519531 -0.0817108154296875
0.00960922241210937 -0.00410842895507812 -0.0399017333984375 -0.207931518554687
0.015660285949707 -0.0137186050415039 -0.185394287109375 -0.39630126953125
0.000266075134277343 -0.00825405120849609 -0.358642578125 -0.58984375
0.03204345703125 0.266494750976563 0.234619140625 -0.3931884765625
0.0498504638671875 0.217132568359375 0.194671630859375 -0.34613037109375
-0.0550994873046875 0.241958618164062 0.209426879882813 -0.189178466796875
-0.135498046875 0.201339721679687 0.281158447265625 -0.00241088867187499
-0.2100830078125 0.128082275390625 0.158737182617188 0.202682495117187
-0.249755859375 0.09674072265625 -0.081573486328125 0.331329345703125
-0.26513671875 0.068572998046875 -0.391204833984375 0.295684814453125
-0.254928588867188 -0.0222167968749999 -0.58526611328125 0.1466064453125
-0.267074584960937 -0.00765991210937503 -0.68316650390625 0.0366821289062499
-0.249801635742188 -0.0254058837890625 -0.578125 -0.04583740234375
-0.207290649414063 0.000137329101562512 -0.32403564453125 -0.023468017578125
-0.148117065429688 0.0870513916015625 -0.109199523925781 -0.0815658569335938
-0.14874267578125 0.1185302734375 -0.0641937255859375 -0.200942993164063
-0.0812530517578125 0.170516967773438 -0.1962890625 -0.372833251953125
-0.0106658935546875 0.184844970703125 -0.36968994140625 -0.5655517578125
0.064727783203125 0.465240478515625 0.294281005859375 -0.288055419921875
0.0501708984375 0.414764404296875 0.270523071289063 -0.25152587890625
-0.13604736328125 0.451263427734375 0.24212646484375 -0.160385131835938
-0.267425537109375 0.356964111328125 0.3162841796875 0.0196533203125
-0.39385986328125 0.217071533203125 0.197662353515625 0.169525146484375
-0.47625732421875 0.1611328125 -0.01226806640625 0.272796630859375
-0.49029541015625 0.100341796875 -0.269607543945313 0.246261596679687
-0.46844482421875 -0.0379943847656249 -0.43450927734375 0.1251220703125
-0.508270263671875 -0.00857543945312496 -0.557891845703125 0.044586181640625
-0.46795654296875 -0.00134277343750005 -0.505645751953125 -0.02117919921875
-0.403045654296875 0.0589294433593749 -0.30328369140625 -0.017181396484375
-0.283416748046875 0.221282958984375 -0.130264282226563 -0.075927734375
-0.271240234375 0.272811889648438 -0.125442504882813 -0.178146362304688
-0.136627197265625 0.35736083984375 -0.228240966796875 -0.3095703125
-0.00375366210937498 0.3575439453125 -0.386322021484375 -0.470703125
0.06640625 0.59002685546875 0.353668212890625 -0.11883544921875
0.00857543945312504 0.542449951171875 0.338775634765625 -0.101959228515625
-0.2353515625 0.576171875 0.271316528320313 -0.0972137451171875
-0.396026611328125 0.434967041015625 0.341064453125 0.05535888671875
-0.5440673828125 0.2415771484375 0.259613037109375 0.128814697265625
-0.64849853515625 0.1683349609375 0.110015869140625 0.189895629882813
-0.64697265625 0.1007080078125 -0.0814361572265626 0.174285888671875
-0.60784912109375 -0.04345703125 -0.217819213867188 0.0862579345703125
-0.67010498046875 0.0154418945312499 -0.368804931640625 0.029083251953125
-0.620361328125 0.0693969726562499 -0.386474609375 -0.02252197265625
-0.534088134765625 0.1717529296875 -0.274581909179688 -0.0284271240234375
-0.351318359375 0.37908935546875 -0.161697387695313 -0.0599212646484374
-0.32489013671875 0.43731689453125 -0.197235107421875 -0.11956787109375
-0.133575439453125 0.51434326171875 -0.255889892578125 -0.19268798828125
0.024444580078125 0.482818603515625 -0.39678955078125 -0.316650390625
0.0392456054687501 0.624755859375 0.401275634765625 0.08172607421875
-0.05865478515625 0.5712890625 0.37042236328125 0.07904052734375
-0.3282470703125 0.5772705078125 0.271240234375 -0.00422668457031246
-0.4744873046875 0.4061279296875 0.339324951171875 0.102783203125
-0.60626220703125 0.1910400390625 0.326385498046875 0.099395751953125
-0.71514892578125 0.1209716796875 0.263992309570312 0.113540649414063
-0.6982421875 0.0682983398437501 0.149627685546875 0.100860595703125
-0.66015625 -0.0447998046875 0.0336341857910156 0.0350990295410156
-0.73004150390625 0.051513671875 -0.143630981445313 -0.0299224853515625
-0.66754150390625 0.15234375 -0.241317749023438 -0.0771636962890625
-0.55975341796875 0.278594970703125 -0.240936279296875 -0.0678863525390625
-0.333984375 0.492950439453125 -0.191787719726563 -0.035247802734375
-0.301544189453125 0.547210693359375 -0.249618530273438 -0.0247802734375
-0.08380126953125 0.5982666015625 -0.253097534179688 -0.037322998046875
0.058807373046875 0.541900634765625 -0.383026123046875 -0.1209716796875
-0.002105712890625 0.558837890625 0.41748046875 0.27972412109375
-0.110107421875 0.499298095703125 0.3525390625 0.248077392578125
-0.36004638671875 0.46435546875 0.230514526367187 0.087188720703125
-0.45751953125 0.292724609375 0.30108642578125 0.1461181640625
-0.547210693359375 0.0972900390625001 0.376953125 0.089324951171875
-0.653564453125 0.04443359375 0.418670654296875 0.068511962890625
-0.63922119140625 0.0230102539062501 0.38641357421875 0.04083251953125
-0.60986328125 -0.03961181640625 0.281280517578125 -0.025177001953125
-0.67303466796875 0.0722656250000001 0.0742034912109374 -0.120437622070313
-0.59832763671875 0.194091796875 -0.103622436523438 -0.167526245117188
-0.482330322265625 0.316436767578125 -0.211883544921875 -0.1234130859375
-0.257843017578125 0.499114990234375 -0.212921142578125 -0.0107269287109374
-0.227783203125 0.548004150390625 -0.268173217773438 0.0776214599609376
-0.02252197265625 0.574462890625 -0.214630126953125 0.125198364257813
0.0781555175781249 0.51708984375 -0.347259521484375 0.08404541015625
-0.033660888671875 0.4083251953125 0.411041259765625 0.4403076171875
-0.117156982421875 0.356597900390625 0.295257568359375 0.3673095703125
-0.2994384765625 0.2926025390625 0.161056518554687 0.147781372070313
-0.337188720703125 0.16070556640625 0.238677978515625 0.160781860351563
-0.381866455078125 0.021392822265625 0.391937255859375 0.092041015625
-0.482391357421875 -0.01031494140625 0.532989501953125 0.05426025390625
-0.474761962890625 -0.00933837890625002 0.58563232421875 0.001953125
-0.46405029296875 -0.0326232910156249 0.48797607421875 -0.084442138671875
-0.51422119140625 0.063385009765625 0.254013061523437 -0.215347290039063
-0.43988037109375 0.164581298828125 0.00456237792968746 -0.259292602539063
-0.3416748046875 0.257781982421875 -0.193222045898438 -0.1744384765625
-0.1666259765625 0.392486572265625 -0.229171752929688 0.00631713867187506
-0.145416259765625 0.431884765625 -0.263534545898438 0.157424926757812
0.010498046875 0.447906494140625 -0.16400146484375 0.261184692382813
0.06512451171875 0.410614013671875 -0.300811767578125 0.26141357421875
-0.0470733642578125 0.2069091796875 0.397705078125 0.541229248046875
-0.0722503662109375 0.188369750976563 0.237518310546875 0.422607421875
-0.169403076171875 0.12939453125 0.09954833984375 0.17291259765625
-0.159988403320313 0.0680389404296875 0.184097290039063 0.15155029296875
-0.175918579101563 -0.00373840332031249 0.379791259765625 0.09130859375
-0.252227783203125 -0.0237884521484375 0.594482421875 0.05352783203125
-0.245529174804688 -0.0206756591796875 0.7176513671875 -0.02630615234375
-0.249923706054688 -0.020416259765625 0.625244140625 -0.1365966796875
-0.282623291015625 0.0270080566406249 0.36993408203125 -0.290252685546875
-0.232589721679688 0.0828857421875 0.074371337890625 -0.3277587890625
-0.177780151367188 0.137298583984375 -0.182693481445312 -0.209457397460938
-0.0824432373046875 0.213302612304687 -0.244552612304687 0.0153961181640626
-0.074676513671875 0.237350463867188 -0.255218505859375 0.203704833984375
0.014190673828125 0.246932983398438 -0.1292724609375 0.350067138671875
0.022003173828125 0.235549926757813 -0.268402099609375 0.384246826171875
-0.0256500244140625 0.0339164733886719 0.19390869140625 -0.428009033203125
0.0158452987670898 -0.00835514068603516 0.133331298828125 -0.38031005859375
-0.0072479248046875 -0.00351285934448242 0.184326171875 -0.194046020507813
-0.0191898345947266 0.00958633422851563 0.246063232421875 -0.019287109375
-0.0248451232910156 0.00375175476074218 0.140670776367188 0.214614868164063
-0.00950813293457031 -0.00482177734375 -0.0972900390625 0.353240966796875
-0.00921630859375 0.00966453552246094 -0.427215576171875 0.311492919921875
-0.00219058990478516 -0.0026545524597168 -0.639892578125 0.160888671875
0.0101957321166992 0.0163593292236328 -0.71978759765625 0.02862548828125
-0.0114374160766602 -0.00340080261230469 -0.6016845703125 -0.0657348632812499
0.00266885757446289 -0.00174355506896973 -0.33441162109375 -0.0282592773437501
0.0169391632080078 -0.000751495361328125 -0.112617492675781 -0.0804061889648437
0.00902938842773438 -0.00429248809814453 -0.0423431396484375 -0.208145141601563
0.0148048400878906 -0.0155324935913086 -0.19287109375 -0.391845703125
0.0014033317565918 -0.00751543045043945 -0.3662109375 -0.58074951171875
0.0357666015625 0.265701293945313 0.22808837890625 -0.393585205078125
0.0524749755859375 0.213546752929688 0.1873779296875 -0.348236083984375
-0.05230712890625 0.244293212890625 0.203903198242188 -0.191925048828125
-0.131240844726563 0.204193115234375 0.277999877929688 -0.00617980957031249
-0.20806884765625 0.13226318359375 0.161117553710938 0.199325561523437
-0.246658325195313 0.0997161865234375 -0.078338623046875 0.330322265625
-0.264434814453125 0.0723724365234374 -0.385467529296875 0.3009033203125
-0.254638671875 -0.019439697265625 -0.5802001953125 0.15625
-0.2677001953125 -0.00273132324218753 -0.67877197265625 0.0467529296875001
-0.248687744140625 -0.0218048095703125 -0.5767822265625 -0.0365600585937501
-0.207183837890625 0.00321960449218749 -0.32257080078125 -0.01959228515625
-0.14569091796875 0.088134765625 -0.109550476074219 -0.0793075561523437
-0.145523071289063 0.119857788085937 -0.0669403076171875 -0.200271606445313
-0.0783233642578125 0.170745849609375 -0.2034912109375 -0.3697509765625
-0.00808715820312501 0.184539794921875 -0.376312255859375 -0.55792236328125
0.07220458984375 0.461700439453125 0.2890625 -0.291961669921875
0.05792236328125 0.412200927734375 0.26312255859375 -0.257843017578125
-0.1253662109375 0.45281982421875 0.237533569335938 -0.163558959960937
-0.258819580078125 0.358306884765625 0.314300537109375 0.0130615234375
-0.39031982421875 0.223846435546875 0.200302124023437 0.165328979492187
-0.471710205078125 0.171051025390625 -0.00613403320312501 0.27032470703125
-0.48724365234375 0.108551025390625 -0.2642822265625 0.250457763671875
-0.46441650390625 -0.031646728515625 -0.4322509765625 0.133209228515625
-0.50439453125 3.05175781248971E-05 -0.5555419921875 0.05450439453125
-0.466094970703125 0.00570678710937497 -0.503692626953125 -0.0113220214843749
-0.399444580078125 0.062408447265625 -0.3021240234375 -0.0115356445312499
-0.278030395507812 0.223617553710938 -0.132156372070313 -0.0750885009765625
-0.264816284179688 0.276046752929687 -0.127120971679688 -0.175247192382812
-0.128936767578125 0.359161376953125 -0.232177734375 -0.304931640625
0.00363159179687501 0.35687255859375 -0.39483642578125 -0.462921142578125
0.078125 0.58673095703125 0.35125732421875 -0.124969482421875
0.016937255859375 0.5400390625 0.334625244140625 -0.106842041015625
-0.22491455078125 0.580078125 0.265823364257813 -0.0987701416015624
-0.38629150390625 0.44097900390625 0.340545654296875 0.04986572265625
-0.5374755859375 0.249359130859375 0.261550903320312 0.123519897460938
-0.6422119140625 0.1807861328125 0.111724853515625 0.1866455078125
-0.6431884765625 0.10980224609375 -0.07806396484375 0.17626953125
-0.60723876953125 -0.0368041992187499 -0.21551513671875 0.091552734375
-0.6689453125 0.0289916992187499 -0.367584228515625 0.036102294921875
-0.615966796875 0.0820312500000001 -0.384765625 -0.0155029296875
-0.52947998046875 0.179779052734375 -0.27362060546875 -0.0255126953124999
-0.34503173828125 0.3839111328125 -0.162460327148438 -0.0570831298828125
-0.31585693359375 0.442413330078125 -0.198928833007813 -0.116775512695312
-0.123992919921875 0.514190673828125 -0.257080078125 -0.187835693359375
0.0330810546875 0.481231689453125 -0.401031494140625 -0.306427001953125
0.048583984375 0.6207275390625 0.400299072265625 0.076080322265625
-0.0480346679687499 0.570556640625 0.37152099609375 0.073028564453125
-0.3177490234375 0.58343505859375 0.268035888671875 -0.00650024414062496
-0.465301513671875 0.41339111328125 0.3399658203125 0.098602294921875
-0.60186767578125 0.20086669921875 0.326446533203125 0.09307861328125
-0.71209716796875 0.13153076171875 0.264801025390625 0.108139038085938
-0.6968994140625 0.0781860351562501 0.151260375976562 0.0982666015625
-0.65679931640625 -0.0336914062499999 0.0345611572265625 0.0351428985595703
-0.72747802734375 0.06500244140625 -0.143844604492188 -0.026824951171875
-0.66302490234375 0.1639404296875 -0.242874145507813 -0.0718536376953125
-0.554840087890625 0.285919189453125 -0.239547729492188 -0.0637359619140625
-0.32379150390625 0.4964599609375 -0.190963745117188 -0.032196044921875
-0.289703369140625 0.552215576171875 -0.2491455078125 -0.0189971923828125
-0.0720825195312499 0.59869384765625 -0.25274658203125 -0.034515380859375
0.0688781738281251 0.538970947265625 -0.3836669921875 -0.114471435546875
0.00793457031250004 0.556427001953125 0.419677734375 0.2725830078125
-0.10205078125 0.49774169921875 0.355072021484375 0.2418212890625
-0.34942626953125 0.469024658203125 0.230850219726562 0.083251953125
-0.450286865234375 0.299224853515625 0.301605224609375 0.14031982421875
-0.5421142578125 0.105438232421875 0.37677001953125 0.082427978515625
-0.65313720703125 0.05535888671875 0.41961669921875 0.061004638671875
-0.63720703125 0.0336914062500001 0.38641357421875 0.03466796875
-0.6085205078125 -0.03094482421875 0.28076171875 -0.029266357421875
-0.6695556640625 0.0852050781250001 0.0725860595703124 -0.120262145996094
-0.5938720703125 0.20355224609375 -0.104751586914063 -0.164749145507813
-0.475555419921875 0.322021484375 -0.213088989257813 -0.119461059570312
-0.248443603515625 0.501373291015625 -0.21295166015625 -0.00617980957031247
-0.21795654296875 0.55194091796875 -0.264892578125 0.0825347900390625
-0.0133056640625 0.57427978515625 -0.21185302734375 0.127792358398438
0.08636474609375 0.51416015625 -0.3441162109375 0.088592529296875
-0.02587890625 0.40826416015625 0.415313720703125 0.43212890625
-0.112518310546875 0.35711669921875 0.300201416015625 0.362030029296875
-0.2918701171875 0.298248291015625 0.162567138671875 0.145523071289063
-0.333587646484375 0.164306640625 0.240646362304687 0.159454345703125
-0.3812255859375 0.0273132324218749 0.39019775390625 0.084503173828125
-0.47979736328125 -0.00296020507812493 0.531097412109375 0.0445556640625
-0.473480224609375 -0.0021972656249999 0.5855712890625 -0.01080322265625
-0.46343994140625 -0.02490234375 0.48419189453125 -0.092498779296875
-0.5118408203125 0.0739440917968751 0.2498779296875 -0.216720581054687
-0.436370849609375 0.172637939453125 0.000488281249999987 -0.256912231445312
-0.33929443359375 0.266082763671875 -0.193283081054688 -0.171844482421875
-0.157012939453125 0.392974853515625 -0.228515625 0.0110015869140625
-0.1373291015625 0.432769775390625 -0.258056640625 0.1622314453125
0.018646240234375 0.446807861328125 -0.158798217773437 0.262771606445313
0.070556640625 0.4080810546875 -0.2969970703125 0.262542724609375
-0.043182373046875 0.207168579101563 0.407470703125 0.5322265625
-0.0683135986328125 0.188003540039063 0.244903564453125 0.417938232421875
-0.166458129882812 0.13275146484375 0.1002197265625 0.17083740234375
-0.158737182617187 0.0696868896484375 0.185470581054688 0.145553588867188
-0.17523193359375 -0.00126647949218751 0.378662109375 0.082763671875
-0.25140380859375 -0.019744873046875 0.5927734375 0.04241943359375
-0.245101928710938 -0.0164031982421875 0.71685791015625 -0.04022216796875
-0.249008178710938 -0.0166473388671874 0.620361328125 -0.1483154296875
-0.281280517578125 0.033538818359375 0.364593505859375 -0.295379638671875
-0.229019165039062 0.086639404296875 0.0694580078124999 -0.327880859375
-0.175567626953125 0.13983154296875 -0.184463500976563 -0.206314086914063
-0.078399658203125 0.213424682617187 -0.2432861328125 0.021240234375
-0.070770263671875 0.238174438476563 -0.251663208007813 0.20660400390625
0.018951416015625 0.244644165039062 -0.12200927734375 0.35125732421875
0.0269012451171875 0.234054565429688 -0.26031494140625 0.387237548828125
-0.0245552062988281 0.0359954833984375 0.18621826171875 -0.427337646484375
0.0165157318115234 -0.00933742523193359 0.1246337890625 -0.381439208984375
-0.00693559646606445 -0.00623083114624024 0.179931640625 -0.19488525390625
-0.0184555053710938 0.00775527954101563 0.245086669921875 -0.0218658447265625
-0.0259819030761719 0.00365066528320312 0.144287109375 0.210098266601563
-0.00937557220458984 -0.00543498992919922 -0.08935546875 0.35369873046875
-0.00782108306884765 0.0122833251953125 -0.420166015625 0.31756591796875
-0.000808477401733398 -0.00338363647460938 -0.63299560546875 0.16845703125
0.0117559432983398 0.0172672271728516 -0.71673583984375 0.04083251953125
-0.00928306579589844 -0.00307559967041016 -0.60015869140625 -0.0557250976562501
0.00337862968444824 -0.00265908241271973 -0.331512451171875 -0.02545166015625
0.0150699615478516 -0.00058746337890625 -0.111412048339844 -0.0802459716796875
0.00902557373046875 -0.00489330291748047 -0.0442352294921875 -0.205841064453125
0.0161199569702148 -0.0149364471435547 -0.196197509765625 -0.38702392578125
0.00138950347900391 -0.00617742538452148 -0.373779296875 -0.57354736328125
0.04132080078125 0.265487670898438 0.21832275390625 -0.39532470703125
0.054962158203125 0.214981079101562 0.181976318359375 -0.3482666015625
-0.0465545654296875 0.243072509765625 0.200958251953125 -0.193756103515625
-0.1263427734375 0.204421997070312 0.2784423828125 -0.0118255615234375
-0.206222534179688 0.134414672851562 0.167861938476563 0.195327758789063
-0.246826171875 0.104339599609375 -0.0712890625 0.333587646484375
-0.260208129882813 0.0755767822265624 -0.375823974609375 0.304595947265625
-0.253463745117188 -0.01568603515625 -0.57427978515625 0.16790771484375
-0.266342163085937 0.00131225585937497 -0.674560546875 0.05908203125
-0.249435424804688 -0.0160675048828124 -0.57342529296875 -0.026611328125
-0.207901000976563 0.00718688964843752 -0.319854736328125 -0.01275634765625
-0.144012451171875 0.09112548828125 -0.110816955566406 -0.078338623046875
-0.143875122070312 0.121337890625 -0.0687713623046875 -0.196670532226563
-0.0754241943359375 0.172027587890625 -0.20379638671875 -0.3631591796875
-0.00500488281250002 0.184646606445313 -0.383148193359375 -0.547088623046875
0.08135986328125 0.460693359375 0.283203125 -0.292816162109375
0.065185546875 0.409820556640625 0.259048461914063 -0.260025024414063
-0.1168212890625 0.45599365234375 0.234481811523438 -0.165390014648437
-0.251495361328125 0.36151123046875 0.3125 0.00970458984375002
-0.38604736328125 0.230255126953125 0.202484130859375 0.160263061523438
-0.46624755859375 0.17474365234375 -0.00378417968750005 0.26934814453125
-0.482391357421875 0.1136474609375 -0.258209228515625 0.254730224609375
-0.464447021484375 -0.0234069824218751 -0.426910400390625 0.140380859375
-0.50457763671875 0.00930786132812509 -0.5501708984375 0.0647888183593751
-0.463043212890625 0.0130004882812499 -0.504852294921875 -0.000823974609375108
-0.395233154296875 0.071746826171875 -0.29833984375 -0.00711059570312494
-0.273101806640625 0.224441528320313 -0.13092041015625 -0.0726852416992187
-0.258743286132813 0.280242919921875 -0.129623413085938 -0.1712646484375
-0.12261962890625 0.3604736328125 -0.23468017578125 -0.2984619140625
0.00756835937499998 0.356536865234375 -0.39825439453125 -0.455230712890625
0.085693359375 0.58282470703125 0.347991943359375 -0.127593994140625
0.025909423828125 0.53607177734375 0.33135986328125 -0.111907958984375
-0.2161865234375 0.58221435546875 0.264480590820313 -0.0997161865234375
-0.378814697265625 0.446044921875 0.33929443359375 0.043548583984375
-0.532073974609375 0.25799560546875 0.26104736328125 0.119171142578125
-0.636474609375 0.188720703125 0.114303588867187 0.18389892578125
-0.637451171875 0.1182861328125 -0.0741729736328126 0.176513671875
-0.605712890625 -0.028564453125 -0.21197509765625 0.0937652587890625
-0.663330078125 0.0381469726562499 -0.364593505859375 0.042449951171875
-0.61572265625 0.0917968750000001 -0.38372802734375 -0.007965087890625
-0.524627685546875 0.18798828125 -0.272247314453125 -0.0196380615234374
-0.334014892578125 0.385711669921875 -0.16162109375 -0.054931640625
-0.305999755859375 0.447174072265625 -0.198287963867188 -0.109130859375
-0.115447998046875 0.516448974609375 -0.258499145507813 -0.181747436523437
0.03936767578125 0.479034423828125 -0.4012451171875 -0.29925537109375
0.06097412109375 0.61871337890625 0.399810791015625 0.069488525390625
-0.03839111328125 0.5677490234375 0.37109375 0.065643310546875
-0.304931640625 0.5860595703125 0.266357421875 -0.010345458984375
-0.456695556640625 0.417388916015625 0.341094970703125 0.093017578125
-0.59698486328125 0.20947265625 0.326171875 0.086883544921875
-0.7064208984375 0.14385986328125 0.264938354492187 0.10345458984375
-0.69219970703125 0.0890502929687501 0.152725219726562 0.0948638916015625
-0.65545654296875 -0.0255126953125 0.0345211029052734 0.0343723297119141
-0.7216796875 0.0783691406250001 -0.144241333007813 -0.0234375
-0.6590576171875 0.1744384765625 -0.2415771484375 -0.0675048828125
-0.547027587890625 0.294464111328125 -0.239959716796875 -0.0591583251953125
-0.31549072265625 0.50048828125 -0.190261840820313 -0.028564453125
-0.28021240234375 0.55560302734375 -0.24755859375 -0.0135192871093749
-0.06121826171875 0.59686279296875 -0.250762939453125 -0.0300140380859375
0.074920654296875 0.533721923828125 -0.382965087890625 -0.10614013671875
0.017425537109375 0.5538330078125 0.420166015625 0.265350341796875
-0.09149169921875 0.4962158203125 0.358489990234375 0.233123779296875
-0.3408203125 0.4755859375 0.228240966796875 0.0814666748046875
-0.443634033203125 0.30487060546875 0.302581787109375 0.135162353515625
-0.53875732421875 0.114532470703125 0.375244140625 0.075927734375
-0.64715576171875 0.0659790039062499 0.41680908203125 0.0535888671875
-0.63360595703125 0.0436401367187499 0.38690185546875 0.0272216796875
-0.6072998046875 -0.0207519531249999 0.2783203125 -0.0333709716796875
-0.666259765625 0.0952148437499999 0.0710296630859375 -0.120697021484375
-0.58721923828125 0.21136474609375 -0.107513427734375 -0.160720825195313
-0.4676513671875 0.32916259765625 -0.212738037109375 -0.11553955078125
-0.238372802734375 0.5029296875 -0.212203979492188 -0.00389099121093743
-0.205780029296875 0.552642822265625 -0.261459350585938 0.0867156982421875
-0.00286865234374995 0.57208251953125 -0.207550048828125 0.130584716796875
0.0953674316406251 0.509735107421875 -0.341033935546875 0.0933837890625
-0.020233154296875 0.40716552734375 0.422607421875 0.42572021484375
-0.103363037109375 0.35546875 0.30401611328125 0.355133056640625
-0.28814697265625 0.30364990234375 0.161834716796875 0.142333984375
-0.3297119140625 0.17041015625 0.239578247070312 0.152816772460937
-0.378143310546875 0.033447265625 0.390106201171875 0.07586669921875
-0.47613525390625 0.004852294921875 0.530670166015625 0.035888671875
-0.47271728515625 0.00439453124999996 0.5849609375 -0.01934814453125
-0.461944580078125 -0.0178833007812501 0.48297119140625 -0.10003662109375
-0.5093994140625 0.080291748046875 0.244338989257812 -0.22100830078125
-0.43023681640625 0.17669677734375 -0.00303649902343755 -0.255050659179688
-0.333038330078125 0.267303466796875 -0.195724487304688 -0.167343139648437
-0.1517333984375 0.393402099609375 -0.22637939453125 0.0144195556640626
-0.12890625 0.434417724609375 -0.253570556640625 0.166122436523438
0.024810791015625 0.44451904296875 -0.152847290039062 0.262954711914063
0.079010009765625 0.40240478515625 -0.288970947265625 0.26611328125
-0.039154052734375 0.207168579101562 0.410064697265625 0.524139404296875
-0.063873291015625 0.1893310546875 0.251007080078125 0.41387939453125
-0.165130615234375 0.13653564453125 0.101837158203125 0.169586181640625
-0.158096313476563 0.072296142578125 0.186965942382813 0.144989013671875
-0.172378540039063 0.001708984375 0.37786865234375 0.077056884765625
-0.247955322265625 -0.0161590576171875 0.591796875 0.03271484375
-0.246047973632813 -0.0135955810546874 0.71392822265625 -0.05242919921875
-0.248626708984375 -0.013519287109375 0.61639404296875 -0.1549072265625
-0.281219482421875 0.037994384765625 0.35772705078125 -0.2998046875
-0.229248046875 0.08880615234375 0.063140869140625 -0.3265380859375
-0.173095703125 0.14080810546875 -0.186538696289063 -0.202651977539062
-0.0725555419921875 0.21405029296875 -0.243362426757813 0.0250396728515625
-0.06640625 0.240219116210938 -0.2445068359375 0.21038818359375
0.023162841796875 0.243988037109375 -0.114990234375 0.349822998046875
0.0302276611328125 0.233200073242187 -0.252899169921875 0.38665771484375
-0.0239334106445313 0.0354957580566406 0.17889404296875 -0.42626953125
0.0176162719726563 -0.0110282897949219 0.1177978515625 -0.38043212890625
-0.00756072998046875 -0.00380277633666992 0.175994873046875 -0.196517944335938
-0.0187606811523438 0.00937652587890625 0.24249267578125 -0.025299072265625
-0.0257244110107422 0.00448417663574219 0.14617919921875 0.207061767578125
-0.0102558135986328 -0.00618743896484375 -0.084747314453125 0.35211181640625
-0.00849533081054687 0.00957965850830078 -0.412994384765625 0.323333740234375
-0.0017552375793457 -0.00291228294372559 -0.62750244140625 0.1785888671875
0.0102605819702148 0.0163536071777344 -0.7105712890625 0.0518798828125
-0.0105323791503906 -0.00279617309570313 -0.5965576171875 -0.04736328125
0.00203967094421387 -0.00209879875183105 -0.330657958984375 -0.020233154296875
0.0160503387451172 -0.00259208679199219 -0.110527038574219 -0.07818603515625
0.00798606872558594 -0.0049138069152832 -0.046875 -0.204421997070313
0.0149641036987305 -0.0144262313842773 -0.200958251953125 -0.38189697265625
0.00153207778930664 -0.00629234313964844 -0.38079833984375 -0.56390380859375
0.045806884765625 0.262039184570313 0.21295166015625 -0.391998291015625
0.059906005859375 0.210113525390625 0.173370361328125 -0.34979248046875
-0.0440826416015625 0.24444580078125 0.195159912109375 -0.194503784179687
-0.12506103515625 0.204742431640625 0.274978637695313 -0.0158538818359375
-0.201553344726562 0.137771606445313 0.16607666015625 0.191879272460938
-0.243148803710937 0.10675048828125 -0.06561279296875 0.330047607421875
-0.260345458984375 0.0784759521484375 -0.3726806640625 0.309967041015625
-0.2520751953125 -0.0106201171875 -0.56939697265625 0.1732177734375
-0.263656616210938 0.00588989257812498 -0.67047119140625 0.0694580078124999
-0.247848510742188 -0.0134124755859375 -0.5712890625 -0.01690673828125
-0.205963134765625 0.00791931152343754 -0.31829833984375 -0.00820922851562499
-0.140884399414063 0.0903472900390625 -0.112518310546875 -0.0771255493164063
-0.140525817871094 0.12225341796875 -0.07073974609375 -0.196380615234375
-0.07196044921875 0.17333984375 -0.2086181640625 -0.358551025390625
-0.00320434570312502 0.184173583984375 -0.3900146484375 -0.537506103515625
0.090087890625 0.4547119140625 0.277374267578125 -0.2940673828125
0.068756103515625 0.404022216796875 0.253128051757813 -0.261627197265625
-0.108734130859375 0.453582763671875 0.2294921875 -0.166275024414063
-0.2464599609375 0.363861083984375 0.312042236328125 0.00274658203125002
-0.378875732421875 0.23358154296875 0.2030029296875 0.155899047851563
-0.462432861328125 0.18157958984375 0.000915527343749985 0.267990112304688
-0.47857666015625 0.11993408203125 -0.252883911132813 0.256744384765625
-0.462493896484375 -0.0163574218750001 -0.42236328125 0.1463623046875
-0.499359130859375 0.017120361328125 -0.54815673828125 0.072906494140625
-0.462005615234375 0.0211486816406249 -0.499298095703125 0.00674438476562502
-0.394989013671875 0.07550048828125 -0.298614501953125 -0.00354003906249996
-0.268157958984375 0.228195190429688 -0.132553100585938 -0.0704879760742187
-0.252899169921875 0.2816162109375 -0.130340576171875 -0.169570922851562
-0.11676025390625 0.35772705078125 -0.2379150390625 -0.293182373046875
0.012847900390625 0.353057861328125 -0.403594970703125 -0.443115234375
0.0951538085937499 0.57952880859375 0.343292236328125 -0.132354736328125
0.034149169921875 0.532196044921875 0.328216552734375 -0.116119384765625
-0.2034912109375 0.58160400390625 0.259307861328125 -0.104568481445312
-0.3677978515625 0.447357177734375 0.338531494140625 0.038726806640625
-0.52484130859375 0.2633056640625 0.262115478515625 0.114105224609375
-0.63165283203125 0.197021484375 0.115707397460937 0.180282592773438
-0.63458251953125 0.12646484375 -0.0711669921875 0.177581787109375
-0.60302734375 -0.0180664062500001 -0.209671020507813 0.097808837890625
-0.662353515625 0.0500488281250001 -0.362030029296875 0.048004150390625
-0.60870361328125 0.0999755859375001 -0.381988525390625 5.29000944163689E-17
-0.518951416015625 0.192535400390625 -0.270126342773438 -0.0155181884765625
-0.32794189453125 0.38812255859375 -0.16278076171875 -0.052001953125
-0.2978515625 0.446441650390625 -0.198196411132813 -0.107040405273437
-0.1063232421875 0.51361083984375 -0.259429931640625 -0.178802490234375
0.04522705078125 0.475250244140625 -0.405548095703125 -0.293365478515625
0.0692749023437501 0.612548828125 0.397186279296875 0.06439208984375
-0.0301513671875 0.56390380859375 0.36944580078125 0.06109619140625
-0.2950439453125 0.58746337890625 0.265060424804687 -0.0129852294921875
-0.4471435546875 0.423675537109375 0.339263916015625 0.086212158203125
-0.5897216796875 0.2154541015625 0.32586669921875 0.082275390625
-0.69970703125 0.15264892578125 0.264846801757812 0.0985870361328125
-0.6873779296875 0.0975952148437499 0.154434204101562 0.092681884765625
-0.6522216796875 -0.0161132812500001 0.0353889465332031 0.0346183776855469
-0.71722412109375 0.0890502929687501 -0.143402099609375 -0.020904541015625
-0.65277099609375 0.18292236328125 -0.241256713867188 -0.0606231689453124
-0.54052734375 0.29949951171875 -0.2384033203125 -0.0567779541015625
-0.305633544921875 0.498291015625 -0.190811157226563 -0.0265350341796874
-0.268463134765625 0.555816650390625 -0.244491577148438 -0.010101318359375
-0.05218505859375 0.594970703125 -0.250106811523438 -0.02606201171875
0.083953857421875 0.53106689453125 -0.3843994140625 -0.102630615234375
0.024688720703125 0.550140380859375 0.423583984375 0.2576904296875
-0.08447265625 0.495086669921875 0.359649658203125 0.228668212890625
-0.330291748046875 0.47802734375 0.227401733398437 0.077850341796875
-0.436126708984375 0.3084716796875 0.3033447265625 0.129425048828125
-0.532623291015625 0.1209716796875 0.373992919921875 0.06964111328125
-0.6431884765625 0.07470703125 0.41424560546875 0.0460205078125
-0.62921142578125 0.0509643554687499 0.38458251953125 0.022216796875
-0.6024169921875 -0.0123901367187501 0.27734375 -0.03662109375
-0.66162109375 0.10406494140625 0.0689315795898437 -0.119857788085938
-0.58319091796875 0.21917724609375 -0.109115600585938 -0.157150268554688
-0.46295166015625 0.33349609375 -0.212356567382813 -0.111419677734375
-0.229736328125 0.504486083984375 -0.211456298828125 -0.000717163085937439
-0.196258544921875 0.553375244140625 -0.2579345703125 0.0922241210937501
0.00494384765624998 0.56793212890625 -0.204376220703125 0.130661010742188
0.101226806640625 0.505523681640625 -0.337738037109375 0.0974731445312501
-0.013214111328125 0.404754638671875 0.42413330078125 0.41717529296875
-0.098968505859375 0.355743408203125 0.308563232421875 0.34735107421875
-0.2794189453125 0.305938720703125 0.161376953125 0.140655517578125
-0.32269287109375 0.1728515625 0.24139404296875 0.147018432617187
-0.37481689453125 0.03594970703125 0.387786865234375 0.070098876953125
-0.473846435546875 0.0113830566406249 0.525238037109375 0.0252685546875
-0.47021484375 0.0102539062500001 0.57940673828125 -0.0281982421875
-0.45941162109375 -0.0109252929687501 0.477386474609375 -0.10723876953125
-0.504852294921875 0.0882873535156251 0.242172241210937 -0.220733642578125
-0.42694091796875 0.183349609375 -0.0067138671875 -0.253250122070313
-0.326904296875 0.272369384765625 -0.196243286132813 -0.162155151367187
-0.14398193359375 0.394012451171875 -0.226608276367188 0.017730712890625
-0.12200927734375 0.433807373046875 -0.249267578125 0.169448852539063
0.033477783203125 0.441864013671875 -0.14715576171875 0.261367797851563
0.08245849609375 0.399688720703125 -0.28399658203125 0.266357421875
-0.036407470703125 0.206069946289063 0.415802001953125 0.5150146484375
-0.0612030029296875 0.187698364257813 0.25518798828125 0.40435791015625
-0.161956787109375 0.138275146484375 0.1014404296875 0.167678833007813
-0.154449462890625 0.0746307373046875 0.18658447265625 0.14031982421875
-0.171676635742188 0.0032958984375 0.375946044921875 0.070465087890625
-0.248016357421875 -0.0128021240234375 0.58868408203125 0.0233154296875
-0.243560791015625 -0.010711669921875 0.70733642578125 -0.061279296875
-0.248275756835937 -0.0103302001953125 0.60919189453125 -0.16424560546875
-0.278076171875 0.04119873046875 0.355010986328125 -0.302459716796875
-0.225631713867188 0.0927734375 0.06005859375 -0.325103759765625
-0.168930053710938 0.143417358398438 -0.187423706054688 -0.1976318359375
-0.070098876953125 0.214797973632812 -0.240081787109375 0.0277557373046875
-0.062042236328125 0.239089965820312 -0.23974609375 0.214202880859375
0.0258941650390625 0.242691040039063 -0.10919189453125 0.349395751953125
0.03338623046875 0.231475830078125 -0.24664306640625 0.387664794921875
-0.021270751953125 0.0335617065429688 0.17169189453125 -0.4256591796875
0.0164060592651367 -0.0105485916137695 0.11346435546875 -0.376312255859375
-0.00773859024047852 -0.00317955017089844 0.171722412109375 -0.195892333984375
-0.0176906585693359 0.007904052734375 0.240005493164063 -0.0300750732421875
-0.0249061584472656 0.00285911560058594 0.148117065429687 0.202590942382812
-0.00953388214111328 -0.00570583343505859 -0.079010009765625 0.35064697265625
-0.00793266296386719 0.00968456268310547 -0.40869140625 0.32958984375
-0.00180315971374512 -0.00361156463623047 -0.61712646484375 0.18798828125
0.0121736526489258 0.0169134140014648 -0.70526123046875 0.0598144531250001
-0.00792407989501953 -0.00109529495239258 -0.59356689453125 -0.0385742187500001
0.00235080718994141 -0.0030672550201416 -0.328399658203125 -0.013763427734375
0.015864372253418 -0.00181865692138672 -0.111030578613281 -0.0770797729492187
0.00933265686035156 -0.00422096252441406 -0.04656982421875 -0.202651977539063
0.0126733779907227 -0.014988899230957 -0.203948974609375 -0.377532958984375
0.00215721130371094 -0.00715494155883789 -0.384857177734375 -0.5531005859375
0.051788330078125 0.260482788085937 0.20562744140625 -0.39337158203125
0.0623626708984375 0.206466674804688 0.16748046875 -0.3502197265625
-0.0396575927734375 0.243209838867188 0.19140625 -0.197174072265625
-0.118270874023438 0.204437255859375 0.273513793945312 -0.01812744140625
-0.19781494140625 0.140274047851563 0.167587280273438 0.187118530273438
-0.240371704101562 0.110061645507813 -0.0592041015625 0.32818603515625
-0.254669189453125 0.0794677734375001 -0.3670654296875 0.314544677734375
-0.2486572265625 -0.00955200195312498 -0.56463623046875 0.18341064453125
-0.263458251953125 0.00836181640624995 -0.6644287109375 0.0799560546874999
-0.246871948242188 -0.0106048583984375 -0.56573486328125 -0.00921630859374988
-0.20489501953125 0.012847900390625 -0.31732177734375 -0.00335693359374997
-0.1405029296875 0.0936965942382812 -0.111846923828125 -0.0744247436523438
-0.136100769042969 0.125442504882813 -0.071380615234375 -0.1934814453125
-0.0701751708984375 0.171249389648438 -0.211639404296875 -0.356597900390625
-0.000610351562499996 0.181350708007813 -0.394805908203125 -0.53094482421875
0.092010498046875 0.451568603515625 0.26922607421875 -0.294891357421875
0.0750732421875 0.399932861328125 0.2503662109375 -0.26287841796875
-0.101287841796875 0.45098876953125 0.225921630859375 -0.168899536132812
-0.2386474609375 0.36346435546875 0.309112548828125 0.000793457031250022
-0.37261962890625 0.238739013671875 0.205398559570312 0.153305053710938
-0.45709228515625 0.186065673828125 0.00265502929687499 0.264556884765625
-0.475250244140625 0.124786376953125 -0.247848510742188 0.255752563476563
-0.45916748046875 -0.01141357421875 -0.418182373046875 0.150848388671875
-0.497283935546875 0.023040771484375 -0.542877197265625 0.081878662109375
-0.459014892578125 0.023529052734375 -0.49310302734375 0.014984130859375
-0.390960693359375 0.08056640625 -0.29400634765625 -9.1552734375049E-05
-0.263717651367187 0.229782104492188 -0.131721496582031 -0.0688018798828125
-0.24591064453125 0.283447265625 -0.129837036132813 -0.167587280273438
-0.111114501953125 0.3570556640625 -0.2388916015625 -0.28607177734375
0.01513671875 0.351226806640625 -0.407623291015625 -0.43548583984375
0.10272216796875 0.57415771484375 0.338958740234375 -0.135406494140625
0.0413513183593749 0.52655029296875 0.322265625 -0.11920166015625
-0.1937255859375 0.58172607421875 0.257095336914063 -0.104385375976562
-0.3572998046875 0.449676513671875 0.3370361328125 0.0325927734375
-0.519134521484375 0.26776123046875 0.261993408203125 0.107650756835938
-0.62384033203125 0.20361328125 0.115890502929687 0.177413940429687
-0.62744140625 0.13275146484375 -0.0681762695312501 0.17449951171875
-0.60028076171875 -0.00811767578125011 -0.204742431640625 0.0996246337890625
-0.65533447265625 0.0579223632812501 -0.358917236328125 0.053924560546875
-0.6060791015625 0.10699462890625 -0.378265380859375 0.00457763671875001
-0.51287841796875 0.199462890625 -0.269454956054688 -0.0123443603515625
-0.320587158203125 0.38922119140625 -0.162551879882813 -0.0498199462890625
-0.288238525390625 0.449920654296875 -0.196487426757813 -0.103561401367187
-0.0985412597656251 0.5107421875 -0.260726928710938 -0.173583984375
0.0513610839843751 0.472869873046875 -0.407623291015625 -0.284454345703125
0.07666015625 0.606201171875 0.394866943359375 0.0589599609375
-0.02349853515625 0.557159423828125 0.36767578125 0.05474853515625
-0.28509521484375 0.5904541015625 0.260009765625 -0.014678955078125
-0.43817138671875 0.424835205078125 0.33770751953125 0.08062744140625
-0.582763671875 0.22265625 0.324676513671875 0.0782470703125
-0.6943359375 0.15985107421875 0.261856079101562 0.09375
-0.68109130859375 0.10693359375 0.155853271484375 0.0916748046875
-0.64752197265625 -0.00653076171875003 0.0380325317382812 0.0343055725097656
-0.71319580078125 0.1005859375 -0.140884399414063 -0.017913818359375
-0.6466064453125 0.19110107421875 -0.23895263671875 -0.054290771484375
-0.53485107421875 0.304656982421875 -0.236953735351563 -0.0535430908203125
-0.29693603515625 0.50018310546875 -0.189315795898438 -0.0250549316406249
-0.2596435546875 0.556488037109375 -0.242294311523438 -0.00671386718749992
-0.04351806640625 0.59124755859375 -0.247634887695313 -0.0233154296874999
0.09075927734375 0.52734375 -0.3824462890625 -0.09625244140625
0.033966064453125 0.5452880859375 0.4227294921875 0.250885009765625
-0.07708740234375 0.492095947265625 0.360382080078125 0.220367431640625
-0.321685791015625 0.47845458984375 0.22607421875 0.0753936767578125
-0.427703857421875 0.313995361328125 0.302642822265625 0.124359130859375
-0.5264892578125 0.12554931640625 0.3712158203125 0.064666748046875
-0.6376953125 0.0828857421875001 0.411407470703125 0.0404052734375
-0.62469482421875 0.05963134765625 0.382598876953125 0.016143798828125
-0.59820556640625 -0.00476074218749998 0.27557373046875 -0.0391693115234375
-0.65533447265625 0.11590576171875 0.0677642822265625 -0.11932373046875
-0.57659912109375 0.22503662109375 -0.110458374023438 -0.152481079101563
-0.4559326171875 0.337310791015625 -0.211395263671875 -0.107284545898437
-0.22064208984375 0.502716064453125 -0.210861206054688 0.00210571289062501
-0.18780517578125 0.553070068359375 -0.254135131835938 0.0946502685546876
0.0140991210937499 0.5657958984375 -0.20086669921875 0.132492065429687
0.105712890625 0.500274658203125 -0.334625244140625 0.10089111328125
-0.00592041015625004 0.400482177734375 0.426422119140625 0.407562255859375
-0.092071533203125 0.35418701171875 0.312164306640625 0.34271240234375
-0.27301025390625 0.307373046875 0.160797119140625 0.138046264648438
-0.318023681640625 0.177642822265625 0.240753173828125 0.142730712890625
-0.37237548828125 0.040679931640625 0.386322021484375 0.064300537109375
-0.471435546875 0.0156249999999999 0.523651123046875 0.017974853515625
-0.46685791015625 0.018951416015625 0.5753173828125 -0.037841796875
-0.456787109375 -0.00555419921874992 0.473785400390625 -0.112701416015625
-0.502593994140625 0.0937805175781249 0.236373901367188 -0.223373413085938
-0.4239501953125 0.18743896484375 -0.00982666015625005 -0.249130249023438
-0.321197509765625 0.2757568359375 -0.195648193359375 -0.160720825195312
-0.137298583984375 0.392364501953125 -0.22393798828125 0.0187377929687501
-0.1126708984375 0.43414306640625 -0.244384765625 0.172683715820313
0.0396728515625 0.440673828125 -0.141586303710938 0.261306762695313
0.08746337890625 0.397125244140625 -0.278030395507813 0.26641845703125
-0.0309906005859375 0.204544067382813 0.419677734375 0.50592041015625
-0.057952880859375 0.18682861328125 0.257965087890625 0.397308349609375
-0.159255981445312 0.141769409179688 0.10125732421875 0.166748046875
-0.151473999023438 0.0768585205078125 0.186996459960937 0.13507080078125
-0.1715087890625 0.00448608398437503 0.375396728515625 0.06463623046875
-0.247543334960937 -0.00866699218749997 0.5821533203125 0.01361083984375
-0.242706298828125 -0.00889587402343746 0.70196533203125 -0.071533203125
-0.245925903320313 -0.00869750976562496 0.605224609375 -0.1707763671875
-0.277633666992188 0.0455322265625 0.348236083984375 -0.30450439453125
-0.220901489257813 0.0972747802734375 0.056884765625 -0.323150634765625
-0.167388916015625 0.143524169921875 -0.187042236328125 -0.19390869140625
-0.0659027099609375 0.211883544921875 -0.2391357421875 0.0316925048828125
-0.056488037109375 0.239410400390625 -0.233917236328125 0.217254638671875
0.02825927734375 0.241806030273438 -0.102569580078125 0.348785400390625
0.035430908203125 0.226776123046875 -0.238739013671875 0.386505126953125
-0.0212364196777344 0.0364151000976563 0.165069580078125 -0.422698974609375
0.0165624618530273 -0.0112981796264648 0.10614013671875 -0.374481201171875
-0.0063776969909668 -0.00704860687255859 0.168914794921875 -0.195358276367188
-0.0163307189941406 0.0102148056030273 0.237518310546875 -0.0291748046875
-0.0257091522216797 0.00482177734375 0.149810791015625 0.19775390625
-0.012059211730957 -0.00682258605957031 -0.072113037109375 0.347808837890625
-0.00784587860107422 0.00840950012207031 -0.396881103515625 0.3314208984375
-0.00353860855102539 -0.00206732749938965 -0.61248779296875 0.19195556640625
0.011077880859375 0.0168027877807617 -0.70098876953125 0.0671997070312501
-0.0112791061401367 -0.0015869140625 -0.58953857421875 -0.02996826171875
0.00165224075317383 -0.0015263557434082 -0.326568603515625 -0.0129089355468749
0.0143394470214844 -0.00607013702392578 -0.108894348144531 -0.0756072998046875
0.00907611846923828 -0.00404644012451172 -0.0505218505859375 -0.201339721679688
0.0124969482421875 -0.0161476135253906 -0.20611572265625 -0.37322998046875
0.000943183898925781 -0.00758123397827149 -0.3885498046875 -0.546905517578125
0.052703857421875 0.256759643554688 0.20111083984375 -0.391448974609375
0.065032958984375 0.205093383789062 0.16314697265625 -0.349029541015625
-0.0344390869140625 0.242706298828125 0.187713623046875 -0.1949462890625
-0.118453979492187 0.207733154296875 0.269088745117188 -0.02325439453125
-0.194961547851562 0.14111328125 0.1671142578125 0.18450927734375
-0.237274169921875 0.111495971679688 -0.055206298828125 0.325653076171875
-0.254135131835938 0.080413818359375 -0.35870361328125 0.316009521484375
-0.248779296875 -0.00299072265624998 -0.558135986328125 0.188568115234375
-0.260604858398438 0.0106353759765625 -0.6607666015625 0.0874023437500001
-0.248062133789063 -0.00758361816406254 -0.56158447265625 0.000732421874999878
-0.203826904296875 0.0137786865234375 -0.31146240234375 -0.00219726562500004
-0.136672973632812 0.0928192138671875 -0.111824035644531 -0.0750961303710937
-0.133689880371094 0.122840881347656 -0.073638916015625 -0.1910400390625
-0.06494140625 0.16943359375 -0.21527099609375 -0.34716796875
0.0014801025390625 0.184173583984375 -0.39410400390625 -0.520416259765625
0.0997314453125 0.446533203125 0.26531982421875 -0.293182373046875
0.077056884765625 0.39508056640625 0.242385864257813 -0.261367797851563
-0.095184326171875 0.450653076171875 0.221023559570313 -0.17138671875
-0.23089599609375 0.364990234375 0.305938720703125 -0.00402832031249998
-0.3681640625 0.24041748046875 0.202774047851562 0.1483154296875
-0.45159912109375 0.18988037109375 0.00572204589843749 0.263259887695312
-0.469512939453125 0.130157470703125 -0.2427978515625 0.258575439453125
-0.45654296875 -0.00491333007812495 -0.412994384765625 0.158966064453125
-0.494049072265625 0.029937744140625 -0.536773681640625 0.0851440429687501
-0.4554443359375 0.0333251953125 -0.493316650390625 0.0228271484375
-0.389312744140625 0.0835571289062499 -0.293243408203125 0.00299072265625005
-0.255538940429687 0.229324340820313 -0.132850646972656 -0.0688400268554688
-0.239715576171875 0.283233642578125 -0.131729125976563 -0.16259765625
-0.10638427734375 0.356292724609375 -0.239837646484375 -0.28192138671875
0.0218505859375 0.348175048828125 -0.40802001953125 -0.428558349609375
0.10699462890625 0.56982421875 0.336334228515625 -0.133758544921875
0.04547119140625 0.520599365234375 0.319610595703125 -0.122314453125
-0.1846923828125 0.58056640625 0.251663208007813 -0.107833862304687
-0.351837158203125 0.451141357421875 0.336395263671875 0.0289306640625
-0.50933837890625 0.271209716796875 0.260406494140625 0.1048583984375
-0.617919921875 0.21051025390625 0.1156005859375 0.173660278320313
-0.6207275390625 0.13824462890625 -0.063873291015625 0.175399780273438
-0.594482421875 -0.00329589843750004 -0.202682495117188 0.105422973632813
-0.650146484375 0.0677490234375 -0.355712890625 0.0596008300781249
-0.5999755859375 0.11529541015625 -0.3739013671875 0.0115356445312501
-0.5072021484375 0.199432373046875 -0.266189575195313 -0.00839233398437501
-0.312896728515625 0.389434814453125 -0.162124633789063 -0.0486297607421875
-0.280364990234375 0.447357177734375 -0.197296142578125 -0.097930908203125
-0.091064453125 0.5093994140625 -0.258819580078125 -0.170684814453125
0.05523681640625 0.469390869140625 -0.407470703125 -0.278533935546875
0.08514404296875 0.6014404296875 0.3924560546875 0.05694580078125
-0.016845703125 0.55426025390625 0.36602783203125 0.04779052734375
-0.2728271484375 0.588623046875 0.257980346679688 -0.0165557861328125
-0.4285888671875 0.42669677734375 0.33685302734375 0.076446533203125
-0.573974609375 0.2254638671875 0.323211669921875 0.072601318359375
-0.687744140625 0.16650390625 0.261444091796875 0.090789794921875
-0.67559814453125 0.11212158203125 0.1551513671875 0.088226318359375
-0.64215087890625 0.000305175781249957 0.0363426208496093 0.0335235595703125
-0.707275390625 0.10894775390625 -0.14141845703125 -0.0145416259765625
-0.6405029296875 0.1956787109375 -0.237777709960938 -0.04962158203125
-0.52691650390625 0.30792236328125 -0.235305786132813 -0.0489959716796875
-0.286346435546875 0.49871826171875 -0.189193725585938 -0.0213623046875
-0.25048828125 0.55694580078125 -0.240570068359375 -0.00311279296875001
-0.0347900390625 0.58709716796875 -0.245376586914063 -0.020538330078125
0.095916748046875 0.5225830078125 -0.3798828125 -0.09027099609375
0.040435791015625 0.5408935546875 0.423126220703125 0.244293212890625
-0.070343017578125 0.486968994140625 0.35931396484375 0.21612548828125
-0.31329345703125 0.4810791015625 0.223785400390625 0.0746917724609375
-0.4228515625 0.31463623046875 0.30194091796875 0.11981201171875
-0.52197265625 0.129791259765625 0.36932373046875 0.056976318359375
-0.6317138671875 0.0883178710937501 0.40838623046875 0.0350341796875
-0.61956787109375 0.0650634765624999 0.381805419921875 0.012481689453125
-0.59442138671875 0.0012817382812499 0.273483276367188 -0.04278564453125
-0.6505126953125 0.12286376953125 0.066253662109375 -0.117988586425781
-0.568603515625 0.23046875 -0.10980224609375 -0.151199340820312
-0.4488525390625 0.340423583984375 -0.211257934570313 -0.105484008789062
-0.2132568359375 0.501373291015625 -0.208023071289063 0.00427246093750003
-0.1798095703125 0.551483154296875 -0.250762939453125 0.0985565185546875
0.020538330078125 0.55999755859375 -0.196258544921875 0.133377075195313
0.111572265625 0.49603271484375 -0.330108642578125 0.1025390625
0.00167846679687496 0.398193359375 0.42706298828125 0.4029541015625
-0.087066650390625 0.350738525390625 0.312530517578125 0.3338623046875
-0.269683837890625 0.30975341796875 0.161605834960937 0.138580322265625
-0.314666748046875 0.17926025390625 0.241180419921875 0.139007568359375
-0.368408203125 0.043731689453125 0.384368896484375 0.05914306640625
-0.466949462890625 0.0219116210937499 0.51544189453125 0.00946044921875
-0.46380615234375 0.02166748046875 0.57177734375 -0.04302978515625
-0.452789306640625 -0.00320434570312501 0.468292236328125 -0.117218017578125
-0.498565673828125 0.1004638671875 0.233062744140625 -0.226531982421875
-0.417144775390625 0.191741943359375 -0.00976562500000003 -0.25048828125
-0.317108154296875 0.27679443359375 -0.1966552734375 -0.155136108398438
-0.131134033203125 0.39263916015625 -0.2218017578125 0.0249633789062501
-0.107940673828125 0.433441162109375 -0.24078369140625 0.175048828125
0.04376220703125 0.4324951171875 -0.1376953125 0.259353637695313
0.089111328125 0.394012451171875 -0.27435302734375 0.267013549804688
-0.0297088623046875 0.204544067382813 0.425506591796875 0.497406005859375
-0.0537567138671875 0.183334350585938 0.260498046875 0.390655517578125
-0.155258178710938 0.142242431640625 0.1041259765625 0.164566040039063
-0.149688720703125 0.0767059326171875 0.18670654296875 0.13311767578125
-0.169174194335938 0.00833129882812497 0.368865966796875 0.058624267578125
-0.244369506835937 -0.00817871093750001 0.57745361328125 0.008056640625
-0.24249267578125 -0.00334167480468745 0.6962890625 -0.080078125
-0.244384765625 -0.00531005859375003 0.59698486328125 -0.176513671875
-0.2724609375 0.0482025146484375 0.342803955078125 -0.308349609375
-0.220687866210938 0.0968017578124999 0.054779052734375 -0.319976806640625
-0.16107177734375 0.144363403320312 -0.187774658203125 -0.188674926757812
-0.0640106201171875 0.2120361328125 -0.235198974609375 0.0329437255859375
-0.0544586181640625 0.23834228515625 -0.2291259765625 0.217529296875
0.0321197509765625 0.240447998046875 -0.096771240234375 0.344268798828125
0.0378875732421875 0.227081298828125 -0.234130859375 0.38336181640625
-0.0204315185546875 0.0364418029785156 0.16015625 -0.420074462890625
0.0165681838989258 -0.012333869934082 0.10235595703125 -0.3731689453125
-0.00750923156738281 -0.00489568710327148 0.163986206054688 -0.197311401367187
-0.0167112350463867 0.00930404663085938 0.234909057617188 -0.033172607421875
-0.0245895385742188 0.00509262084960937 0.14935302734375 0.19659423828125
-0.0104446411132813 -0.00551891326904297 -0.07159423828125 0.347015380859375
-0.00732898712158203 0.0107812881469727 -0.39398193359375 0.334503173828125
-0.00266480445861816 -0.00295543670654297 -0.60589599609375 0.1976318359375
0.0117769241333008 0.0152111053466797 -0.6949462890625 0.0760498046874999
-0.0107650756835937 -0.00110054016113281 -0.586669921875 -0.0242309570312499
0.00107240676879883 -0.00381636619567871 -0.32257080078125 -0.00848388671874999
0.0143346786499023 -0.00466632843017578 -0.109825134277344 -0.0750198364257812
0.00838327407836914 -0.00598382949829102 -0.0513458251953125 -0.200531005859375
0.0135135650634766 -0.0140933990478516 -0.2093505859375 -0.3682861328125
0.00263261795043945 -0.005523681640625 -0.38946533203125 -0.535919189453125
0.055206298828125 0.257171630859375 0.194366455078125 -0.389739990234375
0.0650177001953125 0.201278686523438 0.1558837890625 -0.348480224609375
-0.0336761474609375 0.240036010742188 0.184478759765625 -0.1949462890625
-0.112960815429687 0.204391479492188 0.266616821289063 -0.025421142578125
-0.193252563476563 0.14276123046875 0.16876220703125 0.179672241210938
-0.235580444335937 0.111068725585938 -0.0528564453125 0.32379150390625
-0.25341796875 0.0855560302734375 -0.353240966796875 0.31842041015625
-0.246856689453125 -0.00361633300781249 -0.549957275390625 0.191253662109375
-0.257827758789063 0.0158538818359375 -0.6536865234375 0.09423828125
-0.244003295898438 -0.00379943847656245 -0.558502197265625 0.0065612792968749
-0.202346801757813 0.0136260986328125 -0.30865478515625 -0.000213623046874987
-0.135848999023437 0.0922698974609375 -0.111297607421875 -0.0738449096679688
-0.133171081542969 0.123130798339844 -0.073211669921875 -0.187942504882813
-0.0636749267578125 0.172500610351563 -0.215057373046875 -0.346221923828125
0.00457763671875002 0.180618286132813 -0.39813232421875 -0.511688232421875
0.10357666015625 0.443328857421875 0.2613525390625 -0.29345703125
0.080078125 0.3896484375 0.23785400390625 -0.262969970703125
-0.089630126953125 0.4498291015625 0.219345092773437 -0.1680908203125
-0.225982666015625 0.365570068359375 0.3026123046875 -0.00689697265624998
-0.363677978515625 0.2425537109375 0.204299926757812 0.146224975585938
-0.447265625 0.193267822265625 0.00671386718749997 0.261322021484375
-0.46771240234375 0.13226318359375 -0.239120483398438 0.261001586914063
-0.45367431640625 -0.002716064453125 -0.406219482421875 0.159332275390625
-0.488861083984375 0.0349426269531251 -0.5321044921875 0.09197998046875
-0.453399658203125 0.035614013671875 -0.488037109375 0.026214599609375
-0.385589599609375 0.0835266113281251 -0.290069580078125 0.00543212890624995
-0.254653930664062 0.23028564453125 -0.132537841796875 -0.0664520263671875
-0.2364501953125 0.282958984375 -0.130538940429688 -0.16021728515625
-0.09930419921875 0.355712890625 -0.24139404296875 -0.279190063476563
0.0240478515625 0.3458251953125 -0.41082763671875 -0.420501708984375
0.11474609375 0.562164306640625 0.330902099609375 -0.136993408203125
0.051239013671875 0.515960693359375 0.3172607421875 -0.125213623046875
-0.175048828125 0.57867431640625 0.248184204101563 -0.106979370117187
-0.343902587890625 0.451812744140625 0.3319091796875 0.02520751953125
-0.5064697265625 0.275909423828125 0.258453369140625 0.1021728515625
-0.6119384765625 0.2127685546875 0.11688232421875 0.171295166015625
-0.61712646484375 0.1448974609375 -0.06170654296875 0.175918579101563
-0.59014892578125 0.00122070312499994 -0.200668334960938 0.103973388671875
-0.64605712890625 0.0729980468750001 -0.35198974609375 0.06329345703125
-0.59490966796875 0.11810302734375 -0.373016357421875 0.015655517578125
-0.502960205078125 0.20330810546875 -0.263504028320313 -0.00617980957031249
-0.306365966796875 0.388092041015625 -0.16058349609375 -0.046783447265625
-0.274261474609375 0.44818115234375 -0.194808959960938 -0.0953216552734375
-0.0845031738281251 0.506591796875 -0.258956909179688 -0.165328979492188
0.060333251953125 0.462677001953125 -0.406494140625 -0.273712158203125
0.0913696289062501 0.59613037109375 0.3914794921875 0.05218505859375
-0.00994873046874995 0.5499267578125 0.362823486328125 0.048919677734375
-0.26678466796875 0.58837890625 0.2552490234375 -0.017181396484375
-0.422454833984375 0.430908203125 0.3333740234375 0.07305908203125
-0.5693359375 0.22991943359375 0.3201904296875 0.06817626953125
-0.67950439453125 0.17205810546875 0.258956909179687 0.08612060546875
-0.6712646484375 0.11578369140625 0.155868530273438 0.0856475830078125
-0.63897705078125 0.0048217773437501 0.0395774841308593 0.0339813232421875
-0.7020263671875 0.112548828125 -0.139717102050781 -0.0106353759765625
-0.6346435546875 0.20068359375 -0.237213134765625 -0.0482330322265625
-0.52056884765625 0.31256103515625 -0.233474731445313 -0.0469512939453124
-0.280426025390625 0.4986572265625 -0.187591552734375 -0.019805908203125
-0.24359130859375 0.553985595703125 -0.237274169921875 0.000411987304687511
-0.0301513671875001 0.58343505859375 -0.242782592773438 -0.0178985595703125
0.098907470703125 0.516754150390625 -0.379974365234375 -0.0888977050781249
0.0450439453125 0.536865234375 0.42218017578125 0.239166259765625
-0.065093994140625 0.481689453125 0.360015869140625 0.210845947265625
-0.305419921875 0.48095703125 0.222061157226562 0.0738372802734375
-0.415313720703125 0.31732177734375 0.300933837890625 0.116485595703125
-0.517547607421875 0.133544921875 0.36651611328125 0.053955078125
-0.62530517578125 0.0934448242187501 0.405029296875 0.0301513671875
-0.61663818359375 0.0703735351562501 0.37933349609375 0.008453369140625
-0.59197998046875 0.00628662109375009 0.271759033203125 -0.045074462890625
-0.645263671875 0.12841796875 0.0652389526367187 -0.11712646484375
-0.56317138671875 0.23468017578125 -0.109725952148438 -0.14666748046875
-0.4437255859375 0.342071533203125 -0.209182739257813 -0.101608276367187
-0.206634521484375 0.50054931640625 -0.206497192382813 0.00686645507812507
-0.171875 0.55047607421875 -0.246490478515625 0.100723266601563
0.02716064453125 0.557769775390625 -0.193405151367188 0.13409423828125
0.114105224609375 0.49029541015625 -0.327178955078125 0.104278564453125
0.00262451171874998 0.39593505859375 0.428680419921875 0.39642333984375
-0.08233642578125 0.34796142578125 0.31402587890625 0.330322265625
-0.262603759765625 0.3106689453125 0.158706665039062 0.135147094726563
-0.30963134765625 0.180877685546875 0.24029541015625 0.136550903320313
-0.363677978515625 0.0465393066406251 0.38043212890625 0.05413818359375
-0.463104248046875 0.0260314941406249 0.513458251953125 0.005859375
-0.460601806640625 0.02606201171875 0.5672607421875 -0.04840087890625
-0.450103759765625 0.0031127929687499 0.46484375 -0.12005615234375
-0.493408203125 0.10589599609375 0.230010986328125 -0.224502563476563
-0.41339111328125 0.194061279296875 -0.011138916015625 -0.245880126953125
-0.3125 0.277252197265625 -0.196136474609375 -0.152862548828125
-0.128082275390625 0.39068603515625 -0.219924926757813 0.0252838134765626
-0.10198974609375 0.43316650390625 -0.234085083007813 0.178070068359375
0.04833984375 0.432586669921875 -0.133041381835937 0.258743286132813
0.09454345703125 0.388427734375 -0.269317626953125 0.267608642578125
-0.0272216796875 0.202301025390625 0.424041748046875 0.490020751953125
-0.0517730712890625 0.184722900390625 0.262908935546875 0.388519287109375
-0.151809692382813 0.14410400390625 0.101242065429687 0.162918090820313
-0.148284912109375 0.0778045654296875 0.186126708984375 0.130050659179688
-0.167373657226563 0.00662231445312503 0.36932373046875 0.054290771484375
-0.243118286132812 -0.00491333007812502 0.5728759765625 -3.00844761604925E-19
-0.241073608398438 -0.00221252441406246 0.69012451171875 -0.08770751953125
-0.242584228515625 -0.00292968749999999 0.59283447265625 -0.1812744140625
-0.271026611328125 0.05047607421875 0.33807373046875 -0.307861328125
-0.218276977539063 0.0994110107421875 0.050201416015625 -0.31890869140625
-0.16156005859375 0.146697998046875 -0.188400268554687 -0.18707275390625
-0.0615692138671875 0.21185302734375 -0.234024047851563 0.034942626953125
-0.0521392822265625 0.237289428710938 -0.224563598632813 0.219635009765625
0.034271240234375 0.237274169921875 -0.092376708984375 0.342559814453125
0.0403900146484375 0.225677490234375 -0.226806640625 0.38238525390625
-0.0208625793457031 0.0374717712402344 0.158294677734375 -0.416473388671875
0.0163049697875977 -0.0119915008544922 0.09735107421875 -0.371124267578125
-0.00737571716308594 -0.00469017028808594 0.162521362304688 -0.196304321289063
-0.0156116485595703 0.00977325439453125 0.232040405273438 -0.0335845947265625
-0.0234642028808594 0.00420379638671875 0.150115966796875 0.193740844726563
-0.0109624862670898 -0.00446891784667968 -0.06610107421875 0.3453369140625
-0.00872421264648438 0.00941753387451172 -0.387847900390625 0.336578369140625
-0.00233101844787598 -0.00242400169372559 -0.59844970703125 0.205322265625
0.0116233825683594 0.0148229598999023 -0.6898193359375 0.0831909179687499
-0.0101232528686523 -0.000834465026855468 -0.5833740234375 -0.0177001953125
0.000290870666503907 -0.00307726860046387 -0.31976318359375 -0.00552368164062493
0.0128536224365234 -0.00369834899902344 -0.109504699707031 -0.07427978515625
0.00854396820068359 -0.00657367706298828 -0.051727294921875 -0.198898315429688
0.0137271881103516 -0.0139961242675781 -0.209381103515625 -0.363433837890625
0.00242280960083008 -0.00541210174560547 -0.39031982421875 -0.529998779296875
0.058135986328125 0.253982543945313 0.192230224609375 -0.385345458984375
0.06536865234375 0.198226928710937 0.151947021484375 -0.34716796875
-0.0298004150390625 0.240188598632813 0.181884765625 -0.19384765625
-0.110275268554687 0.206756591796875 0.264404296875 -0.025299072265625
-0.190216064453125 0.14190673828125 0.168014526367188 0.176483154296875
-0.232192993164063 0.113433837890625 -0.0502624511718751 0.3226318359375
-0.249954223632813 0.0848541259765625 -0.348663330078125 0.31842041015625
-0.24468994140625 -0.0019989013671875 -0.544036865234375 0.19573974609375
-0.25543212890625 0.0170745849609376 -0.64813232421875 0.0980834960937501
-0.242904663085937 -0.00198364257812502 -0.5555419921875 0.013092041015625
-0.201507568359375 0.0146942138671875 -0.305511474609375 0.00244140625
-0.133865356445313 0.090850830078125 -0.109909057617188 -0.0721282958984375
-0.130355834960938 0.124130249023437 -0.07379150390625 -0.18695068359375
-0.0605621337890625 0.17034912109375 -0.215057373046875 -0.34014892578125
0.00631713867187501 0.179611206054688 -0.39923095703125 -0.504852294921875
0.10845947265625 0.439727783203125 0.2596435546875 -0.293487548828125
0.08416748046875 0.38629150390625 0.234542846679688 -0.2645263671875
-0.085968017578125 0.4481201171875 0.21466064453125 -0.1676025390625
-0.221710205078125 0.365570068359375 0.301361083984375 -0.00927734374999998
-0.35931396484375 0.242767333984375 0.202911376953125 0.142486572265625
-0.443359375 0.1943359375 0.010406494140625 0.260696411132813
-0.463897705078125 0.13494873046875 -0.235580444335938 0.26220703125
-0.4508056640625 0.000427246093750053 -0.402587890625 0.161590576171875
-0.486602783203125 0.03985595703125 -0.528106689453125 0.0977172851562501
-0.449188232421875 0.03826904296875 -0.4842529296875 0.0321350097656249
-0.381927490234375 0.086090087890625 -0.287567138671875 0.00805664062499999
-0.249801635742187 0.229598999023438 -0.131256103515625 -0.0651397705078125
-0.231689453125 0.2833251953125 -0.130844116210938 -0.158126831054687
-0.095947265625 0.3526611328125 -0.241043090820313 -0.274978637695312
0.025909423828125 0.343719482421875 -0.410675048828125 -0.41357421875
0.119537353515625 0.55706787109375 0.330108642578125 -0.13787841796875
0.0549011230468749 0.510223388671875 0.31353759765625 -0.126220703125
-0.17120361328125 0.5772705078125 0.245452880859375 -0.106597900390625
-0.33758544921875 0.450897216796875 0.32965087890625 0.023223876953125
-0.49957275390625 0.27862548828125 0.258682250976562 0.098968505859375
-0.60504150390625 0.2181396484375 0.118515014648437 0.169525146484375
-0.61297607421875 0.14764404296875 -0.0592498779296875 0.175506591796875
-0.58721923828125 0.00634765624999996 -0.196319580078125 0.105392456054688
-0.64111328125 0.0793457031249999 -0.348419189453125 0.06591796875
-0.590576171875 0.12255859375 -0.369873046875 0.0198059082031249
-0.499298095703125 0.206573486328125 -0.2606201171875 -0.00488281250000002
-0.30078125 0.38800048828125 -0.15997314453125 -0.0449981689453125
-0.268035888671875 0.447906494140625 -0.193283081054688 -0.09375
-0.0788269042968751 0.505126953125 -0.2568359375 -0.16278076171875
0.063812255859375 0.460662841796875 -0.405181884765625 -0.268829345703125
0.0942382812499999 0.59197998046875 0.389068603515625 0.049041748046875
-0.00637817382812506 0.5447998046875 0.36199951171875 0.0438232421875
-0.25823974609375 0.586181640625 0.252471923828125 -0.0169830322265625
-0.415313720703125 0.430328369140625 0.331695556640625 0.070587158203125
-0.56365966796875 0.234130859375 0.31903076171875 0.06475830078125
-0.67486572265625 0.17584228515625 0.257553100585937 0.0835723876953125
-0.66571044921875 0.121826171875 0.15570068359375 0.0846405029296875
-0.63665771484375 0.0085449218750001 0.0389747619628906 0.0332870483398438
-0.6943359375 0.11834716796875 -0.138015747070313 -0.00965881347656248
-0.6285400390625 0.20513916015625 -0.234329223632813 -0.04425048828125
-0.516082763671875 0.3118896484375 -0.231063842773438 -0.04541015625
-0.27423095703125 0.496917724609375 -0.186538696289063 -0.0176696777343749
-0.234527587890625 0.553009033203125 -0.234207153320313 0.00331115722656253
-0.02349853515625 0.58056640625 -0.240692138671875 -0.0167083740234375
0.10015869140625 0.513031005859375 -0.37664794921875 -0.083953857421875
0.050445556640625 0.531890869140625 0.4208984375 0.235015869140625
-0.060211181640625 0.478912353515625 0.35821533203125 0.206787109375
-0.297332763671875 0.48101806640625 0.219528198242187 0.071807861328125
-0.408416748046875 0.317840576171875 0.29901123046875 0.1138916015625
-0.512420654296875 0.137237548828125 0.362579345703125 0.05108642578125
-0.619384765625 0.0979003906250001 0.400726318359375 0.02691650390625
-0.61236572265625 0.0750732421874999 0.37701416015625 0.00537109375
-0.5880126953125 0.00903320312500005 0.270004272460937 -0.0459442138671875
-0.6390380859375 0.1336669921875 0.0643157958984375 -0.116966247558594
-0.558563232421875 0.23828125 -0.109420776367188 -0.1434326171875
-0.439605712890625 0.34271240234375 -0.20843505859375 -0.0995941162109375
-0.20245361328125 0.497894287109375 -0.205184936523438 0.00839233398437502
-0.16534423828125 0.548004150390625 -0.242462158203125 0.102493286132813
0.03240966796875 0.55303955078125 -0.1898193359375 0.133712768554688
0.1168212890625 0.486541748046875 -0.323822021484375 0.10528564453125
0.00720214843749997 0.392974853515625 0.42645263671875 0.38885498046875
-0.079925537109375 0.344512939453125 0.314117431640625 0.325439453125
-0.2589111328125 0.3115234375 0.15802001953125 0.133880615234375
-0.305999755859375 0.181488037109375 0.2401123046875 0.133514404296875
-0.361480712890625 0.048431396484375 0.3773193359375 0.051666259765625
-0.458831787109375 0.0282897949218751 0.507293701171875 0.000793457031250002
-0.458221435546875 0.03057861328125 0.5643310546875 -0.054443359375
-0.447052001953125 0.00418090820312506 0.46240234375 -0.1224365234375
-0.48883056640625 0.109283447265625 0.227096557617187 -0.224258422851563
-0.408294677734375 0.198028564453125 -0.01239013671875 -0.242233276367188
-0.308929443359375 0.278289794921875 -0.194778442382813 -0.149810791015625
-0.122314453125 0.3887939453125 -0.216644287109375 0.0266876220703125
-0.097320556640625 0.42840576171875 -0.230484008789062 0.1787109375
0.052581787109375 0.4287109375 -0.130508422851563 0.258773803710938
0.0972900390625 0.384918212890625 -0.264251708984375 0.265975952148437
-0.0240020751953125 0.200912475585938 0.42578125 0.483856201171875
-0.0492401123046875 0.18157958984375 0.263671875 0.3818359375
-0.1494140625 0.144866943359375 0.1002197265625 0.1611328125
-0.147430419921875 0.0781402587890625 0.185882568359375 0.128204345703125
-0.165512084960938 0.00776672363281249 0.36572265625 0.0504150390625
-0.241561889648437 -0.00270080566406247 0.56817626953125 -0.00555419921875
-0.239883422851563 -0.00109863281249997 0.68414306640625 -0.093505859375
-0.24017333984375 -0.000732421874999997 0.58599853515625 -0.18548583984375
-0.268112182617188 0.05279541015625 0.333587646484375 -0.30865478515625
-0.216781616210938 0.0999755859374999 0.048828125 -0.31597900390625
-0.158782958984375 0.147659301757813 -0.18695068359375 -0.183807373046875
-0.059112548828125 0.21112060546875 -0.231796264648438 0.036834716796875
-0.048583984375 0.236175537109375 -0.22052001953125 0.219833374023438
0.036346435546875 0.235565185546875 -0.089111328125 0.339752197265625
0.04229736328125 0.22216796875 -0.222900390625 0.379150390625
-0.0189208984375 0.0384254455566406 0.154632568359375 -0.414398193359375
0.0153112411499023 -0.0121421813964844 0.09063720703125 -0.3687744140625
-0.00737762451171875 -0.00492763519287109 0.159683227539063 -0.194686889648438
-0.0148916244506836 0.0103321075439453 0.22955322265625 -0.034942626953125
-0.0214595794677734 0.00583648681640625 0.150604248046875 0.188980102539063
-0.0112171173095703 -0.00448131561279297 -0.06396484375 0.342010498046875
-0.00741195678710938 0.00929737091064453 -0.3822021484375 0.335845947265625
-0.00312209129333496 -0.00299978256225586 -0.59515380859375 0.2069091796875
0.0123729705810547 0.0147771835327148 -0.68280029296875 0.0867919921875001
-0.0106334686279297 -0.00228023529052734 -0.578369140625 -0.0133056640624999
0.000731468200683594 -0.0034639835357666 -0.318023681640625 -0.00512695312499994
0.014195442199707 -0.00519847869873047 -0.108932495117188 -0.0745773315429687
0.00758886337280273 -0.00734567642211914 -0.0502777099609375 -0.198577880859375
0.0137701034545898 -0.0142087936401367 -0.209686279296875 -0.359344482421875
0.00197744369506836 -0.0046992301940918 -0.392181396484375 -0.522857666015625
0.059234619140625 0.254150390625 0.1893310546875 -0.384368896484375
0.0652008056640625 0.1962890625 0.147064208984375 -0.34423828125
-0.028076171875 0.237838745117188 0.179473876953125 -0.194244384765625
-0.108123779296875 0.204818725585937 0.261581420898438 -0.0273895263671875
-0.188400268554688 0.14337158203125 0.167984008789063 0.174667358398438
-0.231094360351562 0.113265991210938 -0.047821044921875 0.31951904296875
-0.248519897460938 0.0843353271484375 -0.3419189453125 0.3201904296875
-0.244171142578125 0.000106811523437489 -0.539093017578125 0.198822021484375
-0.254425048828125 0.0194549560546875 -0.642333984375 0.100830078125
-0.241058349609375 -0.000122070312499965 -0.550445556640625 0.0145263671875001
-0.199920654296875 0.015533447265625 -0.303466796875 0.00393676757812497
-0.130851745605469 0.0894851684570312 -0.1104736328125 -0.0731658935546875
-0.127830505371094 0.124290466308594 -0.0744476318359375 -0.1854248046875
-0.0593109130859375 0.171157836914063 -0.21722412109375 -0.33660888671875
0.00785827636718751 0.180130004882813 -0.397125244140625 -0.497589111328125
0.109954833984375 0.437042236328125 0.254547119140625 -0.290863037109375
0.0845947265625 0.380828857421875 0.231048583984375 -0.26373291015625
-0.080352783203125 0.445526123046875 0.2125244140625 -0.16534423828125
-0.216522216796875 0.36578369140625 0.2989501953125 -0.01043701171875
-0.355194091796875 0.244354248046875 0.202239990234375 0.138778686523438
-0.439605712890625 0.196319580078125 0.0119171142578125 0.258255004882813
-0.45965576171875 0.138031005859375 -0.231491088867188 0.262130737304688
-0.44976806640625 0.00323486328124997 -0.3974609375 0.164154052734375
-0.483734130859375 0.0411376953125 -0.524658203125 0.10089111328125
-0.4456787109375 0.0406494140624999 -0.482391357421875 0.036376953125
-0.38104248046875 0.08917236328125 -0.28375244140625 0.00946044921875
-0.2464599609375 0.227981567382813 -0.130287170410156 -0.063568115234375
-0.22784423828125 0.2835693359375 -0.129730224609375 -0.15582275390625
-0.09112548828125 0.352264404296875 -0.240737915039062 -0.272491455078125
0.028076171875 0.341217041015625 -0.410430908203125 -0.410125732421875
0.1224365234375 0.554931640625 0.32537841796875 -0.138427734375
0.056915283203125 0.506866455078125 0.30999755859375 -0.127960205078125
-0.162841796875 0.5743408203125 0.242721557617188 -0.106674194335937
-0.330230712890625 0.45184326171875 0.32916259765625 0.021209716796875
-0.4967041015625 0.277587890625 0.2579345703125 0.096038818359375
-0.60223388671875 0.21917724609375 0.117294311523437 0.166976928710938
-0.60858154296875 0.148193359375 -0.056854248046875 0.174072265625
-0.58416748046875 0.00775146484375006 -0.19525146484375 0.105758666992188
-0.63702392578125 0.0822143554687501 -0.34564208984375 0.0679321289062501
-0.5858154296875 0.12518310546875 -0.36761474609375 0.0232238769531249
-0.49468994140625 0.208465576171875 -0.25848388671875 -0.00318908691406254
-0.296478271484375 0.38751220703125 -0.15802001953125 -0.044189453125
-0.26373291015625 0.447265625 -0.192230224609375 -0.0914154052734375
-0.074737548828125 0.501953125 -0.25567626953125 -0.159637451171875
0.06585693359375 0.45684814453125 -0.403533935546875 -0.264617919921875
0.0997924804687501 0.58551025390625 0.386749267578125 0.048004150390625
-0.00381469726562503 0.54034423828125 0.359405517578125 0.041351318359375
-0.2520751953125 0.5863037109375 0.251007080078125 -0.0166473388671875
-0.40966796875 0.4302978515625 0.330078125 0.06646728515625
-0.55877685546875 0.23583984375 0.316741943359375 0.06280517578125
-0.66729736328125 0.177490234375 0.25628662109375 0.0810089111328125
-0.6622314453125 0.12481689453125 0.156723022460937 0.08319091796875
-0.631591796875 0.0141601562500001 0.0393218994140625 0.0336341857910156
-0.689208984375 0.1241455078125 -0.137527465820313 -0.00890350341796872
-0.6239013671875 0.20831298828125 -0.233673095703125 -0.04180908203125
-0.510009765625 0.314300537109375 -0.228958129882813 -0.042327880859375
-0.2681884765625 0.493499755859375 -0.18505859375 -0.01690673828125
-0.23046875 0.55084228515625 -0.232269287109375 0.00535583496093751
-0.0184326171874999 0.57537841796875 -0.238922119140625 -0.014923095703125
0.103668212890625 0.50848388671875 -0.375396728515625 -0.0813293457031249
0.0537109375 0.527069091796875 0.420623779296875 0.2320556640625
-0.056365966796875 0.474761962890625 0.35772705078125 0.2022705078125
-0.292510986328125 0.47991943359375 0.217987060546875 0.0719451904296875
-0.4031982421875 0.319793701171875 0.296966552734375 0.109954833984375
-0.50946044921875 0.137847900390625 0.361907958984375 0.047607421875
-0.61590576171875 0.1005859375 0.397552490234375 0.0238037109375
-0.60858154296875 0.0780639648437499 0.374755859375 0.002349853515625
-0.5836181640625 0.01318359375 0.268707275390625 -0.04766845703125
-0.63519287109375 0.1370849609375 0.0636825561523437 -0.114479064941406
-0.552886962890625 0.240447998046875 -0.109039306640625 -0.140037536621094
-0.43487548828125 0.34375 -0.207473754882813 -0.0968017578124999
-0.196990966796875 0.495452880859375 -0.203445434570313 0.00979614257812499
-0.15966796875 0.5462646484375 -0.239486694335938 0.104476928710938
0.0377197265625 0.5499267578125 -0.187896728515625 0.1337890625
0.12054443359375 0.48321533203125 -0.32061767578125 0.105926513671875
0.00891113281249997 0.39111328125 0.4287109375 0.3837890625
-0.076385498046875 0.341033935546875 0.313873291015625 0.320953369140625
-0.25372314453125 0.3125 0.155685424804687 0.1337890625
-0.30291748046875 0.182525634765625 0.23956298828125 0.1300048828125
-0.3582763671875 0.04986572265625 0.37445068359375 0.047576904296875
-0.457061767578125 0.031951904296875 0.505279541015625 -0.002960205078125
-0.45574951171875 0.0322570800781251 0.559234619140625 -0.057220458984375
-0.44476318359375 0.00897216796875004 0.457000732421875 -0.124725341796875
-0.4849853515625 0.11187744140625 0.225372314453125 -0.224349975585938
-0.405242919921875 0.200653076171875 -0.0135498046875 -0.239501953125
-0.3050537109375 0.278289794921875 -0.193557739257813 -0.146621704101563
-0.1209716796875 0.387908935546875 -0.215911865234375 0.0279388427734375
-0.093017578125 0.428436279296875 -0.225906372070313 0.179656982421875
0.055450439453125 0.425140380859375 -0.126007080078125 0.256790161132813
0.09912109375 0.382110595703125 -0.261688232421875 0.265365600585938
-0.023773193359375 0.199691772460938 0.42578125 0.47601318359375
-0.0460968017578125 0.181869506835938 0.263763427734375 0.37872314453125
-0.147109985351562 0.14599609375 0.0991363525390625 0.160858154296875
-0.144638061523438 0.079010009765625 0.184585571289062 0.126312255859375
-0.164047241210938 0.00749206542968749 0.36260986328125 0.04779052734375
-0.240982055664063 -0.0010223388671875 0.5634765625 -0.00958251953125
-0.237319946289063 0.00209045410156253 0.67919921875 -0.09967041015625
-0.240524291992188 4.5776367187467E-05 0.58001708984375 -0.18719482421875
-0.266281127929688 0.0541839599609375 0.33050537109375 -0.30914306640625
-0.213302612304688 0.102066040039063 0.047943115234375 -0.31390380859375
-0.157989501953125 0.148513793945313 -0.185760498046875 -0.182220458984375
-0.058441162109375 0.209487915039062 -0.228668212890625 0.039337158203125
-0.0473175048828125 0.2359619140625 -0.214981079101563 0.221633911132813
0.0379486083984375 0.2337646484375 -0.084991455078125 0.33807373046875
0.04425048828125 0.22174072265625 -0.21868896484375 0.37701416015625
-0.018096923828125 0.0391120910644531 0.1512451171875 -0.410675048828125
0.0149316787719727 -0.01348876953125 0.0887451171875 -0.367095947265625
-0.00701189041137695 -0.00381183624267578 0.158309936523437 -0.196151733398437
-0.0151176452636719 0.00975227355957032 0.227554321289063 -0.03790283203125
-0.0220699310302734 0.00567436218261719 0.150314331054688 0.1865234375
-0.0110464096069336 -0.00460052490234375 -0.061492919921875 0.3399658203125
-0.00830173492431641 0.00962638854980469 -0.378326416015625 0.3380126953125
-0.0026404857635498 -0.00166177749633789 -0.58819580078125 0.20892333984375
0.0119085311889648 0.0136575698852539 -0.678955078125 0.0908813476562499
-0.00952911376953125 -0.00117397308349609 -0.5750732421875 -0.00860595703125012
-0.000931024551391602 -0.00425910949707031 -0.314300537109375 -0.00347900390624999
0.01385498046875 -0.00564861297607422 -0.109230041503906 -0.073028564453125
0.00768470764160156 -0.00549554824829102 -0.0514068603515625 -0.197494506835938
0.0130958557128906 -0.0139551162719727 -0.210357666015625 -0.35809326171875
0.00301504135131836 -0.0048527717590332 -0.390960693359375 -0.516082763671875
0.06134033203125 0.252883911132813 0.185546875 -0.382293701171875
0.0670318603515625 0.195266723632813 0.14593505859375 -0.343963623046875
-0.0247650146484375 0.2374267578125 0.177215576171875 -0.192428588867187
-0.104583740234375 0.20440673828125 0.260971069335938 -0.0287628173828125
-0.185516357421875 0.143707275390625 0.167404174804688 0.172653198242188
-0.230026245117188 0.114501953125 -0.045501708984375 0.31829833984375
-0.247116088867188 0.0877990722656251 -0.3397216796875 0.324462890625
-0.24224853515625 0.00155639648437502 -0.5330810546875 0.20098876953125
-0.25189208984375 0.0204925537109375 -0.6385498046875 0.1063232421875
-0.241058349609375 0.00123596191406245 -0.549072265625 0.0190124511718749
-0.19964599609375 0.0163116455078125 -0.3013916015625 0.00790405273437503
-0.13037109375 0.0905303955078125 -0.110527038574219 -0.0726165771484375
-0.127517700195313 0.124504089355469 -0.0747528076171875 -0.184112548828125
-0.0574798583984375 0.169769287109375 -0.216705322265625 -0.333892822265625
0.00935363769531252 0.178482055664063 -0.399383544921875 -0.4932861328125
0.1134033203125 0.43359375 0.25274658203125 -0.28814697265625
0.086181640625 0.377716064453125 0.228240966796875 -0.261581420898438
-0.075439453125 0.445465087890625 0.210037231445313 -0.164901733398437
-0.2132568359375 0.364837646484375 0.297332763671875 -0.01239013671875
-0.352020263671875 0.243499755859375 0.202850341796875 0.1373291015625
-0.43695068359375 0.1978759765625 0.0115203857421875 0.25604248046875
-0.457183837890625 0.139068603515625 -0.228530883789062 0.262283325195313
-0.445037841796875 0.00610351562500008 -0.393585205078125 0.16534423828125
-0.480316162109375 0.0461425781249999 -0.520782470703125 0.10577392578125
-0.44384765625 0.0435180664062501 -0.478271484375 0.0382995605468751
-0.378173828125 0.0891418457031251 -0.282867431640625 0.010833740234375
-0.243728637695312 0.22784423828125 -0.130836486816406 -0.0638275146484375
-0.22454833984375 0.282745361328125 -0.128570556640625 -0.154342651367187
-0.08892822265625 0.34991455078125 -0.241073608398438 -0.26776123046875
0.0291748046875 0.339447021484375 -0.408599853515625 -0.402740478515625
0.125244140625 0.549560546875 0.324951171875 -0.1378173828125
0.060272216796875 0.502105712890625 0.3074951171875 -0.128448486328125
-0.1571044921875 0.5732421875 0.241806030273438 -0.105804443359375
-0.326904296875 0.45111083984375 0.325836181640625 0.01904296875
-0.491912841796875 0.2808837890625 0.25653076171875 0.0938720703125
-0.595458984375 0.22222900390625 0.116729736328125 0.166030883789063
-0.60491943359375 0.1534423828125 -0.05511474609375 0.174453735351563
-0.581787109375 0.0128784179687501 -0.191009521484375 0.107269287109375
-0.6322021484375 0.0874633789062501 -0.344085693359375 0.071502685546875
-0.580322265625 0.1290283203125 -0.364990234375 0.02557373046875
-0.4908447265625 0.210296630859375 -0.256683349609375 -0.00108337402343748
-0.29132080078125 0.3851318359375 -0.158203125 -0.0427093505859375
-0.25762939453125 0.445465087890625 -0.189498901367188 -0.0890350341796875
-0.0691223144531249 0.500274658203125 -0.254776000976563 -0.158126831054687
0.06561279296875 0.4544677734375 -0.40338134765625 -0.25885009765625
0.102783203125 0.5823974609375 0.384429931640625 0.04547119140625
0.000976562499999985 0.535247802734375 0.35711669921875 0.038726806640625
-0.24493408203125 0.58447265625 0.247940063476562 -0.0167694091796875
-0.402679443359375 0.43060302734375 0.328887939453125 0.066497802734375
-0.554290771484375 0.23565673828125 0.315032958984375 0.060455322265625
-0.66302490234375 0.18048095703125 0.254058837890625 0.080322265625
-0.65887451171875 0.12774658203125 0.156295776367187 0.082244873046875
-0.6285400390625 0.01617431640625 0.0398674011230468 0.0328102111816406
-0.685546875 0.1273193359375 -0.1356201171875 -0.00573730468749998
-0.62054443359375 0.2098388671875 -0.231124877929688 -0.038177490234375
-0.5067138671875 0.31365966796875 -0.227996826171875 -0.041473388671875
-0.26507568359375 0.4935302734375 -0.183914184570313 -0.0149993896484375
-0.224945068359375 0.549163818359375 -0.228866577148438 0.00627136230468752
-0.0151367187500001 0.57421875 -0.237075805664063 -0.0139312744140625
0.104522705078125 0.50555419921875 -0.372344970703125 -0.0803222656250001
0.056610107421875 0.523101806640625 0.419647216796875 0.228607177734375
-0.05499267578125 0.47125244140625 0.356201171875 0.199249267578125
-0.286102294921875 0.48101806640625 0.216232299804687 0.0719146728515625
-0.398529052734375 0.318817138671875 0.296600341796875 0.108551025390625
-0.504486083984375 0.1397705078125 0.358642578125 0.04632568359375
-0.6123046875 0.1038818359375 0.39453125 0.02081298828125
-0.60491943359375 0.0805664062499999 0.373748779296875 6.10351562500049E-05
-0.58038330078125 0.0161132812500001 0.266448974609375 -0.048309326171875
-0.6309814453125 0.13995361328125 0.0634231567382812 -0.11474609375
-0.5491943359375 0.240875244140625 -0.108024597167969 -0.138450622558594
-0.43072509765625 0.3447265625 -0.205276489257813 -0.0955810546875
-0.192108154296875 0.49395751953125 -0.20172119140625 0.0107574462890625
-0.154541015625 0.544281005859375 -0.235885620117188 0.105987548828125
0.039794921875 0.54656982421875 -0.185287475585937 0.133193969726563
0.12152099609375 0.479095458984375 -0.3192138671875 0.105743408203125
0.011962890625 0.38677978515625 0.428131103515625 0.37945556640625
-0.07330322265625 0.33978271484375 0.31396484375 0.317108154296875
-0.250213623046875 0.31304931640625 0.154739379882812 0.134201049804688
-0.29888916015625 0.1827392578125 0.237091064453125 0.128707885742188
-0.3560791015625 0.0508117675781249 0.372802734375 0.0462646484375
-0.45306396484375 0.0328369140625 0.499359130859375 -0.00445556640625
-0.453338623046875 0.0351867675781251 0.55682373046875 -0.061614990234375
-0.443389892578125 0.010589599609375 0.4530029296875 -0.125946044921875
-0.482818603515625 0.114349365234375 0.22320556640625 -0.223953247070313
-0.400726318359375 0.2003173828125 -0.013580322265625 -0.237548828125
-0.30267333984375 0.278564453125 -0.191574096679688 -0.146148681640625
-0.118194580078125 0.386383056640625 -0.214584350585938 0.0294647216796875
-0.089080810546875 0.426422119140625 -0.224212646484375 0.17999267578125
0.05926513671875 0.42401123046875 -0.124160766601562 0.25543212890625
0.099212646484375 0.379241943359375 -0.259384155273437 0.264114379882813
-0.0209808349609375 0.197952270507813 0.425018310546875 0.473052978515625
-0.0455780029296875 0.179000854492187 0.2652587890625 0.37384033203125
-0.145858764648438 0.145889282226562 0.098419189453125 0.158859252929688
-0.142974853515625 0.078643798828125 0.183639526367188 0.124237060546875
-0.163787841796875 0.00788879394531249 0.360595703125 0.04632568359375
-0.238632202148438 0.000778198242187471 0.558013916015625 -0.012176513671875
-0.237579345703125 0.00381469726562505 0.67333984375 -0.1014404296875
-0.2384033203125 0.00257873535156247 0.57672119140625 -0.1900634765625
-0.264678955078125 0.0564117431640625 0.327850341796875 -0.308258056640625
-0.212875366210937 0.103561401367188 0.04620361328125 -0.312469482421875
-0.156326293945312 0.148666381835938 -0.185592651367188 -0.179107666015625
-0.0562744140625 0.209274291992188 -0.227691650390625 0.0405731201171875
-0.044097900390625 0.235122680664062 -0.213348388671875 0.2205810546875
0.039794921875 0.231826782226562 -0.08367919921875 0.335968017578125
0.044342041015625 0.2198486328125 -0.21649169921875 0.3741455078125
-0.0162544250488281 0.0393714904785156 0.148834228515625 -0.409820556640625
0.0150394439697266 -0.0136556625366211 0.087554931640625 -0.365081787109375
-0.00635576248168945 -0.0043492317199707 0.156906127929688 -0.194686889648438
-0.0143747329711914 0.0101222991943359 0.226181030273437 -0.0384521484375
-0.0217990875244141 0.00602340698242188 0.150131225585938 0.18603515625
-0.0122709274291992 -0.00502490997314453 -0.058837890625 0.33782958984375
-0.00840854644775391 0.00922966003417969 -0.375274658203125 0.33868408203125
-0.00100505352020264 -0.00199627876281738 -0.583740234375 0.212158203125
0.0117626190185547 0.0146121978759766 -0.67474365234375 0.0937499999999999
-0.00997352600097656 0.000202178955078124 -0.5721435546875 -0.00439453124999989
-0.00223088264465332 -0.00415253639221191 -0.312652587890625 -0.00357055664062498
0.0127944946289063 -0.00614738464355469 -0.108711242675781 -0.0735397338867187
0.00812482833862305 -0.00584268569946289 -0.0510406494140625 -0.196502685546875
0.0133905410766602 -0.014704704284668 -0.21051025390625 -0.35589599609375
0.00383520126342773 -0.00461006164550781 -0.39019775390625 -0.51336669921875
0.0635223388671875 0.251846313476562 0.183135986328125 -0.379638671875
0.0664825439453125 0.193130493164063 0.142364501953125 -0.3416748046875
-0.0238037109375 0.236526489257812 0.17535400390625 -0.192245483398437
-0.103515625 0.204071044921875 0.259552001953125 -0.0305938720703125
-0.184783935546875 0.143386840820313 0.167373657226563 0.169723510742188
-0.228317260742188 0.116668701171875 -0.0445556640625 0.31658935546875
-0.246200561523438 0.0877532958984375 -0.337066650390625 0.32159423828125
-0.242218017578125 0.00315856933593745 -0.52911376953125 0.20263671875
-0.251296997070313 0.0227203369140625 -0.63427734375 0.109619140625
-0.238052368164063 0.00332641601562496 -0.544647216796875 0.021087646484375
-0.199432373046875 0.016754150390625 -0.29949951171875 0.00610351562499998
-0.12939453125 0.0900726318359375 -0.109481811523438 -0.0709075927734375
-0.125335693359375 0.124069213867188 -0.0742340087890625 -0.183578491210938
-0.0561370849609375 0.169845581054688 -0.2178955078125 -0.330841064453125
0.00959777832031249 0.177978515625 -0.4000244140625 -0.488861083984375
0.1153564453125 0.43267822265625 0.24969482421875 -0.289581298828125
0.08819580078125 0.37646484375 0.224990844726563 -0.263351440429688
-0.07232666015625 0.443389892578125 0.208297729492188 -0.163604736328125
-0.211822509765625 0.3631591796875 0.296173095703125 -0.01361083984375
-0.34930419921875 0.244476318359375 0.201370239257812 0.135452270507813
-0.43292236328125 0.199188232421875 0.0125579833984375 0.255325317382813
-0.4549560546875 0.140594482421875 -0.226165771484375 0.262710571289063
-0.444488525390625 0.0066528320312501 -0.38934326171875 0.167724609375
-0.477203369140625 0.0466918945312501 -0.5177001953125 0.106689453125
-0.442230224609375 0.0471191406250001 -0.473846435546875 0.0416870117187501
-0.375946044921875 0.0913085937500001 -0.280715942382813 0.0109252929687501
-0.240814208984375 0.227554321289062 -0.12957763671875 -0.0631942749023437
-0.222015380859375 0.282470703125 -0.128204345703125 -0.153167724609375
-0.08612060546875 0.349151611328125 -0.240432739257812 -0.267105102539063
0.031097412109375 0.337493896484375 -0.40826416015625 -0.39801025390625
0.1280517578125 0.5474853515625 0.322998046875 -0.13720703125
0.0611572265625 0.499053955078125 0.30657958984375 -0.129425048828125
-0.1544189453125 0.572021484375 0.239761352539063 -0.104385375976562
-0.321197509765625 0.450531005859375 0.324737548828125 0.017608642578125
-0.48681640625 0.281982421875 0.25555419921875 0.09228515625
-0.59228515625 0.22454833984375 0.117141723632812 0.16461181640625
-0.60302734375 0.15435791015625 -0.054229736328125 0.174087524414063
-0.578369140625 0.01507568359375 -0.1900634765625 0.108245849609375
-0.6292724609375 0.0903320312500001 -0.340576171875 0.0733947753906251
-0.5802001953125 0.13140869140625 -0.36279296875 0.02813720703125
-0.489593505859375 0.209625244140625 -0.253997802734375 -0.00126647949218744
-0.2890625 0.384613037109375 -0.157760620117188 -0.04278564453125
-0.25384521484375 0.444671630859375 -0.188629150390625 -0.0863189697265625
-0.06671142578125 0.49761962890625 -0.254623413085938 -0.156082153320313
0.06805419921875 0.452117919921875 -0.403411865234375 -0.256439208984375
0.1055908203125 0.57965087890625 0.384979248046875 0.045440673828125
0.00250244140624995 0.53192138671875 0.355621337890625 0.037872314453125
-0.2415771484375 0.5843505859375 0.246139526367188 -0.0164031982421875
-0.400299072265625 0.429595947265625 0.328033447265625 0.06402587890625
-0.55023193359375 0.238006591796875 0.313446044921875 0.0584716796875
-0.6597900390625 0.18267822265625 0.252349853515625 0.0774688720703125
-0.65557861328125 0.12884521484375 0.156448364257812 0.08074951171875
-0.625732421875 0.0189208984375 0.0408668518066406 0.0325508117675781
-0.6824951171875 0.1322021484375 -0.134857177734375 -0.00483703613281252
-0.61602783203125 0.21282958984375 -0.228790283203125 -0.0365753173828125
-0.50347900390625 0.31646728515625 -0.22442626953125 -0.0405120849609374
-0.26239013671875 0.4920654296875 -0.182693481445313 -0.01422119140625
-0.220489501953125 0.548583984375 -0.22686767578125 0.00889587402343754
-0.01092529296875 0.5706787109375 -0.235015869140625 -0.0136566162109375
0.106536865234375 0.50146484375 -0.3709716796875 -0.0782470703124999
0.059967041015625 0.520904541015625 0.41900634765625 0.2269287109375
-0.050750732421875 0.468017578125 0.356353759765625 0.197540283203125
-0.282928466796875 0.480010986328125 0.214218139648437 0.0728759765625
-0.395172119140625 0.31903076171875 0.29595947265625 0.106903076171875
-0.50115966796875 0.140594482421875 0.35821533203125 0.04461669921875
-0.60919189453125 0.106201171875 0.39166259765625 0.02001953125
-0.60205078125 0.0838012695312501 0.371673583984375 -0.00189208984374999
-0.57843017578125 0.0178222656250001 0.265960693359375 -0.04986572265625
-0.62689208984375 0.14361572265625 0.0628814697265625 -0.113525390625
-0.547271728515625 0.243133544921875 -0.10662841796875 -0.136367797851562
-0.428497314453125 0.34320068359375 -0.204208374023438 -0.0944366455078125
-0.189361572265625 0.492279052734375 -0.200851440429687 0.0115203857421876
-0.1513671875 0.542816162109375 -0.233749389648438 0.1070556640625
0.04266357421875 0.544189453125 -0.182693481445312 0.1329345703125
0.123138427734375 0.476959228515625 -0.317138671875 0.10638427734375
0.014495849609375 0.38555908203125 0.42755126953125 0.376678466796875
-0.0703125 0.336029052734375 0.313873291015625 0.314666748046875
-0.246795654296875 0.31231689453125 0.154052734375 0.133407592773438
-0.296539306640625 0.18310546875 0.23724365234375 0.127365112304688
-0.354248046875 0.05145263671875 0.369293212890625 0.044647216796875
-0.45166015625 0.0352783203124999 0.496978759765625 -0.008636474609375
-0.45074462890625 0.0367431640624999 0.552032470703125 -0.062103271484375
-0.440704345703125 0.0114440917968751 0.452239990234375 -0.12841796875
-0.479400634765625 0.116424560546875 0.222686767578125 -0.222869873046875
-0.399627685546875 0.20159912109375 -0.0133819580078125 -0.236083984375
-0.300628662109375 0.280548095703125 -0.191421508789063 -0.144149780273437
-0.115478515625 0.385833740234375 -0.212722778320312 0.0311584472656251
-0.08734130859375 0.425933837890625 -0.221115112304688 0.180755615234375
0.060516357421875 0.422454833984375 -0.121673583984375 0.253326416015625
0.100494384765625 0.377471923828125 -0.257461547851563 0.262298583984375
-0.0201416015625 0.197967529296875 0.42498779296875 0.46783447265625
-0.04339599609375 0.177825927734375 0.26483154296875 0.371734619140625
-0.143707275390625 0.146987915039063 0.0971527099609375 0.160110473632813
-0.142013549804687 0.079345703125 0.183135986328125 0.123306274414063
-0.162643432617188 0.00816345214843749 0.3580322265625 0.0450439453125
-0.237808227539063 0.00158691406249998 0.55572509765625 -0.01519775390625
-0.23699951171875 0.00453186035156252 0.6707763671875 -0.10675048828125
-0.237869262695312 0.00253295898437497 0.57318115234375 -0.1929931640625
-0.26483154296875 0.057159423828125 0.324462890625 -0.307891845703125
-0.21148681640625 0.103103637695313 0.046478271484375 -0.311859130859375
-0.154953002929687 0.148651123046875 -0.1849365234375 -0.17816162109375
-0.0550537109375 0.20928955078125 -0.226287841796875 0.041290283203125
-0.04296875 0.233428955078125 -0.210891723632813 0.221435546875
0.0406646728515625 0.231948852539063 -0.080108642578125 0.333282470703125
0.0451202392578125 0.21875 -0.214141845703125 0.37274169921875
-0.0156593322753906 0.0398216247558594 0.1470947265625 -0.406829833984375
0.0142145156860352 -0.0138216018676758 0.08489990234375 -0.36407470703125
-0.00716495513916016 -0.00479936599731445 0.1553955078125 -0.19415283203125
-0.0146265029907227 0.0105228424072266 0.2259521484375 -0.0385589599609375
-0.0220794677734375 0.00640106201171875 0.14947509765625 0.183761596679688
-0.0124549865722656 -0.00452613830566406 -0.05706787109375 0.337005615234375
-0.00789451599121094 0.00949954986572266 -0.37249755859375 0.33892822265625
-0.00166463851928711 -0.00176811218261719 -0.58038330078125 0.2135009765625
0.0125570297241211 0.0137386322021484 -0.67352294921875 0.0961914062499999
-0.0107450485229492 -0.000245094299316405 -0.57025146484375 -0.00256347656249996
-0.00176906585693359 -0.00441551208496094 -0.311065673828125 -0.00241088867187504
0.0127229690551758 -0.00594425201416016 -0.108062744140625 -0.0725784301757813
0.00768566131591797 -0.00605630874633789 -0.0518035888671875 -0.196044921875
0.0132102966308594 -0.0137920379638672 -0.21112060546875 -0.35382080078125
0.00381612777709961 -0.00405049324035645 -0.392059326171875 -0.51031494140625
0.0648651123046875 0.251663208007813 0.181488037109375 -0.376983642578125
0.0673065185546875 0.19268798828125 0.14105224609375 -0.34112548828125
-0.0217742919921875 0.236358642578125 0.175628662109375 -0.191329956054687
-0.101882934570313 0.204147338867187 0.258544921875 -0.0308990478515625
-0.184066772460937 0.144073486328125 0.16693115234375 0.168716430664063
-0.227294921875 0.116439819335938 -0.044158935546875 0.315765380859375
-0.246307373046875 0.0889129638671875 -0.33416748046875 0.322113037109375
-0.240814208984375 0.00300598144531249 -0.52716064453125 0.2049560546875
-0.250686645507813 0.0244140625 -0.63165283203125 0.112060546875
-0.238479614257813 0.0044403076171875 -0.542877197265625 0.0240173339843751
-0.1978759765625 0.016937255859375 -0.2979736328125 0.00820922851562504
-0.129035949707031 0.0899658203125 -0.109107971191406 -0.0706634521484375
-0.123992919921875 0.123542785644531 -0.0732269287109375 -0.183319091796875
-0.05523681640625 0.168914794921875 -0.217132568359375 -0.33026123046875
0.0102081298828125 0.177978515625 -0.397705078125 -0.485137939453125
0.117828369140625 0.43017578125 0.248565673828125 -0.28643798828125
0.08880615234375 0.373016357421875 0.223968505859375 -0.262115478515625
-0.069183349609375 0.4425048828125 0.20806884765625 -0.162521362304687
-0.207977294921875 0.364013671875 0.29510498046875 -0.0147705078125
-0.347503662109375 0.246490478515625 0.200912475585937 0.134201049804688
-0.431884765625 0.19927978515625 0.0133819580078125 0.254379272460937
-0.454010009765625 0.141357421875 -0.224014282226563 0.262680053710937
-0.44244384765625 0.00918579101562509 -0.38763427734375 0.168243408203125
-0.476470947265625 0.0510253906250001 -0.514862060546875 0.109375
-0.44134521484375 0.048248291015625 -0.4736328125 0.04449462890625
-0.374420166015625 0.0908813476562499 -0.279037475585938 0.0114746093750001
-0.239227294921875 0.226577758789063 -0.129005432128906 -0.0629653930664062
-0.21942138671875 0.2823486328125 -0.126846313476563 -0.150924682617188
-0.08465576171875 0.349090576171875 -0.240158081054688 -0.26556396484375
0.031036376953125 0.336700439453125 -0.407684326171875 -0.397552490234375
0.13043212890625 0.544403076171875 0.321044921875 -0.13720703125
0.062530517578125 0.4949951171875 0.30450439453125 -0.12939453125
-0.150390625 0.5728759765625 0.238235473632813 -0.1036376953125
-0.319549560546875 0.4510498046875 0.32293701171875 0.016326904296875
-0.4849853515625 0.281768798828125 0.253982543945313 0.090972900390625
-0.59027099609375 0.2259521484375 0.115829467773437 0.1636962890625
-0.60009765625 0.1568603515625 -0.0528564453125 0.173782348632813
-0.5772705078125 0.0162963867187499 -0.188064575195313 0.108779907226562
-0.62774658203125 0.0925292968750001 -0.339019775390625 0.07403564453125
-0.57708740234375 0.13336181640625 -0.360565185546875 0.030670166015625
-0.487396240234375 0.2119140625 -0.253494262695313 -0.00152587890625002
-0.285064697265625 0.3846435546875 -0.156875610351563 -0.0424652099609375
-0.250335693359375 0.445220947265625 -0.18695068359375 -0.0857391357421875
-0.065521240234375 0.495941162109375 -0.25286865234375 -0.155975341796875
0.0689697265625001 0.450958251953125 -0.40185546875 -0.254150390625
0.10711669921875 0.5770263671875 0.383758544921875 0.045135498046875
0.00509643554687495 0.527923583984375 0.354766845703125 0.035430908203125
-0.23712158203125 0.5843505859375 0.245086669921875 -0.0157318115234375
-0.395355224609375 0.4296875 0.32720947265625 0.062164306640625
-0.54681396484375 0.238250732421875 0.312408447265625 0.056671142578125
-0.6578369140625 0.18414306640625 0.250839233398437 0.0767669677734375
-0.65386962890625 0.13238525390625 0.156723022460938 0.0795440673828125
-0.624755859375 0.0200195312499999 0.04193115234375 0.0328102111816406
-0.67974853515625 0.13348388671875 -0.1337890625 -0.00347900390625002
-0.61297607421875 0.2152099609375 -0.228118896484375 -0.0348052978515624
-0.50115966796875 0.316192626953125 -0.2247314453125 -0.03912353515625
-0.257843017578125 0.49114990234375 -0.18255615234375 -0.0142974853515625
-0.217620849609375 0.547607421875 -0.224838256835938 0.0105133056640626
-0.00909423828124995 0.570068359375 -0.23382568359375 -0.0135803222656249
0.107269287109375 0.499603271484375 -0.371002197265625 -0.07666015625
0.0621337890625 0.518524169921875 0.41973876953125 0.224578857421875
-0.0494995117187501 0.464569091796875 0.3564453125 0.1964111328125
-0.278564453125 0.4803466796875 0.2135009765625 0.073577880859375
-0.391632080078125 0.319366455078125 0.294830322265625 0.1058349609375
-0.498748779296875 0.14154052734375 0.356353759765625 0.0418701171875
-0.60565185546875 0.10833740234375 0.389892578125 0.017547607421875
-0.6009521484375 0.0855102539062501 0.37139892578125 -0.00314331054687499
-0.57623291015625 0.0198364257812499 0.265426635742187 -0.0505523681640625
-0.62579345703125 0.145751953125 0.0630340576171875 -0.112625122070312
-0.54412841796875 0.24462890625 -0.106178283691406 -0.135116577148437
-0.424713134765625 0.34619140625 -0.20294189453125 -0.0929718017578125
-0.186767578125 0.491485595703125 -0.19964599609375 0.0128326416015625
-0.147857666015625 0.5428466796875 -0.230682373046875 0.107803344726563
0.04595947265625 0.542694091796875 -0.181320190429688 0.1326904296875
0.123779296875 0.47491455078125 -0.31549072265625 0.105438232421875
0.015594482421875 0.383392333984375 0.428314208984375 0.373260498046875
-0.069976806640625 0.33544921875 0.314910888671875 0.311248779296875
-0.24371337890625 0.31463623046875 0.1529541015625 0.133926391601563
-0.29364013671875 0.183929443359375 0.237030029296875 0.12689208984375
-0.35321044921875 0.0512695312500001 0.368865966796875 0.043487548828125
-0.4505615234375 0.036895751953125 0.4937744140625 -0.010894775390625
-0.4510498046875 0.0379638671875 0.5506591796875 -0.065093994140625
-0.440826416015625 0.01171875 0.44976806640625 -0.130096435546875
-0.477630615234375 0.118133544921875 0.221954345703125 -0.22296142578125
-0.39788818359375 0.203857421875 -0.0128631591796875 -0.23455810546875
-0.299041748046875 0.27972412109375 -0.190475463867188 -0.143417358398438
-0.113372802734375 0.385589599609375 -0.2122802734375 0.0308074951171875
-0.084320068359375 0.426055908203125 -0.218399047851563 0.181625366210938
0.062957763671875 0.421112060546875 -0.1190185546875 0.252182006835938
0.102081298828125 0.37615966796875 -0.254714965820313 0.261001586914063
-0.0200653076171875 0.1971435546875 0.42572021484375 0.4656982421875
-0.043365478515625 0.175933837890625 0.26507568359375 0.369171142578125
-0.142425537109375 0.147369384765625 0.096282958984375 0.16070556640625
-0.140884399414063 0.0797271728515625 0.181640625 0.121170043945313
-0.1617431640625 0.00793457031250003 0.35699462890625 0.042572021484375
-0.236831665039063 0.00195312499999999 0.5528564453125 -0.017425537109375
-0.236221313476563 0.00567626953124998 0.66754150390625 -0.1094970703125
-0.237274169921875 0.00306701660156246 0.5687255859375 -0.1939697265625
-0.263381958007813 0.057373046875 0.322540283203125 -0.30963134765625
-0.2093505859375 0.104049682617188 0.0462646484375 -0.30975341796875
-0.154373168945313 0.149871826171875 -0.18389892578125 -0.176971435546875
-0.053955078125 0.20867919921875 -0.225021362304687 0.041534423828125
-0.041656494140625 0.233901977539062 -0.208389282226562 0.2225341796875
0.042205810546875 0.230712890625 -0.07745361328125 0.330718994140625
0.0466766357421875 0.218429565429687 -0.211395263671875 0.370941162109375
-0.0146903991699219 0.039886474609375 0.14678955078125 -0.406524658203125
0.0139656066894531 -0.0141525268554688 0.0838623046875 -0.362091064453125
-0.00740146636962891 -0.00439310073852539 0.154937744140625 -0.194442749023438
-0.013514518737793 0.00985431671142578 0.225051879882812 -0.0388031005859375
-0.0212421417236328 0.00606918334960938 0.149093627929687 0.1832275390625
-0.012660026550293 -0.00447463989257813 -0.056640625 0.33673095703125
-0.00844287872314453 0.00918197631835938 -0.371063232421875 0.341552734375
-0.000795364379882813 -0.00213253498077393 -0.57684326171875 0.216552734375
0.0127220153808594 0.0138664245605469 -0.6707763671875 0.0985107421875
-0.00935554504394531 0.000456809997558593 -0.56988525390625 0.000244140625000014
-0.00256586074829102 -0.00491762161254883 -0.311004638671875 -0.00256347656250007
0.0122547149658203 -0.00652694702148437 -0.107551574707031 -0.0736236572265625
0.00742197036743164 -0.00576591491699219 -0.0511627197265625 -0.195892333984375
0.0134086608886719 -0.0137290954589844 -0.21221923828125 -0.353485107421875
0.00409364700317383 -0.00426721572875977 -0.3922119140625 -0.50762939453125
0.0658111572265625 0.251220703125 0.18023681640625 -0.376983642578125
0.0677032470703125 0.190414428710938 0.139495849609375 -0.34112548828125
-0.021148681640625 0.23583984375 0.174575805664063 -0.19110107421875
-0.10064697265625 0.20361328125 0.2581787109375 -0.0320587158203125
-0.182403564453125 0.14459228515625 0.166946411132813 0.167404174804688
-0.227386474609375 0.116973876953125 -0.042816162109375 0.314697265625
-0.246246337890625 0.0890960693359375 -0.331756591796875 0.321990966796875
-0.241104125976562 0.00454711914062495 -0.523040771484375 0.206756591796875
-0.2493896484375 0.0247802734375 -0.62921142578125 0.1151123046875
-0.238189697265625 0.00509643554687499 -0.5423583984375 0.0287170410156251
-0.199142456054687 0.017425537109375 -0.297821044921875 0.00781249999999996
-0.129684448242188 0.0899658203125 -0.108757019042969 -0.0713119506835938
-0.122993469238281 0.12420654296875 -0.0726318359375 -0.183258056640625
-0.054412841796875 0.168197631835937 -0.218292236328125 -0.330474853515625
0.0105438232421875 0.17767333984375 -0.39923095703125 -0.48516845703125
0.11993408203125 0.42938232421875 0.248382568359375 -0.28729248046875
0.0894775390625 0.371490478515625 0.221664428710938 -0.2618408203125
-0.0672607421875 0.442962646484375 0.20806884765625 -0.16290283203125
-0.20648193359375 0.36370849609375 0.294769287109375 -0.016448974609375
-0.34613037109375 0.2470703125 0.201034545898438 0.133316040039063
-0.430267333984375 0.2005615234375 0.0135345458984375 0.253753662109375
-0.454071044921875 0.142547607421875 -0.221649169921875 0.263580322265625
-0.443328857421875 0.0103454589843749 -0.386260986328125 0.1697998046875
-0.4755859375 0.0519104003906251 -0.513458251953125 0.11212158203125
-0.440704345703125 0.051177978515625 -0.471405029296875 0.0463256835937501
-0.375091552734375 0.09149169921875 -0.277420043945313 0.0113983154296875
-0.238082885742187 0.2269287109375 -0.128982543945313 -0.0626068115234375
-0.217926025390625 0.282135009765625 -0.126388549804688 -0.150390625
-0.0823974609375 0.348785400390625 -0.239715576171875 -0.264511108398438
0.0325927734375 0.33660888671875 -0.409820556640625 -0.39593505859375
0.134033203125 0.54345703125 0.320831298828125 -0.136566162109375
0.06402587890625 0.493927001953125 0.30328369140625 -0.1300048828125
-0.14739990234375 0.5732421875 0.23760986328125 -0.10211181640625
-0.315948486328125 0.4512939453125 0.32318115234375 0.014892578125
-0.484771728515625 0.282196044921875 0.254043579101562 0.089447021484375
-0.58856201171875 0.22662353515625 0.116104125976562 0.163192749023437
-0.6004638671875 0.157958984375 -0.0513458251953125 0.173995971679688
-0.57672119140625 0.0177001953124999 -0.186294555664063 0.109222412109375
-0.62640380859375 0.095458984375 -0.338287353515625 0.0772705078125
-0.576171875 0.13507080078125 -0.359222412109375 0.0323181152343751
-0.487701416015625 0.2119140625 -0.252212524414063 -0.000183105468750005
-0.285064697265625 0.384185791015625 -0.15692138671875 -0.0418548583984375
-0.24859619140625 0.444610595703125 -0.186172485351563 -0.08404541015625
-0.062835693359375 0.494415283203125 -0.251953125 -0.1552734375
0.071319580078125 0.44976806640625 -0.40167236328125 -0.2542724609375
0.109375 0.57623291015625 0.383697509765625 0.045257568359375
0.00643920898437496 0.526275634765625 0.355987548828125 0.03564453125
-0.2340087890625 0.58367919921875 0.244384765625 -0.014373779296875
-0.394073486328125 0.42974853515625 0.3267822265625 0.061859130859375
-0.546783447265625 0.238067626953125 0.31170654296875 0.055908203125
-0.65631103515625 0.18670654296875 0.250045776367187 0.0758514404296875
-0.65301513671875 0.13238525390625 0.157119750976562 0.0791473388671875
-0.62384033203125 0.0208740234375001 0.0420074462890625 0.0324859619140625
-0.67767333984375 0.13665771484375 -0.132553100585938 -0.00203704833984376
-0.6126708984375 0.2159423828125 -0.226974487304688 -0.0324554443359375
-0.501251220703125 0.31817626953125 -0.223495483398438 -0.03936767578125
-0.256561279296875 0.490814208984375 -0.1812744140625 -0.0139617919921874
-0.21307373046875 0.548095703125 -0.2237548828125 0.011474609375
-0.00561523437500005 0.56964111328125 -0.232467651367188 -0.0133209228515624
0.107818603515625 0.500091552734375 -0.369720458984375 -0.0769653320312499
0.0640869140625 0.517608642578125 0.4195556640625 0.2239990234375
-0.0484619140625 0.46356201171875 0.356689453125 0.194610595703125
-0.27569580078125 0.48126220703125 0.2125244140625 0.0745697021484375
-0.388946533203125 0.321380615234375 0.294830322265625 0.1046142578125
-0.497528076171875 0.14068603515625 0.35504150390625 0.041290283203125
-0.60528564453125 0.10919189453125 0.387359619140625 0.016143798828125
-0.60028076171875 0.08709716796875 0.37042236328125 -0.00500488281249999
-0.57574462890625 0.0210571289062501 0.265274047851562 -0.0511932373046875
-0.6251220703125 0.1492919921875 0.063446044921875 -0.112228393554687
-0.542938232421875 0.247833251953125 -0.105201721191406 -0.133659362792969
-0.4256591796875 0.34783935546875 -0.202133178710938 -0.0927276611328125
-0.1851806640625 0.492431640625 -0.199630737304688 0.0133056640625
-0.14544677734375 0.5430908203125 -0.229156494140625 0.10906982421875
0.0482177734375 0.542236328125 -0.179855346679688 0.131576538085938
0.12396240234375 0.4744873046875 -0.3148193359375 0.105377197265625
0.016937255859375 0.38201904296875 0.428955078125 0.372100830078125
-0.06842041015625 0.332672119140625 0.3150634765625 0.310821533203125
-0.241485595703125 0.314544677734375 0.151596069335938 0.134841918945313
-0.29241943359375 0.18359375 0.235733032226562 0.126068115234375
-0.352447509765625 0.050750732421875 0.367095947265625 0.040985107421875
-0.447906494140625 0.039398193359375 0.492828369140625 -0.010498046875
-0.4503173828125 0.0394287109375 0.549530029296875 -0.068695068359375
-0.4398193359375 0.0140075683593751 0.448944091796875 -0.131561279296875
-0.477691650390625 0.11968994140625 0.221282958984375 -0.2232666015625
-0.397491455078125 0.20281982421875 -0.011932373046875 -0.234039306640625
-0.298187255859375 0.280731201171875 -0.189361572265625 -0.142196655273438
-0.111358642578125 0.38494873046875 -0.211212158203125 0.0317535400390625
-0.083740234375 0.42559814453125 -0.216506958007813 0.182357788085938
0.06365966796875 0.4202880859375 -0.117721557617187 0.250732421875
0.1033935546875 0.374725341796875 -0.255172729492188 0.260101318359375
-0.0190887451171875 0.195892333984375 0.42755126953125 0.462799072265625
-0.0418548583984375 0.1748046875 0.26513671875 0.368438720703125
-0.141937255859375 0.149078369140625 0.0951080322265625 0.162338256835938
-0.1402587890625 0.07952880859375 0.1810302734375 0.121734619140625
-0.161697387695313 0.00706481933593749 0.3555908203125 0.043731689453125
-0.237136840820313 0.00254821777343752 0.550872802734375 -0.0191650390625
-0.236724853515625 0.00692749023437496 0.6651611328125 -0.1131591796875
-0.236679077148438 0.00399780273437504 0.5682373046875 -0.1962890625
-0.262130737304688 0.0595703125 0.32257080078125 -0.30810546875
-0.20941162109375 0.104598999023437 0.04669189453125 -0.31048583984375
-0.153823852539062 0.150527954101563 -0.183258056640625 -0.1756591796875
-0.0541534423828125 0.209228515625 -0.224472045898438 0.0423583984375
-0.040771484375 0.23382568359375 -0.205886840820313 0.22320556640625
0.0429840087890625 0.2296142578125 -0.07659912109375 0.330657958984375
0.0471649169921875 0.217727661132813 -0.211822509765625 0.36895751953125
-0.0139999389648438 0.0407867431640625 0.14642333984375 -0.405059814453125
0.0138788223266602 -0.0144977569580078 0.080963134765625 -0.361602783203125
-0.00713729858398438 -0.00422477722167969 0.154800415039063 -0.1943359375
-0.0132713317871094 0.00977420806884766 0.223785400390625 -0.0400238037109375
-0.0211200714111328 0.00594139099121094 0.149505615234375 0.182327270507813
-0.0128555297851563 -0.00419044494628907 -0.05511474609375 0.33587646484375
-0.00832843780517578 0.00971221923828125 -0.368499755859375 0.344024658203125
-0.00142395496368408 -0.00172531604766846 -0.5751953125 0.21771240234375
0.0126686096191406 0.013916015625 -0.67071533203125 0.10089111328125
-0.0104045867919922 0.000988006591796876 -0.5709228515625 0.00183105468750005
-0.0026707649230957 -0.00501775741577148 -0.31072998046875 -0.00262451171874994
0.0124425888061523 -0.00722599029541016 -0.107879638671875 -0.0742416381835937
0.00729036331176758 -0.00564289093017578 -0.051727294921875 -0.197021484375
0.0134677886962891 -0.012812614440918 -0.2132568359375 -0.352691650390625
0.00466489791870117 -0.0042424201965332 -0.390869140625 -0.505950927734375
0.068206787109375 0.250778198242188 0.180877685546875 -0.37615966796875
0.0679779052734375 0.190155029296875 0.137725830078125 -0.339202880859375
-0.0200042724609375 0.235946655273438 0.1739501953125 -0.19024658203125
-0.0997161865234375 0.204193115234375 0.256790161132812 -0.0330352783203125
-0.182235717773438 0.144912719726562 0.1668701171875 0.16656494140625
-0.2265625 0.1177978515625 -0.042449951171875 0.3135986328125
-0.2457275390625 0.09063720703125 -0.33123779296875 0.324798583984375
-0.240371704101562 0.00514221191406253 -0.520721435546875 0.209564208984375
-0.24896240234375 0.0261383056640625 -0.62896728515625 0.11724853515625
-0.237701416015625 0.00643920898437498 -0.54107666015625 0.0302734375000001
-0.1993408203125 0.0177459716796875 -0.2965087890625 0.00747680664062499
-0.12811279296875 0.0892791748046875 -0.108650207519531 -0.0714492797851562
-0.122764587402344 0.123779296875 -0.072540283203125 -0.18280029296875
-0.0531158447265625 0.168533325195313 -0.217926025390625 -0.328216552734375
0.011199951171875 0.177688598632813 -0.399566650390625 -0.482025146484375
0.12103271484375 0.429962158203125 0.2474365234375 -0.28546142578125
0.090667724609375 0.36962890625 0.220718383789063 -0.263168334960938
-0.065643310546875 0.44342041015625 0.207260131835938 -0.161407470703125
-0.2034912109375 0.365081787109375 0.2939453125 -0.0167236328125
-0.345428466796875 0.246795654296875 0.200851440429687 0.132415771484375
-0.4298095703125 0.203369140625 0.01397705078125 0.252944946289063
-0.453460693359375 0.14459228515625 -0.220962524414063 0.264816284179688
-0.44207763671875 0.0106201171874999 -0.38409423828125 0.170196533203125
-0.47393798828125 0.0542602539062499 -0.512420654296875 0.115325927734375
-0.439300537109375 0.0515441894531251 -0.47113037109375 0.048675537109375
-0.37542724609375 0.0931396484375 -0.277069091796875 0.0118560791015625
-0.236587524414063 0.22637939453125 -0.128829956054688 -0.0623626708984375
-0.216766357421875 0.282684326171875 -0.125534057617187 -0.149917602539063
-0.0812988281249999 0.34735107421875 -0.239242553710938 -0.263687133789063
0.033355712890625 0.335968017578125 -0.409149169921875 -0.39404296875
0.134429931640625 0.54296875 0.3212890625 -0.13653564453125
0.065277099609375 0.493072509765625 0.303802490234375 -0.1309814453125
-0.145263671875 0.57281494140625 0.237396240234375 -0.101913452148437
-0.315277099609375 0.452239990234375 0.323394775390625 0.014495849609375
-0.48291015625 0.2830810546875 0.254074096679687 0.08917236328125
-0.588134765625 0.22802734375 0.116043090820312 0.162796020507813
-0.6002197265625 0.15911865234375 -0.0510559082031251 0.174514770507813
-0.57635498046875 0.0177612304687499 -0.185958862304688 0.109207153320312
-0.62542724609375 0.09844970703125 -0.336334228515625 0.07867431640625
-0.57537841796875 0.13714599609375 -0.35797119140625 0.0344238281250001
-0.487518310546875 0.21270751953125 -0.251754760742188 -9.15527343750126E-05
-0.282623291015625 0.384735107421875 -0.156402587890625 -0.04205322265625
-0.246002197265625 0.44476318359375 -0.184600830078125 -0.0838165283203124
-0.059661865234375 0.495452880859375 -0.251739501953125 -0.154525756835937
0.0714111328125 0.449859619140625 -0.40155029296875 -0.2523193359375
0.111572265625 0.57489013671875 0.384429931640625 0.04351806640625
0.00820922851562502 0.525054931640625 0.3548583984375 0.033538818359375
-0.23016357421875 0.58551025390625 0.244308471679687 -0.0134735107421875
-0.391937255859375 0.43048095703125 0.3270263671875 0.06048583984375
-0.546051025390625 0.2386474609375 0.311370849609375 0.054412841796875
-0.65557861328125 0.1884765625 0.248855590820312 0.0748443603515625
-0.65234375 0.13616943359375 0.158065795898437 0.078887939453125
-0.6231689453125 0.0223999023437499 0.0430641174316406 0.0322456359863281
-0.6788330078125 0.13897705078125 -0.132225036621094 -0.000953674316406254
-0.6116943359375 0.21826171875 -0.22601318359375 -0.0319976806640624
-0.501312255859375 0.318145751953125 -0.223007202148438 -0.03900146484375
-0.25396728515625 0.490203857421875 -0.180801391601563 -0.0135955810546874
-0.211029052734375 0.548553466796875 -0.22174072265625 0.0122528076171875
-0.00244140625000005 0.56817626953125 -0.232101440429688 -0.0128936767578124
0.108367919921875 0.4991455078125 -0.36907958984375 -0.076446533203125
0.06610107421875 0.5169677734375 0.42041015625 0.22320556640625
-0.046539306640625 0.4610595703125 0.356597900390625 0.19342041015625
-0.274871826171875 0.481475830078125 0.2119140625 0.0752105712890625
-0.387237548828125 0.32147216796875 0.294586181640625 0.10430908203125
-0.498077392578125 0.14239501953125 0.355010986328125 0.04071044921875
-0.60394287109375 0.1121826171875 0.3858642578125 0.015167236328125
-0.60040283203125 0.0889892578125 0.370269775390625 -0.00585937499999999
-0.5767822265625 0.0230102539062501 0.265518188476562 -0.0521697998046875
-0.62408447265625 0.14990234375 0.0637359619140625 -0.111587524414062
-0.542694091796875 0.24951171875 -0.104515075683594 -0.132102966308594
-0.425079345703125 0.348968505859375 -0.201217651367188 -0.0920867919921875
-0.183380126953125 0.492523193359375 -0.19866943359375 0.013214111328125
-0.141998291015625 0.54339599609375 -0.226531982421875 0.110397338867188
0.05108642578125 0.541717529296875 -0.17877197265625 0.131576538085938
0.12548828125 0.4732666015625 -0.31475830078125 0.105712890625
0.017822265625 0.381256103515625 0.429412841796875 0.370025634765625
-0.067840576171875 0.331451416015625 0.316314697265625 0.30902099609375
-0.23956298828125 0.31536865234375 0.150848388671875 0.136001586914063
-0.291015625 0.184356689453125 0.235809326171875 0.1256103515625
-0.351654052734375 0.0523681640624999 0.36700439453125 0.040313720703125
-0.44903564453125 0.0393066406249999 0.490081787109375 -0.0120849609375
-0.45098876953125 0.0420227050781249 0.548004150390625 -0.07025146484375
-0.439300537109375 0.014923095703125 0.44866943359375 -0.132537841796875
-0.4759521484375 0.12200927734375 0.221237182617188 -0.2235107421875
-0.396942138671875 0.20526123046875 -0.01190185546875 -0.233230590820313
-0.2969970703125 0.28314208984375 -0.189208984375 -0.141891479492187
-0.10968017578125 0.384918212890625 -0.210556030273438 0.032196044921875
-0.080108642578125 0.424774169921875 -0.214187622070312 0.184173583984375
0.0662841796875 0.41949462890625 -0.1165771484375 0.250320434570313
0.104034423828125 0.3743896484375 -0.254562377929687 0.2587890625
-0.018798828125 0.19537353515625 0.428497314453125 0.462432861328125
-0.0424041748046875 0.173843383789063 0.267333984375 0.36627197265625
-0.140914916992187 0.14990234375 0.094207763671875 0.162582397460938
-0.139739990234375 0.07958984375 0.181304931640625 0.121505737304688
-0.16168212890625 0.008056640625 0.355499267578125 0.041534423828125
-0.236251831054688 0.00323486328125002 0.5496826171875 -0.021148681640625
-0.236419677734375 0.00781250000000004 0.66375732421875 -0.11383056640625
-0.23651123046875 0.00440979003906255 0.56671142578125 -0.19769287109375
-0.263290405273438 0.0600433349609375 0.321807861328125 -0.30987548828125
-0.209762573242187 0.105743408203125 0.046875 -0.3089599609375
-0.152816772460938 0.150802612304687 -0.183151245117187 -0.175704956054688
-0.0525665283203125 0.20953369140625 -0.223709106445313 0.0433502197265625
-0.0397186279296875 0.234512329101563 -0.204757690429688 0.224365234375
0.0440216064453125 0.229629516601563 -0.075103759765625 0.329437255859375
0.0483551025390625 0.217453002929688 -0.209320068359375 0.367156982421875
-0.0127372741699219 0.0419158935546875 0.14556884765625 -0.40484619140625
0.0134725570678711 -0.014338493347168 0.079498291015625 -0.3619384765625
-0.00724411010742188 -0.00399875640869141 0.154296875 -0.195098876953125
-0.0128536224365234 0.0102806091308594 0.224227905273438 -0.0410003662109375
-0.0208358764648438 0.00603866577148437 0.150115966796875 0.181243896484375
-0.0129022598266602 -0.00380134582519531 -0.054443359375 0.335479736328125
-0.00852298736572265 0.00967788696289062 -0.3671875 0.34576416015625
-0.00150251388549805 -0.00123751163482666 -0.57373046875 0.21942138671875
0.0129985809326172 0.0140085220336914 -0.67022705078125 0.1036376953125
-0.0105142593383789 0.00123023986816406 -0.57049560546875 0.00561523437499997
-0.00340414047241211 -0.00453996658325195 -0.310577392578125 -0.00161743164062499
0.0118255615234375 -0.00677013397216797 -0.107315063476563 -0.0744476318359375
0.00742769241333008 -0.00574922561645508 -0.0518341064453125 -0.197219848632813
0.0132217407226562 -0.0130958557128906 -0.213958740234375 -0.351593017578125
0.00465202331542969 -0.00392770767211914 -0.391510009765625 -0.505157470703125
0.069793701171875 0.251296997070313 0.179901123046875 -0.3753662109375
0.06866455078125 0.189865112304688 0.1353759765625 -0.340972900390625
-0.01898193359375 0.236541748046875 0.174301147460938 -0.191070556640625
-0.0980682373046875 0.2056884765625 0.257232666015625 -0.033905029296875
-0.181381225585938 0.145553588867188 0.167373657226563 0.165313720703125
-0.227066040039063 0.1195068359375 -0.041168212890625 0.3148193359375
-0.245834350585938 0.0914459228515626 -0.32965087890625 0.32745361328125
-0.241455078125 0.00607299804687498 -0.5198974609375 0.211761474609375
-0.24920654296875 0.0269927978515626 -0.630126953125 0.1199951171875
-0.23858642578125 0.00753784179687504 -0.542755126953125 0.031951904296875
-0.200576782226563 0.0179443359375 -0.29705810546875 0.00793457031250005
-0.128402709960938 0.0893630981445313 -0.108810424804688 -0.0717391967773438
-0.121833801269531 0.124290466308594 -0.072601318359375 -0.182693481445312
-0.0518646240234375 0.169097900390625 -0.21856689453125 -0.3282470703125
0.012420654296875 0.177734375 -0.401153564453125 -0.481475830078125
0.124053955078125 0.4293212890625 0.248565673828125 -0.285858154296875
0.091064453125 0.369232177734375 0.219833374023438 -0.264358520507813
-0.0635986328125 0.444183349609375 0.2071533203125 -0.1614990234375
-0.2030029296875 0.366424560546875 0.294769287109375 -0.018035888671875
-0.3465576171875 0.248199462890625 0.201385498046875 0.13116455078125
-0.430999755859375 0.204345703125 0.0145263671874999 0.253189086914063
-0.45538330078125 0.146148681640625 -0.219497680664063 0.265975952148437
-0.44268798828125 0.01287841796875 -0.382843017578125 0.173126220703125
-0.4732666015625 0.0567321777343751 -0.511932373046875 0.116790771484375
-0.440460205078125 0.0540771484375 -0.47088623046875 0.0504760742187499
-0.3751220703125 0.0941162109375 -0.27752685546875 0.0126495361328125
-0.236282348632813 0.2269287109375 -0.129196166992188 -0.0626144409179687
-0.2149658203125 0.28460693359375 -0.124969482421875 -0.15008544921875
-0.079010009765625 0.3486328125 -0.241241455078125 -0.263412475585938
0.0343017578125 0.3369140625 -0.41082763671875 -0.391845703125
0.139129638671875 0.543060302734375 0.322052001953125 -0.136505126953125
0.0672607421875 0.490509033203125 0.303558349609375 -0.1324462890625
-0.1414794921875 0.57476806640625 0.237625122070312 -0.101837158203125
-0.312469482421875 0.454132080078125 0.324005126953125 0.012969970703125
-0.481719970703125 0.28485107421875 0.2540283203125 0.0880584716796875
-0.58819580078125 0.230224609375 0.115631103515625 0.162567138671875
-0.59991455078125 0.1627197265625 -0.04901123046875 0.17535400390625
-0.57720947265625 0.02020263671875 -0.184127807617188 0.110443115234375
-0.62481689453125 0.1014404296875 -0.336669921875 0.0808105468750001
-0.576416015625 0.138916015625 -0.3577880859375 0.0366821289062501
-0.4873046875 0.21429443359375 -0.251266479492188 4.57763671874896E-05
-0.280853271484375 0.386199951171875 -0.156021118164063 -0.041900634765625
-0.24444580078125 0.446197509765625 -0.184066772460938 -0.08282470703125
-0.057891845703125 0.495635986328125 -0.251998901367188 -0.154205322265625
0.072662353515625 0.44952392578125 -0.403717041015625 -0.251922607421875
0.11566162109375 0.57415771484375 0.38555908203125 0.042510986328125
0.0096435546875 0.524261474609375 0.3560791015625 0.033294677734375
-0.22845458984375 0.58648681640625 0.244171142578125 -0.012481689453125
-0.38916015625 0.43280029296875 0.327362060546875 0.05938720703125
-0.545501708984375 0.24169921875 0.31219482421875 0.05401611328125
-0.6546630859375 0.19085693359375 0.248870849609375 0.074737548828125
-0.65228271484375 0.13787841796875 0.159042358398437 0.078094482421875
-0.6243896484375 0.024658203125 0.0442771911621093 0.0322418212890625
-0.6783447265625 0.14154052734375 -0.131500244140625 -4.57763671875008E-05
-0.61279296875 0.2191162109375 -0.225387573242188 -0.029876708984375
-0.500213623046875 0.3211669921875 -0.2222900390625 -0.038848876953125
-0.252288818359375 0.4923095703125 -0.180938720703125 -0.0128021240234374
-0.20892333984375 0.549957275390625 -0.220321655273438 0.0139923095703126
0.000183105468750063 0.56988525390625 -0.231170654296875 -0.0127258300781249
0.110443115234375 0.4991455078125 -0.371124267578125 -0.0750427246093749
0.0673828125 0.517181396484375 0.422027587890625 0.22210693359375
-0.045623779296875 0.46142578125 0.357452392578125 0.19140625
-0.271209716796875 0.48291015625 0.211807250976562 0.076812744140625
-0.386505126953125 0.32275390625 0.295501708984375 0.1036376953125
-0.49658203125 0.14337158203125 0.354461669921875 0.039459228515625
-0.60455322265625 0.1121826171875 0.386077880859375 0.01519775390625
-0.60064697265625 0.0925903320312499 0.37103271484375 -0.00747680664062499
-0.5767822265625 0.0248413085937501 0.265899658203125 -0.052825927734375
-0.62469482421875 0.15380859375 0.064300537109375 -0.111579895019531
-0.54217529296875 0.25103759765625 -0.103981018066406 -0.131622314453125
-0.42401123046875 0.350006103515625 -0.200912475585938 -0.0915985107421874
-0.180694580078125 0.49420166015625 -0.198257446289063 0.014190673828125
-0.140625 0.54534912109375 -0.22479248046875 0.111404418945313
0.05352783203125 0.542236328125 -0.17718505859375 0.131271362304688
0.127655029296875 0.473358154296875 -0.3148193359375 0.1053466796875
0.01959228515625 0.38153076171875 0.432098388671875 0.369049072265625
-0.066864013671875 0.330413818359375 0.31707763671875 0.308258056640625
-0.238372802734375 0.317413330078125 0.150985717773437 0.138107299804688
-0.289886474609375 0.184906005859375 0.236129760742187 0.125289916992188
-0.350677490234375 0.052642822265625 0.366729736328125 0.039459228515625
-0.4495849609375 0.040008544921875 0.490509033203125 -0.01324462890625
-0.451171875 0.0445556640624999 0.54827880859375 -0.072265625
-0.44049072265625 0.0161743164062501 0.4486083984375 -0.13262939453125
-0.477264404296875 0.12408447265625 0.221267700195313 -0.224655151367188
-0.395538330078125 0.206573486328125 -0.011077880859375 -0.233673095703125
-0.296600341796875 0.28460693359375 -0.188873291015625 -0.141677856445312
-0.108978271484375 0.385986328125 -0.210494995117188 0.0331573486328125
-0.078399658203125 0.42718505859375 -0.21258544921875 0.185394287109375
0.069305419921875 0.419677734375 -0.114913940429687 0.250045776367188
0.1043701171875 0.3736572265625 -0.253738403320313 0.259292602539062
-0.018035888671875 0.195907592773438 0.4302978515625 0.46112060546875
-0.0417633056640625 0.17242431640625 0.2681884765625 0.3662109375
-0.140518188476563 0.150924682617187 0.0945892333984375 0.16387939453125
-0.139373779296875 0.0801773071289063 0.1810302734375 0.121429443359375
-0.161911010742188 0.00711059570312503 0.354827880859375 0.04022216796875
-0.236740112304688 0.00448608398437502 0.548675537109375 -0.02252197265625
-0.23663330078125 0.0089263916015625 0.6634521484375 -0.1171875
-0.237197875976563 0.00537109374999996 0.566162109375 -0.1993408203125
-0.263031005859375 0.06103515625 0.32269287109375 -0.3121337890625
-0.2088623046875 0.106552124023438 0.04669189453125 -0.310577392578125
-0.15277099609375 0.1522216796875 -0.182510375976563 -0.175827026367187
-0.051910400390625 0.210006713867188 -0.223342895507812 0.0440521240234375
-0.03912353515625 0.235336303710937 -0.20257568359375 0.22601318359375
0.04547119140625 0.23004150390625 -0.07318115234375 0.328369140625
0.0489501953125 0.217941284179688 -0.20977783203125 0.365692138671875
-0.0123176574707031 0.0419731140136719 0.1455078125 -0.405517578125
0.0132856369018555 -0.0148029327392578 0.078399658203125 -0.362335205078125
-0.00749921798706055 -0.00406455993652344 0.154449462890625 -0.195846557617188
-0.0127344131469727 0.00956058502197266 0.22369384765625 -0.042144775390625
-0.0208873748779297 0.00675201416015625 0.149917602539063 0.180755615234375
-0.0132827758789062 -0.00290298461914063 -0.053558349609375 0.336029052734375
-0.008544921875 0.00978660583496094 -0.367034912109375 0.34759521484375
-0.00149905681610107 -0.00132513046264648 -0.57373046875 0.2225341796875
0.0131044387817383 0.0132503509521484 -0.6712646484375 0.10699462890625
-0.0104923248291016 0.00135326385498047 -0.5706787109375 0.00830078125000012
-0.00417900085449219 -0.00475788116455078 -0.311248779296875 -0.00112915039062498
0.0116376876831055 -0.00780868530273437 -0.107818603515625 -0.075164794921875
0.00779247283935547 -0.00597810745239258 -0.052337646484375 -0.198150634765625
0.0130720138549805 -0.0134773254394531 -0.217681884765625 -0.352569580078125
0.00481843948364258 -0.00322484970092773 -0.394439697265625 -0.505126953125
0.071563720703125 0.251846313476563 0.179718017578125 -0.37640380859375
0.0691986083984375 0.188720703125 0.13555908203125 -0.34149169921875
-0.0178070068359375 0.236907958984375 0.17425537109375 -0.191680908203125
-0.0972747802734375 0.20635986328125 0.257781982421875 -0.0352935791015625
-0.181655883789063 0.147018432617188 0.167724609375 0.1649169921875
-0.227432250976563 0.120849609375 -0.041412353515625 0.316070556640625
-0.247467041015625 0.0927734375 -0.328033447265625 0.32940673828125
-0.242416381835938 0.00701904296874997 -0.51922607421875 0.214813232421875
-0.249969482421875 0.0284881591796875 -0.62994384765625 0.1214599609375
-0.23907470703125 0.00849914550781249 -0.54254150390625 0.0346069335937499
-0.201339721679688 0.0194091796875 -0.297515869140625 0.00842285156249998
-0.128105163574219 0.0895843505859375 -0.109268188476563 -0.072052001953125
-0.121818542480469 0.124931335449219 -0.0731201171875 -0.18359375
-0.0511322021484375 0.169265747070313 -0.22003173828125 -0.32830810546875
0.0130157470703125 0.178054809570313 -0.40374755859375 -0.480621337890625
0.1263427734375 0.4296875 0.24749755859375 -0.28692626953125
0.092681884765625 0.368560791015625 0.220703125 -0.265823364257813
-0.0606689453125 0.445098876953125 0.207595825195313 -0.162429809570312
-0.20098876953125 0.368743896484375 0.2952880859375 -0.019317626953125
-0.344818115234375 0.2493896484375 0.201950073242187 0.130691528320313
-0.43115234375 0.20635986328125 0.0140380859375 0.253829956054688
-0.455169677734375 0.148651123046875 -0.219512939453125 0.2674560546875
-0.444976806640625 0.0141296386718749 -0.3819580078125 0.17431640625
-0.474609375 0.058197021484375 -0.512237548828125 0.11920166015625
-0.441192626953125 0.055694580078125 -0.470947265625 0.0544738769531249
-0.377532958984375 0.09539794921875 -0.277603149414062 0.0128936767578125
-0.235214233398438 0.227218627929687 -0.129142761230469 -0.063446044921875
-0.21343994140625 0.286407470703125 -0.125015258789062 -0.14990234375
-0.077178955078125 0.34991455078125 -0.242034912109375 -0.26336669921875
0.035614013671875 0.337615966796875 -0.412506103515625 -0.39166259765625
0.141204833984375 0.54278564453125 0.323028564453125 -0.1380615234375
0.069061279296875 0.4910888671875 0.304168701171875 -0.13287353515625
-0.1387939453125 0.57647705078125 0.238357543945313 -0.100906372070312
-0.311614990234375 0.4559326171875 0.3245849609375 0.011383056640625
-0.483551025390625 0.28729248046875 0.255157470703125 0.0863037109375
-0.5888671875 0.23309326171875 0.115432739257812 0.162933349609375
-0.6015625 0.166015625 -0.0480957031250001 0.175323486328125
-0.5784912109375 0.02166748046875 -0.183456420898438 0.111175537109375
-0.62677001953125 0.10418701171875 -0.336212158203125 0.0831298828125
-0.57672119140625 0.14190673828125 -0.35821533203125 0.037750244140625
-0.48828125 0.217376708984375 -0.251449584960938 0.000564575195312531
-0.279815673828125 0.385894775390625 -0.156707763671875 -0.0416259765625
-0.242645263671875 0.44744873046875 -0.183181762695313 -0.0821685791015624
-0.054473876953125 0.496429443359375 -0.252365112304687 -0.154373168945313
0.0738220214843751 0.4501953125 -0.404571533203125 -0.251190185546875
0.11737060546875 0.5738525390625 0.38751220703125 0.042633056640625
0.0106811523437501 0.523193359375 0.357757568359375 0.03167724609375
-0.2259521484375 0.5894775390625 0.244918823242188 -0.0118408203125
-0.387939453125 0.436004638671875 0.328155517578125 0.058135986328125
-0.54656982421875 0.242523193359375 0.312591552734375 0.052825927734375
-0.65692138671875 0.19287109375 0.24853515625 0.0740814208984375
-0.65411376953125 0.14129638671875 0.159942626953125 0.0779266357421875
-0.6256103515625 0.0260009765625 0.04443359375 0.0321426391601563
-0.680419921875 0.14678955078125 -0.13116455078125 0.00101470947265627
-0.61175537109375 0.223388671875 -0.224868774414063 -0.0284881591796875
-0.501434326171875 0.323883056640625 -0.223312377929688 -0.0384368896484375
-0.251678466796875 0.493560791015625 -0.18096923828125 -0.012725830078125
-0.205963134765625 0.552459716796875 -0.219924926757813 0.0146331787109375
0.00402832031249994 0.57000732421875 -0.2310791015625 -0.0122985839843749
0.112518310546875 0.499481201171875 -0.371337890625 -0.07476806640625
0.06927490234375 0.5164794921875 0.423675537109375 0.2225341796875
-0.04510498046875 0.46099853515625 0.359710693359375 0.1910400390625
-0.269073486328125 0.486541748046875 0.212295532226563 0.07818603515625
-0.3846435546875 0.32330322265625 0.2960205078125 0.102752685546875
-0.49835205078125 0.14471435546875 0.355682373046875 0.03802490234375
-0.6053466796875 0.115234375 0.385009765625 0.013397216796875
-0.60205078125 0.0935058593750001 0.373016357421875 -0.00906372070312499
-0.57867431640625 0.0262451171874999 0.267135620117187 -0.05419921875
-0.6246337890625 0.15667724609375 0.0651779174804687 -0.11199951171875
-0.54290771484375 0.253814697265625 -0.103721618652344 -0.131195068359375
-0.425201416015625 0.3524169921875 -0.201385498046875 -0.0917968749999999
-0.178680419921875 0.495758056640625 -0.197677612304688 0.0148925781250001
-0.1373291015625 0.547393798828125 -0.2235107421875 0.112945556640625
0.0565185546875 0.542999267578125 -0.176284790039063 0.131561279296875
0.129669189453125 0.4742431640625 -0.315521240234375 0.1053466796875
0.02032470703125 0.381622314453125 0.4346923828125 0.36895751953125
-0.0662841796875 0.32940673828125 0.318939208984375 0.308319091796875
-0.237701416015625 0.318389892578125 0.150604248046875 0.139312744140625
-0.28961181640625 0.186370849609375 0.236907958984375 0.1240234375
-0.35284423828125 0.052490234375 0.36834716796875 0.03778076171875
-0.449432373046875 0.042266845703125 0.489990234375 -0.015838623046875
-0.452301025390625 0.046234130859375 0.549652099609375 -0.0745849609375
-0.442108154296875 0.0189514160156249 0.449005126953125 -0.135528564453125
-0.4774169921875 0.12701416015625 0.221694946289062 -0.225357055664062
-0.396636962890625 0.20819091796875 -0.011077880859375 -0.23358154296875
-0.2979736328125 0.286163330078125 -0.188674926757813 -0.141647338867187
-0.107879638671875 0.38702392578125 -0.210205078125 0.033721923828125
-0.07623291015625 0.428375244140625 -0.210830688476563 0.186904907226563
0.07208251953125 0.419677734375 -0.113067626953125 0.249862670898438
0.106292724609375 0.3748779296875 -0.253204345703125 0.259521484375
-0.017730712890625 0.19610595703125 0.43280029296875 0.45965576171875
-0.041351318359375 0.173019409179688 0.2703857421875 0.366973876953125
-0.139816284179688 0.152633666992188 0.09381103515625 0.165374755859375
-0.138603210449219 0.080291748046875 0.181915283203125 0.121429443359375
-0.162063598632813 0.00718688964843753 0.35528564453125 0.038421630859375
-0.237411499023438 0.0050506591796875 0.54852294921875 -0.02606201171875
-0.237960815429688 0.0104217529296875 0.66314697265625 -0.11993408203125
-0.237777709960938 0.00654602050781255 0.56573486328125 -0.20269775390625
-0.263595581054688 0.06207275390625 0.321014404296875 -0.314239501953125
-0.209487915039063 0.10711669921875 0.047271728515625 -0.311431884765625
-0.152633666992188 0.1531982421875 -0.18255615234375 -0.175643920898438
-0.051177978515625 0.21087646484375 -0.223175048828125 0.04510498046875
-0.0371246337890625 0.235946655273438 -0.200637817382813 0.2269287109375
0.0466766357421875 0.230300903320313 -0.072235107421875 0.328582763671875
0.050537109375 0.21746826171875 -0.2093505859375 0.367523193359375
-0.0106430053710938 0.0431480407714844 0.1439208984375 -0.40679931640625
0.0128488540649414 -0.0150566101074219 0.077972412109375 -0.36358642578125
-0.00742912292480469 -0.00442075729370117 0.154327392578125 -0.197158813476563
-0.0123252868652344 0.0103349685668945 0.224838256835938 -0.0436859130859375
-0.0204067230224609 0.00642776489257812 0.151031494140625 0.180191040039063
-0.0130863189697266 -0.00290298461914063 -0.0521240234375 0.33721923828125
-0.00855255126953125 0.0103282928466797 -0.3656005859375 0.3502197265625
-0.00141918659210205 -0.00066685676574707 -0.5731201171875 0.22589111328125
0.0131435394287109 0.0133113861083984 -0.673095703125 0.11236572265625
-0.0109424591064453 0.00205516815185547 -0.57366943359375 0.01153564453125
-0.0048365592956543 -0.00487852096557617 -0.31280517578125 -0.00039672851562506
0.0114030838012695 -0.00737190246582031 -0.108650207519531 -0.0751266479492187
0.00746917724609375 -0.00564384460449219 -0.0528106689453125 -0.199615478515625
0.0134439468383789 -0.0132684707641602 -0.219146728515625 -0.352203369140625
0.00535392761230469 -0.00304079055786133 -0.398101806640625 -0.5047607421875
0.074432373046875 0.253005981445313 0.178955078125 -0.378082275390625
0.069427490234375 0.188446044921875 0.133636474609375 -0.34295654296875
-0.016143798828125 0.238265991210937 0.174545288085937 -0.192581176757812
-0.0962066650390625 0.207504272460938 0.258819580078125 -0.03662109375
-0.181472778320312 0.148605346679688 0.168746948242187 0.163818359375
-0.227951049804688 0.121917724609375 -0.040130615234375 0.316314697265625
-0.247467041015625 0.0950622558593751 -0.3282470703125 0.33306884765625
-0.242446899414062 0.00817871093750001 -0.5181884765625 0.21710205078125
-0.249832153320312 0.030120849609375 -0.6312255859375 0.12762451171875
-0.23956298828125 0.0100860595703125 -0.543853759765625 0.0382385253906251
-0.2030029296875 0.0199737548828125 -0.29815673828125 0.00955200195312494
-0.128387451171875 0.090240478515625 -0.10968017578125 -0.0726547241210938
-0.121444702148438 0.126152038574219 -0.073211669921875 -0.18426513671875
-0.0497894287109375 0.170211791992188 -0.222625732421875 -0.328216552734375
0.0138702392578125 0.178421020507813 -0.405487060546875 -0.4813232421875
0.130462646484375 0.430084228515625 0.247894287109375 -0.2884521484375
0.094146728515625 0.369293212890625 0.218887329101563 -0.267227172851563
-0.058258056640625 0.44805908203125 0.207611083984375 -0.16326904296875
-0.1998291015625 0.370330810546875 0.2962646484375 -0.02166748046875
-0.345306396484375 0.252655029296875 0.202774047851562 0.130172729492188
-0.431549072265625 0.209716796875 0.0156097412109375 0.25469970703125
-0.457305908203125 0.151123046875 -0.21722412109375 0.269668579101562
-0.4462890625 0.0163879394531251 -0.381744384765625 0.177154541015625
-0.476715087890625 0.0618896484375 -0.51416015625 0.123291015625
-0.4429931640625 0.058746337890625 -0.471954345703125 0.057586669921875
-0.378143310546875 0.0971374511718749 -0.278518676757813 0.0137176513671875
-0.235580444335937 0.229278564453125 -0.129837036132813 -0.0628890991210938
-0.212432861328125 0.28741455078125 -0.125045776367188 -0.15069580078125
-0.07562255859375 0.3509521484375 -0.243270874023438 -0.263870239257813
0.03704833984375 0.33892822265625 -0.41436767578125 -0.391204833984375
0.1458740234375 0.5445556640625 0.324188232421875 -0.1397705078125
0.0709533691406251 0.491424560546875 0.3043212890625 -0.135589599609375
-0.1357421875 0.579833984375 0.239105224609375 -0.101959228515625
-0.309417724609375 0.458587646484375 0.32586669921875 0.00985717773437503
-0.482666015625 0.29022216796875 0.256561279296875 0.085174560546875
-0.59027099609375 0.2373046875 0.116043090820312 0.163009643554688
-0.60430908203125 0.169189453125 -0.0462646484375 0.177001953125
-0.5809326171875 0.0237426757812501 -0.18267822265625 0.112808227539063
-0.62799072265625 0.1090087890625 -0.336181640625 0.085662841796875
-0.5782470703125 0.14453125 -0.3577880859375 0.041107177734375
-0.48919677734375 0.219940185546875 -0.251953125 0.00151062011718754
-0.2779541015625 0.388641357421875 -0.157073974609375 -0.0413360595703125
-0.240234375 0.451385498046875 -0.182693481445313 -0.081268310546875
-0.051361083984375 0.499237060546875 -0.253341674804688 -0.153244018554687
0.07635498046875 0.4517822265625 -0.406585693359375 -0.249725341796875
0.120361328125 0.5751953125 0.38885498046875 0.040618896484375
0.01287841796875 0.524658203125 0.358795166015625 0.029815673828125
-0.220947265625 0.593994140625 0.245376586914062 -0.011566162109375
-0.386871337890625 0.438201904296875 0.3299560546875 0.057098388671875
-0.546722412109375 0.2471923828125 0.31304931640625 0.050750732421875
-0.65838623046875 0.19708251953125 0.249465942382813 0.0734710693359375
-0.65728759765625 0.1458740234375 0.161758422851562 0.0771942138671875
-0.62750244140625 0.0289306640624999 0.0460433959960937 0.0322189331054688
-0.6812744140625 0.1500244140625 -0.131072998046875 0.00293731689453126
-0.61358642578125 0.2264404296875 -0.225173950195313 -0.0263671875
-0.502685546875 0.328521728515625 -0.223159790039063 -0.0379180908203125
-0.24920654296875 0.4964599609375 -0.180740356445313 -0.0125885009765625
-0.203125 0.55621337890625 -0.218551635742188 0.0156097412109375
0.00701904296874998 0.57293701171875 -0.2314453125 -0.0125579833984375
0.1148681640625 0.501068115234375 -0.373046875 -0.0741882324218749
0.072845458984375 0.517578125 0.42657470703125 0.220794677734375
-0.04315185546875 0.4605712890625 0.361236572265625 0.190185546875
-0.26708984375 0.489654541015625 0.21380615234375 0.079071044921875
-0.384002685546875 0.32659912109375 0.29736328125 0.102081298828125
-0.498626708984375 0.146820068359375 0.357330322265625 0.035980224609375
-0.60650634765625 0.11737060546875 0.386016845703125 0.011383056640625
-0.603271484375 0.0982666015625 0.373779296875 -0.01092529296875
-0.57989501953125 0.02789306640625 0.26849365234375 -0.0556488037109375
-0.6275634765625 0.16119384765625 0.065338134765625 -0.112068176269531
-0.54315185546875 0.256744384765625 -0.103370666503906 -0.13037109375
-0.4249267578125 0.356842041015625 -0.201385498046875 -0.0915679931640624
-0.176239013671875 0.496795654296875 -0.198043823242188 0.015716552734375
-0.133270263671875 0.550628662109375 -0.222000122070313 0.115249633789063
0.061065673828125 0.543701171875 -0.1761474609375 0.13165283203125
0.131011962890625 0.475128173828125 -0.31689453125 0.106903076171875
0.023223876953125 0.382080078125 0.43829345703125 0.36859130859375
-0.064300537109375 0.32928466796875 0.320831298828125 0.307098388671875
-0.2353515625 0.32171630859375 0.151809692382812 0.140304565429688
-0.28936767578125 0.18865966796875 0.23797607421875 0.123458862304688
-0.35418701171875 0.053436279296875 0.36865234375 0.036590576171875
-0.451446533203125 0.043731689453125 0.490753173828125 -0.017730712890625
-0.453369140625 0.047393798828125 0.550750732421875 -0.077056884765625
-0.443603515625 0.0208740234375001 0.450469970703125 -0.13739013671875
-0.479949951171875 0.13104248046875 0.2222900390625 -0.227203369140625
-0.397918701171875 0.210968017578125 -0.0107879638671875 -0.234329223632813
-0.29669189453125 0.287933349609375 -0.188446044921875 -0.141494750976562
-0.10614013671875 0.389678955078125 -0.210159301757813 0.03521728515625
-0.07403564453125 0.4310302734375 -0.20819091796875 0.188583374023438
0.074859619140625 0.421051025390625 -0.112716674804687 0.250015258789063
0.108367919921875 0.375762939453125 -0.254470825195312 0.260940551757813
-0.0173187255859375 0.196914672851562 0.436248779296875 0.45941162109375
-0.040435791015625 0.171783447265625 0.27215576171875 0.36572265625
-0.138961791992188 0.154434204101563 0.094818115234375 0.167953491210938
-0.138473510742187 0.08111572265625 0.18280029296875 0.12158203125
-0.163009643554688 0.00712585449218752 0.355438232421875 0.038330078125
-0.238037109375 0.00622558593750001 0.549468994140625 -0.02752685546875
-0.238815307617188 0.0119171142578125 0.66412353515625 -0.12457275390625
-0.23907470703125 0.00724792480468753 0.56549072265625 -0.2056884765625
-0.264328002929688 0.0646972656250001 0.322479248046875 -0.31671142578125
-0.209487915039063 0.1090087890625 0.047454833984375 -0.31207275390625
-0.1529541015625 0.154464721679688 -0.183502197265625 -0.175537109375
-0.050079345703125 0.212478637695313 -0.223114013671875 0.0466461181640625
-0.036102294921875 0.237167358398438 -0.199966430664063 0.229339599609375
0.0480499267578125 0.230636596679688 -0.06988525390625 0.3284912109375
0.0520782470703125 0.21844482421875 -0.209747314453125 0.368804931640625
-0.0100326538085938 0.0434188842773438 0.143951416015625 -0.408599853515625
0.0127363204956055 -0.0159130096435547 0.0738525390625 -0.36578369140625
-0.00785350799560547 -0.00421142578125 0.154312133789063 -0.199188232421875
-0.0115814208984375 0.00976085662841797 0.225143432617187 -0.045928955078125
-0.0204143524169922 0.00636863708496094 0.152053833007813 0.178985595703125
-0.0136947631835938 -0.00277519226074219 -0.051239013671875 0.338653564453125
-0.00865936279296875 0.0109167098999023 -0.364593505859375 0.355194091796875
-0.000781953334808349 -0.000853419303894043 -0.5732421875 0.23077392578125
0.0131521224975586 0.0134506225585938 -0.67474365234375 0.11602783203125
-0.0110092163085937 0.00255012512207031 -0.5762939453125 0.0161743164062499
-0.00575876235961914 -0.00460672378540039 -0.315032958984375 0.00119018554687501
0.0106039047241211 -0.00826930999755859 -0.109786987304688 -0.0760498046875
0.00739765167236328 -0.00575828552246094 -0.0539398193359375 -0.20050048828125
0.0132942199707031 -0.0134878158569336 -0.221160888671875 -0.3519287109375
0.00576639175415039 -0.00371932983398438 -0.402557373046875 -0.505401611328125
0.0771026611328125 0.2532958984375 0.17822265625 -0.379974365234375
0.071136474609375 0.188690185546875 0.131134033203125 -0.3455810546875
-0.0140838623046875 0.239974975585938 0.174423217773438 -0.193878173828125
-0.0948486328125 0.208847045898438 0.259307861328125 -0.0390167236328125
-0.18170166015625 0.150192260742187 0.16986083984375 0.163162231445313
-0.228469848632812 0.12481689453125 -0.038726806640625 0.318603515625
-0.248428344726563 0.0965118408203125 -0.326812744140625 0.33673095703125
-0.244232177734375 0.00955200195312501 -0.519805908203125 0.221038818359375
-0.251266479492188 0.0321807861328125 -0.6337890625 0.13226318359375
-0.2410888671875 0.0118865966796875 -0.545928955078125 0.042572021484375
-0.204254150390625 0.0213623046875 -0.29974365234375 0.0104675292968749
-0.129005432128906 0.0905380249023438 -0.110824584960938 -0.0724945068359375
-0.120674133300781 0.127357482910156 -0.074188232421875 -0.18475341796875
-0.0493927001953125 0.171035766601563 -0.2242431640625 -0.328033447265625
0.014923095703125 0.179595947265625 -0.410369873046875 -0.479888916015625
0.133880615234375 0.4317626953125 0.247955322265625 -0.290435791015625
0.096099853515625 0.36895751953125 0.218475341796875 -0.269546508789063
-0.054473876953125 0.450164794921875 0.208297729492187 -0.164031982421875
-0.197601318359375 0.372772216796875 0.297576904296875 -0.02325439453125
-0.346893310546875 0.256195068359375 0.204086303710938 0.128631591796875
-0.432342529296875 0.214111328125 0.0168609619140625 0.256271362304688
-0.458251953125 0.15496826171875 -0.21630859375 0.272903442382813
-0.44879150390625 0.0186157226562501 -0.38104248046875 0.179840087890625
-0.478729248046875 0.0647277832031251 -0.513702392578125 0.127410888671875
-0.44403076171875 0.0620422363281251 -0.4735107421875 0.0603942871093751
-0.38055419921875 0.100006103515625 -0.279159545898438 0.014251708984375
-0.235122680664063 0.230422973632812 -0.130653381347656 -0.0629348754882813
-0.211395263671875 0.290496826171875 -0.12548828125 -0.149795532226563
-0.07232666015625 0.35223388671875 -0.246124267578125 -0.262908935546875
0.03875732421875 0.34063720703125 -0.419219970703125 -0.389801025390625
0.148651123046875 0.545318603515625 0.324615478515625 -0.14080810546875
0.0739746093750001 0.491424560546875 0.30517578125 -0.13775634765625
-0.1319580078125 0.583740234375 0.239578247070313 -0.102218627929687
-0.307220458984375 0.461700439453125 0.3275146484375 0.00808715820312503
-0.484893798828125 0.2939453125 0.257278442382812 0.084686279296875
-0.59222412109375 0.241943359375 0.116668701171875 0.163711547851563
-0.60546875 0.17364501953125 -0.0450592041015625 0.178176879882813
-0.58349609375 0.02728271484375 -0.18145751953125 0.114151000976562
-0.6302490234375 0.11212158203125 -0.336822509765625 0.0887145996093749
-0.58074951171875 0.149169921875 -0.35858154296875 0.044525146484375
-0.490570068359375 0.22412109375 -0.252731323242188 0.00199890136718746
-0.277801513671875 0.3917236328125 -0.157623291015625 -0.04083251953125
-0.23773193359375 0.452880859375 -0.182876586914063 -0.080322265625
-0.047332763671875 0.50146484375 -0.25494384765625 -0.153213500976563
0.079833984375 0.45416259765625 -0.409423828125 -0.249053955078125
0.126220703125 0.57635498046875 0.39227294921875 0.039215087890625
0.016326904296875 0.524078369140625 0.360137939453125 0.0286865234375
-0.21832275390625 0.5977783203125 0.246963500976563 -0.011322021484375
-0.38592529296875 0.443267822265625 0.332061767578125 0.054962158203125
-0.548248291015625 0.24957275390625 0.314849853515625 0.0491943359375
-0.6588134765625 0.20172119140625 0.250167846679688 0.0728759765625
-0.65863037109375 0.15093994140625 0.163711547851562 0.076385498046875
-0.631103515625 0.0318603515625001 0.046722412109375 0.0317153930664063
-0.6826171875 0.1553955078125 -0.131095886230469 0.00379943847656249
-0.61651611328125 0.231201171875 -0.225112915039063 -0.0247802734375
-0.503082275390625 0.33154296875 -0.223892211914063 -0.0369110107421874
-0.2462158203125 0.499725341796875 -0.1820068359375 -0.0113067626953125
-0.199432373046875 0.560882568359375 -0.217880249023438 0.01763916015625
0.012451171875 0.57464599609375 -0.231765747070313 -0.011688232421875
0.116790771484375 0.503204345703125 -0.37652587890625 -0.0732421875
0.0765380859375 0.5194091796875 0.431121826171875 0.219146728515625
-0.041534423828125 0.46209716796875 0.365234375 0.188568115234375
-0.263702392578125 0.49334716796875 0.214553833007812 0.0800323486328125
-0.38330078125 0.32958984375 0.298980712890625 0.10089111328125
-0.501861572265625 0.14898681640625 0.35772705078125 0.0340576171875
-0.60845947265625 0.12066650390625 0.3883056640625 0.00985717773437501
-0.60650634765625 0.10235595703125 0.376129150390625 -0.013275146484375
-0.58380126953125 0.0310058593750001 0.269332885742187 -0.0578765869140625
-0.62896728515625 0.16583251953125 0.0660018920898437 -0.112419128417969
-0.544525146484375 0.2611083984375 -0.103347778320313 -0.130050659179687
-0.42529296875 0.359375 -0.202667236328125 -0.0909423828124999
-0.1744384765625 0.501556396484375 -0.198379516601563 0.01690673828125
-0.13140869140625 0.554779052734375 -0.22119140625 0.116943359375
0.066162109375 0.545562744140625 -0.175186157226563 0.132156372070313
0.135009765625 0.476409912109375 -0.31878662109375 0.10845947265625
0.02593994140625 0.382598876953125 0.441162109375 0.367523193359375
-0.0643310546875 0.330291748046875 0.324493408203125 0.30548095703125
-0.233642578125 0.324615478515625 0.152786254882812 0.142486572265625
-0.2886962890625 0.1898193359375 0.238967895507812 0.123687744140625
-0.354736328125 0.0559997558593751 0.36956787109375 0.0338134765625
-0.452972412109375 0.0458068847656251 0.49163818359375 -0.02020263671875
-0.45611572265625 0.051727294921875 0.552978515625 -0.082275390625
-0.44512939453125 0.0233154296874999 0.451324462890625 -0.14208984375
-0.481719970703125 0.1339111328125 0.222686767578125 -0.22894287109375
-0.397735595703125 0.21453857421875 -0.01025390625 -0.234695434570313
-0.297210693359375 0.291778564453125 -0.19012451171875 -0.141250610351563
-0.102630615234375 0.392547607421875 -0.210296630859375 0.036224365234375
-0.07098388671875 0.4329833984375 -0.206802368164063 0.191192626953125
0.0791015625000001 0.42181396484375 -0.110687255859375 0.250411987304688
0.111602783203125 0.376739501953125 -0.254302978515625 0.261764526367188
-0.0162353515625 0.19775390625 0.439971923828125 0.458648681640625
-0.040771484375 0.172561645507813 0.274200439453125 0.3658447265625
-0.138748168945313 0.156723022460937 0.0955810546875 0.169647216796875
-0.138526916503906 0.0826873779296875 0.183364868164063 0.120147705078125
-0.1636962890625 0.00764465332031252 0.357666015625 0.03643798828125
-0.238922119140625 0.00701904296875002 0.5499267578125 -0.031036376953125
-0.240249633789063 0.013824462890625 0.665771484375 -0.12896728515625
-0.239898681640625 0.00930786132812497 0.56793212890625 -0.21038818359375
-0.265853881835938 0.0672607421875 0.32244873046875 -0.321319580078125
-0.209335327148438 0.11083984375 0.04669189453125 -0.314117431640625
-0.15216064453125 0.156448364257813 -0.184249877929687 -0.175552368164063
-0.0487213134765625 0.213592529296875 -0.223876953125 0.04693603515625
-0.03485107421875 0.2388916015625 -0.197952270507813 0.232192993164063
0.05078125 0.23114013671875 -0.067230224609375 0.329986572265625
0.0535736083984375 0.218185424804688 -0.20953369140625 0.370086669921875
-0.00859451293945313 0.044586181640625 0.14105224609375 -0.41070556640625
0.0118131637573242 -0.0163593292236328 0.07177734375 -0.366668701171875
-0.00728178024291992 -0.00419473648071289 0.154205322265625 -0.201156616210938
-0.0112800598144531 0.00975418090820313 0.225662231445312 -0.047760009765625
-0.0197696685791016 0.00702667236328125 0.15380859375 0.178909301757813
-0.0133199691772461 -0.00177860260009766 -0.048858642578125 0.340240478515625
-0.00799369812011719 0.0110797882080078 -0.36383056640625 0.35992431640625
-0.00112771987915039 -0.00059211254119873 -0.57342529296875 0.2362060546875
0.0137720108032227 0.0134401321411133 -0.67767333984375 0.12213134765625
-0.0109548568725586 0.00286293029785156 -0.578369140625 0.0206909179687501
-0.00664901733398438 -0.00450897216796875 -0.316680908203125 0.002838134765625
0.0103940963745117 -0.00831794738769531 -0.110649108886719 -0.0760421752929687
0.00755548477172852 -0.00619602203369141 -0.0553131103515625 -0.203109741210938
0.0134792327880859 -0.0135049819946289 -0.225250244140625 -0.35284423828125
0.00627851486206055 -0.00312185287475586 -0.405548095703125 -0.503997802734375
0.0806427001953125 0.254638671875 0.177337646484375 -0.382171630859375
0.0717926025390625 0.188385009765625 0.12957763671875 -0.347991943359375
-0.0124053955078125 0.240615844726563 0.17437744140625 -0.196792602539062
-0.093963623046875 0.210739135742187 0.260040283203125 -0.04144287109375
-0.181747436523437 0.151458740234375 0.171920776367188 0.162567138671875
-0.228271484375 0.127029418945313 -0.037017822265625 0.319793701171875
-0.249176025390625 0.0992279052734375 -0.32611083984375 0.3414306640625
-0.2449951171875 0.0110931396484376 -0.51910400390625 0.22613525390625
-0.252487182617188 0.0339508056640625 -0.63555908203125 0.13909912109375
-0.242095947265625 0.0142974853515625 -0.54791259765625 0.047210693359375
-0.205596923828125 0.0225372314453125 -0.301513671875 0.011932373046875
-0.128196716308594 0.0915985107421875 -0.111419677734375 -0.0733108520507812
-0.11993408203125 0.128807067871094 -0.0750732421875 -0.185882568359375
-0.0479888916015625 0.172348022460938 -0.228240966796875 -0.32794189453125
0.016204833984375 0.181243896484375 -0.4154052734375 -0.4788818359375
0.139434814453125 0.43304443359375 0.24822998046875 -0.29376220703125
0.098602294921875 0.369171142578125 0.217239379882813 -0.272445678710938
-0.05084228515625 0.45477294921875 0.209030151367188 -0.16619873046875
-0.1953125 0.375701904296875 0.29888916015625 -0.026397705078125
-0.345703125 0.259368896484375 0.205612182617187 0.127151489257813
-0.43280029296875 0.218048095703125 0.0181427001953125 0.256866455078125
-0.460174560546875 0.16021728515625 -0.215255737304688 0.275543212890625
-0.44964599609375 0.021270751953125 -0.38116455078125 0.18316650390625
-0.479644775390625 0.06890869140625 -0.515106201171875 0.133026123046875
-0.4466552734375 0.0654296874999999 -0.474517822265625 0.0641784667968751
-0.38275146484375 0.102691650390625 -0.280776977539063 0.0157623291015625
-0.234817504882813 0.2322998046875 -0.131690979003906 -0.0627593994140625
-0.209991455078125 0.29327392578125 -0.126113891601563 -0.150177001953125
-0.07049560546875 0.354888916015625 -0.2476806640625 -0.26318359375
0.041412353515625 0.341949462890625 -0.423126220703125 -0.390106201171875
0.154937744140625 0.546234130859375 0.326873779296875 -0.143951416015625
0.076812744140625 0.4931640625 0.305328369140625 -0.14093017578125
-0.1259765625 0.5872802734375 0.24102783203125 -0.103256225585937
-0.30511474609375 0.46575927734375 0.329193115234375 0.00497436523437503
-0.484954833984375 0.2987060546875 0.258834838867187 0.0817718505859375
-0.59307861328125 0.24639892578125 0.117996215820312 0.163360595703125
-0.60760498046875 0.17822265625 -0.0438842773437501 0.178665161132813
-0.5863037109375 0.0311889648437499 -0.1815185546875 0.115814208984375
-0.63336181640625 0.11822509765625 -0.33746337890625 0.092529296875
-0.58270263671875 0.1539306640625 -0.359893798828125 0.0469665527343751
-0.493682861328125 0.227874755859375 -0.254180908203125 0.00355529785156251
-0.27545166015625 0.394805908203125 -0.158340454101563 -0.0403594970703125
-0.23419189453125 0.457611083984375 -0.182571411132813 -0.07977294921875
-0.043060302734375 0.503570556640625 -0.256927490234375 -0.153121948242187
0.081787109375 0.455718994140625 -0.4140625 -0.247650146484375
0.13018798828125 0.57806396484375 0.39520263671875 0.03662109375
0.019012451171875 0.52655029296875 0.36279296875 0.025360107421875
-0.21405029296875 0.60235595703125 0.248336791992187 -0.011566162109375
-0.38421630859375 0.446990966796875 0.3338623046875 0.053131103515625
-0.550262451171875 0.2550048828125 0.316436767578125 0.047271728515625
-0.66046142578125 0.2073974609375 0.250778198242187 0.0721435546875
-0.6611328125 0.15576171875 0.165618896484375 0.0756378173828125
-0.6339111328125 0.0360107421875001 0.0487098693847656 0.0313301086425781
-0.68597412109375 0.160888671875 -0.13079833984375 0.00492858886718752
-0.61810302734375 0.236572265625 -0.224822998046875 -0.0230712890625
-0.504302978515625 0.33734130859375 -0.225311279296875 -0.036346435546875
-0.242462158203125 0.5040283203125 -0.181640625 -0.010284423828125
-0.19647216796875 0.5640869140625 -0.217453002929688 0.019378662109375
0.01654052734375 0.5767822265625 -0.23248291015625 -0.0109252929687499
0.120269775390625 0.505340576171875 -0.378631591796875 -0.0712585449218749
0.081085205078125 0.521148681640625 0.43438720703125 0.218048095703125
-0.0379943847656251 0.46282958984375 0.367523193359375 0.186370849609375
-0.26055908203125 0.4979248046875 0.216751098632812 0.08050537109375
-0.382659912109375 0.3328857421875 0.301483154296875 0.099395751953125
-0.50152587890625 0.15228271484375 0.360687255859375 0.032012939453125
-0.61126708984375 0.12725830078125 0.388519287109375 0.00833129882812501
-0.6092529296875 0.1080322265625 0.377685546875 -0.01568603515625
-0.58538818359375 0.0361328124999999 0.270462036132812 -0.0599517822265625
-0.63153076171875 0.171630859375 0.0659561157226562 -0.113121032714844
-0.546722412109375 0.265960693359375 -0.103355407714844 -0.129661560058594
-0.426116943359375 0.3656005859375 -0.203567504882813 -0.0905609130859374
-0.171051025390625 0.505462646484375 -0.199188232421875 0.0189971923828125
-0.125762939453125 0.558074951171875 -0.219772338867188 0.1192626953125
0.0704345703125001 0.547515869140625 -0.174545288085937 0.133193969726563
0.138427734375 0.477996826171875 -0.319549560546875 0.110015869140625
0.02728271484375 0.3856201171875 0.44732666015625 0.366485595703125
-0.0628662109375 0.331512451171875 0.32879638671875 0.305267333984375
-0.23211669921875 0.328277587890625 0.154434204101562 0.143234252929688
-0.28887939453125 0.19244384765625 0.241409301757812 0.122299194335938
-0.3563232421875 0.05645751953125 0.372222900390625 0.032257080078125
-0.4549560546875 0.0497741699218751 0.493011474609375 -0.023681640625
-0.458709716796875 0.0553894042968749 0.553924560546875 -0.08624267578125
-0.44793701171875 0.024688720703125 0.4530029296875 -0.145599365234375
-0.48291015625 0.13861083984375 0.223587036132812 -0.232452392578125
-0.399017333984375 0.219207763671875 -0.0111541748046875 -0.23583984375
-0.296844482421875 0.29681396484375 -0.1910400390625 -0.141098022460937
-0.1007080078125 0.395233154296875 -0.210830688476563 0.037994384765625
-0.06658935546875 0.4364013671875 -0.205474853515625 0.19366455078125
0.08251953125 0.42303466796875 -0.108871459960937 0.251449584960938
0.11456298828125 0.378265380859375 -0.25555419921875 0.263381958007812
-0.0152435302734375 0.198974609375 0.44720458984375 0.457977294921875
-0.0392913818359375 0.172286987304687 0.280548095703125 0.36578369140625
-0.137863159179687 0.159393310546875 0.0968170166015625 0.171478271484375
-0.138359069824219 0.0830154418945313 0.18499755859375 0.120147705078125
-0.165023803710938 0.00790405273437498 0.359161376953125 0.033447265625
-0.24029541015625 0.00860595703124996 0.552764892578125 -0.034637451171875
-0.2418212890625 0.0164031982421875 0.66790771484375 -0.13433837890625
-0.241195678710938 0.0108795166015625 0.56707763671875 -0.214111328125
-0.266555786132813 0.0695343017578125 0.32171630859375 -0.324462890625
-0.209991455078125 0.112838745117188 0.046051025390625 -0.316436767578125
-0.1522216796875 0.158950805664062 -0.186050415039063 -0.175460815429687
-0.0472869873046875 0.216033935546875 -0.224273681640625 0.0496826171875
-0.0332183837890625 0.240142822265625 -0.195556640625 0.234878540039063
0.05316162109375 0.231765747070313 -0.0655517578125 0.329925537109375
0.055572509765625 0.218795776367187 -0.2081298828125 0.371826171875
-0.00727462768554687 0.045318603515625 0.138519287109375 -0.41278076171875
0.0121088027954102 -0.0165824890136719 0.069610595703125 -0.36920166015625
-0.00802898406982422 -0.00408554077148438 0.15435791015625 -0.204071044921875
-0.010869026184082 0.0095529556274414 0.225921630859375 -0.05059814453125
-0.0196743011474609 0.00577926635742188 0.154937744140625 0.179000854492188
-0.0136041641235352 -0.00117874145507812 -0.046783447265625 0.34222412109375
-0.00762462615966797 0.0117816925048828 -0.362579345703125 0.36505126953125
-0.000474035739898682 -0.000662922859191895 -0.57354736328125 0.24151611328125
0.0139951705932617 0.0140399932861328 -0.6795654296875 0.1295166015625
-0.0107107162475586 0.0038461685180664 -0.58221435546875 0.0260009765624999
-0.0068516731262207 -0.00449419021606445 -0.318267822265625 0.00482177734375002
0.0104408264160156 -0.00891780853271484 -0.111602783203125 -0.076385498046875
0.00778579711914063 -0.00610589981079102 -0.0578460693359375 -0.203567504882812
0.0131750106811523 -0.0135202407836914 -0.230133056640625 -0.353179931640625
0.00549125671386719 -0.00324106216430664 -0.412261962890625 -0.503448486328125
0.084320068359375 0.255508422851563 0.17657470703125 -0.3857421875
0.07489013671875 0.187744140625 0.12860107421875 -0.35076904296875
-0.00987243652343753 0.242996215820313 0.174407958984375 -0.198715209960938
-0.0907440185546875 0.212631225585938 0.261001586914063 -0.04449462890625
-0.181716918945313 0.154495239257812 0.17315673828125 0.162353515625
-0.229217529296875 0.13006591796875 -0.03472900390625 0.3223876953125
-0.249801635742188 0.102828979492187 -0.3243408203125 0.346527099609375
-0.24627685546875 0.013397216796875 -0.518341064453125 0.232177734375
-0.253021240234375 0.0367889404296875 -0.6376953125 0.144775390625
-0.244155883789063 0.016754150390625 -0.55108642578125 0.0536804199218749
-0.207794189453125 0.024017333984375 -0.30291748046875 0.015045166015625
-0.129219055175781 0.09246826171875 -0.112640380859375 -0.0730361938476562
-0.118705749511719 0.130218505859375 -0.076690673828125 -0.186874389648438
-0.04583740234375 0.173736572265625 -0.23126220703125 -0.3289794921875
0.0177154541015625 0.18212890625 -0.422210693359375 -0.47894287109375
0.144683837890625 0.4344482421875 0.248291015625 -0.29632568359375
0.102447509765625 0.36962890625 0.216964721679688 -0.2757568359375
-0.0474853515625 0.45703125 0.209381103515625 -0.167816162109375
-0.192535400390625 0.37982177734375 0.300079345703125 -0.02923583984375
-0.3470458984375 0.264312744140625 0.20770263671875 0.125778198242188
-0.43560791015625 0.224395751953125 0.0189666748046875 0.2587890625
-0.461273193359375 0.1651611328125 -0.213607788085938 0.27972412109375
-0.454010009765625 0.02496337890625 -0.380889892578125 0.187469482421875
-0.48345947265625 0.0731506347656249 -0.51715087890625 0.138153076171875
-0.448486328125 0.07000732421875 -0.47723388671875 0.0703735351562501
-0.384002685546875 0.106781005859375 -0.28155517578125 0.017608642578125
-0.23358154296875 0.23583984375 -0.132522583007813 -0.0629501342773438
-0.208770751953125 0.2967529296875 -0.127243041992188 -0.149993896484375
-0.065887451171875 0.357574462890625 -0.25164794921875 -0.262908935546875
0.04400634765625 0.34466552734375 -0.429443359375 -0.387664794921875
0.160552978515625 0.549102783203125 0.327728271484375 -0.146392822265625
0.081298828125 0.49346923828125 0.306243896484375 -0.14495849609375
-0.12091064453125 0.59210205078125 0.242355346679687 -0.104766845703125
-0.3026123046875 0.4735107421875 0.33135986328125 0.00238037109375003
-0.4859619140625 0.30438232421875 0.261398315429688 0.0808258056640625
-0.59515380859375 0.2525634765625 0.11944580078125 0.164520263671875
-0.61016845703125 0.1868896484375 -0.041259765625 0.179901123046875
-0.5892333984375 0.03515625 -0.180267333984375 0.117706298828125
-0.63519287109375 0.124755859375 -0.33819580078125 0.0975036621093751
-0.58538818359375 0.15850830078125 -0.361175537109375 0.0514221191406251
-0.49395751953125 0.2335205078125 -0.25469970703125 0.00492858886718751
-0.27374267578125 0.39935302734375 -0.159683227539063 -0.040069580078125
-0.230865478515625 0.46221923828125 -0.183624267578125 -0.0793304443359375
-0.038665771484375 0.506591796875 -0.258468627929687 -0.152816772460937
0.08599853515625 0.459564208984375 -0.418487548828125 -0.24560546875
0.1365966796875 0.5810546875 0.3984375 0.034210205078125
0.0225830078125 0.527801513671875 0.365631103515625 0.02294921875
-0.209716796875 0.60675048828125 0.250411987304688 -0.012298583984375
-0.38330078125 0.452239990234375 0.336639404296875 0.050994873046875
-0.55181884765625 0.259857177734375 0.319183349609375 0.04449462890625
-0.66265869140625 0.2139892578125 0.25323486328125 0.070343017578125
-0.6651611328125 0.1622314453125 0.16766357421875 0.074371337890625
-0.638427734375 0.0419311523437499 0.0498275756835937 0.0306282043457031
-0.68939208984375 0.1683349609375 -0.130844116210938 0.00692749023437503
-0.62017822265625 0.2430419921875 -0.226531982421875 -0.0212707519531249
-0.505218505859375 0.343170166015625 -0.2259521484375 -0.0345306396484375
-0.240325927734375 0.508880615234375 -0.182968139648438 -0.0090484619140625
-0.19183349609375 0.56939697265625 -0.2166748046875 0.0218963623046876
0.0239257812500001 0.579833984375 -0.2327880859375 -0.00988769531250001
0.12591552734375 0.50799560546875 -0.38214111328125 -0.0689697265625
0.0851440429687499 0.5224609375 0.440216064453125 0.215911865234375
-0.03509521484375 0.46435546875 0.372589111328125 0.184783935546875
-0.2581787109375 0.502960205078125 0.218460083007812 0.08123779296875
-0.3812255859375 0.338958740234375 0.3040771484375 0.097503662109375
-0.504913330078125 0.156707763671875 0.361846923828125 0.028961181640625
-0.614013671875 0.13128662109375 0.39013671875 0.00668334960937501
-0.6129150390625 0.1146240234375 0.380584716796875 -0.019805908203125
-0.58929443359375 0.0396728515625 0.272903442382812 -0.0625
-0.6337890625 0.17962646484375 0.066253662109375 -0.114433288574219
-0.548248291015625 0.27227783203125 -0.103790283203125 -0.129341125488281
-0.424530029296875 0.37274169921875 -0.205032348632813 -0.0900115966796875
-0.168060302734375 0.5096435546875 -0.199417114257813 0.01934814453125
-0.12200927734375 0.56353759765625 -0.217910766601563 0.12152099609375
0.07659912109375 0.550384521484375 -0.173751831054688 0.134262084960937
0.14404296875 0.4794921875 -0.32135009765625 0.112335205078125
0.02972412109375 0.386749267578125 0.452667236328125 0.363433837890625
-0.060821533203125 0.332489013671875 0.3343505859375 0.304168701171875
-0.2293701171875 0.333953857421875 0.156036376953125 0.144485473632813
-0.288330078125 0.19635009765625 0.244354248046875 0.120956420898438
-0.3580322265625 0.0599365234375001 0.373687744140625 0.029266357421875
-0.45751953125 0.05364990234375 0.49493408203125 -0.027069091796875
-0.459808349609375 0.060821533203125 0.556121826171875 -0.090484619140625
-0.450347900390625 0.029815673828125 0.453399658203125 -0.15155029296875
-0.485107421875 0.144622802734375 0.2236328125 -0.235748291015625
-0.399139404296875 0.2222900390625 -0.011932373046875 -0.237579345703125
-0.29693603515625 0.3009033203125 -0.19183349609375 -0.140960693359375
-0.097015380859375 0.398529052734375 -0.210769653320313 0.040496826171875
-0.06463623046875 0.440277099609375 -0.203964233398438 0.19683837890625
0.08746337890625 0.425262451171875 -0.106903076171875 0.253341674804688
0.11846923828125 0.379638671875 -0.2548828125 0.266311645507813
-0.014129638671875 0.200180053710938 0.45263671875 0.4556884765625
-0.0390167236328125 0.173141479492188 0.2845458984375 0.36602783203125
-0.13690185546875 0.161972045898438 0.0989990234375 0.172744750976562
-0.138351440429688 0.0849075317382812 0.187164306640625 0.120468139648437
-0.166183471679688 0.00869750976562497 0.360992431640625 0.032318115234375
-0.242324829101563 0.01019287109375 0.554962158203125 -0.038238525390625
-0.243118286132813 0.0183258056640625 0.66973876953125 -0.14178466796875
-0.242294311523437 0.0125122070312499 0.56976318359375 -0.22027587890625
-0.267791748046875 0.072784423828125 0.32073974609375 -0.330108642578125
-0.210098266601563 0.11474609375 0.045257568359375 -0.31927490234375
-0.151031494140625 0.161483764648438 -0.1876220703125 -0.176589965820313
-0.0454254150390625 0.217117309570313 -0.224227905273438 0.05194091796875
-0.03094482421875 0.242996215820313 -0.193435668945313 0.238143920898438
0.0556793212890625 0.232315063476563 -0.063262939453125 0.331512451171875
0.057403564453125 0.219970703125 -0.20782470703125 0.373992919921875
-0.00635528564453124 0.0450859069824219 0.136322021484375 -0.41571044921875
0.0110044479370117 -0.0172595977783203 0.06402587890625 -0.3714599609375
-0.00762271881103516 -0.00428915023803711 0.153106689453125 -0.2066650390625
-0.0102910995483398 0.00917530059814453 0.226760864257812 -0.052825927734375
-0.0199375152587891 0.00754165649414063 0.157241821289063 0.177642822265625
-0.0136213302612305 -0.000354766845703125 -0.044769287109375 0.344390869140625
-0.00819683074951172 0.0113077163696289 -0.36016845703125 0.371307373046875
-0.00102007389068604 -0.000956118106842041 -0.57220458984375 0.25018310546875
0.0140590667724609 0.0133905410766602 -0.68206787109375 0.13726806640625
-0.0112371444702148 0.00393009185791015 -0.58392333984375 0.0327758789062499
-0.00787496566772461 -0.00399065017700195 -0.320526123046875 0.00823974609375002
0.010004997253418 -0.00920200347900391 -0.112846374511719 -0.0760955810546875
0.00746917724609375 -0.00624418258666992 -0.05963134765625 -0.204864501953125
0.0127668380737305 -0.0136451721191406 -0.23480224609375 -0.35382080078125
0.00642204284667969 -0.00246000289916992 -0.419708251953125 -0.50299072265625
0.0881195068359375 0.255813598632813 0.174591064453125 -0.38824462890625
0.0758819580078125 0.188323974609375 0.122711181640625 -0.354644775390625
-0.00683593750000001 0.244903564453125 0.173782348632812 -0.202362060546875
-0.0899658203125 0.214202880859375 0.261810302734375 -0.0475921630859375
-0.181747436523438 0.156845092773438 0.175674438476563 0.160568237304688
-0.229156494140625 0.133438110351563 -0.032470703125 0.32373046875
-0.250228881835938 0.105377197265625 -0.321197509765625 0.351287841796875
-0.246963500976563 0.015289306640625 -0.51885986328125 0.2376708984375
-0.254547119140625 0.040283203125 -0.6378173828125 0.152587890625
-0.244552612304688 0.0196533203125001 -0.552764892578125 0.05877685546875
-0.209075927734375 0.0261993408203125 -0.304412841796875 0.0170288085937501
-0.128265380859375 0.0942611694335938 -0.114265441894531 -0.0728836059570312
-0.118621826171875 0.132583618164063 -0.078094482421875 -0.18804931640625
-0.04443359375 0.175079345703125 -0.235992431640625 -0.32745361328125
0.01983642578125 0.18365478515625 -0.42791748046875 -0.47772216796875
0.151031494140625 0.435455322265625 0.247650146484375 -0.29931640625
0.1063232421875 0.36956787109375 0.21490478515625 -0.280258178710938
-0.0416259765625 0.4599609375 0.209243774414063 -0.170135498046875
-0.189697265625 0.384063720703125 0.30169677734375 -0.03271484375
-0.346405029296875 0.2686767578125 0.209732055664062 0.124557495117188
-0.43463134765625 0.229278564453125 0.0213165283203125 0.260208129882813
-0.462493896484375 0.1712646484375 -0.21051025390625 0.28338623046875
-0.45538330078125 0.030426025390625 -0.380279541015625 0.192352294921875
-0.484710693359375 0.08123779296875 -0.517791748046875 0.1453857421875
-0.45086669921875 0.0745544433593751 -0.477447509765625 0.075408935546875
-0.38671875 0.11090087890625 -0.283538818359375 0.019866943359375
-0.232208251953125 0.237808227539063 -0.134017944335938 -0.0623703002929687
-0.2060546875 0.2989501953125 -0.128753662109375 -0.15045166015625
-0.062652587890625 0.359161376953125 -0.254196166992187 -0.262039184570313
0.047607421875 0.345703125 -0.435272216796875 -0.387176513671875
0.168304443359375 0.5496826171875 0.32958984375 -0.150115966796875
0.0864257812500001 0.493438720703125 0.307220458984375 -0.148590087890625
-0.11529541015625 0.597412109375 0.241867065429688 -0.107177734375
-0.2994384765625 0.477081298828125 0.333282470703125 -0.00119018554687497
-0.485931396484375 0.310699462890625 0.263320922851562 0.07806396484375
-0.595947265625 0.26055908203125 0.120819091796875 0.164138793945313
-0.61083984375 0.19403076171875 -0.039337158203125 0.181625366210937
-0.59344482421875 0.04193115234375 -0.17926025390625 0.120040893554688
-0.63800048828125 0.1328125 -0.338348388671875 0.1009521484375
-0.58770751953125 0.16705322265625 -0.361663818359375 0.056060791015625
-0.495635986328125 0.2391357421875 -0.256118774414063 0.00686645507812496
-0.270538330078125 0.40313720703125 -0.16021728515625 -0.0384674072265625
-0.22808837890625 0.468475341796875 -0.183807373046875 -0.078033447265625
-0.0335693359375 0.508880615234375 -0.26153564453125 -0.151626586914062
0.090606689453125 0.46099853515625 -0.42352294921875 -0.244110107421875
0.14373779296875 0.58197021484375 0.401824951171875 0.0301513671875
0.028045654296875 0.529388427734375 0.368865966796875 0.01806640625
-0.2030029296875 0.61236572265625 0.252044677734375 -0.01318359375
-0.3780517578125 0.4583740234375 0.33929443359375 0.047149658203125
-0.552520751953125 0.266021728515625 0.32110595703125 0.04119873046875
-0.665771484375 0.22076416015625 0.253738403320312 0.069122314453125
-0.66741943359375 0.171875 0.170059204101562 0.07342529296875
-0.6419677734375 0.0478515625 0.0511970520019531 0.0301666259765625
-0.6915283203125 0.17755126953125 -0.13092041015625 0.00879669189453127
-0.62139892578125 0.2518310546875 -0.2265625 -0.0188140869140625
-0.505859375 0.349395751953125 -0.227447509765625 -0.03369140625
-0.236419677734375 0.513214111328125 -0.184219360351563 -0.00827026367187496
-0.1854248046875 0.57513427734375 -0.216217041015625 0.0233612060546875
0.03021240234375 0.5806884765625 -0.234085083007813 -0.00869750976562496
0.132598876953125 0.509033203125 -0.385162353515625 -0.06671142578125
0.091217041015625 0.5235595703125 0.44549560546875 0.21234130859375
-0.031982421875 0.466217041015625 0.376251220703125 0.18145751953125
-0.251739501953125 0.509307861328125 0.220474243164062 0.0812225341796875
-0.379486083984375 0.34356689453125 0.307342529296875 0.095123291015625
-0.506195068359375 0.16253662109375 0.364715576171875 0.025482177734375
-0.6158447265625 0.1383056640625 0.390625 0.00241088867187501
-0.613525390625 0.1220703125 0.382354736328125 -0.0233154296875
-0.5916748046875 0.046142578125 0.274383544921875 -0.0659027099609375
-0.63494873046875 0.187255859375 0.0662612915039062 -0.115631103515625
-0.548095703125 0.27984619140625 -0.10455322265625 -0.128684997558594
-0.42510986328125 0.377838134765625 -0.206466674804688 -0.089141845703125
-0.162689208984375 0.5133056640625 -0.19989013671875 0.0213623046875
-0.11639404296875 0.5682373046875 -0.215988159179688 0.124374389648437
0.0838623046875 0.551544189453125 -0.172592163085938 0.135345458984375
0.148712158203125 0.480194091796875 -0.322509765625 0.115814208984375
0.034423828125 0.388580322265625 0.46044921875 0.361480712890625
-0.0587158203125 0.333251953125 0.337890625 0.303009033203125
-0.227020263671875 0.3380126953125 0.158828735351562 0.146453857421875
-0.287017822265625 0.198516845703125 0.24688720703125 0.11993408203125
-0.3607177734375 0.0616455078125 0.3758544921875 0.02557373046875
-0.45916748046875 0.0579528808593751 0.495697021484375 -0.031402587890625
-0.46197509765625 0.0656127929687501 0.55828857421875 -0.096649169921875
-0.452484130859375 0.0344543457031249 0.45452880859375 -0.155548095703125
-0.486724853515625 0.151275634765625 0.22259521484375 -0.2392578125
-0.39874267578125 0.228057861328125 -0.0129852294921875 -0.23846435546875
-0.29583740234375 0.305023193359375 -0.19390869140625 -0.140289306640625
-0.09442138671875 0.402862548828125 -0.211624145507813 0.0416107177734376
-0.05902099609375 0.44378662109375 -0.200942993164063 0.200485229492188
0.092742919921875 0.42559814453125 -0.10418701171875 0.25421142578125
0.12310791015625 0.37945556640625 -0.255661010742187 0.269668579101563
-0.0124359130859375 0.202239990234375 0.459381103515625 0.45263671875
-0.038330078125 0.173370361328125 0.290130615234375 0.36492919921875
-0.135162353515625 0.165618896484375 0.101089477539063 0.174270629882813
-0.138114929199219 0.0863876342773437 0.189010620117188 0.118789672851562
-0.167343139648438 0.00991821289062503 0.36248779296875 0.028076171875
-0.24322509765625 0.01287841796875 0.556640625 -0.044189453125
-0.2445068359375 0.0218658447265625 0.6717529296875 -0.1490478515625
-0.24359130859375 0.01580810546875 0.57061767578125 -0.2271728515625
-0.2689208984375 0.0756988525390625 0.319915771484375 -0.33538818359375
-0.211044311523438 0.118072509765625 0.04296875 -0.321807861328125
-0.150863647460937 0.163833618164063 -0.189346313476562 -0.175323486328125
-0.04315185546875 0.219467163085938 -0.224578857421875 0.054412841796875
-0.0288543701171875 0.244781494140625 -0.19110107421875 0.241256713867188
0.058685302734375 0.232681274414063 -0.060028076171875 0.3323974609375
0.059814453125 0.220840454101563 -0.2069091796875 0.376373291015625
-0.00475692749023438 0.0460205078125 0.133453369140625 -0.419097900390625
0.010009765625 -0.0181159973144531 0.059844970703125 -0.375335693359375
-0.00799417495727539 -0.00404739379882813 0.151290893554688 -0.210067749023437
-0.0103607177734375 0.00946617126464844 0.2265625 -0.0565032958984375
-0.0200061798095703 0.00717735290527344 0.159408569335938 0.1767578125
-0.0132207870483398 -0.000132560729980468 -0.040496826171875 0.34649658203125
-0.00800037384033203 0.0119390487670898 -0.3570556640625 0.377532958984375
-0.0010332465171814 -0.00089561939239502 -0.57061767578125 0.2567138671875
0.0137920379638672 0.0133209228515625 -0.68389892578125 0.147705078125
-0.0112533569335937 0.00467586517333985 -0.58685302734375 0.04052734375
-0.00871610641479492 -0.0037384033203125 -0.322113037109375 0.011993408203125
0.00938987731933594 -0.00980186462402344 -0.114044189453125 -0.0760955810546875
0.00712442398071289 -0.00625944137573242 -0.0626373291015625 -0.20623779296875
0.0128355026245117 -0.0138263702392578 -0.24029541015625 -0.35211181640625
0.00636625289916992 -0.00272226333618164 -0.427093505859375 -0.500762939453125
0.09246826171875 0.255844116210937 0.170318603515625 -0.391387939453125
0.0777587890625 0.187164306640625 0.120635986328125 -0.35687255859375
-0.00329589843750002 0.245361328125 0.173095703125 -0.205154418945312
-0.086944580078125 0.216171264648438 0.262161254882813 -0.0514068603515625
-0.180755615234375 0.159881591796875 0.177658081054688 0.15869140625
-0.228469848632812 0.1370849609375 -0.030059814453125 0.3267822265625
-0.25054931640625 0.110198974609375 -0.318695068359375 0.357818603515625
-0.249099731445313 0.0187072753906251 -0.517333984375 0.245941162109375
-0.254638671875 0.04339599609375 -0.63922119140625 0.162353515625
-0.246002197265625 0.0227355957031249 -0.554718017578125 0.0682373046875001
-0.21063232421875 0.02972412109375 -0.306640625 0.019500732421875
-0.12823486328125 0.0953598022460938 -0.11553955078125 -0.0730209350585937
-0.117431640625 0.133613586425781 -0.0798492431640625 -0.188385009765625
-0.04205322265625 0.175430297851563 -0.24188232421875 -0.326019287109375
0.0220947265625 0.184341430664063 -0.43646240234375 -0.474365234375
0.15753173828125 0.436431884765625 0.2467041015625 -0.303131103515625
0.110626220703125 0.36865234375 0.2130126953125 -0.284515380859375
-0.034881591796875 0.463348388671875 0.20831298828125 -0.173065185546875
-0.1854248046875 0.387603759765625 0.30230712890625 -0.03680419921875
-0.345672607421875 0.273681640625 0.211715698242187 0.122268676757813
-0.43524169921875 0.235626220703125 0.0242767333984375 0.261688232421875
-0.46209716796875 0.17706298828125 -0.2078857421875 0.2862548828125
-0.457550048828125 0.0361938476562501 -0.378570556640625 0.198394775390625
-0.486602783203125 0.08746337890625 -0.518463134765625 0.15301513671875
-0.45263671875 0.0797729492187499 -0.478607177734375 0.0823059082031249
-0.38800048828125 0.116302490234375 -0.284942626953125 0.02301025390625
-0.229827880859375 0.24139404296875 -0.135086059570313 -0.0614700317382813
-0.202880859375 0.302154541015625 -0.130111694335938 -0.150054931640625
-0.057769775390625 0.359832763671875 -0.259078979492187 -0.2611083984375
0.0521240234375 0.3480224609375 -0.441650390625 -0.384002685546875
0.176361083984375 0.550048828125 0.329681396484375 -0.154754638671875
0.09051513671875 0.49395751953125 0.306854248046875 -0.153411865234375
-0.107177734375 0.60162353515625 0.243743896484375 -0.109848022460937
-0.294036865234375 0.483795166015625 0.334808349609375 -0.00537109374999997
-0.4852294921875 0.31829833984375 0.264480590820313 0.074554443359375
-0.5958251953125 0.26898193359375 0.123291015625 0.164230346679688
-0.61309814453125 0.2010498046875 -0.0372161865234375 0.182846069335938
-0.595703125 0.049560546875 -0.1776123046875 0.12249755859375
-0.64007568359375 0.14227294921875 -0.338165283203125 0.106048583984375
-0.58868408203125 0.17449951171875 -0.361358642578125 0.061370849609375
-0.495635986328125 0.246063232421875 -0.257247924804688 0.00920104980468752
-0.26788330078125 0.40802001953125 -0.161453247070313 -0.0379486083984375
-0.222198486328125 0.47283935546875 -0.184173583984375 -0.0765380859375
-0.026031494140625 0.510772705078125 -0.264312744140625 -0.149688720703125
0.095947265625 0.463348388671875 -0.42840576171875 -0.240264892578125
0.1517333984375 0.58172607421875 0.40509033203125 0.02593994140625
0.033660888671875 0.5301513671875 0.370941162109375 0.0137939453125
-0.1949462890625 0.6187744140625 0.25384521484375 -0.014892578125
-0.374420166015625 0.464019775390625 0.341400146484375 0.043121337890625
-0.5537109375 0.273590087890625 0.322998046875 0.03753662109375
-0.66680908203125 0.23028564453125 0.255599975585937 0.067169189453125
-0.66741943359375 0.1802978515625 0.172119140625 0.071380615234375
-0.64324951171875 0.0559692382812501 0.052337646484375 0.0299797058105469
-0.69415283203125 0.1873779296875 -0.130416870117188 0.010955810546875
-0.6214599609375 0.26007080078125 -0.226455688476563 -0.0153961181640625
-0.50372314453125 0.357025146484375 -0.228897094726563 -0.0320129394531249
-0.230377197265625 0.5179443359375 -0.184402465820313 -0.00624084472656249
-0.17889404296875 0.57940673828125 -0.214813232421875 0.0261077880859376
0.03802490234375 0.58343505859375 -0.234161376953125 -0.00695800781249999
0.13800048828125 0.510345458984375 -0.3873291015625 -0.0624999999999999
0.09765625 0.5247802734375 0.45111083984375 0.20782470703125
-0.02667236328125 0.467071533203125 0.3802490234375 0.177581787109375
-0.246337890625 0.5147705078125 0.222991943359375 0.08013916015625
-0.376495361328125 0.3486328125 0.310272216796875 0.091522216796875
-0.508514404296875 0.168121337890625 0.366180419921875 0.0206298828125
-0.6177978515625 0.1458740234375 0.3927001953125 -0.000793457031249991
-0.61627197265625 0.12969970703125 0.3851318359375 -0.0281982421875
-0.5943603515625 0.0538940429687499 0.27496337890625 -0.069580078125
-0.63665771484375 0.19708251953125 0.0660476684570312 -0.117088317871094
-0.548095703125 0.288360595703125 -0.105072021484375 -0.1279296875
-0.42242431640625 0.386077880859375 -0.207901000976563 -0.087432861328125
-0.157379150390625 0.518890380859375 -0.200180053710938 0.0237731933593751
-0.1094970703125 0.5716552734375 -0.214111328125 0.127304077148438
0.0913085937500001 0.552642822265625 -0.171539306640625 0.136886596679688
0.155181884765625 0.482086181640625 -0.323883056640625 0.11895751953125
0.040008544921875 0.389373779296875 0.466644287109375 0.3587646484375
-0.055328369140625 0.334503173828125 0.3448486328125 0.300018310546875
-0.223846435546875 0.34210205078125 0.161468505859375 0.146530151367188
-0.28619384765625 0.20281982421875 0.2490234375 0.117263793945313
-0.362396240234375 0.0666809082031249 0.37762451171875 0.02276611328125
-0.46063232421875 0.0628662109375001 0.496307373046875 -0.0379638671875
-0.464385986328125 0.07293701171875 0.559478759765625 -0.103668212890625
-0.454833984375 0.0390624999999999 0.45513916015625 -0.16168212890625
-0.487030029296875 0.15826416015625 0.222412109375 -0.242935180664063
-0.39813232421875 0.23486328125 -0.0150146484375 -0.239913940429687
-0.29351806640625 0.31103515625 -0.195968627929688 -0.139175415039063
-0.089263916015625 0.405731201171875 -0.212387084960938 0.0444183349609375
-0.053131103515625 0.447052001953125 -0.197525024414062 0.203369140625
0.099700927734375 0.42559814453125 -0.102127075195312 0.255050659179687
0.12872314453125 0.380523681640625 -0.254364013671875 0.2716064453125
-0.0107574462890625 0.202621459960937 0.4669189453125 0.4498291015625
-0.037078857421875 0.17431640625 0.29559326171875 0.36273193359375
-0.133270263671875 0.168136596679688 0.103744506835937 0.176177978515625
-0.137260437011719 0.0879669189453125 0.19122314453125 0.117202758789063
-0.168777465820313 0.01092529296875 0.3651123046875 0.02301025390625
-0.244598388671875 0.015838623046875 0.558685302734375 -0.05194091796875
-0.244720458984375 0.0256500244140625 0.67108154296875 -0.1573486328125
-0.24456787109375 0.0191192626953125 0.56890869140625 -0.23553466796875
-0.269241333007812 0.0800018310546875 0.319000244140625 -0.34136962890625
-0.210403442382813 0.120956420898437 0.03997802734375 -0.324737548828125
-0.14959716796875 0.16717529296875 -0.19171142578125 -0.173934936523438
-0.04022216796875 0.221450805664063 -0.22552490234375 0.0571441650390625
-0.0255126953125 0.246536254882813 -0.1878662109375 0.244827270507813
0.062469482421875 0.232925415039063 -0.05560302734375 0.3333740234375
0.063629150390625 0.220245361328125 -0.20477294921875 0.38043212890625
-0.00305938720703125 0.0458335876464844 0.128265380859375 -0.421905517578125
0.00992393493652344 -0.0185585021972656 0.054107666015625 -0.376373291015625
-0.00798702239990234 -0.00406551361083984 0.148880004882813 -0.21331787109375
-0.00934505462646484 0.00944232940673828 0.226409912109375 -0.060546875
-0.0199337005615234 0.00708770751953125 0.1612548828125 0.175033569335938
-0.0131044387817383 0.000587463378906253 -0.037017822265625 0.348388671875
-0.00745296478271484 0.0127706527709961 -0.353363037109375 0.384246826171875
-0.000720560550689697 -0.000262141227722168 -0.5684814453125 0.26519775390625
0.0143337249755859 0.0129070281982422 -0.68426513671875 0.15863037109375
-0.0106439590454102 0.00500106811523438 -0.5892333984375 0.0507202148437501
-0.00945663452148437 -0.00316905975341797 -0.324066162109375 0.015655517578125
0.0086517333984375 -0.00985813140869141 -0.115669250488281 -0.0756759643554687
0.00753307342529297 -0.00711584091186523 -0.065216064453125 -0.206817626953125
0.0125112533569336 -0.0143003463745117 -0.246856689453125 -0.34912109375
0.00668001174926758 -0.00226068496704102 -0.434783935546875 -0.49737548828125
0.0971832275390625 0.255828857421875 0.166900634765625 -0.3956298828125
0.0802459716796875 0.186538696289063 0.1160888671875 -0.359161376953125
-0.000366210937500008 0.245651245117188 0.170852661132813 -0.2080078125
-0.084259033203125 0.218032836914063 0.261978149414062 -0.0559234619140625
-0.179656982421875 0.162521362304688 0.17938232421875 0.157073974609375
-0.228179931640625 0.141128540039062 -0.026214599609375 0.32855224609375
-0.250534057617188 0.113296508789062 -0.314208984375 0.3624267578125
-0.249053955078125 0.0221710205078125 -0.5145263671875 0.2525634765625
-0.255538940429688 0.0477752685546874 -0.63909912109375 0.171875
-0.247100830078125 0.0264434814453126 -0.555511474609375 0.0754089355468751
-0.212188720703125 0.032470703125 -0.30841064453125 0.02337646484375
-0.127716064453125 0.0968093872070312 -0.117095947265625 -0.07269287109375
-0.115226745605469 0.135635375976562 -0.082489013671875 -0.189010620117188
-0.040130615234375 0.176116943359375 -0.24810791015625 -0.325042724609375
0.025299072265625 0.18505859375 -0.4429931640625 -0.470855712890625
0.163604736328125 0.434173583984375 0.2440185546875 -0.307281494140625
0.1146240234375 0.36907958984375 0.209808349609375 -0.2882080078125
-0.027862548828125 0.464202880859375 0.208236694335938 -0.17645263671875
-0.18084716796875 0.3922119140625 0.30328369140625 -0.041595458984375
-0.344451904296875 0.279388427734375 0.213363647460937 0.119186401367188
-0.433380126953125 0.242218017578125 0.026885986328125 0.262680053710938
-0.4627685546875 0.184600830078125 -0.205230712890625 0.291412353515625
-0.45831298828125 0.041107177734375 -0.37664794921875 0.202545166015625
-0.486968994140625 0.0941162109375 -0.517120361328125 0.159881591796875
-0.453643798828125 0.08685302734375 -0.479217529296875 0.089599609375
-0.3887939453125 0.121795654296875 -0.286376953125 0.02618408203125
-0.22796630859375 0.24505615234375 -0.136528015136719 -0.0606536865234375
-0.198272705078125 0.30706787109375 -0.13232421875 -0.149688720703125
-0.053680419921875 0.361785888671875 -0.262252807617188 -0.259353637695312
0.05682373046875 0.348663330078125 -0.44866943359375 -0.379730224609375
0.185546875 0.549072265625 0.32977294921875 -0.159027099609375
0.097503662109375 0.49444580078125 0.306304931640625 -0.158660888671875
-0.09869384765625 0.6055908203125 0.24346923828125 -0.112258911132812
-0.287994384765625 0.48870849609375 0.336456298828125 -0.01007080078125
-0.483123779296875 0.324737548828125 0.267349243164063 0.071075439453125
-0.59600830078125 0.27789306640625 0.124984741210937 0.164138793945313
-0.61395263671875 0.210693359375 -0.0336761474609375 0.18408203125
-0.5972900390625 0.0558471679687501 -0.176055908203125 0.124679565429688
-0.64105224609375 0.15203857421875 -0.33697509765625 0.111419677734375
-0.589111328125 0.18292236328125 -0.36187744140625 0.0663757324218749
-0.49591064453125 0.254119873046875 -0.258255004882813 0.0118560791015626
-0.26177978515625 0.41204833984375 -0.162384033203125 -0.036773681640625
-0.215057373046875 0.477020263671875 -0.184661865234375 -0.0744934082031249
-0.0184326171875 0.512603759765625 -0.266998291015625 -0.148391723632812
0.10308837890625 0.462921142578125 -0.433563232421875 -0.235931396484375
0.16143798828125 0.582763671875 0.407867431640625 0.0211181640625
0.0400390625 0.530548095703125 0.373291015625 0.00894165039062503
-0.1875 0.624267578125 0.254898071289063 -0.01751708984375
-0.3702392578125 0.471038818359375 0.343475341796875 0.039093017578125
-0.551788330078125 0.280670166015625 0.32489013671875 0.032623291015625
-0.66650390625 0.2393798828125 0.257080078125 0.0645294189453125
-0.66845703125 0.189697265625 0.175033569335937 0.0690155029296875
-0.646484375 0.0638427734375001 0.0539321899414062 0.0289764404296875
-0.69390869140625 0.1981201171875 -0.130241394042969 0.012420654296875
-0.62139892578125 0.268798828125 -0.227264404296875 -0.0126190185546875
-0.50347900390625 0.36553955078125 -0.229812622070313 -0.0298004150390625
-0.22344970703125 0.524383544921875 -0.184677124023438 -0.00465393066406245
-0.17144775390625 0.5849609375 -0.213882446289063 0.0289306640625001
0.046875 0.58428955078125 -0.235061645507813 -0.00553894042968745
0.144927978515625 0.511749267578125 -0.3905029296875 -0.058441162109375
0.105621337890625 0.52508544921875 0.455535888671875 0.20220947265625
-0.022003173828125 0.4683837890625 0.38580322265625 0.17315673828125
-0.23907470703125 0.520599365234375 0.225631713867187 0.0791473388671875
-0.3731689453125 0.356231689453125 0.312347412109375 0.08819580078125
-0.508514404296875 0.174102783203125 0.36859130859375 0.0157470703125
-0.61761474609375 0.15484619140625 0.39385986328125 -0.00610351562499999
-0.61810302734375 0.13848876953125 0.38592529296875 -0.033477783203125
-0.5963134765625 0.0614013671874999 0.275299072265625 -0.07391357421875
-0.63677978515625 0.207275390625 0.0657653808593749 -0.117683410644531
-0.547607421875 0.295745849609375 -0.10650634765625 -0.127532958984375
-0.4202880859375 0.39227294921875 -0.209304809570313 -0.08660888671875
-0.150360107421875 0.522979736328125 -0.200332641601563 0.0260467529296875
-0.1004638671875 0.576416015625 -0.2120361328125 0.130538940429688
0.0995178222656249 0.552825927734375 -0.169952392578125 0.13818359375
0.161529541015625 0.482269287109375 -0.3243408203125 0.123443603515625
0.044036865234375 0.390777587890625 0.473358154296875 0.352508544921875
-0.051727294921875 0.33599853515625 0.35040283203125 0.296356201171875
-0.218231201171875 0.34783935546875 0.164581298828125 0.146438598632813
-0.284332275390625 0.2071533203125 0.25164794921875 0.114730834960938
-0.36297607421875 0.0710144042968749 0.380035400390625 0.016082763671875
-0.46234130859375 0.0692749023437499 0.496917724609375 -0.043548583984375
-0.46453857421875 0.0789184570312499 0.561553955078125 -0.111968994140625
-0.45562744140625 0.0449523925781251 0.454925537109375 -0.16815185546875
-0.486724853515625 0.165191650390625 0.220199584960937 -0.248092651367187
-0.3984375 0.239837646484375 -0.0170135498046875 -0.24139404296875
-0.291229248046875 0.316925048828125 -0.1982421875 -0.137741088867188
-0.082977294921875 0.407958984375 -0.211654663085938 0.047210693359375
-0.0462646484375 0.449981689453125 -0.194366455078125 0.20672607421875
0.106719970703125 0.427337646484375 -0.098388671875 0.2557373046875
0.133758544921875 0.38128662109375 -0.252822875976563 0.2762451171875
-0.00828552246093749 0.204116821289062 0.474395751953125 0.446075439453125
-0.0355987548828125 0.17401123046875 0.30029296875 0.35992431640625
-0.130584716796875 0.1715087890625 0.106307983398437 0.1766357421875
-0.136817932128906 0.0897064208984375 0.19384765625 0.115554809570312
-0.16973876953125 0.0126495361328125 0.367767333984375 0.01885986328125
-0.245925903320313 0.019012451171875 0.558258056640625 -0.05828857421875
-0.245391845703125 0.0294189453124999 0.6710205078125 -0.16754150390625
-0.2452392578125 0.021759033203125 0.5675048828125 -0.24359130859375
-0.268951416015625 0.0841522216796875 0.315521240234375 -0.347015380859375
-0.20977783203125 0.123992919921875 0.037200927734375 -0.32684326171875
-0.147659301757812 0.169219970703125 -0.193984985351563 -0.173599243164062
-0.03729248046875 0.222854614257813 -0.224929809570312 0.0605926513671875
-0.0220947265625 0.247802734375 -0.183486938476562 0.2484130859375
0.0659332275390625 0.232955932617187 -0.05133056640625 0.335205078125
0.066253662109375 0.219833374023438 -0.20196533203125 0.383392333984375
-0.00168609619140625 0.0463600158691406 0.123138427734375 -0.424224853515625
0.00844001770019531 -0.0190582275390625 0.049468994140625 -0.376556396484375
-0.00794029235839844 -0.00418329238891601 0.1466064453125 -0.216598510742188
-0.00915050506591797 0.00877094268798828 0.225128173828125 -0.06378173828125
-0.019500732421875 0.00730323791503906 0.163665771484375 0.173309326171875
-0.0130825042724609 0.000988006591796876 -0.0323486328125 0.349884033203125
-0.00756454467773438 0.012333869934082 -0.34783935546875 0.390533447265625
-0.000665545463562012 -0.00036090612411499 -0.56549072265625 0.27459716796875
0.0144462585449219 0.0132179260253906 -0.68359375 0.16900634765625
-0.0108213424682617 0.00557994842529297 -0.58935546875 0.0604248046875001
-0.0105772018432617 -0.0027618408203125 -0.324920654296875 0.020599365234375
0.00839614868164063 -0.00984382629394531 -0.117431640625 -0.0753707885742187
0.00755977630615234 -0.00676536560058594 -0.0688629150390625 -0.207473754882813
0.0122585296630859 -0.014592170715332 -0.25152587890625 -0.34759521484375
0.0067744255065918 -0.00231027603149414 -0.442626953125 -0.49273681640625
0.102523803710938 0.255264282226563 0.163055419921875 -0.39739990234375
0.0825653076171875 0.18524169921875 0.11090087890625 -0.362213134765625
0.00444030761718752 0.24713134765625 0.169235229492187 -0.211532592773437
-0.0809478759765625 0.219375610351563 0.26202392578125 -0.06036376953125
-0.178070068359375 0.166122436523437 0.181625366210938 0.155181884765625
-0.226760864257813 0.145370483398437 -0.0225830078125 0.32977294921875
-0.24957275390625 0.117645263671875 -0.31060791015625 0.368560791015625
-0.249832153320313 0.02545166015625 -0.511962890625 0.2611083984375
-0.256118774414063 0.051910400390625 -0.63873291015625 0.1820068359375
-0.247268676757813 0.0301361083984375 -0.556182861328125 0.0849914550781249
-0.213470458984375 0.03570556640625 -0.308685302734375 0.027679443359375
-0.126228332519531 0.098968505859375 -0.118431091308594 -0.0721054077148438
-0.113388061523437 0.137237548828125 -0.0854644775390625 -0.1884765625
-0.03729248046875 0.177230834960938 -0.25225830078125 -0.323150634765625
0.027923583984375 0.18536376953125 -0.449676513671875 -0.46661376953125
0.1717529296875 0.433502197265625 0.240570068359375 -0.311248779296875
0.1204833984375 0.3675537109375 0.205474853515625 -0.2916259765625
-0.021240234375 0.468017578125 0.207183837890625 -0.179977416992188
-0.174652099609375 0.39483642578125 0.303131103515625 -0.04620361328125
-0.341552734375 0.285919189453125 0.215866088867187 0.11688232421875
-0.43115234375 0.25 0.0304107666015625 0.263458251953125
-0.4620361328125 0.191497802734375 -0.200286865234375 0.29461669921875
-0.460540771484375 0.0479736328125 -0.374237060546875 0.207916259765625
-0.485992431640625 0.104461669921875 -0.516632080078125 0.169158935546875
-0.45379638671875 0.0932617187499999 -0.478729248046875 0.0970764160156251
-0.38836669921875 0.12689208984375 -0.2867431640625 0.0299072265625001
-0.225372314453125 0.248016357421875 -0.137657165527344 -0.0596694946289062
-0.1939697265625 0.31036376953125 -0.133514404296875 -0.148956298828125
-0.04815673828125 0.363372802734375 -0.266815185546875 -0.2559814453125
0.06201171875 0.349609375 -0.455047607421875 -0.374847412109375
0.194366455078125 0.54876708984375 0.330230712890625 -0.16461181640625
0.104461669921875 0.493255615234375 0.30535888671875 -0.164093017578125
-0.0890502929687499 0.608154296875 0.243438720703125 -0.116058349609375
-0.28271484375 0.493682861328125 0.33721923828125 -0.015380859375
-0.48199462890625 0.332550048828125 0.268173217773437 0.0670928955078125
-0.59423828125 0.28668212890625 0.127365112304687 0.163116455078125
-0.61285400390625 0.22076416015625 -0.030517578125 0.185134887695313
-0.5985107421875 0.0643310546875 -0.173690795898438 0.127487182617188
-0.6405029296875 0.1610107421875 -0.33587646484375 0.11761474609375
-0.58819580078125 0.19219970703125 -0.36077880859375 0.07244873046875
-0.49462890625 0.26080322265625 -0.2591552734375 0.0149688720703125
-0.25787353515625 0.416656494140625 -0.163482666015625 -0.0346679687499999
-0.207763671875 0.481170654296875 -0.184844970703125 -0.0727691650390625
-0.00985717773437499 0.514495849609375 -0.269012451171875 -0.1451416015625
0.109832763671875 0.46539306640625 -0.438323974609375 -0.230682373046875
0.1697998046875 0.58148193359375 0.410186767578125 0.015167236328125
0.0472106933593751 0.531585693359375 0.37396240234375 0.00299072265625003
-0.1785888671875 0.6282958984375 0.256118774414063 -0.01995849609375
-0.364532470703125 0.47698974609375 0.345550537109375 0.0335693359375
-0.551239013671875 0.288665771484375 0.32647705078125 0.027679443359375
-0.66595458984375 0.25018310546875 0.258377075195312 0.0620574951171875
-0.66766357421875 0.19989013671875 0.17742919921875 0.0662689208984375
-0.6478271484375 0.07269287109375 0.05523681640625 0.0277557373046875
-0.69439697265625 0.2093505859375 -0.129814147949219 0.0150222778320312
-0.619140625 0.279052734375 -0.226806640625 -0.00920104980468749
-0.499755859375 0.37481689453125 -0.23114013671875 -0.0274200439453125
-0.216552734375 0.527252197265625 -0.185638427734375 -0.00212097167968745
-0.16229248046875 0.58892822265625 -0.21221923828125 0.0312652587890625
0.05657958984375 0.58465576171875 -0.235443115234375 -0.0029144287109375
0.151641845703125 0.51141357421875 -0.393402099609375 -0.054473876953125
0.11395263671875 0.52557373046875 0.460906982421875 0.1961669921875
-0.015472412109375 0.468902587890625 0.388641357421875 0.167327880859375
-0.231964111328125 0.525909423828125 0.22796630859375 0.0773162841796875
-0.36767578125 0.361328125 0.314971923828125 0.0833740234375
-0.507965087890625 0.18182373046875 0.369842529296875 0.0103759765625
-0.618408203125 0.1630859375 0.3936767578125 -0.01104736328125
-0.617919921875 0.149169921875 0.386932373046875 -0.0394287109375
-0.597412109375 0.0692138671874999 0.276046752929687 -0.0782470703125
-0.6353759765625 0.21624755859375 0.0648345947265625 -0.119583129882812
-0.544586181640625 0.30572509765625 -0.107704162597656 -0.126441955566406
-0.416046142578125 0.4005126953125 -0.2110595703125 -0.0841522216796875
-0.1414794921875 0.52532958984375 -0.200210571289063 0.028533935546875
-0.091064453125 0.58062744140625 -0.2086181640625 0.133743286132813
0.109527587890625 0.5526123046875 -0.168426513671875 0.1396484375
0.169189453125 0.48138427734375 -0.324920654296875 0.12750244140625
0.050079345703125 0.391510009765625 0.47979736328125 0.34686279296875
-0.047698974609375 0.336578369140625 0.355194091796875 0.2921142578125
-0.21319580078125 0.351470947265625 0.1668701171875 0.146240234375
-0.28216552734375 0.21044921875 0.25384521484375 0.111709594726563
-0.363067626953125 0.0751647949218751 0.381317138671875 0.010101318359375
-0.46331787109375 0.07568359375 0.49749755859375 -0.05120849609375
-0.465667724609375 0.086944580078125 0.5595703125 -0.120269775390625
-0.456146240234375 0.0508422851562499 0.454498291015625 -0.175079345703125
-0.4866943359375 0.17364501953125 0.217971801757812 -0.251434326171875
-0.396514892578125 0.24639892578125 -0.0187225341796875 -0.2421875
-0.287353515625 0.32171630859375 -0.200271606445313 -0.1368408203125
-0.076873779296875 0.41064453125 -0.211624145507813 0.0506134033203125
-0.040435791015625 0.45318603515625 -0.19091796875 0.210128784179688
0.11407470703125 0.4256591796875 -0.09503173828125 0.256179809570313
0.140106201171875 0.380035400390625 -0.251235961914063 0.279830932617188
-0.00596618652343751 0.205322265625 0.48382568359375 0.439788818359375
-0.0333404541015625 0.174850463867188 0.307159423828125 0.357086181640625
-0.128143310546875 0.174484252929688 0.109786987304688 0.176971435546875
-0.136024475097656 0.0915374755859375 0.195785522460938 0.113510131835937
-0.1707763671875 0.013885498046875 0.36767578125 0.013641357421875
-0.24658203125 0.0223236083984375 0.55828857421875 -0.0667724609375
-0.245712280273438 0.0338134765625 0.67041015625 -0.17822265625
-0.245681762695313 0.0252838134765625 0.56719970703125 -0.25152587890625
-0.268539428710938 0.0884857177734375 0.311187744140625 -0.352752685546875
-0.2093505859375 0.127243041992188 0.03350830078125 -0.32928466796875
-0.145584106445313 0.1719970703125 -0.196487426757813 -0.172164916992187
-0.0339202880859375 0.2247314453125 -0.224166870117188 0.0634307861328125
-0.0181884765625 0.249908447265625 -0.179946899414063 0.251754760742188
0.0702056884765625 0.232086181640625 -0.04638671875 0.33502197265625
0.06988525390625 0.219497680664062 -0.19927978515625 0.38677978515625
-7.62939453125019E-05 0.0462188720703125 0.117950439453125 -0.426239013671875
0.00776100158691406 -0.0198478698730469 0.042724609375 -0.37774658203125
-0.00818014144897461 -0.00362205505371094 0.143280029296875 -0.21942138671875
-0.00861644744873047 0.00885105133056641 0.223739624023438 -0.06793212890625
-0.0196666717529297 0.00766372680664062 0.166015625 0.170822143554688
-0.0127735137939453 0.00192165374755859 -0.028045654296875 0.351043701171875
-0.00689506530761719 0.0124502182006836 -0.3419189453125 0.397613525390625
-0.000549137592315674 -3.11136245727538E-05 -0.561737060546875 0.28350830078125
0.0149831771850586 0.0134000778198242 -0.68243408203125 0.1783447265625
-0.0106754302978516 0.00661659240722656 -0.5889892578125 0.06939697265625
-0.0111627578735352 -0.00259780883789062 -0.325347900390625 0.026031494140625
0.00790500640869141 -0.0111322402954102 -0.118553161621094 -0.0744705200195313
0.00709438323974609 -0.00733375549316406 -0.0725555419921875 -0.2073974609375
0.012080192565918 -0.0144767761230469 -0.25787353515625 -0.3436279296875
0.00703811645507813 -0.0021824836730957 -0.451141357421875 -0.486358642578125
0.106857299804687 0.254257202148437 0.15826416015625 -0.401031494140625
0.0847625732421875 0.183761596679687 0.104888916015625 -0.36456298828125
0.00823974609375003 0.247573852539063 0.166534423828125 -0.214614868164063
-0.077484130859375 0.2208251953125 0.260726928710938 -0.06427001953125
-0.175857543945312 0.168731689453125 0.183624267578125 0.152145385742188
-0.224868774414063 0.149429321289062 -0.01690673828125 0.331268310546875
-0.248214721679688 0.122116088867188 -0.304229736328125 0.374755859375
-0.250335693359375 0.0293426513671875 -0.506744384765625 0.268402099609375
-0.255218505859375 0.0561370849609375 -0.63665771484375 0.19305419921875
-0.247512817382813 0.0347900390624999 -0.554931640625 0.09442138671875
-0.213653564453125 0.0394439697265625 -0.308746337890625 0.03204345703125
-0.125274658203125 0.100341796875 -0.119659423828125 -0.0710372924804687
-0.111442565917969 0.139328002929688 -0.0886383056640625 -0.188262939453125
-0.0343475341796875 0.177658081054688 -0.25714111328125 -0.319732666015625
0.0307464599609375 0.186172485351563 -0.45806884765625 -0.46075439453125
0.179412841796875 0.431182861328125 0.23822021484375 -0.315643310546875
0.125213623046875 0.36517333984375 0.201202392578125 -0.29559326171875
-0.01416015625 0.4683837890625 0.204910278320313 -0.183059692382813
-0.168365478515625 0.39764404296875 0.30279541015625 -0.05181884765625
-0.337646484375 0.291259765625 0.2178955078125 0.11322021484375
-0.428680419921875 0.255889892578125 0.0336761474609375 0.264144897460938
-0.459716796875 0.1990966796875 -0.195343017578125 0.29815673828125
-0.46136474609375 0.0550842285156249 -0.36993408203125 0.2137451171875
-0.484893798828125 0.111053466796875 -0.512847900390625 0.1783447265625
-0.45361328125 0.101226806640625 -0.477569580078125 0.10565185546875
-0.388092041015625 0.132904052734375 -0.28729248046875 0.033203125
-0.221481323242188 0.250823974609375 -0.138969421386719 -0.0587844848632812
-0.1888427734375 0.31341552734375 -0.135040283203125 -0.147918701171875
-0.042266845703125 0.363250732421875 -0.272109985351562 -0.25262451171875
0.066650390625 0.34967041015625 -0.46282958984375 -0.368072509765625
0.2044677734375 0.54547119140625 0.3289794921875 -0.170074462890625
0.11138916015625 0.492095947265625 0.30364990234375 -0.168670654296875
-0.07708740234375 0.610595703125 0.242095947265625 -0.118820190429687
-0.27471923828125 0.498779296875 0.337432861328125 -0.02166748046875
-0.478515625 0.340606689453125 0.269668579101562 0.062896728515625
-0.59161376953125 0.29559326171875 0.1300048828125 0.162353515625
-0.61090087890625 0.23162841796875 -0.0263824462890625 0.185516357421875
-0.5987548828125 0.0735473632812501 -0.170867919921875 0.12957763671875
-0.63873291015625 0.17242431640625 -0.334442138671875 0.123138427734375
-0.58648681640625 0.20172119140625 -0.35955810546875 0.07769775390625
-0.492645263671875 0.26953125 -0.259872436523438 0.0181884765625001
-0.250091552734375 0.420562744140625 -0.1636962890625 -0.033477783203125
-0.200408935546875 0.48541259765625 -0.184799194335938 -0.0709686279296875
-0.00259399414062503 0.513885498046875 -0.2711181640625 -0.141693115234375
0.1160888671875 0.463348388671875 -0.44287109375 -0.22515869140625
0.17889404296875 0.58001708984375 0.41131591796875 0.00949096679687503
0.054595947265625 0.529693603515625 0.374664306640625 -0.00271606445312497
-0.16644287109375 0.63262939453125 0.2572021484375 -0.0231170654296875
-0.356536865234375 0.481781005859375 0.346466064453125 0.028045654296875
-0.5491943359375 0.298431396484375 0.3270263671875 0.0218505859375
-0.66253662109375 0.25946044921875 0.258621215820313 0.0588836669921875
-0.66668701171875 0.2100830078125 0.178848266601562 0.0634307861328125
-0.646484375 0.0821533203124999 0.0566444396972656 0.0261344909667969
-0.6912841796875 0.22113037109375 -0.129043579101563 0.0175247192382813
-0.61566162109375 0.28997802734375 -0.226547241210938 -0.00588989257812495
-0.49591064453125 0.383270263671875 -0.23150634765625 -0.025146484375
-0.2095947265625 0.53070068359375 -0.185226440429688 7.62939453124915E-05
-0.15234375 0.5919189453125 -0.211166381835938 0.0339202880859375
0.06646728515625 0.58392333984375 -0.235977172851562 -0.000457763671874939
0.159088134765625 0.509521484375 -0.396728515625 -0.0482177734375
0.12176513671875 0.524566650390625 0.4658203125 0.18975830078125
-0.00985717773437503 0.46856689453125 0.393463134765625 0.161224365234375
-0.22296142578125 0.5311279296875 0.230270385742188 0.0753173828125
-0.364227294921875 0.3658447265625 0.317169189453125 0.078765869140625
-0.507171630859375 0.188385009765625 0.369842529296875 0.00500488281250001
-0.61712646484375 0.17333984375 0.394378662109375 -0.01641845703125
-0.61614990234375 0.158447265625 0.387603759765625 -0.0458984375
-0.5968017578125 0.07769775390625 0.27618408203125 -0.0835113525390625
-0.63372802734375 0.22650146484375 0.0635299682617187 -0.120521545410156
-0.541900634765625 0.31329345703125 -0.108322143554688 -0.125236511230469
-0.412872314453125 0.4072265625 -0.212066650390625 -0.0816802978515625
-0.13446044921875 0.52850341796875 -0.200271606445312 0.0312347412109375
-0.0810546875 0.58270263671875 -0.205535888671875 0.136611938476563
0.1182861328125 0.55120849609375 -0.16595458984375 0.141510009765625
0.175933837890625 0.480865478515625 -0.3243408203125 0.13134765625
0.055511474609375 0.39154052734375 0.486785888671875 0.3397216796875
-0.043487548828125 0.336822509765625 0.360076904296875 0.28570556640625
-0.208038330078125 0.355987548828125 0.17095947265625 0.145355224609375
-0.278411865234375 0.215560913085937 0.255935668945313 0.1080322265625
-0.36376953125 0.079254150390625 0.382232666015625 0.00460815429687501
-0.46221923828125 0.08221435546875 0.49676513671875 -0.057464599609375
-0.46466064453125 0.0949707031249999 0.5594482421875 -0.129302978515625
-0.456207275390625 0.05938720703125 0.45306396484375 -0.183197021484375
-0.48394775390625 0.181427001953125 0.214874267578125 -0.2557373046875
-0.3934326171875 0.25311279296875 -0.022186279296875 -0.24249267578125
-0.28265380859375 0.32623291015625 -0.202224731445313 -0.13421630859375
-0.069976806640625 0.41357421875 -0.210540771484375 0.0538330078125001
-0.033172607421875 0.4549560546875 -0.186416625976563 0.212387084960938
0.12109375 0.42376708984375 -0.0905609130859375 0.256271362304687
0.147064208984375 0.378662109375 -0.2484130859375 0.28277587890625
-0.00285339355468748 0.206207275390625 0.489959716796875 0.432891845703125
-0.032196044921875 0.174636840820313 0.31292724609375 0.352081298828125
-0.124725341796875 0.176773071289062 0.112991333007813 0.177093505859375
-0.134201049804688 0.0938720703125 0.197128295898437 0.1103515625
-0.171524047851562 0.016204833984375 0.368255615234375 0.008087158203125
-0.246627807617188 0.02679443359375 0.557647705078125 -0.07550048828125
-0.245071411132812 0.0382080078125 0.668701171875 -0.18890380859375
-0.245315551757813 0.02947998046875 0.5633544921875 -0.26123046875
-0.26800537109375 0.0933837890625 0.307281494140625 -0.3585205078125
-0.207977294921875 0.131179809570312 0.029510498046875 -0.3306884765625
-0.143447875976562 0.174591064453125 -0.19903564453125 -0.169815063476562
-0.029571533203125 0.225341796875 -0.22332763671875 0.0673065185546875
-0.0141448974609375 0.250625610351563 -0.175094604492188 0.254653930664063
0.07421875 0.230804443359375 -0.04144287109375 0.33447265625
0.073699951171875 0.219070434570313 -0.194488525390625 0.38946533203125
0.00151824951171875 0.046539306640625 0.11083984375 -0.427581787109375
0.0064697265625 -0.0199470520019531 0.035552978515625 -0.376556396484375
-0.00818157196044922 -0.00368642807006836 0.140472412109375 -0.222213745117188
-0.00842571258544922 0.00806856155395508 0.222503662109375 -0.0712738037109375
-0.0191631317138672 0.00793647766113281 0.167709350585938 0.168258666992188
-0.0123805999755859 0.0021200180053711 -0.023223876953125 0.35162353515625
-0.00649929046630859 0.0130119323730469 -0.334991455078125 0.403076171875
-0.000156596302986145 -0.00018271803855896 -0.5556640625 0.29168701171875
0.0147180557250977 0.0133342742919922 -0.6776123046875 0.19195556640625
-0.0105667114257813 0.00680732727050781 -0.58807373046875 0.0797729492187499
-0.0118818283081055 -0.00193119049072266 -0.325592041015625 0.03094482421875
0.00757980346679687 -0.0107450485229492 -0.120193481445313 -0.0732269287109375
0.00714826583862305 -0.00707674026489258 -0.0759124755859375 -0.207244873046875
0.0115242004394531 -0.0144462585449219 -0.262603759765625 -0.338897705078125
0.007476806640625 -0.00174474716186523 -0.459014892578125 -0.479766845703125
0.11224365234375 0.252670288085938 0.152801513671875 -0.40325927734375
0.0866241455078125 0.181747436523438 0.0977783203125 -0.3662109375
0.0122222900390625 0.24725341796875 0.1634521484375 -0.217254638671875
-0.073486328125 0.221099853515625 0.259414672851563 -0.06927490234375
-0.173294067382813 0.17181396484375 0.185684204101563 0.14886474609375
-0.222183227539062 0.153289794921875 -0.012603759765625 0.331146240234375
-0.246597290039063 0.126312255859375 -0.298065185546875 0.379364013671875
-0.25006103515625 0.0329437255859375 -0.501983642578125 0.27685546875
-0.254302978515625 0.0610809326171875 -0.6326904296875 0.20404052734375
-0.246978759765625 0.0391082763671875 -0.55377197265625 0.103607177734375
-0.213958740234375 0.04290771484375 -0.30908203125 0.03643798828125
-0.123794555664063 0.101600646972656 -0.121009826660156 -0.06976318359375
-0.108993530273438 0.140731811523438 -0.091033935546875 -0.187545776367188
-0.0318450927734375 0.17755126953125 -0.262603759765625 -0.315277099609375
0.033721923828125 0.1861572265625 -0.46563720703125 -0.4537353515625
0.18719482421875 0.427581787109375 0.233184814453125 -0.319091796875
0.130523681640625 0.362396240234375 0.1976318359375 -0.298583984375
-0.00479125976562497 0.4678955078125 0.202133178710938 -0.186721801757812
-0.16302490234375 0.400177001953125 0.3016357421875 -0.057159423828125
-0.33367919921875 0.29632568359375 0.218368530273437 0.10919189453125
-0.425445556640625 0.26287841796875 0.0373077392578125 0.264373779296875
-0.45654296875 0.20733642578125 -0.19049072265625 0.30108642578125
-0.459930419921875 0.0610046386718751 -0.365814208984375 0.220367431640625
-0.484893798828125 0.119476318359375 -0.510162353515625 0.188690185546875
-0.452392578125 0.109039306640625 -0.47503662109375 0.1116943359375
-0.387359619140625 0.139678955078125 -0.2867431640625 0.037811279296875
-0.217178344726563 0.253952026367188 -0.140052795410156 -0.0575942993164063
-0.183624267578125 0.315948486328125 -0.1363525390625 -0.145553588867188
-0.035919189453125 0.363525390625 -0.274337768554688 -0.249557495117187
0.07208251953125 0.349761962890625 -0.468780517578125 -0.361572265625
0.21234130859375 0.543243408203125 0.326629638671875 -0.174560546875
0.118621826171875 0.489349365234375 0.300872802734375 -0.174346923828125
-0.06927490234375 0.6114501953125 0.241683959960938 -0.12225341796875
-0.266632080078125 0.502197265625 0.336639404296875 -0.02734375
-0.473663330078125 0.348175048828125 0.270355224609375 0.0579833984375
-0.585693359375 0.30523681640625 0.132278442382813 0.160476684570313
-0.60711669921875 0.24005126953125 -0.0231781005859375 0.185394287109375
-0.5986328125 0.08197021484375 -0.16790771484375 0.131729125976563
-0.635498046875 0.18402099609375 -0.331207275390625 0.1290283203125
-0.5850830078125 0.211181640625 -0.35845947265625 0.0840148925781251
-0.48919677734375 0.277313232421875 -0.259246826171875 0.0216217041015625
-0.244384765625 0.42340087890625 -0.164260864257813 -0.0313568115234375
-0.19146728515625 0.48858642578125 -0.184982299804688 -0.068267822265625
0.00573730468749995 0.5128173828125 -0.273468017578125 -0.138671875
0.123931884765625 0.462677001953125 -0.4471435546875 -0.21881103515625
0.18798828125 0.5765380859375 0.41265869140625 0.00308227539062504
0.061859130859375 0.52630615234375 0.375396728515625 -0.00942993164062497
-0.15667724609375 0.63433837890625 0.257476806640625 -0.025909423828125
-0.348968505859375 0.487030029296875 0.3468017578125 0.022186279296875
-0.544525146484375 0.305908203125 0.3271484375 0.016448974609375
-0.6593017578125 0.27081298828125 0.258895874023438 0.055572509765625
-0.6634521484375 0.222412109375 0.180755615234375 0.060699462890625
-0.64599609375 0.0924072265625 0.0576667785644531 0.0246925354003906
-0.6866455078125 0.233154296875 -0.127784729003906 0.0199050903320313
-0.61279296875 0.2989501953125 -0.22576904296875 -0.00144958496093745
-0.4898681640625 0.39117431640625 -0.231704711914063 -0.021026611328125
-0.19940185546875 0.534515380859375 -0.18475341796875 0.00213623046875006
-0.14263916015625 0.5946044921875 -0.208908081054687 0.036651611328125
0.07684326171875 0.581787109375 -0.235397338867188 0.00169372558593754
0.167510986328125 0.509124755859375 -0.397003173828125 -0.0435791015625001
0.1298828125 0.5228271484375 0.4683837890625 0.18218994140625
-0.00390624999999995 0.468170166015625 0.39593505859375 0.15545654296875
-0.213043212890625 0.533477783203125 0.23199462890625 0.0727081298828125
-0.358123779296875 0.371246337890625 0.317474365234375 0.073486328125
-0.504791259765625 0.1959228515625 0.370147705078125 -0.00161743164062499
-0.615478515625 0.18328857421875 0.392822265625 -0.021575927734375
-0.6134033203125 0.16851806640625 0.3870849609375 -0.05157470703125
-0.59539794921875 0.0860595703125 0.275344848632812 -0.0880279541015625
-0.62933349609375 0.23992919921875 0.0626296997070312 -0.121749877929687
-0.538055419921875 0.322357177734375 -0.109481811523438 -0.123725891113281
-0.4049072265625 0.413818359375 -0.21331787109375 -0.0792846679687499
-0.125091552734375 0.530364990234375 -0.199234008789063 0.033203125
-0.0728759765625 0.584228515625 -0.201400756835938 0.139251708984375
0.128265380859375 0.54791259765625 -0.163787841796875 0.142349243164063
0.183990478515625 0.478271484375 -0.32342529296875 0.13592529296875
0.061279296875 0.3900146484375 0.492095947265625 0.33251953125
-0.038970947265625 0.337127685546875 0.365509033203125 0.28009033203125
-0.200897216796875 0.358367919921875 0.173248291015625 0.143844604492188
-0.275054931640625 0.218215942382813 0.257431030273437 0.103591918945313
-0.364532470703125 0.0852661132812501 0.381011962890625 -0.002197265625
-0.46197509765625 0.0909423828124999 0.4959716796875 -0.06414794921875
-0.46246337890625 0.102081298828125 0.557586669921875 -0.140228271484375
-0.455596923828125 0.0651550292968749 0.4500732421875 -0.19061279296875
-0.4813232421875 0.1898193359375 0.210861206054688 -0.259841918945313
-0.390533447265625 0.260345458984375 -0.0243988037109375 -0.243087768554687
-0.27880859375 0.331298828125 -0.203720092773438 -0.132247924804687
-0.0633850097656251 0.41412353515625 -0.208892822265625 0.0569000244140625
-0.02459716796875 0.454742431640625 -0.180953979492188 0.214935302734375
0.128204345703125 0.4200439453125 -0.0873565673828125 0.25689697265625
0.15203857421875 0.37603759765625 -0.2445068359375 0.28704833984375
1.26625747019613E-17 0.206802368164063 0.49652099609375 0.424285888671875
-0.0291748046875 0.174591064453125 0.3184814453125 0.346588134765625
-0.121932983398438 0.179519653320312 0.116729736328125 0.176315307617188
-0.132705688476563 0.0954437255859375 0.198379516601563 0.107925415039063
-0.172119140625 0.01861572265625 0.368560791015625 0.00189208984375
-0.246353149414062 0.0301055908203125 0.5548095703125 -0.082244873046875
-0.24456787109375 0.0424652099609375 0.6636962890625 -0.19989013671875
-0.245010375976563 0.032684326171875 0.557708740234375 -0.269256591796875
-0.266036987304688 0.09857177734375 0.301361083984375 -0.36395263671875
-0.206161499023438 0.134475708007813 0.025299072265625 -0.332427978515625
-0.140182495117188 0.176666259765625 -0.200912475585938 -0.167633056640625
-0.026336669921875 0.226058959960938 -0.221389770507812 0.0712890625
-0.00993347167968749 0.25152587890625 -0.169281005859375 0.257232666015625
0.0785675048828125 0.229873657226563 -0.03680419921875 0.334136962890625
0.0770721435546875 0.2176513671875 -0.18963623046875 0.39288330078125
0.0028839111328125 0.0465087890625 0.10595703125 -0.42767333984375
0.0057525634765625 -0.0201320648193359 0.028778076171875 -0.375885009765625
-0.00870513916015625 -0.00395584106445313 0.136306762695312 -0.224929809570313
-0.00808811187744141 0.00774431228637695 0.22003173828125 -0.07452392578125
-0.018646240234375 0.00834083557128906 0.170059204101563 0.165634155273438
-0.0122385025024414 0.0024099349975586 -0.017974853515625 0.35186767578125
-0.00603294372558594 0.0129070281982422 -0.328826904296875 0.4072265625
2.51531600952148E-05 -0.000527560710906982 -0.549346923828125 0.2996826171875
0.0151395797729492 0.0129709243774414 -0.673583984375 0.20263671875
-0.00993919372558594 0.00736045837402344 -0.58587646484375 0.0887451171875
-0.0122928619384766 -0.00123786926269531 -0.324462890625 0.036102294921875
0.00663948059082031 -0.0109148025512695 -0.121208190917969 -0.0717849731445313
0.00710153579711914 -0.00782537460327148 -0.0792236328125 -0.206130981445313
0.0111379623413086 -0.0146007537841797 -0.268463134765625 -0.335296630859375
0.0079660415649414 -0.00174999237060547 -0.464141845703125 -0.47296142578125
0.117111206054688 0.250213623046875 0.146881103515625 -0.40484619140625
0.0885467529296875 0.18011474609375 0.092315673828125 -0.366058349609375
0.016693115234375 0.246719360351563 0.159500122070313 -0.2193603515625
-0.0703125 0.221832275390625 0.257049560546875 -0.0735321044921875
-0.17059326171875 0.1739501953125 0.186920166015625 0.146133422851563
-0.219619750976562 0.156875610351562 -0.00784301757812504 0.331512451171875
-0.244964599609375 0.12969970703125 -0.292083740234375 0.382843017578125
-0.249526977539062 0.036895751953125 -0.49505615234375 0.283721923828125
-0.25323486328125 0.0648651123046875 -0.626708984375 0.21343994140625
-0.24615478515625 0.0429840087890625 -0.551177978515625 0.111541748046875
-0.213592529296875 0.046783447265625 -0.30810546875 0.04217529296875
-0.121986389160156 0.102485656738281 -0.122116088867188 -0.0682449340820312
-0.105789184570312 0.141830444335938 -0.0933990478515625 -0.186248779296875
-0.0287017822265625 0.177337646484375 -0.267242431640625 -0.3115234375
0.036651611328125 0.185546875 -0.4715576171875 -0.445281982421875
0.1943359375 0.424285888671875 0.228515625 -0.322540283203125
0.134307861328125 0.35955810546875 0.19189453125 -0.301605224609375
0.00195312499999995 0.468597412109375 0.199996948242188 -0.188995361328125
-0.15625 0.402008056640625 0.299835205078125 -0.062774658203125
-0.32952880859375 0.301239013671875 0.219146728515625 0.105972290039063
-0.42041015625 0.2696533203125 0.0412139892578125 0.2637939453125
-0.4547119140625 0.214599609375 -0.184844970703125 0.303558349609375
-0.458984375 0.0680847167968749 -0.36053466796875 0.224090576171875
-0.48126220703125 0.12713623046875 -0.50555419921875 0.19580078125
-0.449859619140625 0.1156005859375 -0.4727783203125 0.121307373046875
-0.386444091796875 0.144439697265625 -0.28643798828125 0.041961669921875
-0.212982177734375 0.255828857421875 -0.14056396484375 -0.0559463500976562
-0.178253173828125 0.31787109375 -0.138320922851562 -0.144546508789063
-0.029937744140625 0.36297607421875 -0.27862548828125 -0.245635986328125
0.07781982421875 0.34881591796875 -0.47247314453125 -0.3536376953125
0.221710205078125 0.537994384765625 0.32537841796875 -0.17999267578125
0.124420166015625 0.4853515625 0.29803466796875 -0.178802490234375
-0.0577392578124999 0.61248779296875 0.2396240234375 -0.125411987304687
-0.2584228515625 0.50494384765625 0.335418701171875 -0.032867431640625
-0.46820068359375 0.35504150390625 0.270309448242187 0.0533905029296875
-0.5814208984375 0.31451416015625 0.13433837890625 0.158493041992188
-0.60333251953125 0.24993896484375 -0.019378662109375 0.184814453125
-0.59625244140625 0.08935546875 -0.16522216796875 0.133377075195313
-0.6337890625 0.19342041015625 -0.328338623046875 0.1339111328125
-0.5814208984375 0.21966552734375 -0.355194091796875 0.0892333984375001
-0.485107421875 0.285736083984375 -0.259292602539063 0.0252532958984375
-0.2366943359375 0.42608642578125 -0.163986206054688 -0.029541015625
-0.18353271484375 0.490234375 -0.1844482421875 -0.0660400390625
0.01507568359375 0.5106201171875 -0.275146484375 -0.13470458984375
0.1298828125 0.460906982421875 -0.4503173828125 -0.21197509765625
0.19769287109375 0.572998046875 0.4117431640625 -0.00433349609374997
0.067901611328125 0.525726318359375 0.374725341796875 -0.014434814453125
-0.1448974609375 0.636474609375 0.257003784179688 -0.0289306640625
-0.340179443359375 0.491485595703125 0.347137451171875 0.016387939453125
-0.5394287109375 0.311798095703125 0.326751708984375 0.011077880859375
-0.655517578125 0.27935791015625 0.259368896484375 0.0521240234375
-0.65814208984375 0.232666015625 0.1820068359375 0.0571746826171875
-0.644287109375 0.10040283203125 0.0584716796875 0.0229911804199219
-0.6829833984375 0.24481201171875 -0.126625061035156 0.0216293334960937
-0.60784912109375 0.30743408203125 -0.224822998046875 0.00111389160156251
-0.484649658203125 0.39813232421875 -0.231704711914063 -0.0184173583984375
-0.19073486328125 0.535400390625 -0.184921264648438 0.00418090820312503
-0.13055419921875 0.5958251953125 -0.206436157226563 0.0395050048828125
0.0863037109375 0.57891845703125 -0.23468017578125 0.00366210937500001
0.175537109375 0.50537109375 -0.398590087890625 -0.037078857421875
0.139007568359375 0.519561767578125 0.471832275390625 0.174346923828125
0.00311279296874995 0.466094970703125 0.39739990234375 0.148345947265625
-0.203033447265625 0.5357666015625 0.233871459960937 0.070648193359375
-0.351898193359375 0.3758544921875 0.318572998046875 0.067840576171875
-0.50225830078125 0.202178955078125 0.369140625 -0.00839233398437499
-0.61334228515625 0.19195556640625 0.391082763671875 -0.02703857421875
-0.61083984375 0.177001953125 0.386871337890625 -0.058441162109375
-0.59405517578125 0.0955810546875 0.273544311523437 -0.092681884765625
-0.62603759765625 0.2493896484375 0.061248779296875 -0.122833251953125
-0.5335693359375 0.329376220703125 -0.110122680664063 -0.122505187988281
-0.398590087890625 0.4197998046875 -0.213897705078125 -0.0769348144531249
-0.11614990234375 0.5321044921875 -0.197738647460938 0.0361480712890625
-0.0621337890625 0.5849609375 -0.197479248046875 0.141525268554688
0.1373291015625 0.544525146484375 -0.160690307617188 0.142868041992188
0.189971923828125 0.47479248046875 -0.321868896484375 0.14007568359375
0.067047119140625 0.389617919921875 0.496429443359375 0.323028564453125
-0.035308837890625 0.336395263671875 0.369171142578125 0.273895263671875
-0.194091796875 0.3612060546875 0.175689697265625 0.141464233398438
-0.272186279296875 0.221099853515625 0.258834838867188 0.0998992919921875
-0.36212158203125 0.0898437499999999 0.3814697265625 -0.00878906249999999
-0.459991455078125 0.097198486328125 0.493072509765625 -0.0701904296875
-0.4600830078125 0.1099853515625 0.55487060546875 -0.148193359375
-0.453948974609375 0.0720214843749999 0.445770263671875 -0.197296142578125
-0.478790283203125 0.198883056640625 0.207168579101562 -0.262832641601562
-0.38763427734375 0.2650146484375 -0.027587890625 -0.243362426757812
-0.272613525390625 0.334991455078125 -0.2052001953125 -0.129135131835938
-0.056243896484375 0.41424560546875 -0.207534790039063 0.0595092773437501
-0.016326904296875 0.454803466796875 -0.175994873046875 0.21728515625
0.13470458984375 0.416412353515625 -0.0827484130859375 0.256011962890625
0.15826416015625 0.373260498046875 -0.2418212890625 0.289764404296875
0.00270080566406251 0.207000732421875 0.50299072265625 0.415863037109375
-0.0274200439453125 0.17431640625 0.322662353515625 0.34124755859375
-0.118011474609375 0.181243896484375 0.119186401367187 0.175201416015625
-0.130828857421875 0.0973892211914062 0.199981689453125 0.104782104492188
-0.171966552734375 0.0204925537109375 0.367431640625 -0.003570556640625
-0.245803833007812 0.0337677001953125 0.55316162109375 -0.090850830078125
-0.24310302734375 0.0466461181640625 0.6597900390625 -0.20928955078125
-0.243911743164062 0.0360107421875 0.554168701171875 -0.277679443359375
-0.264495849609375 0.102462768554688 0.29559326171875 -0.369537353515625
-0.204147338867188 0.136871337890625 0.020751953125 -0.332916259765625
-0.137405395507812 0.1788330078125 -0.202880859375 -0.165069580078125
-0.0217437744140625 0.226058959960937 -0.219985961914063 0.0740509033203125
-0.005859375 0.25140380859375 -0.163681030273438 0.259307861328125
0.0818023681640625 0.227142333984375 -0.031341552734375 0.33306884765625
0.080657958984375 0.215774536132812 -0.18426513671875 0.394073486328125
0.00419235229492187 0.0461654663085938 0.0988159179687501 -0.426788330078125
0.00404548645019531 -0.0203628540039063 0.022308349609375 -0.374847412109375
-0.00887775421142578 -0.0038290023803711 0.132217407226563 -0.225921630859375
-0.00798749923706055 0.00739479064941406 0.217605590820313 -0.07843017578125
-0.0186748504638672 0.00853729248046875 0.170379638671875 0.162872314453125
-0.0119647979736328 0.00288200378417969 -0.013031005859375 0.350341796875
-0.00599384307861328 0.0129404067993164 -0.3201904296875 0.41119384765625
-0.000308454036712646 -9.44733619689942E-05 -0.541778564453125 0.305419921875
0.0150737762451172 0.0130958557128906 -0.6678466796875 0.21307373046875
-0.009796142578125 0.00790023803710938 -0.58172607421875 0.0992431640625
-0.013056755065918 -0.000621795654296875 -0.323699951171875 0.04083251953125
0.00610446929931641 -0.0110492706298828 -0.122543334960938 -0.0702667236328125
0.00663661956787109 -0.00819873809814453 -0.0820465087890625 -0.204757690429688
0.0110769271850586 -0.0146408081054687 -0.27301025390625 -0.329681396484375
0.00802135467529297 -0.00130558013916016 -0.471160888671875 -0.46563720703125
0.120925903320313 0.247360229492188 0.13922119140625 -0.404449462890625
0.09039306640625 0.1773681640625 0.084625244140625 -0.365478515625
0.021209716796875 0.245513916015625 0.156417846679688 -0.222518920898438
-0.065460205078125 0.222061157226562 0.255386352539063 -0.077850341796875
-0.168258666992188 0.176666259765625 0.187835693359375 0.14227294921875
-0.21685791015625 0.159561157226563 -0.00393676757812501 0.331146240234375
-0.24224853515625 0.1337890625 -0.283599853515625 0.386077880859375
-0.24774169921875 0.040008544921875 -0.488555908203125 0.288360595703125
-0.251220703125 0.06903076171875 -0.62091064453125 0.222900390625
-0.244796752929687 0.04730224609375 -0.545806884765625 0.120391845703125
-0.212539672851563 0.04998779296875 -0.306732177734375 0.046173095703125
-0.120521545410156 0.103477478027344 -0.122795104980469 -0.067230224609375
-0.103164672851563 0.141738891601562 -0.0959625244140625 -0.184982299804688
-0.025726318359375 0.177398681640625 -0.271240234375 -0.306976318359375
0.039886474609375 0.18524169921875 -0.476226806640625 -0.4383544921875
0.20166015625 0.420654296875 0.224029541015625 -0.325836181640625
0.138946533203125 0.355987548828125 0.18658447265625 -0.303955078125
0.01080322265625 0.4658203125 0.196640014648438 -0.191680908203125
-0.14935302734375 0.40185546875 0.297332763671875 -0.067291259765625
-0.32537841796875 0.305206298828125 0.219650268554687 0.101760864257813
-0.41522216796875 0.276214599609375 0.045257568359375 0.263320922851563
-0.44903564453125 0.22235107421875 -0.178619384765625 0.30535888671875
-0.456451416015625 0.0742797851562499 -0.3553466796875 0.228179931640625
-0.4781494140625 0.135528564453125 -0.49957275390625 0.20306396484375
-0.447723388671875 0.12255859375 -0.468231201171875 0.127227783203125
-0.38323974609375 0.151275634765625 -0.2855224609375 0.045196533203125
-0.208694458007813 0.257797241210938 -0.140838623046875 -0.054779052734375
-0.17242431640625 0.31756591796875 -0.13934326171875 -0.142562866210937
-0.024017333984375 0.36151123046875 -0.28118896484375 -0.24005126953125
0.082366943359375 0.34625244140625 -0.47772216796875 -0.345947265625
0.229827880859375 0.53271484375 0.321136474609375 -0.18524169921875
0.130859375 0.48138427734375 0.294158935546875 -0.183197021484375
-0.0455322265625 0.61090087890625 0.237518310546875 -0.128158569335938
-0.24957275390625 0.506622314453125 0.3341064453125 -0.038482666015625
-0.462158203125 0.359954833984375 0.27008056640625 0.04931640625
-0.57568359375 0.32122802734375 0.135910034179687 0.157119750976563
-0.59735107421875 0.25701904296875 -0.015625 0.18426513671875
-0.5926513671875 0.09832763671875 -0.161666870117188 0.13458251953125
-0.6275634765625 0.20343017578125 -0.323760986328125 0.139068603515625
-0.57684326171875 0.22802734375 -0.352020263671875 0.0945434570312501
-0.47906494140625 0.2926025390625 -0.258743286132813 0.028167724609375
-0.22918701171875 0.426055908203125 -0.164199829101563 -0.027862548828125
-0.174713134765625 0.491607666015625 -0.183990478515625 -0.063812255859375
0.024749755859375 0.509002685546875 -0.276046752929688 -0.131423950195312
0.135833740234375 0.457183837890625 -0.45269775390625 -0.204132080078125
0.2059326171875 0.56805419921875 0.41156005859375 -0.010955810546875
0.0751953125 0.5206298828125 0.373626708984375 -0.0223388671875
-0.134033203125 0.63494873046875 0.256668090820312 -0.0327301025390625
-0.332916259765625 0.494415283203125 0.345947265625 0.010650634765625
-0.534332275390625 0.31982421875 0.325103759765625 0.00567626953125002
-0.64898681640625 0.28790283203125 0.258956909179687 0.048614501953125
-0.65447998046875 0.24114990234375 0.18341064453125 0.05352783203125
-0.6407470703125 0.10858154296875 0.0595664978027343 0.02130126953125
-0.67767333984375 0.25433349609375 -0.125160217285156 0.0240097045898438
-0.603515625 0.3173828125 -0.22271728515625 0.00483703613281249
-0.477996826171875 0.4051513671875 -0.23150634765625 -0.0161285400390625
-0.182159423828125 0.536407470703125 -0.183746337890625 0.00643920898437504
-0.119873046875 0.5960693359375 -0.204010009765625 0.0406951904296875
0.0950927734375 0.5748291015625 -0.23382568359375 0.00654602050781255
0.1815185546875 0.501708984375 -0.399139404296875 -0.031707763671875
0.146270751953125 0.515380859375 0.4732666015625 0.16607666015625
0.00851440429687495 0.46405029296875 0.39886474609375 0.140533447265625
-0.19403076171875 0.536895751953125 0.234405517578125 0.067596435546875
-0.34375 0.378753662109375 0.318511962890625 0.062957763671875
-0.498199462890625 0.209442138671875 0.36785888671875 -0.014373779296875
-0.6082763671875 0.20050048828125 0.390411376953125 -0.03192138671875
-0.60540771484375 0.18707275390625 0.384979248046875 -0.064178466796875
-0.5911865234375 0.10345458984375 0.271530151367187 -0.0967254638671875
-0.61968994140625 0.25933837890625 0.0596237182617187 -0.123252868652344
-0.5263671875 0.3377685546875 -0.110382080078125 -0.120796203613281
-0.39288330078125 0.425201416015625 -0.214019775390625 -0.0738983154296875
-0.107025146484375 0.53070068359375 -0.19671630859375 0.0393218994140625
-0.05169677734375 0.58380126953125 -0.192550659179688 0.14337158203125
0.1456298828125 0.538909912109375 -0.15869140625 0.143585205078125
0.197296142578125 0.471527099609375 -0.3199462890625 0.14434814453125
0.074310302734375 0.38690185546875 0.499969482421875 0.314788818359375
-0.03118896484375 0.3349609375 0.37274169921875 0.266815185546875
-0.187286376953125 0.362823486328125 0.177841186523438 0.13946533203125
-0.266128540039063 0.225082397460938 0.259292602539062 0.0947723388671875
-0.360870361328125 0.0946350097656251 0.37786865234375 -0.014404296875
-0.45794677734375 0.104248046875 0.49005126953125 -0.07745361328125
-0.456451416015625 0.116668701171875 0.550933837890625 -0.155120849609375
-0.45086669921875 0.0771789550781251 0.44183349609375 -0.203125
-0.47357177734375 0.205352783203125 0.202682495117187 -0.265548706054688
-0.3814697265625 0.270416259765625 -0.02978515625 -0.242034912109375
-0.267425537109375 0.3388671875 -0.205352783203125 -0.126937866210937
-0.0494384765625 0.414031982421875 -0.2056884765625 0.0622863769531251
-0.00967407226562504 0.45452880859375 -0.170639038085937 0.21868896484375
0.141632080078125 0.4130859375 -0.0791168212890625 0.255050659179687
0.16363525390625 0.369659423828125 -0.238006591796875 0.292205810546875
0.00613403320312502 0.20697021484375 0.50604248046875 0.40728759765625
-0.025299072265625 0.173431396484375 0.328216552734375 0.33392333984375
-0.113677978515625 0.183242797851563 0.122451782226562 0.173538208007812
-0.128700256347656 0.09857177734375 0.2005615234375 0.100830078125
-0.1717529296875 0.0224609375 0.365447998046875 -0.009613037109375
-0.245147705078125 0.03741455078125 0.5494384765625 -0.098876953125
-0.241256713867187 0.0503997802734375 0.65447998046875 -0.2200927734375
-0.24249267578125 0.0399627685546874 0.545867919921875 -0.28466796875
-0.262496948242187 0.1070556640625 0.289703369140625 -0.3726806640625
-0.2021484375 0.139694213867188 0.016876220703125 -0.3336181640625
-0.133590698242188 0.1806640625 -0.204391479492188 -0.161819458007813
-0.0180816650390625 0.225845336914063 -0.216888427734375 0.077545166015625
-0.00149536132812501 0.25140380859375 -0.157958984375 0.260101318359375
0.085479736328125 0.224349975585938 -0.0269775390625 0.33087158203125
0.0835723876953125 0.214080810546875 -0.179290771484375 0.396026611328125
0.00533294677734375 0.0463790893554688 0.092803955078125 -0.426513671875
0.00301361083984375 -0.0199508666992187 0.01727294921875 -0.372161865234375
-0.00878715515136719 -0.00314521789550781 0.12847900390625 -0.227157592773438
-0.00744438171386719 0.00715255737304688 0.214279174804688 -0.08160400390625
-0.0182647705078125 0.00838851928710938 0.171585083007813 0.1591796875
-0.0113086700439453 0.00380516052246094 -0.00802612304687501 0.34942626953125
-0.00600624084472656 0.0127172470092773 -0.31158447265625 0.4150390625
-0.000105708837509155 -0.000526070594787598 -0.534393310546875 0.31146240234375
0.0150289535522461 0.0129737854003906 -0.6597900390625 0.222412109375
-0.00970268249511719 0.00800895690917969 -0.57684326171875 0.10699462890625
-0.0135746002197266 0.000162124633789063 -0.321441650390625 0.0460205078124999
0.00550937652587891 -0.0113754272460938 -0.122673034667969 -0.069305419921875
0.00672483444213867 -0.00800085067749023 -0.0854644775390625 -0.2032470703125
0.0106678009033203 -0.0145206451416016 -0.27630615234375 -0.324432373046875
0.0082850456237793 -0.00203800201416016 -0.474273681640625 -0.45556640625
0.125106811523438 0.244003295898438 0.136138916015625 -0.404937744140625
0.0914764404296875 0.174835205078125 0.078826904296875 -0.365447998046875
0.0248870849609375 0.243179321289062 0.152587890625 -0.223480224609375
-0.0623321533203125 0.221359252929688 0.251968383789063 -0.0816802978515625
-0.164642333984375 0.177169799804688 0.188629150390625 0.138931274414063
-0.21392822265625 0.163040161132813 0.000793457031250014 0.3302001953125
-0.238723754882813 0.13629150390625 -0.27520751953125 0.388519287109375
-0.246047973632813 0.043243408203125 -0.48114013671875 0.293212890625
-0.24871826171875 0.0729217529296875 -0.6146240234375 0.23126220703125
-0.243209838867187 0.0517730712890625 -0.541656494140625 0.127685546875
-0.211578369140625 0.053131103515625 -0.305450439453125 0.0497436523437499
-0.118522644042969 0.104301452636719 -0.123893737792969 -0.0658187866210938
-0.100234985351563 0.142532348632812 -0.097320556640625 -0.183425903320312
-0.023223876953125 0.176300048828125 -0.273162841796875 -0.30133056640625
0.04248046875 0.184051513671875 -0.480377197265625 -0.428863525390625
0.2073974609375 0.41448974609375 0.21875 -0.327972412109375
0.14178466796875 0.35125732421875 0.181365966796875 -0.304779052734375
0.0179443359375 0.463104248046875 0.1934814453125 -0.193618774414062
-0.142425537109375 0.403228759765625 0.29425048828125 -0.0721435546875
-0.31927490234375 0.307891845703125 0.219467163085937 0.0974884033203125
-0.410552978515625 0.280731201171875 0.0480194091796875 0.261611938476563
-0.44354248046875 0.226654052734375 -0.172515869140625 0.305908203125
-0.453216552734375 0.0796813964843749 -0.349365234375 0.230804443359375
-0.47271728515625 0.142242431640625 -0.494293212890625 0.210052490234375
-0.44427490234375 0.128662109375 -0.46356201171875 0.133575439453125
-0.379547119140625 0.156585693359375 -0.2838134765625 0.0491943359375
-0.203475952148438 0.257858276367187 -0.14117431640625 -0.052978515625
-0.165130615234375 0.319091796875 -0.139724731445313 -0.140731811523437
-0.01837158203125 0.35955810546875 -0.282806396484375 -0.236053466796875
0.087799072265625 0.34423828125 -0.47869873046875 -0.338043212890625
0.23687744140625 0.5257568359375 0.318572998046875 -0.18994140625
0.136749267578125 0.475494384765625 0.289886474609375 -0.18695068359375
-0.0385131835937499 0.608154296875 0.235183715820313 -0.130584716796875
-0.241973876953125 0.507720947265625 0.331787109375 -0.044097900390625
-0.455841064453125 0.366668701171875 0.269256591796875 0.043853759765625
-0.56890869140625 0.32965087890625 0.1375732421875 0.155532836914063
-0.58978271484375 0.26641845703125 -0.0122985839843751 0.183258056640625
-0.58953857421875 0.105712890625 -0.15802001953125 0.135757446289063
-0.62066650390625 0.2127685546875 -0.31915283203125 0.143463134765625
-0.57037353515625 0.23638916015625 -0.34844970703125 0.099090576171875
-0.474700927734375 0.29779052734375 -0.256759643554688 0.0310821533203126
-0.222412109375 0.4268798828125 -0.1640625 -0.0264129638671874
-0.166015625 0.490203857421875 -0.182830810546875 -0.0621185302734375
0.0318603515625 0.5047607421875 -0.276336669921875 -0.127243041992187
0.144073486328125 0.453216552734375 -0.453704833984375 -0.196685791015625
0.21295166015625 0.560455322265625 0.410186767578125 -0.0177001953125
0.082244873046875 0.51654052734375 0.371337890625 -0.02789306640625
-0.1229248046875 0.63427734375 0.255599975585938 -0.03533935546875
-0.32354736328125 0.494598388671875 0.34429931640625 0.00503540039062503
-0.528076171875 0.32550048828125 0.324066162109375 -0.00012207031249998
-0.64306640625 0.2969970703125 0.258102416992187 0.0452117919921875
-0.6463623046875 0.24981689453125 0.183822631835937 0.050445556640625
-0.6361083984375 0.11761474609375 0.0604782104492187 0.0196495056152344
-0.67041015625 0.26416015625 -0.123443603515625 0.0256423950195312
-0.595458984375 0.32470703125 -0.22125244140625 0.00753784179687501
-0.47100830078125 0.4093017578125 -0.230804443359375 -0.0125579833984374
-0.172637939453125 0.535614013671875 -0.18304443359375 0.00794982910156256
-0.11163330078125 0.59503173828125 -0.201095581054688 0.04302978515625
0.1033935546875 0.57025146484375 -0.233001708984375 0.00828552246093749
0.18853759765625 0.49658203125 -0.39794921875 -0.0252380371093749
0.153411865234375 0.512664794921875 0.47454833984375 0.15771484375
0.01446533203125 0.459808349609375 0.399658203125 0.132781982421875
-0.183135986328125 0.536712646484375 0.235183715820313 0.0641326904296875
-0.335784912109375 0.381134033203125 0.317626953125 0.05743408203125
-0.493377685546875 0.21533203125 0.365631103515625 -0.020294189453125
-0.6029052734375 0.20782470703125 0.387481689453125 -0.038177490234375
-0.6004638671875 0.19525146484375 0.382354736328125 -0.070098876953125
-0.586669921875 0.110107421875 0.269424438476563 -0.101028442382813
-0.61419677734375 0.26800537109375 0.0578384399414062 -0.123733520507812
-0.519775390625 0.343048095703125 -0.11102294921875 -0.119094848632812
-0.385040283203125 0.42828369140625 -0.213668823242188 -0.0705566406249999
-0.09832763671875 0.529937744140625 -0.1944580078125 0.0410156250000001
-0.041015625 0.58221435546875 -0.18890380859375 0.1441650390625
0.154632568359375 0.533416748046875 -0.156097412109375 0.143569946289063
0.203033447265625 0.4666748046875 -0.317718505859375 0.147918701171875
0.078521728515625 0.384002685546875 0.50177001953125 0.3050537109375
-0.0260009765625 0.332489013671875 0.37530517578125 0.25836181640625
-0.179931640625 0.36370849609375 0.179946899414063 0.137039184570313
-0.261947631835938 0.226837158203125 0.258529663085938 0.0905914306640625
-0.358184814453125 0.099029541015625 0.37603759765625 -0.02069091796875
-0.453277587890625 0.109466552734375 0.485809326171875 -0.08343505859375
-0.4547119140625 0.12261962890625 0.545166015625 -0.162445068359375
-0.44708251953125 0.084442138671875 0.43719482421875 -0.209442138671875
-0.468475341796875 0.21246337890625 0.197540283203125 -0.26690673828125
-0.376861572265625 0.275238037109375 -0.0323333740234375 -0.241287231445312
-0.2618408203125 0.341156005859375 -0.206710815429688 -0.124099731445312
-0.0426025390625 0.412200927734375 -0.203277587890625 0.0647125244140626
-0.00222778320312505 0.452239990234375 -0.16534423828125 0.219253540039063
0.14727783203125 0.408447265625 -0.0750885009765625 0.253570556640625
0.167205810546875 0.365509033203125 -0.234283447265625 0.29296875
0.00909423828125001 0.206817626953125 0.510040283203125 0.396240234375
-0.023712158203125 0.172561645507813 0.33087158203125 0.327056884765625
-0.109527587890625 0.183761596679688 0.124725341796875 0.171951293945313
-0.126426696777344 0.100074768066406 0.200668334960938 0.0977630615234375
-0.170928955078125 0.024658203125 0.362152099609375 -0.01593017578125
-0.24383544921875 0.041107177734375 0.545562744140625 -0.105865478515625
-0.238662719726563 0.05419921875 0.6480712890625 -0.22686767578125
-0.240249633789062 0.04278564453125 0.539459228515625 -0.2911376953125
-0.258956909179688 0.110931396484375 0.28167724609375 -0.375396728515625
-0.1993408203125 0.142364501953125 0.012176513671875 -0.333038330078125
-0.130752563476563 0.181365966796875 -0.20501708984375 -0.159027099609375
-0.0138397216796875 0.225204467773438 -0.21539306640625 0.0803375244140625
0.00305175781250001 0.250473022460937 -0.15216064453125 0.261520385742188
0.088348388671875 0.22216796875 -0.02178955078125 0.328155517578125
0.08599853515625 0.211761474609375 -0.174774169921875 0.3961181640625
0.007049560546875 0.0456886291503906 0.08697509765625 -0.424407958984375
0.00207901000976563 -0.0198726654052734 0.0106201171875 -0.368560791015625
-0.00908660888671875 -0.00309658050537109 0.124313354492187 -0.2279052734375
-0.00766754150390625 0.0064692497253418 0.211273193359375 -0.0839385986328125
-0.0181236267089844 0.008392333984375 0.17218017578125 0.156768798828125
-0.0104970932006836 0.00359439849853515 -0.003936767578125 0.347320556640625
-0.00527095794677734 0.0130214691162109 -0.304840087890625 0.415740966796875
0.000298112630844116 -9.65595245361328E-05 -0.525390625 0.3162841796875
0.0153942108154297 0.0124750137329102 -0.653076171875 0.2298583984375
-0.00923347473144531 0.00862407684326172 -0.572021484375 0.11572265625
-0.0146617889404297 0.00119686126708984 -0.31854248046875 0.05010986328125
0.00524139404296875 -0.0113487243652344 -0.123291015625 -0.0672607421875
0.00654268264770508 -0.00801658630371094 -0.0877838134765625 -0.200698852539062
0.00991439819335938 -0.0145702362060547 -0.27923583984375 -0.318603515625
0.00861310958862305 -0.000942707061767578 -0.47735595703125 -0.448150634765625
0.128707885742187 0.240310668945313 0.12872314453125 -0.40435791015625
0.0928955078125 0.172439575195313 0.071807861328125 -0.362884521484375
0.0281219482421875 0.241897583007813 0.1480712890625 -0.224441528320312
-0.0584716796875 0.220260620117188 0.248580932617187 -0.084564208984375
-0.1611328125 0.178817749023438 0.188522338867188 0.13592529296875
-0.210128784179688 0.164520263671875 0.00527954101562501 0.328765869140625
-0.235443115234375 0.139389038085938 -0.267913818359375 0.388763427734375
-0.24407958984375 0.0464630126953125 -0.472808837890625 0.29888916015625
-0.246063232421875 0.076446533203125 -0.6068115234375 0.23883056640625
-0.240646362304688 0.054443359375 -0.5361328125 0.1361083984375
-0.210586547851563 0.0563507080078125 -0.30328369140625 0.0535888671875
-0.116409301757813 0.10479736328125 -0.124015808105469 -0.0643844604492187
-0.097503662109375 0.142410278320312 -0.0997772216796875 -0.1812744140625
-0.02044677734375 0.175552368164063 -0.276275634765625 -0.295166015625
0.0444183349609375 0.182907104492188 -0.483489990234375 -0.42108154296875
0.2135009765625 0.410003662109375 0.21356201171875 -0.328277587890625
0.145294189453125 0.34637451171875 0.1751708984375 -0.3048095703125
0.02581787109375 0.459686279296875 0.190292358398438 -0.195175170898438
-0.136138916015625 0.40191650390625 0.29180908203125 -0.075775146484375
-0.31341552734375 0.310638427734375 0.219009399414062 0.0941314697265625
-0.404266357421875 0.284271240234375 0.051116943359375 0.260421752929687
-0.438446044921875 0.232208251953125 -0.1666259765625 0.30584716796875
-0.45001220703125 0.0851135253906249 -0.342864990234375 0.23382568359375
-0.46783447265625 0.149017333984375 -0.48699951171875 0.21661376953125
-0.4400634765625 0.1358642578125 -0.4578857421875 0.14007568359375
-0.3756103515625 0.160888671875 -0.281219482421875 0.052276611328125
-0.199234008789063 0.258544921875 -0.141189575195313 -0.0516204833984375
-0.16064453125 0.319122314453125 -0.140449523925781 -0.139183044433594
-0.01263427734375 0.3570556640625 -0.2847900390625 -0.23089599609375
0.091888427734375 0.341094970703125 -0.482086181640625 -0.328643798828125
0.2435302734375 0.519683837890625 0.314849853515625 -0.192047119140625
0.1392822265625 0.470428466796875 0.286163330078125 -0.1905517578125
-0.0287475585937501 0.60491943359375 0.233047485351562 -0.1328125
-0.23199462890625 0.507537841796875 0.328765869140625 -0.0484619140625
-0.44781494140625 0.368865966796875 0.267364501953125 0.0398101806640625
-0.561004638671875 0.335601806640625 0.138641357421875 0.152923583984375
-0.5843505859375 0.27252197265625 -0.00872802734375002 0.18157958984375
-0.58465576171875 0.113037109375 -0.15509033203125 0.136260986328125
-0.61541748046875 0.220458984375 -0.31494140625 0.14703369140625
-0.56500244140625 0.2431640625 -0.3450927734375 0.103302001953125
-0.46807861328125 0.301727294921875 -0.255325317382813 0.0345306396484375
-0.214447021484375 0.42694091796875 -0.16302490234375 -0.0244140624999999
-0.15777587890625 0.48870849609375 -0.18145751953125 -0.0601196289062499
0.0390625 0.500701904296875 -0.275985717773438 -0.123275756835937
0.148651123046875 0.44866943359375 -0.454345703125 -0.1905517578125
0.220367431640625 0.553802490234375 0.40826416015625 -0.023590087890625
0.086181640625 0.51104736328125 0.369384765625 -0.03338623046875
-0.11273193359375 0.6300048828125 0.254470825195312 -0.0378265380859375
-0.31439208984375 0.495758056640625 0.341888427734375 -0.00018310546874997
-0.52227783203125 0.33001708984375 0.32073974609375 -0.00479125976562498
-0.63677978515625 0.30194091796875 0.256790161132812 0.0430755615234375
-0.640380859375 0.25750732421875 0.18389892578125 0.04705810546875
-0.63128662109375 0.1243896484375 0.0603828430175781 0.0175094604492188
-0.66168212890625 0.271484375 -0.121742248535156 0.0269546508789063
-0.58782958984375 0.3319091796875 -0.219146728515625 0.0106658935546876
-0.462677001953125 0.413665771484375 -0.229583740234375 -0.0103454589843749
-0.16387939453125 0.534942626953125 -0.181472778320312 0.01007080078125
-0.10125732421875 0.5928955078125 -0.197357177734375 0.0442962646484375
0.11126708984375 0.5635986328125 -0.231155395507813 0.00982666015625007
0.194122314453125 0.492340087890625 -0.396026611328125 -0.020172119140625
0.159210205078125 0.506591796875 0.473602294921875 0.150054931640625
0.019500732421875 0.456329345703125 0.398406982421875 0.12603759765625
-0.173797607421875 0.535675048828125 0.234848022460938 0.0616607666015625
-0.329742431640625 0.382598876953125 0.315948486328125 0.052825927734375
-0.4888916015625 0.2205810546875 0.362548828125 -0.024688720703125
-0.5970458984375 0.21453857421875 0.3839111328125 -0.03997802734375
-0.59326171875 0.2025146484375 0.379974365234375 -0.0755615234375
-0.58135986328125 0.11676025390625 0.266326904296875 -0.104461669921875
-0.60577392578125 0.27447509765625 0.0564727783203125 -0.124031066894531
-0.51251220703125 0.349456787109375 -0.111099243164063 -0.117156982421875
-0.376617431640625 0.431243896484375 -0.213165283203125 -0.0682678222656249
-0.0914611816406251 0.5274658203125 -0.192703247070313 0.042755126953125
-0.03173828125 0.5784912109375 -0.183837890625 0.145050048828125
0.161285400390625 0.527069091796875 -0.15338134765625 0.143661499023438
0.2086181640625 0.46075439453125 -0.3140869140625 0.151519775390625
0.08441162109375 0.38006591796875 0.5025634765625 0.29461669921875
-0.0230712890625 0.329986572265625 0.374664306640625 0.252349853515625
-0.172882080078125 0.363555908203125 0.1812744140625 0.134719848632813
-0.256484985351563 0.228683471679687 0.258209228515625 0.0864410400390625
-0.35638427734375 0.100311279296875 0.37396240234375 -0.0257568359375
-0.45062255859375 0.114715576171875 0.4808349609375 -0.08966064453125
-0.4486083984375 0.128814697265625 0.539703369140625 -0.169342041015625
-0.4437255859375 0.0884399414062501 0.43145751953125 -0.21429443359375
-0.462249755859375 0.2177734375 0.193191528320313 -0.26885986328125
-0.372314453125 0.2791748046875 -0.034912109375 -0.240158081054687
-0.256439208984375 0.342620849609375 -0.20660400390625 -0.120864868164062
-0.0364990234375 0.408966064453125 -0.201034545898438 0.0668487548828125
0.00610351562500001 0.449493408203125 -0.1595458984375 0.218902587890625
0.152008056640625 0.402130126953125 -0.0712127685546875 0.252426147460938
0.17071533203125 0.361663818359375 -0.22998046875 0.29388427734375
0.0117645263671875 0.205841064453125 0.512969970703125 0.387451171875
-0.0220794677734375 0.170974731445313 0.332855224609375 0.319915771484375
-0.1053466796875 0.184097290039062 0.126846313476563 0.169509887695313
-0.124382019042969 0.100448608398437 0.200531005859375 0.094146728515625
-0.170303344726563 0.0269012451171875 0.360504150390625 -0.02008056640625
-0.24188232421875 0.044525146484375 0.5390625 -0.112274169921875
-0.236434936523438 0.057769775390625 0.6397705078125 -0.2353515625
-0.237869262695313 0.0460052490234375 0.532623291015625 -0.29705810546875
-0.25592041015625 0.113616943359375 0.275115966796875 -0.377105712890625
-0.19732666015625 0.144424438476563 0.00738525390624999 -0.3319091796875
-0.1273193359375 0.182113647460938 -0.206008911132812 -0.155990600585938
-0.01055908203125 0.224136352539063 -0.211822509765625 0.082855224609375
0.00683593749999998 0.2498779296875 -0.146514892578125 0.260650634765625
0.091339111328125 0.218460083007813 -0.017120361328125 0.325531005859375
0.0886383056640625 0.209335327148438 -0.16912841796875 0.395355224609375
0.00885772705078125 0.0450363159179688 0.082275390625 -0.421966552734375
0.000537872314453125 -0.0199832916259766 0.00598144531249999 -0.36444091796875
-0.00952243804931641 -0.0031881332397461 0.120941162109375 -0.227462768554688
-0.00716495513916016 0.00627040863037109 0.20855712890625 -0.085723876953125
-0.017359733581543 0.00848007202148438 0.172348022460937 0.15411376953125
-0.010554313659668 0.00436496734619141 0.000671386718750013 0.34576416015625
-0.00540542602539062 0.0130386352539063 -0.29541015625 0.415985107421875
8.508563041687E-06 -0.000155851244926453 -0.51641845703125 0.319000244140625
0.0153226852416992 0.0129003524780273 -0.643798828125 0.23565673828125
-0.00896358489990234 0.00918674468994141 -0.56719970703125 0.122314453125
-0.0140438079833984 0.00200176239013672 -0.316314697265625 0.0532836914062501
0.00469875335693359 -0.0115871429443359 -0.123626708984375 -0.0660324096679688
0.00588846206665039 -0.00866794586181641 -0.08966064453125 -0.199050903320313
0.00940322875976562 -0.0143251419067383 -0.2803955078125 -0.3115234375
0.00868940353393555 -0.000902652740478516 -0.478546142578125 -0.438720703125
0.1312255859375 0.238082885742188 0.123687744140625 -0.402587890625
0.0929107666015625 0.169937133789063 0.066925048828125 -0.36053466796875
0.031219482421875 0.239715576171875 0.145294189453125 -0.22454833984375
-0.0551605224609375 0.218917846679688 0.245132446289062 -0.0875396728515625
-0.157958984375 0.179031372070313 0.188034057617187 0.132232666015625
-0.206100463867187 0.166397094726563 0.00936889648437497 0.32659912109375
-0.232467651367188 0.140792846679688 -0.2606201171875 0.390106201171875
-0.241897583007813 0.049102783203125 -0.4654541015625 0.300262451171875
-0.243392944335937 0.0795745849609375 -0.5986328125 0.24444580078125
-0.238021850585938 0.0569000244140625 -0.530548095703125 0.1424560546875
-0.208938598632812 0.059417724609375 -0.3006591796875 0.0573425292968751
-0.114608764648437 0.105377197265625 -0.124221801757813 -0.0634689331054687
-0.0946197509765625 0.142303466796875 -0.1014404296875 -0.179595947265625
-0.0185546875 0.173797607421875 -0.2777099609375 -0.290008544921875
0.0464324951171875 0.181106567382813 -0.48504638671875 -0.41070556640625
0.216400146484375 0.40399169921875 0.20843505859375 -0.32928466796875
0.147674560546875 0.341461181640625 0.17022705078125 -0.30535888671875
0.031707763671875 0.4559326171875 0.187118530273438 -0.195999145507812
-0.12994384765625 0.399444580078125 0.287933349609375 -0.07904052734375
-0.30810546875 0.3125 0.218215942382812 0.0898590087890625
-0.3985595703125 0.288726806640625 0.0538787841796875 0.259201049804688
-0.4327392578125 0.234954833984375 -0.16143798828125 0.305633544921875
-0.4464111328125 0.0892944335937499 -0.33642578125 0.235687255859375
-0.46331787109375 0.1536865234375 -0.48095703125 0.221466064453125
-0.43572998046875 0.13995361328125 -0.4537353515625 0.144775390625
-0.37158203125 0.1650390625 -0.27911376953125 0.054931640625
-0.1947021484375 0.258468627929688 -0.1412353515625 -0.050506591796875
-0.155181884765625 0.31707763671875 -0.1405029296875 -0.137374877929687
-0.00845336914062504 0.35394287109375 -0.28424072265625 -0.22674560546875
0.095703125 0.337249755859375 -0.482635498046875 -0.32147216796875
0.248443603515625 0.512298583984375 0.3106689453125 -0.1964111328125
0.14398193359375 0.4647216796875 0.281036376953125 -0.193191528320313
-0.0194091796875 0.60107421875 0.230194091796875 -0.134536743164062
-0.22442626953125 0.50433349609375 0.3253173828125 -0.052947998046875
-0.4420166015625 0.371307373046875 0.265487670898438 0.0354461669921875
-0.553009033203125 0.339141845703125 0.139541625976562 0.151473999023438
-0.57611083984375 0.277587890625 -0.00627136230468753 0.1795654296875
-0.57965087890625 0.1187744140625 -0.151214599609375 0.136138916015625
-0.60748291015625 0.22747802734375 -0.310150146484375 0.150360107421875
-0.55816650390625 0.24749755859375 -0.3402099609375 0.106414794921875
-0.461700439453125 0.3065185546875 -0.252960205078125 0.0365753173828125
-0.20770263671875 0.424468994140625 -0.1622314453125 -0.0233917236328125
-0.14971923828125 0.487213134765625 -0.180206298828125 -0.0581359863281249
0.0456848144531249 0.495452880859375 -0.276260375976563 -0.12060546875
0.152587890625 0.44415283203125 -0.45440673828125 -0.18389892578125
0.226654052734375 0.54803466796875 0.405792236328125 -0.029022216796875
0.090728759765625 0.505218505859375 0.366363525390625 -0.0391845703125
-0.1033935546875 0.62799072265625 0.2528076171875 -0.04022216796875
-0.30633544921875 0.49542236328125 0.339141845703125 -0.00436401367187497
-0.5147705078125 0.334075927734375 0.318572998046875 -0.00872802734374998
-0.62750244140625 0.308837890625 0.256362915039062 0.0402374267578125
-0.63165283203125 0.26385498046875 0.18365478515625 0.0435333251953125
-0.62591552734375 0.130615234375 0.0605888366699218 0.0159950256347656
-0.65350341796875 0.2794189453125 -0.120452880859375 0.0283737182617188
-0.5806884765625 0.33514404296875 -0.216323852539063 0.0129547119140625
-0.454620361328125 0.4163818359375 -0.228347778320313 -0.00784301757812496
-0.1561279296875 0.531036376953125 -0.180130004882813 0.01123046875
-0.091552734375 0.5885009765625 -0.194717407226562 0.0450897216796875
0.119232177734375 0.557281494140625 -0.229629516601563 0.0122222900390626
0.198028564453125 0.4859619140625 -0.39501953125 -0.015594482421875
0.1644287109375 0.50079345703125 0.472412109375 0.14288330078125
0.023406982421875 0.451629638671875 0.397430419921875 0.11932373046875
-0.16546630859375 0.5333251953125 0.234786987304688 0.0587921142578125
-0.32269287109375 0.384063720703125 0.313873291015625 0.047821044921875
-0.48333740234375 0.22381591796875 0.358184814453125 -0.029571533203125
-0.59136962890625 0.21990966796875 0.380126953125 -0.04443359375
-0.58636474609375 0.208251953125 0.3763427734375 -0.08001708984375
-0.57550048828125 0.1221923828125 0.263748168945312 -0.107681274414062
-0.59906005859375 0.28192138671875 0.0550308227539062 -0.123794555664062
-0.506500244140625 0.35235595703125 -0.111114501953125 -0.115020751953125
-0.3704833984375 0.4326171875 -0.213104248046875 -0.065948486328125
-0.08294677734375 0.525177001953125 -0.1910400390625 0.0439300537109376
-0.02392578125 0.57470703125 -0.179672241210938 0.145645141601563
0.166259765625 0.521392822265625 -0.151016235351563 0.143020629882813
0.211578369140625 0.455535888671875 -0.311553955078125 0.1536865234375
0.0882568359375 0.377410888671875 0.503814697265625 0.28594970703125
-0.01971435546875 0.327362060546875 0.374969482421875 0.244110107421875
-0.166717529296875 0.363983154296875 0.181930541992188 0.132125854492188
-0.252685546875 0.22991943359375 0.256866455078125 0.08270263671875
-0.35296630859375 0.10491943359375 0.3695068359375 -0.030303955078125
-0.445770263671875 0.118988037109375 0.477508544921875 -0.093170166015625
-0.443023681640625 0.13360595703125 0.534271240234375 -0.175537109375
-0.440277099609375 0.0924377441406249 0.4254150390625 -0.218780517578125
-0.4573974609375 0.2215576171875 0.188339233398438 -0.269775390625
-0.36651611328125 0.281158447265625 -0.0364990234375 -0.238555908203125
-0.24969482421875 0.344024658203125 -0.20648193359375 -0.11822509765625
-0.0303955078125 0.407073974609375 -0.1981201171875 0.0686950683593751
0.01226806640625 0.44635009765625 -0.154739379882813 0.218414306640625
0.15740966796875 0.397125244140625 -0.0684051513671875 0.249221801757813
0.1746826171875 0.35736083984375 -0.226287841796875 0.293914794921875
0.0143585205078125 0.205245971679688 0.511962890625 0.377777099609375
-0.0204010009765625 0.169326782226563 0.335357666015625 0.3138427734375
-0.101806640625 0.184463500976563 0.1282958984375 0.167938232421875
-0.122207641601563 0.101005554199219 0.1995849609375 0.0918121337890625
-0.16943359375 0.028472900390625 0.356109619140625 -0.02496337890625
-0.240097045898437 0.0473480224609375 0.533233642578125 -0.117523193359375
-0.233413696289062 0.0598297119140625 0.63177490234375 -0.24163818359375
-0.235427856445313 0.0480194091796875 0.52313232421875 -0.30255126953125
-0.253036499023438 0.116531372070312 0.26910400390625 -0.377716064453125
-0.1943359375 0.146041870117188 0.00451660156249996 -0.330718994140625
-0.124282836914063 0.1822509765625 -0.205734252929688 -0.15338134765625
-0.00708007812499999 0.22210693359375 -0.208724975585938 0.0843505859375
0.0105133056640625 0.247894287109375 -0.1412353515625 0.260238647460938
0.093353271484375 0.215377807617188 -0.014129638671875 0.322265625
0.0908050537109375 0.206375122070313 -0.16436767578125 0.395111083984375
0.00986862182617188 0.0442886352539062 0.078125 -0.417724609375
0.000217437744140625 -0.0195884704589844 0.00161743164062499 -0.361785888671875
-0.0094614028930664 -0.00319862365722656 0.117324829101563 -0.22796630859375
-0.00738143920898437 0.00535154342651367 0.205047607421875 -0.0872344970703125
-0.01727294921875 0.0081949234008789 0.171783447265625 0.150466918945313
-0.00975227355957031 0.00441265106201172 0.00338745117187503 0.343353271484375
-0.00525665283203125 0.0130376815795898 -0.28900146484375 0.4158935546875
0.000404596328735352 -0.000438809394836426 -0.507904052734375 0.3214111328125
0.0153608322143555 0.0125560760498047 -0.6370849609375 0.24114990234375
-0.00853204727172851 0.00875520706176758 -0.55926513671875 0.1279296875
-0.0149316787719727 0.00203514099121094 -0.313201904296875 0.057281494140625
0.00372505187988281 -0.0115585327148438 -0.123733520507813 -0.0649337768554687
0.00547027587890625 -0.00887107849121094 -0.091552734375 -0.197128295898437
0.00947856903076172 -0.0139636993408203 -0.2821044921875 -0.305938720703125
0.00904655456542969 -0.000896453857421875 -0.48004150390625 -0.430328369140625
0.133224487304688 0.233840942382813 0.119476318359375 -0.400360107421875
0.09344482421875 0.167816162109375 0.064178466796875 -0.357696533203125
0.0337066650390625 0.237457275390625 0.141204833984375 -0.224960327148437
-0.0531005859375 0.217025756835938 0.241470336914063 -0.0897216796875
-0.155288696289062 0.180023193359375 0.187332153320312 0.129409790039062
-0.203018188476563 0.166961669921875 0.012176513671875 0.325286865234375
-0.229415893554688 0.143051147460938 -0.254974365234375 0.38983154296875
-0.239730834960938 0.050933837890625 -0.45794677734375 0.301544189453125
-0.24041748046875 0.0819549560546875 -0.59149169921875 0.249267578125
-0.235427856445312 0.06024169921875 -0.52386474609375 0.1466064453125
-0.207626342773438 0.0612030029296875 -0.2977294921875 0.0593872070312501
-0.113227844238281 0.104682922363281 -0.124107360839844 -0.0613861083984375
-0.0929718017578125 0.141494750976563 -0.102783203125 -0.177642822265625
-0.0162506103515625 0.1724853515625 -0.278167724609375 -0.284698486328125
0.048614501953125 0.179443359375 -0.487060546875 -0.4039306640625
0.2200927734375 0.39727783203125 0.20477294921875 -0.328582763671875
0.1484375 0.337615966796875 0.166290283203125 -0.30474853515625
0.037109375 0.45208740234375 0.183609008789063 -0.196624755859375
-0.1251220703125 0.39801025390625 0.284332275390625 -0.081878662109375
-0.303497314453125 0.31365966796875 0.216766357421875 0.086761474609375
-0.39276123046875 0.291107177734375 0.0560302734375 0.25689697265625
-0.4267578125 0.238739013671875 -0.156036376953125 0.304168701171875
-0.442169189453125 0.0927124023437499 -0.330718994140625 0.2362060546875
-0.456207275390625 0.15838623046875 -0.473541259765625 0.223907470703125
-0.432037353515625 0.14324951171875 -0.448150634765625 0.14935302734375
-0.36761474609375 0.168609619140625 -0.276779174804687 0.0569000244140625
-0.189773559570312 0.25714111328125 -0.14044189453125 -0.0490264892578125
-0.150482177734375 0.316070556640625 -0.140457153320312 -0.135574340820313
-0.00460815429687497 0.3505859375 -0.2857666015625 -0.222686767578125
0.098175048828125 0.334747314453125 -0.48284912109375 -0.313995361328125
0.2515869140625 0.505645751953125 0.306396484375 -0.197723388671875
0.146453857421875 0.45867919921875 0.27734375 -0.195037841796875
-0.0127563476562501 0.595703125 0.22705078125 -0.135543823242187
-0.217926025390625 0.50469970703125 0.322509765625 -0.056396484375
-0.43560791015625 0.37347412109375 0.263076782226563 0.0320587158203125
-0.547454833984375 0.34320068359375 0.140121459960937 0.149856567382813
-0.568603515625 0.28167724609375 -0.00346374511718755 0.177841186523438
-0.57403564453125 0.1226806640625 -0.14813232421875 0.135452270507813
-0.598876953125 0.2340087890625 -0.305267333984375 0.15264892578125
-0.55230712890625 0.252960205078125 -0.336273193359375 0.1094970703125
-0.456390380859375 0.30902099609375 -0.251266479492188 0.0390167236328125
-0.200714111328125 0.4239501953125 -0.161529541015625 -0.02215576171875
-0.1431884765625 0.483154296875 -0.178497314453125 -0.0569000244140624
0.050048828125 0.490325927734375 -0.2750244140625 -0.117874145507813
0.15673828125 0.439971923828125 -0.45257568359375 -0.177825927734375
0.230682373046875 0.5400390625 0.402557373046875 -0.032958984375
0.094818115234375 0.5 0.364013671875 -0.042755126953125
-0.094970703125 0.6236572265625 0.250762939453125 -0.0421905517578125
-0.298675537109375 0.493408203125 0.3365478515625 -0.00845336914062497
-0.5078125 0.337249755859375 0.315887451171875 -0.012908935546875
-0.6202392578125 0.3128662109375 0.254180908203125 0.0381927490234375
-0.624267578125 0.26763916015625 0.1839599609375 0.0402984619140625
-0.62005615234375 0.135986328125 0.0606117248535156 0.0146255493164063
-0.6451416015625 0.28485107421875 -0.117866516113281 0.0290908813476563
-0.5733642578125 0.339111328125 -0.21368408203125 0.0150909423828125
-0.44921875 0.418853759765625 -0.22711181640625 -0.00616455078124992
-0.148101806640625 0.528350830078125 -0.17828369140625 0.0124969482421875
-0.0847167968750001 0.58477783203125 -0.191360473632813 0.0458526611328125
0.123138427734375 0.550872802734375 -0.228271484375 0.0135803222656251
0.202545166015625 0.48052978515625 -0.392822265625 -0.011322021484375
0.1683349609375 0.495330810546875 0.46978759765625 0.135009765625
0.0269775390625 0.4478759765625 0.39508056640625 0.113555908203125
-0.1575927734375 0.530853271484375 0.234161376953125 0.056549072265625
-0.3162841796875 0.38232421875 0.3118896484375 0.044281005859375
-0.478271484375 0.225433349609375 0.354644775390625 -0.03363037109375
-0.5841064453125 0.22418212890625 0.37689208984375 -0.046661376953125
-0.5792236328125 0.21197509765625 0.373504638671875 -0.083526611328125
-0.570556640625 0.12725830078125 0.260757446289062 -0.110305786132812
-0.58966064453125 0.2872314453125 0.0538177490234375 -0.123565673828125
-0.49993896484375 0.355987548828125 -0.110893249511719 -0.114067077636719
-0.363677978515625 0.433807373046875 -0.211883544921875 -0.0642547607421875
-0.075958251953125 0.5205078125 -0.188644409179688 0.0454559326171875
-0.0164794921875001 0.570068359375 -0.17547607421875 0.14453125
0.17120361328125 0.513702392578125 -0.148422241210937 0.142166137695313
0.215911865234375 0.450714111328125 -0.308746337890625 0.15618896484375
0.0921630859375 0.37493896484375 0.5023193359375 0.279388427734375
-0.017120361328125 0.324554443359375 0.374786376953125 0.238800048828125
-0.1602783203125 0.36175537109375 0.1824951171875 0.129470825195313
-0.248016357421875 0.228668212890625 0.255630493164062 0.078887939453125
-0.34930419921875 0.10797119140625 0.366058349609375 -0.034088134765625
-0.442474365234375 0.12457275390625 0.471923828125 -0.097442626953125
-0.43743896484375 0.137115478515625 0.528350830078125 -0.179473876953125
-0.434906005859375 0.0958251953125001 0.420440673828125 -0.22113037109375
-0.4505615234375 0.226776123046875 0.184616088867187 -0.269851684570313
-0.361328125 0.283660888671875 -0.0383453369140625 -0.236740112304687
-0.244049072265625 0.34375 -0.20611572265625 -0.116439819335937
-0.024505615234375 0.40374755859375 -0.195816040039063 0.0697784423828125
0.01800537109375 0.443450927734375 -0.149734497070313 0.217849731445313
0.159942626953125 0.392852783203125 -0.0655975341796875 0.246810913085938
0.176849365234375 0.352691650390625 -0.222412109375 0.2955322265625
0.0174102783203125 0.204010009765625 0.5120849609375 0.369171142578125
-0.0191497802734375 0.168197631835938 0.33465576171875 0.30694580078125
-0.0979156494140625 0.184906005859375 0.1295166015625 0.165435791015625
-0.120315551757812 0.101654052734375 0.19818115234375 0.088714599609375
-0.169189453125 0.0300750732421875 0.352813720703125 -0.027496337890625
-0.238449096679688 0.0496368408203125 0.527862548828125 -0.121337890625
-0.23089599609375 0.062408447265625 0.624267578125 -0.24627685546875
-0.23333740234375 0.049713134765625 0.515106201171875 -0.30316162109375
-0.248855590820313 0.118637084960937 0.262542724609375 -0.379913330078125
-0.19158935546875 0.147262573242188 0.00161743164062501 -0.3289794921875
-0.121383666992188 0.18182373046875 -0.205703735351562 -0.1507568359375
-0.00398254394531252 0.220352172851563 -0.205734252929688 0.0862884521484375
0.0133819580078125 0.246337890625 -0.136947631835938 0.258499145507813
0.0944976806640625 0.212387084960938 -0.010833740234375 0.318511962890625
0.09173583984375 0.203872680664063 -0.160125732421875 0.393707275390625
0.0108795166015625 0.0438880920410156 0.07440185546875 -0.416534423828125
-0.00105476379394531 -0.0188503265380859 -0.00036621093749999 -0.357666015625
-0.00968647003173828 -0.00303745269775391 0.114471435546875 -0.22796630859375
-0.0068206787109375 0.00475740432739258 0.202041625976563 -0.0886688232421875
-0.0169429779052734 0.00843620300292969 0.17095947265625 0.148162841796875
-0.00906276702880859 0.0043487548828125 0.00579833984374998 0.34075927734375
-0.00511455535888672 0.0128746032714844 -0.28253173828125 0.415496826171875
0.000473111867904663 -0.000141948461532593 -0.5006103515625 0.322265625
0.0160198211669922 0.0123958587646484 -0.62774658203125 0.24542236328125
-0.00786209106445313 0.00948333740234375 -0.5543212890625 0.1326904296875
-0.01507568359375 0.00328350067138672 -0.310150146484375 0.05938720703125
0.00340461730957031 -0.0118198394775391 -0.123664855957031 -0.0640487670898438
0.005279541015625 -0.00887584686279297 -0.0933380126953125 -0.195343017578125
0.00898170471191406 -0.0137653350830078 -0.28302001953125 -0.301849365234375
0.009124755859375 -0.000817298889160156 -0.47979736328125 -0.424468994140625
0.135391235351563 0.231170654296875 0.116241455078125 -0.39794921875
0.093017578125 0.165679931640625 0.059539794921875 -0.3564453125
0.035919189453125 0.234756469726563 0.1387939453125 -0.224334716796875
-0.050384521484375 0.21502685546875 0.238143920898438 -0.091552734375
-0.153244018554688 0.179718017578125 0.186309814453125 0.126632690429687
-0.199920654296875 0.168106079101562 0.014617919921875 0.323089599609375
-0.226287841796875 0.143722534179688 -0.247955322265625 0.387939453125
-0.237762451171875 0.052032470703125 -0.4505615234375 0.303466796875
-0.2371826171875 0.084228515625 -0.5826416015625 0.25323486328125
-0.233551025390625 0.0621337890625 -0.517974853515625 0.1507568359375
-0.206039428710938 0.06317138671875 -0.2952880859375 0.0613403320312501
-0.111114501953125 0.104606628417969 -0.124031066894531 -0.0615921020507813
-0.090667724609375 0.14093017578125 -0.102890014648438 -0.176193237304688
-0.0142822265625 0.170806884765625 -0.279220581054687 -0.280868530273438
0.05023193359375 0.177734375 -0.4852294921875 -0.396575927734375
0.223114013671875 0.393035888671875 0.201416015625 -0.327423095703125
0.14959716796875 0.332305908203125 0.16168212890625 -0.303985595703125
0.040435791015625 0.4495849609375 0.180740356445313 -0.197128295898437
-0.120574951171875 0.395355224609375 0.281051635742188 -0.0844879150390625
-0.298065185546875 0.313629150390625 0.214736938476562 0.0843353271484375
-0.387237548828125 0.291290283203125 0.0573577880859375 0.254714965820313
-0.421875 0.239837646484375 -0.151397705078125 0.302886962890625
-0.438232421875 0.09588623046875 -0.325164794921875 0.235687255859375
-0.45098876953125 0.1622314453125 -0.4671630859375 0.227020263671875
-0.426483154296875 0.146759033203125 -0.442657470703125 0.1510009765625
-0.364288330078125 0.170501708984375 -0.274871826171875 0.0589141845703125
-0.1864013671875 0.2557373046875 -0.140220642089844 -0.0486831665039063
-0.145172119140625 0.31353759765625 -0.140289306640625 -0.133857727050781
-0.00158691406249999 0.3463134765625 -0.285400390625 -0.21795654296875
0.10076904296875 0.332763671875 -0.481597900390625 -0.30767822265625
0.255828857421875 0.498382568359375 0.303375244140625 -0.200103759765625
0.148284912109375 0.45306396484375 0.273651123046875 -0.196273803710938
-0.00781249999999995 0.59197998046875 0.224868774414062 -0.136672973632812
-0.211151123046875 0.500885009765625 0.31866455078125 -0.0587158203125
-0.4302978515625 0.3743896484375 0.261077880859375 0.0292205810546875
-0.540191650390625 0.34521484375 0.140106201171875 0.148178100585938
-0.56158447265625 0.284210205078125 -0.00123596191406255 0.175872802734375
-0.56927490234375 0.126220703125 -0.145538330078125 0.134674072265625
-0.593017578125 0.23760986328125 -0.300567626953125 0.15423583984375
-0.5472412109375 0.258331298828125 -0.33184814453125 0.1123046875
-0.451446533203125 0.310211181640625 -0.249313354492188 0.040008544921875
-0.195465087890625 0.420562744140625 -0.161209106445313 -0.0214080810546875
-0.136871337890625 0.480926513671875 -0.177169799804688 -0.05621337890625
0.05352783203125 0.484588623046875 -0.274871826171875 -0.1151123046875
0.159271240234375 0.43505859375 -0.45172119140625 -0.17205810546875
0.2340087890625 0.5347900390625 0.4002685546875 -0.03753662109375
0.098114013671875 0.49493408203125 0.36102294921875 -0.045623779296875
-0.0880126953125001 0.61920166015625 0.249176025390625 -0.0441131591796875
-0.2933349609375 0.49285888671875 0.33367919921875 -0.011627197265625
-0.50213623046875 0.33837890625 0.312255859375 -0.01641845703125
-0.61328125 0.316162109375 0.2525634765625 0.036834716796875
-0.61834716796875 0.2720947265625 0.183090209960937 0.037353515625
-0.61419677734375 0.13946533203125 0.0604743957519531 0.0125885009765625
-0.63800048828125 0.2901611328125 -0.116264343261719 0.03033447265625
-0.5679931640625 0.34234619140625 -0.21173095703125 0.01666259765625
-0.44122314453125 0.419677734375 -0.225982666015625 -0.00494384765624998
-0.14208984375 0.524749755859375 -0.177200317382813 0.0131072998046875
-0.0778198242187499 0.58123779296875 -0.188461303710938 0.0455780029296876
0.127166748046875 0.54473876953125 -0.226608276367188 0.0135955810546875
0.206329345703125 0.475433349609375 -0.390869140625 -0.00808715820312505
0.17266845703125 0.48895263671875 0.467071533203125 0.130615234375
0.029052734375 0.4427490234375 0.394073486328125 0.10906982421875
-0.151153564453125 0.52813720703125 0.233322143554688 0.0548248291015625
-0.311004638671875 0.38232421875 0.30987548828125 0.040740966796875
-0.474090576171875 0.228240966796875 0.35113525390625 -0.037506103515625
-0.57781982421875 0.228759765625 0.373199462890625 -0.04852294921875
-0.5723876953125 0.21636962890625 0.370147705078125 -0.087677001953125
-0.56536865234375 0.12933349609375 0.25836181640625 -0.1121826171875
-0.5833740234375 0.28924560546875 0.0524749755859375 -0.123016357421875
-0.4925537109375 0.358673095703125 -0.110542297363281 -0.112571716308594
-0.35784912109375 0.433868408203125 -0.211227416992188 -0.0626373291015625
-0.07061767578125 0.5162353515625 -0.186813354492188 0.045989990234375
-0.0106811523437501 0.56610107421875 -0.171875 0.14404296875
0.174530029296875 0.50738525390625 -0.14678955078125 0.141494750976563
0.217498779296875 0.445343017578125 -0.30548095703125 0.15716552734375
0.095001220703125 0.371307373046875 0.50091552734375 0.2711181640625
-0.01593017578125 0.321868896484375 0.37371826171875 0.232757568359375
-0.15582275390625 0.361175537109375 0.182907104492187 0.128204345703125
-0.244110107421875 0.229568481445313 0.2537841796875 0.07684326171875
-0.34783935546875 0.10980224609375 0.36199951171875 -0.03753662109375
-0.43817138671875 0.126190185546875 0.46746826171875 -0.099090576171875
-0.432708740234375 0.140350341796875 0.521728515625 -0.18487548828125
-0.43206787109375 0.0987243652343749 0.41497802734375 -0.223663330078125
-0.4451904296875 0.2298583984375 0.18096923828125 -0.269332885742188
-0.3565673828125 0.2852783203125 -0.039581298828125 -0.235763549804688
-0.241058349609375 0.34326171875 -0.20556640625 -0.114959716796875
-0.0208740234375 0.40045166015625 -0.1934814453125 0.0707550048828125
0.02154541015625 0.440338134765625 -0.145950317382813 0.216476440429687
0.162139892578125 0.387481689453125 -0.0635833740234375 0.244110107421875
0.178558349609375 0.349609375 -0.2197265625 0.295379638671875
0.019287109375 0.203369140625 0.51141357421875 0.3614501953125
-0.018707275390625 0.166900634765625 0.334869384765625 0.3017578125
-0.09503173828125 0.183425903320313 0.130401611328125 0.164077758789062
-0.118095397949219 0.101387023925781 0.197006225585938 0.08685302734375
-0.168304443359375 0.0305328369140625 0.34893798828125 -0.032073974609375
-0.2364501953125 0.0518646240234375 0.5218505859375 -0.124237060546875
-0.228134155273438 0.06396484375 0.61517333984375 -0.24969482421875
-0.230850219726563 0.0502471923828125 0.5087890625 -0.3052978515625
-0.24609375 0.11993408203125 0.255828857421875 -0.3779296875
-0.189651489257813 0.147720336914062 -0.00146484374999999 -0.32757568359375
-0.118728637695312 0.18206787109375 -0.205093383789062 -0.148529052734375
-0.00198364257812499 0.218856811523438 -0.20263671875 0.0869598388671875
0.0162506103515625 0.244461059570313 -0.131622314453125 0.257156372070313
0.096099853515625 0.209945678710938 -0.00894165039062502 0.3155517578125
0.0933837890625 0.201217651367188 -0.15765380859375 0.391204833984375
0.0114326477050781 0.0436668395996094 0.070556640625 -0.411865234375
-0.00181198120117187 -0.0183982849121094 -0.003692626953125 -0.354736328125
-0.00975799560546875 -0.00321006774902344 0.110870361328125 -0.227142333984375
-0.00712823867797852 0.00408697128295898 0.199111938476563 -0.089691162109375
-0.0167055130004883 0.00812244415283203 0.170761108398438 0.146408081054688
-0.00866985321044922 0.0046076774597168 0.00863647460937503 0.338775634765625
-0.00464820861816406 0.0132761001586914 -0.276336669921875 0.413970947265625
0.000568270683288574 -0.000482618808746338 -0.493438720703125 0.323089599609375
0.0156021118164063 0.0122795104980469 -0.62030029296875 0.249267578125
-0.00822067260742187 0.00968742370605469 -0.54791259765625 0.136810302734375
-0.0151748657226563 0.0034475326538086 -0.307464599609375 0.06219482421875
0.00284481048583984 -0.0122413635253906 -0.123466491699219 -0.0633163452148438
0.00482368469238281 -0.00942611694335937 -0.09442138671875 -0.193191528320312
0.00892543792724609 -0.0135726928710938 -0.283050537109375 -0.2977294921875
0.00962543487548828 -0.00037384033203125 -0.47869873046875 -0.41705322265625
0.136947631835938 0.227462768554688 0.113128662109375 -0.396209716796875
0.0935211181640625 0.163589477539063 0.0567626953125 -0.352935791015625
0.03778076171875 0.2327880859375 0.135513305664063 -0.224700927734375
-0.049224853515625 0.213775634765625 0.234893798828125 -0.0922698974609375
-0.150558471679688 0.17962646484375 0.185379028320313 0.124298095703125
-0.197006225585938 0.16802978515625 0.016571044921875 0.3204345703125
-0.223220825195313 0.145004272460937 -0.24267578125 0.387420654296875
-0.235565185546875 0.05340576171875 -0.443389892578125 0.302642822265625
-0.234146118164063 0.0851898193359375 -0.5755615234375 0.25665283203125
-0.231414794921875 0.0634307861328125 -0.512481689453125 0.15411376953125
-0.20428466796875 0.064971923828125 -0.29248046875 0.063568115234375
-0.109710693359375 0.103805541992188 -0.124153137207031 -0.0609512329101563
-0.08868408203125 0.140281677246094 -0.103805541992188 -0.174606323242188
-0.0136566162109375 0.16925048828125 -0.279510498046875 -0.276168823242188
0.05206298828125 0.17730712890625 -0.4840087890625 -0.390350341796875
0.225555419921875 0.387908935546875 0.197479248046875 -0.32696533203125
0.150238037109375 0.3291015625 0.1583251953125 -0.3028564453125
0.043914794921875 0.444976806640625 0.178268432617188 -0.19744873046875
-0.1165771484375 0.392974853515625 0.277938842773438 -0.0861663818359375
-0.29473876953125 0.313385009765625 0.21343994140625 0.0817718505859375
-0.3807373046875 0.292236328125 0.0594635009765625 0.253768920898438
-0.41668701171875 0.242095947265625 -0.1480712890625 0.301025390625
-0.434722900390625 0.0976562500000001 -0.3211669921875 0.236175537109375
-0.44744873046875 0.163848876953125 -0.460662841796875 0.22857666015625
-0.421875 0.14935302734375 -0.438720703125 0.154022216796875
-0.36126708984375 0.1717529296875 -0.271865844726563 0.06048583984375
-0.183517456054688 0.25390625 -0.139968872070313 -0.04766845703125
-0.141448974609375 0.3128662109375 -0.139877319335938 -0.132522583007812
0.00192260742187503 0.34332275390625 -0.284759521484375 -0.214569091796875
0.1029052734375 0.329010009765625 -0.479705810546875 -0.30230712890625
0.257659912109375 0.4935302734375 0.300018310546875 -0.200653076171875
0.150421142578125 0.4486083984375 0.2705078125 -0.197128295898437
-0.00225830078125006 0.586181640625 0.22222900390625 -0.136749267578125
-0.2073974609375 0.49920654296875 0.316192626953125 -0.06109619140625
-0.42498779296875 0.37451171875 0.258331298828125 0.0269927978515625
-0.533477783203125 0.34619140625 0.140151977539062 0.146316528320313
-0.555389404296875 0.286529541015625 0.000762939453124961 0.1734619140625
-0.56475830078125 0.1275634765625 -0.142486572265625 0.133834838867188
-0.58599853515625 0.2410888671875 -0.296112060546875 0.155731201171875
-0.540283203125 0.258636474609375 -0.328826904296875 0.11285400390625
-0.44696044921875 0.31201171875 -0.2474365234375 0.041778564453125
-0.191314697265625 0.417236328125 -0.16070556640625 -0.0205841064453124
-0.131591796875 0.4781494140625 -0.17547607421875 -0.05523681640625
0.058135986328125 0.479705810546875 -0.273300170898437 -0.112625122070313
0.160980224609375 0.431793212890625 -0.448822021484375 -0.16845703125
0.236663818359375 0.52850341796875 0.396026611328125 -0.042022705078125
0.09881591796875 0.488861083984375 0.356658935546875 -0.048370361328125
-0.0821533203125 0.61431884765625 0.247390747070313 -0.0444183349609375
-0.28692626953125 0.49127197265625 0.330657958984375 -0.014404296875
-0.496673583984375 0.33905029296875 0.3094482421875 -0.018035888671875
-0.60748291015625 0.31903076171875 0.251296997070312 0.035491943359375
-0.60968017578125 0.2745361328125 0.182281494140625 0.03546142578125
-0.60906982421875 0.14166259765625 0.0607719421386718 0.0116348266601563
-0.6304931640625 0.2919921875 -0.114578247070313 0.0309219360351563
-0.560333251953125 0.344207763671875 -0.209487915039063 0.017730712890625
-0.436614990234375 0.419403076171875 -0.224319458007813 -0.00346374511718752
-0.138153076171875 0.520111083984375 -0.175918579101563 0.0137176513671875
-0.07098388671875 0.57568359375 -0.186309814453125 0.0458526611328125
0.130462646484375 0.53778076171875 -0.224990844726563 0.014129638671875
0.20751953125 0.470703125 -0.38812255859375 -0.00604248046874994
0.17498779296875 0.484710693359375 0.46600341796875 0.1246337890625
0.032012939453125 0.439422607421875 0.39166259765625 0.104461669921875
-0.14556884765625 0.524383544921875 0.232177734375 0.05316162109375
-0.30615234375 0.381134033203125 0.30718994140625 0.038116455078125
-0.469482421875 0.228973388671875 0.34844970703125 -0.039306640625
-0.5723876953125 0.2308349609375 0.370025634765625 -0.050994873046875
-0.56561279296875 0.21954345703125 0.366607666015625 -0.089935302734375
-0.561309814453125 0.132232666015625 0.255050659179687 -0.1141357421875
-0.5760498046875 0.29229736328125 0.05181884765625 -0.122810363769531
-0.487579345703125 0.35943603515625 -0.109428405761719 -0.111038208007813
-0.3521728515625 0.433685302734375 -0.210128784179688 -0.06109619140625
-0.066741943359375 0.513763427734375 -0.184738159179688 0.0465850830078126
-0.00662231445312504 0.561126708984375 -0.16864013671875 0.142898559570313
0.177093505859375 0.501953125 -0.145111083984375 0.140029907226563
0.219268798828125 0.44110107421875 -0.3028564453125 0.15814208984375
0.096893310546875 0.36688232421875 0.499298095703125 0.26611328125
-0.013580322265625 0.319122314453125 0.37322998046875 0.2265625
-0.150604248046875 0.358856201171875 0.182769775390625 0.125808715820313
-0.240432739257813 0.228759765625 0.251739501953125 0.07452392578125
-0.3447265625 0.110504150390625 0.3582763671875 -0.039306640625
-0.434906005859375 0.128692626953125 0.461761474609375 -0.102813720703125
-0.4283447265625 0.1424560546875 0.51702880859375 -0.186370849609375
-0.427734375 0.100128173828125 0.40936279296875 -0.224639892578125
-0.438873291015625 0.231658935546875 0.1776123046875 -0.2694091796875
-0.353118896484375 0.2860107421875 -0.0406341552734375 -0.234130859375
-0.236083984375 0.3427734375 -0.204208374023438 -0.11285400390625
-0.0174560546875 0.398223876953125 -0.191177368164063 0.0715484619140626
0.025665283203125 0.436859130859375 -0.142547607421875 0.214706420898438
0.164459228515625 0.382049560546875 -0.0618438720703125 0.24188232421875
0.180084228515625 0.34490966796875 -0.21624755859375 0.294342041015625
0.02069091796875 0.202178955078125 0.51019287109375 0.3536376953125
-0.0180816650390625 0.165786743164063 0.333984375 0.29693603515625
-0.092742919921875 0.183212280273438 0.13079833984375 0.162002563476563
-0.116714477539063 0.101158142089844 0.19635009765625 0.084991455078125
-0.167190551757813 0.03167724609375 0.345794677734375 -0.03338623046875
-0.234466552734375 0.0533905029296875 0.516937255859375 -0.127410888671875
-0.225479125976562 0.0654449462890625 0.60919189453125 -0.25152587890625
-0.228271484375 0.0517730712890625 0.501556396484375 -0.306243896484375
-0.242935180664062 0.121353149414063 0.250518798828125 -0.37762451171875
-0.187164306640625 0.1483154296875 -0.00375366210937503 -0.325103759765625
-0.1168212890625 0.181060791015625 -0.204559326171875 -0.1470947265625
0.000656127929687493 0.217117309570313 -0.200332641601563 0.0881958007812501
0.0180206298828125 0.2425537109375 -0.12841796875 0.255966186523438
0.097259521484375 0.206344604492188 -0.00610351562499997 0.311309814453125
0.0937042236328125 0.198944091796875 -0.154296875 0.390533447265625
0.0124778747558594 0.04296875 0.0703125 -0.410064697265625
-0.002105712890625 -0.0176010131835938 -0.00427246093749999 -0.3511962890625
-0.00947666168212891 -0.00270652770996094 0.109146118164063 -0.226593017578125
-0.00717020034790039 0.00367307662963867 0.196792602539063 -0.0898590087890625
-0.0162382125854492 0.00786304473876953 0.169845581054688 0.144561767578125
-0.00820302963256836 0.00466537475585937 0.01025390625 0.336273193359375
-0.00465106964111328 0.0132083892822266 -0.271636962890625 0.41180419921875
0.000463902950286865 0.000179916620254517 -0.48638916015625 0.322906494140625
0.0158090591430664 0.0123672485351562 -0.613525390625 0.24981689453125
-0.00787067413330078 0.0098419189453125 -0.54315185546875 0.140533447265625
-0.0158615112304687 0.00437068939208984 -0.305084228515625 0.0633850097656249
0.00256252288818359 -0.0122766494750977 -0.123497009277344 -0.063079833984375
0.00513076782226563 -0.00915145874023438 -0.0945892333984375 -0.191131591796875
0.00849723815917969 -0.0134134292602539 -0.281707763671875 -0.2926025390625
0.0095672607421875 -0.000875473022460938 -0.477813720703125 -0.411712646484375
0.13824462890625 0.2247314453125 0.110504150390625 -0.3934326171875
0.092987060546875 0.161941528320313 0.05352783203125 -0.351348876953125
0.0390472412109375 0.230850219726563 0.134078979492188 -0.223617553710938
-0.047149658203125 0.212066650390625 0.232223510742188 -0.093597412109375
-0.1490478515625 0.179214477539062 0.184555053710938 0.123184204101563
-0.195068359375 0.168258666992188 0.018341064453125 0.31903076171875
-0.221237182617188 0.145553588867187 -0.237701416015625 0.385467529296875
-0.233673095703125 0.0538482666015625 -0.43756103515625 0.303741455078125
-0.231918334960938 0.0867919921875 -0.5673828125 0.25811767578125
-0.22900390625 0.0649261474609375 -0.50762939453125 0.1561279296875
-0.202651977539062 0.0663909912109375 -0.29022216796875 0.0651550292968751
-0.108558654785156 0.102806091308594 -0.124244689941406 -0.0603713989257812
-0.0874404907226562 0.138916015625 -0.1041259765625 -0.173553466796875
-0.01190185546875 0.167800903320312 -0.278045654296875 -0.2724609375
0.0522613525390625 0.175048828125 -0.483001708984375 -0.38433837890625
0.226837158203125 0.38128662109375 0.194671630859375 -0.3255615234375
0.15032958984375 0.32586669921875 0.155242919921875 -0.3021240234375
0.04632568359375 0.44036865234375 0.176254272460938 -0.195388793945312
-0.1131591796875 0.39093017578125 0.27508544921875 -0.0881195068359375
-0.2913818359375 0.312652587890625 0.2119140625 0.080169677734375
-0.3782958984375 0.293365478515625 0.060516357421875 0.251983642578125
-0.41339111328125 0.242919921875 -0.144683837890625 0.29840087890625
-0.430877685546875 0.0984802246093749 -0.31591796875 0.233795166015625
-0.44049072265625 0.166656494140625 -0.454315185546875 0.22955322265625
-0.41876220703125 0.150970458984375 -0.432373046875 0.15533447265625
-0.358184814453125 0.173675537109375 -0.270675659179687 0.061492919921875
-0.180816650390625 0.252426147460938 -0.139450073242187 -0.047454833984375
-0.1380615234375 0.309967041015625 -0.139541625976562 -0.131813049316406
0.00323486328124997 0.34014892578125 -0.283905029296875 -0.2115478515625
0.10369873046875 0.326385498046875 -0.47821044921875 -0.297393798828125
0.26025390625 0.488037109375 0.297149658203125 -0.2012939453125
0.150970458984375 0.442626953125 0.267074584960937 -0.197494506835937
0.00195312500000001 0.582275390625 0.220443725585938 -0.137359619140625
-0.202850341796875 0.49603271484375 0.312591552734375 -0.063446044921875
-0.420684814453125 0.37469482421875 0.256439208984375 0.024993896484375
-0.528839111328125 0.347991943359375 0.14019775390625 0.145965576171875
-0.550201416015625 0.28802490234375 0.00247192382812497 0.171722412109375
-0.56097412109375 0.130767822265625 -0.140312194824219 0.132591247558594
-0.57989501953125 0.2440185546875 -0.2919921875 0.155517578125
-0.53643798828125 0.25994873046875 -0.324981689453125 0.11395263671875
-0.441802978515625 0.31195068359375 -0.246231079101563 0.0422058105468751
-0.1878662109375 0.41357421875 -0.159439086914062 -0.0206756591796874
-0.12744140625 0.473480224609375 -0.173797607421875 -0.05450439453125
0.060546875 0.474090576171875 -0.27191162109375 -0.110687255859375
0.162017822265625 0.42816162109375 -0.446502685546875 -0.164581298828125
0.23797607421875 0.5228271484375 0.3946533203125 -0.042877197265625
0.099700927734375 0.485076904296875 0.35467529296875 -0.051025390625
-0.0775146484375 0.60955810546875 0.24609375 -0.04559326171875
-0.281951904296875 0.488006591796875 0.3270263671875 -0.01593017578125
-0.4921875 0.338897705078125 0.306427001953125 -0.020050048828125
-0.60113525390625 0.32086181640625 0.248947143554687 0.034393310546875
-0.60430908203125 0.27532958984375 0.181381225585938 0.032745361328125
-0.60430908203125 0.14276123046875 0.0602645874023437 0.00993347167968751
-0.6239013671875 0.29522705078125 -0.112442016601563 0.0314483642578125
-0.555816650390625 0.34674072265625 -0.207183837890625 0.0181884765625001
-0.431121826171875 0.419708251953125 -0.222976684570313 -0.00288391113281245
-0.134429931640625 0.515106201171875 -0.173995971679687 0.01385498046875
-0.06768798828125 0.5728759765625 -0.183502197265625 0.0453338623046875
0.132537841796875 0.532196044921875 -0.223495483398437 0.0147247314453126
0.2081298828125 0.4674072265625 -0.38629150390625 -0.00393676757812494
0.17767333984375 0.479156494140625 0.46246337890625 0.120391845703125
0.032928466796875 0.43499755859375 0.388275146484375 0.100616455078125
-0.140655517578125 0.5201416015625 0.231796264648438 0.0522613525390625
-0.30194091796875 0.378143310546875 0.304229736328125 0.03631591796875
-0.466156005859375 0.230316162109375 0.344146728515625 -0.042510986328125
-0.5675048828125 0.233154296875 0.366424560546875 -0.05194091796875
-0.560760498046875 0.2210693359375 0.36395263671875 -0.092010498046875
-0.556182861328125 0.134124755859375 0.25250244140625 -0.11505126953125
-0.56982421875 0.29388427734375 0.0507431030273437 -0.122459411621094
-0.482452392578125 0.359283447265625 -0.108741760253906 -0.110404968261719
-0.34759521484375 0.432525634765625 -0.208740234375 -0.0601043701171875
-0.063323974609375 0.509002685546875 -0.183059692382813 0.0466766357421875
-0.00115966796875005 0.55712890625 -0.165542602539063 0.141754150390625
0.177734375 0.49639892578125 -0.14373779296875 0.139144897460938
0.220703125 0.436614990234375 -0.300750732421875 0.15936279296875
0.099395751953125 0.365325927734375 0.495758056640625 0.260009765625
-0.01275634765625 0.315887451171875 0.370574951171875 0.22308349609375
-0.147247314453125 0.357177734375 0.182540893554688 0.124557495117188
-0.237274169921875 0.227294921875 0.250213623046875 0.0724029541015625
-0.3411865234375 0.1116943359375 0.3551025390625 -0.04193115234375
-0.43182373046875 0.13177490234375 0.45782470703125 -0.103515625
-0.42352294921875 0.144744873046875 0.511566162109375 -0.187225341796875
-0.42401123046875 0.1005859375 0.405029296875 -0.2257080078125
-0.43328857421875 0.233367919921875 0.17486572265625 -0.267868041992187
-0.34918212890625 0.2860107421875 -0.0413055419921875 -0.23345947265625
-0.23388671875 0.341278076171875 -0.203521728515625 -0.111801147460937
-0.0147705078125 0.3941650390625 -0.1883544921875 0.0718536376953125
0.029144287109375 0.431976318359375 -0.13885498046875 0.212554931640625
0.164825439453125 0.377532958984375 -0.0602264404296875 0.239852905273438
0.180877685546875 0.3411865234375 -0.21514892578125 0.293304443359375
0.0221405029296875 0.200897216796875 0.507965087890625 0.3487548828125
-0.0182342529296875 0.164306640625 0.3323974609375 0.2904052734375
-0.089874267578125 0.182144165039063 0.131561279296875 0.160385131835938
-0.115066528320313 0.101005554199219 0.194503784179688 0.0835113525390625
-0.166397094726563 0.032501220703125 0.342315673828125 -0.0345458984375
-0.2322998046875 0.054656982421875 0.511688232421875 -0.127716064453125
-0.222640991210938 0.066131591796875 0.60308837890625 -0.25421142578125
-0.22589111328125 0.0516204833984375 0.4959716796875 -0.307281494140625
-0.240402221679688 0.12274169921875 0.246002197265625 -0.37725830078125
-0.185928344726562 0.148880004882813 -0.00509643554687505 -0.32427978515625
-0.115493774414062 0.180267333984375 -0.20361328125 -0.145172119140625
0.00236511230468748 0.214462280273437 -0.197967529296875 0.0885467529296876
0.0198974609375 0.240707397460938 -0.12457275390625 0.254074096679688
0.0978240966796875 0.203598022460938 -0.00518798828125001 0.309173583984375
0.0941619873046875 0.197067260742188 -0.152374267578125 0.38897705078125
0.0130805969238281 0.042510986328125 0.068084716796875 -0.40618896484375
-0.00281906127929688 -0.0177364349365234 -0.00714111328125003 -0.345947265625
-0.0094614028930664 -0.00300312042236328 0.107620239257812 -0.225692749023438
-0.00699281692504883 0.00328922271728516 0.19415283203125 -0.09002685546875
-0.0163345336914062 0.00751876831054687 0.168533325195313 0.14312744140625
-0.00772905349731445 0.00487232208251953 0.011566162109375 0.33380126953125
-0.00449848175048828 0.0128107070922852 -0.267608642578125 0.41015625
0.000569760799407959 2.43186950683594E-05 -0.480621337890625 0.320770263671875
0.0163507461547852 0.0125026702880859 -0.607177734375 0.2509765625
-0.00757884979248047 0.00996971130371094 -0.537567138671875 0.14190673828125
-0.0155754089355469 0.00521373748779297 -0.302154541015625 0.0648193359375
0.00180339813232422 -0.0123367309570313 -0.123001098632813 -0.0625
0.00456047058105469 -0.00920772552490234 -0.0958404541015625 -0.190093994140625
0.00861454010009765 -0.0131292343139648 -0.2816162109375 -0.290130615234375
0.00997734069824219 -0.000288009643554688 -0.4761962890625 -0.407318115234375
0.138900756835937 0.222549438476562 0.10919189453125 -0.3914794921875
0.091796875 0.160842895507812 0.0537109375 -0.347625732421875
0.0396575927734375 0.228683471679688 0.1319580078125 -0.223190307617187
-0.0462493896484375 0.21038818359375 0.229339599609375 -0.09417724609375
-0.147552490234375 0.17889404296875 0.182952880859375 0.121200561523438
-0.192367553710937 0.168594360351563 0.02008056640625 0.3173828125
-0.219009399414063 0.1448974609375 -0.234100341796875 0.382568359375
-0.232223510742188 0.0545196533203125 -0.4327392578125 0.30108642578125
-0.2298583984375 0.0874786376953126 -0.562255859375 0.257965087890625
-0.227096557617188 0.0655975341796875 -0.502716064453125 0.1575927734375
-0.201385498046875 0.066619873046875 -0.287689208984375 0.066162109375
-0.107635498046875 0.101516723632813 -0.123489379882813 -0.0601043701171875
-0.0864181518554688 0.137359619140625 -0.104324340820313 -0.172149658203125
-0.0116119384765625 0.166366577148438 -0.277191162109375 -0.268936157226562
0.05291748046875 0.174148559570313 -0.481536865234375 -0.381256103515625
0.227691650390625 0.379150390625 0.192626953125 -0.324737548828125
0.14959716796875 0.322967529296875 0.15203857421875 -0.30029296875
0.048370361328125 0.437225341796875 0.174346923828125 -0.195571899414063
-0.11138916015625 0.3878173828125 0.2718505859375 -0.08831787109375
-0.2884521484375 0.311279296875 0.210479736328125 0.0783843994140625
-0.3746337890625 0.293060302734375 0.0610809326171875 0.2508544921875
-0.408538818359375 0.242767333984375 -0.141448974609375 0.296875
-0.428131103515625 0.099853515625 -0.313568115234375 0.231689453125
-0.437255859375 0.16778564453125 -0.44970703125 0.230682373046875
-0.414642333984375 0.151275634765625 -0.42822265625 0.1549072265625
-0.3555908203125 0.174102783203125 -0.268096923828125 0.0616455078125
-0.179061889648438 0.250411987304688 -0.139076232910156 -0.0474929809570313
-0.136474609375 0.306915283203125 -0.138320922851562 -0.130691528320312
0.004425048828125 0.336822509765625 -0.282623291015625 -0.210296630859375
0.1051025390625 0.32440185546875 -0.475799560546875 -0.293792724609375
0.26080322265625 0.482330322265625 0.29400634765625 -0.201934814453125
0.149688720703125 0.439239501953125 0.263931274414063 -0.198028564453125
0.00500488281250002 0.57733154296875 0.218856811523438 -0.136764526367187
-0.1993408203125 0.4923095703125 0.309417724609375 -0.064239501953125
-0.416473388671875 0.37213134765625 0.253387451171875 0.0235137939453125
-0.5234375 0.347442626953125 0.140029907226563 0.145416259765625
-0.54522705078125 0.288330078125 0.00334167480468748 0.169479370117188
-0.5565185546875 0.128753662109375 -0.138626098632813 0.131065368652344
-0.57354736328125 0.24420166015625 -0.289337158203125 0.156005859375
-0.531280517578125 0.261749267578125 -0.321807861328125 0.114501953125
-0.43890380859375 0.312286376953125 -0.244583129882813 0.0421295166015625
-0.18524169921875 0.4110107421875 -0.158599853515625 -0.0208587646484375
-0.1241455078125 0.46942138671875 -0.172225952148438 -0.055206298828125
0.0615234375 0.470550537109375 -0.270401000976562 -0.11029052734375
0.16339111328125 0.425750732421875 -0.44512939453125 -0.1619873046875
0.239166259765625 0.51788330078125 0.3916015625 -0.044647216796875
0.1004638671875 0.48065185546875 0.35052490234375 -0.052093505859375
-0.0742187499999999 0.60626220703125 0.244277954101563 -0.0455322265625
-0.277862548828125 0.48419189453125 0.32489013671875 -0.017364501953125
-0.48956298828125 0.33795166015625 0.302978515625 -0.02154541015625
-0.59521484375 0.32037353515625 0.247467041015625 0.0346221923828125
-0.597412109375 0.2744140625 0.18115234375 0.0316162109375
-0.600341796875 0.14300537109375 0.0601577758789062 0.00882720947265626
-0.61724853515625 0.296142578125 -0.111175537109375 0.031158447265625
-0.5499267578125 0.34674072265625 -0.205245971679688 0.0188446044921875
-0.4273681640625 0.4171142578125 -0.222213745117188 -0.00263977050781244
-0.13140869140625 0.512664794921875 -0.17333984375 0.013671875
-0.06353759765625 0.56689453125 -0.181106567382812 0.04449462890625
0.13336181640625 0.5274658203125 -0.222381591796875 0.0146026611328125
0.2083740234375 0.463104248046875 -0.384490966796875 -0.00228881835937492
0.177825927734375 0.47705078125 0.460174560546875 0.117034912109375
0.032958984375 0.430877685546875 0.38507080078125 0.09771728515625
-0.138031005859375 0.51806640625 0.230300903320313 0.0511322021484375
-0.298492431640625 0.376617431640625 0.302734375 0.034759521484375
-0.462738037109375 0.229217529296875 0.340576171875 -0.0433349609375
-0.56304931640625 0.23370361328125 0.364501953125 -0.051544189453125
-0.555816650390625 0.22119140625 0.361114501953125 -0.093292236328125
-0.551422119140625 0.133819580078125 0.25 -0.116195678710937
-0.56365966796875 0.29510498046875 0.0503158569335937 -0.121505737304687
-0.478729248046875 0.361175537109375 -0.108009338378906 -0.109893798828125
-0.344451904296875 0.4312744140625 -0.207672119140625 -0.0594635009765625
-0.0599365234374999 0.50372314453125 -0.18145751953125 0.0465545654296876
0.00167846679687497 0.5526123046875 -0.162689208984375 0.140335083007813
0.179840087890625 0.4901123046875 -0.142471313476563 0.13690185546875
0.220916748046875 0.432769775390625 -0.298553466796875 0.159332275390625
0.10028076171875 0.36297607421875 0.49383544921875 0.255615234375
-0.01263427734375 0.3140869140625 0.368408203125 0.21990966796875
-0.14349365234375 0.353485107421875 0.181854248046875 0.123489379882813
-0.23480224609375 0.226837158203125 0.248580932617187 0.0712890625
-0.340087890625 0.112152099609375 0.3515625 -0.042022705078125
-0.428619384765625 0.132415771484375 0.453582763671875 -0.102508544921875
-0.419586181640625 0.14520263671875 0.50579833984375 -0.189300537109375
-0.42169189453125 0.100799560546875 0.40216064453125 -0.224639892578125
-0.428680419921875 0.233062744140625 0.172698974609375 -0.266830444335938
-0.345855712890625 0.28656005859375 -0.0411529541015625 -0.232284545898437
-0.230255126953125 0.34112548828125 -0.202316284179688 -0.110595703125
-0.0135498046875 0.39093017578125 -0.186965942382812 0.0717620849609376
0.030853271484375 0.430389404296875 -0.136444091796875 0.210891723632813
0.166107177734375 0.372589111328125 -0.059814453125 0.2371826171875
0.18109130859375 0.33892822265625 -0.213226318359375 0.292266845703125
0.0232391357421875 0.199737548828125 0.5037841796875 0.34417724609375
-0.0179443359375 0.162567138671875 0.33111572265625 0.28765869140625
-0.0874176025390625 0.181655883789063 0.131591796875 0.159408569335937
-0.113525390625 0.100257873535156 0.193191528320313 0.083099365234375
-0.165939331054688 0.03271484375 0.33941650390625 -0.0357666015625
-0.230712890625 0.0552520751953125 0.5072021484375 -0.129425048828125
-0.220626831054687 0.0665435791015625 0.597412109375 -0.25372314453125
-0.224746704101563 0.0517120361328125 0.49188232421875 -0.30548095703125
-0.237884521484375 0.12274169921875 0.242767333984375 -0.374755859375
-0.183807373046875 0.1494140625 -0.00543212890625 -0.322357177734375
-0.113693237304688 0.179733276367188 -0.20263671875 -0.144699096679688
0.003448486328125 0.213134765625 -0.195632934570313 0.0879974365234375
0.021636962890625 0.239105224609375 -0.122726440429687 0.251617431640625
0.0976409912109375 0.201675415039063 -0.0047607421875 0.3052978515625
0.0943450927734375 0.1956787109375 -0.14947509765625 0.38671875
0.0143394470214844 0.0422477722167969 0.0687255859375 -0.40350341796875
-0.00353813171386719 -0.0175542831420898 -0.0064697265625 -0.3441162109375
-0.009307861328125 -0.00286293029785156 0.105697631835938 -0.224868774414063
-0.00718832015991211 0.00213098526000976 0.192092895507813 -0.0904693603515625
-0.0160131454467773 0.00703716278076172 0.167434692382813 0.1424560546875
-0.00705099105834961 0.00459957122802734 0.012420654296875 0.333251953125
-0.00412368774414062 0.0131406784057617 -0.265045166015625 0.4085693359375
0.000678539276123047 -7.5221061706543E-05 -0.47674560546875 0.319671630859375
0.0160942077636719 0.012089729309082 -0.6029052734375 0.25238037109375
-0.0072021484375 0.0101165771484375 -0.5340576171875 0.1431884765625
-0.0162439346313477 0.00540542602539062 -0.300750732421875 0.0654602050781251
0.00130271911621094 -0.0123462677001953 -0.123077392578125 -0.0626220703125
0.00464630126953125 -0.00960159301757813 -0.0957794189453125 -0.189163208007812
0.00815677642822266 -0.0124778747558594 -0.280914306640625 -0.28643798828125
0.0101394653320313 5.81741333007812E-05 -0.474517822265625 -0.40374755859375
0.139678955078125 0.220321655273438 0.107421875 -0.38958740234375
0.091400146484375 0.159866333007813 0.052490234375 -0.345703125
0.0397186279296875 0.227508544921875 0.130599975585937 -0.222091674804687
-0.04522705078125 0.209030151367188 0.228134155273438 -0.09478759765625
-0.146499633789062 0.177398681640625 0.181488037109375 0.119888305664063
-0.190139770507813 0.167694091796875 0.021209716796875 0.315765380859375
-0.217330932617188 0.14532470703125 -0.232025146484375 0.380523681640625
-0.230804443359375 0.0542755126953125 -0.429962158203125 0.299102783203125
-0.227203369140625 0.088287353515625 -0.557403564453125 0.25909423828125
-0.226181030273438 0.066650390625 -0.499603271484375 0.15814208984375
-0.200607299804688 0.067779541015625 -0.285919189453125 0.06610107421875
-0.107261657714844 0.101081848144531 -0.123764038085938 -0.0596771240234375
-0.0856781005859375 0.1368408203125 -0.104461669921875 -0.171295166015625
-0.0111541748046875 0.1651611328125 -0.277130126953125 -0.268081665039062
0.0533905029296875 0.173568725585938 -0.479736328125 -0.376953125
0.227874755859375 0.375152587890625 0.191375732421875 -0.32403564453125
0.14886474609375 0.32073974609375 0.1502685546875 -0.299713134765625
0.05078125 0.43377685546875 0.173110961914062 -0.19549560546875
-0.110107421875 0.384979248046875 0.2689208984375 -0.0893096923828125
-0.286651611328125 0.31085205078125 0.208770751953125 0.07745361328125
-0.371795654296875 0.291015625 0.0618743896484375 0.249954223632813
-0.4058837890625 0.24334716796875 -0.1395263671875 0.2945556640625
-0.425537109375 0.09918212890625 -0.309722900390625 0.23211669921875
-0.4334716796875 0.168548583984375 -0.444915771484375 0.229278564453125
-0.4130859375 0.153961181640625 -0.426116943359375 0.15655517578125
-0.353118896484375 0.174957275390625 -0.267593383789063 0.062042236328125
-0.177230834960938 0.248260498046875 -0.139266967773438 -0.047515869140625
-0.1336669921875 0.305084228515625 -0.13787841796875 -0.130516052246094
0.00546264648437498 0.334228515625 -0.281585693359375 -0.208953857421875
0.10540771484375 0.322784423828125 -0.47467041015625 -0.291168212890625
0.2628173828125 0.479339599609375 0.292999267578125 -0.202728271484375
0.148651123046875 0.436920166015625 0.26220703125 -0.197784423828125
0.00787353515625001 0.57318115234375 0.218032836914062 -0.13665771484375
-0.1973876953125 0.4903564453125 0.307342529296875 -0.064697265625
-0.415435791015625 0.371124267578125 0.25244140625 0.0229034423828125
-0.520111083984375 0.346099853515625 0.140060424804687 0.14501953125
-0.5406494140625 0.288726806640625 0.00381469726562498 0.167556762695313
-0.55340576171875 0.130706787109375 -0.137184143066406 0.129669189453125
-0.569091796875 0.2457275390625 -0.285797119140625 0.15594482421875
-0.52783203125 0.26312255859375 -0.3192138671875 0.11444091796875
-0.43634033203125 0.311553955078125 -0.243453979492188 0.04266357421875
-0.183197021484375 0.4075927734375 -0.157974243164063 -0.0206756591796875
-0.12255859375 0.46600341796875 -0.17083740234375 -0.0550079345703125
0.06378173828125 0.466766357421875 -0.269821166992188 -0.109222412109375
0.163909912109375 0.421630859375 -0.44366455078125 -0.158905029296875
0.239715576171875 0.514678955078125 0.3896484375 -0.045654296875
0.098968505859375 0.4764404296875 0.350433349609375 -0.053985595703125
-0.07147216796875 0.60272216796875 0.243896484375 -0.0455474853515625
-0.277374267578125 0.48223876953125 0.322174072265625 -0.018218994140625
-0.486175537109375 0.337677001953125 0.30035400390625 -0.022552490234375
-0.5943603515625 0.3204345703125 0.24725341796875 0.0345001220703125
-0.59478759765625 0.27667236328125 0.180068969726562 0.029449462890625
-0.59600830078125 0.1444091796875 0.0600051879882812 0.00768280029296876
-0.61224365234375 0.29718017578125 -0.109779357910156 0.0315704345703125
-0.546539306640625 0.346954345703125 -0.203567504882813 0.0187377929687501
-0.425445556640625 0.417205810546875 -0.220977783203125 -0.00204467773437494
-0.128387451171875 0.508697509765625 -0.172073364257813 0.01397705078125
-0.0608520507812501 0.56353759765625 -0.179443359375 0.04400634765625
0.135040283203125 0.52239990234375 -0.221588134765625 0.01361083984375
0.20928955078125 0.46087646484375 -0.38262939453125 -0.00106811523437504
0.179168701171875 0.4735107421875 0.457977294921875 0.114288330078125
0.03240966796875 0.428131103515625 0.384033203125 0.095703125
-0.134674072265625 0.51422119140625 0.229568481445313 0.0505523681640625
-0.29595947265625 0.375885009765625 0.3004150390625 0.03424072265625
-0.46038818359375 0.229583740234375 0.337982177734375 -0.04345703125
-0.560150146484375 0.234100341796875 0.36212158203125 -0.05133056640625
-0.55194091796875 0.222930908203125 0.358428955078125 -0.094451904296875
-0.548126220703125 0.134185791015625 0.248138427734375 -0.116973876953125
-0.55938720703125 0.29656982421875 0.0502395629882812 -0.121131896972656
-0.476165771484375 0.361175537109375 -0.107406616210938 -0.109283447265625
-0.342254638671875 0.42962646484375 -0.207275390625 -0.05877685546875
-0.05792236328125 0.500732421875 -0.180374145507813 0.04718017578125
0.00527954101562498 0.549652099609375 -0.160507202148438 0.138870239257813
0.180572509765625 0.486419677734375 -0.141815185546875 0.135940551757813
0.221099853515625 0.430877685546875 -0.2982177734375 0.158905029296875
0.1019287109375 0.359405517578125 0.49078369140625 0.25213623046875
-0.01226806640625 0.31182861328125 0.366455078125 0.21630859375
-0.14111328125 0.35223388671875 0.181747436523438 0.123001098632813
-0.2333984375 0.225448608398437 0.246490478515625 0.0702362060546875
-0.338287353515625 0.11224365234375 0.349090576171875 -0.043487548828125
-0.42535400390625 0.133087158203125 0.451629638671875 -0.10272216796875
-0.416961669921875 0.145416259765625 0.503997802734375 -0.190093994140625
-0.4183349609375 0.0998229980468751 0.39727783203125 -0.22552490234375
-0.426116943359375 0.23492431640625 0.170761108398437 -0.265625
-0.34375 0.28680419921875 -0.0414276123046875 -0.23193359375
-0.22900390625 0.339263916015625 -0.201889038085938 -0.110092163085938
-0.01068115234375 0.388916015625 -0.185256958007813 0.0716094970703125
0.03411865234375 0.42730712890625 -0.133743286132813 0.208816528320313
0.16552734375 0.369964599609375 -0.0591888427734375 0.234832763671875
0.180450439453125 0.336029052734375 -0.21160888671875 0.290802001953125
0.024688720703125 0.199356079101563 0.502593994140625 0.339263916015625
-0.018310546875 0.162353515625 0.32928466796875 0.2845458984375
-0.0858001708984375 0.181015014648438 0.131866455078125 0.158920288085938
-0.112770080566406 0.0999679565429688 0.192245483398438 0.0822296142578125
-0.165374755859375 0.032958984375 0.336669921875 -0.036468505859375
-0.230026245117188 0.0557708740234375 0.50360107421875 -0.129638671875
-0.218460083007813 0.0671844482421875 0.5927734375 -0.25482177734375
-0.222869873046875 0.0514678955078125 0.4862060546875 -0.304931640625
-0.235198974609375 0.122573852539062 0.2408447265625 -0.373809814453125
-0.1826171875 0.149642944335938 -0.00695800781249999 -0.32196044921875
-0.112594604492188 0.17901611328125 -0.201934814453125 -0.143661499023438
0.00416564941406248 0.21112060546875 -0.194229125976562 0.08856201171875
0.0225372314453125 0.23809814453125 -0.120040893554688 0.25006103515625
0.0977630615234375 0.199691772460938 -0.00350952148437498 0.302459716796875
0.094879150390625 0.193939208984375 -0.150604248046875 0.38543701171875
0.0146255493164063 0.0414848327636719 0.066986083984375 -0.4014892578125
-0.00347423553466797 -0.0168495178222656 -0.00674438476562497 -0.3408203125
-0.00977516174316406 -0.00306415557861328 0.104965209960937 -0.224807739257813
-0.00747489929199219 0.00182819366455078 0.190567016601563 -0.090576171875
-0.0154924392700195 0.00707817077636719 0.166641235351563 0.142059326171875
-0.00672626495361328 0.00443315505981445 0.012847900390625 0.331878662109375
-0.00450038909912109 0.0132722854614258 -0.261566162109375 0.40570068359375
0.000486284494400024 -0.000292718410491943 -0.471832275390625 0.317474365234375
0.0163154602050781 0.0124502182006836 -0.59881591796875 0.25225830078125
-0.00716781616210938 0.0102348327636719 -0.530548095703125 0.1441650390625
-0.0164909362792969 0.00621318817138672 -0.29925537109375 0.065704345703125
0.00110721588134766 -0.012324333190918 -0.122993469238281 -0.0625686645507813
0.00359058380126953 -0.00966644287109375 -0.0963592529296875 -0.188034057617188
0.00817298889160156 -0.0129489898681641 -0.280853271484375 -0.28497314453125
0.0105791091918945 0.000130653381347656 -0.4730224609375 -0.401947021484375
0.139984130859375 0.219009399414063 0.1080322265625 -0.388153076171875
0.08984375 0.15863037109375 0.05035400390625 -0.34344482421875
0.0407257080078125 0.225921630859375 0.129592895507813 -0.221908569335937
-0.0446929931640625 0.207382202148437 0.225265502929688 -0.095428466796875
-0.145721435546875 0.177093505859375 0.180404663085938 0.119476318359375
-0.18890380859375 0.16802978515625 0.021697998046875 0.315216064453125
-0.216537475585938 0.144882202148437 -0.229217529296875 0.379638671875
-0.230010986328125 0.05487060546875 -0.42596435546875 0.29791259765625
-0.226181030273438 0.0886077880859374 -0.5537109375 0.25836181640625
-0.224258422851563 0.0670166015625 -0.49530029296875 0.159637451171875
-0.200424194335938 0.068756103515625 -0.285247802734375 0.06646728515625
-0.107170104980469 0.100082397460938 -0.123580932617188 -0.0604248046875
-0.085052490234375 0.13555908203125 -0.104537963867187 -0.171295166015625
-0.01104736328125 0.164352416992188 -0.27618408203125 -0.265411376953125
0.0540618896484375 0.172683715820313 -0.478424072265625 -0.374908447265625
0.227783203125 0.373321533203125 0.18988037109375 -0.32257080078125
0.14794921875 0.3182373046875 0.149139404296875 -0.298675537109375
0.05206298828125 0.43212890625 0.17236328125 -0.19488525390625
-0.108978271484375 0.383148193359375 0.26776123046875 -0.089599609375
-0.28619384765625 0.30999755859375 0.207305908203125 0.07672119140625
-0.36968994140625 0.292877197265625 0.062957763671875 0.248779296875
-0.402862548828125 0.24261474609375 -0.1378173828125 0.293121337890625
-0.4237060546875 0.10015869140625 -0.307586669921875 0.229827880859375
-0.43096923828125 0.169281005859375 -0.442535400390625 0.230010986328125
-0.410369873046875 0.15423583984375 -0.42327880859375 0.156585693359375
-0.352081298828125 0.175018310546875 -0.26654052734375 0.06243896484375
-0.17645263671875 0.2467041015625 -0.139289855957031 -0.0475616455078125
-0.1328125 0.30328369140625 -0.137710571289063 -0.130729675292969
0.00592041015625002 0.33197021484375 -0.281707763671875 -0.206939697265625
0.106689453125 0.3221435546875 -0.472930908203125 -0.290130615234375
0.263031005859375 0.47601318359375 0.291259765625 -0.202667236328125
0.148101806640625 0.433349609375 0.260955810546875 -0.19866943359375
0.00921630859375004 0.57012939453125 0.21728515625 -0.13616943359375
-0.196075439453125 0.487579345703125 0.305084228515625 -0.066192626953125
-0.413848876953125 0.371002197265625 0.250213623046875 0.022125244140625
-0.518646240234375 0.347412109375 0.140060424804687 0.144821166992188
-0.538726806640625 0.28851318359375 0.00440979003906248 0.166061401367188
-0.55157470703125 0.13031005859375 -0.136337280273438 0.127906799316406
-0.5655517578125 0.24652099609375 -0.283660888671875 0.155792236328125
-0.525115966796875 0.2646484375 -0.31689453125 0.115264892578125
-0.43389892578125 0.312042236328125 -0.243011474609375 0.0421600341796875
-0.183135986328125 0.40582275390625 -0.158096313476563 -0.0213623046875
-0.1195068359375 0.464508056640625 -0.169570922851563 -0.055755615234375
0.063690185546875 0.463134765625 -0.26873779296875 -0.1090087890625
0.163482666015625 0.421417236328125 -0.442779541015625 -0.15771484375
0.2418212890625 0.51104736328125 0.387359619140625 -0.04803466796875
0.099273681640625 0.475494384765625 0.348388671875 -0.055877685546875
-0.0682373046875 0.60009765625 0.24237060546875 -0.0449371337890625
-0.274017333984375 0.480316162109375 0.321136474609375 -0.019378662109375
-0.485565185546875 0.33746337890625 0.298797607421875 -0.023223876953125
-0.58978271484375 0.321044921875 0.246475219726562 0.034149169921875
-0.59136962890625 0.2757568359375 0.179580688476563 0.028411865234375
-0.59515380859375 0.143310546875 0.0595169067382812 0.00641632080078126
-0.6082763671875 0.29669189453125 -0.108665466308594 0.0316925048828125
-0.54571533203125 0.34844970703125 -0.202560424804688 0.0195770263671875
-0.42291259765625 0.41802978515625 -0.220260620117188 -0.00236511230468746
-0.126983642578125 0.506011962890625 -0.171768188476563 0.012939453125
-0.059417724609375 0.560272216796875 -0.177658081054688 0.042694091796875
0.136138916015625 0.518646240234375 -0.2210693359375 0.0133056640625
0.210479736328125 0.457427978515625 -0.381805419921875 0.00103759765625006
0.179443359375 0.47088623046875 0.45562744140625 0.11260986328125
0.03204345703125 0.42596435546875 0.3819580078125 0.094146728515625
-0.132049560546875 0.51220703125 0.229141235351563 0.0509033203125
-0.29412841796875 0.37310791015625 0.299163818359375 0.033416748046875
-0.459228515625 0.22998046875 0.335784912109375 -0.044158935546875
-0.55682373046875 0.23406982421875 0.3602294921875 -0.0504150390625
-0.547943115234375 0.22210693359375 0.356689453125 -0.095367431640625
-0.546783447265625 0.133087158203125 0.246826171875 -0.117401123046875
-0.5567626953125 0.297149658203125 0.0499343872070312 -0.120697021484375
-0.4727783203125 0.3612060546875 -0.106964111328125 -0.108917236328125
-0.340179443359375 0.42974853515625 -0.20660400390625 -0.0589904785156249
-0.057861328125 0.498748779296875 -0.178863525390625 0.04638671875
0.00573730468750006 0.548309326171875 -0.1588134765625 0.137496948242188
0.180938720703125 0.483123779296875 -0.141860961914062 0.134750366210938
0.220550537109375 0.429046630859375 -0.296539306640625 0.1591796875
0.10223388671875 0.358062744140625 0.487640380859375 0.251068115234375
-0.012176513671875 0.309844970703125 0.364959716796875 0.21453857421875
-0.138946533203125 0.351348876953125 0.181671142578125 0.122268676757813
-0.231231689453125 0.224929809570313 0.24566650390625 0.0700531005859375
-0.33758544921875 0.11212158203125 0.34674072265625 -0.043792724609375
-0.423187255859375 0.1337890625 0.44866943359375 -0.102142333984375
-0.414794921875 0.14471435546875 0.501129150390625 -0.191436767578125
-0.41656494140625 0.100677490234375 0.39501953125 -0.226287841796875
-0.42279052734375 0.233673095703125 0.16943359375 -0.265396118164063
-0.34210205078125 0.28668212890625 -0.0411224365234375 -0.231033325195312
-0.227264404296875 0.33880615234375 -0.201187133789063 -0.10992431640625
-0.00942993164062496 0.3861083984375 -0.183990478515625 0.0716400146484375
0.035369873046875 0.42633056640625 -0.132064819335938 0.207473754882812
0.166656494140625 0.367401123046875 -0.0593109130859375 0.232879638671875
0.18133544921875 0.334716796875 -0.2105712890625 0.290130615234375
0.0252227783203125 0.199127197265625 0.499267578125 0.337371826171875
-0.01849365234375 0.161544799804688 0.32757568359375 0.282196044921875
-0.0842132568359375 0.180130004882812 0.13177490234375 0.15826416015625
-0.11187744140625 0.0993118286132812 0.191192626953125 0.0820465087890625
-0.16534423828125 0.0331573486328125 0.334716796875 -0.036865234375
-0.228790283203125 0.0569915771484375 0.5013427734375 -0.129058837890625
-0.217269897460938 0.0675811767578125 0.5887451171875 -0.25384521484375
-0.221832275390625 0.051239013671875 0.48455810546875 -0.304840087890625
-0.233749389648438 0.12359619140625 0.237762451171875 -0.371673583984375
-0.181777954101563 0.149917602539063 -0.00680541992187501 -0.321258544921875
-0.112213134765625 0.178558349609375 -0.200759887695313 -0.14349365234375
0.00521850585937499 0.209793090820313 -0.192092895507813 0.0881805419921875
0.0241241455078125 0.237060546875 -0.117889404296875 0.24835205078125
0.0976104736328125 0.197952270507813 -0.00430297851562499 0.30078125
0.0946044921875 0.192459106445313 -0.148529052734375 0.3828125
0.0153961181640625 0.0406303405761719 0.068695068359375 -0.40008544921875
-0.00431632995605469 -0.0168905258178711 -0.00683593750000002 -0.339599609375
-0.00978660583496094 -0.00302791595458985 0.10400390625 -0.224441528320313
-0.00770092010498047 0.00172805786132812 0.189056396484375 -0.090850830078125
-0.015538215637207 0.00670146942138672 0.165740966796875 0.141082763671875
-0.00624942779541016 0.00436687469482422 0.013214111328125 0.331024169921875
-0.00422954559326172 0.0131864547729492 -0.259796142578125 0.4061279296875
0.000775158405303955 0.000283360481262207 -0.470428466796875 0.316162109375
0.016636848449707 0.0125083923339844 -0.596435546875 0.251220703125
-0.00703144073486328 0.010127067565918 -0.528717041015625 0.144622802734375
-0.0158491134643555 0.00716972351074219 -0.298187255859375 0.0655517578124999
0.00052642822265625 -0.0124998092651367 -0.122970581054688 -0.0629730224609375
0.00369071960449219 -0.00989055633544922 -0.0963592529296875 -0.188079833984375
0.00815486907958984 -0.0124673843383789 -0.280242919921875 -0.281951904296875
0.0108013153076172 0.000247001647949219 -0.472930908203125 -0.4002685546875
0.141647338867188 0.217758178710938 0.107574462890625 -0.38720703125
0.0894012451171875 0.15850830078125 0.0511474609375 -0.34295654296875
0.0413360595703125 0.22601318359375 0.128768920898437 -0.221710205078125
-0.044677734375 0.206634521484375 0.223785400390625 -0.0955963134765625
-0.145278930664062 0.176483154296875 0.1800537109375 0.118942260742188
-0.188308715820312 0.167648315429688 0.022186279296875 0.315399169921875
-0.215576171875 0.1448974609375 -0.2279052734375 0.37884521484375
-0.229995727539062 0.05523681640625 -0.423492431640625 0.2952880859375
-0.224151611328125 0.0891265869140624 -0.550018310546875 0.2574462890625
-0.224029541015625 0.0676422119140625 -0.4947509765625 0.160186767578125
-0.199737548828125 0.06854248046875 -0.28472900390625 0.06689453125
-0.106491088867188 0.0995407104492188 -0.12353515625 -0.0610122680664062
-0.0847320556640625 0.1351318359375 -0.104354858398438 -0.170928955078125
-0.01019287109375 0.163421630859375 -0.276046752929688 -0.264724731445313
0.0546112060546875 0.172775268554688 -0.4788818359375 -0.373931884765625
0.2296142578125 0.37127685546875 0.189666748046875 -0.322723388671875
0.147003173828125 0.317352294921875 0.14886474609375 -0.298492431640625
0.05242919921875 0.430572509765625 0.172119140625 -0.194747924804687
-0.10693359375 0.38153076171875 0.266159057617188 -0.0904998779296875
-0.285430908203125 0.309967041015625 0.20635986328125 0.0765380859375
-0.36785888671875 0.291961669921875 0.06341552734375 0.249526977539063
-0.402130126953125 0.242401123046875 -0.136810302734375 0.291961669921875
-0.424530029296875 0.09942626953125 -0.306304931640625 0.228607177734375
-0.4287109375 0.1710205078125 -0.439971923828125 0.229400634765625
-0.410247802734375 0.154815673828125 -0.421173095703125 0.1580810546875
-0.35205078125 0.17572021484375 -0.265716552734375 0.0626068115234375
-0.1761474609375 0.24505615234375 -0.13897705078125 -0.0483551025390625
-0.131591796875 0.30206298828125 -0.137046813964844 -0.13043212890625
0.00686645507812502 0.33050537109375 -0.280899047851563 -0.20684814453125
0.10711669921875 0.321014404296875 -0.472625732421875 -0.2877197265625
0.262939453125 0.474395751953125 0.290435791015625 -0.2020263671875
0.14715576171875 0.432098388671875 0.260162353515625 -0.198257446289062
0.01019287109375 0.5689697265625 0.216720581054688 -0.13568115234375
-0.19488525390625 0.48638916015625 0.304046630859375 -0.06634521484375
-0.4127197265625 0.37127685546875 0.249099731445312 0.0214385986328125
-0.515625 0.346771240234375 0.140548706054687 0.144622802734375
-0.535675048828125 0.288970947265625 0.00495910644531247 0.164627075195313
-0.54962158203125 0.130218505859375 -0.135482788085938 0.126548767089844
-0.56243896484375 0.24749755859375 -0.2822265625 0.155364990234375
-0.523773193359375 0.263153076171875 -0.3162841796875 0.115203857421875
-0.43280029296875 0.312042236328125 -0.24237060546875 0.0421295166015625
-0.181488037109375 0.403045654296875 -0.157791137695313 -0.021453857421875
-0.11871337890625 0.462127685546875 -0.16864013671875 -0.055877685546875
0.064056396484375 0.46087646484375 -0.268707275390625 -0.108871459960937
0.164947509765625 0.420806884765625 -0.441864013671875 -0.15618896484375
0.240966796875 0.5101318359375 0.386383056640625 -0.048187255859375
0.0986328125 0.472564697265625 0.3468017578125 -0.056427001953125
-0.06658935546875 0.59832763671875 0.24298095703125 -0.0450439453125
-0.274200439453125 0.47906494140625 0.319549560546875 -0.01959228515625
-0.484100341796875 0.3355712890625 0.29730224609375 -0.023406982421875
-0.58837890625 0.32122802734375 0.246124267578125 0.03594970703125
-0.5889892578125 0.276123046875 0.17950439453125 0.027099609375
-0.5938720703125 0.1424560546875 0.0592765808105468 0.00554656982421876
-0.6072998046875 0.298095703125 -0.107749938964844 0.03131103515625
-0.542938232421875 0.348785400390625 -0.2015380859375 0.0194091796875
-0.422760009765625 0.417236328125 -0.219863891601563 -0.0023193359375
-0.125701904296875 0.504119873046875 -0.171371459960937 0.0130920410156251
-0.05810546875 0.559783935546875 -0.176605224609375 0.0418548583984376
0.136932373046875 0.516876220703125 -0.220993041992187 0.0128173828125
0.209564208984375 0.457244873046875 -0.38153076171875 0.000915527343750091
0.179962158203125 0.46807861328125 0.453857421875 0.11090087890625
0.032012939453125 0.424652099609375 0.381011962890625 0.092041015625
-0.130584716796875 0.510986328125 0.2293701171875 0.0509796142578125
-0.292236328125 0.3731689453125 0.29840087890625 0.032989501953125
-0.458740234375 0.23004150390625 0.334136962890625 -0.04473876953125
-0.556060791015625 0.234954833984375 0.3602294921875 -0.05029296875
-0.546234130859375 0.22198486328125 0.356231689453125 -0.096038818359375
-0.545501708984375 0.133148193359375 0.245635986328125 -0.118453979492187
-0.55267333984375 0.29644775390625 0.0501174926757812 -0.12066650390625
-0.47137451171875 0.3616943359375 -0.106391906738281 -0.108856201171875
-0.339447021484375 0.429718017578125 -0.2066650390625 -0.0592498779296874
-0.055419921875 0.49591064453125 -0.178726196289063 0.0460968017578125
0.00775146484375001 0.545318603515625 -0.157211303710938 0.1361083984375
0.18243408203125 0.480682373046875 -0.141403198242187 0.133331298828125
0.221893310546875 0.4281005859375 -0.29656982421875 0.1591796875
0.10369873046875 0.356353759765625 0.48773193359375 0.247802734375
-0.01348876953125 0.308837890625 0.3646240234375 0.212615966796875
-0.13702392578125 0.35003662109375 0.181991577148438 0.122787475585938
-0.2303466796875 0.223403930664063 0.245285034179688 0.0697784423828125
-0.337432861328125 0.11248779296875 0.3453369140625 -0.04510498046875
-0.422607421875 0.13385009765625 0.4462890625 -0.100830078125
-0.412750244140625 0.146636962890625 0.498931884765625 -0.191436767578125
-0.415374755859375 0.100006103515625 0.393890380859375 -0.2255859375
-0.421142578125 0.235076904296875 0.168853759765625 -0.265106201171875
-0.340606689453125 0.286865234375 -0.0410003662109375 -0.231430053710937
-0.22723388671875 0.337860107421875 -0.200714111328125 -0.110275268554687
-0.00918579101562497 0.385589599609375 -0.183273315429687 0.071441650390625
0.035400390625 0.4244384765625 -0.1307373046875 0.206222534179688
0.167236328125 0.36492919921875 -0.058685302734375 0.231246948242188
0.18084716796875 0.334259033203125 -0.211578369140625 0.290435791015625
0.02655029296875 0.198638916015625 0.498626708984375 0.33447265625
-0.01885986328125 0.160980224609375 0.325958251953125 0.281768798828125
-0.08306884765625 0.179977416992188 0.132659912109375 0.15777587890625
-0.111640930175781 0.0988311767578125 0.19073486328125 0.0818939208984375
-0.165420532226563 0.0339202880859375 0.3336181640625 -0.037139892578125
-0.22900390625 0.0570068359375 0.49993896484375 -0.128753662109375
-0.216293334960938 0.0666351318359375 0.58642578125 -0.2552490234375
-0.221298217773438 0.0508270263671875 0.4815673828125 -0.30413818359375
-0.232391357421875 0.123825073242188 0.236541748046875 -0.3714599609375
-0.18109130859375 0.150299072265625 -0.00723266601562504 -0.3212890625
-0.111846923828125 0.17828369140625 -0.200439453125 -0.144149780273438
0.00523376464843751 0.20904541015625 -0.190963745117188 0.0880279541015625
0.024261474609375 0.236770629882813 -0.117172241210938 0.247482299804688
0.09771728515625 0.19720458984375 -0.00393676757812497 0.2994384765625
0.0942535400390625 0.192123413085938 -0.14874267578125 0.38226318359375
0.0162696838378906 0.0407829284667969 0.069976806640625 -0.399810791015625
-0.00445938110351562 -0.0162382125854492 -0.00659179687499997 -0.33917236328125
-0.00933074951171875 -0.00304889678955078 0.103500366210938 -0.225250244140625
-0.00800132751464844 0.000966548919677734 0.188217163085938 -0.090911865234375
-0.0155677795410156 0.00603008270263672 0.165725708007813 0.141830444335938
-0.00579452514648438 0.0038447380065918 0.01361083984375 0.331390380859375
-0.00439643859863281 0.013331413269043 -0.25872802734375 0.405181884765625
0.000622451305389404 0.000199198722839355 -0.46917724609375 0.314544677734375
0.016871452331543 0.0125408172607422 -0.594970703125 0.251953125
-0.00685596466064453 0.0106143951416016 -0.52752685546875 0.146026611328125
-0.0163536071777344 0.00777530670166015 -0.296630859375 0.0660705566406251
-6.58035278320307E-05 -0.0126523971557617 -0.123489379882812 -0.0631103515625
0.00331878662109375 -0.0100183486938477 -0.0970306396484375 -0.187896728515625
0.00774383544921875 -0.0125112533569336 -0.28076171875 -0.28302001953125
0.0116043090820313 6.4849853515625E-05 -0.472381591796875 -0.399627685546875
0.1419677734375 0.21697998046875 0.109283447265625 -0.386566162109375
0.0890045166015625 0.158721923828125 0.051116943359375 -0.342742919921875
0.0413970947265625 0.224868774414063 0.128448486328125 -0.22210693359375
-0.0443572998046875 0.206451416015625 0.22344970703125 -0.0951690673828125
-0.145416259765625 0.176483154296875 0.17950439453125 0.118606567382813
-0.188034057617188 0.167633056640625 0.022125244140625 0.315399169921875
-0.215103149414063 0.14581298828125 -0.227294921875 0.37750244140625
-0.229644775390625 0.0547027587890625 -0.422149658203125 0.29425048828125
-0.223556518554688 0.0894775390625 -0.549560546875 0.25823974609375
-0.223297119140625 0.0681915283203125 -0.492401123046875 0.160552978515625
-0.20001220703125 0.0697021484375 -0.284576416015625 0.0664672851562499
-0.107261657714844 0.0985565185546875 -0.124282836914062 -0.06121826171875
-0.0841293334960937 0.134246826171875 -0.104949951171875 -0.170623779296875
-0.0103912353515625 0.1634521484375 -0.275405883789063 -0.263717651367188
0.0552215576171875 0.173263549804687 -0.478424072265625 -0.373809814453125
0.22955322265625 0.370697021484375 0.1904296875 -0.322509765625
0.14630126953125 0.317413330078125 0.148712158203125 -0.298553466796875
0.05377197265625 0.430084228515625 0.17138671875 -0.1944580078125
-0.1080322265625 0.380828857421875 0.26544189453125 -0.0909881591796875
-0.286041259765625 0.308807373046875 0.205551147460937 0.07647705078125
-0.368499755859375 0.2918701171875 0.0635375976562499 0.250015258789063
-0.401885986328125 0.24249267578125 -0.136260986328125 0.2913818359375
-0.42376708984375 0.099639892578125 -0.30596923828125 0.227203369140625
-0.428314208984375 0.171417236328125 -0.438446044921875 0.22906494140625
-0.408416748046875 0.156097412109375 -0.420013427734375 0.156646728515625
-0.3511962890625 0.17633056640625 -0.265823364257813 0.06219482421875
-0.176132202148438 0.24365234375 -0.1402587890625 -0.0487747192382812
-0.13128662109375 0.301055908203125 -0.137306213378906 -0.131271362304688
0.00720214843750001 0.329925537109375 -0.280685424804688 -0.206588745117187
0.107086181640625 0.3206787109375 -0.47283935546875 -0.28765869140625
0.263671875 0.473419189453125 0.291778564453125 -0.20294189453125
0.14599609375 0.431976318359375 0.259658813476563 -0.199661254882812
0.010498046875 0.5687255859375 0.21710205078125 -0.135482788085937
-0.194488525390625 0.4862060546875 0.303619384765625 -0.0672607421875
-0.412750244140625 0.371337890625 0.248886108398438 0.0213775634765625
-0.515472412109375 0.3470458984375 0.14068603515625 0.14569091796875
-0.53692626953125 0.28839111328125 0.00544738769531245 0.163970947265625
-0.550140380859375 0.12872314453125 -0.135871887207031 0.125411987304687
-0.5628662109375 0.247802734375 -0.2806396484375 0.155502319335938
-0.522918701171875 0.264068603515625 -0.3150634765625 0.11505126953125
-0.43365478515625 0.312408447265625 -0.242904663085938 0.0422515869140626
-0.182403564453125 0.402130126953125 -0.158676147460938 -0.02215576171875
-0.1175537109375 0.461761474609375 -0.168685913085938 -0.0569915771484375
0.064788818359375 0.46112060546875 -0.2686767578125 -0.11004638671875
0.16497802734375 0.42047119140625 -0.441986083984375 -0.15618896484375
0.242095947265625 0.50885009765625 0.38641357421875 -0.048614501953125
0.0975341796875 0.47259521484375 0.345977783203125 -0.057098388671875
-0.0667724609375 0.5968017578125 0.242706298828125 -0.0445404052734375
-0.273834228515625 0.47882080078125 0.319305419921875 -0.01934814453125
-0.484649658203125 0.337646484375 0.296295166015625 -0.0240478515625
-0.58795166015625 0.32037353515625 0.246368408203125 0.036468505859375
-0.58941650390625 0.27734375 0.17938232421875 0.02606201171875
-0.5943603515625 0.1416015625 0.0590476989746093 0.00456237792968751
-0.60467529296875 0.298828125 -0.107048034667969 0.0315170288085938
-0.54229736328125 0.34979248046875 -0.201187133789063 0.018707275390625
-0.4234619140625 0.41754150390625 -0.220199584960938 -0.0023193359375
-0.126739501953125 0.5018310546875 -0.171585083007812 0.0124664306640625
-0.05694580078125 0.558502197265625 -0.176116943359375 0.0406188964843751
0.137664794921875 0.515228271484375 -0.220962524414063 0.0120239257812501
0.209930419921875 0.458160400390625 -0.3814697265625 0.000854492187500007
0.181854248046875 0.4681396484375 0.45318603515625 0.1107177734375
0.029937744140625 0.424285888671875 0.380523681640625 0.09173583984375
-0.129119873046875 0.509613037109375 0.229507446289062 0.05133056640625
-0.29168701171875 0.3724365234375 0.297882080078125 0.033203125
-0.459716796875 0.229339599609375 0.333984375 -0.044952392578125
-0.55694580078125 0.234954833984375 0.360260009765625 -0.049224853515625
-0.545379638671875 0.222320556640625 0.355743408203125 -0.097198486328125
-0.54632568359375 0.131500244140625 0.2447509765625 -0.11865234375
-0.55126953125 0.296722412109375 0.0502090454101562 -0.120796203613281
-0.47235107421875 0.361907958984375 -0.105598449707031 -0.109375
-0.338623046875 0.43048095703125 -0.2069091796875 -0.0592803955078125
-0.0548095703125 0.494384765625 -0.177993774414063 0.0458984375
0.00918579101562502 0.54510498046875 -0.156463623046875 0.13494873046875
0.18194580078125 0.479522705078125 -0.141586303710937 0.132598876953125
0.221832275390625 0.427825927734375 -0.2969970703125 0.159393310546875
0.10467529296875 0.3558349609375 0.4859619140625 0.247039794921875
-0.01416015625 0.308441162109375 0.363739013671875 0.212860107421875
-0.137176513671875 0.3497314453125 0.1820068359375 0.123046875
-0.229660034179688 0.223388671875 0.244888305664063 0.0700531005859375
-0.33782958984375 0.112640380859375 0.34478759765625 -0.0445556640625
-0.4229736328125 0.13494873046875 0.446746826171875 -0.10223388671875
-0.410980224609375 0.1455078125 0.4984130859375 -0.19091796875
-0.41632080078125 0.098724365234375 0.392181396484375 -0.2255859375
-0.41986083984375 0.23480224609375 0.168304443359375 -0.26409912109375
-0.34130859375 0.288604736328125 -0.0406646728515625 -0.231765747070313
-0.2274169921875 0.3389892578125 -0.20074462890625 -0.110610961914062
-0.00875854492187502 0.38494873046875 -0.182571411132813 0.0706634521484375
0.03729248046875 0.42376708984375 -0.1295166015625 0.205093383789063
0.1663818359375 0.36480712890625 -0.059112548828125 0.230209350585938
0.182525634765625 0.3341064453125 -0.2117919921875 0.29071044921875
0.027557373046875 0.198760986328125 0.4974365234375 0.335296630859375
-0.0200042724609375 0.1610107421875 0.326751708984375 0.2811279296875
-0.08245849609375 0.18035888671875 0.132904052734375 0.158187866210938
-0.111648559570313 0.0987167358398437 0.190704345703125 0.0823822021484375
-0.165679931640625 0.03375244140625 0.333587646484375 -0.037109375
-0.228607177734375 0.058013916015625 0.498382568359375 -0.128814697265625
-0.215652465820312 0.0672607421875 0.584228515625 -0.2559814453125
-0.221282958984375 0.04974365234375 0.480712890625 -0.303497314453125
-0.231826782226563 0.123870849609375 0.236297607421875 -0.3709716796875
-0.181304931640625 0.1505126953125 -0.00741577148437499 -0.321990966796875
-0.111602783203125 0.178054809570313 -0.2001953125 -0.144378662109375
0.00570678710937501 0.209121704101563 -0.189987182617188 0.0880889892578126
0.0250701904296875 0.236495971679688 -0.11590576171875 0.246627807617188
0.0974578857421875 0.196685791015625 -0.00473022460937497 0.29803466796875
0.0946502685546875 0.192398071289063 -0.14898681640625 0.382568359375
0.0169219970703125 0.0404205322265625 0.069488525390625 -0.400299072265625
-0.00554847717285156 -0.0159311294555664 -0.00634765624999998 -0.3380126953125
-0.00985050201416016 -0.00325584411621094 0.102890014648438 -0.22564697265625
-0.00821924209594727 0.000648975372314455 0.18804931640625 -0.0910186767578125
-0.0158481597900391 0.00629138946533203 0.16546630859375 0.141677856445313
-0.00508975982666016 0.00391244888305664 0.013824462890625 0.331878662109375
-0.00364303588867188 0.0131196975708008 -0.25787353515625 0.40606689453125
0.000575542449951172 0.000237643718719482 -0.467926025390625 0.31353759765625
0.0168724060058594 0.0125055313110352 -0.59332275390625 0.253173828125
-0.00607776641845703 0.0107927322387695 -0.52703857421875 0.14727783203125
-0.0170412063598633 0.00765419006347656 -0.29718017578125 0.066558837890625
-0.000966072082519532 -0.0126533508300781 -0.124107360839844 -0.0635604858398438
0.00297641754150391 -0.0102462768554688 -0.097869873046875 -0.187484741210938
0.00774097442626953 -0.0123376846313477 -0.281036376953125 -0.2825927734375
0.0116910934448242 0.000720977783203125 -0.47467041015625 -0.400054931640625
0.143142700195312 0.216156005859375 0.108856201171875 -0.387908935546875
0.0887908935546875 0.15850830078125 0.050140380859375 -0.342193603515625
0.0421905517578125 0.224624633789063 0.128036499023438 -0.223312377929688
-0.0442962646484375 0.206085205078125 0.222518920898438 -0.096221923828125
-0.1461181640625 0.176910400390625 0.1790771484375 0.119049072265625
-0.188003540039063 0.167648315429688 0.02294921875 0.316192626953125
-0.21478271484375 0.14605712890625 -0.227020263671875 0.37799072265625
-0.2303466796875 0.055145263671875 -0.421295166015625 0.2938232421875
-0.223007202148438 0.0904388427734375 -0.549346923828125 0.258880615234375
-0.223526000976563 0.069366455078125 -0.493377685546875 0.161346435546875
-0.200592041015625 0.07080078125 -0.284210205078125 0.067230224609375
-0.107620239257812 0.0985336303710938 -0.124664306640625 -0.0614471435546875
-0.0843353271484375 0.134132385253906 -0.10565185546875 -0.171249389648438
-0.0104217529296875 0.162979125976563 -0.275985717773437 -0.263214111328125
0.05535888671875 0.173370361328125 -0.4791259765625 -0.373382568359375
0.231719970703125 0.36968994140625 0.190032958984375 -0.324371337890625
0.14569091796875 0.317169189453125 0.148193359375 -0.29931640625
0.05413818359375 0.43084716796875 0.172348022460938 -0.194992065429687
-0.1083984375 0.381195068359375 0.26495361328125 -0.0907440185546875
-0.287200927734375 0.309356689453125 0.205352783203125 0.076263427734375
-0.36834716796875 0.2930908203125 0.0648651123046875 0.250885009765625
-0.40240478515625 0.244293212890625 -0.13616943359375 0.2913818359375
-0.424072265625 0.100128173828125 -0.30535888671875 0.226043701171875
-0.42645263671875 0.1715087890625 -0.437255859375 0.2296142578125
-0.409393310546875 0.156829833984375 -0.42041015625 0.157867431640625
-0.352447509765625 0.1783447265625 -0.266372680664063 0.062255859375
-0.176422119140625 0.243408203125 -0.140518188476563 -0.0494537353515625
-0.13116455078125 0.301055908203125 -0.137351989746094 -0.131706237792969
0.00726318359374997 0.328948974609375 -0.28118896484375 -0.2060546875
0.107635498046875 0.321014404296875 -0.472747802734375 -0.287567138671875
0.265533447265625 0.4727783203125 0.28985595703125 -0.20404052734375
0.146636962890625 0.430938720703125 0.259552001953125 -0.200119018554687
0.01202392578125 0.56927490234375 0.21746826171875 -0.135757446289063
-0.194091796875 0.484710693359375 0.303466796875 -0.06719970703125
-0.41357421875 0.3721923828125 0.24786376953125 0.0213470458984375
-0.51654052734375 0.347442626953125 0.141830444335937 0.146926879882813
-0.53558349609375 0.28900146484375 0.00547790527343748 0.163131713867188
-0.55194091796875 0.129852294921875 -0.135765075683594 0.124679565429688
-0.561187744140625 0.25018310546875 -0.280242919921875 0.155532836914063
-0.524627685546875 0.26629638671875 -0.31451416015625 0.114898681640625
-0.434112548828125 0.314208984375 -0.24322509765625 0.0420684814453125
-0.18243408203125 0.4010009765625 -0.15814208984375 -0.0233154296875
-0.116546630859375 0.462310791015625 -0.168014526367187 -0.057525634765625
0.065704345703125 0.459625244140625 -0.269195556640625 -0.110122680664063
0.16680908203125 0.42010498046875 -0.44268798828125 -0.156036376953125
0.244476318359375 0.508697509765625 0.385833740234375 -0.051025390625
0.0965576171875 0.471038818359375 0.347412109375 -0.058349609375
-0.0650024414062499 0.59771728515625 0.243759155273438 -0.044586181640625
-0.273468017578125 0.478118896484375 0.31976318359375 -0.02008056640625
-0.48516845703125 0.338043212890625 0.2967529296875 -0.024017333984375
-0.5892333984375 0.322509765625 0.247650146484375 0.0365447998046875
-0.5892333984375 0.2764892578125 0.179931640625 0.0254974365234375
-0.5953369140625 0.14190673828125 0.0588188171386718 0.00373840332031251
-0.60394287109375 0.30047607421875 -0.106178283691406 0.0310211181640625
-0.544219970703125 0.35113525390625 -0.200576782226563 0.0182342529296875
-0.423736572265625 0.41790771484375 -0.22125244140625 -0.0030670166015625
-0.12603759765625 0.502166748046875 -0.17156982421875 0.0124053955078125
-0.0558471679687501 0.55792236328125 -0.175430297851562 0.0401153564453125
0.1373291015625 0.515289306640625 -0.221511840820313 0.0109863281250001
0.212188720703125 0.457977294921875 -0.38214111328125 0.00125122070312495
0.182830810546875 0.4676513671875 0.454132080078125 0.10992431640625
0.031707763671875 0.423675537109375 0.38067626953125 0.091339111328125
-0.129241943359375 0.51019287109375 0.230880737304688 0.052001953125
-0.292938232421875 0.3717041015625 0.298095703125 0.03240966796875
-0.46075439453125 0.23016357421875 0.334075927734375 -0.045013427734375
-0.55731201171875 0.236846923828125 0.36126708984375 -0.047637939453125
-0.545013427734375 0.223114013671875 0.354766845703125 -0.098175048828125
-0.54620361328125 0.1328125 0.244705200195312 -0.119094848632812
-0.551910400390625 0.29913330078125 0.0502395629882812 -0.12066650390625
-0.4716796875 0.364013671875 -0.105934143066406 -0.10955810546875
-0.339630126953125 0.431671142578125 -0.207244873046875 -0.0595703125
-0.054656982421875 0.49505615234375 -0.178359985351563 0.0459442138671875
0.00924682617187501 0.545745849609375 -0.156112670898438 0.133941650390625
0.182647705078125 0.47833251953125 -0.1416015625 0.131805419921875
0.2222900390625 0.429443359375 -0.297943115234375 0.16015625
0.107025146484375 0.356964111328125 0.4862060546875 0.2470703125
-0.014312744140625 0.309478759765625 0.3631591796875 0.212921142578125
-0.13623046875 0.349578857421875 0.183197021484375 0.123458862304688
-0.23004150390625 0.223495483398437 0.245132446289062 0.06976318359375
-0.338836669921875 0.112030029296875 0.344940185546875 -0.045135498046875
-0.423095703125 0.136383056640625 0.447845458984375 -0.10186767578125
-0.40997314453125 0.14666748046875 0.497650146484375 -0.1923828125
-0.417327880859375 0.097900390625 0.392181396484375 -0.225982666015625
-0.419036865234375 0.236846923828125 0.168991088867187 -0.264724731445313
-0.341400146484375 0.29052734375 -0.0414276123046875 -0.232833862304687
-0.22735595703125 0.338348388671875 -0.201141357421875 -0.111419677734375
-0.00784301757812499 0.3843994140625 -0.182449340820313 0.07080078125
0.038909912109375 0.424102783203125 -0.1290283203125 0.2044677734375
0.1673583984375 0.364044189453125 -0.0598602294921875 0.23016357421875
0.1826171875 0.334228515625 -0.211822509765625 0.290618896484375
0.028411865234375 0.199478149414062 0.4984130859375 0.33575439453125
-0.0201263427734375 0.161376953125 0.326873779296875 0.281494140625
-0.0816192626953125 0.17987060546875 0.13360595703125 0.158554077148438
-0.111061096191406 0.098602294921875 0.19110107421875 0.082489013671875
-0.166671752929688 0.0339202880859375 0.333038330078125 -0.0369873046875
-0.228347778320313 0.0592498779296875 0.498748779296875 -0.128082275390625
-0.215591430664063 0.0674896240234375 0.583984375 -0.2548828125
-0.222335815429687 0.0497283935546875 0.480438232421875 -0.302886962890625
-0.231704711914063 0.123428344726563 0.235260009765625 -0.37078857421875
-0.181350708007813 0.15155029296875 -0.00799560546875001 -0.322967529296875
-0.111923217773437 0.17828369140625 -0.201339721679688 -0.145233154296875
0.00650024414062498 0.208267211914063 -0.18939208984375 0.087677001953125
0.0259246826171875 0.237106323242187 -0.115341186523437 0.245452880859375
0.0985260009765625 0.196075439453125 -0.00479125976562502 0.297515869140625
0.0948333740234375 0.192642211914063 -0.149993896484375 0.3834228515625
0.0177268981933594 0.04022216796875 0.070404052734375 -0.4014892578125
-0.00522422790527344 -0.0157899856567383 -0.00558471679687501 -0.33807373046875
-0.009674072265625 -0.00380706787109375 0.1024169921875 -0.226654052734375
-0.00851202011108398 -0.000280857086181639 0.186996459960938 -0.091766357421875
-0.01580810546875 0.00553226470947265 0.16644287109375 0.142074584960938
-0.00491714477539062 0.00428247451782227 0.014495849609375 0.332733154296875
-0.00363826751708984 0.0136680603027344 -0.257568359375 0.406494140625
0.000915646553039551 0.000268995761871338 -0.467132568359375 0.314544677734375
0.0178165435791016 0.0125503540039063 -0.59344482421875 0.25384521484375
-0.00602340698242188 0.0109319686889648 -0.528533935546875 0.148529052734375
-0.0170383453369141 0.00867462158203125 -0.297576904296875 0.067352294921875
-0.00169086456298828 -0.0128850936889648 -0.124618530273437 -0.0646743774414063
0.00235939025878906 -0.0102262496948242 -0.0987548828125 -0.188003540039063
0.00761795043945313 -0.0121955871582031 -0.281646728515625 -0.28253173828125
0.0125904083251953 0.00103855133056641 -0.475250244140625 -0.4005126953125
0.1451416015625 0.216766357421875 0.10882568359375 -0.387542724609375
0.0887908935546875 0.15911865234375 0.050445556640625 -0.343475341796875
0.0428314208984375 0.225067138671875 0.128402709960938 -0.223724365234375
-0.0442657470703125 0.205810546875 0.221969604492188 -0.0970458984375
-0.146209716796875 0.177291870117188 0.179458618164063 0.118911743164063
-0.187896728515625 0.168777465820312 0.024200439453125 0.317413330078125
-0.215179443359375 0.146881103515625 -0.22674560546875 0.378875732421875
-0.230270385742187 0.05548095703125 -0.421417236328125 0.29351806640625
-0.222213745117188 0.090850830078125 -0.54852294921875 0.259918212890625
-0.22344970703125 0.069549560546875 -0.492462158203125 0.162811279296875
-0.200836181640625 0.07177734375 -0.285247802734375 0.0674438476562499
-0.108436584472656 0.0982513427734375 -0.126052856445313 -0.0623626708984375
-0.0848846435546875 0.133651733398438 -0.105865478515625 -0.171966552734375
-0.0100250244140625 0.1632080078125 -0.276153564453125 -0.263092041015625
0.056976318359375 0.17413330078125 -0.481475830078125 -0.37457275390625
0.234100341796875 0.370941162109375 0.19073486328125 -0.325286865234375
0.14581298828125 0.317169189453125 0.148406982421875 -0.300262451171875
0.055145263671875 0.4317626953125 0.172271728515625 -0.195816040039062
-0.10858154296875 0.382049560546875 0.265731811523438 -0.092132568359375
-0.287994384765625 0.311309814453125 0.205474853515625 0.075836181640625
-0.369232177734375 0.294158935546875 0.0653839111328124 0.251861572265625
-0.402923583984375 0.244903564453125 -0.13623046875 0.291412353515625
-0.426788330078125 0.100067138671875 -0.30450439453125 0.226165771484375
-0.42767333984375 0.173004150390625 -0.43682861328125 0.230499267578125
-0.409210205078125 0.1585693359375 -0.4197998046875 0.1585693359375
-0.35260009765625 0.179351806640625 -0.267181396484375 0.06317138671875
-0.177230834960937 0.243392944335938 -0.141326904296875 -0.050140380859375
-0.131072998046875 0.30078125 -0.137603759765625 -0.132354736328125
0.00747680664062499 0.329742431640625 -0.2813720703125 -0.20721435546875
0.10919189453125 0.322601318359375 -0.47540283203125 -0.28802490234375
0.26751708984375 0.47235107421875 0.292755126953125 -0.206451416015625
0.14581298828125 0.432281494140625 0.259689331054688 -0.202178955078125
0.0149536132812499 0.569580078125 0.218002319335937 -0.135910034179687
-0.19476318359375 0.487579345703125 0.304229736328125 -0.068084716796875
-0.41595458984375 0.3736572265625 0.24822998046875 0.02093505859375
-0.5164794921875 0.350128173828125 0.143264770507812 0.1478271484375
-0.536895751953125 0.29095458984375 0.00631713867187495 0.163040161132813
-0.554168701171875 0.1304931640625 -0.136024475097656 0.124488830566406
-0.560516357421875 0.25091552734375 -0.279266357421875 0.155746459960938
-0.5252685546875 0.268218994140625 -0.315093994140625 0.115814208984375
-0.434356689453125 0.317291259765625 -0.244583129882813 0.0421295166015625
-0.182098388671875 0.402496337890625 -0.159652709960937 -0.0229949951171875
-0.115753173828125 0.461517333984375 -0.168167114257813 -0.0584411621093749
0.0665283203125 0.4593505859375 -0.270401000976562 -0.110382080078125
0.16802978515625 0.422576904296875 -0.444488525390625 -0.155975341796875
0.24652099609375 0.509368896484375 0.388153076171875 -0.052001953125
0.097015380859375 0.472503662109375 0.347198486328125 -0.0594482421875
-0.0650024414062501 0.59735107421875 0.244720458984375 -0.044830322265625
-0.273651123046875 0.4798583984375 0.32000732421875 -0.021148681640625
-0.487884521484375 0.33831787109375 0.296905517578125 -0.024871826171875
-0.5906982421875 0.3250732421875 0.248779296875 0.0382232666015625
-0.58917236328125 0.27886962890625 0.179931640625 0.0243072509765625
-0.597412109375 0.142333984375 0.0584793090820312 0.00307846069335938
-0.603271484375 0.3013916015625 -0.106002807617188 0.0312271118164063
-0.5447998046875 0.35382080078125 -0.201309204101563 0.01873779296875
-0.423370361328125 0.4202880859375 -0.222274780273438 -0.00289916992187493
-0.126373291015625 0.502105712890625 -0.172164916992187 0.011962890625
-0.0538330078125 0.559112548828125 -0.174896240234375 0.03900146484375
0.139251708984375 0.51397705078125 -0.222244262695313 0.01104736328125
0.21319580078125 0.460235595703125 -0.384002685546875 0.00189208984375011
0.185333251953125 0.469024658203125 0.454742431640625 0.108123779296875
0.02978515625 0.42596435546875 0.38128662109375 0.08990478515625
-0.127899169921875 0.51165771484375 0.231704711914062 0.052032470703125
-0.29266357421875 0.372222900390625 0.298583984375 0.0323486328125
-0.46209716796875 0.230865478515625 0.334136962890625 -0.045989990234375
-0.558624267578125 0.238006591796875 0.361358642578125 -0.04736328125
-0.54571533203125 0.2249755859375 0.355926513671875 -0.099517822265625
-0.54925537109375 0.132354736328125 0.244613647460937 -0.120346069335937
-0.551361083984375 0.300506591796875 0.0507583618164062 -0.121299743652344
-0.473388671875 0.366668701171875 -0.105865478515625 -0.110618591308594
-0.3416748046875 0.43328857421875 -0.20819091796875 -0.060272216796875
-0.053680419921875 0.495391845703125 -0.178482055664063 0.0457611083984376
0.01226806640625 0.546722412109375 -0.155441284179688 0.133392333984375
0.18402099609375 0.477996826171875 -0.142745971679687 0.131027221679688
0.22430419921875 0.429473876953125 -0.298858642578125 0.16143798828125
0.107666015625 0.357666015625 0.487945556640625 0.245697021484375
-0.014678955078125 0.31005859375 0.36474609375 0.21185302734375
-0.134765625 0.3502197265625 0.1842041015625 0.1236572265625
-0.230560302734375 0.223159790039062 0.245712280273437 0.0703277587890625
-0.33984375 0.11358642578125 0.3448486328125 -0.045135498046875
-0.424224853515625 0.137115478515625 0.448760986328125 -0.100128173828125
-0.410552978515625 0.14691162109375 0.498565673828125 -0.192718505859375
-0.417388916015625 0.099334716796875 0.391448974609375 -0.227386474609375
-0.419677734375 0.23828125 0.168304443359375 -0.265869140625
-0.341522216796875 0.291717529296875 -0.0414276123046875 -0.233688354492187
-0.227020263671875 0.34100341796875 -0.2025146484375 -0.112213134765625
-0.00643920898437498 0.384307861328125 -0.182159423828125 0.07080078125
0.039947509765625 0.42413330078125 -0.128265380859375 0.2042236328125
0.169097900390625 0.365081787109375 -0.0595245361328125 0.22900390625
0.1822509765625 0.33599853515625 -0.212371826171875 0.2926025390625
0.02960205078125 0.199722290039063 0.497894287109375 0.33447265625
-0.0201873779296875 0.162338256835938 0.326690673828125 0.28173828125
-0.0804290771484375 0.180877685546875 0.134613037109375 0.159255981445313
-0.111167907714844 0.099090576171875 0.1920166015625 0.0825347900390625
-0.167221069335938 0.034088134765625 0.334503173828125 -0.037628173828125
-0.229049682617187 0.0603179931640625 0.50030517578125 -0.128753662109375
-0.215194702148438 0.06744384765625 0.583740234375 -0.2574462890625
-0.222335815429688 0.04937744140625 0.48028564453125 -0.3040771484375
-0.231613159179688 0.124420166015625 0.235595703125 -0.371856689453125
-0.181015014648438 0.153045654296875 -0.0081787109375 -0.324005126953125
-0.11175537109375 0.178848266601563 -0.201736450195313 -0.145843505859375
0.00708007812499998 0.208938598632813 -0.18902587890625 0.088287353515625
0.0269317626953125 0.237564086914063 -0.11474609375 0.245468139648438
0.098846435546875 0.195755004882813 -0.00473022460937498 0.2969970703125
0.0951995849609375 0.19329833984375 -0.15069580078125 0.385711669921875
0.018096923828125 0.0400505065917969 0.070556640625 -0.4017333984375
-0.00603771209716797 -0.0151910781860352 -0.006195068359375 -0.33917236328125
-0.00981330871582031 -0.00382137298583984 0.101974487304687 -0.228317260742187
-0.00882339477539063 -0.000704765319824219 0.18670654296875 -0.0919342041015625
-0.0155773162841797 0.00480842590332031 0.166229248046875 0.142547607421875
-0.00426626205444336 0.00363683700561523 0.01531982421875 0.3345947265625
-0.00328350067138672 0.0136003494262695 -0.25714111328125 0.40728759765625
0.00105595588684082 0.00057828426361084 -0.468292236328125 0.314788818359375
0.0180721282958984 0.0127487182617187 -0.5950927734375 0.25531005859375
-0.00591754913330078 0.0107536315917969 -0.527130126953125 0.151275634765625
-0.0169010162353516 0.00976943969726562 -0.2982177734375 0.0682067871093751
-0.00163459777832031 -0.013127326965332 -0.126075744628906 -0.06512451171875
0.002044677734375 -0.0104598999023438 -0.0996551513671875 -0.188796997070313
0.0077056884765625 -0.0118503570556641 -0.283355712890625 -0.28204345703125
0.013392448425293 0.00104618072509766 -0.477996826171875 -0.403289794921875
0.14666748046875 0.216201782226562 0.109466552734375 -0.391082763671875
0.0889129638671875 0.159286499023438 0.050140380859375 -0.345611572265625
0.04364013671875 0.225296020507813 0.128158569335938 -0.225387573242188
-0.044403076171875 0.2064208984375 0.222381591796875 -0.097747802734375
-0.146896362304688 0.17779541015625 0.180084228515625 0.119384765625
-0.188217163085937 0.169387817382813 0.025848388671875 0.31890869140625
-0.215774536132812 0.147796630859375 -0.225555419921875 0.379364013671875
-0.231277465820313 0.056182861328125 -0.42254638671875 0.29443359375
-0.222763061523438 0.091796875 -0.5498046875 0.26202392578125
-0.223800659179687 0.0711517333984375 -0.493438720703125 0.16571044921875
-0.20147705078125 0.0731353759765625 -0.286224365234375 0.06842041015625
-0.108993530273438 0.0982284545898438 -0.127479553222656 -0.0628738403320313
-0.0849838256835938 0.133865356445313 -0.106613159179688 -0.172760009765625
-0.0100860595703125 0.163360595703125 -0.279022216796875 -0.26446533203125
0.0581512451171875 0.174774169921875 -0.48480224609375 -0.374969482421875
0.23638916015625 0.37066650390625 0.1915283203125 -0.32763671875
0.146148681640625 0.31903076171875 0.14837646484375 -0.302398681640625
0.057830810546875 0.431884765625 0.1728515625 -0.197235107421875
-0.1072998046875 0.382781982421875 0.2655029296875 -0.0934600830078125
-0.2886962890625 0.31317138671875 0.206512451171875 0.075714111328125
-0.3697509765625 0.29632568359375 0.0673675537109375 0.25335693359375
-0.403167724609375 0.246673583984375 -0.135284423828125 0.292144775390625
-0.4281005859375 0.10186767578125 -0.305877685546875 0.22607421875
-0.4276123046875 0.17535400390625 -0.43817138671875 0.232635498046875
-0.410614013671875 0.16131591796875 -0.421142578125 0.160858154296875
-0.354766845703125 0.18023681640625 -0.2686767578125 0.06365966796875
-0.17840576171875 0.243545532226563 -0.1424560546875 -0.0505523681640625
-0.1307373046875 0.30206298828125 -0.13836669921875 -0.133499145507813
0.00872802734374998 0.33026123046875 -0.28411865234375 -0.206085205078125
0.11090087890625 0.32373046875 -0.478607177734375 -0.287017822265625
0.271484375 0.474212646484375 0.29193115234375 -0.20770263671875
0.14617919921875 0.433868408203125 0.260360717773438 -0.203933715820312
0.0169677734375 0.57135009765625 0.219406127929688 -0.136856079101562
-0.194091796875 0.48724365234375 0.304779052734375 -0.0692138671875
-0.417449951171875 0.375335693359375 0.249099731445313 0.0198974609375
-0.5198974609375 0.352325439453125 0.144943237304687 0.14886474609375
-0.53802490234375 0.294036865234375 0.00715637207031248 0.162612915039063
-0.556488037109375 0.132965087890625 -0.136253356933594 0.124114990234375
-0.561248779296875 0.25408935546875 -0.280181884765625 0.157135009765625
-0.52691650390625 0.271575927734375 -0.315765380859375 0.1171875
-0.4365234375 0.318603515625 -0.245513916015625 0.0431365966796875
-0.183441162109375 0.403594970703125 -0.160873413085938 -0.0238189697265624
-0.11474609375 0.46356201171875 -0.169097900390625 -0.059478759765625
0.0673828125 0.45941162109375 -0.271743774414062 -0.1104736328125
0.169036865234375 0.42401123046875 -0.447479248046875 -0.15582275390625
0.24871826171875 0.509307861328125 0.38934326171875 -0.053375244140625
0.0966491699218751 0.473602294921875 0.348114013671875 -0.060791015625
-0.062744140625 0.59967041015625 0.245956420898438 -0.04522705078125
-0.273590087890625 0.481689453125 0.3211669921875 -0.022125244140625
-0.490142822265625 0.340423583984375 0.297515869140625 -0.025390625
-0.59356689453125 0.32720947265625 0.250885009765625 0.0384979248046875
-0.5911865234375 0.28167724609375 0.181259155273437 0.0231170654296875
-0.60076904296875 0.1439208984375 0.0584945678710937 0.00202560424804688
-0.6048583984375 0.30517578125 -0.106132507324219 0.031585693359375
-0.545379638671875 0.3564453125 -0.201248168945313 0.0193939208984375
-0.426025390625 0.42449951171875 -0.223358154296875 -0.00245666503906247
-0.125274658203125 0.503692626953125 -0.173248291015625 0.0112457275390625
-0.0531005859375 0.560943603515625 -0.174880981445313 0.0380706787109375
0.14129638671875 0.51513671875 -0.223526000976563 0.0103302001953126
0.215484619140625 0.461578369140625 -0.385711669921875 0.00271606445312506
0.18829345703125 0.469482421875 0.4578857421875 0.10858154296875
0.030059814453125 0.42608642578125 0.382598876953125 0.08941650390625
-0.126251220703125 0.512847900390625 0.2333984375 0.0523223876953125
-0.29229736328125 0.37384033203125 0.300140380859375 0.032379150390625
-0.464813232421875 0.232177734375 0.33502197265625 -0.046661376953125
-0.55987548828125 0.241180419921875 0.36328125 -0.047760009765625
-0.546142578125 0.226104736328125 0.357147216796875 -0.1014404296875
-0.551361083984375 0.13458251953125 0.244827270507812 -0.122024536132812
-0.552886962890625 0.304656982421875 0.0509796142578125 -0.1220703125
-0.473846435546875 0.3701171875 -0.106277465820313 -0.110954284667969
-0.342559814453125 0.4364013671875 -0.208938598632813 -0.0605926513671875
-0.054168701171875 0.496246337890625 -0.179092407226563 0.0454711914062501
0.013580322265625 0.548309326171875 -0.155059814453125 0.132980346679688
0.185943603515625 0.47857666015625 -0.14349365234375 0.130767822265625
0.227142333984375 0.431427001953125 -0.3004150390625 0.162017822265625
0.109771728515625 0.358367919921875 0.489959716796875 0.246673583984375
-0.01519775390625 0.310882568359375 0.36614990234375 0.210968017578125
-0.1336669921875 0.352020263671875 0.185317993164063 0.124343872070313
-0.230667114257813 0.224777221679687 0.246810913085937 0.070556640625
-0.34234619140625 0.11456298828125 0.346466064453125 -0.04656982421875
-0.426361083984375 0.139862060546875 0.451171875 -0.1021728515625
-0.41290283203125 0.14849853515625 0.4986572265625 -0.1964111328125
-0.41998291015625 0.10009765625 0.392486572265625 -0.228240966796875
-0.419525146484375 0.23974609375 0.168304443359375 -0.267333984375
-0.343292236328125 0.29425048828125 -0.041717529296875 -0.234603881835938
-0.228546142578125 0.342254638671875 -0.203826904296875 -0.1126708984375
-0.006591796875 0.384918212890625 -0.181961059570313 0.07110595703125
0.04229736328125 0.42724609375 -0.127670288085937 0.204193115234375
0.17022705078125 0.363922119140625 -0.0600738525390625 0.229049682617188
0.18463134765625 0.336334228515625 -0.21282958984375 0.294464111328125
0.0318145751953125 0.200225830078125 0.50189208984375 0.3355712890625
-0.0206756591796875 0.163314819335938 0.328369140625 0.2818603515625
-0.0796661376953125 0.181488037109375 0.136184692382812 0.159942626953125
-0.111045837402344 0.0996017456054687 0.19293212890625 0.082916259765625
-0.168792724609375 0.03472900390625 0.3349609375 -0.0380859375
-0.2301025390625 0.0610809326171875 0.501251220703125 -0.1302490234375
-0.215621948242188 0.068572998046875 0.58416748046875 -0.2586669921875
-0.223312377929688 0.04931640625 0.480255126953125 -0.30535888671875
-0.231735229492188 0.126129150390625 0.234710693359375 -0.373992919921875
-0.181732177734375 0.15423583984375 -0.00885009765625002 -0.32611083984375
-0.112197875976563 0.179473876953125 -0.203414916992187 -0.146392822265625
0.00747680664062501 0.209259033203125 -0.188812255859375 0.0887451171875
0.028594970703125 0.23876953125 -0.1136474609375 0.246673583984375
0.0995025634765625 0.195877075195313 -0.00463867187499997 0.2979736328125
0.0958709716796875 0.193679809570313 -0.150848388671875 0.388580322265625
0.0194931030273437 0.0396041870117188 0.071380615234375 -0.404937744140625
-0.00613784790039062 -0.0152692794799805 -0.00668334960937501 -0.34014892578125
-0.0101156234741211 -0.00394725799560547 0.101119995117188 -0.22998046875
-0.00895023345947266 -0.00119590759277344 0.186264038085938 -0.093597412109375
-0.0160760879516602 0.00504398345947265 0.16778564453125 0.142990112304688
-0.0039360523223877 0.0033421516418457 0.0166015625 0.336456298828125
-0.0029296875 0.0138988494873047 -0.256439208984375 0.4110107421875
0.00134241580963135 0.000565528869628906 -0.468719482421875 0.317474365234375
0.0185356140136719 0.0129013061523438 -0.59674072265625 0.2586669921875
-0.00573921203613281 0.0107765197753906 -0.529052734375 0.154632568359375
-0.0172529220581055 0.0101547241210937 -0.29986572265625 0.069915771484375
-0.00265407562255859 -0.0127086639404297 -0.127128601074219 -0.0654449462890625
0.00202465057373047 -0.0109539031982422 -0.101104736328125 -0.189437866210938
0.00736904144287109 -0.0118837356567383 -0.28564453125 -0.281890869140625
0.0131387710571289 0.00114727020263672 -0.483612060546875 -0.40313720703125
0.1494140625 0.216171264648438 0.110382080078125 -0.39276123046875
0.089324951171875 0.16033935546875 0.050048828125 -0.346527099609375
0.045013427734375 0.226226806640625 0.127838134765625 -0.227264404296875
-0.0443267822265625 0.207168579101563 0.22235107421875 -0.099609375
-0.147659301757813 0.179763793945312 0.181167602539063 0.119522094726563
-0.188385009765625 0.171279907226563 0.02740478515625 0.320953369140625
-0.21600341796875 0.14971923828125 -0.224334716796875 0.3819580078125
-0.232833862304687 0.056884765625 -0.4229736328125 0.2952880859375
-0.222488403320312 0.0939178466796875 -0.55029296875 0.264617919921875
-0.223907470703125 0.0724945068359375 -0.4952392578125 0.167999267578125
-0.202255249023438 0.0753326416015625 -0.287750244140625 0.0703125
-0.109756469726562 0.098846435546875 -0.128692626953125 -0.063232421875
-0.0850448608398437 0.134529113769531 -0.107757568359375 -0.173065185546875
-0.00941467285156251 0.164337158203125 -0.28057861328125 -0.263961791992188
0.0587615966796875 0.175338745117188 -0.487640380859375 -0.375152587890625
0.240234375 0.37158203125 0.192291259765625 -0.33062744140625
0.14715576171875 0.320098876953125 0.14849853515625 -0.304962158203125
0.058990478515625 0.434234619140625 0.173233032226563 -0.199371337890625
-0.106597900390625 0.385040283203125 0.266021728515625 -0.0949249267578125
-0.289947509765625 0.315673828125 0.207107543945312 0.0754241943359375
-0.369781494140625 0.298370361328125 0.0694122314453125 0.254989624023438
-0.4046630859375 0.250640869140625 -0.134429931640625 0.29315185546875
-0.43048095703125 0.102996826171875 -0.306884765625 0.228515625
-0.427764892578125 0.17852783203125 -0.43890380859375 0.23333740234375
-0.4117431640625 0.163787841796875 -0.422119140625 0.162811279296875
-0.355560302734375 0.1844482421875 -0.270004272460938 0.0648956298828125
-0.178558349609375 0.2445068359375 -0.14447021484375 -0.0508575439453125
-0.13018798828125 0.3026123046875 -0.139503479003906 -0.133964538574219
0.00955200195312497 0.330596923828125 -0.285797119140625 -0.207763671875
0.1129150390625 0.3260498046875 -0.48095703125 -0.28704833984375
0.274810791015625 0.474151611328125 0.29443359375 -0.20989990234375
0.148284912109375 0.435150146484375 0.261123657226563 -0.206695556640625
0.01849365234375 0.57342529296875 0.22015380859375 -0.138031005859375
-0.194732666015625 0.491424560546875 0.305877685546875 -0.07061767578125
-0.4197998046875 0.379486083984375 0.249908447265625 0.019287109375
-0.52081298828125 0.356201171875 0.146713256835937 0.150039672851563
-0.539764404296875 0.29547119140625 0.00755310058593747 0.16339111328125
-0.55950927734375 0.1346435546875 -0.136184692382813 0.124122619628906
-0.5635986328125 0.25640869140625 -0.279983520507813 0.158432006835938
-0.526885986328125 0.27490234375 -0.316497802734375 0.118499755859375
-0.437713623046875 0.322906494140625 -0.24713134765625 0.04388427734375
-0.18231201171875 0.4044189453125 -0.161880493164063 -0.0241546630859374
-0.11407470703125 0.46600341796875 -0.16943359375 -0.0598602294921874
0.0692138671875 0.46136474609375 -0.274002075195313 -0.110687255859375
0.1737060546875 0.42657470703125 -0.45098876953125 -0.155548095703125
0.254058837890625 0.5118408203125 0.39080810546875 -0.0555419921875
0.098114013671875 0.47589111328125 0.348968505859375 -0.06329345703125
-0.06109619140625 0.60272216796875 0.248336791992187 -0.0461578369140625
-0.274444580078125 0.48358154296875 0.3226318359375 -0.02374267578125
-0.492706298828125 0.34521484375 0.2984619140625 -0.02691650390625
-0.5955810546875 0.33123779296875 0.253021240234375 0.0387725830078125
-0.5927734375 0.28424072265625 0.182403564453125 0.02239990234375
-0.60260009765625 0.14691162109375 0.0588455200195312 0.00133132934570313
-0.6048583984375 0.30950927734375 -0.10595703125 0.0320587158203125
-0.547271728515625 0.361114501953125 -0.201904296875 0.0196990966796875
-0.42620849609375 0.42919921875 -0.225204467773438 -0.00215148925781247
-0.125762939453125 0.5064697265625 -0.174591064453125 0.0116119384765625
-0.05010986328125 0.56488037109375 -0.175430297851563 0.03802490234375
0.1439208984375 0.5162353515625 -0.225067138671875 0.0108337402343751
0.21923828125 0.46337890625 -0.388824462890625 0.00396728515625007
0.191070556640625 0.470184326171875 0.459075927734375 0.106109619140625
0.031585693359375 0.42926025390625 0.385406494140625 0.089019775390625
-0.125640869140625 0.516632080078125 0.235702514648438 0.0522003173828125
-0.29400634765625 0.3759765625 0.3016357421875 0.031219482421875
-0.4671630859375 0.23565673828125 0.336181640625 -0.0478515625
-0.56329345703125 0.24566650390625 0.365875244140625 -0.04833984375
-0.548797607421875 0.230133056640625 0.35858154296875 -0.1025390625
-0.553558349609375 0.135833740234375 0.244781494140625 -0.123184204101562
-0.553192138671875 0.307708740234375 0.0506515502929687 -0.123016357421875
-0.475433349609375 0.37530517578125 -0.106910705566406 -0.112007141113281
-0.34246826171875 0.440155029296875 -0.211563110351563 -0.0603790283203125
-0.051483154296875 0.498931884765625 -0.1796875 0.0458221435546875
0.017486572265625 0.55126953125 -0.15472412109375 0.133148193359375
0.1893310546875 0.47930908203125 -0.143936157226563 0.131515502929688
0.229339599609375 0.432952880859375 -0.3021240234375 0.1646728515625
0.11285400390625 0.359710693359375 0.492584228515625 0.2462158203125
-0.0147705078125 0.31243896484375 0.369171142578125 0.211090087890625
-0.132415771484375 0.35369873046875 0.187698364257813 0.123809814453125
-0.23089599609375 0.226089477539063 0.2490234375 0.0693359375
-0.3443603515625 0.11639404296875 0.3486328125 -0.049072265625
-0.42742919921875 0.14178466796875 0.452728271484375 -0.102691650390625
-0.413330078125 0.15045166015625 0.49981689453125 -0.198089599609375
-0.422698974609375 0.101409912109375 0.392303466796875 -0.230072021484375
-0.42169189453125 0.24267578125 0.168655395507812 -0.268905639648438
-0.343902587890625 0.2982177734375 -0.0430145263671875 -0.23638916015625
-0.227691650390625 0.34564208984375 -0.205810546875 -0.11297607421875
-0.00479125976562502 0.387298583984375 -0.182601928710938 0.0718841552734375
0.04449462890625 0.428924560546875 -0.126968383789063 0.204391479492188
0.173065185546875 0.363983154296875 -0.05999755859375 0.229598999023438
0.187225341796875 0.337646484375 -0.214508056640625 0.297576904296875
0.032989501953125 0.201736450195313 0.504180908203125 0.3345947265625
-0.020904541015625 0.164337158203125 0.33148193359375 0.28289794921875
-0.07879638671875 0.182510375976563 0.137969970703125 0.159469604492188
-0.111244201660156 0.100044250488281 0.19390869140625 0.0826263427734375
-0.170364379882813 0.0362701416015625 0.3363037109375 -0.04034423828125
-0.230194091796875 0.0626068115234375 0.5032958984375 -0.13177490234375
-0.215988159179687 0.0694580078125 0.58697509765625 -0.26080322265625
-0.224899291992187 0.050262451171875 0.48028564453125 -0.30743408203125
-0.231887817382812 0.127487182617188 0.23486328125 -0.37677001953125
-0.181655883789063 0.157012939453125 -0.01068115234375 -0.328643798828125
-0.112167358398438 0.181304931640625 -0.204803466796875 -0.147445678710937
0.00865173339843751 0.21026611328125 -0.189590454101562 0.0895843505859375
0.0299530029296875 0.23974609375 -0.112091064453125 0.247299194335938
0.100357055664063 0.1962890625 -0.004241943359375 0.298309326171875
0.0973052978515625 0.194259643554688 -0.151153564453125 0.39031982421875
0.020477294921875 0.0397224426269531 0.07061767578125 -0.40692138671875
-0.00663852691650391 -0.0148305892944336 -0.00817871093749999 -0.342315673828125
-0.0102357864379883 -0.00421333312988281 0.100479125976562 -0.231765747070312
-0.00966072082519531 -0.00150012969970703 0.186370849609375 -0.0949554443359375
-0.0161876678466797 0.00462627410888672 0.169265747070313 0.143035888671875
-0.00361108779907227 0.00321221351623535 0.019012451171875 0.338653564453125
-0.00262832641601563 0.0141277313232422 -0.25494384765625 0.41436767578125
0.00153160095214844 0.000784516334533691 -0.46966552734375 0.3179931640625
0.0190849304199219 0.0128326416015625 -0.59796142578125 0.26336669921875
-0.00577449798583984 0.0107707977294922 -0.530548095703125 0.15753173828125
-0.0170764923095703 0.0109710693359375 -0.300506591796875 0.072357177734375
-0.00298213958740234 -0.0128307342529297 -0.129043579101563 -0.0652313232421875
0.0014495849609375 -0.0110683441162109 -0.102890014648437 -0.190704345703125
0.00729179382324219 -0.0116701126098633 -0.289215087890625 -0.281280517578125
0.0143976211547852 0.00134849548339844 -0.487274169921875 -0.402923583984375
0.151748657226563 0.21630859375 0.1097412109375 -0.396728515625
0.0905609130859375 0.160980224609375 0.04827880859375 -0.349365234375
0.0468902587890625 0.227188110351563 0.127166748046875 -0.229568481445313
-0.0439605712890625 0.20745849609375 0.22259521484375 -0.101516723632812
-0.14788818359375 0.181228637695313 0.182342529296875 0.119400024414063
-0.188552856445313 0.17303466796875 0.030059814453125 0.32275390625
-0.216552734375 0.151504516601562 -0.2239990234375 0.3856201171875
-0.234039306640625 0.0587158203125 -0.423370361328125 0.298553466796875
-0.222991943359375 0.09515380859375 -0.553009033203125 0.26812744140625
-0.224868774414063 0.074676513671875 -0.49627685546875 0.17169189453125
-0.20318603515625 0.0771026611328125 -0.2889404296875 0.07171630859375
-0.111000061035156 0.0993499755859375 -0.130546569824219 -0.0638809204101563
-0.084625244140625 0.134567260742188 -0.109725952148437 -0.174407958984375
-0.00868225097656249 0.165130615234375 -0.2838134765625 -0.26446533203125
0.06097412109375 0.176544189453125 -0.49249267578125 -0.3756103515625
0.244171142578125 0.37322998046875 0.191375732421875 -0.333831787109375
0.149871826171875 0.32171630859375 0.1473388671875 -0.307708740234375
0.062530517578125 0.43609619140625 0.173873901367187 -0.201141357421875
-0.105560302734375 0.387908935546875 0.266586303710938 -0.0975799560546875
-0.29071044921875 0.31964111328125 0.20855712890625 0.074737548828125
-0.371490478515625 0.30328369140625 0.072296142578125 0.257003784179688
-0.405029296875 0.2532958984375 -0.13372802734375 0.295196533203125
-0.4332275390625 0.107177734375 -0.307220458984375 0.229736328125
-0.4276123046875 0.181976318359375 -0.4388427734375 0.239105224609375
-0.412933349609375 0.16729736328125 -0.424560546875 0.165924072265625
-0.357147216796875 0.1878662109375 -0.2713623046875 0.0666961669921875
-0.178909301757813 0.246139526367187 -0.145706176757813 -0.0511932373046875
-0.129241943359375 0.3048095703125 -0.140701293945312 -0.1348876953125
0.01092529296875 0.3321533203125 -0.288421630859375 -0.207000732421875
0.115814208984375 0.327301025390625 -0.48699951171875 -0.286529541015625
0.28045654296875 0.47674560546875 0.29522705078125 -0.213409423828125
0.1502685546875 0.437164306640625 0.261428833007813 -0.209518432617188
0.0213623046875001 0.5765380859375 0.221588134765625 -0.140213012695312
-0.193145751953125 0.49420166015625 0.3062744140625 -0.07305908203125
-0.420318603515625 0.385009765625 0.251113891601563 0.0184173583984375
-0.521942138671875 0.3614501953125 0.150238037109375 0.150726318359375
-0.541748046875 0.30047607421875 0.00906372070312498 0.163375854492188
-0.56390380859375 0.13726806640625 -0.13641357421875 0.124755859375
-0.562744140625 0.26177978515625 -0.280624389648438 0.160690307617187
-0.529083251953125 0.280242919921875 -0.317596435546875 0.121307373046875
-0.44012451171875 0.327880859375 -0.249176025390625 0.045654296875
-0.181732177734375 0.406280517578125 -0.163726806640625 -0.0239715576171875
-0.111083984375 0.468597412109375 -0.170166015625 -0.0604400634765625
0.071807861328125 0.463134765625 -0.276214599609375 -0.110488891601562
0.17657470703125 0.428985595703125 -0.4542236328125 -0.154693603515625
0.258148193359375 0.51226806640625 0.393951416015625 -0.057098388671875
0.100341796875 0.47845458984375 0.350555419921875 -0.06573486328125
-0.0574951171875 0.60650634765625 0.24993896484375 -0.0471038818359375
-0.27337646484375 0.487213134765625 0.324493408203125 -0.025390625
-0.495086669921875 0.34881591796875 0.300048828125 -0.028594970703125
-0.59619140625 0.3367919921875 0.255752563476563 0.0381927490234375
-0.59539794921875 0.28955078125 0.18341064453125 0.0212249755859375
-0.60662841796875 0.14886474609375 0.0582313537597656 0.000160217285156259
-0.60638427734375 0.3128662109375 -0.10589599609375 0.0322341918945313
-0.54962158203125 0.368133544921875 -0.202743530273438 0.02032470703125
-0.427093505859375 0.4344482421875 -0.227432250976563 -0.00119018554687494
-0.12469482421875 0.509246826171875 -0.175933837890625 0.011962890625
-0.04736328125 0.5673828125 -0.176025390625 0.0379791259765626
0.1470947265625 0.517852783203125 -0.22625732421875 0.011260986328125
0.222198486328125 0.466339111328125 -0.39117431640625 0.00570678710937508
0.19512939453125 0.472747802734375 0.462432861328125 0.105621337890625
0.03350830078125 0.42987060546875 0.38775634765625 0.0860595703125
-0.12213134765625 0.519012451171875 0.23779296875 0.051116943359375
-0.2940673828125 0.379119873046875 0.303863525390625 0.029998779296875
-0.4708251953125 0.238922119140625 0.33782958984375 -0.050628662109375
-0.56475830078125 0.24969482421875 0.36907958984375 -0.049896240234375
-0.552215576171875 0.23345947265625 0.359832763671875 -0.10540771484375
-0.55841064453125 0.138153076171875 0.24542236328125 -0.125335693359375
-0.554046630859375 0.312713623046875 0.0510406494140625 -0.123794555664062
-0.475799560546875 0.379791259765625 -0.108207702636719 -0.112266540527344
-0.343414306640625 0.444610595703125 -0.213150024414063 -0.0601043701171875
-0.050445556640625 0.50213623046875 -0.18096923828125 0.046630859375
0.02056884765625 0.554595947265625 -0.154281616210938 0.133819580078125
0.192657470703125 0.4805908203125 -0.145263671875 0.13214111328125
0.233642578125 0.434967041015625 -0.303558349609375 0.167327880859375
0.11541748046875 0.36102294921875 0.496795654296875 0.244873046875
-0.01385498046875 0.314697265625 0.3717041015625 0.211029052734375
-0.1307373046875 0.355865478515625 0.190139770507813 0.124282836914063
-0.23175048828125 0.22808837890625 0.25103759765625 0.06854248046875
-0.34661865234375 0.119171142578125 0.349884033203125 -0.0496826171875
-0.42926025390625 0.14556884765625 0.45562744140625 -0.104278564453125
-0.4161376953125 0.153045654296875 0.502105712890625 -0.202301025390625
-0.42425537109375 0.103607177734375 0.392913818359375 -0.234649658203125
-0.421539306640625 0.24560546875 0.16815185546875 -0.270797729492188
-0.34454345703125 0.301055908203125 -0.0443878173828125 -0.239013671875
-0.228546142578125 0.34906005859375 -0.207931518554688 -0.113204956054688
-0.00320434570312496 0.38861083984375 -0.18304443359375 0.0725860595703125
0.046722412109375 0.43157958984375 -0.125656127929688 0.205398559570313
0.17535400390625 0.364898681640625 -0.060455322265625 0.23040771484375
0.190704345703125 0.338653564453125 -0.214508056640625 0.301055908203125
0.0352783203125 0.203094482421875 0.5087890625 0.334991455078125
-0.0211944580078125 0.165740966796875 0.334930419921875 0.282562255859375
-0.0771636962890625 0.1842041015625 0.140731811523438 0.159942626953125
-0.111526489257812 0.100845336914063 0.196014404296875 0.08258056640625
-0.171417236328125 0.037567138671875 0.338165283203125 -0.0423583984375
-0.23175048828125 0.06427001953125 0.505950927734375 -0.13507080078125
-0.217330932617188 0.0708160400390625 0.587646484375 -0.26593017578125
-0.226242065429688 0.051422119140625 0.481536865234375 -0.310699462890625
-0.232559204101562 0.129074096679688 0.234100341796875 -0.378448486328125
-0.18243408203125 0.1590576171875 -0.01220703125 -0.331146240234375
-0.112350463867188 0.1829833984375 -0.207534790039063 -0.147796630859375
0.00987243652343749 0.211105346679688 -0.189361572265625 0.0899810791015625
0.0320281982421875 0.241256713867188 -0.111434936523438 0.248275756835938
0.102447509765625 0.195816040039063 -0.00357055664062502 0.299102783203125
0.09942626953125 0.195526123046875 -0.151153564453125 0.394378662109375
0.0214500427246094 0.0393638610839844 0.069183349609375 -0.41094970703125
-0.00718784332275391 -0.0147705078125 -0.00949096679687499 -0.3441162109375
-0.0105724334716797 -0.00492382049560547 0.0990753173828125 -0.234512329101563
-0.0103216171264648 -0.00231361389160156 0.18603515625 -0.0960540771484375
-0.0165567398071289 0.00432395935058593 0.1707763671875 0.143768310546875
-0.00318002700805664 0.00301337242126465 0.02117919921875 0.341888427734375
-0.00237941741943359 0.0142478942871094 -0.2547607421875 0.418487548828125
0.00198698043823242 0.000957369804382324 -0.47076416015625 0.32183837890625
0.0196475982666016 0.0129508972167969 -0.60015869140625 0.26751708984375
-0.005462646484375 0.0111207962036133 -0.533233642578125 0.162567138671875
-0.0174665451049805 0.0117874145507813 -0.301910400390625 0.073760986328125
-0.00370121002197265 -0.0128812789916992 -0.130439758300781 -0.0661087036132813
0.00126552581787109 -0.0110206604003906 -0.104843139648437 -0.191131591796875
0.00708961486816406 -0.0118236541748047 -0.29229736328125 -0.2828369140625
0.01519775390625 0.00159454345703125 -0.493438720703125 -0.403350830078125
0.155380249023438 0.216720581054688 0.108734130859375 -0.400543212890625
0.0913848876953125 0.161819458007813 0.046600341796875 -0.351654052734375
0.0483551025390625 0.228286743164062 0.127090454101563 -0.231643676757812
-0.04315185546875 0.20928955078125 0.222991943359375 -0.103668212890625
-0.148147583007813 0.183441162109375 0.18365478515625 0.11956787109375
-0.18890380859375 0.17584228515625 0.032684326171875 0.3260498046875
-0.216598510742188 0.154220581054687 -0.221954345703125 0.38909912109375
-0.234939575195312 0.060546875 -0.4244384765625 0.301544189453125
-0.223251342773438 0.096832275390625 -0.55279541015625 0.273040771484375
-0.225845336914063 0.076995849609375 -0.4991455078125 0.1754150390625
-0.204849243164063 0.0797271728515625 -0.290679931640625 0.073944091796875
-0.111488342285156 0.100425720214844 -0.132453918457031 -0.0642013549804688
-0.0845947265625 0.136520385742187 -0.111373901367188 -0.175567626953125
-0.00747680664062501 0.165771484375 -0.28826904296875 -0.2647705078125
0.0633087158203125 0.177459716796875 -0.498382568359375 -0.375244140625
0.248138427734375 0.373016357421875 0.192718505859375 -0.336639404296875
0.15179443359375 0.32281494140625 0.147247314453125 -0.311767578125
0.065460205078125 0.438323974609375 0.173980712890625 -0.203948974609375
-0.105621337890625 0.390380859375 0.267105102539063 -0.100296020507812
-0.291839599609375 0.323638916015625 0.209884643554687 0.074127197265625
-0.37298583984375 0.30804443359375 0.0750885009765625 0.258941650390625
-0.406341552734375 0.257904052734375 -0.132415771484375 0.297637939453125
-0.435577392578125 0.109588623046875 -0.3077392578125 0.231658935546875
-0.4295654296875 0.185089111328125 -0.440826416015625 0.241058349609375
-0.41412353515625 0.171142578125 -0.424468994140625 0.17022705078125
-0.359161376953125 0.19122314453125 -0.273223876953125 0.0685272216796875
-0.17950439453125 0.248703002929688 -0.14825439453125 -0.0512237548828125
-0.12823486328125 0.305877685546875 -0.142501831054688 -0.135833740234375
0.013275146484375 0.333282470703125 -0.29180908203125 -0.20770263671875
0.1195068359375 0.32928466796875 -0.492279052734375 -0.2864990234375
0.285797119140625 0.47698974609375 0.296600341796875 -0.21734619140625
0.153106689453125 0.4395751953125 0.261932373046875 -0.213821411132813
0.0264892578125 0.5814208984375 0.223007202148438 -0.142532348632812
-0.1932373046875 0.497894287109375 0.30828857421875 -0.07562255859375
-0.422760009765625 0.389190673828125 0.252700805664063 0.0165557861328125
-0.52398681640625 0.36712646484375 0.152923583984375 0.152114868164063
-0.543426513671875 0.3076171875 0.00952148437499996 0.163406372070313
-0.56597900390625 0.1419677734375 -0.137100219726563 0.125282287597656
-0.56561279296875 0.26702880859375 -0.28076171875 0.162857055664063
-0.530487060546875 0.28631591796875 -0.318817138671875 0.12353515625
-0.442230224609375 0.33349609375 -0.2510986328125 0.047271728515625
-0.18109130859375 0.409515380859375 -0.165863037109375 -0.023468017578125
-0.109588623046875 0.47210693359375 -0.171783447265625 -0.0609283447265625
0.075103759765625 0.464691162109375 -0.278579711914063 -0.1099853515625
0.180908203125 0.429962158203125 -0.458709716796875 -0.15283203125
0.2637939453125 0.514373779296875 0.395965576171875 -0.061248779296875
0.1031494140625 0.482086181640625 0.35357666015625 -0.068603515625
-0.0538330078125 0.61181640625 0.252273559570313 -0.048736572265625
-0.273101806640625 0.493316650390625 0.326416015625 -0.0274658203125
-0.498443603515625 0.35406494140625 0.3018798828125 -0.030609130859375
-0.6005859375 0.3431396484375 0.259323120117187 0.03802490234375
-0.5966796875 0.2950439453125 0.18505859375 0.019378662109375
-0.60968017578125 0.15374755859375 0.0589218139648437 -0.000648498535156241
-0.60699462890625 0.31878662109375 -0.105972290039063 0.0333633422851563
-0.551025390625 0.37432861328125 -0.204071044921875 0.0217895507812501
-0.428314208984375 0.439788818359375 -0.229568481445313 0.000595092773437529
-0.121856689453125 0.512939453125 -0.176742553710938 0.0126342773437501
-0.0440673828125 0.57073974609375 -0.176361083984375 0.0377349853515626
0.151458740234375 0.520050048828125 -0.2288818359375 0.0116424560546876
0.226409912109375 0.467620849609375 -0.395294189453125 0.00857543945312511
0.20086669921875 0.4744873046875 0.466094970703125 0.1038818359375
0.035064697265625 0.433563232421875 0.389892578125 0.08392333984375
-0.120513916015625 0.52313232421875 0.240524291992188 0.0505523681640625
-0.294158935546875 0.38336181640625 0.30584716796875 0.02813720703125
-0.474090576171875 0.244720458984375 0.339599609375 -0.0533447265625
-0.56640625 0.2562255859375 0.3721923828125 -0.051971435546875
-0.55316162109375 0.238128662109375 0.361724853515625 -0.1090087890625
-0.56134033203125 0.14208984375 0.245880126953125 -0.128097534179688
-0.5550537109375 0.318115234375 0.0511703491210937 -0.125
-0.4783935546875 0.3868408203125 -0.109275817871094 -0.113502502441406
-0.343505859375 0.4510498046875 -0.21539306640625 -0.0598907470703125
-0.047576904296875 0.505340576171875 -0.181838989257812 0.0473480224609375
0.024749755859375 0.55718994140625 -0.15447998046875 0.134307861328125
0.197052001953125 0.480316162109375 -0.1456298828125 0.132965087890625
0.238922119140625 0.437347412109375 -0.306304931640625 0.170806884765625
0.11956787109375 0.361602783203125 0.50201416015625 0.243255615234375
-0.013214111328125 0.317657470703125 0.375 0.210052490234375
-0.12908935546875 0.359100341796875 0.192840576171875 0.123947143554688
-0.231887817382813 0.23114013671875 0.252838134765625 0.0679779052734375
-0.34967041015625 0.12188720703125 0.35205078125 -0.05267333984375
-0.431182861328125 0.1502685546875 0.457977294921875 -0.107635498046875
-0.416839599609375 0.15753173828125 0.50439453125 -0.20697021484375
-0.427978515625 0.106201171875 0.3936767578125 -0.237457275390625
-0.422454833984375 0.250457763671875 0.167938232421875 -0.273788452148438
-0.344451904296875 0.307464599609375 -0.0455474853515625 -0.240768432617187
-0.2288818359375 0.352783203125 -0.210494995117188 -0.113433837890625
-0.000549316406249993 0.39166259765625 -0.183639526367188 0.07415771484375
0.05133056640625 0.43389892578125 -0.124923706054687 0.206512451171875
0.17950439453125 0.365386962890625 -0.05987548828125 0.231536865234375
0.1934814453125 0.3402099609375 -0.2154541015625 0.3045654296875
0.0369110107421875 0.203872680664063 0.514404296875 0.33465576171875
-0.0201263427734375 0.167510986328125 0.337982177734375 0.282989501953125
-0.0760345458984375 0.185592651367188 0.142333984375 0.160751342773438
-0.111328125 0.102195739746094 0.197967529296875 0.0822906494140625
-0.173309326171875 0.0389251708984375 0.340667724609375 -0.044647216796875
-0.23321533203125 0.0670318603515625 0.50860595703125 -0.13916015625
-0.2176513671875 0.0723114013671875 0.58978271484375 -0.27056884765625
-0.228439331054688 0.05242919921875 0.48260498046875 -0.3150634765625
-0.233169555664063 0.130783081054688 0.233001708984375 -0.382904052734375
-0.18231201171875 0.161972045898437 -0.01495361328125 -0.333831787109375
-0.112167358398438 0.18463134765625 -0.209121704101563 -0.14837646484375
0.0115203857421875 0.21234130859375 -0.188949584960937 0.0919189453125
0.0343017578125 0.242752075195313 -0.110519409179688 0.249984741210938
0.104400634765625 0.195892333984375 -0.002227783203125 0.30078125
0.10101318359375 0.196395874023438 -0.150238037109375 0.397979736328125
0.0231590270996094 0.0387115478515625 0.06781005859375 -0.415679931640625
-0.00734901428222656 -0.0149545669555664 -0.0115966796875 -0.346435546875
-0.0106906890869141 -0.00431537628173828 0.097381591796875 -0.236709594726563
-0.0107688903808594 -0.00245571136474609 0.185897827148438 -0.0989990234375
-0.0167026519775391 0.00382232666015625 0.173294067382813 0.143844604492188
-0.00321674346923828 0.00255298614501953 0.024810791015625 0.344146728515625
-0.00168704986572266 0.0140666961669922 -0.25201416015625 0.423614501953125
0.00252771377563477 0.000677108764648438 -0.470947265625 0.325714111328125
0.0202407836914063 0.0129661560058594 -0.6024169921875 0.27410888671875
-0.00530338287353516 0.011693000793457 -0.535247802734375 0.168060302734375
-0.0174016952514648 0.0125942230224609 -0.3035888671875 0.0771484375
-0.00430488586425781 -0.0127725601196289 -0.132972717285156 -0.0660171508789062
0.000741004943847656 -0.0119237899780273 -0.107177734375 -0.191558837890625
0.00714874267578125 -0.0118818283081055 -0.296295166015625 -0.281402587890625
0.0161914825439453 0.00148296356201172 -0.50189208984375 -0.40142822265625
0.158920288085938 0.21630859375 0.10693359375 -0.404083251953125
0.093017578125 0.162200927734375 0.044677734375 -0.355224609375
0.0509796142578125 0.229232788085938 0.125747680664062 -0.23455810546875
-0.042083740234375 0.21087646484375 0.222732543945313 -0.106201171875
-0.148635864257812 0.186187744140625 0.185562133789063 0.11907958984375
-0.188339233398438 0.178314208984375 0.036712646484375 0.328826904296875
-0.21661376953125 0.156875610351563 -0.22021484375 0.39361572265625
-0.235992431640625 0.0626525878906249 -0.424163818359375 0.305328369140625
-0.222702026367188 0.099853515625 -0.55438232421875 0.278656005859375
-0.226409912109375 0.0799407958984375 -0.500274658203125 0.18157958984375
-0.205459594726562 0.0824127197265625 -0.29193115234375 0.0766906738281251
-0.111953735351562 0.101524353027344 -0.134597778320312 -0.0637588500976563
-0.084136962890625 0.137428283691406 -0.113616943359375 -0.17572021484375
-0.006103515625 0.16619873046875 -0.291168212890625 -0.263946533203125
0.065704345703125 0.178817749023438 -0.505157470703125 -0.37408447265625
0.255035400390625 0.372711181640625 0.191558837890625 -0.341583251953125
0.15478515625 0.324005126953125 0.145233154296875 -0.31591796875
0.0706481933593749 0.441986083984375 0.173736572265625 -0.206649780273437
-0.1026611328125 0.3944091796875 0.2677001953125 -0.103256225585937
-0.29241943359375 0.32879638671875 0.21185302734375 0.0736541748046875
-0.372772216796875 0.313140869140625 0.078857421875 0.260696411132813
-0.407928466796875 0.262939453125 -0.13031005859375 0.300537109375
-0.438262939453125 0.113739013671875 -0.30706787109375 0.234771728515625
-0.430084228515625 0.1912841796875 -0.441802978515625 0.246826171875
-0.415802001953125 0.1771240234375 -0.426239013671875 0.175018310546875
-0.360198974609375 0.1964111328125 -0.275070190429688 0.071136474609375
-0.179306030273438 0.250747680664062 -0.150192260742188 -0.0505828857421875
-0.127197265625 0.308990478515625 -0.14459228515625 -0.135955810546875
0.01593017578125 0.335205078125 -0.296234130859375 -0.206512451171875
0.123260498046875 0.330841064453125 -0.49749755859375 -0.2852783203125
0.293365478515625 0.477447509765625 0.296173095703125 -0.221099853515625
0.157012939453125 0.44207763671875 0.26202392578125 -0.217941284179687
0.03155517578125 0.584716796875 0.224029541015625 -0.144989013671875
-0.18963623046875 0.50286865234375 0.30889892578125 -0.07904052734375
-0.424713134765625 0.396636962890625 0.253829956054688 0.0147552490234375
-0.525634765625 0.37420654296875 0.156631469726562 0.152191162109375
-0.545440673828125 0.31298828125 0.0117645263671874 0.164596557617188
-0.56903076171875 0.1461181640625 -0.137458801269531 0.126235961914063
-0.56597900390625 0.27557373046875 -0.280654907226563 0.166091918945312
-0.53179931640625 0.29425048828125 -0.319732666015625 0.126983642578125
-0.443023681640625 0.33935546875 -0.252838134765625 0.0494995117187501
-0.18023681640625 0.413177490234375 -0.167449951171875 -0.0229034423828125
-0.1064453125 0.47589111328125 -0.173416137695313 -0.0607147216796875
0.079803466796875 0.46624755859375 -0.281982421875 -0.109344482421875
0.186126708984375 0.4327392578125 -0.46392822265625 -0.14892578125
0.2698974609375 0.515167236328125 0.39764404296875 -0.065155029296875
0.107208251953125 0.483428955078125 0.35552978515625 -0.073333740234375
-0.04791259765625 0.615234375 0.254287719726563 -0.0506134033203125
-0.271026611328125 0.497406005859375 0.328857421875 -0.03076171875
-0.500946044921875 0.363006591796875 0.303253173828125 -0.033721923828125
-0.602294921875 0.35064697265625 0.262100219726562 0.03741455078125
-0.5992431640625 0.30181884765625 0.186233520507812 0.017303466796875
-0.61468505859375 0.159912109375 0.0587081909179687 -0.00172805786132812
-0.608642578125 0.32745361328125 -0.106361389160156 0.0341339111328125
-0.55181884765625 0.38238525390625 -0.20501708984375 0.0230560302734375
-0.429168701171875 0.447418212890625 -0.231353759765625 0.00222778320312501
-0.1192626953125 0.515838623046875 -0.17877197265625 0.0138397216796875
-0.03851318359375 0.57476806640625 -0.176803588867188 0.0386810302734375
0.15643310546875 0.5211181640625 -0.230789184570312 0.013092041015625
0.233154296875 0.470489501953125 -0.39825439453125 0.0136718750000001
0.205596923828125 0.475067138671875 0.47003173828125 0.09979248046875
0.03802490234375 0.436981201171875 0.393707275390625 0.08111572265625
-0.115966796875 0.528106689453125 0.242645263671875 0.049346923828125
-0.29315185546875 0.389129638671875 0.30938720703125 0.02593994140625
-0.476318359375 0.249420166015625 0.341644287109375 -0.056182861328125
-0.57073974609375 0.26348876953125 0.375213623046875 -0.054351806640625
-0.55560302734375 0.24420166015625 0.363189697265625 -0.11328125
-0.565185546875 0.14630126953125 0.245819091796875 -0.130889892578125
-0.55523681640625 0.32513427734375 0.0505523681640625 -0.126731872558594
-0.47796630859375 0.39447021484375 -0.110664367675781 -0.113197326660156
-0.34210205078125 0.45745849609375 -0.21783447265625 -0.0584259033203125
-0.04400634765625 0.5091552734375 -0.182785034179688 0.049041748046875
0.030914306640625 0.560882568359375 -0.153915405273438 0.135009765625
0.20269775390625 0.48248291015625 -0.14605712890625 0.134368896484375
0.2437744140625 0.43939208984375 -0.30645751953125 0.174957275390625
0.12469482421875 0.363861083984375 0.50628662109375 0.2412109375
-0.0106201171875 0.32025146484375 0.380584716796875 0.208343505859375
-0.126373291015625 0.36248779296875 0.195846557617188 0.123748779296875
-0.23193359375 0.234024047851563 0.25543212890625 0.066680908203125
-0.351776123046875 0.1256103515625 0.35308837890625 -0.05615234375
-0.43359375 0.154693603515625 0.461212158203125 -0.110992431640625
-0.41815185546875 0.1612548828125 0.505523681640625 -0.211700439453125
-0.430694580078125 0.1102294921875 0.394287109375 -0.241485595703125
-0.421783447265625 0.255401611328125 0.166213989257812 -0.277206420898437
-0.344268798828125 0.31292724609375 -0.0483551025390625 -0.242523193359375
-0.226898193359375 0.3575439453125 -0.213150024414063 -0.113235473632812
0.00222778320312497 0.393402099609375 -0.18377685546875 0.075531005859375
0.055450439453125 0.436126708984375 -0.1236572265625 0.207855224609375
0.1827392578125 0.365753173828125 -0.059234619140625 0.232772827148438
0.19732666015625 0.34210205078125 -0.215087890625 0.30841064453125
0.0404052734375 0.205093383789063 0.520355224609375 0.3333740234375
-0.01953125 0.169158935546875 0.3426513671875 0.2828369140625
-0.0742950439453125 0.187698364257813 0.145721435546875 0.159866333007813
-0.111518859863281 0.103164672851562 0.199722290039063 0.0814666748046875
-0.174835205078125 0.041015625 0.342803955078125 -0.04791259765625
-0.234344482421875 0.069854736328125 0.511749267578125 -0.143341064453125
-0.218490600585938 0.07452392578125 0.5914306640625 -0.27740478515625
-0.229568481445313 0.0544281005859375 0.482513427734375 -0.318878173828125
-0.232894897460938 0.133682250976562 0.231658935546875 -0.386688232421875
-0.182418823242188 0.165023803710938 -0.0177001953125 -0.336944580078125
-0.111740112304688 0.187606811523437 -0.212646484375 -0.148590087890625
0.0134735107421875 0.213241577148438 -0.189682006835938 0.09381103515625
0.036712646484375 0.244338989257813 -0.108917236328125 0.25164794921875
0.106201171875 0.196395874023438 -0.000427246093750013 0.30242919921875
0.103805541992188 0.19769287109375 -0.14971923828125 0.401947021484375
0.0245399475097656 0.0386123657226563 0.06488037109375 -0.419219970703125
-0.00758934020996094 -0.0147857666015625 -0.01470947265625 -0.348480224609375
-0.0113315582275391 -0.00466251373291016 0.0955352783203125 -0.239700317382813
-0.0113153457641602 -0.00311279296875 0.18585205078125 -0.10064697265625
-0.0167732238769531 0.00434398651123046 0.175079345703125 0.143035888671875
-0.00288319587707519 0.00221800804138184 0.028472900390625 0.346435546875
-0.00150203704833984 0.0144128799438477 -0.249603271484375 0.426300048828125
0.00287246704101562 0.000794887542724609 -0.469146728515625 0.33123779296875
0.0210247039794922 0.0127372741699219 -0.6015625 0.28143310546875
-0.00506973266601563 0.0113286972045898 -0.53582763671875 0.175933837890625
-0.0177211761474609 0.0135040283203125 -0.3048095703125 0.0811157226562499
-0.00500106811523438 -0.0129060745239258 -0.134666442871094 -0.0651779174804688
3.33786010742188E-05 -0.0117988586425781 -0.110321044921875 -0.191940307617188
0.00711536407470703 -0.0117359161376953 -0.302001953125 -0.279327392578125
0.016901969909668 0.00122451782226563 -0.509429931640625 -0.39947509765625
0.163848876953125 0.215805053710937 0.103607177734375 -0.40997314453125
0.0948638916015625 0.162643432617188 0.041595458984375 -0.3583984375
0.0535430908203125 0.229888916015625 0.12457275390625 -0.237930297851562
-0.0406494140625 0.211929321289063 0.222259521484375 -0.108810424804687
-0.14801025390625 0.188873291015625 0.187850952148438 0.117889404296875
-0.188003540039063 0.180831909179687 0.04095458984375 0.330535888671875
-0.21661376953125 0.159347534179687 -0.217254638671875 0.3974609375
-0.236892700195313 0.0655670166015626 -0.42474365234375 0.310546875
-0.2230224609375 0.102676391601563 -0.55523681640625 0.285247802734375
-0.226821899414062 0.0835113525390625 -0.50030517578125 0.18756103515625
-0.205978393554688 0.0855255126953125 -0.293365478515625 0.0805664062499999
-0.111984252929688 0.103096008300781 -0.136802673339844 -0.063507080078125
-0.0840835571289062 0.138587951660156 -0.11627197265625 -0.17626953125
-0.00433349609374999 0.167236328125 -0.296295166015625 -0.26239013671875
0.0685272216796875 0.178955078125 -0.513671875 -0.3724365234375
0.262725830078125 0.372283935546875 0.18988037109375 -0.347442626953125
0.157806396484375 0.324859619140625 0.142852783203125 -0.319671630859375
0.07464599609375 0.44244384765625 0.173110961914063 -0.20953369140625
-0.100128173828125 0.397216796875 0.268112182617188 -0.10662841796875
-0.292205810546875 0.334228515625 0.213455200195312 0.07177734375
-0.37261962890625 0.31903076171875 0.083648681640625 0.262176513671875
-0.408782958984375 0.268798828125 -0.127777099609375 0.3033447265625
-0.44073486328125 0.11822509765625 -0.3084716796875 0.23779296875
-0.429718017578125 0.1961669921875 -0.4417724609375 0.2520751953125
-0.4169921875 0.183013916015625 -0.426910400390625 0.180419921875
-0.36065673828125 0.202484130859375 -0.277008056640625 0.0750885009765625
-0.1790771484375 0.253799438476563 -0.152389526367188 -0.049530029296875
-0.124664306640625 0.31231689453125 -0.147171020507812 -0.136123657226562
0.01983642578125 0.336669921875 -0.2991943359375 -0.204833984375
0.128448486328125 0.332183837890625 -0.505218505859375 -0.281280517578125
0.300323486328125 0.47796630859375 0.296356201171875 -0.2271728515625
0.1627197265625 0.44384765625 0.260818481445313 -0.222671508789063
0.03778076171875 0.5882568359375 0.224884033203125 -0.148483276367187
-0.186767578125 0.507659912109375 0.310028076171875 -0.082794189453125
-0.42333984375 0.4027099609375 0.255966186523437 0.0122222900390625
-0.5255126953125 0.38385009765625 0.160476684570312 0.152313232421875
-0.544952392578125 0.320465087890625 0.013702392578125 0.164443969726563
-0.5721435546875 0.15277099609375 -0.137336730957031 0.127983093261719
-0.5662841796875 0.28179931640625 -0.280609130859375 0.169326782226563
-0.533416748046875 0.30133056640625 -0.3197021484375 0.130645751953125
-0.442718505859375 0.347503662109375 -0.254608154296875 0.0526885986328126
-0.178619384765625 0.417022705078125 -0.169601440429688 -0.0215454101562499
-0.101806640625 0.47930908203125 -0.175277709960938 -0.060577392578125
0.086639404296875 0.46673583984375 -0.28485107421875 -0.107574462890625
0.1920166015625 0.433685302734375 -0.4686279296875 -0.145355224609375
0.278961181640625 0.514892578125 0.4005126953125 -0.07073974609375
0.111358642578125 0.485687255859375 0.357208251953125 -0.07745361328125
-0.041748046875 0.62103271484375 0.256195068359375 -0.0535125732421875
-0.269439697265625 0.503936767578125 0.330169677734375 -0.03399658203125
-0.501495361328125 0.36944580078125 0.304290771484375 -0.0367431640625
-0.60150146484375 0.3602294921875 0.265701293945312 0.03546142578125
-0.5992431640625 0.30926513671875 0.187469482421875 0.0152740478515625
-0.6173095703125 0.16693115234375 0.0582199096679687 -0.00299072265624999
-0.6085205078125 0.33642578125 -0.106170654296875 0.0351638793945313
-0.550384521484375 0.390777587890625 -0.206024169921875 0.02520751953125
-0.42767333984375 0.45556640625 -0.233856201171875 0.00454711914062503
-0.11651611328125 0.520233154296875 -0.180221557617188 0.01519775390625
-0.0320434570312499 0.5784912109375 -0.177810668945313 0.0395202636718751
0.16326904296875 0.521575927734375 -0.232421875 0.0151367187500001
0.239898681640625 0.472259521484375 -0.40087890625 0.0164794921875
0.21282958984375 0.47705078125 0.474639892578125 0.094970703125
0.04168701171875 0.440093994140625 0.3974609375 0.077178955078125
-0.111785888671875 0.532562255859375 0.246231079101563 0.0473175048828125
-0.292236328125 0.39202880859375 0.31195068359375 0.023040771484375
-0.47802734375 0.257354736328125 0.34283447265625 -0.060516357421875
-0.572021484375 0.2703857421875 0.378692626953125 -0.0576171875
-0.5579833984375 0.2520751953125 0.364532470703125 -0.118011474609375
-0.56854248046875 0.15283203125 0.246063232421875 -0.134307861328125
-0.55609130859375 0.33251953125 0.04962158203125 -0.127967834472656
-0.476043701171875 0.40350341796875 -0.112709045410156 -0.113929748535156
-0.340789794921875 0.46417236328125 -0.220718383789063 -0.0572662353515625
-0.0399169921875 0.51214599609375 -0.183853149414063 0.05047607421875
0.0373535156249999 0.56451416015625 -0.153350830078125 0.136489868164063
0.210418701171875 0.482177734375 -0.146499633789063 0.135787963867188
0.250946044921875 0.439727783203125 -0.307830810546875 0.179718017578125
0.128997802734375 0.36468505859375 0.512542724609375 0.238372802734375
-0.00808715820312502 0.32293701171875 0.3841552734375 0.204742431640625
-0.123504638671875 0.36627197265625 0.19903564453125 0.122879028320313
-0.231307983398438 0.236831665039063 0.258224487304688 0.06439208984375
-0.354522705078125 0.129425048828125 0.354766845703125 -0.060394287109375
-0.435638427734375 0.16064453125 0.46490478515625 -0.11724853515625
-0.419647216796875 0.166839599609375 0.50677490234375 -0.21868896484375
-0.43426513671875 0.113922119140625 0.394775390625 -0.2451171875
-0.422393798828125 0.261383056640625 0.165679931640625 -0.280517578125
-0.342529296875 0.32025146484375 -0.0509490966796875 -0.244232177734375
-0.225189208984375 0.362884521484375 -0.21612548828125 -0.112106323242187
0.00558471679687497 0.396148681640625 -0.184005737304688 0.0773010253906251
0.06121826171875 0.438629150390625 -0.12237548828125 0.209228515625
0.188568115234375 0.364532470703125 -0.05804443359375 0.2340087890625
0.20440673828125 0.343048095703125 -0.21307373046875 0.313140869140625
0.043212890625 0.205780029296875 0.52716064453125 0.331207275390625
-0.0181427001953125 0.171173095703125 0.347320556640625 0.28094482421875
-0.0722808837890625 0.189483642578125 0.148773193359375 0.159759521484375
-0.111038208007812 0.105079650878906 0.202728271484375 0.0792694091796875
-0.176345825195313 0.0436553955078125 0.344512939453125 -0.0523681640625
-0.235549926757813 0.0737762451171875 0.513031005859375 -0.14910888671875
-0.219558715820313 0.0771331787109375 0.591552734375 -0.28411865234375
-0.231460571289063 0.056396484375 0.4830322265625 -0.325836181640625
-0.232879638671875 0.136474609375 0.22900390625 -0.390838623046875
-0.181610107421875 0.16802978515625 -0.021728515625 -0.339874267578125
-0.11102294921875 0.190078735351563 -0.216140747070312 -0.148056030273438
0.015716552734375 0.214324951171875 -0.189483642578125 0.095855712890625
0.04034423828125 0.245635986328125 -0.106231689453125 0.2540283203125
0.109542846679687 0.19573974609375 0.001922607421875 0.303497314453125
0.105972290039063 0.1983642578125 -0.146392822265625 0.407562255859375
0.0261688232421875 0.0380516052246094 0.061920166015625 -0.42462158203125
-0.00816059112548828 -0.0145292282104492 -0.017974853515625 -0.350250244140625
-0.0111665725708008 -0.00482940673828125 0.093017578125 -0.242462158203125
-0.0120048522949219 -0.00352764129638672 0.18524169921875 -0.1033935546875
-0.0173358917236328 0.00400638580322266 0.178573608398438 0.1422119140625
-0.00213050842285156 0.00208699703216553 0.033721923828125 0.34881591796875
-0.000757217407226562 0.0144987106323242 -0.245758056640625 0.43280029296875
0.00349879264831543 0.00109672546386719 -0.468841552734375 0.336151123046875
0.0217266082763672 0.0124416351318359 -0.60260009765625 0.28973388671875
-0.00490188598632813 0.0116291046142578 -0.536468505859375 0.182861328125
-0.0174884796142578 0.0145912170410156 -0.3050537109375 0.08502197265625
-0.00552749633789063 -0.0131006240844727 -0.137199401855469 -0.0645599365234375
-0.000342369079589843 -0.0113620758056641 -0.113388061523438 -0.19219970703125
0.00683784484863281 -0.0118513107299805 -0.306549072265625 -0.27789306640625
0.0173978805541992 0.00127983093261719 -0.516845703125 -0.3978271484375
0.168777465820313 0.214004516601563 0.101104736328125 -0.413421630859375
0.0973358154296875 0.162368774414063 0.0382080078125 -0.36175537109375
0.0567169189453125 0.230621337890625 0.1224365234375 -0.240936279296875
-0.03961181640625 0.213516235351563 0.222030639648438 -0.112060546875
-0.147109985351562 0.191879272460938 0.190093994140625 0.117156982421875
-0.1868896484375 0.184402465820313 0.04620361328125 0.33245849609375
-0.215850830078125 0.163482666015625 -0.212982177734375 0.402496337890625
-0.238113403320312 0.0686798095703125 -0.42254638671875 0.31536865234375
-0.221908569335938 0.10614013671875 -0.55413818359375 0.293487548828125
-0.227249145507812 0.086517333984375 -0.500213623046875 0.195220947265625
-0.206222534179688 0.0891265869140625 -0.2939453125 0.084381103515625
-0.112022399902344 0.104286193847656 -0.139427185058594 -0.062408447265625
-0.0831451416015625 0.140213012695313 -0.1192626953125 -0.176834106445313
-0.00257873535156251 0.168563842773438 -0.300994873046875 -0.260772705078125
0.072052001953125 0.179641723632813 -0.522369384765625 -0.3687744140625
0.269317626953125 0.371185302734375 0.1878662109375 -0.35150146484375
0.1624755859375 0.32562255859375 0.13995361328125 -0.32489013671875
0.08197021484375 0.44500732421875 0.1727294921875 -0.213790893554687
-0.0968017578125001 0.3994140625 0.2681884765625 -0.11090087890625
-0.290985107421875 0.34033203125 0.215225219726562 0.07012939453125
-0.3720703125 0.325927734375 0.0882568359375 0.263504028320312
-0.406951904296875 0.275665283203125 -0.125152587890625 0.305877685546875
-0.4415283203125 0.123565673828125 -0.306182861328125 0.2425537109375
-0.429718017578125 0.202362060546875 -0.440338134765625 0.258575439453125
-0.415618896484375 0.189910888671875 -0.42742919921875 0.186187744140625
-0.36163330078125 0.207916259765625 -0.277877807617188 0.0781707763671875
-0.177520751953125 0.257110595703125 -0.155136108398438 -0.0492401123046875
-0.122100830078125 0.315338134765625 -0.149551391601562 -0.135910034179687
0.0240478515625 0.337432861328125 -0.304779052734375 -0.203277587890625
0.133758544921875 0.332794189453125 -0.51141357421875 -0.277618408203125
0.309478759765625 0.475555419921875 0.29718017578125 -0.23211669921875
0.168548583984375 0.4453125 0.26043701171875 -0.228179931640625
0.044677734375 0.59246826171875 0.224929809570313 -0.151779174804688
-0.181854248046875 0.51446533203125 0.311492919921875 -0.0872802734375
-0.423309326171875 0.412689208984375 0.257354736328125 0.00909423828125003
-0.524383544921875 0.393157958984375 0.1650390625 0.152191162109375
-0.546661376953125 0.32916259765625 0.0156860351562499 0.164932250976563
-0.57537841796875 0.1612548828125 -0.136276245117188 0.129470825195312
-0.565673828125 0.28912353515625 -0.280426025390625 0.174179077148438
-0.5333251953125 0.310211181640625 -0.320556640625 0.135284423828125
-0.441192626953125 0.35418701171875 -0.256546020507812 0.0559539794921875
-0.175079345703125 0.420989990234375 -0.171722412109375 -0.020233154296875
-0.0968017578125 0.48260498046875 -0.177032470703125 -0.0601654052734374
0.091094970703125 0.467193603515625 -0.288421630859375 -0.10540771484375
0.198974609375 0.43572998046875 -0.474212646484375 -0.14154052734375
0.2882080078125 0.515045166015625 0.4029541015625 -0.075836181640625
0.116546630859375 0.48876953125 0.358154296875 -0.083892822265625
-0.0340576171874999 0.624755859375 0.258071899414063 -0.056793212890625
-0.266021728515625 0.508575439453125 0.332550048828125 -0.0382080078125
-0.50286865234375 0.378875732421875 0.30584716796875 -0.040740966796875
-0.602783203125 0.36932373046875 0.269393920898437 0.03302001953125
-0.60205078125 0.3170166015625 0.189865112304687 0.0124359130859375
-0.62188720703125 0.17376708984375 0.0584526062011718 -0.00353622436523436
-0.608642578125 0.34429931640625 -0.106193542480469 0.0367050170898438
-0.549102783203125 0.402496337890625 -0.206497192382813 0.0275421142578125
-0.426483154296875 0.464141845703125 -0.235916137695313 0.00700378417968755
-0.11151123046875 0.525177001953125 -0.181625366210938 0.0166168212890625
-0.02435302734375 0.58251953125 -0.178146362304687 0.0404052734375001
0.170318603515625 0.520263671875 -0.234573364257813 0.0166625976562501
0.24749755859375 0.4727783203125 -0.403533935546875 0.0221862792968751
0.220947265625 0.476837158203125 0.479217529296875 0.09063720703125
0.045379638671875 0.442047119140625 0.3997802734375 0.073150634765625
-0.105316162109375 0.537200927734375 0.248977661132813 0.045166015625
-0.28985595703125 0.39947509765625 0.313934326171875 0.019012451171875
-0.47955322265625 0.2655029296875 0.3441162109375 -0.065216064453125
-0.572998046875 0.27947998046875 0.380767822265625 -0.06195068359375
-0.55743408203125 0.259918212890625 0.36517333984375 -0.12274169921875
-0.57122802734375 0.16107177734375 0.245559692382812 -0.137832641601563
-0.55377197265625 0.34112548828125 0.0485916137695312 -0.128852844238281
-0.47528076171875 0.4129638671875 -0.114479064941406 -0.113616943359375
-0.338287353515625 0.4716796875 -0.223785400390625 -0.05474853515625
-0.035064697265625 0.514984130859375 -0.184738159179688 0.0527191162109376
0.04473876953125 0.5677490234375 -0.151931762695313 0.137863159179688
0.216094970703125 0.481719970703125 -0.147018432617188 0.136703491210938
0.2579345703125 0.440826416015625 -0.3084716796875 0.18487548828125
0.134307861328125 0.365478515625 0.518890380859375 0.233612060546875
-0.00485229492187498 0.32476806640625 0.38885498046875 0.202911376953125
-0.1185302734375 0.3701171875 0.202072143554688 0.121078491210938
-0.230438232421875 0.24139404296875 0.261337280273438 0.0617828369140625
-0.35528564453125 0.13580322265625 0.357208251953125 -0.06585693359375
-0.435943603515625 0.16778564453125 0.46710205078125 -0.120849609375
-0.42156982421875 0.171722412109375 0.5074462890625 -0.226715087890625
-0.435546875 0.119720458984375 0.39306640625 -0.252197265625
-0.421417236328125 0.267730712890625 0.163238525390625 -0.2838134765625
-0.34185791015625 0.32623291015625 -0.05401611328125 -0.246078491210937
-0.22357177734375 0.36944580078125 -0.219558715820312 -0.110855102539062
0.01043701171875 0.3980712890625 -0.184463500976563 0.0800018310546875
0.067291259765625 0.44158935546875 -0.120223999023438 0.210800170898438
0.1939697265625 0.36407470703125 -0.0562744140625 0.235610961914063
0.20947265625 0.3431396484375 -0.213470458984375 0.31829833984375
0.0472412109375 0.20635986328125 0.534149169921875 0.327178955078125
-0.0164337158203125 0.17266845703125 0.352569580078125 0.279022216796875
-0.0692138671875 0.191314697265625 0.152099609375 0.158767700195312
-0.110557556152344 0.106925964355469 0.2044677734375 0.078033447265625
-0.177810668945313 0.046417236328125 0.34576416015625 -0.057037353515625
-0.235626220703125 0.077880859375 0.51495361328125 -0.156463623046875
-0.219390869140625 0.08050537109375 0.5921630859375 -0.29296875
-0.232666015625 0.0592041015625 0.482177734375 -0.332183837890625
-0.233078002929688 0.139892578125 0.225921630859375 -0.395965576171875
-0.180557250976563 0.172012329101563 -0.02593994140625 -0.342010498046875
-0.11016845703125 0.19256591796875 -0.219924926757813 -0.147293090820313
0.0184326171875 0.214736938476563 -0.188995361328125 0.098419189453125
0.0440216064453125 0.247268676757813 -0.103713989257813 0.2559814453125
0.112091064453125 0.195083618164063 0.00448608398437499 0.304656982421875
0.109771728515625 0.198348999023438 -0.143096923828125 0.412841796875
0.0274314880371094 0.0374565124511719 0.0574951171875 -0.42742919921875
-0.00875377655029297 -0.0143013000488281 -0.02239990234375 -0.35260009765625
-0.012054443359375 -0.00502490997314453 0.0901641845703125 -0.245620727539063
-0.0127334594726563 -0.00384902954101563 0.183731079101563 -0.106231689453125
-0.0175533294677734 0.00327873229980468 0.180755615234375 0.141387939453125
-0.00221443176269531 0.00119948387145996 0.039337158203125 0.350830078125
-0.000209808349609373 0.0144834518432617 -0.240234375 0.437896728515625
0.00369882583618164 0.000914573669433594 -0.467041015625 0.343475341796875
0.0222969055175781 0.0121784210205078 -0.60211181640625 0.29864501953125
-0.00463771820068359 0.0116548538208008 -0.536712646484375 0.1923828125
-0.0171375274658203 0.0151166915893555 -0.30517578125 0.089019775390625
-0.00597381591796875 -0.0132474899291992 -0.139625549316406 -0.0635604858398437
-0.000832557678222656 -0.0115938186645508 -0.116424560546875 -0.192230224609375
0.00700092315673828 -0.0118913650512695 -0.31103515625 -0.27410888671875
0.0181636810302734 0.000774383544921875 -0.52685546875 -0.392791748046875
0.173492431640625 0.21234130859375 0.097564697265625 -0.417816162109375
0.0993804931640625 0.1624755859375 0.03314208984375 -0.36505126953125
0.060394287109375 0.231430053710938 0.120147705078125 -0.244125366210937
-0.0370025634765625 0.214889526367187 0.221298217773438 -0.115921020507813
-0.145751953125 0.194595336914063 0.192962646484375 0.115615844726563
-0.18548583984375 0.187820434570312 0.05157470703125 0.333953857421875
-0.214859008789063 0.167526245117188 -0.208587646484375 0.40570068359375
-0.238494873046875 0.0720977783203125 -0.42059326171875 0.322601318359375
-0.22088623046875 0.109695434570312 -0.554168701171875 0.30169677734375
-0.226089477539062 0.08984375 -0.50054931640625 0.20367431640625
-0.206451416015625 0.093353271484375 -0.2945556640625 0.0885620117187501
-0.112228393554687 0.106163024902344 -0.141387939453125 -0.0617523193359375
-0.0819091796875 0.141830444335938 -0.122711181640625 -0.176284790039063
-0.000137329101562497 0.168731689453125 -0.306304931640625 -0.25885009765625
0.07586669921875 0.179916381835938 -0.529876708984375 -0.36395263671875
0.27691650390625 0.3681640625 0.184295654296875 -0.357208251953125
0.167755126953125 0.325531005859375 0.136962890625 -0.328582763671875
0.088592529296875 0.446563720703125 0.170669555664063 -0.216766357421875
-0.0928955078125 0.404144287109375 0.267425537109375 -0.1148681640625
-0.28973388671875 0.346832275390625 0.217239379882813 0.0675048828125
-0.368438720703125 0.33306884765625 0.0935821533203125 0.264083862304688
-0.406402587890625 0.2821044921875 -0.121124267578125 0.309478759765625
-0.44268798828125 0.1298828125 -0.305267333984375 0.24627685546875
-0.4285888671875 0.209991455078125 -0.439697265625 0.26513671875
-0.41650390625 0.197357177734375 -0.426971435546875 0.19317626953125
-0.361114501953125 0.2154541015625 -0.27899169921875 0.082672119140625
-0.175491333007813 0.259979248046875 -0.157684326171875 -0.0477447509765625
-0.118408203125 0.317626953125 -0.15234375 -0.135238647460938
0.028594970703125 0.338409423828125 -0.307952880859375 -0.200439453125
0.14007568359375 0.33355712890625 -0.520538330078125 -0.27264404296875
0.31890869140625 0.473724365234375 0.29541015625 -0.2373046875
0.173675537109375 0.4439697265625 0.258834838867188 -0.233367919921875
0.0541381835937499 0.5938720703125 0.224685668945313 -0.155776977539062
-0.1778564453125 0.5184326171875 0.311614990234375 -0.091949462890625
-0.42144775390625 0.420623779296875 0.258834838867188 0.00605773925781253
-0.523162841796875 0.402252197265625 0.169403076171875 0.1507568359375
-0.54608154296875 0.3372802734375 0.0185394287109375 0.165054321289063
-0.5771484375 0.16827392578125 -0.136085510253906 0.131263732910156
-0.5633544921875 0.298828125 -0.279388427734375 0.177963256835938
-0.5316162109375 0.321044921875 -0.3209228515625 0.140411376953125
-0.44000244140625 0.364166259765625 -0.257476806640625 0.0595245361328125
-0.171539306640625 0.424468994140625 -0.17364501953125 -0.0182952880859375
-0.0909423828125 0.485443115234375 -0.178848266601563 -0.0590362548828124
0.098388671875 0.46844482421875 -0.29144287109375 -0.103118896484375
0.20684814453125 0.435455322265625 -0.479461669921875 -0.136077880859375
0.29705810546875 0.512420654296875 0.404449462890625 -0.081298828125
0.123443603515625 0.48968505859375 0.35882568359375 -0.088897705078125
-0.026123046875 0.62884521484375 0.259994506835937 -0.0606689453124999
-0.26007080078125 0.515838623046875 0.3336181640625 -0.043731689453125
-0.500885009765625 0.388031005859375 0.306427001953125 -0.045562744140625
-0.602783203125 0.38006591796875 0.273040771484375 0.0301666259765625
-0.59918212890625 0.32733154296875 0.190872192382812 0.00946044921875002
-0.62335205078125 0.18255615234375 0.0580635070800781 -0.00490188598632811
-0.60699462890625 0.35467529296875 -0.105720520019531 0.0378646850585938
-0.547271728515625 0.412567138671875 -0.20751953125 0.0300140380859375
-0.42230224609375 0.47381591796875 -0.237823486328125 0.010223388671875
-0.10443115234375 0.528350830078125 -0.183059692382813 0.0190582275390625
-0.0166625976562499 0.58489990234375 -0.17822265625 0.0422210693359375
0.17852783203125 0.521636962890625 -0.236068725585937 0.0191497802734375
0.256988525390625 0.471923828125 -0.407257080078125 0.0275268554687501
0.22930908203125 0.475677490234375 0.484466552734375 0.0836181640625
0.05157470703125 0.444244384765625 0.4034423828125 0.066650390625
-0.0982666015625 0.5408935546875 0.251129150390625 0.0417022705078125
-0.28631591796875 0.404266357421875 0.31585693359375 0.0150146484375
-0.480194091796875 0.273193359375 0.34454345703125 -0.069854736328125
-0.5728759765625 0.2890625 0.38482666015625 -0.0662841796875
-0.55810546875 0.267181396484375 0.366058349609375 -0.129058837890625
-0.57476806640625 0.168212890625 0.244552612304687 -0.1417236328125
-0.5523681640625 0.34991455078125 0.0474014282226562 -0.130477905273437
-0.4720458984375 0.42144775390625 -0.11700439453125 -0.113166809082031
-0.3343505859375 0.4814453125 -0.22637939453125 -0.0525054931640625
-0.028778076171875 0.5194091796875 -0.185150146484375 0.0550079345703125
0.0530395507812499 0.5699462890625 -0.151168823242188 0.139755249023438
0.224212646484375 0.47955322265625 -0.146713256835937 0.139572143554688
0.26605224609375 0.440032958984375 -0.30853271484375 0.190582275390625
0.14105224609375 0.3642578125 0.52435302734375 0.227386474609375
-0.000885009765625021 0.3272705078125 0.393768310546875 0.1966552734375
-0.11431884765625 0.37322998046875 0.205337524414063 0.118606567382813
-0.228408813476562 0.245132446289063 0.262802124023438 0.0577392578125
-0.35723876953125 0.1416015625 0.357177734375 -0.0718994140625
-0.43707275390625 0.175872802734375 0.47003173828125 -0.12841796875
-0.421173095703125 0.178955078125 0.505828857421875 -0.23406982421875
-0.438323974609375 0.12615966796875 0.3927001953125 -0.256988525390625
-0.420135498046875 0.274017333984375 0.1605224609375 -0.2867431640625
-0.338531494140625 0.333404541015625 -0.058349609375 -0.2470703125
-0.220550537109375 0.374420166015625 -0.22271728515625 -0.108566284179687
0.0159912109375 0.399871826171875 -0.184555053710938 0.082275390625
0.0751953125 0.4422607421875 -0.118011474609375 0.212661743164063
0.200775146484375 0.363037109375 -0.05389404296875 0.236419677734375
0.21661376953125 0.3427734375 -0.20989990234375 0.32366943359375
0.0515899658203125 0.206512451171875 0.542816162109375 0.32086181640625
-0.0143890380859375 0.17449951171875 0.35931396484375 0.276275634765625
-0.0659942626953125 0.19366455078125 0.155227661132813 0.156982421875
-0.109642028808594 0.109550476074219 0.207366943359375 0.0751800537109375
-0.178634643554687 0.049468994140625 0.34735107421875 -0.0621337890625
-0.235641479492188 0.0813751220703126 0.515899658203125 -0.163909912109375
-0.219589233398438 0.08416748046875 0.591064453125 -0.3018798828125
-0.2342529296875 0.061859130859375 0.48052978515625 -0.339599609375
-0.232101440429688 0.143646240234375 0.221832275390625 -0.400634765625
-0.179229736328125 0.176071166992187 -0.031494140625 -0.344573974609375
-0.108078002929688 0.195770263671875 -0.22332763671875 -0.145095825195312
0.0210723876953125 0.216400146484375 -0.18804931640625 0.100799560546875
0.0482025146484375 0.2479248046875 -0.100738525390625 0.257614135742188
0.115005493164063 0.19439697265625 0.00759887695312498 0.305572509765625
0.112747192382813 0.198577880859375 -0.1396484375 0.416839599609375
0.028839111328125 0.0363540649414063 0.05224609375 -0.430908203125
-0.00880050659179687 -0.0135736465454102 -0.027374267578125 -0.353759765625
-0.0123720169067383 -0.00510406494140625 0.08734130859375 -0.248214721679688
-0.0133371353149414 -0.00407791137695312 0.182693481445313 -0.109481811523438
-0.0182113647460937 0.00344657897949219 0.18359375 0.140090942382812
-0.00166177749633789 0.000776886940002441 0.04498291015625 0.352203369140625
0.000289916992187499 0.0143404006958008 -0.2337646484375 0.441864013671875
0.00427651405334473 0.000756263732910156 -0.463836669921875 0.349853515625
0.0231838226318359 0.0117950439453125 -0.60003662109375 0.30938720703125
-0.00437831878662109 0.0118284225463867 -0.534088134765625 0.200958251953125
-0.0171356201171875 0.0161371231079102 -0.304962158203125 0.093719482421875
-0.00699996948242188 -0.0130815505981445 -0.1417236328125 -0.0626220703125
-0.00151634216308594 -0.0117807388305664 -0.120330810546875 -0.191497802734375
0.00657272338867187 -0.0115346908569336 -0.3165283203125 -0.27178955078125
0.019683837890625 0.000539779663085937 -0.534881591796875 -0.38671875
0.178421020507813 0.209915161132812 0.0919799804687501 -0.421783447265625
0.102340698242188 0.161544799804688 0.02850341796875 -0.3673095703125
0.0646514892578125 0.231246948242188 0.117263793945313 -0.246917724609375
-0.03448486328125 0.21600341796875 0.219818115234375 -0.11944580078125
-0.144256591796875 0.197494506835938 0.19549560546875 0.11322021484375
-0.183639526367188 0.191070556640625 0.058258056640625 0.33526611328125
-0.212997436523437 0.171615600585938 -0.202667236328125 0.410003662109375
-0.238265991210938 0.07513427734375 -0.417388916015625 0.3265380859375
-0.219619750976563 0.113265991210938 -0.55242919921875 0.3114013671875
-0.225814819335937 0.0941925048828125 -0.499176025390625 0.211944580078125
-0.205535888671875 0.09698486328125 -0.294586181640625 0.0936279296875
-0.111610412597656 0.107818603515625 -0.14459228515625 -0.0600128173828125
-0.0803985595703125 0.143630981445313 -0.126144409179688 -0.175827026367188
0.00231933593749999 0.169723510742188 -0.310211181640625 -0.254302978515625
0.07977294921875 0.179901123046875 -0.537841796875 -0.357513427734375
0.284759521484375 0.3651123046875 0.18072509765625 -0.362060546875
0.171600341796875 0.324981689453125 0.13177490234375 -0.3331298828125
0.09564208984375 0.446258544921875 0.168838500976563 -0.2210693359375
-0.087432861328125 0.406524658203125 0.266799926757813 -0.119415283203125
-0.285888671875 0.353973388671875 0.219329833984375 0.0648040771484375
-0.3663330078125 0.3399658203125 0.099151611328125 0.264266967773438
-0.4039306640625 0.2891845703125 -0.11712646484375 0.3118896484375
-0.444427490234375 0.137451171875 -0.30303955078125 0.251373291015625
-0.42584228515625 0.216400146484375 -0.43743896484375 0.273345947265625
-0.41558837890625 0.2042236328125 -0.42620849609375 0.2003173828125
-0.3592529296875 0.22210693359375 -0.279022216796875 0.087066650390625
-0.173507690429688 0.263092041015625 -0.15960693359375 -0.0460205078125
-0.114227294921875 0.31982421875 -0.155197143554688 -0.134307861328125
0.0333251953125 0.338623046875 -0.31231689453125 -0.197418212890625
0.146514892578125 0.33294677734375 -0.5260009765625 -0.265411376953125
0.32843017578125 0.4700927734375 0.293975830078125 -0.24444580078125
0.1807861328125 0.44525146484375 0.2559814453125 -0.239013671875
0.06317138671875 0.595947265625 0.2242431640625 -0.160247802734375
-0.172637939453125 0.523529052734375 0.311676025390625 -0.097930908203125
-0.418548583984375 0.428924560546875 0.25921630859375 0.00227355957031253
-0.519500732421875 0.411712646484375 0.173828125 0.149124145507813
-0.543304443359375 0.34759521484375 0.0213012695312499 0.165084838867188
-0.57757568359375 0.177490234375 -0.135406494140625 0.13330078125
-0.560760498046875 0.308624267578125 -0.277755737304688 0.183349609375
-0.52783203125 0.330810546875 -0.319854736328125 0.1458740234375
-0.43670654296875 0.373321533203125 -0.258453369140625 0.064208984375
-0.16632080078125 0.42926025390625 -0.175506591796875 -0.0162353515625
-0.08416748046875 0.48907470703125 -0.180801391601563 -0.05706787109375
0.10443115234375 0.467620849609375 -0.294769287109375 -0.099822998046875
0.21539306640625 0.43450927734375 -0.48358154296875 -0.128936767578125
0.306488037109375 0.51031494140625 0.404632568359375 -0.08905029296875
0.131988525390625 0.489654541015625 0.358917236328125 -0.096405029296875
-0.0162353515625001 0.6317138671875 0.26019287109375 -0.0644073486328125
-0.254791259765625 0.521575927734375 0.334991455078125 -0.04888916015625
-0.4991455078125 0.397430419921875 0.3076171875 -0.050201416015625
-0.59906005859375 0.39227294921875 0.276138305664062 0.026824951171875
-0.59814453125 0.33807373046875 0.19183349609375 0.00653076171875002
-0.6248779296875 0.19207763671875 0.0581741333007812 -0.00644302368164061
-0.6024169921875 0.36492919921875 -0.105384826660156 0.0401458740234375
-0.544586181640625 0.42156982421875 -0.208145141601563 0.032928466796875
-0.4180908203125 0.483123779296875 -0.239486694335938 0.0135192871093751
-0.098541259765625 0.53204345703125 -0.184188842773438 0.0220642089843751
-0.00671386718749999 0.587890625 -0.178665161132813 0.0438232421875001
0.186767578125 0.51885986328125 -0.237228393554688 0.0223388671875
0.26593017578125 0.471435546875 -0.408599853515625 0.0340881347656251
0.238983154296875 0.47296142578125 0.48681640625 0.077362060546875
0.05804443359375 0.445587158203125 0.40655517578125 0.060516357421875
-0.089019775390625 0.545562744140625 0.253738403320313 0.0386505126953125
-0.282440185546875 0.410888671875 0.31787109375 0.010162353515625
-0.479766845703125 0.2818603515625 0.345062255859375 -0.076171875
-0.57049560546875 0.30078125 0.386383056640625 -0.07269287109375
-0.5560302734375 0.27764892578125 0.36572265625 -0.13519287109375
-0.57379150390625 0.1766357421875 0.243026733398438 -0.145767211914063
-0.549957275390625 0.360198974609375 0.0460433959960937 -0.131446838378906
-0.46881103515625 0.430511474609375 -0.119438171386719 -0.112625122070312
-0.32977294921875 0.488861083984375 -0.228836059570313 -0.0496673583984375
-0.02032470703125 0.521728515625 -0.18505859375 0.057647705078125
0.0625 0.57049560546875 -0.149826049804688 0.14117431640625
0.231048583984375 0.47772216796875 -0.146453857421875 0.141830444335938
0.274322509765625 0.4383544921875 -0.3070068359375 0.1956787109375
0.14874267578125 0.362640380859375 0.530670166015625 0.220794677734375
0.00341796874999998 0.3287353515625 0.398651123046875 0.192962646484375
-0.107574462890625 0.375732421875 0.208206176757813 0.116317749023438
-0.22564697265625 0.2493896484375 0.264999389648437 0.054046630859375
-0.356658935546875 0.1488037109375 0.356781005859375 -0.07672119140625
-0.437164306640625 0.184112548828125 0.470123291015625 -0.134979248046875
-0.418609619140625 0.18646240234375 0.50555419921875 -0.243011474609375
-0.438629150390625 0.132354736328125 0.388824462890625 -0.263092041015625
-0.418701171875 0.282318115234375 0.156890869140625 -0.29083251953125
-0.33526611328125 0.34051513671875 -0.062042236328125 -0.248336791992187
-0.2169189453125 0.37921142578125 -0.225631713867187 -0.105712890625
0.022003173828125 0.402130126953125 -0.184310913085937 0.0853118896484376
0.08392333984375 0.44329833984375 -0.11505126953125 0.214691162109375
0.2069091796875 0.36083984375 -0.0521697998046875 0.237762451171875
0.22259521484375 0.340972900390625 -0.206878662109375 0.328399658203125
0.055145263671875 0.206344604492187 0.548858642578125 0.314910888671875
-0.0114898681640625 0.175552368164063 0.364501953125 0.27130126953125
-0.06298828125 0.194778442382813 0.158523559570312 0.1553955078125
-0.108505249023437 0.110984802246094 0.20916748046875 0.072021484375
-0.17950439453125 0.0526885986328125 0.3472900390625 -0.068603515625
-0.2359619140625 0.0861358642578125 0.516021728515625 -0.171722412109375
-0.219284057617188 0.0877227783203125 0.58758544921875 -0.30975341796875
-0.234130859375 0.0654296875 0.476776123046875 -0.345550537109375
-0.230743408203125 0.1473388671875 0.217742919921875 -0.405731201171875
-0.177383422851563 0.179885864257812 -0.036376953125 -0.345916748046875
-0.106292724609375 0.197830200195313 -0.2266845703125 -0.142852783203125
0.024627685546875 0.2166748046875 -0.18780517578125 0.104171752929688
0.0528411865234375 0.248260498046875 -0.097564697265625 0.259719848632813
0.1182861328125 0.1923828125 0.011810302734375 0.306182861328125
0.116989135742188 0.198165893554688 -0.13433837890625 0.42156982421875
0.0302886962890625 0.0353736877441406 0.04669189453125 -0.433441162109375
-0.0095510482788086 -0.013697624206543 -0.03271484375 -0.3548583984375
-0.013066291809082 -0.00526046752929688 0.08294677734375 -0.249893188476563
-0.0143022537231445 -0.00451755523681641 0.180679321289063 -0.1121826171875
-0.0186634063720703 0.00297927856445312 0.18609619140625 0.13726806640625
-0.00133681297302246 0.00017237663269043 0.05126953125 0.351409912109375
0.000782012939453123 0.0142145156860352 -0.227386474609375 0.445770263671875
0.00461292266845703 0.000184535980224609 -0.459930419921875 0.354888916015625
0.0236530303955078 0.0111904144287109 -0.59686279296875 0.320556640625
-0.00376033782958984 0.0120439529418945 -0.532470703125 0.21087646484375
-0.0167903900146484 0.0173521041870117 -0.304595947265625 0.0995788574218751
-0.00805950164794922 -0.0129766464233398 -0.14434814453125 -0.0606689453125
-0.00247383117675781 -0.0122346878051758 -0.124191284179687 -0.19049072265625
0.00683021545410156 -0.0113973617553711 -0.322784423828125 -0.26702880859375
0.0204639434814453 0.0001678466796875 -0.54425048828125 -0.379730224609375
0.183731079101563 0.2056884765625 0.0855712890625 -0.426116943359375
0.104995727539062 0.160964965820313 0.022369384765625 -0.36962890625
0.0680694580078125 0.230712890625 0.113250732421875 -0.250335693359375
-0.0323486328125 0.216690063476562 0.217971801757813 -0.123199462890625
-0.142410278320312 0.200973510742188 0.197265625 0.11053466796875
-0.181243896484375 0.194595336914063 0.064727783203125 0.335601806640625
-0.210662841796875 0.175613403320313 -0.195892333984375 0.4139404296875
-0.238113403320312 0.0796203613281249 -0.41448974609375 0.333221435546875
-0.217132568359375 0.116867065429687 -0.549041748046875 0.32183837890625
-0.224624633789063 0.0989837646484375 -0.496856689453125 0.2208251953125
-0.204986572265625 0.10150146484375 -0.294708251953125 0.098114013671875
-0.110923767089844 0.109756469726563 -0.14654541015625 -0.0584869384765625
-0.0787200927734375 0.144439697265625 -0.128997802734375 -0.1744384765625
0.00450134277343749 0.169830322265625 -0.314971923828125 -0.25006103515625
0.083953857421875 0.179000854492188 -0.5457763671875 -0.349639892578125
0.2921142578125 0.359649658203125 0.17529296875 -0.3680419921875
0.1783447265625 0.32244873046875 0.127044677734375 -0.336639404296875
0.1038818359375 0.447784423828125 0.166549682617188 -0.224319458007813
-0.082733154296875 0.409576416015625 0.265625 -0.124176025390625
-0.281707763671875 0.35882568359375 0.220657348632812 0.0612945556640625
-0.361602783203125 0.346893310546875 0.1053466796875 0.263168334960938
-0.40087890625 0.2978515625 -0.11163330078125 0.313812255859375
-0.443328857421875 0.1444091796875 -0.299957275390625 0.2550048828125
-0.422882080078125 0.223419189453125 -0.434234619140625 0.281494140625
-0.412689208984375 0.213226318359375 -0.4229736328125 0.208709716796875
-0.356658935546875 0.22943115234375 -0.279678344726563 0.0925903320312501
-0.17059326171875 0.266021728515625 -0.161865234375 -0.04364013671875
-0.10980224609375 0.322418212890625 -0.157882690429688 -0.13299560546875
0.038909912109375 0.33831787109375 -0.3173828125 -0.19354248046875
0.15289306640625 0.331695556640625 -0.53265380859375 -0.258819580078125
0.33831787109375 0.465179443359375 0.289764404296875 -0.250823974609375
0.187591552734375 0.443603515625 0.252944946289062 -0.244857788085937
0.0736083984375 0.59576416015625 0.223037719726563 -0.164443969726562
-0.16412353515625 0.526702880859375 0.31121826171875 -0.10333251953125
-0.41387939453125 0.436553955078125 0.260345458984375 -0.00230407714843747
-0.51422119140625 0.422576904296875 0.178619384765625 0.1474609375
-0.5391845703125 0.35736083984375 0.0239105224609375 0.16455078125
-0.57855224609375 0.1859130859375 -0.133735656738281 0.135078430175781
-0.55743408203125 0.31878662109375 -0.274749755859375 0.18804931640625
-0.523895263671875 0.341094970703125 -0.31842041015625 0.15179443359375
-0.431640625 0.380645751953125 -0.258987426757813 0.06878662109375
-0.161041259765625 0.43243408203125 -0.177139282226563 -0.0135803222656249
-0.07635498046875 0.491058349609375 -0.181640625 -0.0561065673828124
0.114166259765625 0.46600341796875 -0.29754638671875 -0.095672607421875
0.225341796875 0.432708740234375 -0.48846435546875 -0.121612548828125
0.31732177734375 0.506622314453125 0.4049072265625 -0.09539794921875
0.138519287109375 0.48919677734375 0.35760498046875 -0.103057861328125
-0.00610351562499998 0.6346435546875 0.261123657226562 -0.0688323974609374
-0.24810791015625 0.526519775390625 0.33447265625 -0.0548095703125
-0.49462890625 0.409423828125 0.306915283203125 -0.055633544921875
-0.59661865234375 0.40484619140625 0.279312133789062 0.0229034423828125
-0.59521484375 0.3489990234375 0.1929931640625 0.00332641601562502
-0.6256103515625 0.20220947265625 0.058135986328125 -0.00717926025390624
-0.598388671875 0.376708984375 -0.104652404785156 0.0414886474609375
-0.538482666015625 0.4329833984375 -0.208084106445313 0.0360565185546876
-0.41278076171875 0.491943359375 -0.240447998046875 0.0180206298828126
-0.090545654296875 0.534332275390625 -0.1846923828125 0.0244598388671875
0.00238037109374997 0.58978271484375 -0.17828369140625 0.0459136962890626
0.1954345703125 0.517181396484375 -0.238357543945313 0.025238037109375
0.27532958984375 0.46905517578125 -0.40899658203125 0.040130615234375
0.24725341796875 0.471099853515625 0.4891357421875 0.068939208984375
0.065032958984375 0.4468994140625 0.407806396484375 0.053375244140625
-0.079803466796875 0.5474853515625 0.255966186523438 0.0343017578125
-0.278045654296875 0.416748046875 0.318359375 0.00442504882812503
-0.478118896484375 0.2911376953125 0.344970703125 -0.082000732421875
-0.5679931640625 0.31158447265625 0.387237548828125 -0.078125
-0.553192138671875 0.28814697265625 0.36517333984375 -0.140960693359375
-0.57513427734375 0.186279296875 0.241607666015625 -0.1497802734375
-0.544677734375 0.37054443359375 0.0446853637695312 -0.132339477539062
-0.46234130859375 0.44219970703125 -0.121208190917969 -0.110870361328125
-0.3231201171875 0.495880126953125 -0.231185913085938 -0.045562744140625
-0.01348876953125 0.522186279296875 -0.184906005859375 0.06072998046875
0.0724487304687501 0.572021484375 -0.14788818359375 0.142562866210938
0.23931884765625 0.474945068359375 -0.145370483398438 0.143585205078125
0.283294677734375 0.436065673828125 -0.30572509765625 0.2017822265625
0.156097412109375 0.3619384765625 0.534942626953125 0.213134765625
0.00912475585937499 0.329986572265625 0.403594970703125 0.1868896484375
-0.102294921875 0.37945556640625 0.210830688476563 0.113174438476563
-0.223159790039063 0.253768920898437 0.26593017578125 0.0498504638671875
-0.35736083984375 0.155548095703125 0.35650634765625 -0.084228515625
-0.4344482421875 0.19146728515625 0.46990966796875 -0.14410400390625
-0.4171142578125 0.192230224609375 0.5013427734375 -0.2510986328125
-0.438995361328125 0.139129638671875 0.386444091796875 -0.269134521484375
-0.41363525390625 0.289459228515625 0.1533203125 -0.29345703125
-0.330810546875 0.34820556640625 -0.0665283203125 -0.248687744140625
-0.211822509765625 0.385223388671875 -0.22918701171875 -0.1029052734375
0.029205322265625 0.4022216796875 -0.18316650390625 0.0873260498046875
0.0907897949218749 0.443023681640625 -0.111862182617188 0.2159423828125
0.212646484375 0.356475830078125 -0.0492401123046875 0.238113403320313
0.229522705078125 0.339141845703125 -0.202239990234375 0.333282470703125
0.05902099609375 0.2056884765625 0.556182861328125 0.306640625
-0.0092620849609375 0.176895141601563 0.370697021484375 0.2669677734375
-0.05926513671875 0.196685791015625 0.161407470703125 0.152359008789063
-0.10650634765625 0.113021850585938 0.210906982421875 0.0689544677734375
-0.179611206054687 0.0562286376953125 0.34637451171875 -0.07452392578125
-0.23516845703125 0.091094970703125 0.516021728515625 -0.180267333984375
-0.21820068359375 0.091339111328125 0.5849609375 -0.32080078125
-0.234848022460938 0.06964111328125 0.472259521484375 -0.353546142578125
-0.229965209960938 0.15106201171875 0.21142578125 -0.409942626953125
-0.1748046875 0.183517456054688 -0.042938232421875 -0.347564697265625
-0.103805541992187 0.200531005859375 -0.230270385742187 -0.140640258789063
0.0285491943359375 0.216537475585937 -0.186569213867188 0.106918334960937
0.057647705078125 0.248245239257813 -0.092926025390625 0.261306762695313
0.121063232421875 0.190826416015625 0.015655517578125 0.306976318359375
0.121109008789063 0.197174072265625 -0.12799072265625 0.4259033203125
0.0320377349853516 0.0336799621582031 0.039306640625 -0.43621826171875
-0.00986671447753906 -0.0131359100341797 -0.03839111328125 -0.355255126953125
-0.0132131576538086 -0.005218505859375 0.07855224609375 -0.2518310546875
-0.0154314041137695 -0.00457763671875 0.178878784179687 -0.114715576171875
-0.0185985565185547 0.00293540954589843 0.189178466796875 0.134979248046875
-0.00116324424743652 -0.000126242637634277 0.058319091796875 0.351959228515625
0.00185775756835938 0.0136890411376953 -0.2205810546875 0.45025634765625
0.00476646423339844 -5.81741333007812E-05 -0.455291748046875 0.363037109375
0.0242881774902344 0.0103282928466797 -0.59234619140625 0.32965087890625
-0.00335025787353516 0.0118808746337891 -0.52972412109375 0.2193603515625
-0.0164241790771484 0.0179977416992188 -0.30316162109375 0.10430908203125
-0.00836277008056641 -0.0126075744628906 -0.14617919921875 -0.0585479736328125
-0.00289821624755859 -0.0120563507080078 -0.12744140625 -0.188674926757812
0.00640583038330078 -0.0113611221313477 -0.326568603515625 -0.26165771484375
0.0214481353759766 -0.00046539306640625 -0.551910400390625 -0.371185302734375
0.188034057617187 0.2021484375 0.07952880859375 -0.429718017578125
0.107757568359375 0.159515380859375 0.016754150390625 -0.371368408203125
0.0724029541015625 0.229751586914063 0.109298706054687 -0.253067016601563
-0.0294647216796875 0.217803955078125 0.216400146484375 -0.127059936523438
-0.13958740234375 0.203643798828125 0.199661254882812 0.1082763671875
-0.178176879882813 0.197525024414063 0.071563720703125 0.33447265625
-0.208587646484375 0.179489135742188 -0.190216064453125 0.417236328125
-0.236892700195313 0.0833282470703125 -0.40985107421875 0.339569091796875
-0.2149658203125 0.12066650390625 -0.542022705078125 0.330474853515625
-0.222610473632812 0.103042602539062 -0.4925537109375 0.23016357421875
-0.203018188476563 0.10565185546875 -0.293426513671875 0.104095458984375
-0.10992431640625 0.110908508300781 -0.148590087890625 -0.056427001953125
-0.076904296875 0.145858764648438 -0.132705688476563 -0.1727294921875
0.00781250000000001 0.170028686523438 -0.320892333984375 -0.246490478515625
0.08740234375 0.177780151367187 -0.55322265625 -0.34173583984375
0.300445556640625 0.354278564453125 0.1693115234375 -0.372528076171875
0.183929443359375 0.3212890625 0.121673583984375 -0.34112548828125
0.112335205078125 0.44549560546875 0.162353515625 -0.2281494140625
-0.07635498046875 0.41192626953125 0.263427734375 -0.128875732421875
-0.277069091796875 0.365325927734375 0.222000122070312 0.057830810546875
-0.3568115234375 0.353515625 0.110870361328125 0.261627197265625
-0.395782470703125 0.303924560546875 -0.10638427734375 0.31549072265625
-0.4423828125 0.150970458984375 -0.296722412109375 0.2601318359375
-0.418914794921875 0.23065185546875 -0.4295654296875 0.28863525390625
-0.40869140625 0.219696044921875 -0.42022705078125 0.215545654296875
-0.353240966796875 0.23712158203125 -0.278289794921875 0.097137451171875
-0.167633056640625 0.268997192382813 -0.163909912109375 -0.04193115234375
-0.1044921875 0.32427978515625 -0.16064453125 -0.131195068359375
0.044921875 0.337799072265625 -0.31976318359375 -0.1893310546875
0.159881591796875 0.329925537109375 -0.537445068359375 -0.25006103515625
0.34698486328125 0.459014892578125 0.28778076171875 -0.257232666015625
0.194793701171875 0.440582275390625 0.24896240234375 -0.250640869140625
0.0849609374999999 0.59808349609375 0.221145629882812 -0.16815185546875
-0.15484619140625 0.531158447265625 0.309173583984375 -0.109222412109375
-0.407684326171875 0.446044921875 0.260177612304688 -0.00666809082031247
-0.508575439453125 0.431976318359375 0.183349609375 0.144577026367188
-0.53350830078125 0.36688232421875 0.026885986328125 0.16400146484375
-0.5772705078125 0.196533203125 -0.1318359375 0.136627197265625
-0.551971435546875 0.32855224609375 -0.272048950195313 0.192596435546875
-0.5186767578125 0.350555419921875 -0.315704345703125 0.15673828125
-0.427276611328125 0.39031982421875 -0.258712768554688 0.0735015869140626
-0.154876708984375 0.4345703125 -0.17822265625 -0.0114593505859375
-0.0675048828125 0.493011474609375 -0.183395385742188 -0.053680419921875
0.120574951171875 0.46466064453125 -0.29986572265625 -0.091827392578125
0.232574462890625 0.429534912109375 -0.490386962890625 -0.1136474609375
0.3260498046875 0.500762939453125 0.4044189453125 -0.103759765625
0.146026611328125 0.48779296875 0.3558349609375 -0.110260009765625
0.00537109374999993 0.6353759765625 0.260787963867187 -0.0739135742187499
-0.24114990234375 0.532501220703125 0.3341064453125 -0.0606689453125
-0.490142822265625 0.417205810546875 0.306365966796875 -0.06134033203125
-0.58941650390625 0.416015625 0.2822265625 0.018096923828125
-0.59088134765625 0.35992431640625 0.193313598632812 -0.00129699707031248
-0.6234130859375 0.2132568359375 0.057708740234375 -0.00840377807617186
-0.59185791015625 0.38671875 -0.103858947753906 0.0433273315429688
-0.532562255859375 0.44464111328125 -0.207656860351563 0.0395965576171875
-0.405487060546875 0.500457763671875 -0.241119384765625 0.0218658447265626
-0.082244873046875 0.536956787109375 -0.185089111328125 0.0273132324218751
0.01287841796875 0.58935546875 -0.17779541015625 0.0476837158203126
0.204010009765625 0.512908935546875 -0.23870849609375 0.02850341796875
0.28424072265625 0.464385986328125 -0.410797119140625 0.0475463867187501
0.257110595703125 0.466217041015625 0.490936279296875 0.060882568359375
0.072662353515625 0.446319580078125 0.409820556640625 0.046356201171875
-0.0708618164062501 0.550262451171875 0.256820678710938 0.0302276611328125
-0.271270751953125 0.42169189453125 0.31890869140625 -0.000793457031249974
-0.47589111328125 0.30029296875 0.34326171875 -0.088653564453125
-0.5640869140625 0.322509765625 0.388641357421875 -0.084625244140625
-0.550079345703125 0.296539306640625 0.363555908203125 -0.14837646484375
-0.5731201171875 0.1947021484375 0.238418579101562 -0.154129028320312
-0.53936767578125 0.37939453125 0.0426788330078125 -0.133552551269531
-0.45654296875 0.450592041015625 -0.123725891113281 -0.109855651855469
-0.315704345703125 0.50341796875 -0.232666015625 -0.0422210693359374
-0.00393676757812501 0.523284912109375 -0.18408203125 0.063232421875
0.08282470703125 0.57073974609375 -0.145523071289063 0.14434814453125
0.24700927734375 0.470245361328125 -0.143539428710937 0.145217895507813
0.29193115234375 0.431884765625 -0.303131103515625 0.2081298828125
0.16265869140625 0.35919189453125 0.54022216796875 0.203521728515625
0.0133056640625 0.33062744140625 0.405181884765625 0.1800537109375
-0.094573974609375 0.380889892578125 0.21343994140625 0.1090087890625
-0.219039916992187 0.257553100585938 0.267898559570313 0.0449371337890625
-0.356353759765625 0.1624755859375 0.3551025390625 -0.09014892578125
-0.43212890625 0.200592041015625 0.4696044921875 -0.15155029296875
-0.41558837890625 0.200225830078125 0.499481201171875 -0.260345458984375
-0.438232421875 0.146331787109375 0.381622314453125 -0.27618408203125
-0.40966796875 0.297149658203125 0.148406982421875 -0.296783447265625
-0.326568603515625 0.355010986328125 -0.0714874267578125 -0.248092651367187
-0.20574951171875 0.390167236328125 -0.231887817382812 -0.0992279052734375
0.035858154296875 0.403656005859375 -0.181549072265625 0.0908355712890626
0.098907470703125 0.442626953125 -0.1085205078125 0.217239379882813
0.218658447265625 0.353179931640625 -0.0462799072265625 0.239501953125
0.236541748046875 0.336578369140625 -0.19769287109375 0.338348388671875
0.0631103515625 0.204559326171875 0.562225341796875 0.298828125
-0.006561279296875 0.177200317382813 0.37493896484375 0.26080322265625
-0.05511474609375 0.197738647460938 0.164230346679688 0.150314331054688
-0.104743957519531 0.114364624023438 0.212356567382812 0.064849853515625
-0.1793212890625 0.060516357421875 0.34552001953125 -0.081146240234375
-0.23419189453125 0.0961761474609375 0.512908935546875 -0.1905517578125
-0.217056274414063 0.0948944091796875 0.580078125 -0.33221435546875
-0.234893798828125 0.07318115234375 0.467529296875 -0.360137939453125
-0.226882934570312 0.155029296875 0.205108642578125 -0.41241455078125
-0.171661376953125 0.187362670898438 -0.049285888671875 -0.347564697265625
-0.100540161132812 0.203460693359375 -0.233413696289063 -0.137420654296875
0.0319061279296875 0.216506958007813 -0.184829711914063 0.110107421875
0.06207275390625 0.247589111328125 -0.08941650390625 0.262939453125
0.123886108398438 0.188064575195312 0.0201416015625 0.30633544921875
0.124786376953125 0.195724487304688 -0.121337890625 0.428314208984375
0.0330238342285156 0.0318508148193359 0.032012939453125 -0.437591552734375
-0.0102043151855469 -0.013127326965332 -0.04437255859375 -0.354705810546875
-0.0138883590698242 -0.00495624542236328 0.0735015869140625 -0.253067016601563
-0.0157947540283203 -0.00455760955810547 0.17608642578125 -0.117568969726563
-0.0192012786865234 0.00258827209472656 0.191360473632813 0.13177490234375
-0.000976443290710449 -0.00110554695129395 0.064544677734375 0.351104736328125
0.00246143341064453 0.0132999420166016 -0.21148681640625 0.452056884765625
0.00551795959472656 -6.866455078125E-05 -0.448974609375 0.368194580078125
0.0248489379882813 0.010223388671875 -0.586181640625 0.33868408203125
-0.00334835052490234 0.0124874114990234 -0.525360107421875 0.229583740234375
-0.0159339904785156 0.0187778472900391 -0.3011474609375 0.110198974609375
-0.00891399383544922 -0.0125932693481445 -0.148162841796875 -0.0567474365234375
-0.00347805023193359 -0.0119695663452148 -0.131240844726563 -0.1864013671875
0.00642299652099609 -0.0111246109008789 -0.330535888671875 -0.2552490234375
0.0221519470214844 -0.000926971435546875 -0.557952880859375 -0.36151123046875
0.1922607421875 0.197311401367188 0.0718688964843751 -0.43157958984375
0.109725952148438 0.158096313476563 0.01092529296875 -0.37152099609375
0.076873779296875 0.228439331054687 0.105300903320312 -0.254776000976562
-0.0262603759765625 0.218017578125 0.212890625 -0.130462646484375
-0.136947631835938 0.206253051757813 0.200836181640625 0.104141235351563
-0.174514770507813 0.200668334960938 0.077667236328125 0.333343505859375
-0.204803466796875 0.1822509765625 -0.18060302734375 0.418548583984375
-0.235275268554688 0.0872039794921876 -0.403778076171875 0.3446044921875
-0.21185302734375 0.123733520507813 -0.53704833984375 0.338531494140625
-0.220046997070313 0.107208251953125 -0.4884033203125 0.23822021484375
-0.201019287109375 0.110015869140625 -0.291015625 0.108917236328125
-0.108116149902344 0.112983703613281 -0.150375366210938 -0.053802490234375
-0.0743865966796875 0.146728515625 -0.135665893554688 -0.171234130859375
0.0106353759765625 0.169082641601563 -0.3243408203125 -0.240203857421875
0.091766357421875 0.1759033203125 -0.55914306640625 -0.331451416015625
0.307342529296875 0.347869873046875 0.162750244140625 -0.375640869140625
0.18756103515625 0.317962646484375 0.114654541015625 -0.3428955078125
0.12078857421875 0.44207763671875 0.159393310546875 -0.230621337890625
-0.069793701171875 0.412261962890625 0.260467529296875 -0.134002685546875
-0.27197265625 0.3695068359375 0.222030639648437 0.0539093017578125
-0.3502197265625 0.360565185546875 0.117416381835937 0.2598876953125
-0.391510009765625 0.310272216796875 -0.1004638671875 0.316619873046875
-0.43975830078125 0.15875244140625 -0.291534423828125 0.2633056640625
-0.413665771484375 0.237518310546875 -0.4237060546875 0.295623779296875
-0.40447998046875 0.2271728515625 -0.415283203125 0.22357177734375
-0.34893798828125 0.24346923828125 -0.277130126953125 0.102005004882813
-0.163528442382812 0.270797729492188 -0.165390014648438 -0.0386810302734375
-0.099090576171875 0.32550048828125 -0.162734985351562 -0.12896728515625
0.0504150390625 0.3359375 -0.32305908203125 -0.1824951171875
0.166351318359375 0.326416015625 -0.541290283203125 -0.240509033203125
0.35552978515625 0.452392578125 0.283782958984375 -0.261749267578125
0.20281982421875 0.437042236328125 0.243820190429688 -0.255340576171875
0.0944824218750001 0.59588623046875 0.21826171875 -0.17242431640625
-0.147369384765625 0.53387451171875 0.306915283203125 -0.114044189453125
-0.401580810546875 0.453887939453125 0.259353637695313 -0.0114898681640625
-0.50164794921875 0.44244384765625 0.186813354492187 0.141693115234375
-0.527008056640625 0.377044677734375 0.0297698974609375 0.162994384765625
-0.5745849609375 0.2061767578125 -0.129608154296875 0.138046264648437
-0.544525146484375 0.33807373046875 -0.26806640625 0.19677734375
-0.512603759765625 0.359954833984375 -0.312408447265625 0.162200927734375
-0.419525146484375 0.398834228515625 -0.257614135742187 0.0776824951171875
-0.147918701171875 0.43670654296875 -0.179290771484375 -0.00842285156249998
-0.059234619140625 0.49273681640625 -0.183837890625 -0.0511932373046875
0.12847900390625 0.46063232421875 -0.30145263671875 -0.086822509765625
0.241485595703125 0.42559814453125 -0.493011474609375 -0.104583740234375
0.3355712890625 0.492950439453125 0.401580810546875 -0.1099853515625
0.155487060546875 0.48583984375 0.354644775390625 -0.117340087890625
0.0173339843750001 0.63482666015625 0.259902954101563 -0.07763671875
-0.23199462890625 0.536651611328125 0.332427978515625 -0.06689453125
-0.48468017578125 0.427001953125 0.30438232421875 -0.06658935546875
-0.5830078125 0.42669677734375 0.283416748046875 0.01324462890625
-0.5831298828125 0.369873046875 0.193557739257812 -0.00485229492187498
-0.6204833984375 0.22247314453125 0.0568618774414062 -0.00964736938476561
-0.584716796875 0.39630126953125 -0.102592468261719 0.0445480346679688
-0.52362060546875 0.452484130859375 -0.206985473632813 0.0434570312500001
-0.39715576171875 0.50775146484375 -0.2410888671875 0.0266113281250001
-0.074249267578125 0.537567138671875 -0.18487548828125 0.0304107666015625
0.02362060546875 0.588623046875 -0.177398681640625 0.04974365234375
0.21319580078125 0.5072021484375 -0.2391357421875 0.0323944091796876
0.292388916015625 0.46038818359375 -0.4093017578125 0.055999755859375
0.26495361328125 0.46026611328125 0.493438720703125 0.051788330078125
0.079345703125 0.444610595703125 0.4102783203125 0.038116455078125
-0.0606689453125 0.550323486328125 0.257247924804688 0.0256195068359375
-0.263916015625 0.42578125 0.318206787109375 -0.00695800781249997
-0.4713134765625 0.30889892578125 0.34039306640625 -0.09466552734375
-0.55853271484375 0.332183837890625 0.387603759765625 -0.090118408203125
-0.544952392578125 0.3074951171875 0.359954833984375 -0.1546630859375
-0.57159423828125 0.204833984375 0.235519409179687 -0.157379150390625
-0.53192138671875 0.38726806640625 0.0402755737304687 -0.133865356445312
-0.448486328125 0.459197998046875 -0.125755310058594 -0.107528686523437
-0.30780029296875 0.5086669921875 -0.23370361328125 -0.0374298095703124
0.00360107421875001 0.52215576171875 -0.183456420898437 0.066680908203125
0.09326171875 0.5682373046875 -0.143600463867188 0.145523071289063
0.255859375 0.463409423828125 -0.14154052734375 0.147262573242188
0.299560546875 0.4276123046875 -0.2998046875 0.2135009765625
0.169097900390625 0.355010986328125 0.544647216796875 0.19512939453125
0.01947021484375 0.33026123046875 0.409027099609375 0.171722412109375
-0.087432861328125 0.381622314453125 0.21484375 0.10577392578125
-0.214202880859375 0.26116943359375 0.26824951171875 0.0405120849609375
-0.3546142578125 0.1700439453125 0.35308837890625 -0.096435546875
-0.429229736328125 0.2081298828125 0.466827392578125 -0.159210205078125
-0.411529541015625 0.20709228515625 0.493408203125 -0.267791748046875
-0.436187744140625 0.153900146484375 0.376312255859375 -0.28192138671875
-0.403533935546875 0.302276611328125 0.1429443359375 -0.29833984375
-0.318603515625 0.360687255859375 -0.075408935546875 -0.246917724609375
-0.1995849609375 0.394073486328125 -0.233627319335937 -0.09539794921875
0.042022705078125 0.401580810546875 -0.179916381835938 0.0934295654296875
0.107696533203125 0.44036865234375 -0.104476928710938 0.217544555664063
0.223876953125 0.347747802734375 -0.0432891845703125 0.239303588867188
0.24249267578125 0.33251953125 -0.1917724609375 0.34088134765625
0.067718505859375 0.2030029296875 0.567138671875 0.2882080078125
-0.003692626953125 0.177764892578125 0.378936767578125 0.25347900390625
-0.05035400390625 0.197952270507813 0.166549682617187 0.146865844726563
-0.102676391601563 0.116493225097656 0.212966918945313 0.06109619140625
-0.178253173828125 0.0645904541015625 0.34332275390625 -0.08746337890625
-0.231887817382813 0.101287841796875 0.510101318359375 -0.198638916015625
-0.214950561523437 0.0986480712890625 0.57373046875 -0.34033203125
-0.23468017578125 0.077484130859375 0.46185302734375 -0.366241455078125
-0.224319458007813 0.158447265625 0.197784423828125 -0.415618896484375
-0.168228149414062 0.190017700195312 -0.0565185546875 -0.346649169921875
-0.09686279296875 0.204788208007812 -0.236160278320312 -0.13323974609375
0.0359649658203125 0.215316772460938 -0.182357788085938 0.11212158203125
0.0672760009765625 0.246475219726562 -0.0844268798828125 0.2633056640625
0.12677001953125 0.18505859375 0.024505615234375 0.305694580078125
0.12908935546875 0.193466186523438 -0.114532470703125 0.4312744140625
0.0339107513427734 0.0300121307373047 0.024810791015625 -0.43731689453125
-0.010584831237793 -0.0130414962768555 -0.0491943359375 -0.353546142578125
-0.0141706466674805 -0.00458145141601563 0.06939697265625 -0.254470825195313
-0.0163888931274414 -0.00418758392333985 0.173248291015625 -0.119781494140625
-0.0195198059082031 0.00303077697753906 0.192840576171875 0.1278076171875
-0.00125491619110107 -0.00169503688812256 0.0716552734375 0.348419189453125
0.00287437438964844 0.0132236480712891 -0.202972412109375 0.45361328125
0.00628232955932617 -0.00104475021362305 -0.441650390625 0.373992919921875
0.0256443023681641 0.00860595703125 -0.57818603515625 0.34710693359375
-0.00288867950439453 0.0129632949829102 -0.517974853515625 0.237548828125
-0.0154190063476562 0.0194797515869141 -0.298248291015625 0.11431884765625
-0.0100240707397461 -0.0123500823974609 -0.149246215820312 -0.053863525390625
-0.00383472442626953 -0.0120019912719727 -0.134078979492187 -0.18408203125
0.00630283355712891 -0.0108737945556641 -0.333282470703125 -0.248687744140625
0.0228214263916016 -0.00169754028320312 -0.5625 -0.35028076171875
0.196502685546875 0.192520141601563 0.064361572265625 -0.43212890625
0.112350463867188 0.155410766601563 0.00326538085937503 -0.37115478515625
0.08056640625 0.226791381835937 0.100006103515625 -0.256393432617188
-0.022979736328125 0.217575073242188 0.209686279296875 -0.133651733398438
-0.133895874023437 0.207794189453125 0.202041625976563 0.101089477539063
-0.17022705078125 0.20306396484375 0.0848693847656249 0.33056640625
-0.200515747070312 0.184829711914063 -0.17388916015625 0.41986083984375
-0.23272705078125 0.089996337890625 -0.398773193359375 0.348388671875
-0.208999633789062 0.126632690429688 -0.52850341796875 0.34674072265625
-0.217453002929687 0.11077880859375 -0.4818115234375 0.246856689453125
-0.198501586914063 0.114044189453125 -0.28900146484375 0.113983154296875
-0.106842041015625 0.114509582519531 -0.151535034179688 -0.051239013671875
-0.0720367431640625 0.146575927734375 -0.13800048828125 -0.168319702148438
0.013427734375 0.168060302734375 -0.32623291015625 -0.2347412109375
0.095245361328125 0.173263549804688 -0.564453125 -0.32110595703125
0.313507080078125 0.33984375 0.155975341796875 -0.378875732421875
0.19342041015625 0.31390380859375 0.1085205078125 -0.3446044921875
0.127410888671875 0.4398193359375 0.15460205078125 -0.233261108398437
-0.06353759765625 0.41326904296875 0.257217407226563 -0.137863159179687
-0.265167236328125 0.374237060546875 0.222259521484375 0.0498046875
-0.343048095703125 0.36492919921875 0.122634887695312 0.256866455078125
-0.38519287109375 0.31591796875 -0.093994140625 0.31610107421875
-0.43658447265625 0.165435791015625 -0.287261962890625 0.26580810546875
-0.407684326171875 0.243988037109375 -0.417816162109375 0.301483154296875
-0.397796630859375 0.234344482421875 -0.410552978515625 0.23095703125
-0.343597412109375 0.247955322265625 -0.274307250976562 0.106948852539063
-0.15924072265625 0.271865844726563 -0.166259765625 -0.0357818603515625
-0.09332275390625 0.325408935546875 -0.16473388671875 -0.126663208007812
0.05560302734375 0.333282470703125 -0.32666015625 -0.176361083984375
0.1732177734375 0.322509765625 -0.544281005859375 -0.22930908203125
0.363525390625 0.442626953125 0.277175903320312 -0.267868041992188
0.208892822265625 0.433685302734375 0.238296508789063 -0.260238647460938
0.106689453125 0.59027099609375 0.21539306640625 -0.175827026367187
-0.137298583984375 0.533355712890625 0.303131103515625 -0.11944580078125
-0.392730712890625 0.460479736328125 0.258560180664063 -0.0159759521484375
-0.491546630859375 0.450714111328125 0.191070556640625 0.137908935546875
-0.52032470703125 0.384735107421875 0.033172607421875 0.16119384765625
-0.56964111328125 0.2154541015625 -0.127685546875 0.139602661132813
-0.535400390625 0.344390869140625 -0.26348876953125 0.200653076171875
-0.50408935546875 0.368988037109375 -0.308807373046875 0.16717529296875
-0.41229248046875 0.406219482421875 -0.256027221679688 0.0825500488281251
-0.1402587890625 0.437591552734375 -0.179397583007813 -0.005340576171875
-0.049957275390625 0.49224853515625 -0.1846923828125 -0.0483856201171875
0.135345458984375 0.456207275390625 -0.302337646484375 -0.08148193359375
0.2484130859375 0.4202880859375 -0.493408203125 -0.094390869140625
0.344482421875 0.485198974609375 0.399658203125 -0.11834716796875
0.162506103515625 0.481201171875 0.350067138671875 -0.123077392578125
0.02862548828125 0.6324462890625 0.2581787109375 -0.08233642578125
-0.223541259765625 0.537872314453125 0.329925537109375 -0.072998046875
-0.47735595703125 0.4344482421875 0.301727294921875 -0.0721435546875
-0.5740966796875 0.43438720703125 0.284820556640625 0.00823974609375003
-0.57647705078125 0.38031005859375 0.19293212890625 -0.00856018066406248
-0.61572265625 0.232421875 0.0561943054199218 -0.0105476379394531
-0.5750732421875 0.4044189453125 -0.101371765136719 0.0464248657226563
-0.513397216796875 0.462554931640625 -0.20562744140625 0.046661376953125
-0.386749267578125 0.51470947265625 -0.240585327148438 0.0311431884765626
-0.0660400390625 0.53692626953125 -0.184402465820313 0.033233642578125
0.0343017578125 0.58489990234375 -0.176284790039062 0.05126953125
0.2200927734375 0.501312255859375 -0.2381591796875 0.0359649658203126
0.301910400390625 0.45452880859375 -0.406646728515625 0.0625915527343751
0.273040771484375 0.45361328125 0.49273681640625 0.0433349609375
0.08599853515625 0.441802978515625 0.408935546875 0.030853271484375
-0.05010986328125 0.550140380859375 0.257415771484375 0.0213623046875
-0.25775146484375 0.429290771484375 0.31671142578125 -0.012542724609375
-0.464813232421875 0.31756591796875 0.337646484375 -0.1007080078125
-0.551300048828125 0.3421630859375 0.385955810546875 -0.097259521484375
-0.53704833984375 0.315643310546875 0.355712890625 -0.160614013671875
-0.568115234375 0.21417236328125 0.231948852539062 -0.160385131835938
-0.523651123046875 0.395751953125 0.038116455078125 -0.133857727050781
-0.437042236328125 0.466888427734375 -0.127349853515625 -0.105354309082031
-0.29730224609375 0.5133056640625 -0.234466552734375 -0.033203125
0.01190185546875 0.521209716796875 -0.182235717773437 0.0691833496093751
0.103271484375 0.56524658203125 -0.140411376953125 0.146240234375
0.262115478515625 0.457550048828125 -0.139923095703125 0.148635864257813
0.30810546875 0.420989990234375 -0.294921875 0.218048095703125
0.174774169921875 0.35064697265625 0.545135498046875 0.184600830078125
0.024658203125 0.32904052734375 0.409942626953125 0.16473388671875
-0.07916259765625 0.382537841796875 0.2159423828125 0.10113525390625
-0.209457397460938 0.263504028320313 0.2672119140625 0.035614013671875
-0.35113525390625 0.17529296875 0.349609375 -0.1031494140625
-0.42327880859375 0.2158203125 0.463531494140625 -0.16705322265625
-0.4061279296875 0.2142333984375 0.488433837890625 -0.276763916015625
-0.43365478515625 0.159820556640625 0.370025634765625 -0.286285400390625
-0.397003173828125 0.309356689453125 0.13751220703125 -0.299560546875
-0.3115234375 0.366668701171875 -0.08026123046875 -0.24530029296875
-0.19195556640625 0.39776611328125 -0.235427856445313 -0.0908050537109374
0.04937744140625 0.398773193359375 -0.177749633789063 0.096466064453125
0.1153564453125 0.43670654296875 -0.10101318359375 0.218215942382813
0.228240966796875 0.34246826171875 -0.0394439697265625 0.238433837890625
0.248199462890625 0.3272705078125 -0.186614990234375 0.344146728515625
0.071624755859375 0.20086669921875 0.56988525390625 0.27825927734375
-0.000167846679687518 0.17694091796875 0.383087158203125 0.247222900390625
-0.0457305908203125 0.197662353515625 0.1678466796875 0.143142700195313
-0.0997543334960938 0.116775512695312 0.213180541992188 0.056488037109375
-0.177200317382813 0.0675506591796875 0.340850830078125 -0.09381103515625
-0.229339599609375 0.105545043945313 0.505584716796875 -0.206787109375
-0.213058471679687 0.1019287109375 0.56488037109375 -0.34759521484375
-0.232666015625 0.0811004638671875 0.453399658203125 -0.37152099609375
-0.221176147460938 0.161834716796875 0.190826416015625 -0.41680908203125
-0.164337158203125 0.193069458007812 -0.061920166015625 -0.345489501953125
-0.0938873291015625 0.206741333007813 -0.238372802734375 -0.12921142578125
0.039215087890625 0.214004516601563 -0.179443359375 0.114822387695313
0.0719451904296875 0.244354248046875 -0.0796661376953125 0.262725830078125
0.128387451171875 0.182052612304688 0.028961181640625 0.303466796875
0.132095336914063 0.191024780273438 -0.107513427734375 0.433441162109375
0.0348186492919922 0.0281105041503906 0.017120361328125 -0.436431884765625
-0.0111913681030273 -0.0123262405395508 -0.055389404296875 -0.35101318359375
-0.0141324996948242 -0.0045928955078125 0.06463623046875 -0.25469970703125
-0.0175256729125977 -0.00425338745117188 0.17059326171875 -0.121383666992188
-0.0205097198486328 0.00303077697753906 0.194381713867187 0.124176025390625
-0.00157046318054199 -0.0024116039276123 0.078369140625 0.34490966796875
0.00356578826904297 0.0121135711669922 -0.194732666015625 0.453826904296875
0.00686502456665039 -0.00178003311157227 -0.433807373046875 0.375396728515625
0.0258712768554688 0.00811195373535156 -0.57025146484375 0.3555908203125
-0.00216579437255859 0.0125770568847656 -0.51080322265625 0.24505615234375
-0.0146007537841797 0.0200462341308594 -0.294708251953125 0.119049072265625
-0.0103626251220703 -0.0119609832763672 -0.14996337890625 -0.05181884765625
-0.00470924377441406 -0.0118131637573242 -0.137115478515625 -0.180984497070312
0.00692558288574219 -0.0110740661621094 -0.3355712890625 -0.241973876953125
0.0232906341552734 -0.00263214111328125 -0.5675048828125 -0.339599609375
0.19854736328125 0.18646240234375 0.056365966796875 -0.4327392578125
0.114089965820312 0.152908325195313 -0.002899169921875 -0.37017822265625
0.0835113525390625 0.223846435546875 0.095703125 -0.256820678710938
-0.0201416015625 0.217300415039063 0.206466674804687 -0.136978149414063
-0.13037109375 0.209671020507812 0.202529907226563 0.0975189208984375
-0.166763305664063 0.2049560546875 0.09136962890625 0.32757568359375
-0.197036743164063 0.187286376953125 -0.16461181640625 0.420684814453125
-0.230316162109375 0.0933837890625 -0.389892578125 0.35125732421875
-0.20440673828125 0.129119873046875 -0.52130126953125 0.354217529296875
-0.2138671875 0.113937377929688 -0.47442626953125 0.25323486328125
-0.19500732421875 0.11712646484375 -0.28533935546875 0.117919921875
-0.105003356933594 0.11505126953125 -0.15252685546875 -0.0485687255859375
-0.0695037841796875 0.147308349609375 -0.140853881835937 -0.166061401367188
0.0158538818359375 0.166305541992188 -0.328369140625 -0.22698974609375
0.0986785888671875 0.170425415039063 -0.56732177734375 -0.30975341796875
0.3179931640625 0.332122802734375 0.148834228515625 -0.38055419921875
0.19683837890625 0.308563232421875 0.101654052734375 -0.345306396484375
0.13525390625 0.4359130859375 0.150421142578125 -0.235137939453125
-0.055206298828125 0.41131591796875 0.25225830078125 -0.141464233398437
-0.259063720703125 0.37835693359375 0.22161865234375 0.0465850830078125
-0.3360595703125 0.37017822265625 0.127777099609375 0.253372192382813
-0.3780517578125 0.322113037109375 -0.088226318359375 0.315765380859375
-0.43170166015625 0.17108154296875 -0.28167724609375 0.268524169921875
-0.401580810546875 0.248443603515625 -0.4100341796875 0.3065185546875
-0.391143798828125 0.240509033203125 -0.40362548828125 0.234619140625
-0.337646484375 0.254150390625 -0.271011352539063 0.111221313476563
-0.155029296875 0.273468017578125 -0.167266845703125 -0.0327606201171875
-0.088134765625 0.324676513671875 -0.166000366210937 -0.123672485351562
0.061004638671875 0.32989501953125 -0.326690673828125 -0.172149658203125
0.178497314453125 0.318267822265625 -0.546356201171875 -0.219818115234375
0.368804931640625 0.433685302734375 0.27099609375 -0.271499633789063
0.2144775390625 0.42706298828125 0.231369018554688 -0.263519287109375
0.11749267578125 0.5870361328125 0.211517333984375 -0.178192138671875
-0.130859375 0.534454345703125 0.300048828125 -0.12384033203125
-0.385498046875 0.466094970703125 0.25604248046875 -0.0197296142578125
-0.481689453125 0.457000732421875 0.193801879882812 0.133041381835938
-0.51116943359375 0.390350341796875 0.035888671875 0.158981323242188
-0.5645751953125 0.22259521484375 -0.125076293945312 0.140213012695313
-0.527679443359375 0.35186767578125 -0.258956909179688 0.20391845703125
-0.494384765625 0.375579833984375 -0.304656982421875 0.1712646484375
-0.40411376953125 0.410919189453125 -0.253555297851563 0.0865631103515625
-0.133697509765625 0.436248779296875 -0.179153442382813 -0.00239562988281247
-0.042449951171875 0.489654541015625 -0.18487548828125 -0.0462493896484375
0.1427001953125 0.449951171875 -0.302215576171875 -0.0767822265625
0.254913330078125 0.413970947265625 -0.492462158203125 -0.0862426757812501
0.350799560546875 0.4744873046875 0.396209716796875 -0.12451171875
0.168731689453125 0.47607421875 0.345245361328125 -0.12921142578125
0.04034423828125 0.62872314453125 0.25592041015625 -0.086090087890625
-0.2125244140625 0.538726806640625 0.32672119140625 -0.07794189453125
-0.467376708984375 0.442840576171875 0.298614501953125 -0.07684326171875
-0.564208984375 0.443359375 0.285247802734375 0.00378417968750003
-0.5679931640625 0.38726806640625 0.191604614257812 -0.012298583984375
-0.610107421875 0.2413330078125 0.0556106567382812 -0.0111846923828125
-0.56610107421875 0.4114990234375 -0.0999526977539063 0.0483551025390625
-0.50250244140625 0.469970703125 -0.203811645507813 0.0490570068359375
-0.37579345703125 0.518951416015625 -0.239013671875 0.0358886718750001
-0.05767822265625 0.534820556640625 -0.183700561523438 0.0363616943359375
0.043701171875 0.58038330078125 -0.174713134765625 0.05322265625
0.225616455078125 0.4930419921875 -0.236541748046875 0.0386505126953125
0.30810546875 0.44671630859375 -0.40423583984375 0.0690612792968751
0.27801513671875 0.4449462890625 0.490264892578125 0.033538818359375
0.0931396484375 0.437896728515625 0.40625 0.023345947265625
-0.040802001953125 0.54766845703125 0.256332397460938 0.016815185546875
-0.2489013671875 0.430908203125 0.314544677734375 -0.018096923828125
-0.4586181640625 0.324737548828125 0.333526611328125 -0.10614013671875
-0.541473388671875 0.349517822265625 0.3846435546875 -0.104034423828125
-0.52880859375 0.32269287109375 0.351806640625 -0.1661376953125
-0.561309814453125 0.22271728515625 0.227874755859375 -0.16253662109375
-0.514404296875 0.40216064453125 0.0360870361328125 -0.133964538574219
-0.428192138671875 0.472320556640625 -0.128799438476563 -0.102928161621094
-0.289337158203125 0.51763916015625 -0.234405517578125 -0.0284271240234375
0.02105712890625 0.51800537109375 -0.180252075195313 0.0722198486328125
0.11334228515625 0.55865478515625 -0.13751220703125 0.1470947265625
0.267059326171875 0.448516845703125 -0.137527465820312 0.149627685546875
0.3128662109375 0.413818359375 -0.291229248046875 0.2218017578125
0.180328369140625 0.345458984375 0.545501708984375 0.1741943359375
0.029998779296875 0.3265380859375 0.41058349609375 0.157257080078125
-0.07171630859375 0.381011962890625 0.216293334960938 0.097076416015625
-0.204147338867188 0.265777587890625 0.265914916992188 0.0304412841796875
-0.345977783203125 0.181060791015625 0.3453369140625 -0.109375
-0.417236328125 0.222381591796875 0.459259033203125 -0.174285888671875
-0.401031494140625 0.2203369140625 0.48089599609375 -0.282745361328125
-0.42852783203125 0.166900634765625 0.36456298828125 -0.289520263671875
-0.39093017578125 0.313751220703125 0.13232421875 -0.29974365234375
-0.303375244140625 0.37005615234375 -0.08453369140625 -0.242645263671875
-0.185150146484375 0.3990478515625 -0.236831665039063 -0.086334228515625
0.05517578125 0.396820068359375 -0.1748046875 0.0988922119140625
0.123138427734375 0.432098388671875 -0.09637451171875 0.218170166015625
0.233734130859375 0.336700439453125 -0.0369415283203125 0.2379150390625
0.2537841796875 0.321685791015625 -0.18035888671875 0.344482421875
0.0750274658203125 0.198272705078125 0.5723876953125 0.26641845703125
0.00276184082031251 0.176437377929688 0.3848876953125 0.23944091796875
-0.0413970947265625 0.197128295898438 0.1695556640625 0.139358520507813
-0.0974273681640625 0.118141174316406 0.212417602539063 0.0532989501953125
-0.175613403320313 0.071533203125 0.336029052734375 -0.09991455078125
-0.2257080078125 0.1094970703125 0.500152587890625 -0.21441650390625
-0.209854125976563 0.105300903320312 0.556671142578125 -0.3548583984375
-0.2310791015625 0.08447265625 0.445343017578125 -0.376953125
-0.217666625976563 0.164276123046875 0.1817626953125 -0.4178466796875
-0.159835815429688 0.195281982421875 -0.067962646484375 -0.34246826171875
-0.0900115966796875 0.207534790039063 -0.2401123046875 -0.124603271484375
0.0428009033203125 0.212066650390625 -0.176712036132812 0.116531372070313
0.076171875 0.241592407226563 -0.0749359130859375 0.262466430664062
0.13018798828125 0.178680419921875 0.0325927734375 0.301422119140625
0.135086059570313 0.188034057617188 -0.098907470703125 0.431610107421875
0.0353851318359375 0.0258979797363281 0.011322021484375 -0.434234619140625
-0.0114259719848633 -0.0123701095581055 -0.060211181640625 -0.34771728515625
-0.0146903991699219 -0.00458145141601562 0.0603179931640625 -0.254348754882813
-0.01800537109375 -0.00387763977050781 0.16650390625 -0.123046875
-0.0205154418945313 0.00303268432617187 0.194305419921875 0.1207275390625
-0.00162196159362793 -0.00283575057983398 0.08319091796875 0.341156005859375
0.00360012054443359 0.011897087097168 -0.185302734375 0.45233154296875
0.00648880004882813 -0.0022430419921875 -0.426788330078125 0.37786865234375
0.0260124206542969 0.00752449035644531 -0.560333251953125 0.361907958984375
-0.00217437744140625 0.0125589370727539 -0.501922607421875 0.251922607421875
-0.0139064788818359 0.0207691192626953 -0.2906494140625 0.122589111328125
-0.011103630065918 -0.0117673873901367 -0.151046752929688 -0.0496673583984375
-0.0052642822265625 -0.0115203857421875 -0.138916015625 -0.177947998046875
0.00673580169677734 -0.0106868743896484 -0.336883544921875 -0.2353515625
0.0239734649658203 -0.00380706787109375 -0.56927490234375 -0.3294677734375
0.20050048828125 0.180801391601563 0.05029296875 -0.430206298828125
0.11590576171875 0.150527954101563 -0.00915527343750003 -0.36822509765625
0.086822509765625 0.220718383789063 0.091217041015625 -0.257110595703125
-0.0169830322265625 0.215896606445313 0.201705932617188 -0.138565063476563
-0.12646484375 0.21026611328125 0.202545166015625 0.0931854248046875
-0.162445068359375 0.20574951171875 0.0965576171875 0.32305908203125
-0.19244384765625 0.188949584960938 -0.156890869140625 0.41949462890625
-0.227493286132813 0.0958099365234375 -0.382049560546875 0.35296630859375
-0.200820922851563 0.13067626953125 -0.509918212890625 0.358551025390625
-0.209808349609375 0.11712646484375 -0.466827392578125 0.2587890625
-0.191436767578125 0.119903564453125 -0.281524658203125 0.121917724609375
-0.103034973144531 0.1156005859375 -0.153793334960937 -0.04608154296875
-0.066986083984375 0.147018432617188 -0.142745971679687 -0.162750244140625
0.018646240234375 0.164886474609375 -0.329193115234375 -0.220367431640625
0.101577758789063 0.167526245117188 -0.5684814453125 -0.29913330078125
0.32147216796875 0.322479248046875 0.1422119140625 -0.381439208984375
0.19970703125 0.30438232421875 0.094329833984375 -0.3455810546875
0.142059326171875 0.43096923828125 0.145950317382813 -0.23626708984375
-0.049713134765625 0.410491943359375 0.248291015625 -0.144119262695312
-0.2525634765625 0.380706787109375 0.22021484375 0.042236328125
-0.328582763671875 0.373565673828125 0.132659912109375 0.249435424804688
-0.37042236328125 0.325286865234375 -0.083251953125 0.313995361328125
-0.426544189453125 0.176788330078125 -0.275970458984375 0.269851684570313
-0.3944091796875 0.252471923828125 -0.401702880859375 0.310882568359375
-0.384124755859375 0.24517822265625 -0.39703369140625 0.240325927734375
-0.330963134765625 0.25775146484375 -0.267913818359375 0.115081787109375
-0.150527954101563 0.273056030273438 -0.167266845703125 -0.030181884765625
-0.082244873046875 0.323394775390625 -0.167327880859375 -0.12109375
0.0650634765625 0.326141357421875 -0.326873779296875 -0.16656494140625
0.183349609375 0.31341552734375 -0.5462646484375 -0.210540771484375
0.374603271484375 0.423583984375 0.265579223632813 -0.274826049804688
0.218902587890625 0.42138671875 0.225540161132813 -0.265838623046875
0.12567138671875 0.5814208984375 0.2080078125 -0.180938720703125
-0.121612548828125 0.5330810546875 0.295501708984375 -0.128082275390625
-0.377288818359375 0.469635009765625 0.253753662109375 -0.024139404296875
-0.4710693359375 0.462127685546875 0.196517944335937 0.129150390625
-0.501220703125 0.397125244140625 0.038360595703125 0.156295776367188
-0.55712890625 0.230499267578125 -0.122161865234375 0.140853881835938
-0.517578125 0.358306884765625 -0.253097534179688 0.20623779296875
-0.485260009765625 0.381561279296875 -0.2998046875 0.174774169921875
-0.394317626953125 0.415283203125 -0.251296997070313 0.0907440185546875
-0.127044677734375 0.436126708984375 -0.178909301757813 0.000656127929687506
-0.0345458984375 0.4866943359375 -0.184494018554687 -0.0438690185546874
0.147430419921875 0.44378662109375 -0.301910400390625 -0.07220458984375
0.260650634765625 0.406219482421875 -0.49090576171875 -0.077850341796875
0.356903076171875 0.465667724609375 0.390289306640625 -0.130859375
0.17523193359375 0.4703369140625 0.341156005859375 -0.134307861328125
0.05072021484375 0.62384033203125 0.252822875976562 -0.0894012451171874
-0.203369140625 0.539337158203125 0.322998046875 -0.082855224609375
-0.459014892578125 0.4483642578125 0.29443359375 -0.080535888671875
-0.552459716796875 0.44970703125 0.28497314453125 -0.00137329101562497
-0.55841064453125 0.39306640625 0.190597534179687 -0.0159454345703125
-0.603759765625 0.24798583984375 0.0544090270996093 -0.0121612548828125
-0.554962158203125 0.4173583984375 -0.0976486206054688 0.0497283935546875
-0.492340087890625 0.47552490234375 -0.202117919921875 0.05218505859375
-0.366302490234375 0.5225830078125 -0.237808227539063 0.0391845703125
-0.04833984375 0.53192138671875 -0.182220458984375 0.0389251708984376
0.05352783203125 0.57672119140625 -0.172622680664063 0.0547027587890625
0.23272705078125 0.485931396484375 -0.235260009765625 0.0420379638671875
0.31365966796875 0.4383544921875 -0.400787353515625 0.075225830078125
0.28509521484375 0.43780517578125 0.4884033203125 0.026214599609375
0.09820556640625 0.433502197265625 0.40472412109375 0.017059326171875
-0.03192138671875 0.54400634765625 0.255279541015625 0.0127105712890625
-0.24072265625 0.431121826171875 0.311920166015625 -0.023040771484375
-0.451263427734375 0.330230712890625 0.329071044921875 -0.1107177734375
-0.53338623046875 0.356964111328125 0.381072998046875 -0.109222412109375
-0.5205078125 0.329071044921875 0.3468017578125 -0.170989990234375
-0.555938720703125 0.229034423828125 0.223709106445313 -0.165008544921875
-0.505126953125 0.4063720703125 0.034149169921875 -0.133415222167969
-0.416900634765625 0.47650146484375 -0.129371643066406 -0.100563049316406
-0.279205322265625 0.519439697265625 -0.233718872070313 -0.024688720703125
0.028778076171875 0.5142822265625 -0.177703857421875 0.0745086669921875
0.121002197265625 0.553924560546875 -0.134857177734375 0.147491455078125
0.272186279296875 0.44110107421875 -0.135025024414062 0.150665283203125
0.319091796875 0.4056396484375 -0.285675048828125 0.22503662109375
0.18524169921875 0.339202880859375 0.5443115234375 0.16497802734375
0.0341796875 0.32415771484375 0.40924072265625 0.149261474609375
-0.065460205078125 0.379486083984375 0.21624755859375 0.092681884765625
-0.199111938476563 0.26617431640625 0.264541625976563 0.0256195068359375
-0.341552734375 0.18701171875 0.34039306640625 -0.114776611328125
-0.4095458984375 0.229156494140625 0.45452880859375 -0.17938232421875
-0.394927978515625 0.225189208984375 0.473724365234375 -0.286773681640625
-0.4244384765625 0.17254638671875 0.35858154296875 -0.292755126953125
-0.383575439453125 0.31793212890625 0.127227783203125 -0.299285888671875
-0.29547119140625 0.37310791015625 -0.0881500244140625 -0.240493774414063
-0.178375244140625 0.400543212890625 -0.236587524414063 -0.0823974609374999
0.06134033203125 0.393341064453125 -0.172378540039062 0.100372314453125
0.12896728515625 0.426788330078125 -0.092926025390625 0.217086791992188
0.23541259765625 0.329437255859375 -0.033782958984375 0.236358642578125
0.25750732421875 0.3157958984375 -0.173553466796875 0.3463134765625
0.0782012939453125 0.19561767578125 0.5723876953125 0.2567138671875
0.00555419921874999 0.175552368164062 0.3865966796875 0.231353759765625
-0.0374298095703125 0.195846557617187 0.169937133789063 0.135604858398438
-0.0947113037109375 0.118446350097656 0.211532592773438 0.0495452880859375
-0.173904418945313 0.0744476318359375 0.331878662109375 -0.10455322265625
-0.221786499023437 0.112930297851563 0.49285888671875 -0.2213134765625
-0.20697021484375 0.108261108398437 0.547943115234375 -0.361419677734375
-0.22882080078125 0.0875091552734375 0.437591552734375 -0.37933349609375
-0.214111328125 0.16705322265625 0.17431640625 -0.416778564453125
-0.15576171875 0.1966552734375 -0.074127197265625 -0.339691162109375
-0.0862579345703125 0.207778930664063 -0.241409301757813 -0.120346069335938
0.0456390380859375 0.209854125976563 -0.17333984375 0.118087768554687
0.0805206298828125 0.238235473632813 -0.070526123046875 0.261154174804688
0.131546020507812 0.174728393554688 0.0362548828125 0.298431396484375
0.13763427734375 0.184555053710938 -0.09259033203125 0.43084716796875
0.0357398986816406 0.0240325927734375 0.00463867187499998 -0.43121337890625
-0.0119390487670898 -0.0116071701049805 -0.064056396484375 -0.34417724609375
-0.0148172378540039 -0.00417327880859375 0.0557708740234375 -0.252883911132812
-0.0186004638671875 -0.00365066528320313 0.163345336914063 -0.124374389648438
-0.0207290649414062 0.00328254699707031 0.194427490234375 0.117767333984375
-0.00147581100463867 -0.00312042236328125 0.0885009765625 0.337310791015625
0.00414943695068359 0.0112590789794922 -0.177337646484375 0.450927734375
0.00639104843139649 -0.00289058685302734 -0.41845703125 0.379058837890625
0.0265388488769531 0.007080078125 -0.54888916015625 0.36614990234375
-0.00170707702636719 0.0124034881591797 -0.493804931640625 0.25830078125
-0.0128917694091797 0.0211906433105469 -0.285858154296875 0.125946044921875
-0.0112714767456055 -0.0117206573486328 -0.151138305664062 -0.0470123291015625
-0.00579833984375 -0.0111541748046875 -0.141128540039063 -0.174652099609375
0.00671863555908203 -0.0105123519897461 -0.3365478515625 -0.2266845703125
0.0243148803710938 -0.00446701049804688 -0.5697021484375 -0.31793212890625
0.202041625976563 0.174697875976563 0.0438232421875001 -0.42852783203125
0.116302490234375 0.148178100585938 -0.014801025390625 -0.365631103515625
0.0898895263671875 0.2177734375 0.0867919921875 -0.256195068359375
-0.0146484375 0.214340209960938 0.198486328125 -0.140350341796875
-0.123489379882813 0.210479736328125 0.2020263671875 0.090057373046875
-0.157638549804688 0.206329345703125 0.101531982421875 0.3189697265625
-0.187789916992188 0.18975830078125 -0.150299072265625 0.41619873046875
-0.224151611328125 0.0980072021484375 -0.37554931640625 0.355682373046875
-0.196823120117188 0.13238525390625 -0.500701904296875 0.36358642578125
-0.205978393554688 0.11907958984375 -0.4580078125 0.26287841796875
-0.188034057617187 0.1220703125 -0.277664184570313 0.124954223632813
-0.101509094238281 0.11566162109375 -0.15338134765625 -0.0435943603515625
-0.06463623046875 0.146652221679688 -0.144454956054687 -0.160018920898438
0.0208892822265625 0.1632080078125 -0.329376220703125 -0.21527099609375
0.10406494140625 0.163909912109375 -0.5673828125 -0.28857421875
0.32403564453125 0.314117431640625 0.134979248046875 -0.380767822265625
0.20361328125 0.2998046875 0.088714599609375 -0.34429931640625
0.147857666015625 0.42529296875 0.142669677734375 -0.236740112304688
-0.04534912109375 0.4075927734375 0.243728637695312 -0.146636962890625
-0.246551513671875 0.38311767578125 0.219268798828125 0.039276123046875
-0.32061767578125 0.375579833984375 0.136199951171875 0.24481201171875
-0.363006591796875 0.328399658203125 -0.077484130859375 0.3114013671875
-0.420318603515625 0.18084716796875 -0.270477294921875 0.270294189453125
-0.38555908203125 0.2564697265625 -0.39447021484375 0.3131103515625
-0.378204345703125 0.24957275390625 -0.390411376953125 0.2437744140625
-0.325592041015625 0.260711669921875 -0.264633178710938 0.117889404296875
-0.146194458007812 0.272781372070313 -0.166824340820313 -0.0273895263671875
-0.07745361328125 0.321258544921875 -0.167892456054687 -0.11785888671875
0.06903076171875 0.321441650390625 -0.3271484375 -0.160247802734375
0.18701171875 0.30767822265625 -0.544219970703125 -0.20086669921875
0.37744140625 0.413177490234375 0.259124755859375 -0.27716064453125
0.223297119140625 0.414794921875 0.219268798828125 -0.26739501953125
0.13372802734375 0.5733642578125 0.204421997070313 -0.181793212890625
-0.11370849609375 0.531005859375 0.290313720703125 -0.131317138671875
-0.36761474609375 0.472503662109375 0.250991821289063 -0.0271453857421875
-0.463531494140625 0.4654541015625 0.198013305664062 0.124786376953125
-0.492889404296875 0.4005126953125 0.040069580078125 0.153854370117188
-0.55010986328125 0.23565673828125 -0.1195068359375 0.140838623046875
-0.508544921875 0.36285400390625 -0.247467041015625 0.208404541015625
-0.475433349609375 0.386962890625 -0.294586181640625 0.178131103515625
-0.385284423828125 0.41754150390625 -0.247787475585938 0.09326171875
-0.12109375 0.434234619140625 -0.17816162109375 0.00352478027343756
-0.02642822265625 0.48040771484375 -0.184402465820313 -0.0417785644531249
0.152587890625 0.43682861328125 -0.30059814453125 -0.0675354003906249
0.265960693359375 0.39984130859375 -0.488189697265625 -0.0704345703125
0.3602294921875 0.456573486328125 0.386688232421875 -0.135528564453125
0.17938232421875 0.464874267578125 0.335845947265625 -0.139312744140625
0.0595703125 0.617919921875 0.250213623046875 -0.09210205078125
-0.195648193359375 0.5374755859375 0.318634033203125 -0.086944580078125
-0.45281982421875 0.45025634765625 0.290985107421875 -0.084381103515625
-0.541595458984375 0.456573486328125 0.2843017578125 -0.00588989257812497
-0.547515869140625 0.398681640625 0.188919067382812 -0.0188751220703125
-0.5958251953125 0.2547607421875 0.0538444519042968 -0.0130691528320312
-0.5435791015625 0.422607421875 -0.0961151123046875 0.0505447387695313
-0.47955322265625 0.478729248046875 -0.199951171875 0.0548858642578125
-0.357025146484375 0.524810791015625 -0.235580444335938 0.0429077148437501
-0.042999267578125 0.5267333984375 -0.18035888671875 0.0411071777343751
0.06182861328125 0.57037353515625 -0.171142578125 0.0557861328125
0.236480712890625 0.4769287109375 -0.233932495117187 0.04376220703125
0.318450927734375 0.43145751953125 -0.397552490234375 0.08001708984375
0.2900390625 0.428466796875 0.483856201171875 0.017669677734375
0.103912353515625 0.430145263671875 0.401702880859375 0.010528564453125
-0.022216796875 0.540008544921875 0.253448486328125 0.00926208496093753
-0.23333740234375 0.431304931640625 0.30853271484375 -0.02752685546875
-0.443572998046875 0.33544921875 0.324310302734375 -0.1143798828125
-0.523651123046875 0.364013671875 0.37939453125 -0.11346435546875
-0.51251220703125 0.334716796875 0.34136962890625 -0.174896240234375
-0.550445556640625 0.236083984375 0.219436645507812 -0.166000366210937
-0.495025634765625 0.410308837890625 0.0328598022460937 -0.132705688476562
-0.405975341796875 0.47833251953125 -0.130081176757813 -0.0982284545898438
-0.269439697265625 0.51898193359375 -0.233169555664063 -0.0203094482421875
0.034698486328125 0.5093994140625 -0.17529296875 0.076141357421875
0.128631591796875 0.54644775390625 -0.13165283203125 0.147781372070313
0.27557373046875 0.432647705078125 -0.133209228515625 0.150482177734375
0.323516845703125 0.39794921875 -0.280838012695312 0.2281494140625
0.18817138671875 0.33367919921875 0.54296875 0.15496826171875
0.039031982421875 0.321075439453125 0.4078369140625 0.142669677734375
-0.05889892578125 0.376617431640625 0.21588134765625 0.0894012451171875
-0.193817138671875 0.267059326171875 0.262115478515625 0.0218048095703125
-0.33673095703125 0.1900634765625 0.3349609375 -0.1170654296875
-0.403045654296875 0.234283447265625 0.448333740234375 -0.18560791015625
-0.38818359375 0.22967529296875 0.46490478515625 -0.290557861328125
-0.42083740234375 0.176116943359375 0.35089111328125 -0.29388427734375
-0.374969482421875 0.3199462890625 0.12225341796875 -0.298553466796875
-0.287994384765625 0.37347412109375 -0.091064453125 -0.237228393554687
-0.171356201171875 0.39947509765625 -0.23651123046875 -0.078094482421875
0.06561279296875 0.389434814453125 -0.169448852539063 0.101791381835938
0.13446044921875 0.421142578125 -0.0893096923828125 0.215774536132813
0.23687744140625 0.322418212890625 -0.030914306640625 0.23455810546875
0.26025390625 0.309356689453125 -0.167816162109375 0.3472900390625
0.0802154541015625 0.192672729492187 0.57177734375 0.24578857421875
0.00819396972656252 0.174148559570313 0.386993408203125 0.224853515625
-0.033477783203125 0.193954467773438 0.170883178710937 0.1317138671875
-0.0921630859375 0.118377685546875 0.209716796875 0.046234130859375
-0.170974731445313 0.077362060546875 0.326904296875 -0.109222412109375
-0.218780517578125 0.115753173828125 0.48565673828125 -0.2257080078125
-0.203475952148438 0.110015869140625 0.5377197265625 -0.36590576171875
-0.22607421875 0.09027099609375 0.428802490234375 -0.380950927734375
-0.210342407226562 0.168624877929688 0.167388916015625 -0.41510009765625
-0.151077270507813 0.197830200195313 -0.07879638671875 -0.33544921875
-0.0831146240234375 0.207473754882813 -0.241531372070313 -0.116058349609375
0.04815673828125 0.207168579101562 -0.169937133789063 0.11932373046875
0.0831146240234375 0.235061645507813 -0.0661468505859375 0.259506225585937
0.1322021484375 0.17132568359375 0.03924560546875 0.2957763671875
0.139862060546875 0.181259155273438 -0.086669921875 0.42950439453125
0.0357093811035156 0.02197265625 0.000427246093749971 -0.428619384765625
-0.0121402740478516 -0.0111541748046875 -0.06768798828125 -0.340911865234375
-0.0149030685424805 -0.00400352478027343 0.0527191162109375 -0.251937866210938
-0.0190258026123047 -0.00319099426269531 0.1602783203125 -0.124801635742187
-0.0211982727050781 0.00325202941894532 0.194107055664062 0.1143798828125
-0.00154018402099609 -0.00396585464477539 0.09136962890625 0.3319091796875
0.00453281402587891 0.0108442306518555 -0.169921875 0.448150634765625
0.00692558288574219 -0.00295019149780273 -0.412445068359375 0.379241943359375
0.0268688201904297 0.00597381591796875 -0.539642333984375 0.368743896484375
-0.0013580322265625 0.0126752853393555 -0.48553466796875 0.260040283203125
-0.0126953125 0.0218868255615234 -0.282318115234375 0.128021240234375
-0.011967658996582 -0.0113935470581055 -0.151077270507813 -0.044891357421875
-0.00636482238769531 -0.0108232498168945 -0.141677856445313 -0.171737670898438
0.00705432891845703 -0.0101280212402344 -0.3360595703125 -0.222137451171875
0.0248813629150391 -0.00484275817871094 -0.568603515625 -0.3084716796875
0.202178955078125 0.169647216796875 0.03753662109375 -0.425689697265625
0.116836547851562 0.1456298828125 -0.018585205078125 -0.362762451171875
0.0916748046875 0.214279174804688 0.0829010009765625 -0.25543212890625
-0.01324462890625 0.21270751953125 0.194259643554688 -0.141159057617188
-0.120559692382812 0.210128784179688 0.200973510742188 0.087249755859375
-0.154754638671875 0.2061767578125 0.105133056640625 0.314544677734375
-0.184234619140625 0.190887451171875 -0.14306640625 0.41375732421875
-0.221084594726562 0.0987548828125 -0.36834716796875 0.3536376953125
-0.19189453125 0.133392333984375 -0.490966796875 0.366119384765625
-0.201904296875 0.121261596679687 -0.45086669921875 0.266448974609375
-0.18438720703125 0.123062133789062 -0.273361206054688 0.127090454101563
-0.100006103515625 0.115890502929688 -0.153182983398438 -0.0412445068359375
-0.0630950927734375 0.145858764648438 -0.144821166992188 -0.157257080078125
0.0225830078125 0.16082763671875 -0.329071044921875 -0.208648681640625
0.10601806640625 0.160964965820313 -0.566162109375 -0.27972412109375
0.324981689453125 0.305877685546875 0.129852294921875 -0.379425048828125
0.20379638671875 0.294036865234375 0.083587646484375 -0.34271240234375
0.152557373046875 0.419525146484375 0.138397216796875 -0.23663330078125
-0.03961181640625 0.4056396484375 0.23944091796875 -0.148208618164062
-0.239471435546875 0.382232666015625 0.216964721679687 0.037017822265625
-0.31329345703125 0.37530517578125 0.139373779296875 0.240249633789063
-0.355865478515625 0.32965087890625 -0.073211669921875 0.30902099609375
-0.41583251953125 0.18414306640625 -0.266326904296875 0.269546508789063
-0.378936767578125 0.257781982421875 -0.38616943359375 0.314056396484375
-0.36932373046875 0.251983642578125 -0.383941650390625 0.246002197265625
-0.319549560546875 0.263214111328125 -0.261123657226563 0.120452880859375
-0.14178466796875 0.271331787109375 -0.167190551757813 -0.0247650146484375
-0.073638916015625 0.31854248046875 -0.167831420898437 -0.114990234375
0.0721435546875 0.317047119140625 -0.32537841796875 -0.15521240234375
0.189971923828125 0.30157470703125 -0.54302978515625 -0.192108154296875
0.380218505859375 0.40362548828125 0.254135131835937 -0.277572631835937
0.225494384765625 0.410491943359375 0.2137451171875 -0.26788330078125
0.14044189453125 0.56793212890625 0.20062255859375 -0.182464599609375
-0.107208251953125 0.5279541015625 0.28607177734375 -0.1337890625
-0.3614501953125 0.47406005859375 0.248092651367188 -0.0294952392578125
-0.45294189453125 0.46759033203125 0.199798583984375 0.120803833007813
-0.483489990234375 0.40374755859375 0.041839599609375 0.151275634765625
-0.543914794921875 0.23895263671875 -0.117057800292969 0.14044189453125
-0.49853515625 0.36248779296875 -0.24285888671875 0.2095947265625
-0.465484619140625 0.389739990234375 -0.290771484375 0.1800537109375
-0.37744140625 0.419830322265625 -0.245040893554688 0.0966033935546875
-0.11688232421875 0.430145263671875 -0.177154541015625 0.00572204589843749
-0.02130126953125 0.4771728515625 -0.182937622070313 -0.03973388671875
0.155609130859375 0.4306640625 -0.299224853515625 -0.0645751953124999
0.268585205078125 0.3917236328125 -0.484375 -0.0639343261718749
0.362060546875 0.4473876953125 0.380523681640625 -0.14019775390625
0.183074951171875 0.458404541015625 0.33087158203125 -0.141937255859375
0.0670166015625 0.61181640625 0.247543334960937 -0.0938262939453124
-0.1876220703125 0.53515625 0.314483642578125 -0.089508056640625
-0.443878173828125 0.453338623046875 0.28656005859375 -0.0872802734375
-0.531982421875 0.460052490234375 0.283111572265625 -0.00927734374999997
-0.538665771484375 0.402130126953125 0.186782836914062 -0.0213165283203125
-0.58807373046875 0.2598876953125 0.0530166625976562 -0.0137138366699219
-0.53363037109375 0.42364501953125 -0.094390869140625 0.0509796142578125
-0.470306396484375 0.481536865234375 -0.197525024414063 0.0565032958984375
-0.347320556640625 0.5234375 -0.232955932617188 0.0458984375000001
-0.0367431640625001 0.523895263671875 -0.178390502929688 0.0424957275390626
0.06683349609375 0.56329345703125 -0.169021606445312 0.0563201904296875
0.239532470703125 0.469573974609375 -0.23193359375 0.04547119140625
0.320465087890625 0.42291259765625 -0.39404296875 0.08465576171875
0.29278564453125 0.42095947265625 0.479156494140625 0.011871337890625
0.10693359375 0.423675537109375 0.395965576171875 0.00534057617187503
-0.015716552734375 0.535125732421875 0.250808715820313 0.00642395019531253
-0.227630615234375 0.430755615234375 0.30535888671875 -0.030914306640625
-0.436981201171875 0.338653564453125 0.318756103515625 -0.11773681640625
-0.513824462890625 0.36676025390625 0.37530517578125 -0.117706298828125
-0.503753662109375 0.3363037109375 0.336456298828125 -0.177001953125
-0.543304443359375 0.24017333984375 0.215347290039062 -0.166915893554687
-0.485107421875 0.412017822265625 0.0311203002929687 -0.131301879882813
-0.39678955078125 0.47930908203125 -0.130233764648438 -0.095611572265625
-0.26226806640625 0.519744873046875 -0.231307983398438 -0.017486572265625
0.0399475097656251 0.503662109375 -0.173324584960938 0.077117919921875
0.135772705078125 0.539794921875 -0.129302978515625 0.146743774414063
0.276153564453125 0.4244384765625 -0.130905151367187 0.149795532226563
0.32598876953125 0.390594482421875 -0.275863647460938 0.22894287109375
0.190338134765625 0.32696533203125 0.539794921875 0.147491455078125
0.041534423828125 0.3173828125 0.405029296875 0.136962890625
-0.053253173828125 0.373077392578125 0.214248657226563 0.08624267578125
-0.189422607421875 0.266494750976563 0.259521484375 0.018310546875
-0.332275390625 0.1943359375 0.328887939453125 -0.120819091796875
-0.396636962890625 0.240020751953125 0.443572998046875 -0.188934326171875
-0.38262939453125 0.231658935546875 0.457275390625 -0.294036865234375
-0.41400146484375 0.179779052734375 0.343780517578125 -0.293975830078125
-0.3690185546875 0.321563720703125 0.1181640625 -0.296875
-0.2799072265625 0.37579345703125 -0.0933685302734375 -0.234725952148437
-0.165283203125 0.398712158203125 -0.235687255859375 -0.0745086669921875
0.06884765625 0.38421630859375 -0.166183471679687 0.102264404296875
0.139495849609375 0.416290283203125 -0.086273193359375 0.214431762695313
0.237274169921875 0.31658935546875 -0.0292205810546875 0.232467651367188
0.26275634765625 0.303558349609375 -0.162933349609375 0.345550537109375
0.082244873046875 0.189300537109375 0.5689697265625 0.23712158203125
0.00988769531250001 0.172332763671875 0.3851318359375 0.218994140625
-0.03033447265625 0.192001342773438 0.169876098632812 0.128799438476563
-0.0903472900390625 0.118392944335938 0.207839965820313 0.0430450439453125
-0.169143676757813 0.0793609619140625 0.32171630859375 -0.112274169921875
-0.214645385742188 0.118118286132812 0.4788818359375 -0.231292724609375
-0.200454711914063 0.111572265625 0.528533935546875 -0.369384765625
-0.223602294921875 0.0921173095703124 0.422576904296875 -0.38018798828125
-0.206771850585938 0.168685913085937 0.16143798828125 -0.412567138671875
-0.147262573242188 0.197433471679687 -0.08233642578125 -0.33184814453125
-0.079925537109375 0.206741333007813 -0.241256713867188 -0.111602783203125
0.050018310546875 0.2044677734375 -0.166748046875 0.119949340820313
0.08514404296875 0.232192993164063 -0.0630950927734375 0.257736206054688
0.132003784179688 0.167648315429688 0.04144287109375 0.2916259765625
0.141342163085938 0.178146362304687 -0.0808410644531249 0.426849365234375
0.0358467102050781 0.0202407836914063 -0.00469970703124997 -0.4266357421875
-0.0122613906860352 -0.0113544464111328 -0.069976806640625 -0.33758544921875
-0.0150842666625977 -0.00396251678466797 0.0493316650390625 -0.249740600585937
-0.0190639495849609 -0.00323104858398437 0.157424926757813 -0.124801635742188
-0.0216732025146484 0.00357246398925782 0.193939208984375 0.111557006835938
-0.00202822685241699 -0.00412154197692871 0.095367431640625 0.328094482421875
0.00454616546630859 0.00960826873779297 -0.163818359375 0.444610595703125
0.00716733932495117 -0.00337505340576172 -0.40594482421875 0.37762451171875
0.0274429321289062 0.00537300109863281 -0.530242919921875 0.370849609375
-0.000988006591796876 0.0124959945678711 -0.476318359375 0.26318359375
-0.0117263793945313 0.0217037200927734 -0.2777099609375 0.129257202148437
-0.0126447677612305 -0.0111560821533203 -0.151138305664062 -0.0432281494140625
-0.00634956359863281 -0.0104656219482422 -0.14263916015625 -0.16876220703125
0.00705718994140625 -0.00992870330810547 -0.334808349609375 -0.216796875
0.0255451202392578 -0.00595855712890625 -0.56640625 -0.29931640625
0.202896118164063 0.164077758789063 0.0343017578125001 -0.4229736328125
0.117141723632813 0.142898559570313 -0.02325439453125 -0.35931396484375
0.092987060546875 0.211105346679688 0.079925537109375 -0.254135131835938
-0.0106048583984375 0.211532592773438 0.190277099609375 -0.141281127929688
-0.1175537109375 0.210357666015625 0.19976806640625 0.08489990234375
-0.150634765625 0.206085205078125 0.108489990234375 0.309906005859375
-0.180740356445313 0.19085693359375 -0.137786865234375 0.410797119140625
-0.218414306640625 0.10040283203125 -0.362640380859375 0.352386474609375
-0.188323974609375 0.133560180664063 -0.482452392578125 0.36566162109375
-0.198043823242188 0.12188720703125 -0.44305419921875 0.269989013671875
-0.180709838867188 0.124923706054687 -0.26959228515625 0.128707885742187
-0.0988388061523438 0.115814208984375 -0.153289794921875 -0.0391693115234375
-0.060882568359375 0.144363403320313 -0.145233154296875 -0.154190063476563
0.024169921875 0.159042358398438 -0.327606201171875 -0.203887939453125
0.107009887695313 0.157196044921875 -0.565185546875 -0.26904296875
0.324737548828125 0.29827880859375 0.125244140625 -0.378082275390625
0.205535888671875 0.28997802734375 0.07781982421875 -0.341522216796875
0.154693603515625 0.414306640625 0.135284423828125 -0.235916137695313
-0.035736083984375 0.402587890625 0.23529052734375 -0.148956298828125
-0.233642578125 0.38238525390625 0.21514892578125 0.0335540771484375
-0.305572509765625 0.37530517578125 0.142379760742187 0.235931396484375
-0.348876953125 0.331146240234375 -0.068450927734375 0.305755615234375
-0.411163330078125 0.185638427734375 -0.260452270507813 0.269149780273438
-0.371795654296875 0.25921630859375 -0.378631591796875 0.316131591796875
-0.36260986328125 0.25421142578125 -0.376708984375 0.247833251953125
-0.313812255859375 0.265045166015625 -0.25732421875 0.12213134765625
-0.139053344726563 0.270095825195312 -0.166000366210938 -0.0225982666015625
-0.070098876953125 0.316162109375 -0.167877197265625 -0.1134033203125
0.07440185546875 0.312591552734375 -0.323486328125 -0.151214599609375
0.191497802734375 0.29644775390625 -0.539886474609375 -0.184295654296875
0.380859375 0.3956298828125 0.248703002929688 -0.278915405273437
0.226959228515625 0.4033203125 0.20806884765625 -0.268447875976563
0.14593505859375 0.560638427734375 0.1973876953125 -0.183609008789063
-0.10101318359375 0.5252685546875 0.28167724609375 -0.135040283203125
-0.35308837890625 0.47393798828125 0.24462890625 -0.0313568115234375
-0.442779541015625 0.469482421875 0.200485229492187 0.116897583007813
-0.47515869140625 0.405242919921875 0.0431060791015625 0.14849853515625
-0.53717041015625 0.24346923828125 -0.11505126953125 0.139816284179688
-0.488800048828125 0.36517333984375 -0.237899780273438 0.20928955078125
-0.45648193359375 0.39056396484375 -0.2847900390625 0.18084716796875
-0.3701171875 0.419525146484375 -0.242141723632813 0.0983886718750001
-0.11090087890625 0.427886962890625 -0.175735473632812 0.0075836181640625
-0.0159912109375 0.4716796875 -0.182220458984375 -0.0381622314453125
0.1572265625 0.424285888671875 -0.296783447265625 -0.0608825683593749
0.2711181640625 0.3853759765625 -0.48114013671875 -0.057769775390625
0.3642578125 0.43804931640625 0.374664306640625 -0.142822265625
0.184661865234375 0.4515380859375 0.325714111328125 -0.144500732421875
0.0737915039062499 0.60443115234375 0.24420166015625 -0.0954742431640624
-0.181915283203125 0.533355712890625 0.310546875 -0.092193603515625
-0.434906005859375 0.45538330078125 0.282073974609375 -0.089019775390625
-0.521820068359375 0.461578369140625 0.28228759765625 -0.012847900390625
-0.530242919921875 0.404449462890625 0.185272216796875 -0.0241546630859375
-0.58160400390625 0.263427734375 0.051422119140625 -0.0139694213867187
-0.524505615234375 0.425201416015625 -0.0925445556640625 0.0513839721679688
-0.459228515625 0.48193359375 -0.194915771484375 0.0582122802734375
-0.338897705078125 0.52398681640625 -0.231155395507813 0.0487976074218751
-0.03179931640625 0.518463134765625 -0.177337646484375 0.0445709228515625
0.072509765625 0.55670166015625 -0.167327880859375 0.05682373046875
0.240631103515625 0.462554931640625 -0.229644775390625 0.047088623046875
0.32415771484375 0.41650390625 -0.389251708984375 0.087921142578125
0.294525146484375 0.412353515625 0.47491455078125 0.00622558593750003
0.11029052734375 0.419342041015625 0.391937255859375 0.000854492187500026
-0.00885009765625004 0.529571533203125 0.249099731445312 0.00427246093750003
-0.22119140625 0.4287109375 0.301727294921875 -0.03375244140625
-0.4296875 0.341217041015625 0.3134765625 -0.119964599609375
-0.50433349609375 0.370330810546875 0.37188720703125 -0.120330810546875
-0.49560546875 0.33929443359375 0.33172607421875 -0.17926025390625
-0.537109375 0.243255615234375 0.211502075195312 -0.166900634765625
-0.4764404296875 0.412841796875 0.02978515625 -0.130691528320312
-0.387939453125 0.48028564453125 -0.130332946777344 -0.0934295654296875
-0.25482177734375 0.517730712890625 -0.23028564453125 -0.0141143798828125
0.04443359375 0.4989013671875 -0.171157836914063 0.0779876708984375
0.139068603515625 0.532501220703125 -0.126937866210938 0.14581298828125
0.277191162109375 0.415924072265625 -0.12921142578125 0.149169921875
0.32733154296875 0.383270263671875 -0.271209716796875 0.23004150390625
0.192535400390625 0.321929931640625 0.535247802734375 0.139373779296875
0.04443359375 0.3138427734375 0.402099609375 0.1304931640625
-0.047576904296875 0.36956787109375 0.21307373046875 0.08319091796875
-0.184951782226563 0.265762329101563 0.25653076171875 0.0157928466796875
-0.327911376953125 0.196563720703125 0.324615478515625 -0.122528076171875
-0.389617919921875 0.242095947265625 0.437713623046875 -0.191619873046875
-0.377471923828125 0.23333740234375 0.450225830078125 -0.295318603515625
-0.41064453125 0.184112548828125 0.338104248046875 -0.29345703125
-0.362030029296875 0.3212890625 0.1142578125 -0.294952392578125
-0.273773193359375 0.374786376953125 -0.09552001953125 -0.230941772460937
-0.160125732421875 0.396820068359375 -0.234878540039063 -0.070953369140625
0.0716552734375 0.37982177734375 -0.164047241210938 0.102874755859375
0.142578125 0.410736083984375 -0.0837554931640625 0.212326049804688
0.2386474609375 0.30914306640625 -0.0277099609375 0.230560302734375
0.26373291015625 0.2969970703125 -0.15802001953125 0.343353271484375
0.084014892578125 0.186111450195313 0.56610107421875 0.22747802734375
0.011871337890625 0.170578002929688 0.384735107421875 0.21197509765625
-0.027252197265625 0.189910888671875 0.1690673828125 0.126296997070313
-0.0879364013671875 0.117401123046875 0.205520629882813 0.04071044921875
-0.16656494140625 0.0809478759765625 0.316192626953125 -0.1142578125
-0.209945678710938 0.119705200195313 0.471466064453125 -0.234619140625
-0.196945190429688 0.112930297851563 0.52044677734375 -0.3692626953125
-0.2213134765625 0.093536376953125 0.412567138671875 -0.379669189453125
-0.202774047851562 0.1697998046875 0.15557861328125 -0.409881591796875
-0.1436767578125 0.197723388671875 -0.0860290527343751 -0.327545166015625
-0.07708740234375 0.20611572265625 -0.240158081054688 -0.108840942382813
0.0523529052734375 0.202438354492188 -0.163497924804687 0.119857788085938
0.087371826171875 0.228851318359375 -0.0596771240234375 0.25518798828125
0.131332397460938 0.16485595703125 0.0433349609375 0.288787841796875
0.14239501953125 0.1749267578125 -0.07611083984375 0.4239501953125
0.0355300903320313 0.0190544128417969 -0.00793457031249996 -0.423675537109375
-0.0124902725219727 -0.0109958648681641 -0.072357177734375 -0.333709716796875
-0.0149879455566406 -0.00375080108642578 0.0463104248046875 -0.248825073242187
-0.01983642578125 -0.00252914428710938 0.154754638671875 -0.12432861328125
-0.0219898223876953 0.00383186340332031 0.19305419921875 0.109146118164063
-0.00217485427856445 -0.00463724136352539 0.097930908203125 0.324188232421875
0.00514793395996094 0.00913047790527344 -0.15887451171875 0.439727783203125
0.00678873062133789 -0.00413084030151367 -0.39788818359375 0.3763427734375
0.0275211334228516 0.00464057922363281 -0.52105712890625 0.371002197265625
-0.000257492065429688 0.0121679306030273 -0.46832275390625 0.265533447265625
-0.0108776092529297 0.0226364135742188 -0.273468017578125 0.130615234375
-0.0125331878662109 -0.0106115341186523 -0.150604248046875 -0.041778564453125
-0.00686931610107422 -0.0103158950805664 -0.14312744140625 -0.16668701171875
0.00743007659912109 -0.00993824005126953 -0.332305908203125 -0.211395263671875
0.0259876251220703 -0.00704765319824219 -0.56475830078125 -0.2911376953125
0.20208740234375 0.159408569335938 0.029022216796875 -0.4189453125
0.116165161132813 0.14080810546875 -0.02691650390625 -0.35589599609375
0.0943450927734375 0.20849609375 0.077239990234375 -0.252899169921875
-0.00946044921875001 0.209701538085938 0.18780517578125 -0.141281127929688
-0.115432739257812 0.2100830078125 0.1983642578125 0.08258056640625
-0.147903442382813 0.205520629882812 0.111114501953125 0.305755615234375
-0.1767578125 0.190170288085938 -0.133209228515625 0.406494140625
-0.215240478515625 0.100021362304687 -0.35595703125 0.35015869140625
-0.185287475585937 0.13323974609375 -0.474273681640625 0.366973876953125
-0.1944580078125 0.122665405273437 -0.4368896484375 0.269683837890625
-0.177719116210938 0.125869750976562 -0.266387939453125 0.12933349609375
-0.09686279296875 0.1153564453125 -0.15289306640625 -0.037322998046875
-0.0596466064453125 0.1434326171875 -0.146270751953125 -0.151962280273437
0.025482177734375 0.156585693359375 -0.326263427734375 -0.199371337890625
0.108169555664063 0.154312133789063 -0.56085205078125 -0.263153076171875
0.325347900390625 0.291412353515625 0.120635986328125 -0.376129150390625
0.206024169921875 0.285430908203125 0.07403564453125 -0.339019775390625
0.157867431640625 0.407440185546875 0.132293701171875 -0.234756469726562
-0.032470703125 0.4002685546875 0.230911254882813 -0.150115966796875
-0.23016357421875 0.38177490234375 0.213485717773438 0.0322265625
-0.300537109375 0.375213623046875 0.1434326171875 0.231704711914063
-0.3433837890625 0.331146240234375 -0.06561279296875 0.303375244140625
-0.405609130859375 0.18829345703125 -0.257659912109375 0.267135620117188
-0.365020751953125 0.25872802734375 -0.372283935546875 0.315399169921875
-0.35687255859375 0.2554931640625 -0.371002197265625 0.249053955078125
-0.308258056640625 0.265106201171875 -0.253875732421875 0.12335205078125
-0.13690185546875 0.268692016601563 -0.165176391601563 -0.02117919921875
-0.06622314453125 0.312591552734375 -0.167343139648438 -0.110549926757813
0.075531005859375 0.30804443359375 -0.321929931640625 -0.14739990234375
0.192779541015625 0.291259765625 -0.536468505859375 -0.1778564453125
0.38079833984375 0.3868408203125 0.243927001953125 -0.27862548828125
0.22802734375 0.397674560546875 0.202972412109375 -0.268280029296875
0.150299072265625 0.553863525390625 0.194503784179687 -0.183807373046875
-0.0957641601562501 0.520782470703125 0.277633666992188 -0.136581420898437
-0.345947265625 0.474822998046875 0.241470336914063 -0.0330047607421875
-0.43505859375 0.47076416015625 0.200790405273437 0.1129150390625
-0.46710205078125 0.40435791015625 0.0444488525390625 0.146224975585938
-0.530731201171875 0.245391845703125 -0.113143920898438 0.138778686523438
-0.4808349609375 0.36602783203125 -0.23284912109375 0.209381103515625
-0.447052001953125 0.391876220703125 -0.280593872070313 0.182266235351563
-0.36224365234375 0.420318603515625 -0.238937377929688 0.10028076171875
-0.1080322265625 0.423858642578125 -0.175048828125 0.00917053222656251
-0.0122375488281249 0.46771240234375 -0.181106567382813 -0.0363311767578124
0.15875244140625 0.4168701171875 -0.29486083984375 -0.0584716796875
0.271697998046875 0.3797607421875 -0.47711181640625 -0.05340576171875
0.364227294921875 0.429229736328125 0.370574951171875 -0.145904541015625
0.188446044921875 0.446990966796875 0.319915771484375 -0.14752197265625
0.07916259765625 0.5980224609375 0.241668701171875 -0.096466064453125
-0.1766357421875 0.530303955078125 0.306365966796875 -0.09381103515625
-0.427490234375 0.4566650390625 0.278182983398438 -0.090179443359375
-0.512908935546875 0.462615966796875 0.28118896484375 -0.01605224609375
-0.521575927734375 0.405517578125 0.183563232421875 -0.0259246826171875
-0.5745849609375 0.26507568359375 0.0511856079101562 -0.0140838623046875
-0.5150146484375 0.425750732421875 -0.0907821655273438 0.0514373779296875
-0.450958251953125 0.481292724609375 -0.192092895507813 0.0592041015625
-0.331207275390625 0.52392578125 -0.22882080078125 0.0504913330078125
-0.027587890625 0.51385498046875 -0.175735473632813 0.0454254150390625
0.07635498046875 0.54962158203125 -0.165634155273438 0.0567321777343751
0.240570068359375 0.453369140625 -0.22772216796875 0.048126220703125
0.3253173828125 0.40972900390625 -0.3848876953125 0.089447021484375
0.295166015625 0.4049072265625 0.470367431640625 0.00131225585937502
0.111480712890625 0.414398193359375 0.388275146484375 -0.00329589843749997
-0.003265380859375 0.524749755859375 0.246673583984375 0.00198364257812503
-0.21527099609375 0.42584228515625 0.29779052734375 -0.035369873046875
-0.4241943359375 0.342864990234375 0.30859375 -0.1214599609375
-0.49725341796875 0.371307373046875 0.368621826171875 -0.123870849609375
-0.48779296875 0.3408203125 0.326080322265625 -0.180419921875
-0.530609130859375 0.245941162109375 0.208114624023437 -0.1661376953125
-0.4666748046875 0.413818359375 0.0286865234375 -0.129051208496094
-0.37933349609375 0.479522705078125 -0.130416870117188 -0.09149169921875
-0.248779296875 0.5159912109375 -0.227981567382813 -0.0115966796874999
0.047515869140625 0.4942626953125 -0.168838500976563 0.0785064697265625
0.143707275390625 0.52593994140625 -0.124298095703125 0.144668579101563
0.277679443359375 0.40936279296875 -0.127944946289063 0.148590087890625
0.327972412109375 0.3775634765625 -0.26788330078125 0.230804443359375
0.194366455078125 0.316558837890625 0.53192138671875 0.133331298828125
0.04620361328125 0.3099365234375 0.399261474609375 0.124969482421875
-0.044158935546875 0.365631103515625 0.21124267578125 0.0811767578125
-0.180618286132813 0.264541625976563 0.253463745117187 0.0135345458984375
-0.322906494140625 0.19854736328125 0.320068359375 -0.1248779296875
-0.383026123046875 0.242919921875 0.43316650390625 -0.194580078125
-0.369964599609375 0.235076904296875 0.443206787109375 -0.296142578125
-0.405975341796875 0.18505859375 0.333221435546875 -0.29345703125
-0.356842041015625 0.322357177734375 0.11041259765625 -0.292449951171875
-0.267730712890625 0.373870849609375 -0.09686279296875 -0.228057861328125
-0.15582275390625 0.39691162109375 -0.233169555664062 -0.0677947998046875
0.073394775390625 0.37542724609375 -0.161346435546875 0.102890014648438
0.145263671875 0.4039306640625 -0.081756591796875 0.211013793945313
0.237213134765625 0.30450439453125 -0.025909423828125 0.227981567382813
0.26409912109375 0.29217529296875 -0.155059814453125 0.341888427734375
0.0848541259765625 0.183273315429688 0.5633544921875 0.22119140625
0.0134735107421875 0.168869018554687 0.38250732421875 0.20635986328125
-0.0250091552734375 0.18743896484375 0.167587280273437 0.123382568359375
-0.0859756469726563 0.116615295410156 0.20330810546875 0.039215087890625
-0.164215087890625 0.082550048828125 0.310638427734375 -0.115966796875
-0.206863403320313 0.120834350585938 0.465545654296875 -0.236480712890625
-0.193984985351563 0.113021850585937 0.511322021484375 -0.368927001953125
-0.21868896484375 0.0949859619140626 0.406768798828125 -0.37799072265625
-0.2000732421875 0.17010498046875 0.151763916015625 -0.406951904296875
-0.139999389648437 0.197280883789063 -0.08831787109375 -0.324066162109375
-0.074920654296875 0.205307006835938 -0.2393798828125 -0.105392456054688
0.0531768798828125 0.19927978515625 -0.160858154296875 0.119918823242187
0.0886383056640625 0.225631713867188 -0.0569610595703125 0.25274658203125
0.13055419921875 0.162139892578125 0.044677734375 0.28497314453125
0.142791748046875 0.172393798828125 -0.0723876953125 0.421173095703125
0.0349655151367188 0.0176601409912109 -0.01031494140625 -0.418701171875
-0.0129613876342773 -0.0102968215942383 -0.074066162109375 -0.3309326171875
-0.0152215957641602 -0.00366401672363281 0.043731689453125 -0.247100830078125
-0.0201435089111328 -0.00218582153320313 0.152542114257813 -0.124069213867187
-0.0219516754150391 0.00386619567871094 0.191818237304688 0.107208251953125
-0.00206518173217774 -0.00535106658935547 0.0992431640625 0.319915771484375
0.00502443313598633 0.00867128372192383 -0.154876708984375 0.43548583984375
0.00666332244873047 -0.00501823425292969 -0.393829345703125 0.3734130859375
0.0275764465332031 0.00344657897949219 -0.51422119140625 0.370849609375
-5.62667846679693E-05 0.0121049880981445 -0.460540771484375 0.26446533203125
-0.0102062225341797 0.0225143432617188 -0.270095825195313 0.13104248046875
-0.0134572982788086 -0.0102376937866211 -0.150100708007813 -0.040130615234375
-0.00755977630615234 -0.00977325439453125 -0.143402099609375 -0.164031982421875
0.00749301910400391 -0.0102386474609375 -0.331024169921875 -0.20684814453125
0.0258502960205078 -0.00776481628417969 -0.56085205078125 -0.283355712890625
0.201156616210938 0.155197143554688 0.02569580078125 -0.41754150390625
0.116844177246094 0.139190673828125 -0.028533935546875 -0.3525390625
0.0955047607421875 0.20599365234375 0.074981689453125 -0.251266479492187
-0.00788879394531251 0.207656860351563 0.184402465820313 -0.141204833984375
-0.113571166992188 0.209518432617188 0.196990966796875 0.0806427001953125
-0.145095825195312 0.2042236328125 0.11297607421875 0.301361083984375
-0.173782348632812 0.189437866210938 -0.12835693359375 0.402679443359375
-0.213150024414062 0.100479125976563 -0.35101318359375 0.3486328125
-0.181396484375 0.132461547851563 -0.466949462890625 0.366180419921875
-0.190948486328125 0.123092651367187 -0.42901611328125 0.270233154296875
-0.174407958984375 0.126220703125 -0.261871337890625 0.130813598632812
-0.0959625244140625 0.11480712890625 -0.151962280273437 -0.0360260009765625
-0.05865478515625 0.14239501953125 -0.14581298828125 -0.14935302734375
0.026336669921875 0.154220581054688 -0.324188232421875 -0.19512939453125
0.109024047851562 0.151519775390625 -0.55926513671875 -0.2574462890625
0.324798583984375 0.285125732421875 0.116546630859375 -0.373779296875
0.204757690429687 0.281005859375 0.0701904296875 -0.336822509765625
0.160308837890625 0.40252685546875 0.129501342773437 -0.233871459960937
-0.03021240234375 0.396697998046875 0.228057861328125 -0.149993896484375
-0.225311279296875 0.379791259765625 0.211288452148438 0.0308074951171875
-0.294525146484375 0.374176025390625 0.14544677734375 0.228012084960938
-0.337738037109375 0.32977294921875 -0.062835693359375 0.299224853515625
-0.40118408203125 0.18841552734375 -0.253524780273438 0.26580810546875
-0.35943603515625 0.259552001953125 -0.365509033203125 0.314208984375
-0.349212646484375 0.255462646484375 -0.36492919921875 0.2496337890625
-0.301910400390625 0.26556396484375 -0.25042724609375 0.1243896484375
-0.134674072265625 0.26708984375 -0.164291381835937 -0.0196990966796875
-0.064239501953125 0.309722900390625 -0.167312622070312 -0.108489990234375
0.07647705078125 0.304473876953125 -0.319610595703125 -0.14410400390625
0.19451904296875 0.286468505859375 -0.53314208984375 -0.17303466796875
0.379974365234375 0.37884521484375 0.238845825195313 -0.278076171875
0.228546142578125 0.39208984375 0.198577880859375 -0.267120361328125
0.15313720703125 0.547607421875 0.192245483398437 -0.183563232421875
-0.092803955078125 0.517486572265625 0.274032592773438 -0.136642456054688
-0.339508056640625 0.47357177734375 0.238388061523437 -0.03460693359375
-0.4267578125 0.46771240234375 0.201507568359375 0.1097412109375
-0.460906982421875 0.4049072265625 0.0447235107421875 0.143585205078125
-0.52490234375 0.246551513671875 -0.111579895019531 0.137916564941406
-0.4737548828125 0.365509033203125 -0.22943115234375 0.209075927734375
-0.43939208984375 0.391143798828125 -0.276397705078125 0.182144165039062
-0.35552978515625 0.42047119140625 -0.235977172851563 0.101242065429688
-0.10430908203125 0.4215087890625 -0.173599243164063 0.0105743408203125
-0.00961303710937501 0.462860107421875 -0.180160522460938 -0.0357666015625
0.159637451171875 0.4114990234375 -0.29339599609375 -0.056396484375
0.27215576171875 0.37335205078125 -0.47442626953125 -0.048980712890625
0.36407470703125 0.421234130859375 0.365020751953125 -0.146636962890625
0.188201904296875 0.441253662109375 0.315704345703125 -0.147308349609375
0.0819091796875 0.591796875 0.239273071289063 -0.0976409912109375
-0.172088623046875 0.525970458984375 0.302032470703125 -0.095001220703125
-0.42108154296875 0.4566650390625 0.274810791015625 -0.0912933349609375
-0.50396728515625 0.46270751953125 0.279708862304688 -0.0189361572265625
-0.512786865234375 0.406585693359375 0.18133544921875 -0.0275421142578125
-0.56927490234375 0.26556396484375 0.0502166748046875 -0.0141868591308594
-0.507598876953125 0.42449951171875 -0.0890884399414063 0.052093505859375
-0.44244384765625 0.48101806640625 -0.1905517578125 0.0600738525390626
-0.324737548828125 0.52166748046875 -0.226470947265625 0.0520477294921876
-0.024566650390625 0.50909423828125 -0.173507690429688 0.04644775390625
0.079986572265625 0.544189453125 -0.164337158203125 0.0568084716796875
0.24188232421875 0.447296142578125 -0.226150512695312 0.048797607421875
0.32562255859375 0.401947021484375 -0.3804931640625 0.0915527343750001
0.295684814453125 0.3984375 0.465576171875 -0.00204467773437498
0.113372802734375 0.408477783203125 0.383392333984375 -0.00579833984374997
0.000427246093750008 0.5185546875 0.244338989257813 0.00123596191406253
-0.211761474609375 0.424102783203125 0.29400634765625 -0.037353515625
-0.41888427734375 0.343963623046875 0.30377197265625 -0.122100830078125
-0.489044189453125 0.372161865234375 0.36505126953125 -0.126251220703125
-0.480377197265625 0.3416748046875 0.322601318359375 -0.18194580078125
-0.5255126953125 0.2469482421875 0.205169677734375 -0.165390014648438
-0.4603271484375 0.41131591796875 0.027923583984375 -0.127799987792969
-0.371917724609375 0.478668212890625 -0.129814147949219 -0.089569091796875
-0.241241455078125 0.51287841796875 -0.226058959960938 -0.0100860595703125
0.050811767578125 0.488739013671875 -0.167144775390625 0.079071044921875
0.145538330078125 0.519378662109375 -0.122833251953125 0.143402099609375
0.27593994140625 0.403411865234375 -0.12646484375 0.147903442382813
0.328125 0.370452880859375 -0.264358520507812 0.229751586914063
0.194580078125 0.31182861328125 0.52667236328125 0.127685546875
0.0479736328125 0.30706787109375 0.39752197265625 0.121490478515625
-0.040374755859375 0.361907958984375 0.210159301757813 0.0795440673828125
-0.17779541015625 0.262664794921875 0.250411987304688 0.0121307373046875
-0.31866455078125 0.19976806640625 0.314300537109375 -0.126220703125
-0.3779296875 0.244720458984375 0.428192138671875 -0.19500732421875
-0.365509033203125 0.23492431640625 0.43707275390625 -0.297332763671875
-0.401397705078125 0.187255859375 0.3282470703125 -0.2919921875
-0.3515625 0.321044921875 0.107696533203125 -0.2901611328125
-0.26129150390625 0.37359619140625 -0.097503662109375 -0.225112915039062
-0.1510009765625 0.393646240234375 -0.231979370117188 -0.0654449462890624
0.076171875 0.3721923828125 -0.159133911132813 0.102691650390625
0.14642333984375 0.398712158203125 -0.0793609619140625 0.208465576171875
0.23565673828125 0.298797607421875 -0.025665283203125 0.225723266601563
0.26470947265625 0.287139892578125 -0.15191650390625 0.340057373046875
0.0860748291015625 0.180267333984375 0.55902099609375 0.214447021484375
0.013946533203125 0.16729736328125 0.380462646484375 0.201812744140625
-0.0226287841796875 0.18505859375 0.166580200195313 0.121307373046875
-0.0842437744140625 0.115745544433594 0.2010498046875 0.0374298095703125
-0.162673950195313 0.0837860107421875 0.305816650390625 -0.11767578125
-0.203201293945313 0.121856689453125 0.4591064453125 -0.236663818359375
-0.190383911132813 0.113739013671875 0.50518798828125 -0.369873046875
-0.216964721679688 0.0951690673828125 0.4017333984375 -0.37628173828125
-0.197219848632812 0.16973876953125 0.147216796875 -0.403778076171875
-0.137039184570313 0.196624755859375 -0.090087890625 -0.319854736328125
-0.073028564453125 0.204238891601562 -0.238723754882813 -0.103408813476562
0.0537872314453125 0.196609497070313 -0.158340454101563 0.119415283203125
0.0901336669921875 0.222900390625 -0.0542144775390625 0.251007080078125
0.129913330078125 0.159210205078125 0.044189453125 0.28240966796875
0.143157958984375 0.169281005859375 -0.06915283203125 0.418670654296875
0.0346508026123047 0.0160408020019531 -0.011962890625 -0.415313720703125
-0.012843132019043 -0.0105495452880859 -0.075286865234375 -0.3280029296875
-0.0155372619628906 -0.00333404541015625 0.0420989990234375 -0.24505615234375
-0.0203742980957031 -0.00234413146972656 0.150161743164063 -0.123199462890625
-0.0223159790039063 0.00386810302734375 0.190475463867188 0.105194091796875
-0.00212240219116211 -0.00517606735229492 0.101043701171875 0.315948486328125
0.00502872467041016 0.00781679153442383 -0.15057373046875 0.431243896484375
0.0069432258605957 -0.00524473190307617 -0.38824462890625 0.369598388671875
0.0276699066162109 0.0030517578125 -0.507354736328125 0.36920166015625
0.000462532043457031 0.0118160247802734 -0.45635986328125 0.264984130859375
-0.00965309143066406 0.0225257873535156 -0.266815185546875 0.131332397460938
-0.0140771865844727 -0.00928020477294922 -0.149642944335937 -0.0388946533203125
-0.00762653350830078 -0.00975704193115234 -0.143722534179687 -0.161712646484375
0.00772953033447266 -0.01019287109375 -0.328155517578125 -0.20379638671875
0.0262413024902344 -0.00846481323242188 -0.556671142578125 -0.279693603515625
0.200271606445313 0.151931762695313 0.023162841796875 -0.414398193359375
0.115669250488281 0.136703491210938 -0.031219482421875 -0.349456787109375
0.09564208984375 0.203125 0.072906494140625 -0.2498779296875
-0.007568359375 0.207168579101563 0.182373046875 -0.140823364257813
-0.111801147460938 0.208847045898437 0.19573974609375 0.0790557861328125
-0.142593383789063 0.20343017578125 0.114349365234375 0.297271728515625
-0.1715087890625 0.18841552734375 -0.126251220703125 0.398834228515625
-0.210800170898438 0.100372314453125 -0.346588134765625 0.3458251953125
-0.178924560546875 0.13153076171875 -0.4600830078125 0.365447998046875
-0.188125610351563 0.122817993164062 -0.4232177734375 0.268798828125
-0.171798706054687 0.12646484375 -0.258697509765625 0.130783081054688
-0.0954818725585938 0.114509582519531 -0.152297973632813 -0.03399658203125
-0.0574798583984375 0.141220092773437 -0.145736694335938 -0.147796630859375
0.0263824462890625 0.152252197265625 -0.321502685546875 -0.19232177734375
0.108932495117188 0.148651123046875 -0.55511474609375 -0.25048828125
0.322784423828125 0.27886962890625 0.1121826171875 -0.37158203125
0.204666137695313 0.278594970703125 0.067230224609375 -0.3343505859375
0.16094970703125 0.398193359375 0.126861572265625 -0.232513427734375
-0.02862548828125 0.39276123046875 0.224929809570313 -0.150131225585937
-0.221771240234375 0.37921142578125 0.209121704101562 0.0294189453125
-0.290191650390625 0.372894287109375 0.146865844726562 0.224227905273438
-0.333404541015625 0.3289794921875 -0.060089111328125 0.29620361328125
-0.397308349609375 0.189300537109375 -0.249679565429688 0.263336181640625
-0.35430908203125 0.25799560546875 -0.3612060546875 0.31396484375
-0.3446044921875 0.255157470703125 -0.360321044921875 0.2484130859375
-0.29742431640625 0.265380859375 -0.2474365234375 0.125244140625
-0.131942749023437 0.264816284179688 -0.164230346679688 -0.018035888671875
-0.0621337890625 0.307098388671875 -0.166488647460937 -0.10736083984375
0.07708740234375 0.29962158203125 -0.31842041015625 -0.141265869140625
0.194580078125 0.282379150390625 -0.530029296875 -0.169158935546875
0.3790283203125 0.372344970703125 0.234390258789063 -0.277130126953125
0.227752685546875 0.387969970703125 0.194793701171875 -0.266555786132813
0.1556396484375 0.54205322265625 0.18988037109375 -0.182220458984375
-0.089080810546875 0.51385498046875 0.270065307617188 -0.137802124023437
-0.335357666015625 0.4727783203125 0.236068725585938 -0.0354156494140625
-0.421234130859375 0.46673583984375 0.201446533203125 0.10693359375
-0.454132080078125 0.40435791015625 0.045196533203125 0.141281127929688
-0.519561767578125 0.2469482421875 -0.109962463378906 0.136642456054688
-0.4676513671875 0.36480712890625 -0.224884033203125 0.208221435546875
-0.433990478515625 0.390289306640625 -0.273422241210938 0.182373046875
-0.350616455078125 0.4176025390625 -0.233123779296875 0.101776123046875
-0.102142333984375 0.4183349609375 -0.172714233398438 0.0115509033203125
-0.00729370117187502 0.457427978515625 -0.17919921875 -0.0347900390625
0.160308837890625 0.40557861328125 -0.290863037109375 -0.0548706054687499
0.27337646484375 0.36822509765625 -0.470550537109375 -0.0464782714843749
0.36334228515625 0.414642333984375 0.361297607421875 -0.148681640625
0.18743896484375 0.43609619140625 0.311004638671875 -0.147796630859375
0.0853881835937501 0.58648681640625 0.236557006835937 -0.0972747802734374
-0.16790771484375 0.522918701171875 0.29901123046875 -0.095794677734375
-0.416229248046875 0.455963134765625 0.270294189453125 -0.0920257568359375
-0.496826171875 0.461700439453125 0.278717041015625 -0.0211029052734375
-0.507354736328125 0.406890869140625 0.179641723632812 -0.0286712646484375
-0.5635986328125 0.2686767578125 0.0500373840332031 -0.0141220092773437
-0.499542236328125 0.423309326171875 -0.0877304077148438 0.0517196655273438
-0.43548583984375 0.48040771484375 -0.188430786132813 0.0606536865234375
-0.319366455078125 0.52020263671875 -0.224472045898438 0.0537109375
-0.0220947265625 0.50537109375 -0.172073364257813 0.047027587890625
0.0824584960937499 0.539459228515625 -0.16265869140625 0.0569610595703125
0.240997314453125 0.441375732421875 -0.224517822265625 0.049102783203125
0.3245849609375 0.3978271484375 -0.377197265625 0.0935058593750001
0.294891357421875 0.393707275390625 0.46234130859375 -0.00500488281249998
0.114654541015625 0.403656005859375 0.379974365234375 -0.00805664062499998
0.00457763671875004 0.51397705078125 0.24261474609375 0.000106811523437531
-0.2071533203125 0.4212646484375 0.29071044921875 -0.037841796875
-0.41314697265625 0.343902587890625 0.2996826171875 -0.1220703125
-0.481414794921875 0.3731689453125 0.363311767578125 -0.128631591796875
-0.4747314453125 0.341339111328125 0.318511962890625 -0.182098388671875
-0.52056884765625 0.247833251953125 0.202545166015625 -0.1641845703125
-0.454986572265625 0.41131591796875 0.027557373046875 -0.126518249511719
-0.365814208984375 0.476959228515625 -0.129203796386719 -0.088134765625
-0.236297607421875 0.5111083984375 -0.224624633789063 -0.00788879394531242
0.0514526367187501 0.4853515625 -0.164581298828125 0.0791778564453125
0.14697265625 0.51373291015625 -0.121734619140625 0.1424560546875
0.27471923828125 0.397918701171875 -0.125579833984375 0.146759033203125
0.326690673828125 0.36480712890625 -0.261627197265625 0.229873657226563
0.19427490234375 0.307403564453125 0.52276611328125 0.12347412109375
0.0489501953125 0.303558349609375 0.392791748046875 0.117889404296875
-0.038360595703125 0.358734130859375 0.20806884765625 0.07733154296875
-0.174758911132812 0.261215209960938 0.247787475585938 0.0106048583984375
-0.31524658203125 0.20111083984375 0.309326171875 -0.126861572265625
-0.371673583984375 0.24468994140625 0.423858642578125 -0.197296142578125
-0.36016845703125 0.2359619140625 0.43133544921875 -0.297393798828125
-0.398284912109375 0.186859130859375 0.323944091796875 -0.2900390625
-0.34564208984375 0.3201904296875 0.10638427734375 -0.28753662109375
-0.2568359375 0.371551513671875 -0.0986328125 -0.222854614257813
-0.1483154296875 0.391143798828125 -0.230514526367188 -0.0630950927734375
0.077667236328125 0.367431640625 -0.157302856445313 0.102462768554688
0.149017333984375 0.39434814453125 -0.077484130859375 0.206863403320313
0.234039306640625 0.295257568359375 -0.025390625 0.224136352539063
0.264190673828125 0.282989501953125 -0.148834228515625 0.338897705078125
0.086395263671875 0.178192138671875 0.55426025390625 0.20941162109375
0.0146331787109375 0.165390014648438 0.376800537109375 0.198760986328125
-0.0213165283203125 0.182891845703125 0.164779663085938 0.119277954101563
-0.0832595825195313 0.11444091796875 0.1988525390625 0.036651611328125
-0.160324096679688 0.0850982666015625 0.30145263671875 -0.118377685546875
-0.200302124023438 0.122848510742188 0.45361328125 -0.238006591796875
-0.188568115234375 0.114089965820313 0.49737548828125 -0.37017822265625
-0.214675903320312 0.0963897705078125 0.3978271484375 -0.37237548828125
-0.19488525390625 0.168685913085938 0.14508056640625 -0.399658203125
-0.134368896484375 0.195724487304688 -0.09130859375 -0.3165283203125
-0.0714874267578125 0.203262329101563 -0.237075805664063 -0.100677490234375
0.053955078125 0.195083618164063 -0.155990600585938 0.119003295898438
0.0912017822265625 0.219970703125 -0.0531005859375 0.24798583984375
0.128799438476563 0.157562255859375 0.0447235107421875 0.2794189453125
0.143417358398438 0.166885375976563 -0.066986083984375 0.415557861328125
0.0338153839111328 0.0145778656005859 -0.013641357421875 -0.41290283203125
-0.0126991271972656 -0.00997161865234375 -0.07611083984375 -0.324859619140625
-0.0156745910644531 -0.00365543365478515 0.041290283203125 -0.2432861328125
-0.0204238891601563 -0.00226020812988281 0.1485595703125 -0.123291015625
-0.0223827362060547 0.004119873046875 0.189743041992187 0.103485107421875
-0.00290870666503906 -0.00568103790283203 0.102386474609375 0.312164306640625
0.00512456893920898 0.00734424591064453 -0.148162841796875 0.42742919921875
0.00681686401367188 -0.0057682991027832 -0.38568115234375 0.367919921875
0.0273952484130859 0.00271034240722656 -0.501861572265625 0.368743896484375
0.000478744506835936 0.0119247436523438 -0.44952392578125 0.264678955078125
-0.00872611999511719 0.0227794647216797 -0.264450073242187 0.13116455078125
-0.0144319534301758 -0.00946235656738281 -0.14935302734375 -0.037841796875
-0.00835037231445313 -0.00942230224609375 -0.143417358398438 -0.159698486328125
0.00820159912109375 -0.00993919372558594 -0.32568359375 -0.2001953125
0.0262012481689453 -0.00978279113769531 -0.5560302734375 -0.27471923828125
0.1988525390625 0.147811889648438 0.021514892578125 -0.4114990234375
0.115463256835938 0.135284423828125 -0.032318115234375 -0.34649658203125
0.0959930419921875 0.200836181640625 0.07196044921875 -0.248077392578125
-0.00669860839843751 0.205398559570312 0.1795654296875 -0.140457153320313
-0.11041259765625 0.208328247070313 0.194564819335938 0.0777435302734375
-0.140975952148437 0.201690673828125 0.115692138671875 0.293975830078125
-0.16943359375 0.18768310546875 -0.12347412109375 0.395111083984375
-0.209320068359375 0.100128173828125 -0.344268798828125 0.34344482421875
-0.17626953125 0.130783081054688 -0.455596923828125 0.363525390625
-0.185348510742188 0.1221923828125 -0.418609619140625 0.269195556640625
-0.169525146484375 0.126419067382812 -0.256195068359375 0.130905151367188
-0.0948257446289062 0.113555908203125 -0.151199340820313 -0.0329132080078125
-0.0572738647460937 0.139663696289063 -0.145599365234375 -0.1463623046875
0.0274505615234375 0.150680541992188 -0.31982421875 -0.190277099609375
0.109222412109375 0.146072387695313 -0.55181884765625 -0.247711181640625
0.32171630859375 0.275115966796875 0.109619140625 -0.370208740234375
0.203262329101563 0.274490356445313 0.064361572265625 -0.332550048828125
0.162261962890625 0.393707275390625 0.126083374023438 -0.231704711914062
-0.02679443359375 0.390380859375 0.22235107421875 -0.149444580078125
-0.2186279296875 0.3787841796875 0.20751953125 0.02886962890625
-0.2864990234375 0.371795654296875 0.147201538085938 0.2203369140625
-0.32916259765625 0.328399658203125 -0.05859375 0.292449951171875
-0.39300537109375 0.189178466796875 -0.247467041015625 0.26251220703125
-0.35028076171875 0.256866455078125 -0.355743408203125 0.312103271484375
-0.34033203125 0.254425048828125 -0.35540771484375 0.248260498046875
-0.293731689453125 0.264495849609375 -0.245285034179688 0.12542724609375
-0.131210327148437 0.26300048828125 -0.163040161132813 -0.016357421875
-0.060394287109375 0.30462646484375 -0.165771484375 -0.1058349609375
0.0772705078125 0.296112060546875 -0.315765380859375 -0.140716552734375
0.1942138671875 0.278640747070313 -0.5264892578125 -0.16448974609375
0.376495361328125 0.367919921875 0.231307983398438 -0.276596069335938
0.2269287109375 0.383453369140625 0.190811157226563 -0.265243530273438
0.15643310546875 0.53509521484375 0.188201904296875 -0.1820068359375
-0.0872802734375001 0.511383056640625 0.267349243164063 -0.1368408203125
-0.331512451171875 0.471771240234375 0.2340087890625 -0.0356597900390625
-0.415863037109375 0.4658203125 0.201934814453125 0.104141235351563
-0.448760986328125 0.404022216796875 0.04559326171875 0.139022827148438
-0.514923095703125 0.246795654296875 -0.108787536621094 0.135581970214844
-0.46173095703125 0.361175537109375 -0.222610473632813 0.206741333007813
-0.426971435546875 0.389739990234375 -0.269775390625 0.181365966796875
-0.34613037109375 0.41619873046875 -0.231109619140625 0.101852416992188
-0.100341796875 0.4154052734375 -0.171371459960938 0.0125579833984375
-0.00424194335937502 0.4530029296875 -0.177780151367188 -0.0344085693359375
0.158782958984375 0.400848388671875 -0.290008544921875 -0.0542297363281249
0.273101806640625 0.364166259765625 -0.467803955078125 -0.0454101562499999
0.36358642578125 0.41046142578125 0.357421875 -0.14825439453125
0.187347412109375 0.4310302734375 0.3067626953125 -0.148529052734375
0.087890625 0.58050537109375 0.235580444335937 -0.0974426269531249
-0.164764404296875 0.519775390625 0.2957763671875 -0.095458984375
-0.411376953125 0.4549560546875 0.267852783203125 -0.091827392578125
-0.489776611328125 0.461029052734375 0.277511596679687 -0.0223388671875
-0.500946044921875 0.404052734375 0.1783447265625 -0.0296630859375
-0.558441162109375 0.267303466796875 0.0491294860839843 -0.014617919921875
-0.49407958984375 0.420379638671875 -0.0863418579101563 0.0516815185546875
-0.42901611328125 0.47760009765625 -0.186859130859375 0.061065673828125
-0.315093994140625 0.51629638671875 -0.222274780273438 0.0541229248046876
-0.021697998046875 0.500946044921875 -0.1707763671875 0.04736328125
0.0828247070312499 0.532867431640625 -0.161819458007813 0.0565032958984375
0.239044189453125 0.4354248046875 -0.22332763671875 0.0493316650390626
0.323486328125 0.39227294921875 -0.375396728515625 0.0941772460937501
0.293243408203125 0.387603759765625 0.45782470703125 -0.00759887695312498
0.11529541015625 0.400421142578125 0.375457763671875 -0.00900268554687498
0.00662231445312504 0.508697509765625 0.240386962890625 -0.000610351562499969
-0.205718994140625 0.41845703125 0.28826904296875 -0.038665771484375
-0.40869140625 0.3446044921875 0.29644775390625 -0.1224365234375
-0.47650146484375 0.3734130859375 0.360565185546875 -0.129302978515625
-0.468597412109375 0.341400146484375 0.314849853515625 -0.1822509765625
-0.5155029296875 0.248931884765625 0.200912475585937 -0.16314697265625
-0.45001220703125 0.40899658203125 0.0273208618164062 -0.12554931640625
-0.36004638671875 0.47442626953125 -0.128471374511719 -0.0867767333984375
-0.233367919921875 0.508148193359375 -0.223419189453125 -0.00646972656249999
0.0528564453125 0.481109619140625 -0.163101196289063 0.0789031982421875
0.147796630859375 0.5084228515625 -0.120361328125 0.141204833984375
0.272308349609375 0.39324951171875 -0.1251220703125 0.145965576171875
0.32647705078125 0.36090087890625 -0.25927734375 0.229293823242188
0.19512939453125 0.303497314453125 0.518768310546875 0.1207275390625
0.04901123046875 0.30120849609375 0.389495849609375 0.115325927734375
-0.035064697265625 0.35516357421875 0.205917358398438 0.077178955078125
-0.17242431640625 0.25970458984375 0.245452880859375 0.0106201171875
-0.3126220703125 0.201416015625 0.30572509765625 -0.126861572265625
-0.367279052734375 0.245574951171875 0.420257568359375 -0.19769287109375
-0.356109619140625 0.236053466796875 0.426910400390625 -0.295928955078125
-0.395355224609375 0.187744140625 0.32122802734375 -0.28741455078125
-0.34222412109375 0.31829833984375 0.10528564453125 -0.285675048828125
-0.25262451171875 0.369232177734375 -0.098968505859375 -0.220230102539062
-0.146209716796875 0.390380859375 -0.229171752929688 -0.061798095703125
0.07757568359375 0.36395263671875 -0.155242919921875 0.10211181640625
0.149139404296875 0.3912353515625 -0.0764923095703125 0.205032348632813
0.23223876953125 0.291961669921875 -0.024810791015625 0.222366333007813
0.262893676757813 0.279449462890625 -0.14678955078125 0.336181640625
0.086395263671875 0.17572021484375 0.550628662109375 0.205596923828125
0.014984130859375 0.16375732421875 0.374755859375 0.19573974609375
-0.0201263427734375 0.18115234375 0.163925170898438 0.118545532226563
-0.0824813842773437 0.113777160644531 0.196792602539063 0.0352630615234375
-0.1585693359375 0.0853118896484375 0.298065185546875 -0.11767578125
-0.197357177734375 0.12298583984375 0.44757080078125 -0.238311767578125
-0.185638427734375 0.11383056640625 0.491851806640625 -0.366790771484375
-0.213119506835938 0.0966796875 0.393402099609375 -0.37115478515625
-0.19244384765625 0.168441772460938 0.1414794921875 -0.396728515625
-0.132644653320312 0.194717407226563 -0.09222412109375 -0.3134765625
-0.070281982421875 0.201904296875 -0.235443115234375 -0.0987701416015625
0.05377197265625 0.193115234375 -0.154312133789063 0.118072509765625
0.091522216796875 0.21771240234375 -0.0514068603515625 0.246200561523438
0.1273193359375 0.15557861328125 0.04541015625 0.277267456054688
0.143035888671875 0.16552734375 -0.06536865234375 0.41156005859375
0.0335826873779297 0.0136280059814453 -0.01531982421875 -0.4102783203125
-0.0128498077392578 -0.0100193023681641 -0.076507568359375 -0.322998046875
-0.015782356262207 -0.0033884048461914 0.040313720703125 -0.24224853515625
-0.0206642150878906 -0.00188255310058594 0.147293090820313 -0.122756958007813
-0.0229282379150391 0.00433349609375 0.188644409179688 0.10308837890625
-0.00304079055786133 -0.00583314895629883 0.103240966796875 0.309295654296875
0.00513315200805664 0.00685262680053711 -0.14544677734375 0.4239501953125
0.00655269622802734 -0.00626754760742187 -0.3839111328125 0.364654541015625
0.0276279449462891 0.00148391723632813 -0.496124267578125 0.36676025390625
0.00129985809326172 0.0114736557006836 -0.444305419921875 0.26361083984375
-0.00824928283691406 0.0228633880615234 -0.261322021484375 0.130294799804688
-0.0146379470825195 -0.00877666473388672 -0.149658203125 -0.0372772216796875
-0.00846004486083984 -0.00923824310302735 -0.143692016601563 -0.158477783203125
0.00845050811767578 -0.0102615356445313 -0.32415771484375 -0.198822021484375
0.0265121459960938 -0.0108203887939453 -0.5516357421875 -0.27117919921875
0.197799682617188 0.145828247070313 0.020538330078125 -0.407928466796875
0.1148681640625 0.134223937988281 -0.033782958984375 -0.345367431640625
0.095855712890625 0.19879150390625 0.070526123046875 -0.247482299804688
-0.00666809082031249 0.204391479492188 0.17816162109375 -0.139846801757813
-0.109725952148438 0.207443237304687 0.193084716796875 0.077423095703125
-0.139450073242187 0.200820922851563 0.11651611328125 0.29010009765625
-0.167861938476563 0.18670654296875 -0.120574951171875 0.390625
-0.207687377929687 0.099945068359375 -0.3419189453125 0.33990478515625
-0.174301147460938 0.129714965820312 -0.450225830078125 0.361724853515625
-0.182952880859375 0.121932983398438 -0.413360595703125 0.26654052734375
-0.167251586914063 0.126480102539063 -0.253738403320313 0.130599975585937
-0.0940780639648437 0.11309814453125 -0.151031494140625 -0.0321197509765625
-0.0566558837890625 0.139053344726563 -0.1451416015625 -0.144744873046875
0.027679443359375 0.148529052734375 -0.318267822265625 -0.188873291015625
0.109176635742188 0.144058227539063 -0.550140380859375 -0.245208740234375
0.31939697265625 0.271209716796875 0.107879638671875 -0.36688232421875
0.2025146484375 0.272537231445313 0.06182861328125 -0.3309326171875
0.163238525390625 0.38983154296875 0.12567138671875 -0.230804443359375
-0.02581787109375 0.38824462890625 0.220657348632813 -0.149002075195312
-0.2166748046875 0.37664794921875 0.206008911132812 0.0280914306640625
-0.283172607421875 0.3702392578125 0.148666381835937 0.217575073242188
-0.326446533203125 0.327301025390625 -0.057403564453125 0.289337158203125
-0.391021728515625 0.188262939453125 -0.246505737304688 0.259628295898437
-0.346343994140625 0.255615234375 -0.35302734375 0.309478759765625
-0.336273193359375 0.25408935546875 -0.352020263671875 0.24737548828125
-0.291168212890625 0.263580322265625 -0.24322509765625 0.12518310546875
-0.1304931640625 0.26202392578125 -0.162307739257813 -0.01593017578125
-0.0596923828125 0.3021240234375 -0.165298461914062 -0.10491943359375
0.076507568359375 0.293243408203125 -0.313995361328125 -0.1385498046875
0.19390869140625 0.275543212890625 -0.52392578125 -0.1636962890625
0.374847412109375 0.362152099609375 0.2294921875 -0.275741577148438
0.225921630859375 0.379791259765625 0.1881103515625 -0.264495849609375
0.157928466796875 0.531524658203125 0.18701171875 -0.180892944335938
-0.085174560546875 0.5079345703125 0.265045166015625 -0.136672973632812
-0.329498291015625 0.469940185546875 0.231536865234375 -0.035888671875
-0.410858154296875 0.463775634765625 0.201751708984375 0.101242065429688
-0.44500732421875 0.40203857421875 0.0452880859375 0.137077331542969
-0.512664794921875 0.246551513671875 -0.107963562011719 0.134384155273438
-0.45556640625 0.359893798828125 -0.21990966796875 0.205825805664062
-0.42169189453125 0.3875732421875 -0.267715454101563 0.181503295898438
-0.34283447265625 0.414031982421875 -0.229690551757813 0.102706909179688
-0.099395751953125 0.41217041015625 -0.170639038085938 0.0131378173828125
-0.00418090820312495 0.450103759765625 -0.177154541015625 -0.0340270996093749
0.157958984375 0.39752197265625 -0.287994384765625 -0.0533752441406249
0.27294921875 0.35986328125 -0.4652099609375 -0.044097900390625
0.3604736328125 0.40411376953125 0.35400390625 -0.150238037109375
0.1866455078125 0.428436279296875 0.303619384765625 -0.14892578125
0.08941650390625 0.57623291015625 0.233795166015625 -0.09698486328125
-0.1617431640625 0.517913818359375 0.29296875 -0.09539794921875
-0.409637451171875 0.4544677734375 0.265228271484375 -0.0919036865234375
-0.485198974609375 0.45989990234375 0.276092529296875 -0.0238494873046875
-0.49615478515625 0.4044189453125 0.176925659179687 -0.030975341796875
-0.55633544921875 0.267730712890625 0.0486297607421875 -0.0141677856445312
-0.489654541015625 0.419647216796875 -0.0848770141601563 0.0518417358398438
-0.4241943359375 0.47650146484375 -0.185226440429688 0.0609741210937501
-0.311431884765625 0.51385498046875 -0.22100830078125 0.0551605224609375
-0.020416259765625 0.49749755859375 -0.16986083984375 0.0477294921875
0.084564208984375 0.529388427734375 -0.160614013671875 0.05584716796875
0.238067626953125 0.431549072265625 -0.222702026367187 0.0489501953125
0.323974609375 0.3880615234375 -0.372222900390625 0.093841552734375
0.292327880859375 0.383087158203125 0.453125 -0.00845336914062498
0.114013671875 0.397216796875 0.372802734375 -0.01092529296875
0.00753784179687505 0.504913330078125 0.239212036132813 -0.000518798828124969
-0.202728271484375 0.416168212890625 0.28485107421875 -0.038787841796875
-0.405792236328125 0.344329833984375 0.292877197265625 -0.1224365234375
-0.470703125 0.3719482421875 0.35772705078125 -0.12908935546875
-0.465057373046875 0.340423583984375 0.31243896484375 -0.181732177734375
-0.51251220703125 0.249237060546875 0.199234008789063 -0.162185668945313
-0.4442138671875 0.406768798828125 0.0274200439453125 -0.124732971191406
-0.356201171875 0.472869873046875 -0.128204345703125 -0.0859603881835937
-0.23016357421875 0.506744384765625 -0.221649169921875 -0.00561523437500001
0.053253173828125 0.478271484375 -0.161895751953125 0.0789489746093751
0.1490478515625 0.504791259765625 -0.11956787109375 0.140068054199219
0.27032470703125 0.3880615234375 -0.124313354492188 0.144729614257813
0.325225830078125 0.35809326171875 -0.257415771484375 0.22845458984375
0.194000244140625 0.299713134765625 0.514801025390625 0.117431640625
0.048919677734375 0.298736572265625 0.386993408203125 0.113372802734375
-0.033935546875 0.3516845703125 0.20465087890625 0.0762481689453125
-0.171401977539062 0.258346557617188 0.242691040039063 0.010009765625
-0.30963134765625 0.20220947265625 0.302093505859375 -0.126251220703125
-0.3634033203125 0.2451171875 0.417266845703125 -0.197906494140625
-0.353729248046875 0.234771728515625 0.42279052734375 -0.29571533203125
-0.391845703125 0.187744140625 0.319366455078125 -0.285797119140625
-0.3397216796875 0.318023681640625 0.10369873046875 -0.282928466796875
-0.24981689453125 0.367706298828125 -0.09912109375 -0.21856689453125
-0.144073486328125 0.388336181640625 -0.228240966796875 -0.0608062744140625
0.07757568359375 0.36181640625 -0.15435791015625 0.101455688476563
0.149322509765625 0.386962890625 -0.0759429931640625 0.203384399414063
0.23028564453125 0.288330078125 -0.025360107421875 0.220748901367188
0.262527465820313 0.277603149414062 -0.145721435546875 0.33575439453125
0.0870208740234375 0.174087524414063 0.546142578125 0.20281982421875
0.0151824951171875 0.162841796875 0.373046875 0.193267822265625
-0.019561767578125 0.178924560546875 0.162490844726563 0.117034912109375
-0.0814666748046875 0.112442016601563 0.195175170898438 0.035736083984375
-0.157363891601563 0.0860595703125 0.294586181640625 -0.11749267578125
-0.194686889648438 0.123382568359375 0.44439697265625 -0.23883056640625
-0.184219360351563 0.113357543945312 0.487091064453125 -0.36578369140625
-0.211761474609375 0.096771240234375 0.3912353515625 -0.367828369140625
-0.190963745117188 0.1680908203125 0.140869140625 -0.39349365234375
-0.130386352539063 0.193923950195312 -0.093231201171875 -0.310821533203125
-0.069305419921875 0.200653076171875 -0.234939575195312 -0.0980529785156249
0.05413818359375 0.191192626953125 -0.153213500976563 0.117095947265625
0.091888427734375 0.215423583984375 -0.050506591796875 0.244033813476563
0.125595092773438 0.1539306640625 0.044830322265625 0.275558471679688
0.142578125 0.1632080078125 -0.064788818359375 0.410491943359375
0.0334606170654297 0.0128402709960938 -0.015350341796875 -0.40887451171875
-0.0132503509521484 -0.00996971130371094 -0.07568359375 -0.32159423828125
-0.0155000686645508 -0.00341320037841797 0.0398101806640625 -0.241775512695313
-0.0210208892822266 -0.00152969360351563 0.146438598632813 -0.12188720703125
-0.0229225158691406 0.00444602966308594 0.187759399414063 0.102325439453125
-0.00334453582763672 -0.00600624084472656 0.10302734375 0.307098388671875
0.00482606887817383 0.00650691986083984 -0.144805908203125 0.420440673828125
0.00686931610107422 -0.00650453567504883 -0.3831787109375 0.36138916015625
0.0275325775146484 0.00118255615234375 -0.49371337890625 0.36456298828125
0.00140762329101563 0.0113420486450195 -0.441558837890625 0.26141357421875
-0.007354736328125 0.0228824615478516 -0.259689331054688 0.1302490234375
-0.0152864456176758 -0.00835990905761719 -0.148880004882813 -0.036651611328125
-0.00884819030761719 -0.00873279571533203 -0.143218994140625 -0.157135009765625
0.00866603851318359 -0.0105161666870117 -0.321624755859375 -0.19879150390625
0.0264816284179688 -0.0113372802734375 -0.55059814453125 -0.26971435546875
0.196945190429688 0.1436767578125 0.01983642578125 -0.406951904296875
0.11407470703125 0.133522033691406 -0.03436279296875 -0.343231201171875
0.095611572265625 0.19793701171875 0.0703125 -0.246414184570313
-0.00630187988281252 0.203399658203125 0.17742919921875 -0.139251708984375
-0.109024047851562 0.206695556640625 0.19189453125 0.077423095703125
-0.13861083984375 0.20062255859375 0.116790771484375 0.288299560546875
-0.166015625 0.18585205078125 -0.12078857421875 0.38836669921875
-0.207199096679687 0.0987701416015625 -0.340301513671875 0.33819580078125
-0.172134399414062 0.128372192382813 -0.44775390625 0.360382080078125
-0.180938720703125 0.121429443359375 -0.410369873046875 0.2667236328125
-0.165786743164063 0.125396728515625 -0.252365112304687 0.129989624023438
-0.0942306518554687 0.112800598144531 -0.1507568359375 -0.0316925048828125
-0.0571212768554688 0.13818359375 -0.145156860351562 -0.143844604492188
0.0274658203125 0.14739990234375 -0.316558837890625 -0.1873779296875
0.109100341796875 0.142547607421875 -0.547088623046875 -0.242156982421875
0.318115234375 0.267913818359375 0.106781005859375 -0.365814208984375
0.201736450195313 0.270797729492188 0.06109619140625 -0.329010009765625
0.162506103515625 0.387664794921875 0.124755859375 -0.230117797851563
-0.02642822265625 0.3868408203125 0.219024658203125 -0.148056030273437
-0.21588134765625 0.376495361328125 0.205032348632813 0.0282745361328125
-0.28106689453125 0.36895751953125 0.148681640625 0.215591430664063
-0.32452392578125 0.3255615234375 -0.056488037109375 0.287322998046875
-0.38958740234375 0.187713623046875 -0.244598388671875 0.25665283203125
-0.34295654296875 0.252838134765625 -0.34942626953125 0.30889892578125
-0.333648681640625 0.2525634765625 -0.349639892578125 0.246368408203125
-0.288848876953125 0.263275146484375 -0.241607666015625 0.124786376953125
-0.130294799804687 0.260513305664063 -0.16192626953125 -0.015411376953125
-0.059814453125 0.300537109375 -0.165206909179688 -0.104888916015625
0.076171875 0.290985107421875 -0.312408447265625 -0.13800048828125
0.193389892578125 0.273590087890625 -0.52252197265625 -0.16131591796875
0.373779296875 0.35894775390625 0.227935791015625 -0.275054931640625
0.225067138671875 0.378326416015625 0.185760498046875 -0.26385498046875
0.158233642578125 0.527435302734375 0.186767578125 -0.180160522460937
-0.084686279296875 0.5062255859375 0.26312255859375 -0.135971069335937
-0.327362060546875 0.47003173828125 0.230056762695312 -0.03570556640625
-0.407257080078125 0.463592529296875 0.202011108398437 0.100311279296875
-0.441925048828125 0.4010009765625 0.0450592041015625 0.134986877441406
-0.510650634765625 0.245849609375 -0.1077880859375 0.133270263671875
-0.4527587890625 0.35772705078125 -0.218460083007813 0.204193115234375
-0.418670654296875 0.3868408203125 -0.265594482421875 0.180450439453125
-0.34027099609375 0.41290283203125 -0.228286743164062 0.102508544921875
-0.09857177734375 0.41033935546875 -0.170059204101563 0.0134124755859375
-0.00329589843749995 0.447265625 -0.176498413085938 -0.0337066650390625
0.156890869140625 0.3948974609375 -0.287353515625 -0.0533447265625
0.27130126953125 0.3577880859375 -0.46282958984375 -0.0427246093749999
0.35943603515625 0.400726318359375 0.3519287109375 -0.1495361328125
0.18548583984375 0.425537109375 0.301422119140625 -0.148345947265625
0.0899658203125 0.57257080078125 0.233016967773437 -0.0965728759765624
-0.16241455078125 0.515899658203125 0.291473388671875 -0.095001220703125
-0.40545654296875 0.453826904296875 0.262786865234375 -0.0909271240234375
-0.48095703125 0.45758056640625 0.276214599609375 -0.025665283203125
-0.493133544921875 0.40240478515625 0.175521850585938 -0.0314178466796875
-0.55328369140625 0.26690673828125 0.0485992431640625 -0.0141029357910156
-0.487518310546875 0.4163818359375 -0.083770751953125 0.051055908203125
-0.41998291015625 0.474700927734375 -0.183975219726563 0.0608367919921876
-0.309112548828125 0.512969970703125 -0.219833374023438 0.0554962158203126
-0.021148681640625 0.49560546875 -0.169235229492188 0.0479278564453126
0.083770751953125 0.52520751953125 -0.159988403320313 0.05523681640625
0.235321044921875 0.428497314453125 -0.222183227539062 0.048309326171875
0.322967529296875 0.3858642578125 -0.370635986328125 0.0946044921875
0.29217529296875 0.380340576171875 0.450592041015625 -0.00927734374999998
0.112457275390625 0.395050048828125 0.37005615234375 -0.0111083984375
0.00906372070312502 0.502349853515625 0.237884521484375 -0.000701904296874969
-0.201385498046875 0.415130615234375 0.2833251953125 -0.0384521484375
-0.403778076171875 0.344696044921875 0.29071044921875 -0.12078857421875
-0.466217041015625 0.371826171875 0.35736083984375 -0.130126953125
-0.460845947265625 0.339996337890625 0.3106689453125 -0.181732177734375
-0.51092529296875 0.2476806640625 0.198410034179688 -0.1607666015625
-0.44293212890625 0.40478515625 0.0276947021484375 -0.123985290527344
-0.352569580078125 0.470977783203125 -0.127914428710938 -0.0848464965820312
-0.2298583984375 0.50543212890625 -0.220565795898438 -0.00512695312499999
0.05303955078125 0.474609375 -0.16107177734375 0.0785369873046875
0.148712158203125 0.50054931640625 -0.119338989257812 0.138984680175781
0.267425537109375 0.3861083984375 -0.124984741210937 0.144241333007813
0.32391357421875 0.35577392578125 -0.256729125976563 0.227218627929688
0.193023681640625 0.297637939453125 0.511566162109375 0.1168212890625
0.049102783203125 0.297149658203125 0.384735107421875 0.1131591796875
-0.0323486328125 0.349273681640625 0.203567504882813 0.0758819580078125
-0.170440673828125 0.256851196289063 0.241317749023437 0.0107574462890625
-0.3074951171875 0.202728271484375 0.29962158203125 -0.12542724609375
-0.360076904296875 0.24444580078125 0.41461181640625 -0.19805908203125
-0.349700927734375 0.234130859375 0.4205322265625 -0.294342041015625
-0.389739990234375 0.186920166015625 0.3172607421875 -0.284454345703125
-0.33697509765625 0.316192626953125 0.103759765625 -0.281402587890625
-0.247344970703125 0.3662109375 -0.099456787109375 -0.217361450195312
-0.142822265625 0.386383056640625 -0.227127075195313 -0.0598602294921874
0.07733154296875 0.359710693359375 -0.153076171875 0.10076904296875
0.14984130859375 0.38360595703125 -0.0757598876953125 0.201553344726563
0.227203369140625 0.28759765625 -0.02618408203125 0.21875
0.262649536132813 0.275466918945312 -0.146697998046875 0.33447265625
0.0868377685546875 0.172698974609375 0.54412841796875 0.201202392578125
0.0151214599609375 0.16192626953125 0.370880126953125 0.19146728515625
-0.01904296875 0.178070068359375 0.161178588867188 0.116973876953125
-0.0812759399414063 0.112007141113281 0.193618774414063 0.0353240966796875
-0.155960083007813 0.0866851806640625 0.2919921875 -0.117279052734375
-0.192123413085937 0.123397827148438 0.441680908203125 -0.2371826171875
-0.18267822265625 0.1131591796875 0.4853515625 -0.36431884765625
-0.210693359375 0.096038818359375 0.390716552734375 -0.364593505859375
-0.190444946289063 0.166793823242188 0.141448974609375 -0.39080810546875
-0.130020141601562 0.192535400390625 -0.09344482421875 -0.308685302734375
-0.0689697265625 0.20037841796875 -0.234619140625 -0.096649169921875
0.053741455078125 0.190048217773438 -0.152053833007813 0.1158447265625
0.0919036865234375 0.214157104492188 -0.0504150390625 0.242721557617188
0.124176025390625 0.153106689453125 0.043792724609375 0.273345947265625
0.142410278320313 0.161941528320312 -0.064697265625 0.4085693359375
0.0330066680908203 0.0117244720458984 -0.015289306640625 -0.407684326171875
-0.0135059356689453 -0.00979137420654297 -0.075836181640625 -0.320770263671875
-0.0156040191650391 -0.00346183776855469 0.0394134521484375 -0.241256713867188
-0.0209407806396484 -0.00161552429199219 0.145736694335938 -0.121490478515625
-0.0235691070556641 0.00449752807617188 0.18701171875 0.101913452148438
-0.00345945358276367 -0.00630521774291992 0.103118896484375 0.305419921875
0.00461769104003906 0.00608348846435547 -0.14422607421875 0.417510986328125
0.00659370422363281 -0.0074925422668457 -0.38189697265625 0.35784912109375
0.0281143188476562 0.00072479248046875 -0.491607666015625 0.36309814453125
0.00160789489746094 0.0109729766845703 -0.438629150390625 0.260498046875
-0.00679779052734375 0.0229530334472656 -0.258346557617188 0.129730224609375
-0.0155057907104492 -0.00831890106201172 -0.149307250976563 -0.0361328125
-0.00924205780029297 -0.00839710235595703 -0.143203735351563 -0.156387329101562
0.00898838043212891 -0.0105361938476563 -0.321258544921875 -0.197906494140625
0.0269908905029297 -0.0119380950927734 -0.548187255859375 -0.266693115234375
0.195083618164063 0.142074584960938 0.019073486328125 -0.405670166015625
0.112991333007813 0.132804870605469 -0.0347900390625 -0.34222412109375
0.0961151123046875 0.196014404296875 0.0703887939453125 -0.245513916015625
-0.00642395019531251 0.2030029296875 0.175888061523438 -0.138687133789063
-0.10894775390625 0.207107543945313 0.191329956054688 0.076934814453125
-0.137680053710938 0.199752807617187 0.11724853515625 0.285736083984375
-0.165374755859375 0.184860229492187 -0.119537353515625 0.38616943359375
-0.206222534179688 0.0987701416015625 -0.339599609375 0.334808349609375
-0.1708984375 0.127365112304688 -0.44500732421875 0.35797119140625
-0.1795654296875 0.1204833984375 -0.407928466796875 0.265960693359375
-0.164520263671875 0.126205444335937 -0.250808715820313 0.129562377929688
-0.0945816040039063 0.11248779296875 -0.150894165039063 -0.0310821533203125
-0.0566940307617187 0.137870788574219 -0.144699096679687 -0.143310546875
0.0275726318359375 0.146408081054688 -0.31536865234375 -0.187042236328125
0.109054565429688 0.141143798828125 -0.545196533203125 -0.239898681640625
0.316680908203125 0.26495361328125 0.10528564453125 -0.365478515625
0.20062255859375 0.269973754882813 0.059814453125 -0.32830810546875
0.162384033203125 0.386383056640625 0.12451171875 -0.229904174804687
-0.025390625 0.384979248046875 0.217391967773438 -0.147445678710937
-0.2152099609375 0.37548828125 0.203765869140625 0.0283660888671875
-0.27935791015625 0.368255615234375 0.14886474609375 0.213333129882813
-0.32275390625 0.3245849609375 -0.0567626953125 0.285400390625
-0.38836669921875 0.186859130859375 -0.244522094726562 0.256240844726563
-0.341278076171875 0.252166748046875 -0.3480224609375 0.307586669921875
-0.3310546875 0.251556396484375 -0.3472900390625 0.24481201171875
-0.287261962890625 0.262481689453125 -0.241165161132813 0.124618530273438
-0.130355834960938 0.260208129882813 -0.162338256835938 -0.014862060546875
-0.059661865234375 0.29833984375 -0.165054321289062 -0.104156494140625
0.07568359375 0.289459228515625 -0.3115234375 -0.138275146484375
0.193756103515625 0.271835327148438 -0.52056884765625 -0.159820556640625
0.372100830078125 0.356353759765625 0.226699829101563 -0.274124145507813
0.223907470703125 0.37677001953125 0.184219360351563 -0.262863159179688
0.158905029296875 0.525299072265625 0.186538696289063 -0.179946899414062
-0.08514404296875 0.503753662109375 0.261795043945313 -0.135421752929687
-0.3272705078125 0.468719482421875 0.228973388671875 -0.0352020263671875
-0.40582275390625 0.461151123046875 0.20263671875 0.0981292724609375
-0.440155029296875 0.400299072265625 0.0449371337890625 0.133804321289063
-0.508575439453125 0.246246337890625 -0.108009338378906 0.132667541503906
-0.450286865234375 0.356536865234375 -0.216842651367188 0.203521728515625
-0.4158935546875 0.384979248046875 -0.2646484375 0.179916381835938
-0.339569091796875 0.412994384765625 -0.227066040039063 0.102935791015625
-0.099609375 0.4083251953125 -0.1697998046875 0.0138092041015625
-0.00411987304687501 0.444793701171875 -0.176544189453125 -0.0340576171875
0.15594482421875 0.392181396484375 -0.286590576171875 -0.053466796875
0.2718505859375 0.355316162109375 -0.462188720703125 -0.0417175292968751
0.357635498046875 0.399383544921875 0.34991455078125 -0.14886474609375
0.18438720703125 0.424041748046875 0.299072265625 -0.14849853515625
0.0909423828124999 0.57049560546875 0.23260498046875 -0.0954437255859375
-0.16259765625 0.51318359375 0.289581298828125 -0.095062255859375
-0.405303955078125 0.4537353515625 0.261642456054688 -0.0900115966796875
-0.47894287109375 0.457611083984375 0.276138305664062 -0.0264739990234375
-0.49072265625 0.401123046875 0.175018310546875 -0.031982421875
-0.55181884765625 0.267974853515625 0.048248291015625 -0.0140876770019531
-0.483154296875 0.415557861328125 -0.083099365234375 0.0511474609375
-0.4178466796875 0.4720458984375 -0.183639526367188 0.0613250732421876
-0.30810546875 0.5120849609375 -0.2188720703125 0.0555877685546875
-0.02178955078125 0.4942626953125 -0.168319702148438 0.0477447509765625
0.0831298828125001 0.523193359375 -0.160049438476563 0.0547332763671875
0.2333984375 0.426025390625 -0.221969604492187 0.0476531982421875
0.32220458984375 0.383941650390625 -0.36968994140625 0.093841552734375
0.290435791015625 0.376800537109375 0.448028564453125 -0.01007080078125
0.112548828125 0.39410400390625 0.3680419921875 -0.010498046875
0.00997924804687497 0.4990234375 0.236984252929688 -0.000213623046874969
-0.20074462890625 0.41412353515625 0.281646728515625 -0.037567138671875
-0.40264892578125 0.343841552734375 0.2886962890625 -0.120758056640625
-0.463958740234375 0.370513916015625 0.356536865234375 -0.130767822265625
-0.458892822265625 0.338165283203125 0.309051513671875 -0.180877685546875
-0.508453369140625 0.246826171875 0.197586059570312 -0.15997314453125
-0.441192626953125 0.4039306640625 0.0279922485351562 -0.123046875
-0.3505859375 0.468719482421875 -0.127601623535156 -0.0844497680664062
-0.22760009765625 0.5045166015625 -0.219741821289063 -0.00419616699218748
0.05120849609375 0.4735107421875 -0.160446166992188 0.078369140625
0.148101806640625 0.4989013671875 -0.119422912597656 0.137802124023438
0.265869140625 0.384490966796875 -0.125213623046875 0.143447875976563
0.3238525390625 0.35382080078125 -0.25628662109375 0.22705078125
0.1939697265625 0.2960205078125 0.508941650390625 0.115081787109375
0.04815673828125 0.29541015625 0.383270263671875 0.11309814453125
-0.03228759765625 0.347198486328125 0.202590942382813 0.0762481689453125
-0.169342041015625 0.255859375 0.2398681640625 0.01055908203125
-0.3067626953125 0.2022705078125 0.296661376953125 -0.124969482421875
-0.35736083984375 0.243865966796875 0.412811279296875 -0.197906494140625
-0.348846435546875 0.23382568359375 0.418212890625 -0.293548583984375
-0.388519287109375 0.186553955078125 0.31732177734375 -0.281982421875
-0.3365478515625 0.31488037109375 0.103240966796875 -0.280105590820313
-0.245330810546875 0.3662109375 -0.0987701416015625 -0.216140747070312
-0.141815185546875 0.386016845703125 -0.226669311523438 -0.05950927734375
0.07684326171875 0.359222412109375 -0.15264892578125 0.100143432617188
0.149139404296875 0.382965087890625 -0.0749664306640625 0.200653076171875
0.225982666015625 0.285247802734375 -0.02728271484375 0.218307495117188
0.261322021484375 0.274948120117188 -0.146240234375 0.33306884765625
0.0870819091796875 0.170852661132813 0.540069580078125 0.1995849609375
0.0149688720703125 0.1611328125 0.369110107421875 0.19134521484375
-0.0182342529296875 0.17626953125 0.160354614257813 0.11663818359375
-0.0812301635742188 0.111335754394531 0.192398071289063 0.0360260009765625
-0.15472412109375 0.0865478515625 0.28961181640625 -0.117095947265625
-0.191162109375 0.1226806640625 0.438629150390625 -0.23760986328125
-0.181549072265625 0.1119384765625 0.482666015625 -0.3616943359375
-0.21014404296875 0.096221923828125 0.388214111328125 -0.36285400390625
-0.189285278320313 0.167007446289063 0.140106201171875 -0.38995361328125
-0.129058837890625 0.191864013671875 -0.09320068359375 -0.3076171875
-0.068756103515625 0.199752807617188 -0.2337646484375 -0.096435546875
0.0535736083984375 0.189498901367188 -0.150726318359375 0.115249633789063
0.091705322265625 0.212997436523437 -0.0502471923828125 0.241180419921875
0.122894287109375 0.152923583984375 0.04315185546875 0.272598266601563
0.142333984375 0.161163330078125 -0.064422607421875 0.406890869140625
0.0325107574462891 0.0112266540527344 -0.0146484375 -0.40679931640625
-0.0135040283203125 -0.00965785980224609 -0.076080322265625 -0.32025146484375
-0.015690803527832 -0.00343990325927734 0.0388336181640625 -0.24072265625
-0.0214042663574219 -0.00153732299804688 0.145217895507813 -0.120986938476563
-0.0233821868896484 0.00423622131347657 0.186614990234375 0.102127075195313
-0.0040283203125 -0.00629138946533203 0.10394287109375 0.304290771484375
0.00483989715576172 0.00543546676635742 -0.143798828125 0.415130615234375
0.00629329681396484 -0.0075230598449707 -0.38189697265625 0.35675048828125
0.0282039642333984 0.000499725341796875 -0.489776611328125 0.361114501953125
0.00215625762939453 0.0112648010253906 -0.436981201171875 0.26025390625
-0.006561279296875 0.02313232421875 -0.2578125 0.129196166992188
-0.0158557891845703 -0.00771522521972656 -0.1497802734375 -0.035552978515625
-0.00950813293457031 -0.00812911987304687 -0.143417358398438 -0.156265258789062
0.00951385498046875 -0.0106611251831055 -0.319366455078125 -0.197265625
0.0268955230712891 -0.0130329132080078 -0.547393798828125 -0.266204833984375
0.194717407226563 0.140701293945313 0.0188293457031251 -0.4046630859375
0.112892150878906 0.132789611816406 -0.0350341796875 -0.341583251953125
0.0960845947265625 0.195892333984375 0.069793701171875 -0.245330810546875
-0.0069122314453125 0.20281982421875 0.175552368164063 -0.137710571289063
-0.10882568359375 0.207748413085937 0.1910400390625 0.07745361328125
-0.137893676757812 0.199325561523438 0.1182861328125 0.28387451171875
-0.165313720703125 0.184371948242187 -0.120147705078125 0.383697509765625
-0.206039428710938 0.098419189453125 -0.34002685546875 0.33343505859375
-0.170013427734375 0.126373291015625 -0.443634033203125 0.357391357421875
-0.178131103515625 0.12042236328125 -0.407379150390625 0.2645263671875
-0.163421630859375 0.1253662109375 -0.250518798828125 0.129180908203125
-0.0949020385742187 0.112754821777344 -0.151397705078125 -0.0305023193359375
-0.0572357177734375 0.137245178222656 -0.144912719726562 -0.142776489257813
0.0269927978515625 0.145431518554687 -0.3133544921875 -0.18701171875
0.10894775390625 0.1402587890625 -0.544097900390625 -0.240753173828125
0.316741943359375 0.2645263671875 0.105194091796875 -0.3636474609375
0.199951171875 0.26873779296875 0.0589599609375 -0.32745361328125
0.163177490234375 0.384307861328125 0.124343872070313 -0.229568481445312
-0.025390625 0.385406494140625 0.216659545898438 -0.147186279296875
-0.214080810546875 0.376800537109375 0.203353881835937 0.0285797119140625
-0.279296875 0.3665771484375 0.149826049804687 0.21197509765625
-0.321319580078125 0.323883056640625 -0.05657958984375 0.2828369140625
-0.38800048828125 0.187225341796875 -0.244384765625 0.253570556640625
-0.33905029296875 0.250091552734375 -0.347198486328125 0.306182861328125
-0.3287353515625 0.2506103515625 -0.3465576171875 0.244873046875
-0.285491943359375 0.262786865234375 -0.240020751953125 0.124435424804688
-0.130996704101562 0.258743286132813 -0.162307739257812 -0.0146331787109375
-0.06024169921875 0.297882080078125 -0.1649169921875 -0.103988647460937
0.0751953125 0.28778076171875 -0.310821533203125 -0.137786865234375
0.192916870117188 0.269683837890625 -0.51971435546875 -0.160858154296875
0.370758056640625 0.354339599609375 0.225296020507813 -0.274993896484375
0.222625732421875 0.376312255859375 0.182785034179688 -0.262481689453125
0.159576416015625 0.5233154296875 0.186737060546875 -0.179473876953125
-0.084808349609375 0.50457763671875 0.260650634765625 -0.135360717773437
-0.326446533203125 0.469818115234375 0.22747802734375 -0.0345458984375
-0.40447998046875 0.461090087890625 0.203033447265625 0.096466064453125
-0.438446044921875 0.399658203125 0.0449600219726562 0.132583618164063
-0.508392333984375 0.245147705078125 -0.107704162597656 0.131729125976563
-0.44866943359375 0.35528564453125 -0.216140747070313 0.20263671875
-0.413330078125 0.38458251953125 -0.264068603515625 0.179519653320313
-0.33758544921875 0.411773681640625 -0.226699829101563 0.102935791015625
-0.10009765625 0.40728759765625 -0.169525146484375 0.0141448974609375
-0.00427246093749997 0.443023681640625 -0.176651000976562 -0.0337677001953125
0.153594970703125 0.390594482421875 -0.28631591796875 -0.053741455078125
0.270782470703125 0.354705810546875 -0.461334228515625 -0.04254150390625
0.357635498046875 0.397430419921875 0.348724365234375 -0.148345947265625
0.184417724609375 0.42218017578125 0.297637939453125 -0.147491455078125
0.09124755859375 0.568115234375 0.232162475585938 -0.0957794189453125
-0.160797119140625 0.511871337890625 0.288330078125 -0.094207763671875
-0.40338134765625 0.45294189453125 0.260284423828125 -0.0896453857421875
-0.477447509765625 0.45672607421875 0.276840209960937 -0.0269927978515625
-0.49005126953125 0.400177001953125 0.173919677734375 -0.0324554443359375
-0.5511474609375 0.265899658203125 0.0480728149414062 -0.01385498046875
-0.482879638671875 0.413116455078125 -0.0819854736328125 0.0510025024414063
-0.415924072265625 0.4722900390625 -0.182876586914063 0.0611572265625
-0.30810546875 0.511993408203125 -0.218521118164063 0.0557708740234375
-0.022491455078125 0.492340087890625 -0.168563842773438 0.0481719970703125
0.08306884765625 0.52117919921875 -0.160186767578125 0.0545501708984375
0.2310791015625 0.424285888671875 -0.22259521484375 0.0478973388671875
0.321197509765625 0.381988525390625 -0.370208740234375 0.094268798828125
0.2908935546875 0.375518798828125 0.446685791015625 -0.010162353515625
0.111328125 0.39227294921875 0.365447998046875 -0.0111083984375
0.010467529296875 0.497589111328125 0.237228393554688 0.00067138671875003
-0.20123291015625 0.41241455078125 0.280624389648437 -0.0377197265625
-0.40155029296875 0.345184326171875 0.28753662109375 -0.119781494140625
-0.46136474609375 0.36932373046875 0.356201171875 -0.131134033203125
-0.45709228515625 0.337646484375 0.307403564453125 -0.18115234375
-0.508544921875 0.24774169921875 0.197982788085937 -0.159271240234375
-0.439361572265625 0.40264892578125 0.0286331176757812 -0.122871398925781
-0.348968505859375 0.468017578125 -0.127105712890625 -0.0841751098632812
-0.227020263671875 0.503662109375 -0.219329833984375 -0.00404357910156246
0.052490234375 0.4727783203125 -0.16064453125 0.07781982421875
0.148040771484375 0.496856689453125 -0.119194030761719 0.137420654296875
0.263885498046875 0.382843017578125 -0.12615966796875 0.14263916015625
0.3238525390625 0.353851318359375 -0.256332397460938 0.2269287109375
0.1917724609375 0.294525146484375 0.507476806640625 0.11474609375
0.048004150390625 0.29425048828125 0.38140869140625 0.112091064453125
-0.031585693359375 0.345733642578125 0.201919555664063 0.0765838623046875
-0.169677734375 0.25567626953125 0.238479614257812 0.01104736328125
-0.3057861328125 0.203155517578125 0.2952880859375 -0.123992919921875
-0.35540771484375 0.2440185546875 0.412109375 -0.197967529296875
-0.346832275390625 0.232818603515625 0.4166259765625 -0.291961669921875
-0.388763427734375 0.186309814453125 0.316680908203125 -0.280548095703125
-0.33538818359375 0.31475830078125 0.103759765625 -0.279052734375
-0.246002197265625 0.36370849609375 -0.0984344482421875 -0.214981079101563
-0.142059326171875 0.386138916015625 -0.226028442382813 -0.0592193603515625
0.07562255859375 0.358154296875 -0.1522216796875 0.09979248046875
0.148223876953125 0.38214111328125 -0.0751953125 0.199462890625
0.223388671875 0.284912109375 -0.027679443359375 0.217483520507813
0.26129150390625 0.273101806640625 -0.145416259765625 0.332489013671875
0.0870208740234375 0.170181274414062 0.537933349609375 0.198577880859375
0.01470947265625 0.160781860351563 0.36865234375 0.1907958984375
-0.0181427001953125 0.175079345703125 0.159393310546875 0.116729736328125
-0.0810089111328125 0.110725402832031 0.191360473632813 0.035919189453125
-0.154327392578125 0.08770751953125 0.2879638671875 -0.116058349609375
-0.18890380859375 0.123153686523437 0.436737060546875 -0.23773193359375
-0.180404663085937 0.111831665039063 0.4805908203125 -0.35986328125
-0.209747314453125 0.0959930419921875 0.389068603515625 -0.360015869140625
-0.189483642578125 0.166046142578125 0.140167236328125 -0.3868408203125
-0.1279296875 0.191482543945312 -0.093994140625 -0.306060791015625
-0.068634033203125 0.199447631835938 -0.23321533203125 -0.09661865234375
0.0535736083984375 0.188446044921875 -0.1510009765625 0.114486694335937
0.0919342041015625 0.212692260742188 -0.0493927001953125 0.240310668945313
0.122421264648438 0.1533203125 0.042236328125 0.272354125976562
0.142379760742187 0.16082763671875 -0.06463623046875 0.4066162109375
0.0318775177001953 0.0102348327636719 -0.01446533203125 -0.406158447265625
-0.0140810012817383 -0.0096578598022461 -0.0762939453125 -0.320159912109375
-0.0164432525634766 -0.00370407104492188 0.0385894775390625 -0.241226196289062
-0.0216331481933594 -0.00180625915527344 0.144973754882813 -0.120925903320313
-0.0242633819580078 0.00449752807617187 0.186996459960938 0.102066040039063
-0.0039224624633789 -0.00678157806396484 0.104156494140625 0.302978515625
0.00488758087158203 0.00512790679931641 -0.14532470703125 0.413238525390625
0.00672149658203125 -0.00784015655517578 -0.38330078125 0.354339599609375
0.0286464691162109 -0.0003509521484375 -0.48956298828125 0.361328125
0.00244522094726562 0.0108623504638672 -0.435699462890625 0.259857177734375
-0.00603485107421875 0.0224800109863281 -0.257156372070313 0.128707885742187
-0.0162343978881836 -0.00741291046142578 -0.150390625 -0.035736083984375
-0.00967884063720703 -0.0077657699584961 -0.143936157226562 -0.155715942382813
0.00946998596191406 -0.0112342834472656 -0.318878173828125 -0.19696044921875
0.0266647338867187 -0.0138740539550781 -0.5482177734375 -0.264984130859375
0.19366455078125 0.140045166015625 0.019195556640625 -0.405914306640625
0.112136840820313 0.132766723632813 -0.035919189453125 -0.341705322265625
0.0964508056640625 0.195404052734375 0.0701904296875 -0.246307373046875
-0.0064697265625 0.202804565429688 0.175140380859375 -0.137802124023438
-0.10888671875 0.208053588867188 0.190460205078125 0.077362060546875
-0.138092041015625 0.198928833007813 0.11859130859375 0.2830810546875
-0.165176391601562 0.184661865234375 -0.119537353515625 0.382171630859375
-0.206588745117187 0.0974578857421875 -0.341033935546875 0.33172607421875
-0.169784545898438 0.125991821289062 -0.44317626953125 0.35498046875
-0.17730712890625 0.120285034179688 -0.404937744140625 0.263885498046875
-0.1634521484375 0.125457763671875 -0.250137329101562 0.129074096679687
-0.0954437255859375 0.112579345703125 -0.151657104492188 -0.030670166015625
-0.0575714111328125 0.13739013671875 -0.145172119140625 -0.142730712890625
0.026580810546875 0.144683837890625 -0.313629150390625 -0.187286376953125
0.108436584472656 0.139320373535156 -0.545166015625 -0.24017333984375
0.31561279296875 0.26226806640625 0.104095458984375 -0.363525390625
0.199172973632813 0.269622802734375 0.057830810546875 -0.32794189453125
0.163330078125 0.38433837890625 0.125244140625 -0.230133056640625
-0.0262451171875 0.3856201171875 0.216140747070313 -0.146865844726563
-0.21514892578125 0.3770751953125 0.203338623046875 0.0294189453125
-0.277740478515625 0.36773681640625 0.150192260742187 0.21038818359375
-0.320892333984375 0.324737548828125 -0.05657958984375 0.281982421875
-0.388336181640625 0.18743896484375 -0.24505615234375 0.253677368164063
-0.338714599609375 0.24896240234375 -0.345672607421875 0.305206298828125
-0.327362060546875 0.250885009765625 -0.3455810546875 0.244415283203125
-0.28466796875 0.26300048828125 -0.239944458007813 0.125
-0.131744384765625 0.258453369140625 -0.16265869140625 -0.0139312744140625
-0.060089111328125 0.2977294921875 -0.16534423828125 -0.103622436523438
0.0740966796875 0.286773681640625 -0.310943603515625 -0.138092041015625
0.193344116210937 0.269577026367188 -0.520721435546875 -0.16009521484375
0.37066650390625 0.3536376953125 0.224334716796875 -0.274810791015625
0.22283935546875 0.375762939453125 0.182525634765625 -0.262496948242188
0.16015625 0.5238037109375 0.187240600585938 -0.180038452148437
-0.084625244140625 0.503875732421875 0.260482788085938 -0.134124755859375
-0.325469970703125 0.472564697265625 0.227493286132812 -0.0339202880859375
-0.4039306640625 0.46160888671875 0.203323364257812 0.095306396484375
-0.437225341796875 0.398956298828125 0.04449462890625 0.131698608398438
-0.50872802734375 0.2447509765625 -0.10809326171875 0.131614685058594
-0.44793701171875 0.3548583984375 -0.215179443359375 0.202529907226563
-0.41290283203125 0.384124755859375 -0.263259887695313 0.179580688476563
-0.33721923828125 0.41259765625 -0.226608276367188 0.103225708007813
-0.1009521484375 0.40765380859375 -0.169815063476563 0.01458740234375
-0.005828857421875 0.442535400390625 -0.176742553710938 -0.03411865234375
0.15203857421875 0.388916015625 -0.286865234375 -0.054229736328125
0.269775390625 0.35443115234375 -0.46124267578125 -0.0418701171875001
0.356292724609375 0.39593505859375 0.348297119140625 -0.14959716796875
0.182220458984375 0.42333984375 0.296630859375 -0.147705078125
0.09234619140625 0.56683349609375 0.233047485351562 -0.0953521728515625
-0.1611328125 0.51239013671875 0.288238525390625 -0.094085693359375
-0.4049072265625 0.455474853515625 0.259567260742188 -0.0889129638671875
-0.476104736328125 0.45758056640625 0.277069091796875 -0.02886962890625
-0.488067626953125 0.40032958984375 0.173873901367187 -0.0332794189453125
-0.550567626953125 0.266571044921875 0.0480842590332031 -0.0138168334960937
-0.481536865234375 0.412261962890625 -0.0819168090820313 0.0505905151367188
-0.416168212890625 0.472076416015625 -0.182632446289063 0.061370849609375
-0.30841064453125 0.511810302734375 -0.218429565429688 0.0562744140625
-0.022918701171875 0.491912841796875 -0.168136596679688 0.0479278564453125
0.08306884765625 0.520263671875 -0.160675048828125 0.0542755126953126
0.229888916015625 0.424530029296875 -0.223114013671875 0.0468292236328125
0.321533203125 0.383575439453125 -0.370208740234375 0.093963623046875
0.290496826171875 0.375335693359375 0.446136474609375 -0.00897216796874998
0.1109619140625 0.392578125 0.365692138671875 -0.010406494140625
0.011474609375 0.496063232421875 0.23724365234375 0.00035095214843753
-0.199493408203125 0.41278076171875 0.280197143554688 -0.0371551513671875
-0.400787353515625 0.34619140625 0.286407470703125 -0.118743896484375
-0.460479736328125 0.369384765625 0.35760498046875 -0.13153076171875
-0.456634521484375 0.337921142578125 0.30718994140625 -0.181640625
-0.508209228515625 0.24652099609375 0.19781494140625 -0.158477783203125
-0.439483642578125 0.4022216796875 0.0293121337890625 -0.122932434082031
-0.3486328125 0.468109130859375 -0.127311706542969 -0.083709716796875
-0.2266845703125 0.5029296875 -0.219161987304688 -0.00361633300781246
0.051361083984375 0.47235107421875 -0.16021728515625 0.078033447265625
0.14898681640625 0.49700927734375 -0.119377136230469 0.137077331542969
0.2630615234375 0.382598876953125 -0.126449584960937 0.142593383789063
0.323455810546875 0.3525390625 -0.257247924804688 0.22735595703125
0.192138671875 0.2930908203125 0.506927490234375 0.115142822265625
0.0477294921875 0.29425048828125 0.380706787109375 0.11199951171875
-0.030914306640625 0.344390869140625 0.201751708984375 0.076904296875
-0.169357299804687 0.255172729492188 0.238006591796875 0.0115814208984375
-0.305633544921875 0.20428466796875 0.2943115234375 -0.1239013671875
-0.354278564453125 0.244171142578125 0.41204833984375 -0.19866943359375
-0.3463134765625 0.23272705078125 0.416259765625 -0.29150390625
-0.3897705078125 0.18695068359375 0.316864013671875 -0.27764892578125
-0.335845947265625 0.3140869140625 0.104156494140625 -0.279006958007813
-0.24468994140625 0.36407470703125 -0.0987701416015625 -0.215499877929688
-0.142486572265625 0.386810302734375 -0.226486206054688 -0.0586090087890625
0.07647705078125 0.357177734375 -0.151931762695313 0.0994873046875
0.148651123046875 0.38055419921875 -0.076019287109375 0.199249267578125
0.22418212890625 0.285125732421875 -0.028656005859375 0.217620849609375
0.261489868164063 0.272903442382813 -0.1466064453125 0.333251953125
0.087615966796875 0.16925048828125 0.53900146484375 0.198699951171875
0.015106201171875 0.16009521484375 0.368408203125 0.1910400390625
-0.01739501953125 0.17425537109375 0.15850830078125 0.117050170898438
-0.0810623168945313 0.110733032226563 0.190582275390625 0.036865234375
-0.153656005859375 0.087860107421875 0.287078857421875 -0.115997314453125
-0.187942504882813 0.122772216796875 0.436248779296875 -0.236785888671875
-0.179824829101563 0.111740112304687 0.480224609375 -0.35919189453125
-0.209396362304688 0.0962982177734375 0.389617919921875 -0.3599853515625
-0.1895751953125 0.166366577148438 0.141448974609375 -0.386810302734375
-0.128082275390625 0.190933227539063 -0.093963623046875 -0.305908203125
-0.06890869140625 0.199691772460937 -0.233596801757812 -0.096588134765625
0.0535125732421875 0.18853759765625 -0.150588989257813 0.11395263671875
0.09234619140625 0.212066650390625 -0.049652099609375 0.239883422851562
0.120864868164063 0.15380859375 0.041900634765625 0.271728515625
0.142669677734375 0.160675048828125 -0.0653076171875 0.4061279296875
0.0314044952392578 0.009552001953125 -0.01470947265625 -0.40667724609375
-0.0143575668334961 -0.00943470001220703 -0.076751708984375 -0.3203125
-0.0163707733154297 -0.00358963012695312 0.0383453369140625 -0.242156982421875
-0.0218429565429688 -0.00210762023925781 0.145004272460938 -0.121475219726563
-0.0240840911865234 0.00466346740722656 0.1871337890625 0.102752685546875
-0.00411748886108398 -0.00710296630859375 0.10498046875 0.302093505859375
0.00448465347290039 0.00495052337646484 -0.1446533203125 0.413970947265625
0.00648260116577148 -0.00843906402587891 -0.38519287109375 0.3544921875
0.0286369323730469 -0.0008544921875 -0.490081787109375 0.36041259765625
0.00321769714355469 0.0105915069580078 -0.43572998046875 0.2603759765625
-0.00551986694335938 0.0230388641357422 -0.257492065429687 0.12884521484375
-0.0165729522705078 -0.0073099136352539 -0.15087890625 -0.035430908203125
-0.00991630554199219 -0.00733184814453125 -0.144332885742188 -0.155914306640625
0.00990581512451172 -0.0114879608154297 -0.319793701171875 -0.197418212890625
0.0271129608154297 -0.013946533203125 -0.548614501953125 -0.26483154296875
0.1942138671875 0.138916015625 0.018463134765625 -0.4058837890625
0.112434387207031 0.133041381835937 -0.037506103515625 -0.3421630859375
0.0963287353515625 0.195526123046875 0.0703887939453125 -0.247268676757813
-0.0067901611328125 0.203033447265625 0.17510986328125 -0.138320922851563
-0.10955810546875 0.208694458007813 0.190673828125 0.0779876708984375
-0.137908935546875 0.199554443359375 0.1202392578125 0.28271484375
-0.164993286132813 0.185150146484375 -0.119354248046875 0.381591796875
-0.206863403320313 0.098114013671875 -0.342926025390625 0.33160400390625
-0.169219970703125 0.12542724609375 -0.442901611328125 0.3558349609375
-0.176559448242188 0.119964599609375 -0.4049072265625 0.264190673828125
-0.162933349609375 0.126266479492188 -0.249771118164063 0.12939453125
-0.0957489013671875 0.112899780273438 -0.152374267578125 -0.0300750732421875
-0.057586669921875 0.1373291015625 -0.145919799804688 -0.142669677734375
0.0271453857421875 0.144439697265625 -0.31329345703125 -0.187225341796875
0.109291076660156 0.138626098632813 -0.545745849609375 -0.239288330078125
0.315643310546875 0.261932373046875 0.10369873046875 -0.36602783203125
0.19903564453125 0.269439697265625 0.05706787109375 -0.327667236328125
0.164306640625 0.383514404296875 0.126007080078125 -0.231048583984375
-0.026397705078125 0.38623046875 0.21661376953125 -0.147323608398437
-0.215576171875 0.37945556640625 0.20318603515625 0.0294036865234375
-0.27783203125 0.367889404296875 0.151901245117187 0.209716796875
-0.321319580078125 0.324615478515625 -0.056427001953125 0.280853271484375
-0.38958740234375 0.186309814453125 -0.245941162109375 0.25274658203125
-0.33770751953125 0.2496337890625 -0.345977783203125 0.30499267578125
-0.326171875 0.251251220703125 -0.345550537109375 0.244720458984375
-0.285858154296875 0.262725830078125 -0.240432739257813 0.125244140625
-0.132339477539063 0.259475708007812 -0.162872314453125 -0.0131378173828125
-0.06060791015625 0.29766845703125 -0.16534423828125 -0.104217529296875
0.07373046875 0.28643798828125 -0.311981201171875 -0.13922119140625
0.19439697265625 0.269195556640625 -0.521759033203125 -0.1588134765625
0.37176513671875 0.3536376953125 0.224761962890625 -0.275466918945313
0.222015380859375 0.376495361328125 0.180999755859375 -0.26287841796875
0.160614013671875 0.5224609375 0.188140869140625 -0.180252075195312
-0.08447265625 0.5052490234375 0.260162353515625 -0.134979248046875
-0.32611083984375 0.4737548828125 0.22723388671875 -0.033905029296875
-0.4041748046875 0.46368408203125 0.20501708984375 0.0939178466796875
-0.437408447265625 0.400634765625 0.0446548461914062 0.131156921386719
-0.50970458984375 0.246490478515625 -0.108604431152344 0.130950927734375
-0.4481201171875 0.354827880859375 -0.214859008789063 0.2021484375
-0.41033935546875 0.385040283203125 -0.263626098632812 0.179672241210938
-0.3385009765625 0.41357421875 -0.226516723632813 0.103622436523438
-0.1014404296875 0.4095458984375 -0.169769287109375 0.0150909423828125
-0.00518798828124995 0.441925048828125 -0.177597045898437 -0.0342102050781249
0.151947021484375 0.38909912109375 -0.2877197265625 -0.054962158203125
0.27166748046875 0.354217529296875 -0.46368408203125 -0.041534423828125
0.358154296875 0.39599609375 0.347076416015625 -0.149932861328125
0.181915283203125 0.42333984375 0.296142578125 -0.148406982421875
0.09320068359375 0.5673828125 0.2340087890625 -0.09552001953125
-0.161285400390625 0.51348876953125 0.28802490234375 -0.093780517578125
-0.40313720703125 0.458404541015625 0.259292602539063 -0.0894012451171875
-0.47552490234375 0.457366943359375 0.278289794921875 -0.0300445556640625
-0.487518310546875 0.40234375 0.1732177734375 -0.0337066650390625
-0.552947998046875 0.266937255859375 0.0482330322265625 -0.0140228271484375
-0.4822998046875 0.413330078125 -0.0813674926757813 0.0496597290039063
-0.415313720703125 0.47320556640625 -0.183425903320313 0.0616455078125
-0.30792236328125 0.514739990234375 -0.218353271484375 0.0573577880859376
-0.02337646484375 0.494171142578125 -0.1688232421875 0.0480194091796875
0.083587646484375 0.52105712890625 -0.16143798828125 0.0544891357421875
0.228790283203125 0.42431640625 -0.224349975585937 0.0467224121093751
0.3221435546875 0.38336181640625 -0.3719482421875 0.0960083007812501
0.29083251953125 0.37591552734375 0.445526123046875 -0.010589599609375
0.110321044921875 0.392364501953125 0.3656005859375 -0.01116943359375
0.01275634765625 0.497161865234375 0.23760986328125 0.00117492675781253
-0.200958251953125 0.413909912109375 0.280166625976563 -0.0367889404296875
-0.401092529296875 0.34893798828125 0.2861328125 -0.11920166015625
-0.4600830078125 0.37060546875 0.357574462890625 -0.133453369140625
-0.456878662109375 0.3375244140625 0.3074951171875 -0.181915283203125
-0.509857177734375 0.247100830078125 0.198226928710937 -0.158050537109375
-0.43902587890625 0.40301513671875 0.0292892456054687 -0.122840881347656
-0.347442626953125 0.468353271484375 -0.127494812011719 -0.083709716796875
-0.228118896484375 0.504974365234375 -0.2197265625 -0.00306701660156242
0.05108642578125 0.472991943359375 -0.160125732421875 0.078155517578125
0.149322509765625 0.495880126953125 -0.120025634765625 0.136947631835938
0.26123046875 0.38311767578125 -0.128173828125 0.142349243164063
0.324249267578125 0.35296630859375 -0.25750732421875 0.227783203125
0.1932373046875 0.29351806640625 0.506378173828125 0.115020751953125
0.047210693359375 0.29437255859375 0.380706787109375 0.11260986328125
-0.029815673828125 0.344970703125 0.202911376953125 0.0775909423828125
-0.169326782226563 0.255020141601563 0.2381591796875 0.0120697021484375
-0.30560302734375 0.20526123046875 0.2935791015625 -0.12353515625
-0.353302001953125 0.24420166015625 0.411041259765625 -0.1988525390625
-0.34539794921875 0.233123779296875 0.416748046875 -0.291717529296875
-0.3897705078125 0.187408447265625 0.318450927734375 -0.27886962890625
-0.3353271484375 0.31439208984375 0.10491943359375 -0.27862548828125
-0.245330810546875 0.365142822265625 -0.099517822265625 -0.215103149414063
-0.14312744140625 0.387420654296875 -0.227020263671875 -0.0579681396484374
0.07574462890625 0.358612060546875 -0.152374267578125 0.0987548828125
0.1497802734375 0.381561279296875 -0.07598876953125 0.199462890625
0.222137451171875 0.285736083984375 -0.029205322265625 0.217361450195313
0.262649536132813 0.273345947265625 -0.1475830078125 0.333251953125
0.0880584716796875 0.168777465820313 0.53863525390625 0.19915771484375
0.0146331787109375 0.160140991210938 0.3685302734375 0.192352294921875
-0.017242431640625 0.174285888671875 0.158920288085938 0.117340087890625
-0.0810089111328125 0.110671997070312 0.190643310546875 0.0373382568359375
-0.153274536132812 0.0889739990234375 0.286163330078125 -0.1153564453125
-0.187347412109375 0.123138427734375 0.435546875 -0.237030029296875
-0.179412841796875 0.11175537109375 0.480316162109375 -0.3597412109375
-0.210052490234375 0.0961914062500001 0.391754150390625 -0.3599853515625
-0.1895751953125 0.166534423828125 0.142120361328125 -0.38592529296875
-0.128494262695313 0.19189453125 -0.09454345703125 -0.306610107421875
-0.0689544677734375 0.200592041015625 -0.234527587890625 -0.0962371826171874
0.053314208984375 0.188369750976563 -0.150894165039063 0.113540649414063
0.0922088623046875 0.212066650390625 -0.0502777099609375 0.240432739257813
0.1202392578125 0.154144287109375 0.0410919189453125 0.2720947265625
0.143234252929688 0.160110473632813 -0.0657653808593749 0.40789794921875
0.0314044952392578 0.00931167602539063 -0.01470947265625 -0.408355712890625
-0.014378547668457 -0.00899028778076172 -0.077484130859375 -0.321441650390625
-0.0168991088867188 -0.00397872924804687 0.0384368896484375 -0.243331909179688
-0.0222263336181641 -0.00224876403808593 0.14556884765625 -0.122299194335938
-0.0246315002441406 0.00493621826171875 0.188156127929688 0.102996826171875
-0.00457334518432617 -0.0071864128112793 0.10577392578125 0.302001953125
0.0042877197265625 0.00451469421386719 -0.14544677734375 0.41241455078125
0.00626707077026367 -0.00858592987060547 -0.38714599609375 0.354248046875
0.0292091369628906 -0.00150489807128906 -0.491058349609375 0.361785888671875
0.0029449462890625 0.0104351043701172 -0.4351806640625 0.2603759765625
-0.00493812561035156 0.0231895446777344 -0.257659912109375 0.129547119140625
-0.0170431137084961 -0.00681781768798828 -0.15191650390625 -0.0345001220703125
-0.0102825164794922 -0.0070343017578125 -0.144973754882812 -0.156036376953125
0.0102910995483398 -0.0121231079101563 -0.320892333984375 -0.197967529296875
0.0269699096679688 -0.0154457092285156 -0.549591064453125 -0.26495361328125
0.19439697265625 0.137832641601563 0.0191650390625 -0.40704345703125
0.112586975097656 0.133193969726563 -0.037811279296875 -0.343048095703125
0.0977325439453125 0.196014404296875 0.070587158203125 -0.248214721679688
-0.006439208984375 0.204025268554688 0.175399780273438 -0.13916015625
-0.109771728515625 0.21075439453125 0.191925048828125 0.0782012939453125
-0.138198852539063 0.20001220703125 0.120941162109375 0.2822265625
-0.164764404296875 0.185760498046875 -0.120025634765625 0.38177490234375
-0.207534790039063 0.0981292724609375 -0.344390869140625 0.331787109375
-0.169235229492188 0.125335693359375 -0.4434814453125 0.35675048828125
-0.175689697265625 0.120803833007812 -0.405303955078125 0.2655029296875
-0.16278076171875 0.126235961914063 -0.250259399414063 0.130126953125
-0.0967864990234375 0.113815307617188 -0.153533935546875 -0.029296875
-0.0578842163085938 0.138298034667969 -0.146591186523437 -0.142745971679688
0.0266571044921875 0.144424438476562 -0.31512451171875 -0.187713623046875
0.110023498535156 0.138336181640625 -0.548126220703125 -0.23907470703125
0.31719970703125 0.260955810546875 0.10382080078125 -0.367401123046875
0.2001953125 0.270645141601563 0.056060791015625 -0.32952880859375
0.165679931640625 0.383392333984375 0.126129150390625 -0.232025146484375
-0.024566650390625 0.388641357421875 0.216629028320313 -0.148223876953125
-0.215789794921875 0.3818359375 0.2032470703125 0.0297393798828125
-0.279052734375 0.369842529296875 0.153182983398437 0.208847045898438
-0.3214111328125 0.32611083984375 -0.057525634765625 0.28125
-0.39031982421875 0.187896728515625 -0.247589111328125 0.25335693359375
-0.337646484375 0.250213623046875 -0.345672607421875 0.306396484375
-0.326446533203125 0.252349853515625 -0.345977783203125 0.245635986328125
-0.285736083984375 0.2640380859375 -0.240493774414063 0.126266479492187
-0.133041381835937 0.260360717773438 -0.163818359375 -0.0128936767578125
-0.06085205078125 0.29833984375 -0.166641235351562 -0.103790283203125
0.073333740234375 0.2862548828125 -0.313232421875 -0.1395263671875
0.194488525390625 0.268814086914063 -0.524017333984375 -0.158721923828125
0.372589111328125 0.351470947265625 0.224624633789063 -0.276153564453125
0.22265625 0.376922607421875 0.17987060546875 -0.263824462890625
0.1617431640625 0.523406982421875 0.1893310546875 -0.181167602539062
-0.084686279296875 0.50634765625 0.26080322265625 -0.1353759765625
-0.32623291015625 0.475799560546875 0.228073120117188 -0.033660888671875
-0.40313720703125 0.465850830078125 0.206771850585938 0.092864990234375
-0.437469482421875 0.402557373046875 0.0443344116210937 0.130607604980469
-0.511444091796875 0.247039794921875 -0.109153747558594 0.13104248046875
-0.4498291015625 0.35516357421875 -0.2152099609375 0.202850341796875
-0.411956787109375 0.38641357421875 -0.26348876953125 0.1807861328125
-0.339019775390625 0.414886474609375 -0.227279663085938 0.10467529296875
-0.1033935546875 0.409759521484375 -0.171173095703125 0.0153350830078126
-0.00482177734375002 0.443511962890625 -0.178558349609375 -0.0337066650390625
0.151123046875 0.390167236328125 -0.289459228515625 -0.0550537109374999
0.273040771484375 0.35528564453125 -0.464630126953125 -0.0405273437499999
0.358917236328125 0.395294189453125 0.348968505859375 -0.150909423828125
0.18353271484375 0.42462158203125 0.2960205078125 -0.148590087890625
0.0946044921875001 0.56689453125 0.23486328125 -0.095733642578125
-0.16131591796875 0.517242431640625 0.28839111328125 -0.09423828125
-0.405548095703125 0.460479736328125 0.259017944335938 -0.088165283203125
-0.47454833984375 0.459503173828125 0.280014038085937 -0.0316314697265625
-0.48907470703125 0.40362548828125 0.173736572265625 -0.034515380859375
-0.554168701171875 0.26898193359375 0.0478858947753906 -0.0140380859375
-0.484039306640625 0.414642333984375 -0.0810546875 0.0504302978515625
-0.414337158203125 0.47491455078125 -0.183822631835938 0.0620574951171876
-0.308868408203125 0.515960693359375 -0.219085693359375 0.057861328125
-0.023345947265625 0.494964599609375 -0.169097900390625 0.0492401123046875
0.083251953125 0.52227783203125 -0.161605834960938 0.05401611328125
0.22894287109375 0.4239501953125 -0.225143432617187 0.0469818115234375
0.323638916015625 0.383941650390625 -0.3739013671875 0.0966186523437501
0.291473388671875 0.3740234375 0.446441650390625 -0.011474609375
0.1103515625 0.39385986328125 0.365020751953125 -0.011810302734375
0.012603759765625 0.497650146484375 0.239242553710937 0.00111389160156253
-0.20123291015625 0.4156494140625 0.280548095703125 -0.036895751953125
-0.401611328125 0.350555419921875 0.28607177734375 -0.118743896484375
-0.460235595703125 0.373260498046875 0.35870361328125 -0.135162353515625
-0.45654296875 0.34033203125 0.30792236328125 -0.18316650390625
-0.512237548828125 0.248870849609375 0.198837280273437 -0.158920288085937
-0.44085693359375 0.403778076171875 0.0301895141601562 -0.123283386230469
-0.34857177734375 0.470794677734375 -0.128059387207031 -0.0833587646484375
-0.2279052734375 0.50909423828125 -0.220443725585938 -0.0027313232421875
0.051361083984375 0.47515869140625 -0.160888671875 0.0782318115234375
0.151123046875 0.497100830078125 -0.120445251464844 0.137008666992188
0.26141357421875 0.384033203125 -0.128997802734375 0.143035888671875
0.325531005859375 0.3529052734375 -0.259246826171875 0.229141235351563
0.19488525390625 0.292633056640625 0.5084228515625 0.114654541015625
0.046875 0.2950439453125 0.38262939453125 0.11279296875
-0.029693603515625 0.3448486328125 0.2030029296875 0.078216552734375
-0.170166015625 0.255523681640625 0.238433837890625 0.012420654296875
-0.3048095703125 0.207733154296875 0.29351806640625 -0.12347412109375
-0.352752685546875 0.245025634765625 0.411590576171875 -0.2015380859375
-0.34564208984375 0.23358154296875 0.416961669921875 -0.293212890625
-0.39129638671875 0.188385009765625 0.320159912109375 -0.28009033203125
-0.335906982421875 0.315399169921875 0.105758666992187 -0.279388427734375
-0.243438720703125 0.36602783203125 -0.100021362304688 -0.215606689453125
-0.1429443359375 0.38836669921875 -0.227554321289063 -0.05792236328125
0.0770263671875 0.359527587890625 -0.152542114257813 0.099090576171875
0.15020751953125 0.381805419921875 -0.07611083984375 0.199356079101563
0.222076416015625 0.28729248046875 -0.03021240234375 0.218521118164063
0.264846801757813 0.27398681640625 -0.148345947265625 0.336273193359375
0.0887298583984375 0.168411254882812 0.538970947265625 0.19915771484375
0.014495849609375 0.1600341796875 0.370758056640625 0.19085693359375
-0.0167236328125 0.173980712890625 0.159393310546875 0.1177978515625
-0.0819320678710938 0.110610961914062 0.191314697265625 0.0377197265625
-0.153213500976563 0.089752197265625 0.2861328125 -0.115692138671875
-0.1864013671875 0.123809814453125 0.435821533203125 -0.238189697265625
-0.1788330078125 0.112319946289062 0.4818115234375 -0.3607177734375
-0.210678100585938 0.0970611572265625 0.393402099609375 -0.359619140625
-0.189956665039062 0.167526245117188 0.141876220703125 -0.387420654296875
-0.12762451171875 0.192047119140625 -0.09552001953125 -0.30645751953125
-0.0689544677734375 0.200881958007813 -0.23577880859375 -0.09674072265625
0.0530548095703125 0.189010620117188 -0.151473999023438 0.11444091796875
0.0930328369140625 0.21240234375 -0.0497894287109375 0.240325927734375
0.1199951171875 0.155258178710937 0.0407867431640625 0.273040771484375
0.144256591796875 0.160964965820313 -0.0658874511718749 0.40936279296875
0.031402587890625 0.00885581970214844 -0.014739990234375 -0.409881591796875
-0.0149898529052734 -0.00875759124755859 -0.078887939453125 -0.32330322265625
-0.0172367095947266 -0.00407695770263672 0.0374755859375 -0.244827270507813
-0.0230064392089844 -0.00202560424804687 0.145477294921875 -0.122650146484375
-0.0247802734375 0.00546455383300781 0.1893310546875 0.103729248046875
-0.00475072860717774 -0.00727987289428711 0.108184814453125 0.302520751953125
0.00445175170898438 0.00398111343383789 -0.144927978515625 0.414306640625
0.00621509552001953 -0.00909805297851563 -0.389617919921875 0.35595703125
0.0297374725341797 -0.00213432312011719 -0.490509033203125 0.36407470703125
0.00377750396728516 0.0105619430541992 -0.4354248046875 0.26171875
-0.00444793701171875 0.0236701965332031 -0.258224487304687 0.130661010742188
-0.0175857543945313 -0.00625038146972656 -0.153289794921875 -0.03448486328125
-0.0103263854980469 -0.00690746307373047 -0.146636962890625 -0.156173706054688
0.0103158950805664 -0.0117759704589844 -0.32183837890625 -0.19842529296875
0.0269432067871094 -0.0158729553222656 -0.553497314453125 -0.26385498046875
0.195266723632813 0.137924194335938 0.01806640625 -0.408782958984375
0.112861633300781 0.133735656738281 -0.039764404296875 -0.34423828125
0.0985107421875 0.195724487304688 0.0700531005859375 -0.250289916992188
-0.00680541992187502 0.205413818359375 0.175460815429688 -0.139633178710938
-0.109771728515625 0.212158203125 0.192779541015625 0.0784149169921875
-0.1376953125 0.202011108398437 0.122528076171875 0.281524658203125
-0.164993286132812 0.186843872070313 -0.11944580078125 0.3826904296875
-0.2081298828125 0.0991363525390625 -0.34619140625 0.33349609375
-0.168685913085938 0.1256103515625 -0.444976806640625 0.358612060546875
-0.175582885742188 0.12152099609375 -0.405853271484375 0.26605224609375
-0.162506103515625 0.127471923828125 -0.250991821289063 0.131576538085937
-0.0970687866210938 0.114471435546875 -0.154647827148438 -0.0285491943359375
-0.05816650390625 0.139152526855469 -0.147415161132812 -0.142349243164063
0.0267333984375 0.143905639648438 -0.31695556640625 -0.188995361328125
0.110519409179688 0.138313293457031 -0.552398681640625 -0.238677978515625
0.318695068359375 0.26019287109375 0.10260009765625 -0.36956787109375
0.20123291015625 0.271102905273438 0.053955078125 -0.330780029296875
0.16815185546875 0.384490966796875 0.12677001953125 -0.233963012695313
-0.024749755859375 0.389862060546875 0.21661376953125 -0.149581909179687
-0.215057373046875 0.384918212890625 0.204193115234375 0.0295867919921875
-0.277496337890625 0.373291015625 0.154937744140625 0.208251953125
-0.321441650390625 0.328369140625 -0.0572509765625001 0.28167724609375
-0.3917236328125 0.189117431640625 -0.248275756835938 0.254135131835938
-0.338470458984375 0.251220703125 -0.346832275390625 0.308013916015625
-0.326263427734375 0.253662109375 -0.34716796875 0.24578857421875
-0.28643798828125 0.266204833984375 -0.240432739257813 0.12744140625
-0.133438110351563 0.262176513671875 -0.164993286132813 -0.0123748779296875
-0.061248779296875 0.299468994140625 -0.168289184570313 -0.103805541992187
0.073699951171875 0.2869873046875 -0.3155517578125 -0.13983154296875
0.196044921875 0.269577026367188 -0.52581787109375 -0.15850830078125
0.3753662109375 0.351898193359375 0.223922729492188 -0.278366088867188
0.2247314453125 0.378631591796875 0.1795654296875 -0.265548706054688
0.16375732421875 0.52459716796875 0.19024658203125 -0.182769775390625
-0.083221435546875 0.509918212890625 0.261306762695313 -0.13665771484375
-0.3267822265625 0.480224609375 0.228530883789062 -0.0336456298828125
-0.404205322265625 0.467132568359375 0.208251953125 0.0912933349609375
-0.438201904296875 0.406707763671875 0.0445632934570312 0.130210876464844
-0.512542724609375 0.24957275390625 -0.109962463378906 0.13116455078125
-0.4490966796875 0.35809326171875 -0.215362548828125 0.204086303710937
-0.41015625 0.388763427734375 -0.26458740234375 0.18243408203125
-0.337982177734375 0.419189453125 -0.227783203125 0.106353759765625
-0.103057861328125 0.411468505859375 -0.171768188476563 0.016510009765625
-0.00476074218750005 0.446014404296875 -0.178970336914063 -0.033966064453125
0.152130126953125 0.391265869140625 -0.290985107421875 -0.054351806640625
0.274322509765625 0.354888916015625 -0.46783447265625 -0.0388793945312499
0.360595703125 0.39630126953125 0.3482666015625 -0.15142822265625
0.184173583984375 0.425506591796875 0.29620361328125 -0.149871826171875
0.09722900390625 0.56964111328125 0.236846923828125 -0.0971832275390625
-0.161651611328125 0.519927978515625 0.2891845703125 -0.094696044921875
-0.4058837890625 0.466156005859375 0.259552001953125 -0.0899658203125
-0.476043701171875 0.463470458984375 0.281951904296875 -0.0335693359375
-0.489227294921875 0.407379150390625 0.174270629882812 -0.035797119140625
-0.5560302734375 0.2716064453125 0.0480804443359375 -0.0142402648925781
-0.4847412109375 0.416229248046875 -0.0804901123046875 0.0500335693359375
-0.415283203125 0.47576904296875 -0.184432983398438 0.0630035400390625
-0.30865478515625 0.520233154296875 -0.220230102539063 0.0594940185546875
-0.02301025390625 0.497314453125 -0.16986083984375 0.0497589111328125
0.08544921875 0.524139404296875 -0.162872314453125 0.0549011230468751
0.228271484375 0.426361083984375 -0.227294921875 0.0477294921875
0.326263427734375 0.3837890625 -0.376129150390625 0.097900390625
0.2945556640625 0.374237060546875 0.448089599609375 -0.012939453125
0.11187744140625 0.39471435546875 0.365570068359375 -0.0123291015625
0.014678955078125 0.498321533203125 0.239913940429688 0.00135803222656253
-0.201324462890625 0.416595458984375 0.281036376953125 -0.0367889404296875
-0.4027099609375 0.353912353515625 0.28631591796875 -0.119293212890625
-0.46044921875 0.375762939453125 0.36004638671875 -0.1370849609375
-0.4573974609375 0.341888427734375 0.307861328125 -0.184722900390625
-0.514617919921875 0.251434326171875 0.199874877929687 -0.159133911132812
-0.44122314453125 0.405731201171875 0.03045654296875 -0.124153137207031
-0.347686767578125 0.47369384765625 -0.128936767578125 -0.0832977294921875
-0.228668212890625 0.51031494140625 -0.221099853515625 -0.00172424316406247
0.052001953125 0.476715087890625 -0.161224365234375 0.079071044921875
0.152313232421875 0.499755859375 -0.120712280273438 0.137939453125
0.26190185546875 0.3856201171875 -0.13006591796875 0.143600463867188
0.329620361328125 0.3543701171875 -0.260543823242187 0.231674194335938
0.19573974609375 0.29266357421875 0.509124755859375 0.11346435546875
0.0474853515625 0.295928955078125 0.383880615234375 0.11181640625
-0.028900146484375 0.345794677734375 0.20361328125 0.078460693359375
-0.169769287109375 0.257522583007813 0.239212036132813 0.012420654296875
-0.305633544921875 0.209503173828125 0.293792724609375 -0.12451171875
-0.351348876953125 0.247528076171875 0.413787841796875 -0.2041015625
-0.346466064453125 0.236541748046875 0.417510986328125 -0.295135498046875
-0.391937255859375 0.19049072265625 0.32122802734375 -0.27996826171875
-0.3372802734375 0.318145751953125 0.10614013671875 -0.280868530273438
-0.244476318359375 0.3687744140625 -0.101425170898438 -0.215957641601563
-0.143218994140625 0.39105224609375 -0.228378295898438 -0.057647705078125
0.07763671875 0.3614501953125 -0.1527099609375 0.0999298095703125
0.1534423828125 0.383087158203125 -0.0760345458984375 0.200149536132813
0.22320556640625 0.287261962890625 -0.030548095703125 0.219573974609375
0.265487670898438 0.27435302734375 -0.148712158203125 0.33795166015625
0.089385986328125 0.168548583984375 0.54248046875 0.19830322265625
0.0147705078125 0.161026000976563 0.37188720703125 0.19207763671875
-0.016265869140625 0.174545288085938 0.159744262695313 0.118606567382813
-0.0814971923828125 0.1109619140625 0.191390991210938 0.0377044677734375
-0.1531982421875 0.0909576416015625 0.2855224609375 -0.11676025390625
-0.185928344726563 0.124603271484375 0.43597412109375 -0.24200439453125
-0.179000854492187 0.112503051757813 0.48236083984375 -0.362457275390625
-0.21148681640625 0.097808837890625 0.3948974609375 -0.3607177734375
-0.190673828125 0.167892456054688 0.142822265625 -0.388671875
-0.128143310546875 0.1929931640625 -0.09674072265625 -0.307342529296875
-0.069305419921875 0.202011108398438 -0.236892700195313 -0.095947265625
0.0545196533203125 0.189361572265625 -0.151641845703125 0.114395141601563
0.0943756103515625 0.213241577148438 -0.0498199462890625 0.241180419921875
0.1202392578125 0.155441284179688 0.0414886474609375 0.273696899414062
0.145370483398437 0.16058349609375 -0.06561279296875 0.411712646484375
0.0311298370361328 0.00790786743164063 -0.016510009765625 -0.4122314453125
-0.0150547027587891 -0.00844955444335938 -0.080596923828125 -0.32470703125
-0.0172920227050781 -0.00347709655761719 0.0369720458984375 -0.24700927734375
-0.023345947265625 -0.00201797485351562 0.145980834960938 -0.1241455078125
-0.0257396697998047 0.00527572631835937 0.19097900390625 0.103286743164063
-0.00504922866821289 -0.00739622116088867 0.1097412109375 0.302398681640625
0.00435519218444824 0.00396847724914551 -0.14385986328125 0.415252685546875
0.00637149810791016 -0.00915336608886719 -0.39178466796875 0.35791015625
0.0298690795898438 -0.00294876098632813 -0.4923095703125 0.3670654296875
0.00389575958251953 0.0105524063110352 -0.436859130859375 0.26397705078125
-0.00379180908203125 0.0232715606689453 -0.259109497070313 0.131988525390625
-0.0181732177734375 -0.00589942932128907 -0.154861450195313 -0.0333099365234375
-0.0109977722167969 -0.00624752044677734 -0.148193359375 -0.15582275390625
0.0106678009033203 -0.012664794921875 -0.323883056640625 -0.19921875
0.0274982452392578 -0.0165214538574219 -0.558013916015625 -0.264251708984375
0.196701049804687 0.136688232421875 0.0164794921875 -0.4110107421875
0.113449096679688 0.134124755859375 -0.041717529296875 -0.346221923828125
0.0995635986328125 0.19573974609375 0.0699310302734375 -0.252670288085938
-0.00567626953124998 0.206069946289062 0.17572021484375 -0.141128540039063
-0.109970092773438 0.214431762695312 0.194091796875 0.078521728515625
-0.138092041015625 0.203414916992187 0.1251220703125 0.281463623046875
-0.165328979492188 0.188201904296875 -0.1202392578125 0.383148193359375
-0.20916748046875 0.100387573242188 -0.348724365234375 0.334503173828125
-0.169296264648438 0.125900268554688 -0.44622802734375 0.361114501953125
-0.176162719726562 0.1220703125 -0.406402587890625 0.270050048828125
-0.162322998046875 0.12884521484375 -0.251388549804688 0.133316040039062
-0.097412109375 0.115638732910156 -0.1556396484375 -0.027923583984375
-0.0583343505859375 0.140274047851563 -0.149505615234375 -0.14251708984375
0.0272064208984375 0.144195556640625 -0.319671630859375 -0.18829345703125
0.111839294433594 0.138206481933594 -0.557220458984375 -0.237457275390625
0.321136474609375 0.258941650390625 0.1026611328125 -0.370758056640625
0.202865600585938 0.271942138671875 0.052093505859375 -0.33245849609375
0.171295166015625 0.38592529296875 0.12713623046875 -0.236312866210938
-0.02374267578125 0.39227294921875 0.2171630859375 -0.150299072265625
-0.216064453125 0.38934326171875 0.205764770507813 0.0291900634765625
-0.27764892578125 0.375885009765625 0.157455444335937 0.207244873046875
-0.321044921875 0.33203125 -0.05694580078125 0.28240966796875
-0.393341064453125 0.19207763671875 -0.249603271484375 0.255645751953125
-0.3394775390625 0.252227783203125 -0.3470458984375 0.30938720703125
-0.326904296875 0.255096435546875 -0.34765625 0.25048828125
-0.2867431640625 0.268585205078125 -0.241622924804688 0.1292724609375
-0.133377075195313 0.264022827148437 -0.16632080078125 -0.011474609375
-0.0609130859375 0.3009033203125 -0.169509887695313 -0.103530883789062
0.0740966796875 0.288055419921875 -0.318023681640625 -0.139923095703125
0.1981201171875 0.270355224609375 -0.529876708984375 -0.156036376953125
0.378570556640625 0.35162353515625 0.224334716796875 -0.281402587890625
0.22589111328125 0.3795166015625 0.178680419921875 -0.267791748046875
0.16876220703125 0.526123046875 0.19134521484375 -0.185150146484375
-0.08245849609375 0.51397705078125 0.261886596679688 -0.138259887695312
-0.3267822265625 0.485626220703125 0.228927612304688 -0.03460693359375
-0.40338134765625 0.47186279296875 0.210601806640625 0.090301513671875
-0.43817138671875 0.40997314453125 0.0443954467773437 0.130165100097656
-0.515716552734375 0.253387451171875 -0.110282897949219 0.132148742675781
-0.449920654296875 0.359619140625 -0.215103149414063 0.204498291015625
-0.41217041015625 0.391693115234375 -0.265380859375 0.183837890625
-0.33782958984375 0.422637939453125 -0.229156494140625 0.10784912109375
-0.103302001953125 0.414031982421875 -0.173004150390625 0.0176239013671875
-0.00228881835937498 0.44744873046875 -0.180770874023438 -0.033294677734375
0.1519775390625 0.3919677734375 -0.293670654296875 -0.0543518066406249
0.27764892578125 0.356964111328125 -0.470947265625 -0.0374145507812499
0.365325927734375 0.39483642578125 0.35015869140625 -0.15460205078125
0.186187744140625 0.427001953125 0.295745849609375 -0.15185546875
0.09869384765625 0.5712890625 0.238357543945312 -0.0983428955078124
-0.15960693359375 0.52294921875 0.2900390625 -0.0960693359375
-0.405731201171875 0.470794677734375 0.260665893554688 -0.09002685546875
-0.476104736328125 0.46722412109375 0.283660888671875 -0.03558349609375
-0.490966796875 0.409912109375 0.173980712890625 -0.03692626953125
-0.55926513671875 0.2757568359375 0.0482673645019531 -0.0142822265625
-0.48486328125 0.420501708984375 -0.0802536010742188 0.0506744384765625
-0.41546630859375 0.480255126953125 -0.185348510742188 0.0638275146484375
-0.3092041015625 0.5247802734375 -0.220550537109375 0.0610961914062501
-0.0218811035156249 0.50067138671875 -0.170913696289063 0.0507965087890625
0.0874938964843749 0.527679443359375 -0.163864135742188 0.05572509765625
0.230133056640625 0.426788330078125 -0.229583740234375 0.0483856201171875
0.330078125 0.385650634765625 -0.3780517578125 0.10028076171875
0.296722412109375 0.375152587890625 0.44989013671875 -0.014984130859375
0.11279296875 0.396484375 0.36798095703125 -0.012237548828125
0.01654052734375 0.500732421875 0.242218017578125 0.000549316406250031
-0.200897216796875 0.420166015625 0.282440185546875 -0.037872314453125
-0.403106689453125 0.360198974609375 0.2864990234375 -0.12066650390625
-0.45977783203125 0.37921142578125 0.361541748046875 -0.1400146484375
-0.457244873046875 0.3460693359375 0.309051513671875 -0.186676025390625
-0.515472412109375 0.2550048828125 0.2010498046875 -0.160919189453125
-0.44219970703125 0.410247802734375 0.0308914184570312 -0.125106811523437
-0.3477783203125 0.476806640625 -0.130088806152344 -0.0830230712890625
-0.227569580078125 0.51507568359375 -0.222396850585938 -0.000274658203124945
0.054779052734375 0.47943115234375 -0.161911010742187 0.079803466796875
0.15570068359375 0.50091552734375 -0.121734619140625 0.138916015625
0.26397705078125 0.385955810546875 -0.131317138671875 0.145156860351563
0.331573486328125 0.355804443359375 -0.261871337890625 0.234420776367188
0.197906494140625 0.29168701171875 0.512420654296875 0.1129150390625
0.048919677734375 0.29736328125 0.384918212890625 0.111480712890625
-0.02685546875 0.346893310546875 0.205459594726563 0.0783538818359375
-0.170211791992188 0.259033203125 0.239852905273438 0.011932373046875
-0.30670166015625 0.21356201171875 0.293792724609375 -0.125213623046875
-0.352203369140625 0.250244140625 0.414398193359375 -0.20623779296875
-0.34539794921875 0.23687744140625 0.41876220703125 -0.298370361328125
-0.39434814453125 0.19281005859375 0.32318115234375 -0.282135009765625
-0.338134765625 0.320770263671875 0.10638427734375 -0.282440185546875
-0.243682861328125 0.369476318359375 -0.10302734375 -0.216629028320313
-0.142974853515625 0.39501953125 -0.2303466796875 -0.0571594238281249
0.07928466796875 0.36279296875 -0.153244018554687 0.100753784179688
0.15472412109375 0.384979248046875 -0.076324462890625 0.201705932617188
0.224945068359375 0.287811279296875 -0.0308380126953125 0.22088623046875
0.26873779296875 0.274490356445313 -0.149017333984375 0.341094970703125
0.0906829833984375 0.168304443359375 0.544219970703125 0.196014404296875
0.0155181884765625 0.16168212890625 0.374786376953125 0.19158935546875
-0.015411376953125 0.174636840820313 0.160888671875 0.119354248046875
-0.0817489624023437 0.1114501953125 0.192611694335938 0.0380096435546875
-0.152999877929688 0.0927734375 0.285797119140625 -0.11785888671875
-0.185684204101562 0.12615966796875 0.43597412109375 -0.243621826171875
-0.179443359375 0.113128662109375 0.483734130859375 -0.365631103515625
-0.212173461914063 0.09918212890625 0.3975830078125 -0.36358642578125
-0.19146728515625 0.170364379882813 0.142547607421875 -0.391998291015625
-0.127777099609375 0.194747924804688 -0.09820556640625 -0.30828857421875
-0.0691986083984375 0.204299926757813 -0.238250732421875 -0.0955963134765625
0.0551910400390625 0.190155029296875 -0.151962280273438 0.1153564453125
0.095977783203125 0.213973999023437 -0.0497283935546875 0.242721557617188
0.12017822265625 0.156845092773438 0.0418701171875 0.27490234375
0.147232055664063 0.16070556640625 -0.06439208984375 0.414581298828125
0.0309944152832031 0.00726509094238281 -0.018310546875 -0.415069580078125
-0.015660285949707 -0.00851821899414062 -0.08294677734375 -0.32568359375
-0.0178241729736328 -0.00391960144042968 0.0355377197265625 -0.249252319335937
-0.0237293243408203 -0.00235939025878907 0.14569091796875 -0.125885009765625
-0.0259494781494141 0.00581741333007812 0.192733764648438 0.103363037109375
-0.00513839721679687 -0.00752449035644531 0.112579345703125 0.302581787109375
0.00466299057006836 0.00365400314331055 -0.144012451171875 0.41680908203125
0.00622844696044922 -0.00954246520996094 -0.395263671875 0.360565185546875
0.0304183959960938 -0.00365829467773438 -0.493194580078125 0.37200927734375
0.0041351318359375 0.009735107421875 -0.43768310546875 0.26788330078125
-0.00346565246582031 0.0231876373291016 -0.2596435546875 0.134017944335937
-0.0182380676269531 -0.005157470703125 -0.156326293945313 -0.032470703125
-0.0109052658081055 -0.00549411773681641 -0.150161743164063 -0.15618896484375
0.0107622146606445 -0.0129804611206055 -0.3280029296875 -0.19818115234375
0.0276851654052734 -0.0175762176513672 -0.563232421875 -0.26190185546875
0.1983642578125 0.13543701171875 0.0135498046875001 -0.414520263671875
0.115226745605469 0.134986877441406 -0.044830322265625 -0.347564697265625
0.101226806640625 0.195892333984375 0.069061279296875 -0.25494384765625
-0.00555419921874999 0.208053588867188 0.175949096679687 -0.142822265625
-0.109375 0.216659545898438 0.195892333984375 0.0781707763671875
-0.137435913085938 0.20526123046875 0.127471923828125 0.2825927734375
-0.165130615234375 0.190399169921875 -0.11944580078125 0.38623046875
-0.209579467773437 0.1015625 -0.34912109375 0.336578369140625
-0.169342041015625 0.126373291015625 -0.444244384765625 0.36541748046875
-0.174850463867187 0.123214721679688 -0.40625 0.2725830078125
-0.162155151367188 0.130279541015625 -0.252090454101563 0.134933471679687
-0.098358154296875 0.117362976074219 -0.157257080078125 -0.02703857421875
-0.0583648681640625 0.141708374023438 -0.150787353515625 -0.142288208007813
0.027496337890625 0.144546508789063 -0.322601318359375 -0.1883544921875
0.112831115722656 0.137664794921875 -0.560699462890625 -0.235321044921875
0.324005126953125 0.258544921875 0.100067138671875 -0.373565673828125
0.205459594726562 0.272186279296875 0.050018310546875 -0.334625244140625
0.173492431640625 0.38653564453125 0.126754760742187 -0.238662719726562
-0.02117919921875 0.39556884765625 0.217239379882812 -0.152618408203125
-0.21405029296875 0.393280029296875 0.206954956054688 0.0294647216796875
-0.277099609375 0.379058837890625 0.159454345703125 0.20660400390625
-0.320587158203125 0.3349609375 -0.056365966796875 0.28302001953125
-0.395233154296875 0.19622802734375 -0.251663208007813 0.258651733398438
-0.340118408203125 0.2557373046875 -0.347503662109375 0.313629150390625
-0.32635498046875 0.259002685546875 -0.347137451171875 0.252655029296875
-0.285736083984375 0.2730712890625 -0.242279052734375 0.1317138671875
-0.134002685546875 0.266326904296875 -0.167037963867188 -0.00993347167968749
-0.05987548828125 0.303131103515625 -0.17144775390625 -0.103057861328125
0.0751953125 0.288726806640625 -0.320709228515625 -0.138916015625
0.200927734375 0.2701416015625 -0.53509521484375 -0.1536865234375
0.382904052734375 0.35064697265625 0.22381591796875 -0.283721923828125
0.230560302734375 0.38104248046875 0.177322387695313 -0.269638061523438
0.173004150390625 0.527496337890625 0.192245483398437 -0.187515258789062
-0.079925537109375 0.517669677734375 0.262496948242188 -0.140090942382812
-0.326507568359375 0.49114990234375 0.230239868164062 -0.03485107421875
-0.403106689453125 0.4765625 0.212982177734375 0.08807373046875
-0.43792724609375 0.413848876953125 0.0453948974609375 0.130157470703125
-0.518524169921875 0.25714111328125 -0.110763549804688 0.133506774902344
-0.45062255859375 0.363250732421875 -0.215301513671875 0.20697021484375
-0.411407470703125 0.394805908203125 -0.265670776367188 0.186538696289063
-0.337371826171875 0.4263916015625 -0.229339599609375 0.10986328125
-0.10137939453125 0.417572021484375 -0.17364501953125 0.0189971923828125
-0.000122070312500025 0.4517822265625 -0.181961059570313 -0.031768798828125
0.153839111328125 0.39239501953125 -0.296142578125 -0.0535583496093749
0.280120849609375 0.356719970703125 -0.47509765625 -0.0345764160156249
0.369903564453125 0.393890380859375 0.3505859375 -0.157135009765625
0.188934326171875 0.428985595703125 0.296173095703125 -0.15447998046875
0.1048583984375 0.573486328125 0.240036010742188 -0.10052490234375
-0.158447265625 0.527008056640625 0.290740966796875 -0.097625732421875
-0.40728759765625 0.4776611328125 0.26129150390625 -0.0912933349609375
-0.47430419921875 0.473968505859375 0.28631591796875 -0.039276123046875
-0.4908447265625 0.41644287109375 0.174774169921875 -0.03826904296875
-0.560455322265625 0.278839111328125 0.0485343933105468 -0.0148506164550781
-0.4857177734375 0.425628662109375 -0.08038330078125 0.0507888793945313
-0.41424560546875 0.48626708984375 -0.186050415039063 0.0657501220703125
-0.30743408203125 0.529876708984375 -0.22137451171875 0.0629119873046875
-0.02069091796875 0.503143310546875 -0.171783447265625 0.0523986816406251
0.090179443359375 0.528350830078125 -0.164505004882813 0.056915283203125
0.232757568359375 0.427886962890625 -0.231170654296875 0.0498046875000001
0.333648681640625 0.385101318359375 -0.38092041015625 0.10357666015625
0.300079345703125 0.373321533203125 0.452056884765625 -0.01580810546875
0.11444091796875 0.397369384765625 0.370208740234375 -0.015289306640625
0.020538330078125 0.50286865234375 0.243927001953125 -0.000579833984374969
-0.200408935546875 0.423614501953125 0.28326416015625 -0.039459228515625
-0.403076171875 0.364990234375 0.2872314453125 -0.122650146484375
-0.459503173828125 0.383514404296875 0.363372802734375 -0.1435546875
-0.45806884765625 0.350250244140625 0.309234619140625 -0.189971923828125
-0.51812744140625 0.259521484375 0.201431274414062 -0.162002563476562
-0.442535400390625 0.41412353515625 0.030487060546875 -0.126129150390625
-0.347320556640625 0.48065185546875 -0.131271362304688 -0.083099365234375
-0.22650146484375 0.51995849609375 -0.223663330078125 0.00125122070312501
0.056121826171875 0.48309326171875 -0.162582397460938 0.0813446044921876
0.158447265625 0.50396728515625 -0.121566772460937 0.140579223632813
0.265960693359375 0.387969970703125 -0.132476806640625 0.146530151367188
0.33648681640625 0.3558349609375 -0.263290405273438 0.237564086914062
0.2008056640625 0.292449951171875 0.515533447265625 0.11029052734375
0.04931640625 0.298431396484375 0.38812255859375 0.111114501953125
-0.0242919921875 0.347503662109375 0.206832885742187 0.07867431640625
-0.169998168945312 0.26171875 0.240997314453125 0.0118865966796875
-0.306976318359375 0.2161865234375 0.293853759765625 -0.126922607421875
-0.35125732421875 0.25347900390625 0.416412353515625 -0.2105712890625
-0.34661865234375 0.24072265625 0.41864013671875 -0.301513671875
-0.39630126953125 0.196685791015625 0.3240966796875 -0.284820556640625
-0.33935546875 0.325103759765625 0.10595703125 -0.28497314453125
-0.243408203125 0.374053955078125 -0.103973388671875 -0.216842651367188
-0.14166259765625 0.398651123046875 -0.2318115234375 -0.0561981201171875
0.08135986328125 0.364166259765625 -0.153533935546875 0.101638793945313
0.157440185546875 0.386566162109375 -0.07568359375 0.202743530273438
0.2265625 0.28948974609375 -0.0301513671875 0.222412109375
0.272369384765625 0.274566650390625 -0.14825439453125 0.343719482421875
0.092529296875 0.168289184570312 0.549041748046875 0.195343017578125
0.01617431640625 0.162841796875 0.3787841796875 0.191009521484375
-0.014404296875 0.175369262695313 0.162033081054687 0.11968994140625
-0.081695556640625 0.112701416015625 0.193084716796875 0.0377960205078125
-0.152557373046875 0.094818115234375 0.286102294921875 -0.11968994140625
-0.184860229492187 0.1278076171875 0.436309814453125 -0.247100830078125
-0.179229736328125 0.114608764648438 0.483428955078125 -0.3697509765625
-0.212844848632813 0.100372314453125 0.3988037109375 -0.368072509765625
-0.192092895507813 0.1719970703125 0.1424560546875 -0.39361572265625
-0.127609252929687 0.1961669921875 -0.100830078125 -0.309295654296875
-0.069000244140625 0.205337524414062 -0.241500854492188 -0.0951232910156249
0.05621337890625 0.19146728515625 -0.152053833007813 0.116317749023437
0.0980072021484375 0.214553833007813 -0.0484161376953125 0.244140625
0.121307373046875 0.157745361328125 0.0425872802734375 0.276412963867188
0.149673461914063 0.16082763671875 -0.064239501953125 0.417694091796875
0.0313224792480469 0.00700759887695313 -0.020599365234375 -0.41729736328125
-0.0159177780151367 -0.00806522369384765 -0.08575439453125 -0.32733154296875
-0.0182342529296875 -0.00391387939453125 0.033843994140625 -0.251663208007813
-0.024322509765625 -0.00229454040527344 0.145370483398438 -0.127182006835938
-0.0262889862060547 0.00647354125976562 0.195236206054688 0.102691650390625
-0.00566720962524414 -0.00721883773803711 0.11572265625 0.30303955078125
0.00446462631225586 0.00371789932250977 -0.1417236328125 0.419189453125
0.00648975372314453 -0.0101699829101563 -0.396270751953125 0.36474609375
0.0307178497314453 -0.00487709045410156 -0.493408203125 0.3758544921875
0.00447368621826172 0.00943183898925781 -0.43682861328125 0.271270751953125
-0.00261878967285156 0.0238208770751953 -0.2601318359375 0.13690185546875
-0.0188274383544922 -0.00481414794921875 -0.157684326171875 -0.0309295654296875
-0.0113277435302734 -0.00530624389648438 -0.152557373046875 -0.155685424804687
0.0110092163085938 -0.0133686065673828 -0.330352783203125 -0.1981201171875
0.0273628234863281 -0.0183963775634766 -0.56988525390625 -0.2587890625
0.199996948242188 0.134414672851563 0.010955810546875 -0.416534423828125
0.116561889648438 0.134971618652344 -0.04840087890625 -0.348907470703125
0.103073120117188 0.19677734375 0.0680389404296875 -0.257476806640625
-0.00382995605468749 0.20892333984375 0.175506591796875 -0.145034790039063
-0.108734130859375 0.219589233398438 0.197402954101563 0.0773773193359375
-0.137191772460937 0.20733642578125 0.130859375 0.28179931640625
-0.165191650390625 0.19189453125 -0.11834716796875 0.38751220703125
-0.210342407226562 0.10369873046875 -0.349945068359375 0.340545654296875
-0.16845703125 0.127944946289063 -0.4449462890625 0.36962890625
-0.175003051757813 0.124771118164062 -0.406829833984375 0.277069091796875
-0.16168212890625 0.13262939453125 -0.252517700195313 0.138351440429688
-0.0983352661132813 0.11883544921875 -0.158432006835938 -0.0255889892578125
-0.0579833984375 0.142913818359375 -0.153427124023438 -0.141632080078125
0.0284576416015625 0.144439697265625 -0.32708740234375 -0.187896728515625
0.114875793457031 0.137626647949219 -0.56695556640625 -0.23260498046875
0.32818603515625 0.256378173828125 0.09844970703125 -0.3773193359375
0.208206176757812 0.2724609375 0.04656982421875 -0.336151123046875
0.1778564453125 0.3868408203125 0.125900268554688 -0.241836547851562
-0.0194091796875 0.397613525390625 0.217758178710938 -0.154815673828125
-0.213226318359375 0.39752197265625 0.20880126953125 0.0283966064453125
-0.275909423828125 0.383544921875 0.163253784179687 0.204879760742188
-0.319915771484375 0.33953857421875 -0.05548095703125 0.28424072265625
-0.3963623046875 0.199798583984375 -0.251617431640625 0.26043701171875
-0.340057373046875 0.2578125 -0.34771728515625 0.316925048828125
-0.325469970703125 0.261566162109375 -0.347625732421875 0.257110595703125
-0.286529541015625 0.27581787109375 -0.242965698242188 0.133987426757813
-0.133880615234375 0.26934814453125 -0.168670654296875 -0.00817871093750001
-0.05865478515625 0.305145263671875 -0.172866821289063 -0.10211181640625
0.076446533203125 0.28936767578125 -0.324127197265625 -0.1380615234375
0.203338623046875 0.27081298828125 -0.540130615234375 -0.1507568359375
0.386993408203125 0.34918212890625 0.22149658203125 -0.287139892578125
0.2320556640625 0.382110595703125 0.174835205078125 -0.272445678710938
0.177886962890625 0.528961181640625 0.192520141601563 -0.19024658203125
-0.0767822265625001 0.522613525390625 0.262100219726563 -0.141921997070313
-0.32568359375 0.497467041015625 0.2313232421875 -0.0367584228515625
-0.401336669921875 0.483154296875 0.215728759765625 0.085784912109375
-0.437286376953125 0.419189453125 0.0457687377929687 0.129615783691406
-0.519622802734375 0.262908935546875 -0.110626220703125 0.134178161621094
-0.450042724609375 0.368499755859375 -0.214401245117188 0.208297729492187
-0.41058349609375 0.40130615234375 -0.266250610351563 0.189682006835938
-0.337493896484375 0.433074951171875 -0.229660034179688 0.112991333007812
-0.10064697265625 0.421478271484375 -0.174957275390625 0.020660400390625
0.00302124023437497 0.453033447265625 -0.183807373046875 -0.031097412109375
0.1568603515625 0.39410400390625 -0.29962158203125 -0.0524291992187499
0.28472900390625 0.3582763671875 -0.479217529296875 -0.0312805175781249
0.373687744140625 0.39288330078125 0.35113525390625 -0.161163330078125
0.191864013671875 0.4307861328125 0.296295166015625 -0.15667724609375
0.10919189453125 0.575439453125 0.241134643554687 -0.102767944335937
-0.155670166015625 0.532318115234375 0.29168701171875 -0.10015869140625
-0.40472412109375 0.483673095703125 0.262405395507813 -0.0935821533203125
-0.473052978515625 0.4788818359375 0.28790283203125 -0.0421142578125
-0.489013671875 0.421112060546875 0.174789428710937 -0.0401763916015625
-0.5631103515625 0.28656005859375 0.0487632751464843 -0.0151176452636719
-0.48614501953125 0.431060791015625 -0.0801239013671875 0.0514297485351563
-0.412567138671875 0.4913330078125 -0.186477661132813 0.0670013427734376
-0.3062744140625 0.535675048828125 -0.222412109375 0.0648193359375
-0.016876220703125 0.506805419921875 -0.172073364257813 0.053436279296875
0.094757080078125 0.5321044921875 -0.165740966796875 0.0584259033203125
0.236236572265625 0.4298095703125 -0.233383178710938 0.0512847900390625
0.3394775390625 0.38604736328125 -0.383026123046875 0.1063232421875
0.30511474609375 0.372711181640625 0.454132080078125 -0.019439697265625
0.11773681640625 0.399505615234375 0.371917724609375 -0.01739501953125
0.02398681640625 0.50421142578125 0.245529174804688 -0.00175476074218747
-0.19873046875 0.427886962890625 0.28460693359375 -0.04052734375
-0.402923583984375 0.37127685546875 0.287841796875 -0.124298095703125
-0.458709716796875 0.3887939453125 0.365997314453125 -0.14849853515625
-0.457000732421875 0.354827880859375 0.30950927734375 -0.192413330078125
-0.519927978515625 0.26470947265625 0.20263671875 -0.164016723632812
-0.44317626953125 0.418670654296875 0.0303878784179687 -0.127532958984375
-0.3447265625 0.485748291015625 -0.132591247558594 -0.0821990966796875
-0.224517822265625 0.525634765625 -0.225173950195312 0.00306701660156257
0.059417724609375 0.48492431640625 -0.162811279296875 0.082611083984375
0.162567138671875 0.5042724609375 -0.121780395507812 0.14190673828125
0.26910400390625 0.388702392578125 -0.13287353515625 0.148513793945313
0.340301513671875 0.354736328125 -0.263687133789063 0.241729736328125
0.203826904296875 0.29217529296875 0.51910400390625 0.108184814453125
0.050994873046875 0.299774169921875 0.390960693359375 0.109405517578125
-0.022125244140625 0.349395751953125 0.208786010742188 0.078277587890625
-0.168777465820313 0.26422119140625 0.242141723632812 0.0110626220703125
-0.30670166015625 0.22064208984375 0.294189453125 -0.129364013671875
-0.350341796875 0.25714111328125 0.416229248046875 -0.214447021484375
-0.3455810546875 0.243499755859375 0.41961669921875 -0.30584716796875
-0.39642333984375 0.199981689453125 0.32513427734375 -0.2874755859375
-0.33795166015625 0.328277587890625 0.1055908203125 -0.28741455078125
-0.242218017578125 0.37762451171875 -0.106475830078125 -0.2174072265625
-0.140380859375 0.4014892578125 -0.233642578125 -0.0547027587890625
0.08416748046875 0.36590576171875 -0.153564453125 0.1029052734375
0.161468505859375 0.38739013671875 -0.0746002197265625 0.205123901367188
0.228668212890625 0.290679931640625 -0.0300445556640625 0.223403930664063
0.27532958984375 0.27532958984375 -0.147247314453125 0.34820556640625
0.0940704345703125 0.167922973632813 0.553009033203125 0.194183349609375
0.0173797607421875 0.163375854492188 0.382110595703125 0.188751220703125
-0.0125274658203125 0.175704956054688 0.163482666015625 0.119644165039063
-0.0815353393554687 0.113784790039063 0.1939697265625 0.03717041015625
-0.152145385742187 0.0966644287109375 0.286651611328125 -0.121856689453125
-0.18414306640625 0.129547119140625 0.437347412109375 -0.252166748046875
-0.179214477539063 0.115936279296875 0.482696533203125 -0.37481689453125
-0.213577270507813 0.102462768554688 0.400543212890625 -0.370758056640625
-0.1917724609375 0.174392700195313 0.141326904296875 -0.3974609375
-0.126724243164062 0.198638916015625 -0.1036376953125 -0.30999755859375
-0.0678253173828125 0.207809448242187 -0.243988037109375 -0.0937957763671874
0.0582427978515625 0.191558837890625 -0.152008056640625 0.117935180664063
0.10015869140625 0.214996337890625 -0.046905517578125 0.2457275390625
0.122604370117188 0.158645629882813 0.044342041015625 0.277542114257813
0.151077270507813 0.160629272460938 -0.06085205078125 0.4222412109375
0.0310478210449219 0.0062713623046875 -0.024200439453125 -0.41973876953125
-0.0166187286376953 -0.00796985626220703 -0.089447021484375 -0.32794189453125
-0.0187835693359375 -0.00369834899902344 0.0312347412109375 -0.254074096679687
-0.0247859954833984 -0.00238609313964843 0.145156860351563 -0.129653930664063
-0.0269870758056641 0.00679397583007812 0.197494506835938 0.102264404296875
-0.00582551956176758 -0.00716400146484375 0.1190185546875 0.30255126953125
0.00433874130249024 0.00338459014892578 -0.140289306640625 0.42181396484375
0.00604343414306641 -0.0103321075439453 -0.39727783203125 0.37005615234375
0.0309638977050781 -0.00573539733886719 -0.49249267578125 0.381011962890625
0.00512886047363281 0.00967788696289063 -0.4366455078125 0.275177001953125
-0.00204277038574219 0.0236015319824219 -0.259323120117188 0.139434814453125
-0.0189304351806641 -0.00434684753417969 -0.159027099609375 -0.02978515625
-0.0122537612915039 -0.00473117828369141 -0.155136108398438 -0.15472412109375
0.0108461380004883 -0.0144166946411133 -0.334320068359375 -0.196258544921875
0.0272388458251953 -0.0191631317138672 -0.574462890625 -0.25457763671875
0.201751708984375 0.13330078125 0.00811767578125 -0.41864013671875
0.117874145507812 0.135078430175781 -0.0517578125 -0.3505859375
0.10552978515625 0.19525146484375 0.0662384033203125 -0.261322021484375
-0.002410888671875 0.2100830078125 0.175689697265625 -0.148422241210938
-0.107803344726562 0.222320556640625 0.2000732421875 0.0770111083984375
-0.136077880859375 0.209609985351563 0.135040283203125 0.280715942382812
-0.163497924804687 0.1942138671875 -0.115966796875 0.389007568359375
-0.21142578125 0.106002807617187 -0.350677490234375 0.34490966796875
-0.1685791015625 0.128768920898437 -0.444732666015625 0.375244140625
-0.174163818359375 0.126358032226563 -0.405487060546875 0.281524658203125
-0.161300659179688 0.13446044921875 -0.252029418945313 0.14031982421875
-0.0987548828125 0.120689392089844 -0.160324096679688 -0.0236358642578125
-0.0576324462890625 0.14434814453125 -0.15631103515625 -0.14111328125
0.0288848876953125 0.1448974609375 -0.329559326171875 -0.18743896484375
0.116386413574219 0.136970520019531 -0.57354736328125 -0.228271484375
0.33209228515625 0.2542724609375 0.09600830078125 -0.379547119140625
0.210952758789062 0.273269653320312 0.043670654296875 -0.338653564453125
0.1827392578125 0.3865966796875 0.12530517578125 -0.244857788085937
-0.01654052734375 0.40087890625 0.217315673828125 -0.157089233398438
-0.21160888671875 0.403717041015625 0.21014404296875 0.027435302734375
-0.274200439453125 0.3875732421875 0.1658935546875 0.204010009765625
-0.3184814453125 0.34442138671875 -0.053558349609375 0.2857666015625
-0.397430419921875 0.20465087890625 -0.25274658203125 0.263565063476563
-0.33905029296875 0.261627197265625 -0.3455810546875 0.321258544921875
-0.323883056640625 0.265655517578125 -0.3470458984375 0.260986328125
-0.285491943359375 0.28106689453125 -0.243179321289063 0.13720703125
-0.13299560546875 0.272247314453125 -0.169540405273438 -0.00627136230468748
-0.0565185546875 0.307647705078125 -0.1746826171875 -0.101028442382813
0.0784912109375 0.29022216796875 -0.327789306640625 -0.136627197265625
0.207672119140625 0.270111083984375 -0.5447998046875 -0.145782470703125
0.391571044921875 0.34674072265625 0.221282958984375 -0.291656494140625
0.236328125 0.3824462890625 0.1728515625 -0.274368286132813
0.182861328125 0.53094482421875 0.193038940429688 -0.193893432617187
-0.073577880859375 0.525482177734375 0.26312255859375 -0.145263671875
-0.3216552734375 0.50506591796875 0.232147216796875 -0.037841796875
-0.399078369140625 0.4888916015625 0.217681884765625 0.083099365234375
-0.436370849609375 0.426055908203125 0.04644775390625 0.129226684570313
-0.520843505859375 0.269256591796875 -0.1107177734375 0.135726928710938
-0.450408935546875 0.373321533203125 -0.21380615234375 0.211761474609375
-0.40814208984375 0.405426025390625 -0.265960693359375 0.192733764648437
-0.335662841796875 0.4388427734375 -0.23065185546875 0.115478515625
-0.098541259765625 0.425201416015625 -0.175750732421875 0.0226898193359376
0.00579833984375001 0.455291748046875 -0.185317993164063 -0.029754638671875
0.159149169921875 0.394927978515625 -0.302490234375 -0.050079345703125
0.2901611328125 0.35650634765625 -0.48321533203125 -0.027374267578125
0.378662109375 0.391632080078125 0.35113525390625 -0.165008544921875
0.196380615234375 0.431549072265625 0.29534912109375 -0.15997314453125
0.1151123046875 0.5765380859375 0.242721557617188 -0.104721069335937
-0.15228271484375 0.536376953125 0.29278564453125 -0.102081298828125
-0.402740478515625 0.49127197265625 0.262039184570312 -0.0948944091796875
-0.471099853515625 0.48541259765625 0.289642333984375 -0.046173095703125
-0.487945556640625 0.42706298828125 0.175140380859375 -0.0420989990234375
-0.5648193359375 0.2918701171875 0.0494232177734375 -0.0154647827148437
-0.48529052734375 0.43609619140625 -0.0797576904296875 0.0522613525390625
-0.4107666015625 0.495758056640625 -0.187301635742188 0.0699615478515626
-0.303009033203125 0.542572021484375 -0.223403930664063 0.0675048828125
-0.014007568359375 0.51043701171875 -0.173126220703125 0.055328369140625
0.0994873046875 0.533355712890625 -0.166015625 0.0603790283203126
0.23931884765625 0.43096923828125 -0.235519409179687 0.0533599853515626
0.3441162109375 0.385711669921875 -0.38592529296875 0.112396240234375
0.31036376953125 0.372344970703125 0.4560546875 -0.023345947265625
0.1209716796875 0.400238037109375 0.372283935546875 -0.020294189453125
0.0294189453125 0.50665283203125 0.2479248046875 -0.00375366210937497
-0.19610595703125 0.433197021484375 0.285400390625 -0.04266357421875
-0.40179443359375 0.376556396484375 0.28826904296875 -0.126739501953125
-0.4560546875 0.393951416015625 0.36688232421875 -0.152984619140625
-0.456634521484375 0.3597412109375 0.309478759765625 -0.196197509765625
-0.52203369140625 0.270416259765625 0.202651977539062 -0.166213989257812
-0.44207763671875 0.426055908203125 0.0303726196289062 -0.128807067871094
-0.343048095703125 0.492034912109375 -0.134162902832031 -0.0813980102539062
-0.2218017578125 0.5322265625 -0.226150512695313 0.00518798828125001
0.06414794921875 0.488006591796875 -0.1627197265625 0.0844879150390625
0.1685791015625 0.506561279296875 -0.121383666992188 0.144012451171875
0.272552490234375 0.389556884765625 -0.133682250976562 0.150070190429688
0.34649658203125 0.35418701171875 -0.264144897460938 0.246246337890625
0.20806884765625 0.29071044921875 0.522186279296875 0.105438232421875
0.05413818359375 0.30078125 0.394134521484375 0.106658935546875
-0.01806640625 0.351043701171875 0.210556030273438 0.077484130859375
-0.167816162109375 0.26763916015625 0.243011474609375 0.00923156738281252
-0.30511474609375 0.225830078125 0.2943115234375 -0.132110595703125
-0.34857177734375 0.261566162109375 0.4168701171875 -0.21966552734375
-0.345428466796875 0.24810791015625 0.41912841796875 -0.311126708984375
-0.3978271484375 0.20562744140625 0.326263427734375 -0.29156494140625
-0.3377685546875 0.334136962890625 0.104522705078125 -0.289825439453125
-0.24072265625 0.382110595703125 -0.109237670898438 -0.217758178710937
-0.136627197265625 0.4066162109375 -0.236373901367187 -0.0524749755859375
0.087310791015625 0.36724853515625 -0.1536865234375 0.1046142578125
0.16680908203125 0.387786865234375 -0.0736846923828125 0.206680297851563
0.230438232421875 0.29083251953125 -0.02911376953125 0.224945068359375
0.280532836914063 0.273971557617188 -0.14630126953125 0.3516845703125
0.0958709716796875 0.167755126953125 0.55694580078125 0.189422607421875
0.0191192626953125 0.164108276367187 0.386627197265625 0.186370849609375
-0.0108642578125 0.17633056640625 0.165512084960938 0.119491577148438
-0.0813217163085938 0.11505126953125 0.195587158203125 0.036468505859375
-0.151458740234375 0.09918212890625 0.286407470703125 -0.124542236328125
-0.183517456054688 0.131729125976562 0.436767578125 -0.256866455078125
-0.17877197265625 0.117660522460937 0.483489990234375 -0.381256103515625
-0.213836669921875 0.104629516601563 0.40106201171875 -0.37652587890625
-0.191635131835938 0.177444458007813 0.1383056640625 -0.400421142578125
-0.12518310546875 0.199859619140625 -0.107452392578125 -0.31085205078125
-0.06695556640625 0.209823608398438 -0.246551513671875 -0.093170166015625
0.059783935546875 0.1922607421875 -0.152694702148438 0.119308471679687
0.102935791015625 0.21539306640625 -0.0450897216796875 0.247100830078125
0.12445068359375 0.159317016601563 0.046600341796875 0.27899169921875
0.154022216796875 0.160171508789063 -0.058837890625 0.42474365234375
0.0306205749511719 0.00533103942871094 -0.02874755859375 -0.421844482421875
-0.0168867111206055 -0.00685310363769531 -0.09442138671875 -0.330078125
-0.0195274353027344 -0.00378608703613281 0.0284576416015625 -0.256088256835938
-0.0257453918457031 -0.00184249877929687 0.144515991210938 -0.131378173828125
-0.0271759033203125 0.00769805908203125 0.19940185546875 0.100540161132813
-0.00613880157470703 -0.00737762451171875 0.1234130859375 0.30218505859375
0.00449466705322266 0.00344991683959961 -0.138702392578125 0.4246826171875
0.00629615783691406 -0.0112686157226563 -0.396759033203125 0.37445068359375
0.0309543609619141 -0.00707054138183594 -0.49102783203125 0.388763427734375
0.00494384765625 0.00890350341796875 -0.435699462890625 0.2816162109375
-0.00197410583496094 0.0238800048828125 -0.259857177734375 0.142959594726562
-0.0191822052001953 -0.00369453430175782 -0.1607666015625 -0.02801513671875
-0.0119047164916992 -0.00396823883056641 -0.158065795898438 -0.153335571289063
0.0109539031982422 -0.0144252777099609 -0.338348388671875 -0.193389892578125
0.0275402069091797 -0.019989013671875 -0.58038330078125 -0.25140380859375
0.2041015625 0.131103515625 0.00399780273437499 -0.42291259765625
0.119903564453125 0.135284423828125 -0.056915283203125 -0.351959228515625
0.107696533203125 0.195327758789062 0.063690185546875 -0.26324462890625
-0.000823974609375003 0.211563110351563 0.174606323242188 -0.149826049804688
-0.106292724609375 0.225448608398437 0.201736450195313 0.07568359375
-0.1348876953125 0.21282958984375 0.13897705078125 0.279998779296875
-0.162612915039063 0.197052001953125 -0.1136474609375 0.391754150390625
-0.211196899414063 0.10858154296875 -0.352142333984375 0.35009765625
-0.16729736328125 0.13067626953125 -0.442291259765625 0.381683349609375
-0.173385620117188 0.128768920898438 -0.40533447265625 0.287445068359375
-0.160751342773438 0.136932373046875 -0.252166748046875 0.14453125
-0.0980072021484375 0.122734069824219 -0.161468505859375 -0.0218963623046875
-0.0568695068359375 0.145645141601563 -0.158462524414062 -0.13995361328125
0.029937744140625 0.145156860351563 -0.334075927734375 -0.184478759765625
0.118537902832031 0.135917663574219 -0.57818603515625 -0.22247314453125
0.3360595703125 0.251617431640625 0.0931396484375 -0.383270263671875
0.214996337890625 0.273040771484375 0.0394287109375 -0.340240478515625
0.18731689453125 0.3863525390625 0.12396240234375 -0.248931884765625
-0.01153564453125 0.40399169921875 0.217071533203125 -0.159988403320312
-0.2078857421875 0.40985107421875 0.211196899414063 0.02587890625
-0.271942138671875 0.393768310546875 0.169525146484375 0.201507568359375
-0.3155517578125 0.350494384765625 -0.05120849609375 0.28662109375
-0.39788818359375 0.209136962890625 -0.250686645507813 0.267181396484375
-0.337310791015625 0.26556396484375 -0.345001220703125 0.325103759765625
-0.322967529296875 0.268463134765625 -0.345855712890625 0.26629638671875
-0.283538818359375 0.2847900390625 -0.242828369140625 0.1405029296875
-0.131271362304688 0.274887084960937 -0.1708984375 -0.00373840332031248
-0.053924560546875 0.310089111328125 -0.177230834960937 -0.0992584228515625
0.08074951171875 0.29071044921875 -0.33209228515625 -0.133697509765625
0.211685180664063 0.269638061523438 -0.551055908203125 -0.139739990234375
0.39697265625 0.343994140625 0.218719482421875 -0.29541015625
0.240966796875 0.38232421875 0.1705322265625 -0.27783203125
0.18975830078125 0.529205322265625 0.192123413085938 -0.19757080078125
-0.069183349609375 0.529754638671875 0.2628173828125 -0.148391723632812
-0.318817138671875 0.511566162109375 0.233016967773437 -0.040252685546875
-0.39501953125 0.495208740234375 0.220962524414062 0.0799407958984375
-0.433441162109375 0.43359375 0.0479049682617187 0.129280090332031
-0.52166748046875 0.275543212890625 -0.110321044921875 0.13714599609375
-0.44683837890625 0.379974365234375 -0.212356567382813 0.214111328125
-0.406402587890625 0.411895751953125 -0.265350341796875 0.19659423828125
-0.333831787109375 0.445648193359375 -0.230438232421875 0.119277954101563
-0.09466552734375 0.42767333984375 -0.176605224609375 0.0246734619140625
0.00961303710937498 0.458160400390625 -0.18658447265625 -0.0272369384765625
0.162994384765625 0.39593505859375 -0.305328369140625 -0.0471496582031249
0.295257568359375 0.357391357421875 -0.486572265625 -0.019622802734375
0.384429931640625 0.387908935546875 0.350189208984375 -0.1689453125
0.20050048828125 0.432098388671875 0.295135498046875 -0.163604736328125
0.12249755859375 0.57855224609375 0.243759155273438 -0.108444213867187
-0.148101806640625 0.541107177734375 0.293212890625 -0.105804443359375
-0.40032958984375 0.498809814453125 0.262893676757813 -0.09881591796875
-0.467376708984375 0.493896484375 0.291778564453125 -0.05059814453125
-0.4842529296875 0.434234619140625 0.175628662109375 -0.0446014404296875
-0.56585693359375 0.2989501953125 0.0492019653320312 -0.016571044921875
-0.482574462890625 0.443450927734375 -0.0795745849609375 0.0529861450195313
-0.407928466796875 0.50408935546875 -0.187667846679688 0.0721740722656251
-0.300689697265625 0.549713134765625 -0.223876953125 0.0703277587890626
-0.00997924804687504 0.513671875 -0.173355102539063 0.0578765869140625
0.105316162109375 0.536102294921875 -0.166976928710938 0.0623626708984375
0.24334716796875 0.4306640625 -0.2371826171875 0.0557861328125001
0.349822998046875 0.3846435546875 -0.387420654296875 0.116973876953125
0.3150634765625 0.369140625 0.4576416015625 -0.02777099609375
0.12506103515625 0.40130615234375 0.37298583984375 -0.0250244140625
0.0342407226562501 0.50799560546875 0.24951171875 -0.00622558593749997
-0.1929931640625 0.437103271484375 0.286407470703125 -0.04522705078125
-0.398834228515625 0.38299560546875 0.2877197265625 -0.12939453125
-0.454010009765625 0.40087890625 0.367919921875 -0.15728759765625
-0.45361328125 0.367218017578125 0.308837890625 -0.201385498046875
-0.52081298828125 0.2777099609375 0.202545166015625 -0.169219970703125
-0.4422607421875 0.43304443359375 0.0295944213867187 -0.130088806152344
-0.34051513671875 0.497528076171875 -0.135887145996094 -0.0802230834960937
-0.217681884765625 0.53826904296875 -0.22760009765625 0.00772094726562508
0.0679931640625 0.48992919921875 -0.163467407226563 0.0862884521484375
0.17584228515625 0.50738525390625 -0.12109375 0.145965576171875
0.27655029296875 0.3897705078125 -0.134124755859375 0.152572631835938
0.3526611328125 0.353607177734375 -0.263641357421875 0.250991821289063
0.211822509765625 0.2891845703125 0.52630615234375 0.100006103515625
0.056915283203125 0.3018798828125 0.398345947265625 0.102813720703125
-0.015350341796875 0.352783203125 0.21258544921875 0.0763397216796875
-0.165863037109375 0.2698974609375 0.244476318359375 0.00775146484375002
-0.303924560546875 0.230743408203125 0.29412841796875 -0.135040283203125
-0.34747314453125 0.265411376953125 0.417633056640625 -0.225433349609375
-0.343780517578125 0.251708984375 0.417144775390625 -0.316253662109375
-0.3985595703125 0.210052490234375 0.326324462890625 -0.295654296875
-0.335662841796875 0.3388671875 0.102203369140625 -0.293121337890625
-0.2374267578125 0.386810302734375 -0.1121826171875 -0.217453002929687
-0.13427734375 0.410552978515625 -0.237777709960938 -0.0508270263671875
0.092376708984375 0.36834716796875 -0.153549194335938 0.10675048828125
0.172882080078125 0.387542724609375 -0.072174072265625 0.20855712890625
0.234954833984375 0.29119873046875 -0.0275115966796875 0.226638793945313
0.284576416015625 0.273345947265625 -0.143951416015625 0.355560302734375
0.09783935546875 0.166351318359375 0.561981201171875 0.185882568359375
0.0204010009765625 0.164703369140625 0.39044189453125 0.184173583984375
-0.00840759277343752 0.176864624023437 0.167434692382813 0.11883544921875
-0.080413818359375 0.116447448730469 0.19635009765625 0.0352935791015625
-0.150680541992188 0.101272583007813 0.28607177734375 -0.127044677734375
-0.18231201171875 0.13360595703125 0.4349365234375 -0.26287841796875
-0.17852783203125 0.11956787109375 0.483154296875 -0.387298583984375
-0.214553833007813 0.107620239257813 0.402130126953125 -0.3817138671875
-0.19110107421875 0.180267333984375 0.13653564453125 -0.404693603515625
-0.1241455078125 0.203262329101563 -0.111175537109375 -0.3111572265625
-0.06549072265625 0.211624145507813 -0.249404907226563 -0.0903167724609375
0.062103271484375 0.1925048828125 -0.152236938476563 0.12139892578125
0.105728149414063 0.215682983398438 -0.0427398681640625 0.248992919921875
0.12603759765625 0.160171508789063 0.0487823486328125 0.280029296875
0.157119750976563 0.158935546875 -0.054168701171875 0.42864990234375
0.0313282012939453 0.00439643859863281 -0.032623291015625 -0.424041748046875
-0.0170459747314453 -0.00642585754394531 -0.098480224609375 -0.329315185546875
-0.0199413299560547 -0.00319862365722656 0.02532958984375 -0.258255004882813
-0.0265598297119141 -0.00181007385253906 0.143402099609375 -0.133895874023438
-0.02740478515625 0.00840187072753906 0.201873779296875 0.09893798828125
-0.00657129287719727 -0.0072321891784668 0.127593994140625 0.300933837890625
0.00438952445983887 0.0027153491973877 -0.1346435546875 0.427032470703125
0.00614452362060547 -0.0113821029663086 -0.39593505859375 0.380767822265625
0.0316963195800781 -0.00768470764160156 -0.4901123046875 0.3963623046875
0.00562763214111328 0.00857162475585938 -0.43389892578125 0.287506103515625
-0.000947952270507815 0.0241241455078125 -0.2591552734375 0.1466064453125
-0.0198879241943359 -0.00320053100585937 -0.162506103515625 -0.02545166015625
-0.0122604370117188 -0.00350856781005859 -0.160491943359375 -0.15179443359375
0.0110006332397461 -0.0148639678955078 -0.341461181640625 -0.191070556640625
0.0272350311279297 -0.0205001831054688 -0.5867919921875 -0.24285888671875
0.206024169921875 0.128616333007812 -0.00167846679687499 -0.4232177734375
0.121826171875 0.134361267089844 -0.061767578125 -0.351898193359375
0.110092163085937 0.195144653320313 0.0600738525390625 -0.266021728515625
0.00106811523437499 0.213027954101563 0.173080444335938 -0.152664184570313
-0.103790283203125 0.22857666015625 0.203826904296875 0.0744781494140625
-0.132888793945313 0.215087890625 0.142791748046875 0.27838134765625
-0.160293579101563 0.19976806640625 -0.1107177734375 0.39385986328125
-0.211334228515625 0.111343383789062 -0.350830078125 0.35552978515625
-0.166778564453125 0.13232421875 -0.440185546875 0.387725830078125
-0.17205810546875 0.130615234375 -0.40283203125 0.292327880859375
-0.159072875976563 0.139450073242188 -0.25189208984375 0.148040771484375
-0.0973052978515625 0.124969482421875 -0.162338256835938 -0.0196380615234375
-0.0550537109375 0.147506713867188 -0.161468505859375 -0.137847900390625
0.0312652587890625 0.145034790039063 -0.3385009765625 -0.180755615234375
0.120872497558594 0.135391235351563 -0.58526611328125 -0.2164306640625
0.339813232421875 0.24957275390625 0.088409423828125 -0.385955810546875
0.218582153320313 0.271865844726563 0.035003662109375 -0.342071533203125
0.1932373046875 0.385467529296875 0.121734619140625 -0.252059936523438
-0.00851440429687496 0.406829833984375 0.215652465820312 -0.162948608398437
-0.203216552734375 0.4154052734375 0.213302612304688 0.0241241455078125
-0.26800537109375 0.399322509765625 0.1734619140625 0.199310302734375
-0.31317138671875 0.354583740234375 -0.04974365234375 0.288421630859375
-0.397613525390625 0.21527099609375 -0.250198364257812 0.271453857421875
-0.335205078125 0.270416259765625 -0.341644287109375 0.33074951171875
-0.320220947265625 0.2742919921875 -0.34527587890625 0.271026611328125
-0.280120849609375 0.29083251953125 -0.24298095703125 0.144287109375
-0.129364013671875 0.278060913085938 -0.172119140625 -0.00169372558593747
-0.05120849609375 0.312591552734375 -0.179367065429688 -0.09710693359375
0.084075927734375 0.290679931640625 -0.335357666015625 -0.130859375
0.216018676757813 0.2684326171875 -0.555419921875 -0.133331298828125
0.403167724609375 0.339996337890625 0.216217041015625 -0.29876708984375
0.24627685546875 0.38104248046875 0.16680908203125 -0.280776977539063
0.19854736328125 0.530487060546875 0.191207885742188 -0.201416015625
-0.06341552734375 0.53387451171875 0.262619018554688 -0.151687622070312
-0.31329345703125 0.521759033203125 0.233474731445313 -0.042938232421875
-0.391143798828125 0.503143310546875 0.22344970703125 0.0767364501953125
-0.4290771484375 0.44000244140625 0.0484542846679687 0.128509521484375
-0.521697998046875 0.284088134765625 -0.109725952148438 0.139244079589844
-0.445648193359375 0.3856201171875 -0.211395263671875 0.217010498046875
-0.402862548828125 0.419036865234375 -0.264053344726563 0.200729370117188
-0.3294677734375 0.452484130859375 -0.230239868164063 0.1226806640625
-0.09112548828125 0.43145751953125 -0.177078247070313 0.0273895263671875
0.015167236328125 0.459808349609375 -0.188034057617188 -0.0249176025390625
0.167144775390625 0.39544677734375 -0.308868408203125 -0.0443115234374999
0.30230712890625 0.355316162109375 -0.490234375 -0.0142211914062499
0.390716552734375 0.38555908203125 0.35076904296875 -0.174224853515625
0.205230712890625 0.43212890625 0.293792724609375 -0.16741943359375
0.1302490234375 0.57843017578125 0.244598388671875 -0.111801147460937
-0.14202880859375 0.54608154296875 0.29302978515625 -0.108551025390625
-0.396728515625 0.507720947265625 0.262802124023438 -0.101104736328125
-0.46478271484375 0.50067138671875 0.29388427734375 -0.055389404296875
-0.482086181640625 0.44195556640625 0.175323486328125 -0.047149658203125
-0.564697265625 0.308349609375 0.0496368408203125 -0.0167427062988281
-0.4805908203125 0.4512939453125 -0.0785751342773438 0.0535812377929688
-0.4033203125 0.510009765625 -0.187698364257813 0.0752716064453125
-0.296112060546875 0.556304931640625 -0.224365234375 0.073516845703125
-0.00387573242187494 0.517181396484375 -0.173690795898438 0.0601806640625001
0.1124267578125 0.53619384765625 -0.166900634765625 0.064422607421875
0.248199462890625 0.429931640625 -0.238525390625 0.0589447021484375
0.357025146484375 0.382720947265625 -0.38848876953125 0.123687744140625
0.321136474609375 0.3675537109375 0.45941162109375 -0.03411865234375
0.1300048828125 0.402252197265625 0.375518798828125 -0.027740478515625
0.0413818359375 0.50921630859375 0.251113891601563 -0.00878906249999997
-0.18890380859375 0.441375732421875 0.287322998046875 -0.04779052734375
-0.396514892578125 0.390625 0.287261962890625 -0.133331298828125
-0.4510498046875 0.4091796875 0.368377685546875 -0.164642333984375
-0.451690673828125 0.37359619140625 0.3082275390625 -0.205810546875
-0.521636962890625 0.284912109375 0.202072143554687 -0.171875
-0.43695068359375 0.439544677734375 0.028228759765625 -0.131477355957031
-0.334686279296875 0.5054931640625 -0.137374877929688 -0.0787124633789062
-0.21331787109375 0.543792724609375 -0.22857666015625 0.0108184814453125
0.074127197265625 0.491607666015625 -0.162521362304687 0.0888214111328125
0.181304931640625 0.508697509765625 -0.119827270507812 0.147674560546875
0.282073974609375 0.3876953125 -0.13360595703125 0.155227661132813
0.358612060546875 0.351776123046875 -0.263031005859375 0.255569458007813
0.21612548828125 0.2877197265625 0.5299072265625 0.09442138671875
0.05999755859375 0.30169677734375 0.40093994140625 0.099029541015625
-0.010833740234375 0.353118896484375 0.214447021484375 0.07470703125
-0.163558959960937 0.273147583007813 0.245361328125 0.00567626953125002
-0.3026123046875 0.236083984375 0.2938232421875 -0.13812255859375
-0.345794677734375 0.270721435546875 0.415985107421875 -0.232086181640625
-0.342926025390625 0.255828857421875 0.416473388671875 -0.32244873046875
-0.39788818359375 0.215301513671875 0.325347900390625 -0.300323486328125
-0.333740234375 0.344512939453125 0.10003662109375 -0.2958984375
-0.233612060546875 0.391632080078125 -0.115036010742187 -0.21710205078125
-0.130706787109375 0.414825439453125 -0.240249633789063 -0.047821044921875
0.0968017578125 0.36993408203125 -0.153045654296875 0.108688354492188
0.1778564453125 0.387451171875 -0.069793701171875 0.2100830078125
0.238525390625 0.29132080078125 -0.02606201171875 0.228195190429688
0.289886474609375 0.271240234375 -0.1396484375 0.35968017578125
0.100357055664063 0.16552734375 0.56671142578125 0.180419921875
0.0221710205078125 0.164871215820313 0.39495849609375 0.180450439453125
-0.0064239501953125 0.176589965820313 0.169052124023438 0.118194580078125
-0.0798263549804687 0.117637634277344 0.197418212890625 0.0341796875
-0.149642944335938 0.103515625 0.28485107421875 -0.130340576171875
-0.180252075195313 0.135833740234375 0.433441162109375 -0.26824951171875
-0.177474975585938 0.121566772460937 0.479644775390625 -0.394378662109375
-0.214401245117188 0.110183715820312 0.400238037109375 -0.38812255859375
-0.190231323242188 0.18389892578125 0.133148193359375 -0.4078369140625
-0.122528076171875 0.205123901367188 -0.115753173828125 -0.310821533203125
-0.0634765625 0.214187622070313 -0.251876831054688 -0.0878448486328125
0.0645904541015625 0.192672729492187 -0.151107788085937 0.122955322265625
0.109466552734375 0.214996337890625 -0.0399169921875 0.25018310546875
0.12811279296875 0.15972900390625 0.0523529052734375 0.281082153320312
0.16009521484375 0.157943725585938 -0.050201416015625 0.431488037109375
0.0310020446777344 0.00367927551269531 -0.038177490234375 -0.425506591796875
-0.0171394348144531 -0.0063009262084961 -0.10345458984375 -0.32940673828125
-0.0204200744628906 -0.00290489196777344 0.021759033203125 -0.260604858398438
-0.0273513793945313 -0.0011138916015625 0.1424560546875 -0.137191772460938
-0.0277462005615234 0.00897789001464844 0.204544067382813 0.097076416015625
-0.00681257247924805 -0.0068964958190918 0.13232421875 0.300323486328125
0.00430512428283691 0.0028080940246582 -0.129486083984375 0.429229736328125
0.0057220458984375 -0.0118484497070312 -0.395111083984375 0.38555908203125
0.0313758850097656 -0.00930976867675781 -0.486724853515625 0.403472900390625
0.00558328628540039 0.00819921493530273 -0.4317626953125 0.294189453125
-0.00048828125 0.0240688323974609 -0.25799560546875 0.15087890625
-0.0197429656982422 -0.00191307067871093 -0.1639404296875 -0.0228729248046875
-0.0119390487670898 -0.00261020660400391 -0.163299560546875 -0.149993896484375
0.0106172561645508 -0.0155735015869141 -0.34600830078125 -0.18804931640625
0.0267200469970703 -0.0214271545410156 -0.5931396484375 -0.23638916015625
0.2083740234375 0.124954223632813 -0.00616455078124999 -0.426483154296875
0.123580932617188 0.134201049804688 -0.0670166015625 -0.3521728515625
0.11322021484375 0.194168090820313 0.0577392578125 -0.268814086914063
0.003692626953125 0.213668823242187 0.171829223632813 -0.155654907226562
-0.101593017578125 0.2318115234375 0.206207275390625 0.0721282958984375
-0.130828857421875 0.218002319335938 0.147476196289063 0.276702880859375
-0.1590576171875 0.202621459960938 -0.106201171875 0.395599365234375
-0.21051025390625 0.114349365234375 -0.348297119140625 0.36053466796875
-0.165008544921875 0.133804321289063 -0.4375 0.39495849609375
-0.170654296875 0.133102416992188 -0.401153564453125 0.298858642578125
-0.157699584960938 0.14251708984375 -0.251113891601563 0.152389526367188
-0.09661865234375 0.127052307128906 -0.163238525390625 -0.016632080078125
-0.0542144775390625 0.149139404296875 -0.163558959960938 -0.136001586914062
0.0329742431640625 0.14508056640625 -0.343353271484375 -0.178497314453125
0.123039245605469 0.134475708007813 -0.5904541015625 -0.209716796875
0.344451904296875 0.24432373046875 0.0831298828125 -0.38800048828125
0.222610473632813 0.271011352539063 0.029327392578125 -0.343170166015625
0.198455810546875 0.383880615234375 0.119033813476563 -0.255645751953125
-0.00326538085937502 0.407928466796875 0.214630126953125 -0.16619873046875
-0.19891357421875 0.420867919921875 0.214279174804688 0.0219268798828125
-0.263946533203125 0.403594970703125 0.176956176757812 0.196395874023438
-0.3096923828125 0.361175537109375 -0.047088623046875 0.28936767578125
-0.39654541015625 0.22119140625 -0.249114990234375 0.27325439453125
-0.33380126953125 0.274871826171875 -0.33837890625 0.335418701171875
-0.31805419921875 0.27899169921875 -0.3427734375 0.276123046875
-0.27880859375 0.295562744140625 -0.24114990234375 0.148239135742188
-0.126296997070313 0.28106689453125 -0.17291259765625 0.00106811523437499
-0.047821044921875 0.314971923828125 -0.181869506835938 -0.0948944091796875
0.086700439453125 0.290985107421875 -0.339111328125 -0.1270751953125
0.220596313476562 0.266754150390625 -0.560577392578125 -0.126190185546875
0.408599853515625 0.33563232421875 0.212921142578125 -0.303253173828125
0.251312255859375 0.379852294921875 0.163421630859375 -0.28399658203125
0.205352783203125 0.52880859375 0.19024658203125 -0.2052001953125
-0.0567626953125 0.53643798828125 0.260879516601563 -0.155242919921875
-0.30706787109375 0.527313232421875 0.234329223632812 -0.0450286865234375
-0.38604736328125 0.508758544921875 0.225723266601563 0.0725250244140625
-0.425018310546875 0.446624755859375 0.0499954223632812 0.128036499023438
-0.51953125 0.2908935546875 -0.109268188476563 0.140823364257813
-0.44268798828125 0.393096923828125 -0.20904541015625 0.220046997070313
-0.398101806640625 0.425506591796875 -0.262863159179688 0.205398559570313
-0.32550048828125 0.458953857421875 -0.229721069335938 0.1263427734375
-0.08575439453125 0.434783935546875 -0.177734375 0.0302276611328125
0.020050048828125 0.4622802734375 -0.189437866210938 -0.0222015380859375
0.17156982421875 0.396209716796875 -0.311309814453125 -0.040435791015625
0.30743408203125 0.352020263671875 -0.493255615234375 -0.00793457031250001
0.398529052734375 0.380584716796875 0.349456787109375 -0.178680419921875
0.211700439453125 0.431182861328125 0.29248046875 -0.171417236328125
0.1378173828125 0.57855224609375 0.2440185546875 -0.116302490234375
-0.135894775390625 0.55010986328125 0.292724609375 -0.11285400390625
-0.390869140625 0.51629638671875 0.262954711914063 -0.103439331054687
-0.45965576171875 0.5079345703125 0.294525146484375 -0.060943603515625
-0.477203369140625 0.449066162109375 0.175277709960938 -0.0499267578125
-0.56353759765625 0.3160400390625 0.0495681762695312 -0.0171699523925781
-0.47705078125 0.45947265625 -0.07855224609375 0.0546417236328125
-0.398956298828125 0.5179443359375 -0.18798828125 0.077484130859375
-0.2901611328125 0.5626220703125 -0.224334716796875 0.0775604248046875
0.00335693359375 0.519317626953125 -0.173477172851563 0.06292724609375
0.11956787109375 0.538360595703125 -0.167190551757813 0.067718505859375
0.2540283203125 0.429718017578125 -0.240432739257812 0.06219482421875
0.36358642578125 0.379669189453125 -0.389984130859375 0.130462646484375
0.325927734375 0.363372802734375 0.460479736328125 -0.039642333984375
0.13458251953125 0.402374267578125 0.376983642578125 -0.0328369140625
0.047943115234375 0.50946044921875 0.2523193359375 -0.0117340087890625
-0.184600830078125 0.445159912109375 0.287384033203125 -0.05133056640625
-0.392242431640625 0.399017333984375 0.28607177734375 -0.136383056640625
-0.447021484375 0.416290283203125 0.367156982421875 -0.169464111328125
-0.44854736328125 0.379608154296875 0.30657958984375 -0.209930419921875
-0.519866943359375 0.292816162109375 0.201614379882812 -0.174819946289062
-0.433929443359375 0.44744873046875 0.0272293090820312 -0.132514953613281
-0.329681396484375 0.510986328125 -0.138801574707031 -0.0774002075195312
-0.20733642578125 0.54986572265625 -0.229629516601563 0.0141448974609375
0.07989501953125 0.493133544921875 -0.162078857421875 0.0913848876953125
0.1893310546875 0.508270263671875 -0.11846923828125 0.150405883789063
0.286590576171875 0.389190673828125 -0.133071899414062 0.157318115234375
0.364898681640625 0.348419189453125 -0.261428833007813 0.261550903320313
0.220458984375 0.285308837890625 0.532501220703125 0.08856201171875
0.063323974609375 0.302581787109375 0.40350341796875 0.09552001953125
-0.00610351562500001 0.3541259765625 0.216659545898438 0.072723388671875
-0.161376953125 0.276580810546875 0.24627685546875 0.00399780273437502
-0.29998779296875 0.24072265625 0.29278564453125 -0.141754150390625
-0.34100341796875 0.275054931640625 0.41546630859375 -0.23883056640625
-0.33935546875 0.2620849609375 0.41302490234375 -0.329437255859375
-0.397705078125 0.22174072265625 0.32427978515625 -0.306121826171875
-0.331268310546875 0.348907470703125 0.096832275390625 -0.298675537109375
-0.229583740234375 0.396148681640625 -0.119049072265625 -0.21649169921875
-0.126312255859375 0.419464111328125 -0.241744995117188 -0.0446166992187499
0.102081298828125 0.369781494140625 -0.152236938476562 0.11090087890625
0.183380126953125 0.387969970703125 -0.068084716796875 0.212066650390625
0.242523193359375 0.289337158203125 -0.023834228515625 0.2296142578125
0.29473876953125 0.268951416015625 -0.13677978515625 0.364288330078125
0.102935791015625 0.164382934570312 0.57196044921875 0.1727294921875
0.0238037109375 0.165115356445313 0.39862060546875 0.17669677734375
-0.00382995605468752 0.176666259765625 0.17083740234375 0.1170654296875
-0.0787277221679688 0.119041442871094 0.198959350585938 0.0326080322265625
-0.148178100585938 0.106903076171875 0.283599853515625 -0.134368896484375
-0.178741455078125 0.138412475585937 0.432403564453125 -0.27545166015625
-0.17657470703125 0.12353515625 0.4775390625 -0.402496337890625
-0.214675903320313 0.113082885742188 0.39849853515625 -0.3934326171875
-0.188568115234375 0.18658447265625 0.12890625 -0.411865234375
-0.120162963867188 0.20782470703125 -0.120269775390625 -0.31060791015625
-0.0611419677734375 0.216690063476563 -0.254058837890625 -0.0845489501953125
0.0672607421875 0.192596435546875 -0.15032958984375 0.124862670898438
0.112640380859375 0.214706420898438 -0.0372314453125 0.25140380859375
0.130569458007813 0.159820556640625 0.05523681640625 0.280914306640625
0.1634521484375 0.15673828125 -0.04547119140625 0.434326171875
0.0310497283935547 0.00261688232421875 -0.0447998046875 -0.425689697265625
-0.0174274444580078 -0.00567436218261719 -0.1083984375 -0.328094482421875
-0.0212898254394531 -0.00201606750488281 0.01739501953125 -0.261856079101563
-0.0282649993896484 -0.00104904174804687 0.14031982421875 -0.139083862304687
-0.0278301239013672 0.00967788696289062 0.207260131835938 0.094451904296875
-0.00691795349121094 -0.00664854049682617 0.136932373046875 0.298187255859375
0.0039985179901123 0.00217747688293457 -0.12451171875 0.430999755859375
0.00575733184814453 -0.0120887756347656 -0.39166259765625 0.393463134765625
0.0311717987060547 -0.0104866027832031 -0.481536865234375 0.41082763671875
0.00585794448852539 0.00764894485473633 -0.42877197265625 0.30096435546875
-9.53674316406228E-05 0.02447509765625 -0.256210327148438 0.154556274414063
-0.0202255249023438 -0.00149726867675781 -0.1644287109375 -0.0206146240234375
-0.0119524002075195 -0.00169563293457031 -0.165756225585937 -0.1474609375
0.0102720260620117 -0.0157461166381836 -0.35003662109375 -0.182830810546875
0.0264759063720703 -0.0225048065185547 -0.597412109375 -0.2269287109375
0.210067749023438 0.122222900390625 -0.011505126953125 -0.426239013671875
0.125411987304688 0.13299560546875 -0.073028564453125 -0.35198974609375
0.116012573242188 0.192657470703125 0.053314208984375 -0.271392822265625
0.00627136230468751 0.2142333984375 0.169754028320313 -0.158187866210938
-0.098052978515625 0.234451293945313 0.208389282226562 0.07012939453125
-0.127487182617188 0.2205810546875 0.151870727539062 0.27410888671875
-0.156021118164062 0.205734252929687 -0.102508544921875 0.39715576171875
-0.209548950195312 0.117294311523437 -0.34478759765625 0.36651611328125
-0.163681030273437 0.1357421875 -0.433013916015625 0.402252197265625
-0.1688232421875 0.135360717773438 -0.3984375 0.3050537109375
-0.155746459960937 0.145004272460938 -0.248672485351563 0.15570068359375
-0.0946121215820313 0.129325866699219 -0.164169311523438 -0.0142364501953125
-0.052337646484375 0.150909423828125 -0.16583251953125 -0.133712768554687
0.034210205078125 0.144729614257812 -0.3468017578125 -0.173065185546875
0.125335693359375 0.13214111328125 -0.59393310546875 -0.20001220703125
0.3475341796875 0.238555908203125 0.07843017578125 -0.39031982421875
0.226425170898438 0.268341064453125 0.02392578125 -0.344146728515625
0.20361328125 0.38134765625 0.115966796875 -0.258544921875
0.00234985351562501 0.40869140625 0.211944580078125 -0.169235229492187
-0.193603515625 0.425689697265625 0.215362548828125 0.019287109375
-0.25848388671875 0.40838623046875 0.180145263671875 0.192703247070313
-0.30535888671875 0.365509033203125 -0.043121337890625 0.29022216796875
-0.3939208984375 0.226318359375 -0.246505737304688 0.278717041015625
-0.33062744140625 0.278564453125 -0.33465576171875 0.340972900390625
-0.313262939453125 0.28326416015625 -0.33953857421875 0.281219482421875
-0.274505615234375 0.300567626953125 -0.239669799804688 0.151657104492188
-0.1234130859375 0.284423828125 -0.173309326171875 0.00401306152343752
-0.042877197265625 0.316650390625 -0.183258056640625 -0.092620849609375
0.089996337890625 0.2906494140625 -0.3426513671875 -0.123016357421875
0.225234985351563 0.264434814453125 -0.564453125 -0.1185302734375
0.414459228515625 0.330780029296875 0.209930419921875 -0.30682373046875
0.257293701171875 0.378021240234375 0.158660888671875 -0.28631591796875
0.212982177734375 0.52667236328125 0.18853759765625 -0.209396362304687
-0.0492553710937499 0.539154052734375 0.259002685546875 -0.159393310546875
-0.30108642578125 0.5345458984375 0.233978271484375 -0.047698974609375
-0.379669189453125 0.516143798828125 0.227691650390625 0.0679168701171875
-0.420562744140625 0.453521728515625 0.0513076782226562 0.127853393554688
-0.517852783203125 0.298736572265625 -0.108047485351563 0.142898559570313
-0.440185546875 0.399871826171875 -0.20623779296875 0.223678588867188
-0.392059326171875 0.4302978515625 -0.26080322265625 0.209991455078125
-0.31988525390625 0.46514892578125 -0.228347778320313 0.1300048828125
-0.080352783203125 0.437835693359375 -0.178329467773438 0.033233642578125
0.0272216796875 0.46307373046875 -0.190414428710938 -0.018951416015625
0.176116943359375 0.394775390625 -0.313507080078125 -0.0365600585937499
0.314483642578125 0.34893798828125 -0.49456787109375 0.000457763671874913
0.40435791015625 0.376129150390625 0.347564697265625 -0.1844482421875
0.2178955078125 0.43035888671875 0.290008544921875 -0.175262451171875
0.1466064453125 0.5772705078125 0.243118286132813 -0.120101928710937
-0.12799072265625 0.553955078125 0.29144287109375 -0.115966796875
-0.38482666015625 0.523895263671875 0.261962890625 -0.10748291015625
-0.45208740234375 0.5164794921875 0.29400634765625 -0.066436767578125
-0.472442626953125 0.45831298828125 0.174224853515625 -0.0525054931640625
-0.560272216796875 0.32415771484375 0.0492362976074218 -0.0184097290039062
-0.470733642578125 0.466766357421875 -0.0779800415039063 0.0549087524414063
-0.39178466796875 0.524261474609375 -0.1873779296875 0.0813751220703125
-0.28326416015625 0.57183837890625 -0.223037719726563 0.081451416015625
0.00973510742187496 0.520263671875 -0.172988891601563 0.065582275390625
0.127410888671875 0.537567138671875 -0.166778564453125 0.0702667236328125
0.260009765625 0.42816162109375 -0.241424560546875 0.06597900390625
0.37176513671875 0.376312255859375 -0.389678955078125 0.1370849609375
0.332794189453125 0.35943603515625 0.4609375 -0.045501708984375
0.140228271484375 0.40130615234375 0.377685546875 -0.0367431640625
0.0557861328125 0.509307861328125 0.253433227539063 -0.015380859375
-0.179595947265625 0.44879150390625 0.2874755859375 -0.05419921875
-0.386932373046875 0.406829833984375 0.284515380859375 -0.1402587890625
-0.441009521484375 0.421844482421875 0.3658447265625 -0.175872802734375
-0.443939208984375 0.3863525390625 0.303924560546875 -0.21453857421875
-0.517547607421875 0.3006591796875 0.199569702148438 -0.17791748046875
-0.428924560546875 0.453704833984375 0.0254058837890625 -0.133720397949219
-0.323150634765625 0.516387939453125 -0.140777587890625 -0.0754852294921874
-0.19989013671875 0.5550537109375 -0.22998046875 0.017486572265625
0.088287353515625 0.4935302734375 -0.16168212890625 0.0933837890625001
0.197174072265625 0.506591796875 -0.116531372070312 0.1527099609375
0.292083740234375 0.385711669921875 -0.132156372070313 0.159652709960938
0.37213134765625 0.34442138671875 -0.258438110351563 0.266571044921875
0.223968505859375 0.2816162109375 0.535125732421875 0.080902099609375
0.0677490234375 0.30224609375 0.4061279296875 0.089599609375
-0.00109863281250003 0.354095458984375 0.218658447265625 0.07025146484375
-0.1571044921875 0.27874755859375 0.24664306640625 0.00114440917968752
-0.295440673828125 0.246734619140625 0.290740966796875 -0.14544677734375
-0.337921142578125 0.28009033203125 0.412994384765625 -0.2449951171875
-0.3369140625 0.266387939453125 0.40960693359375 -0.33544921875
-0.39459228515625 0.227630615234375 0.321746826171875 -0.31170654296875
-0.3272705078125 0.3558349609375 0.09326171875 -0.300811767578125
-0.224456787109375 0.400146484375 -0.12176513671875 -0.214935302734375
-0.11968994140625 0.42401123046875 -0.243179321289062 -0.041473388671875
0.106964111328125 0.369781494140625 -0.150726318359375 0.1129150390625
0.189544677734375 0.385986328125 -0.0646209716796875 0.213226318359375
0.246856689453125 0.287841796875 -0.02093505859375 0.230789184570313
0.298797607421875 0.26568603515625 -0.13311767578125 0.368133544921875
0.105010986328125 0.16229248046875 0.576416015625 0.1646728515625
0.0264739990234375 0.165069580078125 0.40374755859375 0.171875
-0.00173950195312502 0.176559448242188 0.173110961914063 0.115631103515625
-0.0769882202148438 0.119842529296875 0.19964599609375 0.031097412109375
-0.14556884765625 0.1092529296875 0.281463623046875 -0.13787841796875
-0.176010131835937 0.140823364257813 0.428131103515625 -0.281402587890625
-0.175033569335937 0.12518310546875 0.473602294921875 -0.40924072265625
-0.213363647460938 0.116363525390625 0.3956298828125 -0.39996337890625
-0.186004638671875 0.1898193359375 0.1236572265625 -0.41314697265625
-0.11773681640625 0.209442138671875 -0.124969482421875 -0.3095703125
-0.0582122802734375 0.218551635742188 -0.256027221679688 -0.0813293457031249
0.0696258544921875 0.191787719726563 -0.148941040039063 0.127029418945312
0.116119384765625 0.213638305664063 -0.03350830078125 0.252731323242188
0.132659912109375 0.159515380859375 0.058624267578125 0.280288696289063
0.166244506835938 0.153915405273438 -0.039398193359375 0.4366455078125
0.0311813354492188 0.00164413452148438 -0.049468994140625 -0.425872802734375
-0.0180110931396484 -0.00522994995117188 -0.11407470703125 -0.326629638671875
-0.02166748046875 -0.00159645080566406 0.013092041015625 -0.263031005859375
-0.0288925170898438 -3.24249267578062E-05 0.137908935546875 -0.14111328125
-0.02783203125 0.0106983184814453 0.2091064453125 0.0914306640625
-0.00680160522460938 -0.00657844543457031 0.14117431640625 0.29510498046875
0.00429582595825195 0.00256657600402832 -0.12005615234375 0.43310546875
0.0055084228515625 -0.0125789642333984 -0.388946533203125 0.398590087890625
0.0309257507324219 -0.0116939544677734 -0.474853515625 0.417510986328125
0.00573205947875976 0.00740623474121094 -0.423675537109375 0.3076171875
0.00122833251953125 0.0244312286376953 -0.253311157226563 0.15869140625
-0.0197296142578125 -0.000635147094726565 -0.164886474609375 -0.0171356201171875
-0.0122346878051758 -0.000922203063964845 -0.168701171875 -0.144241333007813
0.0103168487548828 -0.0161056518554688 -0.35211181640625 -0.17791748046875
0.0261554718017578 -0.0230083465576172 -0.60125732421875 -0.218505859375
0.212020874023438 0.118927001953125 -0.018157958984375 -0.428253173828125
0.127410888671875 0.131088256835938 -0.07879638671875 -0.35009765625
0.118515014648438 0.190994262695313 0.0492095947265625 -0.273117065429688
0.008819580078125 0.214752197265625 0.167205810546875 -0.160430908203125
-0.0949859619140625 0.236846923828125 0.20947265625 0.066986083984375
-0.124176025390625 0.222503662109375 0.155792236328125 0.2706298828125
-0.15277099609375 0.207748413085938 -0.096343994140625 0.39971923828125
-0.20831298828125 0.120574951171875 -0.342132568359375 0.371002197265625
-0.161819458007813 0.137374877929688 -0.426361083984375 0.406768798828125
-0.166519165039062 0.137435913085938 -0.393035888671875 0.311187744140625
-0.1529541015625 0.14776611328125 -0.246841430664063 0.159713745117187
-0.0937118530273438 0.130989074707031 -0.1650390625 -0.0108795166015625
-0.050506591796875 0.152374267578125 -0.168563842773438 -0.130874633789063
0.0356903076171875 0.144088745117187 -0.349578857421875 -0.167938232421875
0.127510070800781 0.130325317382812 -0.5985107421875 -0.1904296875
0.35125732421875 0.232574462890625 0.072601318359375 -0.391937255859375
0.230255126953125 0.265579223632813 0.017852783203125 -0.34375
0.2103271484375 0.37823486328125 0.112030029296875 -0.26177978515625
0.00918579101562503 0.409698486328125 0.209793090820312 -0.172683715820312
-0.187286376953125 0.42913818359375 0.215988159179688 0.01666259765625
-0.25238037109375 0.41253662109375 0.183349609375 0.189041137695313
-0.29937744140625 0.369873046875 -0.039886474609375 0.29046630859375
-0.3900146484375 0.231689453125 -0.243560791015625 0.28143310546875
-0.3262939453125 0.282470703125 -0.330535888671875 0.34564208984375
-0.30841064453125 0.28753662109375 -0.335479736328125 0.28753662109375
-0.26953125 0.304443359375 -0.237411499023438 0.155960083007813
-0.119598388671875 0.28631591796875 -0.173248291015625 0.00672912597656249
-0.0394287109375 0.317474365234375 -0.184371948242188 -0.0890045166015625
0.0927734375 0.289764404296875 -0.34515380859375 -0.1180419921875
0.2293701171875 0.260528564453125 -0.56597900390625 -0.108154296875
0.419097900390625 0.323974609375 0.2044677734375 -0.310272216796875
0.263092041015625 0.374359130859375 0.153839111328125 -0.287811279296875
0.221527099609375 0.522857666015625 0.185623168945313 -0.212677001953125
-0.0419921875 0.540618896484375 0.2568359375 -0.161941528320312
-0.29345703125 0.540313720703125 0.233474731445313 -0.051177978515625
-0.37152099609375 0.523040771484375 0.229415893554687 0.0633544921875
-0.41259765625 0.461669921875 0.0525131225585937 0.126487731933594
-0.513427734375 0.306640625 -0.106369018554688 0.14404296875
-0.433074951171875 0.404388427734375 -0.203399658203125 0.226058959960938
-0.387298583984375 0.43682861328125 -0.257415771484375 0.213790893554688
-0.312774658203125 0.4713134765625 -0.226394653320313 0.13397216796875
-0.074859619140625 0.43975830078125 -0.17730712890625 0.0362396240234375
0.03411865234375 0.462554931640625 -0.190261840820313 -0.0162048339843749
0.181060791015625 0.3931884765625 -0.3154296875 -0.031585693359375
0.3201904296875 0.34515380859375 -0.49591064453125 0.00900268554687497
0.410430908203125 0.36846923828125 0.343719482421875 -0.19024658203125
0.22332763671875 0.427032470703125 0.286102294921875 -0.17938232421875
0.155029296875 0.57391357421875 0.242477416992187 -0.1239013671875
-0.120391845703125 0.55657958984375 0.2904052734375 -0.120330810546875
-0.37615966796875 0.530975341796875 0.260650634765625 -0.110260009765625
-0.443328857421875 0.523101806640625 0.293670654296875 -0.071746826171875
-0.46600341796875 0.464385986328125 0.173126220703125 -0.055450439453125
-0.558319091796875 0.33349609375 0.0491218566894531 -0.0195159912109375
-0.4647216796875 0.473602294921875 -0.0765762329101563 0.0560073852539063
-0.38336181640625 0.52935791015625 -0.185562133789063 0.0843505859375
-0.2760009765625 0.57525634765625 -0.222076416015625 0.0849609375
0.0165405273437501 0.5213623046875 -0.171951293945312 0.068389892578125
0.1358642578125 0.53662109375 -0.165054321289063 0.0728759765625
0.2652587890625 0.42462158203125 -0.240951538085937 0.0697174072265626
0.376922607421875 0.370574951171875 -0.388641357421875 0.1435546875
0.33685302734375 0.353057861328125 0.45977783203125 -0.05224609375
0.144683837890625 0.39947509765625 0.375335693359375 -0.043212890625
0.0638427734375 0.507659912109375 0.253463745117187 -0.01898193359375
-0.17120361328125 0.452667236328125 0.28704833984375 -0.057586669921875
-0.3804931640625 0.413726806640625 0.282928466796875 -0.14361572265625
-0.433319091796875 0.42877197265625 0.362274169921875 -0.1829833984375
-0.436737060546875 0.3924560546875 0.300689697265625 -0.219024658203125
-0.513336181640625 0.30853271484375 0.19793701171875 -0.180679321289063
-0.4229736328125 0.46038818359375 0.02374267578125 -0.134712219238281
-0.31549072265625 0.521148681640625 -0.141586303710938 -0.0728759765625
-0.191650390625 0.56024169921875 -0.22943115234375 0.021697998046875
0.095123291015625 0.4931640625 -0.16009521484375 0.0957489013671875
0.205322265625 0.503204345703125 -0.114471435546875 0.154708862304688
0.297821044921875 0.38262939453125 -0.130889892578125 0.161880493164063
0.378448486328125 0.33892822265625 -0.25518798828125 0.272247314453125
0.228103637695313 0.2784423828125 0.5360107421875 0.0726318359375
0.071807861328125 0.301483154296875 0.408203125 0.083343505859375
0.00500488281250004 0.35321044921875 0.21978759765625 0.0672149658203125
-0.153289794921875 0.281219482421875 0.24737548828125 -0.00140380859374998
-0.29168701171875 0.250640869140625 0.2882080078125 -0.1490478515625
-0.3319091796875 0.284149169921875 0.408477783203125 -0.250946044921875
-0.3330078125 0.269927978515625 0.40594482421875 -0.34063720703125
-0.391754150390625 0.233184814453125 0.318603515625 -0.315338134765625
-0.32122802734375 0.3614501953125 0.08905029296875 -0.302703857421875
-0.219329833984375 0.403900146484375 -0.125335693359375 -0.2130126953125
-0.114410400390625 0.425628662109375 -0.243820190429688 -0.0374603271484375
0.112640380859375 0.3681640625 -0.149566650390625 0.115036010742188
0.19647216796875 0.3836669921875 -0.06121826171875 0.21405029296875
0.250640869140625 0.28558349609375 -0.01898193359375 0.230789184570313
0.3050537109375 0.260955810546875 -0.127166748046875 0.37091064453125
0.107879638671875 0.160263061523438 0.57843017578125 0.15814208984375
0.0286102294921875 0.163955688476562 0.407196044921875 0.164306640625
0.00173950195312499 0.175308227539063 0.174728393554688 0.113861083984375
-0.07537841796875 0.120597839355469 0.200103759765625 0.028839111328125
-0.143630981445313 0.111190795898437 0.27911376953125 -0.141311645507813
-0.173263549804688 0.1429443359375 0.42315673828125 -0.28759765625
-0.173019409179688 0.127639770507812 0.4678955078125 -0.415252685546875
-0.212112426757813 0.119461059570312 0.391876220703125 -0.405426025390625
-0.1839599609375 0.192825317382813 0.1190185546875 -0.415924072265625
-0.114578247070312 0.21173095703125 -0.13037109375 -0.30755615234375
-0.0551605224609375 0.219467163085937 -0.258056640625 -0.0780181884765625
0.07305908203125 0.191055297851563 -0.146957397460938 0.128616333007813
0.119705200195313 0.211441040039063 -0.0299530029296875 0.252960205078125
0.134872436523438 0.158096313476563 0.0626678466796875 0.280014038085938
0.1689453125 0.151870727539063 -0.03326416015625 0.4378662109375
0.030120849609375 0.000696182250976563 -0.055999755859375 -0.426177978515625
-0.0180778503417969 -0.004486083984375 -0.118499755859375 -0.323089599609375
-0.0218009948730469 -0.000984191894531253 0.00813293457031249 -0.26324462890625
-0.0292778015136719 -1.90734863280817E-06 0.13519287109375 -0.143356323242188
-0.0278167724609375 0.0113945007324219 0.210220336914063 0.0885162353515625
-0.00680160522460938 -0.0061030387878418 0.1453857421875 0.29144287109375
0.00462770462036133 0.00206613540649414 -0.11370849609375 0.433685302734375
0.00520896911621094 -0.0130825042724609 -0.383514404296875 0.402252197265625
0.0307216644287109 -0.0128345489501953 -0.46844482421875 0.424560546875
0.00604677200317383 0.00751733779907227 -0.417999267578125 0.31304931640625
0.00157928466796875 0.0241127014160156 -0.250274658203125 0.16265869140625
-0.0203113555908203 0.000305175781249999 -0.16552734375 -0.0142669677734375
-0.0120773315429688 -0.000334739685058596 -0.170455932617187 -0.140823364257813
0.0096435546875 -0.0166206359863281 -0.355499267578125 -0.172821044921875
0.025909423828125 -0.0235137939453125 -0.6038818359375 -0.20660400390625
0.212936401367188 0.114517211914063 -0.025054931640625 -0.426849365234375
0.1292724609375 0.129768371582031 -0.0850830078125 -0.34796142578125
0.121658325195312 0.189071655273437 0.0443267822265625 -0.274566650390625
0.011138916015625 0.214828491210938 0.164566040039063 -0.162872314453125
-0.0904998779296875 0.23883056640625 0.210830688476563 0.064178466796875
-0.119964599609375 0.22467041015625 0.16021728515625 0.265914916992188
-0.149658203125 0.209915161132812 -0.09149169921875 0.398712158203125
-0.206497192382812 0.123397827148438 -0.337799072265625 0.37554931640625
-0.159698486328125 0.139068603515625 -0.419586181640625 0.412139892578125
-0.163955688476563 0.139389038085938 -0.387939453125 0.3148193359375
-0.150985717773438 0.150634765625 -0.24334716796875 0.162979125976562
-0.091644287109375 0.132339477539063 -0.164810180664063 -0.00798034667968752
-0.0477447509765625 0.153213500976562 -0.170196533203125 -0.126968383789062
0.03765869140625 0.143417358398438 -0.352020263671875 -0.162841796875
0.129241943359375 0.128509521484375 -0.6005859375 -0.1795654296875
0.3546142578125 0.226806640625 0.066253662109375 -0.39373779296875
0.234085083007813 0.262252807617188 0.011627197265625 -0.343231201171875
0.215484619140625 0.37445068359375 0.107772827148438 -0.26397705078125
0.014617919921875 0.4095458984375 0.206741333007813 -0.175811767578125
-0.180419921875 0.4329833984375 0.216400146484375 0.013397216796875
-0.2447509765625 0.415618896484375 0.186660766601562 0.184524536132813
-0.29345703125 0.37335205078125 -0.0361328125 0.290313720703125
-0.3880615234375 0.238616943359375 -0.239837646484375 0.28399658203125
-0.3216552734375 0.28759765625 -0.323272705078125 0.349639892578125
-0.302154541015625 0.29241943359375 -0.330596923828125 0.2930908203125
-0.265411376953125 0.309478759765625 -0.234512329101563 0.159423828125
-0.115478515625 0.28826904296875 -0.17291259765625 0.00999450683593751
-0.0341796875 0.318359375 -0.186111450195313 -0.0850830078124999
0.096527099609375 0.2877197265625 -0.347564697265625 -0.1123046875
0.233627319335938 0.256744384765625 -0.5665283203125 -0.0979614257812499
0.422698974609375 0.315185546875 0.198455810546875 -0.313079833984375
0.26666259765625 0.370208740234375 0.148193359375 -0.288848876953125
0.22869873046875 0.519439697265625 0.182647705078125 -0.216262817382812
-0.03466796875 0.540740966796875 0.253585815429688 -0.165969848632812
-0.284576416015625 0.544647216796875 0.232955932617188 -0.0539398193359375
-0.361480712890625 0.52642822265625 0.229751586914062 0.057708740234375
-0.404937744140625 0.4659423828125 0.0538482666015625 0.125
-0.508575439453125 0.314544677734375 -0.104080200195313 0.144989013671875
-0.42578125 0.410736083984375 -0.19903564453125 0.228591918945313
-0.37890625 0.4415283203125 -0.25408935546875 0.217636108398438
-0.30419921875 0.475616455078125 -0.22344970703125 0.137237548828125
-0.0672607421875 0.4405517578125 -0.17681884765625 0.0388641357421875
0.041107177734375 0.463348388671875 -0.190277099609375 -0.0129241943359375
0.185943603515625 0.389556884765625 -0.316375732421875 -0.0269775390625
0.325927734375 0.33929443359375 -0.495086669921875 0.0176391601562499
0.41510009765625 0.361572265625 0.340911865234375 -0.19476318359375
0.228057861328125 0.42327880859375 0.28289794921875 -0.18365478515625
0.164794921875 0.57196044921875 0.24078369140625 -0.128158569335937
-0.112030029296875 0.557861328125 0.2880859375 -0.123504638671875
-0.36737060546875 0.53717041015625 0.25848388671875 -0.113418579101562
-0.43548583984375 0.528106689453125 0.292633056640625 -0.07818603515625
-0.457122802734375 0.470001220703125 0.171493530273437 -0.0580291748046875
-0.552154541015625 0.3419189453125 0.0488510131835937 -0.0200004577636719
-0.45703125 0.4793701171875 -0.0759658813476563 0.056427001953125
-0.37457275390625 0.53582763671875 -0.184539794921875 0.0874481201171875
-0.2652587890625 0.579833984375 -0.220611572265625 0.0881652832031251
0.024749755859375 0.52056884765625 -0.170700073242188 0.0709533691406251
0.14434814453125 0.532623291015625 -0.163955688476563 0.0756683349609375
0.27008056640625 0.4207763671875 -0.240692138671875 0.0737152099609375
0.382781982421875 0.36529541015625 -0.3851318359375 0.150115966796875
0.34222412109375 0.34747314453125 0.458831787109375 -0.059814453125
0.150390625 0.397369384765625 0.37481689453125 -0.048980712890625
0.07110595703125 0.50555419921875 0.253692626953125 -0.0227508544921875
-0.1650390625 0.454254150390625 0.28564453125 -0.06121826171875
-0.373626708984375 0.420379638671875 0.28009033203125 -0.147186279296875
-0.42529296875 0.434356689453125 0.360809326171875 -0.18914794921875
-0.431304931640625 0.3985595703125 0.296661376953125 -0.223663330078125
-0.507781982421875 0.315948486328125 0.195755004882813 -0.183792114257812
-0.41387939453125 0.46685791015625 0.0219802856445312 -0.134933471679687
-0.30743408203125 0.525360107421875 -0.142868041992188 -0.07037353515625
-0.1837158203125 0.5635986328125 -0.228973388671875 0.0248565673828125
0.102325439453125 0.4913330078125 -0.158599853515625 0.0979766845703125
0.21221923828125 0.5006103515625 -0.111770629882812 0.156219482421875
0.30126953125 0.378570556640625 -0.129241943359375 0.163619995117188
0.38427734375 0.333770751953125 -0.251571655273437 0.275741577148438
0.23126220703125 0.272689819335938 0.5364990234375 0.066162109375
0.07562255859375 0.2996826171875 0.408843994140625 0.077728271484375
0.011199951171875 0.35174560546875 0.22064208984375 0.0645294189453125
-0.148956298828125 0.28302001953125 0.246932983398438 -0.00407409667968748
-0.28594970703125 0.255462646484375 0.285064697265625 -0.152374267578125
-0.326263427734375 0.2889404296875 0.40362548828125 -0.257965087890625
-0.3277587890625 0.274078369140625 0.40032958984375 -0.345458984375
-0.38726806640625 0.23828125 0.314239501953125 -0.3194580078125
-0.3165283203125 0.365753173828125 0.084686279296875 -0.3035888671875
-0.212799072265625 0.407012939453125 -0.128799438476563 -0.210067749023437
-0.107940673828125 0.428802490234375 -0.244537353515625 -0.0332946777343749
0.11834716796875 0.36602783203125 -0.147476196289063 0.116806030273438
0.202362060546875 0.379669189453125 -0.057647705078125 0.214813232421875
0.253997802734375 0.282196044921875 -0.0161285400390625 0.2308349609375
0.30999755859375 0.255157470703125 -0.12274169921875 0.373321533203125
0.109893798828125 0.157882690429688 0.580078125 0.14874267578125
0.030914306640625 0.163162231445313 0.410125732421875 0.157379150390625
0.00469970703125 0.174942016601563 0.176345825195313 0.111663818359375
-0.0737075805664062 0.121803283691406 0.200149536132813 0.026763916015625
-0.140945434570313 0.11328125 0.276214599609375 -0.144866943359375
-0.170654296875 0.144927978515625 0.41741943359375 -0.2933349609375
-0.171051025390625 0.1292724609375 0.46063232421875 -0.42193603515625
-0.209808349609375 0.122161865234375 0.38580322265625 -0.41162109375
-0.180618286132812 0.195755004882813 0.111236572265625 -0.41644287109375
-0.11114501953125 0.213394165039062 -0.134490966796875 -0.304229736328125
-0.0518951416015625 0.220260620117187 -0.259536743164063 -0.0728912353515624
0.075958251953125 0.189208984375 -0.144927978515625 0.130538940429688
0.123748779296875 0.209304809570313 -0.025787353515625 0.253143310546875
0.13677978515625 0.1572265625 0.0660552978515625 0.278411865234375
0.171798706054688 0.14849853515625 -0.02801513671875 0.438568115234375
0.0299758911132813 0.000352859497070313 -0.062225341796875 -0.424224853515625
-0.0179805755615234 -0.00348472595214844 -0.123504638671875 -0.320587158203125
-0.0223045349121094 -0.000413894653320315 0.00355529785156248 -0.263092041015625
-0.0299949645996094 0.00095748901367188 0.1324462890625 -0.145339965820313
-0.0280132293701172 0.0126628875732422 0.211151123046875 0.0847930908203125
-0.00715303421020508 -0.00586605072021484 0.149627685546875 0.28790283203125
0.00458383560180664 0.00204181671142578 -0.108123779296875 0.433502197265625
0.00480079650878906 -0.0134458541870117 -0.37701416015625 0.407928466796875
0.0299148559570313 -0.0139350891113281 -0.460113525390625 0.42913818359375
0.00623559951782227 0.00723123550415039 -0.411529541015625 0.317413330078125
0.00216484069824219 0.0238132476806641 -0.24639892578125 0.16552734375
-0.0202102661132813 0.00142860412597656 -0.165023803710937 -0.0113525390625
-0.0119409561157227 0.000842094421386721 -0.172683715820312 -0.137741088867188
0.00969409942626953 -0.0170841217041016 -0.356658935546875 -0.166259765625
0.0255908966064453 -0.0240688323974609 -0.60528564453125 -0.1971435546875
0.213912963867188 0.110000610351563 -0.03045654296875 -0.425445556640625
0.130966186523438 0.127853393554688 -0.0899658203124999 -0.3448486328125
0.123214721679688 0.186920166015625 0.039276123046875 -0.274993896484375
0.0142059326171875 0.214096069335937 0.160934448242188 -0.164901733398438
-0.086639404296875 0.240432739257813 0.21124267578125 0.0608062744140625
-0.116653442382813 0.225723266601562 0.164321899414063 0.261749267578125
-0.145309448242187 0.210952758789063 -0.087310791015625 0.398193359375
-0.203903198242188 0.125762939453125 -0.332061767578125 0.379150390625
-0.1571044921875 0.140182495117188 -0.41162109375 0.417572021484375
-0.16064453125 0.140853881835938 -0.38055419921875 0.32049560546875
-0.147659301757812 0.151947021484375 -0.240234375 0.1669921875
-0.089752197265625 0.133468627929688 -0.164825439453125 -0.00485229492187497
-0.0454864501953125 0.15447998046875 -0.17144775390625 -0.123703002929687
0.039398193359375 0.142120361328125 -0.353790283203125 -0.157379150390625
0.131309509277344 0.125999450683594 -0.6015625 -0.169189453125
0.35595703125 0.219696044921875 0.06024169921875 -0.3941650390625
0.23663330078125 0.257980346679688 0.00595092773437505 -0.341522216796875
0.22003173828125 0.369659423828125 0.103073120117188 -0.266281127929688
0.0198974609375 0.409576416015625 0.203323364257813 -0.177932739257812
-0.173095703125 0.43524169921875 0.215927124023438 0.0107421875
-0.23736572265625 0.418243408203125 0.189056396484375 0.179595947265625
-0.28558349609375 0.376495361328125 -0.0322265625 0.289306640625
-0.38299560546875 0.242919921875 -0.23638916015625 0.2879638671875
-0.31585693359375 0.28936767578125 -0.31768798828125 0.35211181640625
-0.2974853515625 0.295257568359375 -0.324737548828125 0.295928955078125
-0.25897216796875 0.31219482421875 -0.231399536132813 0.16265869140625
-0.111907958984375 0.288970947265625 -0.172744750976563 0.0132598876953125
-0.02923583984375 0.318023681640625 -0.186599731445313 -0.0817718505859375
0.0999755859375 0.285797119140625 -0.3487548828125 -0.10662841796875
0.23663330078125 0.252059936523438 -0.56744384765625 -0.0877685546875001
0.42657470703125 0.306427001953125 0.19354248046875 -0.315032958984375
0.271148681640625 0.36566162109375 0.142486572265625 -0.290313720703125
0.23577880859375 0.512237548828125 0.178543090820313 -0.21917724609375
-0.0252990722656251 0.540435791015625 0.250778198242188 -0.168899536132813
-0.274749755859375 0.546722412109375 0.232086181640625 -0.056793212890625
-0.352996826171875 0.53009033203125 0.230484008789063 0.05291748046875
-0.395263671875 0.46954345703125 0.0551605224609375 0.123313903808594
-0.501251220703125 0.319732666015625 -0.10247802734375 0.146041870117188
-0.418060302734375 0.41595458984375 -0.19500732421875 0.230377197265625
-0.37091064453125 0.44549560546875 -0.25006103515625 0.221221923828125
-0.29901123046875 0.479766845703125 -0.220489501953125 0.141021728515625
-0.062103271484375 0.440093994140625 -0.175643920898438 0.0420989990234375
0.04766845703125 0.46044921875 -0.189849853515625 -0.00947570800781248
0.19024658203125 0.38525390625 -0.316375732421875 -0.021728515625
0.33038330078125 0.33453369140625 -0.49359130859375 0.0272216796875001
0.419647216796875 0.35162353515625 0.33624267578125 -0.20123291015625
0.233795166015625 0.4200439453125 0.278945922851563 -0.185958862304687
0.1717529296875 0.5654296875 0.238479614257813 -0.131668090820313
-0.10333251953125 0.55804443359375 0.285186767578125 -0.1273193359375
-0.35699462890625 0.543670654296875 0.256546020507812 -0.116943359375
-0.42578125 0.532318115234375 0.29083251953125 -0.0836181640625
-0.447479248046875 0.474761962890625 0.169509887695312 -0.06024169921875
-0.546142578125 0.349090576171875 0.0480270385742187 -0.0207138061523437
-0.449493408203125 0.48577880859375 -0.0747146606445313 0.0570907592773438
-0.365814208984375 0.537933349609375 -0.182815551757813 0.0896911621093751
-0.2569580078125 0.5843505859375 -0.21832275390625 0.0918731689453126
0.0313720703125 0.518890380859375 -0.1693115234375 0.0734863281250001
0.15240478515625 0.529632568359375 -0.162246704101562 0.0781707763671875
0.27447509765625 0.41558837890625 -0.239913940429687 0.0775909423828125
0.388916015625 0.35791015625 -0.38311767578125 0.156585693359375
0.347076416015625 0.339263916015625 0.4569091796875 -0.066986083984375
0.155731201171875 0.393585205078125 0.372222900390625 -0.053680419921875
0.078521728515625 0.501800537109375 0.252731323242188 -0.0266876220703125
-0.1572265625 0.45513916015625 0.284332275390625 -0.064910888671875
-0.36468505859375 0.423187255859375 0.2769775390625 -0.149948120117187
-0.416900634765625 0.438018798828125 0.356781005859375 -0.1951904296875
-0.42242431640625 0.40216064453125 0.2916259765625 -0.227386474609375
-0.503173828125 0.3221435546875 0.193008422851562 -0.186355590820312
-0.4071044921875 0.470947265625 0.0198822021484375 -0.1348876953125
-0.298309326171875 0.52960205078125 -0.143600463867188 -0.0674591064453125
-0.17425537109375 0.5645751953125 -0.227569580078125 0.028472900390625
0.10992431640625 0.487884521484375 -0.156509399414063 0.0997161865234375
0.220794677734375 0.495758056640625 -0.1087646484375 0.1575927734375
0.306488037109375 0.374053955078125 -0.127197265625 0.165496826171875
0.38818359375 0.326324462890625 -0.246383666992188 0.279586791992188
0.235504150390625 0.2691650390625 0.5341796875 0.05657958984375
0.07989501953125 0.297027587890625 0.408416748046875 0.07025146484375
0.015472412109375 0.349517822265625 0.221527099609375 0.0615081787109375
-0.143646240234375 0.2838134765625 0.246444702148438 -0.00698852539062498
-0.280685424804688 0.259674072265625 0.28179931640625 -0.155303955078125
-0.320404052734375 0.2926025390625 0.398345947265625 -0.26300048828125
-0.32208251953125 0.276397705078125 0.39410400390625 -0.35205078125
-0.3826904296875 0.24383544921875 0.309844970703125 -0.323486328125
-0.30999755859375 0.368438720703125 0.07977294921875 -0.303802490234375
-0.205810546875 0.40838623046875 -0.13116455078125 -0.207748413085937
-0.100555419921875 0.42987060546875 -0.244186401367188 -0.029449462890625
0.12353515625 0.36285400390625 -0.145309448242188 0.118316650390625
0.207427978515625 0.375 -0.054290771484375 0.215118408203125
0.257476806640625 0.27911376953125 -0.01312255859375 0.230499267578125
0.31292724609375 0.24951171875 -0.117645263671875 0.37457275390625
0.111434936523438 0.155319213867188 0.57958984375 0.1383056640625
0.03253173828125 0.161956787109375 0.410980224609375 0.15087890625
0.00735473632812502 0.173019409179688 0.177230834960938 0.109619140625
-0.0712432861328125 0.12237548828125 0.200515747070313 0.0246734619140625
-0.138114929199219 0.114799499511719 0.272994995117188 -0.147979736328125
-0.166915893554688 0.146759033203125 0.411376953125 -0.298675537109375
-0.168594360351563 0.131179809570312 0.45294189453125 -0.42626953125
-0.207504272460938 0.124252319335938 0.38079833984375 -0.416351318359375
-0.176773071289063 0.197799682617187 0.10595703125 -0.4166259765625
-0.107406616210937 0.213836669921875 -0.13873291015625 -0.301483154296875
-0.0484161376953125 0.22100830078125 -0.259918212890625 -0.0688629150390625
0.078033447265625 0.187088012695313 -0.14239501953125 0.132080078125
0.126754760742188 0.206802368164063 -0.02117919921875 0.25250244140625
0.139007568359375 0.155227661132813 0.0700531005859375 0.276412963867187
0.173675537109375 0.144989013671875 -0.02093505859375 0.437225341796875
0.0294284820556641 -0.00129508972167969 -0.0667724609375 -0.42108154296875
-0.0180587768554688 -0.00296401977539062 -0.127410888671875 -0.316375732421875
-0.0223884582519531 0.000465393066406249 -0.00132751464843751 -0.261550903320313
-0.0308094024658203 0.00172233581542969 0.129180908203125 -0.14678955078125
-0.0275802612304688 0.0133152008056641 0.211944580078125 0.08087158203125
-0.00687789916992187 -0.00557756423950195 0.15325927734375 0.282470703125
0.00442314147949219 0.00229692459106445 -0.1026611328125 0.430877685546875
0.00438308715820313 -0.0134716033935547 -0.370941162109375 0.41162109375
0.029449462890625 -0.0150337219238281 -0.4512939453125 0.43414306640625
0.00635862350463867 0.00679922103881836 -0.403778076171875 0.32171630859375
0.00269889831542968 0.0234012603759766 -0.24273681640625 0.167434692382813
-0.0203170776367188 0.00205039978027344 -0.16448974609375 -0.00813293457031253
-0.0116243362426758 0.0010061264038086 -0.173660278320312 -0.133590698242188
0.009368896484375 -0.0170116424560547 -0.358367919921875 -0.160919189453125
0.0250129699707031 -0.0251712799072266 -0.60516357421875 -0.186767578125
0.2139892578125 0.105911254882813 -0.037384033203125 -0.422637939453125
0.131927490234375 0.125541687011719 -0.0955810546875 -0.3408203125
0.124923706054687 0.184127807617188 0.034515380859375 -0.275299072265625
0.0169830322265625 0.213180541992188 0.15753173828125 -0.165969848632813
-0.0830078125 0.241043090820313 0.21173095703125 0.0574493408203125
-0.112518310546875 0.226730346679688 0.167068481445313 0.256484985351563
-0.1407470703125 0.211776733398438 -0.081146240234375 0.3980712890625
-0.200851440429688 0.127609252929687 -0.32550048828125 0.380859375
-0.1544189453125 0.140701293945313 -0.403594970703125 0.42071533203125
-0.157577514648438 0.14239501953125 -0.3736572265625 0.32537841796875
-0.143478393554687 0.153732299804688 -0.236129760742188 0.16943359375
-0.087493896484375 0.134452819824219 -0.164154052734375 -0.00192260742187503
-0.0428009033203125 0.154617309570313 -0.17266845703125 -0.119766235351563
0.040435791015625 0.141464233398438 -0.35467529296875 -0.14984130859375
0.132530212402344 0.122764587402344 -0.5999755859375 -0.15765380859375
0.3564453125 0.211822509765625 0.053802490234375 -0.392181396484375
0.239242553710938 0.254196166992188 9.15527343750506E-05 -0.338470458984375
0.22412109375 0.364959716796875 0.0982513427734375 -0.266921997070313
0.025390625 0.40667724609375 0.199127197265625 -0.180099487304688
-0.1646728515625 0.436798095703125 0.215789794921875 0.00801086425781253
-0.229095458984375 0.420166015625 0.190505981445312 0.174026489257813
-0.278167724609375 0.3787841796875 -0.029266357421875 0.288360595703125
-0.377197265625 0.247161865234375 -0.23193359375 0.28790283203125
-0.3095703125 0.293182373046875 -0.310211181640625 0.3551025390625
-0.29107666015625 0.29736328125 -0.319122314453125 0.298675537109375
-0.2532958984375 0.31427001953125 -0.227462768554688 0.165298461914063
-0.107208251953125 0.289703369140625 -0.171783447265625 0.0164794921875001
-0.025146484375 0.3172607421875 -0.186676025390625 -0.078125
0.102325439453125 0.283172607421875 -0.3497314453125 -0.100738525390625
0.239700317382813 0.247894287109375 -0.5657958984375 -0.0794677734374999
0.42816162109375 0.29803466796875 0.187744140625 -0.31695556640625
0.27471923828125 0.360931396484375 0.13677978515625 -0.2890625
0.2431640625 0.506256103515625 0.17535400390625 -0.221832275390625
-0.017669677734375 0.539276123046875 0.246856689453125 -0.170852661132812
-0.26483154296875 0.55206298828125 0.229995727539062 -0.0592498779296875
-0.342193603515625 0.5333251953125 0.230194091796875 0.0477142333984375
-0.386688232421875 0.473297119140625 0.0558624267578125 0.122222900390625
-0.495880126953125 0.326873779296875 -0.1004638671875 0.146682739257813
-0.41046142578125 0.41961669921875 -0.190444946289063 0.231155395507813
-0.361785888671875 0.447509765625 -0.245651245117188 0.224594116210937
-0.289031982421875 0.482635498046875 -0.217880249023438 0.1435546875
-0.05670166015625 0.438720703125 -0.174224853515625 0.0446929931640626
0.053253173828125 0.457916259765625 -0.18853759765625 -0.00636291503906245
0.194915771484375 0.38189697265625 -0.316375732421875 -0.0166931152343749
0.334259033203125 0.327178955078125 -0.490478515625 0.0349731445312499
0.42144775390625 0.34332275390625 0.33172607421875 -0.204132080078125
0.238616943359375 0.4132080078125 0.27410888671875 -0.188629150390625
0.179443359375 0.559417724609375 0.235931396484375 -0.135086059570312
-0.095916748046875 0.557281494140625 0.282318115234375 -0.130126953125
-0.34686279296875 0.546173095703125 0.253082275390625 -0.1195068359375
-0.413604736328125 0.53704833984375 0.28826904296875 -0.089263916015625
-0.4388427734375 0.477996826171875 0.167160034179687 -0.0626983642578125
-0.53753662109375 0.35455322265625 0.0476150512695312 -0.0213661193847656
-0.439361572265625 0.489105224609375 -0.0737075805664063 0.05718994140625
-0.35504150390625 0.542022705078125 -0.180328369140625 0.092681884765625
-0.2467041015625 0.5859375 -0.215744018554688 0.0946044921875001
0.0374755859375 0.516265869140625 -0.167404174804688 0.075714111328125
0.158111572265625 0.52557373046875 -0.159500122070313 0.0804443359375001
0.278778076171875 0.411651611328125 -0.238754272460937 0.0805816650390625
0.393096923828125 0.350982666015625 -0.379119873046875 0.16253662109375
0.3494873046875 0.33172607421875 0.452362060546875 -0.0733642578125
0.15960693359375 0.38885498046875 0.369232177734375 -0.058319091796875
0.08642578125 0.496826171875 0.251617431640625 -0.02984619140625
-0.150146484375 0.455078125 0.28204345703125 -0.06793212890625
-0.355499267578125 0.4283447265625 0.273208618164063 -0.153182983398437
-0.407440185546875 0.441802978515625 0.351806640625 -0.201019287109375
-0.414459228515625 0.4053955078125 0.287445068359375 -0.23004150390625
-0.49603271484375 0.328125 0.190017700195312 -0.187820434570312
-0.3984375 0.47406005859375 0.0180206298828125 -0.135231018066406
-0.289215087890625 0.530609130859375 -0.144073486328125 -0.06475830078125
-0.165771484375 0.5662841796875 -0.226409912109375 0.0324096679687501
0.115203857421875 0.48492431640625 -0.154464721679687 0.1014404296875
0.226837158203125 0.489593505859375 -0.106033325195312 0.157821655273438
0.310150146484375 0.368865966796875 -0.12518310546875 0.166793823242188
0.392852783203125 0.319244384765625 -0.242279052734375 0.28289794921875
0.236846923828125 0.262557983398438 0.532958984375 0.0478515625
0.08282470703125 0.2945556640625 0.40716552734375 0.064300537109375
0.02056884765625 0.34649658203125 0.220962524414063 0.0589141845703125
-0.139129638671875 0.284271240234375 0.245223999023437 -0.00973510742187498
-0.27484130859375 0.2625732421875 0.2777099609375 -0.158477783203125
-0.314361572265625 0.294464111328125 0.39263916015625 -0.2696533203125
-0.317047119140625 0.27978515625 0.3861083984375 -0.35467529296875
-0.37725830078125 0.24847412109375 0.3043212890625 -0.326171875
-0.30328369140625 0.371551513671875 0.07513427734375 -0.303558349609375
-0.197540283203125 0.409515380859375 -0.133941650390625 -0.204498291015625
-0.09405517578125 0.42938232421875 -0.243087768554688 -0.025146484375
0.128265380859375 0.360107421875 -0.142608642578125 0.119430541992188
0.213592529296875 0.36956787109375 -0.0502777099609375 0.21429443359375
0.260177612304688 0.274154663085938 -0.0106353759765625 0.22967529296875
0.31488037109375 0.243865966796875 -0.11029052734375 0.374969482421875
0.113037109375 0.15191650390625 0.57904052734375 0.1292724609375
0.03472900390625 0.160385131835938 0.411865234375 0.1424560546875
0.009857177734375 0.171585083007813 0.178115844726563 0.107330322265625
-0.0690383911132813 0.122528076171875 0.200027465820313 0.0224761962890625
-0.134819030761719 0.11639404296875 0.26904296875 -0.149826049804688
-0.163543701171875 0.14727783203125 0.4033203125 -0.30279541015625
-0.16650390625 0.1317138671875 0.444671630859375 -0.43133544921875
-0.204925537109375 0.126968383789062 0.374664306640625 -0.4190673828125
-0.172943115234375 0.199310302734375 0.10028076171875 -0.41650390625
-0.103073120117188 0.21429443359375 -0.14239501953125 -0.29736328125
-0.0449066162109375 0.220809936523438 -0.259979248046875 -0.064788818359375
0.080047607421875 0.185028076171875 -0.139457702636719 0.1326904296875
0.129623413085938 0.20355224609375 -0.0172119140625 0.251174926757812
0.140518188476563 0.153350830078125 0.07281494140625 0.273910522460938
0.175643920898438 0.140975952148438 -0.01422119140625 0.435394287109375
0.0287094116210938 -0.0017242431640625 -0.072357177734375 -0.41656494140625
-0.0179386138916016 -0.0026092529296875 -0.131591796875 -0.31182861328125
-0.0224857330322266 0.00116729736328125 -0.00573730468749998 -0.2608642578125
-0.0314121246337891 0.00257492065429688 0.1256103515625 -0.147216796875
-0.0269451141357422 0.0136585235595703 0.21173095703125 0.0783843994140625
-0.00700139999389648 -0.00549983978271485 0.155624389648437 0.277618408203125
0.00469779968261719 0.00186777114868164 -0.0975341796875001 0.42919921875
0.00422000885009766 -0.0135707855224609 -0.3662109375 0.412811279296875
0.0284805297851562 -0.0162773132324219 -0.442901611328125 0.436126708984375
0.00659656524658203 0.00654125213623047 -0.396881103515625 0.325927734375
0.00307464599609375 0.0235652923583984 -0.23822021484375 0.170028686523437
-0.0197963714599609 0.00229263305664062 -0.163787841796875 -0.00561523437500001
-0.0115032196044922 0.00177955627441406 -0.174362182617187 -0.1300048828125
0.00901031494140625 -0.0172748565673828 -0.3568115234375 -0.15399169921875
0.0247268676757813 -0.0254840850830078 -0.60260009765625 -0.17706298828125
0.21337890625 0.1011962890625 -0.04254150390625 -0.419036865234375
0.132675170898438 0.123092651367188 -0.099517822265625 -0.3359375
0.126480102539062 0.181350708007813 0.0296783447265625 -0.274444580078125
0.0193939208984375 0.212081909179688 0.153778076171875 -0.167465209960938
-0.0787506103515625 0.241134643554688 0.21112060546875 0.0546875
-0.108612060546875 0.226364135742188 0.16876220703125 0.25164794921875
-0.137069702148438 0.212295532226562 -0.07708740234375 0.39483642578125
-0.198593139648438 0.129409790039063 -0.320098876953125 0.3828125
-0.151626586914063 0.140899658203125 -0.394805908203125 0.423065185546875
-0.154403686523438 0.143280029296875 -0.36669921875 0.327728271484375
-0.140975952148438 0.15460205078125 -0.232162475585938 0.171035766601562
-0.0858383178710937 0.135086059570313 -0.163253784179688 0.000762939453125024
-0.04046630859375 0.154495239257812 -0.172805786132813 -0.116043090820312
0.041595458984375 0.139701843261719 -0.35418701171875 -0.144256591796875
0.133338928222656 0.119979858398438 -0.59893798828125 -0.1480712890625
0.356964111328125 0.20489501953125 0.047332763671875 -0.3902587890625
0.240859985351562 0.24951171875 -0.00509643554687495 -0.33563232421875
0.227386474609375 0.35919189453125 0.094207763671875 -0.267608642578125
0.031158447265625 0.404693603515625 0.195281982421875 -0.18096923828125
-0.15716552734375 0.436981201171875 0.214691162109375 0.00549316406250003
-0.22174072265625 0.420196533203125 0.191390991210938 0.168975830078125
-0.27203369140625 0.380035400390625 -0.0255126953125 0.286285400390625
-0.371978759765625 0.251251220703125 -0.227508544921875 0.290130615234375
-0.304168701171875 0.2945556640625 -0.304351806640625 0.355804443359375
-0.284820556640625 0.29864501953125 -0.31280517578125 0.301055908203125
-0.246551513671875 0.31634521484375 -0.223876953125 0.16754150390625
-0.103302001953125 0.289764404296875 -0.170150756835938 0.0186309814453125
-0.020263671875 0.315673828125 -0.18603515625 -0.0748748779296875
0.103958129882813 0.280410766601563 -0.349029541015625 -0.094696044921875
0.242279052734375 0.2430419921875 -0.56298828125 -0.06854248046875
0.429931640625 0.288909912109375 0.181060791015625 -0.316375732421875
0.277191162109375 0.35552978515625 0.131195068359375 -0.28887939453125
0.247161865234375 0.4984130859375 0.170135498046875 -0.223220825195313
-0.0101318359375 0.535919189453125 0.243179321289063 -0.172500610351562
-0.254791259765625 0.55218505859375 0.227645874023437 -0.0613250732421875
-0.333038330078125 0.533050537109375 0.22906494140625 0.04254150390625
-0.378173828125 0.475006103515625 0.0560073852539063 0.120216369628906
-0.488525390625 0.330535888671875 -0.0986480712890625 0.146377563476563
-0.402252197265625 0.4197998046875 -0.186660766601563 0.231918334960938
-0.352691650390625 0.449920654296875 -0.240921020507813 0.226531982421875
-0.27935791015625 0.484130859375 -0.214141845703125 0.145858764648438
-0.051361083984375 0.4373779296875 -0.17230224609375 0.0467529296875
0.060089111328125 0.454345703125 -0.187271118164063 -0.0033111572265625
0.196929931640625 0.378143310546875 -0.3153076171875 -0.01251220703125
0.33709716796875 0.320831298828125 -0.487091064453125 0.0419006347656251
0.423004150390625 0.333404541015625 0.32598876953125 -0.206512451171875
0.241943359375 0.408294677734375 0.269088745117188 -0.190765380859375
0.184844970703125 0.553070068359375 0.232650756835938 -0.137496948242187
-0.0863037109375 0.554901123046875 0.279037475585937 -0.1326904296875
-0.337188720703125 0.549285888671875 0.249710083007812 -0.121505737304687
-0.404388427734375 0.53729248046875 0.285400390625 -0.093292236328125
-0.42816162109375 0.48052978515625 0.1649169921875 -0.0645904541015625
-0.530975341796875 0.35980224609375 0.0472488403320312 -0.022369384765625
-0.429901123046875 0.490081787109375 -0.0723648071289063 0.0574951171875
-0.34625244140625 0.543060302734375 -0.178070068359375 0.0950469970703125
-0.2353515625 0.58612060546875 -0.21295166015625 0.0975341796875001
0.0454406738281249 0.51312255859375 -0.165069580078125 0.0772705078125
0.16436767578125 0.518890380859375 -0.157623291015625 0.0821533203125
0.281036376953125 0.40545654296875 -0.236892700195312 0.0835418701171876
0.3955078125 0.343353271484375 -0.37481689453125 0.167083740234375
0.35113525390625 0.323089599609375 0.4482421875 -0.078857421875
0.16302490234375 0.384857177734375 0.365509033203125 -0.063079833984375
0.09259033203125 0.492523193359375 0.25006103515625 -0.032928466796875
-0.14337158203125 0.453582763671875 0.280227661132813 -0.0693359375
-0.347869873046875 0.43115234375 0.2694091796875 -0.154953002929688
-0.398040771484375 0.44293212890625 0.34613037109375 -0.205413818359375
-0.407379150390625 0.407470703125 0.28253173828125 -0.23223876953125
-0.488983154296875 0.3326416015625 0.186813354492187 -0.189071655273437
-0.389068603515625 0.475677490234375 0.0159225463867187 -0.134986877441406
-0.280303955078125 0.532684326171875 -0.1435546875 -0.0622100830078125
-0.15667724609375 0.56658935546875 -0.224578857421875 0.03533935546875
0.121124267578125 0.48040771484375 -0.152313232421875 0.102645874023438
0.23187255859375 0.481658935546875 -0.102493286132813 0.158294677734375
0.311553955078125 0.362518310546875 -0.123214721679687 0.167449951171875
0.394622802734375 0.311767578125 -0.23712158203125 0.284942626953125
0.238555908203125 0.256866455078125 0.530181884765625 0.040374755859375
0.085418701171875 0.290618896484375 0.406005859375 0.05853271484375
0.025543212890625 0.342620849609375 0.221237182617188 0.0561065673828125
-0.134124755859375 0.284210205078125 0.243789672851562 -0.01202392578125
-0.267425537109375 0.264129638671875 0.273345947265625 -0.159912109375
-0.30731201171875 0.296600341796875 0.38604736328125 -0.27301025390625
-0.31170654296875 0.280609130859375 0.379913330078125 -0.35699462890625
-0.37249755859375 0.250396728515625 0.298828125 -0.328155517578125
-0.296478271484375 0.3724365234375 0.071075439453125 -0.302215576171875
-0.19183349609375 0.409881591796875 -0.1358642578125 -0.2008056640625
-0.087432861328125 0.42919921875 -0.242324829101563 -0.0221710205078124
0.13287353515625 0.35552978515625 -0.140312194824219 0.119979858398438
0.2176513671875 0.364654541015625 -0.047119140625 0.213699340820313
0.261444091796875 0.271041870117188 -0.00851440429687499 0.228729248046875
0.318572998046875 0.238372802734375 -0.10540771484375 0.374420166015625
0.113311767578125 0.14874267578125 0.57659912109375 0.1207275390625
0.036834716796875 0.159011840820312 0.410614013671875 0.1363525390625
0.01220703125 0.169464111328125 0.17877197265625 0.104049682617188
-0.0670166015625 0.122146606445312 0.199691772460938 0.0210723876953125
-0.131690979003906 0.117485046386719 0.265060424804688 -0.152114868164062
-0.159774780273437 0.147689819335938 0.395904541015625 -0.306427001953125
-0.163787841796875 0.132308959960937 0.435791015625 -0.434173583984375
-0.202423095703125 0.128524780273438 0.367401123046875 -0.420989990234375
-0.169815063476563 0.199874877929688 0.092987060546875 -0.41461181640625
-0.100234985351563 0.214324951171875 -0.145751953125 -0.29248046875
-0.0416259765625 0.220870971679688 -0.259323120117188 -0.060455322265625
0.081787109375 0.182708740234375 -0.137306213378906 0.133415222167969
0.13201904296875 0.200546264648437 -0.013885498046875 0.249496459960937
0.141937255859375 0.151412963867188 0.074737548828125 0.270919799804687
0.176681518554687 0.137725830078125 -0.00897216796875003 0.433807373046875
0.0276699066162109 -0.00212287902832031 -0.076324462890625 -0.41424560546875
-0.0175857543945312 -0.00186920166015625 -0.133758544921875 -0.307830810546875
-0.0227451324462891 0.00184249877929687 -0.0097503662109375 -0.258544921875
-0.0317344665527344 0.00344657897949218 0.122650146484375 -0.147369384765625
-0.0267257690429688 0.0148696899414063 0.211624145507813 0.075408935546875
-0.0066986083984375 -0.00550413131713867 0.15704345703125 0.272842407226563
0.00487661361694336 0.00124216079711914 -0.09356689453125 0.4271240234375
0.00356864929199219 -0.0140771865844727 -0.357940673828125 0.41473388671875
0.02789306640625 -0.0177001953125 -0.4344482421875 0.437774658203125
0.00620126724243164 0.0060420036315918 -0.39093017578125 0.326385498046875
0.00364112854003906 0.0232048034667969 -0.234054565429687 0.170867919921875
-0.0198154449462891 0.00334548950195313 -0.162841796875 -0.00329589843750003
-0.0107412338256836 0.00278949737548828 -0.174484252929688 -0.126312255859375
0.00840473175048828 -0.0170583724975586 -0.357147216796875 -0.147735595703125
0.0244331359863281 -0.0255031585693359 -0.59991455078125 -0.16748046875
0.212417602539062 0.0972137451171875 -0.047271728515625 -0.41632080078125
0.132781982421875 0.1212158203125 -0.103363037109375 -0.331573486328125
0.12738037109375 0.178359985351563 0.02587890625 -0.273239135742188
0.0211639404296875 0.211151123046875 0.150115966796875 -0.16790771484375
-0.074951171875 0.240936279296875 0.210830688476563 0.0520172119140625
-0.104812622070313 0.225906372070313 0.1702880859375 0.246978759765625
-0.133438110351563 0.211593627929688 -0.071685791015625 0.3936767578125
-0.195571899414063 0.130477905273437 -0.31500244140625 0.38336181640625
-0.1497802734375 0.1407470703125 -0.3875732421875 0.423126220703125
-0.151535034179688 0.143325805664063 -0.360382080078125 0.32928466796875
-0.137680053710937 0.155487060546875 -0.22772216796875 0.172348022460937
-0.0834274291992187 0.135467529296875 -0.161911010742188 0.00283813476562504
-0.03826904296875 0.153945922851563 -0.17291259765625 -0.113372802734375
0.0424270629882813 0.138519287109375 -0.354248046875 -0.1383056640625
0.133895874023438 0.11749267578125 -0.59429931640625 -0.138671875
0.355865478515625 0.19805908203125 0.043365478515625 -0.38787841796875
0.241867065429687 0.244613647460938 -0.00939941406249998 -0.331756591796875
0.229339599609375 0.353546142578125 0.0897216796875001 -0.2677001953125
0.035003662109375 0.4022216796875 0.191482543945313 -0.181304931640625
-0.15093994140625 0.436126708984375 0.213653564453125 0.00302124023437503
-0.215118408203125 0.418975830078125 0.191436767578125 0.163818359375
-0.2647705078125 0.3800048828125 -0.022491455078125 0.284149169921875
-0.36712646484375 0.25341796875 -0.223663330078125 0.288970947265625
-0.297943115234375 0.2940673828125 -0.297943115234375 0.35699462890625
-0.279266357421875 0.300384521484375 -0.30645751953125 0.304107666015625
-0.240570068359375 0.31805419921875 -0.219955444335938 0.168701171875
-0.099365234375 0.28826904296875 -0.16864013671875 0.0215301513671875
-0.016326904296875 0.313995361328125 -0.185150146484375 -0.0711822509765625
0.106277465820313 0.277679443359375 -0.34857177734375 -0.090545654296875
0.243621826171875 0.237747192382813 -0.559783935546875 -0.0608215332031249
0.42803955078125 0.28125 0.17578125 -0.316314697265625
0.2783203125 0.349609375 0.126617431640625 -0.286895751953125
0.250274658203125 0.49273681640625 0.166763305664063 -0.224075317382812
-0.00372314453125005 0.53228759765625 0.23974609375 -0.174102783203125
-0.245697021484375 0.55145263671875 0.225906372070313 -0.0630340576171875
-0.324310302734375 0.5328369140625 0.227828979492187 0.037689208984375
-0.369354248046875 0.4749755859375 0.0568618774414062 0.118988037109375
-0.481475830078125 0.3338623046875 -0.0966796875 0.146636962890625
-0.394866943359375 0.422088623046875 -0.182830810546875 0.23211669921875
-0.3447265625 0.4495849609375 -0.23687744140625 0.227752685546875
-0.271240234375 0.484222412109375 -0.211318969726563 0.147262573242188
-0.04583740234375 0.434967041015625 -0.170761108398437 0.0486755371093751
0.063934326171875 0.449920654296875 -0.185516357421875 -0.000762939453124945
0.198822021484375 0.37310791015625 -0.314422607421875 -0.00784301757812492
0.33941650390625 0.314178466796875 -0.48443603515625 0.0479736328125001
0.423583984375 0.3245849609375 0.320404052734375 -0.209228515625
0.244140625 0.40277099609375 0.26434326171875 -0.19158935546875
0.190887451171875 0.5465087890625 0.2296142578125 -0.139572143554687
-0.079681396484375 0.552581787109375 0.275558471679688 -0.134017944335937
-0.326904296875 0.5484619140625 0.247314453125 -0.123428344726562
-0.394805908203125 0.53851318359375 0.28216552734375 -0.097686767578125
-0.42095947265625 0.481414794921875 0.162628173828125 -0.0662689208984375
-0.521392822265625 0.36285400390625 0.0467033386230468 -0.0226936340332031
-0.42047119140625 0.4923095703125 -0.0713348388671875 0.0578079223632813
-0.337646484375 0.54327392578125 -0.1756591796875 0.0965118408203126
-0.22808837890625 0.58575439453125 -0.210556030273438 0.10009765625
0.049652099609375 0.509368896484375 -0.163543701171875 0.0788421630859375
0.170562744140625 0.514801025390625 -0.154708862304688 0.0832977294921875
0.283721923828125 0.400390625 -0.2352294921875 0.0859527587890625
0.3985595703125 0.336273193359375 -0.37005615234375 0.172393798828125
0.35211181640625 0.3167724609375 0.445037841796875 -0.082672119140625
0.165985107421875 0.380035400390625 0.361663818359375 -0.066253662109375
0.0963745117187501 0.4869384765625 0.248077392578125 -0.0352783203125
-0.13671875 0.451629638671875 0.277801513671875 -0.071533203125
-0.339508056640625 0.43157958984375 0.2662353515625 -0.156265258789062
-0.38946533203125 0.444244384765625 0.341522216796875 -0.209136962890625
-0.399017333984375 0.408599853515625 0.27734375 -0.233993530273437
-0.48077392578125 0.334808349609375 0.184310913085937 -0.190582275390625
-0.38153076171875 0.477783203125 0.0142364501953125 -0.134407043457031
-0.27191162109375 0.5311279296875 -0.143569946289063 -0.0599365234375
-0.149169921875 0.56512451171875 -0.222412109375 0.038299560546875
0.125457763671875 0.475799560546875 -0.1500244140625 0.10357666015625
0.236602783203125 0.477142333984375 -0.09979248046875 0.158187866210938
0.3134765625 0.358367919921875 -0.121353149414062 0.167724609375
0.395538330078125 0.30462646484375 -0.232330322265625 0.287109375
0.240493774414063 0.251251220703125 0.52581787109375 0.0352783203125
0.08795166015625 0.28826904296875 0.402923583984375 0.052947998046875
0.029449462890625 0.338653564453125 0.22027587890625 0.053436279296875
-0.1295166015625 0.283050537109375 0.242584228515625 -0.013458251953125
-0.262725830078125 0.265365600585937 0.269577026367188 -0.161407470703125
-0.30120849609375 0.297027587890625 0.3795166015625 -0.27606201171875
-0.30682373046875 0.282318115234375 0.3720703125 -0.3590087890625
-0.367034912109375 0.25244140625 0.293670654296875 -0.32989501953125
-0.28997802734375 0.373779296875 0.06671142578125 -0.30084228515625
-0.18658447265625 0.40985107421875 -0.137069702148438 -0.197128295898437
-0.08148193359375 0.42779541015625 -0.240707397460938 -0.0185699462890624
0.13519287109375 0.3514404296875 -0.138168334960938 0.120277404785156
0.220916748046875 0.359466552734375 -0.0440673828125 0.21246337890625
0.26312255859375 0.266510009765625 -0.0067596435546875 0.226760864257813
0.3184814453125 0.23297119140625 -0.101837158203125 0.37274169921875
0.114105224609375 0.14605712890625 0.5736083984375 0.113525390625
0.0378570556640625 0.157058715820313 0.408477783203125 0.128997802734375
0.0145111083984375 0.167449951171875 0.178436279296875 0.102447509765625
-0.0649185180664063 0.122047424316406 0.199142456054688 0.0191650390625
-0.128509521484375 0.117851257324219 0.260787963867188 -0.15374755859375
-0.156570434570312 0.148162841796875 0.388885498046875 -0.30792236328125
-0.1614990234375 0.132614135742188 0.428802490234375 -0.4351806640625
-0.19976806640625 0.12908935546875 0.361602783203125 -0.42218017578125
-0.165786743164063 0.200912475585937 0.08868408203125 -0.411224365234375
-0.09649658203125 0.214324951171875 -0.147796630859375 -0.288360595703125
-0.039398193359375 0.220367431640625 -0.258392333984375 -0.0567474365234375
0.0832366943359375 0.180145263671875 -0.134933471679688 0.133247375488281
0.133712768554688 0.197265625 -0.0109405517578125 0.247955322265625
0.142929077148438 0.14910888671875 0.077056884765625 0.267852783203125
0.176956176757813 0.134048461914063 -0.00527954101562495 0.429931640625
0.0269641876220703 -0.00292205810546875 -0.07928466796875 -0.41143798828125
-0.017822265625 -0.00129127502441407 -0.13568115234375 -0.303009033203125
-0.0226612091064453 0.00304222106933594 -0.0129241943359375 -0.256301879882812
-0.0320892333984375 0.00412559509277343 0.119232177734375 -0.147216796875
-0.0268516540527344 0.0151004791259766 0.211212158203125 0.072662353515625
-0.00647592544555664 -0.00563907623291016 0.158676147460938 0.267730712890625
0.00471878051757813 0.00127601623535156 -0.08740234375 0.4234619140625
0.00348377227783203 -0.0141677856445313 -0.353668212890625 0.414886474609375
0.0268344879150391 -0.0180530548095703 -0.425140380859375 0.43927001953125
0.00615549087524414 0.00575351715087891 -0.381988525390625 0.327728271484375
0.00432395935058594 0.0230236053466797 -0.230239868164062 0.171951293945313
-0.0199203491210938 0.00399208068847657 -0.161666870117188 -0.000839233398437521
-0.0104055404663086 0.00320720672607422 -0.173965454101563 -0.123031616210937
0.00800514221191406 -0.0175552368164063 -0.3558349609375 -0.143524169921875
0.0238571166992188 -0.0261859893798828 -0.5953369140625 -0.15863037109375
0.211227416992188 0.0938568115234375 -0.0507202148437499 -0.412384033203125
0.132637023925781 0.119377136230469 -0.10546875 -0.326812744140625
0.127777099609375 0.176345825195313 0.0218963623046875 -0.272186279296875
0.022003173828125 0.20965576171875 0.147232055664063 -0.167587280273438
-0.0717315673828125 0.240036010742188 0.20977783203125 0.04962158203125
-0.101730346679687 0.224884033203125 0.17138671875 0.241958618164063
-0.130142211914063 0.211380004882813 -0.068389892578125 0.390350341796875
-0.193161010742188 0.131484985351563 -0.308685302734375 0.383331298828125
-0.147369384765625 0.14019775390625 -0.379791259765625 0.422760009765625
-0.148757934570313 0.143417358398437 -0.353790283203125 0.328887939453125
-0.134613037109375 0.155731201171875 -0.2239990234375 0.172927856445313
-0.0822601318359375 0.135505676269531 -0.160491943359375 0.00537109375000001
-0.03631591796875 0.153884887695313 -0.172409057617188 -0.109390258789063
0.042449951171875 0.1365966796875 -0.35382080078125 -0.13336181640625
0.1346435546875 0.114555358886719 -0.59149169921875 -0.13128662109375
0.35430908203125 0.192413330078125 0.038055419921875 -0.385406494140625
0.24212646484375 0.240325927734375 -0.013946533203125 -0.327117919921875
0.23175048828125 0.347747802734375 0.0854644775390625 -0.266876220703125
0.037811279296875 0.399322509765625 0.188140869140625 -0.181991577148437
-0.14508056640625 0.43597412109375 0.212249755859375 0.00103759765625003
-0.208953857421875 0.417633056640625 0.191665649414063 0.15924072265625
-0.258087158203125 0.37939453125 -0.020416259765625 0.28167724609375
-0.361968994140625 0.253143310546875 -0.2196044921875 0.290496826171875
-0.293212890625 0.293975830078125 -0.29168701171875 0.354827880859375
-0.272613525390625 0.2987060546875 -0.300628662109375 0.30340576171875
-0.23583984375 0.317840576171875 -0.216354370117188 0.16973876953125
-0.096221923828125 0.28759765625 -0.167205810546875 0.023284912109375
-0.012664794921875 0.3114013671875 -0.184616088867188 -0.068359375
0.10693359375 0.274429321289063 -0.34710693359375 -0.085723876953125
0.244476318359375 0.232833862304688 -0.55621337890625 -0.0540466308593749
0.42791748046875 0.27252197265625 0.171173095703125 -0.315643310546875
0.279510498046875 0.34454345703125 0.121124267578125 -0.285003662109375
0.2525634765625 0.485260009765625 0.163055419921875 -0.22564697265625
0.000732421874999949 0.52911376953125 0.236312866210938 -0.174774169921875
-0.238006591796875 0.550689697265625 0.2235107421875 -0.064697265625
-0.315643310546875 0.531982421875 0.225723266601563 0.03369140625
-0.361419677734375 0.4732666015625 0.0568771362304687 0.117118835449219
-0.473876953125 0.33575439453125 -0.0951843261718751 0.145828247070313
-0.3875732421875 0.42144775390625 -0.179031372070312 0.230880737304688
-0.33642578125 0.44964599609375 -0.232711791992188 0.228286743164063
-0.265716552734375 0.483642578125 -0.208282470703125 0.148406982421875
-0.041839599609375 0.432708740234375 -0.169021606445313 0.0502166748046875
0.067474365234375 0.44561767578125 -0.183273315429688 0.00126647949218757
0.19952392578125 0.369354248046875 -0.312957763671875 -0.00454711914062499
0.339111328125 0.30743408203125 -0.47991943359375 0.0531921386718749
0.421783447265625 0.317840576171875 0.31585693359375 -0.210845947265625
0.24560546875 0.397308349609375 0.25970458984375 -0.192306518554687
0.193267822265625 0.539398193359375 0.226242065429687 -0.14129638671875
-0.0741271972656251 0.54901123046875 0.27294921875 -0.135391235351562
-0.31817626953125 0.548309326171875 0.243850708007812 -0.123870849609375
-0.385223388671875 0.535125732421875 0.278472900390625 -0.100677490234375
-0.412628173828125 0.480865478515625 0.160446166992187 -0.067169189453125
-0.517120361328125 0.36297607421875 0.0457229614257812 -0.023193359375
-0.413360595703125 0.491851806640625 -0.0702133178710938 0.0575790405273438
-0.328277587890625 0.540069580078125 -0.1734619140625 0.0979766845703125
-0.22119140625 0.5853271484375 -0.207443237304687 0.101470947265625
0.0545654296875 0.50506591796875 -0.161224365234375 0.0796203613281251
0.174591064453125 0.50799560546875 -0.152725219726562 0.083984375
0.282958984375 0.39617919921875 -0.233551025390625 0.08831787109375
0.398529052734375 0.328399658203125 -0.36590576171875 0.175567626953125
0.351776123046875 0.308929443359375 0.438720703125 -0.087127685546875
0.167724609375 0.37481689453125 0.358734130859375 -0.069183349609375
0.100311279296875 0.479949951171875 0.24615478515625 -0.0376739501953125
-0.131195068359375 0.449371337890625 0.275375366210938 -0.0731353759765625
-0.3306884765625 0.431854248046875 0.262161254882813 -0.156982421875
-0.381378173828125 0.443695068359375 0.33642578125 -0.210693359375
-0.39154052734375 0.4075927734375 0.2724609375 -0.234573364257812
-0.47412109375 0.337615966796875 0.181137084960937 -0.190750122070312
-0.374420166015625 0.477447509765625 0.0123672485351562 -0.133140563964844
-0.26324462890625 0.529083251953125 -0.142898559570313 -0.0569152832031249
-0.1416015625 0.56268310546875 -0.219818115234375 0.0402374267578125
0.130096435546875 0.47003173828125 -0.147735595703125 0.104232788085938
0.240020751953125 0.4700927734375 -0.0969238281249999 0.157943725585938
0.31475830078125 0.352325439453125 -0.119552612304687 0.167922973632813
0.39666748046875 0.29730224609375 -0.227813720703125 0.2872314453125
0.239334106445313 0.24505615234375 0.5208740234375 0.028564453125
0.088958740234375 0.285125732421875 0.39984130859375 0.0487060546875
0.032470703125 0.3350830078125 0.219558715820313 0.0508880615234375
-0.126312255859375 0.2821044921875 0.240768432617188 -0.0155181884765625
-0.257308959960938 0.265396118164062 0.2657470703125 -0.162261962890625
-0.29547119140625 0.2957763671875 0.3726806640625 -0.277008056640625
-0.300140380859375 0.28118896484375 0.3662109375 -0.3592529296875
-0.36181640625 0.25384521484375 0.28948974609375 -0.33038330078125
-0.2838134765625 0.373443603515625 0.063629150390625 -0.2991943359375
-0.17919921875 0.407501220703125 -0.137908935546875 -0.194183349609375
-0.076934814453125 0.42572021484375 -0.238876342773437 -0.015899658203125
0.1376953125 0.34716796875 -0.135528564453125 0.120338439941406
0.222747802734375 0.354278564453125 -0.0414581298828125 0.210891723632813
0.263824462890625 0.262451171875 -0.00517272949218751 0.224746704101563
0.31988525390625 0.225830078125 -0.098175048828125 0.37237548828125
0.115249633789062 0.143142700195313 0.569580078125 0.10662841796875
0.0385284423828125 0.155319213867188 0.4073486328125 0.12322998046875
0.0159149169921875 0.164581298828125 0.177993774414063 0.100753784179688
-0.0630340576171875 0.121040344238281 0.1982421875 0.0181427001953125
-0.125534057617187 0.118171691894531 0.256072998046875 -0.154281616210938
-0.152862548828125 0.14727783203125 0.381500244140625 -0.308258056640625
-0.15924072265625 0.132278442382813 0.420562744140625 -0.436187744140625
-0.19708251953125 0.129974365234375 0.356292724609375 -0.423004150390625
-0.161941528320313 0.200775146484375 0.083343505859375 -0.40887451171875
-0.093505859375 0.212936401367187 -0.14984130859375 -0.284027099609375
-0.036346435546875 0.219696044921875 -0.256912231445313 -0.0533905029296875
0.0841827392578125 0.177780151367188 -0.132179260253906 0.133354187011719
0.135360717773438 0.194320678710938 -0.007415771484375 0.245376586914063
0.143844604492188 0.14764404296875 0.0779571533203125 0.264617919921875
0.177825927734375 0.130447387695313 -0.000823974609374959 0.427276611328125
0.0258293151855469 -0.00354576110839844 -0.081787109375 -0.405487060546875
-0.0176715850830078 -0.000518798828124998 -0.137115478515625 -0.29864501953125
-0.0225944519042969 0.00328826904296875 -0.015228271484375 -0.254486083984375
-0.0323944091796875 0.00501060485839843 0.116607666015625 -0.146484375
-0.0259609222412109 0.0159530639648438 0.2099609375 0.069732666015625
-0.0065765380859375 -0.00491952896118164 0.15899658203125 0.262786865234375
0.00461387634277344 0.000898361206054688 -0.08599853515625 0.420440673828125
0.00331497192382812 -0.0139989852905273 -0.34796142578125 0.414306640625
0.0255546569824219 -0.0185413360595703 -0.417938232421875 0.4373779296875
0.00639820098876953 0.00563621520996094 -0.37469482421875 0.3287353515625
0.00473403930664063 0.0228652954101563 -0.226516723632812 0.1724853515625
-0.0196323394775391 0.00499916076660156 -0.160018920898437 0.001434326171875
-0.0100297927856445 0.00383853912353516 -0.173934936523438 -0.119827270507813
0.00752544403076172 -0.0174026489257813 -0.353240966796875 -0.138671875
0.023193359375 -0.026214599609375 -0.59100341796875 -0.15234375
0.209335327148437 0.090545654296875 -0.054351806640625 -0.408111572265625
0.132148742675781 0.117271423339844 -0.107574462890625 -0.321563720703125
0.127838134765625 0.173370361328125 0.0192413330078125 -0.270477294921875
0.023406982421875 0.20849609375 0.144439697265625 -0.167510986328125
-0.0683441162109375 0.239639282226563 0.208999633789063 0.047332763671875
-0.0986785888671875 0.224075317382813 0.1712646484375 0.236785888671875
-0.126434326171875 0.210006713867188 -0.06561279296875 0.38671875
-0.190444946289063 0.130859375 -0.304931640625 0.382537841796875
-0.144622802734375 0.139434814453125 -0.37274169921875 0.421356201171875
-0.145736694335938 0.14300537109375 -0.3482666015625 0.328765869140625
-0.1317138671875 0.15545654296875 -0.220291137695312 0.172866821289063
-0.0801620483398438 0.135490417480469 -0.1595458984375 0.00703430175781253
-0.0345916748046875 0.15301513671875 -0.171371459960938 -0.106246948242187
0.0427093505859375 0.135581970214844 -0.35174560546875 -0.12957763671875
0.134315490722656 0.112548828125 -0.58709716796875 -0.1246337890625
0.352294921875 0.186004638671875 0.032684326171875 -0.38116455078125
0.241287231445313 0.236862182617188 -0.0162353515625 -0.3233642578125
0.23175048828125 0.34307861328125 0.0822906494140625 -0.265762329101563
0.04132080078125 0.395843505859375 0.185104370117188 -0.181350708007813
-0.13818359375 0.433685302734375 0.210708618164063 -0.000610351562499973
-0.204010009765625 0.4161376953125 0.190567016601563 0.154876708984375
-0.25250244140625 0.3779296875 -0.018829345703125 0.2789306640625
-0.355987548828125 0.25408935546875 -0.21612548828125 0.28875732421875
-0.288330078125 0.293792724609375 -0.286529541015625 0.35491943359375
-0.2684326171875 0.29827880859375 -0.295684814453125 0.303192138671875
-0.230438232421875 0.3179931640625 -0.213134765625 0.169723510742188
-0.093719482421875 0.285919189453125 -0.165802001953125 0.024871826171875
-0.01031494140625 0.30950927734375 -0.183029174804688 -0.0658111572265625
0.107894897460938 0.271926879882813 -0.345123291015625 -0.0811767578125
0.2449951171875 0.228302001953125 -0.55096435546875 -0.0480041503906249
0.425537109375 0.26593017578125 0.165435791015625 -0.313140869140625
0.279571533203125 0.33941650390625 0.117950439453125 -0.282012939453125
0.255462646484375 0.478271484375 0.159149169921875 -0.224945068359375
0.00531005859374995 0.52362060546875 0.232955932617187 -0.174819946289062
-0.229888916015625 0.54833984375 0.221176147460937 -0.065643310546875
-0.307891845703125 0.529205322265625 0.223968505859375 0.0299530029296875
-0.3544921875 0.472900390625 0.056488037109375 0.115242004394531
-0.468475341796875 0.336700439453125 -0.093475341796875 0.145309448242188
-0.37994384765625 0.42059326171875 -0.175521850585938 0.229537963867188
-0.328521728515625 0.44805908203125 -0.22857666015625 0.228652954101563
-0.259124755859375 0.483489990234375 -0.204971313476563 0.14947509765625
-0.038909912109375 0.428955078125 -0.166854858398438 0.0515899658203125
0.071380615234375 0.441558837890625 -0.181106567382812 0.00335693359375002
0.20037841796875 0.364288330078125 -0.31085205078125 -0.000762939453124968
0.33929443359375 0.30255126953125 -0.475799560546875 0.058013916015625
0.42083740234375 0.3099365234375 0.310943603515625 -0.211181640625
0.24652099609375 0.39208984375 0.255264282226563 -0.1917724609375
0.197235107421875 0.53204345703125 0.223388671875 -0.142333984375
-0.0692138671875 0.545257568359375 0.27001953125 -0.136322021484375
-0.30950927734375 0.54681396484375 0.240615844726562 -0.124710083007812
-0.377166748046875 0.535675048828125 0.274765014648438 -0.103988647460937
-0.404083251953125 0.480316162109375 0.157806396484375 -0.0679168701171875
-0.507720947265625 0.3660888671875 0.0450973510742187 -0.0236129760742187
-0.4053955078125 0.4903564453125 -0.0691909790039063 0.0570487976074219
-0.320220947265625 0.539276123046875 -0.1712646484375 0.0990600585937501
-0.214111328125 0.58270263671875 -0.205123901367188 0.102325439453125
0.056396484375 0.499481201171875 -0.159011840820313 0.08074951171875
0.176849365234375 0.50164794921875 -0.15020751953125 0.0850677490234375
0.28564453125 0.3916015625 -0.231781005859375 0.0895233154296875
0.3992919921875 0.32147216796875 -0.361907958984375 0.177093505859375
0.35089111328125 0.3023681640625 0.43377685546875 -0.09002685546875
0.16839599609375 0.370849609375 0.352996826171875 -0.07098388671875
0.10443115234375 0.4736328125 0.243560791015625 -0.0395660400390625
-0.125762939453125 0.44647216796875 0.27325439453125 -0.074859619140625
-0.323638916015625 0.432525634765625 0.258865356445313 -0.157196044921875
-0.37408447265625 0.44122314453125 0.33148193359375 -0.21368408203125
-0.38525390625 0.406829833984375 0.268035888671875 -0.234710693359375
-0.468170166015625 0.3375244140625 0.178451538085937 -0.191131591796875
-0.36602783203125 0.47576904296875 0.0113143920898437 -0.132423400878906
-0.25616455078125 0.52752685546875 -0.14178466796875 -0.05499267578125
-0.135772705078125 0.560272216796875 -0.218154907226563 0.042022705078125
0.130889892578125 0.464691162109375 -0.145675659179687 0.104278564453125
0.242462158203125 0.462921142578125 -0.094451904296875 0.157272338867188
0.314117431640625 0.347442626953125 -0.11798095703125 0.167510986328125
0.39617919921875 0.290679931640625 -0.223846435546875 0.287445068359375
0.239913940429687 0.240631103515625 0.51751708984375 0.023468017578125
0.09063720703125 0.281402587890625 0.397369384765625 0.045257568359375
0.035003662109375 0.33038330078125 0.21783447265625 0.049835205078125
-0.12261962890625 0.279876708984375 0.239822387695313 -0.0164337158203125
-0.251480102539063 0.2657470703125 0.262161254882812 -0.1622314453125
-0.28863525390625 0.295654296875 0.36688232421875 -0.278472900390625
-0.295318603515625 0.281829833984375 0.359100341796875 -0.359954833984375
-0.357818603515625 0.253448486328125 0.285980224609375 -0.32965087890625
-0.277679443359375 0.373016357421875 0.06036376953125 -0.29669189453125
-0.17510986328125 0.405242919921875 -0.138626098632813 -0.190475463867187
-0.0726318359375 0.4249267578125 -0.237228393554688 -0.013702392578125
0.13916015625 0.341949462890625 -0.133270263671875 0.120346069335938
0.2239990234375 0.3489990234375 -0.0390167236328125 0.208740234375
0.264312744140625 0.259231567382813 -0.00390624999999997 0.223175048828125
0.319976806640625 0.221221923828125 -0.0936279296874999 0.369873046875
0.11474609375 0.139808654785156 0.56524658203125 0.10028076171875
0.0391387939453125 0.152938842773437 0.405029296875 0.118255615234375
0.017486572265625 0.162429809570313 0.177764892578125 0.0990142822265625
-0.0615310668945313 0.120620727539063 0.197280883789063 0.0170135498046875
-0.123123168945313 0.117317199707031 0.252700805664063 -0.154388427734375
-0.149978637695313 0.147064208984375 0.37506103515625 -0.30816650390625
-0.15667724609375 0.13238525390625 0.41326904296875 -0.435394287109375
-0.194808959960938 0.130050659179688 0.35113525390625 -0.423370361328125
-0.159011840820313 0.199508666992187 0.08013916015625 -0.405853271484375
-0.09063720703125 0.21234130859375 -0.150802612304688 -0.279815673828125
-0.0340728759765625 0.218154907226563 -0.255401611328125 -0.0504913330078125
0.084991455078125 0.175033569335938 -0.13037109375 0.13311767578125
0.135696411132813 0.191055297851563 -0.00511169433593748 0.242568969726563
0.144256591796875 0.145538330078125 0.0784759521484375 0.261749267578125
0.177108764648438 0.127227783203125 0.00170898437500001 0.42449951171875
0.0256481170654297 -0.00422096252441406 -0.083740234375 -0.402618408203125
-0.0175199508666992 -0.000444412231445313 -0.136962890625 -0.294097900390625
-0.022491455078125 0.00404930114746093 -0.0187835693359375 -0.251785278320313
-0.0328521728515625 0.00587081909179687 0.113983154296875 -0.146377563476563
-0.0254611968994141 0.0162792205810547 0.20892333984375 0.068145751953125
-0.00625324249267578 -0.00509309768676758 0.159210205078125 0.258895874023438
0.00495195388793945 0.00106000900268555 -0.082855224609375 0.41748046875
0.00285434722900391 -0.0143556594848633 -0.344390869140625 0.411895751953125
0.0248279571533203 -0.0190410614013672 -0.411224365234375 0.4354248046875
0.00630807876586914 0.00559425354003906 -0.37060546875 0.3267822265625
0.0050048828125 0.0223007202148438 -0.223388671875 0.17236328125
-0.0192108154296875 0.00560569763183593 -0.158782958984375 0.00218200683593753
-0.00974941253662109 0.00460243225097656 -0.172927856445312 -0.116287231445312
0.00774097442626953 -0.0175142288208008 -0.35247802734375 -0.1358642578125
0.0229206085205078 -0.0265598297119141 -0.58624267578125 -0.14715576171875
0.206436157226562 0.0877227783203125 -0.055572509765625 -0.40386962890625
0.131889343261719 0.115501403808594 -0.108917236328125 -0.31689453125
0.1279296875 0.171035766601563 0.0157012939453125 -0.268783569335938
0.0240325927734375 0.207229614257813 0.141510009765625 -0.1671142578125
-0.066497802734375 0.23876953125 0.207489013671875 0.045989990234375
-0.0956573486328125 0.222518920898438 0.17108154296875 0.232513427734375
-0.124099731445313 0.208999633789063 -0.063568115234375 0.383636474609375
-0.187820434570312 0.131149291992187 -0.300872802734375 0.3814697265625
-0.143081665039062 0.138839721679688 -0.367401123046875 0.41986083984375
-0.143218994140625 0.142669677734375 -0.341094970703125 0.328338623046875
-0.128921508789063 0.154830932617187 -0.216949462890625 0.173568725585938
-0.0789413452148437 0.135169982910156 -0.157882690429687 0.00878906250000003
-0.032684326171875 0.152450561523438 -0.170425415039063 -0.10369873046875
0.0430068969726563 0.134040832519531 -0.349212646484375 -0.126007080078125
0.134674072265625 0.110115051269531 -0.582275390625 -0.11895751953125
0.349395751953125 0.18194580078125 0.030670166015625 -0.378021240234375
0.240371704101562 0.233413696289063 -0.0185546875 -0.3189697265625
0.23223876953125 0.33734130859375 0.078460693359375 -0.2646484375
0.043853759765625 0.392364501953125 0.182235717773438 -0.1806640625
-0.134490966796875 0.43145751953125 0.209304809570313 -0.00152587890624997
-0.198944091796875 0.41363525390625 0.18951416015625 0.151016235351563
-0.248077392578125 0.37548828125 -0.017730712890625 0.276275634765625
-0.35205078125 0.25445556640625 -0.2138671875 0.286956787109375
-0.285369873046875 0.2921142578125 -0.28143310546875 0.3529052734375
-0.262908935546875 0.297821044921875 -0.29119873046875 0.3038330078125
-0.225128173828125 0.317108154296875 -0.20989990234375 0.169784545898438
-0.091522216796875 0.2845458984375 -0.164138793945313 0.0262298583984375
-0.00820922851562503 0.3076171875 -0.181045532226562 -0.0631256103515625
0.108062744140625 0.269195556640625 -0.343170166015625 -0.0784912109375
0.243896484375 0.224945068359375 -0.54559326171875 -0.0430908203125
0.421295166015625 0.259429931640625 0.161865234375 -0.31207275390625
0.278594970703125 0.3348388671875 0.114715576171875 -0.279617309570313
0.257171630859375 0.47271728515625 0.155838012695313 -0.225250244140625
0.00775146484374996 0.519775390625 0.229766845703125 -0.1746826171875
-0.22467041015625 0.546173095703125 0.2191162109375 -0.0662689208984375
-0.3018798828125 0.52606201171875 0.221298217773437 0.026824951171875
-0.346893310546875 0.470001220703125 0.0561904907226562 0.113883972167969
-0.46234130859375 0.335540771484375 -0.0919952392578126 0.144851684570313
-0.375091552734375 0.41790771484375 -0.172805786132813 0.228866577148438
-0.32293701171875 0.446929931640625 -0.2247314453125 0.228195190429688
-0.252349853515625 0.48101806640625 -0.202468872070313 0.149505615234375
-0.03619384765625 0.4248046875 -0.164840698242188 0.052825927734375
0.074127197265625 0.438018798828125 -0.179229736328125 0.0046539306640625
0.20111083984375 0.360748291015625 -0.308685302734375 0.000823974609374965
0.33984375 0.2962646484375 -0.470184326171875 0.0617980957031251
0.417694091796875 0.303253173828125 0.306304931640625 -0.21173095703125
0.245635986328125 0.38720703125 0.2509765625 -0.190994262695312
0.19842529296875 0.526031494140625 0.2205810546875 -0.143112182617187
-0.0648193359375001 0.539947509765625 0.266998291015625 -0.1358642578125
-0.30426025390625 0.544769287109375 0.238204956054687 -0.124847412109375
-0.369842529296875 0.532440185546875 0.271499633789063 -0.105850219726562
-0.39739990234375 0.475738525390625 0.15545654296875 -0.0684356689453125
-0.501861572265625 0.36529541015625 0.04461669921875 -0.0238990783691406
-0.399749755859375 0.4906005859375 -0.0687789916992188 0.056610107421875
-0.31390380859375 0.53680419921875 -0.169326782226563 0.0992889404296875
-0.208251953125 0.57958984375 -0.202407836914063 0.1029052734375
0.059661865234375 0.494384765625 -0.1572265625 0.080902099609375
0.18017578125 0.497344970703125 -0.147537231445313 0.0850219726562501
0.28533935546875 0.38507080078125 -0.230255126953125 0.0908966064453125
0.398681640625 0.31585693359375 -0.3570556640625 0.178741455078125
0.347625732421875 0.29644775390625 0.429229736328125 -0.0908203125
0.168487548828125 0.3662109375 0.350982666015625 -0.0721435546875
0.106231689453125 0.46673583984375 0.241973876953125 -0.0404815673828125
-0.122161865234375 0.4443359375 0.271026611328125 -0.0752716064453125
-0.317840576171875 0.428863525390625 0.255783081054688 -0.156890869140625
-0.36767578125 0.439117431640625 0.325897216796875 -0.213958740234375
-0.379302978515625 0.4049072265625 0.264602661132812 -0.234664916992187
-0.463104248046875 0.33673095703125 0.1756591796875 -0.190414428710937
-0.360626220703125 0.474365234375 0.0100555419921875 -0.131492614746094
-0.250579833984375 0.52398681640625 -0.1412353515625 -0.0535430908203125
-0.13043212890625 0.556640625 -0.215286254882813 0.0430450439453125
0.13287353515625 0.459991455078125 -0.143707275390625 0.103851318359375
0.244720458984375 0.4576416015625 -0.0922088623046875 0.156356811523438
0.314422607421875 0.343231201171875 -0.117019653320312 0.16693115234375
0.395751953125 0.285369873046875 -0.220489501953125 0.287994384765625
0.237930297851563 0.235687255859375 0.513275146484375 0.02252197265625
0.0910186767578125 0.278366088867188 0.393798828125 0.042083740234375
0.0367431640625 0.32635498046875 0.216812133789062 0.0480194091796875
-0.119827270507812 0.278762817382813 0.238784790039063 -0.01763916015625
-0.247039794921875 0.264511108398438 0.258102416992188 -0.16265869140625
-0.283966064453125 0.29364013671875 0.36187744140625 -0.278228759765625
-0.291961669921875 0.279022216796875 0.353363037109375 -0.35760498046875
-0.35308837890625 0.2547607421875 0.28125 -0.329925537109375
-0.272979736328125 0.371124267578125 0.05780029296875 -0.294830322265625
-0.169830322265625 0.403167724609375 -0.13836669921875 -0.187744140625
-0.067535400390625 0.422454833984375 -0.235122680664063 -0.0112457275390625
0.1402587890625 0.337799072265625 -0.131683349609375 0.119682312011719
0.225372314453125 0.3441162109375 -0.0372467041015625 0.20660400390625
0.263839721679688 0.255325317382813 -0.00274658203125 0.221298217773438
0.319244384765625 0.217193603515625 -0.0904541015625 0.36724853515625
0.114181518554688 0.137596130371094 0.5601806640625 0.09600830078125
0.039398193359375 0.151458740234375 0.401153564453125 0.11468505859375
0.01861572265625 0.159591674804688 0.177261352539062 0.097442626953125
-0.0596084594726563 0.119827270507813 0.19671630859375 0.0161895751953125
-0.120567321777344 0.117027282714844 0.249481201171875 -0.154159545898438
-0.147125244140625 0.145767211914063 0.369659423828125 -0.30816650390625
-0.154449462890625 0.132003784179687 0.406219482421875 -0.43402099609375
-0.192596435546875 0.129653930664062 0.345489501953125 -0.4215087890625
-0.156402587890625 0.1993408203125 0.0777587890625 -0.40240478515625
-0.0884857177734375 0.21136474609375 -0.151260375976563 -0.275924682617188
-0.032806396484375 0.217422485351562 -0.25384521484375 -0.0483703613281249
0.0852508544921875 0.172698974609375 -0.128677368164063 0.131912231445313
0.136688232421875 0.188201904296875 -0.0034637451171875 0.24072265625
0.144027709960938 0.14398193359375 0.0797119140625 0.258621215820313
0.177001953125 0.12445068359375 0.003509521484375 0.4212646484375
0.0247344970703125 -0.00406837463378906 -0.08465576171875 -0.398284912109375
-0.01727294921875 -4.10079956054699E-05 -0.13702392578125 -0.290252685546875
-0.0219821929931641 0.00479698181152343 -0.0205230712890625 -0.249755859375
-0.0330181121826172 0.00661849975585938 0.11181640625 -0.145172119140625
-0.0254745483398437 0.0166549682617188 0.207931518554687 0.0664520263671875
-0.00624752044677734 -0.00516223907470703 0.158645629882812 0.255325317382812
0.00482177734375 0.000704765319824219 -0.08099365234375 0.413726806640625
0.002227783203125 -0.0142526626586914 -0.3409423828125 0.4124755859375
0.0240802764892578 -0.0192832946777344 -0.40545654296875 0.4332275390625
0.00619173049926758 0.00513982772827148 -0.36407470703125 0.325714111328125
0.00539588928222656 0.0219345092773438 -0.219802856445313 0.17144775390625
-0.0190868377685547 0.00596809387207031 -0.157150268554688 0.00390624999999999
-0.00922393798828125 0.00510501861572266 -0.171920776367187 -0.114303588867188
0.00705718994140625 -0.0171670913696289 -0.348724365234375 -0.131683349609375
0.0228996276855469 -0.0272407531738281 -0.58245849609375 -0.14227294921875
0.204635620117188 0.0851898193359375 -0.05780029296875 -0.4005126953125
0.131240844726563 0.114059448242188 -0.110198974609375 -0.313446044921875
0.127487182617188 0.169815063476562 0.0129852294921875 -0.266815185546875
0.02447509765625 0.206207275390625 0.13909912109375 -0.165756225585938
-0.0640106201171875 0.237533569335938 0.206832885742188 0.0446929931640625
-0.0939483642578125 0.220718383789063 0.17083740234375 0.22845458984375
-0.122085571289063 0.207046508789063 -0.061920166015625 0.380096435546875
-0.186569213867188 0.130874633789063 -0.29827880859375 0.380157470703125
-0.141494750976563 0.13739013671875 -0.362640380859375 0.416595458984375
-0.141082763671875 0.141632080078125 -0.337005615234375 0.32763671875
-0.1265869140625 0.154281616210938 -0.214309692382813 0.172821044921875
-0.0772552490234375 0.134757995605469 -0.156143188476563 0.00952148437499998
-0.031982421875 0.151397705078125 -0.169082641601563 -0.10125732421875
0.0433273315429688 0.133148193359375 -0.347381591796875 -0.123565673828125
0.134330749511719 0.108238220214844 -0.5780029296875 -0.11474609375
0.346588134765625 0.17755126953125 0.0283203125 -0.375518798828125
0.239089965820313 0.23101806640625 -0.020751953125 -0.314849853515625
0.231475830078125 0.334136962890625 0.075286865234375 -0.263641357421875
0.04498291015625 0.389190673828125 0.179473876953125 -0.180435180664063
-0.131622314453125 0.4281005859375 0.208206176757813 -0.00265502929687497
-0.19525146484375 0.410552978515625 0.1883544921875 0.147506713867188
-0.24365234375 0.37176513671875 -0.016754150390625 0.2744140625
-0.34881591796875 0.253326416015625 -0.211944580078125 0.286376953125
-0.281158447265625 0.29144287109375 -0.276763916015625 0.349365234375
-0.259033203125 0.296630859375 -0.286651611328125 0.301727294921875
-0.222137451171875 0.31536865234375 -0.207504272460937 0.16998291015625
-0.09051513671875 0.282440185546875 -0.162353515625 0.02728271484375
-0.00595092773437502 0.30474853515625 -0.1793212890625 -0.0618896484374999
0.108108520507813 0.266677856445313 -0.340484619140625 -0.0752563476562499
0.24420166015625 0.221145629882813 -0.540802001953125 -0.0394592285156251
0.4189453125 0.253875732421875 0.1585693359375 -0.310302734375
0.278106689453125 0.33087158203125 0.111648559570313 -0.276779174804688
0.256378173828125 0.467498779296875 0.153106689453125 -0.22454833984375
0.0102844238281249 0.5169677734375 0.227294921875 -0.17425537109375
-0.218536376953125 0.544158935546875 0.21728515625 -0.066619873046875
-0.296539306640625 0.52154541015625 0.219436645507812 0.024200439453125
-0.34185791015625 0.4677734375 0.0552825927734375 0.112495422363281
-0.458160400390625 0.3353271484375 -0.09161376953125 0.143661499023438
-0.36981201171875 0.417510986328125 -0.171066284179688 0.226516723632813
-0.31878662109375 0.44378662109375 -0.221649169921875 0.228515625
-0.247894287109375 0.478759765625 -0.19964599609375 0.1494140625
-0.03460693359375 0.422760009765625 -0.163803100585937 0.052978515625
0.07537841796875 0.432525634765625 -0.177261352539062 0.00566101074218751
0.20135498046875 0.35833740234375 -0.3072509765625 0.00271606445312506
0.339508056640625 0.292022705078125 -0.466156005859375 0.0649108886718749
0.415283203125 0.297088623046875 0.30267333984375 -0.21063232421875
0.246185302734375 0.38177490234375 0.247787475585938 -0.189361572265625
0.199951171875 0.51953125 0.218215942382813 -0.143402099609375
-0.0620727539062499 0.537017822265625 0.264846801757813 -0.135238647460938
-0.297607421875 0.54180908203125 0.235748291015625 -0.124053955078125
-0.36444091796875 0.527435302734375 0.267852783203125 -0.107818603515625
-0.391510009765625 0.4742431640625 0.153579711914063 -0.0684814453125
-0.496063232421875 0.364654541015625 0.0438346862792969 -0.0234870910644531
-0.392669677734375 0.48675537109375 -0.0684089660644532 0.056396484375
-0.30908203125 0.534423828125 -0.166763305664063 0.1004638671875
-0.20233154296875 0.5758056640625 -0.200698852539063 0.1036376953125
0.060455322265625 0.490814208984375 -0.156021118164063 0.0809783935546876
0.180999755859375 0.491851806640625 -0.145492553710937 0.085174560546875
0.2845458984375 0.3826904296875 -0.228866577148437 0.0911254882812501
0.398345947265625 0.311859130859375 -0.355194091796875 0.1807861328125
0.34619140625 0.29205322265625 0.424957275390625 -0.09246826171875
0.16839599609375 0.362884521484375 0.34564208984375 -0.07293701171875
0.107818603515625 0.46343994140625 0.239212036132813 -0.04144287109375
-0.11749267578125 0.44061279296875 0.269271850585938 -0.07568359375
-0.311614990234375 0.4288330078125 0.252548217773438 -0.15667724609375
-0.362213134765625 0.437164306640625 0.322967529296875 -0.21478271484375
-0.374237060546875 0.40234375 0.260391235351563 -0.233551025390625
-0.458099365234375 0.337799072265625 0.174453735351562 -0.189956665039063
-0.3544921875 0.471588134765625 0.00904083251953122 -0.130622863769531
-0.24627685546875 0.522308349609375 -0.139869689941406 -0.0515060424804687
-0.1259765625 0.555328369140625 -0.213699340820313 0.0442199707031251
0.134246826171875 0.4560546875 -0.142059326171875 0.103866577148438
0.24517822265625 0.45263671875 -0.0902099609375 0.155136108398438
0.313507080078125 0.341094970703125 -0.115829467773437 0.167037963867188
0.394622802734375 0.280609130859375 -0.21734619140625 0.28729248046875
0.236587524414063 0.231613159179688 0.508941650390625 0.0169677734375
0.0904998779296875 0.275146484375 0.39111328125 0.04022216796875
0.038360595703125 0.322296142578125 0.215713500976563 0.047027587890625
-0.117080688476562 0.2764892578125 0.237274169921875 -0.01800537109375
-0.242630004882813 0.263717651367188 0.255447387695313 -0.16192626953125
-0.279327392578125 0.2916259765625 0.35675048828125 -0.27789306640625
-0.28790283203125 0.27862548828125 0.349578857421875 -0.357879638671875
-0.348846435546875 0.2537841796875 0.279327392578125 -0.32843017578125
-0.2691650390625 0.368927001953125 0.0562744140625 -0.292022705078125
-0.1663818359375 0.40032958984375 -0.138442993164062 -0.184967041015625
-0.065643310546875 0.419464111328125 -0.233779907226563 -0.00996398925781245
0.1405029296875 0.334259033203125 -0.130477905273438 0.119071960449219
0.225921630859375 0.3397216796875 -0.035186767578125 0.205337524414063
0.262954711914063 0.25372314453125 -0.00270080566406247 0.219558715820313
0.318267822265625 0.212890625 -0.08795166015625 0.3658447265625
0.113685607910156 0.134994506835938 0.5567626953125 0.09259033203125
0.039154052734375 0.1490478515625 0.39794921875 0.111358642578125
0.01904296875 0.157424926757813 0.1767578125 0.096405029296875
-0.058837890625 0.118919372558594 0.19598388671875 0.0150604248046875
-0.118270874023438 0.116500854492188 0.246200561523438 -0.154006958007812
-0.144699096679688 0.145370483398438 0.3631591796875 -0.3060302734375
-0.153610229492187 0.13043212890625 0.4012451171875 -0.4329833984375
-0.190689086914062 0.12933349609375 0.34228515625 -0.420623779296875
-0.154083251953125 0.198379516601563 0.0750732421875 -0.39874267578125
-0.086700439453125 0.209426879882813 -0.151504516601562 -0.27215576171875
-0.03076171875 0.21612548828125 -0.252212524414063 -0.0461578369140625
0.084686279296875 0.170211791992187 -0.127593994140625 0.131340026855469
0.136489868164063 0.185760498046875 -0.00218200683593749 0.238021850585937
0.1441650390625 0.142852783203125 0.07940673828125 0.255645751953125
0.17669677734375 0.121902465820312 0.00506591796874999 0.41705322265625
0.0233821868896484 -0.00428199768066406 -0.084991455078125 -0.396087646484375
-0.0174274444580078 0.000292778015136718 -0.136566162109375 -0.28729248046875
-0.0225601196289062 0.00538253784179687 -0.022430419921875 -0.248199462890625
-0.0334053039550781 0.00783348083496094 0.109619140625 -0.144683837890625
-0.0250720977783203 0.0170173645019531 0.206893920898437 0.06524658203125
-0.00573348999023438 -0.00513792037963867 0.158462524414063 0.251617431640625
0.00486469268798828 0.000370025634765625 -0.080718994140625 0.409637451171875
0.00157546997070313 -0.0144271850585938 -0.33917236328125 0.4095458984375
0.0229682922363281 -0.0198268890380859 -0.402313232421875 0.43035888671875
0.00570249557495117 0.00511312484741211 -0.3602294921875 0.325042724609375
0.00559043884277344 0.0219192504882812 -0.217056274414063 0.170639038085938
-0.0191516876220703 0.00658416748046875 -0.155990600585938 0.00500488281249998
-0.0091238021850586 0.00553417205810547 -0.171005249023437 -0.1123046875
0.00712966918945313 -0.0170927047729492 -0.3472900390625 -0.129364013671875
0.0224723815917969 -0.0273857116699219 -0.578125 -0.1383056640625
0.202545166015625 0.0839996337890625 -0.05914306640625 -0.397064208984375
0.130599975585938 0.113471984863281 -0.109588623046875 -0.3095703125
0.126968383789063 0.167999267578125 0.011444091796875 -0.26531982421875
0.0245513916015625 0.2052001953125 0.136627197265625 -0.164947509765625
-0.062591552734375 0.236007690429688 0.205307006835938 0.0436859130859375
-0.092315673828125 0.21923828125 0.169784545898438 0.224761962890625
-0.120330810546875 0.206329345703125 -0.06085205078125 0.376922607421875
-0.184677124023438 0.129669189453125 -0.295989990234375 0.3779296875
-0.140609741210937 0.136016845703125 -0.35711669921875 0.41424560546875
-0.139129638671875 0.14093017578125 -0.333099365234375 0.326019287109375
-0.124710083007812 0.153915405273438 -0.212081909179687 0.172698974609375
-0.0772018432617187 0.134452819824219 -0.15533447265625 0.011077880859375
-0.0305938720703125 0.150680541992188 -0.1678466796875 -0.099029541015625
0.0430145263671875 0.132026672363281 -0.345611572265625 -0.119354248046875
0.133392333984375 0.106369018554688 -0.57269287109375 -0.11114501953125
0.34375 0.174652099609375 0.0264892578125 -0.3720703125
0.238571166992188 0.228500366210938 -0.02178955078125 -0.3114013671875
0.2298583984375 0.33135986328125 0.0735015869140625 -0.262771606445313
0.04443359375 0.38665771484375 0.177398681640625 -0.178924560546875
-0.127716064453125 0.42645263671875 0.206253051757813 -0.00331115722656247
-0.19171142578125 0.407562255859375 0.186798095703125 0.144378662109375
-0.240203857421875 0.370574951171875 -0.0168304443359375 0.272186279296875
-0.345672607421875 0.252960205078125 -0.210418701171875 0.284393310546875
-0.2786865234375 0.287933349609375 -0.274566650390625 0.3485107421875
-0.25555419921875 0.294342041015625 -0.28253173828125 0.300872802734375
-0.2181396484375 0.315277099609375 -0.205398559570312 0.169464111328125
-0.0885009765625 0.28082275390625 -0.16131591796875 0.0281829833984375
-0.00518798828125 0.302734375 -0.177444458007813 -0.0599365234375
0.108047485351563 0.264801025390625 -0.338958740234375 -0.073028564453125
0.243484497070313 0.218109130859375 -0.538421630859375 -0.0362854003906249
0.41552734375 0.24993896484375 0.156585693359375 -0.307708740234375
0.27667236328125 0.3282470703125 0.10955810546875 -0.27337646484375
0.255615234375 0.463531494140625 0.150726318359375 -0.224151611328125
0.011444091796875 0.514007568359375 0.225051879882813 -0.173797607421875
-0.2161865234375 0.540740966796875 0.215682983398437 -0.0663909912109375
-0.291961669921875 0.519927978515625 0.217178344726563 0.02154541015625
-0.338104248046875 0.464935302734375 0.05523681640625 0.111831665039063
-0.453765869140625 0.334136962890625 -0.0909881591796875 0.142578125
-0.36669921875 0.413787841796875 -0.168930053710938 0.2254638671875
-0.313873291015625 0.44146728515625 -0.219436645507813 0.227020263671875
-0.244476318359375 0.476287841796875 -0.19757080078125 0.149002075195313
-0.033477783203125 0.4200439453125 -0.162445068359375 0.053955078125
0.077880859375 0.4300537109375 -0.175262451171875 0.00663757324218754
0.200286865234375 0.355316162109375 -0.305084228515625 0.00500488281250006
0.3385009765625 0.287872314453125 -0.463409423828125 0.066680908203125
0.41387939453125 0.29315185546875 0.298309326171875 -0.2103271484375
0.243621826171875 0.379638671875 0.244674682617188 -0.18804931640625
0.200714111328125 0.51434326171875 0.215576171875 -0.14349365234375
-0.0598449707031251 0.53363037109375 0.262603759765625 -0.1353759765625
-0.2923583984375 0.539306640625 0.234100341796875 -0.124221801757812
-0.35955810546875 0.52447509765625 0.265274047851563 -0.109085083007812
-0.38751220703125 0.47064208984375 0.1513671875 -0.0681915283203125
-0.490997314453125 0.36346435546875 0.043487548828125 -0.0241241455078125
-0.389923095703125 0.484405517578125 -0.0679664611816407 0.0561447143554688
-0.30328369140625 0.530609130859375 -0.164901733398438 0.100662231445313
-0.19781494140625 0.57452392578125 -0.198654174804688 0.103485107421875
0.0616455078125 0.486602783203125 -0.15423583984375 0.081573486328125
0.181243896484375 0.4869384765625 -0.143630981445313 0.085052490234375
0.28271484375 0.379608154296875 -0.22735595703125 0.0921630859375
0.39715576171875 0.30694580078125 -0.3499755859375 0.181427001953125
0.343414306640625 0.286407470703125 0.420074462890625 -0.094512939453125
0.167510986328125 0.358734130859375 0.343597412109375 -0.072357177734375
0.109344482421875 0.4591064453125 0.237838745117187 -0.041259765625
-0.115753173828125 0.438690185546875 0.267532348632813 -0.0755462646484375
-0.307403564453125 0.42633056640625 0.250152587890625 -0.156036376953125
-0.35650634765625 0.4334716796875 0.31903076171875 -0.2152099609375
-0.3709716796875 0.4000244140625 0.25750732421875 -0.232940673828125
-0.453277587890625 0.335052490234375 0.172271728515625 -0.18951416015625
-0.35040283203125 0.469879150390625 0.00849151611328123 -0.129539489746094
-0.24176025390625 0.517120361328125 -0.139373779296875 -0.0501708984375
-0.122711181640625 0.55047607421875 -0.211868286132812 0.044921875
0.13482666015625 0.4510498046875 -0.140701293945312 0.1036376953125
0.24462890625 0.44830322265625 -0.088836669921875 0.1544189453125
0.313079833984375 0.33660888671875 -0.115188598632813 0.166244506835938
0.393829345703125 0.2752685546875 -0.21533203125 0.2861328125
0.235061645507813 0.227920532226563 0.504486083984375 0.015533447265625
0.0899810791015625 0.272735595703125 0.387359619140625 0.038543701171875
0.039031982421875 0.31903076171875 0.214324951171875 0.0462646484375
-0.115203857421875 0.2745361328125 0.23614501953125 -0.018707275390625
-0.239471435546875 0.261581420898438 0.252883911132813 -0.160797119140625
-0.276519775390625 0.289520263671875 0.352508544921875 -0.277679443359375
-0.285125732421875 0.276397705078125 0.345458984375 -0.355499267578125
-0.346466064453125 0.25286865234375 0.2763671875 -0.327239990234375
-0.2662353515625 0.368499755859375 0.054962158203125 -0.290313720703125
-0.16436767578125 0.397918701171875 -0.137939453125 -0.182418823242188
-0.06341552734375 0.417083740234375 -0.232025146484375 -0.00941467285156243
0.139862060546875 0.331939697265625 -0.128860473632813 0.118392944335938
0.225311279296875 0.336090087890625 -0.033843994140625 0.202896118164063
0.261444091796875 0.250732421875 -0.00318908691406249 0.218292236328125
0.3170166015625 0.208770751953125 -0.087005615234375 0.36383056640625
0.112815856933594 0.133216857910156 0.55194091796875 0.088470458984375
0.0390472412109375 0.14794921875 0.39544677734375 0.1092529296875
0.0195770263671875 0.155319213867188 0.175643920898438 0.095428466796875
-0.0582046508789063 0.117820739746094 0.195587158203125 0.014678955078125
-0.116363525390625 0.115501403808594 0.243301391601563 -0.1533203125
-0.142730712890625 0.143707275390625 0.359588623046875 -0.304718017578125
-0.15191650390625 0.129867553710937 0.395111083984375 -0.42962646484375
-0.189361572265625 0.128860473632812 0.338714599609375 -0.418426513671875
-0.152420043945313 0.196884155273438 0.07366943359375 -0.396240234375
-0.0849761962890625 0.207717895507813 -0.151046752929688 -0.269134521484375
-0.02978515625 0.214279174804688 -0.250762939453125 -0.04461669921875
0.0846710205078125 0.169189453125 -0.1258544921875 0.130683898925781
0.136581420898438 0.183853149414063 -0.00103759765624999 0.235549926757813
0.144149780273438 0.141952514648438 0.0790557861328125 0.253662109375
0.1759033203125 0.11981201171875 0.00616455078125002 0.4151611328125
0.0230369567871094 -0.00453376770019531 -0.08489990234375 -0.3935546875
-0.017268180847168 0.00133705139160156 -0.136444091796875 -0.284576416015625
-0.0221481323242188 0.00582695007324218 -0.0236358642578125 -0.245864868164062
-0.0340003967285156 0.00853919982910156 0.108001708984375 -0.1434326171875
-0.0241756439208984 0.0175113677978516 0.206283569335938 0.0644989013671875
-0.00563526153564453 -0.00540018081665039 0.156875610351563 0.249069213867188
0.00501823425292969 0.000278472900390625 -0.08123779296875 0.40631103515625
0.00207233428955078 -0.014678955078125 -0.3360595703125 0.407989501953125
0.0221233367919922 -0.0198726654052734 -0.3985595703125 0.42816162109375
0.00566291809082031 0.00515174865722656 -0.357025146484375 0.322998046875
0.00564956665039063 0.0216464996337891 -0.215301513671875 0.16973876953125
-0.0189914703369141 0.00687026977539063 -0.155426025390625 0.00508117675781252
-0.00833749771118164 0.00554609298706055 -0.169509887695313 -0.111221313476562
0.00679683685302734 -0.0173625946044922 -0.34564208984375 -0.12799072265625
0.0222015380859375 -0.0274467468261719 -0.57373046875 -0.13629150390625
0.199737548828125 0.0826568603515625 -0.058502197265625 -0.394256591796875
0.129806518554688 0.112449645996094 -0.109375 -0.305877685546875
0.12689208984375 0.167373657226563 0.00982666015625002 -0.263427734375
0.024810791015625 0.2044677734375 0.134902954101563 -0.164276123046875
-0.0617523193359375 0.235458374023438 0.204635620117188 0.0432586669921875
-0.0916290283203125 0.217742919921875 0.167587280273438 0.221954345703125
-0.119277954101562 0.20391845703125 -0.06036376953125 0.373870849609375
-0.183563232421875 0.129104614257813 -0.29498291015625 0.375701904296875
-0.139610290527344 0.134910583496094 -0.35455322265625 0.412078857421875
-0.137680053710937 0.140151977539063 -0.329864501953125 0.324615478515625
-0.12347412109375 0.153121948242188 -0.210418701171875 0.171157836914062
-0.076873779296875 0.134017944335937 -0.153884887695313 0.011383056640625
-0.029510498046875 0.150344848632813 -0.166488647460938 -0.097930908203125
0.042755126953125 0.131446838378906 -0.34320068359375 -0.118072509765625
0.133255004882812 0.104835510253906 -0.5703125 -0.10845947265625
0.34014892578125 0.172271728515625 0.0248107910156251 -0.369415283203125
0.236358642578125 0.226715087890625 -0.02252197265625 -0.307647705078125
0.230194091796875 0.327423095703125 0.071685791015625 -0.261444091796875
0.0457763671875 0.3853759765625 0.175704956054687 -0.1783447265625
-0.1256103515625 0.425262451171875 0.2056884765625 -0.00346374511718747
-0.189544677734375 0.404541015625 0.184616088867188 0.141845703125
-0.237884521484375 0.368316650390625 -0.01678466796875 0.270339965820313
-0.343505859375 0.25091552734375 -0.209320068359375 0.2825927734375
-0.276641845703125 0.287322998046875 -0.272491455078125 0.34564208984375
-0.253204345703125 0.29266357421875 -0.281036376953125 0.300048828125
-0.216766357421875 0.3128662109375 -0.203811645507813 0.16912841796875
-0.0884246826171875 0.280105590820313 -0.160385131835938 0.0288238525390625
-0.00381469726562499 0.3009033203125 -0.176223754882813 -0.0587005615234375
0.106689453125 0.263153076171875 -0.33837890625 -0.0715942382812499
0.242019653320313 0.215774536132813 -0.5341796875 -0.0350036621093749
0.411651611328125 0.24615478515625 0.1539306640625 -0.3055419921875
0.27545166015625 0.325531005859375 0.10833740234375 -0.271286010742188
0.25469970703125 0.458343505859375 0.148757934570313 -0.223342895507813
0.01300048828125 0.510711669921875 0.223861694335938 -0.172225952148437
-0.213104248046875 0.5384521484375 0.214553833007812 -0.0670013427734375
-0.289276123046875 0.51544189453125 0.21514892578125 0.019805908203125
-0.335235595703125 0.461669921875 0.0538558959960937 0.110565185546875
-0.4512939453125 0.332427978515625 -0.0908966064453125 0.142044067382813
-0.363677978515625 0.411346435546875 -0.168182373046875 0.224105834960938
-0.31097412109375 0.439300537109375 -0.217010498046875 0.226455688476563
-0.241455078125 0.47454833984375 -0.196380615234375 0.148956298828125
-0.0330810546875 0.417236328125 -0.161392211914063 0.05426025390625
0.077392578125 0.427276611328125 -0.173583984375 0.00697326660156254
0.19775390625 0.3533935546875 -0.30426025390625 0.00518798828125002
0.33673095703125 0.285369873046875 -0.460296630859375 0.0666809082031249
0.408477783203125 0.2899169921875 0.29443359375 -0.208587646484375
0.2435302734375 0.37640380859375 0.242919921875 -0.186431884765625
0.19873046875 0.510101318359375 0.213836669921875 -0.143020629882812
-0.0587158203125 0.530242919921875 0.26141357421875 -0.134780883789062
-0.288787841796875 0.536956787109375 0.232284545898437 -0.123672485351562
-0.35614013671875 0.521087646484375 0.262557983398438 -0.1104736328125
-0.38421630859375 0.46844482421875 0.150436401367188 -0.0677490234375
-0.489654541015625 0.3623046875 0.0429000854492187 -0.0239448547363281
-0.386138916015625 0.480743408203125 -0.0681114196777344 0.0557365417480469
-0.301239013671875 0.52813720703125 -0.164077758789063 0.100616455078125
-0.19439697265625 0.57135009765625 -0.197341918945312 0.103561401367188
0.06158447265625 0.48443603515625 -0.153488159179687 0.0810699462890625
0.181365966796875 0.4822998046875 -0.141510009765625 0.0847320556640625
0.281951904296875 0.377288818359375 -0.226425170898438 0.092071533203125
0.3948974609375 0.303466796875 -0.347900390625 0.18115234375
0.34088134765625 0.28448486328125 0.417266845703125 -0.09405517578125
0.16632080078125 0.35711669921875 0.340545654296875 -0.0721435546875
0.10858154296875 0.4534912109375 0.236740112304688 -0.0416412353515625
-0.11456298828125 0.434967041015625 0.266510009765625 -0.0752410888671875
-0.304656982421875 0.42413330078125 0.248870849609375 -0.155258178710937
-0.3543701171875 0.431365966796875 0.31585693359375 -0.2158203125
-0.367279052734375 0.397125244140625 0.255447387695313 -0.231552124023437
-0.451171875 0.334136962890625 0.171127319335937 -0.188629150390625
-0.3475341796875 0.466766357421875 0.00806427001953124 -0.128852844238281
-0.23883056640625 0.513763427734375 -0.138420104980469 -0.0496673583984374
-0.119903564453125 0.549468994140625 -0.210647583007812 0.044708251953125
0.133880615234375 0.44891357421875 -0.139991760253906 0.103073120117188
0.24517822265625 0.44366455078125 -0.0874176025390625 0.15301513671875
0.311553955078125 0.335662841796875 -0.115478515625 0.165908813476563
0.3936767578125 0.273101806640625 -0.213623046875 0.285888671875
0.232284545898437 0.2254638671875 0.501007080078125 0.014007568359375
0.089752197265625 0.270462036132812 0.38616943359375 0.037811279296875
0.0396728515625 0.31585693359375 0.213699340820313 0.045989990234375
-0.113265991210938 0.272552490234375 0.235519409179688 -0.0182952880859375
-0.237197875976562 0.260604858398438 0.250839233398438 -0.159500122070313
-0.2733154296875 0.288543701171875 0.348968505859375 -0.276123046875
-0.28399658203125 0.274871826171875 0.342041015625 -0.354705810546875
-0.343902587890625 0.25164794921875 0.27459716796875 -0.324981689453125
-0.264495849609375 0.364990234375 0.05401611328125 -0.287994384765625
-0.161834716796875 0.395538330078125 -0.137374877929687 -0.180801391601562
-0.06134033203125 0.415252685546875 -0.2305908203125 -0.00842285156249998
0.139251708984375 0.329071044921875 -0.128059387207031 0.117622375488281
0.2249755859375 0.33294677734375 -0.033416748046875 0.201812744140625
0.261184692382813 0.2493896484375 -0.00361633300781251 0.216766357421875
0.31597900390625 0.205474853515625 -0.0870361328125 0.36370849609375
0.111892700195312 0.131683349609375 0.54779052734375 0.086395263671875
0.0386505126953125 0.146697998046875 0.393463134765625 0.10687255859375
0.0198822021484375 0.153228759765625 0.175582885742188 0.095245361328125
-0.0571670532226562 0.116500854492188 0.194976806640625 0.014495849609375
-0.115158081054687 0.114616394042969 0.241043090820313 -0.152130126953125
-0.141220092773438 0.142471313476563 0.356414794921875 -0.3040771484375
-0.15093994140625 0.128814697265625 0.3935546875 -0.42742919921875
-0.188278198242188 0.128341674804688 0.336883544921875 -0.41619873046875
-0.151412963867188 0.196258544921875 0.0733032226562499 -0.393585205078125
-0.0842132568359375 0.206817626953125 -0.150314331054688 -0.266754150390625
-0.02886962890625 0.21380615234375 -0.249618530273437 -0.0442962646484375
0.084075927734375 0.167938232421875 -0.125633239746094 0.129554748535156
0.136688232421875 0.182083129882813 -0.000457763671875003 0.233795166015625
0.14398193359375 0.140701293945313 0.0775604248046875 0.25152587890625
0.175079345703125 0.117813110351563 0.00521850585937505 0.41351318359375
0.0221424102783203 -0.00444793701171875 -0.08367919921875 -0.391693115234375
-0.0171651840209961 0.00124835968017578 -0.13555908203125 -0.28179931640625
-0.0218238830566406 0.0067291259765625 -0.0247344970703125 -0.244659423828125
-0.0342178344726562 0.00948905944824219 0.106613159179688 -0.142288208007813
-0.024688720703125 0.0172805786132813 0.205276489257813 0.0637054443359375
-0.00550556182861328 -0.00501346588134766 0.156143188476563 0.2467041015625
0.00480222702026367 -1.81198120117188E-05 -0.0808105468750001 0.404327392578125
0.00147056579589844 -0.015019416809082 -0.335235595703125 0.405731201171875
0.0210151672363281 -0.0202045440673828 -0.395538330078125 0.425628662109375
0.00595378875732422 0.00529766082763672 -0.353759765625 0.320404052734375
0.00614166259765625 0.0219860076904297 -0.21337890625 0.16864013671875
-0.0185394287109375 0.00772285461425782 -0.154342651367188 0.00566101074218752
-0.00819301605224609 0.00616645812988281 -0.168563842773438 -0.109481811523438
0.00627613067626953 -0.0171670913696289 -0.343841552734375 -0.125640869140625
0.0222568511962891 -0.0278568267822266 -0.5709228515625 -0.13458251953125
0.198013305664063 0.081878662109375 -0.058624267578125 -0.392608642578125
0.12884521484375 0.111724853515625 -0.1087646484375 -0.30255126953125
0.12567138671875 0.166168212890625 0.00755310058593751 -0.261871337890625
0.02447509765625 0.203948974609375 0.1337890625 -0.163116455078125
-0.0609893798828125 0.234848022460938 0.203781127929688 0.042449951171875
-0.090789794921875 0.216461181640625 0.167068481445313 0.219635009765625
-0.117935180664063 0.20306396484375 -0.060577392578125 0.37225341796875
-0.183425903320313 0.128204345703125 -0.293548583984375 0.374176025390625
-0.139678955078125 0.1339111328125 -0.353790283203125 0.409393310546875
-0.136436462402344 0.1390380859375 -0.327789306640625 0.323211669921875
-0.12200927734375 0.152511596679688 -0.20880126953125 0.170608520507813
-0.0762863159179687 0.133659362792969 -0.153778076171875 0.0124053955078125
-0.02911376953125 0.149383544921875 -0.164810180664063 -0.096710205078125
0.0414810180664063 0.130599975585938 -0.34222412109375 -0.11669921875
0.132186889648438 0.103729248046875 -0.56622314453125 -0.10675048828125
0.336669921875 0.17010498046875 0.024139404296875 -0.367034912109375
0.235671997070313 0.225723266601563 -0.022247314453125 -0.304595947265625
0.228240966796875 0.3251953125 0.0699005126953125 -0.260696411132813
0.0450439453125 0.383636474609375 0.174484252929688 -0.17779541015625
-0.12420654296875 0.422607421875 0.204971313476563 -0.00329589843749997
-0.1883544921875 0.40228271484375 0.1834716796875 0.139297485351563
-0.23687744140625 0.365753173828125 -0.0174560546875 0.268692016601563
-0.342376708984375 0.249908447265625 -0.208221435546875 0.281341552734375
-0.275360107421875 0.284271240234375 -0.2716064453125 0.34320068359375
-0.250640869140625 0.29022216796875 -0.278717041015625 0.297882080078125
-0.213226318359375 0.31243896484375 -0.202224731445313 0.167999267578125
-0.08843994140625 0.278854370117188 -0.159286499023437 0.0288848876953125
-0.004486083984375 0.29949951171875 -0.174560546875 -0.05792236328125
0.106369018554687 0.262237548828125 -0.33673095703125 -0.0700378417968749
0.241439819335938 0.213485717773437 -0.531646728515625 -0.0330810546875001
0.40911865234375 0.243255615234375 0.152191162109375 -0.30316162109375
0.27392578125 0.3231201171875 0.107681274414063 -0.268295288085938
0.253936767578125 0.455291748046875 0.146881103515625 -0.222686767578125
0.013336181640625 0.507293701171875 0.221847534179688 -0.171920776367188
-0.210205078125 0.5369873046875 0.21356201171875 -0.0662078857421875
-0.28741455078125 0.51214599609375 0.213333129882812 0.0185699462890625
-0.33258056640625 0.458038330078125 0.0540008544921875 0.110374450683594
-0.448760986328125 0.3314208984375 -0.0901641845703125 0.140731811523438
-0.359954833984375 0.409820556640625 -0.167449951171875 0.222198486328125
-0.308319091796875 0.436065673828125 -0.21588134765625 0.2261962890625
-0.237396240234375 0.473907470703125 -0.1953125 0.148284912109375
-0.033050537109375 0.416290283203125 -0.160400390625 0.0542144775390625
0.07855224609375 0.42498779296875 -0.172195434570313 0.00755310058593754
0.19757080078125 0.35186767578125 -0.3037109375 0.00604248046875006
0.3367919921875 0.28216552734375 -0.45599365234375 0.0687255859374999
0.405517578125 0.28680419921875 0.292327880859375 -0.208251953125
0.241424560546875 0.37457275390625 0.241134643554688 -0.184478759765625
0.19927978515625 0.50628662109375 0.2125244140625 -0.142837524414062
-0.0581970214843749 0.52789306640625 0.260055541992188 -0.134323120117187
-0.28643798828125 0.534637451171875 0.231369018554687 -0.122909545898437
-0.355010986328125 0.5184326171875 0.260452270507813 -0.111297607421875
-0.382476806640625 0.464447021484375 0.1492919921875 -0.067962646484375
-0.4869384765625 0.35919189453125 0.0419692993164062 -0.0244827270507812
-0.3837890625 0.478485107421875 -0.0679817199707032 0.0548019409179688
-0.2978515625 0.524261474609375 -0.162521362304688 0.100921630859375
-0.194091796875 0.5694580078125 -0.195999145507813 0.103683471679688
0.061737060546875 0.482757568359375 -0.152664184570313 0.0814361572265625
0.180694580078125 0.479888916015625 -0.140472412109375 0.0840682983398438
0.280670166015625 0.37554931640625 -0.226318359375 0.0923461914062501
0.39459228515625 0.300384521484375 -0.34674072265625 0.1826171875
0.338104248046875 0.280792236328125 0.414276123046875 -0.09417724609375
0.164825439453125 0.3544921875 0.338470458984375 -0.07147216796875
0.107696533203125 0.45068359375 0.235488891601563 -0.0413970947265625
-0.11383056640625 0.432708740234375 0.265350341796875 -0.0747833251953125
-0.30242919921875 0.422576904296875 0.24688720703125 -0.15472412109375
-0.35150146484375 0.42816162109375 0.313201904296875 -0.21490478515625
-0.36517333984375 0.394256591796875 0.25341796875 -0.230758666992188
-0.44830322265625 0.331451416015625 0.170196533203125 -0.188186645507813
-0.345611572265625 0.464508056640625 0.00788116455078124 -0.1278076171875
-0.236968994140625 0.5115966796875 -0.137397766113281 -0.0487594604492187
-0.11846923828125 0.546905517578125 -0.209548950195313 0.0457305908203125
0.133697509765625 0.4464111328125 -0.138900756835938 0.10247802734375
0.243896484375 0.440765380859375 -0.0857086181640625 0.152053833007813
0.310150146484375 0.334564208984375 -0.1153564453125 0.165023803710938
0.392181396484375 0.270294189453125 -0.212158203125 0.284942626953125
0.231155395507813 0.223007202148438 0.49737548828125 0.01416015625
0.0884552001953125 0.268783569335938 0.3828125 0.036102294921875
0.03948974609375 0.312164306640625 0.212936401367188 0.045867919921875
-0.11248779296875 0.27032470703125 0.234664916992188 -0.01812744140625
-0.234573364257812 0.259384155273438 0.248916625976562 -0.159164428710937
-0.271514892578125 0.285919189453125 0.346343994140625 -0.274810791015625
-0.28204345703125 0.27203369140625 0.339508056640625 -0.351806640625
-0.34295654296875 0.249542236328125 0.274017333984375 -0.324615478515625
-0.263153076171875 0.36248779296875 0.0537109375 -0.286468505859375
-0.16046142578125 0.393035888671875 -0.136581420898437 -0.179061889648438
-0.060638427734375 0.41314697265625 -0.229736328125 -0.00804138183593751
0.138885498046875 0.326873779296875 -0.127464294433594 0.117294311523438
0.225006103515625 0.330810546875 -0.03240966796875 0.200531005859375
0.260772705078125 0.248153686523437 -0.004180908203125 0.2159423828125
0.315887451171875 0.204071044921875 -0.0860595703125 0.36053466796875
0.110275268554688 0.130516052246094 0.5439453125 0.085052490234375
0.037689208984375 0.145721435546875 0.391571044921875 0.105621337890625
0.0193634033203125 0.15087890625 0.175506591796875 0.095001220703125
-0.0565032958984375 0.115875244140625 0.19488525390625 0.0142364501953125
-0.113327026367187 0.113906860351563 0.239913940429688 -0.150543212890625
-0.140121459960938 0.141510009765625 0.353851318359375 -0.300872802734375
-0.151123046875 0.127944946289062 0.3914794921875 -0.42547607421875
-0.188018798828125 0.127365112304688 0.33587646484375 -0.414794921875
-0.149871826171875 0.194839477539062 0.072509765625 -0.3897705078125
-0.0834808349609375 0.205718994140625 -0.1497802734375 -0.264129638671875
-0.0288238525390625 0.213027954101563 -0.248428344726563 -0.0430450439453125
0.08319091796875 0.166763305664063 -0.125144958496094 0.128959655761719
0.136749267578125 0.180282592773437 4.57763671874847E-05 0.232101440429688
0.143844604492188 0.140975952148438 0.07635498046875 0.2501220703125
0.173873901367188 0.116180419921875 0.00479125976562499 0.4111328125
0.0211009979248047 -0.00465774536132812 -0.083160400390625 -0.389434814453125
-0.0171003341674805 0.00132179260253906 -0.133956909179688 -0.280014038085938
-0.0221900939941406 0.00651741027832031 -0.02569580078125 -0.242324829101563
-0.0341339111328125 0.0104255676269531 0.105514526367188 -0.14117431640625
-0.0245285034179688 0.0176525115966797 0.20452880859375 0.0634918212890625
-0.00565958023071289 -0.00569963455200195 0.154708862304688 0.24493408203125
0.00504970550537109 -0.000659465789794922 -0.082122802734375 0.40228271484375
0.00133132934570312 -0.0143699645996094 -0.33587646484375 0.404693603515625
0.0204639434814453 -0.0202770233154297 -0.39471435546875 0.422515869140625
0.00584602355957031 0.00490188598632813 -0.352081298828125 0.31939697265625
0.00597763061523438 0.0219535827636719 -0.211471557617187 0.167160034179688
-0.0188694000244141 0.007965087890625 -0.153106689453125 0.00622558593750001
-0.00767803192138672 0.00649499893188477 -0.167449951171875 -0.107879638671875
0.00647640228271485 -0.0171651840209961 -0.34228515625 -0.12567138671875
0.0220146179199219 -0.0280246734619141 -0.566650390625 -0.1334228515625
0.195785522460938 0.080963134765625 -0.0587158203125 -0.390380859375
0.128265380859375 0.111854553222656 -0.10791015625 -0.300567626953125
0.124618530273437 0.165679931640625 0.00691223144531248 -0.26092529296875
0.02386474609375 0.20428466796875 0.1328125 -0.161270141601563
-0.0605010986328125 0.234176635742188 0.203048706054688 0.041778564453125
-0.0904388427734375 0.2149658203125 0.165496826171875 0.217575073242188
-0.117645263671875 0.201278686523438 -0.06219482421875 0.371612548828125
-0.182861328125 0.127716064453125 -0.294677734375 0.37396240234375
-0.139396667480469 0.133132934570312 -0.352294921875 0.4056396484375
-0.135841369628906 0.137825012207031 -0.32568359375 0.3211669921875
-0.120803833007812 0.151901245117188 -0.207717895507813 0.169052124023437
-0.0762481689453125 0.133674621582031 -0.15264892578125 0.0129547119140625
-0.0287322998046875 0.14910888671875 -0.163970947265625 -0.0954742431640624
0.0409927368164063 0.130599975585938 -0.341796875 -0.115966796875
0.131736755371094 0.1029052734375 -0.56396484375 -0.1055908203125
0.334197998046875 0.16900634765625 0.023590087890625 -0.364013671875
0.23388671875 0.224945068359375 -0.02117919921875 -0.302001953125
0.22735595703125 0.323455810546875 0.0688934326171875 -0.259628295898437
0.04510498046875 0.382537841796875 0.173538208007813 -0.17669677734375
-0.123870849609375 0.422454833984375 0.204147338867188 -0.00349426269531247
-0.18798828125 0.40008544921875 0.182098388671875 0.137893676757813
-0.235443115234375 0.36297607421875 -0.0178070068359375 0.267227172851563
-0.34027099609375 0.249664306640625 -0.208633422851563 0.280487060546875
-0.274658203125 0.282806396484375 -0.27130126953125 0.3424072265625
-0.249847412109375 0.28857421875 -0.277069091796875 0.2969970703125
-0.21319580078125 0.31072998046875 -0.20147705078125 0.167312622070313
-0.0880889892578125 0.278396606445313 -0.158477783203125 0.029754638671875
-0.00357055664062497 0.2978515625 -0.173370361328125 -0.0574493408203125
0.10504150390625 0.261764526367188 -0.336181640625 -0.069091796875
0.2413330078125 0.212615966796875 -0.528167724609375 -0.032440185546875
0.405975341796875 0.242828369140625 0.1513671875 -0.30126953125
0.27130126953125 0.322540283203125 0.106719970703125 -0.265289306640625
0.25177001953125 0.451995849609375 0.146194458007813 -0.221847534179687
0.013946533203125 0.50665283203125 0.221878051757813 -0.170852661132812
-0.209320068359375 0.535308837890625 0.213226318359375 -0.066131591796875
-0.28631591796875 0.5084228515625 0.211563110351562 0.016998291015625
-0.331878662109375 0.45501708984375 0.0529251098632812 0.109642028808594
-0.447479248046875 0.329925537109375 -0.0906753540039063 0.140388488769531
-0.359954833984375 0.407440185546875 -0.166702270507813 0.22052001953125
-0.30584716796875 0.433074951171875 -0.214370727539063 0.225326538085938
-0.236358642578125 0.470458984375 -0.19451904296875 0.148040771484375
-0.0335693359375 0.414154052734375 -0.159744262695313 0.054595947265625
0.078216552734375 0.422943115234375 -0.17071533203125 0.00721740722656253
0.195709228515625 0.350006103515625 -0.3023681640625 0.00689697265625005
0.335052490234375 0.280670166015625 -0.454559326171875 0.0692138671875
0.403228759765625 0.284637451171875 0.29180908203125 -0.206695556640625
0.238006591796875 0.373779296875 0.240020751953125 -0.182525634765625
0.197967529296875 0.503204345703125 0.2115478515625 -0.142807006835937
-0.0563659667968751 0.526153564453125 0.25970458984375 -0.134063720703125
-0.284515380859375 0.532806396484375 0.230499267578125 -0.1221923828125
-0.352142333984375 0.515106201171875 0.258529663085938 -0.111785888671875
-0.3807373046875 0.46240234375 0.148452758789062 -0.067169189453125
-0.48681640625 0.359100341796875 0.0419998168945312 -0.0242729187011718
-0.381561279296875 0.476715087890625 -0.0676345825195313 0.0546226501464844
-0.295867919921875 0.52203369140625 -0.161849975585938 0.1005859375
-0.19171142578125 0.56744384765625 -0.195205688476563 0.103652954101563
0.06060791015625 0.480743408203125 -0.151901245117188 0.0809783935546876
0.181427001953125 0.47705078125 -0.139144897460938 0.0840911865234375
0.279449462890625 0.37371826171875 -0.226165771484375 0.0929412841796875
0.393280029296875 0.2987060546875 -0.344879150390625 0.1812744140625
0.334869384765625 0.2784423828125 0.411590576171875 -0.092559814453125
0.16290283203125 0.353118896484375 0.336944580078125 -0.070892333984375
0.107696533203125 0.4468994140625 0.2349853515625 -0.041229248046875
-0.112945556640625 0.430877685546875 0.265121459960938 -0.074798583984375
-0.29931640625 0.420196533203125 0.2454833984375 -0.1536865234375
-0.35009765625 0.4246826171875 0.312469482421875 -0.215484619140625
-0.364410400390625 0.392913818359375 0.252090454101563 -0.229339599609375
-0.447662353515625 0.33026123046875 0.169296264648437 -0.187454223632813
-0.34423828125 0.46234130859375 0.00732421874999998 -0.127304077148437
-0.236236572265625 0.509918212890625 -0.13665771484375 -0.0479965209960937
-0.117767333984375 0.545745849609375 -0.20843505859375 0.045379638671875
0.131866455078125 0.445098876953125 -0.1385498046875 0.102439880371094
0.244842529296875 0.438232421875 -0.0853424072265625 0.150390625
0.310211181640625 0.3328857421875 -0.115509033203125 0.1656494140625
0.39044189453125 0.268951416015625 -0.21148681640625 0.28466796875
0.228607177734375 0.221282958984375 0.494049072265625 0.013671875
0.0872650146484375 0.267608642578125 0.381988525390625 0.037384033203125
0.03887939453125 0.309844970703125 0.212356567382813 0.0462493896484375
-0.11175537109375 0.268936157226563 0.234817504882812 -0.0189208984375
-0.232192993164062 0.258209228515625 0.24798583984375 -0.157943725585937
-0.269805908203125 0.28338623046875 0.344329833984375 -0.274444580078125
-0.281280517578125 0.27099609375 0.3380126953125 -0.35064697265625
-0.34228515625 0.2490234375 0.27252197265625 -0.322296142578125
-0.261322021484375 0.363006591796875 0.053680419921875 -0.284820556640625
-0.160491943359375 0.39166259765625 -0.135818481445312 -0.177734375
-0.05938720703125 0.41265869140625 -0.228515625 -0.00726318359374998
0.1378173828125 0.325408935546875 -0.126937866210938 0.116706848144531
0.22369384765625 0.328399658203125 -0.03155517578125 0.199172973632813
0.260238647460938 0.247848510742188 -0.005126953125 0.215042114257813
0.313018798828125 0.2021484375 -0.086578369140625 0.360687255859375
0.109596252441406 0.1292724609375 0.54052734375 0.084075927734375
0.037017822265625 0.144912719726563 0.390106201171875 0.1046142578125
0.018829345703125 0.149368286132813 0.174758911132813 0.0951385498046875
-0.0562896728515625 0.114410400390625 0.194671630859375 0.0139923095703125
-0.112831115722656 0.1134033203125 0.238494873046875 -0.149826049804688
-0.139175415039063 0.140235900878906 0.35101318359375 -0.298797607421875
-0.150421142578125 0.126876831054687 0.388031005859375 -0.4249267578125
-0.187179565429687 0.12664794921875 0.33489990234375 -0.412689208984375
-0.149703979492188 0.193771362304688 0.072113037109375 -0.38800048828125
-0.08306884765625 0.204330444335937 -0.149017333984375 -0.262863159179688
-0.0279083251953125 0.212509155273438 -0.247512817382813 -0.0424346923828124
0.0827789306640625 0.16595458984375 -0.124229431152344 0.127647399902344
0.136123657226563 0.179061889648438 -0.000244140624999988 0.229812622070312
0.1439208984375 0.140350341796875 0.0753021240234375 0.248886108398437
0.1737060546875 0.115325927734375 0.00512695312500002 0.410797119140625
0.0208473205566406 -0.00443840026855469 -0.0831298828125 -0.388763427734375
-0.0173625946044922 0.00150585174560547 -0.133041381835937 -0.279006958007813
-0.0221157073974609 0.00716018676757812 -0.027191162109375 -0.2412109375
-0.0345535278320313 0.0112152099609375 0.104423522949219 -0.140518188476563
-0.0242118835449219 0.0179195404052734 0.20440673828125 0.0630035400390625
-0.00556612014770508 -0.0056910514831543 0.1539306640625 0.24346923828125
0.00489139556884766 -0.00100803375244141 -0.0826416015625 0.400390625
0.00132369995117188 -0.0147686004638672 -0.336029052734375 0.403717041015625
0.0195693969726563 -0.0207386016845703 -0.392852783203125 0.420562744140625
0.00614356994628906 0.00487947463989258 -0.350921630859375 0.317962646484375
0.00661468505859375 0.0215530395507813 -0.211212158203125 0.166366577148438
-0.01885986328125 0.00870323181152344 -0.153152465820312 0.00648498535156253
-0.00716733932495117 0.00668668746948242 -0.166748046875 -0.107269287109375
0.00677108764648437 -0.0170831680297852 -0.341949462890625 -0.125030517578125
0.0220203399658203 -0.0284690856933594 -0.566162109375 -0.13275146484375
0.19482421875 0.0805511474609375 -0.057861328125 -0.3883056640625
0.127243041992188 0.11224365234375 -0.10711669921875 -0.298736572265625
0.124862670898438 0.165115356445313 0.00579833984375003 -0.260238647460938
0.02337646484375 0.204788208007813 0.13177490234375 -0.160797119140625
-0.0601959228515625 0.233551025390625 0.2032470703125 0.04217529296875
-0.0902557373046875 0.214752197265625 0.164199829101563 0.216232299804688
-0.11761474609375 0.200637817382813 -0.063079833984375 0.3690185546875
-0.18292236328125 0.127029418945313 -0.295166015625 0.371490478515625
-0.139869689941406 0.132003784179688 -0.35235595703125 0.40435791015625
-0.135124206542969 0.137351989746094 -0.324981689453125 0.32000732421875
-0.120132446289063 0.151260375976562 -0.207382202148438 0.1685791015625
-0.0761642456054688 0.133598327636719 -0.152084350585937 0.01318359375
-0.0282745361328125 0.149139404296875 -0.162994384765625 -0.0948944091796874
0.0406570434570313 0.130195617675781 -0.34075927734375 -0.116302490234375
0.131690979003906 0.101814270019531 -0.561187744140625 -0.105682373046875
0.33197021484375 0.1676025390625 0.02410888671875 -0.363555908203125
0.23272705078125 0.224105834960938 -0.02130126953125 -0.29998779296875
0.22735595703125 0.323394775390625 0.0677490234375 -0.25958251953125
0.044891357421875 0.382415771484375 0.172592163085938 -0.175888061523437
-0.12298583984375 0.42169189453125 0.204010009765625 -0.00300598144531247
-0.1883544921875 0.3985595703125 0.180404663085938 0.136138916015625
-0.235687255859375 0.3623046875 -0.0184173583984375 0.26690673828125
-0.34124755859375 0.247344970703125 -0.208709716796875 0.279083251953125
-0.273910522460938 0.28106689453125 -0.270599365234375 0.339080810546875
-0.248779296875 0.286407470703125 -0.2769775390625 0.295562744140625
-0.21160888671875 0.310516357421875 -0.200897216796875 0.166702270507813
-0.0884552001953125 0.277694702148438 -0.158187866210938 0.0298919677734375
-0.00280761718749997 0.297393798828125 -0.1717529296875 -0.0570220947265625
0.104339599609375 0.261077880859375 -0.33551025390625 -0.069671630859375
0.240570068359375 0.210968017578125 -0.527679443359375 -0.031585693359375
0.403717041015625 0.240447998046875 0.15081787109375 -0.300506591796875
0.26995849609375 0.322296142578125 0.106765747070313 -0.263961791992187
0.250396728515625 0.4493408203125 0.145477294921875 -0.222076416015625
0.012481689453125 0.50604248046875 0.221023559570313 -0.170318603515625
-0.208221435546875 0.532440185546875 0.212631225585938 -0.0658416748046875
-0.286895751953125 0.508209228515625 0.210052490234375 0.0156707763671875
-0.330596923828125 0.453216552734375 0.052276611328125 0.1097412109375
-0.447540283203125 0.328582763671875 -0.0915832519531251 0.139396667480469
-0.359344482421875 0.406036376953125 -0.167251586914063 0.220046997070313
-0.304595947265625 0.431243896484375 -0.213882446289063 0.224884033203125
-0.23590087890625 0.4698486328125 -0.194061279296875 0.147933959960938
-0.0352783203125 0.4134521484375 -0.158950805664063 0.055145263671875
0.078094482421875 0.421630859375 -0.169570922851563 0.00711059570312506
0.195556640625 0.350433349609375 -0.30267333984375 0.00726318359375008
0.334991455078125 0.27880859375 -0.45404052734375 0.0692138671875001
0.399627685546875 0.282867431640625 0.28973388671875 -0.20513916015625
0.237518310546875 0.371795654296875 0.240020751953125 -0.181350708007812
0.196807861328125 0.50152587890625 0.211334228515625 -0.1422119140625
-0.05706787109375 0.524871826171875 0.259475708007813 -0.133621215820312
-0.284515380859375 0.531890869140625 0.230316162109375 -0.12188720703125
-0.3519287109375 0.512542724609375 0.25799560546875 -0.112152099609375
-0.37969970703125 0.46044921875 0.147628784179687 -0.066314697265625
-0.485137939453125 0.3553466796875 0.0413475036621093 -0.0246047973632812
-0.3817138671875 0.47442626953125 -0.0682182312011719 0.0542373657226563
-0.296478271484375 0.519989013671875 -0.161636352539063 0.100479125976563
-0.19091796875 0.5667724609375 -0.195404052734375 0.103225708007813
0.058563232421875 0.479644775390625 -0.151626586914063 0.0813293457031251
0.1812744140625 0.47509765625 -0.13836669921875 0.0833435058593751
0.278167724609375 0.37445068359375 -0.22650146484375 0.0930328369140625
0.392791748046875 0.2972412109375 -0.3447265625 0.18115234375
0.33245849609375 0.277191162109375 0.410797119140625 -0.093292236328125
0.162261962890625 0.35308837890625 0.336273193359375 -0.0693359375
0.107421875 0.445159912109375 0.234207153320312 -0.0406951904296875
-0.11199951171875 0.429656982421875 0.265151977539063 -0.0743408203125
-0.299224853515625 0.4178466796875 0.24566650390625 -0.153060913085937
-0.349365234375 0.42303466796875 0.3106689453125 -0.2154541015625
-0.364532470703125 0.39093017578125 0.251449584960938 -0.227828979492187
-0.447998046875 0.32733154296875 0.169784545898437 -0.186981201171875
-0.342376708984375 0.460174560546875 0.00705718994140624 -0.126693725585937
-0.235809326171875 0.507843017578125 -0.136405944824219 -0.0475921630859374
-0.11767578125 0.544891357421875 -0.208221435546875 0.0456848144531251
0.130767822265625 0.443511962890625 -0.138496398925781 0.101615905761719
0.24395751953125 0.43743896484375 -0.0844268798828125 0.150100708007813
0.308837890625 0.332672119140625 -0.116378784179688 0.165023803710937
0.389556884765625 0.266876220703125 -0.211578369140625 0.28436279296875
0.227066040039063 0.22015380859375 0.4932861328125 0.013702392578125
0.08642578125 0.26715087890625 0.380462646484375 0.036468505859375
0.038604736328125 0.30780029296875 0.212173461914063 0.0464019775390625
-0.1107177734375 0.26751708984375 0.235015869140625 -0.01788330078125
-0.231338500976562 0.256927490234375 0.247543334960937 -0.157135009765625
-0.268798828125 0.28265380859375 0.342437744140625 -0.274322509765625
-0.28131103515625 0.269317626953125 0.33831787109375 -0.349365234375
-0.3421630859375 0.247894287109375 0.27392578125 -0.3223876953125
-0.259796142578125 0.3603515625 0.05352783203125 -0.28302001953125
-0.15863037109375 0.389984130859375 -0.134857177734375 -0.176788330078125
-0.059478759765625 0.413421630859375 -0.227935791015625 -0.00720214843749993
0.13671875 0.325897216796875 -0.127311706542969 0.115913391113281
0.224609375 0.326202392578125 -0.0313873291015625 0.198089599609375
0.259506225585938 0.247360229492188 -0.00607299804687498 0.214828491210938
0.31256103515625 0.20050048828125 -0.0869140625 0.3607177734375
0.108444213867188 0.128707885742188 0.540252685546875 0.08367919921875
0.0358734130859375 0.144638061523438 0.3883056640625 0.104827880859375
0.01885986328125 0.148239135742188 0.174789428710938 0.09527587890625
-0.055908203125 0.113685607910156 0.195220947265625 0.013580322265625
-0.111717224121094 0.1124267578125 0.2376708984375 -0.148651123046875
-0.138771057128906 0.139373779296875 0.350341796875 -0.297027587890625
-0.150604248046875 0.126068115234375 0.3875732421875 -0.422332763671875
-0.187835693359375 0.125885009765625 0.335357666015625 -0.412872314453125
-0.149505615234375 0.193084716796875 0.072723388671875 -0.38641357421875
-0.0828399658203125 0.203781127929687 -0.148513793945312 -0.2613525390625
-0.027984619140625 0.212234497070313 -0.246871948242187 -0.042266845703125
0.082275390625 0.164840698242188 -0.12432861328125 0.127174377441406
0.136627197265625 0.178726196289063 -0.000228881835937492 0.22955322265625
0.143692016601563 0.140457153320313 0.0740203857421875 0.248031616210938
0.173110961914063 0.113739013671875 0.00393676757812504 0.409393310546875
0.0196590423583984 -0.00440597534179688 -0.080352783203125 -0.389312744140625
-0.0174217224121094 0.00215244293212891 -0.131942749023438 -0.278182983398438
-0.0220355987548828 0.00756645202636718 -0.02703857421875 -0.241073608398437
-0.0350608825683594 0.0122146606445313 0.104026794433594 -0.139144897460938
-0.0242443084716797 0.0181674957275391 0.20440673828125 0.06353759765625
-0.00562095642089844 -0.00564432144165039 0.15301513671875 0.242202758789062
0.00446557998657226 -0.00132036209106445 -0.0841064453125 0.399658203125
0.000796318054199217 -0.0151491165161133 -0.33819580078125 0.402435302734375
0.0187416076660156 -0.0206832885742188 -0.394134521484375 0.4189453125
0.00557136535644531 0.00467443466186523 -0.35028076171875 0.317657470703125
0.00670433044433594 0.0212898254394531 -0.210968017578125 0.165863037109375
-0.0186214447021484 0.0090484619140625 -0.152969360351563 0.00659179687499999
-0.0070343017578125 0.00728130340576172 -0.16656494140625 -0.107131958007813
0.00609970092773437 -0.0173807144165039 -0.340972900390625 -0.1246337890625
0.0217990875244141 -0.0288009643554688 -0.56500244140625 -0.13299560546875
0.192779541015625 0.080963134765625 -0.0560302734374999 -0.38836669921875
0.126762390136719 0.1124267578125 -0.10626220703125 -0.2974853515625
0.1241455078125 0.166030883789063 0.0048828125 -0.25982666015625
0.022979736328125 0.204833984375 0.131240844726563 -0.160903930664063
-0.060028076171875 0.234039306640625 0.203125 0.0423126220703125
-0.090362548828125 0.213363647460938 0.162994384765625 0.21502685546875
-0.117752075195312 0.19927978515625 -0.063751220703125 0.369354248046875
-0.183242797851562 0.12640380859375 -0.295928955078125 0.37109375
-0.139945983886719 0.1317138671875 -0.35150146484375 0.403289794921875
-0.134513854980469 0.136543273925781 -0.325469970703125 0.318572998046875
-0.1192626953125 0.151351928710938 -0.2066650390625 0.168258666992187
-0.07623291015625 0.134223937988281 -0.151657104492188 0.012969970703125
-0.0282135009765625 0.148513793945313 -0.161972045898438 -0.0945587158203125
0.0401077270507812 0.130111694335938 -0.340850830078125 -0.11602783203125
0.131294250488281 0.101272583007813 -0.560516357421875 -0.10540771484375
0.330902099609375 0.16802978515625 0.02435302734375 -0.363067626953125
0.23187255859375 0.225479125976563 -0.02056884765625 -0.298980712890625
0.225982666015625 0.323028564453125 0.067138671875 -0.258529663085938
0.044525146484375 0.38372802734375 0.172637939453125 -0.175338745117187
-0.12286376953125 0.421783447265625 0.20416259765625 -0.00337219238281247
-0.1884765625 0.397430419921875 0.179718017578125 0.135391235351563
-0.235321044921875 0.36029052734375 -0.0195770263671875 0.266098022460938
-0.341522216796875 0.247528076171875 -0.210281372070313 0.279098510742187
-0.274200439453125 0.280548095703125 -0.272003173828125 0.338623046875
-0.24749755859375 0.28582763671875 -0.276153564453125 0.294281005859375
-0.210906982421875 0.308349609375 -0.200851440429688 0.166488647460938
-0.0896759033203125 0.277816772460938 -0.157928466796875 0.0303192138671875
-0.00308227539062501 0.296630859375 -0.17120361328125 -0.0570831298828125
0.103622436523437 0.261550903320313 -0.33563232421875 -0.0688781738281249
0.240249633789062 0.21014404296875 -0.525482177734375 -0.03240966796875
0.400482177734375 0.240478515625 0.150360107421875 -0.2991943359375
0.269073486328125 0.321929931640625 0.107406616210937 -0.262496948242188
0.2493896484375 0.451080322265625 0.144943237304688 -0.221572875976562
0.01226806640625 0.50518798828125 0.2215576171875 -0.170135498046875
-0.208221435546875 0.5325927734375 0.212814331054688 -0.065032958984375
-0.2874755859375 0.50494384765625 0.208953857421875 0.0148468017578125
-0.33135986328125 0.451568603515625 0.051727294921875 0.109657287597656
-0.44769287109375 0.3270263671875 -0.0923919677734375 0.139457702636719
-0.359283447265625 0.404815673828125 -0.167739868164063 0.219375610351562
-0.303955078125 0.429901123046875 -0.214065551757813 0.224456787109375
-0.235931396484375 0.47021484375 -0.1943359375 0.147506713867188
-0.036285400390625 0.4141845703125 -0.159225463867188 0.0546417236328125
0.078155517578125 0.421600341796875 -0.168701171875 0.00671386718750002
0.1942138671875 0.35064697265625 -0.302947998046875 0.00720214843750002
0.33441162109375 0.27862548828125 -0.4527587890625 0.0707092285156251
0.398345947265625 0.282562255859375 0.289215087890625 -0.205291748046875
0.235992431640625 0.372314453125 0.239578247070313 -0.179183959960938
0.19580078125 0.5008544921875 0.211669921875 -0.142044067382812
-0.057220458984375 0.524078369140625 0.259918212890625 -0.133529663085938
-0.2833251953125 0.53173828125 0.230148315429687 -0.120773315429687
-0.35247802734375 0.51153564453125 0.25689697265625 -0.113006591796875
-0.380767822265625 0.45941162109375 0.147018432617187 -0.0661468505859375
-0.48590087890625 0.355987548828125 0.0410270690917968 -0.0245323181152344
-0.381988525390625 0.472900390625 -0.0685577392578125 0.0544052124023438
-0.296142578125 0.518646240234375 -0.16168212890625 0.101165771484375
-0.19146728515625 0.56622314453125 -0.194915771484375 0.103591918945313
0.057830810546875 0.479400634765625 -0.151657104492188 0.080963134765625
0.18072509765625 0.475311279296875 -0.137733459472656 0.0827407836914063
0.278228759765625 0.375213623046875 -0.226898193359375 0.09295654296875
0.391632080078125 0.2965087890625 -0.343994140625 0.1812744140625
0.3309326171875 0.276611328125 0.41082763671875 -0.0911865234375
0.16033935546875 0.35272216796875 0.336395263671875 -0.068634033203125
0.10540771484375 0.44390869140625 0.234786987304688 -0.040771484375
-0.11328125 0.42840576171875 0.2657470703125 -0.0746612548828125
-0.297637939453125 0.418609619140625 0.245254516601562 -0.152099609375
-0.3482666015625 0.421844482421875 0.309295654296875 -0.2164306640625
-0.363433837890625 0.38916015625 0.251052856445313 -0.227249145507812
-0.44830322265625 0.32769775390625 0.169845581054687 -0.186904907226562
-0.3441162109375 0.459381103515625 0.00746154785156249 -0.126388549804687
-0.235595703125 0.50616455078125 -0.136009216308594 -0.047271728515625
-0.117828369140625 0.544586181640625 -0.2076416015625 0.045745849609375
0.1297607421875 0.44439697265625 -0.138435363769531 0.102005004882813
0.243682861328125 0.4376220703125 -0.0842132568359375 0.14935302734375
0.308563232421875 0.333648681640625 -0.117111206054688 0.164703369140625
0.38909912109375 0.266265869140625 -0.2125244140625 0.28497314453125
0.225051879882812 0.219711303710937 0.49078369140625 0.0155029296875
0.0847320556640625 0.266494750976563 0.38043212890625 0.03765869140625
0.03765869140625 0.30621337890625 0.212738037109375 0.047607421875
-0.111587524414063 0.266921997070313 0.235504150390625 -0.0184173583984375
-0.230789184570313 0.255783081054687 0.246963500976562 -0.15631103515625
-0.268478393554687 0.280303955078125 0.341888427734375 -0.2728271484375
-0.2816162109375 0.26898193359375 0.337127685546875 -0.3482666015625
-0.343170166015625 0.24603271484375 0.27325439453125 -0.321807861328125
-0.26123046875 0.35888671875 0.05450439453125 -0.282745361328125
-0.158935546875 0.388824462890625 -0.13507080078125 -0.17645263671875
-0.059478759765625 0.412506103515625 -0.227859497070313 -0.00724792480468747
0.135528564453125 0.325225830078125 -0.127182006835938 0.115837097167969
0.2244873046875 0.327239990234375 -0.03106689453125 0.197021484375
0.259429931640625 0.2470703125 -0.00729370117187497 0.214797973632813
0.31298828125 0.200347900390625 -0.087249755859375 0.36053466796875
0.10760498046875 0.128211975097656 0.537994384765625 0.08502197265625
0.0349884033203125 0.143829345703125 0.38800048828125 0.10430908203125
0.0182342529296875 0.147537231445313 0.175369262695313 0.095733642578125
-0.0560226440429687 0.113288879394531 0.195556640625 0.0138397216796875
-0.110992431640625 0.111404418945312 0.236968994140625 -0.148468017578125
-0.138336181640625 0.138633728027344 0.349273681640625 -0.29510498046875
-0.151229858398438 0.125778198242187 0.388153076171875 -0.421539306640625
-0.188140869140625 0.124755859375 0.336151123046875 -0.411956787109375
-0.149490356445313 0.192489624023438 0.074249267578125 -0.384307861328125
-0.0828399658203125 0.202865600585938 -0.147659301757813 -0.260910034179688
-0.02813720703125 0.212158203125 -0.246963500976563 -0.04254150390625
0.081207275390625 0.165115356445313 -0.124748229980469 0.126487731933594
0.136520385742187 0.178390502929687 0.000366210937499997 0.228988647460938
0.14410400390625 0.140762329101563 0.0730438232421875 0.248062133789062
0.172637939453125 0.1136474609375 0.00347900390624998 0.409698486328125
0.0192222595214844 -0.00405693054199219 -0.08074951171875 -0.38970947265625
-0.0175399780273438 0.00238609313964843 -0.131591796875 -0.277694702148438
-0.0220794677734375 0.008056640625 -0.0284576416015625 -0.240676879882813
-0.0351715087890625 0.0132598876953125 0.103553771972656 -0.138916015625
-0.0242538452148438 0.0186901092529297 0.204330444335938 0.0626220703125
-0.00563383102416992 -0.00590085983276367 0.152175903320313 0.241958618164063
0.00444221496582031 -0.00177001953125 -0.08526611328125 0.3997802734375
0.000435829162597656 -0.0150623321533203 -0.340118408203125 0.40289306640625
0.0180568695068359 -0.0209178924560547 -0.395599365234375 0.4183349609375
0.00589466094970703 0.00507974624633789 -0.349517822265625 0.317474365234375
0.00659751892089844 0.0216960906982422 -0.211044311523438 0.165252685546875
-0.0188808441162109 0.00952720642089844 -0.152694702148438 0.00697326660156247
-0.00644111633300781 0.00726938247680664 -0.165817260742188 -0.106552124023438
0.00622844696044922 -0.0171918869018555 -0.342041015625 -0.124755859375
0.021881103515625 -0.0290145874023438 -0.5650634765625 -0.13427734375
0.192047119140625 0.0809326171875 -0.056976318359375 -0.388519287109375
0.126953125 0.113182067871094 -0.10540771484375 -0.296966552734375
0.1243896484375 0.1661376953125 0.00506591796875001 -0.259384155273438
0.023223876953125 0.206298828125 0.131561279296875 -0.16021728515625
-0.0603485107421875 0.234451293945312 0.20361328125 0.0424957275390625
-0.09124755859375 0.213287353515625 0.1622314453125 0.214645385742188
-0.117950439453125 0.198562622070313 -0.064910888671875 0.36932373046875
-0.184524536132813 0.125579833984375 -0.297637939453125 0.37103271484375
-0.140701293945312 0.13079833984375 -0.352691650390625 0.4014892578125
-0.134933471679687 0.13604736328125 -0.324493408203125 0.317840576171875
-0.119873046875 0.151168823242187 -0.20733642578125 0.16815185546875
-0.077056884765625 0.134231567382813 -0.151779174804688 0.01385498046875
-0.027801513671875 0.149169921875 -0.161392211914062 -0.0944976806640625
0.0398788452148437 0.130218505859375 -0.3414306640625 -0.11431884765625
0.131538391113281 0.101425170898437 -0.560394287109375 -0.10504150390625
0.3280029296875 0.16851806640625 0.024383544921875 -0.3623046875
0.231826782226562 0.22625732421875 -0.02001953125 -0.29791259765625
0.226226806640625 0.3231201171875 0.066741943359375 -0.259445190429688
0.043792724609375 0.383056640625 0.172637939453125 -0.175048828125
-0.1229248046875 0.422088623046875 0.204620361328125 -0.00305175781249997
-0.189117431640625 0.3963623046875 0.17840576171875 0.134475708007813
-0.235565185546875 0.359283447265625 -0.020172119140625 0.266448974609375
-0.343231201171875 0.24676513671875 -0.21173095703125 0.278945922851563
-0.274948120117187 0.279754638671875 -0.2740478515625 0.33770751953125
-0.24884033203125 0.28558349609375 -0.276947021484375 0.295806884765625
-0.211090087890625 0.310638427734375 -0.202041625976563 0.166488647460938
-0.08978271484375 0.27850341796875 -0.157852172851562 0.0308074951171875
-0.00320434570312503 0.297393798828125 -0.170272827148438 -0.0569915771484375
0.103500366210937 0.262176513671875 -0.335906982421875 -0.069091796875
0.240341186523438 0.210052490234375 -0.52630615234375 -0.031494140625
0.39996337890625 0.241058349609375 0.150726318359375 -0.298553466796875
0.268646240234375 0.322967529296875 0.107818603515625 -0.260955810546875
0.2501220703125 0.4508056640625 0.144256591796875 -0.222625732421875
0.012298583984375 0.5064697265625 0.222137451171875 -0.170181274414062
-0.20892333984375 0.533966064453125 0.213150024414063 -0.0655670166015625
-0.287567138671875 0.504730224609375 0.208587646484375 0.0139923095703125
-0.33233642578125 0.4517822265625 0.0512542724609375 0.110214233398438
-0.449127197265625 0.32659912109375 -0.093231201171875 0.139854431152344
-0.360870361328125 0.403045654296875 -0.169036865234375 0.2193603515625
-0.3050537109375 0.429412841796875 -0.2142333984375 0.224807739257812
-0.235565185546875 0.4705810546875 -0.194580078125 0.148391723632813
-0.036895751953125 0.4140625 -0.159439086914063 0.0549163818359375
0.077972412109375 0.4219970703125 -0.167800903320313 0.00659179687500001
0.194976806640625 0.351593017578125 -0.304046630859375 0.00698852539062507
0.334625244140625 0.278594970703125 -0.45404052734375 0.06976318359375
0.3970947265625 0.282745361328125 0.288726806640625 -0.20416259765625
0.23468017578125 0.3739013671875 0.240402221679688 -0.178604125976563
0.194366455078125 0.5008544921875 0.211334228515625 -0.142044067382812
-0.058013916015625 0.5244140625 0.260467529296875 -0.133621215820312
-0.28424072265625 0.53173828125 0.229965209960937 -0.120819091796875
-0.353515625 0.510772705078125 0.255645751953125 -0.113906860351562
-0.38201904296875 0.4576416015625 0.147003173828125 -0.0662994384765625
-0.487274169921875 0.353607177734375 0.0407142639160156 -0.0244636535644531
-0.383331298828125 0.47247314453125 -0.0691413879394531 0.0544319152832032
-0.296356201171875 0.5181884765625 -0.161300659179688 0.100830078125
-0.190673828125 0.56719970703125 -0.195648193359375 0.103851318359375
0.05718994140625 0.48150634765625 -0.151763916015625 0.0811309814453125
0.180999755859375 0.47509765625 -0.136741638183594 0.0819778442382813
0.27752685546875 0.375762939453125 -0.228240966796875 0.092987060546875
0.39410400390625 0.295501708984375 -0.345428466796875 0.18402099609375
0.328948974609375 0.276824951171875 0.409210205078125 -0.0911865234375
0.1600341796875 0.35333251953125 0.3365478515625 -0.067962646484375
0.10491943359375 0.443267822265625 0.235061645507813 -0.0400543212890625
-0.1138916015625 0.4287109375 0.266357421875 -0.0740203857421875
-0.2978515625 0.41864013671875 0.245681762695312 -0.151779174804687
-0.34912109375 0.42095947265625 0.309478759765625 -0.215576171875
-0.3648681640625 0.388885498046875 0.251617431640625 -0.227142333984375
-0.449493408203125 0.326812744140625 0.169937133789063 -0.1873779296875
-0.34417724609375 0.4598388671875 0.00701141357421873 -0.12640380859375
-0.235748291015625 0.506866455078125 -0.135635375976563 -0.0473709106445312
-0.11700439453125 0.54681396484375 -0.208389282226562 0.0460357666015625
0.130279541015625 0.44427490234375 -0.138435363769531 0.102066040039063
0.243896484375 0.4366455078125 -0.083740234375 0.148849487304688
0.30816650390625 0.33441162109375 -0.118804931640625 0.165283203125
0.39105224609375 0.2652587890625 -0.21270751953125 0.285858154296875
0.223953247070313 0.21990966796875 0.490447998046875 0.01458740234375
0.083953857421875 0.267333984375 0.381500244140625 0.038116455078125
0.036712646484375 0.30572509765625 0.213607788085937 0.0472259521484375
-0.112045288085938 0.26654052734375 0.236740112304688 -0.018463134765625
-0.230484008789063 0.255905151367188 0.247283935546875 -0.155838012695312
-0.2686767578125 0.278961181640625 0.341796875 -0.27294921875
-0.283111572265625 0.267669677734375 0.337005615234375 -0.347503662109375
-0.343841552734375 0.246490478515625 0.275482177734375 -0.322784423828125
-0.262054443359375 0.3590087890625 0.0545654296875 -0.28216552734375
-0.160125732421875 0.388641357421875 -0.1343994140625 -0.1768798828125
-0.0596923828125 0.41217041015625 -0.228546142578125 -0.00727844238281243
0.135986328125 0.32470703125 -0.127647399902344 0.116142272949219
0.2252197265625 0.326934814453125 -0.0313720703125 0.196731567382813
0.260955810546875 0.2484130859375 -0.00886535644531247 0.2149658203125
0.3131103515625 0.20013427734375 -0.088958740234375 0.361541748046875
0.107200622558594 0.128303527832031 0.53753662109375 0.085601806640625
0.0344085693359375 0.144363403320313 0.388641357421875 0.104522705078125
0.0180511474609375 0.146316528320313 0.175582885742188 0.0968475341796875
-0.0559234619140625 0.112709045410156 0.195999145507813 0.013580322265625
-0.110923767089844 0.111038208007813 0.2371826171875 -0.148330688476562
-0.137725830078125 0.137451171875 0.34991455078125 -0.295166015625
-0.15216064453125 0.125625610351563 0.3875732421875 -0.42047119140625
-0.188735961914062 0.12481689453125 0.338470458984375 -0.41339111328125
-0.1502685546875 0.192398071289062 0.075347900390625 -0.384674072265625
-0.0830078125 0.202667236328125 -0.147506713867188 -0.260711669921875
-0.0281982421875 0.2125244140625 -0.246963500976563 -0.0424804687499999
0.080780029296875 0.165252685546875 -0.125068664550781 0.126655578613281
0.137039184570313 0.177932739257813 -4.57763671874998E-05 0.227981567382813
0.1439208984375 0.141067504882813 0.071807861328125 0.2479248046875
0.172500610351563 0.11297607421875 0.00180053710937502 0.409912109375
0.0186080932617188 -0.00415420532226563 -0.080474853515625 -0.390045166015625
-0.0176658630371094 0.00284385681152343 -0.130584716796875 -0.27862548828125
-0.0222682952880859 0.00901222229003907 -0.0283355712890625 -0.240524291992188
-0.0355911254882813 0.013946533203125 0.103240966796875 -0.138618469238281
-0.0243873596191406 0.0186386108398438 0.2056884765625 0.0626220703125
-0.00598812103271484 -0.00650262832641601 0.152069091796875 0.24176025390625
0.00414252281188965 -0.00167560577392578 -0.0865478515625 0.400726318359375
2.19345092773429E-05 -0.0152292251586914 -0.34307861328125 0.405120849609375
0.0173263549804688 -0.0210037231445313 -0.39630126953125 0.41802978515625
0.0062565803527832 0.00507497787475586 -0.350128173828125 0.3162841796875
0.0071563720703125 0.0218429565429688 -0.2115478515625 0.165267944335938
-0.0186653137207031 0.0102615356445313 -0.153335571289063 0.00750732421875001
-0.00608253479003906 0.00786399841308594 -0.166229248046875 -0.106674194335938
0.00582218170166015 -0.0174007415771484 -0.34222412109375 -0.124908447265625
0.0220203399658203 -0.0293769836425781 -0.56597900390625 -0.13397216796875
0.191238403320312 0.0814361572265625 -0.0568237304687499 -0.389739990234375
0.126518249511719 0.11322021484375 -0.104888916015625 -0.2972412109375
0.1246337890625 0.166885375976563 0.00376892089843752 -0.260147094726563
0.022674560546875 0.207351684570313 0.131591796875 -0.159805297851563
-0.0606231689453125 0.235336303710937 0.204605102539062 0.04229736328125
-0.0915069580078125 0.213531494140625 0.161697387695313 0.214065551757813
-0.118667602539063 0.199203491210937 -0.06646728515625 0.36962890625
-0.18524169921875 0.1260986328125 -0.299591064453125 0.3729248046875
-0.142379760742188 0.131072998046875 -0.354461669921875 0.40277099609375
-0.135269165039062 0.1358642578125 -0.32537841796875 0.31988525390625
-0.119369506835938 0.15155029296875 -0.2080078125 0.168014526367188
-0.0772476196289063 0.135368347167969 -0.152603149414063 0.0142974853515625
-0.027252197265625 0.149627685546875 -0.1614990234375 -0.0944976806640624
0.03961181640625 0.130661010742188 -0.3426513671875 -0.114715576171875
0.132057189941406 0.100433349609375 -0.562255859375 -0.105682373046875
0.3289794921875 0.168304443359375 0.025543212890625 -0.362884521484375
0.231536865234375 0.226821899414063 -0.019195556640625 -0.297821044921875
0.2255859375 0.324310302734375 0.0655059814453125 -0.259841918945313
0.044281005859375 0.38629150390625 0.17303466796875 -0.175369262695312
-0.122772216796875 0.423431396484375 0.205429077148438 -0.00320434570312497
-0.19110107421875 0.397674560546875 0.177993774414062 0.133544921875
-0.237060546875 0.3604736328125 -0.0211181640625 0.267532348632813
-0.34429931640625 0.24664306640625 -0.213623046875 0.27960205078125
-0.275360107421875 0.279754638671875 -0.274383544921875 0.3387451171875
-0.24847412109375 0.2852783203125 -0.27783203125 0.29681396484375
-0.21142578125 0.31005859375 -0.202133178710938 0.16717529296875
-0.090972900390625 0.279388427734375 -0.1585693359375 0.030853271484375
-0.00369262695312502 0.297454833984375 -0.16961669921875 -0.056976318359375
0.102737426757813 0.262924194335938 -0.33746337890625 -0.06884765625
0.240798950195313 0.210678100585938 -0.527557373046875 -0.031494140625
0.398681640625 0.241546630859375 0.150726318359375 -0.2991943359375
0.2681884765625 0.324310302734375 0.108169555664063 -0.260848999023438
0.249908447265625 0.451263427734375 0.144546508789063 -0.22320556640625
0.01171875 0.508148193359375 0.22247314453125 -0.170516967773438
-0.20892333984375 0.536041259765625 0.213577270507813 -0.0650482177734375
-0.289276123046875 0.5069580078125 0.2081298828125 0.0132598876953125
-0.333740234375 0.452362060546875 0.0509262084960937 0.110603332519531
-0.451202392578125 0.326507568359375 -0.0945968627929688 0.140037536621094
-0.362274169921875 0.40460205078125 -0.169723510742188 0.219268798828125
-0.3056640625 0.430328369140625 -0.214553833007812 0.225677490234375
-0.236053466796875 0.47332763671875 -0.195205688476563 0.148666381835938
-0.03680419921875 0.415679931640625 -0.159500122070313 0.055633544921875
0.0782470703125 0.4217529296875 -0.16790771484375 0.00646972656250003
0.193878173828125 0.353271484375 -0.30572509765625 0.00759887695312506
0.33612060546875 0.27801513671875 -0.454833984375 0.0711975097656251
0.3956298828125 0.282989501953125 0.289215087890625 -0.20501708984375
0.234832763671875 0.374053955078125 0.241104125976563 -0.17803955078125
0.19482421875 0.50042724609375 0.212188720703125 -0.142913818359375
-0.058380126953125 0.5263671875 0.261947631835938 -0.133987426757812
-0.28375244140625 0.533050537109375 0.2314453125 -0.121200561523437
-0.35479736328125 0.511474609375 0.256362915039062 -0.115280151367187
-0.383514404296875 0.45928955078125 0.147079467773437 -0.065643310546875
-0.490753173828125 0.355560302734375 0.0405464172363281 -0.0244674682617187
-0.3843994140625 0.47393798828125 -0.0693931579589844 0.0544509887695313
-0.29730224609375 0.51971435546875 -0.161819458007813 0.101547241210938
-0.19073486328125 0.5699462890625 -0.196060180664063 0.104827880859375
0.057220458984375 0.48291015625 -0.152023315429688 0.0814208984375
0.182037353515625 0.475921630859375 -0.136734008789063 0.0817947387695313
0.278594970703125 0.376190185546875 -0.229644775390625 0.0939483642578125
0.394775390625 0.2962646484375 -0.346954345703125 0.18414306640625
0.329010009765625 0.276611328125 0.409637451171875 -0.091064453125
0.1590576171875 0.35400390625 0.33740234375 -0.067535400390625
0.10516357421875 0.44342041015625 0.236572265625 -0.0405426025390625
-0.11395263671875 0.42913818359375 0.267532348632813 -0.0747528076171875
-0.29779052734375 0.419281005859375 0.246322631835937 -0.152206420898437
-0.351287841796875 0.420440673828125 0.30938720703125 -0.217071533203125
-0.3675537109375 0.389068603515625 0.25201416015625 -0.227676391601562
-0.45098876953125 0.327972412109375 0.171234130859375 -0.187789916992187
-0.34600830078125 0.460479736328125 0.00698852539062497 -0.126274108886719
-0.23583984375 0.5079345703125 -0.13604736328125 -0.0471725463867187
-0.116546630859375 0.54827880859375 -0.208724975585938 0.0463409423828126
0.130401611328125 0.446502685546875 -0.139129638671875 0.102378845214844
0.245513916015625 0.437530517578125 -0.0831451416015625 0.148422241210938
0.309722900390625 0.335479736328125 -0.119522094726562 0.165939331054688
0.391265869140625 0.2645263671875 -0.21380615234375 0.28759765625
0.223175048828125 0.220016479492188 0.491424560546875 0.01544189453125
0.082794189453125 0.267745971679687 0.381561279296875 0.038604736328125
0.036651611328125 0.3055419921875 0.214569091796875 0.0477294921875
-0.1116943359375 0.26593017578125 0.23760986328125 -0.0184173583984375
-0.230377197265625 0.255966186523438 0.247238159179687 -0.15618896484375
-0.268951416015625 0.28021240234375 0.342803955078125 -0.273468017578125
-0.283477783203125 0.26788330078125 0.3388671875 -0.3477783203125
-0.345947265625 0.24591064453125 0.27685546875 -0.32421875
-0.261566162109375 0.359893798828125 0.054473876953125 -0.2823486328125
-0.160675048828125 0.390289306640625 -0.13494873046875 -0.17626953125
-0.05877685546875 0.4150390625 -0.228805541992188 -0.006927490234375
0.135528564453125 0.325927734375 -0.12811279296875 0.115959167480469
0.22625732421875 0.3270263671875 -0.031005859375 0.19622802734375
0.262435913085938 0.249420166015625 -0.00941467285156251 0.2159423828125
0.3123779296875 0.19952392578125 -0.08935546875 0.36358642578125
0.106697082519531 0.128227233886719 0.537506103515625 0.083648681640625
0.0340118408203125 0.14459228515625 0.3905029296875 0.104248046875
0.0181884765625 0.146026611328125 0.177001953125 0.0970306396484375
-0.0567779541015625 0.112083435058594 0.19732666015625 0.013275146484375
-0.110641479492187 0.1104736328125 0.23736572265625 -0.14813232421875
-0.138511657714844 0.137176513671875 0.350433349609375 -0.2952880859375
-0.153518676757813 0.125747680664062 0.38922119140625 -0.422393798828125
-0.190048217773438 0.12457275390625 0.340576171875 -0.414886474609375
-0.150390625 0.192352294921875 0.07586669921875 -0.38482666015625
-0.0833282470703125 0.20330810546875 -0.147491455078125 -0.260665893554688
-0.027862548828125 0.213348388671875 -0.2481689453125 -0.0420989990234375
0.0807342529296875 0.165771484375 -0.125358581542969 0.126777648925781
0.137863159179688 0.178085327148438 -0.000335693359374981 0.228012084960937
0.145156860351563 0.141464233398438 0.0709075927734375 0.249038696289063
0.172897338867188 0.113082885742187 0.000427246093750003 0.412506103515625
0.0183200836181641 -0.00397491455078125 -0.079620361328125 -0.39306640625
-0.0176830291748047 0.00354385375976562 -0.1307373046875 -0.279678344726563
-0.0223026275634766 0.00864410400390625 -0.0296478271484375 -0.241073608398438
-0.0356903076171875 0.0153541564941406 0.102706909179688 -0.138236999511719
-0.0243473052978516 0.019287109375 0.207611083984375 0.0633544921875
-0.00608587265014648 -0.00647306442260742 0.151779174804687 0.242752075195313
0.00433826446533203 -0.00238227844238281 -0.0885009765625 0.401519775390625
-0.000266075134277345 -0.0158357620239258 -0.345306396484375 0.40716552734375
0.0170173645019531 -0.0213031768798828 -0.399169921875 0.4190673828125
0.00595569610595703 0.00499343872070313 -0.35260009765625 0.318145751953125
0.00705146789550781 0.0217399597167969 -0.21240234375 0.165679931640625
-0.0187892913818359 0.0105113983154297 -0.153732299804688 0.00755310058593753
-0.00580215454101563 0.00793313980102539 -0.166366577148437 -0.106460571289063
0.00571823120117187 -0.0176582336425781 -0.343994140625 -0.125213623046875
0.0220470428466797 -0.0303573608398438 -0.5687255859375 -0.13446044921875
0.19134521484375 0.0823516845703125 -0.05596923828125 -0.391082763671875
0.127212524414063 0.114738464355469 -0.104217529296875 -0.297210693359375
0.125274658203125 0.167816162109375 0.00195312499999999 -0.261245727539063
0.0229949951171875 0.20953369140625 0.131820678710938 -0.160614013671875
-0.0598907470703125 0.237167358398438 0.205902099609375 0.0420989990234375
-0.0922088623046875 0.21435546875 0.161941528320313 0.214111328125
-0.119827270507812 0.199554443359375 -0.0675048828125 0.37127685546875
-0.186782836914063 0.126327514648438 -0.303314208984375 0.374603271484375
-0.143035888671875 0.130889892578125 -0.357666015625 0.4044189453125
-0.135284423828125 0.136238098144531 -0.327239990234375 0.320831298828125
-0.119781494140625 0.1522216796875 -0.20843505859375 0.168411254882813
-0.07794189453125 0.136085510253906 -0.152618408203125 0.0145721435546875
-0.0275421142578125 0.150253295898438 -0.161544799804688 -0.094451904296875
0.0390777587890625 0.131256103515625 -0.343597412109375 -0.114532470703125
0.131660461425781 0.100433349609375 -0.5635986328125 -0.10626220703125
0.328582763671875 0.169647216796875 0.0252685546875 -0.364227294921875
0.232513427734375 0.227981567382813 -0.019500732421875 -0.297821044921875
0.2271728515625 0.324981689453125 0.0653076171875 -0.261077880859375
0.045318603515625 0.388336181640625 0.173858642578125 -0.176193237304687
-0.123565673828125 0.425689697265625 0.206069946289063 -0.00326538085937497
-0.191314697265625 0.399383544921875 0.17779541015625 0.13330078125
-0.23907470703125 0.361480712890625 -0.0220794677734375 0.268539428710938
-0.34698486328125 0.247711181640625 -0.215911865234375 0.28143310546875
-0.277679443359375 0.280380249023438 -0.27569580078125 0.340484619140625
-0.249969482421875 0.285888671875 -0.277862548828125 0.298004150390625
-0.211761474609375 0.3115234375 -0.202774047851563 0.168258666992188
-0.091827392578125 0.281585693359375 -0.1588134765625 0.031585693359375
-0.00265502929687499 0.29864501953125 -0.170181274414063 -0.05743408203125
0.102615356445312 0.26409912109375 -0.338836669921875 -0.06866455078125
0.241851806640625 0.209945678710938 -0.530426025390625 -0.0312194824218749
0.398193359375 0.24188232421875 0.15093994140625 -0.299591064453125
0.269439697265625 0.326171875 0.108932495117188 -0.260971069335938
0.251312255859375 0.45343017578125 0.145126342773438 -0.223541259765625
0.01275634765625 0.510589599609375 0.223175048828125 -0.171585083007813
-0.209381103515625 0.53900146484375 0.215484619140625 -0.0655975341796875
-0.28955078125 0.508056640625 0.208282470703125 0.012359619140625
-0.33544921875 0.45361328125 0.050689697265625 0.111289978027344
-0.4542236328125 0.328582763671875 -0.095916748046875 0.140869140625
-0.363861083984375 0.405670166015625 -0.171173095703125 0.2200927734375
-0.306640625 0.43194580078125 -0.215576171875 0.2269287109375
-0.236846923828125 0.47491455078125 -0.196212768554688 0.14990234375
-0.038543701171875 0.417938232421875 -0.159561157226562 0.0559844970703126
0.079681396484375 0.42401123046875 -0.16717529296875 0.00595092773437504
0.19512939453125 0.355438232421875 -0.307708740234375 0.00857543945312506
0.33734130859375 0.27734375 -0.457489013671875 0.0724487304687501
0.396209716796875 0.28387451171875 0.289520263671875 -0.20465087890625
0.235443115234375 0.377532958984375 0.242385864257813 -0.17822265625
0.196014404296875 0.50274658203125 0.212722778320313 -0.143600463867187
-0.05804443359375 0.529296875 0.263565063476563 -0.134963989257812
-0.284515380859375 0.536224365234375 0.232009887695313 -0.121841430664062
-0.356109619140625 0.511871337890625 0.256072998046875 -0.116134643554687
-0.385498046875 0.460296630859375 0.147903442382812 -0.066314697265625
-0.493408203125 0.35723876953125 0.0403785705566406 -0.0250587463378906
-0.386138916015625 0.4755859375 -0.0707015991210938 0.0548095703125
-0.297882080078125 0.5205078125 -0.162338256835938 0.1021728515625
-0.1912841796875 0.57391357421875 -0.197021484375 0.10516357421875
0.0567626953125 0.4852294921875 -0.152587890625 0.0821685791015625
0.183197021484375 0.477691650390625 -0.136512756347656 0.0817031860351563
0.280303955078125 0.380096435546875 -0.23150634765625 0.0948944091796875
0.396270751953125 0.29522705078125 -0.347381591796875 0.1871337890625
0.32830810546875 0.276824951171875 0.4111328125 -0.090728759765625
0.159027099609375 0.357086181640625 0.33929443359375 -0.06744384765625
0.105194091796875 0.443572998046875 0.23809814453125 -0.040679931640625
-0.114776611328125 0.429962158203125 0.268936157226563 -0.074951171875
-0.2974853515625 0.42156982421875 0.247543334960937 -0.152359008789062
-0.352569580078125 0.422515869140625 0.31036376953125 -0.21795654296875
-0.368804931640625 0.391326904296875 0.253189086914062 -0.228103637695312
-0.4539794921875 0.328277587890625 0.1712646484375 -0.188873291015625
-0.346832275390625 0.461578369140625 0.00730895996093747 -0.126686096191406
-0.23779296875 0.5113525390625 -0.136825561523438 -0.0467376708984375
-0.1160888671875 0.551849365234375 -0.209930419921875 0.046966552734375
0.13043212890625 0.448272705078125 -0.139335632324219 0.102790832519531
0.247344970703125 0.439208984375 -0.083465576171875 0.148361206054688
0.31060791015625 0.337066650390625 -0.12127685546875 0.167587280273438
0.393280029296875 0.2664794921875 -0.21514892578125 0.28948974609375
0.223068237304688 0.220611572265625 0.493927001953125 0.01568603515625
0.0825347900390625 0.269149780273438 0.384033203125 0.03759765625
0.036712646484375 0.3052978515625 0.21673583984375 0.0474853515625
-0.112457275390625 0.266555786132813 0.238998413085938 -0.0197906494140625
-0.2303466796875 0.257110595703125 0.248153686523437 -0.156723022460937
-0.269485473632812 0.280319213867188 0.34417724609375 -0.274810791015625
-0.28515625 0.268951416015625 0.340240478515625 -0.35125732421875
-0.34893798828125 0.2471923828125 0.27862548828125 -0.325592041015625
-0.263031005859375 0.361663818359375 0.055694580078125 -0.28314208984375
-0.160552978515625 0.39166259765625 -0.135284423828125 -0.177017211914062
-0.05975341796875 0.41790771484375 -0.229660034179688 -0.00679016113281246
0.136383056640625 0.32818603515625 -0.128959655761719 0.116371154785156
0.2276611328125 0.327880859375 -0.031158447265625 0.196807861328125
0.2633056640625 0.25091552734375 -0.0100555419921875 0.216567993164063
0.3148193359375 0.200408935546875 -0.08966064453125 0.365997314453125
0.106269836425781 0.128486633300781 0.54034423828125 0.08526611328125
0.0338134765625 0.1455078125 0.39117431640625 0.104095458984375
0.017242431640625 0.145309448242188 0.17840576171875 0.097625732421875
-0.0567398071289063 0.112136840820312 0.198486328125 0.0124664306640625
-0.110488891601562 0.110404968261719 0.237625122070312 -0.148025512695313
-0.138298034667969 0.1373291015625 0.35174560546875 -0.29608154296875
-0.154449462890625 0.126220703125 0.3916015625 -0.423553466796875
-0.191452026367188 0.126007080078125 0.342926025390625 -0.4158935546875
-0.151336669921875 0.193023681640625 0.07757568359375 -0.385711669921875
-0.0836334228515625 0.2041015625 -0.14788818359375 -0.261138916015625
-0.028045654296875 0.214523315429688 -0.249420166015625 -0.041961669921875
0.0811004638671875 0.166458129882813 -0.126029968261719 0.127426147460937
0.138961791992188 0.17877197265625 0.000244140625000029 0.2286376953125
0.146438598632813 0.142562866210938 0.070159912109375 0.250198364257813
0.173141479492188 0.112762451171875 0.000518798828125029 0.414794921875
0.0180816650390625 -0.00357818603515625 -0.0802001953125 -0.396514892578125
-0.0178070068359375 0.00336265563964844 -0.130950927734375 -0.280319213867188
-0.0221538543701172 0.00975418090820313 -0.0310516357421875 -0.24163818359375
-0.0358123779296875 0.01629638671875 0.103309631347656 -0.138442993164063
-0.0243301391601563 0.0197219848632812 0.208328247070313 0.062286376953125
-0.00620222091674805 -0.00671720504760742 0.1529541015625 0.242767333984375
0.00390195846557617 -0.0029759407043457 -0.08843994140625 0.403839111328125
-0.000617980957031251 -0.0159578323364258 -0.347991943359375 0.409637451171875
0.0158557891845703 -0.0214920043945312 -0.39996337890625 0.421173095703125
0.00575685501098633 0.00445175170898438 -0.35296630859375 0.319610595703125
0.00719642639160156 0.0218410491943359 -0.213363647460937 0.166549682617188
-0.0189952850341797 0.0112495422363281 -0.154373168945313 0.00840759277343752
-0.00554752349853516 0.00836324691772461 -0.167083740234375 -0.106033325195313
0.00549697875976563 -0.0177822113037109 -0.34625244140625 -0.124359130859375
0.0217552185058594 -0.0309257507324219 -0.57159423828125 -0.13494873046875
0.191482543945313 0.082427978515625 -0.05712890625 -0.39337158203125
0.127632141113281 0.11529541015625 -0.10516357421875 -0.298187255859375
0.12615966796875 0.168167114257813 0.000701904296875022 -0.26239013671875
0.0236358642578125 0.211578369140625 0.132339477539063 -0.160797119140625
-0.0598297119140625 0.239044189453125 0.206741333007813 0.04205322265625
-0.0928497314453125 0.215530395507813 0.162155151367188 0.21417236328125
-0.120254516601563 0.199951171875 -0.068359375 0.373626708984375
-0.187896728515625 0.127151489257812 -0.3045654296875 0.3773193359375
-0.144363403320312 0.131607055664063 -0.35833740234375 0.406097412109375
-0.135787963867187 0.137123107910156 -0.326446533203125 0.32318115234375
-0.119735717773438 0.153121948242187 -0.2093505859375 0.169723510742187
-0.0781021118164062 0.137748718261719 -0.153564453125 0.015228271484375
-0.026947021484375 0.151046752929688 -0.161849975585938 -0.0944671630859375
0.0393829345703125 0.132240295410156 -0.345947265625 -0.1146240234375
0.133094787597656 0.1002197265625 -0.56695556640625 -0.1055908203125
0.329315185546875 0.16986083984375 0.0252685546875001 -0.365631103515625
0.2332763671875 0.22955322265625 -0.0189208984375 -0.29840087890625
0.22894287109375 0.326629638671875 0.0637969970703125 -0.263275146484375
0.0458984375 0.389739990234375 0.173980712890625 -0.17724609375
-0.122161865234375 0.42816162109375 0.2078857421875 -0.00405883789062497
-0.19342041015625 0.401611328125 0.178665161132813 0.132522583007813
-0.238739013671875 0.36328125 -0.0216827392578125 0.27032470703125
-0.34906005859375 0.249237060546875 -0.217681884765625 0.283355712890625
-0.279876708984375 0.28173828125 -0.277008056640625 0.342864990234375
-0.250823974609375 0.28826904296875 -0.279083251953125 0.2994384765625
-0.212249755859375 0.31475830078125 -0.203964233398438 0.169387817382813
-0.092041015625 0.283599853515625 -0.15936279296875 0.0319671630859375
-0.00161743164062501 0.300140380859375 -0.170181274414063 -0.05743408203125
0.1033935546875 0.266082763671875 -0.341949462890625 -0.0674133300781249
0.243392944335938 0.210159301757813 -0.533447265625 -0.02947998046875
0.400360107421875 0.242767333984375 0.150909423828125 -0.301605224609375
0.26959228515625 0.32672119140625 0.10968017578125 -0.261856079101563
0.252288818359375 0.455291748046875 0.1446533203125 -0.225692749023437
0.013671875 0.5150146484375 0.224685668945313 -0.17303466796875
-0.209136962890625 0.54290771484375 0.216598510742188 -0.06646728515625
-0.291412353515625 0.511383056640625 0.2081298828125 0.0106964111328125
-0.3369140625 0.456329345703125 0.051177978515625 0.112022399902344
-0.45721435546875 0.330047607421875 -0.0962677001953125 0.141921997070313
-0.365234375 0.40765380859375 -0.171951293945313 0.222122192382813
-0.306854248046875 0.434051513671875 -0.216293334960938 0.229339599609375
-0.23602294921875 0.4781494140625 -0.197357177734375 0.151016235351563
-0.038330078125 0.421630859375 -0.16070556640625 0.05718994140625
0.0802001953125 0.42529296875 -0.167617797851563 0.00581359863281254
0.196868896484375 0.356719970703125 -0.3096923828125 0.0103759765625
0.340057373046875 0.278472900390625 -0.4599609375 0.0735778808593751
0.3974609375 0.284576416015625 0.291168212890625 -0.20526123046875
0.2376708984375 0.37921142578125 0.243911743164063 -0.179183959960937
0.196502685546875 0.503997802734375 0.213943481445313 -0.145065307617187
-0.057769775390625 0.5321044921875 0.265060424804688 -0.136062622070313
-0.284820556640625 0.540496826171875 0.233688354492187 -0.123031616210937
-0.357208251953125 0.515533447265625 0.256622314453125 -0.118133544921875
-0.3858642578125 0.4630126953125 0.14813232421875 -0.0662689208984375
-0.49566650390625 0.359619140625 0.0401840209960937 -0.0251693725585937
-0.38763427734375 0.478515625 -0.0711746215820313 0.0555953979492188
-0.29852294921875 0.525482177734375 -0.162582397460938 0.10400390625
-0.19012451171875 0.57666015625 -0.197540283203125 0.106964111328125
0.0570068359375 0.487457275390625 -0.1529541015625 0.08306884765625
0.1861572265625 0.479766845703125 -0.136749267578125 0.0813598632812501
0.28173828125 0.381622314453125 -0.23370361328125 0.0962677001953126
0.4002685546875 0.29644775390625 -0.350494384765625 0.188720703125
0.3284912109375 0.278076171875 0.412841796875 -0.092803955078125
0.159271240234375 0.357177734375 0.3414306640625 -0.067626953125
0.10577392578125 0.44586181640625 0.239456176757812 -0.0411529541015625
-0.1136474609375 0.431976318359375 0.27117919921875 -0.0771026611328125
-0.298675537109375 0.423797607421875 0.248336791992187 -0.15374755859375
-0.35296630859375 0.424591064453125 0.31134033203125 -0.2196044921875
-0.371063232421875 0.392608642578125 0.253738403320312 -0.230453491210937
-0.457427978515625 0.330810546875 0.172515869140625 -0.189849853515625
-0.3482666015625 0.46453857421875 0.00682830810546872 -0.126945495605469
-0.238067626953125 0.513092041015625 -0.137008666992188 -0.0458450317382812
-0.115936279296875 0.555328369140625 -0.210678100585938 0.047882080078125
0.131256103515625 0.450439453125 -0.140327453613281 0.103775024414062
0.250823974609375 0.439544677734375 -0.083221435546875 0.148788452148438
0.312835693359375 0.33935546875 -0.122161865234375 0.16912841796875
0.39605712890625 0.26513671875 -0.216094970703125 0.2923583984375
0.224151611328125 0.221206665039063 0.495758056640625 0.014404296875
0.083038330078125 0.270431518554687 0.385955810546875 0.038238525390625
0.03680419921875 0.30560302734375 0.218658447265625 0.04815673828125
-0.1129150390625 0.267471313476563 0.24072265625 -0.0205535888671875
-0.230484008789063 0.258041381835938 0.249130249023437 -0.157623291015625
-0.270111083984375 0.281341552734375 0.345123291015625 -0.27691650390625
-0.287200927734375 0.271026611328125 0.341827392578125 -0.351287841796875
-0.351043701171875 0.248077392578125 0.279541015625 -0.327789306640625
-0.263214111328125 0.364105224609375 0.055572509765625 -0.283721923828125
-0.160552978515625 0.393829345703125 -0.135940551757813 -0.17669677734375
-0.05731201171875 0.419036865234375 -0.231399536132813 -0.00579833984374997
0.13775634765625 0.329742431640625 -0.128829956054688 0.117828369140625
0.23040771484375 0.3287353515625 -0.0302581787109375 0.197357177734375
0.265106201171875 0.251480102539063 -0.011138916015625 0.21868896484375
0.3170166015625 0.1986083984375 -0.089447021484375 0.36859130859375
0.106864929199219 0.12896728515625 0.541961669921875 0.085235595703125
0.03350830078125 0.146453857421875 0.393890380859375 0.102783203125
0.016845703125 0.1451416015625 0.18023681640625 0.0977630615234375
-0.0568389892578125 0.112327575683594 0.199844360351563 0.0121917724609375
-0.110832214355469 0.110969543457031 0.23828125 -0.149139404296875
-0.138801574707031 0.137702941894531 0.3526611328125 -0.2969970703125
-0.155288696289063 0.1265869140625 0.392181396484375 -0.426025390625
-0.193313598632813 0.126144409179688 0.344970703125 -0.42022705078125
-0.152130126953125 0.194381713867188 0.077789306640625 -0.386993408203125
-0.0841522216796875 0.204742431640625 -0.148483276367188 -0.261825561523438
-0.0271759033203125 0.216217041015625 -0.251113891601563 -0.0415649414062499
0.081268310546875 0.167251586914063 -0.126670837402344 0.127891540527344
0.140701293945312 0.178268432617188 0.00045776367187499 0.229248046875
0.148590087890625 0.1429443359375 0.0699462890625 0.251312255859375
0.174072265625 0.1121826171875 0.000366210937500041 0.418182373046875
0.0175819396972656 -0.00365829467773438 -0.0823974609375 -0.398529052734375
-0.0179843902587891 0.00419235229492187 -0.1319580078125 -0.28167724609375
-0.022125244140625 0.0103416442871094 -0.0329132080078125 -0.242080688476563
-0.0362930297851563 0.017547607421875 0.103279113769531 -0.139350891113281
-0.0241069793701172 0.0202693939208984 0.210205078125 0.061920166015625
-0.0065007209777832 -0.00687122344970703 0.153182983398438 0.24267578125
0.00408554077148438 -0.00334715843200684 -0.08935546875 0.4066162109375
-0.00142574310302734 -0.0163402557373047 -0.350860595703125 0.41448974609375
0.0154647827148438 -0.0213050842285156 -0.401611328125 0.426666259765625
0.00584268569946289 0.00465488433837891 -0.3536376953125 0.3231201171875
0.00769805908203125 0.0217475891113281 -0.21368408203125 0.167800903320313
-0.0188770294189453 0.011932373046875 -0.155364990234375 0.00883483886718751
-0.0050806999206543 0.00830316543579102 -0.168350219726562 -0.105850219726563
0.00517082214355469 -0.0178394317626953 -0.3494873046875 -0.12347412109375
0.0220069885253906 -0.0315055847167969 -0.57598876953125 -0.1322021484375
0.192245483398438 0.08270263671875 -0.057861328125 -0.39495849609375
0.128227233886719 0.115493774414063 -0.105926513671875 -0.299591064453125
0.12744140625 0.1693115234375 -0.000793457031249992 -0.26348876953125
0.0245361328125 0.2132568359375 0.131149291992188 -0.162155151367187
-0.058929443359375 0.240570068359375 0.208602905273438 0.041015625
-0.09344482421875 0.21734619140625 0.163116455078125 0.21392822265625
-0.120361328125 0.201629638671875 -0.067657470703125 0.375885009765625
-0.189071655273438 0.12847900390625 -0.30621337890625 0.38140869140625
-0.145248413085938 0.13287353515625 -0.35968017578125 0.409271240234375
-0.135932922363281 0.137641906738281 -0.32794189453125 0.325042724609375
-0.119369506835937 0.154632568359375 -0.209762573242187 0.1707763671875
-0.0786819458007812 0.139312744140625 -0.1539306640625 0.0162353515625
-0.026336669921875 0.152359008789063 -0.162628173828125 -0.0947723388671875
0.039794921875 0.132804870605469 -0.34912109375 -0.1134033203125
0.13397216796875 0.0996017456054688 -0.57098388671875 -0.10369873046875
0.3299560546875 0.169586181640625 0.02386474609375 -0.367645263671875
0.235687255859375 0.230361938476563 -0.0196533203125 -0.299530029296875
0.231536865234375 0.3280029296875 0.06329345703125 -0.264816284179688
0.047943115234375 0.3934326171875 0.17474365234375 -0.179367065429687
-0.120819091796875 0.43218994140625 0.209396362304687 -0.00444030761718747
-0.19329833984375 0.403839111328125 0.17889404296875 0.131942749023438
-0.239898681640625 0.364837646484375 -0.021881103515625 0.271575927734375
-0.3524169921875 0.252044677734375 -0.219024658203125 0.28631591796875
-0.280792236328125 0.2845458984375 -0.278076171875 0.343994140625
-0.250640869140625 0.28985595703125 -0.279296875 0.302459716796875
-0.21148681640625 0.315826416015625 -0.204910278320313 0.171127319335938
-0.09228515625 0.2862548828125 -0.160385131835938 0.0336761474609375
-0.000183105468749993 0.302276611328125 -0.170364379882813 -0.0572052001953125
0.104415893554688 0.267166137695313 -0.34454345703125 -0.0662231445312499
0.245819091796875 0.209503173828125 -0.536468505859375 -0.0283508300781249
0.4019775390625 0.241729736328125 0.151123046875 -0.302734375
0.272857666015625 0.328948974609375 0.11053466796875 -0.2625732421875
0.256591796875 0.456298828125 0.144454956054688 -0.22784423828125
0.015350341796875 0.51678466796875 0.225631713867188 -0.175827026367187
-0.208831787109375 0.546905517578125 0.217422485351562 -0.0675811767578125
-0.292938232421875 0.51470947265625 0.208526611328125 0.00955200195312503
-0.337890625 0.459197998046875 0.0515060424804687 0.112625122070313
-0.459869384765625 0.333404541015625 -0.0978240966796875 0.143341064453125
-0.365631103515625 0.410888671875 -0.173370361328125 0.2235107421875
-0.307830810546875 0.4365234375 -0.21661376953125 0.231475830078125
-0.23516845703125 0.482177734375 -0.19781494140625 0.152923583984375
-0.038360595703125 0.42437744140625 -0.160812377929688 0.058807373046875
0.08270263671875 0.4283447265625 -0.167831420898437 0.00581359863281253
0.198883056640625 0.358734130859375 -0.312530517578125 0.0119018554687501
0.343658447265625 0.277557373046875 -0.462127685546875 0.076995849609375
0.39923095703125 0.28460693359375 0.291290283203125 -0.208099365234375
0.238067626953125 0.38055419921875 0.245468139648438 -0.18048095703125
0.199737548828125 0.505584716796875 0.214508056640625 -0.146926879882812
-0.05621337890625 0.535491943359375 0.265899658203125 -0.138442993164062
-0.284515380859375 0.545135498046875 0.23486328125 -0.124252319335937
-0.35986328125 0.52069091796875 0.257186889648438 -0.120498657226562
-0.388519287109375 0.467010498046875 0.149139404296875 -0.067230224609375
-0.498382568359375 0.36285400390625 0.0400581359863281 -0.0254364013671875
-0.388031005859375 0.4820556640625 -0.07183837890625 0.0567092895507813
-0.297149658203125 0.528411865234375 -0.163192749023438 0.105484008789063
-0.18927001953125 0.58154296875 -0.1986083984375 0.108322143554688
0.05804443359375 0.490203857421875 -0.153335571289063 0.0842132568359375
0.190216064453125 0.481201171875 -0.13690185546875 0.0821456909179688
0.28558349609375 0.38128662109375 -0.234939575195312 0.0989227294921875
0.40277099609375 0.29620361328125 -0.352020263671875 0.1915283203125
0.330230712890625 0.278961181640625 0.413970947265625 -0.093994140625
0.161468505859375 0.36016845703125 0.343994140625 -0.06964111328125
0.107513427734375 0.4468994140625 0.240982055664062 -0.0424041748046875
-0.113311767578125 0.4356689453125 0.2723388671875 -0.078704833984375
-0.300018310546875 0.428009033203125 0.249053955078125 -0.155380249023438
-0.353424072265625 0.427001953125 0.31048583984375 -0.223663330078125
-0.3731689453125 0.396209716796875 0.254974365234375 -0.232208251953125
-0.46063232421875 0.333984375 0.172958374023437 -0.192108154296875
-0.349639892578125 0.4681396484375 0.00646209716796872 -0.1268310546875
-0.236602783203125 0.516571044921875 -0.1375732421875 -0.0454406738281249
-0.113555908203125 0.5596923828125 -0.211944580078125 0.04937744140625
0.13323974609375 0.4539794921875 -0.140464782714844 0.104995727539063
0.2535400390625 0.44085693359375 -0.082611083984375 0.149078369140625
0.3170166015625 0.33978271484375 -0.12347412109375 0.170913696289063
0.40057373046875 0.264312744140625 -0.21661376953125 0.295684814453125
0.224441528320313 0.221527099609375 0.499267578125 0.0126953125
0.083282470703125 0.272476196289063 0.38897705078125 0.036529541015625
0.037506103515625 0.305816650390625 0.22076416015625 0.0472869873046875
-0.112564086914063 0.268707275390625 0.242172241210938 -0.021759033203125
-0.230667114257813 0.260101318359375 0.249710083007812 -0.158554077148437
-0.2706298828125 0.283966064453125 0.3455810546875 -0.279144287109375
-0.289337158203125 0.272918701171875 0.341766357421875 -0.3558349609375
-0.352996826171875 0.2508544921875 0.28125 -0.331756591796875
-0.263885498046875 0.3653564453125 0.055450439453125 -0.285491943359375
-0.159759521484375 0.39697265625 -0.137130737304688 -0.177154541015625
-0.055755615234375 0.423187255859375 -0.23272705078125 -0.00474548339843745
0.1385498046875 0.3309326171875 -0.129493713378906 0.118324279785156
0.233612060546875 0.3299560546875 -0.0295867919921875 0.197555541992188
0.26788330078125 0.252777099609375 -0.011199951171875 0.220123291015625
0.319549560546875 0.1988525390625 -0.090118408203125 0.371917724609375
0.107612609863281 0.128997802734375 0.544647216796875 0.084228515625
0.03375244140625 0.147018432617188 0.39654541015625 0.10198974609375
0.017242431640625 0.145233154296875 0.18218994140625 0.0977630615234375
-0.0569534301757813 0.111984252929688 0.201919555664063 0.011199951171875
-0.110916137695313 0.111747741699219 0.238601684570313 -0.1502685546875
-0.138343811035156 0.13812255859375 0.35443115234375 -0.30010986328125
-0.156387329101563 0.128616333007813 0.39300537109375 -0.429351806640625
-0.194808959960937 0.12750244140625 0.34588623046875 -0.424560546875
-0.153564453125 0.195632934570313 0.0784912109375 -0.3890380859375
-0.0833892822265625 0.206512451171875 -0.150177001953125 -0.262283325195313
-0.026580810546875 0.21820068359375 -0.252975463867188 -0.040863037109375
0.0814361572265625 0.168075561523437 -0.127281188964844 0.1292724609375
0.14227294921875 0.1790771484375 0.00135803222656249 0.230560302734375
0.149887084960938 0.143203735351563 0.0706024169921875 0.253143310546875
0.175491333007813 0.111663818359375 0.000976562500000026 0.42120361328125
0.0170516967773438 -0.00378990173339844 -0.0833740234375 -0.401580810546875
-0.0181732177734375 0.00467491149902343 -0.133544921875 -0.282470703125
-0.0222015380859375 0.0114173889160156 -0.0351715087890625 -0.242721557617188
-0.0361366271972656 0.0190544128417969 0.102569580078125 -0.13946533203125
-0.0241146087646484 0.0207862854003906 0.211929321289063 0.060882568359375
-0.00719165802001953 -0.00696372985839844 0.15496826171875 0.243209838867188
0.00343441963195801 -0.00376725196838379 -0.089080810546875 0.410003662109375
-0.00174140930175781 -0.0164403915405273 -0.351898193359375 0.419830322265625
0.0146617889404297 -0.0219612121582031 -0.402984619140625 0.430389404296875
0.00583791732788086 0.00445890426635742 -0.354095458984375 0.325958251953125
0.0077362060546875 0.0218391418457031 -0.21417236328125 0.169448852539063
-0.0186443328857422 0.0126476287841797 -0.156112670898438 0.010223388671875
-0.00478124618530274 0.00861120223999024 -0.169464111328125 -0.104766845703125
0.00480270385742187 -0.0178642272949219 -0.351898193359375 -0.12347412109375
0.0215778350830078 -0.0320301055908203 -0.580078125 -0.13134765625
0.192489624023437 0.082183837890625 -0.0599975585937499 -0.397857666015625
0.129745483398438 0.115982055664063 -0.107086181640625 -0.300140380859375
0.12933349609375 0.170394897460938 -0.00349426269531248 -0.264633178710938
0.0257720947265625 0.215423583984375 0.131301879882813 -0.163192749023438
-0.0576629638671875 0.242645263671875 0.210662841796875 0.04010009765625
-0.0933685302734375 0.218551635742187 0.16424560546875 0.213882446289062
-0.120468139648437 0.202896118164063 -0.06793212890625 0.37811279296875
-0.190444946289063 0.129638671875 -0.308197021484375 0.384765625
-0.146331787109375 0.133773803710938 -0.360626220703125 0.4136962890625
-0.136077880859375 0.138725280761719 -0.32794189453125 0.328887939453125
-0.118988037109375 0.15631103515625 -0.210586547851563 0.173233032226562
-0.07806396484375 0.140556335449219 -0.15472412109375 0.017791748046875
-0.0247650146484375 0.153121948242187 -0.163482666015625 -0.0934906005859375
0.0403823852539063 0.133255004882813 -0.35272216796875 -0.112548828125
0.135330200195313 0.099517822265625 -0.57373046875 -0.100341796875
0.33184814453125 0.169097900390625 0.0231323242187501 -0.370025634765625
0.237380981445313 0.23052978515625 -0.01995849609375 -0.30059814453125
0.23455810546875 0.328369140625 0.0606231689453125 -0.266860961914062
0.0494384765625 0.396484375 0.175048828125 -0.181671142578125
-0.11968994140625 0.4361572265625 0.211044311523438 -0.00636291503906247
-0.19189453125 0.406951904296875 0.179840087890625 0.130859375
-0.240753173828125 0.3687744140625 -0.0209503173828125 0.273269653320313
-0.352935791015625 0.254425048828125 -0.220062255859375 0.28948974609375
-0.281463623046875 0.286865234375 -0.2799072265625 0.348388671875
-0.249420166015625 0.2923583984375 -0.279052734375 0.30572509765625
-0.210479736328125 0.31939697265625 -0.205413818359375 0.173049926757813
-0.091552734375 0.288970947265625 -0.1602783203125 0.0348358154296875
0.001312255859375 0.303741455078125 -0.171234130859375 -0.0572662353515625
0.106246948242187 0.268905639648438 -0.348236083984375 -0.064361572265625
0.248214721679688 0.209121704101563 -0.53961181640625 -0.0243530273437501
0.404571533203125 0.2413330078125 0.150390625 -0.304779052734375
0.275177001953125 0.330108642578125 0.110244750976562 -0.264495849609375
0.25994873046875 0.457275390625 0.143157958984375 -0.230819702148437
0.017578125 0.520751953125 0.226318359375 -0.178024291992187
-0.205657958984375 0.551513671875 0.219573974609375 -0.0693511962890625
-0.292999267578125 0.519287109375 0.2093505859375 0.00759887695312503
-0.339324951171875 0.46466064453125 0.05157470703125 0.113655090332031
-0.461639404296875 0.338775634765625 -0.0983123779296875 0.144485473632813
-0.36639404296875 0.41510009765625 -0.174118041992187 0.225814819335938
-0.307403564453125 0.441436767578125 -0.216781616210938 0.234771728515625
-0.23455810546875 0.486328125 -0.198318481445313 0.155502319335938
-0.036407470703125 0.42864990234375 -0.161636352539063 0.0599517822265625
0.086944580078125 0.430023193359375 -0.168014526367187 0.00648498535156251
0.20037841796875 0.35992431640625 -0.315185546875 0.0138244628906251
0.347747802734375 0.27655029296875 -0.46539306640625 0.080810546875
0.400909423828125 0.283538818359375 0.292724609375 -0.20904541015625
0.24127197265625 0.38189697265625 0.2464599609375 -0.1815185546875
0.203369140625 0.507598876953125 0.215499877929688 -0.149246215820312
-0.05364990234375 0.538665771484375 0.267227172851563 -0.141677856445312
-0.28326416015625 0.5489501953125 0.235809326171875 -0.126083374023437
-0.35797119140625 0.52435302734375 0.257614135742188 -0.123703002929687
-0.389617919921875 0.471588134765625 0.149215698242187 -0.06842041015625
-0.500762939453125 0.36907958984375 0.0398025512695312 -0.0256843566894531
-0.390167236328125 0.487762451171875 -0.0725860595703125 0.0568313598632813
-0.2972412109375 0.532501220703125 -0.163726806640625 0.1072998046875
-0.18658447265625 0.58673095703125 -0.1993408203125 0.11102294921875
0.060821533203125 0.494720458984375 -0.15374755859375 0.086029052734375
0.19390869140625 0.482879638671875 -0.136390686035156 0.0822753906250001
0.28900146484375 0.3839111328125 -0.237701416015625 0.100830078125
0.40716552734375 0.293792724609375 -0.353515625 0.195465087890625
0.332427978515625 0.27801513671875 0.417510986328125 -0.095916748046875
0.1632080078125 0.3621826171875 0.346038818359375 -0.07049560546875
0.10992431640625 0.44915771484375 0.243515014648438 -0.0443267822265625
-0.110870361328125 0.43865966796875 0.274642944335938 -0.08135986328125
-0.29852294921875 0.432586669921875 0.25 -0.157241821289062
-0.35369873046875 0.43194580078125 0.311065673828125 -0.226806640625
-0.37335205078125 0.40045166015625 0.254714965820313 -0.234222412109375
-0.46240234375 0.3385009765625 0.173492431640625 -0.19451904296875
-0.3492431640625 0.4720458984375 0.00537109374999997 -0.127967834472656
-0.236480712890625 0.5201416015625 -0.138694763183594 -0.0447616577148437
-0.1094970703125 0.56439208984375 -0.213592529296875 0.0515747070312501
0.135650634765625 0.456085205078125 -0.140823364257813 0.106613159179688
0.259063720703125 0.4417724609375 -0.0821075439453125 0.149688720703125
0.321258544921875 0.341156005859375 -0.124832153320313 0.1729736328125
0.404266357421875 0.2630615234375 -0.217315673828125 0.2998046875
0.226226806640625 0.221542358398437 0.500640869140625 0.01123046875
0.0842437744140625 0.273605346679687 0.3917236328125 0.03497314453125
0.03814697265625 0.307342529296875 0.22247314453125 0.0466461181640625
-0.111618041992188 0.27001953125 0.24420166015625 -0.0235443115234375
-0.23052978515625 0.262313842773437 0.250335693359375 -0.160797119140625
-0.271697998046875 0.285888671875 0.345947265625 -0.28326416015625
-0.28961181640625 0.275543212890625 0.342987060546875 -0.3583984375
-0.35455322265625 0.254241943359375 0.28167724609375 -0.33575439453125
-0.26458740234375 0.369171142578125 0.05517578125 -0.28741455078125
-0.160400390625 0.399688720703125 -0.138671875 -0.177398681640625
-0.054718017578125 0.42706298828125 -0.234725952148438 -0.00325012207031246
0.140167236328125 0.333251953125 -0.129829406738281 0.120010375976562
0.23773193359375 0.329803466796875 -0.0288848876953125 0.19830322265625
0.271865844726563 0.253067016601563 -0.011260986328125 0.221878051757813
0.32293701171875 0.19720458984375 -0.08990478515625 0.376068115234375
0.107551574707031 0.129531860351563 0.54864501953125 0.08203125
0.0334320068359375 0.14849853515625 0.399932861328125 0.1007080078125
0.0175323486328125 0.145126342773438 0.1844482421875 0.0975341796875
-0.0569839477539062 0.112358093261719 0.203048706054688 0.0104827880859375
-0.110649108886719 0.112716674804687 0.23907470703125 -0.151443481445312
-0.138381958007813 0.139457702636719 0.35369873046875 -0.303314208984375
-0.157302856445313 0.13037109375 0.3936767578125 -0.434356689453125
-0.196121215820313 0.12890625 0.34576416015625 -0.4290771484375
-0.153106689453125 0.197402954101562 0.077850341796875 -0.39166259765625
-0.083251953125 0.208511352539063 -0.15203857421875 -0.263031005859375
-0.0256500244140625 0.219680786132812 -0.254669189453125 -0.03912353515625
0.0830535888671875 0.168624877929687 -0.127403259277344 0.130912780761719
0.14495849609375 0.17901611328125 0.00286865234375 0.230880737304687
0.152679443359375 0.1434326171875 0.0709381103515625 0.254562377929688
0.176559448242188 0.1107177734375 0.00216674804687504 0.425506591796875
0.0171022415161133 -0.00364494323730469 -0.086822509765625 -0.40472412109375
-0.01824951171875 0.00475311279296875 -0.135009765625 -0.283935546875
-0.0218772888183594 0.0115165710449219 -0.0374908447265625 -0.243270874023438
-0.0358657836914063 0.0205535888671875 0.102096557617188 -0.140670776367188
-0.0245227813720703 0.0212726593017578 0.214279174804688 0.0595855712890625
-0.00692224502563477 -0.00713109970092773 0.156936645507813 0.243377685546875
0.00337600708007813 -0.00446367263793945 -0.088470458984375 0.41162109375
-0.00243854522705078 -0.0165538787841797 -0.35205078125 0.42486572265625
0.0143814086914063 -0.0222244262695312 -0.40313720703125 0.436431884765625
0.00586271286010742 0.00431060791015625 -0.353118896484375 0.330963134765625
0.00792121887207031 0.0217628479003906 -0.21453857421875 0.17193603515625
-0.0185127258300781 0.0132350921630859 -0.156951904296875 0.0115203857421875
-0.00436687469482422 0.00892162322998047 -0.170974731445313 -0.104522705078125
0.00484085083007812 -0.0182151794433594 -0.3544921875 -0.120269775390625
0.0213813781738281 -0.0329151153564453 -0.58489990234375 -0.126220703125
0.193603515625 0.0820159912109375 -0.0618591308593749 -0.400909423828125
0.131622314453125 0.116508483886719 -0.10870361328125 -0.30059814453125
0.131179809570312 0.170974731445312 -0.00581359863281251 -0.265838623046875
0.02783203125 0.217941284179688 0.13055419921875 -0.164718627929688
-0.0568695068359375 0.245269775390625 0.21282958984375 0.0384521484375
-0.0921783447265625 0.2208251953125 0.16583251953125 0.213348388671875
-0.120574951171875 0.204483032226562 -0.066741943359375 0.381256103515625
-0.192306518554688 0.131790161132812 -0.3094482421875 0.390838623046875
-0.147262573242188 0.135177612304687 -0.360870361328125 0.418487548828125
-0.136161804199219 0.1397705078125 -0.328948974609375 0.332244873046875
-0.1185302734375 0.157424926757813 -0.211029052734375 0.175765991210937
-0.078216552734375 0.142410278320312 -0.155380249023438 0.0186309814453125
-0.024017333984375 0.154510498046875 -0.164535522460937 -0.0931854248046875
0.0409698486328125 0.134193420410156 -0.355743408203125 -0.10888671875
0.136749267578125 0.0981903076171875 -0.580810546875 -0.09735107421875
0.33392333984375 0.16815185546875 0.0206909179687501 -0.37158203125
0.24066162109375 0.231185913085938 -0.02130126953125 -0.301483154296875
0.239166259765625 0.329345703125 0.05841064453125 -0.268936157226563
0.052825927734375 0.39910888671875 0.174880981445313 -0.183761596679687
-0.117645263671875 0.439422607421875 0.212432861328125 -0.00833129882812497
-0.192138671875 0.411285400390625 0.180877685546875 0.130020141601563
-0.240325927734375 0.37274169921875 -0.020477294921875 0.275299072265625
-0.353912353515625 0.2586669921875 -0.220550537109375 0.2928466796875
-0.28216552734375 0.291473388671875 -0.279876708984375 0.35174560546875
-0.24981689453125 0.294708251953125 -0.27899169921875 0.310791015625
-0.209930419921875 0.324188232421875 -0.205352783203125 0.175811767578125
-0.09027099609375 0.29193115234375 -0.161361694335938 0.0366668701171875
0.00360107421875001 0.3055419921875 -0.172119140625 -0.0564117431640625
0.107894897460938 0.270309448242188 -0.3516845703125 -0.061492919921875
0.251480102539063 0.207992553710938 -0.54461669921875 -0.0192260742187499
0.40716552734375 0.2418212890625 0.1492919921875 -0.30682373046875
0.279388427734375 0.330657958984375 0.110305786132812 -0.266250610351563
0.2646484375 0.45819091796875 0.142959594726563 -0.23333740234375
0.0211486816406249 0.525787353515625 0.226608276367188 -0.180709838867188
-0.203033447265625 0.55718994140625 0.22076416015625 -0.0716705322265625
-0.29248046875 0.524810791015625 0.209503173828125 0.00540161132812503
-0.33880615234375 0.469635009765625 0.053131103515625 0.114097595214844
-0.464263916015625 0.34307861328125 -0.098541259765625 0.14666748046875
-0.3671875 0.41949462890625 -0.174209594726563 0.229263305664063
-0.306243896484375 0.44525146484375 -0.216567993164063 0.238235473632813
-0.231719970703125 0.491729736328125 -0.198699951171875 0.158355712890625
-0.0341796875 0.43084716796875 -0.161773681640625 0.0615844726562501
0.089508056640625 0.431427001953125 -0.168624877929688 0.00688171386718752
0.20562744140625 0.36151123046875 -0.3184814453125 0.016754150390625
0.351531982421875 0.276031494140625 -0.46844482421875 0.0848693847656251
0.404083251953125 0.283172607421875 0.292877197265625 -0.212493896484375
0.245361328125 0.383819580078125 0.247604370117188 -0.184127807617187
0.2069091796875 0.509185791015625 0.216049194335938 -0.151840209960937
-0.050506591796875 0.543212890625 0.26849365234375 -0.144454956054687
-0.2802734375 0.55609130859375 0.2364501953125 -0.128829956054687
-0.357421875 0.53033447265625 0.257247924804687 -0.126693725585937
-0.3892822265625 0.476776123046875 0.150238037109375 -0.0692138671875
-0.503753662109375 0.372894287109375 0.039764404296875 -0.0258941650390625
-0.38946533203125 0.493621826171875 -0.07305908203125 0.0584259033203125
-0.296417236328125 0.538177490234375 -0.163833618164063 0.109268188476563
-0.18475341796875 0.591552734375 -0.20001220703125 0.112884521484375
0.065155029296875 0.497467041015625 -0.15411376953125 0.08746337890625
0.1976318359375 0.48443603515625 -0.136192321777344 0.0830841064453125
0.292816162109375 0.385406494140625 -0.239364624023437 0.103378295898438
0.412200927734375 0.291839599609375 -0.3543701171875 0.199951171875
0.334686279296875 0.278411865234375 0.41766357421875 -0.0997314453125
0.16546630859375 0.362762451171875 0.348724365234375 -0.07342529296875
0.112548828125 0.4493408203125 0.244918823242187 -0.046112060546875
-0.11053466796875 0.441558837890625 0.27587890625 -0.0842742919921875
-0.296142578125 0.4375 0.250808715820313 -0.159576416015625
-0.353973388671875 0.434600830078125 0.31085205078125 -0.231689453125
-0.374725341796875 0.405120849609375 0.25494384765625 -0.237457275390625
-0.4654541015625 0.343963623046875 0.173553466796875 -0.197265625
-0.350250244140625 0.478485107421875 0.00494384765624997 -0.128067016601562
-0.234039306640625 0.5267333984375 -0.140045166015625 -0.0434951782226562
-0.10614013671875 0.56939697265625 -0.2142333984375 0.0538482666015625
0.140350341796875 0.4591064453125 -0.140884399414063 0.1080322265625
0.264801025390625 0.4429931640625 -0.081085205078125 0.15045166015625
0.325836181640625 0.340789794921875 -0.125213623046875 0.175521850585938
0.40771484375 0.261474609375 -0.217193603515625 0.303924560546875
0.22784423828125 0.222671508789063 0.503387451171875 0.00772094726562501
0.0858917236328125 0.275680541992188 0.39532470703125 0.032928466796875
0.03973388671875 0.308380126953125 0.225143432617187 0.0452728271484375
-0.111129760742187 0.272048950195313 0.246002197265625 -0.0257720947265625
-0.23004150390625 0.265518188476563 0.250823974609375 -0.163436889648437
-0.269989013671875 0.28839111328125 0.3468017578125 -0.285888671875
-0.2904052734375 0.279296875 0.3431396484375 -0.36376953125
-0.357086181640625 0.2579345703125 0.281494140625 -0.340484619140625
-0.26422119140625 0.373321533203125 0.05389404296875 -0.28887939453125
-0.158416748046875 0.403564453125 -0.140548706054688 -0.176910400390625
-0.05072021484375 0.429962158203125 -0.235946655273438 -0.00123596191406243
0.1441650390625 0.335174560546875 -0.129852294921875 0.121925354003906
0.24188232421875 0.329193115234375 -0.027587890625 0.199234008789063
0.275390625 0.25201416015625 -0.010894775390625 0.2239990234375
0.3265380859375 0.195831298828125 -0.088134765625 0.3797607421875
0.108551025390625 0.129447937011719 0.551910400390625 0.079925537109375
0.0346832275390625 0.14935302734375 0.40277099609375 0.097564697265625
0.0179290771484375 0.145294189453125 0.187469482421875 0.0966796875
-0.056915283203125 0.113082885742188 0.20526123046875 0.00833129882812501
-0.110557556152344 0.113517761230469 0.2398681640625 -0.153915405273437
-0.138015747070312 0.140579223632813 0.354888916015625 -0.307952880859375
-0.158050537109375 0.132537841796875 0.39349365234375 -0.43994140625
-0.198043823242187 0.1312255859375 0.345947265625 -0.434326171875
-0.153091430664063 0.199752807617188 0.0767822265624999 -0.39410400390625
-0.0822906494140625 0.210403442382813 -0.154586791992188 -0.263046264648438
-0.0246429443359375 0.221420288085938 -0.256118774414063 -0.0371246337890624
0.0841217041015625 0.169464111328125 -0.127670288085938 0.132362365722656
0.1478271484375 0.178359985351562 0.00418090820312501 0.232315063476563
0.155029296875 0.143753051757812 0.0722198486328125 0.256072998046875
0.178314208984375 0.109771728515625 0.00344848632812502 0.429412841796875
0.0162973403930664 -0.00348949432373047 -0.089569091796875 -0.40740966796875
-0.0180740356445312 0.00547027587890625 -0.13763427734375 -0.284423828125
-0.0215854644775391 0.0126056671142578 -0.039886474609375 -0.243804931640625
-0.035675048828125 0.0216941833496094 0.101165771484375 -0.14154052734375
-0.0243110656738281 0.0216178894042969 0.215957641601563 0.058380126953125
-0.00726127624511719 -0.00771141052246094 0.15875244140625 0.24200439453125
0.00333547592163086 -0.00481414794921875 -0.087646484375 0.415557861328125
-0.00300312042236328 -0.0167932510375977 -0.35296630859375 0.430572509765625
0.0130844116210938 -0.0221595764160156 -0.40399169921875 0.44268798828125
0.0060267448425293 0.00416135787963867 -0.35302734375 0.33404541015625
0.00874137878417969 0.0218067169189453 -0.2147216796875 0.174057006835938
-0.018402099609375 0.0139675140380859 -0.157974243164063 0.0123291015625
-0.00393199920654297 0.00912857055664063 -0.17236328125 -0.10308837890625
0.00443840026855469 -0.0184555053710938 -0.357940673828125 -0.117645263671875
0.0208530426025391 -0.0338706970214844 -0.5897216796875 -0.124267578125
0.1949462890625 0.081298828125 -0.065032958984375 -0.402587890625
0.132759094238281 0.11639404296875 -0.110687255859375 -0.3013916015625
0.13336181640625 0.170852661132813 -0.00888061523437498 -0.266738891601563
0.03033447265625 0.219589233398437 0.129684448242188 -0.166595458984375
-0.0547943115234375 0.24737548828125 0.214584350585938 0.0365447998046875
-0.092010498046875 0.22259521484375 0.167098999023438 0.212661743164063
-0.120101928710938 0.206451416015625 -0.06591796875 0.383758544921875
-0.19281005859375 0.133895874023438 -0.30914306640625 0.39569091796875
-0.147811889648438 0.137344360351562 -0.36163330078125 0.423126220703125
-0.135513305664062 0.1414794921875 -0.327117919921875 0.33685302734375
-0.1175537109375 0.159225463867188 -0.21099853515625 0.178390502929688
-0.077362060546875 0.144668579101563 -0.155929565429687 0.02001953125
-0.0225677490234375 0.154953002929687 -0.165542602539063 -0.0919647216796875
0.0416717529296875 0.135040283203125 -0.358734130859375 -0.1075439453125
0.137786865234375 0.0968551635742188 -0.5833740234375 -0.0927734375000001
0.337066650390625 0.166961669921875 0.0186157226562501 -0.37359619140625
0.24334716796875 0.230667114257813 -0.022857666015625 -0.302978515625
0.242156982421875 0.329193115234375 0.0556793212890625 -0.27099609375
0.05615234375 0.40252685546875 0.173446655273438 -0.186065673828125
-0.11395263671875 0.444549560546875 0.214324951171875 -0.01043701171875
-0.19012451171875 0.415283203125 0.1817626953125 0.128707885742188
-0.238983154296875 0.3758544921875 -0.0186767578125 0.2774658203125
-0.356964111328125 0.262603759765625 -0.22039794921875 0.2969970703125
-0.282501220703125 0.294403076171875 -0.278900146484375 0.356536865234375
-0.24908447265625 0.29864501953125 -0.278533935546875 0.31414794921875
-0.207061767578125 0.326263427734375 -0.20538330078125 0.178482055664063
-0.089599609375 0.29473876953125 -0.161468505859375 0.0384979248046875
0.00701904296875 0.30682373046875 -0.172576904296875 -0.05615234375
0.110153198242188 0.271484375 -0.35491943359375 -0.0586547851562499
0.254547119140625 0.206832885742188 -0.546875 -0.0155029296875
0.410491943359375 0.240570068359375 0.14794921875 -0.30938720703125
0.282867431640625 0.331878662109375 0.109909057617188 -0.267776489257812
0.26910400390625 0.459197998046875 0.141006469726563 -0.235519409179687
0.025421142578125 0.528411865234375 0.226913452148438 -0.18365478515625
-0.1993408203125 0.5625 0.221817016601562 -0.0739593505859375
-0.289825439453125 0.52911376953125 0.210418701171875 0.00286865234375003
-0.338134765625 0.47332763671875 0.0539398193359375 0.114173889160156
-0.46490478515625 0.3487548828125 -0.0988311767578125 0.148162841796875
-0.36761474609375 0.424835205078125 -0.1744384765625 0.232421875
-0.304656982421875 0.450653076171875 -0.215744018554687 0.241119384765625
-0.2288818359375 0.495697021484375 -0.198745727539063 0.160690307617188
-0.0318603515625 0.435577392578125 -0.161712646484375 0.0635833740234375
0.093902587890625 0.43170166015625 -0.168502807617188 0.00762939453125001
0.20794677734375 0.362762451171875 -0.32073974609375 0.019927978515625
0.3563232421875 0.274322509765625 -0.4710693359375 0.090057373046875
0.408294677734375 0.281494140625 0.293365478515625 -0.2144775390625
0.247528076171875 0.38446044921875 0.2486572265625 -0.186737060546875
0.2122802734375 0.509674072265625 0.216476440429687 -0.1549072265625
-0.0474853515625 0.5472412109375 0.269210815429688 -0.1478271484375
-0.276611328125 0.561920166015625 0.237457275390625 -0.131210327148437
-0.3570556640625 0.535675048828125 0.25750732421875 -0.129852294921875
-0.38812255859375 0.482818603515625 0.1505126953125 -0.0706329345703125
-0.505859375 0.379364013671875 0.0396957397460937 -0.0264968872070312
-0.387908935546875 0.499176025390625 -0.0730514526367188 0.0598373413085938
-0.29327392578125 0.5421142578125 -0.164306640625 0.111831665039063
-0.17999267578125 0.59765625 -0.200180053710937 0.1158447265625
0.06744384765625 0.50146484375 -0.154067993164062 0.0894622802734376
0.203857421875 0.4853515625 -0.135421752929688 0.083648681640625
0.2978515625 0.385955810546875 -0.240554809570312 0.106918334960938
0.41680908203125 0.29022216796875 -0.35467529296875 0.205474853515625
0.338470458984375 0.277618408203125 0.42010498046875 -0.101318359375
0.16815185546875 0.366119384765625 0.351104736328125 -0.076751708984375
0.116912841796875 0.451141357421875 0.246536254882813 -0.048980712890625
-0.107757568359375 0.44287109375 0.277450561523438 -0.086761474609375
-0.295501708984375 0.441192626953125 0.250259399414063 -0.162277221679687
-0.353118896484375 0.44097900390625 0.311676025390625 -0.235382080078125
-0.37353515625 0.4110107421875 0.254959106445313 -0.240890502929687
-0.466064453125 0.348602294921875 0.173385620117187 -0.199722290039062
-0.34783935546875 0.483551025390625 0.00394439697265623 -0.128395080566406
-0.231719970703125 0.53106689453125 -0.14111328125 -0.0425872802734375
-0.10260009765625 0.57427978515625 -0.214813232421875 0.0561218261718751
0.1427001953125 0.46173095703125 -0.140518188476562 0.110015869140625
0.26885986328125 0.441680908203125 -0.08001708984375 0.150726318359375
0.3297119140625 0.340728759765625 -0.125213623046875 0.178237915039063
0.41302490234375 0.258270263671875 -0.216796875 0.309112548828125
0.230010986328125 0.221832275390625 0.506500244140625 0.00405883789062501
0.0874481201171875 0.277130126953125 0.397735595703125 0.028839111328125
0.042022705078125 0.309417724609375 0.227279663085937 0.0434722900390625
-0.110244750976563 0.274063110351563 0.24713134765625 -0.0280914306640625
-0.22882080078125 0.267929077148438 0.25048828125 -0.165145874023437
-0.271209716796875 0.29156494140625 0.34619140625 -0.29132080078125
-0.289764404296875 0.284271240234375 0.34259033203125 -0.368133544921875
-0.35736083984375 0.26287841796875 0.2818603515625 -0.34515380859375
-0.263885498046875 0.37847900390625 0.05279541015625 -0.29058837890625
-0.155426025390625 0.40716552734375 -0.14227294921875 -0.176834106445312
-0.04815673828125 0.43463134765625 -0.237640380859375 0.00109863281250004
0.147186279296875 0.336151123046875 -0.129570007324219 0.123275756835938
0.245880126953125 0.330047607421875 -0.025482177734375 0.199539184570313
0.279449462890625 0.252609252929688 -0.010040283203125 0.225616455078125
0.3302001953125 0.193634033203125 -0.086700439453125 0.38555908203125
0.109329223632813 0.130165100097656 0.55487060546875 0.07635498046875
0.03533935546875 0.150680541992187 0.40679931640625 0.095245361328125
0.0179595947265625 0.145095825195313 0.18902587890625 0.09576416015625
-0.0569229125976563 0.113624572753906 0.206146240234375 0.00659179687500001
-0.110176086425781 0.114471435546875 0.239593505859375 -0.156158447265625
-0.137603759765625 0.141891479492187 0.353546142578125 -0.311767578125
-0.158721923828125 0.134490966796875 0.392242431640625 -0.445526123046875
-0.199172973632813 0.133499145507812 0.345489501953125 -0.44189453125
-0.152877807617188 0.201644897460937 0.07537841796875 -0.3970947265625
-0.081207275390625 0.212188720703125 -0.15679931640625 -0.262680053710938
-0.0223388671875 0.223388671875 -0.258407592773438 -0.0349426269531249
0.0857086181640625 0.17041015625 -0.126869201660156 0.134078979492187
0.150314331054688 0.177825927734375 0.00650024414062501 0.232772827148438
0.1573486328125 0.143478393554688 0.0728759765625 0.258087158203125
0.180389404296875 0.109130859375 0.00637817382812498 0.431915283203125
0.0160551071166992 -0.00357246398925781 -0.093231201171875 -0.409698486328125
-0.0184326171875 0.00618934631347656 -0.139984130859375 -0.28515625
-0.0214710235595703 0.0129928588867188 -0.043670654296875 -0.244033813476563
-0.0354843139648438 0.0229263305664063 0.101043701171875 -0.1429443359375
-0.0242671966552734 0.0226192474365234 0.217880249023438 0.0558624267578125
-0.00738191604614258 -0.00765800476074219 0.161422729492188 0.241592407226563
0.00248384475708008 -0.00510168075561523 -0.085418701171875 0.418731689453125
-0.00352096557617188 -0.0164871215820313 -0.353363037109375 0.4381103515625
0.0126094818115234 -0.0225124359130859 -0.402679443359375 0.448089599609375
0.00610446929931641 0.00390958786010742 -0.35089111328125 0.33929443359375
0.00911712646484375 0.0215072631835938 -0.214675903320313 0.176666259765625
-0.0182647705078125 0.0148487091064453 -0.1585693359375 0.0142822265625
-0.00381565093994141 0.00909328460693359 -0.173934936523438 -0.102264404296875
0.00398445129394532 -0.0187149047851563 -0.362579345703125 -0.115478515625
0.0207061767578125 -0.0348777770996094 -0.5947265625 -0.1177978515625
0.196212768554688 0.0807037353515625 -0.067626953125 -0.4039306640625
0.134979248046875 0.1162109375 -0.11376953125 -0.302337646484375
0.135696411132813 0.170761108398438 -0.012237548828125 -0.268112182617187
0.0328521728515625 0.221572875976562 0.129241943359375 -0.168960571289063
-0.0528411865234375 0.249801635742188 0.216644287109375 0.0345001220703125
-0.090850830078125 0.224822998046875 0.169723510742187 0.21197509765625
-0.11962890625 0.208099365234375 -0.0629577636718751 0.386566162109375
-0.19378662109375 0.136398315429688 -0.3084716796875 0.40167236328125
-0.147918701171875 0.139602661132813 -0.36083984375 0.4302978515625
-0.1351318359375 0.1429443359375 -0.3258056640625 0.341400146484375
-0.11669921875 0.161148071289063 -0.210784912109375 0.18096923828125
-0.076751708984375 0.146591186523438 -0.156875610351563 0.0221099853515625
-0.0208892822265625 0.15631103515625 -0.166702270507813 -0.0914306640625
0.0420989990234375 0.135795593261719 -0.362762451171875 -0.10394287109375
0.139541625976563 0.09564208984375 -0.58837890625 -0.0879516601562501
0.339080810546875 0.1658935546875 0.015289306640625 -0.376556396484375
0.24658203125 0.231185913085938 -0.0250244140625 -0.304046630859375
0.2474365234375 0.3294677734375 0.0528106689453125 -0.272674560546875
0.061614990234375 0.404693603515625 0.17327880859375 -0.189254760742188
-0.1109619140625 0.4476318359375 0.215301513671875 -0.0127105712890625
-0.188690185546875 0.420196533203125 0.183624267578125 0.127182006835938
-0.2373046875 0.3800048828125 -0.016632080078125 0.27960205078125
-0.357666015625 0.267181396484375 -0.220611572265625 0.30169677734375
-0.282318115234375 0.29827880859375 -0.27880859375 0.36065673828125
-0.24774169921875 0.30242919921875 -0.276824951171875 0.318450927734375
-0.2052001953125 0.331024169921875 -0.205764770507813 0.181549072265625
-0.087890625 0.298309326171875 -0.161819458007813 0.0401763916015625
0.010101318359375 0.3084716796875 -0.17333984375 -0.0547485351562499
0.112884521484375 0.272354125976563 -0.357879638671875 -0.055633544921875
0.257598876953125 0.2047119140625 -0.552093505859375 -0.0111389160156251
0.413665771484375 0.2386474609375 0.14605712890625 -0.312286376953125
0.286468505859375 0.331939697265625 0.109146118164063 -0.270187377929688
0.274993896484375 0.459869384765625 0.1395263671875 -0.238754272460937
0.031158447265625 0.531829833984375 0.226577758789062 -0.187240600585937
-0.196044921875 0.56719970703125 0.222885131835938 -0.076324462890625
-0.288421630859375 0.536041259765625 0.210540771484375 -0.000183105468749967
-0.33544921875 0.4810791015625 0.0555267333984375 0.114883422851563
-0.466522216796875 0.354278564453125 -0.0988922119140625 0.15069580078125
-0.3665771484375 0.431732177734375 -0.173538208007813 0.234909057617187
-0.302032470703125 0.455291748046875 -0.215133666992187 0.245071411132813
-0.2255859375 0.50238037109375 -0.198638916015625 0.164138793945313
-0.0283203125 0.43963623046875 -0.162399291992188 0.06524658203125
0.099151611328125 0.433502197265625 -0.168960571289063 0.00828552246093749
0.212493896484375 0.3636474609375 -0.3233642578125 0.0238037109375
0.359954833984375 0.27227783203125 -0.47344970703125 0.095245361328125
0.411102294921875 0.281341552734375 0.292755126953125 -0.21917724609375
0.2525634765625 0.386016845703125 0.24896240234375 -0.19012451171875
0.217864990234375 0.51031494140625 0.216110229492187 -0.158355712890625
-0.040863037109375 0.5509033203125 0.269149780273438 -0.151565551757812
-0.2734375 0.56756591796875 0.23736572265625 -0.134475708007812
-0.3544921875 0.54266357421875 0.2569580078125 -0.134490966796875
-0.38629150390625 0.487884521484375 0.150970458984375 -0.0723419189453125
-0.5064697265625 0.386932373046875 0.0393486022949218 -0.02685546875
-0.3863525390625 0.504791259765625 -0.07330322265625 0.0608978271484375
-0.290069580078125 0.550140380859375 -0.163864135742188 0.114822387695313
-0.17425537109375 0.6038818359375 -0.200653076171875 0.118865966796875
0.073211669921875 0.50518798828125 -0.15362548828125 0.0916595458984375
0.21002197265625 0.485076904296875 -0.135322570800781 0.0844879150390625
0.30328369140625 0.38629150390625 -0.242324829101563 0.110504150390625
0.42327880859375 0.28680419921875 -0.356048583984375 0.211090087890625
0.3419189453125 0.27581787109375 0.421661376953125 -0.105255126953125
0.171600341796875 0.366973876953125 0.3525390625 -0.079925537109375
0.12103271484375 0.45086669921875 0.24737548828125 -0.0517120361328125
-0.10302734375 0.447967529296875 0.27862548828125 -0.0906982421875
-0.2918701171875 0.447479248046875 0.251144409179688 -0.165481567382812
-0.351470947265625 0.44683837890625 0.3109130859375 -0.240753173828125
-0.37237548828125 0.41754150390625 0.254318237304688 -0.244476318359375
-0.466827392578125 0.356414794921875 0.17242431640625 -0.203170776367187
-0.34490966796875 0.489898681640625 0.00332641601562499 -0.128639221191406
-0.227325439453125 0.536590576171875 -0.141983032226563 -0.0407562255859375
-0.0986938476562501 0.57952880859375 -0.215362548828125 0.0589447021484375
0.148193359375 0.4639892578125 -0.140182495117188 0.111495971679688
0.27532958984375 0.4420166015625 -0.07904052734375 0.1519775390625
0.336700439453125 0.340240478515625 -0.125930786132812 0.18109130859375
0.417572021484375 0.254913330078125 -0.215545654296875 0.3138427734375
0.231765747070313 0.221588134765625 0.5093994140625 0.000366210937500014
0.0901031494140625 0.278366088867188 0.4013671875 0.025360107421875
0.044219970703125 0.309814453125 0.229888916015625 0.04132080078125
-0.1087646484375 0.276046752929688 0.2489013671875 -0.0313262939453125
-0.2276611328125 0.272201538085938 0.25042724609375 -0.168899536132813
-0.26922607421875 0.2957763671875 0.34515380859375 -0.29730224609375
-0.2906494140625 0.2890625 0.340484619140625 -0.372650146484375
-0.357574462890625 0.267730712890625 0.280517578125 -0.349700927734375
-0.26251220703125 0.382354736328125 0.0511474609375 -0.29248046875
-0.15313720703125 0.4105224609375 -0.144439697265625 -0.1754150390625
-0.04400634765625 0.437896728515625 -0.238861083984375 0.00349426269531254
0.150604248046875 0.337005615234375 -0.128990173339844 0.125
0.251708984375 0.327484130859375 -0.0236663818359375 0.200225830078125
0.284515380859375 0.2518310546875 -0.00906372070312499 0.227615356445313
0.3341064453125 0.191497802734375 -0.082977294921875 0.390106201171875
0.111259460449219 0.129989624023438 0.558197021484375 0.071563720703125
0.036865234375 0.151702880859375 0.410186767578125 0.09039306640625
0.0194854736328125 0.145401000976563 0.192428588867188 0.0942230224609375
-0.0564956665039062 0.114265441894531 0.207290649414063 0.00468444824218751
-0.109321594238281 0.116188049316406 0.239151000976563 -0.158538818359375
-0.136764526367188 0.143722534179687 0.35272216796875 -0.316864013671875
-0.158172607421875 0.137405395507813 0.38983154296875 -0.449951171875
-0.199813842773438 0.136566162109375 0.344024658203125 -0.447845458984375
-0.152389526367187 0.2047119140625 0.073974609375 -0.400238037109375
-0.0801239013671875 0.21441650390625 -0.159835815429688 -0.262252807617188
-0.020050048828125 0.2257080078125 -0.260269165039063 -0.0323944091796875
0.0871734619140625 0.170928955078125 -0.126686096191406 0.136611938476563
0.154006958007813 0.177215576171875 0.00788879394531253 0.2340087890625
0.16064453125 0.142578125 0.0754241943359375 0.25933837890625
0.182525634765625 0.107437133789063 0.00979614257812503 0.436767578125
0.0155220031738281 -0.00310897827148438 -0.09783935546875 -0.41192626953125
-0.0184497833251953 0.00639152526855469 -0.14312744140625 -0.28485107421875
-0.0211353302001953 0.0137767791748047 -0.046356201171875 -0.244049072265625
-0.03515625 0.0244255065917969 0.0997161865234375 -0.144119262695313
-0.0242748260498047 0.0229473114013672 0.22003173828125 0.0533599853515625
-0.00778484344482422 -0.00766611099243164 0.164337158203125 0.240631103515625
0.00222682952880859 -0.00567150115966797 -0.082977294921875 0.42181396484375
-0.00434398651123047 -0.0168695449829102 -0.352020263671875 0.44573974609375
0.0116462707519531 -0.0224895477294922 -0.400115966796875 0.454803466796875
0.005889892578125 0.00418710708618164 -0.35009765625 0.344024658203125
0.00931549072265625 0.0215167999267578 -0.213912963867188 0.179489135742187
-0.0179462432861328 0.0155906677246094 -0.159210205078125 0.016265869140625
-0.00348663330078125 0.00955867767333985 -0.175735473632813 -0.100418090820313
0.00358390808105469 -0.0184135437011719 -0.365081787109375 -0.111114501953125
0.0200958251953125 -0.0355720520019531 -0.599609375 -0.11248779296875
0.1968994140625 0.0793609619140625 -0.07318115234375 -0.4061279296875
0.136398315429688 0.115898132324219 -0.116607666015625 -0.301666259765625
0.138900756835938 0.170257568359375 -0.0166168212890625 -0.268997192382812
0.035491943359375 0.222824096679688 0.128067016601563 -0.17095947265625
-0.0504913330078125 0.251663208007813 0.218154907226563 0.0319671630859375
-0.0894012451171875 0.226531982421875 0.172286987304688 0.210464477539063
-0.118728637695312 0.210708618164062 -0.060211181640625 0.389556884765625
-0.194534301757813 0.139480590820313 -0.30718994140625 0.4073486328125
-0.148391723632813 0.141891479492188 -0.358245849609375 0.434844970703125
-0.1336669921875 0.144927978515625 -0.32318115234375 0.34759521484375
-0.114883422851562 0.163528442382813 -0.209701538085938 0.18408203125
-0.07568359375 0.148651123046875 -0.157028198242188 0.0240325927734375
-0.0188446044921875 0.157119750976563 -0.16790771484375 -0.0901336669921875
0.0442962646484375 0.135856628417969 -0.365325927734375 -0.0992431640625
0.140945434570313 0.0944976806640625 -0.59356689453125 -0.0819091796875001
0.341644287109375 0.16375732421875 0.01165771484375 -0.377899169921875
0.25006103515625 0.230224609375 -0.02728271484375 -0.3048095703125
0.25146484375 0.3277587890625 0.049896240234375 -0.274627685546875
0.065673828125 0.40631103515625 0.171875 -0.191848754882813
-0.10711669921875 0.45233154296875 0.216766357421875 -0.0155487060546875
-0.185272216796875 0.42510986328125 0.184844970703125 0.124847412109375
-0.235595703125 0.383941650390625 -0.01385498046875 0.281341552734375
-0.356964111328125 0.273101806640625 -0.21929931640625 0.305694580078125
-0.28167724609375 0.30328369140625 -0.275970458984375 0.367218017578125
-0.245269775390625 0.3050537109375 -0.27532958984375 0.323455810546875
-0.203125 0.334808349609375 -0.204193115234375 0.18499755859375
-0.085357666015625 0.301300048828125 -0.161911010742188 0.0425567626953125
0.013580322265625 0.30926513671875 -0.174331665039063 -0.0536956787109374
0.116378784179687 0.272720336914062 -0.360443115234375 -0.051300048828125
0.26123046875 0.202041625976562 -0.5537109375 -0.00280761718749989
0.41693115234375 0.23541259765625 0.144195556640625 -0.315185546875
0.29193115234375 0.330718994140625 0.10675048828125 -0.271820068359375
0.281585693359375 0.45843505859375 0.136703491210938 -0.241714477539062
0.037445068359375 0.53570556640625 0.225341796875 -0.191131591796875
-0.1905517578125 0.5740966796875 0.222885131835938 -0.07940673828125
-0.284423828125 0.542449951171875 0.211456298828125 -0.00283813476562497
-0.332427978515625 0.486358642578125 0.056854248046875 0.11474609375
-0.466705322265625 0.362213134765625 -0.09857177734375 0.152603149414063
-0.36383056640625 0.436981201171875 -0.17205810546875 0.238449096679688
-0.2994384765625 0.461273193359375 -0.212890625 0.24920654296875
-0.22088623046875 0.506988525390625 -0.197540283203125 0.167251586914063
-0.02349853515625 0.44183349609375 -0.162033081054688 0.067840576171875
0.1048583984375 0.4351806640625 -0.168991088867188 0.00985717773437504
0.21759033203125 0.3626708984375 -0.325408935546875 0.02813720703125
0.36590576171875 0.267333984375 -0.474761962890625 0.1025390625
0.41571044921875 0.2781982421875 0.291839599609375 -0.223114013671875
0.2579345703125 0.38470458984375 0.249298095703125 -0.19366455078125
0.224517822265625 0.511322021484375 0.215255737304688 -0.1622314453125
-0.036041259765625 0.5533447265625 0.269210815429688 -0.156051635742188
-0.2684326171875 0.57452392578125 0.23760986328125 -0.13775634765625
-0.3519287109375 0.54913330078125 0.257110595703125 -0.138320922851562
-0.3846435546875 0.49560546875 0.15106201171875 -0.07427978515625
-0.5059814453125 0.394561767578125 0.0389060974121093 -0.0271377563476562
-0.383453369140625 0.51226806640625 -0.0734024047851563 0.0628662109375
-0.2860107421875 0.5546875 -0.163070678710938 0.117507934570313
-0.168212890625 0.6097412109375 -0.199752807617188 0.122161865234375
0.07843017578125 0.506500244140625 -0.153228759765625 0.094085693359375
0.2174072265625 0.48504638671875 -0.134574890136719 0.0856781005859375
0.309051513671875 0.3848876953125 -0.242767333984375 0.11444091796875
0.428619384765625 0.28369140625 -0.355621337890625 0.217376708984375
0.34454345703125 0.27557373046875 0.422027587890625 -0.110382080078125
0.17681884765625 0.36724853515625 0.354278564453125 -0.08404541015625
0.12469482421875 0.451446533203125 0.248489379882813 -0.0551910400390625
-0.0992431640625 0.44976806640625 0.2786865234375 -0.0947418212890625
-0.28778076171875 0.452606201171875 0.250701904296875 -0.169143676757812
-0.346832275390625 0.45166015625 0.30950927734375 -0.24566650390625
-0.370086669921875 0.42352294921875 0.253143310546875 -0.248565673828125
-0.46722412109375 0.362823486328125 0.171188354492188 -0.205734252929687
-0.343292236328125 0.49609375 0.00209045410156249 -0.129081726074219
-0.224029541015625 0.542266845703125 -0.1431884765625 -0.039154052734375
-0.09100341796875 0.58428955078125 -0.21612548828125 0.0623931884765625
0.1534423828125 0.46368408203125 -0.139564514160156 0.113960266113281
0.28289794921875 0.4403076171875 -0.07781982421875 0.152816772460938
0.341888427734375 0.33892822265625 -0.125656127929687 0.18426513671875
0.423858642578125 0.2520751953125 -0.21331787109375 0.3194580078125
0.234527587890625 0.220260620117188 0.511322021484375 -0.00494384765624999
0.092926025390625 0.279006958007812 0.402984619140625 0.021240234375
0.047210693359375 0.3104248046875 0.232315063476563 0.0387115478515625
-0.106903076171875 0.277786254882813 0.249603271484375 -0.0341949462890625
-0.225112915039063 0.27581787109375 0.250350952148438 -0.171112060546875
-0.267486572265625 0.299652099609375 0.34320068359375 -0.302337646484375
-0.28936767578125 0.29437255859375 0.33807373046875 -0.379730224609375
-0.3585205078125 0.272430419921875 0.278778076171875 -0.355438232421875
-0.261138916015625 0.387969970703125 0.04931640625 -0.2939453125
-0.14959716796875 0.41473388671875 -0.146865844726563 -0.17462158203125
-0.03857421875 0.4415283203125 -0.239974975585938 0.00689697265624999
0.154632568359375 0.33807373046875 -0.12823486328125 0.127204895019531
0.25701904296875 0.326263427734375 -0.0214385986328125 0.2010498046875
0.289215087890625 0.24951171875 -0.0079498291015625 0.229278564453125
0.337615966796875 0.1873779296875 -0.080230712890625 0.3931884765625
0.112419128417969 0.129776000976563 0.56292724609375 0.06646728515625
0.0379638671875 0.152297973632813 0.413909912109375 0.0863037109375
0.0204010009765625 0.145538330078125 0.194442749023438 0.0923919677734375
-0.0555801391601562 0.115081787109375 0.2086181640625 0.00167846679687501
-0.108680725097656 0.117866516113281 0.238845825195312 -0.16156005859375
-0.13568115234375 0.145294189453125 0.35113525390625 -0.321258544921875
-0.15826416015625 0.139907836914063 0.38616943359375 -0.456787109375
-0.199676513671875 0.1397705078125 0.34332275390625 -0.453887939453125
-0.151168823242187 0.207382202148438 0.0694580078125 -0.40185546875
-0.0783233642578125 0.216171264648438 -0.16339111328125 -0.261993408203125
-0.0176239013671875 0.227264404296875 -0.262542724609375 -0.029510498046875
0.0893707275390625 0.17120361328125 -0.125747680664063 0.13818359375
0.156936645507813 0.1756591796875 0.0112152099609375 0.234298706054687
0.163055419921875 0.141403198242188 0.077362060546875 0.259506225585938
0.1837158203125 0.106185913085938 0.015625 0.440673828125
0.0151805877685547 -0.00318431854248047 -0.102020263671875 -0.4136962890625
-0.0186004638671875 0.00711441040039062 -0.146270751953125 -0.28509521484375
-0.0208415985107422 0.0142574310302734 -0.0500335693359375 -0.243453979492188
-0.0339736938476562 0.0258369445800781 0.0982208251953125 -0.145675659179688
-0.0236091613769531 0.0235157012939453 0.221359252929688 0.05023193359375
-0.00810813903808594 -0.00796318054199219 0.167022705078125 0.239028930664063
0.00175619125366211 -0.00601434707641602 -0.0789794921875 0.4246826171875
-0.00509357452392578 -0.0170049667358398 -0.349273681640625 0.4521484375
0.0106658935546875 -0.0226249694824219 -0.396209716796875 0.4599609375
0.00607109069824219 0.00350189208984375 -0.345794677734375 0.350311279296875
0.0102348327636719 0.0215568542480469 -0.212753295898438 0.182296752929688
-0.0175437927246094 0.0160503387451172 -0.159774780273438 0.018096923828125
-0.00239372253417969 0.00962543487548828 -0.176986694335938 -0.0986328125
0.00323295593261719 -0.0190067291259766 -0.367889404296875 -0.106689453125
0.0194168090820313 -0.0367851257324219 -0.60321044921875 -0.1053466796875
0.198211669921875 0.077850341796875 -0.07708740234375 -0.40771484375
0.138046264648438 0.114631652832031 -0.11956787109375 -0.302337646484375
0.141891479492188 0.169342041015625 -0.0204620361328125 -0.269454956054688
0.0388336181640625 0.224197387695312 0.12567138671875 -0.173110961914063
-0.04693603515625 0.253326416015625 0.219131469726563 0.028411865234375
-0.0877685546875 0.228973388671875 0.17547607421875 0.208099365234375
-0.117050170898438 0.212234497070312 -0.055877685546875 0.39208984375
-0.193939208984375 0.142120361328125 -0.3048095703125 0.41326904296875
-0.14703369140625 0.143905639648438 -0.354461669921875 0.441864013671875
-0.132369995117188 0.147003173828125 -0.32037353515625 0.352508544921875
-0.112716674804687 0.165313720703125 -0.208572387695313 0.187225341796875
-0.0742645263671875 0.150955200195313 -0.157485961914063 0.0264129638671875
-0.016998291015625 0.157821655273438 -0.169097900390625 -0.088623046875
0.0458450317382812 0.136024475097656 -0.36895751953125 -0.095977783203125
0.142822265625 0.0922088623046875 -0.5966796875 -0.07379150390625
0.34521484375 0.161346435546875 0.00860595703125 -0.379638671875
0.253753662109375 0.228195190429688 -0.030029296875 -0.306060791015625
0.257720947265625 0.3267822265625 0.045440673828125 -0.275955200195313
0.072540283203125 0.408294677734375 0.170013427734375 -0.194793701171875
-0.10113525390625 0.4556884765625 0.2177734375 -0.0184173583984375
-0.182373046875 0.428436279296875 0.1865234375 0.122573852539063
-0.232452392578125 0.38848876953125 -0.011322021484375 0.2822265625
-0.35595703125 0.2784423828125 -0.21734619140625 0.310272216796875
-0.279052734375 0.30706787109375 -0.27410888671875 0.369873046875
-0.242767333984375 0.309600830078125 -0.271636962890625 0.32843017578125
-0.19915771484375 0.3389892578125 -0.203277587890625 0.1884765625
-0.08245849609375 0.304290771484375 -0.161880493164063 0.045013427734375
0.017120361328125 0.310211181640625 -0.174697875976563 -0.0522003173828125
0.1199951171875 0.273056030273438 -0.363067626953125 -0.04644775390625
0.264846801757813 0.19915771484375 -0.556671142578125 0.00390625000000009
0.419921875 0.231231689453125 0.14154052734375 -0.31787109375
0.296722412109375 0.32818603515625 0.1055908203125 -0.274261474609375
0.288330078125 0.456329345703125 0.13336181640625 -0.244491577148437
0.04449462890625 0.537261962890625 0.223907470703125 -0.195205688476562
-0.18328857421875 0.578857421875 0.223129272460938 -0.08343505859375
-0.279052734375 0.547119140625 0.210861206054687 -0.00653076171874997
-0.32757568359375 0.49267578125 0.0587539672851562 0.115066528320313
-0.465362548828125 0.3687744140625 -0.0973968505859375 0.155166625976563
-0.3597412109375 0.443206787109375 -0.170928955078125 0.242172241210938
-0.295684814453125 0.465484619140625 -0.211288452148438 0.253143310546875
-0.215179443359375 0.51361083984375 -0.196624755859375 0.170867919921875
-0.01898193359375 0.4464111328125 -0.161575317382813 0.07025146484375
0.11114501953125 0.433685302734375 -0.168930053710938 0.010986328125
0.221893310546875 0.363006591796875 -0.3275146484375 0.03314208984375
0.370269775390625 0.26416015625 -0.475616455078125 0.109588623046875
0.419891357421875 0.274505615234375 0.2901611328125 -0.226409912109375
0.263275146484375 0.38427734375 0.248733520507813 -0.197235107421875
0.230438232421875 0.509796142578125 0.213699340820313 -0.165664672851562
-0.029083251953125 0.556732177734375 0.268310546875 -0.160186767578125
-0.26141357421875 0.5797119140625 0.237060546875 -0.141525268554687
-0.347259521484375 0.55462646484375 0.255233764648438 -0.142745971679688
-0.3812255859375 0.502716064453125 0.15087890625 -0.07611083984375
-0.505828857421875 0.401275634765625 0.0385780334472656 -0.0281105041503906
-0.37939453125 0.519439697265625 -0.072998046875 0.064178466796875
-0.28094482421875 0.560516357421875 -0.161834716796875 0.120574951171875
-0.1612548828125 0.61248779296875 -0.199737548828125 0.125473022460938
0.08502197265625 0.507904052734375 -0.152099609375 0.096038818359375
0.224853515625 0.483489990234375 -0.133979797363281 0.0865554809570313
0.31549072265625 0.38232421875 -0.243301391601563 0.118804931640625
0.433990478515625 0.2784423828125 -0.3546142578125 0.223785400390625
0.349365234375 0.2720947265625 0.422882080078125 -0.11492919921875
0.1806640625 0.3668212890625 0.355438232421875 -0.089508056640625
0.1295166015625 0.45111083984375 0.24945068359375 -0.0587158203125
-0.093780517578125 0.45355224609375 0.278762817382813 -0.0981597900390625
-0.2843017578125 0.457427978515625 0.250198364257813 -0.172653198242188
-0.344818115234375 0.458038330078125 0.30670166015625 -0.25
-0.367462158203125 0.430084228515625 0.2520751953125 -0.252487182617188
-0.465789794921875 0.370635986328125 0.169906616210937 -0.209136962890625
-0.33837890625 0.501434326171875 0.000572204589843725 -0.129066467285156
-0.21771240234375 0.546356201171875 -0.143386840820313 -0.0370941162109374
-0.0836181640625 0.5887451171875 -0.21612548828125 0.0650024414062501
0.159942626953125 0.4661865234375 -0.138160705566406 0.116241455078125
0.290191650390625 0.43780517578125 -0.07562255859375 0.152923583984375
0.348480224609375 0.3355712890625 -0.12457275390625 0.187454223632813
0.42822265625 0.246429443359375 -0.2109375 0.324432373046875
0.237579345703125 0.21856689453125 0.51300048828125 -0.010833740234375
0.0962677001953125 0.279281616210938 0.40570068359375 0.0157470703125
0.0498046875 0.30987548828125 0.233596801757813 0.0355987548828125
-0.104156494140625 0.279342651367187 0.250015258789063 -0.0376129150390625
-0.222747802734375 0.278579711914063 0.24908447265625 -0.175506591796875
-0.264190673828125 0.304168701171875 0.341217041015625 -0.307281494140625
-0.28717041015625 0.29925537109375 0.336395263671875 -0.384490966796875
-0.358856201171875 0.279571533203125 0.276763916015625 -0.3602294921875
-0.2568359375 0.391693115234375 0.0460205078125 -0.295562744140625
-0.144805908203125 0.419189453125 -0.149566650390625 -0.173233032226562
-0.032867431640625 0.44342041015625 -0.24114990234375 0.00971984863281249
0.1595458984375 0.33740234375 -0.126800537109375 0.129035949707031
0.263946533203125 0.322845458984375 -0.0193939208984375 0.20147705078125
0.29449462890625 0.246826171875 -0.0063934326171875 0.230987548828125
0.340911865234375 0.183258056640625 -0.0771484375 0.3968505859375
0.113777160644531 0.128898620605469 0.5660400390625 0.06011962890625
0.03912353515625 0.153167724609375 0.416259765625 0.081085205078125
0.021759033203125 0.1451416015625 0.197189331054687 0.0899658203125
-0.0553741455078125 0.115592956542969 0.209854125976563 -0.000793457031249993
-0.107254028320313 0.118934631347656 0.23785400390625 -0.16448974609375
-0.134597778320313 0.147079467773438 0.349456787109375 -0.3262939453125
-0.157119750976563 0.142684936523438 0.382965087890625 -0.463043212890625
-0.199569702148437 0.142730712890625 0.339569091796875 -0.4619140625
-0.150375366210938 0.210052490234375 0.066558837890625 -0.4041748046875
-0.0755615234375 0.218109130859375 -0.166839599609375 -0.259857177734375
-0.0144500732421875 0.228927612304687 -0.264129638671875 -0.025787353515625
0.0915985107421875 0.17095947265625 -0.124420166015625 0.140556335449219
0.1602783203125 0.1737060546875 0.014007568359375 0.234695434570313
0.166351318359375 0.139633178710938 0.079345703125 0.260528564453125
0.185470581054688 0.103836059570313 0.018280029296875 0.444091796875
0.0147895812988281 -0.00304603576660156 -0.108642578125 -0.415069580078125
-0.0186786651611328 0.00747489929199219 -0.1497802734375 -0.28436279296875
-0.0202007293701172 0.0147762298583984 -0.0537109375 -0.242813110351563
-0.0330829620361328 0.0271453857421875 0.0965576171875 -0.146591186523438
-0.0237464904785156 0.0239524841308594 0.222412109375 0.0469818115234375
-0.00854778289794922 -0.00793027877807617 0.169677734375 0.237106323242188
0.00143861770629883 -0.00626993179321289 -0.075408935546875 0.427154541015625
-0.00576400756835938 -0.0166893005371094 -0.345184326171875 0.459075927734375
0.0097808837890625 -0.0227985382080078 -0.3922119140625 0.4678955078125
0.00641584396362305 0.003326416015625 -0.342498779296875 0.35430908203125
0.0103015899658203 0.0212535858154297 -0.210601806640625 0.185592651367188
-0.0171852111816406 0.0169811248779297 -0.15997314453125 0.0208740234375
-0.00237369537353516 0.00934791564941406 -0.178115844726563 -0.096038818359375
0.00280189514160156 -0.0187454223632813 -0.37103271484375 -0.10113525390625
0.0184478759765625 -0.0381622314453125 -0.6058349609375 -0.0972900390624999
0.199325561523438 0.0757598876953125 -0.083160400390625 -0.409027099609375
0.140007019042969 0.113426208496094 -0.1226806640625 -0.301666259765625
0.144790649414063 0.16778564453125 -0.0240478515625 -0.268585205078125
0.042694091796875 0.22479248046875 0.123886108398438 -0.174957275390625
-0.0440216064453125 0.255294799804688 0.220230102539063 0.025634765625
-0.0854034423828125 0.231277465820313 0.177215576171875 0.206130981445313
-0.1148681640625 0.214004516601563 -0.0518798828125 0.393829345703125
-0.193435668945313 0.145492553710938 -0.30145263671875 0.42059326171875
-0.146408081054688 0.145904541015625 -0.350738525390625 0.447418212890625
-0.13104248046875 0.147796630859375 -0.315765380859375 0.357269287109375
-0.110824584960938 0.16693115234375 -0.20697021484375 0.190383911132813
-0.0728759765625 0.1522216796875 -0.157119750976563 0.0286712646484375
-0.014434814453125 0.15802001953125 -0.169906616210938 -0.0868072509765625
0.0472946166992188 0.135749816894531 -0.371429443359375 -0.089630126953125
0.143722534179687 0.0896759033203125 -0.59991455078125 -0.06597900390625
0.347869873046875 0.15740966796875 0.00347900390625004 -0.38116455078125
0.25714111328125 0.225616455078125 -0.033203125 -0.306304931640625
0.2628173828125 0.32330322265625 0.04156494140625 -0.27728271484375
0.077484130859375 0.40948486328125 0.167205810546875 -0.1976318359375
-0.095184326171875 0.458251953125 0.218307495117188 -0.0222320556640625
-0.177734375 0.431884765625 0.187545776367188 0.11968994140625
-0.228515625 0.393951416015625 -0.00778198242187499 0.283294677734375
-0.3548583984375 0.283660888671875 -0.215057373046875 0.3145751953125
-0.27630615234375 0.310638427734375 -0.270233154296875 0.37640380859375
-0.239410400390625 0.311767578125 -0.26849365234375 0.3330078125
-0.194549560546875 0.34197998046875 -0.201614379882812 0.191390991210938
-0.07855224609375 0.306732177734375 -0.16143798828125 0.0473785400390625
0.021636962890625 0.310089111328125 -0.175338745117188 -0.0510101318359375
0.1236572265625 0.272109985351563 -0.36541748046875 -0.0407409667968749
0.2681884765625 0.19525146484375 -0.55914306640625 0.0122070312500001
0.424530029296875 0.227386474609375 0.137847900390625 -0.31964111328125
0.302490234375 0.326904296875 0.102630615234375 -0.276199340820313
0.2943115234375 0.4544677734375 0.130294799804688 -0.247268676757813
0.05279541015625 0.538482666015625 0.221221923828125 -0.198776245117188
-0.175048828125 0.5833740234375 0.223342895507813 -0.0867156982421875
-0.27392578125 0.552703857421875 0.210922241210937 -0.00987243652343747
-0.324127197265625 0.49847412109375 0.059814453125 0.114349365234375
-0.464019775390625 0.3785400390625 -0.0963287353515625 0.156906127929688
-0.356414794921875 0.449005126953125 -0.16845703125 0.245147705078125
-0.28912353515625 0.469696044921875 -0.207901000976563 0.256988525390625
-0.208709716796875 0.517181396484375 -0.1956787109375 0.17462158203125
-0.012939453125 0.44793701171875 -0.160354614257813 0.072509765625
0.1165771484375 0.433868408203125 -0.168182373046875 0.0122833251953125
0.22833251953125 0.3614501953125 -0.328216552734375 0.0381164550781251
0.37493896484375 0.258514404296875 -0.475860595703125 0.11651611328125
0.4232177734375 0.2705078125 0.288909912109375 -0.230072021484375
0.26824951171875 0.382965087890625 0.24755859375 -0.20111083984375
0.238006591796875 0.507415771484375 0.211868286132813 -0.168716430664063
-0.022491455078125 0.558837890625 0.267227172851563 -0.16436767578125
-0.25531005859375 0.5848388671875 0.236648559570312 -0.145034790039062
-0.339630126953125 0.56121826171875 0.25341796875 -0.147369384765625
-0.375 0.5093994140625 0.150405883789062 -0.0783233642578125
-0.50213623046875 0.409393310546875 0.0380363464355468 -0.0283203125
-0.372955322265625 0.5257568359375 -0.0725555419921875 0.0654830932617188
-0.2745361328125 0.56646728515625 -0.160675048828125 0.12353515625
-0.15069580078125 0.618408203125 -0.197998046875 0.129165649414063
0.090423583984375 0.5096435546875 -0.15106201171875 0.0981140136718751
0.2322998046875 0.481842041015625 -0.132209777832031 0.087249755859375
0.322479248046875 0.381134033203125 -0.243453979492187 0.123184204101563
0.439453125 0.271575927734375 -0.35321044921875 0.230865478515625
0.35211181640625 0.26910400390625 0.422454833984375 -0.1207275390625
0.18536376953125 0.36614990234375 0.355804443359375 -0.09429931640625
0.13592529296875 0.451690673828125 0.249465942382812 -0.0625
-0.0894775390625 0.454986572265625 0.2781982421875 -0.103073120117187
-0.277496337890625 0.462432861328125 0.248138427734375 -0.17626953125
-0.339599609375 0.463897705078125 0.3048095703125 -0.25634765625
-0.36358642578125 0.435943603515625 0.249649047851562 -0.256134033203125
-0.4642333984375 0.378265380859375 0.167892456054687 -0.21209716796875
-0.33343505859375 0.50872802734375 -0.000465393066406268 -0.129447937011719
-0.209808349609375 0.5509033203125 -0.144332885742188 -0.0346832275390625
-0.0748291015625 0.59051513671875 -0.215316772460938 0.0689544677734375
0.1654052734375 0.464935302734375 -0.136466979980469 0.117912292480469
0.296356201171875 0.43414306640625 -0.07330322265625 0.153427124023438
0.35345458984375 0.331695556640625 -0.1229248046875 0.190032958984375
0.433197021484375 0.239532470703125 -0.207733154296875 0.329681396484375
0.240310668945313 0.216888427734375 0.51513671875 -0.017120361328125
0.0995635986328125 0.280426025390625 0.407440185546875 0.00988769531250002
0.053253173828125 0.30999755859375 0.235244750976563 0.032562255859375
-0.101333618164063 0.280715942382813 0.250534057617188 -0.0411529541015625
-0.218841552734375 0.2833251953125 0.247238159179688 -0.17852783203125
-0.260284423828125 0.307403564453125 0.33868408203125 -0.313629150390625
-0.2838134765625 0.30426025390625 0.330169677734375 -0.390380859375
-0.35577392578125 0.2845458984375 0.272430419921875 -0.36590576171875
-0.25244140625 0.39703369140625 0.043426513671875 -0.296905517578125
-0.139678955078125 0.422454833984375 -0.151657104492188 -0.171371459960937
-0.026397705078125 0.445465087890625 -0.241378784179688 0.0140228271484376
0.16485595703125 0.336273193359375 -0.125556945800781 0.130889892578125
0.269378662109375 0.32000732421875 -0.0161590576171875 0.20135498046875
0.298004150390625 0.244232177734375 -0.00398254394531246 0.232666015625
0.344635009765625 0.17822265625 -0.0722351074218749 0.40081787109375
0.115859985351563 0.1280517578125 0.56671142578125 0.0535888671875
0.0408935546875 0.1533203125 0.417633056640625 0.074859619140625
0.0228118896484375 0.14508056640625 0.199310302734375 0.087371826171875
-0.0546035766601563 0.115943908691406 0.210220336914062 -0.00433349609374999
-0.105545043945313 0.12017822265625 0.236007690429687 -0.16729736328125
-0.132553100585938 0.148605346679688 0.34552001953125 -0.332275390625
-0.155975341796875 0.14520263671875 0.378326416015625 -0.469940185546875
-0.19927978515625 0.146102905273437 0.3349609375 -0.46783447265625
-0.148483276367187 0.212600708007813 0.06341552734375 -0.406402587890625
-0.072906494140625 0.219268798828125 -0.170089721679688 -0.257705688476563
-0.010986328125 0.229934692382813 -0.264984130859375 -0.0215301513671875
0.0935211181640625 0.170196533203125 -0.122756958007812 0.142333984375
0.163253784179688 0.170745849609375 0.016815185546875 0.234451293945313
0.1689453125 0.137969970703125 0.082244873046875 0.260940551757813
0.186874389648437 0.100753784179687 0.024200439453125 0.446990966796875
0.0150279998779297 -0.00307750701904297 -0.113128662109375 -0.414825439453125
-0.0186424255371094 0.00757026672363281 -0.153045654296875 -0.2830810546875
-0.0199203491210938 0.0149173736572266 -0.0577392578125 -0.242233276367187
-0.0321998596191406 0.0281715393066406 0.094573974609375 -0.147079467773438
-0.0231113433837891 0.0241661071777344 0.223403930664063 0.042938232421875
-0.00899124145507812 -0.00836753845214844 0.172271728515625 0.234542846679687
0.000528335571289062 -0.00670480728149414 -0.070831298828125 0.4283447265625
-0.00640487670898438 -0.016749382019043 -0.34063720703125 0.46490478515625
0.00874710083007813 -0.0224952697753906 -0.386993408203125 0.472015380859375
0.00576162338256836 0.00302219390869141 -0.337738037109375 0.359222412109375
0.0104942321777344 0.0211009979248047 -0.208648681640625 0.188186645507813
-0.0167446136474609 0.0174112319946289 -0.159759521484375 0.02301025390625
-0.00185012817382813 0.00971889495849609 -0.17974853515625 -0.0933685302734375
0.00221443176269531 -0.0191078186035156 -0.37237548828125 -0.0950927734375
0.0173873901367188 -0.038787841796875 -0.6094970703125 -0.08819580078125
0.200210571289063 0.073699951171875 -0.087982177734375 -0.408203125
0.142135620117188 0.112396240234375 -0.126800537109375 -0.300537109375
0.147628784179688 0.166229248046875 -0.0287933349609375 -0.2681884765625
0.0464935302734375 0.22552490234375 0.12109375 -0.176910400390625
-0.0402374267578125 0.256561279296875 0.220870971679688 0.0215911865234375
-0.0826416015625 0.232254028320313 0.17877197265625 0.203643798828125
-0.11273193359375 0.2156982421875 -0.0479736328125 0.394561767578125
-0.192428588867188 0.148651123046875 -0.29718017578125 0.425811767578125
-0.145523071289063 0.148025512695312 -0.3448486328125 0.4532470703125
-0.129486083984375 0.149673461914063 -0.31060791015625 0.360931396484375
-0.1083984375 0.168609619140625 -0.204971313476563 0.193344116210938
-0.0704345703125 0.154098510742188 -0.156753540039063 0.0309295654296875
-0.0118255615234375 0.15814208984375 -0.17071533203125 -0.084625244140625
0.0487899780273438 0.135848999023438 -0.37322998046875 -0.0834350585937501
0.145355224609375 0.087371826171875 -0.6019287109375 -0.0560913085937499
0.348663330078125 0.153778076171875 -0.000946044921874946 -0.38104248046875
0.260345458984375 0.222366333007813 -0.036224365234375 -0.305572509765625
0.266754150390625 0.320220947265625 0.0370025634765625 -0.277694702148438
0.084442138671875 0.409698486328125 0.1649169921875 -0.2003173828125
-0.08917236328125 0.4608154296875 0.218246459960938 -0.02569580078125
-0.172637939453125 0.435211181640625 0.188369750976563 0.116653442382813
-0.22344970703125 0.39727783203125 -0.00439453124999999 0.2835693359375
-0.35284423828125 0.290130615234375 -0.2119140625 0.3184814453125
-0.272705078125 0.31524658203125 -0.26580810546875 0.379669189453125
-0.2347412109375 0.31549072265625 -0.263916015625 0.338470458984375
-0.1898193359375 0.345062255859375 -0.19927978515625 0.195205688476563
-0.075347900390625 0.308349609375 -0.160690307617188 0.0493927001953125
0.026824951171875 0.310028076171875 -0.175445556640625 -0.04888916015625
0.127532958984375 0.271286010742188 -0.366455078125 -0.0345458984374999
0.2705078125 0.191497802734375 -0.55963134765625 0.0206604003906251
0.42730712890625 0.222930908203125 0.134552001953125 -0.321624755859375
0.305755615234375 0.32293701171875 0.100128173828125 -0.277908325195313
0.302001953125 0.450286865234375 0.126708984375 -0.24951171875
0.0605163574218749 0.538299560546875 0.218948364257813 -0.202468872070312
-0.16741943359375 0.58685302734375 0.221893310546875 -0.0897979736328124
-0.266693115234375 0.557830810546875 0.2103271484375 -0.0137176513671875
-0.3170166015625 0.5042724609375 0.061492919921875 0.113906860351563
-0.458770751953125 0.384613037109375 -0.09490966796875 0.158782958984375
-0.350250244140625 0.453643798828125 -0.165603637695313 0.247512817382813
-0.281951904296875 0.474639892578125 -0.204376220703125 0.260055541992188
-0.200653076171875 0.5206298828125 -0.192718505859375 0.177444458007813
-0.00775146484374999 0.448699951171875 -0.159072875976563 0.0748443603515626
0.1243896484375 0.43206787109375 -0.168182373046875 0.0133209228515625
0.23309326171875 0.3585205078125 -0.328125 0.0437622070312501
0.378814697265625 0.253662109375 -0.47442626953125 0.12451171875
0.42724609375 0.266143798828125 0.285797119140625 -0.23492431640625
0.273223876953125 0.379364013671875 0.2454833984375 -0.204055786132812
0.244720458984375 0.50360107421875 0.209625244140625 -0.172683715820312
-0.0149841308593751 0.5582275390625 0.26513671875 -0.168792724609375
-0.2467041015625 0.5892333984375 0.2347412109375 -0.149032592773437
-0.33282470703125 0.56610107421875 0.251220703125 -0.152206420898437
-0.368804931640625 0.515655517578125 0.149810791015625 -0.080596923828125
-0.497772216796875 0.41845703125 0.0373764038085937 -0.0288619995117187
-0.367156982421875 0.530120849609375 -0.0717620849609375 0.0670318603515625
-0.26531982421875 0.5704345703125 -0.159027099609375 0.126235961914063
-0.14361572265625 0.6224365234375 -0.196426391601563 0.132049560546875
0.09832763671875 0.510284423828125 -0.149017333984375 0.10040283203125
0.239227294921875 0.477508544921875 -0.130996704101562 0.0879745483398438
0.327239990234375 0.3760986328125 -0.242660522460938 0.12762451171875
0.442413330078125 0.264678955078125 -0.35040283203125 0.237274169921875
0.356658935546875 0.265625 0.420806884765625 -0.12677001953125
0.190460205078125 0.364990234375 0.355560302734375 -0.09954833984375
0.141632080078125 0.44976806640625 0.248764038085938 -0.0659942626953125
-0.0830078125 0.456756591796875 0.27703857421875 -0.107147216796875
-0.27093505859375 0.466796875 0.245956420898437 -0.180145263671875
-0.332366943359375 0.468048095703125 0.30047607421875 -0.261444091796875
-0.35736083984375 0.44146728515625 0.246673583984375 -0.260452270507813
-0.460052490234375 0.385040283203125 0.165664672851563 -0.215347290039062
-0.326385498046875 0.513336181640625 -0.00216674804687502 -0.128952026367187
-0.202667236328125 0.554901123046875 -0.144332885742188 -0.0322113037109375
-0.0676879882812499 0.59332275390625 -0.214370727539063 0.072509765625
0.171600341796875 0.463653564453125 -0.135032653808594 0.119621276855469
0.3040771484375 0.429534912109375 -0.0709381103515625 0.153854370117188
0.3585205078125 0.327728271484375 -0.1219482421875 0.193130493164063
0.436431884765625 0.23260498046875 -0.203887939453125 0.334136962890625
0.243087768554688 0.214492797851563 0.51422119140625 -0.024139404296875
0.1025390625 0.2794189453125 0.4075927734375 0.00384521484375002
0.056884765625 0.308349609375 0.236083984375 0.02935791015625
-0.09814453125 0.28192138671875 0.249954223632812 -0.045196533203125
-0.21484375 0.28509521484375 0.24542236328125 -0.181610107421875
-0.256744384765625 0.311737060546875 0.33380126953125 -0.31890869140625
-0.280517578125 0.308929443359375 0.3265380859375 -0.394378662109375
-0.35369873046875 0.290130615234375 0.26922607421875 -0.37091064453125
-0.247894287109375 0.400726318359375 0.040069580078125 -0.29693603515625
-0.133819580078125 0.42376708984375 -0.153610229492188 -0.168563842773437
-0.0189208984375 0.447021484375 -0.241989135742188 0.0176544189453126
0.169097900390625 0.33477783203125 -0.123313903808594 0.133216857910156
0.274871826171875 0.31494140625 -0.013458251953125 0.200454711914063
0.302093505859375 0.240509033203125 -0.00236511230468751 0.233413696289063
0.347015380859375 0.174224853515625 -0.0664672851562499 0.40423583984375
0.117179870605469 0.126930236816406 0.56756591796875 0.045166015625
0.04302978515625 0.153533935546875 0.42010498046875 0.06903076171875
0.0239105224609375 0.144393920898438 0.200637817382813 0.08447265625
-0.05340576171875 0.116950988769531 0.210372924804688 -0.00721740722656249
-0.103759765625 0.121650695800781 0.233688354492188 -0.170455932617188
-0.1304931640625 0.150177001953125 0.341461181640625 -0.336639404296875
-0.15435791015625 0.148300170898437 0.371826171875 -0.475250244140625
-0.198638916015625 0.149307250976562 0.32965087890625 -0.47479248046875
-0.145278930664063 0.215347290039062 0.059112548828125 -0.408172607421875
-0.07000732421875 0.220947265625 -0.172988891601562 -0.255645751953125
-0.00782775878906248 0.230789184570313 -0.265518188476563 -0.0178375244140625
0.096221923828125 0.16973876953125 -0.120849609375 0.144256591796875
0.166229248046875 0.168426513671875 0.019866943359375 0.233856201171875
0.17169189453125 0.1357421875 0.08514404296875 0.260177612304688
0.1884765625 0.0983123779296875 0.029205322265625 0.447265625
0.0142555236816406 -0.00319576263427734 -0.11846923828125 -0.4144287109375
-0.0182723999023437 0.00860214233398437 -0.1556396484375 -0.281219482421875
-0.0193347930908203 0.0154685974121094 -0.06109619140625 -0.2398681640625
-0.0317268371582031 0.0291728973388672 0.0923614501953125 -0.1480712890625
-0.0227775573730469 0.0247974395751953 0.22357177734375 0.0399932861328125
-0.00950336456298828 -0.0082235336303711 0.175674438476563 0.231246948242188
-0.000329971313476563 -0.00713300704956055 -0.065765380859375 0.429046630859375
-0.00712203979492187 -0.0168361663818359 -0.334259033203125 0.471923828125
0.00790977478027344 -0.0224971771240234 -0.380828857421875 0.4783935546875
0.00584077835083008 0.00277805328369141 -0.332794189453125 0.363555908203125
0.0105705261230469 0.0208568572998047 -0.206130981445312 0.190994262695312
-0.0161838531494141 0.0179538726806641 -0.159469604492188 0.0254058837890625
-0.00161170959472656 0.00964164733886719 -0.180282592773438 -0.0911102294921875
0.00181961059570312 -0.0192489624023438 -0.37493896484375 -0.0897827148437501
0.0165824890136719 -0.0392379760742188 -0.6107177734375 -0.07977294921875
0.2005615234375 0.0714874267578125 -0.0924682617187499 -0.407135009765625
0.143096923828125 0.110443115234375 -0.12939453125 -0.2979736328125
0.150115966796875 0.163803100585938 -0.0331878662109375 -0.266860961914063
0.0501251220703125 0.225448608398438 0.118865966796875 -0.177749633789062
-0.036285400390625 0.257125854492188 0.2208251953125 0.018280029296875
-0.0796356201171875 0.233627319335938 0.180984497070313 0.200241088867188
-0.110183715820313 0.217117309570313 -0.043609619140625 0.3953857421875
-0.191375732421875 0.151412963867188 -0.29180908203125 0.4312744140625
-0.143768310546875 0.15008544921875 -0.339874267578125 0.457977294921875
-0.126968383789063 0.150863647460938 -0.306427001953125 0.36590576171875
-0.105224609375 0.169525146484375 -0.202407836914063 0.195907592773438
-0.067626953125 0.155502319335938 -0.15582275390625 0.03314208984375
-0.00979614257812499 0.158172607421875 -0.171661376953125 -0.0823974609375
0.0503082275390625 0.13525390625 -0.373626708984375 -0.076507568359375
0.145965576171875 0.084320068359375 -0.60101318359375 -0.0478515625000001
0.349456787109375 0.14892578125 -0.00531005859374999 -0.38055419921875
0.262954711914063 0.219345092773437 -0.0399169921875 -0.304595947265625
0.27239990234375 0.316619873046875 0.0323944091796875 -0.277801513671875
0.0899658203125 0.408233642578125 0.161407470703125 -0.202651977539062
-0.082275390625 0.461029052734375 0.217666625976563 -0.02911376953125
-0.1661376953125 0.437652587890625 0.188674926757813 0.113189697265625
-0.21881103515625 0.399627685546875 -0.000488281250000004 0.283538818359375
-0.34881591796875 0.295257568359375 -0.208160400390625 0.32275390625
-0.2684326171875 0.319427490234375 -0.2601318359375 0.3836669921875
-0.23046875 0.317474365234375 -0.258697509765625 0.340545654296875
-0.1837158203125 0.34649658203125 -0.196853637695312 0.197921752929688
-0.070831298828125 0.3096923828125 -0.159515380859375 0.051300048828125
0.03173828125 0.30914306640625 -0.175613403320313 -0.0472259521484375
0.130874633789062 0.269699096679688 -0.367889404296875 -0.029541015625
0.273300170898438 0.185775756835938 -0.557861328125 0.0284118652343749
0.429656982421875 0.217132568359375 0.1300048828125 -0.32330322265625
0.31097412109375 0.31866455078125 0.0973358154296875 -0.279129028320313
0.30810546875 0.445648193359375 0.122207641601563 -0.250625610351563
0.06707763671875 0.538299560546875 0.215377807617188 -0.205657958984375
-0.15887451171875 0.58905029296875 0.220657348632812 -0.0937957763671875
-0.259857177734375 0.5616455078125 0.20928955078125 -0.0175933837890625
-0.310577392578125 0.507049560546875 0.0637359619140625 0.112716674804688
-0.45538330078125 0.390960693359375 -0.0926818847656251 0.161041259765625
-0.344207763671875 0.458404541015625 -0.162643432617188 0.2501220703125
-0.275787353515625 0.4781494140625 -0.200424194335938 0.26348876953125
-0.19281005859375 0.522918701171875 -0.1900634765625 0.18035888671875
-0.00219726562500003 0.449981689453125 -0.157257080078125 0.0769805908203125
0.130706787109375 0.428314208984375 -0.167312622070312 0.0150299072265625
0.237823486328125 0.355743408203125 -0.328277587890625 0.048980712890625
0.38299560546875 0.2459716796875 -0.472076416015625 0.132354736328125
0.429595947265625 0.2607421875 0.2823486328125 -0.238372802734375
0.277862548828125 0.37591552734375 0.243637084960938 -0.208023071289062
0.2508544921875 0.499176025390625 0.207229614257813 -0.175582885742188
-0.00714111328125006 0.559967041015625 0.262374877929688 -0.172958374023437
-0.23736572265625 0.59332275390625 0.232284545898437 -0.152725219726562
-0.325439453125 0.5709228515625 0.248092651367187 -0.156402587890625
-0.36297607421875 0.520355224609375 0.14892578125 -0.0827789306640625
-0.49383544921875 0.4261474609375 0.0366172790527343 -0.0290756225585937
-0.360992431640625 0.5361328125 -0.0707473754882813 0.0681686401367188
-0.25811767578125 0.57379150390625 -0.15679931640625 0.129364013671875
-0.133544921875 0.62310791015625 -0.194366455078125 0.135467529296875
0.104949951171875 0.508636474609375 -0.147216796875 0.1026611328125
0.246490478515625 0.47161865234375 -0.129241943359375 0.0888214111328125
0.331634521484375 0.371826171875 -0.241714477539062 0.131820678710938
0.446807861328125 0.257568359375 -0.347625732421875 0.2427978515625
0.3587646484375 0.260406494140625 0.418670654296875 -0.131317138671875
0.194305419921875 0.36260986328125 0.355010986328125 -0.104400634765625
0.14752197265625 0.44586181640625 0.24822998046875 -0.0699310302734375
-0.07763671875 0.456756591796875 0.27581787109375 -0.111984252929687
-0.263336181640625 0.4698486328125 0.2435302734375 -0.183349609375
-0.325927734375 0.472564697265625 0.295684814453125 -0.267608642578125
-0.35162353515625 0.447967529296875 0.243255615234375 -0.264053344726563
-0.455596923828125 0.392730712890625 0.16229248046875 -0.217453002929688
-0.320343017578125 0.5184326171875 -0.00349426269531251 -0.128562927246094
-0.196319580078125 0.557891845703125 -0.144485473632813 -0.0295715332031249
-0.05694580078125 0.593505859375 -0.213272094726563 0.07568359375
0.178253173828125 0.460723876953125 -0.132637023925781 0.1214599609375
0.309967041015625 0.423736572265625 -0.068878173828125 0.153274536132813
0.3636474609375 0.323089599609375 -0.119796752929687 0.195587158203125
0.440399169921875 0.2271728515625 -0.19854736328125 0.338348388671875
0.24505615234375 0.211929321289062 0.51348876953125 -0.03021240234375
0.10614013671875 0.278488159179688 0.40869140625 -0.00274658203124998
0.060638427734375 0.307403564453125 0.2366943359375 0.0254058837890625
-0.094635009765625 0.282745361328125 0.249221801757812 -0.048858642578125
-0.210113525390625 0.287933349609375 0.242431640625 -0.184600830078125
-0.25146484375 0.314178466796875 0.32867431640625 -0.3243408203125
-0.276397705078125 0.3126220703125 0.321014404296875 -0.400390625
-0.349578857421875 0.295562744140625 0.263275146484375 -0.37554931640625
-0.24273681640625 0.40484619140625 0.03704833984375 -0.2974853515625
-0.128021240234375 0.42657470703125 -0.1556396484375 -0.166336059570312
-0.011505126953125 0.447845458984375 -0.241043090820313 0.0212554931640625
0.17340087890625 0.33349609375 -0.120529174804687 0.134193420410156
0.279327392578125 0.309722900390625 -0.0102996826171875 0.199325561523438
0.3062744140625 0.235687255859375 0.000198364257812525 0.234832763671875
0.34881591796875 0.167938232421875 -0.0615234374999999 0.405853271484375
0.118881225585937 0.125518798828125 0.56854248046875 0.037353515625
0.0450592041015625 0.153350830078125 0.421661376953125 0.062164306640625
0.02581787109375 0.143539428710938 0.202072143554687 0.08135986328125
-0.0521392822265625 0.116912841796875 0.21044921875 -0.01025390625
-0.101325988769531 0.122726440429687 0.231430053710937 -0.172943115234375
-0.127655029296875 0.151107788085937 0.337738037109375 -0.341766357421875
-0.152389526367187 0.15087890625 0.364532470703125 -0.481048583984375
-0.19683837890625 0.152679443359375 0.324462890625 -0.47894287109375
-0.142547607421875 0.217391967773438 0.054595947265625 -0.40777587890625
-0.0668182373046875 0.221725463867188 -0.175674438476563 -0.252838134765625
-0.00482177734375 0.230636596679688 -0.266265869140625 -0.01312255859375
0.0980224609375 0.168701171875 -0.118453979492188 0.14556884765625
0.168930053710938 0.165023803710938 0.023406982421875 0.232223510742188
0.173812866210938 0.1326904296875 0.0869293212890625 0.26031494140625
0.189544677734375 0.0950927734375 0.0351562500000001 0.44970703125
0.0139455795288086 -0.00328445434570313 -0.1241455078125 -0.411834716796875
-0.0180301666259766 0.00924301147460937 -0.158981323242188 -0.27874755859375
-0.0189399719238281 0.0154857635498047 -0.06451416015625 -0.237808227539062
-0.0307216644287109 0.0300807952880859 0.09002685546875 -0.148757934570313
-0.0223960876464844 0.0253868103027344 0.223358154296875 0.03570556640625
-0.0102338790893555 -0.00811862945556641 0.177093505859375 0.22760009765625
-0.00089120864868164 -0.00736141204833984 -0.06048583984375 0.42962646484375
-0.00765514373779297 -0.0163259506225586 -0.328887939453125 0.47613525390625
0.00672149658203125 -0.0226268768310547 -0.37371826171875 0.483795166015625
0.00602483749389649 0.00238132476806641 -0.326080322265625 0.366607666015625
0.0111579895019531 0.020355224609375 -0.20343017578125 0.192657470703125
-0.0157127380371094 0.0185928344726563 -0.158935546875 0.02728271484375
-0.00102519989013672 0.00987052917480469 -0.18060302734375 -0.08782958984375
0.00128555297851563 -0.0191020965576172 -0.374969482421875 -0.083770751953125
0.0159454345703125 -0.0402145385742187 -0.61083984375 -0.0712280273437499
0.200607299804687 0.069244384765625 -0.096923828125 -0.40606689453125
0.1439208984375 0.108322143554688 -0.13250732421875 -0.29681396484375
0.152236938476563 0.16168212890625 -0.037078857421875 -0.265213012695313
0.0533905029296875 0.224639892578125 0.115936279296875 -0.17852783203125
-0.0325927734375 0.257080078125 0.220550537109375 0.0143890380859375
-0.0770263671875 0.23443603515625 0.182388305664063 0.19659423828125
-0.107177734375 0.217987060546875 -0.038665771484375 0.39508056640625
-0.18975830078125 0.153945922851563 -0.286773681640625 0.434722900390625
-0.141708374023437 0.151901245117188 -0.333251953125 0.461334228515625
-0.124984741210937 0.151718139648438 -0.300628662109375 0.368377685546875
-0.102767944335937 0.170181274414063 -0.199081420898438 0.198394775390625
-0.0654449462890625 0.156646728515625 -0.154876708984375 0.035308837890625
-0.00704956054687499 0.156997680664062 -0.171539306640625 -0.0802459716796875
0.05206298828125 0.134124755859375 -0.375396728515625 -0.072052001953125
0.145965576171875 0.0815887451171875 -0.60125732421875 -0.0392456054687501
0.35003662109375 0.145294189453125 -0.0100097656249999 -0.3802490234375
0.26483154296875 0.215438842773437 -0.042724609375 -0.304351806640625
0.27545166015625 0.311492919921875 0.0272064208984375 -0.277481079101562
0.09564208984375 0.406494140625 0.158218383789063 -0.20416259765625
-0.0747070312500001 0.461944580078125 0.21661376953125 -0.0328216552734375
-0.159698486328125 0.438873291015625 0.189254760742188 0.109786987304688
-0.2142333984375 0.400421142578125 0.00296020507812497 0.283233642578125
-0.3453369140625 0.299163818359375 -0.203857421875 0.324676513671875
-0.264862060546875 0.32086181640625 -0.254364013671875 0.386627197265625
-0.225982666015625 0.31988525390625 -0.253173828125 0.34381103515625
-0.178009033203125 0.34912109375 -0.193435668945312 0.20001220703125
-0.066314697265625 0.311187744140625 -0.157852172851563 0.0538177490234375
0.03631591796875 0.307098388671875 -0.174896240234375 -0.0450897216796875
0.133926391601562 0.267471313476563 -0.3675537109375 -0.0231018066406249
0.274795532226562 0.181961059570312 -0.557342529296875 0.0381774902343749
0.431060791015625 0.2119140625 0.125946044921875 -0.32391357421875
0.313812255859375 0.3154296875 0.0945587158203125 -0.279708862304688
0.31304931640625 0.439422607421875 0.118057250976563 -0.251678466796875
0.074798583984375 0.534881591796875 0.212570190429688 -0.208343505859375
-0.14971923828125 0.5897216796875 0.21881103515625 -0.0970611572265625
-0.25140380859375 0.5635986328125 0.207305908203125 -0.020843505859375
-0.304229736328125 0.51043701171875 0.065093994140625 0.111289978027344
-0.450836181640625 0.398406982421875 -0.0905151367187501 0.162124633789063
-0.33721923828125 0.4610595703125 -0.159332275390625 0.252471923828125
-0.267303466796875 0.48101806640625 -0.195663452148438 0.266448974609375
-0.183807373046875 0.5238037109375 -0.18719482421875 0.183197021484375
0.00390624999999997 0.449371337890625 -0.155532836914063 0.0785675048828125
0.136199951171875 0.425140380859375 -0.166015625 0.0161895751953125
0.24273681640625 0.35223388671875 -0.32763671875 0.054473876953125
0.384521484375 0.238983154296875 -0.46868896484375 0.13983154296875
0.4315185546875 0.255035400390625 0.279571533203125 -0.240875244140625
0.2821044921875 0.3729248046875 0.240737915039063 -0.211318969726563
0.257049560546875 0.49517822265625 0.20379638671875 -0.17816162109375
3.41169171266006E-17 0.55718994140625 0.259063720703125 -0.1761474609375
-0.227294921875 0.59503173828125 0.22979736328125 -0.155242919921875
-0.31622314453125 0.57421875 0.244583129882812 -0.160247802734375
-0.354583740234375 0.525726318359375 0.147674560546875 -0.084747314453125
-0.488433837890625 0.43212890625 0.0361366271972656 -0.0298652648925781
-0.351409912109375 0.5396728515625 -0.0694198608398438 0.0694541931152344
-0.2486572265625 0.57501220703125 -0.153900146484375 0.131607055664063
-0.125 0.625 -0.19195556640625 0.13787841796875
0.111297607421875 0.5074462890625 -0.144989013671875 0.104110717773438
0.25384521484375 0.466949462890625 -0.127578735351562 0.0894699096679688
0.33721923828125 0.36566162109375 -0.239837646484375 0.136123657226563
0.44879150390625 0.25054931640625 -0.34375 0.247589111328125
0.360137939453125 0.255584716796875 0.416839599609375 -0.1363525390625
0.19805908203125 0.359588623046875 0.352813720703125 -0.109466552734375
0.154022216796875 0.442413330078125 0.246688842773438 -0.0734100341796875
-0.071258544921875 0.457305908203125 0.27276611328125 -0.115432739257812
-0.256195068359375 0.472808837890625 0.240676879882812 -0.186050415039062
-0.31927490234375 0.475341796875 0.29193115234375 -0.270111083984375
-0.34552001953125 0.45111083984375 0.238311767578125 -0.2667236328125
-0.450286865234375 0.39801025390625 0.159194946289062 -0.219512939453125
-0.312347412109375 0.52203369140625 -0.00517272949218753 -0.127830505371094
-0.1881103515625 0.55853271484375 -0.144012451171875 -0.0272216796875
-0.04791259765625 0.59454345703125 -0.21173095703125 0.078826904296875
0.184051513671875 0.45855712890625 -0.13018798828125 0.122634887695313
0.31585693359375 0.417388916015625 -0.066436767578125 0.152328491210938
0.368011474609375 0.316558837890625 -0.11798095703125 0.197555541992188
0.442169189453125 0.217498779296875 -0.194000244140625 0.341766357421875
0.246658325195313 0.208602905273438 0.511993408203125 -0.03668212890625
0.10919189453125 0.276992797851563 0.408233642578125 -0.00848388671874998
0.06365966796875 0.30487060546875 0.236846923828125 0.0215911865234375
-0.09063720703125 0.283294677734375 0.247848510742188 -0.052032470703125
-0.204620361328125 0.289642333984375 0.239395141601562 -0.187408447265625
-0.246673583984375 0.315185546875 0.32257080078125 -0.328155517578125
-0.27142333984375 0.31585693359375 0.31494140625 -0.402557373046875
-0.346649169921875 0.300506591796875 0.257049560546875 -0.377410888671875
-0.23663330078125 0.406890869140625 0.0338134765625 -0.296966552734375
-0.121551513671875 0.426025390625 -0.156753540039063 -0.163299560546875
-0.00607299804687499 0.446685791015625 -0.240005493164063 0.0248565673828126
0.177642822265625 0.33203125 -0.118766784667969 0.135406494140625
0.282928466796875 0.3035888671875 -0.007720947265625 0.198410034179688
0.309112548828125 0.230499267578125 0.002410888671875 0.23486328125
0.3504638671875 0.161865234375 -0.056304931640625 0.40838623046875
0.11993408203125 0.124076843261719 0.56707763671875 0.02984619140625
0.0462646484375 0.152862548828125 0.419097900390625 0.05462646484375
0.0270843505859375 0.142440795898438 0.203170776367188 0.0784454345703125
-0.0510406494140625 0.117012023925781 0.2095947265625 -0.0131988525390625
-0.09942626953125 0.1234130859375 0.228240966796875 -0.175521850585938
-0.124862670898438 0.151748657226563 0.33062744140625 -0.346466064453125
-0.149978637695312 0.152175903320313 0.35687255859375 -0.484100341796875
-0.19500732421875 0.155410766601562 0.31719970703125 -0.483001708984375
-0.139633178710938 0.21893310546875 0.04998779296875 -0.4085693359375
-0.0640106201171875 0.22198486328125 -0.178070068359375 -0.249176025390625
-0.00044250488281248 0.230804443359375 -0.265777587890625 -0.0093841552734375
0.100616455078125 0.1669921875 -0.115615844726562 0.146530151367188
0.171463012695313 0.161590576171875 0.026458740234375 0.23101806640625
0.17559814453125 0.130126953125 0.089324951171875 0.2589111328125
0.18988037109375 0.09222412109375 0.04168701171875 0.44976806640625
0.0136623382568359 -0.00336074829101562 -0.12847900390625 -0.4119873046875
-0.0181312561035156 0.00949859619140625 -0.161102294921875 -0.277084350585937
-0.0184192657470703 0.0156917572021484 -0.067047119140625 -0.23529052734375
-0.0296440124511719 0.0305252075195313 0.0881195068359375 -0.148544311523438
-0.0220432281494141 0.0259494781494141 0.222976684570313 0.0329132080078125
-0.0108499526977539 -0.00847244262695313 0.179214477539063 0.224578857421875
-0.00123310089111328 -0.00798320770263672 -0.0567626953125 0.429595947265625
-0.00825977325439453 -0.0159225463867188 -0.32196044921875 0.480438232421875
0.00597953796386719 -0.0224227905273438 -0.366302490234375 0.486572265625
0.0057530403137207 0.00194501876831055 -0.320526123046875 0.368560791015625
0.0114917755126953 0.0197868347167969 -0.200088500976563 0.194610595703125
-0.015350341796875 0.0190219879150391 -0.157821655273438 0.0287933349609375
-0.000466346740722657 0.00963211059570313 -0.180526733398438 -0.085296630859375
0.00111770629882812 -0.0190143585205078 -0.37396240234375 -0.078460693359375
0.0148277282714844 -0.0405654907226563 -0.60919189453125 -0.0631713867187499
0.20068359375 0.066925048828125 -0.101959228515625 -0.403167724609375
0.14520263671875 0.107070922851563 -0.13446044921875 -0.29449462890625
0.154495239257813 0.158950805664063 -0.0410614013671875 -0.263839721679688
0.0572967529296875 0.222976684570312 0.112869262695313 -0.1795654296875
-0.0291595458984375 0.256683349609375 0.21966552734375 0.0116119384765625
-0.0740966796875 0.234512329101562 0.183563232421875 0.193038940429688
-0.1051025390625 0.218734741210938 -0.03369140625 0.3946533203125
-0.18798828125 0.156219482421875 -0.28192138671875 0.438568115234375
-0.139968872070312 0.152618408203125 -0.3262939453125 0.464324951171875
-0.122589111328125 0.151748657226563 -0.29339599609375 0.3709716796875
-0.0999298095703125 0.170806884765625 -0.19622802734375 0.199722290039062
-0.0636749267578125 0.1571044921875 -0.15411376953125 0.0373687744140625
-0.0045623779296875 0.156661987304688 -0.171127319335938 -0.078216552734375
0.0531387329101562 0.133460998535156 -0.374969482421875 -0.0662841796874999
0.146377563476562 0.0786590576171875 -0.6005859375 -0.0303955078125001
0.35064697265625 0.14105224609375 -0.01458740234375 -0.37957763671875
0.26708984375 0.212295532226563 -0.045196533203125 -0.303131103515625
0.2791748046875 0.308197021484375 0.0236053466796875 -0.276290893554688
0.101287841796875 0.404022216796875 0.1546630859375 -0.206024169921875
-0.067962646484375 0.4625244140625 0.215789794921875 -0.0354156494140625
-0.15472412109375 0.439483642578125 0.188919067382813 0.106231689453125
-0.20758056640625 0.402496337890625 0.00604248046874999 0.282012939453125
-0.340576171875 0.302642822265625 -0.200164794921875 0.32745361328125
-0.25994873046875 0.324127197265625 -0.250274658203125 0.3895263671875
-0.2218017578125 0.320953369140625 -0.248046875 0.34661865234375
-0.173583984375 0.349761962890625 -0.190658569335938 0.202102661132813
-0.062713623046875 0.311248779296875 -0.156051635742188 0.0556335449218751
0.039825439453125 0.30438232421875 -0.1741943359375 -0.04412841796875
0.136886596679688 0.265533447265625 -0.3671875 -0.017974853515625
0.27532958984375 0.176361083984375 -0.554656982421875 0.0451049804687501
0.431304931640625 0.206634521484375 0.1214599609375 -0.32452392578125
0.31634521484375 0.310394287109375 0.091217041015625 -0.280731201171875
0.3172607421875 0.432891845703125 0.114425659179687 -0.252273559570313
0.08172607421875 0.53289794921875 0.208541870117187 -0.211135864257812
-0.1414794921875 0.59063720703125 0.216629028320312 -0.0999908447265624
-0.2431640625 0.565185546875 0.205841064453125 -0.0241241455078125
-0.295562744140625 0.511566162109375 0.0660247802734375 0.11041259765625
-0.4439697265625 0.403076171875 -0.0892333984375001 0.1629638671875
-0.332183837890625 0.46575927734375 -0.15570068359375 0.254058837890625
-0.262451171875 0.48199462890625 -0.19134521484375 0.268341064453125
-0.175872802734375 0.525604248046875 -0.184051513671875 0.185302734375
0.010009765625 0.448638916015625 -0.153579711914063 0.080230712890625
0.14068603515625 0.421356201171875 -0.164596557617188 0.0168914794921876
0.24578857421875 0.347625732421875 -0.326385498046875 0.05926513671875
0.386383056640625 0.231903076171875 -0.466796875 0.147491455078125
0.432769775390625 0.249114990234375 0.27593994140625 -0.242599487304687
0.284637451171875 0.36834716796875 0.238082885742188 -0.212860107421875
0.26165771484375 0.49078369140625 0.200637817382813 -0.180099487304687
0.00845336914062494 0.5556640625 0.255569458007813 -0.179550170898437
-0.21917724609375 0.59576416015625 0.227447509765625 -0.15789794921875
-0.30853271484375 0.5767822265625 0.24072265625 -0.163497924804687
-0.3465576171875 0.52935791015625 0.146270751953125 -0.086151123046875
-0.48187255859375 0.4365234375 0.035400390625 -0.0291481018066406
-0.34478759765625 0.541259765625 -0.0688018798828125 0.070831298828125
-0.2415771484375 0.5762939453125 -0.151199340820313 0.1337890625
-0.11383056640625 0.6241455078125 -0.189407348632812 0.140350341796875
0.116973876953125 0.505340576171875 -0.1427001953125 0.104904174804688
0.25750732421875 0.4615478515625 -0.125564575195312 0.0890960693359375
0.340301513671875 0.359466552734375 -0.2381591796875 0.139572143554688
0.450286865234375 0.242767333984375 -0.338531494140625 0.253143310546875
0.362640380859375 0.251251220703125 0.4139404296875 -0.14178466796875
0.2027587890625 0.35736083984375 0.35040283203125 -0.113983154296875
0.155792236328125 0.438201904296875 0.2449951171875 -0.07666015625
-0.06585693359375 0.455535888671875 0.2706298828125 -0.118576049804687
-0.248931884765625 0.473907470703125 0.23760986328125 -0.188690185546875
-0.31170654296875 0.47772216796875 0.28680419921875 -0.274322509765625
-0.338897705078125 0.4549560546875 0.234588623046875 -0.268829345703125
-0.444732666015625 0.40179443359375 0.156082153320312 -0.22088623046875
-0.304962158203125 0.52392578125 -0.00608825683593752 -0.127044677734375
-0.17889404296875 0.559295654296875 -0.143508911132813 -0.0246734619140625
-0.040283203125 0.59295654296875 -0.209732055664063 0.0819549560546875
0.1895751953125 0.454986572265625 -0.127517700195313 0.123939514160156
0.321380615234375 0.410919189453125 -0.0641326904296875 0.151504516601563
0.37109375 0.310150146484375 -0.115768432617187 0.199417114257813
0.44189453125 0.21185302734375 -0.188629150390625 0.34393310546875
0.248321533203125 0.205413818359375 0.51092529296875 -0.043701171875
0.112380981445313 0.275619506835938 0.40716552734375 -0.014862060546875
0.065948486328125 0.302825927734375 0.236282348632812 0.0178985595703125
-0.08795166015625 0.282562255859375 0.246170043945312 -0.05523681640625
-0.20025634765625 0.290863037109375 0.236587524414063 -0.189834594726562
-0.241729736328125 0.318023681640625 0.31732177734375 -0.331298828125
-0.266937255859375 0.318023681640625 0.308837890625 -0.405029296875
-0.3433837890625 0.30340576171875 0.252655029296875 -0.380401611328125
-0.231689453125 0.40814208984375 0.030853271484375 -0.295562744140625
-0.11578369140625 0.426788330078125 -0.157669067382813 -0.16082763671875
-0.000610351562500015 0.445709228515625 -0.238815307617188 0.028228759765625
0.18084716796875 0.327911376953125 -0.116172790527344 0.136344909667969
0.287200927734375 0.300140380859375 -0.00549316406249999 0.196548461914063
0.311248779296875 0.225067138671875 0.00491333007812501 0.23480224609375
0.3511962890625 0.15643310546875 -0.051513671875 0.40802001953125
0.121177673339844 0.122482299804687 0.5665283203125 0.02410888671875
0.0480499267578125 0.152023315429688 0.418792724609375 0.049285888671875
0.0277252197265625 0.141403198242188 0.203140258789063 0.0751800537109375
-0.0499954223632813 0.1171875 0.208511352539063 -0.0158843994140625
-0.0968246459960938 0.123519897460938 0.225265502929687 -0.177642822265625
-0.1226806640625 0.152099609375 0.32440185546875 -0.348602294921875
-0.147659301757812 0.154312133789063 0.3516845703125 -0.487060546875
-0.193161010742188 0.157577514648437 0.31011962890625 -0.486419677734375
-0.137130737304688 0.219955444335938 0.045379638671875 -0.4068603515625
-0.0601654052734375 0.2220458984375 -0.1798095703125 -0.24566650390625
0.00288391113281251 0.230300903320313 -0.264724731445313 -0.00524902343749997
0.101715087890625 0.16558837890625 -0.113296508789063 0.147415161132812
0.173019409179687 0.158111572265625 0.029449462890625 0.229232788085937
0.17706298828125 0.12725830078125 0.091400146484375 0.257766723632813
0.189743041992188 0.0892333984375 0.046539306640625 0.449066162109375
0.0134057998657227 -0.00309848785400391 -0.132781982421875 -0.408966064453125
-0.0183010101318359 0.00998878479003906 -0.162841796875 -0.27459716796875
-0.0179843902587891 0.0159854888916016 -0.069580078125 -0.23333740234375
-0.0283164978027344 0.0312728881835938 0.085784912109375 -0.148956298828125
-0.0218467712402344 0.0257415771484375 0.222610473632813 0.029876708984375
-0.011143684387207 -0.00762176513671875 0.1793212890625 0.220687866210938
-0.0021519660949707 -0.00785923004150391 -0.052642822265625 0.428436279296875
-0.00858211517333984 -0.0158939361572266 -0.31524658203125 0.483673095703125
0.00519561767578125 -0.0220127105712891 -0.358673095703125 0.488555908203125
0.00600576400756836 0.00159502029418945 -0.3140869140625 0.370819091796875
0.011993408203125 0.0199489593505859 -0.197525024414063 0.195236206054688
-0.01470947265625 0.0195236206054687 -0.156997680664063 0.0312042236328125
-3.52859497070322E-05 0.00936508178710938 -0.180252075195312 -0.0827789306640625
0.000320434570312499 -0.0193138122558594 -0.373138427734375 -0.0728759765625
0.013336181640625 -0.0406723022460938 -0.60626220703125 -0.0543823242187499
0.200241088867188 0.0646514892578125 -0.1048583984375 -0.40203857421875
0.145065307617188 0.104751586914063 -0.13677978515625 -0.291595458984375
0.156036376953125 0.15643310546875 -0.0439910888671875 -0.260818481445313
0.0596160888671875 0.221878051757813 0.109451293945312 -0.179885864257813
-0.0262908935546875 0.256454467773438 0.218353271484375 0.00836181640625002
-0.071136474609375 0.234146118164063 0.184127807617188 0.1895751953125
-0.102294921875 0.218505859375 -0.029754638671875 0.39349365234375
-0.185806274414063 0.158187866210937 -0.27532958984375 0.441192626953125
-0.138229370117187 0.153701782226563 -0.31939697265625 0.46624755859375
-0.12005615234375 0.152175903320313 -0.28814697265625 0.371429443359375
-0.0968475341796875 0.17071533203125 -0.193206787109375 0.200897216796875
-0.061187744140625 0.157470703125 -0.15252685546875 0.0390777587890625
-0.00233459472656249 0.154922485351563 -0.17059326171875 -0.0762176513671875
0.0544662475585938 0.131881713867187 -0.374053955078125 -0.060577392578125
0.14581298828125 0.07623291015625 -0.59747314453125 -0.02252197265625
0.350067138671875 0.135986328125 -0.01861572265625 -0.3785400390625
0.268020629882813 0.2078857421875 -0.047637939453125 -0.301239013671875
0.281219482421875 0.3021240234375 0.019744873046875 -0.27508544921875
0.105926513671875 0.40081787109375 0.15118408203125 -0.206573486328125
-0.06268310546875 0.460906982421875 0.213607788085937 -0.038726806640625
-0.14947509765625 0.440093994140625 0.188735961914063 0.102783203125
-0.203155517578125 0.40252685546875 0.00900268554687497 0.280853271484375
-0.337554931640625 0.305999755859375 -0.196319580078125 0.328887939453125
-0.25579833984375 0.325164794921875 -0.245452880859375 0.39056396484375
-0.21661376953125 0.321197509765625 -0.2415771484375 0.34759521484375
-0.16754150390625 0.34954833984375 -0.18731689453125 0.203720092773438
-0.058319091796875 0.310699462890625 -0.154708862304688 0.0569610595703125
0.043701171875 0.3018798828125 -0.173263549804688 -0.042633056640625
0.138961791992187 0.262222290039063 -0.36614990234375 -0.012054443359375
0.275741577148438 0.171707153320313 -0.550811767578125 0.0527038574218751
0.430999755859375 0.201507568359375 0.118621826171875 -0.32421875
0.3184814453125 0.3060302734375 0.0882720947265625 -0.279754638671875
0.3199462890625 0.4276123046875 0.1102294921875 -0.25250244140625
0.0872802734375 0.52984619140625 0.20452880859375 -0.211868286132812
-0.134033203125 0.58917236328125 0.21441650390625 -0.1024169921875
-0.23699951171875 0.56646728515625 0.203521728515625 -0.02716064453125
-0.2889404296875 0.51348876953125 0.0672988891601563 0.108856201171875
-0.437286376953125 0.4052734375 -0.08697509765625 0.164031982421875
-0.324615478515625 0.465850830078125 -0.152236938476563 0.25543212890625
-0.25567626953125 0.480865478515625 -0.186599731445312 0.269866943359375
-0.1685791015625 0.524505615234375 -0.181228637695313 0.186614990234375
0.0145263671875 0.447052001953125 -0.151260375976563 0.08154296875
0.14617919921875 0.4171142578125 -0.163482666015625 0.0176239013671875
0.24957275390625 0.3438720703125 -0.32476806640625 0.06390380859375
0.385986328125 0.226409912109375 -0.462310791015625 0.15264892578125
0.433624267578125 0.243499755859375 0.272109985351563 -0.244033813476563
0.288421630859375 0.363494873046875 0.235687255859375 -0.215805053710937
0.267120361328125 0.48406982421875 0.197921752929688 -0.181564331054687
0.014068603515625 0.55316162109375 0.252517700195313 -0.181488037109375
-0.2117919921875 0.59698486328125 0.224105834960937 -0.1607666015625
-0.3006591796875 0.5780029296875 0.23712158203125 -0.166244506835937
-0.338714599609375 0.529632568359375 0.1446533203125 -0.0872802734375
-0.475799560546875 0.440887451171875 0.0350055694580078 -0.0297870635986328
-0.3375244140625 0.54449462890625 -0.0671310424804688 0.0714874267578125
-0.23260498046875 0.5748291015625 -0.148330688476563 0.135406494140625
-0.10601806640625 0.622802734375 -0.186904907226562 0.142807006835938
0.1221923828125 0.501312255859375 -0.14019775390625 0.106010437011719
0.26263427734375 0.454132080078125 -0.123779296875 0.0888748168945313
0.344024658203125 0.3548583984375 -0.2357177734375 0.142166137695313
0.450653076171875 0.234710693359375 -0.333343505859375 0.2578125
0.362579345703125 0.2462158203125 0.410247802734375 -0.145355224609375
0.204681396484375 0.353515625 0.3487548828125 -0.11822509765625
0.160247802734375 0.434173583984375 0.242919921875 -0.07940673828125
-0.060516357421875 0.4534912109375 0.267257690429688 -0.121566772460937
-0.241180419921875 0.474456787109375 0.234390258789062 -0.1905517578125
-0.304534912109375 0.479034423828125 0.281158447265625 -0.275604248046875
-0.3316650390625 0.457305908203125 0.230484008789062 -0.269775390625
-0.4395751953125 0.40771484375 0.152023315429687 -0.221664428710937
-0.29791259765625 0.52410888671875 -0.00717926025390625 -0.125656127929687
-0.17059326171875 0.557830810546875 -0.14227294921875 -0.0223083496093749
-0.03216552734375 0.5914306640625 -0.20770263671875 0.0841979980468751
0.19427490234375 0.452789306640625 -0.124847412109375 0.124374389648438
0.322906494140625 0.404388427734375 -0.0623626708984375 0.150588989257813
0.37353515625 0.304473876953125 -0.113296508789063 0.201278686523438
0.441986083984375 0.203582763671875 -0.1837158203125 0.346221923828125
0.248397827148438 0.2021484375 0.5074462890625 -0.04718017578125
0.114120483398438 0.273452758789063 0.40435791015625 -0.01922607421875
0.069183349609375 0.300506591796875 0.235641479492187 0.0153045654296875
-0.084869384765625 0.281585693359375 0.244308471679688 -0.0579986572265625
-0.1951904296875 0.29132080078125 0.232879638671875 -0.191131591796875
-0.23590087890625 0.31842041015625 0.31097412109375 -0.334686279296875
-0.26141357421875 0.320770263671875 0.3031005859375 -0.406097412109375
-0.339599609375 0.307403564453125 0.247467041015625 -0.38189697265625
-0.225250244140625 0.4088134765625 0.02777099609375 -0.29461669921875
-0.109344482421875 0.425872802734375 -0.159027099609375 -0.156967163085937
0.00625610351562497 0.443511962890625 -0.237228393554688 0.0315551757812501
0.1834716796875 0.324737548828125 -0.113533020019531 0.136390686035156
0.28887939453125 0.292938232421875 -0.00315856933593747 0.194595336914063
0.31256103515625 0.2200927734375 0.00627136230468751 0.234390258789063
0.3504638671875 0.150421142578125 -0.046478271484375 0.4078369140625
0.121757507324219 0.120590209960938 0.56268310546875 0.0164794921875
0.0496368408203125 0.151641845703125 0.4180908203125 0.04241943359375
0.0288543701171875 0.139839172363281 0.20318603515625 0.072113037109375
-0.0485305786132813 0.116691589355469 0.207748413085938 -0.01837158203125
-0.0942764282226563 0.123725891113281 0.221664428710937 -0.178466796875
-0.11981201171875 0.152374267578125 0.31903076171875 -0.350372314453125
-0.144546508789063 0.156143188476563 0.34417724609375 -0.4892578125
-0.19097900390625 0.159393310546875 0.304351806640625 -0.48919677734375
-0.1343994140625 0.22039794921875 0.0419921875 -0.40496826171875
-0.0571136474609375 0.222015380859375 -0.181442260742187 -0.242019653320313
0.00595092773437502 0.229568481445312 -0.262664794921875 -0.00112915039062494
0.103439331054688 0.163848876953125 -0.110870361328125 0.147232055664063
0.174468994140625 0.153701782226563 0.03173828125 0.227264404296875
0.178070068359375 0.124176025390625 0.0936431884765625 0.256332397460937
0.1903076171875 0.0863189697265625 0.05206298828125 0.449188232421875
0.0127239227294922 -0.00299453735351563 -0.13616943359375 -0.406829833984375
-0.0182552337646484 0.0103816986083984 -0.164505004882813 -0.27130126953125
-0.0171747207641602 0.0157966613769531 -0.07159423828125 -0.22998046875
-0.0269947052001953 0.0316982269287109 0.0837249755859375 -0.148422241210938
-0.021331787109375 0.0264339447021484 0.221038818359375 0.0269622802734375
-0.0117130279541016 -0.00811862945556641 0.180404663085938 0.217071533203125
-0.00256776809692383 -0.00792455673217773 -0.0499267578125 0.426727294921875
-0.00909328460693359 -0.0153923034667969 -0.3095703125 0.484161376953125
0.00429725646972656 -0.0218563079833984 -0.352325439453125 0.4893798828125
0.0057525634765625 0.00152587890625 -0.309051513671875 0.371124267578125
0.0120315551757812 0.0195808410644531 -0.193893432617187 0.196502685546875
-0.0142707824707031 0.0198421478271484 -0.15576171875 0.0323638916015625
0.000583648681640625 0.0088958740234375 -0.17926025390625 -0.0801239013671875
0.000129699707031251 -0.0193557739257813 -0.371917724609375 -0.0685119628906249
0.0123443603515625 -0.0414047241210938 -0.603515625 -0.0457763671874999
0.199661254882812 0.0626220703125 -0.109375 -0.398712158203125
0.145401000976563 0.103012084960938 -0.137451171875 -0.28936767578125
0.156585693359375 0.153213500976563 -0.04656982421875 -0.258224487304688
0.0621795654296875 0.21990966796875 0.106719970703125 -0.17938232421875
-0.0233154296875 0.255279541015625 0.216888427734375 0.00491333007812501
-0.069061279296875 0.2340087890625 0.184677124023438 0.186386108398438
-0.0998687744140625 0.218231201171875 -0.02581787109375 0.391632080078125
-0.183303833007813 0.159210205078125 -0.270660400390625 0.442291259765625
-0.1368408203125 0.153884887695312 -0.3135986328125 0.467803955078125
-0.11785888671875 0.152099609375 -0.2813720703125 0.37213134765625
-0.0944061279296875 0.170516967773438 -0.189926147460938 0.201934814453125
-0.05889892578125 0.157241821289062 -0.15106201171875 0.0403289794921875
-0.000778198242187492 0.153823852539063 -0.16973876953125 -0.074127197265625
0.0551834106445313 0.130546569824219 -0.372802734375 -0.054779052734375
0.145370483398438 0.073211669921875 -0.5921630859375 -0.0150756835937501
0.349517822265625 0.133209228515625 -0.02197265625 -0.37506103515625
0.2685546875 0.20489501953125 -0.049652099609375 -0.29925537109375
0.282623291015625 0.297454833984375 0.016265869140625 -0.273361206054688
0.109771728515625 0.397705078125 0.147872924804688 -0.206634521484375
-0.058135986328125 0.459869384765625 0.211822509765625 -0.0417327880859375
-0.14422607421875 0.4400634765625 0.187530517578125 0.0992431640625
-0.197784423828125 0.402313232421875 0.0117950439453125 0.279037475585937
-0.333465576171875 0.3092041015625 -0.19183349609375 0.32952880859375
-0.250579833984375 0.326263427734375 -0.238525390625 0.39105224609375
-0.211212158203125 0.31988525390625 -0.237213134765625 0.347900390625
-0.16302490234375 0.34869384765625 -0.184005737304688 0.204437255859375
-0.054595947265625 0.31011962890625 -0.15277099609375 0.0582733154296875
0.046051025390625 0.2991943359375 -0.171920776367188 -0.041259765625
0.140960693359375 0.25927734375 -0.363983154296875 -0.00805664062499996
0.2760009765625 0.166839599609375 -0.547637939453125 0.05889892578125
0.4307861328125 0.19488525390625 0.11480712890625 -0.3233642578125
0.31939697265625 0.30059814453125 0.086212158203125 -0.280105590820313
0.322845458984375 0.4222412109375 0.106719970703125 -0.251846313476563
0.092529296875 0.5255126953125 0.20086669921875 -0.213531494140625
-0.1260986328125 0.58746337890625 0.2125244140625 -0.105117797851562
-0.22918701171875 0.5662841796875 0.200836181640625 -0.0297088623046875
-0.282196044921875 0.514312744140625 0.068572998046875 0.107353210449219
-0.432952880859375 0.407867431640625 -0.085296630859375 0.164230346679688
-0.31842041015625 0.4676513671875 -0.148651123046875 0.255233764648438
-0.248565673828125 0.48065185546875 -0.182373046875 0.270492553710938
-0.161773681640625 0.52349853515625 -0.178024291992188 0.188308715820313
0.019287109375 0.44482421875 -0.149490356445313 0.082611083984375
0.149017333984375 0.4110107421875 -0.161911010742188 0.017913818359375
0.250762939453125 0.339141845703125 -0.32220458984375 0.0682373046875
0.38671875 0.22100830078125 -0.458404541015625 0.156494140625
0.431976318359375 0.237823486328125 0.268539428710937 -0.24462890625
0.2891845703125 0.3590087890625 0.232666015625 -0.216766357421875
0.26947021484375 0.47833251953125 0.19378662109375 -0.182723999023437
0.018951416015625 0.548614501953125 0.248214721679688 -0.18402099609375
-0.2030029296875 0.5948486328125 0.220932006835938 -0.162506103515625
-0.2919921875 0.5775146484375 0.232711791992187 -0.168716430664063
-0.33148193359375 0.530303955078125 0.143692016601562 -0.0885009765625
-0.470001220703125 0.444793701171875 0.0344181060791015 -0.0297832489013672
-0.3287353515625 0.5438232421875 -0.0662307739257813 0.07232666015625
-0.2242431640625 0.57537841796875 -0.145431518554688 0.136672973632813
-0.0980224609375 0.62005615234375 -0.183868408203125 0.14404296875
0.127899169921875 0.4976806640625 -0.138320922851562 0.106178283691406
0.265869140625 0.44769287109375 -0.121749877929687 0.088226318359375
0.346527099609375 0.349456787109375 -0.233642578125 0.145660400390625
0.45013427734375 0.227569580078125 -0.328887939453125 0.26055908203125
0.36199951171875 0.2418212890625 0.406036376953125 -0.14752197265625
0.20648193359375 0.35040283203125 0.345703125 -0.12127685546875
0.164154052734375 0.430084228515625 0.240386962890625 -0.0811004638671875
-0.05487060546875 0.45111083984375 0.26470947265625 -0.123031616210937
-0.234832763671875 0.473876953125 0.230911254882812 -0.192230224609375
-0.29833984375 0.479248046875 0.275787353515625 -0.278610229492187
-0.3245849609375 0.458160400390625 0.226593017578125 -0.270843505859375
-0.433929443359375 0.410400390625 0.149551391601562 -0.22210693359375
-0.291015625 0.525146484375 -0.00793457031250002 -0.124832153320312
-0.164337158203125 0.556732177734375 -0.140853881835938 -0.0204620361328125
-0.0263061523437501 0.5870361328125 -0.20562744140625 0.0861968994140625
0.1976318359375 0.44842529296875 -0.12286376953125 0.123886108398438
0.3277587890625 0.396026611328125 -0.0600128173828125 0.148818969726563
0.37493896484375 0.298919677734375 -0.111251831054688 0.202651977539063
0.4415283203125 0.197265625 -0.17919921875 0.347747802734375
0.249221801757813 0.199203491210938 0.503173828125 -0.053375244140625
0.115875244140625 0.271774291992188 0.402557373046875 -0.025604248046875
0.070556640625 0.29736328125 0.23455810546875 0.0127105712890625
-0.081390380859375 0.28033447265625 0.241744995117188 -0.0606689453125
-0.19097900390625 0.290985107421875 0.2296142578125 -0.192459106445312
-0.231658935546875 0.318206787109375 0.30535888671875 -0.335693359375
-0.256622314453125 0.3211669921875 0.2965087890625 -0.407623291015625
-0.33465576171875 0.310333251953125 0.24090576171875 -0.382659912109375
-0.22039794921875 0.4093017578125 0.02581787109375 -0.292999267578125
-0.104644775390625 0.42449951171875 -0.158462524414063 -0.153900146484375
0.01214599609375 0.44061279296875 -0.23492431640625 0.0346069335937501
0.18719482421875 0.322235107421875 -0.110877990722656 0.136329650878906
0.29058837890625 0.2869873046875 -0.00149536132812498 0.19244384765625
0.3135986328125 0.215972900390625 0.00819396972656253 0.234451293945312
0.349884033203125 0.14581298828125 -0.04168701171875 0.407562255859375
0.121772766113281 0.119392395019531 0.56024169921875 0.010406494140625
0.0507659912109375 0.149948120117187 0.415618896484375 0.037109375
0.02978515625 0.138671875 0.20330810546875 0.06951904296875
-0.0482101440429687 0.116317749023438 0.20562744140625 -0.0201873779296875
-0.09210205078125 0.12353515625 0.218536376953125 -0.179290771484375
-0.117233276367188 0.152130126953125 0.312469482421875 -0.351470947265625
-0.142349243164063 0.15673828125 0.336029052734375 -0.489593505859375
-0.189010620117188 0.161392211914063 0.29681396484375 -0.489471435546875
-0.131454467773437 0.221160888671875 0.039520263671875 -0.403656005859375
-0.054168701171875 0.220626831054688 -0.18206787109375 -0.238662719726563
0.00869750976562499 0.227767944335938 -0.261245727539063 0.001800537109375
0.10369873046875 0.162216186523438 -0.108352661132812 0.147491455078125
0.174957275390625 0.15045166015625 0.0337982177734375 0.224807739257813
0.178512573242188 0.121246337890625 0.094696044921875 0.254135131835938
0.1890869140625 0.0838165283203125 0.056121826171875 0.44647216796875
0.0126094818115234 -0.00310897827148438 -0.13897705078125 -0.40557861328125
-0.0175838470458984 0.0105972290039063 -0.165359497070313 -0.269363403320312
-0.0168867111206055 0.0159835815429688 -0.073089599609375 -0.227203369140625
-0.0259666442871094 0.0318050384521484 0.0822906494140625 -0.148284912109375
-0.0212440490722656 0.0261402130126953 0.219390869140625 0.0240020751953125
-0.0118417739868164 -0.00802135467529297 0.180313110351562 0.213668823242187
-0.00327396392822266 -0.00819635391235351 -0.047271728515625 0.42578125
-0.00972270965576172 -0.0153408050537109 -0.30426025390625 0.48468017578125
0.00344657897949219 -0.0211029052734375 -0.345123291015625 0.48956298828125
0.00526666641235352 0.00101184844970703 -0.303863525390625 0.371124267578125
0.0124187469482422 0.0187511444091797 -0.191375732421875 0.196640014648438
-0.0134963989257812 0.0200901031494141 -0.154006958007813 0.0342559814453125
0.000748634338378906 0.00882339477539063 -0.178756713867188 -0.0782012939453125
-7.05718994140645E-05 -0.0189456939697266 -0.37030029296875 -0.0636901855468749
0.0115394592285156 -0.0417747497558594 -0.60101318359375 -0.0407714843749999
0.198654174804688 0.060882568359375 -0.110931396484375 -0.396514892578125
0.14544677734375 0.100875854492188 -0.138885498046875 -0.28656005859375
0.156906127929688 0.15130615234375 -0.048492431640625 -0.255630493164063
0.0647430419921875 0.218292236328125 0.104141235351563 -0.179229736328125
-0.020843505859375 0.254287719726563 0.215255737304687 0.00289916992187502
-0.0670623779296875 0.233200073242188 0.184341430664062 0.182998657226563
-0.0973052978515625 0.217193603515625 -0.02349853515625 0.39013671875
-0.181777954101563 0.16021728515625 -0.2645263671875 0.442413330078125
-0.135345458984375 0.154403686523438 -0.30743408203125 0.46636962890625
-0.115982055664062 0.15155029296875 -0.27703857421875 0.37335205078125
-0.092437744140625 0.169998168945313 -0.1871337890625 0.202117919921875
-0.05682373046875 0.157821655273438 -0.149459838867188 0.0419921875
0.0011749267578125 0.152557373046875 -0.16864013671875 -0.0728759765625
0.0561294555664063 0.128997802734375 -0.370513916015625 -0.050567626953125
0.144088745117187 0.0712738037109375 -0.5902099609375 -0.0089111328125001
0.34808349609375 0.129638671875 -0.0234985351562499 -0.373748779296875
0.268234252929688 0.201553344726563 -0.0511474609375 -0.2972412109375
0.28466796875 0.29205322265625 0.013092041015625 -0.27081298828125
0.11297607421875 0.3948974609375 0.14483642578125 -0.20684814453125
-0.051544189453125 0.457427978515625 0.209732055664063 -0.0429534912109375
-0.14068603515625 0.4385986328125 0.186294555664063 0.0966033935546875
-0.19244384765625 0.4024658203125 0.014434814453125 0.277008056640625
-0.328704833984375 0.3094482421875 -0.18853759765625 0.330322265625
-0.247100830078125 0.326324462890625 -0.234619140625 0.390655517578125
-0.208221435546875 0.3194580078125 -0.2315673828125 0.34814453125
-0.158538818359375 0.34759521484375 -0.181182861328125 0.205108642578125
-0.05157470703125 0.309295654296875 -0.150634765625 0.0590972900390625
0.049774169921875 0.29583740234375 -0.170623779296875 -0.0406494140625
0.14202880859375 0.256332397460938 -0.362335205078125 -0.00271606445312492
0.275054931640625 0.162551879882813 -0.5433349609375 0.0645141601562501
0.4293212890625 0.191619873046875 0.112030029296875 -0.322021484375
0.31939697265625 0.296783447265625 0.0840911865234375 -0.278884887695313
0.3251953125 0.415191650390625 0.103118896484375 -0.251113891601563
0.09698486328125 0.521270751953125 0.197662353515625 -0.2138671875
-0.119384765625 0.58612060546875 0.210052490234375 -0.106201171875
-0.22265625 0.56488037109375 0.198989868164063 -0.032257080078125
-0.27484130859375 0.514129638671875 0.069305419921875 0.10565185546875
-0.428558349609375 0.411102294921875 -0.083770751953125 0.164871215820313
-0.313018798828125 0.467437744140625 -0.145782470703125 0.255569458007813
-0.242431640625 0.47906494140625 -0.17816162109375 0.27008056640625
-0.154876708984375 0.521881103515625 -0.175094604492188 0.188446044921875
0.0220947265625 0.443023681640625 -0.147018432617187 0.082916259765625
0.1527099609375 0.406097412109375 -0.159835815429688 0.0179443359375
0.253265380859375 0.33551025390625 -0.32025146484375 0.0714111328125001
0.38470458984375 0.2138671875 -0.4525146484375 0.161865234375
0.432281494140625 0.2335205078125 0.266143798828125 -0.246109008789062
0.291290283203125 0.354736328125 0.230209350585938 -0.21820068359375
0.27093505859375 0.472930908203125 0.191421508789063 -0.18328857421875
0.024688720703125 0.545501708984375 0.24505615234375 -0.184616088867187
-0.1956787109375 0.59368896484375 0.2183837890625 -0.163497924804687
-0.2855224609375 0.576171875 0.22882080078125 -0.170608520507812
-0.323516845703125 0.531402587890625 0.14227294921875 -0.08941650390625
-0.4635009765625 0.44659423828125 0.0339412689208984 -0.0296592712402343
-0.322174072265625 0.543365478515625 -0.06475830078125 0.0728759765625
-0.217041015625 0.5721435546875 -0.142486572265625 0.1370849609375
-0.09027099609375 0.61553955078125 -0.181137084960938 0.145034790039063
0.131988525390625 0.493896484375 -0.135948181152344 0.106483459472656
0.2689208984375 0.44146728515625 -0.119956970214844 0.0874710083007813
0.34674072265625 0.343902587890625 -0.2314453125 0.148101806640625
0.44891357421875 0.22064208984375 -0.324859619140625 0.263458251953125
0.361083984375 0.237518310546875 0.403350830078125 -0.15032958984375
0.2076416015625 0.34674072265625 0.343017578125 -0.123779296875
0.1654052734375 0.425384521484375 0.23822021484375 -0.08319091796875
-0.05047607421875 0.44873046875 0.26141357421875 -0.12530517578125
-0.22918701171875 0.471832275390625 0.227447509765625 -0.1934814453125
-0.291595458984375 0.47784423828125 0.270156860351563 -0.27960205078125
-0.3172607421875 0.458160400390625 0.223220825195312 -0.272048950195312
-0.428680419921875 0.412261962890625 0.14678955078125 -0.222427368164062
-0.284576416015625 0.524139404296875 -0.00869750976562501 -0.1236572265625
-0.158233642578125 0.55523681640625 -0.139076232910156 -0.0187225341796875
-0.01812744140625 0.58489990234375 -0.203079223632813 0.0878143310546875
0.200775146484375 0.443817138671875 -0.120491027832031 0.124130249023438
0.3284912109375 0.38958740234375 -0.0585784912109375 0.147018432617188
0.3748779296875 0.29437255859375 -0.109786987304687 0.203094482421875
0.440277099609375 0.19207763671875 -0.1744384765625 0.34869384765625
0.24951171875 0.195785522460938 0.500885009765625 -0.0552978515625
0.117691040039063 0.269180297851563 0.39990234375 -0.029052734375
0.07196044921875 0.294830322265625 0.233245849609375 0.01055908203125
-0.0790252685546875 0.278945922851563 0.240081787109375 -0.0623321533203125
-0.186126708984375 0.290557861328125 0.225753784179687 -0.193191528320312
-0.225799560546875 0.31744384765625 0.29864501953125 -0.336212158203125
-0.251190185546875 0.322265625 0.29156494140625 -0.40875244140625
-0.32952880859375 0.3109130859375 0.237335205078125 -0.383270263671875
-0.216766357421875 0.409820556640625 0.0240478515625 -0.291595458984375
-0.099609375 0.42266845703125 -0.158447265625 -0.151763916015625
0.0164794921875 0.43902587890625 -0.232940673828125 0.0366363525390626
0.187896728515625 0.3177490234375 -0.108787536621094 0.136543273925781
0.29217529296875 0.280975341796875 0.000137329101562503 0.190231323242188
0.3134765625 0.2108154296875 0.00933837890625001 0.23388671875
0.348175048828125 0.14141845703125 -0.038970947265625 0.407196044921875
0.122474670410156 0.118034362792969 0.556915283203125 0.00595092773437501
0.0514068603515625 0.149566650390625 0.413421630859375 0.031768798828125
0.0301589965820313 0.137710571289063 0.20281982421875 0.0676422119140625
-0.046844482421875 0.115943908691406 0.204025268554688 -0.02191162109375
-0.0903778076171875 0.122833251953125 0.21551513671875 -0.179901123046875
-0.114761352539063 0.151657104492187 0.3070068359375 -0.352142333984375
-0.1395263671875 0.156661987304687 0.3297119140625 -0.490478515625
-0.186386108398438 0.163070678710938 0.290252685546875 -0.490966796875
-0.128768920898438 0.221023559570312 0.03692626953125 -0.401153564453125
-0.051483154296875 0.219970703125 -0.18194580078125 -0.234893798828125
0.011016845703125 0.226409912109375 -0.259078979492188 0.0047607421875
0.104782104492188 0.160751342773438 -0.106048583984375 0.147293090820313
0.175857543945313 0.1470947265625 0.035308837890625 0.222503662109375
0.179229736328125 0.11834716796875 0.0954132080078125 0.253585815429688
0.18878173828125 0.081268310546875 0.060089111328125 0.44464111328125
0.0126008987426758 -0.00306797027587891 -0.141448974609375 -0.4019775390625
-0.0179576873779297 0.0109214782714844 -0.166168212890625 -0.266998291015625
-0.0165567398071289 0.0162725448608398 -0.074462890625 -0.22528076171875
-0.0251140594482422 0.0317516326904297 0.0804595947265625 -0.1474609375
-0.0213108062744141 0.0266513824462891 0.217987060546875 0.022186279296875
-0.0122699737548828 -0.00786876678466797 0.179931640625 0.210556030273438
-0.00404119491577149 -0.00803756713867188 -0.044952392578125 0.422332763671875
-0.00996494293212891 -0.0148401260375977 -0.2977294921875 0.487335205078125
0.00271415710449219 -0.0207004547119141 -0.340484619140625 0.489349365234375
0.00480318069458008 0.00105094909667969 -0.29827880859375 0.369720458984375
0.0121021270751953 0.0182304382324219 -0.188766479492188 0.196517944335938
-0.0129737854003906 0.01983642578125 -0.153213500976562 0.03485107421875
0.00159072875976562 0.00876712799072266 -0.177719116210938 -0.0763397216796875
-0.000707626342773439 -0.0188446044921875 -0.367767333984375 -0.060089111328125
0.0105819702148438 -0.0413970947265625 -0.59796142578125 -0.0347290039062499
0.197891235351563 0.05950927734375 -0.113983154296875 -0.394317626953125
0.144882202148437 0.100204467773438 -0.1395263671875 -0.284698486328125
0.1573486328125 0.148483276367188 -0.0509490966796875 -0.253067016601563
0.0663299560546875 0.215591430664063 0.10198974609375 -0.178192138671875
-0.018585205078125 0.253326416015625 0.213119506835938 0.00120544433593752
-0.0644683837890625 0.232101440429688 0.1832275390625 0.1796875
-0.0953216552734375 0.216461181640625 -0.02142333984375 0.38763427734375
-0.17974853515625 0.161270141601563 -0.2603759765625 0.44342041015625
-0.133468627929688 0.15460205078125 -0.302093505859375 0.466766357421875
-0.114181518554688 0.150924682617187 -0.271209716796875 0.372650146484375
-0.08966064453125 0.169189453125 -0.184402465820313 0.202468872070312
-0.054931640625 0.157333374023438 -0.1480712890625 0.04229736328125
0.0027923583984375 0.150802612304688 -0.1680908203125 -0.0718231201171875
0.0562820434570313 0.127891540527344 -0.368682861328125 -0.046661376953125
0.143508911132813 0.06890869140625 -0.58599853515625 -0.00433349609374993
0.347412109375 0.12677001953125 -0.0250244140625 -0.371856689453125
0.268539428710937 0.198348999023438 -0.052703857421875 -0.295135498046875
0.2843017578125 0.28717041015625 0.0106201171875 -0.269119262695312
0.1165771484375 0.391326904296875 0.142333984375 -0.2066650390625
-0.047882080078125 0.45526123046875 0.207778930664063 -0.044952392578125
-0.13616943359375 0.437774658203125 0.18499755859375 0.0943603515625
-0.18896484375 0.401336669921875 0.016265869140625 0.275360107421875
-0.3258056640625 0.31085205078125 -0.184844970703125 0.331146240234375
-0.242919921875 0.3258056640625 -0.230560302734375 0.38995361328125
-0.204010009765625 0.31878662109375 -0.22723388671875 0.34881591796875
-0.15374755859375 0.346282958984375 -0.1788330078125 0.206085205078125
-0.048675537109375 0.308197021484375 -0.149124145507813 0.0598907470703125
0.051788330078125 0.2926025390625 -0.16961669921875 -0.039703369140625
0.143035888671875 0.25372314453125 -0.3597412109375 0.00051879882812494
0.273834228515625 0.1583251953125 -0.5384521484375 0.0687255859375001
0.428863525390625 0.187042236328125 0.10980224609375 -0.321258544921875
0.31927490234375 0.293975830078125 0.08197021484375 -0.27850341796875
0.32586669921875 0.40997314453125 0.100067138671875 -0.250503540039063
0.101318359375 0.517669677734375 0.194107055664063 -0.214675903320312
-0.11407470703125 0.58294677734375 0.206893920898438 -0.10784912109375
-0.2177734375 0.562225341796875 0.1961669921875 -0.034454345703125
-0.269500732421875 0.512664794921875 0.0697708129882812 0.104560852050781
-0.423065185546875 0.411163330078125 -0.0818634033203125 0.16448974609375
-0.30670166015625 0.466400146484375 -0.142837524414063 0.25543212890625
-0.237335205078125 0.477386474609375 -0.174636840820312 0.270477294921875
-0.149078369140625 0.5184326171875 -0.172515869140625 0.18914794921875
0.0262451171875 0.44024658203125 -0.144775390625 0.0832977294921875
0.154327392578125 0.401397705078125 -0.15850830078125 0.01788330078125
0.253570556640625 0.330108642578125 -0.31768798828125 0.07476806640625
0.383758544921875 0.209625244140625 -0.44842529296875 0.16552734375
0.4312744140625 0.228973388671875 0.262680053710938 -0.245880126953125
0.291412353515625 0.351318359375 0.227630615234375 -0.21856689453125
0.273895263671875 0.467376708984375 0.188812255859375 -0.183670043945312
0.028411865234375 0.542327880859375 0.241897583007813 -0.185897827148437
-0.18914794921875 0.59014892578125 0.21533203125 -0.164398193359375
-0.27947998046875 0.5745849609375 0.224929809570313 -0.172760009765625
-0.3173828125 0.530731201171875 0.141326904296875 -0.09051513671875
-0.458282470703125 0.447845458984375 0.0332584381103515 -0.0294570922851562
-0.3162841796875 0.542816162109375 -0.0639114379882813 0.0733261108398438
-0.21160888671875 0.57135009765625 -0.139579772949219 0.13800048828125
-0.08587646484375 0.61358642578125 -0.178466796875 0.145904541015625
0.134918212890625 0.49053955078125 -0.1336669921875 0.106643676757813
0.269683837890625 0.43463134765625 -0.118392944335937 0.086181640625
0.347137451171875 0.339263916015625 -0.228973388671875 0.149688720703125
0.4476318359375 0.21514892578125 -0.321319580078125 0.26580810546875
0.361785888671875 0.234466552734375 0.40069580078125 -0.15283203125
0.209197998046875 0.3438720703125 0.340240478515625 -0.12646484375
0.167449951171875 0.420928955078125 0.235870361328125 -0.0843505859375
-0.048187255859375 0.445465087890625 0.258819580078125 -0.126113891601562
-0.22332763671875 0.469879150390625 0.224716186523438 -0.194000244140625
-0.284942626953125 0.4779052734375 0.265350341796875 -0.28118896484375
-0.311859130859375 0.4580078125 0.219314575195312 -0.271560668945312
-0.42327880859375 0.413970947265625 0.14453125 -0.22259521484375
-0.279266357421875 0.523681640625 -0.00894927978515628 -0.12225341796875
-0.153167724609375 0.551544189453125 -0.138099670410156 -0.0172805786132812
-0.01226806640625 0.58197021484375 -0.200454711914063 0.0895538330078126
0.202423095703125 0.43963623046875 -0.118721008300781 0.123977661132813
0.329803466796875 0.3826904296875 -0.057464599609375 0.145294189453125
0.375762939453125 0.288238525390625 -0.107803344726562 0.2034912109375
0.438568115234375 0.185333251953125 -0.169830322265625 0.3492431640625
0.249099731445312 0.19384765625 0.4969482421875 -0.0596923828125
0.11859130859375 0.267807006835938 0.3980712890625 -0.03314208984375
0.073638916015625 0.29180908203125 0.232269287109375 0.00816345214843752
-0.0765533447265625 0.277679443359375 0.237884521484375 -0.063446044921875
-0.182464599609375 0.28936767578125 0.223159790039062 -0.193283081054687
-0.221771240234375 0.31683349609375 0.294342041015625 -0.337921142578125
-0.24737548828125 0.3223876953125 0.285064697265625 -0.408172607421875
-0.32562255859375 0.3115234375 0.23272705078125 -0.383880615234375
-0.21075439453125 0.407470703125 0.0228271484375 -0.289398193359375
-0.09552001953125 0.420867919921875 -0.157806396484375 -0.14874267578125
0.02008056640625 0.43609619140625 -0.231155395507813 0.0389099121093751
0.189849853515625 0.31475830078125 -0.106689453125 0.135551452636719
0.2919921875 0.275238037109375 0.00146484375000001 0.187789916992188
0.3138427734375 0.207000732421875 0.010223388671875 0.23309326171875
0.34674072265625 0.13714599609375 -0.03363037109375 0.405853271484375
0.122894287109375 0.115882873535156 0.553680419921875 0.00228881835937501
0.052459716796875 0.148452758789063 0.409637451171875 0.028411865234375
0.0306625366210937 0.135719299316406 0.202499389648438 0.065032958984375
-0.0462188720703125 0.11517333984375 0.202911376953125 -0.0235137939453125
-0.08843994140625 0.122482299804687 0.212570190429687 -0.180374145507813
-0.112274169921875 0.149978637695312 0.302032470703125 -0.352325439453125
-0.137527465820312 0.157562255859375 0.3232421875 -0.4893798828125
-0.184707641601563 0.163238525390625 0.285064697265625 -0.49005126953125
-0.126388549804687 0.220901489257813 0.0357666015625 -0.39892578125
-0.0496673583984375 0.219039916992188 -0.18194580078125 -0.23193359375
0.0135650634765625 0.225234985351562 -0.257431030273438 0.00685119628906254
0.105422973632813 0.159194946289063 -0.104080200195313 0.146530151367188
0.175537109375 0.143798828125 0.0362548828125 0.220169067382812
0.179000854492188 0.115707397460937 0.0958251953125 0.251815795898438
0.18731689453125 0.0790863037109375 0.0633544921875 0.444122314453125
0.0118885040283203 -0.00271701812744141 -0.143310546875 -0.39923095703125
-0.0177745819091797 0.0111465454101563 -0.166549682617187 -0.264694213867188
-0.0161237716674805 0.0159587860107422 -0.0754852294921875 -0.222000122070312
-0.024169921875 0.0315513610839844 0.0790863037109375 -0.146377563476563
-0.0206756591796875 0.0266780853271484 0.21624755859375 0.0203399658203125
-0.0126152038574219 -0.00763225555419922 0.17950439453125 0.207870483398438
-0.00478315353393555 -0.00833511352539063 -0.04156494140625 0.42138671875
-0.0103893280029297 -0.0146617889404297 -0.294189453125 0.487060546875
0.00213241577148438 -0.0205459594726563 -0.335113525390625 0.4873046875
0.00465059280395508 0.000309467315673828 -0.294158935546875 0.370574951171875
0.0126132965087891 0.0175762176513672 -0.187362670898437 0.196197509765625
-0.0123844146728516 0.0206089019775391 -0.151992797851563 0.03570556640625
0.00162935256958008 0.0081629753112793 -0.176284790039062 -0.0744476318359375
-0.000898361206054686 -0.0191936492919922 -0.366180419921875 -0.056427001953125
0.00965118408203125 -0.0417060852050781 -0.5926513671875 -0.0316772460937501
0.19659423828125 0.0576934814453125 -0.1143798828125 -0.39190673828125
0.14447021484375 0.0986785888671875 -0.14013671875 -0.282623291015625
0.157745361328125 0.145965576171875 -0.0520477294921875 -0.250839233398437
0.068084716796875 0.214385986328125 0.09967041015625 -0.17730712890625
-0.0167694091796875 0.251739501953125 0.212356567382813 -0.000656127929687485
-0.062835693359375 0.231842041015625 0.182205200195313 0.176956176757813
-0.0937652587890625 0.215362548828125 -0.0196533203125 0.385040283203125
-0.178070068359375 0.1614990234375 -0.2557373046875 0.442291259765625
-0.132110595703125 0.154830932617187 -0.2972412109375 0.46527099609375
-0.112335205078125 0.150100708007813 -0.26751708984375 0.3720703125
-0.0877532958984375 0.168624877929688 -0.182281494140625 0.202957153320312
-0.0538787841796875 0.157012939453125 -0.146682739257813 0.0429229736328125
0.0040740966796875 0.149307250976563 -0.166656494140625 -0.07049560546875
0.056854248046875 0.126724243164062 -0.36663818359375 -0.04388427734375
0.142333984375 0.0669403076171875 -0.5830078125 7.54942834533001E-17
0.3458251953125 0.12396240234375 -0.02642822265625 -0.369354248046875
0.267807006835938 0.195724487304688 -0.05255126953125 -0.294189453125
0.28564453125 0.283447265625 0.00860595703125001 -0.26629638671875
0.118621826171875 0.38836669921875 0.139663696289063 -0.20623779296875
-0.043701171875 0.453338623046875 0.205917358398438 -0.04638671875
-0.131866455078125 0.43560791015625 0.183547973632813 0.09197998046875
-0.185302734375 0.399749755859375 0.0173492431640625 0.272994995117188
-0.322235107421875 0.311676025390625 -0.181396484375 0.330322265625
-0.24114990234375 0.325408935546875 -0.227294921875 0.389404296875
-0.20068359375 0.316619873046875 -0.22308349609375 0.346221923828125
-0.1507568359375 0.345306396484375 -0.17645263671875 0.20513916015625
-0.046844482421875 0.306793212890625 -0.147705078125 0.0597991943359375
0.0531005859375 0.28973388671875 -0.168594360351563 -0.0398101806640624
0.14349365234375 0.251419067382813 -0.357452392578125 0.00344848632812496
0.272308349609375 0.155105590820313 -0.534912109375 0.07305908203125
0.426727294921875 0.18341064453125 0.10833740234375 -0.31982421875
0.31903076171875 0.289459228515625 0.0809173583984375 -0.27752685546875
0.3275146484375 0.404510498046875 0.097808837890625 -0.248550415039062
0.103729248046875 0.51336669921875 0.191192626953125 -0.214202880859375
-0.10858154296875 0.58056640625 0.205184936523438 -0.1092529296875
-0.212493896484375 0.56060791015625 0.193618774414063 -0.036163330078125
-0.2646484375 0.5126953125 0.0701980590820312 0.103408813476563
-0.418212890625 0.412841796875 -0.080535888671875 0.16497802734375
-0.30230712890625 0.465057373046875 -0.140960693359375 0.255233764648438
-0.2325439453125 0.475738525390625 -0.170730590820313 0.270401000976563
-0.144561767578125 0.5162353515625 -0.170150756835938 0.188949584960938
0.02911376953125 0.43798828125 -0.1429443359375 0.0829925537109375
0.156646728515625 0.39715576171875 -0.157089233398437 0.0179595947265625
0.2542724609375 0.326263427734375 -0.315826416015625 0.077667236328125
0.382354736328125 0.204620361328125 -0.4451904296875 0.169219970703125
0.428436279296875 0.22607421875 0.259750366210938 -0.245468139648437
0.2919921875 0.348663330078125 0.225860595703125 -0.21917724609375
0.274627685546875 0.461578369140625 0.185897827148438 -0.183029174804688
0.032135009765625 0.5389404296875 0.238876342773438 -0.186126708984375
-0.18310546875 0.5872802734375 0.212966918945313 -0.164840698242187
-0.2734375 0.5731201171875 0.221694946289062 -0.17303466796875
-0.312225341796875 0.52862548828125 0.1400146484375 -0.0901870727539062
-0.4527587890625 0.449249267578125 0.033060073852539 -0.0292301177978515
-0.311859130859375 0.54241943359375 -0.0627670288085938 0.0733261108398438
-0.20660400390625 0.56817626953125 -0.137458801269531 0.138008117675781
-0.0811767578125 0.6107177734375 -0.176284790039063 0.146438598632813
0.137237548828125 0.488189697265625 -0.131546020507812 0.105903625488281
0.271514892578125 0.428466796875 -0.117378234863281 0.0850830078125
0.348541259765625 0.3349609375 -0.22747802734375 0.152145385742188
0.44622802734375 0.210113525390625 -0.315093994140625 0.267242431640625
0.36065673828125 0.230438232421875 0.397308349609375 -0.15447998046875
0.21038818359375 0.34027099609375 0.33758544921875 -0.12823486328125
0.168182373046875 0.416717529296875 0.234268188476562 -0.0853271484375
-0.045684814453125 0.443267822265625 0.255859375 -0.127349853515625
-0.216644287109375 0.470123291015625 0.221359252929688 -0.194198608398437
-0.279144287109375 0.475616455078125 0.260177612304688 -0.280914306640625
-0.307159423828125 0.4571533203125 0.21685791015625 -0.271820068359375
-0.418426513671875 0.41497802734375 0.14239501953125 -0.222091674804687
-0.274139404296875 0.5234375 -0.00904846191406252 -0.121429443359375
-0.147918701171875 0.550018310546875 -0.13665771484375 -0.01605224609375
-0.00946044921875006 0.57733154296875 -0.198486328125 0.090423583984375
0.204864501953125 0.436370849609375 -0.116691589355469 0.123077392578125
0.329681396484375 0.376739501953125 -0.0565032958984375 0.143722534179688
0.376556396484375 0.283660888671875 -0.106338500976563 0.203933715820313
0.43695068359375 0.181365966796875 -0.16650390625 0.349884033203125
0.248809814453125 0.1910400390625 0.49407958984375 -0.0615234375
0.120010375976563 0.265884399414063 0.394744873046875 -0.0360107421875
0.074371337890625 0.289581298828125 0.230560302734375 0.00685119628906252
-0.074737548828125 0.275955200195313 0.235824584960938 -0.0641937255859375
-0.178253173828125 0.2882080078125 0.22027587890625 -0.193603515625
-0.21807861328125 0.31573486328125 0.289581298828125 -0.337310791015625
-0.242523193359375 0.322479248046875 0.281646728515625 -0.407440185546875
-0.32244873046875 0.313201904296875 0.2288818359375 -0.383087158203125
-0.208404541015625 0.40667724609375 0.0213623046875 -0.287750244140625
-0.09149169921875 0.418914794921875 -0.156723022460937 -0.146865844726563
0.02435302734375 0.433074951171875 -0.229095458984375 0.0406036376953125
0.190032958984375 0.312255859375 -0.104949951171875 0.134780883789063
0.292083740234375 0.270751953125 0.002685546875 0.185562133789063
0.3140869140625 0.202423095703125 0.0109100341796875 0.232711791992188
0.34564208984375 0.13330078125 -0.030609130859375 0.40618896484375
0.122970581054688 0.115028381347656 0.550018310546875 -0.00164794921874999
0.05322265625 0.148056030273437 0.4083251953125 0.024932861328125
0.0309219360351563 0.1346435546875 0.201980590820312 0.06329345703125
-0.0458145141601563 0.114654541015625 0.20111083984375 -0.0246429443359375
-0.0865554809570313 0.121353149414063 0.209884643554688 -0.180099487304688
-0.110153198242188 0.148849487304688 0.296722412109375 -0.35205078125
-0.134780883789063 0.1575927734375 0.318115234375 -0.48785400390625
-0.182815551757813 0.164291381835938 0.2799072265625 -0.490020751953125
-0.124053955078125 0.22052001953125 0.034149169921875 -0.397216796875
-0.047607421875 0.217559814453125 -0.181869506835937 -0.22906494140625
0.0153045654296875 0.223968505859375 -0.255935668945313 0.0088043212890625
0.105850219726563 0.158523559570313 -0.102554321289063 0.146163940429687
0.175460815429688 0.140274047851563 0.03802490234375 0.218032836914062
0.178512573242188 0.11334228515625 0.09625244140625 0.250839233398438
0.186370849609375 0.077178955078125 0.065216064453125 0.44158935546875
0.0114688873291016 -0.00236320495605469 -0.1436767578125 -0.397735595703125
-0.0175008773803711 0.0115032196044922 -0.166458129882813 -0.263702392578125
-0.0157089233398437 0.0159082412719727 -0.076171875 -0.22027587890625
-0.0234050750732422 0.0323848724365234 0.077392578125 -0.145431518554688
-0.0206127166748047 0.0272064208984375 0.214599609375 0.0191802978515625
-0.0131072998046875 -0.00743770599365234 0.17889404296875 0.205108642578125
-0.00507164001464844 -0.00859260559082031 -0.040557861328125 0.420989990234375
-0.010645866394043 -0.0143089294433594 -0.2891845703125 0.48553466796875
0.00170135498046875 -0.0196475982666016 -0.3314208984375 0.48663330078125
0.00427699089050293 0.000705957412719727 -0.28985595703125 0.368316650390625
0.0124931335449219 0.0178756713867188 -0.184799194335938 0.196029663085938
-0.012176513671875 0.0205249786376953 -0.151412963867188 0.0362396240234375
0.00243186950683594 0.00786209106445312 -0.17529296875 -0.073211669921875
-0.00127029418945312 -0.0191135406494141 -0.364349365234375 -0.0530090332031249
0.00904083251953125 -0.0418014526367188 -0.591064453125 -0.0278320312499999
0.195938110351563 0.057159423828125 -0.115081787109375 -0.390533447265625
0.144149780273438 0.0979156494140625 -0.140380859375 -0.28143310546875
0.15771484375 0.144332885742188 -0.0534820556640625 -0.248245239257813
0.06915283203125 0.213027954101563 0.098968505859375 -0.177078247070313
-0.0148468017578125 0.250823974609375 0.210189819335938 -0.00202941894531248
-0.06170654296875 0.230819702148438 0.181228637695313 0.174514770507813
-0.0930938720703125 0.214401245117188 -0.017303466796875 0.38323974609375
-0.17730712890625 0.161758422851563 -0.25238037109375 0.44305419921875
-0.131072998046875 0.154693603515625 -0.294403076171875 0.46441650390625
-0.111434936523438 0.149444580078125 -0.26385498046875 0.3699951171875
-0.0863800048828125 0.167739868164063 -0.180328369140625 0.201812744140625
-0.05230712890625 0.156326293945313 -0.145523071289062 0.043365478515625
0.00495910644531251 0.147415161132813 -0.1654052734375 -0.0699920654296875
0.05670166015625 0.126060485839844 -0.364410400390625 -0.0401000976562499
0.141555786132813 0.0654296875 -0.5794677734375 0.00427246093750011
0.344451904296875 0.12255859375 -0.0278930664062499 -0.367095947265625
0.266983032226563 0.19354248046875 -0.05352783203125 -0.2930908203125
0.28472900390625 0.278717041015625 0.00717163085937499 -0.264480590820313
0.120086669921875 0.385162353515625 0.1368408203125 -0.204833984375
-0.042144775390625 0.45086669921875 0.20367431640625 -0.0477142333984375
-0.129638671875 0.433868408203125 0.182327270507813 0.0899810791015625
-0.182098388671875 0.397491455078125 0.018402099609375 0.271636962890625
-0.318878173828125 0.311370849609375 -0.1793212890625 0.330596923828125
-0.23809814453125 0.32415771484375 -0.2232666015625 0.38873291015625
-0.19720458984375 0.315185546875 -0.21917724609375 0.346099853515625
-0.146697998046875 0.344268798828125 -0.174057006835938 0.2052001953125
-0.044403076171875 0.3060302734375 -0.145767211914063 0.0601959228515625
0.054443359375 0.2869873046875 -0.167190551757813 -0.0396270751953125
0.144180297851563 0.249649047851562 -0.355316162109375 0.00570678710937501
0.27117919921875 0.152252197265625 -0.53131103515625 0.0750732421875
0.42498779296875 0.181060791015625 0.106719970703125 -0.319000244140625
0.3192138671875 0.28717041015625 0.0799102783203125 -0.277496337890625
0.328125 0.401580810546875 0.095794677734375 -0.247283935546875
0.1053466796875 0.51055908203125 0.188461303710937 -0.2132568359375
-0.1046142578125 0.576904296875 0.202804565429687 -0.109710693359375
-0.208251953125 0.55859375 0.191162109375 -0.0371246337890625
-0.26055908203125 0.508514404296875 0.0709915161132812 0.1019287109375
-0.413818359375 0.412567138671875 -0.07928466796875 0.16455078125
-0.29779052734375 0.464141845703125 -0.138351440429688 0.25469970703125
-0.228607177734375 0.47222900390625 -0.16778564453125 0.269119262695313
-0.14013671875 0.51422119140625 -0.167999267578125 0.189407348632813
0.03106689453125 0.436798095703125 -0.141677856445313 0.082611083984375
0.15753173828125 0.392425537109375 -0.15618896484375 0.016845703125
0.254791259765625 0.323150634765625 -0.313323974609375 0.07965087890625
0.38079833984375 0.200347900390625 -0.4405517578125 0.170562744140625
0.42864990234375 0.22283935546875 0.258499145507813 -0.244873046875
0.2908935546875 0.3453369140625 0.223907470703125 -0.219711303710937
0.2745361328125 0.455841064453125 0.1839599609375 -0.1826171875
0.034912109375 0.5347900390625 0.236572265625 -0.185867309570312
-0.178955078125 0.58563232421875 0.2099609375 -0.165939331054687
-0.26904296875 0.57098388671875 0.21832275390625 -0.173690795898438
-0.3067626953125 0.52685546875 0.139007568359375 -0.0910568237304687
-0.44842529296875 0.449981689453125 0.0326004028320312 -0.0293216705322265
-0.307373046875 0.53948974609375 -0.0615997314453125 0.0739288330078125
-0.20098876953125 0.5653076171875 -0.134803771972656 0.138145446777344
-0.07672119140625 0.607421875 -0.1737060546875 0.14715576171875
0.138336181640625 0.483795166015625 -0.130332946777344 0.105239868164063
0.271270751953125 0.422882080078125 -0.116348266601562 0.083740234375
0.34735107421875 0.33026123046875 -0.225723266601563 0.152816772460938
0.443572998046875 0.20599365234375 -0.312103271484375 0.268707275390625
0.359375 0.228607177734375 0.39532470703125 -0.15411376953125
0.209564208984375 0.33843994140625 0.335723876953125 -0.13006591796875
0.169586181640625 0.412841796875 0.232070922851563 -0.085693359375
-0.043701171875 0.441131591796875 0.253997802734375 -0.127548217773437
-0.2127685546875 0.46771240234375 0.219223022460938 -0.194290161132813
-0.276885986328125 0.474273681640625 0.257354736328125 -0.282073974609375
-0.30303955078125 0.455657958984375 0.21405029296875 -0.271255493164062
-0.414764404296875 0.4146728515625 0.139999389648437 -0.221939086914062
-0.26983642578125 0.52032470703125 -0.00859069824218753 -0.12042236328125
-0.143951416015625 0.547088623046875 -0.134925842285156 -0.0150070190429687
-0.00549316406249997 0.57452392578125 -0.196746826171875 0.0916595458984375
0.20562744140625 0.432891845703125 -0.114990234375 0.122306823730469
0.329498291015625 0.3726806640625 -0.0552825927734375 0.141372680664063
0.37451171875 0.280914306640625 -0.105300903320313 0.204696655273438
0.43511962890625 0.177276611328125 -0.16351318359375 0.3497314453125
0.248062133789062 0.189254760742187 0.490081787109375 -0.064910888671875
0.119522094726562 0.264541625976563 0.392425537109375 -0.036865234375
0.074554443359375 0.286865234375 0.229995727539062 0.00578308105468752
-0.07354736328125 0.27410888671875 0.234405517578125 -0.0650634765625
-0.17596435546875 0.286651611328125 0.217208862304687 -0.192855834960937
-0.214599609375 0.313812255859375 0.28497314453125 -0.336212158203125
-0.238677978515625 0.322113037109375 0.27850341796875 -0.406585693359375
-0.3206787109375 0.313568115234375 0.225677490234375 -0.381866455078125
-0.2049560546875 0.40594482421875 0.02069091796875 -0.286865234375
-0.089508056640625 0.416595458984375 -0.1558837890625 -0.14495849609375
0.026885986328125 0.43035888671875 -0.227035522460938 0.041656494140625
0.19183349609375 0.309539794921875 -0.103492736816406 0.134231567382813
0.29156494140625 0.26507568359375 0.0025634765625 0.183135986328125
0.312408447265625 0.199493408203125 0.011383056640625 0.23272705078125
0.34320068359375 0.130615234375 -0.0289306640625 0.40557861328125
0.122917175292969 0.114295959472656 0.546661376953125 -0.00335693359374999
0.0534210205078125 0.147308349609375 0.404541015625 0.021728515625
0.0308837890625 0.133224487304688 0.201263427734375 0.06182861328125
-0.044708251953125 0.114143371582031 0.200286865234375 -0.0251007080078125
-0.0851211547851563 0.120361328125 0.207733154296875 -0.1798095703125
-0.108810424804687 0.147918701171875 0.293121337890625 -0.350921630859375
-0.132965087890625 0.157562255859375 0.312408447265625 -0.486968994140625
-0.181564331054688 0.164932250976563 0.276031494140625 -0.489288330078125
-0.122909545898438 0.220245361328125 0.03277587890625 -0.395538330078125
-0.0458221435546875 0.216049194335937 -0.181350708007813 -0.226318359375
0.0164794921875 0.222702026367187 -0.253738403320313 0.010711669921875
0.10638427734375 0.157119750976563 -0.10089111328125 0.14508056640625
0.17529296875 0.13787841796875 0.037994384765625 0.215408325195313
0.178558349609375 0.111465454101562 0.0960235595703125 0.249771118164063
0.184890747070313 0.076385498046875 0.0681457519531251 0.4410400390625
0.0114974975585938 -0.00224971771240234 -0.145294189453125 -0.3961181640625
-0.0169181823730469 0.0121774673461914 -0.166046142578125 -0.26239013671875
-0.0153799057006836 0.0158605575561523 -0.076202392578125 -0.218612670898438
-0.0222606658935547 0.0319995880126953 0.076934814453125 -0.145050048828125
-0.0206260681152344 0.0273666381835937 0.213592529296875 0.01824951171875
-0.0135641098022461 -0.00739097595214844 0.177841186523437 0.202835083007812
-0.0058135986328125 -0.00847816467285156 -0.03997802734375 0.418182373046875
-0.0113153457641602 -0.014134407043457 -0.28643798828125 0.486541748046875
0.000507354736328124 -0.0197067260742188 -0.32745361328125 0.48480224609375
0.00401949882507324 -0.000365257263183594 -0.287811279296875 0.368072509765625
0.0125818252563477 0.0173854827880859 -0.184005737304688 0.195175170898438
-0.0110435485839844 0.0205078125 -0.15045166015625 0.0366363525390625
0.00254011154174805 0.00764608383178711 -0.173934936523438 -0.0724029541015625
-0.00164604187011719 -0.0188121795654297 -0.36187744140625 -0.050537109375
0.00800704956054687 -0.0422248840332031 -0.58795166015625 -0.0252075195312499
0.194931030273438 0.0566864013671875 -0.115203857421875 -0.3890380859375
0.143585205078125 0.0972442626953125 -0.139739990234375 -0.279800415039062
0.15740966796875 0.142318725585938 -0.0539703369140625 -0.245849609375
0.0697174072265625 0.211639404296875 0.0974273681640625 -0.175674438476563
-0.0142059326171875 0.249786376953125 0.208984375 -0.00247192382812498
-0.061279296875 0.230438232421875 0.180419921875 0.17266845703125
-0.092315673828125 0.213714599609375 -0.01690673828125 0.381866455078125
-0.176193237304687 0.161605834960938 -0.251312255859375 0.443084716796875
-0.13031005859375 0.154296875 -0.290740966796875 0.46405029296875
-0.1103515625 0.148422241210938 -0.261016845703125 0.368927001953125
-0.0849609375 0.166839599609375 -0.179061889648438 0.201553344726562
-0.0507965087890625 0.156021118164063 -0.144515991210938 0.0434417724609375
0.00541687011718751 0.146316528320313 -0.164398193359375 -0.0693206787109375
0.05670166015625 0.124992370605469 -0.363189697265625 -0.03839111328125
0.140029907226563 0.0638961791992188 -0.57586669921875 0.00689697265625013
0.3433837890625 0.1204833984375 -0.02825927734375 -0.365753173828125
0.26605224609375 0.192306518554687 -0.05267333984375 -0.29156494140625
0.28424072265625 0.276123046875 0.00595092773437503 -0.262802124023438
0.121612548828125 0.3828125 0.135513305664063 -0.20477294921875
-0.03973388671875 0.448822021484375 0.20263671875 -0.0480194091796875
-0.128021240234375 0.43255615234375 0.180435180664063 0.088836669921875
-0.179046630859375 0.39703369140625 0.0191192626953125 0.269393920898437
-0.31573486328125 0.31207275390625 -0.1767578125 0.33001708984375
-0.235931396484375 0.32318115234375 -0.221343994140625 0.388092041015625
-0.19549560546875 0.314239501953125 -0.216217041015625 0.34442138671875
-0.14483642578125 0.342742919921875 -0.172119140625 0.205535888671875
-0.043487548828125 0.30517578125 -0.144775390625 0.0601348876953125
0.055633544921875 0.28387451171875 -0.166168212890625 -0.0401763916015625
0.143585205078125 0.247711181640625 -0.354034423828125 0.00839233398437502
0.269912719726563 0.149932861328125 -0.528533935546875 0.0776977539062499
0.42303466796875 0.178802490234375 0.105987548828125 -0.31719970703125
0.31768798828125 0.284942626953125 0.0797882080078125 -0.2762451171875
0.325958251953125 0.396514892578125 0.0947113037109375 -0.2462158203125
0.10784912109375 0.5074462890625 0.187057495117188 -0.21356201171875
-0.1019287109375 0.57568359375 0.201385498046875 -0.110031127929687
-0.206634521484375 0.557159423828125 0.189361572265625 -0.0375823974609375
-0.2579345703125 0.508209228515625 0.0709457397460937 0.10089111328125
-0.4117431640625 0.413665771484375 -0.0788421630859375 0.16461181640625
-0.29620361328125 0.462615966796875 -0.13653564453125 0.25408935546875
-0.225799560546875 0.47100830078125 -0.165679931640625 0.269012451171875
-0.1385498046875 0.511962890625 -0.166366577148437 0.189697265625
0.03240966796875 0.434051513671875 -0.140403747558594 0.0826950073242188
0.157196044921875 0.38861083984375 -0.1552734375 0.015777587890625
0.253997802734375 0.321014404296875 -0.312286376953125 0.0805969238281251
0.379119873046875 0.1976318359375 -0.43829345703125 0.17352294921875
0.426971435546875 0.220672607421875 0.257171630859375 -0.245590209960938
0.29205322265625 0.3424072265625 0.223175048828125 -0.219894409179687
0.273773193359375 0.452972412109375 0.182891845703125 -0.18267822265625
0.036285400390625 0.531768798828125 0.234283447265625 -0.186355590820312
-0.17425537109375 0.58380126953125 0.20892333984375 -0.165634155273437
-0.26593017578125 0.570068359375 0.215805053710937 -0.17431640625
-0.304595947265625 0.52545166015625 0.138381958007812 -0.0919418334960937
-0.44525146484375 0.449920654296875 0.0322933197021484 -0.029205322265625
-0.3031005859375 0.53741455078125 -0.0609893798828125 0.0743026733398438
-0.1983642578125 0.56304931640625 -0.133407592773438 0.138175964355469
-0.07257080078125 0.60467529296875 -0.17230224609375 0.14764404296875
0.1383056640625 0.483154296875 -0.12890625 0.104934692382813
0.272247314453125 0.4190673828125 -0.115913391113281 0.0823135375976563
0.3470458984375 0.327850341796875 -0.223800659179688 0.153671264648438
0.442474365234375 0.202239990234375 -0.309539794921875 0.269287109375
0.358123779296875 0.2264404296875 0.392730712890625 -0.15460205078125
0.2093505859375 0.33685302734375 0.334197998046875 -0.130615234375
0.169158935546875 0.411224365234375 0.231826782226562 -0.08648681640625
-0.0426025390625 0.437469482421875 0.252334594726563 -0.127288818359375
-0.209564208984375 0.4642333984375 0.216781616210937 -0.194091796875
-0.27239990234375 0.472625732421875 0.25299072265625 -0.28143310546875
-0.298431396484375 0.455078125 0.212783813476562 -0.270278930664062
-0.41131591796875 0.4158935546875 0.139373779296875 -0.221389770507812
-0.2669677734375 0.518951416015625 -0.00843048095703127 -0.119369506835937
-0.140533447265625 0.543548583984375 -0.133720397949219 -0.0141677856445312
-0.00207519531249995 0.57196044921875 -0.194839477539063 0.0920562744140625
0.20599365234375 0.43170166015625 -0.114189147949219 0.121849060058594
0.329559326171875 0.367645263671875 -0.0548248291015625 0.13958740234375
0.37353515625 0.276702880859375 -0.104507446289063 0.205123901367188
0.4329833984375 0.173248291015625 -0.16156005859375 0.349639892578125
0.247894287109375 0.187957763671875 0.48907470703125 -0.06549072265625
0.119766235351562 0.263290405273438 0.3902587890625 -0.038787841796875
0.074554443359375 0.28436279296875 0.228958129882813 0.00448608398437502
-0.0733642578125 0.272293090820313 0.232803344726563 -0.0654296875
-0.173095703125 0.2850341796875 0.21514892578125 -0.1929931640625
-0.2125244140625 0.312835693359375 0.28125 -0.336029052734375
-0.23516845703125 0.32171630859375 0.27557373046875 -0.4053955078125
-0.31787109375 0.3143310546875 0.224700927734375 -0.381805419921875
-0.203125 0.4044189453125 0.0211181640625 -0.285369873046875
-0.086090087890625 0.413909912109375 -0.155044555664063 -0.143356323242187
0.02783203125 0.42889404296875 -0.225753784179688 0.042694091796875
0.190948486328125 0.308929443359375 -0.102134704589844 0.13275146484375
0.290618896484375 0.26190185546875 0.00309753417968754 0.181304931640625
0.312286376953125 0.197662353515625 0.011566162109375 0.232742309570313
0.34185791015625 0.1287841796875 -0.0267639160156249 0.405181884765625
0.122886657714844 0.113700866699219 0.5439453125 -0.00537109374999999
0.0538177490234375 0.146133422851563 0.402557373046875 0.019256591796875
0.03082275390625 0.131851196289063 0.200881958007812 0.0609588623046875
-0.0451431274414062 0.113845825195312 0.19952392578125 -0.025726318359375
-0.0845184326171875 0.119636535644531 0.20623779296875 -0.179397583007813
-0.107513427734375 0.146942138671875 0.2904052734375 -0.35052490234375
-0.131439208984375 0.157501220703125 0.309112548828125 -0.48492431640625
-0.180923461914063 0.165390014648438 0.274169921875 -0.48779296875
-0.121597290039063 0.219879150390625 0.0330810546875 -0.393280029296875
-0.0445404052734375 0.215057373046875 -0.18060302734375 -0.224441528320313
0.0177154541015625 0.221099853515625 -0.251754760742188 0.0123443603515626
0.105941772460938 0.156234741210938 -0.0999298095703125 0.144149780273437
0.174911499023438 0.135528564453125 0.0386505126953125 0.2130126953125
0.178268432617187 0.109893798828125 0.095977783203125 0.249313354492188
0.184555053710938 0.0756988525390625 0.0701293945312501 0.440093994140625
0.0109310150146484 -0.00243854522705078 -0.145233154296875 -0.3968505859375
-0.0175647735595703 0.0122432708740234 -0.165542602539063 -0.262039184570313
-0.0152616500854492 0.0156774520874023 -0.075958251953125 -0.216262817382812
-0.0216312408447266 0.0318679809570313 0.07647705078125 -0.143539428710938
-0.0198154449462891 0.0276641845703125 0.213165283203125 0.0171661376953125
-0.0140476226806641 -0.00717926025390625 0.177352905273438 0.20111083984375
-0.00635337829589844 -0.00899124145507813 -0.039703369140625 0.417724609375
-0.0115041732788086 -0.0138311386108398 -0.284820556640625 0.48663330078125
0.000520706176757814 -0.0189018249511719 -0.324493408203125 0.48419189453125
0.00394582748413086 -0.000148296356201172 -0.2855224609375 0.3668212890625
0.0126781463623047 0.0173788070678711 -0.182540893554687 0.1951904296875
-0.0109539031982422 0.0205478668212891 -0.149490356445313 0.0369110107421875
0.00275421142578125 0.00738048553466797 -0.172576904296875 -0.07220458984375
-0.00211334228515625 -0.0187816619873047 -0.3602294921875 -0.0500488281250001
0.0076141357421875 -0.0422401428222656 -0.58551025390625 -0.0225219726562501
0.194442749023438 0.0557861328125 -0.11566162109375 -0.387481689453125
0.143051147460938 0.0968170166015625 -0.139328002929688 -0.279220581054688
0.157501220703125 0.140518188476563 -0.054656982421875 -0.244354248046875
0.0709686279296875 0.209976196289063 0.0961456298828125 -0.174697875976563
-0.012664794921875 0.249191284179687 0.20806884765625 -0.00299072265624999
-0.0604705810546875 0.229705810546875 0.179733276367188 0.170608520507813
-0.091552734375 0.212783813476563 -0.01568603515625 0.3797607421875
-0.175399780273438 0.16192626953125 -0.24847412109375 0.442840576171875
-0.129684448242188 0.154022216796875 -0.289825439453125 0.46221923828125
-0.109848022460938 0.1475830078125 -0.25732421875 0.368377685546875
-0.083953857421875 0.166152954101563 -0.177841186523438 0.2015380859375
-0.050018310546875 0.155624389648438 -0.14337158203125 0.043487548828125
0.00616455078124999 0.144760131835938 -0.163375854492188 -0.06903076171875
0.0564651489257812 0.124351501464844 -0.361328125 -0.035980224609375
0.1392822265625 0.063079833984375 -0.57293701171875 0.00750732421875007
0.34228515625 0.119293212890625 -0.028839111328125 -0.365631103515625
0.26513671875 0.191009521484375 -0.05224609375 -0.290924072265625
0.284088134765625 0.27392578125 0.00463867187500003 -0.261215209960938
0.123138427734375 0.38037109375 0.134048461914063 -0.20343017578125
-0.038238525390625 0.448333740234375 0.201675415039063 -0.0485687255859375
-0.12469482421875 0.43170166015625 0.179031372070313 0.0869140625
-0.177032470703125 0.395477294921875 0.0201568603515625 0.26837158203125
-0.314697265625 0.312255859375 -0.175537109375 0.330352783203125
-0.234405517578125 0.3218994140625 -0.219451904296875 0.386962890625
-0.194244384765625 0.31256103515625 -0.213897705078125 0.343475341796875
-0.142669677734375 0.34112548828125 -0.171249389648438 0.20501708984375
-0.041961669921875 0.303924560546875 -0.143936157226562 0.0597381591796875
0.055694580078125 0.2813720703125 -0.165191650390625 -0.040374755859375
0.143585205078125 0.245574951171875 -0.35260009765625 0.0104370117187501
0.268234252929688 0.147613525390625 -0.5244140625 0.0807800292968751
0.42144775390625 0.177947998046875 0.105804443359375 -0.317291259765625
0.31756591796875 0.28363037109375 0.0792083740234375 -0.276046752929688
0.326019287109375 0.3934326171875 0.09326171875 -0.245346069335937
0.108154296875 0.504669189453125 0.185699462890625 -0.212783813476562
-0.1002197265625 0.57208251953125 0.19964599609375 -0.110198974609375
-0.203460693359375 0.555328369140625 0.187637329101562 -0.0389862060546875
-0.25506591796875 0.505859375 0.0711669921875 0.0997543334960938
-0.40887451171875 0.41326904296875 -0.0779266357421875 0.165023803710938
-0.2930908203125 0.46221923828125 -0.135696411132813 0.253936767578125
-0.22235107421875 0.46844482421875 -0.163330078125 0.267898559570313
-0.1348876953125 0.50994873046875 -0.165176391601563 0.189666748046875
0.034332275390625 0.4332275390625 -0.139442443847656 0.0821914672851563
0.158660888671875 0.385589599609375 -0.154495239257813 0.0149536132812501
0.253387451171875 0.31939697265625 -0.310333251953125 0.08270263671875
0.377288818359375 0.19415283203125 -0.4349365234375 0.173583984375
0.42523193359375 0.2197265625 0.256011962890625 -0.244186401367188
0.2904052734375 0.34124755859375 0.221923828125 -0.21990966796875
0.27490234375 0.450439453125 0.1812744140625 -0.182281494140625
0.0375671386718749 0.529144287109375 0.23333740234375 -0.186004638671875
-0.1724853515625 0.580078125 0.206939697265625 -0.165603637695313
-0.26397705078125 0.5677490234375 0.212997436523437 -0.174423217773437
-0.30029296875 0.523590087890625 0.138145446777344 -0.0918121337890625
-0.443817138671875 0.450592041015625 0.0327033996582031 -0.02880859375
-0.30126953125 0.537445068359375 -0.0601272583007813 0.0743331909179688
-0.195892333984375 0.56024169921875 -0.131912231445312 0.137802124023438
-0.06982421875 0.60260009765625 -0.171142578125 0.147674560546875
0.141082763671875 0.48065185546875 -0.127876281738281 0.103866577148438
0.271759033203125 0.4161376953125 -0.115219116210937 0.08111572265625
0.3463134765625 0.325469970703125 -0.222442626953125 0.1552734375
0.439453125 0.19921875 -0.306427001953125 0.271148681640625
0.35772705078125 0.224761962890625 0.391265869140625 -0.155670166015625
0.210418701171875 0.335601806640625 0.3323974609375 -0.13201904296875
0.16986083984375 0.4078369140625 0.230804443359375 -0.086517333984375
-0.040924072265625 0.435821533203125 0.250885009765625 -0.127609252929687
-0.20733642578125 0.462738037109375 0.215484619140625 -0.193084716796875
-0.26934814453125 0.470428466796875 0.249786376953125 -0.2816162109375
-0.29681396484375 0.4534912109375 0.211395263671875 -0.270339965820312
-0.4091796875 0.414306640625 0.137908935546875 -0.220779418945312
-0.263885498046875 0.517608642578125 -0.0078582763671875 -0.118507385253906
-0.13909912109375 0.5408935546875 -0.132522583007813 -0.0134735107421875
-0.000183105468749966 0.56976318359375 -0.193069458007812 0.0923614501953126
0.20684814453125 0.428070068359375 -0.112205505371094 0.120506286621094
0.32904052734375 0.3634033203125 -0.0549697875976562 0.138084411621094
0.373291015625 0.273712158203125 -0.103668212890625 0.205596923828125
0.431488037109375 0.1708984375 -0.1593017578125 0.350616455078125
0.2474365234375 0.187164306640625 0.485931396484375 -0.0653076171875
0.120376586914063 0.261764526367188 0.389068603515625 -0.041259765625
0.074737548828125 0.283416748046875 0.228378295898438 0.00421142578125002
-0.07269287109375 0.271255493164063 0.23150634765625 -0.06536865234375
-0.171722412109375 0.282928466796875 0.213485717773438 -0.192138671875
-0.210357666015625 0.310577392578125 0.27764892578125 -0.33526611328125
-0.233734130859375 0.319671630859375 0.273284912109375 -0.403594970703125
-0.315765380859375 0.314208984375 0.222320556640625 -0.381622314453125
-0.20013427734375 0.403289794921875 0.02105712890625 -0.28314208984375
-0.084503173828125 0.412384033203125 -0.153976440429688 -0.142196655273438
0.030517578125 0.4268798828125 -0.224105834960937 0.0444946289062501
0.19183349609375 0.306732177734375 -0.101570129394531 0.132400512695313
0.28997802734375 0.25872802734375 0.00355529785156251 0.179794311523438
0.311370849609375 0.196044921875 0.01129150390625 0.23260498046875
0.340179443359375 0.127471923828125 -0.02423095703125 0.40582275390625
0.123031616210938 0.112678527832031 0.5411376953125 -0.00726318359374999
0.0540008544921875 0.146316528320313 0.40142822265625 0.017547607421875
0.0307998657226563 0.131683349609375 0.20001220703125 0.0596160888671875
-0.045318603515625 0.112678527832031 0.198562622070313 -0.0257720947265625
-0.0836257934570313 0.118087768554687 0.2042236328125 -0.17877197265625
-0.106246948242188 0.1456298828125 0.287139892578125 -0.348907470703125
-0.1302490234375 0.157028198242188 0.306884765625 -0.483917236328125
-0.179931640625 0.1656494140625 0.270538330078125 -0.4881591796875
-0.120407104492188 0.219482421875 0.032623291015625 -0.392059326171875
-0.0436553955078125 0.214004516601563 -0.179153442382812 -0.22247314453125
0.0185546875 0.220230102539063 -0.250732421875 0.0135040283203126
0.105667114257812 0.155868530273438 -0.099090576171875 0.143264770507813
0.174331665039063 0.13323974609375 0.038055419921875 0.2117919921875
0.178024291992187 0.108932495117188 0.0959625244140625 0.249435424804688
0.183578491210938 0.0743255615234375 0.071014404296875 0.43951416015625
0.0106887817382812 -0.00185203552246094 -0.1470947265625 -0.39569091796875
-0.0170774459838867 0.012394905090332 -0.165451049804688 -0.2613525390625
-0.0151729583740234 0.0155735015869141 -0.07611083984375 -0.2144775390625
-0.0214080810546875 0.0320911407470703 0.07550048828125 -0.14300537109375
-0.0200996398925781 0.0279579162597656 0.211715698242187 0.0169525146484375
-0.0142402648925781 -0.00701427459716797 0.1768798828125 0.199813842773438
-0.00723409652709961 -0.00869655609130859 -0.0394287109375 0.416168212890625
-0.0118579864501953 -0.0136146545410156 -0.283050537109375 0.48681640625
-0.000246047973632813 -0.0184268951416016 -0.323974609375 0.483856201171875
0.00348019599914551 -0.000180959701538086 -0.2833251953125 0.36572265625
0.0125856399536133 0.0166292190551758 -0.181427001953125 0.194320678710938
-0.0103473663330078 0.0206661224365234 -0.14910888671875 0.0369415283203125
0.00294876098632813 0.00717067718505859 -0.172119140625 -0.0713043212890625
-0.0024261474609375 -0.0186252593994141 -0.359588623046875 -0.0469970703125
0.00720596313476563 -0.0427742004394531 -0.58282470703125 -0.0206298828125
0.193679809570312 0.0557403564453125 -0.1158447265625 -0.38787841796875
0.143081665039063 0.0959320068359375 -0.138565063476563 -0.278701782226562
0.15692138671875 0.1395263671875 -0.055023193359375 -0.242324829101563
0.0715484619140625 0.208908081054688 0.0957489013671875 -0.17376708984375
-0.011962890625 0.248611450195313 0.207199096679688 -0.00328063964843748
-0.06011962890625 0.228927612304688 0.178619384765625 0.168960571289063
-0.0911712646484375 0.21197509765625 -0.016326904296875 0.379852294921875
-0.174728393554687 0.162384033203125 -0.24627685546875 0.442962646484375
-0.129257202148438 0.154251098632813 -0.28668212890625 0.46099853515625
-0.10943603515625 0.146942138671875 -0.256744384765625 0.366729736328125
-0.0830535888671875 0.1650390625 -0.176254272460937 0.200927734375
-0.0499420166015625 0.155746459960938 -0.143325805664063 0.0430908203125
0.00628662109374999 0.143768310546875 -0.162643432617188 -0.0695343017578125
0.056060791015625 0.12371826171875 -0.360809326171875 -0.0344543457031249
0.138427734375 0.0622024536132813 -0.57073974609375 0.0100708007812499
0.3411865234375 0.11920166015625 -0.029083251953125 -0.364532470703125
0.2645263671875 0.189956665039063 -0.052215576171875 -0.29083251953125
0.28375244140625 0.272003173828125 0.00454711914062501 -0.259353637695313
0.123260498046875 0.378509521484375 0.13336181640625 -0.20306396484375
-0.036865234375 0.44561767578125 0.200088500976563 -0.04876708984375
-0.124786376953125 0.429779052734375 0.178070068359375 0.0861053466796875
-0.1771240234375 0.393310546875 0.0206756591796875 0.266876220703125
-0.314422607421875 0.31243896484375 -0.17523193359375 0.330047607421875
-0.233856201171875 0.32293701171875 -0.2169189453125 0.3858642578125
-0.1929931640625 0.31109619140625 -0.2125244140625 0.3438720703125
-0.14202880859375 0.339324951171875 -0.169921875 0.204940795898438
-0.041107177734375 0.30426025390625 -0.143173217773437 0.059814453125
0.0560455322265625 0.27972412109375 -0.164199829101563 -0.0413970947265625
0.143447875976563 0.244415283203125 -0.351715087890625 0.0120849609375
0.267715454101563 0.14556884765625 -0.5234375 0.081756591796875
0.42095947265625 0.176055908203125 0.105743408203125 -0.31622314453125
0.31640625 0.28228759765625 0.079254150390625 -0.276397705078125
0.325286865234375 0.390411376953125 0.092803955078125 -0.244415283203125
0.111175537109375 0.50189208984375 0.184371948242188 -0.212081909179687
-0.09710693359375 0.57147216796875 0.198654174804688 -0.110076904296875
-0.201385498046875 0.554718017578125 0.186172485351563 -0.0399169921875
-0.252044677734375 0.504730224609375 0.071258544921875 0.098541259765625
-0.407623291015625 0.414093017578125 -0.07708740234375 0.164794921875
-0.292144775390625 0.461395263671875 -0.134185791015625 0.253799438476563
-0.22149658203125 0.4666748046875 -0.1619873046875 0.26776123046875
-0.1326904296875 0.50823974609375 -0.1636962890625 0.189697265625
0.034820556640625 0.43304443359375 -0.138526916503906 0.0813369750976563
0.157989501953125 0.38250732421875 -0.153640747070313 0.0137481689453125
0.25372314453125 0.317718505859375 -0.30877685546875 0.0840759277343751
0.376953125 0.192352294921875 -0.433074951171875 0.1751708984375
0.425262451171875 0.21868896484375 0.254745483398438 -0.243896484375
0.290283203125 0.340240478515625 0.222183227539063 -0.220809936523437
0.274383544921875 0.44708251953125 0.180877685546875 -0.182113647460937
0.038848876953125 0.52679443359375 0.23175048828125 -0.18524169921875
-0.1697998046875 0.5787353515625 0.206024169921875 -0.165573120117187
-0.25958251953125 0.56671142578125 0.210983276367187 -0.174560546875
-0.298553466796875 0.523345947265625 0.137840270996094 -0.09228515625
-0.43994140625 0.450897216796875 0.0327072143554687 -0.028512954711914
-0.29864501953125 0.5357666015625 -0.0594558715820313 0.0745773315429688
-0.1939697265625 0.5582275390625 -0.130081176757812 0.138343811035156
-0.06927490234375 0.599853515625 -0.169265747070313 0.148056030273438
0.141693115234375 0.47998046875 -0.126998901367188 0.102928161621094
0.271728515625 0.41259765625 -0.114967346191406 0.0793991088867188
0.345794677734375 0.322845458984375 -0.222335815429687 0.156219482421875
0.4393310546875 0.196807861328125 -0.3045654296875 0.270782470703125
0.3560791015625 0.22412109375 0.38958740234375 -0.15570068359375
0.2093505859375 0.335540771484375 0.33209228515625 -0.132904052734375
0.1685791015625 0.4053955078125 0.230072021484375 -0.087005615234375
-0.03973388671875 0.434661865234375 0.249923706054687 -0.127593994140625
-0.205108642578125 0.460723876953125 0.213836669921875 -0.19287109375
-0.268463134765625 0.467498779296875 0.24822998046875 -0.2816162109375
-0.29296875 0.45306396484375 0.2103271484375 -0.270095825195313
-0.408599853515625 0.416046142578125 0.13714599609375 -0.22064208984375
-0.263214111328125 0.516448974609375 -0.00746917724609376 -0.118263244628906
-0.136932373046875 0.5401611328125 -0.131385803222656 -0.0130767822265625
0.00128173828124996 0.56793212890625 -0.191909790039063 0.0927581787109375
0.207427978515625 0.42822265625 -0.112342834472656 0.120254516601563
0.32763671875 0.36029052734375 -0.054901123046875 0.136451721191406
0.37249755859375 0.272430419921875 -0.103683471679688 0.206405639648438
0.42919921875 0.169158935546875 -0.1575927734375 0.35107421875
0.247955322265625 0.186431884765625 0.485626220703125 -0.066497802734375
0.120391845703125 0.261688232421875 0.38702392578125 -0.0421142578125
0.0745849609375 0.281585693359375 0.228469848632813 0.00325012207031252
-0.0728759765625 0.270233154296875 0.230804443359375 -0.0655975341796875
-0.170135498046875 0.282318115234375 0.212738037109375 -0.191864013671875
-0.20794677734375 0.30841064453125 0.276397705078125 -0.3355712890625
-0.23291015625 0.32012939453125 0.27056884765625 -0.403106689453125
-0.315216064453125 0.3150634765625 0.22015380859375 -0.381500244140625
-0.20068359375 0.40313720703125 0.021881103515625 -0.28314208984375
-0.08349609375 0.410797119140625 -0.15240478515625 -0.141326904296875
0.03131103515625 0.42535400390625 -0.222824096679687 0.0443572998046875
0.1915283203125 0.305816650390625 -0.100570678710937 0.131378173828125
0.289031982421875 0.25543212890625 0.003082275390625 0.178146362304688
0.31201171875 0.194183349609375 0.011627197265625 0.233474731445313
0.339263916015625 0.125762939453125 -0.023651123046875 0.40643310546875
0.123062133789063 0.1119384765625 0.54010009765625 -0.00820922851562499
0.05413818359375 0.145706176757813 0.398345947265625 0.0159912109375
0.0304412841796875 0.130722045898438 0.199813842773438 0.0594940185546875
-0.0451583862304688 0.112815856933594 0.19793701171875 -0.0260772705078125
-0.0826797485351563 0.117462158203125 0.2030029296875 -0.17840576171875
-0.105972290039062 0.144256591796875 0.2838134765625 -0.348480224609375
-0.12908935546875 0.156661987304688 0.30487060546875 -0.483062744140625
-0.17919921875 0.165786743164063 0.269866943359375 -0.48699951171875
-0.11956787109375 0.219497680664062 0.034088134765625 -0.39251708984375
-0.04339599609375 0.2132568359375 -0.178070068359375 -0.221359252929687
0.019500732421875 0.219619750976563 -0.249313354492188 0.014007568359375
0.105972290039062 0.1552734375 -0.098297119140625 0.142730712890625
0.174163818359375 0.13134765625 0.03851318359375 0.210311889648438
0.178085327148438 0.107650756835938 0.094940185546875 0.249252319335938
0.182785034179688 0.0738067626953125 0.072174072265625 0.43896484375
0.0102863311767578 -0.00195217132568359 -0.1474609375 -0.39599609375
-0.0165805816650391 0.0128116607666016 -0.16558837890625 -0.262069702148437
-0.0156393051147461 0.0159521102905273 -0.076202392578125 -0.213516235351563
-0.0210170745849609 0.0313053131103516 0.075897216796875 -0.142486572265625
-0.0198116302490234 0.0281181335449219 0.211029052734375 0.015869140625
-0.0144691467285156 -0.00665569305419922 0.175567626953125 0.197845458984375
-0.00799179077148437 -0.00887203216552734 -0.0390625 0.416015625
-0.0119428634643555 -0.0128822326660156 -0.280975341796875 0.48663330078125
-0.000490188598632813 -0.0178089141845703 -0.323211669921875 0.4825439453125
0.00351071357727051 -0.000596284866333008 -0.281707763671875 0.3634033203125
0.012690544128418 0.0166053771972656 -0.181411743164063 0.194534301757812
-0.0102138519287109 0.0208091735839844 -0.148956298828125 0.0369720458984375
0.00313186645507813 0.00733757019042969 -0.171112060546875 -0.070556640625
-0.00290679931640625 -0.0187854766845703 -0.3582763671875 -0.04669189453125
0.0059967041015625 -0.042388916015625 -0.58251953125 -0.0202026367187501
0.1932373046875 0.0551300048828125 -0.11590576171875 -0.3878173828125
0.1424560546875 0.096221923828125 -0.138626098632813 -0.27923583984375
0.1568603515625 0.13861083984375 -0.054931640625 -0.2413330078125
0.0719451904296875 0.208267211914063 0.0952911376953125 -0.173492431640625
-0.0117950439453125 0.247955322265625 0.20635986328125 -0.00444030761718748
-0.05987548828125 0.229171752929688 0.177459716796875 0.167999267578125
-0.090850830078125 0.2115478515625 -0.01519775390625 0.37823486328125
-0.174652099609375 0.162322998046875 -0.245635986328125 0.443206787109375
-0.129241943359375 0.154388427734375 -0.285675048828125 0.4609375
-0.108673095703125 0.14617919921875 -0.255035400390625 0.3658447265625
-0.082427978515625 0.165069580078125 -0.176422119140625 0.200881958007813
-0.0492095947265625 0.155532836914063 -0.142333984375 0.0432586669921875
0.00640869140624999 0.142379760742188 -0.161407470703125 -0.0696563720703125
0.0558013916015625 0.123367309570313 -0.359283447265625 -0.0321960449218751
0.137588500976563 0.06103515625 -0.569580078125 0.0119018554687499
0.34051513671875 0.11822509765625 -0.02703857421875 -0.3648681640625
0.264083862304687 0.189956665039062 -0.052001953125 -0.2911376953125
0.282989501953125 0.270355224609375 0.00457763671875 -0.258895874023438
0.124053955078125 0.377410888671875 0.132461547851563 -0.202789306640625
-0.03570556640625 0.445465087890625 0.199066162109375 -0.04937744140625
-0.1236572265625 0.428863525390625 0.176849365234375 0.085113525390625
-0.176849365234375 0.392486572265625 0.0205535888671875 0.265701293945313
-0.312713623046875 0.312713623046875 -0.173583984375 0.330780029296875
-0.232635498046875 0.3216552734375 -0.216156005859375 0.385589599609375
-0.19146728515625 0.310394287109375 -0.210723876953125 0.341796875
-0.14019775390625 0.3388671875 -0.169326782226562 0.20465087890625
-0.040496826171875 0.3037109375 -0.14251708984375 0.0590362548828125
0.0567474365234375 0.277694702148438 -0.164276123046875 -0.042144775390625
0.143798828125 0.243728637695313 -0.350494384765625 0.01318359375
0.266555786132813 0.145065307617188 -0.52093505859375 0.0826110839843751
0.420928955078125 0.176605224609375 0.105987548828125 -0.317047119140625
0.316741943359375 0.281524658203125 0.079315185546875 -0.276687622070313
0.326141357421875 0.3883056640625 0.091949462890625 -0.243911743164062
0.11083984375 0.499786376953125 0.183349609375 -0.211471557617187
-0.0966796875 0.5716552734375 0.19775390625 -0.110336303710937
-0.20086669921875 0.5535888671875 0.184860229492188 -0.0400543212890625
-0.25146484375 0.5035400390625 0.071624755859375 0.0983657836914063
-0.40618896484375 0.41302490234375 -0.0762023925781251 0.164962768554688
-0.2906494140625 0.46087646484375 -0.134033203125 0.253387451171875
-0.220245361328125 0.46563720703125 -0.16021728515625 0.26727294921875
-0.13128662109375 0.5074462890625 -0.162948608398438 0.189605712890625
0.036224365234375 0.4317626953125 -0.13763427734375 0.0810775756835938
0.158233642578125 0.380096435546875 -0.153289794921875 0.012420654296875
0.252685546875 0.315643310546875 -0.308349609375 0.0852661132812501
0.37469482421875 0.19110107421875 -0.430450439453125 0.17626953125
0.424285888671875 0.217864990234375 0.2554931640625 -0.244247436523438
0.289337158203125 0.340545654296875 0.221359252929688 -0.221237182617187
0.2740478515625 0.444793701171875 0.180618286132813 -0.182037353515625
0.0390014648437501 0.526153564453125 0.23095703125 -0.185302734375
-0.16815185546875 0.57843017578125 0.204513549804688 -0.16546630859375
-0.25799560546875 0.5648193359375 0.209121704101562 -0.175186157226562
-0.29583740234375 0.5208740234375 0.137855529785156 -0.0928497314453125
-0.439697265625 0.4510498046875 0.0322895050048828 -0.0287208557128906
-0.298583984375 0.535003662109375 -0.0586700439453125 0.0749588012695313
-0.193695068359375 0.55670166015625 -0.129264831542969 0.138137817382813
-0.06610107421875 0.5985107421875 -0.16888427734375 0.148406982421875
0.141998291015625 0.477874755859375 -0.126190185546875 0.10260009765625
0.27130126953125 0.409515380859375 -0.114974975585938 0.0779495239257813
0.3446044921875 0.322113037109375 -0.221786499023438 0.157379150390625
0.436676025390625 0.19525146484375 -0.303924560546875 0.272125244140625
0.3560791015625 0.223907470703125 0.39007568359375 -0.15545654296875
0.209564208984375 0.335357666015625 0.330780029296875 -0.133758544921875
0.16925048828125 0.4044189453125 0.23016357421875 -0.087188720703125
-0.04022216796875 0.433013916015625 0.249603271484375 -0.127471923828125
-0.20306396484375 0.460052490234375 0.212539672851563 -0.193511962890625
-0.265716552734375 0.46630859375 0.244903564453125 -0.281021118164062
-0.291046142578125 0.4520263671875 0.209747314453125 -0.270370483398438
-0.406494140625 0.415191650390625 0.137191772460937 -0.220428466796875
-0.261932373046875 0.51513671875 -0.00704193115234376 -0.117889404296875
-0.136077880859375 0.536376953125 -0.130088806152344 -0.0127487182617187
0.00292968750000002 0.566162109375 -0.191207885742188 0.093658447265625
0.20758056640625 0.427581787109375 -0.111625671386719 0.119247436523438
0.326812744140625 0.35711669921875 -0.054901123046875 0.135055541992188
0.37139892578125 0.2716064453125 -0.103134155273437 0.207366943359375
0.42828369140625 0.167816162109375 -0.156280517578125 0.351898193359375
0.247344970703125 0.185836791992188 0.485260009765625 -0.06768798828125
0.120147705078125 0.261825561523438 0.38641357421875 -0.043701171875
0.07421875 0.280899047851563 0.22772216796875 0.00294494628906252
-0.0727996826171875 0.269638061523438 0.230789184570312 -0.0655670166015625
-0.168838500976563 0.280410766601563 0.211532592773438 -0.191268920898437
-0.207305908203125 0.30682373046875 0.272796630859375 -0.33526611328125
-0.230316162109375 0.31787109375 0.2696533203125 -0.402130126953125
-0.314605712890625 0.3150634765625 0.219635009765625 -0.380218505859375
-0.19873046875 0.40234375 0.022491455078125 -0.282440185546875
-0.08258056640625 0.409088134765625 -0.151779174804687 -0.140762329101563
0.0333251953125 0.4237060546875 -0.221908569335938 0.0451812744140625
0.1907958984375 0.305145263671875 -0.0999069213867188 0.130546569824219
0.289337158203125 0.2535400390625 0.00294494628906253 0.176727294921875
0.31097412109375 0.1934814453125 0.0111846923828125 0.23333740234375
0.3375244140625 0.123870849609375 -0.02276611328125 0.40679931640625
0.123214721679688 0.111808776855469 0.53863525390625 -0.00817871093749999
0.0544586181640625 0.145797729492188 0.397705078125 0.0145263671875
0.0301284790039063 0.129936218261719 0.199859619140625 0.0584564208984375
-0.0453109741210938 0.112380981445313 0.197662353515625 -0.0261383056640625
-0.0824127197265625 0.116401672363281 0.202407836914063 -0.177871704101563
-0.104827880859375 0.142654418945313 0.282745361328125 -0.34771728515625
-0.128448486328125 0.15673828125 0.303375244140625 -0.482147216796875
-0.178634643554688 0.166961669921875 0.268310546875 -0.485382080078125
-0.118988037109375 0.21917724609375 0.034820556640625 -0.39044189453125
-0.0426177978515625 0.212295532226563 -0.177383422851562 -0.22088623046875
0.02032470703125 0.219284057617188 -0.248611450195313 0.0147705078125
0.106063842773437 0.15557861328125 -0.0982818603515625 0.142074584960938
0.173614501953125 0.130111694335938 0.038360595703125 0.208755493164063
0.177490234375 0.107086181640625 0.09539794921875 0.24981689453125
0.182540893554688 0.0734100341796875 0.07275390625 0.440765380859375
0.0102605819702148 -0.00177955627441406 -0.1475830078125 -0.396636962890625
-0.016932487487793 0.0127964019775391 -0.165420532226562 -0.2623291015625
-0.0149393081665039 0.0153942108154297 -0.07611083984375 -0.21331787109375
-0.0203075408935547 0.0314884185791016 0.07562255859375 -0.142013549804688
-0.0196628570556641 0.0284843444824219 0.210891723632813 0.0157928466796875
-0.0150432586669922 -0.00655269622802734 0.1754150390625 0.197113037109375
-0.00867843627929687 -0.00859165191650391 -0.039947509765625 0.417083740234375
-0.0124216079711914 -0.012822151184082 -0.28155517578125 0.48883056640625
-0.000926971435546873 -0.0176315307617187 -0.322174072265625 0.48260498046875
0.00314640998840332 -0.000323057174682617 -0.281341552734375 0.363677978515625
0.0128374099731445 0.0165348052978516 -0.181121826171875 0.194503784179688
-0.0100650787353516 0.0205783843994141 -0.149337768554688 0.0370941162109375
0.00330829620361328 0.00599861145019531 -0.170639038085938 -0.0710906982421875
-0.00284004211425781 -0.0188617706298828 -0.35711669921875 -0.0453491210937499
0.00532913208007812 -0.0425796508789063 -0.58221435546875 -0.017578125
0.192642211914063 0.0556793212890625 -0.11669921875 -0.388916015625
0.14288330078125 0.0963592529296875 -0.138427734375 -0.280136108398438
0.157135009765625 0.137832641601563 -0.0549774169921875 -0.240951538085938
0.0727081298828125 0.20806884765625 0.0951995849609375 -0.173110961914062
-0.0112152099609375 0.248062133789062 0.206207275390625 -0.00439453124999998
-0.0594329833984375 0.229156494140625 0.177322387695313 0.167327880859375
-0.0911102294921875 0.21124267578125 -0.015899658203125 0.377960205078125
-0.17449951171875 0.1630859375 -0.2445068359375 0.444000244140625
-0.129364013671875 0.154586791992188 -0.285675048828125 0.460968017578125
-0.108474731445313 0.146148681640625 -0.25408935546875 0.365997314453125
-0.081573486328125 0.1650390625 -0.1761474609375 0.201080322265625
-0.0484771728515625 0.15557861328125 -0.14239501953125 0.0426788330078125
0.00691223144531249 0.141250610351563 -0.161392211914063 -0.0706634521484375
0.0553741455078125 0.12322998046875 -0.358856201171875 -0.03204345703125
0.136917114257813 0.060699462890625 -0.56805419921875 0.0131225585937499
0.3409423828125 0.11767578125 -0.0274658203125 -0.3663330078125
0.264144897460938 0.190139770507813 -0.05126953125 -0.29168701171875
0.282562255859375 0.26885986328125 0.00399780273437503 -0.258010864257813
0.12451171875 0.376312255859375 0.132400512695312 -0.20166015625
-0.034423828125 0.4449462890625 0.199111938476563 -0.04962158203125
-0.123870849609375 0.430023193359375 0.176010131835938 0.0845184326171875
-0.175201416015625 0.391815185546875 0.0210113525390625 0.265701293945313
-0.313995361328125 0.3123779296875 -0.173004150390625 0.331298828125
-0.232177734375 0.32110595703125 -0.216339111328125 0.385986328125
-0.19091796875 0.308746337890625 -0.21099853515625 0.34197998046875
-0.138885498046875 0.3380126953125 -0.1693115234375 0.204818725585938
-0.03948974609375 0.303802490234375 -0.14227294921875 0.05914306640625
0.0567779541015625 0.27630615234375 -0.163467407226562 -0.042999267578125
0.143341064453125 0.243377685546875 -0.3494873046875 0.0143737792968751
0.266006469726562 0.14404296875 -0.520355224609375 0.084320068359375
0.421234130859375 0.175689697265625 0.106353759765625 -0.317626953125
0.3162841796875 0.281585693359375 0.079254150390625 -0.2769775390625
0.325714111328125 0.3876953125 0.091796875 -0.2435302734375
0.110626220703125 0.499847412109375 0.183074951171875 -0.211593627929688
-0.0941162109375 0.57073974609375 0.197357177734375 -0.11041259765625
-0.19927978515625 0.552978515625 0.183547973632813 -0.040924072265625
-0.24981689453125 0.50341796875 0.0723800659179687 0.097564697265625
-0.406219482421875 0.41510009765625 -0.076019287109375 0.165176391601563
-0.290069580078125 0.460235595703125 -0.1328125 0.254135131835938
-0.219024658203125 0.465087890625 -0.159271240234375 0.267623901367188
-0.130462646484375 0.506317138671875 -0.162857055664063 0.190597534179688
0.036224365234375 0.432220458984375 -0.137237548828125 0.0802764892578125
0.15838623046875 0.37908935546875 -0.153488159179688 0.0111541748046875
0.2535400390625 0.31475830078125 -0.308013916015625 0.0864868164062501
0.374969482421875 0.18914794921875 -0.429840087890625 0.17779541015625
0.42449951171875 0.216888427734375 0.255523681640625 -0.244461059570313
0.2891845703125 0.340057373046875 0.220901489257813 -0.2216796875
0.272674560546875 0.445220947265625 0.179824829101563 -0.181869506835938
0.039337158203125 0.524169921875 0.230865478515625 -0.184707641601562
-0.1673583984375 0.57745361328125 0.203262329101563 -0.165802001953125
-0.25726318359375 0.5648193359375 0.207687377929687 -0.175140380859375
-0.295318603515625 0.52203369140625 0.138076782226562 -0.093536376953125
-0.43890380859375 0.4508056640625 0.03277587890625 -0.028787612915039
-0.2974853515625 0.5340576171875 -0.0580368041992188 0.0752182006835938
-0.191436767578125 0.55535888671875 -0.127716064453125 0.138229370117188
-0.0645751953125 0.5987548828125 -0.168167114257813 0.148590087890625
0.1435546875 0.47967529296875 -0.125877380371094 0.101799011230469
0.271820068359375 0.407257080078125 -0.115242004394531 0.0766601562500001
0.34466552734375 0.319305419921875 -0.221420288085937 0.15863037109375
0.43634033203125 0.19415283203125 -0.30194091796875 0.27386474609375
0.357208251953125 0.223785400390625 0.389556884765625 -0.15673828125
0.209564208984375 0.334869384765625 0.330963134765625 -0.13531494140625
0.167083740234375 0.402923583984375 0.229705810546875 -0.0872650146484375
-0.040252685546875 0.431549072265625 0.24932861328125 -0.127090454101562
-0.20208740234375 0.458709716796875 0.21246337890625 -0.193084716796875
-0.265045166015625 0.46563720703125 0.244293212890625 -0.280258178710937
-0.2896728515625 0.4508056640625 0.209182739257812 -0.270034790039063
-0.406982421875 0.416778564453125 0.136749267578125 -0.220474243164062
-0.26275634765625 0.51434326171875 -0.00608825683593752 -0.117286682128906
-0.1348876953125 0.53753662109375 -0.129341125488281 -0.0125198364257812
0.00445556640624999 0.56512451171875 -0.1904296875 0.093902587890625
0.207794189453125 0.42730712890625 -0.111343383789062 0.11834716796875
0.327362060546875 0.355804443359375 -0.0555496215820312 0.133735656738281
0.3717041015625 0.2706298828125 -0.103622436523437 0.208786010742188
0.42822265625 0.166046142578125 -0.15478515625 0.353668212890625
0.247055053710938 0.185440063476563 0.48443603515625 -0.068359375
0.120513916015625 0.261795043945313 0.385345458984375 -0.04473876953125
0.073486328125 0.279922485351563 0.228256225585938 0.00221252441406252
-0.0730743408203125 0.2691650390625 0.230712890625 -0.065277099609375
-0.168228149414063 0.280548095703125 0.211349487304688 -0.191162109375
-0.206756591796875 0.305389404296875 0.27166748046875 -0.334136962890625
-0.22955322265625 0.318695068359375 0.2691650390625 -0.401947021484375
-0.314361572265625 0.31561279296875 0.220703125 -0.379974365234375
-0.196868896484375 0.402191162109375 0.0235595703125 -0.282867431640625
-0.0830078124999999 0.4088134765625 -0.151153564453125 -0.140625
0.03277587890625 0.4232177734375 -0.221450805664062 0.0453796386718751
0.19146728515625 0.305267333984375 -0.100425720214844 0.129981994628906
0.28875732421875 0.25274658203125 0.00270080566406253 0.175552368164063
0.31011962890625 0.191162109375 0.0109710693359375 0.234451293945313
0.3380126953125 0.12353515625 -0.02142333984375 0.407501220703125
0.123382568359375 0.111465454101562 0.538360595703125 -0.00936889648437499
0.054351806640625 0.14599609375 0.396484375 0.013092041015625
0.0298233032226563 0.130096435546875 0.2000732421875 0.0577545166015625
-0.0454940795898438 0.11260986328125 0.197540283203125 -0.02642822265625
-0.0817108154296875 0.115470886230469 0.201507568359375 -0.177581787109375
-0.104660034179688 0.14190673828125 0.280792236328125 -0.34771728515625
-0.128036499023438 0.156387329101563 0.3016357421875 -0.4815673828125
-0.17901611328125 0.167160034179688 0.268218994140625 -0.48760986328125
-0.119308471679687 0.218551635742188 0.035736083984375 -0.39208984375
-0.0421905517578125 0.21185302734375 -0.176376342773438 -0.21990966796875
0.0207061767578125 0.21893310546875 -0.247940063476563 0.015655517578125
0.105682373046875 0.15533447265625 -0.0975799560546875 0.141555786132812
0.173110961914063 0.128677368164063 0.0376739501953125 0.20831298828125
0.177474975585938 0.106414794921875 0.09466552734375 0.250900268554687
0.182144165039062 0.0736083984375 0.074005126953125 0.44134521484375
0.0100183486938477 -0.00153827667236328 -0.147796630859375 -0.398956298828125
-0.0163965225219727 0.0137672424316406 -0.165390014648437 -0.26336669921875
-0.0151329040527344 0.0150384902954102 -0.076080322265625 -0.212310791015625
-0.0199356079101562 0.0316486358642578 0.07550048828125 -0.141983032226563
-0.0194911956787109 0.0288143157958984 0.210891723632812 0.0152740478515625
-0.0154037475585937 -0.00588130950927735 0.1746826171875 0.19635009765625
-0.00969791412353515 -0.00855636596679688 -0.03912353515625 0.417510986328125
-0.0126361846923828 -0.0127677917480469 -0.2796630859375 0.48968505859375
-0.00150012969970703 -0.0170803070068359 -0.321929931640625 0.48406982421875
0.0031123161315918 -0.000545501708984375 -0.280609130859375 0.36334228515625
0.0131111145019531 0.0162582397460938 -0.181488037109375 0.194869995117188
-0.00966262817382812 0.0207538604736328 -0.149200439453125 0.0373382568359375
0.00369453430175781 0.00572347640991211 -0.170578002929687 -0.071441650390625
-0.00348281860351563 -0.0185508728027344 -0.357208251953125 -0.0442504882812501
0.00512313842773438 -0.0430450439453125 -0.5830078125 -0.0167236328124999
0.193939208984375 0.05572509765625 -0.11639404296875 -0.389434814453125
0.14276123046875 0.0965728759765625 -0.1385498046875 -0.2803955078125
0.157318115234375 0.137161254882813 -0.0550079345703125 -0.240585327148438
0.0731353759765625 0.207992553710938 0.0950469970703125 -0.173324584960937
-0.0108489990234375 0.2489013671875 0.205963134765625 -0.00502014160156248
-0.0595703125 0.229751586914063 0.176284790039063 0.16632080078125
-0.0914306640625 0.211441040039063 -0.016693115234375 0.3787841796875
-0.174819946289063 0.163131713867187 -0.24395751953125 0.445709228515625
-0.129791259765625 0.154495239257813 -0.286041259765625 0.46136474609375
-0.108932495117187 0.14520263671875 -0.253265380859375 0.366607666015625
-0.0814056396484375 0.164169311523438 -0.175872802734375 0.201461791992188
-0.048126220703125 0.155853271484375 -0.14239501953125 0.0431060791015625
0.0073394775390625 0.140869140625 -0.161224365234375 -0.0711212158203125
0.0552291870117188 0.122894287109375 -0.35906982421875 -0.030975341796875
0.136459350585938 0.0603790283203125 -0.56878662109375 0.01409912109375
0.342376708984375 0.117401123046875 -0.0271911621093749 -0.367431640625
0.264572143554688 0.190078735351563 -0.0513916015625 -0.29278564453125
0.28338623046875 0.267974853515625 0.00415039062500003 -0.258041381835937
0.1253662109375 0.376373291015625 0.132080078125 -0.201690673828125
-0.03448486328125 0.446014404296875 0.199249267578125 -0.050048828125
-0.12335205078125 0.43084716796875 0.175247192382813 0.0835723876953125
-0.175933837890625 0.392242431640625 0.0213470458984375 0.265579223632813
-0.313079833984375 0.313232421875 -0.1727294921875 0.33203125
-0.23199462890625 0.3226318359375 -0.21502685546875 0.387237548828125
-0.191497802734375 0.309356689453125 -0.209075927734375 0.343017578125
-0.13836669921875 0.338134765625 -0.169342041015625 0.205596923828125
-0.038970947265625 0.304718017578125 -0.1419677734375 0.0589141845703125
0.056610107421875 0.275665283203125 -0.164031982421875 -0.0443878173828125
0.143173217773437 0.243392944335938 -0.34942626953125 0.01611328125
0.265045166015625 0.143280029296875 -0.52105712890625 0.085205078125
0.421600341796875 0.1754150390625 0.10675048828125 -0.317474365234375
0.317657470703125 0.282196044921875 0.0800018310546875 -0.278564453125
0.32611083984375 0.38720703125 0.091827392578125 -0.243301391601562
0.111724853515625 0.4996337890625 0.183258056640625 -0.21160888671875
-0.09271240234375 0.5703125 0.197677612304688 -0.110946655273437
-0.199615478515625 0.554901123046875 0.182235717773438 -0.0415496826171875
-0.2490234375 0.50177001953125 0.0730819702148438 0.096588134765625
-0.40728759765625 0.416534423828125 -0.075958251953125 0.166091918945313
-0.29010009765625 0.460205078125 -0.132049560546875 0.25482177734375
-0.2188720703125 0.464630126953125 -0.158172607421875 0.26727294921875
-0.129150390625 0.50628662109375 -0.161956787109375 0.19049072265625
0.036773681640625 0.432830810546875 -0.137718200683594 0.0801773071289063
0.15869140625 0.376434326171875 -0.15399169921875 0.00975036621093755
0.25341796875 0.315277099609375 -0.307861328125 0.088287353515625
0.374359130859375 0.188934326171875 -0.429931640625 0.17864990234375
0.42431640625 0.217010498046875 0.25653076171875 -0.246078491210938
0.29107666015625 0.34027099609375 0.221755981445313 -0.222976684570312
0.27490234375 0.443572998046875 0.1805419921875 -0.182113647460937
0.03961181640625 0.525146484375 0.230758666992187 -0.185165405273437
-0.16680908203125 0.5770263671875 0.203964233398437 -0.165664672851562
-0.2568359375 0.564697265625 0.206375122070312 -0.176315307617188
-0.29510498046875 0.52166748046875 0.138275146484375 -0.0943756103515625
-0.438385009765625 0.453094482421875 0.032999038696289 -0.028411865234375
-0.297119140625 0.536376953125 -0.0575408935546875 0.0753631591796875
-0.191162109375 0.555938720703125 -0.127349853515625 0.138412475585938
-0.06341552734375 0.59918212890625 -0.167694091796875 0.149032592773438
0.1431884765625 0.479736328125 -0.125900268554688 0.101638793945313
0.270904541015625 0.405059814453125 -0.115470886230469 0.0748443603515625
0.344970703125 0.32061767578125 -0.221633911132813 0.160507202148438
0.4361572265625 0.1937255859375 -0.30072021484375 0.275970458984375
0.3565673828125 0.2237548828125 0.390777587890625 -0.15625
0.2103271484375 0.33514404296875 0.331146240234375 -0.135711669921875
0.167755126953125 0.40350341796875 0.230438232421875 -0.0876617431640625
-0.040924072265625 0.4332275390625 0.249237060546875 -0.12750244140625
-0.201202392578125 0.458526611328125 0.211959838867188 -0.193328857421875
-0.26507568359375 0.465240478515625 0.24322509765625 -0.28167724609375
-0.289825439453125 0.452178955078125 0.209869384765625 -0.271163940429688
-0.407684326171875 0.41778564453125 0.136688232421875 -0.220901489257812
-0.26141357421875 0.51605224609375 -0.00576019287109377 -0.117774963378906
-0.133880615234375 0.5377197265625 -0.12884521484375 -0.01220703125
0.00549316406250006 0.5660400390625 -0.190399169921875 0.094512939453125
0.209686279296875 0.427154541015625 -0.111083984375 0.117828369140625
0.327117919921875 0.35418701171875 -0.05572509765625 0.132667541503906
0.3721923828125 0.27020263671875 -0.1036376953125 0.210403442382813
0.427581787109375 0.166839599609375 -0.153900146484375 0.35498046875
0.247451782226562 0.18597412109375 0.484527587890625 -0.0689697265625
0.121337890625 0.26275634765625 0.386383056640625 -0.04547119140625
0.0740203857421875 0.279953002929687 0.228302001953125 0.00216674804687502
-0.07305908203125 0.269195556640625 0.230926513671875 -0.065643310546875
-0.168350219726562 0.279800415039062 0.21051025390625 -0.190963745117187
-0.20660400390625 0.306243896484375 0.269256591796875 -0.334686279296875
-0.228912353515625 0.318817138671875 0.268402099609375 -0.4034423828125
-0.314697265625 0.31671142578125 0.2196044921875 -0.382598876953125
-0.197998046875 0.403167724609375 0.0240478515625 -0.28326416015625
-0.0809326171875 0.4091796875 -0.151077270507812 -0.140640258789063
0.035125732421875 0.423309326171875 -0.220733642578125 0.0458831787109375
0.193084716796875 0.306427001953125 -0.0998611450195312 0.129310607910156
0.28875732421875 0.250823974609375 0.00199890136718752 0.174362182617188
0.310394287109375 0.190887451171875 0.01068115234375 0.236312866210938
0.336944580078125 0.123046875 -0.0207824707031249 0.410064697265625
0.123939514160156 0.111480712890625 0.539947509765625 -0.01080322265625
0.05511474609375 0.146133422851563 0.3963623046875 0.01129150390625
0.0294342041015625 0.129806518554688 0.200546264648438 0.057647705078125
-0.0464096069335938 0.112586975097656 0.197845458984375 -0.0261993408203125
-0.0817718505859375 0.1151123046875 0.201583862304688 -0.177719116210938
-0.10443115234375 0.140884399414063 0.2791748046875 -0.347564697265625
-0.127532958984375 0.15643310546875 0.300567626953125 -0.482452392578125
-0.178970336914063 0.167816162109375 0.267852783203125 -0.488616943359375
-0.1190185546875 0.219497680664062 0.036102294921875 -0.39178466796875
-0.0418243408203125 0.211471557617187 -0.176712036132813 -0.219940185546875
0.0213623046875 0.218658447265625 -0.247314453125 0.0163421630859376
0.106857299804688 0.156051635742188 -0.0976104736328125 0.140579223632813
0.17291259765625 0.12774658203125 0.037628173828125 0.2076416015625
0.177642822265625 0.105926513671875 0.0944061279296875 0.251617431640625
0.181900024414063 0.0735321044921875 0.074310302734375 0.4437255859375
0.0102043151855469 -0.00116443634033203 -0.150115966796875 -0.400177001953125
-0.0168018341064453 0.0137596130371094 -0.166488647460938 -0.264678955078125
-0.0150547027587891 0.0154619216918945 -0.076171875 -0.211929321289063
-0.0196456909179688 0.0312404632568359 0.0759735107421875 -0.141647338867188
-0.0193405151367187 0.0292301177978516 0.211441040039063 0.0149993896484375
-0.0154266357421875 -0.00596332550048828 0.173965454101563 0.196243286132813
-0.0102958679199219 -0.0084676742553711 -0.041534423828125 0.41888427734375
-0.0127162933349609 -0.0128116607666016 -0.280426025390625 0.492828369140625
-0.00185489654541016 -0.0167150497436523 -0.32305908203125 0.485809326171875
0.00282430648803711 -0.000846147537231445 -0.28125 0.36529541015625
0.0130424499511719 0.0158443450927734 -0.181243896484375 0.195816040039063
-0.00928306579589844 0.0213184356689453 -0.149368286132813 0.037628173828125
0.00375509262084961 0.00529766082763672 -0.1707763671875 -0.0712432861328125
-0.00352859497070313 -0.0187206268310547 -0.358734130859375 -0.04248046875
0.004119873046875 -0.043670654296875 -0.5843505859375 -0.01519775390625
0.193496704101563 0.05560302734375 -0.117950439453125 -0.3922119140625
0.143142700195313 0.097015380859375 -0.1383056640625 -0.28167724609375
0.157211303710938 0.137496948242188 -0.0546875 -0.240570068359375
0.07318115234375 0.207687377929688 0.0952911376953125 -0.173126220703125
-0.010101318359375 0.249404907226563 0.20648193359375 -0.00518798828124998
-0.059783935546875 0.2305908203125 0.175811767578125 0.166259765625
-0.09228515625 0.211502075195313 -0.01556396484375 0.378936767578125
-0.17559814453125 0.164337158203125 -0.2432861328125 0.448333740234375
-0.130279541015625 0.155227661132813 -0.286895751953125 0.463897705078125
-0.108688354492188 0.145584106445313 -0.253021240234375 0.3677978515625
-0.0809173583984375 0.164016723632813 -0.17608642578125 0.202316284179688
-0.0475311279296875 0.156600952148438 -0.142608642578125 0.042938232421875
0.00746154785156249 0.140357971191406 -0.161529541015625 -0.07208251953125
0.0552291870117188 0.123222351074219 -0.3594970703125 -0.0291442871093749
0.136253356933594 0.059814453125 -0.5699462890625 0.0151367187499999
0.341766357421875 0.117706298828125 -0.027618408203125 -0.36920166015625
0.265853881835938 0.191146850585938 -0.051025390625 -0.294342041015625
0.2841796875 0.268707275390625 0.0037078857421875 -0.258346557617188
0.12530517578125 0.377197265625 0.132354736328125 -0.20257568359375
-0.0330810546875 0.4466552734375 0.199142456054688 -0.050445556640625
-0.122711181640625 0.431365966796875 0.174270629882813 0.0831298828125
-0.176239013671875 0.393310546875 0.0214691162109375 0.26544189453125
-0.314300537109375 0.315338134765625 -0.17193603515625 0.3333740234375
-0.23291015625 0.3233642578125 -0.21588134765625 0.388671875
-0.192291259765625 0.31036376953125 -0.21014404296875 0.343292236328125
-0.137176513671875 0.338226318359375 -0.1690673828125 0.206207275390625
-0.03851318359375 0.305419921875 -0.142120361328125 0.0587615966796875
0.05657958984375 0.274795532226563 -0.16400146484375 -0.045013427734375
0.143722534179688 0.243621826171875 -0.350494384765625 0.0172119140625
0.265350341796875 0.142913818359375 -0.52099609375 0.087188720703125
0.42254638671875 0.175323486328125 0.1075439453125 -0.319976806640625
0.317291259765625 0.282989501953125 0.0801544189453125 -0.279861450195313
0.327239990234375 0.38629150390625 0.09234619140625 -0.2437744140625
0.111572265625 0.5003662109375 0.1839599609375 -0.212081909179687
-0.093505859375 0.5712890625 0.197250366210938 -0.111328125
-0.1986083984375 0.555633544921875 0.181777954101563 -0.042144775390625
-0.248870849609375 0.503326416015625 0.07342529296875 0.096405029296875
-0.407379150390625 0.41748046875 -0.075347900390625 0.166336059570313
-0.2891845703125 0.462005615234375 -0.132431030273438 0.255599975585938
-0.218994140625 0.4658203125 -0.157455444335937 0.268417358398438
-0.12847900390625 0.507843017578125 -0.162353515625 0.191497802734375
0.03753662109375 0.43463134765625 -0.137680053710938 0.0798721313476563
0.158355712890625 0.377532958984375 -0.1541748046875 0.00833129882812502
0.254638671875 0.3145751953125 -0.30914306640625 0.09014892578125
0.375213623046875 0.18798828125 -0.4290771484375 0.18048095703125
0.4271240234375 0.21673583984375 0.258148193359375 -0.2464599609375
0.290496826171875 0.341644287109375 0.222305297851563 -0.22509765625
0.27545166015625 0.445037841796875 0.181106567382813 -0.182876586914062
0.039581298828125 0.52459716796875 0.23187255859375 -0.185256958007812
-0.1651611328125 0.57952880859375 0.20361328125 -0.166290283203125
-0.25726318359375 0.56549072265625 0.205520629882812 -0.177093505859375
-0.2935791015625 0.522857666015625 0.13885498046875 -0.0950546264648437
-0.440093994140625 0.454376220703125 0.0331783294677734 -0.0283031463623047
-0.29766845703125 0.537994384765625 -0.0570220947265625 0.0758743286132813
-0.1917724609375 0.556671142578125 -0.126693725585937 0.138862609863281
-0.0631713867187501 0.6015625 -0.167388916015625 0.1497802734375
0.144073486328125 0.4818115234375 -0.126182556152344 0.1009521484375
0.271209716796875 0.404815673828125 -0.116294860839844 0.0739288330078125
0.346343994140625 0.321441650390625 -0.2215576171875 0.162155151367188
0.437774658203125 0.19268798828125 -0.30035400390625 0.277679443359375
0.35870361328125 0.223968505859375 0.39239501953125 -0.156463623046875
0.211639404296875 0.335662841796875 0.33184814453125 -0.137481689453125
0.168212890625 0.40240478515625 0.231109619140625 -0.0887298583984375
-0.04107666015625 0.432861328125 0.250091552734375 -0.127243041992187
-0.20184326171875 0.459075927734375 0.212188720703125 -0.19403076171875
-0.264434814453125 0.46673583984375 0.2413330078125 -0.282989501953125
-0.28948974609375 0.45294189453125 0.209945678710937 -0.272506713867187
-0.407257080078125 0.41986083984375 0.136795043945312 -0.22198486328125
-0.261444091796875 0.518035888671875 -0.00505065917968752 -0.11767578125
-0.13360595703125 0.53814697265625 -0.128364562988281 -0.012542724609375
0.00695800781249995 0.56707763671875 -0.1898193359375 0.0951995849609375
0.210418701171875 0.429229736328125 -0.11181640625 0.117721557617188
0.327850341796875 0.352569580078125 -0.0570068359375 0.131607055664063
0.373291015625 0.269805908203125 -0.10321044921875 0.212066650390625
0.428558349609375 0.165924072265625 -0.153167724609375 0.35791015625
0.248275756835937 0.185699462890625 0.486328125 -0.06964111328125
0.121337890625 0.263275146484375 0.386627197265625 -0.047454833984375
0.0735931396484375 0.280410766601562 0.2296142578125 0.00175476074218752
-0.0743560791015625 0.2696533203125 0.231414794921875 -0.06561279296875
-0.16778564453125 0.27947998046875 0.2108154296875 -0.191070556640625
-0.206207275390625 0.304962158203125 0.2686767578125 -0.3349609375
-0.228668212890625 0.319732666015625 0.269134521484375 -0.404327392578125
-0.31475830078125 0.3193359375 0.220123291015625 -0.38330078125
-0.19757080078125 0.404815673828125 0.024627685546875 -0.284149169921875
-0.08135986328125 0.40899658203125 -0.150405883789062 -0.140548706054688
0.0367431640625 0.423736572265625 -0.22076416015625 0.0470428466796875
0.193115234375 0.306488037109375 -0.100227355957031 0.128982543945313
0.288543701171875 0.250091552734375 0.00114440917968754 0.173965454101563
0.31097412109375 0.1912841796875 0.0109100341796875 0.238357543945313
0.33843994140625 0.1231689453125 -0.01885986328125 0.41290283203125
0.1248779296875 0.11102294921875 0.540435791015625 -0.010162353515625
0.05523681640625 0.146926879882813 0.396209716796875 0.01068115234375
0.029449462890625 0.129898071289063 0.2010498046875 0.0576324462890625
-0.0467300415039063 0.11297607421875 0.198455810546875 -0.026397705078125
-0.0823974609375 0.115005493164063 0.201553344726563 -0.177871704101563
-0.10467529296875 0.139869689941406 0.27911376953125 -0.34820556640625
-0.127792358398437 0.156906127929688 0.3016357421875 -0.48236083984375
-0.179397583007813 0.169158935546875 0.26702880859375 -0.49139404296875
-0.11883544921875 0.220535278320313 0.03717041015625 -0.394256591796875
-0.041900634765625 0.21209716796875 -0.175628662109375 -0.2198486328125
0.0217132568359375 0.2196044921875 -0.247528076171875 0.016845703125
0.10693359375 0.15673828125 -0.09814453125 0.140838623046875
0.1732177734375 0.127334594726563 0.0373382568359375 0.207550048828125
0.17822265625 0.105819702148438 0.0939178466796875 0.253311157226563
0.182525634765625 0.07379150390625 0.076416015625 0.446319580078125
0.00997447967529297 -0.000992774963378906 -0.151824951171875 -0.40234375
-0.016566276550293 0.0139131546020508 -0.16778564453125 -0.265777587890625
-0.015009880065918 0.0152187347412109 -0.0764007568359375 -0.21221923828125
-0.0193996429443359 0.031494140625 0.0758209228515625 -0.141830444335937
-0.0189895629882812 0.0298213958740234 0.21209716796875 0.0147857666015625
-0.0161409378051758 -0.00587749481201172 0.174545288085938 0.195785522460938
-0.0109739303588867 -0.00805759429931641 -0.040130615234375 0.420562744140625
-0.0134820938110352 -0.0124101638793945 -0.279571533203125 0.495758056640625
-0.00243759155273437 -0.0162763595581055 -0.3221435546875 0.4881591796875
0.00271153450012207 -0.00104713439941406 -0.28125 0.36639404296875
0.0132741928100586 0.0157709121704102 -0.18194580078125 0.19622802734375
-0.00910377502441406 0.0212783813476563 -0.149688720703125 0.0377655029296875
0.0038604736328125 0.00500965118408203 -0.170745849609375 -0.071929931640625
-0.00424575805664063 -0.0184402465820313 -0.358856201171875 -0.0416259765625
0.00350570678710937 -0.0438156127929687 -0.5872802734375 -0.014404296875
0.194854736328125 0.055816650390625 -0.118988037109375 -0.393646240234375
0.143844604492188 0.0973358154296875 -0.13958740234375 -0.28369140625
0.158157348632813 0.1370849609375 -0.05517578125 -0.240081787109375
0.0749053955078125 0.208633422851562 0.0952606201171875 -0.1734619140625
-0.00955200195312498 0.25091552734375 0.207122802734375 -0.00608825683593748
-0.0598907470703125 0.231491088867188 0.176528930664063 0.165420532226563
-0.092529296875 0.211868286132813 -0.014251708984375 0.380584716796875
-0.17608642578125 0.164993286132812 -0.24298095703125 0.450653076171875
-0.13055419921875 0.156234741210937 -0.285491943359375 0.46563720703125
-0.109268188476562 0.145950317382813 -0.25341796875 0.36907958984375
-0.0803375244140625 0.164474487304688 -0.17620849609375 0.203964233398437
-0.0470428466796875 0.1573486328125 -0.142898559570313 0.0435028076171875
0.00746154785156251 0.140121459960938 -0.162139892578125 -0.07269287109375
0.055084228515625 0.123428344726563 -0.359344482421875 -0.0280151367187501
0.136405944824219 0.059661865234375 -0.57177734375 0.0172119140625
0.34326171875 0.11761474609375 -0.02764892578125 -0.371002197265625
0.266387939453125 0.19146728515625 -0.051483154296875 -0.296478271484375
0.28643798828125 0.26812744140625 0.00372314453125003 -0.258468627929688
0.12786865234375 0.378509521484375 0.1326904296875 -0.20294189453125
-0.03228759765625 0.449005126953125 0.199752807617188 -0.051055908203125
-0.121673583984375 0.4324951171875 0.175140380859375 0.0824737548828125
-0.1756591796875 0.394134521484375 0.0223846435546875 0.266006469726563
-0.314605712890625 0.31610107421875 -0.171661376953125 0.3359375
-0.2333984375 0.324981689453125 -0.215240478515625 0.3912353515625
-0.19158935546875 0.309814453125 -0.2086181640625 0.34564208984375
-0.13677978515625 0.339324951171875 -0.1690673828125 0.2076416015625
-0.0377197265625 0.307464599609375 -0.1424560546875 0.058807373046875
0.057159423828125 0.274246215820313 -0.16436767578125 -0.0462188720703125
0.143768310546875 0.243881225585938 -0.3514404296875 0.019378662109375
0.2659912109375 0.142257690429688 -0.522064208984375 0.0885620117187501
0.424957275390625 0.175994873046875 0.10791015625 -0.321746826171875
0.319610595703125 0.282867431640625 0.08062744140625 -0.282440185546875
0.32769775390625 0.385528564453125 0.0925140380859375 -0.244522094726563
0.11431884765625 0.501983642578125 0.183990478515625 -0.212890625
-0.092041015625 0.57415771484375 0.19793701171875 -0.112197875976562
-0.1983642578125 0.558685302734375 0.181121826171875 -0.0430755615234375
-0.24993896484375 0.50604248046875 0.0741119384765625 0.0958251953125
-0.407623291015625 0.420989990234375 -0.0748291015625 0.16748046875
-0.290985107421875 0.46270751953125 -0.132080078125 0.257476806640625
-0.219207763671875 0.4659423828125 -0.157333374023437 0.2696533203125
-0.12725830078125 0.50994873046875 -0.161697387695312 0.1929931640625
0.040008544921875 0.436248779296875 -0.137542724609375 0.0798492431640626
0.159393310546875 0.376922607421875 -0.154953002929688 0.00689697265625004
0.2557373046875 0.315338134765625 -0.309539794921875 0.0921630859375
0.374969482421875 0.188385009765625 -0.4306640625 0.18328857421875
0.4285888671875 0.2169189453125 0.258712768554688 -0.24884033203125
0.292938232421875 0.342742919921875 0.223526000976563 -0.22735595703125
0.2764892578125 0.44390869140625 0.181549072265625 -0.183746337890625
0.04107666015625 0.526824951171875 0.232009887695313 -0.186370849609375
-0.16461181640625 0.580078125 0.204116821289063 -0.16748046875
-0.25634765625 0.56793212890625 0.205123901367187 -0.1778564453125
-0.29400634765625 0.525054931640625 0.139579772949219 -0.0964889526367187
-0.440277099609375 0.45849609375 0.0332813262939453 -0.0284328460693359
-0.29730224609375 0.5391845703125 -0.0566329956054688 0.0763702392578125
-0.19049072265625 0.557861328125 -0.1263427734375 0.139930725097656
-0.0599975585937501 0.6019287109375 -0.167190551757813 0.151351928710938
0.145660400390625 0.483245849609375 -0.126152038574219 0.100982666015625
0.273406982421875 0.404266357421875 -0.117568969726562 0.0729446411132813
0.3477783203125 0.32098388671875 -0.22198486328125 0.164352416992188
0.439117431640625 0.19158935546875 -0.301025390625 0.280364990234375
0.36090087890625 0.224212646484375 0.394012451171875 -0.1583251953125
0.21221923828125 0.33831787109375 0.332855224609375 -0.139434814453125
0.169830322265625 0.4039306640625 0.232315063476563 -0.0894622802734375
-0.0404052734375 0.434661865234375 0.250946044921875 -0.128173828125
-0.200897216796875 0.461151123046875 0.2117919921875 -0.193832397460938
-0.263916015625 0.467987060546875 0.2396240234375 -0.283966064453125
-0.288177490234375 0.454010009765625 0.210403442382812 -0.274154663085937
-0.408355712890625 0.4232177734375 0.137039184570312 -0.223281860351562
-0.261688232421875 0.5203857421875 -0.00459289550781252 -0.11798095703125
-0.133209228515625 0.540008544921875 -0.128036499023438 -0.01220703125
0.00903320312500001 0.56951904296875 -0.189453125 0.0960845947265626
0.2119140625 0.4307861328125 -0.111373901367188 0.117385864257813
0.328704833984375 0.352691650390625 -0.0571746826171875 0.130943298339844
0.374267578125 0.269317626953125 -0.103851318359375 0.214431762695313
0.429229736328125 0.164947509765625 -0.1524658203125 0.36041259765625
0.249847412109375 0.186203002929688 0.4881591796875 -0.070953369140625
0.121856689453125 0.2640380859375 0.38671875 -0.048980712890625
0.0734100341796875 0.28076171875 0.230453491210938 0.00103759765625002
-0.07373046875 0.270675659179688 0.232162475585938 -0.06658935546875
-0.167495727539062 0.279800415039063 0.211181640625 -0.191757202148438
-0.20672607421875 0.30499267578125 0.2685546875 -0.3372802734375
-0.22808837890625 0.31951904296875 0.26995849609375 -0.40631103515625
-0.31658935546875 0.320068359375 0.219940185546875 -0.384674072265625
-0.197113037109375 0.40625 0.025421142578125 -0.285400390625
-0.08062744140625 0.409576416015625 -0.150619506835938 -0.140792846679687
0.037384033203125 0.425140380859375 -0.220596313476563 0.047760009765625
0.19476318359375 0.30804443359375 -0.1002197265625 0.128852844238281
0.289398193359375 0.24871826171875 0.00138854980468753 0.173751831054688
0.3121337890625 0.191802978515625 0.011016845703125 0.240036010742188
0.33966064453125 0.1231689453125 -0.017578125 0.415283203125
0.125419616699219 0.111465454101563 0.5411376953125 -0.011199951171875
0.0558013916015625 0.147430419921875 0.398101806640625 0.00894165039062501
0.0290298461914063 0.130126953125 0.201690673828125 0.0570068359375
-0.047119140625 0.113311767578125 0.19921875 -0.026885986328125
-0.0817413330078125 0.114616394042969 0.201446533203125 -0.1781005859375
-0.1053466796875 0.139739990234375 0.278472900390625 -0.34942626953125
-0.127410888671875 0.157211303710937 0.299713134765625 -0.484527587890625
-0.179519653320313 0.1708984375 0.2677001953125 -0.49249267578125
-0.118896484375 0.22161865234375 0.038330078125 -0.395233154296875
-0.041351318359375 0.212112426757813 -0.176742553710938 -0.220733642578125
0.0225372314453125 0.21990966796875 -0.24786376953125 0.0176544189453125
0.108047485351563 0.157424926757813 -0.0978851318359375 0.141067504882813
0.173629760742188 0.126373291015625 0.03741455078125 0.207565307617188
0.17913818359375 0.1053466796875 0.0946044921875 0.255523681640625
0.183273315429688 0.07366943359375 0.077606201171875 0.449432373046875
0.0098867416381836 -0.000447273254394531 -0.154388427734375 -0.404754638671875
-0.016596794128418 0.0146989822387695 -0.169235229492188 -0.26751708984375
-0.0153074264526367 0.0153341293334961 -0.0769195556640625 -0.211959838867188
-0.0188999176025391 0.0313758850097656 0.0761566162109375 -0.142562866210938
-0.0192928314208984 0.0305156707763672 0.2130126953125 0.013580322265625
-0.0163650512695313 -0.0054931640625 0.174774169921875 0.195449829101563
-0.0118780136108398 -0.00826930999755859 -0.04107666015625 0.424163818359375
-0.0134601593017578 -0.0122079849243164 -0.278656005859375 0.499847412109375
-0.00240612030029297 -0.0158777236938477 -0.322479248046875 0.4896240234375
0.00219416618347168 -0.000866174697875977 -0.280364990234375 0.368255615234375
0.0133476257324219 0.0159292221069336 -0.18218994140625 0.197341918945313
-0.00841903686523438 0.0216064453125 -0.150543212890625 0.0383453369140625
0.00415372848510742 0.00460195541381836 -0.171142578125 -0.0718231201171875
-0.00450897216796875 -0.018707275390625 -0.360015869140625 -0.0393676757812499
0.00280380249023438 -0.0440330505371094 -0.5889892578125 -0.0113525390625
0.195083618164063 0.0557403564453125 -0.12066650390625 -0.397186279296875
0.14483642578125 0.0974884033203125 -0.140380859375 -0.28485107421875
0.158676147460938 0.136825561523438 -0.0554656982421875 -0.240585327148437
0.075469970703125 0.209274291992188 0.09564208984375 -0.173690795898438
-0.0084381103515625 0.251861572265625 0.208160400390625 -0.00704956054687499
-0.059600830078125 0.23345947265625 0.17626953125 0.16455078125
-0.09320068359375 0.213653564453125 -0.01507568359375 0.381866455078125
-0.1768798828125 0.166641235351563 -0.243408203125 0.452728271484375
-0.130661010742188 0.15771484375 -0.285675048828125 0.4676513671875
-0.109390258789062 0.145782470703125 -0.252838134765625 0.369598388671875
-0.0797882080078125 0.165069580078125 -0.176528930664063 0.205245971679687
-0.046661376953125 0.157623291015625 -0.143310546875 0.0440826416015625
0.00766754150390626 0.139984130859375 -0.16229248046875 -0.0733489990234375
0.0554428100585937 0.123809814453125 -0.361328125 -0.026519775390625
0.135932922363281 0.0591354370117187 -0.57464599609375 0.0191650390625001
0.34539794921875 0.1173095703125 -0.028472900390625 -0.3736572265625
0.268585205078125 0.191497802734375 -0.05255126953125 -0.29840087890625
0.286590576171875 0.2672119140625 0.00300598144531252 -0.259048461914063
0.12860107421875 0.378448486328125 0.132400512695313 -0.204147338867187
-0.02996826171875 0.451019287109375 0.200698852539063 -0.0515289306640625
-0.12249755859375 0.436370849609375 0.175094604492187 0.08154296875
-0.175262451171875 0.39654541015625 0.023162841796875 0.265960693359375
-0.31622314453125 0.319732666015625 -0.171173095703125 0.338104248046875
-0.233917236328125 0.32659912109375 -0.21551513671875 0.393707275390625
-0.191192626953125 0.3109130859375 -0.20721435546875 0.346832275390625
-0.13604736328125 0.3402099609375 -0.168869018554688 0.208709716796875
-0.037078857421875 0.30804443359375 -0.142669677734375 0.0590972900390625
0.0574493408203125 0.273834228515625 -0.165771484375 -0.04742431640625
0.144317626953125 0.244613647460938 -0.35235595703125 0.0214843750000001
0.266647338867188 0.141311645507813 -0.5247802734375 0.091827392578125
0.427032470703125 0.17462158203125 0.10809326171875 -0.324493408203125
0.321441650390625 0.28289794921875 0.0799560546875 -0.284393310546875
0.330413818359375 0.386383056640625 0.09234619140625 -0.246017456054688
0.115447998046875 0.50341796875 0.183792114257813 -0.21435546875
-0.0890502929687499 0.5770263671875 0.198135375976563 -0.113555908203125
-0.19671630859375 0.5599365234375 0.18096923828125 -0.0438995361328125
-0.249176025390625 0.50726318359375 0.0746078491210937 0.0954971313476563
-0.4088134765625 0.422882080078125 -0.0741119384765625 0.168914794921875
-0.291046142578125 0.465850830078125 -0.131576538085938 0.259201049804688
-0.218505859375 0.468048095703125 -0.156723022460937 0.270904541015625
-0.12542724609375 0.511444091796875 -0.161788940429688 0.194137573242188
0.040802001953125 0.43780517578125 -0.138069152832031 0.0800628662109375
0.160491943359375 0.376708984375 -0.156036376953125 0.00593566894531251
0.2559814453125 0.315582275390625 -0.3096923828125 0.0946044921875001
0.377593994140625 0.186859130859375 -0.429656982421875 0.186920166015625
0.430419921875 0.2161865234375 0.259933471679688 -0.250564575195313
0.2947998046875 0.3441162109375 0.224029541015625 -0.228652954101563
0.27813720703125 0.445068359375 0.182388305664063 -0.185073852539062
0.04248046875 0.5277099609375 0.232818603515625 -0.187835693359375
-0.16265869140625 0.58343505859375 0.204421997070313 -0.168182373046875
-0.25518798828125 0.5712890625 0.203704833984375 -0.1788330078125
-0.292816162109375 0.5263671875 0.140090942382812 -0.0973968505859375
-0.44122314453125 0.462005615234375 0.033639907836914 -0.0282936096191406
-0.29803466796875 0.541412353515625 -0.056060791015625 0.0772781372070313
-0.1900634765625 0.559478759765625 -0.125335693359375 0.140579223632813
-0.05865478515625 0.60467529296875 -0.166778564453125 0.152694702148438
0.1485595703125 0.48553466796875 -0.12646484375 0.101165771484375
0.27392578125 0.4049072265625 -0.118209838867187 0.072265625
0.349578857421875 0.321136474609375 -0.222091674804687 0.166778564453125
0.44097900390625 0.191192626953125 -0.300262451171875 0.28314208984375
0.3624267578125 0.224639892578125 0.39593505859375 -0.160247802734375
0.21392822265625 0.339569091796875 0.33392333984375 -0.1417236328125
0.170623779296875 0.404815673828125 0.233505249023438 -0.09014892578125
-0.039215087890625 0.4354248046875 0.252548217773437 -0.129074096679687
-0.1990966796875 0.463348388671875 0.211700439453125 -0.195068359375
-0.262939453125 0.4697265625 0.240386962890625 -0.2841796875
-0.28704833984375 0.455474853515625 0.210845947265625 -0.2757568359375
-0.4093017578125 0.42657470703125 0.137313842773437 -0.224822998046875
-0.259765625 0.5225830078125 -0.00370788574218752 -0.119163513183594
-0.134033203125 0.54180908203125 -0.128173828125 -0.0118026733398437
0.0111083984375 0.57049560546875 -0.1898193359375 0.0975494384765625
0.214691162109375 0.431304931640625 -0.111541748046875 0.117630004882813
0.328887939453125 0.35125732421875 -0.0577926635742187 0.130081176757813
0.376739501953125 0.269012451171875 -0.103302001953125 0.216461181640625
0.430755615234375 0.164337158203125 -0.15057373046875 0.36370849609375
0.251663208007813 0.185989379882813 0.48980712890625 -0.072235107421875
0.12396240234375 0.265335083007813 0.38836669921875 -0.05126953125
0.074066162109375 0.28118896484375 0.232101440429688 0.000442504882812517
-0.074005126953125 0.271881103515625 0.23358154296875 -0.06689453125
-0.16766357421875 0.280136108398438 0.21063232421875 -0.192825317382812
-0.206451416015625 0.305816650390625 0.267120361328125 -0.337371826171875
-0.22784423828125 0.321502685546875 0.268280029296875 -0.408294677734375
-0.315948486328125 0.3232421875 0.21929931640625 -0.388397216796875
-0.197235107421875 0.409027099609375 0.0263671875 -0.287841796875
-0.080413818359375 0.41082763671875 -0.151077270507812 -0.14031982421875
0.038909912109375 0.427032470703125 -0.220626831054687 0.048919677734375
0.19708251953125 0.309478759765625 -0.100250244140625 0.129310607910156
0.291229248046875 0.247833251953125 0.00042724609375001 0.17333984375
0.313934326171875 0.19146728515625 0.011383056640625 0.242324829101563
0.341217041015625 0.121124267578125 -0.015594482421875 0.4189453125
0.126434326171875 0.111061096191406 0.5447998046875 -0.013885498046875
0.056427001953125 0.14801025390625 0.39801025390625 0.00750732421875001
0.0291900634765625 0.130409240722656 0.203277587890625 0.0559539794921875
-0.047454833984375 0.11444091796875 0.200469970703125 -0.0274505615234375
-0.0819168090820313 0.114936828613281 0.201812744140625 -0.178359985351562
-0.105583190917969 0.139686584472656 0.27691650390625 -0.351318359375
-0.127212524414062 0.158294677734375 0.2999267578125 -0.487823486328125
-0.1800537109375 0.17205810546875 0.267333984375 -0.495391845703125
-0.118942260742188 0.2227783203125 0.03790283203125 -0.398223876953125
-0.0410003662109375 0.212982177734375 -0.177169799804688 -0.220809936523438
0.0238189697265625 0.220901489257813 -0.247787475585938 0.018707275390625
0.109451293945313 0.158340454101563 -0.0977783203125 0.141738891601563
0.173736572265625 0.125457763671875 0.0372161865234375 0.2080078125
0.179489135742188 0.105133056640625 0.0954132080078125 0.257186889648438
0.183792114257813 0.07379150390625 0.080474853515625 0.45184326171875
0.00958347320556641 -0.000286102294921875 -0.157135009765625 -0.4063720703125
-0.0161266326904297 0.014988899230957 -0.1707763671875 -0.26885986328125
-0.0154142379760742 0.0153980255126953 -0.0769805908203125 -0.212692260742187
-0.0190258026123047 0.0315399169921875 0.0758514404296875 -0.143386840820313
-0.0186176300048828 0.0310401916503906 0.213363647460938 0.012786865234375
-0.0166196823120117 -0.0053253173828125 0.175521850585938 0.194747924804688
-0.0126028060913086 -0.0082387924194336 -0.038909912109375 0.425811767578125
-0.0140886306762695 -0.0117483139038086 -0.278045654296875 0.50372314453125
-0.00287342071533203 -0.0154571533203125 -0.32135009765625 0.49530029296875
0.00193476676940918 -0.00147652626037598 -0.2801513671875 0.37054443359375
0.0136756896972656 0.015284538269043 -0.181976318359375 0.199737548828125
-0.00789070129394531 0.0216445922851563 -0.151290893554688 0.03912353515625
0.00388669967651367 0.00452756881713867 -0.171768188476563 -0.0714111328125
-0.00498580932617187 -0.0188026428222656 -0.3614501953125 -0.037628173828125
0.00243377685546875 -0.044677734375 -0.59173583984375 -0.00897216796875007
0.19659423828125 0.055145263671875 -0.123321533203125 -0.398834228515625
0.146026611328125 0.0979461669921875 -0.141845703125 -0.286956787109375
0.160202026367188 0.136688232421875 -0.057281494140625 -0.241287231445312
0.077423095703125 0.20953369140625 0.09552001953125 -0.1748046875
-0.00708007812500001 0.253341674804688 0.209060668945313 -0.00779724121093748
-0.0590667724609375 0.23455810546875 0.176971435546875 0.164657592773438
-0.093475341796875 0.214187622070313 -0.01312255859375 0.3839111328125
-0.1767578125 0.169189453125 -0.24163818359375 0.457794189453125
-0.131240844726562 0.158523559570313 -0.284912109375 0.47186279296875
-0.109344482421875 0.146697998046875 -0.251861572265625 0.372467041015625
-0.07940673828125 0.165496826171875 -0.176605224609375 0.206680297851563
-0.0458831787109375 0.159698486328125 -0.144302368164063 0.04437255859375
0.00803375244140625 0.139640808105469 -0.163558959960938 -0.073638916015625
0.0555419921875 0.124282836914063 -0.36224365234375 -0.02362060546875
0.136123657226563 0.0587310791015625 -0.57647705078125 0.0235595703124999
0.348114013671875 0.116241455078125 -0.030029296875 -0.37615966796875
0.270187377929688 0.191665649414062 -0.05340576171875 -0.299713134765625
0.28863525390625 0.266510009765625 0.002655029296875 -0.260391235351563
0.131927490234375 0.3798828125 0.13275146484375 -0.205184936523437
-0.027923583984375 0.45294189453125 0.201522827148438 -0.05303955078125
-0.120452880859375 0.43975830078125 0.175094604492188 0.0807342529296875
-0.1746826171875 0.397491455078125 0.0240631103515625 0.26702880859375
-0.316650390625 0.3233642578125 -0.1702880859375 0.3406982421875
-0.233154296875 0.33013916015625 -0.2154541015625 0.3956298828125
-0.190826416015625 0.312652587890625 -0.206329345703125 0.348907470703125
-0.135650634765625 0.342864990234375 -0.168777465820313 0.2113037109375
-0.03485107421875 0.310211181640625 -0.14337158203125 0.059295654296875
0.058837890625 0.274215698242188 -0.16644287109375 -0.04803466796875
0.146026611328125 0.245269775390625 -0.353759765625 0.02386474609375
0.26788330078125 0.14031982421875 -0.525146484375 0.095947265625
0.42926025390625 0.174072265625 0.108428955078125 -0.327392578125
0.324005126953125 0.28411865234375 0.07958984375 -0.286865234375
0.332275390625 0.386322021484375 0.0920562744140625 -0.246734619140625
0.119537353515625 0.504608154296875 0.184173583984375 -0.215576171875
-0.08697509765625 0.5787353515625 0.198348999023437 -0.1148681640625
-0.1962890625 0.56390380859375 0.180938720703125 -0.0451507568359375
-0.247894287109375 0.511016845703125 0.0754318237304687 0.094573974609375
-0.408843994140625 0.428955078125 -0.0734100341796875 0.17034912109375
-0.2899169921875 0.469879150390625 -0.13037109375 0.261093139648438
-0.218841552734375 0.470733642578125 -0.155471801757812 0.273590087890625
-0.123992919921875 0.513763427734375 -0.16156005859375 0.1962890625
0.0440673828125 0.440277099609375 -0.138076782226563 0.08013916015625
0.1617431640625 0.3763427734375 -0.1571044921875 0.00527954101562503
0.25872802734375 0.31646728515625 -0.310577392578125 0.096893310546875
0.379119873046875 0.1854248046875 -0.430938720703125 0.190887451171875
0.433441162109375 0.21630859375 0.26043701171875 -0.253753662109375
0.298004150390625 0.344024658203125 0.224029541015625 -0.231796264648437
0.28082275390625 0.445587158203125 0.183212280273438 -0.187103271484375
0.043731689453125 0.5302734375 0.23358154296875 -0.189132690429687
-0.1611328125 0.58734130859375 0.204071044921875 -0.169448852539062
-0.25445556640625 0.57421875 0.20306396484375 -0.180633544921875
-0.29071044921875 0.52960205078125 0.141098022460937 -0.0995025634765625
-0.441070556640625 0.466094970703125 0.0343208312988281 -0.0288410186767578
-0.29730224609375 0.546905517578125 -0.0556411743164063 0.077545166015625
-0.1881103515625 0.56298828125 -0.124984741210938 0.141952514648438
-0.0560302734375 0.607666015625 -0.167083740234375 0.154312133789063
0.151214599609375 0.48681640625 -0.12677001953125 0.101654052734375
0.276763916015625 0.403839111328125 -0.118980407714844 0.071380615234375
0.352935791015625 0.3214111328125 -0.222671508789062 0.169586181640625
0.4425048828125 0.189483642578125 -0.299224853515625 0.28790283203125
0.36541748046875 0.22357177734375 0.3973388671875 -0.16351318359375
0.21649169921875 0.33953857421875 0.33447265625 -0.1448974609375
0.172149658203125 0.40435791015625 0.235015869140625 -0.092071533203125
-0.03863525390625 0.43890380859375 0.25299072265625 -0.130859375
-0.1982421875 0.46514892578125 0.212265014648438 -0.196609497070312
-0.262420654296875 0.472198486328125 0.238372802734375 -0.287841796875
-0.286712646484375 0.459381103515625 0.210296630859375 -0.27850341796875
-0.407470703125 0.430755615234375 0.1370849609375 -0.226699829101562
-0.26019287109375 0.5255126953125 -0.00352478027343751 -0.119606018066406
-0.1302490234375 0.543487548828125 -0.127899169921875 -0.0110397338867187
0.0157470703125 0.57379150390625 -0.18994140625 0.09930419921875
0.21734619140625 0.434234619140625 -0.111961364746094 0.118026733398438
0.331756591796875 0.350921630859375 -0.0588150024414062 0.130264282226563
0.3785400390625 0.268768310546875 -0.103286743164063 0.219482421875
0.432586669921875 0.16253662109375 -0.14990234375 0.367431640625
0.253509521484375 0.185577392578125 0.492919921875 -0.075958251953125
0.125091552734375 0.2666015625 0.39007568359375 -0.053955078125
0.07476806640625 0.28228759765625 0.2333984375 -0.00132751464843748
-0.0742950439453125 0.27325439453125 0.235260009765625 -0.068328857421875
-0.167266845703125 0.2822265625 0.210739135742188 -0.194610595703125
-0.20556640625 0.307464599609375 0.26470947265625 -0.339691162109375
-0.2275390625 0.323486328125 0.269134521484375 -0.411590576171875
-0.31695556640625 0.3265380859375 0.219268798828125 -0.391204833984375
-0.197052001953125 0.41058349609375 0.02630615234375 -0.289093017578125
-0.078460693359375 0.414337158203125 -0.151641845703125 -0.140579223632813
0.041473388671875 0.430084228515625 -0.2215576171875 0.0504913330078125
0.199920654296875 0.310302734375 -0.10003662109375 0.129837036132813
0.29229736328125 0.247039794921875 0.000274658203125032 0.173553466796875
0.3167724609375 0.1905517578125 0.0127105712890625 0.244674682617188
0.341949462890625 0.121124267578125 -0.012451171875 0.42132568359375
0.127639770507813 0.110626220703125 0.5462646484375 -0.01519775390625
0.057525634765625 0.148422241210938 0.40032958984375 0.00463867187500001
0.0296401977539063 0.130348205566406 0.204498291015625 0.0552215576171875
-0.0473709106445312 0.11505126953125 0.201278686523438 -0.02838134765625
-0.0822067260742188 0.115188598632813 0.201858520507813 -0.180389404296875
-0.105598449707031 0.140113830566406 0.275848388671875 -0.352752685546875
-0.126876831054688 0.159927368164063 0.2987060546875 -0.491119384765625
-0.1800537109375 0.174774169921875 0.2655029296875 -0.50006103515625
-0.11865234375 0.225021362304688 0.03887939453125 -0.401092529296875
-0.0405731201171875 0.213882446289063 -0.177841186523438 -0.220748901367188
0.0251617431640625 0.221786499023438 -0.248748779296875 0.0202484130859375
0.110366821289063 0.159011840820312 -0.0979766845703125 0.142166137695313
0.175384521484375 0.124404907226563 0.0375213623046875 0.207763671875
0.181076049804687 0.104522705078125 0.096649169921875 0.259765625
0.1851806640625 0.072845458984375 0.083740234375 0.45538330078125
0.00962162017822266 -0.000202178955078125 -0.162078857421875 -0.409820556640625
-0.0163021087646484 0.0153646469116211 -0.17333984375 -0.270553588867188
-0.0154495239257813 0.0157957077026367 -0.0781402587890625 -0.212905883789063
-0.0184783935546875 0.0319004058837891 0.0764312744140625 -0.143783569335938
-0.0181980133056641 0.0315380096435547 0.21551513671875 0.0113525390625
-0.0171098709106445 -0.00473785400390625 0.176300048828125 0.194244384765625
-0.0136823654174805 -0.00754165649414062 -0.037567138671875 0.4298095703125
-0.0141963958740234 -0.0118865966796875 -0.275848388671875 0.508819580078125
-0.00312137603759766 -0.0150957107543945 -0.32086181640625 0.4990234375
0.00169777870178223 -0.00145816802978516 -0.28009033203125 0.3736572265625
0.013737678527832 0.0156040191650391 -0.182174682617188 0.202178955078125
-0.00753402709960937 0.02166748046875 -0.151901245117188 0.040374755859375
0.00425601005554199 0.00395894050598145 -0.172821044921875 -0.071441650390625
-0.00551605224609375 -0.0189151763916016 -0.363739013671875 -0.0352172851562499
0.00145721435546875 -0.0447463989257813 -0.59466552734375 -0.00396728515624992
0.198226928710937 0.0545501708984375 -0.12652587890625 -0.4022216796875
0.147384643554688 0.0977783203125 -0.1446533203125 -0.288330078125
0.161331176757812 0.136367797851563 -0.0579376220703125 -0.241622924804688
0.0785675048828125 0.2098388671875 0.0951080322265625 -0.17584228515625
-0.00564575195312502 0.255416870117188 0.209930419921875 -0.00947570800781248
-0.0576324462890625 0.236404418945312 0.178054809570313 0.1634521484375
-0.0926666259765625 0.216354370117188 -0.0120849609375 0.385986328125
-0.177444458007813 0.171035766601563 -0.239288330078125 0.46185302734375
-0.13116455078125 0.16107177734375 -0.28387451171875 0.475677490234375
-0.109634399414063 0.147628784179687 -0.2509765625 0.37554931640625
-0.078582763671875 0.166397094726562 -0.176681518554687 0.209259033203125
-0.0449676513671875 0.160400390625 -0.144821166992188 0.045166015625
0.00867462158203127 0.139396667480469 -0.164718627929688 -0.074066162109375
0.0560226440429688 0.124755859375 -0.363616943359375 -0.02130126953125
0.136978149414063 0.057708740234375 -0.57940673828125 0.0273437500000001
0.349822998046875 0.115692138671875 -0.031341552734375 -0.37982177734375
0.273101806640625 0.191574096679688 -0.05548095703125 -0.302032470703125
0.292266845703125 0.266998291015625 0.00115966796875002 -0.26165771484375
0.13397216796875 0.38092041015625 0.13262939453125 -0.206893920898437
-0.024993896484375 0.454986572265625 0.201675415039063 -0.0545806884765625
-0.11907958984375 0.442779541015625 0.175643920898437 0.0798187255859375
-0.1739501953125 0.40142822265625 0.0251617431640625 0.267532348632812
-0.315673828125 0.32659912109375 -0.168212890625 0.343658447265625
-0.23358154296875 0.33306884765625 -0.21380615234375 0.3992919921875
-0.190765380859375 0.3157958984375 -0.206085205078125 0.3516845703125
-0.133758544921875 0.344970703125 -0.168304443359375 0.213653564453125
-0.03289794921875 0.31195068359375 -0.143463134765625 0.0603790283203125
0.0599822998046875 0.273696899414063 -0.16766357421875 -0.0489044189453125
0.147796630859375 0.245620727539062 -0.354644775390625 0.0264892578125
0.269744873046875 0.13934326171875 -0.526580810546875 0.10076904296875
0.433502197265625 0.172210693359375 0.107635498046875 -0.330230712890625
0.32672119140625 0.284820556640625 0.078948974609375 -0.289825439453125
0.336090087890625 0.38641357421875 0.091064453125 -0.248916625976563
0.122894287109375 0.50653076171875 0.1846923828125 -0.217941284179687
-0.08319091796875 0.58294677734375 0.198867797851562 -0.11639404296875
-0.19525146484375 0.56732177734375 0.180389404296875 -0.046356201171875
-0.24627685546875 0.514892578125 0.0770187377929687 0.0936965942382813
-0.4095458984375 0.43280029296875 -0.072540283203125 0.171630859375
-0.289886474609375 0.473388671875 -0.12933349609375 0.263076782226563
-0.2169189453125 0.473602294921875 -0.154617309570312 0.275070190429688
-0.121826171875 0.516021728515625 -0.160919189453125 0.198776245117188
0.0467529296875 0.443817138671875 -0.138542175292969 0.0808258056640625
0.164031982421875 0.37554931640625 -0.158584594726562 0.00527954101562503
0.2633056640625 0.315948486328125 -0.312042236328125 0.1005859375
0.38287353515625 0.184478759765625 -0.43121337890625 0.194976806640625
0.43670654296875 0.2144775390625 0.261550903320313 -0.257522583007813
0.300689697265625 0.346099853515625 0.223892211914063 -0.2357177734375
0.28448486328125 0.445831298828125 0.182891845703125 -0.188827514648437
0.046142578125 0.532958984375 0.234420776367187 -0.191787719726562
-0.1580810546875 0.59027099609375 0.20416259765625 -0.171585083007813
-0.2529296875 0.57830810546875 0.202178955078125 -0.183197021484375
-0.289794921875 0.532806396484375 0.141067504882813 -0.101593017578125
-0.442108154296875 0.47161865234375 0.0348014831542968 -0.029428482055664
-0.2952880859375 0.5511474609375 -0.0548095703125 0.078521728515625
-0.18701171875 0.56610107421875 -0.124313354492188 0.143035888671875
-0.05194091796875 0.609130859375 -0.1666259765625 0.156387329101563
0.15557861328125 0.490631103515625 -0.126754760742188 0.10211181640625
0.2779541015625 0.4034423828125 -0.120109558105469 0.0715560913085938
0.3558349609375 0.32025146484375 -0.222686767578125 0.172988891601563
0.445465087890625 0.187164306640625 -0.29925537109375 0.292633056640625
0.368438720703125 0.223480224609375 0.398834228515625 -0.166412353515625
0.219207763671875 0.340972900390625 0.335418701171875 -0.14837646484375
0.174652099609375 0.40557861328125 0.235504150390625 -0.0938262939453125
-0.03717041015625 0.44061279296875 0.25439453125 -0.132797241210937
-0.1962890625 0.46807861328125 0.211624145507813 -0.198867797851562
-0.261016845703125 0.474212646484375 0.235565185546875 -0.28900146484375
-0.28466796875 0.462677001953125 0.209991455078125 -0.28131103515625
-0.40887451171875 0.436187744140625 0.136871337890625 -0.229034423828125
-0.25811767578125 0.53179931640625 -0.0032196044921875 -0.120353698730469
-0.128570556640625 0.546417236328125 -0.128173828125 -0.0104522705078124
0.01824951171875 0.57513427734375 -0.189712524414063 0.101165771484375
0.222564697265625 0.43499755859375 -0.112007141113281 0.118659973144531
0.3350830078125 0.349090576171875 -0.0591659545898437 0.129890441894531
0.382354736328125 0.267669677734375 -0.102859497070312 0.22265625
0.4365234375 0.16119384765625 -0.147064208984375 0.37176513671875
0.2562255859375 0.18548583984375 0.4954833984375 -0.078338623046875
0.127197265625 0.267532348632813 0.3905029296875 -0.056243896484375
0.076507568359375 0.282623291015625 0.2347412109375 -0.00256347656249998
-0.073760986328125 0.275482177734375 0.235946655273438 -0.069244384765625
-0.16650390625 0.283538818359375 0.210723876953125 -0.195724487304687
-0.204681396484375 0.308990478515625 0.263702392578125 -0.34307861328125
-0.2259521484375 0.32623291015625 0.266693115234375 -0.41534423828125
-0.316619873046875 0.3314208984375 0.2183837890625 -0.39532470703125
-0.196258544921875 0.41436767578125 0.0255126953125 -0.291534423828125
-0.076934814453125 0.415924072265625 -0.152587890625 -0.140243530273438
0.044342041015625 0.43084716796875 -0.221908569335938 0.0524749755859375
0.202789306640625 0.3109130859375 -0.100669860839844 0.1302490234375
0.294952392578125 0.244903564453125 0.000366210937500009 0.173080444335938
0.318878173828125 0.188385009765625 0.01336669921875 0.247222900390625
0.345977783203125 0.119964599609375 -0.010284423828125 0.425445556640625
0.128898620605469 0.110420227050781 0.54962158203125 -0.017181396484375
0.05889892578125 0.1495361328125 0.4013671875 0.00302124023437501
0.0301132202148438 0.130928039550781 0.205856323242188 0.053985595703125
-0.0477752685546875 0.116058349609375 0.202774047851563 -0.0297393798828125
-0.082427978515625 0.115982055664063 0.201156616210938 -0.181320190429687
-0.10577392578125 0.140007019042969 0.273406982421875 -0.3548583984375
-0.127197265625 0.160797119140625 0.29736328125 -0.495361328125
-0.18096923828125 0.176742553710937 0.264007568359375 -0.50457763671875
-0.118179321289062 0.226791381835938 0.0372314453125 -0.40472412109375
-0.039581298828125 0.214889526367188 -0.179428100585938 -0.221847534179687
0.026519775390625 0.222686767578125 -0.249404907226563 0.0223541259765625
0.112625122070313 0.1591796875 -0.0977325439453125 0.142715454101563
0.176498413085938 0.123611450195313 0.038299560546875 0.2081298828125
0.182327270507812 0.1041259765625 0.0980987548828125 0.26177978515625
0.18701171875 0.0724639892578125 0.087738037109375 0.458587646484375
0.00976276397705078 -0.000193595886230469 -0.16693115234375 -0.412139892578125
-0.0157594680786133 0.0157756805419922 -0.176193237304688 -0.271957397460938
-0.0153703689575195 0.0158367156982422 -0.0799102783203125 -0.213226318359375
-0.0176982879638672 0.0316295623779297 0.0759124755859375 -0.1453857421875
-0.0182361602783203 0.0321025848388672 0.215927124023437 0.0093536376953125
-0.0170364379882813 -0.00451755523681641 0.177703857421875 0.193267822265625
-0.0143556594848633 -0.00742912292480469 -0.034881591796875 0.43255615234375
-0.0146446228027344 -0.0116701126098633 -0.272796630859375 0.515106201171875
-0.00335311889648438 -0.0147695541381836 -0.3201904296875 0.504302978515625
0.0014183521270752 -0.0014723539352417 -0.278350830078125 0.37750244140625
0.0140695571899414 0.0149421691894531 -0.18157958984375 0.204681396484375
-0.00699043273925781 0.0217914581298828 -0.153030395507813 0.0417633056640625
0.00398898124694824 0.00368380546569824 -0.173477172851563 -0.0709991455078125
-0.00574111938476562 -0.0185279846191406 -0.364105224609375 -0.03253173828125
0.000644683837890622 -0.0455474853515625 -0.59893798828125 0.000244140625000066
0.199691772460938 0.0533905029296875 -0.130096435546875 -0.404937744140625
0.148956298828125 0.09783935546875 -0.14697265625 -0.2900390625
0.16290283203125 0.135574340820313 -0.0595855712890625 -0.242462158203125
0.0806884765625 0.21002197265625 0.09478759765625 -0.177642822265625
-0.00344848632812502 0.25714111328125 0.211090087890625 -0.0111236572265625
-0.0562286376953125 0.238433837890625 0.178741455078125 0.162887573242188
-0.0927886962890625 0.218154907226563 -0.010009765625 0.387786865234375
-0.17718505859375 0.17376708984375 -0.237823486328125 0.46588134765625
-0.131195068359375 0.162796020507813 -0.28277587890625 0.480316162109375
-0.109390258789063 0.148956298828125 -0.249847412109375 0.380157470703125
-0.0775909423828125 0.16748046875 -0.175811767578125 0.211441040039062
-0.0434112548828125 0.161270141601563 -0.145172119140625 0.045989990234375
0.00923919677734375 0.138916015625 -0.166336059570313 -0.07440185546875
0.056915283203125 0.125038146972656 -0.36553955078125 -0.0173339843750001
0.137107849121094 0.0567626953125 -0.58251953125 0.0314331054687501
0.352508544921875 0.113494873046875 -0.035186767578125 -0.38232421875
0.275115966796875 0.190780639648438 -0.057769775390625 -0.304840087890625
0.295074462890625 0.265716552734375 -0.000198364257812504 -0.262908935546875
0.1368408203125 0.382232666015625 0.132415771484375 -0.208587646484375
-0.02178955078125 0.458984375 0.202728271484375 -0.0564422607421875
-0.1170654296875 0.44580078125 0.175994873046875 0.0784912109375
-0.173309326171875 0.404022216796875 0.02728271484375 0.268630981445313
-0.316070556640625 0.332366943359375 -0.166961669921875 0.3468017578125
-0.232086181640625 0.336395263671875 -0.211669921875 0.402984619140625
-0.189178466796875 0.316986083984375 -0.204071044921875 0.354278564453125
-0.13134765625 0.347412109375 -0.167617797851563 0.215988159179688
-0.030853271484375 0.314239501953125 -0.143905639648438 0.061279296875
0.062042236328125 0.273544311523438 -0.1688232421875 -0.0492706298828125
0.150039672851563 0.246124267578125 -0.356109619140625 0.031036376953125
0.271041870117188 0.137863159179688 -0.5291748046875 0.10430908203125
0.437042236328125 0.17108154296875 0.10638427734375 -0.333740234375
0.3309326171875 0.2852783203125 0.077606201171875 -0.292938232421875
0.340606689453125 0.386077880859375 0.0905914306640625 -0.251724243164063
0.126556396484375 0.508941650390625 0.184555053710938 -0.220672607421875
-0.07952880859375 0.58538818359375 0.19921875 -0.11871337890625
-0.19049072265625 0.572021484375 0.180374145507813 -0.048675537109375
-0.244720458984375 0.518402099609375 0.0783462524414062 0.0928802490234375
-0.4080810546875 0.4388427734375 -0.0712127685546875 0.173782348632813
-0.287994384765625 0.47821044921875 -0.128509521484375 0.265380859375
-0.21417236328125 0.477569580078125 -0.152664184570313 0.2783203125
-0.118072509765625 0.519317626953125 -0.15997314453125 0.200790405273438
0.05029296875 0.44482421875 -0.138694763183594 0.08251953125
0.16729736328125 0.3758544921875 -0.159805297851563 0.00454711914062503
0.265380859375 0.316558837890625 -0.31219482421875 0.104400634765625
0.38348388671875 0.18182373046875 -0.431640625 0.20013427734375
0.441314697265625 0.212493896484375 0.261520385742188 -0.26068115234375
0.304779052734375 0.3460693359375 0.223892211914063 -0.238922119140625
0.28851318359375 0.445037841796875 0.18316650390625 -0.191986083984375
0.05035400390625 0.53558349609375 0.234634399414063 -0.194046020507812
-0.1531982421875 0.5928955078125 0.204437255859375 -0.173568725585937
-0.24932861328125 0.581787109375 0.200347900390625 -0.185028076171875
-0.28851318359375 0.53875732421875 0.141387939453125 -0.104415893554687
-0.441680908203125 0.4766845703125 0.0350456237792968 -0.0297145843505859
-0.29229736328125 0.556182861328125 -0.0541000366210938 0.0794296264648438
-0.1845703125 0.56951904296875 -0.123184204101563 0.144760131835938
-0.0494384765625 0.61297607421875 -0.165908813476563 0.158767700195313
0.15985107421875 0.491729736328125 -0.126640319824219 0.102737426757813
0.282440185546875 0.4017333984375 -0.120643615722656 0.07073974609375
0.35968017578125 0.31927490234375 -0.222076416015625 0.17718505859375
0.449005126953125 0.184783935546875 -0.29705810546875 0.2955322265625
0.371917724609375 0.22113037109375 0.400238037109375 -0.17022705078125
0.222015380859375 0.341339111328125 0.3363037109375 -0.15185546875
0.178619384765625 0.406463623046875 0.23681640625 -0.0969085693359375
-0.034881591796875 0.4437255859375 0.255325317382813 -0.135452270507812
-0.1937255859375 0.47064208984375 0.211837768554688 -0.201019287109375
-0.259521484375 0.478424072265625 0.234466552734375 -0.292236328125
-0.283966064453125 0.466796875 0.20892333984375 -0.285308837890625
-0.409210205078125 0.441741943359375 0.136428833007812 -0.231109619140625
-0.25579833984375 0.5357666015625 -0.00342559814453128 -0.121360778808594
-0.12542724609375 0.54937744140625 -0.128196716308594 -0.00958251953124997
0.022705078125 0.5780029296875 -0.18927001953125 0.10321044921875
0.227294921875 0.437408447265625 -0.111740112304688 0.119331359863281
0.338653564453125 0.347198486328125 -0.0595321655273437 0.129875183105469
0.385284423828125 0.2655029296875 -0.101791381835937 0.225784301757813
0.438934326171875 0.158294677734375 -0.144287109375 0.37481689453125
0.258529663085938 0.184463500976563 0.497650146484375 -0.08233642578125
0.129592895507813 0.268386840820313 0.3922119140625 -0.060211181640625
0.078399658203125 0.28338623046875 0.236343383789063 -0.00442504882812498
-0.073394775390625 0.277587890625 0.2379150390625 -0.0717010498046875
-0.164703369140625 0.285247802734375 0.210617065429687 -0.19775390625
-0.204681396484375 0.310150146484375 0.26177978515625 -0.34539794921875
-0.2254638671875 0.330230712890625 0.264495849609375 -0.419647216796875
-0.315887451171875 0.336456298828125 0.21612548828125 -0.39898681640625
-0.195159912109375 0.418731689453125 0.0247802734375 -0.293731689453125
-0.074127197265625 0.4185791015625 -0.1536865234375 -0.139755249023438
0.047210693359375 0.4320068359375 -0.221893310546875 0.0541839599609375
0.206817626953125 0.31219482421875 -0.100624084472656 0.131065368652344
0.297027587890625 0.242828369140625 0.000564575195312505 0.173492431640625
0.32049560546875 0.187835693359375 0.015167236328125 0.250076293945313
0.34686279296875 0.11785888671875 -0.00619506835937495 0.429046630859375
0.130668640136719 0.109451293945312 0.55242919921875 -0.02313232421875
0.0600738525390625 0.150039672851563 0.403472900390625 0.000183105468750009
0.0307159423828125 0.131629943847656 0.207763671875 0.0527496337890625
-0.0474929809570313 0.117263793945313 0.20428466796875 -0.0311431884765625
-0.0814666748046875 0.116165161132813 0.2010498046875 -0.183456420898438
-0.105278015136719 0.140243530273438 0.272216796875 -0.357757568359375
-0.12646484375 0.162506103515625 0.29498291015625 -0.498779296875
-0.180206298828125 0.180068969726563 0.262939453125 -0.50933837890625
-0.117156982421875 0.228912353515625 0.035980224609375 -0.408233642578125
-0.0386199951171875 0.215560913085937 -0.180679321289063 -0.22125244140625
0.029144287109375 0.223373413085938 -0.250076293945313 0.0241851806640625
0.114501953125 0.160263061523438 -0.097747802734375 0.143569946289062
0.177734375 0.121963500976562 0.0390777587890625 0.208404541015625
0.184219360351563 0.10357666015625 0.1009521484375 0.263290405273438
0.18829345703125 0.07171630859375 0.091522216796875 0.4622802734375
0.00979042053222656 0.00030517578125 -0.170806884765625 -0.413818359375
-0.0157394409179687 0.0163354873657227 -0.179794311523438 -0.272735595703125
-0.0154962539672852 0.0161247253417969 -0.08123779296875 -0.2135009765625
-0.0172042846679688 0.0322608947753906 0.0756683349609375 -0.146102905273438
-0.0172176361083984 0.0328235626220703 0.217178344726563 0.0072479248046875
-0.0172958374023438 -0.00408744812011719 0.179168701171875 0.19183349609375
-0.0153980255126953 -0.00721263885498047 -0.032440185546875 0.435394287109375
-0.0150003433227539 -0.0111503601074219 -0.269683837890625 0.51934814453125
-0.00367832183837891 -0.0142917633056641 -0.3162841796875 0.50909423828125
0.00105130672454834 -0.0017845630645752 -0.276123046875 0.381866455078125
0.0142335891723633 0.0150394439697266 -0.181015014648438 0.2069091796875
-0.00691413879394531 0.0221176147460937 -0.153274536132812 0.0431671142578125
0.00437283515930176 0.00322532653808594 -0.174758911132813 -0.070037841796875
-0.00600814819335938 -0.0187549591064453 -0.365814208984375 -0.02874755859375
-0.000457763671874997 -0.0457687377929688 -0.60107421875 0.00671386718749988
0.201080322265625 0.0530853271484375 -0.13427734375 -0.406707763671875
0.150543212890625 0.0972442626953125 -0.150177001953125 -0.291046142578125
0.164627075195313 0.134140014648438 -0.0614471435546875 -0.243453979492187
0.0831298828125 0.210357666015625 0.094085693359375 -0.179168701171875
-0.000976562499999988 0.25830078125 0.212005615234375 -0.0125885009765625
-0.054779052734375 0.240646362304688 0.179840087890625 0.161331176757813
-0.09173583984375 0.2198486328125 -0.00772094726562505 0.389801025390625
-0.176834106445313 0.17559814453125 -0.23486328125 0.47161865234375
-0.13037109375 0.164718627929688 -0.279998779296875 0.4871826171875
-0.10882568359375 0.14984130859375 -0.24627685546875 0.383087158203125
-0.0761260986328125 0.168655395507813 -0.174652099609375 0.214141845703125
-0.04180908203125 0.162445068359375 -0.145370483398438 0.0473175048828125
0.0102005004882813 0.138893127441406 -0.167327880859375 -0.07452392578125
0.0577850341796875 0.125297546386719 -0.3663330078125 -0.013824462890625
0.137809753417969 0.0559921264648438 -0.58544921875 0.0374755859375
0.355743408203125 0.11224365234375 -0.03753662109375 -0.38555908203125
0.278350830078125 0.189895629882813 -0.060028076171875 -0.3070068359375
0.298431396484375 0.264495849609375 -0.00122070312499999 -0.263778686523437
0.141082763671875 0.381927490234375 0.131378173828125 -0.210952758789062
-0.017486572265625 0.460845947265625 0.203689575195313 -0.05816650390625
-0.113311767578125 0.448516845703125 0.176544189453125 0.077117919921875
-0.170623779296875 0.406341552734375 0.0290985107421875 0.268905639648438
-0.315216064453125 0.336395263671875 -0.164215087890625 0.350799560546875
-0.230712890625 0.34063720703125 -0.209564208984375 0.40704345703125
-0.188201904296875 0.319732666015625 -0.201507568359375 0.358612060546875
-0.128997802734375 0.34869384765625 -0.166595458984375 0.21844482421875
-0.028076171875 0.316619873046875 -0.144271850585938 0.06231689453125
0.0638580322265625 0.273300170898438 -0.170944213867188 -0.049591064453125
0.152603149414063 0.245834350585938 -0.35723876953125 0.034912109375
0.273162841796875 0.136459350585938 -0.53118896484375 0.10980224609375
0.44146728515625 0.167388916015625 0.10443115234375 -0.337432861328125
0.334930419921875 0.283782958984375 0.076171875 -0.29595947265625
0.34490966796875 0.38385009765625 0.0896148681640625 -0.2535400390625
0.130157470703125 0.509918212890625 0.184341430664062 -0.22357177734375
-0.07537841796875 0.59039306640625 0.199005126953125 -0.120651245117187
-0.1876220703125 0.577392578125 0.179779052734375 -0.0504302978515625
-0.241119384765625 0.52325439453125 0.0787200927734375 0.0918960571289063
-0.407318115234375 0.445098876953125 -0.069854736328125 0.1746826171875
-0.285552978515625 0.483184814453125 -0.126556396484375 0.26824951171875
-0.212188720703125 0.480255126953125 -0.150054931640625 0.279754638671875
-0.113677978515625 0.52239990234375 -0.158889770507812 0.20343017578125
0.054412841796875 0.44775390625 -0.138702392578125 0.082855224609375
0.170257568359375 0.37481689453125 -0.16119384765625 0.00439453125000004
0.26885986328125 0.316375732421875 -0.312530517578125 0.10858154296875
0.38775634765625 0.1796875 -0.431396484375 0.2049560546875
0.44476318359375 0.21087646484375 0.261810302734375 -0.264877319335938
0.310028076171875 0.3453369140625 0.222824096679688 -0.2430419921875
0.29180908203125 0.445220947265625 0.183242797851563 -0.1943359375
0.054718017578125 0.5374755859375 0.235000610351563 -0.197830200195313
-0.1494140625 0.59698486328125 0.203582763671875 -0.176483154296875
-0.2457275390625 0.5867919921875 0.198867797851562 -0.188095092773437
-0.2845458984375 0.541961669921875 0.141647338867187 -0.106704711914062
-0.43951416015625 0.483612060546875 0.0352249145507812 -0.0303764343261718
-0.289093017578125 0.561737060546875 -0.05303955078125 0.0803985595703125
-0.17999267578125 0.57452392578125 -0.121810913085938 0.1466064453125
-0.04241943359375 0.61651611328125 -0.165237426757812 0.161376953125
0.1651611328125 0.493408203125 -0.127151489257813 0.103538513183594
0.285888671875 0.399444580078125 -0.122306823730469 0.071044921875
0.363250732421875 0.3189697265625 -0.221603393554688 0.180801391601563
0.4525146484375 0.18109130859375 -0.295318603515625 0.30169677734375
0.375762939453125 0.218597412109375 0.401031494140625 -0.176177978515625
0.22650146484375 0.34295654296875 0.3365478515625 -0.156585693359375
0.181671142578125 0.407379150390625 0.237762451171875 -0.099273681640625
-0.032867431640625 0.445709228515625 0.256118774414063 -0.138046264648437
-0.191192626953125 0.4744873046875 0.211471557617188 -0.203033447265625
-0.2579345703125 0.482391357421875 0.23223876953125 -0.294708251953125
-0.280303955078125 0.470367431640625 0.207794189453125 -0.288848876953125
-0.406951904296875 0.446807861328125 0.135284423828125 -0.233779907226562
-0.252899169921875 0.53936767578125 -0.0036163330078125 -0.122138977050781
-0.122314453125 0.55291748046875 -0.128410339355469 -0.0087203979492187
0.02874755859375 0.58160400390625 -0.189193725585937 0.105682373046875
0.232513427734375 0.43768310546875 -0.111686706542969 0.120185852050781
0.34185791015625 0.345123291015625 -0.0602798461914062 0.129638671875
0.390472412109375 0.263824462890625 -0.100296020507813 0.229476928710938
0.443359375 0.155670166015625 -0.140869140625 0.380157470703125
0.26171875 0.183380126953125 0.498565673828125 -0.08587646484375
0.132186889648438 0.269058227539063 0.3931884765625 -0.06341552734375
0.080047607421875 0.28424072265625 0.237762451171875 -0.00666809082031248
-0.0720977783203125 0.2791748046875 0.238494873046875 -0.07403564453125
-0.1636962890625 0.28753662109375 0.209991455078125 -0.19964599609375
-0.2047119140625 0.312774658203125 0.25860595703125 -0.34735107421875
-0.222900390625 0.3331298828125 0.263458251953125 -0.423553466796875
-0.315704345703125 0.339324951171875 0.214599609375 -0.4027099609375
-0.19219970703125 0.42193603515625 0.023193359375 -0.29638671875
-0.071563720703125 0.421356201171875 -0.154800415039063 -0.139556884765625
0.052276611328125 0.43328857421875 -0.222808837890625 0.0560760498046876
0.210968017578125 0.31201171875 -0.0998916625976563 0.131927490234375
0.30035400390625 0.241455078125 0.000915527343750018 0.17315673828125
0.32415771484375 0.185455322265625 0.0171661376953125 0.252609252929688
0.349609375 0.115814208984375 -0.00238037109374999 0.4329833984375
0.131973266601563 0.109550476074219 0.55487060546875 -0.028045654296875
0.06146240234375 0.150115966796875 0.40484619140625 -0.00485229492187499
0.031463623046875 0.131980895996094 0.20904541015625 0.0514068603515625
-0.0471343994140625 0.118331909179687 0.205062866210938 -0.032958984375
-0.0815658569335938 0.116790771484375 0.200759887695313 -0.18505859375
-0.106170654296875 0.141159057617188 0.270172119140625 -0.360443115234375
-0.12579345703125 0.164138793945312 0.29193115234375 -0.5032958984375
-0.180557250976563 0.182693481445312 0.259246826171875 -0.515045166015625
-0.116531372070312 0.231155395507813 0.033203125 -0.411468505859375
-0.0372772216796875 0.21710205078125 -0.182418823242188 -0.220748901367188
0.03057861328125 0.22357177734375 -0.251022338867187 0.026458740234375
0.116744995117188 0.160354614257813 -0.096923828125 0.144485473632812
0.179061889648438 0.120529174804687 0.0403900146484375 0.208648681640625
0.185409545898438 0.102462768554688 0.102630615234375 0.265609741210938
0.189605712890625 0.0706024169921875 0.097503662109375 0.465179443359375
0.00981044769287109 0.000884056091308594 -0.176361083984375 -0.415313720703125
-0.0154533386230469 0.0166807174682617 -0.18243408203125 -0.272994995117188
-0.0152950286865234 0.0163183212280273 -0.082794189453125 -0.213333129882813
-0.0172405242919922 0.0323543548583984 0.07476806640625 -0.147293090820313
-0.0166034698486328 0.0334243774414063 0.2188720703125 0.0055389404296875
-0.0176448822021484 -0.00341606140136718 0.180770874023438 0.19061279296875
-0.0155792236328125 -0.00613498687744141 -0.028961181640625 0.43841552734375
-0.0153207778930664 -0.010807991027832 -0.2647705078125 0.52581787109375
-0.00402259826660156 -0.0136985778808594 -0.314056396484375 0.515838623046875
0.00072932243347168 -0.00223565101623535 -0.274627685546875 0.386383056640625
0.0149688720703125 0.0143051147460937 -0.179779052734375 0.2100830078125
-0.00615119934082031 0.0221576690673828 -0.154510498046875 0.04461669921875
0.00405979156494141 0.00284123420715332 -0.175933837890625 -0.06951904296875
-0.00678062438964843 -0.0183792114257813 -0.367462158203125 -0.023712158203125
-0.0014495849609375 -0.0456657409667969 -0.60430908203125 0.0124511718749999
0.202926635742187 0.05133056640625 -0.139129638671875 -0.408843994140625
0.152374267578125 0.0966796875 -0.153778076171875 -0.2923583984375
0.166610717773438 0.133316040039063 -0.06292724609375 -0.243804931640625
0.0856475830078125 0.210113525390625 0.093231201171875 -0.180755615234375
0.00209045410156249 0.260147094726563 0.212692260742187 -0.01513671875
-0.052886962890625 0.242645263671875 0.18133544921875 0.160049438476563
-0.0908355712890625 0.22161865234375 -0.00534057617187501 0.39166259765625
-0.176239013671875 0.178482055664062 -0.23052978515625 0.4761962890625
-0.129898071289063 0.167068481445312 -0.276824951171875 0.490936279296875
-0.1085205078125 0.151016235351562 -0.24432373046875 0.3876953125
-0.0747528076171875 0.169357299804688 -0.173614501953125 0.217239379882813
-0.0400848388671875 0.163894653320313 -0.145858764648438 0.04876708984375
0.0111236572265625 0.138725280761719 -0.16876220703125 -0.074066162109375
0.0590286254882813 0.125892639160156 -0.36846923828125 -0.0101318359375
0.138290405273437 0.0547332763671875 -0.58624267578125 0.0435791015625
0.3582763671875 0.110015869140625 -0.040802001953125 -0.388275146484375
0.28155517578125 0.18927001953125 -0.06317138671875 -0.309173583984375
0.302825927734375 0.262298583984375 -0.00349426269531247 -0.265655517578125
0.145599365234375 0.382720947265625 0.131256103515625 -0.21380615234375
-0.01324462890625 0.463623046875 0.204193115234375 -0.060699462890625
-0.109649658203125 0.452606201171875 0.177261352539062 0.0751190185546875
-0.1690673828125 0.410400390625 0.0314788818359375 0.2694091796875
-0.3148193359375 0.340667724609375 -0.16143798828125 0.353973388671875
-0.228790283203125 0.342681884765625 -0.2071533203125 0.4114990234375
-0.18731689453125 0.32269287109375 -0.197967529296875 0.362213134765625
-0.12591552734375 0.350738525390625 -0.165847778320313 0.221786499023438
-0.024169921875 0.318572998046875 -0.14404296875 0.063446044921875
0.0657501220703125 0.27386474609375 -0.17230224609375 -0.0494537353515625
0.154693603515625 0.245803833007812 -0.357391357421875 0.0389709472656249
0.27496337890625 0.13421630859375 -0.53155517578125 0.116912841796875
0.444183349609375 0.16522216796875 0.1026611328125 -0.34124755859375
0.33892822265625 0.282073974609375 0.073486328125 -0.298980712890625
0.34954833984375 0.382293701171875 0.0881805419921875 -0.255477905273438
0.1353759765625 0.51116943359375 0.183334350585938 -0.225845336914062
-0.06976318359375 0.59381103515625 0.19952392578125 -0.122833251953125
-0.18304443359375 0.58197021484375 0.179412841796875 -0.052947998046875
-0.238922119140625 0.52764892578125 0.0805587768554687 0.0902862548828125
-0.4053955078125 0.450225830078125 -0.0680389404296875 0.176712036132813
-0.2828369140625 0.488555908203125 -0.123947143554688 0.270599365234375
-0.209503173828125 0.483184814453125 -0.1478271484375 0.282958984375
-0.10791015625 0.52606201171875 -0.1578369140625 0.206527709960938
0.0589599609375 0.450408935546875 -0.138694763183594 0.0839385986328125
0.17242431640625 0.374298095703125 -0.162612915039063 0.00410461425781256
0.271820068359375 0.315765380859375 -0.31280517578125 0.113067626953125
0.390960693359375 0.1771240234375 -0.43109130859375 0.212371826171875
0.449310302734375 0.208404541015625 0.261611938476562 -0.269515991210938
0.314483642578125 0.34490966796875 0.221771240234375 -0.247344970703125
0.29718017578125 0.44451904296875 0.182601928710938 -0.197296142578125
0.058990478515625 0.540863037109375 0.234893798828125 -0.20050048828125
-0.14532470703125 0.60089111328125 0.203536987304688 -0.1787109375
-0.24237060546875 0.59228515625 0.197280883789062 -0.190521240234375
-0.281402587890625 0.54742431640625 0.141571044921875 -0.109344482421875
-0.4381103515625 0.490142822265625 0.0352325439453125 -0.0307998657226562
-0.28692626953125 0.56719970703125 -0.0521621704101563 0.081451416015625
-0.1756591796875 0.5784912109375 -0.120819091796875 0.148025512695313
-0.03759765625 0.6201171875 -0.163925170898438 0.164016723632813
0.171539306640625 0.493927001953125 -0.126716613769531 0.105087280273438
0.29107666015625 0.39892578125 -0.1234130859375 0.0709915161132813
0.3680419921875 0.317108154296875 -0.220993041992187 0.185516357421875
0.455413818359375 0.17767333984375 -0.294097900390625 0.306549072265625
0.380340576171875 0.21697998046875 0.402740478515625 -0.18084716796875
0.22998046875 0.343231201171875 0.3367919921875 -0.160736083984375
0.1849365234375 0.408203125 0.238525390625 -0.102294921875
-0.0286865234375 0.447509765625 0.256973266601563 -0.141098022460937
-0.187652587890625 0.477874755859375 0.209884643554687 -0.2056884765625
-0.253875732421875 0.4857177734375 0.230438232421875 -0.298187255859375
-0.27740478515625 0.4747314453125 0.20697021484375 -0.2923583984375
-0.40472412109375 0.4537353515625 0.134140014648438 -0.236480712890625
-0.249755859375 0.545166015625 -0.0041046142578125 -0.123046875
-0.1181640625 0.5562744140625 -0.128494262695313 -0.00751495361328119
0.03375244140625 0.58319091796875 -0.188690185546875 0.1080322265625
0.237152099609375 0.43731689453125 -0.110931396484375 0.121086120605469
0.345855712890625 0.343353271484375 -0.060333251953125 0.129714965820313
0.39373779296875 0.26202392578125 -0.0983734130859375 0.232833862304688
0.446380615234375 0.151397705078125 -0.137451171875 0.38458251953125
0.264724731445312 0.181884765625 0.502685546875 -0.09136962890625
0.135147094726562 0.269927978515625 0.394378662109375 -0.06890869140625
0.08251953125 0.284759521484375 0.2396240234375 -0.00959777832031248
-0.070648193359375 0.28216552734375 0.2393798828125 -0.07611083984375
-0.16204833984375 0.28973388671875 0.20867919921875 -0.201812744140625
-0.202178955078125 0.3150634765625 0.25592041015625 -0.35162353515625
-0.22125244140625 0.335601806640625 0.259735107421875 -0.428070068359375
-0.3143310546875 0.34625244140625 0.2108154296875 -0.40777587890625
-0.18939208984375 0.4261474609375 0.021728515625 -0.29901123046875
-0.0686340332031249 0.42340087890625 -0.156036376953125 -0.138916015625
0.055694580078125 0.435211181640625 -0.222259521484375 0.0588684082031251
0.21441650390625 0.311614990234375 -0.0995941162109375 0.132766723632813
0.302581787109375 0.2384033203125 0.00209045410156251 0.173126220703125
0.327667236328125 0.1846923828125 0.019378662109375 0.25494384765625
0.352935791015625 0.113006591796875 0.00338745117187506 0.436431884765625
0.133354187011719 0.108291625976563 0.557891845703125 -0.033416748046875
0.06298828125 0.150665283203125 0.40570068359375 -0.00888061523437499
0.0323867797851563 0.131988525390625 0.2109375 0.049163818359375
-0.046630859375 0.119880676269531 0.206207275390625 -0.0342559814453125
-0.0812606811523437 0.117645263671875 0.199935913085938 -0.18743896484375
-0.105636596679687 0.141677856445313 0.267547607421875 -0.363006591796875
-0.124176025390625 0.165313720703125 0.2889404296875 -0.5081787109375
-0.180038452148438 0.18548583984375 0.255706787109375 -0.52081298828125
-0.115478515625 0.23321533203125 0.0316162109375 -0.4144287109375
-0.035614013671875 0.218246459960938 -0.184844970703125 -0.220230102539062
0.0331268310546875 0.22491455078125 -0.251205444335938 0.029205322265625
0.118804931640625 0.160507202148438 -0.0966033935546875 0.145706176757813
0.18011474609375 0.1187744140625 0.04156494140625 0.20904541015625
0.18768310546875 0.100799560546875 0.10577392578125 0.268035888671875
0.192047119140625 0.0694580078125 0.104034423828125 0.46820068359375
0.0216003921738577 0.03591222520056 0.263179016652549 -0.375424027674716
0.0468174124206786 0.0243659255240123 0.172234442976918 -0.305354907762476
0.0353319709329245 0.0211126500459079 0.158170998455508 -0.191353429839942
0.0345104042242563 0.0061249274231608 0.163713968057279 -0.0100265870264982
0.0150521629346551 -0.00956047801103889 0.106712343474178 0.202274375652342
-0.00638300729463562 -0.00629300520490107 -0.0949582507900527 0.23901011798858
0.00563122578064328 -0.00816743387994612 -0.422990418509054 0.111620645083204
0.0163890384188869 -0.0192816926536696 -0.627140553494026 -0.0222844230175884
0.0226394311307006 -0.0154054747217498 -0.602144671782271 -0.0937317433589926
0.00779201408910757 -0.0244758463473436 -0.452747506412495 -0.0630270997361548
0.0111363135419297 -0.029099966172092 -0.281591865822844 -0.0710199166647549
0.0315585051839435 -0.00982718636991184 -0.114822078025772 -0.125868723866595
0.00897178926489837 0.0037587067513201 -0.0347747474938487 -0.182330146082853
0.00883130261494804 0.0191331757465327 -0.149719764160159 -0.329754241096565
-0.00613179531111408 0.0188550680178515 -0.35296725683578 -0.453896370943063
-0.0380877097805779 -0.146636161783759 0.255642239784591 -0.320089036717938
0.00702684825275969 -0.160875320070657 0.169805048758399 -0.270946292682717
0.03095670305226 -0.194380325306245 0.149053998752179 -0.161067882765675
0.118219155951726 -0.201329756955019 0.144401035391853 -0.00547143872681243
0.170250924180848 -0.181194122064757 0.0881604827469957 0.181091926978491
0.204924690447508 -0.124394028417216 -0.0990924531154722 0.205272013356334
0.245493025576354 -0.0516573711200359 -0.38207791357125 0.0844967882451237
0.25267853465558 -0.0129087061202072 -0.572531981552368 -0.0328137338283014
0.246085218880631 -0.00468816102592655 -0.567679466195192 -0.0937888072028683
0.19518156684446 -0.0321564230095487 -0.441034209595465 -0.0636164923192922
0.18537639840053 -0.0630726950188695 -0.290646336003953 -0.0872391654987055
0.173905150377332 -0.0633482761275157 -0.12387014697097 -0.138087028379382
0.0962576255260823 -0.0947742340206722 -0.0372920950734937 -0.188285156736229
0.0815690078606891 -0.11288010974545 -0.176261300951117 -0.335192355935197
0.00589028317007566 -0.138091564171682 -0.381384916941184 -0.433550322295915
-0.0814534776840776 -0.303753500072535 0.269100897259342 -0.20958215328278
-0.00326267151745099 -0.320448609378613 0.196572308133834 -0.185773765688569
0.058873889606921 -0.377109124147045 0.154926353891738 -0.101217422414661
0.226620103990519 -0.366402700595416 0.139621137910627 0.00587187269364776
0.333318585316869 -0.3089856418085 0.0955489135853396 0.139201625222899
0.401167738932987 -0.2000129757881 -0.0498875896543563 0.143869078339663
0.452017933306656 -0.0677531889882858 -0.260868681672438 0.0456292842905874
0.453254985437306 -0.00155589586962687 -0.430527735524123 -0.0414518662531175
0.447972188541003 -0.0115751048499973 -0.470733565051129 -0.0841119614740483
0.377092386183965 -0.0737378182588437 -0.403551175126077 -0.0614488886803624
0.3542303949392 -0.14411469272788 -0.30235774187927 -0.101321192790505
0.298946875000869 -0.168953943775366 -0.154720130072166 -0.148034207957024
0.150883146580035 -0.226530336039127 -0.0731432256484345 -0.18432545824062
0.118716376035509 -0.256088550887389 -0.229175304039753 -0.311243439389949
0.0001541901749781 -0.284928440015381 -0.418928428632695 -0.356717118033528
-0.0946522766636216 -0.404627157830803 0.290034669231515 -0.0545127453201002
0.0253209520311168 -0.422707363119967 0.228371298066903 -0.0565491262358738
0.126696385809849 -0.484387099380978 0.159536179951728 -0.0132525486587604
0.341170121884772 -0.443405539750077 0.144518546943898 0.027805542354012
0.472494506678475 -0.353710660691043 0.133509122382191 0.0886472110672231
0.541853001058803 -0.207168003411448 0.0532458752761379 0.0739677169107043
0.586090293948474 -0.0541273105105479 -0.0771877538791241 0.0132207886041603
0.584949229526892 0.0111701916361071 -0.222475850021063 -0.043006776057727
0.595455247233215 -0.0379800060786535 -0.314518626998022 -0.0774177924121498
0.517964825326007 -0.150460921840184 -0.324762692436174 -0.0746684744888523
0.473304711504492 -0.26915645530441 -0.302415439800866 -0.118376623966265
0.363757629986927 -0.32076934447248 -0.194731226401095 -0.141953163906384
0.144953729961246 -0.372190992821345 -0.127999938416446 -0.147988499406769
0.103024225495414 -0.388822882595455 -0.288134531128983 -0.238712809921524
-0.0258313039392491 -0.398286745063939 -0.44727784966856 -0.23049972513903
-0.0816215289011846 -0.434603822793232 0.307589955890384 0.117856619954142
0.0772111822238065 -0.442028587389429 0.242427437432577 0.0956431590554259
0.196074298229039 -0.476435388575479 0.145283974219326 0.0873018900237231
0.412723348725102 -0.399263316884707 0.148157119762307 0.0643617774757804
0.529917016126159 -0.296610682829223 0.188617833862957 0.0510722142221971
0.580442573275964 -0.153172262487101 0.187357479112573 0.0237670350521546
0.62160534044973 -0.0134713999126732 0.135904365984197 0.000209445764599885
0.628287471855031 0.0255332961523078 0.0237387567418776 -0.0401594154274057
0.655534741752363 -0.0659657306754981 -0.114719046571936 -0.0905583889018144
0.571893216907244 -0.226820535661705 -0.209133169702591 -0.118727224695769
0.497156648354234 -0.383337941427566 -0.281947396330988 -0.147292957700311
0.336411894056209 -0.444910967803706 -0.226609312518665 -0.116255840815127
0.0796368525359756 -0.474448430941549 -0.172240134701478 -0.0730154685159713
0.0461082311463461 -0.466862972585278 -0.318152064090495 -0.120467694269911
-0.0611352075679271 -0.453227559084496 -0.449880265493275 -0.0694794538354872
-0.0554576921995717 -0.391886135858608 0.310914582903721 0.277575833084763
0.113133837846211 -0.378208681019624 0.225869559008266 0.231148217728565
0.220899532143691 -0.36851249948958 0.105779500564623 0.167434443594187
0.391084944630993 -0.262986415645957 0.139981133945491 0.100848206407867
0.470155151833151 -0.17553281872584 0.237702442692868 0.0413383723676959
0.502354336995957 -0.069200291269127 0.312411719986606 0.0130690458781211
0.551326420806205 0.0293517441059868 0.336811089290553 0.012770377629333
0.575764602563283 0.0387590911197529 0.269523605852544 -0.0324947071154403
0.610193376242081 -0.0745202188909 0.093010241718854 -0.119791299876493
0.523743144352066 -0.251039147294825 -0.0842893282209825 -0.18774799664483
0.424435418977136 -0.408536963409616 -0.245169557983172 -0.185918806565108
0.246228643523558 -0.470408255761279 -0.237724995879265 -0.0798937262902502
0.00137001775217503 -0.479099414752687 -0.188750362551588 0.017992386311048
-0.0160458590214189 -0.459063771463015 -0.30243551399791 0.0152206554124724
-0.0866762684690526 -0.436965688137371 -0.420275256339116 0.0983171892655656
-0.03977108998814 -0.28914039963376 0.302485094255138 0.399704149631983
0.10419878447301 -0.262185781769401 0.189082785982895 0.322946607603283
0.172401650233353 -0.22188942135658 0.0573995603212392 0.206886339670559
0.273747865498145 -0.120272995189078 0.120164772990214 0.127276873449234
0.311016226176121 -0.0609745673143535 0.260521266829092 0.0533097617313893
0.333934564223804 -0.00172252108579174 0.391701404702409 0.0343241540796388
0.394592826573749 0.0556399075186465 0.487190153699241 0.0442596588999491
0.435873520550447 0.0497203313978709 0.475290594363664 -0.0202140653578571
0.467131604587764 -0.0499665386022581 0.272545070547488 -0.148346666410587
0.389363040085271 -0.201765817028146 0.0206712927943239 -0.250772017944428
0.300015315068924 -0.327468524970775 -0.203896733485822 -0.2215095028657
0.150799116455568 -0.377513312699038 -0.227610591110844 -0.0496235941340898
-0.0430607619716003 -0.382130833399546 -0.181871840593458 0.096102851024385
-0.0435702376546304 -0.365462045269755 -0.256514939510856 0.133601371780293
-0.0794738785874838 -0.348102882206357 -0.370715002718861 0.239047165684662
-0.0410820599681352 -0.151314939331577 0.30301137973042 0.469147661593899
0.0477303629408478 -0.135403062300603 0.164069506377202 0.366558887741556
0.0724815916797398 -0.100403681833166 0.0273568483201664 0.216592521230878
0.119866779391065 -0.0350809466942969 0.105155137783969 0.143885706432083
0.127317155234526 -0.00150441412845109 0.264669950003919 0.0705630310020934
0.140278067890264 0.0287056987217375 0.424258904026123 0.0657084001630725
0.192483019563084 0.0583281493370663 0.575419955347837 0.0765230617869551
0.23333913704541 0.0558694086051356 0.612072989407143 -0.0102096096289773
0.255566801327525 -0.00170223893702348 0.39344356259813 -0.160240550328477
0.208648956443449 -0.0966920603456773 0.0915699253360506 -0.284744578880947
0.158690575086541 -0.171139818677119 -0.167219932056135 -0.242099450749293
0.0751490677018064 -0.20618725098092 -0.210961891906698 -0.0314935872785177
-0.0427326419936151 -0.219130388633566 -0.173239136686635 0.148717341057513
-0.0329272666252706 -0.213985043772431 -0.208280589820568 0.216253126162644
-0.0435925365790449 -0.203429284961872 -0.323006756401055 0.338514782689467
0.0221212403095288 0.0358921785430953 0.260633392410858 -0.381149466418681
0.0470900221104478 0.0240816665091004 0.170314765342859 -0.308493126736687
0.0356490997272058 0.0208961683228534 0.157203706750506 -0.192936235465921
0.0344166162753529 0.00579570749634404 0.164233044633276 -0.0113767299249908
0.0148098965507472 -0.00964214049680663 0.10983408929061 0.201598680378911
-0.00592913574884813 -0.00654806392146931 -0.0928102874293105 0.239064871327541
0.00639208062186375 -0.00834421596893553 -0.424751616650738 0.116108311376439
0.0163071061320985 -0.0195422849632145 -0.629742658032287 -0.0152395152024995
0.0233426971714129 -0.0160159557202044 -0.605182059248568 -0.0871974127293605
0.00773841805950537 -0.0241435437905658 -0.453235024286223 -0.0572885652479989
0.0106961080555542 -0.0288599645258653 -0.283174274046308 -0.068442232716254
0.0310060844159127 -0.0104055362348019 -0.116647251536834 -0.124921468975764
0.00891147140467766 0.00380468547372304 -0.0361556501493859 -0.182296328855393
0.00965469806529332 0.0191520729825693 -0.153651010942327 -0.328229284598542
-0.00609648200223736 0.019326627551392 -0.359101025013649 -0.451030144981546
-0.0393342618268086 -0.146901158678761 0.253450010164827 -0.325423279544457
0.00589839414363223 -0.160910671404044 0.168619785551629 -0.274072797872629
0.0283246588068027 -0.195558668069276 0.14805871281612 -0.162322908498539
0.116865979511022 -0.202770127210248 0.145027545405758 -0.00699700760601117
0.16927350354964 -0.184213100545966 0.0908875760331881 0.180798044814403
0.204290117248817 -0.127521536285504 -0.0971540983182992 0.20566017932358
0.246046470923598 -0.0541323932314689 -0.383411085914215 0.087971921993682
0.253735381695033 -0.0158430297080693 -0.574889212765935 -0.0253452161045317
0.247334133361483 -0.00769876880598289 -0.569709654957206 -0.0882265555494915
0.195152620821318 -0.0339169333072385 -0.442048612275115 -0.0583950073534968
0.184872233103207 -0.0653381860627127 -0.2924805204018 -0.0835335374661381
0.173484788133085 -0.0663290313797651 -0.126636709729688 -0.136907349605059
0.0954124668451894 -0.0946438220892899 -0.0386429928135109 -0.189199371022347
0.0808843346877923 -0.114183502216451 -0.180705604399255 -0.333560174531618
0.00439719026062321 -0.138202484493906 -0.387515209785752 -0.428886894300915
-0.082699172622843 -0.303010885966575 0.267658364859393 -0.214809878245758
-0.00690129686087224 -0.321865402880566 0.195744657678788 -0.189443691663794
0.0549393861471617 -0.378425696755456 0.155178340897995 -0.103304565935636
0.222064486443227 -0.371510621447248 0.140595747687354 0.00456014568816153
0.331910353047011 -0.314820981634492 0.097706125557447 0.138212732305779
0.400584636245372 -0.204584395485292 -0.0478499934154424 0.144129944784039
0.451643037821492 -0.0729521492012851 -0.260779896082639 0.04878784482783
0.455228212337911 -0.00724758233354976 -0.432807566510395 -0.0360414557431073
0.44945597587811 -0.0159508003681878 -0.47386502214557 -0.0782688471131295
0.377667446197331 -0.0768440964664814 -0.404930280347212 -0.0567864294830558
0.352849875271814 -0.147058925175992 -0.304583949616947 -0.0975935082682795
0.297731571401599 -0.173304327041608 -0.156309949716522 -0.146889128106111
0.149436256440959 -0.227801630306093 -0.0748955426743007 -0.185470816008404
0.116260930414401 -0.258762004814359 -0.233810103676234 -0.30833069694751
-0.00262724034946713 -0.285736445695893 -0.42523706751063 -0.351872813248047
-0.0997821322781921 -0.404748616411716 0.291352844891699 -0.057843769094367
0.0209247298292267 -0.425283232217836 0.229570753838413 -0.0601860445506151
0.120837156526813 -0.486202437423766 0.16084157302378 -0.0150690387473899
0.335333821652561 -0.447381847352863 0.146758110607081 0.0273810560388106
0.467929721149748 -0.360374453602142 0.135184144207961 0.0880011057275628
0.542066126382724 -0.214189918616525 0.0540320118047248 0.0722432197474896
0.586629597289618 -0.0602082874616036 -0.0763923489636435 0.0134722825339312
0.587503209561854 0.00501467720621636 -0.222932084498468 -0.0403199194906016
0.596638089195939 -0.0445422564982071 -0.316538298125566 -0.0737152005796469
0.517061032535237 -0.157428663449025 -0.3263373126473 -0.0710732122435164
0.47178146882302 -0.276028190288107 -0.305090663789709 -0.114510908267145
0.361056235194026 -0.325973876510073 -0.196441544574261 -0.140436149430387
0.142175082464547 -0.373397982531126 -0.129116779417797 -0.148721815091748
0.0986791960626017 -0.391920071025711 -0.292251384420089 -0.235071743582293
-0.0306208963600659 -0.398579010369702 -0.450387712693211 -0.224687193504371
-0.0870256167860906 -0.437125929249768 0.310636149586771 0.115107311696094
0.0733443030464134 -0.444266424828781 0.244770193830097 0.0929460678625387
0.191423827688668 -0.480064684232444 0.14751825128256 0.0854341100557407
0.409732945402064 -0.403375853469069 0.150018134896705 0.0626831389819718
0.528344475270644 -0.303687267003793 0.190422024483222 0.0496616391887974
0.581357834124057 -0.160766344672564 0.187466282714741 0.0214981268143463
0.623277897763519 -0.0203849765122162 0.137210477312146 -0.0017877784815204
0.630912738871264 0.0182674189744814 0.0238217043924835 -0.0402017946800092
0.656716053417394 -0.0740948054206244 -0.116338819842072 -0.0892125776967808
0.571975188885134 -0.234038902133676 -0.211099193316857 -0.116904595976145
0.493954312481868 -0.389196284275197 -0.284172211313299 -0.144105549801787
0.331977596713376 -0.452297040469166 -0.228703329019399 -0.113656974253395
0.0747721089749963 -0.475233026029472 -0.17324224157404 -0.0732408285858855
0.040223186573324 -0.469454692138788 -0.321678617107551 -0.115685133004115
-0.0673378477505612 -0.453790379810723 -0.4533590409315 -0.0628202068845771
-0.0600032170233434 -0.393048616488934 0.315085853154499 0.275781002887624
0.110442075678411 -0.381058559180745 0.229321333939397 0.228802023490856
0.217445976054532 -0.372333172897412 0.108318837792583 0.166313908128166
0.389855923013429 -0.267617829848814 0.142178654164867 0.0999013391561096
0.468049788140033 -0.179919275267863 0.238869438119244 0.0390898655736929
0.501426255462038 -0.0754137815583305 0.312099935930636 0.00972064737322385
0.553479401136378 0.0236452046908976 0.3382810910605 0.00903761413362084
0.579562646102091 0.0323708778204024 0.269761826922514 -0.0357069217841892
0.61163684555941 -0.0807951075827097 0.0932230986011769 -0.120800542508983
0.521795910803512 -0.257273832460866 -0.0867653014444847 -0.187080964777431
0.420336136815505 -0.415860154148244 -0.248174615909227 -0.182590869829827
0.242823590858863 -0.475262959129123 -0.239119331138975 -0.0781089188130882
-0.00419190273857418 -0.479211601990051 -0.188490717610776 0.0183811737086959
-0.0218305115955146 -0.459728743842359 -0.304024283007855 0.0194048030407678
-0.091715385480647 -0.437242798950507 -0.420447143255785 0.104663294756346
-0.0429189295747877 -0.289698948081542 0.308102200080749 0.39845739253461
0.101863884624982 -0.264821933620115 0.194059302134486 0.321683366811018
0.170940936213082 -0.223780073529407 0.0602887235341339 0.20636038928385
0.274105347330119 -0.124082945433654 0.122502086135341 0.125872010274865
0.311030887938706 -0.0642478263975141 0.262011836924311 0.0503199706936667
0.335642530469089 -0.00505900774219729 0.39167973878948 0.0285426254234173
0.395607927861896 0.0517835324762899 0.489150675481189 0.0375628654883056
0.438250522041466 0.0452057359026793 0.477025881421565 -0.0258745225916841
0.468233373273347 -0.0561628803562278 0.272293954464304 -0.151553864250594
0.38776176376822 -0.206612252961199 0.0185025065131526 -0.250677335675906
0.297644720744268 -0.331712075060693 -0.207091641536355 -0.219799492228029
0.146070808290947 -0.38137412194896 -0.228854239802236 -0.0476799980322093
-0.0473983078937014 -0.382049018514462 -0.181380926513701 0.0976245173463115
-0.048559242139227 -0.367409036253193 -0.256735646308684 0.137445480878044
-0.0844015585777626 -0.347367487599444 -0.369948219983832 0.247380458722277
-0.0433832747409914 -0.151507580928368 0.308804207719429 0.468854956781872
0.0462243067263845 -0.136227198923145 0.170174260571748 0.36616857134655
0.0721853073253671 -0.101306588438356 0.0301473059787695 0.216502278016515
0.119893417463296 -0.0368221037205484 0.10796821899034 0.143686986633117
0.127173516151355 -0.00209197138668671 0.266761233877227 0.0681521652605394
0.141182066332377 0.0285299662243437 0.426090371757001 0.0599878436791156
0.193513004420562 0.0563845522310188 0.578414735491134 0.0699924666772899
0.235161759137261 0.052529018101254 0.615197622152148 -0.0168499986451726
0.256720844809241 -0.00477104742596277 0.394153942521825 -0.16543683162672
0.207901713133846 -0.0994217481393857 0.0895072171912277 -0.285543611628172
0.157284569103129 -0.173838327779177 -0.170564093303002 -0.240748615458441
0.073053419496246 -0.208206399430016 -0.211657108579594 -0.0292049965453014
-0.0451612666752136 -0.218290586270313 -0.172145828560161 0.149673977539102
-0.0352943225395227 -0.214100591667795 -0.208210219501915 0.219547020297323
-0.0458032010731915 -0.203646584435027 -0.319862696490198 0.345319597825465
0.0230495211613337 0.0354443741086498 0.256906698425114 -0.386778140857118
0.0476459308473627 0.0231096572094199 0.16794386118227 -0.311824398392251
0.0361352206403156 0.0205059369511864 0.155154014952501 -0.195408765638741
0.0342085775110238 0.00584327705197815 0.165029387139876 -0.0130020845306236
0.0145962152031074 -0.010599869135283 0.112356476812385 0.20071007675771
-0.0055444301862194 -0.00632394814881197 -0.0901289041619426 0.238853479639823
0.00680614567768172 -0.00830736856941724 -0.42540591187995 0.121183786251961
0.0159056912165675 -0.0199131930759698 -0.632915852230207 -0.00588713110843443
0.0233939791151837 -0.0164743829500167 -0.607885090256846 -0.0797588934133977
0.00726091648717234 -0.0241709772200971 -0.455482796192703 -0.0517616227836251
0.00985547002650276 -0.0290885973003276 -0.284743538830224 -0.0649195484595446
0.0310490099021321 -0.0113222329845471 -0.118661519020603 -0.124434474048911
0.0090085348942671 0.00430305565489427 -0.0380757320550289 -0.182543038370386
0.00996558988467283 0.0190138337329521 -0.159106485578548 -0.326333221874286
-0.00586933937865451 0.0199655372113068 -0.366078248945868 -0.446607687060627
-0.0413110725353618 -0.146851232695985 0.25075490999433 -0.329951357287306
0.00410140544476278 -0.161885451176806 0.16642815481595 -0.278223963516349
0.0271888649790406 -0.196070087864668 0.146608452422195 -0.164701803571962
0.114645648596835 -0.20429249175373 0.145724538871758 -0.00825500579096
0.16720499651203 -0.186900261514471 0.0933289792196642 0.18025824568183
0.203438209495132 -0.13007890864537 -0.0949920260394116 0.205997246151577
0.246918413547256 -0.0575313956678493 -0.382540269027413 0.0921923922961544
0.254541099258662 -0.0189700458046274 -0.577405028542671 -0.0197583365231296
0.24825596955341 -0.0105606045339948 -0.573613072284239 -0.0820242476891009
0.195313623171543 -0.0360752294697462 -0.443234138264811 -0.0529151561727598
0.183963111690754 -0.067840846301603 -0.294301282624108 -0.0796359730474558
0.172739158606165 -0.0692451088718843 -0.128020411688334 -0.136333331419508
0.0944989530851688 -0.0957715836968971 -0.0402260201770811 -0.189147356512199
0.0804187044381579 -0.115627246093985 -0.185214951452488 -0.331419672904303
0.00298430664935063 -0.138035838991153 -0.394475802616613 -0.424019126381697
-0.0879133640987853 -0.303247648419661 0.267096977839821 -0.218797542037488
-0.0104003196762183 -0.322166892722247 0.194646565114715 -0.192955338425112
0.0503040347890087 -0.379853410695148 0.154686996536445 -0.104865544245317
0.218066800401586 -0.374004330007027 0.141605042461937 0.00295258774529588
0.32790030853113 -0.320131847965753 0.100116846308709 0.138056761369304
0.398881749054752 -0.208971873432419 -0.0467221110005765 0.143562183247253
0.452616895773956 -0.0778842345858065 -0.260256844896752 0.0513064002497705
0.456028572957067 -0.0126430061941145 -0.433467560919003 -0.0298438000366803
0.449856031963184 -0.0218761846008719 -0.475992343902171 -0.072250009253031
0.377625728672799 -0.0808985077432562 -0.406626767001639 -0.0516208868578418
0.35169500519181 -0.15234474367974 -0.306548935021188 -0.0936108489337559
0.296004039644576 -0.178162220205826 -0.158231715221677 -0.145654198108172
0.146384378454803 -0.228557014511971 -0.0764339647274153 -0.186057181363947
0.114585699705728 -0.260710492583877 -0.23893311664429 -0.305582688169344
-0.00603654622915741 -0.285501756846083 -0.430985779277082 -0.346371979462485
-0.105548125339984 -0.404462979266509 0.292739502533682 -0.0619740735133634
0.0162337797531346 -0.42796843499351 0.229519726998823 -0.062503353498822
0.114071954586971 -0.488977555816958 0.161689867951241 -0.0163896638083105
0.332311174457687 -0.453987766979954 0.14745624955215 0.0259217460334735
0.464782344190741 -0.365272045112013 0.137696334416548 0.0864603666194967
0.540071078532021 -0.220960499505441 0.0549804257822499 0.0708590042079552
0.587697251630288 -0.0672838386765485 -0.0753887021385445 0.0139479770114283
0.588378532956799 -0.00207789815539049 -0.223708592979143 -0.0374266613218884
0.597799900731366 -0.0521130910851069 -0.317487352734009 -0.0697481919509651
0.517064363910189 -0.162470075598443 -0.327658777335898 -0.066312825847855
0.46917424410649 -0.281052069806036 -0.307423404519911 -0.110685173001745
0.358117578866035 -0.332323551816918 -0.198717572703511 -0.138974342222738
0.13871666052836 -0.375201620962187 -0.130260168820623 -0.149159849997554
0.095100131185856 -0.393580050187235 -0.296061752051073 -0.232020878904227
-0.0353958216977969 -0.398641737923164 -0.455532977595482 -0.217797309757101
-0.0914741821154992 -0.436019498532398 0.313764416186077 0.110780466707731
0.0691824694915551 -0.447326719209674 0.246716734123861 0.0892057516437061
0.187573125271551 -0.482248216231631 0.149802156562288 0.0837916044205322
0.40581912185211 -0.409164026427616 0.152236714788193 0.0615406100672666
0.524267409135037 -0.311918899630831 0.191865550532971 0.0477025072029962
0.581392453095386 -0.168042609257485 0.18752148592445 0.0179035038990514
0.623587891652258 -0.0282286453127402 0.138451637760142 -0.00347814463077417
0.633740640897778 0.0114482945212106 0.0239680867713736 -0.0409570175168486
0.658901961233698 -0.0832236918126705 -0.117300663200318 -0.0875767808062647
0.569495298081151 -0.240511610590999 -0.212881130434248 -0.113741646577568
0.489063073754172 -0.397239758200874 -0.287143223643485 -0.139839660927322
0.327377721378969 -0.456608308743505 -0.230012597265252 -0.112001297161056
0.0688746920355172 -0.476748250094433 -0.173778515502451 -0.0733197800905395
0.035734413428673 -0.47131755012596 -0.323843210631871 -0.111770309291556
-0.0727190675475394 -0.453695523800804 -0.453440799522087 -0.0559717410547119
-0.0648029983144251 -0.392098129199066 0.321120231969786 0.272501164977372
0.105889363219568 -0.38383580265233 0.232952794202188 0.226492238402946
0.214393849688562 -0.374096727147189 0.111622332700156 0.16521252932577
0.387125215835976 -0.271885426900334 0.144113778084747 0.0987239840299721
0.465681876560753 -0.186061148995934 0.23961553703157 0.0365540487303782
0.502144435741578 -0.0810629672902179 0.312224016750762 0.00519990143294735
0.553648590347728 0.0171015444550907 0.340065965719295 0.00524101453454658
0.581302873524455 0.025358029305698 0.270953842777189 -0.0390627614036926
0.6118995790241 -0.0882695719427003 0.0925033793465854 -0.122160657369139
0.518463000729948 -0.265307107903384 -0.0890163136881712 -0.185695425375694
0.416146342441805 -0.421511183998516 -0.250770820406276 -0.179366121826686
0.237234144662808 -0.479503113851314 -0.240404968391534 -0.0760840196334755
-0.00919856572498227 -0.478171481580998 -0.188428493011322 0.0187780918852451
-0.0254303581493345 -0.462095858584189 -0.306021833931229 0.0238427010000554
-0.0979349240941796 -0.436333877931229 -0.420395322580338 0.111635438172153
-0.0467103634472796 -0.289680672021557 0.31377536591207 0.396105585030918
0.0992777159292487 -0.267153710565009 0.197817765414251 0.319298791330161
0.169132736667452 -0.225890199479617 0.0637586948694183 0.20610132083615
0.274285037319467 -0.1270144759296 0.124921064124459 0.125442495118019
0.31007985172033 -0.0680820848477808 0.262725732359693 0.0479699789989729
0.335814011745666 -0.00848029620753079 0.391602181405855 0.0245871065579606
0.39730335625935 0.0468088133228237 0.490937001681774 0.0329353920323141
0.440021636720569 0.0402003244338473 0.478199980063927 -0.0327373813262623
0.468788567834794 -0.061011596665063 0.27247948976728 -0.154866189568289
0.386566236270076 -0.212046712665616 0.0156367304965947 -0.251652806178484
0.294821363406281 -0.337334380062001 -0.210208396869948 -0.2169522606814
0.141585271459974 -0.382957942954115 -0.229665252210373 -0.0456824058855359
-0.0524104654298455 -0.381378083296298 -0.180788155055674 0.0983844490034567
-0.0528479875946416 -0.36730595614201 -0.2567747616016 0.141892611622328
-0.0885924019972766 -0.345948358154429 -0.367599708803173 0.251493402343218
-0.0455662947195176 -0.151027778858801 0.315512145918381 0.465765773907694
0.0457830811049932 -0.137240890586373 0.17489599770834 0.362722892167124
0.0707113567925457 -0.102134089652493 0.0332295626205086 0.216573936179355
0.120340099057344 -0.0380016545848995 0.109586579889226 0.142556192403348
0.127243226106513 -0.00328208387412728 0.26722824579526 0.0657851690812278
0.141775713792861 0.0276484584127508 0.425649266393522 0.0554898611203208
0.194588304605967 0.0542457009415257 0.58015985972457 0.0622718614300162
0.236889787230513 0.0499044019284727 0.61550864493754 -0.0252930637409885
0.257233365457546 -0.00745957282848326 0.395355807441719 -0.170710293587855
0.206950671626604 -0.1012741178769 0.0864144405250654 -0.28678117738978
0.155337445004746 -0.176641997629032 -0.174261667489376 -0.238212342576719
0.0704167968425567 -0.210165901249443 -0.212062272675537 -0.0271254140879009
-0.0478938473051964 -0.217997822116829 -0.171134076771899 0.151853593048646
-0.0382119749764884 -0.214910409074742 -0.207203950517219 0.223679796268785
-0.0491105993309366 -0.203526819524925 -0.317442987347568 0.351246687572966
0.0231541789128288 0.0348926622174473 0.25255383457892 -0.391378531541652
0.0474552626308284 0.0223504042553315 0.164624970038834 -0.314895349125691
0.0363954048032362 0.0199935659943415 0.153597382610999 -0.196580531211579
0.0340666080612332 0.00549395524336912 0.165334565340579 -0.0148970251500996
0.0141714277933391 -0.0112402030652012 0.115569009616483 0.199306479902727
-0.00525546717327967 -0.00644254779736486 -0.0876403260477185 0.238993140315074
0.00722071703536767 -0.00791528772968885 -0.424355497925887 0.126915601316295
0.0161605641435674 -0.0202551602484951 -0.631648778198643 0.00239159575254891
0.0239775877917114 -0.0167510323041458 -0.611461087366158 -0.0722897239698395
0.00769590716788426 -0.0242282198256286 -0.456863889314527 -0.0453719625334094
0.00939925985067434 -0.0293170856671117 -0.286162164288385 -0.0605272740944197
0.0305386734142204 -0.012048136709196 -0.120507240843364 -0.12288322834723
0.00864039273859416 0.00457168095808946 -0.0395357033725202 -0.181746423986722
0.0104354607863558 0.0185998114330466 -0.163524700246052 -0.323027091629201
-0.00508377605711171 0.0205296636048542 -0.373525308163442 -0.440951073121677
-0.0435244076892267 -0.146802683888813 0.247253256398612 -0.334158226826486
0.00200181632259179 -0.162301518892816 0.163522565774787 -0.280162358163749
0.0237143287182269 -0.195951865833298 0.145441043630488 -0.165927592488443
0.111556888406292 -0.206517228955449 0.145618601687841 -0.0100047762671962
0.163510898111752 -0.189734211404752 0.0957963280127062 0.179342856411582
0.202659740346813 -0.132839471680793 -0.0917543852027106 0.205621215725137
0.247170152670914 -0.0602615600275186 -0.381860156731469 0.0970128807206608
0.25476996274366 -0.0218446214609722 -0.578026172276604 -0.012054311001185
0.248835028363301 -0.0141104188812735 -0.574875731231869 -0.0740373542889775
0.194991503889569 -0.037843578914932 -0.444234702047774 -0.0473003307766372
0.182193139070475 -0.0701477316655318 -0.295445249739292 -0.0757551573653001
0.171744816704126 -0.0719610828274585 -0.13001683568498 -0.134376797416084
0.0928323131877724 -0.095912691115995 -0.04160880521527 -0.189814776566207
0.0787146079596477 -0.116565501368263 -0.18997948545092 -0.328567823971452
0.00148198164478022 -0.137976697178599 -0.401247327564911 -0.418867492139463
-0.091201985389137 -0.302734097155391 0.265593811362825 -0.222904329358919
-0.0144298095404498 -0.323557054524361 0.192471702915699 -0.19613697757886
0.0463586036666512 -0.380395774446475 0.153630785760903 -0.1065327675762
0.212903493800379 -0.377118257704019 0.142565687775102 0.00202924197044286
0.323534532214663 -0.324537838087317 0.103057647465404 0.137143050569848
0.396406482820658 -0.215377560272037 -0.0453536529802474 0.143242681553877
0.451966957106776 -0.0836878490299895 -0.259460078685651 0.0540009067382956
0.456739200334911 -0.0183712177173377 -0.434666672730101 -0.0235017053638715
0.450816016454791 -0.0276091922942706 -0.477277841587401 -0.0658781949618762
0.376958848861922 -0.0858940856627235 -0.407123895860961 -0.0466929581371173
0.349122453850898 -0.156509851654683 -0.308483339357019 -0.0893280864453888
0.293983907759742 -0.18285438081861 -0.159774782894799 -0.144373351357697
0.143867077278986 -0.229295466320304 -0.0779253372293171 -0.186570375895567
0.111374268621331 -0.262401593395169 -0.243475630034526 -0.302048701720671
-0.00948155003207938 -0.285010737576972 -0.435605301232559 -0.340760593360136
-0.110717352187899 -0.403617422476686 0.293329855711227 -0.0662122240788069
0.0118182041834933 -0.426963299880204 0.230267676249464 -0.0665681916432828
0.108561828363054 -0.489508851856343 0.162590014509598 -0.0186426771047136
0.326934625058674 -0.45818741087777 0.148172402452569 0.0240296661424027
0.45981649956579 -0.37179751767474 0.138701389692348 0.0846183196325127
0.539415360043488 -0.228648104706714 0.0549628449472423 0.069475309874371
0.588106508120409 -0.0747187636346232 -0.0741309135431833 0.0142360144970367
0.589899018107799 -0.0099915963077053 -0.224178714238368 -0.0343576927753239
0.597394526374382 -0.058950974512055 -0.318975614363018 -0.0651516680928247
0.514128955498428 -0.169671524401753 -0.328847804889129 -0.0612066408729299
0.464428337722602 -0.28889061812566 -0.309374070030569 -0.105730139696217
0.353643477217917 -0.336501666100585 -0.200078819781704 -0.137165079489334
0.133795035659401 -0.375079018032807 -0.131573927682714 -0.149511101285227
0.0900436638464177 -0.395623585469577 -0.299832496149738 -0.226468111042725
-0.0405144687422053 -0.398566738774189 -0.45931827592832 -0.210712320326886
-0.0978759377606564 -0.435334290321897 0.315997668342438 0.107366780969717
0.0641936158696018 -0.447963818865541 0.248781229086533 0.0859556230321065
0.181444951716792 -0.484504295814316 0.151467855034482 0.0823887666177018
0.401756934925419 -0.413553019137364 0.154267269227807 0.05878616261061
0.521379963342265 -0.317387587481897 0.192067731291852 0.0457873648495053
0.578912370783566 -0.176218976431817 0.187725508669606 0.0150903624151515
0.622964454360847 -0.0352048753655529 0.139733943752943 -0.00525460940138564
0.636783871711013 0.00273373402395281 0.0237911567544179 -0.0412758916603224
0.657407254391819 -0.0912632795568202 -0.117931035389461 -0.0854204799625604
0.567599890550925 -0.247775041728062 -0.213987744797612 -0.11069233170434
0.484719674176503 -0.403749748148099 -0.289111949393203 -0.135767404386656
0.321843924245897 -0.463288543880452 -0.23212240854994 -0.110192810873888
0.0638322989164067 -0.475782523791828 -0.174934354029737 -0.0729752412326226
0.0298184437996511 -0.471595178642448 -0.32677090896148 -0.107575894099096
-0.0799247197763598 -0.45191790756724 -0.454945683137085 -0.0485649965292389
-0.0699704731962187 -0.392055530724606 0.32391050036626 0.268855364828719
0.101952833991465 -0.385674686129927 0.236843888689876 0.223731293473094
0.210335275244281 -0.376938700116848 0.114849477055376 0.163596109446449
0.384175810113333 -0.276623509866772 0.146587707218764 0.0971624681650904
0.463568404903678 -0.190987535102976 0.240088862932461 0.0336512025636232
0.50271638618254 -0.0875499495159097 0.311728783181613 0.00128486085802229
0.554249917102312 0.0103278039247311 0.340788681742371 0.000414256361647423
0.582638407241642 0.0186410139280385 0.270896336304508 -0.0427136096952142
0.611596442200959 -0.0976463365411603 0.0911792064648635 -0.122954920608124
0.516019173226314 -0.271165519430484 -0.0909252601754178 -0.184491565348958
0.411081041622486 -0.427430666980158 -0.253142798324126 -0.176231743484395
0.230801993154866 -0.485292897446094 -0.241385166344779 -0.0734954322842302
-0.0155446932510813 -0.477665167416303 -0.188656933771801 0.0196656069125548
-0.0328178610535039 -0.461087077540371 -0.306975342039622 0.0288792429295791
-0.102662128514598 -0.435410806444702 -0.419286894567591 0.118514803670637
-0.0499420634556655 -0.289312486729163 0.318804614368556 0.391742375455994
0.0964467786166798 -0.268481259323768 0.202701133178115 0.316443691444689
0.166335563109357 -0.227022283234871 0.0671503421631347 0.205004547051414
0.273320071885345 -0.130247958453179 0.12740445404688 0.12431934252119
0.309534636198396 -0.0710560267385041 0.263145892643201 0.0449308706607824
0.336268153321389 -0.0120661241994894 0.391178835984085 0.0197945960338898
0.397548209763967 0.041284449245417 0.490997257710861 0.0268712700113892
0.441771360074508 0.0332150378677161 0.47805001759804 -0.0379507196250852
0.468018467890223 -0.0673305860884794 0.271333930642996 -0.158242174429275
0.384169117649222 -0.217213246665394 0.0132023056393423 -0.250909406683085
0.289532570423748 -0.340630433979829 -0.21292786597409 -0.213539321577663
0.137544314454315 -0.386930505127766 -0.229859300336494 -0.0433429304183852
-0.057309574630967 -0.379599165190274 -0.180090392580823 0.100260452333882
-0.0569465488519944 -0.366374609886779 -0.256020076353089 0.145344890969392
-0.0932139545518592 -0.346295925204379 -0.365694677451443 0.25934652433357
-0.0475582696333689 -0.15045978705664 0.321996661183202 0.461571688455976
0.0438854224804817 -0.138051740313339 0.179446568834952 0.360656201681665
0.0700614853133642 -0.102477770417177 0.0364165538725052 0.215549200237697
0.120148317181955 -0.0400567095008057 0.112087143801488 0.141755934263956
0.127215716211844 -0.00461338315539063 0.268092474797482 0.0625190767448728
0.14232429941402 0.0269803218555705 0.426630041880512 0.0504493160802838
0.1947749485773 0.0513564313747997 0.581293357278859 0.0561434713719815
0.238345018819893 0.0470359576465165 0.616868117717311 -0.032832067151478
0.257378968261159 -0.0110360569680086 0.3953207761551 -0.175165095343876
0.206263751679174 -0.103800976630174 0.082912070557299 -0.287458110972354
0.152558506679912 -0.17840487496571 -0.176902660081911 -0.235594353093648
0.068015689709896 -0.211391830691779 -0.213008328261779 -0.0249617541569412
-0.0505541536920666 -0.216001256476623 -0.169404162923832 0.153123578026661
-0.0412029434949217 -0.214678409832976 -0.205488774124048 0.226755437369389
-0.0517236679925223 -0.203460087323235 -0.312362862849855 0.357312076190689
0.0241482157408874 0.0345523101347312 0.248597737348807 -0.394674446760086
0.0480954103507341 0.0218134590051954 0.160987396715897 -0.318275091262465
0.0368530404824634 0.0194095635520657 0.151485435869304 -0.197952363039221
0.0334641505677391 0.00465679579002693 0.165706313396768 -0.016541545182631
0.0136438844504897 -0.0118120611425962 0.117466841072021 0.197527534528691
-0.00527667599045542 -0.00659347524026986 -0.0851249860712577 0.238554627397472
0.00838481151171015 -0.0078979977510754 -0.423031371352251 0.131659427736662
0.0163640637482139 -0.0203043447901515 -0.632794210916895 0.0123948059794929
0.0241875785708644 -0.0180149347352825 -0.611057094000038 -0.063946877024511
0.00751337751667931 -0.023688253198656 -0.455840233731685 -0.0397832123634342
0.00861501658418468 -0.0291944239520216 -0.286873619748593 -0.0562838266264286
0.0305358806304175 -0.0124694553155959 -0.122283995370231 -0.122316387454391
0.00831861081161731 0.0047985300703034 -0.0412186805602817 -0.181694388726339
0.0113224197184354 0.0185251577792769 -0.16702292158625 -0.320932695394594
-0.00446777388695246 0.0206820429174637 -0.379959939027874 -0.434926488008961
-0.0452829834071449 -0.146277600020393 0.24296629965337 -0.338597731324635
0.000310752549454157 -0.16243986322159 0.160773664387688 -0.283537280389183
0.0218090177532348 -0.195941722852033 0.143406041832165 -0.168062305127142
0.108229184797378 -0.207528807843252 0.145901155189318 -0.0115128036544554
0.161379874371775 -0.191876614284871 0.0988878527122703 0.177418880356768
0.200947117793127 -0.13586910690788 -0.0904665031670022 0.205855486095754
0.246529102049912 -0.0625254777003728 -0.380352652142205 0.100545589069023
0.255291186836312 -0.0253163765338282 -0.577858904883804 -0.00378397781541303
0.248546309475503 -0.0177558596825031 -0.576094441320623 -0.0660964303941947
0.194200355838816 -0.0400854657248348 -0.445898802210707 -0.0410551033632637
0.181265195962221 -0.0718885865566338 -0.296727894992238 -0.0712924918748744
0.170837939192872 -0.0740004786604265 -0.131490190209067 -0.133361961892942
0.0916107567203388 -0.0962143659617196 -0.0436131923817636 -0.190289698067094
0.0783166017162439 -0.117516310861861 -0.193416753473535 -0.324892135425187
-7.94620784663087E-05 -0.137640518550436 -0.406695250988648 -0.412989756826614
-0.0961963069972148 -0.300878889713208 0.263063460819475 -0.226633495913033
-0.0181302714670086 -0.322821237019726 0.191182729275826 -0.198310596763259
0.0424271658248092 -0.380106577324463 0.152800914442181 -0.108667043537813
0.208823917551638 -0.37918112720788 0.142542635085199 -0.0002080353940818
0.318615424825734 -0.328437968344781 0.104438604682087 0.135198754137661
0.392163063554512 -0.220950826813021 -0.0434385326836637 0.143139390817343
0.450346420689812 -0.089727752637595 -0.258220663330028 0.0569056864878201
0.456406900801317 -0.0244452623829621 -0.434357855210583 -0.0183550528762067
0.449954889280955 -0.0343916073525321 -0.47852608002852 -0.0582403660567439
0.375028438878178 -0.0897957212799211 -0.407858094063512 -0.0415104003140077
0.345898790741735 -0.161194336863783 -0.3097068170299 -0.0847035761068015
0.291428676295932 -0.186781378033429 -0.161338902317511 -0.142284159734126
0.140943218151212 -0.229511949061895 -0.0794863039295271 -0.187156426555686
0.108319885637982 -0.262969630644995 -0.246888346438574 -0.297134097028276
-0.0133276414765781 -0.284089096299259 -0.440655308157783 -0.333827657895546
-0.115582700804312 -0.401398194011293 0.293252897496651 -0.0705226646375533
0.00607049063220111 -0.428409584681945 0.229712150132622 -0.0695019601904701
0.102562563880083 -0.490037459122295 0.162530654325737 -0.0205698104453831
0.320906555310612 -0.460816074379688 0.14991540304435 0.0218197547617693
0.453704397059583 -0.378620314720334 0.140489965497631 0.0832961344041042
0.535176922750782 -0.235198217703216 0.0558291851152104 0.0676188937263599
0.585629887438847 -0.0818334532555826 -0.073110019756577 0.01474167753864
0.590016175897557 -0.0179796368929164 -0.224143901524981 -0.0311972303849368
0.595950964761495 -0.067221063022228 -0.319569051940386 -0.0604032143564723
0.512642686550206 -0.174321986396286 -0.328679513082884 -0.0568023724319264
0.459818817639202 -0.294786574334914 -0.31071679285887 -0.101337950030256
0.349016284946834 -0.342784807461817 -0.201746651807762 -0.134777444100009
0.128552996187371 -0.375225587521226 -0.132745479856452 -0.148970586126577
0.0851838890013407 -0.395945621307792 -0.30332370720936 -0.221646021154002
-0.0456077037747876 -0.396910954515053 -0.461647695630577 -0.203372713273871
-0.103481014550206 -0.434198557942252 0.318689186899422 0.103361795222295
0.0585061747461789 -0.449516628442202 0.250413565427944 0.0821439540676085
0.175316736374027 -0.484894489917966 0.153483730948819 0.0793928859151007
0.39697882164119 -0.418531021212467 0.15497086399491 0.057746057645049
0.515493020579688 -0.324556440320428 0.192447386131952 0.0435583650839428
0.577038426870534 -0.182176341645356 0.186776442100457 0.0117376912371597
0.622583958354387 -0.0431688815922058 0.140049827989311 -0.00766694548914303
0.635513872589437 -0.00537065136943441 0.0234961906932246 -0.0413165737175139
0.656799340606069 -0.0996815307239476 -0.118750594932315 -0.0836775469959245
0.563643863524225 -0.254629937313151 -0.215245516918884 -0.107388491336432
0.478034005688386 -0.409472327597199 -0.291037553692597 -0.131065550659401
0.316082376398207 -0.467831646935644 -0.232263424901044 -0.107615272305477
0.0588587643725241 -0.474573184356058 -0.1751896832426 -0.0729066010510592
0.0245986590045349 -0.471510847074617 -0.328638007061339 -0.101593517172383
-0.0849174327110364 -0.450228568346501 -0.45405429064076 -0.0418458553626283
-0.0750937087811616 -0.391374981990545 0.327587994261538 0.264893827403114
0.0977766323836788 -0.386644424471153 0.239506981672266 0.219358423359777
0.20552307070023 -0.378478444118677 0.117392243034661 0.162337382888451
0.381264013215763 -0.281343064535918 0.148358818077408 0.095552893145523
0.458732249503468 -0.196431413099614 0.240533953900436 0.0312937655247629
0.499719703392136 -0.0921137724823267 0.310951503308295 -0.00424345806277349
0.553141934111729 0.00420792786334616 0.341416301160358 -0.00455697564212006
0.583183907401658 0.0103028016774871 0.270608650173164 -0.0461070012536514
0.610449859502145 -0.105340182098047 0.0907887008187861 -0.124232668806578
0.512480000992939 -0.278002878387988 -0.0929235964459817 -0.182337316172507
0.404180386421081 -0.43232963175625 -0.255483410914521 -0.17173058610967
0.224576939389459 -0.487300059060806 -0.241437716635885 -0.0712711383019394
-0.02092899073258 -0.475504438577864 -0.188100029283853 0.0205480963929613
-0.0376897106000796 -0.461317706061863 -0.307354240653975 0.03345195962576
-0.108832123831268 -0.433093825587321 -0.417945430952221 0.124978480074015
-0.0546960830111109 -0.28792507316374 0.325404246582289 0.388087694404439
0.0936971550582214 -0.270444482854143 0.206561087388634 0.312601906842176
0.163948388174519 -0.228835297122 0.0704752737768858 0.204154717435209
0.271960773848024 -0.133423316996708 0.128920180542176 0.122980895416048
0.307690575006425 -0.0746260692392175 0.26383053651159 0.041994546506032
0.335680026773592 -0.014499677904023 0.389184747953301 0.0143246888705727
0.397355353053926 0.0374866230266387 0.491111415963517 0.019299094955585
0.443655109669555 0.0290511413583753 0.479146138505522 -0.0470163358045463
0.468578599328743 -0.0731916479079392 0.270981241391632 -0.161925440167999
0.380785934411724 -0.221085620500332 0.00997268827710982 -0.250238142618498
0.282671818749009 -0.344582884478311 -0.215926272737899 -0.210391033582324
0.131851771633057 -0.389415051485213 -0.230707508463695 -0.041375833434127
-0.0623529514363888 -0.377554999352319 -0.178340874707334 0.100456569434913
-0.0618479179209099 -0.366176520206833 -0.255451251360791 0.149998091170829
-0.0977672166998267 -0.345517379876847 -0.361510731270618 0.266293771614082
-0.0495320885482919 -0.149085492354489 0.327815038906675 0.458371261078996
0.0423109280787438 -0.139386094379437 0.184726233342264 0.356680327879359
0.0685746428868699 -0.102766017826937 0.0399354470806944 0.215791218884099
0.12035668772951 -0.041281828907378 0.114169084190474 0.14021983015861
0.126731756445988 -0.00606035347089087 0.268638194151485 0.0592338523360521
0.142628923874004 0.0256841594665453 0.425319378937704 0.0451269755574141
0.195286106000174 0.0487595342000252 0.579961877295285 0.0483398780014826
0.23915562015039 0.0435132151348322 0.615933154422768 -0.0422429728509028
0.257921432457662 -0.0138990836472341 0.393865161608451 -0.181576228887981
0.204702483590467 -0.106427136444922 0.0798865310787116 -0.288000858891702
0.150379950394538 -0.180379634400333 -0.179841062429534 -0.232495138265155
0.0647724412836513 -0.212798344755588 -0.212684696472604 -0.0227758573114284
-0.0531039524339404 -0.214390112264813 -0.167432376855386 0.154608742725545
-0.0438262891629506 -0.213948778213872 -0.203449994779756 0.230478686957273
-0.0544513592864681 -0.202891187675127 -0.309015291658876 0.362950020083493
0.0245808107468474 0.0338698171863524 0.242612466308105 -0.39930641719513
0.0482712473707942 0.0203679421094829 0.156715094718894 -0.319295773411914
0.0365224010858993 0.0192794617932973 0.149170069667996 -0.198965321021222
0.0333854333278729 0.00447559331460381 0.165248108186661 -0.018015407911873
0.0134920172652963 -0.0120485957838905 0.120206686364796 0.195250355783253
-0.00463688419723288 -0.00700435142524778 -0.0826963830081477 0.238319812937746
0.00920352513308087 -0.00831318039567652 -0.42186397167876 0.136274043198744
0.0159147851845282 -0.0209578404969217 -0.631366909501038 0.0213522641615038
0.0242381939617345 -0.0187462933345706 -0.61175583244401 -0.0553853724554348
0.00749161351179385 -0.023650195191565 -0.455771310486703 -0.0340296312284753
0.00792716971693398 -0.0289424473274967 -0.286586796572115 -0.0521261313527505
0.0294843939805156 -0.0133618322251012 -0.124233412805383 -0.120708255983923
0.00801943575940732 0.0049710787356669 -0.0422996430486699 -0.180815773811334
0.0116689768419163 0.0182255709772426 -0.170071894635531 -0.316194274937636
-0.00380631216597113 0.0212546454758244 -0.385536634956861 -0.429832450930028
-0.0466522767632539 -0.1458222670658 0.238993058404174 -0.342343389117193
-0.00129301262736474 -0.162395140626004 0.157374553672969 -0.285529416978305
0.019223146597065 -0.195215868091578 0.142585109485915 -0.169109354274187
0.105964827697068 -0.208201276879234 0.145850271925057 -0.0136207345355273
0.158249501801832 -0.193793614132516 0.101102520890716 0.175708700737594
0.19918330343858 -0.13873822523288 -0.0881067814494896 0.205299972956714
0.24627659288549 -0.0653360507120345 -0.379387018155367 0.104302458949604
0.254364805424797 -0.0286967336095613 -0.576954829261348 0.00446187658411241
0.248469275001075 -0.0203612243961077 -0.57564830731392 -0.0590916241667711
0.193856132882093 -0.0420103078024313 -0.443894543554611 -0.0359066669406764
0.1792711920391 -0.0737240711504413 -0.296908330132722 -0.0675510789459179
0.169613476295092 -0.0765699650785428 -0.132690432908345 -0.131540974253481
0.0900275980232887 -0.0961695413561018 -0.0453226523231248 -0.189784363045208
0.0769941786753803 -0.117864957019206 -0.198148742499426 -0.320554331059172
-0.00179570388061496 -0.137048196471101 -0.41124512967151 -0.406361085264222
-0.0992799578888904 -0.299871527361588 0.260952001809782 -0.231317694343596
-0.0214579638687234 -0.321885577466224 0.188976317148934 -0.201436007021633
0.0368327437295356 -0.380018396533619 0.151824105987111 -0.109323914829052
0.203190486808844 -0.380780745211689 0.143380797362366 -0.00216871487793716
0.313926208017054 -0.332563155217106 0.10623820513589 0.133555161444722
0.390162087983097 -0.225715965628468 -0.0424649639987392 0.142336801039281
0.449289945626699 -0.0937803800018403 -0.256328745215584 0.0588719388719551
0.456715323636685 -0.0288937819114833 -0.433274001965001 -0.0125260438660816
0.449854213971847 -0.0405878877979711 -0.477780638441557 -0.0537954950360684
0.37339416878785 -0.0948191107385786 -0.406980234128531 -0.0360390754912395
0.342752480706182 -0.165041201432936 -0.310180666270289 -0.0797997157243434
0.287952844076004 -0.190489989875905 -0.162972195786806 -0.139929787355668
0.138139390974868 -0.229690260806968 -0.0807698023543248 -0.187067344957537
0.105292299812738 -0.264170710572066 -0.250667569772727 -0.293370590204378
-0.0170054529546598 -0.283322670919688 -0.443595708494779 -0.325193873965131
-0.120286989417898 -0.3994334077959 0.292619176754171 -0.0737506000980237
0.00245602165399802 -0.427016426218964 0.229098048166938 -0.0728196186223654
0.0961671678891629 -0.489413051919527 0.162890757737671 -0.0221064821996259
0.314634260496831 -0.464109028596795 0.150665253978619 0.0201959975141275
0.4481157221875 -0.3837458833257 0.14139695908764 0.0815244412665082
0.530447003711624 -0.240951669151224 0.0564055072302035 0.066464525934525
0.58473858648746 -0.0875038832943766 -0.0721474755117487 0.0147957173629565
0.590410911770809 -0.0242478936847189 -0.223802623154502 -0.0284999051480808
0.593738992145573 -0.0758112654718486 -0.319467753972375 -0.0555385812459753
0.509505584283566 -0.180664839458859 -0.32850106830271 -0.0521691923176745
0.454546359600935 -0.298623535319248 -0.311051539582229 -0.0971431974071646
0.344144514691429 -0.34792500047282 -0.202918102362849 -0.132659521543143
0.124079930989789 -0.374176071309706 -0.133768463643037 -0.148948056807235
0.0814380037399 -0.395816641133859 -0.305984137212926 -0.217507424528323
-0.05050398771743 -0.394599240457277 -0.463452863068945 -0.195838634799032
-0.107759011519485 -0.432212923157897 0.320277291143157 0.099379266037687
0.0521190087869299 -0.450563371057071 0.25143886272791 0.0791305922879201
0.169225555446274 -0.486076908440844 0.154859538632124 0.0778883840124798
0.391046404656563 -0.422950766933727 0.156578387888989 0.0562295178738525
0.510219731106016 -0.32930977332211 0.193819056824579 0.0413236330406095
0.572946168937088 -0.188172695212539 0.186054986746467 0.0087642718430119
0.619689298514564 -0.0499677791373609 0.140988836944651 -0.00963722588668549
0.634741534391376 -0.0126523949452932 0.0236457724271041 -0.0415833026070663
0.654406427875332 -0.107787670355758 -0.119532366632193 -0.0819941571497161
0.559199404952338 -0.261537306678528 -0.21554849953944 -0.10385384940915
0.471797932478172 -0.413769770654274 -0.291706904300423 -0.127251254509241
0.308038457248154 -0.471922579492091 -0.233736599874306 -0.104843187389665
0.0526957067740837 -0.473119119641783 -0.175627979337085 -0.0720560934746694
0.01905091930569 -0.471252714521966 -0.330043578146647 -0.0972472773367241
-0.0910356155038388 -0.447322668799138 -0.45452828297077 -0.0341337890944316
-0.0800666828113125 -0.389352187319365 0.332985034638337 0.260537775274812
0.0941709711061185 -0.387725987825065 0.241944132830695 0.215662856429674
0.199990610086312 -0.380716902894829 0.119746567452023 0.16010754667538
0.378330180556345 -0.286698433527336 0.149440661760321 0.0934215641161123
0.456156864372901 -0.201982481637301 0.240781544068482 0.0290621746032489
0.49736675966953 -0.0979990100504315 0.309043624607705 -0.00701190501071529
0.551232848950508 -0.00209754764839799 0.341081987730856 -0.00851426446371478
0.583082033862578 0.00343794585411451 0.270232423365203 -0.0497887937177197
0.607986355197443 -0.113506351683206 0.0890593278175395 -0.124332637718629
0.507675582270214 -0.282855905666442 -0.0944048946443077 -0.180138438792996
0.398534030751208 -0.437473684113635 -0.257051025683593 -0.167729274191016
0.217143317430547 -0.490337003652632 -0.241755009322548 -0.0689126960962189
-0.0267589923926249 -0.472316797987549 -0.187374578601091 0.0210695898829521
-0.0417590826446724 -0.460617579100159 -0.307430303186338 0.0382868600967938
-0.11432992514218 -0.431915605999133 -0.415488345809672 0.131561220737678
-0.0578647572680439 -0.286727426962523 0.329757752770728 0.382940198036591
0.0906593329988701 -0.270739302799054 0.209993559504618 0.309044432592564
0.16091751295178 -0.230205285339711 0.0733736112834337 0.20271464745022
0.270676985364025 -0.136103033209077 0.130716740562979 0.120695354149086
0.305724002904177 -0.077716437721464 0.263164212250562 0.0392519877254157
0.334664229133377 -0.0181878725594222 0.388188993798192 0.0100155416444689
0.395037182478347 0.0326593164239644 0.491096924278374 0.0137962778964533
0.443029534493387 0.0223962181747184 0.475817733800739 -0.0531523044822347
0.466293076976078 -0.0790495118298606 0.269776988241628 -0.164749205811311
0.377862352932656 -0.22486420311622 0.00729255448947522 -0.249546313556575
0.279589102390925 -0.347808649526996 -0.217431749067231 -0.20712248417866
0.127403713053734 -0.390758855883866 -0.230103449524623 -0.0393314462775884
-0.0649923084931856 -0.374300269717499 -0.177155310883686 0.100673694268748
-0.0659584470487419 -0.364516036542847 -0.254447097576568 0.153399521142278
-0.102390826541827 -0.344989718115962 -0.357981227362537 0.271680426257896
-0.0512843914683189 -0.14849407570195 0.331259756378081 0.453423686956171
0.0412020057183377 -0.14012889639702 0.187644353265774 0.353491703909419
0.0676005028574633 -0.102976050749321 0.0429700176760623 0.21428866323429
0.120258688766935 -0.0431184013089162 0.115975792826169 0.138497012484014
0.126293624699734 -0.00674151386064113 0.268311693663138 0.0565241441785184
0.143165834354202 0.0242893220642099 0.423936840628603 0.0401891921822636
0.195100000976137 0.0462111939102231 0.57912489598252 0.0416003102599726
0.240265168315148 0.0395634547089674 0.614988120083198 -0.0506238081375551
0.257473009900659 -0.0176850751290316 0.392720622520645 -0.185250022437848
0.202754863456415 -0.107799066891898 0.0772363515836591 -0.28761964094037
0.147249850852471 -0.181833864699661 -0.182724181208185 -0.230055763666609
0.0616917646752285 -0.213834909250305 -0.212472934093124 -0.0207112426048076
-0.0555040339163149 -0.212625472416485 -0.165878974151493 0.155385917164351
-0.0464016845389529 -0.213363090366883 -0.201405567570116 0.233656390208169
-0.0573021601367033 -0.201862008021727 -0.304617273793112 0.367208992090448
0.0249987598210569 0.0333855756086639 0.238041664642337 -0.401379626708643
0.0483367825875172 0.0195379050936283 0.153490684071547 -0.321042756601416
0.0368552440396255 0.0187106232726872 0.147043155359515 -0.200097010000472
0.0331403485636353 0.00439937531717981 0.164774399651685 -0.0202188884082041
0.0126435468576087 -0.0127863012424811 0.122077417692842 0.193433522623325
-0.00438787691928239 -0.00684411421540972 -0.0800420765301979 0.236888382495416
0.00961336085979194 -0.00840466454538457 -0.419825627009761 0.14023367245242
0.01572021690028 -0.0211437372609956 -0.628628185431285 0.028775441501161
0.0243749892574342 -0.0191959539491109 -0.610310568027967 -0.0482901220661126
0.00741907663210672 -0.0231119822445488 -0.454706625522341 -0.0282489091579061
0.00728162437402472 -0.0290095289703911 -0.286593831593145 -0.0483792833915148
0.0291160426668202 -0.0132271041261432 -0.125239111973653 -0.118420396824178
0.00796993498737283 0.00534717748988704 -0.0440621253139301 -0.180048895612768
0.0120704060804639 0.0183123339504991 -0.174547867479518 -0.313722205494528
-0.00336707824072599 0.0212720351832056 -0.390250740442631 -0.422484478142934
-0.0482557431392387 -0.145058171044669 0.234408900690685 -0.345132129697359
-0.00363035550815687 -0.161604800474515 0.154074371179266 -0.287060059669969
0.0169633864384733 -0.194766538263551 0.140582027764237 -0.169960868726281
0.102902763294278 -0.208881226645041 0.145619446163847 -0.0156617003279511
0.155229777095484 -0.195575577134133 0.102855331790912 0.174086598677298
0.197680343017737 -0.14076585374391 -0.0856329379524099 0.204283483757995
0.244782371583616 -0.0681793393351868 -0.377641040279825 0.108161478021264
0.253185861798807 -0.031108492169912 -0.573743388714123 0.0114583467261481
0.247320725400807 -0.0236406228839355 -0.575378458310433 -0.051837011582189
0.192422439342708 -0.0433460307793304 -0.441870697472912 -0.0301431652102468
0.177086981767829 -0.0755529857792933 -0.296557958621763 -0.0633744422573974
0.166813348101592 -0.0785189461598422 -0.134431768617332 -0.130033527531878
0.0888336846489061 -0.0960458150306803 -0.0464091341662208 -0.189653129928496
0.075793122086128 -0.118759888146054 -0.200774954439371 -0.3175943462915
-0.00339091946213146 -0.135775068836207 -0.41409401677907 -0.398449694782218
-0.102977054355925 -0.296239867138902 0.258266842142537 -0.233863244514618
-0.0250542439732774 -0.321259533169861 0.187032377280562 -0.203775686583644
0.0319846208377934 -0.378130112464258 0.150604409449554 -0.111459670444256
0.199149891419877 -0.381865433549683 0.142816827822372 -0.00495634145228518
0.307442789737482 -0.335262750306959 0.107768324650592 0.132002522937505
0.387996075571927 -0.229098094868031 -0.0406526634543899 0.14091211310291
0.447144460398332 -0.0985056012550244 -0.254227386471615 0.0610027608645644
0.454136994018624 -0.0338615704212886 -0.431618631009199 -0.00747693670490753
0.447393132431895 -0.0457872098698126 -0.477496097741437 -0.0471322457812774
0.370076548796936 -0.0984386997063876 -0.404859056533703 -0.0295485003521731
0.338650589714385 -0.168139724770073 -0.309596529187446 -0.0754299837870734
0.284592591376998 -0.193239315270069 -0.163835948787905 -0.138040167209081
0.134946154590558 -0.22917974303932 -0.0822609455761482 -0.186797718582209
0.102350329279503 -0.265405171806491 -0.253419312532765 -0.288570042580121
-0.0193962239485295 -0.282090652344942 -0.444854361785801 -0.319046097391288
-0.124523908111094 -0.396926897184812 0.292111703621497 -0.0786538347918169
-0.00364660232332518 -0.426217256108741 0.228096246723261 -0.0750326313802252
0.0920855871269703 -0.487996216564993 0.16233478149613 -0.0248138562852373
0.307530974275104 -0.466812638725897 0.151294381427567 0.0180421752771312
0.440922144673794 -0.387297248506779 0.14206447399195 0.0795907106729845
0.526772870256294 -0.247371825277352 0.05650344390015 0.064598115986633
0.581226306872731 -0.0943590096958784 -0.070842956429965 0.0153216633681641
0.588772871398224 -0.0298289339241723 -0.222590762065414 -0.0258716447002923
0.591592570787845 -0.0825072448687138 -0.319684160664423 -0.0521142587825388
0.505721197985236 -0.184983547799626 -0.327815451458374 -0.0477752206444474
0.450287568384108 -0.30311165235294 -0.311449976052919 -0.0919875991552731
0.338889858674961 -0.349976005124979 -0.203156559574283 -0.130484507698494
0.119558784834103 -0.373399012631244 -0.134534383091908 -0.14866083831178
0.0771112092784685 -0.395894189753536 -0.308093063531318 -0.211552608259315
-0.0554348926012098 -0.392099816238062 -0.464369497486168 -0.189211125913524
-0.113586228776526 -0.429378295752864 0.32043929114791 0.0942681966137949
0.0475181126283865 -0.449462560072216 0.252150820454347 0.0754758603077034
0.162784325510834 -0.486245583738982 0.155977080258582 0.075638784356591
0.385816857847312 -0.425822131210428 0.157676630280327 0.05368412142821
0.503937985482523 -0.332849582778943 0.194087074003808 0.0390501943297787
0.568311795048589 -0.194089097468499 0.184602741722544 0.00647799612514254
0.617198621393981 -0.0566597921748118 0.140972150670149 -0.0119496803607771
0.632930164628229 -0.0215311583605051 0.023074953750841 -0.0414772478928148
0.651400989919827 -0.115323187953554 -0.119357879543284 -0.0796273591909603
0.55417168941923 -0.267465727372477 -0.215535186085617 -0.100011827966049
0.464655425391157 -0.418559262316283 -0.292547366089177 -0.122070005850176
0.301828592382026 -0.474285866026151 -0.233645884864703 -0.102479535907214
0.0484738014113317 -0.470324996107768 -0.175812915061456 -0.0724558353610962
0.0133532413310119 -0.470409539325992 -0.331079639830758 -0.0918109368472377
-0.0956010412629602 -0.446298874956214 -0.453748494056268 -0.0269038138619268
-0.0850524099295681 -0.386781217726906 0.335870632377463 0.254103779658181
0.0888864500692081 -0.387982292388139 0.24449779981418 0.211372759461778
0.19595000301027 -0.379288570792903 0.122340166326689 0.157652866535432
0.374515846401016 -0.288882583983603 0.150936402972173 0.0912429228075829
0.452196324399897 -0.206823759425633 0.24011225519213 0.0262822205030388
0.493386653242657 -0.102437936529503 0.308144665053962 -0.0110750779939913
0.550194735547728 -0.009019090687844 0.339900647103939 -0.0125135007633896
0.582407683961702 -0.00284566691050271 0.269513876585086 -0.0537453864034105
0.605674482531937 -0.119568058758936 0.0883231778982947 -0.125108032477313
0.503383563283315 -0.288868084759712 -0.0961495640530859 -0.178114522218515
0.391682554079289 -0.441261995550057 -0.258676557089032 -0.163818651350367
0.211882090257005 -0.492072047483858 -0.241556670406233 -0.0666603587391218
-0.0326872795384851 -0.469829294028763 -0.186902295890924 0.0212591548424013
-0.0487122312729147 -0.458818437012714 -0.306560562021427 0.0432802705030214
-0.118986628915635 -0.42738584780922 -0.412711675461769 0.137399635995448
-0.0608899467951763 -0.285211209394828 0.333805113681485 0.377535206982732
0.0873447513861217 -0.271292600174984 0.213758676103876 0.306034450686714
0.157768338260316 -0.230751428634883 0.076609460987696 0.201200467527231
0.268363817802833 -0.138846523256382 0.132451129919333 0.119082785144517
0.303044874065794 -0.0804394728398545 0.262982495848978 0.0363590653044396
0.332731028577154 -0.021072021323204 0.385668186775506 0.00619588676874529
0.395660446517264 0.029282837660722 0.489799723124641 0.00733460637938811
0.442929093348117 0.0166950351896619 0.475570748395641 -0.0584970681851581
0.46498938619205 -0.0845069421609494 0.267653886080087 -0.167671491207462
0.373038209998729 -0.228126806513943 0.00523775834047296 -0.247965712416103
0.272734500456888 -0.350317205611417 -0.219260526796478 -0.202778564311017
0.120725700578841 -0.392058576478939 -0.230039756461594 -0.036827759273564
-0.0697354858844641 -0.371398323038681 -0.175975358952403 0.10140866509121
-0.069164128186837 -0.363770650491718 -0.252766208736701 0.157626953912038
-0.106191615374158 -0.340744835371472 -0.3539360948872 0.27637151822717
-0.0530754687005599 -0.147102324773372 0.337618054079478 0.446948682650798
0.0393682472755839 -0.140431668545677 0.191461987836285 0.350536299449399
0.0662633984242289 -0.103811871510308 0.0455172493169484 0.212873596056889
0.119148623353113 -0.0448064505323877 0.117432588976654 0.137162044005351
0.125304007155956 -0.00822622057976519 0.268166350122779 0.0539476021907665
0.142845530162157 0.0237402779977565 0.420674498821959 0.0356632402968016
0.195335278617482 0.0442106205605294 0.576357584896951 0.0331289566699789
0.24015121872154 0.0366902127508981 0.612528365917222 -0.0571225398185033
0.256936679909023 -0.0205874181367738 0.389696917172455 -0.190728582663147
0.201040168964073 -0.109361267331532 0.0739325053667447 -0.287572943812453
0.144551689916255 -0.18325185388353 -0.183976885228576 -0.226418011071825
0.0590904886234095 -0.215159745687058 -0.212539841186071 -0.0190062067779671
-0.0576077072849361 -0.210359961092103 -0.163733899661813 0.155845583233576
-0.048647756738903 -0.212236770768238 -0.199134030564117 0.236049426148668
-0.0596413511230591 -0.200361687268145 -0.298717792326235 0.371879919901024
0.0254337122431306 0.0329461795911104 0.232311298761265 -0.40420613706676
0.0484667554728495 0.0187996379743414 0.149610534043329 -0.321665355696093
0.0370107106280199 0.0182272507350858 0.144552424084813 -0.200309904040233
0.0330475772139582 0.00424411280057296 0.164030423478976 -0.0216975737880131
0.0118682865142011 -0.0126942046310526 0.124064967332028 0.190941472658995
-0.00389118979510556 -0.00722674699769595 -0.0778148574442186 0.235839901566766
0.0102007642789309 -0.00865224868163874 -0.416449980331857 0.143971385429143
0.015862598026243 -0.0211182743742151 -0.625484468130207 0.0366516911656904
0.0239639841718458 -0.0195439223551256 -0.607148980432599 -0.0402068509166315
0.00704702843477188 -0.0230723099607414 -0.454049939530114 -0.0220597264463428
0.00684402020871241 -0.0286623331781802 -0.285285748149848 -0.0448500680636888
0.0284099715451816 -0.0139108643644726 -0.126578930119492 -0.116891835516453
0.00781158158467153 0.00538861348890127 -0.0448892215337739 -0.179177431222351
0.0123190296202612 0.0177321787612297 -0.176591656061265 -0.309191441977936
-0.00259595988281162 0.0213937311786257 -0.392998913049092 -0.415852325575204
-0.0502659887816723 -0.143729843971602 0.23027454467618 -0.346574547454214
-0.00491454969911243 -0.161372248801457 0.15049412967305 -0.287735170788918
0.0144811446480566 -0.193750496711744 0.138017268148039 -0.170087502569065
0.100132052124489 -0.209098870274126 0.145526717683242 -0.0164854582456877
0.151997697734438 -0.195977196624525 0.104890584533279 0.172308945122492
0.194954572172969 -0.142330218977051 -0.0835080615815975 0.203096777334626
0.243892425591874 -0.0696084957164844 -0.373495356771274 0.110637375081158
0.252734520609537 -0.0337767236912792 -0.571791409570917 0.0182285768203349
0.246171483814386 -0.0267275293574224 -0.573053674998128 -0.0462350479390304
0.191307047491575 -0.0455820587065169 -0.440111650949387 -0.0251433679931952
0.175176703588166 -0.0768466142409261 -0.295773890791749 -0.0590769584246463
0.164756137200392 -0.0803869187932936 -0.135133590527674 -0.127528757093626
0.0869976035096349 -0.0958026317664505 -0.0473639671358997 -0.189266151101513
0.0741744812379654 -0.119033209353033 -0.203676476132491 -0.312901404525961
-0.00480223661808586 -0.135004863048715 -0.4167629521553 -0.390384757919226
-0.10564171495371 -0.294970283263792 0.255599395733346 -0.236290487450503
-0.0282947576502997 -0.319359851978348 0.184121373422395 -0.204963885433084
0.0274814339354437 -0.377102544918722 0.149173619041449 -0.11196191651889
0.193384546045322 -0.381478067883341 0.143243815711373 -0.00566213170739359
0.302282697736681 -0.336478024592038 0.109429189199708 0.129525401079177
0.383543373738238 -0.232389899761827 -0.0398237338765415 0.139449941358998
0.443788763714718 -0.103915506729587 -0.252678282131865 0.0627906165679101
0.453904552742437 -0.0395763983574978 -0.429269757323068 -0.00205202972637171
0.445704433753348 -0.0503037872194644 -0.475873254433857 -0.0409229693898444
0.367941562034966 -0.101214320511349 -0.403031912160957 -0.025133894904131
0.335170257968344 -0.171295220903585 -0.309603388426863 -0.0712337684999856
0.280885840148583 -0.196274218422012 -0.164556546444917 -0.136323561270735
0.13234057004002 -0.228257853882443 -0.0829771641125269 -0.186400674828675
0.0994099110141647 -0.265143434824904 -0.255634377961943 -0.283043339550799
-0.0230507884958474 -0.280118104395578 -0.448120907474289 -0.311348684459404
-0.128795248855864 -0.394415798151887 0.290275726498512 -0.081535106040674
-0.00714890811775766 -0.424944771988402 0.226983399892875 -0.0778971931203139
0.086470385161507 -0.486155805031016 0.162188385504756 -0.0268016183730764
0.301315912127344 -0.4678968270711 0.151410967548622 0.0161931591992056
0.434453943166916 -0.389672041746697 0.142953010823287 0.0777072236400339
0.521164312617096 -0.251443257620222 0.0562669095483126 0.0627979049280636
0.577897417993246 -0.0994541723559418 -0.0696263459962165 0.0151999982289899
0.585561160179764 -0.0373258274344203 -0.221757793718224 -0.0230791880739154
0.587135646754943 -0.0887646596351036 -0.318084620217213 -0.0475167178169949
0.500227407740318 -0.189806200048704 -0.326297706874325 -0.0430799947902383
0.44407709282639 -0.306657672393554 -0.31113871773376 -0.0876371015825853
0.33314948083457 -0.353597268119948 -0.204074665869179 -0.128052609517056
0.115732726534429 -0.371146748226336 -0.134907579141817 -0.148457799483954
0.0725296436266363 -0.395479823494252 -0.309754864840459 -0.206342135307699
-0.058865812052447 -0.388993480052382 -0.464236565141862 -0.181842875010135
-0.117565189001186 -0.425257625831892 0.322159355681821 0.0898928336799697
0.0437688304525849 -0.448067768456606 0.252667544661712 0.0716264504578701
0.158117311728543 -0.486341127153789 0.156763521565868 0.0736357244252794
0.380249291636759 -0.42791995426348 0.157951193061934 0.0513016565205447
0.496295302834732 -0.33735358974975 0.193963369491531 0.0370010744545466
0.564209951240202 -0.199587282584652 0.183430171462647 0.00357811464082265
0.613291411707636 -0.0629357479381579 0.141179204472964 -0.0139799041480913
0.631121027664722 -0.0275617120079694 0.0228774182161621 -0.0419483741008472
0.647762488333745 -0.1216784067708 -0.119273695912062 -0.0779779897055867
0.548576678191546 -0.271626657669654 -0.215142590801134 -0.0964402353908452
0.457737262007335 -0.4207906889146 -0.291993482913162 -0.1175744884667
0.295190245432111 -0.476985215681398 -0.233464148556455 -0.0998175787845907
0.0429581398133817 -0.467546565379057 -0.175628813795926 -0.0713910709147234
0.00869134685084613 -0.468339689448753 -0.331139208912737 -0.0871110293754586
-0.100502054506549 -0.442253542740452 -0.452077611877527 -0.0206335543738537
-0.0884120208133559 -0.384357058403431 0.337629688582921 0.250924887864798
0.0855617760988485 -0.387770800011067 0.245953929743791 0.207494237063524
0.191474631444783 -0.380098199414371 0.123940219085785 0.1557385779855
0.369556933773928 -0.291706756417814 0.152285199084792 0.0892617839046521
0.444878515940232 -0.208784475677163 0.239353667656132 0.0235970892015825
0.490341159283985 -0.107443704080787 0.304544430744194 -0.0133173327013172
0.544502071168739 -0.014700529621626 0.338921465567308 -0.0164145863177894
0.580091043981956 -0.010663156196569 0.267714155022547 -0.0562414065750325
0.601154093248391 -0.125776087679084 0.0872983767752256 -0.125219469563332
0.497627586248895 -0.292523228071911 -0.097191764324659 -0.175740610600626
0.384816658517242 -0.442983564183026 -0.258281742279732 -0.159375322913765
0.203508986768417 -0.493678800470233 -0.240836399966075 -0.0638794418173383
-0.0363802420898354 -0.465979453291465 -0.185869125191949 0.0215632402836417
-0.0532048097967199 -0.456476899018314 -0.306308987853571 0.0468559878914163
-0.123538540548315 -0.424509031310999 -0.409558301910147 0.142675366676048
-0.064092907638331 -0.282895783608698 0.336429795927132 0.372767550624031
0.0845211079921682 -0.270795413342073 0.215863846486419 0.300498364922366
0.155002258770933 -0.23123421438239 0.0791458715159183 0.198681446432983
0.266214493545032 -0.140584715780274 0.134004568506797 0.116701300409208
0.300436426315706 -0.0832168283984269 0.26229446911562 0.0338634859409297
0.331505513691604 -0.023084788989583 0.383682839642857 0.00158059907508558
0.392851639525745 0.0232474557654488 0.487750952911105 0.00276494263785818
0.441717032396563 0.0127151396447421 0.470551968340301 -0.0635519564806372
0.462393878201366 -0.0891617004631676 0.265231374024744 -0.169697948249871
0.36985202181965 -0.231146830934097 0.0028390861789819 -0.246766276711082
0.26876862564182 -0.351846946721544 -0.220098288377596 -0.199151859533152
0.115642751197776 -0.392187790135221 -0.22890369405446 -0.0344019684941967
-0.0734445867989799 -0.366616716769634 -0.174544887658872 0.102121521839484
-0.072547674175865 -0.362045969855931 -0.250968577075734 0.160251905084601
-0.109727303433329 -0.337994578860518 -0.348342506383223 0.280592379377504
-0.0542951756534588 -0.145020076207893 0.342172748130465 0.440773653941208
0.038325428973038 -0.14035129538047 0.194418613593944 0.345024808856594
0.0646107657259926 -0.103102607062135 0.0485815647951563 0.211163049336168
0.118605693748926 -0.0460421580241517 0.118971372445234 0.135213455231622
0.124612405230245 -0.00907772685829544 0.267678630886395 0.0512259903190728
0.142634363726828 0.0226939592331074 0.418821228071333 0.0311979030042153
0.194601543731627 0.0415664370099198 0.574769837538483 0.0269140251860313
0.239944503674272 0.0334346428298114 0.608166392557455 -0.065164584083338
0.255911710338003 -0.0231837358322604 0.387896085642214 -0.193009997315595
0.199395122706914 -0.111047263676873 0.0715764216645053 -0.286510858312821
0.141524369942495 -0.184114469607222 -0.185958610335681 -0.222883889641539
0.0558719072755085 -0.214420298448934 -0.210607702019975 -0.0173001858951495
-0.0591604560733032 -0.208146155868836 -0.162201373870622 0.156119638441023
-0.0511094288165367 -0.210904296356968 -0.197153310887021 0.238144839185368
-0.0617789456412494 -0.198928792046985 -0.293366201176693 0.373595235044479
0.0255912680007972 0.0318719937896936 0.227740295394824 -0.405502119561978
0.0481674714793434 0.0184028840496258 0.146310048357615 -0.322056425872228
0.0366182125750686 0.0180744902765539 0.142463671313572 -0.200452380563317
0.0327861106474632 0.00364111641804694 0.163379602831857 -0.0226648099274964
0.0113308220134303 -0.0132879095279622 0.125188399225954 0.188234556203816
-0.00408278244244365 -0.00736715159422353 -0.0757119060113609 0.233987024339327
0.010576418231393 -0.00872097723197206 -0.413099308601638 0.147567296107954
0.0160987926834886 -0.0208575552476459 -0.621621064193331 0.0433115569915493
0.0241144780625324 -0.0197759389903844 -0.604724860698813 -0.0339329569099604
0.00729575849941736 -0.0222365366462429 -0.450607278749147 -0.0187256345726743
0.00588266306852919 -0.0281984254308043 -0.283667898780838 -0.0410733473322712
0.0279452419033681 -0.0140907674559843 -0.127006582465761 -0.114980216367315
0.00791638436160022 0.00555637560755609 -0.0456651824763993 -0.178076984640631
0.0125980065150073 0.0176316508143062 -0.178464271683842 -0.306034449928011
-0.00255556813381212 0.0217258918755516 -0.395381989776855 -0.407913645123155
-0.0514664874249007 -0.142873926755937 0.226049291916816 -0.347593523565549
-0.00660916498231504 -0.160803179491718 0.147844515823743 -0.287846686899291
0.0124534653420131 -0.193086539613898 0.136734717370244 -0.170281126212697
0.0978004232146453 -0.207328433643259 0.145261135465422 -0.0184965643577659
0.149318568114024 -0.196784399644846 0.106335609131103 0.169703158735549
0.193221021258806 -0.143942509693973 -0.0818514931214096 0.202130844436359
0.242215703523247 -0.072582262242013 -0.371238487613991 0.113240641130992
0.251363835452029 -0.0360588679392049 -0.567270306025894 0.0248018259359087
0.244738966906724 -0.029126674779014 -0.570273535441637 -0.0390501173446703
0.190178236151713 -0.0466989355603737 -0.438017117765449 -0.0195403580899165
0.172865172658457 -0.0780552916886247 -0.294857129425479 -0.0553755654076747
0.163145085046556 -0.0816393113204754 -0.13617826174153 -0.126194451386252
0.0862843555015895 -0.0951329578534624 -0.0484433250267348 -0.188593562751817
0.073065430557564 -0.119106421218906 -0.205576650538507 -0.307654883201194
-0.00539662112658308 -0.13360901064807 -0.419451165439104 -0.384707348509426
-0.107902086458898 -0.291876491486625 0.251837989391006 -0.237648033710245
-0.0310131409570147 -0.318230425908314 0.181973581839103 -0.205799838678296
0.0249830826249404 -0.374090931979356 0.148183237596885 -0.113571846038289
0.188481111013533 -0.382732043639376 0.142639748423646 -0.0070676558408048
0.296961552598317 -0.337054567578511 0.110923290117088 0.128170080358883
0.378608844094085 -0.235760147067263 -0.0390714124060478 0.138596098947835
0.441126004151851 -0.105253257184742 -0.250152068147126 0.0637737359081354
0.450792299948203 -0.0434649347740664 -0.427351017159018 0.00244830462683312
0.442903171420805 -0.0540994288057214 -0.473923705861646 -0.0364032140210676
0.364356057857218 -0.103449319494795 -0.401587281456529 -0.020439293116769
0.330684886903433 -0.174018175738454 -0.308309725967701 -0.0674767658975719
0.277219159077184 -0.198325210966095 -0.165228929823888 -0.13433752942078
0.129264107186546 -0.22717318272769 -0.0842384237978002 -0.186180417674858
0.0967278339544875 -0.264790276542855 -0.257695346910638 -0.278565377166479
-0.0248633121168297 -0.277705346080642 -0.447941052064584 -0.30350861250038
-0.13142869855262 -0.390148674384911 0.289369677536888 -0.0842049106257642
-0.0102825935320618 -0.423905259040654 0.225844378764253 -0.0803177215308954
0.0807956903717022 -0.485515987843256 0.161947263224163 -0.0276566426504957
0.297252708699036 -0.46737665478777 0.151994584426004 0.0139040231020737
0.428077550133684 -0.391697705859704 0.143473288142512 0.0762461127018522
0.516108227687722 -0.255241272968643 0.0566708671998994 0.0615551160378823
0.572191540435302 -0.103869328677441 -0.0682238108379607 0.0149029712958629
0.583588893351505 -0.0428341745418149 -0.220559827432921 -0.0208132949250366
0.583658088324676 -0.0943080758426161 -0.316902556691222 -0.0440689202322706
0.496439552666242 -0.193599475710683 -0.324824895045747 -0.0391451373382979
0.437408272995853 -0.31006746030523 -0.31041031703175 -0.0835189034705371
0.327116435078095 -0.355113788381612 -0.203745637077534 -0.12584013180837
0.111419517267275 -0.369097599991997 -0.136208756486423 -0.148335926743464
0.0686591795581539 -0.394876223784671 -0.310240191723989 -0.20130217263099
-0.0624693461199295 -0.386424663976574 -0.463544037886919 -0.176052285869049
-0.121811148092818 -0.421498397629263 0.321688173691565 0.0867111140287506
0.0391654478496438 -0.446299566708695 0.252825518875479 0.0685517791672407
0.15292451415513 -0.484467523047944 0.157891400327743 0.0712503893519456
0.374104219755299 -0.429492990755374 0.158468049377213 0.0490373211640779
0.491305154482584 -0.339702901955682 0.193327853861423 0.0346786406184253
0.55930086836191 -0.204515101884855 0.18241256703237 0.00172331400501527
0.609473207280174 -0.0674202849938032 0.141170673922703 -0.0163766641919258
0.628664735140682 -0.0332492997953647 0.0230329326563471 -0.0422556379769816
0.643069987376511 -0.128941401396688 -0.119576017590375 -0.0761010851231187
0.542078543855953 -0.275696097886441 -0.214861158371227 -0.0931665474543228
0.451201348547835 -0.424597990735234 -0.292544720194718 -0.113653016849546
0.289372510647897 -0.476992032195801 -0.233038673192159 -0.097911056682521
0.0390011753649536 -0.463376758928813 -0.175404567871725 -0.0711449345667803
0.00402795499968566 -0.466438070734107 -0.331559138125535 -0.0820991848374272
-0.103596658842647 -0.43890543749026 -0.449676993185627 -0.0150076373802795
-0.0931791578261471 -0.380295850431479 0.339836073309848 0.245652899598569
0.0810991240684305 -0.386245778868301 0.24700295597787 0.204192542398723
0.186924455229334 -0.38009679255413 0.125273379530218 0.153420691954513
0.366029699778327 -0.293845044146231 0.153072654396148 0.0873758881556615
0.440929337869139 -0.211890416811311 0.23869207793477 0.0216520410064403
0.487910897858837 -0.111858328704 0.301433738741807 -0.0174260961309963
0.542381587618594 -0.020617924939029 0.337773661910267 -0.0202142539658413
0.578250169733551 -0.0146088424736284 0.266087882544358 -0.0593324415435185
0.597056287512169 -0.130957177726302 0.0864041985140906 -0.125876335059986
0.492162915849188 -0.295479926690954 -0.0980564357035452 -0.173289524944286
0.37763244350404 -0.444896636746025 -0.259182510536568 -0.155409826803931
0.19756448323921 -0.492904339264294 -0.240273600731882 -0.0621260978379602
-0.0390679512390658 -0.461223433336466 -0.185361743967372 0.0215008822012986
-0.0575913063110648 -0.45358268390803 -0.304852174578831 0.0510166172024377
-0.126994883203671 -0.42177154252767 -0.405319863530489 0.147337248934124
-0.0662433056367557 -0.280829084432258 0.33910657847774 0.367409712519324
0.0823819180923235 -0.271096429934808 0.218895742023437 0.295722201117558
0.15182725777156 -0.230629188249799 0.0812955129056463 0.196487067823911
0.263652602242081 -0.143202512395791 0.134533302271281 0.115037681482431
0.297930760656643 -0.084443152927117 0.260884660999652 0.032005719925973
0.329339264108424 -0.0276344589611102 0.379866896931674 -0.000294428111448241
0.390312670069765 0.0196768680188805 0.484844325831211 -0.00198926876987482
0.440131029369784 0.00757449505517806 0.469790199722156 -0.0679653555120802
0.459509471128273 -0.0935164474060269 0.263716834186958 -0.171587765048802
0.364998434533124 -0.233377568394766 0.000760324534879961 -0.244811642359442
0.262829401845897 -0.352616355920672 -0.221420975104362 -0.195236498010624
0.110770980992366 -0.391579918568591 -0.227787534648946 -0.032710570572688
-0.0760937371983899 -0.364075038223441 -0.172963498227143 0.102027868991011
-0.0761796486534291 -0.360010203385571 -0.249366449282827 0.162456468380611
-0.113839898466941 -0.334691033037075 -0.343383866930886 0.284049728888615
-0.0552267398030631 -0.143854675705684 0.343341220984395 0.434729521298835
0.036778908361692 -0.140678415366677 0.195891031632331 0.341009112434683
0.0635471878116807 -0.102902884125611 0.0505730961118752 0.209537434219868
0.117672350485171 -0.047168195387209 0.119486860485713 0.133213870949217
0.123730485491933 -0.009539133527388 0.266450567799807 0.0486666526734864
0.142353778140939 0.0214834458787298 0.415529175925693 0.0274329087710942
0.193448952049691 0.0399803910339644 0.570461060112443 0.0220839400049146
0.239346976126722 0.0301962124130556 0.604695457870575 -0.0712982382670181
0.254785475884519 -0.0253037088964734 0.384619572584152 -0.197764194305547
0.196789609591754 -0.111341177342868 0.0682709097354293 -0.284703045110568
0.139138503667687 -0.184468308243865 -0.186742904769116 -0.219250526472845
0.0530777352228161 -0.214454656070465 -0.210366292601397 -0.0158234307070347
-0.0604309368919088 -0.205372393346297 -0.159749471558369 0.156226651774478
-0.0525708797053972 -0.209713554418915 -0.1947173400317 0.239715863138303
-0.063625917949281 -0.197656188845116 -0.28800134328035 0.37795382298066
0.0255654712532072 0.0316071229529238 0.222582540790377 -0.405957189072775
0.0479972044542505 0.0177825990926241 0.143273964713844 -0.322282904394219
0.0369084787130908 0.0173413056595423 0.140548793038608 -0.200315539650142
0.0327631008163579 0.00362568346329219 0.162407232907681 -0.0243719333469088
0.0108443325878057 -0.0135816700457241 0.126419551937283 0.186061358474577
-0.00385682693885558 -0.00752747641655726 -0.074193951088597 0.232474890143657
0.0117881574955146 -0.0089761149938933 -0.410515108911658 0.15000283302279
0.0157861945960681 -0.0211474249129829 -0.617202660966125 0.0488280180141427
0.0240824084518452 -0.0204588314987154 -0.602572829420784 -0.0280991940159932
0.00707891840438551 -0.0226453831896356 -0.447974982835863 -0.0129167303544184
0.00538035945115768 -0.0279601313636639 -0.28240482018074 -0.0379931060380794
0.0274012121882205 -0.0146177744388764 -0.127458468378709 -0.1131363801659
0.00738559103579547 0.00594193150138791 -0.0461832346358773 -0.177039899096192
0.0128676822600624 0.0174067551494803 -0.180886978397764 -0.301714990879924
-0.00231695196207057 0.0219034590636299 -0.396701124132406 -0.402284263030116
-0.0523843116414782 -0.141707064369507 0.223152972755517 -0.348931080584938
-0.00786259202042384 -0.159925461085188 0.145937795803507 -0.28844544971958
0.0111268004041888 -0.191996671386143 0.135091916359803 -0.170560711803162
0.0956750021348438 -0.20818689734772 0.144214798119741 -0.0196289174298017
0.145741272788236 -0.197234932746342 0.107780323401324 0.167761597414147
0.190563677607382 -0.145555137541831 -0.0810374757851451 0.20048489478962
0.240940489517066 -0.0736381246359252 -0.368085657079234 0.115452800307343
0.250401945374772 -0.0380532973569538 -0.565657947185531 0.0289906502273687
0.243336894308453 -0.0312966367305855 -0.568483923547869 -0.0332398687803203
0.188270154187736 -0.0474197928756311 -0.435521308655988 -0.0157653024632807
0.170500709085358 -0.0789246393730916 -0.292800242024374 -0.0516877370611569
0.160713960171023 -0.082997936707769 -0.13612161719219 -0.124178504743223
0.0848975893934744 -0.0942156821119948 -0.0490856669546416 -0.188231100433264
0.0721422672528948 -0.119008772768229 -0.207575438512529 -0.303681812180311
-0.0061590312193778 -0.133359687717277 -0.420865080142506 -0.377655715624042
-0.110256868293347 -0.289203758334362 0.250273561583226 -0.239874245619719
-0.0334508688066224 -0.315477366835977 0.180720004625526 -0.206831655168321
0.0213737530420679 -0.372836859021294 0.147580058844102 -0.114357409783028
0.184952229625313 -0.381790328236812 0.142210318007054 -0.00863651876882728
0.291753070606826 -0.339401504439004 0.111460994879178 0.126667767254299
0.374886612873996 -0.238111880668733 -0.0378115150688325 0.137409346624692
0.437980723737851 -0.109311492044687 -0.248054118512442 0.0648997013072464
0.44915448456759 -0.0479805729944082 -0.424833132102362 0.00661705921851777
0.438312607305195 -0.057265675111662 -0.470758268138127 -0.0318762896617182
0.361935925913673 -0.105753213588505 -0.398805657727098 -0.0156513253168678
0.326899150818452 -0.174544600910632 -0.307072018313904 -0.0635335529789552
0.273741340424838 -0.200061322987303 -0.165447695460956 -0.132531706167065
0.127564094172376 -0.225862459498213 -0.0851188410947943 -0.186259205520482
0.0940520610648261 -0.26401353220716 -0.258424482942833 -0.273638325445464
-0.0277040545692882 -0.275301202499341 -0.448960003189973 -0.297432583511464
-0.13492035680411 -0.386595148958508 0.287394625548803 -0.0876134621862192
-0.0143103177338539 -0.421572041620637 0.224666098364596 -0.0814858508822035
0.0757397176508239 -0.480900394133612 0.16215686929258 -0.0294821413423549
0.291839792231078 -0.467382422472554 0.151034394511834 0.0118625417381883
0.421230074601648 -0.393190838882313 0.143744322519985 0.0745566510151524
0.511840208169509 -0.259383656814437 0.0559554086567662 0.0596428789400519
0.569356607904732 -0.107979400136001 -0.0670939085328396 0.0142706886373382
0.580460424120704 -0.0472394631269145 -0.219231283347854 -0.0186832130126873
0.580113824120366 -0.0994542082500467 -0.315374231026545 -0.04085763857982
0.490725240449498 -0.196074648879217 -0.32274368249673 -0.0353088706724679
0.433095753076704 -0.311017365835522 -0.30911411637267 -0.0794712692941483
0.322022782993438 -0.357211853362248 -0.203348836110024 -0.123744469227438
0.108894035336013 -0.366346073681995 -0.136195200272064 -0.147901443269386
0.0651716536254864 -0.393162284669668 -0.311128121319499 -0.19646632569428
-0.0665503137048434 -0.384363780539126 -0.462412869350061 -0.168253663529055
-0.124729881931274 -0.418493638194317 0.322498203647314 0.0827653670323647
0.0361423882107166 -0.445971619311824 0.252295997695255 0.0656384116158465
0.148172295226927 -0.48238261851335 0.158125377671996 0.0685536885623068
0.36756440935049 -0.429720174843669 0.159097461168483 0.0476115174560573
0.486215666755483 -0.342306295539658 0.192606472786834 0.0331400673643425
0.554615856974657 -0.207808171298796 0.180151772688305 -0.000185124552573689
0.604584078471811 -0.0732882821959863 0.140906619732702 -0.0176960183063415
0.626088762077495 -0.0388608928644462 0.0230031240519179 -0.0423732013923202
0.637787817323177 -0.132433967386536 -0.118774801667797 -0.0743285640820322
0.536961380396947 -0.27854609593865 -0.21395927993196 -0.090409649072849
0.444977223792205 -0.426613164290733 -0.291184002718589 -0.109316894051977
0.282122488776339 -0.477780325082891 -0.232590225323635 -0.0961166828848266
0.034696912368093 -0.460252456679868 -0.175609192280893 -0.0715111568396821
-0.000766852260493694 -0.465642494979546 -0.330296800089655 -0.0771962549105687
-0.107959082424071 -0.434704184006161 -0.447191479672805 -0.0100910353415455
-0.0944134565013785 -0.378445748466465 0.339162629124969 0.241408933153437
0.0788490965273338 -0.386585474412868 0.247988870796824 0.199898522349429
0.182836338134497 -0.377245385622929 0.127780887344461 0.150475624805332
0.362342945364567 -0.295450828832645 0.153086212652471 0.0850093076138614
0.437618586083261 -0.214202640565027 0.237689097711943 0.0198863882715991
0.483934523316729 -0.114300629418605 0.299721594073331 -0.019663076926453
0.539363609585201 -0.0244512616830483 0.335956261541612 -0.0234162773738938
0.57475663705646 -0.0210128392864052 0.264042398694122 -0.0610671900542156
0.59307287636928 -0.13626992211215 0.0855763380741219 -0.125729277363292
0.486326350171719 -0.297021307567032 -0.098311607327636 -0.170717963913184
0.37099418955556 -0.445430629311246 -0.258632070567167 -0.15156849927087
0.191955233032059 -0.492517444654841 -0.239356289897424 -0.0606519381937018
-0.0428649426269165 -0.457970096551846 -0.184740418687649 0.021343102587527
-0.0607828694886119 -0.451388463742659 -0.304259741621297 0.0542838266129219
-0.130287196406745 -0.417633490956608 -0.40167527542226 0.151740744733111
-0.0685285748872725 -0.278621113125883 0.339767102547766 0.361211113019768
0.0796519037941583 -0.270556372957581 0.218956236341522 0.292787284913726
0.149628811856184 -0.230152068785003 0.083178803955535 0.194066747530472
0.261415454528156 -0.144046220063707 0.135552810528417 0.113216136948633
0.295280255911204 -0.0861003119726195 0.260402065364406 0.0296649712705379
0.327848015566043 -0.0283929369776508 0.377338221827012 -0.00400367761959647
0.389415732892022 0.0169661811459424 0.481766465919306 -0.00679777563052149
0.438028174542234 0.00275675227583039 0.466679052604362 -0.072963834027637
0.456839677993488 -0.0968210210192267 0.261114158517294 -0.172999476908899
0.360877400751798 -0.233910780675592 -0.000642312236718969 -0.243011770556919
0.259269746152286 -0.353319928183701 -0.221735594348739 -0.191950598002844
0.106576507004199 -0.390737316654081 -0.226760299495699 -0.0317746400628299
-0.0773914276021924 -0.359610650054866 -0.171827711659762 0.101265910947233
-0.0789872624950092 -0.356348728735991 -0.247778665587063 0.165403183725532
-0.115820169164332 -0.332402374972093 -0.340169812766993 0.286630645831278
-0.0570269483602806 -0.142395832733887 0.346197496639101 0.430245155854991
0.0352614067094718 -0.140379852304439 0.198039492321218 0.337321932463455
0.0623423945794264 -0.102454119287154 0.0529440007496247 0.206766990607832
0.11731217429672 -0.0480299388974478 0.120615460868482 0.131149249065189
0.122960828685653 -0.0100184449683133 0.265097050381276 0.0461209661848322
0.142149577679839 0.0206674262837856 0.412391454899578 0.0251484044389284
0.192365956254342 0.0381176700532974 0.567814845863156 0.017509910755929
0.239307780516813 0.0280742602717408 0.601858672572771 -0.076855742027764
0.253643565966115 -0.0276227108148016 0.382184229654052 -0.198843078927604
0.195049721117751 -0.112779679037504 0.0660779128661039 -0.283887693198237
0.13565431768139 -0.185182484369878 -0.188187740976826 -0.215813614268564
0.051218217350257 -0.214156407730697 -0.209044614262273 -0.0149354002437782
-0.0612453533312402 -0.20262328799656 -0.158346410783213 0.156240577167452
-0.0547574850031092 -0.20834039463872 -0.192181575485436 0.241238822540298
-0.0652996589499745 -0.195561081665801 -0.283884506314644 0.377148623493713
0.0325024268593906 0.0175852741892454 0.0843370845516333 -0.455240927574524
0.0502990913165032 -0.00216590820231467 0.0358835639979635 -0.349595699731454
0.039226897702006 0.00258911554558426 0.0712686625649378 -0.231174018791121
0.0329648686977959 -0.00815262383518141 0.146883326976401 -0.0707840983250637
0.00766123252828961 -0.0145157568162527 0.177052577286609 0.138507777979676
-0.00688284201261096 -0.00338019442001766 0.00246821304507628 0.241674009179513
0.00550576902726231 -0.0112695044038195 -0.340990108217528 0.275270915561984
0.00541744215844545 -0.0233620871872734 -0.562949335926708 0.243900237764707
0.0155652911814504 -0.0267229228273133 -0.574408326635474 0.158865795048925
0.000990589146700993 -0.0220653175942869 -0.425109834808619 0.122041502115621
-0.00390890603290339 -0.028404218349845 -0.274916246580501 0.0520566170902076
0.0216136314609436 -0.0220066993858744 -0.154383384932094 -0.0682063261639392
0.0085189232463676 0.00418043805488 -0.0969472926213269 -0.154204128016046
0.0196549987384127 0.0147917157856564 -0.259112075554969 -0.231896848038559
0.00762642355951976 0.0227757146797504 -0.485699054599402 -0.263469754676219
-0.099330125587006 -0.122969121944143 0.109786995358883 -0.40016578122849
-0.0630465235928464 -0.153743375642132 0.0578540531100505 -0.314919506887948
-0.0536521086322361 -0.186740676302909 0.0873550244029022 -0.199103243371795
0.0192104785609469 -0.227825168432925 0.142122964818994 -0.0533649043918598
0.0761786195717341 -0.229766267617361 0.159467692481764 0.13576020021944
0.132523634259094 -0.192144531117749 -0.0104523742774473 0.223236653318315
0.205311676547371 -0.145788936247118 -0.317623444543566 0.232896289888955
0.219254221139077 -0.109932423386466 -0.52026632676346 0.213537911460101
0.21783860265727 -0.104970134493087 -0.544709943107316 0.14571818991012
0.163871612259567 -0.100393299240461 -0.417722070555274 0.119744802400105
0.135360570164799 -0.126729588283359 -0.291637238435162 0.0464988215889623
0.126767612710314 -0.126958713426681 -0.167769457671982 -0.0743032747858594
0.0513428791891662 -0.113310827759833 -0.105869972995661 -0.162481149039615
0.0325911810871456 -0.132682618782472 -0.288460253267341 -0.224568598823102
-0.0418970568571526 -0.124013548159483 -0.504562250398171 -0.230612317922825
-0.203496875887352 -0.246070877804784 0.176895680311352 -0.303031407151311
-0.138697424905491 -0.29387322400508 0.123419008437548 -0.244569997316541
-0.102460775594965 -0.360880923809128 0.126942332266998 -0.144632750879967
0.0433934062830688 -0.420704486554597 0.151724130972765 -0.0338235496089161
0.169332548457806 -0.407821553548109 0.154273048234709 0.103198016018537
0.276834140812145 -0.335871528995092 0.0107333758394807 0.15722639453668
0.384260412881583 -0.241314645874012 -0.226651308893007 0.148552834736986
0.402557479958259 -0.177574955232305 -0.398696857241361 0.150702355883798
0.393155200353578 -0.188636964830619 -0.45416491694473 0.120505654339788
0.309099870717578 -0.20903418017799 -0.385603860437516 0.111253521141234
0.252275253106768 -0.265598746418761 -0.310188987083581 0.04450996692325
0.197056807022603 -0.272941668949616 -0.199574881938391 -0.0699464751264137
0.0524060613658738 -0.249358475714571 -0.141219886579726 -0.148662678336285
0.00917295431608797 -0.276774599061966 -0.330891566972311 -0.180104679075838
-0.104521200786357 -0.25500503912338 -0.510980212176031 -0.14395713589367
-0.257835552148115 -0.331507292360708 0.26386082418465 -0.167314181808088
-0.153568466500076 -0.400216922032515 0.207525473093768 -0.134871566618118
-0.0856072357600236 -0.482526866843998 0.171784445189181 -0.0634974868754337
0.115207979072775 -0.538098342794165 0.170078654790809 -0.00863778736659311
0.274337686016924 -0.501655013078885 0.168884346909597 0.050670477074526
0.398028335984631 -0.399114372981846 0.0736604623826729 0.0601359559123654
0.51155012119162 -0.283134426794104 -0.076129840577484 0.0429596821712824
0.526569750167198 -0.219597262684112 -0.215633798334424 0.0650652697541103
0.51228723334288 -0.270565903401309 -0.310955581678105 0.0664201254939988
0.40260640234785 -0.333920475909709 -0.321512605354284 0.0739048604274087
0.310150588030993 -0.425809764671075 -0.317167972395763 0.0349412669338496
0.194780972021891 -0.436390279535376 -0.232452288117015 -0.0473665061663919
-0.00712420084387442 -0.376468450472562 -0.179564551536246 -0.0945126820928995
-0.0576549691529798 -0.3906347553634 -0.358780548342871 -0.0892663156937227
-0.17326645156329 -0.346440513700732 -0.488398191048025 -0.0181314713368768
-0.256574035430438 -0.365565049986536 0.348547868784204 -0.0141691481845715
-0.113826376133284 -0.43998901526882 0.278856095610165 -0.000642339589798888
-0.0160351135940538 -0.505930447692357 0.197049422946933 0.0345135720034195
0.201498799769645 -0.528372395436594 0.183964398712021 0.0252179308932516
0.350977824409475 -0.472554059552173 0.199697085275881 -0.00212379034098333
0.456110639877864 -0.364895401664721 0.170080489666441 -0.0346914757128361
0.55884454657468 -0.260591583829084 0.108668360535775 -0.0554202418365952
0.571590323396313 -0.22523534426987 0.0032622464853356 -0.0333157847003888
0.557581785454615 -0.319979967429373 -0.135069096830859 -0.0247973156278174
0.420855997408257 -0.424032518015647 -0.235139070777096 -0.00860607480548439
0.285635639281528 -0.538053834203551 -0.307630897813593 0.00408451848676506
0.120595691022796 -0.53750981280903 -0.250474520108788 -0.0101016690572379
-0.104348110129787 -0.442078312012276 -0.192790175170838 -0.00728883806455298
-0.140697022552883 -0.439380283022366 -0.342683992803975 0.0309621250211028
-0.22785953556515 -0.384385897759112 -0.429752318382385 0.12980296486969
-0.212964139204174 -0.334129374447529 0.413341243995882 0.130414386911799
-0.0529476693744679 -0.396718980617325 0.312111141543122 0.129274961605274
0.0512498045448717 -0.41959485889551 0.185915636156073 0.121877890726585
0.240792916042598 -0.399353626786474 0.182628127501603 0.0599911788508053
0.346410903144924 -0.338654664991724 0.233737129954195 -0.0315018730313972
0.420209076342921 -0.256307272920708 0.27436923987442 -0.0935729694255114
0.512472812084311 -0.193895075157003 0.292727043110976 -0.125384088054471
0.531726214217647 -0.193604562299377 0.222809359165218 -0.129831629674609
0.514760727783217 -0.309682465821655 0.0414987745245251 -0.136262998159738
0.367184019824416 -0.428896026253423 -0.148904396526624 -0.119194307879205
0.211017798407861 -0.533460410239856 -0.287762135338774 -0.0465376395934971
0.0309857645399074 -0.524671823044475 -0.243928426193037 0.0246184145695441
-0.177103396694116 -0.416188160048546 -0.172108447148362 0.083895924809783
-0.195317647416452 -0.407296038703079 -0.277413047683858 0.148113847855229
-0.245699729909993 -0.361206075999614 -0.340267956267706 0.267530480704385
-0.153089504996371 -0.24714649746792 0.445969134709036 0.24325078436406
-0.0110931087822072 -0.286243244747093 0.308016750023861 0.222239092576602
0.0681558105214848 -0.267194133726573 0.149341070132473 0.171445584325009
0.197192841925035 -0.224307801201436 0.167526183439689 0.0841512629493564
0.252949514936425 -0.173028085295875 0.254496125756107 -0.0370753426335523
0.302115594994796 -0.127221662896819 0.350469145199541 -0.109604817663391
0.379694804665806 -0.105831600198895 0.439424186453155 -0.159182335613749
0.413388581373668 -0.130300023537028 0.4096280928569 -0.207981096979762
0.398738309009167 -0.231594390817309 0.192268054414605 -0.23693382811896
0.267833642732495 -0.330338670806449 -0.0767585809123085 -0.219618756074978
0.133584051215914 -0.411913794943989 -0.264648478594894 -0.0987267030914046
-0.0185298009093094 -0.40189528674732 -0.222507399078299 0.0456424864511423
-0.180811615562487 -0.313008134200471 -0.134068774060961 0.154319753659433
-0.18386887110586 -0.313800251370018 -0.189988597768391 0.235648420337305
-0.207132814473226 -0.284650485955789 -0.242626000363418 0.375206656409411
-0.095968639777521 -0.119220137494744 0.467777690348799 0.302464220142572
-0.00906937581173132 -0.145913566260127 0.296496686171471 0.264799334695624
0.0270372333850812 -0.116995743660325 0.118958162108047 0.185481571928322
0.0937413180603211 -0.0842915535735371 0.156560057249884 0.095576414918961
0.115015366673541 -0.047806361535339 0.263792290176594 -0.0308922744137092
0.145070669367769 -0.0230406387614849 0.393307074762717 -0.102517416502667
0.200824398583457 -0.0243126045044246 0.535183676920753 -0.166144702172404
0.234443551255294 -0.0472357557505576 0.537087247290014 -0.260062485787724
0.229597071907912 -0.103963292782608 0.298565825360816 -0.302675175644716
0.147755629020277 -0.164429360542628 -0.0237195541518328 -0.282406899480278
0.0710471020428472 -0.216118009168956 -0.241753456532403 -0.137219417166568
-0.0176315980883728 -0.217679775705995 -0.200685308260354 0.052490415322814
-0.118227533065003 -0.170948728888897 -0.103871785341489 0.198875814122702
-0.115072852274939 -0.181567919971333 -0.11339089555312 0.288985767229362
-0.120057551260536 -0.170418114201735 -0.161164211005459 0.440839073900806
0.0323626507580522 0.0174971190784621 0.0815991066917934 -0.454124520379691
0.0496158194540158 -0.00323358332907613 0.0339270301301425 -0.348335293059831
0.0395570124508948 0.00253961699923831 0.0698587485231454 -0.231196626420926
0.0322524440986509 -0.00846727990998071 0.145715452498147 -0.0713794204007751
0.00699099382606818 -0.0148515434158871 0.177107432422141 0.137103487002221
-0.00648143184039335 -0.00348779228907579 0.00222119297424667 0.239924597351584
0.00577511580037654 -0.0117673384487947 -0.337503029468197 0.275951057682929
0.00537999715632547 -0.023342952841013 -0.558952711547047 0.246830694861289
0.0155143330772273 -0.0273725776648748 -0.570266511798528 0.162341371567582
0.00142568987621629 -0.0216990515628147 -0.421833356587609 0.123756916139921
-0.00449042116906165 -0.0278417766488554 -0.272673784666549 0.0532743097572576
0.0208921705720903 -0.0220161380168859 -0.154500374930781 -0.0667702890243262
0.00865536463344523 0.00443573220774677 -0.0966056481769565 -0.153566466376614
0.0196308727496403 0.0142175844776561 -0.259003600860807 -0.227535915872921
0.0085794151861846 0.0227614149171887 -0.484326662068933 -0.25753494231686
-0.0999515692261812 -0.121956500862219 0.107626192579383 -0.398985593464827
-0.0635900470594731 -0.152551963486498 0.0558475510420603 -0.314060369044814
-0.0534320428864017 -0.184924286232679 0.0867582716195307 -0.19895848801494
0.0175130857212925 -0.226637114581836 0.141211538100733 -0.0540722960917737
0.0743567210205997 -0.228779415320462 0.159538654796852 0.133491329351717
0.130653601694837 -0.192278358227549 -0.0104707789949729 0.220945757862079
0.204192056946698 -0.146523208307044 -0.315361779648377 0.23236586679081
0.218191739152441 -0.110740556649247 -0.516283924703968 0.214683124363043
0.215776145597157 -0.105860478612183 -0.540412881576074 0.149896630327192
0.162184523606072 -0.101021131462393 -0.413116462557785 0.122116147480257
0.133553461571855 -0.126640877795769 -0.289506521795669 0.0479431143005906
0.124671197917468 -0.12774396829406 -0.167825396059282 -0.0728688500840415
0.0506968554666836 -0.112398113399802 -0.106189661201754 -0.162679331219887
0.0322589267539465 -0.132330792851438 -0.287707399945823 -0.221307709254317
-0.0421686379308015 -0.122782534811636 -0.502944181072714 -0.22471106087839
-0.204549497755778 -0.244430065438636 0.174596741559589 -0.302443055014601
-0.139335715201578 -0.291747870310725 0.121817003718425 -0.244407650610506
-0.104398629674607 -0.35922188014862 0.12604956046934 -0.144560198277087
0.0418306743830088 -0.41813658729203 0.151118155895119 -0.035882766101254
0.166382244352055 -0.407232547435613 0.154343683441067 0.101240057835222
0.272636505713561 -0.336881947721307 0.0108874558572963 0.156062307693627
0.380500247866692 -0.243966306606883 -0.224205952953184 0.148186018394465
0.399266826670648 -0.179915672655553 -0.394958772763887 0.153168452564766
0.390022378908652 -0.191170674560625 -0.45036576712196 0.123081065189718
0.306187798951566 -0.208787700321273 -0.382791832108122 0.112996220042301
0.24988284113127 -0.265637438012278 -0.307635549399203 0.0462103222204435
0.193613996028063 -0.272613808006246 -0.198832063997941 -0.0688481961264362
0.0510079081726943 -0.247301122466542 -0.14142470740035 -0.148293966814331
0.00798121488482594 -0.275846546970596 -0.32959674967476 -0.175978953573579
-0.105136796149652 -0.252115601802213 -0.509213737715947 -0.138539646993991
-0.258805809251035 -0.328272746417438 0.262339067693533 -0.167828040625968
-0.155670194613594 -0.397278406446693 0.206621957609773 -0.136687089912657
-0.0883341010775439 -0.479460761652502 0.171284719048946 -0.0647752014355708
0.110985871437685 -0.534954322806302 0.16947880460732 -0.0108702015107095
0.270039875951572 -0.50089173820653 0.167995920132452 0.0489923279059348
0.394084175990558 -0.399572234653291 0.0733983380666312 0.0589228619124967
0.506376684263233 -0.28361485472691 -0.0747134641909936 0.0424609403046871
0.523211445769101 -0.220523595138901 -0.213014833195244 0.0659909441579547
0.508259138226531 -0.271068565193397 -0.308079960607368 0.0673535888820371
0.398764870812441 -0.335257806722076 -0.318371978823098 0.075933070306507
0.304857468258384 -0.425895916445357 -0.314743095262677 0.0376608811945977
0.189649564438112 -0.43600403367246 -0.231751082929106 -0.0458917070904145
-0.00761368982624151 -0.37285122138856 -0.179806874258441 -0.0949459597967459
-0.0593743517900491 -0.389340263335869 -0.35753185451547 -0.0862034149756093
-0.174393892925023 -0.343639011826862 -0.486474518171564 -0.0130469840028932
-0.257199954190943 -0.359415495962024 0.34738444454342 -0.0168737610962256
-0.117245066297482 -0.437194370055407 0.277639149909178 -0.00221225453862025
-0.0191508309395648 -0.50408652818818 0.196368612675547 0.0326839060539676
0.196014633312181 -0.52677960566725 0.183321887796339 0.0241457623447297
0.34570900788704 -0.472299904738922 0.199015835981393 -0.00315691063138763
0.450833519371243 -0.364271000792181 0.168760759989265 -0.0353691129063746
0.553780829076236 -0.262829959285117 0.108435752802985 -0.0561457667902428
0.568222950590232 -0.228353746348219 0.00329773958916634 -0.0333315846983143
0.551696677927202 -0.323088948618821 -0.134626579668597 -0.0235528044356442
0.414740031760324 -0.424150832801935 -0.232963097699632 -0.00667921699802209
0.280638766417702 -0.535614002274669 -0.305297727455148 0.00624251591993245
0.115566126100893 -0.536461413570655 -0.249445468590918 -0.00953994588788573
-0.104651029775993 -0.436616249309094 -0.192906850908073 -0.00767958285139595
-0.143413716994024 -0.4351520442274 -0.340785084171731 0.0335755200276107
-0.229261537307308 -0.380196081376451 -0.427091885628819 0.132590848486145
-0.214973977184687 -0.33059010722664 0.412282152278602 0.126843785852512
-0.0536457767888489 -0.394910232031102 0.311076122965112 0.125870899769248
0.0494935619935857 -0.416443859633338 0.186027204658674 0.119050311989452
0.237602305640834 -0.399698686233487 0.18238537352146 0.0587763002983164
0.341657958922856 -0.336964739764874 0.232534619144049 -0.0325119729255901
0.416444021675646 -0.256970362374227 0.271363187686903 -0.094834555984557
0.506960471821607 -0.193551924440804 0.290722334531038 -0.126832908500958
0.528548354139672 -0.196606178479097 0.221523153501709 -0.130660632486047
0.509557586033887 -0.310850855095657 0.0408352406553094 -0.136684138841323
0.361439797350392 -0.427559674246113 -0.148308566903783 -0.117120950202874
0.205293555806535 -0.532138716224788 -0.286681655543751 -0.0434242579990125
0.0265956999291434 -0.521588419212947 -0.24248557299148 0.0250666493564089
-0.177456601871841 -0.411306494761899 -0.172007376188293 0.0828111686438149
-0.195547357142701 -0.40421045332985 -0.275125312673505 0.150165237618602
-0.246833094751144 -0.358483736436712 -0.336869402032725 0.26983087783839
-0.153573671167068 -0.244947014610514 0.445767835717128 0.239209339889122
-0.0128520920564253 -0.285067351230914 0.307986078174012 0.21848773913875
0.0665661150610695 -0.265691490638745 0.149436758069855 0.169047380586254
0.195603507076026 -0.223568824858532 0.167122406723827 0.081797751294981
0.250651984216985 -0.172795068336735 0.253393968823447 -0.0378695244866367
0.299634219095939 -0.128089164047931 0.348203781935265 -0.109624825970498
0.377968865279378 -0.107598877489207 0.437610138484132 -0.161005711308924
0.409484958661225 -0.133189046740099 0.406132748620559 -0.210463044955185
0.395468008645772 -0.232837396112571 0.190924278269694 -0.237887684213746
0.264394221813623 -0.329544087001798 -0.0770720775443084 -0.217392911568285
0.129981972568985 -0.410395605811364 -0.264058685819629 -0.0962295229986839
-0.0214461481059724 -0.400034996271857 -0.221102800105567 0.0459723485645775
-0.180555999690338 -0.308716994838298 -0.133679411480549 0.153469099180874
-0.185175866301819 -0.311774499516832 -0.187735929564587 0.237248947947133
-0.208564419493733 -0.282445832321815 -0.238632037728354 0.375374338214964
-0.0963142412870773 -0.117801863372062 0.466593478159399 0.298036814571627
-0.00988632163820604 -0.145663087831532 0.296784558893018 0.260805852550619
0.0262459815565216 -0.115824966245132 0.119261062085205 0.182862261635901
0.0931228178393453 -0.0846141435271419 0.15653930310285 0.0942832156305969
0.114178994326129 -0.0476015016581142 0.262216676803581 -0.0324284324250088
0.144654087390974 -0.0243236944166635 0.390381201341634 -0.101422190784904
0.199420156450343 -0.0253588028215305 0.5301114584161 -0.169109191362739
0.233068435387695 -0.0489788963914023 0.531874003644089 -0.261719232893262
0.227955871142231 -0.10476847539967 0.296105058873501 -0.303828532014569
0.146256946988084 -0.164707780165555 -0.0244809066266683 -0.28045385344614
0.0687385567167828 -0.215269329178801 -0.240773740896326 -0.134523272329301
-0.0197659823261544 -0.216969362097814 -0.200235770230086 0.0535416399389346
-0.117754644135363 -0.16908782225561 -0.10247654259101 0.198160661823319
-0.116047103728596 -0.180414574594316 -0.111414434493207 0.29031253390147
-0.120994946702371 -0.168441040952774 -0.157254639176804 0.440945614255053
0.0323337086329488 0.017243615618614 0.0777594160798596 -0.453822597937285
0.0492796680413861 -0.00306153812015706 0.0324019105702243 -0.348202145326588
0.0391500348213938 0.00192350976449882 0.0692972943756762 -0.229797710822061
0.0320268885399086 -0.00806471944424411 0.145256495409537 -0.0719986383440527
0.00671858312015602 -0.0153284221173695 0.176205026971995 0.134637933010652
-0.00652400038476307 -0.00375654626610465 0.00282590845275665 0.237867103317522
0.00628861446821543 -0.0126163236915762 -0.337097392421666 0.275305505869584
0.00593071996842754 -0.0234931365713114 -0.553072357719316 0.249307958595321
0.0155304364389631 -0.0277565348950539 -0.568066647219331 0.164002754121828
0.00173533228096995 -0.0218250709285606 -0.418730433050495 0.125926934806509
-0.00432255908372257 -0.0273832847490798 -0.270915925747868 0.0544395356450113
0.0202794076221285 -0.0220371241394333 -0.154461280794232 -0.0663560217481414
0.00884197065094908 0.00478638743240579 -0.097013090394201 -0.152982794457859
0.0195653441571738 0.0138203115619489 -0.258617625807465 -0.224600927897432
0.00860323841033733 0.0225410722374336 -0.483099547198577 -0.252991837275385
-0.100631097441469 -0.120858068083712 0.105159834222735 -0.399060871498082
-0.0636757253543422 -0.15143743177425 0.0550692837167156 -0.313986556449874
-0.0541767920135702 -0.184144587398 0.0857658477049855 -0.19826359233106
0.0169785493863563 -0.226242102437592 0.139904796906979 -0.0547730715419107
0.0731527252962795 -0.22826169721883 0.160050588155843 0.132013020297929
0.129076920553897 -0.192563089583771 -0.0104449174238644 0.219461517356387
0.203164602240882 -0.147057549107071 -0.313579646472539 0.232754200581355
0.216429437985853 -0.111716936166547 -0.512832238598881 0.217712490091663
0.214005008891217 -0.106743540228748 -0.537927914072894 0.150490913641043
0.161196528943951 -0.10128961584677 -0.410755888823275 0.123495646980899
0.132109869208151 -0.125921137995861 -0.287288105799603 0.049699261565257
0.122593214070289 -0.127343193091919 -0.167590817327884 -0.0714154788441598
0.0507340043475027 -0.111019597053471 -0.106656094455693 -0.162312046321384
0.0317141716070795 -0.132007864903555 -0.287363595167709 -0.21833665415962
-0.0425161405886798 -0.121574405786106 -0.500724100073709 -0.220204905238039
-0.204577343753503 -0.242429494965665 0.17176458244304 -0.302480328651204
-0.139959862492448 -0.289796996923257 0.121107441983634 -0.245052328664761
-0.104071146942778 -0.355413345888319 0.125172190786775 -0.145672817731587
0.0404522639513053 -0.415519837828785 0.150621595929346 -0.0368189158942534
0.162843199547975 -0.405509970162239 0.154474429879772 0.0998639597005443
0.269852095194381 -0.33656188817375 0.0109823888348275 0.154619526523167
0.378540826603857 -0.244201017650661 -0.222976547405204 0.147884012055407
0.397543642999079 -0.181627454962996 -0.392550707660256 0.153735054479905
0.386939980808281 -0.191887542732374 -0.448025561385996 0.124997474770937
0.303494738193352 -0.209790744278839 -0.380268952836342 0.113950902596392
0.246941409089496 -0.264738897715416 -0.305431811908129 0.0480372218551072
0.190969699750075 -0.272629430563897 -0.198235923242913 -0.0683092942201461
0.0508294113145489 -0.245241712358633 -0.141865530977061 -0.148821444248219
0.00701392598297301 -0.274496756135356 -0.328809807976861 -0.173331032208558
-0.105558498060927 -0.250359769592657 -0.506554601147898 -0.135472476240516
-0.259220944956174 -0.326328964828077 0.260680830470903 -0.169445743552399
-0.156586860286643 -0.395182006805796 0.205981780623364 -0.137317011384238
-0.0883787026864142 -0.474616218655941 0.171247713386166 -0.0665577655285404
0.109164927378859 -0.533229109629256 0.168919297066823 -0.0118116997857613
0.26630962501776 -0.498871373931736 0.167990420312973 0.0474686577150745
0.390258081236134 -0.399662803380217 0.072505931373316 0.0580634305782879
0.503712405153877 -0.283225654416471 -0.0738534371405469 0.0416481824251263
0.51996027627667 -0.223769839204467 -0.211805830991104 0.0668731868933644
0.504873122283613 -0.273536036414647 -0.305673956115739 0.0684967827279217
0.395272592755357 -0.333228721919694 -0.315683340983202 0.076962085088144
0.30159455565205 -0.424443736879052 -0.312272623419761 0.0391247902224903
0.187077024449007 -0.433651964530321 -0.230967712436366 -0.045803742854017
-0.00828855554762322 -0.370719421988441 -0.180378100872699 -0.0947422039919845
-0.0605800871064777 -0.386277689428737 -0.356452250335687 -0.0824212829201095
-0.174877566787815 -0.341443831622228 -0.4837688062453 -0.0095231451291914
-0.256978417044563 -0.357638294527908 0.346460513333341 -0.0193454060877719
-0.116143412370156 -0.435183640176788 0.277356681542149 -0.00389486133877884
-0.0206549638251637 -0.501245915710909 0.195906451242032 0.0307657734782616
0.193661198772017 -0.524940840729042 0.183886675919004 0.0221187575320825
0.341222415767171 -0.470400598776418 0.198282719234351 -0.00366739689192897
0.447122772388613 -0.365218531349163 0.167115363760956 -0.0358518969041578
0.549047008398227 -0.263476303190268 0.107663580657577 -0.0575851628139651
0.565414762440151 -0.229467533492607 0.00341358246365807 -0.0339113424497866
0.547878474353247 -0.323974714221778 -0.133523947299181 -0.023131220852992
0.410607016427127 -0.423273739920775 -0.231030494681255 -0.00521150817843507
0.276168241831082 -0.533443682052093 -0.303561909879137 0.00825794017411689
0.112795581766019 -0.534096869016364 -0.247455304103597 -0.00893107609880569
-0.105457446405343 -0.434438437886559 -0.19374287918076 -0.00861067274696803
-0.143880778542632 -0.433463630128184 -0.339278177035416 0.0363663019689296
-0.230406021578136 -0.378011938567602 -0.423113903033032 0.134211626146951
-0.214740027758686 -0.328053252130332 0.411391573792667 0.123721712515082
-0.0559387796694947 -0.393325052265343 0.310741195944634 0.123122033371101
0.0470368823711555 -0.414821874610276 0.186160560634037 0.117168731699469
0.235475863310203 -0.397737218436221 0.182143633990976 0.0569930956887712
0.338485783486191 -0.337112449770691 0.231241869724322 -0.0337349721978896
0.414099120366736 -0.257519492500375 0.268855207273886 -0.0946174166351701
0.503421085646362 -0.19469523685893 0.289495250417453 -0.128283594998667
0.526121869597057 -0.198415980083119 0.219497240775153 -0.131764608502816
0.50534306397894 -0.311866695842007 0.0406230972987981 -0.135563082186711
0.357878139777196 -0.426318049285444 -0.147487768523839 -0.115727465403693
0.20264589562342 -0.530879294254977 -0.28503421830786 -0.0420229871325717
0.0238870291852886 -0.519332169138416 -0.241536160857832 0.0253319379017164
-0.177743559144717 -0.407704779672047 -0.172108065139978 0.0823530305382436
-0.1970404872976 -0.402935663337539 -0.27351482351986 0.152670660310535
-0.247767851439359 -0.354480044509834 -0.333693167098157 0.271222227064324
-0.153659837200463 -0.242756237788274 0.445202095005353 0.234426956797609
-0.0133513370665722 -0.284684119228646 0.307605265265558 0.216265168040814
0.0652428305863069 -0.264214669213693 0.150111184758906 0.166667275662198
0.194178436917665 -0.223912929945856 0.167193096466946 0.0804236279312777
0.24891451066066 -0.172468273955046 0.251820767767333 -0.0385691280871578
0.297837876807694 -0.128394118669223 0.344820741188467 -0.111657759112923
0.374498806909036 -0.108059850919497 0.43566042204513 -0.162039316176237
0.4085224531518 -0.134753184801548 0.40252019277345 -0.209929424623492
0.392606890770789 -0.233732073177148 0.189125507774568 -0.23766568668912
0.26114592702348 -0.329206233727086 -0.0772953518225289 -0.215418968655084
0.126981613835396 -0.408878586799005 -0.262662590229325 -0.0944863126985626
-0.0241595816164567 -0.399266355591145 -0.220555891707326 0.0460098083456438
-0.179604440588854 -0.305752479304008 -0.133480222897417 0.152580153769497
-0.185997182887283 -0.309280227712068 -0.186413331838256 0.238277183532058
-0.209591283755814 -0.280617190926698 -0.236297092468377 0.376524272649157
-0.0959902971939211 -0.116537577657895 0.465857682080209 0.29497572923725
-0.0103835145083498 -0.144949628727622 0.296697248100061 0.258073739013189
0.026344560584509 -0.115523490199593 0.119578103161533 0.181370460352793
0.092507418873718 -0.0847549026603043 0.156299030134926 0.0924382191692157
0.113644019635051 -0.0478338863630386 0.261111816374845 -0.0329996480464167
0.143741659276817 -0.0237874128945182 0.387504998908123 -0.102033144313038
0.197946088657829 -0.0260817120528644 0.526041556315696 -0.16908345523778
0.232210476956666 -0.050633558065161 0.527847411281629 -0.262435469867992
0.22669863546475 -0.105774461788073 0.293860016381486 -0.303958622214448
0.14513847629134 -0.164345545262108 -0.0250869189856317 -0.278717109436109
0.0674850094669028 -0.21451742920372 -0.239737095726003 -0.132700409682216
-0.0210207289718792 -0.215657044089112 -0.198834437137712 0.053432650186744
-0.117226454433413 -0.166990479016723 -0.101993361083828 0.197643906860619
-0.115821573126252 -0.178670058267694 -0.110272275407699 0.290173623437411
-0.121161409717584 -0.166716183354984 -0.153745375676541 0.441568752177648
0.031913956332216 0.0172957952533166 0.0764771380235827 -0.452583358670181
0.0491335534819028 -0.00349996733833557 0.0312320685614012 -0.347388501321058
0.038958634780778 0.00176809980128972 0.0685596165157773 -0.229302221980026
0.0318163736410761 -0.00824920489226832 0.144463522196672 -0.0724534927315369
0.00595182251362385 -0.0146237870833855 0.176475222065214 0.132829333430534
-0.00678668150061853 -0.00416557379273911 0.00280938347708236 0.236198610589896
0.0066682924812172 -0.0125692316602097 -0.333007905668708 0.277250085146207
0.00593954094779971 -0.0238513511147246 -0.550650903113968 0.250049069839652
0.0156200510293288 -0.0282002278171109 -0.564853497909854 0.166270452719781
0.00206762594949745 -0.0216065605410598 -0.415719730763903 0.126160982986378
-0.00490803971420015 -0.0269708900762962 -0.268462250760542 0.0552261028041787
0.0196332580844216 -0.0222050989175917 -0.154722535273996 -0.0654132751685273
0.00902734924836748 0.00558021758291835 -0.0963380065614112 -0.152675052262437
0.0199941585106263 0.0134109069697642 -0.258243207067239 -0.222174546734861
0.00900389690705695 0.0223671728682921 -0.482538664653833 -0.249093794123248
-0.100597253266341 -0.119802904914016 0.10351932836294 -0.398112659008573
-0.0638128223804543 -0.150919238881342 0.0538734583685489 -0.313187441298194
-0.0546313552244618 -0.182844515284241 0.0850388011889792 -0.198503093188227
0.0161479740109457 -0.22469953384659 0.13923051498121 -0.0555308647644139
0.0711307707671426 -0.22776199146156 0.159916781729764 0.130378835295664
0.127658780382301 -0.192818654472151 -0.0106853328665006 0.218229492661809
0.201811586193566 -0.147192131688308 -0.312193300428553 0.232128491424306
0.216047495199732 -0.112446645294964 -0.508965393349071 0.218614169445323
0.21262503406391 -0.107168966589057 -0.534490247267674 0.152324935806971
0.160467684090567 -0.100856444269478 -0.407845825085568 0.124300485056969
0.130104913356616 -0.125433451309259 -0.2849247350432 0.0512084931408251
0.121218264199148 -0.127333537131016 -0.167265650091096 -0.0714479062134273
0.0506890273807157 -0.110600852569402 -0.106460678730523 -0.162618989584385
0.0312332187286599 -0.132033852125216 -0.285839645105871 -0.215591024597433
-0.0425680171443833 -0.120705900058897 -0.499425471591627 -0.216508547658181
-0.205013152419823 -0.24045374514535 0.170456720743268 -0.30314780445262
-0.140531944007964 -0.288638352145553 0.119983784474809 -0.244603067376641
-0.105441249734615 -0.353493289578644 0.124942641331731 -0.145984076229137
0.0382646884287235 -0.415838210676288 0.149686192043323 -0.0373246481796843
0.160495095422437 -0.405645167054919 0.154779765737012 0.0981264462812983
0.267251419717088 -0.335900564871737 0.0104526087667831 0.15343140743574
0.376932625628577 -0.24395732906107 -0.221642911920581 0.146653609317319
0.395654147818971 -0.182534149984166 -0.390119585510823 0.155404995793372
0.385270284951024 -0.19298445318531 -0.446643572523385 0.126047444917558
0.301531673941503 -0.209096372991559 -0.37686174396835 0.115787132675718
0.243967785259636 -0.263549752725779 -0.303318382944881 0.0497480783929184
0.188953284577437 -0.272413038808066 -0.198104976848448 -0.0673559874376398
0.0508856274262096 -0.243197496200968 -0.142384286015661 -0.148814669675095
0.00614725059875353 -0.273719697277648 -0.32790595193674 -0.170771703115685
-0.105835997485081 -0.248369889466751 -0.504231936779615 -0.131222897038491
-0.258081870431975 -0.323656714931097 0.259107547603346 -0.170272206981974
-0.157092361957381 -0.391611758651162 0.204967490385398 -0.138102840518442
-0.0899056178317462 -0.473391786178529 0.170175832960271 -0.0672616760867996
0.107132336565223 -0.530730260450439 0.168210271248208 -0.0134679968146241
0.263464749667555 -0.499033189469657 0.167817097310619 0.0464986210593987
0.3870190471978 -0.399543809030652 0.0717429716380934 0.0570304879185963
0.500723434914675 -0.283859718567075 -0.0731975411925887 0.0407310611541136
0.518204513293593 -0.224326624548108 -0.210334751895305 0.0664438990325008
0.50117249508855 -0.274942271143683 -0.303803252583429 0.0703065999335167
0.391461874373002 -0.333508914668031 -0.313349659639339 0.0781567730775854
0.298700651920123 -0.42237225752433 -0.310897609922232 0.040992722620598
0.184190807963858 -0.432680919573595 -0.230256921388277 -0.0450339358037762
-0.00894020743767946 -0.367331198886584 -0.181021070428701 -0.0956691602161062
-0.0622105198895147 -0.385234772263361 -0.354737697874752 -0.0801242576372996
-0.174874690153574 -0.337860962951504 -0.48095508888738 -0.00649029437366192
-0.25853729181155 -0.355743247975733 0.345953745938512 -0.0215568609459679
-0.117704343452979 -0.433550632115918 0.277083038464071 -0.0053991538915099
-0.0221194475657227 -0.498101039842744 0.196418627674287 0.0293213686135833
0.192012603960825 -0.524642901299126 0.1830450560418 0.0208350950626279
0.337756307070711 -0.468334982752502 0.197987654356277 -0.00534024657634613
0.444352166032778 -0.365724195498193 0.165501555904565 -0.036668893609081
0.545761862807553 -0.26274278029226 0.107962118937288 -0.0588847182424163
0.562966328890568 -0.230640001295184 0.00343907823415236 -0.0337362262109469
0.544607285652595 -0.324102759111675 -0.132781005537938 -0.0224541652890565
0.407700006697043 -0.423807433645125 -0.229790810722097 -0.00423221669447349
0.272203627113006 -0.533078202081939 -0.30211183826248 0.00987410433959761
0.108498163706666 -0.533683263994309 -0.24710365009955 -0.00874820190813148
-0.105312123065944 -0.431507854383288 -0.193650436052208 -0.00941440203132631
-0.145244584645532 -0.431176814691705 -0.337637814370778 0.0392140316144829
-0.23068023646093 -0.374732225291952 -0.420429257667668 0.137131972111127
-0.214797326943672 -0.3262097529996 0.410472457289018 0.121172581558627
-0.0572509317395281 -0.391504530513773 0.310401609288242 0.12120247731326
0.0459488318651048 -0.41284439367397 0.186520823584378 0.114919182767322
0.233376238455867 -0.397607426012568 0.182027029580055 0.0551875871364026
0.335726781223818 -0.335080085736826 0.231248612828217 -0.0341231031666568
0.410738835996982 -0.256193565319427 0.266604264481753 -0.0947409310884111
0.498770760490054 -0.194616522664765 0.288115361496929 -0.128796487182667
0.523296758826764 -0.200189225521278 0.218129104609513 -0.132197209333813
0.501929050095772 -0.31308935600112 0.0399784540877931 -0.135548482290554
0.354677808248159 -0.425128516856253 -0.146341076667639 -0.114097006250894
0.199415648373764 -0.529425826913261 -0.283473864164307 -0.0398691002649011
0.0211249951450079 -0.517119922789418 -0.240616736517943 0.0257048897689222
-0.177147461366775 -0.404466606139292 -0.172013005567546 0.0812820424203014
-0.198523406375563 -0.400429212700971 -0.272236663374913 0.153944443265456
-0.248652807174317 -0.35221005373844 -0.330826065785178 0.273168452678935
-0.154216447056104 -0.240531423944504 0.444545101985649 0.232824497375448
-0.0152213615729016 -0.283995342076535 0.306729997468016 0.213638691884126
0.0646607383585348 -0.26300970803396 0.150306998897069 0.164289975207296
0.192056145437073 -0.223961031328751 0.167210535776277 0.07932424676554
0.247383696328111 -0.171774288744928 0.250678680646969 -0.0394175910217902
0.295764130961884 -0.128079735416334 0.342255333065015 -0.111032837697634
0.373001189503759 -0.1083191862303 0.432152911927422 -0.163305452478517
0.406485456692096 -0.135300702937308 0.399738333245104 -0.212663194062748
0.390417049493556 -0.234518327895744 0.188040336076556 -0.237838062001237
0.259191718656497 -0.328409623264129 -0.0767643907226788 -0.214185656552852
0.124703589391485 -0.407501051954893 -0.261699276814255 -0.0928228523150132
-0.0265861777486343 -0.395563734955733 -0.219219140320541 0.0464723704673814
-0.179506169030024 -0.303819945999248 -0.133610159955516 0.151954113140079
-0.185820128892943 -0.306517295678177 -0.184971004801868 0.239433293779582
-0.210318921075477 -0.276886933729001 -0.232086981337655 0.376638273302475
-0.0958640711497763 -0.115404510605382 0.464977108012303 0.290403354620953
-0.0112309433315667 -0.144803204254499 0.296093289612588 0.254912997729322
0.025449879931346 -0.114501048942587 0.120050393875604 0.179246680400615
0.0919972131081665 -0.0846417244937053 0.155778326509103 0.0912942614583353
0.112256539298069 -0.0471584031594309 0.26032259875168 -0.0335942512670479
0.14332062386222 -0.0237283337920663 0.385694909222212 -0.101906479036555
0.197600433875873 -0.0259621390662928 0.522478896109827 -0.170925475354595
0.230840920171493 -0.0518280121610195 0.523892032986072 -0.264321360048744
0.22597790563007 -0.106242270754737 0.291845833029049 -0.305262901261747
0.144123909429783 -0.163994220355304 -0.0259030939170043 -0.276833300960645
0.0658363917063357 -0.213821079487997 -0.239370409522506 -0.130377379230896
-0.0220042529941446 -0.214409729302368 -0.198030843785963 0.0535742472786858
-0.11677495652961 -0.165314483800056 -0.101919219992705 0.19683528870868
-0.116330994624012 -0.177508040946839 -0.108727631731612 0.291122239636695
-0.121324510591955 -0.165228162741936 -0.151751483096935 0.440788858994963
0.0315797773085804 0.0169449089587966 0.0748699025403716 -0.452728286045398
0.0486434809652386 -0.00374090798283763 0.0307183499310598 -0.346681587587819
0.0388661772254512 0.0015064418854849 0.0684924273259834 -0.228849157903319
0.0317023992374391 -0.00885479601206 0.143712034092155 -0.0724848444785204
0.0057555800374402 -0.0150178940606057 0.176290076893245 0.131903797310209
-0.00640594370390601 -0.00455005468354357 0.00221003284457338 0.234874023237374
0.00711599065850976 -0.0133676026069485 -0.33303202559971 0.276222942942828
0.0059718638673552 -0.0240272725689902 -0.54560043868714 0.250823643122176
0.0153160107668425 -0.0283847768160645 -0.562082938262625 0.167471142360983
0.00202448747717836 -0.0216401047867563 -0.413792257459035 0.128895329225496
-0.00543850298574681 -0.0263643295515339 -0.267118434635566 0.0559622571053833
0.0196066211317375 -0.0219284504018267 -0.154421726917021 -0.0640816254682169
0.00902598788809637 0.00593273740029943 -0.0964899522235289 -0.152340372207851
0.0200318924940896 0.0134038615286432 -0.257739231551261 -0.220152438047393
0.00923377546295132 0.0225260459812433 -0.48152376242497 -0.245051617124735
-0.100879073722999 -0.119239513984714 0.10182606603259 -0.398031058295688
-0.0641166808231129 -0.150288202382081 0.0540881722236422 -0.313161464686621
-0.0548897581366246 -0.182408351812556 0.0851414491581847 -0.198377754821815
0.0150549219470167 -0.224557759984154 0.139052732766202 -0.0552686907300202
0.0703901671165122 -0.227323708708581 0.160287622195731 0.12925508477328
0.126954727074534 -0.192912380993951 -0.0104899065109496 0.215933835986901
0.201390511025086 -0.14725434369085 -0.30987459037122 0.231083692824681
0.215006790726309 -0.112543663225997 -0.505947908979777 0.218033662081062
0.211992435146766 -0.108116206622217 -0.532469750470046 0.154854148086657
0.159628665522956 -0.101111943997791 -0.405263690930432 0.125887306685901
0.128942077105594 -0.125079764447388 -0.283610503639413 0.0520450644124673
0.120299468563323 -0.127323119089681 -0.167082596070718 -0.070544420236822
0.0505699896280088 -0.109085593515765 -0.106776541397921 -0.16284403713204
0.030922620651423 -0.131847455346087 -0.285973096330951 -0.212738711677163
-0.0424671851477331 -0.120263464047107 -0.49830030329387 -0.213668918991899
-0.20458079175094 -0.238520232800375 0.168550957067254 -0.304166724631394
-0.141096430792468 -0.287521845234804 0.120142464618152 -0.245270495326747
-0.106357250714739 -0.351718443155891 0.124823593188971 -0.146486568022242
0.0365407957238966 -0.414679566988228 0.149021123295198 -0.0378780958701393
0.158392345850969 -0.403605776768038 0.154755793071279 0.0974701591720083
0.265661258490421 -0.335681625592946 0.0104438503440261 0.152085996409453
0.37506062616941 -0.244032947234418 -0.220395433939374 0.146047742950625
0.394452014620038 -0.183587464629477 -0.387359533101637 0.155110870766797
0.380604379039961 -0.193962733495509 -0.443005116476371 0.12778097194624
0.299633076559217 -0.209222427434788 -0.374158207127129 0.117273173611624
0.241432178046738 -0.263507142570351 -0.302131723501785 0.0506935783531277
0.186396541949615 -0.272474486636038 -0.197421647671502 -0.0669526129686519
0.0505116623145051 -0.241992221935432 -0.142919285070994 -0.149104990329438
0.00529322004356042 -0.273346294655973 -0.327266964599238 -0.16746298186261
-0.106419018764365 -0.24685483991615 -0.50137536736376 -0.129297851520284
-0.25887385444983 -0.319571859181149 0.258878995572138 -0.171982177218175
-0.157505872687395 -0.391227341638975 0.204916683646706 -0.139053834645952
-0.0901556940228469 -0.472059037128701 0.169437481529165 -0.0680975593613225
0.105778988488763 -0.530098623554106 0.167817373366816 -0.0141758586595896
0.260911029459285 -0.495838014065432 0.168013384066925 0.0449695946918939
0.384282078265295 -0.399228472759029 0.0714638833084243 0.0560610787331147
0.497522997853485 -0.284322745513578 -0.0727519319216022 0.039758375030362
0.516366354006874 -0.225758608117407 -0.2091983515755 0.0670607710399403
0.498153471407362 -0.275374750473751 -0.302978422557542 0.0710627632689771
0.389179276744233 -0.33258414515322 -0.310844378394625 0.079816321137625
0.294893044995046 -0.422162028498139 -0.308946334290017 0.0427368188431173
0.181741303752316 -0.432596348693682 -0.229890499305229 -0.0444198775286578
-0.00808067794403963 -0.365456961473707 -0.181111581276442 -0.0964320537433328
-0.0617210570185989 -0.383900876014917 -0.354079976664539 -0.0776578812162697
-0.176634224040314 -0.335740184964176 -0.4783520035367 -0.00459983326800613
-0.25807602183204 -0.352432552925027 0.34557539931805 -0.0227729228780444
-0.118694666933256 -0.431733892428485 0.276468352486546 -0.00759159957837213
-0.0234118080107329 -0.495774005931432 0.195107079285815 0.0278045757525132
0.189972618312412 -0.523118305710664 0.181841055631849 0.0187593724318477
0.335106573397602 -0.467370986617352 0.198054489453105 -0.00608024338539031
0.441979331265561 -0.364935348271354 0.164529035173512 -0.036408767608977
0.542974182287547 -0.262094748328191 0.108185251492162 -0.0599757992575392
0.561141083559728 -0.232274577612105 0.00338010543439831 -0.0342045670048162
0.540336547267355 -0.325160799753295 -0.132015562199739 -0.0216664209007072
0.40504031581718 -0.422586563106163 -0.228121384401948 -0.00312071470564404
0.270340204583253 -0.531193738471811 -0.300452658162868 0.0110342263084136
0.106981474825201 -0.532574813989667 -0.246802665846152 -0.00840291720436425
-0.105371806877392 -0.428074586529472 -0.194237834635728 -0.0102444749889055
-0.146385520303683 -0.429581216093846 -0.336177224083647 0.0409514584392477
-0.231438837592686 -0.372916255959578 -0.418220441751115 0.139365532482277
-0.214214792973353 -0.323769278967626 0.410029320270732 0.118242669567253
-0.0572162606495375 -0.389462143331858 0.310882553778311 0.119210920743687
0.045238980828766 -0.411352788497172 0.186089671132045 0.113186000965918
0.229835220962666 -0.397098298090918 0.181863571314777 0.054265655571722
0.333004559313025 -0.333791335820756 0.230708564868568 -0.034707001755543
0.40820485545268 -0.256599520025889 0.265205035226239 -0.0945310119686228
0.496963691492735 -0.19511674601402 0.286763190008094 -0.130376524212884
0.521630083309707 -0.202080666214049 0.216742063271156 -0.132438222723308
0.499316568693259 -0.313063278379743 0.0397851981413779 -0.135559509369665
0.351639241323338 -0.424510555443062 -0.145379062261929 -0.112833445901279
0.197060370142576 -0.526710531768229 -0.282183556167559 -0.0384332448043491
0.0174898595949207 -0.515610081995359 -0.239696277758747 0.0258466972578153
-0.175665048077204 -0.402072263948095 -0.172682226761806 0.0802270076637106
-0.19790010710547 -0.397839622511309 -0.270692779708858 0.15608326272463
-0.247998082280878 -0.350032673316365 -0.32835115874143 0.273637423449156
-0.153568313779455 -0.239585552649507 0.444242767952472 0.229826529088135
-0.0157299981319685 -0.283164017068424 0.305736660771596 0.212499811302967
0.0646657867186078 -0.261569943660585 0.149916051092003 0.16251033615611
0.190818405862931 -0.223723337715539 0.167426745322925 0.0782457404472987
0.245573684079707 -0.171254559452309 0.249895638154016 -0.0395789543839109
0.294620667043014 -0.127577690760919 0.339904297399941 -0.112118171050443
0.370672190701428 -0.109882002486766 0.428993145505441 -0.163843944613947
0.405374735254713 -0.136260302160163 0.398608042676955 -0.212980042992786
0.387747948093294 -0.234811948993531 0.187066471891939 -0.238249314323182
0.257323034397947 -0.327169665772911 -0.0762751509446217 -0.212246164492153
0.122932817474317 -0.406396996362811 -0.261176971102054 -0.0909318684484088
-0.0282123711039095 -0.39403881805355 -0.218813882359438 0.0459445641752237
-0.178503519914124 -0.301561419233775 -0.133986295815297 0.151119420830706
-0.186749518170537 -0.305512733825798 -0.183583070797061 0.24070803526166
-0.209730575696796 -0.276170304052778 -0.230311382064864 0.377296923807844
-0.0958057674629945 -0.114357543107169 0.464780926576005 0.288397329579093
-0.0116671520693694 -0.145217761026422 0.295631563861222 0.252475447052173
0.025512430615135 -0.113387714842715 0.119979500869249 0.17764534901118
0.0911274196025272 -0.0851199387918921 0.155980516311395 0.0909119825246315
0.111744998803271 -0.0467724563310734 0.25899212302537 -0.0340587797556808
0.143265192919229 -0.0241320812177336 0.383375685272107 -0.10175367350851
0.196366760823397 -0.0260993290077412 0.520410442308745 -0.171531930739386
0.229878452131955 -0.0528870289692393 0.521453299032673 -0.264768764333338
0.224421779568336 -0.107150379487953 0.289695125644792 -0.304559297871419
0.143642680871731 -0.163191241567842 -0.025436392467514 -0.275926651793886
0.0646525202907872 -0.21265775875876 -0.238038790412073 -0.12901956389774
-0.0231253662206388 -0.213991938847157 -0.19711777500022 0.053670460040012
-0.115837093091404 -0.163947796462522 -0.101204675920277 0.196015199743379
-0.116969972384712 -0.176370891764461 -0.107800433309046 0.291453281106415
-0.121956554824474 -0.164300891731818 -0.149159821277627 0.441251477536297
0.0316266532237592 0.0170672937035779 0.074329576094279 -0.452903203788272
0.0487464210149957 -0.00408848712393031 0.0307111835300606 -0.34737367324958
0.0388331919921644 0.00129161816834129 0.068106412016501 -0.22841523295247
0.0315786703729504 -0.00859624131848692 0.143356280180571 -0.0725792891049319
0.00524697158026263 -0.0150344601370959 0.176444413212336 0.13131304915063
-0.00663928927930501 -0.00496513630972123 0.00127692388389429 0.233372311133794
0.00757236046617741 -0.0138400136442799 -0.331007161562303 0.277504262168097
0.00615401470125254 -0.023907563199381 -0.544998899139748 0.252126449833405
0.0151439005927328 -0.0289687111689043 -0.56031826265774 0.168795048380054
0.00223948093842302 -0.0210565364717562 -0.410552852588451 0.128158410726933
-0.00561873161279144 -0.0260738612678784 -0.265918780568358 0.0568998476053325
0.0188141456329996 -0.0220872512340531 -0.154657542834042 -0.0641590203049192
0.0091898074235228 0.00594719652524896 -0.0964252387240695 -0.152596361545476
0.0199365556102263 0.0129098008716429 -0.25770321662867 -0.218144880094562
0.00953467664961116 0.0230552152623568 -0.480855444204908 -0.242454407349976
-0.100369916251156 -0.118451047239131 0.100896294693465 -0.399593256956893
-0.0646041485079415 -0.150139989880709 0.0536551577594261 -0.313993410824851
-0.054985031114574 -0.18142189220441 0.084473553624016 -0.19825578538508
0.014707111433859 -0.224388210415099 0.138263627567669 -0.0559875941642518
0.0691607314619554 -0.226592866848722 0.160264105104514 0.127756585126452
0.125644605207357 -0.192702090198377 -0.0106349877852205 0.215100358476941
0.200870129988569 -0.147963248243305 -0.30916507415359 0.231556436440909
0.214996239902722 -0.113643411565066 -0.504599233079551 0.220709322155204
0.210662909270926 -0.108378711781871 -0.530649368632669 0.156613267122114
0.158959271669392 -0.101191489402777 -0.402735389965865 0.12691423918672
0.128046977264285 -0.124596813825444 -0.282000813368384 0.0529161621742082
0.119343149789009 -0.127333918303595 -0.167011090733079 -0.0700219671572326
0.0512025462161302 -0.108342094543189 -0.107626630408986 -0.163396419803189
0.0305266211481361 -0.131948859719638 -0.285385030730259 -0.21085144868126
-0.0425953309127438 -0.119467772592167 -0.496504726747479 -0.210115368106951
-0.205270695273317 -0.237092130101933 0.169070113704673 -0.304574710958055
-0.140871876537753 -0.287275551366177 0.119662950744436 -0.245678417914529
-0.106302872169465 -0.350500637463334 0.124049146300939 -0.146664845179762
0.0361904169311136 -0.414195925031129 0.148054848163787 -0.0387311237264392
0.158307104359028 -0.401935632090026 0.154946916077642 0.0963819546690251
0.263693913637562 -0.334821076586881 0.00995257149741422 0.150979527559418
0.372138344802877 -0.244184224842151 -0.219655834334995 0.145680959659658
0.394329019329354 -0.184587863619101 -0.386122967502795 0.155985697649484
0.379127365134964 -0.194522105142614 -0.440148893292339 0.128799357494253
0.298134884076058 -0.208941600045083 -0.371265516258695 0.117347019138894
0.240162212245912 -0.262502183453203 -0.300182282857715 0.0521701552823742
0.184879628069799 -0.271941178153245 -0.197844806560597 -0.0664491165081655
0.0514339469296557 -0.24037277803204 -0.143613334651567 -0.150477963049795
0.00476962097586085 -0.272744861973627 -0.326927134393969 -0.165417645953909
-0.106578745780633 -0.24536194810974 -0.50203798890023 -0.126002253116188
-0.258758530393173 -0.317104543128801 0.258409573194862 -0.173012666058232
-0.157520394446987 -0.390197389425497 0.205070972249775 -0.140025807008949
-0.0909682615351062 -0.469897946445947 0.169335992495262 -0.0688247335022088
0.104589694461749 -0.529674570179721 0.167273474254235 -0.0156594196834865
0.259365765773368 -0.495167376686121 0.168808462728206 0.0441733914233303
0.382674887261047 -0.399096398227342 0.070724754262159 0.0555672755723803
0.497057179774421 -0.284792310709043 -0.0722458192574343 0.0382806933821529
0.514858084130008 -0.226584264607659 -0.207715049833799 0.0671075343072254
0.495065972345795 -0.276428647758749 -0.30165353983776 0.072164327985531
0.387818138086782 -0.332178698899072 -0.309248397452613 0.0799343342521477
0.292384512510614 -0.421476866743905 -0.307262301219983 0.04299007237975
0.17943233865811 -0.431777973334072 -0.229793038990387 -0.0444428992509375
-0.00770307720430379 -0.363805019337563 -0.18217770801961 -0.0971539749052436
-0.064018338642327 -0.381545530677618 -0.353516017406845 -0.0752044767066962
-0.175647755000541 -0.333830076355105 -0.475874516318046 -0.0017242615408394
-0.257877685050408 -0.350511348342881 0.344674312154585 -0.0242381539525952
-0.118574147290053 -0.430809148041305 0.276479652204757 -0.00846954213633111
-0.0228212706261111 -0.493685109952244 0.195563872315141 0.0264306195204679
0.189262888312575 -0.521932286994843 0.182005450261163 0.0180300247647971
0.333650107238769 -0.466034693914199 0.197948599317749 -0.00680041604623551
0.439680637815208 -0.365734643788669 0.163615323600318 -0.0369947382905392
0.540138201823631 -0.262424325367128 0.107764106777912 -0.0604410293770455
0.560164116797789 -0.233856671597606 0.00363749899907704 -0.0340038518293725
0.537587803078528 -0.325469654090216 -0.131937252273361 -0.0214914605985474
0.403343827620508 -0.422181492666877 -0.226547355352206 -0.00238337139761897
0.26762428031769 -0.530992261146604 -0.299432990090115 0.0122045059914286
0.104447586548854 -0.531028594199338 -0.246363471386056 -0.00889005505318701
-0.103022002539098 -0.426947318709501 -0.195081793221092 -0.0114179925685521
-0.147057469480194 -0.428277977840832 -0.335621784090815 0.0431581587258538
-0.232607229036855 -0.370085075811128 -0.41580360487143 0.140626129617337
-0.214492823265187 -0.322697876476127 0.408568580695015 0.11724975131862
-0.0578701143974246 -0.389838373700986 0.309862209158518 0.117479082335984
0.0443534271865941 -0.410430528621823 0.185716729896769 0.110696954191505
0.229761380284041 -0.396004708461704 0.181873585557448 0.0528278731860963
0.33184878804234 -0.334121837997735 0.230226303261685 -0.0354951568127742
0.406184354808212 -0.256103694120772 0.264188848475034 -0.0943236587286115
0.49543482346314 -0.194862335596965 0.285735733391503 -0.131184862509243
0.519186829524529 -0.202444037467871 0.216253017006784 -0.132832727116266
0.498212180697368 -0.31322471924907 0.0398933127059097 -0.13525300457844
0.350411349336759 -0.424763536106914 -0.144832416996932 -0.11201255947336
0.194964628739639 -0.526792923816937 -0.281167329161392 -0.0370835125412734
0.0150089026849152 -0.514593267518446 -0.239365213506478 0.0254656669479598
-0.174930930995168 -0.39936440672187 -0.173463196508661 0.0796048780244403
-0.199516226283575 -0.39697797486182 -0.269802962789439 0.157592432890357
-0.249086909728723 -0.347370039058537 -0.327153811496329 0.274713324565805
-0.154295798971449 -0.238073700934735 0.443971881802513 0.227414037645037
-0.01611660876327 -0.283165948851211 0.306174230988198 0.209760008267148
0.0634699700403949 -0.260321026578113 0.150664431168416 0.160779457470311
0.190731188182728 -0.223827570154481 0.166732389155605 0.0775503924467712
0.244739422453337 -0.170622772362373 0.249845486510671 -0.0404319427966909
0.293655258860176 -0.127629487181614 0.338881625042008 -0.109822390936978
0.369496582007125 -0.108646347176143 0.429194097751062 -0.163798578922716
0.402998570291555 -0.138653949630097 0.396599584300806 -0.212697297377682
0.385648482980312 -0.235987867458112 0.186198748170409 -0.238439808540691
0.255599969673323 -0.325434512317839 -0.0755202552730525 -0.211561631247472
0.120935648950664 -0.405657985365913 -0.25973107108533 -0.0897723074047206
-0.0296445373805154 -0.393606848596835 -0.217911189682497 0.046279822041333
-0.17776858011463 -0.299921249385228 -0.133836245438838 0.150018841939618
-0.186912502138634 -0.304460828014297 -0.182848471330848 0.242241033572474
-0.21019226523973 -0.273853916090029 -0.228977942349097 0.378788637331288
-0.0956264561246226 -0.113890537133982 0.465239527097364 0.285817144256679
-0.012031071812922 -0.145241099676298 0.295536327150676 0.250788742567809
0.0258798500923468 -0.112661063223026 0.120081015987887 0.175677553371828
0.0911799375939808 -0.0851081447876621 0.155324668535285 0.0899235455993953
0.111844200106554 -0.0461582237916023 0.25893485562162 -0.0336778357333559
0.14326457746288 -0.0238771177549976 0.382210562959032 -0.101452588093252
0.195835115914854 -0.0261582325748747 0.517854041700775 -0.171453763374279
0.229355196245188 -0.0537897731946605 0.518501964872769 -0.265804868921281
0.224314750948758 -0.107854981758015 0.288935764611435 -0.306405043196903
0.143172968632281 -0.162620331787865 -0.025777688414704 -0.27440277515106
0.0641425003557455 -0.212234526878604 -0.237934413062794 -0.12772703979972
-0.0237981886116525 -0.213082826613231 -0.196800883763934 0.052916628861406
-0.115052046133432 -0.163064225662079 -0.101725675745716 0.195848375896354
-0.116959038148087 -0.175830194734718 -0.107128745877517 0.292488031870559
-0.121951235446984 -0.163385199505238 -0.148094192171067 0.44188118351318
0.0314925252712222 0.0169924441155165 0.072049417866311 -0.452727695645186
0.0482901513652787 -0.00419972967702537 0.0300023114891334 -0.34730428286567
0.0383750728782331 0.00158578763681042 0.0688285217855778 -0.228321210101969
0.0311803369652092 -0.0092535099539535 0.143033335305152 -0.0722277977539328
0.00516554135953046 -0.0148859812400655 0.176628281842056 0.130856434929087
-0.00650477070449119 -0.00530830786390637 0.00073850160140957 0.232746803918513
0.00810190432030139 -0.0142208810200419 -0.331587323049805 0.276070676718191
0.00579337581817137 -0.024400728450716 -0.542033531127187 0.25320062380306
0.0148570586198991 -0.0293465818503844 -0.557948928245779 0.171775285164044
0.00262187651386057 -0.0213173424647821 -0.409142577807422 0.129807989405008
-0.0054719692694324 -0.0257434905695996 -0.264966203523612 0.0574236348212342
0.0187770851907259 -0.0222588936620482 -0.154913754548693 -0.0630129928141356
0.00961432550897301 0.00641211064162759 -0.0961007087984981 -0.153296071150052
0.0194630019192095 0.0124714262393847 -0.257055386194219 -0.216402276968346
0.00949001254947757 0.0230472208711655 -0.478817329983052 -0.241171988276934
-0.101061079288824 -0.117556507729333 0.101259954597345 -0.39934110761319
-0.0638913943568759 -0.149911130295122 0.0534109399186016 -0.314045312216392
-0.0555903521258056 -0.181085863637106 0.0851793968346267 -0.198029511713733
0.0149745486049012 -0.223397488231806 0.138269174596544 -0.0565294706497693
0.0685772066405684 -0.225719504417879 0.160164360642947 0.126900036606343
0.125477473773114 -0.192474536914326 -0.011663183808197 0.214301789064203
0.20014522741916 -0.148015113341159 -0.308189656175883 0.23172384253891
0.214870230141312 -0.113780038716956 -0.503498273268345 0.22097998409643
0.209771351946698 -0.108963868069258 -0.528682890879632 0.157899986261235
0.158520446322877 -0.100786575544681 -0.401072139113557 0.126783227382534
0.127162976640616 -0.124047248849831 -0.281232177022065 0.0529150147492467
0.11834896334089 -0.127493690472133 -0.167700464829227 -0.0699334519984529
0.0516048847767893 -0.107902157229216 -0.107749557950747 -0.164006186721184
0.0304545364616536 -0.132082307891187 -0.285152236013756 -0.209704556442591
-0.0420561664461639 -0.118484713950107 -0.496420615153703 -0.209068035504922
-0.204781475426428 -0.235767828791803 0.167852786814346 -0.305034326030121
-0.140016342113441 -0.287181533401873 0.119732041820199 -0.246066695086542
-0.105705333818922 -0.350075690525126 0.124283553139235 -0.14735373068482
0.0360963412461107 -0.413098515700606 0.14803871035204 -0.0395568016205501
0.155683516270669 -0.401877431997843 0.154825515399571 0.0947960932144546
0.262884645485841 -0.335777829687528 0.00977683992320012 0.149944476890642
0.372702529626881 -0.244438938510123 -0.219426580645933 0.144967936896476
0.392660695816165 -0.18559760453792 -0.384939431941695 0.156543496620249
0.378503221951189 -0.193874938851483 -0.439641584936631 0.12916718698487
0.297032229048201 -0.208488956582208 -0.371076563547389 0.118721321684086
0.238683464237529 -0.262119816199131 -0.298973399242384 0.0524057763050675
0.183997548986442 -0.272323433762746 -0.197283621451302 -0.0661247646795381
0.0523339780972797 -0.239229367618888 -0.144749298687363 -0.151117318202776
0.00429854904394712 -0.273337421488241 -0.326826989480551 -0.163911549821641
-0.106831819745923 -0.244060243292186 -0.499813176090655 -0.12420879885361
-0.25993899664269 -0.317045311290581 0.2587968036902 -0.174295135205681
-0.15801186353265 -0.39125876055527 0.204806898889676 -0.140002278426383
-0.0918927259977382 -0.469204998279738 0.168887380789371 -0.0697852808661364
0.102868240349073 -0.528238948294602 0.167065165316109 -0.0163451465328512
0.258363086306036 -0.493006638708926 0.168923058399319 0.0427914887444481
0.381411934161828 -0.397475286134544 0.0703543087041322 0.0548400682000754
0.495489746743465 -0.28360365634465 -0.0717463917736137 0.0373271705751372
0.515062008825096 -0.22841066427875 -0.2069203601128 0.0670888883280335
0.493869310259765 -0.276684441782878 -0.301266294112162 0.0725904413550979
0.385203477977181 -0.332269786545038 -0.307727016679586 0.0808274742252434
0.290973369308764 -0.421361142406687 -0.306521111742622 0.0437196605462816
0.177688414375074 -0.431474156005641 -0.229699304230763 -0.0443370195389092
-0.00751902566766493 -0.362937488166327 -0.183464868766034 -0.0985748235315541
-0.063750208874377 -0.382231321655861 -0.352799805895503 -0.0740290233077847
-0.176346617020884 -0.333318468760648 -0.474732270267015 3.03974758306198E-05
-0.259330390971791 -0.349327164273633 0.345367182756045 -0.0254248659344784
-0.118301058696876 -0.430645032208564 0.276437543370282 -0.00975777726501713
-0.0239994984017245 -0.492676360224627 0.195697065206419 0.0253887117725073
0.18850016439326 -0.521686932313949 0.181446258009761 0.017056155095577
0.332316247418874 -0.464503032791143 0.198416300817853 -0.00758896447780211
0.437906381580565 -0.362307954457248 0.162881299655133 -0.0374958238733087
0.539068832459194 -0.262304429053795 0.10823406380209 -0.0619818605036518
0.558936728168748 -0.234327176290743 0.00378834450969315 -0.0344306685933637
0.535075047607395 -0.325633700899687 -0.131576937077723 -0.0208020340153381
0.401335635299813 -0.421261274449192 -0.225156283522331 -0.00133886480025493
0.265945076084248 -0.53042820177158 -0.29834986559355 0.0133842933380806
0.103797216578713 -0.530400695384178 -0.246069126133966 -0.00906171993186772
-0.101909562361096 -0.425022708257297 -0.196373535190353 -0.0123554443411532
-0.146806065220783 -0.428172403726019 -0.334516999213563 0.0444481208877908
-0.231784655851335 -0.369241876925948 -0.414340936133525 0.14208031339476
-0.215725274843349 -0.321204129859621 0.409429462389378 0.115651463782318
-0.0577019195967024 -0.390450941185731 0.3097056533744 0.116156341129089
0.0452051769710979 -0.409223891144888 0.185956552953337 0.109798710396311
0.230185577914396 -0.395846349266643 0.181644723274606 0.0521662635392798
0.330444054978232 -0.332861135668582 0.230399595406311 -0.0358879055508533
0.405713103482678 -0.255957817282119 0.263442907337151 -0.0945946215872041
0.49443531091575 -0.194898124615969 0.285217059867914 -0.132192040475393
0.519809180463731 -0.203636859561601 0.216125205516945 -0.133883548566755
0.495570652553637 -0.314062780040759 0.0398225697794861 -0.135315581417409
0.349060965077417 -0.424433223385164 -0.143571130751294 -0.11136637424871
0.192780776174926 -0.524427879928709 -0.28052389200953 -0.0360621186159909
0.0149529862376804 -0.513998326210504 -0.239418218711793 0.0252102705831392
-0.173500670479579 -0.398083475435429 -0.174526715036374 0.0787895824521252
-0.199837198776256 -0.396387964552668 -0.269501902488353 0.159125290264197
-0.249179816539042 -0.346021444546141 -0.324657386474966 0.27582424588901
-0.153500463783236 -0.237209562998954 0.443028523199048 0.22552787663147
-0.0162620684939406 -0.283310360651781 0.305301385994588 0.207485501180393
0.0639412081819698 -0.26000205211646 0.150188665232749 0.159409661509732
0.190331161642008 -0.223654079619987 0.166605396456954 0.0767408222677536
0.244322411175801 -0.170101031800675 0.250040530296631 -0.0405552165317324
0.292554867547146 -0.128068754671079 0.338970471783478 -0.109928950233875
0.368899855928294 -0.108265802870136 0.426780253844959 -0.164957341483374
0.402814491338895 -0.138800335245924 0.394773006673103 -0.214142783202403
0.385521180689708 -0.235536553770359 0.185659420070408 -0.23905388632982
0.254424655884859 -0.326790025329846 -0.0755117673717639 -0.210636343214075
0.120156663640895 -0.405297893074505 -0.259061802895395 -0.0886383759256348
-0.0299348287226827 -0.393017788531078 -0.218127761597172 0.045111595264213
-0.175822828146619 -0.298319249971937 -0.134833759314247 0.149742533480658
-0.187936462006203 -0.303990425172226 -0.182144177251231 0.242861578377009
-0.210241418112627 -0.272200404108431 -0.228398588191134 0.379271607619883
-0.0958450394636446 -0.112988098614867 0.463801226731157 0.283941909589054
-0.0122553102825249 -0.145258060280532 0.294636567116704 0.248783625330657
0.0257686033817756 -0.112163352443856 0.119803994568373 0.174506189790744
0.0905523279625032 -0.0852238717944861 0.155628311484383 0.0894005841319128
0.111670548278615 -0.0458746009022558 0.258657700453525 -0.0338680165318956
0.143124058590967 -0.0236781773409844 0.380620835871402 -0.100897144186546
0.195059878664361 -0.0260432275599079 0.517218916963595 -0.172219553065971
0.229096606838144 -0.0540759302835432 0.516787143917255 -0.266298006903661
0.223961300406271 -0.107750952511324 0.288934400168231 -0.307300201512939
0.142600545933703 -0.16278562040951 -0.0251928154300696 -0.273811591143302
0.0635697635281392 -0.211933530226619 -0.237148389666586 -0.12650562080531
-0.0244503550809243 -0.212764458264384 -0.196838671808986 0.0525322861053534
-0.114379149189461 -0.161794011792234 -0.101678161083057 0.195354188851471
-0.117207643365561 -0.175544307249042 -0.106179099967185 0.293256307868633
-0.12236157678903 -0.162688356828249 -0.147134261989271 0.442722185607221
0.0314828171930606 0.0170636311947829 0.0715480940452958 -0.453585855222167
0.0489488487734542 -0.00427937343200384 0.0299463558737104 -0.348299187316808
0.0383628288067674 0.00113629762034143 0.0688444993098805 -0.228408734955103
0.0312529218027302 -0.00918234171682935 0.142345326513999 -0.0726090371525253
0.00490427605371574 -0.0148591298011028 0.176825268758101 0.129609719273518
-0.0067692328758393 -0.00577363922551182 -0.000245284592226014 0.232788437110367
0.00828387392116878 -0.0150621993199422 -0.331264828744442 0.277063830695448
0.00640159952024739 -0.0243475475246663 -0.53982925114987 0.253065170657037
0.0145304563121742 -0.0296266582472032 -0.55671933197978 0.17275239744643
0.00273244122725254 -0.021827787051754 -0.407660825809137 0.129985245021659
-0.00539313111064175 -0.0250486688915605 -0.263757547956851 0.057622051522441
0.0184356562610953 -0.0222745382142684 -0.155860407069558 -0.0629768142515422
0.00949617618755726 0.00673896279266371 -0.0964916173054102 -0.153579654491671
0.0197915796649066 0.0122873849234463 -0.257643135868175 -0.215964609476475
0.00998423186017722 0.0227604300191751 -0.480824964268085 -0.238174111356454
-0.100883825142279 -0.117667516765616 0.0994354705902903 -0.401613296924792
-0.0639388743999113 -0.150247981701935 0.0542643285923854 -0.315635107613882
-0.0555648002703404 -0.181163769799349 0.0846791813679163 -0.198989399449337
0.014357545135042 -0.223399886506199 0.137828746350612 -0.0568412664772754
0.0683415252349671 -0.225805536335886 0.160674336176394 0.125997937948983
0.125131396249642 -0.192859514045787 -0.012468132822493 0.213552035328214
0.200900608200639 -0.148712728074449 -0.30811189218564 0.23083146893611
0.214988403369053 -0.114087619158634 -0.502013621772177 0.221213614764597
0.209901487089208 -0.109295599106766 -0.527049668163227 0.158244387918148
0.158208002787866 -0.10098873001007 -0.399383947130698 0.127588850873668
0.126717969405374 -0.12392644910045 -0.279782141713548 0.0538099641150189
0.117552890899139 -0.127428455288995 -0.167798285581993 -0.0694212488627858
0.0519066812931443 -0.107350951549938 -0.10866211344522 -0.164827191842682
0.030093907409019 -0.132735776732065 -0.285290080037843 -0.20810902950573
-0.0425319553205791 -0.118066180200735 -0.497095449521116 -0.20614878378756
-0.205519692607282 -0.235125063992349 0.168519736835822 -0.306938800471294
-0.141080610814864 -0.286587079027511 0.120144194406933 -0.247541172538458
-0.106243675206027 -0.348838961334693 0.123945649874227 -0.147816711300439
0.0351056891249003 -0.413321245646646 0.147777393323844 -0.0401873301891546
0.157134164241996 -0.400865268500119 0.155289167631516 0.0937395391443423
0.261760494029988 -0.33665102903575 0.00931346348405077 0.150122455564869
0.372889119916687 -0.244935736017229 -0.219326875991582 0.144202145740496
0.394743926658307 -0.186794884627915 -0.383833959701748 0.157029414107335
0.377239755749081 -0.195193632749245 -0.439639479786681 0.130508481443286
0.296531521337598 -0.208904003536926 -0.369135507967035 0.118556694430355
0.238081528616536 -0.261696769983877 -0.298537102249351 0.0528367761429197
0.182968943811743 -0.272426915194903 -0.19794517358652 -0.0659003823728633
0.0533688923548951 -0.239428973115388 -0.14565845179024 -0.152273596502565
0.00386514349402799 -0.273126436395661 -0.326747034448263 -0.162393350962927
-0.107324654472513 -0.243947585349172 -0.499440926626189 -0.121404736376851
-0.258556548523036 -0.316502318017848 0.25850107190251 -0.175820459878107
-0.159231410994437 -0.390222046628456 0.205373399757109 -0.142243372782122
-0.0908859111956951 -0.468378351753547 0.169575105300006 -0.0713416279214691
0.102701064225575 -0.52902245812737 0.166906495113593 -0.0171378294058871
0.257593147322736 -0.493076212351693 0.169274394259549 0.0418170968854764
0.379369478294898 -0.399092573109711 0.0699752390335233 0.0545747458278825
0.494742768281993 -0.284610767979353 -0.0721311301671032 0.0361374595850286
0.514159810987592 -0.229659404361692 -0.206579619407954 0.0674865699831278
0.493680176762122 -0.278331741476466 -0.300674325773625 0.0731877822570352
0.385427930170782 -0.332944372687035 -0.306626574882078 0.0816631736832821
0.290403968345254 -0.421044010365046 -0.305775414646047 0.0453249560188271
0.177058997374936 -0.431533085063327 -0.230212983859949 -0.0445334118175902
-0.0070655317867682 -0.361449758890741 -0.184561568119674 -0.0991552825077017
-0.0648748773171558 -0.383336169852215 -0.352232295342057 -0.0723417133566244
-0.177260469048963 -0.331616574989222 -0.474629945464778 0.00190165271023966
-0.258716328022106 -0.348269431443398 0.345587117909098 -0.0263639596932355
-0.119495034244335 -0.431964885729175 0.276879471818748 -0.0109400879111238
-0.0241003113725369 -0.493200320853401 0.195665247802753 0.02379527450438
0.188600052951504 -0.522472432900499 0.181956726884566 0.0161889034415925
0.33142913007061 -0.466386985580277 0.198038849435772 -0.00794087863859558
0.435556373565711 -0.365685395769899 0.163185717757953 -0.0373097468959294
0.538722026457088 -0.262817514615691 0.107682846833416 -0.0633306144631975
0.558141713662884 -0.236214288511017 0.00390554535763982 -0.0344733528237541
0.535430653804521 -0.326417232654212 -0.131041936694262 -0.0209437227702969
0.402236043771312 -0.422036683636095 -0.224273353902133 -0.000812110729339487
0.264751700691274 -0.529937304353462 -0.297678157761206 0.0142276419341256
0.102080445927478 -0.530675414583269 -0.246450247476018 -0.00911280115452938
-0.101542848381214 -0.424344670940144 -0.197289688845189 -0.0132795403738782
-0.146697542023065 -0.427982472651051 -0.335283446425717 0.0461151868740551
-0.232416581584609 -0.367389666074171 -0.41409791691054 0.143360152311617
-0.215525285724953 -0.319937532006508 0.411045402452794 0.114613107520758
-0.0590135639562666 -0.390630540996491 0.311395414128967 0.114828907801208
0.0448198594134068 -0.408696479767159 0.185805004272587 0.108863471845885
0.229407862706979 -0.396985910635046 0.181639471448215 0.0511519550272728
0.32929643119027 -0.333202115111644 0.230690188020015 -0.0361573441263012
0.405419721792047 -0.255887509384379 0.26344505991878 -0.0952226283539016
0.493298094929472 -0.195873064576399 0.284910530471568 -0.133163260892212
0.518931648619517 -0.205129386073323 0.215456582817946 -0.134291040019525
0.494112707114583 -0.315910460749039 0.0398326754039917 -0.135379569738027
0.348592724630936 -0.423268925184905 -0.142948014286868 -0.110814622980798
0.192677306738432 -0.524999098831659 -0.279563117237559 -0.0354917473297634
0.0134206954064084 -0.513049812009836 -0.239451200898791 0.0252683268439817
-0.172410518048175 -0.397316328330426 -0.175621874907667 0.0782004825910631
-0.200347374435268 -0.396285724244248 -0.268635835562032 0.16075781599439
-0.249373146804367 -0.345362459719792 -0.323740811524468 0.277498067318228
-0.154033509749788 -0.236796360890707 0.444096082170754 0.225470858677629
-0.0170316203851074 -0.283996430622412 0.306732854703253 0.206104517104085
0.0639672039004514 -0.259823821095579 0.150152595252772 0.15840141713077
0.189864673762115 -0.224193312472113 0.166825717242132 0.0762905338917408
0.243297534207801 -0.16956182037196 0.250303257719399 -0.0406690788942362
0.2926339582484 -0.126077070735453 0.337673899642609 -0.110195885020763
0.368789076499045 -0.109518455166523 0.427590287807607 -0.16682789958583
0.402536625003114 -0.139143134434695 0.395103832709011 -0.214632979864592
0.38540651096194 -0.236922377295027 0.185285291257375 -0.239522970805988
0.255350616083616 -0.326690074290155 -0.0749553702645531 -0.210420803089187
0.119751232701234 -0.403485660727708 -0.258472738628714 -0.0876390506662636
-0.0311671104356679 -0.39247006452981 -0.217858419191015 0.0455088619775572
-0.175835087210497 -0.29831600515303 -0.1356088639268 0.149761844812041
-0.18890715331319 -0.304429110347184 -0.182183177757069 0.24515423237591
-0.210925588686911 -0.272014000946875 -0.226318829130565 0.381470154970826
-0.0954630395863905 -0.112836683795295 0.464968665430218 0.283455655921843
-0.012792874134395 -0.146046430224418 0.294663438680898 0.248220554396081
0.0256310473504747 -0.111582406856401 0.120121226725033 0.173885909574053
0.090581976065775 -0.0851857412182595 0.155763403631583 0.0892824264533379
0.111335966924107 -0.045662429113096 0.258785502303164 -0.035285716061672
0.143769937081133 -0.0233925225235306 0.380478508622127 -0.10129693603106
0.195783679294133 -0.0263979925355346 0.516089515234772 -0.172486738486731
0.228928542979961 -0.0553239668048223 0.516363066086742 -0.266865876915406
0.223786609811724 -0.10861796759453 0.288137729358522 -0.307734829883975
0.142893204288263 -0.162378512088199 -0.0248320347841084 -0.274059931739017
0.062731681873967 -0.211814851868201 -0.237019569615136 -0.12569005337561
-0.0253962238210369 -0.212456644427864 -0.196936114422503 0.0529821102107801
-0.113791900348944 -0.161284588902797 -0.101569280960196 0.195344138435971
-0.117578940014446 -0.175213733981491 -0.106081636706491 0.294410027443166
-0.122559875148941 -0.162800932930804 -0.146077349939862 0.443677289151232
0.031182799203074 0.0171978112223617 0.0701678522387197 -0.455780499066338
0.0488525779947606 -0.00455058929067097 0.0296784497015839 -0.350014042864054
0.0384932628051267 0.000726637979265117 0.0687705288913458 -0.22935596737855
0.0309756957385624 -0.00956450433591212 0.142938056361975 -0.073047959007851
0.00456725882410399 -0.0148802846350402 0.177626647141415 0.129774766076428
-0.00661948185950344 -0.00612709284791643 -0.000978433880596326 0.232922160387781
0.00843425156827218 -0.0162344394464618 -0.332222387313589 0.278051374137027
0.00609960599247792 -0.0248790247577821 -0.539039754222027 0.254292830369808
0.0145149152183293 -0.0300354454626849 -0.556574367675536 0.174464364174157
0.00273079536967773 -0.0217992064858231 -0.407270233771876 0.131792062897139
-0.00583406111039543 -0.0246028480455288 -0.26363583113389 0.0582440353511346
0.0183416272260551 -0.0221191543338971 -0.156220660073475 -0.0624953164727325
0.010221117314186 0.0069546970749066 -0.0976043257902754 -0.15492741845803
0.0198584808394574 0.0117889824485785 -0.258194558493127 -0.214570309825224
0.0105363707698591 0.0229097561262608 -0.481367492435447 -0.237750283265114
-0.101509102035018 -0.117520289426001 0.0981494103152872 -0.402820912440164
-0.0646642481484933 -0.150730705829077 0.0535930482516117 -0.316451836519656
-0.0554300496618606 -0.180881936595635 0.0849459728625918 -0.199133940420615
0.0145204236398415 -0.224463095073237 0.137667988198367 -0.0577111016983622
0.0678663032428197 -0.226770938830508 0.16119317368725 0.125566992133857
0.124837186052488 -0.193957787136376 -0.0126834620311867 0.213779260637116
0.20129500546721 -0.149776107879721 -0.309232600373215 0.230992910473373
0.215374200638316 -0.115804582219409 -0.500690332545974 0.222848106431771
0.209236285807853 -0.110448597242454 -0.528183066502275 0.160383715531978
0.158383187046426 -0.101315542891853 -0.399153751257073 0.128229273776956
0.126264286145034 -0.123439928615885 -0.280152863930874 0.0540679282206132
0.117347368462017 -0.127395333844816 -0.168159673670698 -0.0692203145457152
0.0528872476462041 -0.106972105847037 -0.109327607064664 -0.166189239487339
0.0303122567293762 -0.132783371251475 -0.286095338821035 -0.206957598292556
-0.0423532383571258 -0.118343646849344 -0.496317844437268 -0.2054963314129
-0.206529969769358 -0.234647332194957 0.169153352966849 -0.308056390582752
-0.141552070643231 -0.287652091160904 0.120297690892277 -0.248691180490584
-0.106594522323625 -0.349987008867045 0.124019168956736 -0.14799931062629
0.0348313724560743 -0.414379517997901 0.147786371766871 -0.0416574056678754
0.154705507788872 -0.402177529450946 0.156208638015798 0.0935818174742066
0.261644550989754 -0.337507702340981 0.00822923649134141 0.149719538932939
0.372995513272725 -0.244919161137771 -0.219095549133629 0.143839974164056
0.395113814878882 -0.187532326633539 -0.383786364943059 0.157275563912563
0.377801459459958 -0.195971385983712 -0.440103320967458 0.131643853074697
0.296503611342619 -0.209723439712681 -0.369278753869127 0.12099103336562
0.23781330821433 -0.261912742756939 -0.29814968698709 0.0537138949688315
0.182197463999059 -0.273003970680102 -0.198453485948607 -0.0661993676739995
0.0540483270583912 -0.238427108483075 -0.14698447641449 -0.153542507513511
0.00380674212842233 -0.273396559431761 -0.327587856692456 -0.160914751621129
-0.107372864449749 -0.24345084169338 -0.500757533917856 -0.119768631857066
-0.261250287796581 -0.316296646088162 0.259382431188195 -0.176387582174668
-0.158639022306751 -0.391376714408503 0.206201318668966 -0.143891030858519
-0.092126642041071 -0.469216132443562 0.169317063659957 -0.071579878983169
0.10282759729202 -0.530051122166866 0.166758403674853 -0.0180707981912212
0.255103208188273 -0.493893718348085 0.170296564200061 0.0412790598897624
0.378420636743853 -0.400280941415508 0.0698108334911927 0.0539786680610098
0.495963340674695 -0.285162116063558 -0.0721411136249205 0.0355310142752281
0.515208056970957 -0.230851011110514 -0.206717855576774 0.0676550140956754
0.492279947585061 -0.280387574124716 -0.300824324509868 0.0740163352287624
0.384203056839229 -0.333399382982356 -0.305985794250016 0.082954630025957
0.288431062828223 -0.421031107068407 -0.305681292496429 0.0459943881924455
0.175774759563265 -0.433400373266752 -0.23068762849399 -0.0440651967456296
-0.00442042048063661 -0.361064615181653 -0.186494489874338 -0.10045321822439
-0.0649276492854938 -0.383211496406664 -0.353170342546007 -0.0696734084673316
-0.177504233595603 -0.331346656547123 -0.475267421609725 0.00327317931065599
-0.260307978828365 -0.348604778987428 0.346723420992944 -0.0281509092681856
-0.120548683665821 -0.433650273574847 0.278385315802272 -0.0119443742848289
-0.0245299578578872 -0.492978764795882 0.196478799265881 0.0227496709400012
0.187333759400436 -0.523170316728636 0.182452146841953 0.0153413778055882
0.332933553588613 -0.46488635719872 0.198613687590336 -0.00943387160288471
0.436401629768727 -0.365263125960042 0.162541195254674 -0.038599203460591
0.539752753850736 -0.26415197827718 0.10763616500671 -0.0647913316783369
0.56032797499732 -0.238059417984239 0.0039173918024511 -0.0350425008888261
0.535336008781078 -0.327988990905458 -0.131419662846642 -0.0203085923868216
0.400820132576761 -0.422393798030899 -0.22386530528054 -9.28940301297471E-07
0.264554070011942 -0.531199257934153 -0.29795508625214 0.0153832805250866
0.0994974279291701 -0.531085457348749 -0.246917231772342 -0.00908915576350719
-0.10008453602393 -0.423397261048226 -0.199460006124996 -0.0138946474791566
-0.148988154845648 -0.428244550292848 -0.334789363212237 0.0487230863138945
-0.234897264512519 -0.36744723041567 -0.413310241624725 0.145801340754132
-0.215624929674701 -0.319954515283175 0.411968465930041 0.113441159675666
-0.0592418409053446 -0.391736118524883 0.312436338602747 0.113092205247166
0.0451352409902517 -0.409700533602628 0.185990978774988 0.107069336965179
0.229772243417773 -0.39778410258506 0.181667877863428 0.0507735420836976
0.330309770592952 -0.333588882691081 0.231343004958938 -0.0376056668809808
0.405424464812301 -0.256342614768281 0.262861412432117 -0.0950562786658779
0.492655967983061 -0.195656838298955 0.285286459170308 -0.134739846119705
0.519627644956386 -0.206842367563094 0.215355898765432 -0.134882340256255
0.494411514680801 -0.317319886841222 0.03933208912733 -0.135718431420756
0.348479166423026 -0.42532528467755 -0.142940577677834 -0.110144962163928
0.192120836166304 -0.525868455230287 -0.279507653619701 -0.0341481989014749
0.0120045307639821 -0.514373790098163 -0.240332540237753 0.0248200270796659
-0.171322688213968 -0.396656046643188 -0.177064514187103 0.0781066334289193
-0.201666805234172 -0.396078404744871 -0.268491488862699 0.162856978718165
-0.251058436174653 -0.345167836817049 -0.323389839904448 0.280184821634716
-0.154718313444765 -0.236601632202927 0.445167542983142 0.223439529910115
-0.0178812529061037 -0.284732666904983 0.308283082212524 0.205795196970127
0.0646494888647253 -0.259250362055934 0.150061596872525 0.157219341851622
0.190409771956896 -0.224473809342152 0.16690606994344 0.0758471795860095
0.244288102583541 -0.169581051593572 0.250744418342622 -0.0415465320807661
0.292590579212469 -0.126619348069162 0.337558712553771 -0.110247191942157
0.369069427322586 -0.109708662697503 0.427407097168672 -0.167098386991062
0.40424027952182 -0.142012806922715 0.394408624765146 -0.215438992537489
0.384991539350815 -0.237700354985295 0.185516535844921 -0.240617247133571
0.25436070236339 -0.327352831264516 -0.0752923294414843 -0.209733313769847
0.118160326126512 -0.405734827860917 -0.258535257474418 -0.0864002592846509
-0.0330895480041022 -0.39336768200457 -0.218953388942234 0.0450730834254956
-0.174476247570275 -0.297993833130328 -0.136871820786799 0.14962916773813
-0.189324688089913 -0.304663002258873 -0.181507311239243 0.246936070489003
-0.212180741208178 -0.271615760007261 -0.225835401237865 0.382921725951625
-0.0956180627704064 -0.112890841006551 0.465036345890988 0.282437490358752
-0.0134409729387387 -0.146911546927103 0.295606022006581 0.248249086268643
0.0265530730470062 -0.111476655986023 0.119899847365415 0.173040430046536
0.0907197671842725 -0.0857527114896186 0.155654855008017 0.0894451656061135
0.111613737290721 -0.0458182081589385 0.258867230183055 -0.0347049315366183
0.143967699521473 -0.0235882743396208 0.380462638073399 -0.10092034913298
0.195508116689342 -0.0263864689651575 0.516802381190311 -0.172320941089061
0.228880730332501 -0.0563452411696318 0.515009567367227 -0.269386595702898
0.223577922742467 -0.109597712924484 0.28868013970625 -0.308533634205365
0.14287023571513 -0.162902267099784 -0.0247517790571159 -0.273124107670026
0.0623651798923111 -0.212305625243665 -0.236730168057896 -0.125334935558091
-0.0257452998449956 -0.21305267561005 -0.197397803655249 0.0529222864834448
-0.113064498639387 -0.160705343152103 -0.102136941455048 0.195452810336742
-0.118196697607127 -0.175793854655708 -0.105466608627764 0.29658019279678
-0.123474408058747 -0.16175326138788 -0.146174862122552 0.447079975514561
0.031626030626819 0.0171652615257296 0.068863142148061 -0.457544432912618
0.0489893159022306 -0.00481182887634428 0.0292902572698771 -0.351670500448242
0.0385030989612001 0.000861105187248721 0.0690141760201637 -0.23054615306317
0.0315757648072145 -0.00992895466072024 0.143327714356139 -0.0731919609346373
0.00440891390701828 -0.0150557223932459 0.178059453636162 0.12924117728692
-0.00668828687938295 -0.00615303331431277 -0.00192767026837889 0.232815810733929
0.0086080058267056 -0.0166232305822648 -0.33289680151928 0.279515432629751
0.00653021429110067 -0.0261018499208129 -0.541608462539089 0.257227080320065
0.0144066395747685 -0.0307963658216366 -0.558077802040669 0.176390523665587
0.00310165695126176 -0.0218328878483025 -0.408214490777301 0.132651206469544
-0.0059537463976788 -0.0242286574237794 -0.263661845898563 0.0587559680856975
0.0175538355619155 -0.0223358605202387 -0.157654772078112 -0.0624527822193945
0.010517201597665 0.00721400867191103 -0.0978000926850893 -0.155527773227192
0.0199986352278791 0.0120273433884965 -0.259258529413095 -0.214120590291536
0.0105046517761372 0.0232577540189077 -0.48234681483105 -0.236210888068726
-0.10208205321488 -0.117091829933938 0.0980050264322833 -0.404264316860817
-0.0649570305777958 -0.15131288229798 0.0537037885261998 -0.318454309903551
-0.0562755114183733 -0.181269069743017 0.0853026308618857 -0.200845494018112
0.0133524546064425 -0.225477635844178 0.137805516224797 -0.0576989169874258
0.0669345977262697 -0.227306076271328 0.161540485641397 0.125125700495333
0.124470933124142 -0.194845643015411 -0.0138886823065322 0.214443474346478
0.201702382175483 -0.151144153449145 -0.310474405954388 0.233149739888136
0.216073331700237 -0.116842397063915 -0.502186822568763 0.224636483141361
0.209175070018771 -0.11141347006692 -0.529800711915179 0.161439165883918
0.158797970416083 -0.102145225784481 -0.398645192728388 0.130160584163349
0.126316645691157 -0.123522897984533 -0.279977422352303 0.0549602253651156
0.11714328463579 -0.128459162202596 -0.169456162860238 -0.0692664900822227
0.053589350987429 -0.10720625179027 -0.110503447186017 -0.167378829639294
0.0301541227957619 -0.133962600779494 -0.287035217879165 -0.206688618555231
-0.0425191758724708 -0.118066970854979 -0.499423067645148 -0.202973046788844
-0.207945002317009 -0.235566324181407 0.169362349088675 -0.309735040927999
-0.142840677435228 -0.288341272523787 0.12116592380017 -0.2513268444044
-0.107871801108165 -0.351290496960429 0.124568589709896 -0.149687573039579
0.0340263196940962 -0.414607513456669 0.147901440111104 -0.0424155802248257
0.156349413531247 -0.404908502010014 0.156532506548601 0.0925845928243683
0.260647073578641 -0.339516612267099 0.00800631914121093 0.149261155182999
0.373644306347297 -0.248488004893181 -0.220233588076825 0.144183361215898
0.395464831715657 -0.189759805623048 -0.384036288812928 0.158123684823507
0.377940059785886 -0.198535251075794 -0.441121439121714 0.133698016480638
0.296190053160782 -0.210111960948612 -0.368720910942491 0.121704112934627
0.237271939094213 -0.262990485699112 -0.298831862829742 0.0552416196863569
0.181566881693117 -0.273815557105564 -0.199382922712638 -0.0658872812546574
0.0545472682374977 -0.239598033461645 -0.148469942911007 -0.154844265261345
0.00330700140556165 -0.274682376125868 -0.328297023639243 -0.159589523984947
-0.107819528760289 -0.244168614017832 -0.501253752143138 -0.118821732704262
-0.262096933743246 -0.316516277194415 0.260523158859971 -0.178714403018229
-0.15987091418209 -0.393522717989831 0.20697956055847 -0.145613342304655
-0.0931006248753019 -0.469745187263375 0.170146221636131 -0.0733584770894291
0.102626890553405 -0.532031638109407 0.167396306031214 -0.0195334054997792
0.256622508538928 -0.495167024708261 0.170555064239327 0.0396589831360476
0.380516738214027 -0.402523566043422 0.0691736131729159 0.0536220536205788
0.496678291727341 -0.287134170981396 -0.0721544438173769 0.0342840212290523
0.516867314986754 -0.232498407035976 -0.206487949606409 0.0679230732067204
0.491852012560712 -0.281195161923966 -0.301710084209939 0.0760988473330762
0.38479505420519 -0.335976368322298 -0.30638482477168 0.0839210808770254
0.290102506852802 -0.422457853541286 -0.306343891657706 0.0468880749487018
0.173874947068047 -0.435482398736215 -0.231734472445103 -0.0439399593472669
-0.00373459978644366 -0.362774967101944 -0.188820288464176 -0.101708517491521
-0.0652791408463704 -0.385100356919092 -0.354229587130921 -0.0687609250865133
-0.178866125752327 -0.331963830516484 -0.476718286191842 0.00582316294776994
-0.261151456794254 -0.348194780708422 0.348720568574856 -0.0302192038696259
-0.12179192361077 -0.434477279923504 0.279847149950084 -0.0137286368240156
-0.0250538084675909 -0.493933365107266 0.196549934155389 0.0214773313334678
0.188240483823824 -0.525977501260338 0.182720576866005 0.0145211710220265
0.331785662232297 -0.468391437508192 0.199660379971974 -0.00968508214867231
0.437692380328799 -0.367645022638042 0.162479886746995 -0.0390604114948112
0.53958453763093 -0.265572822700853 0.107637431635352 -0.0658980854140488
0.561529228015988 -0.24079878231006 0.00388139225594045 -0.0355561819098138
0.535968697923558 -0.330858735823718 -0.131501634218738 -0.0199807592674359
0.400483826800857 -0.423988755330867 -0.22353750441569 0.000940355723671372
0.262109931219455 -0.533046983604778 -0.297714135510544 0.016785960569961
0.099404914861932 -0.533896303906332 -0.248489431661062 -0.00919252175589244
-0.0987810158387809 -0.424196702483187 -0.202041913346921 -0.0146660872767526
-0.149548696300904 -0.429258601876593 -0.335780882766918 0.0501672839089133
-0.23619456962966 -0.365977750496413 -0.413675342492022 0.148069510814329
-0.217265592162109 -0.320832236866467 0.413793893982305 0.112286710663493
-0.0601348574330769 -0.393329166790198 0.313739654461781 0.1128301016941
0.045412336056675 -0.409273627734927 0.186582373125626 0.106221436148183
0.230209399944678 -0.398698698459122 0.183038699367419 0.0500458124967863
0.330719270423926 -0.334220875773886 0.231970022459421 -0.0379891582747424
0.404899542195144 -0.2572006387846 0.26372245917737 -0.0968329258735731
0.494107893065943 -0.196394159542876 0.285686988620238 -0.136464957870616
0.521763334620849 -0.209325643226112 0.215808495374352 -0.136354645573911
0.49565800757647 -0.319656536849211 0.039367499525593 -0.136016909705038
0.347556629788491 -0.42636993646785 -0.142290458643267 -0.109989563853819
0.190856796665475 -0.528496663960503 -0.28055713628325 -0.0332636216347465
0.00959365452128167 -0.51610145777089 -0.240830641228829 0.0247967297780077
-0.173081831615837 -0.397746704589769 -0.179161618430163 0.0779809884599964
-0.203205908446282 -0.397355784212998 -0.269085860120222 0.165321970782095
-0.253041415859432 -0.344262651936014 -0.323457849579683 0.283068263593649
-0.155325209410845 -0.236930368008334 0.446410640829523 0.222835794393223
-0.0182103095928124 -0.286393421178683 0.309936333606158 0.204722604256496
0.0639732934739447 -0.260194904785654 0.150189077156737 0.156482692890459
0.191591217110885 -0.226040833574927 0.167412026979453 0.075277484337319
0.244300010420427 -0.169984703447049 0.251674527378307 -0.0419802206296383
0.293680761208455 -0.12751266406538 0.339620374676809 -0.111509326123596
0.369371677212118 -0.109763873907509 0.427964070644739 -0.169049674129855
0.404979586992561 -0.143805713341679 0.395052119683409 -0.2171118534929
0.385493365492179 -0.238430817788375 0.186156679011653 -0.242006082541307
0.254386213926519 -0.328677347107177 -0.0746887981372336 -0.210379499756161
0.118031594139956 -0.406702284691238 -0.259342917949054 -0.0859247670195458
-0.0338159321598049 -0.393986301560381 -0.219434793767595 0.0448956867078092
-0.174511347146638 -0.298155993367257 -0.137859018999452 0.14987894080044
-0.190696258435014 -0.303928388587984 -0.18184411489999 0.249453789723042
-0.213447658278986 -0.271312410250212 -0.224836560837618 0.386824384692656
-0.096331779691117 -0.112452893815621 0.467923898169543 0.282151081907309
-0.0140600931742359 -0.147360624858453 0.297288073357977 0.247481164638324
0.0267256237307186 -0.111564478103762 0.119735824194204 0.172580764346874
0.0910066782420871 -0.0862572345962397 0.156683881566919 0.0892264135635381
0.112069664383445 -0.045478164690665 0.260277013665286 -0.0356255128173664
0.145180825315731 -0.0236331589411462 0.381754180737332 -0.102020841388471
0.196498068278733 -0.0269026020221393 0.517127990020302 -0.175737254270702
0.229653585427837 -0.0574390950505914 0.516458653987589 -0.270090153130327
0.224798450929158 -0.110914298351759 0.288819130100628 -0.311487734006703
0.142916570716637 -0.16338065636646 -0.0244530901052953 -0.273680672487587
0.0621401943579426 -0.212726903982286 -0.237325642661 -0.124173159061302
-0.026504661615336 -0.213089198313899 -0.198132303057516 0.0528538537394306
-0.112844481910671 -0.161172243368087 -0.10279385832275 0.196268108451426
-0.119721620527513 -0.175786624535585 -0.105279315943344 0.298881620728628
-0.124428382812351 -0.161740281111737 -0.144920487487285 0.449631808316416
0.0317428632829205 0.0171805713940396 0.067381649569676 -0.461486056037213
0.0496110057832701 -0.00522784682723238 0.0285199619019449 -0.354522430612174
0.0383229064754794 0.000378180340602175 0.0686701656736051 -0.231713987201691
0.0306061406040961 -0.0104625608795069 0.143237129306319 -0.0741819215280566
0.00366178787613118 -0.0151399082633216 0.179358795878943 0.128552826318749
-0.00685701058135415 -0.00653367669686936 -0.00203802260634339 0.233793875618322
0.00871859784512023 -0.0174621307535847 -0.333554734859963 0.2834070165037
0.00632288340192431 -0.0259595995585285 -0.540876446980763 0.260293958456541
0.0143257829817541 -0.0312861562690893 -0.559715943600615 0.179822818346924
0.00325434833493951 -0.0220978475758397 -0.407672734622131 0.135263508174615
-0.00618710149049404 -0.0238958270876493 -0.264090175056497 0.0603102045986473
0.0180666599014941 -0.0222141483836323 -0.158793709060375 -0.061778579510254
0.0110362015301195 0.00769485247690879 -0.0991955094514415 -0.156893825206313
0.0198799352699978 0.0110764452971436 -0.26065432367413 -0.212860334216341
0.0110303591371347 0.0235567795362093 -0.485269757718333 -0.233587461625391
-0.103585205792532 -0.117149496461251 0.0972641788287117 -0.407712966925362
-0.0653392383780647 -0.151451329804568 0.0525957156384921 -0.321425916922481
-0.0562674505034511 -0.18181770312618 0.0852719867203636 -0.202340316175692
0.0132106144069695 -0.226204228733049 0.13760600481088 -0.0589729066912545
0.0665776579781281 -0.227982424281311 0.163193250034349 0.124809336097661
0.124590943649066 -0.196270224130042 -0.0138432616558492 0.21418605573795
0.20175225296393 -0.15235694939252 -0.310713147212809 0.234563367418824
0.216636456651315 -0.118258840432686 -0.503100737470639 0.227735515884492
0.209398451168206 -0.112673728715749 -0.530167788251126 0.165546920118923
0.159105813123579 -0.102364094801445 -0.398590173735728 0.13266253044387
0.126370426075707 -0.123787458756054 -0.279618620089932 0.0559388497295072
0.116810685997869 -0.129799303853872 -0.171274750000087 -0.0687111641546547
0.0538045888968936 -0.107210676834965 -0.112713043065149 -0.168494387455125
0.0295104819876325 -0.134723776769927 -0.288121713878832 -0.205397117369816
-0.0424755818004888 -0.118509738350267 -0.501026044008551 -0.202102782925585
-0.209524848946347 -0.235003978427815 0.168579381370064 -0.312854107135363
-0.143476715034877 -0.289163492996147 0.121158576832199 -0.253437328551263
-0.108550617545135 -0.351308304518361 0.124260979126894 -0.151715185325804
0.0338629141053491 -0.417741395216575 0.147944555014703 -0.0431068916798705
0.153232645500214 -0.405399628326411 0.158090148299734 0.0916836401737596
0.261832157380067 -0.34018888631133 0.00766050954585863 0.149174360988757
0.374143704392266 -0.249978517006326 -0.220739859723711 0.144689454869918
0.397760294301104 -0.191708185530827 -0.384460097543455 0.160234076282469
0.377427552446777 -0.199555768306952 -0.441770184876666 0.135581611978937
0.296821856084653 -0.211730213614024 -0.367628733849928 0.123628119962153
0.236738969042893 -0.263621828442794 -0.298538083181587 0.056658534049774
0.180821340020285 -0.275356627652288 -0.200775635680825 -0.0654357326394189
0.0554816382842876 -0.240610452825822 -0.150986037402846 -0.155826412461435
0.00205858695146865 -0.275776010497659 -0.329925649960538 -0.158289561078329
-0.109168100804206 -0.243424460063925 -0.502051027001913 -0.117310424449428
-0.264073951896997 -0.314779249789556 0.261636962203895 -0.181160787938556
-0.162784584372734 -0.395005289033386 0.208083231705721 -0.147713999165239
-0.0931717598060963 -0.47073037100797 0.170371036841672 -0.0749300296291397
0.102292960409582 -0.534605155872222 0.167576224953606 -0.0206191821093635
0.256428852569406 -0.498428382631439 0.170918135669802 0.0388947452078441
0.379923531595056 -0.404322379131556 0.0689605669256824 0.0530150344600947
0.497675965392525 -0.289288216522155 -0.0722941485205843 0.0338672552392251
0.518694971144574 -0.23653621966824 -0.206837274312469 0.0682062638812389
0.493747570427481 -0.28455285064116 -0.302066961988708 0.0773735680824234
0.385321820094286 -0.337361208981261 -0.306028896886308 0.0852313287697468
0.287879745453647 -0.424730116035661 -0.306689710712585 0.0490303791163552
0.173652443870801 -0.438124183951257 -0.233492882769734 -0.0435791423252439
-0.00384694585685104 -0.362997648037866 -0.191048803084899 -0.102623691073806
-0.0685439168932437 -0.385745991110509 -0.355336333895763 -0.0668055938623169
-0.180281321236919 -0.331731597030056 -0.477586284590251 0.00774621325124923
-0.261986946719049 -0.347772872491244 0.350350879168942 -0.031962236905086
-0.124218935582324 -0.435333373406302 0.281263355590566 -0.0153672818097844
-0.0258647382573637 -0.494901756719888 0.197867575778549 0.0199226068029662
0.187331097844916 -0.527973289258252 0.183499661980848 0.0131762413695189
0.332245740318231 -0.470705676014644 0.200473304166886 -0.0116270707236472
0.436963529608846 -0.370502510677137 0.163079673608713 -0.0393835055635334
0.541140685868299 -0.268012495272114 0.107770066748939 -0.0677220610655173
0.563631406009685 -0.243776972200806 0.00404879191258977 -0.0358702288471155
0.536606098641368 -0.334336142500141 -0.13208911820778 -0.0193495373844618
0.400376007972173 -0.427809184268736 -0.2235504708851 0.00181696858697587
0.262337947539433 -0.534986984055479 -0.29851913521447 0.0178360671950034
0.0966985104295667 -0.536338156221228 -0.249548994179594 -0.00842626541380845
-0.100312734373051 -0.424954974864005 -0.203960155236475 -0.0149459656448164
-0.153242312501518 -0.430565942221578 -0.336711045404315 0.0534740110866223
-0.238341671823462 -0.366785870035882 -0.414750188176283 0.152012978088731
-0.217568784031543 -0.320950170464931 0.416060967795398 0.111427953153812
-0.0629033770971821 -0.395474277252333 0.31542938546446 0.110400953437196
0.0429461342695738 -0.410864307391339 0.187678678972829 0.10579468455055
0.230578578498216 -0.402038215430302 0.183324190294274 0.0485676782576726
0.331373317044488 -0.336184119137828 0.233245706432091 -0.0391549582176546
0.405892407557269 -0.259850182372166 0.263985880088311 -0.0967676693539576
0.495153208240144 -0.198154466721319 0.286544690636659 -0.13859168187528
0.523255006173607 -0.211447867537682 0.216162997956138 -0.137451267096094
0.495984839053696 -0.322772738160957 0.038526233092833 -0.136722301103421
0.347593890604015 -0.428921003026392 -0.14247831283183 -0.109210764258507
0.189704825058277 -0.529563519231999 -0.280614076904055 -0.0322357906661185
0.00801570241248715 -0.517715940252661 -0.242381847661919 0.0252750879687738
-0.172568809736298 -0.397325151152815 -0.181025303026328 0.0781907031326529
-0.205511367079924 -0.398041451839486 -0.269387479011696 0.168576234395368
-0.255202620158491 -0.343938584828153 -0.323087289637162 0.286019830143611
-0.156863808574912 -0.236242881013958 0.450971955933548 0.222460357703376
-0.0198425921980448 -0.287879627139983 0.310132672899105 0.203817094758395
0.0643519038572967 -0.2603178271581 0.151282496777263 0.155795509927829
0.191299695578411 -0.22705100475258 0.168928551365165 0.0750309617703281
0.244751447562881 -0.170865821027181 0.252897175732458 -0.0429918985029335
0.29419772616067 -0.127939264888806 0.340706609612739 -0.113495092385129
0.369471538886758 -0.11074322548601 0.428325471316379 -0.170496442615139
0.405344498079932 -0.145470269787977 0.395916727758389 -0.219460149040062
0.386682123706418 -0.242592854562229 0.185335077173618 -0.243304463626138
0.254200139157399 -0.329929772803642 -0.075046485784145 -0.210027143623781
0.11618562599466 -0.407511874622694 -0.259660303354651 -0.0847086521022538
-0.0365509321046158 -0.395353082194167 -0.220649127204193 0.0455526985601626
-0.174775464365079 -0.298320740105888 -0.139247154054768 0.150765013890263
-0.191395926813788 -0.305073311410293 -0.181136123817706 0.251538397468467
-0.215238123593127 -0.271395286154708 -0.225439710570266 0.38967235160263
-0.0965141489982122 -0.112684811680953 0.469789667328205 0.280836700344664
-0.0147931776047839 -0.148793109304589 0.297504969135642 0.246003246862239
0.0267073525382263 -0.112129201963977 0.12000451404305 0.172649581621595
0.091103538260795 -0.086949691727555 0.157499076291819 0.0889050812954751
0.112520933249852 -0.0452748509014374 0.260796479430549 -0.0365681402729654
0.144655470620347 -0.024214910451748 0.382695651870287 -0.102579171289771
0.197437493995277 -0.0274197182832456 0.518778618722481 -0.177675068762373
0.230427392791116 -0.0588951712683869 0.51680855871203 -0.272845964303427
0.224579399251726 -0.112082137821912 0.288706475059884 -0.313331568244389
0.143679898336495 -0.164128919640905 -0.024824643182061 -0.274656732394071
0.0609339633393919 -0.213485103037477 -0.238151269004634 -0.123341511139378
-0.0275187052433861 -0.214189102133277 -0.199334086069904 0.0529798760072578
-0.112960762471134 -0.161107760748247 -0.103342560269799 0.19788874019372
-0.120667878634391 -0.175735988213828 -0.104387662221615 0.300971532736133
-0.125929338328093 -0.16156638085185 -0.143771371421084 0.453513296971813
0.0318900954991339 0.0171433241387382 0.0658649271248277 -0.464516400089653
0.0494981224471615 -0.0054915113022117 0.0272770191818652 -0.357073071021145
0.0383210193445324 0.00022107909738848 0.0691081181516607 -0.233684821003576
0.0310432245260028 -0.00994769100582618 0.143713862087102 -0.0746596774052
0.00353715706794468 -0.0152329107205583 0.181044985057871 0.128867987582781
-0.00710052606484364 -0.00729299278568438 -0.00217438834889063 0.23460632234507
0.00875576610132067 -0.0180224249100838 -0.335157655158416 0.284898665308045
0.00647108687963479 -0.0265987029244391 -0.541383896229745 0.264875059509844
0.0139955103753525 -0.0319250667588099 -0.558929049042623 0.183316984198257
0.00356093394290291 -0.0223365672966083 -0.408188554968364 0.137349169332371
-0.00601881716694568 -0.0236920289921613 -0.264275117214641 0.0606747920704351
0.0174527735508545 -0.022831760520638 -0.160249736009469 -0.0610466320162684
0.0115589667659101 0.00782460183476438 -0.10108251273209 -0.157411040597174
0.0203171003040439 0.0112104420584245 -0.262338144623272 -0.212220465267387
0.011044727973194 0.023627759043293 -0.487765108340909 -0.230975417526959
-0.10369661100576 -0.117013100234191 0.0972571114650739 -0.411148792081414
-0.066770312610493 -0.152498933499655 0.0524633327742081 -0.324244191080358
-0.0574642761219707 -0.181951855637254 0.0843980161261903 -0.204025757782841
0.0126309894588845 -0.226963004037107 0.138020080076918 -0.0595631886598982
0.065950905865651 -0.229767949766913 0.164423400716313 0.123816640134312
0.12359337348089 -0.197113291336182 -0.0140864094430925 0.214641495599781
0.202486828375384 -0.154349922176353 -0.31242194105025 0.236888915387967
0.217355106385202 -0.120828304269222 -0.502799725000593 0.228941858427951
0.209165967531062 -0.114438544997526 -0.53162132334142 0.169596967419191
0.158485835363785 -0.103977550323958 -0.400273197887925 0.135747528122934
0.125702339586813 -0.124324505224904 -0.280518054651657 0.0572318853862069
0.116372896035464 -0.130340789833863 -0.172306791054214 -0.0682105757839516
0.0554207379726296 -0.108023747113401 -0.114980855014579 -0.169768912651579
0.0292602587595826 -0.135608658323124 -0.290609856158385 -0.203739549977281
-0.042885828613572 -0.117766735748581 -0.503791142419772 -0.200380158672503
-0.210770049375414 -0.234934831878491 0.168149662029157 -0.315459044446748
-0.145724305154341 -0.290179190631943 0.121437800166987 -0.256359509373056
-0.109665898959492 -0.352211841833572 0.124015189918421 -0.153587921161932
0.0328757294270637 -0.420825165610765 0.148121118644013 -0.0441901774930438
0.153460737044455 -0.407722321116247 0.158834128148869 0.0906777480508409
0.261311772666341 -0.343635237902223 0.00742067404264665 0.149250185127786
0.374597843192849 -0.251325331312833 -0.221334887420615 0.145676404363688
0.397719936972074 -0.194760224010172 -0.385426259496692 0.162519141574845
0.37927936866025 -0.202642621260357 -0.44275857662768 0.13886278024448
0.297187595932717 -0.213966301118606 -0.367751372445988 0.126220069749472
0.236117259707846 -0.265717461767066 -0.299609196122905 0.0583362643158644
0.179738210521706 -0.277617713515631 -0.202775371868047 -0.0652432970978689
0.0561837500268147 -0.2411789662619 -0.153337300053587 -0.156618088909268
0.00129241087056937 -0.277194060669371 -0.332051508724238 -0.156680562468005
-0.110560572047668 -0.243733299407914 -0.505633490834815 -0.112664467652426
-0.267859600561818 -0.316163809990789 0.261471453041355 -0.183656092729897
-0.164683990557671 -0.395491639071835 0.209096419758186 -0.150196733861781
-0.0970924133787706 -0.472411243486067 0.170752044818725 -0.0766633803389002
0.0995899066017923 -0.538843284924227 0.167072312860248 -0.021684991753404
0.255124882532994 -0.50165170934895 0.172458482753261 0.0373411813869982
0.379728037473365 -0.408286494533296 0.0691325849195775 0.0522628704493493
0.49780547964368 -0.292427664807613 -0.0726297519360704 0.0331653450317268
0.520479757628306 -0.240683890011123 -0.207108854403622 0.0691856924979222
0.493721155173807 -0.287481911022448 -0.302879498882168 0.0793150806431496
0.385318435293963 -0.339884732167522 -0.305935375960777 0.0875956768600176
0.287650824648518 -0.427821209971733 -0.307373771162273 0.0502629706834524
0.171352009877266 -0.439610701419819 -0.23470419087567 -0.0434236603978402
-0.00353931506924383 -0.364608821249682 -0.193998469366031 -0.103176688003068
-0.069387709263434 -0.387366355932262 -0.357396965568968 -0.0639978748153167
-0.183488134167953 -0.332387235903138 -0.478677197256794 0.0119474253686278
-0.264998829434873 -0.348694102890021 0.35234686395449 -0.0341133758267584
-0.12671189888369 -0.437501507576886 0.283178944007695 -0.017987450447714
-0.0263292617192233 -0.497826345640907 0.198013669240527 0.0182059571397266
0.187238716198638 -0.530871898820214 0.184577918664957 0.0116787626122975
0.332296725167249 -0.472651102726931 0.201639152098085 -0.0135774966795615
0.437341481266674 -0.372827891790692 0.163003804525258 -0.0408578005111342
0.542102122093103 -0.271212607737622 0.108303908276701 -0.0696446578392101
0.565654189840356 -0.248580101020324 0.00388854188196427 -0.0364352991053929
0.537622973584181 -0.338275956770978 -0.132401864516086 -0.0185585109470533
0.400146095689723 -0.430765601414053 -0.223866957511139 0.00308926693175233
0.2608174941959 -0.538502719842418 -0.299398644870364 0.0199067277159879
0.0944117619930129 -0.537520731276802 -0.250658930406592 -0.00790729469710395
-0.100293667780891 -0.426986840872804 -0.20716228878986 -0.014737630806116
-0.15472397160833 -0.432051479867532 -0.337869723394707 0.055810205428727
-0.24086944678737 -0.366715602012003 -0.415265577847389 0.154823132594263
-0.220918718829467 -0.322143814807079 0.41873129876439 0.109449952317916
-0.065664851783447 -0.397118284939045 0.318595830494352 0.108962816242934
0.0431226872640921 -0.414852737599291 0.187973214936191 0.104359532748825
0.229563875671735 -0.404417782056622 0.184618576645703 0.0482839135442131
0.331926542747705 -0.337525393985066 0.234118143414577 -0.0411441697915542
0.406357813539225 -0.261098722969282 0.264504779502435 -0.0992383166361456
0.49681422071369 -0.200727295350739 0.286892710990272 -0.141190789639314
0.524434114399539 -0.216393178039413 0.216449476071291 -0.139119472680834
0.496515676484864 -0.325786927268271 0.0387042584123259 -0.137513921714586
0.348527019701668 -0.431809535042118 -0.142590857411542 -0.108896037620389
0.187065807316207 -0.532920675007519 -0.281356133189709 -0.0300849713705053
0.00619251325111398 -0.520784494837908 -0.244015052587525 0.0257299093341989
-0.173176350686527 -0.398737210644637 -0.182774803579512 0.0788357622523012
-0.208755334252444 -0.399448256996186 -0.269845668525486 0.17147398177133
-0.257766273099621 -0.343505190068628 -0.322408489808044 0.289554588049514
-0.157673205295913 -0.236949341265616 0.45288701706843 0.221393505816373
-0.0217915154714857 -0.288905804806514 0.314627683924466 0.203025161356654
0.0646914759603696 -0.262171887658719 0.151802810077877 0.154754153927474
0.190470450007135 -0.229322541161074 0.16988353462337 0.0752791188549812
0.245112619569084 -0.172076183580895 0.253916849544503 -0.0444674393335707
0.295396207457186 -0.129478852466441 0.340176362143803 -0.113704563678661
0.371238984214778 -0.113039598078963 0.429350791285662 -0.174245863054931
0.407042501870554 -0.149247144349972 0.395330783265294 -0.222778763878903
0.386443904149226 -0.245522504268278 0.185171507733646 -0.245367901347285
0.254657320353703 -0.332388867840878 -0.075081848737531 -0.210411884876218
0.114845524115339 -0.409621358334443 -0.260617880247416 -0.0838038686859159
-0.0370804932093675 -0.397140573913414 -0.221674805947522 0.0457928921674272
-0.17635304122879 -0.298254343013373 -0.139561985880545 0.152271639737366
-0.195216228723895 -0.305196100364441 -0.180973868286987 0.254920010125903
-0.217314081022804 -0.270272249062082 -0.223137633638784 0.394018021400882
-0.097977722790595 -0.111989370017852 0.474282000847225 0.280477026644296
-0.0160921138906921 -0.14975092739324 0.300608980093155 0.245412135952384
0.0272358692027417 -0.112414616438899 0.121203785228285 0.172348161518811
0.0910894730835819 -0.0880754258470544 0.158498111955057 0.0885501483444364
0.112577991430388 -0.0462235594646899 0.261748178162991 -0.0380754781964798
0.146122744504095 -0.0249015668226542 0.383571526974808 -0.104040437875957
0.198103067777518 -0.0282275914285576 0.519611793690921 -0.179951035464744
0.230910157076324 -0.060700162730803 0.517021203018902 -0.275268666838296
0.22566242550979 -0.114321178798058 0.288893789215495 -0.316837743718206
0.143629238399009 -0.165144600895133 -0.0252015007561673 -0.275269868634175
0.0604527199914911 -0.21459613925904 -0.239779055037617 -0.122152285133008
-0.029293167374276 -0.21470925890173 -0.200081406287329 0.0539071809121362
-0.113250946976584 -0.161315983608317 -0.103010544431744 0.198950010951623
-0.121542298419653 -0.176182231870507 -0.103697809107066 0.303663932287567
-0.12695454918514 -0.161039803821704 -0.141691735060984 0.457116826033574
0.0320142883350802 0.0172198819000322 0.0633937800042665 -0.46653769823645
0.0496080716974771 -0.00643359334527669 0.0258514168233976 -0.360291166441657
0.0382715529694375 2.45320148087522E-05 0.0686606144794344 -0.235532676053269
0.0308615408859714 -0.010914756657272 0.143653775632408 -0.0755306127258666
0.00298364989948672 -0.0155771402684246 0.18218577215489 0.128238265547085
-0.00733783944183405 -0.00721007767708189 -0.00176029710259962 0.23572677044532
0.00912489068271499 -0.0188806822807797 -0.335639349699666 0.289060528823321
0.00647900040667955 -0.0269272936281834 -0.541963590764617 0.267669203875055
0.0138945523863065 -0.0321737912071481 -0.560256293959894 0.188087052949011
0.00380768698226073 -0.0226607677352852 -0.408494388744419 0.14141339425861
-0.00606287038893849 -0.0233026184605968 -0.265289326896429 0.0623977784295861
0.0170218177008627 -0.0231148393185475 -0.161791378351474 -0.0603569939346287
0.0118241463211443 0.00766708144060905 -0.102317118545679 -0.158302212852364
0.0203968075941231 0.0106171978578767 -0.264970515212992 -0.210874707485108
0.0117303244395229 0.0239562731711357 -0.490631480945175 -0.228335533167438
-0.1055865094546 -0.116418799297948 0.0946108850107775 -0.41378140077858
-0.0674200370904825 -0.153310621237405 0.0510900738070812 -0.327193248879292
-0.058600350451028 -0.182799212437346 0.0843814288291805 -0.206027193426482
0.0111669498560516 -0.228769808726312 0.138566133965775 -0.0608324639934269
0.0643958402077634 -0.230937594304516 0.165917329378628 0.122897548785611
0.122955335433331 -0.199281994753702 -0.0140899900502504 0.215844219367047
0.202553470562001 -0.156615711780739 -0.312252478333747 0.239024007035692
0.218388163934631 -0.122761781712538 -0.503385943244675 0.234463860284158
0.20909495437881 -0.116220815507694 -0.532537366779888 0.174047691783526
0.159053365800905 -0.105502454152563 -0.399394598941041 0.137860190345908
0.125805195410199 -0.125173580055039 -0.281372845833915 0.0591272894278163
0.115831840645494 -0.1311229518462 -0.174148897927702 -0.0676161001234926
0.0556110069791443 -0.108305043314801 -0.117253603224736 -0.170454358615088
0.0285401348113347 -0.136544303812467 -0.292797529059369 -0.202464195435538
-0.043910505474009 -0.118051935739361 -0.506239621445806 -0.196902371520615
-0.21330021918252 -0.234645694916377 0.167522191917258 -0.319804623265653
-0.147414955262245 -0.291749501748535 0.120577790362055 -0.259989419681781
-0.112041364194698 -0.353038831052757 0.124784782192936 -0.155897564312788
0.0303388182650422 -0.420792779462201 0.148997825031829 -0.0453629478264478
0.151945424042485 -0.411257862684926 0.159802252940658 0.0893276210657117
0.260867283743326 -0.347042112460294 0.00761332341006392 0.149701794868874
0.375739739310677 -0.254612985267336 -0.222305021131987 0.146382816756918
0.399220473890568 -0.19832698560234 -0.385465365555525 0.165054672237076
0.378419939611036 -0.205826027170542 -0.443916208939898 0.143055443741063
0.296559586749642 -0.216608245736573 -0.369056675131564 0.128736854879848
0.23590440163344 -0.268096723979711 -0.300237017794642 0.0601879985206705
0.178619224574717 -0.28050864065844 -0.204253397060959 -0.0641900369677718
0.056598592055028 -0.242604665733481 -0.156306868677999 -0.157709048608402
-0.000359419885155653 -0.278722858582973 -0.33389459701183 -0.154682642622506
-0.112208357995485 -0.243733951119275 -0.50810995819101 -0.110272513915809
-0.269520755816333 -0.316064294748954 0.26255356150505 -0.187196758750368
-0.168245859136823 -0.397221644331091 0.209500753708132 -0.153672251565948
-0.0989603912695266 -0.47422696856766 0.170895838415054 -0.0783551519804513
0.0982923162346366 -0.540822361204897 0.16863838814704 -0.0229587088410763
0.252990357594621 -0.50496351290503 0.173504213678339 0.0360131855951735
0.378422685196607 -0.411433230702418 0.069498275723827 0.0518838072553913
0.499144117922398 -0.296572606412799 -0.073404737657565 0.0323770793475096
0.52156908000717 -0.243934082104355 -0.207190545678151 0.0706842538091777
0.493033046016783 -0.291844989988268 -0.303921911498572 0.0814838991043352
0.384926794160625 -0.3424940326413 -0.305465842308047 0.0890369151920338
0.285271039974065 -0.430256105087858 -0.307602342678057 0.053226701384294
0.169115225849358 -0.443513917717158 -0.236650289674224 -0.0425339336563069
-0.0043536110171442 -0.36641967406056 -0.196877308644645 -0.103156576430988
-0.0722812293128859 -0.389450892434578 -0.359107947343871 -0.0615105250348783
-0.185657945550427 -0.332100851745831 -0.479867539008418 0.0157550456672115
-0.267350239588568 -0.348417703277302 0.354217086838055 -0.0374144975768558
-0.130641702538537 -0.440475337659652 0.285190034061585 -0.0204194251517097
-0.029460380025443 -0.500677787053529 0.198729727892499 0.0166098398819345
0.18601295625205 -0.534305494937368 0.185091538024797 0.00979307535922232
0.330796868586628 -0.476467542324843 0.203353649924363 -0.0154278429759403
0.43678298035326 -0.376651841301925 0.162998975719841 -0.0423823807798394
0.543642851525314 -0.273663423789125 0.108578528340495 -0.0716288020610196
0.566587212213962 -0.253482820896159 0.00428932388944994 -0.0369156793204951
0.536977482769136 -0.342069249596947 -0.133366708130392 -0.0177768558463674
0.398911997025941 -0.434749351802318 -0.223688673438373 0.00496620519113748
0.257771987452811 -0.541617294021214 -0.300080603050101 0.0222602262690369
0.0918807600205965 -0.542007625443583 -0.252939214871381 -0.00712093289529379
-0.101574054963164 -0.427591642064677 -0.209429203977846 -0.0144446792599966
-0.159379423191219 -0.4327394394648 -0.338623749725885 0.0599006905962251
-0.244195353974161 -0.366366157316229 -0.415466224839417 0.158924022893211
-0.223809983519386 -0.321299053939356 0.422972690823764 0.105863344679573
-0.0671041757054539 -0.398927873749107 0.320975318467291 0.106942437828599
0.042227738347626 -0.414743038183571 0.189218906988303 0.102357771237435
0.229154042229551 -0.407761751372286 0.185519654556039 0.0473440298601867
0.331350317384171 -0.341265862339396 0.235511067402714 -0.0425261000393815
0.407034598239063 -0.265186907558546 0.265407737049905 -0.100229046634259
0.49775672710187 -0.203795613990384 0.28710606011379 -0.144184972249595
0.526814599976623 -0.220544967652125 0.216474935253142 -0.141609675104508
0.4956648110053 -0.330620885659674 0.0380179339017394 -0.138125221673512
0.346394587321847 -0.434953330098208 -0.143200938902829 -0.108247594378514
0.185469774570668 -0.536765296935265 -0.282305373861852 -0.0286583774974529
0.00133297925027925 -0.522024840060204 -0.244861713607323 0.0273504338999101
-0.174559897641008 -0.399069719630432 -0.184767804827112 0.079858267263556
-0.211925070942132 -0.400339683126641 -0.270193153200077 0.17506970081506
-0.261345225748405 -0.343755729164904 -0.321620114446674 0.294553997797304
-0.159788696012153 -0.237224282833293 0.457242872529524 0.219434076722526
-0.0237183536914669 -0.291673486777146 0.316311124118154 0.200400903610545
0.0641037413322549 -0.263576328036039 0.152674878072816 0.15453114537085
0.191244704940979 -0.231502426459336 0.171086916124123 0.0743081981904768
0.246066574406699 -0.173295899488558 0.254502930508294 -0.0466386684002289
0.295357367221825 -0.131202228939427 0.340834210119026 -0.116003529180498
0.373245255778541 -0.115099760247038 0.430189791104176 -0.178530525272806
0.408515145077833 -0.152760717963959 0.397771780628561 -0.226351301303231
0.386895528896798 -0.248703262367917 0.185139899502414 -0.248235269595948
0.254967510372372 -0.334993666451431 -0.0756523237105523 -0.211138769077964
0.112808486810541 -0.413616016226056 -0.261847077135229 -0.0816055704790535
-0.0408825158507372 -0.398346330796395 -0.222864020214342 0.0471521242235103
-0.177015797179227 -0.298520734762801 -0.140917010479959 0.153025742810357
-0.197323033736436 -0.306681977628247 -0.179994733220699 0.258924382907138
-0.22048414313489 -0.270360660498302 -0.221712624795413 0.399180953899531
-0.0986177194981063 -0.111951202982617 0.478569021599575 0.279341905336099
-0.0179011140322783 -0.150644613139932 0.303953995785741 0.24519612614582
0.0268824890998854 -0.113195064106043 0.121670946154989 0.171986672621968
0.091417149144524 -0.089237472224727 0.160411691707565 0.0888215823256679
0.113125815966135 -0.0463727985439297 0.263392121464489 -0.0397431618843849
0.147106705322941 -0.0255116143388864 0.384396826734007 -0.105922644609415
0.198799342095503 -0.0298023008631998 0.520207251864888 -0.183767086936694
0.231836138530756 -0.0625004983962406 0.517804013348332 -0.280933168215082
0.225346518980542 -0.116236400441062 0.289500512679727 -0.319548445781536
0.143763505970416 -0.166855368063397 -0.0257907358437033 -0.275846604090169
0.059580013666639 -0.215569432197916 -0.240587289474616 -0.120851328168728
-0.031021575805312 -0.215241227391574 -0.201298738418531 0.0553959616289324
-0.113611351128043 -0.161130456630711 -0.102681395694099 0.200436982890309
-0.123594987634253 -0.176321618721314 -0.102307150933193 0.306824808847124
-0.128431955631835 -0.160824641491146 -0.139258385243838 0.462660441164483
0.0327030399454102 0.0171804833069671 0.0603202860984419 -0.471481974739871
0.0499966941966225 -0.00667759209016004 0.023656640957493 -0.362933615451298
0.0383381120049442 -0.00046433200641619 0.0673285603486521 -0.237519127248678
0.0306826345270765 -0.0111982507756014 0.144274639084191 -0.076926744138915
0.00245422753728258 -0.0156620313499018 0.184895828737589 0.126985270502629
-0.00728496767035067 -0.00765554875042886 -0.00148350262527411 0.236810071430259
0.00924533530335618 -0.0194295660662456 -0.336317778558912 0.292492662951135
0.00636472659659335 -0.0278700877771512 -0.542442468067187 0.273519135041828
0.0132970982808986 -0.0328697706606784 -0.560762819281071 0.193474581213353
0.00378783047504915 -0.0232613817413643 -0.407448007487867 0.144451432820104
-0.00644092323656827 -0.0231574871738941 -0.265546011544834 0.064652586991791
0.0169255207868277 -0.0234967792765721 -0.163934890802937 -0.058404380622428
0.012347636198275 0.00779488180901502 -0.104639658309171 -0.159016892840964
0.0204022151567484 0.0105733913952729 -0.267828674951567 -0.208790032050339
0.0128195052195595 0.0238766878375387 -0.495480943730511 -0.225751266435643
-0.106486870312349 -0.116860906219967 0.0912663685682097 -0.418120623122103
-0.0683713105716484 -0.153810462944596 0.0496881182846461 -0.330713252624135
-0.0603312038576316 -0.183175624778414 0.0834482149340219 -0.208140139082324
0.00959641325042603 -0.23029502845151 0.138303951818676 -0.0623827787319315
0.0632229354974162 -0.232350511280963 0.167487571021997 0.121658817940245
0.122281206091872 -0.201511106658966 -0.0137888957036533 0.216996919288534
0.202397227659619 -0.159476000036756 -0.312931031976096 0.242325863762301
0.218524672355476 -0.125258931800783 -0.504640950257546 0.238874949122226
0.20890815283683 -0.118629275623472 -0.532779169447558 0.179652164659116
0.159548437466425 -0.107056029135666 -0.399189011781294 0.14116262839238
0.125467900412214 -0.126146095420023 -0.281728210185622 0.0620659200759753
0.114058037746486 -0.132971315873134 -0.175748326577642 -0.0662939427159472
0.0558068350491447 -0.109106743427266 -0.119147252817263 -0.171396712740775
0.0275794164727972 -0.137716339013001 -0.295909400922602 -0.200107872042069
-0.0445827281151619 -0.118273339905568 -0.510352862230784 -0.192386930127747
-0.216534216958715 -0.235375885045648 0.166805403735514 -0.322735304208061
-0.150631386339022 -0.292425660333427 0.12013225463314 -0.263278687421245
-0.115118158268533 -0.355428638176334 0.123600169723397 -0.158129138903732
0.0280303519762447 -0.425421989341927 0.148511851196044 -0.0470457903714899
0.150338870516364 -0.413464054045545 0.161629069590704 0.0876183296190092
0.258692332185302 -0.350564367990096 0.00777058700464742 0.149845269179098
0.376453920766532 -0.26021476643418 -0.223000430966367 0.147747040112507
0.400092033960919 -0.203762668338173 -0.38638180408209 0.168099473748635
0.378127963172016 -0.209883120944238 -0.445305794694599 0.147868718584183
0.296775159436859 -0.218847629225932 -0.367621489434736 0.131410303580681
0.23506045957545 -0.269251962526711 -0.300785527781187 0.0629401289205534
0.176699186018109 -0.282512375890949 -0.205801046627803 -0.0630251221178766
0.0562579943697887 -0.243640879037487 -0.159690552198782 -0.158458994107364
-0.00217756447854208 -0.280115620994289 -0.336610362520782 -0.152365511577075
-0.114178896898634 -0.243493722656011 -0.51049749878761 -0.105722394984215
-0.272323779664161 -0.315393381603876 0.26300921282933 -0.191307328152503
-0.171105683053465 -0.398918436319664 0.210348938256195 -0.157292546449457
-0.101328655536507 -0.476773228258311 0.171347313195001 -0.0808344017842385
0.0953258522187164 -0.544554880809738 0.168565493526622 -0.0250638801093219
0.251512902777062 -0.509967456102941 0.174508473048277 0.0340998576389799
0.376237405663167 -0.416116691245728 0.0693291174387973 0.0511301130953064
0.499388164318723 -0.302319454042562 -0.0740365163283976 0.0325864426592797
0.52268112998691 -0.24904342049955 -0.207545633244274 0.0717918756488042
0.493189256460448 -0.295959472657778 -0.304327581141225 0.0849861568500368
0.383684124144018 -0.346313029370907 -0.30486222959027 0.092279142860002
0.284901829836029 -0.435479889889616 -0.309105400273265 0.0554525674171382
0.166194757124316 -0.445709747749748 -0.238727380427696 -0.0410925735086196
-0.00545812578960849 -0.36741150357633 -0.20012207981235 -0.103478476554583
-0.0759152946572394 -0.391505060645368 -0.361201679595571 -0.0577751012398462
-0.18796214146475 -0.332093007487623 -0.48165344043059 0.0196798679321377
-0.272345220368892 -0.348336465980553 0.355903312137706 -0.0411637590142279
-0.13367498198225 -0.44152687013943 0.287226874151772 -0.0239804216203893
-0.0334498288963685 -0.502122715583241 0.199447011392873 0.0146154301448976
0.182138362009794 -0.540058317963756 0.185854545750889 0.00909899132226541
0.328457543530155 -0.481513443043686 0.203792148479033 -0.0170818829910952
0.435920948601929 -0.380900718016734 0.163035286059881 -0.0442296800627828
0.543590194041392 -0.278464415323228 0.108494324383003 -0.0741276060179212
0.568407042478206 -0.25865844916284 0.00412402696277286 -0.0374061020770651
0.535854672281618 -0.34791569331478 -0.133723474075151 -0.0165571957824599
0.398393385430409 -0.438973795340173 -0.223418708559016 0.00641249778805578
0.255876220796995 -0.546404518459111 -0.300736611409199 0.0249932947757573
0.0874110384454257 -0.544556424690298 -0.254459252920288 -0.00538577886932211
-0.103254335656119 -0.429199581302821 -0.212010138958838 -0.0135566205425385
-0.161939224780742 -0.434170280849804 -0.339863046846209 0.0634774834543757
-0.248493826917112 -0.366534050499298 -0.416263219491267 0.163753977365133
-0.226433605278686 -0.321909272835468 0.425248007723158 0.103227868961853
-0.0702438624113366 -0.401811207589633 0.32312924418233 0.104068384159467
0.03902685974644 -0.418026714309683 0.190388405827761 0.101727958194673
0.227319125980373 -0.412665386989515 0.186934984258428 0.0465815938268528
0.332066478039314 -0.344218143627219 0.236260014857401 -0.0459145893314621
0.406038647408843 -0.269120778939316 0.26509406140554 -0.102835728280168
0.498584022945345 -0.208811070068499 0.287998842621732 -0.14767314073151
0.52685282181194 -0.22463572871431 0.21711865054233 -0.144228983680621
0.496860705418958 -0.33664625770284 0.0371202753857023 -0.138506935025918
0.345276788639057 -0.439672969842627 -0.1438867357012 -0.107361385758512
0.181761239078243 -0.539716281837697 -0.283389876180615 -0.0262538220260469
-0.00183543959075513 -0.52440826532654 -0.24614703750706 0.02825026161919
-0.177396344127472 -0.401177432047851 -0.186605028638888 0.0813894793489172
-0.215928567784411 -0.400054666335555 -0.269781779387989 0.17938157815473
-0.265096526768276 -0.343465977416051 -0.321122254475916 0.300196072761342
-0.162225017069944 -0.237092511340118 0.46184801962546 0.216449784938764
-0.0264186779955667 -0.293204174463717 0.320425304687491 0.197768571690974
0.062650897354741 -0.265432457464167 0.153800879732522 0.153313077001914
0.19096035955453 -0.234545396242332 0.172076803414693 0.0737481016238391
0.2460497275326 -0.175661283317071 0.25616333296368 -0.0489467782655556
0.296712914351257 -0.13344855988446 0.34123885034698 -0.118917625690612
0.373608346509653 -0.117505967940165 0.431257008648184 -0.182987979553071
0.409442495901657 -0.156227342186988 0.397558265438127 -0.229295206888004
0.387335360587633 -0.252538065131294 0.184696315855686 -0.250167173284589
0.253090502192877 -0.338914656462374 -0.0766937716782504 -0.210736187652818
0.112004037710798 -0.414270392304917 -0.263346070835038 -0.0806145045416493
-0.0446058350196267 -0.399517382939021 -0.223878811765659 0.0484537677885851
-0.179065267649127 -0.299652720168598 -0.141426689490632 0.155202032346202
-0.200645141627549 -0.305926872166842 -0.178988534719835 0.26219686538351
-0.222925172989901 -0.269521560017894 -0.220349210376034 0.404244924274654
-0.0998756742803139 -0.111673970781179 0.483639876072122 0.275425065977673
-0.0201869343651771 -0.151325067036758 0.307271048975045 0.243361222998653
0.0274043650245049 -0.113928537133854 0.122839572145185 0.17170979975703
0.0912197595314527 -0.0905330030205341 0.162324334184607 0.08801603164699
0.113671626134214 -0.0468248557478305 0.26421755212067 -0.0420888986941907
0.147251211832203 -0.0267342051018356 0.384997683248755 -0.108968160333997
0.199738206409266 -0.0311394113143358 0.520526831727885 -0.188543497725735
0.232796495637274 -0.0650601819675985 0.518920414237282 -0.285173994235599
0.225927955007298 -0.11879068452216 0.288204471228489 -0.324186523282642
0.14364662709884 -0.168765501345959 -0.0272184767208138 -0.276682284973031
0.0581300832623046 -0.216891094479476 -0.242486757545202 -0.119425231955642
-0.0325840432948078 -0.216289122727491 -0.20215434611329 0.0558779174363448
-0.114850069235075 -0.161265052085453 -0.102454303454518 0.20210378934016
-0.125599712414424 -0.176009258113921 -0.100170789149136 0.310633783035415
-0.130234616991635 -0.160271081375816 -0.136661543593637 0.467143023813881
0.0327959627148501 0.0174239014274718 0.0561470794425647 -0.4753898187131
0.0505963977308645 -0.00737734088706338 0.0203577077367653 -0.366336037592981
0.0380602976376229 -0.000729071910054384 0.0661119143806001 -0.239730037751916
0.0304133201720146 -0.011589449633015 0.143710401970648 -0.078109862399564
0.00220711845542103 -0.0154507462984195 0.18720310203754 0.126160482357486
-0.00783311850193317 -0.0078749779874029 -0.00091677995405131 0.238717350438833
0.00878099876335522 -0.0205345038336189 -0.335679620159822 0.297025460035366
0.00637880042835655 -0.0282070049593733 -0.541634307706909 0.278399924660953
0.0123455550391773 -0.0337724010353857 -0.561092970198538 0.199892566110988
0.00372886482981485 -0.0236805836341868 -0.408351501625946 0.148244801807255
-0.00641840988166965 -0.0224390920874549 -0.2651717346517 0.0671850141718142
0.016143202603643 -0.0236873692994191 -0.165199811350012 -0.0572607429709691
0.0129228639850874 0.00741410703267955 -0.107521929825123 -0.159785156164871
0.0205691383632294 0.0102880831952042 -0.270482732574092 -0.206879248864572
0.0129065342551991 0.024125221641544 -0.497615815152236 -0.220293703571743
-0.108026491496765 -0.116126213543215 0.089392883893864 -0.422311432558531
-0.070501496328349 -0.154215505268805 0.0473088725252237 -0.333727883752941
-0.0618714344536605 -0.183474683572489 0.0819297114734121 -0.209937659162452
0.00799252816424872 -0.231938136537292 0.137897690965056 -0.0634221438135582
0.0616712301466701 -0.234420424844317 0.169331219499186 0.119872175400587
0.120670795889559 -0.203650214713871 -0.0130203501688818 0.217789121770239
0.202701843958165 -0.16169549007521 -0.313395707081326 0.245910054933756
0.219272736304413 -0.12838576612143 -0.504448834666194 0.243659384993379
0.208603997196375 -0.120924260339468 -0.534042458041074 0.184350167216667
0.159162483467203 -0.108272630529732 -0.398723549757582 0.145115677980496
0.124647219986697 -0.127327818388675 -0.282093877785918 0.0643793006786069
0.113618300511215 -0.134630845771751 -0.177270328330072 -0.0648514103804721
0.0559129561573254 -0.110250130459322 -0.122596307933639 -0.171963886726857
0.0267022705392445 -0.138885464895788 -0.298554833878086 -0.197635229559224
-0.0452436802098893 -0.118001372810494 -0.513297402565488 -0.188402609584556
-0.218782559213622 -0.232993638192651 0.166132062076267 -0.327957491216065
-0.153441131479332 -0.293303103323564 0.118478069495682 -0.267149140157148
-0.118465542859648 -0.355420439777561 0.122675734407841 -0.160307429053245
0.0245096672472226 -0.426387679995055 0.148758059374701 -0.0486564901414253
0.146030340044589 -0.417046014107199 0.163343800470991 0.0864679754617523
0.257324331253853 -0.354567341856467 0.00869950620421876 0.150005478337841
0.375215848689733 -0.264452505784155 -0.223552302561745 0.150379715218793
0.400927100891107 -0.208612910709288 -0.386011437944167 0.171418211621225
0.377932043271085 -0.213080711574798 -0.445686210205262 0.152476087302685
0.295800616547465 -0.222029049832575 -0.367232732532403 0.135501702616744
0.233563397645769 -0.272739751487476 -0.301369427654523 0.0661272182956375
0.174720469217193 -0.285414310972442 -0.207417875051218 -0.0616954467800041
0.0554837681456067 -0.245578824162597 -0.16307678554614 -0.15855057956902
-0.00484027859424562 -0.282392388350605 -0.339567533922819 -0.148753109301016
-0.116154729744976 -0.242873870454401 -0.512997098411497 -0.101275007258015
-0.276410985771774 -0.314016545890355 0.262948458594046 -0.195749627606175
-0.17541866266776 -0.400116611059923 0.21006603852205 -0.161207015095228
-0.106376044927644 -0.478089736102537 0.170537372514779 -0.0831632189949783
0.0920429084246487 -0.548044798752998 0.168270385795687 -0.0272661311083559
0.248674474843624 -0.514115502121002 0.175441807668752 0.0325109370902058
0.374712323661806 -0.420934830771895 0.0695184272166485 0.0504399206195074
0.499269991867589 -0.307548494057128 -0.0739765687301865 0.0325541375991558
0.522761563895056 -0.257183619802694 -0.207578702989237 0.07393730634393
0.491520467163192 -0.301727092107791 -0.304484052413562 0.088412373203966
0.382534106995932 -0.351498619123653 -0.305245999444688 0.0954199500838033
0.281740195054454 -0.43769234112027 -0.308638398901292 0.0586292264145825
0.162775351948901 -0.449632144944992 -0.240214288986448 -0.0391948711846653
-0.00659625446432382 -0.369882245151693 -0.203560889785407 -0.102635640503087
-0.0788765535022214 -0.392112379045014 -0.363238192127874 -0.0543506616785998
-0.192115135363076 -0.33054801010526 -0.482990585902762 0.0249996005668719
-0.275064128543369 -0.346549048001694 0.358741947135941 -0.0453627758996591
-0.137845006521128 -0.443327492008044 0.288212874122519 -0.0282942794901623
-0.0352821606233726 -0.503105581954121 0.200178250926841 0.0115779797507983
0.179838165643574 -0.544619491010816 0.185902391058584 0.00659597448866044
0.328607933129387 -0.485688143205147 0.204271504688572 -0.0203347330619332
0.435361138347701 -0.386468367879834 0.16336808528979 -0.0462165741257052
0.544888720798071 -0.284900375247382 0.10771997008009 -0.0758946373651345
0.569781765697876 -0.265719993793208 0.00378271460306488 -0.0381578882257352
0.535317752934743 -0.354113703032265 -0.134537722444041 -0.0149149281202224
0.395790677759071 -0.443335883763898 -0.223410718313234 0.00838062688104111
0.251747871676818 -0.551325236625181 -0.301703968183011 0.0277959444445433
0.083974049252682 -0.547622920641678 -0.25615528075023 -0.00383993750268227
-0.105758538887321 -0.430490889194541 -0.214937181398603 -0.01201939722252
-0.167384965859007 -0.435548797848958 -0.340788354938527 0.0678258977690627
-0.251813881255078 -0.364102275425805 -0.416078988577761 0.16985004921905
-0.22952954334713 -0.320386967003647 0.429756098210666 0.0997892183372636
-0.0750851883177928 -0.40384140221556 0.325705711251544 0.100873799976888
0.0371127667264836 -0.419213690201871 0.191976878414969 0.0997394357325745
0.226508721987879 -0.415685243229856 0.188087073046165 0.0447502385577354
0.329535456544272 -0.348787762288896 0.236985426027018 -0.0479043153715157
0.406794874423201 -0.2719916859373 0.265259162719105 -0.105738301180546
0.499987249411582 -0.213043872961233 0.287560432553792 -0.151630414498195
0.529597549326946 -0.232147259797607 0.216490618671276 -0.146697822609549
0.495370711562234 -0.342078002831848 0.0367408395616517 -0.139871002167585
0.343618187586899 -0.445646962299943 -0.144327859688082 -0.106675537331982
0.17869401110946 -0.543783979153544 -0.284566955417879 -0.0236301138523357
-0.00718551381450704 -0.527101949822981 -0.247697069845784 0.0298062699461344
-0.180053855119553 -0.401814610183933 -0.188401467273444 0.0830628868105331
-0.220290897508511 -0.400941342140063 -0.269268303907193 0.183726426220127
-0.269214383699843 -0.341461580203123 -0.319602765801618 0.304838215308964
-0.164793162793011 -0.236756335154468 0.466881194212975 0.212831690075108
-0.0298564745515761 -0.294425055090673 0.324016414232027 0.196686269502697
0.0618508905118906 -0.266657520025598 0.155136264449228 0.152613325754312
0.190098713001168 -0.238160093327112 0.173251502529437 0.0728718752867446
0.246058886847825 -0.177517552201772 0.257328622545952 -0.0520306632818573
0.296685051285204 -0.135900362642185 0.341759892998045 -0.121824611999172
0.375760442997476 -0.121861986554088 0.430093246643438 -0.187088091096956
0.410817958829916 -0.161359133774469 0.395788159509948 -0.235564266379895
0.385927489108773 -0.25842990638629 0.183357744639387 -0.253062417768781
0.251690005080144 -0.342304837636994 -0.077888541970393 -0.210964325932134
0.107824450189758 -0.417338841217354 -0.264451982352759 -0.0778917870536424
-0.0476129111029205 -0.401099198365797 -0.2248734995824 0.0499954122530813
-0.180896817784286 -0.299597572085107 -0.141886291321985 0.156729703086615
-0.204768226138773 -0.305958015233938 -0.177249477124692 0.266793856118056
-0.226652719443822 -0.268656387912974 -0.218419066885197 0.409731942969741
-0.10124931129866 -0.111043785060878 0.4881217728585 0.273848252570268
-0.021749556197561 -0.152571447366158 0.309595769871505 0.24064141612429
0.026726341237797 -0.114459175882121 0.124069356325503 0.17133565672631
0.0911525781314876 -0.0918204573094111 0.163595193184851 0.0875567187943461
0.113649183617079 -0.0479761939593741 0.265791751732719 -0.0443209197001663
0.148124508630715 -0.027894466172791 0.386225537261207 -0.112449632729498
0.20093883876473 -0.0329489240464259 0.520615811665878 -0.194136119593882
0.233168414143385 -0.0678361012343536 0.516421760235914 -0.290129294443208
0.225964506034518 -0.121662302804252 0.287192491471531 -0.328537072785995
0.14297535292705 -0.170591435021287 -0.0285346821461243 -0.278097157693966
0.0569684697070896 -0.218264429243805 -0.24378200753809 -0.117613284348831
-0.0352030610908531 -0.216635238795311 -0.203260871703561 0.0578733204083406
-0.11592905510352 -0.161686929357331 -0.102192150156594 0.203603758235323
-0.128172326601467 -0.175776158449928 -0.0981827475471486 0.313776717430072
-0.132520421956931 -0.159290579193939 -0.132853858051171 0.472791042527928
0.0330251750633217 0.0170425474468054 0.0516021960029222 -0.479260967929565
0.0503557883645331 -0.00838024829968599 0.0169383999827583 -0.369191722694788
0.038249670721424 -0.00123800141476516 0.065064001767182 -0.241721607821618
0.0301516564803228 -0.0118632616872419 0.14402544499132 -0.0800177132147504
0.00198168976703248 -0.0161428600441817 0.188307743914126 0.1239200085065
-0.00790036185719416 -0.00807159332793768 0.000655213675751552 0.239025664091592
0.00847462205118414 -0.0217645311274447 -0.335323755604367 0.30150305271363
0.00651192231168882 -0.0286998100694357 -0.541030925789464 0.283886836172164
0.0122578049260626 -0.0343702135842441 -0.561372626246704 0.206927773380992
0.0037193918429736 -0.0244263773801905 -0.407585090383243 0.15238652619911
-0.00657164178185642 -0.0222549917289624 -0.265925018092756 0.0698820583134656
0.0160876224914943 -0.0245438244651796 -0.16737491370705 -0.0556389956491074
0.0134880974386644 0.00765593703450912 -0.10993086190842 -0.159753533162574
0.0204994609012368 0.00992525776955616 -0.273363208169613 -0.204897059254549
0.0138702000303218 0.0244690704798605 -0.501661263809733 -0.215941993914955
-0.10962107560693 -0.115537344028411 0.085111230890197 -0.426387620401557
-0.0722243203581844 -0.155336885461398 0.0440576042476322 -0.337157944738776
-0.0642926918277679 -0.184004868216797 0.0809217151927825 -0.21283953145153
0.00588410441960851 -0.23393129776899 0.137903441763438 -0.0655710401969706
0.0596862062273096 -0.236552711550475 0.170993121161691 0.118320182896277
0.119349932759251 -0.205802406617296 -0.0119628315061776 0.218501132525095
0.2020489307437 -0.165111523109449 -0.313512608495283 0.249951059405745
0.21866135814429 -0.13210907232154 -0.503303469172849 0.249876608364329
0.207891927961392 -0.123352541583179 -0.533570676599454 0.191045704824832
0.158824140175472 -0.110831048809947 -0.398774221119476 0.149286211481087
0.123690672621962 -0.128344797528396 -0.282386107235408 0.0669833980600956
0.112759076775483 -0.135871193138323 -0.179543332168037 -0.0631836149024841
0.0559147917573977 -0.111215878461544 -0.125921042688619 -0.172298384970002
0.0258710275520319 -0.139789635595637 -0.301523715248561 -0.194846745074728
-0.0462192181196306 -0.117779451747399 -0.517923929074365 -0.183857324657614
-0.221878239443299 -0.231796495462616 0.163282657672157 -0.331766506488415
-0.156542060266132 -0.293919807343354 0.116913421725163 -0.271058622721109
-0.121979200636828 -0.356749835805413 0.121410608729824 -0.162412001218342
0.0210655221738001 -0.42838258887742 0.148617884527671 -0.0507368101008784
0.144666079855515 -0.420899224934798 0.164350658348557 0.0843508069092523
0.255113584749032 -0.35834955906254 0.00867379754581967 0.150160178404303
0.37523353551672 -0.269324102819606 -0.223968603010038 0.152493179116358
0.40156897008396 -0.213111232307865 -0.386021497081527 0.175988682971347
0.378207495311256 -0.218517807655262 -0.445250696654677 0.158658365948234
0.295282604204962 -0.225905456502537 -0.36706911312852 0.139417861221539
0.231750724555599 -0.275760603412915 -0.301416625528426 0.0691578109992518
0.172088824486022 -0.288106538561341 -0.209565330448004 -0.0598603339549143
0.055033812085368 -0.247590681351673 -0.167056993257748 -0.158025952096267
-0.00733688073143852 -0.283614766644457 -0.342318979474102 -0.145287652945082
-0.118736291114106 -0.242914566172445 -0.515807022959481 -0.0956794943028696
-0.280080363907447 -0.31282447562814 0.263274749845271 -0.199673031516967
-0.180421006582818 -0.400804679685187 0.209859266052756 -0.165252029787681
-0.110050510547529 -0.479861321218416 0.169938252302709 -0.0856565950021727
0.0880881096529328 -0.551823729183171 0.16911151191407 -0.0291638052885664
0.245323684515602 -0.518765587484154 0.176133938301447 0.0289574880670024
0.372646584630416 -0.427506724910958 0.0695040554326038 0.0496277734442852
0.499223510347639 -0.313900639087021 -0.0746066877119717 0.032176128277375
0.525204976892924 -0.263934761339627 -0.208423762150603 0.075317551529432
0.491541262691589 -0.307938102645797 -0.304857533923656 0.0925677682754483
0.381085983651667 -0.356129559089852 -0.304688582180654 0.0986440622239865
0.279506128469081 -0.443135004501906 -0.309720484047865 0.062119631994615
0.160155512444215 -0.452629986796687 -0.242169948298372 -0.0380259266566208
-0.00876312462021831 -0.371824740597069 -0.207265717910715 -0.101683216017307
-0.0832965835612552 -0.394019873327277 -0.364643964358942 -0.0500540082902612
-0.195676052965428 -0.330400701111948 -0.484907773800978 0.0314991720145289
-0.279128990372361 -0.346932081244602 0.360742678303548 -0.0498004711366659
-0.14255289628007 -0.445078046919854 0.289416278104794 -0.032854148773844
-0.0417367500814135 -0.50541570038359 0.201432169180408 0.00972297394974208
0.176674846010391 -0.548439576874026 0.186564135343304 0.00493138977580855
0.325336333928924 -0.490680401484332 0.205038623082341 -0.0227439598060056
0.432811083453211 -0.392124230147271 0.162652466392141 -0.0478158291819563
0.544588293407675 -0.290872976559405 0.107250761695314 -0.0783024774237213
0.568556840949475 -0.273897976223622 0.00425173055009159 -0.0388060984861124
0.533492434989249 -0.361003458678196 -0.135348539026412 -0.013105109650754
0.393015874736274 -0.450170299032899 -0.223566864655588 0.0112370907616403
0.248880428498558 -0.555811491132749 -0.302532230102899 0.0308099075617988
0.0784436965139023 -0.551303384370892 -0.257703565838606 -0.00167263653834481
-0.109100478714797 -0.431616528057763 -0.218167333501701 -0.010400538067631
-0.172251480711033 -0.435319341472988 -0.341279848850401 0.0730406008616404
-0.256821391876092 -0.363642257832167 -0.416355522676749 0.175019244330838
-0.233251293766378 -0.320387125675478 0.43185964938591 0.0952683223350371
-0.0794014814123203 -0.404745117078032 0.328911132088359 0.0970090076460781
0.0342876057708984 -0.422240207006006 0.192186562212343 0.0977517869244055
0.224186582806585 -0.421202893481197 0.188646007481931 0.043494594875496
0.329353987345884 -0.352366964065851 0.237950874752257 -0.0514169517034728
0.405641395501347 -0.277059652846965 0.264751484672594 -0.108749191706765
0.500351924242496 -0.21877478062531 0.287033004689829 -0.155073181643572
0.528483002225044 -0.238614226096762 0.216514826918275 -0.149136058419424
0.493589472264097 -0.347913818060579 0.0355147246923705 -0.140460634109167
0.340459093393297 -0.449199352903614 -0.145011252459097 -0.105146648425821
0.174920347612601 -0.547623732004283 -0.285774355505831 -0.0209093027617003
-0.0120344094490586 -0.528449627031114 -0.249089039104045 0.031852122838003
-0.182447927693904 -0.402537232315313 -0.18988486668627 0.0852111691742777
-0.225301047946027 -0.400252540261029 -0.268339757887404 0.188095497916092
-0.27350475186937 -0.339044717146522 -0.317666345440585 0.310815216089247
-0.167127202691451 -0.236428894847336 0.471610682697046 0.208857800691797
-0.0330778872103614 -0.296368190184328 0.326624802957026 0.192958030964558
0.0599161965338472 -0.268654649439042 0.156036693173441 0.151975212069756
0.189350895193613 -0.24077897622487 0.175105581008218 0.0716000099997468
0.245636060911747 -0.180022403398323 0.257860887598622 -0.0547040726580766
0.296867799149394 -0.138881210697911 0.342000630978895 -0.124924433973918
0.375613570196243 -0.124664476247159 0.430622958660608 -0.191561598371659
0.410806638693875 -0.166272855740362 0.396026442422874 -0.238603145162937
0.385359685654409 -0.26252023227334 0.181940642542981 -0.256245058062436
0.249717719018834 -0.346098892070059 -0.0793400305952784 -0.210617713542675
0.105058473857317 -0.421032187106931 -0.266044651029059 -0.0759781922519592
-0.0520685565102622 -0.403080586242317 -0.22654321048352 0.0519236890577589
-0.183713775416478 -0.299685968831019 -0.141901194087458 0.159110162795933
-0.208510119552132 -0.305572282812673 -0.175583866750046 0.270726727127065
-0.229929693047711 -0.266388193730859 -0.214629383986212 0.414277945515748
-0.102624048950516 -0.110776003470342 0.492300375344997 0.26940114267695
-0.0243672061333702 -0.152987784940515 0.314549018338976 0.238759077092628
0.0258866916829847 -0.115774921324721 0.125764399949517 0.171646109533967
0.0904261460817909 -0.0934814091839743 0.165479201864145 0.0869371504161774
0.114042264604649 -0.0486065153293914 0.266249082553179 -0.0478321464626945
0.149311930327489 -0.0290511302049874 0.38619128324774 -0.116653960106985
0.201739048269935 -0.0351520671935637 0.520648743796235 -0.20042709903161
0.233268639701762 -0.0700234969818845 0.516523813493609 -0.296420412272105
0.225872810174895 -0.12512641484711 0.284609336757772 -0.332826499679835
0.142492183676262 -0.17253846339398 -0.0301928505221146 -0.27837263226344
0.0548475634644932 -0.220060094300856 -0.244574517296611 -0.115937953601032
-0.0375378010044184 -0.217665500292943 -0.204113544746298 0.059647962490334
-0.117042244901322 -0.161208804119612 -0.100981373654606 0.205773167309338
-0.130169205535284 -0.175759450359042 -0.0958418623446683 0.317209202246377
-0.134638689970157 -0.158580336138149 -0.128847966267993 0.477785745861442
0.0338773462084899 0.0168434499639495 0.0473940576891528 -0.483186075277389
0.0509991844664854 -0.00899184283640323 0.0128575618551356 -0.372299630983769
0.0383601237152228 -0.00155082126894013 0.0623020406503499 -0.24361419141805
0.0301703654071295 -0.0126085505443986 0.14340950652968 -0.0814339232615186
0.00180614747516601 -0.016136446317159 0.190782849733749 0.122651125696582
-0.00832155296357056 -0.00873788498549938 0.0020941830712886 0.239845153113165
0.00846081206191979 -0.0227604095163316 -0.33344138003031 0.307030087436345
0.00562262444796693 -0.0293014067584229 -0.539396140764429 0.292530666993868
0.011887265633667 -0.034625785319131 -0.559777228366755 0.213765382963572
0.00342418048089505 -0.0240422279200621 -0.406440136242631 0.157144578452583
-0.0062963067913209 -0.0217764689869179 -0.266062395509976 0.0723863391871312
0.0157484848633668 -0.0247079534874385 -0.169019239044276 -0.0535543265397777
0.0138525810116967 0.00754521746058122 -0.112580958067478 -0.15959219381875
0.0209866881354409 0.00932591977847605 -0.276897649680188 -0.201811792557066
0.0143165598012295 0.0241464777386911 -0.5071209649652 -0.210978741632182
-0.111142413062405 -0.114113250045645 0.081914845057059 -0.429359643541365
-0.0737427248839145 -0.154968426654533 0.0406479905269245 -0.340593061496494
-0.0661761680282453 -0.184269749815687 0.079176466717867 -0.214323531098377
0.00367804900629813 -0.234387700798834 0.137254546433736 -0.0665064341212087
0.0580870408275533 -0.237795157818393 0.172537323368727 0.116682989304729
0.118017489092366 -0.208104687368223 -0.0110600549132108 0.219275155578359
0.20152164634782 -0.168180249483645 -0.312206104910842 0.253873495391108
0.218073642699435 -0.135131185506111 -0.5012943634906 0.255745880672687
0.207203195675141 -0.126011310665625 -0.532724201392698 0.198321118201852
0.157953619042228 -0.112251753559995 -0.397556599781017 0.153810979007112
0.122943606717835 -0.129567803978932 -0.282684141524473 0.0702927440340098
0.110575263848447 -0.13768721183042 -0.18155327406093 -0.0610541675347237
0.0558330941411997 -0.112397777620761 -0.128942341762672 -0.171636392768894
0.0242722028114079 -0.140947180949609 -0.304817298070798 -0.191562004349197
-0.0470561264190337 -0.117387464320997 -0.52022272819415 -0.178240689143349
-0.224892979102867 -0.229978824508282 0.160488937357217 -0.335532695953444
-0.160594632818071 -0.293334542755837 0.113931887758776 -0.274628107237699
-0.125568803156654 -0.35579439434588 0.120122581543505 -0.165332108816499
0.0177371894587748 -0.431799453232152 0.147531076066689 -0.0523856988661634
0.141428311269255 -0.423726329379505 0.16546796271978 0.0818443294156461
0.252411279963975 -0.360858613990748 0.00970833477492016 0.150098360088473
0.37448546823771 -0.27379395421015 -0.22355942217985 0.154355788814235
0.400168037639892 -0.219783306078582 -0.385127330538068 0.180793641805738
0.376019082535542 -0.222762999555128 -0.444704961820317 0.163830093732234
0.293376651329995 -0.2297603730383 -0.365259885552089 0.143484218361184
0.229374960277637 -0.278519208266958 -0.301818058604599 0.0724892976889908
0.169572826725647 -0.291263261390782 -0.212187714398259 -0.0578758792642518
0.0536936295323295 -0.249356322254522 -0.170289215756429 -0.157946674241727
-0.0103768846111593 -0.284585461890651 -0.345113338738691 -0.140922128378569
-0.121624667978227 -0.24191529261442 -0.518625928895888 -0.0892272389917114
-0.284068090178438 -0.310905981567019 0.262333515429851 -0.204308970949925
-0.184402153987781 -0.400765960288201 0.208901896521816 -0.169300256453019
-0.115358860792766 -0.47844862970505 0.169905504615436 -0.0893440494914527
0.0816863645268313 -0.555419737170425 0.16898623244582 -0.0314924242892201
0.241434414555342 -0.521993278078374 0.176938990438019 0.0263359806634393
0.369574066952013 -0.431334895396454 0.0692570911624851 0.0483226485848187
0.497497545815097 -0.319670517182506 -0.0752820284163164 0.0323107460161465
0.523385072386551 -0.27047922507825 -0.207601186216448 0.077081503560965
0.489238582163033 -0.313952054516837 -0.30490008134542 0.0968329690655214
0.378745541113003 -0.361490378051018 -0.303541836877723 0.102114981316212
0.275727515985235 -0.447566515797844 -0.310146202303894 0.0657577524187898
0.154218859790131 -0.45722861157281 -0.243625412031514 -0.0351026139265821
-0.0110317442558014 -0.373414358421016 -0.210581055758399 -0.100194733754364
-0.0872157978464329 -0.393456472359681 -0.366262583050176 -0.046066508951779
-0.198978502589967 -0.327423855033678 -0.485186310153098 0.0376078197727244
-0.283600183831627 -0.344137750761199 0.362995483062561 -0.0539440331407395
-0.148124710561208 -0.446181480562266 0.290616547835454 -0.0367706112100365
-0.0453374314316464 -0.507323457579694 0.200855199023871 0.00720395817477222
0.171216937537962 -0.553126659836289 0.18704695118533 0.00295754385021605
0.322340166542233 -0.494345038007032 0.205158842705183 -0.0263685336559555
0.430793170700715 -0.39673107072589 0.162379103831236 -0.0504215063900873
0.542823849717858 -0.297059575500834 0.106347554339384 -0.0806808240638783
0.569168459618747 -0.280255465597025 0.00354541405357996 -0.0393477708154786
0.5315311557086 -0.367486185926216 -0.135743751787206 -0.0118451927750374
0.389377508003715 -0.45352420416945 -0.223223929115165 0.0138446919449515
0.243646411070241 -0.558951654175788 -0.302021069832794 0.0349028036202261
0.0722466504979448 -0.553881095984954 -0.258905681468406 0.000310353902223046
-0.112432036236024 -0.432699401282869 -0.220788611237275 -0.00857826258790295
-0.17708682968756 -0.4359544434876 -0.341376892811345 0.0775789037136781
-0.260770416671201 -0.360832666045391 -0.414047962839499 0.182214828653254
-0.237465292441449 -0.318670748007483 0.43560024175312 0.090561568051144
-0.0851780878416674 -0.406563586161575 0.330554011291562 0.0923277490320895
0.0301708856481623 -0.424042791451645 0.193768285213016 0.0960886577117825
0.220303629193981 -0.425128205125173 0.189960017668959 0.0415996297894598
0.326220050310534 -0.356147607935226 0.237977734447569 -0.0547972239634818
0.404869694625915 -0.280153618378796 0.264244328084523 -0.111620610097384
0.500014384431765 -0.22342312099929 0.286218763450248 -0.159683077880526
0.528654665462691 -0.245927308473911 0.215088619352261 -0.152628820056108
0.491108437746551 -0.354474037156014 0.0346655932838868 -0.140815278484264
0.336823182949188 -0.453769273186341 -0.145809399743779 -0.104086925064173
0.169245072202768 -0.552312058458302 -0.286177438120605 -0.0174768483431651
-0.0170202647701269 -0.531311883594327 -0.250404131207195 0.0341884882946414
-0.186065683706021 -0.400761177832476 -0.190852836621025 0.0870651373583144
-0.23024059968239 -0.400291886720748 -0.266809981227349 0.193369414144358
-0.277794755787903 -0.337667859070078 -0.315057712256178 0.316636750058117
-0.169974812084241 -0.235618619719041 0.474959488251012 0.203683647940222
-0.0371143484347493 -0.296548565225272 0.330565081093855 0.188611043257967
0.0583614264257222 -0.270927173962726 0.157129391992701 0.150793164095815
0.187430124045593 -0.243432916585935 0.177066296797307 0.0696014537782851
0.244878412969961 -0.182862889301448 0.258506575737376 -0.0580975755358814
0.296580832188058 -0.142382624061079 0.341154017156173 -0.129802070063942
0.375718795191567 -0.130384999449414 0.429362850996053 -0.197996548818263
0.411841320187582 -0.171275432119403 0.395242137433675 -0.244333111696642
0.384376150486236 -0.268969971091826 0.180282572174534 -0.258567731253387
0.248125057900827 -0.348870309588025 -0.0804087837975677 -0.210542977418145
0.100331676211374 -0.423723165606495 -0.266868790331208 -0.0726688724614948
-0.0573393732289152 -0.402665015466536 -0.227053185918907 0.0540256486753951
-0.186518978057898 -0.298924106288308 -0.142158131546215 0.161238716905154
-0.212520612626686 -0.304924561359551 -0.172991696478743 0.27416335008693
-0.233861237656813 -0.264592685597211 -0.209434503821877 0.421106597735139
-0.103611216857167 -0.109613059571152 0.498106148569334 0.265370370512466
-0.026512606632868 -0.153324617388403 0.317965608833383 0.23526707255332
0.0253270099475219 -0.116388518110388 0.126883350718794 0.171070859476401
0.0897276496309825 -0.0955606105271958 0.167547881208427 0.0857440636035422
0.114139994140267 -0.0494713492183442 0.266304978436329 -0.0503465934046768
0.149558911377222 -0.0305190462995928 0.386672596374538 -0.119733415534111
0.201912128275715 -0.0375887422758973 0.519742324442611 -0.205683524519909
0.23284763764347 -0.0740286180448953 0.514997559900321 -0.30226900818034
0.225008303803256 -0.127495793273496 0.282617649749416 -0.335943290937997
0.141907113798047 -0.174891990779278 -0.0321390904901401 -0.278763031961033
0.0523701301631035 -0.220244132386443 -0.246392876577962 -0.113711177267312
-0.0397506747494022 -0.217999916214818 -0.204486403553462 0.0612837479328055
-0.118563189681761 -0.160742209330087 -0.0994166268199215 0.207607710028133
-0.133174579706117 -0.17520920606042 -0.0921743107016782 0.320037927694267
-0.136535442609 -0.157334959731512 -0.123310170375794 0.482240550929359
0.0339197757937156 0.0166533826051734 0.0414137594440377 -0.485179069002269
0.0511225988950573 -0.0100596852970388 0.00851205445742835 -0.374747795708257
0.0386312145005212 -0.00185702136402783 0.0604460174108479 -0.24528078546893
0.0297707191606436 -0.0130213036301624 0.14337600153686 -0.0829845272892629
0.00139714925846619 -0.0158350674418843 0.192254241565364 0.120449343532264
-0.00840177441469147 -0.00881629268322941 0.00364915433250894 0.241079298738038
0.00811469720847684 -0.0237051347912674 -0.331350034218261 0.312091824992836
0.00528769327255427 -0.0296607065185281 -0.536558548156044 0.298825351967562
0.0115099580805418 -0.0355736405484392 -0.558053002436922 0.22124446707475
0.00347447738899926 -0.0245737068220625 -0.405199420516882 0.161648604592773
-0.00668976744664463 -0.0212921077987935 -0.265065395741635 0.0752484411622972
0.0150545823642999 -0.0250174878634758 -0.170084990109571 -0.0509430510720178
0.0145299288229005 0.00732323080504583 -0.115186977565006 -0.159061761109193
0.0209900837413612 0.00902308599883669 -0.279201060555318 -0.197958397020419
0.0153267300681353 0.0243649604886551 -0.50891041406143 -0.204251744947581
-0.112672700486506 -0.113426434052667 0.0762754968130818 -0.432821074567821
-0.0756782845704651 -0.155305839076675 0.0363754399584839 -0.343306248089192
-0.0681178924189572 -0.183668027285631 0.0766273881655625 -0.216400637253249
0.000773773471715788 -0.23545719507395 0.136820627079945 -0.0685007952106738
0.0553257350942043 -0.239414698695399 0.17452271089961 0.114459349492922
0.116243600397015 -0.210683266241534 -0.00970893618137234 0.219765828678266
0.19969128335113 -0.171450182683926 -0.310471457026438 0.257114532148589
0.217401954150684 -0.138625811537233 -0.499967597403152 0.261939022411952
0.205233560232887 -0.128811728281309 -0.530533984437925 0.206331590257133
0.157007501630784 -0.114814954238636 -0.394566942749258 0.159721803224112
0.121603001581179 -0.131053677649872 -0.281787944899467 0.0735840350770421
0.109246463154632 -0.139486502753558 -0.182769841669971 -0.0588356034385709
0.0554624116778523 -0.113585827352996 -0.132513716094318 -0.171589927075294
0.0226988435458924 -0.141731619689699 -0.306690302980037 -0.187320929626323
-0.0483297162246782 -0.116777657519988 -0.52342678816997 -0.170058166046124
-0.228049457094198 -0.227386716811082 0.157267654787723 -0.339618460583443
-0.164000212736702 -0.292580996345425 0.111574465914346 -0.27827157541944
-0.129467196127673 -0.3550750026315 0.117794407417271 -0.167714434973019
0.012559834822517 -0.433277348363088 0.147347082759196 -0.0544058128781623
0.136370914324918 -0.426366801617326 0.166314081349649 0.0795097523884274
0.24843226499879 -0.366118219823427 0.0103548797952955 0.149980778192395
0.372020426004964 -0.278692965370401 -0.222543759591369 0.157189838588572
0.399110725452633 -0.225791748254666 -0.384074186705027 0.184719851726821
0.371778256312901 -0.227804203934513 -0.44346938684613 0.171482264646251
0.290929818622264 -0.233604353436887 -0.363619635967139 0.148892419595024
0.226699859703551 -0.281141232234605 -0.300853102103001 0.0764516432908021
0.166232875516003 -0.293348179587658 -0.213251951685194 -0.0550708357830571
0.0521737816828313 -0.250807590850445 -0.17422377841735 -0.156187166246349
-0.0135765220886907 -0.285415380493277 -0.346752546595597 -0.136615601564977
-0.123879486101964 -0.240682043767616 -0.519970297336374 -0.0833747140058947
-0.288538450162444 -0.308811497671556 0.261248329231471 -0.209124669836523
-0.190056148887609 -0.399975852179634 0.20780634022561 -0.173505362789043
-0.119850109808515 -0.479287915922848 0.169646217763449 -0.0913280852208723
0.0760437835388584 -0.557706119301149 0.168247961224133 -0.032748806157495
0.235933023546209 -0.526562067251127 0.177535738355561 0.0240759977235282
0.366100591924161 -0.436736714338859 0.0694644883949214 0.0471341250732411
0.494420021495232 -0.326430067198982 -0.0755101028069725 0.0326726669261709
0.522363685377768 -0.277784300015791 -0.207293704064533 0.079354681143447
0.48635295444266 -0.320229969446933 -0.304148910468451 0.100615449140845
0.373636061788462 -0.366537162362926 -0.30183060405557 0.105825010952481
0.270932699778714 -0.451308092147054 -0.309572475684405 0.069876787336358
0.149047637673849 -0.458995571448164 -0.245097455676188 -0.0323197352298567
-0.0128212568267989 -0.374586305802631 -0.214087221296602 -0.0982487877937289
-0.0921476900089546 -0.394372895867519 -0.36819558516063 -0.0395183245501314
-0.203872593587544 -0.32604883996987 -0.485933641596201 0.0445128847918357
-0.287731531092116 -0.341622497601232 0.362810908998802 -0.0602615081789346
-0.153394650481048 -0.445441418661844 0.291338336373821 -0.0416867761203118
-0.0511188293422974 -0.509017266653279 0.200153440743865 0.00427665487872783
0.166432341007053 -0.556506665084576 0.187177260846621 0.000520659963556457
0.31772511018991 -0.498926202531243 0.20500894059219 -0.0291514797942758
0.42715551906294 -0.402787046423556 0.161094593191437 -0.0519516477380151
0.540411787767992 -0.303954320877989 0.105279870246302 -0.0828359538844541
0.568479994371333 -0.287953725127348 0.00282977187735246 -0.0398838954496458
0.527066611518066 -0.375241743821899 -0.135587522142793 -0.00940237153738181
0.385776201069525 -0.459109681115102 -0.222347595931429 0.0163125735278703
0.237705131921831 -0.563643453208879 -0.302658885023043 0.0387504163358823
0.0654658219051009 -0.556637127314652 -0.26014232936369 0.00342566021945916
-0.116710491422353 -0.433382126945889 -0.222943999388169 -0.00579823673817316
-0.182708085636434 -0.43512371046107 -0.341077624929611 0.0832549720038143
-0.265788951196675 -0.357580291891811 -0.414115736368677 0.188350833858
-0.240812763284611 -0.316944382890108 0.438333294553262 0.084444914096232
-0.0906308280564959 -0.408003086944181 0.333040355811429 0.0875024285463171
0.0267973656410502 -0.426583892158049 0.194095416614018 0.0929065654510263
0.216814303176684 -0.428719247359943 0.190915861969481 0.0393590416878327
0.323616953994194 -0.360655805094908 0.238247356125025 -0.0579272304459267
0.402129250095834 -0.285587245266842 0.263745371942584 -0.114970155806095
0.497406927234067 -0.230214512099371 0.284366205636948 -0.16396686192349
0.52811312392261 -0.253645284295459 0.213414349318125 -0.155370871386884
0.489555130294349 -0.362462626692595 0.0325419966120286 -0.141568656722483
0.332411382650482 -0.459505368277865 -0.146060869327028 -0.102716901921796
0.162743132372542 -0.55517345774803 -0.286713929569421 -0.0131507818209535
-0.0243310237951479 -0.531100804736 -0.251001643087048 0.0369044086800827
-0.189175430179215 -0.401888129254385 -0.192149945668076 0.0896722193885068
-0.235335266907847 -0.398481221235382 -0.265619842583519 0.197953217984259
-0.283119081298312 -0.333835677760541 -0.311575082952306 0.32278379781319
-0.17253780590539 -0.233575377761031 0.47896174769657 0.198781636530039
-0.041599977867861 -0.297588757703865 0.332280122011281 0.184957683537086
0.0555791032998294 -0.271841690570893 0.158876122697194 0.148708327778997
0.185243939773333 -0.247670547428913 0.178389223945413 0.0687110218937423
0.244323664159597 -0.18635910516975 0.257491613946373 -0.0616535268454332
0.295164749209461 -0.145326879261755 0.340858093213917 -0.132293431426616
0.375148904035048 -0.133207843465995 0.428143419362025 -0.202747732761068
0.410281625668659 -0.176509119343395 0.391716417348922 -0.249789574229884
0.381529935411501 -0.273777180763393 0.177587064963579 -0.261589084544093
0.243669497388034 -0.353453882502432 -0.0825141064426152 -0.210277575906654
0.0954412626409065 -0.424923232846768 -0.267439279008347 -0.0697249912739948
-0.0619860958420701 -0.40371745913648 -0.227172963329469 0.0562979427520501
-0.189327682662078 -0.297930052553372 -0.141185692871475 0.163964021548852
-0.216577600101752 -0.302788401224325 -0.169752028488483 0.278514622361865
-0.237323490403897 -0.261898824003144 -0.204663709338469 0.425551584810173
-0.104848648383134 -0.108651042836631 0.502140867813358 0.258218556430079
-0.0291706018938961 -0.153300034141138 0.321315634053203 0.231422522519908
0.0243647383063407 -0.117162792219639 0.128335198351069 0.169864830468152
0.0884562175676254 -0.096880814461978 0.169176532009012 0.0848606953132129
0.114025080286847 -0.0505419103644698 0.266822259680681 -0.0542981511959151
0.149869617131594 -0.0326326637655977 0.385667683255813 -0.123769358407039
0.202233869421928 -0.04083919852416 0.517717124140918 -0.212189630652161
0.232687498753598 -0.0768954763983304 0.513213870480082 -0.309993006877775
0.223451499438577 -0.130986270697691 0.280330569312715 -0.34195258488494
0.140070677561158 -0.176618682139075 -0.0343590121916742 -0.279549576992757
0.0498130846383705 -0.22146641422968 -0.247372316068806 -0.110268239548392
-0.0430316262634506 -0.217696387871138 -0.204718344779567 0.0642288830978804
-0.120013426686618 -0.160248475867712 -0.0980890409333445 0.20973531658464
-0.135527445477109 -0.173909697081651 -0.0891327922059998 0.322542648437188
-0.138807393699508 -0.155844341236964 -0.117443081783113 0.486996342757545
0.0348355774944608 0.0159990631030712 0.0339496694144119 -0.48732232072432
0.0512521846918936 -0.0110933396864445 0.00357896863142179 -0.37686202723498
0.0387127123983791 -0.00243232764875506 0.0572228110477842 -0.247051020198674
0.0293870441561597 -0.0133193655263404 0.142871959672049 -0.0844847532503097
0.00100873094999723 -0.0163369486622959 0.194427655551692 0.11751956550846
-0.00840451664231706 -0.00888289389592666 0.00579608597378381 0.241414493196144
0.00791355801312557 -0.0245406291398437 -0.328328041726702 0.315116182113082
0.00563176538666265 -0.0307155364227789 -0.533282576697061 0.304924678997126
0.0101610526359982 -0.0355003666975031 -0.553615614230591 0.229339712238294
0.00329014424167592 -0.0248384592809433 -0.402006601513354 0.167269542878589
-0.00707146896720315 -0.0208927738769163 -0.264084188675247 0.0782872534704616
0.0145086846914878 -0.0246438062207506 -0.171865832228248 -0.0486299602721627
0.0149734757330823 0.00694069349190728 -0.118068337150706 -0.158196945576306
0.0211906524722616 0.00873260313570763 -0.282068254013304 -0.194405815794349
0.0159316781350231 0.0242615645745277 -0.512279226229843 -0.197289480666222
-0.114558890217806 -0.111668038787488 0.0713388780315707 -0.434770083804568
-0.0775598991144794 -0.155383201997237 0.0316558371583485 -0.344924689888475
-0.0703313834501027 -0.183589771466405 0.0733953066465039 -0.218603886284744
-0.00275761443453715 -0.235884069349009 0.136116071325581 -0.0701017031810655
0.0520534736906603 -0.240000491623212 0.17498358083617 0.112035666946444
0.113144159633467 -0.211655721464627 -0.00752967718074304 0.220138988218513
0.198101135935433 -0.174699958060143 -0.308438545057543 0.262656968504972
0.215893592849747 -0.141902118671047 -0.496955827801569 0.267572925570411
0.203752829858287 -0.131950418979473 -0.527492597501624 0.213671686884729
0.155289429647905 -0.11669863228826 -0.393241243527403 0.163288164817947
0.12053163136664 -0.131986014337545 -0.280834601664969 0.0772229971132815
0.10712798614907 -0.141282550857694 -0.184390402444122 -0.0566670495510729
0.0546949287938314 -0.114225395598381 -0.135740668982844 -0.169888075165339
0.0210383679470503 -0.142646853571626 -0.309595239968001 -0.183410241525537
-0.0496299024523766 -0.116093178968331 -0.526098271765128 -0.16236551687096
-0.230175656791429 -0.225077728059696 0.15382876245386 -0.34416889800372
-0.168042533307222 -0.291872692794932 0.10804257734398 -0.281536234938559
-0.133877303877367 -0.354114334766578 0.115775874431845 -0.169442786893779
0.00750507070281894 -0.433957233814084 0.146362649373776 -0.0564443459012909
0.130260898547642 -0.428738712658306 0.167167458409071 0.0763356333192207
0.243980369979791 -0.369264928540297 0.0111579935855305 0.150414611911088
0.369576726762431 -0.285060734299498 -0.221377833270903 0.159417767259553
0.397812961117375 -0.231825872393237 -0.381513735998084 0.189869811060951
0.370557689901437 -0.232551785687673 -0.441442303915938 0.176495182302317
0.288095320289541 -0.236838274881543 -0.360629799076346 0.153601691379679
0.22363793724368 -0.284215204086045 -0.299977448062794 0.0798027412371042
0.161318378918678 -0.295880453352641 -0.214191104300607 -0.0523068272952764
0.0506758200272394 -0.252072978110358 -0.177635568322037 -0.155154707372393
-0.0169924904839494 -0.285975782660454 -0.349270151053564 -0.131114933226212
-0.126745154882753 -0.238789190575176 -0.521394827647808 -0.075179453274577
-0.29314240043145 -0.305745182795609 0.259589999208516 -0.213899795249752
-0.193782411511862 -0.398950224524649 0.206050094011201 -0.178306817009143
-0.126213979669239 -0.478311622656841 0.16747429969743 -0.0946424289865737
0.0706857843518466 -0.559854550375931 0.168007553777103 -0.0357588841130919
0.23038871726602 -0.53073112334319 0.176918130535737 0.0211087628625613
0.360638384158815 -0.441500298668461 0.0693391022498203 0.0463291509840917
0.49225018665385 -0.332568184873874 -0.0754270107858425 0.0328440443968266
0.520454303694166 -0.285019176844808 -0.206514292993308 0.0820758205702664
0.481841706546828 -0.32702644651224 -0.302768080421093 0.104878239642439
0.369968001405495 -0.370049675238688 -0.299677418278202 0.110152297791652
0.26605216646786 -0.45345822034422 -0.308406894562779 0.0742317390060169
0.141955617354112 -0.461395994971181 -0.246312177488698 -0.0294045835354244
-0.0159650148953055 -0.375186448442695 -0.217254456766443 -0.0963478765990487
-0.0974501683077258 -0.393973112872355 -0.368325476585437 -0.0344216423670482
-0.207941509578289 -0.32315925942381 -0.485104590593237 0.0515971958232054
-0.292186758686974 -0.338523455825676 0.363113221272262 -0.0660113628440803
-0.159804706665502 -0.444662427347374 0.291433686113142 -0.046914372812386
-0.0583713669221919 -0.508990841490772 0.201039410203769 0.00155001435949749
0.159153557116488 -0.56045891843724 0.188040737296517 -0.00142380275792656
0.311592326847184 -0.50317543136966 0.204924540786331 -0.0326918860579955
0.422503823306972 -0.407363083250108 0.160434263873678 -0.0547455673608471
0.537022259341267 -0.311630796767545 0.103531330956374 -0.084323216736451
0.566490066899938 -0.297106012262334 0.00238619699371821 -0.040210304490706
0.523730932123307 -0.381718583549965 -0.135502966368075 -0.00731085068834384
0.380036163582589 -0.464289259454113 -0.221692275869115 0.018828858628446
0.231309378447107 -0.566625783769571 -0.301549399916414 0.0430505457742938
0.0586242727637236 -0.55811163227654 -0.260847873541815 0.0066251536539014
-0.120110632545116 -0.432635159446275 -0.224721279388229 -0.00286049142109501
-0.188529528650332 -0.433221475790873 -0.340019325543388 0.089244982956695
-0.269976998423756 -0.354899732065164 -0.41040872297591 0.194506024156214
-0.245725451774417 -0.31289155753189 0.44136900545007 0.0783213433075112
-0.0959212162266054 -0.406968016467445 0.334569384307014 0.082637165875779
0.0207973177609015 -0.427134713758541 0.194821823668096 0.0908928005551616
0.211749411360979 -0.432288550703974 0.191487794968939 0.0367477296863284
0.320305936875965 -0.363396425017034 0.237366271935683 -0.0613830194904813
0.399113778541046 -0.291128606023937 0.261903051671452 -0.118529066369681
0.495830016737213 -0.235492919089717 0.282353918004364 -0.167783803127972
0.524274095163521 -0.260386244037503 0.212468665277397 -0.15811754934704
0.484008486005065 -0.368014891319821 0.0313989059231488 -0.141684819415031
0.326137738428291 -0.462682022461372 -0.146094729275144 -0.100809270024137
0.156317039089884 -0.557655452018374 -0.286391501537971 -0.0100034244848475
-0.0313925011842399 -0.531337239445769 -0.251671737766701 0.0400183664856305
-0.193392398787922 -0.399704755466867 -0.192318219794224 0.0924789744159279
-0.241646704336997 -0.395770140410851 -0.262669846107842 0.202866187575214
-0.287513872218182 -0.330452211506445 -0.306988993445151 0.329217734371285
-0.175474331225055 -0.232247802351393 0.48181754408043 0.191900372771592
-0.0458246435603119 -0.297424827854549 0.33533385426101 0.179173896824662
0.0524538349626158 -0.273178177126363 0.160166688953468 0.147584823322286
0.182678871407346 -0.250519686648882 0.18007181791886 0.0672733616109571
0.242467002966847 -0.188753871422288 0.257368682957888 -0.0659069383592697
0.294232189223787 -0.149144506274992 0.33957064337883 -0.136520719204024
0.373913266653499 -0.138106616150742 0.424543057573293 -0.208824632201506
0.406959876294669 -0.183786430010363 0.389377511828352 -0.253821811690016
0.377854773349649 -0.279041013811672 0.174506326511011 -0.263660903058991
0.239274064234606 -0.356106306145855 -0.0836473359608715 -0.209267029513322
0.0905006865518878 -0.426202209151946 -0.268178384234786 -0.0656523211224515
-0.0673875323910554 -0.402718132091585 -0.227449252768098 0.0590705247714564
-0.191369923294939 -0.296132133270298 -0.140563936996864 0.165451608983171
-0.221001470670079 -0.300507600559089 -0.166362216115095 0.281513579421768
-0.240556855238254 -0.258805633543745 -0.198887689520107 0.43020869426246
-0.105651415832066 -0.107411083999443 0.506610233026496 0.251087909480324
-0.0322164189736872 -0.152899987589915 0.32461519125352 0.227830766268962
0.0233365119688745 -0.117400520737726 0.129776576280648 0.168519370895705
0.0878259863763179 -0.0994080690198316 0.170824414835141 0.0827672813893346
0.113667581487099 -0.0514454723808677 0.266288232357944 -0.0577314003518157
0.149553535923369 -0.0339948573215 0.385056944772527 -0.128679645588688
0.202004754043509 -0.0434240519838254 0.514498326072099 -0.218752050792926
0.232030400622397 -0.0803681078504562 0.509699686637233 -0.315464341093638
0.222145251344825 -0.134461442545887 0.276273468192499 -0.344076273572184
0.13829983574946 -0.178727138390454 -0.0371841100583606 -0.27885051558896
0.0473290299646417 -0.222335125589911 -0.248817301343771 -0.107605198742174
-0.045734407387162 -0.217165614377709 -0.204467778499718 0.0661912028756714
-0.121470412232312 -0.159388691596936 -0.0957042023620402 0.21138019381307
-0.138124187896594 -0.172568895391296 -0.0849304837556156 0.325461769838726
-0.140637095034569 -0.15399746455627 -0.110882159169289 0.491082145151285
0.0347237944301432 0.0162419779116571 0.0286545838870075 -0.487537595522389
0.0510039685538246 -0.0121393957595084 -0.00157669721714564 -0.376820981014047
0.0383737335136087 -0.00280274485437113 0.05472129472976 -0.248356735807002
0.0290879038059169 -0.0142946761037134 0.141445138608406 -0.0861331937168776
0.00057870023942172 -0.0164055608679734 0.1959826225033 0.115449144492967
-0.00896367098589394 -0.00886854078188701 0.00784463902417206 0.241628878177655
0.00686904859683633 -0.0253586515941423 -0.325209478078901 0.321937626764777
0.00519235162382313 -0.0312886643378817 -0.528655856934251 0.31225153305583
0.0101597845276205 -0.0360717307264781 -0.551022545241006 0.237020031089033
0.0028409051670633 -0.0251913185722009 -0.398321554747495 0.172279574742736
-0.00685782842186003 -0.02063296670185 -0.26273580480068 0.0820318288164848
0.0139469280736449 -0.0252722810165411 -0.172603144478278 -0.0459412887940242
0.0154625237340401 0.00671299686604247 -0.120449988504578 -0.156946895886687
0.0211940318804483 0.00823428137891363 -0.283808039403427 -0.189162585720654
0.0165545943406927 0.0242642448405495 -0.515205345437465 -0.18985178445441
-0.115470284879166 -0.110266888508008 0.0650260111360274 -0.43696347302413
-0.0790727266570245 -0.15434605110093 0.0276250947960836 -0.347665933194222
-0.072465248372715 -0.18212515128341 0.0707909022808091 -0.219555270183335
-0.00563920908818199 -0.236257850042539 0.134682811284361 -0.0714415029880214
0.0490132099202003 -0.241108029491119 0.176943481268425 0.109191554922163
0.110333948772342 -0.213559829314109 -0.00541998935741864 0.22010803167864
0.195430110640656 -0.177620331194613 -0.305870220484379 0.265576818569969
0.214168325715436 -0.145628174438084 -0.493480967862989 0.274112926567471
0.201924941660313 -0.134128751166144 -0.524444799777961 0.220042692857466
0.15383312748569 -0.11849403319403 -0.388975015081907 0.168082905343519
0.119020223071368 -0.133524776034584 -0.279639920482809 0.0803801255695013
0.104930529636428 -0.142017697115951 -0.185105715619451 -0.0533278394634758
0.0543445866694696 -0.115930986732659 -0.139047959519442 -0.168327256881013
0.0194098482539515 -0.142645152554584 -0.311748002552938 -0.17758339133464
-0.0505499657078126 -0.115080766881408 -0.526407266354464 -0.154519752141981
-0.233346389705787 -0.222049609447527 0.1478746329253 -0.346635672471195
-0.172043518242803 -0.290216031321763 0.103789042793464 -0.284195212048683
-0.137246972886015 -0.352926919332303 0.113492096351164 -0.171828802490915
0.00180510969080909 -0.434838264980328 0.145547971114071 -0.0581434937346624
0.126022705271654 -0.430256557729037 0.167630486277112 0.0738435181876208
0.239951085203998 -0.373486626459883 0.0119711087300655 0.149437104837205
0.365656564712815 -0.290253674067186 -0.219980708331507 0.161874668207572
0.394684856993431 -0.237741346758673 -0.380189262076195 0.194255328677385
0.367115240984809 -0.236898665507759 -0.437758136305611 0.183081994500086
0.285440566596429 -0.24003234145148 -0.357503821957958 0.157427043571244
0.219779134108432 -0.286740348730494 -0.298608601844184 0.0844129912653287
0.157710597742506 -0.297869662325791 -0.215407440303065 -0.0496716265671473
0.0478554693402811 -0.253201011602592 -0.181097873819325 -0.152678016327036
-0.0206784836719691 -0.286018869834932 -0.350458368202886 -0.125988283766
-0.129141141762655 -0.236218013355745 -0.521753920027806 -0.0686831559170911
-0.295830212123913 -0.300508331515436 0.256971944287413 -0.218088242942971
-0.200323407928453 -0.397445683954251 0.202880361079761 -0.182387700550017
-0.132321840575123 -0.478338020216289 0.165240674636984 -0.096280331466271
0.064295064191603 -0.562398055962293 0.16685023660429 -0.0370801033215035
0.223358570566002 -0.53235668512527 0.17713572129851 0.017500559226534
0.354730047987228 -0.446705063864313 0.0687603739236103 0.0452383933112906
0.486976641549091 -0.338979262826516 -0.0754594065135052 0.0332852470228543
0.516500810302156 -0.292839718972706 -0.205696944469694 0.0839076920608643
0.476960600683419 -0.333028744630228 -0.300750472927266 0.109338658479258
0.365795362015949 -0.375033301486484 -0.297400522085386 0.113739286431511
0.259164098684822 -0.457832180678165 -0.307350426744455 0.0782584480710822
0.137574586658966 -0.46320296758126 -0.247630140187748 -0.02647899016135
-0.0206298475897277 -0.375345211596197 -0.219860812859553 -0.0936058057758547
-0.102759390130754 -0.392408420286566 -0.368272165826971 -0.0281063474497261
-0.211641213513709 -0.319396523512776 -0.483568386878937 0.0581531793810194
-0.29643006791584 -0.334531122027755 0.362666341690303 -0.0718341630489937
-0.167186506833284 -0.442740921343825 0.290443887751695 -0.0525873459019118
-0.0635716272101022 -0.507712536487526 0.200430724304282 -0.00162763940978227
0.154216386638561 -0.563396195524493 0.187370505984555 -0.00436271767331865
0.305556255832379 -0.508091892690202 0.20386363887574 -0.0358060139661721
0.417563533494303 -0.412825194113133 0.15876576861254 -0.0572119145378132
0.533804263907133 -0.3187535849285 0.101882080812929 -0.0870542136140484
0.561792633356968 -0.304279783163755 0.00226193773150751 -0.0409973079756609
0.516839237957684 -0.387557653757097 -0.135178001749944 -0.00502958333951621
0.373908754341158 -0.469545370743748 -0.220377223439758 0.021561940302473
0.223050500231355 -0.570353316648126 -0.300723833246939 0.0475541929963656
0.0504110825705794 -0.557561929484134 -0.261306791603215 0.00971321259448719
-0.123260941047208 -0.431507194306744 -0.226344823697215 -0.0002724058410727
-0.194449587192559 -0.430974515772729 -0.338073079345948 0.0950030876622989
-0.274699107838705 -0.350211055533067 -0.406546544717721 0.201706975816049
-0.248325793075134 -0.310159853766636 0.442060697675559 0.0707108145049473
-0.101752301052477 -0.405778695162269 0.335264792890198 0.0770461681958089
0.0163784141162596 -0.428315728240388 0.194786756764669 0.0891090636775498
0.207601421218826 -0.43591004759745 0.192120041612226 0.0344590625136798
0.315628077536688 -0.368782576349247 0.235477587711666 -0.065424248172278
0.3954010744346 -0.296126156567567 0.259736697972051 -0.121850094348399
0.491647060793598 -0.242938475572929 0.279683649193762 -0.172098361107154
0.522621732270831 -0.268831603814894 0.209924452766011 -0.162306009080141
0.478248916516195 -0.373260833274969 0.0302762294458754 -0.14142716217393
0.320398434051264 -0.467133918405438 -0.146439267524385 -0.0991543184063675
0.149243293206947 -0.558352846645996 -0.285821257131601 -0.00620707813707991
-0.0391973757842182 -0.531987698619001 -0.251470754069087 0.0430393686633114
-0.197482435074376 -0.397959098633297 -0.192608561337636 0.0953567002744594
-0.24691474662081 -0.393430976245425 -0.259630521705901 0.207813567941136
-0.291387948490556 -0.325136537877689 -0.301780849432626 0.334085658589415
-0.17811704093319 -0.229592854731268 0.485076554540187 0.183633205055022
-0.0502974395416628 -0.296618498700646 0.338069620721279 0.173879968119324
0.0495729963020864 -0.274308800637872 0.160858640544164 0.145487736836357
0.179060523979345 -0.25375794069257 0.181517372142073 0.0649368684065555
0.23993863370734 -0.190783750272652 0.256596736022335 -0.0688336841837655
0.292575593623271 -0.152114464522026 0.336824723699636 -0.140715120446845
0.371836888369635 -0.142340061481295 0.422313559752761 -0.214280474147732
0.406809926536991 -0.188973461180475 0.386468769903843 -0.259634374610524
0.374102258419578 -0.284171367267685 0.171846760271769 -0.266143433991908
0.235657306589899 -0.360129068471711 -0.0852377126701014 -0.208455806946703
0.0838896954367745 -0.427761666107835 -0.26810510231009 -0.0624676050585488
-0.0732439520421747 -0.401577385121063 -0.226825824405878 0.0616488266686083
-0.194079370709724 -0.294543392270152 -0.139225022580769 0.167375855420057
-0.224991157964816 -0.298022651368663 -0.162420052561633 0.285252101464171
-0.243002099430165 -0.255161285918402 -0.191734129598688 0.433792673573027
-0.107158484815575 -0.105645070860061 0.510186661929883 0.244238577775693
-0.0343264235653577 -0.152512542725549 0.32661677014266 0.222593229121462
0.0222441796066678 -0.117615071205609 0.131852540964457 0.167831751871949
0.0860557124943888 -0.100539025974736 0.172470465267725 0.0813321480549774
0.113672116390845 -0.0524361478390478 0.265577156342282 -0.0618696083694406
0.149595778165032 -0.0355170895899736 0.382082356540164 -0.13371896244457
0.201063815331956 -0.0460260260658049 0.512341653272616 -0.224229620952194
0.231061800028318 -0.0833733134797698 0.50450903475892 -0.321445823458088
0.220479516926755 -0.137388648509675 0.272482072868306 -0.34855223589881
0.136343507397107 -0.180736909901365 -0.0394967666990577 -0.278448964713408
0.0444591010275186 -0.223120056673698 -0.248873366707768 -0.104066489939835
-0.0483309720813798 -0.216579524329115 -0.203812152591124 0.0683557521775403
-0.122681633373244 -0.15813875110059 -0.0937008751054625 0.212664660194838
-0.140248203770851 -0.1706999091334 -0.0799712830922205 0.326916508889015
-0.142618229682423 -0.151812328432145 -0.10428004484441 0.494021348111524
0.0321017498523952 0.00215367309895414 -0.0314704035175238 -0.48258854594265
0.0434181889579266 -0.027050601138262 -0.0476880223555355 -0.371108419823556
0.0361319651253884 -0.0125953817918746 0.0228090098913552 -0.249590739229461
0.02834886858464 -0.0204882717927272 0.129345962249668 -0.0998090593166882
0.0033398376764145 -0.0156505371504998 0.209405817159684 0.0909389914962822
-0.00667213030809413 -0.0025396000294911 0.0349678119358426 0.236278436323037
0.0024949249425932 -0.0196794686111047 -0.283637759360316 0.357254053383982
-0.0017231581676916 -0.0222902395714662 -0.483857666639516 0.36633607195456
0.00397001184319788 -0.0297734526726177 -0.525004078741625 0.288940461239263
0.00260389596439975 -0.0206169622372201 -0.382806026446246 0.208478773686484
-0.00816822797661121 -0.0163389938474715 -0.252951749700507 0.105934930778099
0.0105007922671673 -0.0246194685262189 -0.176995316693728 -0.0296516481464256
0.0150806641215155 0.00755149001608417 -0.13573772218741 -0.145965183370185
0.022519096494756 0.00992730177961555 -0.301352110136387 -0.163479125720895
0.0192649188501885 0.0276691129671754 -0.52339531047836 -0.145503794387887
-0.133166922350632 -0.101912781472037 0.0201175517187742 -0.440433378449669
-0.104053319510779 -0.148307052668486 -0.00684508304561644 -0.347507471237722
-0.097727060636565 -0.174855987994117 0.0548948650262716 -0.22471005295254
-0.0369312058052114 -0.234772075285782 0.136478861043855 -0.0793647788141042
0.0234323718662444 -0.24323072225128 0.197630276507781 0.0922437989356694
0.086300443006983 -0.217684922861379 0.0248165851056042 0.223555882322076
0.172503414435323 -0.19867421482087 -0.276942543820658 0.306907542694988
0.192146251267651 -0.158026840347731 -0.452909709633584 0.328820300058699
0.183812707727697 -0.151499831316629 -0.500337525741843 0.27105491704289
0.141580524030922 -0.131489779460667 -0.375571168559903 0.206258033139997
0.102198230748857 -0.142209863362201 -0.27108171357836 0.108380429811154
0.087519186760045 -0.152399079954592 -0.192044965223273 -0.0328721584039602
0.0401109707846964 -0.118163887281973 -0.157766485264409 -0.152727595582047
0.00483490316760316 -0.139993860663974 -0.332298712044014 -0.148313794357352
-0.0619049795327318 -0.104987910297904 -0.536343528167495 -0.107265577504581
-0.26458630415771 -0.194939488828886 0.120360070859783 -0.361944161142619
-0.211839540903793 -0.268245943921794 0.0850281499606931 -0.295971519521673
-0.184106960908259 -0.33460615287669 0.113054750443695 -0.181687862575934
-0.0566949967889122 -0.432104737690365 0.157306747269791 -0.0613067766383701
0.074595533597176 -0.438973826117014 0.192135753944299 0.0642721629918855
0.193840989230342 -0.389324088709262 0.0381466888332724 0.158009020009237
0.32892679746232 -0.33554144130338 -0.210457672823538 0.199806572707781
0.36007154148321 -0.26984042243897 -0.349952223262788 0.240131400518091
0.336230576636288 -0.275001728193972 -0.416947107620603 0.226888860645434
0.257918907673004 -0.2682120563723 -0.346366594372519 0.194891250870535
0.184113390748524 -0.305404166848531 -0.290071190734692 0.117802940024508
0.121205849995908 -0.313514638616169 -0.222698615506998 -0.0220519418135828
0.0194521323973319 -0.253149578431311 -0.199171289406961 -0.129429936390806
-0.0493387520681973 -0.277472174228582 -0.368986415586315 -0.0900316505070937
-0.151942682411396 -0.218576740015962 -0.524981538434408 -0.0174149044007579
-0.333333230149359 -0.263475105653168 0.245409527551224 -0.249274228212697
-0.2518852910929 -0.369244124568345 0.199637329969186 -0.206597022387771
-0.195194554960295 -0.459243299989561 0.179213084122393 -0.110355449105183
-0.0134477017090037 -0.56624595430132 0.185144865834564 -0.0376550085863689
0.158962576710219 -0.554303654837535 0.197003241799253 0.012898154739915
0.298672812963675 -0.480414862248277 0.0823941876089953 0.0537716593783694
0.445906545147389 -0.403850712707836 -0.0868484831793075 0.0581838469601721
0.475623591404356 -0.340387322467993 -0.190498723902341 0.114854867257158
0.435544875344514 -0.38599452970275 -0.287219940693992 0.141733905672851
0.321556232805324 -0.413555243740816 -0.290275379943471 0.148547376567257
0.202621626989627 -0.479110729700487 -0.297894337510452 0.115520762455176
0.0804121738865327 -0.477605677418236 -0.252202387602499 0.00787868062904419
-0.0608950712920733 -0.366539101747052 -0.232114014527192 -0.0631983617193309
-0.141696226978567 -0.375573964721796 -0.380951030877427 0.0123492312032829
-0.241639268828269 -0.293559661713616 -0.478703416917213 0.107745302344179
-0.333443304026315 -0.296610594317923 0.367684103878469 -0.116766890520731
-0.221065530856408 -0.417016188089359 0.302716543941833 -0.0859096895547788
-0.128294926712762 -0.4971550317476 0.224431624592395 -0.0158743622616006
0.0746096258106966 -0.578912689685388 0.20706559092856 -0.00282183289446453
0.241955405551601 -0.541006921725527 0.215255750909657 -0.0405673411927263
0.36499979284883 -0.456977288752006 0.158131219549961 -0.0550253079831362
0.495944441495581 -0.393386623665786 0.0730981307500638 -0.0815512316521301
0.51953619483532 -0.360320720109302 -0.000393306735572706 -0.0302947498120879
0.469313662700793 -0.449320703873813 -0.133376015160844 0.0120259852031855
0.316688629748361 -0.510473570660455 -0.22114701198465 0.0517385663974809
0.153115571663324 -0.585864496257586 -0.292804169330357 0.0855134745398488
-0.0161053342450926 -0.560794106596643 -0.260585801976364 0.046921728269634
-0.168671994189445 -0.412666784117224 -0.228173711622581 0.0334274093798096
-0.235384437992625 -0.403268542509116 -0.340422767914975 0.135181724649003
-0.306644159572681 -0.318154000341613 -0.390079524046543 0.24521685151697
-0.279335822118896 -0.277146976713068 0.459565968025715 0.0155870178883399
-0.152025341326121 -0.387683982265958 0.360207583020797 0.0383118637415685
-0.0377596817653658 -0.42722770129494 0.223790598641153 0.0761543972238529
0.146419593128877 -0.461669549907693 0.209200001312515 0.0340893929634103
0.27167190279288 -0.405453217014078 0.237508465337195 -0.0748933070750789
0.358601268285257 -0.341532585523926 0.245885783775297 -0.132203062175751
0.466778081762323 -0.314342019224317 0.238661868879301 -0.189435209391593
0.485008648456671 -0.323317826624457 0.190831146280503 -0.173148717024989
0.432507598013143 -0.433492331142811 0.0180837017183275 -0.139765001573678
0.263281424829706 -0.501745509974855 -0.156904628053978 -0.0761423975110474
0.0814740092228591 -0.567669993147619 -0.281760782395939 0.0305510463472296
-0.100902544676238 -0.523790485679619 -0.245804016249019 0.0783320316170959
-0.236776027051673 -0.370949773257705 -0.182957061967534 0.124835586532965
-0.282624894258576 -0.363355203573663 -0.249388415204899 0.241511257409371
-0.319290069352053 -0.294087461112416 -0.27467474493143 0.367627650841484
-0.197435128666897 -0.20527455557468 0.510051376113542 0.122248427467249
-0.0833847516214039 -0.28522270557629 0.368196172154132 0.134082932493315
0.0159422998974418 -0.278098905196438 0.188100893154592 0.134391503903908
0.144488737544879 -0.276178387955765 0.194255959427068 0.059131480888962
0.218082380322645 -0.221816062640949 0.250785981129778 -0.0858475662428159
0.275923962590726 -0.190494614090634 0.316610983789661 -0.164339142897892
0.358926419061675 -0.200519850971735 0.376864922215411 -0.251289735523793
0.380400609473419 -0.235643559740761 0.352998597807073 -0.290867315713875
0.338325725593932 -0.332115084147008 0.147191578803607 -0.277426342540714
0.189521676663663 -0.385555517431976 -0.104411154053795 -0.193106985020229
0.0322851019675258 -0.430098558460682 -0.269369853917062 -0.0299258243358549
-0.120079118174117 -0.391244470167071 -0.219364101652725 0.0918520435768675
-0.221663730300922 -0.27057636799323 -0.121958375052947 0.189204207508734
-0.252443599537067 -0.272233102022868 -0.142803003348296 0.309754619721477
-0.26494206584377 -0.22956369039088 -0.157350713404822 0.456461203977792
-0.108382355008756 -0.0917635278731726 0.535097294429315 0.177575199823897
-0.046969902254721 -0.144778798993613 0.356467004307194 0.180150351965293
0.00990899725172702 -0.11888541390911 0.154724606501972 0.154272409511212
0.0743316060418097 -0.111306424876149 0.183729281287063 0.066793444200589
0.110827883868898 -0.0697841997336289 0.256268647343728 -0.0873078605047952
0.149688058029294 -0.0602160164047669 0.359577672749788 -0.168052518910668
0.200892623211473 -0.0815523280479747 0.470748258002301 -0.276489174465022
0.220629379471391 -0.116060848685607 0.462410817950069 -0.368016263995982
0.202129730166932 -0.169861173677194 0.238078492237055 -0.371722219322413
0.110955986495511 -0.1957614616786 -0.0643778508560015 -0.271898915391317
0.0162556734511104 -0.223104614471505 -0.255661805064794 -0.0769045281742832
-0.0731623506550094 -0.20841325742622 -0.196382066133858 0.0913391940041299
-0.135379095647342 -0.143270393917111 -0.0725954854691189 0.225096495617581
-0.154566868715954 -0.156407310687542 -0.0539038921140593 0.341342722160558
-0.152659776780675 -0.137692364223961 -0.0641570207532995 0.504030273296294
0.0324588487026272 0.00170232494744288 -0.0373008825974946 -0.481467691069735
0.0434940205970185 -0.027777095551203 -0.0529140479495353 -0.370071784830478
0.035708361154854 -0.0129111790465711 0.0204749513831066 -0.250023388791064
0.0276965749397117 -0.0206043486674312 0.127815791912962 -0.10057816241272
0.00279094066174223 -0.0158600105255363 0.208864844425602 0.0880139648606458
-0.00699382931675068 -0.0029595094640539 0.0368493028464702 0.235371621493529
0.00216805218383513 -0.0198016853224724 -0.279357273443502 0.36070696144425
-0.00196224508879335 -0.0229525699967461 -0.477239246193252 0.370367660254394
0.00339073055172887 -0.0294722645212223 -0.517615881807435 0.294761519514229
0.00243104104947166 -0.0205491231032846 -0.377132758339241 0.212273995901281
-0.00774493645195927 -0.0156212985475481 -0.250580447596429 0.108430124736548
0.00968900337996486 -0.0248595989693824 -0.176939782767804 -0.0267228410573734
0.0154870043557965 0.00678021244611429 -0.137960185476019 -0.14395291241069
0.0229583674578124 0.00937154660639297 -0.30223373295012 -0.158263543890279
0.0196798015094274 0.0271476898066817 -0.523781886131078 -0.13669641711196
-0.13377335344006 -0.10003298619336 0.0153223257548712 -0.439553335665381
-0.105522825629203 -0.147095149645911 -0.0123458955578316 -0.348013491851796
-0.0990777436839496 -0.173109470694769 0.0510297752288485 -0.225073199658735
-0.0396785801423959 -0.233761055337669 0.134459103630019 -0.0808210260811478
0.0198760685814702 -0.242932463239698 0.197927199057555 0.0892683292538043
0.0826643091014105 -0.218494172727294 0.026508353419906 0.222508861598956
0.169611178504863 -0.200592473246069 -0.273605033825567 0.309388459496016
0.189812135994294 -0.160398488866918 -0.448401196429437 0.331694655025089
0.180982796622916 -0.152956075293857 -0.494475096356905 0.27630935871796
0.139530715894246 -0.132741979947424 -0.370160772310935 0.210024860804989
0.100162787802788 -0.142817403449959 -0.268241480023363 0.111349460593338
0.0844575845665351 -0.153147472019031 -0.19183368175397 -0.0298907500606803
0.039242190196712 -0.118774410648476 -0.159779863376355 -0.15028712455398
0.00286841270251294 -0.139558638456534 -0.333390490091641 -0.142967912193381
-0.062305432483112 -0.10347172678275 -0.534060446584369 -0.0992595331505672
-0.266023492944409 -0.191202231594389 0.116071641228035 -0.362594370583416
-0.215181450223887 -0.265164260824465 0.0799739526509477 -0.297933030714976
-0.18891827091535 -0.331281183718168 0.109858380965593 -0.182028914567276
-0.0636496507459393 -0.430379683783889 0.155882773790801 -0.0631253220387593
0.0686400626494885 -0.440181626225624 0.190705634405129 0.0612948114572304
0.189185742294324 -0.391590838184534 0.0389120322265854 0.156999618047297
0.323231176339997 -0.338756732550559 -0.208386396834028 0.201343015368173
0.356352672011736 -0.273814194096801 -0.345894579766302 0.24344483376747
0.331316524732191 -0.278000851246024 -0.412421393278962 0.231556600049526
0.25365678501435 -0.270125451713596 -0.341901917406694 0.197421915792281
0.179820711088238 -0.306434030131717 -0.286755584242786 0.121159603696704
0.116423955004947 -0.313863466164873 -0.223036955238805 -0.0194526276626358
0.0173325470123278 -0.253494123973787 -0.201507873637727 -0.126248171840179
-0.0526975083526674 -0.276080952481843 -0.369253722715883 -0.0842428271875865
-0.153641729941238 -0.215468849038933 -0.523502606625084 -0.00957004363185623
-0.334280009347551 -0.25899522868171 0.241807378171517 -0.252695803552212
-0.255855635826828 -0.365193636666217 0.195945913087236 -0.209938449882721
-0.198067356738725 -0.455014012342466 0.176842463056715 -0.11264240336659
-0.0203473977657246 -0.565861574524125 0.183808113290057 -0.0397584805722118
0.151507595665464 -0.554911999797222 0.196047072401851 0.0098688095189108
0.2917985145359 -0.481488499604542 0.0822810801955414 0.0522249897243662
0.440066547780838 -0.40809168201297 -0.0867144298512191 0.0582253953076526
0.468701305079584 -0.347207304734425 -0.188430188078735 0.116489999651154
0.428047641942429 -0.388607393656134 -0.283927542933626 0.145144211404916
0.316443644193647 -0.414832286339355 -0.285962435237186 0.151251079602967
0.196309042086354 -0.480481706924424 -0.295292273687316 0.119254303125584
0.0742374848001476 -0.476424615938487 -0.250958482201882 0.0108883693872665
-0.0643890519031567 -0.36551504042426 -0.233802176511163 -0.0596980953836522
-0.145460238389585 -0.373009892065922 -0.379406484354288 0.0176599944657642
-0.243840870403706 -0.289156012537282 -0.474973551889533 0.115148424157815
-0.335537971030353 -0.290988117748945 0.365562127225371 -0.121343966248082
-0.225954068572078 -0.413052930422201 0.300466087130291 -0.091085074635675
-0.132705091660251 -0.494452957598919 0.222441911547258 -0.0185847707180616
0.0680197534437585 -0.579326706343567 0.2063689239526 -0.00499718873833562
0.235006452368782 -0.542352251178298 0.213777161765668 -0.0429091716963739
0.359859886784352 -0.459420413926107 0.155748622460794 -0.0569504787199204
0.490097859731652 -0.397515785524965 0.0716689797423428 -0.0826454994534823
0.513554737124346 -0.366118226290374 -0.000979968422509403 -0.0306972845264986
0.461100116154849 -0.45276368806289 -0.132488122805432 0.0145162051370253
0.310568804199665 -0.512252276437353 -0.218437167525933 0.0540108804404396
0.145142188749951 -0.585275555740716 -0.290516840974289 0.0892664386627206
-0.0236239120120662 -0.558224525270758 -0.259592589468258 0.0500106176093842
-0.171812142516852 -0.410354684960381 -0.228528236608783 0.0359948523052778
-0.240343228074313 -0.40009289739433 -0.336664573877677 0.139651633573825
-0.308771595102364 -0.312264204413151 -0.385482582920353 0.249889490205255
-0.282289447507295 -0.272648705637929 0.460003711785352 0.00842926928029999
-0.154883966121762 -0.385054938190729 0.359164137122236 0.0328129675018918
-0.0426640794517978 -0.424823289148174 0.223326772187194 0.0729197004074596
0.140945133216205 -0.46272754745563 0.209315644918877 0.0319711035913944
0.266071170562281 -0.406027138219433 0.236014534718245 -0.0781962865831121
0.354489796207415 -0.345376322550564 0.242753704185582 -0.134913591805762
0.460083094317817 -0.318204056675882 0.236389303565509 -0.191826333113378
0.480270134751105 -0.328668872623656 0.18782178263023 -0.174767209548585
0.424592259948389 -0.437177101025857 0.0166452541616235 -0.139112279007484
0.255719782555492 -0.503155072961628 -0.156615838883334 -0.0740651392894871
0.0756267977702232 -0.56567065270787 -0.279726944303365 0.0335605972378542
-0.108868741297877 -0.52103791914041 -0.244533928524191 0.0812116492771242
-0.239308495070082 -0.367935811346762 -0.181905726091338 0.127200525417983
-0.286709460950813 -0.357727160172544 -0.244993032918996 0.245391749087337
-0.320604771494803 -0.289279904123156 -0.268795707951974 0.371400211598994
-0.198868253470514 -0.201877053862229 0.511462594070789 0.115406775728647
-0.0867190218650536 -0.283469162274923 0.367719675221489 0.128752736759337
0.0126348860902466 -0.27786636168217 0.188460289351974 0.132563085092194
0.141152940984824 -0.277031933006545 0.194961603949111 0.0559383468571797
0.215247835972493 -0.223322097154473 0.249039926518483 -0.08975226763845
0.272818714103191 -0.193321967810713 0.312962086429186 -0.166608436717326
0.355184760280225 -0.204362705513869 0.372907497998385 -0.255856943210433
0.376064030738803 -0.240505303682474 0.348083914986161 -0.294358840931946
0.332418093491441 -0.335935286155498 0.14339104293611 -0.278227769617756
0.182975203814885 -0.386395246251329 -0.105491926953498 -0.190824648298823
0.0274019368638614 -0.428209045558217 -0.267526389912997 -0.0265964527883955
-0.124187525983443 -0.388015421130385 -0.21813582129422 0.0938023152617489
-0.223193014460242 -0.267431327150187 -0.11993149256508 0.190336654263785
-0.25443138452254 -0.268583924582831 -0.137967920742432 0.311474126548949
-0.266553695234259 -0.225104198823764 -0.151224591436058 0.458559294362112
-0.109004100840997 -0.0898352224029916 0.534719784567429 0.170621231222333
-0.0492931273072659 -0.143333701750183 0.357373817036229 0.175959345989942
0.00853592039892326 -0.11899857988651 0.155586652760873 0.152681611203295
0.0724282804273593 -0.112248761535705 0.184438013850259 0.0643777592110011
0.10996535003923 -0.0704415659879677 0.254653701494805 -0.0906530389173148
0.14913076158833 -0.0614988241360601 0.355966858708631 -0.17265875758174
0.199158498430672 -0.0842911371177397 0.466457904524287 -0.282475763945082
0.217984316158542 -0.118571069919839 0.455832128468329 -0.372302027642672
0.199194741555571 -0.17158506129404 0.232467589628393 -0.372894545337461
0.107916585234071 -0.196466911151599 -0.0668116370228625 -0.270248575271823
0.0134263165078714 -0.222696038213889 -0.255026954013928 -0.0727246952786297
-0.0757365792876172 -0.206547333079409 -0.19488565499087 0.0935698715544982
-0.13604583032627 -0.141772827877399 -0.0700733656575738 0.225454305652557
-0.156210385112771 -0.153761155295611 -0.0493208748991738 0.341595719788481
-0.15415014033346 -0.13462387724362 -0.0559191368299045 0.506324359193037
0.0323709462499404 0.00151282991880031 -0.0444389934429888 -0.480793498016073
0.0426229431842612 -0.0288132468241693 -0.0571289791046272 -0.36868583960265
0.0355439402416857 -0.0134851898017962 0.0169037245546161 -0.249046241387006
0.0274260754454777 -0.0211949686034483 0.126636876598839 -0.101817681825772
0.00272129694147386 -0.0155754353030876 0.209599017356688 0.085050483403603
-0.0073965388696341 -0.00309166801153206 0.0393055878207084 0.234585191386031
0.0018613473897626 -0.0207971471777347 -0.274788311556486 0.362366710396717
-0.00228636858404025 -0.0233158927164254 -0.469586863916324 0.373831902550557
0.00294448415038874 -0.02995644748293 -0.511019444094975 0.298729463841774
0.00229819773604884 -0.0207021199593276 -0.373772461992079 0.21433483908392
-0.00779914371523332 -0.0154258646329351 -0.247844974105148 0.110496530539283
0.00928993754131893 -0.0246025458915747 -0.176608443612744 -0.0239056011538757
0.0155010592157272 0.00647466220156387 -0.139555659090316 -0.141525664174614
0.0229136531473484 0.00903892171092869 -0.302093115450723 -0.153065799544797
0.020767253450094 0.0270585415365034 -0.522661474499139 -0.128772022094288
-0.134674799742168 -0.0975271814174663 0.0088580829440341 -0.439850633685287
-0.106411429265584 -0.146025556640976 -0.0164849781795093 -0.347437842199848
-0.100179955763674 -0.171715499277523 0.0482686069680845 -0.225549006324508
-0.0427226484107933 -0.232628006526293 0.133152425340955 -0.08145833711807
0.0175658667187169 -0.242330356028297 0.197433267810386 0.0864652497482872
0.0801432676885123 -0.218585082887773 0.02789261704962 0.221295457855566
0.166241127516293 -0.201957731632331 -0.269287575652659 0.311435521725153
0.187412095458813 -0.162919655541006 -0.442390752912241 0.335245511043723
0.178121292871277 -0.154260781371919 -0.488292366083729 0.281307946673091
0.137068750152277 -0.133547067541214 -0.366814032534746 0.213080287870068
0.0984286854042006 -0.142814529878154 -0.265670259849718 0.11437586830557
0.0821522214245705 -0.152673298379181 -0.191604629665464 -0.0271183675222361
0.0384267931696725 -0.11900352686947 -0.162078016847518 -0.147486012317141
0.00178496279764893 -0.139292373081718 -0.332459199373939 -0.137456199446756
-0.0628046140232984 -0.102682097253903 -0.533043912390161 -0.0901912974428102
-0.266314502081652 -0.186749376992189 0.110769776348757 -0.363618601372707
-0.216637269026235 -0.262897857582393 0.0750523361483844 -0.298847031170453
-0.190174476174399 -0.328016924376374 0.106110219038805 -0.183369743310926
-0.066630425107527 -0.428732746221218 0.153633020779965 -0.0642609479355677
0.0640909458022754 -0.439078122097203 0.190049188223397 0.0579504953556039
0.184141858249713 -0.391885497490202 0.0398341135981949 0.155562786195209
0.319611251435814 -0.341606840637687 -0.205671083298983 0.201989665043084
0.351958540305785 -0.277524422866592 -0.341579464206826 0.245460839621218
0.326843933800689 -0.279934429098156 -0.407287220056484 0.234456891182933
0.249219260167199 -0.272174634028423 -0.337710197450702 0.200762084992538
0.175629614265875 -0.307510919560498 -0.284381347849119 0.123630207269595
0.111783073029711 -0.314054745916482 -0.222785070948568 -0.0165401754947629
0.0152126422296374 -0.253796289107189 -0.203560213017275 -0.123324976284136
-0.0556329952990596 -0.274625458533445 -0.367839579573403 -0.0785655376425652
-0.154724425518824 -0.21222519490849 -0.52072045792063 -0.00268203332716486
-0.335605036628532 -0.253856592715097 0.237920111181593 -0.254765601964117
-0.25820014183277 -0.360935137694215 0.192542311107884 -0.212593243749315
-0.203323881912286 -0.451250178118747 0.174343648584041 -0.114101810289543
-0.0264558137470951 -0.563550874009541 0.182588321958474 -0.0413516700875836
0.145294222918332 -0.555784533059031 0.194172813246614 0.00731765036263925
0.286307808914552 -0.481413604326026 0.0819375084461503 0.0509614580218784
0.433787893614278 -0.412155352153473 -0.0860821786417872 0.0583407115084134
0.464173925399973 -0.351218680185485 -0.18632161856192 0.117682637764843
0.421471442659382 -0.391959945889451 -0.280819055756801 0.148525359472849
0.309353394626776 -0.417810159897619 -0.282555346432586 0.153700355805179
0.189731542524615 -0.479233727869491 -0.29188181441805 0.121983437840695
0.0684441199443442 -0.47483157453464 -0.250771020639373 0.0139943051192331
-0.0664685141042725 -0.364507214001082 -0.234956709076864 -0.0566165440326757
-0.148895832832403 -0.369111491709869 -0.376813222038783 0.0234351658152982
-0.245406502884316 -0.284390351648748 -0.469913447541564 0.121868870557804
-0.337990555352971 -0.286139962583451 0.362369049198493 -0.126792086692185
-0.229897484499936 -0.410211331773554 0.297319627570302 -0.0948748645738256
-0.13901404959766 -0.492020773633223 0.220866103667177 -0.0204445167016779
0.0626340325628775 -0.577418758056806 0.204985317718268 -0.00779419459686707
0.228744511706073 -0.542663426491309 0.211259356837312 -0.0464246797134031
0.35217376971853 -0.461343164454183 0.153471723122202 -0.0587473476915583
0.482214014112105 -0.401537990315776 0.0694586817504578 -0.083634435399672
0.507973766227234 -0.371739845936376 -0.00127071258770601 -0.0306386815963474
0.453215191671967 -0.454843040134434 -0.131508965533717 0.0161944234580467
0.302815152375212 -0.511805772220114 -0.215638279133584 0.0559116598180973
0.138978480945343 -0.585096615090437 -0.287451678784687 0.0920593167401239
-0.0300761371603597 -0.555896006715685 -0.258274348150649 0.0529263724487802
-0.174953212611897 -0.407343028126185 -0.228093795229497 0.0385631670729316
-0.243507791786132 -0.396411059800651 -0.333061971748773 0.144186726714902
-0.309762728389668 -0.307824891513585 -0.379318072145346 0.25470300353812
-0.28499879644602 -0.269005729806148 0.457750632023411 0.00301295837246901
-0.160155539389967 -0.381085786738545 0.358070099656583 0.0273356321255988
-0.0472014357027028 -0.423572589610168 0.222834861213677 0.0709923254259493
0.134799386359526 -0.462234921397031 0.209316166532447 0.0290949780197172
0.26006949340106 -0.408106683815504 0.233513818487045 -0.0801758287702575
0.348225942155743 -0.346063018603259 0.239524812737683 -0.136470874773771
0.455148406061638 -0.322652755205793 0.23189491925753 -0.194256133677545
0.47461156350885 -0.333760500067263 0.184449264205477 -0.176286335150453
0.418278087065433 -0.440137438744222 0.0153716441837268 -0.138268766382048
0.249988675401827 -0.503360682522121 -0.155232420995132 -0.0723034836115083
0.0680111301462341 -0.564852547099178 -0.277843133821757 0.0364665669162748
-0.113427227136611 -0.516991641484428 -0.243094659097576 0.083170199130712
-0.241562595705296 -0.364552970794024 -0.180598008272265 0.129011274340871
-0.28915693963778 -0.353470846905464 -0.240678003532688 0.248024310638579
-0.323488230031067 -0.283191811810576 -0.261295318382338 0.374329190470542
-0.200415537643345 -0.199028929913832 0.509378741574894 0.108388689724391
-0.0900831276918357 -0.280972403485272 0.367967739866656 0.123060501928114
0.00947760513330553 -0.27717245929485 0.188966658934403 0.130311875829363
0.136998344308102 -0.279120722074296 0.195287104341077 0.0538722454564018
0.212162088276248 -0.224574458885233 0.246599116408945 -0.0921618696533619
0.269894433177508 -0.195047317070552 0.308372596365 -0.169081781200277
0.351665295030484 -0.207378810757341 0.367606105563769 -0.259199214584073
0.372260082116 -0.243617918777025 0.343827425004014 -0.296873545800678
0.327459319998429 -0.338167928254508 0.139590688614357 -0.278993886164216
0.178935642570256 -0.386498478068172 -0.106150719745385 -0.18973386411815
0.0221601584635307 -0.427266331579806 -0.266897455785076 -0.0232573317804936
-0.128992997684334 -0.385172214984489 -0.216497965218138 0.0957072938136505
-0.224886566842454 -0.264251057597928 -0.118233370458444 0.191628417025442
-0.25777698823546 -0.265297641840646 -0.133082373946532 0.313360701636256
-0.267978759761622 -0.220780966803507 -0.143410362909224 0.459806813752085
-0.109149316837773 -0.0881948049032802 0.534607966886222 0.162901025171862
-0.0507743092741267 -0.141328194266141 0.357738699753824 0.169561667357588
0.0070847286993313 -0.118088473058205 0.157020376827842 0.15107619058444
0.0698446951660493 -0.113239990310547 0.185212496446703 0.0622984264223821
0.109103248263677 -0.0704175052255216 0.252142310292021 -0.0936210584593759
0.147965639635074 -0.0630535302434246 0.352274644343329 -0.17401617533704
0.197458174159574 -0.086087321468084 0.460974679456101 -0.285929160910199
0.215840424017493 -0.121139426095286 0.449125178159923 -0.375841245093982
0.195899134688466 -0.173762975206771 0.227067120720733 -0.374770409343929
0.105643932756778 -0.197287012551402 -0.068114930350142 -0.268834279769951
0.0112520058413983 -0.221526206912114 -0.254312569300589 -0.070112996909766
-0.0781685291302519 -0.204836149919767 -0.193753218148998 0.0957575097447847
-0.136766861805146 -0.140234063566723 -0.0676594390458254 0.226027589092946
-0.157084927983953 -0.151375562375881 -0.0445735449350529 0.341427948881503
-0.154575348289164 -0.132111861116103 -0.0488437830546932 0.505139166806984
0.0323456450242181 0.00102230333596051 -0.0490598784563845 -0.478029483189447
0.0421683576038637 -0.0296548156173511 -0.0615497834514307 -0.367346556890646
0.0351463588601675 -0.0139935768454471 0.0139886426870278 -0.247930866934102
0.0268074306528952 -0.0206194605060532 0.124385124129835 -0.102132722280293
0.00207575359282077 -0.0158979177837701 0.209190898245868 0.082140696183546
-0.00726285487507151 -0.00319047995355316 0.0404818977361858 0.232902475715601
0.00123506282354585 -0.0207736980086221 -0.269888191555473 0.363476551929394
-0.00271130738265029 -0.0233901250816168 -0.465548170782087 0.37694302612925
0.00252177841148379 -0.0301808292550135 -0.504314862700232 0.302947675446098
0.00190651762223445 -0.020904329004573 -0.367626505859556 0.216316144339996
-0.00745572386206924 -0.0150047444574273 -0.245025737739751 0.112566463397128
0.00848757367023742 -0.0242023814454746 -0.176130911067003 -0.0213189427912267
0.0158601072537459 0.00604103301600553 -0.141154285987644 -0.139100864275036
0.0228083597241001 0.00874384426730511 -0.301843665315137 -0.14816487851567
0.021441701486886 0.0262860039526592 -0.519839455279976 -0.121860637538081
-0.134761491291892 -0.0958451686336821 0.00373209636545935 -0.438060199459485
-0.107730643208771 -0.144677087706465 -0.0209885514655599 -0.346132279868763
-0.101083280978741 -0.169914424292201 0.0447598534268879 -0.224780087917802
-0.0443884869583074 -0.231359231110122 0.131032354935436 -0.08260493474795
0.014674896137551 -0.241636703141496 0.196566725177855 0.083208536823082
0.0775357796891151 -0.218832569817661 0.0294151012658473 0.219836458493556
0.162757293285816 -0.202296216715355 -0.264993381495742 0.312265651318748
0.183721706654236 -0.164202153488296 -0.435019260934155 0.338844930251682
0.174896151747811 -0.154798114113257 -0.481402344955068 0.284692190652462
0.135250832380557 -0.134119370017175 -0.360159523142357 0.214239204876086
0.0965512946967466 -0.143207662853471 -0.262934823908187 0.116242585715071
0.0795989640051694 -0.1524546878654 -0.191483536275633 -0.0247370935341732
0.0375430259672598 -0.119258049079257 -0.163309082052544 -0.144854478609338
-6.81288427162308E-05 -0.13838885326876 -0.331712412164177 -0.131723421235812
-0.0629179534153685 -0.101005920515657 -0.530107493791063 -0.0836190489632554
-0.26677820512353 -0.184198738168327 0.105639089784508 -0.364656532619893
-0.218512687591097 -0.259240678164006 0.0712876902893821 -0.298906808063343
-0.192638053254423 -0.324029204030038 0.103571086049861 -0.183833671411959
-0.070716238362008 -0.425834376088276 0.152172992368794 -0.0653282890479569
0.0596274387109769 -0.436782541062973 0.188608705621528 0.055211764165577
0.177766377361574 -0.390993041041895 0.0400161945180618 0.154451466750571
0.313166147619953 -0.342780073314717 -0.2027173220897 0.203565231565048
0.346196860867235 -0.280834218111333 -0.336572322738428 0.247798948501262
0.320480308877761 -0.282418292157927 -0.400573969180315 0.238481202175591
0.245255710494371 -0.272298049526228 -0.332595854333578 0.202632181303583
0.170962282334567 -0.306439820418495 -0.281131925740768 0.126082893925673
0.107203578495102 -0.313015837592037 -0.221422923012311 -0.0134624739725946
0.0135087191972289 -0.253103771536361 -0.204942964717741 -0.120626146490305
-0.0581151348240566 -0.2727699032245 -0.366564339638748 -0.0726583659850384
-0.155522467345577 -0.209331046218907 -0.516371548934535 0.00357736731680789
-0.336368730978273 -0.249298522189452 0.233909035769786 -0.25823203080233
-0.261059800783138 -0.35769789552539 0.188334981999536 -0.214917513772495
-0.205680212553678 -0.447581746773005 0.171052519589178 -0.11537423626025
-0.033312769494348 -0.559682644244224 0.180939525964313 -0.0428625120769351
0.138900225620391 -0.55387564777185 0.192236742404482 0.00474499637794638
0.279054979681799 -0.484073335179717 0.080404164929464 0.0498007056946718
0.42647223978055 -0.413960991297362 -0.0851990398963054 0.058104607750641
0.456251761818613 -0.355781215264076 -0.184321193112526 0.118392515885562
0.414369202101968 -0.39406079989835 -0.276261526493006 0.150260281139585
0.302699748720568 -0.417001109311352 -0.278405866750544 0.155646306645466
0.184719822787401 -0.479028349365331 -0.288829333842667 0.124506172729062
0.0607638183569087 -0.472053223863756 -0.249048632484308 0.0161004706438251
-0.0686314077914627 -0.362987034150443 -0.235584437713741 -0.0538928421012053
-0.151788281513155 -0.366170207776667 -0.373787080264611 0.0281300205134604
-0.245734778511466 -0.280716588097941 -0.466273545888683 0.126168325363611
-0.339157910699741 -0.279888980498959 0.359627082875324 -0.131299274713669
-0.232799294866096 -0.406003780943558 0.294373681918111 -0.0989405923257802
-0.142624507468087 -0.487922391163858 0.218921159685558 -0.0226110484715114
0.0557831021369115 -0.576952660672915 0.203956588034723 -0.00994747892912087
0.222034589015825 -0.541744023119436 0.209127019105023 -0.0482164971008557
0.346892212041539 -0.462833251054281 0.151303240723899 -0.0597697325586936
0.476134336947811 -0.403677751728435 0.0679709215120801 -0.0845427754682882
0.500318048854841 -0.374962576886811 -0.00148523179315903 -0.0313065141842074
0.444510864598551 -0.45718760090749 -0.129491316667112 0.0181125264192554
0.295554045193161 -0.510969810345827 -0.213234194441498 0.0574515424692995
0.131679908862404 -0.583232294691044 -0.284674120619991 0.0948875937867153
-0.035571058405208 -0.552105169937452 -0.256735192424129 0.0549796948111812
-0.176060825470349 -0.404245277925955 -0.228027996744964 0.04144898691504
-0.246205040527075 -0.391187861724568 -0.329603271737348 0.148079029268829
-0.310944568225629 -0.302342548158912 -0.374466929594822 0.25705092456786
-0.285276974510669 -0.263382526325568 0.454895960964162 -0.00335978582131011
-0.163051559064868 -0.376902816414423 0.355853250015313 0.022401190023433
-0.0501220401797869 -0.421129025604382 0.221466444990684 0.0683751363244224
0.128584790818955 -0.461501273552579 0.208569825965209 0.0271696965923126
0.254411586666261 -0.408049545516503 0.230456757614204 -0.0830175911492737
0.342798956405907 -0.347309447414068 0.235965780972173 -0.138084447923863
0.449031089494326 -0.32532932912004 0.228151358695808 -0.196027820942056
0.469116314737052 -0.338620336165904 0.181558245397176 -0.178196209655903
0.409917798346366 -0.441555346323205 0.0141200893964201 -0.137180305988762
0.242580572073778 -0.503018197420148 -0.154269944164265 -0.070319744745172
0.062166911025933 -0.561647897021284 -0.275333544499552 0.0396783054769363
-0.118428497260008 -0.512969787209443 -0.24105395524762 0.0851394068863019
-0.243223279653683 -0.36120236225949 -0.179638038699833 0.13080597975404
-0.291733552372689 -0.348097763774951 -0.235855712804153 0.250566908562831
-0.324734806822275 -0.277035175858292 -0.255529378980228 0.376095396728604
-0.200865624623769 -0.195813081669183 0.508030615711485 0.100996220082608
-0.0938818559728005 -0.277592744303628 0.366696481841921 0.118059747216865
0.0072013433999435 -0.275254936525117 0.18899928238736 0.127819593159586
0.133206068615998 -0.279079975678012 0.195830025615816 0.05134048666633
0.209216877855491 -0.224982971488448 0.243934545466763 -0.0954760351625671
0.266917581990955 -0.196525828538795 0.305328546208336 -0.171374809801151
0.347199062012195 -0.21079811755188 0.36234498346931 -0.26073492956537
0.367341630320593 -0.247011746779391 0.3370784012066 -0.299521273910078
0.320885117237856 -0.339108664972669 0.136786138384233 -0.278397511726476
0.173837619227405 -0.38640767739734 -0.106716951641887 -0.187661477636334
0.017797424512568 -0.424613335098987 -0.26476059208897 -0.0207072559000508
-0.131872391510147 -0.380599355117622 -0.21479672721999 0.0973141237157864
-0.225568998248886 -0.261539593412285 -0.116510453033394 0.192124699141128
-0.258926003969665 -0.260204167397835 -0.129154004850663 0.313335229887868
-0.267843520222522 -0.215885044003405 -0.13672314466566 0.45993670422413
-0.109342664450781 -0.0862727580567142 0.533860589092892 0.154941276187355
-0.053177272457569 -0.139880704568102 0.357645960289107 0.165385648476214
0.00624440668616005 -0.11817949778569 0.157127366349487 0.1496408718045
0.0684993950698795 -0.113238321192137 0.185689830458598 0.0600415947723346
0.107750884368053 -0.0709896335904304 0.249448729465706 -0.0958115381938538
0.146637113978145 -0.0639352129893759 0.348937135069191 -0.176687814854392
0.194933528218542 -0.0881711196379526 0.453971408918068 -0.288548865435062
0.213120646639232 -0.122632651402612 0.442597228349593 -0.378059643709725
0.192899127857637 -0.174200219223742 0.222923439823423 -0.374382332442683
0.10271674306053 -0.196987702844309 -0.069589240566258 -0.266404580424937
0.0087357808410535 -0.219982954788443 -0.252725698332658 -0.0665569298491213
-0.079732665308557 -0.203117584917348 -0.192479684406097 0.0967965635811623
-0.137032114867402 -0.1388183218302 -0.0653838673470396 0.22555072963128
-0.158359312932171 -0.14878498764843 -0.0405643232757607 0.341270595829737
-0.154576018434356 -0.129420329848464 -0.0427178169915127 0.504264576016742
0.0328825156892043 0.000726553640949821 -0.0546288970454996 -0.476271991894629
0.0411914586852924 -0.030500754140864 -0.0653756539501287 -0.364927679557112
0.0354834514227189 -0.0138631093463182 0.0120111010722533 -0.247605659243267
0.0263103632174748 -0.0211681614859119 0.12332229780393 -0.102584838645104
0.00137421170894079 -0.0157526568609426 0.208532741946699 0.0792208523321492
-0.00784803742037763 -0.00342247482502995 0.0415953201648148 0.231352661795571
0.000565545104538778 -0.0210762263425571 -0.265486750487687 0.364709715283154
-0.0034961496546313 -0.0238533815514098 -0.457779933968936 0.378853890726532
0.00188097446674897 -0.0299195394113631 -0.496405710157778 0.304516807107396
0.00172612482592696 -0.021155815502626 -0.362444651994439 0.217628329213748
-0.00719443997537692 -0.0149334597477023 -0.242273303383462 0.113612771043911
0.0080577536473911 -0.0239765879368887 -0.175277295297172 -0.019186947620736
0.016365433896264 0.00537924242700114 -0.142520192958707 -0.137207952157588
0.0230620084103374 0.00777466458643416 -0.301561631119141 -0.143815188372283
0.0220543190641462 0.0259198011852685 -0.516458828731221 -0.115990436812118
-0.134392613012672 -0.094181861594608 -0.000716270583392282 -0.436349033229784
-0.10872260199991 -0.142936417646283 -0.0247950003280852 -0.344630804867838
-0.102607579796427 -0.168019021198912 0.0431198515383247 -0.223626047946846
-0.0458308514540334 -0.229294103503935 0.129594739218512 -0.083487188500731
0.0123378191078316 -0.240783385169756 0.196047186854407 0.0808529486613205
0.0748303922600962 -0.21787673498134 0.0303604222324356 0.218531893548724
0.16003812212643 -0.203126087247193 -0.261363461022623 0.312723917360581
0.181330495131577 -0.165566919675375 -0.429994181254981 0.34038979303916
0.172545574820205 -0.155357516189649 -0.474173217584117 0.288145820480731
0.133005826311249 -0.134468884710873 -0.355184557267412 0.216964599289617
0.0948546655497165 -0.142576654114614 -0.260209727338493 0.118221752091633
0.0774248405183302 -0.151719385017679 -0.190492671479046 -0.0223687798342611
0.0365880962846902 -0.119480930781369 -0.165068805963121 -0.142438623205069
-0.00104735710413699 -0.138097514666764 -0.330678574562777 -0.127175404480214
-0.0626544823118359 -0.100050225360819 -0.527081860766782 -0.0774544858761532
-0.267238949245382 -0.179477997474171 0.101954991143171 -0.364771926405746
-0.21907423416747 -0.255535534306181 0.0673869617855838 -0.298977877349327
-0.194364390431017 -0.320697631515929 0.100904241317994 -0.183950666004793
-0.0747785734829392 -0.423385386334841 0.150642981100059 -0.0667592586316726
0.0552802577779182 -0.435726915123786 0.186579733713377 0.053177517745221
0.173335323113421 -0.391615263135093 0.040109317770307 0.15316034317231
0.308941756184828 -0.343005366700486 -0.199975022870154 0.20312101662775
0.342143573177476 -0.282439760951312 -0.332337385509519 0.248675116916414
0.316728485262153 -0.283671682766516 -0.394835805404733 0.241643565023124
0.24050643558896 -0.272504922334168 -0.326355177076738 0.203257183311058
0.167876838850765 -0.305467790895935 -0.277977053360443 0.128107891438786
0.103796075277685 -0.311572329848853 -0.220378852559084 -0.0116722743958515
0.0116087970766508 -0.25224144391586 -0.20557614661104 -0.117330075329669
-0.0599904691302413 -0.270747595926104 -0.364288854445002 -0.0682021454754016
-0.155631059453352 -0.206342392131547 -0.512523954546042 0.0103007723075408
-0.336298618277473 -0.244255902394546 0.230617625783598 -0.259246793048703
-0.262787487591957 -0.352372595325564 0.184378217986324 -0.216164915282269
-0.208618718949719 -0.442584598946091 0.168472022111001 -0.116459600781796
-0.0377668418475902 -0.55793375633483 0.178709291810899 -0.0436781206133737
0.133429048473067 -0.551711200136314 0.190123390289297 0.00252571664933315
0.273108081745478 -0.483126766824127 0.0799583758795537 0.0489502335924492
0.420262890465135 -0.414904608260599 -0.0848960272130645 0.0582912547536308
0.452027900905496 -0.357145412513897 -0.182018428136428 0.118626182181632
0.407171694690417 -0.394608448191813 -0.272262876887988 0.152278369719474
0.2970820066787 -0.416149546840052 -0.274053634629365 0.155865740179577
0.178208344201637 -0.477436915005297 -0.286008577147744 0.126587467724549
0.05745006583878 -0.469370710384812 -0.24778200596395 0.0181903840501998
-0.0710833170203002 -0.361263754027201 -0.235681912632516 -0.0506526068246507
-0.154830405884605 -0.362861804977575 -0.370893002314144 0.0329135822413676
-0.246737500850155 -0.274990133745971 -0.461327408813623 0.129966194929016
-0.339826406944325 -0.276413695686876 0.355585350421301 -0.134183243860434
-0.235994654802126 -0.401358527970845 0.291029803612758 -0.101925648911971
-0.144938487558537 -0.484077836901156 0.216778668360686 -0.0246529070102805
0.0498035108394739 -0.574158728675318 0.202681144337474 -0.0110325276421119
0.215562657226715 -0.541364940847736 0.205884864447552 -0.0505782878352564
0.33928232756958 -0.462925939003197 0.148789527825479 -0.0605093566925001
0.46918539404625 -0.405027522324627 0.0662440998802563 -0.0849910257937096
0.493602873744383 -0.376768742790858 -0.00162292855874761 -0.0313624899644653
0.439078475593015 -0.458076394718241 -0.127843677095845 0.0193415629176447
0.288724143867961 -0.510715524421541 -0.210363909163118 0.0582958366056902
0.124867568302223 -0.581382859765445 -0.281631636500091 0.0972194278332494
-0.0428401424838672 -0.548888760031172 -0.25529602072971 0.0568979903591125
-0.178882710636164 -0.400717625754739 -0.227036111012535 0.0436944766868821
-0.249887509416517 -0.387022566930576 -0.325592941849415 0.151333890000292
-0.311428512137226 -0.29720859269063 -0.369097955066633 0.260936879503822
-0.285084341277545 -0.259685354422136 0.451937335117036 -0.00805049204846278
-0.166695057255414 -0.372819830146837 0.352481452582694 0.0179376655203298
-0.0534137735605491 -0.418142162003816 0.220557358635351 0.0660725287020307
0.12419227021163 -0.461079770098313 0.207999522502354 0.0251871125593004
0.250223780567136 -0.407650611250738 0.227227460420654 -0.0848978422643225
0.337965299780029 -0.347176620595225 0.232591352860512 -0.139301001019153
0.443511957323025 -0.326469438355632 0.224557465505733 -0.196848183619414
0.462883055646638 -0.339339858759504 0.179128689211913 -0.178748132599878
0.403029249019116 -0.442778635107111 0.0131421996697758 -0.136464842255567
0.236245618402544 -0.501602451337999 -0.152651168665862 -0.0688690245778175
0.056442185212953 -0.559002286863912 -0.272692304687143 0.0424534566511683
-0.123088562364238 -0.507559626640627 -0.239070120662062 0.086696519886369
-0.243568272843502 -0.358156847293408 -0.17818324708766 0.132111298331552
-0.293681808291242 -0.343739405968976 -0.232016469880419 0.251761902499098
-0.324218409401584 -0.272040038283043 -0.249084774314667 0.377356960654902
-0.200472766057418 -0.193726513968893 0.50620199397227 0.0949457805069074
-0.0958107852852297 -0.274626982881275 0.364347971230054 0.112725388634141
0.00462661272022902 -0.273455064492233 0.188722705722406 0.125992661087071
0.129888962882349 -0.279024858406456 0.195024610087271 0.0495837001818621
0.205980422950645 -0.225383241542381 0.241136051959181 -0.0965143893234083
0.262947920423423 -0.196684923417927 0.30178736129372 -0.172353272752054
0.342866990380476 -0.212458561003211 0.357370309338082 -0.263258878554357
0.362407509532448 -0.249109246607445 0.333424436091742 -0.2997256941725
0.315957177416679 -0.340207883735392 0.133984317492611 -0.277721555808999
0.169721671458874 -0.384906299718321 -0.10656693246787 -0.185935119887042
0.0140196381087607 -0.422606938575283 -0.263533441747848 -0.0182178867427203
-0.134351680356262 -0.375866519078319 -0.212932576573283 0.0979821097074636
-0.226211374950274 -0.258769931157713 -0.114332320679753 0.192223037875743
-0.259670683840628 -0.25701040401619 -0.12466432018256 0.313780870936589
-0.267325475261922 -0.211368383670563 -0.130172135951593 0.459727548666325
-0.109277886617569 -0.0850073106599955 0.531075659578778 0.14911050261203
-0.0540368295922819 -0.137567937843807 0.356339633289067 0.159334226063766
0.0050973350415343 -0.117361328780376 0.157559351485181 0.148017944127406
0.0662890141156467 -0.113434656819701 0.185651235452686 0.0577046562070038
0.107181994093308 -0.0715670003180333 0.246754381122279 -0.0978832755559817
0.145086725818047 -0.0644644934572888 0.343507117623198 -0.17847989510536
0.192708160489578 -0.0903334750161398 0.447473919181529 -0.290391058114987
0.210639552601382 -0.124421601588936 0.436028146819928 -0.38122384975778
0.189599489799828 -0.175388013680629 0.218796852929329 -0.373685425029927
0.100828907124955 -0.196665848516562 -0.0711527414446925 -0.264886657604353
0.00630044322542423 -0.21911034334203 -0.251007889951983 -0.0640029383843788
-0.0810267403792315 -0.200421719367707 -0.18994990240153 0.0978124916811067
-0.137438652738091 -0.136685436050071 -0.0630243861894653 0.224354054833424
-0.159044874110121 -0.146166710976922 -0.0371868086452988 0.340386984486148
-0.154646951580302 -0.127216027838029 -0.0362331362454581 0.503190477182251
0.032549352567647 0.000607610188767172 -0.0586915526509057 -0.473215858178672
0.0407301956119081 -0.0310802743647781 -0.0680673577504026 -0.363399578268582
0.0347479210112046 -0.0143598314132313 0.0101896997956356 -0.245961901458815
0.0259037717933889 -0.0210981568753641 0.122068995513116 -0.102881782059163
0.000952277364391007 -0.0158941633133211 0.207013223173029 0.0772117568367149
-0.00811226257719565 -0.00385323497315343 0.0417361736201784 0.22927759544578
0.000433612721508162 -0.0214095727571883 -0.260784072458908 0.364594480776534
-0.00356404963401738 -0.0240314928210774 -0.451560164931773 0.378569281690172
0.00183307459966478 -0.0301040880766372 -0.489853454006784 0.30645506444868
0.00217281087789334 -0.0212190536744441 -0.357504331129986 0.21886626289818
-0.00705307722035821 -0.0142841096616678 -0.239661825334138 0.114687386453371
0.00773111166166023 -0.0241167322633597 -0.174498047037131 -0.0171893268515556
0.0164369677083731 0.0052584127171837 -0.143269472989419 -0.135170748124102
0.0234232289482222 0.00721606450205172 -0.29982677424206 -0.139519231808889
0.0224107971615115 0.0256567013456381 -0.513886594631783 -0.110446543923336
-0.133773093123543 -0.0920976602334198 -0.00487272885497704 -0.435215646582822
-0.108683852846996 -0.141715635844518 -0.027942003991531 -0.343075303530798
-0.102270729603773 -0.165873716796432 0.0404318319256171 -0.22308917619973
-0.0478606656115417 -0.227846917415513 0.128341293722704 -0.0832026177894628
0.010039522356854 -0.239056300395827 0.194659269304996 0.0788445629496079
0.0720569412301606 -0.217923902438596 0.0306470709686735 0.216646549319001
0.157541910255168 -0.203106290229396 -0.256740393641843 0.31188983733657
0.179093475453732 -0.16647883020899 -0.423738996059169 0.341308738316813
0.169465449662426 -0.155842199162116 -0.467299954166036 0.289360072239012
0.13095886045772 -0.134742725895014 -0.350576478378662 0.216769124459171
0.0934583455513238 -0.141768472619352 -0.256565325389892 0.119024134068449
0.0756012906252921 -0.151394140455346 -0.189859541207997 -0.0208653170596925
0.035648432032367 -0.119236796053033 -0.165627244019989 -0.139968089081819
-0.00167168261071832 -0.137690341350108 -0.328933068741421 -0.122650243150942
-0.0622641254126029 -0.0989718415915104 -0.52257914999937 -0.072830498461895
-0.265384606583101 -0.176145737902032 0.0983836657066523 -0.364243561140033
-0.21959574993861 -0.253302744448911 0.0635468435284599 -0.298566548349717
-0.194649923992006 -0.316569223907813 0.0988719659141071 -0.183314308297034
-0.0776364064892117 -0.420046019633288 0.14907441970784 -0.0669792168889625
0.0518066459692129 -0.432989812133554 0.185628265383091 0.0509101050151833
0.170097625058569 -0.390524630808987 0.0397722789920678 0.151848010043199
0.303125486232893 -0.342507105484912 -0.197724886355417 0.202402901293179
0.337371419022635 -0.283945370489003 -0.327989109258658 0.249473454459753
0.311033819417894 -0.283098859466804 -0.390005862563624 0.242911105948885
0.236221458457417 -0.271736196659635 -0.322443187211439 0.203387174359638
0.164205219387754 -0.304930031817487 -0.274736909999117 0.129389021471009
0.0999177900647728 -0.309777317071048 -0.219746148619097 -0.00946234703523571
0.0104497859184462 -0.250803398054737 -0.206621379159878 -0.114837685578081
-0.0615693182308183 -0.268484719228081 -0.361684666612136 -0.0637040373798416
-0.155437252802384 -0.204085416853776 -0.507410132786024 0.0137604584571567
-0.335187231720412 -0.240742016040943 0.226792453791271 -0.261371523094361
-0.264258155955998 -0.348831337741713 0.180811316036206 -0.217424465555317
-0.209621908551766 -0.437640302088108 0.166245770899522 -0.117056610626761
-0.0407015130010141 -0.55335244594572 0.177714575032761 -0.0453187216909452
0.12726772755678 -0.547932093798285 0.188436220102478 0.000551926162917585
0.267882858578098 -0.480829728531029 0.078428393919077 0.0476734272931762
0.413938523425124 -0.41403210591171 -0.0842958021342147 0.0576122240275264
0.445442289431385 -0.358920678703833 -0.180582938807367 0.118896640077122
0.401672386277653 -0.395397932573055 -0.268955312951139 0.153934374534736
0.290342142062191 -0.416542128564733 -0.270468477622058 0.156687525795762
0.173363091312836 -0.476107067856917 -0.282497412561955 0.128687718152897
0.0535286273672846 -0.46700530256846 -0.245956978909932 0.0198412456582996
-0.0724275374959124 -0.358780370456097 -0.235376764965828 -0.047760654349772
-0.156114550515427 -0.359205804775154 -0.367715742593192 0.036339863359276
-0.245670380679871 -0.271315593305458 -0.456291037230758 0.134300623262005
-0.338238599417744 -0.271709428287043 0.352543557752679 -0.137682651612936
-0.237091518072324 -0.396087616393385 0.287789407341278 -0.104154314454901
-0.147586499859278 -0.480659113420694 0.21376687258311 -0.0255498701350071
0.0454801894159168 -0.572150731132449 0.200964456583693 -0.012583207319499
0.212060958935547 -0.539337787483207 0.202968279120792 -0.0520546528038971
0.333647347397189 -0.461927064952216 0.146253268735434 -0.0612538047327787
0.461597871837678 -0.405327135885428 0.0646061580498241 -0.0852594396254911
0.487656319953241 -0.380783489494571 -0.0029118608915493 -0.0313745751611294
0.4299426813914 -0.459267053901936 -0.126763849863202 0.0205215969453608
0.283595542123127 -0.508246462325066 -0.207110460335875 0.0590816630471748
0.120678874474914 -0.577198493998397 -0.278316413982333 0.0982565083914463
-0.0460278405729088 -0.543306175655172 -0.252916938074677 0.0584219099070144
-0.178966625137226 -0.397346450461912 -0.226083676381218 0.0457395760673844
-0.249872894351313 -0.382708149441441 -0.321615861810097 0.153968452401709
-0.310549468633836 -0.291481406654029 -0.362646666527061 0.263120647116959
-0.285718014489055 -0.256832975775874 0.448441144943365 -0.0125137356568096
-0.1678011846066 -0.368552918781872 0.350185352339601 0.0135378104570482
-0.0563211398909618 -0.414552987177529 0.218920780267407 0.0647928835592644
0.119237358608397 -0.459829911585505 0.206766898875474 0.0234917843779368
0.245797764582845 -0.406895185837985 0.224667859971311 -0.0866600831736481
0.332662284491742 -0.347561874529858 0.229731071343272 -0.139341635575899
0.436144013069788 -0.328840789395158 0.220862039679507 -0.197413985992258
0.45690845660721 -0.342887731529692 0.176080174690283 -0.17885279384636
0.395803787433958 -0.441467725751679 0.0130140208509743 -0.135200086912127
0.230880929923201 -0.498128601046015 -0.151144683659878 -0.0679571816096907
0.051314893924415 -0.556047214655593 -0.269817730084823 0.0438713213308761
-0.125477446488442 -0.504248350304817 -0.237382018998677 0.0872072130042371
-0.243290532511837 -0.354450687532094 -0.176696167869051 0.13264259904331
-0.294093271657602 -0.339360243064306 -0.22783414337515 0.252975834632503
-0.322862041673027 -0.266482717521589 -0.243464807735605 0.377928681217539
-0.200434752303193 -0.190178259238673 0.50224848093147 0.0899155467117125
-0.0973477950810638 -0.271203723923641 0.36251574943165 0.107058987515111
0.00269159816168108 -0.272765327010695 0.188040483546974 0.12428987853947
0.125495704544713 -0.278462243191461 0.195356554964529 0.0476266833401338
0.204186894576967 -0.22484781055123 0.237572067128019 -0.0979715061097056
0.260600562789144 -0.197120489535548 0.298015490184842 -0.173178494443566
0.338631665617011 -0.213344636293524 0.352412633228763 -0.264220192372845
0.358778237747938 -0.251669798889128 0.327352111778417 -0.300374744314353
0.310598943369177 -0.339695654413512 0.130963032437228 -0.276877970411483
0.165601171691833 -0.382833337510967 -0.105911575132841 -0.184801414272616
0.0113671050359136 -0.419164291390659 -0.260622070932379 -0.0161538193525045
-0.135872524102843 -0.372712366641999 -0.211106724437481 0.0989241996148562
-0.226562610581805 -0.255580438421007 -0.11272874477107 0.19185342329041
-0.259384090037854 -0.252013361017977 -0.120948199202769 0.313509726365377
-0.266397236219127 -0.208463157084911 -0.124833384925242 0.457647096618534
-0.108698803670558 -0.0831941385866281 0.529191127309569 0.142141258041136
-0.0547663235121758 -0.135255360796723 0.355231289596818 0.154954106765223
0.00400377598760879 -0.116791650196579 0.157874964139418 0.146703380022114
0.0638928811232576 -0.113332774493534 0.185920898227103 0.0560566386740169
0.106369942283143 -0.0715613414637251 0.243910838169177 -0.0992402922790269
0.143830411443637 -0.0655425024141253 0.340555903471951 -0.177725322447128
0.190632967518282 -0.0910254713792608 0.440670938743597 -0.290886486595343
0.207783220279081 -0.124959193016904 0.430064596425915 -0.380264575008087
0.186919578943567 -0.175545864365466 0.214416789632164 -0.373597738327145
0.0986261041076361 -0.196338693751909 -0.071218481910881 -0.263028754311675
0.00521314894448023 -0.21788759966156 -0.249350149958879 -0.0618285751976562
-0.0824559097530617 -0.199006858320277 -0.188951689783004 0.0986026666684883
-0.13690707715226 -0.135049768660054 -0.0615071239089802 0.224095532734135
-0.159421471469242 -0.143678526365484 -0.0342051097350218 0.33908614170599
-0.153960906194371 -0.12440369703911 -0.0304901449388934 0.501629558712679
0.0328808205350555 0.000235426632331844 -0.0619536907792525 -0.470259991962209
0.0404984993558981 -0.0318333128969802 -0.0706359310123641 -0.360797117470171
0.0346557352460228 -0.0144252520868118 0.00846897853161841 -0.245339155164238
0.0257819682600685 -0.0212035924707315 0.120650270398477 -0.101903023900146
0.000695118729293228 -0.0162355902801175 0.205960672402922 0.0749712067332945
-0.0082335410856712 -0.00384418049432288 0.0420622122788434 0.228357084148604
-0.000236521759741416 -0.021313336877535 -0.256169861493453 0.364706421619021
-0.00390986727059013 -0.0244424947760879 -0.44533360265678 0.378791704603543
0.00121339120076244 -0.0296051936543231 -0.483857867705458 0.307821063088272
0.00177421341582519 -0.0215198637330477 -0.352298666213607 0.21863622772752
-0.00679583659010003 -0.0143617762814406 -0.236795171990114 0.114959801718721
0.00752819445164998 -0.0235480363116126 -0.173551986498346 -0.0159295937156636
0.0169024485481481 0.00474623649099493 -0.143696665431441 -0.132391252273686
0.0228469361852314 0.00669062494084556 -0.298192027027947 -0.136176845822656
0.0225041718747717 0.0249433484386315 -0.508791477850843 -0.105820642050257
-0.133483866803912 -0.0907025780648114 -0.00731047604124398 -0.433445845280288
-0.108863312108831 -0.140311545667948 -0.0305968210143521 -0.341206944589495
-0.102872724896791 -0.165059321333434 0.0382849875863131 -0.222040680325915
-0.0493891603038789 -0.226593251398299 0.12702647530106 -0.082714926149999
0.00880311209386679 -0.237650339072061 0.192758559900782 0.0769127786610077
0.0704323876322613 -0.217173355944018 0.0306018471874812 0.215192081839637
0.155360558121615 -0.202405087515614 -0.254562960798898 0.311784653622522
0.176448575186717 -0.166627110354719 -0.41802127837102 0.34015752617848
0.16733707102641 -0.154843820845098 -0.461845418395961 0.289475657767599
0.129118725014107 -0.134502155942995 -0.346817313349576 0.215533407717015
0.0918133205151548 -0.141317273868026 -0.25398338721843 0.119476109690248
0.0734906586675216 -0.150141993317938 -0.18844364571475 -0.0185333239259919
0.0352193974317568 -0.11934472075906 -0.166501600784966 -0.137714180641962
-0.00219268851009567 -0.136539723102661 -0.326688766326052 -0.118754631266501
-0.0620892598124718 -0.0976689831419672 -0.518045626980384 -0.0662180923950903
-0.265285638161417 -0.173906863463817 0.09572821130325 -0.363261242894873
-0.219576595414706 -0.250589840711737 0.0609566088662557 -0.297486327333632
-0.195059272403387 -0.31389428206866 0.0964276502411704 -0.182828471035369
-0.0786565658486532 -0.417768179608789 0.147755527682605 -0.0669491829627448
0.0489527665476154 -0.431537836374447 0.183045667118956 0.0491045240134331
0.1667678823312 -0.389666772743975 0.03920585478311 0.150728709086495
0.299900935771535 -0.342483325072885 -0.195422998830606 0.201877247064697
0.333178625207615 -0.284955859688748 -0.324478427187261 0.249073915854998
0.306840390215016 -0.282065832198911 -0.385767814295999 0.243537675167754
0.232989204901082 -0.270877950866211 -0.318900931292912 0.20438794090205
0.161591860968241 -0.303131228611959 -0.271843848381043 0.129610756091308
0.0969194530790715 -0.308070123876216 -0.218031685750129 -0.00800035549499311
0.00987553957472513 -0.250034560915851 -0.206522417599599 -0.112531440205585
-0.06253942474235 -0.266828676686838 -0.35966380434121 -0.0604938158136798
-0.154043908357875 -0.201245339512783 -0.504102577143847 0.0173174147107589
-0.334403199814854 -0.23667781495462 0.223250537887841 -0.261019470712966
-0.263845233591663 -0.345155457776061 0.177693454276948 -0.217476265946301
-0.21000432961374 -0.433984805834453 0.164050301102285 -0.117164896576242
-0.0445047038022286 -0.550422284171209 0.175717169479613 -0.0462034354971772
0.12523894166159 -0.546486972550568 0.185265485788568 -0.000543048234904342
0.262469551891924 -0.479621662651455 0.0768115874844433 0.0470791910879386
0.408783925436169 -0.414879825085814 -0.0838051972404596 0.0570273753856901
0.440323656833179 -0.360151214467235 -0.178156046102146 0.119016248273407
0.396221078510262 -0.393050175785139 -0.265477809611236 0.154402529529989
0.286816741239919 -0.413340053320211 -0.266582465740748 0.156350131680389
0.170123108642451 -0.471916558282975 -0.2790410199536 0.128987362092916
0.0484999910586714 -0.463036262341207 -0.244587111524021 0.0216548142716585
-0.072347077938866 -0.355657215284098 -0.235717325337287 -0.0458484831972515
-0.156315736771429 -0.355209532243529 -0.364098935024911 0.0391974477259453
-0.24525608723394 -0.267575589333849 -0.450694598979546 0.136421089597888
-0.336192712705701 -0.267978200706269 0.348814174906341 -0.13960285527466
-0.238283533686619 -0.39230853248709 0.284080777450254 -0.106223794101407
-0.149210648179328 -0.476487940237073 0.212594054261247 -0.0266950669104442
0.0423571916895517 -0.567578258210552 0.199631910289802 -0.0142795698034764
0.207449520863739 -0.535746652786676 0.200232596852295 -0.0528720996099474
0.328669287586112 -0.45984034346632 0.145067888499676 -0.0616965725716281
0.457203698648669 -0.404984687573389 0.0635848299117122 -0.0865551334373849
0.48261315365404 -0.380789441716983 -0.00281269123919964 -0.0315239066889802
0.425310265394488 -0.456424954305807 -0.124798532338056 0.0212820180953883
0.278673594183392 -0.505344039976334 -0.204293504266257 0.0591439627593393
0.11680269960581 -0.574405983393687 -0.275448979415426 0.0999926064674504
-0.047971983741162 -0.539628873519293 -0.251799245536397 0.0590206609916384
-0.179056852263941 -0.394666786388372 -0.225371629803708 0.0468038479493834
-0.250274920586415 -0.378294737817345 -0.317740217313507 0.15596447471575
-0.309908876904496 -0.287042613240121 -0.357690902781878 0.26425985748211
-0.284569574976572 -0.253789957014883 0.444285104226684 -0.0172346901318074
-0.167453522781906 -0.365493745385008 0.346435890467389 0.0105826646927056
-0.0576999936296704 -0.411000769174811 0.217693978250176 0.063516607381931
0.116339373243217 -0.457633682290919 0.206539676516837 0.0211040724861221
0.242606775858032 -0.404494996721154 0.221351212430941 -0.0879221496322527
0.329202656351101 -0.347789484340579 0.226782891493272 -0.139177537097307
0.432156983153954 -0.327487154379379 0.218093920159669 -0.197867583253383
0.451292692689371 -0.344117281531398 0.173249889813441 -0.178827190668633
0.390291018982074 -0.439534812940909 0.0125813061746433 -0.1343397220918
0.227577392287082 -0.497519239810797 -0.149839998230911 -0.0667619215631835
0.0476978497927321 -0.55314608566308 -0.268138988007139 0.0455488863454468
-0.128312206816054 -0.498657269877326 -0.235678090777211 0.0878008745152911
-0.243479227202783 -0.351125723359859 -0.175711229257196 0.133442083641845
-0.295699978568368 -0.333700091705501 -0.22370924476037 0.254499782721523
-0.321314205532231 -0.263718129004097 -0.23839356838183 0.377242961600424
-0.200004320754779 -0.188191637530477 0.499863380873022 0.0856416618616398
-0.0981466344570806 -0.26921542008325 0.360425772143391 0.104490747562847
0.00124397890197345 -0.270772361009832 0.187725778395969 0.123227656973778
0.122992621629009 -0.277562541167245 0.194850591160541 0.0463570846868379
0.201767506826152 -0.224359433061103 0.235204861447214 -0.0987702196536306
0.25766790349666 -0.19719788642366 0.295437802087549 -0.173454160295621
0.333999365442617 -0.213667484661992 0.349504089539542 -0.264190750212408
0.355442584504547 -0.251313663324807 0.324405493844632 -0.300848936613872
0.306738458925697 -0.33935785377702 0.129239114653399 -0.275924765565168
0.161786454066274 -0.381755448190642 -0.105759460122316 -0.183003170552897
0.00850738329995404 -0.418632177510867 -0.258779955786383 -0.0141709063768982
-0.137567032877863 -0.36985013029094 -0.209966927879268 0.098978431016929
-0.225047977557786 -0.253195997395631 -0.11135516350437 0.191488928057476
-0.259979986068242 -0.24932331736862 -0.118379560472489 0.313297322312447
-0.265274494539249 -0.204353034735395 -0.11991929305678 0.457330292376142
-0.108020259920016 -0.0825563345245997 0.524890218842661 0.137240891606316
-0.0553015698226695 -0.133769479927494 0.35200042513533 0.150238277047407
0.00335679042669016 -0.115949385603101 0.157785238116413 0.145341919349158
0.0623905140140806 -0.112933449911852 0.185808329065838 0.0541130861248696
0.105577683047076 -0.0714695235949078 0.241067544048119 -0.100263068544106
0.142773221844032 -0.0659414285138857 0.336623044242435 -0.178636370651021
0.188205117420511 -0.0916784578432521 0.436848718452022 -0.291037081322478
0.205656922747501 -0.126068229882476 0.424906024272987 -0.381264053844121
0.184467108540747 -0.175156491993684 0.211195149014467 -0.372715509343105
0.0968677957696766 -0.195391186074282 -0.0714370840684195 -0.261328799652751
0.0036756503188574 -0.216444096379911 -0.247990830126021 -0.0600163306603567
-0.0832303381213573 -0.196643626836403 -0.187699132729646 0.0986938500908171
-0.136371915325402 -0.134001181914622 -0.060320846082286 0.222260607928008
-0.159331978725182 -0.141841080599891 -0.0316428140219678 0.337915625546394
-0.153429104225138 -0.123038475046586 -0.0258673267371776 0.499335403201358
0.0330362476739352 0.000365282856531912 -0.0637319225555937 -0.467830500922707
0.0400341689593959 -0.0319345858210806 -0.0723371437696614 -0.359618474132038
0.034297257048334 -0.0145578115876182 0.00694691273436374 -0.243899620985121
0.0253605980300373 -0.0212414390251755 0.119686497614877 -0.102447821371046
0.000252321254260134 -0.0158340739706263 0.204895059575631 0.0739351667862803
-0.00889829736557352 -0.00365218376637856 0.0424624926018347 0.226727010706412
-0.00038034469814199 -0.0218444907435198 -0.254936095280982 0.362880406795475
-0.00433211030147105 -0.0244642584079382 -0.439521188322492 0.377525822604361
0.000570346195339786 -0.029804555709891 -0.477427199793702 0.306671821864194
0.0020636327350332 -0.0214309967321665 -0.349141884370222 0.21779348100953
-0.00631742728743349 -0.0139232317256467 -0.234874639858387 0.114998475913835
0.00706803919317027 -0.0230690208621752 -0.172261411915897 -0.0140780378651532
0.016273277840177 0.00397949222317825 -0.144420106165013 -0.130781315515538
0.0230502148818505 0.00620890952703301 -0.296600126581725 -0.132974396273365
0.0230032227410001 0.0243052716651322 -0.505763115474839 -0.102467061362431
-0.132344426777152 -0.089320896609039 -0.0101661314827412 -0.430567119863417
-0.108381397811419 -0.140284075798664 -0.0327305921110654 -0.340257089725208
-0.102355754136929 -0.163332840740263 0.0370566760196217 -0.220833422020058
-0.0495790906932537 -0.225115424323728 0.125784770386621 -0.0830885624579905
0.00738551179052668 -0.236759472224835 0.190977172658883 0.0750303022082647
0.0691785465321316 -0.21561946616729 0.0295216759214637 0.213606939036526
0.15259255582207 -0.202370776616387 -0.253151152794047 0.312074791393279
0.17399879162067 -0.166734593355081 -0.41463363462438 0.338758286435728
0.165303661391614 -0.154579415811271 -0.45617219712456 0.290293996620803
0.127661547421677 -0.133966020291934 -0.341886756016953 0.216604000438709
0.0909581992456118 -0.140461585491931 -0.251616835557209 0.119704807061726
0.0722724751228226 -0.149587103140426 -0.187025967310614 -0.0178066808849668
0.0344569730499634 -0.118739318175011 -0.166853138951843 -0.135711983116312
-0.00284943502401261 -0.135781260921791 -0.32479220792391 -0.115720192717408
-0.0610547900484511 -0.0967369877653846 -0.515132262034662 -0.0641815215354436
-0.264305589754201 -0.171937161565144 0.0923943313979809 -0.362494524032146
-0.219400071831114 -0.248869609468717 0.0583793379215932 -0.296696229094213
-0.19538626977068 -0.311624369719986 0.0945267639024273 -0.182113857857116
-0.0807211393303198 -0.416016125526392 0.145822265685172 -0.0670605648933642
0.0469245896979085 -0.428585569977807 0.181199116624581 0.0480585266114025
0.163534424102323 -0.387526601481602 0.0383832327375353 0.14940547487753
0.294746376483294 -0.342141998652732 -0.193914111706165 0.201720669160265
0.329039059658708 -0.284933262316076 -0.320782402552162 0.248802099430392
0.304185588877527 -0.281283908838196 -0.38127136991296 0.243958346521619
0.230516660300155 -0.270238830636295 -0.314917774451837 0.202346471905385
0.159128732460043 -0.301361278956118 -0.268833858357573 0.130491586779464
0.0943787039015164 -0.305886032660882 -0.216531207429508 -0.00735093752393211
0.00878653162242226 -0.249096752549123 -0.207141665839366 -0.110330561465011
-0.0630667358268547 -0.265288415215656 -0.357123950053337 -0.0576972728007501
-0.153907229299444 -0.19895388934867 -0.498843345971651 0.0209835563344687
-0.332978541062578 -0.233816153211235 0.22086680830383 -0.262753398375521
-0.264726959216449 -0.342747250288758 0.175104836776721 -0.217885008605405
-0.21132963046223 -0.430918573920301 0.162435064997785 -0.116776129235601
-0.0462172889326147 -0.547007557256614 0.174687222058948 -0.0466909013570877
0.121919806763278 -0.542658992885528 0.18323534327456 -0.00140930854303935
0.259217967504864 -0.477543326731723 0.0759197769462834 0.0466843707843329
0.402297262946512 -0.414036008203592 -0.083257365497879 0.0567769499718696
0.435149227654661 -0.360520854437541 -0.176708969255537 0.118327849631025
0.392478926095997 -0.391176820155801 -0.261728847259281 0.154955912225538
0.28268115504198 -0.411538643593948 -0.263029139654172 0.155838819022822
0.16687103410055 -0.469913024780362 -0.276455323022193 0.129611621752664
0.0458702145486099 -0.459867383359414 -0.243382450414006 0.0221053947861422
-0.0736506150461343 -0.355547209600632 -0.235785457361863 -0.0439028420175579
-0.157918101475743 -0.353048349282834 -0.361118122980247 0.0414980653704831
-0.2444380644832 -0.264736885447501 -0.445978891382765 0.138725200193108
-0.33616900102054 -0.264510338964649 0.345808110571118 -0.141872692520849
-0.23736577824375 -0.389299009894921 0.280957499016634 -0.107916927238056
-0.149542066225559 -0.471228011888027 0.210672759959949 -0.027554528405589
0.0391931470315271 -0.565732219832145 0.198049432090494 -0.0149191979087515
0.204200897946269 -0.533303187954323 0.197607045411871 -0.0537737640237581
0.323574616200362 -0.458055724836921 0.142565173736535 -0.0615167054157832
0.451983526635762 -0.403777960583381 0.0622720022638239 -0.0862388511089282
0.477293504015251 -0.381128969025147 -0.00369356120227747 -0.0319622604925504
0.419855376588633 -0.455696926138745 -0.12354741971885 0.0221625104734201
0.273403171349767 -0.503226370613515 -0.202245254697783 0.0594034095008291
0.112736765234542 -0.571119285710065 -0.273032831194074 0.100704425940097
-0.0498993499681628 -0.535256594879616 -0.249939542006987 0.0593362063986654
-0.179660153172065 -0.393037260914052 -0.225133580497868 0.0486932884942411
-0.250725279748143 -0.374355518514296 -0.314122617775642 0.157962336705612
-0.307609317795048 -0.28397127962479 -0.352381729784827 0.265186460482078
-0.283748859440701 -0.250494301755421 0.442228937699224 -0.0192186764173313
-0.169317833663715 -0.361946461208009 0.343820619011476 0.00802910032101515
-0.0591275720800292 -0.40854568041591 0.216366331228946 0.0627395149072491
0.11337540928187 -0.455784278261744 0.205222821225715 0.0203615469655867
0.240347077484166 -0.403580712993642 0.218492132850244 -0.0877750724777196
0.32639356957053 -0.346024213667981 0.223620365416273 -0.139082440701784
0.427266889490276 -0.328171012500142 0.215389410869109 -0.198271713274958
0.447542507605363 -0.34336837975274 0.171573836357015 -0.179130519456603
0.385002358120737 -0.437740348164852 0.0123245655932211 -0.133177792806438
0.223542499397615 -0.494488479009603 -0.148101454291276 -0.0666252140412028
0.0453638664469557 -0.549728094823905 -0.265754858429574 0.046697161885758
-0.129327733486959 -0.494332565648322 -0.234354768231091 0.0879488803368516
-0.242189621157905 -0.349452444514675 -0.174611823022027 0.134027214861132
-0.294011319324838 -0.331395150035339 -0.220861375489708 0.254681850681091
-0.319057939677483 -0.258695550401544 -0.233929852994395 0.377333664758156
-0.199347128838958 -0.18617868015867 0.496837961478031 0.0807977576033217
-0.099202492685512 -0.266160719237798 0.357779342436323 0.100936353599253
-0.000252567904442309 -0.268816718727147 0.186699508021504 0.122650934985997
0.120665067514898 -0.276702694347592 0.194822589195845 0.0447133120888206
0.199485323225718 -0.223596465696294 0.232252244852934 -0.0996528499318465
0.255994983814636 -0.196540251335064 0.290529578214481 -0.172985281278781
0.330867501581922 -0.213590172298686 0.344322707764626 -0.263550668051612
0.351866130879405 -0.252336897502822 0.320334064431606 -0.300234496056421
0.30322116985696 -0.337549229126074 0.127491104530609 -0.274249108638799
0.1605358772015 -0.379051653131875 -0.104772048741487 -0.182171783054569
0.00703416544275692 -0.414525345350339 -0.256872191541659 -0.013006126111115
-0.137855448629156 -0.366489286557641 -0.208562348598644 0.0991722759887783
-0.224454061509808 -0.251078224958784 -0.110615965942716 0.190942332141294
-0.259471846763209 -0.246692490180646 -0.115486588129345 0.312797361842069
-0.264000294964127 -0.201981453581251 -0.115556443331529 0.45634807324546
-0.108146383830958 -0.0815976119812317 0.52220064838681 0.134947523403213
-0.0552126012532309 -0.131570953680512 0.350649973107174 0.146225882206596
0.00310182196849945 -0.114767436461185 0.15782637641739 0.143749821864824
0.0608180885016066 -0.112347834521976 0.185157950252554 0.0532304245244338
0.104633513236368 -0.0712767529160047 0.238570125161634 -0.100408479437088
0.142305299258532 -0.065405884544151 0.333772384336974 -0.178903967922106
0.185922263953273 -0.0924618566321412 0.431019154292553 -0.290081480933979
0.203732798866651 -0.125931452931404 0.421060293961712 -0.380253006877697
0.18198506893677 -0.174698141930262 0.207071997313591 -0.371454987829382
0.0958582743265072 -0.194470757351325 -0.0714496842966393 -0.259639960250694
0.00300226100118877 -0.21488925046216 -0.245318751548426 -0.0588005417031731
-0.0836397454621259 -0.194608366034256 -0.186046926229408 0.0986463857095651
-0.135893661338667 -0.133160960389271 -0.0593672363197581 0.221485258736238
-0.158819557692593 -0.140147140242566 -0.0295015396603415 0.336802732580715
-0.15203540308248 -0.12102800475382 -0.0228853191605032 0.498428218207853
0.0332379449400772 0.000130075437470441 -0.0647206909602209 -0.466484283495186
0.0390539590588146 -0.032487666179419 -0.0737044897325262 -0.357200899024182
0.0343963574387623 -0.01493370203868 0.00574324680109061 -0.24237018149118
0.0250326996016921 -0.0205844562065212 0.119306706426222 -0.101936444772751
2.04262643037252E-05 -0.0157337420813548 0.20338247279574 0.0719397667722207
-0.00834366163645827 -0.00406927077212006 0.0416585299663259 0.225189735478592
-0.000616648105151951 -0.0218563693288898 -0.252228283007665 0.361637766063525
-0.00408910526139108 -0.0248540980252754 -0.435992902846032 0.376613574471966
0.000986592767103904 -0.0297687282643162 -0.473495950733376 0.306912443695212
0.001472998648261 -0.0214137872509041 -0.345504391955226 0.217517095773398
-0.00592433952608927 -0.0139341276535084 -0.232942858658263 0.114453920791628
0.00655424992363839 -0.0231967324446951 -0.172168149767265 -0.0133109152944302
0.0165575682843747 0.0037219532495599 -0.1439208469966 -0.130192647795916
0.0231047069066702 0.00597024237316998 -0.295201798226178 -0.130216646808485
0.0235776095333362 0.0239153263506252 -0.501695452744785 -0.0996464011056962
-0.131713400622713 -0.0887199185612603 -0.0106534353403371 -0.43013611617468
-0.108805542689779 -0.139228153292919 -0.0342249578719413 -0.33874433573791
-0.102455260565725 -0.162086217813657 0.0359459689803564 -0.219923365562942
-0.0498741160757968 -0.223608075602736 0.124530681232184 -0.0832399030155825
0.00617068297515979 -0.235393176837997 0.190051992621229 0.0742697171164454
0.0679376156825426 -0.215136759175943 0.0297385358527068 0.212540667246304
0.151576601781064 -0.201656510805368 -0.25078419957708 0.309470769463649
0.173033442417865 -0.167017685272551 -0.41106954611545 0.338686685598347
0.164167048594364 -0.154065959142692 -0.452155635655271 0.289059456622424
0.126770207110903 -0.133082191921538 -0.339513526616095 0.214651258706755
0.0902243349692481 -0.139540047811482 -0.249567353533632 0.11950325660575
0.0708045295049109 -0.148580614472422 -0.186766082898814 -0.0165829113398406
0.034832787510312 -0.118607957576868 -0.166970138046673 -0.134236714709631
-0.00348059309950834 -0.135691130190663 -0.322812976549525 -0.113017080432967
-0.0603228017164275 -0.096296779755326 -0.510734248741039 -0.0622747187318784
-0.261162504679378 -0.169321987058337 0.0907720420550939 -0.362179197997996
-0.218550443433219 -0.246594557121206 0.0563088884586746 -0.296193849324634
-0.195241306852789 -0.309492123856411 0.0931582740026287 -0.18135119948131
-0.0810275402707054 -0.414060226728231 0.144827293543143 -0.0669114702352913
0.0456345074539306 -0.426879133519056 0.179110590450371 0.0467870415898007
0.161086218615518 -0.385283570811563 0.0377622026886304 0.14869249291704
0.293683600983345 -0.339884189545039 -0.193035335156157 0.199996381009673
0.327243079603333 -0.284913155283306 -0.319229900974286 0.247498983227538
0.300860759947557 -0.279750044858799 -0.37679984121893 0.24334678602156
0.228286200909135 -0.26880688263409 -0.311389605975473 0.201937286378711
0.157541092959359 -0.299789859494719 -0.267450919806155 0.130429262593897
0.0924831874519123 -0.303963624873322 -0.215594208604554 -0.00638000324634048
0.0084927745728812 -0.24811506870439 -0.206668222175697 -0.108435006878391
-0.0634151809819954 -0.263421001012752 -0.355236787664696 -0.0546962322232992
-0.152499359871088 -0.197600851387004 -0.495975962697431 0.0240941468760276
-0.332050016208159 -0.231507359344963 0.21893484674132 -0.262431175408549
-0.263195238050747 -0.340351521181973 0.172931609343712 -0.218484467091932
-0.210761128952295 -0.427616160951983 0.161268545575749 -0.11623653266761
-0.04600370317848 -0.545543285875443 0.173306279199961 -0.0470195964825309
0.120135220326567 -0.539181491197532 0.180920677612548 -0.00265027490180806
0.256662693685538 -0.475100854183877 0.074732061186527 0.0465266906924735
0.400231685068805 -0.411606046612423 -0.0834515368038095 0.0556628319018144
0.431539994185302 -0.360672046530657 -0.175524969208173 0.117797500718276
0.387978350509012 -0.389593660766373 -0.259697598148215 0.155302654617135
0.280551973888381 -0.408900057114953 -0.260640610021487 0.154313512796629
0.165082948585393 -0.467618899004198 -0.274328376298431 0.129832219095448
0.0448659127938418 -0.457017230668213 -0.242170242227292 0.0227756779961807
-0.0734603166634062 -0.354291131185414 -0.235034754410808 -0.0427938023356158
-0.15693334381721 -0.350569139334329 -0.358725367026844 0.0437128558516259
-0.242911557554323 -0.261759981413007 -0.442177073015713 0.140941548053408
-0.334697993874494 -0.261328487462565 0.343990388682475 -0.143154697331067
-0.236850810613097 -0.386600756830276 0.278232037987691 -0.109310779190364
-0.149879036967371 -0.46938676433339 0.209460002403776 -0.0275436692074647
0.0375767520129103 -0.562962672152471 0.197309323010248 -0.0157736870696578
0.203996164597662 -0.531446607898795 0.195835739510532 -0.0551229984046695
0.322520498460398 -0.455933990923016 0.140230599506277 -0.0612320428921439
0.448744770327812 -0.403753154097435 0.0609596849605291 -0.0868718737456857
0.473858163496702 -0.380930642907047 -0.00391649623051082 -0.0320370640125118
0.416036181189613 -0.453084209746124 -0.122108025534172 0.0221377837898102
0.271663036803615 -0.499460399117174 -0.2005523575686 0.0583194718467415
0.111073245585188 -0.568541685990421 -0.271043084613595 0.101040636689124
-0.0510595573797442 -0.531434641041667 -0.249164832657745 0.059825337907397
-0.178703035712682 -0.391208358983607 -0.224365779627963 0.0487569028273341
-0.250259418548589 -0.370940626789193 -0.310991995003513 0.15878966923877
-0.304957901188096 -0.281799493364227 -0.349063718204337 0.264888446302706
-0.282199295527077 -0.249215976845813 0.440248138757071 -0.0220506182997102
-0.167477269949829 -0.360434463149234 0.341388460392677 0.00599777745959539
-0.061043292100611 -0.407050579034049 0.215662628807725 0.0623827534819618
0.111845251926936 -0.454141780127204 0.204261898445214 0.0192221035255214
0.238961130343071 -0.401962509898551 0.216604647268951 -0.0889623553934995
0.323462189873507 -0.344905501767887 0.221359774243677 -0.138939608389465
0.423635589493223 -0.32636966531637 0.213108362234776 -0.197835340592958
0.443202622745879 -0.342737852881066 0.170183344389967 -0.178453500758136
0.383073214359691 -0.436426427177003 0.0122871546221578 -0.132340965477288
0.221835817253094 -0.491400379732659 -0.146725717867882 -0.0664424865355935
0.0435575369496755 -0.545703472382739 -0.262964281267217 0.0470856077063727
-0.129077120154167 -0.491398202092541 -0.233262191226667 0.0881569915632479
-0.241690090907178 -0.34748139515113 -0.174415049368801 0.133869585108748
-0.293205735327047 -0.328680506083989 -0.218190069308008 0.254603576635832
-0.317761606299226 -0.25666116817516 -0.230174090835971 0.376817785930793
-0.198670883068252 -0.184679453417074 0.494057851937286 0.0788537606946362
-0.0989006766581068 -0.263339873230325 0.355599428864584 0.0985345258195358
-0.000529929411408714 -0.267595995902398 0.186704073828489 0.122279602166182
0.11933417348348 -0.275044816722516 0.194487940796148 0.0430855518886996
0.198698816477443 -0.223059627092367 0.230275761008429 -0.0997337039876977
0.253952684039086 -0.19591018167876 0.288964982244841 -0.172196520279456
0.328732326429472 -0.213101645877656 0.342005765677208 -0.262053743226908
0.348803220466423 -0.251568789599051 0.317199149444161 -0.299813594480841
0.300349136746566 -0.33668825924407 0.126350121507566 -0.273185296030579
0.158114209217613 -0.378478326135815 -0.10340807057071 -0.181518307278868
0.00626393876597353 -0.412507421195979 -0.254848167648709 -0.0126602066905996
-0.139719455807895 -0.363731681857401 -0.207324368465465 0.0993970616812177
-0.223740105053262 -0.250459556804628 -0.109941249557138 0.190576247965718
-0.258591739258049 -0.243441599726343 -0.113248801173193 0.311936299525489
-0.262536432553836 -0.199931972047571 -0.111941807962513 0.455777090075871
-0.107207391249488 -0.0812178974652115 0.519103016679801 0.132424263178799
-0.0553703114765363 -0.130405633427798 0.348405238496267 0.145383856681764
0.00322634004351341 -0.114141041561654 0.157450909805529 0.143516093394914
0.0595383988013925 -0.112256149865942 0.185608716265598 0.0513446100964786
0.104571993152134 -0.0708180849486966 0.23636314885002 -0.101009081888457
0.141661117207587 -0.0662053030095793 0.331244087523678 -0.177377930877124
0.183997166348863 -0.0925399397204291 0.427035991200549 -0.289103071764962
0.201992436209304 -0.126345778848224 0.415965618389625 -0.378880281112552
0.180730999674062 -0.174145040354973 0.206523830746135 -0.370384018299271
0.0943978005409661 -0.193244460852428 -0.0705522720656227 -0.258761257535582
0.00207574288567701 -0.21388287106728 -0.244193968110224 -0.0574825069451082
-0.0834482175349531 -0.193456512800967 -0.185479003328537 0.0988138684239418
-0.135547218636161 -0.131916086583961 -0.0586544443360166 0.220365149770576
-0.15824969926686 -0.138574196457047 -0.0281580371620004 0.335408370936737
-0.150923558662918 -0.120295277884239 -0.0212236761795631 0.497042639990946
0.0331654093387617 -0.00025332666557638 -0.065878692643518 -0.464040919162392
0.038542998819005 -0.0334400826561467 -0.0746914379731592 -0.355956635886192
0.0344636115211907 -0.0151033567214256 0.00538237847799374 -0.242200347615638
0.0254303433597557 -0.0210160607785596 0.118296702010201 -0.101907460796431
-0.000574884968555773 -0.0158906196958787 0.202455667984032 0.071427079461552
-0.00930463851275499 -0.00419945299369428 0.040826274581042 0.224969883575152
-0.000771341162369207 -0.0224331778449223 -0.250579271149314 0.360499218725175
-0.00452655857768898 -0.025162329267768 -0.432283525807442 0.37650049674488
0.000880783711990581 -0.0297202227007645 -0.469689006736349 0.304359168616392
0.00188385315940991 -0.0216681234845813 -0.342532415042984 0.216822183827864
-0.00567926116929133 -0.0137281830903134 -0.231509694292406 0.114280951860095
0.00634749994580664 -0.0228690663119974 -0.171333564709059 -0.0125697694809161
0.0164956357087967 0.00351640319810757 -0.143949478573824 -0.128653865563681
0.0227211765312674 0.00569951946488226 -0.293739966124805 -0.12803649764762
0.0239288850189841 0.0234855415600046 -0.498837569922132 -0.0981313146639579
-0.130980063698059 -0.0877323193712584 -0.0123345340811005 -0.428875369236479
-0.107988602072376 -0.13905539066299 -0.0349560930074095 -0.33760552686292
-0.101973895055792 -0.161473215492881 0.0351010071514187 -0.219679852486629
-0.0498457695361675 -0.222949809671829 0.123932778290304 -0.083053778206608
0.00642171388868482 -0.234438045680805 0.187503929738346 0.0729256297049045
0.0668595637471352 -0.214020887860651 0.0290699676341393 0.211978507717022
0.150031645466065 -0.201407678076227 -0.249246182329774 0.307810254040323
0.171421752390196 -0.167429350045301 -0.408140116984905 0.337637615480729
0.16307794550926 -0.153585113009985 -0.447991529969067 0.287715152522156
0.125641644542888 -0.132257069019106 -0.335744693006695 0.213221997446411
0.0899545912818548 -0.138866872140174 -0.248193546452044 0.119088275205678
0.0697351857039458 -0.146695592639538 -0.185529789563019 -0.0158433099272452
0.0340524763386678 -0.11856217538132 -0.166802861547947 -0.132570018195895
-0.00299725005530094 -0.135489571994361 -0.32133756184136 -0.111429816697384
-0.0595677767049847 -0.0960870555092244 -0.508346197230032 -0.0596090280824205
-0.260212158550263 -0.16833669510668 0.090032405446984 -0.361257365603939
-0.217588813625605 -0.245827754656967 0.055185045962814 -0.295816734504812
-0.193261091208588 -0.308222599140463 0.0919324314504627 -0.180953591323349
-0.0809368810110683 -0.411118409470918 0.144197263065338 -0.0670211080946293
0.04476192936258 -0.425944694243785 0.177423401767188 0.0470418082000268
0.160058031874131 -0.385555688369585 0.0364080098381318 0.148231258749583
0.291960492335298 -0.33833117201032 -0.192532854030848 0.19861250308254
0.32428740537506 -0.283703665565393 -0.316446816746858 0.246947220115947
0.298949703698793 -0.277583817578772 -0.373434633904322 0.241682860697208
0.227246494875966 -0.266998162756433 -0.30982706730263 0.200159529045842
0.156444413438203 -0.298394650153984 -0.265738726681129 0.130014521398119
0.0918353160095725 -0.302149713072406 -0.214823719401217 -0.00623442165532093
0.00836783818970867 -0.247556415545255 -0.206633828629804 -0.107645735682208
-0.0626458469460008 -0.262193132664925 -0.352168149160412 -0.053641269308791
-0.15097588274737 -0.196290379201954 -0.491108535631914 0.024316880731345
-0.330376556544486 -0.229947866940832 0.216749067532711 -0.262529792269984
-0.261720141132334 -0.338589082298393 0.170588201169328 -0.218177803018308
-0.209603672759026 -0.425295693469465 0.159159505314484 -0.116626861242916
-0.0475699563199427 -0.543081759681989 0.171613192492811 -0.0469899848131547
0.118979481407654 -0.538091603334587 0.178341148871891 -0.00296145923332425
0.255420557737284 -0.473202544250509 0.0727509505823729 0.045956582954191
0.398020026670527 -0.409391738575951 -0.0833554204684815 0.0545465279393955
0.429607903947244 -0.358514403480949 -0.174796547493325 0.117088006547673
0.38501594572956 -0.38721015700518 -0.25696774701465 0.154256438975601
0.278259174176388 -0.406158864088989 -0.258047360330697 0.153611857500582
0.163710006205882 -0.464998447533037 -0.272361059438586 0.129821932620851
0.0435519987433593 -0.454371548323985 -0.241209632879677 0.0225723580203243
-0.0730982033619097 -0.352090385527751 -0.235409372310088 -0.0416009228343503
-0.155655043737484 -0.348253748115823 -0.355627414668972 0.0450514164440288
-0.241711320860609 -0.260158240734845 -0.438576863587237 0.139989314020736
-0.332701488295617 -0.260617632343834 0.341618629842527 -0.143715443082992
-0.235875599448208 -0.383595033963382 0.276569259467752 -0.110242433325678
-0.149145360915044 -0.466148444849444 0.207881456871355 -0.0275453948705912
0.0363947048253773 -0.559943117874496 0.196195915341214 -0.0158754879212428
0.200819878959687 -0.529516138214396 0.19386934802127 -0.0539503431329212
0.320182045082742 -0.45450009971065 0.138800634909048 -0.0605952808395059
0.44489827401739 -0.401398373058868 0.0599019365117062 -0.0871332392710701
0.470179189540965 -0.380360957553771 -0.00417770788547647 -0.0324891712265712
0.413133910763395 -0.450750777032321 -0.120645185090428 0.0225102146134381
0.270374945512466 -0.495844165677657 -0.197905616122583 0.0577574825630868
0.109272313664556 -0.56529414033523 -0.268912621622976 0.100892385845754
-0.0533718583665312 -0.528592481489048 -0.248086071409172 0.0596943495365665
-0.177245080753231 -0.389462768968233 -0.224266702080423 0.049433110910914
-0.249131519270059 -0.369521028600099 -0.3091345983754 0.159120213545643
-0.303289459291093 -0.279487344358749 -0.345433135615621 0.264550174626219
-0.281272811191935 -0.24779020797112 0.43736694252611 -0.0218665318586071
-0.168070370767294 -0.355563628684516 0.339154428935488 0.00386812800291186
-0.0597735933837512 -0.404619987765164 0.214161282339836 0.0619408103014309
0.1089701089892 -0.451382620487977 0.204043453374331 0.0187759459219319
0.236768488164327 -0.399364434813238 0.213916927870483 -0.0885181613709002
0.322371492173659 -0.342858099171632 0.219297096259954 -0.137727963093711
0.421506301780733 -0.325550854245428 0.210881912891112 -0.197352144744494
0.441429169809043 -0.34284844085708 0.168440563644243 -0.178425114280327
0.379948808375634 -0.435432345383485 0.0128742109542026 -0.131817602500659
0.219225721897487 -0.487701367545778 -0.145244759727343 -0.0668035700465525
0.0433690221062793 -0.543083265983809 -0.261899618093175 0.0473480710243062
-0.129705917168144 -0.488152420308352 -0.232150117416136 0.0876896116542003
-0.240103001530625 -0.346759676071166 -0.174065733215454 0.133676798351679
-0.292090453421676 -0.325679757615946 -0.215997666520717 0.254523209323701
-0.315818638388363 -0.255289317039071 -0.22762704829051 0.375837409804293
-0.197716973952567 -0.184312286410295 0.491266191966405 0.0767339775271974
-0.0977930282765559 -0.261925639576991 0.35399293826931 0.0961798424349251
-0.000185424609682287 -0.265569132014095 0.18600091571258 0.120887116724807
0.117859310972156 -0.274378846389521 0.193734448506811 0.0422924654323644
0.197551361656605 -0.221438614442296 0.228494731549794 -0.100132248211239
0.251952451259298 -0.194693607277197 0.28629882578761 -0.171346564408293
0.326012205895676 -0.212271466005267 0.339164526796168 -0.262389278497478
0.346953149254234 -0.252061911068209 0.315010567352693 -0.298273405096257
0.297877847309228 -0.33502694423535 0.125773561286037 -0.272241014719682
0.157398922321483 -0.37527350940801 -0.10245479714699 -0.180965487712446
0.00525794690609641 -0.411285248021148 -0.253235397080803 -0.0116414378876634
-0.138083513649455 -0.361041953968369 -0.207071994533361 0.0986515523695769
-0.222434587820766 -0.24908340544862 -0.109187255446273 0.189846336143584
-0.257405214446797 -0.243099867515075 -0.112035716615751 0.311514802326631
-0.260403949425525 -0.198123647690991 -0.110456137936803 0.45314932329223
-0.106597250934002 -0.0804489545157792 0.515099144658926 0.128489205902247
-0.054777799410036 -0.129084252481691 0.346133979048379 0.141405938646143
0.00259302825074807 -0.113524855036544 0.157273080221335 0.142975341974669
0.0591970153501927 -0.11168753824177 0.185109505643604 0.0508215586346219
0.104329267173545 -0.070646697590055 0.234244428808445 -0.100395581725492
0.140760085104243 -0.0655930758363932 0.328052848858145 -0.176151100956873
0.182239902054779 -0.0927148703409589 0.424587817812705 -0.287646995272481
0.200283066697102 -0.126270329941193 0.413341394939178 -0.377155803845846
0.179230677643082 -0.173231284169014 0.206371140584022 -0.368195623685111
0.0937044291554337 -0.192579021664607 -0.0699622792035824 -0.257665104065353
0.0024125668063999 -0.212609114878721 -0.242723120346051 -0.0572265362475638
-0.0834004425266658 -0.191986792058646 -0.18477912400118 0.0982113306293791
-0.134531503983598 -0.132081104914195 -0.0585590977566533 0.219211762436607
-0.158090890133237 -0.137481923209343 -0.0277197733799692 0.334914300820065
-0.150042212671427 -0.118987497498244 -0.0181621099021349 0.49556736413276
0.0332276941711661 -0.000515189787527618 -0.0667066841403115 -0.463465292598403
0.0381260982216503 -0.0335197735499278 -0.0745980363765931 -0.354881670232271
0.0347029478581767 -0.0151655678859387 0.00546536856161038 -0.241241093583462
0.0247705381412109 -0.0210847250245307 0.117837382625461 -0.101139752657453
-0.00114428794762456 -0.0155724145951602 0.200922712340984 0.0706316194742791
-0.00949890747411073 -0.00505705763776917 0.0400719053314489 0.224630966606219
-0.0010598895988716 -0.0224376211190826 -0.250164792180791 0.359938122943816
-0.00466073156483678 -0.0254788074190042 -0.430803620398487 0.372419835084297
0.000598886966482907 -0.0294680123976441 -0.465469322867463 0.303653344635429
0.00190158704840949 -0.0221627738313077 -0.341318196477114 0.215202619879472
-0.00530806607111137 -0.0134692948832888 -0.229943656259099 0.114060644843109
0.00629231647509414 -0.0226756223348206 -0.170579394932301 -0.0117656759894829
0.0165251168456745 0.00278055714994089 -0.144298075261369 -0.127652813189537
0.0230734734339778 0.00497674872316086 -0.291719230758158 -0.126565442413924
0.0243430241661601 0.0231930074214917 -0.49613604732 -0.0958860690768138
-0.130382252480871 -0.0874598132567571 -0.0120864252736916 -0.428273437961258
-0.108087671407272 -0.139129733379534 -0.0362666060064551 -0.337592267484015
-0.101286902331638 -0.1613405533542 0.0342789064484966 -0.218634911587598
-0.0502776843460246 -0.222704799928684 0.123797891906837 -0.0823939632204106
0.00541104528499693 -0.233902968403909 0.186977355084473 0.0731368357303867
0.0660192870307579 -0.21338244104484 0.0276710667170824 0.211531661661307
0.150304071042648 -0.200908116945628 -0.247670728055086 0.307639426991633
0.170872297505901 -0.166887181381542 -0.405337388177113 0.335540554136862
0.161768713577955 -0.152234193249579 -0.445424796085172 0.287125447605234
0.124928443584777 -0.132227144590704 -0.334048019014519 0.212920561685768
0.0896166898520424 -0.138150254085196 -0.246129008408748 0.11885187936999
0.0694764832072102 -0.146224729478196 -0.184955270184536 -0.0160264149361653
0.034595049853163 -0.118662409332805 -0.167140976764017 -0.131866229855355
-0.00287748432916391 -0.13539449010676 -0.319427959469942 -0.109117616071921
-0.0589074462957079 -0.0959506659804427 -0.505489712549614 -0.0587950208118296
-0.259511778558465 -0.167751613301906 0.0894000079491465 -0.361111967435499
-0.21718448504489 -0.245326031755905 0.0530458560266321 -0.294820854359591
-0.192555874425872 -0.30697272269629 0.0915653546385888 -0.180146532923104
-0.0817043861160797 -0.410661602572045 0.143093645153658 -0.0662047426010407
0.0443896124464856 -0.424848532908717 0.175859413445866 0.0464870009302456
0.158938837087087 -0.382734786903372 0.0354209477195357 0.147843858892189
0.289690703859576 -0.337210260907837 -0.192077869034459 0.197829594060607
0.322887034480727 -0.284182552381491 -0.315509451631669 0.24536534190555
0.296565723663414 -0.274905077495581 -0.370525316532327 0.240218318364703
0.22538845839025 -0.265761035948012 -0.306735441365721 0.199938734702931
0.155762040003048 -0.297191936602222 -0.263879118967829 0.129742398476666
0.0906422331329571 -0.30029683822697 -0.214112810382802 -0.00553242718285758
0.00833797014384162 -0.247676144612339 -0.206526924807671 -0.106868765801437
-0.0628644811570939 -0.260958352953729 -0.350006796756376 -0.0515039586685406
-0.150052900323642 -0.195369201564564 -0.48875745581951 0.0250463171075555
-0.328334377700949 -0.228954020039283 0.215675473634681 -0.262782933882345
-0.261495820718747 -0.336835632481353 0.169552437916001 -0.218695302837771
-0.209225266779036 -0.424434025984949 0.158500931836263 -0.116201294645318
-0.0480767142501335 -0.540905456317794 0.171769163208428 -0.046510507798053
0.118813396659124 -0.53693227547662 0.177079194204453 -0.00297702345809036
0.252714437792449 -0.470927229047554 0.0719558109842271 0.0463931552618473
0.395874070744589 -0.408208172037027 -0.0835593517214174 0.0538349767768673
0.427195635324474 -0.360162767368654 -0.174148853244909 0.116699943889591
0.382644953580906 -0.384240312414673 -0.254847865333168 0.153645852359876
0.277045091748903 -0.40441032582916 -0.25661140129411 0.15250832341095
0.163086357400682 -0.461978243892248 -0.27106356562897 0.129541892885879
0.0423662668563324 -0.451879626606724 -0.240290184305326 0.0232127210111397
-0.0718736496492538 -0.351558031519509 -0.234584522436252 -0.0416236639905567
-0.156668103879486 -0.347977962676752 -0.353793456419123 0.0463690524315786
-0.239012682059985 -0.258307806298461 -0.434122492481598 0.14174988157204
-0.331758069621392 -0.260277627721587 0.339091099403656 -0.144419783940944
-0.235588606887498 -0.382558489374647 0.274920239039065 -0.110726279213435
-0.14898018463749 -0.465094374452912 0.206652496285848 -0.027747020192559
0.0360197602802424 -0.559669786547866 0.195851353297708 -0.0157797586936563
0.200604008556574 -0.527007609101577 0.191410397771496 -0.0539174533020642
0.318946603301487 -0.452520206061106 0.137426272049939 -0.0601267695872856
0.443424648017066 -0.399108392634847 0.0595543851931529 -0.0876952992772275
0.467938202252178 -0.380359706789901 -0.00445083083961318 -0.0326029258576275
0.410985480395562 -0.448059843494083 -0.11928869172803 0.0226089943757589
0.268207869723483 -0.494455888094324 -0.196596345557185 0.0567173076472759
0.10938180863845 -0.563359890966591 -0.267218205091153 0.10093598925255
-0.0534859384700966 -0.525663864787416 -0.247099039034902 0.059066070173986
-0.176713229318917 -0.388614670062924 -0.223796841965077 0.0497697350764329
-0.248108329355669 -0.368444938626564 -0.306299820896764 0.159710512447771
-0.302569846410346 -0.27810151366587 -0.343259152440283 0.265068321047807
-0.280735109455258 -0.246561841446487 0.434570792416648 -0.0238083302718022
-0.168694013135512 -0.355315281430526 0.33726787073077 0.00396283074498541
-0.059636151563635 -0.402357952225159 0.213674389771541 0.0613150282123159
0.108597144368733 -0.451180306683699 0.203540588497642 0.0182404834084328
0.236038720627517 -0.398576558647884 0.212566704149977 -0.088298550362135
0.320510819412168 -0.341988000603371 0.217765885170863 -0.136752344754763
0.418053940450955 -0.32446376341257 0.20936622745958 -0.197120552984417
0.43971898533917 -0.34141369921982 0.16677111848154 -0.178237676134464
0.378386494403624 -0.432382560888627 0.01309550649751 -0.131094003775747
0.21877680353978 -0.486210879014843 -0.143735479707843 -0.0670692485733535
0.0427566236902192 -0.540883107876604 -0.25977828618193 0.0473207062333955
-0.130052883368776 -0.486469339740754 -0.232522088242202 0.0874926244571151
-0.239766406651418 -0.345943035285836 -0.173830886380191 0.133407778837667
-0.291913085185423 -0.324990974577687 -0.213691285620084 0.254955842686514
-0.31374634153518 -0.252964480342788 -0.224870994172561 0.375088240299942
-0.197789818879477 -0.182686280495567 0.489251258351644 0.076055822688024
-0.0978503187459347 -0.259547095461155 0.352182558802518 0.0949143961162356
-0.00103569175639457 -0.264380051454184 0.185651555560326 0.120948964232745
0.116175869837632 -0.272920059112177 0.194067314587067 0.04160338018111
0.197095092297952 -0.220628375284008 0.226785213054127 -0.0998540109893374
0.251964985090188 -0.193521460898535 0.284660991000385 -0.170287874767127
0.323721807784349 -0.211732492379862 0.336091873712518 -0.260734855892553
0.345584793727511 -0.250978266649269 0.313244734593658 -0.297403529817645
0.297019246208925 -0.332986414163473 0.125144681351309 -0.271121613609047
0.157516676013585 -0.374326425395324 -0.10145682887323 -0.18107718656866
0.00480918098916248 -0.407983128697267 -0.25181546969537 -0.0114737001969589
-0.137848523581009 -0.358344517918573 -0.206723970017649 0.0985869505205552
-0.221184512380906 -0.248475690204427 -0.109481616534394 0.189144391876439
-0.257222815535536 -0.240831613883163 -0.109893487548995 0.31088928164552
-0.258958263780278 -0.197323147559237 -0.108055147395983 0.453726013624968
-0.105199204306102 -0.079915534126206 0.512747452544926 0.127683909718477
-0.0549662199035114 -0.127441168242586 0.343915275792757 0.140321116027631
0.00235773591579888 -0.112512094569498 0.156924625890663 0.142418236026663
0.0578537343316683 -0.110899238253633 0.185616911883546 0.049815292055987
0.10478275775112 -0.0702839203734813 0.232499950223446 -0.100802824337305
0.140433867806265 -0.0650209819763182 0.328295000069753 -0.175255917212582
0.181630321386799 -0.0924061918700064 0.42171800178919 -0.286743864634248
0.199933133936784 -0.126326686904222 0.410643959336011 -0.377160589634522
0.178848364157079 -0.172798323734591 0.204072031524144 -0.367830444519838
0.0935548578266741 -0.191499052724853 -0.0687426375672295 -0.256951141880332
0.00254672376068021 -0.211544239681717 -0.241515160461784 -0.0567580133209624
-0.0832481735630378 -0.190898548408563 -0.184992091908202 0.097894033922557
-0.133903300041276 -0.131623188082057 -0.0585691987637195 0.218415460045962
-0.156868115720276 -0.136545522043747 -0.0267281954038832 0.334267427007687
-0.14892431519457 -0.118615251400192 -0.0164590641414678 0.494024453300619
0.0338014451161524 -0.000199308409764217 -0.0668290127480293 -0.462909827220854
0.0380562728059716 -0.0337777156648686 -0.0755833156794262 -0.354800591858889
0.0341341693528824 -0.0150707859758438 0.00457724306973772 -0.240740921969494
0.0256682925875288 -0.0212101522249126 0.11765147541837 -0.100302794218472
-0.00124709563043514 -0.0151151123427164 0.200883784039906 0.0705183197458398
-0.00967559364463714 -0.00455977866914759 0.0387556163766629 0.224513531154119
-0.00111119407793348 -0.023034870810902 -0.249526495118618 0.360114783943284
-0.0051450124753722 -0.0255774945906927 -0.429106524601606 0.372838689260318
0.000872639396465417 -0.029979593038197 -0.464858878183941 0.301752022054557
0.00202663365970102 -0.0224825482821405 -0.339686014624114 0.213641150933402
-0.00515646130929668 -0.0136611040579397 -0.229541734619236 0.113284964048052
0.00633190152993609 -0.0222234309669238 -0.170557221148209 -0.0113630248247271
0.0167250985424126 0.00278308869272267 -0.144442122843281 -0.127466230395505
0.0227366463250485 0.00461320780924528 -0.29044584595423 -0.12525676727429
0.0248264769969066 0.0229340170306357 -0.494146493197825 -0.0942625075135273
-0.129458239046904 -0.0873250826819872 -0.0138469334977196 -0.428695818322828
-0.108209533103901 -0.139055063631226 -0.0365536597950146 -0.336890180888631
-0.100469580086667 -0.16104686804095 0.0341435592705984 -0.218025865896687
-0.049575652464305 -0.222218403059826 0.122851277157933 -0.0821313497096714
0.00583484955175297 -0.233673470388248 0.184984454838658 0.0724567020883234
0.0658797839810408 -0.213384760235885 0.0266602285145394 0.210828775847914
0.149211545615566 -0.19985765383451 -0.248546571669371 0.306570504400963
0.169377721864416 -0.16714296779163 -0.404128312201966 0.334818633931017
0.1615039395006 -0.151985450050467 -0.44360868458387 0.285571623494658
0.1243842435667 -0.131568525666386 -0.332126002273911 0.211306030113227
0.0896791377203934 -0.137389940730558 -0.24580334653578 0.118019637224709
0.0689667131772651 -0.144893012144223 -0.184551717182635 -0.0154613930824107
0.0344230001053437 -0.118819230917718 -0.167498165668621 -0.131719121445524
-0.00281039821691815 -0.135189948888636 -0.317967935039539 -0.108104061085348
-0.0580165830907171 -0.0955934273364312 -0.503189784347554 -0.0576178678237212
-0.258411121408523 -0.167641940465364 0.0889887715730728 -0.360653701332848
-0.216658545220894 -0.245678502413755 0.0526787119840563 -0.294876754558313
-0.192427140859397 -0.307012653946658 0.0906188754124308 -0.179765112963732
-0.0815392514013894 -0.410273950898249 0.14255343351759 -0.066792177804536
0.0444318843398242 -0.423251478938617 0.174746451918139 0.046603145785089
0.158733084827065 -0.382256383760964 0.0339922218116427 0.14757007268846
0.289626361646859 -0.336522666372135 -0.192366665462758 0.196540688903735
0.323339780733828 -0.283237584143603 -0.314880061179716 0.24384123374974
0.294863303986752 -0.27434134033392 -0.36889878851696 0.240668945364376
0.225198229522659 -0.264777901691812 -0.305318198182861 0.197949324197906
0.155232643427352 -0.296118831805815 -0.263031762878942 0.129113662386244
0.0902563276480726 -0.298531351443616 -0.213847585435425 -0.00539201596592998
0.00888935580918132 -0.247619615577662 -0.207395420593997 -0.106021259267552
-0.0629266101770081 -0.26092700889479 -0.349136937500733 -0.0502583158259577
-0.148546876739704 -0.194930873614791 -0.486722266508557 0.0257665098182776
-0.326820707467879 -0.22902919939137 0.215344326797513 -0.26338835987385
-0.259872635416973 -0.33584750444493 0.168122511936592 -0.219030955947694
-0.20794824378126 -0.422649344829607 0.1577024783482 -0.116196702068091
-0.0470324183760773 -0.540932739480906 0.170718227599529 -0.0470244899091853
0.118873862737675 -0.535197995082714 0.174972457570461 -0.00256714365773453
0.253968824976948 -0.470446014394265 0.0704174023756919 0.0460193476461563
0.395275078411585 -0.40647160091486 -0.0839149723843271 0.0529425587212463
0.42603825093005 -0.358301986201074 -0.173994997824065 0.115593040771241
0.382164167551338 -0.383594276144881 -0.253266466881588 0.152993528517987
0.276304714338991 -0.402156835477207 -0.255095396894903 0.1509411213264
0.162782551867707 -0.461887822907704 -0.270209250040536 0.12925482759753
0.0435154014360857 -0.450644392014348 -0.24027973624474 0.0222238947280518
-0.0727250298071771 -0.350709878100693 -0.234558740971533 -0.040822685752054
-0.15519215687343 -0.34722360442269 -0.352461060760398 0.0470593735773896
-0.237045629392586 -0.258850967272842 -0.434504645965525 0.141085573673842
-0.330768228239307 -0.259382928957395 0.33819540243385 -0.145075647965285
-0.234806088713751 -0.38060975803618 0.274007327625063 -0.111993782169017
-0.149455632757604 -0.463580687689931 0.206583634575103 -0.0276865841016469
0.0364142476072798 -0.557741800751788 0.19535243124775 -0.0166998461053742
0.20104413377577 -0.525785483677322 0.190208154892207 -0.0539102521140228
0.318795627282408 -0.450533154490627 0.136148456387815 -0.0599685249335173
0.441189699213121 -0.397364147946492 0.0589503485091956 -0.0882013748201803
0.467061124869276 -0.3794306237972 -0.0045898062342905 -0.0327315480689558
0.409907417615471 -0.445794856569625 -0.118354611820245 0.0223294117036981
0.268326853539545 -0.491955104526143 -0.195033303027671 0.0561514025501984
0.10914323061436 -0.561277157015022 -0.266718194412335 0.100799940867862
-0.0524033548001068 -0.523090965779961 -0.247252516198641 0.0588349578111755
-0.175795653531869 -0.388399485449703 -0.224703703021282 0.0499417072270772
-0.247515698336236 -0.367140363740643 -0.305178874584631 0.161045070007787
-0.299590481060039 -0.276482159410446 -0.341058393677769 0.264687949353086
-0.278797240528418 -0.245361240474637 0.43391269383707 -0.025251533133864
-0.16616923183845 -0.354902480308328 0.335377073392061 0.00237240421341762
-0.059238952520592 -0.401501726860838 0.213535824259782 0.0614003845406526
0.107571556325296 -0.448857912477076 0.20361632308148 0.0177522855469573
0.236205255577586 -0.397671686272423 0.210812793876422 -0.0880008471782921
0.319591623294973 -0.339591884043241 0.216797205845244 -0.136013374244208
0.417236402572345 -0.322213824623384 0.208815655880197 -0.196765919124228
0.438019557651765 -0.342091628746238 0.166265362478852 -0.178192179130358
0.377833266831017 -0.430075976074329 0.0138650082511914 -0.130615042987093
0.219023129793046 -0.483774297326868 -0.142833972665324 -0.0675312315684615
0.0425828261842845 -0.539700900032453 -0.258518431670972 0.0478888126952185
-0.130033753098787 -0.484826626525016 -0.232413480268284 0.0872063389051394
-0.238247170117716 -0.345518238026605 -0.173709475672503 0.13337231077293
-0.290666295150784 -0.324048461067578 -0.213286382405959 0.25524869256551
-0.312317815638529 -0.252103250473167 -0.223575102885322 0.375239687579572
-0.19633061991798 -0.183532535439921 0.486494291350837 0.0748440789750118
-0.0966116039193621 -0.25869028360728 0.350783573606666 0.0935190177281992
-7.30876312727939E-06 -0.263394911355665 0.185138575320905 0.120685033294244
0.116090027003444 -0.272711662703068 0.194074569500563 0.0413869698077747
0.197381051744325 -0.219702945685389 0.225189317751993 -0.0998413985239759
0.250957600526816 -0.19250758167282 0.284978057257402 -0.169301356443229
0.321749051648897 -0.210359033529236 0.336838965439767 -0.259087998126614
0.344370049449353 -0.251040608212488 0.312388454703935 -0.297769563059828
0.296298483848424 -0.332133994974395 0.125567085286372 -0.270746284088507
0.156500438114577 -0.373582149946694 -0.101104695924938 -0.180750794342427
0.00467141011854955 -0.408402183075197 -0.250797199634128 -0.0115114330934609
-0.138599925354329 -0.357893579877045 -0.206324685873439 0.0980164242597013
-0.220198513139907 -0.248578254815111 -0.110093468377523 0.188978619088872
-0.255484623216 -0.239155809942789 -0.109689418370029 0.311432359817568
-0.25755657751544 -0.196359216127465 -0.10647804398463 0.453584908642824
-0.105343305636545 -0.0797234452970075 0.512001081486175 0.126678643539308
-0.0539412456941952 -0.126747773073162 0.342371240055376 0.140054621488246
0.00220785731917918 -0.112258476364143 0.157632956554749 0.142712501820555
0.0576388657000462 -0.110606062856453 0.185457366942513 0.0489549187875964
0.10461853385706 -0.0695333466649161 0.231661308132399 -0.100891673914527
0.140675581941036 -0.0647250209568631 0.326430845531956 -0.175261728769483
0.180530799005834 -0.0918779923486857 0.420302689221466 -0.285450063529747
0.199127767956385 -0.125912359463035 0.408841742742019 -0.375946430482017
0.178806181991563 -0.17215254973094 0.204327898582994 -0.367604191549907
0.0933678940826624 -0.190936578814418 -0.0684602219827104 -0.257680271314648
0.0026914073718982 -0.211561130977045 -0.240874873180374 -0.0570326556610692
-0.0832746874175046 -0.190340086983149 -0.184565831496997 0.0972907332738431
-0.133323040453108 -0.131619694156874 -0.058916395399638 0.217495868324444
-0.156655903654676 -0.135691081986902 -0.0267016968589315 0.334291556237201
-0.147863119018701 -0.118380198713386 -0.0153324979578211 0.494300117103354
0.0343276566066259 -0.000280551827688157 -0.0661802843146223 -0.464334102517527
0.0379711875796891 -0.0344103558191524 -0.0757297737009092 -0.355315129261512
0.0344575883106226 -0.0155149723388376 0.00489126196392976 -0.240517236503097
0.0254800241772193 -0.0210203060376103 0.117286585115633 -0.100661480375748
-0.00157778984744028 -0.0150909483408341 0.199673143103693 0.0701972908029988
-0.00980548172759863 -0.00466588929228003 0.0374481400826306 0.224456129247304
-0.00146704584073206 -0.0234656349004112 -0.249651320088128 0.359838280467929
-0.00523274893045803 -0.0260072662020908 -0.428495088816043 0.371637504175585
0.000357479574268067 -0.0296730877504076 -0.462833545470185 0.301817665265536
0.00227364460144488 -0.0226165249378626 -0.338056361453725 0.212658667410963
-0.00458477955938712 -0.013749980130408 -0.22916550989834 0.112034126406083
0.00593607513579637 -0.0218230392583902 -0.170301150662326 -0.0109217709320963
0.017053038134475 0.00253294123534121 -0.144863918469457 -0.126982765185119
0.0227368306570203 0.00438224480157848 -0.289488056692643 -0.124292764171692
0.02480631734284 0.0224653690271012 -0.493365308351546 -0.0945330900000413
-0.12944283716346 -0.0876333205599931 -0.0129755619687313 -0.428729852342279
-0.107785696574356 -0.139920731399621 -0.0370180120573236 -0.337483950912561
-0.100442035877546 -0.16092793543542 0.0340330214049375 -0.21800442900156
-0.0489730631645751 -0.222111304260248 0.122564445133946 -0.0816661125155213
0.00605018760731424 -0.232885461137144 0.184209084838963 0.0727554976969331
0.0658109384289545 -0.212938059024805 0.0252873371353607 0.211443613118188
0.149145213049172 -0.200024526853479 -0.249498760620336 0.30687725183786
0.169880912522466 -0.166796961595583 -0.40336552378158 0.333613835150516
0.161214614368204 -0.150839253106412 -0.441001440766577 0.28475856603018
0.124215217879626 -0.131211119621673 -0.332017636527755 0.209266849013715
0.0899757614967397 -0.137155223994537 -0.245266901870405 0.117558212637868
0.0687018813175768 -0.144656653635577 -0.18499608195564 -0.0150400324884929
0.0349424595707702 -0.118739724669159 -0.167583212511965 -0.131257666339487
-0.00212193352861616 -0.135827291359968 -0.317181643739986 -0.10688552851963
-0.0575457023679427 -0.0954984456372332 -0.50109819609367 -0.0574455420949687
-0.258148470689819 -0.167332331721421 0.0889657870014159 -0.362472104846107
-0.216414472164225 -0.245333751399457 0.0514026378421992 -0.295811876093413
-0.190627980361963 -0.30718741745134 0.0903408578696788 -0.179821589313009
-0.080341779972468 -0.409613016108169 0.142215925451758 -0.0671030287098044
0.0455356293021012 -0.423390912242385 0.172306985623351 0.0462662811103921
0.158691251750675 -0.38127571287818 0.0329231923459248 0.147981835148548
0.289055867091453 -0.337268258871184 -0.19254364079925 0.195873395920475
0.322047253019097 -0.284409212950999 -0.314881322398994 0.243816238305383
0.296718871617525 -0.273828097823789 -0.367286955195669 0.239069430777617
0.225023698205524 -0.263957340306377 -0.304038023495955 0.196756003720719
0.155889028906936 -0.295566337014443 -0.262847525047136 0.129112642669717
0.0901671758106178 -0.297860906787189 -0.213656372308704 -0.00543344819049214
0.0096877993174432 -0.247151203237246 -0.207126295554019 -0.105917065965442
-0.0621636796705126 -0.26102283803812 -0.347370354240588 -0.0497839201736023
-0.147627199505921 -0.195317278418717 -0.485419135292686 0.0252647910598823
-0.32622600859265 -0.229344966397873 0.214813002272922 -0.263896960089376
-0.259435031896224 -0.33622508723057 0.166999712198418 -0.219690686026836
-0.20734637496579 -0.423035683577407 0.156569994356628 -0.116023523797167
-0.0470916077980485 -0.54118748174898 0.169674643060232 -0.0470524424767642
0.119190017854907 -0.536325391363992 0.173683952447771 -0.00233189398995707
0.252353582738932 -0.469900547199364 0.0694248703239765 0.0464007952151128
0.395258197871986 -0.404710124239657 -0.0849455051739693 0.0515297944293994
0.426024748647833 -0.359407477648157 -0.17465218373285 0.115244389475362
0.38290871557213 -0.382364723207558 -0.252641794601225 0.152355174242153
0.277181427349759 -0.402171954286242 -0.254369555873956 0.149700455624589
0.16254998197645 -0.461957175623764 -0.26999074078477 0.129252621227688
0.0427924247243123 -0.449111039111582 -0.240319238841181 0.0223263407801781
-0.0707954058421565 -0.351615522134214 -0.235938212295677 -0.0414621483415032
-0.155169169638412 -0.346863588976386 -0.351119019575387 0.0481796754877879
-0.23592647644621 -0.257353877663038 -0.431517487292928 0.141657231517527
-0.329573148876747 -0.258542315751596 0.339110171338578 -0.146300896368467
-0.233205901733504 -0.382050637997462 0.272169315066552 -0.112636775575339
-0.148526070987731 -0.463351586326849 0.205807880626883 -0.0270402312360522
0.035741447749941 -0.557363917336186 0.195784691995432 -0.0163682815112219
0.201854730620676 -0.526487996415361 0.187916792585092 -0.0537837344191545
0.317367251313819 -0.449134466817599 0.135382302371406 -0.0595091255349984
0.441472575792037 -0.396339560550956 0.0582312690873223 -0.0890556325243461
0.466479118227222 -0.379663893196139 -0.00541839270574618 -0.033034576335208
0.408717566756959 -0.444380249075503 -0.117724474684326 0.0222799955738314
0.26869002118084 -0.491882751855795 -0.194571003424369 0.0551092384032585
0.108575326643536 -0.560125760450375 -0.265727227781504 0.100960346994114
-0.0527952280085071 -0.522944806036004 -0.247581867969676 0.0588228446867663
-0.174458885267649 -0.388780007540424 -0.225039119889441 0.0503271618442042
-0.246969539517974 -0.367300653814093 -0.304136123703856 0.161362866305258
-0.297871016349429 -0.276416283196181 -0.340364264872074 0.264948297839267
-0.277995633510629 -0.246202080929858 0.432978059708162 -0.0262478860781156
-0.166282219679216 -0.353700537356844 0.334548017062181 0.00188982355433655
-0.0586500154772464 -0.400414242814941 0.212922452877267 0.0615129586477393
0.108681938893239 -0.450386018079501 0.20308681410865 0.0175828196838436
0.237324203519842 -0.396678845082432 0.209844906684317 -0.0880893758819549
0.319490593796343 -0.339568961936927 0.216358662161778 -0.135143601361969
0.415631056090078 -0.321621749159603 0.207999606477313 -0.196642733296712
0.438867339234753 -0.342034240634564 0.165656984563958 -0.178726930141908
0.376850335667683 -0.428464740111318 0.0141965061563232 -0.130672134679932
0.219308397130539 -0.482574946332846 -0.141986213646553 -0.0682874064445691
0.0422546431124674 -0.53967850616214 -0.258250037268616 0.047529291903801
-0.130041712898536 -0.483593646599861 -0.232716655178984 0.08606790405399
-0.237756464362674 -0.345853352195903 -0.174485561274168 0.133795034313933
-0.290005138188946 -0.324403550961159 -0.212418660388351 0.255043009108309
-0.31024707872181 -0.252044649911648 -0.222252765622813 0.375548629039998
-0.19597969636752 -0.183334778799638 0.48680193316776 0.0740573854281278
-0.0961738105384823 -0.257912998913376 0.348634942796761 0.0929850871549508
0.000294863384069476 -0.262826077300942 0.185422218522206 0.121359763459296
0.114263779742077 -0.27228617008162 0.194825576909994 0.0407172134691287
0.198120918543811 -0.219604188112484 0.224100897929017 -0.0996623937085593
0.251533814088371 -0.192743493924076 0.283549337083583 -0.167629732121679
0.321464325269136 -0.20974886399333 0.33491847522007 -0.26006326556622
0.343971803022541 -0.25179394232298 0.311702551271831 -0.297433704419248
0.29684412912454 -0.330803783115433 0.12641308223753 -0.270568288245575
0.157555778482792 -0.371041558787313 -0.0999929072308615 -0.181819510428252
0.00593770370672646 -0.407026212317176 -0.249850067831169 -0.0120774992936932
-0.137186823608911 -0.358179141735759 -0.20743825218137 0.0977679580197283
-0.219830024274821 -0.249590299390936 -0.110691227226564 0.188955410315572
-0.255944187894375 -0.239850029298765 -0.109380864491302 0.311917597078373
-0.256412668288306 -0.195917108698531 -0.105068949187619 0.452759558959696
-0.104964814062787 -0.0800771473668699 0.51075300984854 0.125821695091556
-0.0531991435794475 -0.126353939636289 0.340887299528357 0.138324876540141
0.00302559817874111 -0.111418602963275 0.157119189773313 0.142857477374008
0.0573897641273371 -0.110173172174998 0.18607797555615 0.0485204654863394
0.105358166285031 -0.0693702528641365 0.230309645540715 -0.100640698942388
0.14083494754245 -0.0649248705350645 0.326016473352875 -0.173889620606545
0.17963116730413 -0.0916104566399566 0.418273919683237 -0.284679361700754
0.19872486737387 -0.125462918457248 0.408337974646952 -0.375805722748244
0.178697682237786 -0.171800460149396 0.203486476756125 -0.366105123691734
0.0937830913834056 -0.190513764948048 -0.0677263827498179 -0.257627893387267
0.00281746730044278 -0.210878010683269 -0.239680936398073 -0.0567275601364611
-0.0830471250688804 -0.190022232485077 -0.184852372079538 0.0973858469083555
-0.133293110219945 -0.132087334440383 -0.0596821961457386 0.217844934738824
-0.156489510729672 -0.135541234923284 -0.0261011789350655 0.334222915982229
-0.147474193470272 -0.118626522749003 -0.0148104130329688 0.493876594268761
0.0345012214455699 -0.000776823262531555 -0.0668465647033962 -0.465123588845987
0.0375107404337413 -0.0347023777512181 -0.0757429355877955 -0.35585417841302
0.0345279402582892 -0.0160233692894309 0.00529586838002772 -0.240848077032505
0.0255383776535965 -0.0209490176084511 0.117716289083108 -0.100306510893021
-0.00181275239283144 -0.0147609815359607 0.20002129422569 0.0702556207768664
-0.00996752631752988 -0.00477565967337034 0.0365306744925796 0.225101398383919
-0.00161823179312732 -0.0237758998561895 -0.25039356895504 0.359430128238227
-0.00559223305061045 -0.0262898464527979 -0.429252897445145 0.371380995351798
0.00091517265670191 -0.0302122180846017 -0.462278395166851 0.300060887633654
0.00186025792117179 -0.0227458347339673 -0.337933692499539 0.212441254139732
-0.00420576340451605 -0.0135991471675669 -0.229182386519634 0.111584428091825
0.00607894311035555 -0.0221691227744334 -0.17049977249186 -0.0107872921190925
0.0168993071872234 0.00214311675171946 -0.145703037634035 -0.12691732120581
0.0228800045771175 0.00362064104533223 -0.28896193380884 -0.123462885098149
0.0251717096394079 0.0225135458434903 -0.493001584342544 -0.0936081315138975
-0.128913909168797 -0.0874225602660708 -0.0126864509504813 -0.431165756245815
-0.107646432554523 -0.140554407800204 -0.0375619465690901 -0.338100262952235
-0.0999224879158992 -0.161837264280019 0.0342191914310742 -0.218265182191525
-0.0495050476400678 -0.222901178216609 0.122831275284378 -0.0815617158922686
0.0058174478553053 -0.233691688896158 0.183086557261265 0.0732225375354761
0.0660023957457879 -0.213081583931218 0.0240992805828436 0.211742607802083
0.149232252299383 -0.199868150583774 -0.249630632814218 0.306287181287138
0.169638048456437 -0.16713837573086 -0.40363580173244 0.333371339883023
0.161085287551445 -0.150943836996602 -0.440123023859883 0.284590470394471
0.124753738892078 -0.130954618028532 -0.331554022167825 0.209695689953991
0.090011092143609 -0.137132869798317 -0.245499997083545 0.117698431690143
0.0687099522284991 -0.143754907724545 -0.184870792595596 -0.0154187886476134
0.0348191584658748 -0.119218554090162 -0.168697575242137 -0.131034189727949
-0.00213792279618441 -0.135818807933802 -0.316609017463532 -0.106949070865902
-0.0567303303743881 -0.0961327675546233 -0.501080251506108 -0.0575039180498509
-0.257882094760426 -0.167900865844746 0.0883853167249193 -0.363670993104146
-0.21599805352379 -0.24614327575421 0.0513389177383368 -0.297177903806675
-0.190269522558398 -0.30679799979992 0.0903542325403937 -0.1801007091616
-0.0788676871256232 -0.41040040116619 0.14193401212706 -0.066512194970233
0.0450406072495594 -0.423964057586851 0.172022994235283 0.0470428112153924
0.158471683074835 -0.381529973119109 0.0317230966867199 0.148381533349931
0.288888344330612 -0.33535071426475 -0.193512551279256 0.195150628967113
0.321946949608763 -0.284405449766603 -0.315521156393058 0.243586697202222
0.295854332693479 -0.272269730362517 -0.367841287240876 0.238975740893668
0.225791987788554 -0.262244165169896 -0.303821778384188 0.195792092911782
0.156067422754925 -0.294735595182571 -0.263225327056502 0.128821290640916
0.0903165554529516 -0.296944186036001 -0.213869208807196 -0.00575910415170895
0.00990041967605991 -0.248021235067104 -0.208788788954987 -0.105816589804533
-0.0616285064555028 -0.261485221729071 -0.347461349754132 -0.0488724226435383
-0.146877219568179 -0.19543429509256 -0.483843987235497 0.0255707149951752
-0.326320412506145 -0.229800757477247 0.21510811636915 -0.264717684599754
-0.259013486970627 -0.336901204129656 0.166632241837966 -0.22084601402736
-0.207257831108217 -0.423537854145338 0.157477156529125 -0.114767288527688
-0.0468975412774599 -0.541719774679572 0.170298108187097 -0.046335523400183
0.120469482842242 -0.535828300268641 0.172522313980719 -0.00188423106002285
0.254086096955778 -0.470064429396567 0.068545876097487 0.0470469443501046
0.39527920690356 -0.404571908131839 -0.0853673614495444 0.0511075955226132
0.426312061611116 -0.358994214632538 -0.174915745410576 0.114593111566474
0.38239851041713 -0.380906875806877 -0.252657907980942 0.152451084895093
0.278070887160435 -0.400888060252155 -0.254397852873229 0.14894188791602
0.162956361386628 -0.461220129156519 -0.26964925353392 0.129137201586136
0.0430594916892379 -0.447789732361017 -0.240714259232504 0.022038319365736
-0.0698467793842061 -0.352568371052939 -0.236487302268098 -0.0410956817465339
-0.15453864025009 -0.347693819699681 -0.350835818615952 0.048981334678653
-0.23549637080233 -0.257292739636249 -0.431867286788712 0.142472976530032
-0.330016939889464 -0.259034391443096 0.338971041726864 -0.146416549187513
-0.233848699089728 -0.382417929213533 0.272001048644073 -0.112932117907749
-0.146456804772493 -0.465016092435251 0.205593095343985 -0.027027982855577
0.0366991060958105 -0.559088462012056 0.19598011727269 -0.016295610760353
0.201825838653378 -0.526619035639786 0.187699029513441 -0.0528258671398114
0.317857200589616 -0.44884762552503 0.134652160768358 -0.0588170739414064
0.441764342029259 -0.396061107944065 0.057284686478389 -0.089410942865675
0.468318048584082 -0.380065014766961 -0.00589796722344391 -0.0337049888564297
0.410441960445595 -0.443792908017189 -0.117522767599463 0.0220159093544875
0.269932188993136 -0.48998749557964 -0.194491114214761 0.0537338323297642
0.110433967788096 -0.561487222840357 -0.266080285935551 0.100548755252086
-0.052255207131569 -0.522859698208597 -0.248382020498353 0.0577327715715695
-0.173557735503862 -0.389898135992087 -0.226169279473756 0.0497841252980672
-0.247367695271914 -0.367922563085647 -0.303590346271254 0.16224935377891
-0.297734887700362 -0.277745058569853 -0.339717793978132 0.265054677040681
-0.279070161045594 -0.245423868751232 0.433683758435316 -0.0260667020818854
-0.165393301062241 -0.353021028550115 0.333591084648239 0.00107384510530188
-0.0578725410254192 -0.401393105905349 0.212581589009307 0.0624207317358972
0.108155947156223 -0.4493357082278 0.204219346456921 0.0168086784356433
0.23774569177243 -0.396552434236499 0.208891830661833 -0.0873546705514536
0.320312717245928 -0.338972568127155 0.215838483613104 -0.134117648509458
0.416882599283897 -0.3199657207503 0.207575551964663 -0.19736490795901
0.438591323160912 -0.342314960264057 0.165283547173528 -0.178082954955712
0.377353855928217 -0.427184381731136 0.0152919619848778 -0.13050188918728
0.21930908600167 -0.482251389340964 -0.141592758802066 -0.0690489080158041
0.0436981336910548 -0.539286982380366 -0.25765446272193 0.0469891417368437
-0.127994838364761 -0.482395325814826 -0.233438327954031 0.0857664157613339
-0.236503255621667 -0.347139222352963 -0.175296420394977 0.133506899302544
-0.290352267990109 -0.324307420569924 -0.211598803124146 0.256863170570168
-0.309730681368823 -0.252556752706005 -0.221052803676432 0.375771827335524
-0.195984038663514 -0.183714339544005 0.487048697572684 0.0745973210196668
-0.0956971964687451 -0.258364981606376 0.347989614981526 0.0929199286328913
0.000502634609916498 -0.263297626297418 0.185356731202521 0.121735068969714
0.115299029055705 -0.272237852443275 0.195187795701011 0.0405328209988402
0.198364508295557 -0.219034243539236 0.223191942496857 -0.0994486186939267
0.251859297584793 -0.191794232997644 0.284220315503367 -0.167003511054141
0.321670130764517 -0.208951860420282 0.334746682561018 -0.258762329712339
0.344936681252097 -0.251040008727975 0.310915370475454 -0.296390759083417
0.297163662445384 -0.330124454844725 0.127138030453844 -0.270502314032776
0.157311028537378 -0.370893594830336 -0.0989790884235813 -0.182536690769985
0.00490446705878269 -0.407937648128314 -0.249474370466706 -0.0116953774114635
-0.136861401315352 -0.357260030220459 -0.207675357205819 0.0969574483949082
-0.219353167562137 -0.250178076939592 -0.111188913241869 0.188936172876993
-0.254619287713072 -0.23955639806141 -0.108716257116903 0.312712044801085
-0.256058183465664 -0.196549533437958 -0.104306852344438 0.4542965202523
-0.104972237691463 -0.0802502033035644 0.508965348242483 0.125778930828955
-0.0534352943550405 -0.125750637410769 0.340711189345997 0.139142948872177
0.00387937985358 -0.11170732953666 0.158066098795091 0.143231968848044
0.0565968329297159 -0.109753972671701 0.186954183254221 0.0476863262086245
0.105893947779309 -0.0697210127107366 0.229989432285721 -0.100721215978627
0.140606278572444 -0.0644150301212425 0.326075797095688 -0.172273526408303
0.178539784564394 -0.0916912614502865 0.41750496355486 -0.283066200721966
0.199115960394874 -0.126086722865142 0.408504433041513 -0.374084200708012
0.178893732112153 -0.171305488938613 0.205758240791345 -0.366951806536016
0.0943484353378638 -0.190885041806613 -0.0666034351561302 -0.258316119077165
0.00295308488835221 -0.211088502316448 -0.239300896972767 -0.0572676689165377
-0.0832071955682444 -0.189761725005227 -0.185515710756293 0.0970215946399184
-0.132495668722964 -0.132310654484305 -0.0602393882956691 0.217368939760194
-0.156324859039489 -0.135732659144146 -0.0264955107333839 0.335503390148334
-0.147042982431816 -0.118546107364996 -0.0142143227592416 0.496101541779151
0.0348729701984822 -0.000543906649564016 -0.0674370820672561 -0.46721823001233
0.0374927544553323 -0.035643790263052 -0.0767852905493479 -0.357270913115647
0.0346763693656636 -0.0156854296778924 0.00521943253912538 -0.241831341776336
0.0258093888048674 -0.0213938872214084 0.118031351743261 -0.0999931834961694
-0.00195965160815225 -0.0150728504870172 0.199718377667825 0.0708047967677366
-0.0100534133028493 -0.00488717423862132 0.0358181360416534 0.225633927573733
-0.0021060816221958 -0.0240996751452183 -0.251268578814758 0.361359055284657
-0.00604689616823529 -0.026855571118845 -0.429924617354568 0.370464401362139
0.000558975731610212 -0.0302351002535231 -0.462864494975419 0.301102152970841
0.00197156599053969 -0.0231468812816949 -0.337628235899414 0.211319782835795
-0.0037934379437359 -0.0133645062792268 -0.229743863643333 0.112074270998094
0.00564998776867474 -0.0215658819372605 -0.17077792942433 -0.0104578711104972
0.0170946644825917 0.0020505628580254 -0.146125192855538 -0.126992990054935
0.0227955400949686 0.00317814581999649 -0.289461848455011 -0.123189625544132
0.0257753617093797 0.0222650725314556 -0.492776614058946 -0.0933446793024997
-0.128792095922979 -0.0885361925900603 -0.0129811743534535 -0.431951203465974
-0.108374175393602 -0.141100751091556 -0.0382659475935174 -0.339236974512292
-0.100008532852563 -0.162293401385429 0.0338825200010124 -0.218928042360187
-0.0493939661108408 -0.223472041167936 0.123026874249356 -0.0809272951787894
0.00615627917535848 -0.234403863130736 0.183164898301311 0.0738303132151789
0.0663574440165874 -0.213658380768312 0.022513178676052 0.213154688000052
0.150070688097641 -0.199892859140478 -0.251171559691158 0.30631607895796
0.169716141463998 -0.168037837339223 -0.404718029196156 0.331738461497808
0.161711454571703 -0.150744336160933 -0.441377926069884 0.283410305283267
0.125758003780607 -0.13104842716314 -0.331129286051321 0.208810209606086
0.0911090264319783 -0.136616728821137 -0.245491389924331 0.117044390492984
0.0691692343902012 -0.143793051409787 -0.185364581898004 -0.0150148554771683
0.0353471973255332 -0.119438102834159 -0.169276282008543 -0.130873486252358
-0.00235413508423042 -0.136509706801102 -0.316188110477685 -0.105004984620829
-0.0562906843968046 -0.0962075361856142 -0.501080967910679 -0.05730335787194
-0.257116018423004 -0.168410470367069 0.0893872517137187 -0.366031576953436
-0.215939970479021 -0.248242331821668 0.0512535670249878 -0.297862755522998
-0.190243517151602 -0.30851767301562 0.0899527127217191 -0.179522156992943
-0.0795235505551792 -0.412325860789915 0.142041529046528 -0.0662562986225103
0.0462941207661924 -0.424627853559606 0.17129729293649 0.0479025040481099
0.158818376289362 -0.382287579595218 0.0308598742833755 0.149341870446766
0.290750897293564 -0.335490601906466 -0.194745695364114 0.195085573937147
0.322854194286206 -0.285676851125602 -0.316987645593883 0.242892681330354
0.296673989721734 -0.272261315675051 -0.366483688215977 0.238910698894317
0.226490093452188 -0.263061832089011 -0.304083106382673 0.194987940485542
0.156940544074384 -0.295135856389358 -0.26303737805185 0.129029961208572
0.0909106718103321 -0.296314424927082 -0.214231537359619 -0.0063506676645755
0.0107317373411103 -0.248758770805163 -0.209767481324301 -0.106551131208203
-0.0615957054325068 -0.262338598726439 -0.347304013692879 -0.0474756986978011
-0.146316865413756 -0.196573196302468 -0.484522430968895 0.0264546566318477
-0.32694372531549 -0.230279451732818 0.215220957880049 -0.266510884606714
-0.258548109736137 -0.339190219009594 0.166083107053656 -0.221198019520154
-0.205584822439151 -0.42505916740601 0.15697104232797 -0.115227524529842
-0.045815801360125 -0.543660027557938 0.170591623116314 -0.046959178732967
0.121247551865283 -0.536584121681395 0.171979256985956 -0.001176273763273
0.254139777251034 -0.469854700127455 0.067420709322661 0.0478189634524931
0.396487123840184 -0.405958690885517 -0.0865802392210704 0.0501782777400483
0.426148484330505 -0.361591310051011 -0.175759572728994 0.114535310376639
0.383062529246453 -0.379699250639603 -0.252079839274012 0.152122281881525
0.27761793336553 -0.400193816927235 -0.254955661997663 0.14876490532506
0.164023239714123 -0.460969512585594 -0.270138452317411 0.130045657234925
0.0435288568280556 -0.449256160556719 -0.241339606843805 0.0217552641097198
-0.0690755773362484 -0.354032140083636 -0.237932304859482 -0.0410537149129193
-0.154750084687548 -0.348044760267848 -0.350216332429506 0.0501830902952721
-0.234544935866819 -0.2598098213267 -0.430519608803235 0.142425746828227
-0.330071053134003 -0.261424536131961 0.339747222338463 -0.147955841050034
-0.233463736405975 -0.38270581972927 0.272077608245371 -0.113656880256473
-0.145754552033843 -0.465638613166348 0.205215292259939 -0.0266674027383913
0.0363064381916311 -0.560986238948636 0.196090453034331 -0.0167897699980289
0.203934294692411 -0.526776031134495 0.187049189220441 -0.0528140196166013
0.319421453172734 -0.450632020593034 0.133690416428992 -0.0581087148083822
0.442827511797596 -0.394897239624288 0.0573698304088113 -0.0905408681054143
0.4691897826976 -0.380717795692256 -0.00632027154960649 -0.0340902285663866
0.411996498241143 -0.442643333058672 -0.117301025834396 0.0219417253867385
0.27047114994104 -0.490500125474721 -0.19466268377977 0.053465959481971
0.111616525004383 -0.56218931217392 -0.266386294891718 0.100875403107514
-0.0518699134476322 -0.522812834660495 -0.249257692637632 0.0578641681141004
-0.173416272858546 -0.392150111919656 -0.227635030931221 0.0499098002769841
-0.246289739709727 -0.368296822178108 -0.303264041874704 0.163312074912717
-0.296826885213613 -0.278853421965023 -0.338198114409138 0.266922657280928
-0.279809598161911 -0.248072626871719 0.433839233576534 -0.0263953273541502
-0.16428609234857 -0.355370042264899 0.333329557644924 0.000812251293859568
-0.0569255183436903 -0.402280634386866 0.213319202128099 0.0629839704814734
0.109299841679955 -0.451295982232624 0.204448783703707 0.0169389273381143
0.238654526799763 -0.398432526786374 0.20828716767072 -0.0869252211747824
0.322336771417693 -0.337978715903545 0.215795232946555 -0.133706730636873
0.4174548768333 -0.320837603343017 0.207228373724484 -0.197509249450298
0.439423266881554 -0.342621124213205 0.165459021443242 -0.179158575205249
0.378881850576691 -0.428690081124652 0.0160418045972216 -0.130752613166709
0.220478531008947 -0.483064558303847 -0.141331511444752 -0.0701730164814255
0.0447198235822332 -0.540259122147613 -0.257889924918571 0.047141978358862
-0.128239287708474 -0.485004315681078 -0.234820662118161 0.0858207547524838
-0.236473123664372 -0.34909278589183 -0.177193633100529 0.133859862553607
-0.290089695766345 -0.325488546896011 -0.211306971804594 0.257817796221113
-0.309104936138854 -0.254236712819602 -0.221324385979648 0.377490793616661
-0.196300124629428 -0.184448500520193 0.486840278439798 0.0744385043993268
-0.0947170809320163 -0.258724396017702 0.347867370273071 0.0921821440529807
0.00135325663072007 -0.263759394702442 0.186138588466756 0.122521090456378
0.114862089174046 -0.272844400616758 0.195741434042864 0.0397770709255978
0.199998398915642 -0.22001832768316 0.223144640574921 -0.0996903906080319
0.253034187657284 -0.191343503165877 0.28447137562535 -0.166603463768289
0.322249126281663 -0.208758710273399 0.333861945780441 -0.258731294059114
0.345567038109241 -0.251245146595106 0.312185572253359 -0.297847838093523
0.299190576463669 -0.330995398511853 0.127758174159671 -0.271165727404645
0.158217986662435 -0.371869300625358 -0.0983865697861046 -0.183482258003288
0.00666733164195119 -0.410049873508215 -0.250157045673323 -0.0121753492349904
-0.136511842400455 -0.357680913962791 -0.209097736814182 0.0970965374763674
-0.219619927515398 -0.251633122464411 -0.112811760616552 0.18913945471599
-0.255643010413959 -0.241070013425346 -0.10917137400044 0.31378991995943
-0.255265421827902 -0.19769586796014 -0.104214572673136 0.456878517692228
-0.104817115664504 -0.0803398019571376 0.510890959271899 0.127003973400626
-0.0521741914201702 -0.125684117728679 0.340850994436643 0.137571226420609
0.00359258090013322 -0.1114419607123 0.158338700257083 0.143372192642353
0.0565318954247855 -0.109247586618235 0.188085114348437 0.0472711254292579
0.106886928987848 -0.0700041478843564 0.229434035461022 -0.100523563340706
0.141380854992453 -0.0645755637730276 0.326673490823104 -0.172212372966363
0.178998942091848 -0.0913472666349339 0.418896712592819 -0.282379088758306
0.199226315077793 -0.126484086970764 0.408842268923778 -0.375963876457849
0.179278729821036 -0.171515491080391 0.206756377152053 -0.36841552373457
0.095134214010108 -0.191115664096597 -0.0659685239555684 -0.259905889782806
0.00334953691463813 -0.210941572857337 -0.239181310000202 -0.0574291833572594
-0.0823864574097967 -0.190334889974431 -0.186667269008282 0.096837655385535
-0.13264934581229 -0.132798702787585 -0.0610793527211529 0.217851367569832
-0.156442802190063 -0.136436367573142 -0.0271095059683945 0.336903972523315
-0.146305649688824 -0.119219270951217 -0.0126563607212837 0.497010247986942
0.0352021633309192 -0.00107412671912089 -0.0685373085294924 -0.469904170866231
0.0373845524099769 -0.0357319728617806 -0.076840928038882 -0.359888291489698
0.0346580710390224 -0.0164640759822713 0.00505893171959785 -0.243208995280413
0.0258664234397339 -0.0215754633208996 0.118693095279025 -0.100691863416127
-0.00220708212396948 -0.0148708410805915 0.200569032081094 0.0711501402149363
-0.010407362868689 -0.00505985720115303 0.0350067589415654 0.227825040241013
-0.00169920997268979 -0.0248513863410081 -0.254170048301329 0.36212679454282
-0.00635297480803929 -0.0270140632183112 -0.430408782750201 0.371380612077558
0.000983708371718596 -0.0306907951384941 -0.463079466144938 0.299907279430932
0.00240401898655933 -0.0234835881824582 -0.33921351765597 0.212300344123066
-0.00314790727880548 -0.0137699831439495 -0.230300626090971 0.112078202182043
0.0059785148112729 -0.021625494881389 -0.171657146460574 -0.0106932001097286
0.0173932422946051 0.00248939078953404 -0.147202538990267 -0.127627530952059
0.0228479286528318 0.00297472696915065 -0.289806332867243 -0.122835654468398
0.0261562031303671 0.0219265395359134 -0.493670653477837 -0.0933008288283904
-0.128998708674401 -0.0889499320761614 -0.0135202997571836 -0.435555536604641
-0.108567963643564 -0.14303459525669 -0.0385723187215028 -0.341747182306508
-0.0994227359878241 -0.163437257161276 0.0337796792125235 -0.219562645803546
-0.0492935906587857 -0.224549265997087 0.123278656565173 -0.0814961785998805
0.00622121778865683 -0.235407092623302 0.182884151209057 0.0740543718565724
0.0663858393707559 -0.214237964522757 0.0218840174228751 0.214225059967986
0.150583544527634 -0.200780653760372 -0.251957732952327 0.308027124435982
0.170334406468228 -0.169057818956269 -0.406787038008062 0.333434421043628
0.162554074781364 -0.151238286944734 -0.443264577289692 0.283879325272842
0.125861819426812 -0.131583327962765 -0.332526729624518 0.208504640191003
0.0912127258533577 -0.13692549026154 -0.246748471454207 0.118026272843965
0.0696617866187205 -0.144066107065819 -0.186877400532131 -0.0154140827428204
0.0357385413229136 -0.120825299126003 -0.170812541680363 -0.131989701615375
-0.00218626509637417 -0.137610906607265 -0.317001483756388 -0.105323852483314
-0.0556789722900897 -0.0976925266080947 -0.503397484321832 -0.0576972712592208
-0.258694278262943 -0.169339039152951 0.0894101833972648 -0.3673520857417
-0.21638120934837 -0.249883882634865 0.0503876567523836 -0.299968091452248
-0.190378242054382 -0.310905297907429 0.0899953373078375 -0.180711820879999
-0.0787233970394512 -0.414008756696719 0.142780668753982 -0.0670457296717978
0.0479118139580759 -0.426807539645466 0.170607699293925 0.0485144797439806
0.161011284869246 -0.383413313287458 0.0292609360946401 0.15024516215701
0.291480140480566 -0.337097832613506 -0.196997399096918 0.195036245432148
0.324053738190248 -0.287191555829382 -0.318097172148275 0.243531370255134
0.299550267552387 -0.271870521670369 -0.368591348780747 0.238808265427797
0.228082306591405 -0.263098314861629 -0.305729382742828 0.194463553730783
0.157340988959388 -0.295831612206606 -0.264500156223994 0.129356467910651
0.0911945612146004 -0.297261608550902 -0.215525696622715 -0.00611156368093526
0.0115062767135846 -0.250112324956909 -0.210856123981769 -0.107110815505189
-0.061105736837547 -0.264517795774998 -0.347927617501366 -0.0471477536700856
-0.146468632019194 -0.197379278301412 -0.48485702535083 0.0273291975948469
-0.327371815665243 -0.232699007081862 0.216996405554019 -0.2686344367891
-0.258467102128357 -0.341671236808772 0.165751356858983 -0.223020938069414
-0.206626732619421 -0.427479442649363 0.157313125323947 -0.116389714503354
-0.0459985444196819 -0.546760951285196 0.170664434520779 -0.0468226534696402
0.123401228486581 -0.53947791166978 0.170635547914908 -0.00124990994275275
0.254687760192064 -0.472126741412035 0.0671674250314884 0.0490294185396979
0.398189056401891 -0.406587332327079 -0.0876150626840376 0.0496612177826917
0.427743826836691 -0.362267591746432 -0.17700020083704 0.114889824855557
0.385617679493718 -0.38021783003691 -0.252636000351675 0.152460659130563
0.280610762033981 -0.401043367205782 -0.254811659007937 0.147747179162506
0.165570911884968 -0.463260643470804 -0.271778868327849 0.129906064709695
0.04420131234651 -0.449956908436059 -0.242780233266398 0.0213379803850576
-0.0703470209537438 -0.355290013501728 -0.239663540204098 -0.0410168003541265
-0.154579695395592 -0.350096290405103 -0.350685479311989 0.0515363051531689
-0.234497247989809 -0.260148160687065 -0.43145646923301 0.143078621443711
-0.331913749245958 -0.262637377939512 0.34054259609576 -0.148677100989455
-0.233470167051849 -0.386040685720481 0.271847210075229 -0.114793163005973
-0.145804025157947 -0.468625633731282 0.206346313206961 -0.0265910979362033
0.0372531694650704 -0.562474266048009 0.196679202772948 -0.0169426316791948
0.206438470672641 -0.529945644891897 0.185797112771979 -0.0528554885084892
0.321819494971502 -0.450754138412922 0.13430238994678 -0.0573981212432198
0.443882069076919 -0.395862175848279 0.0567990264816132 -0.091870343475634
0.471470001919685 -0.382853858302908 -0.00684812984990626 -0.0340523923673088
0.413998257593692 -0.442957783483627 -0.116474311067065 0.022172552246028
0.272565752707036 -0.491934324657081 -0.194866485631452 0.0524613369430465
0.11321439356303 -0.563713741849826 -0.266805423051197 0.100704613092973
-0.0508942863809216 -0.524982074562508 -0.250760387486741 0.0573796408987546
-0.173450011293968 -0.394325561450711 -0.229375392811163 0.0506339812723865
-0.246708786484365 -0.370539546504528 -0.304107755574253 0.164333160876229
-0.29729932187694 -0.279252146991229 -0.339255193918654 0.268817110086127
-0.280123114712916 -0.248520467520996 0.43589380010656 -0.0278657299738235
-0.164438929834623 -0.356709119256022 0.33434233259755 -0.000283913118072161
-0.0563328979240726 -0.403957405092243 0.213742370865053 0.063467892268651
0.109002108231777 -0.452384638947873 0.205897105337664 0.0164494046870094
0.241269192297479 -0.399936521763743 0.207827131047152 -0.0872692524407037
0.323670074068313 -0.338731963090576 0.216078972940948 -0.13352849086071
0.4182667730691 -0.3212075437857 0.207818857600113 -0.198874926006518
0.440870393243196 -0.344042305319131 0.164967429066332 -0.180272704005589
0.380817436766111 -0.428835722788274 0.0165841366796382 -0.131810307173071
0.222346414664561 -0.483616537392672 -0.141465723306145 -0.0715641953483282
0.0450380010117484 -0.543147233820696 -0.25897260377142 0.0468496482279713
-0.128200193956104 -0.485842370530582 -0.236174052375264 0.0854730130263288
-0.236996331202823 -0.351029968232412 -0.178770820337307 0.134206701236882
-0.290792284691464 -0.327295342117249 -0.211680243903486 0.259715459819504
-0.309681245542513 -0.254939524535092 -0.220875772200556 0.379667449960731
-0.196987096198358 -0.185932779015552 0.489335595148145 0.0742130605134647
-0.0946520576660519 -0.259552887614578 0.349472018111698 0.0921109176674647
0.00194051549600806 -0.263954460525412 0.18666461518955 0.123224109860451
0.115808798600264 -0.272865807696312 0.197345546758548 0.0393836806920419
0.201818730213364 -0.220640571630836 0.222449626889534 -0.0998722546775576
0.254054868473601 -0.191593538483445 0.285599024282831 -0.16620842486685
0.322538658562631 -0.208963226023486 0.336728658213875 -0.260004567601784
0.346506323113263 -0.253544464620261 0.311522244118689 -0.299929253116937
0.299875847715766 -0.329795076290528 0.129077489911855 -0.272371005956225
0.160161171739228 -0.372642465919543 -0.0981105001128723 -0.185235708794365
0.00664552641068 -0.411287033324934 -0.250395368512695 -0.0124094997665877
-0.137071051840094 -0.358814973543546 -0.210255436704429 0.0966384143857272
-0.21971280020674 -0.253145756964674 -0.113765888976573 0.189469258893941
-0.255582827058344 -0.242193370827532 -0.108764709185435 0.315901653540134
-0.255604533314508 -0.198643874724458 -0.103286770267107 0.459379667612139
-0.104970453002858 -0.0812431479314054 0.512522317630544 0.126243616470925
-0.0520402411394845 -0.126030414910492 0.341111684226804 0.138574383227743
0.00396182986986873 -0.11160485936413 0.159607887598449 0.144356221101989
0.05621522434931 -0.109269704488067 0.18914690497595 0.0470004892051503
0.107865403932721 -0.0703710035153188 0.229781135291887 -0.101088032746601
0.142007652174121 -0.0646132697263743 0.329281267250603 -0.172604898371362
0.179169501458061 -0.091324829606057 0.420204703127195 -0.282715273752055
0.200599142195508 -0.126730642004073 0.409646570872238 -0.375179693799236
0.180406634222656 -0.171976893079172 0.207743685190185 -0.369126879449961
0.0958508059778106 -0.190953031220442 -0.0649259732670242 -0.261965816992085
0.00354844401072252 -0.212497508349863 -0.240188238817488 -0.0579263513879404
-0.0829894952279107 -0.191111460112411 -0.188128160172833 0.0978739252605485
-0.133513902224903 -0.13391629389428 -0.0617409270668696 0.218585920134997
-0.156896611671544 -0.13642251747934 -0.0270026858286796 0.33855936829144
-0.146959439734502 -0.120072969082828 -0.0115201268859909 0.502596942765739
0.0361680295189577 -0.00153238246921563 -0.0699531473200896 -0.473462567485727
0.0371321618208305 -0.0370689796710119 -0.0782263325789695 -0.361594369516468
0.0348945881832777 -0.0166573098039798 0.00476117072266891 -0.245005146848014
0.025947700755342 -0.0218175965373616 0.119375944485128 -0.100653483967827
-0.00257688141745979 -0.014786689741598 0.201415810295127 0.0717730201249173
-0.0111133424020724 -0.00475621301378161 0.0343430071178175 0.229044776509248
-0.00230472867965363 -0.0248065105370925 -0.254671837469439 0.365895984511115
-0.00672304506742351 -0.0278255715745397 -0.433386671441993 0.373315582808544
0.000442934693441823 -0.0309398924245259 -0.464910405560758 0.300936952225234
0.00237941826177802 -0.0242060700858624 -0.340086994319712 0.212458662172381
-0.0033335179513613 -0.0140686882263432 -0.231827832107328 0.112196321295731
0.00570146855016874 -0.0216534391634847 -0.172994404847596 -0.00983084083584099
0.0175206519602456 0.00157774300132784 -0.148997325452146 -0.127663824323558
0.0224454210258508 0.00294923568035915 -0.290414894169488 -0.121934558416747
0.0263778001861928 0.0219799734208936 -0.496588103328799 -0.0934322616759991
-0.129344839117231 -0.0893679985817796 -0.0146509291350123 -0.439389612288607
-0.109142193991211 -0.144346079344636 -0.0401870070671856 -0.343979077809392
-0.100143033661884 -0.165066745346498 0.0333497539173483 -0.221510493018067
-0.0495255517229541 -0.22650427314818 0.12393015793287 -0.0822665327076038
0.00627163564514987 -0.236963601873662 0.183646322674924 0.0753220610748499
0.0668405222602339 -0.215102793075125 0.0208736792125759 0.215709179249109
0.151503891647564 -0.202691346461761 -0.255605562725827 0.309633487464246
0.170867462990492 -0.170608103740496 -0.409343595993846 0.334629408073879
0.163695662959948 -0.151689456273016 -0.443808749753556 0.285259607447708
0.127097844158176 -0.132094589481582 -0.335051025554074 0.20871600200344
0.0919267092837647 -0.138090485718344 -0.248092952678482 0.118165106993697
0.069698639401014 -0.144616252280276 -0.187601430313529 -0.0147053558578823
0.0355601659111355 -0.121324269965552 -0.172510111628337 -0.132144842421806
-0.00224008349468343 -0.138728298277848 -0.318450334419321 -0.104361927931648
-0.0556169607608992 -0.0980733715684315 -0.504297320576443 -0.0560309811395814
-0.259582781878675 -0.170521399171074 0.0890588413473842 -0.372161236089164
-0.217471273612799 -0.25177905125094 0.0496710103180818 -0.30190823372759
-0.192221833829875 -0.312107168883102 0.0906361265837238 -0.182016046811385
-0.0803805460074149 -0.417188491824648 0.143626339713802 -0.066991002201754
0.0477418570387243 -0.429072979280256 0.170867894690057 0.0490142467769231
0.161289732982855 -0.385222412307012 0.028636251280078 0.152241862474378
0.294205900968348 -0.339250289415779 -0.198921484130947 0.196334500885787
0.325400704317347 -0.290175577232011 -0.319387014062207 0.244054987400939
0.300749871080103 -0.27382495237137 -0.37001253618041 0.239783317564635
0.228210802775172 -0.26405762180266 -0.306419431029253 0.195463183574159
0.15871140275825 -0.297388304445364 -0.265171980215835 0.130344632647242
0.0914056873973259 -0.298052791240592 -0.216930383223042 -0.00600634518689146
0.0115625529478585 -0.251500852210422 -0.213465437538181 -0.107042213551511
-0.0612740725570473 -0.265601637130875 -0.349339038292061 -0.0461375146547797
-0.145839001899623 -0.198332109657148 -0.486273088723155 0.0273610289977881
-0.328638564377756 -0.232481064265546 0.217648868389289 -0.271910804005154
-0.260848922862303 -0.343432940098602 0.166310346342668 -0.225297565218366
-0.206501179794328 -0.430503412683234 0.157587514394142 -0.116541496943111
-0.0459409771049516 -0.548967344070055 0.171449249653731 -0.048030397730521
0.125599380010862 -0.543363823576257 0.170179579930755 -0.000833486045014561
0.256138627986271 -0.474539256719311 0.0665225705919317 0.0497962673381235
0.400315527924182 -0.408006467484944 -0.0891456346552292 0.0490101596588203
0.430142855725807 -0.365341463778047 -0.177667161037931 0.114839646571809
0.388326373381974 -0.382400314515356 -0.253177036245042 0.152819237517135
0.281925077991492 -0.402586325378672 -0.256528188670521 0.147940465711769
0.165587117663318 -0.465950797979497 -0.272324517260943 0.130510674070821
0.0435837042453893 -0.45179391904416 -0.244995022458669 0.0213775702906639
-0.0693111337055789 -0.359171358081143 -0.242132273935024 -0.0411247584500218
-0.154766175094483 -0.352656569822056 -0.352159249474466 0.0520150234002439
-0.23348428644012 -0.262200379025832 -0.43298508685892 0.143783565051036
-0.332816254184478 -0.26340051359406 0.343060597297166 -0.151129925269797
-0.23399834400792 -0.387658077523119 0.272739674141348 -0.116589984808036
-0.146272440984578 -0.469404491468879 0.207260392815743 -0.0267927732917117
0.0370962799140014 -0.567320814080617 0.197361169158188 -0.0177374106805142
0.208649572758999 -0.533613701204129 0.185644150301383 -0.0527941260061196
0.322945567420247 -0.453227297715549 0.134310097957075 -0.0568966744853684
0.445809021466434 -0.39626137500075 0.0563671433264182 -0.0926791126939063
0.473986797478255 -0.385028254157423 -0.00780445843755938 -0.0346573041141921
0.416365567791371 -0.444061978092127 -0.116615376124717 0.0216725535351276
0.274079251073803 -0.492870148006484 -0.195477689579825 0.0519020415001785
0.112857208673734 -0.567176294705447 -0.268012852014767 0.101913825308232
-0.0508017921911354 -0.527160326414493 -0.253045304624168 0.0574079862042771
-0.173892222853122 -0.395399973908441 -0.231228577219757 0.0503057656440418
-0.24838915213399 -0.372448713365767 -0.304360128372478 0.166340681728051
-0.299094594300314 -0.28040902507076 -0.339547105784216 0.270297570324133
-0.280459464970551 -0.250849979219252 0.438474010038101 -0.0287339972923209
-0.165123495375489 -0.359240377544365 0.335248125889935 -0.00103715562734837
-0.0565157197350084 -0.406027747570087 0.214745866290778 0.0634447877439258
0.110123079101577 -0.455259233742947 0.207361811332724 0.0155973564769752
0.243317716690655 -0.401080918077727 0.208305585390256 -0.0878763406997666
0.325571953942189 -0.340133485032019 0.217383652388177 -0.133222901860762
0.419388901640157 -0.321172385154674 0.208315108544663 -0.199835683588326
0.444156808244554 -0.347147504865044 0.16540669214517 -0.181198867663789
0.383617340183527 -0.430633141442088 0.0168746459024894 -0.132312540823963
0.224792160502203 -0.485264625655883 -0.141382153886878 -0.0729919840349779
0.0454681581608436 -0.545306387874588 -0.260247654523145 0.0474148222691485
-0.129230583310836 -0.488035941888081 -0.238015823469437 0.085450164826689
-0.239008217057484 -0.353322378669107 -0.180536548137642 0.13531783396089
-0.29204424353953 -0.329204319528085 -0.212173603774551 0.26187707380567
-0.310204040254848 -0.256061807916796 -0.220485417720212 0.382229812806423
-0.198135409323546 -0.18674567526479 0.492702283036123 0.0724075278666711
-0.0949133333830341 -0.260365163657759 0.350088847120044 0.0915698576050656
0.00222941227541836 -0.265300395894381 0.187879956986656 0.123900496279883
0.115506392004325 -0.274767365775926 0.198807437951215 0.0388702882894792
0.203620575178309 -0.222187091591749 0.222520977776709 -0.100429643582953
0.255104644166173 -0.192865423224037 0.28682771507283 -0.166801318878764
0.323492899080844 -0.209407485402152 0.336728620338894 -0.261151855716875
0.349110145816594 -0.254575045316631 0.313407094392444 -0.301049004305203
0.301998745446729 -0.332494382674794 0.130639343690871 -0.273370254857481
0.161242465821286 -0.374251055202593 -0.0987134788543912 -0.187137798011348
0.00687847180365295 -0.412132080814473 -0.251317491692653 -0.0128154620521757
-0.137444150276169 -0.361046525607057 -0.212077842918694 0.0974556140671759
-0.220826746733056 -0.254714159084618 -0.114960334320598 0.190767305089784
-0.257615485275087 -0.243073383592153 -0.109062484017051 0.318803013080853
-0.256351807710706 -0.199608096000037 -0.102653584262675 0.461893776596368
-0.105429465305807 -0.0813169387989169 0.514832960956344 0.127817524673222
-0.0516657578345275 -0.126327546811059 0.34214464310095 0.137133347509072
0.00439601363436766 -0.111810325756154 0.161205694916713 0.145041984000312
0.0561188138016363 -0.109063373767886 0.191115138757979 0.046429822885623
0.108792586830805 -0.070722283661821 0.230017539137642 -0.101763601794665
0.143517960319737 -0.0647148913023123 0.330363676861709 -0.171595627861707
0.17937406466987 -0.0910410707627826 0.422189757000627 -0.283545377617718
0.201545649594447 -0.127823385698223 0.412764250439809 -0.377408095608055
0.181608239221853 -0.173058270203894 0.208390862637965 -0.371943336888606
0.0963460381818201 -0.191791028117053 -0.064432256896323 -0.263927406500422
0.00325998109603991 -0.213380849545602 -0.240822365126622 -0.0585006700264723
-0.0830785092931446 -0.19208705559608 -0.189775065876011 0.097731679274011
-0.13374698473093 -0.134645469446872 -0.0628378571857175 0.21993327398174
-0.157339864652643 -0.137059521670764 -0.0270661060595398 0.341529823709099
-0.146914480336088 -0.120720650358556 -0.0108098761391052 0.504801960612591
0.0364204309965392 -0.00110770350030996 -0.0701121205748701 -0.478290950584771
0.0362497150375809 -0.0375828985808313 -0.0800652489669137 -0.364592320047902
0.0351782894828869 -0.0170739781934057 0.00425855791895595 -0.247068812413189
0.0266324280213297 -0.0221964315871078 0.120089126564313 -0.10171677118091
-0.00283221516307649 -0.0146649505139342 0.202709328461045 0.071737376423232
-0.0112213413248105 -0.00486881471776092 0.0341619896217407 0.230919645572111
-0.00281709265703495 -0.0255254747513917 -0.25642312164193 0.368493106330579
-0.00725268510544964 -0.0280571174497123 -0.434172048594926 0.375986842626733
0.000823158284696872 -0.0312846347570684 -0.46575576916428 0.303139558403939
0.00261655504476314 -0.0243958923047566 -0.341086412392485 0.214458955716236
-0.00325368468839326 -0.0139084091528621 -0.232791052487693 0.112996491667118
0.00584362413782332 -0.0213980685229997 -0.17455882924883 -0.00967734983857235
0.0174160212866672 0.00158967674312332 -0.150506689878494 -0.128145001202407
0.0226633271471274 0.00194720915968961 -0.291762092640571 -0.121383038160446
0.0271218214344842 0.0216894273405968 -0.497875254369973 -0.0923502866482664
-0.129844225168773 -0.0900492240351196 -0.0152401665152403 -0.442903641105312
-0.110426231505011 -0.145683794011945 -0.0414773793186777 -0.34675426543226
-0.101318381999362 -0.165827131301776 0.033792680054398 -0.222715659568232
-0.0497620848679488 -0.228672565114928 0.124498892877399 -0.0826002935519034
0.00548043549014575 -0.238565372752303 0.18442235733283 0.0759140688755364
0.0667757514281138 -0.216965065287468 0.0204046426547712 0.218025455849731
0.152733626900091 -0.203712636021145 -0.256989497941328 0.311762574512354
0.171502907767124 -0.172486179023641 -0.410864885850344 0.337046629129568
0.164715969740822 -0.152904877237636 -0.444909371591273 0.287571153919051
0.127239860014201 -0.133122425047697 -0.335216107865827 0.209991990477526
0.0928414341032249 -0.138965893922251 -0.249309935555801 0.119233406742866
0.0697863027661085 -0.144726183638286 -0.189269455318656 -0.0147592346170426
0.0363497091701571 -0.122524261813986 -0.17477038851382 -0.132843260963687
-0.00271855991563328 -0.140273049392346 -0.319111970209196 -0.10240447625479
-0.0556641776847851 -0.0989538122025432 -0.507513615694382 -0.05649825562569
-0.261775543333832 -0.171238724101054 0.0890923054810974 -0.376437131296046
-0.219158314892941 -0.25397328487648 0.0487512782821247 -0.30531846521182
-0.192946652125031 -0.313115802207056 0.0905744922171543 -0.182931099000322
-0.0815993005871778 -0.421289904041132 0.143468868452806 -0.0677561328095926
0.0474465624876468 -0.4339065450091 0.170667575710414 0.0491013509010836
0.161219079441392 -0.387533713140583 0.028151303927058 0.153162798764707
0.295626311531854 -0.34133321122093 -0.200901129953959 0.197043794946641
0.326829671233179 -0.29226476510196 -0.32165849455158 0.246293041192112
0.30121781362692 -0.274773224280049 -0.370171618548876 0.242497342990908
0.230609023342185 -0.265287560363244 -0.308313294132396 0.195513068390042
0.15964416707584 -0.29952695494467 -0.266874626920021 0.131375822725437
0.0920554059735165 -0.299556752087818 -0.21929428374369 -0.00611525165332826
0.0116123456130553 -0.253778934189258 -0.215811113697929 -0.107487795095264
-0.0617925500791345 -0.268170650407553 -0.350306339031544 -0.0446316007219392
-0.147026192488532 -0.19954192591121 -0.488747890192174 0.0291356145226459
-0.332780697525245 -0.235274138033239 0.218325134894682 -0.27515134820866
-0.262288924269169 -0.346967890742257 0.165706934317716 -0.227454127260938
-0.20765332853449 -0.432316519921615 0.157902572156495 -0.117901369754771
-0.0464986928207048 -0.553584996265427 0.172380306072549 -0.0487837593799847
0.124460572351255 -0.546279291228869 0.171025662944019 6.26119863474743E-05
0.258294818418715 -0.477525463511699 0.0661442540697972 0.0507306927329301
0.402011806417512 -0.410691186110041 -0.0901641572206232 0.0492356561227218
0.431647047283405 -0.368413070729516 -0.179266286576269 0.115567554528799
0.389283542171615 -0.384722954102145 -0.254203838997925 0.154392902271128
0.283209574344765 -0.404692033059217 -0.257321562943085 0.148236412440784
0.167263195321312 -0.467453441807873 -0.273610581264572 0.131602451327859
0.0449479589195211 -0.454874271158747 -0.246879507293107 0.0217562443509542
-0.0699718498970474 -0.361754587583436 -0.244705810638001 -0.0413450246211894
-0.156610279248168 -0.35370468037739 -0.353017057775111 0.054166704636307
-0.236874316179074 -0.26406818701852 -0.434511641796701 0.1470828202661
-0.335150787110848 -0.266299240450105 0.345204010958684 -0.15381567829682
-0.235923815473711 -0.390442886418221 0.273623869382892 -0.118431782042036
-0.146762790495238 -0.472649897769471 0.208537447341155 -0.0273191104976614
0.0367355181306311 -0.570603916624122 0.199144622439815 -0.0186082199495423
0.208251102025594 -0.537180087997741 0.185725105147282 -0.0530186435191077
0.324559211890626 -0.456226003036059 0.134462769591194 -0.0570704816177453
0.448467643188122 -0.39897900824295 0.0557744457291489 -0.0940354916620154
0.47526716916762 -0.390067486438088 -0.00828256092151235 -0.0347577441640814
0.41957911345189 -0.448372831268895 -0.11696538380425 0.0220801255662295
0.276192061669968 -0.496461591077893 -0.196705423180545 0.0512886489764851
0.112725151209684 -0.569869374017491 -0.269161965066161 0.103101045857997
-0.0522109291430472 -0.529921948155928 -0.255239388785086 0.057911821247783
-0.175321054046269 -0.40051904531218 -0.234042067639045 0.0513085707601967
-0.251350343881524 -0.376118272918842 -0.305006017134746 0.169453908611238
-0.299095155761139 -0.281944928757483 -0.339232135829865 0.274107640728296
-0.283414475671171 -0.251749926221396 0.440459157255388 -0.0308505033835701
-0.165996282743543 -0.361326636885114 0.336500095520998 -0.00270455976973808
-0.056857930103169 -0.408151632383628 0.216896954014581 0.0634162703598701
0.110019297570227 -0.458148296090524 0.208501011404391 0.0152924867687599
0.244924946045986 -0.40400088448936 0.207911420489941 -0.0880760328544619
0.328507493996986 -0.343252890406356 0.217690547191852 -0.133706877138647
0.42281235379501 -0.323256489823546 0.208700917130622 -0.202072620560668
0.446622949616575 -0.350099709140213 0.165561890805428 -0.182199914846132
0.385634737510339 -0.43205815548866 0.0177202153168636 -0.133404102118988
0.226878296590279 -0.489708125814979 -0.142542209217672 -0.0740570815971107
0.0439632438796665 -0.550494059456 -0.261232494231261 0.0484797629031702
-0.130248749821882 -0.490966773057414 -0.240238108277508 0.0863092053860668
-0.23910122824248 -0.356288584409719 -0.182511357341832 0.136793529113521
-0.29418836708951 -0.329991219341067 -0.211943927558343 0.264960605522241
-0.310800831547004 -0.257195141916641 -0.219850855511286 0.386126718560509
-0.199827331841934 -0.187787348430175 0.494856189937978 0.0717219679774758
-0.0948994347102078 -0.261931139198566 0.352336575145185 0.0902042096464421
0.00212762157970025 -0.26696417507451 0.18937988427394 0.1251602413424
0.115708207963492 -0.275907047087883 0.200419139150805 0.0380261387425361
0.204797896332805 -0.223620656582567 0.22345827474415 -0.101737288578956
0.257687894854857 -0.194165605572716 0.288292607285111 -0.167664233066756
0.32500593661049 -0.212215491378975 0.337444532987664 -0.262833780547285
0.350750427076925 -0.256583221416275 0.314002707451802 -0.301228281687838
0.302619460302257 -0.334936840658822 0.13094933577059 -0.27583751350617
0.161879091559923 -0.37574868514011 -0.0984397554397393 -0.188820744839382
0.0067523771575146 -0.415021403828352 -0.252746299666792 -0.0126227866390201
-0.138520902892718 -0.36241756674996 -0.214060402705943 0.0983308462652013
-0.22248658751198 -0.256800535707664 -0.116408333533394 0.192871772874816
-0.259626141057491 -0.243887884587321 -0.108337890090266 0.321932461910192
-0.257881436793376 -0.201018073795867 -0.101109950323875 0.466126728291151
-0.106293812990916 -0.0822694409388972 0.516739109189603 0.125115465391033
-0.0514672001425022 -0.12688384040322 0.344139423216831 0.137170962057425
0.00468679349852808 -0.112161082741211 0.162650534907603 0.145207249724616
0.0567168199971934 -0.109171713125321 0.192259945122094 0.0452434490014275
0.110021076000021 -0.0713376702575946 0.230569733910446 -0.10197199267673
0.144479321999308 -0.0653672525977525 0.331895119698384 -0.173102616987874
0.179762865825679 -0.0917147859849286 0.424117626676626 -0.285235276057872
0.202394124905239 -0.128990124615962 0.413767570665169 -0.380661918643508
0.182790568511851 -0.174391310307576 0.210245656067547 -0.375103160668796
0.096893833594959 -0.193058066019251 -0.0647106754505982 -0.266198923839363
0.00319301341495584 -0.214838498897811 -0.242673576873802 -0.0586764974070838
-0.0840315681598116 -0.193154091228816 -0.191051283228251 0.0988832785449556
-0.134578648575879 -0.13564818923108 -0.0637586637167213 0.220883125280138
-0.158804289869244 -0.137229958764942 -0.0261272291240408 0.344096255929171
-0.14752327635194 -0.121696402881616 -0.00935788799708741 0.510596981568159
0.0371149572710846 -0.00155553765330277 -0.0739017018613923 -0.483041214259245
0.0365142636139686 -0.0387220850477149 -0.0824357827622748 -0.367714034859627
0.0350272709198184 -0.017815766003538 0.00355366241780294 -0.248799511447107
0.0263792084341033 -0.0227652417745896 0.120871282272218 -0.102476173590512
-0.00344941833180543 -0.0146909253638795 0.204097878380212 0.0714561930932464
-0.0113356985034839 -0.00518776713140024 0.0344696315637964 0.233563191994498
-0.00318529155023726 -0.0257136496274723 -0.257251896316188 0.372578599518811
-0.00772326058743906 -0.0280735155055207 -0.436337082191235 0.378468981129276
0.000997466944798998 -0.0318158347016669 -0.468481320100279 0.306638207574628
0.00226508886483659 -0.0246818893567271 -0.342955800323764 0.215459866981311
-0.00240255163235459 -0.0141799567319762 -0.234336513085621 0.114459693035935
0.00577775259202507 -0.0217596049671051 -0.175963802910918 -0.00832824657810563
0.0178410971125273 0.00121199811119637 -0.152621766416031 -0.128554118051195
0.0229070489070938 0.00182477753706392 -0.293578478062433 -0.120428375339936
0.0277665079159495 0.0212241462083179 -0.502647317385168 -0.0916043213966565
-0.131460778900315 -0.0903337008717451 -0.0164954088407385 -0.446652273722907
-0.11188339020267 -0.147148344069059 -0.0432562649127719 -0.350232884059295
-0.102308755134355 -0.167487095606505 0.0326023229460944 -0.224472598430578
-0.0512163852683454 -0.229896356190419 0.125300306718282 -0.0830745062818953
0.00512173327587164 -0.240822033650274 0.185511742565406 0.076573812483901
0.0668354967420345 -0.218880692737404 0.0206735300751695 0.220020937344215
0.152504217743596 -0.205859543885938 -0.256993567458848 0.315084082065889
0.171833090323787 -0.173992608336511 -0.411942647740162 0.340160973856581
0.165372572001793 -0.154125909937924 -0.446886239795321 0.290102308008057
0.12802098532097 -0.135069956313609 -0.33628351978961 0.21163174788231
0.0928093527156205 -0.139914440063694 -0.250539437407496 0.120139866300695
0.0699433349275304 -0.145574144711698 -0.190921568206796 -0.013649450178769
0.036276599989558 -0.124105361852336 -0.177213186029741 -0.132577344779526
-0.0031363827232023 -0.141946888528224 -0.320843528498483 -0.101594440147071
-0.0554189463626092 -0.0993816429050403 -0.509878182259637 -0.0542961077300419
-0.263931870227538 -0.171284797972435 0.0882875510018463 -0.380944695620123
-0.222101372175109 -0.255933868139477 0.0471614408030192 -0.308222135040244
-0.195194822369002 -0.317554802121475 0.0899228196577102 -0.184888716623987
-0.0834462142249366 -0.423159135395628 0.144802916374139 -0.0685913821320175
0.0471559491295106 -0.437352743732453 0.1712723017984 0.0508419127545181
0.161384837490184 -0.392590544740092 0.0277786780242316 0.155146335486407
0.296659478258452 -0.34458468362398 -0.202598152848912 0.198532203186446
0.327587363597292 -0.296306757965281 -0.323224101344736 0.248585796128134
0.304118211455879 -0.278295215622893 -0.3724354287402 0.243080235792414
0.231269663935404 -0.267704599059474 -0.309587119450052 0.197792779622538
0.160265361993564 -0.301454015606245 -0.268546214218335 0.132704064498567
0.0913929042753457 -0.301580799267845 -0.221159463995005 -0.00518783298608525
0.0113320837565004 -0.256080028741014 -0.218442853761718 -0.107203337691363
-0.0638508574582636 -0.270267817361601 -0.351811948650367 -0.0428137302399478
-0.147911782203742 -0.201162120905315 -0.491947429980206 0.0314591230831671
-0.335499705074012 -0.234443903989765 0.219009823582578 -0.279615187873162
-0.26584077955441 -0.349594821856885 0.165864832869485 -0.230521844348454
-0.211983950323619 -0.434357056542848 0.159150568395093 -0.119743845305173
-0.0493835414785655 -0.558451115042756 0.173701662597805 -0.0491158872722706
0.123430221202239 -0.552322109031987 0.170772002384102 0.000322426547170526
0.25877417520022 -0.480851427502294 0.0658352638219789 0.0510947930676308
0.404798071356124 -0.41398283356354 -0.0917512292648895 0.0484166654597862
0.434860945611482 -0.373807454953263 -0.181242380051956 0.116976162344924
0.393356880045808 -0.387705117638777 -0.255177781559286 0.156056121385666
0.285255694417572 -0.408621254054995 -0.25954150741044 0.149781326428802
0.167327598597512 -0.4721351236161 -0.275303786613629 0.134464683603382
0.0435877020725388 -0.456498747869536 -0.248818328000018 0.0224982819584434
-0.0708699902365517 -0.364648038695081 -0.248164185251824 -0.0399179667489945
-0.159063203570813 -0.356493981365797 -0.354518383643416 0.0571884776509467
-0.238639052884824 -0.264938133795892 -0.437311526150091 0.14974547983785
-0.339240829308632 -0.266790176452612 0.347260075151261 -0.157837361707776
-0.238894132554125 -0.393337837508903 0.274121801169116 -0.121464434332923
-0.149657277491878 -0.47619781548095 0.209849515881979 -0.028028538794147
0.0346297255824523 -0.57612173007107 0.200343411832174 -0.0197346447836101
0.209424337539576 -0.541437039538285 0.185600912869029 -0.0534964630849392
0.32684725110759 -0.460619524901596 0.134716252087066 -0.0568663783659321
0.451694393234059 -0.404921300960131 0.054673110191849 -0.0960585378186784
0.47692992204974 -0.395060243356726 -0.00908425292459263 -0.0354394924881942
0.4206781360394 -0.451475238011618 -0.117091604735438 0.0226378254542983
0.277528104561197 -0.499500766392306 -0.198009050969452 0.0517555061502042
0.111003205970519 -0.574671687703873 -0.270831539145772 0.105125704534926
-0.0539593744706827 -0.533485861601216 -0.257711590619416 0.0588825646266555
-0.17728585873543 -0.402943612131537 -0.237008467188313 0.0529568157917363
-0.252981699026 -0.377362309145531 -0.305955131434715 0.172245662246593
-0.301647520282905 -0.284369727773723 -0.341519915304638 0.276483343855506
-0.28683147021764 -0.253154412295344 0.444582558483317 -0.0336247800309327
-0.168326064933448 -0.363067955362258 0.338725921382223 -0.00467290342819773
-0.0581454099408189 -0.412255763133308 0.218631746327558 0.0635948117057661
0.109725168260101 -0.461203837883437 0.210764902722002 0.0137493973694643
0.246900734333099 -0.408699767046434 0.208328481766846 -0.0893524047388099
0.328806810466807 -0.345511248818901 0.219149575795272 -0.135629104427273
0.425032504407405 -0.325760988420184 0.209564198901032 -0.204737491746606
0.449759985036737 -0.355637574717396 0.16558964719418 -0.184338395241599
0.388050635934723 -0.437335535714146 0.0176533243645173 -0.134913064548388
0.22757699963649 -0.493274506806666 -0.143454769544582 -0.0751499757720699
0.0445733077934005 -0.554505557062519 -0.263044477294963 0.0495369163622037
-0.130437324229025 -0.494095116885253 -0.242529715813525 0.0881191304026492
-0.242832584799643 -0.357877762631312 -0.184245369569166 0.138433967568672
-0.297768261516365 -0.332513604931508 -0.212258744518544 0.268193662214697
-0.314573080234525 -0.259030321824981 -0.218852719687028 0.390547829433815
-0.201263778983691 -0.188053507346673 0.499573905915031 0.0690296080352218
-0.0958813602952751 -0.263616512287421 0.354352285931585 0.0898713789789476
0.00252036500870074 -0.268869282925217 0.191486837014935 0.124820921104601
0.116138070251014 -0.278163757186448 0.202358275366248 0.0361857177083299
0.206337606122071 -0.226366905576275 0.223616857457771 -0.102197499095165
0.258799555882134 -0.195778868413991 0.290179142993237 -0.16998178882933
0.327113707104771 -0.212037924376503 0.338795864130214 -0.264965996911743
0.352719257801484 -0.26061427746861 0.314853260422927 -0.305868646955916
0.304840028859007 -0.339027335108512 0.131380903298622 -0.278695159464975
0.162952629782014 -0.379627491191105 -0.0997090462577528 -0.191299531292569
0.00673658129418117 -0.418619049990242 -0.254825606789057 -0.0115152778374847
-0.139941471102294 -0.364980020069245 -0.216511330325213 0.099512391680779
-0.224471886224647 -0.258882433868405 -0.117614783417571 0.194376435463955
-0.262043529694057 -0.245643579583278 -0.108022347619607 0.325726000299492
-0.260040653303985 -0.202435350844829 -0.098595043572654 0.471521301053458
-0.10702822403566 -0.082630983649304 0.521149409984986 0.124516540443456
-0.0520295728079253 -0.128095347647816 0.34572992864509 0.136815105627243
0.00518050752620682 -0.113261213167137 0.164437242327136 0.145993197580216
0.056631161710193 -0.109910252020908 0.194260542941677 0.0435818651127252
0.111074824523346 -0.0723492740440283 0.230911630082994 -0.10359290045581
0.145856785008366 -0.0658601201180287 0.334345415541281 -0.174842653568084
0.180000628621509 -0.0926169792494898 0.425272074750226 -0.287835102593216
0.203928930798082 -0.130765933897044 0.414463615255168 -0.383907517559913
0.183871820425061 -0.175662290214148 0.210627854894524 -0.378681108581404
0.0973083841465763 -0.194636477555437 -0.0662045249407059 -0.268915534487211
0.00321818133996742 -0.216297141502057 -0.243538122094197 -0.0585220517761556
-0.0849874558478618 -0.193484073155165 -0.1926522740179 0.0997852206356523
-0.136111796077637 -0.13645783162943 -0.0640917287588958 0.222472304916181
-0.160204951677471 -0.138350672985281 -0.0253307757180789 0.348641028354204
-0.148685119968272 -0.122469573816892 -0.00628389280759272 0.515640153848036
0.0378647794809739 -0.00230186694013416 -0.0775869798314763 -0.488220498227924
0.0359241027316498 -0.0397186859622814 -0.0851365364597029 -0.371160115727965
0.0353005587843272 -0.0185285908260513 0.00265438762809046 -0.251101759122789
0.0265073211629798 -0.0233182142815439 0.121758295892666 -0.10395852268597
-0.00363118087953926 -0.0148100138057993 0.206014108776241 0.071619210791282
-0.0120451808540685 -0.00550067953898912 0.0349351459947179 0.236018264087076
-0.00355255939052684 -0.0265211603819028 -0.25748992898728 0.377775738044004
-0.00847721902591713 -0.0286569993122916 -0.437414852846953 0.383793804123556
0.000805506662433448 -0.0322131180932024 -0.469517819304193 0.3095209612978
0.00256308281488897 -0.0250619543958184 -0.343809959904709 0.218542868879599
-0.00209628670869579 -0.0141455561853976 -0.236170892467215 0.115878918168386
0.00530847639278051 -0.0212721445623207 -0.177687740662177 -0.00740231749365402
0.0181773284139163 0.00095481755523226 -0.155399366656238 -0.128826967991141
0.0222271596316092 0.00135690967750145 -0.29553626008217 -0.118836325958562
0.0281035559922504 0.021080400781995 -0.506558745840727 -0.0891627738351813
-0.132719616477684 -0.0904143271107709 -0.0211474745871292 -0.452615480579595
-0.113820479029475 -0.148664192046308 -0.0469871717103407 -0.353951152248315
-0.104141928923309 -0.168723520777295 0.0317686202795964 -0.226967210877461
-0.0523941746513658 -0.232275912205956 0.125714417166291 -0.0843058355288306
0.00385635719104687 -0.243505705249146 0.187019920916485 0.0764421602554665
0.0660980631019236 -0.221242144884769 0.0203340941350446 0.22280806591853
0.153581239030092 -0.20805486407687 -0.258911013362497 0.319530701223179
0.172061752686356 -0.176868092115749 -0.414252420029319 0.344608889172406
0.166647206662073 -0.156136612811146 -0.449743138820858 0.293489027994632
0.128799094788095 -0.136138771950224 -0.337325794857103 0.214056736452876
0.0936846901246492 -0.141039839182385 -0.25227284239557 0.12239713160819
0.0692862432879794 -0.146406257502449 -0.193212932487371 -0.0132592250550133
0.0360532977980043 -0.125077259858322 -0.179943445566715 -0.133065051525347
-0.00394700732649209 -0.143582471943474 -0.323604574310848 -0.0999351570754051
-0.0567593062534681 -0.100226521729484 -0.513537656053378 -0.0506747007603289
-0.267265618195338 -0.171708657107446 0.0867029639860262 -0.385625685715053
-0.224939842714122 -0.257948257214651 0.0459550429154093 -0.312416938266617
-0.197761637158253 -0.318872892315722 0.0889849862087014 -0.187377197047738
-0.085828350230113 -0.428717725769705 0.145025730482247 -0.0691909548230382
0.0445989764557783 -0.442108352058674 0.172335541166168 0.0510091559687496
0.16121560361145 -0.396379848986323 0.028167876151839 0.156915603263996
0.298617146472702 -0.348919823046994 -0.203683281119016 0.200752714400628
0.328750505628628 -0.300920902660388 -0.324729929172241 0.252669799990558
0.305385278572577 -0.281445929810547 -0.374202363059465 0.246856424455687
0.232360514416931 -0.271402615341311 -0.310645805496061 0.200174097444588
0.160467871218195 -0.304497089120336 -0.269697182153402 0.135436560234803
0.0910987842966613 -0.304046826706404 -0.223262884895946 -0.00371417070035253
0.0107765152341093 -0.258630736388853 -0.222144179693108 -0.107505075734513
-0.0650942553000338 -0.273012195767425 -0.353770244815617 -0.0408966383668681
-0.14929301584709 -0.202621135654884 -0.494865939665532 0.0341133325555805
-0.339773797557435 -0.235388095377104 0.220226910700609 -0.284404223599395
-0.269724276140144 -0.352009854705001 0.165534213824939 -0.234336390467339
-0.214637695281146 -0.439530733439449 0.159179579779463 -0.120801020985299
-0.0523295146613971 -0.563294596972475 0.17432678895358 -0.0506139213843701
0.122809372977808 -0.558460381588552 0.171499585374003 0.000127909705735542
0.259151118144768 -0.486044617615545 0.0659275797970038 0.051691289229712
0.405726221810547 -0.419947768801661 -0.0934094035209715 0.0490036627579128
0.436273579766609 -0.379139888199467 -0.182005774910449 0.118444261416545
0.394146580510234 -0.393169039692678 -0.256377415906805 0.158387863764727
0.285154663708472 -0.412183546598229 -0.259656936822112 0.151000235983594
0.166295620789727 -0.475903354016632 -0.27669679799174 0.136453537138662
0.0430015841152827 -0.459831130072767 -0.251767712586126 0.023031275261938
-0.0725767299275451 -0.367667259506675 -0.251315089502853 -0.0396916110809927
-0.161700276070517 -0.359549254387103 -0.35634477834466 0.0604912808527815
-0.240531449815969 -0.267330921820597 -0.438729789740057 0.152921720914635
-0.343782350702817 -0.267655473511827 0.349612639192061 -0.161799961168845
-0.242485621951682 -0.396611802421745 0.274667527404418 -0.124854568081447
-0.152752894323699 -0.480078818544196 0.21166454523076 -0.0292513103364295
0.0326307747183143 -0.580719753688839 0.202379800717267 -0.0210050457823083
0.208607633340433 -0.548367257243499 0.185878754202433 -0.0538915332690191
0.326563043062021 -0.464752888295555 0.134822886575663 -0.0576406855419521
0.452936339605911 -0.409378249028544 0.0536351321178576 -0.0975862689296391
0.480400806859135 -0.400678542207368 -0.00974593263211616 -0.0360923045134888
0.423786887422282 -0.457898525298901 -0.117607647870996 0.0224981066572459
0.277507162931405 -0.504444062267473 -0.199422636630066 0.0524575528362713
0.111504506671138 -0.580951147394403 -0.271840142897632 0.106980569886874
-0.056339784860792 -0.537941620788542 -0.260032362475381 0.0604447802139683
-0.180240381079249 -0.40589966958196 -0.239667755453947 0.054543777516024
-0.256784082932804 -0.380435902010044 -0.307003518961983 0.176044998458031
-0.305387015491966 -0.28459470478341 -0.341494941908831 0.281968467148402
-0.290988618675166 -0.253836218453894 0.448314257775436 -0.0367997842035422
-0.169887640552761 -0.366989371198629 0.340202601333785 -0.00772327668175737
-0.0588341585748154 -0.415016126712087 0.220370145010366 0.0629911095840568
0.108548939436142 -0.466673091752576 0.212119039745307 0.0122676355030441
0.247251598964844 -0.41392466218889 0.208489223638036 -0.0901168002205486
0.330009634095954 -0.349072379894946 0.220216166327702 -0.136734439113345
0.426053242006079 -0.330419092930381 0.209610756340375 -0.207549786874255
0.45045357690678 -0.360656944676654 0.165178148682725 -0.18685357140308
0.389314937089661 -0.443160994542546 0.0177711606464467 -0.13614620813671
0.227483830819707 -0.49759255254169 -0.144470500823845 -0.0757287783513894
0.0422059816173729 -0.559359039639438 -0.264219782870721 0.0509015065524255
-0.135163717502605 -0.498007935443891 -0.244709980008244 0.0896417680800578
-0.244964324845034 -0.361353038893976 -0.186524592087154 0.140484038465514
-0.301243502971526 -0.332963907048642 -0.211272113923603 0.272219036508664
-0.318255290357309 -0.259492270939264 -0.218277600380418 0.395753076365466
-0.204274264933937 -0.18917992622401 0.503661085455817 0.0673622347043715
-0.0970386675787084 -0.26589187282938 0.356218812134909 0.0883265387029272
0.00127965221502054 -0.270942805837672 0.194066728536439 0.125087865526935
0.115567846685922 -0.280682571500092 0.204048841590365 0.0350290306977119
0.207708521411352 -0.229818531751684 0.223987460168989 -0.104202094574484
0.26056142243939 -0.19806147143289 0.291460393822732 -0.171515712831431
0.32702461440307 -0.216645125256214 0.340289507588463 -0.268437948215192
0.354804908591565 -0.265282527406509 0.315259347267112 -0.310702633247612
0.306652579815596 -0.341338685471712 0.132115556367964 -0.282355276430674
0.163105057501703 -0.383531663545714 -0.101150454351934 -0.193186397462569
0.00382818207082065 -0.423145195390478 -0.256219468030912 -0.0103652414360041
-0.14241574127845 -0.36684280409573 -0.217884241777431 0.101254559170448
-0.227388718971873 -0.259963566823559 -0.118311963796266 0.196635179891629
-0.264887935509288 -0.245794974316 -0.10735679056155 0.329152411748716
-0.262692054578052 -0.202673021663435 -0.0970003120158052 0.476493983155239
-0.108148382271265 -0.0823901363848742 0.526390979496681 0.121690489375514
-0.0525364923818176 -0.12840449114616 0.349078145070756 0.135325085448168
0.00487036133434943 -0.113810126245388 0.167298119497295 0.146693433770095
0.0561280941071308 -0.110957016120877 0.196549171575245 0.0422766075232254
0.112212740919128 -0.0741074807058489 0.231596750830942 -0.105287233710676
0.146855064090236 -0.0668582869309289 0.336129590156383 -0.178236268526545
0.180731861189745 -0.09397417089645 0.426746300245243 -0.2915645276835
0.204840783729208 -0.133293901661665 0.415727365881499 -0.389337641816809
0.185003343190989 -0.178550302075 0.210450341933107 -0.383109070858909
0.0975270676585996 -0.196495179793355 -0.0675835039438357 -0.271895918648358
0.0018223068357877 -0.218197142098383 -0.246092055351357 -0.0579222595027403
-0.0863634304051484 -0.195067835724202 -0.194227739283545 0.10131679188818
-0.137616141728338 -0.137308219108443 -0.0639225821369883 0.225458093976233
-0.162002722526837 -0.139007778591429 -0.0235994508895957 0.352079387405767
-0.150241512940618 -0.123395924538249 -0.00307628445445261 0.520166953769565
0.0300786244221239 -0.0078464415877465 -0.0992823543444594 -0.485236503351105
0.0246690025052029 -0.0442258263302871 -0.103827461253644 -0.366823893504154
0.0300175191091298 -0.0234198889739659 -0.0104781866860473 -0.24888733935016
0.0247725737844194 -0.0285056762396447 0.117363563507181 -0.107540133751574
-0.00115297225691719 -0.0156515184216643 0.212382930301231 0.0588936413857712
-0.00825736392266724 -0.00262361735737362 0.0478992798212477 0.234596793485317
-0.00668707598219558 -0.0225331143088799 -0.232419629428042 0.396428368609371
-0.00988806109355702 -0.0246106058586441 -0.413501156566047 0.414196431523806
-0.00268790989435234 -0.0324091634924039 -0.461381047592001 0.345836336833851
0.000344782693222556 -0.0297937953848632 -0.341237504016512 0.245796600593103
-0.00330127114732202 -0.0168726367221075 -0.235218154678954 0.1336006052208
0.00502827541919486 -0.0243038686803888 -0.184289695465735 0.00455247493911194
0.021190335641901 -0.00219648159825611 -0.168984757458593 -0.123443584577224
0.0273003894159961 -0.00508929694303488 -0.314265917581403 -0.105335641500998
0.0326042268540696 0.0129780041287022 -0.521517188166764 -0.0719023573344259
-0.145185033808955 -0.0784727125498814 -0.0325177306897916 -0.464667276124323
-0.132399523168132 -0.139055868480217 -0.0552139774189778 -0.358753887717696
-0.12192281744689 -0.159486704957393 0.0339939656061834 -0.236192207899457
-0.0749190750635578 -0.227737024413515 0.140953588498355 -0.0902614147072278
-0.0130212404995284 -0.242856627931027 0.208997402585341 0.0663744197893137
0.0532855081291504 -0.222220388076471 0.0433772222007041 0.226893309958529
0.134049438914354 -0.221194052924557 -0.238155017823972 0.356445442780887
0.159702771424219 -0.182372237792808 -0.390541967335434 0.374816639032099
0.151842646992001 -0.170304209328079 -0.442694905664872 0.32817558952711
0.11771230607313 -0.150183070476393 -0.337364402404458 0.243886253705136
0.0813213475626614 -0.150827395814459 -0.251819242697228 0.14484706710005
0.0588081542872406 -0.155000523305433 -0.199831987274182 0.00449008186579259
0.0306831514321364 -0.130970525701676 -0.194698352280113 -0.120862291302922
-0.00917705690157366 -0.151912003069415 -0.344885411342614 -0.0765806629510847
-0.0624743864768616 -0.107411879466125 -0.528411255853644 -0.02308779884256
-0.283455331385525 -0.146522453595048 0.083788138743415 -0.410845931036425
-0.250495185626378 -0.238444879154271 0.0457005148134738 -0.327760302955132
-0.228255654780475 -0.299623546764663 0.108003849392981 -0.205379886413145
-0.127592690557066 -0.417723604980363 0.177291832693068 -0.0751356824233373
0.0109880231537872 -0.44269762743673 0.204975646117286 0.044892504075104
0.134576921311525 -0.402444634220319 0.0554870793832242 0.16652464033245
0.266085492425718 -0.375596285134219 -0.190540985960469 0.248336065185227
0.308767720923607 -0.315040773084364 -0.302963009711417 0.277196019173677
0.279857729425513 -0.306737672307058 -0.368026465124013 0.276491429401374
0.210167389465973 -0.292967630785948 -0.310537764617398 0.231843908117346
0.134042592625625 -0.319196178367982 -0.267640034605172 0.16353990295155
0.0667696862485488 -0.314839819955163 -0.228849120203841 0.020291225309679
-0.00619584521166451 -0.264398324193382 -0.234316426084417 -0.0851534493444475
-0.0816752507847164 -0.280831705242583 -0.373981422911598 -0.00333157874313697
-0.164523524585337 -0.206993905464339 -0.504015923445116 0.0718633397381793
-0.358609198825173 -0.20389915917693 0.22822427116928 -0.318792688206332
-0.299864038602172 -0.32879035028194 0.175542559927864 -0.25798434959568
-0.254506597168336 -0.416371124486541 0.191558602014442 -0.143710648399019
-0.107644815305178 -0.555153933424236 0.217979470374496 -0.0518326347692086
0.0776033011501751 -0.565781382849005 0.208897003539783 -0.000812272936807114
0.225577970546008 -0.501363620300798 0.0917164343997812 0.0645524695915436
0.367394364702905 -0.460720219433356 -0.0920385285717243 0.0977018211466283
0.409450011839122 -0.399617204264732 -0.16609690856908 0.134268100548298
0.358259448383706 -0.424147940720137 -0.252886803257247 0.177880526783312
0.252976715727419 -0.437795446451742 -0.261949048541073 0.181101303990406
0.126442827493264 -0.489858276135049 -0.271772236683957 0.168427851487063
0.00358409018555687 -0.468456886779028 -0.252062484754907 0.0549266635197785
-0.0981398771756153 -0.368082184429506 -0.256056791728855 -0.0103668702742193
-0.188187632161737 -0.363680881331073 -0.368105510408585 0.107913481747251
-0.265608021598068 -0.266557324287968 -0.438896351430026 0.199355720014737
-0.362899717580014 -0.235657230300896 0.364979720251154 -0.201123459173751
-0.274422270882714 -0.374897794244081 0.29381952494442 -0.151724695331783
-0.197055936946094 -0.464623735773549 0.25204673114084 -0.0486546313107862
-0.0236867315891575 -0.581414042634028 0.246760275199486 -0.0173206608422354
0.163791512568745 -0.564746319020631 0.219848913399985 -0.0495947450199916
0.292303423127955 -0.485865897701931 0.153766618757512 -0.0459955565183707
0.417511843430996 -0.45554101993946 0.0428442396972066 -0.0570529710113054
0.451431669277249 -0.427137959173172 -0.0026929608651075 -0.0320872110270537
0.382146226903278 -0.490129843556814 -0.119071419110946 0.0313513121219066
0.238197785475272 -0.528450002958678 -0.202538141307663 0.0768188429302464
0.064427612223502 -0.587284013413809 -0.266145689888782 0.13853295364702
-0.100966311328367 -0.537774794707315 -0.254168792633153 0.0938715296810989
-0.210890624113749 -0.399921051608937 -0.233831144986183 0.0872370240167145
-0.28942411193514 -0.377924640221983 -0.305583332600582 0.229831220602234
-0.333966301348362 -0.280985813118303 -0.332052114735158 0.330573068041716
-0.307286650189075 -0.228376259846978 0.467670771980676 -0.0755605961161133
-0.198806374725496 -0.351471949810581 0.363075102938172 -0.0328541717063724
-0.0968968848083566 -0.40714929626896 0.260123549418129 0.0504868062233965
0.0621599484150714 -0.474904835268544 0.248244615970888 0.0187505261185568
0.212732705629732 -0.433797788076273 0.231202723485813 -0.0858939313223635
0.304664863135178 -0.373224091223235 0.229412025890495 -0.130089509740477
0.39768844682114 -0.375578326048771 0.189639527134948 -0.182659261976819
0.425822703521343 -0.385802605974003 0.162852879024313 -0.195452595103501
0.350238496017397 -0.473878618430409 0.00958687953812538 -0.140165296989149
0.188409574348669 -0.515570513475945 -0.153351591679643 -0.0592030123976008
-0.00220481478209337 -0.561594390469675 -0.260544164544817 0.0794041849953143
-0.177874647729016 -0.491233552254081 -0.235270051390686 0.120242200112958
-0.275614277470689 -0.348731382772072 -0.170982335152155 0.169835515075621
-0.334845499818541 -0.326222768448803 -0.198145765992465 0.323278586268812
-0.346705194447943 -0.252465471246012 -0.198883938694435 0.44054168137358
-0.215885033974547 -0.17293498268069 0.52336638207539 0.0324163108434474
-0.114582950974685 -0.2583506646208 0.37688107159847 0.0643551667714306
-0.0216572920852405 -0.270351669257371 0.224650660275645 0.11716660194267
0.0889974132991272 -0.29160983638772 0.226479196242342 0.0385292367910251
0.18911625506917 -0.248976701603001 0.233611803197317 -0.102857056891082
0.2460200782223 -0.219720251991893 0.290749105652809 -0.173257036837279
0.310177236216481 -0.251855412291505 0.316552023183722 -0.26331736281081
0.335220812047554 -0.287237881963566 0.303160662979711 -0.329830428528043
0.276500744956757 -0.366057305259728 0.117572120691396 -0.296877195353608
0.134563290041311 -0.395878993704962 -0.114980935616537 -0.186182023031446
-0.0285161814278328 -0.422192276923758 -0.257336799047498 0.0116729836655782
-0.174189547161799 -0.358955870813274 -0.208955726053122 0.126644176802633
-0.250854947364843 -0.247355614271788 -0.0993766277026197 0.219322060513001
-0.29368132001125 -0.238193795454855 -0.085578277688384 0.370079059836352
-0.288464409500411 -0.195052033663901 -0.0718212848963098 0.51339094672186
-0.109789021927612 -0.0770492274378619 0.539755071924788 0.0937357572889953
-0.0574606649004008 -0.126514638837507 0.363665665969357 0.115566317505559
-0.00284390433612164 -0.114201995887128 0.185368336950121 0.13876701493915
0.0474312771741478 -0.115916051968781 0.207456011987972 0.0375522434901808
0.107406827365897 -0.0872492894870948 0.2309735611803 -0.111283282722277
0.142083876910339 -0.0828924359158611 0.329482651210827 -0.188690986405925
0.174621604689488 -0.115297034402791 0.403767256892606 -0.304926611012412
0.194744173564909 -0.148242964976586 0.395523154034165 -0.417393715997124
0.169008133194795 -0.193544743963137 0.19270135114085 -0.404864809131672
0.0847445485548134 -0.203018133249479 -0.0851331623658842 -0.273222266012746
-0.0136906648611215 -0.219690099369547 -0.253219805332541 -0.040999666080688
-0.103377370663227 -0.191536170530494 -0.188959708193551 0.120846710659455
-0.152193107942918 -0.129969826160517 -0.0472464006026207 0.240601417248561
-0.181290863998826 -0.133805961159109 -4.69036162373579E-05 0.379683157348459
-0.168836712324443 -0.119377650241679 0.0229848544820459 0.545757755641652
0.0306185290839316 -0.0084524456269931 -0.104997978825741 -0.489213337761066
0.0237816432000396 -0.04559836123246 -0.106621218181778 -0.369587505280059
0.0297950789468837 -0.0243677393700153 -0.0132944342115434 -0.250766141048871
0.0242738380307544 -0.0292579788492402 0.117957245128706 -0.109753713616486
-0.00147346707673017 -0.0161186981672536 0.214974276710127 0.0576021010001633
-0.00913737615950905 -0.00263832703860474 0.0498029950269837 0.237676442082762
-0.00717474232758846 -0.0231434631811465 -0.231602056576911 0.403320287000369
-0.0104706518497505 -0.0248167557753866 -0.413252505464501 0.420325622825004
-0.00321813869425302 -0.0330977955228992 -0.462523062758778 0.352487044947157
7.04574452945854E-05 -0.0302597569645481 -0.34316847226909 0.251155831986739
-0.0034288302763267 -0.0174692226589506 -0.237072231144278 0.136125499378397
0.00508338636252975 -0.0245985222638842 -0.186116919575106 0.00649349998542074
0.0212301595744423 -0.00255896035140289 -0.172480435195943 -0.122642503651271
0.0274057895540403 -0.0054143598281095 -0.316738373201035 -0.103537067998326
0.0330874991774121 0.012839355780744 -0.526698101873241 -0.0670048798583033
-0.146658575954298 -0.0784603640329045 -0.0370168771049558 -0.471263515461722
-0.135003582826905 -0.140162896067862 -0.0592321259605691 -0.363097219090237
-0.124556877114653 -0.160372563551307 0.0326594011184381 -0.238193575466366
-0.0774193226190121 -0.228996243697503 0.141583658726596 -0.0923448746081837
-0.0154921512339415 -0.245207111885609 0.210665479306248 0.0660562386634208
0.0521989785202589 -0.224859853566612 0.0447117779440957 0.229942020998078
0.133063313576111 -0.22448021646689 -0.236839658942568 0.362944921891845
0.160050581958595 -0.185785745119943 -0.39040800666812 0.381277479500016
0.151923383021264 -0.172686640128339 -0.442013220808932 0.334175765309113
0.117694318009432 -0.152338097266278 -0.338643776517122 0.247362490835751
0.081246969048911 -0.15320829408062 -0.252765252440071 0.148099157566084
0.0579858665626118 -0.156601015973091 -0.202043692947424 0.00627270600738685
0.0295931164734859 -0.132713676483188 -0.198175385957672 -0.119603431486506
-0.0109241109855653 -0.153759845197378 -0.347213149632699 -0.0728650945053378
-0.0635124939880538 -0.108336004829088 -0.532009127269972 -0.0187773110567818
-0.287296424770913 -0.145760691184366 0.0812299699252979 -0.416846903795325
-0.255835677242145 -0.240271940744765 0.0430049512799493 -0.331999621401254
-0.233441651609163 -0.301306847795386 0.107453167841648 -0.20796392955609
-0.131375697507007 -0.421027440890002 0.178069054137847 -0.0773835003005261
0.00788360301675062 -0.447777849153991 0.207185401699817 0.0443496254015646
0.132862350249739 -0.407124853619227 0.0567654700832167 0.168369460343699
0.265981367640928 -0.382102110670728 -0.19154811328564 0.251361658041409
0.308660377761927 -0.320853941332847 -0.30356900650787 0.281911724200433
0.280715961665176 -0.311183979878751 -0.369351393164588 0.281421351433864
0.21038557651587 -0.297370500704921 -0.312285982100402 0.235650641843485
0.133582376962036 -0.322531045308066 -0.268865987695559 0.166920626935754
0.0654404813583352 -0.318124959423425 -0.230988479803693 0.022224832824171
-0.00749417950586742 -0.267131755480333 -0.238217843437524 -0.0838087208757681
-0.0849923263794943 -0.283754252116411 -0.376785760303254 0.00081695820401884
-0.16736471851387 -0.207711514735767 -0.507548958721449 0.0775282818084616
-0.362969520541631 -0.202712703034824 0.2272015440133 -0.325072756061042
-0.30560407625162 -0.329417263582534 0.173576587670179 -0.262371282907921
-0.260278203948804 -0.419591184258425 0.19231715490901 -0.145998477419233
-0.112856752700076 -0.560138147165166 0.219192459999064 -0.0550937667572155
0.0737225238236872 -0.573209365674949 0.210442922364786 -0.00131572579827612
0.224299170877212 -0.507802631125576 0.0924773891901524 0.0651522699697768
0.367838618980302 -0.466142060944478 -0.0931718013763589 0.098445497818067
0.410665538936616 -0.408233111551652 -0.166696845608803 0.136701843767552
0.359158863798964 -0.430284850208278 -0.252919631677636 0.180936338910119
0.252063854093666 -0.443586573586972 -0.261722305913678 0.1840639397394
0.124113121351757 -0.495089962688839 -0.27287952424218 0.172364968203733
0.000277048580923646 -0.471830331713712 -0.254690586538324 0.0566635942598104
-0.103146815414252 -0.373427852862583 -0.26008761061509 -0.00718531491312344
-0.192635376565526 -0.366573886801418 -0.36960147375639 0.113262767326009
-0.268066615344581 -0.26775203490425 -0.44012866275868 0.206013766324071
-0.368379271842023 -0.235071380755988 0.366792696628457 -0.207075638287221
-0.28013605148242 -0.377769369195326 0.294643922084863 -0.155743154484037
-0.20256059083296 -0.467238367247947 0.253621212947683 -0.0512738025629745
-0.0278064095686377 -0.585978257449298 0.248348347356557 -0.0200909957591161
0.162697110414456 -0.570223686437355 0.220921865935759 -0.0511704725285292
0.292966505956269 -0.494082879039542 0.154380269757543 -0.0466213796103929
0.417028933657092 -0.462441311508299 0.0422430286027724 -0.0585701991707927
0.453074176810693 -0.433967442227232 -0.00378436654009043 -0.0320729067213953
0.383087180352803 -0.498554957201765 -0.119543440871112 0.031927382999442
0.236741911738017 -0.534910080939991 -0.203716537503622 0.0787408590763155
0.0588960385545307 -0.595174834594952 -0.267670530931399 0.142398044685288
-0.106146696820035 -0.541510576486545 -0.256226842416727 0.0963711042775758
-0.215886438782517 -0.402644333311516 -0.236746014876585 0.0900734734305349
-0.295240575154736 -0.379954150495458 -0.306252470038295 0.235203089465451
-0.337927134958568 -0.281712035773617 -0.331473833474762 0.335481016004679
-0.312728030926395 -0.227562834700051 0.472091940062755 -0.0816090834131073
-0.202308129054012 -0.354181717458765 0.365604797165673 -0.0366445417959076
-0.10114556114211 -0.410982025277157 0.262733302054819 0.0487709685932924
0.0586838306320942 -0.480459605540309 0.25075716412049 0.0162455420829361
0.212600240818206 -0.440005420854248 0.231808239452955 -0.0874594391134338
0.306453798112179 -0.379492161863002 0.229921490708568 -0.132426980673924
0.398281888178045 -0.382830015063861 0.18823871767814 -0.186345089092544
0.42692996894394 -0.393682022481269 0.161784349947002 -0.198555397315762
0.349636570221809 -0.480825533948664 0.00913360078339318 -0.14202776306432
0.186886673912422 -0.522239487521774 -0.155098605369514 -0.0592318036856358
-0.00725308492308015 -0.566991681869879 -0.262260472494254 0.0818716404167253
-0.181593026533564 -0.493858110925567 -0.237214728418435 0.123042226804041
-0.280424864926109 -0.350689315636207 -0.172612013932624 0.173079308817584
-0.338803793403296 -0.327370975533523 -0.196272174505451 0.328154676910325
-0.351577223010239 -0.251670907527998 -0.195812335653797 0.446859389715293
-0.218451234352322 -0.172350726542667 0.527458037693426 0.0276790833434576
-0.1172823831679 -0.260460420899204 0.379903332484675 0.0623551127158686
-0.0235994842058218 -0.272215358531236 0.228087218925863 0.115925227164557
0.0871715068442345 -0.294096126978575 0.229267971823924 0.036203919972375
0.189268908227893 -0.253336080430074 0.233833263379655 -0.104797761983624
0.247261663594496 -0.223816683852348 0.293331808750399 -0.176886701925776
0.309960861461977 -0.255862242821114 0.317156802751689 -0.268146566826157
0.33645201423548 -0.292054692281835 0.302493975172014 -0.333984259469205
0.276190420097111 -0.372402990939119 0.116380794359272 -0.301481644914688
0.133134758523857 -0.399977030884551 -0.117255689711318 -0.18782376897306
-0.0322187084145138 -0.425655601695663 -0.259919484458873 0.0138521175077296
-0.1783192473638 -0.361198135490622 -0.210513822485078 0.129262817299664
-0.254831970205153 -0.248119237600719 -0.0992977897248174 0.222765165794589
-0.298568076224175 -0.238140069264154 -0.0822479099793269 0.374818009490699
-0.292356297401248 -0.19624799099825 -0.0666036974891236 0.519564945851324
-0.111210377102998 -0.0771162916580814 0.544705596925577 0.0901875914489589
-0.0590207389367833 -0.127349322484835 0.367130516860441 0.113561568493552
-0.0034628806699291 -0.114610966365663 0.188970268355564 0.138257876129005
0.0471200861183815 -0.117011678205175 0.209995775027741 0.0354240139953172
0.108018536871208 -0.0887541895702055 0.231547908190249 -0.114283577867407
0.143294591967028 -0.0852230299404992 0.331841330921534 -0.192835720674327
0.174245448711983 -0.117040625766491 0.405564955395256 -0.310670625496557
0.195193848611924 -0.151083952496649 0.394592548805493 -0.423531151343574
0.170392083164531 -0.196930374501725 0.191104902573385 -0.411971571277293
0.0841291900768554 -0.20602549264098 -0.0879032292202235 -0.276167759273887
-0.015572731387891 -0.221396437185234 -0.255031425096636 -0.040003896166522
-0.10584406413191 -0.192357382151383 -0.190067102834749 0.123851056911938
-0.154184771717918 -0.130266553749164 -0.0458205919806062 0.243749920385374
-0.184441757346072 -0.133558439260437 0.00392280232706432 0.384397859245824
-0.171147972124019 -0.119503821353257 0.0297461758839946 0.551349516097399
0.0308219419796007 -0.00901534311600989 -0.111947007628463 -0.494490152171779
0.0225713510868966 -0.0464120447027454 -0.112405511692566 -0.373087394244587
0.029566435578356 -0.024840237561732 -0.0153210423755115 -0.253484699061868
0.0241549007448639 -0.029767688657606 0.118120954292425 -0.111522930391589
-0.00193152027851386 -0.0158891389377041 0.217329864061185 0.0559455346812354
-0.00941461924389428 -0.00244399796928565 0.052034056953359 0.23961125075571
-0.00781480653800319 -0.0232913524058615 -0.22959403827197 0.409440647573637
-0.0120362916846815 -0.0248992379741672 -0.412068877673915 0.428940127499639
-0.00337176678832121 -0.0334933624379259 -0.462500404353723 0.359723667157112
-0.000542558190803428 -0.0309581306129293 -0.341787982756658 0.25550946895473
-0.00301550079890382 -0.0177838023678777 -0.237378881439692 0.139671697747473
0.00501898459448571 -0.0244513869384644 -0.187985943612918 0.00908478265172221
0.0215027696373384 -0.00293474553764719 -0.175755890411173 -0.121296279437157
0.0268567369551044 -0.00602254975345638 -0.318904754153257 -0.0994675189231036
0.0337847901666807 0.0122324301011818 -0.531802087404927 -0.0618062497222659
-0.14852631255574 -0.0777042924620059 -0.0432331470577078 -0.475647018246334
-0.138381087346442 -0.139855982576083 -0.0648368453269931 -0.365783570035287
-0.127294363131113 -0.160408414871961 0.0299002003921184 -0.240754859467303
-0.0807530327770337 -0.231382670554033 0.141614722924366 -0.0937321655372749
-0.0179277198580739 -0.247499796625142 0.213104824873635 0.0648316045175744
0.0502880913119618 -0.227324376822768 0.0470129635402776 0.231876077344579
0.132217405618164 -0.227800728732991 -0.235933427389854 0.366708091328259
0.158922187064152 -0.18979374257618 -0.391078181006528 0.387486732611535
0.151483772508348 -0.175495425952884 -0.44172556140764 0.342557389076867
0.116706358671216 -0.155030735634354 -0.338482892095181 0.253186321661543
0.0803033755259864 -0.154985524664304 -0.253521615001573 0.15229497360515
0.0573076972266166 -0.158455840767007 -0.204321195598944 0.00846482589571522
0.0290733170465562 -0.134576553292115 -0.201879807347658 -0.118045903804544
-0.0128339526167836 -0.15580675997783 -0.349398827385037 -0.0689370912437583
-0.0646918772955738 -0.108986961655114 -0.536010814231241 -0.0123221473874518
-0.291458023691617 -0.144914513788475 0.0779333699450458 -0.422205018833666
-0.260447218271247 -0.24022899799109 0.0385897599978355 -0.336129692658372
-0.238529390271926 -0.301641987932916 0.105746918227159 -0.211306076268988
-0.136322565810113 -0.424417756088562 0.178448993568859 -0.0798655802216649
0.00244252857839924 -0.451514201725941 0.209070281931385 0.0430864971047907
0.129935172888685 -0.41246177256767 0.0583508638741174 0.169893366636934
0.263480197392564 -0.389279093986157 -0.191288074823648 0.255895048601449
0.307686340124975 -0.326421623866274 -0.303341013105618 0.286656447925859
0.278854645679583 -0.3178945567122 -0.36778787291467 0.287262468486061
0.209561748646914 -0.301419003701017 -0.312199413781672 0.239888756512607
0.131261713648678 -0.326627541150123 -0.269344769877476 0.171092314581924
0.0626529566121766 -0.320975484599566 -0.233583372750459 0.0248237164691994
-0.0101045586364629 -0.269646625292547 -0.242829477280751 -0.0818476406329853
-0.0886397652589744 -0.285624084157484 -0.378991839476016 0.00531588617101105
-0.170775059940308 -0.20850284844635 -0.509584970190422 0.0848647744680148
-0.369759148162802 -0.201027198551433 0.225457032294521 -0.332283366686484
-0.312928417632615 -0.330229327093926 0.171207899650003 -0.267389833291275
-0.266545068040385 -0.421674584031144 0.191893742997682 -0.149385419599999
-0.119009129900635 -0.564615148052845 0.219957540460305 -0.057269394434476
0.069997194885809 -0.579113043233054 0.211443905318553 -0.00257169654699114
0.220478100347855 -0.514752766352572 0.0932471661259631 0.0656796027986346
0.366693968163651 -0.474059559806572 -0.094668097540172 0.0999769136939556
0.409101647006193 -0.416575021407878 -0.167760081767139 0.139177663173981
0.35859695091966 -0.437185568988472 -0.252819011600756 0.185436647165726
0.251338925961782 -0.449001877088929 -0.262907570284265 0.186937068263048
0.121265670789983 -0.501382990792675 -0.273477965082336 0.176581204101125
-0.004190151933758 -0.47554932996196 -0.256707859174422 0.0601080420096169
-0.106389977341682 -0.375267037763416 -0.263863101520179 -0.00459678067636266
-0.198482235013749 -0.367004291356354 -0.370210834030847 0.119082624900712
-0.27241537132657 -0.267672764620851 -0.441373947878027 0.211838770289968
-0.374627218183478 -0.232669577150312 0.367537921616244 -0.214576731861744
-0.286612891889644 -0.378505303214244 0.293919747703788 -0.161390342662384
-0.207779556539173 -0.470141371159027 0.25502204823357 -0.0541433735448118
-0.033803487517599 -0.592662523775454 0.249767462624303 -0.0228005841090903
0.157797285548375 -0.577784471635723 0.220607758120873 -0.0531827301226702
0.29112401534582 -0.499576534531926 0.154985688151565 -0.0480577509756053
0.416212610122717 -0.468999839557829 0.040411141925343 -0.0601748829178103
0.451509882073655 -0.443689726178761 -0.00411535112835162 -0.0326517959098714
0.381111973806044 -0.506928853546533 -0.119726370519216 0.0333286896503737
0.232686643229398 -0.541648070712231 -0.205019516550692 0.0805417062019824
0.0545142381469985 -0.600439788559333 -0.268439798321829 0.146620842073972
-0.112073473989709 -0.545002318143251 -0.258645046579008 0.100030538023565
-0.221242170060787 -0.405055880634581 -0.238886317476038 0.0939902035485811
-0.301609648232451 -0.379798943955244 -0.304467240657318 0.241431191530698
-0.343012583280913 -0.280212630379651 -0.328541798463181 0.342275614662507
-0.316632034840109 -0.226905699076684 0.474589060287369 -0.0880857228279783
-0.207444786681872 -0.35534237138017 0.366956911874087 -0.042087095998871
-0.105675130707211 -0.412837037093872 0.265582476773502 0.0468382468003254
0.0547388383889311 -0.483903838102236 0.252835469639926 0.0120038874046033
0.209404743229697 -0.4468048040011 0.232352398843816 -0.0900969819249476
0.304889230677972 -0.384639938462445 0.230258199932003 -0.134829259359418
0.39749607688247 -0.38873619687169 0.187385600039159 -0.190290578919751
0.425612889948561 -0.40227738793712 0.160558522129318 -0.201790509954319
0.348607322016273 -0.48805251505075 0.00812880986832773 -0.143499157833867
0.184058836824009 -0.527458200012283 -0.157070064807155 -0.0592911787771768
-0.0128195187663088 -0.572551439209823 -0.262908827044125 0.085628940760081
-0.188265400516792 -0.496423322036948 -0.238645861141828 0.126527642500027
-0.285904549538069 -0.351115327809814 -0.173223016660899 0.176893082085711
-0.346734126064792 -0.326843504980525 -0.193777141524914 0.334261579533133
-0.356425547677367 -0.250776265115807 -0.191597956315104 0.452881429625498
-0.222615961314832 -0.171505426811385 0.533411191146767 0.0217579235038553
-0.120634696303646 -0.262063764338872 0.382456310179586 0.0582825072747451
-0.0258168903398089 -0.274493159598484 0.230629227529928 0.114911902246989
0.0854705895543985 -0.297282073881959 0.23116805200263 0.0332094176024149
0.188213711639536 -0.257555436640385 0.233934605600338 -0.108183714865884
0.247395410464593 -0.228187112942234 0.293026381096209 -0.180035512385834
0.311096175942594 -0.259279736194684 0.31662554925732 -0.273506688176445
0.335545682528331 -0.299441808479865 0.300609305575281 -0.340160251671208
0.275878362429599 -0.378543206359475 0.115141199186236 -0.305649860955868
0.131323206544106 -0.405813988165975 -0.120080193930644 -0.189143237899667
-0.0354513098128492 -0.429511716145449 -0.261390397575828 0.016378591632389
-0.183224172030232 -0.362079040500626 -0.211203098783916 0.132402758369211
-0.25920450501526 -0.24835471856082 -0.099191768659234 0.225914443144453
-0.303261239332303 -0.237529353966903 -0.079327799167705 0.37943900555833
-0.296375387774145 -0.194826071660922 -0.0611643519284076 0.52578722135603
-0.112957992214266 -0.0764097089872013 0.550223045022406 0.0846756939157998
-0.0600383993049637 -0.128447432598588 0.370413860845431 0.109291956799102
-0.0035827215725107 -0.115859639995191 0.191873974051822 0.137540678103612
0.0462386683981903 -0.118087351788121 0.212061053684908 0.0326669705830885
0.10855803998348 -0.0908946336264863 0.231093730944402 -0.116935872486073
0.14398306498189 -0.0871676005915548 0.332329844048956 -0.196797831083165
0.174311920292738 -0.118894755819288 0.405571894806973 -0.315671242219685
0.195109867334454 -0.155164861254114 0.393544280046752 -0.430540294364499
0.170043885421311 -0.201055966907 0.18799936569272 -0.417000826606138
0.0832155040318652 -0.208103307603508 -0.0910733256581686 -0.278227954892674
-0.01734885906529 -0.223117815911183 -0.25795753457754 -0.0376450338965626
-0.108654475066031 -0.193256628155392 -0.191712207627521 0.126807376374222
-0.156575188118694 -0.129488859280973 -0.0445684077121536 0.246672287626883
-0.187460576545537 -0.132415004551334 0.00810592028595904 0.389035346401544
-0.173960712567392 -0.119292227115714 0.0375936226152847 0.55779248748748
0.0314930513975215 -0.0100932790794685 -0.119743374613506 -0.498919443702493
0.021287302885579 -0.0471814012486856 -0.118565408765064 -0.37508340219982
0.0289575958500065 -0.0257336422178226 -0.0189203326413132 -0.255095186465874
0.0241627964436657 -0.0307117095925162 0.117792582030172 -0.113540288488927
-0.00239372045491377 -0.0153259549651701 0.21965925623067 0.0534218974265316
-0.00971223248924893 -0.00249584830571571 0.0552520466757398 0.241939184789312
-0.00848268166850551 -0.0242403982021351 -0.225841966005695 0.416351814608655
-0.0123741466110497 -0.0252960376973868 -0.409105002831164 0.436139297059053
-0.00407008499623182 -0.0346629352174654 -0.460537422897083 0.367281359556385
-0.00041429248916479 -0.0319548670963231 -0.341030289585102 0.260757913072334
-0.00324565118637508 -0.0178246771275706 -0.237090506830029 0.143560925825869
0.004357305396387 -0.0245740690398788 -0.190319714780571 0.0114576116500153
0.0217143877806021 -0.00353887071238593 -0.179349383555998 -0.119752317260176
0.0267401273853966 -0.0069618872858674 -0.32150742001697 -0.0953613872499645
0.0345539708394614 0.0118903966551616 -0.535084511711965 -0.0549947648267704
-0.150931536121483 -0.0763938240815524 -0.0505719176312865 -0.481055568997866
-0.142279239874482 -0.14063113085997 -0.0700627959758416 -0.367958583180339
-0.130530307202653 -0.160809774717605 0.0274012460112981 -0.242492532351739
-0.0839577043769664 -0.232634392236865 0.14171908716301 -0.096507395236311
-0.0217794536660319 -0.24975773041813 0.215166484467786 0.0633316567901011
0.0476927457183825 -0.229477012187616 0.0495694658240946 0.233850168355063
0.130598491085029 -0.231809753367445 -0.233790021417902 0.373662517271298
0.156617835633393 -0.193325900729289 -0.388365164671195 0.395277285978382
0.151372687306154 -0.179179172240211 -0.439931705296475 0.348910002575583
0.115922993092329 -0.158025439597507 -0.336769290801249 0.259240219259482
0.0793815322645823 -0.157576536618507 -0.25406136455494 0.156396716167466
0.0555452962143892 -0.159270108746774 -0.206076644068256 0.0116952111659457
0.0274062655619918 -0.136232722186848 -0.206132601607775 -0.115885834612335
-0.0153561993110997 -0.15740512951629 -0.352304278191204 -0.0641324959181384
-0.0659914968334784 -0.109319913908133 -0.539342748307129 -0.00662174674484265
-0.295113103126965 -0.141779482969856 0.0728997183663151 -0.429188466395232
-0.265690626187279 -0.239363512430695 0.033858824928477 -0.340251576325982
-0.243256119579092 -0.301726273925536 0.104188123297151 -0.214051608354906
-0.144128881515195 -0.426755038536132 0.179091501719719 -0.0820687548341661
-0.00249138314006744 -0.455892525178185 0.210616851157304 0.0420601010422231
0.125315924861106 -0.41784180246209 0.0603448101251917 0.171548481461957
0.261931961214165 -0.394456435802873 -0.190902237211759 0.260321812969039
0.305576699597332 -0.333693311022521 -0.301767964685895 0.292713232121086
0.278788047148945 -0.322669904591956 -0.366207081600299 0.294388402052931
0.207369556933925 -0.305586334985024 -0.311300050081776 0.244650460747396
0.128799329416983 -0.330860724614994 -0.270010650774616 0.176042404519899
0.0594072551677011 -0.322921844455978 -0.236054405572272 0.0280494217569002
-0.0134351978309293 -0.272427797705712 -0.246642545555772 -0.0793186662095431
-0.092460073517077 -0.287218411088786 -0.379912791877575 0.0113106735038775
-0.174315627134652 -0.208546200246211 -0.511492452244304 0.0927885500971108
-0.374275047423995 -0.197717721963597 0.222397132650095 -0.339566193682828
-0.318465934001121 -0.329918113044911 0.168660510650791 -0.272268382805173
-0.274922913863208 -0.421525200531742 0.191510224392077 -0.15259337774825
-0.127825889568821 -0.569033902274338 0.220556232540179 -0.0605995769283083
0.0632144232291612 -0.585273788128721 0.212382846699024 -0.00372468278005484
0.215204004160247 -0.521103890976208 0.0944378321202132 0.0658166142319825
0.363987569653682 -0.480493206692625 -0.0950761249046041 0.101317885777026
0.407151354530034 -0.424651781289864 -0.167517655697019 0.142624155611552
0.355716716366477 -0.445248265553978 -0.25193633024266 0.189335870443384
0.246941137212767 -0.455334539451433 -0.262136899514105 0.191214949262676
0.115916650258615 -0.50615949048674 -0.273136430276885 0.181574738464347
-0.00826367655424114 -0.478960003679421 -0.259338041678629 0.0638537137302964
-0.112286656077106 -0.3765886513837 -0.266636264421466 -0.000581400444058455
-0.203224842190865 -0.36976146106963 -0.371132923240364 0.125076477696477
-0.277220185803109 -0.266931882842961 -0.440648183564415 0.220024426653013
-0.380350827215438 -0.229590650673286 0.368055544192947 -0.222622679558971
-0.293255226982485 -0.379286527410677 0.293267901258828 -0.167296732311344
-0.215080646210575 -0.471450957402225 0.255896887272994 -0.0570160352711117
-0.042043622844963 -0.597037811965233 0.251319472981489 -0.0265806626721426
0.151260772975495 -0.585176627117505 0.221326150127246 -0.054872779736791
0.286817077286207 -0.507504779069435 0.154798380836894 -0.0496510826117612
0.414177544924953 -0.477958554106339 0.0390157276898762 -0.0614799450123712
0.449632690447386 -0.452281705111653 -0.00491901039721106 -0.0327992790965355
0.378834003820602 -0.514988672397347 -0.120095283104967 0.0344607617869861
0.229692141939134 -0.547970240462682 -0.205311425738613 0.0827169728319892
0.0472127741932012 -0.605731510716827 -0.268229947201283 0.151279902488725
-0.119754574411028 -0.548619241574967 -0.260712964222404 0.103532621483342
-0.227450678359671 -0.405542540037247 -0.240737098076842 0.0975499436442395
-0.308778844596778 -0.380318900635781 -0.302802112521431 0.247769971683326
-0.348804758672728 -0.278263886125913 -0.327389953776636 0.349708527053943
-0.32333828347832 -0.224781461298069 0.476649737947926 -0.0956500653503065
-0.212466767566225 -0.355750533673509 0.367603057543868 -0.0474873349076376
-0.11007402839632 -0.415758690926013 0.268044872254403 0.0437975108450046
0.0497433884673633 -0.489186878573821 0.255171958744588 0.00898777379955635
0.205831276117292 -0.453549469369024 0.231529103123945 -0.092426819080363
0.302483789905576 -0.391818803009457 0.23066977489891 -0.138137585014149
0.395422038627751 -0.395639252274077 0.185810325266447 -0.194436418257558
0.423804905604052 -0.41064966741072 0.158473231282312 -0.205013584177946
0.345685181264519 -0.494796775182548 0.00713551069863731 -0.1451641367609
0.180642874436664 -0.534840963455232 -0.158937701727436 -0.0589118541789781
-0.020539709096708 -0.577620527131082 -0.263899595596304 0.0896456522897922
-0.196075226499524 -0.497327919979716 -0.239429363172381 0.129865995345582
-0.29270263827582 -0.351984099873003 -0.173510553853945 0.180913227724238
-0.352833322725814 -0.326129361005814 -0.189931444638626 0.340155339424677
-0.362360118524758 -0.249386395261553 -0.185926241868235 0.460136600533532
-0.226550231225256 -0.170571917720793 0.536658753190052 0.0153320937279711
-0.124263449898867 -0.263040670193362 0.385268921163132 0.0526599403196449
-0.0289620160299856 -0.27709671594841 0.234470004250716 0.113138916635732
0.0824212073450412 -0.300158724518276 0.233743535291503 0.0295569233424027
0.187326096215116 -0.262643110831306 0.233654182487188 -0.110858353296966
0.246932823168516 -0.232241552683713 0.293726068150159 -0.18510473508256
0.310510520403403 -0.26398969581219 0.314466771220242 -0.27870809552068
0.334676464180373 -0.307356385704401 0.297767165081598 -0.34688280805822
0.273727435465128 -0.384737032288998 0.112206491924913 -0.309753693400409
0.127840535301212 -0.409229074638725 -0.123028512332977 -0.190184006111806
-0.0420943710199713 -0.433604651278038 -0.263366508873945 0.0197855298480604
-0.189023950602373 -0.362767589824296 -0.212443580196529 0.136175025867888
-0.26422986263899 -0.247435548957867 -0.0982664771024317 0.229057571917327
-0.308432440062786 -0.235762802383172 -0.0739462072029174 0.384780311829029
-0.300775864825385 -0.193127577723571 -0.053529564044268 0.531836729803451
-0.115064221807475 -0.0757597360072977 0.554741475800142 0.0778499456803453
-0.061532267195024 -0.128798319232005 0.373992391352722 0.105649685444045
-0.00502940079193997 -0.116746392933372 0.195599533370107 0.135891895006448
0.0453538692578641 -0.119133051471797 0.214284468362118 0.0289826595065993
0.108211386515277 -0.0936813382443889 0.230999049665463 -0.121157162440426
0.144356891043187 -0.0893327703981827 0.331086272485726 -0.202101602837495
0.174284415895644 -0.121425420815576 0.402869335817068 -0.323426800433773
0.195146446151706 -0.158914014353672 0.389754701185857 -0.439143571596558
0.169068343868219 -0.203937755942208 0.184532033616748 -0.423599523848724
0.0823140595325646 -0.210663366542239 -0.0952478836278788 -0.280212010826254
-0.0207261478240678 -0.22481203898105 -0.259489452238383 -0.0352742942697706
-0.111610378791282 -0.193232155949399 -0.192224774253294 0.130747209773773
-0.15923583582203 -0.129003365176151 -0.0425194471808781 0.249242365921499
-0.190166685523194 -0.131793918357006 0.0129721675494852 0.392541959243863
-0.176390307634693 -0.118390176531331 0.0451636702638506 0.562832088417593
0.0318120789097436 -0.011011892238499 -0.129328961463704 -0.500986334847343
0.020398237677314 -0.0481068228865935 -0.125425004880094 -0.37627562745006
0.0287341163807209 -0.0266211222797919 -0.0227737670683528 -0.256699167611568
0.0236331057383776 -0.0315887004046517 0.117459972225902 -0.115804614077641
-0.00285896941956876 -0.0152892224335698 0.221894008486104 0.0508024358076425
-0.00987205528279982 -0.0024202622784287 0.058499545091414 0.242808375853998
-0.00896191035678714 -0.0242126376968969 -0.222012197329216 0.421802995149778
-0.0133540032282319 -0.0247082331697149 -0.406356479961689 0.443484087498383
-0.00420308613844398 -0.035018596835696 -0.457325830715778 0.374667204004928
-0.00117058003068558 -0.0324016395438462 -0.339315684368861 0.266573926865124
-0.00249603757800615 -0.0183810487637367 -0.236589987147181 0.147237426791994
0.00418387553140492 -0.024489752571204 -0.190673373693829 0.0147896980991193
0.0216288846112143 -0.00382654598866049 -0.183016788326045 -0.117815165200904
0.0265810709650102 -0.00722428597787806 -0.323531420450445 -0.0907284949273193
0.0351467600561252 0.0110744265462934 -0.539001678786306 -0.0476389789504577
-0.152591364131996 -0.0753830347158937 -0.0590343329225076 -0.485163874969072
-0.145937067719798 -0.13957445349678 -0.0761684797280522 -0.370525492946425
-0.133673546191161 -0.16002216878417 0.0238740707054446 -0.245194416965838
-0.0882058802533387 -0.233491055320922 0.141534823187582 -0.0989002817013998
-0.0254806881738746 -0.251336222253913 0.217626309689082 0.0608946300438853
0.0445990896235387 -0.2325099173585 0.0524937202201004 0.235668476175282
0.128572628726093 -0.234787439133772 -0.231119449642572 0.379014748366657
0.15539734844559 -0.196862820691036 -0.384302886075877 0.402830963425927
0.149882164195314 -0.182769981047393 -0.437097768362408 0.357705700438952
0.11448703268152 -0.160541731165923 -0.335101780489498 0.265244944875657
0.0784847089027695 -0.159465811179339 -0.253966938172813 0.160657957088988
0.0539543839508939 -0.160907370810359 -0.207300578214074 0.0151126940262007
0.0261191557134589 -0.137510719219112 -0.209781598657525 -0.113786549862687
-0.0174783213699924 -0.158028559261082 -0.354499461478658 -0.0592595412383031
-0.0678521508945357 -0.109870281350367 -0.543364568281277 0.00239909045328581
-0.298648922709389 -0.138472731225149 0.0657479005021285 -0.434794812274097
-0.271989789762449 -0.238325063339176 0.0281917473628205 -0.343026303474194
-0.249863759935428 -0.301039966147747 0.101069762839176 -0.216375489069894
-0.15126866172852 -0.42866174121711 0.179270220650324 -0.0843840619520098
-0.00922916799036955 -0.460311235453103 0.212070883949863 0.0408847753411882
0.121942501434922 -0.422528241487932 0.0620993142356912 0.172820294617761
0.259170288169297 -0.399649188501686 -0.189916773833633 0.263762949510442
0.302377310940195 -0.340274069089696 -0.300100293864857 0.298782705861402
0.276685380438538 -0.328809873761334 -0.364675646335005 0.300024199602895
0.204097069761946 -0.310995173704339 -0.309389633911511 0.249932486571886
0.125553545881084 -0.335179391875188 -0.26878187580846 0.181159609189558
0.0549852900883774 -0.326304878996526 -0.237172419061688 0.0317280716638608
-0.0167444197089797 -0.274151737642798 -0.250508680305063 -0.0755343009588087
-0.0977598282253499 -0.288358788718145 -0.381215882542965 0.0174642662627187
-0.177265900431267 -0.20755135896093 -0.513258798370721 0.099790685584454
-0.378891815934512 -0.192554532213997 0.218402431784581 -0.346655553122077
-0.325425561034935 -0.32952924742219 0.165020608602698 -0.277199832606332
-0.280921108932559 -0.421486819578218 0.189826303420255 -0.155774863813935
-0.135296458907944 -0.571746225277156 0.221415497673312 -0.0641734274271526
0.0554606068863904 -0.590012177983819 0.21294126738126 -0.00538573579298991
0.210366339218684 -0.526491987875605 0.0955839802509836 0.0658526573821464
0.360687144372636 -0.489894629125932 -0.0960981109846086 0.102807781957135
0.403058376999004 -0.433892790198696 -0.166721208494634 0.146034452718013
0.353320207919343 -0.453123193734056 -0.250164226605499 0.193319420181905
0.243015920298517 -0.461524496490846 -0.261524615669217 0.195377751017578
0.110625670208006 -0.512235437185488 -0.27287707759127 0.186160220335522
-0.0159538079647293 -0.481828422871844 -0.26089708964527 0.0673137554840637
-0.118034474639473 -0.379494950601082 -0.269930562671286 0.00372787860327424
-0.210050296960997 -0.369756739748167 -0.370119036782948 0.132201250897807
-0.281890014932234 -0.264773792019003 -0.43971067435432 0.227098207402801
-0.386047724143664 -0.226501297655543 0.366844114495396 -0.23057097760967
-0.300553174224582 -0.377785189942553 0.291150150786374 -0.172778259785011
-0.222159356723571 -0.472059094857791 0.256723786077968 -0.0610372584849716
-0.0496375607522284 -0.600532939835149 0.252493284859261 -0.030566199518902
0.14505433473476 -0.59154892834745 0.221237055080519 -0.0565484567753875
0.282873792422219 -0.514273967456206 0.155174863397848 -0.0514470064741454
0.411794969448756 -0.486519922588927 0.0364871893580968 -0.0632751750509457
0.446162115139041 -0.46263044139799 -0.00643176393769613 -0.0327683643030985
0.374921517335181 -0.521644090759884 -0.119265633850165 0.0363500808261921
0.22445175192908 -0.553804689798445 -0.205752577747031 0.085231924822251
0.0401384324926868 -0.611955049319186 -0.268217077690648 0.156208361537489
-0.127009564569505 -0.550676283285745 -0.262009649952825 0.108353034341957
-0.23527794993156 -0.406644122052215 -0.242448263563195 0.102680427765438
-0.316244993568231 -0.379119379214581 -0.299177261926988 0.253999067586998
-0.353974181374245 -0.2762015749614 -0.323519080694616 0.356587173083739
-0.327635088264557 -0.221273980572098 0.478359750324016 -0.104165796246844
-0.219591726375743 -0.356290289278224 0.368321055843813 -0.0531992048852674
-0.117496391262018 -0.417135386136072 0.270627258066862 0.0402606903829316
0.0434833967919581 -0.493893815542999 0.256383592134393 0.00504839727309045
0.200968240301703 -0.459729739926536 0.231494175084164 -0.095089011756521
0.298878486972424 -0.398386812401015 0.22998156362913 -0.141929230521922
0.393771313204187 -0.401990143050655 0.183228006433637 -0.198881013042864
0.421318031088551 -0.420213046519135 0.156057790983009 -0.208180433084016
0.341943081415531 -0.504586437408373 0.00570759582522315 -0.146715254419226
0.173743086930555 -0.539750353433358 -0.160544482253424 -0.0578070793564195
-0.027492907726376 -0.580847182320615 -0.264220515163062 0.0939732844977014
-0.202346331937907 -0.498541352240129 -0.240893366051763 0.134176395793647
-0.297781222990477 -0.350759476780061 -0.173433980546375 0.18443381589871
-0.360951372074267 -0.322597992597011 -0.184946128100203 0.345377746285057
-0.366574830116015 -0.246516876165345 -0.180522659330308 0.466165161783415
-0.229860511189147 -0.168260377507733 0.5400195085909 0.00621169530687334
-0.128037481284708 -0.263363267093144 0.387173762626581 0.0478976661556661
-0.0322646963098646 -0.278670337348506 0.237717350396874 0.110259487976394
0.0787330782983028 -0.303845684033083 0.235863640628568 0.0255227409441057
0.185303313419587 -0.267031120768203 0.233106781845843 -0.114122449298572
0.24624478750294 -0.237209576181652 0.29223400846666 -0.189587826682452
0.307355064907522 -0.268668745620668 0.312274886486671 -0.284530314187196
0.333229026899579 -0.31341647048796 0.293834486514886 -0.35236087115106
0.271907038677225 -0.391820855557357 0.108452733039448 -0.313772535848987
0.122980003569797 -0.413558037359878 -0.126815761138752 -0.190707805002588
-0.0466577209640701 -0.435585478930755 -0.263944791577029 0.0233197334248802
-0.195015481287055 -0.363208648208741 -0.212752331024789 0.140141527092081
-0.268750031643752 -0.246007725048382 -0.0972186501623001 0.232138354939535
-0.313307957284974 -0.232925941154946 -0.068424701610772 0.388876271972478
-0.305283794237774 -0.190847507603107 -0.0453704559064852 0.536231154789285
-0.116200945030609 -0.0742879598500239 0.559715581462638 0.0693763422460489
-0.063183911473909 -0.129232999629922 0.376485785706592 0.100314817623923
-0.0058048886266993 -0.117677758272554 0.198638581804107 0.133160595921071
0.0441679656626091 -0.120225891728617 0.216056030089307 0.0256247115651909
0.108146005401336 -0.0958928165093644 0.229554200390026 -0.124585565574824
0.144460469287705 -0.091885086289669 0.331901686458629 -0.208431196102091
0.173707570978478 -0.123776814900145 0.402452612802536 -0.330416071485932
0.194111723267845 -0.162624868553475 0.386844066930666 -0.445746101851104
0.168082171658021 -0.208681357579543 0.179473004168624 -0.42958630401268
0.0801309025218789 -0.212989806625905 -0.0998506302941169 -0.282128636820453
-0.0233879904814711 -0.22645026702074 -0.262188165717064 -0.03229142232154
-0.115275987799454 -0.192905829204198 -0.191563910734618 0.133890955448728
-0.162036609441992 -0.12812707515033 -0.0407365822969531 0.252218610616656
-0.193325428953989 -0.130024029878668 0.0191148491214289 0.396048757523451
-0.179338482330699 -0.117243812477745 0.055816553205092 0.566379101374566
0.0322687707912539 -0.0116514861079235 -0.138250271118914 -0.50456626673435
0.0186524661071619 -0.0482566925161152 -0.131943207381162 -0.37717562676727
0.0280874989770378 -0.0272592163425968 -0.0271459589735985 -0.258246645109392
0.0233327962278393 -0.0322646041602961 0.116238757815721 -0.118083484617016
-0.00322868501477852 -0.0152044061823454 0.223787967102092 0.0472838982783853
-0.0102943170357784 -0.00212508471145192 0.0619731747499975 0.244131274370657
-0.0100381198063905 -0.0240970104508958 -0.215461717033382 0.428714447294629
-0.0143982735883094 -0.0248488295073486 -0.402090821421023 0.451285651415939
-0.00505647081258041 -0.0353165685682853 -0.453796088956818 0.383910769641692
-0.001758431177497 -0.0333515896294317 -0.336237441783804 0.272312858649528
-0.00277813806224977 -0.0184796914178268 -0.235936312121535 0.152147776871119
0.00411024832635969 -0.0242833468161316 -0.191801201396708 0.0183719433940925
0.0219841090069986 -0.00415903207346401 -0.18620468708662 -0.115536902886563
0.0261809072166481 -0.00811082423700744 -0.325254063475178 -0.0858658000764227
0.0357503544256445 0.01041947166481 -0.542422517183036 -0.040000115007324
-0.154986558182342 -0.0738226453284246 -0.0671337225810298 -0.487387107462417
-0.149068477683278 -0.138917895244955 -0.0841148777457293 -0.371582242583283
-0.137047100609356 -0.159128575842225 0.0198340845092387 -0.246972958783703
-0.0924925909636022 -0.234240705079643 0.141010862038592 -0.101271585719668
-0.0301744491911809 -0.252597765413466 0.219783240382442 0.0583792306235089
0.0416205332861495 -0.234285688915128 0.0559229533269094 0.237206650931687
0.125508384454511 -0.23801491035464 -0.227737057096623 0.384161633682856
0.152497563430271 -0.200285790632375 -0.380889938514722 0.410067185330997
0.147164539084461 -0.186056717569431 -0.434555689006655 0.364945551074656
0.112469118226144 -0.163186701565311 -0.33223194089541 0.270025734059151
0.0764714326610816 -0.161972154205054 -0.252326567770354 0.16558284315257
0.0523974453667111 -0.161815448045711 -0.208136596040435 0.0182961748139232
0.0240061263127992 -0.139131617274323 -0.213643640347346 -0.110163867505842
-0.0206736582945315 -0.159218776664781 -0.355429967382995 -0.0532791161122984
-0.0696395003199051 -0.109496633181151 -0.5440489338418 0.010368332477605
-0.302760934028634 -0.135371678601072 0.0589112646697186 -0.439907519494994
-0.277018102953945 -0.236287704151532 0.0222886028543516 -0.345733166790185
-0.255553447640096 -0.299346229537134 0.0984957620109962 -0.219243934299631
-0.158451592676935 -0.429286328346122 0.178428521580407 -0.087786783166561
-0.0164958167354513 -0.463445432460268 0.21370061351872 0.0383323937738518
0.116518506630835 -0.426874879149676 0.0642178247470822 0.173561058515246
0.254510112549877 -0.405731555048413 -0.187918486749885 0.267987725809845
0.298262032143272 -0.346255028057206 -0.296959428106735 0.303928006577173
0.272792373093928 -0.334003014855594 -0.360921898637614 0.307310468388497
0.200801737587729 -0.314983293501377 -0.306917918999343 0.255254906917043
0.121235770473555 -0.338828048943119 -0.267823006342018 0.186161461276986
0.0512486435186437 -0.327852821403927 -0.23829131908744 0.0356419065126173
-0.0204493035546649 -0.27575708303893 -0.254040100288292 -0.0716472952579463
-0.103178049568889 -0.288760543343053 -0.381479081283264 0.0239565602554704
-0.180958769356736 -0.206335268498923 -0.513011977709344 0.107357432213888
-0.384083295428914 -0.18821608983466 0.213719886122741 -0.353598687037489
-0.332709558514504 -0.326046632859216 0.160661344425997 -0.281766789315503
-0.288683321868255 -0.420448936008369 0.18841085052258 -0.159909793038674
-0.14536992130731 -0.572569750661382 0.22117596748342 -0.0680417667140334
0.0464255773217927 -0.595144919709979 0.214313974145022 -0.00747242103612229
0.205042934133252 -0.53324321253705 0.0960560177844773 0.0655620038504597
0.355091567045316 -0.495692896628353 -0.0961203813413688 0.10429627479161
0.398442480454425 -0.442600160208463 -0.165995328794579 0.148646776438089
0.349157170206724 -0.46163295384835 -0.248044695355043 0.197879352146789
0.238049494835093 -0.467169884534101 -0.259810588604407 0.199474828322237
0.103633807214437 -0.515608640247367 -0.271149017042431 0.19191744832203
-0.0225975594959874 -0.483725941550542 -0.261068805047518 0.0717494074350712
-0.123352954613429 -0.380052507944928 -0.272503790418637 0.00804572826156394
-0.217827571159255 -0.369138354496738 -0.368483584156156 0.139005869901011
-0.287419145922079 -0.262384426313608 -0.43694526255051 0.235284991865913
-0.391666127791192 -0.222109959264219 0.364299479679991 -0.23903653487604
-0.306192678794444 -0.377169565325242 0.289342219518828 -0.178168047062641
-0.229736590881304 -0.47226533932786 0.256333081564112 -0.0650420817822139
-0.0587516970571569 -0.603707396392863 0.253400638884855 -0.0354321238872336
0.135352810108194 -0.598454516700415 0.22183737132491 -0.0594012421650097
0.277329412421632 -0.520524394734283 0.15477615276353 -0.0531569097258799
0.406728818326103 -0.493922429244449 0.0345911906411414 -0.0647793129933917
0.440853695341511 -0.472456998746346 -0.00731037831502132 -0.032513401406724
0.368337566200047 -0.532269099007415 -0.119110455769302 0.0378729153005432
0.218488353898337 -0.559939993863599 -0.205572913031121 0.087742190544662
0.0313785674159109 -0.61581864362119 -0.267065415151467 0.16101072004943
-0.136540120334869 -0.550206492416814 -0.26216392076542 0.112335740565397
-0.241958696839852 -0.406618737263213 -0.243691842929089 0.107240642998379
-0.322766678156463 -0.376030818134353 -0.296034700875477 0.260639193592225
-0.360036881321397 -0.272409388824488 -0.316816832516132 0.364547649062084
-0.333034742139169 -0.218586097572148 0.479093325511208 -0.113908758899588
-0.224398164162927 -0.355933771284024 0.368313554676874 -0.0599641198501625
-0.122928041450448 -0.417484977586194 0.272353296180346 0.0369893085228109
0.0362348672163098 -0.495921329641408 0.258066945228119 0.000448407031123127
0.195948993067435 -0.467653714920331 0.230358482286076 -0.0983403748498699
0.29575694973139 -0.404552717845397 0.228553598002576 -0.145625168206128
0.389838830088477 -0.410160545259223 0.179898906563935 -0.202790594192959
0.417548552521226 -0.429388302694988 0.152666012896967 -0.211889845556874
0.338081553969627 -0.511714962634932 0.00376801157246189 -0.147868242771292
0.167405790357153 -0.545973188094981 -0.16290356707609 -0.0565694679784588
-0.0357514586929517 -0.583817174584467 -0.263700080677627 0.0982812214428264
-0.211376492165161 -0.498571575075758 -0.241220989715771 0.138449973539547
-0.304958088202304 -0.349323966683638 -0.173163261119191 0.18949599236066
-0.36656476770601 -0.319886874342944 -0.180341711864381 0.350985134345217
-0.371777906645431 -0.242430118563653 -0.17268490197156 0.471420809780013
-0.23403046786968 -0.165026524036163 0.541931651908549 -0.00317168132603756
-0.132358322431959 -0.263680398599017 0.389297423973845 0.040485352258855
-0.0362482915245571 -0.279303883807611 0.240086695395518 0.107679599828508
0.0744363907199543 -0.305772312168012 0.237071417885779 0.0216669806444454
0.182080985942782 -0.272186351463032 0.231913135166151 -0.117504663287656
0.243700492842443 -0.241764600810093 0.291969193625151 -0.195341674970246
0.305690019089587 -0.275084585602821 0.308227704625664 -0.290797809177951
0.329918392212085 -0.320034034170933 0.289436344231487 -0.357905945501351
0.266068231674064 -0.397838370914668 0.10511992477265 -0.317679971906355
0.118365896562127 -0.41778703072644 -0.130349415544849 -0.190457178747051
-0.0542534769737323 -0.43848811104728 -0.265356913901444 0.0275028781245659
-0.201577685798432 -0.362124183919394 -0.21251715261801 0.14408544268701
-0.274191375047101 -0.243544980704803 -0.0949313054044031 0.235872983351267
-0.318799681999628 -0.229379473964978 -0.0620731433195738 0.393515146334947
-0.309422342560731 -0.187158780335414 -0.0356202373415258 0.541129198834153
-0.117991806979568 -0.0728811505525691 0.562439581194002 0.0607421838994035
-0.0648957942362964 -0.128857387378408 0.379023334492171 0.0947199383188274
-0.00734412369928622 -0.117959205700586 0.201911446930004 0.131029583112462
0.0429334096184032 -0.121063037617605 0.217482386693228 0.0213409946732819
0.107184278757754 -0.0988957927507284 0.228910465121746 -0.1277481242119
0.144287693937514 -0.0941751955477305 0.330333692202579 -0.213785939585453
0.172784363442951 -0.12653179018893 0.398890063841544 -0.33683358068861
0.192098074154639 -0.166805626712612 0.380880634039849 -0.4530105532254
0.165723080626372 -0.211963084602478 0.174756687979166 -0.434315161767221
0.0779583442546289 -0.215334008368394 -0.104668265860135 -0.283202359181298
-0.0266268008155061 -0.227356798430307 -0.2634817118899 -0.0282432525238202
-0.118640697965203 -0.191713174892 -0.191237321895254 0.137676562142178
-0.164109000211109 -0.126717524383876 -0.0381560293394994 0.254156163894985
-0.196828132887504 -0.128142744344319 0.0252255912897014 0.399727619763346
-0.181979550807419 -0.115177991747588 0.0650506718330497 0.570411496491794
0.0322048422977345 -0.0130393323499697 -0.14767105791172 -0.503444544333427
0.0171487012413683 -0.0494681771510765 -0.139635209702097 -0.376575542327029
0.0274968085506846 -0.0276291493412351 -0.0311676861336606 -0.258784565592883
0.0225159422988961 -0.0326389747029686 0.115640755818288 -0.120678214728591
-0.00398687255121043 -0.0148291845074569 0.225640028173037 0.0438548543756614
-0.0110537962250524 -0.0019955782239897 0.0656836563097351 0.244646211246835
-0.010714454701113 -0.0240939767536464 -0.20902685881573 0.433998897647683
-0.014975270951019 -0.0245795451310083 -0.395383149054056 0.457804209285566
-0.00576550357378331 -0.0358192729539912 -0.448080442339505 0.391474261941431
-0.00271958975718312 -0.0332255166625321 -0.332963420827977 0.277810423309954
-0.00271128445764556 -0.0187450195598936 -0.234926360787615 0.156282443845305
0.00320309557784742 -0.023975379969005 -0.192358771337228 0.0218900658974126
0.0224217395436483 -0.00478149443715605 -0.189369064215032 -0.111768691869576
0.0259025013506184 -0.00874543429761875 -0.326587788456229 -0.0802639473248985
0.0362397226269028 0.00994151638617806 -0.544223791547342 -0.0307943199185864
-0.156307206869763 -0.0720294993265661 -0.0770628088616671 -0.489337409841294
-0.152438239479999 -0.137536810401434 -0.0911127207884399 -0.37176859542372
-0.140555855450816 -0.157867989192614 0.0161997110584838 -0.248335868285666
-0.0969008008745207 -0.233830771449964 0.139749591267967 -0.103586606984306
-0.0348589661702967 -0.253060867071935 0.221700067270661 0.0561463795825594
0.0371544531985276 -0.235934270227645 0.0596671513105062 0.238166097969044
0.1223106340427 -0.241046912643485 -0.222873032148675 0.390018990339305
0.149864903629164 -0.203907281544508 -0.37520095309526 0.417536588352355
0.145084813863306 -0.189255225104341 -0.428858536862475 0.373301674244275
0.11036136683246 -0.165929473369419 -0.328952857271196 0.275498690375162
0.0747169300349459 -0.163007097355157 -0.250220062650507 0.169787758727463
0.0499877022391378 -0.162771134760076 -0.209690304891 0.0220925657731957
0.0222053390527372 -0.140238420714905 -0.217728705552805 -0.106579605413872
-0.023511684145725 -0.159761079097724 -0.356251829975526 -0.0466146280395422
-0.0707818376870385 -0.109112169938919 -0.545301505641269 0.019527401311605
-0.305950581964687 -0.131035623469262 0.0503479810730259 -0.442633757628857
-0.281729671409664 -0.232801447462542 0.0153708091465652 -0.347909589443516
-0.261047336109646 -0.295554011715969 0.0946489329778834 -0.221620534232821
-0.166113715974564 -0.429192894743729 0.17716811754921 -0.0909348823898726
-0.0239610355465353 -0.465393878314538 0.21558069296467 0.0363288458804197
0.10987288425869 -0.430180092232732 0.0672330689242057 0.174546184587928
0.249181583400695 -0.411849807451516 -0.185526740216222 0.271888905937218
0.29329596097463 -0.353655762176681 -0.292932644430326 0.30974907798311
0.268512832812798 -0.340952757345382 -0.355791944326974 0.3133676565936
0.196870634039141 -0.319870220972611 -0.3038900527829 0.260375316983104
0.117039819531876 -0.341607444509882 -0.265594018055718 0.191088309641351
0.0463298582722257 -0.329287542234856 -0.238976706427375 0.0396316558252278
-0.0248232354204973 -0.277271021893288 -0.257165078648141 -0.06689601702612
-0.108248166149643 -0.289036896620846 -0.381762657258584 0.031031031420147
-0.184672227759185 -0.204545846803957 -0.512147097798831 0.118719098610919
-0.389021142601797 -0.182885321464213 0.207687409527174 -0.360328833738727
-0.339500515572162 -0.322391532449963 0.154858795211304 -0.286292469516443
-0.29637646695762 -0.416739423219685 0.186555553951791 -0.162615008160043
-0.154703459758678 -0.573443417323951 0.220257399173306 -0.0721302598049478
0.0357365207137266 -0.599461417663051 0.214259089457281 -0.0098389065771999
0.195504263419251 -0.538249723046666 0.0975825083390747 0.0650545555442872
0.349221389567778 -0.503891693110394 -0.0969883339993687 0.105885082720411
0.393115748786871 -0.452671290311769 -0.163882681861731 0.151877990022403
0.343487168116567 -0.46812076068678 -0.245182459929677 0.202366814848764
0.231850024305952 -0.472432238057048 -0.257177686207309 0.204090652027611
0.09602322480813 -0.519164196040608 -0.268903960314836 0.197510469211731
-0.030293075034573 -0.485109529765548 -0.26216705248363 0.0766523642438655
-0.129286822533891 -0.380445606986631 -0.275410012464243 0.0132721766453593
-0.224509538210382 -0.366564917326494 -0.365734686451291 0.146203281249567
-0.291764838042997 -0.258849095131862 -0.434000081400544 0.244718095833714
-0.396437049438517 -0.216943259966713 0.359983672438147 -0.247644349854164
-0.313871299125126 -0.373772219811271 0.286498057469812 -0.185426915745157
-0.238864934204079 -0.470191015987287 0.256400877013094 -0.0691933849365165
-0.0699023042195619 -0.605982745433183 0.252765004793415 -0.0394007978794673
0.126199886497315 -0.603143912488694 0.221158443607299 -0.0622051721669496
0.268836951006047 -0.526620458054774 0.154151694872488 -0.0555435540816712
0.399844001563933 -0.50195287418347 0.0322714451040099 -0.0663008509171771
0.434883369533708 -0.482274983727931 -0.00782230358869421 -0.0324813686570807
0.362767333252757 -0.538089479333163 -0.118196295853966 0.0393857085318034
0.209599773569953 -0.565737912895054 -0.205021929868789 0.0909389955470372
0.0225992322031877 -0.618751771523386 -0.264727089134121 0.166203002183535
-0.145304671908835 -0.550163555378098 -0.262346279208108 0.117354197948528
-0.249321179043471 -0.403708318976156 -0.243938892376147 0.111985803886418
-0.331668123774199 -0.37234370193064 -0.291816639819437 0.267329310813315
-0.365121688673557 -0.268688928854833 -0.310897992393464 0.37158945957582
-0.337886701116814 -0.213060473062881 0.478438883338879 -0.123214211890977
-0.231835844586256 -0.354838528934035 0.367311899210931 -0.066869240490787
-0.12977507963851 -0.417579250336462 0.273468716394043 0.032407430114189
0.0281487559126984 -0.500173733889585 0.258580409211478 -0.00451980911947972
0.188762474789282 -0.473313734049934 0.228946469857531 -0.100729237108226
0.29087500601209 -0.410152154682368 0.227092206024726 -0.148864133799754
0.384801231756658 -0.417243730296003 0.175541953747843 -0.20656527548771
0.412091670661877 -0.438051340399576 0.149227700133631 -0.214823992630201
0.331427630254986 -0.519803186501615 0.00173581810271578 -0.148867118719592
0.159527029861771 -0.549679027717391 -0.164215597588299 -0.0544260421794199
-0.0458282289600673 -0.585863407750027 -0.263056562508442 0.103338407004171
-0.220213232071336 -0.496607140545428 -0.240123661342151 0.142919024357158
-0.311902185829262 -0.345737276474826 -0.171689965323073 0.193551692621704
-0.373551319240667 -0.315469222238895 -0.174026167724104 0.355432144712288
-0.377125122533799 -0.237179366515559 -0.163617135258019 0.477080695826206
-0.237334229246954 -0.162642459127147 0.5435532441122 -0.0119585735595365
-0.1367096782358 -0.262335733009135 0.389401443673146 0.0337729758337404
-0.0401479736909237 -0.280521430467367 0.243060073930964 0.103807953686426
0.0703806664954316 -0.308521771862315 0.238055498652163 0.0164322481590629
0.178330607889553 -0.27678743768207 0.230138165449442 -0.120883777480666
0.241516867227852 -0.246560739131016 0.289503732782085 -0.199859454298626
0.302259692231184 -0.279261106155202 0.306417887488772 -0.297221320994764
0.326002874387752 -0.326927654268424 0.284316310921193 -0.364525813601627
0.262319617252115 -0.403950620849695 0.100523201342944 -0.321134752509698
0.11265531320598 -0.420616534475845 -0.133792838982205 -0.189922255332886
-0.0621166161916882 -0.438036718588169 -0.264998260539584 0.0317959396477804
-0.20721369245235 -0.360093277341633 -0.211505364943777 0.147928220865261
-0.278311211884855 -0.240679201489548 -0.0920764068944033 0.238920172627172
-0.324309074506435 -0.22570100703635 -0.0557072914662661 0.396625569925235
-0.313089688813646 -0.182880433662734 -0.0250627649929707 0.544406388040508
-0.119548125548676 -0.0712270072015272 0.563976155127481 0.0521388607447384
-0.0667495296954319 -0.12933441670198 0.380453426203326 0.0885871208132882
-0.00866971081248331 -0.119092014894012 0.205121187832497 0.128024071486798
0.0410224930937601 -0.122405195651515 0.218464732305914 0.0171591689878317
0.106277718717959 -0.10160057069518 0.227231286145723 -0.131715940545055
0.143131404598464 -0.0974048356296963 0.326937693893524 -0.219666782336429
0.17080900090901 -0.128917633961025 0.39478979137619 -0.344481518229541
0.190491091940516 -0.171136240849267 0.374415840501994 -0.460822594019656
0.162931200786858 -0.215710389471587 0.167922033976617 -0.438966798861488
0.0749463855549265 -0.216770750016282 -0.109452118397417 -0.282706108941675
-0.0300523768906169 -0.227971352517292 -0.264745337617045 -0.0243231111065331
-0.122069954146119 -0.190529365563849 -0.190343224750404 0.141088664506522
-0.167011788974023 -0.124522910546385 -0.0345676874444707 0.256522112986715
-0.199408113975001 -0.125536045925354 0.0327223772033179 0.401278914204564
-0.184598899919354 -0.112865530201086 0.0777219925443285 0.572158264539764
0.0320949616179212 -0.0143716071122392 -0.158656721660344 -0.502850582860105
0.0154623392268208 -0.0494304603650214 -0.147236451843539 -0.375870238319175
0.0264557195412512 -0.0280448600673915 -0.0353204138345314 -0.258776849803071
0.021697959739768 -0.0335494290710014 0.114129656442902 -0.122550298325726
-0.00453956909011966 -0.0144581515027952 0.226294264100044 0.0397598610656777
-0.0111084831880958 -0.00183917196566068 0.0700290359408963 0.244428662108391
-0.0113468868598016 -0.0244325364630028 -0.202494507048624 0.438748180078286
-0.0160077146919329 -0.0247136543229632 -0.387995722318933 0.46547183876746
-0.0064942271406635 -0.0360704215827897 -0.441329970894568 0.399035101165664
-0.00358734413348863 -0.0339641980989559 -0.32799398053107 0.282449306142266
-0.00245907338842843 -0.0188454342580148 -0.232158035634513 0.160141186085607
0.00310466503624029 -0.0241545820786095 -0.19252103868547 0.0262017740798934
0.021738603819572 -0.0057013998382005 -0.192198306026685 -0.107789859599375
0.025132364635203 -0.00934659143855276 -0.327062307648163 -0.0745435131419803
0.0367956588377204 0.00887138494432153 -0.545054077743166 -0.0209343184566832
-0.157485062658382 -0.0693717040425157 -0.0869440971327937 -0.491520581136418
-0.155893075738631 -0.135262010279126 -0.0989671555066067 -0.371937236464918
-0.143721379550113 -0.155830090593647 0.0115333548507854 -0.248686585482819
-0.100918068315993 -0.232961830470421 0.13806650687478 -0.106256970874701
-0.0391002376418414 -0.252934228100967 0.222846389667163 0.0529205127240784
0.0332733558455002 -0.236637887028767 0.0635550808201553 0.237989041309783
0.118539924001288 -0.243424455674481 -0.216920619703594 0.394442339660587
0.146423835316417 -0.206826519960395 -0.367648231778566 0.423525504358648
0.141790823908614 -0.192360383081123 -0.423438656650156 0.380981552208811
0.107265038374747 -0.16827875614359 -0.324693436352605 0.280598501829585
0.072105484706266 -0.164794990279067 -0.247900299903717 0.174298767692581
0.0469922080884121 -0.163290953296977 -0.209154786804036 0.0265117296494159
0.0200253211086793 -0.140429568220842 -0.220049852549543 -0.10249225842064
-0.0266166025020882 -0.15949261368326 -0.35617090104113 -0.040015175680719
-0.0725888779901628 -0.108512373782823 -0.544905548718857 0.0299942198438247
-0.308410100377719 -0.126625403404787 0.0413015810716062 -0.446946451613763
-0.288144021809496 -0.229649484026013 0.00831219261160187 -0.348838316859939
-0.267573709017828 -0.29294514026704 0.091124148342168 -0.223361244192366
-0.173485448934392 -0.427103871463575 0.176124776840549 -0.0937713820616488
-0.0323408203389958 -0.46621930383441 0.21567871133321 0.033662103670568
0.10223002378351 -0.431816268694847 0.0702461567676829 0.173466001617061
0.241999914903808 -0.417546345038652 -0.182231403085697 0.276569414396749
0.287694952602078 -0.359424553165662 -0.288665415389067 0.314833913269295
0.263710063581911 -0.344441433918223 -0.351097174407253 0.320123734806178
0.19195153451709 -0.3231030283552 -0.299960200213412 0.264791464107664
0.111263742355703 -0.344020161576179 -0.26253127390228 0.196217835876953
0.0410685861559623 -0.330765739001361 -0.239620532866651 0.0442287021318184
-0.0288984428939836 -0.277982626798002 -0.259722810691657 -0.0624391677655324
-0.113869813679523 -0.287436067509641 -0.379124472542159 0.0384605944909822
-0.187836246984654 -0.201937542221623 -0.509474191545373 0.127375960209717
-0.391817749582476 -0.176915906497981 0.200945726978061 -0.366344348729931
-0.345376293933862 -0.318563034808864 0.148785320268991 -0.28940014875826
-0.303554303364133 -0.412748295821213 0.183611817221304 -0.166412270658823
-0.165819295028705 -0.573095124557189 0.219260278006009 -0.0752883943592105
0.0270216660601521 -0.601658387020848 0.214030660765258 -0.0122742772104559
0.188342073567678 -0.541354142639013 0.098625961655641 0.0637418451206322
0.341792331336477 -0.511495832344427 -0.0968192924268542 0.107808046055413
0.385033325650274 -0.459063732160588 -0.161718903193715 0.154870909962644
0.33635031106613 -0.473378598391424 -0.241603881878533 0.20655472485026
0.224373164775108 -0.475737899298999 -0.254146018141886 0.207621119637541
0.0882117092248606 -0.521698655749731 -0.265695570666686 0.202088566962157
-0.0382963596592576 -0.48430690265641 -0.261988995752507 0.0813195042718584
-0.135284834060784 -0.37965810005873 -0.276468158079578 0.0188791490942965
-0.231737605690795 -0.363319015075949 -0.361804469145023 0.15399385877546
-0.296086762748572 -0.254729584718184 -0.429405051531403 0.253060804300707
-0.401186212436018 -0.210537807109247 0.355967118015911 -0.255768745339826
-0.321145726664709 -0.370433156118898 0.281817471724343 -0.189943181789005
-0.246965354544296 -0.46698170724233 0.255806876324888 -0.0731304912822162
-0.0805617901827635 -0.606447151422159 0.252679171518516 -0.0438615103526848
0.116403153059167 -0.60733212791676 0.219986555783223 -0.0638501472505716
0.262499384831101 -0.532441336915595 0.15344324613091 -0.0570872904155185
0.391971918996822 -0.508885378397985 0.0297530149072449 -0.0662956277751913
0.427589723458661 -0.491165370833354 -0.00948288115129566 -0.0323181966312238
0.35364319069219 -0.545585206698034 -0.117282514077242 0.0416197723452521
0.200912675085683 -0.569613894633798 -0.203907314211255 0.0937561649159101
0.0124189303791779 -0.619827807210912 -0.262234956318359 0.17099934656393
-0.153220181881821 -0.548261209812561 -0.261055324153874 0.121405618584298
-0.255744472742833 -0.40192793434523 -0.244036287900648 0.117597870933989
-0.337542156479072 -0.36773769637496 -0.285672557337367 0.273050448044675
-0.369103275008548 -0.262303162792091 -0.303003698461923 0.377026072727994
-0.342246586760148 -0.207668524078004 0.475794797663242 -0.132834459800718
-0.238993507971165 -0.352541966496119 0.365598788468125 -0.072802603754001
-0.135157948821912 -0.416827466460476 0.274502722864006 0.0281970880697044
0.0201730618195948 -0.500766368927703 0.257629590208002 -0.009062725760386
0.181650431988304 -0.475842841667757 0.227310451949155 -0.104336805691582
0.285103038380964 -0.41516710087145 0.225210131419871 -0.152545793232598
0.377901770873454 -0.422916629403578 0.171774618355368 -0.209959093009882
0.403824364119866 -0.446590656729034 0.144744702597914 -0.217082574698079
0.323875527194029 -0.525005137374246 -0.000284967038197124 -0.149320895926693
0.151397005029407 -0.551623453951871 -0.165264992647199 -0.0528159017399782
-0.0550447814905951 -0.586211518590044 -0.261740553222723 0.107988260909256
-0.227026640969305 -0.494515089893178 -0.239392616980125 0.147272874588945
-0.31672587975874 -0.341878989151419 -0.169842517391532 0.197134409911393
-0.380606874491122 -0.30932697605199 -0.166817578574788 0.359686750390754
-0.380805857261053 -0.232458441905858 -0.154432037115455 0.481020469078609
-0.240515005393878 -0.158164380339657 0.543203707826827 -0.0233463267338356
-0.140539694424225 -0.261596648555528 0.390111162471081 0.0273656008782882
-0.0445985453536714 -0.280089246400331 0.245685804917623 0.100271429680846
0.0659086373846128 -0.309806908601691 0.237725694209708 0.0115097667614629
0.17386697441351 -0.281138690129603 0.228169807828583 -0.124542283851007
0.238852452200264 -0.250791340356054 0.286139274952761 -0.204344292282819
0.298204358212841 -0.285152998600957 0.298607003366745 -0.302920600159759
0.320116720907939 -0.333800087015792 0.27779371789057 -0.36842282379466
0.255812455881904 -0.409323880073913 0.09504018334431 -0.323340904673302
0.106283380983394 -0.423182893918333 -0.137277385157053 -0.188673336618071
-0.0686928735801616 -0.438821036160109 -0.264589323188923 0.036994036152945
-0.214115743032769 -0.357092681973399 -0.210025034685199 0.151605861047337
-0.282703280547182 -0.236463635363435 -0.0893632203781607 0.240999037142797
-0.328230057422697 -0.220209244694106 -0.0476629134833596 0.398184247840749
-0.316233288771409 -0.178709225749931 -0.0152415256240078 0.546711101884398
-0.120640825783268 -0.0690393384719882 0.566154841042612 0.0405802659483491
-0.0690354558168687 -0.128548824394456 0.381421648472559 0.0816335331495233
-0.0100978083059336 -0.118664068353595 0.207634365111089 0.124211381199424
0.0394227521797146 -0.122897022048837 0.219271891891261 0.0120845917423865
0.105159896629693 -0.103547243357208 0.223939199998296 -0.135186337297287
0.143069994121326 -0.0998077337006482 0.324027883196266 -0.224678574563183
0.169448041259415 -0.131621684536976 0.388381265048291 -0.350150646731779
0.187509858865165 -0.174692413349607 0.366445200752394 -0.467289328196646
0.159343560876342 -0.219177671291288 0.161163970739131 -0.443940121829785
0.0718036288396665 -0.218704682781374 -0.113756223865581 -0.281645116409088
-0.0338273612731387 -0.227662666558833 -0.265246638182322 -0.0201864104948105
-0.125734524320947 -0.188781723384552 -0.188605503377563 0.14419008362459
-0.16858558071894 -0.122529185263451 -0.0313588644887297 0.257772842225874
-0.201949824002931 -0.121822559285989 0.0399796939674792 0.402753589290906
-0.186688912447349 -0.110664041197624 0.0879178259652326 0.572845703457649
0.0323744281361711 -0.0152781740370604 -0.168616245127586 -0.501519335906118
0.0138297101421033 -0.0499204664961727 -0.153780151886706 -0.373354768055694
0.025377146248465 -0.0284870790912829 -0.039762132885497 -0.258602103355177
0.0209913937300069 -0.03425712489052 0.112352468444035 -0.124303416598885
-0.00523619005758824 -0.0138928476232285 0.227258031597687 0.0353272448945139
-0.0115739896903565 -0.00163495027455648 0.0730376295683361 0.243783601285024
-0.0122740967007749 -0.0244432450119259 -0.194497431779172 0.443524201106265
-0.0170797202859435 -0.0240767820975825 -0.379882568099513 0.470381086280792
-0.00737755712314516 -0.0364108499672766 -0.434099451647485 0.405629175464929
-0.00452744351533153 -0.0338802679547031 -0.32262686659816 0.287514486579137
-0.00257183752827158 -0.0193484853053501 -0.229387951361267 0.164231056122008
0.0029127330790281 -0.0237814040102184 -0.191403425417989 0.0300258156054775
0.022107431672811 -0.00617643875509192 -0.194513899090539 -0.103703865606765
0.0244468763495526 -0.00970298248293084 -0.326805783783947 -0.0673065570644628
0.0369195661084823 0.00771252900765321 -0.542697514299263 -0.0103159959972948
-0.158202581935153 -0.06682257981479 -0.0969947303147272 -0.490776697959265
-0.159446667309368 -0.13279464607988 -0.104716542389176 -0.37043091363406
-0.146649084845447 -0.154022455231376 0.00719388303026331 -0.248504322144354
-0.105556521332855 -0.232171375078028 0.136562400035178 -0.107561750423535
-0.0437823980396452 -0.25292313232691 0.223665779370789 0.0489862726569003
0.0288728609205513 -0.237760252481054 0.0671835801875587 0.238027761600619
0.113853058022298 -0.246407728975848 -0.210490814136752 0.399490260421122
0.142330948041282 -0.209418525261025 -0.360795487932795 0.429704679260045
0.138795221369598 -0.194549620230843 -0.4142777747631 0.385824071001251
0.104260940719438 -0.169618497129886 -0.318914481533995 0.285712217682153
0.0703352043224051 -0.166597194893999 -0.244944647866411 0.178649408617997
0.0449013244175595 -0.163499486776755 -0.208751038252231 0.02947924231768
0.0178410644979917 -0.141510730311825 -0.222459797997231 -0.0980960610872584
-0.0299196947638267 -0.159437140200749 -0.35511962669801 -0.0331610939621452
-0.0743139021735821 -0.107609592149737 -0.543033389394879 0.0401660005528262
-0.310654745259896 -0.120720594966854 0.0326747131317546 -0.449532912171893
-0.292316163055285 -0.225193814401115 0.000900843459719087 -0.349708056231584
-0.272328846507456 -0.288606985806628 0.0872800446169414 -0.224885991696523
-0.18052569227683 -0.424115754172784 0.174060450544657 -0.0968218031929535
-0.0416029632712952 -0.465767066274338 0.216622806453156 0.0305943474682879
0.0955456419516653 -0.434088967889679 0.07265449970738 0.173697206612591
0.236021831526337 -0.42123204085732 -0.17891439287309 0.279429714073855
0.281354506575933 -0.363871852222689 -0.283089637545508 0.319080773960372
0.257094234233919 -0.350034589350877 -0.34496919577457 0.325562072106858
0.186655662069449 -0.325922511981968 -0.295019989366572 0.269065902269527
0.105401072618149 -0.346077669792656 -0.259343791881749 0.200911412259852
0.0361432566670816 -0.33056501390967 -0.238825634417908 0.0488888254767858
-0.0340675123890497 -0.277311634961781 -0.261786903529482 -0.0565733686654734
-0.119073410775259 -0.286232920841837 -0.376753637014205 0.0454673765043071
-0.190558073714013 -0.199220192528014 -0.505275382396715 0.136300958775541
-0.395141139535977 -0.170565275057229 0.1937588090622 -0.371038905978926
-0.352479721857767 -0.312919115820867 0.143069022055723 -0.292379172793958
-0.311193433029297 -0.409221701067011 0.180660154581465 -0.16939725269991
-0.174633901073933 -0.570893149584955 0.217357908974619 -0.0788148488497043
0.0163445517683943 -0.602306351946598 0.21317646216946 -0.0145243724599455
0.179164581652617 -0.54488659212428 0.0988770465899346 0.0630754155862188
0.333909615712746 -0.515618221192337 -0.0961986678871124 0.108679823958911
0.377172795639555 -0.465908796960863 -0.159547818043712 0.157646789002102
0.327582344709817 -0.479644218659783 -0.237631935696691 0.210258809256384
0.216780587733613 -0.480326919252444 -0.250468738589761 0.211413039633049
0.0794998285617787 -0.525502574007467 -0.262513161362952 0.2069009455524
-0.0449191847468611 -0.4827441790683 -0.261665935948395 0.0850164976653503
-0.141445079930867 -0.377698996389073 -0.277485652590136 0.0244379528548261
-0.238610536084325 -0.359773172270085 -0.357728596711709 0.160163959899063
-0.299836960212117 -0.249991873987519 -0.422241521951427 0.260536775063297
-0.40447075539946 -0.203734408636558 0.351416308057604 -0.263715499715407
-0.328067161624111 -0.365472700739167 0.277109482728944 -0.195185565237938
-0.254028066512705 -0.463330295979109 0.254439194376329 -0.0770483723777044
-0.0894278570788127 -0.606042481610921 0.250861701231992 -0.0480476790407603
0.106861581425604 -0.609602466300915 0.218274284211579 -0.06687428399262
0.253707873641155 -0.536312318191354 0.151993224837889 -0.0587816446488196
0.383807625959422 -0.513719349112724 0.0268210861543477 -0.0675688100218497
0.418816009214139 -0.498561552821841 -0.0102626589679898 -0.032159279731917
0.345839292044069 -0.551964976510711 -0.116294979893369 0.0431476177451831
0.192720713884303 -0.573119823552378 -0.202660410644912 0.0965951839384605
0.000947352895517083 -0.620227835885684 -0.258774190713388 0.175958005234669
-0.16234903890378 -0.545212990387624 -0.260167434745558 0.125878289206858
-0.261278377281535 -0.397848403304145 -0.243286869315931 0.122402994397355
-0.343874260472758 -0.362309232380883 -0.279826693996992 0.278593266641039
-0.373416142402058 -0.257396401171718 -0.297118903215631 0.383495233596759
-0.346785936066195 -0.201292584963948 0.473061504319394 -0.142415152201444
-0.243020260908001 -0.347909473757688 0.362534351703329 -0.0793445047400938
-0.143102005352353 -0.415493088501757 0.275197753899932 0.0240369447381602
0.0113360393016151 -0.503622089505001 0.257700610439272 -0.0135280201748649
0.172982349521923 -0.480395026024247 0.225056438143163 -0.106876912658726
0.278736689848601 -0.42016439027415 0.222089097606919 -0.15594183589659
0.371250966268725 -0.428507635838092 0.167101875137353 -0.212309333196379
0.396792290969061 -0.453645030393885 0.141367352613038 -0.219463827822391
0.315559929164622 -0.530808872816201 -0.00276242201633597 -0.150168033051716
0.142886685978201 -0.554351858612497 -0.166550703467957 -0.0504462756850428
-0.0644677994247154 -0.585888532993512 -0.259293736134464 0.112525040033236
-0.237024405889267 -0.490052045756507 -0.237277356864095 0.151607867331481
-0.323505651652312 -0.338289984809113 -0.168354548396377 0.200987123775117
-0.384897806260324 -0.303293763554584 -0.159566832943401 0.363271732235515
-0.384722518868391 -0.225816417622596 -0.144532425814853 0.483690134081796
-0.243251758652444 -0.153923898875854 0.542360702430079 -0.0331198862749679
-0.14479244407131 -0.259507005743359 0.38860230249742 0.0202193450577846
-0.0486161420869069 -0.279849519546623 0.246894027726591 0.0958816340589779
0.0606947752416587 -0.310695753616701 0.237646369813235 0.00729771314022564
0.169332782542128 -0.284056449744716 0.224724586603932 -0.12697479044879
0.234826782040755 -0.254733982026792 0.282607761178451 -0.209055147417953
0.29367759378309 -0.289386467973492 0.293941418298631 -0.307548266927084
0.314747437363806 -0.339789627159564 0.271591070017978 -0.371702383100682
0.249235697196156 -0.414068813180693 0.0900344804671819 -0.325682958139889
0.0995370722014395 -0.424471546191087 -0.140484085789885 -0.187096636447763
-0.0763369515514377 -0.439083709449118 -0.263888860094979 0.0411623727363725
-0.219775319256291 -0.353487157467127 -0.208446282109753 0.15491655193705
-0.286414637367235 -0.232534768874582 -0.0865927945556682 0.242892952716891
-0.331949925092559 -0.21426595081555 -0.0401109466137204 0.399832411722956
-0.319235355061399 -0.173444362942972 -0.00402570831050439 0.547145925587605
-0.121394129346127 -0.0672382601122482 0.565266987135382 0.0306315981067383
-0.0706613436110605 -0.127349789046096 0.381603721141952 0.0753250966645786
-0.0113811762070178 -0.1189268662903 0.209577785449693 0.120434380099259
0.0374293984970677 -0.123164856091858 0.218484973370848 0.00784213004458482
0.102765312644277 -0.106192127935765 0.220557700659861 -0.138467021784068
0.141882383905318 -0.102086236992556 0.320522840240286 -0.230259111089209
0.16697104339144 -0.133773715937405 0.3827592106334 -0.356150878295786
0.18430001912455 -0.17791267239181 0.357260892608248 -0.472711385356887
0.156345984047958 -0.222087259987389 0.153353269296379 -0.446837877615127
0.0689381947537359 -0.220495499352657 -0.11983368863615 -0.28129634070689
-0.0375925513416893 -0.227625453196531 -0.265589094961016 -0.0160454834204516
-0.128515359120326 -0.18677489189667 -0.186572934730059 0.147494342555189
-0.170493774041058 -0.119660608375457 -0.0279324887754042 0.258519408043473
-0.203875304037001 -0.119012384881188 0.0470408007854322 0.403019508946774
-0.188249523852072 -0.10774968598163 0.0998133412725886 0.571859666485398
0.0315623983594082 -0.0164057408934703 -0.177448383747037 -0.498720287966128
0.0120046818972279 -0.0496790466384795 -0.160275315930266 -0.370923771858811
0.0247072701108079 -0.0286582904527287 -0.0437616392182438 -0.257575766895948
0.0199770634579343 -0.0343831747660123 0.110700955268577 -0.12580724738414
-0.00524075746013374 -0.0137497928765379 0.226979339246157 0.0312065083406904
-0.0119393775705001 -0.00156040474533154 0.0774895558890927 0.243284852866154
-0.013004259125801 -0.0239761908169462 -0.187283309758853 0.444574536509175
-0.0174949412078085 -0.0236469543297939 -0.370584236943699 0.474128238565612
-0.00866499742258058 -0.0363123549044634 -0.424911268468579 0.410551565247417
-0.00523739210696838 -0.0339352815290361 -0.316482792524682 0.290676677714485
-0.00236188822319925 -0.018829565462939 -0.225542839879351 0.166969273824707
0.00257847183426271 -0.0235316477381319 -0.190618956386433 0.0334364328220023
0.021889674545999 -0.0067200401957838 -0.19646415691726 -0.0997573390143188
0.0237224269142728 -0.00994837728849969 -0.325553171861047 -0.0613805632088159
0.0369741405652516 0.00726277090008327 -0.53932505261404 -0.00124248947859594
-0.159454905966713 -0.0644249983253607 -0.105624400476101 -0.488316934114927
-0.161895629706713 -0.13037618560334 -0.112531998025357 -0.367763636495978
-0.148634648550006 -0.150432907578843 0.00304667051175569 -0.24857239134952
-0.109495400423018 -0.22976592219578 0.134158577080044 -0.109711361556933
-0.0480551027978792 -0.251636816209807 0.223915088715046 0.0456375880037272
0.0249535614617229 -0.237149653845777 0.0704438660812274 0.236982419351617
0.110194952040154 -0.247817123244864 -0.203639658311911 0.401147615831367
0.137929995869569 -0.211039600531252 -0.351956563645262 0.432802404079468
0.134625917698786 -0.196818650088062 -0.405524203736213 0.391530025616864
0.101060654761457 -0.171194554328883 -0.31254150438543 0.289175618428799
0.0669810510609893 -0.16713786803179 -0.241431306530741 0.18203103105005
0.0427568760232438 -0.163988992946697 -0.20870361809542 0.0336197929492959
0.0158148116518005 -0.141923265376161 -0.224371318627432 -0.0930087235139828
-0.0334891452766917 -0.158394759002608 -0.352886173375762 -0.0266949491731866
-0.0754232792303855 -0.106236485119243 -0.539369898837975 0.0493084802813276
-0.311368905997246 -0.115525620574978 0.0244692444742192 -0.451005961439716
-0.295436432898429 -0.220530527054131 -0.00546328551991274 -0.348923596597813
-0.276213650872862 -0.284512576332915 0.083200303173525 -0.225337710812429
-0.18734658730501 -0.42159063972461 0.171961716356133 -0.0994551692288534
-0.0482335041919691 -0.46507643937207 0.2166491433208 0.0281011749502573
0.0873686626222149 -0.433602668482932 0.0746818369119623 0.172783980603628
0.228359254647404 -0.423915510428384 -0.174939966540708 0.28189610583029
0.273444608747845 -0.368563627188288 -0.27665042798621 0.322938915431568
0.250518782357225 -0.353098539655308 -0.338038352726299 0.32928568790566
0.180238998150871 -0.328104092266318 -0.289566284173635 0.272647509013506
0.0994647393198626 -0.347404212187755 -0.255128728272869 0.204308068844645
0.0309501653499796 -0.330126899202607 -0.238159314182973 0.0522489320973591
-0.0381635565080206 -0.276839577337693 -0.26290517027085 -0.0514266814089971
-0.124417650597535 -0.283770736392617 -0.373014853493453 0.0520805542900266
-0.193500415614556 -0.195520336892043 -0.501094941142238 0.144596159176947
-0.396617137210793 -0.163628395321301 0.186187953321175 -0.374561894254681
-0.355701008471996 -0.307632075555603 0.136573881319278 -0.293652452833679
-0.317301311873914 -0.402950239617278 0.177518051109787 -0.170691345638397
-0.184272139495155 -0.566781196710056 0.215591279889402 -0.0822925473666123
0.00560255190192536 -0.602558131500044 0.212744891267949 -0.0165804214520957
0.169221685926784 -0.545956105817175 0.0996978039766557 0.0622409243034122
0.325225090214162 -0.519991832866101 -0.0958601617069301 0.110486906038714
0.368602240445619 -0.47056658689871 -0.156731113343292 0.159160602570497
0.319076167084856 -0.485192903061709 -0.232566627863834 0.213304775988425
0.208383709746194 -0.482227912703869 -0.246822503904717 0.21446265928016
0.0701837242759017 -0.524404764417142 -0.258144772733323 0.211004164156942
-0.0534342626579338 -0.479824880027844 -0.25960274624657 0.0897308272360274
-0.146690621994446 -0.375259714343885 -0.277346885623702 0.0296038847261141
-0.243634930529095 -0.355275241511262 -0.352242104370678 0.165910716146642
-0.30306607495071 -0.245173687451007 -0.416483823364705 0.265762869119069
-0.40629818656854 -0.195554433328445 0.344832860290514 -0.270045049806383
-0.332373544537397 -0.359445711514564 0.271492910379493 -0.199639247319624
-0.260329261445424 -0.458431266524247 0.252385230947464 -0.0812958126556041
-0.0985031988294281 -0.603134029146162 0.249165106527067 -0.0527362315668769
0.0954398113383094 -0.610270209365665 0.216042214779369 -0.0692062188335081
0.243284642077901 -0.538022670410675 0.150902984497808 -0.0607770951681808
0.376201758105686 -0.518804263595434 0.0233266319485472 -0.0680901811079613
0.409109751130589 -0.504493686401294 -0.0110887553416656 -0.0319995845539676
0.336135438977582 -0.555971456548868 -0.114468034003312 0.0442702089806047
0.184035956126997 -0.573626206076023 -0.200859768376777 0.098965656274387
-0.00817893855280566 -0.619439459422659 -0.255125551297975 0.18010569475618
-0.171920056613877 -0.542181269739174 -0.25816243051218 0.13048158391798
-0.266841327927803 -0.393191652078214 -0.241347514069556 0.126767235400299
-0.349355689496946 -0.355256461340834 -0.272343376034482 0.2828918626714
-0.376054223687284 -0.250568891996625 -0.287871992977377 0.387640740808777
-0.348061343357919 -0.194096169006905 0.468776858466347 -0.151255449133467
-0.248239753388612 -0.343209909913025 0.358893616807562 -0.0859276686720651
-0.149182721229609 -0.41183807084481 0.274308641253295 0.0193925066162183
0.00283138550904819 -0.500350027310066 0.256715928493602 -0.0190093159815376
0.164559134590165 -0.481667423651235 0.222200462515147 -0.109286558438368
0.270361701729892 -0.423739233518539 0.218687542090062 -0.158502757415079
0.363582235187479 -0.432686988304749 0.161761552714995 -0.214798642358115
0.38692768271502 -0.459963929359497 0.136737532509533 -0.220311699904707
0.30538449587876 -0.535944646935818 -0.00469098371126553 -0.150065598269822
0.133541392264948 -0.555877917149756 -0.167390955102298 -0.0484206746085531
-0.0748324325179839 -0.584630780440486 -0.256709332538274 0.116592731693185
-0.242986697104847 -0.484445866557398 -0.235001075948893 0.155090995734638
-0.326693897782501 -0.332278745532622 -0.165328978099844 0.204018591301058
-0.389198317021765 -0.29568585519383 -0.151745854083013 0.365263710093711
-0.385681999586651 -0.219716762702011 -0.135599257893143 0.484994076621705
-0.245022649758719 -0.148767493146175 0.540683082675553 -0.0430156605838699
-0.14818635779429 -0.257071230974869 0.386927820356777 0.0135801449795985
-0.0529447609846883 -0.278495035459035 0.247730574887798 0.0913640187523104
0.0549283461809506 -0.31057842654373 0.236651084655692 0.00236697070080286
0.164322288910301 -0.286329639301299 0.221155509461875 -0.129920355207669
0.230289843716369 -0.257549077894035 0.277925414489976 -0.212659870745851
0.287713580612205 -0.291704667235147 0.287008558731222 -0.311310285090577
0.306589221657724 -0.344107782170085 0.262771343105332 -0.375251084484697
0.241314889607967 -0.41750430941065 0.0849101400524912 -0.326922956922562
0.0923658452842294 -0.425568400115002 -0.143379161321448 -0.184823030696316
-0.0833282344282304 -0.436861026351523 -0.262073360359242 0.0453209025682627
-0.22406845190616 -0.348622730088404 -0.205593808446777 0.157569133876713
-0.289232346478994 -0.227366517980049 -0.0833109705821901 0.244699315447841
-0.335073041207857 -0.208288777928729 -0.031774815189549 0.400356083553744
-0.320523055839391 -0.168127554764351 0.00681157400790876 0.545343133409469
-0.121947190474741 -0.0644634039930487 0.564660236337018 0.0207339630919333
-0.0723850090079555 -0.12668099721571 0.380745210651097 0.0682781692387314
-0.0131961759437451 -0.11887375107981 0.211125007559271 0.11659989224262
0.0355116657009829 -0.123120791439628 0.217919292975122 0.00315071441209525
0.10090676612159 -0.107715562821743 0.217673385994449 -0.140943655341907
0.13975694595631 -0.104285319057982 0.315985731854476 -0.234625938186103
0.164273585219241 -0.135385260605324 0.375118572862935 -0.360504607273074
0.180741499377467 -0.181060819113185 0.348643554140128 -0.47459151601803
0.151735117739606 -0.224596125764529 0.145004233774847 -0.448173993031053
0.0660037393352808 -0.220377867969946 -0.123585245955586 -0.279097646414642
-0.0415238647019508 -0.226993041125102 -0.264370809267951 -0.0117039502673947
-0.131077557444799 -0.184130376456088 -0.184542424051602 0.150733316411809
-0.171680645082536 -0.116765703492451 -0.0244180024332111 0.259226978068457
-0.205695928681654 -0.114903653512362 0.0544311418935469 0.402548740528575
-0.189599335488951 -0.10475786987771 0.111255093897862 0.570548083831284
0.0314165485522871 -0.0173175331753609 -0.185231644627812 -0.494545383503013
0.0105861840136259 -0.0495090402060739 -0.166008536670681 -0.3667458390909
0.0239864835898452 -0.0288936688064079 -0.0478845329791148 -0.25619424385559
0.0190565086278214 -0.0348104024880329 0.108433535695246 -0.127266432285086
-0.00572927981071608 -0.0126797931918494 0.226324291490443 0.0270687388140578
-0.0123988598297099 -0.00125761229284607 0.0803871594852829 0.240724063206565
-0.0132614125362935 -0.0240982211301832 -0.179550057803655 0.446159376411599
-0.0182930438226978 -0.0229346320822266 -0.360698539040485 0.476358794983994
-0.00925446348581944 -0.036642593120712 -0.415874324549527 0.414321205552183
-0.00607938242707025 -0.0341395037195099 -0.308789332083191 0.29338679387886
-0.00263905714820466 -0.0194651756371984 -0.222246493137629 0.169840691812993
0.00264766727798183 -0.0233727489621459 -0.190024684054564 0.0372969516426288
0.0217892335452995 -0.0069410306703913 -0.197647746873849 -0.0952278040341774
0.0233033546741081 -0.0100719916369499 -0.323671074659844 -0.0562143879873047
0.0371531437553528 0.00634042955723787 -0.536977216367769 0.00757486811526691
-0.159601097342339 -0.0617956819724053 -0.114281274735474 -0.486029240749286
-0.163708678553245 -0.127268466359901 -0.118193653951831 -0.364862197987703
-0.15108765434595 -0.147718837120742 -0.000467586698384716 -0.24746083440528
-0.112663108563986 -0.22682799242701 0.132460459095893 -0.110863698054577
-0.0522554429309308 -0.249211066228176 0.223378367432449 0.0422167428652008
0.0206131593989596 -0.236374307410438 0.0731747361319354 0.235460678392865
0.105274589887703 -0.248262678979338 -0.197710917098725 0.403655553970941
0.133589710166373 -0.212136471722208 -0.343215262212512 0.434835459863141
0.130979379522312 -0.198101324715812 -0.397435625484777 0.394360085220006
0.0970709511340841 -0.171705509504619 -0.306137708907355 0.291963107268273
0.0643780899803073 -0.167973451219352 -0.237244186727766 0.184841186139611
0.0401715526943863 -0.16289692840766 -0.207084122854729 0.0373530311663064
0.0137091821711693 -0.141583087158503 -0.226044517499713 -0.088592619009768
-0.0360344231776614 -0.157373993476883 -0.349965262148365 -0.0209089696314225
-0.0762459459767453 -0.105267674184489 -0.535302463254623 0.0567351398239275
-0.312412960248587 -0.110525307957857 0.0159443367674128 -0.449247254837118
-0.298116973770653 -0.215210029185963 -0.0116267043078658 -0.346895956203492
-0.280311003666172 -0.278010140144802 0.0793589617589631 -0.225567891253259
-0.195592004885729 -0.416235466801062 0.169915795058352 -0.101362615990543
-0.056442901715929 -0.462227518455343 0.216144345080398 0.0256627648454044
0.0800575080261128 -0.432548689400538 0.0767848598645899 0.171526820390949
0.221312033151475 -0.424770525691137 -0.171230260845226 0.282775069562558
0.266228962958973 -0.371236971694457 -0.27062576588526 0.324930681229029
0.244239535379285 -0.354924038791994 -0.331082497403683 0.332271219100348
0.174191220087087 -0.329337845922506 -0.283762612716599 0.274915461793195
0.0949009809986187 -0.347043079932527 -0.250670168780684 0.207303579263638
0.0263948028286524 -0.328100526313152 -0.236541655018271 0.055968236081296
-0.0417756230082283 -0.275278192540246 -0.263691163983607 -0.0462282901843986
-0.12816453448786 -0.280443975359932 -0.369391204181126 0.0580134473964358
-0.195092672828502 -0.191858433268729 -0.49492488360061 0.15322988269554
-0.396952119241239 -0.158236759658969 0.177879630984881 -0.378023905001838
-0.360557501064648 -0.301325649000908 0.129807773547642 -0.294565991306717
-0.322179888613853 -0.396496423739895 0.173708488769559 -0.17238322479574
-0.192421109752969 -0.561474788743174 0.212653565644274 -0.0849864291476558
-0.00374036821580956 -0.59999953023035 0.211833973411172 -0.0185152962151544
0.160466802605088 -0.546084636105711 0.0995853164946045 0.0613134077410833
0.315575022543357 -0.523251856857928 -0.0954113908223427 0.111559056178165
0.358770365312065 -0.47462715540948 -0.153502130502213 0.16084640460409
0.310642810672134 -0.486726643337763 -0.227521388955489 0.215424083388997
0.199686028175758 -0.481625917784684 -0.242294643555439 0.216560387050899
0.0621453471766198 -0.524253275198033 -0.253254721629897 0.214491835272589
-0.0591602451132212 -0.476778146411774 -0.257803980445721 0.0931134352855857
-0.151199904764882 -0.370823733584856 -0.276500632614171 0.0346233255416132
-0.248677645951969 -0.35062780538235 -0.346904481193515 0.17138321351226
-0.303865812167241 -0.239880811488011 -0.409382921198422 0.2724322522887
-0.40685932028974 -0.188668673895812 0.338042296988775 -0.276069465497338
-0.336893715656868 -0.354499371923378 0.266406003055961 -0.20221143846562
-0.266718064366907 -0.452578114625977 0.249610493784523 -0.0845429760973186
-0.108724677302856 -0.597327060859052 0.247014429708511 -0.0568690319092556
0.085740924163841 -0.610760105705244 0.21430684262419 -0.0710976059236116
0.234527947718185 -0.539806283992363 0.148957831742788 -0.0618875407852361
0.365428763168081 -0.522064082352634 0.0213611670288591 -0.0677347240676318
0.398559263905259 -0.50774438651953 -0.01192312966044 -0.0314501906907414
0.325444894185491 -0.558771954138131 -0.112664858102181 0.0456614667113378
0.173717020266888 -0.57284896553614 -0.198278843112952 0.100937988601417
-0.0176016845789906 -0.61790031591746 -0.250824670790325 0.182933121720148
-0.177566419193609 -0.536470787622501 -0.255820003967997 0.133766406619268
-0.271012946322283 -0.389094199349041 -0.240202459667357 0.131341560716592
-0.354017460307043 -0.348061295199421 -0.265345131250462 0.286296752800272
-0.376574242449719 -0.243712429958202 -0.27893464792378 0.390838789992662
-0.349168289050727 -0.188683516137848 0.462349338106135 -0.158804816847607
-0.251645702138146 -0.338465608741533 0.354284953323912 -0.0912096371631783
-0.154623417010292 -0.408364238617708 0.273923478094562 0.0151199003372503
-0.00421813376947531 -0.499440935056806 0.253914503013237 -0.0228189528310787
0.157101141056327 -0.482627565198934 0.218864864556707 -0.111199902415381
0.263782127709357 -0.424292590549779 0.215433090348401 -0.160968686763385
0.356371721475717 -0.435817402216697 0.156278427026955 -0.216029924263775
0.378789626838722 -0.463749064200451 0.131937144002383 -0.220499039022786
0.295468903649507 -0.53760367806274 -0.00659303254249583 -0.14952368160453
0.125887052757076 -0.55478236652876 -0.167535042777534 -0.0463891595484335
-0.0828782890306567 -0.580629580106493 -0.252864541532062 0.119932619641155
-0.248726949918996 -0.478703683269071 -0.232577773005487 0.157926788766539
-0.330000134639156 -0.325771785839056 -0.162531764312682 0.207044575310286
-0.39177711756286 -0.286634483421093 -0.143239428446267 0.365917159161161
-0.388383539728246 -0.213670691235914 -0.125959106801001 0.485193715166313
-0.246162402714883 -0.145069848166837 0.535204958600798 -0.0533039203802719
-0.151863130384972 -0.254175785638608 0.384121458569326 0.00763374983476172
-0.0558773450484749 -0.27626114372904 0.24796620327517 0.0870806687231767
0.0501381891927969 -0.309990369483933 0.235585620491156 -0.00254385469738374
0.158046251584061 -0.288590236993604 0.218248317728253 -0.13173819160081
0.225485582844363 -0.260218879807672 0.273324606678569 -0.215671057847644
0.282897474825345 -0.293260968637624 0.281082151127152 -0.314081415209095
0.300758272227004 -0.347900538742978 0.256005636484386 -0.376370500385796
0.234256629580679 -0.4197422579691 0.0787696387530412 -0.326657081460278
0.0853305401068611 -0.423986412040677 -0.146051234486438 -0.182087245360445
-0.0891243634764906 -0.433189199051797 -0.260282871186129 0.0488902169494397
-0.228285451665953 -0.343380746487714 -0.203455568408384 0.160956957331805
-0.290994152916102 -0.223032708618028 -0.0802850201042794 0.245834192055953
-0.33690966963862 -0.202741739093575 -0.025099306258664 0.400211443565159
-0.321603620214845 -0.162470697117719 0.0175066021098077 0.543611575319364
-0.12166045991954 -0.0621716299315706 0.561892558908838 0.0115632061092914
-0.0740459761551564 -0.124877975116093 0.379649175467903 0.0617018328197866
-0.0146878003809491 -0.118502856860729 0.211958642467093 0.11221812010562
0.0337605254848257 -0.122334426946942 0.216664454596238 -0.00112827086417028
0.0987746314492722 -0.109106706165255 0.213634450406618 -0.142768535118519
0.138454699835718 -0.106783856135538 0.309434759821474 -0.238021533727661
0.161775098491933 -0.136625733805779 0.366785209787454 -0.363596896672795
0.176754247580617 -0.18318050849487 0.339236450942119 -0.477683104757587
0.147757432573199 -0.22634942823642 0.137625235368711 -0.449347236924817
0.0626352559573135 -0.220547961872799 -0.12773575991439 -0.27663543546061
-0.0445787925682858 -0.224831014524393 -0.262794078433935 -0.00765170945877116
-0.133321868661589 -0.181010871061634 -0.181908870329168 0.152880042696675
-0.17262564575649 -0.114203430290298 -0.0211585464027904 0.25922458218667
-0.206731133655815 -0.110782692421626 0.0611912570394001 0.400186520763769
-0.190266408342447 -0.101591032907818 0.120847171173812 0.565998084587752
0.0308285850061066 -0.0181358573132395 -0.192214662587492 -0.489127348279341
0.00860459618748785 -0.0493606011306238 -0.170991841921045 -0.362178874939288
0.0233321907232289 -0.0288860057143125 -0.0514872180277148 -0.254008271812189
0.0180407694550421 -0.0349671518465861 0.106407011712882 -0.128140798852655
-0.00574382342569976 -0.0126260829270246 0.225385149230472 0.0240357864007645
-0.0125103281361597 -0.00127256311593617 0.0827701455722868 0.239612329250308
-0.0144315959084557 -0.023989478626206 -0.171063351560489 0.445322906426883
-0.0186026271855729 -0.0224983786989045 -0.35163725660193 0.477308076319082
-0.010410563959024 -0.0361417416498685 -0.405068893459043 0.417136927325464
-0.00716095193531692 -0.0340179518567914 -0.302153663925802 0.294388637423006
-0.00216624250077663 -0.0196700005336162 -0.218334708202562 0.171189649424836
0.00240271087094669 -0.0229711119854442 -0.187805832827202 0.0399485932315094
0.0213848243587667 -0.00783845749118241 -0.198101731587967 -0.0913176401081068
0.0222351502120909 -0.0103589036104243 -0.320631181832708 -0.0503644457694662
0.0373971874514859 0.00552314428427077 -0.531395523939168 0.0155456311430251
-0.159655772632865 -0.0597805580658541 -0.120729583572996 -0.481841872643761
-0.16496588763656 -0.124432997832243 -0.123843254272515 -0.361376130563927
-0.152558834074648 -0.144946599188301 -0.00425996148516554 -0.245427337361628
-0.116329029026979 -0.224630524639492 0.129940287553535 -0.111913981493026
-0.0559554938767521 -0.246892845825125 0.222839553309108 0.0395482830973911
0.0173878216038422 -0.235501894209399 0.0767517933199137 0.233921005397157
0.100592846186327 -0.247998885259471 -0.191024063522347 0.404126567790081
0.129081685776449 -0.21304775746408 -0.33543334321738 0.436865150593835
0.12687100684036 -0.198636273632435 -0.388406920841085 0.397664864542643
0.094155512113519 -0.171597832912739 -0.300005008222483 0.292699130394947
0.0616802145621901 -0.167774498453915 -0.233501932021464 0.186921727942546
0.037489324386064 -0.162301672017598 -0.205481549018497 0.0406432488611234
0.0117039464514802 -0.140733753864771 -0.22589880418622 -0.0841505835384932
-0.0385996453934724 -0.155764462574687 -0.3463038656352 -0.0154142684049078
-0.0769960425129592 -0.103308284185995 -0.53019620932303 0.0650049655147092
-0.311210704844687 -0.105360928923343 0.0065487279865853 -0.449439252110746
-0.300615850262962 -0.20977116726779 -0.0184232223351681 -0.344743467688214
-0.282811534786506 -0.272726235644082 0.0755347333761981 -0.225153384439399
-0.199651562219304 -0.412997969205518 0.167389946098161 -0.102099737930305
-0.0631912898775861 -0.458446373936561 0.215453051695239 0.0233934900766617
0.0739441593929475 -0.431769864029072 0.0785856487943692 0.170332891334187
0.213262895164936 -0.425747091700881 -0.167548002391854 0.284047235437802
0.259149772659408 -0.373438468177919 -0.264576072528958 0.325796728623292
0.238762795308183 -0.356269458514666 -0.322844386767004 0.3331587947055
0.167965292638521 -0.329051304397577 -0.277257090874979 0.276800086520265
0.0889839563891095 -0.346402538464566 -0.245867944289321 0.209919616172339
0.022037736787677 -0.326072838012097 -0.234714636690653 0.05912059028404
-0.0447436862583157 -0.273172335878712 -0.262714792941966 -0.0415241370281779
-0.131209446266387 -0.277198367189166 -0.364260667111097 0.0632239684764075
-0.195905817171466 -0.188846569632008 -0.488889662124491 0.15810199931513
-0.397630047689368 -0.150194298535615 0.169974775724162 -0.379429562238908
-0.362586060961398 -0.295495697344969 0.123882975559569 -0.294937891323679
-0.325434224321573 -0.38954402019855 0.170526610942716 -0.173463828990192
-0.199517990518315 -0.556806998483334 0.209648913771478 -0.0871890586723875
-0.0131746201724155 -0.595912652643335 0.210265038366737 -0.0204228261715247
0.151819730178904 -0.544822738071178 0.0995997404121051 0.0603202568152635
0.30637467657221 -0.523957866636381 -0.0949059279877885 0.112564618445598
0.348963977801085 -0.476539753241904 -0.150083987080506 0.161501022219
0.302141997283564 -0.488460400973189 -0.222922068400494 0.21650992019781
0.191619833351217 -0.481459592796031 -0.237528753643272 0.217537810906399
0.0541869255427805 -0.521253989662631 -0.248349236048306 0.216786818162448
-0.0652642812829641 -0.473108899544668 -0.255482412610438 0.0965407924087434
-0.155655304041503 -0.36774963273939 -0.275512306609259 0.0393610355088391
-0.251039155191006 -0.345372458799329 -0.340454199001023 0.175104875632644
-0.304919291734462 -0.233775387246576 -0.400507183337237 0.276826421510295
-0.406961841849714 -0.18185021953511 0.329635912857401 -0.279829332830883
-0.340179303849459 -0.347569824981796 0.260089108911653 -0.205906947897332
-0.270686434547211 -0.44710881448118 0.247109633875041 -0.0871368344809208
-0.118256776559629 -0.59374639724179 0.244362683093303 -0.0593668286838776
0.0772200438962761 -0.608115080004297 0.211923904175452 -0.0722039389281244
0.225826635081667 -0.538727025456688 0.14661354815817 -0.0625054138141988
0.356025421244716 -0.523600788718444 0.0182311237480313 -0.0672476767018338
0.389476817733075 -0.511841682982921 -0.0130390803250977 -0.0302735057869628
0.316474562922373 -0.559306022127859 -0.110749537825438 0.046465063838291
0.166653099162919 -0.572846405582499 -0.195901609650809 0.102354990311785
-0.0266274915796689 -0.613042894437328 -0.246240957729064 0.185792268258439
-0.183401716588053 -0.529543616364895 -0.253168341679008 0.13653725981695
-0.274062008014849 -0.383286970127729 -0.237408870329971 0.13480687168375
-0.355610411239387 -0.340989900912279 -0.258057826931045 0.287573974208973
-0.377593203485522 -0.237096125330811 -0.27083191586232 0.391345897366296
-0.349309754867593 -0.181394971112283 0.455807232854087 -0.166111382541038
-0.255647472727539 -0.333868897351512 0.349873527586339 -0.0951930022388759
-0.158257219219876 -0.403123395708572 0.271977034124227 0.0114738167934213
-0.0116901170533247 -0.496646205405667 0.251293369184593 -0.0266491785057367
0.14877491050944 -0.482572451629574 0.215276396751767 -0.111996529162564
0.256800251167221 -0.425909821499846 0.211495928343044 -0.162003369203674
0.346793628660109 -0.436794541555957 0.150904069193805 -0.216365970520625
0.369078120782665 -0.466057683404264 0.127018739823315 -0.2202425699886
0.285881552884824 -0.537152742489061 -0.00828220973336894 -0.148538508050205
0.117354554677521 -0.553760561238428 -0.167714838830615 -0.04414063090721
-0.0897748004731184 -0.576057727806577 -0.249190785405615 0.122944692431283
-0.252670021512605 -0.47161032854333 -0.229842313494752 0.160046044199464
-0.331823219285733 -0.320038513870015 -0.159676472016259 0.208871951719201
-0.393550178842582 -0.279781348793941 -0.136358247296489 0.366017835258907
-0.38781429702624 -0.206547063103843 -0.116985384366276 0.484670702112644
-0.245789426181933 -0.14012355329518 0.531817585873575 -0.0608834639499781
-0.154316722936469 -0.251182392258677 0.380357767864197 0.00195473865829299
-0.0595616745003482 -0.274608082105789 0.248026619865383 0.0829733664940385
0.0446773479403092 -0.30881550173113 0.233690695863809 -0.00637163724579805
0.152838093023944 -0.289014835721854 0.214367518357864 -0.133448580639551
0.220977160108065 -0.261903462459934 0.268356817406934 -0.216571669935815
0.277360663625088 -0.295634499878108 0.272309556819179 -0.315354766894462
0.293373120459541 -0.349789170118148 0.248124190970252 -0.376919772333657
0.228471639440656 -0.419653794906271 0.0744253151552212 -0.326801325250296
0.0813410463268218 -0.42301163759485 -0.147767047144943 -0.179793057456609
-0.0950859307520362 -0.42930454175501 -0.257348763389738 0.0525852061034324
-0.231141389314846 -0.338892302402273 -0.200693442078222 0.162877687036221
-0.291653957162998 -0.218234563876001 -0.0775210959345086 0.246199522843665
-0.337721197442812 -0.19571055407203 -0.0180147572576375 0.39789125156232
-0.322105767301604 -0.157221660490742 0.0280244753292186 0.540668135752523
-0.121625270966287 -0.0601899233733516 0.55607243715208 0.00162134522865673
-0.0749368827980548 -0.123550591889345 0.377120742830096 0.055969438493598
-0.0158116538883902 -0.117302713453791 0.212672118986663 0.108101723103434
0.0316675547760264 -0.122451909613264 0.21436745294483 -0.00528343673909892
0.0962069006459039 -0.110252657860085 0.209332465422814 -0.143967782596689
0.13604438531429 -0.107341870224599 0.304406248986034 -0.240775103290279
0.158779577818419 -0.137544486572147 0.359139662303189 -0.366242759097259
0.172937779099282 -0.184735425886438 0.33110306419617 -0.47859537254685
0.143756043253199 -0.227154445220708 0.130057379080069 -0.447943595274246
0.0598012864864212 -0.220356701307227 -0.13140952606947 -0.273536268815703
-0.0470794577225055 -0.223196786770736 -0.261502795230288 -0.0044858806398041
-0.13538342693584 -0.178305769737248 -0.17873533760637 0.154486441607909
-0.172586324011361 -0.111206450059449 -0.0181485698074805 0.258293600724233
-0.207388579307981 -0.106981831562474 0.0671234538944397 0.397625708044179
-0.190566623398868 -0.0984986470153265 0.129965925186795 0.561134351209598
0.0302268702254183 -0.0187731548799211 -0.198979442735074 -0.48355805319623
0.00752993054477486 -0.0485575497776451 -0.17498442911889 -0.358249660330981
0.0224659915426358 -0.0285055448044932 -0.0537879342183027 -0.25168865399625
0.0176089646287204 -0.0350292105863849 0.104130936026725 -0.128537199372293
-0.00633478077706149 -0.012278500491771 0.223552357292232 0.0203673479740552
-0.0129230405306032 -0.000691005641033748 0.0849048277461146 0.237382850676437
-0.0150492072865886 -0.023718960906437 -0.164301281073083 0.444474421278418
-0.0194959072119006 -0.0218906527915792 -0.341906519024923 0.478202899316457
-0.0111868443052144 -0.036305004145642 -0.395205655883479 0.418125363700861
-0.00774479317061738 -0.033629244917478 -0.29517163073306 0.295082405194374
-0.00265583483068928 -0.019444618309544 -0.214739489331935 0.173250282522438
0.00209734447488518 -0.0225141839045446 -0.185935601517109 0.0430819463488994
0.0210876175556972 -0.0077109006010329 -0.197793080697012 -0.0873427862041344
0.0218549139764101 -0.0106465575061598 -0.317687845742016 -0.0463459250127261
0.0373628799052435 0.00463298228249359 -0.527169365349678 0.0235553651946575
-0.159203105082209 -0.0569458858183721 -0.129250575422894 -0.478091061585857
-0.166422404721612 -0.121214606058394 -0.128150739670292 -0.357214164595453
-0.153358486501067 -0.142081913988019 -0.00695440972477369 -0.244013389493598
-0.118121621054887 -0.221845318192664 0.127907167759621 -0.112729988581869
-0.0589443683258931 -0.244299357961337 0.22186765219576 0.0360504209323143
0.0138810872425881 -0.233710751455047 0.0777855964818405 0.232093223616079
0.0966967040209128 -0.247681509740821 -0.184610650076129 0.403334983550522
0.125242874342194 -0.213231968592201 -0.326779797899132 0.436947456443766
0.123123457657281 -0.19959758619394 -0.37979313746739 0.399095295761352
0.0904494433793003 -0.171378494197682 -0.294322830164834 0.293782524082221
0.0593181440432466 -0.16777298970858 -0.229689902350455 0.189165106781367
0.0356722962906024 -0.161292290958728 -0.203454142913591 0.0429426001720769
0.0100599644517656 -0.14037053103113 -0.226387230217028 -0.0799426910887795
-0.0407134339666028 -0.15419705635104 -0.342060484519411 -0.010030867217509
-0.0777966590373296 -0.101544264872489 -0.523336843220739 0.070698490144362
-0.310601535680085 -0.100294968624698 3.40420545659349E-05 -0.446936332281959
-0.300900527722962 -0.205230086168854 -0.0235220949891208 -0.34281794432483
-0.283677842434051 -0.267168671822826 0.0723874985246068 -0.224710167614541
-0.204373869639439 -0.407190134802477 0.164837693673348 -0.103323094117415
-0.069415169223135 -0.454050536847 0.214621992583049 0.0211212730660642
0.0681730011103053 -0.429225840685129 0.0796863972310966 0.169266304091806
0.206428172740261 -0.424229523461832 -0.162940587027661 0.284067182765154
0.252533530612365 -0.37366282125311 -0.258520663828325 0.327172472261584
0.231673611916424 -0.357414286025176 -0.3158946233439 0.334941904055223
0.163096545662231 -0.328791907299534 -0.272174752571965 0.27708836778187
0.0846615954386098 -0.345531433001242 -0.241422881300888 0.212300230037192
0.0174994940667969 -0.32325575836574 -0.232508257948029 0.0623466904676939
-0.047878227644017 -0.271265138558231 -0.262332267927667 -0.0368355519713622
-0.1345878435946 -0.273667290609699 -0.359563782120337 0.0678751525876473
-0.196574963163302 -0.185295050623248 -0.481773854796689 0.162059040708641
-0.39583513059591 -0.143309595041397 0.162317467785734 -0.37946519492554
-0.364229818215128 -0.288824900079078 0.118450430483392 -0.2942486398728
-0.328276202788679 -0.383746382136169 0.167141100115117 -0.174225553838354
-0.205471968328988 -0.549411545202414 0.206785990641537 -0.0892365625248067
-0.0204766651440165 -0.591769355323706 0.208312950389466 -0.0221822939844039
0.143971055295809 -0.542928210499864 0.0994373031118059 0.0598804722547302
0.297258708411813 -0.522349449160445 -0.0943080864206365 0.113186529666858
0.341125894592574 -0.478258163523065 -0.147884788177172 0.162225352245472
0.29352656457302 -0.487443757066482 -0.2175484554961 0.216934862535964
0.184831949752645 -0.480376157780622 -0.233504967396227 0.218373468253935
0.0486405236757335 -0.518692051501445 -0.243515022465675 0.218380618974764
-0.0702156609531077 -0.467745518052016 -0.252761069355896 0.099160673364894
-0.157443853402057 -0.364244923371335 -0.274760945379227 0.0437738946999898
-0.253964570624968 -0.339589854085296 -0.334114637117264 0.178513194236806
-0.305178881080523 -0.229194588776932 -0.393548666608603 0.28005050643514
-0.406210389225935 -0.174318950267556 0.322700400984017 -0.283661380552251
-0.342257595553216 -0.341690467427564 0.254566981002799 -0.207335984767368
-0.273966555009361 -0.441190601570356 0.243590778235811 -0.0892122287959891
-0.123835600123473 -0.588716298975243 0.240609871416789 -0.0622082844872413
0.0686664799280559 -0.603350521926885 0.208841157440162 -0.0733229719209244
0.218012218717666 -0.537051404130021 0.144187193102223 -0.0635590120537713
0.345827865328549 -0.523086800721682 0.0161622424764381 -0.0666567583701462
0.379077757903146 -0.511447908247568 -0.0134841837559367 -0.0299381692128403
0.305977919285866 -0.560094602841552 -0.109256386320961 0.0468410092579819
0.156987693393697 -0.570969775309855 -0.193316786860138 0.103796544487053
-0.0326304950732589 -0.609848011673449 -0.242044401836707 0.18791461960236
-0.189552280267724 -0.524011954886067 -0.25014398121883 0.139074613428325
-0.276382877495006 -0.377719876542002 -0.235212709986553 0.137140215449601
-0.358237576257171 -0.334557691287176 -0.250752142045051 0.289629118818128
-0.377595926861578 -0.230263940638723 -0.261883114506944 0.392432761985024
-0.348837324576772 -0.176405002981387 0.45029545709532 -0.172841647047088
-0.258051314643712 -0.329442413223865 0.344853690224415 -0.0994480442299989
-0.161248949842777 -0.39921886701299 0.270273056022102 0.00786461734107275
-0.0183563927577889 -0.492349388810938 0.248757805360965 -0.0304891647549095
0.141325821005395 -0.481314025183131 0.212078137279468 -0.113079016541512
0.249173135573981 -0.426451558309804 0.207641816991041 -0.162452265580861
0.339003309384521 -0.436891008841499 0.145269260833931 -0.216737390795016
0.359957768433199 -0.469315390177157 0.123473593035077 -0.219889300334683
0.278213153326305 -0.538380604123285 -0.010186047327133 -0.148205087412857
0.109886919065806 -0.550793573651016 -0.166892233945532 -0.0423502903388131
-0.096471649779473 -0.571603174430129 -0.245751178728441 0.125464689819214
-0.257054823504279 -0.465600961071101 -0.226881533352772 0.162398136394575
-0.333350166156088 -0.314408342843249 -0.157024176947246 0.210089534543885
-0.394746024703195 -0.273680728583916 -0.129073149606677 0.365059313909316
-0.386906541573911 -0.20065241619546 -0.108153996461517 0.481746981343961
-0.245690852834186 -0.135465442651747 0.524428962466426 -0.0688837605483753
-0.156131720821373 -0.248759718335578 0.376519628775781 -0.00301720062271067
-0.0623013725423706 -0.27265759795307 0.246785987635598 0.0795729482474396
0.0412673262810704 -0.307115578141736 0.231096428268472 -0.0101569557956229
0.148101750617358 -0.289366088390306 0.21020400346073 -0.133565372798007
0.216381635330464 -0.262211419564378 0.263229996678184 -0.218826034668105
0.27077211279565 -0.295561694975396 0.26630691704538 -0.314743120693519
0.286878333265813 -0.352126368847765 0.241355838352756 -0.375690236279278
0.219498661393313 -0.421013321678311 0.0693807628677047 -0.324977215171894
0.0756345204347183 -0.421395626801431 -0.148803200824085 -0.177661215900988
-0.0994479900251291 -0.426043976323257 -0.254499062320134 0.0550437055138968
-0.233625404812751 -0.332621300569744 -0.197504243907828 0.163706006833812
-0.292496328247025 -0.213736404501506 -0.0746974906030651 0.246595691395518
-0.33778657488877 -0.190277190138523 -0.0116544833436558 0.395770704623457
-0.320843583234195 -0.153182076526677 0.035023794521876 0.537691716358217
-0.121422251393279 -0.0579128718513227 0.551796153580953 -0.00499944709704377
-0.075980919717989 -0.122344097682795 0.374258975605723 0.0509961996232835
-0.0171346839542176 -0.117038334950506 0.212247640916475 0.104560482906075
0.0302551679032778 -0.121516611186637 0.212774249834522 -0.00860423229257899
0.0941452954595048 -0.111213677632362 0.20541204296031 -0.144560671365195
0.134188754934367 -0.109139916904068 0.299093319356546 -0.24176574087716
0.155655448112211 -0.13819105629989 0.352054294300709 -0.366231832954185
0.169073395277868 -0.185592638771548 0.322212622855884 -0.477157101243879
0.139849969077814 -0.227808900419631 0.123007692688532 -0.448109345778524
0.0573029150970781 -0.219194874591517 -0.133574063580774 -0.270581647237654
-0.0502834079462669 -0.220765605780427 -0.258888647241326 -0.0010359490206423
-0.135900543500065 -0.175149733553713 -0.176876441761349 0.155872662855543
-0.172616281314864 -0.108355460886805 -0.0154603768501104 0.257272788136557
-0.206872957825947 -0.10326605330453 0.0729934740381489 0.3947278771485
-0.190438958858105 -0.0956429504731829 0.138877364801003 0.555959407626405
0.0294964045312973 -0.0197251818694634 -0.204881706398296 -0.477927354698023
0.0062255958555885 -0.0477400525820794 -0.178659544758233 -0.35507979982755
0.0217255070640277 -0.0284321611303182 -0.0556765991491468 -0.249636289981156
0.0162607694076114 -0.0353875245105708 0.102871282029861 -0.128841328581598
-0.00648780795086767 -0.0115332151525025 0.221659969269764 0.0172416983915566
-0.0131866336058033 -0.000389988425875874 0.0871529384367777 0.235125077877769
-0.0151127747338361 -0.0229526514181349 -0.157509127752899 0.442962457470474
-0.0195435519169899 -0.0209720935797724 -0.334207605313452 0.47590573409886
-0.0116119838198962 -0.0356331949606165 -0.387305224121967 0.418527320894947
-0.00863375732882917 -0.0340121275067244 -0.290632643189738 0.294782630787842
-0.00224588897859911 -0.0203612235590821 -0.211260252797787 0.173789770381163
0.00213897565904022 -0.0218830049245201 -0.184071815822595 0.0444839679280293
0.0211712321447594 -0.00809637819522942 -0.198069473096113 -0.0836576594129652
0.0210919166571327 -0.0105849241281356 -0.314252357587962 -0.0417098114688615
0.0373659341731067 0.00397682147468893 -0.522764965057377 0.0277531750601207
-0.158632901186708 -0.0553569151909409 -0.133594665603484 -0.473803752011487
-0.167412605312321 -0.118468217739572 -0.131957326848256 -0.353214892942911
-0.15389190634995 -0.139004062803202 -0.0091730442130347 -0.241821743418362
-0.120654040877851 -0.218857502539181 0.126297898572905 -0.11269267092186
-0.0612511133502824 -0.241751363782869 0.221014917348471 0.0339692764972166
0.0105712847605805 -0.231892075607649 0.0803759973092068 0.230240579604645
0.0936047923553403 -0.246790689751737 -0.17936276733329 0.402181462870322
0.121342239559812 -0.2128502919991 -0.318887175313149 0.436250765165122
0.119804003335262 -0.198995442851436 -0.371791142811451 0.399026152390368
0.0879181683684056 -0.171179676078394 -0.287518175495268 0.293513756862405
0.0570382588720105 -0.167309235379102 -0.225204723375972 0.189813781662089
0.033952305750047 -0.159854971197739 -0.201604415669161 0.0449602760915645
0.00870322482394033 -0.139446083133106 -0.225817521558588 -0.0751413404445443
-0.042221795248801 -0.152702700390817 -0.338258871251045 -0.00623013355190582
-0.0776878054793531 -0.100754257965842 -0.51753167408922 0.0761036090912796
-0.309285837407566 -0.0968156177718335 -0.00623749262107838 -0.444832404582332
-0.302162333519428 -0.200750277462398 -0.027691239801607 -0.339374657030915
-0.284073576134308 -0.26291305264293 0.0692372884449909 -0.222871181169047
-0.207548316941827 -0.401954244529144 0.16239611765985 -0.103830899428167
-0.0739777763304312 -0.450399244354708 0.213342677599534 0.0190162205393019
0.0628121534666542 -0.425941574110209 0.0810013348362621 0.167799274776418
0.201514308536857 -0.424818990374393 -0.159986470272657 0.284507882289599
0.2455669651975 -0.374281315583846 -0.25238485021811 0.326122643343553
0.224631099339292 -0.35588913541209 -0.308746981863014 0.335404506664103
0.157610534435903 -0.327521545030753 -0.266515311575771 0.277127184650962
0.080015410603166 -0.344065589732631 -0.237426017685217 0.212867150992053
0.0150618045970936 -0.320790871275974 -0.230580881966849 0.0644321892340306
-0.0499920332703593 -0.269559443260527 -0.262412868821063 -0.0322230438377797
-0.136736950760685 -0.270256422480428 -0.353293291799057 0.0712823388484133
-0.196388578286091 -0.18200627439309 -0.475534861509527 0.167146617156593
-0.394353222606725 -0.137722294863374 0.1552419921921 -0.380101750616262
-0.364674493835854 -0.282619022192263 0.112973847970037 -0.293541887454486
-0.329251768210524 -0.377330270804929 0.163975128790662 -0.174640939703224
-0.211319048179789 -0.545230075413917 0.203982380405559 -0.0903124703930511
-0.0267322624050463 -0.587603713828761 0.206766947621044 -0.023162436024331
0.137747038449554 -0.539574300554395 0.0992858177282859 0.0589446093046623
0.289417708993512 -0.521401384088337 -0.0936411174193406 0.113208217089598
0.331178752933332 -0.479334877556798 -0.144774012811262 0.162618829002167
0.286201075943662 -0.487236352438499 -0.21310257877514 0.217238846282003
0.178146662335087 -0.478209058895767 -0.228675342020358 0.218013490957346
0.0415657285264813 -0.515279275438111 -0.239390192087776 0.219491560539768
-0.0744648072246508 -0.46381003633325 -0.250214971402727 0.101683640780448
-0.161405038684857 -0.359790550103632 -0.272593349119148 0.0468552558440659
-0.255528920679035 -0.333573523872698 -0.3278829567058 0.180407705600205
-0.304475088609699 -0.224023788012953 -0.387124401485486 0.281485817155633
-0.404594245669142 -0.167824795475331 0.316121127293168 -0.286157965840318
-0.343939094104141 -0.336295781624671 0.249130980420428 -0.208491060878328
-0.276439726348722 -0.433435432748228 0.241261866354386 -0.0911891975185904
-0.130405277197814 -0.583348889972186 0.23757868623164 -0.0641582162403993
0.0595732996956151 -0.600305894528538 0.206706097202283 -0.0744288309868208
0.2105085686544 -0.534805831769247 0.142918771407327 -0.0635001556729741
0.338818687718558 -0.521633446029127 0.0130138198780566 -0.0668035155361483
0.370124051128335 -0.5125739645256 -0.0137186784850365 -0.0294286405749177
0.296593989802238 -0.560093990529931 -0.10755018491712 0.047136362768716
0.150692394642667 -0.567623658326252 -0.191060979313043 0.104287233060762
-0.0383065037600066 -0.60512343547908 -0.237723249366035 0.18915076771524
-0.191408968174775 -0.517164999851196 -0.247546718115173 0.140448416365292
-0.278262855954812 -0.373023518900026 -0.233547600957986 0.140180933575383
-0.358417973424774 -0.327556449919552 -0.244379342331916 0.289751869918945
-0.376015250174143 -0.225345742456018 -0.254910297916998 0.391845825906173
-0.347581082764182 -0.16959791150218 0.442369473922318 -0.175598011280176
-0.260341562660592 -0.323791120759723 0.340224006305245 -0.101904879528786
-0.165695242385462 -0.394332674525294 0.268231803307942 0.00538354524461432
-0.0231701287510725 -0.489072313060372 0.245990968238254 -0.0331765398996809
0.134705563880769 -0.479813482144846 0.209454253957556 -0.113533432806139
0.243888801852245 -0.425452195446946 0.203578465438109 -0.162954525799104
0.332865260648291 -0.43766818918721 0.141118718394918 -0.21608638346481
0.351089902805484 -0.469833712481105 0.119071528610189 -0.218579255066247
0.270773103040136 -0.537312916366532 -0.011407009166128 -0.147578706227986
0.103743810772888 -0.547154816596641 -0.166214404651995 -0.0406139008476298
-0.101600303690192 -0.566433605389238 -0.241812919458577 0.126837169934203
-0.260823984856143 -0.457422738865231 -0.223970925022065 0.163436511069547
-0.334331134775388 -0.31016460915183 -0.154514574315547 0.211276683266704
-0.393694299269105 -0.267495074208742 -0.123276881866632 0.363965402718591
-0.386409389519226 -0.194696970630673 -0.100752621658025 0.480041069068545
-0.245350476298622 -0.131665606559384 0.518751823735356 -0.0741818952233146
-0.157453635922627 -0.245107431249871 0.372970509914656 -0.00654826412296011
-0.0638346250199615 -0.26963474103864 0.245795199030551 0.0757403024915828
0.0375593838180428 -0.305319395632547 0.228457612150644 -0.0130970698429012
0.143300790246563 -0.288887466108281 0.206647486929232 -0.13416358795229
0.212785612826232 -0.263027234591887 0.259206623196678 -0.22024443361883
0.265651165768855 -0.295677846977716 0.259958459519014 -0.315006369480273
0.280834874199079 -0.352240024829304 0.234239678253822 -0.374376888584488
0.214736727135457 -0.420041778413034 0.064867652334021 -0.32398951796864
0.0714738113000047 -0.418902463351884 -0.150045374198299 -0.174671906207967
-0.10324146124462 -0.421760809304287 -0.251379466239598 0.0575867730071223
-0.235178831041442 -0.327397147118219 -0.194815137571554 0.16496360678677
-0.292013393462431 -0.209110232177511 -0.0722094252787958 0.246376444136383
-0.337476987265469 -0.185496399238409 -0.00609249638881182 0.393767802108015
-0.320099982963998 -0.148367167204504 0.0420232998729222 0.533060259074423
-0.120470539907149 -0.0557576754108753 0.546337318545408 -0.0117925415236978
-0.07719996816837 -0.121011909703619 0.369969823172458 0.0464375041731492
-0.0179858497208019 -0.115945690131449 0.211034635367679 0.101299751986943
0.0285803969366695 -0.120819709157979 0.209942922080595 -0.0114453315661066
0.0917398536197589 -0.111375381955273 0.201924623718856 -0.144954975525617
0.132072757130163 -0.110254291766908 0.293911123517858 -0.242503513347017
0.152816322157064 -0.138040024770366 0.344522485943029 -0.366377091649883
0.164888639059063 -0.186200956389783 0.313131250895744 -0.476055959616027
0.135964011770333 -0.228567356420107 0.117108579468181 -0.444595685345821
0.0549488171657038 -0.218365462478732 -0.135445315787623 -0.267413859367326
-0.0515619553564086 -0.219116390930438 -0.256969476160957 0.00137937921113335
-0.13684444608991 -0.171736549889682 -0.173811378707748 0.156600358028338
-0.172153030571577 -0.106077099054351 -0.0132197567882115 0.256270937794711
-0.20680320180746 -0.10002477573376 0.0772092768806984 0.392278692769988
-0.190093000475342 -0.0930592126278641 0.144394078216727 0.550521189266743
0.0289726263871602 -0.0203901367259568 -0.208609536546338 -0.473650739431962
0.00497656578852965 -0.0472943908409715 -0.180200433223579 -0.349634328210947
0.0209631657047907 -0.0279747749349358 -0.0579410997435394 -0.246922844493974
0.0159888993309159 -0.0351112150714067 0.100668222628964 -0.128473289524652
-0.00611194461173003 -0.0111039928106084 0.219892856880256 0.0149664724559099
-0.0131790756426169 0.000153344530387218 0.0880236083805415 0.233291164711323
-0.0159284161685366 -0.0233099886867304 -0.152891062861211 0.440101572898581
-0.0201443446420415 -0.0210578803789543 -0.328064603619536 0.474142308937163
-0.0128260853740153 -0.035761796658564 -0.37946341720651 0.417517744669815
-0.00929034390390631 -0.033526473177537 -0.283923749818178 0.294067484469457
-0.00214365674206692 -0.020260357087216 -0.207751999998058 0.173632001548766
0.00243176684182306 -0.0216863106880349 -0.181890418137581 0.0464011764835307
0.0206453851163158 -0.00816163516714252 -0.19741042802041 -0.0806549234911459
0.0202728500960883 -0.0105536184964122 -0.310659419728553 -0.0384368409087692
0.0372052505774252 0.00316032486639465 -0.516129941670521 0.0318803878057303
-0.158112199565701 -0.0539092189248791 -0.139184477122166 -0.468471023425374
-0.167939515189717 -0.115582267536643 -0.134598801238699 -0.349515774300734
-0.154280348362668 -0.136421924058623 -0.0114443404838583 -0.239677112346618
-0.12161650409915 -0.216287721323021 0.123954923820377 -0.112729229224418
-0.0632805212262596 -0.238879825663807 0.219253676686701 0.0310527853565515
0.00885393453585515 -0.229169464282568 0.0819004322567234 0.22838965106742
0.0905374069467775 -0.24577918835951 -0.174850724154959 0.401127121742325
0.118061315745756 -0.211740524118961 -0.313178311152737 0.434689501732301
0.116525044927276 -0.19834990681922 -0.364440509119511 0.397970488728425
0.0854053094874942 -0.170278390905394 -0.282824676688051 0.292183843677413
0.0555315856881881 -0.166533392681486 -0.221900216729194 0.189836977382749
0.0322410999214073 -0.158635041907798 -0.199796056877215 0.0473694503165244
0.00759672296826298 -0.138460165967236 -0.225145291885479 -0.0720796081932225
-0.0443977557468567 -0.150580256639201 -0.333907271925736 -0.00238994106918992
-0.077395425043054 -0.0992042377666194 -0.512115788169637 0.0804024275989287
-0.307823532703767 -0.0928503909421543 -0.0117788903601463 -0.442206725126475
-0.302061626802466 -0.196746626301637 -0.0317991016749691 -0.336308979991535
-0.283907568385406 -0.257856528269611 0.0668086233406294 -0.222380864828495
-0.209597240754333 -0.397921887793755 0.159542448321145 -0.104107984404934
-0.0776425185323356 -0.446132193769158 0.21204305627619 0.0176483286667012
0.0574368990342004 -0.423086301391917 0.0816602487502095 0.166527761848992
0.195695346232012 -0.422702313103854 -0.156921910682077 0.284262829424176
0.239876291670101 -0.372866195715833 -0.24730929145138 0.325544987506931
0.219717812952855 -0.355532905085011 -0.302520786890136 0.334066488453821
0.153807211765438 -0.325457617792758 -0.261685441424324 0.27615327502921
0.0761270078312798 -0.342334569772758 -0.233473469569637 0.21322136981944
0.0120082391223893 -0.317041368275172 -0.22796436376809 0.0658919788085381
-0.0517143660171281 -0.266944197701298 -0.260609019465081 -0.028683008098987
-0.138797321462985 -0.266519432573734 -0.348548626119181 0.0744741157962199
-0.195508766670831 -0.17920975259275 -0.468158742552962 0.169823544685158
-0.392502057913272 -0.13265469403382 0.149198627765656 -0.380147649764833
-0.365389814020906 -0.278192671212934 0.108116054387539 -0.291854657447459
-0.329760747100197 -0.372352589845541 0.160747844826428 -0.174264884915955
-0.214056780230328 -0.538245963453461 0.201552487732284 -0.0915694565267932
-0.0316802078325009 -0.583440321370539 0.204823420044028 -0.0232971841435539
0.131490762706251 -0.536229516615292 0.099066796600144 0.0585107423382551
0.281876299355412 -0.521390890033778 -0.0935486530129146 0.114145703071417
0.325203868996748 -0.477277384921054 -0.141636557373529 0.162156434018433
0.278854872833651 -0.485777038677341 -0.208379074229989 0.216618389305382
0.17321575188273 -0.475457159181348 -0.225634911530448 0.218194590481684
0.0368125160619932 -0.511794390758751 -0.234961841658869 0.220766925359941
-0.0775250436214434 -0.459273345721868 -0.247828644800246 0.10313638244022
-0.161914447058915 -0.355774218994277 -0.271000637797821 0.0509623036150584
-0.258145694591164 -0.328700384874458 -0.321574485747357 0.182361213250633
-0.303218683659891 -0.220126218151896 -0.378838115701775 0.282763610396012
-0.403899131727656 -0.16285144001245 0.309958267597356 -0.28763086999166
-0.344655845369446 -0.330720206931571 0.244517021207425 -0.208247545512722
-0.278572382357075 -0.429696912534292 0.238888674455172 -0.0914908432638588
-0.134933763870994 -0.577667349438913 0.235091845234774 -0.0660367560819028
0.0530747268502813 -0.596443639228778 0.204188251588882 -0.0745914655241171
0.204530734495228 -0.533097313032056 0.140917094738626 -0.0637027547393496
0.330585186981743 -0.520542439166578 0.0110431599849527 -0.0655902511651919
0.361392548003384 -0.513816581893067 -0.0147725542475385 -0.0289215390721555
0.290153584742486 -0.557034031549702 -0.10527756681978 0.047207807493613
0.144349085459453 -0.564475138459275 -0.188375387581441 0.104944060395886
-0.0426368374134809 -0.60027621457465 -0.233922836574915 0.190340010534636
-0.194465399404819 -0.511466421237384 -0.245449774063203 0.142213075644593
-0.278873150432758 -0.367445308955412 -0.230785297543954 0.142459715406759
-0.359736036866723 -0.321952173517987 -0.238179802962051 0.289840471089567
-0.37435981939 -0.22112748557807 -0.248323177626014 0.391667234282317
-0.345742572341024 -0.1653408398858 0.436297832973739 -0.179839834344015
-0.261230716991366 -0.320232370358966 0.334980025628132 -0.10384182153382
-0.167599643879745 -0.390058116144683 0.266331739728753 0.00267299377227483
-0.0278552587645464 -0.483461297657611 0.243600342140121 -0.0354547140185684
0.128330932648034 -0.477553838127594 0.206581492827702 -0.113445792199764
0.237817167939587 -0.423725198972067 0.201071096239203 -0.16300564035197
0.325898433914565 -0.436350644468045 0.136922990717113 -0.214376677101862
0.344258650383802 -0.469741678829837 0.115558197564007 -0.218013409971962
0.262944856987693 -0.535735356333276 -0.0122163111523887 -0.146562200599883
0.0987493078772249 -0.543103262921473 -0.165191844652504 -0.0395558410394264
-0.105861001326516 -0.562523821248625 -0.238917391857949 0.12849360379896
-0.26086850680202 -0.452550975838927 -0.221531595703056 0.164316589918742
-0.333509286366491 -0.304604512726866 -0.152399813152217 0.211791327329238
-0.394371998156641 -0.260527467399946 -0.117468659521022 0.362929622865408
-0.383935210800244 -0.188794987864115 -0.0943850641036093 0.477249343373936
-0.244139136110924 -0.127610200438745 0.513699381832602 -0.0786648480782181
-0.15880226925956 -0.24203912826584 0.369309984984846 -0.0107354390468029
-0.0661995549065872 -0.267381584257899 0.244047569631044 0.073198158234152
0.0348424138209956 -0.302579106543396 0.226025979105704 -0.0161241830375174
0.139061555110229 -0.287757945698182 0.203864672339749 -0.133978819327749
0.208818982332114 -0.263275568156285 0.254573962083617 -0.219049117464122
0.261762062925465 -0.294506639474807 0.252938463925063 -0.313928258602682
0.273952927474736 -0.352467306566473 0.229398916239677 -0.373365921637247
0.210326910291101 -0.418078159356236 0.0617627481643943 -0.322526336903213
0.0676050771180456 -0.416475669839149 -0.150653337496603 -0.172111993878837
-0.105585082449481 -0.417568685538263 -0.249039226266589 0.0591229813351325
-0.23598638752514 -0.323320729344852 -0.192750851371819 0.165983694704446
-0.290946489693937 -0.205931055621882 -0.0701159928897124 0.246023698572139
-0.336477917435642 -0.180392426162432 -0.000760036557932393 0.390863783644153
-0.318611707523611 -0.144865486552552 0.0476139411234181 0.527824337202801
-0.119679287492801 -0.0548041893550327 0.53997795429295 -0.0172365789963051
-0.077335285996218 -0.119452437597009 0.367280066839369 0.0430829068691623
-0.0181223397200377 -0.115244822122677 0.210574911386885 0.0979377513836784
0.0269786525063386 -0.120042113404797 0.207908879280138 -0.0141262687549414
0.0897154320151814 -0.111908075236422 0.198369556236114 -0.144895593469879
0.130333687080638 -0.110951877081028 0.287454634410333 -0.24279097855323
0.150780951506999 -0.13785961481135 0.338480096923034 -0.366702034566817
0.162031737529975 -0.186837421244261 0.304932946203327 -0.473399268264709
0.133262216098008 -0.227616417443476 0.112022024468142 -0.44256870166688
0.0531566231837884 -0.217428058301107 -0.136992400965743 -0.264725281812701
-0.0532344826374482 -0.216579396287749 -0.254642303815585 0.00399991082387486
-0.136499245659877 -0.169445977679392 -0.171619234289868 0.156859091567134
-0.171604591326685 -0.104516756278634 -0.0113234398287 0.255411500637572
-0.206173588042423 -0.0971882574928117 0.0811017170194615 0.389748849843781
-0.189528941813296 -0.0905964175303213 0.151363257583713 0.545171309861419
0.0279436192490582 -0.0207569766419784 -0.211468698703553 -0.468625345255736
0.0040174592306697 -0.0460621897801474 -0.182250535322109 -0.346969927635421
0.0209095694288198 -0.0279136666232376 -0.0593984326466357 -0.245516757608405
0.0150705725197759 -0.0351925481900565 0.0997005795906414 -0.128853241645168
-0.00637647031127719 -0.0104815297330108 0.217698203869162 0.0130316351078079
-0.0134659051818595 1.62939160494304E-05 0.0886532329893046 0.23123065266902
-0.0166282804569966 -0.0222936451237861 -0.147183512221773 0.439602204509271
-0.0202966719011339 -0.0205131458825722 -0.320102254635814 0.47208962263115
-0.0132864557797895 -0.0357675509642988 -0.373113153096258 0.414472718446694
-0.0100190310838905 -0.03305763012283 -0.27877504165759 0.292732675844341
-0.00215052549100691 -0.0202340396606664 -0.204656454560402 0.174304302855274
0.00282709646573641 -0.0214444382788873 -0.18079320256108 0.0474300706067593
0.0209867295279006 -0.00848197814731821 -0.196464353668093 -0.0777611019490747
0.0197801282757361 -0.0101748344702375 -0.30669238194585 -0.035949852539091
0.0372206550224072 0.00266404520509514 -0.511266718263185 0.036642293859735
-0.157159006911396 -0.0520909027055005 -0.143212625083316 -0.466264672558263
-0.167618611819079 -0.114064700152358 -0.137262942508983 -0.345839379030607
-0.153758553257114 -0.134603768149985 -0.0128573059249575 -0.238657720934387
-0.122440940314597 -0.214016037552935 0.122222852969736 -0.112757659078453
-0.064422970645853 -0.236492397935842 0.218064245639282 0.0301787522073302
0.00670973159798151 -0.228013166215152 0.0824140402221267 0.226871824851541
0.0880442707846466 -0.244686831287002 -0.170786619284819 0.399216454351399
0.115723272278097 -0.21085005598281 -0.306742046847662 0.431481211935289
0.113932351497505 -0.197984091730836 -0.357677915640829 0.396479834338975
0.08340306981485 -0.169268080053303 -0.278337210388185 0.290931722052708
0.0536735867166007 -0.165995124794327 -0.219145851069502 0.190662522750004
0.0311744760918207 -0.157370852108906 -0.197807977094503 0.048916020365367
0.00685289157472659 -0.138138986711924 -0.224964038861153 -0.0689654803597761
-0.0454941836788732 -0.1497682322289 -0.329289135571898 -0.000560727714120665
-0.0772414955516024 -0.098620475758549 -0.506192510516187 0.0833956715748558
-0.306167358855544 -0.0902261751255777 -0.0163904735528236 -0.440714760046728
-0.30250858092871 -0.193108311150331 -0.0341911568400788 -0.334324602547477
-0.284603819089208 -0.254159481566678 0.0656585544701598 -0.220675363172459
-0.210703078291207 -0.394081253897925 0.157468808671177 -0.104303710890709
-0.0802469427187559 -0.442863912419926 0.210693837807427 0.0169182646558365
0.053491595598365 -0.419844425120252 0.0820806686008592 0.165685580206026
0.191898322575496 -0.420889814450731 -0.155322399044221 0.284162769244177
0.235751014191468 -0.372770000110662 -0.243642538924389 0.323725867774486
0.215602337018794 -0.354424954694876 -0.297185003070746 0.333061518627247
0.150118668320759 -0.324539092623886 -0.25798413122595 0.274713989541744
0.0728761527943428 -0.340170270718834 -0.229570209274768 0.213812317296006
0.0107440037659066 -0.315397488905605 -0.226787595596801 0.0678568846945013
-0.0523824467021522 -0.264940450443386 -0.260229318351159 -0.0260530631901167
-0.140359906069578 -0.263324955400297 -0.343246431616164 0.0761951105625475
-0.194991759583406 -0.176748055273226 -0.462807736581741 0.170925103656228
-0.390941147847094 -0.129027227925908 0.144143874412001 -0.379531611386805
-0.36476458344343 -0.273850961222717 0.104784570043696 -0.290695771162112
-0.330497643379149 -0.366104441307125 0.159323299249583 -0.174115440232091
-0.216309753259052 -0.533253130779773 0.199070255591061 -0.0918897540545314
-0.0367631269611713 -0.578730705930481 0.203995390734594 -0.0240248287829484
0.1272312634916 -0.532675411302703 0.0983184232426646 0.057862867293636
0.276826259029571 -0.516973877478487 -0.0935757008320486 0.114355284691261
0.317728140572441 -0.477442416487054 -0.139567836078751 0.161773627819109
0.2724829940817 -0.484121785733544 -0.204915584257048 0.215770125378905
0.168656795191176 -0.472223592550671 -0.221688591645433 0.217364678799578
0.0336525265761052 -0.509325473278987 -0.23141166729763 0.221021552123622
-0.0795249536446841 -0.454493317944129 -0.245988989929509 0.104564299493446
-0.162853231099369 -0.353271283978677 -0.26916144183617 0.0535406431163913
-0.257640399825994 -0.32523562603431 -0.316473746967237 0.183319459460528
-0.302304193689193 -0.216581047969152 -0.373001824683558 0.282102480355126
-0.401658704675073 -0.159307457102267 0.304216853184144 -0.289038731727941
-0.343576461422277 -0.326402329033138 0.240051025923181 -0.208339417863676
-0.280232731365487 -0.424877319486424 0.236640390799005 -0.0920895153689893
-0.138597637943213 -0.573086260932937 0.2321048913273 -0.0669484188543625
0.0496166564497387 -0.592691285315238 0.202201086557952 -0.0733686462168531
0.198697303897747 -0.530383247430141 0.139506433348739 -0.0635491184282802
0.326125316771263 -0.51784672997253 0.00912521334818405 -0.0644994538408027
0.354385605203325 -0.5116108402836 -0.0144598533879898 -0.0283588378935711
0.284644845406783 -0.555417656030137 -0.104061198074835 0.0467758872391556
0.14084244177075 -0.559352327607363 -0.186811672208579 0.103935030546699
-0.0482023094492791 -0.596002300807168 -0.230248276922465 0.190542707320832
-0.197109491816119 -0.505269709439781 -0.243131605982762 0.142951883763685
-0.27835043471242 -0.364747163094837 -0.228866203764651 0.144509150481494
-0.359156074126009 -0.317024950442294 -0.232922808789242 0.288989755217967
-0.372897313957848 -0.216971815933651 -0.241667665613211 0.390018325362963
-0.345922819092245 -0.162376719514063 0.431330516329459 -0.181727231026335
-0.260851469694958 -0.316788708242287 0.331099755009692 -0.105426476210117
-0.168211681705686 -0.386558583329505 0.264163504847215 0.00125476992801642
-0.029537255208083 -0.481336616645098 0.240000174869696 -0.0374420710227663
0.123106031979946 -0.475208220244042 0.204202670168282 -0.111965581868345
0.23282422579458 -0.421298877422399 0.19832647236394 -0.162449193413449
0.3205337307132 -0.434587217258047 0.132670034774011 -0.213329360629811
0.337863026020762 -0.468813042358851 0.113260384146598 -0.216176448995698
0.257460322350863 -0.533238945138296 -0.0129437932247348 -0.14609061495757
0.0957096021899854 -0.540330535361692 -0.164484576597544 -0.038457462854079
-0.109870917071973 -0.557587279721428 -0.235953950154733 0.129074025449057
-0.26301460039048 -0.448600843402614 -0.219782434151166 0.164981624121904
-0.332697711286963 -0.300960151547234 -0.150398741669519 0.212643783518789
-0.392870513254534 -0.255550067347471 -0.112196212939493 0.360692342979501
-0.382677060337576 -0.185863490709934 -0.088338226924833 0.473957517787566
-0.243180348584209 -0.125241938402035 0.507134072504124 -0.0815185537027956
-0.15878281930361 -0.239409067100007 0.364833186064908 -0.011859345033123
-0.066529606855886 -0.265463047624914 0.243062403838794 0.0711647447460551
0.0317890361644596 -0.300792999053475 0.223337660084449 -0.0176157084550831
0.136287420619037 -0.287184576673322 0.20131888779545 -0.133130672250462
0.205715043303445 -0.261993624355909 0.25130914096409 -0.218848636696729
0.256449615248905 -0.294335809372348 0.248740181234661 -0.31285787432602
0.269552625525741 -0.352707658147914 0.224908850675657 -0.37057381192209
0.20436350970146 -0.416528655648786 0.0588572664937243 -0.320792398737378
0.0645170553892071 -0.413829878727067 -0.151317256614598 -0.170446977130475
-0.108593046061285 -0.414709724738331 -0.246202192128738 0.0603469599826486
-0.235653699493813 -0.318680433238781 -0.191009430543244 0.165914125258216
-0.290330892257461 -0.20324238177865 -0.0691800628734555 0.245557393125612
-0.335162759002744 -0.176266488413999 0.00294927145811265 0.388329183301709
-0.31722321411228 -0.142302779746099 0.052571197585701 0.524797561019895
-0.118901314149794 -0.0528503491837745 0.535848734523094 -0.0215882600546267
-0.0776465618908583 -0.11894652787013 0.364150423576337 0.0400333791871613
-0.0187880982975281 -0.114584477722115 0.209437881722743 0.0959194750099748
0.0262191670870582 -0.118762826184016 0.205648818697828 -0.0163058996848927
0.0881976950693542 -0.111501731472638 0.19520366119523 -0.144184357584631
0.128824499584988 -0.111011445803612 0.284324719410851 -0.243316690040959
0.148572809632242 -0.137388757448187 0.333386754408732 -0.364587698691154
0.159172161677544 -0.186488146928481 0.299224715542378 -0.469920780385659
0.130516651495467 -0.226797214327172 0.107554186969059 -0.440121624685073
0.0517859022503564 -0.215946353990507 -0.137942126977677 -0.262085081217797
-0.0546073428677349 -0.214911556325331 -0.252432562257248 0.00559180803852405
-0.137150230568452 -0.166986854794397 -0.169612928121151 0.157278310732468
-0.170325304741534 -0.102687452600761 -0.00972579262271188 0.254382130999401
-0.204938198460296 -0.0946566025797152 0.0842911541457899 0.386859340093135
-0.189138032427133 -0.0889001076418304 0.155172248121424 0.539933227476944
0.0275380041879078 -0.0209066128249939 -0.214063103187061 -0.464219215107504
0.00340185818470556 -0.0456149165338734 -0.18331806436253 -0.343674823009456
0.0201301871304664 -0.0271730950832746 -0.059971624737085 -0.243631178619861
0.0142979995526172 -0.034635915038206 0.0986315829397064 -0.128487166593035
-0.00695437871925757 -0.0101358582732471 0.215928664525741 0.0115499088187851
-0.0136515003349551 0.000719726866746867 0.0891581018846029 0.229897879555206
-0.0172985611168763 -0.022470770100579 -0.14362001259241 0.437571384686879
-0.0205306158067927 -0.0198491215703359 -0.316525498121072 0.468586193648702
-0.0137423025720892 -0.0350301377451087 -0.367176756712483 0.411757251947682
-0.0104481461761476 -0.0326369380324944 -0.275019052914514 0.290156080342781
-0.00242735557397231 -0.0206748946700644 -0.202359488363686 0.17376964116884
0.00288107649060088 -0.0211584543528703 -0.179488253693211 0.0487718824353074
0.0201341413621989 -0.00883205825711244 -0.195778872544939 -0.0752483140467909
0.0191198554795267 -0.0101872918209528 -0.303360700375516 -0.0343586975007979
0.0372270905489538 0.00205714895181962 -0.505522465927167 0.0386135131961365
-0.156182645578148 -0.0511651426576425 -0.145716720745273 -0.462785220100224
-0.168121850963782 -0.112083014253471 -0.138369375990821 -0.342544529464339
-0.153408587029505 -0.132356440258241 -0.0141200181609174 -0.237032044996052
-0.124338533655993 -0.211694152003318 0.121349749690163 -0.112740030816081
-0.0658794431305449 -0.234416912847495 0.216167970532839 0.0284124313472038
0.00514765529667283 -0.225997120220479 0.082578896625365 0.225590073982648
0.0851764528058424 -0.243679475378158 -0.166565734138012 0.399063633100261
0.112962837557785 -0.210558295553035 -0.303637805066154 0.429438534509269
0.111477141945541 -0.197048264425699 -0.352261326019672 0.393966329263638
0.0810337220374204 -0.168662083701821 -0.274849880405871 0.290240681707481
0.0526476299442746 -0.165551325522315 -0.216062347667993 0.189725444769324
0.0309333330414272 -0.15612466824027 -0.196512289606756 0.0495421670853616
0.00611709465746314 -0.137864057267492 -0.223931037814999 -0.0658859427855386
-0.0457440101865669 -0.147726052476239 -0.325844194327194 0.00161376994349044
-0.0765206867210382 -0.097948845797636 -0.500713583038073 0.0839420942010086
-0.303671227458231 -0.0871062943514567 -0.019693722885843 -0.437312054617906
-0.301382391746054 -0.190315730652737 -0.0368630377559351 -0.331436435838412
-0.283561100125445 -0.251056700258434 0.0636359100762525 -0.219287979885154
-0.212925617576042 -0.389950531218682 0.156380917411026 -0.103962327413385
-0.0828130169634006 -0.439136903618881 0.20954819661751 0.0158017741748016
0.0514662120225688 -0.417622678189675 0.0824326808627192 0.165155190468832
0.187841973584441 -0.41878680989986 -0.153358072950674 0.282635632600282
0.230015092999723 -0.370296636230382 -0.239173411099557 0.321711434365998
0.21122647846565 -0.351994616969051 -0.292322825014834 0.330430232537426
0.147027765559228 -0.321777587547331 -0.254257280206024 0.272958297746768
0.0705946818121124 -0.33860591802764 -0.226483424372965 0.213763458896029
0.00921839879536933 -0.312734132321821 -0.225122520219833 0.0684985750886474
-0.0540424706490634 -0.263450815616114 -0.258862899778079 -0.0227422521544408
-0.141012934129979 -0.260852476344196 -0.338348811067836 0.0772809354380206
-0.193878322508986 -0.174991003944681 -0.456956038405358 0.172208929398732
-0.387169043505413 -0.125745843648197 0.139187556371557 -0.37821017340517
-0.362700352182988 -0.270619100229268 0.100991594183366 -0.288574504819042
-0.328548827451313 -0.363497725926047 0.156102062413696 -0.173345456533416
-0.218540305144666 -0.528800775955334 0.196678511765278 -0.0920372063999574
-0.0391676481093249 -0.574413317511369 0.202286799769171 -0.0235747936878227
0.123266288056134 -0.530192118299365 0.0979667515567472 0.0585867865768466
0.271237489560782 -0.515423242753282 -0.0933336683829347 0.114495235919376
0.311780985707334 -0.475878175035175 -0.13801563301146 0.161017767581087
0.268614093597587 -0.4823012643428 -0.20186931963637 0.214216695536869
0.164336060440243 -0.469418977869193 -0.2190318527568 0.21625977331871
0.0291367531788131 -0.505386809530256 -0.228293630383954 0.220625992507213
-0.0812782133968205 -0.450700782821174 -0.243916971331104 0.104875793297297
-0.16361238379296 -0.35056097144269 -0.267368404223324 0.0561127107214678
-0.25713261127965 -0.319844458594811 -0.31038937789221 0.183035288627824
-0.300003441175723 -0.213613627915274 -0.367012852717602 0.282570449912761
-0.399156894862862 -0.155115721838525 0.298538763010216 -0.29026983364321
-0.34386312653027 -0.322523968288791 0.236217432675953 -0.208278467933531
-0.279638362923537 -0.420563482527715 0.234327481422492 -0.093179131358068
-0.141439561347247 -0.569262763274362 0.230101166266841 -0.0679079989057821
0.0447952374441743 -0.589603663379977 0.201314069686569 -0.0727017841766954
0.19589294155993 -0.526366400185499 0.137850835888697 -0.0630398612903242
0.321359939105647 -0.515508513035223 0.00702653710261077 -0.0635895590892131
0.348456486693997 -0.510192734542916 -0.0155901688920975 -0.0278294825367578
0.27997272452892 -0.551029890997638 -0.102415741166118 0.0461934336590919
0.136484993045118 -0.555292007135743 -0.184849426554185 0.104362046220393
-0.0506230993805955 -0.591965618392112 -0.227054606095049 0.190283845607619
-0.197079293436999 -0.501625511803897 -0.241494559179071 0.143063145196552
-0.278688027185531 -0.361097053965 -0.22724228360242 0.145928512665971
-0.357752913813245 -0.311971251938966 -0.228197429373594 0.287757038461417
-0.371448370317904 -0.21400754545052 -0.236561709739027 0.388950051417661
-0.342451996293808 -0.158046493736468 0.426003212785913 -0.18554878422002
-0.260503924600636 -0.312977295099068 0.326917489323408 -0.106426560255906
-0.168305250244902 -0.383046457267006 0.262038508730961 -0.000363651323212223
-0.0334343208880388 -0.47874961886039 0.237650340587175 -0.0378274079464139
0.119785989450532 -0.470997177995891 0.202057540923785 -0.111407218902848
0.230650230452087 -0.419913483385402 0.195466902159534 -0.161614108134141
0.315261125493583 -0.431296137584585 0.129623940198513 -0.211819862063339
0.331975435325163 -0.466985273267295 0.110771168198227 -0.21461825562288
0.252708255820091 -0.531172851250188 -0.0136108889246698 -0.145485097776168
0.0916515898766853 -0.535589960340721 -0.164291578251408 -0.0372959637811633
-0.112434624583731 -0.553886911218371 -0.232484680166483 0.129812183672316
-0.261671637890479 -0.443824497795234 -0.21820949132108 0.164831354652373
-0.332156643062638 -0.298704273304612 -0.148936146037099 0.213198246102398
-0.390818678689831 -0.251837267146494 -0.108454314003443 0.358457535282157
-0.37940899473744 -0.183504342211476 -0.0841678869072166 0.47118090969312
-0.240991473456927 -0.122644972202508 0.501328579566455 -0.0865500838775679
-0.159607354132383 -0.237530171930627 0.360876555139785 -0.0137056033704775
-0.0679106589669748 -0.262928956147376 0.241951013824498 0.0692122317927261
0.0301750541535485 -0.298686226098949 0.220985191569297 -0.0194438427120514
0.133152439568391 -0.285249631246437 0.198303366316399 -0.132053498377162
0.203480589722758 -0.261213886376957 0.247416576047538 -0.217890350600043
0.253326054367011 -0.292986801886804 0.244618360103526 -0.311977422009831
0.265659362183434 -0.351477025497836 0.220777581225392 -0.368289597621446
0.199487252585228 -0.415478999184764 0.0567799190478352 -0.318953267112238
0.0629788246706234 -0.410924041757098 -0.151136112754574 -0.169343842920491
-0.109602453097455 -0.411374869267653 -0.24325359770054 0.0613098118963219
-0.234936932506722 -0.315330875687034 -0.189092598738795 0.166116136837187
-0.288860159034106 -0.200692934655149 -0.0672875652292904 0.245528205679468
-0.333628514788726 -0.172843218852046 0.00575483111941866 0.385770153362755
-0.315194483792176 -0.139311939030242 0.0573594352220749 0.520283668470332
-0.117859086105475 -0.0522167084425732 0.529681126226192 -0.0244272399718683
-0.0782597909867787 -0.117125707453959 0.360764221744393 0.0380079826441326
-0.0193572383275148 -0.113770178888077 0.208659413221724 0.0946308480365402
0.0255207363773008 -0.117951771359518 0.203193813415915 -0.0173904106022011
0.0862922961423788 -0.111037496816838 0.19304314268329 -0.142730017764262
0.126924639823073 -0.111002015718511 0.281147220206597 -0.241461289967394
0.146833460696292 -0.136425077578572 0.32863467255186 -0.363089498309337
0.156502127410043 -0.185987835777232 0.293918484384974 -0.467279680365008
0.127877466412628 -0.226603458179412 0.104558107828037 -0.438106014047732
0.0504311535213876 -0.21490880838445 -0.13855787230448 -0.259895974338904
-0.0553140769614725 -0.213828839147384 -0.250190377102885 0.00694143570960748
-0.136475554980244 -0.165217562833085 -0.168004136631734 0.156909298214953
-0.170229935725692 -0.101882264513114 -0.00933372538729816 0.25335388067057
-0.203632903070364 -0.0928394646292404 0.0870293142001055 0.383465020887137
-0.188044771603258 -0.0872887063394942 0.158898066538286 0.536487617400494
0.0271947314172599 -0.0213768658111197 -0.216143137685793 -0.461195365723742
0.00229213729844903 -0.04500418680882 -0.184581838961429 -0.341453493910117
0.0199767744030277 -0.0273506560258183 -0.0606657615744222 -0.24223274662481
0.0138583815726054 -0.0342277644241492 0.0977538772495094 -0.127763432477076
-0.00601334874842307 -0.00951708384975046 0.214518996792402 0.0100468188836232
-0.0137008572742871 0.00115898328874493 0.0897658639442917 0.229091564608982
-0.0177119159550867 -0.0228132330232902 -0.14040774303406 0.435626715709409
-0.0207392643395987 -0.0194905471801528 -0.312684239759558 0.465362058494179
-0.0143511943400499 -0.0347951392854217 -0.361725508228297 0.410141038827682
-0.0106159477909546 -0.0325420839431819 -0.272251408950932 0.289263506368535
-0.00237745699189179 -0.0210234428413285 -0.200097207639481 0.173352949608321
0.00309319512294745 -0.0206749397393971 -0.177174032463491 0.0497962374851212
0.020487477246837 -0.00881588028148255 -0.194942775897904 -0.0730094508918653
0.0188569732543633 -0.00992521703352376 -0.299493339942919 -0.0327081886390835
0.0373219403912006 0.00180935032956826 -0.502607771380271 0.0395006285704469
-0.156149669052944 -0.0501969745702848 -0.148052657762915 -0.458856512998312
-0.167931815694727 -0.110257051692653 -0.139732295874345 -0.339980978922824
-0.153160061032904 -0.130417841629048 -0.0150933872935386 -0.235784083610593
-0.124501757710846 -0.209800252369141 0.120532314243435 -0.112266468579827
-0.0670114524366343 -0.232393522830717 0.214799521088694 0.0274238102831017
0.00380387951289043 -0.224496395485276 0.0828336171654983 0.224715183910934
0.0838538247131584 -0.242443789764627 -0.165232691838357 0.397113943244772
0.110458549501064 -0.208750044426259 -0.299290261166257 0.426933531516688
0.109050267178783 -0.196223527452003 -0.347366618078706 0.392372935628639
0.0797939487713134 -0.167321757741697 -0.271155524564686 0.287091622244171
0.0513960035476538 -0.164392438772367 -0.213917435981079 0.19008652181884
0.0302050165375874 -0.154624641032068 -0.194978160563324 0.0505376019561431
0.00565124715813072 -0.136727859422051 -0.223302436423124 -0.063652812775026
-0.0469958543254114 -0.146262251475166 -0.322284991657124 0.00292912013555341
-0.0766658094054177 -0.0972344817606106 -0.496395722040475 0.0865639123048276
-0.302035962196576 -0.0855865083299635 -0.023449397863533 -0.435099137696892
-0.301163399542251 -0.188776118765186 -0.0391303459704999 -0.328214753598004
-0.282592059638426 -0.24877528306817 0.0621791511454045 -0.21854615233968
-0.214327348509865 -0.385830462606757 0.154924278768463 -0.104055137029561
-0.0843920373627521 -0.43609141368726 0.208614749960293 0.0154647443950121
0.0495917820967699 -0.414017980343921 0.082579024992458 0.164343078448616
0.183740447825776 -0.416519068453331 -0.151510026538785 0.282319828391545
0.227659651427133 -0.369053054210953 -0.237747659248187 0.320814954625715
0.207958008214915 -0.35138868718804 -0.287626563574942 0.327862473765984
0.144618932874218 -0.319531463468676 -0.251741159280991 0.271477854295232
0.0689503693151401 -0.33673946745537 -0.224301063739564 0.213302680902807
0.00840097346538764 -0.309684489032191 -0.22357887203031 0.0694021634750681
-0.0540686510918802 -0.262348047298656 -0.258355772595649 -0.0206895200838972
-0.141042639918344 -0.258008699265343 -0.333874665972779 0.0780985350020174
-0.192870576757486 -0.173195372004129 -0.452396865314278 0.173593427726046
-0.386450193221658 -0.123472625540537 0.13561780873397 -0.377408801391693
-0.36423063708535 -0.267312517613713 0.0986857371924118 -0.28682365358082
-0.328871393962848 -0.35909334119653 0.155051095743886 -0.172984719411861
-0.219482612428041 -0.524347982217381 0.195050846900455 -0.0914518390302513
-0.0423006222014691 -0.570788160346652 0.201389568145685 -0.0236329872073784
0.119931686802499 -0.52660964132385 0.0975949223927978 0.0582401066044234
0.269252323898159 -0.512778877173348 -0.0937940418897435 0.114673299593957
0.307852610437368 -0.474568574926931 -0.137129287977144 0.160037931107916
0.263846390106369 -0.479591397626458 -0.198435764960048 0.213235969447823
0.16186205068859 -0.467265354048587 -0.217129524606221 0.21545730430293
0.0279350357104927 -0.502941795799603 -0.225502430374617 0.220495960937255
-0.0817636360616573 -0.447442074755502 -0.242717748431124 0.105634182725726
-0.16416179823272 -0.349055353187573 -0.266495110440544 0.057870175439442
-0.256646433324197 -0.317257815831749 -0.306877462587428 0.182950607619245
-0.298460798998445 -0.211671626761184 -0.363112187694538 0.282321859122439
-0.39717886956776 -0.153074047997291 0.294681627301965 -0.290564247084339
-0.344256029625256 -0.31952860971173 0.232619032320377 -0.207766679914227
-0.27937466793566 -0.416261070521072 0.232631019399507 -0.0931928030338633
-0.142243784065675 -0.565304432096796 0.228029971879505 -0.068017601069595
0.0420381044550126 -0.585331478875932 0.19922743402531 -0.0722289681441744
0.192027733687209 -0.524060010900615 0.136862171725147 -0.0618324713590989
0.316693388337544 -0.513086213089372 0.00521566322149559 -0.062418593817612
0.343440486938617 -0.508807069117853 -0.015820879209945 -0.0277529556162672
0.274471152822026 -0.549177210469316 -0.100883468682598 0.0457233221328334
0.13407317992316 -0.552443516358561 -0.183595849291575 0.103772286090144
-0.0529836811491545 -0.587938161760074 -0.225033677169611 0.190404568200747
-0.197460299953642 -0.496493086995612 -0.240017474810563 0.143311659092618
-0.279410103610353 -0.358670514276383 -0.225749659612131 0.14722469025128
-0.356796125450225 -0.308506742917428 -0.223803281776646 0.286845702738502
-0.367837343727086 -0.211273997331361 -0.232880820501478 0.386408710369241
-0.341842451666992 -0.155581467564291 0.421184026743829 -0.186031287732795
-0.261707041800483 -0.310340334458922 0.323237784986017 -0.106856086655739
-0.169489912970966 -0.378966030372884 0.260936183569752 -0.00129020954764755
-0.0349541028152664 -0.473746477373561 0.235903522988228 -0.0388198062869946
0.116012098321546 -0.469475131818221 0.199715633219057 -0.110783074241776
0.227145566645408 -0.418455014501983 0.193834658442083 -0.160002682855337
0.311996253194047 -0.428417228717767 0.126614073256352 -0.210450613400323
0.326871371553538 -0.465818713633324 0.108417533922361 -0.212606829531586
0.248210193433813 -0.527419409269915 -0.0134190033753241 -0.145153483831258
0.0905795751187247 -0.532557638817381 -0.163190127005772 -0.037137356705413
-0.114273593410914 -0.55028568985835 -0.230509381172646 0.129778133006841
-0.261082161081991 -0.440197520317593 -0.216517158810003 0.164761363898568
-0.330643679140736 -0.295987954943396 -0.147992053110205 0.213769146528208
-0.389338325394173 -0.247935984436677 -0.104733455173138 0.356526956543818
-0.377007645260716 -0.181056545762315 -0.0809438113699552 0.468544534560572
-0.240019111293919 -0.12112695626794 0.495961167325122 -0.0874118829695446
-0.159347790024167 -0.23535092322034 0.357777984864327 -0.0145047337531959
-0.0686289777564003 -0.260876596375785 0.240406496021084 0.0678886972079423
0.0288624578249846 -0.296102475994697 0.219045178078684 -0.0198951800617568
0.13026985076797 -0.284517354333645 0.196599248882738 -0.13083397321199
0.200970258174387 -0.260822916796112 0.244772016743634 -0.216759119633913
0.25114699092558 -0.290659405820261 0.241235370409596 -0.308743534370654
0.261970653005104 -0.35035246539721 0.21663746394701 -0.365350677088246
0.197533054213312 -0.413613610234811 0.0546875142129276 -0.317454920657493
0.0606436114599116 -0.407494765026075 -0.150540758493556 -0.167803004102475
-0.109708523765781 -0.408230824646658 -0.241228946194409 0.0616638929642381
-0.235120519635488 -0.31251678354163 -0.187978631303387 0.165981939530613
-0.287586167012334 -0.198948558015418 -0.0662545370886009 0.245159854900435
-0.331385230835989 -0.170130724757198 0.00847488462665619 0.382893737953023
-0.313721830617207 -0.137290618915794 0.0612059441328585 0.516963449218885
-0.11733752035334 -0.0514711766731393 0.526465329269722 -0.0274763839357013
-0.0776821630625328 -0.116817883813072 0.35805250175523 0.0361786443845963
-0.0194250923875853 -0.113267131586677 0.207423273552967 0.0930081734313767
0.0251282424323221 -0.117139757296842 0.201256688424096 -0.0189891201370411
0.0849317898074996 -0.110675580791569 0.190891478584375 -0.141631629087274
0.12624036734014 -0.111086519973574 0.277924970335698 -0.241173698075652
0.145335880330639 -0.135693631200039 0.323143603300821 -0.361402514957713
0.153809308372765 -0.185193709174983 0.290626129602708 -0.463884470131571
0.126105897824199 -0.225452913944249 0.100898723203785 -0.43709392551451
0.0497281947616305 -0.213611245417777 -0.138939495142384 -0.258384640238397
-0.0558671319339154 -0.212179729045702 -0.247790424096446 0.00738343767199646
-0.135866405221588 -0.16358475628046 -0.166995148129496 0.157071543695566
-0.169226108292612 -0.101088737588581 -0.00860261322498598 0.252460614869776
-0.202547352341774 -0.0907107125848581 0.0884737673224285 0.381824135297396
-0.187090507336205 -0.0859883184304955 0.161832137660694 0.532449933049457
0.0265632166686606 -0.0214773284793529 -0.218175365446092 -0.458210536906005
0.00146533682671278 -0.0441759539585399 -0.184829755589801 -0.338901701089712
0.0192977041963713 -0.0270236218598651 -0.0613083068041966 -0.241042986993123
0.0134035255159894 -0.0342500484031537 0.0976090157061025 -0.128125957758757
-0.00665260126119492 -0.00938058220688808 0.213349914692453 0.00933349038892418
-0.0139766971507348 0.00103304672515179 0.0899204280961158 0.228442226949434
-0.0180128360282756 -0.0226965876655076 -0.138436715600356 0.434010238329191
-0.0210910498356881 -0.0192921303266919 -0.308711267507741 0.463684667966043
-0.0148354451775645 -0.0348678288191715 -0.358606084018311 0.407585264970124
-0.011047325902251 -0.0326152356321025 -0.269412267746579 0.285957497414371
-0.00218535934709417 -0.0212024404879587 -0.198698519130245 0.172654287159832
0.00305884992156397 -0.0205776949072111 -0.176528414736828 0.0503103050993845
0.0206868677430342 -0.00940504883965795 -0.194215986277879 -0.0712183324406557
0.0186897291750372 -0.00972474217143617 -0.297098489136629 -0.0310278711363996
0.0369792655942888 0.00123376864098028 -0.497496560507085 0.0419202970599457
-0.154724329834959 -0.04928312887632 -0.149713516541123 -0.457651956006921
-0.167829975030612 -0.109617844242482 -0.1411086643078 -0.338681805245082
-0.153059784795956 -0.1296369968578 -0.0154520575874319 -0.235073763683154
-0.124355475235587 -0.208885922416625 0.119843871689083 -0.112169067093823
-0.067336131557015 -0.230898597212654 0.213629341343397 0.026960214704951
0.00332304886514371 -0.223220945277016 0.0833247705364181 0.223759859195244
0.0822335518379274 -0.241553704993462 -0.163518899531724 0.396028443069002
0.109245633903372 -0.20838356850953 -0.296018198877221 0.424238269965302
0.10774442774817 -0.195136425585894 -0.343334941011106 0.388940051539122
0.078146207279539 -0.166403075059154 -0.268280257136686 0.285723187060107
0.050546122985006 -0.163986884584471 -0.211736465169864 0.188966589669499
0.03008476418025 -0.153951303638179 -0.194397687547351 0.0516219160437061
0.00525806491383239 -0.136360589536639 -0.222252254552323 -0.061148018096753
-0.0468157317697465 -0.145314999548666 -0.318733972010408 0.00355175457716565
-0.076128301662764 -0.0966062263067742 -0.492372196774698 0.0877432837913121
-0.301041939764119 -0.0839656930356122 -0.0258105053307464 -0.433613437483808
-0.30037646122111 -0.185686285401877 -0.0394815795107772 -0.326235990111107
-0.283196530464118 -0.247086751309719 0.0617138571265193 -0.217065184930655
-0.213827078705997 -0.383447720857368 0.154124470254444 -0.103366321854825
-0.0855866506764645 -0.434601630395184 0.207887990390849 0.0159040885298327
0.0482323305890541 -0.41194721800749 0.0824637503063297 0.164238552615779
0.181662591096252 -0.414761726058028 -0.15058523210676 0.282072707870237
0.224120242614759 -0.368138745127293 -0.234666324340657 0.31833050701017
0.20590654677199 -0.349302539981617 -0.284963612146324 0.326602898561555
0.143097579950612 -0.318368062781967 -0.249138137104418 0.270264049187691
0.0670296514095273 -0.33561141380629 -0.222133003017 0.212817669023282
0.00736410569180898 -0.307928941059782 -0.222478666986506 0.070096089201255
-0.0542431143608832 -0.261153975985296 -0.257061837404919 -0.0185434066451558
-0.141304331738776 -0.255854417252846 -0.330689625779608 0.0791204149908034
-0.192231346653762 -0.172460384550424 -0.448199604836463 0.17356395646159
-0.384511673346124 -0.121695928771659 0.131944155813223 -0.376571632460637
-0.363117167855727 -0.265600275470357 0.096624544722728 -0.285345231960493
-0.328014235289191 -0.356385595172578 0.153936004018612 -0.172538541310588
-0.221265141913527 -0.520888397730904 0.19400387899603 -0.0918754669279083
-0.0444969796694054 -0.568070243963483 0.200892449927404 -0.022827114780175
0.116899640228619 -0.523339151057537 0.0977501613221533 0.0585706024600522
0.265550251764148 -0.510580851747488 -0.0942698239878755 0.11548211614296
0.304351383517185 -0.472331092641542 -0.136387830350991 0.15893601151836
0.261360569579506 -0.478154514326898 -0.196624953242239 0.211325362509787
0.160677447634714 -0.463659904104642 -0.215307521573422 0.213524340341177
0.0258420927276211 -0.49975367666221 -0.223607382186696 0.219987484366282
-0.081909444240604 -0.444865968341843 -0.242094091397089 0.106340279364944
-0.164598095143722 -0.347257856465262 -0.265675480378941 0.0592992309579833
-0.256956002373091 -0.314164291345622 -0.302657180891796 0.182448240682891
-0.297314015052851 -0.210520114137016 -0.359657474978016 0.281763196330048
-0.395302940225129 -0.149420130503784 0.290767023482835 -0.291103390294965
-0.343320500559552 -0.317414623238478 0.229842171407446 -0.207486779448567
-0.279357469637825 -0.413818466154801 0.231454092864569 -0.093736912911936
-0.143159701689499 -0.561684225849723 0.225552270943582 -0.0679283400244257
0.0403492767924652 -0.582129028290932 0.198429724266788 -0.071069970961627
0.190423997654122 -0.520974889147154 0.136280159487526 -0.0609462502538262
0.313428227648689 -0.509600684764138 0.00410618001566624 -0.0611432083314015
0.339764427290086 -0.507807821863246 -0.015570411485838 -0.0272873636783202
0.273753011170412 -0.547182470723796 -0.0999506655502005 0.0445727007209522
0.132538770479899 -0.550337214994661 -0.182685454348059 0.103743687811385
-0.0548201523320671 -0.585687082237875 -0.222455890300664 0.190055875864105
-0.197082598116576 -0.493500471359782 -0.239059231396372 0.143547433854691
-0.277458048625878 -0.357083936845995 -0.22531266426377 0.148852223314686
-0.355379304590845 -0.305543957372316 -0.219980423210682 0.285113628323606
-0.366684932691082 -0.209976518024618 -0.228876069952659 0.384884575656404
-0.340017780405322 -0.152939536137531 0.416088587101725 -0.18654573371117
-0.260810519148884 -0.308467926375566 0.319780659295392 -0.107075913738947
-0.16937749026958 -0.377912588367458 0.259558638842569 -0.00168527419907361
-0.0372997329833955 -0.471334961851122 0.233659545660803 -0.0399235192707919
0.114186987247178 -0.467441476435711 0.198908197807923 -0.108865466722033
0.224808069006609 -0.415318848246271 0.192213985610709 -0.15926909766745
0.309067449820366 -0.425784298181167 0.124427679896036 -0.209054310544247
0.323837478016727 -0.464039397485851 0.107000006701784 -0.212097277487295
0.246392598414843 -0.52623750474689 -0.0142057079708781 -0.144887278112945
0.0884837002770917 -0.53015162584798 -0.162457292794245 -0.0367757081950135
-0.115443068432185 -0.547103585354003 -0.228196693077674 0.130253240215245
-0.260999495071487 -0.437206693670924 -0.215933815201135 0.164671162456399
-0.330666944713274 -0.29373562486008 -0.146892339589038 0.213913203522281
-0.387379539725942 -0.244986644807913 -0.101823663769089 0.3544861128507
-0.375365179646416 -0.178979608022095 -0.0770280734855927 0.466141909473041
-0.238788697030967 -0.119220935254472 0.492580686771268 -0.0895818424915407
-0.159471071875396 -0.233950995138344 0.355444124357263 -0.0164047847620915
-0.0684286401156321 -0.260082354059559 0.238762106114531 0.0664576005228846
0.0274616569319972 -0.294718748232591 0.216977672794689 -0.0207867337377718
0.128377126598762 -0.284023732521686 0.195056975888893 -0.129741901060579
0.199516568356378 -0.259490783043331 0.243488449505218 -0.21585008860783
0.248180012125797 -0.28861252781296 0.238364823345351 -0.306439194240727
0.258592994693127 -0.349127615909826 0.214938706163748 -0.362442679615783
0.194897692680465 -0.412238558994491 0.0538055925260512 -0.316035637342905
0.0611803408416097 -0.406073205150779 -0.150517636010263 -0.167096691439695
-0.112430765005627 -0.406469460590883 -0.239401977932843 0.0622268356435643
-0.234190826101618 -0.30942490081378 -0.186899390458278 0.165241023947271
-0.2863954795793 -0.197709600562628 -0.0662594976270464 0.245092664005677
-0.330575431429579 -0.167766649608385 0.0107673518421225 0.381736663184413
-0.311927749832421 -0.135827155398637 0.0619393695800931 0.513973783705669
-0.116216821120367 -0.0513541731245489 0.520742045550515 -0.0284282546911614
-0.0778655056611011 -0.116370509029784 0.354863113722587 0.0347017934696708
-0.0197412727416525 -0.112839837166739 0.206366955925573 0.0914723729392176
0.024717783258353 -0.116391904700476 0.198901619231329 -0.0197137778292104
0.0839976928093648 -0.11054343741287 0.189096296723741 -0.141038491845036
0.125258276642218 -0.111331346529291 0.275195375970764 -0.239693130739823
0.143547156489192 -0.134669414121291 0.321766992955714 -0.359257567283342
0.152514018325582 -0.184678841934427 0.286847755763677 -0.461585794824126
0.124503193792413 -0.225085705977554 0.0980822482235277 -0.432236813666659
0.0498316074690835 -0.212952884435584 -0.138697433326283 -0.25637391536699
-0.0564247852081832 -0.210823305495457 -0.246081168799382 0.00815014800151667
-0.13569681851216 -0.162193857753124 -0.165693457175936 0.156359788487538
-0.168579154029029 -0.100324763224899 -0.00791150546402609 0.252299091591161
-0.201877975806758 -0.0893588666257634 0.0899626681497561 0.379689281497177
-0.185928883165929 -0.0850027908285569 0.164357869636594 0.529716722710636
0.0258863055026077 -0.021918164726203 -0.219735321039955 -0.456241331287351
0.000937984718154143 -0.0432850567375373 -0.185737181115428 -0.337763464021383
0.0195577517350039 -0.0264911239182125 -0.0609611845137864 -0.240019789561321
0.0131896899127684 -0.0342066907937332 0.0972026390661976 -0.127591380017497
-0.00615753861772098 -0.00863431611092701 0.211637198139329 0.00861939603692546
-0.0141808432960422 0.00124835125147962 0.0898467001007359 0.226979024405653
-0.0182268201942498 -0.0223949629294634 -0.136189439855177 0.431820388528876
-0.0210692345729466 -0.0188802829599375 -0.306386409841696 0.459415384439809
-0.0152590559231184 -0.0346988828095751 -0.355594848480913 0.40502250593448
-0.011416723659669 -0.0318912925256412 -0.267360064591249 0.285068187827655
-0.00223915759146615 -0.0213722135921549 -0.196990147483247 0.172834236765973
0.00294012769030971 -0.0201752142635529 -0.175298832470157 0.051621558616503
0.0204867757745682 -0.00921251456100708 -0.194020733907257 -0.0700557903436951
0.0180034122817824 -0.0102017045253346 -0.294576595844571 -0.0304591742581288
0.0368427448532844 0.000844819958773696 -0.495287697760663 0.0417574291438101
-0.154884122491485 -0.0489944360606422 -0.152769126352792 -0.455836775863458
-0.167880941902495 -0.107985875453359 -0.140909322767756 -0.337224623568548
-0.152322517545311 -0.12886887005699 -0.0156826267770351 -0.233930806264534
-0.125004724947579 -0.207382695380246 0.119193982938431 -0.111843709142222
-0.0678244222097524 -0.229259440265167 0.213597224465661 0.0264789849584087
0.00263656920826847 -0.221585030295286 0.0837978229739057 0.223517182053525
0.0810034158837074 -0.240532277399077 -0.161296330689144 0.395877302534484
0.108039031211862 -0.207922251040363 -0.29481218752982 0.421526188808223
0.105842213066392 -0.194647294505255 -0.341867753285947 0.387223213713235
0.0775565299344617 -0.165459972846198 -0.265377990161018 0.284312606674832
0.0497123164971903 -0.163674884471941 -0.210453308087953 0.188443007575702
0.0308229652120365 -0.153142059033349 -0.193375819487503 0.0515068332052011
0.00497771283493025 -0.136396312145971 -0.222026005110501 -0.0595400200150285
-0.0474018372157541 -0.144325711929484 -0.315336797261011 0.00410583929979964
-0.0757717134084804 -0.0963362484882353 -0.488675746545492 0.0879528037024828
-0.300057608709802 -0.0828176617158183 -0.0276113354158672 -0.432667252039975
-0.299868710719163 -0.185373577710222 -0.0411726410784999 -0.325227504419425
-0.281474514240507 -0.244633693549098 0.0610622434274107 -0.217227613237897
-0.213720484597705 -0.382590294800949 0.152660945283617 -0.102782108360815
-0.0860893929158796 -0.431250924129224 0.207017675116674 0.0156837013055025
0.0475287739942018 -0.410319347169822 0.0828529938417029 0.164268486393764
0.181012091965379 -0.41437810402192 -0.150561803141323 0.281940240971695
0.22194500376186 -0.36661341185369 -0.233260707955048 0.316616442975645
0.205012221898189 -0.347678278446529 -0.283318936713593 0.324750003049871
0.141969698011788 -0.316305512716936 -0.247335234613849 0.268164291036543
0.0662151671998486 -0.333997822921643 -0.22005198110018 0.212864104248674
0.00798688762447365 -0.306169229606783 -0.221822548507063 0.0701686514525474
-0.0542957974518527 -0.260266554205053 -0.256366857754554 -0.0170188232536197
-0.141231457640449 -0.254699685437078 -0.327709412146565 0.07901323305238
-0.191379164974769 -0.17170691257938 -0.445555227455064 0.174873591337864
-0.382802251824104 -0.119056738763771 0.129433057309402 -0.376594740068209
-0.3622963333696 -0.264175575105793 0.0944631854810084 -0.28438539019993
-0.327364236995248 -0.354342755648334 0.1534273540116 -0.171689349398262
-0.221087108194802 -0.520183611199191 0.192319297481343 -0.0910861364477263
-0.0453983491356776 -0.564404807341374 0.200361893496198 -0.022758124991285
0.116156407348299 -0.521017372777482 0.0978139933179062 0.0588867519762999
0.263552643963632 -0.508477478394491 -0.0944021772710473 0.116209200777868
0.301310128294762 -0.470875991370314 -0.135047315618637 0.158769085705661
0.258219027633241 -0.476594923437274 -0.194774597625684 0.209719358231432
0.158861712140024 -0.460830548230484 -0.213845364474484 0.211978787643024
0.0243174401829292 -0.500121334031483 -0.221558862866377 0.2201505900019
-0.0820522824043699 -0.44315987819623 -0.241629253492483 0.10702945383678
-0.163512090369967 -0.346457938513245 -0.265197942960604 0.0607712850008062
-0.256267579482675 -0.312041808465339 -0.299079254476147 0.181896605342152
-0.295979118723727 -0.209406041934062 -0.3565983422094 0.28086492335241
-0.392951474716329 -0.147803148584446 0.287137628601047 -0.291021580450364
-0.341854875403635 -0.315827499353509 0.227320502385287 -0.207071756746027
-0.277602571437738 -0.411646731769052 0.229528879393644 -0.0936745198219375
-0.144258724146455 -0.558701391431642 0.224341118286678 -0.0680765045340826
0.0383080742724238 -0.579882437541336 0.197779089920146 -0.0703124854036294
0.189139512690048 -0.518183176483125 0.135640979989575 -0.0599293223553492
0.31154386482536 -0.507490887671213 0.00228580849682227 -0.0602418983975412
0.336164872087573 -0.505279411647556 -0.0161320656185439 -0.027080415432234
0.270684219917826 -0.54383980973737 -0.0990634012393437 0.0438185143176246
0.130942741462337 -0.547696925489739 -0.181659135307179 0.102165760172515
-0.0557668003980642 -0.58220006143163 -0.220304266148935 0.190033272370231
-0.195429334012659 -0.490708711804317 -0.237976134942969 0.143474344677903
-0.275621979879505 -0.356566853233697 -0.224633694932477 0.149429733308574
-0.354531617924964 -0.303250799182322 -0.216706272334915 0.283997136440497
-0.365541289245088 -0.209005872400808 -0.225957800482995 0.383715076190946
-0.338388210139718 -0.15294887375087 0.413425002308964 -0.188195798524126
-0.260676419847745 -0.307564100138281 0.317604823998397 -0.107418430938117
-0.168440553540152 -0.376353231634288 0.25827620237715 -0.00234999864540717
-0.0378014859350118 -0.469789159698292 0.232280039447031 -0.0393221319259349
0.112204051753102 -0.466073218768606 0.197921048039553 -0.107611381040667
0.223723449806081 -0.41351767062344 0.190867676719706 -0.157775429412487
0.307236655308863 -0.424359043898746 0.121772372817113 -0.207196092597398
0.320560887971124 -0.46349345298259 0.106259005260994 -0.210771084609369
0.243511767043705 -0.524546434715941 -0.0141686952958268 -0.144819651947805
0.0873560966158387 -0.527253658054136 -0.162074703558665 -0.0369908895719803
-0.114605211764132 -0.544819647383432 -0.226364160797354 0.129857543681305
-0.260436770482693 -0.434070000662161 -0.215372548083919 0.164805271790284
-0.328341514876184 -0.294007584876435 -0.147099239733857 0.215238883257595
-0.385592671292776 -0.243744658809521 -0.0996794490012742 0.352658320150901
-0.373502347728686 -0.178655231694949 -0.0751108746104463 0.464069587476632
-0.237381637201069 -0.118092903719075 0.489585612755002 -0.0922059942993218
-0.158574467829862 -0.23296488077854 0.352286724649437 -0.0162011091410491
-0.0684119919802644 -0.25872429178507 0.2386714998138 0.0655394996833951
0.0264816580853391 -0.293956894044664 0.21583047287003 -0.0214884308478091
0.127429435816762 -0.281859159751417 0.1936511288508 -0.128594090768942
0.198451392916742 -0.259329278124089 0.242147339272507 -0.214376129386035
0.247145909254581 -0.287661507987766 0.235895341854745 -0.305479857472301
0.256168534016489 -0.347980550476218 0.212799009674512 -0.361713984502142
0.193440093894997 -0.41103051283069 0.0530183902503673 -0.315527626714902
0.0604832078245325 -0.404137720979317 -0.150153165250519 -0.16642687751573
-0.112609664355116 -0.404645332850735 -0.2381357602024 0.0619574554484517
-0.233803793583861 -0.308201689820514 -0.186168336730981 0.165605669373145
-0.28570472315426 -0.196985500353132 -0.065129604708846 0.245076125247489
-0.329350535776585 -0.165979671028679 0.0119478298226387 0.380201674749127
-0.310136866340103 -0.135671586248378 0.0646129141570674 0.51074242713565
-0.1151590011137 -0.0510089299851394 0.517126586081336 -0.0315058345335785
-0.0778800013278544 -0.114964015467145 0.353569353998769 0.0344103822651691
-0.0193849537771257 -0.112111212552829 0.20583210913324 0.090942587301935
0.0245490929228175 -0.115804574114768 0.197894976505671 -0.0201550589301979
0.0828332225967171 -0.110061290986883 0.187700186654226 -0.139551949494046
0.124630947085745 -0.112030908771786 0.27401032799341 -0.239035125772295
0.142989096205228 -0.134489244819399 0.318968066284704 -0.356187993824257
0.150939005738181 -0.184701029163665 0.285222203410332 -0.459811273353614
0.123361611343692 -0.224773442008043 0.097437860790716 -0.431177983040568
0.0492542025971403 -0.212251297091246 -0.13843998333031 -0.255688278775098
-0.0567615534381119 -0.209563858347266 -0.245317210162669 0.00831710025865349
-0.135045147998601 -0.161027647371912 -0.165097193301526 0.155963619521692
-0.167725508427543 -0.0998926068672929 -0.00761199788865634 0.252283803308595
-0.201321892665065 -0.0886092422556301 0.091742504402825 0.378684549102631
-0.185478446510213 -0.0848276605044339 0.165844055565971 0.527146108615721
0.019711587478182 -0.0273472549749521 -0.311400228428799 -0.421244632889605
-0.0111443694140147 -0.0399125025177299 -0.250477326350218 -0.309403048263277
0.011293111830817 -0.0292234999910957 -0.103502708217014 -0.229693603057525
0.00448839443618664 -0.0371382200711479 0.0772658976553924 -0.146299492037451
-0.00562721240319101 -0.00951726125042539 0.212808999682369 -0.0323547990350468
-0.0102461245904556 0.0037318866970272 0.13080055054099 0.209677363021078
-0.0210685602950328 -0.0140814714742048 -0.0556821345985678 0.44859377998112
-0.0233877939042661 -0.0117972662190065 -0.215889762133158 0.508030803568271
-0.0236999444648342 -0.0267397529534566 -0.278829059104161 0.472714882438654
-0.0199978680135709 -0.0269657542019871 -0.212196698643268 0.338932094495947
-0.00891307055890939 -0.0191013407003106 -0.162731788145189 0.211895776529963
-0.00315502692976447 -0.0215752696058354 -0.165377213684629 0.0877833056544917
0.0162017406213374 -0.0152232826308568 -0.209016681526209 -0.028792318247004
0.0133781416534073 -0.0169038730526727 -0.302524620544046 0.0317870008881137
0.0299718948618967 -0.00918841144017447 -0.488402562418761 0.138039785221381
-0.155219514945321 -0.0203006570730065 -0.249221498416796 -0.443025342557795
-0.185407940881259 -0.0695062698372424 -0.208231436937419 -0.324935311999562
-0.170489312365804 -0.0933259771101941 -0.0586429487548288 -0.247877346962481
-0.161672097637553 -0.173391310484681 0.111485665898233 -0.150246943354856
-0.106394719210074 -0.20917127819552 0.226648658662508 -0.0289275849115493
-0.0348652693302816 -0.213936765316487 0.134541968438685 0.200233209743183
0.0294238493660228 -0.241712131384903 -0.0690481148384285 0.419735161838754
0.0689840450095693 -0.215502613744807 -0.208646427861054 0.469179049261871
0.0651739603230424 -0.200989986152641 -0.267973010085738 0.453458391303905
0.0417186814417573 -0.170853254998594 -0.210469374819727 0.342606109002631
0.0152719979605046 -0.162845909188572 -0.170007069599841 0.233192529226962
-0.00116620748836577 -0.153634357057521 -0.180881914845625 0.0936832639405775
-0.0216656473692304 -0.133650563592117 -0.229823568755349 -0.0126356787000496
-0.0779330411048788 -0.134890723407732 -0.308867903174795 0.0756488625536622
-0.0998731335006273 -0.0827563452761073 -0.465479131477385 0.183827347036718
-0.297651065786456 -0.0261391980606362 -0.124566131531363 -0.450454452779446
-0.325266246031553 -0.118437205924201 -0.105554903001955 -0.340348552492082
-0.314424738314769 -0.178416992923283 0.0219333818800484 -0.258873484544884
-0.281541305661224 -0.320693674705185 0.156399983987002 -0.160326529522134
-0.163184676689662 -0.398176938168049 0.228725366765256 -0.0501390802740731
-0.0270226586561569 -0.40394936812435 0.133280742395738 0.136403395274763
0.0886902980923439 -0.428127903374376 -0.0627016323397181 0.311431129031753
0.152207817475614 -0.389486955766312 -0.168546551401457 0.355518509429565
0.131181109525396 -0.365518426748116 -0.223944144263775 0.382361349762645
0.0764237241084672 -0.328122756426274 -0.193484507284235 0.327672525607428
0.00170669267317065 -0.326108151839377 -0.17260937699426 0.258890810116638
-0.0502544993752419 -0.296722851854592 -0.201760443115087 0.119080739718245
-0.101926850719242 -0.240742457481649 -0.249732321847317 0.0368275408128191
-0.192135335273412 -0.222652717777555 -0.296507377610921 0.15529423017146
-0.226943601435092 -0.132764310040415 -0.39752966917554 0.260575979407217
-0.382062255268839 -0.0461321315348435 0.0451302723519785 -0.429445377476844
-0.399308527714513 -0.18325409633462 0.0413919581514998 -0.328798442533464
-0.378773002864198 -0.274471377250613 0.127755736758859 -0.239511753892896
-0.315785472981266 -0.449028209990028 0.208268674266402 -0.160765941740329
-0.149541543358675 -0.534547128537744 0.222981200124506 -0.0906348573993356
0.0183883861799199 -0.5235751078462 0.136449226020851 0.0284765391393278
0.148739058602919 -0.535271651868754 -0.0280979091648052 0.142915227896648
0.212328024468494 -0.503292176488026 -0.101099022594204 0.181955970145741
0.163180466985799 -0.498972806255444 -0.159321739020867 0.252717022324126
0.0678161253321989 -0.472567753595164 -0.169053796468969 0.268094749073207
-0.0649902671519065 -0.474560127275933 -0.169701043000821 0.265977595921124
-0.160733180402324 -0.411189272244641 -0.210753617090221 0.15806556664588
-0.22169475347305 -0.300938939278721 -0.237386246905371 0.113182319232995
-0.316760784006964 -0.255429847138225 -0.239902033280333 0.252154275723612
-0.336430729021096 -0.147422982099382 -0.281684300141456 0.350421488186622
-0.396865194665014 -0.0709298986217903 0.222828233775331 -0.375562723874881
-0.389745959887998 -0.237404908713328 0.193959276882134 -0.275553559390891
-0.342631608510764 -0.337689360667001 0.225269751878785 -0.174976414886599
-0.249824691704859 -0.501867626520712 0.249343913362746 -0.139466078490132
-0.07324715118596 -0.565222619817173 0.216930180121338 -0.134078995999411
0.0873233638857523 -0.53506746679125 0.154850384606294 -0.0935462462435413
0.193081191089772 -0.546709414105728 0.0371727659817158 -0.0440767161775047
0.238379099640489 -0.545559858138894 -0.0175912345208907 -0.0217497162063742
0.161706534425997 -0.569147013759774 -0.0956505560851179 0.0704607661409477
0.0257253749821265 -0.55062833559521 -0.155760859491054 0.151878356960516
-0.156856823359405 -0.541601583733378 -0.172553544293649 0.234815659730722
-0.27923066626444 -0.43651736542831 -0.198425190637058 0.192834142549639
-0.332781517242868 -0.289209499062372 -0.177011751290274 0.189265063590121
-0.410535280031523 -0.226030891906674 -0.130814165640414 0.334425631956813
-0.402531933450554 -0.131609976616664 -0.128167348813463 0.425740064481767
-0.345276211422255 -0.0841632899453437 0.372881026863034 -0.293647576164467
-0.30904709811259 -0.247131641931623 0.306081862185014 -0.187936911658872
-0.231318360443452 -0.325341039932432 0.274104456709452 -0.0798817122582712
-0.130772415312401 -0.440105604247991 0.259414832277212 -0.100588692833433
0.0194631136086103 -0.469034499075334 0.207393476222544 -0.162742855731535
0.137565114943828 -0.442967315246982 0.189301465059137 -0.196031984981447
0.206884392611426 -0.467966272452877 0.122344042440448 -0.209106772769251
0.230370875274051 -0.502170907652755 0.0680290768064859 -0.224860298145901
0.141645995033824 -0.544794769693684 -0.0461758182307352 -0.134802277617431
-0.0106560798185045 -0.525390464522415 -0.163091832826381 0.00649974243080931
-0.206554833285247 -0.495762204316052 -0.191303359761159 0.174032771878313
-0.331818913259227 -0.370144601310939 -0.171834793235679 0.207933395751016
-0.3702220446548 -0.218388154289633 -0.0879765601738499 0.236798999309394
-0.428671172388317 -0.158174672869801 0.00150649342669522 0.374702380483735
-0.405078165461955 -0.0981965064745369 0.0391905959451629 0.476279729799178
-0.243554876601728 -0.0691805558651236 0.474376572214807 -0.203358412883589
-0.196239343370465 -0.195887759622381 0.358016312687126 -0.0963848857892709
-0.113521521007911 -0.233223677874206 0.264345612813098 0.00416147415118883
-0.0331412708350261 -0.285909363401825 0.23503938619493 -0.0688506024794481
0.0669746196438844 -0.297211415254338 0.190562528598265 -0.171825831928854
0.141423422677364 -0.288336223181668 0.220291443902611 -0.256879926838123
0.177181844776787 -0.326666288957539 0.204920579286627 -0.328031378666178
0.18682651351396 -0.381563615987563 0.145068463463378 -0.392714137258608
0.112428797473485 -0.429891081868745 -0.0110066007990969 -0.32013388323168
-0.0154993889826138 -0.402338358717944 -0.178764690574133 -0.12920757037665
-0.179174639598734 -0.36422447917676 -0.218579158098575 0.107992482042426
-0.283322309127659 -0.25407079752003 -0.145616999451262 0.201681904214099
-0.311226171311804 -0.133909680685466 -0.0049597718787366 0.250934937548091
-0.356834708205737 -0.0930909129672814 0.11453706431047 0.376792520301544
-0.333364930543127 -0.0664541878089047 0.184646646799406 0.497069137649343
-0.115653850754055 -0.0274515844162288 0.516235053176962 -0.139299913897046
-0.0959519875105273 -0.0989930778950014 0.366166615187503 -0.0391325987998993
-0.0385744008030844 -0.104169186777083 0.228862283726742 0.045268896208208
0.00148297335630944 -0.116167153742245 0.204126528432424 -0.059397059652993
0.0580080658407543 -0.124630284499936 0.171338079195571 -0.175378661772875
0.0972899035256008 -0.134232815122231 0.238119561289116 -0.284519814196021
0.109120055527726 -0.16044977372868 0.2643098117682 -0.397364139741469
0.113528812180561 -0.20691791656444 0.196563325712239 -0.502497183521037
0.0783691416371131 -0.240847632955802 0.0124032894049012 -0.447598471771531
0.00903745645917936 -0.216921257968452 -0.187664851485934 -0.226210924077438
-0.0924960156054654 -0.190199546132453 -0.240695181832341 0.0565707387183091
-0.162441365332843 -0.130111169531783 -0.129230062269836 0.188995766972397
-0.180316297173045 -0.0625223403230754 0.0494484076826419 0.249772120691353
-0.216986173215046 -0.0415036591669125 0.185230164460709 0.3597576186855
-0.199831784428961 -0.0396670913579627 0.280986706771667 0.495090381328339
0.0194106991056184 -0.0269217638100796 -0.311383900488333 -0.420787770906987
-0.0115365520209746 -0.0389057334594213 -0.251224449003687 -0.309618332569017
0.0112662115013305 -0.028774261556507 -0.104054900318386 -0.229870447643076
0.00415595751576279 -0.0374579001367499 0.0770849730366288 -0.147128599788904
-0.00578448497330832 -0.00913888723249837 0.212517476036721 -0.0325459832326119
-0.0107065523926226 0.00390089310788911 0.13098000153458 0.210151073991997
-0.0211745832244748 -0.0137324784315077 -0.0559652423350164 0.445743810907573
-0.0240376631993471 -0.0113588836713919 -0.214588553757992 0.506838293013082
-0.0242521520259394 -0.0267566967136104 -0.277765229907148 0.470331086462955
-0.0204062102281386 -0.0269511881721169 -0.211718180817347 0.336990773332365
-0.00902087065729305 -0.0193744835567933 -0.162593835757546 0.211935370760371
-0.00274491176968382 -0.0214695888517659 -0.165207732895936 0.088492072274866
0.0164421765489251 -0.0154088358114151 -0.208681954661352 -0.027229175261376
0.0130558158005376 -0.0168898786199171 -0.301009445203385 0.0320912736533685
0.0298925127795867 -0.00946881769379806 -0.488324524470953 0.137673516968925
-0.155131957312648 -0.0201810064714759 -0.251733874732741 -0.442402564695766
-0.185127722567209 -0.0688537436741608 -0.209164309193504 -0.325272600810287
-0.171011301091277 -0.0927280031682494 -0.0590142665259005 -0.248257947023451
-0.161735193522135 -0.172938956007934 0.110841663949224 -0.150486089386381
-0.106724332664334 -0.208390012196029 0.226233567356952 -0.0287531560152662
-0.0351620905912479 -0.213529551093609 0.134880427647948 0.200291587536434
0.0289355936514957 -0.242068902485872 -0.0686427436909784 0.42102164805688
0.0683839525711031 -0.215692542519943 -0.208917783913835 0.469094154521364
0.0644198735349135 -0.200614043951406 -0.267715873241533 0.450543780415786
0.0412664413845345 -0.170417350908548 -0.210270521488994 0.340880794123903
0.0151627309391929 -0.162449238853176 -0.169747475117102 0.232883934055294
-0.000615561717953786 -0.153249451900149 -0.180771998523541 0.093911488308748
-0.0215748570443755 -0.133653549869361 -0.229088538895108 -0.0105260500401439
-0.0776338062704181 -0.134726929316839 -0.306946495128911 0.07480065598955
-0.0993196117589054 -0.0834608040434285 -0.464525093384701 0.184356704358284
-0.297899563633426 -0.0260340564427397 -0.126901977913325 -0.451747657541675
-0.325833225734091 -0.117992563834136 -0.106377364322759 -0.339181810784004
-0.315261676002731 -0.178656372729854 0.0223106473175179 -0.259026801490256
-0.28291301025796 -0.32016019391675 0.156715102646445 -0.160121542630413
-0.16338838417048 -0.397853591225739 0.228620006463725 -0.0493581221618967
-0.0271330012628155 -0.403533616386758 0.133849397863438 0.137073846604566
0.0886087420095994 -0.426705364627582 -0.0624842382735288 0.311565562978201
0.151069986523259 -0.389093804027547 -0.16826884645721 0.354484848962458
0.131659639833673 -0.365679826076121 -0.223762064709638 0.380886331573865
0.0765290760173639 -0.327588924385611 -0.193065872196583 0.326591951907994
0.000815973765443274 -0.326062889998642 -0.172232464010682 0.258559199408985
-0.0498398471862672 -0.296175572405691 -0.202104965936221 0.119047644120057
-0.101678325765131 -0.241166283750289 -0.249555381931456 0.0386644609488204
-0.191629412625724 -0.222516515441022 -0.295400971260587 0.154589546860945
-0.226670245491598 -0.132855207594925 -0.395618525916222 0.260490253880291
-0.381783635108211 -0.0452316093702427 0.0425797302934489 -0.431037196069722
-0.39989612616323 -0.183394155070305 0.0407227533515953 -0.328594675301197
-0.380145192382567 -0.273933567646951 0.127774785467956 -0.240105892730632
-0.317641138857318 -0.449319153258441 0.207926114925454 -0.159941421877595
-0.150828573702349 -0.534460992777807 0.223767098691663 -0.0897795229446239
0.0195427436959291 -0.52273120532847 0.136641628383772 0.0289719361738792
0.148144865312585 -0.534405082012944 -0.028530846168941 0.143747666314137
0.210003161422147 -0.504535334565658 -0.100812785906329 0.182122940771165
0.161567805073339 -0.498274052136919 -0.159066463412117 0.25134770427873
0.0687479458522577 -0.470607879151656 -0.168967987914193 0.267059554903416
-0.0664149274239864 -0.474794999432825 -0.168619118765352 0.266420769772162
-0.161472495376245 -0.410349511984412 -0.211086693592068 0.158802351320384
-0.222388401399757 -0.302337011695826 -0.2375285745682 0.114981843227955
-0.316162914456272 -0.254200198039545 -0.237612473494708 0.251085320930249
-0.335295948802037 -0.147604150377749 -0.280242353851124 0.349191697294697
-0.394441837674344 -0.0697803777654577 0.220518751612305 -0.376533945049189
-0.390139525916826 -0.23815819991666 0.192928336961393 -0.275103032283441
-0.340948630188643 -0.337396349092482 0.224985094995377 -0.17538999482368
-0.25175788521722 -0.501946033477545 0.249567629252316 -0.138582450699848
-0.0735356768775426 -0.564065643231683 0.217500002857461 -0.133259239949249
0.0875760632979148 -0.53478964126964 0.155437295948307 -0.092980880561495
0.193034596858968 -0.545344687868046 0.0361133366463808 -0.0426587347115629
0.237714904436666 -0.545025393420035 -0.0181151917999893 -0.0217263562585049
0.160436883055595 -0.566829932808657 -0.0953337708516844 0.0693202806168648
0.0278860097734185 -0.550948676666094 -0.156043771874987 0.151491963394777
-0.157600196308086 -0.541292182917129 -0.171396497706468 0.235035525434266
-0.279689199376397 -0.435358882854598 -0.198772319851492 0.193208405451848
-0.333135954305839 -0.290613145402911 -0.17726561673852 0.190716415252715
-0.40974136462862 -0.224495152204838 -0.129657168332702 0.333202391956688
-0.402273535225538 -0.131436312460456 -0.12685836991595 0.42593019858105
-0.344362469493702 -0.083450615348746 0.371085460091805 -0.294055710104528
-0.308838832806362 -0.247048600444703 0.30473496414658 -0.187806368616108
-0.231815959081866 -0.325270552756977 0.274365808097606 -0.0805767283562086
-0.130901301072998 -0.438481451968058 0.258699575374496 -0.100745634339769
0.0170555739653133 -0.468134942894376 0.207589463284827 -0.161073894916992
0.138929914495368 -0.441798813040965 0.188996434758617 -0.195147450366485
0.208203580797401 -0.467504508475817 0.121335153463726 -0.207581001758391
0.229701831869107 -0.502560269572606 0.0681396397183452 -0.223839094747123
0.141266437399175 -0.545253950110092 -0.0464236356740962 -0.135414466039002
-0.0101535006827848 -0.52551934984617 -0.16324064613109 0.00573001671366291
-0.207206409186293 -0.494933164893499 -0.190502737822252 0.174456536189362
-0.330878249469776 -0.369656870638228 -0.171932090807089 0.208057816384601
-0.370582656137313 -0.218580680399369 -0.0872257838956748 0.237923053526012
-0.427698670583675 -0.158199962651499 0.00243814273949052 0.373820330705722
-0.403825219748741 -0.0990948645648277 0.0397818985014447 0.475646993499401
-0.242979279140158 -0.068906520351526 0.471454240747407 -0.204347076869145
-0.196725319091269 -0.195422533128858 0.357494495312418 -0.0959081516757383
-0.113425987445559 -0.233598966958546 0.264398729536621 0.00364270545475666
-0.0333038582762082 -0.285601650290746 0.233666800579664 -0.068167081960812
0.0664217927942537 -0.296334282394964 0.19034913401932 -0.170910963426516
0.141381626373201 -0.289385692007376 0.219988075305274 -0.256989999730462
0.177697989783293 -0.325501719124818 0.205601764683194 -0.326555304886694
0.186132509026125 -0.381702235317479 0.144507361201848 -0.391613336222756
0.111482875176216 -0.430413131430148 -0.0115601084084845 -0.319744640650845
-0.0145640237934205 -0.403013195191183 -0.178666795870423 -0.129053465481604
-0.179658762232482 -0.363387754307158 -0.21829904472743 0.108580843636558
-0.282596515973365 -0.253686289984991 -0.145713834160701 0.202100858931107
-0.311153203988819 -0.134069849807734 -0.00507001075832058 0.252037719464376
-0.356729362809783 -0.0927899439266954 0.1153786325358 0.376747517006614
-0.333160867349793 -0.0656956466603217 0.185826093093994 0.496515046666765
-0.11546274235672 -0.0277748612051145 0.51526148495847 -0.138742094736868
-0.0959693065327575 -0.098816784958216 0.365040588183713 -0.0390283320840159
-0.038946349958258 -0.10368029696516 0.229446405423733 0.0450163636634551
0.00188968403876206 -0.116594145227054 0.20357274041907 -0.0595746619384126
0.0574407223828915 -0.12453353109056 0.171043315631012 -0.174806600495236
0.0962637904894951 -0.134710561499994 0.23716126400967 -0.284152319929528
0.109322572708004 -0.159307627093503 0.264058330223789 -0.396165676041522
0.113126843800844 -0.20624957260965 0.196566930872421 -0.501602460368985
0.0780094540154988 -0.240809542538922 0.013473909653547 -0.445598651219534
0.00968031001267979 -0.216932844559451 -0.188130314698867 -0.226157828605732
-0.0926292809290012 -0.190130031387279 -0.239928371742566 0.0562382577138159
-0.162222521690838 -0.129847967024488 -0.12968290014981 0.189358195705008
-0.180411991393538 -0.062683545874442 0.0493086186495737 0.251343298293307
-0.216359013053629 -0.0405073371736761 0.187029478463022 0.360198009598618
-0.199676032608139 -0.0396508324192724 0.283469177247139 0.494248899543283
0.0193383529271008 -0.0273668275954526 -0.314353997778461 -0.420989844910663
-0.0121002482507617 -0.0385783073293294 -0.252911948425978 -0.309044102773222
0.011316777341843 -0.0282890694694224 -0.105158804980235 -0.231194778982041
0.00412304414781021 -0.0370208868767709 0.0770120889827833 -0.147499207475912
-0.00540158439100401 -0.00885850803309895 0.21215471763897 -0.0330046670400708
-0.0106792575624505 0.00424234192743012 0.131709777401095 0.210856801851914
-0.0220497984820901 -0.0137195834760362 -0.0543990425883629 0.448679192229774
-0.024045912227369 -0.0109078484439223 -0.215114611649475 0.506126222323933
-0.0247842241072943 -0.0267300434649586 -0.276659734463381 0.469496119298087
-0.0209374058567302 -0.0266486667578537 -0.211243129025422 0.337135903366707
-0.00914149286382564 -0.0195846388309658 -0.162616149566592 0.211976206841275
-0.00205895065673379 -0.0214674654788675 -0.164648185557008 0.0889241336706059
0.0164830753855934 -0.0154150981584034 -0.208560813013385 -0.0267103328067119
0.012484626775365 -0.0163281839413056 -0.299812596357071 0.0319186237501889
0.0298350704581742 -0.0107694946851186 -0.488372074701707 0.138895149262178
-0.155527340517367 -0.0202425404303796 -0.253984499608728 -0.443349055355418
-0.186227837791557 -0.0692320702731031 -0.210478725823457 -0.325061782599181
-0.170664965438529 -0.0926900759400921 -0.0597320878009619 -0.249187332216283
-0.162853839534898 -0.172785596841995 0.111139037071308 -0.151021822279251
-0.107032750529356 -0.208693948791249 0.226664783613966 -0.0293170863626785
-0.0349693570153019 -0.213488390751652 0.135318337386607 0.201488650968767
0.0282852361287242 -0.242110149596681 -0.0684174721309664 0.420626747676227
0.0678787091111321 -0.215366380619413 -0.207829973796127 0.467869355977223
0.063623133638471 -0.200240890672212 -0.265574397418541 0.44981657109065
0.0408518553285731 -0.17035321199477 -0.210119352945387 0.339978007956649
0.0149624129395423 -0.16251470180018 -0.16943360574088 0.232463571792383
-0.000480315924955116 -0.153680993960721 -0.180621536005538 0.0947515578563648
-0.022170510927552 -0.134287095402637 -0.229179895384472 -0.00974868620772294
-0.0782044754880729 -0.133789277696798 -0.306261446503821 0.0747742322823115
-0.0997737822067615 -0.0837421082522167 -0.464528418510911 0.185559313546303
-0.297588077560869 -0.0255293639520882 -0.128754235834577 -0.452673439956591
-0.326563192554733 -0.118067901703442 -0.107252388339371 -0.340479497130986
-0.314777192337824 -0.178477940769781 0.0218583555651692 -0.2595671188755
-0.284192098096104 -0.3193637432368 0.157571573341129 -0.160868429930916
-0.164913273921759 -0.397566535295557 0.229357485571775 -0.0496381338328621
-0.0268714340364065 -0.402594670782052 0.134232590247218 0.137455918264848
0.0888871490688041 -0.427109304115374 -0.0630041376261158 0.313071850577358
0.150146214818592 -0.3891136165235 -0.16872471016568 0.354183743197646
0.130018430205012 -0.365577571006991 -0.222466395553153 0.379657723970878
0.0764294331059436 -0.327187881377391 -0.193053709341997 0.325925622383315
0.000895936577310914 -0.32654267949481 -0.17168806605864 0.258805065604988
-0.0495195854414803 -0.296380876187825 -0.202936142984801 0.119910147292888
-0.1019824678741 -0.242070897117436 -0.250007861698781 0.0402798558799725
-0.191992929802476 -0.221298462253804 -0.293969979988637 0.153330597747125
-0.226556452962592 -0.133938728788915 -0.395448123383067 0.261334004961678
-0.381382762738674 -0.0449748114575828 0.0405120630582353 -0.43175131857903
-0.40172720918015 -0.182416102539882 0.0398383589913864 -0.328536331682518
-0.379504736860023 -0.274010511588532 0.127825529724791 -0.240186113343611
-0.317229262530547 -0.44940478320868 0.208142496712103 -0.160662454266482
-0.151538021704714 -0.533607560269056 0.22435330575613 -0.0893407829209728
0.0183647519548718 -0.522201428553268 0.137540097280952 0.0294541452158828
0.146946669490119 -0.535621187567436 -0.0291002895109436 0.145147339752341
0.209324449450971 -0.503661103880171 -0.101072582236403 0.181705188574752
0.162023850725229 -0.497855592984417 -0.159193017340445 0.250120337014699
0.0681317197416941 -0.470614058724883 -0.168919110391427 0.266529405737066
-0.0684447242220193 -0.47558189438684 -0.167537798539904 0.266716548677643
-0.160161542320119 -0.41046232499353 -0.211219597881197 0.159167256872452
-0.222875413046509 -0.303822509792287 -0.237945751012162 0.117042723662153
-0.315388953493823 -0.255498142116706 -0.236720915323483 0.250851535992088
-0.336046948708711 -0.14834254781338 -0.27982544399774 0.349549121575838
-0.395396779447573 -0.0696207872958035 0.218081613852679 -0.378088864302612
-0.390119371570106 -0.237365439243456 0.19148449708771 -0.275472155832317
-0.342688540135864 -0.338532275227025 0.225563216354733 -0.175319701143016
-0.251455306240852 -0.502942241076491 0.249033294558595 -0.138876459708703
-0.0750292612535339 -0.564364162591136 0.218159691962278 -0.132186143416209
0.0868446433617757 -0.53459679708438 0.15595887571484 -0.0921572728526553
0.193328520681442 -0.545121798847681 0.0349820056816352 -0.0419916389438935
0.235444033476578 -0.545876821497752 -0.0183301975957356 -0.0215201286347752
0.161242974116668 -0.569002015759442 -0.0961647129994819 0.0685863269912097
0.0276069704594922 -0.550418462084278 -0.156256827381026 0.151243511609043
-0.15739490618096 -0.541329046454942 -0.171196381424573 0.235093240593488
-0.279615836568935 -0.436874330912264 -0.19932925593525 0.194035586001764
-0.3338984351206 -0.290467750928636 -0.177087494231728 0.192574394107727
-0.409408040522682 -0.224032620089916 -0.128512058566638 0.332574205232174
-0.402696137437441 -0.131530061300854 -0.125904251912963 0.425515411883024
-0.343889692727926 -0.08253648794061 0.370501653501033 -0.295030006478429
-0.309731040388111 -0.246621475478016 0.304566697755783 -0.187809628496378
-0.231697738368432 -0.325891313153954 0.274430356558057 -0.0808492252383685
-0.130604940142007 -0.439685869591232 0.25753726495273 -0.101436279601961
0.016558647616073 -0.469446426647889 0.208102751575807 -0.160705947759848
0.13834457076688 -0.441737717932218 0.189148706096742 -0.194840788925911
0.206240817473477 -0.467066260744177 0.120203119462177 -0.206889033526333
0.227824309309315 -0.502835947071556 0.0668873625261288 -0.223622340073184
0.140164001586777 -0.546873871887166 -0.0470197517804736 -0.13628622721812
-0.0100416177626134 -0.524600972635072 -0.163910962357234 0.00603369183733152
-0.208824118884658 -0.496053155764641 -0.189645227808264 0.174792021974627
-0.331017885676319 -0.369049427837797 -0.172759129189385 0.208763413313699
-0.371424116253442 -0.220380591888703 -0.0874446046836535 0.239287088749617
-0.427984058909967 -0.157036783267361 0.00381417657198845 0.373574407839578
-0.403919914082371 -0.098756222009279 0.0425807101799589 0.476406146385785
-0.242449922570084 -0.0694694044165862 0.469329912672628 -0.205237398418574
-0.196995295172055 -0.195781384557495 0.35657741032592 -0.0969312698507513
-0.114098016350168 -0.233625704952801 0.264838041733671 0.00341068552050274
-0.0338019263589279 -0.285571677166534 0.234105680052965 -0.0689970724233811
0.0657177565801726 -0.296913462668928 0.190776088252069 -0.17009823967285
0.141070791038534 -0.289282385951364 0.219915715885465 -0.255498501615752
0.177993611754098 -0.325078118769787 0.203537677295039 -0.326968105375616
0.18546520089925 -0.382352324436519 0.143127073561769 -0.390830200972432
0.111560515911014 -0.429980672158299 -0.0124818554979911 -0.320375157944791
-0.0141224121111858 -0.403154277383209 -0.179339061477607 -0.129837193748604
-0.180395946315703 -0.364685411191948 -0.2176785766397 0.108159317863307
-0.283053647749246 -0.253929288642608 -0.146099007452468 0.202824927688509
-0.311872764426769 -0.134834615229898 -0.00475966241425083 0.253558160268268
-0.356684031405362 -0.0913690176341732 0.117379165933909 0.376484956286312
-0.333648656860763 -0.0665539296055991 0.18878083871648 0.495800943804061
-0.115360220781212 -0.0276156999043505 0.513358031594726 -0.140925878587384
-0.0961079880151348 -0.0989171314848735 0.364898386565144 -0.0393903160878969
-0.0388286340246413 -0.104371326359862 0.229661313721818 0.0449355338058472
0.00135895472542846 -0.116442466922194 0.202703763371421 -0.0594484060681724
0.0564516280490508 -0.124490680058609 0.171097576548802 -0.174126725615982
0.0961040090254526 -0.134776907648272 0.236928861979131 -0.283876012616764
0.109765295961594 -0.158852234226978 0.263531383624726 -0.396345227519119
0.112194132608841 -0.206302078319707 0.196506056562623 -0.500242770697569
0.0777872261530515 -0.24093067652513 0.0116780476413776 -0.447358970099878
0.00981991135758971 -0.217803704658821 -0.188441598162508 -0.226036473659002
-0.0932501127611274 -0.189866932734902 -0.239378886113683 0.0562828624882645
-0.162150256530584 -0.129921931712636 -0.130322673330928 0.189893632104182
-0.180325106708384 -0.0629049838647016 0.0495811144234055 0.251817565546798
-0.216492266899897 -0.0402872660904044 0.188067360044963 0.359554852329415
-0.199758574945753 -0.0393156183508956 0.284417108109127 0.493572816259165
0.0187484460543819 -0.0274656843550276 -0.317114869994389 -0.420729960827499
-0.0116563919096484 -0.0377479015369726 -0.255468099777965 -0.310256330517849
0.0114633175014537 -0.0286545378523714 -0.105812884690651 -0.231614518045091
0.00393119511649851 -0.037089295149478 0.0772088756689028 -0.148441052239792
-0.00497970629273049 -0.00854635970980217 0.212210840097256 -0.033529229003745
-0.0106726047727608 0.00463356739655442 0.132421873467118 0.21215830514194
-0.0222155596195933 -0.0137084304272396 -0.0534076565365165 0.448711922183796
-0.0242562523997417 -0.010557666187623 -0.216241080672146 0.505688432260855
-0.0255052826856589 -0.0262414043445972 -0.275209721377202 0.468802861715777
-0.0216782325409247 -0.0268238259556666 -0.213059242878792 0.337526460198481
-0.00925942644257565 -0.0200729507768623 -0.162114005835304 0.213117908646276
-0.00186628993168258 -0.0213777902638675 -0.165005406094375 0.0900933643587002
0.0163835900404307 -0.0162831282031311 -0.209104401156209 -0.0250636701406469
0.0126435967017187 -0.016424465152693 -0.299382336356719 0.0324746475015508
0.030205808109298 -0.0107094124480105 -0.487686158880769 0.139728124227261
-0.156168292203729 -0.0196312327118777 -0.257020231592436 -0.443509496190331
-0.187038464478514 -0.0678170192860446 -0.211689105739287 -0.326421732685781
-0.171439034605051 -0.0923812871533427 -0.0608162015223985 -0.249670207737877
-0.163487848932861 -0.172204821529143 0.111568379292565 -0.151728899661551
-0.107228989234765 -0.208397910629988 0.227010840567837 -0.0292088577027215
-0.0356409044206979 -0.213405075433624 0.137124558648787 0.201949708502803
0.0277845535403405 -0.242012905573514 -0.0678559340155591 0.422457475009498
0.0676292388764526 -0.215821996061212 -0.20916102263232 0.468223235343075
0.0630627109370263 -0.200976024593939 -0.267009873442904 0.450504806624614
0.0408139059668662 -0.170608348047938 -0.210282778942494 0.338994087179639
0.0148473504069256 -0.163509529756283 -0.169123565179934 0.233233595357846
4.63784910606979E-05 -0.153365426236406 -0.180791605782524 0.0952049688157911
-0.0221954584745208 -0.134844118518967 -0.22973358307034 -0.00810504332675474
-0.0781796504499658 -0.134068680628015 -0.305028799929943 0.0748351702230507
-0.0996162104888883 -0.084227193928204 -0.463908974745595 0.185769818223587
-0.298225609782851 -0.024409752637282 -0.132048877377777 -0.453768355849749
-0.32841773997404 -0.117766070824671 -0.109383213471485 -0.340547330018952
-0.315551970322442 -0.177673376438607 0.0211183908426619 -0.261212757231852
-0.285660606563331 -0.321269232783385 0.157494007719615 -0.160919307183027
-0.164528731037862 -0.398026200843224 0.230455414981122 -0.0494927322477472
-0.0289585364610635 -0.403491983015183 0.135195490471019 0.138514839540289
0.0869548334501102 -0.427825427592856 -0.0628439938617983 0.314635483845041
0.148620226112539 -0.389888837304513 -0.168841910061324 0.355107170241434
0.13021018570851 -0.366598895072199 -0.223815252189494 0.38003341285117
0.0755316743021307 -0.327365900428193 -0.193837343900128 0.326242116620204
-0.00100802300255024 -0.327243136086369 -0.170953208049881 0.260409530627768
-0.0494406816977998 -0.297085305359638 -0.203260810385408 0.121112140138782
-0.10322861330154 -0.24257601869125 -0.250622742904747 0.0421913353739446
-0.193168010390418 -0.221725586996816 -0.292724907314815 0.15421216523161
-0.227258603397372 -0.134396991458149 -0.394758800059647 0.263048142540375
-0.381404636224884 -0.0439504586860249 0.0377864357955225 -0.43344603546089
-0.402967762112246 -0.183017314352034 0.0378941329924677 -0.329190503768657
-0.38052868700465 -0.273816079190027 0.127489510978088 -0.241293502774065
-0.31925602323694 -0.450368993970136 0.208653642593841 -0.160947629412438
-0.152187329381477 -0.533877033772527 0.224963770390884 -0.0896520488101449
0.0165493093898261 -0.523977372001541 0.138240513399122 0.0302544743293547
0.147264869942323 -0.535520617665534 -0.0299599857826042 0.146640026150423
0.207257034956437 -0.506953217275454 -0.101462723971354 0.18207776043868
0.161331582219946 -0.499298266570004 -0.158291479197203 0.250399670806785
0.0688081245794973 -0.471076716344691 -0.1693356894573 0.266407609501691
-0.0694463749231562 -0.475774383820877 -0.167921187819435 0.267403636170485
-0.161192230264433 -0.410692305055068 -0.212436929723613 0.160693011317609
-0.223327478468981 -0.303806978329658 -0.23813268853607 0.119008610927023
-0.317767421937718 -0.254138505233537 -0.235278557070014 0.250639151928377
-0.33654628356518 -0.149642756802367 -0.278449771707112 0.351315557369269
-0.396160510049547 -0.0684584503900435 0.216154377043972 -0.380092103620735
-0.392118803283547 -0.236899800002791 0.190777596511248 -0.276116185271431
-0.344265679513988 -0.338589611223972 0.225801881388939 -0.175877425619042
-0.254456177039586 -0.503109293600077 0.249738358934889 -0.139370317223671
-0.078300695857465 -0.566967668482371 0.219785060596656 -0.132247793449307
0.0865673869928799 -0.535933522699831 0.156374930613441 -0.0923295369916698
0.194024209984105 -0.54641921927372 0.0342153486701507 -0.0404464990616027
0.235286614949057 -0.5478008528686 -0.0186235588021345 -0.0215627161764975
0.160517786149291 -0.569564825383014 -0.0960619841330409 0.0679165190917356
0.0267242111373939 -0.551119677936493 -0.156533452153945 0.151565772896387
-0.160697326097558 -0.543424328062458 -0.170372637363598 0.236093835513074
-0.280784455676183 -0.436818744056756 -0.200457102071676 0.195756745290385
-0.334892409231538 -0.292662333195801 -0.177809682135926 0.195316050832561
-0.410983872934564 -0.224848917474722 -0.126867187779314 0.332078689504348
-0.404047382874092 -0.133265408592284 -0.124472369722053 0.427573384767177
-0.344163638039517 -0.0813242554174093 0.368915877679364 -0.297816248311488
-0.31014461679493 -0.246649035418955 0.303750799097869 -0.188762026000727
-0.232858154617354 -0.326003259852971 0.274552243097683 -0.081557033324861
-0.133003268720555 -0.439044191046652 0.258849686554198 -0.101647386304127
0.0158403176205883 -0.469855135354817 0.208749299879983 -0.160477094433297
0.137963646633254 -0.443000569887178 0.189289132771268 -0.195124622180802
0.207565030876259 -0.466921550448626 0.11925390365233 -0.205967482504106
0.226246579049748 -0.504882531412662 0.0675907363151273 -0.223758811171782
0.14004699657262 -0.54750374667491 -0.0474656187534281 -0.137099489166803
-0.010568258076742 -0.526017497691363 -0.164880423050843 0.00592646348821525
-0.210021209776731 -0.497699198059569 -0.189457174704829 0.17525038408295
-0.332372145772435 -0.371272115203876 -0.173563195068737 0.210507301054742
-0.372712952633545 -0.220236323088968 -0.0873701356115049 0.241467845322442
-0.42834220410357 -0.157495030539379 0.00507948357823004 0.37361273583437
-0.405169584598014 -0.0984872149276041 0.0441297951755477 0.477145355670653
-0.242927192933307 -0.0687773021582052 0.470403286385625 -0.206689293066284
-0.19800106389212 -0.196311839443564 0.356422417607319 -0.0972877401027245
-0.114134128446735 -0.233901745836862 0.265259075630451 0.00312904121192811
-0.0347828440020265 -0.285771506821827 0.233535229651677 -0.0693055882509673
0.065478387535826 -0.296887023521641 0.191178027434567 -0.169915463347086
0.141315217557238 -0.290401693879928 0.219642770871538 -0.255701482798859
0.178162392060471 -0.324542354780841 0.204548604672342 -0.326874895180887
0.185295122620192 -0.382679210206707 0.14400504866805 -0.391101132787082
0.110471121342145 -0.432317059738616 -0.0135328793347451 -0.321498134238306
-0.015169717230218 -0.404001228973014 -0.180379489360961 -0.129861232325575
-0.18060511762113 -0.365401775654397 -0.21771997276908 0.109500846393326
-0.283951306721963 -0.254229591415272 -0.146629645991308 0.204090347724459
-0.313292091384169 -0.135399594420021 -0.00409952570172142 0.25611932970356
-0.357951339784161 -0.0915286239722611 0.119399679168493 0.376899554246086
-0.333681308382014 -0.0663061478638486 0.191201451455676 0.496670004659404
-0.115296431229932 -0.0278912792027807 0.513231355900295 -0.142814961508886
-0.0966346100367608 -0.0991055506992422 0.364916723991871 -0.0402180641038074
-0.0388061880737752 -0.104810751398358 0.230105987614543 0.04435411093208
0.000892029213951678 -0.116454712900915 0.202882857304997 -0.0603269969013168
0.0569469024151047 -0.124997297494527 0.171591950912663 -0.174212240102488
0.0961323371019245 -0.135712423178359 0.236543871937381 -0.284238639865452
0.110264865830896 -0.15914004748231 0.263127777903512 -0.396978585914964
0.112790133874134 -0.206537384150068 0.196344654714779 -0.500858820635714
0.077237164722618 -0.24189792904029 0.00944761479934844 -0.447999754341934
0.00986621598704038 -0.218656099148762 -0.189836478776481 -0.2273074693305
-0.0935515744992234 -0.190248978108705 -0.23977322485007 0.0563832010315913
-0.16239139800949 -0.129774190270325 -0.130496038805386 0.190833070224607
-0.181264081841108 -0.06347932880389 0.0499132821976749 0.253263203132517
-0.216364952376533 -0.040147660783411 0.190499295477482 0.3610846785776
-0.200327341693332 -0.039312541354714 0.289003878761486 0.494714877375652
0.018742276096957 -0.0279544551708074 -0.321405108387676 -0.421772886818045
-0.0125276204757049 -0.0372198833831561 -0.257723616495111 -0.311411141774649
0.0112179179864244 -0.0289037227634636 -0.10757633247557 -0.232478056518289
0.00365997545872969 -0.0370571836388283 0.076971344184102 -0.149766621663519
-0.004944080176737 -0.00839091750412527 0.212176541823857 -0.033785323537037
-0.0109131604181443 0.0049518570319466 0.133744548479802 0.212912172061392
-0.0229665520649355 -0.0131889526639996 -0.0520284231492832 0.449509892264142
-0.0241911367045971 -0.0108527262241492 -0.214921543779891 0.507022509201004
-0.0257984174303811 -0.0263027252721212 -0.275777306094423 0.469039532158998
-0.0215196771787088 -0.0266486618039046 -0.211147407734521 0.336574371317105
-0.00961597699884737 -0.0203927686157518 -0.162162979767334 0.213598849731073
-0.00166875442832589 -0.0219689431596083 -0.165130773801722 0.0915592343442045
0.015961153650724 -0.0169109377617246 -0.209638525364976 -0.0237510678795389
0.0128130444302531 -0.0161990302882431 -0.299353381733817 0.0325675380753735
0.0301726419832549 -0.0107421884365728 -0.488960572979912 0.142562371136125
-0.156611911188532 -0.0197717867562669 -0.260684402907591 -0.444626590932751
-0.187953091224769 -0.0676761393540502 -0.215035225491605 -0.326748065648168
-0.172160087746206 -0.0918805013068678 -0.0616084525745486 -0.251123657028065
-0.164948936260838 -0.173146904736354 0.111895332534229 -0.152539051153665
-0.108292297084827 -0.208718493803354 0.227671866889842 -0.0300472507787552
-0.0364088119506311 -0.213883402079405 0.138016357672059 0.203282981857223
0.0273631959967673 -0.242569295430642 -0.0663424893866973 0.424927617764649
0.0666456983239226 -0.215961561871312 -0.209032857601454 0.470813863557151
0.0623573526425598 -0.201283865951006 -0.265527287758246 0.45126294109095
0.0403927087197127 -0.170572862746691 -0.210273196495992 0.339827798078494
0.013591187575896 -0.163917946475663 -0.168974251568538 0.234337300964178
-0.000115910041970643 -0.154766666062052 -0.181334884999904 0.0969103813898935
-0.0227169501141907 -0.135395402457078 -0.230928472325425 -0.00661034980091534
-0.0795524385633883 -0.134539231425785 -0.304983717847507 0.0756628463300286
-0.100268953286054 -0.084818798853486 -0.463649389414005 0.187139395672075
-0.299099837211982 -0.0238261153984079 -0.134527402775406 -0.45588383111958
-0.330030339310113 -0.116990718672017 -0.110881315187464 -0.341562518828789
-0.317682005336761 -0.177697987703357 0.0205695189775523 -0.26255082310913
-0.287000058129542 -0.321035312244544 0.157341138551425 -0.16217099960372
-0.167669924856462 -0.398292587070903 0.231070381972936 -0.0502559563239421
-0.0296005916082649 -0.405416397545709 0.137227868656764 0.139069546969258
0.0861687655279854 -0.428949500537041 -0.0626203356468059 0.316470090448025
0.147237997795545 -0.392355304493535 -0.169081253523046 0.356137712071883
0.128365908471434 -0.367806321140332 -0.222893445916542 0.380041162693056
0.0752895472669033 -0.328385480491915 -0.193946175150238 0.326486608315524
-0.00197917462562263 -0.328643233309612 -0.170655491323301 0.261763451937306
-0.0498041235458219 -0.298009071490954 -0.203989494978599 0.122484787778334
-0.10358606107842 -0.243989889891224 -0.25125504190852 0.0439967031411684
-0.194069613756058 -0.2220752237715 -0.292377122446767 0.154869725181253
-0.228543850161007 -0.134980932920588 -0.395531216910956 0.264680648756031
-0.382540056250749 -0.0433255999323983 0.034988915054367 -0.435475872682613
-0.40431473035018 -0.182638009079744 0.0364925625523496 -0.330881889049952
-0.382843859352301 -0.27409637424587 0.127285685662291 -0.242859254031526
-0.322193375987588 -0.451076974144752 0.208692032824585 -0.162296931760645
-0.154786098455567 -0.536552891889928 0.227217591600309 -0.0900024087907219
0.0170685243620005 -0.525777853638219 0.139605863857257 0.0307422301575126
0.147065327992554 -0.537357821962507 -0.0302117684377527 0.148286742142347
0.206139113273 -0.50788018110376 -0.101539261958819 0.182341726312257
0.160981079411548 -0.50158129787416 -0.159419700516955 0.250708625058144
0.0672589637208149 -0.47333548231936 -0.169779883033517 0.267748526825776
-0.0705062309359738 -0.477930676340111 -0.166750164302882 0.268798239356622
-0.161780881040998 -0.412775335859145 -0.213392809646281 0.162011720108852
-0.225320494469467 -0.305868938272564 -0.238631977211054 0.121368548142252
-0.318991125569853 -0.254110222950082 -0.234416081547889 0.25140558745556
-0.337709671410694 -0.149571880950594 -0.277733952630008 0.353388520243658
-0.397355257940788 -0.0677653084190665 0.214829536155564 -0.383222593008411
-0.394571856608106 -0.238460319187768 0.190012838296065 -0.27746652597862
-0.346214461899242 -0.339555189832651 0.226837748883273 -0.177787212542075
-0.256253891834987 -0.505459166118323 0.250245110704597 -0.139509329273135
-0.0786204541022722 -0.567413796001938 0.22034850736495 -0.132744926447545
0.0857891014134759 -0.538089387531989 0.15698044998572 -0.0921610052289118
0.193326741236227 -0.547439514686018 0.0333700478424787 -0.0393784118330089
0.233402119576893 -0.548840148723093 -0.019099239733371 -0.0213375999535236
0.158580733956389 -0.571403821513046 -0.0963883416680057 0.0674056544262048
0.0269842960795942 -0.552916590974188 -0.15753324516971 0.151812356711848
-0.162781114320366 -0.545210498689721 -0.169980653463516 0.236943743093906
-0.282483310040366 -0.437619891057318 -0.200794458264943 0.196810759079952
-0.337218906831207 -0.293982515336278 -0.177041429067121 0.198382141092822
-0.412207922411824 -0.224318062065206 -0.124811124613413 0.332934700737096
-0.405404473668804 -0.132822749422899 -0.122025370617138 0.42928143932795
-0.345571502675307 -0.0809923384158349 0.367397063937611 -0.300124110262287
-0.31384981453086 -0.247388623518178 0.30402347806119 -0.190522299682595
-0.233834216450716 -0.327809612006533 0.275306306850979 -0.0820492950881229
-0.134895011559619 -0.4420637107872 0.258851797354366 -0.102214485785108
0.0146436025706678 -0.471934337302186 0.210013448518136 -0.161050235286323
0.136702735816545 -0.445682866101856 0.190130877550426 -0.195309959751878
0.206402643542162 -0.467993701192357 0.118894597752297 -0.205928727208021
0.22591995751874 -0.507228780986973 0.0664889591002481 -0.224073219889117
0.13836129017874 -0.548349077528961 -0.047607064557504 -0.138191824126734
-0.0108687985059354 -0.528219547938793 -0.165545454652543 0.00599898910020334
-0.212625335368456 -0.498782452633397 -0.189090155707154 0.176224800593053
-0.333616198338951 -0.372302857250071 -0.17455271422937 0.212216746136075
-0.374752047960281 -0.221484848204686 -0.0871557456003099 0.244268178222707
-0.430166757257764 -0.156388968383048 0.00776003190419008 0.374107785766608
-0.406145853272156 -0.0991927638359898 0.046883822240112 0.478488431641417
-0.24372822712605 -0.0680106981769116 0.469149097785588 -0.208278971321261
-0.199632688363272 -0.19645613118589 0.357109617153095 -0.0989478728501632
-0.115203883534023 -0.234692126792047 0.266732159429728 0.00242725568149657
-0.0363100451686643 -0.286843481985659 0.234309396244559 -0.0700131722967712
0.0645701551240808 -0.298304300440692 0.192245524815673 -0.170263590007908
0.141021197485186 -0.291400092883916 0.220155196937415 -0.257227075215486
0.178711002329023 -0.325487087457611 0.20354820151129 -0.325972986964067
0.183498992209054 -0.384909050387789 0.143354834057649 -0.392114289223428
0.110091104545704 -0.433596757621117 -0.0143531794454245 -0.322617953397233
-0.0153221233349761 -0.40709297287983 -0.18163863656279 -0.130663431415569
-0.183926216779274 -0.365676163266523 -0.217530971496815 0.109443491827585
-0.285232737384215 -0.255147699334317 -0.147741543275548 0.205365124520878
-0.314794561478686 -0.13527588248114 -0.00335736694477484 0.257136111082436
-0.358548981298165 -0.0898973721632222 0.12140129042741 0.37768252321544
-0.335394084372305 -0.0664232149564841 0.194120433801798 0.49861490918505
-0.116019386257414 -0.0277398836267628 0.513600846851537 -0.144148674718166
-0.097816914697284 -0.0991522293979649 0.365771237956768 -0.0409991855410408
-0.0391487023588754 -0.104532502330941 0.231068101967602 0.0441386600373493
0.00106489549560883 -0.117138186018654 0.20264421501041 -0.0610022812394082
0.0559388240951039 -0.125489542264635 0.171934325195674 -0.174739650578936
0.0961675604379944 -0.13677153293468 0.236862972581764 -0.28482130791313
0.11013002851666 -0.159327946134248 0.263213451386699 -0.398253126897997
0.111596929277281 -0.207344840920086 0.196270874798915 -0.501653611626974
0.0766278980337564 -0.242729088554241 0.00826054046094566 -0.449864649692173
0.00937016397406221 -0.219716064241089 -0.191447845194984 -0.227783773871141
-0.094717173992812 -0.190291778125726 -0.240256062765739 0.0571777815732801
-0.163456272779337 -0.129627339608472 -0.130617641200046 0.191939140414673
-0.182429742486174 -0.0634869819065099 0.0515556061253209 0.25491357806553
-0.216835061658142 -0.0393751065411339 0.193002308810818 0.361991707282338
-0.200989860152492 -0.0391391393540503 0.294170810588738 0.496166242740817
0.0184145002033315 -0.0276936648676468 -0.326139717078694 -0.422851781696399
-0.0131704171940464 -0.0366671210786742 -0.261312729021898 -0.312532400073839
0.0112143645772593 -0.0281637381702751 -0.109582415103798 -0.234406979763614
0.00324930283406851 -0.0372505195973116 0.0774258599819874 -0.15108336622908
-0.00482556090422879 -0.00813550349536247 0.213013486003952 -0.0346289246750182
-0.0110450828996844 0.00553286341883085 0.13573928919322 0.21409861499885
-0.0235274332629025 -0.0133717514127832 -0.0501659877014703 0.452329533825478
-0.0249019343066216 -0.0103970592508899 -0.215416705322217 0.509596558863741
-0.026587115096619 -0.0261780626278343 -0.27549374989098 0.470835361821144
-0.0219729128802179 -0.0263333336114425 -0.211157315934976 0.338299145247397
-0.00954973375723648 -0.0211965671575528 -0.162397288852407 0.215004366250278
-0.00172115650258042 -0.0221418627691707 -0.165602423783318 0.0936032853372331
0.0163844625221061 -0.0167486793324517 -0.210358022933571 -0.0217645980079875
0.0124890445257464 -0.0163846759932614 -0.299701414540276 0.0333410936365778
0.030520264556877 -0.0113943117721615 -0.488855808871036 0.145314207473761
-0.157453752110624 -0.018444792976246 -0.26468644760111 -0.4456380005657
-0.189656350420376 -0.066417704255671 -0.218358634686823 -0.327970969090067
-0.17392038018663 -0.0916536011985435 -0.0633561773356141 -0.252550994751019
-0.16676435933653 -0.173279681620397 0.111926256836526 -0.153736682777458
-0.109523341136799 -0.2096088443824 0.22935171776584 -0.0314264557175667
-0.0378930246204804 -0.214331921317175 0.140087141905918 0.204146201808997
0.0264636309500179 -0.244010119824646 -0.0646528212180549 0.427004982045357
0.0656579292503253 -0.217321133004325 -0.208523234628444 0.471347466881179
0.0612713677903448 -0.20237726213728 -0.264966155215461 0.454177174052594
0.039266460390609 -0.170993121486572 -0.210079814078816 0.342025235682852
0.0134343129675627 -0.164858306402186 -0.168981305317868 0.236429145976196
-0.000192683747350991 -0.155186604915327 -0.18237875707043 0.0988861764432806
-0.0231735803108119 -0.136894948330864 -0.231980225122704 -0.0041989287677219
-0.0801784274503152 -0.134289719225565 -0.304725704428015 0.0769479059078684
-0.100592315364793 -0.085210999230628 -0.465045905120693 0.19058040293602
-0.300499086432371 -0.022616720358317 -0.140086252651265 -0.458409622872319
-0.332718902643784 -0.116315418521301 -0.114358912239015 -0.343006357683508
-0.319609483017274 -0.177290497523811 0.0191367398311388 -0.264126452343189
-0.290108639760604 -0.321199320422628 0.157263813056376 -0.163733402232217
-0.169258294571276 -0.399811251721436 0.232396024833453 -0.0515270555399438
-0.0310588638374127 -0.406099248215916 0.138599512894247 0.139934086367003
0.0857596538669329 -0.431967202681387 -0.0618774765382467 0.319143267704829
0.146838661631978 -0.393094956432312 -0.16829369711708 0.357305099351603
0.12774065299215 -0.368830314048064 -0.220677541220191 0.382860236599384
0.0744297749320917 -0.32953288581222 -0.193538963535489 0.327485612078711
-0.00379896472768454 -0.330095521973698 -0.170189686786871 0.264176624343429
-0.0508408696856183 -0.299263388667202 -0.205158777022153 0.124361019623118
-0.105655737362819 -0.245185497631228 -0.251499045087435 0.0468249192870896
-0.196188638137344 -0.221920386190416 -0.29101492838487 0.155756406119169
-0.230046579328472 -0.135175207069173 -0.395671227146433 0.267927118887144
-0.383954712320263 -0.0418711316842451 0.0307680823967086 -0.439307226121433
-0.40840885339393 -0.181458336158868 0.0343424270298469 -0.332440329112481
-0.385735430227017 -0.274548635550038 0.126750965400299 -0.24452243204619
-0.325496915360039 -0.451612080343593 0.208886112948478 -0.163843221879889
-0.158432150685806 -0.538173159021629 0.228433237249427 -0.0918347126091066
0.0156546882922697 -0.527862329907577 0.14146201822441 0.0306512938403499
0.14408085160041 -0.541098366586992 -0.0301392172977303 0.150123969459267
0.20391845872848 -0.510718727434771 -0.101241183027975 0.183712234445508
0.158338618525576 -0.50379470707143 -0.158245864465284 0.251426663559901
0.0669135727153301 -0.474918066453726 -0.170155890090627 0.268010434936224
-0.0734183227100041 -0.479658466214167 -0.166242677757633 0.271659579662092
-0.163704485534034 -0.413335262270584 -0.214700596796236 0.16435754361878
-0.22877308724417 -0.30676022938897 -0.23898753732823 0.124180278984369
-0.321417563268517 -0.253785972168228 -0.232446849393403 0.252761787109726
-0.339646193738819 -0.149722039910691 -0.276594979852058 0.355508893607291
-0.399098055818381 -0.0662423960485382 0.212205997313445 -0.385676800706143
-0.398918222292169 -0.238067108731395 0.189295375216922 -0.279773030504096
-0.349549690879157 -0.339098310694287 0.226490833948388 -0.180184510269569
-0.260591751272252 -0.506725109064623 0.25063887511086 -0.142058781449988
-0.0822818109204946 -0.569432988698699 0.221986913384807 -0.133626399461154
0.084741596380495 -0.541447525457441 0.158429280538051 -0.0929127891878367
0.192139491347516 -0.549421888065802 0.0327475882198438 -0.0389527947445616
0.232163385196039 -0.552650715179373 -0.0196086874497948 -0.0212031531197252
0.156977234839858 -0.574411912213864 -0.0969201025930579 0.0672010070304561
0.025032481419064 -0.555881024341852 -0.158242119877609 0.152539635981048
-0.166178551658825 -0.546937108327971 -0.169262784872724 0.239656308714034
-0.284463257471734 -0.439314700179864 -0.202651021293614 0.200099986107858
-0.340524925977841 -0.294538145370729 -0.17749304579512 0.200963656831272
-0.414632289825975 -0.223431639954625 -0.122967203119574 0.334204991669074
-0.406553317530068 -0.133004547452374 -0.120525646156988 0.431020475124193
-0.346551111399366 -0.079899313462884 0.366796024536417 -0.304134015353837
-0.31523173170544 -0.247789254747069 0.302830023079917 -0.192573697047376
-0.236534127878793 -0.327465514924755 0.277034387413122 -0.0839510802945508
-0.138951837454778 -0.442817420476623 0.259241809064947 -0.103435607320278
0.0129585654896483 -0.473363295769937 0.210602369054686 -0.161698710909449
0.137710158028857 -0.44673840143924 0.190814064952508 -0.196849208577629
0.207144035337499 -0.470075047725738 0.118006824690939 -0.206221581714981
0.224338132845541 -0.509190163236293 0.0655115805941763 -0.22531881302715
0.136406147978239 -0.551501931322408 -0.0486935415202104 -0.13918195918914
-0.0124653941899087 -0.531425597024685 -0.167292424079875 0.00628546000735854
-0.215779893343863 -0.499686050672925 -0.189248365519695 0.177789183901766
-0.33605876571342 -0.372335679610876 -0.175303080861329 0.213940100964414
-0.377729694776977 -0.221993714351101 -0.0867263089462322 0.247264831441758
-0.433084722725399 -0.155071285019937 0.0104022824087245 0.375269696358468
-0.408480230668368 -0.0984459495700022 0.0505768355255277 0.480334608458799
-0.244869526167164 -0.0671152170235411 0.469446343326297 -0.212589632492419
-0.202359143580818 -0.197585854437964 0.357810673761967 -0.100901649424546
-0.116303718300989 -0.236059493130725 0.268011644911924 0.00154260619909122
-0.037411610034994 -0.287571692765107 0.234394960865161 -0.0713959505813745
0.0623009144953296 -0.300045662122716 0.192464735363189 -0.171246974015448
0.140009674860969 -0.294297445373606 0.220722350279274 -0.257795789046656
0.178256160638529 -0.327193557072964 0.203382827292251 -0.327853528614749
0.182688790404652 -0.386474753333364 0.142106407515966 -0.393506448113598
0.109618818513242 -0.437086830301151 -0.0167494781840381 -0.323943327279494
-0.0162603867070752 -0.408020441655846 -0.183585268567883 -0.130723046199092
-0.185360033249083 -0.367202091666664 -0.217953255576868 0.110836522596884
-0.287532207022001 -0.254961245789839 -0.147801338053871 0.20768891141851
-0.316901636097682 -0.135750061312596 -0.00244966319938343 0.259887423590693
-0.36030723210865 -0.0895308204593755 0.125049727050293 0.37892323233874
-0.337246158029502 -0.0655628280094577 0.199561747614459 0.500068789324286
-0.116349329935152 -0.0274688887915585 0.515037161529532 -0.146861791753511
-0.0983496348354551 -0.0998265622662209 0.366784111426101 -0.0434801041266852
-0.0397800543551815 -0.105182417851556 0.232962036892516 0.0431349457379329
0.000360117742187223 -0.117405820873628 0.203167577719098 -0.0619424004658681
0.0557809218412112 -0.1261505116806 0.172601298834152 -0.175031086302129
0.095532668887267 -0.138011720241036 0.236786103896245 -0.286804138306466
0.110605273237733 -0.160367799683711 0.261503956269368 -0.399207806166396
0.11141772167726 -0.208820124388102 0.195674868393974 -0.503622646085983
0.0757244097422083 -0.244673502300504 0.00406827626464334 -0.451553444607991
0.00918894930582572 -0.221091867184867 -0.193588393731724 -0.228378826303288
-0.0958559846441647 -0.191254019943483 -0.24094317445172 0.0588579111342377
-0.164578904524157 -0.129759374542511 -0.131112542433199 0.194028878669503
-0.183438177031733 -0.0635791715044138 0.0521913093765103 0.257239386227562
-0.217764812383515 -0.0385172489164563 0.196608227000411 0.36292169677097
-0.202279704931676 -0.0386029343926391 0.29913910115471 0.498060643660948
0.0178670515948504 -0.0283314263400753 -0.330943161561894 -0.423821350934293
-0.0131163594107731 -0.0365321153660904 -0.266410088103706 -0.312882108592559
0.0112119357001961 -0.0282555046972684 -0.112948557687321 -0.234755121453295
0.00249739856960003 -0.0372364877970018 0.0766663971228435 -0.152863677464528
-0.00472856802929442 -0.00833588695072583 0.213349364278662 -0.0362576808143816
-0.0110238324758828 0.00583775706477359 0.138335928191473 0.214999539482438
-0.0242055834296764 -0.0130786868349044 -0.0484797276801869 0.456264655450578
-0.0253724892593911 -0.00991867812556596 -0.213540459208709 0.512036930591438
-0.027564407127811 -0.026288624856657 -0.273788581332391 0.473822021327903
-0.0226232732896818 -0.0263281896556249 -0.211025267116836 0.34008800079567
-0.0100771337818967 -0.0214610097542051 -0.162080230113014 0.217359574012408
-0.00119881628728313 -0.0228802119842399 -0.165982580227126 0.0949692450882292
0.0160705974904325 -0.0170833268805674 -0.211224455308649 -0.0201296665067614
0.0123829855962812 -0.0161476276877411 -0.299781297851892 0.0349544490366605
0.0303682624793616 -0.0124632858446519 -0.49079947183138 0.147815051313942
-0.158192218201389 -0.0179998154932801 -0.272744039507365 -0.448061071048565
-0.191469205605065 -0.0660137652320931 -0.221376054106276 -0.329163492121262
-0.174834904279533 -0.0914868570813163 -0.0653474635455687 -0.253856268541305
-0.169064582808126 -0.172985322081154 0.111441532499101 -0.15564901408966
-0.111583392010106 -0.20952399009735 0.230127451449049 -0.0327200085762505
-0.0385221937357923 -0.21470011234611 0.143034020919229 0.204874259693081
0.0245696509595426 -0.245417831054274 -0.061660195664691 0.430586143459015
0.0645156800123586 -0.219139076639084 -0.207445484210573 0.473777707442367
0.059667205776378 -0.203798492587794 -0.265030275923854 0.455513059084544
0.0387236872627203 -0.171792131090492 -0.209955968161305 0.343739355638864
0.0123624925289991 -0.166250499613345 -0.167632113586895 0.238820826491078
-0.00097879152250351 -0.156205042158352 -0.182598251759313 0.101815513677296
-0.0246515714995409 -0.13750236430126 -0.232654873592517 -0.00135866201431661
-0.0815087084799936 -0.134473225924004 -0.30458851055042 0.0778009896409596
-0.101670974587942 -0.0859599992562274 -0.465868841367747 0.19436126256509
-0.301989278597336 -0.0204250591843635 -0.146384484706282 -0.460590735349257
-0.335847055636998 -0.114691834305131 -0.117167561230245 -0.344611669480498
-0.322389381750818 -0.17750971552446 0.017633613703299 -0.265664900187326
-0.294022857390246 -0.320925779983733 0.158033780051497 -0.165375677339382
-0.172942127503146 -0.402187793541883 0.234298183738302 -0.0526844946647261
-0.0329323964772581 -0.406947868440483 0.141199718409193 0.140308828158572
0.0839994390320489 -0.433560083159303 -0.0603932261325523 0.322314749135897
0.144159743603541 -0.396606796206058 -0.167756104041207 0.359241608531059
0.125837007255168 -0.371331963884627 -0.221314195030192 0.385141569187442
0.0729967344981004 -0.331170382718078 -0.193407124854871 0.330089261769172
-0.00591582946462093 -0.331701766671511 -0.168664150492368 0.266652732192755
-0.052619432489818 -0.300805120894259 -0.20555447534503 0.127168338007299
-0.108131801461753 -0.246465289899772 -0.253403362175526 0.0497749828911787
-0.19811089197071 -0.222115833587648 -0.291449487749683 0.15740667128665
-0.232051878158493 -0.135344359791077 -0.394934917753704 0.271609494935233
-0.386469567276208 -0.0394931526738416 0.0269468443801142 -0.44251968255542
-0.41374917795007 -0.179774917696854 0.0322345365600076 -0.335306725159264
-0.389229986371186 -0.274565896863865 0.125894909740959 -0.247138438003277
-0.331940268009606 -0.451573175277443 0.209286117483441 -0.165655368950004
-0.161101282967357 -0.540479689067602 0.229900599716747 -0.0922045423424483
0.011753835365351 -0.529828171770298 0.142496983508414 0.0304980292336636
0.143491421894787 -0.543282955856783 -0.0301394359924044 0.152405078940099
0.201451975633698 -0.515121117952422 -0.101421694784501 0.18472414518835
0.156684400985074 -0.506809756521377 -0.158294874005046 0.25286198404296
0.0641094758934987 -0.477485312699335 -0.169825193393782 0.270284055043698
-0.0772995428775547 -0.482618441001966 -0.165233495411926 0.273861897842643
-0.167468778863255 -0.415954381154096 -0.215588216525308 0.167556296868811
-0.23230729250483 -0.308743030365622 -0.239580689644401 0.12796908750785
-0.325010318999848 -0.254066023865301 -0.231582467880192 0.25480300236611
-0.342735330738821 -0.149637310822718 -0.275535967943962 0.358871328663846
-0.401929834347979 -0.064007495118031 0.209891770496594 -0.389157966957963
-0.402766416504796 -0.236328045406928 0.187927551739321 -0.282669866677426
-0.351786377577994 -0.339702612173001 0.226432282649259 -0.18212652776159
-0.265159359299998 -0.507844749744509 0.251219132667426 -0.143507048636374
-0.0848596504940111 -0.57285230566059 0.223167082521326 -0.134988262437438
0.0817291531495759 -0.543529751887996 0.159595243778587 -0.0938130288988671
0.190487064329042 -0.55316216761034 0.0319338432458296 -0.0377104618159239
0.228457238007327 -0.556853279363489 -0.0199127982929803 -0.0217593264678706
0.153856249451168 -0.578780731213012 -0.0973776543328781 0.0674160207127821
0.0233004369448003 -0.55977552795511 -0.159056017941308 0.153644823158607
-0.169709578378273 -0.548462258783847 -0.168156395204585 0.241232368597654
-0.288225819202186 -0.440374530374848 -0.202686659833993 0.202560980114714
-0.34405855356201 -0.294891830559702 -0.177050406726186 0.205318713114278
-0.417612513474227 -0.221678726661948 -0.120997209333476 0.335628196754658
-0.409620106242552 -0.131820080759444 -0.116695584790034 0.434390673361583
-0.349167018133198 -0.0788283759389507 0.365045095427437 -0.308109250111019
-0.318914171699564 -0.247657779148702 0.30363860014505 -0.195729524841676
-0.239080011886446 -0.329038344997091 0.277613885584404 -0.085787220094011
-0.142483692111759 -0.444884875088339 0.259958870913656 -0.105900345304087
0.00998224523005039 -0.475726292629957 0.211528097305649 -0.162698856338126
0.13445127935863 -0.44983008977166 0.19128914608335 -0.198120621531328
0.206488187070834 -0.473802436599539 0.116337931532168 -0.206609728282328
0.221609099384412 -0.513850573177851 0.064244499544698 -0.226305384851181
0.133916244585892 -0.5569336308449 -0.050831162972116 -0.140042514160137
-0.0153512774154875 -0.534746211285671 -0.168463713019736 0.00717707869871575
-0.220252470376011 -0.502371031638197 -0.188606773874256 0.17918230207667
-0.339935841470495 -0.37265384506228 -0.175760918197471 0.217020839738267
-0.381491337150059 -0.222237295810785 -0.0846662001651817 0.250668949023982
-0.435651912866498 -0.153048386981673 0.0131089052605304 0.376275599790987
-0.412257216128065 -0.0971488182169644 0.0543288610582352 0.483352920061903
-0.246387319248668 -0.0658771940329043 0.469451943792963 -0.216160086802295
-0.204372240370178 -0.197564672774144 0.358407672187663 -0.103888064836837
-0.118443248453094 -0.236597296358865 0.269573054359664 -0.000583642249245648
-0.0395686994361366 -0.288946483033078 0.234720720144869 -0.0732345548332936
0.0611033748863697 -0.301604225678573 0.193513172681395 -0.172041783064641
0.13923731491556 -0.295804120611138 0.220834523476881 -0.260512180088024
0.177925752704376 -0.328922301617924 0.201969081226346 -0.329428313037751
0.18077945272488 -0.389987715759649 0.141308038897484 -0.396450380730242
0.10752885311451 -0.438991268264254 -0.0189109565269316 -0.326395633552025
-0.0192459102719291 -0.410131980500387 -0.185106468155152 -0.131007247306307
-0.189107546248202 -0.367853857487387 -0.218247784399769 0.112305526079311
-0.290421793047635 -0.2552785792826 -0.148181766729855 0.210102969115204
-0.320107510693443 -0.135400736774613 -0.000758749721335812 0.262538539933483
-0.362149490261198 -0.0879641594433772 0.1284719659159 0.379668332560332
-0.339508933244634 -0.064110275310775 0.204420747221092 0.502737973867199
-0.116847513473031 -0.0271902131375826 0.515201820776941 -0.1506531723981
-0.0997465045243843 -0.0997680032943417 0.367771284394708 -0.0452388723939373
-0.0402689671610398 -0.105983538710609 0.234244138574611 0.041768878686529
-0.000471177101621013 -0.117938955707783 0.203880012976628 -0.0636612952029475
0.054991432532093 -0.126657012278144 0.172945251867999 -0.176864564118416
0.0951747482871878 -0.139077462433076 0.236972494713827 -0.288775988506077
0.110771728735589 -0.160851908309581 0.262573227174191 -0.402205837258414
0.110423870893436 -0.209829840435311 0.194608418348556 -0.506629655124659
0.0741616050434797 -0.245991277418014 0.00306303682758927 -0.453244829835951
0.00782770974498415 -0.222887889546522 -0.196168698571502 -0.229080892137518
-0.097546575164514 -0.191452683907619 -0.241923941151707 0.0595770146638908
-0.165816068589354 -0.129495132856824 -0.131450455583362 0.196162464800645
-0.185469040761517 -0.0634651280069624 0.0547141292555729 0.259373554921225
-0.218811655427454 -0.0370334045788973 0.200592384556708 0.3637345363479
-0.204022923632025 -0.0378954913731648 0.305560834539875 0.498756778727518
0.0176275627649813 -0.0286585402832109 -0.338881506463016 -0.423477922785028
-0.0141453230647154 -0.035762518968264 -0.270816472577932 -0.31343319214154
0.0115742534123553 -0.028413268509938 -0.114736128256919 -0.236813398362502
0.00223827364652449 -0.0373360975439117 0.0760797922033563 -0.154811811484185
-0.00457154395244587 -0.00825214765440224 0.214265461662442 -0.0381850381999209
-0.0114114880168029 0.00635648873737878 0.141605284381325 0.216012068005701
-0.0246186227526855 -0.0126436635921283 -0.0431295617945484 0.458048756350856
-0.0256575084158697 -0.0092865326178478 -0.212430852279068 0.51590826977765
-0.028131692583229 -0.0256469193502374 -0.271326564698328 0.477236882368004
-0.0229069703121616 -0.0262703759964446 -0.209360243366636 0.341977378949145
-0.0104302435756753 -0.021607838193201 -0.160640084367592 0.21976220764202
-0.0014055216708183 -0.0226861536842209 -0.165825140248346 0.0974301974264062
0.0161525101134407 -0.0179029148663515 -0.212849215135742 -0.0175722387187031
0.0122898607994418 -0.0165082774525371 -0.299948442057428 0.0367483627956825
0.0309142330814252 -0.0132730591221361 -0.491322730836624 0.154229989478134
-0.159037162571213 -0.0168630182400373 -0.278416145689268 -0.449437288048761
-0.193066334332652 -0.0640106890242527 -0.228177803208057 -0.330202306788436
-0.176401319336889 -0.090310179911723 -0.0686635194286688 -0.255517506359722
-0.171415945343142 -0.172792103702937 0.111359287262324 -0.157555862496631
-0.113665000953591 -0.209598182502868 0.231783182979773 -0.0346992931677449
-0.0403918725011692 -0.215190012396169 0.145980690058374 0.205659878511664
0.0228741030735067 -0.246905436090936 -0.0593972014430476 0.434396780603306
0.062854864330964 -0.220468829306587 -0.206633778051877 0.478317891710155
0.0585824184544876 -0.204646237805127 -0.262284864342712 0.459203644988428
0.0374872604643077 -0.172675798307545 -0.208714858222959 0.346347675998272
0.00982582891637548 -0.16710403494633 -0.16704324775536 0.241352702350914
-0.00136607249132455 -0.1572502710178 -0.183212162815632 0.104311559462399
-0.0261915438037587 -0.138761301543434 -0.233856980018976 0.00118244391085704
-0.0830242954279259 -0.134758849554261 -0.305077796262669 0.0801938687500232
-0.103322337503888 -0.0860209236944872 -0.465845682472523 0.199505311552045
-0.303442715161625 -0.0184562723852626 -0.151199964053241 -0.462307720585898
-0.338656563501636 -0.112852091383359 -0.122132568918377 -0.346361019446402
-0.325808124163164 -0.175546245415914 0.0151436696011228 -0.267947757089718
-0.298691239617611 -0.321644776750698 0.157293897122863 -0.166989198643256
-0.177839736785008 -0.403320511678266 0.235373375558837 -0.0547412959748685
-0.0359984887341357 -0.409336088083634 0.143287534737419 0.140454745337121
0.081300062239161 -0.435907905214208 -0.0582033284561438 0.325436617007592
0.142904395191681 -0.399857906115822 -0.166569970823154 0.362280960887204
0.123063702102128 -0.373626790497324 -0.219482690681158 0.386402195837488
0.0710124554438139 -0.333051570591725 -0.192207278179048 0.332217550415956
-0.00851412145778747 -0.333808554020511 -0.168353384767953 0.269378129250177
-0.0548636803372813 -0.302352922679216 -0.206443114562233 0.130212213760184
-0.111052753524842 -0.248352467158409 -0.254097162061946 0.053645155783385
-0.201541303836641 -0.22209925881801 -0.290872506320397 0.159887797929896
-0.234506043680964 -0.135224695374881 -0.393644276804403 0.275249149335233
-0.389106898835525 -0.0367964757612144 0.0214343652978147 -0.445108654367107
-0.417295944700002 -0.178304795123071 0.0286619287558991 -0.337085884429463
-0.394621010514605 -0.273221222188553 0.124895884446534 -0.249852691781334
-0.337836635836424 -0.451821549167694 0.209311462687813 -0.168151903826836
-0.167124747410414 -0.542085293243322 0.231310039931792 -0.0948795417879123
0.00892106771852498 -0.533672684199584 0.144569130919006 0.030718391370013
0.140787920251362 -0.547418912716851 -0.0294450899788275 0.154736460904296
0.198669180507789 -0.518962101361906 -0.101002171920343 0.185792373066174
0.153872435006561 -0.510335971508204 -0.157364895494132 0.253496231998602
0.0604588696714705 -0.480283080642658 -0.169101093772714 0.272292032236693
-0.0821397866815941 -0.484483404825077 -0.163241183978291 0.276353320821844
-0.17004516807128 -0.416919069637706 -0.215986269909446 0.169843357481705
-0.235185100626762 -0.308721632748716 -0.240050731749889 0.132186504830561
-0.328334920199899 -0.252022624133972 -0.230250158958949 0.256798717722836
-0.345127791501059 -0.148202374428908 -0.272933824125075 0.362938045009179
-0.403261591152115 -0.0613292980419447 0.205765491021328 -0.393839899104847
-0.407726761406795 -0.235417273464649 0.185639305453924 -0.285873877318647
-0.35634137079501 -0.339274349100332 0.226939141530658 -0.185172120726826
-0.271375697163835 -0.507965321802184 0.251221838337796 -0.14648813508142
-0.0896635470387651 -0.574969357410174 0.224132060900197 -0.137121252095706
0.0783383076269294 -0.547472146529413 0.160610333374254 -0.0948818884249382
0.189589474729311 -0.557655450090343 0.0309108374196077 -0.0369722459624184
0.226041974618948 -0.562012082922028 -0.0207240817023125 -0.0213542134265693
0.150669508957613 -0.5822572747498 -0.0973443871544504 0.0676934965505918
0.0189754867075479 -0.561331693039547 -0.158853362318079 0.155299018242302
-0.177217928068248 -0.55056597715426 -0.166632283286883 0.244457055313265
-0.292979784554362 -0.4407539729948 -0.203699668414082 0.205979270614291
-0.349480648617555 -0.295481256937452 -0.176876234646234 0.208656254009075
-0.421921438087074 -0.220532780036271 -0.118109601766917 0.337155199685703
-0.413409441319151 -0.129305650576285 -0.112820326683869 0.437877278034667
-0.350933019072191 -0.0756040176510103 0.363487922334231 -0.312999757222458
-0.323400867567936 -0.24594949288378 0.303105798106828 -0.199446687574926
-0.243285040676802 -0.329189491657728 0.279099170714376 -0.0883446698532875
-0.146731399052767 -0.446256948024574 0.26067240127797 -0.107734335594345
0.00599102425498585 -0.478495804426422 0.212520933463605 -0.165056911105607
0.132792736444618 -0.453658391498946 0.191515115514877 -0.200095441108108
0.204548272433127 -0.476843471463509 0.115931982520063 -0.207874602347025
0.218604122731224 -0.518759330085682 0.0628750222475793 -0.227232236813032
0.129783446449576 -0.559996313596657 -0.0526934857619263 -0.141297951046082
-0.0190378636318084 -0.537088336199354 -0.169885998072395 0.0079376218829763
-0.225579279685441 -0.503931154810092 -0.187810029756053 0.18231537176599
-0.34497703263816 -0.37235662380484 -0.175536332056163 0.220397980273908
-0.386502001900149 -0.221331288594368 -0.0831957708923674 0.253968726022943
-0.438374094401892 -0.150762564312148 0.0169979403647569 0.377958019046815
-0.414523601628446 -0.0955342785104003 0.0602903093105949 0.485099427206345
-0.248115577902595 -0.0645440628195239 0.468545114323525 -0.22152022339523
-0.207392255366789 -0.196905636328914 0.359343087526994 -0.106947862423984
-0.120766840888252 -0.237680490140169 0.271056747107378 -0.00233369249335985
-0.0421889420184412 -0.29016227062435 0.235234564011919 -0.0748722191043305
0.0593054387050823 -0.303417760162747 0.19336908334377 -0.174674127395433
0.138591826224046 -0.298198898728769 0.220038822149316 -0.263021640337218
0.177296426959309 -0.332474178086176 0.199016662058885 -0.332608343500366
0.17876503224938 -0.393439653316332 0.139106440766796 -0.399121709972308
0.104849662621646 -0.442687856470184 -0.0221610988482043 -0.328493475832483
-0.0210472168556945 -0.412883616433762 -0.188303700486521 -0.130992601867618
-0.193639095751873 -0.369255600189623 -0.218183660669081 0.114534324634225
-0.293774565796819 -0.254332244054273 -0.147847719987703 0.212831551658733
-0.3236364103848 -0.133977502329494 0.00189752675378836 0.26572484966944
-0.36492397094401 -0.0856204385723761 0.132629322627655 0.380507952986968
-0.342050351062746 -0.063063756190449 0.212076372408447 0.504137143900768
-0.117849182778688 -0.0267468575379974 0.516226993248299 -0.155291708336137
-0.101436110497366 -0.10021649377082 0.369362145019232 -0.0495611833210353
-0.0415999587745529 -0.106191789761803 0.236382459989444 0.0407769879947472
-0.00166740837069014 -0.117906580763196 0.204429079920349 -0.0657074866042742
0.054326272203318 -0.127800373597303 0.172862260863159 -0.178519893791406
0.0941260292588506 -0.140938412521414 0.23618542852412 -0.29155934702165
0.110269617431509 -0.162155313128536 0.260102923944656 -0.406179337639934
0.109066436378551 -0.212263929731743 0.192287949620282 -0.509706538152948
0.0724117473156694 -0.248672015214315 -0.000699170458390966 -0.457122656797787
0.00681707157923659 -0.224323200400464 -0.199533390175249 -0.229246384166234
-0.0996287433327508 -0.192088308695195 -0.242994531647892 0.0615826968140273
-0.167649055649732 -0.129376749660782 -0.131397060116394 0.198151142537464
-0.187657086143726 -0.0625716639151074 0.0571753773031231 0.261360331180414
-0.219659918703253 -0.0362069553079832 0.205564954380518 0.364793502311499
-0.20556809280651 -0.0370266146904113 0.312642296029856 0.498963038045611
0.0174070648150564 -0.0290258168511082 -0.344972184010445 -0.42382799234083
-0.0142055409492033 -0.0350240380509206 -0.276291623149055 -0.313275071891251
0.0116277767625878 -0.028174151187685 -0.118969573503676 -0.237136358929719
0.00180192437313881 -0.0378075719889074 0.0755218398452032 -0.15700418580836
-0.00424497633951099 -0.00847815564467412 0.215087491422494 -0.0401300763974093
-0.0109510542019914 0.00703559999226895 0.144624882058759 0.216732897775324
-0.0256521635066188 -0.0123675499751398 -0.0408308565755405 0.4620835434907
-0.0257673626027168 -0.00911522875582296 -0.208345948511981 0.518154669188989
-0.0291418631954438 -0.0258639264281788 -0.268984619700146 0.479852427011747
-0.0238718543251904 -0.0262826414296335 -0.208314013522468 0.344826337710986
-0.0108224687896059 -0.022189143357459 -0.15998517729059 0.22206532534988
-0.00130742013570713 -0.0236349519285837 -0.166343202684841 0.101092122366877
0.0156395079449503 -0.018716325256557 -0.213490557867973 -0.0149413173294026
0.0119211567413805 -0.0164398906852549 -0.300785639803539 0.0388715147154953
0.0306710885267042 -0.0137504567671346 -0.492523173568828 0.159575000856946
-0.160385953590547 -0.0149631156498533 -0.287003164102628 -0.44967378896469
-0.195959014921139 -0.0619089276126443 -0.232627865315944 -0.33117406260609
-0.177795098493511 -0.0891953068079168 -0.0717508264899475 -0.257060225847599
-0.174499557270256 -0.171863327575028 0.110214019243205 -0.15977483331502
-0.116229361838956 -0.210203275338325 0.232707561191499 -0.0366406118353242
-0.0430890915206192 -0.21564794578108 0.148999837989363 0.206219030454455
0.0206510906484678 -0.247906016481377 -0.0552819762588219 0.437001395754748
0.0604065939424176 -0.22135268561422 -0.203556178561549 0.481231643242938
0.0565326807050983 -0.205842126445964 -0.259127361616041 0.462600043276038
0.0361510634463257 -0.173954568844281 -0.207230562401677 0.349319596545329
0.00801922240140509 -0.168771619209541 -0.165828956016818 0.24490243283318
-0.00250584002839394 -0.15831930186397 -0.183230653581459 0.10728317181138
-0.0274506060020468 -0.139581340742569 -0.235359897832435 0.00463404911374136
-0.0851225995148647 -0.134511233652337 -0.304807473891883 0.0837438066073463
-0.105062187799964 -0.0863485084505449 -0.465979819278998 0.204823744888464
-0.305165287337102 -0.015496726560511 -0.158704847264931 -0.465004450112306
-0.34247709884987 -0.110623560318121 -0.126995691921016 -0.347065101092568
-0.329049117203235 -0.174559892202516 0.0123270228169572 -0.270084410891725
-0.304323191753463 -0.32012213297042 0.157178976266311 -0.169738982166553
-0.181871140224135 -0.403066200253884 0.236937366932347 -0.0569220854998754
-0.0393881463307882 -0.411021177319092 0.146478616835957 0.14065383109142
0.0768818553994642 -0.441155828452569 -0.0553838492153594 0.329060794918371
0.139128269773766 -0.402426678165236 -0.164785522880785 0.364446678921915
0.120778512657352 -0.376819108475964 -0.217649739285382 0.389961792553899
0.0691054459834372 -0.335546029672523 -0.191474674253747 0.335258103946927
-0.0120201102779606 -0.335970194592152 -0.166474585049569 0.273000440994292
-0.0572840212138531 -0.303565472384323 -0.206096921260403 0.133652980703227
-0.114014713011973 -0.248599534886659 -0.25447823935987 0.0573867550979313
-0.204031026955195 -0.22067117665115 -0.289603709877966 0.16266724466593
-0.237038720744251 -0.134804230814481 -0.393528635686423 0.281190470461833
-0.390764296641847 -0.0328562283795563 0.0160540901232451 -0.450411728701347
-0.421649725422869 -0.175362221342956 0.0244669288125889 -0.339735620889215
-0.39883362257887 -0.271615513964087 0.123423201536895 -0.25331476857318
-0.343526684640085 -0.452486472394827 0.209574020418183 -0.170783622993975
-0.17381936837784 -0.544014438792303 0.232518031068143 -0.0972303069376128
0.00461455355970035 -0.535874242138376 0.146639172842483 0.0296551399385806
0.137882030607131 -0.55127935049863 -0.0290628340610522 0.156819712334751
0.193457078376173 -0.524507778888816 -0.100354382596762 0.188521846469617
0.149705454610122 -0.514533562974394 -0.156220135158058 0.25600162897396
0.0576184040436528 -0.484218403190037 -0.168348418852256 0.27501380152325
-0.0874902607637525 -0.48657848956629 -0.161333168857568 0.280246933869523
-0.174341290225121 -0.418575277763521 -0.21632970719949 0.174342626557011
-0.24109050526674 -0.309492922786992 -0.239932536058947 0.136900039555294
-0.332512553495036 -0.250065019785734 -0.227976817046162 0.25898278960847
-0.3490161688034 -0.146866138876617 -0.270260423729145 0.367258746753382
-0.406613340309522 -0.0570509773523493 0.201343288616605 -0.399736887779217
-0.412879014633707 -0.233396086250915 0.183903988803923 -0.289424376592068
-0.363227913428253 -0.339697062461176 0.226413093032959 -0.188227719986248
-0.278829922421029 -0.5084447072012 0.251819570654874 -0.149766122754657
-0.0963947889161819 -0.577975129308207 0.225753908731363 -0.139957309603513
0.07484972603816 -0.552029158942832 0.161634128330875 -0.0965620146446266
0.184672734082503 -0.562310822902593 0.030497842843492 -0.0359038534001458
0.221347408892401 -0.566874706218894 -0.0211926301873477 -0.0210721347412407
0.147073073159092 -0.585657996315021 -0.0979968948492025 0.0681002457645917
0.0149703068159552 -0.564403670483713 -0.159325420149201 0.157654776346879
-0.183650375357641 -0.551706687352223 -0.164688487715191 0.246455019206046
-0.297221869133409 -0.441226577267586 -0.203686617495198 0.209831864855252
-0.355448520710731 -0.294573954681416 -0.175103645650588 0.213474614646913
-0.42649565626841 -0.21744669085691 -0.11472189901432 0.339623391745088
-0.417337357921786 -0.128052968652667 -0.10878848938061 0.441597696894788
-0.35377576691004 -0.0727781811668432 0.361373712852566 -0.318456868007957
-0.327876257950424 -0.245903962680736 0.302301021129331 -0.202944581941243
-0.248157108781015 -0.329230482367232 0.280691736532931 -0.0916037500047811
-0.151833037398298 -0.447075150117866 0.261659174573609 -0.110788243654965
0.00131932771806467 -0.482219378904869 0.213157832699058 -0.167799948156201
0.130524180871799 -0.457916051272742 0.190576281375781 -0.202399717284692
0.201688726981283 -0.48109475085688 0.11417640748812 -0.208815054273784
0.21501618501528 -0.522441143221859 0.0611375294896018 -0.229170872382743
0.126452597979154 -0.564646365713644 -0.0549615228273753 -0.142275896988647
-0.023010751432205 -0.54033602411178 -0.171332986120693 0.00864435224415629
-0.231726494198368 -0.505109528217092 -0.186596096824229 0.18465026743558
-0.349828277292845 -0.371829472992194 -0.175219631189916 0.223714621605538
-0.391853500975622 -0.220195598520242 -0.0810968056819482 0.257741888143339
-0.441670503119654 -0.148625376490184 0.0209737806344844 0.379436895758531
-0.418244164409199 -0.0914858375283831 0.06671396996737 0.487344566308994
-0.249908011301203 -0.0626910307865447 0.468295830160192 -0.227307037805999
-0.210364644968293 -0.197174688242958 0.3593812859506 -0.110695307455575
-0.123902326183279 -0.238212918728632 0.273415248993304 -0.0048836209285278
-0.0452155833133945 -0.290676020750694 0.236037547240962 -0.0777141801918147
0.0557873259980961 -0.305643702789889 0.193774405930331 -0.176858876411518
0.136135833057386 -0.301243002691358 0.218948081881354 -0.266748133232851
0.176832428277976 -0.33487960893479 0.197046253577741 -0.334348594686207
0.176150793217458 -0.397571442200962 0.136589154880902 -0.401390386570935
0.0996423110775857 -0.446132274034722 -0.0260924043971333 -0.330086909020822
-0.0242479870298183 -0.416454275115706 -0.190955225273748 -0.130081389280115
-0.198870768724338 -0.369812994950768 -0.218040270443582 0.117030618735911
-0.296884361175431 -0.253265569932607 -0.147814212874061 0.215748679400261
-0.327391955871352 -0.132842029878796 0.00472717395098783 0.267941139444071
-0.367310149007274 -0.0822741310142043 0.138056626961625 0.381545843868609
-0.344750198427728 -0.060280442201189 0.21898211178668 0.504239737482552
-0.11882846707029 -0.0254575960697626 0.51735089530876 -0.160306493812609
-0.1031702549866 -0.0999666530994797 0.370519405775069 -0.052694928614778
-0.0428045302267886 -0.107118370136413 0.238196829358239 0.0381506610906768
-0.00192705012171869 -0.119037704056641 0.204631594557774 -0.068115683865912
0.0534607944099483 -0.128937759222722 0.172737523902052 -0.180541751474464
0.0935437364792858 -0.142812327438092 0.233520848548192 -0.295151519103553
0.110417311970362 -0.163542539564905 0.258850725170424 -0.409498916603947
0.10778299554348 -0.214085234256963 0.189654008563535 -0.513977580465205
0.0706920472817894 -0.250938518295435 -0.00608314678316337 -0.459786525104328
0.00531075685496807 -0.226491950297317 -0.203361565594681 -0.229006233253651
-0.101878406425631 -0.191942855983818 -0.24329632594408 0.0637447326960678
-0.169564082110494 -0.12887595595371 -0.130479862686831 0.201342449128935
-0.189180896041462 -0.061386295502954 0.0597860701817952 0.262690017087247
-0.220846749532154 -0.0339906719974084 0.21128358857938 0.36549874099369
-0.207648781775204 -0.035527169868383 0.321279751645552 0.499385890595016
0.0164920767115475 -0.0293772543918688 -0.354273211669393 -0.421337596757235
-0.0146535589087965 -0.0342757474620395 -0.282900308938697 -0.312359948725691
0.0117585902930539 -0.0283998020547717 -0.122680898377721 -0.23768691265616
0.00095520538908471 -0.037479651164595 0.0732852766376577 -0.158764472431
-0.00417179257325023 -0.00809496613219738 0.215883015153275 -0.0421773665452786
-0.010898441016056 0.00765709557030979 0.149423647125777 0.216997587970526
-0.0264257919247837 -0.0117902519295261 -0.0340727108235244 0.464293840139573
-0.0261331780789294 -0.00820536644410254 -0.203803078349031 0.523304165779508
-0.0302012844064749 -0.0251676956021274 -0.266051094638409 0.486133337718605
-0.0241854443750632 -0.02616412270125 -0.205220235310885 0.348391139424473
-0.0112771744663598 -0.0221595934602439 -0.158372114288167 0.224747613331493
-0.00128530395204714 -0.0236260926533359 -0.16514531005838 0.1043484745858
0.0156296568549878 -0.0189095821506794 -0.214942202564952 -0.0119464795977335
0.0113773897003548 -0.0168775373950384 -0.301387788946471 0.0431089019677453
0.0306179023853637 -0.0148668323566984 -0.492601473725367 0.165810297099048
-0.161272256524506 -0.013114329916726 -0.296213442628793 -0.448741061641043
-0.197672212315867 -0.0600492494477371 -0.238720605021053 -0.328505068559753
-0.18004249480831 -0.0873875516930456 -0.0760971540580592 -0.257450431881663
-0.178080607120203 -0.170729030123569 0.109390728322524 -0.161456441383612
-0.119671743294577 -0.209919672143664 0.233593953389247 -0.039124355987707
-0.0453052991231671 -0.215862632687328 0.152980203748562 0.20602011300529
0.0175705890553942 -0.249442400303131 -0.0502065250093973 0.439953997730156
0.05869404205102 -0.223537586495922 -0.200746413790595 0.484790582082152
0.0539643491772233 -0.207278347353048 -0.255765868905882 0.46656728434473
0.0344915285593637 -0.174769469204783 -0.204336757084997 0.351945822085677
0.0063160520777594 -0.169328513920764 -0.163954755682314 0.247607671613889
-0.00443186605651876 -0.159568623367497 -0.183683856064298 0.110874466624246
-0.0292954031489849 -0.140940831597508 -0.236051926973202 0.0083035912686066
-0.0867657750502867 -0.133885104733181 -0.304779191106054 0.0867642591092702
-0.106783113154153 -0.0856714553967005 -0.465248317459469 0.211136874612994
-0.306671682431398 -0.0114233024499568 -0.167977084632079 -0.464785760921081
-0.346147220594385 -0.106153495522175 -0.13247377247106 -0.348037455538422
-0.332842460729383 -0.171694791392366 0.00851879767477372 -0.271825583014898
-0.309302907459085 -0.318027437598326 0.156117749067573 -0.172386427876002
-0.187117370284799 -0.403589951825776 0.238004954342766 -0.0600929751087828
-0.0443402245161247 -0.411125342907705 0.149972991124393 0.139953764268895
0.072679071064316 -0.441706664602497 -0.0523304098041211 0.332310275023024
0.134533674610948 -0.406778277227602 -0.162057390128357 0.367733188699028
0.115940392464728 -0.379972230388215 -0.214964587249743 0.39321852062314
0.0657156799453068 -0.337513117306183 -0.188622973479945 0.338444630095124
-0.0171172801761541 -0.337334453862646 -0.163684136156947 0.276274931308834
-0.0605549029810734 -0.304545504639565 -0.206694192144281 0.136910496420725
-0.117410228186901 -0.249944873212109 -0.255939819771026 0.06173472256454
-0.208009430563866 -0.219778837893751 -0.288837894472102 0.16575284581381
-0.240003416311751 -0.133186758388775 -0.390804778928711 0.2870043689329
-0.392837065490027 -0.028488962244628 0.00798228694903783 -0.451459319449289
-0.425756614990321 -0.173152134895445 0.0197864695233541 -0.342190303356037
-0.40422943524171 -0.269086648773136 0.120854821326612 -0.255977782364978
-0.351999028033281 -0.450033077263655 0.209063893128016 -0.174179779977801
-0.180354923479987 -0.545552515047124 0.234141048746184 -0.0998761368741836
-0.00112342944190758 -0.538127632323452 0.148290363943584 0.0282511329885606
0.132168354826799 -0.555762939860985 -0.0274710139244469 0.159648546626298
0.188171118776152 -0.527866822810774 -0.0991726701788541 0.189706920755557
0.144988688850422 -0.517973782224155 -0.15527834618311 0.257837728356721
0.0529186710518823 -0.487485752226659 -0.166805936593733 0.277756767634965
-0.0944411503405653 -0.488595358770227 -0.158402189538161 0.283938500792692
-0.179732757328517 -0.417670779837485 -0.215538673749692 0.178040015209867
-0.246256952782646 -0.309824706830357 -0.239427996958042 0.141363048058678
-0.336760364568803 -0.247823376864235 -0.22514181862253 0.262479001157501
-0.352589469633262 -0.144168300405917 -0.265742978692687 0.373272623128383
-0.40879608285791 -0.0528441591084174 0.196072330883604 -0.404238875318263
-0.418449399285337 -0.230514112288648 0.179677248347907 -0.292880616851196
-0.36784095228521 -0.337813256687832 0.225958452396778 -0.19177581075941
-0.28671988186938 -0.507789804147315 0.251908604719614 -0.15323848085298
-0.104511625787287 -0.579367263919896 0.226005373556726 -0.142752441781162
0.069155233935446 -0.553719303059465 0.161679677242645 -0.0985637922145288
0.180289779829005 -0.565965862141115 0.0305054339942489 -0.0352451527618081
0.215429994080871 -0.571639373456301 -0.022191659015844 -0.0208150467047206
0.140868936009581 -0.59032753735013 -0.0980788997467722 0.0683476749709268
0.00972189809602368 -0.566753758315533 -0.158631667110315 0.159786800725785
-0.191113370380138 -0.552912937880503 -0.162583216062866 0.250370951027148
-0.303139661530592 -0.439782865213282 -0.203003885368578 0.213493962132524
-0.360437889839375 -0.29239668691339 -0.17345290653273 0.217905400503894
-0.430441193335123 -0.214089833013679 -0.11112180447256 0.341370576134823
-0.421182422787058 -0.123830710140174 -0.10224708729523 0.444547156300552
-0.355806978148383 -0.0689834070152878 0.356960094801303 -0.324186735966697
-0.333022258938384 -0.243255166839138 0.300333066108274 -0.207681249668559
-0.252882417501649 -0.328524240274092 0.280460324599169 -0.0957511167998073
-0.158419327958029 -0.448255419678477 0.261148201481214 -0.114007673624814
-0.00394848832399478 -0.482133136430373 0.213694643599599 -0.170618946844455
0.124797059906137 -0.46120083592489 0.191208352974095 -0.205681198198444
0.198785644428042 -0.485147570690771 0.112046386149334 -0.209968482947613
0.210661844359025 -0.526964718509377 0.0589103606743487 -0.230457317222827
0.120065272497102 -0.568790253757512 -0.0574263826811327 -0.14296288320173
-0.0279298120452782 -0.542854760294764 -0.172517668297818 0.0103675054164749
-0.240128710614707 -0.504415464891022 -0.184532080513397 0.187021425474498
-0.354535757354139 -0.370741367908474 -0.17445629868151 0.227479093316837
-0.396333879782177 -0.217095946439812 -0.0782287527197106 0.261761020966583
-0.444812022483423 -0.144005101518822 0.0264096420817698 0.379788499418704
-0.421833904460748 -0.0891087895798668 0.0742501561296577 0.48906470521366
-0.25164639907059 -0.0603631534659639 0.467054339680873 -0.234561556763816
-0.21432396915375 -0.196047211843097 0.359129768077155 -0.115519654379217
-0.126504462512233 -0.237964467475147 0.274066784028989 -0.00783524302516125
-0.0487835746101418 -0.291368363950477 0.236229656608016 -0.0806771543091266
0.0532129898586057 -0.307205382935782 0.193518720141119 -0.179630830566771
0.133416369769919 -0.304393725198787 0.217615314644791 -0.26996980134848
0.174179580201491 -0.338182434788557 0.195476200320263 -0.337497076645311
0.172011176542948 -0.401084413649011 0.132409637767677 -0.405764311514474
0.0956332109894243 -0.448925007391147 -0.0299531480952088 -0.332220278461395
-0.0289838162828599 -0.418588646748242 -0.193828371952658 -0.129271376801333
-0.204565393109428 -0.369628806786785 -0.217976932119405 0.119503107679907
-0.301228735401957 -0.251884939261961 -0.146390018044195 0.219418439712458
-0.331010849011697 -0.130213712217595 0.00812357839431323 0.270984948438456
-0.369070933294233 -0.0797482979958773 0.143437844954751 0.381675176206056
-0.347920855796831 -0.0572799898620532 0.228482231707491 0.504555663924338
-0.119252919565675 -0.0243834263186823 0.517106855621778 -0.168272781735844
-0.105241228758748 -0.0993435673061726 0.370882791800566 -0.0572352330854685
-0.0437711864360847 -0.106996952163564 0.240545208537822 0.0359228430414561
-0.00370917364481601 -0.119642688123022 0.205001442490845 -0.0708081564912024
0.0520656289250292 -0.13021315947973 0.171797033158811 -0.183496819776358
0.0922066321791423 -0.144939742861894 0.231933322048279 -0.298194628045494
0.110264065691433 -0.165465780554189 0.256297645109151 -0.413700318058991
0.106305287465315 -0.216661205541718 0.183973048590669 -0.518230657642941
0.0678768676837655 -0.252459802555932 -0.0107769889218493 -0.462123363474865
0.00228478054474019 -0.228038702570135 -0.207539802883672 -0.228387864695644
-0.104804466047999 -0.192227573410359 -0.243975472462007 0.0665097473150729
-0.171852444736306 -0.127489816079228 -0.128936796383195 0.204134950570261
-0.190950507199422 -0.0604710412341307 0.0632986587956021 0.265176305402617
-0.222028255980448 -0.0316459784037504 0.217460529674351 0.36442709653995
-0.208363264744085 -0.0332050231452391 0.331955432880181 0.496663489516446
0.0158744296014002 -0.0295917509728377 -0.363931973126563 -0.41905616425865
-0.0155981684919139 -0.0336576872256308 -0.289067355316519 -0.31043153221545
0.0114930474114903 -0.0279712064865714 -0.126598555885567 -0.237089990299317
0.000195941287966248 -0.0377119827505414 0.0717004964359429 -0.160997446510618
-0.00409871242548376 -0.00803563305965635 0.215499436755869 -0.0453505678550038
-0.0108147784439011 0.00772437964159292 0.152350588161445 0.215640374141967
-0.0271304921166779 -0.0104974424309292 -0.0273527237515561 0.466369037333864
-0.0266443017514427 -0.00802986059651992 -0.200076980828871 0.527395778303231
-0.0311327119897989 -0.0242982884381357 -0.25981820834458 0.489818257205935
-0.0252503298079744 -0.0253874667794712 -0.202114350531011 0.351238457937372
-0.0121347321903251 -0.0225374389754683 -0.155803539135924 0.22806574833307
-0.00128316964178729 -0.0240773907255338 -0.164438833771081 0.107940903334355
0.0153958686179573 -0.0195828031923599 -0.21578024059984 -0.00811732866250539
0.011303227214893 -0.0167322686470417 -0.300981241990831 0.046188117762686
0.0307978472860508 -0.0154741058613827 -0.492752577268218 0.173342038613444
-0.161891816472465 -0.010777389719981 -0.304318162019676 -0.445684478933977
-0.199141251678546 -0.0571235274148217 -0.245617305047254 -0.327957436829982
-0.181445253984768 -0.0852621072703408 -0.0802958861365928 -0.257556671795442
-0.180716127630736 -0.168745423633262 0.107265948403982 -0.164527250732885
-0.123001293906027 -0.209655709351405 0.234106177040984 -0.0425327017465346
-0.0474443732994789 -0.216033655943394 0.156998505603296 0.204977705353143
0.0142076009611657 -0.250158958075315 -0.0455748054464928 0.44344781381549
0.0552551928843294 -0.224837998650448 -0.19539863344907 0.488907259489974
0.0511908210599449 -0.208548481065702 -0.250837670648726 0.470354742353699
0.0319403937663499 -0.175630732976128 -0.201045204533203 0.356040322377507
0.00331568374848554 -0.170281231803663 -0.161298284658294 0.250608697034236
-0.00628859729903291 -0.159752618716284 -0.182031856662393 0.113961114615558
-0.031224113152076 -0.141131846174077 -0.236402281912572 0.0129373272422693
-0.0896377831183964 -0.133591433006872 -0.304002754384728 0.0899924256082913
-0.108321045099688 -0.0852276483129053 -0.464148593535462 0.21790863769479
-0.30760331561286 -0.00724422877740431 -0.17630319244368 -0.466186890614796
-0.349529847037789 -0.102238393891029 -0.138401587578219 -0.348408490189717
-0.335649912934425 -0.167733792343834 0.00485327340164556 -0.27442720365165
-0.315876957481212 -0.315187053156535 0.154803869052359 -0.175330353673969
-0.194968757252556 -0.402469169588181 0.239224935376598 -0.063671685605398
-0.05013677728849 -0.413447313683701 0.152734071319167 0.139090911715932
0.0685764352925612 -0.444046846165568 -0.0478497500275098 0.334505755106371
0.129778576005821 -0.410016524656517 -0.158775968939943 0.371186421297492
0.111084823381288 -0.381998800331721 -0.210027482675674 0.396189275871631
0.0621475856957492 -0.339283988718088 -0.185780502139732 0.341127679749393
-0.0213780851278079 -0.337934880029734 -0.160395251513957 0.279952780393212
-0.0638810376704806 -0.305558581363934 -0.205587089094145 0.140703865202231
-0.121615813161998 -0.24994278919705 -0.255302381265701 0.0666903000790436
-0.211321642794206 -0.218140088464795 -0.286210769833606 0.169681211907592
-0.243120322700088 -0.130702928891728 -0.388806882053545 0.293687172179814
-0.394491894836367 -0.0230296189890214 -0.000130402132739824 -0.454567447514067
-0.431431003251976 -0.167091397666539 0.0148398170346781 -0.342977407749437
-0.40830944364122 -0.264726679391402 0.117167015380343 -0.258600662402037
-0.35987038635868 -0.448214168283215 0.207897278743253 -0.17787158958944
-0.188340018556987 -0.544444936192414 0.234172031440326 -0.10330731288907
-0.00778482123604062 -0.53976508799816 0.150702703459462 0.0270283554716338
0.124799376030518 -0.557875927749075 -0.0253061429678954 0.161659521636685
0.182576899022667 -0.533284808923962 -0.0980016810141429 0.191400411641571
0.137774301835502 -0.521027147392932 -0.152520403539124 0.26013419924665
0.0474525160874855 -0.488739473551795 -0.164720076683469 0.280582993916172
-0.101379899576559 -0.487674141096092 -0.153977569527433 0.286420821485447
-0.185442907431435 -0.418065745891584 -0.214611237236228 0.18246677055896
-0.250995522454385 -0.308756777259428 -0.238182391198309 0.146604280530293
-0.340636366238682 -0.245583210053948 -0.222827845355453 0.265174431944291
-0.355950766632508 -0.140965225734523 -0.260111071546018 0.377980044105069
-0.410526036163044 -0.0465072196508892 0.189341143157218 -0.40859568622261
-0.423336008925997 -0.224637166765821 0.176979278557174 -0.296538250384481
-0.373942369862358 -0.334228563668737 0.223719636555581 -0.196167036974343
-0.294419898418256 -0.505793042046725 0.250655521298348 -0.157064524176294
-0.111571660445926 -0.580304289371603 0.226058841587467 -0.146371838117237
0.0626774267962748 -0.556861974339416 0.162424929709896 -0.10047515928147
0.174518358403159 -0.570034397901507 0.0299063409481201 -0.0351805346941604
0.209104333956871 -0.577810876702019 -0.0230301605273475 -0.0205185842634789
0.133514448892016 -0.595230289630435 -0.0984861186769466 0.0690975618351857
0.00265763703365814 -0.571182444029877 -0.158191226884988 0.162192904790137
-0.200249642254836 -0.552384550268792 -0.158993258094786 0.253488611169329
-0.310860935146075 -0.438572282945433 -0.201512557098793 0.217919953806321
-0.367208144191684 -0.290650987039234 -0.170713420706158 0.222730274371764
-0.434788969649175 -0.209142397677585 -0.106106594136392 0.343647271940337
-0.424319813261676 -0.119745592268228 -0.0959163692778098 0.447110314911209
-0.358405560979069 -0.0639983721993952 0.353625015767384 -0.331520448161628
-0.337603037158171 -0.240051061650837 0.298156048480403 -0.211877303091693
-0.25880167825666 -0.327019704020161 0.280641339429084 -0.100220502831288
-0.164671556135418 -0.446680709329357 0.260313011436931 -0.118039934578606
-0.01114518498627 -0.486149430579263 0.212570443616388 -0.173545730522908
0.12062674707675 -0.464964470287197 0.188730174271943 -0.208417366587102
0.19450686372889 -0.489020019261576 0.109029344786716 -0.211833545258107
0.202480310503763 -0.531422127695652 0.0560650302845751 -0.231598998357687
0.113409715305253 -0.572721516060362 -0.0601109825373719 -0.143564635974774
-0.0353017054847309 -0.545986648262931 -0.17397706607156 0.0126102670471618
-0.247233777533699 -0.502774927111607 -0.182407570535614 0.190338960292597
-0.360899456791128 -0.367175597363612 -0.172987536322262 0.230992981617305
-0.402388467489559 -0.215117596296362 -0.0747543074621747 0.264992658091197
-0.449148707177816 -0.138785104118106 0.0324718942369275 0.380461240668415
-0.424293450102533 -0.0833230623831799 0.0834613425358573 0.489963964530514
-0.252797400995579 -0.0572990222836176 0.465369558684924 -0.240740032728796
-0.217926424869714 -0.194210508401183 0.35902902271559 -0.120795055630233
-0.130933759955958 -0.238011661382551 0.275870411732922 -0.0117976910466115
-0.0538186140417626 -0.292003948275261 0.236396281300287 -0.0849623760353075
0.0485846602135706 -0.309203757442453 0.192310840516413 -0.18274242462087
0.130369024622188 -0.307705059620513 0.215388344797649 -0.272970566597482
0.171603115937866 -0.340442322730323 0.191447639233005 -0.339716468747631
0.167676004146555 -0.404624070284155 0.128235789654933 -0.406469440140651
0.0904977880284872 -0.45268832650295 -0.0349926799936126 -0.333468582310464
-0.0352918236732766 -0.419462807160627 -0.196703563672167 -0.127535146262963
-0.210482511056271 -0.368186253742672 -0.216452408827594 0.123031681837376
-0.306213522325459 -0.248833292203295 -0.144657474038969 0.222720354350066
-0.33492096751733 -0.126853852762151 0.01221838732328 0.27304050447242
-0.371352038786259 -0.0743413824520393 0.150481801801341 0.380540182570455
-0.350135222672507 -0.0529879995672736 0.238918004237004 0.503924995637328
-0.120011125624861 -0.022698443342616 0.515634030588659 -0.175499844818308
-0.107000448124309 -0.0985758154368831 0.371376159403522 -0.0624728332447113
-0.0457210649655133 -0.106980610400839 0.241880096673297 0.0331836823456263
-0.00534829996522815 -0.119784480414473 0.20444916094444 -0.0738991210681286
0.0504300847793564 -0.130556322214829 0.169990801894249 -0.186331528473543
0.0901985906450174 -0.146405982830088 0.229033044183963 -0.30256023371159
0.108833863736949 -0.167016690107348 0.250979956463112 -0.4184738238462
0.103033208741364 -0.218366082444717 0.179067558264271 -0.522561983505099
0.0642795799598999 -0.254854066831108 -0.0186154449300897 -0.46286513666053
-0.000265514680813796 -0.229381792886084 -0.211151842331403 -0.226917609275146
-0.107677987964917 -0.191360580877068 -0.243960370602928 0.069644321317096
-0.174217787742216 -0.125390901682687 -0.127563174554398 0.206645941728421
-0.193118555975351 -0.0579469928081886 0.0674726515549075 0.266418918657156
-0.223031819256143 -0.0287928926081169 0.224228940284484 0.363461017693563
-0.210727714609021 -0.0312743252689908 0.340696879695493 0.495252563143288
0.0153748709973756 -0.0297645994187776 -0.373279632490197 -0.413690133482814
-0.0159244692549062 -0.0328067766723677 -0.296764749183603 -0.307556341786976
0.0115253035745053 -0.0281547142479225 -0.131916165698682 -0.236184375968157
-0.000293587662810076 -0.0377541166159067 0.0698211339510427 -0.162671422971544
-0.00409431425614142 -0.00786862167613585 0.215348740248225 -0.0487433758753603
-0.0104689240842655 0.00881383942048283 0.15721863849516 0.214157670002971
-0.0276408913773502 -0.0104300478572525 -0.020827520579404 0.467605662598251
-0.0273165617630448 -0.00743213434097504 -0.193827061950999 0.530100782816781
-0.031758102800366 -0.0240137478219379 -0.253183439469657 0.493980629494938
-0.0254391122100459 -0.0255581212293838 -0.198053060153511 0.354399349234891
-0.0125623585160634 -0.0225492039265533 -0.152920556214244 0.231123553087012
-0.00155683974148937 -0.0245173338140725 -0.163315073874772 0.111053490291413
0.0147920450008362 -0.019893138875605 -0.215390075221963 -0.00423056254732209
0.0115112934632892 -0.0168097679463584 -0.300105726827988 0.0505345380988812
0.0301204667999906 -0.0158398483741332 -0.489935080978087 0.180241525699207
-0.162526211361905 -0.00878825318999815 -0.313944839153303 -0.443902015274018
-0.200673801081102 -0.0534788391468607 -0.251731483990727 -0.32541446387517
-0.182808958857118 -0.0830617621220079 -0.0849285501953196 -0.258258182793895
-0.184684801651355 -0.16664125432629 0.10556398854413 -0.166182606937867
-0.126664337264378 -0.20796920671993 0.234372102075694 -0.046566941195515
-0.0508273323913398 -0.215667292372856 0.161518924930514 0.203069486983296
0.0104830666667865 -0.250561217638299 -0.0380727495063373 0.445177862287287
0.0520406468258927 -0.225984907278592 -0.188627783819554 0.492561912538949
0.0477136393598984 -0.208537872905946 -0.244717831228951 0.473607525445825
0.0297894795352131 -0.176000445890923 -0.196902147300034 0.358670682674022
0.000322560605663139 -0.170661130207584 -0.15718725687088 0.253899223855367
-0.00849324210749362 -0.160342341255121 -0.181266880014513 0.117818508271405
-0.0336131629660012 -0.141100848883545 -0.236810952140944 0.0171186151862698
-0.0914264433470813 -0.132316664636523 -0.302542373228299 0.0945562897201602
-0.110426376952848 -0.084015963328387 -0.461577606984614 0.225262581845852
-0.308004012644973 -0.00309218661796512 -0.188238983482315 -0.464048964492343
-0.352325887532738 -0.0971099150361176 -0.145945422726033 -0.347209397372777
-0.339759898901575 -0.163024481178896 0.000604170147749904 -0.274956380688925
-0.32146682804749 -0.311382212967426 0.153456829631473 -0.178820693179387
-0.200658166058627 -0.401269469512037 0.238790703327541 -0.0668469690357811
-0.0556638518904317 -0.413069825929145 0.156311324932129 0.136944042240213
0.0614555234518119 -0.446699815010581 -0.0428125043428763 0.337704162540943
0.123268236854645 -0.412349474310079 -0.153919075014547 0.374000514185989
0.106001973209878 -0.383439962685408 -0.205817391796104 0.399069785217553
0.0569395628514022 -0.340191752877295 -0.181868842093335 0.344001395134157
-0.0268029865674111 -0.338657705433178 -0.15611723714785 0.282979392036651
-0.0688285086040278 -0.305048300352844 -0.204666804769842 0.145653946003474
-0.126038283272879 -0.248994133815493 -0.254564077124374 0.0722663692685721
-0.215106293761369 -0.21557142770304 -0.284177720817202 0.173671897785224
-0.245722654729176 -0.128195616715672 -0.38231292241719 0.30075141253756
-0.395389949386977 -0.0174006483931969 -0.0083960315470209 -0.456348349858521
-0.434616524590492 -0.160560174264733 0.00852244976591261 -0.344901499342787
-0.4134945659121 -0.259220848338916 0.113273565794282 -0.261942788037179
-0.367738907559333 -0.442953025866293 0.205704266482606 -0.180847688129846
-0.199152916412277 -0.543867953309012 0.234332720696512 -0.106848827870125
-0.0158391112622575 -0.540558708393314 0.15193879733661 0.0245572939710724
0.117445874757096 -0.561554588583603 -0.022907437750392 0.163506061950587
0.174418886132805 -0.535420908390859 -0.0962039336463737 0.192569412076216
0.130187922546245 -0.523316224697682 -0.149143818702621 0.261848276711902
0.0401055515554482 -0.491071662834666 -0.1615804407383 0.283083878716445
-0.110346800774258 -0.488672553811028 -0.150370972356843 0.289921313248775
-0.191458733863484 -0.415751897724203 -0.213047876106609 0.186720026337245
-0.25749032569231 -0.305221693420588 -0.236580935563775 0.152006818629127
-0.345311589827602 -0.240627923124003 -0.217937189483143 0.267859749427432
-0.360543852130217 -0.136669168958697 -0.255106671073632 0.383563536018803
-0.411142668675325 -0.0413842200690131 0.18101535074453 -0.413594396694234
-0.427422183510112 -0.221177136656372 0.171531266698489 -0.300307356841708
-0.380121380016718 -0.328946058541973 0.221175718696845 -0.200209727784105
-0.303936949359869 -0.503575536927063 0.249072968716514 -0.160402437657973
-0.122646887724573 -0.580646955291971 0.225117502623047 -0.149660742145879
0.0551473459889658 -0.558416397965231 0.162263933647769 -0.103800617523349
0.166578749639467 -0.573406791273764 0.0289792595353553 -0.0343302997977966
0.199883477222633 -0.581420194657712 -0.0235309844140806 -0.0204020782946874
0.12426299219559 -0.598611263165709 -0.098361350906508 0.070265517591034
-0.00523747822129804 -0.572537750715395 -0.156557738272881 0.164287815059374
-0.208489160423068 -0.552283300155575 -0.154789781570185 0.256435520144514
-0.317555938997128 -0.435505176473222 -0.199523163453211 0.222363060039841
-0.372060438184296 -0.286337775884229 -0.167046048737644 0.226981019249546
-0.438413072210846 -0.203712236706776 -0.100966058050765 0.344757994031701
-0.427847200460343 -0.114383636935046 -0.0874800388813257 0.449969037216167
-0.360682788179664 -0.0590404842845797 0.347558835015338 -0.338224921397263
-0.341956285774016 -0.236234693577509 0.294995263741493 -0.21720871213487
-0.263254336306587 -0.324126147178924 0.279859753988051 -0.10459658585924
-0.172760089937194 -0.445594942958738 0.259184894777231 -0.122343586841472
-0.0192264970228094 -0.485375603383307 0.211708130946428 -0.177176967763035
0.114166225234123 -0.467089749401886 0.18768561202731 -0.210515253995802
0.187831888645731 -0.492304910525554 0.105857618965332 -0.21181486870123
0.194531954574647 -0.536831273608136 0.0518440757956473 -0.232592794935496
0.105521857749308 -0.574717096139148 -0.0624176780319756 -0.143363874469052
-0.0424142927403193 -0.546831263085476 -0.174675246456429 0.0145703753031435
-0.256979583497724 -0.501208178407008 -0.179924871223398 0.193604854966399
-0.369094577480815 -0.363910491426276 -0.170546222573686 0.235966344591603
-0.406855813075988 -0.208794776571061 -0.0707204020282275 0.267831349862041
-0.451941979211699 -0.132038424615897 0.03899886208548 0.380598153709769
-0.42749518172166 -0.0782106740807402 0.0917859943737858 0.490113204460747
-0.253930825116544 -0.0534330860502361 0.460598221681351 -0.250265891046143
-0.221487190508005 -0.191798627962548 0.357668082230046 -0.126853472275376
-0.134198507803067 -0.235797127572097 0.277276724970122 -0.0159835707070614
-0.05759409233954 -0.29142359523314 0.235658265734781 -0.088232994428795
0.043620499569474 -0.310366220421927 0.190630790998281 -0.185727267280624
0.125994728345452 -0.309956445257108 0.212787604725182 -0.276087648888418
0.167289273959462 -0.344120505638748 0.186021974646659 -0.342905442571258
0.162146981402854 -0.408743860589212 0.122334856156793 -0.4101269025353
0.0840451779242314 -0.454724142377162 -0.0406622720122725 -0.333776389387133
-0.0392189809445738 -0.420835011647761 -0.200909857447689 -0.125526563483815
-0.216340420274521 -0.366091301849745 -0.214856039880245 0.126220396065711
-0.309416371699137 -0.245426491130029 -0.142752586413316 0.22584024965507
-0.338269893535653 -0.122537012654564 0.0166871588301359 0.27484153641975
-0.373200414123993 -0.0695675883997541 0.15737385312259 0.379235426552426
-0.352651612119678 -0.0483942342311075 0.248156653752472 0.501107355386029
-0.120090030342682 -0.0209218016092671 0.514298021330951 -0.183721722815848
-0.109351623298115 -0.0970088920527888 0.371695777587026 -0.0691711525777468
-0.0476741520561407 -0.107266461663173 0.243846349799172 0.0291504931655111
-0.0071642196756445 -0.119576836343587 0.204440990786127 -0.0778211721685041
0.0483785389700579 -0.131697085988155 0.168375888061498 -0.188912462180988
0.0879623506560528 -0.148259126545333 0.225224232002644 -0.305531755430129
0.107799973331435 -0.168830016821625 0.24539893673372 -0.421565280351345
0.100069876941417 -0.220217393369894 0.173175473861051 -0.525482663350565
0.0608233043852382 -0.256330287706455 -0.0247811354991548 -0.462304580500751
-0.00295292302718186 -0.230255303203424 -0.216342346561723 -0.225038402382579
-0.110792976450816 -0.190359511901849 -0.243033213086962 0.0735359078545035
-0.176733348862599 -0.123219251148079 -0.12512056794344 0.209470649355018
-0.194701529602943 -0.0558676554114409 0.0723989772838971 0.26656840005265
-0.223085168971417 -0.0256596574822726 0.231404728109535 0.360320551477697
-0.211367473572794 -0.0285228284098357 0.3525798963329 0.490089177844337
0.0146242845071383 -0.0301277198551991 -0.381158362100059 -0.409414439771479
-0.0162963097512832 -0.0320937277223207 -0.302375449798315 -0.303452598795357
0.0114024268411238 -0.0281384741226402 -0.136831667892189 -0.234483660564945
-0.00120107299432689 -0.0378538878061771 0.0669505861145372 -0.1636672517809
-0.00367838304494458 -0.00784508056363733 0.21488603367904 -0.0522330348613527
-0.0103389108407966 0.00899911862928979 0.161041041378165 0.211935738625585
-0.0283466578467102 -0.00924578738581922 -0.0114937037260161 0.467980746033187
-0.0272482236287388 -0.00699809987544756 -0.185764433174265 0.532895326667774
-0.0327598938816889 -0.023083674594108 -0.247605789723868 0.495987298185185
-0.0263776564412572 -0.0245384835690711 -0.192757036824623 0.356779937556799
-0.0132794098670649 -0.0227556256710572 -0.14933694064775 0.23372842339799
-0.00208412614910647 -0.0248971159517325 -0.161251997652258 0.114476054222253
0.0142475343892928 -0.0202110951176098 -0.215196134373278 -8.8305111730575E-05
0.0107922695226297 -0.0171442438874214 -0.29854741968046 0.054559545821335
0.0301957440068992 -0.0170172129109984 -0.485408935831873 0.189552824086865
-0.162667887213313 -0.00635547071664777 -0.324128554122278 -0.43971149937114
-0.202142685449061 -0.0506642848463639 -0.259442349002799 -0.321302331462387
-0.184548248404228 -0.0799671486287077 -0.0900554719895536 -0.256775867783379
-0.187370383269491 -0.163482670668276 0.103309168240155 -0.168214888227877
-0.129526400598951 -0.206219801799737 0.234383924082046 -0.0490199368298922
-0.0539307269611029 -0.214229459057877 0.165803069075324 0.201538454085759
0.00656258721397898 -0.250676808689478 -0.0303411223592819 0.446858116498095
0.0483594991957595 -0.226509005561738 -0.183027035572355 0.493633790959791
0.0436632619832449 -0.208875880340171 -0.237122840638544 0.476525531019268
0.0267793354790269 -0.176471098887963 -0.19161664896293 0.361321549934731
-0.00267762214199286 -0.170679119743199 -0.152786798809015 0.256690928397862
-0.0106341011593601 -0.160763179573103 -0.179920607812076 0.121323327815111
-0.0365619803691636 -0.140876707422603 -0.236244801062513 0.0222832236531945
-0.093779939869851 -0.130995171232092 -0.300346829729259 0.0985090852209678
-0.111647234295943 -0.0831896477281468 -0.458158323940177 0.233271407628075
-0.30811511365563 0.0023220276548786 -0.196956352480998 -0.460922356337381
-0.353876165607876 -0.0911789913677169 -0.151505354829628 -0.344950952668701
-0.341959021930325 -0.157935817537968 -0.00495481328667311 -0.275513238217317
-0.327151104552478 -0.307159188327823 0.15012071289003 -0.181177437576855
-0.207977186277986 -0.399356393657718 0.239033063998633 -0.0705064561304221
-0.0624312468203143 -0.412012819353925 0.159663771321584 0.134409823537092
0.0546836270845054 -0.448944680501868 -0.0372127602687276 0.339646564049374
0.116718291338957 -0.413451143151208 -0.148803879633725 0.375872650764578
0.0995893766102438 -0.384019839567095 -0.197993266820803 0.40153536376643
0.0514315660563759 -0.341155835082919 -0.176915925388918 0.34654716407045
-0.0329011104126029 -0.337785799193923 -0.151451472089833 0.28494340638791
-0.0733115839331623 -0.303949042249964 -0.202868037580203 0.149769582265499
-0.13096396930951 -0.247611411590489 -0.253267627962239 0.0773236134176718
-0.219026597181776 -0.212285295477887 -0.28038238194568 0.17712905760694
-0.247746251064528 -0.125339486037394 -0.377813089005682 0.306706156294527
-0.395087942275692 -0.0109713445718896 -0.0186610053538786 -0.456472934294499
-0.437632187713289 -0.154807086524299 0.00195283293825112 -0.345102111993904
-0.417602558990282 -0.253242052408413 0.108553557485523 -0.264095307355458
-0.376481386884391 -0.436351727845096 0.203186063519533 -0.184811624682268
-0.208235947336659 -0.541625829936202 0.233587927441326 -0.111387870271763
-0.0228426770053261 -0.541150985071651 0.153921160359874 0.0223174137266893
0.108450838743861 -0.564391275123007 -0.0204156549998366 0.16527892847863
0.165294975742674 -0.539933371940308 -0.0937825387477264 0.194685880595893
0.122592798847519 -0.526007885735245 -0.145511388165147 0.263339055543795
0.0332567159074965 -0.491806870629046 -0.158021850001136 0.285868740409976
-0.117886794923601 -0.486661945850648 -0.144785711186799 0.292447368803303
-0.197134859882838 -0.414375631870185 -0.211080015209585 0.191287741139679
-0.262851459757365 -0.303129989180207 -0.233642127896723 0.157123630967137
-0.349059798249097 -0.235626458967092 -0.213148076866665 0.270408204895726
-0.362047814046895 -0.130815432027002 -0.247680683174663 0.387199838714879
-0.412324852707709 -0.033661825930542 0.172881649685717 -0.417027882548142
-0.431739439949285 -0.212667014781352 0.165218115677947 -0.302424999060728
-0.385220393855213 -0.323284642401506 0.218068593212414 -0.204312920245794
-0.313756729054653 -0.498760226971556 0.247059339172292 -0.164381693945975
-0.131215485340176 -0.578393082306182 0.223591184711066 -0.153654987863466
0.0466352185989019 -0.560070108042656 0.161570363800393 -0.105811508833336
0.15774100259907 -0.576944329185175 0.0282045966822804 -0.0327583022726878
0.190363928783761 -0.584049589893564 -0.0246105496781406 -0.0197146097290058
0.115037653887238 -0.599470839815445 -0.0977392994712758 0.0709408790639326
-0.0153088874861404 -0.572150904925592 -0.154388330215533 0.166547681672285
-0.218097873454836 -0.548527181013196 -0.150018864548061 0.258880156554228
-0.325453417303005 -0.431691732495059 -0.196667495400628 0.227033421267472
-0.377511892937029 -0.280324841092204 -0.16334765726289 0.231010377523895
-0.440812228960917 -0.197847641639346 -0.0945793152370001 0.345802526593921
-0.430447351389967 -0.108219896141562 -0.0792378419746709 0.452680312141202
-0.359593971295763 -0.0520690693102887 0.340252317651951 -0.34381751036802
-0.346601237698919 -0.231471658914095 0.291251120725063 -0.2221072919735
-0.269375605148264 -0.319899820367288 0.278314288283069 -0.109015133484918
-0.181087692445936 -0.441628117172838 0.257990609126332 -0.126505584512504
-0.0270148283698361 -0.485659594017253 0.209762231040489 -0.180526833940599
0.106993956007071 -0.46828987192059 0.18483795530115 -0.2145653805235
0.180636683357783 -0.495017205483764 0.102383314118911 -0.212745310335572
0.186062193736232 -0.539910525882914 0.0484454839248032 -0.233300218230522
0.0966348291941927 -0.576759408274459 -0.0662669977377284 -0.142983332083657
-0.0505526914290865 -0.546485014838354 -0.175853984678628 0.0172846854346588
-0.264637473483285 -0.497340038273332 -0.176708495832926 0.196052610015456
-0.372892915494477 -0.358595015572453 -0.16745245951511 0.238757432623644
-0.410562783318546 -0.203324242378033 -0.0661679678706335 0.270290407934102
-0.454509577763746 -0.127175069553663 0.0450948596184734 0.379682310405453
-0.429550506296966 -0.0720004128255925 0.102024054889513 0.488771268105533
-0.254913868879553 -0.0489068005951871 0.456314096330324 -0.257403036326218
-0.225968899093597 -0.188638343175366 0.35491679761942 -0.132213587538688
-0.138869001005388 -0.234482580743238 0.277088935457729 -0.0207452931702289
-0.0629944017973211 -0.290338282270788 0.234740726215814 -0.091719097180075
0.0388740133525206 -0.311125636473572 0.188069037898768 -0.188652015009971
0.120668220628045 -0.311680791010078 0.208841875789193 -0.278957536158086
0.16306550636409 -0.346199873067267 0.181080907238829 -0.344809766894217
0.154561135659755 -0.410830136557481 0.116506505315712 -0.410879716842701
0.0760764051377553 -0.457536227240907 -0.0471466177231021 -0.332550698561968
-0.0463681878648794 -0.420605774626224 -0.202795563680516 -0.122421521527699
-0.222355581687969 -0.362660202436963 -0.21240867669103 0.129448956973066
-0.313456350954088 -0.241035768715265 -0.139627814059091 0.229345095669499
-0.340762729445085 -0.11742535554928 0.0219147872269464 0.276265240789901
-0.374511305223681 -0.063654472583088 0.164653301940405 0.376701650569862
-0.353142186386857 -0.0433994953143045 0.257507836806806 0.496510102721934
-0.120587784941764 -0.0191804896123789 0.509627464534428 -0.191575564927866
-0.111313469860567 -0.0955531660072872 0.369756449793626 -0.0750908756706866
-0.0488687315476121 -0.106100135215057 0.244281520664911 0.0246230722585284
-0.00961867813151902 -0.119253653225002 0.203478382530155 -0.0811864931521832
0.0461492560267034 -0.13204523710328 0.165638958926208 -0.191828833851855
0.0856916879084852 -0.149829895223442 0.220985612768084 -0.307675626663149
0.105288503084748 -0.170606209135609 0.237873772102964 -0.423868036331178
0.0963883148725154 -0.221873012512 0.16375832114463 -0.52689562201541
0.0569055973402572 -0.25744625169697 -0.0329868499701826 -0.462049488285463
-0.00648888193378758 -0.231210414111615 -0.220511298212361 -0.221972495005414
-0.114062340819853 -0.189051327107773 -0.242308670898369 0.0772953529877605
-0.178662929743602 -0.121020636063679 -0.122613342465018 0.21261356451827
-0.196147396367019 -0.0527710793573406 0.0770403590877658 0.266547924912165
-0.223635134184001 -0.021726557977724 0.238942354737947 0.35771535518468
-0.212430877502392 -0.0250912225254794 0.361643771314863 0.485591898728282
0.0140440898621816 -0.0301590407074582 -0.390282477908896 -0.402617102081245
-0.0167727532084874 -0.031084006662274 -0.309226215960259 -0.297272439266869
0.0111048577514647 -0.0283386586731098 -0.140841172347117 -0.231663356787591
-0.00182355415870223 -0.0373331591146029 0.0639986717296962 -0.165100499638371
-0.0042096545387072 -0.00768834698488725 0.213040079818078 -0.0553696123731301
-0.00978922725863171 0.00987782920189523 0.1655504644956 0.209256836499696
-0.0292303918282011 -0.00861607246977346 -0.00328466056350985 0.467456790278023
-0.0273481440241681 -0.00570483293163936 -0.177104655976767 0.533290059822623
-0.0333380801588032 -0.0218565302618232 -0.237703950884321 0.497006218842118
-0.0269622991989489 -0.0244093298746988 -0.186362546292765 0.358681228914706
-0.0138458303040781 -0.0225088038354146 -0.145287142574486 0.234983853058803
-0.00234917208317943 -0.024581912731529 -0.158618314644765 0.118028241267656
0.0133966850808853 -0.0209557118493079 -0.214723293867735 0.00412716672395072
0.0104282637094026 -0.0172628171885983 -0.296610362603487 0.0590522275595692
0.0297474138400839 -0.0176371270481267 -0.480392460809462 0.19713407267985
-0.162605109301935 -0.00328962396491484 -0.333886397840219 -0.432167260317293
-0.202268605234467 -0.0460455463602627 -0.265220935671869 -0.317481098160258
-0.185188675612667 -0.0770877154351941 -0.0954976528737557 -0.254848240820513
-0.190607802207428 -0.159568992235583 0.100415198684731 -0.170002460626966
-0.133403883763266 -0.203726120369485 0.232361703776827 -0.0537271465948328
-0.0572240012029401 -0.213033363541716 0.169241539363933 0.198302318355816
0.00231350365385195 -0.250714003162526 -0.0227596543690675 0.445514212786667
0.0440904297966821 -0.226621194995236 -0.175728108979924 0.496261344746986
0.0397648024369596 -0.209139825863055 -0.229644281485785 0.478118812929051
0.0234695731302355 -0.176113329921228 -0.185865235066525 0.362422911869126
-0.00586103364719275 -0.17029930745998 -0.148782914170562 0.258687210742386
-0.0131843546336777 -0.160102577295137 -0.176761341540687 0.125091841519085
-0.0386886243528004 -0.140570730853496 -0.235068309700577 0.0269821019449122
-0.0958940531682668 -0.129085701740631 -0.297341931580243 0.102774771678445
-0.112981877694543 -0.0813196380044437 -0.451770900372861 0.241042697711535
-0.306993783362464 0.00704056940121556 -0.207652055527722 -0.458025506744547
-0.355478227770156 -0.0845310628050383 -0.159095889658687 -0.341447319305287
-0.344650870464496 -0.152082426116013 -0.0105048906137563 -0.275136332210081
-0.331839535760352 -0.300520493851279 0.147148063809173 -0.183074141822253
-0.214368672340139 -0.395121494572356 0.237955154554649 -0.0742246202495792
-0.0680880561332391 -0.410451366148691 0.162586339531625 0.132018977797128
0.0478174899290827 -0.448317008309443 -0.0315339469583329 0.340246658398741
0.108803472350896 -0.414210966628205 -0.143919699626822 0.376884920561757
0.0919088101170912 -0.38556124259792 -0.192964970583098 0.403439756203469
0.046054820398819 -0.340819586346994 -0.171763098857482 0.348414521351556
-0.0391526465795592 -0.336706948469823 -0.145367548289118 0.287252043570141
-0.0777605512464636 -0.303011661839232 -0.200082593972422 0.153568263155086
-0.135081467095183 -0.245593930068814 -0.251290464265424 0.0824860595049168
-0.222251910333564 -0.208733023226248 -0.276334992413131 0.18081151923747
-0.250042638356237 -0.12155101442994 -0.37152416733328 0.312545053365103
-0.393469733138027 -0.00438249304627371 -0.0293389822128875 -0.456494621927403
-0.440633931458768 -0.146253653779026 -0.00496112651926887 -0.34405186585916
-0.422486094118047 -0.245955925788004 0.104731432017665 -0.2655652094906
-0.383753710580428 -0.429988337901275 0.200528463244156 -0.187763905670798
-0.216764144925292 -0.536552216850524 0.231582311211648 -0.114597550706543
-0.0327250535187158 -0.539684747206863 0.155091280464863 0.0199774505810955
0.099244052583424 -0.563984874979862 -0.0173737815246692 0.166586502634105
0.155202637730209 -0.541972337044501 -0.0905541990314965 0.195949874897981
0.111619628168802 -0.526751589178233 -0.141011150164961 0.264428730767642
0.0269666745753026 -0.490728503200104 -0.153456740502878 0.286760176441616
-0.126836513907743 -0.484400459602656 -0.13904710423897 0.294408651190127
-0.204393491044816 -0.409325517333691 -0.207899397756968 0.195536488507968
-0.267839226029568 -0.298683931171253 -0.230236415435264 0.162131794120225
-0.35308678833474 -0.228709679957977 -0.207210587608048 0.273107151181072
-0.36413615567265 -0.124990229394793 -0.239611530388125 0.390980254000654
-0.41218868174665 -0.0264363841424814 0.163632092551245 -0.419704094227548
-0.435625618919034 -0.20604089766048 0.159080990561866 -0.304829653201812
-0.390942254255729 -0.31725848862875 0.214400567474613 -0.207486156688467
-0.321356353245011 -0.493059097925046 0.244609489489302 -0.168429399358238
-0.140491957399582 -0.574602127901722 0.22187395742074 -0.157059416010271
0.037790661736549 -0.559515878224148 0.160203801623926 -0.108230001017747
0.149487664790071 -0.57733830134933 0.0279693479703627 -0.0323109363280647
0.179797728482678 -0.586147194922338 -0.0251149556980928 -0.0189239528644133
0.10495984649193 -0.600503480776244 -0.0970667309966209 0.0720464242284099
-0.024236415861265 -0.570037610832499 -0.15250023170138 0.168950387272286
-0.228296197784319 -0.544380952934596 -0.145529934329163 0.261209655232314
-0.331660799834488 -0.426682511646177 -0.193347014468744 0.230818194061738
-0.383389086157918 -0.274633672613953 -0.158546777926176 0.234880501542098
-0.443570117983474 -0.189569484076001 -0.088166831035271 0.345778057587147
-0.431347193731235 -0.100693549910052 -0.0700158910860366 0.451727491630343
-0.359833415251314 -0.0470545695735445 0.33262779137436 -0.349681042607099
-0.350281211260532 -0.224747308254817 0.285743099670447 -0.227210343661218
-0.274372381620212 -0.31520607608471 0.27606852528877 -0.113732293308305
-0.188838213485349 -0.438047845477687 0.256260316058994 -0.130460883458883
-0.0352272976111333 -0.484308628377722 0.207209985405689 -0.183479160956325
0.100189407215148 -0.469761628278748 0.181828743988247 -0.216514174934343
0.172175170594201 -0.497121772648743 0.098837398369063 -0.212619598593511
0.176767010537245 -0.541017703845283 0.0442959263010174 -0.232759059592147
0.0858469677898388 -0.577016736576659 -0.0692682578797206 -0.141452450629203
-0.0593002498388351 -0.544191469527144 -0.174974647982851 0.0199381422427194
-0.273999026658436 -0.491061238741703 -0.171505032394584 0.198494686588537
-0.378232194444413 -0.352448257946266 -0.163952792075114 0.2420970285735
-0.414512264783643 -0.196171929682602 -0.0603749016747567 0.272359930272817
-0.455838856326178 -0.119232259712235 0.0517519032457746 0.377651963068395
-0.430202819169308 -0.0651030951092052 0.111514648327749 0.485564441380257
-0.254557276082263 -0.0445890895735145 0.448973373335473 -0.264641698546308
-0.22918381748341 -0.185377379838484 0.351192632059538 -0.13826101532748
-0.14274808958199 -0.232299781649587 0.275892975833477 -0.0254726241337555
-0.0677691064610451 -0.287606496371598 0.232515003657809 -0.0960934370354724
0.0331127576324656 -0.310239103363604 0.185336220019642 -0.191093879191106
0.115917359917049 -0.313811663781315 0.203132208070683 -0.281616575830817
0.157485224934836 -0.347895709128898 0.17460565762912 -0.346867782193042
0.146830222154792 -0.412485787516317 0.110205539684445 -0.411117012361304
0.0683460819405062 -0.456770387949191 -0.0532686191433605 -0.332005698819807
-0.05277014349227 -0.419791619027919 -0.205466501093597 -0.11894874123189
-0.229253349966122 -0.358708857458231 -0.209905973852657 0.132671715625668
-0.317201546996476 -0.235683038266455 -0.136293620632127 0.231642487338015
-0.342615518194335 -0.111928898213161 0.0270139623052811 0.275779877634902
-0.373698189762109 -0.057818945375992 0.170598897596716 0.373316490503287
-0.353647476613086 -0.037286501638068 0.26839363088877 0.490882625665934
-0.120093975459049 -0.0171852924134735 0.506051674686194 -0.200126660743605
-0.113659725592553 -0.0937345613085275 0.366607941150548 -0.0819358395259036
-0.051192405241441 -0.10553374068053 0.244538930456568 0.0200676512518407
-0.0110862051584039 -0.118982472668713 0.201632037787321 -0.0845681309981409
0.0435527203637671 -0.132670638992017 0.162775569890335 -0.194283654340074
0.0831365981898665 -0.1509631827608 0.215548558097813 -0.310693913783312
0.10279590898877 -0.171759274921123 0.231902153752543 -0.427455316468395
0.0924063881561418 -0.222893913954129 0.156442682110954 -0.528591821421729
0.0519521476737719 -0.257794347078019 -0.0417367554963281 -0.461350215331417
-0.0103822146512687 -0.230451050319528 -0.223407329811327 -0.218314271841333
-0.116812387028836 -0.186415425773158 -0.240085638205435 0.0810732073318224
-0.180278275950425 -0.117309042608712 -0.118799129592257 0.21489408649349
-0.197229257536471 -0.049260535451191 0.0821415479319419 0.264933145032336
-0.22303266029003 -0.018528365509403 0.244875675845106 0.352347214057294
-0.213071803842057 -0.0219898516594546 0.372455248701626 0.478082779689334
0.012787844643032 -0.0302251680141646 -0.396666948650959 -0.395308437601345
-0.0165045015880378 -0.0301838520332709 -0.314531554216092 -0.291651187723372
0.0108460874067521 -0.0286159127122929 -0.144562360684191 -0.22830931423822
-0.00260253413172812 -0.0373732243472445 0.0612735287363573 -0.166060031970635
-0.0040552135489389 -0.00742266092400665 0.21156127107271 -0.0585786260257423
-0.00938863274528953 0.00981124928474686 0.168610487108052 0.206393035052101
-0.0291885959610225 -0.00769039561931814 0.00407966626370515 0.465168449372954
-0.0276253457034711 -0.00510156999171992 -0.169361173357373 0.534818980756298
-0.0341750899076301 -0.0207064619808321 -0.227870536437386 0.496856400755435
-0.027137382190629 -0.0234324961374156 -0.181025710570539 0.358837941291654
-0.0146987286186018 -0.0220829451271077 -0.140491532411217 0.236943667822766
-0.00255667253249291 -0.0250281106760226 -0.15625049737794 0.120598935672876
0.0129689553052624 -0.0209102438812607 -0.213647947316472 0.0078416827568191
0.00937951275724332 -0.0169272160877207 -0.293388114416054 0.0633437754591937
0.0288917312708956 -0.0185413227489886 -0.475953124529134 0.205092509000066
-0.161585957816486 -0.000434712861757738 -0.340207387339531 -0.42499335685789
-0.202602814775738 -0.0427262666897279 -0.270912800177388 -0.31185535567113
-0.185803737929483 -0.0740031667105678 -0.0994648711298037 -0.25280619205508
-0.19239543795143 -0.155978194538605 0.0972716600550663 -0.171522069735592
-0.136005020016032 -0.200151685304447 0.23156815472828 -0.0568843852697958
-0.0602042279729676 -0.210888879856499 0.172310057300437 0.194569476276628
-0.00158160401023922 -0.249087424734825 -0.0161240007387034 0.44501124253296
0.0404037777074857 -0.226424536181111 -0.16656191301492 0.496360402128164
0.0358790873089607 -0.208197848322049 -0.221251783407777 0.478467478605965
0.0205480664057896 -0.175280745655916 -0.180180779188934 0.362557569489654
-0.0092074206119928 -0.169252927467932 -0.142923101438391 0.259840475632962
-0.0158559016658132 -0.159852829013797 -0.174553534261384 0.128503485593913
-0.0412947259950257 -0.139669576649595 -0.233210976931129 0.0312877711451685
-0.0980121543853728 -0.127063641322103 -0.293644778398409 0.106087616177815
-0.114338218733899 -0.0792569216984399 -0.443652103029858 0.247089534606795
-0.304859689917171 0.0129794280803218 -0.215436328432636 -0.45346953475321
-0.356019743229312 -0.0788631312933549 -0.165375733794449 -0.337605627388423
-0.345247120635147 -0.146166452651355 -0.0146165170983777 -0.27414407857941
-0.33651638593377 -0.29323269374808 0.144272857532447 -0.185100645995828
-0.221776059558245 -0.388703092738954 0.236846933196748 -0.0786613102842302
-0.0745937390554215 -0.407671832869992 0.165362887007242 0.128551861648158
0.0400796473742963 -0.445490757011308 -0.0253850365581039 0.339441694303488
0.102145905028844 -0.415291706066079 -0.137138746092267 0.377675690134384
0.0855215811278971 -0.385143313510482 -0.186844076022034 0.403086512501012
0.0407204413445677 -0.339700753535009 -0.165826316902184 0.349223161090396
-0.0449875910141877 -0.334504219149286 -0.140028590425683 0.288340338933201
-0.0820823607335052 -0.300132130453816 -0.196633836355279 0.156823421532769
-0.139247619937828 -0.242806252738241 -0.24807814486653 0.0878343260854362
-0.224683319967596 -0.203406426674272 -0.271755402375388 0.183826715650998
-0.251372244053214 -0.117150478553472 -0.362803850878027 0.315661482793868
-0.392072563936061 0.00318908140526046 -0.0379437200652236 -0.454071286364899
-0.440825045396588 -0.139006049622616 -0.0112343460471523 -0.343763198921486
-0.423646511152948 -0.238507940263443 0.0991548776609976 -0.266210306595592
-0.389194016987508 -0.421932579104492 0.196870887024339 -0.190340622899418
-0.22411966987142 -0.531342431956258 0.230301947493182 -0.118369966577857
-0.0398450478928539 -0.537106210383391 0.155359655112167 0.01709956886092
0.0913918537707609 -0.561850297404042 -0.0143316240762664 0.166684757970551
0.146425138166261 -0.540621660118996 -0.0876649664723198 0.196312479526462
0.103801973682515 -0.525046010437868 -0.136661409903381 0.264176024106315
0.017960320726928 -0.488315063732341 -0.148768541290002 0.287755358026484
-0.134362092820388 -0.480611427525249 -0.133386816978952 0.295248541391166
-0.210015459899926 -0.406208665539807 -0.20419143644592 0.198620809244572
-0.273423280087618 -0.294079469146671 -0.226095005628954 0.166721122373534
-0.354103919687243 -0.223368377648664 -0.201875045629143 0.274007890876356
-0.364421786712328 -0.119105715037333 -0.230401458427915 0.392627872419528
-0.409700594699576 -0.0206664327926514 0.154202577785229 -0.420437109872835
-0.438021650090389 -0.198201895151766 0.15256183588225 -0.307134369152052
-0.394274671591086 -0.308674131977855 0.209849844415356 -0.210571103084189
-0.328238831939194 -0.484205134163153 0.240558249696836 -0.172039229664135
-0.150171301851566 -0.57055468850086 0.218798447089501 -0.159918669436934
0.0292140016096287 -0.557801856399078 0.158440727369694 -0.110518986826013
0.140017704568247 -0.577315889662131 0.0267312510131264 -0.0310892832761839
0.170039940581657 -0.586565936135473 -0.0257585001938131 -0.0186997057498685
0.0949155774739976 -0.598856072384351 -0.0965847615358979 0.0727803647721894
-0.0325934579007286 -0.567253591800928 -0.149852810634571 0.170149075342455
-0.236988484763682 -0.536894290747379 -0.139188066710328 0.261955644849137
-0.335469824370062 -0.419496970534941 -0.189018431597687 0.233451560508124
-0.387255239725798 -0.266936952464091 -0.153588436898108 0.237892745739289
-0.444201073554528 -0.181077049386239 -0.0819410061391755 0.344951478661948
-0.431719312764486 -0.0940013692422671 -0.0614864643463617 0.451608603595892
-0.358189822182099 -0.0398405547608187 0.32382863061712 -0.353873041545419
-0.354315148643619 -0.218661780165427 0.280375665299612 -0.230185101625419
-0.278272525512691 -0.310048680384384 0.273684957134409 -0.117722202061997
-0.194001618260122 -0.432093931891315 0.25276260219365 -0.134248824229798
-0.0444099564867544 -0.481372320577592 0.203936626692703 -0.185261880966058
0.0920986885263437 -0.469609941353665 0.178270369874382 -0.217769045590952
0.165475728753875 -0.496679559037065 0.0949032661806717 -0.212244506971102
0.167234129550184 -0.542286297599998 0.0405249421625454 -0.232111818533199
0.0766705746468556 -0.57649982929012 -0.072050708455605 -0.140697133265391
-0.0675801433688416 -0.540688630499689 -0.175070616804612 0.0228486670408544
-0.280531040530002 -0.486138564279529 -0.167314627076536 0.200029132037365
-0.383121801623067 -0.344533965260348 -0.159638879016789 0.244310943595172
-0.417121904596959 -0.189468788495349 -0.0548993053497486 0.273168822169379
-0.454230065840036 -0.111363169209308 0.0583118947710402 0.374195617610827
-0.429670911529804 -0.0572835078501469 0.121459161399939 0.480891978211267
-0.253663109779919 -0.0402823145543194 0.442477398338491 -0.270920037721054
-0.23176207649491 -0.180325776935707 0.346927871498366 -0.143650442241882
-0.145542950403591 -0.229308108872137 0.274881839206806 -0.0308574821260433
-0.0732440886946875 -0.285446140063925 0.230576794469053 -0.0990914512272782
0.027599514275898 -0.309211915751864 0.18216587660577 -0.193150324778217
0.110255592174133 -0.313499504170671 0.198787520913879 -0.282830473670716
0.152698985107906 -0.348456074360869 0.168382551080577 -0.346874823769603
0.139325568051602 -0.413011404939859 0.102851986463405 -0.410950767560193
0.0607237252494765 -0.454796488776206 -0.058692182542502 -0.330106333460143
-0.0590555186652267 -0.417436245410289 -0.20682554110066 -0.115746703009416
-0.23375678047837 -0.353466654885215 -0.206196278577522 0.134595443315523
-0.319284016695095 -0.229357918955186 -0.13272571928174 0.233564362395283
-0.343958316292009 -0.106894313651555 0.0316795353954578 0.275665290122736
-0.372921463701539 -0.05206510262073 0.177209355082512 0.368843820277788
-0.353383291070573 -0.0316419673079595 0.277113639313325 0.483237313836854
-0.119381133110574 -0.0149167259253156 0.498867866663288 -0.208003049768668
-0.114625392259074 -0.0909996033251083 0.364243983409115 -0.087333065714343
-0.0523623457621141 -0.104172785257149 0.244633878423353 0.0160894280189233
-0.0127232888222797 -0.118171432548237 0.198965830807417 -0.0882321613068206
0.0418758509419194 -0.132501499431926 0.159350184363734 -0.195654529172775
0.0798033944019388 -0.151714639841795 0.209010160638843 -0.311848772115018
0.100491406823439 -0.172564224498814 0.224691217808372 -0.428297985596779
0.0883001598700092 -0.223303200039595 0.147135126365675 -0.528194399069419
0.0470269546536815 -0.257265839639163 -0.049902954336519 -0.457888133202889
-0.014212360757972 -0.230316712626495 -0.227257520644486 -0.213473609688263
-0.119507587099039 -0.183576535229406 -0.237579965304352 0.0840133219620221
-0.180863993312235 -0.113846444833745 -0.115483413309253 0.215941281168221
-0.197596934431535 -0.0462207572288871 0.0860622035679241 0.263462716223892
-0.221978010995594 -0.0155444626797796 0.250222573355215 0.346947857011521
-0.212856335904365 -0.0182289785943153 0.381332301015391 0.468841276819373
0.012135721244645 -0.0306134452820474 -0.401474565183659 -0.38449851325114
-0.0169034406685216 -0.029100682988848 -0.318722595003191 -0.284660583450596
0.0108492178793256 -0.0282991404128603 -0.148266658042605 -0.225089599021773
-0.0034149863714782 -0.0367607359222581 0.0575923499870372 -0.165797763217046
-0.00442444369419182 -0.0072764682160555 0.209564514611829 -0.0611491471407189
-0.00908342711090196 0.0102895297437361 0.171836236698974 0.202189890123469
-0.0292324268423008 -0.00674117590609418 0.011890158735627 0.461854093974101
-0.027134529806186 -0.00440133449580697 -0.160470754381868 0.531642709966421
-0.0346141860226382 -0.0193696773782877 -0.219292083167075 0.495383877467303
-0.0275920533935055 -0.022378923797428 -0.174230958183339 0.359349528803487
-0.0147028875038763 -0.022116781546868 -0.135747772909632 0.236990748512947
-0.00314002483393023 -0.0245180698303222 -0.151714157151612 0.123606044862273
0.0124370699486627 -0.0216035193643123 -0.211416521154508 0.0122199684944439
0.00959354027739916 -0.0169837353028616 -0.290075759200892 0.0668587920804654
0.0286500056875379 -0.0186940772104065 -0.467711239198272 0.212022648562894
-0.160199652593235 0.00183469471032999 -0.348135601191029 -0.416875944528959
-0.202002029385811 -0.0388370759033531 -0.27613515436172 -0.305583165826743
-0.185206400685235 -0.0700616729336858 -0.103811555551934 -0.249047995874431
-0.194526863341381 -0.151697098302795 0.094223369062971 -0.1719783961319
-0.13825517534474 -0.197657001754564 0.229081666212454 -0.0606322837213525
-0.0628283458663893 -0.208079402752683 0.176068314408527 0.190294170325564
-0.00612459844378238 -0.247008994074334 -0.00652423339312506 0.442877490689731
0.0359050730536909 -0.225339043108417 -0.158380568261117 0.494753929871387
0.0322302760103014 -0.20613911115155 -0.212122542341176 0.477564043974127
0.0175985494901109 -0.174229825090438 -0.172479050632044 0.362394834065764
-0.0124232177857894 -0.16777592692842 -0.137738277768439 0.260485579856507
-0.0177798350455884 -0.158701042062832 -0.170460986883632 0.131304109548116
-0.0438122111024098 -0.138110215417515 -0.230362764403883 0.0362789929966698
-0.0990634552005329 -0.124157032072427 -0.289119386437891 0.109836415232664
-0.1150620348074 -0.0770550527852533 -0.437261179678232 0.252967009552738
-0.302271868441306 0.0169468306912257 -0.224176588492124 -0.446718452473542
-0.355026377980759 -0.0725039389838637 -0.170825127460826 -0.3326706993783
-0.345195451018673 -0.139684945122671 -0.0193245620666156 -0.271674952562071
-0.339653295357626 -0.285598009309744 0.140675241435951 -0.186444693707005
-0.225394771996067 -0.383793558680909 0.234231178308555 -0.081841387765207
-0.0794637017612139 -0.403293954306992 0.167118045732545 0.124648418776321
0.0339926792880522 -0.443124935111632 -0.0194893981626562 0.338149309950533
0.0934589613947463 -0.413009888517654 -0.131401074958515 0.376144343535981
0.0794021626130125 -0.382754221789504 -0.17826259632529 0.40223492274697
0.0355089413785544 -0.337057576018696 -0.158780142943746 0.348511554577457
-0.0510345304586532 -0.331121122746258 -0.13394108852053 0.288848020311659
-0.0858620895631421 -0.297786032291022 -0.193092242539409 0.159862133412028
-0.142364919568785 -0.239235451582742 -0.244274831260467 0.0921064061016807
-0.225851639095133 -0.199007746823376 -0.266630474817008 0.185371292230822
-0.251716681682826 -0.111842250289098 -0.354800580376454 0.320018368232266
-0.389207867342447 0.00908109793723551 -0.0473072289973228 -0.450453997400904
-0.441832268136972 -0.131271964605271 -0.0185514205065736 -0.34114297147677
-0.424983568197223 -0.230543902185452 0.0936119536958227 -0.266633250644358
-0.393761188803717 -0.412478736310747 0.192756811994188 -0.192150617845601
-0.232338682244325 -0.524740452483081 0.227700318988113 -0.121786960705162
-0.0474408473384546 -0.531332442558296 0.156093435255109 0.014018850699079
0.0822501350675117 -0.560372721072668 -0.0113745789189208 0.167330054289083
0.135917870711976 -0.539695290115153 -0.0847847953940312 0.196088464850522
0.094015565632623 -0.523097127946642 -0.132595177535984 0.264704681682579
0.0112820513883771 -0.484870672674783 -0.143985080742595 0.287942051814099
-0.141361440709682 -0.474581259959456 -0.126557941556254 0.295528292109365
-0.214827982617612 -0.400872944829298 -0.19979892867912 0.202222510165159
-0.276477468975527 -0.287900885290374 -0.220866273448755 0.170072112879499
-0.355727246126676 -0.216978557451333 -0.195131840018012 0.274566863943915
-0.365198636264131 -0.11273015146574 -0.221687375146469 0.393686074570536
-0.405210457603312 -0.0137714289382685 0.143618381155215 -0.420807974563714
-0.438340979843135 -0.190173719109368 0.145575029674462 -0.306682310847388
-0.395759887601027 -0.301990727729758 0.205107244513589 -0.212388564309218
-0.334582773404936 -0.475953412250752 0.236961211515022 -0.174557109776359
-0.158552248249947 -0.563999576530961 0.215983112307342 -0.1619497038582
0.0207532969276529 -0.553971692178083 0.157374670754156 -0.112164849028155
0.130782001862904 -0.57542836286046 0.0266998452618679 -0.0300146152026028
0.158231972888691 -0.584754893701764 -0.0263062185795621 -0.0177814290093305
0.0847540796263656 -0.595548978739341 -0.0952785031558006 0.0729756428566574
-0.039469838992412 -0.563428301922497 -0.146954440781303 0.171435900478392
-0.243322938074058 -0.530400550315978 -0.133287843353109 0.262232369415831
-0.34043180039961 -0.409927937211642 -0.184356038499045 0.236075364351477
-0.38871151922646 -0.260049586645496 -0.147774195243806 0.240180889622086
-0.444234602032984 -0.173938927911418 -0.0751240343016042 0.343356029677599
-0.429670613886747 -0.0866773025612224 -0.0519653085641806 0.448857261323442
-0.355316666845857 -0.033795549844512 0.31308387186828 -0.356981539225828
-0.355448413824346 -0.210879202084139 0.273151114264661 -0.233572059419795
-0.281357221203773 -0.304095970724605 0.269954058272098 -0.121717272401465
-0.200661213495346 -0.426165895837364 0.249575451003566 -0.137576792220503
-0.0513274493470135 -0.476321647163337 0.200278226710422 -0.188160862986492
0.0835526247995505 -0.46722450346464 0.174037241589544 -0.219443475695653
0.15769721214747 -0.49543825350454 0.091047723539339 -0.211316241012902
0.156326409284087 -0.542008392591109 0.0362821435888529 -0.230463884820957
0.0685573523247216 -0.572505638196787 -0.0749382011476925 -0.13848216607501
-0.0749179208220206 -0.537694466658085 -0.17416388308114 0.0250671551509412
-0.286849538764097 -0.477315014269526 -0.162729745229483 0.201377493996725
-0.38553358265281 -0.337508122139309 -0.155587673712014 0.247232904537409
-0.416803096870779 -0.180873160253478 -0.0489885962654175 0.273502815228236
-0.453156866410231 -0.102890592841904 0.0648368929816232 0.370449422165501
-0.42889197995179 -0.0509005454612991 0.129711454884384 0.475901272179469
-0.252114609421458 -0.0362009092807593 0.432928638245429 -0.275915129115112
-0.233326302979636 -0.175605566921121 0.341652274519237 -0.148230087198157
-0.14797027000379 -0.225543469109133 0.272728773304637 -0.0343288162492109
-0.077141000989462 -0.28197942701465 0.227033893634609 -0.102453866832088
0.0222784009214027 -0.306951749500034 0.178100527304676 -0.194349138906295
0.104288237615126 -0.314029722900153 0.192326224220822 -0.284931834042853
0.146407566514438 -0.34774914964627 0.162266478297748 -0.345715658002447
0.131598049251067 -0.411240858159962 0.0950077913494438 -0.409014555129702
0.0526403804556249 -0.453506486869581 -0.0646837640551432 -0.326170636615616
-0.0653201107055635 -0.414652298452509 -0.207933907432108 -0.110895670632741
-0.238408930708755 -0.346900403188317 -0.201942016649557 0.136472526239631
-0.321214139437701 -0.223608937350019 -0.12839086481094 0.234927542940933
-0.343840084550015 -0.0997750699050682 0.0369484584566285 0.273880204013141
-0.370812965401937 -0.0461293306911543 0.182386219568377 0.363169823144415
-0.351953209034979 -0.0259814691797288 0.285793128513812 0.475249469824057
-0.118875842209633 -0.0131274311517521 0.491483454165945 -0.213622681042444
-0.11547117605545 -0.0890130820699686 0.359511361792645 -0.0935504954808559
-0.0540436536792665 -0.102751757036431 0.243349858136569 0.0113007491375916
-0.014766261293863 -0.116397878205013 0.196635069242601 -0.0911932867925185
0.0389492671090817 -0.131939175881199 0.154686658269865 -0.196572193246867
0.0763036799268674 -0.152032519592217 0.203709477524615 -0.312622776381983
0.0983625049148781 -0.172310721142931 0.217042725030331 -0.427433816320888
0.084340601706085 -0.223781909757764 0.139744818483277 -0.526022344654932
0.0426460327405475 -0.256473577611285 -0.057744283522282 -0.453515145867019
-0.017951016550433 -0.228708744343536 -0.229780297220597 -0.208970914937436
-0.121745377607483 -0.180676468392327 -0.234981893063424 0.0876978813585908
-0.181584871935424 -0.10993556955119 -0.111122310475211 0.217465107840357
-0.1973881450067 -0.0425356058422179 0.0906572037965671 0.261196759722806
-0.220662456635891 -0.0119548588609293 0.255629518297465 0.341367140947537
-0.212637249638936 -0.0149510821621799 0.387709292949941 0.458859404034459
0.0117059015234038 -0.0302257358906035 -0.405924107277297 -0.374481749254906
-0.0167820456494601 -0.0276162020874122 -0.321787852943266 -0.277477045114465
0.0103661426782572 -0.0283109330384297 -0.151337851202989 -0.220315345671439
-0.0045286286199551 -0.0364878440439395 0.0547521477545461 -0.165109041972698
-0.00351135033776473 -0.0076719689943117 0.20614473746007 -0.0646432098356243
-0.00877170494351585 0.0107478497283975 0.174575661269838 0.197285201465667
-0.0292305948139426 -0.00517740207601512 0.0197531953430776 0.456870577678641
-0.0274333034671666 -0.0037661255178148 -0.152286576079107 0.528688328294988
-0.0353118818808245 -0.0183654729695615 -0.209833669162085 0.493997497584795
-0.02825167912748 -0.0218916173341731 -0.167606229914086 0.356083615940309
-0.0154452802150028 -0.0217593179494964 -0.130256395678338 0.236995500747665
-0.00356088051621158 -0.0246101374022974 -0.148257155255929 0.125270488091497
0.0116534390579256 -0.0215219962899949 -0.208612593357075 0.0160389169426813
0.0085413627686931 -0.0166520038957911 -0.285643945719302 0.0707689894316584
0.028207532230318 -0.0195423701621713 -0.458861660469274 0.216837851907059
-0.158567180068694 0.00434511055578538 -0.354199542636762 -0.408268983154741
-0.200780764555872 -0.0345161046983094 -0.279695757388716 -0.298688457813961
-0.18421256616594 -0.067038838659984 -0.106975092740059 -0.245023701749396
-0.195398612006976 -0.146870088252881 0.0910781343823507 -0.171765485231969
-0.140458190752459 -0.192612505436396 0.226253185745713 -0.0638578143684064
-0.0653576927558029 -0.204752665074769 0.177870072766859 0.185723196941256
-0.00963699225666628 -0.244060017245382 2.05056883023126E-05 0.438651736415858
0.0321612472085171 -0.222829401995047 -0.150251589790795 0.491437921264961
0.0287377943379876 -0.204390871037632 -0.203642661991525 0.474523790806557
0.0149742469768554 -0.172240955487017 -0.166590799333914 0.361442697209155
-0.0148994918292053 -0.165670016668252 -0.132209786017213 0.260499869322594
-0.020097282233632 -0.156877130711309 -0.167300783083435 0.133853372531733
-0.045820253132219 -0.136472423330271 -0.227643385989505 0.0402878967452668
-0.100445516866864 -0.121260862940057 -0.284162072735997 0.112555637151557
-0.115190215283107 -0.0746921784370936 -0.427121510917715 0.25708146884965
-0.299397962696655 0.0215325890664315 -0.230301884348413 -0.439472828235178
-0.353434715101093 -0.0658136630857129 -0.176413670271172 -0.326838447645881
-0.343906567158351 -0.133943194656995 -0.0246593864417469 -0.268991485742176
-0.341297577846868 -0.2768720450593 0.136831188555032 -0.186683475315526
-0.229560743934819 -0.376029873867219 0.230946786820855 -0.0852381291597551
-0.0841486945475089 -0.398508663040146 0.1684943856196 0.120671422744486
0.0263615789765303 -0.440219481888644 -0.0132565398907847 0.336425462198044
0.086068395868848 -0.409966687848317 -0.125152272977532 0.374009244495499
0.0712301448298299 -0.379736258730902 -0.170106648034457 0.401144485577032
0.0296981972699657 -0.334328427613153 -0.153572174682184 0.347436346832676
-0.0559148814166135 -0.326576590205477 -0.127841981403377 0.288491855442641
-0.0892566020520977 -0.293867320963668 -0.188862672604559 0.162209685798883
-0.14540545694915 -0.235272228035957 -0.240580983576113 0.0962560591679696
-0.22774914929081 -0.193305502615956 -0.259977444131942 0.18724265651202
-0.251370401992297 -0.107243500229855 -0.345369849009425 0.322384640802094
-0.38477813414349 0.0153997518875786 -0.0568351798987459 -0.44562223379985
-0.439820707192518 -0.122968829900572 -0.0243381512419172 -0.337167193044993
-0.424792550900696 -0.22189013916786 0.0886849503846495 -0.265112751557421
-0.397246241001367 -0.401726626734314 0.188820719355601 -0.194036548512408
-0.239706836819142 -0.515235334166926 0.224634000475201 -0.124071770318935
-0.0556469816373889 -0.52535743654313 0.155865101602955 0.0113765391460553
0.0741673492692277 -0.556062346246638 -0.00872961805542888 0.166279438414145
0.125826695996379 -0.535653630998607 -0.0817300759475083 0.195428269245258
0.0868035915388655 -0.518894752063006 -0.127946812592572 0.263393205823714
0.00351591622325557 -0.481116529132883 -0.13899247214516 0.287434126865105
-0.148680872169877 -0.466591021407333 -0.120472560660823 0.294449604451061
-0.218173214479187 -0.392798807270441 -0.195199912879935 0.203884663168817
-0.279736272217072 -0.281420797078169 -0.215741867730499 0.172960636747856
-0.356085678602717 -0.209746416793522 -0.188923634853098 0.274435940494968
-0.364493278070195 -0.106322629983599 -0.212026367714481 0.393375420561165
-0.400955188881241 -0.00709794984340414 0.134011970372856 -0.418768021522065
-0.43795278856784 -0.181786015447109 0.139170249724738 -0.306022098144734
-0.397799685852894 -0.294053019993282 0.199820185817517 -0.213821125436553
-0.338600327763878 -0.465074564601475 0.231958627579665 -0.177360543370624
-0.166350115882209 -0.556765238440368 0.212514169041848 -0.164571912814491
0.0121403661315176 -0.548327721753741 0.15489883980064 -0.11358443652471
0.120488303808808 -0.570562178344477 0.0263302281408417 -0.0291312204034091
0.147038851334726 -0.581816423054882 -0.0267851675921438 -0.0172463161952052
0.0742910969316317 -0.591271716684392 -0.0940242164803774 0.0736702433926548
-0.0480760275476488 -0.558059724686691 -0.143512720569113 0.171788344822598
-0.251535627456797 -0.521574421048182 -0.127639877843651 0.261956876085955
-0.343633605494489 -0.402077195339853 -0.179900716178839 0.237650331863718
-0.39007002943007 -0.252545305808291 -0.142293512023944 0.241212491561321
-0.443477674222181 -0.165727155153401 -0.0685987161804156 0.340440929986877
-0.427329935469817 -0.079068817469196 -0.0432792671903764 0.444920935162338
-0.352561086051353 -0.0279307185950255 0.303032598742777 -0.357928421778117
-0.356009945228264 -0.203945118595579 0.266721803755541 -0.235551840488085
-0.283857035632685 -0.29708309854162 0.265853024060163 -0.124828090752642
-0.20554780146555 -0.417498136792312 0.245623930926911 -0.140304084471353
-0.0594353981773394 -0.470756368561659 0.196166612013827 -0.189236333343384
0.0759263151963978 -0.463167376745802 0.170200169225835 -0.220269802445953
0.14958220581739 -0.492973442734197 0.0870000018517711 -0.2089403028262
0.146758164322247 -0.537446323842412 0.0324247298222573 -0.229082234964996
0.0565133302194316 -0.568057665503804 -0.0767630938040614 -0.136155309485871
-0.0829653816230014 -0.531320735634286 -0.172789830654904 0.0277678966846793
-0.292209541416912 -0.468908088032776 -0.157672910284972 0.2018302805504
-0.387418868085036 -0.328220271580367 -0.150613530193185 0.247976226722253
-0.417366987739443 -0.173788011802029 -0.0441328625226159 0.272568332379072
-0.450863208467694 -0.0964686710196271 0.0703764035704226 0.36516080025668
-0.426055267890846 -0.0445594761208835 0.137745074074493 0.469243018971812
-0.249297351189029 -0.0317132646464719 0.42229040978041 -0.281417448613337
-0.23466265616399 -0.169960392825237 0.336445215515224 -0.152389259790256
-0.150016208286316 -0.221059317852912 0.270168328768019 -0.0388144669688128
-0.0803718678213487 -0.277510757647328 0.223912846587426 -0.105570734760956
0.0177044543841099 -0.304035405163878 0.174131193967859 -0.19589703128759
0.0991930945469321 -0.311914433526369 0.188029937395271 -0.284299604223395
0.140189598989036 -0.347477377529213 0.15552578549835 -0.343658997345662
0.123167376211548 -0.410064209797848 0.0890105955563929 -0.406703196986553
0.0453104273923761 -0.450332051250837 -0.0694491052408824 -0.322080017140079
-0.0696220963110796 -0.40992479818462 -0.208378638205596 -0.107834684268901
-0.241454926191877 -0.340270928152049 -0.197604107413972 0.138286775328508
-0.321812645105596 -0.216329810007824 -0.123735153942826 0.234834630481161
-0.342700642660362 -0.0945943893564151 0.0411629214406129 0.271748301997975
-0.367890937189484 -0.041055814194197 0.186752597510924 0.356919364016143
-0.349630791243653 -0.0204753552691542 0.291471445357055 0.466351194324001
-0.117227551405012 -0.0109272080302112 0.482068138495557 -0.219908178492791
-0.116880957437577 -0.0861550405700288 0.354080928305374 -0.0984334946709978
-0.0548348974911361 -0.100735163955652 0.241327138392266 0.00683774328982799
-0.0164981002130754 -0.114637148694583 0.193393981213145 -0.0938951133631834
0.0365658427187415 -0.130631489211986 0.150788223058996 -0.196728250721848
0.0737543060725894 -0.151404311499437 0.196221639318911 -0.312451782730626
0.0946954089881304 -0.172745157149168 0.207077347911881 -0.426395762341582
0.0801333590398947 -0.222356023249201 0.129826110784653 -0.52344738527619
0.0377374889958066 -0.254570842390127 -0.062983856502266 -0.447747690417224
-0.0202364687277384 -0.226649901115564 -0.231293844155711 -0.2031888713197
-0.124035075146273 -0.177449265338687 -0.230931704840867 0.0899732111362542
-0.181618796069758 -0.106579481862604 -0.107301404150574 0.217552731046751
-0.196307607295616 -0.0390887250163076 0.0945895357760517 0.258181260235106
-0.217889965057541 -0.00911125893631948 0.259668566803544 0.334968260436481
-0.211378694039725 -0.0117321223476448 0.394321980740808 0.447248069192353
0.0105766805194312 -0.0296425986843738 -0.408647077472449 -0.365479963397706
-0.0162670088540252 -0.0269040600763762 -0.323426150655589 -0.270186302674381
0.0103354637959429 -0.0281245197670091 -0.152848839817448 -0.215559131728547
-0.00533652799637605 -0.0353970505842487 0.0521037057577757 -0.164670205242468
-0.00427832386344629 -0.00753644145926183 0.20278235214062 -0.0668685706204308
-0.00817281725177915 0.0107643625220617 0.17585807394994 0.192450827920204
-0.0297013403543038 -0.00451967341462512 0.0269410770405595 0.451401004581351
-0.0271404711530683 -0.00300938742137779 -0.144767016367584 0.52312030156928
-0.0352654008964653 -0.0167514145292952 -0.201273712799339 0.489755790855951
-0.0281842118342232 -0.021007036723875 -0.160979665430281 0.353883473305942
-0.0159827159042692 -0.0209477558006399 -0.125776710084014 0.236067469915292
-0.00370209056171838 -0.0245489596293165 -0.144760523655405 0.126759607079221
0.0108151480543408 -0.0217814859599412 -0.206477532498479 0.0193212392817231
0.00813831315243142 -0.016276396426364 -0.280647996626706 0.0730525838029412
0.0272230317917511 -0.0203579118902464 -0.451342951279495 0.22102830451726
-0.156911645169478 0.00655224981050022 -0.356999045758859 -0.396998045392989
-0.199001083126727 -0.0314447329740407 -0.281377632999089 -0.291651540603973
-0.182809314769306 -0.063406642164546 -0.109990492165437 -0.24093225897653
-0.195547556771374 -0.142362813456044 0.0876163609765033 -0.171712309789039
-0.142407093078114 -0.18919148250326 0.223723807890241 -0.0664293737696435
-0.066679290326609 -0.201849954719346 0.17922973369122 0.180764965279812
-0.0130115203306465 -0.241443149527295 0.00710022195117462 0.434444854137645
0.0286486690252875 -0.220447613169015 -0.143729735112031 0.48721129172878
0.0250946954908837 -0.201550845581022 -0.193921778405553 0.471402179297111
0.0125338274129672 -0.169885814785011 -0.159680476722772 0.358803423206816
-0.0174127979154696 -0.163459738274491 -0.126884030444402 0.259661028787
-0.0215854080755318 -0.154521549551294 -0.162891654504231 0.135099049343564
-0.0481254452102689 -0.134398080279037 -0.22383279792543 0.0432579100593353
-0.10105833919198 -0.118504892385568 -0.27909522164776 0.114341481599353
-0.115258341786706 -0.0727537372301125 -0.418621289946356 0.260106980068413
-0.294956540997604 0.0260769143633048 -0.236569692532979 -0.430993797477214
-0.350956007172187 -0.0601152812055166 -0.179605363002693 -0.322197631450758
-0.342766801775367 -0.12792186655155 -0.0277579523823596 -0.265587881878728
-0.341927939498914 -0.270217028697197 0.133550898732385 -0.186417599685785
-0.231883172110797 -0.368688771098703 0.22826534597095 -0.0875658896269771
-0.0883892059639093 -0.3915283739553 0.16890921293442 0.116510292561081
0.0209770442856051 -0.435712089357452 -0.00865988519757362 0.3327008373417
0.0800778417795568 -0.406519024408104 -0.119805858987229 0.372004189253661
0.0657264198508828 -0.375291105172105 -0.164153228143765 0.396840256996121
0.0255907014372987 -0.33089109292602 -0.147690609045159 0.344457527620139
-0.0603242198058882 -0.322272035905694 -0.121618019659307 0.287090580391886
-0.0925716785294004 -0.289279067927496 -0.184298362126269 0.164040761559707
-0.147518262226069 -0.230798588177438 -0.236015848044572 0.0991017114140048
-0.227600231501566 -0.188021521290375 -0.253845578802984 0.187861789649702
-0.250439280379844 -0.10298859246892 -0.336419334192565 0.322474247850607
-0.378988424297729 0.0194879268227781 -0.0640159707418391 -0.440105570513684
-0.43648477273201 -0.115202255451348 -0.0295781950571705 -0.33311603261662
-0.422291161349185 -0.213891543829477 0.0835426141418978 -0.263485576354313
-0.399784464666892 -0.392991628426942 0.184611090755816 -0.193512560450588
-0.244634477995661 -0.507225690714444 0.220625971449275 -0.125928953190398
-0.0608115206687556 -0.518409690006538 0.155045270726514 0.00863333233061044
0.0648128602965257 -0.551202199988341 -0.00541654818160116 0.165817370172429
0.116144398244824 -0.531684238504631 -0.0790408751608469 0.194812824892001
0.0774909737454571 -0.513442264698074 -0.123733682999565 0.261621846752105
-0.00252585255294237 -0.474655900321261 -0.134125248457049 0.285836812114996
-0.152396677508387 -0.459817788199744 -0.113874486260462 0.292381071880442
-0.21978494768417 -0.386065754967521 -0.190860474890402 0.20455557519456
-0.28067422378649 -0.273897352435953 -0.209907962323995 0.175220427459116
-0.354982896403394 -0.202345414683078 -0.182468034006588 0.27279302965749
-0.361991037158616 -0.100100506988454 -0.202969756769953 0.391115271869088
-0.396751483490558 -0.00237734184833536 0.124844432142764 -0.41657201164268
-0.43716472175585 -0.173898628856463 0.132335959977783 -0.304753729970656
-0.397388302057539 -0.285067855023549 0.194878314265171 -0.214869574511507
-0.342653290125703 -0.455914596311326 0.227617435339603 -0.178375467191261
-0.172934395776954 -0.5483431321839 0.2094845243454 -0.165465340065777
0.00596419015091296 -0.543043912322947 0.15227552334213 -0.11516701039147
0.113847186984264 -0.566212962356293 0.0255600386027143 -0.0280595064917855
0.136765142604185 -0.576525530507472 -0.0273262105812808 -0.0161189623647263
0.0645287234022988 -0.585408503145024 -0.0928735311992133 0.0734151300650813
-0.0550752185685932 -0.550491547001747 -0.140055620074567 0.172298917346192
-0.25551047277375 -0.512282158548263 -0.122155579413561 0.260455407576834
-0.344998445094405 -0.394590660011398 -0.175158220499913 0.238741672656255
-0.390750140079444 -0.245057176043867 -0.136777912462108 0.241366364788642
-0.440185814848376 -0.158896548928611 -0.0631379365969534 0.336755742360957
-0.424213128743301 -0.0724500689397014 -0.0357983052444251 0.439144608106126
-0.347655182651695 -0.0229361710545556 0.293555249213194 -0.358148564763486
-0.355920096234363 -0.196657663632079 0.259832189365029 -0.236805643707066
-0.284607000537332 -0.288558678748179 0.261496683463427 -0.127480930845417
-0.208719528616878 -0.411334185952611 0.241162383055458 -0.142481491359688
-0.0653813724264081 -0.464801389232973 0.192162052784853 -0.189570806292764
0.0700507717347659 -0.459186166198564 0.165898714582556 -0.219687349237971
0.142058690456619 -0.48926726763629 0.0833147057084394 -0.207358833177044
0.137608900965275 -0.532969289558644 0.0286943737753329 -0.226217379698339
0.0492712348494004 -0.562691491365528 -0.0786748709407844 -0.133772878985601
-0.0882333139795146 -0.524034955048513 -0.170558335480448 0.029940520669065
-0.295873204836826 -0.459776860266211 -0.152506178568378 0.201190026510526
-0.386685291279188 -0.319896975983446 -0.146412877802856 0.247800786342852
-0.416239183324736 -0.166369045377613 -0.0391012812980253 0.271044838537449
-0.447562647275705 -0.0900338364745813 0.0747326969924 0.35999769996308
-0.422937540448938 -0.0381895089959066 0.14397150969811 0.461786340047389
-0.2467033544363 -0.0273836816836247 0.41384778374539 -0.283028302123802
-0.234540469535006 -0.164751258188495 0.329190398649633 -0.15567793160682
-0.1515670483864 -0.216570521688555 0.266539870092751 -0.0419912308997688
-0.0835992382934458 -0.272697908900876 0.220085171526251 -0.107682615369589
0.0127989303462072 -0.300065288320267 0.169868958973271 -0.195488485109853
0.0934728991114535 -0.309352445784845 0.182593523221825 -0.28365278394236
0.135656581373803 -0.345312672310038 0.149820079232415 -0.34154040389173
0.116555577396481 -0.407744714531152 0.0830521228104318 -0.401002729837022
0.0392130788041402 -0.445439899582156 -0.0739648159544702 -0.317812792878998
-0.0744941923578089 -0.404438932149288 -0.208131117734808 -0.103395170933705
-0.243468877380392 -0.333352405387513 -0.193465502675096 0.139057093840558
-0.320244904238075 -0.209574461090267 -0.119718032800663 0.235024126610977
-0.340654512195971 -0.0884266110387542 0.0453945385855864 0.268539008751361
-0.363441285622576 -0.0353351929340208 0.189960413960741 0.349406284077111
-0.346578710553006 -0.0154445641421266 0.297821811089496 0.45627501993088
-0.116053656566262 -0.0094481716907204 0.473437292606863 -0.223593595377528
-0.117013318906926 -0.0832672660259084 0.3484980122722 -0.101754759922915
-0.0560645221797361 -0.0992448911213159 0.238927651914463 0.00402529228593634
-0.0177507988877095 -0.112991749049148 0.189990984433468 -0.0957366460453555
0.0340755236145257 -0.13018270642206 0.146614831706094 -0.19666879773664
0.0707170258681114 -0.151045021663139 0.189972830081729 -0.31087705529289
0.0922743897711473 -0.171398474991791 0.200008289429431 -0.423760916826749
0.0758301549964314 -0.22103386372516 0.121888248513785 -0.518080137190615
0.0336638327327914 -0.252167248315429 -0.068187085807453 -0.441822683514213
-0.0230193130121957 -0.224591018581806 -0.232572472748138 -0.19845853976859
-0.124374756892785 -0.173204739582116 -0.226766108434044 0.091583423064004
-0.180320313856641 -0.103303164791384 -0.104054036056816 0.216889173503839
-0.19518686915821 -0.0362887218643714 0.0976128294974272 0.25485817973574
-0.215740564210278 -0.0059165955488359 0.262233987437228 0.326257748822324
-0.209243944214403 -0.00874640231178145 0.397410827308019 0.436810103165548
0.0103006405532299 -0.029427681575323 -0.409325865604338 -0.355479424095604
-0.0161945196697568 -0.0257825963742062 -0.323798117210203 -0.263052005658327
0.00998470363816028 -0.0279174732657937 -0.153670608814029 -0.211195281173818
-0.00606646579873224 -0.0349054635488188 0.0500317131695538 -0.163028665898214
-0.00440475755286428 -0.00733830693157243 0.200056612490171 -0.067914826787663
-0.00777125496564645 0.0107168127337402 0.176536267910775 0.187926915074317
-0.029201400258209 -0.00396344418344021 0.0323555355002205 0.44448640794041
-0.0268242170172411 -0.00251267227618903 -0.138301078811302 0.51796099390006
-0.0351944956992646 -0.0157383986953569 -0.193519936590291 0.484330234533599
-0.0283011806377611 -0.0202923170193938 -0.15630301954192 0.350915510956367
-0.0162343255072202 -0.0208781861350555 -0.121888212218618 0.23430786042742
-0.00405816754207243 -0.0244117755590093 -0.140663322585862 0.127072193261299
0.0103293256274529 -0.0214182931393658 -0.203008293293913 0.0217525588054276
0.00780724906868527 -0.01608285756543 -0.276203778573723 0.074540979214396
0.0267613553469535 -0.0203714330815219 -0.440420571218013 0.222971931673244
-0.154586196510793 0.00852325847563167 -0.358243497637961 -0.388381822498104
-0.196965592970243 -0.0279267162152797 -0.283182661225419 -0.28416993857455
-0.181202314869006 -0.0609604298303724 -0.11181573798288 -0.236203898430487
-0.194557800790866 -0.13834760239601 0.085109281715713 -0.170201707897011
-0.142671858140396 -0.185461264959888 0.22004129249278 -0.0682873124909982
-0.0681611954750976 -0.198079998119891 0.179761049282563 0.176308979163655
-0.0158478015967612 -0.237453660149195 0.0124902765095187 0.429612108099341
0.0254314608628382 -0.218106278249498 -0.137019211980018 0.48196027056538
0.0227137951720199 -0.198089444692895 -0.188149221134544 0.465378997230764
0.0102724896480631 -0.167622751124435 -0.153169134367698 0.354600131623158
-0.0195439746468485 -0.160989108481436 -0.121584356086118 0.256962528692393
-0.0231935852659761 -0.152794234664218 -0.158866552409658 0.135624794715957
-0.0495819768592015 -0.131812775723087 -0.22027961990224 0.0463748619464146
-0.101442493026982 -0.115378055855917 -0.272990299900162 0.115583490516282
-0.114612560526777 -0.0704126458315082 -0.408638493769282 0.261654952341869
-0.290613161399869 0.028592816766961 -0.240203782635747 -0.423215570705243
-0.347078877052291 -0.055002214188716 -0.181660601245336 -0.315576941545536
-0.339389853542302 -0.121459459600126 -0.0312351303628534 -0.261599534239661
-0.340331579874494 -0.261876324913178 0.129646190165207 -0.186258608713278
-0.233807125864622 -0.36147690370718 0.224587104235558 -0.089212839003079
-0.0910892687223288 -0.385237537993868 0.169005200023802 0.112533387039464
0.0161754489506425 -0.428839005576382 -0.00383363403636943 0.3290106037816
0.0745478984686965 -0.401963047372365 -0.11481242048676 0.368486271401731
0.0612636881608369 -0.369732730204256 -0.158527166113891 0.392604270990716
0.0215490084363058 -0.326413307805347 -0.142816813153163 0.341428569497782
-0.0636994105513013 -0.316819672749149 -0.116351296393939 0.284769810859738
-0.0939652162649352 -0.284494573150746 -0.179816124918007 0.164437688400616
-0.148827029727855 -0.226044853352318 -0.230897809195715 0.101531411730753
-0.226777967781835 -0.18294666447469 -0.24778111128223 0.188069465235586
-0.248627944809254 -0.0987578595123832 -0.327420046563397 0.322806238089866
-0.373304060415916 0.0239118035443512 -0.070331333511312 -0.433999027255795
-0.432785604486319 -0.109275206703327 -0.0341419822352352 -0.328263385495692
-0.420674890402777 -0.206550975866592 0.0801503184021908 -0.261491031774342
-0.399633213377727 -0.383059152418385 0.180049205553458 -0.193600389689961
-0.248210773817148 -0.497216112089845 0.217391222706612 -0.127014803223739
-0.0655526116031696 -0.511152520823453 0.154043147636605 0.0062451524640545
0.059661238627229 -0.544395029498691 -0.00362649057826616 0.164248520504368
0.109879289773556 -0.525501229108874 -0.0763435793742513 0.192772120883823
0.0715781049344805 -0.50676077817316 -0.119702827850888 0.258381076871645
-0.00682317812543157 -0.468968161049193 -0.130210068632795 0.283376707517342
-0.156822250836116 -0.451378911937027 -0.108804816626962 0.290005522243518
-0.222479928526875 -0.378718603902086 -0.185737066466695 0.205756870832015
-0.28089708703709 -0.266933303867463 -0.204782840059078 0.175774346946063
-0.352458091974323 -0.195813541333874 -0.176470100475722 0.27032400970236
-0.359116072048871 -0.0951244172608959 -0.194972224321592 0.388232975364511
-0.391846289813032 0.00292868164921639 0.116981700456559 -0.412931961986641
-0.433170120856895 -0.166647742527713 0.125734201139116 -0.301835304264364
-0.395138505711186 -0.278146646480285 0.189937694139665 -0.213430252667167
-0.343522579689595 -0.444586380818893 0.223124606806492 -0.17962886026727
-0.17711611683359 -0.53772428778317 0.205080791034973 -0.165719150386911
-9.35124895912586E-05 -0.535943417209989 0.150139014233907 -0.115803448221434
0.106915969367479 -0.559343540173639 0.0253776994097883 -0.0272124969445944
0.12865278370335 -0.571239188314195 -0.027165567927233 -0.0149347532139613
0.058171228122638 -0.577507050459515 -0.0913879246408031 0.0734795119757926
-0.058832897263235 -0.54293676246436 -0.137392400306135 0.171329959204595
-0.258295728710976 -0.501989058486897 -0.116552589102699 0.257648288117479
-0.343764057998703 -0.386097842679378 -0.170363352887561 0.23846460581263
-0.3891639461565 -0.237530648758943 -0.131268698819709 0.240635028423354
-0.43610975458646 -0.15229858790616 -0.0584947032388031 0.332123339428149
-0.420860695596773 -0.0669600720486157 -0.0282604330505002 0.434535285220768
-0.342320683026576 -0.0189268801511385 0.284741783581538 -0.358111667319555
-0.353515081614365 -0.189016503862995 0.253406896750091 -0.23663027589689
-0.2846907547987 -0.283959631238568 0.257093623287518 -0.128839650684809
-0.211226485831262 -0.402122087454805 0.23631892646114 -0.143208876893437
-0.0690267644065072 -0.458127134234166 0.188287947692988 -0.189737594065771
0.0645228768731846 -0.453712967528746 0.162162166193844 -0.219209531179969
0.135709952476887 -0.48445304033139 0.0804026470637435 -0.204262221241531
0.128142171028561 -0.527947918982579 0.0263933594782055 -0.222840135815249
0.0412749876441839 -0.555938115796859 -0.0799928049890757 -0.131242919021636
-0.0924749017515053 -0.516272641890288 -0.168878324610189 0.0312228769306337
-0.297428515539736 -0.449454794000468 -0.147587023434204 0.199827219814203
-0.384988126386703 -0.31220207659468 -0.142153263343375 0.247392569241589
-0.413042163216276 -0.160343196538182 -0.034702508188751 0.268738115234661
-0.441197664960769 -0.0838017880593472 0.0784492788696059 0.353607391961216
-0.417745883367148 -0.0319817100613579 0.149926775282138 0.4527490521158
-0.242664910013055 -0.0241383318574924 0.40491581476964 -0.285257983573235
-0.234025006197066 -0.160148160633924 0.323122423795857 -0.157086417653032
-0.15252599664407 -0.211428243858645 0.26330453158973 -0.0451172437001327
-0.0851875512303471 -0.267362538873409 0.216426478778731 -0.108992047442081
0.00920262753470167 -0.296480331407791 0.165494554285581 -0.19521916720851
0.0888596178072419 -0.306119066023507 0.177326623934012 -0.280754556213473
0.131174477538297 -0.341844026180354 0.143751483009497 -0.337601855495971
0.110908188924447 -0.403161123491098 0.0780246858539725 -0.398413146547928
0.0323205451525303 -0.43946190995765 -0.0770035033033421 -0.311858180710792
-0.0775546966385638 -0.39834673157065 -0.20685179114672 -0.100025183530069
-0.245898954001367 -0.326477552572007 -0.188539589666412 0.139540041046636
-0.318580739751093 -0.204212873622154 -0.115743369305643 0.234160724365768
-0.338151369889294 -0.0835557810590912 0.0485896941583824 0.264976555780552
-0.360396140805962 -0.0310643678288682 0.193163857890526 0.343343973936408
-0.342469904656733 -0.0113185678147452 0.299434231808898 0.447184614510081
-0.113783855474929 -0.00796927423741519 0.463697333047432 -0.226070459514846
-0.116712896189013 -0.080705435410151 0.342104716250766 -0.10494567170976
-0.0563078140509151 -0.09703198071666 0.236595672494926 0.000738367809822117
-0.0190179178623247 -0.110795056529662 0.186217812035015 -0.0972385650421941
0.0324042904594603 -0.12801422845765 0.142108580992708 -0.195826023265353
0.0680818348188762 -0.149497861886056 0.184648593693023 -0.308028511525882
0.0902107582452446 -0.17064711567586 0.192810900619226 -0.418571068830034
0.0724885491278607 -0.219057696419811 0.116906077120058 -0.511437536633094
0.0300988611748786 -0.249089737993261 -0.0736124014929845 -0.435483227474858
-0.0250853674830711 -0.221700715974416 -0.23209635512315 -0.193389452845107
-0.12497169533498 -0.169995482042475 -0.223046774062189 0.0926606320504077
-0.178795712310702 -0.0996455620482573 -0.100419968293906 0.21538539034611
-0.193018428950035 -0.0336096890796279 0.0989635860846973 0.250486656523638
-0.212335790213918 -0.0037740852185056 0.263307695139253 0.319503711539537
-0.207241040574213 -0.00619946374292 0.399517452167282 0.42584792725357
0.00959131161928931 -0.0288393375898914 -0.408432110940059 -0.346455058907614
-0.0160679925997269 -0.0247377458911362 -0.32413830498334 -0.255707296057829
0.0104004820194623 -0.0279222646188211 -0.153939515323236 -0.206691347202487
-0.00639828504643957 -0.0339436395534639 0.0474608860028934 -0.162064830651504
-0.00397530908959074 -0.00671867598359644 0.196704461332163 -0.0687415341720314
-0.0074789481593487 0.0111925417842438 0.17636916586007 0.183250443241065
-0.02945370288222 -0.00294717217811767 0.0354616157096203 0.43798405543877
-0.026745774853277 -0.00214050726115602 -0.130843155761889 0.512466374715982
-0.035240881556155 -0.0147116957470764 -0.187232774574501 0.477512469783861
-0.0281292194894288 -0.0195127187167303 -0.15168730341051 0.345729858206121
-0.016557271466031 -0.0203202385263007 -0.117430611537263 0.232075331887477
-0.00401916572938772 -0.0242205778273857 -0.13709363621576 0.127246786404313
0.00988753674179096 -0.0214495418518581 -0.199365326777602 0.0235182679162735
0.0073984657933267 -0.0156904883438604 -0.270558386246541 0.0761498687303637
0.0264559597591597 -0.0203519004952763 -0.431668111967676 0.223869522111234
-0.1518475117388 0.00966015341455183 -0.358786504743819 -0.379949400537045
-0.194670197745318 -0.0254506476292747 -0.283028176083352 -0.277342416741813
-0.17898778874678 -0.0588926699278402 -0.112639797276303 -0.231995451533962
-0.193686143020234 -0.133925017294697 0.0828334475208347 -0.169315567905204
-0.142208565701388 -0.181230236824339 0.216964037295314 -0.0700096003355876
-0.0681252506920031 -0.194952792904689 0.179345634136749 0.171845571094278
-0.0175039419050544 -0.232990851131786 0.0178813173621018 0.422986257688933
0.0230546776861747 -0.214556422775882 -0.131308939583252 0.475749875036202
0.0203247081781927 -0.195563292813946 -0.182181249052019 0.459695474803596
0.00854530598036904 -0.164962893642715 -0.150595705856721 0.35067766238923
-0.02120449873403 -0.158024026528262 -0.117570393114497 0.25432334717042
-0.0242163298519168 -0.150562582387077 -0.154807773240655 0.136388815331894
-0.0497720380277818 -0.130067879049533 -0.216189366941858 0.0482160177416244
-0.100913764624835 -0.112707579305206 -0.26774174535246 0.115702348832402
-0.114079247712439 -0.0688129446678163 -0.400353657437697 0.261460862521005
-0.285652886239919 0.0310037538782806 -0.242027962145877 -0.413692321203528
-0.343254592738818 -0.0501814873787545 -0.18285224668662 -0.309243466759594
-0.335037195394187 -0.117902605828074 -0.0333638789337485 -0.257699869400126
-0.338320329958058 -0.25477461802352 0.126661461863653 -0.184836820388527
-0.233894136045638 -0.354964790267983 0.220895200874562 -0.0899528887388601
-0.0927073026279871 -0.378938642038093 0.168225194641479 0.108873382100795
0.0124574257163682 -0.422262786693494 0.000184514712041902 0.324471322500601
0.0687883116313151 -0.396201958993088 -0.110233362431992 0.363748924195938
0.0558723143417598 -0.365904044152474 -0.152496551680903 0.387177090752333
0.018213931985352 -0.321395212545965 -0.138041379933598 0.337485138961943
-0.0657999136152805 -0.311686092309953 -0.11174196887822 0.281330380187341
-0.0949241918378653 -0.279829329402043 -0.17578082523404 0.164785098052298
-0.149168610598366 -0.221973359014608 -0.225969808725314 0.102906608715201
-0.225856930536845 -0.178282798056218 -0.241958420589012 0.186731999874676
-0.246781264037704 -0.0957966481188587 -0.318380221255925 0.320400723149118
-0.367016901732184 0.0275362428795045 -0.0757555753778674 -0.426360139652366
-0.427890337693998 -0.103847577396879 -0.0373056224805506 -0.323424920668454
-0.415933665600903 -0.200793791170845 0.0760962991049417 -0.258161014529458
-0.397429102263063 -0.372882399180588 0.176573829762121 -0.193183720770158
-0.248737455539465 -0.488130531827703 0.214054761417452 -0.127579258981823
-0.0690520855956354 -0.503661375951246 0.152911279526851 0.00402523055332082
0.0535202426451268 -0.53601181805025 -0.00110417674398218 0.16274520958757
0.102913441256891 -0.518630925145242 -0.0742838633714454 0.190583303921999
0.0650740648873265 -0.499339661997315 -0.116414592639503 0.255519776503791
-0.0113813464095719 -0.459597226421591 -0.12619316679953 0.280078474266874
-0.160033725518678 -0.443088256878664 -0.104028621504174 0.287644190315537
-0.222441113725713 -0.372039465776856 -0.181920246760696 0.205414861982599
-0.280218352729203 -0.261585497459465 -0.199504263041321 0.176410700877583
-0.348970992144783 -0.189893460130442 -0.171057281141285 0.267889423772527
-0.353919033668262 -0.0910134132592887 -0.18732197920766 0.383791138086823
-0.383909617815936 0.00663431266709184 0.10867983413895 -0.408416648514969
-0.429935945071615 -0.16007118320149 0.121159278037965 -0.298597191160364
-0.392733527630673 -0.2703731093107 0.185185446849342 -0.21272823714886
-0.343311187345145 -0.43556891766371 0.218751398012906 -0.178700259043948
-0.180184287955694 -0.528667215307114 0.201344981469083 -0.165943612460959
-0.00453480903095798 -0.527895050524518 0.147848688285606 -0.115878093716949
0.100303982513794 -0.551281487879933 0.0255539564515294 -0.0255896463310689
0.120436481576759 -0.561980389790349 -0.0273025214243813 -0.0142860494496452
0.0527371417692102 -0.5694221809719 -0.090901486068473 0.0730459430394728
-0.0637214574683228 -0.535086779797624 -0.134038888086969 0.170035335951942
-0.259622096515463 -0.49273895145452 -0.112286361850952 0.254802291220248
-0.34309536675446 -0.377788618311953 -0.165647054145627 0.237831462826585
-0.387219303608859 -0.230443966719311 -0.126154908409031 0.23940262359954
-0.432563246943939 -0.14644163754432 -0.0537018997404956 0.327694401826402
-0.41683774036228 -0.0633944736527328 -0.0226643527154366 0.428375073323578
-0.336363817606243 -0.0150669436352998 0.274867394664423 -0.355369383486637
-0.351214906752429 -0.185284200334123 0.246903012714489 -0.23489841278966
-0.282528626593279 -0.277411707106468 0.252088917625106 -0.12931298726037
-0.212179429368929 -0.393674171261769 0.232199938021069 -0.143720449449467
-0.0724059505576453 -0.451286949545024 0.184803720499498 -0.188254152348479
0.0599369611538361 -0.447821424575409 0.158691790201804 -0.217606324305839
0.129573662225063 -0.479042919467082 0.0781745035571905 -0.200384591817155
0.121163168149671 -0.520857711685938 0.0234834619124239 -0.219541875981741
0.0360774479940634 -0.548243785602771 -0.0808179897778281 -0.128326009965044
-0.0948261387607498 -0.509667137350929 -0.16743252554934 0.0320141494180446
-0.29952590773486 -0.441548716510944 -0.14331177206314 0.198180478045194
-0.383000586071949 -0.304488605933639 -0.138127245606077 0.246016577993116
-0.409812723379846 -0.154199890857138 -0.030457764034579 0.266232590838623
-0.436285860360229 -0.0793952923611102 0.0808704163384404 0.347562999632781
-0.412889354134207 -0.0286174903702382 0.152752370125813 0.444581815600071
-0.239202805687451 -0.0224710685090504 0.394349642023781 -0.284792073297314
-0.232335790563832 -0.155699021620241 0.316269158218258 -0.157766417073948
-0.152595765140691 -0.207620310406988 0.259504213654784 -0.0467449636878761
-0.0867127946887777 -0.262081525374997 0.212361347770421 -0.109749938722708
0.00626699971428265 -0.292133357920335 0.161794460722162 -0.193512848372033
0.0850563888661603 -0.303034995742274 0.173481740190099 -0.277833116059373
0.126714616914798 -0.33838599020014 0.139673374008703 -0.333309141006213
0.105551841373842 -0.398172689702953 0.0740500157339749 -0.392006121092105
0.0277998683372332 -0.434618574773538 -0.07939013735378 -0.306630974253299
-0.0793301580607865 -0.392634234626287 -0.205608923528163 -0.0970232125083074
-0.244730323351333 -0.319702424687126 -0.185194481052237 0.138406825395256
-0.315828320137169 -0.19861274007573 -0.112948678112797 0.232555970242147
-0.334597699591743 -0.079785207508671 0.0510517093565965 0.261914132191875
-0.35435673686004 -0.0280020668230842 0.193262677884932 0.336059575249695
-0.338742180837538 -0.00821035512430095 0.302732248624111 0.438129241933975
-0.111957195773579 -0.00688008452532916 0.454553938231942 -0.226868131616729
-0.116131216099401 -0.0780649617232768 0.336153686197548 -0.107149957651298
-0.0563793079036699 -0.0953592130931981 0.233939104076823 -0.00196667502709582
-0.0195949443107926 -0.108620067344702 0.183426263108629 -0.0981192281127233
0.0306818846399688 -0.126616097775238 0.138795096198215 -0.194573003152689
0.0653709623192415 -0.148584832549953 0.179491269274478 -0.304701118070816
0.0879232617894968 -0.169670534075164 0.187050350149539 -0.413745052202314
0.0692681668887511 -0.216362779405349 0.109926672663552 -0.505688141536778
0.0277195536612109 -0.245747657699921 -0.0774557769701883 -0.428210713331208
-0.026632137599577 -0.218603510554157 -0.231065666473632 -0.188624511846543
-0.124909090038057 -0.166803220612601 -0.218604426105598 0.0928742559766772
-0.177308324022495 -0.0970175842305964 -0.0973887499082442 0.214071344052203
-0.191059586925341 -0.0314541118147694 0.100741202403089 0.246358029882464
-0.209339018889523 -0.00268111903407768 0.263577835639131 0.313654194280972
-0.205292420546205 -0.00448270344876093 0.400252365324012 0.41529042123589
-0.00462614621212076 -0.0285723345801783 -0.454369446248788 -0.274971516280129
-0.0240526108204508 -0.0172856681557149 -0.361280216684623 -0.202813773750384
0.00231525073514864 -0.0271573335205991 -0.18175150287793 -0.182000591113299
-0.0141816385146919 -0.0338249780768332 0.0247618905033634 -0.169450726800962
-0.00521724225797396 -0.0105879378339853 0.183689581020469 -0.0981358725041722
-0.00313330235431427 0.0094458888648886 0.200674240636294 0.156619640753783
-0.0249065220690513 0.0013729866068541 0.0929501062507963 0.431351778227581
-0.0227753985401405 0.00378547580867137 -0.0611166574388187 0.521661269354329
-0.0329601840997865 -0.00704615555852722 -0.116186865181409 0.499487836791163
-0.029659732787743 -0.0129555792739512 -0.0965488391268413 0.3644786737538
-0.0182950940083505 -0.0156357691169361 -0.0796476682194597 0.246575973426051
-0.00877115240814389 -0.021998417839841 -0.11475950160597 0.146200728020508
0.00500029572387918 -0.0219364111879475 -0.191200446169428 0.0541470159940586
0.000757934250266286 -0.0162087298995702 -0.250466291371619 0.115525755605612
0.0185742021836672 -0.0178458244911729 -0.390677495580763 0.275530616964149
-0.155944888392359 0.0251046233820298 -0.419740800057243 -0.312296122429827
-0.195847885086379 0.003552074300992 -0.331719998302769 -0.232668774627556
-0.182311621324751 -0.0347333148496403 -0.156479031622096 -0.218641028536444
-0.20585364279944 -0.104332450629452 0.0512196287684284 -0.196083646641332
-0.158775247329479 -0.16094921405726 0.196080773791485 -0.114901334643553
-0.086213003129871 -0.18386026755905 0.200028052146264 0.135274916517713
-0.042244820395503 -0.222059573188412 0.0788650091732056 0.409130240042512
0.00196494940619563 -0.208188518279715 -0.0628056535061312 0.486252051893461
-0.00027121999913679 -0.190348158348803 -0.111474615437776 0.485918478162868
-0.0109368623312727 -0.159242446098349 -0.0910257376328974 0.370111936574614
-0.0360482128028543 -0.148756872507018 -0.0751358782776596 0.269544757224399
-0.0437806140676894 -0.143708423832659 -0.129330419454882 0.160052309642441
-0.0641194535804869 -0.119967216679205 -0.202792112442959 0.0784957303940111
-0.116628473798247 -0.0963138293055756 -0.238068443988563 0.153183161022478
-0.124217505407989 -0.0498362198746416 -0.353808448220878 0.306875705894414
-0.280860222626179 0.0571058797800826 -0.318743900848786 -0.36353508129731
-0.34207410027231 -0.00435807936108385 -0.244115175416905 -0.280392335871664
-0.338679206160832 -0.0736449653547826 -0.0927117056477099 -0.262714116166331
-0.35962454442492 -0.201076430011187 0.0882053269454244 -0.231859179210594
-0.268971442576447 -0.315153938370708 0.192831582588305 -0.148990308963011
-0.132393630034641 -0.360131631402778 0.179714045228341 0.0661903642672232
-0.0390152828040982 -0.408905930347952 0.0551608994178038 0.307135844942956
0.0272465213879151 -0.390149670876072 -0.055855663004651 0.372052523771305
0.015151603646125 -0.361208220108313 -0.0931744182304848 0.413570595480864
-0.0203996942876319 -0.313731932061778 -0.0777576969646058 0.358283924520552
-0.0941836850582019 -0.293196791887623 -0.0652892710571814 0.29505952920222
-0.12883634092726 -0.262154202911046 -0.143234751431889 0.193402680451554
-0.169608160147345 -0.198827193178686 -0.204642125935112 0.131716805288483
-0.245538970788576 -0.143617034968219 -0.199821555234519 0.216998807544436
-0.256637492919077 -0.0611529049868046 -0.266153562489669 0.353012041808034
-0.357431622725322 0.0605742003963619 -0.160923840857013 -0.403229215453493
-0.430185534311888 -0.0477045847072621 -0.10534577546793 -0.32010244003015
-0.424950023793478 -0.143853164104053 0.0106451027856697 -0.287179356410457
-0.431288415353367 -0.30503853138789 0.137845246736003 -0.257231661495677
-0.299402487652993 -0.441877654568902 0.180529633260474 -0.193539478913158
-0.125285581311895 -0.484685759064465 0.150470456981195 -0.0411323322785522
-0.0130377545842759 -0.524205919151187 0.0375763803315436 0.141760034318208
0.0442502692175431 -0.51303592305475 -0.0413753693126434 0.1962669615882
0.00642106710338046 -0.494829707063638 -0.0740959428018065 0.279349377143806
-0.0668881055932597 -0.448015409070985 -0.0701785497171529 0.300345998010501
-0.197756806310034 -0.412544795803366 -0.0564474969972381 0.299638367920188
-0.26427954871294 -0.336824504178452 -0.140219658794793 0.2347600932137
-0.300044644256969 -0.222915117493689 -0.168282450938841 0.197731658154541
-0.367360211868579 -0.138397857634245 -0.117129008044371 0.281449378951151
-0.359858422354758 -0.0442229423901043 -0.129041215650974 0.395031545148918
-0.373790849558981 0.0401822759181451 0.0208176949890419 -0.415688809389866
-0.43699872241256 -0.103588439042286 0.056468770144458 -0.323146634684963
-0.409390775636839 -0.215091915694631 0.128287128159278 -0.263103641682159
-0.387754736797503 -0.373091074365361 0.187823979954144 -0.250320337691262
-0.23971028157573 -0.489204055098508 0.167871583967743 -0.231668224963133
-0.0658441000470134 -0.515255060653774 0.132118185361161 -0.160075903419863
0.0276308056620932 -0.545766580822594 0.0413337954823073 -0.0500783801406171
0.0566607346857953 -0.559779577199233 -0.0229009354459145 -0.0124057676829428
-0.0161828856180433 -0.561475358932581 -0.0732509078004465 0.095849109333581
-0.126780463983595 -0.513386926773014 -0.0924930361614984 0.192011012179713
-0.300705290831322 -0.450836906330354 -0.0688620752416228 0.269701181685471
-0.383869434987738 -0.328363609794921 -0.116892100043849 0.26345772928426
-0.399334869320455 -0.180754350315327 -0.0878222134322147 0.246400984631402
-0.440049423671426 -0.0855335836184581 0.00640695499075955 0.320218881814864
-0.415446207290155 -0.0101639014263799 0.0379758620782777 0.416763337798835
-0.326165663577523 0.0117926107135459 0.194613628151347 -0.389679741925037
-0.363517920179444 -0.139144712975884 0.193682158946784 -0.280599724213322
-0.303384696868368 -0.234911649607617 0.214240930603637 -0.189793742822994
-0.255327914237853 -0.351903982523026 0.212201614247283 -0.20961310920053
-0.127813922580124 -0.426510395470428 0.153728028202878 -0.245418926374198
0.00314949758415318 -0.44567437253928 0.13075390090942 -0.258116356826962
0.0646444875046983 -0.479448645003352 0.0699995051790477 -0.228227397234513
0.0612079896557508 -0.520465313365193 -0.000524224708896958 -0.221106289322025
-0.0301934338056411 -0.540121182822525 -0.0927780449606916 -0.105609892836986
-0.155950018081243 -0.487541110723118 -0.147002106041024 0.0600063942460628
-0.333058564611163 -0.396427433966435 -0.108115021649657 0.217805834606416
-0.414294629987763 -0.251709611092927 -0.0883876703735484 0.265826886229507
-0.413080729827969 -0.103452776596517 0.00874646711025252 0.258853439206973
-0.434080701816404 -0.0178463692394868 0.140242032191163 0.317339635073813
-0.405787441970502 0.0232367400354229 0.211010114601005 0.408667620237801
-0.230051361683096 -0.00555313754245121 0.325727606218745 -0.341402730326646
-0.243852052050208 -0.126097669057243 0.278773923699617 -0.213343298597203
-0.168692938275728 -0.184277913378283 0.241576515154179 -0.102150575062734
-0.118721762935873 -0.242479038177821 0.200247935146291 -0.159415432907551
-0.0329010085430873 -0.284701178075671 0.134506690302213 -0.235157669374734
0.0440579787290086 -0.307054221881521 0.137099220445045 -0.312632290107547
0.0778781944781769 -0.344500965595852 0.109931110274377 -0.362630889696191
0.0565626345356681 -0.400593158849651 0.024191309821806 -0.397140767735169
-0.0280281162143094 -0.4278408814176 -0.118718502586462 -0.285040598358045
-0.127202219746899 -0.375762666514065 -0.208441338737774 -0.0622771450072005
-0.269638550367962 -0.284905877950491 -0.159004002852906 0.165190519521018
-0.335779892080066 -0.155695223932541 -0.0680368160519257 0.247482725113437
-0.331469100880411 -0.039229246925996 0.0883082519057604 0.244214095598009
-0.346975814596366 0.0220634043721895 0.24599975649281 0.290055152959809
-0.328711171159829 0.0339693593046817 0.355600424815167 0.38127727610551
-0.104532817504453 -0.00449338084132467 0.39928565088703 -0.293814841261728
-0.120982280465382 -0.066361364116886 0.310134149767592 -0.16262234375994
-0.0633926020115025 -0.0881430761072442 0.22697026638521 -0.0446438216533417
-0.033270978422433 -0.104555938854716 0.170072347312063 -0.131477862694857
0.0107301933795571 -0.128994716404994 0.110854453548093 -0.220076345901294
0.0423935422459063 -0.154095341350836 0.140169159529421 -0.333183733899926
0.0603389262895111 -0.177005902512349 0.140554006017903 -0.444120880401446
0.0416023065737353 -0.220153463455674 0.0434857812339663 -0.513100015323598
-0.00606075446689844 -0.243839012482321 -0.136502250654678 -0.408678154836989
-0.0552927712476869 -0.211849835806695 -0.252793277174062 -0.149777302055038
-0.138591578267028 -0.148405834395074 -0.200207311251355 0.124935863755541
-0.187421104371463 -0.0717534884487242 -0.0593532175339413 0.225467697369462
-0.187250646843382 -0.00788024694971396 0.135249833442546 0.223834942139933
-0.201016161305197 0.0285510973808681 0.3085033335539 0.259866437191545
-0.194638619827323 0.022371284467816 0.447986679082438 0.348525341260728
-0.00461707487860496 -0.0277973833532318 -0.449478179673083 -0.26815907524637
-0.023164939367873 -0.0167254335577672 -0.358318025066504 -0.198415108517727
0.00207768185405936 -0.0271041899398686 -0.180124320765495 -0.178910658871733
-0.0145477315561835 -0.0330154518996711 0.0241660110002016 -0.167174609060396
-0.00503114947003975 -0.0102363695917108 0.180645449825343 -0.0972020106144985
-0.00325263394534177 0.00966202284750856 0.198776851919847 0.153671924855577
-0.0243300331177736 0.00221164841265861 0.0928943169620152 0.423784780997027
-0.022652978893556 0.00464028885896877 -0.05986003143774 0.513465708559984
-0.0329331136419354 -0.00615424822833762 -0.113054961371214 0.493222140409963
-0.029817908022147 -0.0117837391273961 -0.0942996532640355 0.358720640907039
-0.0179591401842791 -0.0156645864171671 -0.0781725246719386 0.243291926429254
-0.00906420461189866 -0.0217000804621831 -0.111424532186887 0.144993031337103
0.00466843751457297 -0.0217103743609114 -0.188054722086582 0.0544738880538896
0.000961037235489939 -0.0157333795818047 -0.246214864181557 0.114416671155168
0.0180208398957953 -0.0179255441067937 -0.382850715451717 0.272338271131904
-0.153493271175942 0.0250091579260556 -0.415686288815142 -0.306327091339381
-0.193474137279264 0.00460400704632079 -0.329176526011189 -0.22763494202533
-0.179671052517665 -0.0340032539527272 -0.155763519924171 -0.214683944354555
-0.203587131449318 -0.101690708102438 0.050215148489636 -0.193689613584945
-0.157631311196615 -0.157819643451316 0.193018908222184 -0.114309696779327
-0.0856084898010743 -0.181159453956778 0.198443793353364 0.132165444561642
-0.0419298993997743 -0.218889503354085 0.0779426321650235 0.401570644341633
0.00128919379908704 -0.205134007477954 -0.0614784993391319 0.479565654795481
-0.000482078536644399 -0.187130424279813 -0.109203897407621 0.478287636371532
-0.0113441516142977 -0.156693463287273 -0.0895168370692522 0.36473689471
-0.0360760835587017 -0.146178997211218 -0.0735665584458309 0.265486115733611
-0.0432370206484926 -0.141799227065608 -0.126868297162251 0.158550853769261
-0.0641570400710864 -0.118461975961094 -0.19897610086185 0.0788588439918048
-0.115226123654898 -0.0943344899689845 -0.23331334427728 0.150463747891907
-0.122792664519397 -0.0486450748009121 -0.34677330068407 0.303205634993427
-0.276206111650468 0.0576074539099615 -0.316999322921901 -0.357097006374056
-0.337668345019166 -0.00231132788171606 -0.242799941933036 -0.275314201186634
-0.334630542184458 -0.0715383168953167 -0.0925511201764339 -0.258587947122249
-0.355772886803832 -0.195786576612104 0.0862576216914201 -0.229179397648076
-0.267187212410911 -0.31002627521429 0.190589877081848 -0.147266801473298
-0.13126210390504 -0.355487307850812 0.177571926690332 0.0642097070240669
-0.0395029166813213 -0.402697707093966 0.0558104974819371 0.302763020791079
0.0243696335075384 -0.385655295697709 -0.0544868228657177 0.367377501103011
0.0139982537606215 -0.354461054978972 -0.091120693184142 0.406827212913257
-0.0207884966429029 -0.308978655657075 -0.0755831565249442 0.352926364995713
-0.0939655622167926 -0.288208712887347 -0.0629725475744094 0.291268825839546
-0.128040764410094 -0.25783680586891 -0.140797212352414 0.191984356015934
-0.16862305647664 -0.194775200509445 -0.199546710859906 0.130837700237514
-0.242329551216441 -0.141319468565423 -0.196258265535192 0.212986299680324
-0.253544746967671 -0.059216650479936 -0.259518935033959 0.348086984166607
-0.351085924527662 0.0599138865334752 -0.161957146950094 -0.396733113638703
-0.425705175963697 -0.0430686625332659 -0.104890112481327 -0.31506091359431
-0.420791729631501 -0.141770897330767 0.00967165216150171 -0.283081443165886
-0.426409698914595 -0.300589991551431 0.135159767246052 -0.254165509073767
-0.296358782356279 -0.43427348927653 0.178064051080412 -0.192370561345816
-0.123474014502349 -0.476994313599871 0.148988150640587 -0.041914267861989
-0.01325279186963 -0.517316500790462 0.0381424246781642 0.140392099581971
0.0422238835065991 -0.507671181223381 -0.0413964297706033 0.194294983134842
0.0054805308548855 -0.486361576023641 -0.0725259560948637 0.275541252927133
-0.0670438441307466 -0.44146157830013 -0.0690155803166599 0.296253773536094
-0.197003904378669 -0.405667290441695 -0.0542093383727778 0.295268630575135
-0.261564097804737 -0.331725158318029 -0.137036897864859 0.232821387172688
-0.297552825071604 -0.219424736748896 -0.163598917084638 0.196321757572869
-0.362563827868503 -0.135213685055052 -0.113379313144333 0.277182798637525
-0.355825851545244 -0.0440052613739052 -0.124189671554355 0.390447560352685
-0.366989300533305 0.0401673295207452 0.0175965870231074 -0.409042947190919
-0.432030949758852 -0.101239828707099 0.0536533893675718 -0.318474463882738
-0.404485104550304 -0.210923775803614 0.126173377584632 -0.25961902586811
-0.381986830955813 -0.365969846961329 0.18502149174449 -0.24763221329366
-0.237296815505779 -0.482088618232084 0.165229488889082 -0.229210163898302
-0.0664541559573691 -0.507873510101015 0.13004168592936 -0.158683142890547
0.0261843602155249 -0.537192116269445 0.0413835588401044 -0.0489550334025286
0.0548896042731615 -0.553182912340287 -0.0229400411997107 -0.0115897120383912
-0.01705270128512 -0.554182851725248 -0.0730388591173861 0.0944402781031229
-0.12570668357911 -0.507139483511111 -0.0913435390185179 0.189612704544971
-0.298580174774546 -0.442215792322232 -0.065981011232496 0.265987789426886
-0.378575078135232 -0.323302016117182 -0.114866530718907 0.261022270863216
-0.394900752064654 -0.176900063281622 -0.0849247705975943 0.243765110159889
-0.434893366300875 -0.0835357276902627 0.00760704075066676 0.314239871765847
-0.409452532772464 -0.00921005900666765 0.0393466839308166 0.409376431771956
-0.320948865051332 0.0127818579376273 0.189321609928952 -0.384815796632058
-0.358624626008941 -0.135415929856637 0.189343595814053 -0.276682877536729
-0.300379879213514 -0.23074964582155 0.210719902902846 -0.187712895664538
-0.254004087439742 -0.345013449965717 0.209204150774668 -0.207701311978756
-0.127488379088967 -0.420000028939795 0.151731806620043 -0.242497558471663
0.00324423178741924 -0.438842918996296 0.129360708456316 -0.255226104585146
0.0628215114970982 -0.471524580638268 0.0694059438968094 -0.2236044624011
0.0591125869002413 -0.512890728922764 -0.000575638207486937 -0.217020100519674
-0.031119347838511 -0.531460947976517 -0.0925772231581506 -0.103973992426085
-0.154336025292763 -0.479343127264844 -0.145214193730012 0.0591470874203467
-0.329732856511059 -0.390401977632674 -0.105385333310499 0.214763447119281
-0.408431929839086 -0.246958174787135 -0.0870051167798665 0.263427543651565
-0.407845863423434 -0.101321711426867 0.0102404310885 0.256146848777172
-0.427654496157217 -0.017066680280127 0.139345873501479 0.312300356633167
-0.400440074151557 0.0236873452476054 0.210992988027627 0.400993496946215
-0.22560189996844 -0.0050582745455683 0.31907789760657 -0.337362333523447
-0.241780023920781 -0.12382441956682 0.273207928863007 -0.211072336862229
-0.166667776445559 -0.181121549292489 0.237454863966047 -0.102242455225667
-0.117273838781825 -0.238136282711699 0.196988523181739 -0.158624988545587
-0.0328067382152206 -0.279373217439438 0.132214826055764 -0.232522105596387
0.04258986759783 -0.302216041591981 0.135403097860838 -0.308844238623664
0.0767513460663612 -0.340127232797849 0.107647511895269 -0.356525680144536
0.0551417203878504 -0.395292655945574 0.0235350919018371 -0.390747988676358
-0.0280456202082265 -0.42099611608158 -0.117966646795417 -0.280356418856543
-0.126926113453938 -0.370748516119166 -0.20592048300215 -0.061243924335061
-0.267335145308267 -0.280515939462058 -0.155622624212834 0.162901733206723
-0.331493728118939 -0.152755909007129 -0.0668189912116412 0.244687552081027
-0.327381143126865 -0.0381773480853298 0.0879579613506655 0.240982627897097
-0.341619578942944 0.0216833505455735 0.243866080111353 0.285445444741218
-0.324160113203505 0.0344176126531334 0.353276399488841 0.373455050974019
-0.102564775707365 -0.00436460717087843 0.39232098109391 -0.29128111080589
-0.119457151802906 -0.0644144175018616 0.304513686065649 -0.161753248152554
-0.0622019076923801 -0.0864533515085846 0.224225556368554 -0.0448694891823135
-0.033083183676223 -0.102687432350419 0.167119203797261 -0.130488526186061
0.0102141625859184 -0.126501766582438 0.108971014418304 -0.217628001216307
0.0410903567663441 -0.152173040375532 0.136396924186446 -0.327645893593249
0.0595667358477021 -0.174951205885182 0.139387368276301 -0.436327083208328
0.0402427949654455 -0.217384202868076 0.0424624838650922 -0.506535180945353
-0.00645979287918887 -0.240094091711229 -0.135697908635867 -0.402170511140391
-0.0544502442165816 -0.209091358578064 -0.250048589560835 -0.147143847226217
-0.137378646878002 -0.145346692746368 -0.196512020439944 0.123306012528663
-0.184441613713257 -0.0700492951596572 -0.0585062767095729 0.22269397064688
-0.185211960561625 -0.00726123288994949 0.134907264428426 0.221124002001499
-0.197973723683617 0.028378972180691 0.30545120910816 0.255641608952709
-0.19257106000696 0.0230063598800743 0.444443311452462 0.340276445505266
-0.00504518145224746 -0.0271246311807143 -0.445206196309095 -0.262706040390232
-0.0224369379598516 -0.0162383455167977 -0.355266177738535 -0.194646639033827
0.00223888434445638 -0.0268737194816277 -0.178223997999288 -0.175701291312474
-0.0138414251006549 -0.0319059418161393 0.0231563417292578 -0.165753396993553
-0.00494224672453248 -0.0104705069298239 0.178285345948739 -0.0959815428346114
-0.00283205720421661 0.00926933734757806 0.196824274106565 0.150933922106113
-0.0241705035207429 0.00287485413926514 0.0932664579997735 0.418099666232208
-0.0225089827309565 0.00399142862228442 -0.0604499987399938 0.50686653273567
-0.0327471911706663 -0.00520109409506649 -0.112488578440398 0.484913338130621
-0.0292589036242036 -0.0117754306983574 -0.0925891908903323 0.353274079612294
-0.0180699830655329 -0.0152395981110842 -0.0763962500459223 0.240341459360357
-0.00907279635429619 -0.0218510715471995 -0.109211065220605 0.143605082819986
0.00417766388910838 -0.0211792648882722 -0.184184118090752 0.0544930927501202
0.000941884976969184 -0.0146532601834993 -0.241441112853309 0.112112021555125
0.017911982401858 -0.0185580217936639 -0.377000041024928 0.269660629288551
-0.151414113758988 0.0251301817348152 -0.412321975805372 -0.300551274236554
-0.190467881974432 0.00483715072365299 -0.326269981797573 -0.223542813803336
-0.177428195465113 -0.0336285308735391 -0.153996933862991 -0.211969808355744
-0.200400437034863 -0.100035767868373 0.0489821939299389 -0.191807562165387
-0.155675153573785 -0.155280473366914 0.190677559650665 -0.112962185608328
-0.083626995906225 -0.178386595449559 0.195748957107902 0.129433186823143
-0.0417030244084901 -0.215190793705993 0.0783974625733842 0.397116444303969
0.00103451270525317 -0.201844258613921 -0.0621063944620915 0.471552431429846
-0.000863129302895421 -0.183550234523418 -0.106842485388976 0.469680139251121
-0.0112496597536028 -0.153841060652668 -0.0884609633640582 0.359300357831745
-0.0360363273771595 -0.143806066432231 -0.0723672990788738 0.261368413276465
-0.0430608851051223 -0.139521874685774 -0.124183934584516 0.157411564179823
-0.0633087960662151 -0.116562224116172 -0.195600911118864 0.0780651438689259
-0.114100567564038 -0.0929073657909272 -0.230251019748594 0.148381440458783
-0.121472189628304 -0.0480707183251781 -0.339879191128726 0.299185541661654
-0.272190126172713 0.0566223995096187 -0.315095811793948 -0.351294702948001
-0.333278701959641 -0.00229763423391034 -0.240588965376283 -0.270570574607473
-0.329411684175575 -0.0715166024830168 -0.0917417390323923 -0.254936504772906
-0.35016780353504 -0.192756462265622 0.0855029219132916 -0.226560812880543
-0.26442346445975 -0.305678497676601 0.187790712569307 -0.146640804909307
-0.127992825152091 -0.349948764298024 0.175178359540255 0.0622834763656544
-0.0381788488221345 -0.397363473092258 0.0559406818698419 0.29848872887499
0.0243970808111869 -0.379250122924661 -0.0544962270067517 0.362212762961622
0.0129758129613778 -0.349143948532877 -0.0907037292555226 0.400881575612556
-0.0205835471675136 -0.304437605065689 -0.0751785421259236 0.347542604728703
-0.0931406247299165 -0.28316657641652 -0.0609256259638806 0.287015932948209
-0.126261604291474 -0.254101567686745 -0.138170544565282 0.190132507598712
-0.166603700849748 -0.192202447412874 -0.196743727704789 0.130019465846338
-0.239583827951601 -0.138702753481104 -0.19279531566343 0.209336930975648
-0.250178512277798 -0.0587132588263108 -0.254280551539409 0.343356870674388
-0.346494892939274 0.0595006263511994 -0.16165465935236 -0.39040582884459
-0.420129016864808 -0.0433306184820026 -0.105106099271469 -0.310389370165558
-0.413288937692135 -0.139823705347289 0.00982686260379701 -0.279403713108236
-0.420504475634446 -0.294772226178421 0.133814879479117 -0.251676837407431
-0.294059587218205 -0.42754959616437 0.176120491167811 -0.190161239828709
-0.121539430155042 -0.470534728766933 0.147426055833056 -0.0420119932844105
-0.0133386231012404 -0.508565245202044 0.0385686257228723 0.138430549770267
0.0415994281695882 -0.499920166960951 -0.0408270823076195 0.191555961777489
0.00467193235359844 -0.47939561737558 -0.0724764392729128 0.271265880689106
-0.06523912969502 -0.434948676908276 -0.0686540471812997 0.292176659479893
-0.195502355805447 -0.399357967908069 -0.0525227075717706 0.29135904093693
-0.258219906483054 -0.327606208601045 -0.134295278989019 0.230577580387488
-0.294305179890361 -0.215224795627692 -0.160223633089389 0.193999485215752
-0.357070011493879 -0.133437835509501 -0.111929042488246 0.272584362739636
-0.35139376417955 -0.042550346256631 -0.121279666737342 0.384661251906971
-0.361184443331716 0.040241219040369 0.0157700299317671 -0.40292616866393
-0.425556145216949 -0.0982159275422867 0.0520942952590363 -0.313959771430806
-0.398369761111257 -0.208293570706111 0.124048209276244 -0.256359867653864
-0.377582897491809 -0.360414677799179 0.182329678331245 -0.245672142908744
-0.235801205511633 -0.473555845572078 0.163575667152822 -0.227090768321553
-0.0654229782727285 -0.500178058326844 0.129277409925306 -0.157556642239416
0.0271409449412828 -0.530987069699743 0.0413646207076333 -0.0470694050502102
0.0540493183121935 -0.544778901440627 -0.0227135082871597 -0.0111854475064271
-0.0169369092550838 -0.545685304240177 -0.072945098141545 0.0931951963557007
-0.123412738898458 -0.499128338030398 -0.0908920396735441 0.18749244613445
-0.295278301871448 -0.436419151276484 -0.0641798829522479 0.26140693556091
-0.37419159928544 -0.3180790627867 -0.113408229628448 0.258493245133902
-0.39137690235782 -0.174687347177721 -0.0823767100675506 0.241474438747782
-0.428465952596369 -0.0814055628715264 0.00864703001181259 0.309318332226144
-0.404076209447672 -0.00856301768063015 0.0409598784101174 0.401953796902095
-0.315470168813278 0.0117155347361281 0.184990934233442 -0.381164261570716
-0.354322768737596 -0.131745638357562 0.186247050488444 -0.273312113639899
-0.296227978176878 -0.227910474560743 0.208231397125055 -0.185491896998127
-0.250446251411424 -0.340068523489862 0.20625049897125 -0.205792339961294
-0.124732290905012 -0.414019959116432 0.14986176849591 -0.239089729303207
0.00284691076756519 -0.432778169315681 0.128307296256332 -0.252135524324885
0.062548988008883 -0.466571750069639 0.06826297369948 -0.219863157571544
0.0574208952525375 -0.506261928815906 -0.000913295371222537 -0.213894911568593
-0.0308196654718784 -0.523075512345602 -0.0915352511940792 -0.102373569150384
-0.152812357852201 -0.473174856797476 -0.143454941565473 0.0590528983649697
-0.327152056186839 -0.384926717537731 -0.103260054548806 0.211367213702343
-0.402951595638065 -0.24371993077525 -0.0853335846049693 0.260810786729559
-0.402534775562907 -0.0999578480433696 0.011649364139404 0.252442606822175
-0.422714963481518 -0.0178635529836194 0.137597588561776 0.307814217536277
-0.395137251989309 0.0233716531464719 0.209209203976625 0.394429798852818
-0.222082003790756 -0.00523137861396908 0.313055464429282 -0.332381195904354
-0.238547419538172 -0.120904124377436 0.269477794911661 -0.209054013419503
-0.164242272489722 -0.178833900121587 0.234779740924522 -0.100933419510529
-0.115175442161031 -0.234072296955312 0.194201178989784 -0.157502338106179
-0.0327578187033107 -0.275341994334328 0.130755426502388 -0.228579516783106
0.0415062273725536 -0.298060116240628 0.133663780174604 -0.30437652754544
0.0758542009295595 -0.334956320203429 0.106104719807886 -0.350778571524336
0.0537149962502954 -0.389165130815421 0.0221451918432885 -0.384404498742044
-0.0276635525632147 -0.415265874975267 -0.117207154521514 -0.275450465613989
-0.124160966075306 -0.365984116326077 -0.203793220218852 -0.059880717675289
-0.265035520319498 -0.276272570000704 -0.153099911802396 0.160486954726345
-0.326559717683928 -0.150893852621651 -0.0656046268786195 0.242515523212837
-0.323394393426226 -0.0368773898780027 0.0882806055952708 0.237952731765756
-0.337314406649414 0.0205229325287593 0.241777084199526 0.281407474077034
-0.320008350530427 0.034940573524209 0.350028303824328 0.367274278837322
-0.100720098902283 -0.00478485660420225 0.38600026316245 -0.288058180956309
-0.118596782277945 -0.0631937034529156 0.299966210066317 -0.159820657978365
-0.0609467533967682 -0.0853911207646786 0.221163916504894 -0.0450274381467317
-0.0327818543058031 -0.101015384458344 0.164683687873975 -0.129175233421357
0.0101254375813825 -0.124784346950288 0.107422760268725 -0.214793619230204
0.0402596036516747 -0.149876724002152 0.135913697664382 -0.323458904438208
0.0592439024197159 -0.172953345763248 0.136495112449558 -0.429824266138749
0.0399658169588862 -0.214019327792127 0.0418606421617232 -0.498483491730181
-0.00641387283342275 -0.236870159134455 -0.135653019051041 -0.396292871510191
-0.0544664992369718 -0.206701798876256 -0.246860970879738 -0.144686039707342
-0.135416363435444 -0.143615833924959 -0.19409267701698 0.121688872632828
-0.182275288481232 -0.069179468404521 -0.0574742524282933 0.221053181860347
-0.182688535703951 -0.00690603024795758 0.133323944625027 0.217748778425309
-0.195317288424734 0.0273632750447345 0.302852186419145 0.251606312479948
-0.189990876025171 0.0229292688339623 0.439611930688209 0.334202397388171
-0.00500343520182147 -0.0262806748363098 -0.440769659018216 -0.259425788663865
-0.0213872062221955 -0.0156805264077238 -0.351610582588179 -0.192666594700268
0.00228126258703509 -0.0266953886704136 -0.175321790141375 -0.174131861093572
-0.014037961615316 -0.0314904186377478 0.0231888253871075 -0.163759765561042
-0.00473970997409781 -0.00964195630092068 0.176223272599591 -0.0947798936011633
-0.00252046686989221 0.00974390946042087 0.194309965639915 0.149158832340165
-0.0240198438307278 0.00295178183743389 0.0905397859960565 0.412272585860226
-0.0222983891382866 0.00444491865578158 -0.0620416448151083 0.499720327097869
-0.0325704569911981 -0.00523561056106709 -0.113482181167184 0.476938324666421
-0.0294579448174903 -0.0111175037726449 -0.0932634952284516 0.347933404957954
-0.0182268702677064 -0.0150339076132348 -0.0757971704503118 0.236623061044193
-0.00870053122551731 -0.0219381370363969 -0.10710401477204 0.141576917728219
0.00443891340143111 -0.020958484679204 -0.182108087049183 0.053447211679073
0.00082818685126302 -0.014414880088902 -0.238325378286681 0.109910665774514
0.0178083874954823 -0.0181822313466298 -0.371193612466232 0.265745264844262
-0.149205651332337 0.0245315439594813 -0.408678693071531 -0.296767770238749
-0.188151769648212 0.00472985514533025 -0.322912526365121 -0.220921136610548
-0.174993246649091 -0.0335298899685575 -0.152462165244057 -0.209320118051001
-0.198565388346952 -0.0988024357775834 0.0492305314923172 -0.189616577109989
-0.153734914025427 -0.153607334202068 0.188401537317945 -0.11148725721465
-0.0823589390563462 -0.176134496176161 0.193195655610526 0.127680810860299
-0.0407478776372894 -0.212621503536155 0.0767946083787228 0.390980830928329
0.00118359453781167 -0.199363002893853 -0.063361714121753 0.466743324522299
-0.00057775928777978 -0.180020466833096 -0.109242878431036 0.46286761416431
-0.0109075394793546 -0.151757630605827 -0.0881470887769862 0.353953519094923
-0.0353560040153037 -0.1416879002601 -0.0713983411056853 0.257446505846077
-0.0422905338697489 -0.138241532998455 -0.122472692563761 0.155375385847287
-0.062676674507262 -0.115190584049502 -0.192925723854547 0.0775517496208219
-0.112812048943674 -0.0912950752657262 -0.226275222409712 0.14523961942717
-0.119923505237181 -0.0479463647966203 -0.335734121391892 0.294025767948349
-0.268152802187037 0.05500988263686 -0.312445389210318 -0.346737187813445
-0.329072239142329 -0.00261981307950934 -0.238138093243959 -0.267684445508503
-0.324961656591546 -0.0707411018233025 -0.0898279355424586 -0.252007231151261
-0.346559784603146 -0.190740182667162 0.0847419755611201 -0.224681617080957
-0.259603983354561 -0.301182742644774 0.185352839937226 -0.144558394092175
-0.125432127205626 -0.346470984401043 0.173472367018793 0.0607317860396946
-0.0362523509968586 -0.391559394010839 0.0552499058435843 0.29432479546543
0.0245943432578675 -0.374432077994427 -0.0550939144597029 0.357074332158733
0.0142836552257438 -0.343848093615683 -0.0903013279358163 0.394625084266288
-0.0190640576851891 -0.299938676036842 -0.0763959867032838 0.343010232058179
-0.0919348565779212 -0.279203697593158 -0.0606823174318174 0.283308721621989
-0.124002134904696 -0.251566007267317 -0.136451740958487 0.188029294856929
-0.164565012686064 -0.189742763525642 -0.193321362172637 0.128408728830193
-0.236477210029554 -0.137634818334354 -0.189995343534566 0.206018167569305
-0.247146936187802 -0.0581293132651465 -0.250500843648997 0.337460670267153
-0.341304610054358 0.0576595172219124 -0.161363842553538 -0.385470296891061
-0.413847491315877 -0.0424805722266268 -0.103604170630046 -0.306461777550093
-0.407380497438554 -0.138583100903948 0.0097008977345338 -0.275266111213721
-0.415871382545994 -0.291510992567227 0.133276224957508 -0.248696324581328
-0.288011948997212 -0.422307240071214 0.174538874045272 -0.187495079863937
-0.118638217847541 -0.465106231699058 0.146409513322915 -0.0419598785857214
-0.0110497076177269 -0.502403468478061 0.0382274626798884 0.13710096097299
0.0420666624606421 -0.491918702163691 -0.0407843567398666 0.189304182240024
0.00699890330214353 -0.471484328597334 -0.0727060394593854 0.26738703669496
-0.061550289279231 -0.429060177753398 -0.0690381654687863 0.287582520496343
-0.191850875012735 -0.393735837044 -0.0517213158539689 0.287085720827246
-0.253338337999355 -0.322968490806477 -0.133123061683926 0.228040297149773
-0.290385383622339 -0.212481769825177 -0.157688457523882 0.191877962075214
-0.352555581303184 -0.132648873403118 -0.110293463989474 0.268358074411337
-0.347280130382806 -0.0419201046555836 -0.119560795561111 0.376834927029452
-0.356779992919767 0.0391365611161395 0.0136003347053735 -0.396745678348457
-0.421550547461906 -0.0988415035083203 0.051261639230542 -0.309049473232476
-0.393475500210203 -0.206337971645082 0.123024986907854 -0.252839147256174
-0.372321722424784 -0.356090564362478 0.180590690789402 -0.242629652575643
-0.230373021570274 -0.469013450101592 0.16228346696082 -0.223868654886957
-0.0630314789079523 -0.494434895049068 0.128668655214853 -0.1557041634006
0.0291401148607979 -0.523879435209145 0.0418993410449283 -0.0459865200318383
0.0527656566837537 -0.537485073960499 -0.0224749912982809 -0.0101629382313046
-0.0149304084698547 -0.537484739160804 -0.0725705811156981 0.091774972154787
-0.121062708560009 -0.493618688253418 -0.0905435226179228 0.185009653076338
-0.290931279946693 -0.431145804018917 -0.0639459317099568 0.257655029242269
-0.36854322592416 -0.3167957695845 -0.112076559494467 0.25635482922111
-0.386113491198783 -0.174183562924365 -0.0808802901194434 0.238450253081851
-0.421958499524926 -0.0811248387376023 0.00772893048281937 0.305052424205368
-0.399419215086287 -0.00927565065347502 0.041504620985825 0.396209306413323
-0.311342585079406 0.0109746252211179 0.180340938305879 -0.374895261669553
-0.350938486342926 -0.130097111902807 0.18359191517296 -0.269317925378857
-0.292353274680918 -0.225687098036886 0.206078938856927 -0.18260240122004
-0.247393927135085 -0.335669347243762 0.204247715021366 -0.203325096717436
-0.124048357365529 -0.407828678781086 0.148891304093359 -0.236329580547136
0.0044938575617743 -0.427397925159881 0.127598894751939 -0.248721148988616
0.0641181631750124 -0.461065024014433 0.0688212737975932 -0.216443063827678
0.0572767289028363 -0.498368520096241 -0.000781288623221115 -0.210419447170989
-0.0295500041131064 -0.51623033598092 -0.0913162462681876 -0.100561318076473
-0.149394936400167 -0.468717891016158 -0.142472023009256 0.0581777502280127
-0.322983054405406 -0.379851490073529 -0.101788156709922 0.208189097688646
-0.398295305458394 -0.241564790557615 -0.0846444962389207 0.257682616419302
-0.398487409895439 -0.0980321772295185 0.0112956593137149 0.24957372950313
-0.417566350565345 -0.0172141920796714 0.136274920400967 0.303644341381228
-0.390456682517571 0.0224157907994254 0.208083566035424 0.388300367002018
-0.219007050001141 -0.00562603419526838 0.308207867538284 -0.327455103220328
-0.235512844142809 -0.119792480286229 0.265767409906958 -0.206184313533674
-0.162349701741274 -0.176835626600209 0.232730061548725 -0.0997434844872184
-0.113022889685925 -0.231050921873737 0.191555994745799 -0.155643076345016
-0.0320311133701493 -0.271697338878787 0.130139578741016 -0.225816497266373
0.0423341509981575 -0.2941106649289 0.133441852102563 -0.300079102355461
0.0761815850928629 -0.331077275750468 0.106300100600621 -0.344655687610287
0.0539233252895843 -0.384075582469912 0.0246437643363964 -0.378439418102546
-0.0256831944107954 -0.409726880617874 -0.116052048786633 -0.271820726063699
-0.1219005357055 -0.361491375381625 -0.201415211083744 -0.0591594005165778
-0.260677456423707 -0.272884338726154 -0.151206997429905 0.157570210933324
-0.322002507053137 -0.149701692558485 -0.0652543689914039 0.239961921927075
-0.319856114596109 -0.0370279008901469 0.0867614265393146 0.235022083488499
-0.333073043729781 0.0197808064044575 0.23847173616211 0.277746517114903
-0.316835826005671 0.0342138087486314 0.346084197307065 0.362038195506766
-0.0988777493659601 -0.00505404233266815 0.380427317059574 -0.282856168080677
-0.116938823304719 -0.0622730917496917 0.295170275329683 -0.157813339336498
-0.0602316414819014 -0.0844781761756978 0.218498608640506 -0.0448208655099639
-0.0317144904388287 -0.0995312655112368 0.163371331987592 -0.127936969144806
0.0104578608448735 -0.122963003554888 0.106464030432704 -0.211390418832931
0.039723056960452 -0.148224836030807 0.134069411411268 -0.317926106732525
0.0590273438366466 -0.171105921449838 0.136180514235188 -0.424091990283311
0.0393713131918351 -0.211529579528416 0.0428878007379266 -0.491255398965711
-0.00644086580325481 -0.233408191095582 -0.131470960020726 -0.389654530716499
-0.0527030501170447 -0.203956382519201 -0.2443580216058 -0.143371066425563
-0.133441152812636 -0.141635097644536 -0.191537517857604 0.11943434202774
-0.17996231027907 -0.0691298906258993 -0.0571119761730532 0.218508682913435
-0.180241128308453 -0.00700850045258232 0.131763960760233 0.215960773673214
-0.193339069117876 0.0266168347851791 0.299502044586208 0.249244948962211
-0.188399669194907 0.0226693764258247 0.435319052235673 0.329719203906079
-0.00511490684032274 -0.0257970967047606 -0.438138243502937 -0.258084149127782
-0.0209101865962158 -0.0156774550556399 -0.348940336742443 -0.191068622831878
0.00257897946909184 -0.0265580683410213 -0.17333744792234 -0.172716477538555
-0.0144049602188308 -0.0306150682114461 0.0242039749907366 -0.16275630504696
-0.0048810600755396 -0.00916584926759278 0.174737640909312 -0.0935481102606894
-0.0021045569973191 0.00953048445933673 0.192057402476616 0.146851511332602
-0.0239243079618667 0.00364345149483904 0.0894452856906761 0.406260957370456
-0.0217143330951909 0.00447536981325609 -0.0640508631979564 0.493723153619871
-0.0320100061704929 -0.00383197726312826 -0.114278791539553 0.469924624331733
-0.0289157934800175 -0.010933283791401 -0.0940254717506947 0.341910847738927
-0.0181037285681109 -0.0151217229331124 -0.0756001395367378 0.233999477580522
-0.00918528995818622 -0.0216300871766782 -0.106026649945259 0.140169863473309
0.00403338328434321 -0.0203784056653735 -0.179876701015671 0.0533198159782222
0.000465576947647986 -0.0135149684479642 -0.23594276659996 0.107427496636987
0.0168352773988143 -0.0181245048140787 -0.366768797824261 0.261343776544403
-0.147328980756694 0.0234317483650968 -0.405284905762074 -0.294070377794492
-0.18594470437732 0.00425735766723916 -0.319530868743998 -0.219249669129876
-0.172566840652247 -0.0344317685807751 -0.149509385161226 -0.207364868392378
-0.19595649006049 -0.0975872409760121 0.0495637104856546 -0.188118144711054
-0.151245197145014 -0.151753275551738 0.187275496310288 -0.11013209203645
-0.0802657447816371 -0.174705390077316 0.191189026165393 0.126776124476601
-0.0392389433900359 -0.209564415684553 0.075004288108686 0.386644773538088
0.00218158311045527 -0.19694744901621 -0.0646826582373811 0.461112267549265
0.000419592913381254 -0.177316475371828 -0.109449399380265 0.455341419713118
-0.00968537791720174 -0.149376227679783 -0.0896088805864129 0.34935744086756
-0.0347242286036911 -0.139512400397962 -0.0711990217996382 0.254704174180931
-0.0412155354250288 -0.136981281819718 -0.120647116666344 0.153693278767659
-0.0617982899069369 -0.11415476650621 -0.190411608419458 0.0763645273400475
-0.111371917955081 -0.0907847211102012 -0.224280896181469 0.142472518991526
-0.118386808415989 -0.047871980609012 -0.33179411447514 0.289186669608525
-0.264958040257348 0.0536423296570347 -0.309382077218423 -0.343394141240157
-0.325463195125201 -0.00356490987914995 -0.235665433183635 -0.266155759421278
-0.32223982159023 -0.0720309694777085 -0.0872524716099538 -0.249420080678066
-0.341945180850632 -0.190255842891564 0.0853998695525627 -0.221834313554772
-0.25655939769417 -0.298757202489971 0.185001343360448 -0.142988242850951
-0.122886218906917 -0.342970358433023 0.171616918722043 0.0602244130544543
-0.0336355499542304 -0.387243821092115 0.0536034952224815 0.291661846309521
0.0259889768375053 -0.369722255426664 -0.0563331749531176 0.35345728298751
0.0164068569036604 -0.338274869617286 -0.0917528723425135 0.387772762181457
-0.0174398283548419 -0.296209488758324 -0.0769746442893892 0.338556309724352
-0.0904085646946906 -0.276302749261594 -0.0610392394541854 0.279329098967335
-0.121405586477114 -0.249549061271742 -0.13496102218926 0.18599278526397
-0.162425602550749 -0.188058539769397 -0.191447938158422 0.126758025278095
-0.233127344977944 -0.136863941768103 -0.188111653478715 0.2018271126804
-0.244257456485682 -0.0588107715195925 -0.248731773354146 0.332438224913594
-0.337259436104302 0.0565327775190499 -0.159821728792712 -0.380294947481731
-0.409120754836834 -0.0437591289209843 -0.102405645311994 -0.303076802169768
-0.403436278644515 -0.139374779737348 0.0103883264932204 -0.272238072940354
-0.409617282540536 -0.289738902172002 0.132448723424952 -0.245619784210369
-0.2843897163398 -0.418610392340549 0.173583695398365 -0.185556764294294
-0.114631602225413 -0.459660930968081 0.144632452378678 -0.0419936616105241
-0.00854225744937027 -0.496198007688271 0.0378607615247567 0.135556815473356
0.0420475822291306 -0.487273435231391 -0.0417172689521397 0.187267890328638
0.00832221373646778 -0.467033451796449 -0.074463055737737 0.263264118208153
-0.0600550553477472 -0.424422107344035 -0.0699481210217001 0.28449931937778
-0.190255122741609 -0.388557627066294 -0.0510508865504726 0.283150845395269
-0.249288465273304 -0.32200439615525 -0.132743987405559 0.226171673224821
-0.286677085932208 -0.211555628801079 -0.15627943225219 0.189704780281333
-0.348309662749635 -0.132598019719071 -0.109896160588316 0.264191090018662
-0.342912560557044 -0.0436468247303076 -0.11896386009248 0.371915381853239
-0.351670731645568 0.036676069615176 0.0138081355051636 -0.392128220210374
-0.417268355366746 -0.0986571836728493 0.0515404410205364 -0.305375492195715
-0.388503084381474 -0.205349270839264 0.123155024188967 -0.249969678827729
-0.36743956644121 -0.352192046039813 0.180264101475512 -0.23953540805326
-0.227240532794708 -0.463632412972721 0.162299960921287 -0.221193415100538
-0.0604811608696233 -0.488519805021408 0.128270326941922 -0.154193472631527
0.0313447820456142 -0.517116498336886 0.0422503649278516 -0.0450455408494204
0.054057959494056 -0.529225918614131 -0.022066014738323 -0.0102237817192665
-0.0117164730495702 -0.530722896623655 -0.0727313828588916 0.0901057736455888
-0.116865636715915 -0.488453114025566 -0.0907115402538271 0.182660965851039
-0.285726552433905 -0.427037409219397 -0.0633013097209999 0.253744233512966
-0.362635026314914 -0.313267314660551 -0.111631760817554 0.253170947520177
-0.3821014053786 -0.173447923158887 -0.0802605705125392 0.235997196191089
-0.417494897688348 -0.0826189694427491 0.0062945826448812 0.300934272852401
-0.395707509091678 -0.00952092244392362 0.0407862372609722 0.390967340173742
-0.30651065273444 0.00841929709222753 0.17914309871028 -0.369589175065341
-0.345523685800515 -0.130881289912153 0.182003415262788 -0.265496492316543
-0.288275607210446 -0.224377329490187 0.20497170617308 -0.180064855433974
-0.242275351501949 -0.331969459133935 0.203139006153874 -0.200747989802173
-0.120587573020529 -0.404063157001513 0.148774371389831 -0.233123906173815
0.00549995721543119 -0.422840816631062 0.127865337622702 -0.246169592921504
0.0644525639426109 -0.455371327854226 0.070201828284793 -0.213007323873368
0.0579800058706388 -0.493154016585415 0.00099264729662445 -0.207825324711016
-0.0259508008083694 -0.510129858560991 -0.0908595499115273 -0.0996624656683667
-0.144111293061297 -0.463295975096595 -0.141110975105506 0.0571734924917072
-0.317417902845292 -0.377471758747446 -0.10078546343033 0.204605252053962
-0.390997643512296 -0.241042592507741 -0.0848953601420551 0.255964730203742
-0.394152143751488 -0.0995597481399559 0.0112382783003433 0.247317129009454
-0.412989932027316 -0.0205354256742932 0.134067575908813 0.300529197348589
-0.386634829286135 0.021020861223937 0.205296008234325 0.38462879079015
-0.215465901491732 -0.00677344040433669 0.305347198390777 -0.323482430336748
-0.232903308763188 -0.119042731575215 0.262998932299009 -0.20242309414309
-0.159465873477901 -0.175608028388336 0.230586132212963 -0.0976543925788394
-0.111354114532478 -0.228737501260044 0.191167453452681 -0.153223877638826
-0.0303126408783079 -0.267858011881377 0.129444146040663 -0.222367131049607
0.0425592002442506 -0.290799140371952 0.133668553303563 -0.296134820667287
0.0778030806042744 -0.327334347822891 0.107701923209697 -0.340418874032485
0.0545429970967598 -0.379787416562937 0.025414377152737 -0.37575477071977
-0.0243083103388229 -0.40426165955449 -0.113324209433387 -0.268570168209479
-0.118791960601765 -0.359199469278166 -0.199487658281338 -0.0592502931057859
-0.256546580945073 -0.269851217228505 -0.149904134551857 0.154260015439617
-0.317690696263025 -0.150135572707471 -0.0657513865851983 0.2374319152725
-0.316136296944389 -0.0384513077845633 0.0859150887078112 0.232886590547252
-0.329750847757938 0.0173922323256222 0.235613731881726 0.27538078573973
-0.313518456581419 0.0323092794493734 0.343105039789783 0.357957714981392
-0.0975706948990078 -0.00551923487999873 0.376821961035112 -0.278720593449193
-0.115489120079929 -0.0610286581246601 0.291915931893764 -0.155324006552781
-0.0590325061996209 -0.0837037284854871 0.217148099061875 -0.0440177735962595
-0.0308197011133493 -0.0981978118442836 0.161453156099309 -0.126643930513615
0.0106599203378121 -0.121115025270336 0.105799004736968 -0.208369882678563
0.0400870821843356 -0.14613866560618 0.134683119690419 -0.312967882458834
0.0599239352730749 -0.168610288933147 0.138196410664137 -0.4178906177833
0.0395078569177366 -0.20884137974269 0.0457381361477422 -0.484791920419551
-0.00521186801325712 -0.231128788443205 -0.129198892966762 -0.386050315968186
-0.0514739112021814 -0.202749755505288 -0.241551431816155 -0.142551525038543
-0.131669261867671 -0.140863512987774 -0.189882296649406 0.116300278278327
-0.177022022614482 -0.0692766506281509 -0.0579864369206321 0.216231819066449
-0.178419581052751 -0.0075415566860937 0.130634213273564 0.214023185401918
-0.190886639973662 0.0250079072115372 0.296389781310153 0.246695318559478
-0.186507708901121 0.0225803903797609 0.430755407308382 0.326565750755071
-0.0048651521476539 -0.0254377706712389 -0.433554903661309 -0.257932327490975
-0.020409443770112 -0.0154713993312802 -0.345719680013373 -0.191356884578308
0.0029692736088717 -0.0265028857659502 -0.1706553182296 -0.171672647388653
-0.0140716170531309 -0.0298387927723304 0.0251624760159361 -0.161109731275897
-0.0049800434293697 -0.00934512264324775 0.173576826776214 -0.0913612288728299
-0.00176008199818172 0.00944605708991844 0.189944417669216 0.146451528730533
-0.0238224780721299 0.00390085406555286 0.0852288008442256 0.403109201482409
-0.0216056344658958 0.00481668437106018 -0.0672422343490325 0.487654052105139
-0.0317324826375831 -0.0036463240925837 -0.117111829732682 0.46244167860729
-0.0289778388000191 -0.0109052500888732 -0.0954665261781507 0.338430914670993
-0.017703966631046 -0.0147327300336639 -0.0762027655998881 0.230828851054889
-0.00863252196411432 -0.021341379435341 -0.105398239914851 0.138397836672155
0.0037068017180913 -0.020293208850524 -0.178282678011972 0.0515910295173256
0.000440023851000414 -0.0136261131426214 -0.233904630401042 0.104497972193254
0.0167614922064414 -0.0184013898791184 -0.364486939745003 0.256330242682399
-0.146215666064057 0.022403135912627 -0.401670887878642 -0.293654484774142
-0.183844743766622 0.0031824868401156 -0.316414075152998 -0.218299640673689
-0.171125049761333 -0.0349040453695595 -0.147109470753998 -0.206683112249541
-0.193892286359302 -0.0977667631138247 0.0501507567144465 -0.186459768205576
-0.14897420017502 -0.150987077328734 0.186203151082007 -0.107384449185098
-0.0782928081803552 -0.173696682244574 0.189009222915244 0.126142293825274
-0.037364694009045 -0.207757174027642 0.073051951583496 0.382757550464138
0.00318509568450242 -0.194810634628964 -0.0679745203351237 0.45594825000925
0.00168727431544026 -0.175125469394852 -0.112566803210305 0.449206303372399
-0.00900612706820347 -0.147983296887804 -0.0922430048727298 0.344615957171122
-0.0338347991679842 -0.138243598288438 -0.0718213098030854 0.251477028463503
-0.0397269714105363 -0.13588610089982 -0.120143848775314 0.152188883209803
-0.060820917096366 -0.112998387871194 -0.188647197479566 0.0750412451042208
-0.109816316746095 -0.0905398647615094 -0.221766167151626 0.139096460536255
-0.117187496965545 -0.048342540196169 -0.330227206232728 0.2838424872455
-0.262280182244276 0.0510298198553047 -0.306783404429427 -0.341938247708147
-0.322433155584117 -0.00523607700694487 -0.232971472970733 -0.263947757554536
-0.317910580707084 -0.0733498928489207 -0.0857576427949476 -0.247025732066258
-0.338000440460035 -0.189033362006884 0.0859726795928835 -0.21983813638878
-0.251504455398627 -0.297357989657963 0.184554367505017 -0.140738933701531
-0.119873680286437 -0.340605566730474 0.170185597019795 0.0599793403119486
-0.0308534827335397 -0.384145727566307 0.0520334721163767 0.288526903707592
0.0272778010277413 -0.365507944824477 -0.0585177058660077 0.349319052380587
0.0180116079204644 -0.334419893859439 -0.0937341460988612 0.383949103662749
-0.0150380510409119 -0.292782668347379 -0.0785890933755443 0.334362054723133
-0.0879374720249625 -0.2733787306886 -0.0610901806727917 0.275625401640381
-0.118796273170396 -0.248690778992769 -0.134256820692436 0.18393659311935
-0.159996448205046 -0.186976515824067 -0.189638493399893 0.124956727939252
-0.2304120817977 -0.136521628808519 -0.187112672496626 0.197990043675521
-0.241940348891515 -0.0597459851513071 -0.247580575247512 0.327189077597396
-0.334130663901866 0.0523895899049192 -0.15778926049623 -0.377040225125188
-0.406858118216685 -0.0460463086140601 -0.100419869509288 -0.300153321132523
-0.398656521745112 -0.140405648824506 0.0121173370825513 -0.270257739922956
-0.403438524530231 -0.290080960617777 0.133091102640146 -0.242689909299756
-0.279120559779254 -0.416585022310458 0.174426972632807 -0.183280974155757
-0.110735167366304 -0.455921134183129 0.144648014530265 -0.0415152048705865
-0.00556108581168442 -0.491940759442352 0.0377935454529241 0.135636842325223
0.0448977966631842 -0.481358178717155 -0.04266340143623 0.185339698402693
0.0118558179618985 -0.460663622461573 -0.0752758635267486 0.259793128497978
-0.0561958702241426 -0.420234841638272 -0.0718911868148006 0.281061658497714
-0.185248906323553 -0.385773158660139 -0.0519538067823763 0.279335719084502
-0.245895894878641 -0.32102863192905 -0.132138201554328 0.224137885752283
-0.282564944420732 -0.210645718272189 -0.155223155282555 0.187038771064021
-0.345119653092882 -0.133614106969474 -0.109934425174154 0.260207263499902
-0.339603668881274 -0.0448222406565453 -0.11851184825397 0.367110833902513
-0.34794443201611 0.0329381620908168 0.0142268612001267 -0.387180431023954
-0.412669725995387 -0.100098482793321 0.0518381684919032 -0.302295199466321
-0.383506349428987 -0.207021028800792 0.123367020318173 -0.246523103083645
-0.36156873334017 -0.350751603167539 0.180416244166613 -0.236848777813443
-0.222760308604386 -0.460392528981337 0.162580791381714 -0.218509307024349
-0.0545054979601424 -0.484294873948942 0.128638838006128 -0.152771094841593
0.0357047822834125 -0.51202683101371 0.0424121144890906 -0.0437310804471688
0.0569135544468447 -0.523860355861307 -0.022141595958026 -0.0100935629704871
-0.00769738064111932 -0.525269165631485 -0.0737513573818315 0.0891746981068425
-0.112867234954373 -0.485141714092011 -0.0913351519440216 0.180898458985825
-0.2822975449865 -0.424909192140973 -0.0637439205164447 0.250775816156838
-0.357753374172821 -0.313848511203219 -0.112189887925804 0.251562307612118
-0.377081863628751 -0.173361108096271 -0.079930987260837 0.23395380985208
-0.41249358998934 -0.0848099309972876 0.00503492511429216 0.297238929028619
-0.39298253077014 -0.0127673438971885 0.0391753756340324 0.387229267234528
-0.303412929243137 0.00597114593579649 0.178175023970066 -0.364255962711272
-0.342330904372679 -0.131144926786924 0.181114566766335 -0.261191145783068
-0.283030710412438 -0.223749981682102 0.203849771135139 -0.177353182894152
-0.237733289356478 -0.329693431577524 0.202789032480741 -0.198346925563411
-0.115848460066866 -0.40006668846739 0.149484012333937 -0.229972508675835
0.00849386083695832 -0.417447288831106 0.128395939713046 -0.243099470361515
0.0689042513727507 -0.44985525451304 0.0713733708505856 -0.209422340895827
0.0601643002433414 -0.487583205594413 0.00210918673190728 -0.205441754387204
-0.0226601118571516 -0.505529002500387 -0.0898971310971167 -0.0988719918926547
-0.139087549628353 -0.460083931416119 -0.141083165927929 0.0557720615157286
-0.31344590005293 -0.374506778939926 -0.100783522179896 0.201376108009572
-0.386747258015967 -0.242621965151081 -0.0862285391474397 0.253540551576834
-0.390584877877926 -0.101449920132785 0.0104088761229873 0.245623687291012
-0.408819853254039 -0.0225220267472112 0.131177422458224 0.297597437578995
-0.383726993574852 0.0185269466231581 0.202223305552982 0.380522178351591
-0.21267765742147 -0.00838784348579862 0.302517313630719 -0.3172264172215
-0.229689210542017 -0.118968749981167 0.260940401886041 -0.199088757995942
-0.156601454417235 -0.174843237157436 0.229254084101584 -0.0957221447673977
-0.1081154122584 -0.225880042239888 0.190185568966834 -0.151521254269737
-0.028670030674352 -0.265162038667243 0.130069027783113 -0.219693700628093
0.0443641635307872 -0.287125647137335 0.134468793351319 -0.292560875614864
0.0782741367637392 -0.323490335300655 0.109775850041035 -0.335149639445774
0.0558655710342149 -0.375181637691386 0.0289115762288809 -0.370746706481716
-0.0211705365033393 -0.400900734173487 -0.111160367963103 -0.266452441792358
-0.116058916071099 -0.355786058986785 -0.197581477463541 -0.0597469237658612
-0.253893881568457 -0.269658123058644 -0.148705688780401 0.151470252616393
-0.313864362576297 -0.150775284901727 -0.0668942776722052 0.23570235592006
-0.313439093288165 -0.0395389627501433 0.0838991839766079 0.231906234147052
-0.327351572352855 0.0147348625574279 0.233010507887418 0.274288500040516
-0.311424303310285 0.031057913503083 0.339252889896576 0.355615738466964
-0.0959054424830176 -0.00688465876636976 0.373655062406196 -0.274001178130662
-0.113870187203629 -0.0609817079681504 0.28904898901676 -0.152556135962437
-0.0577245430905401 -0.0833978384653438 0.215770564979041 -0.0424147684071198
-0.0295892599579522 -0.0971990174144234 0.160532322621859 -0.124999247801358
0.0110792533959716 -0.119776202263181 0.106420407557936 -0.205815167717853
0.0403761937571192 -0.144368476345516 0.135925030801374 -0.309287755034202
0.0603116252403393 -0.16693721639597 0.139334002484598 -0.411551788989498
0.0405200616776054 -0.206171434717976 0.0486890747955226 -0.480543191192067
-0.00418105501618051 -0.228213414816899 -0.125585310860114 -0.382293707619216
-0.0498629248855973 -0.201331934174 -0.238806922598185 -0.142467782309948
-0.129497621248148 -0.140377800780938 -0.188511284946021 0.114187167958455
-0.175112413154377 -0.0701026824936325 -0.0585910820942568 0.21432127779981
-0.176769445809212 -0.00891480886654687 0.127556704907628 0.213557759239697
-0.189844509399647 0.0231737018184864 0.293005581890081 0.246242258274838
-0.185366480677561 0.0214767955634215 0.426558651783946 0.325257079231388
-0.00483560125522697 -0.0253764430760017 -0.431241230991929 -0.257769782870016
-0.0197727798689604 -0.015440250609642 -0.344057925876075 -0.192317601044612
0.00331810112716934 -0.0269182200383068 -0.168672137679768 -0.171733773127567
-0.0139400922126257 -0.0291061190269722 0.0260545732596265 -0.159631900932815
-0.00441158128460006 -0.00915796192073226 0.173326320878638 -0.0900060178897496
-0.00207071139100189 0.00897081314207796 0.187946715318126 0.146516558017456
-0.0235042794009435 0.00417094489358317 0.0820211913751177 0.399082918178003
-0.021592802872129 0.00461363143232338 -0.0722561923475508 0.483161495882816
-0.0309692098330837 -0.00315513479071155 -0.119439598013574 0.457164198527216
-0.0289081640931805 -0.0104372306640274 -0.0989033955032276 0.334430276946687
-0.0179343556983336 -0.0148074485667442 -0.077713679834844 0.228455971952452
-0.00866303166224287 -0.0214032840586767 -0.104541839860889 0.136727648599283
0.00357262846865926 -0.0203165888625764 -0.177170549916055 0.050396545386651
0.000760248960369043 -0.0131876039186463 -0.232318375445883 0.101429662528177
0.0167458384063534 -0.0182861481307516 -0.361849950858342 0.25217300475361
-0.144670743569676 0.021142204878834 -0.399177574563349 -0.293989759657004
-0.182941140414825 0.00167564131903009 -0.313850004443353 -0.219166379589579
-0.16950696133697 -0.0368280295855148 -0.145033665082504 -0.205714286037636
-0.191100896697693 -0.0983250714051041 0.0513342951883777 -0.184745075906353
-0.147263643224049 -0.151000032451557 0.185722991174089 -0.105969902061345
-0.075993770714475 -0.172933675005135 0.18697571081607 0.125330440626561
-0.0356695443221642 -0.20624591257621 0.0703781349348737 0.38023372067677
0.00438093748959735 -0.193025360929725 -0.0711530960374745 0.451745735320051
0.00268400633224359 -0.172522575690334 -0.115245927003115 0.444758944239366
-0.00779061619903869 -0.145884965088308 -0.0943651473130252 0.34092184056149
-0.033171598534949 -0.136971938588572 -0.0724047593302849 0.248962619672208
-0.0383826946822503 -0.135253425773362 -0.120082012997252 0.150806419198277
-0.0600759833012502 -0.112461402004234 -0.187036445392805 0.0733977260696626
-0.107844156497504 -0.0899636760356985 -0.221586968386695 0.135579810182298
-0.116435882324274 -0.0489383243025955 -0.328519524157878 0.278910827987838
-0.261066478493347 0.0486680678447368 -0.303537328493791 -0.34012276402578
-0.32094243927463 -0.00799569759826605 -0.230374875120109 -0.263289135376978
-0.315465495517261 -0.0757596068250726 -0.0834507828229319 -0.245853932058624
-0.333889097468174 -0.190305789811408 0.0872510682193185 -0.217602222969586
-0.249296136026488 -0.297081845720055 0.184777035140149 -0.138769742733729
-0.115291380928998 -0.33895493567952 0.168629859767614 0.0599407331652387
-0.0283906403467054 -0.380667837629281 0.0504225405743508 0.286881847931757
0.0296135566090143 -0.361818461049174 -0.061507885589121 0.346602007190364
0.0209857973297979 -0.331137111290785 -0.0972225469467807 0.379667848193701
-0.0126761034403691 -0.290306248189392 -0.0811829744894284 0.33111205369214
-0.0856359011447749 -0.271445293387338 -0.0620786052704306 0.2728378082273
-0.115469361140642 -0.247230375417271 -0.134247599300909 0.182184485364896
-0.158120731217347 -0.186888842690738 -0.188414462659662 0.123231504554874
-0.228484905033181 -0.137387984564234 -0.186298679465746 0.194882926381054
-0.240385393509768 -0.0609160021934091 -0.246257661322912 0.322172445081017
-0.330368847780101 0.0497552422456537 -0.156174866200856 -0.375182192646553
-0.404146685498107 -0.0484736144895143 -0.0978532723760223 -0.298470219598336
-0.395306064916015 -0.143031614180473 0.0141151523843022 -0.267674121129578
-0.39907793063206 -0.289087390675168 0.134493791813867 -0.240908381253795
-0.274753572862494 -0.414702397045206 0.174857163622755 -0.181368580185107
-0.105024252276658 -0.454163493726247 0.143840728731742 -0.0410110143206673
-0.0012770311235014 -0.487599080052986 0.0369449375650183 0.134453222278845
0.0489036763129369 -0.476568042467603 -0.0443776914179332 0.183711445063103
0.0151789575090934 -0.456413001120486 -0.077555810473529 0.257189768412084
-0.0520015597325088 -0.417279217856718 -0.0735334778303761 0.278606692795581
-0.181028630956467 -0.38441612303455 -0.0532623184729528 0.27631745896568
-0.240212134080483 -0.320089472377828 -0.133222770001913 0.221907592765744
-0.28070780408957 -0.211602916511732 -0.154366298862524 0.184869798620271
-0.341978173515675 -0.135881270254597 -0.111281648458822 0.257190787286974
-0.33780818205633 -0.0469988010593848 -0.119754901257142 0.363116554062016
-0.344876109353746 0.0298007377814348 0.0151152927758079 -0.384473868340359
-0.408585601021327 -0.10299543791664 0.0531648215544422 -0.298997246520638
-0.378806431968957 -0.208480618077521 0.124224405303126 -0.24397119776712
-0.355873928831244 -0.351545157049348 0.181003355194192 -0.23335146323064
-0.217947898052267 -0.459166111699088 0.16421193096963 -0.216576848788688
-0.0511514780423043 -0.482078701479212 0.129393631989987 -0.151605116657414
0.039578081578315 -0.508611230496384 0.043669138423212 -0.0422594418664761
0.0599680681834988 -0.520473358691849 -0.0217216906921559 -0.00929605617767599
-0.00354221671252918 -0.521689447875149 -0.0744886823784329 0.0884961236925087
-0.107464488567847 -0.481615362250502 -0.0927061186668699 0.178693164687717
-0.27636735871988 -0.421950771374773 -0.0640275031433626 0.247330774107361
-0.353079767713917 -0.314482170559401 -0.112467310288104 0.249416205958549
-0.373383072144154 -0.174662389276817 -0.0804860203323395 0.23192306272621
-0.409844702017905 -0.0883783392909875 0.00331861825572255 0.294720204763485
-0.389960397963648 -0.0160740380097474 0.0370670627804379 0.382759064277722
-0.300341864336658 0.00392314394200226 0.178715490733673 -0.359777697377795
-0.339314295418993 -0.133291949965311 0.1809720118123 -0.258472645554406
-0.279787710239345 -0.224854871660254 0.204582646279928 -0.174738339821695
-0.232829029951332 -0.328557493036307 0.202723608797244 -0.19587976174386
-0.114287418734603 -0.397483830717201 0.150671860838569 -0.227791466022851
0.0121595800492349 -0.41502991226622 0.130236180874741 -0.241130092990789
0.0718707730879908 -0.447143191940892 0.0726436395000536 -0.207406734370094
0.0635912793159203 -0.483615610089509 0.00361799736370733 -0.203404832689399
-0.0192647533763999 -0.502072101116128 -0.0888170919525924 -0.0980780257557128
-0.135963112525842 -0.458674544708368 -0.140621205975485 0.055169358842826
-0.308407707018492 -0.374351208632524 -0.101033910676809 0.19850243304798
-0.382015188413996 -0.243179905700526 -0.0869514072437222 0.251739317607266
-0.387886229125415 -0.103197236002706 0.0095671935963713 0.243988275956763
-0.405859576782653 -0.025843751317704 0.128887087237118 0.296065932570834
-0.380763675008061 0.016085325086683 0.199398825980573 0.378327301982666
-0.211042526817721 -0.0109021363906272 0.302530086272077 -0.312730854747559
-0.227400163869657 -0.119472274511594 0.260231280576776 -0.196092732739272
-0.154084200057952 -0.174578787820515 0.229067796622086 -0.0932494767305055
-0.105590775680428 -0.224576998237281 0.189689128342663 -0.149896185689304
-0.0262687689441977 -0.262689113471182 0.130640998059482 -0.217142822569825
0.0462174732231059 -0.285687981003504 0.135978701161458 -0.289207761169773
0.0821279350782041 -0.320703190899425 0.111868326706829 -0.331532257494522
0.0584054368705293 -0.371325348084031 0.0310775128050663 -0.367709577421572
-0.0173836425477696 -0.397809489233384 -0.108666482846028 -0.264486690486224
-0.112073107076416 -0.354369139800574 -0.196207749917573 -0.060638955940777
-0.24993215561297 -0.269519268651084 -0.148708657879002 0.1487071990115
-0.310608460799539 -0.152496443485617 -0.0678080914452019 0.234339599471581
-0.311485177329273 -0.0413966449139819 0.0828528415580033 0.230873526008197
-0.32552184350676 0.011625616614246 0.229451614462162 0.27352290852976
-0.309676877914844 0.0282350394000935 0.335819508375956 0.355163208527008
-0.094989736842398 -0.00773708265121182 0.372052376897066 -0.26835702769086
-0.112562742273515 -0.0610374894967546 0.28776701330926 -0.149458181137038
-0.0564946160555506 -0.0836991219341044 0.214950510172051 -0.0408669991587885
-0.0285175361152883 -0.0959400970339314 0.16070238025159 -0.123711148754494
0.0120578059860042 -0.118614505378133 0.106987829133486 -0.203076350793201
0.0412240043670252 -0.142714719172744 0.13798270180507 -0.30601450680376
0.06176293269442 -0.165523552947021 0.142091521163894 -0.407169078456863
0.0416135192958516 -0.20434950957467 0.051751017488394 -0.476162948598501
-0.00274047159406569 -0.226744223240393 -0.122051686764552 -0.379007223640766
-0.0473743934731455 -0.20138341772415 -0.236408822260541 -0.143370302664347
-0.127605308821186 -0.14025980980068 -0.188317487757274 0.111323438577431
-0.173048532415313 -0.071129428385709 -0.0593060624725714 0.213075713044362
-0.175141455244789 -0.00999356594846148 0.126358711159508 0.212150725946491
-0.188542219723593 0.0207249399416716 0.289743196379661 0.246285989139843
-0.184402679390193 0.0199510871675422 0.421822144688578 0.325128232407117
-0.00449061599680532 -0.0248494120943758 -0.429140891286309 -0.259310310878512
-0.0192764403266858 -0.0150839696911505 -0.341226798972509 -0.192995935239423
0.00372670909710599 -0.0263966364309841 -0.166737260851423 -0.172473933967291
-0.0140065761690707 -0.0293874900566492 0.0274731879733633 -0.159753788118734
-0.00449836980344247 -0.00906857892823787 0.173098049144666 -0.0877624242258943
-0.00192271151716041 0.00928484702877214 0.185592257178386 0.147247500605779
-0.0237950193513154 0.00460491799116264 0.0787156795662219 0.398056108278623
-0.0218732057727209 0.00437455173686416 -0.0761933958536581 0.480486674346254
-0.0309483629461067 -0.00338145777737928 -0.124546892045908 0.453360103460991
-0.0287375762904809 -0.0108786482425067 -0.101650456371158 0.331007563602059
-0.0178597041047475 -0.0146208174978758 -0.0791542384635718 0.226491742478039
-0.00829483227189455 -0.0213756926411281 -0.104691523260903 0.135868689664563
0.00384893983016746 -0.0199173796425679 -0.176283223281346 0.0494135995094428
0.000763046868517734 -0.0127776460857708 -0.23190169687482 0.0990544691816112
0.0166643828483013 -0.0182617985424383 -0.362371311213626 0.247143705946244
-0.144333821016628 0.0203326288669362 -0.396510721094398 -0.294914178995312
-0.181676732671096 -0.000200959761272681 -0.312347638699549 -0.219959265237738
-0.168779658569275 -0.0384252162704476 -0.142757646595031 -0.206285520744161
-0.189801561689796 -0.0990829974948692 0.0529378769336665 -0.18413957412255
-0.145152803594072 -0.151233505954968 0.186420949548443 -0.10452414644131
-0.0740884403058925 -0.173098627765845 0.184669944623651 0.12644566197542
-0.0331137598286262 -0.2049033725026 0.0663777554208851 0.377906074771252
0.00633575269740117 -0.191575370373717 -0.0762391668230084 0.448824848092885
0.00493190239836197 -0.17097509236062 -0.119427369548295 0.440589054302363
-0.00630583977849234 -0.144909495123571 -0.0975088531435074 0.337860677865525
-0.0318268948832374 -0.136419673359534 -0.0739311620634389 0.247265881238612
-0.0368584522455503 -0.134783585478527 -0.120094567916178 0.148167175993649
-0.0589835743189727 -0.112299856678201 -0.186523336665987 0.0720192652042306
-0.107093815712362 -0.0904790944059595 -0.221630874890219 0.132222370847123
-0.115590118858236 -0.0498882084845414 -0.329196726276988 0.274816389445714
-0.260298303952554 0.0455730092970165 -0.302111390852996 -0.340860359531805
-0.319265203077521 -0.00983502222363851 -0.228064183859493 -0.263660802471234
-0.313613071624739 -0.0785374824604932 -0.0814633005265876 -0.245881304303196
-0.331018537425838 -0.192649536187993 0.0891018724926192 -0.216597254401296
-0.244857481654062 -0.297532819879396 0.185255923703518 -0.137144826746898
-0.110317830089364 -0.339432939725687 0.167753210145651 0.0607032862027399
-0.0245548696910985 -0.378580152162066 0.0480108030250125 0.285588802461528
0.0322895251634115 -0.359557818451833 -0.0652400473492054 0.343738871121142
0.024656409571718 -0.328397296395999 -0.100172865463133 0.376378443387098
-0.00926338272700037 -0.288802380615223 -0.0844667610914967 0.328141871024515
-0.0830070383642178 -0.269981331532786 -0.0635448553796218 0.2709073853045
-0.11319019740666 -0.246515883838558 -0.134677313294355 0.18081495430203
-0.156293616549989 -0.187530275364031 -0.188280843452379 0.121530462700959
-0.225804697382302 -0.138698498759378 -0.187493814517923 0.191745478088827
-0.238688168867136 -0.0629939850873863 -0.24634125627305 0.318494323036081
-0.330009219263089 0.0461017628608271 -0.153694737774159 -0.374727030755272
-0.402286500220535 -0.0510258094928154 -0.0962039450100597 -0.29787295279989
-0.392871460018618 -0.146357007052934 0.016867673978507 -0.266352016528851
-0.395630513478042 -0.291712372453494 0.136373045126725 -0.239270581225076
-0.269774409351372 -0.415068551142859 0.175998794717254 -0.179625927013444
-0.100111250574414 -0.453136352529342 0.144010035809054 -0.0405702340087342
0.00443364574104239 -0.485228260089717 0.0364802306902383 0.134153820908526
0.0510229546508274 -0.473772371581808 -0.0459368147568771 0.183362060323818
0.0207916878826275 -0.453828432505498 -0.0804896135512775 0.254864376040371
-0.0476583448265593 -0.416549232765915 -0.0762887669205154 0.27741347238282
-0.177033281252832 -0.383599815274784 -0.0547235045690471 0.27398863911997
-0.237325021346157 -0.322257800723942 -0.133794714518738 0.220740590410043
-0.27773915592942 -0.212854990163214 -0.154563327180255 0.183686250042755
-0.338461848266456 -0.138100200332619 -0.112399838498666 0.254023013780389
-0.335686331021621 -0.0500631181208792 -0.121090485727108 0.359479990349801
-0.342191898951047 0.0262708803823796 0.0164424893175859 -0.381825357808295
-0.40682911783517 -0.105043627328032 0.0547113512685594 -0.297188796492393
-0.376796887063211 -0.211136071752806 0.12632578208848 -0.24210394782574
-0.351281987623843 -0.352070874250579 0.182607267509215 -0.232319755145705
-0.212159618165603 -0.457910515152238 0.165642179789117 -0.214458398419182
-0.0452800874976447 -0.479867969971255 0.130196554032615 -0.150977539942365
0.0429539333656043 -0.504900976267661 0.0445033195932763 -0.041831634455765
0.0640509454309505 -0.517160997749637 -0.0216629491981834 -0.00940665339726956
0.000907699798595579 -0.517574804272926 -0.0752272000835273 0.0874058463626157
-0.1023744939587 -0.480355464161628 -0.0940390486680743 0.177552308365885
-0.272384535999648 -0.422869687665618 -0.0650210306263827 0.245484292108679
-0.348248988774363 -0.31715757971041 -0.114799437466714 0.248257822980176
-0.371136500012307 -0.176865619998479 -0.0808479926791213 0.230240940982109
-0.407702988862941 -0.0916933585060709 0.00115388633595366 0.292820215210583
-0.388232566605328 -0.0187742989478313 0.0344354233655644 0.381582378725405
-0.298292846133974 0.000821459694088853 0.179748854509493 -0.35654067109221
-0.336959714615823 -0.134371489192162 0.181760500230299 -0.255006722628094
-0.277460945085698 -0.227338617970213 0.205430291581713 -0.172179555099488
-0.228632507044818 -0.32808566927155 0.204054671660042 -0.193785508437114
-0.109083036038953 -0.395609776225358 0.152207311534553 -0.225520982822919
0.0157892525465706 -0.413516849824021 0.132264496753948 -0.238502874333887
0.0768525855086835 -0.442901453202809 0.074858919184876 -0.20576587839542
0.0674767207661324 -0.480362700551405 0.00617060604299436 -0.201302446932291
-0.0142662129266173 -0.498318509736458 -0.0881802697670205 -0.0980871347494599
-0.129811473387635 -0.458396221908444 -0.140845524971324 0.0536533288311001
-0.303733255923513 -0.373970613052511 -0.101772145038973 0.195740837482599
-0.378657920384067 -0.247246257989936 -0.0890903018853952 0.251163784102377
-0.384857070431796 -0.105742905238195 0.00773317996958389 0.243036258868555
-0.403433353294775 -0.0311847728384993 0.12555424244559 0.294936458825957
-0.380642632539856 0.0127309004638876 0.196917994395192 0.377963084913055
-0.209170267652134 -0.0130128152880756 0.30202311062082 -0.308624162867785
-0.225832157100533 -0.12058824524287 0.259171815668051 -0.193114372022581
-0.151511739528607 -0.175523416652648 0.229146135812166 -0.0911488410005686
-0.102996423952776 -0.224074371179681 0.19068951676303 -0.148391485599197
-0.0243998802558641 -0.261210354069999 0.133184542185764 -0.215013581524905
0.0485088350636605 -0.282970750645329 0.138937560270536 -0.286477320684372
0.0849596660340574 -0.318770947460112 0.114804986254047 -0.328118227426136
0.0618076253505699 -0.369282419457439 0.0357979773279709 -0.364964993467659
-0.0134095310614744 -0.396049222369343 -0.106129368961904 -0.263551326519608
-0.108167503309342 -0.354788162968444 -0.195099538818753 -0.0622316285201514
-0.246503796971045 -0.270251048528541 -0.149341214929762 0.146073314432785
-0.307731889892087 -0.155214957394722 -0.0696859403962302 0.233613357643263
-0.309345035568959 -0.0442235764754552 0.0805745038999732 0.230883620711313
-0.324414889103164 0.00828390995924286 0.227077879186142 0.274107783958856
-0.308896924934454 0.0260225188403245 0.332292386780247 0.354485902966549
-0.0938047874883735 -0.00882552084224862 0.372265612286791 -0.265322847995114
-0.11201744581729 -0.0610296973359985 0.287265074091949 -0.146707802435243
-0.055451999099338 -0.0837367849081391 0.214238197796405 -0.0399105239022446
-0.0266679902421279 -0.0955967019612876 0.160842724088527 -0.122638038785437
0.0136665746778769 -0.117463876828127 0.108654001554756 -0.200953857649735
0.0416377906822066 -0.141860672621098 0.140800814955328 -0.302800155489578
0.0633678012074116 -0.16490319216896 0.145546763555712 -0.404051470944578
0.0432296638635456 -0.20259166272827 0.0574304940034773 -0.474203910056837
-0.000237414921933791 -0.225664729019396 -0.117044184879047 -0.376262757533743
-0.0452701326393307 -0.200758834457536 -0.234204775692586 -0.144499243288724
-0.126002155773377 -0.140828775189608 -0.188744791049977 0.108001420394111
-0.171542153569972 -0.0722486740042934 -0.0614093043376084 0.211749850721493
-0.174633916325253 -0.0116339961591802 0.123840370831409 0.213451072160173
-0.18839848629924 0.0187439515375613 0.288062010086017 0.248303112212339
-0.183772917609564 0.0187993594349644 0.419458241884791 0.324948265650908
-0.00373586537215865 -0.0248580419173866 -0.426067950031758 -0.263543981136293
-0.0188212370378665 -0.0153318367909317 -0.340551163677167 -0.194809449706533
0.00358089561459941 -0.0264670144787211 -0.16503320885045 -0.174035784705117
-0.0136070734059481 -0.028690986327104 0.0288333368206327 -0.159269858512132
-0.00437995880718671 -0.00896288545175049 0.173801215745132 -0.0866239414244457
-0.00177484096652814 0.00903682172583383 0.183836928370657 0.147708311937646
-0.0239482234025026 0.00483892611037431 0.0752281991907026 0.39752246524714
-0.0214263466283991 0.00443962775960242 -0.0813577987734243 0.478956083477723
-0.0309488232095265 -0.00279801215486757 -0.129932734949405 0.45079237276108
-0.0286895523747815 -0.0107559218428188 -0.105776959914504 0.328371628256619
-0.017863916440236 -0.0147596626558976 -0.0805788495322301 0.225135412829231
-0.00817292004724666 -0.0213949495783287 -0.104964093817667 0.134589388971973
0.00390052071915083 -0.0196454523298592 -0.175746481147777 0.0478237583117606
0.000542887749716804 -0.0124980236391707 -0.231891622566378 0.0960694473041081
0.0167760132228066 -0.0185438145639227 -0.362461204245596 0.243073324222581
-0.143987725291942 0.0186437389188477 -0.394850168651996 -0.297393266602672
-0.181164351365312 -0.00152305319658977 -0.310246236087765 -0.221140113666406
-0.168016292914015 -0.0400276548734578 -0.140532232913509 -0.207092332411447
-0.188844586089385 -0.100073147056571 0.0550723865941475 -0.183829554309362
-0.143268772513097 -0.151822490732807 0.187112193887587 -0.102815962289362
-0.0717417561842591 -0.173150502503455 0.183715875448192 0.12678873891777
-0.0311817828011096 -0.20436019965994 0.0631048463533619 0.377803173812738
0.00785686079923997 -0.191219134124366 -0.0804850633334853 0.447706753219569
0.0060866499022398 -0.169678568518495 -0.123588995429621 0.437875617291629
-0.00470196331519699 -0.144734217230631 -0.101824205782156 0.336079071940365
-0.0305950145059497 -0.135984790184474 -0.0752875150531707 0.245493185992121
-0.0360424547463209 -0.134993858688273 -0.120577794763322 0.148102540551467
-0.0579618146121159 -0.112703194550058 -0.186708465027784 0.0705623540425207
-0.106045590140154 -0.0911382815953477 -0.221458428094957 0.129929070472391
-0.11496571409627 -0.0512957950038898 -0.330003536596425 0.27046538888291
-0.259146474335314 0.0428149772246261 -0.29968014002787 -0.342710684450385
-0.318858229259098 -0.0128873462489752 -0.226461467590282 -0.264980800453145
-0.311893778088318 -0.0812202926705724 -0.078738094578798 -0.245890533875
-0.32889487065117 -0.194575348033931 0.0913761231367492 -0.216241398659507
-0.24127971272883 -0.298748713066446 0.187104018091992 -0.135400648227287
-0.106389362660013 -0.33839167826868 0.166816489241588 0.0608093987132903
-0.0199375511992025 -0.378867571622519 0.0458952925046583 0.285216967622968
0.0362607282105015 -0.358763317318132 -0.0679935407682038 0.342634970817015
0.0276733278878706 -0.326983250766333 -0.104714026273059 0.373598161894642
-0.00685611568470011 -0.288049198573569 -0.0881732377995509 0.326909369293407
-0.0805550341557438 -0.269778552763664 -0.0654032634006172 0.268925720677249
-0.109891146676003 -0.247958026806611 -0.136037185687627 0.179658065579942
-0.154359437856669 -0.188271593291553 -0.187986995697366 0.119826118857894
-0.224551589030132 -0.139969566404767 -0.18783158427171 0.188760586156577
-0.237442991564945 -0.064818128985484 -0.248098447555806 0.314929945348903
-0.329371067251799 0.0414356218865848 -0.151570494521632 -0.374650977360377
-0.400413499995851 -0.0548935554999978 -0.0941467338404195 -0.297981364600075
-0.390902565239378 -0.151172746016441 0.0189150245982594 -0.265874624440479
-0.391073975273879 -0.294512713168573 0.138140878385998 -0.238274477106695
-0.265071601930656 -0.415869433851468 0.178687285864287 -0.178555022912422
-0.0948911221796705 -0.452828117121545 0.144257947662041 -0.0402572366095122
0.00904992126985678 -0.483177306501221 0.0355615738486422 0.134096652633507
0.0559130465954782 -0.471506137049015 -0.0479111585084095 0.182403478306389
0.0255003958262317 -0.451036661972347 -0.083682634830306 0.253259678549649
-0.0431107437170627 -0.414815669049728 -0.0793585812493242 0.275325778672196
-0.173720761371045 -0.383460764043471 -0.0563912832094597 0.272870889552046
-0.232307350428769 -0.3231709900945 -0.135686208117256 0.219338567120524
-0.2753601632845 -0.215732977947603 -0.155402263086471 0.182289175764163
-0.336724667785907 -0.140922906868392 -0.113601026814117 0.252370103921908
-0.335296699625435 -0.0525709629543994 -0.12348038791884 0.356496719880041
-0.341682024749656 0.0223945462424347 0.0185369105384748 -0.380411099721705
-0.40567951486819 -0.108174072959968 0.0562510092273972 -0.296247194155722
-0.374248463484524 -0.214397396534472 0.128593944663857 -0.240600388030309
-0.34700140415854 -0.354760747485244 0.185085778782801 -0.23060409364515
-0.20830004042434 -0.457950978656052 0.167993359912396 -0.212867245220782
-0.0403305724935989 -0.478738743567561 0.132116941467691 -0.149541484196929
0.049181574177048 -0.503523278688327 0.045424691139007 -0.0408737153808499
0.0680084271476545 -0.513855938334565 -0.0214188698332033 -0.00894870624293185
0.00667605256661919 -0.516519615075322 -0.076677168982331 0.0864242638938209
-0.0966609999777441 -0.480362337047854 -0.0959132567085406 0.176384819154005
-0.268452245321478 -0.422896150629947 -0.0668969711245369 0.243425059735722
-0.345323314562384 -0.319390318227839 -0.116182120063053 0.247695472759486
-0.369498079940581 -0.180991967483416 -0.0824681662450389 0.229302465844895
-0.405684166081614 -0.0957803678397717 -0.00133806902921945 0.291168163395512
-0.387417523796717 -0.0217855518165227 0.0326762400116481 0.379897923232017
-0.29784726975841 -0.00278343747426468 0.180345205903418 -0.353626601248613
-0.334810955162401 -0.137621194600036 0.183615569274831 -0.253033669393008
-0.273995859815375 -0.229415938648172 0.206924532021305 -0.170547429851206
-0.225737298599959 -0.328941541058285 0.206260116075784 -0.192526220340272
-0.105650457979213 -0.394913442759406 0.154864990727151 -0.223931563974383
0.0199274131161507 -0.411064309524881 0.134810851955618 -0.237867360220994
0.0813210640212474 -0.442248744716823 0.0779654245231774 -0.203510246698222
0.0704390300038267 -0.478062634255746 0.00839339620773535 -0.200786109778694
-0.00843082594532901 -0.49714157984077 -0.0873546455101849 -0.0982462151779314
-0.124301299499443 -0.458321490011718 -0.141629683821693 0.0522021003691397
-0.299534588338317 -0.377158710089538 -0.102929081975684 0.193638993188993
-0.375147169358178 -0.250928408106179 -0.0906603826654719 0.250910904640313
-0.384612650474669 -0.109963439076925 0.00653258404038425 0.243401246277878
-0.404946774693163 -0.034963542549316 0.123216659960935 0.295813314255389
-0.380568248392795 0.00883127128186083 0.193483950352252 0.378172401121314
-0.208329072177468 -0.0157140953256941 0.303129855295953 -0.304867783094382
-0.224392382484133 -0.121755266280422 0.259853516299026 -0.189683873164822
-0.14999197896067 -0.177140611827055 0.229748049824338 -0.0896384366446556
-0.100766892997315 -0.223914641810933 0.191593078875099 -0.146723070781666
-0.0217475226721389 -0.2604931603332 0.135140736291713 -0.21337138213131
0.0513455226515644 -0.282228838851429 0.141684674538946 -0.285402196887614
0.0878994219787588 -0.317406207154386 0.118193094139446 -0.325840297546998
0.0639234997953676 -0.367754315445924 0.0390913190230766 -0.36290689819194
-0.00883220638440777 -0.395535743834635 -0.103583152330224 -0.262905580715866
-0.104181365018694 -0.355347579549205 -0.19400216469014 -0.0638487726233685
-0.243540051237414 -0.271212886490666 -0.149566947304371 0.143599865352071
-0.305877762728184 -0.157570985595633 -0.0716039939184293 0.233363337191815
-0.308872804978957 -0.0469809776361067 0.0790658386638032 0.23125649687846
-0.324126252308671 0.00469939136052604 0.224997328971946 0.275644610731524
-0.308500146285825 0.0234497334272708 0.330706074647219 0.3550084870414
-0.0933112026338765 -0.0100451451594945 0.371984532848799 -0.259916885844086
-0.110836477434817 -0.0621843344451416 0.287217771247178 -0.143953414641746
-0.0540553147818446 -0.0843556668187515 0.214274803893561 -0.0378667472965283
-0.0255861942167147 -0.0956266519772854 0.161684707196008 -0.121722313198191
0.0141181161931473 -0.116650437788099 0.110571940060019 -0.199832349852146
0.042881372582759 -0.140928532514782 0.143654402069957 -0.29969695909863
0.0650867658334467 -0.164217385427666 0.149475819501451 -0.400522084696045
0.045052314656132 -0.202186536374389 0.0628916499054273 -0.47144213629173
0.00188043299680071 -0.224525544963226 -0.112667630180565 -0.37858244742544
-0.0433903409990488 -0.201544993628767 -0.232806769543099 -0.145830252333146
-0.12465183665387 -0.141661930336307 -0.188603421867937 0.105976704428457
-0.170395195444357 -0.0739401624191198 -0.0633742357500962 0.211336583098071
-0.174294594873331 -0.0131709168424117 0.121812950540979 0.213830291494691
-0.188711810317748 0.0165218667364795 0.286002689802052 0.249634339819131
-0.18405436337914 0.0173446681982836 0.416668041313754 0.327853778455546
-0.00378280332200473 -0.0244737627034027 -0.426338244716218 -0.265597948357702
-0.0179914906675453 -0.015448023738203 -0.3404933783233 -0.19793043156019
0.00380812426634913 -0.0268132741515964 -0.163113942370179 -0.175491710569571
-0.013552995152723 -0.0282558369234578 0.0304680446632308 -0.15961725023575
-0.00385658770412014 -0.00887871524836699 0.174484980710045 -0.0844451908373035
-0.00173237083970349 0.00925306500705815 0.183367888026856 0.148967712173546
-0.0238486149047784 0.00497040346320626 0.0707679566276744 0.397497964604145
-0.0218698133590133 0.00444527184559927 -0.0861763368139607 0.477772277766529
-0.0310067232767117 -0.00210286313869947 -0.135129756627708 0.447911865682599
-0.0287821715262069 -0.0102929120271474 -0.109102042142161 0.327370753065989
-0.018093809669106 -0.0147189921522349 -0.0823497331806157 0.224582051125023
-0.00834488504838727 -0.0216606936673056 -0.10579269890712 0.134292934164845
0.00385423093616651 -0.0192048537013089 -0.176362290918647 0.0470085537997652
0.000979298678949905 -0.0123688828791987 -0.232197283492877 0.0939186222144136
0.016595033718911 -0.0188489627464185 -0.364106749499336 0.240273688209411
-0.144141559644423 0.0170146534007872 -0.394223311245199 -0.300598586769396
-0.181459491430713 -0.00294273023050711 -0.310091067848944 -0.223626998893435
-0.167445793581629 -0.0421634349448971 -0.138681973103112 -0.208653687407213
-0.188017139879701 -0.101395355159047 0.0569096733443983 -0.184159985219809
-0.142239198381072 -0.152729083013156 0.188994246709772 -0.101360528776227
-0.0696405276323264 -0.173945597791317 0.183149934732008 0.127474911336549
-0.0289019626053018 -0.204680976487387 0.0599229510924126 0.377539793062569
0.00975793927102474 -0.190223227046944 -0.0857094887902732 0.446941731895974
0.00881176937058125 -0.16868268951654 -0.130377918130066 0.435468702501116
-0.0029796119878979 -0.144283018519475 -0.104483455022221 0.334693992450684
-0.0300727675390771 -0.135743423541026 -0.0776137175769415 0.244629811870569
-0.0344375183248102 -0.134860339654365 -0.121395745817881 0.147076467209498
-0.0567403090965938 -0.112740915292856 -0.186432706801668 0.0693871726747162
-0.105251326072013 -0.0916673750099553 -0.222294517976301 0.126950864609196
-0.114880171207254 -0.0516391148669375 -0.331643227350495 0.267755432328401
-0.259175417273381 0.0399331600655965 -0.298721460248077 -0.344223010619846
-0.318953254153269 -0.0156766178300778 -0.225376511984075 -0.266639300966337
-0.311697364774801 -0.0847756681237248 -0.0759587812170904 -0.247396197924536
-0.327853954144766 -0.196449038360803 0.0937926298882882 -0.216023187904189
-0.239448660844283 -0.3014305783621 0.188282396614598 -0.134185735265304
-0.103835156336025 -0.340936428942327 0.166222661198067 0.0621805260098573
-0.0163351454753361 -0.378048104863911 0.0432279149146078 0.285339949648082
0.0393693627982092 -0.356604723379332 -0.072277661557339 0.342783438000611
0.0310730724947265 -0.325724669714334 -0.108733107672537 0.372064659465859
-0.00328513119334288 -0.286997043339703 -0.0921083248267667 0.325683384987409
-0.0785308334464417 -0.270172133688377 -0.0678476604784943 0.268325845082833
-0.107555410922265 -0.24839264322749 -0.137215127000106 0.178768125286007
-0.152920019267379 -0.189746943866491 -0.188934174682973 0.118797461690952
-0.223075115338307 -0.142317357389093 -0.189421007044314 0.186183209403935
-0.237788168207964 -0.0673636968534843 -0.251189010600404 0.312003087134766
-0.328564495814866 0.0388588328870898 -0.150643181848223 -0.37517428059374
-0.400647671111679 -0.0595101120252673 -0.0920570161337246 -0.298058516086394
-0.389488693425724 -0.154440638999103 0.0217461173304902 -0.266477962967574
-0.388696415629275 -0.296497968491033 0.141356633908211 -0.237845505922741
-0.261868692359639 -0.418574973828381 0.180436656882594 -0.17781562334627
-0.0906354822899213 -0.455105223792421 0.145061779918775 -0.0398123121398021
0.0155349739043812 -0.484205165525978 0.0344417792732895 0.134453102043236
0.0598333706791819 -0.470483967010179 -0.0496545424438952 0.182088530869038
0.0299292586811138 -0.450179803739896 -0.086294800483767 0.252571007353044
-0.0381853211102956 -0.415727568243829 -0.0829686933862219 0.275414865178262
-0.17055422414434 -0.384516865058525 -0.0586734543630089 0.271491977789493
-0.229951289086901 -0.325437523527861 -0.136847248612181 0.218382453139524
-0.273673064771696 -0.218538261905269 -0.156540040139968 0.18102597745245
-0.335811751454129 -0.143588391646776 -0.116031568050002 0.249701956061276
-0.334402269384907 -0.0561472528035308 -0.125609996108533 0.354981817846388
-0.341305911358856 0.0180988545247694 0.0200128455830012 -0.379809557261935
-0.405381985034945 -0.112095757186873 0.0590936054771751 -0.295069083662328
-0.371636458523502 -0.218809958539543 0.131762026130334 -0.239707550886434
-0.343404506366452 -0.356917648566251 0.187399146540097 -0.229338216603622
-0.203978279642883 -0.459254949864442 0.170498082348875 -0.211865597368356
-0.0359152591607448 -0.479649017161539 0.133973351880301 -0.149464022879434
0.0545207863010249 -0.50284565280921 0.0460921585787531 -0.0403496999569433
0.0723690481070635 -0.5135831829638 -0.02146831432511 -0.00906202199415175
0.0117676972069817 -0.515518177512042 -0.0785956636414157 0.0858709525755114
-0.0905589624497416 -0.482365949080921 -0.0985031623366491 0.175883997330436
-0.265162474982541 -0.424780688228975 -0.0682768525479 0.242392885286248
-0.341126182843851 -0.323940263025318 -0.118563648617136 0.24738098623224
-0.369032198182796 -0.183522844589487 -0.0832873660651386 0.229150372923135
-0.405805028089976 -0.0993793847508206 -0.00336100992418347 0.290702317787018
-0.387900772126563 -0.0257048461435486 0.0300403626959 0.379608009034236
-0.296795196908145 -0.00616157294477146 0.183069325776516 -0.3528974831484
-0.334699172616269 -0.14099389706802 0.185985141105045 -0.251476816662451
-0.272119894487196 -0.232430151055957 0.209896270940004 -0.16840827291016
-0.222957347357026 -0.330001484498038 0.208393594723628 -0.19161181944477
-0.100954733393408 -0.395987416082837 0.157720978213689 -0.22248456318506
0.0241602120314953 -0.410990626956762 0.137855493315279 -0.23739409123855
0.0859675038474179 -0.441409373829947 0.0807439288585504 -0.20266497495141
0.0753726141851603 -0.477234982535414 0.0103745511998195 -0.20024367578087
-0.00405719234671316 -0.497598903300631 -0.0868011502883342 -0.0987631738755181
-0.119776544785675 -0.45980096079863 -0.142523020266045 0.0512049762947043
-0.296562812234962 -0.379026787940013 -0.103861046206348 0.191981850848464
-0.372558032046345 -0.255770746805071 -0.093587291484382 0.250433373634789
-0.383680705533223 -0.113360440919493 0.00466025088361651 0.24356307838587
-0.404381775264846 -0.0385552779170722 0.121318863702681 0.296258679228888
-0.380852403695194 0.00532008298855934 0.191891624996449 0.379097476252847
-0.207784791178887 -0.0180727911427607 0.304622951020441 -0.301663546519769
-0.223491639840584 -0.123790563895126 0.261796085310678 -0.188109059915221
-0.148048346205274 -0.178525977576486 0.231212055553786 -0.0881566563980776
-0.0980328464995248 -0.224640783260142 0.193184425150621 -0.145613820054171
-0.0190346754093852 -0.259965780687298 0.137330029229841 -0.212002762476244
0.0539285140967815 -0.281367404857939 0.145496218161543 -0.283264254862108
0.0918622014697368 -0.316802239924586 0.122439065791498 -0.32463441495711
0.0677490305556047 -0.366640140794848 0.0436624414064652 -0.362576616707443
-0.0062402173814503 -0.396070192136899 -0.101732963653936 -0.263584628449021
-0.100308908105433 -0.357578679881456 -0.194241483940664 -0.0647482742072476
-0.24121094218075 -0.274120137480525 -0.150875757098148 0.141671874393537
-0.304231470583587 -0.162056429010412 -0.0744296663366286 0.233128263700603
-0.308870483487913 -0.0503264612813955 0.0773570102917375 0.232504086197238
-0.324621887905561 0.00114549798352702 0.223110177971853 0.277490700024966
-0.309562014815554 0.0206847829615407 0.329378154696858 0.357968632885242
-0.0933016906865812 -0.0114664174544256 0.374549057292639 -0.257915874499365
-0.110032175757429 -0.0631021342461411 0.28727077864459 -0.141775149844954
-0.0536637097034026 -0.0855755025463943 0.21534456551896 -0.0367057028291763
-0.0244512383850504 -0.0952164780963415 0.162677194963063 -0.121445778581407
0.015490179787351 -0.116489539157299 0.112011760529746 -0.198635694734185
0.0437915427056603 -0.140687299767598 0.148017297992279 -0.298931919943764
0.06664434935203 -0.163778937274521 0.154625741194101 -0.400190536571905
0.0469558682022825 -0.201707145523448 0.0685759223102955 -0.470987030276639
0.00458212534794085 -0.224516247905848 -0.109745252971407 -0.378039638583145
-0.0417502431954479 -0.202128215073153 -0.232026422367846 -0.148511291086584
-0.123651750109714 -0.143213025275471 -0.189672869197316 0.103767889617005
-0.169809758090321 -0.0762016599897878 -0.0655164174453624 0.211788528732536
-0.174368418596949 -0.0149535151237095 0.120330644417053 0.215865649873183
-0.189170236760729 0.0143397593162376 0.284829716880073 0.252253694069452
-0.184830041538868 0.0158960931724442 0.41637945154859 0.331406264709534
-0.00309934855844813 -0.0245017805158267 -0.427135028040622 -0.269561849655742
-0.0175743562245498 -0.0157827257825015 -0.3411181538342 -0.200927551312583
0.00413156392952879 -0.0270839490541941 -0.162363732206732 -0.177667494157063
-0.0134190733954573 -0.0274167660513559 0.032402080409098 -0.160951186068999
-0.00398255211392128 -0.00859396983112446 0.175883210173692 -0.0839466985950072
-0.00160919034095637 0.00910855363852453 0.182787789775526 0.150690761435793
-0.0238309539372761 0.00565617225551978 0.0675509132199313 0.398281445557272
-0.0217139634628144 0.00485646092894062 -0.09220067813917 0.477700426398636
-0.0309262918790413 -0.00192310032328461 -0.139798455178554 0.446267380675102
-0.0286096754169897 -0.0105107212068217 -0.113701591252036 0.326860207360649
-0.0180203614067745 -0.0148923215687367 -0.0846217001778301 0.224116403018044
-0.00803368682314674 -0.0219015745014236 -0.106897234053008 0.134098512061519
0.0038578254719998 -0.0193356838091538 -0.176481732227962 0.045458593947111
0.00101087192151812 -0.0118708377291321 -0.233255190329265 0.091711625090833
0.016365425632799 -0.0189254985080562 -0.366954880011752 0.236588160312858
-0.144996795002945 0.0155739558324263 -0.395022546163702 -0.304090867248255
-0.181846361180677 -0.00459592727928639 -0.310484896945939 -0.227131828612669
-0.168101684463818 -0.0438229642791022 -0.13753538053603 -0.211164380326129
-0.188164217990678 -0.10320454957359 0.0593655360215855 -0.184847427659135
-0.141466350099384 -0.154748778059881 0.190367770168285 -0.100071239698545
-0.0676796095220643 -0.175163248321901 0.182377863097455 0.129342500323506
-0.0272000920387532 -0.204828676873023 0.056574225182221 0.3787451834526
0.0111344613816638 -0.190157391107025 -0.0903656330373012 0.446487712172705
0.0106038320993463 -0.168453651707698 -0.136190350957047 0.434707100647371
-0.00205225471571568 -0.143927369408369 -0.108997171514904 0.334920367043644
-0.0288118201152949 -0.136135893941107 -0.0802055383667977 0.243897555803328
-0.0331039189935706 -0.136437631555284 -0.123034300798619 0.146713274053749
-0.0563779909624446 -0.113519796216185 -0.186905141425913 0.0681691278981463
-0.104858824928799 -0.0930420596857299 -0.223152579378156 0.125577560504869
-0.11496254033368 -0.0534043106851633 -0.333510616358531 0.26561546616404
-0.260336559541778 0.0374288507749363 -0.298736924565627 -0.347333304989929
-0.319572433195994 -0.0188173627118295 -0.223860672590404 -0.268233257245834
-0.312248960638314 -0.0891275562358908 -0.0740679221785634 -0.248703326590019
-0.327568131106792 -0.200621384573895 0.0966090403240664 -0.216477773395499
-0.237264945671251 -0.30321150059632 0.190830688050691 -0.13353243652638
-0.100213032376322 -0.343546622267662 0.166632972445377 0.062622556250348
-0.0124274495165 -0.37951239929979 0.0414626647607536 0.286097390033757
0.0427849985155969 -0.357896417163139 -0.07584967216054 0.342731853324703
0.0349130042447004 -0.325747434752095 -0.113286640980565 0.370862757388723
-0.000421496296544291 -0.287922976929384 -0.0958374222277878 0.326049854079036
-0.0764246335710516 -0.270931979446791 -0.0693469632907448 0.268266114956535
-0.106082136337927 -0.251175694942508 -0.138709332743962 0.17835605431438
-0.152093547034733 -0.191520423445064 -0.189958353062749 0.117463785929188
-0.222949265921968 -0.144603532786489 -0.191432996366723 0.184473333079913
-0.237888890712154 -0.0694610763794242 -0.253068079332884 0.310351995369637
-0.329564869153465 0.035554680844759 -0.149749177505775 -0.376408500100135
-0.402242200291271 -0.0622190705571314 -0.0904274850871337 -0.299712845068688
-0.389652054135966 -0.159850807309508 0.0249946020333793 -0.266653418241903
-0.387979914848428 -0.301525944428927 0.144628165742693 -0.238290857503435
-0.25869942327424 -0.421134326820703 0.18347160964204 -0.176589123261082
-0.0857324963009527 -0.456154519897634 0.145867169719857 -0.0394107504932327
0.0195655863226565 -0.485771328100068 0.0339141158013425 0.135080039822092
0.0649243067508288 -0.471867681898066 -0.0519314258536566 0.182245654781253
0.0350005808303606 -0.449989144039287 -0.0898715025790389 0.252275769449332
-0.0348265591588306 -0.419299779443939 -0.0860298500656426 0.275566732992477
-0.167217306886907 -0.386904464240574 -0.0605550943883213 0.272068509768506
-0.226930588926799 -0.329674309006283 -0.13954390401651 0.218639329969177
-0.273651845520856 -0.220360630769594 -0.15781409287724 0.18039300394106
-0.336013158184407 -0.147838819332114 -0.118042622211279 0.249333705179258
-0.335523218361101 -0.0592722977344907 -0.127970794903432 0.354037433724293
-0.34286889715826 0.0153339949127709 0.0227013311132699 -0.380314268991459
-0.405268720694345 -0.116435421398387 0.0616116046046316 -0.295082433353517
-0.371295500049197 -0.223241861082235 0.134560659809395 -0.239344572588564
-0.341028314144722 -0.361235899572603 0.190478238713109 -0.229404417931643
-0.200674550775635 -0.462193207174015 0.174209628057574 -0.211386254753511
-0.0305238715745484 -0.482201118236422 0.135952408805902 -0.149434225211826
0.0601675261296662 -0.503801100391993 0.0477112496498225 -0.0400160412929722
0.0779932099725456 -0.513685385785724 -0.0210011758593116 -0.0087190176927221
0.0171760051039936 -0.516837311399176 -0.0799835995517201 0.0858494616624548
-0.0861726867860456 -0.485973179279369 -0.100734272686637 0.17553055566209
-0.261066159772613 -0.429717278775832 -0.0703593143569482 0.241833560865303
-0.339794341725868 -0.32897986056117 -0.121127494545956 0.247799330191448
-0.368804543808989 -0.188143828947593 -0.0854363429366247 0.229207829618125
-0.406671108072785 -0.103836064145789 -0.00609883297749594 0.291405420643178
-0.389323333542825 -0.0283859825918644 0.0279897687262095 0.379886970998626
-0.297220896857436 -0.00965525304627695 0.183684971650271 -0.350867216813572
-0.3345112129967 -0.144072589026097 0.187968692044034 -0.250737426277782
-0.27054593337955 -0.235881604295876 0.212096071565703 -0.167628196619291
-0.220659360328458 -0.33274704804059 0.211106649695199 -0.19106032407671
-0.0982434902185121 -0.397677116167105 0.160816180991402 -0.222299969469985
0.0285232535373599 -0.413542485302678 0.140743156014552 -0.237122473680535
0.0911665156685323 -0.441375967396864 0.0837181271651969 -0.202270654390219
0.0796645601365576 -0.477539632727272 0.0123737877576467 -0.200458962443046
0.000713647519780944 -0.499405167896221 -0.0867155416923968 -0.0990585121764735
-0.115440977720866 -0.462569649403929 -0.14336234019655 0.0502850132306685
-0.294147645492834 -0.383467270914381 -0.105476353072359 0.191188147887286
-0.371906490249368 -0.259363880713222 -0.0957000225093741 0.251014447864954
-0.383028561425411 -0.11684963060202 0.00273114289599824 0.244352400795425
-0.40609511144982 -0.0437457883025162 0.119146890815754 0.298493768615488
-0.38206517986509 0.0019038093418688 0.18980512733744 0.380384912496669
-0.20764471543215 -0.0208468103608912 0.307582746910164 -0.300112654363985
-0.223235200884468 -0.126157471169601 0.263136190259319 -0.18609634943738
-0.146885767864686 -0.181320453325924 0.233759049471359 -0.0865559306402639
-0.0961966047845994 -0.225424059253133 0.195390669529885 -0.145447743875107
-0.0166799892187493 -0.260497270506183 0.140043508414003 -0.211555932124189
0.0564329348044228 -0.281660067133371 0.149193780114463 -0.282907373119055
0.0952650209504497 -0.317260748985417 0.127623669307968 -0.32472200156499
0.0714832687994178 -0.366640847813422 0.0478083435145102 -0.363259899491019
-0.00240893645202175 -0.396426963586612 -0.099551475801176 -0.264771330911625
-0.097003883599045 -0.35986495791089 -0.194509016425488 -0.0669062735341033
-0.239960225668922 -0.276420396410661 -0.152584409683144 0.13979417987427
-0.303466071542282 -0.165475531306133 -0.0766393902411527 0.233862703629686
-0.309469466693359 -0.0535241911548932 0.0762817579556711 0.234015170368073
-0.326363334577589 -0.00190096910848591 0.222059574585451 0.279187713642737
-0.311004350856462 0.0183452828085568 0.327579484416139 0.361398750759181
-0.0929696911643447 -0.0126887283221164 0.377264193702575 -0.254483665794174
-0.110020278054381 -0.0636043096038305 0.288574408402856 -0.140589737881912
-0.0527563883874444 -0.0864503061615153 0.217303905107444 -0.0348277606539736
-0.0236151163847226 -0.095355923437324 0.164148055977923 -0.120581233694835
0.0165972322748371 -0.116615144854715 0.114758442266525 -0.198678168814536
0.0450486998683328 -0.14057487844967 0.151410191969368 -0.298281638973535
0.0686635820526674 -0.164377794581241 0.159312221885647 -0.399752499421781
0.0484510056311836 -0.201643999922534 0.0744434230951286 -0.471434384230443
0.0065891995238446 -0.225132191895396 -0.107378999452353 -0.380063354624043
-0.0401570170593684 -0.204084963930888 -0.231843934599363 -0.150758757788719
-0.122648461039105 -0.144120953060435 -0.191338292812119 0.100954543989196
-0.169974234658492 -0.0781558737823226 -0.0679197565190819 0.212606440660125
-0.174880272687115 -0.0163888997673158 0.119106423741086 0.2176685388582
-0.190396993442829 0.012170478153983 0.284583638932493 0.255795212077221
-0.186049135624923 0.014665362980043 0.415748065138316 0.33406533237174
-0.00302273316433021 -0.0247022017569645 -0.42838949224196 -0.2737542235276
-0.0173617097423854 -0.0157365210020675 -0.342904656338584 -0.203373240959208
0.00465648263970214 -0.0271029863393869 -0.161992425181882 -0.180361001493066
-0.0139602591886125 -0.0273240281958997 0.0333706073748693 -0.161663601438235
-0.0037577705174826 -0.00877417874030348 0.177803998840906 -0.0832633895474973
-0.00143426865826033 0.00905274412461269 0.182422406683405 0.152817398222888
-0.0237929108234253 0.00564974332965658 0.0641892683314201 0.400874172831898
-0.0220662287309382 0.00485987470035405 -0.0972561358092752 0.479675241589821
-0.0312225842225289 -0.00177483669935095 -0.145584364998031 0.447935490615746
-0.0290170402667226 -0.0105431847761221 -0.117631469620239 0.327921080570804
-0.018471221671645 -0.0154867812117454 -0.0873733639023208 0.224148181604785
-0.00798849390593426 -0.0221573975807308 -0.108026227733488 0.133901094316076
0.00388207064016487 -0.0192426875796038 -0.177785020185816 0.0446302385204709
0.00143459186957834 -0.0114460734489482 -0.235015233921863 0.0898253324573489
0.0167255307874078 -0.0190242720967112 -0.36861850327888 0.234869969414812
-0.14536314337517 0.0144581683198223 -0.396420857202115 -0.307942331382581
-0.182588496818866 -0.00608811369362759 -0.311579530816382 -0.229771669381586
-0.168554218122831 -0.0457440648503874 -0.136472966197429 -0.21310972411877
-0.18819642606945 -0.10491778313061 0.0613116357187669 -0.185891081673262
-0.140886329133729 -0.156575363207692 0.192387222057494 -0.0997844885524429
-0.0663324711451469 -0.177441027558669 0.182532540365536 0.131280531955431
-0.0252962859715101 -0.205809527536761 0.0534260525687382 0.380913332405421
0.0130647083969245 -0.191138617624956 -0.0954151143817564 0.448475184571741
0.0125612493811209 -0.168470271289939 -0.140557882536724 0.435063260990106
-0.000692138400692179 -0.144791990249767 -0.113121718136383 0.334975473635753
-0.0284011623278301 -0.136696165849614 -0.0818538699689457 0.244104511219743
-0.0322899246460892 -0.13703095696201 -0.123898415066627 0.146890482610413
-0.0561418319298674 -0.114584826252022 -0.188847740648136 0.0674803942684346
-0.104617162416616 -0.0941274881439901 -0.225469239531666 0.123805416210454
-0.115538217647282 -0.0545154301454783 -0.336651231447895 0.263560046917322
-0.262304792380895 0.0353647497670262 -0.299603106176276 -0.350061558341316
-0.321734335990272 -0.0220809271443561 -0.22438589736354 -0.271937935295931
-0.313668172230176 -0.0920375314203367 -0.0728165250206715 -0.250704202163572
-0.32726263793103 -0.204805664070267 0.0987110080238388 -0.217469131405404
-0.236600812734442 -0.307199640606623 0.193274382863489 -0.13355102216609
-0.0977774643430263 -0.345105246418696 0.16709641738279 0.0634357582907173
-0.0086744205034904 -0.380469061572083 0.0389806771298084 0.287600057863958
0.0452191658335472 -0.358865101718392 -0.0801924354419455 0.343834377730207
0.0389186004397341 -0.326159089807185 -0.117842075367109 0.371704670768033
0.0021043943296937 -0.289959120015894 -0.0997717645643974 0.326540326247498
-0.0746558112520574 -0.27233838903528 -0.0716012190709371 0.268880780930224
-0.103984480390756 -0.253490059096186 -0.140690868059705 0.178844596403862
-0.151309933045476 -0.19344444280292 -0.191160794767762 0.117127436479756
-0.223015752225846 -0.147318030185182 -0.193123744299102 0.183453819054963
-0.239015845496387 -0.072148873160275 -0.256585109606313 0.308929878767066
-0.331744294789367 0.0322493777404593 -0.149201514972638 -0.379753936790421
-0.404638114263006 -0.066638878019396 -0.089298463443127 -0.301580836093467
-0.390828653045811 -0.16326635380315 0.0276964500740933 -0.267934700338949
-0.388757368607293 -0.306859309899405 0.147775241379659 -0.238936949872647
-0.257836064867429 -0.426389025360768 0.186460391926521 -0.1767888636604
-0.0814723986895238 -0.461596487425599 0.146973356784313 -0.0390110096141688
0.0242050635331185 -0.4872722032701 0.0335304538518582 0.136396823683773
0.0677755850430294 -0.47274430687092 -0.0537330975797206 0.18289252885804
0.0387881467591552 -0.452628178945383 -0.093269516641711 0.25315257491105
-0.0301289740691468 -0.419590745036291 -0.088577610908872 0.275611150263612
-0.166104318429676 -0.389886926649747 -0.0625180422268064 0.271911798815963
-0.22544069828322 -0.3335934631054 -0.141432632310342 0.219485082801878
-0.273995986589594 -0.224058974037025 -0.159817162457179 0.18020788069965
-0.336326020433866 -0.152239597625552 -0.120319458489548 0.248903247599086
-0.337302843025325 -0.062160351022021 -0.130641819790235 0.35478191716656
-0.344535132455442 0.0112918279476865 0.0244349325388559 -0.381670648836696
-0.40648125290887 -0.120139184715453 0.0631091833016364 -0.296213120665687
-0.371473502893606 -0.227796247388183 0.137762102913401 -0.239991362400865
-0.339673288787286 -0.36427828788594 0.194033466804097 -0.230501942142198
-0.197230869147931 -0.46622733110631 0.177486150931485 -0.211987691220866
-0.0264275741599367 -0.485330227146153 0.138871355103172 -0.149658420599887
0.0650794495410041 -0.506081771945886 0.0488723467122457 -0.0395202179389892
0.0806617102733518 -0.514515044216056 -0.0210494229001094 -0.00876617419541035
0.022853911348257 -0.518697765409795 -0.0817058744696902 0.0861481065633426
-0.0824420640744169 -0.489309278335937 -0.103101447407227 0.176149723944407
-0.26023403706112 -0.432459563088985 -0.0719416493239096 0.241682217426578
-0.33843730284259 -0.335226935660091 -0.124251095306292 0.249093908130081
-0.369945387583248 -0.191714324151908 -0.0873549421371575 0.230250895014692
-0.409284391754594 -0.108246128548913 -0.0082534333573144 0.292764687728649
-0.391715673951164 -0.0327812650981674 0.0259092032226664 0.381592546592744
-0.298364874232781 -0.0128804626759844 0.188546869688136 -0.351263663027595
-0.335553709425403 -0.147389190480577 0.190460968037812 -0.250336143937807
-0.270322405961619 -0.240333626439292 0.215625960444033 -0.167254519640407
-0.218195184403819 -0.337117519074175 0.214206260363892 -0.190903746557202
-0.0960792375963227 -0.399818216264317 0.164639661898679 -0.222435759866738
0.0322270280971478 -0.41484026117452 0.144098040120209 -0.237668182097905
0.0964062276031278 -0.443734139315662 0.086040240292568 -0.202688181869582
0.0834699878397053 -0.478747866532867 0.0146725585479651 -0.201327800440858
0.00618780611255133 -0.502559653764397 -0.0867619037584725 -0.100002419544885
-0.111270584517196 -0.468622500405333 -0.145698198822155 0.050068023848708
-0.29350298821386 -0.387315562486624 -0.107442488634552 0.190849424572752
-0.372361954062104 -0.264786264621111 -0.098104532305669 0.253238298110823
-0.385946067227097 -0.1217777644335 0.00173661555751657 0.246738113073351
-0.407473199686012 -0.0469623571793327 0.118214711863959 0.300305640167467
-0.384514033946875 -0.000885629634948323 0.189613144361389 0.383240684339499
-0.208566631478077 -0.0230659422096751 0.310883077260519 -0.298817984836947
-0.223254846864789 -0.12908694702954 0.266315480074819 -0.185387594393113
-0.146649513994927 -0.183361356615165 0.236710764024192 -0.0856484425083085
-0.093921524289018 -0.227430786133362 0.197828316373477 -0.145720677676427
-0.014314436452646 -0.261809338689734 0.142952239589718 -0.212084723137182
0.0595855282551484 -0.283577115817225 0.153288780077842 -0.283727444544046
0.0991452227707502 -0.318566151055233 0.13156418203256 -0.324696835837571
0.0745465598118449 -0.368828402965976 0.0517632511290217 -0.364482455053579
0.000755201681169285 -0.398665171880814 -0.0977810920178731 -0.267033878222775
-0.0951693548581223 -0.363735248842108 -0.195411491161197 -0.0685242312678765
-0.238431958956043 -0.27967901799397 -0.154208639448842 0.138373420343822
-0.304204115369344 -0.169997742400916 -0.0789714149308981 0.235735538988187
-0.311195692436631 -0.0556100112375898 0.0746891927357051 0.236214210415935
-0.328960976796907 -0.0053961005039819 0.222002544050727 0.282608068645361
-0.312769094829706 0.0165914761878148 0.328837375839344 0.365072365747833
-0.0929350682473594 -0.0145657714254482 0.379575043974946 -0.252004192279162
-0.10979679663574 -0.0642014325327692 0.290858137549834 -0.13863582759895
-0.0525990691538659 -0.0876820420959751 0.219704447508116 -0.0345653985796242
-0.0225517430572522 -0.0960848144259013 0.165473446781185 -0.121538541480932
0.0179863018975765 -0.116202797775676 0.117720320514179 -0.198273221493418
0.0464924871484267 -0.14089039912685 0.155584006140091 -0.298640046157114
0.0711199455701503 -0.164838750019418 0.164535214952777 -0.398408896382868
0.0504176463270073 -0.20223054779684 0.0781218356123968 -0.472510612641843
0.00861312100090893 -0.226252605966413 -0.103848651310527 -0.382326834672459
-0.0382097871383153 -0.206053935141721 -0.232331182083372 -0.152877718051322
-0.121647962225996 -0.14608758680942 -0.193222085346481 0.0992072655061172
-0.170150097440752 -0.0805206075531999 -0.0702715103181359 0.213392007158694
-0.176313253069039 -0.0177742441310899 0.118959508179951 0.220453441245341
-0.192219620768538 0.010462917487362 0.285754273062688 0.2597559606187
-0.186725690231433 0.0134846440373611 0.416701083211337 0.3374846441454
-0.00274629581003365 -0.0247984355681253 -0.432433378354749 -0.277411479912411
-0.0169948134122377 -0.0160764651230118 -0.345589503110463 -0.207683783124348
0.00500806282409035 -0.0276410561170794 -0.16315319769031 -0.183133334349393
-0.0136348081020446 -0.0274514643637816 0.0348830482262812 -0.163723737094579
-0.00379904558267416 -0.00867589577225998 0.179804968435107 -0.08281326768393
-0.00113458770053698 0.00955416991037026 0.183133193818252 0.155314610879814
-0.0236332178636221 0.00646027960226818 0.0611896324144212 0.403328143219112
-0.0223884722782496 0.00465912402685696 -0.103346876344172 0.482387387966285
-0.0307560956743792 -0.000631769348980094 -0.150140516669896 0.448397380944045
-0.029554251306668 -0.0106086381072163 -0.121681009230216 0.328025188161532
-0.0184513633654287 -0.0152102323645208 -0.0896264019528138 0.225496114276317
-0.0079766861485521 -0.0223237700538296 -0.109191774234629 0.134413099876692
0.00391141091885914 -0.0193413862953467 -0.178769592470328 0.0449861883674591
0.00105175443139318 -0.0115214437987949 -0.237264442238662 0.089098881292434
0.0164019295946015 -0.0192208618714988 -0.374331936593782 0.234331682214366
-0.146440625616891 0.0134235484175727 -0.399413777676822 -0.312568443150435
-0.183904526926896 -0.00762288208042164 -0.312988115680175 -0.233921198407875
-0.169804070829725 -0.04779332043108 -0.135637716532266 -0.215388022451389
-0.189046689725691 -0.106669923388619 0.0630532447582229 -0.187977180735446
-0.140823684357507 -0.158564430515796 0.194687881314398 -0.0994045709631843
-0.0655626774213513 -0.179465634803711 0.183367703840644 0.132559759540334
-0.0236022631014934 -0.207528361306945 0.0518145359966884 0.383814632240399
0.0145918841676396 -0.192371940175948 -0.100830433764312 0.450866595632735
0.0138795447763259 -0.168981489146236 -0.146296873839589 0.436993073471684
0.000165789166091355 -0.145431995330802 -0.117294977054511 0.33674182117118
-0.0278174230429381 -0.137273939537741 -0.0838985081930602 0.245385485575383
-0.0319827829814788 -0.138407600160516 -0.125788848023551 0.148267635757992
-0.0557148722786142 -0.116066495873565 -0.18998952217563 0.0675760507820039
-0.104815301604751 -0.095178511436449 -0.227289934898818 0.122906432272254
-0.116209413564123 -0.0560203766077668 -0.34144356175175 0.263248119711119
-0.263957381383322 0.0332853406904009 -0.301486888620722 -0.353725993794826
-0.324569698376504 -0.0235253434840595 -0.225039341705356 -0.274574935371901
-0.316426476171184 -0.0960804363238343 -0.0705711407099281 -0.253270879358724
-0.328656843826707 -0.207386353187676 0.101338796633286 -0.219776998669613
-0.236436962742819 -0.311104920097122 0.196454003507992 -0.133559088313385
-0.0958436319962186 -0.349772569485406 0.168249508887984 0.0646460328196023
-0.00550118737693316 -0.384336399901476 0.0377002353279993 0.290287903975277
0.048787159880606 -0.361917967004384 -0.0837964695424044 0.346236224503898
0.0417235379607512 -0.328357936716945 -0.122672270124779 0.374367148511878
0.0052175810999041 -0.291451525351894 -0.103613969118922 0.328381179309242
-0.0736888052960274 -0.274739035288506 -0.0740685529135703 0.269542665750544
-0.102464544159444 -0.256448996305726 -0.142993709408968 0.179721925877299
-0.151938251190559 -0.196405507955197 -0.193136089668807 0.117471710902807
-0.223276685284515 -0.150100941335217 -0.195859290124308 0.182176000254335
-0.240248431130381 -0.0742797389338044 -0.259833238359947 0.309379396360717
-0.335055668900245 0.0295133101859956 -0.149455067083774 -0.382889273550861
-0.407502790226059 -0.0696108513724112 -0.0881360748889005 -0.304332340105508
-0.392635696633213 -0.167523082544601 0.0298565163591899 -0.270220639563752
-0.387777327494944 -0.311664770695391 0.150550769097488 -0.240527134496291
-0.256340800568588 -0.431715980789951 0.189533273250048 -0.17753760244561
-0.0786459962638415 -0.465645934281079 0.149128755714262 -0.0389461187699959
0.0281644428799308 -0.490631158213162 0.0331739019181526 0.137276687696574
0.0730405419480133 -0.476447420194363 -0.0559455641440069 0.184332453866154
0.0432926283851594 -0.455443372926196 -0.0966554396474479 0.254073975299675
-0.0274794654955502 -0.42341675732793 -0.0926811644823616 0.278033654862325
-0.165004489623233 -0.393451722062887 -0.0640440499345318 0.272831257821898
-0.224718218747509 -0.33777181892681 -0.144430407788854 0.22055538073185
-0.274616326262627 -0.227607212472558 -0.160990129741801 0.181319184667128
-0.33830898900703 -0.155297526522157 -0.122970276134833 0.249616864244784
-0.340158485492529 -0.0652254217352506 -0.133518350903222 0.355856143301629
-0.346690437583922 0.0086603060308944 0.0253662607205469 -0.383792319686755
-0.410452956804321 -0.123621927606107 0.0655793234180753 -0.297746527812251
-0.374188511082146 -0.232632946969062 0.141385312478922 -0.240906067731702
-0.340649022402019 -0.368954460136481 0.197245712309526 -0.231898110205776
-0.195376992098306 -0.471841312128937 0.180751257001916 -0.212833315390349
-0.0227468801814429 -0.489717359007958 0.140947692599818 -0.151398407534209
0.0711203514817295 -0.510034624542199 0.0499800041349427 -0.0395422248677513
0.0853438981197794 -0.518150370356265 -0.0209685565900208 -0.00913159013413367
0.0265586453964641 -0.521623623804099 -0.0834483160073803 0.0863157948253912
-0.0778969420322142 -0.494101757626926 -0.105431494946484 0.176497527326674
-0.259179596810244 -0.438036930687529 -0.0735718740896888 0.242568177464779
-0.339097744561687 -0.34026862005767 -0.126533741643282 0.250875255920874
-0.372367524595317 -0.195833646111933 -0.0885215587762598 0.231999554629232
-0.412774886232869 -0.113476891821896 -0.0098243758336603 0.294199885684992
-0.393915523089817 -0.0364668138788362 0.0245157345210755 0.383910876481228
-0.300277686997988 -0.01577409127262 0.191237826215806 -0.353038572405811
-0.338485489427707 -0.150943074494314 0.193303743278332 -0.251311129684915
-0.271650990260403 -0.244433756363603 0.219080489322172 -0.167395310854956
-0.216758483626441 -0.33973299495539 0.217500430915197 -0.192066702924071
-0.0931044736028189 -0.403288780464774 0.168025905517827 -0.223701019238768
0.0358952458254748 -0.417464510425187 0.147849532028359 -0.239696663271279
0.0995556268868258 -0.446039838662116 0.0892734983361819 -0.203285871717112
0.0878086036551909 -0.481962104420552 0.0170175966594917 -0.202516309686092
0.00935055393861252 -0.505449014970125 -0.0870660781829667 -0.100882130278466
-0.108316754235875 -0.472834165374006 -0.146952899908877 0.049334311176806
-0.292931034262615 -0.391603500167533 -0.109000445557025 0.189869238797324
-0.372785982980566 -0.270507957098513 -0.100841587638361 0.254951628706981
-0.388715633298757 -0.124796710097092 8.80453354469157E-05 0.24862533959982
-0.412238056926408 -0.0510594008148496 0.117570689240059 0.303488718234606
-0.388604312020897 -0.00300523418334438 0.189703959039564 0.387384581063384
-0.209715221720322 -0.0255916699961284 0.314315187658407 -0.2987805676045
-0.224754992881656 -0.130787968061969 0.268691536376241 -0.184741615992396
-0.146472659074659 -0.186613187934113 0.239741349200653 -0.0853690016322301
-0.0929657897351041 -0.229037106283528 0.2007994916189 -0.146653851667269
-0.0124524928408741 -0.263324806204699 0.145957186846012 -0.212240991795487
0.0614920272847526 -0.284293429026173 0.157137520161983 -0.28468691931689
0.103225057653251 -0.320454016271903 0.135737960301333 -0.325737102173435
0.0772478627609158 -0.370198746358272 0.0550904886942232 -0.366540231487695
0.00493521757982309 -0.40092510672091 -0.0968418894365086 -0.268835355319138
-0.0917777516682448 -0.368309739561539 -0.197181716521425 -0.0705374136674803
-0.23951552890173 -0.284626030676034 -0.156692129818257 0.137552046034872
-0.30546221273074 -0.173859522902273 -0.0812429135160556 0.237733103010068
-0.313587958640085 -0.0582933170796512 0.0743082774855768 0.239235173390297
-0.33254879003654 -0.00785264769380711 0.22279436284944 0.287263526516988
-0.316011504240477 0.0142535894959227 0.330219783832242 0.369526868673489
-0.0933725438090534 -0.0159348613408454 0.383931848607782 -0.252571284696439
-0.109981415935478 -0.0657316026587538 0.293560995531439 -0.138756624665105
-0.0522688100382183 -0.0895591077720546 0.221981381844836 -0.0334942346457027
-0.0218346756753235 -0.0968124717141357 0.168138701354731 -0.122451173491281
0.0183797311937752 -0.117136255762616 0.120312938345259 -0.198616778588783
0.0472710908155972 -0.141772906202348 0.159330424888128 -0.299524450957059
0.0727652088833454 -0.166008618071645 0.168279662288548 -0.400320601525991
0.0524120867529285 -0.203288527603619 0.0840971164008913 -0.477026812092748
0.00986742233821464 -0.228017002978759 -0.102619104883416 -0.384888174123661
-0.0378152025215904 -0.208452257394515 -0.233557201650142 -0.155444457794622
-0.122095537589505 -0.148008011156521 -0.195768967568517 0.0983581514156236
-0.171306978138337 -0.0824787936615255 -0.071845611048484 0.215520010512821
-0.177157474019831 -0.0197696017427943 0.118483272217076 0.223429558108433
-0.194436844282088 0.00830525814996766 0.286516800775468 0.263643393162365
-0.189016518318765 0.012970933207213 0.420133059285534 0.341874749828035
-0.00273994151440884 -0.0249213088802754 -0.438064106479741 -0.284106646077374
-0.0170215135886304 -0.016145876314659 -0.349435102029827 -0.210105992106054
0.00499283550330963 -0.0276127856499392 -0.163876818911286 -0.186592933403847
-0.0133126730548229 -0.0272600134664561 0.0361151904327335 -0.165933742313675
-0.00349131219778668 -0.00839122163280729 0.182008034712496 -0.0825833874428293
-0.00170084860810678 0.00927057241499494 0.184407012225608 0.156814124977973
-0.0242874411433441 0.00672648830073046 0.0609542705491119 0.407498643509966
-0.0227887762899213 0.00477124500999666 -0.108178401889412 0.48723540647099
-0.0315638311526111 -0.00078769325543341 -0.156156253193509 0.450739575866788
-0.0299623945859118 -0.0106359675727441 -0.125538212124388 0.330701545445153
-0.0193009728221955 -0.0155413525185908 -0.0911472846517579 0.227095962712245
-0.00811892358833495 -0.0229924914137496 -0.111157682745137 0.135641384594068
0.00391125155435139 -0.0194357033672191 -0.181105218834921 0.0444513685670505
0.00125242724516264 -0.0116461001884862 -0.239566876478643 0.0882362552484715
0.0166544032331839 -0.0193493370399025 -0.377109864672329 0.234603391805362
-0.147711559942547 0.0123378793264772 -0.404115510850619 -0.315801117316982
-0.18616060201496 -0.00870641600837594 -0.317185616746696 -0.237043289472647
-0.171871010734469 -0.0494656626869197 -0.136651098479652 -0.219010385509667
-0.190551487085781 -0.108564562852202 0.065022701791346 -0.1897578272363
-0.141927530611976 -0.160785538326739 0.197820696869068 -0.0998505862406505
-0.0653105332362024 -0.181714381315674 0.18431285476365 0.134885260222885
-0.0221522110666778 -0.208946405153275 0.0500290258190668 0.388324993505708
0.0154212751813304 -0.194115573951653 -0.104870745622713 0.455359251706262
0.0153331318148765 -0.169804004431007 -0.151633749868319 0.439126655962955
0.00101794832472169 -0.14632628783456 -0.120791764988286 0.338807142829805
-0.0271142652350527 -0.138662239139722 -0.0858082743979535 0.24716286281751
-0.0312081062540919 -0.140441663380515 -0.127241676421235 0.148374900398846
-0.0559467343415753 -0.117446617236596 -0.192064616333217 0.067809215083916
-0.105464885051997 -0.0965875799893934 -0.229807826467162 0.121703923413752
-0.117425066945657 -0.0573028835520272 -0.344286705370951 0.263008720671747
-0.266499264606102 0.0316311300884877 -0.304966698180643 -0.358739142547729
-0.328261257358388 -0.026051597510678 -0.226509576448664 -0.278624774768358
-0.319007059090188 -0.0983928424449422 -0.0701488209406942 -0.257038935375453
-0.329828877307771 -0.210040025151052 0.10435205157932 -0.22270199689036
-0.237667472512335 -0.315435994407302 0.19935140466261 -0.134722057444904
-0.0941325379071971 -0.353791806519369 0.169406132815984 0.0655277255687009
-0.00231436746066507 -0.387907878759871 0.0368495927055335 0.292744707160738
0.0501677782011347 -0.364577165705003 -0.0867282517182582 0.349846464267208
0.0449533488792793 -0.330371400151281 -0.127137734694725 0.375975645848447
0.00732821324809362 -0.294252150783117 -0.107446781154493 0.3309855384189
-0.0734519376693192 -0.277418267884348 -0.0758108399796776 0.271455253323894
-0.101798394679988 -0.259904142443867 -0.144928602430699 0.181323906217413
-0.152519268744371 -0.199041470219984 -0.194936771065189 0.117944796280655
-0.226170939895052 -0.153119424067835 -0.198343868003554 0.183139339799061
-0.242569703857886 -0.0762021005846945 -0.263123642236403 0.310584613576842
-0.337678672779829 0.026316372162731 -0.150709908480137 -0.386465552182355
-0.411646494842686 -0.0722829882563495 -0.0888737866276089 -0.307892036873243
-0.397654091851158 -0.173063596212352 0.0320799178986853 -0.273368030106797
-0.390684221911191 -0.315664065057925 0.154206998441313 -0.243676356347518
-0.255730732144195 -0.436449956578117 0.193475686139709 -0.178820016160617
-0.0771597030859941 -0.471206229925402 0.15098785633743 -0.0397082136993584
0.0316748496203769 -0.496194628776963 0.033612942292694 0.138758824522678
0.0757626228472807 -0.480415728258465 -0.0577689458143808 0.185922314847137
0.047590498100401 -0.459637895703363 -0.0999665427334447 0.255690237179683
-0.0239973098572326 -0.427294794337916 -0.0951476160587857 0.280393372803807
-0.164650264354299 -0.398111199444615 -0.0661939948355807 0.274832813763889
-0.226076657003415 -0.343344361578239 -0.146644888802375 0.222507634315161
-0.276075900478703 -0.231886711659134 -0.163523213703388 0.182367368036844
-0.341738791165421 -0.160126535253198 -0.125237850469209 0.2507639386878
-0.343163019515885 -0.0684431829184241 -0.136275144053733 0.357784217166501
-0.349682501725663 0.00464819714110308 0.0256619191981715 -0.386721717159752
-0.41308061123126 -0.127069220211725 0.0673248755167627 -0.300650068342642
-0.376581647520233 -0.239011957208497 0.144838410947207 -0.242720925248836
-0.340656688031157 -0.375867198675448 0.201172575604026 -0.233804263223717
-0.194684144246913 -0.47663911833063 0.184966921437036 -0.214584417800705
-0.0192802687966658 -0.494861960800327 0.144039587637099 -0.15278450778009
0.0750600786762474 -0.514491054411983 0.0515975265537845 -0.0397506619457552
0.0895339387813404 -0.521970539698148 -0.0210005961573736 -0.00871866324241578
0.0312536584801826 -0.527709441497614 -0.0856884687693061 0.0868321020692185
-0.0760272408509039 -0.500216109773659 -0.107788716785557 0.178610187804743
-0.259616361103637 -0.443446417985932 -0.0756200735186499 0.243666993809286
-0.34144853963422 -0.346414265069645 -0.128871534484871 0.253746826802027
-0.375032380387145 -0.199815495590402 -0.089988078690056 0.233267391850259
-0.415686669575135 -0.117222448594116 -0.0111987602770994 0.296040651204616
-0.39842301173433 -0.0379980324245875 0.0236795196894931 0.387643918322257
-0.302998230782896 -0.0187062472929911 0.192820815100481 -0.353792635724093
-0.34075533361444 -0.154617572710605 0.196273539355364 -0.252161927610216
-0.273169274688202 -0.248834707351964 0.223274636572892 -0.168569802020048
-0.216378762198217 -0.344391474611897 0.221004052245963 -0.193536120344384
-0.0908185490837866 -0.407593059934175 0.171238015839311 -0.225373755570304
0.0387472476570023 -0.422106592923892 0.150815342262026 -0.241003184313008
0.105309949425507 -0.450287037524392 0.091422478325835 -0.204579043961069
0.0921030474893596 -0.4865007626638 0.0188645416711044 -0.204299886405071
0.013979664807581 -0.509615193609287 -0.0875571475759112 -0.10179043278069
-0.107048676902721 -0.480683455647366 -0.149677595989897 0.0499783537400602
-0.293437202260379 -0.397484801495685 -0.111449494162473 0.190431831024576
-0.374882623444324 -0.277368303406041 -0.103739824146999 0.257598376420715
-0.391712997264461 -0.128200744068732 -0.000252046841889817 0.25129203350712
-0.416195513868225 -0.0553851040595861 0.117275952781745 0.306709611990856
-0.392082348540682 -0.00596310684019004 0.191269388932671 0.390586133727736
-0.211229905283121 -0.0277483777375469 0.317591226581986 -0.301075820507017
-0.226545250597576 -0.133173093614853 0.272025358036384 -0.185629555629537
-0.146964184409221 -0.190104673973267 0.243370558450116 -0.0853189778912526
-0.0925588892013393 -0.231424336864238 0.203287741948449 -0.147899854129929
-0.0110426448500773 -0.265743952613237 0.149507700535039 -0.214396166527265
0.0640891652156958 -0.286768226096911 0.160671432352688 -0.28672646449603
0.106051017270309 -0.323551940152468 0.139976304920304 -0.327975425973628
0.080145225139284 -0.37348732293389 0.0582340846152031 -0.370058542267727
0.00722437818576751 -0.405709650105099 -0.0960766312490722 -0.271449201143155
-0.0913377086753217 -0.372279750481141 -0.198775159960785 -0.0717766423857933
-0.240099326941463 -0.287895105948332 -0.158716338306722 0.13680333946322
-0.307927526968754 -0.178193850447104 -0.0831743232319403 0.240223655393836
-0.317193135108818 -0.0605735161041661 0.0744082404916535 0.242516236271596
-0.336628388226529 -0.0104339158847558 0.224292034366141 0.291127840443325
-0.320052794779476 0.0132313023902979 0.332768041507675 0.374391324605273
-0.0942558369204167 -0.0168008933027704 0.388614585734443 -0.253170971420689
-0.11086403270372 -0.0668961857707973 0.296675623673807 -0.138233516551131
-0.0526099444429113 -0.0911266784656685 0.225721368976221 -0.0332098474424486
-0.0210151291475282 -0.0979322286959049 0.170200059400274 -0.123557097124318
0.0199617344742913 -0.117948512230935 0.123097856163744 -0.200182937718833
0.0487490461032543 -0.142856458795687 0.163021154866521 -0.301262080079357
0.0745864112577242 -0.167625291788641 0.174763180079151 -0.403514110321246
0.0544574486364722 -0.205038743945509 0.0886596165849233 -0.481015803594106
0.0117297807362144 -0.230075344896668 -0.101042169216683 -0.38882451190963
-0.0365724142322315 -0.211228097541636 -0.23526826680157 -0.158666993868065
-0.122532633966558 -0.149920865010637 -0.198541859918013 0.0972535067891595
-0.172499845269372 -0.084821349190904 -0.0740963968312561 0.217469343753366
-0.179352237818358 -0.0209037930215875 0.119024742069853 0.227295964435637
-0.197030753594375 0.00734623311138669 0.28991423072264 0.268190266048914
-0.190362284362881 0.0122249726148194 0.422867592765203 0.34747341667139
-0.00225312063221248 -0.0254258606073875 -0.443723606891564 -0.288119420867436
-0.0169220591780509 -0.0168669928828209 -0.354468931140926 -0.213252562015429
0.00494571040628019 -0.0280147301753104 -0.165285943647801 -0.190210395551722
-0.0130526881033969 -0.0271484455708008 0.0377022123563743 -0.168307254423571
-0.00349869397453033 -0.0084386045323968 0.184864806374205 -0.08358706128653
-0.00171661642981455 0.00945780288101075 0.186678119694409 0.159376126405952
-0.0246781949122312 0.00757185964182211 0.0587573286726949 0.411924791598051
-0.0231365386544967 0.00518517410426843 -0.112731710598097 0.492545095953566
-0.0313156945476722 3.03776999521985E-05 -0.16118094940633 0.453764252216979
-0.0305909236642719 -0.0105267359120517 -0.12904334488999 0.334192651641354
-0.0194783419188242 -0.0156113877942289 -0.0935347525702085 0.229465410129647
-0.00823495153091214 -0.0227740215984232 -0.11174403362082 0.137202333004249
0.00430603401975352 -0.019403162973523 -0.183228231183767 0.0447400799014924
0.00175077876212062 -0.0113357784043015 -0.242038168241038 0.0881617968617877
0.01654806807553 -0.0198019559141532 -0.38221833994258 0.236694733518427
-0.149881742835933 0.0118258350372799 -0.409185810747234 -0.321227378637392
-0.188131176125229 -0.00931659251139536 -0.32114759185402 -0.239690752148187
-0.17382105436051 -0.050660510106209 -0.137417910231096 -0.223432506900014
-0.192464043322679 -0.110202270967665 0.0666578198464371 -0.192978264597123
-0.142526769293403 -0.163156078172915 0.200566805972951 -0.101394127846453
-0.0649108328048557 -0.18479302015192 0.186457873514331 0.13579082827932
-0.0216720280172142 -0.211252059352927 0.0490835700075879 0.39214874394155
0.0165517121194016 -0.196170589114038 -0.110558661770096 0.459574042390487
0.0171252182309475 -0.171457220854323 -0.155779875938322 0.443447570320676
0.00202355656303868 -0.147752719151669 -0.12531993387985 0.342263903402831
-0.0278464813090149 -0.140088529339541 -0.0875368014083689 0.249626232573907
-0.030893902703313 -0.14236266337554 -0.129074575676476 0.150671577502094
-0.0565810268821354 -0.118914836198383 -0.194168244488221 0.0682134623084415
-0.106806514621897 -0.098386317431706 -0.233297223558603 0.122341961226366
-0.118443170772232 -0.0582376573935436 -0.349178127816364 0.264571508875592
-0.270371743176027 0.0303916861317699 -0.307960773799818 -0.364400661621545
-0.332446290617073 -0.0272489884103734 -0.229602366350617 -0.282167510157615
-0.323390381325557 -0.10154672648821 -0.0697364494005863 -0.261128998013873
-0.333803707198612 -0.214786776879945 0.106183035807152 -0.225734281930677
-0.237975034390411 -0.319328481666827 0.203482088908463 -0.136229802094644
-0.0936261322192645 -0.359948122827817 0.171170844178993 0.0659387081847146
0.000554657124951119 -0.392663242648809 0.0358696549572451 0.296789803578725
0.0529868294207697 -0.369370463505237 -0.090343811573374 0.352747532271812
0.047155751321662 -0.333051739495555 -0.131577643526587 0.380214791594156
0.00839717743727807 -0.297983185778599 -0.110858253930112 0.334782046476622
-0.0732377758564301 -0.280338165411238 -0.0778029609691966 0.273886407827687
-0.102203772644581 -0.264115285814553 -0.146889643739833 0.183673184824126
-0.153779516453707 -0.202172968968297 -0.197074092020295 0.119113806475135
-0.228016773213591 -0.155642188490311 -0.201411409022934 0.183538995963595
-0.245874861859791 -0.0782162426917451 -0.266907049671517 0.311815717435524
-0.342312541122286 0.024959527123374 -0.152848906227227 -0.391342760518
-0.41719752509444 -0.0746179523846817 -0.0894419720173167 -0.311646112563238
-0.402366707821382 -0.177971607418762 0.0341698961985649 -0.277017384900941
-0.394462815838186 -0.321543237642541 0.156768958206491 -0.246761948851193
-0.259050700664339 -0.443285871739712 0.197651743795912 -0.181403839719046
-0.0758677148956252 -0.477539806942581 0.153397710390501 -0.0406053313197622
0.0359249924536412 -0.501749142486805 0.0335852138809717 0.140697159313929
0.0771338409725174 -0.485097572220268 -0.0588712163788121 0.188079781868273
0.0511564690004351 -0.464011649696748 -0.103077921680961 0.258915436946338
-0.0228337798327798 -0.433798223970632 -0.0987605839690223 0.28378349009239
-0.165580391051335 -0.403147548541718 -0.0673347987920424 0.277329159634963
-0.22683637804568 -0.350071049252768 -0.148881593787595 0.225811243924015
-0.28058427044538 -0.236177294343338 -0.165153683897949 0.185058908858772
-0.346574534499537 -0.16285447478432 -0.127237776554998 0.25278949746984
-0.347987058361779 -0.0700616727258517 -0.137903790816484 0.361619704268077
-0.353793931597326 0.00360095204336211 0.0262627645723884 -0.390934086146862
-0.419549417993245 -0.130608881239067 0.0689832950797691 -0.303838208840778
-0.380641391341107 -0.242199797879957 0.147864040963276 -0.246559844424735
-0.344883360716514 -0.381319751834306 0.204409892586086 -0.236791316889708
-0.196135615614879 -0.482799481993181 0.188459011714581 -0.21719911463008
-0.0168697926244007 -0.501981537495129 0.146219226527214 -0.154773975745735
0.0788918009068169 -0.521629847876529 0.052704817710225 -0.0397465848494757
0.0926473381043745 -0.527889447862241 -0.0208314934264639 -0.00851495870380324
0.0344721178647111 -0.533199231969386 -0.0874072459025398 0.0883745178004912
-0.0737063836523134 -0.506501984065743 -0.11060152429681 0.180549507670554
-0.261330224847738 -0.449151751084074 -0.0774300619664271 0.2456808418545
-0.343930961910465 -0.352905805456022 -0.131718052496322 0.256799777811344
-0.379680668154096 -0.204783858292775 -0.091608794321324 0.236780634765283
-0.421205269400027 -0.121074709931143 -0.0122194737332696 0.30004845197514
-0.403906649581559 -0.0389199337410151 0.0237592829092819 0.391490401307981
-0.306105193076121 -0.0206661312868746 0.195196901583759 -0.357327824434776
-0.343880627474165 -0.157607762591807 0.199481825360951 -0.254760220630312
-0.275636416971502 -0.253812744427665 0.227282847206005 -0.170656017699015
-0.217999492514721 -0.349280674697201 0.225079980834163 -0.196121395049253
-0.0907584858837628 -0.412408419018271 0.175266669394672 -0.228366666544693
0.0408989409835182 -0.427960190022002 0.154547340929924 -0.244631340307448
0.109064292009915 -0.455107490730315 0.0939273579370481 -0.207011187017068
0.0952189806969294 -0.491754508061094 0.0199902710038389 -0.206273040508272
0.0158280194136249 -0.516386608715323 -0.0888829866666916 -0.102929551480511
-0.106672485066851 -0.485771363444542 -0.151293265978775 0.0501523734931509
-0.297333142371901 -0.403036516182529 -0.113102470209023 0.1915333238341
-0.380031615095378 -0.283695528395343 -0.106093183505861 0.261643415252178
-0.396696135866173 -0.131579786509907 -0.00101203506442532 0.254979674673362
-0.421651357097578 -0.0568455744591756 0.118337400212295 0.310513826323768
-0.398308151101888 -0.00643613496580761 0.193668554681089 0.395811878986058
-0.213801653096429 -0.0300597595059648 0.322320489148227 -0.302457381685207
-0.228564223432253 -0.135799606428216 0.275254724499648 -0.187380487402433
-0.148616704613689 -0.193179776904888 0.24739181456791 -0.0863168305895178
-0.092233166101132 -0.234432730708857 0.206912078839189 -0.149942799526313
-0.0097383368319493 -0.268248031466255 0.152823774038505 -0.216228684566655
0.0661950534180724 -0.290955613146807 0.164378156886558 -0.290241801391881
0.109734665737073 -0.327441601108865 0.143143326489438 -0.331496244613338
0.0840999785765118 -0.377399209642802 0.061323859935925 -0.373357398594256
0.00947721721192508 -0.411084356714309 -0.0963047779890976 -0.274932001716816
-0.0905161947297176 -0.378834992809077 -0.201958932091285 -0.0731648891275418
-0.242702047020968 -0.291507156934351 -0.161141908598903 0.137377187473469
-0.310938632423398 -0.182084385170476 -0.086282723967446 0.243458786950222
-0.321199251723283 -0.0633567214162175 0.0744871226007862 0.246247906038198
-0.341536489226552 -0.0125643128263845 0.226789295210307 0.29557884302261
-0.323871774400439 0.0126258061990585 0.337234327778454 0.378618227693008
-0.0949030217715554 -0.018565330198276 0.393252441119443 -0.254793360668694
-0.111730722619804 -0.0678913757896001 0.300532617822709 -0.139492685648569
-0.0530625009250084 -0.092653742556684 0.228765772856748 -0.0337719853357684
-0.0207665239748472 -0.098638551998175 0.173114859512185 -0.125405698779626
0.0203669530362152 -0.118809802758731 0.125355035655982 -0.202917176401706
0.0494271439876694 -0.144284207187031 0.167866001580594 -0.30447146103382
0.0767474814267478 -0.169476910568581 0.179530518028302 -0.407146038264871
0.0555457139695656 -0.207055838982918 0.0922256004410941 -0.486726631702861
0.0129260747133534 -0.233005283365254 -0.0998296960202454 -0.393026791253171
-0.0363086171117678 -0.214464075680729 -0.238552622482902 -0.161382715974619
-0.12354999289431 -0.152552893937732 -0.201465889961914 0.0970088885410642
-0.174689609123669 -0.0866912044141455 -0.0759514456869096 0.220821473386383
-0.181836874837544 -0.0221737486476186 0.119942436449326 0.23139849464046
-0.200351053311176 0.00633539594186345 0.293449426117306 0.27241909687841
-0.193743918678144 0.0124344315789485 0.430745239788719 0.352658976676409
-0.0023698661388942 -0.025950876032605 -0.450936682586916 -0.290368669177856
-0.0164131652354479 -0.0168521058257856 -0.359957476464379 -0.215375309158796
0.00500740382067771 -0.0286491106837319 -0.167987545473609 -0.192837258301322
-0.0131247739096227 -0.0271097576975401 0.037833635455055 -0.171116761518011
-0.00330670734385183 -0.00883066804976828 0.187712186778385 -0.0846816401265549
-0.0012996322600311 0.00954267452220129 0.189185481954025 0.160755834406317
-0.0251353475164578 0.00816953617274404 0.0601678290723769 0.416899861883163
-0.0233651537523839 0.00557584437268635 -0.114766577487741 0.498402865265903
-0.0318158203899225 0.000610215587130394 -0.164805571546296 0.45950502862161
-0.0309748705800453 -0.00993900851359968 -0.132244146776685 0.33920420610682
-0.0203050795197344 -0.0157356449620566 -0.0951147280150267 0.232523299540632
-0.0077117937545153 -0.0234591198544187 -0.112589133207772 0.139263917103966
0.00412828640353332 -0.0201434572549954 -0.185931030009366 0.0461477851967763
0.00113583104818892 -0.0113219836617988 -0.24543322159576 0.0891202206714422
0.0165003091759958 -0.0205647861883106 -0.388078343571544 0.237687277641983
-0.15152036338423 0.0114750071478359 -0.416649915367995 -0.325687342945951
-0.191765947784407 -0.00958455602226194 -0.327477029016598 -0.243295908230845
-0.177087994404976 -0.0525619044049899 -0.139041958432365 -0.226276002046906
-0.194912134037573 -0.111737902162186 0.067322958906869 -0.196294295112405
-0.14420430713308 -0.165720579333454 0.20432327146357 -0.102763494969321
-0.0650706985711411 -0.187438137382782 0.188983286951767 0.13823591880946
-0.021061329664822 -0.214588434244103 0.0490424293686977 0.396609619202659
0.0166068508204525 -0.198587371275268 -0.112128195775381 0.465546992145978
0.0178849592014233 -0.17303845911446 -0.158629467901806 0.449329355688777
0.00266073301909331 -0.149624816709388 -0.128726857354474 0.346651746096075
-0.0283449814620099 -0.141448508815998 -0.0891770383675527 0.252776823531195
-0.0315163102037848 -0.144337001094802 -0.130704136961003 0.152792620320565
-0.0569346360658433 -0.120240179646879 -0.196744727639808 0.069393480418222
-0.108312867627598 -0.0990535519381426 -0.236021658287423 0.123217897200924
-0.120288179914293 -0.0595659060030465 -0.352985130315526 0.268281913414833
-0.273635391405149 0.0300745655426512 -0.315100896373472 -0.368963588102411
-0.338091459944283 -0.0281020656106466 -0.233741492361475 -0.285471324351374
-0.328287865536506 -0.103990854091231 -0.0708449455778685 -0.26484989022412
-0.338610113588479 -0.218304093306517 0.108314140235591 -0.230086306576448
-0.241882590966165 -0.324630554187909 0.206602784735722 -0.138816194464258
-0.0947369635386438 -0.365521754515613 0.173497794696881 0.0664242275113949
0.000245257066369049 -0.397359324822002 0.0363803228123106 0.300069771887131
0.0536764411300567 -0.373849674793568 -0.0923850376256622 0.358333780694615
0.0489978801300723 -0.337506152242434 -0.134490351653733 0.383765677904821
0.00925317251551249 -0.300760196694612 -0.113292527819433 0.339174256637338
-0.0743631765615793 -0.283099179413684 -0.0778633524446975 0.277411020110591
-0.103073143478441 -0.267952554899244 -0.149935653195306 0.185983187343078
-0.156460552868873 -0.20455874987767 -0.199074839498536 0.121415725639869
-0.231170671323491 -0.157611463254329 -0.20352166033872 0.185573416087116
-0.249601127670011 -0.07959749446425 -0.269395453374794 0.316235004649721
-0.346860132924606 0.0247359105334806 -0.156499802191296 -0.396499156021631
-0.423728953432313 -0.076395225076944 -0.0901389678414354 -0.31592044664983
-0.408500156396508 -0.180921199415589 0.0350903092683955 -0.281462991850454
-0.400083307220041 -0.32547800318477 0.160104385919577 -0.251388853079242
-0.261604677158359 -0.449396294849652 0.200614389149269 -0.184592351771853
-0.0747896379214074 -0.483189637064357 0.155201198557608 -0.0414856958840902
0.038303145047126 -0.50893710242509 0.0340977841754812 0.142374764816321
0.0794668496724448 -0.49082817638723 -0.0599530137971329 0.190496193111056
0.0533440600443831 -0.470243388908018 -0.105640518425576 0.2614693078082
-0.021273650401827 -0.440157812636031 -0.100549262053814 0.288157000273324
-0.166439054591391 -0.408474423541522 -0.0681139176501666 0.280153989439895
-0.229926559897711 -0.355951936327617 -0.151651003295329 0.229500775851418
-0.283523251346473 -0.239652832289596 -0.166833220841236 0.187732262630127
-0.351466078380969 -0.165356892884168 -0.128745891620021 0.25495876878154
-0.352562397207692 -0.0713970705127727 -0.139223633767979 0.365860663611954
-0.35892817293178 0.00180450701587353 0.0259833160835804 -0.395566742772497
-0.425390100634724 -0.13301863965391 0.0695962048285083 -0.30836755298073
-0.386133011463884 -0.247909042749431 0.151130468000087 -0.250339726592639
-0.350034609804814 -0.385822772222484 0.208430580367736 -0.241432222435139
-0.19807430612891 -0.488961481665633 0.192897246847407 -0.22084966838327
-0.0166831025710469 -0.508144981709799 0.149210002042043 -0.157807963500646
0.0821369180086463 -0.528208869633387 0.0540295204984103 -0.0402872718185554
0.0951016446133535 -0.535479937586167 -0.0212380923013806 -0.00858650067127128
0.0356067929984047 -0.540733874025712 -0.0893869070344006 0.0888985206267396
-0.0742805494416322 -0.513242824072286 -0.112200828057824 0.183327566196466
-0.264475908836887 -0.456236347487024 -0.077615584384285 0.247304936552415
-0.348029492903164 -0.358882944174093 -0.13384070526146 0.261136817657356
-0.386317393378555 -0.207883046923742 -0.0927327522188904 0.240337031471938
-0.427912299233918 -0.122419105770217 -0.0120733521683448 0.30271622036573
-0.409927562549675 -0.0404195582987428 0.0255399060198112 0.396219093512818
-0.310716919192965 -0.0224853325626592 0.197243365059033 -0.36124976169329
-0.349628472065956 -0.16036316078289 0.202118669942575 -0.25817734380451
-0.279737976029201 -0.25786776215045 0.231528860588904 -0.172788945450778
-0.21967783501073 -0.354158906963908 0.227734060272304 -0.199672939303567
-0.0911444251741323 -0.418338969164624 0.178525860913783 -0.231764428227323
0.0427080822888794 -0.433435759789024 0.157618882250174 -0.24892917184728
0.112639758956042 -0.462131543654495 0.0963557476746588 -0.209056709099055
0.0955080964483624 -0.498282415213938 0.0209778065419863 -0.208841895577049
0.0190289155512612 -0.524580875245077 -0.0901303848642356 -0.103557550562491
-0.107240712418455 -0.493023663900972 -0.153961588263082 0.0509350236476262
-0.300923179417446 -0.409567219252062 -0.114547957098968 0.193126155516774
-0.384194125590051 -0.288456828834622 -0.107836145543175 0.266143266606434
-0.403987407846187 -0.133906329436167 -0.000365314991579925 0.258610771074053
-0.427631652778025 -0.059301090432806 0.119618094778574 0.314409272602265
-0.403822719620654 -0.00647997292198344 0.196902434760573 0.401037174287151
-0.21663786764895 -0.0312411344862461 0.32684379930923 -0.306278146952921
-0.23183485231701 -0.137998408049239 0.279031090848898 -0.189934410104508
-0.150556522101296 -0.196581037114367 0.251774017292531 -0.0879208321131806
-0.0929363169545592 -0.237456137003616 0.209758950625449 -0.153508882708255
-0.00930325918115832 -0.271776546159428 0.156483790998635 -0.219519069480614
0.0672379081500217 -0.294563181107071 0.168028675426574 -0.294859812829647
0.111835900096026 -0.332571393531581 0.145114179178842 -0.33564552558064
0.0851703771458724 -0.381489021891698 0.0633580556975255 -0.378802527273493
0.0107275432444332 -0.416368233906384 -0.0977931759756501 -0.27813750352574
-0.0910014875973022 -0.385005607239733 -0.204755515468191 -0.074117563701315
-0.246073054911838 -0.297104643150496 -0.163910812454242 0.138315329584202
-0.315941430848298 -0.185633141345638 -0.0868199689663395 0.24785465736869
-0.326485988147692 -0.0646816781100922 0.0763716493893766 0.249978963661785
-0.346847375913059 -0.0132910791070617 0.230064913085382 0.299131771348169
-0.328973793131602 0.01312099356215 0.342955773304942 0.382972177030721
-0.0961669590941507 -0.0192048004045733 0.397201749439611 -0.2574377256871
-0.11261242183921 -0.0685097535904119 0.303525408551091 -0.140936077327468
-0.0541130517090859 -0.094461935890409 0.232718937875556 -0.034853736206976
-0.0204642567931056 -0.100318915952705 0.175152624098494 -0.128327810347243
0.0214365659336215 -0.120493696410531 0.127430122169549 -0.20437959574642
0.050253297304485 -0.145989672582359 0.170846714106104 -0.308394153426873
0.0780656354206594 -0.172404949795693 0.183499521229168 -0.412019130316193
0.0563370481589394 -0.209763167698957 0.0942254501132828 -0.492274506376753
0.0133663594514549 -0.236072990427739 -0.101096108979723 -0.400065110025272
-0.0369037952778808 -0.218309677314072 -0.241426161489242 -0.16389026858079
-0.12486018602161 -0.154388412928744 -0.204802346977057 0.0975147810358358
-0.177131726824788 -0.0883859261122773 -0.0772589132916926 0.224556267850659
-0.184606456672396 -0.0228042529226483 0.121738872713714 0.235163451833309
-0.20320338761187 0.00599687120114865 0.298777952756015 0.27681290920323
-0.196434081399377 0.0127264175312073 0.438662678413539 0.355567068605322
-0.0027280037213034 -0.0259621553929415 -0.460272408952787 -0.292578477747208
-0.0164176158108636 -0.0172697418331012 -0.367876668548573 -0.217060684936109
0.00532621727724271 -0.0296546792464534 -0.171512386791465 -0.195834180950814
-0.0135036689092791 -0.02695328872442 0.0380727746386854 -0.174369116873367
-0.00321704251743187 -0.00887678108421782 0.19067857235059 -0.086275849699178
-0.00160194265072894 0.00944154749251694 0.192746607503525 0.162973541974377
-0.025022197507598 0.0087995894523691 0.0615341608381499 0.421566431168949
-0.0241557291646039 0.00570935793879283 -0.117324697503474 0.507371435174306
-0.0317014890404087 0.00146440308832878 -0.169197082980696 0.465748947772974
-0.0315871944271116 -0.00969369734008233 -0.13381947240604 0.343077973927969
-0.0208961913288254 -0.015868668503857 -0.0960326766239505 0.235760368198923
-0.00839710964300736 -0.0236276782490056 -0.114044694169384 0.141949087045408
0.00393812653912845 -0.0199625183639542 -0.187949042979427 0.0475425428655702
0.0010699972242796 -0.0111251989425939 -0.248511470315654 0.0906257109064041
0.0168434689942435 -0.0206537281466011 -0.391789880411942 0.243020059927322
-0.153759807840246 0.0119622811191807 -0.424473331709279 -0.327751335573018
-0.194282049356909 -0.0093543739654116 -0.333042200091988 -0.244874796433339
-0.179853322689659 -0.0532514750257568 -0.141685439479734 -0.230480245307634
-0.1981507927854 -0.112073649408582 0.0679110954805696 -0.200207212400374
-0.146670637578902 -0.16721757466504 0.207228589517648 -0.105289281596048
-0.0668269074831114 -0.190025184417427 0.192105505825692 0.138830453848375
-0.0213001375282542 -0.217379065930916 0.0505051288921528 0.401586811004962
0.0166246481444848 -0.201401544671963 -0.11279326909386 0.474124998729684
0.0179010495231588 -0.175025198987995 -0.16205647867965 0.453850685786996
0.00242943070079853 -0.151163658887373 -0.129990972017742 0.352125237498685
-0.0288473480906546 -0.14280293726306 -0.090001733741982 0.255547723460739
-0.0318433263067486 -0.146665751959842 -0.131965252670866 0.155558899017995
-0.0582422421884026 -0.121708285031584 -0.19820492381555 0.0717037474309299
-0.110744087288871 -0.100653443677099 -0.23875139560896 0.12538768837773
-0.122412824844662 -0.0601202973853403 -0.357880779829105 0.272291977714299
-0.277825881274927 0.0305944644802348 -0.322480283346709 -0.372248287215642
-0.343477575306431 -0.0282659367213333 -0.238766465605377 -0.289299981508935
-0.333690385227954 -0.105308655248975 -0.0719805049744638 -0.269429058720873
-0.344256336787285 -0.219911427908796 0.110038529442911 -0.234564680807939
-0.245506882855239 -0.328340962420376 0.209943053221815 -0.141879011949346
-0.095402464871045 -0.369823664628403 0.176302193387583 0.0660689006203391
0.00111603540658873 -0.403658050336141 0.0374086701925523 0.304463640559445
0.0550583807108147 -0.37889798033532 -0.0933568439956243 0.363689446262485
0.0498780798340016 -0.341616539394027 -0.137064349618619 0.390182239576392
0.00877786188689211 -0.305280424401119 -0.114457782326732 0.345039717525724
-0.0762307714240179 -0.286671781350308 -0.0787316755009829 0.280504905652579
-0.104835102049074 -0.272505669931891 -0.150784928159317 0.189447251684668
-0.159708884815743 -0.20744137256531 -0.201712600278157 0.124125056241198
-0.23494668587025 -0.159829859455458 -0.205943546621268 0.186999096977255
-0.253490549914885 -0.079981685142441 -0.273239521285993 0.320758662421665
-0.351340508288291 0.0247444156754287 -0.160986600519709 -0.401054947204539
-0.430701943683879 -0.0776273689870445 -0.0932678881197859 -0.320429768083388
-0.41402519240621 -0.183880219003604 0.0354475512507515 -0.286321533515311
-0.404818540391078 -0.329792426278452 0.161667038307745 -0.256530593272464
-0.266273589606861 -0.454868644866778 0.204135743437752 -0.188357624581485
-0.076303763781353 -0.491611525165472 0.15814294441366 -0.0434492980491772
0.0390308874505483 -0.515995529091433 0.0352834202879468 0.144437955845179
0.0792534616778176 -0.498572710372648 -0.0611898798008521 0.193324755441865
0.0534231299790566 -0.476560015707878 -0.107613622115659 0.266263815875089
-0.0220867161786138 -0.446192034506429 -0.102656169784739 0.292650434837238
-0.170527739519507 -0.412084673214125 -0.0676763281149962 0.283670979053037
-0.233169860757683 -0.360471698923753 -0.153476751856663 0.233751593315587
-0.289163585623636 -0.242544069691501 -0.168396130486177 0.191638083501517
-0.356252834037382 -0.167942440503957 -0.130451806959371 0.258361000568979
-0.359339291802305 -0.0713970702101388 -0.13961476641837 0.371222294030426
-0.364177254141468 0.00171485876592659 0.0230441860779551 -0.401434444387369
-0.4327325807667 -0.134813793913274 0.06940957856092 -0.312658542083601
-0.392884423961241 -0.251398830669398 0.153618152758654 -0.255131981349084
-0.355902596171324 -0.392065167989623 0.211642004758713 -0.24665877562059
-0.200926986483668 -0.496542923396378 0.195409244441362 -0.22590973882313
-0.0177902613430124 -0.515578098717329 0.151351479289182 -0.161592654192227
0.0824778577133237 -0.535195258964368 0.0554422809545058 -0.0408701461592323
0.0944656412596885 -0.542736391843273 -0.0213100584764818 -0.00826324015901268
0.0370769036454562 -0.549540590649064 -0.0912793633304505 0.0914502068808131
-0.0760472926841953 -0.522242722861435 -0.114269233618107 0.187208897247478
-0.270501011688669 -0.461184317635727 -0.0780802804644428 0.251279436330397
-0.353343540047227 -0.364816129372663 -0.135478381280353 0.265493998190825
-0.391938861125268 -0.209862488347135 -0.093107992669218 0.244609442550385
-0.435273517587718 -0.12418209322761 -0.0118344284246329 0.306926375697489
-0.416692040871044 -0.0407170202066814 0.0272577456201772 0.401335380295951
-0.315374193616089 -0.0233222003837327 0.198045850413729 -0.367872697360871
-0.355498528131433 -0.162296013849281 0.203889144309549 -0.262612298481147
-0.284327482841922 -0.26207829025376 0.235213486521207 -0.176876486155643
-0.223996672348139 -0.357285586953638 0.23135039609028 -0.204883204530316
-0.0934964702607141 -0.42400888458476 0.181941770445402 -0.236210845295096
0.0432204609375892 -0.440107100002915 0.15952634835661 -0.253450824379082
0.112776301932529 -0.468994504843968 0.0982302028281665 -0.21215450297837
0.0968281572987273 -0.504021808195559 0.0216549756477076 -0.211673741543144
0.0183458835507839 -0.530717178091436 -0.0918977742433611 -0.104244973872269
-0.108794934083885 -0.501399477333964 -0.156559634522358 0.0522375669758625
-0.30662670575076 -0.413223336734322 -0.116278997520616 0.195053675227493
-0.390589410116519 -0.293209744107426 -0.108960502210346 0.270815664682263
-0.411012891828011 -0.134989480864124 0.000699668322773603 0.263129456148635
-0.436357840590713 -0.059743596936234 0.123163604795742 0.318837231475469
-0.409734230731245 -0.00557895890153264 0.202691313859056 0.405689949518798
-0.219809285475163 -0.0323974110548007 0.330202117438036 -0.311653682643491
-0.23626524231163 -0.139341649848886 0.282788286543434 -0.193094200687631
-0.153220303228954 -0.199696015722938 0.256083404127203 -0.0909419242579975
-0.093889990122841 -0.240308547685776 0.212633428216707 -0.157058445965224
-0.010139084274882 -0.275205414115939 0.157807568059768 -0.223552775938963
0.0676911088647677 -0.298757308859725 0.170431343023556 -0.299723827855365
0.11306296976523 -0.337751223194516 0.148260755962563 -0.340149609151317
0.0856653864245204 -0.389107960983345 0.0640706327526067 -0.384768864545675
0.0105351437153477 -0.422615242905214 -0.0994883241601875 -0.28055507792332
-0.0935644821279525 -0.391327062003361 -0.207980641924084 -0.0747322835283468
-0.249923076229606 -0.300040204834858 -0.165912828532231 0.13935497845083
-0.3212709024257 -0.188604933366792 -0.0881610033886239 0.25261868440576
-0.332000529919852 -0.065206440549826 0.0786146408216337 0.25419503986622
-0.352836927219065 -0.0133564487810149 0.235095697186157 0.303738812679255
-0.333541515316419 0.0139864386693171 0.350445647170188 0.387765665536774
-0.0976610605009708 -0.0203805624478267 0.401667140497587 -0.262496464811914
-0.115070974546324 -0.0695174322110748 0.307171296538637 -0.144375112548923
-0.055229673877914 -0.0961273039627779 0.236856889846468 -0.0371696020202241
-0.0206797334308802 -0.101032382796152 0.176898021049455 -0.132302816783683
0.0213278307475995 -0.121920383847214 0.129934481257746 -0.208218952190313
0.0503490032466884 -0.148173953898045 0.173777706441694 -0.31368042356629
0.0791041768702662 -0.175510023261875 0.185584618162449 -0.419298684846722
0.0570841558584179 -0.212793792560102 0.0954607886084439 -0.500154148664547
0.0133227182364246 -0.239850337411021 -0.10295067534456 -0.404108656512649
-0.0378715915120023 -0.222229957941911 -0.245930085090704 -0.165153509735936
-0.127047683643795 -0.156996632571458 -0.208185719315645 0.0986664176528972
-0.180005748843945 -0.0902172726565503 -0.077892650811698 0.228489781416711
-0.18746614688671 -0.0233415186512928 0.124436280298038 0.238815122694676
-0.207123751795883 0.00667528242120013 0.305028727469251 0.279852972693623
-0.199904003434702 0.0140043457412112 0.446865251556751 0.358944630674658
-0.00266105261364063 -0.0265644243426134 -0.470164046518547 -0.293903470220376
-0.0168392361002476 -0.0177769296441225 -0.37614629219822 -0.216763487508528
0.00514922150822459 -0.0304422513315984 -0.174880233781283 -0.197916256122656
-0.013446440454672 -0.0264388424306234 0.0381305524622216 -0.177990956487603
-0.00296004599524424 -0.00867523555483741 0.193319670706776 -0.089050264184301
-0.0015408163192773 0.00976388245795172 0.195976462236903 0.163689371960294
-0.025242729366742 0.00936142722443042 0.0628500926088662 0.426823437435646
-0.0245967614971964 0.00603435025018877 -0.1173022572749 0.514994862161052
-0.0318319815444992 0.00207299970477648 -0.170468186113092 0.472543230278796
-0.0323268598382677 -0.00955633882048174 -0.136070239797894 0.349127015128649
-0.0213130839439067 -0.0153893794981914 -0.0958147229103462 0.23967923577575
-0.00853161229289445 -0.0245017884472251 -0.114950571355598 0.144492859279334
0.00393772272298363 -0.0205156710102472 -0.190457596944673 0.0497734979492886
0.0011366710940389 -0.0109099189154553 -0.251841587984516 0.0931950239535662
0.0163168094825934 -0.0213589934841017 -0.395426404232007 0.248313142282511
-0.155869282735793 0.0121526797561609 -0.435617328883178 -0.329391748354011
-0.197331400378273 -0.00892988843330809 -0.341728030365041 -0.247555625135458
-0.182733344003153 -0.0533615581565532 -0.144934906627581 -0.233402883153778
-0.201814325974897 -0.113402859207893 0.0689065086418565 -0.204217796618817
-0.149607212230759 -0.169538731647954 0.210555444878583 -0.108104801786002
-0.0681129894117453 -0.193509570212238 0.195562919781041 0.139806140761428
-0.0223537907700354 -0.220483211179295 0.0536356768059192 0.407322324343402
0.0157959893989844 -0.203799427815531 -0.114442231842265 0.481318927398708
0.0185283487213545 -0.177160209533388 -0.164921425026937 0.462092264431543
0.00144184565778189 -0.153087309638779 -0.131424698463516 0.357140711362376
-0.0302934007037398 -0.144377198637748 -0.0900770658976816 0.260531992943414
-0.032682686196831 -0.148554635962197 -0.133155481556414 0.158753646301388
-0.0604366949086221 -0.123308480574792 -0.201038766298624 0.0747013340922189
-0.112544566570041 -0.101136219024139 -0.241119551641375 0.127150404488758
-0.124919188367391 -0.0606310250549609 -0.360687717734722 0.278617537733771
-0.282878475858134 0.0311839271138351 -0.331475022428622 -0.374156492226445
-0.349747153535541 -0.0279130566787223 -0.244302822153888 -0.292116204885114
-0.339620554861711 -0.105725340943741 -0.0733636966964373 -0.273523186459544
-0.349991503996444 -0.222193602120513 0.110152579314304 -0.239047574046572
-0.251180276965269 -0.332066681480377 0.213301499055343 -0.145378138915002
-0.0986105214991764 -0.37629542141378 0.179388353436153 0.0662227613716403
-0.00109277939222313 -0.410036447137229 0.0393531869917929 0.308606033864243
0.0530057493216711 -0.383739962216823 -0.0937698262814877 0.369752232280397
0.0499385033346985 -0.347294330427501 -0.138689557255418 0.396404674893013
0.00861470067476544 -0.309542830530213 -0.116138473459527 0.350508783178987
-0.0787072701544592 -0.289744929283673 -0.0780966571806797 0.284657316677155
-0.107807328789997 -0.2766920637222 -0.152674445802649 0.194104079825127
-0.163284783924569 -0.210253090767415 -0.203818344143698 0.12729485696843
-0.240117589336653 -0.161351486465737 -0.208176066513182 0.191021222189575
-0.257698546265378 -0.0802791728877962 -0.275264976592208 0.326215244809051
-0.357323158341903 0.0250978678853298 -0.167616246856541 -0.406019164207871
-0.437962012879129 -0.0767990549534337 -0.0970774350658017 -0.324164743953413
-0.422449764488628 -0.186341487303022 0.0348079788348273 -0.291418997722848
-0.4130447620641 -0.332289931639344 0.16283869480058 -0.262803222557165
-0.27191397148022 -0.460696400122048 0.206910573210808 -0.193326819563616
-0.0787148313809573 -0.499409740588429 0.16002009047247 -0.0458829413368188
0.037413702901419 -0.523985196821902 0.0361633124792517 0.146352925564871
0.0784388499342105 -0.50503084138431 -0.0607755826128596 0.196922510131659
0.0544338283500645 -0.483551166308472 -0.108716068595405 0.270588803549658
-0.0240895811958261 -0.45209150188648 -0.102992284463757 0.29789845271165
-0.175202625249536 -0.418372461163318 -0.0677050414406057 0.287616844784383
-0.237725356879847 -0.365350352605429 -0.15438236903527 0.238275974554142
-0.296018440114452 -0.245787985641243 -0.169850208041405 0.195435714090753
-0.363486234422621 -0.16881803723314 -0.130867470310399 0.26189719473059
-0.364255443384247 -0.0709335280805659 -0.138742025209483 0.376343127815422
-0.369940991421148 0.00244710565763831 0.0204723328533327 -0.407020237647431
-0.441186694492629 -0.134189925120519 0.0687680129197982 -0.317084369089491
-0.401274104338789 -0.253362135261721 0.155236908438256 -0.260005608728835
-0.362121218059858 -0.395497256128841 0.213917526438112 -0.252609984785083
-0.206151629406001 -0.502183590545047 0.198075974890821 -0.230382291086939
-0.0196254140363066 -0.524588124107947 0.152794517323847 -0.164912318394245
0.0828273488685406 -0.544487225685976 0.0565344303535437 -0.0414733792288727
0.0938832109346475 -0.550865933132762 -0.0212175721137939 -0.00848839860072935
0.0350880999053132 -0.557668218724216 -0.092738245278161 0.0939547784929034
-0.0784596579964392 -0.529660793100201 -0.11539313444762 0.190712351173194
-0.276351967180565 -0.465973127856468 -0.0780898400694967 0.253230861599877
-0.361239151574563 -0.370922554983891 -0.136204728093629 0.271502809510766
-0.400218048489967 -0.212446118762924 -0.092152118048599 0.248884849164062
-0.44379590284349 -0.124663949660392 -0.0100567438418699 0.311576476854548
-0.42277956139469 -0.0397558246239009 0.0302781084624017 0.406635492526411
-0.32039845413735 -0.0233440549763759 0.198618303716383 -0.3730891672051
-0.362186068749085 -0.16306925016725 0.205931930624079 -0.267095951535985
-0.290661012278832 -0.265831421437639 0.238994614874021 -0.181227945722996
-0.228500063333874 -0.362093963851917 0.233971315125812 -0.209978629195685
-0.0964487976430732 -0.428449038926213 0.183448552047004 -0.24108355985226
0.0412888653500586 -0.446215097802143 0.161667699743706 -0.258482527461369
0.113483978895482 -0.477893502513064 0.0991591712946444 -0.215349806703983
0.096110395268981 -0.51204851492929 0.0217065589336648 -0.214978379221085
0.016729115732522 -0.540190294865518 -0.0938947462039235 -0.104935311782094
-0.11203333009932 -0.508866581793741 -0.158723127991737 0.0540749847871055
-0.313387788299018 -0.419056924619913 -0.116686876236216 0.197805998641049
-0.399160718901467 -0.29575638006297 -0.108922350846221 0.276773653353429
-0.418391972176986 -0.136237246660801 0.00273559411764755 0.267322547569101
-0.444359503479254 -0.0600393374295015 0.127070318713394 0.322828128977237
-0.416225099107852 -0.00292336927704479 0.208942611903712 0.409565588134019
-0.223992650359948 -0.0332521042303211 0.333229659050266 -0.317269747775777
-0.240715426612529 -0.140417547900496 0.285809535080061 -0.19826017552532
-0.15693756882377 -0.202549758265749 0.260626811915518 -0.0947096483295536
-0.0959285197949698 -0.243443152159418 0.214724321442493 -0.161768474093051
-0.0107544551657711 -0.278527596157167 0.159683469213612 -0.227567782493629
0.0676807036622809 -0.303062541975752 0.172460794328695 -0.305426852837325
0.113344864314974 -0.343173805278318 0.150064155779652 -0.346747127139703
0.084526779932292 -0.393998500899462 0.0646952875177685 -0.390693662761224
0.00878576519131635 -0.430194331097385 -0.10234714804952 -0.284787219196342
-0.0957775997528179 -0.396735734004186 -0.211495985075392 -0.0745572843097924
-0.256034881924334 -0.304040745957145 -0.16817294900134 0.141150509665521
-0.327110616286046 -0.190421441737211 -0.0882410981898518 0.257247805517247
-0.337363320604322 -0.0650957339130782 0.0811491800185324 0.25766659809667
-0.359490114079842 -0.0121314843539866 0.241669457256306 0.306626156730749
-0.339391922261109 0.015931654951646 0.359182656452325 0.390715873239199
-0.0995029370088883 -0.021176565407538 0.405478707487978 -0.268617772526277
-0.116984512466233 -0.0697027354629396 0.309957096563562 -0.148564606008348
-0.0563705950927684 -0.0975859772488563 0.240290586921294 -0.0394824278994335
-0.0210854003006855 -0.102563408439057 0.178446811529723 -0.135450748808607
0.0212808859554364 -0.123744926923126 0.131172460774157 -0.212707855387579
0.0503349735743495 -0.150149840116371 0.175898638012042 -0.319155303440408
0.0795892258987473 -0.178939745547186 0.187460110574812 -0.425391964272495
0.0569876956877919 -0.216331703455625 0.0957646246913227 -0.508645937423374
0.0128980186311548 -0.243020781704841 -0.104230680574195 -0.408854862929936
-0.0394661276764426 -0.225798671504237 -0.25041398280464 -0.16661209746705
-0.129705616775097 -0.158300459079208 -0.211276620862285 0.099722385487571
-0.183462628706223 -0.0908484515345685 -0.0789440017594768 0.233090995006633
-0.190619945913768 -0.0223619747587534 0.127917722569514 0.241982280055367
-0.211032166248563 0.0076591324280596 0.312512591343443 0.282899113748099
-0.20276216635786 0.0153548051417587 0.457685772881638 0.361685241006234
-0.00267772028408433 -0.0268438350409205 -0.480297593238182 -0.293723242953645
-0.017330891638897 -0.0177366147470572 -0.384628677725991 -0.216854141823048
0.00522796272688033 -0.0310879903020122 -0.17969048391454 -0.199728593849246
-0.0139810141835999 -0.0262850721602016 0.0364777139625148 -0.181968946979218
-0.00312693851623085 -0.0088089137840916 0.195718202134025 -0.0924346579333679
-0.00150060310354994 0.00966489176495806 0.200747290615337 0.163898261532406
-0.0256799056228122 0.0104811957452447 0.0673126118757875 0.433560055534218
-0.024921395415319 0.00719769659411264 -0.117448548182766 0.522982413412333
-0.0322044548828953 0.00323357976577647 -0.171144510341741 0.480688836185647
-0.0330467058652982 -0.00873558064913635 -0.135513055657472 0.355229205011935
-0.0221001698560605 -0.0153336847043238 -0.0959889085866136 0.243694810355415
-0.00915937761593691 -0.0247840702466125 -0.114485827500702 0.148052972290182
0.00369343826861731 -0.0205867163617222 -0.19264605679956 0.0529896362050638
0.00102941461924123 -0.0105898760966673 -0.253877901531222 0.0957949491632872
0.0164567411972344 -0.0214592064757167 -0.398814788960278 0.254390618361568
-0.158815356914403 0.0133802347577171 -0.446790186634528 -0.330967654423126
-0.201375875976662 -0.007497373273389 -0.349040919831784 -0.246881549468194
-0.186558686002683 -0.0533701050834273 -0.149442200426192 -0.236459122818091
-0.206076861511948 -0.112693894993959 0.0681338341873114 -0.208835448162484
-0.153377144326519 -0.17096990918451 0.212979445407913 -0.11166200699669
-0.0708351973061787 -0.196138758910176 0.199403718361496 0.139895287465026
-0.0242058793057432 -0.223338109630674 0.0569458714361745 0.412906216497337
0.0143175040440756 -0.206769118506886 -0.114216668874728 0.489247544966537
0.0179329137290157 -0.178918915173392 -0.164583640945594 0.468342927639269
0.000259556962651536 -0.155196659372077 -0.131313584353564 0.36415065426199
-0.0321224445075613 -0.145967783300435 -0.0886507510732457 0.264341639230652
-0.0344767969714968 -0.151467493018727 -0.133405109952972 0.162525700501086
-0.0618280185813105 -0.124848871830451 -0.202891962017022 0.0779982439921513
-0.115262519964029 -0.101548816824603 -0.243771660464873 0.130878839792576
-0.127360631377082 -0.0605178242000505 -0.363282400383844 0.284648263113942
-0.286144042482197 0.0333665079375622 -0.341042036431385 -0.376378548519716
-0.356082690646247 -0.0254408480130321 -0.251513016743516 -0.293859335818787
-0.346364022028947 -0.105339181131582 -0.0771927880846484 -0.277532716061814
-0.357392737604499 -0.222019131577092 0.110197516874031 -0.244912326104867
-0.257557333293805 -0.335746438247443 0.215032622050268 -0.150246721354159
-0.102582082053823 -0.381936822327263 0.18268655298132 0.064665763273633
-0.00400492393003519 -0.416007677553321 0.0429078591320485 0.312069719304705
0.0514773496826547 -0.39127005330976 -0.0930551925834096 0.37540406854854
0.0493104412762871 -0.351500572967924 -0.137907091078554 0.403019963868745
0.00607534587601457 -0.313994815012085 -0.116284320589329 0.356586829937694
-0.0823208526359853 -0.293181592320863 -0.0772234247119489 0.289214442836215
-0.111509466430045 -0.280487242467784 -0.152726058835957 0.198232417976261
-0.167241371130018 -0.211885905285879 -0.205073052139386 0.131418016998698
-0.245060448814926 -0.16175681256704 -0.209332808549788 0.194780761679019
-0.262890912184779 -0.0801447525829807 -0.275472047594369 0.333085658276874
-0.361656476199589 0.0281392167424809 -0.175066941031099 -0.409509205986298
-0.446308980943173 -0.0747559841593318 -0.101322697353472 -0.327779488706223
-0.431003624745503 -0.186085590745262 0.0337128762725256 -0.297205557504971
-0.422518402585404 -0.334081889303388 0.163608947064803 -0.268800197645829
-0.2800225560448 -0.465632198780423 0.208753162086419 -0.19844083670225
-0.0846022302515776 -0.507115497794075 0.162619712970204 -0.0489579352266257
0.0353474250939696 -0.532842604998554 0.0387014929588931 0.147835848683891
0.0767190778191899 -0.51303818266584 -0.0610562837155284 0.200376468037188
0.0519008245035894 -0.490269435378635 -0.109602316554878 0.275549362195252
-0.02743139954049 -0.461222669211366 -0.10284279682457 0.3038742042075
-0.181317243017953 -0.421441926130058 -0.0661155545702718 0.291562692039937
-0.24483607251402 -0.370668556230707 -0.155124071242337 0.244414920121738
-0.302552021168448 -0.247028913956532 -0.169586089825665 0.200304898248286
-0.371056728243168 -0.168431717949217 -0.130057985400435 0.266250499079973
-0.371127929831558 -0.0692079575522438 -0.137545226180023 0.382805038577439
-0.374636803695563 0.00474743578892986 0.0157697162096162 -0.412196269924185
-0.449007618129453 -0.133809997351274 0.0667580817497393 -0.322915464398892
-0.409523589120909 -0.255379550628999 0.156480205809168 -0.265751838252778
-0.370700611158913 -0.397804531737485 0.215139504735729 -0.259559378856677
-0.212510780763084 -0.508557123098303 0.199716402650638 -0.236651030085532
-0.02289773556181 -0.533583736931966 0.154196740790936 -0.170036714945992
0.0806569254927978 -0.554573920381035 0.0573296914899019 -0.0428092874231272
0.0909934979384202 -0.559559597186734 -0.0219928310908323 -0.00802646650447496
0.0336875464133317 -0.565890484658099 -0.0938535683623635 0.0960422786364136
-0.0841852394162347 -0.538458460327345 -0.116447239443585 0.194960861670044
-0.285040581599247 -0.471211191511164 -0.0768175813639654 0.257282338591211
-0.369891370038473 -0.372996600303054 -0.135950499032474 0.277727732020368
-0.40789005703306 -0.21214391396604 -0.0910354118387775 0.253894093099985
-0.451633362112765 -0.123687728179018 -0.00682968011738113 0.316018229251272
-0.430533593146602 -0.0367201847597258 0.0353926132457838 0.411825137204392
-0.325035614531557 -0.0229173732209097 0.196374418152712 -0.380882863667181
-0.368810453594084 -0.162812315069884 0.205818408898206 -0.272849018503592
-0.297519258685837 -0.267432559952586 0.242472079402288 -0.1868235497329
-0.235411570024086 -0.365319170075072 0.236211936745027 -0.216834738879972
-0.10089465121175 -0.435126662917012 0.186100628828044 -0.247076496617002
0.0391375818490839 -0.454640533939248 0.162688716746906 -0.26469119331456
0.112895656514096 -0.48641736466109 0.10014778281107 -0.219788463597309
0.094090227795113 -0.5213108166974 0.0207402677492091 -0.218079562067808
0.012491636460633 -0.54827564099109 -0.09620701065623 -0.104938450031468
-0.116758359304494 -0.518039090989693 -0.161497647877154 0.0565101679899751
-0.321900877712386 -0.422467647236277 -0.117008900250949 0.200014052798855
-0.407190417242297 -0.298729274724247 -0.108851244574447 0.282056315968511
-0.426100722140895 -0.135135270453085 0.00513904136731917 0.272156552705316
-0.452742408592989 -0.0567469321850095 0.132542016151801 0.32676063435966
-0.423798720185569 0.000563511921882538 0.216456162748887 0.413176057484609
-0.227196461806298 -0.0328660625814805 0.334315581048304 -0.324809432220842
-0.245380772819266 -0.140680454262323 0.287255889774334 -0.203500281212658
-0.161066691283742 -0.204649778537492 0.2646138957806 -0.098992791056957
-0.098767238462644 -0.246179839139523 0.21640418283606 -0.166969657051049
-0.0128303962184885 -0.282488995394148 0.160977429328202 -0.233637754515953
0.0656306884611473 -0.308396550881246 0.173847396708098 -0.311817509139882
0.113609861284214 -0.350003863036556 0.150313000702564 -0.35293923383764
0.0834892382127045 -0.401186777520626 0.0635010606722263 -0.396444509171211
0.00536192736033468 -0.436939338946539 -0.104885645380219 -0.286571641689298
-0.100520402769238 -0.403739122492578 -0.216019871568227 -0.0737682153825828
-0.262219094757159 -0.30574219143898 -0.169818068731883 0.143720723331027
-0.334564076543808 -0.192566784393049 -0.0883646603400502 0.263305162113225
-0.343138749237495 -0.0635985433652679 0.0850334147290293 0.261427201719761
-0.365779828511086 -0.00985953073433354 0.249052673006984 0.309209932648616
-0.345282749428057 0.0189844820685846 0.369809694719118 0.392653046679025
-0.101097089261022 -0.0215803847184269 0.409017637410145 -0.274809719731783
-0.119222744243306 -0.0699278391612953 0.31344687698688 -0.154013123008725
-0.0586477238752401 -0.0989693452136294 0.244750510443532 -0.0434746313851803
-0.0215876144529264 -0.103400951870993 0.179286781995768 -0.14061046677091
0.0208104661905557 -0.125699276711035 0.131298745911922 -0.217114076068916
0.0491298642620992 -0.152750584844789 0.177366336940299 -0.326042409076246
0.0792211648611851 -0.182530158023143 0.188220056651702 -0.433920168112767
0.0561815529135108 -0.220194418454178 0.0935039600027768 -0.517086860268092
0.0109787789836424 -0.24694939090335 -0.109943273706381 -0.415772827793424
-0.0420941901754896 -0.230012486254381 -0.256803449686261 -0.166856221534807
-0.13300776089828 -0.159890852443248 -0.214627803486408 0.103217594617869
-0.18741749900207 -0.0909752672730643 -0.078054945510667 0.23809172711358
-0.193930617845337 -0.0216132465783206 0.132248738584199 0.245682241805996
-0.214983374346242 0.00913247594011304 0.320904611569076 0.285396395460169
-0.205800430177478 0.0171399794860677 0.468336350960043 0.362211973629253
-0.00290646912709815 -0.0272407414009657 -0.494775661869763 -0.291774645812547
-0.0171788876447638 -0.0180769575497119 -0.393977025048147 -0.214770060836515
0.00467123075798425 -0.0311683400398182 -0.185453761996626 -0.201097342026345
-0.0139851657068347 -0.025552832953445 0.0348041624783981 -0.185374176462582
-0.00259479950703951 -0.00869148847239199 0.198109931561293 -0.0961640048789256
-0.00123445451244837 0.00983338116120211 0.206072080754228 0.16365051823699
-0.0253638737882948 0.0115398808500757 0.0724684243494524 0.437872345728231
-0.0249241681543413 0.00740065779366513 -0.114292947608894 0.532143838151966
-0.0321460919055523 0.00402741052628058 -0.170630447785069 0.487819977169335
-0.0339146143194894 -0.00857013062164767 -0.135067121504528 0.361583971284747
-0.0227619304276655 -0.0154473682527542 -0.0946295876036346 0.248797887144168
-0.00933072866993264 -0.025144393737472 -0.114813554951679 0.151633531419117
0.00375303873938628 -0.0211072776590894 -0.194369693026638 0.0559687806059303
0.00115799235705118 -0.0108311232981864 -0.256000946809318 0.100067579026847
0.0162612536595035 -0.0224322342285202 -0.401757360942322 0.262017273556171
-0.160730054585134 0.0145638143459904 -0.458554216814485 -0.329305084890774
-0.204597172916884 -0.00546408746166239 -0.358422040038512 -0.245246219058388
-0.190081894240622 -0.0523263326646491 -0.15445435816759 -0.238536373351897
-0.209797361096887 -0.111661090468486 0.0663642659637772 -0.213676342430927
-0.156511627953189 -0.171810840950104 0.215427410976648 -0.116809925470054
-0.073748870878446 -0.198331369379764 0.203952595027621 0.138925905573157
-0.0261940419660301 -0.225921343417255 0.0621627153525242 0.417743541124366
0.0128161578198427 -0.209994765449892 -0.110897070666764 0.497400528399039
0.0170170100302666 -0.180963366531439 -0.1633177058866 0.477145156040361
-0.00120877066815106 -0.157042386911871 -0.12980614942453 0.370534152754316
-0.0343076364103704 -0.147130295123501 -0.0875505832827141 0.268593685654949
-0.0362271795824603 -0.153387557231975 -0.133123141200065 0.166808645040608
-0.0640998067129965 -0.125939616926721 -0.204366328394571 0.0821544306884151
-0.118033778193005 -0.101197481730741 -0.24541130244479 0.135329981054937
-0.130160860154378 -0.0600958204429682 -0.36501167205474 0.292059518050927
-0.290502973827583 0.036168893348954 -0.353083001311791 -0.378434353878533
-0.36241228313117 -0.0218323712620028 -0.25951253053263 -0.29556155173889
-0.353376811169345 -0.104017720477932 -0.0812562526095828 -0.281911100563239
-0.365336501412516 -0.221003841640226 0.109328991772892 -0.25077825857975
-0.265493423570489 -0.337641445872311 0.218033608903937 -0.155153610116225
-0.107689709914879 -0.387664206087389 0.185811420767775 0.062715802861633
-0.00702202436242329 -0.422550857971079 0.0467435617963583 0.316267333723338
0.0480802818200661 -0.39537442776843 -0.0905408861969945 0.382127980556665
0.0467423633173267 -0.357395545037621 -0.137841872791029 0.41098255149991
0.00374548575515872 -0.318779787773066 -0.114611937181744 0.363884092874598
-0.0866713909873005 -0.295876402775919 -0.0750227840316437 0.293177492266066
-0.116908177796394 -0.283986278770019 -0.153183725464767 0.203660661603478
-0.172853025767396 -0.21275974611333 -0.205522062067557 0.136101816060517
-0.251442409448688 -0.161146713308805 -0.209901105749088 0.199490773900744
-0.26765493887439 -0.0772391571344483 -0.275425608458093 0.340186424176742
-0.367337297393593 0.0324105063290208 -0.183263153179637 -0.412849556932367
-0.455379063567003 -0.0709022026274923 -0.107543843749647 -0.3307428626871
-0.441298734811976 -0.184264285356375 0.0319303703147121 -0.302582798996253
-0.431629782868233 -0.334878304403311 0.163479588198271 -0.275827287548419
-0.288848010889054 -0.468826592970727 0.210251840100719 -0.205088493419698
-0.0910732112318566 -0.513095596146979 0.163586200886412 -0.0522690997902121
0.0301876848550053 -0.5409530534453 0.0406359987305971 0.149391971233567
0.071574824132229 -0.521936287793551 -0.05977991429676 0.204236073842624
0.0484458455170522 -0.498290632600972 -0.108966399842597 0.281237874539768
-0.0316092683616907 -0.466207974779593 -0.101789865637326 0.309280316362412
-0.18920903330795 -0.425255670730544 -0.0636921940922787 0.2958817676381
-0.252806831711994 -0.373964667969279 -0.154349826747152 0.250215759148759
-0.309931034301627 -0.248159874779528 -0.169349757008421 0.20534447153632
-0.378968943927201 -0.166692366585949 -0.128870239173131 0.27114190220248
-0.377886542951493 -0.0657796952022336 -0.134110856078187 0.389589339575637
-0.3809986650852 0.00721499638071875 0.0100238505567215 -0.418261298092315
-0.457913608998912 -0.129684964388966 0.0641867767368921 -0.328193654572768
-0.419677989766331 -0.255655856701991 0.156658131504407 -0.272541938858546
-0.380473086511859 -0.399739645650356 0.215137795609268 -0.266930858513161
-0.220894985457691 -0.512041305560485 0.201294996269932 -0.243365842949309
-0.0283874111474354 -0.540098805061124 0.154656269063604 -0.175533874387986
0.0760050149740843 -0.563156993449737 0.0580693055949969 -0.0442415639525025
0.0853683085042785 -0.568885656250781 -0.0215742090261613 -0.00778040995154351
0.0276432960472139 -0.574520149167328 -0.0952735157774575 0.0994947849786973
-0.0909259868909088 -0.545688884061981 -0.115889564380888 0.199767190452187
-0.293441613199108 -0.474407528557174 -0.0753975084572352 0.260870894566218
-0.379874660566196 -0.376897764679255 -0.135338032232396 0.284642036296555
-0.417421488794136 -0.210537638130323 -0.0889574864884864 0.258506483481869
-0.460428246717262 -0.120443592028863 -0.00371752526700853 0.319654651092005
-0.438133453331638 -0.0307853971332923 0.042127029850007 0.416056658113137
-0.330390234492292 -0.0203823512240149 0.194037738921685 -0.388186541616185
-0.37769905147226 -0.161598280484946 0.205826809581082 -0.279571839523334
-0.305562273394452 -0.268508209994537 0.244483877458191 -0.193879258878925
-0.240969499879759 -0.367740200460861 0.237152181559594 -0.223936681304214
-0.106249246205304 -0.439668252258326 0.186222063982318 -0.253586071015074
0.0343411746043772 -0.461845041602276 0.162570860474886 -0.270925502405624
0.110415075116515 -0.494546616683994 0.0996059614806122 -0.223989437386745
0.0898560956617117 -0.528375925678408 0.0192768747047681 -0.221905180720121
0.00635276351808931 -0.55720694132438 -0.0988327134247023 -0.104932167201538
-0.125261423311988 -0.523866119806667 -0.163035386341211 0.059843860462472
-0.330918382406348 -0.424808700108832 -0.116725869970973 0.202841817282143
-0.417861502020742 -0.299456686725662 -0.107058279305086 0.288806434088253
-0.435651817111271 -0.133098345025978 0.00890796307073414 0.276638717403218
-0.460643316110287 -0.0535794343160981 0.138953568291935 0.329580754338836
-0.429892153495754 0.00536179430295252 0.226029045143199 0.41591616616349
-0.231030164009604 -0.031960197517708 0.333905451383259 -0.333374761698564
-0.250374499959274 -0.139930848335584 0.288838988152162 -0.21019113293068
-0.166556372017018 -0.206314649469767 0.268091523523655 -0.104637493328548
-0.102425468028039 -0.247970967518945 0.217187577919353 -0.173817960067613
-0.0160837712290505 -0.286073388624365 0.160752836788265 -0.239008595739962
0.0633211906874327 -0.313802228673672 0.173605520966834 -0.318667239408828
0.111944098859424 -0.357136502395385 0.148553292236 -0.360317898621848
0.0797642233244506 -0.407328111940042 0.0603533338226203 -0.403409260815982
0.00200709050548287 -0.443284973027956 -0.109843953669104 -0.289340885990073
-0.106728096247542 -0.409211670236552 -0.220405286083218 -0.0718849506313
-0.269645411918388 -0.30782865004807 -0.171509811072292 0.146589157264163
-0.342257334986388 -0.192606090296212 -0.0861449142521518 0.268931132778069
-0.350761777508214 -0.0610543377812044 0.089432025844554 0.265038057739098
-0.372585033606786 -0.00581907078610246 0.256766249506795 0.311844050783133
-0.349931399269298 0.0238269622451205 0.381247754281317 0.39336888479593
-0.102863224920919 -0.0214110017796321 0.41105825135189 -0.283201855868622
-0.121587472351428 -0.069764340159791 0.315616260462138 -0.160226251598083
-0.0613627226084244 -0.0997786223149171 0.248874319943693 -0.0484162927544883
-0.0226105499069203 -0.105103891905792 0.180007167252673 -0.145747584291014
0.0198053601234263 -0.12736018065449 0.130415967106302 -0.221718632807754
0.0481184340458349 -0.155647262533765 0.17623224798078 -0.332198746882698
0.0786335785936318 -0.18674265965297 0.187026783559032 -0.441568999084404
0.0545254565718499 -0.224170555089912 0.0905513269008156 -0.524903760540593
0.00862290570979317 -0.251213597323184 -0.115502757909502 -0.4181390788391
-0.0449885461182758 -0.233144567478162 -0.263171213461866 -0.16681384513485
-0.136545811934824 -0.160849600843681 -0.216447264811816 0.106198696333375
-0.190907314742843 -0.0908553335982898 -0.0770091958990766 0.242738131693252
-0.197225447842522 -0.0198111322472994 0.137714271088952 0.247987319486653
-0.218913669826975 0.0116318137715767 0.329716231993324 0.286236830909205
-0.208838946539433 0.0203914960841234 0.480871497773031 0.360317386270887
-0.00892976421705781 -0.0241231835186372 -0.424631563537336 -0.386727768661129
-0.0179423380276958 -0.0167230602025633 -0.350224224106939 -0.290923201384507
0.00754217933270612 -0.0290627007564763 -0.142859938372597 -0.238630750682907
-0.0109640865780625 -0.0290262723700336 0.0726603831814372 -0.181385624841728
-0.00137272658979776 -0.0136041060506768 0.216619307028134 -0.0572741699159497
-0.00040650184110372 0.00833142446859192 0.17337352392262 0.204674417279284
-0.0263667756929205 0.00819754283852705 -0.0158841249376319 0.455069810412663
-0.0257045410819131 0.0059762269110351 -0.225864533066049 0.507400788323479
-0.0328796112371946 -0.00251532478627823 -0.268170636749116 0.456115779352325
-0.032654185228445 -0.0134778096690737 -0.206082297104022 0.334588525294291
-0.0200987751087225 -0.0185784917997707 -0.141821982599066 0.22911405727377
-0.00666007735840539 -0.0266164727456048 -0.142625952983004 0.129378966748045
0.00649907964038865 -0.021201128700418 -0.203952707626913 0.0187176602405636
-0.000541841504887051 -0.0105675074990413 -0.272393952148497 0.0467960732491347
0.0179602142689239 -0.0157046547148133 -0.457492946239036 0.173637456933428
-0.171857162944181 -0.0193803099210107 -0.389460224148783 -0.417449091532565
-0.203145240496147 -0.0446110985278592 -0.313643949887766 -0.31587175657378
-0.177243680033038 -0.093241465270445 -0.11579840262461 -0.271269230346909
-0.183308921225375 -0.152884971709049 0.10042321427618 -0.213277069795259
-0.116980492924383 -0.205935074363002 0.228478140876687 -0.082528816430658
-0.0264727447116355 -0.213788178317465 0.175259596708017 0.173767598467385
0.0230584593096727 -0.22536501689706 -0.0172914477856387 0.426430918565946
0.0637224501918027 -0.19947676713943 -0.213706194334644 0.473948280320652
0.0574556864797483 -0.17502586113265 -0.259345897937833 0.449391859991171
0.0327629244021404 -0.153761551846231 -0.201986393331501 0.347994035416834
0.000423081720851731 -0.152707159722381 -0.139132879952224 0.255041397135853
-0.00680784988785121 -0.160367571653365 -0.161173638671239 0.147398370056663
-0.0356130240134843 -0.141868086224531 -0.218036440656029 0.0450871675100664
-0.0984740716640016 -0.128253323801868 -0.263997943824979 0.0875408255997375
-0.122165746327279 -0.0898086389971308 -0.422675318838234 0.214822303473197
-0.301644226361789 -0.0291399020387422 -0.279103119105188 -0.44269464191912
-0.353263045883421 -0.0951533971571841 -0.210834488022391 -0.346018218294347
-0.324910947695999 -0.180616765863564 -0.0439021575237703 -0.303167644417935
-0.310672722752652 -0.291613707927364 0.143914839256727 -0.252505592149861
-0.185397991530229 -0.391503673841661 0.232183725022967 -0.130123289206542
-0.0192853703973952 -0.406871124618358 0.172494912373779 0.089330085891895
0.0838996905647829 -0.414780981810745 -0.00624898698554755 0.31712439313615
0.143946999946992 -0.374791146653472 -0.169077326410801 0.362742034252087
0.126982876819102 -0.341320552599401 -0.218179850542253 0.390713045099527
0.0745935999226556 -0.313371685953969 -0.181668568007745 0.34696479247216
-0.0151602919633081 -0.31407311427562 -0.129669304579587 0.286980279819171
-0.0586587028478245 -0.307732381247232 -0.181101688333206 0.185404189122772
-0.121856750134975 -0.255111084903904 -0.227942564270358 0.102030511639087
-0.217561906934043 -0.217778417538444 -0.236927723755654 0.16090488992073
-0.257830535448575 -0.140535067084596 -0.337431255394317 0.288193990338587
-0.374387411953264 -0.0543816407920602 -0.110536371067982 -0.443458137084252
-0.431918544561275 -0.165444822466121 -0.0536540272390642 -0.35408902308973
-0.389963647983727 -0.279384211593344 0.0670423416032913 -0.305824941340651
-0.353984884961906 -0.415756830045696 0.202245858568403 -0.276119405446194
-0.181677215216057 -0.524856339977326 0.233225747858993 -0.18752718723287
0.0240265035611612 -0.529670445580678 0.174998119130671 -0.0332658809581808
0.145751243002903 -0.522940452239295 0.026208817632797 0.146076061017567
0.197193265388418 -0.495339650083474 -0.101702792889316 0.191258005489123
0.160124088269489 -0.482380581775268 -0.161912784303225 0.269111108215628
0.0718173862967049 -0.467932748371287 -0.155059909370652 0.297770837392036
-0.0847395888604213 -0.46842348761758 -0.116163319260762 0.296033661383241
-0.174517008083686 -0.427398495460912 -0.183280102428854 0.234450478412843
-0.250274514247889 -0.322731303685899 -0.202360386278831 0.179343083061461
-0.342688337942406 -0.252233567406885 -0.166239730479873 0.249619129426182
-0.371760898845601 -0.155068109962964 -0.201935299920231 0.369142611016856
-0.378829565717392 -0.0852190453614018 0.0813058693975159 -0.409818634826188
-0.421836486535737 -0.226187506914249 0.115849226776358 -0.318894327144879
-0.353292178097882 -0.344498104279971 0.187150758345518 -0.255610464972985
-0.288053585039107 -0.468526833120153 0.25837024327374 -0.258096690339922
-0.106896681290329 -0.553837270798976 0.234680023915819 -0.230733343400714
0.0903231190379134 -0.542640938161691 0.192559440038441 -0.158454375259773
0.19570099653647 -0.536813558809314 0.0842594068070108 -0.0440654888298347
0.222743802603048 -0.539415331420632 -0.0190546123342692 -0.0134181663816091
0.157533929624364 -0.561270891276963 -0.110012060761773 0.0905987566652439
0.0326278817231918 -0.561689727798876 -0.14573220358163 0.185749895634091
-0.178679579339993 -0.543052043396372 -0.117414415621504 0.260736410541161
-0.300985403251159 -0.455850961405347 -0.163510976984616 0.269771170769273
-0.365310239873507 -0.310731277550949 -0.129720537247965 0.2478843245936
-0.434314783101936 -0.221678663005709 -0.0480535839939792 0.320777679983184
-0.440191102634545 -0.135105772953921 -0.0286083183994257 0.435628070075673
-0.320641321225668 -0.102807546784024 0.257923109750615 -0.342370483987788
-0.335733942933893 -0.241184636687948 0.24915484466268 -0.242256651242138
-0.238735785437889 -0.333349495102865 0.265255115066012 -0.160927634324788
-0.161137556899137 -0.410059641562431 0.278481366430312 -0.204895105028273
-0.0116125275712514 -0.454916098138448 0.228692138213511 -0.239647058789087
0.135440096288636 -0.450812784309307 0.220722459132458 -0.250097957279827
0.21242422963635 -0.462675712438021 0.161622519250995 -0.21377780478696
0.216091704605583 -0.501575345810663 0.0667292551370254 -0.218309894750818
0.134006344739925 -0.547181830643059 -0.0728498763421438 -0.115770462941937
-0.00695842761804246 -0.549205692928104 -0.165348160017913 0.0358006687341595
-0.225946168278154 -0.50461379538121 -0.146528767339031 0.193512437619025
-0.355669013771437 -0.388484794020514 -0.136710305039217 0.275649461659337
-0.402496576038163 -0.237832787414328 -0.0352846723620328 0.282885944189934
-0.449442246983659 -0.15462157748207 0.0904744041340302 0.357354025411895
-0.438559387559755 -0.0958039014349833 0.154324200724853 0.47299688279662
-0.218276819661587 -0.0933894826420575 0.387107453544135 -0.260548398451883
-0.215226740926906 -0.194194151545882 0.322317158937971 -0.156522484147799
-0.115347553073904 -0.241841460296485 0.278396866217826 -0.063274271797548
-0.0498374520558939 -0.264973614733217 0.253001365233639 -0.148243501853485
0.0432446705508694 -0.285655351078114 0.206861495502808 -0.222209451789357
0.130271422706957 -0.299277942070933 0.241246984514739 -0.291557252277923
0.185545097841272 -0.328676826878945 0.235787112747442 -0.336760100173922
0.176034274341209 -0.384222615921902 0.14546099164408 -0.39103735833912
0.101995080905089 -0.438369110165328 -0.0471878747537765 -0.304669681958458
-0.0143028748450864 -0.430932887892973 -0.198447619891175 -0.109084812098012
-0.194625095226175 -0.371910033898214 -0.191261311916779 0.122863480010672
-0.30371638855191 -0.264338457123782 -0.118187504899754 0.254484934209181
-0.335388777167956 -0.143997359590404 0.04593139704329 0.285748178892542
-0.370617014817706 -0.0866182721401429 0.207601453213425 0.361546887898382
-0.359443266819779 -0.0568115353328349 0.311363197298919 0.482773838671623
-0.0941538197815471 -0.0550814145024738 0.45622836183339 -0.194413787751826
-0.104110195043299 -0.0980036743356174 0.340629725004527 -0.0985764754565004
-0.0361771289767367 -0.114523756093307 0.253202966958319 -0.00498007986373944
-0.0016434177543387 -0.109653291850742 0.211142190866359 -0.117682288770266
0.0441217228630558 -0.123173324590772 0.175658621341843 -0.202304986306514
0.0797672236390614 -0.146455720731173 0.245467048509286 -0.30088896152239
0.117197359759728 -0.168461546243013 0.284746390597971 -0.40765047144211
0.106795090643463 -0.211220213627102 0.202404494963613 -0.506751949728153
0.065136337701349 -0.246148448927714 -0.0293829522222696 -0.438575497615698
0.00530387202693596 -0.243343408623496 -0.225111265195947 -0.214272628674483
-0.0986357309726458 -0.19425790163232 -0.233259131390679 0.0684868381249704
-0.174896102320246 -0.130195740683872 -0.113169843666387 0.227705710025723
-0.192801610530498 -0.0650603590731906 0.0928131032288749 0.276963683751626
-0.219198166311859 -0.0326970908198951 0.278545243886576 0.348659451528533
-0.213016095126336 -0.0259745825965416 0.411460108379608 0.468064202448446
-0.00893611999429925 -0.0241418036769204 -0.438272304332948 -0.384070720821337
-0.0185636099650942 -0.0163669399730489 -0.360802357555947 -0.288834351197273
0.00762198729758114 -0.0296714251175705 -0.148500197209906 -0.238869738466588
-0.0111354247562503 -0.0289394647042525 0.0705964127275906 -0.184682419598333
-0.00167976891577339 -0.0138347523182113 0.218514724852767 -0.0620841098739015
3.80563125996127E-05 0.00855372295886907 0.178978719359445 0.203902899892435
-0.0261160565544311 0.0091587656552017 -0.0102463123022608 0.459698305317836
-0.0261664386894091 0.006530107473226 -0.22212503330146 0.518064478193956
-0.0327843816930105 -0.00193714352954174 -0.267282397012974 0.46393230513757
-0.0336487530441575 -0.0124543417129174 -0.204147259869261 0.342179958846814
-0.0212800706632084 -0.0183384070856089 -0.140099725546609 0.233815995775977
-0.00711538090039992 -0.0272932024029782 -0.142351825930784 0.133083508873184
0.00597760015171153 -0.0218045855212678 -0.206261835137553 0.023442509926518
-0.000459328402321615 -0.0103161534211477 -0.274687578189543 0.0513255216834748
0.0175722597851917 -0.0161102267795738 -0.460449424024782 0.183201175337457
-0.173926654033233 -0.0171950469985812 -0.403024911470526 -0.415948046817476
-0.20634348407914 -0.0421371375853293 -0.324285543048309 -0.314208331036722
-0.181700710517969 -0.0915450930777362 -0.122000328102489 -0.27286944408344
-0.187651557868854 -0.150755622019814 0.0984864169585931 -0.218321104576533
-0.121457223882396 -0.206673092243884 0.230715587418264 -0.0880561813579636
-0.0299194259601658 -0.216122808016886 0.180990052670273 0.172908008676065
0.0203345794079382 -0.227893080981225 -0.0106771158140352 0.431634045455623
0.0615071213737905 -0.203071097084967 -0.21019518207976 0.483468948591616
0.0560404115881676 -0.177222774241883 -0.256934485343667 0.457866379484516
0.0311994591964102 -0.155370381518629 -0.199622978049114 0.355338195025212
-0.00233994201002829 -0.153767288082548 -0.135796863996306 0.25973041999516
-0.00899213104223067 -0.162541860478746 -0.160398642465984 0.151860744201328
-0.0387388838490763 -0.143287693636554 -0.219266638617857 0.050349811745455
-0.10187109407047 -0.128034186943707 -0.265244447205725 0.0926489972872657
-0.125820657170975 -0.088975442280266 -0.423562273950713 0.225367949578962
-0.306069329441587 -0.0259696319386486 -0.291382680427655 -0.443153847894959
-0.359214135890526 -0.0908453163491659 -0.219205561420428 -0.346248276770989
-0.332295924226227 -0.177642800402014 -0.0495604028188636 -0.30692333497324
-0.319074884822288 -0.289423322673586 0.142201753287549 -0.259534946000298
-0.194337020491425 -0.39329520073855 0.233434490747936 -0.136341524838865
-0.0253703995164324 -0.413147254489471 0.176352187269914 0.0868131644461099
0.0790816353504033 -0.420530640889416 -0.00140357977835762 0.321073272234101
0.137907582057756 -0.38254316185191 -0.166590351492555 0.369388053161105
0.123454112995277 -0.347093946864077 -0.215687908107575 0.398040205337386
0.0702998765085687 -0.318430812791869 -0.179346344963884 0.35422465565411
-0.0208581688025087 -0.316845204676979 -0.126677015313838 0.292796911403805
-0.0638156915200143 -0.310591296444245 -0.1799295904734 0.191161854106134
-0.128240109720484 -0.256344004925379 -0.228522054910132 0.107550364432557
-0.223947352756724 -0.21692759752619 -0.23689871993538 0.16698926754742
-0.262666518661156 -0.138530535764443 -0.336358028358515 0.295402443410085
-0.379569832304128 -0.0502100775273954 -0.121086733469367 -0.445860062455159
-0.440754846227778 -0.16031489310546 -0.0613225101920533 -0.356936308212165
-0.401351228140845 -0.276825760305826 0.0642602041263961 -0.311912860820767
-0.364205037149626 -0.414564058318916 0.201325048493324 -0.283551267724097
-0.19168637587591 -0.52799722258721 0.233951761930757 -0.194667015738334
0.0178560878617266 -0.538201953762632 0.176457995180322 -0.037520779497617
0.140217467512952 -0.532878069096693 0.0289819807733848 0.147769400910012
0.191816926082923 -0.503052149361697 -0.099641385061814 0.195227123237807
0.154674377473917 -0.489262635406997 -0.159945917808875 0.275478350936806
0.0662093286756727 -0.47495800708472 -0.153295971860143 0.304427308573653
-0.0928110557965465 -0.472640795055649 -0.11286514472031 0.300357303071278
-0.184321523268511 -0.430969532155892 -0.18170824577513 0.241264400543612
-0.260257055346949 -0.322112989139622 -0.200911237390207 0.184982137314859
-0.35265999137091 -0.249477596889018 -0.16333001342395 0.25436152063337
-0.379243174396013 -0.150462471457203 -0.197660674284315 0.376845903460664
-0.385039088141312 -0.0807980639984846 0.0728099664406073 -0.415811555705026
-0.432234570222974 -0.222581658385796 0.111005380899659 -0.323866637053728
-0.363241387152742 -0.344577672672771 0.185793572611706 -0.262908762988965
-0.298152673356395 -0.470055254841815 0.256994467518876 -0.267199142586142
-0.117335327669923 -0.556263818039206 0.234734562605068 -0.237889305517404
0.083167970852009 -0.552227884942468 0.19217293270627 -0.164058198248678
0.190628762267412 -0.546745218050297 0.0850503068399837 -0.0455173423612144
0.216031784123525 -0.548751555024483 -0.0192675397824561 -0.0128148496704717
0.151220009952254 -0.569131291233216 -0.110127536250695 0.0942841185450222
0.0240341772618593 -0.569677760222254 -0.145175599632213 0.190577955182675
-0.188724426941083 -0.546602018869924 -0.114507074038202 0.26466551999785
-0.311817725415817 -0.459007835666261 -0.161750541259283 0.276841480578285
-0.376073826247418 -0.309283252776095 -0.12647157649076 0.253626830757546
-0.444805411020915 -0.218108122246721 -0.0427447734595556 0.325239238988584
-0.447767093591388 -0.129227038076781 -0.020419122510466 0.440395441239067
-0.326451630531633 -0.100318663779665 0.253079869374 -0.350352810647147
-0.344139312897729 -0.238633272297504 0.248063149528535 -0.250399372416157
-0.246459370527481 -0.334846853054316 0.266827608990138 -0.167697045448827
-0.168709319682241 -0.411766557035792 0.278427249230738 -0.214554023864397
-0.0187674586771155 -0.459569857292886 0.228432573109476 -0.247205627096624
0.130953677066864 -0.458848339127578 0.219316568457202 -0.257233899768853
0.209384600453701 -0.471827289005914 0.160912338178515 -0.219091616492647
0.209791032126771 -0.51051450000419 0.0646542584482339 -0.221651729436769
0.126661802606874 -0.556724902958462 -0.075417438588058 -0.114416328825304
-0.0164564415511902 -0.556758099955879 -0.16687202698065 0.0394980056547399
-0.238629904996824 -0.506583734905537 -0.144666941272361 0.197303839662672
-0.367907855786887 -0.388144386425998 -0.133678210223768 0.282091381753998
-0.411500965786278 -0.233253592190605 -0.0297225362273 0.286964175499957
-0.458912046161823 -0.149423251819968 0.0984277856191466 0.360359357383161
-0.44618760101343 -0.0894797871725311 0.166049492319283 0.475060695271338
-0.223145891441108 -0.0928491942222371 0.384554674204933 -0.27019685341921
-0.221047172404004 -0.193394082136279 0.32242382989917 -0.163561590947721
-0.121121036305667 -0.243140148752694 0.282227835286721 -0.0698924039372511
-0.0533805353675659 -0.267067077295991 0.25282201373727 -0.155362523798323
0.0396102010042845 -0.289595461293202 0.205829201171354 -0.228254529479046
0.127010539796187 -0.30466232958769 0.23998790497919 -0.29914183762785
0.182813881605293 -0.335305609454536 0.23416307050001 -0.344992574798918
0.171652199773574 -0.393041430755588 0.14198844444307 -0.397286852563501
0.0971499058401691 -0.444392975555694 -0.0525553272569726 -0.30665645274265
-0.0232983590774347 -0.437884373138766 -0.202666125689818 -0.106559941196576
-0.202632843656099 -0.372755664429025 -0.192114886651676 0.126140802899885
-0.312126900392429 -0.263325001630235 -0.115562885040243 0.260737770578631
-0.342103617538714 -0.140886320472456 0.0516903798067116 0.289064121537196
-0.37677513775381 -0.0814154863957221 0.217360722104019 0.361688242064993
-0.364860862207184 -0.0514352754334414 0.325140404195436 0.480885801701265
-0.0961145422164571 -0.0551450204500203 0.456711193591729 -0.204059279285415
-0.106742685064188 -0.0978356312168641 0.342209831297411 -0.105568846716005
-0.0388060436796056 -0.115759459288142 0.257121251900515 -0.0105851689256803
-0.00297040044710748 -0.110791981283024 0.211301193348493 -0.123649512941336
0.0426903513323685 -0.124847061929273 0.174876393315963 -0.207979442223556
0.0779351298667944 -0.149167916023518 0.244242637834321 -0.307281769517023
0.115185237013446 -0.173476877947288 0.282022310200381 -0.417650811674655
0.105486953126024 -0.215165805242856 0.196714807823427 -0.515099870401355
0.0625267939130176 -0.24962002403549 -0.0361975576229302 -0.442723424045763
0.00133295839324354 -0.246915396554245 -0.232577869006176 -0.213117004637704
-0.103158468355728 -0.19472730415185 -0.235545100174624 0.0723027383069873
-0.178920740040577 -0.128852883246896 -0.111408311797132 0.233277703164649
-0.196319953915501 -0.0631968579784387 0.0992261142339719 0.278871234465149
-0.223344660542664 -0.0301301585762931 0.288979436313985 0.349746512514827
-0.216315782449401 -0.022355284430611 0.426055932584614 0.465226389259016
-0.00971160975118687 -0.0243196509644076 -0.451388231971128 -0.378746199041673
-0.0188919144990223 -0.0165708497350841 -0.370901172014013 -0.283490320742948
0.00692748851929707 -0.0302509048659779 -0.155048741028846 -0.239001356262639
-0.0119013411933682 -0.0285316319497968 0.0678056341741227 -0.188372223869543
-0.00184509779343628 -0.0138737763065225 0.220119152831204 -0.0672492054284667
-0.000402359132112785 0.00824136323208293 0.184537676001468 0.201306223884617
-0.0265374636543898 0.0104924486815553 -0.00133388238704445 0.46413622819257
-0.0262145524508966 0.00742204359224461 -0.215417439954338 0.52665387909432
-0.0326919614296786 -0.000594435295476085 -0.262066792708139 0.472810143979911
-0.0341660288369278 -0.0113878505248214 -0.200931640574505 0.348248638065584
-0.0218321654366461 -0.0177651239306081 -0.137257676382241 0.238833116259398
-0.00737245932153606 -0.0273438467283273 -0.140909772846442 0.137741087344279
0.0058928381033214 -0.0218322568320171 -0.207202491324749 0.0274668935140445
-0.00111459670005979 -0.0101678517943642 -0.275756337095763 0.056765738854643
0.0172163170076728 -0.0173465905634979 -0.46067158253079 0.19342485436927
-0.176034913398751 -0.0145835234195965 -0.415505848715854 -0.410228276188975
-0.209654237741389 -0.0387636669618834 -0.334148449593381 -0.309433520634268
-0.18509386910022 -0.0897620087190748 -0.128339982738525 -0.273944481113159
-0.192109297320789 -0.149062711461978 0.0947862146204126 -0.222983088690138
-0.126484801344101 -0.20676353966631 0.231779860587051 -0.0933274632260511
-0.0345402729379165 -0.217755595393065 0.185505456704217 0.170119448343246
0.0167328219895411 -0.230078522922821 -0.00304084268839313 0.435746253635667
0.0576938219853439 -0.205679008670126 -0.203988134395441 0.490831340611129
0.054109380294674 -0.179187132943878 -0.251824213493674 0.465622247750329
0.0284610299937163 -0.156621136796624 -0.195503814057714 0.361781213562665
-0.00555096917895043 -0.154843507847417 -0.13233906442513 0.264025314859624
-0.0120228180117085 -0.164310051403863 -0.158834522672547 0.156734105984236
-0.0419825349921674 -0.144146889334924 -0.219947851220007 0.0555387641800617
-0.105841924529014 -0.126833845243422 -0.265866519848928 0.0983820752381293
-0.128115824315433 -0.0875133920706767 -0.421752147172604 0.234797529856785
-0.310125805836846 -0.0210880202771181 -0.305754994279946 -0.441685449945205
-0.365517697422057 -0.0849963842994419 -0.228875331177165 -0.345084224897882
-0.338873408742786 -0.173988892188956 -0.0553584952106668 -0.309249104021853
-0.327929694604566 -0.286634827057001 0.13835125541784 -0.265231943588191
-0.203818696222232 -0.392699754304427 0.233801616361657 -0.142629445708996
-0.0329271931514153 -0.415407414964649 0.17923087916961 0.0829642148138454
0.0739185584928446 -0.426163307382546 0.00435218726250592 0.323879473615298
0.133872339114885 -0.387274290193202 -0.161073703962649 0.376187046848217
0.118853786919844 -0.352388889089233 -0.211482817187767 0.405845634190927
0.0652512925053412 -0.322095128511556 -0.17488897584094 0.360718921915911
-0.0272119966889069 -0.318166316439145 -0.121751363843214 0.2966589825556
-0.0703908191715221 -0.313260013474864 -0.178344368277772 0.19740378178798
-0.134924564296668 -0.256509806548629 -0.227822379433649 0.11384021069293
-0.230766973276193 -0.214168967891486 -0.235304625796058 0.172156589316177
-0.268878222981261 -0.134447949662074 -0.332339276392748 0.305745018975806
-0.38397000634489 -0.0445173458212574 -0.132757548268201 -0.447734814308521
-0.449268155916454 -0.154272879831018 -0.0680466313242517 -0.359223818653816
-0.410605991324892 -0.272945967594659 0.0591236764875406 -0.316642120803076
-0.376519935679616 -0.411846117285837 0.197553308431134 -0.291009562151829
-0.203943307278642 -0.529475859255384 0.233059720201661 -0.201578222870597
0.00825221276557862 -0.543914188296004 0.17753863292818 -0.0419037472564904
0.132160062675189 -0.541140631274695 0.0321829876196018 0.148848877237474
0.184237087586376 -0.510971289261223 -0.0971129085961455 0.198598957197444
0.148747225794365 -0.496057387365266 -0.157538201411501 0.280976421549062
0.0578476599567123 -0.48043319492939 -0.149466526701816 0.310402773703086
-0.10331297880844 -0.474393349761263 -0.107340065421361 0.304921405266675
-0.194741249491624 -0.432565446008285 -0.178737967924624 0.247554841378344
-0.268101805883808 -0.320992022636765 -0.198795019502486 0.191659516381817
-0.360466744683802 -0.245747842224995 -0.160447947776005 0.259456950033407
-0.385995997703573 -0.144876408935372 -0.190408112188764 0.38287261370592
-0.39076592630971 -0.076105213224288 0.064489378109437 -0.420074804854561
-0.441147849318133 -0.216837722455101 0.106186530539385 -0.329411719546943
-0.373531348017425 -0.341398114387851 0.182957828486924 -0.269428491614364
-0.309993033696179 -0.467382188767953 0.254496517399928 -0.276205232463608
-0.128730416652608 -0.559926023978196 0.23345854063239 -0.245034327347717
0.0740565472885635 -0.5585116562738 0.191283487298509 -0.170290205914128
0.182616850746912 -0.555059600583299 0.0859601491583332 -0.0482177222368595
0.206857584608783 -0.558287676312336 -0.0193204506884018 -0.0123998015136811
0.141520904867586 -0.578261111362594 -0.109981295049152 0.0977223689434899
0.0157584551435363 -0.576112199163732 -0.143010370208721 0.19570339069566
-0.201540794772683 -0.549027907347743 -0.110611290694123 0.268303416294477
-0.324496896262412 -0.457729912916409 -0.157768077369738 0.283367062783137
-0.386524157078289 -0.306334126922301 -0.122932242833069 0.258573556705778
-0.453900506054711 -0.213158259179041 -0.0368444275144232 0.328966489752552
-0.453618836821238 -0.120818018401484 -0.0109027211813578 0.4442314641535
-0.33144665011703 -0.0962595203371461 0.247918109049106 -0.357620123958689
-0.351783719906623 -0.23423273876057 0.244798927045399 -0.257307740269483
-0.256053361031536 -0.333909809517996 0.266578305352897 -0.17534563099817
-0.176340692254726 -0.412634470114953 0.277316157854115 -0.222379124648976
-0.0275824150980431 -0.462664195051615 0.226653773631808 -0.254787052824322
0.123535522476582 -0.464984691906446 0.217239866641386 -0.264163083337832
0.202675698391704 -0.480118469239982 0.15845870213167 -0.223623848741812
0.202309820442762 -0.518482793167135 0.0619878425549655 -0.224134144897683
0.119145080337226 -0.563821833101221 -0.0784900956712067 -0.11389793679425
-0.0246587166159941 -0.562207291514264 -0.167842859474079 0.0430026699417935
-0.250084343057513 -0.505834788065015 -0.142466222041581 0.200436816242676
-0.377490152205473 -0.386502845511213 -0.129969874198532 0.287673826137808
-0.420393459772171 -0.228974895298182 -0.0239018077736776 0.291041302274534
-0.466264738293184 -0.142394167244899 0.106296615282905 0.360535088802094
-0.45244134798316 -0.0820021546491351 0.178430590540357 0.476258047081877
-0.226728154749922 -0.0903956832768385 0.382652892040195 -0.27987266495667
-0.227194327940881 -0.190521641991138 0.321279812512999 -0.171442813952426
-0.127492637383576 -0.243890414923835 0.284043830952361 -0.0772485354788538
-0.0592019164828995 -0.267925455378471 0.252588803191628 -0.163416311734476
0.0350976008694897 -0.292326301790062 0.203850124462279 -0.234667746206994
0.121990242014985 -0.309864492590767 0.237871283900877 -0.307073955762718
0.179268524593081 -0.34193124540566 0.231402417898174 -0.352107207258695
0.166346677241783 -0.399006006416373 0.136199450308282 -0.40403496833235
0.0891916801547035 -0.450261302098314 -0.0595704790361495 -0.3081121360154
-0.0306337373854063 -0.442212698608012 -0.207492445198456 -0.103740486312559
-0.211519720560344 -0.374048548628223 -0.192255017106184 0.129950197726973
-0.320099330757727 -0.260642261947663 -0.111618498006723 0.265689513521595
-0.348481852395767 -0.135906337071699 0.0579358220815681 0.29175634871701
-0.383148953677349 -0.0752483565319007 0.226984331522759 0.361793938911216
-0.369904378449689 -0.0442409562930409 0.339383598519424 0.478371784856904
-0.0986336689759852 -0.0547305000460422 0.455745082242843 -0.21537018872027
-0.109475162704173 -0.0964129080552636 0.342962643229162 -0.113733299457778
-0.0423355818636407 -0.116351469578154 0.259773071579854 -0.0167577136615098
-0.00462186495540471 -0.111513629560183 0.209763298123751 -0.129794985978531
0.0410750373190256 -0.126842149228249 0.172617652197835 -0.213325007128817
0.0755968819218244 -0.151557830293631 0.241332357470759 -0.31547071558209
0.113348623748648 -0.17719974451458 0.277023142439464 -0.42808816806674
0.102405951571848 -0.219197907502356 0.19081430325098 -0.523825369443522
0.0583369099132906 -0.253467299224618 -0.0442710242280958 -0.445838390784873
-0.00326552680654758 -0.249480796192978 -0.239011745871474 -0.209764002740175
-0.107568771442856 -0.194854643992343 -0.23735799764722 0.0766913471581896
-0.18347281946432 -0.127439090221035 -0.108293111445086 0.237871118608245
-0.199301134325614 -0.0606777544159927 0.105169717489298 0.280526204593511
-0.226852119777469 -0.0263096639373107 0.300020478536069 0.346837639093657
-0.218655341328833 -0.0179652165304156 0.441889502508158 0.461704801670513
-0.0103544135587615 -0.0244249575755389 -0.463772522472169 -0.371333249284357
-0.0193203818685535 -0.0162581493819394 -0.380593128013354 -0.276330813752793
0.0063676792693972 -0.0311416800011626 -0.161338900212199 -0.237919862677597
-0.0119918476377806 -0.0279829409247097 0.0639898431081882 -0.191224054182053
-0.00139340234942142 -0.0141435068928659 0.220075690511049 -0.0725066104323538
-0.000357558719049788 0.00853884641559387 0.189972429853285 0.198086942033445
-0.0258970400991964 0.0115279088792395 0.00813215138515004 0.466135168469817
-0.0266437698489987 0.0085706884669874 -0.207779897412467 0.533955295195586
-0.0328664093669306 0.000773440060726077 -0.257491267574211 0.480459744852198
-0.0347835727037213 -0.0106262197431887 -0.195933472188284 0.354920075365119
-0.0225708590263287 -0.0173306972485472 -0.133249570615973 0.243214741851206
-0.00848138008669948 -0.0276993716006548 -0.138976938748284 0.14247480137627
0.00489132411349867 -0.0221696960915071 -0.207488468539504 0.033315029255108
-0.000779490274303133 -0.00971526864347054 -0.27589534031757 0.0628772659175688
0.0173208389274532 -0.0176320303854558 -0.457240330816384 0.203549494014414
-0.177726930897247 -0.0114723943250716 -0.429104688786654 -0.404242099223986
-0.211918756867398 -0.034328112018328 -0.343526443203595 -0.30405721129346
-0.188666512465563 -0.0865341505489998 -0.134873690104381 -0.273354017667837
-0.196304656462461 -0.145625648761419 0.0910935982066807 -0.227222093004663
-0.130943359578178 -0.204926938965094 0.231550098354419 -0.0991688146577343
-0.0385690789541083 -0.218774372924217 0.189479623592854 0.166283250644301
0.0124944958763316 -0.231677171385002 0.00589772748004539 0.437422628369953
0.054461189841794 -0.207729530460294 -0.196332337687187 0.498040709924782
0.0514140969696861 -0.180783511441048 -0.245692247857772 0.473522995741458
0.0253210228017639 -0.15758183843 -0.190118403103247 0.368428349261781
-0.00886502051628085 -0.154972227810036 -0.128524416589448 0.268184369429848
-0.0155071442288282 -0.165319804293958 -0.15633058984695 0.161687443949445
-0.0452863584616092 -0.143697782188195 -0.219932043275555 0.0611756600024836
-0.10846749975614 -0.124938951988041 -0.265187346269074 0.103573383243761
-0.130780467597814 -0.0855987623816688 -0.41929896122344 0.244570884998978
-0.311837873174701 -0.0156085986949465 -0.318137608473246 -0.436440662589183
-0.370432177265644 -0.0786101838452194 -0.237998226503678 -0.341983936230272
-0.345683482775777 -0.168924987608559 -0.0626115146493091 -0.310264064248054
-0.335562595715767 -0.281055145279189 0.133839136305064 -0.271203590316242
-0.212359080932257 -0.391770642309299 0.233152938822664 -0.148962042519943
-0.0409723156734863 -0.418705352419625 0.181712122504488 0.079878107386148
0.0647585065135158 -0.430121334736735 0.0111164321916548 0.325545009960212
0.125753608534023 -0.393694705022909 -0.155742950970869 0.380856908870359
0.112816150884991 -0.356396347147199 -0.20608204776897 0.412557480940339
0.0597104023508939 -0.324145122323936 -0.170054461234 0.366495855555133
-0.0334670093535708 -0.319188019886092 -0.116893204200703 0.299789352408571
-0.07696737670081 -0.314322170572777 -0.175624399027584 0.20279907837206
-0.141033490921878 -0.25509366094002 -0.226242557628109 0.119688990318079
-0.236714711195123 -0.211214336577726 -0.233077072796822 0.177219888979083
-0.273694567901273 -0.129433865162779 -0.326890232363224 0.313327980560239
-0.387847165192087 -0.0383454056447001 -0.144419175655243 -0.446786760603978
-0.455601569448914 -0.146292334375349 -0.0770874046540372 -0.360003056876249
-0.420014937831274 -0.266805739634712 0.0539889472003265 -0.321132582403813
-0.386487800997449 -0.406260528626371 0.192978268681734 -0.297967531636633
-0.215735304616187 -0.528517207531433 0.230991853172882 -0.208898995104813
-0.00262202682605562 -0.548018109348607 0.177673322312634 -0.0465979082014847
0.122444125531065 -0.547409992818705 0.0353159550938837 0.14871730909642
0.174672016440437 -0.517312678516604 -0.0937321959570946 0.201843024575294
0.139886842966091 -0.501524551156379 -0.154256714895234 0.286952580574794
0.0486933107187513 -0.485639516628021 -0.144616450260932 0.315652403474406
-0.113259064654555 -0.473925542603293 -0.102069685477382 0.308126520745373
-0.203803175399987 -0.432236292905847 -0.175219717816371 0.253648903762016
-0.277410149663705 -0.317436618768692 -0.195017664387012 0.196923402312409
-0.368400322878978 -0.240592436221397 -0.155438764818013 0.263961682054846
-0.391551383412939 -0.137999861696847 -0.182941307824534 0.388797141756009
-0.395619441600534 -0.069490674692274 0.0547144823171743 -0.423589656621676
-0.449233247390409 -0.20897230958232 0.0992361263565625 -0.333475804632255
-0.383964061415612 -0.337600229038295 0.180140751774894 -0.276525318505348
-0.322237870629787 -0.465727286654281 0.250908733665342 -0.284173760093557
-0.140905997328309 -0.5603668566468 0.230163048183636 -0.25256066725229
0.0645741643588076 -0.563768967912313 0.189018486246029 -0.176144872005895
0.1743617999686 -0.561633691728706 0.0850336897435317 -0.0496579497596707
0.197977751131107 -0.564616053313359 -0.0199217807106561 -0.0121635932523774
0.132464769759036 -0.584101174215777 -0.109440594497973 0.101159532819439
0.00369262310768193 -0.580650597986404 -0.140393900269299 0.200846516111366
-0.213909206618816 -0.545725657824938 -0.105871770056297 0.271057314815366
-0.335574271241617 -0.455814188186575 -0.153476420880923 0.289560150596474
-0.3964421533094 -0.301239990166086 -0.117135159768052 0.263908797619896
-0.461447262410781 -0.204649988986164 -0.0300831246708538 0.331154457343631
-0.460222901996729 -0.112441300852009 -0.00111513296479701 0.446258551804985
-0.336063335458351 -0.0916604120063509 0.240827483529252 -0.365502596549279
-0.360019992509944 -0.229313876918279 0.240572167806165 -0.263931929173282
-0.266095570653201 -0.330564838341508 0.266250289648401 -0.183689094903857
-0.18639994172964 -0.411568200667136 0.274313541671848 -0.230573316610866
-0.0366824038968016 -0.465213164344872 0.223217506996822 -0.261316178209567
0.114777800417563 -0.470523171137665 0.213372373740591 -0.27115150211255
0.195598582846144 -0.487993186396388 0.155838357300243 -0.228669313546301
0.192898683809478 -0.524858452679041 0.0576029254667615 -0.226978775483974
0.10867711899502 -0.5712516670369 -0.081535007833187 -0.111916755702133
-0.0373057786145267 -0.566515937479676 -0.168213432685017 0.0469225427841341
-0.261808224743039 -0.503936506011626 -0.140116674794763 0.203355131090403
-0.390142033724382 -0.38233693134633 -0.124624061092368 0.293801490344597
-0.428101469305954 -0.220568259805486 -0.0178426334445946 0.293920032117661
-0.472562474007029 -0.133968229272333 0.11508597097728 0.361060458108705
-0.456349210582482 -0.0727100367229361 0.190091626731204 0.473956803224938
-0.230265169822924 -0.0877596280966788 0.377792146361079 -0.289858067684864
-0.233083911449833 -0.187265443029606 0.319619861553561 -0.180079751940064
-0.133622960686347 -0.243097642702598 0.284568758215046 -0.084858711518251
-0.06435252650647 -0.268262619214205 0.250547981272766 -0.170794872258256
0.0298400428676972 -0.294245395929566 0.200430090291973 -0.241043219756315
0.116062587163244 -0.314156224329511 0.232072329764836 -0.314121734135828
0.173489926222738 -0.349005415187949 0.224449255827872 -0.358678589238695
0.160317678042963 -0.405569633866672 0.1294580093484 -0.409028690473312
0.0820771552751038 -0.4562607073699 -0.0651580326344363 -0.307544562992929
-0.0395558224525125 -0.444768019614291 -0.211239059793039 -0.0997963312026648
-0.220489371328943 -0.373374465057909 -0.191801919800282 0.133495872025671
-0.3286320931841 -0.256998916614217 -0.107227298537408 0.271098540630265
-0.354431567751086 -0.130179316743446 0.065015058267317 0.292467301751399
-0.388149137099524 -0.0683998843260678 0.237077112309213 0.35878282727988
-0.372987247436651 -0.0366667461960672 0.352534362145197 0.473990559974244
-0.100455480205986 -0.0540437132938081 0.452583748280421 -0.22665425583567
-0.112487853143235 -0.0950556261970087 0.342118582622508 -0.121959246464221
-0.0452115577024857 -0.116460478646526 0.261660652163834 -0.0244666416239788
-0.00615897265632291 -0.11231471496598 0.208051908399133 -0.13658811378792
0.0390908988000401 -0.12810420701031 0.169524745473575 -0.218332902675062
0.0726422560389682 -0.154299332409274 0.236921139993985 -0.323090951281281
0.111037312333786 -0.180728545614461 0.272256800453633 -0.433981768331966
0.0987792107303822 -0.222449650703695 0.181378439611927 -0.53037943973931
0.0540769505963447 -0.255921942839811 -0.0537329101925308 -0.447702416149149
-0.00814112767028763 -0.25238063036629 -0.245062522249856 -0.206493893911699
-0.111968099821616 -0.194074527552536 -0.237882541068188 0.0810296460795189
-0.187393506184938 -0.124587543906578 -0.10461326474183 0.242770570066077
-0.202257634426309 -0.0575780415482803 0.112551085526889 0.281080172248235
-0.229443308132171 -0.0212985269610641 0.311449981710147 0.342899298872597
-0.220183081980314 -0.0133742502083492 0.455814491337026 0.454087473665878
-0.010895625701949 -0.0240495080198002 -0.475886084005004 -0.362126746796693
-0.0192216695903445 -0.0161139255751391 -0.38948532749498 -0.267787604792333
0.00563628230615893 -0.0313917073523142 -0.167437392997421 -0.235219015903445
-0.012195498421459 -0.0278969573295376 0.0605996584150636 -0.194170330193419
-0.00197606416932748 -0.0140404686365275 0.219767648512356 -0.0784422998103688
-0.00014867708179885 0.00864494929706216 0.195109719982069 0.194270200761489
-0.025427241740059 0.0125130559873575 0.0167697688451547 0.467172121307649
-0.0267688159138486 0.00966889642217025 -0.198145440020883 0.540410338708975
-0.0323694996187327 0.00157785186901362 -0.249190504340152 0.488100607081648
-0.035203584731331 -0.00948407471938199 -0.189890540209202 0.358885653409182
-0.0230407824311016 -0.0167083097593255 -0.129069321630122 0.246097702224866
-0.00935457895417769 -0.027745922706639 -0.135692156735853 0.146187302783747
0.00461763427820598 -0.0225465596972572 -0.207385533473576 0.0383896800345151
-0.00136071176619561 -0.00932602093864629 -0.275144477936495 0.0694536908877962
0.0165261453086409 -0.0179965583009351 -0.453086483606844 0.214351322959905
-0.178857523972988 -0.00775232021036318 -0.440828852458928 -0.393413839016995
-0.214392537605769 -0.0303577489321264 -0.352886976699014 -0.296794046935767
-0.192118962329509 -0.0833580891476012 -0.141667823420221 -0.27182997781241
-0.199976538791677 -0.14213245691161 0.0865378020178974 -0.230744617665477
-0.135935429546465 -0.203230902600193 0.231004644103501 -0.105315276310039
-0.0438516401404887 -0.219289254156482 0.194296598333621 0.16226922164418
0.00812549581712691 -0.232653276502819 0.0148216706141974 0.439161326777904
0.0499846875580231 -0.209215086397404 -0.187382624338296 0.503971839898408
0.0483457393404341 -0.182184026602922 -0.238149091295663 0.481060472822213
0.022477838457233 -0.158212419502478 -0.183724351024747 0.373200055874435
-0.0120898537354628 -0.154994229930363 -0.12293500331782 0.271178019354715
-0.019792775296339 -0.165793689050006 -0.15346803048604 0.166512701985943
-0.0490971721791725 -0.143135317908493 -0.218611654101935 0.0666386018076099
-0.111751831393183 -0.123095099487493 -0.263494657322412 0.109353389757586
-0.132683906886265 -0.0831170373897005 -0.414686531815409 0.254824979186127
-0.313953309780828 -0.00940540593474026 -0.329674548778616 -0.430039883857013
-0.373691992602826 -0.0715739782858208 -0.247526142599168 -0.337687703054909
-0.350628146515092 -0.162599436817813 -0.0689187385464707 -0.311801406451132
-0.34331470957897 -0.276320344721648 0.12859558718387 -0.275847726671182
-0.221227165646418 -0.389163438435355 0.231284320651457 -0.155209530243961
-0.0503085813141654 -0.420268492708536 0.184531271886617 0.0747928724450266
0.0569483762070487 -0.433073093169987 0.0177906547433934 0.325738540815972
0.118191208313491 -0.396838910694832 -0.149615491101138 0.385689808635226
0.107378587967677 -0.359068244425123 -0.199274765644852 0.418593205756738
0.0533764920271053 -0.326845400482567 -0.163945186659792 0.371750103063487
-0.0407564485464997 -0.319146501180864 -0.110606063093876 0.302492622464268
-0.0843004443804126 -0.315128864747484 -0.17154014753795 0.208287530251604
-0.147469343735399 -0.252786116401887 -0.223857577886458 0.125009571588302
-0.242605146723137 -0.206211363536992 -0.229827234944194 0.182278847377657
-0.276872641015563 -0.124730558386439 -0.320804249522795 0.320597099253177
-0.391423777289039 -0.0306863801427719 -0.155692353297595 -0.444733001779792
-0.462169950621956 -0.137272055644647 -0.0860114321445292 -0.359337870401504
-0.428047573269123 -0.259896955741442 0.0472500434817628 -0.324093193624003
-0.396714625363851 -0.399733325184119 0.187483976318617 -0.304715309345776
-0.227371865802959 -0.525112301873763 0.227657761942966 -0.215117131538486
-0.0136024728658997 -0.549551163086878 0.17764367316985 -0.0515699772084864
0.112333571448466 -0.551615660544873 0.0388423017965785 0.148334924666934
0.164605658743494 -0.522905674837294 -0.0910050096488845 0.204065505048789
0.131016766676628 -0.506159279231607 -0.149637010167657 0.291202289995658
0.0404421662800776 -0.488043629082688 -0.138877755299818 0.320677760796251
-0.123665629491137 -0.473540100778522 -0.0957450287330704 0.310259296065752
-0.214367663869466 -0.430147485301754 -0.170373032745897 0.259970142570764
-0.284966187475073 -0.311851812020711 -0.191173250172149 0.202527961074444
-0.375439081017263 -0.233217381331487 -0.149928406355267 0.266805882263358
-0.39533627530916 -0.129937240661565 -0.173872814020282 0.39322615735911
-0.398400378265713 -0.0625924728810081 0.0442131507630206 -0.425775851582272
-0.455995305622647 -0.201669500527513 0.0922742680335437 -0.336908191911418
-0.393116595699871 -0.330917975204955 0.175675970641841 -0.282190421804248
-0.331676974734077 -0.460299287948543 0.245416118308747 -0.291800605201567
-0.150930536652503 -0.560331858947403 0.22628621832355 -0.259396232732306
0.0522928683675318 -0.568516926915787 0.186270748328941 -0.181925264953918
0.163578740109153 -0.568401148994287 0.0850940529206189 -0.0516187850655455
0.187959011291782 -0.571188115520653 -0.0199858389205132 -0.0115141344961023
0.122481857108066 -0.589022961899 -0.108047662653027 0.10451306275033
-0.00742669824028843 -0.583358300404143 -0.136835713649444 0.204605965575289
-0.225456485351443 -0.544405918705708 -0.100358768404734 0.272916803210898
-0.347369047466069 -0.450640807414989 -0.147799345506056 0.294759827512239
-0.403945949321706 -0.293525157666681 -0.110853496362586 0.267113237640046
-0.467845198340058 -0.196176778544851 -0.0226455408408171 0.332551642302485
-0.462992751988298 -0.103150271825326 0.00952366228979547 0.447014189713639
-0.339864910785437 -0.0859064403212131 0.231971612606574 -0.372139438781595
-0.366852048876238 -0.222827656135044 0.235188014214455 -0.270202363332332
-0.27484658043326 -0.326760756221284 0.26364017612707 -0.191089206949683
-0.194764570525421 -0.407905134826955 0.270470552962209 -0.238867097285799
-0.0457283687073754 -0.465635561681505 0.219099623611604 -0.267726627278241
0.105504947179032 -0.47467746806906 0.208823998282552 -0.277345759082573
0.186720914835513 -0.494371919273506 0.151681679271149 -0.23183572393083
0.18292919902135 -0.530422849881377 0.0537746021605876 -0.228462152325641
0.0982881017900695 -0.574802267033268 -0.084231713617184 -0.109879604022303
-0.0490601788028525 -0.568656194671147 -0.167987004066312 0.0519384219003322
-0.273434998908365 -0.500777569251693 -0.136751439028318 0.20599534636148
-0.400097843684321 -0.376369860430764 -0.119156462633334 0.298012258048659
-0.437674975691428 -0.212856551165146 -0.0105266597533963 0.295474214629
-0.477900270728138 -0.124166838644632 0.124094938249873 0.359592415709557
-0.460826446110561 -0.0617498826897027 0.202675657846045 0.471056780282653
-0.233230940769462 -0.0840580904255098 0.371143324179899 -0.297207657908971
-0.237746404632417 -0.183099344070102 0.316295675806889 -0.188220732496746
-0.1401044494078 -0.241448229338079 0.28483756251394 -0.0933150029999101
-0.0696714388624206 -0.267605685188421 0.247085002403178 -0.177917851269393
0.0235848897714169 -0.296169475367798 0.197142953145549 -0.246668790768111
0.110077771030088 -0.317250315285287 0.227641303108889 -0.320342486856772
0.167461947584921 -0.353667835807488 0.218831293729731 -0.36393106386413
0.152824895371649 -0.408581836866299 0.122048737885095 -0.41316829269139
0.0727810170038637 -0.458507242563853 -0.0713299967903845 -0.306637036598953
-0.0493939811783311 -0.446510848805584 -0.213506938731288 -0.0954307076046658
-0.229539454506334 -0.36756525275609 -0.189933706315686 0.13685072231121
-0.335294423616243 -0.251756343889176 -0.102384494819097 0.275028346862471
-0.358709426917319 -0.12328383079282 0.0721177585013987 0.292822085365527
-0.392155000228194 -0.0602417285125164 0.247048051514445 0.354850976385084
-0.37518798181784 -0.0281918433018568 0.365989794593384 0.466899085880137
-0.102341014725357 -0.0531985448685804 0.449876964427828 -0.235856793800154
-0.114272414795585 -0.0927699099769892 0.339678596324338 -0.130848203642457
-0.0483868929233118 -0.116057433101531 0.262538048479352 -0.0319696895324282
-0.00821854525563883 -0.112031691422752 0.204826658363732 -0.14236131254176
0.0369699456170175 -0.128784916999364 0.165364970354411 -0.22279676433952
0.0695827365250974 -0.155597736864963 0.232126445271069 -0.329091066080968
0.107451060109899 -0.183683858411387 0.264356835265717 -0.440923734845687
0.0942875751997265 -0.22472221622462 0.172440274213295 -0.537080523414281
0.0493501388671712 -0.258684353651966 -0.0631560244099198 -0.447265007560032
-0.0140358108035719 -0.252839944744031 -0.250793140901191 -0.201488190582915
-0.115943452704106 -0.192512297783577 -0.238161838839516 0.0857384900476198
-0.190798830195433 -0.12142073356494 -0.100407089823042 0.246125500039158
-0.204169717521275 -0.0534513747600273 0.118871096246935 0.279825678282362
-0.231754056663485 -0.0166842768912353 0.320443776642523 0.337845202724288
-0.2211341887182 -0.00855389826340916 0.468426704670898 0.444562245399775
-0.0111447954614954 -0.0238562776726715 -0.484333680781453 -0.351800188962362
-0.0196979152758579 -0.016070581798863 -0.395605041360695 -0.25905785136523
0.00478267956593944 -0.03158790981883 -0.17327835909358 -0.232477667430396
-0.0126727636993202 -0.0271130873589303 0.056063056523729 -0.195911690941832
-0.00220147415713389 -0.0139964596372494 0.218236936629232 -0.0832788051714176
-1.23492040782734E-06 0.00901214251745402 0.199173652632574 0.189452482345697
-0.0249669896592332 0.013322987163122 0.0253066052908102 0.465994010266614
-0.0262412684849282 0.0105703974761232 -0.188010400102768 0.543596842589202
-0.0318896323657526 0.00325316493813435 -0.239474703398251 0.492332093615901
-0.0357046526801173 -0.00853577887831878 -0.18382630399248 0.363813836984652
-0.0234832327333333 -0.01577567048313 -0.123564810904478 0.249381795785675
-0.0101343724086703 -0.0277329776343952 -0.132405282915848 0.149615492771512
0.00368500380430762 -0.0230107100917291 -0.206304554414187 0.0436924093554483
-0.00113693953767737 -0.00933019028840555 -0.273189152364271 0.074832969457361
0.0161999117678879 -0.0192886898695576 -0.449639645114955 0.223628442600215
-0.179360236325578 -0.00434787314012456 -0.452199615770915 -0.385382522990404
-0.215189958585066 -0.025732874679616 -0.360364363962846 -0.288216673498125
-0.193993713229562 -0.0798215000900111 -0.14785290646959 -0.269329394475065
-0.202625046720435 -0.137603490471113 0.0814384308204763 -0.233035046872865
-0.140437825249395 -0.200713784530457 0.228685710614609 -0.111545202913402
-0.0478025411767694 -0.218823296049988 0.197328939587725 0.157385665324674
0.00374395043091449 -0.233743894039297 0.0240666947089696 0.438657079127573
0.0458386371390149 -0.209818331837009 -0.178451648220803 0.508976066389236
0.0452109920430239 -0.182836943893961 -0.230297544018555 0.48577351091393
0.0194721630968164 -0.158372855395315 -0.176974009424809 0.377305625619477
-0.0154992278585921 -0.153709543736563 -0.118302554002026 0.274203864912406
-0.0228871171217877 -0.165945276458566 -0.149709377945447 0.170431538684425
-0.0524139534824615 -0.142170542037362 -0.216093453265592 0.0716969535247586
-0.114559438463016 -0.120329620915029 -0.260966937503622 0.114801825536416
-0.135187273264371 -0.0804062988459225 -0.408420644068689 0.262644165258644
-0.315025995691439 -0.0034884904348241 -0.340477460532529 -0.421162949174521
-0.376782408444264 -0.0631517507617615 -0.255259690081039 -0.331073169347137
-0.355874881738628 -0.155814079070686 -0.0759108147921177 -0.310396824360657
-0.349170348186894 -0.268737426407287 0.122138882346039 -0.27942068698582
-0.230067233664445 -0.383892566143695 0.227460016179981 -0.161498984523893
-0.0592436660004817 -0.420243340818568 0.185525719807415 0.0698844388169213
0.0488334329160808 -0.434466201577279 0.0244667735421096 0.32583752275243
0.110084763219989 -0.398735744159923 -0.14268526041394 0.389739857399569
0.101009833494426 -0.361888546811654 -0.191562422591688 0.422953440450094
0.0463269929114383 -0.32737583233604 -0.156672928681659 0.376086402753362
-0.0472034770672338 -0.317576566707648 -0.104313183649279 0.304761526293697
-0.0914973316135911 -0.313655903211163 -0.166871937874349 0.212772528762417
-0.153253829006671 -0.250246598553004 -0.220045340453477 0.130953557834437
-0.246981563175891 -0.20098258206304 -0.225334200668181 0.186551550022061
-0.279780609380353 -0.119054415808092 -0.313170685479722 0.327405017673349
-0.391066499953058 -0.0235521188384947 -0.167266766396062 -0.440298555695542
-0.465818750224832 -0.127598560489298 -0.0938555347382517 -0.357579590434869
-0.434503547469082 -0.250875090599517 0.0407030207221543 -0.32620105615392
-0.403928975837923 -0.39144037518536 0.180659043967686 -0.309740314914704
-0.23825172275758 -0.521941472668885 0.223408245357985 -0.221262900459822
-0.0249111320506235 -0.551494559410704 0.176230475386504 -0.0568343427693304
0.102425950729605 -0.553688561237182 0.0421936490044728 0.147604001328246
0.153888304654595 -0.526421605391142 -0.0867173712984248 0.206532341078267
0.119488741555783 -0.509285924550302 -0.144061050673918 0.294465590497565
0.0295443135643816 -0.489446373536316 -0.13287095911017 0.323660727551032
-0.134648591625215 -0.468685074251914 -0.0891176737327211 0.311519000226274
-0.223769603125557 -0.426212235003236 -0.165415897188366 0.263858180384727
-0.29373864169612 -0.306745260233656 -0.186024450610185 0.207068300696261
-0.381668467274698 -0.22480445870639 -0.14393766428221 0.269810134367884
-0.39806068907598 -0.122042725982577 -0.165316098330644 0.396518737653435
-0.400777087927381 -0.0543384847178917 0.0338286259385479 -0.426640285319551
-0.461176654430267 -0.190358893720081 0.0842237782581742 -0.339342358303303
-0.402405673246911 -0.322457146369564 0.170156246292829 -0.287409779475128
-0.342396206788593 -0.452692915773467 0.239393580215472 -0.298248607610255
-0.162900981982716 -0.556178458840866 0.221181040989872 -0.26510149945255
0.0401295726258792 -0.570295139231788 0.182131083052554 -0.187005842250569
0.151905616877072 -0.571853216179821 0.0839836601486923 -0.0534157414007927
0.175593622577215 -0.574060860403704 -0.0203206841101908 -0.0114722836536038
0.109934731902226 -0.591848184884832 -0.106314152538196 0.107312988643626
-0.020170227171218 -0.583693883790325 -0.133064494305317 0.208289770869581
-0.237603202785201 -0.538987450782855 -0.0945483494830968 0.274156991936142
-0.359702090728693 -0.446347269282822 -0.141605680026531 0.299315500616731
-0.411346579790984 -0.284956457838379 -0.104620124944988 0.269888625002497
-0.474123181184314 -0.186130635632109 -0.0148602989584274 0.332823981176995
-0.465951963653226 -0.0930482121150794 0.0206169905185433 0.446595877380868
-0.342124378688996 -0.0797457823179966 0.223460559434988 -0.377257652941948
-0.371524070360712 -0.214197129372063 0.228600613437312 -0.275899564736611
-0.282507589253848 -0.321990751664382 0.260507278103369 -0.198498580696035
-0.201906275668942 -0.404063945346259 0.264271639513229 -0.245824018290579
-0.0548233892046077 -0.463885942969916 0.213457781546776 -0.273538643126874
0.0954542259636762 -0.478514200449249 0.203748228908514 -0.28301327700755
0.177906740142178 -0.498612637008636 0.146628595035708 -0.234872347943721
0.173519607905408 -0.535799543940367 0.0496889260386463 -0.229731268376442
0.0852270224805535 -0.577317533594027 -0.0864592375593041 -0.106897476313747
-0.0607499015655453 -0.568123996719975 -0.167010789388742 0.0556285568220385
-0.284245060113879 -0.493911123396885 -0.132500545562662 0.207648726962499
-0.408099401970644 -0.369743642583423 -0.113471928951709 0.302087245558223
-0.443061628807719 -0.203877543802752 -0.00396453971412065 0.296470043461945
-0.482254800858226 -0.115111545886534 0.132075864269269 0.356672506058539
-0.462154246992261 -0.0529881781674388 0.214358820321967 0.466109510847316
-0.236358999275923 -0.0800016321174525 0.364508887563699 -0.306521398863603
-0.242264795788342 -0.177614593716651 0.310909298681344 -0.195270820769726
-0.146816076872099 -0.238695367609197 0.283403582873583 -0.100479975488539
-0.0746699003704201 -0.266065396342126 0.243213467664267 -0.184653116563781
0.0179593826533162 -0.29586426479669 0.192065659902288 -0.251292705064101
0.103083831024301 -0.319325833506237 0.220853375059231 -0.326284466501904
0.160307698855676 -0.358000983435761 0.212408501782442 -0.368288673687202
0.143282282210086 -0.411919502200276 0.114578192997409 -0.415284437546393
0.0630662242571208 -0.460744531847355 -0.0777939137662926 -0.304662716534935
-0.0589259586527787 -0.446192796574233 -0.216388499001129 -0.0909108939840384
-0.236654111936557 -0.363828308219232 -0.188090441269551 0.140183639298687
-0.341538250466315 -0.24528625863091 -0.0968505857967867 0.278570421398177
-0.362036980337052 -0.117033879041004 0.0786629067038671 0.292030983478617
-0.395102833281803 -0.0517336027727821 0.255977312127755 0.349432995457441
-0.375867801205057 -0.0197725533001632 0.377541149950142 0.457656730239851
-0.103897746850379 -0.051933387229746 0.443060471685364 -0.245573855196175
-0.116461748329762 -0.089853428830243 0.335394849887332 -0.138717851716124
-0.051799578993532 -0.11531296548608 0.262119596014162 -0.0393062265863001
-0.0104599887026842 -0.111885302452866 0.200973066926443 -0.148108484330281
0.0344803334613159 -0.129842319870689 0.160620510870055 -0.226597797675327
0.0658602110631901 -0.156309636413841 0.225281957142879 -0.333906629337417
0.103411001883554 -0.186929034355345 0.255584161918789 -0.445112764693069
0.0901949176539613 -0.22724443459128 0.161611155482079 -0.539850457258381
0.0438034129724284 -0.259556877061655 -0.0716007935572651 -0.444674267129741
-0.0199065737363167 -0.253363845303445 -0.25490934559098 -0.195688404443227
-0.120167799089914 -0.189676428551564 -0.236984125483145 0.090462944732868
-0.193623976385916 -0.117663500218184 -0.0953451708871299 0.249742236923665
-0.206038632549355 -0.0493621978695085 0.125798575433117 0.278781485624706
-0.23291938622733 -0.0114456702882402 0.329716344095193 0.3304677147835
-0.221162099597208 -0.00319860690201703 0.479901108015731 0.43232338461809
-0.0119051174517077 -0.0240853586211883 -0.49184912038424 -0.338836520316307
-0.0197260734682814 -0.0152492960537705 -0.400514762944137 -0.248149820286228
0.00432990276985726 -0.0324574358290636 -0.177831708910562 -0.228179992287717
-0.012487842281188 -0.0265633580314986 0.0515830674681686 -0.196589399917036
-0.00244557820457512 -0.0140409504473756 0.216090282395757 -0.0879340676680804
-0.000207981197903669 0.00837903140567437 0.202310478025065 0.183760417428371
-0.0243876417758445 0.0142185428167928 0.0358071934166617 0.464017122818322
-0.0262524058264584 0.0114973395407841 -0.177305377539762 0.546560511702828
-0.0309597815290744 0.00380870042024297 -0.231120701287516 0.496368107311313
-0.0356753818587322 -0.00720215189608831 -0.176531526353958 0.366620994784069
-0.0238760467927267 -0.0150370073811517 -0.118394819835174 0.251124356903548
-0.0106914035653991 -0.0277163948140937 -0.128620497673243 0.15270117664659
0.00315806012155864 -0.0230142662749294 -0.204252191656219 0.0484029671282346
-0.00114787545820587 -0.00899177384925197 -0.270617522548242 0.0799757959875809
0.0154326513695487 -0.019385207665991 -0.442407712004467 0.232751501567057
-0.179503233356171 -0.000546015995993375 -0.459541630444063 -0.371188198013164
-0.215679335170028 -0.0209912622307774 -0.365886851112975 -0.2796904369514
-0.195793302297081 -0.0763204350052488 -0.153398334668409 -0.265693733770538
-0.20506777580512 -0.132896538943614 0.0763353411771136 -0.23482883326066
-0.144069977510856 -0.19761897069468 0.226405530347926 -0.116885469014561
-0.0526730597898184 -0.217228636878045 0.200024134201598 0.152050003474082
-0.00018045214819701 -0.232890862119494 0.0317663308537515 0.436470064515276
0.0413037128093118 -0.209940709011321 -0.169202020376415 0.509954535713799
0.042839244163565 -0.182882238005575 -0.221090686023209 0.490155987342128
0.0158467153240243 -0.157763249937702 -0.169719108387665 0.379395745709765
-0.0186471890590767 -0.152316802154246 -0.1113679455102 0.275336541094244
-0.0268579041198833 -0.165241865134511 -0.145799112027541 0.173524961630034
-0.0552551867275387 -0.140693215281072 -0.213604190329671 0.0773499744371723
-0.116716216779095 -0.117201261733225 -0.257203628809205 0.119340845607744
-0.136326042190498 -0.0774078249266681 -0.400409284953786 0.270226381610917
-0.315079013116833 0.00304887489485661 -0.352228728572923 -0.413217376484358
-0.377542397101077 -0.0546441284778584 -0.262311339709712 -0.324707988298168
-0.358662927592597 -0.148281853481607 -0.081937748928 -0.309204105835984
-0.352813691659123 -0.260560597329265 0.116091702777319 -0.282624706487353
-0.237680096906993 -0.378738136667962 0.22446555727944 -0.167087925054586
-0.0680009070083942 -0.418699665548399 0.186523728665468 0.065191051130849
0.0407536407463457 -0.434241390029953 0.0309491015044153 0.323970907389481
0.101428268300997 -0.399082799655127 -0.13462071236657 0.391761809243521
0.0945184848892231 -0.362336003001601 -0.184400932395893 0.42540582968697
0.0398832262978032 -0.327751916774807 -0.148671817459341 0.37807261444942
-0.0541923139178357 -0.314463351624829 -0.0979527345701213 0.305355219680379
-0.0975039919311324 -0.311164358377488 -0.161933011368939 0.216392333395204
-0.158529234666242 -0.245476992299463 -0.216761688097144 0.135497368635831
-0.250799180148261 -0.19577475273051 -0.220837543025514 0.19020996212449
-0.280914629523056 -0.112520866183371 -0.304706257935492 0.331422331210216
-0.392131904830658 -0.0162005827040094 -0.177491128716097 -0.435062418948447
-0.468370002444021 -0.117610025672084 -0.101932280519181 -0.354080586491517
-0.439002097125348 -0.24196607132667 0.0338250804285919 -0.326714107230748
-0.411216172496721 -0.38400953494662 0.173313762903404 -0.314110169660728
-0.247839642193296 -0.515595799837057 0.218326072691607 -0.226744849212198
-0.0363417638159148 -0.549696749672032 0.174215979448472 -0.0612186906162564
0.0934741530533695 -0.55473540692996 0.0449366786129725 0.146748433995336
0.143035526963789 -0.527180438961667 -0.0829184049282669 0.207863738317055
0.111168753984863 -0.510487292818832 -0.138725207177966 0.296853709735436
0.0203197467557178 -0.48826707848411 -0.125987416362611 0.326235920252709
-0.143775350959235 -0.465143713081426 -0.0829011244054889 0.31131454050762
-0.232016919228212 -0.422040366742926 -0.159251550281431 0.267897703745815
-0.299695837892152 -0.299387195331756 -0.180135012389359 0.209816313709104
-0.385962573448403 -0.216956291574234 -0.13735777430984 0.271224158660513
-0.399770950375314 -0.112691693997824 -0.155842229438164 0.397656990389864
-0.40057567318657 -0.0480525798681417 0.022795460996802 -0.424777274101805
-0.464975779369993 -0.180818907185347 0.0766793862243115 -0.339969881345388
-0.40798269210965 -0.313731926780845 0.164006952029618 -0.291023974616264
-0.349197126100397 -0.445065022184176 0.231989694995651 -0.304292090423005
-0.174628197684518 -0.551269596151439 0.215739789309007 -0.270127243149665
0.0282586043796746 -0.570579876498939 0.177453344585099 -0.191506252609135
0.14127456116443 -0.573627545344268 0.0831344404173368 -0.0549605600288584
0.163650232352831 -0.575897879618126 -0.0205755679405769 -0.0108874578736477
0.0981585366941857 -0.59314586439554 -0.104481184881902 0.110389469054256
-0.0319829237679236 -0.581176794764099 -0.128447341372574 0.210649693818112
-0.248802161433984 -0.532123293932204 -0.0891432371718255 0.273759842733579
-0.366599919766904 -0.438655436911617 -0.135419996504157 0.302562009610734
-0.41624302062817 -0.274530595784553 -0.0981284870694523 0.271250175906908
-0.477652620012418 -0.175904247205032 -0.0072897517826326 0.331046821231265
-0.467023776030973 -0.0839268672595426 0.030530346799364 0.443976194468258
-0.344076877600443 -0.0732689819845903 0.212962051353124 -0.379473602726587
-0.376191726536216 -0.206220834219672 0.2224467890078 -0.280532969082588
-0.288661292577765 -0.315980674238984 0.255976060870385 -0.204544924498056
-0.210366165843452 -0.399334956896849 0.258296609750434 -0.252523075779084
-0.0641634968375543 -0.462117896898935 0.207908468874202 -0.278039294703759
0.0855194884466614 -0.477686243687152 0.197212481628953 -0.287043376589054
0.166265008932858 -0.501748446798478 0.142674078325997 -0.237328254227021
0.161477402300596 -0.535979997910703 0.0448895987266429 -0.230479591939775
0.0742653188745031 -0.577738612965466 -0.088443865465783 -0.103649541373965
-0.0717913159901808 -0.564909417918993 -0.165632702238924 0.0591271404046186
-0.293723910907929 -0.488342159146441 -0.129067049071434 0.209263084786478
-0.415509296437943 -0.361223413168492 -0.107189535766538 0.304857646283414
-0.445052940979309 -0.193965068845241 0.00252885204220214 0.295605347700455
-0.484317438836582 -0.105197411631819 0.140080350244154 0.352313627247221
-0.460851527911893 -0.0430111422468605 0.224874172790059 0.45915565490648
-0.238027295774006 -0.0756038841890717 0.356469341117482 -0.312075873811982
-0.245763683897596 -0.172556937782971 0.305774162272509 -0.202036848299797
-0.151672315380574 -0.23549902557956 0.280538336126508 -0.108471133574177
-0.0797078498260564 -0.263865166886944 0.238457625122487 -0.190226710569659
0.0123006454790903 -0.295220017289514 0.186028039210505 -0.255061141073553
0.0957269679258719 -0.319645086542952 0.214657995583559 -0.330793214826815
0.152683822970541 -0.359887825591274 0.205487478237396 -0.371247946487402
0.135292411467893 -0.41390415525076 0.10690989054219 -0.415593332198523
0.0530228340134118 -0.461152182170853 -0.0830553532518406 -0.301524732030263
-0.0679832176737358 -0.445245277736226 -0.217776063307596 -0.0851937616519914
-0.244285943540884 -0.357738900659284 -0.185527122727739 0.142927980965321
-0.345793511725085 -0.238508055028047 -0.0909878770831641 0.2808821266604
-0.364542676019526 -0.107796684133647 0.0856601340754803 0.289884220707159
-0.395600183013997 -0.0436216434151251 0.263654013194417 0.342742072734244
-0.375284177056468 -0.0115358049823011 0.38809791437583 0.447945470476561
-0.105337521346882 -0.0504147912647766 0.435597261782623 -0.255049910052541
-0.117990566676233 -0.0876407720261999 0.330827816628755 -0.145786037592875
-0.0542207059391202 -0.113662287616358 0.260611385131371 -0.046131871966261
-0.0122011841651982 -0.111557356735977 0.196406104923407 -0.153002271006469
0.0318594754084143 -0.130127841167037 0.155225776821769 -0.229776762646684
0.0618489081149105 -0.156928580371246 0.21884971402789 -0.338690343916407
0.0991750117325153 -0.188717743982227 0.246413327230558 -0.450653741971489
0.0855466826721021 -0.228227225056907 0.150951831818532 -0.542782855554161
0.0382944798078747 -0.259898853235506 -0.0794306538982282 -0.441753998629854
-0.0249371389104884 -0.252965219686782 -0.258214165880228 -0.18929711637526
-0.12341230171193 -0.186878390037889 -0.236140412122992 0.094154528167714
-0.195985802952496 -0.113908668271125 -0.0904347159337384 0.251651036668182
-0.206922288164397 -0.0449506497305489 0.1320620750814 0.275836511579223
-0.232995916322102 -0.00676263125166373 0.3380873155857 0.322879950876959
-0.220368805756152 0.00182596894346102 0.489636436081271 0.419975672832067
-0.0122756773172439 -0.0234691235311655 -0.497332329609684 -0.326441398948161
-0.0200099309393396 -0.0154300066752942 -0.404905272866795 -0.237698917944852
0.00349083642729756 -0.0324074696176664 -0.181522314159129 -0.223953959888708
-0.0124579527369101 -0.025887649550716 0.0473118544012302 -0.197724940651657
-0.00248370090209278 -0.0142377868544774 0.213890636096212 -0.0924420325057724
0.000197843495406587 0.00835032469416575 0.204495154828934 0.178171216505192
-0.0233877902299538 0.0150213785627028 0.0441032396951167 0.460790682452414
-0.0256350876145355 0.0122758822529176 -0.166916762184891 0.547590535795471
-0.030171659305306 0.00542338423366521 -0.221948627804034 0.497625180283627
-0.0355358573490744 -0.00592547708664112 -0.168880355135634 0.368620375412106
-0.0243492009565219 -0.0145412707099038 -0.113695494760797 0.252413020848604
-0.0112869938429617 -0.0273631282687958 -0.124275955111457 0.154853233115867
0.00309561738596899 -0.0229312534781607 -0.202164356208226 0.0530246944617895
-0.00118153744385342 -0.0083821565631875 -0.266943491862011 0.0852384051585777
0.0143880828389331 -0.019651091733956 -0.434511054825651 0.240777950771007
-0.179006364628739 0.00223710903790597 -0.466278956854127 -0.361220559781858
-0.215204025261289 -0.0166446184204151 -0.370232707046666 -0.270045831047003
-0.196623221364205 -0.0721574741344795 -0.157981021786472 -0.262060889823924
-0.206335579105164 -0.128140542077918 0.0706382720580325 -0.235997085125844
-0.14743716223736 -0.19307788743693 0.222942229887904 -0.121095671031894
-0.0568170212348278 -0.215507490294809 0.201355550740815 0.146363985038632
-0.00388068463898163 -0.231424321607853 0.039732261704835 0.433470065982135
0.0372989193483889 -0.209103607448192 -0.159075123754976 0.510461145019886
0.0389245878947836 -0.182754535779606 -0.212553010290717 0.491445634610634
0.0131015845821745 -0.156966771476433 -0.161740591795423 0.381770919036814
-0.0219168682013546 -0.151121274441655 -0.106131999335061 0.275920995194614
-0.030117521614685 -0.164455416218472 -0.141153186396861 0.176301214552568
-0.0577544060000208 -0.138485660068525 -0.21071712937607 0.0813049029913013
-0.118192603504672 -0.113941789757549 -0.253003540982282 0.123745179893307
-0.137180636128014 -0.074755700546819 -0.394369224446139 0.277772438428375
-0.31362237215176 0.00784603774751993 -0.359554570416502 -0.402658693221461
-0.377542699981997 -0.0475997726078006 -0.268479655226021 -0.317748964840679
-0.360556322636768 -0.141294737897717 -0.0874180366127563 -0.30704385925658
-0.355949326029084 -0.253274270137267 0.10988632245072 -0.284655749630824
-0.242769383162315 -0.372358624621734 0.220792440063451 -0.171568788487148
-0.0763983350160198 -0.415279029252987 0.185992125602611 0.0603337569680781
0.0320601329030695 -0.433998530967794 0.0365791957736332 0.321748750107503
0.0931389460254407 -0.398588756298927 -0.127373354246837 0.391920499533002
0.0876354061450692 -0.362488448153106 -0.176832303711924 0.427275147294229
0.0339793571091994 -0.326415686885397 -0.141371943748424 0.37940345746926
-0.0600018386530664 -0.31109589751406 -0.0917587007525892 0.305966244869077
-0.103180433495372 -0.308449787425249 -0.156824528374823 0.219097688365052
-0.163067159650947 -0.241727230332633 -0.211800115896374 0.139544366806444
-0.253316559477649 -0.188651156321937 -0.215152529098797 0.192740044637074
-0.282267377804347 -0.106598691174191 -0.296150064440456 0.336329224514631
-0.391377843015195 -0.00941670604310475 -0.186505001799805 -0.428149379565172
-0.467951118458208 -0.107144523253092 -0.109160937827037 -0.350571542981148
-0.444265480105091 -0.232463771074185 0.027291149730623 -0.327085382886506
-0.417358661945581 -0.372574043248952 0.166545396052301 -0.3177083096179
-0.257075669768885 -0.509126692200833 0.213592856757964 -0.230375267571295
-0.0464219761288143 -0.546200237660327 0.171531857626971 -0.0648759870728206
0.0813542218899618 -0.554787055282917 0.0474599968104842 0.144833031013793
0.133351083341864 -0.526844497519782 -0.0785509632366999 0.207860943567041
0.101211962194241 -0.50917537400792 -0.133290858440623 0.29885213293249
0.010409227150376 -0.48557278632226 -0.119548614688898 0.327122271605574
-0.15112380555087 -0.458751048918816 -0.0767074598743229 0.310581301544719
-0.239672631816981 -0.417385875705811 -0.153168374188201 0.271157798434848
-0.30448570320091 -0.292462713471104 -0.174666470616788 0.213280375305663
-0.389350308147047 -0.208507130224635 -0.13151764830321 0.272170613794396
-0.399378110134161 -0.104876820516327 -0.146744340594114 0.397692029803345
-0.40120665647578 -0.040269876864664 0.0136055014428438 -0.422183412670712
-0.467369607025709 -0.171611759917984 0.0683500315240052 -0.340098174549559
-0.413198723374828 -0.304909886182135 0.158024680798849 -0.294294541586098
-0.356621197163243 -0.436685178878521 0.225176393339133 -0.308327277376642
-0.183771294161942 -0.544660178421183 0.209518748563131 -0.274271007324694
0.0185751581930429 -0.567202984840224 0.173054915678044 -0.194321700788416
0.130143540448669 -0.57467055774961 0.0822125934873609 -0.0560421940886788
0.152259305301328 -0.57480934755631 -0.0206891703812153 -0.0103604371480773
0.0875770283305337 -0.592751445377016 -0.102156146742849 0.112874943907053
-0.0432394808291397 -0.577508401068685 -0.123773200682328 0.212914185099306
-0.256269211034284 -0.524070001659511 -0.0843668213563962 0.27289149549535
-0.37366111818876 -0.43071823800166 -0.129292410111431 0.305065807327456
-0.420883318559046 -0.266329016811143 -0.09216838246605 0.271661475333437
-0.479552815872402 -0.166065725360552 -0.000646701858802919 0.329660087934099
-0.466222626978931 -0.0740221096990291 0.0400894994623035 0.439462927646585
-0.34375734807277 -0.0675372581411132 0.203901415392926 -0.380948937572871
-0.380010582294801 -0.197555763479173 0.214943029781875 -0.283385728528154
-0.293914939744411 -0.30763416940317 0.250729827540037 -0.209496126647398
-0.216280020925918 -0.392664890433729 0.251900023290404 -0.258211464177724
-0.0715806605159237 -0.457062934804997 0.201948321958583 -0.281397680159377
0.0751906493288975 -0.476899808075642 0.190208052657659 -0.290559609899129
0.156085865470777 -0.501861569440112 0.137819358684006 -0.238538514677933
0.151279117868224 -0.536328269551332 0.0402984891460501 -0.230367191076037
0.06397386163123 -0.577045628152253 -0.0902654673039043 -0.100802901076447
-0.0818897121620309 -0.563137415848565 -0.163511278892328 0.0623570034564103
-0.301009066329976 -0.479523570364705 -0.125360971511711 0.209251682392683
-0.421010704415828 -0.353276336529257 -0.100958650885495 0.306713249753616
-0.447999701394878 -0.186029303679414 0.00920699628976351 0.293998685079092
-0.484342037295262 -0.0950257374407207 0.146921569025642 0.347245452513758
-0.459763721492617 -0.032810940931723 0.234065327971253 0.451402804918796
-0.238703842789304 -0.0715948889750828 0.345794824188472 -0.318117461369671
-0.248604492007912 -0.16668986175278 0.299240089098588 -0.207056436726444
-0.15619441637148 -0.230929770175684 0.277471567763241 -0.114761223783374
-0.083813074274174 -0.261573869546066 0.232387304798575 -0.195366539246024
0.00715672227393677 -0.293550541968346 0.180791827718618 -0.258388538624625
0.0891317694851181 -0.319836481142056 0.20689273547323 -0.333663606901103
0.145036722844707 -0.361130338754439 0.196269845878233 -0.373832092715367
0.125601963908158 -0.415261659135377 0.0990058735933768 -0.41758889697038
0.0439007940878944 -0.460597342331008 -0.0882027021736945 -0.297417378545571
-0.0761976090789601 -0.442304930900541 -0.218125139238321 -0.0806241561184131
-0.249319773208658 -0.351849675486769 -0.183245796973816 0.144887120887591
-0.349311293937443 -0.231766887377845 -0.0855716988453207 0.282092057064766
-0.365342634436645 -0.100972833433625 0.091405373226558 0.287123887586201
-0.394340033550224 -0.0353986204861295 0.270644191537144 0.334960816924325
-0.373196450034417 -0.00420087039346701 0.395072234779001 0.436792892810671
-0.10616063258987 -0.0486420632929734 0.427154446791813 -0.261632462283638
-0.119458186222256 -0.0846383829164041 0.325294856137946 -0.151557940405671
-0.0565727962917349 -0.112390950700302 0.25881970018882 -0.0531405606282632
-0.0140981231803292 -0.110915485246154 0.191794746724468 -0.156980994503097
0.0293527293232163 -0.129857716777229 0.149986020894694 -0.231760207115278
0.058509818771351 -0.157068153213691 0.211503748673929 -0.341132925925033
0.0953578301679174 -0.190257853630789 0.236638504083611 -0.453141987160463
0.0808344127013842 -0.229122884229126 0.140319215407334 -0.54345362162271
0.0334057760059913 -0.259701840306741 -0.0867860335038729 -0.436929103469165
-0.0298337227657471 -0.251088464678927 -0.260917832259725 -0.182996720630246
-0.126556032152432 -0.183959263456487 -0.234137780131769 0.0983318429494728
-0.19790364285972 -0.109367749415921 -0.084797880953252 0.252264620272143
-0.207252777192325 -0.0412247663947264 0.137234620805663 0.272739613528112
-0.232620234831272 -0.00182663589786437 0.34362867648135 0.313856709997232
-0.219115872405919 0.00664537094742921 0.497506867585955 0.407800051906839
-0.0129671665481902 -0.0227511739186196 -0.50147019383191 -0.312161080952149
-0.0201457082269752 -0.0152812916160253 -0.405692764048085 -0.227579023649113
0.00293027324435099 -0.0322354018509027 -0.184757700837081 -0.219229143100795
-0.0126064310986496 -0.0254083843084045 0.0434104540266328 -0.196915080924273
-0.00309444107536205 -0.0142867684260635 0.211171066833843 -0.0962548401488774
-6.22112841946274E-05 0.00832441541827922 0.205964966463814 0.172688972849293
-0.0227574522366468 0.0157949274503084 0.0512307235739585 0.455380050450979
-0.0253958467997528 0.0129673050905693 -0.157470126385495 0.547048292092762
-0.0292976624082287 0.00580944968076423 -0.214415103792681 0.497139772486555
-0.0352396557920948 -0.00457965919545008 -0.161722800430237 0.368032536604246
-0.024173243910307 -0.0134843089314094 -0.108186133812889 0.252843801269593
-0.0121009187656125 -0.0273770641105664 -0.120403433226485 0.156552180183758
0.00217757243657329 -0.0226245607594687 -0.198565516260796 0.0573116637176633
-0.00112706278912622 -0.00793275133797906 -0.263175410501518 0.0892754147606619
0.0144863408460092 -0.0203179069618689 -0.427060549774965 0.246939955262368
-0.177887947555994 0.00530731875552977 -0.47155380544025 -0.349196172023646
-0.214499542556534 -0.012787175996664 -0.373255520761571 -0.259730551384918
-0.197298519352299 -0.0685910894668546 -0.162054322776683 -0.257591534731353
-0.206552234909004 -0.124117339734974 0.0659715233336094 -0.236080032902617
-0.14935971891683 -0.18977183623072 0.219231856925637 -0.125105074125849
-0.0601318623702349 -0.212911988437632 0.202625364530068 0.141232939234124
-0.00766240581518196 -0.229342228376503 0.0466383813286703 0.428764926977164
0.0335047520057196 -0.208129830371633 -0.150420128297439 0.511179110814898
0.0363631366643748 -0.181507149918835 -0.203933170014523 0.491229176146971
0.0103696026037254 -0.155046974956248 -0.154591830090382 0.381562820049497
-0.0243915312877487 -0.148724038856551 -0.100365508619102 0.275171954779081
-0.0328721162915362 -0.162584129231213 -0.13663124647667 0.177950800172568
-0.0599919869534328 -0.136602721339971 -0.207162789062973 0.0853005464653196
-0.119840635942741 -0.110642156357049 -0.248418658839314 0.126771224912936
-0.137862356141767 -0.0716898349911842 -0.384905504166549 0.281308557091657
-0.311672595040951 0.013177927653368 -0.365197242578087 -0.392628921357988
-0.375972960740704 -0.0396380897018617 -0.272662025295521 -0.310080975059847
-0.361671379865512 -0.133676944193908 -0.09215848742672 -0.303842773833859
-0.358024802687054 -0.24470532005251 0.103555800258636 -0.285008496738002
-0.247111907716815 -0.365305667981179 0.215600012787346 -0.175050603791654
-0.0824875120566739 -0.411094802141591 0.185398362083135 0.0558509795928179
0.0256500038394703 -0.431805982305647 0.0419944960802211 0.318544776206263
0.0862872089500067 -0.398508918125925 -0.119651674969736 0.391184211627266
0.0811636291327312 -0.360780287656295 -0.16837006354956 0.427621511241656
0.0285000660243858 -0.323731991678755 -0.134442783656132 0.379489657184161
-0.0647457677269234 -0.30748196116558 -0.0865660253330022 0.304722456992304
-0.107954202662138 -0.305206445274161 -0.152129018740965 0.221548865845536
-0.165845521971775 -0.236493417439285 -0.207227831278611 0.142651553890334
-0.254918101540725 -0.182560129599206 -0.209886341372658 0.194679866803378
-0.281551820920689 -0.101297101545301 -0.286416065444833 0.337486505976832
-0.389170357979423 -0.00341493653954078 -0.194632625303776 -0.420356779079311
-0.468319187183358 -0.0974075221597799 -0.115004166071615 -0.34551060777624
-0.446803915775538 -0.22385360179244 0.0219833218105522 -0.325888729681252
-0.419526030847535 -0.363372735884559 0.15927031023339 -0.318712882937987
-0.263330305671182 -0.499850993466947 0.208257530249611 -0.234440642380746
-0.0558047814282802 -0.540899941600412 0.168520570019193 -0.0684528561397746
0.0721263897816637 -0.553078486775328 0.0494499985680504 0.142934843011071
0.122780353391339 -0.525059053982484 -0.074343159196706 0.20791473665144
0.0927491730922348 -0.507907440120872 -0.127515512854144 0.300139933547862
0.00184024611016589 -0.482530334908043 -0.113108351460515 0.327389516770078
-0.15902164838107 -0.452317110199388 -0.0708077967282575 0.308673709983396
-0.245417553023339 -0.410828414565556 -0.147321224607919 0.272584692265434
-0.307118472921755 -0.285353180446387 -0.168881236260025 0.215117814353821
-0.389989314005849 -0.198553505124773 -0.12511018566395 0.272046019146328
-0.398874304411455 -0.0973489578264709 -0.136651874929398 0.397048900724118
-0.3994044828111 -0.0340973878589751 0.00399991308400363 -0.419131929490196
-0.467834824398303 -0.161696493234501 0.0618654796246733 -0.338357538215643
-0.416585956421479 -0.296199963089741 0.151513503262868 -0.296147358232737
-0.360941938907096 -0.427810025431413 0.217256039656785 -0.311750174467444
-0.191244215902846 -0.538553784489807 0.203325991128072 -0.277369933287637
0.00846492416818747 -0.563842214459078 0.16759433241001 -0.197168395249532
0.119119924102611 -0.57273269102973 0.0805373184386494 -0.057025117607882
0.140706613999953 -0.574147487783063 -0.0206338025641397 -0.00991382433975623
0.0767212404607262 -0.589314790983606 -0.099339907079484 0.114581404839859
-0.0515528534346267 -0.574234028030997 -0.11971348675508 0.213718260230816
-0.263157537553756 -0.51559642607311 -0.0797767166605108 0.271803766170246
-0.378687496899884 -0.422325965697472 -0.122933729935462 0.306164860873841
-0.423353086483755 -0.256942522640655 -0.0857531804518588 0.272353378249997
-0.480076178993437 -0.154816081347149 0.00528375970246873 0.325867795817885
-0.463583872021105 -0.0657387418777613 0.0490987547423208 0.434467615982845
-0.344390319857916 -0.0615300445691549 0.193319495437963 -0.381111235084728
-0.379841184145786 -0.190273665343911 0.207921464457064 -0.285317386098047
-0.298304990703691 -0.301835437465314 0.245328860151925 -0.214337503899324
-0.219679241089807 -0.386463420820364 0.244446200541279 -0.261521912093363
-0.0791401310177721 -0.453652613588367 0.195984823019678 -0.283814889345343
0.0678109948643261 -0.475064034698003 0.183769751530133 -0.292309901812478
0.147305491223326 -0.501399744894654 0.132267072685573 -0.239295171563292
0.139056233594484 -0.534433502793244 0.0362829952160178 -0.22895894287407
0.0532549325233384 -0.573783651678634 -0.0905788341917181 -0.0976113993828538
-0.0904609652270759 -0.556886928748949 -0.161518383930101 0.0651656683748423
-0.306813155396691 -0.46960234606433 -0.120936853036169 0.20921587681054
-0.424601676331357 -0.343002168287479 -0.0944766829921263 0.307122114220488
-0.448081602305792 -0.176468980839925 0.0145712399304559 0.292267352482326
-0.48395586653312 -0.0845945935812006 0.153346278035339 0.341500988585581
-0.456184402986379 -0.0241731232920677 0.241945689334746 0.442200608838343
-0.238944695189288 -0.0677001883465523 0.337238439408537 -0.320377977092272
-0.249548763324425 -0.160554106849531 0.292339020744183 -0.210958749396049
-0.159510967775295 -0.226503709621503 0.273365235314907 -0.1205664843492
-0.0868285809526625 -0.257880027725453 0.226393851901214 -0.199476094621523
0.00238200000397997 -0.291440376101831 0.174407508682476 -0.25985018834635
0.0831214093171509 -0.319071324478161 0.19973410266102 -0.335074517135565
0.13828904735217 -0.362391724233075 0.188542987285537 -0.373560737042387
0.118145870984509 -0.413918146125747 0.0916008379799765 -0.414665389881766
0.0366267768563488 -0.457638331998067 -0.0922978462351953 -0.292433528538569
-0.0837633865538204 -0.438462317586682 -0.218048797885202 -0.0751379444880304
-0.253799678000673 -0.343894548364623 -0.18007436631726 0.146554770639433
-0.35219265881128 -0.224452722286468 -0.0798858898723301 0.282901809845757
-0.364997270049557 -0.0936230635933492 0.0960347705672162 0.284078921309566
-0.393237417276601 -0.027799941978697 0.275682639517292 0.32752035914091
-0.370140656286777 0.00324379573764998 0.402692084067354 0.424350828904722
-0.107434125076003 -0.0468749981237266 0.417934415871139 -0.267686511435069
-0.120061779532518 -0.0814435012308824 0.31823021919222 -0.156395782605537
-0.0591625986980209 -0.110360206581571 0.2553067122886 -0.0591801694161683
-0.0156010464051581 -0.109912926347659 0.18586132141834 -0.160205219101645
0.0274511148196966 -0.129227492305538 0.144981536830909 -0.232690129507279
0.0548918733017687 -0.156437366790779 0.204371390627348 -0.342155001716768
0.0916205684051316 -0.190283390421294 0.228046588210702 -0.452696028213411
0.0761501934469904 -0.228380932723346 0.132095315188099 -0.540949228431214
0.0292345929597765 -0.258829160446109 -0.0929875084928813 -0.43214642056722
-0.0348079099401613 -0.250092606433428 -0.262091062816479 -0.176670164052794
-0.128773212207176 -0.18046888468201 -0.231150183769261 0.101284818151174
-0.198676631346875 -0.105319546237869 -0.0804616266018109 0.253221341755351
-0.206803612701664 -0.0373013902410396 0.141601236136954 0.268325169500363
-0.231869291233283 0.00279545064907826 0.348529620847817 0.305057794230394
-0.217171402305118 0.0105629938940469 0.501880929596957 0.393677861357156
-0.0130722994406268 -0.0225358893653972 -0.50194371226887 -0.301367423463521
-0.0204229574520602 -0.015061588795411 -0.406868060488883 -0.217194990489672
0.00235864569450872 -0.0323686044245664 -0.186660791093428 -0.214463189821089
-0.0129353388996091 -0.0253837753690121 0.0397706906835679 -0.196770723937707
-0.00303470647605372 -0.0143229381241276 0.206890408762009 -0.0992680104142807
-0.000120831974694349 0.00824509932504525 0.206079643123258 0.166892083210123
-0.0217692934376283 0.0160026979345511 0.057614302887405 0.449069417368232
-0.0251652215115545 0.0138744079374009 -0.148037819154163 0.544773253505279
-0.0281420876513522 0.00679940293569094 -0.206479438675582 0.49673185561098
-0.0349510990415342 -0.00370880834662795 -0.155779106812802 0.367929981488515
-0.0241933700729428 -0.0129513129619502 -0.103352507702005 0.251936701542771
-0.012609154902586 -0.0270646059438219 -0.116089497098809 0.157895424443805
0.00152869320128287 -0.0230091008664418 -0.19597986523732 0.0604745603644132
-0.00112350239093317 -0.0074747652420431 -0.258354432578575 0.0926475601662569
0.0132342284769678 -0.0203099310742739 -0.417057169266381 0.250915961861181
-0.176536227826758 0.00783556984086632 -0.474915311670355 -0.335535703644646
-0.21294039808981 -0.00967094553766631 -0.374319384328136 -0.251096274089779
-0.196927340046255 -0.0645889209687503 -0.164497867478955 -0.253584118764498
-0.206193515215844 -0.120193529579437 0.0615105516308205 -0.235809872416855
-0.15079017584436 -0.185747388694014 0.215355531438307 -0.128293291007284
-0.0626841613975047 -0.209934640648898 0.202344507248751 0.136192771614933
-0.0107242493657227 -0.227552307143451 0.0528530075955683 0.423742587864496
0.0298182779348006 -0.20618325274951 -0.140752251936316 0.50793651411104
0.0340939467860929 -0.179582748602818 -0.194496167739189 0.488801194005715
0.00833071098796537 -0.153370417460818 -0.147532151374267 0.380890435017016
-0.0260982641416406 -0.146369750726139 -0.0947302040116361 0.273847635582648
-0.035582726179557 -0.160675348139823 -0.131771142359485 0.179359192293849
-0.06202181451672 -0.134135873144037 -0.202906058203268 0.0881717112726051
-0.119674958411495 -0.107260236866167 -0.243869605888349 0.129414063525701
-0.137280758898429 -0.068642100063751 -0.375705783622267 0.284217310065496
-0.309248452433662 0.0175205997473718 -0.36992894066439 -0.379927671268442
-0.374275604297503 -0.0332688603771592 -0.276112068428808 -0.301595542900624
-0.360999384382652 -0.127262682292731 -0.0970772658027423 -0.299568527544173
-0.359558849368763 -0.236921883620129 0.0983711963010571 -0.284929608846606
-0.251580741893688 -0.357856752714209 0.211212694050559 -0.178268165367112
-0.0877168418017566 -0.406475176774975 0.183707129075506 0.0517356696013294
0.0194630606053493 -0.427377801483911 0.0460131810229594 0.314388087144233
0.0790434555615038 -0.394060738453111 -0.113415505177878 0.389058242763857
0.0759530420110758 -0.358980683384579 -0.161573830094984 0.426630867937179
0.023765137768549 -0.32112817305269 -0.128071694487074 0.37847363736963
-0.0685991124140902 -0.302118309171212 -0.0813196119318652 0.302069075758902
-0.11183936480439 -0.301217725397337 -0.14653989215756 0.222829866174152
-0.168581002338808 -0.23185294596381 -0.202323145512485 0.145004465582367
-0.2556683231584 -0.176706966338016 -0.204535492183483 0.195846427106181
-0.280825785308298 -0.0957169641227698 -0.278167765033085 0.339126665738223
-0.385622886877555 0.00226630761919507 -0.201069923341748 -0.412948958468991
-0.467033345207976 -0.0900157587634606 -0.120450503862861 -0.340100815630838
-0.445580795389114 -0.21411918816546 0.0167472447877153 -0.324885799822801
-0.421662040551867 -0.353344778821434 0.152091878934896 -0.320215404906731
-0.269099971593714 -0.490251413360698 0.202723494991494 -0.235938656031809
-0.0626253989568985 -0.535781130149559 0.165744839961108 -0.0715705008607579
0.0628537569743524 -0.549075845436518 0.0513657487722948 0.140839973111339
0.113098457134677 -0.522749045314308 -0.071311056818507 0.207183485890518
0.0845367132343342 -0.504595386265236 -0.122560517355098 0.299361805817006
-0.00399595118958916 -0.479446819946988 -0.107934431506789 0.326089362871857
-0.162962973533729 -0.44519677978555 -0.0657110856959974 0.306114729292081
-0.250640329533461 -0.403356415865975 -0.141575603734029 0.273857658703972
-0.309555913106532 -0.277136241164965 -0.163429280366798 0.215892020431641
-0.389682079138138 -0.190800889514026 -0.119680861524313 0.270351647200538
-0.396296606856407 -0.0897326855402102 -0.128126208512862 0.394908143488528
-0.396182325005877 -0.0288223953742683 -0.00452557811507179 -0.414108287183015
-0.466040969931101 -0.153769258310872 0.0554754756573403 -0.336602739481332
-0.418213538157739 -0.28712591014118 0.145435971666298 -0.297821868477711
-0.363915847934392 -0.416375918661188 0.209746376746355 -0.313632600802076
-0.197994409428074 -0.529554848414985 0.197497691596415 -0.279203399528499
-0.000195904756893356 -0.558419570900144 0.163171907088652 -0.198590517206037
0.110524610356646 -0.569877298842982 0.0790881951945011 -0.0575312919057698
0.130844854850814 -0.569105499249255 -0.0205331673396666 -0.00953873719089081
0.0685029906205927 -0.584569534094433 -0.0974560936029296 0.115596930001831
-0.0603343164276587 -0.568309146833109 -0.114964677519028 0.214492577828749
-0.27012782324643 -0.506775718736416 -0.0745680908863001 0.269701667522572
-0.383297464246345 -0.41168179701027 -0.116740134979509 0.306321353889316
-0.424374824044436 -0.248514022821388 -0.0799687405012218 0.271108898329543
-0.478467761695568 -0.147605542046734 0.010650670221209 0.322080629870121
-0.460811770383587 -0.0564342470925838 0.0567874701552088 0.429147547960851
-0.34281770509175 -0.0566930181641691 0.183814989407373 -0.381093250596781
-0.379932563243116 -0.182241684652382 0.201037003129641 -0.286884156845232
-0.300714096942473 -0.292949867222798 0.240119925574227 -0.217736226525819
-0.223989057591447 -0.379579369556306 0.237644136426457 -0.264345263766098
-0.0843676439691525 -0.447414007344362 0.189775343270034 -0.285078153517087
0.0589949647478258 -0.471102322240681 0.177385465510521 -0.293100336925148
0.138961560635733 -0.499844122544736 0.128334499321119 -0.239096919916255
0.130476279602664 -0.531726433519791 0.0331872905908157 -0.22725857054492
0.0441465334456315 -0.5696586800069 -0.0910026209478491 -0.0942517800094702
-0.0985132338068666 -0.552514767851549 -0.159144808772441 0.0678452404971127
-0.311714816686299 -0.460433762660188 -0.117541488486924 0.207850365457371
-0.427646382026426 -0.335096907236892 -0.0893216669087545 0.307215570659384
-0.448107590975354 -0.168605292256769 0.0197679558858463 0.289307204834719
-0.481305618027126 -0.0767970079053475 0.157656808918605 0.335563304791783
-0.453584771043922 -0.0172725017649272 0.248278406358457 0.433450540741801
-0.239339392070029 -0.0639628143243872 0.32610964102699 -0.323424146392104
-0.250383694363869 -0.155416690870882 0.284952012963169 -0.214074171326124
-0.162526297293979 -0.221933823115501 0.268832116651112 -0.126010522723099
-0.0899790632933352 -0.253497911610515 0.220741856738856 -0.202064108366166
-0.00194720835280949 -0.288130754594699 0.168792986330451 -0.261276748814264
0.0773533143890742 -0.316582562472779 0.192472157430116 -0.336120160582698
0.130709286544622 -0.36078023407686 0.18123365759473 -0.372745521474485
0.111212345573584 -0.411867977853347 0.084827195103748 -0.412431031296721
0.0296522851839147 -0.455322762794536 -0.0952868184234532 -0.287084415749368
-0.0898609435387716 -0.432425507369824 -0.216876251938881 -0.0713907940104165
-0.257126732077974 -0.33743016063271 -0.177466732126984 0.146946234509841
-0.35310500806167 -0.217081102609494 -0.0751172477001911 0.28193972209013
-0.363902098645682 -0.087494345863073 0.100409352875886 0.280480860397317
-0.391378762737408 -0.0206617923010264 0.279254903946844 0.319543591180708
-0.366690463694532 0.00900410803675033 0.407304348903783 0.413327672595801
-0.10734665105682 -0.0449615969892829 0.408113475044237 -0.270971328456656
-0.119969011345937 -0.0791366263530163 0.312340907372341 -0.160541751133806
-0.0605436868244222 -0.10779560631675 0.251834392930294 -0.0639744313710865
-0.01661931283124 -0.108745594155556 0.180771394311132 -0.16245813121962
0.025228080613972 -0.128415615225836 0.139888709704796 -0.233150968754363
0.0521111565812703 -0.154920085114695 0.196952316408717 -0.342639278983799
0.0870716076647151 -0.19036779769223 0.219289374006085 -0.451478237786171
0.0722700490588265 -0.22772952621735 0.123655942887528 -0.538259045855945
0.0248074247087439 -0.256683884612091 -0.0989207480480561 -0.426418115658523
-0.0382288690946093 -0.247557088316584 -0.262418969882491 -0.170533640082582
-0.130106870454849 -0.177077164484052 -0.22865436590621 0.104222665462229
-0.198105848339724 -0.101157228625911 -0.0759749484060951 0.253257738051711
-0.20598375397188 -0.0336554647920951 0.145369967594995 0.264330472191774
-0.229603879643063 0.00678662861583583 0.351525318022408 0.295711758234658
-0.214642348276574 0.0140791027394582 0.50556863488001 0.382154439518336
-0.0130928711671497 -0.022054132787606 -0.502834330786935 -0.289325562313192
-0.020437908770069 -0.0143628864957436 -0.405829196274399 -0.20791772463032
0.00214635761965273 -0.0325113192590142 -0.18771657185273 -0.209982713906596
-0.0121381622194378 -0.0249873149855386 0.0371365179446347 -0.195632959859929
-0.0032745761966274 -0.0139884494100466 0.203862953984173 -0.10162865537105
-0.000116033958610744 0.00833683405426425 0.205566828754288 0.161636532301525
-0.0207391267122325 0.0168468672440455 0.0635548268067662 0.443339047910131
-0.0243158700197769 0.0142010133551319 -0.142429814518989 0.541138116125108
-0.0274346312957217 0.00706902681456236 -0.199397837850741 0.493681300198413
-0.0345186145169876 -0.00258625825455926 -0.149275623387987 0.365696678841325
-0.0242382851273711 -0.0122452271733959 -0.0988885161246577 0.251240087581158
-0.0132924789102444 -0.026963598307705 -0.112997021770308 0.158134269303797
0.00139806028588307 -0.0225659994663203 -0.192775096480441 0.063128015048931
-0.000522692808322084 -0.00696430477880725 -0.253478314478312 0.0952148865747937
0.012996868260289 -0.0209783564051814 -0.408651501663333 0.253971545168709
-0.174991515838965 0.0096208522740151 -0.476232168086837 -0.325623422276379
-0.211624517167382 -0.00632026765925627 -0.374642233854426 -0.242328228391042
-0.196002219950884 -0.0619255234034114 -0.166360709199721 -0.248785100824297
-0.205716502668317 -0.11576849383794 0.0574861770870373 -0.235048024545238
-0.152663817209447 -0.182524794621105 0.211037390716193 -0.131152225655747
-0.0649873437856881 -0.207341708216052 0.201442602801338 0.131186796262302
-0.0127592328246251 -0.224379981756941 0.0571713859185257 0.418695946295164
0.0266553896295063 -0.204032889659585 -0.134008784949046 0.504048155164565
0.0320978482526953 -0.178230263248162 -0.187021450024102 0.48683582610687
0.00615063578189261 -0.151537554836039 -0.141510448533767 0.378617287305766
-0.0279378652055393 -0.144143066367969 -0.0910693447311426 0.272085997053911
-0.0382574916577105 -0.158583122935721 -0.127653901736522 0.180016163434898
-0.0632712739730512 -0.13171124648379 -0.199131083137527 0.0904275960000883
-0.119755905409256 -0.104385460260962 -0.239101528437565 0.130552802094622
-0.137196420022707 -0.0665374870180617 -0.366715480477606 0.286757131399028
-0.306546605938299 0.0210092849781974 -0.371858576811205 -0.370117301703016
-0.371295118248 -0.0277286830103732 -0.277469763586407 -0.295481239545335
-0.359578434674953 -0.121022404225004 -0.0998242543232589 -0.2960606909573
-0.358196607141931 -0.229748010571012 0.0929281385721297 -0.283541676601497
-0.253100486978482 -0.350810382532899 0.206513557784955 -0.179540999522347
-0.0925499462710528 -0.400462961691898 0.181807814090029 0.0482006118117122
0.013042099568187 -0.423929174603184 0.0501552802114408 0.309821839233418
0.0723933747155875 -0.391748241526021 -0.108086082730527 0.385888679248229
0.0712318257982768 -0.355316527910305 -0.155400186827237 0.42474570138706
0.0188127034685101 -0.317745879174741 -0.121071699281792 0.375805072163345
-0.0718877160997166 -0.298234632379969 -0.0758649843015098 0.299644265859078
-0.114819970925397 -0.296613326706974 -0.142135521207204 0.222737966077439
-0.170497644060189 -0.226811158756061 -0.19787030743003 0.146419883672823
-0.255178021805662 -0.170826018797887 -0.199351350395498 0.1958229203097
-0.279322084891283 -0.0914275604199954 -0.270863280739916 0.338861447425704
-0.382816183541974 0.00650413944622768 -0.205492680232085 -0.404593956307447
-0.463603906062795 -0.0828512664254462 -0.123857985492984 -0.334584100803149
-0.444620825625742 -0.206528369183418 0.0118751743496984 -0.321998055071226
-0.422488018084447 -0.344375393097294 0.145949116530865 -0.319468683082198
-0.271429211102839 -0.482750887374032 0.197189052668887 -0.237826505964054
-0.0689476858633283 -0.52935830931671 0.162167101059363 -0.0734865435481682
0.0562437628464662 -0.544185673257974 0.0526209750659235 0.138539328613186
0.105873991960726 -0.516824848494755 -0.0687337107858822 0.205474031130648
0.0799091796545436 -0.500348428533477 -0.117814366221759 0.298831688751839
-0.0106134983375253 -0.473736832096403 -0.10205252150658 0.324777929048081
-0.169046646475416 -0.437846017998713 -0.0611856076434166 0.303073097726763
-0.253449832643875 -0.397025927770051 -0.136184346882931 0.273541798704593
-0.310357864071838 -0.269523164664905 -0.158172107280792 0.215908629217387
-0.387847725901916 -0.184113590938974 -0.114806505729735 0.268427688795148
-0.393283846552584 -0.0842406207757486 -0.120661370744811 0.391967886552288
-0.394232824441486 -0.0231757122408985 -0.0106791695112656 -0.409256808249889
-0.463923071697276 -0.144548412306728 0.0492391669902409 -0.333720718486597
-0.419594147227713 -0.277960080225829 0.140017180092087 -0.297683842698702
-0.365318357154148 -0.40857737393625 0.203274668494171 -0.314545508184235
-0.202272733710163 -0.52199496552919 0.191542755216343 -0.279470077486596
-0.00754185914911474 -0.552640135910041 0.158091491658332 -0.199539802771906
0.101501316299915 -0.565877457533201 0.0775411326143675 -0.0574912058914896
0.120708545763063 -0.565857107593931 -0.0205129198978683 -0.00929658936454424
0.0600887578929248 -0.579907208172506 -0.0944671565030592 0.116556098153415
-0.0675767016050009 -0.561751507010306 -0.110984767385782 0.213863857308725
-0.273527184291648 -0.495712464341646 -0.0709967363823306 0.267036769680853
-0.387017085417875 -0.40460235148195 -0.11137254545852 0.305776033194381
-0.423776170290555 -0.240223532981004 -0.0751495022646223 0.269270194778548
-0.475415511239661 -0.138637083628175 0.0151418282952643 0.317948048561832
-0.456832271126006 -0.0494149870137803 0.0629125282122091 0.423289539989197
-0.340878160707504 -0.0517321323181271 0.176807457767965 -0.379075736314007
-0.378379503765181 -0.17509422386671 0.193728358317558 -0.286085100498958
-0.302865521058813 -0.286139405832634 0.234891371368761 -0.220836002495691
-0.226242381037292 -0.372346310452969 0.231442797033893 -0.2658704325714
-0.0895188529934209 -0.442252708643346 0.183693451712293 -0.284980605323463
0.052227822556025 -0.466176994140821 0.171942374304327 -0.29308702141215
0.131318685546561 -0.496739026841803 0.124469619934289 -0.237539999792085
0.122250858367227 -0.52795605231977 0.0302173961296738 -0.225143637302003
0.0372021742187296 -0.565111238762355 -0.0910263961028455 -0.0907469333775837
-0.105335268169109 -0.544905808765231 -0.156046037686437 0.0699293821211334
-0.312935860315592 -0.45206872710241 -0.114752032270006 0.206253162693035
-0.42830155667566 -0.326093861508546 -0.0841398830661808 0.306409700853547
-0.446911119353915 -0.160979685406951 0.0239989276046846 0.286436424674294
-0.478087006849094 -0.0692422707378605 0.160679207168061 0.329135689248723
-0.448203652997999 -0.0100332290789268 0.252513788695491 0.424407783311356
-0.238012547390849 -0.060296924414332 0.318083955293576 -0.324765241261849
-0.249850412350294 -0.15009866496001 0.278580115172327 -0.215766817373924
-0.164221178940898 -0.216892316593875 0.264138970162484 -0.129280020590219
-0.0920374105118767 -0.250252461426449 0.213756942988987 -0.203954658212197
-0.00509935789562433 -0.284895996523359 0.163995393116703 -0.26050497610603
0.0726537369475395 -0.313821161455571 0.186768272453965 -0.33539298472949
0.125309414604751 -0.359216796771883 0.175863965346562 -0.372080456513508
0.105606068813352 -0.408314774258425 0.0791003674112187 -0.409155775479209
0.0241508765175062 -0.449891209986943 -0.0975028023039045 -0.281900544217982
-0.0943615873228877 -0.42869306436022 -0.215665271314396 -0.0674274219755696
-0.258631194741208 -0.330365095594705 -0.174634386096474 0.147148888014999
-0.35330423115198 -0.210582685504323 -0.0699676629690814 0.281519410178325
-0.361333817214999 -0.0814654965980086 0.103579422862546 0.275784346416313
-0.388132083917817 -0.0149325614757886 0.282146124172958 0.312138130546765
-0.362025186951743 0.0138333699916014 0.410590900201996 0.400853695426802
-0.107647627584082 -0.0438738774546025 0.398450341860111 -0.27323485048268
-0.120097232382513 -0.0766036244221653 0.305317289114626 -0.163955817023371
-0.0620802933545805 -0.105485721365495 0.248253190371863 -0.0688356393730692
-0.0176157757849245 -0.107018672188116 0.175670361114837 -0.163749988672384
0.0235155478220141 -0.127950898554455 0.135001121927825 -0.232812225808548
0.0493270722940689 -0.153544246769051 0.191108132353212 -0.341895991436279
0.0836372424040447 -0.189894484134397 0.21227579679604 -0.44960227485816
0.0685539411309741 -0.226364400577187 0.1147332875422 -0.533212212768066
0.0212390875006415 -0.254885248835732 -0.102410412277972 -0.418965465724679
-0.0415346904456146 -0.244694885663703 -0.261864299723751 -0.165095971530466
-0.130848163304183 -0.173929066459956 -0.225640007369224 0.105840222812893
-0.197733213844362 -0.098032414942965 -0.0717905798498789 0.25219060016921
-0.204304552873125 -0.0307377926356 0.14803922932208 0.260166762466022
-0.228013298806603 0.0103209688785336 0.353325196253629 0.288087042428943
-0.211964461077205 0.0173606919114376 0.50683497981814 0.368358619868564
-0.01346639423051 -0.0213264634938069 -0.499872196155807 -0.279685944595352
-0.0201848063843965 -0.0139737386435012 -0.404010330695052 -0.200127263242153
0.00119554800984715 -0.0322844226891173 -0.188594087647705 -0.205671749400401
-0.0121429660834709 -0.0243427371216774 0.0340751502662075 -0.193758127767322
-0.00332492021647842 -0.0144204963000634 0.199887143099468 -0.103593376760756
-0.000269990420159064 0.0081516531580768 0.204745188132096 0.156829757602082
-0.0200154761008984 0.0169991867247312 0.0659618719754962 0.438375326688624
-0.0238451941404142 0.0150921210215792 -0.134939467767482 0.536843095249552
-0.0265518369963434 0.00757396039167691 -0.192471193775385 0.491205420472394
-0.0341494885640268 -0.00163223464407586 -0.144075572436433 0.363259927211658
-0.0240280379535951 -0.0120459916485247 -0.0955496805177578 0.249343043125058
-0.0137327989552177 -0.0261080674197392 -0.109113698312561 0.158489543366088
0.000681576646162113 -0.0222242189651651 -0.189179106235797 0.0654238424209045
-0.000404547265985069 -0.00690012669155303 -0.249783497271025 0.0968182778095636
0.0122710587562967 -0.0208663457792089 -0.401891302289605 0.25531575472753
-0.172821220407738 0.0115671635803348 -0.472674246772813 -0.315119331242857
-0.20965488597999 -0.004064694158821 -0.373616208034624 -0.234863939317959
-0.194898536881562 -0.0592064880313402 -0.167668518714007 -0.244788411397517
-0.205191270104871 -0.112478719809098 0.0546889206277983 -0.233169845725086
-0.152144196975108 -0.178984599031164 0.207391078543893 -0.133037763697936
-0.0664631625672968 -0.203930147775743 0.199832140664322 0.127354009566393
-0.0151069928692853 -0.222166455935616 0.0607287255840568 0.412458708651546
0.0244187230381107 -0.201084947303129 -0.128774724264136 0.500460820435251
0.0308486875399937 -0.176848664656918 -0.181676721115334 0.484548336119545
0.00478464120020495 -0.149192953080425 -0.137117202609486 0.375977664348087
-0.0289244605261991 -0.141305179939444 -0.0876470012718933 0.269994822621144
-0.0392378797602501 -0.156608581976841 -0.124058186799581 0.179795406924263
-0.0641999248963664 -0.129702140143159 -0.19528566448139 0.0924173655057126
-0.119643285314735 -0.101495707247334 -0.234385370405731 0.131735789760623
-0.136652388263295 -0.064520546025323 -0.35894193019071 0.287313078873896
-0.303175150258675 0.0237136096750177 -0.373188711368437 -0.360535621853657
-0.368184171919849 -0.0231332450311741 -0.278165418439872 -0.287417375685519
-0.357449277756371 -0.116294078099586 -0.101949540731235 -0.292586159091019
-0.35742864409696 -0.224353806249849 0.0886060476811579 -0.282781302620185
-0.254175375915484 -0.345515387745936 0.202486610778623 -0.181160883942463
-0.0952557904703539 -0.396301418340419 0.179318987696153 0.0451327403490387
0.0104250849089868 -0.419179685557362 0.0522820618254567 0.305739922808937
0.067966003453807 -0.387302363538712 -0.103940669219695 0.383376746579638
0.0674239666780996 -0.352790622314107 -0.150455424928007 0.421946421563582
0.0162247767809782 -0.313734897173073 -0.117076915927076 0.373195797805062
-0.0741514190192322 -0.292695850662352 -0.0726262437352127 0.296455061905577
-0.117676503897553 -0.293073251285713 -0.137985876852586 0.223245312469152
-0.171263110772276 -0.222237396747678 -0.193064068295022 0.146798508710395
-0.254512407820884 -0.166174094286288 -0.195123203798762 0.195250643651319
-0.276439379249803 -0.0873450992421852 -0.261562665548436 0.336852266773894
-0.378847243329648 0.0096688921085548 -0.209570065392826 -0.39577703472047
-0.460271682975611 -0.0761745354900041 -0.127472343532557 -0.329135940279416
-0.442362587828581 -0.200524335850813 0.00775404388957127 -0.319888826885418
-0.420155620397764 -0.336797147587637 0.140576424555554 -0.31900258512091
-0.274156838719505 -0.474789254681783 0.192887456385923 -0.238358810861597
-0.07368821165676 -0.52383272927957 0.15893805760504 -0.074966988516754
0.0517158385454169 -0.539918772196224 0.0533762611960765 0.136888040098764
0.099256534374609 -0.511495168207717 -0.0658422003518048 0.20463569290086
0.0743434045728869 -0.495790409051524 -0.1145865408122 0.297176495618662
-0.0148659035694481 -0.467376955097588 -0.0981366375491924 0.322344671957421
-0.170608675821799 -0.430426745846455 -0.0576790589092357 0.299358913674351
-0.255951784278217 -0.391227882309568 -0.132190474998758 0.273695712057149
-0.310983258523183 -0.263872172028531 -0.153023568853283 0.215326952234666
-0.385482731955928 -0.177278132792871 -0.110396323667477 0.265690334339279
-0.389567556750599 -0.0784153402986592 -0.11435233237825 0.387566001246962
-0.390528150004049 -0.0197426730834297 -0.0167372843552331 -0.403248826141276
-0.461865152294403 -0.137653370997092 0.0447212430577411 -0.33035888466428
-0.418595953520522 -0.270939912311852 0.1352298858344 -0.297078680977642
-0.364940944709991 -0.400564265266708 0.196075333531369 -0.313512871910744
-0.204566603831785 -0.513357845655404 0.185945060523324 -0.279361357001185
-0.0129898056675112 -0.546102946517848 0.154212715279499 -0.199904390155492
0.0960287325098007 -0.56041790732069 0.0762205554869986 -0.0578908444984967
0.115030027743443 -0.560740992616471 -0.0205232815613089 -0.00863144950962152
0.0539703871946308 -0.574558420940231 -0.0927428421233717 0.117174730960451
-0.0710086532822703 -0.555299230802417 -0.107783627039901 0.212871567874063
-0.275532869389862 -0.4867826336565 -0.0682700292303607 0.26378169868244
-0.387297104237093 -0.396921655597593 -0.106850090333461 0.30498639816343
-0.422129375457724 -0.231975602279795 -0.0708447692388124 0.266972845466137
-0.472287014619567 -0.132502534775799 0.0190531311808959 0.313978198151412
-0.451757525705888 -0.045108160305417 0.0677417451289316 0.41632737347601
-0.338408106014955 -0.0487495395120227 0.167748803715435 -0.375631920690328
-0.377525421383833 -0.167633849846122 0.187394071089709 -0.284934753631445
-0.303075534355692 -0.280220463923011 0.229744581773954 -0.222036507622808
-0.227289832752964 -0.366146020832543 0.224582360581915 -0.266758825604412
-0.0925655506875142 -0.43450187810067 0.178206064470106 -0.28494175396036
0.0467173278659902 -0.461588593461369 0.166529969934155 -0.292265033521313
0.124636462284189 -0.493227028141175 0.120626222229347 -0.235644931991026
0.11550718093052 -0.523603880674566 0.0284160016498373 -0.222423930398195
0.0312814093056495 -0.559149735965893 -0.0904257035440357 -0.0884483666300976
-0.108560862029924 -0.538829100605075 -0.15382688617434 0.0707749361096782
-0.315560378162084 -0.442846713152866 -0.112204652221104 0.204246046022439
-0.428107925268796 -0.319501736496905 -0.0797562169700702 0.304899900850802
-0.443705676800411 -0.153195696502593 0.0269467734742007 0.282957823730487
-0.474647461772981 -0.0638268469576146 0.163159273894107 0.323301988414363
-0.442898124254698 -0.00573851601020422 0.255661483331144 0.415432467088403
-0.236941620206064 -0.0576532762250618 0.308333609635382 -0.324037073588512
-0.24868789041916 -0.145635602777055 0.272202152051358 -0.217237812686398
-0.165456104681347 -0.212684644359588 0.259271219955698 -0.133082545431638
-0.0928277341310777 -0.246388228250578 0.208204100865617 -0.204931488491047
-0.00749480876037248 -0.281196137306933 0.158797134195452 -0.259915052237714
0.0682663852423519 -0.310048588275408 0.180942361360828 -0.333143718740842
0.120527724582761 -0.357461808700882 0.16992060004421 -0.368358433437856
0.10069908802609 -0.404988283598251 0.074631949679189 -0.405981554502899
0.0190082540701824 -0.445521110779197 -0.0982252203941124 -0.277603431951468
-0.0982826170049971 -0.42247451964689 -0.21406812730388 -0.0640289226414557
-0.258881456059 -0.324381205051712 -0.172343365467585 0.146537581068666
-0.351807990688836 -0.205305041019202 -0.0664061118226335 0.280426170015503
-0.358537621331154 -0.0768123715245212 0.10554428195202 0.271820244011319
-0.384117974607017 -0.0100584989443006 0.282451646029905 0.304442654855317
-0.357460066301252 0.0179409419883961 0.411887639236105 0.391644453786577
-0.107549097822663 -0.0427230277384357 0.390107813270068 -0.273694736406235
-0.119362833853377 -0.0737423364315375 0.29880565078257 -0.165407277414133
-0.063031083382246 -0.103546394627153 0.244527066194505 -0.0722437490538985
-0.0185217139045874 -0.106564086370258 0.170493572331281 -0.165078594729993
0.0219861498103356 -0.126461191983106 0.130829847906564 -0.232269889023341
0.0471816716487559 -0.152048309282954 0.185069044781996 -0.34041420270503
0.0803077236175966 -0.188697358453288 0.204405624103965 -0.446144451533347
0.0659242847008331 -0.224696698452304 0.109131803121247 -0.529111709050445
0.0186413771512524 -0.252137525205924 -0.105026776973737 -0.413538219394504
-0.0439313321518299 -0.241951083249669 -0.26072069490594 -0.159590724366275
-0.131097998919857 -0.170677128558846 -0.223438103216307 0.107262880177043
-0.196756367309862 -0.0950175784736647 -0.0686625622017337 0.251150526508734
-0.202914700563293 -0.028209016172104 0.149787074308585 0.256379168201635
-0.225218289504636 0.013067632157225 0.353325785421243 0.279524585421022
-0.208820963856725 0.0196801286509741 0.506489783734247 0.357211253255031
-0.0133019051319507 -0.0211551208263409 -0.500159063785938 -0.271166547501614
-0.0197873747446665 -0.0137578230920978 -0.401278920240427 -0.194096150068922
0.000984628337557442 -0.0317827650494225 -0.188528608896511 -0.202771795477531
-0.0118249737153521 -0.0237699977785271 0.0317871622049392 -0.192696192683678
-0.00393224318649906 -0.0141795186145789 0.196772759091869 -0.105636109015623
-0.000215055065451985 0.00823867348994058 0.203556069059896 0.152374941771956
-0.019725383333833 0.0171448130770802 0.0678553005697524 0.432273964532939
-0.0234996483585 0.0155578709734421 -0.129799011714908 0.532116931435351
-0.0252202806897951 0.00784098233621811 -0.188974490386477 0.487306568450777
-0.0341569271505338 -0.000862991419192601 -0.140491955139738 0.360548236155445
-0.0237574028506436 -0.0112572679540048 -0.0929988593415519 0.24783157671161
-0.0139393613046247 -0.0258678736558757 -0.105549024963029 0.158205621910456
0.000621437376795555 -0.022185806203649 -0.186064165437431 0.0669050533958782
-0.000464212256796516 -0.00655653476096059 -0.245272980810146 0.0977467519151959
0.0120197223399754 -0.0208252985094307 -0.393237039931288 0.255362660996988
-0.170902879285639 0.0126152949417826 -0.47324505300962 -0.306515246033518
-0.207597087483919 -0.00202345587505794 -0.371609736095071 -0.22749019867261
-0.193868106861272 -0.0571818796108154 -0.168431152970386 -0.24190162611553
-0.203209063725125 -0.110209066137588 0.0516302576521303 -0.231757182527648
-0.15177124851803 -0.175680798051854 0.203589047349551 -0.133956523613915
-0.0677884548673657 -0.201842566182373 0.197655409916579 0.123684467036189
-0.0161069377339886 -0.219893308129252 0.0628740782829307 0.406691259157942
0.0225400608091016 -0.19897187240195 -0.12372416503693 0.49658629119646
0.0299907170646784 -0.174421697754201 -0.177186557665055 0.478737970817735
0.00388165202057925 -0.147393949268886 -0.132659580251591 0.373162228972949
-0.0300158092313079 -0.139111079683999 -0.0836867515907627 0.267048810186977
-0.040557288611881 -0.155336338211312 -0.120819519669513 0.179974881435588
-0.0647707145009772 -0.12705924946279 -0.19180951577323 0.0933172054723051
-0.118859848881088 -0.0992683471170315 -0.230023409546737 0.13207694207087
-0.135132019928438 -0.0627499815189706 -0.35086595471959 0.287306180261727
-0.300044340906547 0.0261663808147369 -0.373290739394589 -0.353156385812803
-0.365260716360052 -0.0200139512610233 -0.278621815629819 -0.281705111270795
-0.355377396563288 -0.112090068345813 -0.103250104284009 -0.289673076659546
-0.354622510404565 -0.21811549180977 0.0849118128566372 -0.281420685516305
-0.254929208055837 -0.339295942303429 0.198162245839893 -0.182008750168474
-0.0984086969289441 -0.391365979451926 0.177068767510368 0.0429678791601118
0.0072164781240628 -0.414981549203104 0.0536634734166198 0.30223222219659
0.0649174792886007 -0.382286932421128 -0.100159111146749 0.379515244183079
0.0647585727359837 -0.348997269021384 -0.145705395666926 0.418512196714524
0.0138578350647837 -0.309940964798607 -0.113258105786486 0.370328500495616
-0.0757728856506022 -0.287953745291406 -0.0695222237688824 0.293399606144819
-0.118870998631567 -0.289373368325201 -0.133786776611807 0.222626519516884
-0.170981532556936 -0.217667619225831 -0.189105007312819 0.147303224448638
-0.252653998547628 -0.16219697312966 -0.190661581028334 0.194307430050523
-0.274002364954511 -0.0839067887794833 -0.2568397573879 0.335373019808974
-0.37670409443709 0.0109316529459923 -0.211568052266551 -0.389274077360571
-0.456230509902214 -0.0705484119629515 -0.128984189836827 -0.323914300950223
-0.441504383395943 -0.193266824864898 0.0056320380454477 -0.318140392747329
-0.418453146951108 -0.329783620522079 0.13568208999927 -0.317434740569086
-0.274689620263779 -0.467378115258086 0.188222576257684 -0.237676253664884
-0.0774410213013097 -0.517182465265852 0.15588999462499 -0.0758401078332993
0.0462802008077457 -0.532735947806987 0.054204590941179 0.134351802759077
0.0940550658086699 -0.50625165901435 -0.0639876367092467 0.202412697528851
0.0708817074432327 -0.491804031248003 -0.11156082686155 0.295363152430577
-0.0180725439959097 -0.462118261159679 -0.0949463135892059 0.320187129544119
-0.17203886458301 -0.423509363527138 -0.0553325579405033 0.296703583903718
-0.255889372628494 -0.385561784420041 -0.12771781378203 0.271756310155568
-0.309732228120296 -0.257169161302785 -0.148852707710808 0.213891131793089
-0.38313166317649 -0.172098872409152 -0.106265593966221 0.263182285145955
-0.385987096719429 -0.0746946676395035 -0.108835297200485 0.383822132315029
-0.387134077843338 -0.0170600742980513 -0.0212784715372334 -0.397100767959126
-0.457836239312756 -0.132606348009658 0.0411043784260575 -0.326573211977948
-0.416584264314661 -0.265528643239176 0.131569869464069 -0.296704749915764
-0.363504795980898 -0.392082665846509 0.190653419582023 -0.313244054560158
-0.205722520700017 -0.506679094971821 0.181947521743307 -0.2787038905741
-0.0177101746423992 -0.539740863397387 0.149514569337912 -0.199325991594717
0.0901443348727494 -0.555268324029322 0.0748637960930533 -0.057568302069473
0.109472205403292 -0.554142475907021 -0.0204367512856432 -0.0080490707641411
0.0491222882389153 -0.56932340718122 -0.0904409117742323 0.117603056957352
-0.0754795293659372 -0.549456124035864 -0.104969548373842 0.212138966591232
-0.275612073860569 -0.479682744027413 -0.0662664535302309 0.260523188736062
-0.386921845764802 -0.390564353088266 -0.102853602659306 0.304206198011903
-0.42051421829986 -0.225362661138433 -0.066955576435222 0.264103890191795
-0.46967784043453 -0.126440032213896 0.0217153545147428 0.309283968227078
-0.446913058060089 -0.0408959296152574 0.0716199782983122 0.410253295200631
-0.33523209606451 -0.0456530157499039 0.161647604381076 -0.372532080078278
-0.374942948066398 -0.163333832560188 0.182339714553237 -0.283272072356076
-0.301729315852798 -0.274710641699708 0.225152019386559 -0.22366425679112
-0.226471558348753 -0.360207811453396 0.218530749965919 -0.266517790371021
-0.0944683361674807 -0.431243633456639 0.174090349890273 -0.283780863644582
0.0424948188053431 -0.45605083387277 0.161814093415034 -0.291376591692995
0.120323661983737 -0.488473490431747 0.117387472016886 -0.234124278382903
0.109779564462494 -0.518704255233399 0.0263412226022526 -0.220337412846029
0.0271150276299895 -0.55395628640015 -0.0897466003228995 -0.0860769725472319
-0.112518953414738 -0.532676126670976 -0.151425886888122 0.0715694845437831
-0.315648303768341 -0.435284308145187 -0.110509646399668 0.202826099330409
-0.426232763785761 -0.312412950570134 -0.0763780051147524 0.303776134530754
-0.440445954480309 -0.149244624808161 0.0292970069771132 0.279798776480271
-0.470818039273588 -0.0586994684721387 0.164625902643091 0.317925240376761
-0.437693984106348 -0.00260050267213161 0.257137832611989 0.407839781717415
-0.235501830155692 -0.0561149265932688 0.302248051152792 -0.321533975886555
-0.247565051283182 -0.141976258611675 0.265487494841927 -0.217141378971585
-0.165660639107486 -0.2082864487318 0.254878754515389 -0.135926615497131
-0.0929898402682662 -0.242973462371599 0.203298422434979 -0.205329433421856
-0.00962352090937486 -0.27816599106729 0.154894740630076 -0.259558027884008
0.0659356380782389 -0.307142052160648 0.175779638215999 -0.331665160615159
0.115933334340449 -0.354035476735242 0.166781867953768 -0.364843982709233
0.095203168333954 -0.401617804670434 0.07145400170934 -0.401366024103876
0.0144145251797406 -0.441664484115259 -0.0992676111230976 -0.273075845388539
-0.0997555957850516 -0.418577684342469 -0.212864874981023 -0.0607719286901125
-0.259038085561859 -0.318177357378103 -0.170246817908568 0.146772257350621
-0.35046695344508 -0.201133693113563 -0.0637339769337556 0.279043209188211
-0.356144731748377 -0.0735673865030168 0.10715462748219 0.268309451317647
-0.381540648684008 -0.00674074047343293 0.283281081646999 0.297879570789651
-0.353366057011608 0.0203523653123773 0.411861244053184 0.381543256172953
-0.10762345983537 -0.041722093907407 0.380789736392202 -0.274331078843689
-0.119050242837497 -0.0718329899488877 0.292895684588199 -0.166996254547107
-0.0637218102597105 -0.101540358231297 0.240027384540627 -0.0757306753274241
-0.0188682450735113 -0.104930785403809 0.166188645739151 -0.164876358191132
0.0210130265462848 -0.125016506713139 0.127412624792053 -0.230282175367787
0.0450628090548147 -0.14993243936928 0.181387604008268 -0.338476296407875
0.078063494073122 -0.187268224394375 0.200757630061815 -0.44195645904644
0.0636597218576072 -0.222637124282258 0.105554486623314 -0.523736635818491
0.016168443629501 -0.25002122018015 -0.106112820774002 -0.406991182840127
-0.0455614241754751 -0.239217881719208 -0.259613449007266 -0.155694441081283
-0.130800502228026 -0.167431296553732 -0.221165349152 0.107267021329208
-0.195414137662071 -0.0922314687717319 -0.0656678641803718 0.25049657613418
-0.201463589123538 -0.0261872962331811 0.151100084722838 0.252484610394681
-0.223504675876998 0.015079915379656 0.35294927629415 0.27284938381429
-0.205882830301145 0.0212191930512896 0.504541265074019 0.347950302082678
-0.0134763637785991 -0.0205596260029993 -0.495749050221754 -0.264186447107186
-0.0201274194953201 -0.0135777064349549 -0.398473600354677 -0.188520497324238
0.000763013354364069 -0.0319084474428209 -0.188049983663546 -0.199889188281019
-0.011796254109704 -0.0237795413450488 0.03021599808397 -0.191587885783507
-0.00378133164101515 -0.0134946843782804 0.193251577802192 -0.105926625199718
-0.000171132812031894 0.00850525105563672 0.201629498553812 0.149057415308114
-0.0181935670541338 0.0168501707075316 0.0697413852143041 0.426540321479531
-0.0230383697485486 0.01611427229831 -0.128332745861121 0.526811604751947
-0.0248688741689437 0.00819182513812662 -0.184870079489453 0.482935091227342
-0.0334271432933236 -0.000115732158680706 -0.137877109087775 0.358096338816399
-0.0234800347571505 -0.0111503880507328 -0.0901612682272942 0.245432467805483
-0.0141212232750449 -0.0259387027430657 -0.103879017364974 0.157586452286169
-0.000132747289502106 -0.0219933494189001 -0.182807287605973 0.0679718829434127
-0.000265388362986944 -0.00621400715551549 -0.241363895405276 0.0982552742241253
0.0115104874970884 -0.0205778988939265 -0.386749070084698 0.255619613434147
-0.169417446978648 0.0132010287712792 -0.470740168120012 -0.299011336344284
-0.205984859347406 -0.000474044326529087 -0.369652025953722 -0.222294112603302
-0.192638382940301 -0.055234796508374 -0.168601239022337 -0.238196330297034
-0.201452340642931 -0.107933369947544 0.0491444522714973 -0.230476862283757
-0.151680637951468 -0.17266415902633 0.200375990872717 -0.134155371368879
-0.0685305768473589 -0.199430723683779 0.196600697786906 0.120379284938889
-0.0164597803386999 -0.217289898083978 0.0639634818591176 0.402454400198288
0.0211620015156253 -0.196302649575309 -0.120899086144439 0.4909752527483
0.0289257698089776 -0.173008067995562 -0.173239789583439 0.476230981165327
0.00291930295601227 -0.14495105655471 -0.129957153591357 0.37048141080944
-0.0304056683932551 -0.137227928723304 -0.082532207342662 0.264985528605611
-0.0416114945686485 -0.153160291876341 -0.117824254286053 0.1789115074012
-0.0652067464167158 -0.125582990565667 -0.188240931514441 0.0937745605661479
-0.117725483437429 -0.0973953446447655 -0.226739733545813 0.131325562237128
-0.13435870021163 -0.0617339192182661 -0.344765004954603 0.284917137021459
-0.297117828867369 0.0272022917007936 -0.373961142131209 -0.344622364092752
-0.362038589089413 -0.0180005665304538 -0.277940176517067 -0.276611340632094
-0.353547417091163 -0.108818861191305 -0.104432633619597 -0.286502932427855
-0.35312467506963 -0.214637804559752 0.0815177999323327 -0.279300069594106
-0.253740584490729 -0.334110427151665 0.195364679655162 -0.18234448650296
-0.098752961858609 -0.386102325855978 0.174701560116916 0.041261298199977
0.00532618256414181 -0.411221865271144 0.0544232992806043 0.298644265655145
0.0620680932621486 -0.378930054971182 -0.0980239812965891 0.376465024579229
0.062973078948693 -0.346059798427269 -0.142878908562508 0.415634601838403
0.0116072424852871 -0.306573908023094 -0.10998738221509 0.3676018165078
-0.0757513582089324 -0.284494419571009 -0.0671594620095584 0.290379031000575
-0.119794229915634 -0.285390913412759 -0.131646393204702 0.22188117970409
-0.171113614241564 -0.214555809119326 -0.185299778740894 0.146864169796744
-0.250986338911797 -0.158486836472674 -0.18730658834672 0.192709123897316
-0.271382235559184 -0.0825133289644771 -0.250105021138271 0.332277891799788
-0.372655284869983 0.0149386506042075 -0.213507537781541 -0.38229840822016
-0.452121225082217 -0.0676981095216848 -0.130108915179838 -0.319878752621018
-0.438859070464731 -0.189821399982426 0.00290343195086337 -0.315781923214187
-0.415225525110308 -0.324624705705799 0.131617749276809 -0.31592344363154
-0.27466939396303 -0.460964442210282 0.185634080937899 -0.237780263178781
-0.0790611341918526 -0.510594473520307 0.152811426888506 -0.0767182585999184
0.0441275090151835 -0.529618845486127 0.0543714951651372 0.132879133900286
0.0913832081393375 -0.501120833179176 -0.0628388741373451 0.200310310721183
0.0664587063885183 -0.486502106541946 -0.108935334232372 0.293698505055723
-0.0203007876073384 -0.458056303358476 -0.0917571585548916 0.31809366979171
-0.171798630224699 -0.417671599146214 -0.0534476962834184 0.292730654344219
-0.257197108254417 -0.379986239645977 -0.124699117991128 0.271656157800671
-0.308092129517508 -0.253555020633872 -0.146122096876982 0.212644351359015
-0.380094351792776 -0.168028251255326 -0.10436809526388 0.260817262926477
-0.382386833928815 -0.0718463348684666 -0.104396538891994 0.379464417569363
-0.384409078570413 -0.0149777391548881 -0.0249908858199722 -0.392027985052558
-0.454266925651608 -0.128591779651739 0.0375122765749027 -0.323912483358778
-0.41548098589973 -0.260832460098295 0.128054191853998 -0.29558790690728
-0.362379645603681 -0.387627270627778 0.185949963147944 -0.312333645900692
-0.206524516269678 -0.499676155364921 0.178520446550665 -0.278024585224367
-0.0198483748335037 -0.534245479439085 0.146286165663861 -0.198522922913753
0.0880712718203032 -0.550459836696656 0.0741626403237686 -0.0572940893167236
0.105911081914935 -0.549342420054157 -0.0202905031440183 -0.00775623032318968
0.0458442816719953 -0.562964450610034 -0.0887782966123018 0.117738098263499
-0.0777663115729082 -0.544200695415771 -0.102931334875787 0.210530679815068
-0.275359629339452 -0.473090151378087 -0.0648728009564849 0.257358990348659
-0.38459929495063 -0.384528484022018 -0.100339349164039 0.302222195144033
-0.418608739960817 -0.222042195190221 -0.0650182709027704 0.262592877394844
-0.465075146385742 -0.122768535698792 0.0226970850101638 0.305392133449992
-0.441941933310014 -0.0379598117947861 0.0743094468600335 0.40431035225136
-0.332914490252758 -0.0434005856715919 0.15599208951134 -0.368085385402986
-0.372125926220178 -0.159224365660897 0.177863927921483 -0.282255913740573
-0.302304507530049 -0.269925019899986 0.221340079814372 -0.223534842849693
-0.226494116054101 -0.354636385925999 0.214131220507322 -0.266041291817994
-0.0948500762358516 -0.425203503140048 0.170373017410256 -0.282396689696454
0.0397920625274179 -0.452104833984452 0.158100194142555 -0.289576569476284
0.115696718578809 -0.483848646358875 0.115547423041716 -0.231718505266128
0.106212472796396 -0.51437523586902 0.0247042152527801 -0.217928964317213
0.0236200182412184 -0.547047274609435 -0.0888929448127088 -0.0832981736338174
-0.11359278235773 -0.526960107194091 -0.149480282450215 0.0727061831841242
-0.315455643944044 -0.428416981158681 -0.108904470992987 0.200903045985241
-0.425182323779632 -0.307759512018635 -0.0737861906417705 0.302397941755802
-0.437531507591659 -0.143287009998784 0.0320433333207697 0.276444500790749
-0.466613036253209 -0.0551792182587648 0.165120029904211 0.313067418674389
-0.433031561203775 0.000662199558094571 0.257925244072881 0.400591784655081
-0.234052763345906 -0.0540001706837792 0.29516562331684 -0.31965482254298
-0.246119943014512 -0.138409127968666 0.261021407462187 -0.216754095403406
-0.166325505298255 -0.204857632015592 0.250842289998895 -0.137119195348993
-0.0931976720053862 -0.240170741102772 0.198761533006908 -0.205263343285809
-0.0105490105345653 -0.275357202238265 0.151387735436664 -0.257906370974946
0.0629873599445921 -0.303009164580738 0.172598270780077 -0.329972255530357
0.112745638457216 -0.350996015449944 0.163354202295967 -0.36324009083831
0.0928399397348859 -0.398093478197293 0.0676885657947637 -0.398004101975922
0.0141202137594799 -0.437627619505598 -0.0983716249322362 -0.269369516163786
-0.101473504311606 -0.413518257883754 -0.210340692847864 -0.0586831743973747
-0.258262331604564 -0.313903403748874 -0.169139642072265 0.145360713202515
-0.34866600646319 -0.196984368322129 -0.0616061280855619 0.27693624440453
-0.354153879925379 -0.0699748326352037 0.108866110953984 0.265316432962006
-0.377574532293584 -0.00404781114387519 0.282490138686543 0.293163837650358
-0.348835627648598 0.0222075430848237 0.410726335232891 0.37443688662974
-0.107200470373492 -0.0405029444397538 0.374337782762236 -0.272815000193761
-0.117983436259534 -0.0704881393942762 0.287679334206102 -0.166535346846469
-0.0640054674126673 -0.0995453230067208 0.236775997618277 -0.0776790821799186
-0.0189832437661308 -0.104084215133637 0.16238578474483 -0.165812876698405
0.0201128998763484 -0.123716282243863 0.124359894849263 -0.228786143715602
0.0439375225743086 -0.147483382376348 0.17677831465414 -0.335638215429243
0.0761796624213582 -0.185579368830218 0.196885255966834 -0.439551205254997
0.0616399992634024 -0.220682233065742 0.101974163817782 -0.519168914064918
0.0144774477232014 -0.247543987456997 -0.106781824433832 -0.401381624993062
-0.0468090221446244 -0.237142723587954 -0.257668611346209 -0.152080050548829
-0.130422284148888 -0.165895463476673 -0.218894111768201 0.10800400495672
-0.194175618628795 -0.0900168847197811 -0.0637918653563139 0.248714676217445
-0.199489159329159 -0.0245979921974478 0.152174833013115 0.249259511437647
-0.221386436375628 0.0165108567716525 0.353006793346715 0.267773072216492
-0.203473487836516 0.0223512042997238 0.504444105226826 0.338838336939329
-0.0133218644106549 -0.0205877087282 -0.494306632394574 -0.260232447375213
-0.0204335344737084 -0.0141662277331003 -0.396129027325469 -0.183970531552071
0.000239720223522668 -0.0319501133853233 -0.187387990680199 -0.197565988754388
-0.0115655319455248 -0.0237031304831924 0.029532112754586 -0.190273396892851
-0.00419498577126755 -0.0138627701779924 0.191060881939214 -0.106308221504409
-0.000227541982017578 0.00855413450933546 0.199355837185813 0.146836624198899
-0.0179912531256966 0.017187169144958 0.0682194107746137 0.421753335003275
-0.0223209274443628 0.0162471794246189 -0.125425383020947 0.522503294385047
-0.02389159311167 0.00840052486924063 -0.18183571634227 0.480571765479792
-0.0325889368699901 -9.50810983349837E-05 -0.135540608434133 0.355331827146394
-0.0232710985232766 -0.0107026741705437 -0.0885408506000084 0.244343802285338
-0.0144535520165992 -0.0253155914364164 -0.101251800957838 0.157001389953174
-0.000337238466951263 -0.0217389991104278 -0.180301447902834 0.0685755753176941
0.000341781382114299 -0.00620689772685597 -0.237757656631567 0.0979473398319786
0.0109899189334376 -0.0205591611823207 -0.382502292596622 0.25344517802946
-0.168587361255565 0.0137460598330978 -0.469771140737117 -0.292946004286464
-0.204326181724784 -0.00032048270448418 -0.367632346141111 -0.217587200952128
-0.191699984205657 -0.0545345487378893 -0.167558189194028 -0.236374336237343
-0.200257821586771 -0.106128921670007 0.0477142910469005 -0.228870344741104
-0.150682225624124 -0.170580342704402 0.198188311999735 -0.13467895501348
-0.0682776328004899 -0.19722747936437 0.19341810330084 0.118079502734592
-0.0171160934534046 -0.215572092090931 0.0639576773829851 0.397684375101861
0.0209414863674242 -0.194368398398641 -0.120182955535913 0.488770176316526
0.0290017524834269 -0.171055773687882 -0.172332579258078 0.47326194142826
0.00282454268904467 -0.14317170668496 -0.128081644959853 0.367104200285635
-0.0303434156207705 -0.135566145511797 -0.080791284361825 0.26318739561014
-0.0422928477702399 -0.152003895816491 -0.115753743628065 0.178638621616104
-0.0648313321293567 -0.124307132787624 -0.185746547411289 0.0941092971350112
-0.116560754603425 -0.095476831492487 -0.223653861499888 0.130720255739951
-0.13320290688777 -0.0610157845423786 -0.340447709018566 0.283334065907601
-0.295079116881616 0.0277784994929976 -0.372275589037474 -0.33980313948583
-0.359186792312356 -0.0155082267588023 -0.275978078228987 -0.272767037862705
-0.351034687592611 -0.107255632022658 -0.104751859584371 -0.284203774194273
-0.35025055006646 -0.211400003126248 0.0798280504480612 -0.278035521191951
-0.252660365442591 -0.329241495856383 0.192524136954267 -0.181769932039464
-0.0985799732853442 -0.382046646022904 0.172583547783463 0.0392794172108076
0.00430356521657303 -0.40875439165832 0.0549220760435411 0.296106719530093
0.0602352349882442 -0.375150766356986 -0.0974034097699966 0.373779265742517
0.0622683933650971 -0.342483402479985 -0.140784402419035 0.413073072661296
0.0116175071344958 -0.303290984716433 -0.10782452991614 0.364235938775008
-0.0764605929145593 -0.280478863631739 -0.0660915527562694 0.28746376603588
-0.120254440006259 -0.282672725579485 -0.12868339850631 0.221090508938716
-0.170683389774756 -0.211879607976708 -0.182665212227354 0.146804187477972
-0.249254447078844 -0.156357031963156 -0.184806557172683 0.190674382064315
-0.269225084374595 -0.0810127008917785 -0.246280614640819 0.330451620512342
-0.370037192960532 0.0154088352796675 -0.213550077563694 -0.376540937573596
-0.449565317760705 -0.0652350112816245 -0.129914532204533 -0.316607951594441
-0.436302288485795 -0.186508898921686 0.00169142355662014 -0.313964080746324
-0.413638945282152 -0.321003397454763 0.128834925207219 -0.314614323767146
-0.273825135580216 -0.456444063227751 0.182112355265457 -0.237033454348558
-0.0797155341311454 -0.506981514174968 0.150297282542931 -0.0774149297255154
0.0416985658228483 -0.524851013914111 0.0539918421878856 0.131868033056541
0.0869852634545539 -0.496636853977022 -0.061474202667434 0.199193323955437
0.0652993514501558 -0.482272082914858 -0.107293187274755 0.292620190260799
-0.0205250034944248 -0.452318694123144 -0.0906484006848469 0.315426400561146
-0.17174997965371 -0.413024840445041 -0.0532072082997008 0.289784552051945
-0.256874187423537 -0.375495934623921 -0.12220849420987 0.270374540388303
-0.307256789969796 -0.24998428113692 -0.143184496375382 0.211319150709014
-0.376859317258758 -0.165848279502257 -0.10276084063239 0.257641145476309
-0.378610877375092 -0.0700361135511469 -0.101596641711116 0.37582136577412
-0.381331785262687 -0.0140020923440562 -0.0269569672059535 -0.387947877246252
-0.45095682426122 -0.12557345164078 0.0356630547072898 -0.321620667064286
-0.412157789955433 -0.255489236192307 0.125379081702255 -0.294805899954863
-0.359558746187011 -0.383107835753011 0.181967488378543 -0.311198764649633
-0.206638837944647 -0.494187319670882 0.17530235231691 -0.276696627030028
-0.0208992050887264 -0.529049195790545 0.143913973831812 -0.197549982590911
0.0852855850402394 -0.546743085556626 0.0733172990377813 -0.0568501644542376
0.103911806201003 -0.543628636092769 -0.0204340604174905 -0.00786923621611585
0.0445538772437591 -0.559003780600504 -0.0878205160838261 0.118199685635225
-0.0777551411567688 -0.538276123004137 -0.101055197209486 0.209284364104865
-0.273581205028824 -0.469165788669524 -0.0642439310715873 0.255323767730418
-0.382710280902698 -0.381862849199413 -0.098389152102473 0.301506611888201
-0.415493747038796 -0.216996490326563 -0.062995431430216 0.259967730585578
-0.461004636841548 -0.119746616568553 0.0242511227630664 0.301437778273423
-0.437359721728857 -0.0369744165430373 0.0757381386483977 0.399680358617466
-0.33130734261744 -0.0427642518471346 0.152941394113983 -0.364090390239219
-0.370151140273655 -0.157424500911772 0.174608528787904 -0.28021144639273
-0.300502382344525 -0.265480961289068 0.217954251958959 -0.22401408443239
-0.225246493391284 -0.3518062789558 0.210715903188499 -0.265331278453438
-0.0957201000463228 -0.420316203186881 0.167395370090951 -0.281392478557188
0.0387294697814099 -0.44671220286314 0.155069960974185 -0.287958990627306
0.114373327865862 -0.480270978645426 0.114314219278617 -0.229817007798363
0.105465157465898 -0.508777158400726 0.0244454543314462 -0.216158184417401
0.0221429000223324 -0.543208171520128 -0.0877179174170215 -0.0817997805230919
-0.115316699977643 -0.522218753275875 -0.14778996136594 0.0722125726409916
-0.313237528143955 -0.423230536649934 -0.108225681484325 0.198844626916356
-0.423182601875861 -0.304737120134153 -0.0717282617606543 0.301278352498541
-0.434323341365827 -0.140676323250451 0.0327034883180079 0.273816466879849
-0.463343795491906 -0.0524260717224341 0.164852741453208 0.30817808172947
-0.429027384023359 0.000776575886030424 0.257712383158185 0.394987881616011
-0.23267978708405 -0.0531735489445429 0.289922237642923 -0.317606339384209
-0.244304316838361 -0.136001594964794 0.256853407656926 -0.215676506396045
-0.165581676253504 -0.201858726545203 0.248048574264102 -0.138419130228624
-0.0929870000880093 -0.237756140078253 0.195033404439831 -0.204602859777682
-0.0110101194001327 -0.272269562320894 0.148847003225071 -0.25585262395972
0.0616312806603644 -0.300127810971162 0.169735440126009 -0.327515342256171
0.11007292968111 -0.348801451626808 0.159685213742725 -0.358624103615446
0.0910151939374139 -0.39465248897812 0.0675729672997799 -0.394461599609877
0.01139075048031 -0.433967785671358 -0.0975570592092345 -0.265526061570989
-0.1022346101194 -0.41116390121399 -0.209033859834321 -0.0579258007262394
-0.256300715483393 -0.311103825380367 -0.168369636427925 0.144775711275878
-0.346432959690733 -0.194366081568697 -0.0601430128678962 0.276337548436299
-0.351240443493872 -0.0681926409893144 0.108903079455144 0.262582849664115
-0.374279404786887 -0.00268151459664637 0.281172945142311 0.2884657591557
-0.344959769735504 0.0232755318205756 0.409353497645444 0.369063416751788
-0.106861651999044 -0.0400606933700329 0.367589880987171 -0.270761137705488
-0.116805795007091 -0.0693235563284963 0.283067120157027 -0.166628134338293
-0.0636702921351604 -0.0977829678165498 0.233591642154008 -0.0797075442119188
-0.0188950160609807 -0.103061596300084 0.159190515377758 -0.164509481245129
0.0198526364424582 -0.122487257554392 0.122283287207415 -0.227381062158361
0.0436096650430452 -0.145908130103612 0.174281174676497 -0.333609615731768
0.0739523254588282 -0.184363852546314 0.195328184247425 -0.435929553800129
0.0606483310156534 -0.218941528122224 0.100411526603859 -0.514833780729018
0.0136024257417382 -0.245463532860408 -0.105933536838726 -0.396647949260938
-0.0476524937039856 -0.235099543211599 -0.255776116772646 -0.149709392737704
-0.130235818387849 -0.163945576204732 -0.218093386625601 0.107321187300079
-0.193103255577079 -0.0891016314256959 -0.0623349588946282 0.247965217306204
-0.198587308615832 -0.0244668115511318 0.151740900479385 0.246978036564016
-0.2194214510903 0.0176279914307927 0.351590886634768 0.263568666682468
-0.201063677578523 0.0227561448164947 0.501224050312234 0.333734475394182
-0.0133361822011653 -0.0198396205093207 -0.491820078252778 -0.255530967454437
-0.0202366657276516 -0.0138424657900765 -0.393013254321766 -0.180650501207832
0.000110555430024158 -0.031773599511527 -0.186612633774662 -0.196224521934748
-0.0110987645190094 -0.0234339174605104 0.0289567914241621 -0.188972102089251
-0.00399983304870444 -0.013825224844606 0.189078024756611 -0.106023896684959
-0.000576650369336502 0.00873991752895835 0.197440200793778 0.144757255648622
-0.0173324893104584 0.0166768933490319 0.0678578534416749 0.418393439393474
-0.022140835190709 0.0167847474049144 -0.125116956345297 0.51854950130797
-0.0234764860327337 0.00788745727407167 -0.181817930065807 0.476012094369053
-0.0324188312354863 0.000536721581689485 -0.134273525791884 0.352941111961847
-0.0232341930418268 -0.0104531057890774 -0.0874163541785879 0.24220159585946
-0.0144512172237488 -0.0250142539022288 -0.0994288179581951 0.156766443534215
-0.000387210796380312 -0.0212751453383357 -0.177949024040854 0.0686849569483639
0.000402217050577271 -0.00588315633944397 -0.23487231944915 0.0978231017247436
0.0111235990622346 -0.0210152397301093 -0.37561813491644 0.252146426035235
-0.167294750055808 0.0140491036936456 -0.467275425851431 -0.288352013133321
-0.202583883924349 0.000513908319464096 -0.365168557744026 -0.214880734234408
-0.190739716989885 -0.0533851933160472 -0.166936718329142 -0.234797619793176
-0.198363938626661 -0.105450011405055 0.0466397301257913 -0.227941307727153
-0.150201712072624 -0.169544655438681 0.1958731754713 -0.135163186239478
-0.0679048295608704 -0.194929549334571 0.191625103736136 0.116711408226366
-0.0163168343374755 -0.214126119200246 0.0639746322919036 0.394366109315312
0.0201069297583948 -0.192686444426065 -0.118703378002706 0.483574687505467
0.0285543535933611 -0.170086698153859 -0.170830827563389 0.468823921427002
0.00262211299696286 -0.141605004433386 -0.126994088355896 0.36531016284842
-0.0301791544042109 -0.133169738213372 -0.0798499674646232 0.260641551834233
-0.041961165586251 -0.150370872387851 -0.114017325766212 0.178254513671993
-0.064827393711926 -0.122629963702832 -0.183286207192273 0.0944335654806321
-0.115498722780699 -0.0946465461139555 -0.221163387967066 0.129797079809692
-0.131869447743473 -0.0605526120064435 -0.335346738141474 0.282117259660137
-0.293128811112662 0.0273717881808834 -0.371259991736748 -0.335491985506926
-0.356056700758545 -0.0145724335775052 -0.274826788619018 -0.269899824195682
-0.348896936290666 -0.104988455472014 -0.104786710754558 -0.28268948113649
-0.346680915128825 -0.209725912079494 0.0778681981339504 -0.277072233067759
-0.250902459467883 -0.327372807867784 0.190108250910249 -0.181843795021617
-0.0990259946356447 -0.379497959528363 0.169989884708753 0.0385875454065163
0.0051926197176074 -0.405140570129526 0.054573648938878 0.293609368465933
0.0597938186632548 -0.372722389986696 -0.0958790324951888 0.371240336889326
0.0613472883874933 -0.340447003813492 -0.139960719979683 0.410862616002022
0.0109499379742091 -0.300402160284726 -0.10680142268659 0.361651831508204
-0.0759039546645358 -0.277020145869938 -0.0653874427768245 0.28464030350479
-0.120567486451376 -0.280685632240645 -0.126936210788322 0.220734186748354
-0.169570554511925 -0.209352280217257 -0.179943999803137 0.14614117532937
-0.247199882787567 -0.154186709100379 -0.182764757607627 0.189053439256647
-0.26733320774536 -0.0802425438404473 -0.243627180796423 0.328331597521845
-0.367273187690046 0.016076363359082 -0.214231769978452 -0.371537157926435
-0.445190855631015 -0.0637631532057885 -0.130703791281901 -0.313650577146957
-0.432795938232847 -0.183814977465063 0.000594461772788315 -0.312541402155269
-0.409158194994602 -0.316221437574182 0.125848685802177 -0.312805543462565
-0.271957770350653 -0.451962366575904 0.17985343478252 -0.236236715274594
-0.0793078374616082 -0.501746513194901 0.148475746268696 -0.0772677034386021
0.0415988384705903 -0.521151374086444 0.0536509779733516 0.130753700804292
0.0872872172352454 -0.492875475813288 -0.0614245829711294 0.197791294662096
0.0646012146146678 -0.47921091835096 -0.106200517039039 0.291278683150767
-0.0206766222380393 -0.449180108619658 -0.0895894231012776 0.313572882209025
-0.170567498554359 -0.408326338907207 -0.0525079889587329 0.287038655289222
-0.256473573235841 -0.373520456636195 -0.120639406285379 0.270155380224321
-0.305672921024572 -0.246690910654261 -0.141107139326139 0.209882733597367
-0.37562888243614 -0.162442680544304 -0.100836378503935 0.255098674672214
-0.375690699042945 -0.068958783015618 -0.0992002248622593 0.372304757081054
-0.380337249180548 -0.013221237214536 -0.029568551333646 -0.383249212969233
-0.447804249079429 -0.123421786167198 0.0337793590252529 -0.318503410476087
-0.411424612676579 -0.252910733325918 0.124267452224923 -0.29423286602908
-0.35741879894922 -0.379419978988074 0.179386089361686 -0.309903248282154
-0.204455416866142 -0.489645510535169 0.173315970472065 -0.275562475958819
-0.0209672520727414 -0.523808258552463 0.141247030921494 -0.196953586039823
0.0825320694440327 -0.541164798316129 0.0737637570948503 -0.0560875335809448
0.101843646027264 -0.538714379683222 -0.0206184576411038 -0.00774503045625634
0.0443340102406304 -0.554843865335703 -0.0868816149166184 0.117997252958502
-0.0775080481734274 -0.535836287731323 -0.100001159715026 0.208211930779618
-0.274177735743598 -0.462077797916638 -0.0638551310905393 0.25245411983655
-0.383134675636799 -0.377526132287862 -0.0960090490379053 0.301015947823465
-0.412346890845147 -0.215653571946861 -0.0618693703464513 0.257095206135257
-0.458698478546351 -0.117731209849545 0.0238471067993724 0.299168549928625
-0.434426178474218 -0.0350748175883234 0.0771903797627029 0.394751130411348
-0.329807907929723 -0.0418325134060667 0.148923204039848 -0.360401206243785
-0.367514729887264 -0.154158486880434 0.172118315742611 -0.278570610626489
-0.298367315405303 -0.262793084854023 0.214841913650966 -0.224594400806737
-0.223691007689137 -0.349223956064636 0.207371145098154 -0.264089180837618
-0.0945901709046986 -0.415713135402613 0.165209443789521 -0.279681162861481
0.037927645205392 -0.44307748789149 0.15304052666099 -0.285454614466781
0.112355182506845 -0.478624377265103 0.112774725984064 -0.227482457323519
0.103362738105455 -0.504164182393026 0.0241145953639583 -0.214199677792782
0.0223763947259341 -0.539503559397716 -0.086830765438495 -0.0802624307296823
-0.11423597367188 -0.5186457309347 -0.146484637561341 0.0723187717182059
-0.311429685245626 -0.419755120835336 -0.108490062016333 0.196981133386751
-0.421320038609514 -0.301647301398398 -0.0709444858298146 0.300673861087583
-0.432418246123161 -0.139015731662719 0.033281486084219 0.271651268515707
-0.459706304076015 -0.0513353688157279 0.164752805099396 0.305518770908322
-0.424496367277213 0.00149920870608061 0.257272932028412 0.390592154319713
-0.232392103457935 -0.0518374525745186 0.285670932610864 -0.314121840081487
-0.243152733060037 -0.13444242722314 0.252927449323991 -0.214765846221713
-0.165192977705051 -0.199341992591554 0.244638688056373 -0.139780315128082
-0.0922910922223635 -0.235793255291525 0.192149887605568 -0.204474715715977
-0.0114471844485915 -0.269515380496836 0.146700670709446 -0.254327751634249
0.0611831513298351 -0.296675257649346 0.166776579117695 -0.324682004681245
0.109025657521194 -0.345766757466165 0.158483947369658 -0.355570316773392
0.0894535362076815 -0.391521350382451 0.0661783867243508 -0.391249805834479
0.0113923434599522 -0.43010211469813 -0.0963692000887927 -0.262840032896983
-0.103274660979631 -0.407471136155205 -0.206720883770191 -0.0563286962517859
-0.254181856222021 -0.30724498022533 -0.167629546947136 0.143987563696446
-0.344749048648127 -0.193143865254872 -0.0591211562309381 0.275269016821312
-0.348767816668725 -0.067215403164613 0.10861600470341 0.260408615087484
-0.372555085451081 -0.00116799808652456 0.280893351698753 0.284331581436863
-0.342272186871012 0.0243359396790518 0.408136378245565 0.363127185074436
-0.106820815796114 -0.0394109338444557 0.364053922996175 -0.268249919989248
-0.115920968004035 -0.0680005509288397 0.2793429833572 -0.165778349770631
-0.0634895727649875 -0.0967442750152532 0.230605855698364 -0.0813193406744891
-0.0187530056605667 -0.102514106890171 0.156587436713988 -0.164285798877321
0.0194808935841582 -0.121694424383816 0.12064921868095 -0.225404314287687
0.0427102112591871 -0.144066088193914 0.173088542560455 -0.33102903383166
0.0727842663726476 -0.182928174802113 0.191750121772972 -0.431755952490633
0.0595162440201883 -0.21769952840845 0.0983613619667488 -0.508991297007823
0.0135995528140663 -0.243354602418967 -0.104838072724771 -0.392647529979408
-0.0477276412881609 -0.233114027221696 -0.254182915317441 -0.14759114945766
-0.12873934510345 -0.162997552801622 -0.216509056115091 0.107480822252653
-0.192001827497356 -0.0883941040291884 -0.0613738892566406 0.246734028774974
-0.197292140053635 -0.0236707635986218 0.151619711941429 0.244574793480244
-0.217527905292804 0.0180966955420479 0.350131658653303 0.258950261699148
-0.198645857502594 0.0229102067063901 0.50024943885276 0.327962720886221
-0.0130082902099642 -0.0202723177708151 -0.489695691819164 -0.251029158834751
-0.019622246657643 -0.0133225295217631 -0.390277906855102 -0.179080382110776
-0.000361169433919154 -0.0318911110878461 -0.185703998347962 -0.195802904848617
-0.0111032067255003 -0.0236200353736176 0.0275941925275208 -0.189192378563453
-0.00413136150985431 -0.0134107446627482 0.187021393979637 -0.106267600164737
-0.000552113190618656 0.00849270298277583 0.195871680198876 0.143266536511346
-0.0170208871258637 0.0171589023847082 0.0674590415725753 0.41540175039944
-0.021530040588273 0.016653955210276 -0.124894967456941 0.515174576495888
-0.0226783983410315 0.00794469502473337 -0.181617470222284 0.474194477206652
-0.0321311684869496 0.00112173447920033 -0.134201296343751 0.350795491939118
-0.0231434874361896 -0.0106396217711705 -0.0868608322719019 0.241505811520068
-0.014771044923794 -0.0251358387975657 -0.0981170267877 0.156455088183394
-0.000299017047590706 -0.0211818227849599 -0.176605844572593 0.0695318758124379
0.000728361761074532 -0.005524343063174 -0.233147931130213 0.0970192102833387
0.0104363569289215 -0.0210921582267458 -0.373723775954827 0.251036313171449
-0.166352887011601 0.0144395993858536 -0.465100266772407 -0.284310545877473
-0.201787835336553 0.000727499713846664 -0.363712117149835 -0.212685831973278
-0.189771690580352 -0.0534296840350968 -0.167146078601 -0.23362243451006
-0.197592454349694 -0.104289294410585 0.0456123439683466 -0.226746767632792
-0.149758183377629 -0.168307412228713 0.194508304268507 -0.134466323227392
-0.0678224895969737 -0.193881569512005 0.189902644149861 0.115982905821003
-0.0161508040272838 -0.212556510301406 0.0636019662358588 0.39176485586056
0.0206534855158157 -0.190824929385748 -0.118404752131309 0.480725369166088
0.0293624670594716 -0.168909270615408 -0.16968017843843 0.467898626656938
0.00289296340960063 -0.140102913072223 -0.125709325080263 0.3627571372886
-0.030001729404025 -0.132405054770697 -0.0788017960536362 0.258863345542208
-0.0423449697477374 -0.149514314936576 -0.11226479630509 0.178011484464752
-0.0647667444173056 -0.12150171791527 -0.181276363409161 0.0940478997935694
-0.114545807384327 -0.0932017136473168 -0.218986622390832 0.128336670896543
-0.131452506382122 -0.0599165987573679 -0.333772265998644 0.279590257947989
-0.292392879980885 0.0275978087379825 -0.371014043716714 -0.331578825733195
-0.354926070562309 -0.0137016950072507 -0.274220207776641 -0.266584801633432
-0.347749761158362 -0.104218185172329 -0.105423483938403 -0.281402847823515
-0.345909440362763 -0.207453692224581 0.0763223088082579 -0.276045825077759
-0.250178971673543 -0.325474063222708 0.188562377115687 -0.181726139905271
-0.0987610570780177 -0.377067968197699 0.16854680483941 0.0372017759301653
0.00365908303865511 -0.401863001040403 0.0538686657206047 0.291588822740607
0.0589457903450911 -0.369520748444635 -0.0962311786533261 0.368213330725152
0.0613340171804391 -0.338151063166981 -0.139764884563825 0.408014448492201
0.0113282603114582 -0.297735322774949 -0.105839130779119 0.359936404890275
-0.0753448047688845 -0.275258297620623 -0.0652857034868607 0.283054218101757
-0.120214325587398 -0.278394201364299 -0.124774003601624 0.220603321556517
-0.168666725077379 -0.20743747256388 -0.178490006864647 0.145305839362953
-0.245326016426505 -0.152978408719661 -0.181642157208188 0.187595278538687
-0.265221274307967 -0.0794217141199492 -0.240086053423548 0.324335209699775
-0.365543124617852 0.0156119886458882 -0.214682980322361 -0.367886375031625
-0.443591507945178 -0.0626653359992548 -0.130350256275589 -0.311409078757168
-0.430025064478524 -0.182682452036841 1.55853110918952E-05 -0.311203701226362
-0.408123371273901 -0.313864675534936 0.124356480599361 -0.311966712043496
-0.271236326759162 -0.449073761260716 0.178252752012797 -0.236331700246019
-0.0794012551846383 -0.498318262512065 0.146116735944581 -0.0769846062635125
0.0408881196555125 -0.51893603514848 0.0535328799774134 0.129701375353468
0.0867440894477861 -0.488645492302824 -0.0614166356145016 0.196845212181957
0.0644327452058446 -0.474265237997015 -0.105693657476472 0.289428319064557
-0.0210128305914829 -0.447229921537768 -0.0889471899480462 0.311582391377819
-0.16869238517812 -0.40528528829189 -0.0533669962762611 0.284366020986377
-0.254688963821433 -0.370830987814113 -0.119613910730752 0.269427441275229
-0.303959558956805 -0.245228024461543 -0.139905554444924 0.208191486144268
-0.373315029224706 -0.161525670925882 -0.100133573224682 0.253144649673855
-0.373145307097111 -0.0692856798420183 -0.097227466610826 0.369154188749449
-0.378956834429445 -0.0129374864489932 -0.030651863870955 -0.379508566066684
-0.446590425193812 -0.121726841003687 0.0327414854705311 -0.317191063353037
-0.407909677110494 -0.249875072163507 0.122159075863744 -0.293160073495844
-0.35594645862349 -0.376499557907128 0.178080951025387 -0.309194496687155
-0.203952087414156 -0.486937369112855 0.171103191087442 -0.275023682483504
-0.0208800809788443 -0.521002326535967 0.139749452983586 -0.196104205240504
0.0843372795499551 -0.539680774391 0.0727923939363949 -0.0556199591471124
0.0998816964306233 -0.536165740422182 -0.0200493693616508 -0.00725125433164866
0.0441212691761304 -0.551741013691484 -0.0863740402703006 0.118197448228089
-0.0779368037816061 -0.530855550036386 -0.0990139880581489 0.207318903137067
-0.270999350793005 -0.459320623516519 -0.0644609207532355 0.250353958072179
-0.381776846303641 -0.375611461188069 -0.0950287065698505 0.300570905520802
-0.410426048867371 -0.213578694602747 -0.0613102664662323 0.256353298824162
-0.455822492552124 -0.117108420536616 0.0243168470839309 0.295999163109367
-0.431568452804085 -0.0356413723737342 0.07805206258013 0.39181371634967
-0.328816026514301 -0.0412587427386601 0.146921543405532 -0.358334338953765
-0.365707395083408 -0.152965456984941 0.16982253807385 -0.276884802213786
-0.297555975220282 -0.261094859060725 0.213105892389297 -0.224534021200655
-0.22251982742792 -0.345924785260713 0.204639895248265 -0.264421188620625
-0.0943791340721068 -0.414466582421834 0.164001251226002 -0.278843718345729
0.0370728630352487 -0.439827904788677 0.151425848145606 -0.284132633614662
0.111189503700262 -0.474759952015127 0.112869563664705 -0.226091463889057
0.101426093667768 -0.501716481994296 0.023218790356935 -0.213163956447995
0.0218127731002769 -0.536354799683539 -0.0857480109446641 -0.0787448034650984
-0.11413472735662 -0.515608884100065 -0.145630951801154 0.0721193958237435
-0.309241925841557 -0.416705800598676 -0.108503355870066 0.195023475560919
-0.419127059969679 -0.300683527916503 -0.069700432122899 0.299993971181846
-0.4291039236178 -0.137600386903895 0.0333219935228496 0.269745738096205
-0.457154419245877 -0.0495629104740151 0.164050104337249 0.302188055688214
-0.421159247781979 0.00256660460681667 0.257811727007614 0.386051670411355
-0.231561741586662 -0.0516846697207246 0.282221446329735 -0.312015108405613
-0.241370586129923 -0.132732645814386 0.250084711970296 -0.214401210081385
-0.164703939903625 -0.197739889726211 0.241947623674176 -0.141235188858126
-0.0914985505591754 -0.234147906684169 0.189466630763386 -0.203943056703738
-0.0110424340634673 -0.267718744986281 0.145331715951869 -0.252509970821553
0.0605338940217904 -0.293857049593774 0.165216692356191 -0.323528405639267
0.10812319312527 -0.343938729761939 0.158847967073783 -0.353640033795322
0.088863136388985 -0.389509721318219 0.067115502546703 -0.389284934517076
0.0105868089373584 -0.428525234296421 -0.095445012362742 -0.260903134740997
-0.102088583408189 -0.405922563317622 -0.205815576585554 -0.0555428972168429
-0.252807118562636 -0.30545495438713 -0.168149096280154 0.142847890149425
-0.34366294118846 -0.191927286445786 -0.0580267196309362 0.27492004096729
-0.346654728553081 -0.0666169408079355 0.109091150390407 0.25847488153601
-0.370023210010059 -0.00106852965401123 0.279626948470905 0.282163212679333
-0.339787219015417 0.0238270553203725 0.406499923820106 0.359272404711178
-0.106753375906382 -0.0392854465649147 0.358364370589364 -0.265794805883405
-0.115210689075296 -0.0672912654926284 0.275093560639492 -0.165263787928568
-0.0635648207228442 -0.0955460644958157 0.228153985890276 -0.0825225245408832
-0.019072721813879 -0.101792759833885 0.153945885416352 -0.164214395200795
0.0195138257970121 -0.121222754238293 0.118960478097736 -0.224425223610349
0.0421321148912749 -0.142639593370745 0.171979827080011 -0.328665079371359
0.0721381442791138 -0.181892197605888 0.190159778958726 -0.429593479179108
0.0586122579958184 -0.216301655121881 0.098612598594061 -0.5068817586351
0.0129428564675667 -0.242550731059065 -0.10406123935447 -0.39028705343193
-0.0479036958789574 -0.231600944938443 -0.252382654659329 -0.146597487116337
-0.128121849414024 -0.162107311023924 -0.216596875187125 0.106853755158338
-0.190796511749117 -0.0875537229358676 -0.0612799568794619 0.246481844336172
-0.196321429125277 -0.0231660717615516 0.151631039692686 0.242985362578028
-0.216578823584656 0.0188516764168503 0.349324370382611 0.256710226225107
-0.197788722354203 0.0227707656242643 0.498150442618813 0.32363250890313
-0.0130192589071682 -0.01958100948395 -0.489387272736245 -0.248911545778525
-0.0199976038363487 -0.0137436054789402 -0.389553242289164 -0.177073192080302
-0.000295901694333298 -0.0317508265605042 -0.185277311323384 -0.194979809001819
-0.0110737732667133 -0.0232501448116291 0.0275611365147336 -0.188067331519602
-0.00423722121780814 -0.0136028663978503 0.1864608128909 -0.106333671963972
-0.000481592619443545 0.00881917958797348 0.19353899320447 0.142188975266735
-0.0162792069156482 0.0169583611482017 0.065867283477325 0.41257657804719
-0.0210703234872956 0.0168903844405198 -0.125597404130782 0.514399953240152
-0.0222981958132918 0.00832239144621975 -0.18133157199516 0.471798746674789
-0.0320071476857336 0.00154784123248433 -0.134052909705222 0.349236548836877
-0.0229045464414148 -0.0102372001028101 -0.0863071296175392 0.240414858671734
-0.0145267186789072 -0.0250322855707078 -0.0970240041322821 0.156820884984281
-0.000582097416261672 -0.0213114331419681 -0.175167255042796 0.0697055094048112
0.00128454003625015 -0.00581706173030414 -0.231432766763085 0.0967848191999627
0.0103096069551304 -0.0206492947616431 -0.370416077942154 0.249589369989802
-0.16581534386806 0.0141169223368937 -0.464259152279937 -0.281771484135546
-0.201338227165814 0.000881713732927412 -0.361476619445236 -0.210477299549575
-0.189427891475816 -0.0532665715723563 -0.166075645323071 -0.233224636145156
-0.196382895424517 -0.10410963871238 0.0454134837896663 -0.226561532509503
-0.149035358055371 -0.16720548919111 0.192390217120295 -0.135165434317579
-0.0671376648766364 -0.193029528071304 0.187764794740673 0.115146258138124
-0.0155017040001207 -0.212308127046272 0.0626796018033089 0.389950501742155
0.020314834049471 -0.189711940858784 -0.119531002222015 0.478754245929206
0.0296977264497174 -0.168247924895649 -0.169407303954488 0.464929695054428
0.00357631600162984 -0.139198761287673 -0.125596357987948 0.361059911243441
-0.0299203008214895 -0.130892909154107 -0.0787977466395623 0.257466505538699
-0.0421649864777733 -0.148716240033459 -0.111450698875307 0.177838328860863
-0.0645501916657626 -0.12066239017765 -0.179927087518293 0.0946145123572194
-0.113643868159972 -0.0928532031936703 -0.217821486823408 0.127791661108882
-0.130889168760586 -0.0601455384109991 -0.330237381211277 0.279120678824924
-0.290501558806189 0.0271818786468065 -0.369919884924953 -0.327990308580246
-0.353595428862158 -0.0138415051430697 -0.272851405222018 -0.265359653407566
-0.346829895533494 -0.104117971164035 -0.104984520400155 -0.281165350719874
-0.34287901242682 -0.208275981482045 0.0750897238896683 -0.27527184375624
-0.249863027757236 -0.323882868534634 0.18669078830625 -0.181675329795626
-0.0977410378311668 -0.374671468453972 0.166514320180197 0.0371237970726239
0.00490375455053832 -0.401476529080752 0.053667901628978 0.289549138664831
0.0587323085405042 -0.367409147441422 -0.095975335401187 0.366903247874707
0.0621747754833107 -0.336810280318245 -0.139461194350742 0.407255235362672
0.0115397031766022 -0.296581367616403 -0.106455464528438 0.358540075112487
-0.0749208835762583 -0.272550480979152 -0.0656383387326602 0.281150805272216
-0.120033084854441 -0.278003251749534 -0.1243025464273 0.220581082553237
-0.168184578988706 -0.206438707455853 -0.17710838607634 0.145151683978211
-0.24413129774616 -0.151997170858008 -0.180166118040429 0.186059025117179
-0.264488258687369 -0.0799007165553317 -0.238701930892837 0.323397439948816
-0.364381070851037 0.0146611581579227 -0.214522505027151 -0.365722286799779
-0.442048431177372 -0.0622936657829163 -0.130315017957272 -0.309469182411995
-0.429665742556309 -0.181818285303085 -7.54582767046374E-05 -0.311303964700388
-0.405042979120263 -0.314136406445184 0.122938805838186 -0.310947500308098
-0.268934525110577 -0.446589911521015 0.177124417633405 -0.236224211478066
-0.0772804388465126 -0.495644896024621 0.144888451678114 -0.0769123132433358
0.0411785845805421 -0.516598898929741 0.0532195501092784 0.130136735037087
0.0866980137670383 -0.48653714480163 -0.0617834635930494 0.195428144396506
0.0647389596049134 -0.473887589648417 -0.105202555187462 0.288816326250552
-0.0203398925535294 -0.445182054223813 -0.0888265382232542 0.310447485375065
-0.168767586117267 -0.402445047730662 -0.0526232427041044 0.282615661814752
-0.254529433536284 -0.370555558631076 -0.118615135116906 0.269202567569357
-0.302156719182879 -0.243958464306613 -0.138977021090983 0.207797816422811
-0.370791400825288 -0.161720142231689 -0.0995438048925949 0.251263251610329
-0.37100454817078 -0.0685388233655191 -0.0964467976307487 0.366688415726999
-0.377430967199636 -0.0130760938090328 -0.0321280451723665 -0.376471968830415
-0.44444546660683 -0.120305156668151 0.0324988992891393 -0.315655618791159
-0.406640678935431 -0.249514259910458 0.121034563096465 -0.293161269126777
-0.353843182015199 -0.375536259704918 0.176542079780523 -0.308176374622803
-0.202470863402043 -0.48432834757184 0.170175722304334 -0.274185554738768
-0.0200996308859358 -0.517923407408451 0.138479410694231 -0.195838127186479
0.0839083971632087 -0.536481490855593 0.072700038471108 -0.0549458330322005
0.1006502435246 -0.533743449737406 -0.020131994390154 -0.0072422830258566
0.0439483157827217 -0.548607495878023 -0.085667616163632 0.117881738674412
-0.077421223180118 -0.529259652895878 -0.0990674381404361 0.20635360307461
-0.270518707723748 -0.456823132142994 -0.0653880530965034 0.248831845800945
-0.380728774401646 -0.373942028992561 -0.0939376398645457 0.299799467473982
-0.408928354467562 -0.212450667005847 -0.0605420774736743 0.255088193354129
-0.45392515039385 -0.117131472105846 0.0240364396979633 0.294291222970009
-0.42862430889369 -0.0350768565055825 0.0782461581189458 0.388552111477349
-0.327629924651761 -0.0412646878418048 0.144056896546942 -0.355855810915762
-0.364695680813789 -0.151469634504221 0.168148696778929 -0.275913686622445
-0.297631634075109 -0.260033863019187 0.211534088621625 -0.225615234799734
-0.22052834027064 -0.345688648450482 0.202327759501444 -0.263728917490873
-0.0937327854901344 -0.412142435470239 0.162494651666257 -0.277819414148051
0.0380614765152742 -0.437132210729888 0.150210288640575 -0.28256837932027
0.111226524875735 -0.472383372887306 0.112943118376052 -0.225155956126067
0.102403473576983 -0.497932008641889 0.0237337172492145 -0.211739889761675
0.0222075724773707 -0.533359492835114 -0.0846012488705573 -0.0782308757279142
-0.112696993743766 -0.51398832796347 -0.145015400536768 0.0722672818895037
-0.307960403676646 -0.413877658515158 -0.109568196249107 0.193899942800952
-0.418080710943103 -0.299169002713967 -0.068986380586259 0.299604203525455
-0.428105473762461 -0.136967424904936 0.032927232891791 0.268812761251552
-0.455902554607204 -0.0495248250005117 0.163624415254819 0.300371360839872
-0.420129570419078 0.00233970372253599 0.258182387746757 0.383449875115316
-0.23114648661501 -0.0516137739511225 0.278629239714897 -0.309963756414097
-0.240280334760581 -0.132406672865322 0.247987515982004 -0.213759588603443
-0.164379191510529 -0.196503330804433 0.240104139281623 -0.141805121749408
-0.0911674755454655 -0.233480265814086 0.186994015204066 -0.204132029264337
-0.0104926738584323 -0.266091994246122 0.144178224164654 -0.251935227550985
0.0604907909569092 -0.291519094356964 0.164646603402365 -0.321742878569395
0.107639674301533 -0.342399310293332 0.158844575320384 -0.350902005490152
0.0886031083071972 -0.387066363040105 0.0669158435353866 -0.386680914781095
0.0110359600075263 -0.425721683939876 -0.0937597084702624 -0.258721721336034
-0.101360478055511 -0.403629760583351 -0.204911536707117 -0.0553277899123778
-0.253024697321124 -0.303576802792076 -0.167635148551617 0.142207410176128
-0.343016387645665 -0.191705858174667 -0.0578628300755481 0.275609704246
-0.346141750336475 -0.0664048331419247 0.108173345010306 0.258029068184568
-0.368067128915587 -0.000305369861322308 0.279171563291269 0.27947267027179
-0.337662689462056 0.0230975893107201 0.406588215337325 0.356047080191948
-0.106933473975849 -0.0392267469218882 0.356438200512139 -0.264403040238514
-0.114368213595462 -0.0664789478714425 0.273643819922874 -0.165000287444648
-0.0634847479795779 -0.0948820601171009 0.225574323663137 -0.0835674408508101
-0.0186469368794235 -0.10139416851945 0.151742261262712 -0.163588053955862
0.0192565749339107 -0.12001719620928 0.117988074133544 -0.223294361832685
0.0425743111702075 -0.141413509913712 0.17067819606151 -0.327242340994363
0.0718218622292584 -0.180968474845515 0.191898353241894 -0.426655850684453
0.0587809619595231 -0.215356763549846 0.0992184044898746 -0.504774082340829
0.0128430352950035 -0.24133181335247 -0.100420642896212 -0.387248338102436
-0.0475726993587048 -0.231226166659044 -0.251000555701968 -0.145426175504447
-0.12714071372907 -0.161279102472116 -0.21652792969331 0.106882385783953
-0.190513210302964 -0.0875946896343074 -0.0604297657552313 0.246239337413532
-0.195923456735276 -0.0235010185455497 0.151773166841049 0.242617257700913
-0.215526670752704 0.019257990351524 0.347908297462586 0.254557501749983
-0.195900195291652 0.0225929549266097 0.497209819153299 0.320928387212237
-0.0129672718926146 -0.0195117604315194 -0.488468566093627 -0.247838281906576
-0.019862031175918 -0.0136700321861236 -0.387648322223888 -0.175952937552984
-0.000495097328320912 -0.0317653685963991 -0.185238933729783 -0.194503535571013
-0.011218660305357 -0.0233522402975351 0.027783249353308 -0.188319701033206
-0.00447125918074329 -0.013320912563202 0.185233283117099 -0.106500702304979
-0.000501284372526188 0.00852014040246041 0.19327375907337 0.14149543280791
-0.015758054363244 0.0168483718450391 0.0654565772487088 0.411002345720384
-0.0205320865130535 0.0174561831731515 -0.126052376180885 0.512984765731037
-0.0214427615988482 0.00801972959136491 -0.182367225307518 0.471269206775906
-0.0316439314737213 0.00201454297418427 -0.134094974311476 0.348363090580372
-0.0227995772335647 -0.0100770036696373 -0.0859002983824027 0.240071349760644
-0.0146965412207836 -0.0248235831673627 -0.0960923712947675 0.156152471826748
-0.00082524848437352 -0.021173538880742 -0.173682351949616 0.0705373218404508
0.000885320097610574 -0.00533204545792738 -0.229584738592671 0.0961089411087767
0.0100989871926574 -0.0213775621519545 -0.36759716199888 0.248765479080692
-0.165517260084104 0.014321529329758 -0.462588974035977 -0.280766012766101
-0.200684659430308 0.000527350327770642 -0.3610366254322 -0.209654486723198
-0.189062457795657 -0.0530779323567494 -0.166110346618742 -0.233202481113232
-0.195938005735261 -0.103741342183267 0.0447518836578201 -0.226139301511687
-0.148648357632598 -0.16710284452136 0.192773700211742 -0.135364893301517
-0.0666453890937374 -0.192433071655323 0.186730924244529 0.114502685503636
-0.0149426532337261 -0.211679608174782 0.0618861278115268 0.387967650368276
0.0210624028469659 -0.18901005161568 -0.120431632669888 0.477161348615728
0.0304065475960303 -0.168254319534005 -0.170369778806333 0.464616009133111
0.00382650386374207 -0.138224832630867 -0.126008991376547 0.359923510643885
-0.0292908889613513 -0.13052081513956 -0.0794090474226816 0.256880682613625
-0.0429156600276899 -0.148155557514452 -0.110491412417157 0.17840137174418
-0.0640623169740774 -0.120157912585013 -0.179022441468527 0.093842516041367
-0.113039709740866 -0.092711583600715 -0.216611360412461 0.12736004100493
-0.130501227765678 -0.0602105220159241 -0.328850418896399 0.277938096660676
-0.291053640919675 0.0275756887755107 -0.369015715023311 -0.326641454495187
-0.353317781568307 -0.0137169730807692 -0.272376567565993 -0.264378537087726
-0.346643614348985 -0.1038111849396 -0.104991182589572 -0.28136862766358
-0.342302633371582 -0.207775326411416 0.0745422932175545 -0.275390360809985
-0.247839193727548 -0.323190361056881 0.186207026926833 -0.182303550610121
-0.097282331792128 -0.374574427538581 0.165544641424855 0.0372666633440309
0.00639866211279042 -0.400463883438212 0.0535087034050954 0.289206063029172
0.0591330734790253 -0.364831863783725 -0.0974869746472422 0.36675897006648
0.0629655755438372 -0.335972220545294 -0.139347127005079 0.406472034370335
0.0122018145452319 -0.294983670791701 -0.106459838002883 0.357914739757867
-0.0737396229512863 -0.271300649085143 -0.0660740532625573 0.280062779588963
-0.120479477441086 -0.276894043320782 -0.123519204606453 0.220556398490996
-0.167455384924152 -0.205223825071365 -0.176524968429738 0.144540940970094
-0.243665037507455 -0.151655134598828 -0.179800273140306 0.185119654252305
-0.263484932128855 -0.0798165941872278 -0.237366947750356 0.321196550878796
-0.364249864664422 0.0150036811143967 -0.215492575659456 -0.363915316141408
-0.441522784382372 -0.0621021258465642 -0.130779464131516 -0.308676975128259
-0.429276391435936 -0.181052507307014 -0.00109855304824871 -0.311604176376453
-0.404153034772419 -0.313577184176484 0.122068757474896 -0.310648606366853
-0.266972293368829 -0.445872424969629 0.176140492692871 -0.235647332399876
-0.0780381112567188 -0.495428381226565 0.143912828332832 -0.0769788132932335
0.042149649793392 -0.514556507925688 0.053016366421062 0.129350717286354
0.0865157152056368 -0.48404263405992 -0.0632455936818194 0.195122439521787
0.0652683323655937 -0.472456394159328 -0.105353364620673 0.288830081580263
-0.0194233992074102 -0.444077355617861 -0.0890721421878261 0.309751227560823
-0.168023422875681 -0.399737202382116 -0.0532459704105159 0.281736957659186
-0.253304005254757 -0.369130469923142 -0.117881792076113 0.268810692790018
-0.302344378615637 -0.242882757567131 -0.138075331106162 0.206987008575643
-0.369336883389809 -0.160937834524702 -0.100029733313857 0.250060586113606
-0.369894109234712 -0.0695156717731073 -0.0951254707114208 0.364845917354025
-0.37700009040976 -0.0129627567004927 -0.0325871707935064 -0.375331883791398
-0.443674820626589 -0.120695599507457 0.0313123956639569 -0.314585174737896
-0.407287998030299 -0.247587857284507 0.120435412828395 -0.293927131600273
-0.351809959476917 -0.373594094422131 0.174211936812825 -0.308572175652575
-0.20090700854233 -0.482340157439332 0.168936487635419 -0.273955603591141
-0.0185753472301067 -0.515769407281892 0.137544626233039 -0.1949323246075
0.0852996797994643 -0.536172759673994 0.0729085994389817 -0.0546472298075586
0.0998429356165177 -0.531251538327798 -0.0202690122611305 -0.00739143376717836
0.045923584811989 -0.547777553796565 -0.085265995307538 0.118478190552296
-0.0764659884352593 -0.527743603697736 -0.0987693268061188 0.206525577289977
-0.267725738517608 -0.455627765934046 -0.0665930979182595 0.24728258128323
-0.379393653943674 -0.373738890629932 -0.0940740410846509 0.300490773864704
-0.407866057200196 -0.211493692925167 -0.0600197035767647 0.253720021155772
-0.452671557211676 -0.115764007467148 0.0241043506004725 0.292975159240445
-0.42717169557893 -0.0359682452027764 0.0782394357913496 0.386977548825818
-0.327680722949951 -0.0414814761279378 0.14232884874914 -0.353293248997428
-0.363531641836859 -0.150358859167993 0.166499459406523 -0.275183958505264
-0.296631261941236 -0.258391898416428 0.209916517723443 -0.226467694750898
-0.219975188735376 -0.344349283154941 0.200716217535516 -0.263675724213517
-0.0923582163663271 -0.41018628344614 0.161555587281102 -0.277279634552403
0.0386029974345559 -0.434977628237522 0.149343231251029 -0.282065809117201
0.112357361493672 -0.471604537843621 0.112942922323179 -0.223386610343945
0.10234958662964 -0.49797526128803 0.024279743775405 -0.210649123877726
0.0233169896238149 -0.533247655277196 -0.0838281534143858 -0.0773197841058288
-0.112896691511191 -0.513875066012949 -0.145010615585402 0.0721444891158
-0.306763654865373 -0.413380987283584 -0.110478224559352 0.193270460628193
-0.417644893520103 -0.300042350647793 -0.0691770879513971 0.29995133474446
-0.42704912834239 -0.13654657848188 0.0331196452402375 0.268196776474026
-0.454746278372223 -0.0493421379813323 0.16350239208012 0.299030705259711
-0.418921259946961 0.00175553181907994 0.258262369604339 0.380884994672342
-0.23085096346595 -0.0512376171952284 0.277229118883846 -0.307773643767591
-0.240179891948976 -0.132172504843329 0.245381617501432 -0.212919852760609
-0.163550038099746 -0.195589853020074 0.23845847638136 -0.142838529276431
-0.0904637847634001 -0.232284135418585 0.185228661031573 -0.203868233808206
-0.00985148007968194 -0.265262873384956 0.143532474939906 -0.251383554904975
0.0610518360428043 -0.290304657445419 0.164423478956385 -0.321325632836251
0.107416935710829 -0.342057251143066 0.158756302878835 -0.34975828657108
0.0889692825864118 -0.387176028653167 0.0672430766909952 -0.384751732773138
0.0113012782351283 -0.425421180948253 -0.0928509328505005 -0.257546479328581
-0.101393154039334 -0.403751991615281 -0.204090023357076 -0.0545769346832943
-0.251289682345059 -0.3038398224152 -0.168914579255805 0.141237771703586
-0.343232328192324 -0.191099126982529 -0.0577077218752481 0.275795354941188
-0.345500881220537 -0.0657921197631262 0.10817028550272 0.257168453999448
-0.367455781104342 0.000191125210755816 0.278291597343745 0.278914226591091
-0.336451940443548 0.0230627328951126 0.406868024285625 0.354307913457755
-0.106828050292383 -0.0390351009527395 0.353687538242501 -0.26274639213189
-0.114153388024569 -0.0665827291981809 0.270432379912398 -0.1643816577561
-0.0634538933349456 -0.0941160095573258 0.223810968966406 -0.0853422161515045
-0.0186614847714227 -0.101087390293294 0.149955609110187 -0.163838920559093
0.0193528391297659 -0.119925706393031 0.117579039857453 -0.22232760142614
0.0429108462982948 -0.140068373076706 0.170624733157314 -0.326474964294719
0.0716785300577943 -0.180457668671386 0.191705389687342 -0.425154689354266
0.0590830120789861 -0.215328864831168 0.0998291324017855 -0.503643791760337
0.0130861839332111 -0.241219424128913 -0.0997669762792455 -0.386472846503381
-0.0476617276577011 -0.230246167943058 -0.249926368139833 -0.144602355466512
-0.126852580373086 -0.161096404275681 -0.216620522038483 0.107057674488032
-0.190019742294921 -0.0875855015078336 -0.0607036913415397 0.246638080960481
-0.195971345024677 -0.0232191192165701 0.151294750988361 0.242253399236426
-0.21499914103957 0.0191721699114555 0.347880561001287 0.253687450619467
-0.195277592934976 0.0223639834299334 0.497670325428164 0.319480279615031
-0.0129902370819071 -0.0193951330343311 -0.488126432275035 -0.246085792083321
-0.020285244125906 -0.0141595592637138 -0.387015560656623 -0.175315136816421
-0.000427160497015753 -0.0318040303481513 -0.185348941484685 -0.195441463657422
-0.0107405916051075 -0.023694602997096 0.0276359654109002 -0.188361796966683
-0.00454420150401378 -0.0138740874126962 0.184311012372601 -0.106830974738981
-0.000345380140175921 0.00892495719319878 0.191452689976089 0.142071357482867
-0.0157054821776616 0.0169655497285019 0.0636091780322751 0.409916192943875
-0.0205669939924436 0.0176735269197147 -0.127505400128528 0.51180286334475
-0.0210323729528087 0.00825363120354913 -0.184186162294986 0.470426669406751
-0.0313924110026296 0.00229038990881665 -0.133928727141278 0.346983803516183
-0.0225287495178644 -0.0102770108376485 -0.0859739612847303 0.239725446894124
-0.0152059927702211 -0.0251700116337573 -0.0950853068839811 0.156945780276815
-0.000847894826805566 -0.0212406659390931 -0.172865613014335 0.0706615541037326
0.00179805399315855 -0.00537549923013818 -0.229295359929534 0.0952947715886683
0.00997889965704868 -0.0210824235921142 -0.366267749818012 0.247834077516483
-0.165407379120421 0.0140046267035339 -0.463863982509096 -0.278835918076939
-0.201172363562469 0.000702849923351501 -0.361212216052402 -0.208954662347646
-0.188862722817766 -0.0531341784181338 -0.166194085160178 -0.233120803571628
-0.195964289076601 -0.104404758923475 0.0444698633407919 -0.226933802688775
-0.148095095437746 -0.167346032037566 0.191437375146056 -0.135338255521183
-0.0663174784709787 -0.192118104834482 0.185719744451461 0.114610640640206
-0.014784017519639 -0.211884247842658 0.0606593214243955 0.38789436155726
0.0212956142740223 -0.188120210695591 -0.12284058765255 0.477066099447038
0.0307181445137656 -0.167584329898601 -0.171309327418661 0.464151095297897
0.00380441899924955 -0.137070945691481 -0.126940179505236 0.359296551939643
-0.0293780938898992 -0.129184789750002 -0.0796040304879302 0.256903606668565
-0.0431271274359838 -0.148190773460842 -0.10947682689829 0.178604392267089
-0.0641716369100014 -0.119497976006454 -0.177875707734723 0.0946503645545413
-0.112802780676876 -0.0921636855477848 -0.215776645871711 0.126294737608123
-0.130520499695383 -0.0608202835892833 -0.327181832027096 0.276383100268698
-0.290349650538148 0.0262949317141522 -0.370907047770041 -0.325677815109131
-0.352935944624644 -0.0138744966411485 -0.272315690109458 -0.263677975228449
-0.3460539786159 -0.104375218213254 -0.105716939539617 -0.281963672087985
-0.341442393174199 -0.208594640191894 0.0742065918177437 -0.275185544357744
-0.247986970219522 -0.323202036978002 0.185286034689633 -0.182285417896231
-0.0971701909479675 -0.373841978706583 0.164155776831126 0.0374262763171016
0.00614624464757979 -0.400278192582524 0.0525342821299141 0.288732616428561
0.0596035797139479 -0.364311434735734 -0.0980727889231629 0.365495354193922
0.0636419177718351 -0.335368556703991 -0.140152009439568 0.406468186166071
0.0132550353849282 -0.294221574446669 -0.10744676877455 0.356788862808691
-0.0736023601926557 -0.270901115193957 -0.0663699372487303 0.279637903676057
-0.120066043863385 -0.277254132535798 -0.123105102062816 0.220835932947375
-0.166830126494198 -0.204985877487742 -0.175550099134978 0.144370022414565
-0.242151253577203 -0.15123509520671 -0.179327914244548 0.184807437507394
-0.263154667982877 -0.080284899537972 -0.236350707162678 0.320875792559227
-0.363405841411673 0.0145589820629676 -0.215601058936601 -0.362378928223134
-0.4410175878221 -0.0615366537415255 -0.131131824004941 -0.308256525813256
-0.429001489298493 -0.181052400425525 -0.00115324088926558 -0.3119522907753
-0.404105930464478 -0.314361989796163 0.12178205749532 -0.311041055004266
-0.265967591618006 -0.445912732423704 0.175968827180634 -0.236062072144142
-0.0764927043727912 -0.493698519667301 0.142693183503585 -0.0763594644073905
0.0440915539571368 -0.513833544910135 0.0529397963406456 0.129179521070293
0.087174623344828 -0.483072010377033 -0.0630051143838186 0.194630189475008
0.0668197949246947 -0.47273037572164 -0.106189499346379 0.289552670812854
-0.0184825781473512 -0.442841867298954 -0.0896481846661557 0.309387575472337
-0.165695256269605 -0.399874653837634 -0.0546540918275492 0.280690685521435
-0.253592647923824 -0.370150235501939 -0.117585620666596 0.27077814457264
-0.301585849943064 -0.241615852438669 -0.138343585419908 0.206394903357968
-0.368938856613525 -0.160879354319288 -0.100107612983329 0.249063581009596
-0.368891193405692 -0.0701761490784381 -0.0947116102984981 0.363320380633593
-0.37706573394639 -0.0138854409488556 -0.0333265288985177 -0.373804570208333
-0.442678227268072 -0.120547111872718 0.0308334760784368 -0.314846043921251
-0.405933996604215 -0.247841812762165 0.119040773251019 -0.294772997308625
-0.350669156556094 -0.375650759857557 0.172991545097512 -0.308192876142043
-0.200734447848488 -0.482276889263748 0.169207720817755 -0.274212398831636
-0.0181914529294162 -0.515624153900347 0.137195144141987 -0.194685927479581
0.0852694664860164 -0.536258965849615 0.0731809691704228 -0.0539199048979696
0.102080177833923 -0.529483347588147 -0.0205108227919953 -0.00706056069711154
0.0451023948312666 -0.546156588268771 -0.084858312116414 0.118773814946659
-0.0747999051317686 -0.526758481652762 -0.0989248767659112 0.206003964359559
-0.266850247076223 -0.455202710390267 -0.0678595528370542 0.246882666647689
-0.379420821956889 -0.374435004912115 -0.093497336966067 0.301667615542884
-0.407583791570561 -0.211473104737374 -0.0600471683392204 0.25378824335067
-0.45289410680316 -0.116812377111201 0.023218488341079 0.292142025221133
-0.426366961328557 -0.0365122350136118 0.0792050481726096 0.385514966266257
-0.327692407494703 -0.0416244810110148 0.141291831304454 -0.352147899100426
-0.363836774382958 -0.15210678533276 0.165628538656214 -0.274757183331713
-0.296206765639817 -0.257651324229517 0.209391835558631 -0.227085371523637
-0.218140549786303 -0.345319230413952 0.199781793478942 -0.263513581358791
-0.091215013138379 -0.409600979035179 0.161258455446766 -0.277523104264535
0.0408142859384882 -0.435179367363161 0.149545273166894 -0.281717528721822
0.111939467554182 -0.470660445004474 0.113202408137224 -0.223025201759682
0.102210475032765 -0.496111086116772 0.0253811116509751 -0.210893139068055
0.0239831757875806 -0.532381545911842 -0.083012733951155 -0.0763946090530662
-0.113010943913154 -0.512288651651532 -0.144464617390886 0.0719512938375273
-0.306126513918436 -0.414592386471636 -0.111654879661713 0.192940398651593
-0.41833045718711 -0.300259158009664 -0.0687292251715941 0.300978331619574
-0.427240438368975 -0.13690470951112 0.0326640041667768 0.267096571316646
-0.454127479859507 -0.0496469718185162 0.162384686421724 0.298249678089219
-0.417793753946606 0.000152968495752508 0.25819984190373 0.37998873426505
-0.231484113996129 -0.0523092534274116 0.274612950994829 -0.307400078287646
-0.239613254350895 -0.132005180317552 0.244168326699994 -0.2122352247712
-0.163286784423905 -0.195153556261863 0.237074281905964 -0.14354990083492
-0.0900419857979262 -0.23253554705913 0.183892887013439 -0.203932772495905
-0.00978389057438592 -0.265208116694988 0.142985913628558 -0.251019538043539
0.0618874097809621 -0.289087726298426 0.164303906904274 -0.319886791044573
0.108094234256909 -0.340489799036806 0.159958959455002 -0.349105922074611
0.0894432080179379 -0.385685114300051 0.0685617536152602 -0.384823833165098
0.0116843812312261 -0.425460698108235 -0.0911201828459208 -0.256816056325756
-0.101261500772383 -0.403480964554517 -0.204094560929466 -0.0548436793163411
-0.250257192510236 -0.30316484955409 -0.170143664962873 0.141412094756731
-0.342603380775837 -0.19234915796845 -0.057905674076227 0.276797005831496
-0.345707881037643 -0.0664816023827443 0.108356185776744 0.257095584655795
-0.36746848230215 -0.00076991338840687 0.278613728229194 0.277870263674137
-0.335662850812397 0.0217591079482013 0.406378500308214 0.351637221434572
-0.107600007934195 -0.0391539962907842 0.352058038955702 -0.260962123184392
-0.113645091998669 -0.0663598345355198 0.268966678846588 -0.16331114087404
-0.0631306835770984 -0.0935057840927869 0.221981425990041 -0.0863219400638198
-0.0186775301235658 -0.101092047256431 0.148663642462227 -0.163578315380057
0.0197243905513628 -0.119304231984035 0.117250374539648 -0.221737319280731
0.0429671999570785 -0.139079208805849 0.1702334293035 -0.325318886092933
0.0712574496145888 -0.180698693615412 0.192264383371118 -0.423634333444824
0.0586985423709455 -0.215064617431656 0.101726075916737 -0.5029916944827
0.0139180821526315 -0.241371888024886 -0.0980299010580396 -0.385511186264396
-0.0478227685738881 -0.230621785797675 -0.249321240149462 -0.144657246949843
-0.126822788601227 -0.161715141231524 -0.21748894722045 0.106925929988833
-0.19028079563346 -0.0884187614726871 -0.0599375109709099 0.247456132096536
-0.195785961270514 -0.0237383761038091 0.151402193459043 0.242792012364806
-0.215116547231576 0.0195454742279002 0.348277437231403 0.251833200390024
-0.194897198344311 0.0215323832595424 0.497513552754864 0.317128086475554
-0.0165560728284833 -0.00343340403803894 -0.548569654937594 -0.0218424463726646
-0.0205569992180696 0.00186654306355659 -0.426490092451538 0.00603748149646669
-0.0134842846686426 -0.0244264126052258 -0.251915056503017 -0.0981550351822157
-0.0210971417440242 -0.0148365647478432 -0.0575247759233031 -0.183869189699158
-0.0129083089340061 -0.0112699243602482 0.118177733519985 -0.176707451563481
0.00327516875957028 0.00642913673259992 0.233179475154878 0.04543801476071
-0.00726545854904298 0.0222302327757659 0.23362002007184 0.345269050578165
-0.0090533434023075 0.0222365487475472 0.103636438265859 0.520275561627658
-0.0173550453974453 0.0170804321811734 0.0369757413664089 0.506391241344957
-0.0269437043907562 0.0164482601270114 0.0275257574659106 0.371877476005595
-0.0249172205966387 0.00120551070625191 0.0252942397868083 0.252101782307584
-0.0256195075188389 -0.0138203122596536 -0.0182086461536337 0.180548020505436
-0.0118376323120248 -0.0187070590634818 -0.12325934599473 0.136939416665
-0.00364012879314503 -0.00512197852750928 -0.16646527024407 0.181867844544538
-0.00322298146400875 -0.0216467391401528 -0.228481329287526 0.379068380539415
-0.143627058453397 0.086327512258433 -0.543316722878191 -0.0568288335897978
-0.177857548113686 0.0869018731294073 -0.417825892579049 -0.0307619655482019
-0.19368763018785 0.0305455216995923 -0.255001814752504 -0.132900752083352
-0.218299099703242 -0.0119677154866614 -0.0679763440812322 -0.221660853165021
-0.204316632429312 -0.0908507949622858 0.104558856376776 -0.202363343785467
-0.139420147993823 -0.149309979969497 0.210768160743413 0.0224328052652204
-0.0990639569879462 -0.184880571669868 0.217012088160824 0.319967756944067
-0.0533725030814248 -0.185643971716094 0.0965747538207644 0.485366905504023
-0.0407030929530469 -0.166125881640513 0.0484514701026134 0.494574579257537
-0.0517879492941636 -0.126521118423894 0.042916659018409 0.377677007090135
-0.0805773061082193 -0.106829126440209 0.0425233225772725 0.263161022632251
-0.102641894177873 -0.113104690387157 -0.0152374483936182 0.200126205498919
-0.111755011034979 -0.0833951051204656 -0.115112321945014 0.157072738209963
-0.145097349655485 -0.0360811879698323 -0.138398716045236 0.198519272326493
-0.151210686039251 0.00508657228088398 -0.177986023588303 0.380999388376259
-0.254607878840994 0.146072976334317 -0.477943120733974 -0.130908236719626
-0.32204744914826 0.134074632564182 -0.36281393180656 -0.114575158369196
-0.357002011464272 0.0468772971434951 -0.225106723759733 -0.195956271823487
-0.389873660762849 -0.0446822428905812 -0.0703081222300668 -0.276852149069391
-0.357294008340111 -0.190626730698253 0.0713538819473837 -0.240413887148691
-0.241742580857108 -0.301910333705169 0.153861958768463 -0.0408877151819177
-0.156238979059691 -0.364286349185537 0.164403660821604 0.226162996400501
-0.0890534640523847 -0.36453593520893 0.070579345107146 0.372257337138336
-0.0798021421986349 -0.334311438948986 0.0530351040686059 0.428275202480164
-0.108268845272757 -0.274190891660004 0.0636994695073478 0.365000483555127
-0.180257216777257 -0.21923602813031 0.069626113747059 0.275629857143448
-0.227551651520695 -0.196418865545859 -0.00369514829662299 0.235373599976517
-0.243251744403811 -0.118572900994859 -0.0892137768508359 0.195760687087808
-0.289766018075443 -0.0340219366458546 -0.0783660084093985 0.228921427154353
-0.282904347830911 0.0469184181675334 -0.0758690977294087 0.375445203890657
-0.329003656040276 0.161492366537209 -0.3547248542263 -0.226505771195504
-0.42316105395654 0.125528491660718 -0.25471524096259 -0.213137936141796
-0.464614746114606 0.0090810693528749 -0.148915074713883 -0.264215538667669
-0.489358462124235 -0.114393403042736 -0.0494978740498657 -0.330445271319786
-0.424864339620742 -0.293102036999923 0.0341094198120153 -0.286340742034589
-0.273513096923904 -0.418437601313416 0.0834919441299121 -0.136854778518826
-0.170560647606351 -0.482049651840264 0.095949726188932 0.0765221127200631
-0.111647266125498 -0.486351791333024 0.0299022407033759 0.200973410946654
-0.132651823672832 -0.461622611672756 0.0362872690503081 0.305989122595865
-0.199898975746661 -0.399020877578666 0.0625673472665963 0.310999120640528
-0.320563837203067 -0.300434650831706 0.0852287144079148 0.266638931542062
-0.387351495735685 -0.223133229312253 0.0235233481847273 0.265898213850995
-0.384059041387423 -0.0979912160645102 -0.028917242360912 0.230755652117978
-0.409816359659563 0.0127207149089782 0.0212994005315812 0.247901002157256
-0.375672259970494 0.10495347173974 0.0734471378107012 0.350210490112013
-0.354251371267727 0.138505040298244 -0.194081993589518 -0.313299656714902
-0.450460262495397 0.0709530441354925 -0.112520275839368 -0.287347830692723
-0.470447225038571 -0.0624530945422729 -0.035999131776408 -0.301958347593611
-0.467271606857121 -0.190957695791388 -0.00175915616450114 -0.354626385434812
-0.379093852840131 -0.352554661330587 0.0116862435667501 -0.321123659276398
-0.2314776244686 -0.460336095308315 0.028297070341159 -0.243334222279846
-0.139714423936409 -0.518663305937288 0.0369512725011303 -0.100579679399138
-0.118596599993889 -0.531982882035569 -0.0186246033197738 -0.000846457801448477
-0.18129114250556 -0.522280944446333 -0.017064921116621 0.141908856937017
-0.286129109244854 -0.453461624298185 0.00952412474343119 0.219441621147887
-0.437551683940157 -0.310560467055842 0.0602083539448962 0.237622223648644
-0.503718462758924 -0.174491529652747 0.0538954667521662 0.276385953221561
-0.468817885149537 -0.0231144226930512 0.0590431006277508 0.23515280282562
-0.467137564397042 0.0907619492407132 0.148187919653968 0.23098906997135
-0.412644023876069 0.16134980000455 0.239911931729923 0.29465038892176
-0.321688435416569 0.09213702339408 -0.0251552985416265 -0.367358380965249
-0.392134712743366 0.0100291306852598 0.0263069783551059 -0.311224767896036
-0.374910836272058 -0.116181695931992 0.0743416303863154 -0.283785427055504
-0.337259652010117 -0.217685041736281 0.0469248929443745 -0.328907266384912
-0.252861844586894 -0.33053680938557 0.00817654167647438 -0.323449579855443
-0.145101261814619 -0.410407479690062 0.00468465494020911 -0.326759479389155
-0.090698845258754 -0.470248894596137 0.00359512095693436 -0.269438796671052
-0.10511046684157 -0.501869524577677 -0.0643570506522418 -0.205099204556425
-0.196890553029218 -0.500450373492796 -0.0997430763349941 -0.0364227607450424
-0.315797952322671 -0.425024175812264 -0.0898891563610369 0.116599919971706
-0.455720995898181 -0.255139215812981 -0.00504896602195709 0.205880558052167
-0.505913108420992 -0.0900449556435906 0.0701098410659012 0.265081014327249
-0.454198122989058 0.0544464604333582 0.145150198320091 0.208434301750237
-0.437664976933768 0.152052912148324 0.273400851946733 0.178869725906387
-0.386191678320355 0.191402459078259 0.398782915360981 0.214644342797165
-0.238431241906851 0.0427553991938292 0.116851087248455 -0.385162347667845
-0.273359711130056 -0.0225078135078265 0.12575761635185 -0.290696780210464
-0.228914684436499 -0.112878734990258 0.139757850564544 -0.226311182806192
-0.1771656391409 -0.169885430224479 0.0665402908915279 -0.268571459919912
-0.120016220510179 -0.232943515025185 0.00972317272687896 -0.292780792011785
-0.0656859578518057 -0.286664067781111 0.00587555023970171 -0.366903624277868
-0.0407405083858712 -0.351619159089492 -0.00615210914882287 -0.399837361043268
-0.0742469682254454 -0.393752629141469 -0.100564713932091 -0.381380362310755
-0.163898124927182 -0.397362820200857 -0.186552102867584 -0.195770754587216
-0.261231560965349 -0.32772718430938 -0.200007334138508 0.0293568573583234
-0.359623040174347 -0.176538152556214 -0.0824547849357276 0.187855599536734
-0.391090233122719 -0.0249672206100909 0.065868665648822 0.246935499602605
-0.347866054661879 0.0866043512157196 0.206886755173563 0.170762336932763
-0.335033348298866 0.160839351373123 0.368108539553634 0.116305695973892
-0.298609979172915 0.174468561424096 0.521645747830088 0.13225058500447
-0.121245071385375 0.00471358133455766 0.209182449010531 -0.378653836334282
-0.133763850677324 -0.0152186681452672 0.171010407502741 -0.260291037146733
-0.0973038138385493 -0.0605579169191478 0.156748284777023 -0.171204406262851
-0.0603275917715696 -0.0822401304047144 0.0593562632239791 -0.215595431228913
-0.0349581933262917 -0.113996564522365 0.00565720874911619 -0.253107271943008
-0.0205361772276868 -0.143069423601857 0.0123800271559362 -0.370342191866212
-0.00850429751662442 -0.192461670889811 -0.0063848276035279 -0.47613208286973
-0.0336834037736571 -0.221491330460302 -0.123201884121452 -0.501912301798623
-0.0865043748935633 -0.228864453262774 -0.252316250233547 -0.307308271582724
-0.140717128923838 -0.191723603027065 -0.283125388533635 -0.0280551858022767
-0.185548818620632 -0.0957376475173673 -0.144923925009934 0.183192700650162
-0.209426938863671 0.00411379197170633 0.0493787852030963 0.235125798203613
-0.190294484230385 0.0633684781992967 0.238854432494397 0.145054217235364
-0.185761645612196 0.113751938778503 0.420804878250098 0.0715191408490554
-0.166618665067395 0.10983047482488 0.586864306132626 0.0695080749933379
-0.0165475320974787 -0.00336286261979644 -0.551387687164832 -0.019975637793228
-0.0202285827112021 0.0022083972740031 -0.427791529506176 0.00704310751063005
-0.0139710024246391 -0.0244280517723064 -0.253406600443177 -0.0986451495866389
-0.0213625163292086 -0.0153217842015226 -0.0582809586474104 -0.184664597420414
-0.0131671711264529 -0.011004701482052 0.118568798008681 -0.177261073426032
0.00327224360312125 0.00656308331820246 0.232808506102333 0.0456830486960179
-0.00685850432207733 0.0217589433988338 0.23346248577702 0.345389489122885
-0.00880649436526022 0.0225052816768046 0.104797475240585 0.522254128044424
-0.0165461349624231 0.0170667032435491 0.0363134070705544 0.508290160545612
-0.0262272232353753 0.0168913032321316 0.0280574791507631 0.372646031339629
-0.0246967586242411 0.00103961172632696 0.0253189213268657 0.252811765816679
-0.0258010025527834 -0.0138715168448182 -0.017390969429027 0.181130177896248
-0.0118412427578175 -0.0185839495334335 -0.122924257213137 0.137596547839545
-0.00330701896530921 -0.00522581261071224 -0.165902584608625 0.181719693656764
-0.00359683421723306 -0.0218124627023373 -0.228361891476726 0.378574015437512
-0.143981551011496 0.0870098698751801 -0.543913077119858 -0.0541428484703918
-0.178229656962446 0.0875010524872297 -0.418271203337926 -0.030073395332129
-0.194541822597181 0.0315252679504013 -0.257056336261904 -0.133156440169042
-0.219781145578509 -0.0121598540977799 -0.0686263376149854 -0.222668282398965
-0.205132737430259 -0.0907819606478713 0.103940557615682 -0.202789530000177
-0.139810854696765 -0.14931140967281 0.211113309647097 0.022376689853336
-0.0993051435509795 -0.185812963297295 0.217114413367885 0.321251474524924
-0.0537350876533794 -0.185677150042194 0.095640923246989 0.486377757462944
-0.0404911520853836 -0.166579454219346 0.0491354193532582 0.497294403806928
-0.0512163335885437 -0.126277028493557 0.0434081204775177 0.378627247837677
-0.0803302239926436 -0.106766072176351 0.0428782083299529 0.263444619190012
-0.103148017576833 -0.11273550463581 -0.0142383894802343 0.20089038116925
-0.111965842314448 -0.0831882544877488 -0.113900971633844 0.157613165244571
-0.145397473833701 -0.0361595743601608 -0.137976336080199 0.19886877315474
-0.151987024142588 0.0049083909835632 -0.177269139715864 0.38105503678534
-0.255023457688229 0.147101555261811 -0.479143453346256 -0.130932539480246
-0.323018672810881 0.134514810701401 -0.363700376105529 -0.113775500564591
-0.358450324395161 0.0477713326111095 -0.227259512677082 -0.196078604233391
-0.392937782441361 -0.0455123035419079 -0.0717450524991923 -0.277495876568461
-0.358540561344489 -0.191543801124697 0.0705413806051761 -0.241707165778358
-0.24135639036218 -0.302570387391903 0.153976731131075 -0.0409730652499567
-0.157636144950455 -0.365294766682836 0.165195218235267 0.226440000127141
-0.0896637790569502 -0.365513785836659 0.0698740041315324 0.373580431508309
-0.0795687261529192 -0.334965900592151 0.0541441732777624 0.430426704352399
-0.108713418492191 -0.274553706839681 0.0637621485792385 0.366393884197643
-0.179739737588877 -0.219025342575839 0.0695589124527164 0.276518804400021
-0.2288052883912 -0.196585615221017 -0.00267808681311508 0.236498432578506
-0.243515952123615 -0.118520226845026 -0.0883667785176747 0.196345116564363
-0.29049169730869 -0.0339867406627126 -0.0789209167100138 0.229307366263093
-0.284227803365375 0.0469728993315835 -0.0737227180309966 0.375831561952563
-0.330994770919637 0.161899987981587 -0.35564408452275 -0.225254335329186
-0.425317098120049 0.125858788939636 -0.25576434276704 -0.212991254693716
-0.466508098478372 0.00943962682235713 -0.150658290860189 -0.265301741865958
-0.491874745936769 -0.114471214642451 -0.0507584542902762 -0.33141052668567
-0.425850123892281 -0.292897004084448 0.0329687724477963 -0.287620216161463
-0.273878958690666 -0.419154225309189 0.0829431635360033 -0.137144722294441
-0.17028307346278 -0.484029902956694 0.0962205693483288 0.0771731511359998
-0.111846957708118 -0.486795797804785 0.0294733713764014 0.202331954883496
-0.133408739251164 -0.46254111498737 0.0368593906757946 0.307619254345168
-0.20022501482936 -0.399578289494391 0.0625006699549457 0.312206962943509
-0.321080338134844 -0.300604451989652 0.0845492778982332 0.267718337060535
-0.389427826318516 -0.223721393736091 0.0248336537443153 0.267283857637624
-0.384012263346351 -0.0958402523217003 -0.0278452454076282 0.230443197009912
-0.410788313533255 0.0128744484394871 0.0206229898072585 0.248134999519454
-0.377243764867879 0.104240728276202 0.0739086997227985 0.349973735301302
-0.355604546514594 0.139582434278744 -0.195071524504496 -0.311718396577157
-0.450802262173544 0.0729557824229547 -0.113657425754411 -0.287459534579242
-0.472868518326766 -0.0614642952497819 -0.0376291261242473 -0.303263945692028
-0.468803846623864 -0.19166074211204 -0.00301544638823493 -0.354949227084187
-0.38006598299853 -0.352704029369103 0.0104888462045448 -0.321622330208272
-0.230200506548807 -0.461029210126466 0.0275952508492224 -0.243275048276377
-0.140068382124338 -0.519151862149051 0.0376096719595677 -0.101107686185051
-0.119244999470436 -0.534019488286449 -0.0183623636685604 -0.000722166377634422
-0.182037460434504 -0.524310281744717 -0.0165487404735879 0.142895136832577
-0.286812135017483 -0.455106877616966 0.00984612303757675 0.219881935658909
-0.437427632432847 -0.310026400449351 0.0599221826789095 0.237552577276742
-0.506028108018324 -0.173506208517832 0.0557280948219862 0.276999844067891
-0.469340888851124 -0.0212318643609285 0.0593984056732697 0.235951546686216
-0.467140677987658 0.0899787767965228 0.148009821114934 0.231455916823978
-0.413876172267509 0.160924400860766 0.241213520240461 0.293555173526482
-0.323464857685398 0.0927389796467689 -0.0267957166024622 -0.366804573776957
-0.393015120093056 0.0109815255406369 0.0255332580801611 -0.311291340790945
-0.376173329567946 -0.115495239753656 0.0725788177468985 -0.285228623214523
-0.338905818728958 -0.217797134369786 0.0450302770199776 -0.329213387096473
-0.253416826241157 -0.330768285728632 0.00709443984730785 -0.324094255350343
-0.143862892901127 -0.410419437058837 0.00441290370652279 -0.327292499356546
-0.0901373328515239 -0.472586857420803 0.00429024698801799 -0.270608784183737
-0.105961015774657 -0.502548077212017 -0.0647720604025314 -0.205173011722794
-0.197299120300482 -0.503307051259748 -0.0994138942135535 -0.0361820487249223
-0.316809946076419 -0.425718198700219 -0.0897368120751176 0.117400411766239
-0.457192293998502 -0.255586269997014 -0.00541709373486055 0.207113372948339
-0.509246158163367 -0.0899018399067339 0.0721584745418507 0.266682913498764
-0.455430785165844 0.0558848093539302 0.145783790986845 0.208802090746978
-0.438952074027283 0.153118032800551 0.274472211954015 0.179108654191617
-0.386751047955992 0.191674971571421 0.400985838321745 0.212566813171581
-0.239824325914533 0.043357930902805 0.116566860533794 -0.384126623671775
-0.27345163744305 -0.0228123139761125 0.124506794082132 -0.290624487482745
-0.229644587063403 -0.112211374775214 0.137679830861798 -0.227558137039158
-0.177795804110749 -0.170287890401556 0.0653119431415011 -0.268910423515034
-0.120025370275526 -0.233847922961047 0.00932307042478815 -0.292910580586556
-0.0646999548724105 -0.287114012452639 0.00541214136094214 -0.367065825891455
-0.0415931959475341 -0.352603371636278 -0.00646257731909439 -0.400329854325087
-0.0745632461310736 -0.393568863567417 -0.100663079603662 -0.382026681741135
-0.164531500248903 -0.398324292106548 -0.186705034910499 -0.196322121673198
-0.26219923403189 -0.329899140649598 -0.200993775943817 0.0300112861071935
-0.360772686170576 -0.177468874807038 -0.0842862413025588 0.189070560413654
-0.392939152988024 -0.0238303254986406 0.0667921378933729 0.248033484523533
-0.349295037848185 0.0874258183844794 0.207503342790012 0.170597506058534
-0.335740160517974 0.161435972511208 0.36929514417143 0.1156526132894
-0.299288382453934 0.174660164521843 0.523380552864872 0.129551266294763
-0.121925652232809 0.00487739979123848 0.209757897262692 -0.378704992679347
-0.134181689271452 -0.0149777592324664 0.16964252499881 -0.260428124979124
-0.0975867868613207 -0.0605063466105808 0.155485421679976 -0.171969768575788
-0.0602444399925591 -0.0820533538289976 0.0578071622382565 -0.215578118320324
-0.0345342732824096 -0.114136953507225 0.00527334781133662 -0.253706617506369
-0.0205463633362894 -0.143104535158646 0.0126116088339466 -0.371449432310656
-0.00919256394260255 -0.192470867787663 -0.00603725545295658 -0.476265022976427
-0.0342837494132677 -0.222204314902261 -0.123137705336471 -0.503016373300557
-0.087035869844797 -0.229897867441512 -0.252554711219486 -0.309719503116908
-0.14182687474779 -0.191995246901895 -0.284504436252464 -0.0273857046576276
-0.186512597350506 -0.0959768643085919 -0.145864785293623 0.184452983936858
-0.210450394632599 0.00451678721587562 0.0502116855082763 0.236823636920582
-0.191482907814765 0.0641542047341108 0.239961125272249 0.145735078549403
-0.185747750481001 0.114791396959287 0.421910159643031 0.0704948973313517
-0.167493104356766 0.109401319080622 0.589438413357887 0.0671095974594337
-0.0159630740090435 -0.00358757265782668 -0.552118528813262 -0.0179478408755982
-0.0207395328273693 0.00218578548622719 -0.428996880106692 0.00869764963998404
-0.0144816817148122 -0.0248665906678975 -0.255211220508726 -0.0985647849985387
-0.0216939279143987 -0.0150598339045991 -0.0592683043030577 -0.185909759959937
-0.0133869074077149 -0.0111727811701756 0.117782116284171 -0.178309214067057
0.00308329192365381 0.00626764623058919 0.233319094723939 0.045329259963855
-0.00653707499453307 0.0217417389170846 0.234237473646881 0.347668939359018
-0.00840746456939544 0.0228642611639863 0.104874654348776 0.525179958459458
-0.016547286594759 0.0165281070986056 0.0360091181286853 0.511046112828156
-0.0259188154125651 0.0169502696504112 0.0280509573528099 0.374403618368438
-0.024695739636892 0.00112036871250053 0.0259900529044152 0.254193207310503
-0.0259257427292163 -0.0134061053931342 -0.0157327145215138 0.182048867638491
-0.0119758724122013 -0.0185095431842469 -0.121983278500174 0.138932821379146
-0.00316873845721152 -0.00546582946457194 -0.165629416437289 0.182848704537603
-0.00390121590014626 -0.0221727731554895 -0.227048596350543 0.380507126052113
-0.144371192458859 0.0871984290780298 -0.546223316370552 -0.0519539496038001
-0.178806072127304 0.0882384417354828 -0.420192986427483 -0.0292070938366508
-0.195534593149575 0.0321733084710837 -0.259132687978317 -0.13347614156052
-0.220061696122517 -0.0120667107775093 -0.0700743710573657 -0.223592979743699
-0.206165077370007 -0.0908120598301425 0.103346577290208 -0.20364885479467
-0.140349506518435 -0.149801611611558 0.211021939558052 0.0222020959930196
-0.0999167109289438 -0.186425730748331 0.218467704101921 0.321334050613642
-0.0535661510393437 -0.186313659514895 0.0954538284259804 0.488532671687744
-0.0406259034414925 -0.167507450966531 0.0482261378758553 0.498785751931681
-0.0510586345177986 -0.126763533104811 0.0429177273527015 0.380435872433906
-0.0804803710216526 -0.106569631747949 0.0434800649514039 0.265570445365065
-0.104004987934476 -0.112868990680618 -0.0128097036787508 0.202015100911249
-0.112205531871144 -0.0833905337013193 -0.113153291980014 0.15856809705638
-0.145615052735571 -0.0362585653172312 -0.138352175916364 0.199138421895415
-0.152842139575724 0.00473417090733311 -0.177368124992997 0.382270777914952
-0.255845633670352 0.148164351617254 -0.481550496992664 -0.128302736038639
-0.324382659415742 0.136253530826154 -0.365700075421698 -0.112937656133242
-0.360550261283946 0.0481727583512299 -0.229304511643389 -0.196798338945891
-0.393689444300513 -0.044827722774844 -0.0732759841558437 -0.278351682229547
-0.359634688100665 -0.191377745027056 0.0698867482357005 -0.243161968511226
-0.242540313989353 -0.303715842043388 0.153712016935831 -0.0405206738324466
-0.157968379543829 -0.367441196242754 0.166041188380291 0.22771182533175
-0.0891089994251832 -0.366561065582593 0.0701603126282596 0.375977747710681
-0.0801436618110016 -0.33660544680456 0.0546745466174591 0.432075885911475
-0.108766583525948 -0.275319108336722 0.0640904019095957 0.368063857391726
-0.180740430378585 -0.219510600119601 0.0700954916272051 0.277517537669479
-0.22975641974792 -0.196807801061966 -0.00108386000133231 0.237627371376314
-0.244608875372093 -0.11822725855448 -0.0877718517000119 0.197026516511006
-0.29109968680931 -0.0335904192169453 -0.0785631345261394 0.229690921086604
-0.285380387243413 0.0466037301246345 -0.0725497191230765 0.377049089818414
-0.332929491368558 0.163766174182211 -0.358412075474902 -0.224032321977783
-0.425803340693684 0.128337924747827 -0.258041297072225 -0.212846658172847
-0.469113346112502 0.0109494945579537 -0.15326452978156 -0.26580676463246
-0.493802928570806 -0.114689935909808 -0.052553655434699 -0.333010957883471
-0.427477315951753 -0.292858075161738 0.0314674497738534 -0.288887102528718
-0.275524011921608 -0.420785283972707 0.0822505578212488 -0.137245435544648
-0.171080304551819 -0.485378237285337 0.0968322498939224 0.0768431609889377
-0.113514880137687 -0.487097135333429 0.0298126334376186 0.20306780212326
-0.13280143529078 -0.464254237392264 0.0373583544870731 0.309341535039129
-0.201021494983117 -0.400135634192228 0.0632558432429438 0.313144526659742
-0.321412298895155 -0.301600744413174 0.0838582189687336 0.268697275722266
-0.391725692510418 -0.224501710837986 0.0259577459145677 0.269491384677372
-0.384727998482243 -0.0946853244004946 -0.0276284810535157 0.231864651484021
-0.412456654719929 0.0133737910441347 0.0211481368320236 0.248960205549596
-0.378842680463699 0.105477623635708 0.0754411363214863 0.349949649903075
-0.356534090870852 0.141145193176292 -0.197051067847188 -0.311175590124557
-0.453353585152034 0.0732167340615815 -0.115525975154917 -0.288468505659254
-0.474954057936885 -0.0610475025484949 -0.0394070631814173 -0.30451912598685
-0.471347341952506 -0.191154179152648 -0.00505912588043565 -0.356457393216859
-0.382876287705737 -0.35461495420717 0.00954476161534971 -0.322988386756523
-0.231272728668864 -0.463077730749509 0.0270276644228296 -0.243825025765625
-0.140359017650053 -0.522199701462008 0.037739910616806 -0.10110799228273
-0.120009076469015 -0.53667545547805 -0.0186443579536687 -0.000357906420966876
-0.183035207053531 -0.526700051072432 -0.0157919927917984 0.143599472878925
-0.289550060535703 -0.456134550021384 0.00993085421356427 0.2209098357565
-0.439483459233691 -0.310805690455208 0.0598034945414242 0.239057753731796
-0.509897743371458 -0.174039031736561 0.0573770565938458 0.279330218956344
-0.471927500386205 -0.0221238227189017 0.0600771982421399 0.236592775134024
-0.469397274902641 0.0919584851874964 0.149030728483419 0.231382206367282
-0.415610802469476 0.161999709448472 0.2437098191392 0.292692427530118
-0.325291682101984 0.093763473483697 -0.0282684862321697 -0.366889416886101
-0.394751653240634 0.0110656219215317 0.0239764878902014 -0.312294837966286
-0.377575058819337 -0.114790088371398 0.0706213073206096 -0.287112331143292
-0.339576612308755 -0.218788036324141 0.04316472484129 -0.331133386269881
-0.254098705855999 -0.332187999490998 0.00638372711859507 -0.325232101048249
-0.144936263419349 -0.411132550478121 0.00348114807413429 -0.328564786429288
-0.0910275887562972 -0.472835232436851 0.00427847936224266 -0.271217223918489
-0.106621155940269 -0.50479017526794 -0.0648258660256182 -0.205698733164851
-0.198522597772924 -0.504029002951738 -0.0993669224933224 -0.0358659021463235
-0.318392909150692 -0.426575853863061 -0.0898941808089504 0.11855120616276
-0.459993129357816 -0.256476151007959 -0.00583814229072423 0.208911003213596
-0.511188760437539 -0.0889404810906626 0.0735633393238276 0.26865571323788
-0.458351620793706 0.0566948055333952 0.146743761021012 0.209636630341851
-0.44035610046975 0.15503597257844 0.275626396686158 0.177843974612537
-0.388406933463934 0.192953483132058 0.404174714657453 0.211757446161476
-0.241522220000113 0.044291107813464 0.115759796185163 -0.38456255171074
-0.275005725470508 -0.0222196521693787 0.123365559002213 -0.292231466518598
-0.230718536755358 -0.111969966214085 0.135929426181165 -0.228681769061475
-0.17905362897535 -0.17077663826574 0.0636675260222319 -0.270121030252588
-0.120468505504821 -0.234322893024018 0.00927750636281709 -0.294046041459578
-0.0648882557609737 -0.288171221693865 0.00506929848400105 -0.367357073246076
-0.0421205260768826 -0.354267856444558 -0.00591595736027562 -0.401364256096771
-0.0751183800141058 -0.394212008077538 -0.101408182392977 -0.384062196038601
-0.164948119578276 -0.400838753070258 -0.187245576008885 -0.196673751634244
-0.263562820744839 -0.331072456456176 -0.201860558203404 0.0312485759047624
-0.362841199352087 -0.177526597425073 -0.0845750048294247 0.190581806269615
-0.394705761028629 -0.0240798310359337 0.0684182969065229 0.249999800690626
-0.350957133188775 0.0876455317452899 0.208784413251744 0.171482224339151
-0.337076075372696 0.163308182697924 0.370976587916815 0.114155606155297
-0.300089304498372 0.175738646299991 0.525705372000376 0.126881565503765
-0.122625816666374 0.00538407477589762 0.208597191815267 -0.378928052962972
-0.134416689669254 -0.0146208067026397 0.168186857242145 -0.260817067360791
-0.0978865876587119 -0.0599799840062578 0.153636184034673 -0.173502700774252
-0.0610402581832321 -0.082183865590231 0.0563250533073766 -0.215696293191192
-0.0349754274632341 -0.114391424143976 0.00468609471994419 -0.253946362351298
-0.0196439333172059 -0.142884207404078 0.0117889937368928 -0.372764181145786
-0.00873038027281093 -0.192736229667099 -0.00720132953339548 -0.478213794434782
-0.0349908419158631 -0.223217134229859 -0.124056702445074 -0.503896869367769
-0.0882268832120511 -0.23031165133925 -0.252081898594415 -0.309613754367907
-0.142588385121694 -0.192814666353457 -0.28553467116381 -0.02631931410598
-0.187365811124631 -0.0965845677451277 -0.146721848346699 0.186393370633787
-0.211489921974796 0.0049472484363732 0.0512489663082726 0.238128839728838
-0.192333017134596 0.0646447815619566 0.241735843162542 0.145702921510446
-0.185837386881244 0.115680898251872 0.423974794247227 0.0690604455763018
-0.167198977970775 0.110284589506381 0.592459791049496 0.0634586484461338
-0.0162705133521547 -0.0035114472937189 -0.556372564097795 -0.013960259173462
-0.0211406841046016 0.00230182131370036 -0.431378562769208 0.0107836969357201
-0.0146193667943236 -0.0249351740884856 -0.257848828592025 -0.0986107527786459
-0.0216926139154095 -0.0149296057953443 -0.0608114586313431 -0.18678374716945
-0.0133861176167385 -0.0112876672763059 0.116733950029082 -0.179752311385267
0.00320831561887685 0.00649757079156372 0.234421769750464 0.0453160963421398
-0.00641164680788063 0.0217101339952175 0.236327789040025 0.348567696825683
-0.00754888192724813 0.0229444346508028 0.106752678288684 0.528276146843151
-0.0162926108042449 0.0168807617363607 0.0388934068653403 0.513760147025708
-0.025623579408239 0.0173540468391478 0.0286804123009356 0.37662793842316
-0.0247824709967123 0.00133088200147283 0.0275295781181069 0.255005711164138
-0.0262956354025759 -0.0135815082030641 -0.0144684946596361 0.183143430825798
-0.0124833935820606 -0.0187256792035333 -0.121177725114855 0.140288332538422
-0.00317657019745858 -0.00576384474999662 -0.164996442774029 0.183893152795044
-0.00439589559488664 -0.0222064852235535 -0.225673992372539 0.383130063562838
-0.144567739796944 0.0881524382381609 -0.550136779165377 -0.0493017443388707
-0.180211716909873 0.0899487158115897 -0.423082175461615 -0.0266317047746424
-0.1966477989145 0.0322527934732357 -0.261651942815077 -0.133642196662011
-0.221783492743632 -0.011788709860943 -0.0717503648970847 -0.224847884724815
-0.207794949228913 -0.0903832153457506 0.10202511694558 -0.205923688185992
-0.141074450688727 -0.150200695273263 0.211624664598466 0.0224794411439292
-0.101024669010057 -0.187631610508707 0.219502583407343 0.323019083352867
-0.0536287618832013 -0.186689284921643 0.0977286747925349 0.491712085598379
-0.0411127458471428 -0.168335850673499 0.0500190203767607 0.501882555222534
-0.0507472703174217 -0.126766568900479 0.0449441577128377 0.38280360998499
-0.080928631526602 -0.106571267051237 0.0448364129003587 0.26676884553507
-0.10543297648178 -0.113003610252851 -0.0110494098521199 0.203896746116616
-0.113030662072342 -0.0830520440453522 -0.112739532497794 0.159796734722042
-0.146061558698391 -0.0359581197932434 -0.137737327331485 0.200085373662329
-0.15369451473921 0.0051131021961829 -0.176332394370487 0.384053035345562
-0.257091671876103 0.149403820653923 -0.485785485804094 -0.125050793100268
-0.32650043946952 0.138576004615288 -0.368535946074058 -0.111438815688505
-0.362783848209541 0.0496441351126865 -0.232397508681382 -0.196958193486695
-0.39719256328866 -0.0443175618704295 -0.0753210590422589 -0.280078859386118
-0.361796596961757 -0.191134842461864 0.068259437185134 -0.244850233519347
-0.244675450379879 -0.30463842822719 0.153703471493293 -0.0409138069433114
-0.160107199573321 -0.368377839666562 0.167791827528323 0.228015082653569
-0.0914442422113186 -0.367948338103162 0.0711450454173111 0.377420169511834
-0.0805239600924951 -0.338303790348544 0.0562877790610776 0.434585890728419
-0.109805043536012 -0.27625106028701 0.0656081800814644 0.369963077296571
-0.181701151916839 -0.219296625010321 0.0703815713471077 0.279391329177124
-0.232841000402487 -0.196808664756794 0.00115371831310206 0.239479364275359
-0.245720085506464 -0.117368961379015 -0.0873547955780493 0.198908712389393
-0.292160671638357 -0.0332704486521914 -0.0785342728707505 0.230634478941466
-0.286578392856975 0.0475828896174814 -0.0716202257785931 0.378508222965837
-0.333269655541452 0.165223090934842 -0.360722685720357 -0.222408006149069
-0.428003019463103 0.130046999211662 -0.261511695176673 -0.21230288723853
-0.47200042896793 0.0118547835980653 -0.155595899583635 -0.267461941914021
-0.496583085235675 -0.114078516148601 -0.0551132861712241 -0.334514968015232
-0.430888650084173 -0.293897977929613 0.0306654798024003 -0.290849756216416
-0.276442097471678 -0.422503073030318 0.0818918295224499 -0.137674521709386
-0.173930171179115 -0.489118877369668 0.097964858730186 0.0772049443606061
-0.115594002634284 -0.489190009285231 0.030153201078412 0.204216246774168
-0.134333986576116 -0.467578372424711 0.0393741392269852 0.311077969736501
-0.202640860799174 -0.401535950711952 0.0637434545129259 0.315193316568275
-0.323603922106123 -0.300516526503528 0.0850634768210708 0.269922500711304
-0.395958401256771 -0.222425451518671 0.0285906399727782 0.27048106343938
-0.388608275963859 -0.0951637179934336 -0.0270871033526347 0.232967378649902
-0.414158800635216 0.0155382739902986 0.0219400545732236 0.249792992923957
-0.38039979326242 0.106337705214092 0.0771646374606147 0.350550679361091
-0.358868959523072 0.143198531331287 -0.200061582288972 -0.310459586093718
-0.456017490375014 0.076472156589092 -0.118317576710641 -0.288792088579514
-0.478406373719017 -0.0597865799202186 -0.0418917597287662 -0.307160450872478
-0.473397061298555 -0.191566811833138 -0.00768762703321539 -0.359072813451616
-0.383623393491197 -0.354793974287001 0.00811570534501637 -0.325154042848527
-0.23299598629342 -0.465050564494878 0.025618276674132 -0.245137523016215
-0.143873797222093 -0.524875640085575 0.0383961201296415 -0.102161082338314
-0.121380408806125 -0.538162619744752 -0.0182836699288326 -0.000110852363891521
-0.185594406522674 -0.528416495788319 -0.0145525229601714 0.144583604191708
-0.29271051802755 -0.457156728871457 0.0109453172027437 0.222658319330857
-0.442714125966208 -0.311372500987059 0.0595292779623469 0.241209060893051
-0.513148796555527 -0.17364001968827 0.0594258136779742 0.281567881692214
-0.47355170672706 -0.0200891651321726 0.0608061892032741 0.238028886413063
-0.471437890508324 0.0936125042661769 0.149825960119157 0.23181357570437
-0.418520570119265 0.164404044530482 0.24576938998723 0.291757585869888
-0.327083526408479 0.0952639300758888 -0.0300238120398764 -0.367066637457998
-0.397254126742667 0.0133061721765549 0.0219077160475042 -0.313827847883704
-0.379898431774698 -0.114457149162484 0.0680386292811432 -0.289358169235083
-0.342195052466344 -0.218550752590805 0.040564463920133 -0.332073532311571
-0.25589282109117 -0.331497908938752 0.00466685795140828 -0.326829796668247
-0.146292991234469 -0.413355833001952 0.00322381300327067 -0.32935736880505
-0.0931712307703788 -0.47664817417799 0.00410628756675322 -0.27308882536996
-0.108104616104772 -0.505904637898114 -0.0656500524037471 -0.206884350674812
-0.201121784154639 -0.507766094075679 -0.0988595751295146 -0.0352444088250665
-0.321417770629403 -0.429614086685779 -0.0903713903074395 0.119462189785098
-0.463152418766988 -0.256658403289557 -0.00660634263035595 0.210612176489967
-0.515082920288873 -0.0884089130227212 0.0760435050593318 0.270743627220774
-0.460620546363393 0.058713310776339 0.14830058845076 0.210677386608589
-0.442427045842023 0.157570774860825 0.27738016493141 0.177395059274186
-0.389869445194975 0.194431649843354 0.407026233060025 0.20975103338197
-0.242583588403534 0.0459801797742649 0.114274189069156 -0.385089000202945
-0.275975897011189 -0.021186661916506 0.121962219185476 -0.292897661539985
-0.232270863982985 -0.111262293101053 0.134511694822662 -0.231898956018338
-0.179610876488056 -0.171341671856834 0.0618825883274701 -0.271215566418141
-0.121210075352366 -0.234555634106296 0.00759080564829583 -0.294887342867262
-0.0653808060941516 -0.288855915743819 0.00415830227501253 -0.369782795141927
-0.0434540571134119 -0.355391740426055 -0.00709549757070029 -0.40370330795991
-0.0765042218569868 -0.397085850342352 -0.102067051839654 -0.385300278278939
-0.167428267625222 -0.401799858660077 -0.187338638515117 -0.198116161717696
-0.266172538591091 -0.331524020695366 -0.202291083581297 0.0320972092427656
-0.365369978391833 -0.177008053014407 -0.0857297060467419 0.192939581429208
-0.398597411005347 -0.0228031621961833 0.0704015047647859 0.251691543269463
-0.352125446337647 0.0895490467751826 0.210768608299645 0.171480028289679
-0.338362144355834 0.165262187696441 0.373116234075365 0.113473062482024
-0.301207354970518 0.176666353029355 0.529381977602578 0.123945250212862
-0.123396196639724 0.00602482676867465 0.206964587962648 -0.380032352783691
-0.134757784876127 -0.0144185186850364 0.167177087259926 -0.261667049311979
-0.0979017664157214 -0.0596685313953764 0.151854593577352 -0.174860902291028
-0.0613037057767832 -0.0821718412482977 0.0547397145578853 -0.216679168108523
-0.0351102103722412 -0.114844787223321 0.00346232470107793 -0.254819765255374
-0.0198244464668374 -0.143431970359052 0.0108593734728781 -0.375063724909161
-0.0099491187103656 -0.193603720464507 -0.00676689892905178 -0.480819591429084
-0.0357155139579094 -0.22451505120076 -0.123685680082688 -0.506911668249417
-0.0891228858575394 -0.231522090942833 -0.252620301734913 -0.312061123915868
-0.144668744307312 -0.193196058987469 -0.286140605812162 -0.0253713463658854
-0.188988035345946 -0.0967452496569326 -0.147793077676877 0.188647250961217
-0.21288303050986 0.00518390102829905 0.0529631551961539 0.239806410012986
-0.193338056352051 0.0654180940474947 0.244446790835857 0.145657780897526
-0.186371863184668 0.117094936882143 0.426567351440586 0.0667094956880689
-0.16787770549547 0.110767947411862 0.596508626255746 0.0603188605973666
-0.0160222579501246 -0.00383140761636799 -0.559324186137586 -0.0104583051048934
-0.0211918519181373 0.00244142778074994 -0.433429066559924 0.013758137618466
-0.0147684987354 -0.024968700415634 -0.260457515323999 -0.0979371944685898
-0.0218949981468764 -0.0156883237370476 -0.0621533142505502 -0.188140520015086
-0.0139148783972075 -0.0110327761136472 0.116418322833608 -0.181579139936114
0.00359222065672699 0.00676881075766821 0.23500539303377 0.0446592371136647
-0.00612616124357206 0.0218367161567315 0.23842440696957 0.349532929168044
-0.00726829693098703 0.023115753504273 0.108471068338206 0.530527703501779
-0.0157462255133828 0.0166891415908136 0.039119160293119 0.516519032996236
-0.0250654725297925 0.0181036161542528 0.0303574331303511 0.378332829367033
-0.0254570886171999 0.00151200602126985 0.0290482908146836 0.257065761694242
-0.0269334970434196 -0.0135158197880895 -0.012215654701619 0.184144027071588
-0.01281429523305 -0.0190410884145928 -0.119997669804399 0.142194736896639
-0.00273219884844605 -0.00589415636487276 -0.164573834453455 0.185652816473224
-0.00487823271409449 -0.0224066626202052 -0.225276661109439 0.385224585574478
-0.14547760273483 0.0897272159262009 -0.554008675397388 -0.0447252099194274
-0.180496569562592 0.0913063152556331 -0.42514013891311 -0.0240363611465214
-0.198142251757726 0.0338213436232299 -0.264529792247536 -0.132880769893952
-0.223012312943574 -0.0099266370163065 -0.0739512799273421 -0.226029344098943
-0.209302549484054 -0.0902436027461243 0.101135109102659 -0.206958386429554
-0.142339709641606 -0.150805463870356 0.212352149761503 0.0219181404403063
-0.102583320170156 -0.188610458931456 0.222207298646612 0.323002468630778
-0.0545220648939391 -0.187722814920263 0.100635635195302 0.495938712307005
-0.0416358906593929 -0.169178524252058 0.0517653887934615 0.505605882264991
-0.0512298817281994 -0.126984324536718 0.0461805213683969 0.384293024535644
-0.0814778910446604 -0.106362889118086 0.0463719644129354 0.267714493075216
-0.106456634029538 -0.11296441543078 -0.00955019237983256 0.205083178200495
-0.113961045078876 -0.0827827482155815 -0.111721631380028 0.161370705154597
-0.146993747305621 -0.0353421524859879 -0.136162720045354 0.202423621379676
-0.155039571095685 0.00591873006915798 -0.174440884443693 0.387265096063761
-0.258063067002125 0.151639023434654 -0.488929526229499 -0.122300224500649
-0.327405223210473 0.141209053624082 -0.371068334075857 -0.110358968266121
-0.364999308965887 0.0526342758190178 -0.23526519809359 -0.197791645300886
-0.400117343237498 -0.0426619144496192 -0.0776750155372717 -0.281793747050601
-0.364755832536607 -0.190363612676055 0.0673427577787113 -0.24644405452549
-0.246793804304607 -0.305334789943061 0.153866583965957 -0.0416077070288444
-0.162617446821918 -0.370980476400006 0.169015111690059 0.228412940441923
-0.0934733373430206 -0.369771688491236 0.0729677981698059 0.380176690774768
-0.0823987894690259 -0.339384881456306 0.0583775837916715 0.437268407598461
-0.110666794791323 -0.277349343084259 0.0670143872950656 0.371768355816027
-0.183210649624348 -0.219272408646266 0.0716103491730061 0.280431620060389
-0.234815314011356 -0.19710774211966 0.00247231093779184 0.241662051438495
-0.248035478620978 -0.116725222351005 -0.0862540380090806 0.200219471888095
-0.293679548285793 -0.0322840020644171 -0.0775062106719575 0.23267270126694
-0.287800183726312 0.0490517348476834 -0.0693375895690316 0.378979325760809
-0.335159457311948 0.168752993995484 -0.365350387060542 -0.219972065552532
-0.42978197119891 0.13327661603296 -0.264098256967872 -0.21190496507624
-0.474333588784146 0.014645595449933 -0.159708555487038 -0.26907017835673
-0.49943349410719 -0.112118497354238 -0.0587488300486294 -0.33547961255907
-0.434490426806524 -0.293243904665976 0.0289429085079026 -0.292676785204283
-0.280376331624599 -0.423984026981664 0.0813003875602124 -0.138956720729578
-0.178098286339386 -0.49138853772025 0.0990961841126779 0.0766796926105575
-0.116757305856418 -0.492205477473413 0.0305127054386015 0.206463281776186
-0.137445406545378 -0.469517829441225 0.0407248591853805 0.3133050047047
-0.205258200478915 -0.40305952316996 0.065723622801473 0.317146789113965
-0.325692653641634 -0.301007075536737 0.0856148812507551 0.271973342520614
-0.399136302888589 -0.222814741686876 0.0305916890748365 0.272867605716641
-0.390502456804745 -0.0933470942754466 -0.0262485599808219 0.234473912518586
-0.41617721992721 0.0165283863820971 0.0229711455303534 0.250723365737892
-0.381903537388945 0.10802210153559 0.0797215036450301 0.351004085114669
-0.361165914232711 0.145460215432685 -0.203450125428926 -0.309626883423043
-0.459032139673274 0.0785301716874344 -0.120597823181302 -0.289592230628153
-0.480658514338103 -0.0567684889014624 -0.0445802778213501 -0.309107751596054
-0.477257152168617 -0.191291942427605 -0.0109257269463127 -0.360805186933414
-0.38867561875894 -0.356178416302544 0.00616292304992568 -0.326791039479297
-0.236129860766813 -0.465779032639142 0.0241000178504843 -0.246736586341349
-0.146999486545227 -0.527676517480521 0.0381156411068192 -0.102569375266386
-0.12523146971709 -0.54062429305128 -0.0187116567554476 0.00016514109966082
-0.187399532388778 -0.531102049915578 -0.013873281483232 0.146225189054469
-0.294753533649413 -0.459158666965718 0.0117635555931933 0.223978746804316
-0.446263943265264 -0.311049489311807 0.0598980247281848 0.242497512306814
-0.518467154071663 -0.172328179959887 0.0624643505996304 0.2835736040154
-0.476820106010363 -0.017716546917877 0.0622466596058363 0.239297004290059
-0.474800217923186 0.0963312186485921 0.152045458513743 0.232489079344211
-0.419994132607927 0.167344228660705 0.249447054463497 0.291138127096424
-0.329174155286968 0.0977492046488167 -0.0324328214280163 -0.367808245673512
-0.399815141695803 0.0150355414575928 0.0185608414243013 -0.315422562196675
-0.382753412704065 -0.112286832405464 0.0657892152612092 -0.291693672240196
-0.344916918814187 -0.217587496691622 0.0384248449095912 -0.334452451018143
-0.257899150995238 -0.33298349824998 0.00281724426115318 -0.328928809002632
-0.147749085768507 -0.414376800091702 0.00103709574789523 -0.33183783376905
-0.0953809264008267 -0.479415897050954 0.0034817385606849 -0.27388558443749
-0.110130745870571 -0.5096677884778 -0.0665372275193839 -0.207684930436465
-0.204208023974128 -0.509075944899785 -0.0989081572663358 -0.0354496703733419
-0.326357033463269 -0.430271712377827 -0.0900999704291502 0.120690015098949
-0.466641236746127 -0.255537304330504 -0.00654685003393478 0.21239236925555
-0.520880081918937 -0.0858699023911329 0.0790471334040264 0.272627779504771
-0.462718613082885 0.0617276828373991 0.150069258035065 0.211074377081971
-0.445052406422096 0.160736819765436 0.279844751962098 0.177064933265364
-0.391380183589844 0.197462895957201 0.410869142553522 0.206883496396679
-0.244412292936767 0.0474704056902785 0.112538585787671 -0.385917360587064
-0.277975721247778 -0.0197623211037373 0.119633366028928 -0.295164174578038
-0.23395019444951 -0.109895708257682 0.132342465402715 -0.233402830479887
-0.18176585718112 -0.171256261810433 0.0595387600676378 -0.27307896472528
-0.122521544322026 -0.235303657172252 0.00626429401182823 -0.296659152985563
-0.0662201195945872 -0.290091618047024 0.00274423815079821 -0.371540635915155
-0.0453379218833992 -0.357754911830862 -0.00782429743722667 -0.405650475386263
-0.0797960370070422 -0.399280626341021 -0.104340241292221 -0.388078799495024
-0.170131550609779 -0.404155441675079 -0.188845402229774 -0.197761751308673
-0.270430736515696 -0.332568473748073 -0.203122106355495 0.0338253436239229
-0.367065945954925 -0.175695018386734 -0.0860389681474318 0.195333362340688
-0.401519171045244 -0.0206190771892686 0.0733159647509601 0.253698210752334
-0.354651990640417 0.093000641325652 0.213093744307283 0.171972154611163
-0.339515626178992 0.168053937841894 0.376014701225847 0.111346999102589
-0.302416360122113 0.17918779625229 0.535094348109438 0.120314388967566
-0.124592988442891 0.00711547101536253 0.206971247491918 -0.381486590746762
-0.135889001534071 -0.0133239341797846 0.165188839904001 -0.263491293037675
-0.098930961541411 -0.058982175088329 0.15015539499247 -0.176998232251853
-0.0620704747985098 -0.082419125169077 0.0531281228191297 -0.217629983537028
-0.0358832446836487 -0.115108384582169 0.00214633122413864 -0.255769000908151
-0.0197010588493617 -0.143607895125876 0.00902243536412697 -0.376796140669382
-0.0112847572048421 -0.194119113260606 -0.00839615434189375 -0.483937532093928
-0.0369369663463682 -0.22518124413195 -0.127038336698066 -0.509993475158391
-0.0909503803851188 -0.232008514187563 -0.256845270580371 -0.311237184106026
-0.146896489343718 -0.193636355717323 -0.288292904688364 -0.0240180117387955
-0.190477589869373 -0.0966837051084686 -0.147787344067302 0.190796405136877
-0.214770256545221 0.00665583886547672 0.0555652013949117 0.241682873268358
-0.194081256313274 0.0677797193433179 0.246528462219516 0.145126548937939
-0.187184061670421 0.118626192088883 0.430247702592912 0.0638351851607532
-0.168588216592531 0.111874086232114 0.600582316377117 0.0556638903642102
-0.015961320098009 -0.00397282188165284 -0.563137321104831 -0.0053705695348972
-0.0215373055627089 0.00309763211504566 -0.436102224336507 0.016867142987685
-0.0152933420613798 -0.0253415699410021 -0.263586568126331 -0.0964856101933307
-0.0223654910965067 -0.0149998214739052 -0.0644635306052142 -0.189056299864812
-0.0137787760627984 -0.011292850050638 0.114904781339641 -0.183138670575218
0.00397818272972059 0.00697296607192779 0.236291437884462 0.0434303544130338
-0.00598262308449955 0.0219405375630129 0.242785974932145 0.35003131983804
-0.00681813598877259 0.0232182261594665 0.113190382593183 0.534049972194221
-0.0155540432805333 0.0165133923628946 0.0435205504475669 0.52026593503133
-0.0249351758776915 0.0183455237754231 0.0330024431745132 0.3808338097917
-0.025024292575388 0.00225159173168969 0.0314957510812655 0.258082407518459
-0.0274291941145862 -0.0130963421089842 -0.00986240596099839 0.18544467532693
-0.0130522744865887 -0.0188214947005826 -0.118611370348773 0.143946445735249
-0.00270836413748009 -0.00563287630612475 -0.163656966730421 0.187508576602326
-0.00533830234847455 -0.0228094054620221 -0.222548910367175 0.387842276890158
-0.145153658265597 0.0909997525460517 -0.559104657928161 -0.0387790317622905
-0.181555955298155 0.0938122261523364 -0.428577662941301 -0.0204816420583533
-0.199172431639921 0.0356631714949947 -0.268069690695353 -0.131904334732628
-0.22480568281517 -0.00955449164991526 -0.0764955827501902 -0.227013982452674
-0.211198310889381 -0.089018259870269 0.0991343057624948 -0.209559840927055
-0.144224265983217 -0.151049648041396 0.213462441657318 0.021070599419231
-0.104223048319645 -0.189467031384823 0.22499488343644 0.32364991593079
-0.0556993406505624 -0.187738582131674 0.10292869475583 0.498419173330805
-0.042646390402169 -0.170428364207322 0.0549146970031406 0.508355934424519
-0.0515602325678708 -0.126722397411147 0.0490025246792788 0.386127563001816
-0.082565625815138 -0.106328038011046 0.047662755799373 0.269719408954444
-0.108680011080888 -0.112942084531791 -0.00654033154501211 0.206105984145895
-0.114891035703038 -0.082169125740465 -0.110385720248996 0.163507857807454
-0.147973843576582 -0.0343412582649753 -0.135563414903008 0.203848519949333
-0.15626606997335 0.00656257605326073 -0.171672070562635 0.390052902402691
-0.259045042615419 0.154655662239558 -0.493076614585689 -0.117582373781241
-0.32870722401818 0.144909616523974 -0.374911094138872 -0.108125526427919
-0.367088692012474 0.056134417396457 -0.239839981718791 -0.197481972128928
-0.402607731101655 -0.040246331369624 -0.081272112899292 -0.282266983590288
-0.368853348560249 -0.189980105324754 0.0648951432491664 -0.248953119463536
-0.250537419797321 -0.306200895289513 0.153886739471716 -0.0424724396389658
-0.16569557682667 -0.372577470463815 0.171764711767846 0.228834780528532
-0.0949742044388614 -0.370400550247865 0.0751250515768193 0.382510590885977
-0.0848441363165712 -0.342061782913267 0.061571511989155 0.440304940472107
-0.112602622674321 -0.277691955026548 0.0697097022347314 0.374888395148828
-0.184962571646897 -0.218917797011787 0.0738802984823258 0.282223677312188
-0.238715830961722 -0.195658382596172 0.00572306294551174 0.243442238270342
-0.249455530009522 -0.115693549467547 -0.0851813392936599 0.202403271830694
-0.295709358630569 -0.0301524824840103 -0.0761059561243444 0.233819911277181
-0.290036335344186 0.0509857991873751 -0.0664793333842578 0.38160305824983
-0.336848397051321 0.172786973009425 -0.369489572363362 -0.217415515281727
-0.431934731098176 0.136424441833759 -0.268789894714614 -0.210504624438376
-0.476631782229235 0.01839314765711 -0.163443656499689 -0.269537756333722
-0.50292368736052 -0.109171784446837 -0.0624219411083372 -0.337700206768246
-0.438626587831686 -0.291983532200637 0.0264158733240875 -0.294725296868212
-0.284243378625435 -0.425106317340542 0.0806982851562659 -0.139840130573172
-0.179943357511761 -0.493711621527673 0.100136429592807 0.0768664260759272
-0.121701073950418 -0.494048746352969 0.0316894529640448 0.207699525998083
-0.141660388165148 -0.472394664555247 0.0434013652564569 0.315508758708802
-0.208018280330286 -0.40446927474441 0.0673669202860036 0.319013795209493
-0.329267691709079 -0.300667342739934 0.0878882468055343 0.273109189842428
-0.403948815133216 -0.220392255608957 0.0338489539912143 0.275040271834395
-0.393134347365588 -0.0908756564292866 -0.0246805980502744 0.236320519298198
-0.41895769800931 0.0201763159349677 0.0246174150140672 0.251603846335456
-0.384243679421401 0.111068670292254 0.083451559272362 0.351284763474784
-0.362861244273598 0.149573633703101 -0.206737235061621 -0.308592465878161
-0.460861743329535 0.0838053980713062 -0.124311579356358 -0.289733401693875
-0.485101128405548 -0.053881765499081 -0.0491021468546981 -0.310088534114401
-0.48128505325833 -0.189408340621745 -0.0143306572901123 -0.362120092058885
-0.392548059062037 -0.35412514328652 0.00351099142441693 -0.329404431419348
-0.239721571209095 -0.467424593893467 0.023177708827626 -0.24731681786868
-0.150715381311627 -0.53146756712256 0.0382293638753731 -0.103560381401172
-0.128034504855457 -0.543073408069907 -0.018943683739703 0.000462779595994321
-0.192697594559646 -0.53503561774642 -0.0120385308680561 0.147358720716587
-0.299851294673534 -0.460542780528414 0.0138709057830968 0.225987370885055
-0.449278019501209 -0.308838399921829 0.0610590022688095 0.243505412981451
-0.524326567173875 -0.168818496020306 0.0662408217411805 0.285705280679627
-0.481081651347094 -0.0135472724739569 0.0643930498946484 0.240626135897956
-0.477161415920455 0.0999637799512782 0.154261563826709 0.232409295005816
-0.420527160499226 0.169634725103857 0.253589235937704 0.2901013178154
-0.330312979911035 0.10107451437062 -0.0362842818171964 -0.367851863708006
-0.401919585309885 0.0184445300630678 0.0157197526756809 -0.316242266171183
-0.386739003397864 -0.109325161224834 0.0629419182651244 -0.294032824072535
-0.348802361938388 -0.217780388872104 0.0354479935175024 -0.33598679596933
-0.26151583649351 -0.332521464744571 0.000861903072130205 -0.330507667869174
-0.149868493868092 -0.416005203695169 -0.0010121299613637 -0.33336101841684
-0.1000523584465 -0.481260223710386 0.00215493356629226 -0.276146817710558
-0.115067388148441 -0.511240022677941 -0.0682018250080243 -0.208652971454509
-0.209349662259683 -0.510916650451463 -0.0992015867984423 -0.0350271737976301
-0.330416859290637 -0.43097806839012 -0.0899047541134486 0.122534115060088
-0.47209947963548 -0.253482586734139 -0.00583885390889288 0.214690039205012
-0.525691981063328 -0.0836048119022754 0.0822532552123253 0.275186462616156
-0.464994925341346 0.064858091915696 0.152582647381549 0.211809290793464
-0.446430147983605 0.165533128583593 0.282954377935691 0.17603649367366
-0.392093954570391 0.200563595460264 0.41468415906245 0.202905336704286
-0.24638313740311 0.0498228855004694 0.109841310553774 -0.388218671917469
-0.28039012157034 -0.0175630898837525 0.116632722428941 -0.296734857045888
-0.235616494063285 -0.109049855544646 0.129102738831899 -0.235581053475085
-0.183753956517605 -0.170901414598618 0.0570644951767092 -0.274404742515586
-0.12447133810003 -0.235530408656199 0.0042188432898612 -0.297741487438371
-0.0676683710692252 -0.290894403915985 0.00031159149927602 -0.373806320373649
-0.0478939351720699 -0.359443340783023 -0.0103369394283436 -0.408428333748732
-0.0828188569192335 -0.401446816296169 -0.106981009177189 -0.389619818358748
-0.174060005461939 -0.405971800659108 -0.190103713126349 -0.197782257657561
-0.274231648505376 -0.333292796566343 -0.203723023393845 0.0359042052992622
-0.370982239343045 -0.175323839752202 -0.0857211267377743 0.19791405669336
-0.405580186038431 -0.0187369259315121 0.0757263586897037 0.256136804766462
-0.356305527232665 0.0958460048143584 0.215580280403471 0.171823221852588
-0.34057508681154 0.172273086740797 0.379881200012306 0.108866977122714
-0.303128533130382 0.182085091688222 0.538233159277674 0.115679733630306
-0.125575863542238 0.00817137400726346 0.204222921298585 -0.383923033787909
-0.13646971152032 -0.0126133807049734 0.163550509056928 -0.265691928773561
-0.0997211003317398 -0.0587527499707755 0.14765128772831 -0.178580950160134
-0.062960801666849 -0.082212857700039 0.050687412568158 -0.218885630126416
-0.0368435201111781 -0.115307374378373 0.000498343777388042 -0.257186099938755
-0.0197880055897507 -0.144049577521935 0.00733835513054269 -0.378482379741039
-0.0125729822981359 -0.19498151405512 -0.0106031704493849 -0.486238319246969
-0.0393040151307578 -0.226554273719886 -0.130308116353783 -0.512784832581985
-0.0928544283828687 -0.233616947919789 -0.258106960668768 -0.313045951115435
-0.149387900203358 -0.194149982683795 -0.289764233134952 -0.0215365873207006
-0.192420105980418 -0.0960248806269913 -0.147669620969078 0.194732978479548
-0.216285773440292 0.00824886338148215 0.0579717617209229 0.243413200102718
-0.194997035827023 0.069633317323603 0.250278992889036 0.144262254573942
-0.186954776440523 0.120667219199454 0.432853328217322 0.0598859518112585
-0.168460888272939 0.113419099998329 0.604284888203753 0.0497044051090504
-0.0157684571953713 -0.00382936893033304 -0.566880603618905 0.00140066163329188
-0.0217451943935704 0.00304767164862489 -0.439537505560531 0.0214990219848018
-0.0162268649081949 -0.0249974500759867 -0.267447808109228 -0.0955594569000417
-0.0226594946098299 -0.0151853435515726 -0.0670874379926969 -0.190082055200572
-0.0140531745492129 -0.0108585880019035 0.113303837007229 -0.18533553036653
0.00356446500864816 0.00684098016704493 0.237501086921993 0.0421312417372433
-0.00574649884448704 0.0214772490167197 0.245828221010508 0.350396110706074
-0.00613902002655055 0.0235006354642815 0.117588733916124 0.536628456616825
-0.0149787596040261 0.0163668761663249 0.0479033279651392 0.523022321786596
-0.0244371938501547 0.0190142814845382 0.0362163128016175 0.382757693359031
-0.0252163969461071 0.0020531953481889 0.0341258566868992 0.25952655275295
-0.0273402283537324 -0.0130478867625494 -0.00749510854867933 0.186996099640198
-0.0133850278032755 -0.018789565016263 -0.117259784102208 0.146203637071609
-0.0027198946536975 -0.00627034512396854 -0.162371516097289 0.18951140138465
-0.006465028793847 -0.0223919690456559 -0.218658831505445 0.3918950793994
-0.145517062505587 0.0928082800951769 -0.561123398699727 -0.0327683142805938
-0.182489045601992 0.0958974590731789 -0.431261407196768 -0.016675842808906
-0.200399216556464 0.038000967055135 -0.271467617706262 -0.130013079113227
-0.226427898054054 -0.0070192735559905 -0.0795922320131849 -0.22779593102239
-0.213006576871826 -0.088085805938428 0.0972908373032962 -0.21126608367201
-0.146278610120561 -0.151051784630309 0.214272450285638 0.0195218830180571
-0.106146187921801 -0.189513292708161 0.229319722169907 0.324127878596766
-0.0569571792743117 -0.18871531052413 0.108266677597618 0.500277091826665
-0.0440029020102294 -0.171362212846906 0.059011204578823 0.511468049409133
-0.0528091930041318 -0.127191750344812 0.0515484665803294 0.389317534575012
-0.0834555083848435 -0.105712403032984 0.0507393171295081 0.271048677402383
-0.110568854674857 -0.111951649343771 -0.00418844583208939 0.208000560581841
-0.115927107644396 -0.0814572126447854 -0.109220883677392 0.165820384242588
-0.148726361917934 -0.0339821386612908 -0.133998560521106 0.206214168218049
-0.157156537596652 0.00804887583004063 -0.168443264704577 0.392195617890935
-0.25953418999363 0.158084027089241 -0.497987508029714 -0.112129247647375
-0.329927309859925 0.14891621890374 -0.379054437360539 -0.104567275783263
-0.368985773899354 0.0595840064534446 -0.243095097605775 -0.196273412897127
-0.407003337989223 -0.0370290193489039 -0.085638774742012 -0.283481116155857
-0.372393583650555 -0.187164682326462 0.0619556622630871 -0.250582369266894
-0.252920027173969 -0.305230594828943 0.154264326397638 -0.0438980444015961
-0.169727447569338 -0.374005931608456 0.175103767215088 0.228874942783831
-0.0979482887965175 -0.372546528134478 0.078673123413456 0.385048180980827
-0.0876800395829249 -0.343353325449527 0.0656236943912683 0.44288803812326
-0.114427901724622 -0.278352199324054 0.0730602641028621 0.375849157525013
-0.187704446762712 -0.218267529805709 0.0761384124122044 0.28338571155173
-0.241587666217235 -0.194623152314956 0.00840458690830771 0.245404062461582
-0.251743847187153 -0.114348269882034 -0.0830559883658242 0.204668817828658
-0.298006030859634 -0.0277540207831594 -0.0742713825143685 0.235791667680173
-0.291560537202497 0.0535094950677041 -0.0621224691138677 0.383774997706772
-0.337295827095796 0.176703659009773 -0.374060092240818 -0.214143099476561
-0.434873350695159 0.141786062449367 -0.272569747734571 -0.20861253062663
-0.481207824250618 0.023449890079614 -0.167643824205247 -0.270135347709866
-0.50903998943036 -0.107464029367684 -0.0662253212666193 -0.339588699675919
-0.44254442497916 -0.290829620521761 0.0231272611735241 -0.296943687024325
-0.289099714837234 -0.424878168977511 0.079356673659005 -0.140774357365939
-0.186516409931644 -0.495170755613994 0.101906128164879 0.0761728718145943
-0.12549508734041 -0.494956809977612 0.0334977455265189 0.209152320000989
-0.144720170989337 -0.47309689300314 0.0468226889082922 0.317198472650225
-0.211413037099271 -0.405103377850755 0.0707253882443148 0.320536829190757
-0.333377427978425 -0.299020406359109 0.0899981597419206 0.274411318264622
-0.40923225663848 -0.219194051143894 0.0379033010213617 0.277101545387832
-0.396623866921539 -0.0872431344039097 -0.0221464504932155 0.238175264334745
-0.421772458667984 0.0238717393429364 0.0272737531016236 0.252764788608767
-0.38571058000112 0.11489927483878 0.0872581823065065 0.351566186654364
-0.364173683613498 0.153769033800364 -0.211960020183264 -0.306929033138137
-0.464114922180897 0.0872992272056762 -0.129055328173229 -0.289851293040821
-0.488977410290656 -0.048584059129998 -0.0531789734367329 -0.312107705520402
-0.486964690806783 -0.185972750445585 -0.0190240517327158 -0.364412133448656
-0.397881426342117 -0.352339082754695 -0.000352216908243299 -0.330695689744325
-0.243988938900549 -0.46925729275786 0.0206195049472339 -0.249511645433365
-0.156283800833381 -0.531220254504459 0.0378817187558497 -0.105210720875365
-0.134104288161644 -0.544990233536691 -0.0191270369273786 0.00119658573287696
-0.198131919702382 -0.535266961191816 -0.0104828271379797 0.148905956766642
-0.305602121586697 -0.460982399314172 0.0153299614003217 0.227411950639686
-0.455501600630299 -0.30698152449163 0.0629304801279189 0.245662951798953
-0.530065861649771 -0.166817540789442 0.0704637333426405 0.287713454831918
-0.482126219770095 -0.0101951272257797 0.0665327239206731 0.241776723756655
-0.479047852355674 0.105359993224692 0.157442264383788 0.232134928316249
-0.422470557288043 0.174076737011093 0.257361872398807 0.28768044234671
-0.331815589940168 0.104938950268937 -0.040878433062106 -0.367417912483465
-0.404813407844285 0.0221044751169476 0.0120385196159581 -0.317393839519677
-0.390791896104871 -0.105545421375994 0.0584952211422737 -0.29650067037335
-0.351763146134014 -0.21616923726706 0.0313206095676893 -0.33809192169187
-0.265165154350994 -0.333261820124789 -0.00241706348015664 -0.332130716522392
-0.153792760701032 -0.417440587285578 -0.00371304111738887 -0.334846100353899
-0.10397310359337 -0.48303836874424 -9.79886314035264E-05 -0.277779925679742
-0.118796034431944 -0.513500663787683 -0.0702521251528385 -0.209348129504214
-0.214526704630497 -0.511922473023147 -0.0994230538139924 -0.033796979525214
-0.336487840610358 -0.430725420986501 -0.0889880326320459 0.124462306473067
-0.476123553062566 -0.250578445705506 -0.00491551765877992 0.216631441624543
-0.530085405835036 -0.0785895147163513 0.0871409677400238 0.276988537971234
-0.467408096479497 0.0704228956363662 0.15521744025545 0.212236803239597
-0.44824095901031 0.170074487004915 0.286253030145322 0.174398984908334
-0.392871403296179 0.204608075095925 0.418913502119416 0.198844487885776
-0.246776164499133 0.0526983818559087 0.106417541535466 -0.390385345325455
-0.281898597978324 -0.0147931269021525 0.112954965080182 -0.298757378258725
-0.238266029630795 -0.106921340602109 0.126112632032655 -0.238309999278555
-0.185753817675508 -0.170696134700538 0.0532825333465472 -0.276041477441166
-0.127063919656575 -0.235434747737993 0.0014333859896915 -0.299214521698891
-0.0692314164247442 -0.291980501059407 -0.00257313552286466 -0.375117288597332
-0.0512264559625202 -0.359739034553976 -0.0128467465880964 -0.410754982511977
-0.0873639550240103 -0.402138735264565 -0.110983792217846 -0.390601897159402
-0.178968986853233 -0.407031647986139 -0.192031084645004 -0.198048271568449
-0.27921374187376 -0.332819059765396 -0.20472578035779 0.0380162968480531
-0.375186045282607 -0.172502287724064 -0.0849390219176354 0.200618992515323
-0.408301866945249 -0.014120555002276 0.0806644118445058 0.257354987785472
-0.357417063082149 0.0999141719036021 0.218545633180401 0.170974399960214
-0.341811360631412 0.17641759958582 0.382919013695239 0.105389598256024
-0.303749175966057 0.184933534818826 0.542486378923032 0.108446164430058
-0.126278451893057 0.00918670918781567 0.20104783442689 -0.385408324115365
-0.137297016938723 -0.0117892275542756 0.160574139305514 -0.267764314794769
-0.100500005486154 -0.0577247644432487 0.145406111437508 -0.181396060797916
-0.0636975444012235 -0.0826587678670505 0.0477569027142265 -0.220015824386313
-0.0378332035523298 -0.115447695126797 -0.00137959698965696 -0.257340384674757
-0.0202670122680351 -0.144800218058248 0.0043651682906597 -0.380859252823824
-0.0142750464946081 -0.195729490533769 -0.0137314272873423 -0.489265752972083
-0.0415178118259399 -0.227726606850257 -0.137248544195631 -0.515058940782126
-0.0961054937865242 -0.23412175838839 -0.261553109342999 -0.313000293821079
-0.152049563578729 -0.193711887724118 -0.291138360263887 -0.0195239674569943
-0.19436545926519 -0.0955505721584271 -0.147462539707803 0.198057657938305
-0.218090679650514 0.0102407922363982 0.0619447356865661 0.244849667836665
-0.1961116893127 0.0718924065443066 0.253757450207422 0.143266223831464
-0.187343039593645 0.123458335715904 0.437626588592721 0.0559107219940239
-0.169212119864707 0.115033483373854 0.609571805966361 0.0420604118614963
-0.0159447569294909 -0.00410353217064047 -0.570348316012416 0.00826017371799744
-0.021975449208586 0.00386434344172848 -0.440431819937736 0.0263606633070029
-0.0167580134374083 -0.0253578471251164 -0.269928281695504 -0.0927063924213986
-0.0227703765970858 -0.0151676005779421 -0.0698654183760614 -0.19099051998424
-0.0143323645384181 -0.0104141532922657 0.111090215413382 -0.187201735431929
0.00391254505376379 0.00690098713241691 0.238674767030693 0.0404731613065692
-0.00540778870385291 0.0219829981673811 0.250476948052982 0.349622842245449
-0.00521403400168797 0.0238530182107921 0.122439082555316 0.53919152557114
-0.0149293426202961 0.0167779669860981 0.05406997769482 0.526813530134932
-0.0235202059399242 0.0193919162583396 0.0403817639092483 0.384755866588259
-0.0258923728368708 0.00214564451122811 0.0373144471153051 0.261075247905039
-0.0276405329212653 -0.0127332564133822 -0.00464636003028489 0.187684315926231
-0.0137402210536542 -0.0186196304610356 -0.114859562479022 0.148129397111962
-0.00267965309717024 -0.00628710396667393 -0.159644572148187 0.191965206723954
-0.00675975681639516 -0.0231195246304286 -0.215573324798878 0.395124480587269
-0.145530057972835 0.0945278343096041 -0.565547072893924 -0.0259298553847778
-0.182172999864909 0.0989191120611346 -0.434337074840958 -0.0112780061690496
-0.201540657713298 0.0405511073431929 -0.275589454467264 -0.128094804440278
-0.228145808403289 -0.00510085909789522 -0.0832360872413793 -0.228647305880434
-0.215105556791881 -0.0865905881390713 0.0948919415854887 -0.213692850232609
-0.148239369500515 -0.150627758945875 0.215812989013414 0.0185727758339288
-0.108677947516069 -0.189939083235155 0.233302202227678 0.323052580151861
-0.0588861542511602 -0.188882886529843 0.112314309788816 0.503026686411682
-0.0459883344436314 -0.172013751487904 0.0655647453348291 0.514108432792389
-0.0536084306566143 -0.127202358153821 0.0555307050319726 0.391054236796143
-0.0845161371629685 -0.105124786553965 0.0537628616644329 0.272614062089584
-0.112036326467281 -0.111182321674593 -0.000933603899785791 0.20904239405875
-0.117686180147436 -0.0807811051965409 -0.107358501559132 0.167757197731714
-0.149875520747537 -0.0328455666916371 -0.132295123314124 0.20825701720931
-0.158658767057528 0.00971500222748221 -0.16426063247595 0.395375773799869
-0.259234841614945 0.161416186259855 -0.500864510058601 -0.105765893976468
-0.330048016291894 0.153932049654161 -0.38246725911129 -0.100189608931159
-0.370929049745781 0.0636269002848223 -0.247895062115443 -0.195235137847212
-0.40892129203174 -0.0331819144936127 -0.0898226727974823 -0.285270507295765
-0.375999715664608 -0.184013645717685 0.0593902177002235 -0.25305245622728
-0.257633521991286 -0.30549180711163 0.154055485941564 -0.0449789080409179
-0.173797637286243 -0.374967897602862 0.177428797940231 0.228003817400253
-0.101547212308271 -0.372651419500944 0.0826730529523551 0.386781590659485
-0.091641731902763 -0.345095611948129 0.070754370518786 0.444774456760128
-0.118047761410226 -0.278761308876865 0.0770752163405759 0.377988437247109
-0.190528044796403 -0.216829070767997 0.079847369651563 0.284499576674184
-0.246090511992787 -0.193185232070117 0.0127322042063594 0.246747362541575
-0.253774818405642 -0.11178286812125 -0.0812413284861177 0.206424558123799
-0.299804930633755 -0.025384140950263 -0.0719132198839022 0.237299280760413
-0.292749412254448 0.056872462026243 -0.0588910849421131 0.384841417608587
-0.337831028711826 0.182068151890228 -0.37921575287838 -0.209747111260856
-0.435613011145976 0.147092516036613 -0.277267024796526 -0.206921317829292
-0.482596860064076 0.0282535069077871 -0.173819389454081 -0.269494517658085
-0.511934974083896 -0.101652545345836 -0.0716577171917108 -0.340376591663446
-0.448463413398195 -0.287822678816478 0.0197124056469756 -0.298517758587901
-0.294298731750423 -0.424403517107208 0.0782668800654336 -0.142159533737676
-0.191579847618778 -0.496210920116625 0.103363995351501 0.07533250043043
-0.130030491215278 -0.496748191655303 0.0354143647717574 0.210771903281255
-0.150655297450344 -0.474240719366833 0.0507216553272819 0.31911796351629
-0.216733960597968 -0.405741543409196 0.073675376906442 0.322393079543385
-0.338444829824382 -0.297894062811034 0.0929137463730913 0.276279760086195
-0.414324131813928 -0.214935853422154 0.0422140260486853 0.278809123656132
-0.400018207898279 -0.0837877203498866 -0.0195360924645507 0.239912239185575
-0.423676678100412 0.0291738302256846 0.0294436099276785 0.253596624468852
-0.387005643500768 0.118801809986772 0.0922089929977944 0.351187335199613
-0.363656266034244 0.158105092465591 -0.216347381525789 -0.305178765736865
-0.466484611766028 0.0928783394462883 -0.134096314281017 -0.28923856743178
-0.491825778361891 -0.0445803574315047 -0.0583722245007205 -0.313556943463963
-0.491590107021645 -0.182221894624939 -0.023783376253273 -0.367159788865564
-0.40216704081406 -0.350840654144801 -0.00366789995647779 -0.332230785245444
-0.249443839544205 -0.469349273396193 0.0183824577806562 -0.25059969627471
-0.162888555133776 -0.533369096223344 0.0377918848175977 -0.105720557600418
-0.140101854800597 -0.546749750536953 -0.0194450815646755 0.00117791215311695
-0.205108621633061 -0.537930881298609 -0.0082532186551289 0.150393020476901
-0.311777170284362 -0.460049011539611 0.0178169726220432 0.22921143402028
-0.459209616004211 -0.303861318713833 0.0646826183871445 0.247269526357286
-0.534557930712225 -0.161723814547253 0.0747448259969061 0.289088902450754
-0.486249450516062 -0.00547677445813069 0.0696262748290146 0.243375268782697
-0.480565825908685 0.1110173258176 0.160305706110005 0.231451526364434
-0.423752142751306 0.178523840989789 0.262090495268378 0.285335067556139
-0.333602249091863 0.109401659643574 -0.045172602938355 -0.368114695048718
-0.406838236907213 0.0272942723880816 0.00762156688555954 -0.318418923522657
-0.393488347251918 -0.102287466598813 0.0543893416460416 -0.298886547672709
-0.356351073886344 -0.214212172735664 0.0267560201857918 -0.340380996818096
-0.270292124144407 -0.331987887483035 -0.00681019511335604 -0.333924135733553
-0.157933140612993 -0.418428349434995 -0.00705230994134977 -0.336937595426799
-0.108763453086725 -0.484501495004925 -0.000829761157629921 -0.279979137871961
-0.125248998330975 -0.514645251458358 -0.07225807850973 -0.209425167535614
-0.221056494163085 -0.513813245478119 -0.0992236484570842 -0.0328575278010462
-0.344226727035601 -0.430605234406984 -0.0883396362380075 0.126907981239063
-0.480220762647305 -0.248939821966562 -0.00370952100446823 0.219147531501637
-0.53541346269238 -0.0743903229090873 0.0911192067626925 0.27801445248769
-0.470803151806689 0.0761496732080609 0.158765857260929 0.212003946843702
-0.448392344366432 0.176438753000441 0.289018478563671 0.171595970525647
-0.394273029341956 0.209408189997133 0.42423624448798 0.194226782167275
-0.24843200624883 0.0559734146393115 0.101450206701751 -0.390720315893808
-0.283524226366057 -0.0119259987272593 0.10989679502007 -0.300909373182125
-0.240250185742777 -0.104169438561936 0.122748862056752 -0.24062574029246
-0.18856916734625 -0.169151619083327 0.0495010401646094 -0.277524139121135
-0.130248982635376 -0.235217095483323 -0.00193961940494582 -0.300747675490633
-0.0720952026777781 -0.292640335426172 -0.00577490125396506 -0.377383014393471
-0.0548839578801929 -0.361560212564134 -0.0164778493863315 -0.414125433623545
-0.0914471328292214 -0.40399171157565 -0.114098226777411 -0.391845016857562
-0.184874539682509 -0.407504251660832 -0.194425063072127 -0.197175003080076
-0.284339309528551 -0.33180502060727 -0.205375925742504 0.0406311912138535
-0.377772106427301 -0.170637486454175 -0.0844057465482616 0.204335510760307
-0.411704105279847 -0.0103750842980722 0.0842753520939436 0.258979876592381
-0.358195737486954 0.104427878036566 0.222192995857868 0.170449038172999
-0.341617424595737 0.181019795037871 0.385568671365774 0.101160657877924
-0.303394712097196 0.188345490786285 0.54776193125047 0.101784669702544
-0.127234061447645 0.0108337887260121 0.197861007912549 -0.388962980129187
-0.13813052958268 -0.0106079184640687 0.156822270471877 -0.269777201243827
-0.101667700088154 -0.0567137680410513 0.142172225632715 -0.184451062711181
-0.0649882021835923 -0.0821035860120098 0.044999736664436 -0.221036246937023
-0.0387894068721138 -0.115840138833231 -0.00400709167426532 -0.259117335476221
-0.0214828097682192 -0.14533802429679 0.00183240399445334 -0.382857033352827
-0.0164247253503454 -0.196886612147383 -0.0189899782433175 -0.492384033973503
-0.0446655065589372 -0.228562287719122 -0.141010832953892 -0.517239183374171
-0.0989356113552818 -0.234492601525061 -0.265484873211427 -0.311948368292288
-0.154955984139539 -0.193397044528736 -0.291948936283383 -0.0158504693315038
-0.196519606868616 -0.0937813138133161 -0.146043801076909 0.20207608480586
-0.219586830817161 0.0119884449176011 0.0655365270551946 0.247125478386216
-0.196782425809716 0.0747011841859436 0.257337446520404 0.141180825288848
-0.186960230136291 0.126160436162915 0.440368221083156 0.0512139488843463
-0.16848727007078 0.11703025245114 0.613480494684582 0.0334196493799798
-0.0157777935912857 -0.00367677266427406 -0.573289971836144 0.0170142984453418
-0.0222316358763589 0.00407375737477817 -0.442354639684271 0.0318878501053568
-0.017316923236749 -0.0251271843823828 -0.273971265227098 -0.0900083129513145
-0.0232661590502287 -0.0148816375785188 -0.0733357193792616 -0.191064393774314
-0.0148741968112058 -0.0105447854783144 0.108872662243715 -0.189997813304624
0.00418782908717671 0.00712354753380245 0.239504137248564 0.0376189652078842
-0.00533333383496664 0.0220530613401613 0.254011770625553 0.348164283866194
-0.00510845337501952 0.023609895510015 0.128796746907833 0.541356282300785
-0.0143399034753399 0.0164909251761783 0.0591310943251008 0.52801201677811
-0.0229945836330178 0.0199729866058136 0.0451595768873581 0.386169498728253
-0.0259090263544706 0.00298258062938638 0.0411670164624976 0.261728295979729
-0.0282075029593794 -0.0121825835112675 -0.000963666101489505 0.188441465732023
-0.0137728072223538 -0.0184324305495554 -0.112444772438754 0.150450020168049
-0.00269185531693732 -0.00659739188157539 -0.157543929423055 0.194178305117088
-0.00784624661053055 -0.02267185269907 -0.210307718769051 0.398340115974389
-0.144635225073967 0.0968140958757621 -0.569262066851528 -0.0176812252415729
-0.182242900032875 0.101758520112742 -0.435877791532191 -0.00529494700305706
-0.202267676124965 0.0434474773179124 -0.279491885443047 -0.125295173573416
-0.229715686861004 -0.00235053892718235 -0.0873774074397142 -0.229270479248065
-0.21719446620368 -0.0839248785141078 0.0920801729968833 -0.216052179308874
-0.150811222340449 -0.149069961875624 0.216294462323414 0.0153752546661465
-0.111700376737308 -0.189994811714875 0.237906404414212 0.321237292554328
-0.0605784798536398 -0.189083262384231 0.116906865027468 0.504754328701716
-0.0471005128049311 -0.172404139450475 0.0714893792289604 0.515631061056871
-0.0547504822997026 -0.126736299928764 0.0603303090336319 0.39209904632554
-0.0860529467417343 -0.104365478098249 0.0575870490722491 0.273001061762345
-0.113771860992471 -0.110068705137354 0.00274030885834544 0.210527121355704
-0.118719917188873 -0.0795313051611952 -0.104241673047963 0.170133197297431
-0.150814850547521 -0.0310670344947807 -0.130068883692489 0.210345359605914
-0.159618826808114 0.0112458081612112 -0.159623617441785 0.398269809800973
-0.258287331290608 0.165224076086553 -0.505697707867829 -0.0981428461443543
-0.330647820483863 0.158511273447017 -0.385863892842664 -0.0948179660231272
-0.372672153617684 0.069202163134067 -0.252282327616522 -0.193222749344771
-0.411403262679289 -0.0285170389995334 -0.0947430711942825 -0.284715304783835
-0.38030123631185 -0.180405735754787 0.0554725968003119 -0.254860435866869
-0.262441106939266 -0.304034216053332 0.154339295586658 -0.0468148941604772
-0.180399697420794 -0.373771705314952 0.181071668256488 0.226583874348356
-0.106628838359302 -0.37229906224244 0.0867315393091211 0.388182951510434
-0.0954950363484339 -0.345515279299045 0.0760946183237537 0.44620079714632
-0.120381832228546 -0.27857995893025 0.0809970589637333 0.379183500937731
-0.193101594931877 -0.215145467482023 0.0827259145019918 0.284461891689133
-0.249173778212307 -0.190637965069896 0.01681059084288 0.247948403087839
-0.255976710617367 -0.108780138175754 -0.0785650261873935 0.208582938486815
-0.300828094942891 -0.021728928138418 -0.0695810800567092 0.239221344596827
-0.294107599780607 0.0604626846176269 -0.0530267850554861 0.38539129139588
-0.336383124635085 0.186337597358354 -0.38336298847587 -0.204163697772498
-0.435383611845014 0.155141511222292 -0.281732488038116 -0.204089881405718
-0.485214988740211 0.0349908716363962 -0.178399075279266 -0.268013024660636
-0.515639991288131 -0.0962121069297912 -0.0766151157185909 -0.340982842042837
-0.454086650967569 -0.283038074634824 0.015881172737647 -0.299893121878561
-0.30028913121531 -0.423510916136593 0.0764330544762179 -0.143299933227955
-0.198083027575794 -0.49669479755647 0.105143616866296 0.0745954346884908
-0.137611136499444 -0.497183521303336 0.0375489515625564 0.211519422099892
-0.157242817856169 -0.475831837582329 0.055117679187165 0.320092086922054
-0.222271226724712 -0.403512861112767 0.078155546572322 0.323835390645891
-0.342943050592329 -0.293089610418103 0.0962489179670359 0.276159574347602
-0.420909796002265 -0.211296913480952 0.0473752056561312 0.279474191635074
-0.401174938263674 -0.0793409121313803 -0.0171528982440146 0.241913437637326
-0.42533947712153 0.0345470179689842 0.0329475391394185 0.254142117622812
-0.387621416710801 0.12410206062696 0.0972933836073906 0.349731248967654
-0.364884310443488 0.164561568058749 -0.222333071311069 -0.301945521852554
-0.46637666167215 0.0995862390337269 -0.138663512857831 -0.288222995609417
-0.495185717220277 -0.0381621482342307 -0.0639143249328642 -0.314125166049356
-0.495458258207609 -0.177204422523138 -0.0300679318474406 -0.366815361260697
-0.408183501826264 -0.347372432865307 -0.00873910078268693 -0.334073123318951
-0.25550740877355 -0.468119053472168 0.014985573843374 -0.251200744648184
-0.169160553583639 -0.534994846339697 0.0371763072510154 -0.106997958979757
-0.145967896550812 -0.546185018525609 -0.019634548913214 0.00187698565663203
-0.211956547693254 -0.537612636310756 -0.0059702009238663 0.151504625504885
-0.317462692358402 -0.45862604212004 0.0203822585970962 0.230138578866471
-0.465470678209688 -0.300555232884358 0.0678167024569879 0.248181620406747
-0.540193636301133 -0.153712155831597 0.0801320015922489 0.289980437828154
-0.48802599327598 0.00053805118434479 0.0727134970375909 0.244037226936773
-0.481201284718975 0.118278400978509 0.163716860414733 0.230240413159034
-0.423300607113723 0.184449757413209 0.267047780754022 0.28120913953435
-0.333383288984341 0.114339669420281 -0.0501913499588021 -0.367462283803379
-0.408854609906483 0.0322106825278965 0.00249257000002777 -0.318817637126598
-0.396852728248377 -0.0970272980409301 0.0499243070684267 -0.300372091393878
-0.359587939665047 -0.209971453300753 0.0212835420783083 -0.341660523926665
-0.275504932849374 -0.330365842980587 -0.010341422449438 -0.335207139495865
-0.162567992396289 -0.418735856131787 -0.0110907595420788 -0.337468394202086
-0.114561548864453 -0.484794786894751 -0.00436201568974594 -0.281035847432931
-0.131330438219601 -0.515383366871668 -0.0757393132208295 -0.209448630383693
-0.229644816608706 -0.513466949033235 -0.0992554635829321 -0.0319366567582661
-0.351583535326626 -0.428018579135362 -0.0869197445162095 0.128573078496775
-0.485914360666766 -0.244198633152817 -0.00161620434800043 0.221317671566316
-0.538447723855912 -0.0683824938239197 0.0962089425209285 0.278609391834482
-0.470353999203488 0.0828370605160282 0.161484572844773 0.212036830252661
-0.447401924279665 0.182765885623841 0.292420288103688 0.167950962671848
-0.392823457237588 0.213835059628264 0.428235254429234 0.18771223528805
-0.249161353512212 0.0595843362798316 0.0968340011766109 -0.392977348070908
-0.285205668060209 -0.00843510624012185 0.105161874907245 -0.302119928341908
-0.242743261026171 -0.101317738563982 0.118429263060824 -0.243182131881082
-0.191428816752097 -0.167892703996408 0.0451679480234237 -0.279197075728029
-0.132510789403513 -0.23503097524415 -0.00512902228338357 -0.301210348107011
-0.0748781315523661 -0.29276361267434 -0.00993908459174118 -0.379399862125746
-0.0593691860806533 -0.361860456105496 -0.0199751148622876 -0.414221095827626
-0.0974404992116913 -0.405064664231916 -0.119744972442841 -0.392569672375636
-0.190649253768213 -0.406581817014628 -0.196659107152068 -0.195764812364037
-0.289054211386289 -0.330374349391591 -0.205028745710669 0.0434540611296914
-0.382727694725005 -0.165685712877364 -0.0824017657744008 0.207334370688592
-0.41451468727892 -0.00502042389230936 0.0894562551453699 0.259851510956279
-0.35971476295992 0.109459478698541 0.225373153056669 0.168899209002863
-0.341738934920171 0.185815747878974 0.389384555113288 0.0967217838181037
-0.3022438535745 0.192937842965638 0.550473241377911 0.0929569536061658
-0.127892091758976 0.0130129141338788 0.19421962357868 -0.390936375634547
-0.138795391161882 -0.0089941097648711 0.15329361322482 -0.272029559051352
-0.102464126085334 -0.0552578655486337 0.138570155319613 -0.18640830291508
-0.065985460067344 -0.0814586988502605 0.0414698520338727 -0.222231211566409
-0.0403360630048018 -0.115551915287243 -0.00746508985111147 -0.260030380606418
-0.0225197005845025 -0.145431119997433 -0.00262121163412519 -0.384785595814215
-0.0188485359499849 -0.196907977519194 -0.0244259670191936 -0.493931603013686
-0.0478819127956645 -0.228981005364832 -0.147665405475368 -0.518153055153572
-0.102454864451796 -0.234066057853917 -0.269858542745576 -0.309722238394771
-0.158500770214853 -0.191622223699833 -0.293434898176157 -0.0121225676827393
-0.198863106111761 -0.0919150504582147 -0.14469117161526 0.205884004881145
-0.220375204629417 0.0153761549154878 0.0695586111215688 0.247578332952081
-0.196745260391068 0.0773867699323443 0.260609971556317 0.139231228835491
-0.186151389710539 0.129169905216511 0.443566016608241 0.0448893056787614
-0.16828651494945 0.119815154227332 0.615951848887188 0.0246532370358008
-0.0160381651858256 -0.00378164477491915 -0.574327400685087 0.0263383908198141
-0.0222288529340885 0.00507367825300168 -0.443449815200245 0.0383146415492686
-0.0177620108850539 -0.0249992373767347 -0.276593993084442 -0.0857515196186975
-0.0235264287785876 -0.0148090576341972 -0.0769260591910805 -0.191214195561876
-0.0152170556669016 -0.0100942216145124 0.105660483612936 -0.191566063464182
0.00409814058665582 0.00684838765519043 0.239920652420206 0.0342153480039431
-0.00494456407972532 0.0219401073922376 0.258548452093411 0.345498902634523
-0.00435283258823624 0.0239943379721459 0.135742888095045 0.541243659119383
-0.0141925206363805 0.0164040016906075 0.0662592520662483 0.529828904424609
-0.0224996458623184 0.0202275347776674 0.0495693695196011 0.386348433153332
-0.0256144575537964 0.00340787310209845 0.0451032577373324 0.261670384886726
-0.0286487241485903 -0.0116850600176204 0.00291575412941492 0.189051780912428
-0.0141086152942668 -0.0189331351325102 -0.109675200857174 0.152331927936083
-0.00229982370672064 -0.00692156974252283 -0.1539257217266 0.196785781897278
-0.00823070278595871 -0.0225533457035625 -0.203484738653785 0.401540479633506
-0.143440415244161 0.0994507934941457 -0.570123715230387 -0.00846478787535435
-0.181543878911405 0.104775234458901 -0.437761835109851 0.000417972081981906
-0.202466428318409 0.0463728408771408 -0.283224829339224 -0.121791471487466
-0.229818843604421 0.00031204818781837 -0.0909944039950295 -0.2287934592116
-0.219025959773405 -0.0809435902514281 0.0887856844717056 -0.217512122829488
-0.152661538304181 -0.148490963990802 0.216505998510418 0.0127568902595878
-0.114346161234174 -0.189030168182484 0.24266817984664 0.318852939350693
-0.0632188329094761 -0.188851282371789 0.124559041094065 0.504904850258023
-0.0496445299597445 -0.172214800048004 0.078348065414791 0.516247150483377
-0.0555738455237421 -0.125952705772988 0.065231410727013 0.392155934508764
-0.0878372480912503 -0.102632764855883 0.0619088983205028 0.273075560110304
-0.115502848096192 -0.108090298588751 0.00659649926212082 0.210622691994544
-0.119890175410155 -0.0776938500725299 -0.101698758316173 0.172550919034282
-0.150869314690383 -0.0296446028785817 -0.126562365444152 0.212458142225938
-0.160116262472802 0.013172854258988 -0.153108842418752 0.39929784198138
-0.256840713183741 0.169187844095851 -0.508822762839129 -0.0903943148628586
-0.329428482234449 0.163341104936276 -0.388337382985511 -0.0895536608502892
-0.372175274193439 0.0745599646897848 -0.257439925240936 -0.189537713082727
-0.412883563306015 -0.0232631825019282 -0.0992462526735596 -0.283998636822789
-0.383072890164698 -0.176724482384778 0.0516942620455395 -0.25594621271357
-0.266914947244085 -0.302050088859997 0.153815068818853 -0.0485314655723602
-0.185058076672236 -0.373756629174093 0.184485142098815 0.225062252539836
-0.11178326494298 -0.372489211771595 0.0914602088617473 0.388443009908652
-0.10047060850972 -0.345018154750099 0.0829364141126505 0.447541874311746
-0.124374645827012 -0.277667474675149 0.0858189564012333 0.379080318860722
-0.195691105216432 -0.212697477841437 0.0865496083602917 0.284539569174776
-0.252971525580592 -0.186634617826268 0.0212180355784716 0.248471258917919
-0.258327733530095 -0.105588309371236 -0.0755956436880205 0.210595999023044
-0.301716898466179 -0.0181098561167049 -0.0659930511726379 0.239946240462431
-0.294453706744618 0.0640356202140349 -0.0474732959203142 0.38745464977599
-0.33559968941769 0.190955666429357 -0.387418141908515 -0.197123753422597
-0.436394836681319 0.161125214723797 -0.285145403079304 -0.199227875043389
-0.486921779414884 0.042352581243037 -0.18330997065317 -0.266748577444085
-0.517623728768549 -0.0902093228938738 -0.0826926629738693 -0.340405276155821
-0.458263921519805 -0.277841412946324 0.0107990991251476 -0.30107884556124
-0.30541253755177 -0.422139232402867 0.0742005345787383 -0.144643466560409
-0.205638365531841 -0.495675438195737 0.106706527189202 0.0730488076279825
-0.142875055095947 -0.496637582290455 0.0397754036867744 0.211955637897648
-0.163598006599559 -0.473908432227517 0.0598061537580102 0.320437188753796
-0.22748414826128 -0.402375629531931 0.0824789017116133 0.323451460090587
-0.346092519529855 -0.28974320278379 0.0994498104179669 0.276409761177123
-0.424077625945325 -0.206114476101221 0.0526990888914322 0.280493990295303
-0.40276725010152 -0.0736619271004835 -0.0137750337209056 0.242854117621735
-0.426976962677993 0.0395979471758836 0.0367513604293705 0.254169741665706
-0.38741353798011 0.129106533227432 0.102536628177829 0.348592789637025
-0.363656166787656 0.170187532314996 -0.226664228455222 -0.298205785969981
-0.467383948021457 0.106239850784052 -0.144215362783508 -0.286271167574566
-0.49672149786283 -0.0315973815959239 -0.0699154808144042 -0.313693846883614
-0.498631359354559 -0.171157175306153 -0.0362245039513805 -0.367494297430334
-0.414076727130378 -0.343173681457249 -0.013034831182433 -0.33455821406006
-0.261402276325165 -0.468125562291885 0.0115825228673629 -0.252305043838405
-0.175980707404176 -0.532825183836391 0.0360630635028775 -0.10754418100652
-0.152769393603547 -0.546000755811222 -0.0193937857240224 0.0027339545169085
-0.219794676878751 -0.536081402202132 -0.00372647068139332 0.151795151694666
-0.324645758689474 -0.456521704373204 0.0234727724328646 0.231523451534677
-0.469933117061325 -0.293878916812772 0.0707388434432518 0.248703193249182
-0.544670893684135 -0.146583738055175 0.0857718789178127 0.289950911628329
-0.489493200845554 0.00834117325020193 0.0763920171257089 0.243833153100956
-0.480913858111386 0.124313872763427 0.167190228524693 0.228674892123983
-0.422196515977213 0.190092687086926 0.272262214944735 0.277139654937331
-0.333118791734502 0.119375337789452 -0.0561020449314822 -0.366060105074078
-0.409434443057919 0.0377605743335876 -0.00285621260865904 -0.319340092701962
-0.399981456233958 -0.0923302628383509 0.0436743184931598 -0.301944125088993
-0.363578729418592 -0.206424550630769 0.0154909564682016 -0.342075838437357
-0.278738434074449 -0.327323856326758 -0.0149900851484842 -0.335478970717623
-0.167546930347831 -0.417199912867337 -0.0161365786600209 -0.338317643656034
-0.121715150836883 -0.484839896582898 -0.00793341482670912 -0.281778775308413
-0.139735241059035 -0.51567375864646 -0.0784189464523977 -0.209057810249995
-0.236801572911523 -0.512460548715499 -0.0991560323079569 -0.030397585452977
-0.356569642836018 -0.424738397988727 -0.0854904719563183 0.130949525576201
-0.489364430766496 -0.236865869156376 0.00117291005234009 0.223075342205442
-0.542251796282403 -0.0592581978364562 0.102222430524111 0.27834664977628
-0.471380613839776 0.0894824137874347 0.165450988933104 0.21079820461023
-0.44746651545467 0.189544528343445 0.295474096189515 0.164179565626009
-0.391341901837003 0.220156480223327 0.432043677951669 0.180073479226892
-0.249141145524225 0.0630214145478672 0.0907574418523065 -0.393597883247093
-0.28574574437797 -0.00411526301424051 0.100027780807501 -0.303832186921586
-0.244360155276465 -0.0978602128976417 0.113434668792661 -0.245034264438564
-0.193614857042101 -0.165180092730597 0.0403764076087522 -0.279581667951388
-0.135690478968636 -0.233141333474498 -0.00932922504942765 -0.302044956703477
-0.0778445303564129 -0.292648586066972 -0.0151770856078631 -0.379743297085886
-0.0643036897135314 -0.362267985988884 -0.0249310176845526 -0.416695745458105
-0.102523300908617 -0.40400110707782 -0.125216181103555 -0.392799796985222
-0.196917142144519 -0.404436915720251 -0.199345084956496 -0.193649055560796
-0.294123021601767 -0.326580119941072 -0.205181140662129 0.0468416960576422
-0.385904742234909 -0.161686907464151 -0.0803323911269228 0.21017998099624
-0.41677956081296 0.000761920857899168 0.0942568727246056 0.259735375399764
-0.358707328423305 0.114855272376924 0.228792462713436 0.166384790312924
-0.338929386155245 0.191493303245324 0.391946878262887 0.0903232441774191
-0.301774874950027 0.196914401886457 0.554879070368494 0.0842251056218762
-0.128302448827275 0.0151533299734426 0.188696197206391 -0.392035348396372
-0.139234980216882 -0.00678636635092322 0.148056195462526 -0.273254389117388
-0.103076225980697 -0.0531955451193742 0.134658142149055 -0.188508441179935
-0.0674056610474495 -0.0805056698513105 0.0375141312534559 -0.222505047848948
-0.0419121603648456 -0.115088389629099 -0.0105543410121219 -0.260806361383351
-0.0236244246661536 -0.14543759843343 -0.00778321457997971 -0.38572959531646
-0.0217488907768247 -0.197223330301914 -0.0313337979553497 -0.494667873013241
-0.0514943660387736 -0.228794009605348 -0.153559412761491 -0.51754627341864
-0.10648726379794 -0.233872720452775 -0.274297833911589 -0.307658745848569
-0.161574146980317 -0.190196829524509 -0.294407870985083 -0.0077863974875789
-0.200972908883166 -0.0899549793635251 -0.142054647932266 0.209009324024388
-0.221353187966134 0.0182939587973866 0.0744905992459344 0.247437660650401
-0.195898422948835 0.0810682954467478 0.263372609268379 0.135411323961692
-0.184688168199875 0.13235062039591 0.445376639522974 0.0378382132989194
-0.166865887007258 0.122098401561403 0.617709363960315 0.0134129927062461
-0.0160282013954501 -0.00404656376850519 -0.57373539692152 0.0353422015820464
-0.0222422996431717 0.00547247969024156 -0.442107280524379 0.0447849189354644
-0.0182819019911765 -0.0248032376276631 -0.2788686566319 -0.0822382941330004
-0.0236172232881201 -0.0141359217846882 -0.0806737652605434 -0.1903364873174
-0.0153702028540003 -0.0096322257493251 0.10197537875752 -0.192672046794356
0.00404139827155045 0.00750470427903226 0.240060900274987 0.031774871637813
-0.00453239562972182 0.0220479469350754 0.264444324682095 0.341885571631904
-0.00338928542578176 0.0237028139904422 0.143428404756263 0.539573333261953
-0.0136527728807429 0.0168090825206108 0.0740993539329982 0.527186836735245
-0.0214718313444685 0.0206419453549666 0.0556352316546066 0.386234177152095
-0.0259510015392019 0.0040440794062323 0.0494732356270477 0.261637365200451
-0.029196463004122 -0.0112620598757032 0.00635614743872138 0.188736861646121
-0.0144764418515079 -0.017943881347483 -0.106576920621725 0.154085115105055
-0.00253145419439118 -0.00679866033046655 -0.150846645809675 0.198325961393017
-0.00919006988400619 -0.0224181984047476 -0.197376907394743 0.403429050178453
-0.142883552039906 0.10058652775291 -0.570770504615031 0.00115480407751258
-0.179671436097775 0.108064197380336 -0.438235242290408 0.00746732726019887
-0.202177215045161 0.0495124421800572 -0.286089136325361 -0.117796993885519
-0.229960752188245 0.00356052627278147 -0.0959940487927702 -0.227442641819054
-0.220250865638387 -0.0784515672995093 0.0843443604046859 -0.218871636891936
-0.154777877988546 -0.145724685046008 0.21646119131077 0.0102685049902893
-0.116846318054529 -0.187792137099368 0.246950253415046 0.31556795203875
-0.0650240321841694 -0.187908479438525 0.131408849354935 0.504314160192459
-0.0520833319470496 -0.172083310722391 0.0863929846980975 0.515951876873711
-0.0571823710100823 -0.125100454105228 0.0707384095877126 0.392100600416546
-0.088842217024843 -0.101280468309466 0.0662722326939184 0.27211537019891
-0.117739852907244 -0.106510442497597 0.010594854293817 0.210822793982393
-0.120959346647996 -0.0759621852591834 -0.0984458760481473 0.173829624064282
-0.151407616518465 -0.027374293879335 -0.122508018789925 0.213824765004578
-0.160419640868318 0.0151168537960576 -0.146144352580845 0.402227437547883
-0.254612526299639 0.173090241261694 -0.511446608226695 -0.0813176851712586
-0.327626280877594 0.168926182182471 -0.390189912794317 -0.0833909061493458
-0.372148050901886 0.0797702276686651 -0.260210528165746 -0.185797034784818
-0.413998439308568 -0.0174941308428914 -0.104781578773686 -0.282615594333286
-0.386214638892698 -0.17085661952723 0.0474958401254409 -0.256945747212476
-0.271095025594753 -0.299284888940487 0.15252842168456 -0.0502850642077708
-0.190859724908643 -0.370295207967235 0.187871162431522 0.222344328801816
-0.116910564979457 -0.370174308814229 0.0972530819478211 0.388308038818057
-0.104668917020705 -0.344880065594615 0.0894473774830092 0.44638845647415
-0.12711917435839 -0.27558574964963 0.0911841350623991 0.378950773445664
-0.198636813533253 -0.209159384814182 0.0908902616676734 0.284295861359899
-0.256227232540181 -0.183287769144255 0.0258579881889668 0.248162116143639
-0.259500225039341 -0.101505652415208 -0.0714493307447541 0.211865090862526
-0.302348795260219 -0.0138702573427493 -0.0618788012801063 0.24057427915907
-0.293747954715296 0.068051615000566 -0.0424225096564767 0.386546724218458
-0.332054118467579 0.196274892977816 -0.391163758579347 -0.189740991563219
-0.433939521643032 0.167812593050499 -0.289010709935273 -0.195094523198439
-0.485159006664286 0.0490995713847236 -0.188664066624114 -0.264435591047921
-0.521596664129604 -0.082415771280404 -0.088792817706748 -0.339447148040613
-0.46335151493345 -0.272633049194856 0.00608573402265791 -0.300796473649708
-0.31087473075158 -0.419489807741699 0.0722365226184697 -0.145254472779729
-0.212881595560054 -0.492663893699217 0.107637612851154 0.0712216470260038
-0.149337753710123 -0.495475771725263 0.0428432582510934 0.211899276770126
-0.169638658228943 -0.47259646897778 0.0652485553257087 0.319966539020541
-0.232592095068616 -0.398462483706353 0.0866087813690911 0.323377564135693
-0.349052791581486 -0.283556793143091 0.103388360618832 0.275603238123138
-0.42739882035471 -0.200444073966726 0.0579506456468896 0.280256247826058
-0.404420551472236 -0.0681381024884587 -0.00954646416339067 0.243434028955129
-0.425888459074287 0.0470978790633729 0.0406316939186871 0.253073818475498
-0.38614232648003 0.134785910917459 0.108679552836192 0.346179557454634
-0.362351355621868 0.17561683854439 -0.231664261887468 -0.292257348316934
-0.466084729737286 0.113250756293918 -0.149191663766474 -0.283569057859386
-0.497923523923833 -0.0227987342774173 -0.0759181023086307 -0.312799896546157
-0.501157182528451 -0.164324806139136 -0.0418974501753114 -0.366958292679696
-0.418610753703322 -0.338761802427208 -0.0181899771649283 -0.334405360110407
-0.267357781627235 -0.464413405379872 0.00840236110471732 -0.251819631405873
-0.182737088265616 -0.529883475272039 0.0348562438018524 -0.108892521251236
-0.161728634522563 -0.544582737829307 -0.0198336975169729 0.00337740977749069
-0.226955582539797 -0.532678397074379 -0.000562762506385137 0.15249763531545
-0.331830260197716 -0.450564616098419 0.026727330879 0.231473809907741
-0.473882863959265 -0.287999910974138 0.0734258243111427 0.248969381699036
-0.547371046505753 -0.138987131693441 0.0921060046874041 0.289835366893542
-0.490083606286612 0.0156014625376357 0.0802134779250472 0.243541373786309
-0.480325770047828 0.131672046963262 0.170591676701648 0.225755765409464
-0.420427998208326 0.195202033548311 0.276363781156111 0.271893013741913
-0.331289787145355 0.125097024021225 -0.0619898882044292 -0.363784109622796
-0.409406802360506 0.0443880869762107 -0.00927451373425872 -0.31832196315388
-0.400448127546238 -0.0854140235367784 0.0380234938972955 -0.302555671811463
-0.368501049922127 -0.200571454517808 0.00951057029253925 -0.341933612889762
-0.283044467304593 -0.32271944256214 -0.0204202217051712 -0.335012393085889
-0.17318547650583 -0.415917814162231 -0.0199405763713185 -0.337518697099662
-0.128541804298897 -0.482445673624292 -0.0111395104615989 -0.281836123901689
-0.145866968273085 -0.512693318307707 -0.0811931258120339 -0.207949786498693
-0.24408188821089 -0.509081836579173 -0.0987955878183259 -0.0291820072865332
-0.363644315320146 -0.419895645269691 -0.0834259993079544 0.132459072231225
-0.493750679801966 -0.230466642184981 0.00384745693224757 0.224199437659994
-0.54465192128238 -0.0519923668795938 0.107154767801545 0.277771379769866
-0.471369845618334 0.0962366260943637 0.168512523867294 0.209008286067927
-0.445567846710476 0.195170925942776 0.298474614797755 0.159935634822095
-0.388977086215982 0.22530348551337 0.436336784284119 0.172443957187994
-0.248771344703909 0.0673381791318191 0.0861701676897479 -0.39247640510189
-0.286473167844451 0.00043763096788153 0.0943433307941062 -0.304968166350484
-0.245100340080387 -0.0937461343443723 0.108501519252504 -0.246667756999942
-0.196332785273175 -0.162599867301316 0.0353049579578097 -0.279865289602696
-0.138625156890539 -0.23168234335581 -0.0138530405517265 -0.301098119354812
-0.0806536016203822 -0.291505861411706 -0.0202379218349422 -0.379693982734823
-0.0693908208587145 -0.361074777506049 -0.030215579435537 -0.416508787664475
-0.108520045048367 -0.402449763045691 -0.130297239592434 -0.390718779480313
-0.203757544440018 -0.402755673125147 -0.200506315496362 -0.190977690031752
-0.298817930154249 -0.322844168473045 -0.204119849438588 0.0500191721977651
-0.387850965182342 -0.156340437897867 -0.0775262717258668 0.212699722065757
-0.417707281368458 0.00645317587946297 0.0993505934189304 0.259394670005308
-0.358303926570702 0.120392875469619 0.23213003615533 0.163741770910779
-0.336910007746115 0.196874589180925 0.393444449846618 0.0843255827684865
-0.298807813698665 0.201868074314398 0.555606087433514 0.0728800655320903
-0.128447332293723 0.0173106334119882 0.183254568228121 -0.39461554482304
-0.139128826988587 -0.00449352497024353 0.14313069414497 -0.274950891240869
-0.103373616809308 -0.0514010234894692 0.130447912331933 -0.189888189576914
-0.0681642037592403 -0.0795327592443998 0.0337547892599078 -0.222312514219875
-0.0435031983902109 -0.114480706851676 -0.0140421349260193 -0.259368134431868
-0.0256917737563023 -0.14534112500965 -0.0129822519125753 -0.385652233872302
-0.0243181846125265 -0.196115160290776 -0.0370977020740392 -0.495522557073703
-0.0545854608430456 -0.227996423710033 -0.160462688522123 -0.515122404659039
-0.110648811428125 -0.232177621397682 -0.276497298615329 -0.303190883404592
-0.164270264558204 -0.188198246029016 -0.293989312081743 -0.00295144872655089
-0.202267030564323 -0.0870736493626414 -0.139075691539951 0.212467079825197
-0.221688262750279 0.021227971582125 0.0792977243523755 0.247511171626713
-0.195392107420872 0.0838372811285187 0.266606457602559 0.132170746592624
-0.183178478745201 0.134581942582885 0.446521281532219 0.0308213396824412
-0.166101466032736 0.124311413614592 0.618285232653075 0.00261636903278645
-0.0162680538063441 -0.00407224217875508 -0.573091350990903 0.0463944321647856
-0.0226187773585101 0.00622281741777814 -0.441731319537969 0.0523572554071001
-0.0188681163906863 -0.024590948115217 -0.28102581403279 -0.0767429352999395
-0.0238654345105869 -0.0137777329849357 -0.0837930206614886 -0.189236843150031
-0.0159213384352308 -0.00922713930208638 0.0980910840397257 -0.193875098105196
0.00437469894052794 0.00680913593919654 0.239743320350272 0.0276733318314739
-0.00441425571128264 0.0217296393108195 0.267734149762785 0.337031178720219
-0.00264293200509409 0.0233803832074065 0.15037598775386 0.538870844978445
-0.0130677126782236 0.0161725234361726 0.0812940108444553 0.528081862470913
-0.0201670168244948 0.0206652200679331 0.060541352197658 0.385504239584188
-0.0259626849142057 0.00419125870648618 0.0546577716302556 0.260333071184593
-0.0293800319629031 -0.0109004896210822 0.0100126976854668 0.188063832538218
-0.0146943704431188 -0.0177377571814885 -0.102692644238176 0.155700334019628
-0.00263882650148444 -0.00681846251334288 -0.14674705015925 0.199897797131275
-0.00942183004875655 -0.0220619516445555 -0.190344949368632 0.404147570017176
-0.140868996556494 0.10271025431253 -0.57030730373519 0.0123681077031641
-0.178659518582739 0.110879088203058 -0.437768423809908 0.0150271134939041
-0.201181906707786 0.0524085467268491 -0.288398850495068 -0.112770601819351
-0.2302439836588 0.007095992708005 -0.0997488111689212 -0.226169214296208
-0.221196628648715 -0.074468179136471 0.0804272390761126 -0.219784163682723
-0.15654024248703 -0.144104361729724 0.216557245423893 0.00731402373797147
-0.119807647376128 -0.185614216275229 0.250772693640314 0.311834229216167
-0.0677020064508425 -0.186493379961089 0.1382799477176 0.501068133090259
-0.0544469882526571 -0.171117862468138 0.0938442151606419 0.514564765831078
-0.0574489839876074 -0.124327345452869 0.0761883667844148 0.39073134013506
-0.0895620998063228 -0.0994339387193814 0.070519301913003 0.270986267829603
-0.119451052049702 -0.104361719455182 0.0152371423638951 0.210345697664265
-0.121683618406683 -0.0742533460450845 -0.0947904903161382 0.175292317081786
-0.151854698764211 -0.0253394882066113 -0.118905075118594 0.214565193913211
-0.160740820225784 0.0180462993371182 -0.14036976915999 0.402429225180471
-0.252139088337303 0.176256101934848 -0.512192386268222 -0.071324721901539
-0.324560651657904 0.174237840344081 -0.391560033529609 -0.0767533549714862
-0.370564781311154 0.0865273390159025 -0.264355930785639 -0.18189708160907
-0.412410482622948 -0.0108950114235094 -0.109836840954439 -0.280805627950696
-0.3873685202641 -0.164657548084388 0.0427078422259731 -0.257042408083416
-0.27457994179871 -0.295062936603606 0.151890603462028 -0.0524138696026885
-0.195203801104375 -0.368009967384528 0.190748650594616 0.219263059899033
-0.12190587646938 -0.369502050751747 0.10176580777823 0.386347296200059
-0.110005915058981 -0.342200423674547 0.0959840045321924 0.444422094758134
-0.130410590706053 -0.273132709353625 0.0961712888553838 0.377211261653533
-0.200330675503635 -0.205766613145178 0.0953519125938832 0.283027146070621
-0.259071065028131 -0.178675437432463 0.0309046548734032 0.247851550813306
-0.260160339340342 -0.0979571563527007 -0.0679844322133119 0.213174444612261
-0.302038845192385 -0.00897533934373601 -0.0583408697384052 0.241185049621016
-0.292913507900634 0.0725189673744256 -0.0346714304884072 0.385178767800507
-0.330025860189933 0.201054221248979 -0.393838914283184 -0.182543582657283
-0.43166358101938 0.174666107099822 -0.292681410072498 -0.189603177096623
-0.485237988454694 0.0570248061684812 -0.193133204531569 -0.260906677977434
-0.520604968442689 -0.0753526456331344 -0.0956123605341329 -0.337838222373928
-0.466639403306306 -0.266134500220297 0.000731812019820908 -0.300388340760186
-0.316625707290187 -0.413253917269626 0.0700871794864575 -0.145897066218044
-0.220412292543777 -0.489411542358679 0.108522685021669 0.0696267269457793
-0.156974989998902 -0.491519511274936 0.0456286064926878 0.211655257587148
-0.175880390392657 -0.470548322233425 0.0692726727924229 0.319023643307613
-0.237654793615399 -0.393997546246534 0.0910082359273278 0.322284279117759
-0.353083140697482 -0.278901548161405 0.107348788947414 0.274391283542947
-0.431494293410214 -0.192326977027591 0.0635233876215389 0.27946390619605
-0.404319058571445 -0.0613383985784606 -0.00588935841529202 0.244077206012563
-0.424953337207264 0.0519575628757891 0.0437310482992117 0.252139391967706
-0.384014955066051 0.139490848861971 0.113682212073278 0.342810221711163
-0.358940705555509 0.180751258474413 -0.236783679831204 -0.287542347475727
-0.464748792886078 0.120940218548247 -0.154553910885688 -0.279689339785011
-0.497803205508413 -0.0152556499531334 -0.0815021392834237 -0.31118839911438
-0.503438742509503 -0.156635812803941 -0.0487922942355205 -0.365221855130853
-0.421825331624421 -0.330659368363735 -0.0234762046659115 -0.33338619891766
-0.273284999074593 -0.460210265182831 0.00464257832195121 -0.251437467824012
-0.191173680277039 -0.526740185872971 0.0337171579177372 -0.109104886600568
-0.168330779994922 -0.540714790662015 -0.0199446732041186 0.00394419687404034
-0.234345113137903 -0.529944050235752 0.0022611861385116 0.152091171326187
-0.337698801314651 -0.446200471898381 0.0305376081198305 0.231300806440026
-0.477037476110781 -0.280393124531291 0.0769359230194361 0.248753989697888
-0.551013843690514 -0.131285417273368 0.0977383042156936 0.288377869953327
-0.489038810221178 0.0223695712335414 0.0839777503797388 0.243272537699143
-0.477965655189393 0.139432827340276 0.173878585224508 0.222516053654537
-0.41718756960327 0.20204811521087 0.280604062921225 0.265670593951018
-0.330249691675878 0.129587385619655 -0.0674209197347034 -0.360133616236739
-0.407846921035461 0.0511862736950762 -0.0144399669661839 -0.31736274692162
-0.400578985407481 -0.0786353141683005 0.0322546624847789 -0.301586642993778
-0.370102666211009 -0.194704694813209 0.00309939894788689 -0.341301981362718
-0.287152094897147 -0.319023144130053 -0.0247377874482815 -0.334131010913053
-0.17662123245303 -0.411640706170239 -0.0248563782155983 -0.337127701740197
-0.134817193675458 -0.480065840727012 -0.0147444143148843 -0.281255900417624
-0.154127958995318 -0.509422902935097 -0.0842190863127757 -0.205628837508002
-0.251416658293408 -0.504672250741864 -0.098239940894294 -0.0277607690862723
-0.368775729496874 -0.414000774963827 -0.0812918541008649 0.13450357413579
-0.496109160533574 -0.223114513298808 0.00661238728204166 0.224835953146397
-0.545493584716228 -0.0429866233293393 0.112608726655112 0.276431732469951
-0.469085246093041 0.103490578826394 0.171596867376952 0.20703710858674
-0.442232226158365 0.201721373794248 0.300285857193839 0.154829652697161
-0.385874791729004 0.230746429360331 0.437643645858526 0.163419630860912
-0.248052055183797 0.0712037647408456 0.07786212465289 -0.392899959486797
-0.286131497967749 0.00497784633468258 0.0882617540305842 -0.303856440684321
-0.246139673096006 -0.0891343233221952 0.103112068752426 -0.247219166228738
-0.197878224941091 -0.159303400907085 0.0302462303021505 -0.278694196414679
-0.141573214904813 -0.228855699932285 -0.0180008716528433 -0.30106658842039
-0.0843274997974054 -0.28990274738264 -0.0253426927444014 -0.378377005038466
-0.0746660156856575 -0.359056710408022 -0.0354893829005341 -0.414692929093469
-0.1142612698307 -0.400550066256577 -0.135983313379036 -0.388107314874023
-0.207917071422754 -0.399644728786238 -0.202879820521775 -0.188141720860437
-0.304689908817613 -0.3190953713175 -0.202875204875247 0.0537943342791996
-0.390697139403786 -0.150541709897615 -0.0743025412605916 0.214378574311961
-0.417530932405743 0.0135903360198971 0.10440197548163 0.257518400307647
-0.355207406267145 0.125817599768737 0.234244802690369 0.160545375504629
-0.333640508398458 0.201539374115664 0.394515170228904 0.0778562098777422
-0.295721506583419 0.205007024444441 0.554803956907288 0.0628777645011355
-0.128290341098518 0.0194234206197213 0.176613599384346 -0.394315336747021
-0.138667211413918 -0.00266372641232759 0.13746471155758 -0.275118099147132
-0.103655526886339 -0.0499766456339552 0.126271238694478 -0.190770564301845
-0.0694109163377034 -0.078154110418927 0.0297982144524284 -0.222299821017545
-0.0447285742020939 -0.11356503900593 -0.0176396082674461 -0.258532150620799
-0.026513325640271 -0.144470632394688 -0.0181049560194192 -0.385082189659908
-0.0273431611950703 -0.19517011636953 -0.0425771462229042 -0.493422373565234
-0.0582243553351247 -0.226976313573404 -0.168110501965635 -0.513095538000776
-0.113406020031166 -0.230496757998876 -0.280798135111399 -0.297985475985723
-0.167212426784455 -0.18598713260679 -0.292811178030026 0.00159194128500089
-0.203735448282773 -0.0837037594992105 -0.135433193594062 0.215176283627033
-0.221152234687619 0.0251799550167492 0.0839589642100639 0.246143263115988
-0.193968802096849 0.0870388239285464 0.269217145802463 0.127619883913239
-0.180357506370493 0.137500180478921 0.446573353406695 0.0229252606513534
-0.164164612003176 0.126459441443569 0.617089780410033 -0.00850120057115787
-0.0158307690807383 -0.0042456594801835 -0.570499291035227 0.0550965287158088
-0.0219847610391326 0.00670133460538983 -0.440327370627303 0.0591076480386251
-0.0196610902565904 -0.0240217743763297 -0.282023398495137 -0.0728516427625696
-0.0242078677256785 -0.0135492209509381 -0.0867935229087909 -0.187932420788508
-0.0155171069855909 -0.00890301613293455 0.094339588582952 -0.194360947406641
0.00466313165314087 0.00664757803772427 0.239279900906296 0.02416634511462
-0.0038762312468565 0.0220583676936198 0.271527031269054 0.332647927352619
-0.00191550574483834 0.0233254307527596 0.157327671230453 0.533960941906132
-0.0126543825874035 0.0161769123444407 0.088213510465096 0.524616421844587
-0.0196154037132697 0.0209183986256704 0.0656365862540785 0.383050312679375
-0.0257601707086861 0.00477294370347298 0.0583296230726027 0.258677034427711
-0.0296714697457614 -0.010326840252894 0.0136128174692794 0.186831274827002
-0.0148192143451303 -0.0176571966124992 -0.099007921289615 0.156688499970581
-0.0022062650601794 -0.00703078170678707 -0.142458285327808 0.200303480422938
-0.0103724232752986 -0.0218958678391992 -0.18131317755849 0.405274749520703
-0.139135059466795 0.103902469813762 -0.568862349294791 0.0221953440636661
-0.176534309683731 0.113496457769351 -0.437055594459578 0.0213079585080603
-0.200323577814455 0.0551266651693301 -0.290265301380126 -0.107499048495884
-0.228886135000699 0.010791179033276 -0.10366767219344 -0.223340816707025
-0.221318347581418 -0.0713397108323205 0.0765795698069599 -0.220097374709525
-0.158351539261653 -0.141738300141218 0.215234234872051 0.0039344733559866
-0.121711640534338 -0.183411101772559 0.254014011761542 0.306854489303508
-0.0695074021022255 -0.185114028172363 0.14489835991632 0.498675068685164
-0.0562637908433219 -0.170408702473453 0.101256831937726 0.511770134554653
-0.0587466710757947 -0.122836328649835 0.0809249482578589 0.388302928198169
-0.0906080422291169 -0.0972990400464002 0.074522946170351 0.269360996877261
-0.120776907468443 -0.101456607231759 0.0190675387980438 0.209462504692419
-0.121996054644496 -0.0720942146293662 -0.0908638779982212 0.17619748118408
-0.151686266139824 -0.0233166519089961 -0.114671569617125 0.215011800996638
-0.160266305047995 0.0205552246152795 -0.132206779240167 0.402151940650324
-0.248982133176425 0.179059259656016 -0.512004623490045 -0.0618573390964697
-0.321171461043292 0.17893069144615 -0.391897069013029 -0.0694720317358254
-0.368304236990621 0.0912138528521503 -0.267726139618022 -0.176532424564492
-0.412198087154317 -0.00582837916441709 -0.114578780925727 -0.279159939828412
-0.38914611541358 -0.158162547222642 0.0382146633444386 -0.256945176798374
-0.277420784064635 -0.289606834084778 0.150338201573526 -0.0541090234679792
-0.20080955878551 -0.364670397668631 0.193562830923013 0.21573440534631
-0.126129610861728 -0.36568531980698 0.106116193634648 0.384555656395106
-0.113943112135776 -0.340286642946587 0.101976304347224 0.441757818978182
-0.132963617350702 -0.270217738945942 0.100877741352453 0.375082842936213
-0.202068433272749 -0.201642057809848 0.0986784981788203 0.280739157790188
-0.260882273171792 -0.173880895772404 0.0353131335801224 0.246479996170063
-0.26030665307266 -0.093603657291468 -0.063879146703476 0.214126102543638
-0.300807058807042 -0.00471947674197775 -0.0538018766774563 0.240434010605457
-0.291470851485534 0.0769228297037201 -0.028673740556134 0.383611896481075
-0.325952012955652 0.205374338157904 -0.396211095922615 -0.173671873954002
-0.427154971449905 0.180338043201957 -0.295183345217271 -0.183684134215192
-0.483078690118082 0.0642507933445655 -0.198289897905347 -0.256981639636562
-0.520341663427265 -0.0674016576748503 -0.100560673101587 -0.334947856777245
-0.467486346028681 -0.256985460003763 -0.00358114582938334 -0.299274187579725
-0.320932087822913 -0.40919129477642 0.067755482200828 -0.146119315447128
-0.224841291176094 -0.484337505535131 0.109183429665207 0.0675608251731138
-0.162145927230259 -0.487997817794523 0.0481093168545452 0.210925181526744
-0.181631618587316 -0.466340854696838 0.0743177711761657 0.317404207319706
-0.241925720966939 -0.389910592927199 0.0954063981997874 0.320648320785139
-0.355051264783565 -0.272120251050632 0.110199644354668 0.27301167186078
-0.432797284473718 -0.184355710515579 0.0685437090353418 0.277766049610291
-0.403156342313875 -0.0551893233241446 -0.00176660794601809 0.243551242579356
-0.421600946756693 0.0581256849128566 0.0471275356729849 0.249728500629457
-0.381260136191673 0.144335604591115 0.118566248815941 0.338423533284324
-0.35481363400566 0.185320484390779 -0.240789855167537 -0.281041081168094
-0.461275561329777 0.128573432656751 -0.158490618699678 -0.275336178935823
-0.496684235347756 -0.00746940543012371 -0.0871864899878119 -0.308432529003675
-0.503213742428664 -0.149526643346957 -0.0554000537948775 -0.36323895156468
-0.425077469435883 -0.323856670132096 -0.028405675380183 -0.332094232018843
-0.278082045677457 -0.455024775491413 0.00133926271364439 -0.250563350582183
-0.197185400959084 -0.522766311498034 0.0323380901709302 -0.109805423934076
-0.175488427211215 -0.536561433906126 -0.0195740984170057 0.00472922814727054
-0.240415568912247 -0.5237653990144 0.00488322113423855 0.151480179218135
-0.34242563588545 -0.439927172945925 0.0336806165614233 0.230895019966688
-0.478879409423214 -0.272790157890497 0.0794350546009438 0.247723968653468
-0.551709974772261 -0.121670871561025 0.102606732330471 0.28637231894154
-0.48667644235492 0.0306404334260376 0.0875152373168671 0.241580969743662
-0.474746662018529 0.146145448627606 0.176518527555518 0.219192655085282
-0.412959126628287 0.207028045516051 0.28341654966121 0.258952365999961
-0.327215092664592 0.134800198071799 -0.0733040076503784 -0.357043037618445
-0.406743488529037 0.0576538341000846 -0.0202670598802491 -0.314353376772066
-0.401284068826902 -0.0726559476261347 0.0259646852604816 -0.300831251750602
-0.37153751784686 -0.189437234911743 -0.00269933865400566 -0.339716101234293
-0.289927703990461 -0.313729471283588 -0.0299796922613804 -0.332356094262773
-0.182175859375923 -0.409483713699063 -0.0293571491144535 -0.335309863585264
-0.141443676020179 -0.475335743033772 -0.0179040728272591 -0.28062375015748
-0.159778890464473 -0.506015781237862 -0.0867529370418534 -0.203973091999006
-0.257103924759007 -0.500575351002037 -0.0980937946093994 -0.0261045707945275
-0.373040013292492 -0.407196561518718 -0.0786895290745187 0.135216987636335
-0.496570477662722 -0.215016586809103 0.00992184225742882 0.224996990309228
-0.545383879196382 -0.0336936222355711 0.117970307024551 0.274151474327616
-0.467178670852299 0.110299076978336 0.174710084999459 0.204561464580156
-0.437312221040832 0.207457576811347 0.301789288598362 0.149786872836625
-0.381540302798266 0.235713353117683 0.438373183188384 0.154749448876538
-0.245881034464547 0.0747840596806789 0.0717348313140265 -0.390666350390469
-0.285053348451195 0.00920474573360762 0.0822312575427883 -0.302828931738867
-0.246519290312861 -0.0852482251882938 0.0977537203914818 -0.246852252451675
-0.199345962800332 -0.155839893954355 0.0246725884260699 -0.277830872113641
-0.143762519941227 -0.226091937589504 -0.0223886660095138 -0.298987160317696
-0.0868635057966709 -0.288488834799936 -0.0299599955334827 -0.377253947822281
-0.078939840531531 -0.356368605707055 -0.0420765488285116 -0.412240129086202
-0.120633732592632 -0.397521007836133 -0.14068468793436 -0.384566718958233
-0.213262196423149 -0.395650746150018 -0.204069288935929 -0.184279199621273
-0.307921825443447 -0.31325344930692 -0.201108562948469 0.0573583071349894
-0.391845970945939 -0.144884636446303 -0.0712142537749553 0.216328078343835
-0.417415534232197 0.0201917042907016 0.109062069576896 0.255053345725688
-0.352603381675657 0.130610031073307 0.236599815617939 0.157203802639828
-0.329245753716521 0.206498297450357 0.39516911003512 0.0703412108981939
-0.292175013151494 0.20884361603869 0.554062774769179 0.0523979140567071
-0.127945844122761 0.0215125759072118 0.170082812362617 -0.394443363162995
-0.138472910934516 -0.0009151356084443 0.131753387983989 -0.275161901951053
-0.103578794952849 -0.0477490345056218 0.121136886381271 -0.191484494081415
-0.0697497884009662 -0.0774405305762673 0.0245234595389937 -0.221299442105136
-0.0458025330776001 -0.112290275332086 -0.0206800791586571 -0.257182926403024
-0.0277713891082875 -0.144252859611672 -0.0225875856062845 -0.383149842676857
-0.0300144227390331 -0.19420841223152 -0.050131283118907 -0.490997841941214
-0.0616623991021413 -0.225358346686418 -0.175301369969961 -0.508171768148193
-0.116773217142661 -0.227890058669441 -0.28198151349189 -0.294855512886459
-0.169728287826335 -0.182625034751784 -0.29147914692699 0.00613588292130179
-0.204841762545062 -0.0809131409353846 -0.131893510987843 0.217737163483593
-0.221207941008766 0.0285101853047269 0.0878382443287134 0.244082274522817
-0.192370138872426 0.0899972939207386 0.270523700704414 0.123995059540411
-0.177459298764965 0.139608829611292 0.445438612547448 0.0146393384416063
-0.162587788714565 0.128260069770575 0.616113598450594 -0.0201725259051396
-0.0161572747645343 -0.00423540568189764 -0.566769386841188 0.0635470960075862
-0.0218583722853248 0.00722792450385015 -0.436886882351883 0.0649994627779138
-0.0202075907084299 -0.0239203443160186 -0.28252602562952 -0.0683271688301743
-0.0242804124528697 -0.0129057845553139 -0.0901091793204047 -0.185589334140176
-0.0159316282956511 -0.00852962457277267 0.0900544089911598 -0.194269768308705
0.00463861088146218 0.00655603684570859 0.238007055404312 0.0218416497121058
-0.00349743476838624 0.021752545468195 0.273772074755495 0.326150849071598
-0.00145021711685236 0.0228854672892724 0.163703800957311 0.531082160661921
-0.0124963874213544 0.0159644553057969 0.0956714686078881 0.522448556102179
-0.0186751374243491 0.0208554660673797 0.0698171945270913 0.380308654324115
-0.0255926545151138 0.00526975461308363 0.062003341705116 0.256371993843564
-0.0293325271086459 -0.00972752136924057 0.0173775110421723 0.185899507143524
-0.0152149958371867 -0.0174509717589746 -0.0948569476979676 0.157326238236661
-0.00262868057402604 -0.00685111840364158 -0.13795888987921 0.200596533855765
-0.01090293429716 -0.0212670101651381 -0.174432926685575 0.403181896432281
-0.137214648152201 0.105508850891964 -0.565756783448963 0.0313717463754418
-0.174358551871569 0.116072256030234 -0.43516694024821 0.0277823936573952
-0.198858377163818 0.0579481666011724 -0.29136855148148 -0.102981616052991
-0.228365312129678 0.0137261307356013 -0.107096916240909 -0.221355178124446
-0.22075997554255 -0.0678744477111361 0.0724043094739416 -0.219499723621897
-0.159036974680904 -0.139173864392002 0.214279832876353 0.00137419736765269
-0.123372322515606 -0.181427278586086 0.256588172856099 0.301533739327676
-0.0711416172893182 -0.183362667278549 0.15027030611319 0.496698413793726
-0.0584949510506801 -0.168606542357934 0.106482309238904 0.507656098077544
-0.0592761364157331 -0.121303505745539 0.0858168887847546 0.386046949989798
-0.0910313001533385 -0.0950408812579879 0.0778063342723087 0.267093100949734
-0.121764447141445 -0.0995732069115334 0.0231142742880639 0.207144979632824
-0.122223828217532 -0.0704631188179873 -0.0871021275779223 0.176751625335241
-0.150600215170309 -0.0210804726943428 -0.110640096016116 0.21511356636525
-0.159177674289484 0.0225826046984245 -0.125367635331166 0.399763095956079
-0.245379613490939 0.181921665738572 -0.51082919947267 -0.0520104858252751
-0.317762382434646 0.182909941667149 -0.39169853073555 -0.0633869114749491
-0.365102416667934 0.0964131083650904 -0.269528506657408 -0.172125856226692
-0.409486790682578 0.0010317902219974 -0.118775018286196 -0.275547594421984
-0.388461717074809 -0.153821537537026 0.0342527695846254 -0.255885534496286
-0.280194580948318 -0.286078146450289 0.148962388950247 -0.0557638372905029
-0.204422950587809 -0.359395275964477 0.195068275981848 0.21123967593214
-0.130130763507016 -0.361265180999582 0.110363787022069 0.382485837647585
-0.117951181629696 -0.336310034847322 0.10792981522413 0.438658583794851
-0.134915677561828 -0.267382062152003 0.105891962427086 0.373001897944578
-0.203301793678319 -0.197907000601118 0.102547909917263 0.278670176569437
-0.261819568914639 -0.16925479552078 0.0402039677780686 0.244573155830117
-0.260358969568317 -0.089784235254156 -0.0596704334187322 0.21416676993994
-0.300063356284189 -0.000502418511603542 -0.0502774063756417 0.240079652841492
-0.288786016510557 0.0799448486720192 -0.0228514650612525 0.380556524811658
-0.322275571861236 0.209423684713085 -0.397368976290374 -0.166075382703151
-0.423309384292368 0.185485775537762 -0.296652038034404 -0.177851010864893
-0.480369655159466 0.0706872934145235 -0.201401923576869 -0.252416485368493
-0.519533154299462 -0.0613519296842616 -0.105554663151146 -0.330852112493471
-0.468939949039576 -0.250443252596007 -0.00790328782485756 -0.298333959729974
-0.324196123834316 -0.403309035292123 0.0655517774032725 -0.146292292527079
-0.230485537493493 -0.478939944866988 0.109735839956359 0.065053888916457
-0.168092315735217 -0.482708971815459 0.0499861251105171 0.209687012967396
-0.187425498385264 -0.462287769005299 0.0788805268577641 0.314864679262862
-0.245020758265158 -0.384217648548066 0.0992127155348737 0.318326913512146
-0.356818333698917 -0.265335012809904 0.113422778468922 0.270174011060256
-0.434594911291904 -0.176729897000919 0.0736038728245135 0.27505430473666
-0.401718793032537 -0.0504090400435389 0.00196494597883453 0.243207736852907
-0.419592523696936 0.0645229700982592 0.0513257435885097 0.247207535350324
-0.377908733850244 0.148729471450974 0.122513092767011 0.333964116414436
-0.351722002438851 0.190026313761135 -0.243335701022945 -0.274336720147687
-0.456286995559765 0.134018002368885 -0.162797564090691 -0.271810884983327
-0.493396303744391 -0.000339723128102931 -0.0921765392948286 -0.305426186733176
-0.502919692945644 -0.141447587551552 -0.0610173527802574 -0.359830023587796
-0.427087206255323 -0.316376817356135 -0.0332004880027137 -0.329845148580287
-0.281931539579436 -0.45036908384529 -0.00228429592267944 -0.249511726613952
-0.203929538684156 -0.517948359146038 0.0309393173139945 -0.110097806064501
-0.181158364230183 -0.532579841926572 -0.0198428405212229 0.00541351632666494
-0.246465490956739 -0.518950938860924 0.00753296419895605 0.151046197806374
-0.345427997016781 -0.433205228782452 0.0367861102871247 0.229740020436315
-0.479744497572116 -0.263190145955373 0.0832277921848305 0.245690135929594
-0.551647336152419 -0.113414177429282 0.107588038367033 0.283659089146504
-0.483684926721528 0.0368166206576417 0.090687631628954 0.239695683616274
-0.470171193455055 0.150375129043846 0.178656814794409 0.215134989276708
-0.408260060947424 0.211422233733886 0.285923039090194 0.252105567958118
-0.324097797520223 0.138708267743032 -0.0781247005692006 -0.351555508141174
-0.403246063525622 0.0629928663024507 -0.0256652676687971 -0.311470570193193
-0.399729641514994 -0.0660205376324456 0.0199031358521325 -0.29950107864397
-0.371661745281637 -0.1841583780151 -0.00875741924452542 -0.337127862765401
-0.292682144671918 -0.308173531499727 -0.0340866560389115 -0.330444847586429
-0.185453143344729 -0.404331013324947 -0.0331372695697953 -0.333576757977503
-0.146381453524734 -0.472540466750228 -0.0214972044961231 -0.279247477940657
-0.166670273116588 -0.501497597754589 -0.0888445089963961 -0.201416248368394
-0.262714565486812 -0.494342226989967 -0.0968203747056916 -0.0245910907562018
-0.378115866244987 -0.401925627125884 -0.0761533705932515 0.136643785981253
-0.496167724739626 -0.207584484866398 0.0124580511641647 0.225081681995858
-0.545050608226624 -0.0268425263469795 0.122688137666432 0.271335282975751
-0.46263094521294 0.115308493542614 0.17738647029208 0.201808823543586
-0.433947322279383 0.212729976231054 0.302292061433879 0.144712648842476
-0.377312420125409 0.238750935707094 0.438575108725082 0.146171520513738
-0.243893491916094 0.0784283659111394 0.0657610881937029 -0.387530476507839
-0.283125621048448 0.0137963896784951 0.0766182355980095 -0.301661773720458
-0.246067501318576 -0.0811792333086839 0.0921360446673074 -0.24714896692021
-0.200107677880582 -0.152162311230609 0.0200933507689869 -0.276835769901992
-0.145680278413295 -0.222974241786377 -0.0255098778864374 -0.296949413707726
-0.0897655180235505 -0.286164891892139 -0.0345931643023719 -0.374912215893344
-0.0833665125925345 -0.353488151483876 -0.045485201013467 -0.410562071178423
-0.12541511629191 -0.392808485326106 -0.144662873491987 -0.381007121249651
-0.218615712090931 -0.389099846740764 -0.205062272297248 -0.180759209964253
-0.310626670213095 -0.308593279634942 -0.199347275381979 0.060587319994391
-0.391441377693978 -0.138540622721423 -0.0674152813584702 0.2175586704431
-0.415477868445734 0.0258745164822617 0.113416256864552 0.253243690132095
-0.349046339478485 0.135004199541774 0.2381558175367 0.153463761845685
-0.325132560050537 0.209521383800615 0.393745194910433 0.0644117247507752
-0.288813753651405 0.212201837950878 0.553428653323359 0.0429063982728311
-0.126718140466601 0.0235181256651447 0.163330576180328 -0.392861671049467
-0.137323070580801 0.00168910221777296 0.126191139365164 -0.274891264528652
-0.10364647296431 -0.0460918117454621 0.116418563499274 -0.191509254943198
-0.0703492263062159 -0.0757135183536197 0.0209858671071239 -0.219871247866771
-0.0472680344599532 -0.111223676700889 -0.0242490524438698 -0.255315192584808
-0.0287834853766257 -0.143456759776336 -0.0276255767947141 -0.381528667147529
-0.0323182038240666 -0.192224240675681 -0.0554360490437497 -0.487695552695453
-0.0650824997085745 -0.223184834502464 -0.18097557106405 -0.504242717220318
-0.119629437611376 -0.224658390274292 -0.28382464135728 -0.289506423458341
-0.171787584038512 -0.17930197940284 -0.289465904778522 0.0109852725318908
-0.204859109263124 -0.0777007442428689 -0.128116188826893 0.219516007886225
-0.219608662255461 0.0315168250532194 0.0913823489787966 0.242484952304624
-0.190025308597529 0.0920571067847845 0.271160559708705 0.119314708958238
-0.17540050683538 0.14132356891546 0.444441250633387 0.00805871464022383
-0.160003762557896 0.129501244962878 0.612343010798545 -0.0312886618164445
-0.0161269409706413 -0.00430992743546025 -0.562772211995815 0.0726297146300078
-0.0213953521205406 0.00785739346406219 -0.433153818192906 0.07094170003212
-0.0206071997508767 -0.0235652233077548 -0.28216395273075 -0.0638719531635551
-0.0242614888972718 -0.0122569176587181 -0.0928146437031446 -0.183752624917473
-0.0155834124938805 -0.00821151625778527 0.0867558025460908 -0.193892517236039
0.00443151099100713 0.00695132683270643 0.236287917062517 0.018474623836793
-0.00346311269137651 0.0214158080450285 0.274365284359441 0.319538918349532
-0.000756774521142676 0.0229703929168734 0.169062251291881 0.526262195654214
-0.0121506230537807 0.0158744307155945 0.100999889612783 0.517703987659616
-0.0177909266340033 0.0212039761935706 0.0743913051841823 0.376641644977524
-0.0251338981335286 0.00566014759080172 0.0654487725544107 0.253632721320379
-0.029521845819312 -0.00926650348471291 0.0206800198711996 0.183651437771722
-0.0153109352653916 -0.0168576981605491 -0.0912627395666129 0.157162395184864
-0.00247615023782841 -0.00723566790506999 -0.133530107794988 0.200707653230453
-0.0114713829142965 -0.0203774187779483 -0.168276744799747 0.402032654277202
-0.134911275440472 0.106360202840875 -0.561998720191947 0.0400950238228392
-0.17103520651821 0.117920976978569 -0.431988334569167 0.0335991985016432
-0.197140987039985 0.0602568364891736 -0.291663796041241 -0.0983134103528309
-0.226186145086554 0.0166066116593093 -0.110825642111937 -0.218710226605926
-0.22046751223107 -0.064324291167967 0.0684206473881595 -0.218704565893711
-0.159550246668938 -0.136884635026038 0.212477807296682 -0.00136566935337464
-0.125258706069292 -0.178107465361674 0.258098858888346 0.296296541234009
-0.0731250148786875 -0.181265821999532 0.154676646605686 0.49075494870343
-0.0599905807395922 -0.167089542223795 0.112801032131435 0.503101614752308
-0.0599619126738487 -0.11992060652163 0.0906508983503279 0.382507364456686
-0.0912588633572034 -0.0932141708279325 0.0809503622632781 0.264329733362605
-0.121782187630661 -0.0964110029014633 0.0264498033440227 0.205754997157157
-0.122162140271973 -0.0682300629558897 -0.0833961987090048 0.177399801967511
-0.149856402756316 -0.0190041338999674 -0.106232838730573 0.214393966601124
-0.158146666305384 0.0246141984197304 -0.118482679865034 0.397858174265776
-0.241598504630707 0.184160603391532 -0.506851879608718 -0.0441314965178698
-0.313162897555259 0.186143285711214 -0.390618341888459 -0.0566726003658503
-0.361830528519239 0.101039496598708 -0.271704274525909 -0.166986918821899
-0.407521680392893 0.00631319722939773 -0.122350028265673 -0.271573838677641
-0.388520734603112 -0.147756224045483 0.0299449035804634 -0.254347720466737
-0.280400943601519 -0.280293401311413 0.146895870997928 -0.0569757447151073
-0.207786125094356 -0.35476402767154 0.196210206885715 0.206751400935623
-0.132950284987175 -0.357752595518112 0.114822169801371 0.378695210940482
-0.120731854363826 -0.332952659220751 0.112892510135237 0.433809299773625
-0.136850260256448 -0.263603180597258 0.109391363195201 0.36950181877157
-0.204234297053342 -0.193421231685737 0.10558892832806 0.275713707114318
-0.262868021057838 -0.1638582148305 0.0440711203384973 0.242261798383495
-0.259227932093604 -0.0855367825880633 -0.0562195098880319 0.213326824525508
-0.297537152405354 0.00314282663183427 -0.0468000120127775 0.238079242862129
-0.286168312773951 0.0829980641584706 -0.0175199178626363 0.37682636879597
-0.317534944033323 0.21222300173259 -0.39562428792442 -0.157869107956752
-0.41797956182916 0.190926400830393 -0.298288317175859 -0.171832103827872
-0.475175389335841 0.0766435047755972 -0.204683505723167 -0.247482673881521
-0.515978590948714 -0.0543882324070773 -0.110291124222363 -0.327127184855582
-0.46820167718048 -0.242697738183271 -0.0122586980027306 -0.295663138993436
-0.326095971214241 -0.396158588803013 0.0633185751593322 -0.145692358416297
-0.234473223869122 -0.473375471935865 0.110180593090295 0.0629501686247924
-0.172991057222192 -0.47674189927701 0.0522558615034735 0.208352786388993
-0.192560713962675 -0.455882996812107 0.082915496903181 0.311717606714503
-0.247815004983465 -0.37914278024493 0.103171495431288 0.315315142038959
-0.356456601593698 -0.258429240978856 0.115704881600062 0.267441074480792
-0.433311411763547 -0.169510702414577 0.0778945728637661 0.272566657896853
-0.399828809266681 -0.044127042409859 0.00580533188878076 0.242140416372721
-0.415855368088621 0.0685258139416453 0.0539581346006415 0.245412699851644
-0.373331657749229 0.152492308829791 0.126745426528436 0.328881295680503
-0.346803897273052 0.193829356329991 -0.245991613090891 -0.267547993245198
-0.453715070980121 0.139335978171761 -0.165876291249067 -0.265923663982836
-0.490732451575127 0.00631835763060043 -0.0964689743267803 -0.301489177540096
-0.501878474693899 -0.134334435305056 -0.0662884267422509 -0.355747612146692
-0.426603433133692 -0.310809923261837 -0.0369912779072689 -0.327120778069197
-0.285228909369217 -0.443417747735079 -0.00550002950650211 -0.247771150721469
-0.207267499206432 -0.511568892815699 0.029489325739752 -0.109459385791309
-0.186354408809854 -0.52523247362416 -0.0200970411614493 0.00603691146810667
-0.252435506252964 -0.511748016844919 0.0106987219135139 0.150381957274394
-0.348730129459872 -0.425780050940008 0.0397055702341279 0.227978621862581
-0.479502228460646 -0.255575898725893 0.0848757912679126 0.244227595060659
-0.550547893898766 -0.104987413363376 0.112171614308456 0.28006838083552
-0.480424635904097 0.0439051026041032 0.093847433242642 0.237861554781185
-0.466262666047808 0.157115322448172 0.180395361541953 0.211421599500553
-0.403089911054809 0.215103011415817 0.287126236793955 0.244522057910923
-0.320061941441573 0.142404458922847 -0.0825896716220585 -0.346884228926769
-0.40105395945605 0.0680886329024276 -0.0307560644159207 -0.308233008735981
-0.397282557663465 -0.0590677296796545 0.0148482047085421 -0.296980956760863
-0.371836945669985 -0.176392445886528 -0.0140403663372488 -0.334249380862537
-0.293092483523434 -0.302913448599482 -0.0380581285854399 -0.327288675172952
-0.189079914062397 -0.400132655882323 -0.0365176419385938 -0.330724547202634
-0.152728999777299 -0.46623130108171 -0.0239091588631126 -0.277371896860007
-0.171733658213982 -0.495079689863977 -0.090524328161009 -0.198546600658895
-0.26799804874957 -0.487237974482459 -0.0953460892856013 -0.0231912088352372
-0.37820941101722 -0.393326650609466 -0.0737943765217278 0.137074680479655
-0.495897236266306 -0.199842337927123 0.0152504310027567 0.224562625454257
-0.541279810197644 -0.0189193804499431 0.126817867936987 0.268010291844346
-0.458394408958973 0.11997754978843 0.179327647066363 0.199576318369779
-0.42801530143789 0.217991371539041 0.302527029650989 0.138750266278137
-0.371402836778108 0.243432039929754 0.436751931325194 0.136834597382482
-0.241868070010728 0.0821097091574944 0.0598001251848609 -0.383803936717559
-0.281478534263651 0.0173600240983832 0.0713902589169946 -0.299457984482591
-0.244757549872257 -0.077015472311246 0.0867391185744891 -0.245951265584573
-0.201031485446333 -0.148219390658417 0.01516247265448 -0.274204612300009
-0.147095050997439 -0.21913479931011 -0.0297868661356966 -0.294083088846537
-0.0917904483266865 -0.283258192476697 -0.0383746179517613 -0.371618830336886
-0.0869334409455398 -0.349284761010479 -0.0504374834481041 -0.407222191776788
-0.129051615226896 -0.38877274397512 -0.148661936955771 -0.376765506637863
-0.222808529562214 -0.384850380723319 -0.204815760084927 -0.177098022283693
-0.312795838401305 -0.301206922914612 -0.196893087593943 0.0626139785939196
-0.39021554559781 -0.133124507191802 -0.0637436217321824 0.217855551563174
-0.412429293599133 0.0319626259129023 0.117234212354065 0.249998999601221
-0.345811505259692 0.138902126920737 0.239414576508705 0.149800605496274
-0.320256391540622 0.212786182361438 0.392330908283062 0.0582140116589196
-0.28397866001789 0.213484895639296 0.549641527874633 0.0321612111641751
-0.125720810975351 0.025468219610508 0.15646185322877 -0.390637051560964
-0.136751732016938 0.00312281222223238 0.120648402359244 -0.272527080930835
-0.103197720967298 -0.0448126198869898 0.111665104575329 -0.191084120266943
-0.0703859292368445 -0.0740213084939552 0.0177415874822152 -0.217743872856872
-0.0480365152660794 -0.1093747763006 -0.0269809185758731 -0.253090647006387
-0.0297862096482493 -0.141920940475081 -0.0317290700028376 -0.378409027622768
-0.0340482037908063 -0.190396863851612 -0.0613330896569443 -0.485098238386544
-0.067368847322117 -0.221075564112287 -0.185263122312855 -0.497901836718519
-0.122083133733775 -0.222172953632732 -0.284869473599565 -0.284756923517007
-0.173229907722149 -0.175839546261093 -0.286528948473557 0.0144569919570034
-0.204416449311628 -0.0744222600784022 -0.123778682937128 0.220764320211756
-0.217856111579977 0.0343753154418475 0.0960609617103469 0.239770168415422
-0.187603184674333 0.0941718275983617 0.272113959897232 0.114939293861201
-0.171845159042596 0.142612628840036 0.441460511937094 0.00125916217171872
-0.157940303701664 0.131060390724535 0.607734121923845 -0.0411839589520864
-0.0163215168497208 -0.00400520149440559 -0.557439892385365 0.0803315869791083
-0.0211228541509321 0.00819475133250097 -0.429466048625968 0.0753921160686403
-0.0207596936824556 -0.023020816684819 -0.282113802286257 -0.0594715786936624
-0.0244642697164934 -0.0118442386736816 -0.0951832300458457 -0.181531632624076
-0.0157560489203385 -0.00786234292708039 0.0829301391179514 -0.193123907118654
0.00471328486912635 0.00687724897814928 0.23442245090943 0.0159738504433105
-0.00321504350572305 0.0212622919468407 0.275638066000809 0.31396979527829
-9.88408909261031E-05 0.0223069457001371 0.173660125462026 0.518777632733388
-0.0116482673268072 0.0155466113380838 0.106136670724563 0.511508786684402
-0.0169290906691747 0.0207667212732569 0.0777115265813737 0.372879591602409
-0.0252344319164045 0.00606985595952079 0.0687338064179816 0.250746851906165
-0.0296128477229499 -0.00878164989829211 0.0235225285134821 0.181736554857316
-0.0158754367653011 -0.0171176185624892 -0.0869248966526719 0.157215725053658
-0.00266887285004071 -0.00708521658135108 -0.129025342851839 0.199500997189421
-0.0119503003020538 -0.0196096818201159 -0.160549909446008 0.399179686924138
-0.132976032000902 0.10685726402265 -0.556585026682321 0.048361706981236
-0.168517448084377 0.119215016034248 -0.42819551091358 0.0398235080957424
-0.194826352286707 0.0619512360329575 -0.291450140909958 -0.0930208266263732
-0.224516410909276 0.0190502505691952 -0.113079580469972 -0.214854532989569
-0.219207725423106 -0.0611895047035618 0.064582100740515 -0.217526603513868
-0.159668525920687 -0.133979137411217 0.210441980121744 -0.00331430977135346
-0.125716308705488 -0.175143501465959 0.259174830904203 0.290555949265182
-0.0738479174432189 -0.179327271219613 0.158523485973839 0.486619149353837
-0.0609856971735117 -0.164993278015936 0.117804274844346 0.495129510570067
-0.0600489736768283 -0.118182633698968 0.0940086935968389 0.378261122138671
-0.0915766839116147 -0.0904579191763042 0.0842604914746611 0.260888736300255
-0.122021697430439 -0.0937493355540019 0.0291853316727956 0.203061420301058
-0.121615337507045 -0.0663359656237901 -0.0795370593743297 0.176364386451505
-0.148652248544746 -0.0172215899793262 -0.102286939950924 0.213087033384732
-0.156679506379149 0.0262004019026589 -0.112767317110176 0.394368947647517
-0.237477841303266 0.18523260492518 -0.503641973990543 -0.0357351324975715
-0.308667240566609 0.189076928153887 -0.387741031709478 -0.0512524556240467
-0.358028635353508 0.104971037087438 -0.27192350164036 -0.161803348724359
-0.405004746169524 0.00945583300811336 -0.125508595681449 -0.268141241631379
-0.387510450516999 -0.140324115075313 0.026180831686499 -0.2519608773249
-0.28115422032792 -0.275255671459305 0.14523190769656 -0.0579164466451682
-0.208835794579114 -0.34888506941979 0.196935978300772 0.203041110810287
-0.13502898302366 -0.352482221781044 0.117670403712947 0.375196395432077
-0.123480893975244 -0.328918895140761 0.117376530140129 0.429203848536064
-0.137414530273967 -0.260096412000756 0.112556362741206 0.365506180702297
-0.203970572825204 -0.189297396977495 0.107989252271024 0.272857865915622
-0.262547498885935 -0.15892368817015 0.0478528225683574 0.240039524819874
-0.257588178877652 -0.0820067018603515 -0.0519832946334253 0.212188886776577
-0.295016907061211 0.00585389593597811 -0.0428366488323842 0.236398474390696
-0.283323177114038 0.0855001197080226 -0.0127838776435251 0.373005450412956
-0.312089075207859 0.214588491552564 -0.394905354691978 -0.14994037394756
-0.412788888491807 0.193766648772338 -0.298150366018437 -0.165569856590423
-0.470736931676148 0.0830422306467027 -0.206934256189474 -0.243191313493693
-0.513891521409475 -0.0478261936563112 -0.114191157511648 -0.322712769435761
-0.466077967290833 -0.235491447939271 -0.0154798766146596 -0.292862455308737
-0.327900480909203 -0.389935547154414 0.0610188945987815 -0.145282447627256
-0.237510197969006 -0.466252146664181 0.109985751604723 0.0609399605454517
-0.175763926648448 -0.470790775057047 0.0544338718484903 0.206854326213763
-0.195612711614057 -0.449384927773212 0.0860864242310981 0.308227507146974
-0.249519150097199 -0.374125452061584 0.105109046333689 0.312111595621999
-0.355684898812549 -0.251459686691412 0.118049178897649 0.264740410513434
-0.433377391021 -0.163148068759717 0.0823893015479129 0.269092082137546
-0.397272549502058 -0.0397901076838324 0.00895186603990577 0.240823548412757
-0.411831928553981 0.0730348636774668 0.0565436887614503 0.242078188642997
-0.368667634299346 0.15556990552794 0.129428479304226 0.322597302705235
-0.341594295368801 0.195583855055445 -0.247541554122153 -0.260278297389896
-0.448675634891962 0.144162904215489 -0.168502427080852 -0.260623956392753
-0.487278900770759 0.0120779960411299 -0.0999725294848787 -0.296949960220114
-0.498848725539386 -0.127182681215445 -0.0706736033145201 -0.351370683794131
-0.425551811550361 -0.302556921490006 -0.0405461039263041 -0.323695176438546
-0.286522716700641 -0.437810761368366 -0.00772480592584275 -0.244931440623512
-0.212348267650999 -0.504500481820698 0.0286856086969311 -0.10967007248291
-0.191487592558418 -0.518472803396635 -0.0196483277151269 0.00670885734968866
-0.255422714739513 -0.505233022489585 0.0127639028005618 0.148977197775419
-0.349979219889848 -0.417524596705536 0.0419279401394782 0.226684345844509
-0.478386223162798 -0.247599377648859 0.0875024564784707 0.241777370699691
-0.54643153120718 -0.0966842954820372 0.115971283028773 0.276766202950967
-0.476732511208259 0.0491464377361722 0.0966490268075573 0.235382494718455
-0.460687768212442 0.161691036606102 0.181340400463357 0.206957476700994
-0.398662844704704 0.218311115603632 0.287627124699344 0.238232060568136
-0.315780275822533 0.145294673853816 -0.0861548567296089 -0.340708330082556
-0.396452605189305 0.0725437624239991 -0.0345472559454089 -0.303769975149776
-0.394752574388428 -0.0555566975986995 0.00994127249249271 -0.293666731325193
-0.370102881709384 -0.170537113840133 -0.0189915764882275 -0.330460848657954
-0.293413588810645 -0.296623153724105 -0.0415801648682662 -0.32353934356385
-0.19048987347135 -0.395603526237782 -0.0399526282851103 -0.327500462436109
-0.155422763889925 -0.460155601674485 -0.0260842098981981 -0.275121029963349
-0.175027030489842 -0.488179996005793 -0.0920846093368089 -0.196018945156911
-0.271108373026966 -0.480593543217599 -0.0940546055427597 -0.0217935645695214
-0.380060152064941 -0.386087870750247 -0.0707220132007847 0.137245479916745
-0.493867492378847 -0.192081991564626 0.0183273086405023 0.222945534560878
-0.538316814165538 -0.0112497340257299 0.130854460400349 0.264085118844371
-0.453059727559197 0.125744499207533 0.180607639975915 0.196028045989689
-0.422852506404257 0.221914991928061 0.301592076390108 0.133594707418167
-0.36550669053259 0.245264348240937 0.435049802617192 0.129084249242497
-0.238331783469448 0.0841273553385289 0.0556743390778935 -0.37857189249206
-0.279303841766758 0.0205038087563086 0.066388380677428 -0.296809666103993
-0.243019196958861 -0.0735623577153894 0.0816129429893054 -0.243723027780551
-0.200438477937463 -0.144925457471596 0.0110541646086023 -0.270832317648506
-0.147141961055804 -0.215830912631851 -0.0320075343354809 -0.29124080952885
-0.0935954326147612 -0.27985546278476 -0.0418937134216647 -0.368288877261165
-0.0901287875562554 -0.344938737971412 -0.0538126341001757 -0.404015971009597
-0.132418784325128 -0.383087253506996 -0.15107154763034 -0.371225074324056
-0.224468216008742 -0.379780942786504 -0.204133386071106 -0.173466632647483
-0.313518070457013 -0.294254505309554 -0.193603917073868 0.0650468505786466
-0.387881017442259 -0.127622658808799 -0.061351616014387 0.217504832948235
-0.409347778346213 0.0371826417673948 0.120808470236114 0.246559087707493
-0.340915817568782 0.142137610041533 0.239671659797462 0.145957951620802
-0.315146532067781 0.215590065343389 0.390429951338453 0.0522815556943461
-0.279734452518381 0.215216309746598 0.544821953863643 0.024133817872569
-0.124320108021126 0.0267140182790481 0.150223053153291 -0.388151992122156
-0.135460682202923 0.0049441998979061 0.115269745102173 -0.270879162187288
-0.102431106217016 -0.0427966881177304 0.107071270198538 -0.189902880953507
-0.0707507954701535 -0.0725727225262412 0.0142530843115113 -0.215387167564601
-0.0488537188339471 -0.108086065600125 -0.0292101920890303 -0.251133001401115
-0.0303786394608021 -0.141015542643616 -0.0347604995108581 -0.375177544731135
-0.0362969637414213 -0.187982825995505 -0.0654134359680519 -0.479919278212153
-0.0700231472452641 -0.217566818304465 -0.188394926206303 -0.492344471366318
-0.123424632906008 -0.21856956932388 -0.284762486688654 -0.279128410040111
-0.173505988938219 -0.172460671523158 -0.283052829024801 0.0182315796759504
-0.203480500020551 -0.0720753289413706 -0.119420154191313 0.221652745507493
-0.216570122647654 0.0364925332181811 0.0988834305261602 0.237286378824352
-0.185176148326656 0.0957731424667816 0.271910105487908 0.110752631275223
-0.169033817411555 0.14361748312146 0.43851619146533 -0.0051673672622793
-0.155321944734604 0.131462621457485 0.601590076849891 -0.0494350214176061
-0.0165781865909381 -0.00421987021473168 -0.550259230774709 0.0856312840550555
-0.0207268697675872 0.00877237173063111 -0.425103295127082 0.0804403032466809
-0.0212034277791784 -0.022510091618917 -0.280557457681987 -0.0557481045422792
-0.0240056800744685 -0.0112916668824575 -0.0973798376295832 -0.17828357953563
-0.0157208040113365 -0.00726371380268537 0.0794024179055448 -0.191820275327662
0.00475360220788655 0.00629890714269155 0.231289479402769 0.0138628143334458
-0.00246947237914865 0.0210479891864887 0.275446908907548 0.307935709866336
0.000542508764665526 0.0219225661227023 0.175669383794645 0.51300064110496
-0.0112195702893431 0.0153444744330667 0.109957396740756 0.504230681828465
-0.0159772479348094 0.0206180750283557 0.0809531905036606 0.368948618013652
-0.0248994797625722 0.0064945894252887 0.0711022454636394 0.247070345121741
-0.0295970785523759 -0.00824537178789618 0.0261930794255748 0.179225624502637
-0.015326748294355 -0.0165626620282687 -0.0837624371939345 0.156504653858607
-0.00247756910519913 -0.00677983307579801 -0.125184764940708 0.19824834799657
-0.0119630974401275 -0.0199002736245426 -0.154520511628602 0.394953361587835
-0.130612800360025 0.10658155394537 -0.551299160015132 0.0533922648850427
-0.165886145165516 0.120459594617523 -0.424332578237256 0.0444527028059393
-0.192438658470314 0.0636799938988322 -0.290145214187202 -0.0888396522854226
-0.221873619854119 0.0211054030452805 -0.11504893680916 -0.211923513875475
-0.217904876390162 -0.0583979678363088 0.0611885778927403 -0.215565839293356
-0.159579748730701 -0.131398435684014 0.208025960187298 -0.00524507813685757
-0.126229329633944 -0.172437742078574 0.2585423640781 0.285061288303953
-0.0743368218888907 -0.176432014627579 0.160196736327821 0.481100563068317
-0.0617757398977503 -0.163003492632006 0.121691114877123 0.490542386440238
-0.0594161260652663 -0.116452997909914 0.0961226977406584 0.374601979126453
-0.0906761310374002 -0.088828178914306 0.0861803562727187 0.257452904719641
-0.122143638799641 -0.0914978791247432 0.0326334890653992 0.20060131663076
-0.120722194058795 -0.0641889773078377 -0.0761418885615235 0.175373873199681
-0.147549079982402 -0.0155256905471046 -0.0985431369150367 0.211848258353848
-0.155012490851606 0.028196185164119 -0.107113349157691 0.390616152737692
-0.233727261292957 0.185680331283844 -0.499259992728686 -0.027071466826023
-0.303670579967022 0.190764597547782 -0.385569049194868 -0.0466069407909734
-0.353738076597618 0.107385391621932 -0.271829679025922 -0.157385624919763
-0.401091135343142 0.015015059984923 -0.128035974018652 -0.263267820588043
-0.384261944929821 -0.137469272739547 0.0229216169794149 -0.24994153045769
-0.281978800751521 -0.270390949440139 0.143105410491393 -0.0584480518946908
-0.210880676009513 -0.344358074760571 0.196230599473898 0.198966357087689
-0.136654842867803 -0.348839646616085 0.119331193413716 0.371365501942262
-0.125801212196604 -0.324909269085156 0.120542596698333 0.424301708447946
-0.138655776961828 -0.256025761755773 0.114975365495448 0.361340138905612
-0.202741028860301 -0.184217308804493 0.109930661799353 0.268786751503561
-0.261204920953556 -0.154149874102747 0.0506233731719603 0.236584291983013
-0.25527391861938 -0.0786204967392352 -0.0491443345835588 0.211198192699504
-0.29164887503761 0.00907827983256697 -0.039981516716997 0.233688137559102
-0.280489741977828 0.087611284801161 -0.00764683283133743 0.368637212314073
-0.30760996141663 0.215486542805434 -0.39274529192785 -0.143372633759863
-0.407332916654199 0.197580388985975 -0.297561955328529 -0.160384884523504
-0.465839335943571 0.0870134444477051 -0.207856965838718 -0.237751830385038
-0.508020729495427 -0.041648947182073 -0.117616112341156 -0.318115241372966
-0.464369436894865 -0.228284994465226 -0.0192036542083147 -0.289682511313064
-0.327055099157451 -0.383812392374945 0.0591984519055323 -0.145024087293589
-0.240003561642691 -0.459344156053422 0.109312238904464 0.0588793524370094
-0.177951146304382 -0.465007175107798 0.0554255789246272 0.204813421841051
-0.197081990639683 -0.443341699583044 0.0882192687308807 0.304723596138561
-0.249296357746649 -0.368106118353756 0.107412665467634 0.308398761631533
-0.354104512497187 -0.24717267031115 0.119271384950613 0.261626434750609
-0.429877640096796 -0.156905644576177 0.0845775923888505 0.265521413882294
-0.392068887723012 -0.0355907824692725 0.0118182488655264 0.239043168552491
-0.407517670525274 0.0760723919026523 0.058496716701013 0.238975970786727
-0.364305589526157 0.157478640754287 0.131478873867818 0.317232634864075
-0.33734455839751 0.197357113780081 -0.248187369879497 -0.252761889584876
-0.44170584533728 0.148023343765089 -0.170579828039261 -0.255655785317157
-0.481493933302905 0.0179520675896137 -0.1034146803739 -0.293047305729347
-0.494334665267488 -0.122275144489588 -0.074786805213407 -0.346906908122787
-0.424774376601207 -0.294599496296 -0.0435440000497069 -0.319430136283086
-0.28770144889122 -0.430780961811173 -0.00978662562178137 -0.242868693672994
-0.213837319576106 -0.497738007253706 0.0273430274413885 -0.108968021176058
-0.193595823672316 -0.51196685543427 -0.0192677656943734 0.00769978844266041
-0.25766093184117 -0.498225734273961 0.0141542087197959 0.147552753143059
-0.349681450849579 -0.411727175910938 0.0446282852076531 0.225154911287289
-0.475631148773865 -0.240588375385036 0.0889064836390482 0.239808994016332
-0.54314713606738 -0.0890040546846536 0.118952162974325 0.27261638648335
-0.471580849396545 0.0530879555293883 0.0982836909380478 0.233240203738557
-0.453067761736491 0.164137879628909 0.181804913215893 0.202110859354134
-0.393570255869451 0.21838161119907 0.287268776957316 0.231635726062943
-0.311581603671133 0.146985973848355 -0.0887469428681588 -0.335393815216664
-0.393065126830629 0.0769666541344423 -0.0388325144680855 -0.299179992837595
-0.390979168472769 -0.0507768164395929 0.0057261108198975 -0.290450855504499
-0.367938715571031 -0.16709701848025 -0.022708674051513 -0.326439691610656
-0.292908880696008 -0.290812862391685 -0.0440459159762376 -0.320339534857597
-0.191598527974434 -0.390112820322891 -0.0418792856123797 -0.324450958366505
-0.157751466050481 -0.453103477510083 -0.0290405059803939 -0.272167718987407
-0.178830443191242 -0.481649449273596 -0.093062745471931 -0.192683487294882
-0.273783473785762 -0.472463159798935 -0.0926030087570004 -0.0208479057423722
-0.37873916212973 -0.37788082189456 -0.0685767719863744 0.136727936956426
-0.490951814427268 -0.184661271453903 0.0201007859317565 0.221998178100774
-0.534169205180137 -0.00497827637893881 0.133569543733501 0.260315109910136
-0.447422457056963 0.128747825855341 0.181370083504647 0.193341686317298
-0.4155602397661 0.224044055633334 0.29936670159253 0.128766629086883
-0.361287292248215 0.244321129970809 0.432236144443976 0.122231149814699
-0.235052904702157 0.0853410041776113 0.0506395486105433 -0.374782015414989
-0.27566960296432 0.0231675898639985 0.0615486708438332 -0.292992554209386
-0.240989909584704 -0.0701307280538102 0.0775122003725525 -0.241285572871429
-0.199304755912759 -0.141260101139382 0.00785360992048711 -0.267638965188547
-0.14757212383444 -0.212202399190027 -0.034847256055001 -0.288487880097568
-0.0946693360499867 -0.276605190097365 -0.0439614131118647 -0.364271961858223
-0.0918140906896592 -0.339867588727147 -0.0570674525081874 -0.398772236669282
-0.134693986867503 -0.378982601398521 -0.152785522024421 -0.36681271901459
-0.226634013494716 -0.373297474353708 -0.203271836119649 -0.170144904152728
-0.31216350400026 -0.289062878900682 -0.190497723199814 0.0663420269959029
-0.385829642498064 -0.121859866608403 -0.0579234975521727 0.217337079011183
-0.406129503277121 0.0410373531914231 0.122838760777986 0.243834470166268
-0.336400648765152 0.144183874835153 0.239881295471142 0.142809083932332
-0.310475363988326 0.215841842341215 0.387017910100536 0.0473202687329933
-0.275292630043487 0.215988357561403 0.539225404198353 0.0164870521603816
-0.123642536105172 0.0281609431888588 0.144535494316294 -0.382990718656076
-0.133785817200232 0.0061823590387012 0.110942527451259 -0.2679887084994
-0.101422595738309 -0.0416746398307402 0.102949130234732 -0.188590183112609
-0.070318832738151 -0.0707473742570274 0.0119001906081784 -0.21312912814407
-0.0490529469122679 -0.106281042405394 -0.0309626771205415 -0.247730557084768
-0.0311495411125096 -0.139463725693653 -0.037981085990049 -0.371021754754997
-0.036851974382047 -0.185186751624712 -0.0691897715343147 -0.475471937470988
-0.0715756261116468 -0.214717102467256 -0.191814443186161 -0.484487944433939
-0.12513909790435 -0.215148215201708 -0.284113882644904 -0.274127853819058
-0.173640794382993 -0.16906914623428 -0.279770997581588 0.0215532814336542
-0.202518421085628 -0.0691370795436363 -0.115580089281529 0.221336114756706
-0.213862900230478 0.0391255675168259 0.101405496509962 0.233678887922447
-0.182174595175449 0.0968515121647835 0.271480787610901 0.107200055216137
-0.165875955993035 0.143905475300161 0.434328672785298 -0.0101345967015461
-0.152783252928476 0.132015867714257 0.594098038350539 -0.057524568316051
-0.0163510255844016 -0.00397350041437783 -0.544641792024095 0.0914251669338662
-0.0204827716137366 0.00919073113647719 -0.420384153700529 0.0831038235600574
-0.0209821155723135 -0.0219533797134769 -0.278838182875811 -0.0523802946119422
-0.0240317805482322 -0.0111203348655135 -0.0986112338940403 -0.175878736153716
-0.015664250638894 -0.00695095640404667 0.0766350887914796 -0.18980489880068
0.0047294910222968 0.00650596584144003 0.228539064270747 0.0121356464507163
-0.00225204339328748 0.0211548707953633 0.27384776443559 0.303454843890543
0.000851027793638479 0.0214771387825201 0.177491282890751 0.507272730641791
-0.0108673003934106 0.014673066966523 0.111847205876766 0.49957142438521
-0.0156224566272697 0.0200189342336657 0.082799426036869 0.364861946864253
-0.0243887841210315 0.00656534394048717 0.0727844099031376 0.244089642273752
-0.0292674554307482 -0.00812656231371857 0.0276176725827425 0.176938295942171
-0.0157939355818651 -0.0161461524703278 -0.0806109627809268 0.154997838712327
-0.00257639299122375 -0.00718348742336821 -0.121670227947581 0.19662464784588
-0.0127325464079522 -0.018935742364819 -0.148678581996677 0.391152266654859
-0.128582755385914 0.10690692843125 -0.545392709563738 0.0589134207810207
-0.163047056289925 0.120967082764922 -0.419725495772286 0.0477682955277671
-0.190186985511068 0.0645767486205765 -0.289178318662968 -0.0849996291993148
-0.220285748177811 0.0228312065243971 -0.11644551781397 -0.208586892132745
-0.215809389259795 -0.056341614994255 0.0585122914233083 -0.213146412389759
-0.158664806965364 -0.129381073865096 0.206214528273823 -0.00665434062504657
-0.12583646868567 -0.169695056408582 0.257482257677676 0.279458524351597
-0.0747179238880767 -0.173847970542869 0.161909131288233 0.474149194127877
-0.0624512693722109 -0.160419008298173 0.124009907833772 0.485369486783395
-0.0592559752821336 -0.11490625264377 0.0977151653455282 0.369884378507443
-0.0904283753904991 -0.0866994426314393 0.0879029628114502 0.254040121048079
-0.121729604475252 -0.0891857305303553 0.034527908414882 0.198256910914629
-0.119938197998734 -0.0629167010085741 -0.0730832950178446 0.174272949072723
-0.146184609047049 -0.0144382018041132 -0.0950917218811632 0.209305554496391
-0.153390186259416 0.0289945179965856 -0.101460761932436 0.385497065254921
-0.229908337268812 0.185581797269906 -0.494651116265761 -0.0224090213581755
-0.299169948637737 0.191944180925003 -0.382598757581337 -0.0417465334644443
-0.349601182801998 0.109071125308776 -0.271051890402195 -0.152567207844303
-0.396649075980713 0.0175185101048827 -0.129967558147527 -0.259573721434278
-0.3813892891074 -0.13242792255616 0.0202817370366821 -0.246967250416457
-0.280604716812109 -0.26625107559438 0.141135535798154 -0.0590950828290164
-0.211084652680654 -0.339006280039316 0.19600668007127 0.195168897003491
-0.138380526826444 -0.343527420288433 0.12054079278248 0.367621950622177
-0.12695714591654 -0.320833308391913 0.121547918574294 0.419166377928639
-0.137764573111402 -0.252479718762897 0.116689486111304 0.357277711513956
-0.201375772622086 -0.180761211005669 0.111103577996373 0.264988870782473
-0.260518710877161 -0.150180343074124 0.0535559529569226 0.234037550727725
-0.253399890849769 -0.0760195456303922 -0.0460278903776946 0.209785804919673
-0.28889193477243 0.0110774009357203 -0.0369196495997749 0.231076306779736
-0.276703537601252 0.0890828582875786 -0.00361922654991465 0.363135444658594
-0.302168395382218 0.216285085960776 -0.390696795168393 -0.136578907126977
-0.401165929858003 0.199561220245643 -0.296699884329935 -0.154499896180935
-0.460791057664724 0.0904249355848692 -0.208914630763565 -0.233079479059884
-0.503493804645643 -0.0371667120440791 -0.11962453400435 -0.313121312100653
-0.459728724756576 -0.222886150119048 -0.0213185609955239 -0.286596518725491
-0.327406785720489 -0.37827129188505 0.0574221323900895 -0.143553748843271
-0.241091447103595 -0.452488860813667 0.108818339384881 0.0568349148435168
-0.180313697253646 -0.458155603170743 0.0561856346687592 0.202804387360908
-0.199186029598784 -0.438204697456612 0.0904027633713991 0.301382441378051
-0.248366825219729 -0.361353810638305 0.108594985379989 0.305283611822665
-0.352613611769366 -0.241250871192329 0.120481162365822 0.258221934475592
-0.427371417112202 -0.150916146448296 0.086973695763925 0.262203457373249
-0.389011433703907 -0.0324936591737596 0.014301579182425 0.23705399595453
-0.402182085292248 0.0795447220091094 0.0599583804276595 0.235106068328372
-0.36022113952829 0.158659225730011 0.132826004599811 0.311437035353808
-0.331825852684085 0.197823674434271 -0.247123058838198 -0.247011363867751
-0.435711207590493 0.150541831759856 -0.171244828690602 -0.250672796020008
-0.476676229770918 0.0207051546487571 -0.10556135597661 -0.287827878093816
-0.490630450833557 -0.118155524751942 -0.077728719632954 -0.342250261512109
-0.421868609344969 -0.289467775663493 -0.0455120766510749 -0.316159938563589
-0.287841211386466 -0.424802121082318 -0.0114280893770013 -0.241070814999054
-0.214827469211676 -0.491224475207862 0.0263828083639245 -0.108166272581907
-0.195393808993436 -0.504974655290516 -0.0192253305688581 0.0081859932736428
-0.25949330720636 -0.491030694961648 0.0160852556153583 0.146147575825837
-0.347906813416824 -0.403699912220818 0.0454882531987644 0.222283913116855
-0.47202909901589 -0.235371477883664 0.0896465663442412 0.237110823696362
-0.538508285272745 -0.0837490600842623 0.121546879634927 0.269242274362126
-0.465991516129336 0.0554044032139124 0.100187131630574 0.230926152968535
-0.447983884661719 0.165529956739795 0.181028264429968 0.198664973798368
-0.387450645299166 0.220098905731407 0.285978696592068 0.225236020182841
-0.307178980558561 0.148216469481977 -0.0913619277126008 -0.329000568733941
-0.387068648179381 0.0791520273215669 -0.0415567907493441 -0.29483236040776
-0.386583805184345 -0.046189967297176 0.00230796104184719 -0.286611491602434
-0.364562763464624 -0.160688957043665 -0.0257395246370857 -0.321772776012695
-0.291886235238677 -0.285963773145308 -0.045858413899977 -0.316359163481011
-0.192980087117589 -0.384448493940756 -0.0442315703262601 -0.321214385473765
-0.158477231884988 -0.446881746830553 -0.0300076193966296 -0.269747502760913
-0.180987371688303 -0.474807883330253 -0.0932193636830851 -0.188931065232812
-0.274069768683701 -0.465609286576879 -0.0915075616450403 -0.0198025180148943
-0.378861450656975 -0.373163823210477 -0.0662383659683447 0.136502334449684
-0.486960695704035 -0.180063943780327 0.0220828062164846 0.220980734421829
-0.52900491674245 0.000401250461755883 0.135849794870581 0.256612746255689
-0.442227261531219 0.130508331178804 0.181926879155483 0.190466552515861
-0.410033122364706 0.22470169185773 0.297921432975147 0.124697056012754
-0.35481341622831 0.246173115328916 0.428926929727467 0.115261752806072
-0.231987032803103 0.0868473810777154 0.0464753733255294 -0.369350712090289
-0.272830947963791 0.0260072136376275 0.0572325973323198 -0.289207164829768
-0.238944937935195 -0.0669245234774747 0.073044269795276 -0.238251378939427
-0.198363086102739 -0.138538200304503 0.00457362407831346 -0.264143171638469
-0.147158779660668 -0.208834423480754 -0.0362013954218294 -0.284938608643153
-0.0949097755509814 -0.273986992390368 -0.0461713519130808 -0.36025684934088
-0.0931890020689462 -0.335769616785792 -0.058042308423064 -0.395345327678638
-0.136376962677887 -0.373150791152924 -0.154270317383946 -0.361180776099291
-0.227359137880408 -0.367140162645236 -0.201288774703187 -0.166625835382981
-0.312517683742954 -0.283811250040419 -0.187455340572707 0.0679562663761528
-0.38300779778481 -0.117651604690371 -0.055102151967702 0.216549824589445
-0.402378874874717 0.0439073540872175 0.124556816187912 0.239648891058812
-0.332093463613128 0.145490475236793 0.239472802512593 0.139875235711565
-0.305699677729594 0.216279022778061 0.383572800880747 0.0433564157813038
-0.271738555192883 0.214639889076754 0.532026179172678 0.0091150920126549
-0.121799432235265 0.0283466846284411 0.139646244595269 -0.379267877046645
-0.132372741966414 0.00721517573471358 0.105532844929191 -0.265285919501428
-0.100283874419234 -0.04014172513855 0.0990879022192024 -0.186250746951067
-0.069831688975544 -0.069627537530982 0.00960953498729974 -0.210535627010486
-0.0492255063368752 -0.10493062270386 -0.0326056517800282 -0.244865422074787
-0.0309145807603032 -0.137960072168239 -0.0402477431306788 -0.36712680584128
-0.0378041887885707 -0.182120999238702 -0.0700676884339697 -0.47047811381486
-0.0724264130572825 -0.211402071706575 -0.19230595748647 -0.478639750974725
-0.125548127076395 -0.211758573629671 -0.282047660852329 -0.269029616300428
-0.172998405265385 -0.165848510223195 -0.275855752913167 0.0232442678698185
-0.200891619116744 -0.0672190037499738 -0.11185410019127 0.220600984064224
-0.211726428411018 0.0406256135862945 0.103294718193911 0.230732893170798
-0.179638666488124 0.0971928469537541 0.270203269517421 0.103977070182918
-0.162975061199397 0.143611683484243 0.430245046288379 -0.0152833799537579
-0.150453857636464 0.132051070664184 0.587337782394537 -0.0633681341518567
-0.016410900466737 -0.00441306201104689 -0.538164744050666 0.0946556511299824
-0.0200099187563446 0.00953960979847925 -0.417072148309006 0.0854729864653982
-0.0216062271105295 -0.0217837795275093 -0.276925954471197 -0.0496402582635138
-0.0236172361614239 -0.0104721384534771 -0.0999480069732261 -0.172685470356663
-0.0155926383176452 -0.00681732382209623 0.0740426991581628 -0.187725964389381
0.00502126099066774 0.00601267917276617 0.226342587954805 0.0107453763792029
-0.0025201819794544 0.0204826889849598 0.273338710006576 0.297587397785702
0.000851068912061624 0.0207939151628499 0.178755365166886 0.502415040948021
-0.0106133780779408 0.0143366846049377 0.113419013377836 0.49209922641207
-0.0145968190699705 0.019812748440931 0.0831174375776304 0.360215537991652
-0.0239838129028352 0.00711131144600782 0.0734835115057032 0.24004137739186
-0.0294774482453927 -0.00763826278598551 0.0292769392779964 0.17421784974793
-0.0157293795033423 -0.0161539109006134 -0.0772516259708324 0.153771818942057
-0.00239078054562617 -0.00713673069423032 -0.118357119562912 0.194372367864081
-0.0126352951622673 -0.0190014064432652 -0.144703872705674 0.387141735493177
-0.126852636296257 0.106379835450023 -0.538783849980478 0.0630100075244407
-0.160388382935125 0.121236597008387 -0.416260716136789 0.0505039632991054
-0.188733825101022 0.0654647478682769 -0.286992907524618 -0.0816031411410413
-0.217207979834937 0.0238912079850581 -0.117365899261337 -0.205124245985413
-0.213979498299544 -0.0540595464405212 0.0553710538947352 -0.211595157884585
-0.157666465624623 -0.126573520303793 0.203553272013194 -0.00801571402896932
-0.125119365263502 -0.167011170507328 0.255655952111237 0.275244997445604
-0.0749126199381472 -0.171867747226586 0.163384701082614 0.470269249912255
-0.0625219122686512 -0.158987081174116 0.123421251934301 0.478375467324379
-0.0584381001184299 -0.11353249669603 0.0986932592436893 0.366150386303859
-0.0894530896125989 -0.0848841269966359 0.0881530958286938 0.250736651306077
-0.120994504189944 -0.0868777842229043 0.0362578693416723 0.195477033928967
-0.118838232321402 -0.0617069089232971 -0.0702256684437344 0.172951689624475
-0.144493673614109 -0.0136842670902403 -0.0929863526393499 0.207547482687312
-0.151563628010076 0.0296903654686551 -0.0974981117159083 0.381273505775327
-0.226490643661822 0.185289332062432 -0.490297208527125 -0.0176710981785199
-0.295413605495921 0.191944562488825 -0.379051570041953 -0.0385067038545415
-0.345142530683396 0.110667579903324 -0.269986720364545 -0.148603779105316
-0.392189353315995 0.0190373322635308 -0.130740179683336 -0.254838094645581
-0.377748860684999 -0.128545081643042 0.018096080667904 -0.244552300748006
-0.278508245864837 -0.262514796201289 0.139049620727583 -0.0591287743248832
-0.210507387921241 -0.333337278343112 0.194454117373393 0.191472470695326
-0.138182278788959 -0.339066326497571 0.121529553853224 0.363182656791569
-0.126830156850879 -0.316659805139969 0.123689577893281 0.41389918402118
-0.136670281018394 -0.248952766912303 0.11723141175783 0.352624038299843
-0.199767352118323 -0.176914441562501 0.111911026883139 0.262334189513234
-0.258197220337299 -0.146686301138172 0.0546592382204502 0.23073668221687
-0.250442866663614 -0.0732166710862557 -0.0433852940042727 0.208185919087567
-0.285262107631338 0.0125707367047227 -0.0352482890624451 0.228388248332693
-0.273698723118122 0.0901110696898861 -0.00179954311176624 0.358544229790034
-0.298588336761777 0.216473084434849 -0.387212464987067 -0.130926625135967
-0.39641746671926 0.199651696063712 -0.295095914166205 -0.15097882341555
-0.455511745012337 0.0922263977622982 -0.208785719876109 -0.229225592793398
-0.499044812153693 -0.0337707932847548 -0.121182530903733 -0.308802824757464
-0.457015098545473 -0.216730694381243 -0.022829305100056 -0.283933086560287
-0.325379026265004 -0.373762835609349 0.0562751697595828 -0.142312513652838
-0.240169208243273 -0.446350911175935 0.107976313220839 0.0550782260601213
-0.179175927723593 -0.452385337346523 0.0567359910393754 0.201038425268724
-0.198555055560251 -0.432587818877882 0.0912711404646094 0.297028454864018
-0.246696647166256 -0.357138867557101 0.108830442118194 0.302138420123598
-0.347618764510399 -0.235096793743401 0.120612091231089 0.254907662808111
-0.424801152666137 -0.146417111916923 0.0896414449418596 0.258652437902953
-0.3839275057827 -0.0292493230744 0.0158982048881181 0.234464765532806
-0.397551542355064 0.080555664275645 0.060860916866487 0.231737791621464
-0.355328516083716 0.159012804294184 0.133708271493277 0.306009719059565
-0.327269206940608 0.198906824371195 -0.245873326636659 -0.241118348956866
-0.429787059724889 0.151803975196439 -0.171327480325799 -0.246118492056637
-0.470957598914797 0.0250345394234918 -0.107276179112497 -0.2840562318369
-0.48748020301598 -0.111867084258722 -0.0796907467156981 -0.338170674361093
-0.418603398835365 -0.283877531749971 -0.0468275114841363 -0.312557470517676
-0.285239661661437 -0.419848423882821 -0.0123683431025039 -0.237874258068341
-0.215712213736671 -0.483906564551755 0.0261959518382088 -0.107892549789916
-0.196094031356832 -0.497270704321059 -0.0186313259128498 0.00880639242005005
-0.258387506804089 -0.483402151849827 0.016945188059147 0.143909945602105
-0.347629370971805 -0.39904075798116 0.046440439067204 0.220381685576312
-0.467601776333632 -0.229595062757498 0.090396737543701 0.2342940181472
-0.534976150782168 -0.0790825712625109 0.123278710265799 0.265340053275866
-0.460046286233085 0.0579889299504326 0.100673252684579 0.22855380007399
-0.442799609884873 0.167069139346827 0.181071361641767 0.195357162414588
-0.382627920512929 0.218826421041446 0.284010030711131 0.219594876217466
-0.303052644707208 0.149153644125222 -0.0921985955953724 -0.32299559266025
-0.383176143160249 0.0817222503441447 -0.0433426559444141 -0.290374171011143
-0.383073624439513 -0.0430702028057283 -0.000724083892783329 -0.282718537120059
-0.361976610783826 -0.158017675287928 -0.0285487042888751 -0.318599162725338
-0.289873276365487 -0.281565201449915 -0.0470649189603615 -0.31271602879578
-0.191757857303663 -0.380067042326218 -0.0451780815982963 -0.317506442551611
-0.159956016245875 -0.441514124476483 -0.0314792931006584 -0.26731455785494
-0.180993503111552 -0.468504513184834 -0.0932128743214733 -0.186109127695529
-0.273394291311018 -0.458915326905239 -0.0896552740078253 -0.0195745117568288
-0.376321823148882 -0.366506908402566 -0.0647561238351924 0.135967621516695
-0.482277878230404 -0.174907025471161 0.0230565765361074 0.218819009959526
-0.524553094735363 0.0030111836911188 0.137065144505886 0.253038107735199
-0.436307965334461 0.131940636444695 0.181802094949436 0.188627984757117
-0.403782880965948 0.225256896475539 0.29560398932564 0.121238923301972
-0.35142409451767 0.245711796197303 0.424916665689613 0.109741598387605
-0.229387658750115 0.0882764128129059 0.044424358370936 -0.364327053749291
-0.269328173003435 0.0281477279307395 0.0542060150438789 -0.285378220222377
-0.236017902747281 -0.064958633295473 0.0698177164077271 -0.235408387202922
-0.197055029175414 -0.135978962211253 0.00242062337678848 -0.260798433715704
-0.146873788841509 -0.205972253834378 -0.0371822898120638 -0.281494726529643
-0.0952038666304098 -0.270864909430842 -0.0469617062073713 -0.356617898251136
-0.0933457511378022 -0.331342938415671 -0.0594894575715674 -0.391516409109794
-0.138185816095767 -0.369342042530108 -0.153859324421767 -0.356028115445316
-0.227245791043822 -0.36211728286362 -0.199417559619431 -0.163976132168352
-0.309623041217163 -0.281302689402598 -0.184843436192732 0.0688227093049333
-0.379219812186179 -0.115081358580911 -0.0532222176875225 0.215227717552296
-0.398054714478333 0.0467039057037062 0.126089730581859 0.236598012727871
-0.328123736003864 0.145717942042008 0.237953109280828 0.137391815293239
-0.300933322966394 0.215862920024949 0.379750853987594 0.0395689902799854
-0.267954314024355 0.214987877709831 0.529186179059844 0.00467751193482186
-0.120253088153507 0.0292433269005287 0.13662514552626 -0.374331012237909
-0.131149093297738 0.0079593958197791 0.102097069826044 -0.261356132918565
-0.0991825863480699 -0.0393006485014236 0.0956476545669345 -0.184410047000917
-0.0694034889925696 -0.0684118583898848 0.0074598943270259 -0.207918163363182
-0.048817900831266 -0.103484314806654 -0.0335645337310147 -0.242192834372302
-0.0309046618816108 -0.136750804348775 -0.04175980464521 -0.36406237338128
-0.0380284562715824 -0.179941734296194 -0.0716482348156865 -0.464170100882619
-0.0729481877733188 -0.208064196902111 -0.192565956723201 -0.472667916046262
-0.126078930107909 -0.208172486333872 -0.280291805509287 -0.264832752435848
-0.172354567197749 -0.163033523345477 -0.272552716234655 0.0250486048630432
-0.199210896846443 -0.064915743508835 -0.109009710635748 0.219508730216132
-0.209923805353447 0.0418603235022729 0.103912713112392 0.227431393194501
-0.177366122773508 0.0974726971143113 0.268693347638661 0.10104973268303
-0.160623013918429 0.142995942888099 0.425302004179549 -0.0186710616890748
-0.148533140233376 0.131513022627891 0.581057309635727 -0.0680781969118239
-0.0164465378909053 -0.00419294983392437 -0.532055731505871 0.0964613432359773
-0.0195876106817123 0.010015778989847 -0.411575982981767 0.0871138812343801
-0.0217282317634614 -0.0210615024503264 -0.275365797608452 -0.0471882720868372
-0.0233712360513757 -0.0101583623864439 -0.100049651987994 -0.170573507230745
-0.0152364395756018 -0.00644164929035014 0.0722857663739723 -0.185074005394372
0.00498562025997518 0.00627836652569819 0.223324315366486 0.0101665365195951
-0.00177776233257349 0.0207540117753475 0.269858249762601 0.294746818458069
0.00130538278358992 0.0204336231693771 0.176811646943219 0.497165595189526
-0.0102891451175724 0.0143621505739202 0.11360892225093 0.488390402243404
-0.0136790775370872 0.0190952413244631 0.0833728553705416 0.356161906298217
-0.0238505222756142 0.0074418133869393 0.0742455452444263 0.237410004708218
-0.0291749877277429 -0.00779933403756685 0.0301142254128558 0.171768730127318
-0.0160102259306962 -0.0157665434016924 -0.0754115180110407 0.152660465971702
-0.00243799746731368 -0.00692928330060954 -0.115414400496339 0.19177800161945
-0.0127732044319546 -0.0183149255882371 -0.140678506579759 0.382007328392317
-0.125137747079122 0.105584011255653 -0.533898732476761 0.0668307087222434
-0.158217276493168 0.120736706094605 -0.411048046826184 0.0525960137202882
-0.186043311949689 0.065639616375681 -0.285591232262538 -0.0796578421800219
-0.215109126085549 0.0249942952317414 -0.117360312610962 -0.202298704909009
-0.212080840279617 -0.0531014076195318 0.0537867479328491 -0.208491959468541
-0.1564999163258 -0.125433627409854 0.200420637467237 -0.00794243673772169
-0.124459077057315 -0.164899625061351 0.25350752579323 0.271100924683473
-0.0741170485372605 -0.17009104007944 0.163072641299962 0.464415134830782
-0.0621128406107214 -0.156818592839526 0.124824140656428 0.472618145013851
-0.0575699445321183 -0.112446765005197 0.098911344604951 0.361898751708374
-0.0879295628095352 -0.0832384449409011 0.0883035351558823 0.247655438113684
-0.12015224598648 -0.0854554135215808 0.0375701627406093 0.192963370511836
-0.117690329591506 -0.0607942157699317 -0.0676149676862181 0.171278514553095
-0.142816970009549 -0.0129143521417055 -0.0901758564794883 0.203896792109761
-0.150422390451909 0.0301523016756423 -0.0948754466375801 0.376769556272042
-0.223808017341484 0.183938216705774 -0.483739496746438 -0.012957325430169
-0.291366377844963 0.191443271517105 -0.376448273385751 -0.0344729091583209
-0.341918415279549 0.11036226293556 -0.267974953236512 -0.145866215806662
-0.388010322749442 0.0201328888439151 -0.13135506480594 -0.251884017702968
-0.373714323489335 -0.126181160846785 0.0168831448594546 -0.241767037940349
-0.276414556124653 -0.259412242470677 0.137417453252259 -0.0593200488964353
-0.209155335765141 -0.330646341171762 0.192845421925269 0.188632492282251
-0.137224960914758 -0.334845262413091 0.121190747983695 0.360034566177975
-0.12660097635477 -0.312920052566064 0.123574596555651 0.408251439286009
-0.135604407579763 -0.245811930954672 0.117146144443356 0.349127729188356
-0.197451735894295 -0.174271905654333 0.111264191204995 0.258665705033128
-0.256689844665255 -0.143437520802996 0.0564832540037804 0.228087723884939
-0.24804018732617 -0.072163308821172 -0.0409291703760664 0.206128264599292
-0.282299685809738 0.0140143823532141 -0.0336571234097741 0.225224814798901
-0.270246463991722 0.0900382410353328 0.000309603261944615 0.352680925468491
-0.294526878907664 0.214532441506762 -0.383163995295277 -0.126157434644679
-0.391590990593244 0.199869836760712 -0.293123789220085 -0.146523260373153
-0.451421440342421 0.0929653830676708 -0.208629559213207 -0.225108948836045
-0.493154941677109 -0.0320623511773347 -0.121675335938896 -0.304293427786676
-0.452764043089339 -0.21466517676441 -0.0243368481488721 -0.279994045727944
-0.322440773209591 -0.367760895069668 0.0553947540527716 -0.140853289848319
-0.239051370721755 -0.442146486972467 0.10680883746045 0.0541908637234406
-0.179239919050172 -0.446025879672312 0.0568466910188576 0.199644056343582
-0.197687164883381 -0.426270108660497 0.0917301881223735 0.293882560796948
-0.244935803162778 -0.353178395226169 0.109562224236817 0.299413153331294
-0.345524533227275 -0.232461504027816 0.120599402963196 0.25242158590369
-0.420632309270283 -0.142677303603992 0.0903554971413369 0.255210445199973
-0.381128875730716 -0.028065398433754 0.0178155685334306 0.232701711575419
-0.392526275837795 0.0818579179374993 0.0611783525614849 0.228432715281163
-0.351612529392241 0.159578751112711 0.133960830473435 0.301067372922141
-0.323066189603551 0.198416212047713 -0.244415163986103 -0.235904535419617
-0.425922253547099 0.15373304221928 -0.171142819836585 -0.24131679826195
-0.46574622200513 0.0256746627940502 -0.107709810940132 -0.279656826913867
-0.481797057013179 -0.110318691628738 -0.0807396502380205 -0.332406107660333
-0.414489622452831 -0.280131751524833 -0.0471984283546317 -0.308997183236397
-0.283973784286463 -0.415029939298048 -0.0123191750186883 -0.235438158629373
-0.213619123899065 -0.477967332313185 0.0249846681548682 -0.107100180940264
-0.195517239857358 -0.491363408744454 -0.0185941547350022 0.00941604852376248
-0.258360542305372 -0.477317152327178 0.0184304707750991 0.142017333593862
-0.345129129605673 -0.394375122254746 0.0474703376819695 0.218960285336032
-0.463889812015416 -0.223951178518981 0.0903516468501234 0.232497851758082
-0.529368850265841 -0.0758164613045102 0.124665805520249 0.261559058640905
-0.455749934022973 0.0584329502051998 0.101282677604806 0.22646824938835
-0.437432640661152 0.167685891122173 0.179503426292226 0.191834483717975
-0.379190973990506 0.219786335692027 0.28235412367829 0.214952499124405
-0.299304795442449 0.149191801201732 -0.0927012249226982 -0.317560666591921
-0.378111558287509 0.0833581484675564 -0.0441955765979373 -0.286126843708175
-0.378175649501803 -0.0404716256648083 -0.00244469807337297 -0.279080537432035
-0.358753381352126 -0.154038166360889 -0.0297773945307735 -0.314060019845712
-0.286804036471347 -0.277277795338757 -0.0475393935143737 -0.30910024872787
-0.190436814873088 -0.376202628550929 -0.0451779882824839 -0.314660148498685
-0.158643224895445 -0.436645448760707 -0.0313444684447909 -0.264975875003967
-0.181214258453181 -0.46380713872767 -0.0921953013300199 -0.183882266361969
-0.273163650266429 -0.453541827160601 -0.0876108784147229 -0.0189945215465167
-0.372967435489983 -0.36044478754279 -0.0627106776794938 0.135521053896946
-0.477183412947755 -0.170625781673071 0.0239024468341127 0.217385886723954
-0.519557704441144 0.00524307571112151 0.137855824935128 0.250072008343095
-0.431856922914517 0.132987348162147 0.181987760757202 0.186137408882835
-0.398669820323424 0.224487368477592 0.293238715324806 0.11859915141029
-0.346726710464159 0.24357766400663 0.419725418571596 0.104893581013346
-0.226674110055127 0.0876931284929953 0.0427123404912326 -0.359204757372877
-0.266841088201644 0.0288102191877563 0.0515174313926124 -0.281347850952366
-0.233725618555535 -0.0630433558184115 0.0674036502166774 -0.232611523609344
-0.194906248066699 -0.132894864258821 0.00122473313983363 -0.257101874752055
-0.145189258313238 -0.20278940922174 -0.0378330683223761 -0.27815029083766
-0.0938854688151863 -0.26807559809969 -0.0477092493030753 -0.353526719726487
-0.0931536615867663 -0.326415860709651 -0.0603973169225913 -0.388148536660971
-0.137359192791049 -0.363671575621945 -0.153551328595911 -0.351013258062497
-0.226289813111447 -0.356400246743295 -0.196973654387097 -0.161430839935749
-0.308139701166321 -0.275845696032253 -0.181658989660849 0.0689025201784813
-0.376213445406809 -0.111501559748421 -0.0513021225101205 0.214702622797777
-0.393854641482882 0.0482327083731811 0.1270562213291 0.233246100401759
-0.324116495864308 0.145830613439773 0.237151901344361 0.135913279153864
-0.297091438875024 0.214851102853449 0.37638215329122 0.0371175184415491
-0.263878938397343 0.213578868417831 0.521665631497081 0.000485514175729443
-0.118984056057365 0.0292901065602026 0.134357475610647 -0.368460693205418
-0.129833590521702 0.00849638515706079 0.0992779589169562 -0.257975482001083
-0.0975933613455012 -0.0387884617335365 0.0928943462027182 -0.18195368732181
-0.068782598542358 -0.0674206778803346 0.00639939037497223 -0.204959260243401
-0.0487396865882105 -0.102314874163429 -0.0337246129587923 -0.240060247185556
-0.0305490192676164 -0.135248891188232 -0.0415361773300273 -0.360927697446569
-0.0377947945390378 -0.17746898880829 -0.0719497617216293 -0.459761447330383
-0.0736544755021923 -0.205360492468918 -0.191368522281502 -0.465916177199083
-0.125139423609455 -0.205283496682277 -0.277756096055903 -0.261498435747674
-0.17124819090252 -0.160800712799988 -0.268418915472195 0.0260263456610541
-0.19764888053087 -0.0632034420420134 -0.105830694551338 0.21863049376183
-0.207563990238007 0.0428142101174294 0.105220192802915 0.224703587078952
-0.175428360707641 0.0970225231502726 0.266810667021647 0.099310256324346
-0.158471752080868 0.14258764141991 0.421853837225504 -0.0206078116802877
-0.146549220413976 0.130438143802264 0.574119629255057 -0.0716460478187047
-0.0122335651606494 -0.000332510080422219 -0.533561003399887 0.0678927781982813
-0.0164549690207584 0.0117714216009406 -0.411246071700616 0.064465659052238
-0.02001165089224 -0.0188982202596468 -0.268751309678304 -0.0596448866984046
-0.0236128198586004 -0.00959515117265597 -0.0922869388673181 -0.172365886927558
-0.0173406068764289 -0.00675887580540228 0.0771013318297941 -0.177718304958924
0.00417124001345789 0.00467126028777509 0.217103843872514 0.0197781968453577
-0.000724822882537949 0.023114832432502 0.253792198998888 0.301888219643567
0.000279268472032945 0.0215933936002716 0.158868578134731 0.495704271667629
-0.00962352746616581 0.0174686056418818 0.0949584946599834 0.486724047318182
-0.0130336935211258 0.021089412549252 0.0706582534141861 0.354457668881417
-0.022930405147753 0.00768655247689124 0.063797102424436 0.235108074500563
-0.027251304498331 -0.00570702814140811 0.0228896446827896 0.169324282303642
-0.0166959135376942 -0.014284270463836 -0.0798842691347121 0.144339126635913
-0.00439632627643612 -0.00460708169383038 -0.122357710060763 0.181536733614599
-0.0110285101464394 -0.0140644429539892 -0.159261315955709 0.363131451237804
-0.129959354032786 0.102258560065754 -0.530018707725273 0.0427589154253958
-0.161721968697685 0.1135361773874 -0.404862512446698 0.0355755133204024
-0.190247834282719 0.0568202038536275 -0.272957166878424 -0.0839686354631436
-0.213369506882561 0.0134304405108683 -0.112124372619732 -0.196450277010755
-0.207922970169479 -0.0644941924647578 0.053297414801957 -0.194918421514364
-0.14845087733826 -0.13412948297734 0.191032749667097 0.00283714571695581
-0.112703168215586 -0.167552980680339 0.232709068245624 0.276011041451782
-0.064486237124805 -0.17376152165503 0.144008712986088 0.462927954695565
-0.0550391306549844 -0.156460773895688 0.109577040961931 0.471622028533023
-0.051335887592764 -0.113172704244814 0.0869843642357019 0.358550086030254
-0.083484712020335 -0.0861090422561796 0.0796765021011529 0.242473435878003
-0.113274366619504 -0.0856106747820381 0.027172494152588 0.184351138109497
-0.115539101162398 -0.0633079663561583 -0.0742109714427021 0.159881703019698
-0.143552303323945 -0.0154276860714967 -0.0986969644500397 0.191726043089827
-0.148796849147875 0.0300369480041759 -0.116286292122729 0.356820895365919
-0.236086585019276 0.174603726792073 -0.476633902336996 -0.0287905745822485
-0.299649861177366 0.174998845196013 -0.36286051459341 -0.0446041094316397
-0.34918581916869 0.0919114400614951 -0.251620119606776 -0.141033102213396
-0.383328612223099 0.000138885082402097 -0.127606488533273 -0.239818491844971
-0.362860046046483 -0.146087342259282 0.0107010997200028 -0.22523654976756
-0.26020722626606 -0.273351983358916 0.125903521562022 -0.0494631684083116
-0.186976344785543 -0.336349533819678 0.171609169976551 0.190540326042333
-0.118259316937361 -0.344171232755642 0.105854200684252 0.355056865796908
-0.111251485979281 -0.315007268797689 0.112087870849907 0.404771207156851
-0.123682082786493 -0.250394607695734 0.107313587987808 0.343440211714066
-0.189751726075017 -0.182382528238465 0.102841024140602 0.250562211009655
-0.244764874366265 -0.147873601822895 0.0409959724325794 0.21277994045447
-0.244205167387932 -0.0802949243179441 -0.0518729728449192 0.191504844256133
-0.283455268019559 0.00595883673379933 -0.0455593256276345 0.211306644803928
-0.269331956209466 0.0856839869859355 -0.0246775000975985 0.337119079876244
-0.311619781878387 0.199430734740475 -0.368260957599956 -0.130510912143024
-0.401743839782063 0.177440202398421 -0.274258416230139 -0.14753324865885
-0.457517112532467 0.0659929032387113 -0.189290185018441 -0.210961473419988
-0.483573120810421 -0.0575877877290346 -0.120024435980389 -0.289174428011985
-0.434503990790306 -0.235871104018976 -0.0320722195168418 -0.263291900370687
-0.299856518435325 -0.383377843139289 0.0463033034298545 -0.133535027257576
-0.21113618887848 -0.448920848242397 0.0899069922447289 0.0533430630389761
-0.154381957792108 -0.459181493484152 0.0471620482567338 0.193515682139788
-0.178296659594805 -0.434187520445396 0.0855687147099879 0.289284192712792
-0.231310036181217 -0.361207984771061 0.101744645377771 0.291520574004494
-0.33532473416435 -0.246956231140525 0.111991545356878 0.238920945943968
-0.404648635220398 -0.154154616343898 0.0678123769261226 0.23641111340234
-0.378197637524159 -0.0417238882050176 0.0007483936743149 0.217159128263964
-0.393893809588559 0.068976463067969 0.0447701986211159 0.216453021476671
-0.350404474834621 0.151361166979071 0.10563246882425 0.291671201813015
-0.340909676279576 0.179964143689287 -0.224799657029391 -0.230335307513461
-0.435211776335838 0.127943730300872 -0.150519560296643 -0.2329983362087
-0.469940913050509 -0.00331076135204231 -0.0912362354540401 -0.258277918824166
-0.468172040138413 -0.132095867855182 -0.0814263724106788 -0.318356584288288
-0.394379142512642 -0.298334796878331 -0.0551929148450639 -0.296270118025075
-0.259109683437434 -0.42540208738355 -0.016456263680581 -0.230951607535033
-0.184493261121827 -0.485704821938202 0.0161765172279551 -0.110300193257843
-0.168765091365074 -0.505924709316281 -0.0206543829641106 0.00273290690293619
-0.237078873817725 -0.489979949961704 0.018718165140156 0.136376285979987
-0.329259159929187 -0.406732820754971 0.0434749794573299 0.208043024090271
-0.453829757721394 -0.245029909588971 0.0809203262814105 0.214866184804482
-0.515637715406174 -0.0923582941730002 0.0938897088349001 0.24282028660156
-0.455704615556538 0.0406841041372227 0.0791228192657084 0.215019939254072
-0.439132707199352 0.153173860811874 0.160356253413949 0.18550454448286
-0.378748518894545 0.208100300436747 0.254721017968179 0.21542580974759
-0.315328689553534 0.13142348974947 -0.071769206434359 -0.303673629827641
-0.383932803840885 0.0607940940003614 -0.0265625519254127 -0.271109019918317
-0.377714406451708 -0.06548856647461 0.00896801917061649 -0.255696186501852
-0.344226774670466 -0.17077394453309 -0.0299257756939205 -0.301564217938706
-0.268640346316034 -0.288120315729075 -0.0518273806663792 -0.30169541826619
-0.169115781551103 -0.38267377438317 -0.0417740005736823 -0.310687512478335
-0.133037343607711 -0.442589951018137 -0.0313052710253366 -0.267673659042863
-0.157181777770244 -0.476970039750573 -0.0864164858558632 -0.189697197479978
-0.254744109176066 -0.466515462661198 -0.0808513608933799 -0.0270364336990628
-0.360209677288566 -0.376438663903239 -0.0636851022302529 0.121881096058173
-0.474463328894134 -0.192209792432141 0.0146703940243805 0.19815531250506
-0.509007224675787 -0.0124677682534102 0.105808527668438 0.235494921750235
-0.434076284084462 0.115636766849447 0.157560362998042 0.181106528810819
-0.402412956625504 0.210418504684653 0.274072251228549 0.120492868196865
-0.345867304955951 0.232520410063279 0.39528146682453 0.118577586543993
-0.238618852076113 0.0738700311512556 0.0630691239706726 -0.340374280521043
-0.270111923232257 0.0127817410897387 0.0662839637590605 -0.265395250995444
-0.231722013788054 -0.0786988266436448 0.0743763607685118 -0.212500112466724
-0.184832987929956 -0.140634044032135 0.00275072041681465 -0.250327367992553
-0.132687643411501 -0.20581499612249 -0.036491618483694 -0.27413063505271
-0.0807476994895954 -0.269487874622731 -0.0379139334352321 -0.349556186155356
-0.0740268067029174 -0.331837891417505 -0.0502598670913075 -0.387854994965909
-0.119027206621897 -0.374460745925977 -0.140144765600444 -0.355930584216757
-0.213728181747104 -0.368754783261962 -0.18479152950837 -0.171487078792749
-0.300139434320267 -0.287904641876398 -0.179838805185153 0.0545757818040534
-0.373769320403288 -0.127589059200497 -0.0590788301926264 0.196532339457514
-0.38741655514525 0.0349933286404127 0.0990522559956347 0.22411754491748
-0.326560644972754 0.132063559100893 0.215537611818973 0.13779858901098
-0.298575946856895 0.204623316554174 0.360762505300825 0.0472329868140216
-0.263587734413624 0.202611280819152 0.501649919583145 0.0237845214141629
-0.127107820937531 0.0218717666436037 0.153484816743639 -0.350382344695323
-0.132394466098624 0.000945517274770108 0.110406197815174 -0.243654822511041
-0.0973489696482739 -0.0456674546266009 0.098247396066282 -0.16767747349711
-0.0653774734753678 -0.0693489704521772 0.0113127065280082 -0.20089126086258
-0.0438457627394358 -0.101296934890449 -0.027770274965355 -0.237232659821725
-0.0250327272353482 -0.135503598114225 -0.0277570202305012 -0.354892572301772
-0.027128370390935 -0.181975232776868 -0.0562456167001809 -0.459613382406817
-0.0621571169641413 -0.212058317090067 -0.173633304028029 -0.469233414364427
-0.119885166377394 -0.213163802525771 -0.26193479354334 -0.271119448288083
-0.167567021133083 -0.166949353703165 -0.26428441411478 0.0128282873080046
-0.196295714705539 -0.0709136810148523 -0.112794348532255 0.20462082445967
-0.203380619385546 0.0363686893415909 0.0848753802167846 0.220742374111771
-0.175565979341812 0.0907768224270217 0.251690684728039 0.106743772040353
-0.156744850160622 0.136003038608064 0.410513743529192 -0.00316626160441568
-0.144744950771737 0.121912260913557 0.560510709208573 -0.0394871906828353
-0.0123290594154229 -0.00031253077493478 -0.527800374237976 0.0679222910576354
-0.0159908089891639 0.0119763441260835 -0.407849081011067 0.0649818588213917
-0.0201633666954328 -0.0189264323976864 -0.267479245697153 -0.0586789343949634
-0.0231301872766585 -0.0098296164996746 -0.0920300971535128 -0.170204169203341
-0.017270577960869 -0.00679189041804168 0.0762468134451997 -0.175848513676563
0.0041746716503862 0.00471553320692876 0.21480350479975 0.0199448392108593
-0.000558472085077925 0.0228234849847746 0.251404863554997 0.299345542252666
0.000657534403051344 0.0209486764637086 0.157062748896623 0.492427874164122
-0.00982704332827433 0.0172085197915152 0.0935341466012374 0.482920378634211
-0.0125424858076185 0.0206289784904606 0.0699680406601832 0.35122947248814
-0.0228550624466704 0.00775931756287751 0.0636582564743219 0.232914950961829
-0.0271248103179829 -0.00542002457017114 0.0226849071808202 0.166705994310492
-0.0168053225712294 -0.0141729335488149 -0.0780682178854298 0.142959305650642
-0.00452729457787393 -0.00469055946014995 -0.12074733864478 0.179491018685775
-0.0115076368607742 -0.0135559720060832 -0.15638211346408 0.358972200270884
-0.12875220352976 0.101568307402035 -0.524946925445148 0.0440103619375802
-0.16055871814251 0.11300489152715 -0.402070190357256 0.0356675738548445
-0.188555164344397 0.0567841818390755 -0.271860843919223 -0.08292012901512
-0.211392603220399 0.0132799028981222 -0.111779020322609 -0.193944959161473
-0.206382911680055 -0.0637468003980507 0.0522366532158429 -0.192779654302752
-0.146518820364545 -0.133679139902986 0.1883027812776 0.00271828696384527
-0.111419814194617 -0.166350977431894 0.229937761121281 0.273667999033923
-0.0637574159399832 -0.172679561195541 0.142530708604099 0.459269694967001
-0.0538927929986224 -0.154176941714465 0.107932837343395 0.466250861927764
-0.05029913617401 -0.112344700400367 0.0858877336857233 0.35577331740039
-0.0823811706653848 -0.0847371163848156 0.0791638978221399 0.240281059915949
-0.112169783047781 -0.0844350572201327 0.0280894964877745 0.182849111092871
-0.114804605712994 -0.0628110845163525 -0.072264324809715 0.158220982701467
-0.141923763062635 -0.0154121544897907 -0.0967767399086358 0.188964770387869
-0.147702561975876 0.030008440952555 -0.115149140681843 0.352125410347194
-0.234378073466161 0.173061381580453 -0.470074661900678 -0.0268792735575263
-0.297550419575275 0.174721681766622 -0.359810086927953 -0.0437039085376065
-0.346511614329592 0.089780817331216 -0.249947564177152 -0.139316058158465
-0.379400113251482 -0.000760576738348578 -0.127434791713587 -0.237275673030491
-0.359542838291932 -0.145007045242259 0.0109148796020663 -0.222348324095654
-0.257405076144607 -0.270961031302665 0.124620698038337 -0.0486707671613216
-0.1848765025005 -0.333230247470494 0.169423695778542 0.189138852684228
-0.118044131983326 -0.341297178331797 0.104490791932199 0.352144278835463
-0.111063481134924 -0.312257145921035 0.110409533550256 0.40183021311758
-0.12208203611131 -0.248696265645118 0.106046540748505 0.341438723867663
-0.187191181986034 -0.179736830282455 0.10174176611922 0.248606227923661
-0.242236995184555 -0.146503443866716 0.0415598993502922 0.210953514542294
-0.24194280549004 -0.0802024977766347 -0.0506707913430026 0.189951311967916
-0.279850370081932 0.00532157288547974 -0.045254262247299 0.208839024747573
-0.26748874193926 0.0849401881907944 -0.0238098106732848 0.332880116779534
-0.308905114481642 0.199007744177161 -0.365036053658792 -0.126938673678613
-0.398868083784348 0.176699505612122 -0.272082027951292 -0.145306925589499
-0.454221284255844 0.0657887626845658 -0.188589453941629 -0.208517710202511
-0.479306572009258 -0.0571780918767776 -0.120585621816122 -0.285753506298448
-0.430762863759987 -0.234622683876485 -0.0326116142691768 -0.260944810491639
-0.297254129422255 -0.380393698784456 0.0457620173364533 -0.132735842199585
-0.20901057637882 -0.446240858997664 0.0888019416101757 0.0524712669546453
-0.152845224413305 -0.45606336373037 0.0468045702602272 0.192561190335148
-0.177108780242196 -0.429846096625562 0.085616750536389 0.286864944640282
-0.228605143137668 -0.35921272067215 0.10111012988479 0.289124806609427
-0.332784620877443 -0.244222207847395 0.110833346864715 0.237161757756309
-0.402625593018901 -0.152079888637149 0.0683553295551988 0.234570542105089
-0.374970529074467 -0.0420409442162108 0.00217349032521559 0.215705062855647
-0.3906075341876 0.0690172044067584 0.0445569007803319 0.213826380859101
-0.348594221233284 0.149621785649297 0.104837568169834 0.287744508484629
-0.338350663350732 0.178450544006929 -0.223880171427299 -0.226296499320249
-0.429515793686778 0.127303969018334 -0.149649508613391 -0.229721650164186
-0.465483981959224 -0.00351436711759147 -0.0914528632282832 -0.255064332009918
-0.463378642560256 -0.132183696569219 -0.08097275815525 -0.31421876175689
-0.390055773497944 -0.295916945603483 -0.0551563512078789 -0.293565819706475
-0.256971645609925 -0.423189200116769 -0.015616920115468 -0.228682532088534
-0.183087869083961 -0.48215091352857 0.0160720022737289 -0.10972013808797
-0.166424942145459 -0.502208525549214 -0.0200793463706422 0.00328790385854822
-0.234520028171915 -0.483839095711723 0.0195031855083336 0.13500593950691
-0.326098335646984 -0.404149411182687 0.0434698944019901 0.206918613329355
-0.450482553722099 -0.243557082626881 0.0804007600916976 0.213896456117183
-0.511892490084407 -0.091300847835993 0.0946149655488279 0.240555798021002
-0.451398768413737 0.0403721863868223 0.0792060576374813 0.213880489258889
-0.435798113644774 0.151714009116625 0.158708239288482 0.183700606799543
-0.375861223885994 0.206368484779786 0.252463961350797 0.212245402888547
-0.313026897257551 0.130980906591475 -0.0709507702594657 -0.299468200943479
-0.380742511369719 0.0606872278150811 -0.0270468728487477 -0.267248136968715
-0.374374734405047 -0.0646513261324684 0.00815254011830247 -0.252334689881656
-0.340663677683052 -0.169304520734417 -0.0302855806923916 -0.298317915399878
-0.26578623815935 -0.28557343987389 -0.0515145568319006 -0.298734422380228
-0.166170460394304 -0.379561401864746 -0.0406282243134925 -0.30868328667029
-0.130257940694014 -0.438912535685975 -0.0301657241464021 -0.265918863232581
-0.154021918285047 -0.473264116783983 -0.0858164814033386 -0.187114928687231
-0.251983444903939 -0.462776317050133 -0.0793236923894945 -0.0266740450750001
-0.357999647628879 -0.374330482978022 -0.0624020041248077 0.121641035344892
-0.46888152921452 -0.189980754397396 0.0150571747721677 0.19736087943748
-0.505249401964203 -0.0114581518450547 0.105990898275793 0.232823126614907
-0.430311093342574 0.114647717674731 0.157390989738991 0.180680833792474
-0.399419543866991 0.209778716305178 0.272025170631282 0.118446286446444
-0.344353941594053 0.231568542544879 0.391944569132878 0.11511152830359
-0.236531350707015 0.0738463454143466 0.0621049768499473 -0.336033704941943
-0.267417493956502 0.0133068584742553 0.0650343169070972 -0.261310545369369
-0.228765785571681 -0.0779348885481883 0.072296835762149 -0.209987680365234
-0.182882255203293 -0.139568901075458 0.00202104433826232 -0.247366602033123
-0.130760909363929 -0.204430870612821 -0.036349419523244 -0.271761323661426
-0.0785821697864259 -0.267278608400216 -0.0373689505473006 -0.347170594213493
-0.0724587449839405 -0.328878581409289 -0.0496126294713764 -0.385024954640782
-0.116585190607728 -0.37061275413369 -0.138039607881678 -0.352559469977972
-0.211064192914734 -0.366776323076232 -0.181997950606347 -0.169599702787084
-0.297388396674285 -0.28603410912175 -0.176676849826173 0.054359302615781
-0.371024501911803 -0.125967810016869 -0.0582636895241188 0.195359597537167
-0.384044048833038 0.0350610199393951 0.0991450123592735 0.221940975230383
-0.322882567005761 0.13215472099225 0.215306482594131 0.137162184107083
-0.296239901438026 0.202400367152494 0.35769716470521 0.046726662716858
-0.262137541483176 0.201370310701219 0.497706205580502 0.0224594871664207
-0.126066235579825 0.0219059046292157 0.152994963504652 -0.346061189682463
-0.130958046387962 0.00103924327658354 0.108695316307623 -0.239965742813102
-0.0961735697767941 -0.0451948269550202 0.0961530312313211 -0.165609507077975
-0.0644894003250781 -0.0686052594826322 0.0103886826071839 -0.198787810849813
-0.0428414097652264 -0.10021394590203 -0.0278253557102375 -0.234957355612072
-0.0246311110062885 -0.134757189546459 -0.027771996348873 -0.352451147802905
-0.0268013756829776 -0.180661187688428 -0.0549388200690679 -0.455526375990086
-0.0618270948124505 -0.209677582994152 -0.170948379962917 -0.464105604942933
-0.118689481226202 -0.210922341627588 -0.258095974255313 -0.269072012041649
-0.166779784938033 -0.166116100100928 -0.260637549680491 0.0130111054118046
-0.195125106468463 -0.0707694612355722 -0.111236014697778 0.203702844362342
-0.201695052790158 0.0372026870809148 0.085207674453227 0.21851722177749
-0.173712177342766 0.0905628987465001 0.249713193400163 0.10577992099886
-0.155446030420254 0.135072276684437 0.407280294288445 -0.00407931358495853
-0.143352806853874 0.121410162609298 0.555975205778259 -0.042102493634234
-0.0123352751650868 -0.00072464777023303 -0.524736776409558 0.0663208853245036
-0.0153326090742306 0.0123311712555978 -0.40477284215665 0.0650263269549881
-0.0200326529747562 -0.0186918301180036 -0.26577879984681 -0.0578657138245134
-0.0229481927248498 -0.00943725577311171 -0.0917764671731345 -0.168598270643701
-0.0169827485214837 -0.00610224727969515 0.0758223100762436 -0.173372150867861
0.00393779885003345 0.00481145808612322 0.213280519563391 0.0206298680169688
-0.00073047404141549 0.0229122568743525 0.248278607918195 0.296647818102546
0.00055091649142666 0.0211219945110544 0.153830508165584 0.489554642397152
-0.00959462977291548 0.016957414506799 0.0912527500389942 0.478876501384456
-0.0118660203397403 0.0203540576370166 0.0675584982090035 0.347919789819139
-0.022594592522999 0.00766609498639518 0.0623030128180862 0.23076288256109
-0.0270229700546327 -0.00529870075888811 0.0230767832213749 0.165448384730135
-0.0164967164129602 -0.0145546320878733 -0.0766748179303911 0.141119602108473
-0.00402694386091121 -0.004918074270515 -0.118926982733124 0.176564158049984
-0.0113532719502662 -0.0131717728203584 -0.15597697083398 0.354328920208007
-0.128376399762843 0.100221162555469 -0.520817652947858 0.0449013476085788
-0.158924099344284 0.112175367120931 -0.399162389563296 0.0354546626658974
-0.187829885629708 0.0554316148082923 -0.269956138496007 -0.0820199761308096
-0.209585648541288 0.0129927768099341 -0.111289396612515 -0.19277947944228
-0.204084058715326 -0.0638513318302611 0.0522125968635387 -0.190772441686085
-0.14541354000155 -0.13320338541767 0.187164175278615 0.00375154914638243
-0.109266697332344 -0.164995740923016 0.227413689680054 0.271776411448045
-0.0623706646517044 -0.171695442121293 0.140300698573665 0.456215099106523
-0.0525051436328162 -0.153563720188312 0.105939749911967 0.462989101443977
-0.0489391491280953 -0.111549654530231 0.0840210764590683 0.353308995002324
-0.0810607671444507 -0.0837459598088582 0.077795301891126 0.238469348352224
-0.111045667787986 -0.0837444545315624 0.0279262191287281 0.181134319046072
-0.11349454812509 -0.0627068508803822 -0.071301569360467 0.157126434106871
-0.140703969274351 -0.0156889705327959 -0.0963607939126305 0.186759048160369
-0.146862372592553 0.0293600616331635 -0.114647274599924 0.347969122932209
-0.233458033827701 0.171475905657947 -0.466927751283357 -0.0253826097677086
-0.295241695913128 0.173010591488507 -0.357441185869829 -0.0429514513071115
-0.344249658872308 0.0889990667431899 -0.248404640165832 -0.138342767287328
-0.377035899031919 -0.00219280645761162 -0.126741784605766 -0.235926661908677
-0.35652773464686 -0.143754146007732 0.0106450259804541 -0.219950151056583
-0.255144560527653 -0.271217896991147 0.123430150391826 -0.0484499007445142
-0.182187840201302 -0.33067686012296 0.167620082974501 0.187353497133837
-0.115767263341266 -0.338207463137731 0.102636836132719 0.350348090973243
-0.10890731452409 -0.309972427777158 0.109083275558705 0.399140617421962
-0.119657502107777 -0.246791402618036 0.104802571510739 0.339661158542101
-0.184593597098848 -0.178954628193991 0.100691805808919 0.246595897083811
-0.239912942310948 -0.145531897589032 0.0414539782698341 0.209002509803895
-0.239827266986798 -0.0798149639759616 -0.0493237552117687 0.188571849578008
-0.277955899464938 0.00569103830387335 -0.0447896896302075 0.206115195993217
-0.265827855714504 0.0840177356565563 -0.0240992646847616 0.329025756961827
-0.30778380645414 0.195815016694372 -0.361637637929741 -0.125218015567194
-0.395726976282897 0.174056717288187 -0.270781138318155 -0.143885328607819
-0.450380320732951 0.0643155414924944 -0.186767369978309 -0.206716130016044
-0.4767922846279 -0.0582852473895738 -0.119491222173597 -0.283603202172528
-0.426005095699329 -0.234332639335477 -0.0312920152712957 -0.258588720411698
-0.293034287037119 -0.379156932610309 0.0456140393114376 -0.131512868747943
-0.20556526858465 -0.443112952683691 0.0879596954481676 0.0515293169935271
-0.150496573100694 -0.453066299054166 0.0461461845972725 0.191935610120184
-0.174803343994269 -0.427162637577956 0.0849119702662039 0.28492525748157
-0.225226434238546 -0.356741775974929 0.0998717200045158 0.288278858853861
-0.328060247081706 -0.243749899806094 0.109547782577638 0.236667172106694
-0.399060865468768 -0.1511946932032 0.0680025396686372 0.232262019254005
-0.37136375024245 -0.0423638241063023 0.00241833292692209 0.214556407017983
-0.387965426746047 0.0673762123263446 0.0436582609765211 0.211539803610517
-0.346082012324394 0.147646530580304 0.104520787663004 0.284471961107976
-0.335259656663162 0.177123948077445 -0.221078921039331 -0.223202488563804
-0.427365798397206 0.125397850376048 -0.149088559653646 -0.226451785979163
-0.460901771978764 -0.00432259576010107 -0.0907519042299447 -0.252454120111237
-0.459551488532011 -0.131510377076217 -0.0805576945995299 -0.311617486123119
-0.386062795382674 -0.294078885681251 -0.0536016384168746 -0.291701443507894
-0.252669266290026 -0.421212322939594 -0.0145862865835661 -0.227927048720121
-0.179418967932721 -0.478522823257367 0.0162967162440437 -0.109005021443531
-0.163585190861659 -0.497231787799245 -0.0199449033932268 0.00405227419002071
-0.231925562563038 -0.482209149290666 0.019876283910449 0.134186759332814
-0.321388149050775 -0.402745212675903 0.0428562086402896 0.206391477277175
-0.445488234079443 -0.242744605377231 0.0797846768168383 0.212799416764865
-0.507449099345538 -0.0909723377554064 0.0947542271037963 0.238672234980885
-0.447503287267269 0.0387769744869679 0.0791782999369721 0.213226160260872
-0.432944898412349 0.149125742565396 0.157326693525914 0.182453661681557
-0.373396497707481 0.20422293372507 0.250400949049985 0.209428656577885
-0.310783932982838 0.129577260972475 -0.0697370124658268 -0.295125912884224
-0.378781667441759 0.0604193303100059 -0.0268123312218652 -0.264036006284888
-0.370305098647645 -0.0645187891745602 0.00756312421389816 -0.249861854785184
-0.338304001727274 -0.167976423691089 -0.0298964718366216 -0.2952777013729
-0.262155790216968 -0.283170781972156 -0.0506164911453908 -0.296513935588902
-0.163357142520188 -0.378238442787011 -0.0398721763672301 -0.306642361946568
-0.128321157048174 -0.434723191034606 -0.0291521533656612 -0.264084930341192
-0.151956761019794 -0.468570409762652 -0.08415547209587 -0.18556372022796
-0.248369008432429 -0.459428197859668 -0.0779942400744761 -0.0268113056940572
-0.353232472131858 -0.371954052973962 -0.0616168365290333 0.12050005841955
-0.46492567993238 -0.189487916246352 0.0148237625899386 0.196223760710908
-0.501430733547165 -0.0112885620458207 0.105911896297655 0.23088362668526
-0.426485952987493 0.112923535082424 0.156592409628471 0.179840555623251
-0.395277835213433 0.20648360965401 0.269804612709383 0.118021923617766
-0.341793180247625 0.228088918543261 0.388202337987522 0.113827769465069
-0.234852414448853 0.0732145598336921 0.0626869799365656 -0.331182936182622
-0.265168230099747 0.0128489269859603 0.0638154931827882 -0.257428230278895
-0.226770360431946 -0.077807140302342 0.0715399413682275 -0.207423723662639
-0.181037545247908 -0.139003237905992 0.00203315639723616 -0.244702722337995
-0.129073377567144 -0.202442797384418 -0.0357347999169566 -0.269357497372628
-0.0765291224238533 -0.266285479359709 -0.0358024850392577 -0.344589718042275
-0.0704983896801708 -0.326179297713064 -0.0471459381948816 -0.382388381233452
-0.115029096148327 -0.367270360397064 -0.135755568697007 -0.349495059585452
-0.20799604184197 -0.36420409543437 -0.179405319493518 -0.169215744396807
-0.29468750697633 -0.284761235632969 -0.175265073664988 0.0538819139310708
-0.366749476929704 -0.126295435316947 -0.0573962296100175 0.194932294371532
-0.381638436483104 0.0346242455273387 0.0989142129232565 0.220239941168966
-0.321640329719937 0.130014077714814 0.213966333535119 0.136834366035383
-0.29374865549852 0.200060702069044 0.355385512261537 0.0458391861086603
-0.260953465061616 0.199188753351219 0.493242486821324 0.0209615972805882
-0.125188381851878 0.021723181499958 0.152317961984766 -0.342194537308977
-0.13015995592479 0.000833883633618932 0.107322451338092 -0.236504107944039
-0.0954369716944735 -0.0452609509869365 0.0947148548740096 -0.163659617732047
-0.0634877590720677 -0.0682925972151504 0.0105540468978346 -0.196817514208605
-0.0420255373652684 -0.0992956990971439 -0.0270715481066003 -0.233660108759383
-0.023406529623993 -0.134427949585799 -0.0256528348866199 -0.350506198584163
-0.0261398799277804 -0.178728769642146 -0.0528567029111233 -0.452242304040165
-0.0609384939722077 -0.207534520902862 -0.168389739697635 -0.462034151852079
-0.117236589438662 -0.209750713280596 -0.253976074533517 -0.267812381106808
-0.165491412910258 -0.16503262876727 -0.258548345685886 0.0118672407428256
-0.192957565166522 -0.0700464419519655 -0.110217644955928 0.202460151994111
-0.200214008992927 0.0362819714343691 0.084983937765376 0.217732909958302
-0.173082625217625 0.0890800387841149 0.24861622444091 0.105911414152448
-0.154684742568126 0.133580462460114 0.405286797079197 -0.00442709605848818
-0.142767744492155 0.120356400623467 0.552719890490913 -0.0422733114685551
-0.0126993265870035 -0.000887083879436442 -0.521803954409438 0.066469378751533
-0.0152106580138478 0.0123844884644407 -0.404265298734384 0.0637600840766874
-0.0202135339177073 -0.0180663128421232 -0.264886808175 -0.0575611709424293
-0.0224768531926487 -0.00941968992597533 -0.0918222497267695 -0.167501339354589
-0.0169287438000741 -0.00612081130708536 0.0752134764757068 -0.171481909570841
0.0033920196148522 0.00482641196658467 0.211476841000703 0.0208870416070597
-0.000351570781356173 0.0226916436751178 0.244463479599836 0.295303302002039
0.000764365823757282 0.0205033171082675 0.15177559622167 0.486635121478919
-0.00941921031493608 0.0167808399587694 0.0896680769996906 0.474748100851795
-0.0114952500925824 0.0195941634908441 0.0660922801497949 0.346592184967612
-0.02210048800115 0.00773107111906441 0.0621932024130268 0.228854832644729
-0.026940023852397 -0.00568727453811363 0.0233960958621491 0.164610921040089
-0.0164660189507668 -0.0142963465260773 -0.0757446906137125 0.139732620098196
-0.00420818291462774 -0.00509070591810899 -0.118707346116221 0.174942429427439
-0.0114467938703576 -0.0131440718805031 -0.155650426341928 0.350190203114365
-0.128543093137498 0.0995799279872511 -0.517834908984586 0.0440700943397484
-0.158489673335342 0.11135878372245 -0.397451446968932 0.0356291972607498
-0.186936864915193 0.0547005154851801 -0.26896003244777 -0.0818716970792845
-0.208794128032081 0.0126884863189064 -0.110888980971579 -0.190951613117254
-0.202716021254953 -0.0640973760072157 0.0517459943163904 -0.189131112129459
-0.144055259813504 -0.133119009840351 0.185536374729005 0.0036416402345492
-0.108466329867474 -0.165183751260172 0.224449605080536 0.270808693187152
-0.0611866014012186 -0.171019744245079 0.13820764818174 0.454187969749958
-0.0516554011907094 -0.152479750410604 0.103311669693649 0.459562728251202
-0.047510221295365 -0.111146213497454 0.0822966956648231 0.351121435146197
-0.0798829571650624 -0.0826763063599104 0.0772783773897523 0.23670578167488
-0.109857050283134 -0.0833311666859388 0.0284660361002314 0.180051165492006
-0.112886018308682 -0.0628000685435883 -0.0706743994737177 0.156061938976876
-0.140361145510779 -0.0162189116264958 -0.0954934249082574 0.184855099006398
-0.146026294801056 0.0291966024048463 -0.114110228904063 0.344638490951486
-0.232581734250149 0.169425151159137 -0.463672891838512 -0.0248844520614142
-0.294439818875962 0.171768468644698 -0.355815244287642 -0.0425010280254697
-0.342470070116164 0.0882129123407902 -0.247034366000728 -0.1369712050522
-0.374756692887799 -0.00234650156728251 -0.126087578723378 -0.233553845338867
-0.353185458083319 -0.144436593858029 0.0111883830161986 -0.218999911813854
-0.251895395015943 -0.269986449169181 0.123024777509281 -0.0476059007459464
-0.179314646361765 -0.329742704234855 0.165399510161866 0.186430171683345
-0.113870617002057 -0.337326592018633 0.101836009665395 0.349572209590981
-0.106841465072369 -0.308383421288895 0.106634466138519 0.396603100042376
-0.117429306265964 -0.246114990058244 0.102689851907673 0.33821073289458
-0.181916591813622 -0.177911581777842 0.0998665314498081 0.2450355175527
-0.237983680080406 -0.143870460784936 0.0419147893307656 0.207764869999771
-0.238039292501617 -0.0803020005762017 -0.0488474560011645 0.187460079125314
-0.276152172766353 0.00437148300797721 -0.044649581964839 0.204390245146632
-0.264185841687526 0.0831848332472522 -0.0245178949803449 0.325886867909318
-0.30688648616599 0.192855180585668 -0.359310242146306 -0.123707156602306
-0.394409156085007 0.173147964648989 -0.268757478183704 -0.142343822914416
-0.448860482989935 0.0631080257486361 -0.186175114905497 -0.205040267880721
-0.473014814415643 -0.0592664755819444 -0.119003204035453 -0.281452794822589
-0.422378972786615 -0.234322130018434 -0.0306500034577591 -0.257806030097061
-0.290758549915412 -0.377667436071744 0.0460061705030857 -0.13118271819888
-0.203168183039026 -0.441487636699632 0.0867256720017504 0.0514939039175247
-0.14778463681421 -0.449594127281639 0.045540748572953 0.191329595307569
-0.173576440507871 -0.426080216675992 0.0835083858587117 0.283600416113656
-0.221384978492398 -0.356203696574943 0.0984064266615267 0.286628159026598
-0.324393225491087 -0.241784111753436 0.10820970562439 0.235178226861744
-0.396661514215168 -0.151053560339629 0.0682254898024907 0.23108211723406
-0.368562830784982 -0.0427683955577905 0.00257364999332765 0.213670588847086
-0.3858541823408 0.0659023683541829 0.0429710600953768 0.209967308940691
-0.344640899794101 0.146243204335697 0.103249851532615 0.281792730873994
-0.333851520738336 0.174993432098761 -0.219460686459689 -0.220003424611457
-0.425937919634238 0.124128002586834 -0.148281031053457 -0.224602593558321
-0.458759727981675 -0.00491861453712601 -0.0904303899159718 -0.250763149167838
-0.45553021114274 -0.133343567473235 -0.0798838467615691 -0.309272959153722
-0.382618933873424 -0.294929568502141 -0.0528761972851784 -0.290003802685048
-0.248064574860188 -0.419381528760724 -0.0140803164414793 -0.226595687699677
-0.175950731313036 -0.476769887182923 0.0164150824911931 -0.108943033300123
-0.161883418510953 -0.495048969931971 -0.0194834375546399 0.00477908884526154
-0.228320699801261 -0.478696664036434 0.0196567966091793 0.133397697114317
-0.318020790297695 -0.401728191720546 0.0421785926893866 0.205454425723567
-0.44047551008798 -0.241884435887141 0.0788132379554879 0.211976572120153
-0.503846387153982 -0.0909549854048875 0.0944550513502661 0.237588539380896
-0.445403325348536 0.0380377411971226 0.0790387599712857 0.212482262791958
-0.432029085353895 0.146675309329129 0.155929410152779 0.181414565356315
-0.372728643470673 0.202025887595326 0.247697059032077 0.208064407452568
-0.308964723898598 0.127697530380253 -0.068847891518463 -0.292278639046441
-0.37538869934479 0.059737735331962 -0.0266878445394394 -0.261310408172005
-0.368218890552673 -0.0653771386698624 0.0075294944012993 -0.247366463771476
-0.335108058774513 -0.169418673564764 -0.029920103772021 -0.293589527794577
-0.258464853433944 -0.282630498245248 -0.0488585432542049 -0.295136472377413
-0.160649638461996 -0.376455644129319 -0.038130330142492 -0.305522898975904
-0.124632420750288 -0.433402923401573 -0.02742473230903 -0.263291755960674
-0.149905035587332 -0.465399208861618 -0.0825631275136547 -0.184079152350642
-0.246099583272784 -0.456861647803261 -0.0763580258793623 -0.0271134215260994
-0.351171656212832 -0.370997856619377 -0.0607546906569763 0.120350413905492
-0.460454331427776 -0.189962487380829 0.0142056854542995 0.195747121022052
-0.498852984844303 -0.0128949062926045 0.106007650705245 0.230051394130373
-0.425439583018449 0.109527076695072 0.156250497413607 0.179953255886566
-0.394929440353049 0.20509958703538 0.268097395492188 0.117326478605411
-0.34159586258612 0.226326689258522 0.384984262857938 0.112248759933375
-0.233812787342008 0.0720989113223168 0.0627298913904438 -0.327248776348242
-0.263085060743729 0.0125678779061154 0.0632721899149875 -0.255120730553341
-0.224905904875681 -0.0776350958212276 0.0712062912523312 -0.204590513022808
-0.178836630006216 -0.138467685032241 0.00198657652524929 -0.242887356211528
-0.127407899096472 -0.202010050178581 -0.0337687245014801 -0.268247714082899
-0.0747926844161719 -0.265343699371628 -0.0341810122284675 -0.343582821500521
-0.0686435218696855 -0.323897663301541 -0.0465200277438053 -0.381319141839654
-0.112902025730194 -0.365691962524661 -0.133956728316232 -0.347964718811231
-0.207034355286016 -0.361136432648251 -0.17679212565777 -0.168813931097148
-0.29180322499893 -0.284681365713021 -0.173639554493697 0.0534315886347641
-0.364324998396602 -0.127183985146114 -0.0575583157301327 0.194438601025201
-0.379626253109499 0.0335834523729748 0.0987407293255175 0.219548420332376
-0.320371770598866 0.128415046018065 0.213535936892244 0.137007983113267
-0.293588046309369 0.198641109590502 0.353549250373979 0.0459795404611438
-0.259753826054821 0.197964671858014 0.490259660265721 0.0198491182921359
-0.124295616540301 0.0212823569195859 0.151999866865156 -0.33721170751682
-0.129286290625932 0.000941154961604952 0.105955435357066 -0.23337433043792
-0.0939942562569904 -0.0452572451752265 0.0942684723237212 -0.161685003493933
-0.0631520811365566 -0.0680823708987628 0.0101682036520662 -0.195268803720397
-0.0411970858194955 -0.0991389784118976 -0.0255338538764928 -0.232361743207324
-0.0225993981928941 -0.134319282507449 -0.0243418500924197 -0.348333726967377
-0.0245559110864705 -0.177955345303322 -0.0497551072670894 -0.450604660407012
-0.059546329939299 -0.20639079731109 -0.164739452474548 -0.459124045967992
-0.116244496326924 -0.207863425792304 -0.250420438664327 -0.267329735982337
-0.164119024556455 -0.164370495751972 -0.256096031950759 0.0116185012018664
-0.191686988393074 -0.0706352776359433 -0.109230983001535 0.201523088266407
-0.199442280185619 0.036008781201396 0.0846232504260487 0.215981747982269
-0.171877526666806 0.0882648256094836 0.24752391008909 0.105517447532355
-0.154208402471645 0.132489453333592 0.402772580388073 -0.00443050649936559
-0.142960787657194 0.119398301595195 0.548367272439302 -0.0411265391570033
-0.0122519326016789 -0.000765101266668782 -0.52043064994507 0.0655879703714018
-0.0148696498710718 0.0126131147261765 -0.402602948622808 0.0626284493956677
-0.0205679858039708 -0.0185871818502789 -0.264997190312915 -0.057408644454926
-0.0218851737677301 -0.00970282670096172 -0.0912213078261941 -0.16627752309683
-0.016691165865822 -0.0061229640247114 0.0754573636805684 -0.169920008545401
0.00345684658525323 0.00491134923727108 0.209667249323888 0.021748386254527
-0.000773298016603395 0.0225553186386168 0.240793318086088 0.295335698050979
0.000883556724363689 0.0203331330567463 0.148995533399025 0.486622170763207
-0.00935095541511298 0.0168736694345595 0.0864248331588367 0.473648296867564
-0.0115357050428218 0.0190411975583167 0.0647341088868404 0.34599578765615
-0.0222112528321525 0.00792984200355234 0.0613089163471335 0.228425263096742
-0.02729526894653 -0.00538979605367798 0.0237563325463793 0.163925012064773
-0.0166224594046253 -0.0143617368048687 -0.0750295212643934 0.138851141066549
-0.00404072279376445 -0.00478742320734004 -0.117386452207666 0.172945621553767
-0.0115020347979308 -0.0125762980770174 -0.154410898090816 0.347763760015138
-0.128264581534018 0.0988722692298902 -0.516532828802958 0.0446919672825479
-0.15785638241548 0.111126134466168 -0.396524202786 0.0340375511844844
-0.186738849787093 0.0541124457390934 -0.268010674582576 -0.0813536732097631
-0.207549118978239 0.0115755512095244 -0.110066207364795 -0.190368674759433
-0.20165931883895 -0.0647233651209428 0.0522111397583437 -0.18761396115714
-0.143548755712002 -0.133397839111068 0.184478294758328 0.00483864556685621
-0.106767261137846 -0.16469986638661 0.221852066546732 0.270087936614433
-0.0600105946953222 -0.170346080577327 0.134953375625845 0.453626119060632
-0.0507912240610382 -0.152436947862042 0.0995097514592968 0.458080490004687
-0.0464395419061147 -0.111325264711292 0.0809465700043809 0.351171048316727
-0.0786286334771314 -0.0829782914150936 0.0763561195324002 0.235843056165233
-0.108895229391256 -0.082985960687528 0.027828146111392 0.178474402154963
-0.111721588227131 -0.0629707538559828 -0.0697268746319645 0.154501958831797
-0.139131760002251 -0.0163102359406974 -0.0952486952600075 0.18268673779447
-0.145857845415788 0.0286468442248518 -0.11474188918429 0.341994594052883
-0.232257405540303 0.167841463318679 -0.462711648041888 -0.0262502867713831
-0.293586581080819 0.171226795272119 -0.354317468893576 -0.0428331660675541
-0.342203721020832 0.0867906469513002 -0.246052408148436 -0.136662468292055
-0.374209950637606 -0.00330678198766469 -0.125306707793538 -0.232543960726813
-0.351651809931076 -0.146012582684744 0.0112588183762634 -0.217819358856305
-0.25039498212674 -0.269759676572421 0.122974947503932 -0.0472138504524958
-0.178155454818343 -0.328513523427036 0.163563423301575 0.186269446160568
-0.110356999717883 -0.335358024863179 0.0996972428404659 0.349382302175439
-0.105421106225443 -0.307483080188556 0.104895527003033 0.395548468454541
-0.115463297418937 -0.245396520099227 0.100873651487701 0.337624186192658
-0.179905732812814 -0.177155330086201 0.0982591815000702 0.244816694415223
-0.235911477537687 -0.144452568530812 0.0417223920492474 0.206678212946463
-0.236348684415758 -0.0814027263622731 -0.0484573266647865 0.186757050851248
-0.275352256064173 0.00328904179635205 -0.0449689627195728 0.20261104560111
-0.264080327702492 0.0815220145188793 -0.0250805843585463 0.323262417007993
-0.305085770236151 0.191254604714271 -0.356910943298638 -0.122646505770303
-0.393005610141702 0.171520867405921 -0.267945610774082 -0.141485565175906
-0.447125742628037 0.0607833961366373 -0.185058904146066 -0.204320414535835
-0.470614433729415 -0.059499823462392 -0.117678366014687 -0.280035815830394
-0.420467886523265 -0.235497859889814 -0.0297522702650608 -0.256460058445999
-0.286713271225862 -0.378458908387622 0.0461905105451901 -0.131203097836613
-0.198936517371446 -0.441169827904565 0.0865041698786774 0.0509585383001569
-0.145081178847407 -0.4486869893501 0.0443656421813747 0.191757296618602
-0.169594166879386 -0.423858726790165 0.0831806784984971 0.282296307790626
-0.217784927256183 -0.355851223252941 0.0969683425178096 0.287035239791423
-0.321267689696186 -0.242725409310254 0.106991104091067 0.234718591854032
-0.394561832132684 -0.151260494643429 0.0679645368352482 0.230100903699546
-0.366968333756808 -0.0444489571586616 0.00307093937309257 0.21377154380624
-0.384471278286981 0.0639828792357787 0.0422174902000319 0.209370326022267
-0.344167385448781 0.14454030428629 0.101741523272629 0.279188663676485
-0.333212300872926 0.174304851624699 -0.217897909416952 -0.218198762359027
-0.424837432329079 0.122783532570385 -0.147865148597114 -0.223194636753395
-0.4567714595911 -0.00657627367455168 -0.0896455564732347 -0.249619992299216
-0.45432182749062 -0.135152216174018 -0.0787540696195084 -0.307978813016759
-0.378737465520177 -0.294930187036677 -0.0507568035114858 -0.28898813967832
-0.246342388654897 -0.42005974880523 -0.0128645552356567 -0.226148778524812
-0.172814464333939 -0.474906264869059 0.016993860073369 -0.108811543144219
-0.158283500452103 -0.493233707301457 -0.0191759046059669 0.00477193639307303
-0.225839231012388 -0.477953296708185 0.019666205709686 0.132800009941473
-0.314759110147306 -0.401426622929811 0.0417522803928167 0.205397622977414
-0.437847913122857 -0.242962951527951 0.0774989650414991 0.212097667011771
-0.503390549719634 -0.0932623018287149 0.0942952766621739 0.236814880271746
-0.443114083310179 0.0347260814562566 0.0794833872104134 0.212515612184054
-0.430253997550983 0.145365188663725 0.155062028401429 0.180312389605461
-0.371064317929149 0.200025489129845 0.246417566761083 0.206368859394593
-0.30793506138548 0.126296763930136 -0.0670534050146228 -0.289189385684992
-0.375439851249207 0.0579976646564396 -0.0261095651086138 -0.259200335882555
-0.366748127891594 -0.0652290405056645 0.00781663968170571 -0.245511005739895
-0.332433568369607 -0.169394047231604 -0.0294050653929884 -0.292304314198359
-0.256454399454417 -0.283734318579905 -0.0472025579410781 -0.294901393999654
-0.157874124732003 -0.376231413452676 -0.0363307240014026 -0.304990058674616
-0.122585521873169 -0.431086317660292 -0.0267636463811257 -0.262588391304691
-0.147743150313371 -0.464700754557838 -0.0810167784773235 -0.182885637792574
-0.242332968822355 -0.455724572993259 -0.0753594977142111 -0.027799064961195
-0.347058055398462 -0.371794917911453 -0.060657698938095 0.120268878959712
-0.458187086372756 -0.191349258532995 0.0139491495136302 0.196021675604002
-0.496857093173868 -0.0126897959495862 0.105286684278453 0.22931235919036
-0.42420235137863 0.108643241683613 0.156210351704865 0.180591885298737
-0.393381268561242 0.201996570814333 0.266135661916281 0.117922788134767
-0.340193329202408 0.224486193259567 0.383844371856658 0.1117371358966
-0.232518146202871 0.071427897332176 0.0638763030026627 -0.324611795764211
-0.262028520326725 0.0116900041833748 0.0630497799156696 -0.251752679214616
-0.22309240984246 -0.0779804263390934 0.070523736034586 -0.202683936646749
-0.177922680361822 -0.138660587969898 0.00218851114952951 -0.241719350983568
-0.12546549082745 -0.201439814393777 -0.0327881559657537 -0.267402202972868
-0.0734614605351067 -0.265553191869377 -0.0333000306865716 -0.343139598418435
-0.0665705055741326 -0.322596144423082 -0.0439008483216675 -0.380676891057353
-0.111179690159756 -0.363355149267555 -0.131208878288658 -0.346439766736673
-0.204294785780043 -0.359806498115262 -0.174699082519584 -0.169036360157073
-0.290114194175665 -0.284746110531094 -0.17226994684947 0.0531247217670239
-0.362010013308276 -0.127532249471099 -0.0575883877736452 0.194037473162679
-0.378832196948755 0.0328814746034883 0.0985996019680965 0.21867691064007
-0.319456675233059 0.126779611049839 0.212810732938735 0.138158877033057
-0.293057112200905 0.196610371010538 0.351753366668748 0.0466830656161466
-0.259495678165477 0.195745129761122 0.487255543777267 0.0207532164413576
-0.123820788211642 0.0209236364977363 0.152526530066686 -0.334755762228857
-0.128759822116379 0.000123914329759401 0.105861570289243 -0.230771732492999
-0.09362969867426 -0.0456421634662238 0.093333132787592 -0.159879370445559
-0.0619435595577186 -0.0679626485214596 0.00997488747497355 -0.194189755060676
-0.0406412817965141 -0.0989305100599644 -0.0250323264266328 -0.23165623604401
-0.0213260288453426 -0.133373541572998 -0.0236403506778054 -0.34803072763973
-0.023120808993634 -0.177059307696391 -0.0482132954311549 -0.449120927243411
-0.0589436104319837 -0.205378274379468 -0.161759288192318 -0.458226323423355
-0.11448801779065 -0.207322004744314 -0.248263344024738 -0.267866952345372
-0.162896007612764 -0.164819042913109 -0.254319290045832 0.0106614714887723
-0.190735215515783 -0.070994968617839 -0.108548296007782 0.200071793802599
-0.198792690403426 0.0350569719322985 0.0842252224809971 0.215858200632628
-0.171716873567033 0.0876342457715972 0.246502162003798 0.10601396783428
-0.154133040318592 0.13122130780176 0.40094822281985 -0.0038024258550402
-0.142114001810912 0.118145811638135 0.543934572235424 -0.0418354417456291
-0.0124854973940052 -0.00100924478412428 -0.519844791772562 0.0641455744168462
-0.0145050674370144 0.0124444563517221 -0.402514183802103 0.0623557762897623
-0.0205882496630781 -0.01845479326299 -0.26456527391157 -0.0578249875912346
-0.0218904730023013 -0.00972588188359486 -0.0913118712837132 -0.166322747287954
-0.0166418320076113 -0.00601412053611883 0.0760145789649725 -0.168955405323054
0.00325881793427308 0.00472493734079581 0.208732404807148 0.0225470623880032
-0.00084870953671592 0.0224136641184968 0.238466819336406 0.295230359778031
0.000879217916664581 0.0197813237955917 0.145813176341025 0.485833497368114
-0.00978075952732323 0.016295459789999 0.0841891701996006 0.471577694378965
-0.0110751929042206 0.0186186991935354 0.0623029480575892 0.344987688815688
-0.0221684663292078 0.00783316387260309 0.0601885103734593 0.22744819767095
-0.0271645060517072 -0.0056786344047865 0.0232314943169927 0.163190500403312
-0.0164727554291129 -0.0146242765219815 -0.0745709804872829 0.137910164464434
-0.00367129900118359 -0.00496295248634421 -0.117251422041917 0.171376197047982
-0.0116094921884076 -0.0123306513532131 -0.156235238929186 0.344216293971876
-0.128450882777991 0.0980555921135568 -0.515420434273093 0.0420968326443594
-0.158084470706204 0.110790616622165 -0.396386383515703 0.0339183726202979
-0.186841182404063 0.0536124408573035 -0.268157664251827 -0.0820742568938864
-0.207108882710268 0.0112131009941772 -0.109611460638875 -0.189587122502228
-0.200922219626746 -0.0652639042990986 0.052595432432572 -0.18666159788699
-0.142993192401781 -0.134103850488711 0.183683150335691 0.00546623786683786
-0.105705070919287 -0.164559469360563 0.219289185991527 0.270213811897871
-0.0585966767636182 -0.170567304893419 0.132550712674947 0.454027758633487
-0.0498251792237479 -0.152006169726287 0.0985765864617483 0.45863737904193
-0.0454405598429647 -0.111711605694735 0.0789277110092728 0.350266926505518
-0.0775041058742378 -0.082805328097992 0.0751363605876221 0.235315772008245
-0.108329931128814 -0.0826447804152281 0.0281161455083794 0.177967248292605
-0.11130118048715 -0.0635120699138446 -0.0691959255016531 0.153918322043835
-0.138662326693699 -0.0170660302257322 -0.0952101637247488 0.181431931075277
-0.145864862185664 0.0284192548825013 -0.114677424436711 0.339396624843714
-0.232874159681317 0.166707483377942 -0.462148755411015 -0.025089861247504
-0.293224576044492 0.170056317448867 -0.354687431301028 -0.0437855090591762
-0.341751701230372 0.0843668257313408 -0.246668234942379 -0.137311149664515
-0.372654827935359 -0.00554736361017663 -0.124159077063901 -0.23227968855222
-0.351209132131361 -0.147885273530731 0.0121985371177472 -0.216765227862854
-0.24944153496918 -0.271688446159989 0.122317402434685 -0.0468916099317793
-0.174447199142397 -0.32914313896862 0.162192258989599 0.186147929829729
-0.109532872972124 -0.335242999979711 0.0975053670995503 0.350074413509796
-0.102627940517335 -0.306670205469061 0.103337995000853 0.394158126172606
-0.113401893399004 -0.245799052102556 0.0989534680942083 0.337638009389073
-0.178640503125353 -0.177718680192928 0.0969813970051577 0.244460161365188
-0.235125469274424 -0.14419823106467 0.0416358161190953 0.206255810957987
-0.23533136057381 -0.082731961491657 -0.0482180694389041 0.186316099327
-0.274731935671357 0.00204148526588392 -0.0449718943630802 0.201075792847589
-0.263651848462477 0.0806439838742695 -0.0271386073377567 0.321167412243886
-0.306262310853783 0.190380539278409 -0.355975426750324 -0.121554200924099
-0.392073436759937 0.169791611887014 -0.267378844169855 -0.14133541073816
-0.446483624635308 0.0595028853620927 -0.184604585637797 -0.204467898450554
-0.46931547405837 -0.0627949144936842 -0.116361579847788 -0.279775596518259
-0.41780290458641 -0.237444560109385 -0.028133951733891 -0.256291892677525
-0.28599694279872 -0.379202583611832 0.0469720044833155 -0.130426562172328
-0.195497258325856 -0.440632164025999 0.0856924349627162 0.0511863809533038
-0.142340036396177 -0.447136444738391 0.0442128575002679 0.191712760443852
-0.166651294840283 -0.423332980887642 0.0811792923501145 0.281816537200022
-0.216111843501232 -0.356382521892835 0.0957039076713111 0.287659572021745
-0.318722988904966 -0.243531571806348 0.105652605596421 0.235649588688919
-0.392209409473324 -0.15087897518066 0.0678537655623296 0.229377061164372
-0.365960792117538 -0.0474740275599855 0.00255386602976164 0.213736198127574
-0.384044636350091 0.0623382272386874 0.0416796900173911 0.2081952417968
-0.345081426028401 0.14287879986879 0.100304141234311 0.278116082600935
-0.334681266402877 0.171625922416937 -0.216141454714773 -0.217008954441841
-0.424803036438724 0.121657494462428 -0.146967178611111 -0.221576131870513
-0.455623060433213 -0.00902401779080154 -0.0884962464679362 -0.248599473531891
-0.451996301016341 -0.136974582884137 -0.078440128437264 -0.307135518510119
-0.376181433873522 -0.296121026198872 -0.0495579212704451 -0.288494908514598
-0.243663947598459 -0.421181829724038 -0.0119042126958418 -0.226216782623307
-0.169785703545481 -0.475123973218094 0.0172032548088121 -0.109100731093272
-0.154849770760475 -0.491802717811789 -0.0184820128990755 0.00575662650813311
-0.222747943669028 -0.477806117325956 0.0195860189085852 0.132110108642914
-0.312049373123613 -0.40185638442721 0.0411737027662144 0.205733649114394
-0.435319413081637 -0.244819783838054 0.0765696874205734 0.212937621465733
-0.500903941676211 -0.0942200397183296 0.0940770806920871 0.236469993693269
-0.442643436946243 0.0338794506933989 0.0792094834750394 0.212618994437038
-0.428907950821376 0.143573932056181 0.15371509271304 0.179748322095156
-0.371845285934898 0.197780405766886 0.244940589265265 0.206148232023379
-0.307698236377359 0.125034041385614 -0.0658426695939675 -0.287747956173426
-0.373276408520565 0.0564976354081693 -0.0252094044154014 -0.25712734298237
-0.365247089396078 -0.067606487863961 0.00851142289232509 -0.244399558099984
-0.331478429285644 -0.169431635227766 -0.0281157594584215 -0.290933086594753
-0.254092772010846 -0.284073755485562 -0.0457736855472823 -0.293792610552377
-0.15522530136809 -0.376963176342802 -0.0353557925032664 -0.305035872202926
-0.118679184345471 -0.431004901646527 -0.0256194162341087 -0.262314287564695
-0.144491208884056 -0.462616265979781 -0.079349661001829 -0.182629416210829
-0.241097343510497 -0.45532588226338 -0.0741959491148949 -0.028274169893414
-0.344827004875923 -0.372165079168776 -0.0604733031126792 0.119783372777723
-0.455526988236363 -0.192208161147702 0.0129798418281272 0.196251019557977
-0.495830199690818 -0.014238465373 0.104824067873249 0.228919229768144
-0.423852260195432 0.107428768173653 0.156139376396611 0.181479476197826
-0.394840408004864 0.199601259656041 0.265834055589852 0.117836550068805
-0.342186453723567 0.222437343578128 0.382223184700987 0.111403613792505
-0.232294432858398 0.0700008532840146 0.0657707453359634 -0.322519940931415
-0.261572780872847 0.0112016711870104 0.0632259390775411 -0.249630395926252
-0.222085521999106 -0.0788939746846135 0.0707636476962845 -0.202147217628
-0.175983303205434 -0.138755502304973 0.00284883803466809 -0.240853710332755
-0.123506402792238 -0.201745455382266 -0.0316013254802756 -0.267206997643733
-0.0708012626405927 -0.265210804523452 -0.0308495616229916 -0.342491865214025
-0.0639699057245793 -0.322179115095868 -0.0424665972841549 -0.380254450813168
-0.109006383561675 -0.362507428729212 -0.128203003681258 -0.345479596084324
-0.203555028421907 -0.36153674230361 -0.172495550281314 -0.169655957100781
-0.288357288304543 -0.285343142217041 -0.170994590327146 0.0524426536554977
-0.360478500433174 -0.129460358084564 -0.0576275668248825 0.193924600141033
-0.378396303273961 0.0314315326189468 0.0982688757904258 0.21870747280478
-0.319625748399907 0.124965233731765 0.213259117815882 0.13846295805914
-0.293467444349656 0.19559197564979 0.350863852382603 0.0469946734407284
-0.260520789157737 0.19491892262304 0.486037444628004 0.0206935883545119
-0.123846868074085 0.0206843772087155 0.153297355137162 -0.331668250247569
-0.128290789710603 -0.000378246890042258 0.105450559724082 -0.228444335565224
-0.0930462754781103 -0.0460171284733436 0.0927188987601414 -0.158201212936699
-0.0613041882226164 -0.0679987822424492 0.0103023698534603 -0.193896687182572
-0.0394457310917394 -0.0986248536698457 -0.0243769524571878 -0.231209392329808
-0.0204119164293492 -0.134222025011734 -0.0212848602258243 -0.347884396236633
-0.0220243877315272 -0.176584053528308 -0.0454091065497732 -0.44812362379407
-0.0577389019851399 -0.204797770529076 -0.158745487596236 -0.456683751409742
-0.113713987406598 -0.20763994854134 -0.24575859141351 -0.268197221707063
-0.161845586166019 -0.164818711261373 -0.252259149849407 0.0100340614498269
-0.190298715064258 -0.0719167719254731 -0.108832924180221 0.200097303958636
-0.198899361055143 0.0347451557913247 0.0834621504657582 0.21560872180287
-0.171995765163367 0.0864247449674127 0.247028887896082 0.107242549310247
-0.154698605432184 0.130274974821723 0.400736560696315 -0.00316977958407611
-0.142732471018573 0.117370880816517 0.543725669490779 -0.0421178422099692
-0.0127779033628211 -0.00154756390981734 -0.520150617860059 0.0638311646367128
-0.0141651970582426 0.0127109645288367 -0.403333636868124 0.0606510611257043
-0.0207068007998328 -0.0184545024914239 -0.265304782569728 -0.0584855616169072
-0.0217356860829707 -0.00958363663832231 -0.0909869246919727 -0.166681163237453
-0.0167366260320906 -0.00580144034361808 0.0761018681576694 -0.168070042438962
0.00327640424724944 0.00472556793390981 0.208264349902541 0.0235790345910488
-0.000683756922424544 0.0225612966374795 0.235918832735161 0.296106880015039
0.00110166282454145 0.0197974440628312 0.143063415705218 0.487667760102663
-0.00959612255199717 0.0162784763479463 0.0810942980061748 0.472460025586895
-0.0109456034819805 0.0185009951005371 0.0605981772668023 0.345541363853033
-0.0217803932892092 0.00778927440272313 0.0591127878762785 0.226933814098028
-0.0270621585565943 -0.00557208585199612 0.0230783351889088 0.162835903674241
-0.0167172338319597 -0.0146364409818876 -0.0743978293141497 0.13731532644831
-0.00397530086805038 -0.00507738419549202 -0.117112282441183 0.170024220335494
-0.0114912640207791 -0.0121609011449601 -0.156566881242342 0.342368690528847
-0.129134532904512 0.0970004198145339 -0.515604724377231 0.0425698617158038
-0.158121562354271 0.109709775805974 -0.396927289996699 0.0328952949317318
-0.187064216797461 0.0527427929794933 -0.268000509315341 -0.0822089721835838
-0.206964736978961 0.0101392522473096 -0.109199708875677 -0.189829722105723
-0.200992131412425 -0.0658022361103097 0.0533807734023129 -0.185515758257157
-0.141990523829663 -0.134872779364379 0.183289159842348 0.00591459178783537
-0.104353158458438 -0.165103574896544 0.217120878133633 0.271712153351395
-0.0574812871453526 -0.170607330422407 0.130657446884759 0.454837560901901
-0.0485454859484909 -0.152259442396369 0.0961915352454313 0.458855679412909
-0.0441107204826391 -0.111651522268894 0.076951339339079 0.351575220115276
-0.0767410521778239 -0.082900890253372 0.0741394833676331 0.235462101748833
-0.108071355862264 -0.0828577877610149 0.0283122250981347 0.178022787413844
-0.110933377915723 -0.0641169611516699 -0.0690179221855219 0.153383021242123
-0.138331532035283 -0.0179358598555589 -0.0952691232677158 0.179888272755113
-0.146144189043565 0.0277314575939356 -0.114753160312421 0.337549781250733
-0.233731351743679 0.165495286740492 -0.461352790387692 -0.0255552075638786
-0.294142211789541 0.168619379535181 -0.354693568537272 -0.0433454585633235
-0.342748874423107 0.083094478195131 -0.245325730047771 -0.137308786539957
-0.372482359567178 -0.00669938964727371 -0.12409622922447 -0.231664692082937
-0.349686165754583 -0.148463342124084 0.0128437952751574 -0.216222278087356
-0.247597369059334 -0.272912839494748 0.121966647527603 -0.0467531169247033
-0.172297777602742 -0.330302950489882 0.160509998463617 0.186082391309057
-0.107615963649542 -0.334689614031999 0.0956942025820568 0.350007579808857
-0.10106027138394 -0.306821037578038 0.101531743836111 0.394988029754152
-0.111244602897263 -0.247239700461625 0.0979847656449156 0.338950755483081
-0.176280371340275 -0.177753555738132 0.0961580312646734 0.244489133609529
-0.234836392269878 -0.144753141660969 0.0417975347944892 0.206451366947056
-0.234949046770005 -0.0837489551050375 -0.0479518735111478 0.18561814388283
-0.274647882685727 0.000820553798070611 -0.0462827095004115 0.200206103155446
-0.264311960449499 0.0794558308884981 -0.0271848758913837 0.319452553261226
-0.307130083787702 0.188510960439502 -0.355424228831207 -0.121248718055749
-0.393287741791287 0.168728562686558 -0.267066799916465 -0.141404224975732
-0.447086760821472 0.0574305749232791 -0.18425090070665 -0.204347768550701
-0.469715858445011 -0.0640023159575153 -0.116397251533732 -0.279695466475736
-0.415947510368657 -0.239648495249455 -0.0273955420926108 -0.256068579460149
-0.283025380748921 -0.381981035963222 0.0467298723919013 -0.130882955025459
-0.193281106432483 -0.439746995735446 0.0851874006853294 0.0507814022952689
-0.140080748723333 -0.447452132318277 0.0433371275783849 0.192885335994063
-0.164700837679443 -0.423856279312428 0.0799810935082577 0.282181809299464
-0.212356723768924 -0.35856817355167 0.094697215536806 0.287980438720981
-0.31660454913093 -0.244134918806519 0.104814418627834 0.236300830049966
-0.392514421470558 -0.153156222769302 0.0681196686325382 0.229383050799645
-0.366065325309954 -0.04837427923065 0.00275334577310225 0.213560063734653
-0.385080112325479 0.060704081031738 0.0409594679290831 0.207546173016223
-0.345849131042458 0.141115850394979 0.0994679485148462 0.277246460671985
-0.335523184829216 0.170511143571196 -0.215137708540368 -0.216300155940877
-0.424260532680199 0.120859378736396 -0.146544833113021 -0.221519082373492
-0.455837801553547 -0.00966209664338027 -0.0877908214816274 -0.247904722476371
-0.451374742672504 -0.137850425448406 -0.077367641560762 -0.306812789043335
-0.374440637894351 -0.298588860330246 -0.0482672590063014 -0.289277432532359
-0.239879498203708 -0.424611622301688 -0.0109835045903554 -0.227164741026278
-0.166798263597168 -0.476332773111145 0.0177448390834388 -0.109031621902675
-0.152137356056844 -0.492565337118055 -0.0179662126357075 0.00630987078927595
-0.219777031834394 -0.478608193927044 0.0193843077835778 0.132807143593423
-0.309570750899992 -0.405293334660721 0.0404587427861875 0.206803660683663
-0.434453167516937 -0.2463354668046 0.075997239726806 0.213365640766003
-0.500552580543649 -0.0961612507287366 0.0934836673501342 0.236448869849262
-0.443555655152369 0.0318717835285247 0.0789804805083159 0.213568052900733
-0.429822720639847 0.141576044856756 0.152817799086039 0.179791649320959
-0.373745312313876 0.196256525891189 0.244184689974968 0.204808100570201
-0.307880216434955 0.124027976833333 -0.0648201800669135 -0.285993501668281
-0.373431606978195 0.0554448182231752 -0.0255744250958303 -0.255704240723361
-0.364412118847667 -0.0687934364339496 0.00882207636225254 -0.243323803195214
-0.33008866254083 -0.172083334076087 -0.027675059720979 -0.290574111053035
-0.251809443652943 -0.284285908893138 -0.0443425451699285 -0.293850831211859
-0.152905506408124 -0.378325795128803 -0.0335065648780504 -0.305605103258092
-0.115409763629623 -0.432357244449444 -0.0238300448467526 -0.262785076946802
-0.141422877043193 -0.461965093429531 -0.0771747178882333 -0.18238191116541
-0.238095833409145 -0.456102331994339 -0.0731553322026911 -0.0287663135425899
-0.342317211306988 -0.374857418850151 -0.0600182986858576 0.119970442395858
-0.453600532500156 -0.194887290791622 0.0127042633306229 0.197011485670029
-0.495626603213702 -0.0165483578979878 0.105151786688373 0.229324140798018
-0.424971114724972 0.105861324892586 0.156844766775836 0.181949243253456
-0.395039375519681 0.197912425185862 0.265009303561725 0.118496250197326
-0.342717990206143 0.22136389265526 0.381783847806362 0.111011989552451
-0.232682137483325 0.0693805224349515 0.0669008755269402 -0.319835941232856
-0.26142758976509 0.0100030460537271 0.0636363437263986 -0.247125721116607
-0.221397674398776 -0.0798491194269468 0.0710372162093901 -0.2000861350698
-0.175100667865675 -0.138887071512093 0.00329777520789835 -0.240169122872598
-0.12220404061913 -0.20215210783399 -0.030867936440529 -0.267174990462487
-0.0692879856692285 -0.266250599121291 -0.0297877456801232 -0.343125673596635
-0.0611493278968463 -0.321628389715302 -0.0397560582236371 -0.381106510932418
-0.106907932376088 -0.36222607738296 -0.125714179788846 -0.345835558260079
-0.200267466232271 -0.360713061598144 -0.17063776161626 -0.171009910623557
-0.286084644168488 -0.2875638251042 -0.170077012139856 0.0516074617931595
-0.359197165262788 -0.131178098499209 -0.057805782215554 0.194281692040247
-0.378201893349663 0.0299842319042035 0.0984998820113029 0.218847269864347
-0.320461797556148 0.123910547504852 0.213641357015641 0.139831453924141
-0.294287983326017 0.193856695035454 0.351293843444302 0.0477760941492856
-0.261545173825397 0.193226630663315 0.486831456060505 0.0213928768306493
-0.123836200713384 0.0199239755171196 0.155244695351274 -0.329329791298414
-0.128088593210076 -0.000948919693233476 0.105652791346264 -0.226365140815416
-0.0924565688095001 -0.0461453680204167 0.0921547205984785 -0.157349108540973
-0.0611949499907434 -0.0680171196791566 0.0104537720218558 -0.1932590582763
-0.0388049922579049 -0.0989028059277254 -0.0230586343873258 -0.231074608834072
-0.020208638359514 -0.134872730357774 -0.0196584195692543 -0.347611757514715
-0.0209179554167748 -0.176546990524399 -0.0425134929705921 -0.449385699171555
-0.0562527947320431 -0.204422588815269 -0.156054938619891 -0.456906181733234
-0.113520513163944 -0.208011591816543 -0.242701850082118 -0.269501795962707
-0.16082069415193 -0.16570108995405 -0.25159436129239 0.00855090389301763
-0.189558760768522 -0.0727109925572215 -0.108605855478621 0.19966950450952
-0.198323976481694 0.0339878696793627 0.083359366657015 0.216176115659465
-0.172295353483195 0.086226619337069 0.247446234486283 0.107630260016034
-0.15557222328631 0.129682744687774 0.401048951822594 -0.00218333442276176
-0.143457273426494 0.117429786122158 0.542491337629592 -0.0399254489670822
-0.0130927295568588 -0.0013823464961252 -0.521543058129391 0.0616295151351616
-0.013818257504398 0.012868312092376 -0.404582019571422 0.0596827993428895
-0.0208279663685227 -0.0182008451232683 -0.265673549658679 -0.0585670515566596
-0.0215539274865453 -0.00954223874880444 -0.0906662011355963 -0.166553705304758
-0.016583318068558 -0.00587152768186675 0.0770746683626855 -0.167003528484937
0.0031599700071057 0.00500072585338115 0.207662235477901 0.0247749103822519
-0.00042088096663281 0.02222055650815 0.233582589272156 0.299117701198518
0.000968028296671768 0.0192683238939074 0.139869706803278 0.488827283811719
-0.0092763942943556 0.016090407356584 0.0775114800844178 0.474551432380089
-0.0107593421777526 0.018468599454806 0.0586598569204332 0.346151429075889
-0.0215957597798266 0.00761581401796809 0.0585093968679727 0.226964691113566
-0.0270231941413074 -0.0059461189912009 0.0230750703262197 0.16280288463903
-0.0166687489731311 -0.0147742370471738 -0.0742908944555533 0.137260878707255
-0.00387521554546002 -0.00523626054020071 -0.117688313109107 0.169166290644424
-0.0115459157183529 -0.012051537214011 -0.157980968060276 0.341637613527394
-0.129484503750803 0.0965911987518733 -0.517226523245735 0.0413303143570914
-0.158588127271174 0.109898780104744 -0.397732936246702 0.0322538595163963
-0.188254247705215 0.0519056221637038 -0.268659666568532 -0.0832807593136466
-0.207829156735817 0.00838102102156953 -0.109368708555533 -0.190140562750531
-0.200850710215146 -0.0669899970244071 0.0543170998614687 -0.185187867315321
-0.141521665962353 -0.136075875858422 0.183018841390776 0.00682669192208473
-0.103487378836517 -0.165992995502927 0.215317428931424 0.272891190080848
-0.0568192577385298 -0.171062660981842 0.128635544340029 0.456737641688397
-0.0476830713014808 -0.152488013461619 0.0927834330642278 0.458423778239993
-0.0432877815948284 -0.112503113468345 0.0751416832078578 0.352587196867265
-0.0758141884659202 -0.0824397078103415 0.0732014518519338 0.236117789775923
-0.107712040972772 -0.0830388853478519 0.0280428614211678 0.177993751739617
-0.110987122275978 -0.0646988908193533 -0.0689535047539865 0.153254285409575
-0.138668526281627 -0.0185595679994452 -0.0956861517613359 0.179235660700661
-0.146226199573769 0.0272129851913883 -0.116406625928277 0.335370413069161
-0.234691041232347 0.16455794135554 -0.461491201156677 -0.0263136864758313
-0.295408549646757 0.168348438284448 -0.355622061726988 -0.0447088368658815
-0.343659957577946 0.0826613269384002 -0.246120900591122 -0.138901424712893
-0.373617376280416 -0.00988614375993824 -0.12362521198975 -0.233108843203679
-0.349406390741647 -0.150463057173856 0.014128773513607 -0.216759816032831
-0.24692690758842 -0.275693549512417 0.122566397347327 -0.0461360252360236
-0.171521821504244 -0.331933672001762 0.15921432538176 0.187746848762959
-0.105535921661309 -0.337265494263228 0.0946861741999873 0.351712134863718
-0.0996886694208155 -0.307966130909865 0.0991453407458826 0.396087842108122
-0.109532888244392 -0.247741387753576 0.0965560117673446 0.340090575131599
-0.174499369640218 -0.178800677580627 0.0951189853593367 0.245177109301538
-0.234129405583466 -0.146064025773256 0.0418758959139278 0.206296484863085
-0.235295331816761 -0.0852151025955286 -0.0478851197115414 0.186136059874458
-0.274730833307732 -0.000449070492204644 -0.0460557690170453 0.199698096352521
-0.265412268510527 0.0785586830383723 -0.0278598980756366 0.318550269745158
-0.30825876681447 0.186711843793426 -0.354780113819936 -0.122359118539163
-0.396057234125057 0.167627530787714 -0.267482522584336 -0.141452340208688
-0.448394200985515 0.0550423636663932 -0.18424783607681 -0.204748605620831
-0.469411088282802 -0.0681771251776164 -0.115646924351723 -0.280050954366756
-0.415257385263535 -0.241746280826656 -0.0262742996311236 -0.256210357676217
-0.281874165084352 -0.384727884061427 0.0475174272200852 -0.13092347380377
-0.190339335667626 -0.442257690883427 0.0844781606543706 0.0514832307291519
-0.136340673865515 -0.449160665990099 0.0427160704394653 0.193677713970648
-0.162723953758078 -0.425523938038743 0.0786472891513789 0.282887925539424
-0.211348587050653 -0.359860042825029 0.0936284642322281 0.29033295684871
-0.315521334950968 -0.245927921956769 0.104003191410173 0.23707132415073
-0.391767258329446 -0.154746623433128 0.0676776106698518 0.229922217194704
-0.366762397045369 -0.0508009858056849 0.00314844523348459 0.214845783632644
-0.385738564761315 0.0589104929836813 0.0400379371370875 0.207331632721938
-0.347173768830238 0.139759681398764 0.0985799544238037 0.277024091307933
-0.335986894289683 0.169518647220368 -0.213992032029612 -0.215975332420263
-0.424672377807172 0.118423743628584 -0.146025607168628 -0.221113678467512
-0.456575013786983 -0.0130020070006906 -0.0875277606584993 -0.24874199732863
-0.451717582044137 -0.140317396898809 -0.0765685942415288 -0.307092478017982
-0.373163956767272 -0.302546263093413 -0.046900556323304 -0.289926541149611
-0.239337701518248 -0.426153900163674 -0.00973738360784048 -0.228068269697325
-0.163189783358902 -0.476540987895388 0.0183845814410757 -0.109889784471247
-0.150345718220662 -0.493339624663155 -0.0176480513350993 0.00652614365273021
-0.217808336526396 -0.48026495106101 0.0198649879191321 0.132458072917906
-0.30741783159751 -0.407245300495682 0.0399665431421707 0.207432140269846
-0.431787539959632 -0.249469556403277 0.0749498383209342 0.214558877626834
-0.501879689791747 -0.097566279439804 0.0941193443511049 0.237487153667501
-0.445018667539998 0.0284271203478348 0.0792870967429868 0.215383786556157
-0.43213169617852 0.139710301947104 0.152823088745532 0.180691588161097
-0.37466830613486 0.195519430901589 0.2434981738131 0.204298254129762
-0.309487415821735 0.122614757456649 -0.0636128925101186 -0.285096793353816
-0.374476513450268 0.0539605756897953 -0.0248185847310611 -0.254594287679906
-0.364471098392035 -0.0699704740336184 0.00948728827663913 -0.24296971108392
-0.329173212241124 -0.174160770332027 -0.0269098727489604 -0.290789547362787
-0.249703378356098 -0.28699550141002 -0.0430255231552301 -0.294582407800239
-0.151275567994879 -0.379664462751241 -0.0319335678178369 -0.306734120951559
-0.113297301530427 -0.433038732802203 -0.0225355315483126 -0.263762518763536
-0.13910661237035 -0.463674383429681 -0.0761493986864224 -0.182434725850987
-0.236604749315773 -0.45935795242696 -0.0723347813691521 -0.0291793378287278
-0.341162250993538 -0.377796340178102 -0.0602166610693056 0.120659545338003
-0.453361207119814 -0.198167945450758 0.0119265767597812 0.198165616608855
-0.49752127782602 -0.0187534493485227 0.105015690831211 0.229944010037426
-0.425743024056385 0.102720583059395 0.15693010850424 0.183456413437904
-0.397234696409412 0.197832382188519 0.265179589395044 0.119353029958737
-0.344483790044297 0.219683931732487 0.381015966770987 0.111237688897581
-0.23317974924711 0.0687013098577496 0.0687938238084289 -0.319075388977126
-0.261367953230741 0.0093988121440893 0.0640633457597015 -0.246104025159786
-0.221282874946724 -0.0811226702891751 0.0712303899868375 -0.199894373752183
-0.174293889996186 -0.140182039796975 0.0032917217310698 -0.240450693676389
-0.120594524029199 -0.203362017318019 -0.0292649904411486 -0.267717124859325
-0.0675967057117536 -0.267881844993784 -0.0271843211746875 -0.344933968499183
-0.059308357425857 -0.323565737021918 -0.038275804128061 -0.381649792570682
-0.105551295107481 -0.363879205984659 -0.123212530613322 -0.346403929697892
-0.198733436162255 -0.362650827542712 -0.169453531563983 -0.172451717834181
-0.285278346006882 -0.290328739046458 -0.170310552595039 0.0511139265287573
-0.359575778232929 -0.13299396010772 -0.0585222247074009 0.19538551450467
-0.379610278713549 0.0288481159282937 0.0981525564728711 0.219620393549794
-0.321598428963343 0.122196763461967 0.214168242438106 0.141269705180386
-0.29627891106627 0.193088216202028 0.352016712688237 0.0491059357872282
-0.262416583299618 0.192314371275643 0.486040971602775 0.0212327037967945
-0.124447265510414 0.0200589049492965 0.15691328943724 -0.327941653693837
-0.128303690167247 -0.00104923241877689 0.105854294610099 -0.224624060690769
-0.0924240710058103 -0.0471513357829907 0.0924537660301191 -0.156772820306394
-0.0605409388128687 -0.0684958638512204 0.0106900340302098 -0.19344626552505
-0.0382823792031542 -0.0994646676718797 -0.0225237777051512 -0.231406140791548
-0.0190363623637717 -0.135986996066124 -0.0179093794250405 -0.349069782906081
-0.0193219206592723 -0.17694243235947 -0.0394312639953368 -0.450287879296358
-0.0556917779278541 -0.205233612918908 -0.153187162727004 -0.459093791136737
-0.112268341851464 -0.207782271913029 -0.240896093500281 -0.272751262007677
-0.160009813847215 -0.167000221554243 -0.251429556230536 0.00711068328973887
-0.189537884379287 -0.0739961293036897 -0.108663495577485 0.200379669117691
-0.198972685559887 0.0333172994479253 0.0829173213704372 0.216829560418201
-0.173401919791506 0.0852514389599692 0.247656030949164 0.109303000753557
-0.156347568236995 0.129423005938528 0.402375907869799 -0.0016106185908388
-0.144337451361661 0.116738055293682 0.543696416538802 -0.0400126321281731
-0.0130623218543039 -0.00116170700242402 -0.523787306631345 0.0620532813000466
-0.0135383477048251 0.0131869358803437 -0.407237720532217 0.0596228843739024
-0.0207631410083669 -0.0181152255335325 -0.267448999785157 -0.0596293504591854
-0.0212147883180604 -0.00949836806878613 -0.0911172944416119 -0.167037668636737
-0.0163840832118415 -0.00556881690678288 0.0779340209930687 -0.167838871273866
0.00267222780401062 0.00525191513192648 0.207710659792223 0.0258881798859605
-0.000631692439342208 0.0226956888617764 0.232624795278092 0.299947905255315
0.00125757902437336 0.0193689925335149 0.140444587126299 0.490730921529467
-0.00913180124417702 0.0162483172319584 0.0765543638156217 0.47716738400057
-0.0105669733260611 0.0177535055323065 0.0569884089833922 0.347813470724808
-0.021623227149433 0.00789321871898832 0.0588260503981495 0.228120439754913
-0.0277013500729272 -0.0056542776440589 0.0235142204540694 0.163120144920394
-0.0167076903530558 -0.0149523351517393 -0.0732113091787018 0.136810807884757
-0.00376792651288679 -0.00543368695657069 -0.117436003314281 0.16804441021352
-0.0117034032371447 -0.0119432992520328 -0.158393063834615 0.341618547906686
-0.130781866106598 0.0964822012099934 -0.519258811000832 0.0413344240975703
-0.159503123273361 0.109444478381308 -0.399716594760781 0.0314704880039326
-0.188785729028137 0.0519380876007384 -0.269559185455136 -0.0836416334631972
-0.20814411535754 0.00791189614930345 -0.110237825696858 -0.19071722251566
-0.201209507186677 -0.0681879068388214 0.0550293708492887 -0.18504676571678
-0.141868902435644 -0.137359137404102 0.18313998301539 0.00709631904628256
-0.102654234297702 -0.166704806438413 0.214366785766873 0.274637902029177
-0.0556360754668118 -0.171672429500576 0.12725498399131 0.459238155817167
-0.0473511435570622 -0.153353822958083 0.0904303041153014 0.461653542090017
-0.0422882252227199 -0.113029690716159 0.0739179749579294 0.353894184920877
-0.0750984878353806 -0.0827721144076375 0.0733038817822698 0.236811745605817
-0.108159347133578 -0.0833444969548465 0.0284755273520732 0.179029481732134
-0.11112586255061 -0.0658664513574258 -0.0680362883008577 0.153105899418449
-0.138342953423157 -0.0193999229779489 -0.0963194217859875 0.178154256964854
-0.147155693015307 0.0275297089811041 -0.117779714806651 0.335778875584592
-0.236167175367768 0.16430002791041 -0.463274192427114 -0.025039245973121
-0.29634847544416 0.168206832774674 -0.357019918530136 -0.0444338488997681
-0.345701384710683 0.0815753583968437 -0.246824792144556 -0.139315050596517
-0.373707311490024 -0.0107953748305233 -0.123419112576702 -0.233382835835327
-0.349459438427963 -0.1526094860802 0.015048849442197 -0.216991424264186
-0.246084421522234 -0.277528151553262 0.122779647519272 -0.0461338224764313
-0.170248530597539 -0.334188089861814 0.15846455684146 0.188288241797762
-0.105183907130922 -0.338083679480842 0.0930079409213637 0.353585590438958
-0.0979828385211029 -0.309335193615491 0.0973627649499263 0.396861114444214
-0.108500872968704 -0.249561896454338 0.0953728715573699 0.342383290305589
-0.173353849394623 -0.180126378664606 0.094403130260255 0.246967998903871
-0.234647679703591 -0.146685758890296 0.0423204322940159 0.207007468346102
-0.235486721046415 -0.0865841933587058 -0.0476286526344602 0.186794280274009
-0.275576031721655 -0.00111534191648413 -0.0466863317208285 0.199016521650599
-0.26657084489317 0.0778116343629373 -0.0288486276950648 0.31824866663673
-0.310048255630969 0.187055591248568 -0.355975100761882 -0.121629644055532
-0.397761696495808 0.167678166473351 -0.268626509166328 -0.141893928085991
-0.450471134803495 0.0541244100808436 -0.183854607214037 -0.206190103016344
-0.471275011676664 -0.0697154398932977 -0.115498324174636 -0.28187724105028
-0.416553400847565 -0.244536952883708 -0.0255213662103263 -0.257010175839955
-0.281105552809057 -0.387973560702694 0.0485339845240438 -0.131543797069623
-0.188858525737592 -0.44469490579257 0.0841900047000931 0.0511456869040348
-0.136657573148717 -0.451144258172841 0.0426268143547054 0.194504407825868
-0.160686097002097 -0.427059662535207 0.0783445757662282 0.283926191986586
-0.21017023270116 -0.361941967356824 0.0930140291450103 0.292133314832954
-0.313508285458295 -0.248508399969317 0.103087741044352 0.238654338665479
-0.391969014563837 -0.157047490115129 0.0675331887455418 0.231026608264803
-0.368316631024808 -0.0531738259247542 0.00344242545456485 0.215632570179114
-0.386254131311796 0.0580413464140463 0.0395428582305683 0.207509751585638
-0.34894083748665 0.140177745610395 0.0987749126880576 0.276975540162925
-0.338219402833108 0.168945420574579 -0.214458816864713 -0.215269291869898
-0.427368979418919 0.117601793272659 -0.146195153442904 -0.22123564459807
-0.458337124811545 -0.0141904930155242 -0.0873474696628681 -0.249031062116514
-0.452197805979142 -0.143094730882685 -0.0759465722643252 -0.307590847379477
-0.373234346608029 -0.304518406801193 -0.0459990853948183 -0.291422199245505
-0.238566880551158 -0.428813713759185 -0.0087898058542196 -0.22905263874327
-0.161324136934682 -0.478413380322805 0.0178918774278027 -0.110555099559288
-0.148174296554578 -0.494721274592709 -0.0167871324693048 0.00683592677517969
-0.216078303475653 -0.481860401815785 0.019351841105842 0.132825174109723
-0.305100136147417 -0.411150909080916 0.0397180319362908 0.208640840485896
-0.431913121829015 -0.252105072517711 0.0744922325021194 0.216416732511154
-0.502505798487426 -0.0994261075308407 0.0940804581306544 0.237771868296597
-0.447246047978751 0.0269340528436283 0.0797879643446225 0.216554304730411
-0.434277420299097 0.138833590149501 0.152658083450696 0.181327507437409
-0.377002276557844 0.195148747658832 0.243622716555049 0.204647383387331
-0.310677708940255 0.122673071366482 -0.0625331990798826 -0.284277894784508
-0.375838421642001 0.052028163614931 -0.0244759643485165 -0.254052131167186
-0.365002623407077 -0.0714491045128488 0.0100509225885543 -0.242835723946632
-0.328356044262372 -0.17620657305149 -0.026518373270627 -0.291447646435055
-0.248911179716097 -0.289691391864927 -0.0424028551727357 -0.296037397112742
-0.14968903798661 -0.382757602871 -0.0303157280248262 -0.308392091236164
-0.11047039751678 -0.434046140738087 -0.0217557298071401 -0.264809848484665
-0.136730624574644 -0.465463375165883 -0.0747566305623081 -0.183351010429696
-0.235663552958888 -0.460495802034233 -0.0712571603438655 -0.0297330102668459
-0.34032830783616 -0.380852470019463 -0.0602694276155306 0.120931060347565
-0.453971154499064 -0.200181865368511 0.0113680427247033 0.199033277567633
-0.498760420886412 -0.0195949284717814 0.106063873474429 0.231018179822533
-0.428702031826681 0.100967651875205 0.158259027360518 0.18498150384212
-0.399113600712485 0.196835271669566 0.266066176716138 0.119710829418724
-0.347768644614913 0.220558154637253 0.38305215974722 0.110706185522058
-0.234842314861208 0.0679376780432012 0.0694427212406546 -0.317681013768354
-0.26208615241944 0.00879295461214966 0.0643727987514854 -0.245651687826898
-0.22078141714822 -0.0821081014775654 0.0714455118957837 -0.199360121029403
-0.174197684551956 -0.141702414830774 0.00418397810881972 -0.240978882768955
-0.119632809712612 -0.205352612427685 -0.028294394238654 -0.268623378005645
-0.0661845594666667 -0.269983276515445 -0.0264146338566869 -0.346055650324328
-0.0575001508618181 -0.32431249060295 -0.0361229982478177 -0.38366118814488
-0.104503037594845 -0.364569458498817 -0.121615980522196 -0.347582939856321
-0.197420473637186 -0.363459007298515 -0.1680126529549 -0.17394791593012
-0.284898677528357 -0.291941931358351 -0.170266860695282 0.0502827949922054
-0.359865202693872 -0.135572956791244 -0.0589441028726728 0.196085804332686
-0.380888857716463 0.0268519320725775 0.0984321956583634 0.220491339557857
-0.323282949514244 0.121668259563367 0.215620287744688 0.142726408459659
-0.298088598244231 0.192843701050648 0.352701242761305 0.0496355137619433
-0.264745232861288 0.192500707185809 0.487090716847277 0.022036219132549
-0.124865580482189 0.0198641608067311 0.159084840551766 -0.32664647938036
-0.128669994448671 -0.00168923354326398 0.10606978056207 -0.223573588792985
-0.0925480513215589 -0.0480202468443271 0.0925778244800242 -0.156168365825944
-0.0602993849573788 -0.0688595669053831 0.0106447989771958 -0.193692528214347
-0.0377624476828188 -0.0997649308726564 -0.0220515351551081 -0.232434544708863
-0.01811627973951 -0.136936518117879 -0.0165904546260183 -0.351574076911211
-0.0184120590528411 -0.177752409471601 -0.0376637673506374 -0.452153105235499
-0.0548837194580064 -0.205086871075523 -0.150063648300062 -0.46061921375916
-0.111612929080691 -0.208500763901776 -0.239309879609355 -0.274618732137393
-0.160457189506505 -0.168321115577871 -0.251767460655128 0.00656570651972976
-0.189809558960597 -0.075547773313847 -0.109712542387504 0.201076082609779
-0.200025002442876 0.0327264593010645 0.0834771052697244 0.21830517546919
-0.173672437195763 0.0851354713748852 0.249406973557004 0.110675464726716
-0.157846732503346 0.129450098313568 0.40360352006121 -0.000522939426188755
-0.145365222802017 0.116906410387765 0.545226947476685 -0.0393127804807653
-0.0128628605307646 -0.00150287804682529 -0.527406429405377 0.0620516645707916
-0.0132199827660895 0.0135141401893059 -0.410334888657772 0.059186842358807
-0.0213704129764391 -0.0182553450400725 -0.2688767519391 -0.0594528455859065
-0.0213116015416507 -0.00987924682137347 -0.0916956114768819 -0.167960826138662
-0.0166488498278596 -0.00550011907222707 0.0786155887375934 -0.167084755622412
0.00239085819853121 0.00546363237804762 0.208671413546675 0.0264098706923613
-0.000543241708533405 0.0227598414871386 0.231909171023008 0.301643449117068
0.0013944762413009 0.0195060177057733 0.137255202843559 0.493680002942245
-0.00956064845045562 0.0159344856662548 0.0740634350535336 0.479003287645827
-0.0103442560438145 0.0177192757106585 0.0553784053420771 0.350053065543566
-0.0214760285922713 0.00786145150126529 0.0580917158129355 0.229092226409413
-0.0277699730911849 -0.0052672708822112 0.0243558919784338 0.163417860482517
-0.0176132876491597 -0.014704941795202 -0.0735777271911206 0.136676018996238
-0.00340411603313981 -0.00529771612490372 -0.117670979900245 0.168092549743654
-0.0115543317700571 -0.0115757683962631 -0.159709085757536 0.3401947418557
-0.131393843123197 0.0966620135325536 -0.521842724925782 0.0408404163924099
-0.160270724383404 0.110563220291129 -0.402751340283254 0.0315953840413516
-0.19063346421144 0.0515843068725498 -0.27174815933545 -0.0838463478026423
-0.209131872728885 0.00680683109496733 -0.109524716135916 -0.191667253816916
-0.201886112906681 -0.0691111722817884 0.0560749625893561 -0.185687903107303
-0.142361343625625 -0.138885869276536 0.18406317876168 0.00773213450920198
-0.102672079268802 -0.168398537691151 0.21305807814778 0.275883971936525
-0.0550860908060401 -0.173279968241555 0.125107754315884 0.462288017362241
-0.0464415158002289 -0.154208924643801 0.0883477307157567 0.463280057680862
-0.0420928771456139 -0.114071028524077 0.0727165069898901 0.356060231336485
-0.0749488317601228 -0.0833343442060085 0.0728448099429113 0.237583437151271
-0.107971288227444 -0.0841069568501348 0.0288905373411206 0.179411244865823
-0.111422137847519 -0.0664338600531038 -0.0679673543616473 0.154432216770933
-0.139423347135431 -0.0196811735488701 -0.0965607583114991 0.178540908505415
-0.14743809152942 0.0276016877907697 -0.117840757724557 0.335398602387093
-0.238448793502391 0.164844564443511 -0.465455583603366 -0.0265620001138604
-0.298152586316104 0.168263842174146 -0.358917606466819 -0.0451591882029123
-0.34756209868905 0.080988780153714 -0.248639870983792 -0.140326471819892
-0.375568565293344 -0.0122095654595764 -0.123953377736158 -0.234173669375423
-0.351854688597161 -0.155113734595258 0.0152956305774888 -0.217548663065906
-0.246737600700129 -0.281009363014677 0.123221878839162 -0.0465306989990195
-0.168517599011003 -0.335501971412672 0.157673601352276 0.189377751003022
-0.103257497202643 -0.339481773955327 0.0928556514107357 0.356440593884139
-0.0974525129899839 -0.310867459696165 0.0968814058451585 0.399621878603301
-0.107686527154981 -0.251324594855276 0.0947978120991723 0.344561113356509
-0.173686919034856 -0.181182300187763 0.0946503621078641 0.248243203043188
-0.234695652233716 -0.148361868810286 0.0426606995284613 0.207871768435202
-0.236455275455047 -0.0877894534526009 -0.0472059050856449 0.187763459675283
-0.276771876982724 -0.00245484416304793 -0.047487220731715 0.199391194706723
-0.268051664063647 0.0780602749890357 -0.029450919854752 0.318765071196564
-0.312921579023565 0.187576322800937 -0.357328753399322 -0.121471666300531
-0.399168202448234 0.167201854014322 -0.269416077651859 -0.14211408538987
-0.452336202757905 0.05373282996938 -0.184495466559788 -0.207198388245515
-0.473523265288114 -0.0717476230525824 -0.11542465114222 -0.282353306361466
-0.417112529406311 -0.247477387502751 -0.0244511736783665 -0.25918561944975
-0.281000253098614 -0.391091663213717 0.0486438844053201 -0.132466158991809
-0.188247030345493 -0.44791135655269 0.0840057822834097 0.0514676821200328
-0.134855032984697 -0.453523643384342 0.0420455707735576 0.196817816346205
-0.160273095839327 -0.429638762117782 0.0779089736812189 0.285606833655021
-0.209516925770047 -0.36540415371843 0.0929105652243947 0.294377441798291
-0.31375329013954 -0.249772469357618 0.102837856979244 0.240558147139724
-0.394243483868662 -0.159249296979685 0.0687303249048495 0.232289421539059
-0.370201545783852 -0.0542841916929102 0.00410985514152796 0.21692467461172
-0.388943564684564 0.0582123985256629 0.0388936745405299 0.207831411534814
-0.351456571944767 0.139345873704468 0.098467672279335 0.276984585806368
-0.33992041353605 0.169425183720025 -0.214195019967508 -0.215091366356504
-0.429265894172547 0.118664314589783 -0.146490240797141 -0.220988094630138
-0.460451155852106 -0.0149612581662487 -0.0871479058503184 -0.250191035807339
-0.454297726413175 -0.145568448060392 -0.0764501558094482 -0.309457993520541
-0.372910727190582 -0.306756630059089 -0.0450491751965167 -0.292485700109851
-0.236975488634361 -0.432530468857697 -0.00806563079408297 -0.230688922365711
-0.160319927414855 -0.481598872262902 0.0187332356828355 -0.111125447713206
-0.146850915138751 -0.497931306941625 -0.0160922485693703 0.007434128615675
-0.216913118189985 -0.485946996461939 0.0199651285808013 0.133219597735589
-0.305935949177199 -0.415225437083611 0.0400368598648529 0.210354576662649
-0.432640746406541 -0.254233098462967 0.0746490376839755 0.218143695669844
-0.505074825987024 -0.100802315520621 0.0954053602708101 0.239404701324526
-0.449674799028059 0.0256678784994884 0.0814591435665646 0.218510465060003
-0.437098447789218 0.137813872135926 0.152564864475324 0.182288806272724
-0.38127884482369 0.195700245709413 0.244572045103995 0.204916728160764
-0.312557556637372 0.122059049867417 -0.0622769973020009 -0.284405106485955
-0.377168343012912 0.0522632195852861 -0.0244926869029011 -0.25380522175025
-0.36616377617666 -0.0730008662712794 0.0102074984627891 -0.243740062940933
-0.32935184499781 -0.177786490387626 -0.0267532006832577 -0.292773494836325
-0.248865806797788 -0.291454265496567 -0.0412462023944764 -0.297512215883206
-0.148476055195869 -0.38625734325171 -0.0302556816759886 -0.310960963283041
-0.108625117199489 -0.435532170538379 -0.0206662882737123 -0.266177345279529
-0.136800414624715 -0.467951299643626 -0.0737863108888395 -0.183856024114482
-0.233980565499099 -0.462857799694856 -0.0709932478404422 -0.0306675391915598
-0.340090711307289 -0.384044961521903 -0.0601995677529749 0.12147914222182
-0.455023212596269 -0.203106998774292 0.011334723905522 0.201051848852673
-0.501210031443725 -0.0203661623613878 0.106177903613756 0.232423690774798
-0.430690885947571 0.100896325551813 0.15986809434833 0.187228607625438
-0.402017388705308 0.19664750939417 0.266731667664006 0.120969023252056
-0.349899701470377 0.220072684569161 0.383377432284201 0.111181672688135
-0.23548470621023 0.0684231022104824 0.0715663166962963 -0.317425470471771
-0.263475641189934 0.00765223021157353 0.0642859627473946 -0.245018073677516
-0.222020950934721 -0.082826688024223 0.0722414429614671 -0.19948054427794
-0.174330132829415 -0.142429383916764 0.00366631404140497 -0.241405946198421
-0.119122011454405 -0.206106023838209 -0.0282023635562763 -0.270696003860407
-0.0656235098965425 -0.271717424645422 -0.0253228908498271 -0.348543390529812
-0.0556049623179476 -0.326450623567975 -0.03521050446037 -0.386230105061624
-0.103409152793312 -0.366114428448764 -0.120231456201675 -0.349555996095887
-0.196902800508731 -0.365653745027783 -0.167455532031122 -0.176340664847687
-0.285461816863845 -0.294633352371009 -0.171006190948802 0.0508038623332183
-0.359742733665715 -0.136182870549493 -0.0587676211788422 0.197284707387031
-0.382540246324348 0.0275852811439628 0.0990354795696821 0.222195593100793
-0.32548419668919 0.122072351999072 0.217259951773586 0.14404853332895
-0.300330105924703 0.193210040900828 0.354736356679512 0.0501015378637628
-0.266452938304676 0.192821022068535 0.489601105766507 0.0220760066997427
-0.125570967520574 0.0190890426807017 0.161208391146887 -0.326796542740262
-0.129234563987238 -0.0018960053616945 0.106571870315412 -0.222627114961264
-0.0927004116342461 -0.0479089008414957 0.0933746742102728 -0.156256851266017
-0.0599610401690947 -0.0693877683796144 0.010592816963908 -0.194796690442377
-0.037067575759602 -0.100737652384649 -0.0214924535260092 -0.233923292872075
-0.0174666479561806 -0.13797980854104 -0.0158823209470067 -0.353389724618718
-0.0175585379926843 -0.178789199354682 -0.0364443619746743 -0.45472815541575
-0.0541815738037035 -0.206323827603505 -0.148360872565672 -0.463838349398718
-0.111329354867501 -0.210057994433923 -0.23889730913365 -0.27714336888238
-0.16073030599476 -0.169589248138637 -0.25177114130745 0.00564265942559227
-0.190483600262129 -0.0767304328548403 -0.109872964363573 0.202224572670578
-0.201486781404138 0.0326994312869216 0.0831844290613307 0.219439065454618
-0.175055337815508 0.0850029925331149 0.250580646767134 0.11172910361946
-0.158611304918627 0.129664741281181 0.405925929020885 -0.000924111476663021
-0.146386714429247 0.116797774781883 0.547807786448186 -0.0402658372626212
-0.0132428336687067 -0.00157102808022226 -0.53104939363513 0.0622271716366315
-0.0128210072844966 0.0137625381826054 -0.413598675071575 0.0597249949335199
-0.0216370556479994 -0.0181356328072255 -0.271380748957853 -0.0597239338633404
-0.0210552309657336 -0.00992647345665378 -0.0920846362884623 -0.168533035348831
-0.0165683684844286 -0.00530588459289141 0.0795929284184215 -0.168268162327967
0.00215163559184297 0.00562850281284983 0.209275646869644 0.0274941707844228
-0.000271752391407942 0.0233473405518244 0.231980901233582 0.304342094483815
0.00134634777914754 0.0194464968932391 0.136891716095689 0.497788049727433
-0.00941778116698047 0.0160661332541199 0.0731902583773627 0.482142920964376
-0.0108511029100509 0.0174344993045761 0.0552998661079917 0.353000411390735
-0.0216955168200545 0.0078560239126013 0.0583271527406007 0.229804773677957
-0.0282070233736279 -0.00559814462736737 0.0244258215476349 0.164708398085854
-0.0178707764853474 -0.0149940506569594 -0.0733898659016945 0.137588643399316
-0.00361841542821842 -0.00553657767784787 -0.117961614118127 0.167862796008374
-0.0118855404940823 -0.0115487338558104 -0.160541881711421 0.341724247574312
-0.132630734298563 0.0966072562748972 -0.52438063283694 0.0416396152415176
-0.161229460664553 0.111065726722126 -0.406573013152869 0.032427416484123
-0.192453060266224 0.0518901901490908 -0.274199907471217 -0.0847477841334878
-0.210603239012954 0.00683347199327459 -0.110500313603834 -0.192267509862652
-0.202877614221713 -0.0697723868270257 0.0561571492351669 -0.1868498612144
-0.143090741353466 -0.14004270335438 0.184497002985057 0.0083808316399817
-0.102275511854267 -0.169959008053877 0.213498387309623 0.278203690455527
-0.0552301294685942 -0.174216806484353 0.124886244560009 0.465694310695693
-0.0463292430701425 -0.154842710172189 0.0879401229354395 0.466928719676252
-0.0419550208661805 -0.115413384788551 0.0721308962139873 0.359128609803716
-0.0747178195100073 -0.0840075617066415 0.0730018626700825 0.238604408748106
-0.108302602339417 -0.0843769353481413 0.0293653502675833 0.180120714508527
-0.112359239152641 -0.0673306678174758 -0.0681253462026529 0.154895985569481
-0.139945744241988 -0.0197333928854126 -0.0969636454185754 0.178311444376701
-0.148689165338156 0.0271745485907086 -0.118882544203918 0.335913031631
-0.24056671563301 0.165038340610249 -0.468428583156731 -0.0249297444443202
-0.30030409912018 0.169540974242145 -0.361819577586055 -0.0442883090928149
-0.350331288823515 0.0810322735975916 -0.250003801110654 -0.140905997451765
-0.378265823713341 -0.0127131057206774 -0.124901609420023 -0.235923204357471
-0.353760266976008 -0.15685775156717 0.0160054769378233 -0.21911685724272
-0.248264428931425 -0.283348869539014 0.123927452018246 -0.0465494607082694
-0.169018869783631 -0.338052303385141 0.15793414054162 0.190919866336423
-0.101993522313888 -0.342047943175838 0.0926198843127986 0.359499404919039
-0.0967770569567005 -0.312914595011129 0.0962441272386239 0.402188532638437
-0.107363688348043 -0.253735706788776 0.094794305655769 0.347771108849029
-0.17311741527923 -0.182267790837825 0.0941506404451816 0.24977582361941
-0.236390042239739 -0.148760136368548 0.0434231189392095 0.209120241052022
-0.23825984582585 -0.0885551433106389 -0.0464987609984992 0.188970780978604
-0.279284021538045 -0.00291952823483996 -0.0476273821951711 0.199791993624024
-0.270388449834244 0.0782927655215146 -0.029332706472981 0.318392542782835
-0.314858424784365 0.187067012114519 -0.358951306200079 -0.121485229771321
-0.402330090042722 0.168102032374048 -0.271421415945735 -0.142189080145398
-0.456002512282781 0.0524284641116518 -0.186144783542337 -0.208768003168887
-0.477538841268192 -0.0732843865335661 -0.116360920870931 -0.284329119820148
-0.4188178587934 -0.250658190912404 -0.0243474615920523 -0.261180494195178
-0.281083775772215 -0.395625653855425 0.0492767134423582 -0.133631633640319
-0.186940450733413 -0.451303871952241 0.0841518361685659 0.0518844729618359
-0.133524889645223 -0.456992413340918 0.0420549790112526 0.198596195193629
-0.159175053417395 -0.43297093124789 0.0779522106762403 0.287069218905166
-0.209123561403657 -0.368093266849782 0.0935321535740548 0.296708091371089
-0.313645451216995 -0.253177269847429 0.102434107902419 0.242887198013905
-0.397276694981326 -0.159441713790655 0.0699557875407114 0.233299065832231
-0.371375128047141 -0.0550164123600866 0.0045923811592063 0.218553146931278
-0.392550258707082 0.0570375329692785 0.0394512476700207 0.209071635231818
-0.354079182150872 0.139459260320993 0.0984639841765825 0.277318724297275
-0.342963106267894 0.169209882075073 -0.215777373481808 -0.214922239696941
-0.432551917983897 0.118449321532442 -0.14774089244709 -0.221098035268302
-0.463712795399226 -0.0157954562574769 -0.0878453500445412 -0.251414792002563
-0.456187893361087 -0.147993042363554 -0.077165957567076 -0.310755461600021
-0.374750594410956 -0.310073721099346 -0.0449407099151508 -0.295088519608835
-0.235591904543378 -0.438369596313034 -0.0077258800014031 -0.232869875135049
-0.159242415975495 -0.486095619024059 0.0190451540455971 -0.11224848455543
-0.146514858095414 -0.501102439582884 -0.0157317714424521 0.00790944585978387
-0.216158315287813 -0.489301571875432 0.0200621418811568 0.133991988545348
-0.306872963238866 -0.417988554731641 0.0407743523940077 0.212141131348313
-0.434036717721654 -0.257783520334556 0.0742920418242134 0.220250712557459
-0.509207949311685 -0.102764597739236 0.0961333335296244 0.240988312770689
-0.452892605883971 0.0241597508101281 0.0831153645534321 0.220241235226779
-0.440999013263633 0.137527033786806 0.153527432437987 0.183489466500283
-0.3826779278937 0.194284047622422 0.24543645092944 0.205510528336368
-0.315185530456511 0.122853628515188 -0.0614136249049032 -0.284823820588363
-0.379200831535448 0.0524878928735507 -0.0249785599241237 -0.254658479415458
-0.369470398465634 -0.0738528632894392 0.0099009324037753 -0.244473047103589
-0.329440137603449 -0.179242094757127 -0.0268146606296584 -0.293649628014656
-0.24916364788406 -0.295107777107942 -0.0407928860767054 -0.300173158357576
-0.147072086366269 -0.390136392078889 -0.0292291224990624 -0.313307378029323
-0.108294658452706 -0.440432575095785 -0.0201090134923152 -0.268645938920205
-0.135191395370196 -0.470123419535406 -0.0732463352223674 -0.184953815941786
-0.234278144655425 -0.466328774533246 -0.0710159245598474 -0.0311511204800509
-0.341831863244434 -0.38909019977295 -0.0598780433132255 0.123165625871732
-0.457666368815582 -0.206347525589852 0.0113908610148583 0.203534306422706
-0.505648320235116 -0.022129225160444 0.107575171038101 0.233158571023708
-0.43363115510868 0.101286729244032 0.161354602570288 0.18922093627391
-0.405415746142988 0.198076934267172 0.2688670428164 0.121082410381191
-0.352695446540778 0.220367297877811 0.385564140451902 0.110680310030817
-0.237308065209054 0.0675876986395908 0.0731029013929095 -0.319001645997115
-0.264493294253055 0.00723514645801059 0.0651754976794537 -0.244908811590566
-0.222902524196219 -0.0836219641990134 0.0721190266751601 -0.20034677062214
-0.174572539924262 -0.143519348045569 0.00371981307615466 -0.242527443798155
-0.118978333144731 -0.207989612651921 -0.0276955557516007 -0.272231212966137
-0.0649678731694026 -0.273988960627915 -0.025085044249255 -0.351581871306359
-0.0540864928644994 -0.328653286688993 -0.0330833578715792 -0.389010976980543
-0.102744705117359 -0.368988002898616 -0.118823064811937 -0.3522620845331
-0.197494162388903 -0.368980684706025 -0.167218607689936 -0.177623602541202
-0.287044339339145 -0.297330315158338 -0.170670229092861 0.0510029276076653
-0.362919925447293 -0.140356838298693 -0.0593596848813167 0.199148788828201
-0.385118919221863 0.026548974114885 0.100304229503435 0.223806305577716
-0.328492882542892 0.121289810537257 0.220105382135126 0.145888778992839
-0.30275418922903 0.193861462910338 0.357395491482531 0.0503079298011767
-0.268669187650206 0.194102352243422 0.491929889359024 0.0197191375795938
-0.126406509297899 0.0195203453229417 0.162569412336154 -0.327479091598251
-0.12986027102226 -0.0022612808040111 0.107010784129291 -0.222887128190923
-0.0930789576050424 -0.0488803206226134 0.0931054464752886 -0.156359153975355
-0.0597978762166203 -0.0696880797075396 0.010264306363548 -0.195780457286365
-0.0367121580593901 -0.101639489907196 -0.0218076405367294 -0.235394182068344
-0.0176533811676163 -0.139452249020838 -0.0149576586600348 -0.356354327462413
-0.0169131560876798 -0.179972704065861 -0.0358181155255077 -0.458880436250772
-0.0537335150273335 -0.206945799375734 -0.146756847060263 -0.466963131600876
-0.111892728870496 -0.211196461195781 -0.237796114301134 -0.280394058200603
-0.16111316640905 -0.171322322585143 -0.252645119771829 0.00471816606929799
-0.191667646791028 -0.077375383705058 -0.110201143730819 0.203440193199336
-0.202494674148421 0.0326944243786524 0.0844503866601754 0.22054939021431
-0.176792159286182 0.0855192755057308 0.253297790694442 0.113290999312931
-0.160081472984386 0.130517360392519 0.408853893864043 -0.0011747984770761
-0.147900144226273 0.117968896600701 0.552589028778538 -0.0408482779862681
-0.0133082838463241 -0.00179991740778056 -0.536151713869938 0.06443808216967
-0.0124330586785757 0.0140112815283047 -0.417384331908581 0.0616183603414803
-0.0218498669548749 -0.0186226198550526 -0.274015489475372 -0.0591420494733436
-0.0212438207441157 -0.0102500559489712 -0.093354154787379 -0.16949085667048
-0.017153677342589 -0.00516965312975856 0.0806285514699429 -0.168758762530997
0.00231822952736147 0.00576858324677567 0.21062982054021 0.0278809285131654
-0.000420854438068164 0.0232220668964975 0.231512843317989 0.307715380321659
0.00144219702935187 0.0192393161923275 0.136692117309129 0.501860930878287
-0.00913145576224418 0.015520128696363 0.071240894875145 0.485434968088294
-0.0105449137109693 0.0176857431298639 0.0554741068340917 0.355915656533171
-0.0217632194017888 0.0081048149954033 0.0586054474223609 0.231487080496812
-0.0285866655662325 -0.00515527586821169 0.0251790180238862 0.16543856849856
-0.0184213907319418 -0.0154386172767923 -0.072898442516409 0.138566937553301
-0.00340842181145318 -0.00577421061793177 -0.118475897508308 0.167907978865152
-0.011776053056502 -0.0112032406930591 -0.161714762769535 0.342782038990298
-0.133627565513056 0.097250270537704 -0.529619643212096 0.043637973941676
-0.162180245381322 0.11201823965971 -0.410119603330059 0.0329885200297549
-0.193889597678502 0.052224156356624 -0.276001119665764 -0.0849602483811778
-0.212397018790374 0.00688142855921159 -0.112202019186148 -0.194236288354561
-0.204612714603067 -0.0705286782928974 0.0575473700086587 -0.187687940292087
-0.144565261392241 -0.141288073590463 0.18572704995083 0.0081666466132189
-0.102781578179995 -0.17102969229567 0.214268311834157 0.28061789188833
-0.0550309556683192 -0.175681389551718 0.126014588543316 0.469633299726061
-0.0458128048090756 -0.1561592381946 0.0881490549348882 0.470694884884821
-0.0415459105681682 -0.116812968297402 0.0727069581523217 0.36209231568766
-0.0742866906002794 -0.084079901653012 0.0732238732783795 0.240180310625502
-0.109271162003634 -0.0845074903866736 0.0300417722580632 0.181725723635967
-0.11350128330127 -0.0678533129428295 -0.06706509340028 0.155851430480099
-0.141138539236745 -0.0203651766143905 -0.0971625699785607 0.178832831779433
-0.149862677456878 0.0276084390196437 -0.119279860482729 0.337262062486021
-0.241873829739612 0.166317316647876 -0.471856427377241 -0.0232082520579349
-0.302897238850489 0.170777821672753 -0.365206383702535 -0.0438672311670303
-0.354116407656557 0.0818188745531839 -0.252716372372779 -0.142146744254989
-0.381530077166069 -0.0135620347082309 -0.1256772758679 -0.237033794859422
-0.355974723047212 -0.158580125403328 0.0164388575686006 -0.220225975693875
-0.249505562583984 -0.286437321128103 0.124767010736007 -0.046967264392862
-0.168743445391593 -0.342527891677885 0.158355682182881 0.192303363169413
-0.102261876374951 -0.34460737453178 0.0932761936232934 0.362319137450256
-0.0975668823730878 -0.315211311632112 0.0966743473796359 0.405636725715214
-0.107225144913128 -0.25559898567594 0.0949912897321911 0.350862113143814
-0.173063552119889 -0.183964984586363 0.0946705301827295 0.252299658847907
-0.23806480769021 -0.14943666102345 0.0442275422219965 0.210913320876432
-0.23973951166823 -0.0896361971274886 -0.0460888706708712 0.190386369274002
-0.280901399885987 -0.00253022135520094 -0.0477179749809308 0.200751940087567
-0.272838960342784 0.0792078930374865 -0.0294462202925806 0.319923005660441
-0.318173789732401 0.189399683752337 -0.361480072306918 -0.120314358415021
-0.404074125299116 0.170143965702834 -0.273791091973313 -0.142086012546874
-0.460167612454595 0.0528714089399509 -0.187620965044506 -0.209683583559686
-0.480621922599148 -0.0750561870265897 -0.117548702570134 -0.286043436315428
-0.422548672550511 -0.253411862170276 -0.0241062189659116 -0.262792611477044
-0.283006756539218 -0.398556911956404 0.0491442040454225 -0.135162827709151
-0.186742252982845 -0.456168671698314 0.0841169144392799 0.0522430692473807
-0.134064991242679 -0.459524026735906 0.0428561892811419 0.199970092000951
-0.160573610224233 -0.435707568482041 0.0785524759996451 0.289628350022222
-0.209433798246718 -0.372304178971979 0.0940451484695226 0.299848566937828
-0.31503895354747 -0.254599736129202 0.10367795088532 0.244810764090804
-0.399609182691865 -0.160623779825389 0.0708823307903696 0.235824948231877
-0.374826820016817 -0.0554449875459839 0.00639259834483377 0.220037999819025
-0.395037809988224 0.0572366284092732 0.039420669956138 0.210215502710135
-0.357610423333301 0.140594568676828 0.099737933959611 0.277470485254948
-0.345926683807084 0.170138973256581 -0.216551397908425 -0.215040894066326
-0.435948239174604 0.119777302181864 -0.149284026107468 -0.221630796434771
-0.467799315333573 -0.016634459840734 -0.0888425115005945 -0.252960303145973
-0.459847438519003 -0.149579930487703 -0.0777821383045768 -0.312715912791488
-0.376337605214615 -0.314325030923165 -0.0446903101402775 -0.297703685201215
-0.238597609811478 -0.441638004957327 -0.00781974586406055 -0.234708482158919
-0.159128799706413 -0.490353563239053 0.0190372393219328 -0.112770341634804
-0.147136671557394 -0.504903410858957 -0.0153692466965768 0.00784029726208812
-0.21722207658731 -0.492756284158338 0.0209320244509271 0.134896804418099
-0.307393591716856 -0.421750569063115 0.0418129626159181 0.214737600181694
-0.436211303686338 -0.260146534191988 0.0751626262546524 0.22270408135422
-0.513040841796598 -0.103196059770482 0.0982693926693315 0.243215555284143
-0.457153807069451 0.0243053047669633 0.0847057769522796 0.222120661780743
-0.443431725449772 0.139510711837036 0.154420538522532 0.183933042513044
-0.387170383264714 0.197537303791347 0.247725881307335 0.205198409622619
-0.316894679437097 0.123708954264395 -0.0614045301410185 -0.285157543529805
-0.382636260004408 0.0536176745362892 -0.0251933955240071 -0.254480493271415
-0.371532685011184 -0.0745893472297768 0.0100276945853005 -0.246569815998197
-0.333053997594031 -0.181486383338781 -0.0277707032315325 -0.295816896106306
-0.25009767821956 -0.297048744018097 -0.0410016916517695 -0.301708556880857
-0.148441754731491 -0.393671468209684 -0.029228990352719 -0.316748244128769
-0.106511516216599 -0.443777717743772 -0.0201954592599587 -0.271462640001396
-0.135662586397503 -0.475123760079614 -0.0726434406788802 -0.1855806842489
-0.235467838245262 -0.469760363947227 -0.0704144233303319 -0.0318866972667661
-0.344231576408024 -0.392054890509252 -0.0597027082438721 0.123645034554782
-0.460716669366005 -0.208112156320184 0.0120813317427937 0.205154746822033
-0.509036336979238 -0.0210299575035507 0.109034660384201 0.235292908498947
-0.438393730018465 0.100660290851546 0.16438960664947 0.190592433034324
-0.409560639367971 0.199034188313085 0.271310948310996 0.122423667308011
-0.356165761612067 0.222641707365673 0.388786614958095 0.110010808673415
-0.239047761332962 0.0686507055571308 0.0735350826403792 -0.319477438598693
-0.26683777330144 0.00813205580478432 0.0646808791215122 -0.245679615649649
-0.224106587239261 -0.0848134635833974 0.0726573229261623 -0.200849898817937
-0.174984822558848 -0.144664256655393 0.00286762599155218 -0.243989333278203
-0.11871071524611 -0.209551218692944 -0.0278043095794825 -0.274053875280336
-0.0648377340452431 -0.276943483207327 -0.0258568692839777 -0.354492634232899
-0.0539915487732481 -0.331299307979582 -0.0346716447292301 -0.392102332291473
-0.103151726533797 -0.370521093244703 -0.118617228615502 -0.354345884979456
-0.198331257471302 -0.371464767830875 -0.16781686526031 -0.179059273870305
-0.288758506521588 -0.300190920380491 -0.171322778587033 0.0510617569020271
-0.364577054552071 -0.141417916864258 -0.0589120244661833 0.201067775756447
-0.389432562323921 0.0275801643721355 0.100906823096383 0.225381295494658
-0.331031080383366 0.122345865245625 0.22265775683243 0.146812782633218
-0.305388658280502 0.195341675830807 0.360149072019945 0.0497996648701647
-0.271236816416459 0.195172383287379 0.496236382848293 0.0193275070027185
-0.127069332727978 0.0195925947360611 0.164575409720321 -0.328460025619411
-0.131057343081566 -0.0016900749095151 0.106994972937942 -0.222224207448979
-0.0936372669765913 -0.049425386673053 0.0929802742321048 -0.157191783279868
-0.0599915750082005 -0.0707017369042273 0.00915868027698744 -0.196840874725325
-0.0369231010608404 -0.10313165316498 -0.0212959771164789 -0.237164798227506
-0.0174863135530672 -0.141541459172976 -0.0156199990813207 -0.359145784098034
-0.0163907596095459 -0.181768105514981 -0.0358501673672374 -0.463112233585237
-0.0539579561011123 -0.20859748958153 -0.147810600120433 -0.470304468557975
-0.111710581465745 -0.21307706589107 -0.239668606642923 -0.282672905777907
-0.16252643720104 -0.172845525600803 -0.253522288296285 0.00461573010032909
-0.192969070806867 -0.0785330106501222 -0.11061218706946 0.205542906554481
-0.203307795365406 0.0332105321524569 0.0857807926536366 0.222541388188487
-0.178236045980576 0.0860929500058389 0.256789729081006 0.114009792672707
-0.161449307011874 0.132052538917566 0.412807637507481 -0.00262470098704167
-0.149323297337052 0.119069415863325 0.556148625075443 -0.0428673603202483
-0.0134504775256025 -0.00178549513899647 -0.540210124400944 0.0651633659338678
-0.0119301503013782 0.01392713741702 -0.421337484380433 0.0633530777580666
-0.022392727735629 -0.0180927603995301 -0.276485762378906 -0.0586614248193555
-0.0214625281652066 -0.0105227527625632 -0.0945670486472258 -0.170619142764257
-0.0167899633516001 -0.00487296956249129 0.0808141881250426 -0.170343109599128
0.00221668566027962 0.00637662649516179 0.211987740297327 0.0280774920462994
7.32740134973204E-05 0.0234334232962198 0.233532865271247 0.309209650846717
0.00133892655119046 0.0194985363418359 0.138540311236445 0.507040493881247
-0.00909380056065601 0.0162448288543883 0.0718587330486876 0.489994915123491
-0.0107079367966425 0.0173524620323957 0.0554164544578364 0.359182321162657
-0.0215727297641544 0.00838951816579995 0.0594792837057091 0.233085296396687
-0.0290669384366417 -0.00508472563401845 0.0261857473952267 0.166476725169998
-0.0186300812163984 -0.0153138985922893 -0.072436125144543 0.13941576613276
-0.00300067475173801 -0.00559190077786238 -0.118671301814519 0.16912349382671
-0.0113480530220568 -0.0112745415456879 -0.162176504321792 0.344485720391679
-0.135069463738743 0.0982708232343549 -0.532673115458637 0.0459202937351973
-0.162907336227135 0.113539693772751 -0.413306411004672 0.03605297979206
-0.196272397662745 0.0534145790777189 -0.279670402199795 -0.0848184393340249
-0.214179742935248 0.00713216646430946 -0.113326376981152 -0.194698573791254
-0.20659545506545 -0.0710387833609713 0.0580563820112811 -0.189389391352246
-0.146210325091959 -0.142504554732898 0.187161419071769 0.00817262028337521
-0.103965873342324 -0.172645379545995 0.214727797925574 0.282800580822852
-0.0551602465271997 -0.177178567546602 0.127319767987792 0.473373741326313
-0.0462122518854219 -0.1571132205244 0.0897408605116448 0.473494685194335
-0.0413951647202898 -0.117428280653051 0.0735534144592218 0.365718594806192
-0.0749343193219091 -0.0847995795894916 0.0738567253098197 0.24223527213646
-0.11036633943166 -0.0846956866111706 0.0315482853224867 0.182800729146773
-0.114839084864871 -0.0684949234382439 -0.0668019875613627 0.1573153774733
-0.142248576810537 -0.0203530203499241 -0.0977403100214478 0.179801605315999
-0.151394509440339 0.0282652796408544 -0.119051067533472 0.338647535725938
-0.243965018873063 0.167736725310051 -0.476767195165215 -0.0214715326427514
-0.305664671094063 0.173257451885206 -0.368854174299974 -0.0431471945226414
-0.356885766797578 0.082833189779358 -0.255162605093979 -0.142284960923351
-0.385297370494724 -0.0117018071018287 -0.127928332839776 -0.238663108550142
-0.358640442708009 -0.160127715364183 0.0163112846376157 -0.222677238679371
-0.252830895210203 -0.28956523512448 0.125137456176544 -0.0478444295454967
-0.171534403745013 -0.345498810330703 0.15874711798249 0.194003532969015
-0.102744941634164 -0.347429328849883 0.0949267044302134 0.365774089815916
-0.0973092943793221 -0.31724299919286 0.0983308159196754 0.408156733293844
-0.107833341324814 -0.258454865511087 0.0963016028812715 0.354869162305821
-0.174389574826134 -0.185233524978815 0.0961366830471551 0.254122588362519
-0.240299367297844 -0.15026659467082 0.0462026886796883 0.212285721582791
-0.242391514193053 -0.0901262112081502 -0.0450698669545054 0.192194207213602
-0.28331250364833 -0.0023365243335936 -0.0476092879911538 0.201517852969395
-0.275234248714935 0.0800303481172768 -0.0289313647532274 0.321265194872393
-0.320125138828973 0.192557024831195 -0.36461727348961 -0.119339967260301
-0.409161878684096 0.172938263113722 -0.276597717077744 -0.142053262034941
-0.464796821460935 0.0544939319906918 -0.190363258332433 -0.211372351008262
-0.484143320376616 -0.0750856983190761 -0.118754858726707 -0.287561106806972
-0.42639675115944 -0.255998164741028 -0.0246634937670256 -0.265549009701616
-0.285986959162251 -0.402738671995194 0.0497191038081484 -0.136682210980083
-0.18882868794451 -0.460232259304387 0.0844012337760883 0.0525537676605311
-0.134787466307532 -0.462263014903486 0.044284517822876 0.202611541831612
-0.160881751189053 -0.439457039003443 0.0798997073251051 0.291535328883536
-0.211705315387841 -0.376308799995677 0.0957790952429776 0.30325239900356
-0.318068791418183 -0.257547901953588 0.10496905445614 0.24773732021907
-0.403366803408302 -0.160993322099063 0.0730143953127867 0.236896839984452
-0.378580451934703 -0.0562198034758792 0.00810902403960732 0.222534459207947
-0.398588997150016 0.0581957654596723 0.0401052574222962 0.211019129210159
-0.360631797214099 0.143143334506195 0.100815179239734 0.279068061938962
-0.349009682115317 0.172846356113018 -0.21868991962828 -0.215404814565513
-0.439590245689926 0.12082909279548 -0.151021918992984 -0.222371085243549
-0.471628054441287 -0.015136879823442 -0.0901443227649388 -0.254889791126016
-0.464054142431087 -0.149268971040703 -0.0796773099740493 -0.314952537086753
-0.379916134102915 -0.316848990081942 -0.0450938798785034 -0.29982827914687
-0.239573571396718 -0.446012480829314 -0.00818687548400657 -0.238072865097896
-0.160333614544096 -0.493932362084896 0.0187949135709121 -0.114299287997971
-0.148521830796611 -0.509386844227143 -0.0148037430966973 0.00859466531092516
-0.218434391879417 -0.495873511812127 0.0220914308192654 0.135631176236968
-0.310926692054484 -0.425995784541387 0.0427798199174159 0.217102358582053
-0.44048002973173 -0.263523041287111 0.0762315479564397 0.225234882599778
-0.518622063115115 -0.102486469988215 0.0995991978902604 0.244055356673263
-0.460848162836928 0.0253259576420937 0.0867208870891242 0.223971128583779
-0.448169773706097 0.141591856166239 0.156598457160879 0.184856474245301
-0.390491599665525 0.199781611595953 0.250540921079363 0.20452081922675
-0.3197812397089 0.12507707087199 -0.0621804166077545 -0.286295295454781
-0.38456051456747 0.0552351943114384 -0.0261955487685443 -0.255719422082657
-0.374792832936815 -0.0751986010321408 0.00966095071346962 -0.247787314604837
-0.336058788039805 -0.181777327748407 -0.0290853540666472 -0.297831915845233
-0.251633799717158 -0.300977893756642 -0.0413223619430496 -0.305039016590332
-0.150008608112936 -0.397690584694184 -0.0299046935586892 -0.319669005318554
-0.108156473304015 -0.446631854471996 -0.0206769837815203 -0.273838320680977
-0.137483597105245 -0.477839744728945 -0.0722504133468475 -0.187624427438439
-0.238616926837365 -0.473746980562444 -0.0701985923573015 -0.032361633071223
-0.347594039560607 -0.395692041491402 -0.0594692355388454 0.125609164666244
-0.463378144638494 -0.210445574765613 0.0126106665589982 0.207936994842156
-0.512964981391258 -0.0210488683983087 0.110931528201291 0.237269408651002
-0.442935162094987 0.102707439432798 0.167646334867299 0.192714286352055
-0.413608087017693 0.201511653261568 0.274050652648459 0.122156357185104
-0.358928523772417 0.224732227661363 0.391266555911818 0.108340932955303
-0.240622888623932 0.0694695008328851 0.0743452809465667 -0.320708962935306
-0.268740465342959 0.00838086303341115 0.0648721132656921 -0.246080453165665
-0.226472049227084 -0.0852501913391938 0.072264960839705 -0.20245870563102
-0.17629827519599 -0.145744375854289 0.00216091387671712 -0.245872561896047
-0.119521000571639 -0.21235101345939 -0.028176203696887 -0.276283384077764
-0.0656689591670586 -0.280613227616673 -0.0258171799612624 -0.358664812264496
-0.0539682811867337 -0.334613505175917 -0.0345520178685012 -0.396332647314462
-0.103503991932759 -0.373368666678828 -0.118863443295349 -0.357607911284504
-0.200372827381564 -0.374781575039936 -0.168410547909876 -0.181816233006148
-0.291976004822252 -0.30421579271114 -0.171959867221624 0.0520997870066657
-0.368703140538078 -0.142754204840287 -0.0586837759165658 0.203965683332662
-0.392129245871378 0.0280775462762088 0.103485173816594 0.227287062060824
-0.33439579394696 0.123616095006078 0.226036122818984 0.148003017166881
-0.308532685054087 0.198159665747322 0.363425011699448 0.0489844745103329
-0.273841071105732 0.197647475742196 0.501898792407554 0.0157523093041125
-0.128148755749215 0.0204344169292549 0.165737856461766 -0.330669976593099
-0.132002312149171 -0.0016037614673399 0.107029901692894 -0.223044745022484
-0.0947010700752683 -0.0498463514647163 0.093008396874563 -0.157228409649862
-0.0599668844200829 -0.0710990324188429 0.00840059176422357 -0.198096685067756
-0.0370739668151193 -0.103966922866414 -0.0227773565114614 -0.239288535366996
-0.0173651889193251 -0.14273590980033 -0.0163536522434607 -0.363067992559556
-0.0162947349827623 -0.183788983634248 -0.0372580068607375 -0.464557952642766
-0.0549111694750448 -0.209928947334739 -0.147872639521809 -0.474681592895773
-0.113301649193299 -0.214241948517354 -0.240921377112806 -0.285016956514845
-0.164511263604149 -0.174333281958384 -0.254707347690117 0.00524212129338519
-0.195147040537697 -0.0796127350121381 -0.110644187961628 0.207858831838755
-0.20534151287305 0.0337666475318944 0.0871796760549097 0.22476570794539
-0.179553893817844 0.0871142927797207 0.25941239905573 0.114174542997236
-0.163589532266468 0.133237824231282 0.416116825822522 -0.00369130265806207
-0.150126729207386 0.120809246704619 0.559631317528271 -0.0450614776461901
-0.0139236251623063 -0.00170872489136423 -0.545679444546291 0.0700092793050736
-0.0118626474497232 0.0143728811163921 -0.426593544920513 0.0661939361561523
-0.0229236013264389 -0.0181765233945549 -0.280522728447547 -0.057513210355922
-0.0213383509597935 -0.00988346465433124 -0.0963797785500647 -0.171900849589246
-0.0170487153747791 -0.00472423449198203 0.0813711453266892 -0.172211517545731
0.00228004708672221 0.00687153052024314 0.213963763934664 0.0279666161688067
-0.000106033989186479 0.0236110078909263 0.235288989528389 0.312360411018068
0.00159221116059749 0.0191827200389999 0.140577534188333 0.511542914581533
-0.00889069220436553 0.0162508187459261 0.0743553779371614 0.49526605632111
-0.0100717316843709 0.0170525993107738 0.0566147766764602 0.362466168758136
-0.0218147935830281 0.00857122716374927 0.0606837281173962 0.235239046426004
-0.0295466113487457 -0.00479722301300767 0.0275116289125257 0.167643516379526
-0.0193695446519352 -0.0151702679768208 -0.0717293262996063 0.140738716977765
-0.00344209110240881 -0.00544448127482149 -0.11849844031141 0.170194233298819
-0.0115011293174943 -0.0108101739344117 -0.161570969226622 0.346218791623165
-0.136408183854475 0.0993065269422562 -0.53969082084882 0.0489919475020515
-0.164136402681691 0.115938723981228 -0.41779339840873 0.0383094872055947
-0.197939075879536 0.0543545801787074 -0.283198688974972 -0.084302410908552
-0.216548660192564 0.00775199043484342 -0.115367172574781 -0.195992900466915
-0.208515018003975 -0.0707255129325536 0.0574897876396853 -0.191524066208325
-0.147790281647131 -0.143886132075579 0.188558069973586 0.00742257993331284
-0.104706152363292 -0.174488311073014 0.217542439226757 0.285663406895081
-0.0559106647037312 -0.178976603108509 0.128844015177668 0.478554951329111
-0.0466085745095157 -0.158499750010357 0.0904333265454143 0.478311771200157
-0.0415570803905721 -0.118379262639019 0.0746452760438686 0.36960390254225
-0.0750538978973291 -0.0853606258348598 0.0757015664310423 0.244313899339988
-0.112112887142956 -0.0849007196985375 0.0333322903933439 0.183556254906372
-0.115955978255133 -0.0687247384054031 -0.0663522961591006 0.158804757222927
-0.143814342656243 -0.0203093463712405 -0.0974929676148886 0.181168784338565
-0.152717244053151 0.0287163812060248 -0.118988342328753 0.341390260826583
-0.246831104784879 0.170024266440318 -0.480978783013683 -0.0188161179223711
-0.308022473125275 0.176069644025333 -0.372320206790338 -0.039991498240611
-0.36093725113587 0.0856978669943951 -0.258168317178702 -0.142361524085316
-0.388690719124351 -0.0117517432912584 -0.130536295428764 -0.240574485765573
-0.362289437904923 -0.160621772862225 0.0166894610628261 -0.224827184719059
-0.256103231952055 -0.29163389988633 0.125448506152194 -0.0488049370018572
-0.172450553572619 -0.348662328171833 0.16045590876123 0.195279018630829
-0.104211790331743 -0.349792199053805 0.0958464867087655 0.369928266954037
-0.0994212119494943 -0.32031767305584 0.0993350267141431 0.412453208977415
-0.109604364428118 -0.261189516459048 0.0979928151130703 0.358519278179405
-0.175604256368191 -0.186284834373082 0.0978114951154959 0.256711863465246
-0.243170286353375 -0.150254608680419 0.0478612529894771 0.213784648063069
-0.24471234020436 -0.0906501254684655 -0.0440395749624978 0.194195080148463
-0.286184237668595 -0.00146094514500206 -0.0474823070583767 0.202815013394656
-0.278229196496837 0.0818966659209121 -0.0278011889643527 0.323346945359852
-0.323414045385832 0.194736637303331 -0.368613137246726 -0.117840124135348
-0.411704907203181 0.175977371214888 -0.280232418840868 -0.141430479476949
-0.469309521734206 0.0566450906264886 -0.193472679682896 -0.212375939800247
-0.489699660110577 -0.0744764968204239 -0.121792956880072 -0.290147376835299
-0.431382926025722 -0.258218545793305 -0.0252271473015663 -0.268348795693193
-0.290071072118574 -0.406430893367928 0.0493265108003032 -0.139085781945355
-0.190975358198414 -0.46393958126748 0.0855783798477648 0.0528585262120972
-0.136555777217408 -0.46635114964511 0.0454552670563407 0.204365338457613
-0.163640762549817 -0.443949462999035 0.0813585052823643 0.294878263013619
-0.21367388444712 -0.380255249494684 0.0981892915591576 0.306986200664915
-0.320724951960798 -0.259637990287302 0.106613127509721 0.249893123704636
-0.408953038179257 -0.161468770391905 0.0753824266363493 0.238762872815969
-0.382952715090801 -0.055609063437859 0.00973896590353146 0.224964948727691
-0.402915613316058 0.0602978144996833 0.0417680792702321 0.212281475019491
-0.364244013700506 0.145611150174395 0.103177705997831 0.279650205775413
-0.351158196758336 0.175386146398148 -0.221092603539551 -0.214701548905989
-0.443799049189116 0.124570945754669 -0.153090138690038 -0.222741683007719
-0.477130519046082 -0.0149278757927484 -0.0923659121850848 -0.256797870253684
-0.470127822830249 -0.151019938776931 -0.0813580782128566 -0.31786977645507
-0.38434867430847 -0.319263897095888 -0.0460131506099566 -0.303431352942442
-0.243336574050349 -0.450770691597064 -0.00944345401462538 -0.241158559016611
-0.161936555994744 -0.500553550992097 0.0183111999830428 -0.116049726564432
-0.149099239963796 -0.51229960047959 -0.0141435589900826 0.00905653048627945
-0.221412405925534 -0.499924321282218 0.0231349254727322 0.137232911389258
-0.314122891348392 -0.428902172181525 0.0442844316907988 0.219402489832732
-0.444477169132952 -0.265088495404634 0.0776013527428991 0.227908494799285
-0.524604393373759 -0.103106607811118 0.102515332025082 0.24652536669296
-0.466001958341756 0.027094462073222 0.0902903688340357 0.226528571760968
-0.453340657045659 0.145072709482528 0.158933218675831 0.185941151931968
-0.394195749117395 0.203174145813206 0.253256791508748 0.204546289508374
-0.322759376798028 0.127506653502541 -0.0630696838977334 -0.287256864925366
-0.38894556202324 0.0572602628493796 -0.0272277319491297 -0.256241090229452
-0.378330503447121 -0.0747365212086622 0.00859076162806418 -0.249789667168111
-0.340569692120958 -0.182920905193903 -0.0306438874121534 -0.299868714041085
-0.255180438079228 -0.303914959448139 -0.0427241799774743 -0.308319482331084
-0.152848458983461 -0.402166446208387 -0.0312426557510959 -0.323094247923241
-0.108448630218485 -0.452373297501493 -0.0218239661187618 -0.276586572330329
-0.138931005229272 -0.48235714185976 -0.0729876707077248 -0.189204511798931
-0.2407308351979 -0.477558987673137 -0.0702015550480646 -0.0328876133076486
-0.352355690789589 -0.399781473344478 -0.0584739742635299 0.12651370994999
-0.469841933793183 -0.210863884030879 0.0139668009261464 0.210753443275665
-0.519166151503798 -0.0204005944244217 0.114095146741887 0.238842680746391
-0.447709947191908 0.104235738407431 0.170966285471684 0.19455901765317
-0.417671578332561 0.20522828633122 0.277124305551398 0.122033656335706
-0.362715838556549 0.228018062034177 0.396333199802722 0.106574356652275
-0.242827220743583 0.0714358363293717 0.0742478856410565 -0.322754235875472
-0.271235240772763 0.00999903891298249 0.0638056185533309 -0.247124096097661
-0.228180127388306 -0.0854722350018192 0.0719215105130175 -0.203614887280714
-0.178203199692522 -0.146935578129745 0.000356267573973818 -0.24752628461683
-0.121168645739032 -0.214373952435646 -0.0292784902925828 -0.278976904516171
-0.0671143766764252 -0.283380074628826 -0.0270488672177266 -0.362706383080564
-0.0547960327399515 -0.33803141823917 -0.0350954182226722 -0.4001345718486
-0.105017449819509 -0.377055950443149 -0.12028775793685 -0.361115365521074
-0.203726280982227 -0.377206054420857 -0.16989439759429 -0.183431432834703
-0.295101120464134 -0.305746732363454 -0.173030681479754 0.0524299247239375
-0.372478008622904 -0.14397805114357 -0.0583052982223588 0.206244146639671
-0.395961007135186 0.0298947907870199 0.105323404899642 0.228896645562384
-0.337320823322655 0.125736232304706 0.229767882229226 0.14931734767297
-0.310884560070874 0.201312154440551 0.367533564556474 0.0475627222418838
-0.276229467316155 0.200546176216098 0.504755555411464 0.0142494965147011
-0.129571418682509 0.0210407468500984 0.166254949926533 -0.332467896971341
-0.132880976812873 -0.0008534238473159 0.106484180748306 -0.223533014674412
-0.0954385164600645 -0.0499798666255744 0.0925035052778337 -0.15913514393216
-0.060627375895527 -0.0717040761884782 0.00692408256823214 -0.199732728240373
-0.0370015854796483 -0.105092097449004 -0.0235064353194107 -0.240827907516688
-0.0183949534372106 -0.144966145666275 -0.0171365654005541 -0.367182414261537
-0.0165094869933279 -0.185779257268043 -0.0378041089799673 -0.471985921617694
-0.0548888324888178 -0.211671128848363 -0.149553153098568 -0.479940208817842
-0.114836819062803 -0.215824494295581 -0.243062993866864 -0.288577964925424
-0.166447276592676 -0.176052215013796 -0.256632104607305 0.00587473016120867
-0.197585530144773 -0.0803268103997695 -0.110081986231288 0.209923453969472
-0.207375150308872 0.0349798188181316 0.08932320482302 0.226337656811207
-0.181220710613251 0.0886642062836465 0.263656234462868 0.114587325533986
-0.165009458016571 0.134634017060125 0.42059698044165 -0.00589001856359823
-0.15178497415369 0.121764859666305 0.56540980401027 -0.0492554496522687
-0.014093173316086 -0.00221644882308835 -0.551334530834481 0.0740663363746397
-0.0109171730436897 0.0147363018076943 -0.430547826101459 0.0702952416861879
-0.0229903352529313 -0.0178150900672723 -0.283647010446401 -0.0561067481470458
-0.0214086479388276 -0.00997521883309279 -0.0997299852947048 -0.17315633062192
-0.0168577044727705 -0.0045032865898971 0.0815561217641248 -0.174167524537348
0.0021192781627998 0.00696631734981106 0.215386847100464 0.0273156378081962
0.000509703829902335 0.0244912035936004 0.238512569951778 0.314547555394082
0.00181725585579174 0.0193060977994169 0.142822969561502 0.516425370586491
-0.00885526272984004 0.0158275797271606 0.0770693471411706 0.498955086197969
-0.0101953610372964 0.0172295821475234 0.059126347377997 0.366043337217781
-0.0219783270241491 0.00843994782796582 0.0623934808124728 0.236458200965921
-0.0301438668209325 -0.00403943916742388 0.0294726397041004 0.168425420259341
-0.0201186612029342 -0.01540891077644 -0.0708596555762561 0.141992798868652
-0.00325010799812578 -0.00543375428154885 -0.117796775220105 0.171412465892088
-0.011867882830447 -0.0109034245673331 -0.161577357768637 0.350141339841776
-0.137219564290542 0.100797983191042 -0.544153367141908 0.0540700622337169
-0.164558994835655 0.117393273754247 -0.422872008163788 0.0424197147238944
-0.200255884458067 0.0565107192739708 -0.287077552866873 -0.0828286957296991
-0.218157025974444 0.00856898797518432 -0.118417562095387 -0.197282813109012
-0.211635624623219 -0.0707063522323014 0.0578366639273191 -0.193616263332432
-0.150544878418485 -0.144599613499893 0.190249212510579 0.0066953726729641
-0.106351955082852 -0.175507724991276 0.219893776205927 0.287372497532487
-0.0575110715888106 -0.180540840420514 0.133123235430494 0.482856950388593
-0.0471836814562036 -0.159991529779385 0.0932664962772482 0.482749102700018
-0.0425161554080366 -0.120329848545765 0.0778064277343346 0.373671293444067
-0.0756645525349706 -0.0858181055795879 0.0779107008585117 0.246186800417692
-0.113478545267774 -0.0849832169229078 0.0353612491906881 0.185701260786555
-0.118016506138274 -0.0690466046510347 -0.0648817534073815 0.16042156861929
-0.144980591671814 -0.0197053326655917 -0.096972862763485 0.182065622976662
-0.153900587752801 0.0305320834805922 -0.117927711562661 0.343390950452371
-0.248285823825435 0.173428870949736 -0.485683500812756 -0.015124870254872
-0.309685661270911 0.179671611643533 -0.376888346105713 -0.0378901622671594
-0.36464234870668 0.0884152781609604 -0.262157984943708 -0.142070903425784
-0.39252615606802 -0.0101267712079541 -0.133128259798983 -0.24162002836232
-0.366290082742864 -0.161408031916039 0.0155891010395926 -0.227483540791772
-0.260405301392555 -0.292915844787194 0.126455694182003 -0.0503745645443145
-0.175876740355268 -0.352154019220167 0.16213504712332 0.196483091435443
-0.106559991578773 -0.353354308383617 0.0996826491277888 0.373153798269377
-0.101327886378389 -0.322579566098236 0.102665155148135 0.41628057365548
-0.110290800844629 -0.263324529466104 0.101167649607626 0.362252233723988
-0.177616627634178 -0.187209684603709 0.10018020215902 0.258645178292763
-0.246254121912622 -0.150071129822676 0.0504325730143306 0.21551783663463
-0.248965500606898 -0.0906606047684269 -0.0418417162566137 0.195772469217493
-0.288620152589218 0.000342510320553502 -0.0463603229598719 0.204400305093459
-0.280221038480128 0.0845183132760601 -0.026367312874749 0.32462789511272
-0.326207652149222 0.19853594258283 -0.373087593609959 -0.115575761908892
-0.415236197971168 0.179762325523802 -0.283976769633786 -0.139844757274417
-0.474550027223026 0.0589758163918851 -0.196201195989132 -0.21316480870231
-0.495291214839873 -0.0739159639648879 -0.125034595072156 -0.291645249879798
-0.436545056150147 -0.258981051306729 -0.026595914696583 -0.271511048915177
-0.294491873651908 -0.411241524214062 0.0489162677684566 -0.140937119099216
-0.194960889510911 -0.468194648619725 0.0859531167223356 0.0528641125992056
-0.139948270599297 -0.471018225317565 0.0467339659661418 0.206223679661189
-0.167015804428899 -0.447608552272195 0.0840560227106154 0.296800842218414
-0.217722358478609 -0.383804358019384 0.100766890369931 0.309895569322159
-0.325159149183977 -0.260646352305693 0.10930275017887 0.252118359178666
-0.413597598948096 -0.161792209435122 0.0783565905827084 0.240333279766829
-0.388024704294232 -0.0550307995281948 0.0127956146313642 0.226983031207107
-0.406537646296332 0.0631856898353716 0.0428651417788974 0.213857288387083
-0.367106051035717 0.149279392788113 0.10541651342811 0.280571355488965
-0.354516832513801 0.179209635548136 -0.224135253239617 -0.214456115114813
-0.447096520740797 0.127938498832583 -0.156111884133078 -0.223032919850175
-0.48061813747082 -0.0117816007940777 -0.0948848429965925 -0.25863533448757
-0.474665278130811 -0.151319396748661 -0.0856066143440594 -0.319922671593895
-0.390099563031844 -0.321099231702394 -0.0477452724093854 -0.30629645618109
-0.247668915440039 -0.454610320484257 -0.0104623684146208 -0.243578345202107
-0.165424577175584 -0.503748391187409 0.0179791835535646 -0.116957573403684
-0.153992458883494 -0.51720962349358 -0.0135844259396686 0.00945994880787225
-0.226082835655596 -0.504016988759862 0.0243452000596204 0.138014331707497
-0.320325954607144 -0.433460646190252 0.0463496400379525 0.221837859903147
-0.448592435967498 -0.265535849959117 0.0795584851059581 0.23051193975725
-0.530745819506219 -0.0999951880552437 0.106097377919471 0.24776660985536
-0.470934718453435 0.0294661190909847 0.0930829406729135 0.228597083018093
-0.456765109147733 0.148993183785793 0.161184156357991 0.186225763811137
-0.397008236725679 0.207495511221936 0.256649720535473 0.203204159031796
-0.325133775041592 0.129985651783011 -0.065466157474526 -0.287561133366785
-0.392013940204095 0.0599158826521505 -0.0296221354384649 -0.257226904356744
-0.382271205268492 -0.0730594870430542 0.00638978063111067 -0.251235580267838
-0.344158660158358 -0.184608477029855 -0.0331962675921203 -0.302331425540485
-0.258405396221129 -0.304534358437347 -0.0442360044401792 -0.310659503072511
-0.155452531764423 -0.406347420927366 -0.0339242092484207 -0.327360830100963
-0.11214829907409 -0.456644347695544 -0.0236913524930513 -0.279561356573768
-0.142137816292736 -0.485623483928335 -0.0731454705559023 -0.19090621700387
-0.244387086972295 -0.48217153847657 -0.0706858162878338 -0.0330076069625687
-0.357309145570215 -0.402038178046669 -0.0580489969087574 0.128094605766298
-0.473292667157614 -0.213208809154373 0.0153759264646945 0.213417300339011
-0.525113373886383 -0.0161632166767707 0.117276877402629 0.240751931032624
-0.451769318248202 0.107510827770582 0.175280255779038 0.196057346984947
-0.421165540971849 0.209632998838121 0.280310325415115 0.121417141228739
-0.364355826320175 0.233714063607843 0.400701988604666 0.103399161274648
-0.244470854502501 0.0728011776369122 0.0736286278962037 -0.324224267911597
-0.27386844732086 0.0116492622099325 0.0629556967181056 -0.248224540671649
-0.230747836623834 -0.0850451141540066 0.0707229335191786 -0.205403599413939
-0.180098506309296 -0.147605676368287 -0.00148238757090447 -0.249414234461158
-0.123443781691827 -0.216397244842382 -0.0308221902639996 -0.28154268961098
-0.0687583401973152 -0.286409330914765 -0.0290590718319673 -0.366151755350055
-0.055825361763797 -0.341777134477128 -0.0384990178559255 -0.40353654195995
-0.108384087252761 -0.379784315578604 -0.121651940773189 -0.363873975686385
-0.207226872433422 -0.380526859900928 -0.171898507809032 -0.184673532773994
-0.299979673908317 -0.308531584810316 -0.173444871036857 0.0539925658619861
-0.376276778402022 -0.144260045055741 -0.0573485015117106 0.209015544872866
-0.399954248704712 0.0325482384770924 0.108946306220623 0.230544682394301
-0.340655639146168 0.128563386199913 0.234517769394618 0.149643316306438
-0.313490797028317 0.204470270893917 0.371736620111293 0.0460100655746903
-0.277747247600084 0.204549398096629 0.510404183335132 0.00862769083055457
-0.130313711077105 0.0218468816404023 0.166648039817513 -0.335381624741036
-0.134111801551165 1.94406572704055E-05 0.106104597754155 -0.224409503846691
-0.0965844783207331 -0.0501378222136466 0.0921962147137657 -0.160386361490622
-0.0614857287596441 -0.0720688601629985 0.00467685441456458 -0.201529628891488
-0.0377603344298889 -0.106271535853216 -0.0252898660921692 -0.243287825772246
-0.0192085434954656 -0.146862049937808 -0.0201494641256608 -0.370186716687385
-0.0170507768176438 -0.187402640656077 -0.0390411916102903 -0.476180140582186
-0.0565056454408837 -0.21320511103666 -0.152382306102535 -0.483196222731554
-0.11684972646108 -0.217364586690074 -0.246001779808008 -0.290761597599868
-0.169140827828955 -0.17704825774597 -0.258704371998567 0.00608241820665648
-0.199666150223561 -0.0803657380831957 -0.109190617432545 0.212770896182012
-0.209226468788494 0.0364196166451126 0.0919163044421344 0.228566101616786
-0.183139556506826 0.0901607341548486 0.268253308134229 0.11426571221426
-0.165336439992379 0.137531193529036 0.424894168187261 -0.00963161638843201
-0.152391917235192 0.124330310282558 0.570168563085334 -0.0546088604306683
-0.0144823604650456 -0.00217875914064591 -0.557851031222656 0.0815246822796052
-0.0104360703965381 0.01477626720091 -0.435229750627222 0.0753235432474692
-0.023865493322931 -0.0175107553180866 -0.287937895504863 -0.0541118841254699
-0.0214005666647315 -0.0102539581849095 -0.102075419244428 -0.173505884960143
-0.016908815289081 -0.00413248621982919 0.0804331310493012 -0.176398310358341
0.00175596574139584 0.00768891131632866 0.21741881168537 0.025985601207146
0.000817821254872241 0.0246354304118113 0.242102803898493 0.315605300858519
0.00240763309097814 0.0193670054730583 0.148050414062114 0.520961533084221
-0.0083723376990166 0.016406386353738 0.0795954981678955 0.502864091910408
-0.00982769316857379 0.0170792701056905 0.0623376164228443 0.369701371691795
-0.0225120832580459 0.00894353333359446 0.0654858400632833 0.238121855725848
-0.0306139006290844 -0.00406787675631325 0.0318002867673593 0.169814603732148
-0.0205699591612081 -0.0150334713805861 -0.0696646067527214 0.143892902944002
-0.00311050401736994 -0.0058741770263941 -0.117506825651977 0.172108434164366
-0.011810638146241 -0.0103482369062433 -0.160301049898852 0.353372062978979
-0.137535121851532 0.103381355903703 -0.5494450615056 0.0598355881709191
-0.165379348798313 0.119821311859284 -0.426778232861997 0.0461820480475818
-0.201768924579584 0.0590300148076477 -0.290559001384077 -0.0801989497202124
-0.221046264797655 0.00991659478904405 -0.121233679767768 -0.197463489256354
-0.21395293641201 -0.0703946834244165 0.0572889581516307 -0.196182589607634
-0.153071367907574 -0.144882190995581 0.191620579564974 0.00547319504125635
-0.10838877283791 -0.176355867506504 0.222704203013049 0.28835459923655
-0.0582528859139239 -0.182189954439612 0.136322028716428 0.485856727534789
-0.0483397929546031 -0.161416909767696 0.0966030989820426 0.486374744474397
-0.043590645749737 -0.121319876664945 0.0803674631807876 0.376428834090577
-0.0767913004596916 -0.0860451407078317 0.0803458314347269 0.247572404222644
-0.114957891061656 -0.0842859624216341 0.0379056487167521 0.186399902314309
-0.119620333994636 -0.067875084590008 -0.06294934114299 0.16179751019963
-0.146288372690975 -0.0182238393851306 -0.0958887310451402 0.183684521896257
-0.154933698916487 0.0324097619332036 -0.116249767306438 0.346358604605967
-0.250123776468655 0.176662969712367 -0.490474074736159 -0.0103133274804114
-0.311696840023437 0.184159211680784 -0.381210025505284 -0.0348152613970481
-0.368478028493653 0.0913942930849904 -0.266568576149209 -0.141332847375985
-0.397793477164967 -0.00804423338450678 -0.136443905545411 -0.242891828230157
-0.37183983734335 -0.160546129425125 0.014331345942726 -0.230658560907528
-0.265291319426868 -0.295848493063796 0.127272497080382 -0.0514939081378481
-0.180374745683927 -0.354117479170972 0.164795563869775 0.196686085846024
-0.110596723442571 -0.356203122516409 0.102653747771499 0.376458455694618
-0.103279151767717 -0.325357539865788 0.106095449806892 0.419139920643826
-0.113646960769842 -0.265728525560915 0.104812403616338 0.365510790355593
-0.179571942343296 -0.188159724764274 0.102294853480148 0.260577627003227
-0.249303701050827 -0.149177181110388 0.0531886220261909 0.216991544511133
-0.2514927919534 -0.0894551316790826 -0.0395511579666333 0.197671439608682
-0.291989210333685 0.00241545413070096 -0.0451233345474538 0.205835110288773
-0.282623230101072 0.0872304466523268 -0.0243126578246198 0.326767269902702
-0.328227987486414 0.202259972466312 -0.37603308443138 -0.112105016503508
-0.420070537684419 0.185257317265726 -0.288788891442511 -0.137327048778812
-0.478482139234354 0.0633057209464116 -0.200483106072618 -0.213455062124734
-0.49927159100998 -0.0706852022631795 -0.128865847673488 -0.293022532244314
-0.442695477084647 -0.259457215899263 -0.0287876180069145 -0.273874968669433
-0.299310078173143 -0.413990995921859 0.048449217832667 -0.142818536088495
-0.199783720281657 -0.471299214494827 0.0866069203404041 0.0524877260245169
-0.143852585402531 -0.473851918681164 0.0492608252395241 0.208562665165772
-0.170499847025935 -0.450066704325879 0.0870406247774878 0.298799349802486
-0.222140284478687 -0.385394347589544 0.104391372095869 0.313091059035926
-0.328480062740373 -0.261517914323772 0.112255211011812 0.254777242246565
-0.418712984193929 -0.158661773751922 0.0817789275825302 0.241611148439247
-0.392570519715444 -0.0526296994411956 0.0157746711247966 0.229309832567658
-0.40991922626794 0.0669450521018906 0.0449061528409495 0.214688793588802
-0.370279273250149 0.153172906359918 0.109018704087696 0.280969733607731
-0.355734886357048 0.183686804450374 -0.227158831249156 -0.213254387034747
-0.45152883738522 0.133345009027865 -0.159510655290872 -0.222418244387176
-0.486851103018421 -0.00771937101411762 -0.0979605353062533 -0.25994212325073
-0.480479136431328 -0.148571349039771 -0.0884413199543882 -0.321957905300475
-0.395493545438035 -0.322581365893804 -0.0506033975271123 -0.309469022054167
-0.254059889836526 -0.458357731591908 -0.0125464715551072 -0.246132502839169
-0.170652437665239 -0.509046708130547 0.017385434235131 -0.118759284596961
-0.158147897988079 -0.520897888339943 -0.0132592517394375 0.00974913171113783
-0.230427345593791 -0.508439817975654 0.0257320990529384 0.138191595689942
-0.325649076717371 -0.436706816152928 0.0491629159840438 0.224515018033663
-0.455129933735964 -0.266002529799422 0.0820323365766347 0.233081403515694
-0.536477763845169 -0.096537189768059 0.109847681197483 0.249372384394221
-0.475265186422857 0.032381075357977 0.0976955178362607 0.230092287607119
-0.460625918707131 0.15362126058986 0.164496080620415 0.186830167056806
-0.39939502819332 0.211951776963374 0.260318734597638 0.201870701589149
-0.327228803643365 0.133996415299102 -0.0681611296770208 -0.288483116646142
-0.396068487215312 0.0646770151816065 -0.0319210417238696 -0.257844448848836
-0.386856319266133 -0.0712308417226503 0.0045775691818378 -0.253668774175764
-0.348698701924096 -0.184106255568247 -0.036201254085391 -0.304842521860671
-0.261638480302477 -0.307446101643774 -0.0469603493605437 -0.314090398568545
-0.158122512138941 -0.410694737626993 -0.0362671262409223 -0.33077711363438
-0.114864295560695 -0.461153821806107 -0.0249903372845016 -0.282460045163247
-0.145584339846508 -0.488936169119948 -0.0749117070897005 -0.191491782999342
-0.250889616958996 -0.485428708922221 -0.0703873382720101 -0.0336120188910362
-0.363202091149753 -0.405066609801236 -0.0568682983719703 0.130766122290195
-0.480422898745964 -0.212381505832633 0.0173085684489805 0.215851836146599
-0.531166900889051 -0.0138284002761339 0.120756842487226 0.242363655289686
-0.45644212206832 0.112066145106656 0.180257707019476 0.196616121834512
-0.423720756604151 0.214898895536327 0.283936409066731 0.119784759368078
-0.367612854988185 0.238436486184368 0.404745101869737 0.100774099907221
-0.245887119166452 0.0758629513774175 0.0714042663245124 -0.326643401418596
-0.276551927145058 0.0132325816434965 0.0607451302594274 -0.249005697173859
-0.233420955157895 -0.0838600489947272 0.0690636991230326 -0.207198415645836
-0.182784975694652 -0.148006640265389 -0.00436958302895237 -0.251538229281499
-0.125322345298675 -0.217401118540235 -0.0334412558423882 -0.284640377642203
-0.071454512514784 -0.289519062211737 -0.0329243317700806 -0.369696025366339
-0.058348643660816 -0.344445346622947 -0.041206474833797 -0.408278281395727
-0.11088417887719 -0.382234255794952 -0.125158346209781 -0.366864594537331
-0.211165755503436 -0.382823075914904 -0.173417960915605 -0.185717831500884
-0.305324336959189 -0.309532164080166 -0.174694187277308 0.0553334063636297
-0.381562159083173 -0.142975487791018 -0.0557392324719982 0.212192601827682
-0.403619393313866 0.0355670749575874 0.112114959217465 0.232556575502046
-0.343488371688314 0.13275133866711 0.238985761207488 0.149638335674717
-0.315547166659803 0.208492135566517 0.375776215490834 0.0427376135855733
-0.279597366892231 0.208262927172257 0.513990944060932 0.00337633672806736
-0.131437717225342 0.0233443976144133 0.166463277912651 -0.338350150346035
-0.13562213838353 0.00156711216181934 0.104766523471949 -0.226364979889655
-0.0978426479766777 -0.0497165579913144 0.091012110270488 -0.162603073746644
-0.061931204490185 -0.0730993047130184 0.00243914851355934 -0.202817624636822
-0.0387441136009196 -0.107967184996986 -0.0269421040511587 -0.245083515503797
-0.0205377289736527 -0.14815624323081 -0.0231900323289768 -0.374618091723876
-0.0182495273129882 -0.189318782000185 -0.0440216252961083 -0.481213757827209
-0.0582010767171087 -0.214930645406575 -0.155054606943729 -0.48721180725657
-0.119159796184231 -0.218635571952812 -0.250038037626642 -0.292365185899546
-0.172037350672084 -0.177791456558417 -0.260253604907566 0.00735238727395127
-0.202640477134369 -0.0797175134323865 -0.108257073317918 0.215782850553605
-0.210322879790957 0.0390097707842153 0.0947867789825158 0.229685199360726
-0.184018839952978 0.0924122715788784 0.272886040196559 0.113521687201802
-0.166551461227538 0.140798509037056 0.429286681772411 -0.0137202003795993
-0.153041734052985 0.126646637126864 0.574740867420748 -0.0610710273650048
-0.0147174414613589 -0.00208781874232225 -0.561852340249583 0.0877757799886468
-0.0101649420982266 0.0148945572232006 -0.439115114325913 0.0816986241703408
-0.0244888220933106 -0.017095630771596 -0.291749032090042 -0.0510744991465645
-0.021722072714139 -0.0100467090098059 -0.104756472724535 -0.173211198040614
-0.0170520371075713 -0.00385002327421436 0.0803850865892253 -0.178684441640941
0.00217543885579612 0.0078678318314822 0.218778444162232 0.0252126092247702
0.000920562671487255 0.0243368473466039 0.245680787539781 0.317190223626021
0.0026087688538625 0.0191765345746115 0.154027010939347 0.523186464459745
-0.00846159562949434 0.0164661272423718 0.0844524723482763 0.507592838464694
-0.00953059108505793 0.0172107177677058 0.0654994662953401 0.372342767234891
-0.021594308621516 0.00909763643387454 0.068151824450935 0.239461615142594
-0.0309522852162963 -0.00314443229413479 0.0341246636965021 0.170298992863311
-0.0211764976136748 -0.0144213986807387 -0.0681421174708295 0.144743892245317
-0.00342826541929903 -0.00517722955614737 -0.116084613864234 0.174710620740582
-0.0116298046902257 -0.0101905808744434 -0.15661500826199 0.355553078497008
-0.138434771914171 0.104978893772794 -0.554135434833285 0.0667368878233972
-0.165594141133597 0.122965015585479 -0.431389065692705 0.0532148321921371
-0.203712383434082 0.0618404280508579 -0.295089051194803 -0.0778601185885081
-0.222730311583589 0.0121283879327218 -0.124983174866712 -0.197873003853966
-0.216855794003307 -0.0686260059703302 0.0555600951935288 -0.198330936124606
-0.156089244710133 -0.144819437976618 0.192616342342357 0.00332497867480078
-0.110548475741292 -0.177417861921645 0.226116897001036 0.289593510881424
-0.0602792060573873 -0.183258451411341 0.142548743860248 0.490919680656816
-0.0503267014515433 -0.16244004705717 0.100924354347286 0.490949306599565
-0.0441775519058411 -0.122669214929478 0.0850471834204708 0.380340860067851
-0.0772873823787313 -0.0855797397755116 0.0830333649070156 0.24914885713766
-0.116938405320512 -0.0838456412838555 0.0404945423595594 0.186990459868788
-0.121568228458391 -0.068075785316395 -0.0610896504563208 0.163935594449275
-0.14784764685969 -0.0176841351998237 -0.0947032151150506 0.185823056063774
-0.156264578889858 0.0345357576927602 -0.113886191401118 0.349035138804629
-0.251425350225801 0.179845528682375 -0.494447281907206 -0.00372970052501772
-0.312497599963562 0.188964143881594 -0.385052561072831 -0.0296444347648789
-0.371418780571926 0.0968699444154301 -0.270483338273665 -0.139826221430156
-0.401353449645237 -0.00468624232073758 -0.140792678575907 -0.243159383578521
-0.377274097688464 -0.157873303630487 0.0128108528900386 -0.232814057121903
-0.269390621460606 -0.296249057977544 0.127094078492897 -0.0536880312410564
-0.184831177001952 -0.356977231153222 0.166637620596829 0.198113656961056
-0.114210217235696 -0.357792471501622 0.106703485222767 0.379189566674561
-0.107402628231859 -0.32724363177154 0.11142278784351 0.422484048683386
-0.116496158240925 -0.26766133926485 0.110124610664585 0.368325621129077
-0.182441590333747 -0.187657765523028 0.105219525053266 0.262189380311991
-0.253206487541841 -0.148663977154702 0.0567353165647716 0.218379385225303
-0.255191740934434 -0.0883436771487422 -0.0368093843905884 0.200345281751897
-0.294362707851703 0.00517115924140569 -0.043553934713129 0.207356889429416
-0.284138022180153 0.0913870271357423 -0.0209818534231582 0.328778649806177
-0.329373314844739 0.207952211698525 -0.381252586891832 -0.107442653782201
-0.420304831683975 0.190879222396874 -0.292126231404481 -0.134614674934783
-0.484131313697658 0.0687026394776097 -0.204599072321 -0.212895603588247
-0.506706777450896 -0.0670177753187854 -0.133116511242963 -0.294641287814875
-0.44763924718146 -0.257925391713228 -0.0308053990533184 -0.276721861035295
-0.30716525516522 -0.414390059092996 0.0470678642884186 -0.145385347080258
-0.204548046470307 -0.476213424550305 0.0870932739014397 0.0528586902326788
-0.148565498965312 -0.477337966435644 0.0517495015291646 0.210069333309676
-0.175773718005348 -0.453482552955941 0.0907577428833612 0.300491343137823
-0.2262892601512 -0.387680636632105 0.10856944361353 0.315641230132685
-0.332822589612445 -0.261067541335989 0.115382251879477 0.256212083274019
-0.422886382801775 -0.156325021624897 0.0854157912319738 0.243280898745914
-0.397204804421196 -0.0505202056931992 0.0192945573325773 0.231097997164467
-0.413429306322146 0.070981788448916 0.047114756836061 0.215284666664197
-0.371658203752263 0.15883509481316 0.112370240417529 0.280333189474556
-0.358115243242371 0.188612346081948 -0.230728666901122 -0.21138795211273
-0.453829982790747 0.139147229673653 -0.163062692713611 -0.221515576509931
-0.490765090901127 -0.00427669117568369 -0.101377315449512 -0.261856363150423
-0.486579302793661 -0.146633298878429 -0.0923954044771352 -0.323146161346999
-0.401219055028039 -0.322924374071192 -0.0532014263998297 -0.312565002298781
-0.260669807347156 -0.460384626680453 -0.0154592165455538 -0.249373924736668
-0.174101203687295 -0.511815625557476 0.0156624706455479 -0.119572087776838
-0.16290315779192 -0.524745522982641 -0.0121624947315266 0.0100019716885114
-0.237186882625107 -0.510986459168 0.0281120008226614 0.140012917581151
-0.332768561433571 -0.438740843674099 0.0527410947024685 0.225932880827595
-0.460936104684122 -0.265017095059311 0.085074025375212 0.235192573813071
-0.542712207891345 -0.0924165929173248 0.113928711584346 0.250866410975764
-0.480588573471428 0.0373031684928455 0.102429131072719 0.231844997736474
-0.463324601927344 0.159823314646637 0.167620983563103 0.185764200052242
-0.401142292977863 0.217868614162734 0.264534623734248 0.199559847927629
-0.329097263896742 0.137462862223956 -0.0703773381268515 -0.289288757655898
-0.398546510220423 0.067371635765849 -0.0350868344650644 -0.258712401784226
-0.390293354534119 -0.0673132571130468 0.00163232828778406 -0.255172133033002
-0.352501133829221 -0.181823816338399 -0.0404603565001083 -0.306712303284983
-0.267169082623432 -0.308260713285201 -0.0496178567638946 -0.317045373192068
-0.164057889958354 -0.413759448428824 -0.0399255450562726 -0.333951154271836
-0.119684681020657 -0.464912476714004 -0.028681318201844 -0.285072666980782
-0.152786367997618 -0.49248250620392 -0.0760564630723339 -0.192875634483464
-0.257441137533493 -0.486725123288049 -0.0708605197810384 -0.0331232687723811
-0.369711222426501 -0.405587484184131 -0.0551802782857135 0.132296382108853
-0.486855630758827 -0.210359443909871 0.0198953220313839 0.218628856724137
-0.536501350166874 -0.00832303533348354 0.125116765340355 0.242589251598552
-0.459906841102929 0.117005032663458 0.184829360026859 0.197097461843405
-0.426448889768449 0.220527216449964 0.288089015935639 0.117405316639832
-0.368504613861433 0.243713952090968 0.409170700609286 0.0955907742184508
-0.247643363734448 0.0787501441176765 0.0698061999797895 -0.328564268828504
-0.278282645978397 0.0170874130442896 0.0589726156382111 -0.25130621779146
-0.23653308122196 -0.0825098910864993 0.0675210330405474 -0.209162372644951
-0.184795190024335 -0.147534279328307 -0.00782661160800937 -0.253469410520067
-0.127904100299363 -0.21932925817265 -0.03646812353823 -0.286372240068963
-0.0742919271240103 -0.292365820593831 -0.0357457353388925 -0.373452085482127
-0.0614036598573138 -0.347987957615964 -0.0450827428759915 -0.410360453805545
-0.114873638126277 -0.385025754025408 -0.127385690848748 -0.369655065861457
-0.216389448062443 -0.383600501610243 -0.175899446854681 -0.187017645307999
-0.310297180723508 -0.310617255141036 -0.174451121999859 0.0577561529721763
-0.38662866228869 -0.141899257223711 -0.0539621615827722 0.214953258533461
-0.407548336765973 0.0400641391243959 0.115557999175481 0.233330897397919
-0.345638987622431 0.137122081831979 0.244194107317117 0.14857414781371
-0.316677751596367 0.213868574206087 0.379758663970073 0.0388933877424727
-0.279937162736419 0.21264027551437 0.51817824045692 -0.0033804133575461
-0.132608956115726 0.0242143414720455 0.164513661027308 -0.341993420840172
-0.136380924177696 0.00278463300039591 0.102725213037694 -0.227571558296953
-0.0994636270231374 -0.0494373458561923 0.0899782512510677 -0.163585357998009
-0.0628270920979984 -0.0731690970457373 7.53634150018218E-05 -0.20358028159216
-0.0402833735699555 -0.108620417197983 -0.0298581898066921 -0.246616718052957
-0.0216273989735078 -0.150084965640663 -0.0265811052882878 -0.377746689076602
-0.019413974522467 -0.191290523118573 -0.0485177835405893 -0.485649103168804
-0.0604880555801363 -0.215975538009449 -0.160432441288671 -0.489636098042264
-0.122068127305825 -0.219317640295669 -0.253768688543324 -0.293799013991207
-0.175568962279759 -0.178859066229286 -0.261763250790994 0.0101137968591704
-0.205564530885539 -0.0791453862550649 -0.107060155070359 0.219452374785633
-0.211942021567926 0.0403404342322132 0.0985781435718479 0.231119104666902
-0.185256376475388 0.0952235573626011 0.27674143566028 0.11137487818151
-0.167532600643125 0.142995747800093 0.433317919221345 -0.0189952998398465
-0.153232623063022 0.129388056481255 0.578505639016887 -0.067747108066457
-0.0149763074772546 -0.00215943961190322 -0.566937614750144 0.0949217015742449
-0.00952176047723964 0.0152118425226522 -0.442233714596453 0.0878996736619156
-0.024959748788982 -0.0167528717610679 -0.295101058891914 -0.0473640118617564
-0.0220083735677898 -0.00965521060555086 -0.107653934565494 -0.173450197617841
-0.0173174720069924 -0.00328510826768663 0.0790045080730309 -0.181451594966099
0.00208039574640495 0.00871420089811751 0.220820069770917 0.0229682828346742
0.00151004714263442 0.0249252008051216 0.249757789514812 0.317201567168819
0.00278247716048471 0.0195048378283627 0.159762215336608 0.527764692946556
-0.00846254096032282 0.0160725424840458 0.0895584273297447 0.510035947783163
-0.00955377573492469 0.017423650412367 0.0700580533726682 0.375985724096047
-0.0223037598925834 0.0095724690753532 0.0714228614927085 0.240245491590978
-0.0319497776918126 -0.00269536542110581 0.0375084595412522 0.171114496845329
-0.0217888156419039 -0.0144793375294116 -0.0659352785408847 0.146956375432666
-0.00327737289190938 -0.00557730692576076 -0.114395557202707 0.176308248316191
-0.0116956414923935 -0.00996369335406825 -0.153729842611951 0.358632443014194
-0.139198650661135 0.107012853201956 -0.558136775744551 0.0751422645336921
-0.1654787479528 0.126110807976383 -0.434148430618112 0.0586858627927475
-0.204615660544073 0.0646950661250292 -0.298573887108008 -0.0749638868849838
-0.224330378809717 0.0146898565670617 -0.127557958951305 -0.198245753685736
-0.219067797303693 -0.0673049919361212 0.0540043660937942 -0.200895683744686
-0.15881723126261 -0.144613326236591 0.193899816164973 0.00130170714029718
-0.113170503417426 -0.178095438996874 0.230495716616752 0.289361126822733
-0.0627645430780244 -0.183849723171542 0.148319470460446 0.494440452881872
-0.052461978018908 -0.163179228840598 0.106467737630089 0.492692270731102
-0.0459126539766775 -0.123190825274347 0.0891721287101605 0.382597155868573
-0.0787424372502483 -0.0855260040175534 0.0863298340097521 0.250314450638701
-0.118747892753768 -0.0825165114364206 0.043674634049393 0.188075045526101
-0.123470495150324 -0.067052422690813 -0.0585597363012362 0.16526965462405
-0.148885086187603 -0.0159944591198243 -0.0930434513111348 0.186972944951133
-0.15713712410826 0.0365393398115419 -0.11056850216939 0.351532636346012
-0.251461995024008 0.184089792804896 -0.499141009138959 0.00290560144248189
-0.313061567340504 0.19398763908263 -0.388987452484077 -0.0244778944628089
-0.373393115204126 0.102403417710295 -0.275168390646083 -0.137266034459311
-0.405294139428781 0.000732241557033036 -0.144732986142634 -0.243057359383607
-0.38229870509072 -0.155814171989191 0.0103758386572963 -0.23532065392239
-0.277056368342415 -0.296770086382077 0.127216376905337 -0.0561273036507855
-0.190225101469452 -0.357884692555856 0.170054530340641 0.19758895401138
-0.117292182577124 -0.360509693778247 0.111869813190235 0.380950601092869
-0.110668796206912 -0.328750110142656 0.11551752275776 0.424450725622074
-0.119790963863806 -0.268721087696158 0.114442987192814 0.371159734384705
-0.184827440528362 -0.188010158332604 0.109515407797116 0.26285086796909
-0.256779525420905 -0.146167841757103 0.0607684458105435 0.218670862282189
-0.258197673934862 -0.0862028667863758 -0.0339517842964871 0.201651254504579
-0.29689525384081 0.0083867543156546 -0.0413954661040628 0.20867811229293
-0.285602963797242 0.0950193411485691 -0.0167622823072645 0.329831853806118
-0.329838744545463 0.212567375675981 -0.384543981684728 -0.102527542046352
-0.421788187324401 0.197692178692606 -0.296879854910899 -0.13131599595223
-0.486246214746946 0.0748341928375623 -0.209530862939156 -0.212143498125631
-0.511786296496336 -0.0619982771701905 -0.137887401668983 -0.29456433987743
-0.455781436962641 -0.255670829132257 -0.0339841660797059 -0.279270781739163
-0.314121726983801 -0.416940883070078 0.0450454242686131 -0.14765182469646
-0.210549156302193 -0.478572007967412 0.0882942469951879 0.0515672204359897
-0.154348265076421 -0.479053837702907 0.0545921818489156 0.211688736404704
-0.18217066295912 -0.453614866493344 0.095185071445729 0.302233856460126
-0.231466838264989 -0.38992781986427 0.113580241277806 0.317294382685016
-0.338187510500431 -0.260500764577971 0.118724534288493 0.25738646534665
-0.428107997252589 -0.152007075574779 0.0900874500345366 0.243856790329388
-0.400405376051925 -0.046299037900434 0.0230298362408153 0.232935580851528
-0.416583455686389 0.0763145676895662 0.0506344435729903 0.216602621621081
-0.37366096652764 0.164310184447907 0.116926877547057 0.279637916779153
-0.359770216971061 0.193453721269192 -0.23415329455743 -0.209562013487922
-0.455693966267189 0.144848918454726 -0.167494533056093 -0.220782652087709
-0.496121735308654 0.00249122427867749 -0.105652258456386 -0.260914398151299
-0.491319102058568 -0.14252009211577 -0.0969605927592484 -0.325171027835301
-0.408739688715187 -0.322647919894135 -0.0568918326255282 -0.31459618753475
-0.267032823322196 -0.462744715779364 -0.0182158626518121 -0.252197650969525
-0.180388411991291 -0.514695826164138 0.0143395694056778 -0.120856178357083
-0.170037543404211 -0.527084952904666 -0.0119845385225667 0.010022446404774
-0.243643467935444 -0.512802104609992 0.0300614377659986 0.140296121347201
-0.339020438973194 -0.439957534956776 0.0560821687068852 0.228165267285527
-0.467840078278302 -0.262707405200468 0.0890219952184452 0.236680671876959
-0.548461524375127 -0.0881569080908772 0.118243893379747 0.250768629983366
-0.484497622820971 0.0425033251969753 0.107253957767664 0.232322778317378
-0.465730306811079 0.165516463836351 0.170966781574889 0.1851334430252
-0.402372652004845 0.224422963057685 0.269213594930632 0.196608690701319
-0.330446722452265 0.142817488453658 -0.073578790079564 -0.289494251682889
-0.40087841071011 0.0725333675419587 -0.0383791222454175 -0.258532219164979
-0.394120593249868 -0.0653009028726306 -0.00122064453311776 -0.256907476268463
-0.357078892558135 -0.179157822799545 -0.0449341956119871 -0.308197593825495
-0.27226169690942 -0.307941989201851 -0.0534002150480326 -0.318819455940451
-0.169548880931997 -0.415655608939086 -0.0439749220198752 -0.337245369315921
-0.124440668033899 -0.467677786682381 -0.0319149549470992 -0.286851435278763
-0.157109189499376 -0.494146822078611 -0.0779702351417824 -0.194186351218303
-0.263177381111194 -0.488274605936392 -0.071072772371927 -0.0333532653805125
-0.377363667482717 -0.406732555976173 -0.0535682356760043 0.134450910387477
-0.492181490418259 -0.207140895214665 0.0227370695753506 0.220995734275199
-0.54074170651351 -0.0015324926920862 0.129337709969087 0.243189435988853
-0.464311441577956 0.12313626461896 0.190304627779369 0.196134442329193
-0.427126582285993 0.227602763240741 0.291782957029702 0.114743119137792
-0.369258362317698 0.250511257727784 0.413200282068839 0.090052148922705
-0.248798101757432 0.0814565316546799 0.0677152388724735 -0.331112650077612
-0.280859523392853 0.0193347067674187 0.0560095794473477 -0.251735611127255
-0.238705912737871 -0.0806194954893401 0.0653834020034037 -0.211551360062218
-0.188084734226404 -0.147206648657464 -0.011252892739259 -0.254770327335232
-0.131288820704017 -0.220437208865914 -0.0396816465871939 -0.288074024520856
-0.0776263536451744 -0.294539073970885 -0.0404992437722713 -0.37731732188707
-0.0653316617803654 -0.350665060784048 -0.0501911875199359 -0.41360344674583
-0.119142289230699 -0.386437194545838 -0.131463480472297 -0.371275528020183
-0.222630370197231 -0.38430718007399 -0.178098124478823 -0.187655238450806
-0.316262801778278 -0.311719664151772 -0.174096329927258 0.0596710169412478
-0.390970548683361 -0.139646447088875 -0.051219655890606 0.218169208610586
-0.410447403145065 0.0449328457735503 0.119976166831574 0.233966444867933
-0.347545557799946 0.141792505964325 0.248887254200811 0.147041908194727
-0.316506873342311 0.220531249912997 0.383982418919478 0.0335319014510705
-0.280597627126651 0.21790836297123 0.522010179992655 -0.0117873321632247
-0.133311833528428 0.0258509138280878 0.16269818739409 -0.345710772814011
-0.137648997729884 0.00446393890532541 0.1007010235689 -0.229006448952199
-0.10050067264475 -0.0487108251818856 0.0878456936836403 -0.165207752260405
-0.0639772997971658 -0.0735920732749434 -0.00331030514824699 -0.205217001423839
-0.0414534551648309 -0.10942375215582 -0.0331297761713258 -0.248934014199924
-0.0238166802232278 -0.151449809847387 -0.031488518987129 -0.380786320035297
-0.0211677894292808 -0.193293543054859 -0.0543094177975821 -0.488492551850871
-0.0632556907505853 -0.217425083774597 -0.165640875808299 -0.494656492767993
-0.125252650503245 -0.219868316221059 -0.257764960817048 -0.294657314502636
-0.17940072313061 -0.178465748817178 -0.263266264793707 0.0124873567026649
-0.208062284554087 -0.0788082167493307 -0.105028263977202 0.222390729296224
-0.21349776183834 0.0436407035103991 0.102567696536581 0.232979489570266
-0.185449845785794 0.0974482408793725 0.281814287726945 0.108896345082396
-0.16730193048149 0.146327807908067 0.437164709831436 -0.0254420160500771
-0.153331503053496 0.132382355735098 0.583055575565531 -0.0766304858844104
-0.015077496294803 -0.00199240659511405 -0.570194906089238 0.104698032960194
-0.00894387619245149 0.0150899733315288 -0.444351532808926 0.0951857787231205
-0.025394309883809 -0.0160911658134334 -0.298543582437242 -0.0431368915857116
-0.0221542986354931 -0.00983789990365244 -0.110873980069484 -0.173456267041709
-0.0170376297821322 -0.00305096300493973 0.0766966782176812 -0.182608115627947
0.00260669673633043 0.00914861636398651 0.22213277556664 0.0202829427964642
0.00227075722280596 0.0254914390821561 0.254316360321706 0.31758152538544
0.00312700904689284 0.0192596611768293 0.165894790230722 0.530213899690341
-0.00788790876544041 0.0163163163963253 0.0967817024570302 0.51457982736092
-0.00973156876195211 0.0176557281708145 0.0761587467796816 0.378365321189137
-0.0217565470915566 0.00999379016845986 0.0748924475599717 0.240879217539512
-0.0319356650514407 -0.00217082268899884 0.0403572169179467 0.172757025916237
-0.0222819099547035 -0.0141310055887258 -0.063904720807609 0.148195495129024
-0.0031887066689899 -0.00541979072799018 -0.112435696119663 0.177540286867121
-0.0119875590470992 -0.00963342219837545 -0.150549062273333 0.361806920773014
-0.139235378756522 0.109556739382216 -0.561901940781221 0.0837181102064414
-0.164915205184271 0.128962165588569 -0.437366870427717 0.0655340405582459
-0.20565414373504 0.0680062781673433 -0.301868151460883 -0.0716578229342786
-0.225755538380751 0.0173689300772222 -0.131392446020826 -0.197632114561974
-0.221476353891017 -0.0647760359350054 0.0520726334597028 -0.203593606812284
-0.161775034510124 -0.143716916122606 0.194799595650362 -0.000244864430074341
-0.115656626998608 -0.178282448487216 0.234282301631911 0.289803662482209
-0.0649811435870447 -0.184598466946541 0.154683466689963 0.495846508014315
-0.0534608903702323 -0.164075669790899 0.112856876693364 0.495568580705399
-0.0476410052880994 -0.123949008352329 0.0949461233481065 0.385086521669602
-0.0795261517326979 -0.0852376604830709 0.0900917222889412 0.250726650937557
-0.120721311565781 -0.0814226603922307 0.047582186936507 0.188983106956451
-0.125551788839998 -0.0659195719288877 -0.0557387174425901 0.167273761819364
-0.15041726871303 -0.013907624310062 -0.0909995794054489 0.187951825567089
-0.157740231998066 0.0386374001839912 -0.105962947265104 0.35443553101192
-0.251836414175732 0.189185523838741 -0.50262598179069 0.0101193729423321
-0.31280844991434 0.19985615091455 -0.392427448776877 -0.0192783670559189
-0.375141293114533 0.107299960763471 -0.279495294847753 -0.134524351259321
-0.40765833396464 0.00439077209787742 -0.148985593036194 -0.242578000783368
-0.386301583884609 -0.152773887560267 0.00770561304351299 -0.237447356014639
-0.28249609336802 -0.29600461589668 0.12698813933127 -0.0584962334527181
-0.195554550292513 -0.358719791567001 0.173184485488476 0.197489357901637
-0.122988061182569 -0.361482154491645 0.11706758285849 0.382638701614463
-0.114917566286017 -0.329672972582295 0.120895077277256 0.425511644759037
-0.123054825393256 -0.269592734917676 0.120803803820671 0.372425873832029
-0.187625316185375 -0.186848713690259 0.113566115115694 0.264288120683482
-0.260069453715749 -0.143858612373201 0.065086707037853 0.219147835099996
-0.261249695051549 -0.0838626679937315 -0.030407827043773 0.203485765312623
-0.298340664141741 0.0126173673688295 -0.0391142780479858 0.209297110641037
-0.285940377948774 0.0999799395197066 -0.0127588163566731 0.330737212618339
-0.330548734572353 0.217811033433195 -0.388394121382491 -0.0971723786646129
-0.422751379667615 0.205127388189529 -0.299593788750764 -0.127638649200686
-0.490163901590673 0.0821710049185896 -0.214099778916834 -0.211635856527875
-0.516456724422148 -0.0575250311465218 -0.143039315219145 -0.295217038445743
-0.461690395709469 -0.252657155149083 -0.0376420445922502 -0.280890428722297
-0.321451568930601 -0.417755064430125 0.0438918007467751 -0.149761416702236
-0.21717174988145 -0.477813335008685 0.0891812968746876 0.051099256057904
-0.161083188887792 -0.480820678680451 0.0581513271846422 0.212475957256193
-0.188289612009242 -0.455112988456436 0.0992800632471066 0.303028175542019
-0.237440297119579 -0.38963762756901 0.118845563906212 0.318369573332185
-0.343166326187026 -0.257084671577742 0.123454662642065 0.25796982453697
-0.433474785359835 -0.147710573166386 0.0946481860582479 0.245160000043515
-0.405157654217752 -0.0427907096637886 0.0280196230976744 0.234084867747611
-0.418677021634901 0.0823135534303121 0.0537216345478 0.216085769149131
-0.374799713943262 0.170803118572568 0.121139746601178 0.279259066825895
-0.360282545439889 0.199044723023707 -0.239108246345622 -0.20593995587918
-0.45863817827528 0.152016634573743 -0.171177387671368 -0.218494228177293
-0.49910647876466 0.00840166428180963 -0.1094663046872 -0.26219299762256
-0.497095191770474 -0.137652231672364 -0.10255664562885 -0.325635645692652
-0.414056434102879 -0.320499954745174 -0.0606791879209366 -0.316441316896548
-0.274722271072369 -0.464423671945486 -0.0215647781440743 -0.253671411231405
-0.187886170793208 -0.517130409836646 0.0126879195791638 -0.122071576978793
-0.176265013268476 -0.529181283306665 -0.0113555171544875 0.01043860803965
-0.250424643878936 -0.514133542030321 0.0325695728999568 0.140612399302987
-0.346913175923821 -0.439105702060605 0.0600621558671199 0.229371461047848
-0.474132732120499 -0.259690185093545 0.092473195029803 0.237952772874158
-0.553303991907877 -0.0816003825374174 0.123548467613221 0.251108227348694
-0.487355614683453 0.0482166132569123 0.112422095578244 0.232425352140845
-0.46751910117709 0.173358765587167 0.174261079339518 0.183688887833781
-0.402743058664858 0.229900782434113 0.273476436161052 0.192909758353508
-0.330339739635286 0.147808888976272 -0.0771185340172782 -0.289095422366797
-0.402913542995169 0.0783144482414222 -0.0426065572968748 -0.258577123064242
-0.398197817770879 -0.0603618134256158 -0.00484113308217439 -0.258498229899838
-0.360837910660554 -0.177159953010234 -0.0496774072565078 -0.3087097291222
-0.277690474001759 -0.308402002564129 -0.0577205577456713 -0.320998206165571
-0.17628063946187 -0.417430168486561 -0.0487976400699337 -0.339136178404766
-0.130455100879943 -0.470301628427596 -0.0360512976066108 -0.28883492356032
-0.163924332728794 -0.496394716568814 -0.0793252364020717 -0.194287327411754
-0.270766016864416 -0.490017843380692 -0.0712235287722838 -0.032983468911705
-0.3846633643924 -0.404765179442796 -0.0515090607656942 0.136034093815846
-0.498069242765145 -0.203501426931518 0.0263335002878221 0.222914171648045
-0.544979126297134 0.00481769490191556 0.134615695337623 0.243455390469185
-0.464952486119362 0.12881603929393 0.196035253747366 0.195373784049522
-0.427779818447021 0.235539858313964 0.295594551128939 0.11138302633354
-0.368665253183744 0.25695537792373 0.417052753700677 0.083372436608437
-0.249817314971972 0.0852401441038477 0.063812245791155 -0.333240455260596
-0.282087956524708 0.0238242295116563 0.0528936849416809 -0.252919260002364
-0.241313869057622 -0.0784422340415836 0.0624142766573085 -0.212157889048413
-0.190542342741917 -0.14632607165719 -0.0146001083385781 -0.25542707685651
-0.134324314753021 -0.221034900633018 -0.0436476189774359 -0.289162749611474
-0.0816158368992113 -0.296703655119389 -0.0463120404992732 -0.379682590191028
-0.0689616383695433 -0.352919933656248 -0.0553625580682077 -0.416771448026999
-0.123868496296636 -0.387415464875441 -0.136155779824605 -0.372842724469473
-0.228025299191671 -0.385402422474973 -0.181008584571914 -0.18760813577337
-0.322160691928502 -0.309325507355336 -0.174030631741291 0.0618809813863662
-0.395722198500417 -0.136278952108801 -0.0479851600868909 0.220360238459237
-0.412448276689805 0.0503243113791252 0.12432720210725 0.233568523984093
-0.348450183419905 0.146998910222951 0.254024447305175 0.144578966253579
-0.317253295671229 0.226183567865028 0.38675763648159 0.0281387376912985
-0.27967910216943 0.22351045310154 0.525756558116082 -0.0193052143633553
-0.133674669314081 0.0278195683614351 0.159852706020185 -0.348525475115676
-0.138693483467704 0.00574184162713229 0.098395707911822 -0.23005457482797
-0.102179903993968 -0.0480532704202479 0.0858907889699227 -0.167370132001272
-0.0650373052002942 -0.073256304793754 -0.00646161092831657 -0.20659703255029
-0.0428321599265313 -0.109516450330175 -0.0368029094383297 -0.249569662821302
-0.0258071639785423 -0.152762503498342 -0.0365224113877527 -0.382903685964669
-0.0241526409713877 -0.19524722254231 -0.0605451776314229 -0.49062152752562
-0.0654727512285094 -0.21780282707905 -0.173079799122876 -0.495754593588127
-0.128482840850096 -0.219783754207322 -0.26288382153744 -0.293810616929342
-0.182389039082811 -0.177737413914654 -0.264465120573564 0.0158704068640658
-0.210651573970664 -0.0768264078287454 -0.102297079650142 0.226076995069808
-0.213858778837573 0.0461602421106422 0.106937275760784 0.232920437170325
-0.186239848869627 0.101083128110174 0.286689055145134 0.106094231428869
-0.166857476101258 0.150036583187324 0.439484661167865 -0.0319422051241111
-0.152839198587307 0.135288027127853 0.586808676276678 -0.0863467700231329
-0.0153922410253522 -0.00236733563355143 -0.5730026630015 0.113416221627057
-0.007871943752528 0.0161504583087503 -0.446789430650578 0.103186783789774
-0.0257379909353841 -0.0156858042796971 -0.300727164580611 -0.0379324775398196
-0.0221472032872682 -0.00958370336249693 -0.114647582339746 -0.172441677274807
-0.0172563160696266 -0.00263826380729273 0.0750917065391153 -0.185835871182873
0.00262020859981325 0.00919008229405066 0.222834260009334 0.017553260341704
0.00249372132839384 0.0255823702234284 0.258816784022014 0.316376581753336
0.00273035799655892 0.0191611756130853 0.172790404888306 0.531399123689572
-0.00734975128675727 0.016526637745406 0.102912978339655 0.515300330620082
-0.00916160835135003 0.0169957891181273 0.0805593925997243 0.379457465914801
-0.0221896542955905 0.0103416979022201 0.0783263717151024 0.241468371006851
-0.031700175337568 -0.00163574579599125 0.0438666776730973 0.17204338536691
-0.0229845482266064 -0.0137824283009167 -0.0610032469838696 0.15060176177281
-0.00311631277361118 -0.00589134210027343 -0.109515565620379 0.179119506906413
-0.0123657154019771 -0.00919028114982961 -0.145102579649237 0.365312792361324
-0.139131435526447 0.111890227727418 -0.564758228753515 0.0932398410502509
-0.163714976136056 0.131565899251403 -0.439495032350967 0.0726586817560294
-0.206342048579231 0.0715831142512128 -0.305535906591256 -0.0672152418497815
-0.227049327423493 0.0205371254159947 -0.135186610929187 -0.196302064661173
-0.224071440340206 -0.0617306390977331 0.048800692344013 -0.206124897188257
-0.164793137469113 -0.142444824286431 0.195103522459343 -0.00379597577576952
-0.118755883390051 -0.177004792265055 0.239097963594808 0.288935860995106
-0.0677014485976436 -0.18465595504757 0.161785093199674 0.497348829251568
-0.0558445991466498 -0.16369132246883 0.119863229954393 0.497342339248692
-0.048803265587567 -0.124480189054675 0.100582784757359 0.385272495637772
-0.0816933198145547 -0.0843959851931026 0.0936428105466514 0.251018194339888
-0.121955054370256 -0.0800936598661469 0.0509704880517363 0.189042208614559
-0.12733762934077 -0.0642407688791635 -0.052518520885071 0.168431739393595
-0.151238922688314 -0.0117438905956042 -0.0880330433034101 0.189604560209456
-0.157255292288621 0.0410246405611293 -0.101282944993159 0.356303877209261
-0.250493604721114 0.193465687063224 -0.506001028850223 0.0187692703024417
-0.312298572905478 0.205203734810845 -0.39560782328642 -0.0118281118173039
-0.376205552749871 0.114020608584674 -0.283602651501023 -0.130641276394114
-0.410153185292862 0.0103778386065248 -0.153560064703835 -0.241622941015584
-0.391411452841079 -0.149963576078674 0.00471521229529078 -0.239772476960009
-0.28825285762807 -0.294767246965285 0.126879745883496 -0.060142787979231
-0.201131515381622 -0.358673068666076 0.175754203189901 0.196474587561204
-0.127667277990465 -0.361611239750613 0.121966160988752 0.384136965920505
-0.120144923657324 -0.329727188259782 0.12794998057908 0.426499068688383
-0.127334181922884 -0.269355962721422 0.126397300444807 0.373885807445619
-0.190874431834337 -0.185378726996404 0.117262783474085 0.263592442874143
-0.263294123655833 -0.140302477858905 0.0690562246320486 0.21961566757889
-0.26356649464374 -0.0809191998251887 -0.0269673723245406 0.204735080793692
-0.300383303927047 0.016399160670953 -0.0361648375753363 0.210078232865772
-0.286870169564902 0.104561044106219 -0.00900955348834815 0.33094242382628
-0.330506652399392 0.223981626635375 -0.391159537378042 -0.0912474348812635
-0.4230696444817 0.212408721078829 -0.303029067870907 -0.123213638457252
-0.492355641254203 0.0899474845703029 -0.218048504797531 -0.208058095375961
-0.51977120741353 -0.0499869965930572 -0.148567800102799 -0.294523714412097
-0.467616654155995 -0.250123024790858 -0.0406459965600954 -0.282380818995072
-0.329130722775948 -0.416183027261484 0.042037387578348 -0.151155588566265
-0.223862845324888 -0.479323442545155 0.0899302979040011 0.0507227123959741
-0.168283053444247 -0.482395539774337 0.0615752198900857 0.21330413280943
-0.195699651223788 -0.455809246212331 0.10387434105931 0.303437506706778
-0.244835071887428 -0.389258680397568 0.12418880152538 0.319659883560609
-0.348352546739678 -0.254881924322054 0.126315894431002 0.259160779238722
-0.438027840513937 -0.14238054419377 0.0989816798767362 0.244064938459561
-0.407998693416013 -0.0360928672985353 0.0329966535198276 0.234911862617321
-0.419956284528561 0.0888222707747647 0.0564579224997619 0.21601858998169
-0.374218747617005 0.176053940188897 0.1256850860103 0.276735131305236
-0.359805878623331 0.204525482231483 -0.242118445539075 -0.202202495175156
-0.459071249950266 0.160459355958775 -0.175413348286901 -0.215433197031851
-0.503682149245741 0.0152918107845886 -0.11385572610779 -0.261827956121233
-0.500993676573243 -0.132075831807111 -0.108710620253053 -0.325461611342779
-0.421462339332295 -0.317544874981306 -0.065562201292569 -0.318120144367391
-0.282017526812813 -0.464703653820859 -0.0248325165786266 -0.255958406966538
-0.194713122596553 -0.518589995283307 0.0113684412076681 -0.12345850751988
-0.184106971270516 -0.529381843755231 -0.0106671416828314 0.0109303363326314
-0.259321409731197 -0.514381210447922 0.0351448643139857 0.140627386406843
-0.353379342894037 -0.437347472779877 0.0643479927053877 0.229967078353942
-0.480267200824747 -0.256239569760346 0.0966722839462608 0.23850809180984
-0.557324690246729 -0.0735373617002923 0.128087703207754 0.250372402392176
-0.491159674850392 0.0562807671147117 0.117537025644697 0.232191460910708
-0.469177375689997 0.181536725775281 0.178046873124896 0.182113004307548
-0.401956086471989 0.23817080976268 0.277059564114619 0.188479238134145
-0.330783461279677 0.15312554354781 -0.0812589683989165 -0.287636542983019
-0.403937428663612 0.0859058354576367 -0.0460208492913571 -0.258228600727433
-0.400841915648159 -0.0553258698822063 -0.00854642285343468 -0.259123707601041
-0.366182953865675 -0.173744634148345 -0.0539276868918061 -0.309263996016706
-0.283195615863976 -0.307321185168757 -0.061628172193132 -0.322491371467759
-0.182004433392683 -0.418810164765573 -0.0537065206193531 -0.34150415974821
-0.136929767320143 -0.472063442173963 -0.0394236402228677 -0.290160855182118
-0.170577751939903 -0.496428569601897 -0.0822986957173387 -0.19482051109472
-0.277619008477659 -0.48926781213667 -0.0716085726967472 -0.0333453851269413
-0.393276374203924 -0.403171208431134 -0.0492067983729183 0.137332116229479
-0.50414141406123 -0.199422916055441 0.0297609405109698 0.22443031643087
-0.548550851206412 0.0126171145880832 0.139024296837352 0.242146622220151
-0.466423975723363 0.136378278261179 0.201497344421338 0.19328124388701
-0.428014047793065 0.242566556431631 0.298404169787255 0.107572912979614
-0.367936663877166 0.263016325495158 0.419889919996762 0.0763266045564818
-0.250306015269474 0.0892341243383293 0.0599660600158683 -0.333720703344064
-0.282366681622492 0.0284185042467116 0.0490260449722043 -0.252401122267131
-0.24352967662685 -0.0757256757243255 0.0595966084056555 -0.214730807032592
-0.193301746496416 -0.145193779615074 -0.0197445261532122 -0.256310843801844
-0.137506044916066 -0.220946812392359 -0.0477243952983722 -0.290720104940935
-0.0864041290831952 -0.297781839336533 -0.0516444231662127 -0.380939666765461
-0.0740167991746952 -0.354362296243866 -0.0617075490437291 -0.418629574524417
-0.128616376253688 -0.387792963248248 -0.14097526965453 -0.372966798161701
-0.233263882788152 -0.384502681884744 -0.184210169117814 -0.186371553347197
-0.328895361347723 -0.308001271587983 -0.173553943695606 0.0647197006468466
-0.399817504142119 -0.133322757716215 -0.0459615187527489 0.222767570910886
-0.41475496725744 0.0565621218215414 0.129011530862466 0.233790949752085
-0.349233997233415 0.15288670836279 0.258498648290471 0.141468740580101
-0.315763088788101 0.231976384553727 0.389657908198089 0.022839474291567
-0.278397440780244 0.227999831908892 0.527392893274775 -0.0285305354652234
-0.133403244891473 0.0300033839236142 0.156013922218115 -0.351816732818603
-0.138960249507833 0.00840684424815797 0.0948614975134645 -0.230327048601534
-0.103648231205722 -0.0465476797035737 0.083494683217779 -0.168590036459319
-0.066122794430627 -0.0729313037604505 -0.0103290784526161 -0.207156326419379
-0.0450892286550007 -0.110164838574981 -0.0402785519974884 -0.250619805814907
-0.0284350514607054 -0.153630282054759 -0.042720672949797 -0.385181556063412
-0.0261798639012479 -0.195795292741186 -0.0670146202938457 -0.493064614284942
-0.0686575853019417 -0.218520525889114 -0.179170644351443 -0.49720801744222
-0.131898755203982 -0.219041022371248 -0.266910039160275 -0.29347797261881
-0.186480061516518 -0.176282396044765 -0.264560846067581 0.0182471237086532
-0.212812855703302 -0.074412161068463 -0.0990012418987018 0.228507297408696
-0.214583577479254 0.0493084084862932 0.110578640279614 0.232801401943132
-0.18586189392963 0.10390960155543 0.291410092288251 0.102316829163331
-0.165602990066296 0.154072307141524 0.441553681481331 -0.0400681233181266
-0.151316474434674 0.138519871314728 0.587726371404508 -0.0964138724795684
-0.00678859111846884 -0.00423582485429349 -0.568240339451423 -0.174764448381726
-0.00792122521618885 0.0124535201800541 -0.445672799109188 -0.121877727399167
-0.0129000905732552 -0.0227119386712203 -0.247145540094012 -0.177608549244894
-0.0155677867010533 -0.0161483638099531 -0.0201472335718166 -0.206670511233529
-0.0167141287680456 -0.00979864224733504 0.154709024335651 -0.127533508420788
-0.00209711567443308 0.00861725171909475 0.186813155931344 0.123170212510646
-0.00656564866823192 0.0265166167612245 0.0738062139022983 0.402694166435445
-0.00525371377658119 0.0203508304478655 -0.0972147455052697 0.547169077443372
-0.0104469784180067 0.0128256689422511 -0.151495117250463 0.500063708371989
-0.0134193813585303 0.0129575969142918 -0.106615622522652 0.368526054292806
-0.0230735306580251 0.000103028556559773 -0.0454552546845841 0.247927224594199
-0.0264516434835528 -0.0140663222098009 -0.0442666060944797 0.17090582473698
-0.0147477045965698 -0.0216515796592491 -0.126201176736532 0.101739849585162
-0.00164871477714961 -0.00391639135824274 -0.185576562438858 0.103066821642291
-0.00487826098526056 -0.0129357093518319 -0.314336221711944 0.243801449429636
-0.172594984380414 0.0367299112012706 -0.548020588676194 -0.185070918822113
-0.202434280290468 0.042375425548389 -0.41903789014659 -0.144912184840246
-0.216635963862497 -0.0316749051846644 -0.231788095617757 -0.201290730439395
-0.20949348094844 -0.0865636817159892 -0.0265133449472259 -0.231943489704981
-0.169103480345796 -0.161793760923987 0.136933121025652 -0.14764492063563
-0.0779254847038878 -0.206135519396028 0.169395702880354 0.0968742790978044
-0.0173318668177837 -0.212706255522944 0.067505671749545 0.368864657424761
0.0312382172562804 -0.196783805827113 -0.094085310627548 0.510746085190461
0.0311526736633719 -0.169576572478305 -0.12662825820778 0.49236880049885
0.0169569966397101 -0.130533726612557 -0.0906684448239439 0.38305401456063
-0.0307159834050511 -0.11152035976856 -0.0349521946630852 0.26049478428853
-0.0680073385028489 -0.123933072361035 -0.0461635486264851 0.186373309027645
-0.0819280794127864 -0.116615600962084 -0.127334090001523 0.11929214622401
-0.129176372875773 -0.0796225710325263 -0.169887163122702 0.120658559435218
-0.158055880163532 -0.0373298419150339 -0.270983222286286 0.257174028356704
-0.312429928072276 0.055335093062261 -0.455351453331618 -0.218804821851193
-0.371312765122377 0.0370047492244056 -0.334661476843912 -0.198684242284099
-0.389369733290527 -0.0757022706371701 -0.176861105567118 -0.243503684871055
-0.366032638900057 -0.182226110531493 -0.0215452458355902 -0.275372638159635
-0.2742196068015 -0.318273329156413 0.108105703431412 -0.19235631863906
-0.113992596297911 -0.398853768213479 0.132930924707506 0.0168567930956875
-0.00365322220557448 -0.413136794116281 0.0542608768628468 0.258523073548387
0.0623725182461852 -0.38420473400571 -0.0746049592758666 0.391810198400933
0.0529956589381427 -0.346608444705784 -0.0852102521896601 0.43442033169053
0.0156366051281366 -0.296906050589789 -0.0602781289718216 0.382940245805986
-0.0802212881535162 -0.252994030009067 -0.0187225031848507 0.27984490578977
-0.162737835016407 -0.243858603792627 -0.046252984590246 0.216879881227304
-0.19435778115471 -0.197154605742873 -0.122747959597919 0.160479105300555
-0.273694303787557 -0.124748741543437 -0.133021975823379 0.160897211036834
-0.302239788447399 -0.0423400778623055 -0.175005786857124 0.281481752433845
-0.39922173230588 0.0435880705693708 -0.300134737980336 -0.260476038570551
-0.474656307616107 -0.00834480087852663 -0.197365809394967 -0.251649249674426
-0.482285734295897 -0.153182536543878 -0.0806951264938748 -0.27693644984299
-0.43356703324631 -0.286427687285013 0.00593900658717915 -0.316553858182045
-0.293225287938681 -0.442833208501436 0.0825376523049367 -0.250382142994684
-0.0940490800022073 -0.526075162636001 0.0990710093455575 -0.10246360814738
0.0320615049317649 -0.533014306388307 0.048243505875904 0.088844206125079
0.0846754968576548 -0.511289072385641 -0.0496398861936519 0.212561675222446
0.045672630908477 -0.493578225663604 -0.0473487103278383 0.314806655570781
-0.0330923040601224 -0.459220063521337 -0.0353516082027399 0.333010298697262
-0.185889289844327 -0.389712057784472 -0.00768093236674378 0.274492103618657
-0.313706622637714 -0.326804261590789 -0.035177748600867 0.249205957436017
-0.342120660281267 -0.227422754692075 -0.0869213612473168 0.213513414498647
-0.412011253173639 -0.11678913259529 -0.0539528896658255 0.208704986150734
-0.413258131322863 -0.0203827982472938 -0.0294723419511538 0.300405381250339
-0.419572648291853 0.0120450073066517 -0.112929737955577 -0.285988703631674
-0.483536632890745 -0.0727660292465065 -0.0384580138936499 -0.269982097254968
-0.456729230059069 -0.225550548071691 0.0337211390602451 -0.270680054212358
-0.37930515576664 -0.349514593919633 0.0540380349050869 -0.324901273682953
-0.219988601509235 -0.47926546983527 0.0750007303478901 -0.295498595278954
-0.0284323376467834 -0.547014645416351 0.089379847158454 -0.22829566768669
0.0769461216060932 -0.554601724719116 0.0627204280182736 -0.101644672054184
0.0943883256370726 -0.561844746912328 -0.0174934194751744 0.00187371211174753
0.0152749063299414 -0.575571834104778 -0.0308232958312741 0.139735980586634
-0.107640149106821 -0.553758300194343 -0.0462232295643502 0.225289158845723
-0.304440934594451 -0.451899054602831 -0.0267709282225096 0.239782902640119
-0.45074064732031 -0.324930926788743 -0.0170969278504112 0.266866572943489
-0.458112124918751 -0.187011403280384 -0.0136464117906434 0.251830025122686
-0.497365158005338 -0.059056252666613 0.0694059990310742 0.236729642623394
-0.468140788091349 0.0192304199006914 0.148873810848344 0.299687727525831
-0.37149097241337 -0.0214995670631058 0.0704733216735685 -0.285647437099075
-0.401611270171156 -0.113850065066562 0.0940070882657064 -0.244599699661921
-0.33474766483079 -0.239991046300423 0.122287710927881 -0.220360319968245
-0.240834432612466 -0.322749370191482 0.0925351932351861 -0.290123659170504
-0.103634921879159 -0.403514123212581 0.0812847053142794 -0.304194511059942
0.0364507582040112 -0.457923254153519 0.107525728627712 -0.320461002590786
0.104701584995141 -0.486010429344578 0.0992957896004467 -0.273082849713245
0.0883296222580047 -0.526993019922793 0.0165119883211562 -0.211979457907973
-0.0176430711093443 -0.562297841857437 -0.0428826237839064 -0.0623956988948869
-0.160335781831147 -0.540442532055178 -0.101715983066593 0.0907111088826939
-0.352374375432936 -0.413660299623911 -0.0803407880336953 0.195172550134471
-0.482150869305056 -0.245294847726593 -0.00549621607227315 0.267200143585491
-0.475570404347176 -0.103628440327087 0.0771076547797592 0.25935278280368
-0.487969016568264 0.0133110953013523 0.211159081379046 0.230550112211288
-0.449242283753197 0.0580895754549798 0.331084114185042 0.273981359453107
-0.269547502979689 -0.0396204818613076 0.217669750796107 -0.260914016713282
-0.267433101716832 -0.107337590209373 0.172002709441821 -0.195630321644374
-0.183868724475053 -0.183427857579237 0.157535581479178 -0.151024078049832
-0.102906415138287 -0.215615672809905 0.0996576972328023 -0.231030027328085
-0.017512873667912 -0.257866244238166 0.0848130275543024 -0.274891548152068
0.0637607384227405 -0.304244467599586 0.132052518304611 -0.357803775469325
0.103945339994255 -0.353516049646771 0.144515022290606 -0.396812704975959
0.072599216264381 -0.410581667989838 0.049460590200053 -0.395761074022384
-0.0262869688618221 -0.449226318210118 -0.0711765919420639 -0.250291316313738
-0.149013126989881 -0.424615582195518 -0.177628280735415 -0.0298634160960636
-0.293215205279501 -0.305089075977573 -0.145321083323801 0.162235868821358
-0.386587784470164 -0.142797727010427 -0.00830852636656495 0.25846547533128
-0.379294971896499 -0.0329310965532188 0.154250627939947 0.245714814504336
-0.383934751349011 0.0559703419516886 0.33370247108497 0.203077136515739
-0.353715323590939 0.0688689268321844 0.479463523899266 0.239307444676891
-0.13837485024388 -0.0371575051884973 0.309430047847758 -0.232427272935012
-0.130602393510726 -0.0569171681255701 0.198270447669397 -0.156006447181244
-0.0725190864091467 -0.0910837739922442 0.154230434192651 -0.104115080596042
-0.0254891240201013 -0.0938033517586443 0.0863254193005206 -0.18645545065925
0.010787434306297 -0.116533357015015 0.0776314591002505 -0.23960298792914
0.0455062634843751 -0.149730833896677 0.145597255577602 -0.357892015800435
0.0694350659621364 -0.19135736931434 0.177621222461563 -0.464349104671769
0.0439830858657763 -0.229583880670343 0.075906067000372 -0.52105422639192
-0.0156519101640733 -0.255069134717193 -0.0950860181951363 -0.383856689282275
-0.0850861615676363 -0.242052404542007 -0.237354907058754 -0.109873765097362
-0.154107907795122 -0.16565091626207 -0.19432877545556 0.146761544329688
-0.207438364246042 -0.0549492600344478 -0.0200057664089621 0.25374220014539
-0.211680670917455 0.00283498789985794 0.2036590746104 0.229670777873306
-0.212817862651668 0.0572118203268451 0.411318566845425 0.178598387161009
-0.19877728943226 0.0494972673570623 0.568220239708636 0.21150605524237
-0.00695389716053792 -0.0045694480886962 -0.573210267626007 -0.166516983856861
-0.00728686195523715 0.0126904862503192 -0.449281310278532 -0.114998117029011
-0.0134859213723978 -0.0219277213675603 -0.251408259788974 -0.173664577068043
-0.0159260347696853 -0.0162786529192982 -0.0235474629029743 -0.206699705162413
-0.0167925864233156 -0.00936288066190964 0.153220016753219 -0.130533439977528
-0.0018122982226806 0.00904358232779292 0.18872964251058 0.120545009021469
-0.00617222502911025 0.0267739036704142 0.0786924586155382 0.402063569497361
-0.00477233170908447 0.0200816204453038 -0.0906350484145369 0.550205944215651
-0.0101840782493438 0.0127450298206575 -0.144692333943056 0.504370007911826
-0.01324972786976 0.0129390102860129 -0.101864441079594 0.371734333633309
-0.0237459867634815 0.000685137256006165 -0.0415340099489017 0.248556528873746
-0.0267159042050283 -0.0137412821230495 -0.04131189325138 0.17175442044005
-0.0151880271928532 -0.0211816195312806 -0.124241686749584 0.103893886307155
-0.00166888434574191 -0.00356261379307837 -0.18310207253602 0.106101760600384
-0.00530723976369731 -0.0124416316588038 -0.310548929624126 0.248591920477124
-0.172820373151853 0.0398471591592116 -0.551934242049048 -0.176223557294078
-0.202499575685309 0.046247410427493 -0.42310198985228 -0.138214369881273
-0.21800301526011 -0.0285009578087694 -0.235875078884319 -0.197874150675601
-0.21120484725644 -0.0838940430467491 -0.0308278103697344 -0.231761995988839
-0.171908554541442 -0.159182883991814 0.135622742990758 -0.150578806316554
-0.0813120098757495 -0.205321259484717 0.170329779295963 0.09426361702416
-0.0197485201689778 -0.212386195038431 0.0716435449798638 0.369316331927149
0.0288421850296576 -0.197180131695716 -0.0864201201899679 0.51315529207296
0.0294051450487916 -0.170033424556952 -0.120538165378342 0.495360679628063
0.0156144334063378 -0.131220887909764 -0.0854004944861518 0.385524859522374
-0.0323752985547832 -0.111355802149509 -0.0308007474531607 0.261739001495021
-0.0703428808333917 -0.122657671741527 -0.0424428920013019 0.186530586594644
-0.0843473927049202 -0.115554778424107 -0.125127139095112 0.121409294210269
-0.130715491528846 -0.0778901397684226 -0.167474513142199 0.121954554632384
-0.158909699265598 -0.0349227088105113 -0.266035399073745 0.260512897219841
-0.312628692015322 0.0596000620960734 -0.460784467175735 -0.2116320535531
-0.371537449917676 0.0428405770849847 -0.338886519661628 -0.193170034886641
-0.391971433547092 -0.069614836183605 -0.181736799890844 -0.240608144399856
-0.369850195787851 -0.178247152293269 -0.0263549075607611 -0.275330207467604
-0.279684112915829 -0.314833691798685 0.10542756482933 -0.19494257440975
-0.119748470475987 -0.398436423747275 0.133260586136978 0.0145325331475265
-0.00922614649997552 -0.413539299842898 0.0571583361792803 0.258073333427756
0.0588733920332205 -0.38636076023831 -0.069639957143793 0.394443630204374
0.0485049503889779 -0.348087262445089 -0.0796225285985694 0.435825877702766
0.0121502336167158 -0.2979636286123 -0.0548866763637156 0.38490835097762
-0.0837962355596939 -0.252777506853328 -0.0147248336764089 0.281009043702696
-0.166452441475692 -0.241417636348513 -0.0428932173402121 0.217904729240837
-0.198141296787614 -0.194472474335991 -0.118452148737782 0.163369592470808
-0.275876225970825 -0.120883709407662 -0.130050103707396 0.162389183730444
-0.302999610618852 -0.0376648913364527 -0.169883612940442 0.283532624005837
-0.400785395815427 0.0499991929269977 -0.3046623921747 -0.254839052131195
-0.476363913840777 -0.00252683282875615 -0.202159367314614 -0.247887242782843
-0.486767940459336 -0.146259938903187 -0.0848133301794578 -0.275878720753154
-0.439165247380167 -0.281708633735149 0.0007323739788114 -0.316296576714413
-0.300375050514726 -0.439474194699673 0.0792011549968106 -0.252898525405999
-0.100540455982355 -0.52717568824301 0.0974366524608753 -0.105049150880431
0.025145280173428 -0.534868238393612 0.0492254092382451 0.088342115458643
0.0790240820898788 -0.513116107715124 -0.0462611318828618 0.214893998089993
0.0376516819812782 -0.496552251682242 -0.0421920343492557 0.316259633429172
-0.0395179805892267 -0.460329947370697 -0.0301949141872361 0.334919281445068
-0.193304750619625 -0.388234838732065 -0.0036982192134716 0.276194796554183
-0.319421922124099 -0.32343457618951 -0.0308277929383853 0.250669091018009
-0.346325659932546 -0.223686866455874 -0.0821829825326077 0.215539513654752
-0.415369067611878 -0.111988464625015 -0.0507332528404323 0.208962966996821
-0.414264533001445 -0.0148744787933988 -0.0241019229498222 0.300577402504064
-0.420653518270883 0.0182175160048454 -0.117815286293216 -0.283460718418766
-0.486719887378904 -0.0661662693843221 -0.0431353291358743 -0.268533852999274
-0.462448126643701 -0.217892152624581 0.0292830245826083 -0.271808489544998
-0.384592372987576 -0.345574196050433 0.0489720823941749 -0.327300286460661
-0.226270029892561 -0.478150050003317 0.0720102585183045 -0.298063138487959
-0.0366898887873123 -0.547358724669666 0.0866266681410262 -0.230923816027035
0.0697199127398991 -0.557426636337673 0.0616564187863405 -0.102680510728699
0.0863270492062166 -0.56368956697786 -0.0172295735978326 0.00199315198378557
0.0063666231459029 -0.575628719458242 -0.0282677055093038 0.140539727935105
-0.117552587051894 -0.553551142253556 -0.0418401692055655 0.227342891664631
-0.311445477356673 -0.451429416261755 -0.0233611185277187 0.241341351088543
-0.456017024899465 -0.318270652113235 -0.0123033653353148 0.267832076851466
-0.462295174010316 -0.180775541077814 -0.00832138407846297 0.253010548730359
-0.499623951082902 -0.0522557934456057 0.0727498120892554 0.235697717766688
-0.468614311004657 0.0261904701324959 0.154303789898821 0.295997217557119
-0.37214514760373 -0.0152536430805639 0.0662327955834524 -0.285996722916081
-0.404421361514514 -0.107790868958521 0.0894046114998518 -0.245165294271639
-0.338293178323133 -0.235511453743293 0.118060790707944 -0.221937520448927
-0.245808510495314 -0.319332693600669 0.0875252846356977 -0.291899289864161
-0.109226796561745 -0.404811642018229 0.0774282657331748 -0.305797553106973
0.0307536007340582 -0.460078635202976 0.102528158271782 -0.322384686947735
0.0993265189402649 -0.48943143017451 0.0958713886356593 -0.275370663233857
0.0815168624340639 -0.52948355550264 0.0142013268152771 -0.212701010980135
-0.0228937229940422 -0.563292701422228 -0.0433157718771166 -0.0627268818869938
-0.167877858574877 -0.541278197404119 -0.100309770403056 0.0931620748503809
-0.359959956363791 -0.410702378949446 -0.0770715801780296 0.19754687524945
-0.48732848680245 -0.237526630129953 -0.00151301821827563 0.26865437835388
-0.478497032979758 -0.0970565867128965 0.0826931852250638 0.259493150341009
-0.488893113175753 0.0206185563324249 0.215725957311502 0.227106638023308
-0.448764403526883 0.0650982885411129 0.336502576037658 0.268143333985204
-0.270425314058376 -0.0358776852311171 0.214447401131042 -0.263403383603493
-0.270083315955036 -0.103288920416319 0.168211896426517 -0.196610146528549
-0.186822380231737 -0.18098518486462 0.15433774599578 -0.153465719341489
-0.105843357317955 -0.215261344428835 0.0952937097806034 -0.232591331294957
-0.0209989764632574 -0.258613144545563 0.0805349135682606 -0.277459051912691
0.0593703068634212 -0.306433621349317 0.126521823950164 -0.360356833306241
0.100302091884691 -0.356219719739197 0.138479183380791 -0.40113177425433
0.0667152169867652 -0.413252238833913 0.0446250363981026 -0.396275609566307
-0.0331136518944007 -0.450024316808846 -0.0739205268232297 -0.249882769912403
-0.155218125581146 -0.424956349107562 -0.177872953857191 -0.0270232041314915
-0.297261808796138 -0.303281511079423 -0.143540550756441 0.165509039657559
-0.389530183088712 -0.137434846760217 -0.00459126123161034 0.259669491286447
-0.381221348107094 -0.0278486999841403 0.159593926526206 0.243717518399677
-0.384709354116749 0.0615802237628964 0.337616884393261 0.19781372564077
-0.353635840448107 0.0749840911353384 0.483992858762086 0.230622368825828
-0.138967309398109 -0.0349238941640717 0.307302573442855 -0.235984631576312
-0.131264874309765 -0.0546564746916232 0.19418367604972 -0.157901777914401
-0.0739358347186185 -0.0897160914396679 0.151881947081244 -0.106241855980667
-0.026436062543375 -0.0934405807263638 0.0822451689258549 -0.188588069438679
0.00945792456255896 -0.117556248457116 0.0743542864594047 -0.240531220675817
0.0429705996235007 -0.150689131850996 0.140856936432682 -0.361241697045198
0.0669662819840389 -0.192950450848583 0.171967298507634 -0.468432242299134
0.0415424207831491 -0.230626100816281 0.0690005497504707 -0.52412284941255
-0.0193079527584713 -0.255087257270244 -0.0990123815570384 -0.383066046122148
-0.0882321553503802 -0.242066916124675 -0.23903153169521 -0.106617340551976
-0.156901428618476 -0.164195363956246 -0.192527897613504 0.150627358928446
-0.20912580414617 -0.0522715683947236 -0.0157236761838017 0.254733215176393
-0.211815030358752 0.00580280035685874 0.2083619442952 0.22722169462539
-0.212863727098479 0.0606562365201363 0.414422809768927 0.171706857769159
-0.199148982799136 0.0525582406734484 0.572638774674397 0.202611005839852
-0.00723369100600531 -0.00557326607358011 -0.577238097629293 -0.157260886584299
-0.00744900132689782 0.0128307930694788 -0.453349870727115 -0.106791726268237
-0.0140470387815789 -0.0212445548815779 -0.255811770394875 -0.168894430539518
-0.0155770980104691 -0.0168349483757831 -0.026476855242286 -0.206322837848234
-0.0173607603414476 -0.00992141018783649 0.150344855929098 -0.132708114892629
-0.00232974691206408 0.0103318216727231 0.189822398774608 0.119163185263021
-0.00637914716847257 0.0277723278795316 0.0833055588254177 0.401841702043495
-0.00523679312192828 0.0206220805312991 -0.0836303533232534 0.551605511620832
-0.00988373179336586 0.0121093471983452 -0.139192935740266 0.506778819508101
-0.0131960291293161 0.013465400599407 -0.0951202903032143 0.373459458404896
-0.0231498810405414 0.00190341362298108 -0.0377071062309205 0.249978911361032
-0.0279245134872766 -0.0133068377425222 -0.0375840223757509 0.17234875838433
-0.0166994275153894 -0.0214144457019455 -0.12096672104597 0.106493542004931
-0.00199935756584766 -0.00294946017779638 -0.180690867427178 0.106606830928121
-0.00582486134827714 -0.0132234888024557 -0.305666523495048 0.251758293258536
-0.172509737330102 0.0410366042321768 -0.554188560851357 -0.165932077636976
-0.201630519984846 0.049954891018651 -0.425789260499846 -0.130609658008445
-0.217513794613379 -0.0254682975549699 -0.239354381274777 -0.195146674987802
-0.212004452821742 -0.0803347225164875 -0.0337946682214785 -0.231364384020098
-0.175104289601891 -0.156077402897334 0.132555690084964 -0.153081608653351
-0.0838351487615308 -0.203752530745667 0.172060891130632 0.0902791367071571
-0.0226235878390117 -0.211748929580333 0.0760035277734321 0.36872316974013
0.0268154599263669 -0.198411991369749 -0.08002305758719 0.514859365859425
0.0278682161252323 -0.169953113780742 -0.113152158068954 0.496540387173783
0.0150545328498558 -0.131724435442604 -0.0781140775656178 0.386487622308381
-0.0341095690991011 -0.110445634260255 -0.027242047340861 0.263547445009382
-0.0716196261978126 -0.121209820028453 -0.0398940169517857 0.187934475409126
-0.0853487758659766 -0.114631477637519 -0.121718100859692 0.124667357152675
-0.130515742406921 -0.0746799609068462 -0.164737480115571 0.124411633791283
-0.158997875216811 -0.0328600073262948 -0.261149136189595 0.264186898097272
-0.313849978466717 0.0634230494820138 -0.466112662977669 -0.203022802626236
-0.372290955094416 0.0499324470342904 -0.344092058800555 -0.188000503174938
-0.394176496048108 -0.0646642464108796 -0.185386162310622 -0.237593505413855
-0.372281025938353 -0.17045502537034 -0.0303816998409759 -0.275829174072881
-0.284830107090386 -0.312378398490309 0.101329089437848 -0.197526802328162
-0.12640337448019 -0.398758339545917 0.132885963754283 0.0129288777363861
-0.0136191179037612 -0.414600779017867 0.0614530196149519 0.258095764487799
0.0531027411778484 -0.386377549920564 -0.0654051201518644 0.395736801011844
0.0429587864497048 -0.348572395851414 -0.0729714994574627 0.43815380034622
0.00882169318192447 -0.297694496472633 -0.0498161884486579 0.387061657720887
-0.0874832529084229 -0.252187105895547 -0.0104624020423049 0.281215981932784
-0.169927427353462 -0.237920898128862 -0.0379002008010279 0.219686565793002
-0.200873410987233 -0.192050769658602 -0.115828064918675 0.166113484303819
-0.277255729784978 -0.116697742254363 -0.127023484585695 0.164445409229046
-0.302983689085754 -0.0326577418557089 -0.165268029719854 0.283186613852411
-0.401445874635211 0.05633700930633 -0.309894629944517 -0.249588825893015
-0.477112773724943 0.00494960956414893 -0.206317439786246 -0.244556668441277
-0.490716209196993 -0.138797916017201 -0.0901464330046589 -0.274397279554926
-0.445118518746982 -0.275624355449517 -0.00449792797740132 -0.317676937716555
-0.306948724478365 -0.436429313560933 0.0762709722623479 -0.254326639908685
-0.108946145842543 -0.525126839824821 0.0965983789826242 -0.106612278760216
0.0190166892851413 -0.536481242414527 0.0507239358890715 0.0880104491810334
0.0713526801279666 -0.515485857826306 -0.042951882740483 0.216947072455199
0.0335571833731206 -0.495619412952694 -0.0373705273545624 0.317835707738332
-0.0441321723271783 -0.4589706863826 -0.0245300943433907 0.335467029301599
-0.195780655334567 -0.385594564750179 0.000361869749746663 0.276688513425411
-0.325098394558555 -0.319071680139585 -0.02523397774706 0.25106424724827
-0.350821321350208 -0.218036865096804 -0.0777795638536898 0.217874810118449
-0.41662228510999 -0.105409231689234 -0.0474393967064283 0.208392637960504
-0.416701709512308 -0.00712579804980184 -0.0180169017592072 0.298949765187091
-0.42124977961348 0.0241384511646924 -0.121932295827474 -0.2808103773738
-0.487863228674669 -0.0588194753242926 -0.0493556999694244 -0.267043366049925
-0.466944686489886 -0.21249279590115 0.0251482258571801 -0.273414121999374
-0.389409769675543 -0.339715011670374 0.0425616797026485 -0.327075231143707
-0.233606419348828 -0.476732307505955 0.0668727709709312 -0.299018743225996
-0.0431037899144531 -0.548247293093832 0.0823728313312696 -0.232856249078237
0.0619276957718604 -0.55769188550439 0.0599832041688824 -0.103178090077834
0.0793959395314511 -0.565224363809352 -0.0173840709722694 0.00296841823121301
-0.00192054626471933 -0.577715705109352 -0.0251989185892038 0.141547351883135
-0.125342608435382 -0.553416092088358 -0.0384727170807325 0.229096815049039
-0.317432725820895 -0.445543677691403 -0.0199354983811327 0.24212923518575
-0.463095529740816 -0.31089855535598 -0.00678602701569355 0.268694774524326
-0.466355553757798 -0.172687619907871 -0.00308654190319089 0.254048919289988
-0.500739876933414 -0.0454362486421278 0.0762601815423172 0.233203531805301
-0.46973222364589 0.0342224720508572 0.159336629810838 0.291367118526947
-0.372767373018969 -0.00996722505104907 0.0618533247698872 -0.285400292661406
-0.407403035973053 -0.101062911339772 0.0857579511802354 -0.24514579872591
-0.342923364740544 -0.230262582916247 0.114416343106486 -0.223221680684173
-0.250411539538421 -0.31683354475796 0.0829818402290028 -0.293413418378741
-0.114318637801378 -0.40249835171007 0.07391519374577 -0.307185148118797
0.0238749505364538 -0.460872561080627 0.0984895885331198 -0.325006292251048
0.0924238000180237 -0.490579636621407 0.0922794602404951 -0.276662979285256
0.0742486044352637 -0.531037212783017 0.0116748764779357 -0.212859926925707
-0.0318902811856014 -0.564441892017102 -0.0431887624926026 -0.0611825574482332
-0.175566789015317 -0.5400053334754 -0.0985117757804913 0.0954347897070263
-0.365566014678187 -0.405633171067379 -0.0747230455095712 0.200154097062321
-0.491064702418362 -0.230788112576888 0.00313508454628607 0.269106148065917
-0.481413262179544 -0.0907572795830596 0.0876303760594181 0.259178489252732
-0.490214030211904 0.0286645111982838 0.218680311683685 0.223372937626679
-0.449008881154604 0.0720364669866423 0.341386673652618 0.261370105851872
-0.271965957328233 -0.031650739987233 0.209602221848839 -0.26651958724959
-0.27193455518589 -0.0989876047374028 0.165763123643535 -0.197323421551709
-0.190388627648474 -0.177993144088059 0.15141835098852 -0.154808052384772
-0.109307284753063 -0.214494880082355 0.0902859867704952 -0.234206476448049
-0.0236942730908907 -0.259498829710168 0.0761600032588594 -0.278925864740221
0.0554877049657198 -0.307813506824939 0.121913062461581 -0.363783385016846
0.0952494692431289 -0.357106878451674 0.134219732608957 -0.402773899388324
0.0629538635524615 -0.41249232006758 0.0405979817637884 -0.398125087397396
-0.0382338211770795 -0.450087905822003 -0.0768304909336946 -0.249239425024163
-0.162100597057712 -0.422797487929879 -0.177062706937638 -0.0255788848780432
-0.301096489053889 -0.298882518178251 -0.141149386720539 0.16733752245221
-0.392498314909687 -0.132616545661762 -0.00026556669906164 0.260725482029491
-0.382377841701833 -0.0211723823236858 0.164351833119038 0.242447730407994
-0.383046071108748 0.0675010955744156 0.342825078234126 0.191616043813175
-0.354275140753656 0.0805172958836409 0.488258545171381 0.221987278056669
-0.139414988025743 -0.0331957626950937 0.303947839957555 -0.239854326720907
-0.132724373917578 -0.0523248025614749 0.191211583828466 -0.159994523302287
-0.0757181828735044 -0.0894024526938162 0.149356012664246 -0.109215320509886
-0.0276935779748292 -0.0924683269872736 0.0791840920789883 -0.188450189877416
0.0081526335369408 -0.116999092770372 0.0697045287415718 -0.242552547332403
0.0411437655072696 -0.152790376216399 0.135502622693455 -0.364381669753225
0.064257058116221 -0.193837647934733 0.163484672246736 -0.472865403397899
0.038584713541552 -0.232089035015727 0.0624155521361844 -0.526100699868656
-0.0231928498298931 -0.255701695175607 -0.103764779691762 -0.381338338645024
-0.0919626308704594 -0.242056238436291 -0.238999473219087 -0.103101048045641
-0.15909787921246 -0.163154251479797 -0.189911858245362 0.153472578478756
-0.209045502636171 -0.0485595316869307 -0.0117343677952545 0.256490102746691
-0.21138145780165 0.00793180063515356 0.213657139315659 0.225004437762513
-0.211686537474673 0.0647133224008647 0.417423063840777 0.165344285381299
-0.198901385053129 0.0556037423716111 0.576398519133011 0.19141843019208
-0.00802546820117367 -0.00497719491013286 -0.579630409295662 -0.146187755388816
-0.00591496700010027 0.0130447495832185 -0.45524916363464 -0.100535707451046
-0.0147824254232772 -0.0214748250055414 -0.257346285945655 -0.164630328659486
-0.0160337225991929 -0.0156085045114105 -0.030440388419431 -0.205695091286197
-0.0167258577803883 -0.00845174469689496 0.149141895716773 -0.135850770199344
-0.00180134992885147 0.0103830512594188 0.19119113840435 0.115175386461823
-0.00487167998458188 0.0272501966727195 0.0882338995754874 0.400530098993497
-0.00415903006632496 0.0205010464348439 -0.0771235461999233 0.553964374431172
-0.00968748479879948 0.0127412203675684 -0.131728126071815 0.50860322583367
-0.0127366463185961 0.0132043613470006 -0.0905821918665614 0.374357012783836
-0.0233066086078136 0.00161407584160361 -0.0336620650455952 0.249766431363617
-0.0277556344877004 -0.0121867754019141 -0.0349309731034845 0.173154690055576
-0.0167744370543028 -0.0205065123408417 -0.119138706914442 0.107435063806191
-0.00145317308134121 -0.00386153579971741 -0.178290267735663 0.10957282248108
-0.00514284123459334 -0.012030924002792 -0.299972378506413 0.255331279963856
-0.172411475953422 0.0444763624726809 -0.557702726285081 -0.15675858109956
-0.200910098865347 0.0523553192291836 -0.428037890407765 -0.124077319321421
-0.21939901074651 -0.021197407887703 -0.243384350293619 -0.189797244959118
-0.213282359561733 -0.0779513176688426 -0.0382649516246765 -0.230628832869534
-0.176596727674596 -0.154659921014922 0.130602067654591 -0.155204394491957
-0.0872727754210759 -0.202830230546988 0.172568464092606 0.0886387527131553
-0.0254837644436231 -0.21210995832651 0.0805630065263881 0.36719811278326
0.0235967416600456 -0.197655132106403 -0.0727428997949354 0.515923317965014
0.0255293275202387 -0.171089961878283 -0.107267214265614 0.499420361160012
0.0120675783936338 -0.131967009719147 -0.0737531621815159 0.388492880198713
-0.0348533292456043 -0.109714859849775 -0.0234072662211765 0.262891814536688
-0.0743263229715179 -0.119820373572297 -0.0350882346648418 0.188752261723682
-0.0880345955216405 -0.112444207191809 -0.119017255583118 0.125271180988566
-0.132154631124205 -0.0732231244723751 -0.161866777136518 0.124983185136589
-0.159536192390448 -0.0296260611669109 -0.256403714715998 0.265821415732018
-0.312194395566122 0.0687751966752328 -0.468236559546066 -0.194960283528455
-0.370899376711573 0.0552920071180346 -0.346120053470929 -0.181385444579338
-0.395120267204566 -0.057979714197729 -0.190400420035014 -0.235158105229349
-0.37511872721095 -0.167833409004795 -0.0354482512294772 -0.273701851080722
-0.288572558670992 -0.30749497093375 0.0997511557729217 -0.198860824436568
-0.131145717873836 -0.396554837959494 0.13290251736082 0.0103438255911855
-0.0191904074446511 -0.413843925133547 0.0637591482204687 0.256604911761056
0.0481838328473141 -0.387134228141964 -0.0589532444238721 0.396714148188525
0.0396546192897355 -0.348858492971203 -0.0673148995268163 0.43855411670585
0.00427208559624835 -0.298486970921416 -0.0434348590663795 0.387953734840091
-0.089647360718462 -0.249778073528273 -0.00642306351008817 0.282017904345585
-0.174052224421717 -0.23557905147139 -0.034320805374189 0.21958553341153
-0.204246749694022 -0.188147551040332 -0.111477761669089 0.167231726940052
-0.279466059936296 -0.112084986530371 -0.124024568271353 0.164602911912491
-0.303951538558706 -0.028267847719414 -0.159935562732844 0.285563613541414
-0.399938890789119 0.0608015191152114 -0.313364790467243 -0.242467700980078
-0.477251651233355 0.0126545545148179 -0.210289288154985 -0.239557071962617
-0.492053947255492 -0.131306603032079 -0.0944424426112257 -0.27304801375419
-0.446334448004406 -0.270128567076711 -0.00985320356708434 -0.316005748190383
-0.310987238735055 -0.431372221220627 0.0721783172818951 -0.256333126985013
-0.116420693364432 -0.525220205075933 0.094193027447515 -0.108903630250877
0.0100911234965923 -0.535432158850713 0.0511286404482431 0.0870635174616837
0.0653350923975749 -0.51439057175492 -0.0401191052620408 0.21595824673457
0.0248481741224928 -0.495707836730231 -0.0328038787059707 0.317182915355558
-0.0507751746851255 -0.458606302921661 -0.0194873857367156 0.337317645810124
-0.200755939408693 -0.38332265809378 0.00392542459806816 0.277409173696153
-0.329808794471327 -0.311581884361864 -0.0211173195250342 0.251219586355207
-0.354000194584253 -0.21322137267213 -0.0726829554207348 0.218279828026247
-0.418231015218706 -0.0982290446239336 -0.0441003038937088 0.209199866634743
-0.414485397651629 -0.00203338380420515 -0.0143808068576863 0.2977444940099
-0.419746407038211 0.030265838361495 -0.127146935019491 -0.276705497243736
-0.489342253588976 -0.0510745469267455 -0.052321347775686 -0.264783581318559
-0.468712916216767 -0.204862939517051 0.020359615865461 -0.272940172020046
-0.394814245357009 -0.333877703760491 0.0375146349409937 -0.327767701258182
-0.239661886105581 -0.47278387921085 0.0628249151271594 -0.301078246128193
-0.0521651973453173 -0.548761002864197 0.0792938672425741 -0.234948036760021
0.0549632159108072 -0.559120018389412 0.057891695300668 -0.104100250955768
0.0719711666183866 -0.56529363017819 -0.0163444997253205 0.00271881385869748
-0.00677813597740863 -0.57656304210181 -0.0232074368378125 0.141027263800888
-0.131255131044727 -0.551508074069722 -0.0343768458120575 0.229219189991669
-0.323012904146495 -0.441229650048725 -0.0162779733461276 0.243450817215987
-0.465283680006812 -0.304758380501132 -0.00307739178442248 0.269011214643356
-0.469442418653507 -0.166380449320169 0.00249713878584685 0.25410567088434
-0.501077053886313 -0.0381218611921355 0.0802889065516292 0.232159257129028
-0.46738771882534 0.040415898308389 0.163888676607751 0.288390676405177
-0.372443391129996 -0.00491887975166204 0.0572706033774845 -0.284579105864015
-0.406724009971881 -0.094585735713727 0.081304858108062 -0.244597116979421
-0.344201864438001 -0.224726025744548 0.11118231149362 -0.224196447328134
-0.253987323483236 -0.312688800827356 0.0777854876873849 -0.293349554759594
-0.120249413225041 -0.402235107051326 0.0695520131200889 -0.308518982296888
0.0183564287194943 -0.461518502914911 0.093277109340884 -0.327429886898216
0.0869631989898664 -0.493991075310091 0.087391108447478 -0.277753082312704
0.0691783064791936 -0.532132715069954 0.00983285468369861 -0.213011911761514
-0.0384943848200736 -0.563244822421173 -0.0433933406971328 -0.0615703719066516
-0.182667565935248 -0.537062350241793 -0.0962757515908776 0.096751395521352
-0.372255617913733 -0.402588047598533 -0.0708788173521538 0.20158887902125
-0.495514407309859 -0.222990382716794 0.00809051254687116 0.268515799498515
-0.482172566399796 -0.0834024137872917 0.0932944515029702 0.257691900510604
-0.490320813427087 0.0354532299779714 0.222879474336598 0.219286480026166
-0.44803167809148 0.0782411308254963 0.344958968391731 0.254096830049022
-0.271428125037052 -0.0284162942606073 0.204875156955533 -0.266734161045578
-0.272330205496081 -0.0948903540475483 0.160904532004796 -0.198493671923914
-0.192015477907656 -0.174854514849894 0.148477276307778 -0.157154708970786
-0.1110143364463 -0.211969049491864 0.0866569351046687 -0.234610400700731
-0.0280937964898955 -0.259171260818621 0.0723201958386651 -0.279393028015864
0.0505265001172563 -0.309854361770613 0.115691355386997 -0.365143543753952
0.0900251386666423 -0.359831648540281 0.127225030805196 -0.402978326554355
0.0553411423622801 -0.412876390010078 0.0359800343880551 -0.398135756147894
-0.045824180538334 -0.448909032203849 -0.0788902157948298 -0.248891440721228
-0.168807689399682 -0.422472555909002 -0.176742836775895 -0.0213536850421754
-0.3071217364727 -0.295794699939608 -0.137639202617713 0.17028964655954
-0.393546675031136 -0.126673945345587 0.00467147738920458 0.259848139334817
-0.382735479263663 -0.0171306254328882 0.170044168029434 0.239320964303424
-0.382565907517202 0.0738786491539399 0.344516877138902 0.185843863363619
-0.351412590497666 0.0847802471879576 0.491789736483109 0.21310087108796
-0.139860344093096 -0.0313633888318401 0.299347595267115 -0.243288238049091
-0.132736310576703 -0.0500277359801942 0.187819404613996 -0.160582224720322
-0.0766837469134172 -0.0872503684707586 0.146811487471486 -0.109770996822086
-0.0287351343943747 -0.0935802824130424 0.07546085201453 -0.189976595397812
0.00603735657583903 -0.118147154956278 0.0668902411608423 -0.242417684554728
0.0389681460967667 -0.152988486245707 0.129428326209808 -0.365632090869782
0.0616904966923657 -0.195334949776523 0.157150350301694 -0.472668988189066
0.0350447562915325 -0.231650071210322 0.0569317582573579 -0.525998969112687
-0.0258639714003339 -0.254222455968732 -0.10980326755002 -0.38165342678433
-0.0957594017524329 -0.239383509524116 -0.240030900953972 -0.0999039452759337
-0.161918527629273 -0.160748924220593 -0.186950817988465 0.156674237220288
-0.210053824084095 -0.0461696555020119 -0.00779627667286124 0.256530578376514
-0.212275355061871 0.0118359028107029 0.217870740414043 0.220560475281045
-0.211397326284362 0.0673149349324138 0.421168538558644 0.157286918071138
-0.197221317735506 0.0588746460334382 0.57990597360252 0.181708258042224
-0.00802846716089205 -0.00522747524239934 -0.582160652229493 -0.137110397383978
-0.00575421120059587 0.0127407072523047 -0.456245780632067 -0.0912974675570397
-0.014824931670744 -0.0207322832219279 -0.260071930910267 -0.160705079099298
-0.0159825165466863 -0.0153672525619757 -0.0336441576211603 -0.204481068242228
-0.0168578294128053 -0.00771342161069069 0.146626602706627 -0.137130901765012
-0.00152567357019032 0.0108816616762452 0.191823660885851 0.112598447042994
-0.00444527858131523 0.0272205999321856 0.0921045653855805 0.398874338807238
-0.00394265320018271 0.0204905618422168 -0.0690119619049955 0.553020158807929
-0.00913458420756202 0.0127679605803596 -0.125508919790703 0.508766254106581
-0.0122695762002108 0.0131638576684493 -0.0852013853110238 0.375349771256356
-0.0238672656525291 0.00231389477903387 -0.0300556429043968 0.248992086552721
-0.0280615339115522 -0.0113239516602997 -0.0314423683551097 0.172887154636523
-0.0173714822765346 -0.0198617369498069 -0.116612855385724 0.109093526747991
-0.00123407784395342 -0.00351543471370427 -0.174599911328703 0.110932420620358
-0.00515163329935907 -0.0114057574463446 -0.295451275736607 0.256937943390881
-0.17168429842772 0.0458652319195977 -0.56090206805733 -0.147907695285143
-0.199595241237711 0.0550009273650434 -0.429347411557472 -0.116127816600992
-0.219143375625637 -0.0178909424352473 -0.245772468547655 -0.185385823622674
-0.213861830494699 -0.0753235155643711 -0.0416058047964175 -0.228909399838665
-0.178180671770136 -0.151900330407494 0.128328633917562 -0.156782638570255
-0.0899865519916656 -0.201320891158903 0.172696619995875 0.0854216520232553
-0.0273628353982431 -0.211277915380534 0.0846730095769409 0.365057194483836
0.0209705170413684 -0.197401598281463 -0.066037608373611 0.516481361398657
0.0229955501790148 -0.170428117675623 -0.100792915727805 0.497681112363247
0.0103007456310403 -0.132215326971241 -0.0683078473989998 0.389381818901226
-0.0362065656460869 -0.108499080526683 -0.019555586414085 0.262211613733847
-0.0760041268716482 -0.11787894759352 -0.0316438111984289 0.188011449137113
-0.0895533099126782 -0.111026714811976 -0.115706417553487 0.126869286022167
-0.132522303305788 -0.0713363747114089 -0.158983821674632 0.125993279430822
-0.159256629423677 -0.0270331311327855 -0.251388360426743 0.267990911657112
-0.310697974200498 0.0719147261119072 -0.469058185696586 -0.186604223597509
-0.369589663581286 0.0600659589851551 -0.348485596031079 -0.174038967795757
-0.394881705590071 -0.05265448137368 -0.19354459087993 -0.231353070130821
-0.376618750090526 -0.161886383152199 -0.0394926501830433 -0.271876342876725
-0.291327585848089 -0.304414504396999 0.0971794783164918 -0.20029298311066
-0.137065882799753 -0.394987611240287 0.132456159422614 0.0079526399360058
-0.0262632425238113 -0.412794874172953 0.0664098691485469 0.255257155750116
0.0424521732121625 -0.386331046831003 -0.0533762285727327 0.396393554250338
0.0350436211219063 -0.348292042241416 -0.0614447287971206 0.43793395971731
0.000724604869375216 -0.297841608829259 -0.0375821850149857 0.388673774787219
-0.0927724458588834 -0.247909986772038 -0.00265942302234061 0.282124100324869
-0.177258966204563 -0.231705179294517 -0.0299912596490722 0.219176776867653
-0.2069047438596 -0.184947903038636 -0.106864498706918 0.168421860354536
-0.28021999935331 -0.107568157688895 -0.121444570244131 0.165176040737287
-0.303749354271606 -0.0241013258000601 -0.154489995810432 0.285531512567267
-0.398264448875862 0.0665087572301004 -0.316370133283827 -0.235970500178237
-0.475444508339636 0.0194017640913223 -0.213709100227775 -0.23476252735473
-0.492553496764496 -0.124305751983808 -0.0983609387636329 -0.270988944170986
-0.451312903361476 -0.26308918830595 -0.0142062015482188 -0.314318542593139
-0.318242797376878 -0.427873107635328 0.0686462918006543 -0.256876192013456
-0.121934287107303 -0.523180776781649 0.0924187139199805 -0.110711875160026
0.00382209169743892 -0.535663515596264 0.0514762256478481 0.0860985300143786
0.0581810690550051 -0.514240120721738 -0.0372694722197185 0.216174605423929
0.0196637751296625 -0.495772036829164 -0.0289279675843614 0.317182581785635
-0.0571498981795662 -0.457297733570719 -0.0146776922080769 0.337556360812547
-0.205730612859585 -0.379271758549418 0.00745594369852035 0.277246929486018
-0.333040720402791 -0.307555526347177 -0.0174686508391008 0.251204551749773
-0.355940341071194 -0.206753391342289 -0.0684134046931592 0.219026979037788
-0.418512956292453 -0.0927298770662593 -0.0406155504511149 0.208417071543988
-0.413669135556675 0.00443918233076458 -0.00968283972073532 0.295306228645424
-0.419047470141411 0.0361096168478928 -0.130634334891236 -0.273014640041756
-0.488213766913174 -0.0441659739534689 -0.0563658218901068 -0.262066945370029
-0.471289854831569 -0.197961769806063 0.0166086569878918 -0.27203891744786
-0.39706011714384 -0.327888147888054 0.03228501128205 -0.326048893719013
-0.24493924437611 -0.467947375122725 0.0591025379231749 -0.301772536614869
-0.0574647978508016 -0.546360181700239 0.0759112688537309 -0.236172377294858
0.0486599927281369 -0.558876296356752 0.0566862193611256 -0.104734012460084
0.0653033886342359 -0.563938245095677 -0.0153866048364437 0.0030981876261174
-0.0141541484791575 -0.57523620729271 -0.0207185556903223 0.140928694397051
-0.138413480715102 -0.549472254333521 -0.0307411263550918 0.230151736500528
-0.327426395928869 -0.43690353397761 -0.0130142463767123 0.244199747181267
-0.469448228805125 -0.297111154689159 0.00167727988289378 0.26857424795259
-0.470786478927249 -0.160334549149321 0.00759126206533974 0.252911498642384
-0.500625334508874 -0.0313351004991379 0.0832057820362902 0.229731575497581
-0.466702202795574 0.0475674559887925 0.167700891135955 0.283143539374927
-0.371982392423884 0.000397290562712914 0.052632047518409 -0.283047392585004
-0.407145957782108 -0.0892913522915726 0.0761261745784058 -0.243756444667855
-0.347214430086287 -0.2192906535149 0.107136944086797 -0.224898763194516
-0.256994475279068 -0.308840688116234 0.0720533257390696 -0.293647256589443
-0.124611504894175 -0.40056036326061 0.0648687928001594 -0.309378283160414
0.0129054060879155 -0.462768261791197 0.0887040948397738 -0.328102007605136
0.080483444898034 -0.493877652649721 0.0833802754655898 -0.277980596901344
0.0614422788146524 -0.530731622115703 0.00778131637766865 -0.212187343888415
-0.0459860583071152 -0.561815727475465 -0.0433726285267201 -0.060933237814949
-0.190018560186865 -0.534492393596026 -0.0939435460882191 0.0979899750329632
-0.375790005520827 -0.397360037708322 -0.0678229297018906 0.20297782322615
-0.497041619261813 -0.216720041834239 0.0126296250080876 0.267820601620583
-0.483993729105248 -0.076193136615525 0.0982609539113871 0.256213360157699
-0.487935903515076 0.0417322566839334 0.225141267639235 0.215326307131299
-0.445187786462322 0.0858076693596233 0.347649422897574 0.246630206520961
-0.270901905764564 -0.0249640226861688 0.200672595035226 -0.26758057530492
-0.272817553010565 -0.0907189395719152 0.156314093691474 -0.198756913106067
-0.19400228476651 -0.171910104614056 0.145371898853451 -0.159060699846654
-0.113613411202556 -0.210060753500371 0.0825556216277336 -0.234837968693586
-0.0309158702057254 -0.258505965043445 0.0684246309368372 -0.279312975372368
0.0467185082483982 -0.3096393741774 0.110404868284151 -0.365907635747203
0.0864256888363997 -0.360070401191653 0.121777391326278 -0.403813802939154
0.0510742800278187 -0.41216590601474 0.0310118012348547 -0.397809573112333
-0.0506860886035573 -0.447520163413082 -0.0811666096715168 -0.247492258406452
-0.173145225515397 -0.418787162410643 -0.175884253549546 -0.0191812138559587
-0.310139205229189 -0.291318025792877 -0.134437732223897 0.173371142913364
-0.394483516423809 -0.120638919573989 0.0091735599672925 0.259546625771096
-0.383034493401383 -0.011917080084152 0.174179096943772 0.236766853488048
-0.381219089214816 0.0789094064120022 0.34649203706794 0.180224937215753
-0.349635480923759 0.0902227793460229 0.494304133892625 0.203825784408576
-0.139677551131132 -0.0294042242086661 0.294528630333992 -0.246075435915594
-0.132564559312296 -0.0477087081735353 0.183633395006379 -0.161342114264182
-0.077768121549589 -0.0858803618209221 0.144735145961752 -0.111277625611188
-0.029931622795344 -0.0927608731711015 0.0718000510757868 -0.190915526620827
0.00462626341561505 -0.118167793632193 0.0631390293185817 -0.242580459856776
0.0366268773477102 -0.153635067824273 0.123162114795123 -0.366516810077113
0.0594386862692776 -0.195891629534957 0.152607432816627 -0.4739007896669
0.0324286151704623 -0.231192161200275 0.0506894512761346 -0.526243826529048
-0.029120293963079 -0.25322852748052 -0.11243942094624 -0.378676714297953
-0.0988016247329003 -0.2382568156925 -0.239696936321173 -0.0962435946074714
-0.163179102661205 -0.158547196056737 -0.183837951657034 0.159312299314236
-0.210030723968516 -0.0431523057594698 -0.00351465739355178 0.256168130175685
-0.2116526267394 0.0144360539251964 0.221443246851996 0.216908468722235
-0.210192180849564 0.0706189623009766 0.422063559669158 0.149999889358911
-0.19588855575344 0.0611458202649907 0.579937037194123 0.171634756000446
-0.00855561685507643 -0.0052634763426643 -0.58396262109173 -0.128340860851089
-0.00483929127329123 0.013188247520533 -0.456972612554176 -0.0840729163686226
-0.0155231418078719 -0.019766488172444 -0.262057322638034 -0.155388072349871
-0.0165786749439024 -0.0153623366205571 -0.036433199109201 -0.203281059434048
-0.0159889100607084 -0.00709249544729797 0.14422712333563 -0.138955629419319
-0.00114514257057873 0.0112337668537138 0.192199355089121 0.109616392461373
-0.00431911629349553 0.0271484742974038 0.0960538380882022 0.396578648888728
-0.00315332040340986 0.0202095417766241 -0.0636586509116235 0.55247273774034
-0.00892642933266156 0.0127865942943557 -0.120408844509682 0.508285289369368
-0.0115398272835045 0.0132108481561964 -0.0802813513080376 0.375355720194174
-0.0237392063184439 0.00266793293544068 -0.0265404648105567 0.24815913730379
-0.0281706852529407 -0.0100674396319121 -0.02805037860782 0.173225101250715
-0.0175170343846196 -0.0189476198985412 -0.11353718369946 0.109617244958089
-0.0010247543351486 -0.00335812159138242 -0.171550869627103 0.111916540721304
-0.00433782050935463 -0.0113875626071163 -0.290064235597025 0.258889225086281
-0.170801897332649 0.0479489774754676 -0.562440195069161 -0.13709638007646
-0.197141710759443 0.058047191959177 -0.429947836009097 -0.108463010649545
-0.218800423825952 -0.0148199335556138 -0.247989488656182 -0.181431549544094
-0.214779087811448 -0.0723863520743653 -0.0449006376004004 -0.227869517468313
-0.179754935539385 -0.149092892193766 0.12681973400257 -0.158366946624799
-0.0920237609441178 -0.199292873667306 0.172515539614285 0.0832790472852132
-0.029425612088726 -0.210293304805864 0.0879728211638947 0.362218568588672
0.018470231284639 -0.196652647687941 -0.0613838445132032 0.515407960714496
0.0211780470236994 -0.170561215159897 -0.0946113841638383 0.498555989799968
0.00908015316698609 -0.131846210925238 -0.0623194200251896 0.389210246770321
-0.0373507998137156 -0.107799239592713 -0.0163162650529642 0.261875106581817
-0.0765186905523158 -0.115186305239713 -0.0290811604190146 0.187571196685832
-0.0912668310811657 -0.108914254472039 -0.112094902967278 0.128231550794119
-0.133006498758617 -0.069287089575645 -0.156301757491298 0.127065943177392
-0.15919435001082 -0.0254424095680197 -0.245629370649534 0.268776085804197
-0.309128394767074 0.0766443409673401 -0.471405001134089 -0.177994579908807
-0.367568954526681 0.065051797645435 -0.349332969306011 -0.167359338258225
-0.394770622091522 -0.0466943745748787 -0.196048252485847 -0.228803737835384
-0.37753770614445 -0.157588495836203 -0.043093293821525 -0.270469794184576
-0.294839762416612 -0.299401931452841 0.0940277338358227 -0.201118217808805
-0.140993480867014 -0.391440637365914 0.13110724414826 0.00561980907457164
-0.0302730039953432 -0.411671949290512 0.0687657363645685 0.253489923818389
0.0386608393507429 -0.384870426085943 -0.0488154121357556 0.396931192790761
0.0315872860239201 -0.347189032128482 -0.0559713359064973 0.437055684550993
-0.00285335780072354 -0.297747452058163 -0.0323152209799901 0.388863222372533
-0.0950740074645015 -0.245194612533532 0.000429240501591126 0.281109575582219
-0.180180075493421 -0.227472448402538 -0.0261032105855605 0.219630111284733
-0.208676778870009 -0.181927444987545 -0.10332362533291 0.169017794769579
-0.280274547276163 -0.103854431842919 -0.118337308356666 0.165568759108371
-0.301825508350785 -0.0192372431068514 -0.149586420429995 0.284865476340853
-0.396921862540043 0.0702598868773974 -0.31879089990011 -0.228829375966134
-0.474645653945694 0.0263981670409294 -0.216379978991466 -0.228517968141374
-0.492582865672537 -0.116423054830247 -0.102198603894479 -0.268585609554619
-0.452313078135633 -0.257513997108196 -0.0182466712535192 -0.313350358197328
-0.322852862447052 -0.421615387066451 0.065056050556516 -0.258095168906598
-0.128152820531631 -0.520360581665482 0.0904213092649548 -0.111326366245656
-0.00202583910148049 -0.535569893296284 0.0520613235012477 0.0845864134380299
0.0523320973972942 -0.51246578913971 -0.0334246317356395 0.216786373130645
0.0128962722722063 -0.493454810387238 -0.0241748643686319 0.315995842877398
-0.061062415399982 -0.456149767086268 -0.00977106808628833 0.336985168267614
-0.209551513731598 -0.376271890210759 0.0115052418151494 0.277332243321209
-0.336548948207057 -0.301521113089364 -0.0131769169961096 0.251130234285686
-0.357416757020935 -0.202430598742582 -0.0640921421021716 0.219277422781211
-0.418501174694323 -0.0864453931215761 -0.037918969226909 0.207534821177979
-0.412691548538358 0.00941427078064942 -0.00464714038038309 0.293403864143312
-0.418506824244269 0.0424499710336246 -0.134119000796623 -0.268920213163114
-0.487343827986883 -0.0371879767280352 -0.0608390556939417 -0.259519141103068
-0.472553829282888 -0.190631408529375 0.0118575652990124 -0.272184350322288
-0.401450131659995 -0.321443286449762 0.0265920035559529 -0.325929692082662
-0.250736696570267 -0.464797089884017 0.0549584433655272 -0.30162046251804
-0.06482975705618 -0.545638129267168 0.0723754153098882 -0.23704838604036
0.0420443659674828 -0.558290445584285 0.0546244733813729 -0.105402508579771
0.0583010378206989 -0.563078485637345 -0.0148595368019248 0.00351863346745112
-0.0205905617672583 -0.572835849309345 -0.0181354941665885 0.140778253165122
-0.144167169574005 -0.546651753989699 -0.0264480517943949 0.23008896894377
-0.332778767514206 -0.430736446964158 -0.0102370555064468 0.243819119232608
-0.471684383935965 -0.289116595115771 0.00682688263882598 0.267432282135073
-0.472906777137577 -0.152953734767763 0.0125237734419241 0.252357052017385
-0.499777135711823 -0.0230475861876591 0.0862307466963819 0.228132580829514
-0.464474954698235 0.053594525491362 0.171554587757812 0.277818109858193
-0.370544233330896 0.00469267278330827 0.0484555860229614 -0.282079197272244
-0.407192236318089 -0.0828994804014787 0.0724590379362314 -0.242740216967507
-0.349538287490129 -0.214335861732517 0.103080395456901 -0.225482262250422
-0.260109672512257 -0.304688216408979 0.0680316873296292 -0.292837373756381
-0.129501394734062 -0.397572951914395 0.0605342299297586 -0.309472050528749
0.00602003573470258 -0.461978981576587 0.0838142961799278 -0.328980811094555
0.0755579463004468 -0.492801507135836 0.0798443746904168 -0.27824907445672
0.0550320232706118 -0.527699639885714 0.00580746727885847 -0.211891568779755
-0.0525137477713305 -0.557351925135853 -0.0433124660163629 -0.0607420768317835
-0.194994721095049 -0.531375226442316 -0.0916996740173936 0.0993273248467511
-0.378929212941237 -0.391318053018527 -0.0655786059579404 0.204197888545817
-0.49851603647526 -0.208825920768545 0.01749857024178 0.267661224192299
-0.483200578445182 -0.0703304540796281 0.103401493867926 0.254647672211283
-0.48631584083416 0.0489666200053298 0.227721163889426 0.211537823709323
-0.442612702016713 0.0907641572186875 0.350414527649819 0.240178984742362
-0.269510211462974 -0.0218187189098374 0.196750026394611 -0.268549067729754
-0.272563315209296 -0.0861645153813718 0.152907032324519 -0.198192357964836
-0.195116681764468 -0.168732668639247 0.142475474228423 -0.159778389236057
-0.115607798266678 -0.208329525249626 0.0781352940387562 -0.235287181721287
-0.0340086707479689 -0.257148576702872 0.0650002120916278 -0.278470960571275
0.0424449987617993 -0.309624793852235 0.105015982401305 -0.366348474722777
0.0824237055069557 -0.360212233509309 0.115540087761609 -0.404699546380897
0.0453878719601685 -0.411461009495735 0.0276196718316341 -0.397154490101431
-0.0557312058262998 -0.44564860712109 -0.0830392202794142 -0.245778266877779
-0.178490428297706 -0.416323503853112 -0.174921783899502 -0.0161875756356742
-0.312607524630884 -0.288073516042631 -0.131287085835858 0.174714558714605
-0.394707508923563 -0.115655408863502 0.0126869970278166 0.258680466283718
-0.382097509632032 -0.00706036760818739 0.178363062313619 0.234267973041174
-0.379006748282488 0.0843694582479363 0.347666679278855 0.173976659975034
-0.347362619316842 0.0941905674161587 0.495238234659469 0.195784603325328
-0.139049873568368 -0.0274704750845371 0.290290469072705 -0.246509709595397
-0.132467140014652 -0.0452983766994335 0.180428257600968 -0.161373976450533
-0.0787455517200251 -0.084548335519344 0.141642916183341 -0.112700765148605
-0.0310836564145836 -0.0919925256829016 0.0676660239651705 -0.19051583541184
0.00258426905699505 -0.118190294028555 0.0602880882940812 -0.242609644076514
0.0345548178083833 -0.153799476684511 0.118089213906051 -0.367567560368771
0.0562849342258256 -0.196527593107456 0.144382828907873 -0.473690767309736
0.0291260128315708 -0.230556555766768 0.0445207752378779 -0.524760095682372
-0.0316718564558719 -0.252012581286467 -0.116194810229703 -0.376737324533988
-0.101919553806843 -0.236301755583563 -0.240193148098423 -0.0934050102668699
-0.165666252570921 -0.156078502420892 -0.180748721792711 0.162036434006149
-0.20933534768521 -0.0401784522708304 0.00071896179922712 0.25569363463252
-0.21108372278924 0.01671747729576 0.224654550265397 0.21323041078609
-0.20833755042187 0.0731451880809768 0.42229214905137 0.142176661967577
-0.194599771976292 0.0636976876351236 0.582173699426899 0.161537405231151
-0.00900605253132385 -0.00520825747486567 -0.582518029558417 -0.119247259762606
-0.00405866998013548 0.012780831355207 -0.456507109924807 -0.0768220450000801
-0.0157644011764332 -0.0203050749211097 -0.26356384672163 -0.151327759829897
-0.0160648923808253 -0.0152792165460257 -0.0388656086502299 -0.201217595385767
-0.0163573163793454 -0.00687929215230437 0.141930006126036 -0.140550224417866
-0.000899676224160166 0.0117193219476675 0.19181218571997 0.10697791206405
-0.00360972320922262 0.0276217939138191 0.0980701863530769 0.393471019647498
-0.0031921432237326 0.020660243242817 -0.0572103644133243 0.552252581597961
-0.00916104203090923 0.0123266142057476 -0.114854711105374 0.507948494512191
-0.0116996872136916 0.0127393674275926 -0.0756190476334808 0.375069825753624
-0.0234763161495882 0.00312629930057584 -0.0231486875035935 0.247599352538184
-0.0286838360262568 -0.0100733484392563 -0.0254576483277818 0.172587726978186
-0.0176111247582818 -0.018979135976672 -0.110727292033153 0.111341325423043
-0.00108639058909506 -0.00304456561042198 -0.168539503834816 0.112799563925275
-0.00515750420555798 -0.0108556009547877 -0.284475781286716 0.260639163835458
-0.170407439213207 0.0498419382754433 -0.563192287009061 -0.128871777041883
-0.196357328371263 0.0595010546706979 -0.430782196345866 -0.101894947369045
-0.218780321278006 -0.0124205265212114 -0.250302509782049 -0.177169055736993
-0.214939526331946 -0.0697576697807751 -0.0470787300945487 -0.225998248181644
-0.180668238670753 -0.146411978842019 0.123585823334289 -0.159787040716443
-0.0938503552628232 -0.197636063795999 0.172898894020268 0.0806926193530431
-0.0317978188709561 -0.2095073231621 0.0912416974387809 0.360874853665368
0.0165210390082062 -0.196412343263293 -0.0552989226283278 0.514621186477613
0.019049351117462 -0.169878424569682 -0.0899816476289451 0.496454364663247
0.00825711751988779 -0.13121423240182 -0.0577719940097662 0.3882091724564
-0.0379493674762621 -0.106309422259762 -0.0125504288475198 0.260319747288359
-0.0784680860170715 -0.113782660922373 -0.0248023468796789 0.187713053081712
-0.092739364698156 -0.107514204792556 -0.109503600155149 0.128991365032582
-0.132573197069243 -0.0669599137784304 -0.153238720569794 0.127738313561352
-0.157947813254925 -0.0229681445646553 -0.240510583689911 0.269483870824637
-0.30792654202899 0.0792160425493536 -0.47223193232805 -0.170338643741589
-0.365251637176185 0.0691456937665161 -0.350747479767886 -0.162610626486226
-0.394499734404453 -0.0419105631081918 -0.199187976822185 -0.224591267160062
-0.379335424261449 -0.153856631974484 -0.0462635128582875 -0.26850629206489
-0.297389684653112 -0.293950908913422 0.0918404446473745 -0.202055409923615
-0.145332690958448 -0.388251569106539 0.130213731949056 0.00369420480467261
-0.034305659092097 -0.409313892944276 0.0709824404239883 0.252372441483593
0.0339096789446289 -0.383470140588408 -0.0436371336860853 0.395328055095294
0.0271361212413602 -0.346475629129682 -0.0510181762919576 0.436177099211294
-0.00553159236090863 -0.296466383701154 -0.0273491270792584 0.387490888214614
-0.0968287349562248 -0.243278873720948 0.00415859462520095 0.280172430173639
-0.18137869397972 -0.224758545352506 -0.0225093574029905 0.218889012812629
-0.210339012476864 -0.178612926248819 -0.0998256667446602 0.169996283527266
-0.280101412747832 -0.0997955952108413 -0.115006016191937 0.164884634965142
-0.301467576670061 -0.0162869116553804 -0.145000135125973 0.284567121479083
-0.395482799254488 0.0757920878298929 -0.319650317495514 -0.222970661446595
-0.472367761331009 0.032607539190384 -0.218863327861988 -0.225100235067988
-0.493553184086734 -0.11022885003407 -0.106309709145427 -0.265915941414984
-0.453620007203429 -0.251816013624121 -0.0228686165373371 -0.311148668705576
-0.324997720647591 -0.418519189400833 0.062220411733712 -0.257542363003386
-0.134407946851134 -0.518358239474734 0.0880300614296327 -0.11356470778465
-0.00720283953589709 -0.531041559713698 0.0531336679007457 0.0846209807373429
0.0468076579693422 -0.511728343564561 -0.030890950440653 0.215992396652085
0.00901752533415781 -0.491851958061934 -0.0205436037192322 0.315049392879316
-0.0667041191825545 -0.452907640049806 -0.0053474947552346 0.336310199511315
-0.212561649539328 -0.372480864493201 0.0140911315351484 0.27645518644433
-0.339315386047906 -0.295083249359026 -0.0087205398404533 0.249984144431185
-0.359843383732769 -0.197148152991452 -0.0595916173977776 0.218809389056846
-0.41757261349616 -0.0812502483900554 -0.0347963138968399 0.207075457235196
-0.410611380507463 0.015007274709344 -0.00101686963807793 0.290606484767808
-0.415592589466948 0.0458010927532112 -0.136531787112416 -0.264186442010087
-0.486629772267269 -0.0304791062792804 -0.0631221374186899 -0.256089837523556
-0.472164000478783 -0.183503397561972 0.00859506051880986 -0.270261128268237
-0.403687489009555 -0.317030793743594 0.0225689164725376 -0.324330425555259
-0.254646033236375 -0.461491341126933 0.0519111325173077 -0.301875788296131
-0.0702254276752741 -0.543418154388411 0.0694113599599012 -0.237744039155599
0.0358643346573814 -0.556601043848733 0.0531392804927903 -0.105343634876103
0.0515591561602117 -0.560692684536823 -0.0144133295278832 0.00394198821349931
-0.0281189378694618 -0.569528015487806 -0.0160643667317443 0.140667171721123
-0.149593022878786 -0.54368402968676 -0.0233340234994646 0.230222021244291
-0.335993468510374 -0.427114494597902 -0.00681880505049614 0.244778294076401
-0.473490028044697 -0.283732962352364 0.00975162250922452 0.266909952428375
-0.472377925177518 -0.147693621258802 0.017109553682955 0.251949954692964
-0.497519961135686 -0.0177532898603236 0.0887393612875545 0.225010020728957
-0.46329335323502 0.058792071426509 0.174446562519846 0.273519291085142
-0.368605883184755 0.00898117170209053 0.0446903752458873 -0.280116008326874
-0.406926876662076 -0.0777596796616775 0.0683758932071774 -0.241271548571561
-0.349837086245556 -0.208924879541156 0.0992905191595745 -0.225473764821011
-0.261937588019016 -0.301231180363258 0.0634515706629195 -0.292237627768926
-0.132178788594238 -0.394807608199694 0.0572160045995944 -0.309192292688531
0.00109925309540524 -0.460371210520792 0.0792090660120302 -0.32911694506316
0.0698247100763181 -0.491836178961091 0.0763320009697382 -0.278074823596684
0.049528120338217 -0.526660443379941 0.00390223883852404 -0.210477208765782
-0.0574093816562281 -0.555417685461181 -0.0428716410965009 -0.0597190151764893
-0.200660632782322 -0.52818175809121 -0.0895071320820206 0.100293309552668
-0.382938155088924 -0.387205580748303 -0.0616026827378908 0.204655051203773
-0.499569783603499 -0.202347975126702 0.0204505719671155 0.266167283832954
-0.482579798346294 -0.0654052069453742 0.107036031843761 0.251942609899521
-0.483620469246403 0.0551030865481281 0.229033185567188 0.207272947546817
-0.440343245627451 0.0945749132483147 0.352080038818847 0.233104941600861
-0.269550945867324 -0.0182686665677244 0.192100310259842 -0.267727956712675
-0.272847137884861 -0.0818333320544787 0.148880487258022 -0.198626427587544
-0.196507093777645 -0.165450754581313 0.139387111610159 -0.160181624058477
-0.117323392782242 -0.205857057550474 0.0746414742575239 -0.234273603489799
-0.0365545424803958 -0.256287379408316 0.0615571165738995 -0.279297190758559
0.038992900842038 -0.309873433288856 0.100608658458624 -0.367356102612224
0.078147539461845 -0.359850801973311 0.111768132727343 -0.404438378803528
0.041236533840615 -0.410817342162875 0.0232328838375426 -0.39616407639091
-0.0610516510804845 -0.442818489955881 -0.0848609117378253 -0.244010045369366
-0.181813636343518 -0.412400502512857 -0.173700108334077 -0.0147097313333127
-0.315150127681778 -0.282737814774195 -0.128749459577433 0.176375288594604
-0.394668419319451 -0.110135269565463 0.0165746774095831 0.258465781686843
-0.38117116913766 -0.0025582875459158 0.181394588662086 0.231045372971251
-0.377138298981826 0.0889568961778145 0.348919572167208 0.168148340031634
-0.344833122437694 0.0985388702754287 0.495619311645658 0.185932318868685
-0.139006860623067 -0.0260541613632397 0.286514967304351 -0.248866323528601
-0.132011102529649 -0.0438880889957156 0.176627582849699 -0.161336777405281
-0.0793213281646684 -0.0831353548453599 0.139376744432673 -0.113176318720929
-0.0320334811997798 -0.0914827810219325 0.0644023190911719 -0.190902392493887
0.00161370791271397 -0.117977390488161 0.0566104366466887 -0.242350990221574
0.0328188222680924 -0.153730119482488 0.113243872526764 -0.367200047318119
0.0544139007851994 -0.196850171670535 0.139894529459159 -0.474286249500235
0.0268407741300845 -0.230427093133246 0.0399879320144594 -0.524222698918713
-0.034761436449601 -0.250540664284353 -0.119560016018756 -0.37527388303992
-0.10442670386238 -0.234369071473529 -0.239288544017966 -0.0904574993685755
-0.166660430742201 -0.15442693191388 -0.178052556372777 0.163685476376085
-0.208760944193485 -0.0377355115084114 0.00382198285153514 0.255078525717716
-0.210140941055719 0.0193534660293581 0.227504088754795 0.209723834455295
-0.207261663851342 0.076078872748043 0.423660168704086 0.136395505930843
-0.192739775982294 0.0662255920720785 0.583068223231316 0.152309912721139
-0.00955483707216612 -0.00516855821164707 -0.583006005019687 -0.111439224062861
-0.00349092179502331 0.012681964625128 -0.456287995351016 -0.07076728301251
-0.0157621399627151 -0.0194888645330793 -0.264455132018546 -0.146636790030928
-0.0161404809219514 -0.0152614197077167 -0.0414518671889526 -0.199909401833929
-0.0160913642748472 -0.00622968824320832 0.139436952666347 -0.141313457028347
-0.000795455896494642 0.0120401459855096 0.191716133949188 0.104198917259592
-0.00288810041537863 0.0274214162683447 0.10249334361883 0.391266140346673
-0.00277815750077077 0.0203715861669342 -0.0524813817893704 0.550641175819088
-0.00857252434173099 0.012465540082727 -0.108463623623459 0.507171230801337
-0.0115467377641891 0.0129855812741895 -0.0716917914613181 0.374077540060422
-0.0234298921677166 0.00351826509944758 -0.0198603929044337 0.246748656341442
-0.0289350522735809 -0.00930242951963115 -0.0225227238580688 0.172277442215689
-0.0186101502050527 -0.0183740579255765 -0.107825022304758 0.111690043123807
-0.000750097930390121 -0.00301693292631909 -0.165769542331944 0.113044386590973
-0.00463622287533739 -0.0107592497158318 -0.278974301619831 0.261038594600434
-0.169746439601787 0.0508688001534479 -0.560723524319334 -0.120375391460573
-0.194965494554336 0.0613585926963703 -0.430569551165233 -0.0955369990020069
-0.218057605398239 -0.00915953044917658 -0.251780555614539 -0.172682284786137
-0.214680565017348 -0.0678970945104422 -0.050470584283371 -0.223834225286356
-0.180794515627412 -0.143793477791126 0.120864103269436 -0.160890766961129
-0.0958278277032964 -0.195596355771151 0.172008592073079 0.0786053086053313
-0.0331310519855134 -0.208092370990069 0.0936130970229536 0.35865630034887
0.0149120491563288 -0.194938901446382 -0.0490155745436346 0.512822471735446
0.0178472913272078 -0.169108243567189 -0.0836480987426319 0.496117217585414
0.00650056668446735 -0.13084861399525 -0.0533524813509653 0.387677051951334
-0.0385995343320417 -0.104975613571927 -0.00965312923583843 0.259764293952074
-0.079922236513032 -0.111817890707403 -0.0219942370298741 0.187123217568635
-0.093488432184489 -0.105788376477203 -0.105884686936042 0.129803254434863
-0.132916105622315 -0.0651172941286324 -0.150154328230549 0.12775914145749
-0.157296414513094 -0.021148819527799 -0.23558256024749 0.269673875484517
-0.306357153302428 0.0822084010727241 -0.471511762439523 -0.161913780982301
-0.36282911791047 0.0735281206015709 -0.351564842728058 -0.155516671018698
-0.393111451580767 -0.0372006943193998 -0.201054712025859 -0.220321206883536
-0.377740257910051 -0.148072755504198 -0.0495101919690528 -0.26619980233604
-0.299661456214271 -0.291133388085335 0.0883397523916035 -0.202962574049027
-0.149084084785713 -0.385304277544808 0.129477985935066 0.00127710111768696
-0.0375787710520749 -0.40722409697549 0.0730599896109558 0.24985352751477
0.0307793434923556 -0.381701404482478 -0.0396567903929532 0.394208093130465
0.0242148343811071 -0.344962954867854 -0.0458915532880222 0.434137255242787
-0.00827347645971084 -0.295367920756718 -0.0221080817238865 0.386602781010795
-0.0986725774109301 -0.241251541651818 0.00712428553971789 0.279006720558204
-0.18376613075789 -0.221472840310104 -0.0193319220847823 0.218576811866719
-0.211534638380584 -0.175100156161988 -0.0961694678707997 0.170075240386055
-0.27926980658283 -0.0958985295653369 -0.112451847706107 0.165142617246116
-0.300106693925922 -0.0123474262393947 -0.140267703618438 0.282962260718411
-0.393115771226722 0.0797755017796292 -0.321609843196466 -0.216225941658869
-0.469340214155998 0.0362640860504042 -0.221303023364799 -0.21987061231843
-0.491492100388697 -0.104757400851451 -0.10878593459582 -0.263620862147136
-0.454402381281116 -0.245992871393673 -0.0265363058492176 -0.308736641344053
-0.329662033686544 -0.411578893382122 0.0595006056169866 -0.257929662074667
-0.138769009468659 -0.514455711027342 0.0862684211239767 -0.114591871701822
-0.0122628036054065 -0.529178414696061 0.0534014309033545 0.0836162763792119
0.0411457866990953 -0.509371192555641 -0.0281467122341398 0.215508514149002
0.00383321951395712 -0.488574668553465 -0.0163861107052287 0.313172991546718
-0.0703473380791717 -0.451463363513592 -0.00165677401982477 0.335142146027064
-0.215069742935763 -0.367904952711446 0.017265087911655 0.275891650288006
-0.339790626709174 -0.290353142023502 -0.00545387909759261 0.248760249615785
-0.360201414889375 -0.191696439764901 -0.0551818586208913 0.218456724036916
-0.416587443551873 -0.0758140787579759 -0.031986802009521 0.205422861128952
-0.408067278948154 0.0190016660977049 0.00248267496692971 0.287578578230272
-0.413372331033752 0.0503684359362953 -0.13983814299442 -0.260215618239157
-0.483880525835949 -0.024635480925909 -0.0661757454164073 -0.252889237836146
-0.472976846620695 -0.177799251470956 0.00547212651842437 -0.268562140052508
-0.404552142716234 -0.311526100708211 0.018772101064638 -0.322812482874968
-0.258171539922209 -0.456390359647804 0.048568395951637 -0.3016297311355
-0.0746325783503994 -0.541993003677807 0.0658815184640239 -0.237721162325581
0.0308108574061289 -0.555703369521905 0.0518059563250961 -0.105259359544175
0.0456282243131475 -0.558597089124007 -0.0137316867245362 0.00408830064516664
-0.0323825382702354 -0.567726890173816 -0.0140134555902596 0.13914787626528
-0.154464426223872 -0.540202371216756 -0.0199789085013704 0.229660542595381
-0.33830852411424 -0.421413368518473 -0.00366356145597284 0.243856494076331
-0.475803306446609 -0.276788652111626 0.0141185260405162 0.265628776044596
-0.473270447458011 -0.142105092602039 0.0211439768903414 0.250010126469702
-0.497195788035663 -0.0103661006133991 0.0908749149729146 0.222761710381571
-0.45884541585832 0.0639869293620141 0.17672278878573 0.26852523073512
-0.366855123459272 0.0130417198329138 0.0414312238235742 -0.277161164457237
-0.405052234646787 -0.0719311613075921 0.0655608632663423 -0.239374639554863
-0.350579094561116 -0.203694367337825 0.0966746929254201 -0.225246535275506
-0.26428680195684 -0.297272070941334 0.0594552415003886 -0.291126310528176
-0.136170601703105 -0.391983226389339 0.053879008631567 -0.3085392586126
-0.00245342680325851 -0.458753711659085 0.0754513317608482 -0.329291046011305
0.0649997187715587 -0.490520757965991 0.0728301060257136 -0.277216186750216
0.0440337915841793 -0.524036354795645 0.00231655600633453 -0.209895657345107
-0.0624144241639696 -0.552240763028956 -0.0425016928229966 -0.0594045401225104
-0.20447564735172 -0.523770049255242 -0.0871272688559843 0.100417421125907
-0.383600612814607 -0.380651376181587 -0.0593603202691508 0.205704397130525
-0.500257016279771 -0.194430176677205 0.0239779434613511 0.264954420379155
-0.482665582610826 -0.0594630062858778 0.111579312600252 0.249496002799634
-0.481772582842229 0.060300952409601 0.230273381205476 0.203265672149224
-0.437111101582426 0.0987229952856309 0.352689628213795 0.225926553872305
-0.268065089889955 -0.0149226327469603 0.187885007450034 -0.267535996874677
-0.271544974086064 -0.0787738177423249 0.144932320183948 -0.197136211492117
-0.19725577929041 -0.161931689912059 0.136430748130739 -0.160314550669365
-0.118728703181631 -0.203763824274638 0.0708596148400664 -0.234256210308882
-0.0390171633558684 -0.255338652687366 0.0576900270995391 -0.278100844710461
0.0359372100860019 -0.309075379688852 0.0955863016354202 -0.36731635583075
0.0739881467966885 -0.359511704483541 0.105809106017137 -0.403353685154167
0.037399635759004 -0.407880325956822 0.0199443771297074 -0.393933540230078
-0.0645387869235022 -0.439855409947741 -0.0853599279613347 -0.242157153073287
-0.186122091564562 -0.409628068980144 -0.172692211660618 -0.01245626463522
-0.316470054997317 -0.278753726355595 -0.126107297319082 0.177345118193741
-0.394482558088891 -0.105645383754737 0.0199275433367852 0.256918481019244
-0.380240322124746 0.00141463692477819 0.185029553426295 0.227763711984105
-0.374315822532766 0.0930126208463119 0.349062533214207 0.163151533508766
-0.341606393489314 0.101448718091423 0.4965280395963 0.177606414690294
-0.138285492090172 -0.0245236695076545 0.281346225951383 -0.249978438629117
-0.131595519173116 -0.0419436243174518 0.173215260997925 -0.160984897867009
-0.079749937233329 -0.0818124502236794 0.136665791920062 -0.113880109702895
-0.0322737059812125 -0.0910191076319271 0.060944243757111 -0.190108643455074
-3.30098559636095E-06 -0.117573380724474 0.0529711026935103 -0.241450260594019
0.0306866922748676 -0.153999285963929 0.107819115829822 -0.367212299130845
0.0521985431610171 -0.196474741403621 0.133587960067382 -0.473755416458152
0.0246556847366896 -0.228849844693686 0.0347173449105703 -0.522283901611184
-0.0365645089138135 -0.248461974041134 -0.121225647474501 -0.371758607744883
-0.10678383514687 -0.23266462647102 -0.238379858488291 -0.0873639355277659
-0.167723034961655 -0.152280082788749 -0.175004561676661 0.164864486118453
-0.208525202017771 -0.0356223019540447 0.00686879291958431 0.254176673737038
-0.209425849823766 0.0212276714657673 0.229817021623215 0.206027537444444
-0.205309392811282 0.0782313845839911 0.423770217901577 0.129945580048238
-0.191544703014358 0.0678664782747382 0.581428258347368 0.143977210057841
-0.010038987799402 -0.00500682065802326 -0.582996133011946 -0.102685214890593
-0.00312789925191706 0.012742594232373 -0.455767796756302 -0.0649500608059798
-0.016079404751896 -0.0186821106922888 -0.264741991719495 -0.143254509768224
-0.0163606805451144 -0.0148480881733383 -0.0432263358441494 -0.198461713678714
-0.0160412212599831 -0.0055958845257055 0.136768706097606 -0.142157139355687
-0.000540821678201545 0.0127770323566816 0.191443377286977 0.101783427558138
-0.00258263670006042 0.0273327351602157 0.103757436401569 0.388256092755367
-0.00260903257332858 0.0204279225084671 -0.0463165860579328 0.549357689390133
-0.00826135193155227 0.0125213554501669 -0.103908022006524 0.504052638577382
-0.0116535542191046 0.0132092382088659 -0.0669063109426476 0.373049789091563
-0.0233836700885213 0.00409491173652954 -0.0163329785823489 0.245514458167182
-0.0290476410375828 -0.00873030861191147 -0.0203460117860845 0.171804990022153
-0.0189456696264163 -0.0171743064336891 -0.105380262998767 0.112484900917461
-0.000248907128797332 -0.00289148146657748 -0.162159551470442 0.113690419980515
-0.0042374195833843 -0.0105210116476671 -0.273986359760882 0.260563112815692
-0.168429020853158 0.0526717892786341 -0.560634357161414 -0.112959789040984
-0.192698396908984 0.0634398446916326 -0.429331450996924 -0.0905827063715918
-0.217199037002814 -0.00701372712063288 -0.252348213108309 -0.169073997622753
-0.214300175437375 -0.0651604153587521 -0.0518009495544199 -0.221267528819114
-0.18192564869545 -0.141444537860983 0.118999190844234 -0.161253920159275
-0.0972600144551976 -0.193983403643899 0.17131153736884 0.0763448119067987
-0.0353811990521103 -0.207321849674327 0.0955820029706117 0.355856155336923
0.0132098537827172 -0.19421186845684 -0.0438006811462051 0.511453718880705
0.0165348282850132 -0.168577575706177 -0.0792701555510326 0.492967125855987
0.00588775221511544 -0.130526763954555 -0.0493337025827238 0.386443378371857
-0.0393733274703235 -0.103804800837497 -0.00733940739143161 0.258260862473027
-0.0809387746686741 -0.109716754660839 -0.0191393831269641 0.186437267309406
-0.0941303335432541 -0.103924982619074 -0.102738431910414 0.13039502482283
-0.132165236869994 -0.0633838580645714 -0.147710809011823 0.127016671815898
-0.156382283486419 -0.0197146598780404 -0.230973586420465 0.268796130265985
-0.304391564578852 0.085029878775136 -0.471735667386568 -0.155074078629835
-0.36058187875327 0.0769899587535977 -0.35156350547153 -0.150167232011573
-0.39222332760503 -0.0328398063252057 -0.202550869070787 -0.217304239010895
-0.378419781737999 -0.144002599911712 -0.052236790330664 -0.264043062072557
-0.30052169558881 -0.286607794202315 0.0859430722006478 -0.20353485602915
-0.150980809439181 -0.382536067152313 0.128291842105592 -6.57102515329413E-05
-0.0407474967460533 -0.404871753092894 0.0741860403130215 0.248152302939616
0.0266541091341811 -0.380956276380172 -0.035664071251082 0.392981644965818
0.0203530591446454 -0.342706992636271 -0.0417259099075417 0.432957120992373
-0.0107001887855512 -0.293645518256983 -0.0183478854900253 0.385087564691231
-0.100447420690311 -0.238417840304629 0.00924049470012094 0.278132710443783
-0.184238708594899 -0.217536192332458 -0.0161761735896239 0.217078299560211
-0.212093181071372 -0.172841259465551 -0.0922449873936692 0.169900577506868
-0.279061515031136 -0.0927626116761199 -0.109691390703941 0.164047152276572
-0.29803364407443 -0.00913255423139205 -0.13669295930973 0.281868150895819
-0.389548368801096 0.0833806015805525 -0.322430227184188 -0.210478471912677
-0.467572060002271 0.0428653796363744 -0.222144520269648 -0.215175700848806
-0.491318556651985 -0.0990575837277478 -0.111144147200566 -0.260741963429144
-0.454202528307685 -0.240544975453387 -0.0296869321172046 -0.306736154447985
-0.331729844855141 -0.408298977861311 0.0566681249965288 -0.258667124636383
-0.142927531497736 -0.511534999680381 0.0836866783785928 -0.115395627764011
-0.0181523071041729 -0.527802358518741 0.0540775334446738 0.0831771935145447
0.0362873431821108 -0.505859163242034 -0.0257925185378049 0.214787199704169
-0.000762314224902338 -0.4863753661697 -0.0134081904543947 0.311652824422488
-0.0733832566331745 -0.448953880418044 0.00271353792245755 0.334087865269476
-0.217388992475247 -0.364671700744641 0.0202180145845966 0.275362596633722
-0.341844156554387 -0.284689177466425 -0.00225546915931543 0.248052505238134
-0.361247274111063 -0.187462454785171 -0.0510380204924365 0.218020324348449
-0.414969008907725 -0.072846550524222 -0.0298993079435175 0.204265181996949
-0.406805080351094 0.0231468956321649 0.006305376395484 0.284256307917724
-0.410335612966076 0.053552258606012 -0.141059757521723 -0.255542810859705
-0.481666158417601 -0.0189978519552449 -0.0691029067267472 -0.24935621959939
-0.47139945660393 -0.172318892926439 0.00245107477853206 -0.266989534314788
-0.40549394304246 -0.305875379263411 0.0143993670515172 -0.320504168579672
-0.261413727390462 -0.452235866636926 0.0455488498094933 -0.300830685187422
-0.0790886667616671 -0.538376728000584 0.0632675746042582 -0.238311288365626
0.0257476019397923 -0.55338335316736 0.0501808796955925 -0.105302767420868
0.041706003921573 -0.555528549354121 -0.0131181385893518 0.00446294059039015
-0.0385585070279668 -0.564388622015176 -0.0116446979407459 0.138784141537447
-0.159668157162353 -0.5365853752365 -0.0170259923760807 0.22931670596664
-0.34151846532133 -0.417015836779089 -0.00127349459149104 0.243502337580237
-0.475614701666694 -0.270117406509928 0.0171606786518858 0.264580746592387
-0.472158052958329 -0.136476674053522 0.025294341280164 0.248662619703833
-0.4937227316337 -0.00627132304748395 0.0926880210808553 0.220009424274455
-0.456559626099869 0.0689851990308134 0.179046918836088 0.263436179298475
-0.364910699182788 0.0165614603700005 0.0380588811586461 -0.274896806936308
-0.403370826835287 -0.068206362221817 0.0617267610797617 -0.237329091014593
-0.35067890670731 -0.199023866783759 0.0934030520608963 -0.224090916931736
-0.265458705703338 -0.292557712436867 0.0552222465318863 -0.289242574136396
-0.138344840999654 -0.389012845628096 0.0507015025139776 -0.307580469108537
-0.00583287264470163 -0.457741674118757 0.0721931592721425 -0.328727683161554
0.0604014486308282 -0.489203605481073 0.0694570222554989 -0.276402791909724
0.0402510601918427 -0.521851557622451 0.000867981407042486 -0.209098249025535
-0.0671576667631296 -0.547708567140395 -0.0421227206723452 -0.0588494543016783
-0.208820485182966 -0.520803019267487 -0.0848258444926456 0.101866219676669
-0.38714104229158 -0.375821900241664 -0.0564235683659274 0.206158264390192
-0.499305511548154 -0.190022101286193 0.027346950528965 0.263468010591114
-0.481423854182323 -0.0543655895790659 0.114488674205427 0.246966147308959
-0.478473802181135 0.0650226814231692 0.231459458108976 0.199228538065202
-0.433930010778958 0.10415844253478 0.353763067109121 0.220092668359149
-0.266593001966842 -0.0125759531052533 0.18434740271616 -0.267089513651856
-0.271007712504502 -0.0751153442049664 0.142437691695281 -0.196438606416015
-0.197284165790073 -0.159284647096521 0.133056926528649 -0.16044189059717
-0.120051466082513 -0.201443628284191 0.0673437784965427 -0.232914419341342
-0.0416182160950604 -0.253937262611446 0.0553780351654248 -0.277369837449915
0.0337429586747915 -0.308688806779717 0.0910179157332233 -0.366172355340938
0.0701799179574457 -0.358752706968346 0.101978050254409 -0.402217182908498
0.0347088958471975 -0.407360203678579 0.0163549215076277 -0.393005567653264
-0.0677183103470716 -0.436111476339488 -0.0870966697495384 -0.241240161434598
-0.188435094079778 -0.406880414573296 -0.170760408731064 -0.0106719229855174
-0.317520555456394 -0.274993716683071 -0.123020840991408 0.178015527122608
-0.393503060183449 -0.101404689806566 0.0224446684414036 0.255760834595665
-0.378919046928202 0.00541973570724393 0.18799689536605 0.224334799013106
-0.371467400003744 0.096548757016456 0.349300950500491 0.158175588866809
-0.338818878747533 0.104771207178691 0.495166260733879 0.170578644134242
-0.137950890751885 -0.0232636510269868 0.277906740732491 -0.250519906565442
-0.131407245363669 -0.0397239769010604 0.169335619372217 -0.160347441893095
-0.0798519574506585 -0.0801370136311058 0.134019092766717 -0.114669637677997
-0.0332676425824832 -0.0902090788510298 0.0580432129105323 -0.189078559235026
-0.00120029513595567 -0.116804566876937 0.0506349179920206 -0.240614112906664
0.0292172741804852 -0.153482771233491 0.104319352724662 -0.366299807026684
0.0500834821396075 -0.19620238710318 0.128513577491491 -0.472279023339008
0.0222713614894188 -0.228379752138816 0.0294758631065259 -0.520104060715558
-0.0380817755867253 -0.247050005218651 -0.123682147630318 -0.368593520417526
-0.108367126261731 -0.230833703455934 -0.237793046936908 -0.0850419698608057
-0.168246564178194 -0.150484601278272 -0.172096056991511 0.166306015366796
-0.207444128889544 -0.0334022950578147 0.0104750985526195 0.253057298026558
-0.208598453659626 0.0231372870451716 0.232067687738069 0.202519960398197
-0.203490326836408 0.080519570951057 0.424160859467797 0.12413261401614
-0.18926280649747 0.0700238997273754 0.579032808455693 0.135210165701185
-0.0107814920423824 -0.00477879499119527 -0.581540548014916 -0.096462878278588
-0.00219433125153833 0.0128062264479201 -0.454441388139479 -0.0593193712440262
-0.0168535277741154 -0.01857482470096 -0.265094560345575 -0.138894018558175
-0.0159062812936495 -0.0147362319060236 -0.0453697291903486 -0.196562971452792
-0.0154554873958004 -0.00551101607959677 0.135000753541507 -0.142206085685778
0.000143440202562403 0.012598963883548 0.190667869211852 0.0989884514177464
-0.00245454680273833 0.0270808953309689 0.105764015716965 0.38690161669491
-0.00258577446612923 0.0206146853252921 -0.0417660253991424 0.546269479631563
-0.00792051508199704 0.0125877262014112 -0.0995950438359089 0.504301464073235
-0.0112988601754401 0.0126856093618223 -0.0644548049532123 0.37167600153493
-0.0232743434867792 0.00370053916711598 -0.0146451827203765 0.24371835709621
-0.0291649892982349 -0.00782400245709808 -0.0169981670368276 0.17099123305597
-0.019303233672839 -0.0171411917845086 -0.102881223404614 0.113177113418849
6.76975059172077E-05 -0.00301306473338552 -0.15936420216563 0.113413891149262
-0.00416821692788745 -0.0110656335768938 -0.268453383727145 0.260953573118567
-0.167892844020419 0.0536602814596187 -0.559262832036075 -0.105857565305225
-0.191093607393144 0.0650536739991937 -0.42965800420617 -0.0835314691015913
-0.216549412506764 -0.00525389673822938 -0.252964169870253 -0.164905269838028
-0.214224498880388 -0.0627647804763536 -0.0541792186170778 -0.219784769268752
-0.182008978753104 -0.138538701069532 0.116382673330562 -0.162538004420474
-0.0982991781188512 -0.191363490932424 0.170723740249474 0.0740171355899697
-0.0365745553900658 -0.205658898468548 0.0974879942392523 0.35342686932754
0.0113829772030146 -0.193653304730129 -0.0404680107230578 0.509930740702818
0.0148484656360231 -0.167443204724008 -0.074747589097826 0.49219408678127
0.00584632342226177 -0.130153044699403 -0.0445767356205094 0.385806074412836
-0.0402603337765933 -0.10214129162697 -0.00454023240893772 0.25724243847887
-0.0810596645061367 -0.10826146995591 -0.0169152555951138 0.185679258843094
-0.0942451282328524 -0.102496031366097 -0.100353126265375 0.130254868054332
-0.131836367611039 -0.0617120954793873 -0.144541629007496 0.127512842978871
-0.155488206319064 -0.0179025612550927 -0.22661009918978 0.268333771770139
-0.303043346100579 0.0865352267745263 -0.470214528291105 -0.147774525080561
-0.358096002749863 0.080282174295691 -0.351349932011646 -0.145232778702583
-0.390699960617966 -0.0295824278861444 -0.204308033358567 -0.213762909068222
-0.37890396487631 -0.14040354305681 -0.0540447225731077 -0.261860860109038
-0.30230128922906 -0.282679430678583 0.0837540901527531 -0.203620772942513
-0.15440206455398 -0.379949342127711 0.127368695493621 -0.00225570103801049
-0.044355549065443 -0.403066895122144 0.0753939269339563 0.246522969096987
0.0235699192959134 -0.379081824561538 -0.0332585256104426 0.390622785625187
0.0184367656648884 -0.341549647235605 -0.0385996600305425 0.430561963624852
-0.012989207897197 -0.291760525324433 -0.0145757498326986 0.383686784162088
-0.100602768936272 -0.236322905454238 0.0115172228128711 0.276748946231337
-0.185574496276848 -0.213786265473904 -0.0124724987491298 0.216341017201929
-0.213047130592222 -0.169140656311369 -0.0886757050462861 0.169571905303009
-0.278563461543773 -0.089911744306487 -0.107433164908374 0.16360454041202
-0.296388091626828 -0.0069290610478845 -0.132681734811787 0.279943290785491
-0.387626420816209 0.0860169080866164 -0.322687884481682 -0.204379897122061
-0.46449986343496 0.0462525722751417 -0.223545523981316 -0.211594984968287
-0.489437194755305 -0.0953795678037128 -0.113921920260963 -0.258065311836358
-0.454432278904792 -0.235230253366482 -0.0327370353491107 -0.304105248405857
-0.333715866889829 -0.402120097458723 0.0538908258759703 -0.257287096553166
-0.146965359877574 -0.508443553243819 0.0821190544395825 -0.115799028487602
-0.0208054437710266 -0.525715194386258 0.0539826393349365 0.0817492692552965
0.0329223789751357 -0.503862786474264 -0.0236634403298839 0.213845494643712
-0.00374378450798871 -0.483162330996305 -0.0101710446975095 0.309864339247917
-0.0764203646555685 -0.446032887184386 0.00552753662391253 0.332089177381734
-0.219115498360564 -0.360886884522739 0.0229471101596024 0.274187498614939
-0.342433282739372 -0.279953786091528 0.000979383698828794 0.246853084712388
-0.36002141477618 -0.182785101531624 -0.0472921922390363 0.216968768102024
-0.41483185360704 -0.0665246658630781 -0.0273824777227615 0.202505954772291
-0.404035188244719 0.027066626943838 0.00886632455374847 0.281488561816828
-0.409166172793206 0.0585614066207798 -0.14351637092313 -0.25230063339557
-0.479541593631784 -0.0156840086959637 -0.0717999654597072 -0.245617276914239
-0.471641993321694 -0.166735463883573 -0.000718288638746055 -0.265264967599155
-0.40637231834835 -0.301489630813281 0.0118128153186463 -0.318997513843104
-0.264481802914484 -0.449187635728023 0.0426014022329991 -0.300619164423436
-0.0848887068056633 -0.536194502897974 0.0605629808524691 -0.237963066226493
0.0216379070763674 -0.550774084893175 0.0493283799076984 -0.10497041918919
0.0357079453924289 -0.553428914556521 -0.0126895746415697 0.00401711437381418
-0.0425055900621629 -0.562270366683441 -0.00990124790888677 0.137859171693625
-0.161635919987935 -0.533345538543184 -0.0145207300315162 0.228663590854769
-0.341677738735506 -0.412090297198791 0.00109516470670665 0.243690947208403
-0.476385802128465 -0.263951922797526 0.020126546687147 0.263411742478939
-0.47098285844258 -0.132195318373079 0.0288407044152418 0.247176948369542
-0.49148442923473 -0.000978647431064565 0.0945890638650608 0.218181282113786
-0.452211765473375 0.0714137747303584 0.180154298858239 0.259198024035043
-0.362986629425442 0.019162209372801 0.0353987584185909 -0.272393114205887
-0.401700094124063 -0.0632933218043951 0.0593823104054578 -0.23416803027823
-0.351486262829843 -0.195949275272738 0.0903376364699433 -0.223706789509042
-0.26627427509125 -0.290094803619204 0.0521479889550335 -0.287918629363084
-0.141740036449194 -0.385560288192911 0.0478803360612859 -0.306366595771706
-0.0113104362024642 -0.455616718261295 0.0678916616206187 -0.327873870593352
0.0566915005890564 -0.487959327486599 0.0672912930946136 -0.274973605094644
0.0362348409843444 -0.518844017520755 -0.000260018445808543 -0.207598827710115
-0.0711567720824577 -0.546697610792863 -0.0419438856535791 -0.0584991237218936
-0.211640732940414 -0.516227248202222 -0.0830779042081468 0.102218079101671
-0.387496239582379 -0.373036452239961 -0.0541586069764268 0.206388523570452
-0.49958123134447 -0.185303418643208 0.029620455310474 0.261886883731739
-0.479880408463958 -0.0493440675035041 0.118415299451151 0.24461330772629
-0.475758870890634 0.0692782075813498 0.232099445048489 0.195703829440576
-0.43127298368252 0.106286237417782 0.353718005261068 0.214455209624382
-0.265319068152733 -0.0105782419919917 0.180467396238149 -0.266061339021916
-0.269655857702233 -0.0722838526249644 0.138243887672166 -0.195056490439792
-0.19841846591764 -0.15672997990594 0.130693898197027 -0.159926458143154
-0.121073412002032 -0.199981470311766 0.0642367922212418 -0.232002617366536
-0.0435425925166424 -0.252373372647106 0.0529320066662717 -0.276437344343162
0.0304727209432942 -0.307301738482987 0.087071993869477 -0.365333945522683
0.0680021607968959 -0.357576808495148 0.0980382175353849 -0.399927500320309
0.0311131081238522 -0.40452009662138 0.0130104212513336 -0.391346628633872
-0.0706036623075731 -0.434528339473804 -0.0879885403048399 -0.239749371835191
-0.191571180416076 -0.40468371833751 -0.169126539709291 -0.00918371061883682
-0.319782456745497 -0.27143428207374 -0.120305909764205 0.178811359930062
-0.392816203484509 -0.0971234334009448 0.024555035607591 0.254251153592443
-0.376741609671881 0.0084994028240393 0.190215824482095 0.221166152816422
-0.368587729529473 0.0998110515894491 0.348943636630371 0.152942016055638
-0.336615800001049 0.107544848540798 0.495008284856642 0.163025922940961
-0.136697050755892 -0.0223904589183223 0.273331654332121 -0.249798746629047
-0.130506414344357 -0.0376664077792568 0.166361712901005 -0.159380882040702
-0.0804101998441524 -0.0791536532704647 0.131769768103995 -0.115179056162878
-0.0335912852954334 -0.0897680558809637 0.0550859773838979 -0.188488634033794
-0.00234617667273544 -0.116462129598012 0.0484011641382399 -0.239651260504355
0.0274933682745503 -0.153388457265923 0.0999692584767769 -0.365446679028319
0.048988604868127 -0.196055904803142 0.123726691246552 -0.470761671621378
0.0202386015203274 -0.226455816770705 0.0259732239550511 -0.517658150433043
-0.0397230411132712 -0.24545260710874 -0.125817763560286 -0.367501233695718
-0.109966611656746 -0.229194761008816 -0.235810089501578 -0.0830666617540047
-0.168761881963913 -0.148408740525339 -0.169254480248079 0.166899870535202
-0.206701587344648 -0.0316546409021988 0.0126267009385827 0.252305558084729
-0.207440531212346 0.0248661176587237 0.233640117773437 0.19905866583976
-0.201983126621486 0.081843989158962 0.422023933152157 0.118583455876679
-0.187370357413741 0.0709461987064954 0.57821445312235 0.127019532784422
-0.0112903719646562 -0.00493879428235462 -0.581192882407319 -0.0881171568650038
-0.0021925487759714 0.0127128726034713 -0.452910968553761 -0.0539852280848595
-0.0167749264163334 -0.0179624045061946 -0.26553022675249 -0.13613672149561
-0.0162820147922312 -0.0146737996353325 -0.0466987134200403 -0.195167226901961
-0.0153952954882499 -0.00484858024762908 0.132343510815753 -0.143300799141579
0.000230013132452568 0.0132195780719079 0.18974301376785 0.0979315672902304
-0.00180851042081987 0.0273138916059469 0.107185405908271 0.383194538653409
-0.00255229712295222 0.0202997547672368 -0.0387054046680057 0.544089476292235
-0.0077274801444178 0.0121949942383931 -0.095889159868916 0.502472240564901
-0.010945063785871 0.0128728715463244 -0.0599330752100948 0.370478451502129
-0.0231396403973626 0.0048719657427552 -0.0119065716540236 0.242738506170595
-0.0296777001718849 -0.00734746686026676 -0.0148772173151055 0.170565304990563
-0.0193000581818914 -0.0163627210928652 -0.100470659064938 0.112638148840116
0.00053519891170651 -0.00271155181629434 -0.156434401806379 0.113047621964365
-0.00389050984499013 -0.0105926236924711 -0.264330443442766 0.259617144955357
-0.167571650907152 0.0548123524716054 -0.558151950680117 -0.0990764279118576
-0.189960956817491 0.0663116127377597 -0.428111322122184 -0.079007599760799
-0.21583436488782 -0.00277068685485391 -0.253348635305155 -0.161947478176093
-0.213862939124305 -0.0619237842762621 -0.055476564266602 -0.218055812464367
-0.182199898829024 -0.136886499468984 0.114479235981729 -0.16209451513609
-0.0991329459618653 -0.189765703388365 0.170113054779483 0.0720073000132531
-0.0374067290830424 -0.203982160713274 0.0994226309110316 0.351882925506552
0.0103667315496066 -0.192163816290294 -0.0371242823485691 0.506978158473998
0.0139709832537241 -0.166603402995263 -0.0697853721367538 0.490867113744648
0.00391952355156546 -0.129238478300442 -0.041666773657986 0.383805705579582
-0.0402518088598006 -0.101010502347704 -0.00226501802499975 0.256272355723316
-0.0816209737730579 -0.106625539265813 -0.0137782446984117 0.185021937162572
-0.0950154297499868 -0.100715277262933 -0.0975877834503019 0.130575325608565
-0.131790900818943 -0.0601895416009687 -0.142320684866213 0.127523135963262
-0.1545776744884 -0.0165118270579373 -0.222247557791585 0.267878212456572
-0.301378939113946 0.0891783863007476 -0.471326168420769 -0.141867159053773
-0.355852779222546 0.0827206827756189 -0.351576690941928 -0.14012198545872
-0.389719422780972 -0.0251425049051015 -0.205013423052221 -0.210683332421457
-0.377197616680488 -0.136312244034095 -0.0561493113918161 -0.259861186635184
-0.302107961072113 -0.278903836306199 0.0817650098651697 -0.203338687838439
-0.15624692233687 -0.376546569605952 0.126210230599363 -0.00278787072252991
-0.0462395324696676 -0.401018216921944 0.0767757680529868 0.245108300875429
0.0203733858333518 -0.377507913614518 -0.0295892834024226 0.390375910459273
0.0158018694846813 -0.339598985816576 -0.0348562523925691 0.428426426181637
-0.0143990840349175 -0.291441948411628 -0.0114935015083717 0.382312694032378
-0.101843991217432 -0.23356641820519 0.0140629746517958 0.275956467635484
-0.186736520222902 -0.210831648653615 -0.0103042422412556 0.21528850731493
-0.213718586961265 -0.166135308268863 -0.0857294977782235 0.169703361664575
-0.277501432974849 -0.0870292909868966 -0.10524168511709 0.162998274547461
-0.295065556283624 -0.00456498147976527 -0.129623277634902 0.27845664633385
-0.386154075684308 0.0887808437448867 -0.322097088187849 -0.199271221944173
-0.461710448015352 0.0497123987823349 -0.22452858911734 -0.207002730143934
-0.488049039406443 -0.0899916268151243 -0.115572842840453 -0.255756534001216
-0.453496747398505 -0.23038120683287 -0.035147440821461 -0.302296295003196
-0.335643764077994 -0.399313712415844 0.0518993599545834 -0.257811961892892
-0.149812793211402 -0.504614788493148 0.0805422037200086 -0.116847784913289
-0.0237676332068632 -0.522251870124233 0.0542777260359086 0.0809975797588477
0.0300364587887951 -0.500909403424664 -0.0220138039780779 0.213220417857317
-0.00753120019687173 -0.480759733422104 -0.00746511702448534 0.308637749362802
-0.079037678355659 -0.443439078474102 0.00890531907287091 0.331914544967304
-0.2193602378421 -0.357460747765912 0.0244274778650385 0.273266577615986
-0.343389978750127 -0.276089712307637 0.00412850524119508 0.246088610016309
-0.360688773936955 -0.180038413342798 -0.0442896003759967 0.216676882461631
-0.410357089228217 -0.0625192315255449 -0.0261343443792282 0.201252242327859
-0.401551354270925 0.0296254427803169 0.0118508102682122 0.27802643180102
-0.407268519203724 0.0613022595553678 -0.144641147574478 -0.247560519250356
-0.477391246456437 -0.0104530556089211 -0.0728668487248952 -0.242088235210377
-0.470904785129259 -0.162837338224501 -0.0029062184804937 -0.264213807172191
-0.406716904128906 -0.297364976597772 0.00820190589975722 -0.317153838327622
-0.265201894734663 -0.444635728972621 0.0402324228601866 -0.299789921140006
-0.0874209042268018 -0.532875260350401 0.0576782970520437 -0.237903378253338
0.0181611004028696 -0.548632495600219 0.0482761741754761 -0.1047741024761
0.0325057345397131 -0.550365776417805 -0.0119593858928064 0.00436105635475204
-0.045270068917653 -0.558019181792213 -0.00873055377288258 0.136833811578605
-0.165151938672716 -0.531006603862027 -0.0120573130886656 0.228345751330803
-0.343325268434131 -0.408622178915251 0.00299941138335349 0.243672250483204
-0.476326673965597 -0.258663799596695 0.0231765489228079 0.2616540608237
-0.471351916610489 -0.127656761490306 0.0321597843234634 0.245167633171116
-0.488324097604914 0.00310963026324808 0.0952431823527662 0.21499763599278
-0.450071587636529 0.0736311369208608 0.181461975548827 0.254456496937966
-0.361035173965191 0.0223886203102354 0.0324984355716781 -0.270066280827366
-0.400660146236693 -0.0589405377568263 0.0567233635068589 -0.232232260693347
-0.350813104149201 -0.190689267879478 0.0874955235943006 -0.222871500488131
-0.267797600183108 -0.28676061672118 0.0491881048688005 -0.286329492032925
-0.143810760546892 -0.383585601488416 0.0452793163228194 -0.305728235645191
-0.0149752727668406 -0.453290575551392 0.0645325435963883 -0.32812665773547
0.0536404745670034 -0.486219461783199 0.0650631986475968 -0.273883457533073
0.0316424156565384 -0.516896745097682 -0.000870052489656651 -0.206668111239695
-0.0758232442082235 -0.542707977649784 -0.0406447388159201 -0.0579327281021946
-0.215235661065621 -0.5126163346847 -0.0813694495802138 0.102397851828662
-0.38829912789369 -0.366759125194367 -0.0522900514561812 0.206412992734991
-0.498624770289713 -0.179984520197536 0.0326710856145627 0.260690463306878
-0.477250337405541 -0.0466014522551119 0.120213062524115 0.242465538201391
-0.472356097916416 0.0734138515261486 0.232300479167556 0.191572443456893
-0.428045506558212 0.109081397119676 0.353326464844932 0.208469565481331
-0.264292413827969 -0.00844587836053468 0.177138891363312 -0.265097558672435
-0.268427347523779 -0.0689580186902519 0.135645311357394 -0.193348978900565
-0.197659902762771 -0.153794056356945 0.128293605496016 -0.160786422531051
-0.121497409819072 -0.197748898485532 0.0611228641615067 -0.23038132945183
-0.0453394391712384 -0.250729476489466 0.0506117113009132 -0.27504974044792
0.0286435537247502 -0.306761311452968 0.0835482275912479 -0.365133521007493
0.0652184690304443 -0.356582748256038 0.094277274588883 -0.398937555567068
0.0275085457477708 -0.402343059597729 0.0109569442529535 -0.389709824474265
-0.0733954602539625 -0.431400768221945 -0.0876943497194528 -0.237571369303647
-0.193535161719124 -0.401145752511552 -0.168542324365883 -0.00782818637379205
-0.318772654330388 -0.269212066394408 -0.118026581004713 0.180183939994879
-0.392000471406241 -0.0936708596557605 0.0280308820616913 0.253540875147075
-0.37594257656586 0.0111943730751433 0.192172163787634 0.21929122830261
-0.366576158493949 0.102407914651871 0.348345368043859 0.148894296462951
-0.334250996998168 0.10926034602157 0.493311022973722 0.156876874910086
-0.136822821613235 -0.0215081990560016 0.269471136599526 -0.250138815590326
-0.129557351965446 -0.0368452461718627 0.163560165101272 -0.158292889267263
-0.0807866041394538 -0.0777450263464024 0.129241025721903 -0.11503075328167
-0.0345450811938318 -0.0886571841421614 0.0526139504900996 -0.188234332943896
-0.0037377090503687 -0.116353604364211 0.0460100606861372 -0.239181308627776
0.0263162696728998 -0.153046082831516 0.0960932553639517 -0.364613576583665
0.046801124433924 -0.1953960793898 0.119362742380115 -0.468708987454105
0.0196592235203367 -0.22591543175495 0.0224936331134267 -0.514752677433237
-0.0406421461297047 -0.243505759211745 -0.126352082208862 -0.364899477037897
-0.111232243319611 -0.226795683662733 -0.234446469417656 -0.0806981563197535
-0.169392787140752 -0.147023119564701 -0.166142794077718 0.16801277840765
-0.2054553126925 -0.0301796636360191 0.0151451341360479 0.25119497825625
-0.206493129300656 0.0262213647889202 0.23507210104001 0.196229184138072
-0.20021266447777 0.0834241215825059 0.42154564685008 0.114128814143918
-0.186025811212362 0.0725433517852465 0.577120122057879 0.120395872724206
-0.0111622823839912 -0.00457815873851527 -0.579928061724293 -0.0828431409034046
-0.00156559160158586 0.0123479584966696 -0.451866257028406 -0.0495797018697742
-0.0171428119416152 -0.0173947728466008 -0.265411663849862 -0.132008831566663
-0.0164913531281431 -0.0144368510867524 -0.0479215428234869 -0.193597551914571
-0.0150135431307551 -0.00481142254849795 0.130973961915953 -0.143606877738184
0.00018356601837496 0.0133335171253652 0.18915529309732 0.0956526982538725
-0.00169174392856341 0.0273996299050958 0.108132356395069 0.381467776566888
-0.00214500516039404 0.0204450984806848 -0.0343799608511738 0.542468550077858
-0.00760995432580457 0.0122482591142292 -0.0918201499807684 0.500130596260317
-0.0106710963696858 0.0126013002728091 -0.0575337429809323 0.369961612896687
-0.0233610165571379 0.00552116357572202 -0.010671960090555 0.241164631799986
-0.0296745726076285 -0.00657134143207969 -0.0123631631440671 0.169635104266885
-0.0200730069799431 -0.0159451200990803 -0.0981590922332315 0.113454775380158
0.000577459617105635 -0.00297316055693627 -0.153958542782808 0.112666621155098
-0.00319790866099334 -0.0107795751048061 -0.260771962907795 0.259566529097468
-0.16656847294219 0.0555455831778414 -0.55663284954993 -0.0916687694790533
-0.188145423040625 0.0676699765841988 -0.426451998018547 -0.0747686472325267
-0.21548114002922 -0.00120174921591121 -0.253717179847694 -0.158939231994661
-0.213361970520223 -0.0600442951515084 -0.056911846584277 -0.216085388026372
-0.181969285303435 -0.13478216030262 0.112349290580301 -0.162812679940816
-0.0995830698828221 -0.18785827471768 0.169340424330276 0.0703312243896998
-0.0388917671383365 -0.203437440308919 0.100507082637394 0.349050734153309
0.00927612140517306 -0.191126546919573 -0.032279918939394 0.505100380104852
0.0129783844977724 -0.165882688206722 -0.0683058082961124 0.487874266500113
0.00346487232296007 -0.12869830004291 -0.0382601424543589 0.382956543316121
-0.0408719556795039 -0.0999804220451385 -0.000548671179632544 0.254906581685063
-0.0821366017950772 -0.104363124782615 -0.0118556415195199 0.184131075220772
-0.0959967597570061 -0.0990641601487172 -0.0947544911373397 0.129985069292433
-0.13114536616992 -0.0591009489699613 -0.140173163846363 0.12705378095859
-0.153018578140637 -0.0158747543684382 -0.218967431778717 0.266376630890901
-0.299738725899976 0.090763106468064 -0.467924240449792 -0.136414950546827
-0.353852690363553 0.0852236453452969 -0.350754101334773 -0.136084540073368
-0.388239379127683 -0.0222555297743462 -0.20609895491118 -0.207612839133965
-0.376733520879204 -0.134348733019271 -0.0584230852964119 -0.257661569739581
-0.304623974256065 -0.275559952317541 0.0799434713628099 -0.204000024306903
-0.157945591640995 -0.374694508133529 0.124598064058917 -0.0041583104777109
-0.0493719827117175 -0.400008664287921 0.0776348693981923 0.243311128182365
0.0192646044466125 -0.374607328919211 -0.0270982254399764 0.388407862471206
0.0144796220566424 -0.337844810873516 -0.0315795178531821 0.42714061967036
-0.0163339200773094 -0.28958352709377 -0.00788077390539601 0.380928169645957
-0.102921692534869 -0.231999972568273 0.0161261872537483 0.274781781085525
-0.187357558766731 -0.207677049963204 -0.00816389355853876 0.214337853240689
-0.213822077547144 -0.164047931516201 -0.0825935197516689 0.169270213419192
-0.276335919280155 -0.0847724869388433 -0.103061583045112 0.162027873796791
-0.293635977134982 -0.00247931825568366 -0.125645259902727 0.276977410730153
-0.384213242518822 0.0915556865769668 -0.322998108654028 -0.194494548324892
-0.459797904009559 0.0535004805642964 -0.225004905716468 -0.202860859989446
-0.486497299999094 -0.0857693525199089 -0.117281380799946 -0.253923304265661
-0.454239743786011 -0.226632428520799 -0.0373082308941024 -0.300566585567206
-0.336877120241068 -0.396091045955562 0.0495221984156222 -0.25733918339991
-0.151988631221796 -0.503007291421848 0.0784845667867333 -0.117173630246184
-0.026479494808498 -0.520797346984736 0.0541176913682522 0.0801607427220135
0.0264519254364065 -0.499126623264814 -0.0204397319922938 0.212530570563345
-0.0116055138757152 -0.478415835773597 -0.00510058676866752 0.307176930874432
-0.0812146210732462 -0.442078604138824 0.0117630099441274 0.330860952972367
-0.220823255972813 -0.353702043606765 0.0262552748510053 0.273116755609322
-0.344322220513831 -0.271214704615319 0.00613078052561282 0.244706437337855
-0.360418094936643 -0.176508732640384 -0.0407163827029612 0.215313565860032
-0.410114562284563 -0.0596939265095523 -0.0238760748463932 0.200267272228665
-0.399223065218539 0.0319060424628287 0.0137550643219591 0.275652735102172
-0.403742948943802 0.0633478766274313 -0.145693722743932 -0.243716307448597
-0.475291134187491 -0.0058377457748454 -0.0750316003413915 -0.239466710527477
-0.469634854202282 -0.158376506766758 -0.0053561508777087 -0.262347921180749
-0.407327528653859 -0.294734646553333 0.00575415175329027 -0.315119550958551
-0.267786744483901 -0.441012805979751 0.0381224198123475 -0.2996916344652
-0.0913367342131069 -0.530968508003963 0.0556835544038835 -0.237926056884016
0.0150743322317787 -0.54636950075045 0.0470875725417615 -0.104435090098567
0.0297501667952712 -0.547738714850303 -0.0116500475406877 0.00445317138428135
-0.0501600572782276 -0.55420056901514 -0.00679476908259658 0.136691239862184
-0.166261457405479 -0.526803225084496 -0.0100472262688168 0.227967951768193
-0.345222122532401 -0.405218619550041 0.00520901321008809 0.243284025641613
-0.475016194583972 -0.254356882083377 0.0252871289306153 0.260379188150041
-0.470226234031927 -0.123220579378786 0.0349167275684933 0.244021693432884
-0.485670821888984 0.00630877052694092 0.0962815486245549 0.213113743103359
-0.448529358087986 0.0784769940250799 0.182727798749594 0.250230505157409
-0.359021026807057 0.024243893222812 0.0299938911474894 -0.267220796115634
-0.399124419334355 -0.0567436831769777 0.0541339846787236 -0.230468844483398
-0.350092810301574 -0.1880976750304 0.0852090659328641 -0.222252088977865
-0.268062868082395 -0.282323722968611 0.0463872909459589 -0.285578912551193
-0.144936442722024 -0.38157026653313 0.0435628341876882 -0.305249931251487
-0.0165159413766147 -0.451971362189243 0.062233436080108 -0.327413672124348
0.051370283584713 -0.483119621161667 0.0627759264430443 -0.272952114755395
0.0294725744019312 -0.514444992743164 -0.0026849063816751 -0.205715291160331
-0.0779145615930274 -0.540059059417063 -0.0405007350214853 -0.058295564081651
-0.216757628300172 -0.511926663477195 -0.0795521384021884 0.102894450457861
-0.38918081238189 -0.364071411771752 -0.0500520962862296 0.206984394368592
-0.498312113085372 -0.175950787648789 0.0350454692284049 0.259191331015404
-0.477228731100685 -0.0417897985159206 0.123023139566958 0.240633104965574
-0.470374526104492 0.0770248445875492 0.2328839802377 0.188714245649186
-0.425159260097334 0.112899336172224 0.353784408888262 0.202814914325355
-0.262110564705658 -0.00666292595361563 0.17441191764396 -0.264622861312558
-0.267210986383188 -0.0664443657812754 0.133409518035324 -0.191519101079458
-0.197664131038558 -0.151273760779188 0.125890016630516 -0.160417894133295
-0.121781851512045 -0.19586670195212 0.0586904322489207 -0.230413010552328
-0.046644290000579 -0.249269606445853 0.047421724057089 -0.274707140816837
0.0260702627994762 -0.306221831549191 0.0806505207458171 -0.364201898805259
0.0627834088206849 -0.35582183497451 0.0913548448341628 -0.398382165066467
0.0263462163534164 -0.400948493120503 0.00892061945746674 -0.387932176237971
-0.075599339992708 -0.42987523128908 -0.0884291811117327 -0.236546861624356
-0.195241450266324 -0.398025555767387 -0.166706544877788 -0.00635416504836401
-0.32006628924698 -0.267013926130884 -0.115914817593551 0.18055059976582
-0.391108265170018 -0.0909909973259189 0.0298909265738834 0.25216017531665
-0.373859587941799 0.0137805746057334 0.19445235954875 0.215678295239375
-0.363079596429439 0.10472482983016 0.348356435808501 0.144802541901398
-0.33124343644225 0.111549196677936 0.492807288268626 0.150712352477333
-0.13601295422582 -0.0202656604102369 0.266365245782506 -0.249794153147533
-0.129038776002349 -0.0360301613296002 0.161316935914495 -0.157021708184533
-0.0805728848328265 -0.0767808166935339 0.127600805891104 -0.114853850840895
-0.034988969609669 -0.088105607277566 0.0503581221280172 -0.187417446395092
-0.00457045884404315 -0.115924086272411 0.0433177934710351 -0.238486206615757
0.0246476861422736 -0.153055704175778 0.0927968650943246 -0.363862732394091
0.0449822349546762 -0.194835890452361 0.115817269991857 -0.467249581718031
0.0182436694326577 -0.224970358047429 0.0207744566844512 -0.514304568820798
-0.0420953562581371 -0.242358317129426 -0.127783702401997 -0.363001999422142
-0.112128728734257 -0.225653100101768 -0.233103367200878 -0.0786718142153492
-0.169971745394127 -0.145462103874474 -0.164153651227266 0.168892993540884
-0.2046785753639 -0.0291533984710138 0.0177264563462196 0.250169174269501
-0.205525138496393 0.027970512977937 0.236703855883824 0.19241682276328
-0.198630757924469 0.0848775698141145 0.420187924088374 0.108899063102265
-0.184350772708475 0.0739572619895197 0.575720629744403 0.114483957879649
-0.0118902342781549 -0.00419501930498924 -0.579719729314623 -0.0770635892295344
-0.00118177142805431 0.0120813438972396 -0.451055067131895 -0.0448952619711934
-0.0170904497462867 -0.0172234996827346 -0.265533470337448 -0.12954325395383
-0.0165233091128001 -0.0145151652426128 -0.0496092152766185 -0.192411964753559
-0.0147016996065714 -0.00462394749971842 0.129132645391595 -0.144236073404746
0.000862744325296531 0.0140835993837246 0.188924632117331 0.0943508587234086
-0.00125233396962293 0.0271110135237783 0.110249273278548 0.379423828360501
-0.00189417571324685 0.020400233675409 -0.0321390223272182 0.539592586548627
-0.00745569218941742 0.0121456602747166 -0.0889135057090583 0.499160579743285
-0.0104526099549245 0.0125582318567533 -0.054004919283688 0.367786305437969
-0.02285320834073 0.00606561136390539 -0.00847886425617384 0.240191116783172
-0.0299321677689068 -0.00603582521274125 -0.0105021318788633 0.169460926665977
-0.0204047645832759 -0.0154120590315269 -0.0955537169815119 0.113633621733384
0.000546544647093358 -0.00258980846233494 -0.151170095812358 0.112849064948354
-0.00299803624064309 -0.0108381712911773 -0.256036907910363 0.259479157483454
-0.166138815263201 0.0574500854945667 -0.555537367646983 -0.0865160832711666
-0.186709849909151 0.0682763341261975 -0.42673183864837 -0.0689205833826111
-0.214835769404711 0.000628232386032961 -0.254175493504183 -0.155782818389324
-0.213482307545532 -0.0585901949638244 -0.0581715248566275 -0.214748575443003
-0.182203439006958 -0.133028515979363 0.11053437171805 -0.163118567047287
-0.100668038942849 -0.186728508852468 0.168227118206468 0.0689008409305388
-0.0393953405796573 -0.202364591401482 0.101410070867832 0.347240990159768
0.00873063517412256 -0.190334668323172 -0.0306273215247622 0.502499187740536
0.0123613652272834 -0.164806922951895 -0.0649767372898012 0.487334248532009
0.00255641275193234 -0.128539388629641 -0.0361768065068623 0.381158280477201
-0.0408181377430289 -0.0985532846393066 0.00117842904898594 0.253743109443
-0.0823783089179184 -0.103042159373924 -0.00908968283394523 0.183249585899242
-0.0964157544606348 -0.097908918919604 -0.0922771956143012 0.130463243791069
-0.130032906506019 -0.0580544622122445 -0.137867885517203 0.126425878206179
-0.152638493792722 -0.0148502228937288 -0.215517828155595 0.26558567175111
-0.298412079496424 0.0926354621894466 -0.46800352121661 -0.130906642123313
-0.351651101575538 0.0868967048178441 -0.35023860721442 -0.13119020923068
-0.386605796280462 -0.019907918169469 -0.207288215234554 -0.204861015897855
-0.376363400858563 -0.131200890344746 -0.0599547267483539 -0.255888097769856
-0.304322638182452 -0.273344625225964 0.0781842689512669 -0.203496720879775
-0.159430444387258 -0.372266019775225 0.124029190753318 -0.00534286153049381
-0.0505433697784474 -0.397348618692781 0.0786471538168931 0.242340188499715
0.0168357060109612 -0.372928428821005 -0.0247040779841163 0.3869128278407
0.0116055910022299 -0.336467136725699 -0.0290452200601591 0.42461040797492
-0.017487058672814 -0.288495357972092 -0.00526139564898414 0.380268706727891
-0.102981078403547 -0.230253807033759 0.0177680158116176 0.274091069249712
-0.187581345389884 -0.205347204293928 -0.00552291271390335 0.213920811626203
-0.214561444227798 -0.161510952358688 -0.0798739280375658 0.168992126220442
-0.275546305177599 -0.0822362682890916 -0.101005282428154 0.161181043766575
-0.292174263988056 -0.000639405020490908 -0.122436361062991 0.275221624347099
-0.381853123259136 0.0936570700429094 -0.323286355961622 -0.18995859459369
-0.457630845940568 0.0564534738445206 -0.225380579813957 -0.198811447473124
-0.485957574019861 -0.0812276334241844 -0.118599635176137 -0.251585120482831
-0.455120615321905 -0.222842773290912 -0.0394953359214166 -0.298715585376758
-0.337191209706182 -0.391681432504734 0.0475786513212331 -0.257199521628927
-0.154703271154095 -0.500895243466043 0.0771383569058765 -0.118042572385354
-0.0291459416208419 -0.519939813953325 0.0542121375577252 0.0799717807029714
0.0248263415192961 -0.497053588995798 -0.0186254863672245 0.211671296507132
-0.012774539394187 -0.47711816367363 -0.00306456165467484 0.305722111436835
-0.0849584615612504 -0.440685489533823 0.0143917026481288 0.330532028625105
-0.222308111067356 -0.35220114420058 0.0280846883227217 0.27262012729515
-0.346324070305354 -0.269308590556764 0.00970251381014952 0.24408215067535
-0.360478527130695 -0.173650061625467 -0.0376415339676868 0.214699630313988
-0.409301008718227 -0.0568596524185983 -0.022474845630623 0.1984279208046
-0.396907838751189 0.0346301656744549 0.0154685839329175 0.272537638281576
-0.402143647038294 0.0651618818767109 -0.146804783603373 -0.240399864577244
-0.47262426365846 -0.0034474016600852 -0.0767025356594996 -0.236443079925199
-0.468276011861797 -0.154406443977083 -0.00731649446133581 -0.261343111023967
-0.407457093565612 -0.290100053596879 0.0038353555062773 -0.313565980234403
-0.270648060565651 -0.438895638551524 0.0361229950514794 -0.299359191067964
-0.0933639592047721 -0.529568510354995 0.053327487593798 -0.238067532674932
0.0133690374643667 -0.544769827608616 0.0462249917615601 -0.104162905214828
0.0270087990730156 -0.545710555620134 -0.0113508726859092 0.00465925014971257
-0.0506529157702259 -0.55230101856266 -0.00589032113195728 0.135663346845769
-0.169708419756198 -0.525316625338725 -0.00780415751415254 0.227149822417659
-0.344990903311597 -0.402181100567821 0.00678636368557554 0.243477078092375
-0.476846679698457 -0.250530936591794 0.0277061440393441 0.259087002169618
-0.469121009786169 -0.120842140010289 0.0381422319777673 0.242082773975371
-0.484615026512481 0.00976973099789868 0.0974308470338806 0.211257165325446
-0.445998582046031 0.0801297026925563 0.18406613358753 0.246665362235158
-0.35761732556422 0.0268263039198428 0.028605747131143 -0.265199470704277
-0.397054814795945 -0.0529131736951016 0.0521747778664247 -0.228190975375195
-0.349587068002133 -0.183942318824469 0.0827573253536696 -0.221837139269033
-0.268100378281534 -0.280274461685795 0.0434010002850683 -0.284544718862685
-0.148032695929996 -0.379537709467128 0.0409711775300251 -0.3048595648789
-0.0195885542272013 -0.452349982683206 0.059324934164847 -0.327423967762335
0.0474869991793901 -0.481991092707814 0.0600749425686083 -0.272201311888613
0.026228745988961 -0.511642096337129 -0.00297312257212217 -0.204550533957081
-0.0805415111178937 -0.536081301649332 -0.03958832751655 -0.0580560975750831
-0.220321294218568 -0.506448358712933 -0.0775952186603432 0.103359481898482
-0.389969922826382 -0.360291320417591 -0.0484316898836812 0.207247989880252
-0.496757043798553 -0.171307828256961 0.037554682757692 0.258413410839742
-0.475769784607848 -0.0391225400244207 0.125912442114626 0.238439887693411
-0.466471876141855 0.078364867366698 0.232953638406481 0.186383707830044
-0.422339822193514 0.113285935730387 0.353076550410098 0.197992876783413
-0.261356209852082 -0.00522800092521005 0.171423665905658 -0.262826036354392
-0.266435105477528 -0.0638871515293244 0.130774459889173 -0.190058459355483
-0.197398369719671 -0.14926917722284 0.124044178244889 -0.160940732499538
-0.122533879569296 -0.194054507356144 0.0560879589689291 -0.228870293995924
-0.0483473250608498 -0.248220779123075 0.0458253064269917 -0.274081935826379
0.023926837544357 -0.304733100801833 0.0778116097284569 -0.363845721798761
0.0604705663696518 -0.354681649047859 0.0892136089167491 -0.39574089378176
0.0242993228901374 -0.399478415815828 0.00734209105198217 -0.386212157852405
-0.0771191788161033 -0.428435002153075 -0.0889193684197025 -0.235498471371974
-0.196898453970833 -0.396681706030236 -0.16559725565331 -0.00539468921500568
-0.320927383940608 -0.264637970322364 -0.113609026509028 0.181485564545325
-0.389436279671911 -0.0879824804434702 0.0322500241414293 0.251736520050604
-0.373158434206935 0.0165921211087023 0.196115724899131 0.213425220288741
-0.361547095905348 0.106871054564867 0.348034144232161 0.141890756274197
-0.329503556844658 0.113192588460577 0.490596841976298 0.145001761219327
-0.135510480720257 -0.0199515995549761 0.262922726715906 -0.250142660719183
-0.127958212983523 -0.0343379079394572 0.158853999468191 -0.156019146143413
-0.0808237862074921 -0.0754294540123196 0.125526742619902 -0.115005109148378
-0.0346877168719445 -0.0875621018791749 0.0478252295266338 -0.186615799388309
-0.00543831944703836 -0.115127130861712 0.0417981813279285 -0.23756804775726
0.0236793580099395 -0.152633821344263 0.0900327232944423 -0.363249244045622
0.0442380498374989 -0.19475353447445 0.112625099694435 -0.466119102436064
0.0172701465343382 -0.223645316804585 0.0167582451249046 -0.512105472010396
-0.0432254299253778 -0.240696991571864 -0.128591268042853 -0.361085340337208
-0.113293393574107 -0.223906035689895 -0.23209366127892 -0.0768994334979727
-0.170069243831921 -0.144076079907843 -0.162172751954054 0.169506065923774
-0.204113803060338 -0.0275651389402052 0.019118677391372 0.249503098870793
-0.204771683655475 0.029000337163734 0.238016255619694 0.189894728545699
-0.197001425806419 0.0859613584872467 0.419251451071611 0.104738097961143
-0.182916865737598 0.0743844526725307 0.574262569172703 0.108339687681096
-0.011886160783517 -0.00403974326886294 -0.578612237694582 -0.072572416499634
-0.000681576356158172 0.0119987542234212 -0.449897783740798 -0.0411895458488964
-0.0172225863295259 -0.0170537853813481 -0.265383925976208 -0.127473751813449
-0.0165218597978204 -0.0145500161999137 -0.0502217518607409 -0.191260080266498
-0.0148217273170975 -0.00439080950458729 0.127471210835986 -0.143932763160835
0.0011666258243708 0.0145154376538132 0.187907140009283 0.0926137330422672
-0.00117080596983596 0.0270098161797664 0.11088194143387 0.377965077325467
-0.00138998345189882 0.0202908066990853 -0.0304055996709335 0.539809065867099
-0.00743460381798793 0.0122733058645128 -0.0880683232548235 0.497946473155726
-0.0103749103002754 0.0125932382698366 -0.0519168520585811 0.366966694150238
-0.0225315456085065 0.00633400524958225 -0.00706573764838153 0.238838869915787
-0.0296136298511132 -0.00519168292986143 -0.00865970341800081 0.168976492354271
-0.0203560246504542 -0.0152220383730657 -0.093635235315646 0.114169787980262
0.00110145907185093 -0.00285410598117898 -0.149113266710232 0.112860518187373
-0.00322523553144294 -0.0108277797951114 -0.252783008175004 0.258876829021146
-0.165919822607694 0.0574751831148046 -0.555684181005096 -0.0827087985508209
-0.185660709241571 0.0693758647743386 -0.425381491077176 -0.0660153459981939
-0.214238821164704 0.00192762741443008 -0.25451624732699 -0.152897075858396
-0.212934317832917 -0.0574678224678814 -0.0593717083065615 -0.21368455060243
-0.182460713438215 -0.13170828806378 0.109459461227618 -0.163005923296749
-0.100870661266645 -0.185722980383166 0.167582129183316 0.067740040117255
-0.0406827767182321 -0.201913055669201 0.102252706458136 0.346006185454844
0.00740202832109485 -0.189648922466209 -0.02637261883239 0.503170166792145
0.0114544695436763 -0.164958741204886 -0.0608935553641193 0.485611573083256
0.0017102479047531 -0.127800462437255 -0.032984963844308 0.381116201498054
-0.0409738661622028 -0.0976522368878881 0.00276611223502594 0.253338674805267
-0.0827443458932203 -0.101412784875675 -0.00699668575102527 0.182998220401508
-0.0966460072387108 -0.0966319300387438 -0.0900402673441745 0.130527944961389
-0.12992242969561 -0.0569401368490516 -0.135718524175604 0.125630424411221
-0.151940588951542 -0.0143093620901201 -0.212006603180933 0.264791665557666
-0.297412168595366 0.0946459421386427 -0.468010482066593 -0.126092298510488
-0.349515556449185 0.0888719482141862 -0.350361245972096 -0.127552856103703
-0.386620334099426 -0.0168664151203826 -0.208186542475144 -0.202521541061491
-0.376575811617477 -0.127938977627496 -0.0605641121079805 -0.255008340074746
-0.304440580240058 -0.270319947809983 0.0770616707973167 -0.204054872360011
-0.160749877765852 -0.369844186640205 0.122997949019907 -0.00650428903768191
-0.0521992268340761 -0.394792600486116 0.0782810776716418 0.241329743511452
0.0156514512806067 -0.371399145064674 -0.022072693192935 0.386188663446583
0.0110273326003507 -0.33563414107179 -0.0264893111459789 0.423723178226635
-0.018744143212173 -0.288064853049286 -0.00279272332580945 0.379287888480306
-0.103693727123802 -0.22848250003194 0.0195486122797375 0.273767981309017
-0.18844751982054 -0.203048440676133 -0.00360766223569096 0.212919112235636
-0.214738835700722 -0.159216353870353 -0.0772212661056496 0.168087150351594
-0.274856174697112 -0.080212674091942 -0.0995959945156152 0.160727004899925
-0.290678635857047 0.000784057479904777 -0.120125989826788 0.273951987620193
-0.380797231136439 0.0959752163532222 -0.323496760263473 -0.185597177168132
-0.45589667318069 0.0584607791063779 -0.226016522283026 -0.195485565829303
-0.485361391429136 -0.0781067058907944 -0.120272545187738 -0.249159700463089
-0.454598821688847 -0.220255426442949 -0.041176227484873 -0.297158538053916
-0.338876326375191 -0.390711357693677 0.0458250915788059 -0.25795753157192
-0.156876617964068 -0.498898520830412 0.0755562115096312 -0.118318701398662
-0.0309114556551825 -0.517001683165983 0.054487961129778 0.0792209093378546
0.0221100934058239 -0.496106721904431 -0.0176145969625688 0.210994058117981
-0.0149987004477145 -0.473355740751093 -0.000795811419086853 0.304134303249509
-0.0867252423758514 -0.438851978638774 0.0169817666267978 0.329159617477709
-0.223529795821349 -0.349906464567899 0.029854387270266 0.271785812401622
-0.34582818168326 -0.265181830253796 0.0111935554700372 0.243281940458689
-0.361006140349555 -0.170936915740904 -0.0349247892301374 0.213862775317927
-0.40852395620139 -0.0541376549500032 -0.021773231892815 0.197453263780804
-0.395330012875014 0.0367530379378624 0.0177633044932716 0.270292183831149
-0.4013969840463 0.0669862486549336 -0.14699031733158 -0.237079826810494
-0.471538564248205 -0.000346429856530184 -0.0776008135605993 -0.233823985767005
-0.468053026548327 -0.151414355499169 -0.0094429522400907 -0.26012511771636
-0.407317034004115 -0.288280859773198 0.000901578215944386 -0.311415085987846
-0.270996208822046 -0.436593882738122 0.0346832838067703 -0.299303878090698
-0.094642302678459 -0.526717621067171 0.0515158674563273 -0.238212295854158
0.00916977210553772 -0.541885584935826 0.0457482141653161 -0.103760087261708
0.02510721721794 -0.542567573686672 -0.0110981108890113 0.00456339893659132
-0.0539705440861472 -0.550139071815826 -0.00444244714911017 0.134767535322051
-0.172417702253207 -0.523283147803796 -0.00552159698177664 0.2269931115606
-0.34624321020101 -0.398376331841955 0.00869702297216459 0.24337956274232
-0.475567120446944 -0.2468724094307 0.029457460059825 0.258714857138917
-0.468536965701061 -0.117978141124961 0.0408682076899357 0.241144320533907
-0.482578341183946 0.0121868739730521 0.0979210687040625 0.209466926910615
-0.444379750459967 0.082502254302195 0.184883718834233 0.242939693719458
-0.356517465526069 0.0288405427584314 0.026345881559421 -0.263255401773664
-0.396118511858509 -0.0500935427648403 0.0501216068417743 -0.226218521185546
-0.349760128978191 -0.18140241343625 0.0813039189515691 -0.221377885127543
-0.269125366793764 -0.278808206047225 0.0411991815860567 -0.282723480008042
-0.148895218949012 -0.378532413517607 0.0393634337844853 -0.304589314330254
-0.0212838028231047 -0.45034998480235 0.0567450360907687 -0.327192720460478
0.0457445261439234 -0.481387073038621 0.0591451766532214 -0.27150811047532
0.0245677669619064 -0.510547734218434 -0.00377421878772512 -0.203924375195126
-0.0818893804857764 -0.535213204218492 -0.0394227218730395 -0.0581937853970915
-0.221926714813678 -0.505795150971031 -0.0761387172135135 0.103323657645712
-0.390970320082726 -0.357700822940726 -0.0462779014218006 0.20781686923983
-0.496018422883048 -0.167688733183139 0.0387746744895648 0.257672301418273
-0.474659955851597 -0.0364633159519667 0.127944340593827 0.236922726010618
-0.465378565296977 0.0815162502741845 0.233084900596672 0.183540621808643
-0.419972175099413 0.115710717501958 0.353265497021111 0.193789014024459
-0.260814331562228 -0.00400366633245561 0.169213200259341 -0.26161998681704
-0.265122487671035 -0.0624842977749428 0.129184928793543 -0.188679096222573
-0.197548586917042 -0.147436338259457 0.12193161835519 -0.160397422488205
-0.12318509224313 -0.192814153985787 0.0540071479568118 -0.228265713732416
-0.0496181565501107 -0.247141519315863 0.0441387692933112 -0.27382873589068
0.0220111950828322 -0.304623038334484 0.0749671673228345 -0.362874669737644
0.0593092035192642 -0.354221002348696 0.0870562508483841 -0.394694350892499
0.0218744233635795 -0.397681624006933 0.00580624363832846 -0.384680957200841
-0.0778644548480967 -0.425810659367992 -0.0891679424231762 -0.235030965744727
-0.198362288760943 -0.394639499609099 -0.164296689104091 -0.00431488007152499
-0.322125439528319 -0.261092181373414 -0.111705738549679 0.181896106909465
-0.388567298262923 -0.0861789087149399 0.0336635274567097 0.250549682719273
-0.372740990416564 0.0187289847073331 0.198566429724147 0.211260067825213
-0.359706975499728 0.108944838442727 0.347343253702088 0.138148285232405
-0.327300682146713 0.11452330861438 0.490866179593036 0.140317803601524
-0.135406583245007 -0.0190612377261088 0.261254058907406 -0.25013095970974
-0.127010132896422 -0.0336775335009059 0.156640213732481 -0.154744200276857
-0.080945194975839 -0.0745058792209379 0.123603138869943 -0.114871110544329
-0.0351300904783698 -0.0871705666220682 0.0454352976529487 -0.186581912643581
-0.00573902197617317 -0.114566403031068 0.0400862062222095 -0.236594182876252
0.0229756922158616 -0.15268735960725 0.0873929346254884 -0.362292199240878
0.0433459036180803 -0.194629290083244 0.109586871900242 -0.464431528261159
0.0163264280548823 -0.22309909309992 0.0150607186191079 -0.510142892108292
-0.0440152032747104 -0.24024182550152 -0.128657104174963 -0.359833531231121
-0.114002422680261 -0.223154989382195 -0.230646106000818 -0.076096920173264
-0.171069841472751 -0.143367112535151 -0.159763052672345 0.17064649982225
-0.204132975581432 -0.0272457326385008 0.0214295745727483 0.24931306204507
-0.204381344058518 0.0304342576562971 0.239340819875032 0.187239430572864
-0.195472024851403 0.0874523780843995 0.418711729154324 0.10027628663561
-0.181609515008025 0.0750044869842422 0.572776866005259 0.102849590111159
-0.0126735311075661 -0.00351107526301406 -0.577409203297103 -0.0665639536320857
-0.000576631910750323 0.0115014938444816 -0.449821181373034 -0.036459213450324
-0.0175616730373753 -0.0163987407026621 -0.266088927887708 -0.124713896880269
-0.0168896314615311 -0.0140661174784676 -0.0516622269412661 -0.190084962690016
-0.0145047354294463 -0.00417075365580883 0.125847383385193 -0.14491346173887
0.00142847352576926 0.0147333892784299 0.187285410730464 0.0917365764951856
-0.000666986512880843 0.0271086058294818 0.111750191251854 0.376656005651127
-0.00163542985774738 0.0204321344452337 -0.0270853547283985 0.538465370688942
-0.00715737857279723 0.0116598027828682 -0.0847982754996883 0.496754942131038
-0.0103090260714393 0.0126868790216685 -0.0492705760650026 0.366433283800058
-0.0224126791450209 0.00722857136585987 -0.00535436404530657 0.238403827385382
-0.0296617120011956 -0.00453293922826706 -0.00681166534995322 0.168166329607705
-0.0206086586910136 -0.0147278665371912 -0.0914545453056526 0.114024659451691
0.00135870548430991 -0.00288278504400792 -0.146850324420622 0.111807372760873
-0.00277734177140583 -0.0110094496962894 -0.249568621422561 0.258256207120972
-0.165516705812943 0.0589292454195444 -0.555283659517375 -0.076807086462549
-0.184668725716951 0.0699076751193999 -0.425313117575851 -0.061350499864955
-0.214121720832281 0.00326571554471924 -0.2549054247443 -0.150645392080313
-0.213329856908399 -0.0567319690421647 -0.0604303923369431 -0.212369413397431
-0.182844260694307 -0.13004678559791 0.108352477696913 -0.163587434307067
-0.102084309658573 -0.184598436708323 0.166968247127571 0.0665112397294046
-0.0408062623215363 -0.201080976133855 0.103449837796811 0.344911844334862
0.00695003012284142 -0.189093144958349 -0.0248202259333151 0.500953547969462
0.0108393635483324 -0.164121720852219 -0.0589126995662962 0.483959227389335
0.00142178115486933 -0.12738708062915 -0.0305771879316517 0.380094724963297
-0.0412016880605722 -0.0969899102018153 0.00412056220163924 0.251874836135208
-0.0831426833589341 -0.0997369709237995 -0.0051478330468571 0.182642363470519
-0.097058111971372 -0.0953654326956784 -0.088116248078675 0.13018736264634
-0.129548910019843 -0.0558922267860746 -0.134007417136965 0.125370694498243
-0.150965797185605 -0.0133655441951143 -0.208945291820661 0.263767464873665
-0.296180751301016 0.0958139846097856 -0.467472990645339 -0.121208798873635
-0.34821545817022 0.0910375580046576 -0.350242474861092 -0.124096559801712
-0.385550566821718 -0.014964009966639 -0.209084096757823 -0.200108959940317
-0.377743342017107 -0.126171988218408 -0.0620614279806772 -0.253226782400464
-0.305888897245141 -0.268219290651342 0.0750110016292215 -0.204307793964162
-0.16322895369591 -0.368719810327071 0.121698883497266 -0.00728177967495373
-0.0538632776991308 -0.394901956913013 0.0795150307377238 0.240169409971055
0.0149083429573661 -0.369787153366499 -0.0204082977954746 0.384786046094037
0.00953731455271271 -0.333770072174919 -0.0250713679689145 0.421478770561443
-0.0202443011900686 -0.287111686648367 0.000271283224982376 0.37862457830405
-0.104352063887434 -0.226667863490075 0.0211822363762977 0.272905035981387
-0.189043733002068 -0.200574331247378 -0.00116703661799058 0.213173589156668
-0.215704821083926 -0.157733464459447 -0.074411868145 0.168149342151885
-0.273677627026846 -0.0783782949902165 -0.0982965986368084 0.160277294088134
-0.290037468820898 0.00178570274214465 -0.117688634581346 0.272056357977046
-0.37929151203608 0.0974418614939544 -0.322819702286364 -0.181781535681404
-0.454587774258362 0.0618827402312574 -0.225873226352457 -0.192486134421827
-0.485263824449313 -0.0754999734461398 -0.12150261172018 -0.247900007506608
-0.454855554047485 -0.216406885937765 -0.0434523925437929 -0.295484160433313
-0.340334462892375 -0.386502949260549 0.043804541442718 -0.257348314172264
-0.158307099602321 -0.49679723153723 0.0745101425503992 -0.119031947474118
-0.033495821965976 -0.516567268087373 0.0542770607041707 0.0790375739225011
0.0198130329568209 -0.493281419690388 -0.0160999519645953 0.210373701444886
-0.0167355718843157 -0.473339624151873 0.00054478720018642 0.303309329812566
-0.0867447911127856 -0.437016256183845 0.0189675825984305 0.328994528229256
-0.223283856585571 -0.347668068088148 0.0313483753653657 0.271858992634381
-0.345890021722916 -0.261222475298858 0.0139232242675183 0.242171781259655
-0.361729645467149 -0.167258735614918 -0.0324350167070577 0.212680514751331
-0.405937618079191 -0.0512168298387206 -0.0201189360687064 0.196492905706294
-0.39417962206717 0.0382360599920185 0.0197126863470864 0.26803186295687
-0.399618159731717 0.0701081374901935 -0.148542178091518 -0.233812799692365
-0.469412858761158 0.00254140666693471 -0.079004011464872 -0.231068044728517
-0.466557106759047 -0.14875842495286 -0.0108848702054943 -0.258649607876685
-0.408581376175121 -0.284600945046614 -0.000910394751753112 -0.310786579379405
-0.27172490043986 -0.434584983538026 0.0324963505677476 -0.298753508113796
-0.0969267078850079 -0.526960400814388 0.0497683433814094 -0.238827612765326
0.00777972036956146 -0.542584236904563 0.0447711270803166 -0.103597563594365
0.0218558150665085 -0.54176085754029 -0.0104177745575324 0.00426707767557958
-0.0559756140343136 -0.548981354191617 -0.00333229036474167 0.13443460782437
-0.173561745658729 -0.521112746477051 -0.00400983014497398 0.22678751926539
-0.34698433040079 -0.396498463731639 0.0104222380747342 0.243900731800625
-0.477178211803905 -0.242509223823963 0.0319203836034658 0.25758265282643
-0.468270022931796 -0.113853281242184 0.0434514157140012 0.239711230057172
-0.481096164511302 0.0147320281167705 0.0988729433799587 0.207738509820969
-0.442150537378084 0.0843381961564008 0.185714533312807 0.240036624607339
-0.354956155018442 0.0306827909680835 0.0244541636848399 -0.261235874405877
-0.394491055677293 -0.0478939992558923 0.0483842057541985 -0.224312851455685
-0.348565080864459 -0.178931325242059 0.0795955918876778 -0.220805568042228
-0.268771673354593 -0.275562192480891 0.0385323403970649 -0.282219291163396
-0.150179678063542 -0.376401070797992 0.0375993737483848 -0.303647775333378
-0.0233936068185551 -0.4493788667201 0.054770122993767 -0.327004567764802
0.043047976333907 -0.481199312980067 0.0572217639099605 -0.270817884961083
0.0222288705485121 -0.508743892596264 -0.00406336032762262 -0.203754326851693
-0.0845028657108989 -0.532313671267015 -0.039128495012437 -0.0578400751879812
-0.223981550284668 -0.503521418296406 -0.0747685932973577 0.103936951246506
-0.391797585189813 -0.354875531514112 -0.0446428277915596 0.208064792330979
-0.496555676498129 -0.163867481332459 0.040864301995652 0.25684030362654
-0.474142290329862 -0.0332285333963656 0.130195595540539 0.234312400629483
-0.463693037633537 0.0831291767386661 0.233662758039368 0.181164834554974
-0.419417459311885 0.118356259214658 0.353595050527736 0.189466761227369
-0.259569406186499 -0.00245470539950594 0.166280157531787 -0.260845176559511
-0.264490709439201 -0.0603417746919557 0.127448106852393 -0.188002688496173
-0.197926371168848 -0.145682602054929 0.120535470758209 -0.159769079984947
-0.123739556021446 -0.191434270649276 0.0515513167179576 -0.227648738226582
-0.0505172190275263 -0.24605671648936 0.0423247024332045 -0.273033291785043
0.0206446748417869 -0.303946618591775 0.0720122920342226 -0.362337812431751
0.0570732424375152 -0.353376691735644 0.0847481078954336 -0.393692608169496
0.0212808072406404 -0.396378378618959 0.00432842757041216 -0.3840181895044
-0.0798934226442067 -0.425136151154713 -0.0891386839617069 -0.234093417084914
-0.200377871762364 -0.39406157282689 -0.162984631834563 -0.00322707276955384
-0.323819894345948 -0.258597430389516 -0.109781112733097 0.182580421951071
-0.388816396646632 -0.0838463125311976 0.0361397486798419 0.249950297716886
-0.371340327590061 0.0204511608413078 0.200182241179233 0.208722922555479
-0.357588238039357 0.111200908072807 0.347193412269254 0.135067167370133
-0.325955825483469 0.116361364219159 0.489539731875851 0.13497527267251
-0.135101728334066 -0.0187855412083797 0.257834748964861 -0.24946072115575
-0.126421222140477 -0.0327158186706491 0.15526657416228 -0.153797883789027
-0.0812091713117668 -0.0735549173962965 0.121500346822017 -0.115393542155825
-0.0357348883954002 -0.0860655558356486 0.0434535467187751 -0.185978621414734
-0.00650620014395385 -0.114282028928588 0.0383846237627326 -0.23596547407674
0.0220895966924189 -0.152202704568522 0.0844045473673957 -0.362257331778531
0.0417948895988828 -0.193846236096901 0.107958699541657 -0.464161168078596
0.0156914364016375 -0.22236164853773 0.0128553077386742 -0.509489132473974
-0.0447050929781278 -0.239830604688297 -0.129392341151699 -0.358126685072572
-0.115399548751166 -0.222038650532092 -0.229558340790889 -0.0746020940054218
-0.171443734759824 -0.142200780240125 -0.158083128313387 0.171193996820441
-0.203620655173769 -0.0258262805340666 0.0231912925439592 0.248051258697626
-0.203573920427301 0.0311870582849227 0.240817630182319 0.184891835360962
-0.193716092693545 0.0882756953575838 0.418214687971763 0.0973858346051502
-0.180655639078374 0.0761748717631147 0.572274964977958 0.0972832266076252
-0.0130400323018589 -0.00342806098348453 -0.578218578414005 -0.061387928548065
-0.000253906426749773 0.011247587373541 -0.449256514677218 -0.0333255212075264
-0.0175579824480994 -0.0156583715654489 -0.266473570168702 -0.1227910981653
-0.0174668832404202 -0.0138602220008286 -0.0524908675856439 -0.189443431071349
-0.0142971953220357 -0.00378180006482758 0.124722833931233 -0.145346395236243
0.00202364528643369 0.0153284148340654 0.186566924827198 0.089844201063052
-0.000203339264393304 0.0272059140651696 0.112685720104786 0.375370141346213
-0.00107550945776697 0.0203126889135427 -0.0234340646407534 0.53706802652702
-0.00700833602001323 0.0118637985301685 -0.0821032502759276 0.49616655100477
-0.0101356190559986 0.0128743538276095 -0.0472147013869612 0.365426117252324
-0.0223175262105356 0.00722555138137163 -0.00383607227505289 0.237281841691722
-0.0299050739588207 -0.00345295949329997 -0.00436557834193622 0.16749689232379
-0.0207129627131447 -0.0146046601086544 -0.0894345612829836 0.114378657079286
0.00185038128969907 -0.00295659735773607 -0.144679942205713 0.11129631908032
-0.00256947310178635 -0.0112653919328438 -0.246092825655323 0.257996595784544
-0.165419082778801 0.0602357177757655 -0.553249226234166 -0.0716257910770704
-0.183486889163552 0.0713967126068177 -0.424368963119487 -0.0580940981225105
-0.213090287047786 0.00458947112777981 -0.255521100143545 -0.148778435949013
-0.213252908646967 -0.0548552593059959 -0.0617114210525288 -0.21074226553898
-0.182613731564773 -0.128916855029467 0.106604607668687 -0.164129690092476
-0.102236188346555 -0.183724280946359 0.165914930683726 0.0644707261932684
-0.0415965104525262 -0.200037898721518 0.104800498253895 0.343375867015932
0.00647696131942875 -0.188120359153506 -0.0212158197273883 0.500200894680014
0.0103945642062146 -0.163439071338243 -0.056027846321522 0.483813052780937
0.000741982200896019 -0.127053943677101 -0.0280183772119807 0.379289934513904
-0.0415037154503644 -0.0956917051879415 0.00567577726244506 0.251709891094507
-0.083204416768722 -0.0983293843129763 -0.00290339647490195 0.182357546980857
-0.0978548950110083 -0.0943760871756921 -0.0855467125027185 0.130597955107979
-0.128994689715829 -0.0547237214680644 -0.13232271352794 0.125037026881601
-0.150889768200767 -0.0128516627672309 -0.205072290021237 0.263545863908375
-0.295494002352427 0.0977444940731977 -0.466783426910091 -0.116465858013068
-0.34703746894093 0.0934024301437126 -0.350681297088742 -0.120125083718566
-0.384968546568348 -0.0123705372493388 -0.209567119131716 -0.198396748195344
-0.377220139132005 -0.124306905071842 -0.0634741243409751 -0.251925646155731
-0.307048609625618 -0.265520156499548 0.0731617353939698 -0.204863032420718
-0.16514207405314 -0.36643843270732 0.12090054726564 -0.00848422172072536
-0.055489819796061 -0.394543758832668 0.0804189468788713 0.239017853880447
0.0117215911017449 -0.369423164836923 -0.0180396604551708 0.384318281166141
0.00766622790262072 -0.333174554466852 -0.0225609511149765 0.421069937341382
-0.0218043250923147 -0.286527145593064 0.00246916841381798 0.37786074270528
-0.104688957609495 -0.225261637631868 0.0225231885728304 0.272668080843753
-0.189843768237788 -0.198048795368169 0.00112784755967109 0.212367868145804
-0.215920429122116 -0.155636943372481 -0.0724401502704525 0.168172095040066
-0.272902134520741 -0.0768965462384798 -0.0961966447966479 0.159698937425228
-0.288428788109016 0.00355312376020569 -0.11485898895401 0.271005943992289
-0.378057402365529 0.100124130402907 -0.323088271493236 -0.177362585487643
-0.45285222287869 0.0653097223052931 -0.22726863146876 -0.18915446744365
-0.484775734832013 -0.0713883336518911 -0.123180604020635 -0.246238378200533
-0.454450882707561 -0.214030057266931 -0.0450323083679565 -0.294589299414471
-0.341071344478495 -0.384185793299228 0.042606998139151 -0.25821429082738
-0.161737294762483 -0.49431952654866 0.0730943038990918 -0.120203544966169
-0.0355983497845055 -0.515361942348503 0.0541340231476574 0.0783120678039014
0.0177857807358502 -0.491731214519426 -0.0148846117740449 0.210279859064823
-0.0189115617082334 -0.472549922936442 0.0019377040738282 0.302342587738213
-0.0897469195870223 -0.43631354932085 0.0210699333077002 0.327935662241478
-0.22496115305622 -0.345053216769273 0.0331006015559955 0.271873602784494
-0.346267193338173 -0.258013746343115 0.0158155475466841 0.241588088268297
-0.361427615301866 -0.165441421125687 -0.0294268747239985 0.212221706084106
-0.405607278415406 -0.0487720718872672 -0.0190357098635558 0.195788926485298
-0.392396906930725 0.0399064710486382 0.0215628331886626 0.265538320965704
-0.397713273356906 0.0723106841677341 -0.1495759469559 -0.231134420929365
-0.468201087562211 0.00519848093198433 -0.0803365504145655 -0.228579841833929
-0.466125366463945 -0.144417033218732 -0.0130767552516686 -0.258033347802027
-0.409923684794241 -0.281333330908791 -0.00338124235436791 -0.309451613377993
-0.274113928803728 -0.433275070065244 0.0308334115282454 -0.299022980370348
-0.100838453433294 -0.525116456696038 0.0476312106473034 -0.238868683588808
0.00544859329342554 -0.539671284972461 0.0438054378700837 -0.103299277908673
0.0207636045039691 -0.541002361105514 -0.0108198843044836 0.00489075366182558
-0.0599521027725321 -0.546305720271184 -0.00181819430973158 0.133079502142427
-0.176662160681798 -0.51962773564707 -0.00141940016878112 0.226448975241493
-0.348845482442024 -0.393449391581442 0.0122423044822587 0.243675378276599
-0.477141882396147 -0.239314682931766 0.0345066227627951 0.257091000035774
-0.467992061053315 -0.110659609168656 0.046238436179692 0.238310722891273
-0.479927746373616 0.018804308784447 0.0996710538101864 0.206339616403322
-0.440034784989159 0.0867828812081394 0.186740664962777 0.236352355795706
-0.353828765148914 0.0326960126643678 0.0231121105218841 -0.25866187371575
-0.393776582141151 -0.0448350399027246 0.0467084590798882 -0.22269501295687
-0.349026247765572 -0.174927104657316 0.0773355420089686 -0.220198752021549
-0.269145742627311 -0.273572779530022 0.0365377576876158 -0.281093244008687
-0.152005299065337 -0.374253505956214 0.0359115768758657 -0.303686257625708
-0.026082330782691 -0.449192130991008 0.0516324418929261 -0.326685837457118
0.041111799684322 -0.48013518651936 0.055672029046782 -0.269450028154044
0.0204899769270965 -0.506809445505823 -0.00489260994036959 -0.202802336474969
-0.0859815447663265 -0.532004311360387 -0.038692510794597 -0.0582051990826256
-0.226507237455373 -0.501560035706861 -0.072916659384257 0.104258460079376
-0.393367867181119 -0.351919884309597 -0.0428751985838793 0.208742888402115
-0.496489457392 -0.16094569939024 0.0429673374941878 0.256017454194167
-0.473840686304089 -0.029611967736774 0.13269337158329 0.232444056820019
-0.462787276335093 0.0871192113026867 0.234137877961308 0.178985364603753
-0.417221197956755 0.120585027098611 0.353982019270954 0.184659191622461
-0.259020663774153 -0.00130821464540838 0.164224383207872 -0.259760339419575
-0.264018428841452 -0.0585134416893362 0.124674000445427 -0.186117079110371
-0.198023702689659 -0.143680323859075 0.118685821541424 -0.160248376906753
-0.124157380700589 -0.189801173465649 0.049236707347884 -0.226954851470569
-0.0517240644676774 -0.245407475000833 0.0408008943634882 -0.272475003363339
0.018544339461221 -0.30435235647833 0.0693843438787736 -0.362063530209601
0.0556520602672934 -0.353459308722278 0.0819700451067948 -0.392682203591106
0.0182963142031265 -0.395130855590997 0.00251656066466023 -0.382882691334041
-0.082117864131494 -0.422729854651435 -0.0894381275006839 -0.233460554674009
-0.202459370057512 -0.391686068443346 -0.161601465927207 -0.00227875798023614
-0.323200301595165 -0.257640604643204 -0.10824413714105 0.183629435826049
-0.388534335546539 -0.0811894374034779 0.0376923801904708 0.249417543926995
-0.370942573559208 0.023289088518364 0.201876832770313 0.206574456966677
-0.355618960057696 0.113323561991019 0.346748212249905 0.131235690912135
-0.32421117668241 0.117754280804396 0.488385635863278 0.130348427349665
-0.135046263035678 -0.0182268201077591 0.256063114488272 -0.248940484675654
-0.125805437607481 -0.0315870824802401 0.153311048993182 -0.153289723470923
-0.0813898200827858 -0.0727116303104528 0.120684312444076 -0.115928632848694
-0.0360452705270261 -0.0854982905866931 0.0410462508118713 -0.18491501390176
-0.00696634842475944 -0.11421136344271 0.0360616783596417 -0.235724838046765
0.0207339352314704 -0.152170811097499 0.0820249553601926 -0.361966621450142
0.0408996585111031 -0.194021891142849 0.104560078729325 -0.462203844992405
0.0149828659980933 -0.221596000935209 0.0115418742531388 -0.507194817755703
-0.045502431995009 -0.238749847128794 -0.130278511811677 -0.357281512395537
-0.116487498306284 -0.221297351610402 -0.228849877512929 -0.0733166379955629
-0.17184620450751 -0.141180253886157 -0.15612126803385 0.172190114595177
-0.2028900231109 -0.0251866670849367 0.0247578028878984 0.247739975320417
-0.203467641729425 0.0326075966722503 0.242040040355492 0.182035571250103
-0.192535278056229 0.0895398046846766 0.417284267459047 0.0933659054735745
-0.179228902749137 0.0770299068876729 0.570677347240911 0.0913623410767535
-0.0134496537851575 -0.00328100486453285 -0.578797742113189 -0.0563184021674534
0.000521026618725873 0.0113621624009526 -0.449311931328108 -0.0297226745898469
-0.0179112658049641 -0.015450514672055 -0.266843108627164 -0.12064799892524
-0.017117209969725 -0.0133128218554721 -0.053956152066579 -0.189225310949313
-0.0136159003314956 -0.00390936136806447 0.123325397931593 -0.145821019939728
0.00214916495100899 0.0155903962843512 0.18679988531636 0.0887400763385324
0.000372679147627359 0.0272542287842073 0.114431856179128 0.375002494162278
-0.00109663200475171 0.0203129012576948 -0.0222384173727477 0.537061386691439
-0.00715438711168667 0.0117171628926489 -0.0797552561756607 0.495481401654892
-0.0103708455050939 0.0132310266809813 -0.0450050210401823 0.366304082097072
-0.0224054780717879 0.00743772985217333 -0.00180836309771458 0.237394557009382
-0.0298946906133787 -0.00296371467164366 -0.00238487115638675 0.167359754141276
-0.0214034383490381 -0.0137885756673572 -0.0871177022145151 0.115523227669808
0.00261737588428449 -0.00301733845199821 -0.142694588596607 0.111325637666669
-0.00242459456554886 -0.0114220406540441 -0.244495720839648 0.257106470092026
-0.165182982523522 0.0602702131452802 -0.55508438931651 -0.0659733199737419
-0.182668730272714 0.0721958477214596 -0.42523112377599 -0.0545714229726467
-0.213469604744116 0.00620130104844562 -0.256364197624927 -0.146237664316375
-0.213125007187028 -0.0542653161032499 -0.0626753187714818 -0.210162966470181
-0.183971780707704 -0.12801214319329 0.105071870276779 -0.164968059891487
-0.103411704911638 -0.182509439953761 0.166117319027951 0.0637172457989404
-0.0423482402777323 -0.199746309823874 0.105738613128677 0.342429521372133
0.00567950913210383 -0.188328103559511 -0.0197453536639049 0.499474398391168
0.0100776167385445 -0.163766013887098 -0.0550238480372799 0.483605024317236
-0.000131761114488258 -0.126555870974388 -0.0251573849181932 0.380718536839578
-0.0415678405789512 -0.094964440165904 0.00752951439411948 0.251201593383434
-0.0835380680991003 -0.0970642352176277 -0.000718456396438818 0.181847744242788
-0.0982762496535137 -0.0928820842593118 -0.0832342599927895 0.130546313466312
-0.129055412243566 -0.054148874457172 -0.130994987993689 0.12502451763793
-0.150038755882636 -0.0124356044746949 -0.20292987077479 0.262634722174738
-0.295143929156471 0.0993480925928317 -0.467379072593384 -0.112200755699215
-0.346492646075081 0.0947739423910854 -0.350573723590564 -0.116479496275953
-0.386071748817957 -0.00979627644570415 -0.210146023275567 -0.196967925293248
-0.378407238832638 -0.122919694056561 -0.0652309755188163 -0.250630714448002
-0.30833837338241 -0.264756060325462 0.0717474153718373 -0.205235442675188
-0.166464794903188 -0.367026387596693 0.120133527409101 -0.00942503644649015
-0.0569528553173511 -0.39365443536655 0.0813766196354901 0.238175996064921
0.0108708391882029 -0.368103968023788 -0.0168287051315037 0.383763990194732
0.00708619038236259 -0.33295468720432 -0.020956485752482 0.421232232046652
-0.0225831247724862 -0.285986008433542 0.00444085550273346 0.378255828966829
-0.105896420316856 -0.22418933977731 0.0240237505034669 0.27293182556128
-0.190037628893761 -0.19642649547799 0.00265166166353284 0.212617557650435
-0.217088825429866 -0.153962463372885 -0.0698137430223301 0.168005808947588
-0.272690493192152 -0.0754180776697162 -0.0950113213172637 0.159387137206006
-0.288523741940436 0.00477488620951188 -0.1119125287129 0.269858032019347
-0.377425555525182 0.101324872836544 -0.323130664225482 -0.175050483824105
-0.451394131866861 0.0673358930982298 -0.227321652849357 -0.186418072941482
-0.484249249616857 -0.0688923052270553 -0.124299528580704 -0.245255305593567
-0.455603283830774 -0.211855578339985 -0.0466498449577069 -0.293256756352971
-0.343886100213497 -0.384260015033158 0.0409577956449729 -0.258635770232141
-0.163033219668812 -0.495347574529088 0.071486174350335 -0.121095907932019
-0.0377652355304497 -0.513605806813149 0.0548230178022762 0.0783602834021186
0.015218252817297 -0.491395913744727 -0.014108384531582 0.209921070718388
-0.021222725745734 -0.469685767474562 0.0041927422973729 0.301516495251959
-0.0915984053320501 -0.436468928158896 0.0236415372376877 0.328424341248029
-0.225583681864478 -0.344532988974643 0.0347881443333934 0.273054611441224
-0.348177949583234 -0.257064462094162 0.0177905095144066 0.242131143624981
-0.362400794332833 -0.162810569827556 -0.0270053999836301 0.211850754813194
-0.405084346541631 -0.0484874720030388 -0.017999676710086 0.195661841684499
-0.393227910942113 0.0424765060311686 0.0234261160345959 0.26409349763384
-0.397394730359446 0.0740878648817572 -0.150487518443924 -0.228801091073635
-0.469567889211471 0.00756583623513338 -0.0818750017299787 -0.226131700237698
-0.467005095710039 -0.141753641465818 -0.0155738712213252 -0.25706881325936
-0.409711932001131 -0.278888245014552 -0.00474027388645714 -0.309157079418978
-0.276475833468193 -0.430361109659046 0.029501829461425 -0.299386948200417
-0.103291290672788 -0.524878592907941 0.0455097332735908 -0.240094702922599
0.00398748773198944 -0.541398185056769 0.0437744118650003 -0.103555092808414
0.0183009505316228 -0.539045582306373 -0.0100213126312159 0.0042081389055675
-0.0608665905573781 -0.546224249039107 -0.000790150661224978 0.13266942500528
-0.178389684568449 -0.51958470371638 0.000322790038389735 0.226414734638877
-0.348459620737505 -0.391156396903155 0.0146726096556891 0.244668871091798
-0.478327590175393 -0.234610953663153 0.0364106379054692 0.256464170018901
-0.467947515229147 -0.108637059038235 0.0491717700840826 0.236981057372945
-0.479314167665867 0.0204635749355949 0.100328763376395 0.205044940602945
-0.438819962521843 0.0894118595595064 0.189034986693303 0.233549218104222
-0.352761463955843 0.0337734899802917 0.0209651316970619 -0.257213550337829
-0.394077002955898 -0.0421881265025945 0.0452639336708518 -0.221194252741903
-0.348898203771055 -0.175437393743219 0.0763309336199611 -0.220571831229676
-0.27036403292734 -0.273037749895009 0.0344040599103555 -0.280721000344479
-0.154601029634416 -0.374947664106972 0.0336388213398671 -0.304486729984837
-0.0277368188785013 -0.447769364655039 0.049688935834849 -0.327198361643163
0.0407918105606156 -0.479407387064443 0.0540109816871844 -0.269755830016909
0.0183017792633632 -0.505969258620743 -0.00537705203855905 -0.202860289765771
-0.0882348859724325 -0.530456658443047 -0.0386446197746446 -0.0581150086253201
-0.228888776982297 -0.501380377295753 -0.0718089390840006 0.104498845633156
-0.395448125348881 -0.350381672022686 -0.0410015298018079 0.20991034500453
-0.496858841995978 -0.158873185856628 0.0449021728708695 0.256039740105069
-0.472112488126503 -0.0269017523526719 0.135093852338804 0.230954372845654
-0.46035846166773 0.0883899178232121 0.234407048626728 0.177216275544713
-0.415522060395962 0.122080527899276 0.354213713421478 0.18103470144652
-0.257961070063895 -0.000737926526195512 0.162684693268049 -0.259599173255928
-0.262581580655908 -0.0565995815181354 0.123229115093932 -0.185128117588225
-0.198140689139799 -0.142095640407571 0.117646167365507 -0.160368242731963
-0.124994730986552 -0.18945660054306 0.0475415966374906 -0.226993862346309
-0.0522269874070292 -0.244502987326837 0.0382075723054223 -0.272895241893371
0.0170597065969658 -0.304853203842455 0.0665100902849731 -0.363875449267784
0.054804083476371 -0.353099637443275 0.0802741227063189 -0.391920727246867
0.0185506081915634 -0.394029826174164 0.00132751199986716 -0.383950027731671
-0.0837490714795719 -0.422882882347936 -0.089945008231616 -0.233469323064329
-0.2039947128058 -0.39099807519709 -0.161105023820116 -0.00164211056734431
-0.323986898335335 -0.255522246742933 -0.106356617398784 0.185128059464054
-0.388730807679238 -0.0781077263983998 0.0396559106302402 0.249051330790614
-0.372737591564569 0.0253139719236901 0.203425329999302 0.204259308934145
-0.354693273418963 0.115692020604222 0.346935326389248 0.128686663984383
-0.323289964684775 0.11983864840034 0.490727023953719 0.125235516652379
-0.134678588428059 -0.0180099682041006 0.253828239122557 -0.249057403068617
-0.125304685321669 -0.0311506703219297 0.151908295967989 -0.152157764439379
-0.0813874421418484 -0.0716515596821377 0.118948458178162 -0.116028410136815
-0.036277152863776 -0.0846031465436168 0.0384712976965254 -0.185465356264397
-0.00768582663562828 -0.114006912761787 0.0344570301673107 -0.235814646277248
0.019420677722421 -0.152796024229253 0.0791423706446468 -0.360475714534974
0.0394874195424768 -0.194868455718951 0.10304371961491 -0.461454244122814
0.0138802105868419 -0.221661516034827 0.00878329824695015 -0.507059073496592
-0.0467862452425604 -0.239350277272455 -0.131825983458739 -0.357345210204943
-0.117168994813956 -0.220545975948408 -0.228615005766536 -0.0725145125367368
-0.172953096916582 -0.14046529709324 -0.154510419373483 0.173266149726483
-0.202400440273698 -0.0239844352211632 0.0269950823261135 0.247187711252331
-0.202557187592389 0.033455573043803 0.243726771402382 0.180421161848908
-0.192178043110635 0.091466070082253 0.418326640136541 0.08988290117974
-0.177799717946792 0.0782452096742748 0.57146425669972 0.0861045788063478
-0.0137379217605478 -0.00275917083387989 -0.579798465773769 -0.0525423910790748
0.000761062640758747 0.0108140552041552 -0.449061095399187 -0.0254467308624465
-0.018155899580474 -0.015551562953191 -0.267720880555798 -0.11789884417353
-0.0168951990862566 -0.0138114502909714 -0.0552678780680381 -0.187620808796116
-0.0141530401885342 -0.00343541330447561 0.12222922728092 -0.146212021563625
0.00232973431481165 0.0158834073898568 0.18646359533497 0.0874752746075498
0.000240674426109053 0.0276783135842916 0.115115738301639 0.37380127068987
-0.000833005270129094 0.0204385911551975 -0.0196447892779185 0.536298969881373
-0.00725406832454336 0.0117916653314911 -0.07653721992827 0.496397866804358
-0.0103711594272321 0.0126505682305395 -0.0431369641759642 0.366147082250334
-0.0215364702843151 0.00848427851072073 -0.000768999602829962 0.236973105243885
-0.0295737809381299 -0.00229883638363208 -0.000708478109471084 0.167698117151401
-0.0211805391395693 -0.0133666663912518 -0.0856106327965221 0.115355134735568
0.00262527810707767 -0.00302325348608561 -0.141290220631847 0.110641303548232
-0.00238373357362382 -0.011941387242843 -0.240608104366134 0.257587261125286
-0.164759844630537 0.0615951713411994 -0.553789015365605 -0.0621586016201155
-0.181565399277859 0.0725772283189598 -0.424362160979038 -0.0491746024019325
-0.213647820663005 0.00758434335306532 -0.257233576826161 -0.143902636400011
-0.21374554129156 -0.0526374769215919 -0.0646446556148792 -0.209063383069528
-0.184553519599311 -0.126821580971846 0.104494992867361 -0.165577114265174
-0.103367365094657 -0.181795934889997 0.165457114390623 0.0622734650892723
-0.0431785396250376 -0.199090447706411 0.106324233580592 0.341694891390282
0.00455751456247863 -0.187573223906019 -0.0174203884040551 0.498302535042788
0.00908142609897687 -0.162750378130936 -0.0521445821935528 0.481762998502864
-0.000847782301027616 -0.126762336867028 -0.0230555244008452 0.379206846646674
-0.0417381076276318 -0.0940617324811076 0.00903000299804424 0.250913235891355
-0.084310892944282 -0.0959724194210122 0.00208187503425707 0.18138275467272
-0.0990975716181628 -0.0923686241304586 -0.080779246012478 0.131053262009376
-0.128308575085284 -0.0536444221093118 -0.128821594728569 0.124293889684956
-0.149973225439897 -0.0116072757764506 -0.199921660652429 0.261915195597511
-0.293973119524618 0.101419653355787 -0.466828706817838 -0.10819477166287
-0.344937704931981 0.096786052418619 -0.351568979451828 -0.112034219081122
-0.386054197777877 -0.00692413253675589 -0.211741928217357 -0.194455385968006
-0.377487103843189 -0.122172887838451 -0.066805436266137 -0.249760568232285
-0.310002506905855 -0.261584198358976 0.0704844114466219 -0.206076527652023
-0.168506918902019 -0.365367904683805 0.118728732667522 -0.010356278639928
-0.0592354085054939 -0.392699320258383 0.0822817946291119 0.237783567530986
0.00943630666641859 -0.368037917314621 -0.0132841266751095 0.383334762079416
0.00516600973060109 -0.331925333604632 -0.0183549761366314 0.419168047534264
-0.0244046319431241 -0.285223881042588 0.00747943100783423 0.378443029656805
-0.106035395078723 -0.22305801659627 0.0259089667282225 0.272409895378101
-0.191291655163893 -0.194356897072847 0.00566608127689336 0.21187172686907
-0.217750733397806 -0.15197749007529 -0.0672168820914334 0.167405860621319
-0.272641055855659 -0.0733791074884434 -0.0933546008486076 0.15926777844266
-0.286965367049871 0.00681199311279816 -0.109795546086356 0.268810718540917
-0.376138303492093 0.104235496582174 -0.324249314199202 -0.171756497871611
-0.451018559700447 0.0706601323600626 -0.228580099963803 -0.183130178362571
-0.483420105571261 -0.0652361621767435 -0.126120438169399 -0.243449286090497
-0.455492725884957 -0.209962065225492 -0.0487307292256821 -0.292944843655729
-0.345584249383475 -0.380550270163586 0.0392851028476319 -0.259128812346994
-0.165748864231831 -0.491930695184383 0.0695168716738816 -0.121427660326853
-0.0393426108789969 -0.513118829079533 0.0548293281528015 0.07760268413932
0.0137171025874826 -0.490321439239893 -0.0126135476086723 0.209517477309999
-0.0232360392848789 -0.469617168820438 0.00610991377277917 0.300365905546593
-0.0923562982266743 -0.434332224825685 0.0256714644904956 0.328040011876623
-0.226131751098713 -0.341852910573545 0.0360632125329909 0.272793367352305
-0.349270597252783 -0.252616217642019 0.0209600443829714 0.241613119924389
-0.362833340755477 -0.160267328189208 -0.024081240430156 0.210819321503401
-0.404268156798339 -0.0452913059627617 -0.0163944681676615 0.195033977083605
-0.39053653958892 0.045156601027951 0.0255020978041533 0.261835943522953
-0.395188839537184 0.0759640223139863 -0.151563420113503 -0.226069804893004
-0.467590935682291 0.0108675393282187 -0.0835772290306793 -0.224055276723539
-0.466953121844366 -0.137925578640653 -0.0163986122434161 -0.256666340693943
-0.410555069960718 -0.277386560550148 -0.00714510966719513 -0.308220104026585
-0.278506321704353 -0.428830753449861 0.0273146736228129 -0.29980704656251
-0.104613863528342 -0.523081438303112 0.0431527891351039 -0.240247941424226
0.00134128183930273 -0.539948049528561 0.0420534200486297 -0.10327940927248
0.0159108532237118 -0.539080243337543 -0.00962152472216084 0.00497920511860101
-0.0625153162325441 -0.543995273264185 -7.87495736926555E-06 0.132058194892017
-0.180531295704593 -0.518244298656826 0.0027860896552046 0.226555934280421
-0.351166548069302 -0.389000708081863 0.0153282581518245 0.244799683162586
-0.47714734863061 -0.231247100462824 0.0388278755966882 0.256003642142496
-0.469336160313067 -0.104817655538094 0.0517881525965269 0.235366984232925
-0.478046201448053 0.0227925521862335 0.101351902011902 0.203871564297517
-0.436729110995073 0.0916826595922674 0.189779194393541 0.230661640754035
-0.352457242488419 0.035158590264815 0.0194318267467903 -0.255643712710393
-0.392525396351 -0.0398987996600053 0.0435347909444594 -0.21920437503502
-0.350538611882135 -0.172739144411823 0.0737940170319174 -0.220330361684203
-0.271672660152256 -0.2702611016408 0.0321354266835267 -0.279660028618593
-0.157183046554476 -0.371807036280653 0.0315294015929796 -0.303731050192667
-0.0312850282530335 -0.447581029452145 0.0468551312412731 -0.3277356011112
0.0371942905465297 -0.478591294747902 0.0520493159308045 -0.269449341420076
0.0168902221088441 -0.50467597743249 -0.00598767638485549 -0.202258107924124
-0.0908904251198965 -0.529795953517409 -0.0381356631051596 -0.0589036940723081
-0.230591631520009 -0.499245189600431 -0.0705350853410453 0.104877555333483
-0.395907503149078 -0.349051999898235 -0.0391990939374951 0.21061383017648
-0.49923138728637 -0.154137675359918 0.0470805550944489 0.255488941064126
-0.473299801085348 -0.0256058930318499 0.137164601080955 0.228930204813982
-0.45901330837247 0.0926285393395585 0.235187550336165 0.174752480301032
-0.414206536910562 0.124135969087337 0.354398831705277 0.177408669503032
-0.257502201710214 0.000873963262316715 0.161057447938813 -0.258982861737239
-0.261893020841202 -0.0544145333579102 0.121684185272453 -0.184539289754101
-0.198955351306355 -0.140336150898709 0.11543292575946 -0.160666985586664
-0.125046055220523 -0.188444073651612 0.0453390185998279 -0.226418928214855
-0.0545693296533911 -0.244307844874993 0.0373052426895447 -0.27210869745773
0.0151853584026209 -0.305038912948401 0.0636472653783196 -0.363223389209088
0.0516969056774859 -0.352870981741678 0.0780677054750834 -0.39085281536032
0.0164010455313494 -0.393876840595504 -0.000405477337058496 -0.381917071269411
-0.0865828377440168 -0.420924536817184 -0.0902540035837701 -0.233149759372219
-0.205885104688525 -0.389427334789007 -0.159526190836098 -0.000966607819276235
-0.325379342126012 -0.253815028204608 -0.104727570337246 0.185752304665039
-0.388682924893006 -0.0767385490452661 0.0406885785717974 0.249260129393149
-0.370933949309988 0.0281093700514926 0.20616980230733 0.202621172946512
-0.352764299627231 0.116697180790628 0.347002684900353 0.125490824290681
-0.321515231858207 0.121748258059394 0.489820438859887 0.120019783363526
-0.134372644265028 -0.0173726570594334 0.25148503770078 -0.248756698400171
-0.124253512228043 -0.0302940241336636 0.150431630330251 -0.151149784002655
-0.0812933460470685 -0.071003868751404 0.117423217077402 -0.116160036307759
-0.0366555517422918 -0.0847902440673887 0.0374287899849695 -0.185035016056945
-0.00872379872920469 -0.114092247581397 0.0327979013821023 -0.235250430953786
0.0188214008178267 -0.152437029523434 0.0758564712549678 -0.361274449528124
0.0386521453869262 -0.194607877098662 0.10036897583755 -0.460655274205744
0.0131120909528703 -0.221946274530287 0.00620044731533859 -0.504969290022562
-0.048194657166807 -0.238287495704602 -0.133196691900218 -0.356159837261586
-0.118036274847445 -0.219312578661992 -0.227775264275242 -0.0714393219872709
-0.174016762405074 -0.139883026577573 -0.152516316381394 0.173791080054251
-0.202577867010775 -0.0234520700055249 0.0287215705324404 0.247281990016189
-0.202825911651015 0.0347471057475276 0.244928297781379 0.178574353278421
-0.190189465313925 0.0925912463334713 0.418338175881979 0.0859698127157305
-0.177061504597393 0.0790958238078549 0.570913409847153 0.0815008022501621
-0.0138080457329662 -0.00285494640483893 -0.580238940618158 -0.045490449878339
0.00100721389123564 0.0106423775489607 -0.449173589398579 -0.0217120110208071
-0.0181020063836466 -0.014749242477484 -0.267236516734045 -0.115531310296042
-0.0172915806952888 -0.0137572630217846 -0.0565769473382618 -0.186835593110887
-0.0138928119529586 -0.00369351130530909 0.121511585414669 -0.147000743880419
0.00322673377630757 0.0159140540414972 0.185580691278975 0.0860597757928611
0.000648508069912146 0.0276510401288643 0.115696403371249 0.372470903801849
-0.000924796151663297 0.0202038073379617 -0.0164586102903166 0.535484460733675
-0.00659560349026031 0.0114282007137144 -0.0742268655698693 0.49481660794213
-0.00969589452721973 0.0125296156972847 -0.039884092004431 0.365295357153189
-0.0217612156047779 0.00904887605988372 0.00126709583990392 0.236443396812817
-0.0297308839715995 -0.00152655513357075 0.00167325843674345 0.166715303248352
-0.021948475932461 -0.012949774361543 -0.0829757674311833 0.1150808412659
0.00235284700913189 -0.00342968270294726 -0.138891801102971 0.110042684505665
-0.00214629912592368 -0.0125480386183267 -0.237918356164212 0.257322202918504
-0.164428152299374 0.0630708727158615 -0.554306492657389 -0.0559706884614945
-0.180683613408517 0.0741863937886089 -0.424853653663979 -0.0452367232404993
-0.213074189503098 0.00947883053646654 -0.257788868690418 -0.141947823167208
-0.213727493518131 -0.0513861606077317 -0.0653662233323131 -0.207433370238562
-0.184335151077161 -0.125402459863885 0.103096616663653 -0.166012811670088
-0.104782689995919 -0.180591109124995 0.164856028611474 0.0605907897796252
-0.0446646649870172 -0.198762221068485 0.108076009192462 0.340983672896375
0.00428691181138533 -0.18729464813886 -0.0143540225033525 0.499377967188552
0.00824470198805295 -0.162128784371795 -0.0502315102178334 0.481107513641757
-0.00118188603495257 -0.126778089256562 -0.0204450134345782 0.37883299022644
-0.0413031385055563 -0.0933046753239233 0.0110731641178022 0.25039490190194
-0.0849920058675818 -0.0940946303665036 0.00349239085948218 0.181239818714924
-0.0995364643480728 -0.0906852937864594 -0.0787250880737733 0.130720730344652
-0.128250385920972 -0.0526200761383033 -0.127020412205685 0.12423212575227
-0.148937804969394 -0.0110505376088909 -0.196619850348635 0.260963753279346
-0.293452579546311 0.103292487209663 -0.466636204259935 -0.103173525166166
-0.343667895440224 0.0990097553524306 -0.352032025009821 -0.108959739719875
-0.38550172609328 -0.00447631590007485 -0.213105457883699 -0.193551817906444
-0.378449883106197 -0.118191149219108 -0.0682170362859355 -0.248578849906978
-0.310167448592282 -0.259978948063119 0.068494244405467 -0.206729796105491
-0.169715789166017 -0.363939975696449 0.117785586351499 -0.0113889618523219
-0.0607245210612002 -0.392051018824181 0.0831828799745539 0.236891087145704
0.00812163207460621 -0.366408599789287 -0.0118031885955534 0.38264727937105
0.0032102838981663 -0.330993030658197 -0.016461581531953 0.419858193467274
-0.0260517053947672 -0.285568843704029 0.00997103155392636 0.377420417796488
-0.10661126140465 -0.221980802226501 0.0279358584965918 0.272583751561933
-0.191924086578199 -0.192237524914083 0.00802281367828716 0.211766431434191
-0.218342371188658 -0.149758856136678 -0.0650258138774302 0.16710187638002
-0.271320710604026 -0.0715105800072758 -0.092080233152242 0.158658183627401
-0.286606537881335 0.00834594458495649 -0.106867776463446 0.267858959500446
-0.376067340841214 0.106566593645613 -0.324072138632923 -0.165278476374817
-0.449246788535838 0.0739377010205898 -0.22927889072387 -0.179993961329201
-0.48344683638939 -0.0617752124492874 -0.127644386659099 -0.242676608361296
-0.457303039995006 -0.207309492512882 -0.0512472962687297 -0.291376311436848
-0.347327768365837 -0.379117726630071 0.0373423802909201 -0.259313092099686
-0.16868885844003 -0.491862481160835 0.0685973402406475 -0.122422558456454
-0.0424567972525917 -0.512600374961001 0.0547089080119239 0.077356303663427
0.0104890585085364 -0.489525658298427 -0.0113698459204462 0.209151745971754
-0.0264699931192673 -0.468309465566829 0.00775050801946224 0.29981285210876
-0.0962329082975928 -0.432293760464647 0.0291824355091599 0.327693189700468
-0.227991693202829 -0.339356849344249 0.0384326009813914 0.272561911755131
-0.34996603986092 -0.248788089436407 0.0230794606825601 0.241170166959176
-0.364784546552731 -0.15712745554549 -0.0218637249964437 0.20972213573302
-0.403101026650424 -0.0421139383504895 -0.0151450995461705 0.194026161148908
-0.389972087555994 0.0464859033143135 0.0274663563607565 0.259832616840369
-0.394839978915608 0.0790464338153224 -0.152835920749539 -0.222598407814681
-0.467077982672686 0.0146416141807798 -0.0838867493522348 -0.22223015346146
-0.467784319879385 -0.133740173144515 -0.018813854554217 -0.255621617451721
-0.411373942002922 -0.273415494721249 -0.00979101320781382 -0.307148584340085
-0.280594849765789 -0.425569188221456 0.0249300786329316 -0.300443708712988
-0.10835859108166 -0.523730066941529 0.0411363324401154 -0.24167712065858
-0.00232933596000105 -0.53989615524901 0.041533005943377 -0.103242472818973
0.0133869831460515 -0.537542455745069 -0.00967439555848126 0.00462798409827623
-0.0653860377948752 -0.543348794741159 0.00100622949957359 0.131516031405087
-0.184467977079648 -0.515276617231482 0.00392367362352576 0.226730296860589
-0.3525095866615 -0.38636264965543 0.0176332252565795 0.244907513474757
-0.480258183234192 -0.227233273402463 0.0408355532535175 0.255551463894852
-0.469925572119644 -0.100761780148232 0.0542208230653948 0.23434763804118
-0.475876603342217 0.0268450840206983 0.102423985634637 0.202083219052954
-0.436081986541574 0.0949893632353913 0.190865482561989 0.227525034043787
-0.350704241649619 0.0381123097862553 0.0170061275429151 -0.254192316048065
-0.391550717405625 -0.0362295833692471 0.0422617907314572 -0.218423603543413
-0.349206965924285 -0.168233809303208 0.0723912426430306 -0.219974242673837
-0.272867554068397 -0.267895485998208 0.029198511740355 -0.27903269731139
-0.157715015151511 -0.371267425413315 0.0298941745777287 -0.304081529456515
-0.0337935581351874 -0.447192238845519 0.0438804802865545 -0.328227844824447
0.0343987145718393 -0.47863291337889 0.0515723366763514 -0.269028831758923
0.0138733814151687 -0.504093440886015 -0.0066157696584859 -0.201843948506104
-0.0928266674969033 -0.529437194414132 -0.0381733932838065 -0.0588159803326612
-0.234178588141455 -0.497925968107239 -0.0691670728494109 0.104996318404699
-0.3978250722039 -0.346077508041082 -0.0368799152525921 0.21070933404643
-0.497866618911419 -0.150955307891489 0.0493534672082431 0.254541622818073
-0.472791468801196 -0.0213995594547574 0.140334215666631 0.227354009976987
-0.456989598786811 0.0951228523754777 0.235515630136816 0.172856231747862
-0.411353565250535 0.127479096014619 0.354903940925254 0.171957835806025
-0.257070427224593 0.00197118170180825 0.157798463634918 -0.258032656815722
-0.261096607778743 -0.0531953384224594 0.119399999547169 -0.183396891293111
-0.198695445766359 -0.138202051371759 0.113767352399246 -0.160864013088323
-0.126000043693832 -0.186836098676499 0.0421606761270151 -0.226132588798237
-0.0552387004259975 -0.24366388443311 0.0351967221411635 -0.272640469284518
0.0130683407857517 -0.304786007052977 0.0604816327072553 -0.362983771292198
0.0506671389553198 -0.353169682715678 0.0751138321719747 -0.391175485966071
0.0144405646948806 -0.393696728768911 -0.00221234387046177 -0.382157565214459
-0.0879087695752603 -0.420045991035606 -0.0905232814571855 -0.23209528863298
-0.208992019156775 -0.387716109488777 -0.158419825725429 0.000452472708056321
-0.326802301052999 -0.251749083114172 -0.103183368338072 0.186729381419666
-0.389238157304921 -0.0734121607075817 0.0430300365660783 0.248574232645934
-0.370128394638703 0.0311464716542227 0.208069439019553 0.199282387820497
-0.35084181136363 0.119960753685699 0.347238879169283 0.122297852858761
-0.320595382497121 0.122748511119937 0.489688657499979 0.114769487912227
-0.135012427771438 -0.0166329340274475 0.248149883954498 -0.24980576138045
-0.124349265136834 -0.0293925922739265 0.148515038085722 -0.150603067895298
-0.0823276907157081 -0.0696973470123263 0.115714917732287 -0.116341958093681
-0.0369233493236511 -0.0842291278990503 0.0343243140883972 -0.184278852605949
-0.00948281950129806 -0.113289133576471 0.0303265481737215 -0.235493330494972
0.0178236761870826 -0.152320574318878 0.0727033591477146 -0.361283686120418
0.0375679497873276 -0.194668382908063 0.0969713193765505 -0.460675702798323
0.0119080258719479 -0.221362774469479 0.00462913880606944 -0.504879044196958
-0.0485672743268695 -0.237346343438416 -0.133843124690888 -0.356329675470133
-0.119886782886456 -0.218686689683295 -0.227241962624851 -0.0693614356753116
-0.175120571266368 -0.138467232067689 -0.150632141700194 0.174529077037472
-0.202741634277542 -0.0220091687035541 0.0310231043186313 0.247688245138331
-0.202156679033988 0.0367653667283098 0.246618281904635 0.175532906603367
-0.189203559006905 0.0934793338340542 0.419173365031028 0.0823708243279205
-0.175409507285407 0.0801060398271399 0.570882715199377 0.0762259937468921
-0.0138785493447274 -0.00242440105320861 -0.57986924955023 -0.0402882520758074
0.00157474322526023 0.0103756961175259 -0.448586756841955 -0.0164491919579526
-0.0183634428197911 -0.014713942458892 -0.269045738229227 -0.113089128217233
-0.0175402634629314 -0.0134691249931516 -0.057596905101089 -0.186062573638483
-0.0135062925295382 -0.00295141592285541 0.119654561885896 -0.148639026240944
0.00393430111075978 0.0160584734227885 0.185553381930011 0.0845147406369744
0.000886789261375986 0.0275362289761071 0.117702637811742 0.371023665654897
-0.000421110073680699 0.0199752061232221 -0.0136099047184129 0.535063102071969
-0.00652631539552036 0.0116026411832358 -0.0709477807954395 0.496080427684445
-0.00990645847400111 0.0129269640103615 -0.0383780575983868 0.364657831924808
-0.0214204708113097 0.0090887596041356 0.00215480528849607 0.235852797690402
-0.0297773231860396 -0.00117729700813275 0.00344056438596697 0.166884823539116
-0.0215931872459716 -0.0118167594356705 -0.0806473395782898 0.115639416694026
0.00321169233588844 -0.00371961627134815 -0.137214996100756 0.110427369568187
-0.00279964986157076 -0.0128183600945999 -0.233417643655419 0.256780545470951
-0.163662247394297 0.0643468651735851 -0.554899620020546 -0.0513052999196124
-0.17970896347709 0.0749152847149345 -0.423611740004807 -0.042628666625489
-0.213188053850589 0.0108087467625171 -0.259113622239091 -0.139388491320879
-0.214257082402109 -0.0496118500417863 -0.0672374003487163 -0.20739630538924
-0.184971186453714 -0.123567741334368 0.101006288355674 -0.166606507903004
-0.105179383903438 -0.179804825335817 0.164309370280909 0.0590749512808591
-0.0452955297096881 -0.197931519816973 0.108727755202421 0.339999815119717
0.00363226904961223 -0.186671614774126 -0.0117241552169485 0.498206699990602
0.00727753401736549 -0.162104636076688 -0.0472822586742303 0.481171343174714
-0.00231782361448558 -0.126524378555026 -0.0170375487505103 0.378981901334682
-0.0418414035911568 -0.0921833218497013 0.0131436032744315 0.249887292239243
-0.0853045451832425 -0.0931109757559349 0.00566411593725166 0.181022677416743
-0.100646409970934 -0.0898585313020012 -0.0769503041046504 0.13115795252996
-0.128123928383646 -0.0518877640671614 -0.125446721927314 0.123725571015025
-0.148916083084433 -0.0107441231594316 -0.193669003609551 0.26049001051481
-0.292411610698886 0.105428306733881 -0.467101709450646 -0.0980699671748495
-0.343273148583673 0.101375465700278 -0.351402985659231 -0.105639412788162
-0.385011874131353 -0.00179101464520169 -0.214525133647612 -0.191543023093432
-0.379396886136084 -0.11672454100871 -0.0695707828168645 -0.247851374226817
-0.31141885120496 -0.257842390825972 0.0671600708673336 -0.206936739701966
-0.171525808821194 -0.362973619365293 0.11722373232366 -0.0129827375064282
-0.0624824883985249 -0.39115468516244 0.0835501158665929 0.235735247135006
0.00669776919146958 -0.366035651008008 -0.0105513915512059 0.382211205854139
0.00209381993192292 -0.33058071851319 -0.01385617396342 0.418211621010863
-0.0277704933708685 -0.284131492337623 0.0128346117578417 0.377189991213048
-0.10776017845035 -0.220535231461069 0.0302843372492333 0.272365044481319
-0.192126429511125 -0.189357837628082 0.0105208683270203 0.210886009929524
-0.218833777903955 -0.147914060933452 -0.0624119873282708 0.167265937498262
-0.271343946210212 -0.0696136925881935 -0.0904226326435836 0.158542959073323
-0.285302781309963 0.00974056853720742 -0.104182144741469 0.266050544493581
-0.374427463029087 0.108865052221443 -0.32392962523435 -0.162994422986109
-0.447610245092329 0.0770833727252377 -0.229672314432468 -0.177443980836975
-0.483618361612699 -0.0577838429336291 -0.130000713609254 -0.24073953693751
-0.457763895544631 -0.20319745991443 -0.05258901359166 -0.290494217501978
-0.350150584402864 -0.375535064261767 0.0353443665039994 -0.259819292465166
-0.170428337298549 -0.490677747458698 0.0666115297844259 -0.123525366359445
-0.0448671762614935 -0.512059458799954 0.0549348454219141 0.0776729456428598
0.00975181764587466 -0.48793333999094 -0.010611382301821 0.208721919709392
-0.0284883891540954 -0.468244014761315 0.0096233532908028 0.298860905224116
-0.0985486825692207 -0.432050553908435 0.0318968566260582 0.327575885126863
-0.229859365522686 -0.338631045015078 0.0403934090611487 0.272855994696416
-0.349861383879585 -0.247332514110228 0.0252714054181232 0.240579448300258
-0.363688707723609 -0.153562381524217 -0.0189289769810033 0.209271741492332
-0.402584808321715 -0.0405027116824265 -0.0140766654584067 0.193492336364013
-0.389094349556691 0.0492777419783212 0.0299281980481939 0.257458692911074
-0.394065529499397 0.0809413865046148 -0.154204537113657 -0.220209577632617
-0.464809584570372 0.0180236601625666 -0.0858817099154039 -0.219366708501305
-0.467915291072663 -0.131397991088621 -0.0211435886044765 -0.255422528269624
-0.412191383116727 -0.270822257287498 -0.0133459780637978 -0.306174012304754
-0.283539735686605 -0.423471915182285 0.0236453705078921 -0.300145872860166
-0.111630162153178 -0.522064868305117 0.0396995951062274 -0.241463223291221
-0.00521048424505334 -0.537902682689482 0.0408099328269284 -0.102934031105364
0.0110057322806785 -0.536590674747078 -0.00975774686663142 0.0042989045725765
-0.0685524332882414 -0.542582355493112 0.00270464211196043 0.130993293466336
-0.18652776505288 -0.515006074977261 0.00583640887512554 0.227150210745081
-0.355127797148834 -0.383492149545908 0.0200465162307154 0.24587409853303
-0.479091243830689 -0.223978503746914 0.0432188185545733 0.255198474201759
-0.470084038113688 -0.0971362905252433 0.0561775643161573 0.232458248039969
-0.47635994960452 0.0293889003881974 0.10378483074323 0.201332163057119
-0.435077419924447 0.0965789789774018 0.192321290995818 0.223903305109549
-0.350928339456015 0.0405112081637965 0.0157649012884816 -0.252252793846256
-0.390950807798418 -0.0343464054329163 0.0402578753975928 -0.216615870079932
-0.349069512744603 -0.16639715224493 0.0701602723658942 -0.220026996436254
-0.27273017791088 -0.266506384946729 0.026355018330613 -0.279080585605902
-0.159993444971625 -0.369813370462216 0.0278903836975856 -0.304860116247313
-0.036273446067319 -0.446467990901909 0.0411306196101659 -0.328039023761681
0.0322065748814891 -0.479138855491675 0.0490373711275518 -0.2676783249764
0.0117011961829938 -0.502949628482914 -0.00794517817253441 -0.201820112362619
-0.0968368307677645 -0.527896934189154 -0.0373174858266989 -0.0586461959966652
-0.237503836569271 -0.496824340747725 -0.0672424071701905 0.105476072902142
-0.398155321769458 -0.343301105124627 -0.0353024261714696 0.212029364607093
-0.498636160685201 -0.147185804396385 0.0515741735048119 0.25434993622899
-0.472620475412408 -0.0173547440170187 0.141903373666279 0.224678790890794
-0.45475076451852 0.0982531683782431 0.236407682319423 0.170503846537996
-0.411350251203725 0.129033275169167 0.355088145553752 0.167991831773547
-0.25736044041792 0.00349067010716233 0.156481161754261 -0.25719376555951
-0.261425680254806 -0.0507929978214172 0.118570123696542 -0.182143889531129
-0.198771739652947 -0.13717776319901 0.111541147228206 -0.161347279945307
-0.12659019930362 -0.185283286977829 0.0399791182714372 -0.224888867204136
-0.0564549562765806 -0.242537716561607 0.0330651799881192 -0.271771217828435
0.0113875558261004 -0.304631269751219 0.0582875171986844 -0.362807676381779
0.0482101743953 -0.35328526543327 0.072513830523874 -0.390220428302211
0.0126953164115714 -0.392951150259003 -0.00444732234991802 -0.381448389774178
-0.0898214869451981 -0.419399089689184 -0.0911935740181556 -0.23204671700238
-0.211338869217415 -0.387570326380411 -0.15788296083855 0.000616988872377382
-0.327381471579065 -0.249443442659361 -0.10033024433297 0.187778096807949
-0.390307182978151 -0.071841139018675 0.0460224360083005 0.248384497275391
-0.371040987253133 0.0329907514785927 0.210066041225429 0.197946062738427
-0.349005072982458 0.121308784935375 0.346808998782225 0.11915662439957
-0.318252030270214 0.124670280761321 0.489647509076462 0.110638166421921
-0.13479454671986 -0.0159701629925031 0.246152288860456 -0.249947649495784
-0.123445845516706 -0.0289781710060026 0.147290173813271 -0.150125949487322
-0.0815264147172576 -0.0691182894492518 0.113943541563507 -0.117427756736193
-0.0367819119178282 -0.0839826611618873 0.0325373784859507 -0.183524988947593
-0.0102324581616027 -0.113420624979691 0.0286662458916921 -0.235392594154066
0.0164284398309699 -0.153378570376816 0.0706923428098456 -0.361472977767663
0.0366801118413685 -0.194759618263818 0.0944408723466088 -0.461288962652378
0.0106730905520104 -0.221445351996017 0.00123855532781279 -0.504294656075593
-0.0493532723703168 -0.237593684605722 -0.135125225354713 -0.355199345147468
-0.120944353842079 -0.217517333487364 -0.226289834387245 -0.0688593526395589
-0.175866281607476 -0.137610930026911 -0.148625485188186 0.175999153092147
-0.202506834436568 -0.0210215049644185 0.0331535914431059 0.2470392208128
-0.201830864682373 0.0377116595100079 0.248164963197835 0.172950219756225
-0.187985234149582 0.0942838950643766 0.416721749135741 0.0784479774523124
-0.175122334241348 0.0806743340790215 0.57088934892113 0.0709667844109531
-0.00727723135323187 -0.0097206580848538 -0.563873334808756 -0.15359009894501
0.0044143874378892 0.00468020218453349 -0.437338406923306 -0.104946043813495
-0.0111183890864792 -0.0195334465722515 -0.236950047643903 -0.165431801168462
-0.0115024048944794 -0.015086148825125 -0.0176706924653194 -0.193789395089871
-0.0130557092666387 -0.0033029897140464 0.146367353017718 -0.120642768460234
-0.000710962790789074 0.0162000420309135 0.163314443176134 0.122127150998861
-0.00197165492405859 0.0264259691530017 0.0337258480193467 0.392625718832033
-0.00381085177065415 0.0188614845108568 -0.128691331093028 0.517729800583641
-0.00904176009222244 0.00844578005090004 -0.175351136144918 0.466836843276209
-0.0111023439252184 0.0101537756766587 -0.117373365470976 0.344050714942896
-0.0225345276338672 0.00481496757585192 -0.0478784347001519 0.230223431029523
-0.0272968347923902 -0.00701254107808755 -0.0326636570851157 0.16389842300316
-0.0187124519396327 -0.0157834721924707 -0.104022886924382 0.0973021219913875
0.00424465042790659 -0.00174163850541313 -0.159424203357685 0.0803638691743121
0.000762123652871254 -0.0135903850480638 -0.293251386873576 0.203063340207202
-0.164813397223622 0.0230290387915066 -0.538833652685085 -0.159803255745123
-0.181989116940712 0.0326699221935274 -0.409157056444101 -0.130934637363805
-0.204222297964924 -0.0330491409684781 -0.222163551618069 -0.19467216188958
-0.190796307778679 -0.0878766266278921 -0.0219389584905473 -0.2203880354652
-0.152749249740014 -0.154299403306467 0.135466053929356 -0.140260506459329
-0.0651263389626595 -0.196137300920238 0.152648307011623 0.0936972486515383
-0.00168566112531 -0.202413951287103 0.0348085173482698 0.358651803755682
0.044479350943858 -0.184723251591462 -0.119624168428586 0.480385949056973
0.0440708468172788 -0.156924234364594 -0.147644200362308 0.459617191012166
0.0267157017603198 -0.123027323571221 -0.0980567911283466 0.361468066507281
-0.01964992382128 -0.0985226532188472 -0.0423046052808292 0.243078848696733
-0.0588277530546153 -0.10716321572122 -0.0362004473024515 0.176148849050119
-0.0770113980419261 -0.110550278685804 -0.105426445431615 0.110476876589449
-0.112542967487876 -0.0777041909261138 -0.151431341893331 0.0942151547038749
-0.14294115302275 -0.0446903348015185 -0.254967395693705 0.216713272793633
-0.297735770393921 0.0366816370907525 -0.444536405028522 -0.18842536678579
-0.342377500697136 0.0284294166024085 -0.324758823970854 -0.18511496130685
-0.36710508839258 -0.0798433307268824 -0.167477267104316 -0.241292888302431
-0.333147735683159 -0.1835990652213 -0.0156271350581102 -0.262956582317697
-0.246998042060186 -0.30900468355275 0.112115296961188 -0.18443069001764
-0.0918163539896766 -0.386273396851339 0.125812210678555 0.0141758664920219
0.0194564604723911 -0.39335892596996 0.034543386138283 0.248875679118172
0.0857392869306008 -0.360940457830531 -0.0929015546184575 0.370189511167525
0.0758445210506267 -0.321488974167967 -0.100762914320605 0.40185880307136
0.0358693610390295 -0.281688737131301 -0.0680949827844291 0.363638536467709
-0.0549874521323788 -0.237762294092895 -0.0319376422673359 0.264867432447386
-0.13969306762832 -0.224656499510868 -0.0416431640782112 0.203825327786105
-0.179474909350163 -0.195513242297999 -0.10306101324066 0.147202811528467
-0.247752867975291 -0.128042856978531 -0.125352014353794 0.133500777582203
-0.281350375100197 -0.0555517779079886 -0.167328941184059 0.24337903551644
-0.377118264612282 0.0246867207353035 -0.291997136549605 -0.223723556434894
-0.438509813214518 -0.0143057916783715 -0.19061775354141 -0.2350730834514
-0.451215168462006 -0.151508825430525 -0.0723222932137184 -0.274399156339251
-0.389843341737677 -0.281655888003254 0.0123024499066353 -0.303150288832877
-0.257877191553323 -0.430745552509687 0.0924389930250646 -0.23951775089279
-0.0642065250970111 -0.508452484789302 0.102023384626384 -0.102845280558254
0.060851923209068 -0.506689338404538 0.0426035131334041 0.0854090968615001
0.113700673208074 -0.480414118885059 -0.0558907473163144 0.201259126322817
0.0778968189178844 -0.461727335660837 -0.0515562847690352 0.2915674971038
-0.0015403757467671 -0.44115305346974 -0.0394500320610897 0.316795758165925
-0.147388281525288 -0.37985383420769 -0.0252572694259304 0.262970741061099
-0.278911281664723 -0.315537317647018 -0.0383058785151905 0.234818914754977
-0.319173743968575 -0.236038280647144 -0.0740501742527807 0.197767996472903
-0.381646706421403 -0.129362001434869 -0.0584348560922105 0.183097607663203
-0.390612648798565 -0.0403095161461194 -0.0309558374977931 0.266219704575964
-0.391112807660864 -0.00375324321324624 -0.113871574168152 -0.247215931514561
-0.445868518927413 -0.0714336327555114 -0.0375417350304951 -0.248331419374993
-0.42130188515808 -0.217541579379491 0.0383301749851157 -0.265102565660768
-0.333112025581976 -0.335781867347447 0.0547789690583907 -0.310466748005796
-0.18323863632228 -0.462753717795225 0.0872961999135626 -0.281378727495176
5.43064707149874E-05 -0.526813734047627 0.0996138558559696 -0.223360872129457
0.104903591151443 -0.525827625941673 0.068724870837466 -0.0952849890539212
0.12566603967483 -0.526063274598469 -0.0113241841591805 0.00259248012455076
0.0536774659008737 -0.542320923436121 -0.0218076648641351 0.125492686348672
-0.068602593492206 -0.539672473532945 -0.0421739009643008 0.211613285979835
-0.259856035200329 -0.452761098572998 -0.0436643076708137 0.231396966744198
-0.406325734586251 -0.324709783093966 -0.0286605767124933 0.254423122243075
-0.435671090994968 -0.207596831806299 -0.00667029835429424 0.239945482871716
-0.468547526410688 -0.0789312738009867 0.0552931481892836 0.217024954912453
-0.447753527304557 -0.00389881706920532 0.14061973681259 0.270214320294178
-0.342582709253007 -0.0326764949714321 0.0606681074579396 -0.245257178525498
-0.365237697085178 -0.104999965513585 0.0870079009642662 -0.217286288330654
-0.302326318029064 -0.226273716494466 0.119851590723819 -0.208790888686562
-0.202707217894899 -0.302612820875815 0.0874787427795308 -0.271961748066301
-0.0764682026560587 -0.385202025537801 0.0905346243675375 -0.285720703752177
0.0578329357664291 -0.436895480106031 0.117484492874639 -0.308198482774828
0.128104176242295 -0.459859870819703 0.113099318989724 -0.25509258863979
0.118602458221163 -0.492704635930418 0.0345165136767278 -0.19723627720693
0.0226186389983878 -0.53311781200802 -0.0195364727104177 -0.06812766289257
-0.122462471682988 -0.532067372914533 -0.0878561888411424 0.0784867175193324
-0.311963091108497 -0.424670613976534 -0.0915294826826121 0.188115312743254
-0.442029953745137 -0.255126949961058 -0.0215667628560944 0.258022022299539
-0.458123295684237 -0.129212542128653 0.0794062113226321 0.25238610641211
-0.464089061839085 -0.00755436943400529 0.193920180355797 0.214831212260457
-0.431134476485894 0.0338380468849774 0.318598974008178 0.251955301267301
-0.246433678029082 -0.0460810390487736 0.200812630718019 -0.223827629998418
-0.238171136268843 -0.0952960894566583 0.156368671876288 -0.163963333644225
-0.163438682120997 -0.168790982988521 0.146427843875117 -0.13874206691227
-0.0812616075977818 -0.197776552592623 0.0878856221222047 -0.214129621490196
-0.00350431669717709 -0.241098512204074 0.0873518805224176 -0.254919955488182
0.0741011496996095 -0.289933536796056 0.13780118840763 -0.341525737998055
0.117400677139917 -0.334549505840795 0.163061773580337 -0.369351160677104
0.096157665842902 -0.384219244733166 0.0770767282775899 -0.369691230444683
0.00614069496217943 -0.425583341205053 -0.0360648178374668 -0.248541816546804
-0.122115427106601 -0.420137971065454 -0.152802905295044 -0.0405428619513106
-0.264504757301537 -0.316798921987056 -0.147373643337479 0.152574524654845
-0.355080317179856 -0.157718469060698 -0.0225352470773242 0.252962829948077
-0.370476294201501 -0.0559532053972675 0.154994628814579 0.241395341383467
-0.365349843667657 0.0384919999051842 0.316439012356892 0.189626341905612
-0.339826744440058 0.0508618177736614 0.467198082255283 0.223716745989023
-0.125877120832422 -0.0391174436006031 0.289197928887314 -0.197973443843956
-0.111864213566827 -0.0482838866244336 0.175105287574702 -0.121272980574644
-0.0647918819581616 -0.0801551988523668 0.136589098717045 -0.0916582083559811
-0.0170064021007127 -0.0850719274937352 0.069114195553237 -0.173525809533105
0.0143748007333062 -0.108058604401934 0.0744085842429477 -0.221407719018453
0.0469054519490817 -0.141731818492257 0.147451283705763 -0.337713403015219
0.0722869664805694 -0.18296627698704 0.196566829431239 -0.432071307831207
0.0575050660179833 -0.214967799053444 0.109307554756072 -0.488656235203016
0.00524845185988275 -0.240792703833012 -0.0546361146519117 -0.376456590809815
-0.0704740935117069 -0.236113859544299 -0.20408555823042 -0.120146504938785
-0.140049256724975 -0.173793591071476 -0.186483356626444 0.134888351892486
-0.186739373498354 -0.0659573080845963 -0.0276794823194353 0.249936254251689
-0.205213177738213 -0.0109673650831927 0.203852366665073 0.224207992716668
-0.201952152942669 0.0479907377888424 0.397391688369852 0.165562892580472
-0.189514799748784 0.0396233932372038 0.559734085852549 0.20315774263495
-0.0076295475625368 -0.00979541225568653 -0.56572756923703 -0.147370807897792
0.00492013695057906 0.00423050833598321 -0.437074040711702 -0.0982746699539726
-0.0112690987052892 -0.018842352413004 -0.23816046316018 -0.162943975536437
-0.0122624288021983 -0.0144008047599275 -0.0192492594203307 -0.193257502520881
-0.0129613970611272 -0.00295371861144896 0.145279627703625 -0.122280688955594
-0.00045897794109838 0.0161485816706099 0.163403952301203 0.120478287473965
-0.00206992937249059 0.0265779756880728 0.0362586884136996 0.391517562204927
-0.00341084353676972 0.0188990148907126 -0.123676349900624 0.516654849745866
-0.00825640897582452 0.00800067014829117 -0.173190673640973 0.468541502965242
-0.0107365922538806 0.0100851079759161 -0.113216427464625 0.344599930653993
-0.0218551305135467 0.00511876268137384 -0.0460807213295001 0.229791444118395
-0.0272639366260713 -0.00667479904490113 -0.0301960297043088 0.163871356720146
-0.0186764117065235 -0.0151043822026503 -0.101709660104686 0.0976364773126143
0.00459567204165941 -0.0015558085827599 -0.156946653633759 0.0801569396566393
0.00106730664761534 -0.0139141229424254 -0.289477577922096 0.204263012308756
-0.165211721255653 0.024251959706416 -0.538087246918291 -0.152521745297584
-0.18058686013426 0.0330682737591999 -0.409633401607722 -0.125943354152195
-0.204173176631373 -0.0314975086599746 -0.222986211357415 -0.192151067618415
-0.190831500327258 -0.0865002826295184 -0.0232906172989063 -0.219075311058333
-0.15350109583941 -0.153020414644315 0.133969937310774 -0.141478718050015
-0.0661219830550768 -0.195290641108483 0.152285787367373 0.0915023299202689
-0.00283755619183548 -0.201657557461886 0.036358685750512 0.357548872207658
0.0438182961642224 -0.184528610671918 -0.116180427862795 0.480310298793159
0.0425447349538028 -0.157111893214543 -0.146225741219847 0.457857964573213
0.0259710824836195 -0.122532389696653 -0.095132618015847 0.360521781324378
-0.0196713486927547 -0.0977264777261178 -0.03998690013033 0.243403223002172
-0.0592755994932117 -0.105602367039387 -0.03349880947549 0.17590310616286
-0.0780111821797884 -0.108732981653568 -0.103235411307769 0.110654788327397
-0.112044681557722 -0.0769134010385891 -0.149488592426762 0.0940730493465809
-0.142671249882238 -0.044033094473357 -0.251829068537051 0.217579257574055
-0.29670893456323 0.0381833366409874 -0.445282458856712 -0.183601459894943
-0.341209345951378 0.0313697891808418 -0.325920065306142 -0.179846151892608
-0.367049366808178 -0.0755733836361104 -0.168468754350776 -0.238360003831379
-0.333120808115392 -0.18086709448577 -0.0174250846828152 -0.262657125419912
-0.248870360423784 -0.307267390910597 0.110172177244661 -0.185463904792568
-0.0940631794513203 -0.385589836135571 0.124447145089352 0.0126900039539044
0.0178206087235273 -0.391810846712717 0.0355691128616156 0.248384739793873
0.0833296059567104 -0.360410626420556 -0.0903444565988855 0.368720370912026
0.0734987893450115 -0.320439802595904 -0.096982244941632 0.402072238363854
0.0339194121126221 -0.281605060059884 -0.064409518088455 0.363914285577012
-0.0562818500801269 -0.236202102281476 -0.0302154365494638 0.264824576136174
-0.14063461847172 -0.222393884903985 -0.0396524295493248 0.204185608307939
-0.180461889382599 -0.193588195888501 -0.100711223811622 0.147877825671025
-0.247750559304944 -0.126036698212429 -0.123628169444976 0.133602267984942
-0.281097582270739 -0.0542202067663914 -0.163472382827065 0.243122389292032
-0.376963467861468 0.0270277570091717 -0.294246259169997 -0.21900155770294
-0.438441601756193 -0.0101654319672363 -0.191002352339739 -0.231250842180786
-0.451794091203 -0.147436312821141 -0.0748445915689911 -0.273397280507331
-0.390985767305071 -0.279594912085573 0.00985285264012048 -0.302454643471096
-0.259483393498658 -0.428286319371449 0.0905913677024513 -0.240444151398342
-0.0668994539878078 -0.508219097967253 0.100007601935486 -0.10425898716788
0.0580515891478959 -0.505790819499158 0.0428326073013478 0.0851194111650189
0.110295206257736 -0.478970017456838 -0.0544751440441605 0.201525681796636
0.0740503954680211 -0.461004377135793 -0.0489013113127144 0.291088878298016
-0.00310920192494773 -0.440241798262541 -0.0364462934876776 0.316448767562001
-0.148807327495434 -0.377371389450252 -0.0234355978341704 0.263822202587812
-0.279036433449413 -0.313123059970471 -0.035978975365327 0.235324959113917
-0.320930185688296 -0.233645334753595 -0.0708418242454224 0.198032102259526
-0.382122387406956 -0.125833300519492 -0.0564894781861742 0.183176789030612
-0.390557206671457 -0.0378527977381982 -0.02793502016968 0.264576772275812
-0.390682854620083 0.000299976811091137 -0.11493919561457 -0.244412139112638
-0.444783237082331 -0.0672386270805192 -0.0391601748405455 -0.246962935666416
-0.422028841019989 -0.212813698518447 0.0359663155425921 -0.265237034791936
-0.336460426909176 -0.332126554015837 0.0525895671659634 -0.309555934828446
-0.186506775042799 -0.459483548139483 0.0847473006723892 -0.281432019112212
-0.0035015828652559 -0.524964459942289 0.0966423840954689 -0.223944704232103
0.101317477555399 -0.525150714300759 0.0677706261578961 -0.0948288569520721
0.12167713592927 -0.525726275228286 -0.0118958752972094 0.00318734872691554
0.0513400706101416 -0.540262969577448 -0.020527746614933 0.124800056491463
-0.0717495973951048 -0.538214205850086 -0.0396830335466831 0.211689386334942
-0.261610472875234 -0.450482784898609 -0.0410604817185354 0.23191269464967
-0.408393027073575 -0.320866083178058 -0.0262260184844754 0.25492143812752
-0.437773581143511 -0.20375660535379 -0.00441366308374175 0.239252405873632
-0.466736610326375 -0.0745496864133204 0.0566366150463412 0.214955770880542
-0.446183159512123 -0.00103384269054789 0.143090516729874 0.267076436696073
-0.340716499584426 -0.0292491970901084 0.0578382607979163 -0.24422067644619
-0.364053169018852 -0.102377319776608 0.0845240300280877 -0.215737213025169
-0.302577544606385 -0.223904597014235 0.11715355317687 -0.20887697303048
-0.20504989334371 -0.300875557967329 0.0845688828294979 -0.271123042337613
-0.0786830197804305 -0.382810826452814 0.0881161977267819 -0.285453068486143
0.0550698353909524 -0.437701697568783 0.113353033975866 -0.308581203540827
0.125430986100421 -0.45901304253602 0.111259199960668 -0.254644491403951
0.117175095807873 -0.491946910887731 0.0335111077900477 -0.196936329340062
0.0206976003639277 -0.532410615136937 -0.0196825123884224 -0.0682755515467907
-0.124945077364292 -0.530647313471504 -0.0863907174814557 0.0789641212990404
-0.313460072119487 -0.421954985386448 -0.0897581121343764 0.188663260532118
-0.444169280532561 -0.251651427905146 -0.0182260801103125 0.257909167580835
-0.458590612388373 -0.125575894750799 0.0820828681478294 0.251006827322836
-0.462197914866626 -0.00484095105265876 0.194579167683869 0.212558119949452
-0.429864881315409 0.0360307793676588 0.320067999610143 0.246896059802518
-0.246033190797658 -0.0447170951835981 0.197655827036538 -0.222984286451797
-0.23790154820575 -0.0936052541892619 0.153495836853179 -0.163750857388943
-0.164091529240798 -0.166361967433616 0.143637691203943 -0.139318457259765
-0.0818271577554185 -0.196917633204523 0.0854494122649474 -0.214053792168435
-0.00506319017829214 -0.24097020588489 0.0848134984310556 -0.255776444442754
0.0713986470651079 -0.290036553545655 0.135528942870103 -0.339992001285402
0.114925592398557 -0.333530707277621 0.160155721480327 -0.369055815525813
0.0940956200319402 -0.38341625701978 0.075206968883452 -0.370440520142925
0.00349749234470595 -0.424540956818259 -0.0368271612801877 -0.247790445087387
-0.123990122152938 -0.419241596440525 -0.152110475956005 -0.0396895871339414
-0.264652785269817 -0.313859066204322 -0.146233042598952 0.154701885884035
-0.355831387302153 -0.154561094139068 -0.0196450856452122 0.252244585696297
-0.36936822488383 -0.052262464719668 0.157737485301935 0.23914981208401
-0.364341432680037 0.040684298985866 0.316787283018784 0.186217692854569
-0.338740494020808 0.0526635600844087 0.466660756579233 0.21691534618486
-0.126256072517184 -0.0383455748068086 0.286475311125675 -0.197883177592819
-0.112051901153745 -0.0472159939432674 0.17311625380511 -0.122654524504172
-0.0651123336219137 -0.0792928876765809 0.135210560485794 -0.0930062267084275
-0.0176728586939841 -0.0839114331169037 0.0671842503772668 -0.173780963953429
0.0139660569916832 -0.107494223568294 0.0719901044113855 -0.221616969676531
0.0453169765893979 -0.142228629010814 0.143162389174647 -0.338195547269905
0.0707467749722969 -0.182093108474163 0.193590910686832 -0.434052985565969
0.0559717895112055 -0.214419278305787 0.10674584518381 -0.4882428389909
0.00295163584400671 -0.240546617349065 -0.0547538571247768 -0.37612903758345
-0.0713612398555398 -0.235676602463356 -0.202676400027822 -0.119569869757503
-0.14150160918623 -0.172494924838917 -0.185548683767682 0.136709728793015
-0.186373873989926 -0.0653319250914776 -0.0259210275457332 0.249890876054521
-0.205147132000803 -0.0100853494908838 0.205384590309048 0.222022125752593
-0.201186002392027 0.049236963087532 0.397894860040996 0.160421992500425
-0.188452712010502 0.0406934728243208 0.560068141505254 0.197453796109695
-0.00796827913391608 -0.00940055755734117 -0.565205036791595 -0.140680888620892
0.00504548472397188 0.00410234880795401 -0.437170700426412 -0.0945240773793398
-0.0113237797504427 -0.0186888526883885 -0.239557480791371 -0.160708609872188
-0.0119639619259955 -0.0146766425334983 -0.0210345555015729 -0.191895476179337
-0.0128846837100208 -0.0028312525403572 0.143599717505476 -0.123057609998958
4.68787559267363E-05 0.0166498997109294 0.162918945019077 0.118595952528655
-0.00174219325395989 0.0268305000003035 0.0375068182408313 0.390819377103727
-0.00325405207117087 0.019007406194934 -0.120825324142999 0.516481938474513
-0.00806720330135908 0.00844318818125295 -0.169432516658477 0.466941258972539
-0.0108210131074124 0.0102499893946601 -0.110605667607877 0.344301883604123
-0.0217471541631415 0.0059006686122166 -0.044059128833449 0.229090309810581
-0.0273612255505855 -0.00521364111574654 -0.0280931337623268 0.163793228922894
-0.0193867507334866 -0.0147118740140884 -0.0997092432603745 0.0980339654270976
0.00467333721903297 -0.00197665285543231 -0.155014696141558 0.0800834079386311
0.000740133989499746 -0.0144238841728436 -0.28529248802281 0.2034648447629
-0.164893632942372 0.0259140005244236 -0.540080049473125 -0.147487836244671
-0.179408219059168 0.0345731808027819 -0.40910059249964 -0.122400997117553
-0.204581120466015 -0.0298333274900597 -0.224264925346368 -0.189299050504357
-0.191851812512808 -0.0850428992525748 -0.0245069337181772 -0.218287988054267
-0.153984367008369 -0.151832338021964 0.132626526545726 -0.141948415688322
-0.0671717739639576 -0.194080844465831 0.151375204056624 0.0899448729305231
-0.00370095167817915 -0.201014212859986 0.0379507193694589 0.356158301781002
0.0421728774694469 -0.184003150503075 -0.111925513395572 0.479868609747971
0.0417943769369598 -0.156381864809865 -0.140222971296817 0.456386887077438
0.024913370639179 -0.122512145099691 -0.0918373498625723 0.3606873729341
-0.0199464116798808 -0.0972083179962248 -0.0380996834194676 0.243668942811915
-0.0603772630396055 -0.104366309193208 -0.0312288377756301 0.17537461123665
-0.0787675952780743 -0.107257036347895 -0.100530246219942 0.111492039264596
-0.111495338947583 -0.0760444992421664 -0.147847659951883 0.0939888088379376
-0.14283914458069 -0.0428503825032637 -0.247515646608524 0.217422122116271
-0.295948914555937 0.0406074122792933 -0.446356695244255 -0.177561333126797
-0.340288718743474 0.0337241415364702 -0.32553367086901 -0.176308179812895
-0.366400495763175 -0.0733001041139829 -0.170466202077673 -0.236693039791978
-0.334126614132853 -0.178442410069168 -0.0197948009601326 -0.261083120718605
-0.250069026386954 -0.303758592679911 0.108550136977824 -0.185827275899982
-0.0952088644741926 -0.38394801013558 0.123555967375114 0.0114132673311283
0.0152817827677696 -0.391845128239234 0.0368547696826422 0.24728193731024
0.0817678858910665 -0.359166810114966 -0.0878486095054851 0.368929402147159
0.0716719026457354 -0.320225096770621 -0.0950317058602323 0.401418942986493
0.0325359157640937 -0.280718684410466 -0.0611389305524865 0.362897705906925
-0.0563212938362703 -0.234818050029694 -0.0272852072537771 0.264460466450681
-0.142113900214382 -0.2201510775629 -0.0364769769970238 0.203818912203863
-0.181650169178938 -0.190865210921895 -0.0979276670577798 0.147349152963701
-0.247510883827059 -0.123692567377561 -0.121868870274989 0.133660943472517
-0.279744847451494 -0.0522830660913377 -0.160584540990052 0.242641791996279
-0.374475031319699 0.0302142943183928 -0.295138077867599 -0.216986019156108
-0.437352583095437 -0.0064012158521117 -0.192185477876437 -0.228223945152802
-0.450371692909952 -0.144093440492036 -0.0761786548150507 -0.271887462522134
-0.39255198046116 -0.274471222417674 0.00665122157089808 -0.301315955541805
-0.262078969364794 -0.424737102039169 0.0880451852032494 -0.241234157928117
-0.0698973971600498 -0.507612883727793 0.0988177379050082 -0.105661801384589
0.055232898065062 -0.505590278334407 0.0430403063575397 0.085199406246667
0.107090677277255 -0.479240825993944 -0.0530801480146602 0.200908848046859
0.0718635770381682 -0.459963998472944 -0.0466189379079307 0.289771107839555
-0.00715992546515334 -0.439087431687954 -0.0337177503179962 0.317030836455124
-0.151084316724898 -0.37500875028428 -0.021425982391979 0.264327217976286
-0.28050898335621 -0.309023139700403 -0.0332763132382663 0.234434564156344
-0.321383488306138 -0.230410508208368 -0.0684437959944018 0.197749954186376
-0.381469892559338 -0.122562628196603 -0.0551725766965456 0.182060009077222
-0.389818740003241 -0.0345055381617556 -0.0246691235301272 0.262505093340911
-0.388814082351834 0.00176508622634908 -0.117377433191483 -0.242066568529365
-0.444152887041125 -0.0632405529234248 -0.0421827736188698 -0.244256746414752
-0.422746745250742 -0.209951118809874 0.0330220874730341 -0.26452854632783
-0.337232478196817 -0.330211545965171 0.0492535652125844 -0.308082092297806
-0.187485526405729 -0.457996418828374 0.0821272185269907 -0.281837914039452
-0.005387099390212 -0.525017005270421 0.0944346240236917 -0.22489883006507
0.0996468912489048 -0.524681448819536 0.0669509941704187 -0.0950282624746047
0.119128072180081 -0.524472361521722 -0.0118402978969412 0.002926450595099
0.0471672045114844 -0.538954995172129 -0.0189985126245218 0.124130507941236
-0.0764861433751154 -0.536628793609259 -0.0379576880348184 0.212082720825414
-0.263796912434646 -0.447439328914542 -0.0393824632468758 0.233125488913503
-0.409465432945727 -0.317349598692214 -0.0229933176554682 0.254051534042555
-0.438750642648593 -0.199222475384458 -0.0013694814039364 0.237338977027024
-0.466066058180628 -0.0713784509811094 0.0578365329061046 0.213481606254191
-0.445215369812701 0.00196227691390826 0.144805460618151 0.263866590734444
-0.340552222309235 -0.0276419804941986 0.0562338154528409 -0.242787293537628
-0.364119104077346 -0.0983417569775841 0.082120505648081 -0.215091283107511
-0.302336330068982 -0.221148914356163 0.115275840838104 -0.208926696223607
-0.205958271562921 -0.298217867805754 0.0815498934298588 -0.2710734919788
-0.0818549704235255 -0.382022001727835 0.0852503142175376 -0.285651506438623
0.0526171425885809 -0.437640318800815 0.111170387265795 -0.308506369673757
0.121697650633081 -0.459097597375144 0.109362568243588 -0.254455108354039
0.113159006318615 -0.492129565327199 0.0323568705398743 -0.196038938612129
0.0184093425946697 -0.530876969183753 -0.0193778786103813 -0.0688830898327385
-0.128629375239962 -0.5287681211941 -0.085093267320615 0.0795147892554589
-0.316394808777126 -0.418168001664529 -0.0869252677338209 0.189709557813563
-0.443922810832526 -0.248802256953646 -0.0161402016717093 0.257758887169463
-0.458657498700567 -0.121776363736969 0.0846837908040066 0.248826907237736
-0.461641750424739 -0.00117189605710873 0.195771319136112 0.210592608904426
-0.428084682525627 0.0392106504670395 0.320973777879187 0.242415184300037
-0.24530128185333 -0.04339951626648 0.195017828296691 -0.222993781832984
-0.237049552185324 -0.0916664371620053 0.151434531058017 -0.16298850434347
-0.164459049194629 -0.164509025436774 0.142125753185648 -0.140005342137139
-0.0828279179809867 -0.195061856257045 0.0821781674707211 -0.214284476804364
-0.00675698179258288 -0.239864751595224 0.0821915704110142 -0.254992468073424
0.0691725396763967 -0.29012145142221 0.131420972191025 -0.342177420956063
0.112519521017305 -0.333992057945235 0.156197408788226 -0.368688891322183
0.0926370696334918 -0.383751133490129 0.0733497105031131 -0.36951350731476
0.000967881794456855 -0.423982095690915 -0.0376868071569072 -0.248098791407486
-0.127158480755367 -0.417416937081298 -0.151169714504537 -0.0392926627870409
-0.266482401548588 -0.312627537585531 -0.143183220155776 0.155825903449012
-0.354972017817242 -0.151704152649089 -0.0177253275603135 0.252705475682254
-0.368879385095489 -0.0504574630758939 0.159974191488681 0.236309619502316
-0.362030210817073 0.043674047720487 0.318274529367333 0.182637032049107
-0.336720059185262 0.0542822406799958 0.468757973303041 0.212429317070869
-0.126578643489299 -0.0375982232475831 0.283018825360029 -0.198839751455743
-0.111545382242098 -0.0458474582115007 0.170763454335453 -0.121675471571225
-0.065137818893659 -0.0779615338700323 0.132600427342365 -0.0940182371037549
-0.0177684990975137 -0.0829587900909756 0.0646920073577566 -0.173962537469196
0.0125560573293182 -0.107429189857546 0.0697827439229047 -0.221342878416115
0.043945703198576 -0.14291531668852 0.139700466938336 -0.337562177877908
0.0695324569394632 -0.182413529301606 0.190232293409802 -0.432984047441785
0.0549358961550208 -0.214817913953146 0.103024158414919 -0.487810385450945
0.00194759570962222 -0.239676738511824 -0.0569433515888822 -0.374847960086613
-0.0738634896982927 -0.233764769092691 -0.201787813484731 -0.11816092964464
-0.142499298489229 -0.171854708701253 -0.182849766623235 0.137568683551652
-0.186568837507626 -0.0644174725876437 -0.0228835871274861 0.249763773823042
-0.205179199790788 -0.00770472707694759 0.207106120435847 0.21988730906654
-0.199926531100329 0.0506629844182462 0.39640369872224 0.155276470626837
-0.187991289286893 0.0417076151004267 0.561486959010901 0.189028884642972
-0.00782360914785303 -0.00937072933532296 -0.565701469929342 -0.13536498788504
0.00600989140197165 0.00336315660047242 -0.437108557514279 -0.0901386835491348
-0.0118413110909725 -0.0182068210872786 -0.240181810801241 -0.157096898836479
-0.0120613610070729 -0.0145020704957558 -0.022486845567836 -0.191221614790252
-0.0121789976975322 -0.00234460374115817 0.142843716191332 -0.123174413364225
0.00051247529179268 0.0169213975495582 0.162710704257285 0.116730555013365
-0.00114003025848632 0.0270803963691497 0.0403294947057645 0.389227193669941
-0.00297385231070283 0.0186355680954058 -0.117374939116988 0.514783486057087
-0.0084273806733276 0.00832721550463254 -0.165208081265882 0.466961060254995
-0.0102240964769177 0.010323812550221 -0.107356077923318 0.344509750821801
-0.0215686229271283 0.00610002463377882 -0.0426867168137385 0.228809758839547
-0.0274294095868627 -0.00436860187616797 -0.0254739365214589 0.163663762471983
-0.0191096655612882 -0.0139408094117356 -0.0967736820456944 0.0980601898760376
0.0052595611907125 -0.00179979392441337 -0.152707718372382 0.0796209320812797
0.000927463520997896 -0.0147960976865987 -0.282046620659178 0.203921947513582
-0.164131339803354 0.026763075919512 -0.538763722840496 -0.140883661675481
-0.178441534610226 0.0355190907235343 -0.409534482093323 -0.116901736164838
-0.203782520396273 -0.0278279654349763 -0.224826170787021 -0.186677056886045
-0.191463369332031 -0.0832471404292799 -0.0262287770239575 -0.217284396721701
-0.154403040257822 -0.14993104558629 0.131241357067982 -0.143429398316056
-0.0684155197128475 -0.19301212852459 0.151211406848568 0.0882893437618181
-0.00474035053886858 -0.200157506804199 0.0393061281880358 0.354313830322561
0.0412730712576665 -0.183384868323835 -0.108907284830194 0.479647812725416
0.0407156529991211 -0.156367822659841 -0.139294757311917 0.456494283803476
0.0240791253847506 -0.121688152579221 -0.0886921581152005 0.360721193575599
-0.0202307389733825 -0.0955915486009639 -0.0360508594853018 0.24260645646271
-0.0603118111869748 -0.102636052320375 -0.0287714480951948 0.175656169417434
-0.0792991908591347 -0.106051241048834 -0.0983296778061123 0.112366898321553
-0.111586290608971 -0.0748332089450149 -0.145499891280225 0.094781530630647
-0.142162942413778 -0.0427806117309735 -0.244311668805933 0.217070390578848
-0.294653049695916 0.0426494404505149 -0.446014384271549 -0.172998058135114
-0.339229835719162 0.0361032892376352 -0.326151591379302 -0.171687311972681
-0.366631469241577 -0.0681188290495873 -0.172462687539201 -0.234505118306813
-0.334137327780768 -0.175399001737398 -0.0214865341894944 -0.260666336388844
-0.252082552698194 -0.30128381653558 0.106341423837941 -0.186449929002765
-0.0985025368074836 -0.383045705949625 0.122397798484578 0.00959674821110959
0.0137285322846524 -0.390797702990077 0.0375674665823535 0.245590638839582
0.0793536336948732 -0.358633145421331 -0.0852113952265783 0.367685741553325
0.0702820039126081 -0.319318666362885 -0.0918874868872258 0.400389567508257
0.0293306927463525 -0.28025969634892 -0.0584708701315768 0.362714059389842
-0.0573847306348561 -0.23337289817293 -0.0250265703017862 0.26459698317963
-0.143108623229178 -0.21749287835151 -0.0340969647594197 0.203872769990585
-0.18234308519527 -0.188691287301128 -0.0954934727845891 0.148279120675909
-0.246633179065699 -0.121592267910222 -0.119866667014813 0.133511257461511
-0.27881517432416 -0.0499231051055398 -0.157149655709278 0.241153728552694
-0.373840611217387 0.0328215371735628 -0.295938379281368 -0.211976790753946
-0.435472261397643 -0.00390893900750555 -0.19377234622784 -0.225332220304398
-0.450815202799086 -0.140081528673141 -0.0784626603431332 -0.270527383659525
-0.393779466870213 -0.271928127762639 0.00425839276667475 -0.300589170765852
-0.264338844878074 -0.422199235606923 0.0858514225843411 -0.241915092845436
-0.072473527798224 -0.505569536725969 0.0967135934088439 -0.106775695426293
0.0516879304235864 -0.504214473313825 0.0435595518356997 0.0845810807753653
0.10483519087185 -0.476875321632479 -0.0518830419996025 0.201085330117912
0.0696660357984801 -0.457874391579232 -0.0455856755468997 0.288031511916717
-0.00993297834438088 -0.437626286151436 -0.0312433931575169 0.316259533733864
-0.151663398674566 -0.373610036513945 -0.0196559449029867 0.263860296366278
-0.282237391719956 -0.304977640014594 -0.0306662498987064 0.233858421514115
-0.323899756907127 -0.226498670490692 -0.0655064647266339 0.196720759731072
-0.38003361710258 -0.120434652903916 -0.0531936366924127 0.181876723554077
-0.388615423658405 -0.0322383868501461 -0.022118447463782 0.260490146311804
-0.388456995585068 0.00377810557361214 -0.118945882184137 -0.238218727267658
-0.441470667660515 -0.0605403735592486 -0.0434277610473457 -0.24176123957284
-0.422910727657695 -0.205372902645483 0.0309479577518761 -0.263442758187908
-0.337547131494121 -0.326057409760248 0.0475921822745516 -0.307828126289534
-0.190001830190821 -0.456248278595452 0.0803473412570273 -0.282319072674741
-0.00965226017322247 -0.523210479617149 0.0915361986621218 -0.22527310832444
0.0955547488350148 -0.522450578421976 0.0659302676528947 -0.0942438304452341
0.115764580274579 -0.523277563283178 -0.0117091203992794 0.00362932944732439
0.043703746490944 -0.537406046760635 -0.0181857508073749 0.123583370457202
-0.0810297478804596 -0.534420170077267 -0.0355911968772947 0.211632904302749
-0.265210675505457 -0.445187152796823 -0.0367318793727603 0.233439960178758
-0.410318642983833 -0.312372560154349 -0.0209219203690426 0.253946811417642
-0.438276689766311 -0.194511727654844 0.00178481516032848 0.236872437063205
-0.464197468052159 -0.0682873632731368 0.0598485024259228 0.211838500802621
-0.441795648681095 0.0050819096547177 0.146638359994921 0.259948050856438
-0.339715871650372 -0.0246961040904401 0.0527357468879427 -0.241264640703809
-0.363349105642994 -0.0961519510434824 0.0800884589610484 -0.213096935016027
-0.303345884298036 -0.217838621982007 0.113194495349174 -0.209188588886292
-0.20778701839729 -0.295800883038339 0.0782233413339784 -0.271144733738805
-0.0832690706488952 -0.378661824808139 0.0825551470181357 -0.285605031538082
0.0486837342935188 -0.436509737588478 0.107456445676822 -0.309703521384421
0.119807942733766 -0.457471662289319 0.107162392680904 -0.254644975449385
0.110687757328767 -0.490040781456117 0.0306740065995844 -0.196314428449932
0.0136507254387124 -0.529215738273294 -0.0194527151354961 -0.0685114574346538
-0.132166750993644 -0.525914594211414 -0.0834293325656587 0.0800653914942891
-0.318234743338472 -0.415687386696301 -0.0848710406139361 0.190638539041949
-0.445045736832609 -0.244328445795437 -0.0135157516140549 0.257270373748544
-0.457961777866346 -0.117169379318449 0.0873843284364273 0.246946207404022
-0.459489385799135 0.00211817457226166 0.196540863231872 0.207934729765461
-0.426269414702748 0.0419176199826564 0.321809420961778 0.237573403244991
-0.244801540273093 -0.0416440150103568 0.191821970110552 -0.222433871099789
-0.236534401510513 -0.0893698221494562 0.149275976227751 -0.161995575867947
-0.164725680677751 -0.162198332479268 0.139890417805001 -0.140677281382286
-0.0839514482476285 -0.193861359935544 0.0794923023382743 -0.213353889832127
-0.00884242156470927 -0.239115678325362 0.0807181671221824 -0.255016879090725
0.0666528469531931 -0.290313582883954 0.128844404176958 -0.342059551952627
0.110501813629136 -0.333488795828573 0.152926265692605 -0.366597441821339
0.0901111140073863 -0.382575311123224 0.0711459884217358 -0.368104517552096
-0.0020634263251196 -0.42359308914813 -0.038824573935725 -0.247170279600913
-0.129706395439606 -0.415870316540462 -0.14988180553589 -0.0372280919955642
-0.268090319845464 -0.308943067052998 -0.140923883941617 0.156368444796942
-0.356431156285434 -0.148954929179191 -0.0148879099142343 0.251292685085475
-0.369553493588355 -0.0470345360771311 0.162387659082114 0.234180224816452
-0.360553582947006 0.0461696261257112 0.317689223391533 0.179657922295635
-0.335645181733218 0.0559924053568898 0.469342159157737 0.20624037697843
-0.125857134414997 -0.0374035740231656 0.27994406922799 -0.199607880369444
-0.110762376114438 -0.0445403573278137 0.168708221560496 -0.121548932078729
-0.0659390093881932 -0.0769520328598091 0.130680723488555 -0.0950881500596934
-0.0178563445568846 -0.0827853705795253 0.0623326621302683 -0.173061167480557
0.0117059207459385 -0.107019468170317 0.0680561314046012 -0.220880226129391
0.0423071326975052 -0.141819267456106 0.137051746520309 -0.337074767799019
0.0676576761813311 -0.182405708418292 0.18672143086061 -0.43230651752333
0.0536624514199783 -0.214051476631587 0.10040200182696 -0.488194030145157
-0.000118857004920619 -0.239654269172325 -0.05818550962188 -0.373156089826641
-0.0752932167088939 -0.233508194070194 -0.20149652588611 -0.116063672178054
-0.144075421727143 -0.170162995335738 -0.180625286090226 0.138908393229817
-0.186541799126583 -0.0631043669673209 -0.0207121252157521 0.249609423938649
-0.204502789660885 -0.00669066114932276 0.209421659310592 0.217553359136378
-0.198290116733372 0.0518648515452582 0.397242796835472 0.152821396665921
-0.186475803673134 0.0428951337710309 0.560776303037844 0.182440916645913
-0.00854324406545062 -0.00881893991049324 -0.565611363027291 -0.12850623858096
0.005273865458102 0.00292202267809108 -0.436534908997117 -0.085312069186127
-0.0116893301650634 -0.0180406561748094 -0.240942562614274 -0.154851906948584
-0.0127596971458933 -0.0138534503665291 -0.0234643740524483 -0.19035838594017
-0.0125398272670614 -0.00208567989552489 0.140996212730266 -0.124960987591395
0.0012685501069072 0.0171611385965436 0.162764971706227 0.115401718748426
-0.000570465362595586 0.0267693803561503 0.0415435821568827 0.388183552937251
-0.00265192048297908 0.0188091488833583 -0.113113852089972 0.514200097830861
-0.00793644387776687 0.00790845879964265 -0.163153364387902 0.465404705955489
-0.0100909345212086 0.0103431348886751 -0.104506866194372 0.344324262459029
-0.0209103467038718 0.00636814431207452 -0.0405970702243821 0.227945102945175
-0.0269636974813926 -0.00403950287349304 -0.023718785589746 0.1635900661239
-0.0198522321089924 -0.0135737670521857 -0.0950540808057208 0.0987792519654322
0.00555485539859057 -0.00194301976397836 -0.150037277016769 0.0797653055681476
0.000938988376939452 -0.0154314986164518 -0.277206021180296 0.203689192953815
-0.163967185544231 0.0280889775350494 -0.538673096626558 -0.135157719468685
-0.177280124596149 0.0365985811918256 -0.408260056939028 -0.112062193144726
-0.203462167088877 -0.0261833083017054 -0.226325240145248 -0.184645435836886
-0.19167104846765 -0.0823038189839046 -0.0280329284430123 -0.216443854274404
-0.154740213338304 -0.148227496330296 0.128319129100019 -0.143816670831723
-0.0689462376912471 -0.191692527157894 0.150060827676539 0.0865991608275752
-0.00532739777413998 -0.200037413703765 0.0402892766985481 0.353526895573603
0.0405749963843215 -0.182535807334595 -0.105870323467552 0.477655130800503
0.0397884067092377 -0.155637636546091 -0.13512243924748 0.455525536686814
0.0234364721729406 -0.121798718280669 -0.0852508137721409 0.360005098403872
-0.0205613477761992 -0.0947622026423197 -0.0340585943244688 0.242750904551941
-0.0607111848977725 -0.101348750170017 -0.0260239859570748 0.175262884381994
-0.0797972624529529 -0.104505854176514 -0.0957629758694035 0.112083773728723
-0.111106435957597 -0.0741162607650454 -0.143431145852834 0.0941318809154586
-0.141635033857197 -0.0419628553071174 -0.240612953457513 0.216299436996748
-0.293239771195882 0.0454831500606464 -0.445843439568986 -0.166991444120735
-0.33708171045469 0.0387228252010818 -0.326785057250911 -0.168487337721682
-0.365773266570868 -0.0668424867468598 -0.174010507017714 -0.233126752057687
-0.334969068169291 -0.172835557505455 -0.0229939115167421 -0.259816107588648
-0.252245301134183 -0.299253138621186 0.10429013633615 -0.187590689453043
-0.100832618777328 -0.380242489258622 0.121143257909022 0.00811338578862734
0.0110597163893007 -0.390587668295951 0.0383095998324691 0.245602490737088
0.076022268893836 -0.356992517484764 -0.0831031484893109 0.367568582911158
0.0675076254968225 -0.318734166218908 -0.0888637226903085 0.398348950110977
0.0279479051461617 -0.278753577467725 -0.0552834431681826 0.362164713089345
-0.0586809260086809 -0.231555929405002 -0.0236543203751881 0.263820822105389
-0.143788050614899 -0.215355364945285 -0.0309905903697258 0.203621531773401
-0.18344192666564 -0.185713153063067 -0.0926795937727084 0.147275918024606
-0.246232627476638 -0.119623267338642 -0.117977977875708 0.133022941764293
-0.277912864197336 -0.0486904779549092 -0.15351494320909 0.240255858140799
-0.372219979073404 0.03559262420464 -0.296658038797772 -0.207832189628048
-0.43365606137116 -3.59760611289665E-05 -0.194406178913338 -0.221481396202793
-0.449661685847478 -0.136216132430108 -0.0805415119122797 -0.268332626160379
-0.394687197191756 -0.268290585761434 0.00162001874737938 -0.299225797573561
-0.265721536276788 -0.418653211632693 0.0836788280301358 -0.24183177512072
-0.0762575549223057 -0.503605113328407 0.0950376285618213 -0.107254667082714
0.0489650048569786 -0.502341664489164 0.0437303039119529 0.0838351022428659
0.101861724989141 -0.475317606299829 -0.0505720016328051 0.200178750154313
0.0659968008943532 -0.455932744651774 -0.0429203471107412 0.287394453141689
-0.0121323239471014 -0.435952588007852 -0.0268947111064497 0.315694804688663
-0.153143369941671 -0.370565834526661 -0.0168599875437405 0.26490712695313
-0.282640463345609 -0.301671767823411 -0.0284274626270857 0.233996625091748
-0.323205442704132 -0.223302255482459 -0.0625613266789979 0.196216663010319
-0.379103145091625 -0.118330310095424 -0.0523905455082962 0.181384900886266
-0.386787162826994 -0.029258687352802 -0.0200933051875917 0.257777560449967
-0.385333681985622 0.00766911418194756 -0.120017343636133 -0.23629310294485
-0.439758603837483 -0.0562531643124706 -0.0449282385975415 -0.238423017292756
-0.421159443275629 -0.20107993502985 0.028522939296097 -0.262639213686703
-0.339205911343886 -0.321664098641363 0.0436325424633998 -0.307066302350404
-0.192322084001098 -0.452703865304376 0.0774757243531377 -0.283228220777194
-0.0133362992911509 -0.521718599196374 0.0894231548847618 -0.226099481747981
0.0929151719669382 -0.523140771711394 0.0656412856417005 -0.0947888368927285
0.112064867783772 -0.522050210662214 -0.0113161367403751 0.00313299903709385
0.0421945286543483 -0.535134141522173 -0.0167347017784196 0.122314870972898
-0.0820628890570011 -0.533104713846755 -0.0335426329422007 0.211429447152751
-0.268463734257608 -0.440873909106627 -0.0346099670894545 0.234374641147392
-0.411243977930826 -0.307029415094561 -0.0185945165709668 0.252897902534106
-0.438236670364704 -0.190352825050684 0.00439205530733742 0.235003335948592
-0.462821388180743 -0.0650066948127303 0.0604352957693256 0.210979763946942
-0.4402526884905 0.00722306878650857 0.148651650711375 0.256152997396357
-0.338845686448778 -0.0236929065231605 0.0501756228465935 -0.239782323146204
-0.361413153502004 -0.0934346385204317 0.0775594714163704 -0.212113593691732
-0.304397774560679 -0.215105259449411 0.110596321830935 -0.209304402292079
-0.20702146080671 -0.292502785563431 0.0760375651256172 -0.2702347508271
-0.0858552300710243 -0.377769790000066 0.0806930694109109 -0.285960361430809
0.0451173551809925 -0.435749650643145 0.104865947952259 -0.30925130781845
0.116498447236463 -0.457344765089645 0.105301061514435 -0.252991173690918
0.108658665916325 -0.489383918141292 0.0302178855165212 -0.19437531895189
0.0106276532710781 -0.52635665009944 -0.0192316952515687 -0.0684687019336055
-0.135099342961114 -0.524545760207035 -0.0813039584273946 0.0805174415668112
-0.319417644505537 -0.411950781871823 -0.0833631178852197 0.191642117188896
-0.444846595727997 -0.239569039991366 -0.0111603043472363 0.256505300256705
-0.45762554858416 -0.114563096717915 0.0899894200461438 0.245057077990459
-0.456755573315934 0.005129948932009 0.197126071601009 0.205758708788008
-0.423737383387962 0.0451467163710559 0.321674510817444 0.232350175697474
-0.244647676748552 -0.0404313296967543 0.188834907786807 -0.221847592772436
-0.235385985846976 -0.0870956084394536 0.146258164006974 -0.161550344610433
-0.165191129832996 -0.160288209001678 0.137793759031798 -0.141658024023844
-0.0844398774244362 -0.192541798247337 0.0764926769060064 -0.21337387849596
-0.00919275715071109 -0.237917402767173 0.0779690002151713 -0.254781457426043
0.064208491590177 -0.29009949221004 0.124923200036866 -0.340972974294961
0.108457127827051 -0.332738411824725 0.151394197179743 -0.366846137071683
0.0867885538051582 -0.380588139811266 0.06953339058973 -0.367562493518054
-0.00364771550396358 -0.420724736229208 -0.0394899405304247 -0.245707890349206
-0.132283907637491 -0.413333421415265 -0.148966299055899 -0.0366231819856616
-0.268786550047977 -0.307920127855854 -0.139196160042464 0.158032169108074
-0.355883875011732 -0.146058462173925 -0.012035098321345 0.252727518780268
-0.367354850808021 -0.042837169248171 0.164174669333712 0.231173308587775
-0.357489600126452 0.0483244047851697 0.317317520557295 0.175702842729428
-0.333336134224927 0.058246982506781 0.470000810666477 0.199513760100909
-0.126368421947954 -0.0359780405240204 0.276503433961983 -0.199172996813526
-0.110636655401412 -0.0439863836704752 0.166430290706222 -0.121190840412502
-0.0659632711095035 -0.0754460032449576 0.129179506353781 -0.0954358955859165
-0.0177825306680684 -0.0826520353559904 0.0591203939161712 -0.173125335182776
0.0108434146268031 -0.106203388623345 0.0659818110316393 -0.220507644842667
0.0411436790296648 -0.142361026267471 0.133314533030162 -0.336501092199606
0.066146129726637 -0.181902924816359 0.183246424935939 -0.431811284138541
0.0529751541013853 -0.213659988481269 0.0985185983218375 -0.48534391551049
-0.000992175571772445 -0.23889775093194 -0.0597971133590534 -0.372381080740491
-0.0757033192354837 -0.232150487764505 -0.200802058969176 -0.114850393588878
-0.143952295249013 -0.168514162639144 -0.178918721486947 0.140080106654354
-0.186637535956461 -0.0610148222113935 -0.0186437661827488 0.248956668478122
-0.204063188413325 -0.0046351074488038 0.210500856010989 0.214456164641087
-0.196182802486133 0.0536157034634715 0.396831869538343 0.148347289759175
-0.185509369092104 0.0445517016303035 0.5608134158437 0.176762679347615
-0.00825146028382972 -0.00886603294945883 -0.563775523024825 -0.121717495507025
0.00561151715407529 0.00280088958782407 -0.434739347893673 -0.0804259080712606
-0.0126836201954077 -0.0173951544504163 -0.240862373426763 -0.152014325617434
-0.0124413132048686 -0.0136761737694457 -0.0244675218539911 -0.189377343946622
-0.012550659714872 -0.00263719964980261 0.139069489858603 -0.125043233268557
0.00137496038975087 0.0171038018941255 0.161316602754346 0.113403992171569
-0.00058040851225151 0.0268667680450565 0.0432535555257436 0.385676875980973
-0.00248769347156532 0.0189278795956835 -0.110590539611906 0.512757818053638
-0.00795702203262599 0.00786441667591088 -0.15964854105692 0.464830195642945
-0.00966650886846392 0.010218993701459 -0.101502187817932 0.342647282580929
-0.0204936595738721 0.00681967034691992 -0.0378393256647692 0.227727549847876
-0.0270722828798641 -0.00359948865395889 -0.0210631761337405 0.162511011632436
-0.0197338579969073 -0.0126104331009562 -0.0921208742738613 0.099242131279021
0.00581868260783221 -0.0026618827110648 -0.147398336709574 0.0793578557382467
0.000426319242549045 -0.0160019082926529 -0.27287086330263 0.202928966004933
-0.162903352025442 0.02882725586741 -0.538871942191606 -0.129431735467559
-0.176405148453516 0.0379480948177836 -0.408386403232038 -0.108420234851494
-0.202524919035282 -0.0246547331936085 -0.226780424099644 -0.181350947391149
-0.191503090441506 -0.0804222414626773 -0.0292641603449486 -0.215095975987696
-0.155496487226979 -0.146584762659192 0.12699839786361 -0.144922294895391
-0.0699048948517099 -0.190661552327583 0.14902170149931 0.0848345662071066
-0.00584190941693786 -0.198589216040374 0.0427447140489599 0.351777258594029
0.0396077615004536 -0.182388800737648 -0.103001022771827 0.475241056798966
0.0393039432507071 -0.155193893672413 -0.131886380078359 0.453605354737216
0.0225083118573994 -0.12090215843597 -0.083376620011324 0.358978409448651
-0.0204414003279689 -0.0936146284299494 -0.0319295307683711 0.241730592708268
-0.0613214461794646 -0.0991469280280273 -0.0236568146380184 0.174924491945674
-0.0802459658092978 -0.102804861499545 -0.0935674699233504 0.111595443039049
-0.11053197546321 -0.0732703821131967 -0.140950532231229 0.0937484398644607
-0.141367955218564 -0.0418201105121693 -0.23640151080716 0.215762501554183
-0.292000843585917 0.0469021891572626 -0.444035695274518 -0.162477946974285
-0.336053698382647 0.0397287992782377 -0.326217692960786 -0.163869862143211
-0.364706162238871 -0.063162155168686 -0.175125558609205 -0.230170710752241
-0.335116796011741 -0.170482109607565 -0.0250141939146677 -0.258215793801691
-0.252914060033004 -0.295972200289383 0.10244211750894 -0.188255332077908
-0.101722094328096 -0.378938670674616 0.119994479358749 0.00751454703596318
0.00890086065028799 -0.388031816200243 0.0395814685337493 0.243903739527664
0.0756551601755986 -0.3574285656813 -0.0809715042935311 0.366002429311735
0.0660132657727719 -0.316976111638602 -0.086334035484932 0.397516471613779
0.0259768195121576 -0.277866393085927 -0.0519317402451776 0.361608410814497
-0.0593153783680912 -0.230162742036943 -0.021393313432875 0.264213532082369
-0.143869343581144 -0.212323904260314 -0.0289503864299481 0.203103971211595
-0.183751435397819 -0.184024414789313 -0.0904536242810974 0.147125548106068
-0.245729486843022 -0.117840989713229 -0.116066536914416 0.132771594997378
-0.277342897225224 -0.0467627615412855 -0.150581970389365 0.238254934708362
-0.371136028481239 0.0383993924875134 -0.296733539413353 -0.203244907479564
-0.4312465622388 0.00255380654116304 -0.195735468545314 -0.218588758937036
-0.448842205755314 -0.132522925124334 -0.0825099111681525 -0.267306458538319
-0.394311528000023 -0.264912296427403 -0.000824521278401336 -0.298130834822068
-0.266225995488477 -0.414540271783906 0.0809251285269391 -0.242907190214798
-0.0785896946087089 -0.501756411785916 0.0928219946334123 -0.108036069998436
0.0471328164623956 -0.500733401942829 0.0432918269100957 0.0828530923354557
0.0995666913106485 -0.47346754896155 -0.0493871188561062 0.199658176379965
0.0632453237683697 -0.454147203057946 -0.041307563287331 0.285519995429881
-0.0154476514024648 -0.435914824450666 -0.0250348290651162 0.315239458852351
-0.154493758754391 -0.367758307484251 -0.0141216435658131 0.263913918854378
-0.284366589398225 -0.297888830076159 -0.0252967369872182 0.233254104494269
-0.324154172517548 -0.219992217884109 -0.0596799923247597 0.194913363354873
-0.378059289669446 -0.114072311614485 -0.0502814504154036 0.180563804828837
-0.384870075297796 -0.0277195876130973 -0.0173012803638133 0.254988909315594
-0.384822877363708 0.00983049417304478 -0.122253502117642 -0.23249672529733
-0.438854544035307 -0.0539154353608147 -0.0463880911820696 -0.236896483471104
-0.421673196343949 -0.197649814585793 0.025917274880326 -0.262670156517902
-0.338903088763994 -0.318668358893846 0.0412882506551282 -0.305033808355659
-0.194645529564516 -0.450199763746565 0.075233254426716 -0.282060130999228
-0.0165318716671284 -0.520440264302358 0.0864135675827664 -0.226465177887717
0.0886049197895776 -0.520572847234628 0.0646279109939817 -0.0941244082564026
0.110297082905754 -0.520664025337547 -0.0116274513299527 0.00406201623581443
0.038140712473467 -0.533355582873306 -0.01646068838097 0.121186650121171
-0.0861393164469341 -0.530165026793726 -0.03091128527776 0.211148920466754
-0.268219077613291 -0.437753413609279 -0.0328515572076648 0.233948705649257
-0.410566962820777 -0.303587917910827 -0.0157108196696809 0.252152491624702
-0.437646243723522 -0.187056959390489 0.00660498373035218 0.233755407537861
-0.46082340543219 -0.0613011991527704 0.0620335996830303 0.209222549350732
-0.438181407027958 0.00999896153311718 0.149031705049254 0.252127529900894
-0.338283283122741 -0.0216421240806517 0.0485047380982888 -0.238388694997782
-0.359642011204037 -0.089160720158133 0.0763282541274677 -0.210712777530446
-0.304331762488709 -0.210865263897926 0.107425206689308 -0.209365730999216
-0.209064911880784 -0.290252181254259 0.0722388214839111 -0.268856323931619
-0.0876375684229059 -0.375750497318886 0.0781488022357955 -0.285364122625047
0.0420139568312344 -0.435032670447945 0.101369823603104 -0.309214845065861
0.114910000180826 -0.456196427038876 0.103312435966138 -0.252335341302235
0.10646088891719 -0.488050401867304 0.0288149495647413 -0.193720282986309
0.00789554344269423 -0.524281891294738 -0.0191690179773093 -0.0692442222204052
-0.137284114953135 -0.522383975503035 -0.0799927038816309 0.0802535411607475
-0.320409119059584 -0.408056126628233 -0.0808524281079373 0.191851885598106
-0.445571314769564 -0.235903164456299 -0.00862781100388364 0.255992681456099
-0.456736943674955 -0.110542652540011 0.0919878156819267 0.243412182235528
-0.454107073505296 0.00690097991077636 0.197149710610786 0.20301826358332
-0.421581442287749 0.0481884701009221 0.322749171368339 0.227745561917229
-0.243845233696 -0.0388332410503602 0.185444461082762 -0.221467388443218
-0.235402294409992 -0.0849478131135829 0.144666190847981 -0.16016057204329
-0.165119748325786 -0.15813612854244 0.135438096323629 -0.141861488434847
-0.0843562793904903 -0.190240435471299 0.0746111715357713 -0.21244686729985
-0.011510036984355 -0.236807357215726 0.0751107811263501 -0.254258434557999
0.0619371833028165 -0.289106325968337 0.120263250269064 -0.340509664064154
0.106306238095047 -0.332806045465636 0.148463785853707 -0.366931887389219
0.0851367139460614 -0.379543022555874 0.0673993182201168 -0.366045323164058
-0.00582338417155999 -0.419277884425465 -0.0403657027363929 -0.245135971169179
-0.133741264790492 -0.411672175246856 -0.14766383040629 -0.0358557275366509
-0.271625704733189 -0.304817935285521 -0.137153132606571 0.158859377025585
-0.355344766369555 -0.143873387684067 -0.00980424707478004 0.250860630006898
-0.367552871768266 -0.0410327491094097 0.166193690342257 0.229070236546496
-0.357448339629103 0.0494049469380684 0.318167930519529 0.172279473503066
-0.331555624869607 0.0604648410582674 0.468429890333827 0.193552447290578
-0.126013759701153 -0.03574930659099 0.272842809581442 -0.199155513734427
-0.10929953766685 -0.0433101883769645 0.164281285621436 -0.120217821402192
-0.0659200545030596 -0.0739072784336708 0.127019136030756 -0.0957900221210754
-0.0178823628591584 -0.0819437306239365 0.0571585013420151 -0.172487184493904
0.00969054603238105 -0.106397994236932 0.0633972306729162 -0.219767626667554
0.0395957382363899 -0.14176855386788 0.129651382587982 -0.337099031465411
0.065134437780316 -0.181792447038809 0.180899261022454 -0.430737150311643
0.0514863316294843 -0.213396677913978 0.0955839863367694 -0.482923481060335
-0.00226261509544297 -0.237741132878705 -0.0607831109305059 -0.369437623884399
-0.0770481496854803 -0.23109158258918 -0.200267566893261 -0.113641905743077
-0.145269058449457 -0.168253047453034 -0.176086379866083 0.141176188967407
-0.185820709544172 -0.0601407464320257 -0.0162581983020981 0.248577507709192
-0.20317494578017 -0.00293523897532746 0.211700543459552 0.211134405441457
-0.195045227170926 0.0541698029847265 0.396075197597535 0.144068396587938
-0.183836226789684 0.0446111941064349 0.561059821249992 0.169231508899989
-0.00843956869868538 -0.00837430112146615 -0.563470973378431 -0.115817634224625
0.0060356046942196 0.00186570386887491 -0.433974928287928 -0.0762307606055839
-0.0123421446307634 -0.0175510044422266 -0.24170966606899 -0.14954939458496
-0.0132068262665372 -0.0133899858368719 -0.0256402651417005 -0.188340717361816
-0.0123347133777738 -0.00272994615511293 0.137165489142608 -0.125779152093683
0.00159817780652219 0.0174423004868606 0.160438973460966 0.111855809544067
-0.000627884286131714 0.0269862253559914 0.0434210470959368 0.383818228767234
-0.00207005687578442 0.0186445188567092 -0.107819959985083 0.511189744859774
-0.00759843173046699 0.00806391405623044 -0.155723522469316 0.464385577204935
-0.00993943975551019 0.0104340615470363 -0.0988858370435625 0.340969961565147
-0.0202993165291435 0.0074413251718271 -0.036486948607787 0.226216923896732
-0.0266979349629574 -0.00305553493585601 -0.0191358463386685 0.162096607104405
-0.0200250557646473 -0.0122298374527528 -0.0902606000333114 0.0991243848913345
0.0061399444427007 -0.00283257344372817 -0.145084695858426 0.0791188953078878
0.000424673963955078 -0.016069895595139 -0.26946179389374 0.20227263877368
-0.162150278695685 0.0295134068177944 -0.537201379463992 -0.12304715314547
-0.175414104524874 0.0382156321008451 -0.406589147744369 -0.103033414616952
-0.202104245530735 -0.022874056382382 -0.226844214946819 -0.17929911402135
-0.190913801784342 -0.0788701508152868 -0.0301785253201186 -0.213959026612531
-0.155115842544723 -0.144873302067723 0.125303590507071 -0.14534432514748
-0.0700700693430377 -0.189924413217185 0.148048017283734 0.0835398464221575
-0.00671978190611164 -0.197492629244656 0.0435951766854548 0.349901550887261
0.0387113255714154 -0.182030766013279 -0.100579548539642 0.474762474996498
0.0385442357412005 -0.154578333716356 -0.128821524372258 0.451907239976668
0.0219048142714943 -0.120124586474353 -0.0801189374511548 0.35816810007083
-0.0204375913849316 -0.0928337916684319 -0.0305123292803548 0.2405050419341
-0.0615764399267249 -0.0978318902754182 -0.0213495445120655 0.173979467439316
-0.0806653285010542 -0.101385816855755 -0.0913137919802895 0.111876487887628
-0.109808629573222 -0.0725354524713677 -0.139188932458122 0.0934498223539964
-0.141186674133167 -0.0405957695451499 -0.232536826967705 0.214580445847674
-0.290696367267213 0.0483198336160585 -0.444320295300262 -0.158105209474276
-0.332989969124502 0.0418793299198197 -0.325791749537692 -0.160316861220501
-0.364105666143467 -0.0605775353841269 -0.175875828029741 -0.227811711150265
-0.334766415214108 -0.168070065011571 -0.0267649116404055 -0.256961652883601
-0.253908619871818 -0.293561920052173 0.100461273765472 -0.188517073679434
-0.10322408322087 -0.376851097898037 0.118303871915622 0.00625308276408346
0.00810778693462472 -0.3854550668308 0.0403415379273578 0.243048357650891
0.074011906287408 -0.354969751020796 -0.0789374177853621 0.364624434562374
0.0645082927775802 -0.315715698807191 -0.0851606095767064 0.395207517305651
0.0248713856519703 -0.276422206856315 -0.0491999816377371 0.359867154570617
-0.0598970844552621 -0.228294036605835 -0.0196084570344896 0.263310647382704
-0.144633892025318 -0.209355037247305 -0.02610696147089 0.202592802542619
-0.184258942781123 -0.181272010280056 -0.0874566790280153 0.146192588782084
-0.244433555835799 -0.116387911723782 -0.114476565375899 0.131830034129194
-0.275683356298909 -0.0457296837501215 -0.147143645913453 0.236240126054778
-0.36964115182401 0.0396531959149448 -0.297259178277312 -0.199137177125287
-0.429526974221029 0.00464305906377522 -0.195549385201743 -0.214986521011425
-0.448070842796446 -0.127832594620208 -0.0842290995041017 -0.265885475556924
-0.392958081570623 -0.260609108984391 -0.00312539219923944 -0.295957505290694
-0.267892173170717 -0.412511291778278 0.0792303658279643 -0.242421970197099
-0.0798937249639047 -0.498909593678898 0.0908123739076349 -0.108474374875121
0.0447408777198085 -0.497579173881054 0.043179803294621 0.0823973979550402
0.097254628982616 -0.47174406893903 -0.0490981742850025 0.198707633158971
0.0616114328558279 -0.452602927823425 -0.039256485471304 0.284736583869797
-0.0180761554928564 -0.431491431302807 -0.0221736368644819 0.314092890072203
-0.155429710955473 -0.365487300022392 -0.0130112977382983 0.264081627124297
-0.284355252937262 -0.295010456683051 -0.0231268894231033 0.233131482742244
-0.32312011465669 -0.216688279382395 -0.0574171001342659 0.194251542848689
-0.37585869180954 -0.111451717712207 -0.0486807827896206 0.179500876948028
-0.382979113815175 -0.0254155005873707 -0.014832789754927 0.252522917390912
-0.38239024370064 0.0113345001157109 -0.123211699367839 -0.229628740722014
-0.43737786127207 -0.0504524181420894 -0.0479850787013463 -0.234589109008563
-0.419940271922259 -0.194361153993172 0.0238380669903029 -0.260935260149695
-0.338899025701431 -0.316518668007346 0.0386845492149581 -0.305094466111307
-0.196085636520566 -0.44632884796357 0.0730657226253691 -0.281632035066343
-0.0185375929187245 -0.518460508890679 0.0836416905636269 -0.226878340820855
0.0873716326555091 -0.517951745451951 0.0640997665129192 -0.0935329057956922
0.108431372361656 -0.517626135436448 -0.011445449068524 0.00428010061709063
0.0348512509582734 -0.530121488636988 -0.0151571947656268 0.120572848903867
-0.0884303678547444 -0.527594659464386 -0.0289753495161212 0.210057727731374
-0.269218029875418 -0.434183875590911 -0.0306879232214877 0.234190196313346
-0.411635369315019 -0.299398830101054 -0.013150171012689 0.252229271906049
-0.437055000077625 -0.183634178608756 0.00908427613124868 0.231664430923333
-0.458614001679637 -0.0576728942326203 0.0630822973035509 0.206930144557035
-0.436361591059388 0.0133997193090165 0.151099450751514 0.248996660417795
-0.336277733379257 -0.0187368469085063 0.0457069301727017 -0.2362249858528
-0.359725924544821 -0.087645084764643 0.0736978896778695 -0.209393499147137
-0.304007892968542 -0.206683859567015 0.105298522983176 -0.209010746029365
-0.208142693083089 -0.287488965452008 0.0700545544786346 -0.267710022205835
-0.0888684941798722 -0.373412794022625 0.0755113235170169 -0.284645308671541
0.0402461314691666 -0.43354584935884 0.0989805461159928 -0.308777054487864
0.111939742687555 -0.454695826345516 0.10192215257424 -0.251779278760314
0.103472730474534 -0.485403226522134 0.0281093211794718 -0.192635328305508
0.0063705124498255 -0.522213846693927 -0.0196432923841316 -0.0689313086978731
-0.13901741336533 -0.519221192906388 -0.0789160472038003 0.0804544178319317
-0.321316568835714 -0.40565632166924 -0.0784887885926801 0.193054367796414
-0.443964373818197 -0.233404823552486 -0.00606509133729118 0.256104590337225
-0.455569446114323 -0.106994530584804 0.0938875358010353 0.24140091934936
-0.452460888362254 0.0106060285231928 0.197872571983686 0.200328601271864
-0.418803982185739 0.0485479662784654 0.322835221433944 0.223066656811585
-0.242974298234619 -0.0374825105813657 0.182572919134535 -0.220773664203661
-0.23442654596133 -0.0835890649979785 0.142340968816414 -0.160020841058409
-0.164949093144801 -0.155617609768387 0.133214402979013 -0.141687537830357
-0.0841219259769675 -0.189411309197925 0.0715055970337466 -0.211533218329088
-0.0127149193982755 -0.235427154384732 0.0735181979260807 -0.252648416974211
0.0605729057154198 -0.288703833113435 0.118258692372956 -0.339566685251398
0.103845466477127 -0.331271145959653 0.146263979685555 -0.365249329220256
0.0833643773199733 -0.378311908990355 0.0641251939496056 -0.363367828761778
-0.00823629282786948 -0.418611474612937 -0.0409928148673494 -0.244467193033669
-0.13567021384555 -0.409489890767048 -0.146903009676037 -0.0348188121575053
-0.270907938807739 -0.302275021259101 -0.134966361948953 0.160109909379571
-0.354388275779693 -0.141143523480871 -0.00827848598693719 0.2507400805418
-0.36567967979205 -0.0388791200792387 0.167347805088792 0.226866486704478
-0.354244383188774 0.0510776197119691 0.317051368577232 0.169622631854152
-0.329078776362891 0.0617979378740551 0.468435637115658 0.188859708660846
-0.126431169844444 -0.0349686367045515 0.269367257302858 -0.19934837545071
-0.109531209279948 -0.0427432685436044 0.161926519737743 -0.119962047682712
-0.0656654418704544 -0.0731732557660665 0.125242363976547 -0.0965707889737673
-0.0185449178371257 -0.0811647207269249 0.0548060141933356 -0.171844731920092
0.00966027778178302 -0.106326348480589 0.0606312893955644 -0.21826195834711
0.0384721916743238 -0.141799685539167 0.12644377705454 -0.336599295409397
0.0637633502873347 -0.180966833455872 0.176803190209414 -0.428821942750445
0.050584032947266 -0.212430671496242 0.093713493606316 -0.481574951311841
-0.0037376141885186 -0.237105989507458 -0.0620732705532317 -0.367633011203681
-0.0783358741976235 -0.229543050164931 -0.199281887693274 -0.11215929403469
-0.145621798162778 -0.1667598089117 -0.173949040717859 0.141507402807241
-0.185343377679865 -0.0589447076201092 -0.014268046130923 0.247373565581859
-0.2025439589942 -0.00123629434934035 0.212453599218928 0.20835092981295
-0.193602386285142 0.0546696849071948 0.394721053994769 0.139724009372486
-0.182552129686199 0.0446621041226708 0.559513475903167 0.162759774935428
-0.00848083525441609 -0.00811712398059274 -0.562985775451486 -0.110284769210309
0.00568282455707056 0.00178922655760814 -0.43338906099151 -0.0724043742669938
-0.0125207322352855 -0.0166522218962777 -0.240938795709622 -0.146979046242931
-0.0130243409094873 -0.0135274044913476 -0.026845068564627 -0.187985753118774
-0.0121374664107997 -0.00214245836141798 0.136321293369508 -0.126061282917378
0.00197075302949782 0.0173431685727424 0.15962879856628 0.111022723154747
0.000908752580514178 0.0264861061720731 0.0444527512697907 0.38183614539127
-0.0019881396190007 0.0186763482158969 -0.106333539378022 0.508936988883337
-0.00792563317622793 0.00780669232442852 -0.154019770744276 0.462992164179924
-0.00970712162364834 0.0103920216589047 -0.0972632061124321 0.340412324764332
-0.0199715731026277 0.00741908970803345 -0.0350963528385898 0.225121152872391
-0.0269531340365208 -0.00224417770155168 -0.0166436078977616 0.161848657511416
-0.0205783356250024 -0.0116001556732227 -0.0883620733498618 0.0989862738225059
0.00635226869021836 -0.00317950653799286 -0.142649393762462 0.0779844021144297
0.000261778580568011 -0.0162696102966043 -0.26561704241285 0.201141061425325
-0.161453038135495 0.0308391155003781 -0.535744211342285 -0.118764892898107
-0.174103603727775 0.0381502953602129 -0.405695732725689 -0.0999429676933072
-0.201560197362581 -0.0220367768490326 -0.227855314299301 -0.177278513548959
-0.191327456569312 -0.0777153144036272 -0.0314328952669458 -0.213102427785742
-0.155181993023628 -0.143410985179071 0.123717406414586 -0.145573363592043
-0.0705874409130384 -0.188778470715534 0.147172473029604 0.0824034436420365
-0.00705616239073336 -0.197048152337827 0.0440188670949944 0.34814423614143
0.0387353254072953 -0.18059319879523 -0.0986953607859721 0.47250178313913
0.0379414536239784 -0.154088126383443 -0.127591590970989 0.449968504078115
0.0216056402285955 -0.119734663423753 -0.0782856469443372 0.356180940855987
-0.0203845826134011 -0.0917925557726434 -0.0286961525375655 0.239945511881519
-0.061049232923757 -0.0967577499973646 -0.0195645896177602 0.17383641545963
-0.0809702181481626 -0.0998477025798066 -0.089189979533693 0.11154011737543
-0.10932791391687 -0.0723377533083572 -0.137200359027907 0.0936128029018221
-0.140145833172466 -0.0407273953543655 -0.229613234974798 0.213078161552547
-0.289247228871669 0.0495854193397989 -0.443135233531249 -0.15370994561684
-0.332243784525267 0.0424174540311723 -0.325464586627543 -0.15693870844651
-0.362691689343747 -0.0580040679537977 -0.177001272882241 -0.225765172643804
-0.335468262171397 -0.164675007170808 -0.0281611694461857 -0.255032698086477
-0.25339209712543 -0.291105615299994 0.0987711844930309 -0.18851165096769
-0.102960412734921 -0.375034493083647 0.116717115461276 0.00500527594004533
0.00692414785840754 -0.38438810323196 0.0401072339682708 0.241617527653052
0.072748444398297 -0.352986972073151 -0.0785796960294747 0.363976182034034
0.0625307925518363 -0.314380171810695 -0.0825281354734437 0.393242954533252
0.0237651619567814 -0.275168670890233 -0.0468295600606031 0.358549231151982
-0.0600843583160073 -0.226389533817265 -0.0181731515317032 0.262893252081835
-0.144609456950019 -0.207295453400708 -0.0240259046401947 0.201442549728528
-0.18423896105306 -0.178738810573153 -0.085796542114507 0.145755312359423
-0.243339827093032 -0.114495455013916 -0.112538102756303 0.131907984841931
-0.2739642160115 -0.0447808975880765 -0.143875949404427 0.234457670682177
-0.366506244898725 0.0417672195916794 -0.296447893295079 -0.195829174015076
-0.427611158911588 0.00617172383384041 -0.195713595578891 -0.211746618389798
-0.44599354221054 -0.125072598571041 -0.0861541302604629 -0.264710568149817
-0.393267038918501 -0.258974433661279 -0.00474067947232608 -0.294565788859427
-0.267884914268595 -0.409898941686893 0.0770360039745374 -0.242864894146711
-0.0822238028884269 -0.496992370820197 0.088486197080832 -0.108613598718607
0.0430287351262189 -0.497782331594092 0.0433039743228048 0.0822083797639879
0.0959605861131819 -0.46989881471315 -0.0487144508023955 0.198570822392111
0.060506093283805 -0.450459599413931 -0.0388504300877832 0.282026392524296
-0.0180993614908761 -0.429549994574371 -0.0200495985723184 0.313017982104909
-0.155504495119742 -0.363210315320501 -0.0108495232321481 0.263835963426228
-0.283743286287012 -0.291455869185453 -0.0212271013186789 0.232569436136991
-0.323228695979203 -0.214139752818934 -0.0557893949507846 0.193565526295667
-0.374022052465983 -0.109591514288147 -0.0471429211798927 0.178696671745665
-0.379853199575317 -0.0237905517971671 -0.0131309460479303 0.249299408203635
-0.381275965741875 0.0139717406867051 -0.124007858583499 -0.226504112709715
-0.435190884927169 -0.0485344979210089 -0.0488467641880854 -0.231750914993714
-0.419143945456842 -0.191186335887581 0.0211543580428409 -0.259531424264811
-0.337927489273744 -0.31159459358258 0.0363807043209873 -0.303090114531464
-0.197102312641192 -0.443791414858506 0.0708134307108922 -0.282405085319463
-0.021736420256945 -0.517947572509557 0.0818904517862724 -0.226666414889716
0.0862445778104617 -0.51682204653052 0.0632037117584029 -0.09353259514831
0.106525030974029 -0.516819944281769 -0.0118333055531989 0.00440042602793183
0.0345579826555979 -0.529472001646403 -0.0152027283665648 0.119462785178934
-0.0906047739491945 -0.524373704143752 -0.0269716519594429 0.209660532165497
-0.269661529132667 -0.431407699567476 -0.0289475458916978 0.234101031155755
-0.412600539724141 -0.295723834746607 -0.0114235584137941 0.251143132603625
-0.436469664840464 -0.179721528655797 0.0110655277886128 0.229665983396902
-0.456176584919056 -0.0565004533057978 0.0637820725283153 0.206204308427709
-0.433863551280744 0.0146508876124961 0.151551628187331 0.245020028052868
-0.333853548901151 -0.0178123953069 0.0436088183665716 -0.233490272519033
-0.356638231164559 -0.0856255494260152 0.0717069189182356 -0.208005868599827
-0.302077998354657 -0.204955111956269 0.103290359626193 -0.208678198402891
-0.208110681587439 -0.285926076097198 0.0676464722164756 -0.267062368716783
-0.0900991744019809 -0.370750769190261 0.0737344791617015 -0.283468708964511
0.038612394292636 -0.431617816773939 0.0957711614773737 -0.308492113195698
0.109653657760713 -0.45308161681245 0.100642676727346 -0.250813618916409
0.101315713997679 -0.485030269278324 0.0271393357447737 -0.191388075991933
0.00302751804972356 -0.519934499927852 -0.0196790127053365 -0.0689672409291728
-0.142282801840601 -0.517226699456977 -0.0777116556605973 0.0810192720016824
-0.320960707457534 -0.403986716254117 -0.0765884610138201 0.192931338310658
-0.443529130467644 -0.227990907558974 -0.00458149416744682 0.254365959824306
-0.453702418468044 -0.104761812045285 0.0955839087086843 0.238684920764969
-0.450278227026285 0.0109554756029959 0.198352405822904 0.198483163233368
-0.417055321101949 0.0513389814555081 0.32219184063193 0.218199607901609
-0.242443801603322 -0.0359777512248807 0.18021314235743 -0.219199489482408
-0.233302411749304 -0.082203397826283 0.140517138769551 -0.158990755617551
-0.164594567461967 -0.154403609551053 0.131004983144085 -0.14133353094698
-0.0848716743448955 -0.188185818340056 0.0694036868700824 -0.210559192308051
-0.0132141638739016 -0.234522153577784 0.0710185473500395 -0.252219420517713
0.057951525062676 -0.287111959518585 0.115302875852441 -0.337976073029419
0.10257046003911 -0.330319883522903 0.143671769078066 -0.36392397423267
0.0815923731655672 -0.376691969774087 0.0644570221395519 -0.362988864257993
-0.00907974153033175 -0.416657289536746 -0.041549858844677 -0.243631858333955
-0.136589949074742 -0.407445692312135 -0.145488259961843 -0.0349595818604217
-0.271830140773842 -0.299823790684588 -0.132189131408568 0.16066757705616
-0.354935291377096 -0.138645331689414 -0.00607093270403168 0.250030167637423
-0.36403972178498 -0.0369539457188339 0.168295869646125 0.223969939957296
-0.351679595664028 0.0539254419567 0.315941786139636 0.165656262265653
-0.327622127233718 0.0623460284111001 0.467167355566259 0.183895959621145
-0.126054237087077 -0.033966187979773 0.266311459582297 -0.197843408671925
-0.108370570965114 -0.0422979973161317 0.159624218975833 -0.118712937885151
-0.0651166282778837 -0.0727797544338045 0.12316234150027 -0.0965707778259298
-0.0186723489233861 -0.0802201724367377 0.0522714591808712 -0.171014300659243
0.00908621891699805 -0.10560361788149 0.0591230979923671 -0.217406096948776
0.0369694893849119 -0.141180361420327 0.123898068286203 -0.33542391303919
0.0630720499844906 -0.180488398347158 0.174370586884611 -0.428674459441977
0.0492723480234718 -0.211469956311669 0.0925280919998812 -0.47985034151066
-0.00411420439934236 -0.23560793918478 -0.0633500945831083 -0.366018560668707
-0.0792323704621636 -0.229005617523 -0.197696553503577 -0.110985422307028
-0.145618640622124 -0.165139969802094 -0.171289039839448 0.141970439140964
-0.185151058735584 -0.0586046049640182 -0.0121158690069655 0.246649991575464
-0.201767472844585 0.000169970095514147 0.214012676645997 0.205745810664077
-0.191613655020701 0.0556591931458093 0.394102851655388 0.136483068142274
-0.182068938343765 0.0456329433673976 0.557261489212307 0.157885657069104
-0.00823062382729005 -0.00826062326181876 -0.561141715451426 -0.107959825870793
0.00612640721418356 0.0011192285017926 -0.430604258819651 -0.0687707734130929
-0.0129062485676767 -0.0167883248580599 -0.241509951470365 -0.145049288143835
-0.0129942885019137 -0.012939629639101 -0.0275262384554068 -0.186222019367488
-0.0121723535943511 -0.00160486822888622 0.134159453565176 -0.126820529190118
0.00257589062420638 0.0176540271620177 0.158203350601832 0.108876892110121
0.000864986041222329 0.0266948618500785 0.0454342151199136 0.380633607056507
-0.00191124047157878 0.018460446999331 -0.103275298580872 0.506030374864553
-0.00760192452030908 0.00769679065129041 -0.151758738462832 0.461007668128517
-0.00927096246277707 0.0106827985229203 -0.0952508229955002 0.338590763887185
-0.0194282252866614 0.00783618243935439 -0.0333741432082226 0.224182343274593
-0.0270118615228868 -0.00148022218279299 -0.0141296222999697 0.160826059954205
-0.0203676432141068 -0.0109163668466391 -0.0863262944524781 0.0986654605619767
0.00687428494652962 -0.00309671253913716 -0.139957449080617 0.0777773438200915
-0.000313998009514 -0.0163556231128801 -0.261719691417077 0.199721619974361
-0.160657374902723 0.0311767650347722 -0.534768007390879 -0.11484149856033
-0.173345478280684 0.0381727773719164 -0.403127868237847 -0.0954327087499122
-0.200969348173285 -0.0201918104640822 -0.227909294215105 -0.175140847188164
-0.19096557804853 -0.0766354772261607 -0.0324360350503919 -0.21226101494786
-0.154613936092769 -0.142376522934241 0.122193261804512 -0.145914435563793
-0.0703564083483866 -0.187134989872641 0.145848982708904 0.0811536639579175
-0.00746317226456214 -0.196142979844362 0.0444488096766454 0.346936245423708
0.0383212921880779 -0.180061049921534 -0.096853938241204 0.47197065289639
0.0378279112987029 -0.153112593317349 -0.125145885216916 0.447962400965879
0.020847476494074 -0.118750032094269 -0.0755826836465047 0.354606495737951
-0.0206617378140701 -0.0908423275989519 -0.0274487111716167 0.238845917919371
-0.0607621633754357 -0.0953324383739728 -0.0175398831507078 0.172750346700482
-0.080857587546322 -0.0988018785146205 -0.087384887635627 0.11155226711796
-0.10892275149821 -0.0708635810561723 -0.135038772149978 0.0931490196430152
-0.13962429299167 -0.0406765117007826 -0.225910401136895 0.21127212516004
-0.287722305370152 0.0508301234066971 -0.443558729213392 -0.150137086653759
-0.329864073247123 0.0444756460488245 -0.322923105241021 -0.153919271186962
-0.36065139919294 -0.0556454162436726 -0.177802921198486 -0.223309807129774
-0.334108054436753 -0.163624090685631 -0.0287576332503477 -0.254195724511538
-0.253365192933613 -0.288090445107871 0.0970740157546308 -0.188111861633224
-0.10481107530957 -0.372443416840508 0.115157258164135 0.00412516784273247
0.00511682586988568 -0.382868034975251 0.0405122389706892 0.240445645110934
0.0707516485937984 -0.352516285251446 -0.0767961681294132 0.361975425320294
0.0620866566628174 -0.312762334499684 -0.0806883799790298 0.392038514490918
0.0231388990981408 -0.273890175488878 -0.0447041092036783 0.357753692906769
-0.0601983531280353 -0.224092725551642 -0.0163718352523026 0.262189548555012
-0.1445419259676 -0.205002342832344 -0.0219885797383383 0.200550678456016
-0.184024997416516 -0.176457008655686 -0.0831480070366476 0.144915747392493
-0.242569432581371 -0.113145744003106 -0.111205592009167 0.130852458639387
-0.273089037432413 -0.0439014502923511 -0.141864811797692 0.232951445588674
-0.364894265154 0.0428346934704031 -0.297916051728925 -0.191709873137704
-0.425451728149966 0.0085745278015454 -0.195809896101625 -0.209076295976615
-0.44446622572482 -0.123278260642626 -0.0874348788662812 -0.262790514497388
-0.391343931413973 -0.255482849316262 -0.00619166379459112 -0.293353885439127
-0.268430214178715 -0.406681305794218 0.0749887723099664 -0.242181780811456
-0.084688372117966 -0.49425029871714 0.0866529416284456 -0.109621787265979
0.0422965960803318 -0.492643465717657 0.04363623340253 0.0820967883743145
0.0931580084729901 -0.468031772808439 -0.0474410238884631 0.198034818433727
0.0578147778268552 -0.447644041900751 -0.0376468322700009 0.279956489210863
-0.0197748659616167 -0.427195511252382 -0.0184795744310689 0.311639771795361
-0.15585920783218 -0.360442235229121 -0.00910997579810782 0.263574728040448
-0.283103495019549 -0.28780605928682 -0.0189800517473324 0.231239328587874
-0.322295342783167 -0.211009275698503 -0.0536482878861526 0.19183001555129
-0.371944019366561 -0.108585061924979 -0.0459507595489401 0.177747098266744
-0.378788384905025 -0.0232565241012958 -0.0110992057225637 0.246960236823149
-0.37889335953231 0.0151292818134561 -0.125044267341539 -0.223914164262912
-0.432267416782329 -0.0459965079341669 -0.050028290906959 -0.230146412396341
-0.417886020845335 -0.188161221091013 0.0195558015763236 -0.258851908639235
-0.337278307384146 -0.310592776436166 0.0338418511316086 -0.301612081919062
-0.196870709229802 -0.441109042725167 0.0690140109818035 -0.281467512166212
-0.0226384419795081 -0.514242610145065 0.0792122755302562 -0.225870199009927
0.0847698253615365 -0.51488558653774 0.0629100795288609 -0.0928294299746839
0.104289323641425 -0.513706689694783 -0.0117760990866359 0.00470289395658971
0.0314997098268837 -0.525020414114868 -0.0141120547716904 0.118406864111487
-0.0912919277809892 -0.522227212581038 -0.025723551047575 0.209213989509643
-0.269544350821072 -0.428411546297362 -0.026891281079417 0.234155666414273
-0.410685178890355 -0.292784811741396 -0.00930505869618791 0.250404940319771
-0.435357531978041 -0.176996533778019 0.0130930440870285 0.228328485978657
-0.453811581948552 -0.0546304731397856 0.0644923970184422 0.204493728350639
-0.430821944816411 0.0148377894348664 0.152033105932996 0.241475958522153
-0.333280302616402 -0.0171514682058829 0.0419502978361095 -0.232039700546185
-0.354914371809804 -0.0831098672421174 0.070170289106928 -0.205814432031228
-0.300612823954903 -0.20270298204538 0.100149174415872 -0.208264460733268
-0.208086660135507 -0.283023404112909 0.0658830525647947 -0.265713685458786
-0.0905657998610327 -0.368180355876393 0.0719176153584334 -0.283155040002042
0.0362618026627115 -0.431156947491526 0.0928812042515385 -0.306853511670717
0.107680080644306 -0.450721742270666 0.0997081009912326 -0.249197005462051
0.0989685967201166 -0.48260074984788 0.0265303345585027 -0.190618960979041
0.0023313310268644 -0.516270853100495 -0.0191988037108496 -0.0690238299107903
-0.14339284141651 -0.513706455477244 -0.075844448836782 0.0805270316042969
-0.321715793702205 -0.399623527312351 -0.0746680150628873 0.193307949902039
-0.442773615835763 -0.225934117561224 -0.00210772068484354 0.254047488810456
-0.45313427626177 -0.102471674029997 0.0971111672786459 0.236270848955394
-0.44692680575615 0.0133899603212263 0.197377306391516 0.195999172109707
-0.415026512630695 0.0512552330735234 0.322282231799935 0.214411626204581
-0.242168684471901 -0.0356471470030513 0.176923056883621 -0.217738421478161
-0.23208884375756 -0.0805031643284184 0.13825683782013 -0.157395001910321
-0.1635896163956 -0.151479078213689 0.128978647385212 -0.142082498079945
-0.0845942109957327 -0.186812667635648 0.0669948636324059 -0.209806384146667
-0.0142180671806219 -0.232788513477667 0.0693404661048522 -0.251443780634666
0.0564946771628477 -0.285876805691336 0.11260867415291 -0.336959773616608
0.101106282299257 -0.329491068997343 0.142665066126856 -0.363120216702102
0.0800514750508244 -0.376399909038401 0.0616979382746032 -0.360024265440338
-0.0118949522524578 -0.414177603847287 -0.0422935337867106 -0.242441648405748
-0.137164234577588 -0.404983476195783 -0.144071483324831 -0.0340481792953969
-0.272434298359715 -0.296769000406589 -0.130602529702561 0.160321003655907
-0.352072492774215 -0.136408229378217 -0.00446270747657305 0.248745269599061
-0.36204964680477 -0.0348670733720198 0.169263454596433 0.221792221390523
-0.349507259372576 0.0534582409850166 0.315010090137449 0.163387517031243
-0.32493094134545 0.0635432142065606 0.465372561140729 0.178318466768772
-0.125957295025676 -0.0340153360661693 0.262674406493675 -0.197822020221606
-0.108006162824097 -0.0413131207957501 0.157633396347772 -0.118253628510911
-0.0647273851737232 -0.0713395114861158 0.12135268720528 -0.096990589316612
-0.0182259349270691 -0.080618713656628 0.0504962497909515 -0.171166696969793
0.00824052445698766 -0.10474845474675 0.0571276234608393 -0.216575046553809
0.0361935681012107 -0.1409990714248 0.121194884495015 -0.333102719830403
0.0621112846965264 -0.179902406941711 0.1736560140659 -0.425736161729526
0.0486395222809849 -0.211189958609051 0.091200304693079 -0.477329449354414
-0.00501572800184466 -0.235471663032212 -0.064459178795597 -0.365577518896647
-0.0800385851876217 -0.227196695229939 -0.197324482657861 -0.11091557524705
-0.14666338726875 -0.163616669234363 -0.169612363592407 0.142569629226738
-0.184775461897218 -0.0572386434825221 -0.00993238378578423 0.247145528599855
-0.201362855611384 0.00104837268955788 0.21383970859655 0.20317329663384
-0.189952558542521 0.055768163480303 0.392396104407454 0.13368402716369
-0.180071230668284 0.0454777719007514 0.55661607387068 0.152229600079115
-0.00824132830892501 -0.00770600088870526 -0.560674119418922 -0.102955086607692
0.00570348663061594 0.00071888130863023 -0.429252345488154 -0.0643575746231609
-0.0127374100238526 -0.0159751559816933 -0.240560732027437 -0.142965985398855
-0.0135949753911411 -0.0127899191539251 -0.0282361279145896 -0.185159711247343
-0.0119989179269909 -0.00190635919233158 0.132614604529642 -0.127045586846922
0.00302158191822584 0.0175898350548065 0.156780969351012 0.108021316978479
0.00118037776355795 0.0264826163466563 0.0446498930153929 0.379062699690698
-0.0015830493815663 0.0186239941397364 -0.102767118301568 0.504559987839626
-0.00726479678404363 0.00785540883201743 -0.149680292713894 0.458461523984556
-0.00924185949141807 0.0105167402594488 -0.0931986544129106 0.338009458574255
-0.0194129474483919 0.00789676742914861 -0.0324035258195545 0.223068395810101
-0.025967813063353 -0.000637289343584454 -0.0125901081260073 0.160039285637396
-0.0205059539915666 -0.010700877484951 -0.0834992339221276 0.0986577821469978
0.00674164797014668 -0.00378697942814482 -0.138506434473973 0.0766085918227235
-0.000393982007160272 -0.0161941500455872 -0.257980082844774 0.198477635246824
-0.159618133326785 0.0319370002776223 -0.53249797975202 -0.110685539559431
-0.171867248645074 0.0387638879861717 -0.402059570875303 -0.0933364286070479
-0.200227947401525 -0.0193421916703595 -0.227504390920461 -0.173380864201647
-0.190303954640553 -0.0753373834523608 -0.0332803728668163 -0.210715709658097
-0.154260205774505 -0.141513466750042 0.120731352516578 -0.145939079423852
-0.0708391920064179 -0.186287363670837 0.144193830529573 0.0799375614414484
-0.00757523777092543 -0.195042537727843 0.0445307537558031 0.345227001048496
0.0374631379332595 -0.179226296848287 -0.0962464869368213 0.468063239956302
0.0370246298557025 -0.152313053655253 -0.122782536631574 0.445767497751367
0.0209336367733755 -0.118344053853365 -0.0743268137185143 0.353578061888711
-0.0197808333704901 -0.089864469745885 -0.0260439709900066 0.23792086975156
-0.0608602911212295 -0.0934290069734809 -0.0155106316271396 0.172071292581542
-0.0808058302941764 -0.0969605725541656 -0.0846122964609489 0.110626466158984
-0.107822708640779 -0.070919370112818 -0.132992547507869 0.091856687446289
-0.138876792135694 -0.0403877948266442 -0.223163651813506 0.210066585994374
-0.286324897537538 0.051494375544927 -0.441645642439139 -0.145696655107861
-0.328431598774933 0.0450558310471451 -0.322795207805614 -0.151080572007316
-0.359832973715835 -0.054519886259531 -0.178395331144735 -0.221988854170769
-0.332325559408428 -0.161334631064029 -0.030492191985264 -0.252701261267988
-0.252544231233237 -0.286561411788447 0.095919387414145 -0.188516840050986
-0.10537790154956 -0.371076595726146 0.113679533700874 0.00326671645420809
0.00479638088855027 -0.380166821484668 0.0411558331451638 0.239319795768138
0.0703842208677373 -0.349838224920146 -0.0754757958798277 0.360467554342846
0.0617005537812462 -0.311246785753016 -0.080235640534595 0.389876464374329
0.0223054336131892 -0.271772582930879 -0.0422906493100045 0.356171638062832
-0.0597447359000267 -0.223002989552159 -0.0151526614395322 0.261391777023521
-0.144671682130987 -0.202246429522945 -0.020454963739172 0.199907601607908
-0.184006303957403 -0.174009198714239 -0.0813528494781343 0.14448630786286
-0.24069280716636 -0.112022579982738 -0.109641745110943 0.130418034479776
-0.271591182621437 -0.0429834746287873 -0.138963786975097 0.230514209006637
-0.363411363266231 0.0434366950874265 -0.296498088899687 -0.189027357687597
-0.422881670839321 0.0107730255052679 -0.195137880623858 -0.206857310998242
-0.442809497480993 -0.121825331319666 -0.0885894262083038 -0.261040743316092
-0.390972328077035 -0.252948986372315 -0.00847408911273082 -0.291708753434332
-0.267875937781533 -0.40461224799877 0.0735710884380511 -0.241478690760848
-0.0840259103005084 -0.492352161686162 0.0845736065624377 -0.110024727591486
0.0406829442561455 -0.493142020828585 0.0432753884399439 0.0816867354048811
0.0925472246394839 -0.465757122706741 -0.0470024033998337 0.197210954530491
0.056429937953175 -0.44662574922899 -0.0375458762244712 0.279465796939668
-0.0212954330139982 -0.425159096953362 -0.0165394215312198 0.310844307207414
-0.157571090229831 -0.358850020788083 -0.00802099048168197 0.263382451477132
-0.282621023001397 -0.284608416288506 -0.0166999226803779 0.230425744636726
-0.321679344881684 -0.207862298686221 -0.0510078816866827 0.191190475293943
-0.371037405191105 -0.106689896692643 -0.0450520201166461 0.176892805469545
-0.376455271580143 -0.0210323747013968 -0.0100090690707911 0.243836434263835
-0.377218433086864 0.0166671575729687 -0.125140985335636 -0.221134937951391
-0.430020006711253 -0.0448894274000474 -0.050538966058351 -0.226571802979432
-0.417251474574906 -0.184216640635165 0.018622615225272 -0.25786987886162
-0.336450923985908 -0.306409314818311 0.0320039317609855 -0.299571872205987
-0.197446045473445 -0.438513697535692 0.0666044748579468 -0.280851327228135
-0.0236009538962245 -0.512479344600007 0.0765139274967072 -0.22599909922693
0.0830438252385719 -0.512421940432475 0.062397974306698 -0.0922223987132396
0.102936212321951 -0.511296141025042 -0.0117082581689519 0.00498212335745893
0.0308513284586369 -0.522368394842729 -0.0139639400491184 0.11732024113889
-0.0930384619955557 -0.51757786931921 -0.0238687118338325 0.208423267543118
-0.269405306689927 -0.4267096575528 -0.0258510300249591 0.23412803000093
-0.409781720011581 -0.28958163486898 -0.0075683469305545 0.249384832433781
-0.432806030140223 -0.174658263719221 0.0142236413304411 0.226621966165594
-0.451058889784617 -0.0533195514116242 0.0648247200755327 0.203118245431793
-0.429073017628869 0.017011437458963 0.152951445295047 0.238331036003104
-0.331799073762935 -0.0146184122686372 0.0401143747103833 -0.229985938730577
-0.353280643172017 -0.082840347285774 0.0692118476204975 -0.203596951841987
-0.299882377526187 -0.19931958867047 0.0986713888408562 -0.206994025971159
-0.207163580780626 -0.281169017452619 0.063708552787993 -0.264415579847091
-0.0908861786380937 -0.366213353642125 0.0706034486102619 -0.283079382215625
0.0345470605220897 -0.428491448677922 0.0912892708311332 -0.30660913991354
0.10642798626345 -0.449518786334895 0.0983326920707967 -0.248081413272262
0.0978765872380965 -0.479807789140435 0.0268227358086317 -0.189407396049217
0.00155803515802988 -0.514594297416288 -0.019290414861121 -0.0689705105474095
-0.144595418061685 -0.512078350752752 -0.0744838527535579 0.0800568999271993
-0.32115917745459 -0.397385336489459 -0.0729654228178368 0.193484617289867
-0.441484120262138 -0.223226992209601 -0.000558374588566639 0.252801873860699
-0.450455233635404 -0.0996020134371487 0.0979918750423573 0.234558271795994
-0.444709634027197 0.0147642292411686 0.197734531249594 0.194526973511286
-0.411053336195174 0.0535473639854741 0.321245551285646 0.209495220701042
-0.240217266987101 -0.0344552755125676 0.174279785407371 -0.216614938218689
-0.23041430129081 -0.079456446897921 0.136152691290683 -0.155823237047704
-0.163148832903643 -0.149470857401428 0.127150447227806 -0.141555010749916
-0.0835411095617246 -0.185263608726041 0.0649651709466008 -0.209245430357417
-0.0149294532875733 -0.231256074838266 0.0677482641177523 -0.250464623082727
0.0555307557365865 -0.285339782518486 0.109271766480252 -0.336444520675138
0.100454375133669 -0.327899128502314 0.140793017554629 -0.360796631058339
0.0800520041692335 -0.373360695008491 0.0631215932040914 -0.358236298609021
-0.0124954543278353 -0.412017394162557 -0.0410992253929582 -0.24124570891197
-0.138831717125775 -0.402339363897983 -0.143427178181526 -0.0339716752452649
-0.271292848606659 -0.29564218668942 -0.128143590400058 0.160734513924539
-0.352020914806653 -0.135224643295564 -0.00278280626192172 0.248334726282967
-0.361097950943257 -0.0324527896470282 0.170076222830762 0.218873162966126
-0.346832995758053 0.0552071253214575 0.314057896771246 0.161365751554981
-0.323091645752567 0.0632920330125482 0.464420795078508 0.174308476439653
-0.126394198648123 -0.033112160529925 0.260384455837242 -0.196956260801014
-0.106858238673796 -0.0406739918906941 0.155364187234197 -0.116645492437843
-0.0646550654997324 -0.0705271252903239 0.119457011020604 -0.0969649342102566
-0.0183545851453667 -0.0801871976989816 0.0480663313991013 -0.169698710900571
0.00743884045759285 -0.104169506058258 0.0559953840336432 -0.21517508266846
0.0349516381088353 -0.140105753267612 0.118660235059461 -0.332213201368553
0.0606766095284101 -0.178754657235836 0.170401734380775 -0.424827428166936
0.0483455568803651 -0.21053300812841 0.0891062920224385 -0.475410547693686
-0.00620701796336553 -0.233793811421404 -0.0624225538202568 -0.365376331814136
-0.0804451803812773 -0.226145272181722 -0.196432932067063 -0.110488015830225
-0.146160733361962 -0.162755683916825 -0.16745720025617 0.142877090327455
-0.184180153738194 -0.0567279814006244 -0.00880805144005132 0.244858115354197
-0.199768785828815 0.00124528099067462 0.213749190367723 0.20125650112037
-0.188494811634152 0.0558082885217459 0.391694637783545 0.131498095761815
-0.178757222598939 0.0462911076184717 0.555039902052777 0.147009394724816
-0.00866908490548491 -0.00746068113749299 -0.558554833078721 -0.0991519511736596
0.00556083773090671 0.000232412372399116 -0.427386983239341 -0.0623823665063289
-0.0127928545484036 -0.0156505435165112 -0.240373879514979 -0.141571717841076
-0.0129871190797305 -0.0122917393838354 -0.0286236112479337 -0.184228544287629
-0.0118862430230614 -0.0016972017339913 0.131427147007771 -0.126468468662965
0.0031298539869885 0.0177291118489105 0.156268172464819 0.107190258517608
0.0015608637152164 0.026622180794377 0.0453290895879201 0.377744545758053
-0.00142015016643861 0.0185666042514152 -0.101610675333394 0.501908949833096
-0.0076083735602125 0.00783762790143933 -0.147938225112486 0.456150168970972
-0.00899650851494795 0.0107301170508145 -0.0914168526899449 0.335915286567875
-0.018847639148692 0.00803442193305895 -0.0307368339735645 0.222886040879144
-0.0260128455713492 -0.000326758197205087 -0.0109329658789603 0.159643652157184
-0.0203804574003171 -0.0103682159023965 -0.0822630449800365 0.0983559761210177
0.00719629375009875 -0.00422464277552561 -0.136541440718291 0.0752791758352419
-0.000965593022186189 -0.016929538899234 -0.255023016541135 0.196504079916626
-0.159032760407726 0.0325673285522965 -0.531561793525959 -0.106654906172561
-0.171481495055613 0.0388985684938267 -0.40121737315555 -0.0903493158679224
-0.199508381019427 -0.01843390752079 -0.227504095050479 -0.171336038511064
-0.189562969384782 -0.074915012269587 -0.033922550656013 -0.209164275128841
-0.153872290798096 -0.140604276820817 0.119697942254095 -0.145290921854503
-0.0709156757255281 -0.185336929382657 0.142521346072332 0.078897152095528
-0.00743679819767772 -0.194565006945357 0.0449132508774554 0.343900986794881
0.0375391104540058 -0.178724144263281 -0.0947010919305713 0.467790212347566
0.0370002490871605 -0.151618436560671 -0.123061591749621 0.444739676227157
0.0200240201254316 -0.117137771915202 -0.0715697162728198 0.351732040115143
-0.0198959371930305 -0.0891479636393284 -0.025469038443687 0.237452608486413
-0.0604269599073853 -0.0923323506492885 -0.0137251854968185 0.171631469585913
-0.0808303658408045 -0.0956338910704624 -0.0831561303896029 0.110059618564499
-0.106953731969573 -0.0710492857873862 -0.131622348401401 0.0907976844697713
-0.138801908954479 -0.0404812031213379 -0.219298571754061 0.208265338362936
-0.285119553620089 0.052293686041829 -0.440880019058242 -0.142764697195406
-0.3255214398432 0.0453760922164587 -0.321429492658531 -0.14726452861105
-0.358085691230948 -0.0529036382029442 -0.178434550297249 -0.220323105409413
-0.331356747840542 -0.160342060984391 -0.0308065814813846 -0.251145568615312
-0.250570916173281 -0.285068586837978 0.0937768765865132 -0.188040020551072
-0.106079802579852 -0.369353799539545 0.111969575598737 0.00258982754802999
0.00584860420556686 -0.379443257446979 0.041056374252585 0.238688457586835
0.0705130233370209 -0.34899674301809 -0.0757831469510394 0.359683037025626
0.0607711291745639 -0.309348120852975 -0.0797016123775169 0.387688807054261
0.0212346304880247 -0.269846819996508 -0.0415376471763345 0.354153483645806
-0.0597376869382896 -0.221604862174926 -0.014104491684352 0.261483245017425
-0.143658136702035 -0.200262624722008 -0.0183357167014574 0.199305499767833
-0.183252911011868 -0.17268540973138 -0.0800430424400508 0.144049926246707
-0.239411959556862 -0.111583693949803 -0.10814748298068 0.129378506722375
-0.269906134290127 -0.0428739561498298 -0.136860070080235 0.22779942612818
-0.36109439405009 0.0445851146818656 -0.296130750597284 -0.185007496487434
-0.421109177659701 0.0104050894143139 -0.195369656649699 -0.204247133579013
-0.441054846046162 -0.118749294085433 -0.0894822436686097 -0.259774864598894
-0.389537358571796 -0.250897957169852 -0.00965128420596126 -0.290578166170755
-0.267311342062181 -0.401029579179488 0.07141034745554 -0.242633598194169
-0.0848173642323396 -0.490716818476111 0.0829660427249341 -0.109685046494902
0.0396267598599562 -0.490242095140696 0.043614174925588 0.0811523246129444
0.0931560059372286 -0.463811797141434 -0.046776645992884 0.19736420633948
0.0570992317527351 -0.443789787210398 -0.0366008418863962 0.277851209561049
-0.0209652142363243 -0.422626235732818 -0.0151918609543449 0.309385148376164
-0.155497896099819 -0.355511259227479 -0.00680924883206796 0.262646702293167
-0.281524813216998 -0.281743482294575 -0.0151005891840083 0.229241056721988
-0.320412347514538 -0.206029782897771 -0.04941004995383 0.18938781022727
-0.368920013094717 -0.104191689898281 -0.0443656006375685 0.175797057852705
-0.374540902172723 -0.0206277276303739 -0.00829392309004747 0.240835585431756
-0.374800675029493 0.0158067245486261 -0.125665062760035 -0.218664519276291
-0.428358404774825 -0.0436977975567964 -0.0511286741678822 -0.225222484508867
-0.415628467709032 -0.182569777349105 0.0168953492478476 -0.256431433826771
-0.335664311256549 -0.305090330279009 0.0308860684419719 -0.297454850240525
-0.197336687323629 -0.436058302273498 0.0658093755553451 -0.279920066632379
-0.0244017704585248 -0.50976688198133 0.0754394256239379 -0.225452053048326
0.08192314012284 -0.509956242493183 0.0628016562703453 -0.092266595901273
0.103090252156725 -0.509439735301729 -0.0117058798612679 0.00540060455471839
0.0301333249682956 -0.520503146775998 -0.0138686583770352 0.116643871684661
-0.0940415035873061 -0.518118652968548 -0.0227346883140628 0.207737786042316
-0.269916618468093 -0.424100967328104 -0.0248290804949951 0.233616241929738
-0.407937156182439 -0.286140584561381 -0.00556620419099759 0.24834445004622
-0.431593718850292 -0.17169661140612 0.0155786760856962 0.225561495335466
-0.44827601858335 -0.0530518778224806 0.0649934128911 0.201559436862299
-0.425865958912264 0.0172304102212439 0.152727219656528 0.234048455751664
-0.329485530096377 -0.0151607539984706 0.0381093105158141 -0.227624284501971
-0.351571749060876 -0.0806179261016364 0.0678318443887946 -0.202047837105709
-0.29890333032015 -0.196602610733382 0.0976556319685963 -0.207193484722687
-0.20693429678069 -0.279436740589862 0.0612148227586913 -0.26297906043875
-0.0921430932890367 -0.364953231404111 0.0691104322988145 -0.28155381856334
0.0342995954185155 -0.426474080728391 0.0883578977744813 -0.30536630476187
0.106237428753843 -0.448199522214731 0.0977536862241817 -0.246980257650413
0.0964987038693519 -0.477811291437598 0.0262110004764113 -0.188139848067423
0.000749471871744063 -0.511613361903588 -0.0192491464980652 -0.069358795618509
-0.14394967963266 -0.508931581554379 -0.0734070260007575 0.0802844063338201
-0.321173029842862 -0.394953147453829 -0.0717802791363021 0.19345632275686
-0.439348058133557 -0.22188345610558 0.000372385100778153 0.252473613366827
-0.449366034604071 -0.0971583362274955 0.0996264682492877 0.232062783089827
-0.441841909978883 0.0151064516235399 0.196878595075761 0.193015968380515
-0.409352058218694 0.0535331748118804 0.320201031350022 0.206333365997193
-0.240012224636295 -0.0339614851588598 0.171919773252573 -0.214610774240749
-0.229347410189802 -0.0777794341235188 0.134448378694627 -0.154028404025123
-0.162371891932801 -0.14808880349127 0.125295961861161 -0.141007361835275
-0.0834909692200318 -0.184463687676624 0.0631610698875718 -0.20726256077749
-0.0155189482532952 -0.229947759814734 0.0665002720069889 -0.249098402955842
0.0538571979390192 -0.28368843444508 0.107519358259336 -0.335318482707051
0.0999195172460038 -0.326464538053036 0.139220588755648 -0.359439282972102
0.079807362409881 -0.373306874687748 0.0620695252353022 -0.356018864992022
-0.0121420270323064 -0.409638105293409 -0.0418716102326051 -0.240384320693297
-0.13912859235666 -0.400915175203489 -0.141618985864345 -0.0340050260651901
-0.271575741860947 -0.294219794073204 -0.127019005369483 0.16077368184077
-0.350487595225255 -0.133761039340955 -0.00110104074908987 0.247207927040707
-0.360962601766975 -0.03114985296957 0.171389928812087 0.217258335862877
-0.34478511858444 0.0553382123932439 0.312939926266557 0.159533004308159
-0.320746590725724 0.0639909861312286 0.46257397428502 0.170870746275889
-0.126311019820919 -0.0328250639192193 0.257378830759082 -0.194633067165963
-0.10610168783645 -0.0401464960268624 0.153782906103705 -0.115900009171263
-0.0645770969263649 -0.0697498061882012 0.117832203698564 -0.0963284121435742
-0.018360225186558 -0.0792999832664739 0.0474899035018056 -0.168473366014759
0.00760515558120888 -0.103567185103703 0.055262239602104 -0.213991441118036
0.0341526649553063 -0.139903692167483 0.117070814395702 -0.330186406609828
0.059984270723968 -0.179158309896558 0.168011960523018 -0.423199100090355
0.0485203351153673 -0.20910782569412 0.089885531885318 -0.474080975243216
-0.00679122560748474 -0.232654400988951 -0.0629030246921772 -0.363182602720603
-0.080401170944424 -0.225312163662157 -0.194299240799274 -0.109685186497829
-0.145898651115666 -0.161939392869333 -0.165835802850707 0.142587847250281
-0.182643947832011 -0.0559788261546034 -0.00741143754795591 0.244896055942553
-0.199107495660091 0.00175072359483462 0.214363465138014 0.198065106843786
-0.187000783898189 0.0563475251710941 0.389431772023935 0.129248937436471
-0.178014024812827 0.0464727886466705 0.552226156463285 0.144108578590829
