TRXV5
3
4
4
9
string Extension=J
integer IsArchMeasurement=1
integer IsSpherical=1
string Generator=SPM
string GeneratorVersion=1.3.1 Dev
double ArchRadius=0.449999988079071
integer FrequencyAxisIndex=0
integer AzimuthAxisIndex=1
integer ElevationAxisIndex=2
Frequency
5 201 800000000 900000000 LIN
Azimuth
7 8 0 2.74889357189107 LIN
Elevation
7 15 -2.74889357189107 2.74889357189107 LIN
Polar H Real Part
13
Polar H Imaginary Part
14
Polar V Real Part
13
Polar V Imaginary Part
14
Polar H Magnitude (dB)
12 0xC0000002 0 1
Polar H Phase
7 0xC0000003 0 1
Polar V Magnitude (dB)
12 0xC0000002 2 3
Polar V Phase
7 0xC0000003 2 3
-0.0175818512713275 -0.0478884716447303 -0.197842290919541 0.0826787125237957
0.0111930778886048 -0.0157341847769573 0.0218043708408715 -0.152641832724721
0.0328763234159568 0.0108656303733457 0.354173847189251 -0.0950615849128172
-0.00501592096861302 0.0185627180336504 0.34819820552579 0.384712327434897
-0.0519957704222463 -0.0108425185251673 -0.271925602016711 0.7476573742428
-0.0356085520964904 -0.0749874337039314 -0.872322709703834 0.257902123029623
-0.0238557155430798 -0.0720010934856559 -0.564420408221878 -0.323727777063406
-0.0292482091851633 -0.0625925582580533 -0.0840724411683155 0.0175672647650583
-0.0854756505079647 -0.033616380915676 0.568135028773659 0.326715471376913
-0.0459310781958053 0.0356227835526186 0.829646155025593 -0.312627697301303
0.00905851920239238 0.0504435011397872 0.17671495164587 -0.81671353433435
0.0481363049345673 0.00832554114301548 -0.468064068199258 -0.381815381716228
0.040334586341436 -0.0406046798266606 -0.367795042783931 0.100206856175226
0.0113757048339686 -0.0230046854083454 0.0170339497706004 0.14225282574508
-0.015536610596492 -0.0241769411281946 0.220561714155669 -0.0756961013263441
-0.0222013468838793 -0.044308912601928 -0.202155804448085 0.0868347924546162
0.00426956006767323 -0.0102269802956108 0.0183046151813 -0.14504161146628
0.0269109663573382 0.0169047107870541 0.353710407331799 -0.0920752033025533
-0.00556080859951455 0.0172858506804333 0.3432293520653 0.381050114652065
-0.0491128033060297 -0.0158231171358115 -0.280809152610782 0.737600821334596
-0.0337424263853627 -0.0753833695878602 -0.880753357915587 0.246864102792932
-0.0270047880211141 -0.0710031552115675 -0.573814397698083 -0.334916720636027
-0.0334970725328841 -0.0617701361017681 -0.0942037615377379 0.00833904943828921
-0.0880392489121336 -0.031147666366815 0.556675044278985 0.319756609852881
-0.0440383581145393 0.0350235199358897 0.820422439692272 -0.317115835899854
0.0106342591348061 0.0465747299244079 0.166711574976195 -0.82230037769929
0.0476663670132333 0.00820653767823703 -0.472015776917102 -0.385002518105254
0.0368790925698583 -0.034319020932355 -0.369257871274539 0.101928203546187
0.00595295104529169 -0.0169086318537249 0.0145399839273186 0.148938340641712
-0.0200286502914753 -0.021783286494239 0.216090602792189 -0.0735858259606964
-0.0262579409063776 -0.0395784611292125 -0.20713835534599 0.0878454672991023
-0.003699561703653 -0.00456337572151529 0.0108307880215364 -0.138112843024063
0.0174959221644339 0.0230022015710026 0.35509248947576 -0.0926260785963172
-0.00956484087040995 0.016154131057287 0.344246141082848 0.3730375502091
-0.0453451026432571 -0.0206880028910022 -0.279243065553138 0.728362337600532
-0.0286678915881915 -0.0744062484035131 -0.885470452340401 0.243360912742374
-0.0267823502743122 -0.0668107657093766 -0.584536927767451 -0.337335923064227
-0.034463601040212 -0.0586691184925946 -0.105492354703638 0.00127298684544843
-0.086563164518515 -0.0281022465399082 0.54486217705011 0.315856398468824
-0.0391190375929778 0.0344971646490633 0.812952170147909 -0.317500868015769
0.0127050400169839 0.0415209337742347 0.169815455398678 -0.826410798194352
0.0433507515091999 0.00855297339627648 -0.469466416678818 -0.392272292097583
0.0295921526467349 -0.0273935302450628 -0.371062039549761 0.104062523029922
-0.00266141690634311 -0.0094228005542729 0.00956423131811109 0.154807148706483
-0.0242103745796579 -0.0173692416461864 0.212736437785836 -0.0712024849143879
-0.0286065841744271 -0.0308656837357655 -0.21035595994068 0.0862501390484852
-0.0116279831115166 0.00258010145486677 0.0038707994243442 -0.132607349532098
0.00569149349811521 0.0289504807533006 0.357573044710352 -0.0935734728228435
-0.0161341788120726 0.015518387030522 0.35487149881923 0.364772897177437
-0.0413817406043485 -0.0235592753437639 -0.266417746755475 0.725647506882043
-0.0201042755843947 -0.0720405135536278 -0.8852343438352 0.255850882021129
-0.0213970948441505 -0.0594959297307083 -0.595277395276828 -0.334381908912358
-0.0310019636943698 -0.0527217908236255 -0.115492797456272 -0.00491627648812445
-0.0790539017246374 -0.023377575915602 0.533350592845292 0.318589476035741
-0.031188347049107 0.0342412439764383 0.816284053517601 -0.308914905869909
0.014940195652125 0.0373513845497768 0.185772333113406 -0.830129499053928
0.0366363691175435 0.0085689550966129 -0.464115391806042 -0.401079382497282
0.0210941421158138 -0.0200743639934119 -0.370297237487268 0.102913917852323
-0.00898581757518016 -0.00231597687377986 0.00321922827038729 0.160508480978663
-0.0268928424271718 -0.0109677522821857 0.207108454925219 -0.0729262010155642
-0.030410577980525 -0.0228646854488315 -0.21295046809532 0.0828038230377504
-0.0181168753072343 0.00775260497890254 -0.00345172696548351 -0.130942296016714
-0.00710136189591838 0.0343234586368816 0.360550696669343 -0.0949982696944172
-0.0244852177193873 0.0157181862640153 0.369463987026664 0.353826494521482
-0.0377120952307867 -0.0240190966280594 -0.243115904408221 0.728830202342006
-0.00945456746251422 -0.0693518884853083 -0.875899106876595 0.273038331130345
-0.0132496133048069 -0.0512390210127056 -0.6044658881336 -0.325557994685632
-0.023259449266062 -0.0445900182823898 -0.123580664834072 -0.0087260160874375
-0.0688169507668963 -0.0174594577220964 0.524184119775933 0.327847157484611
-0.0206537616646816 0.0348949025333136 0.823854983695958 -0.290379639398078
0.0171352119093225 0.0342221095338841 0.207704934687253 -0.83134544376982
0.0293136383240768 0.00941260006448013 -0.451534423883323 -0.413600773696442
0.0118438267466199 -0.0141984617920594 -0.37373647496309 0.0996887346440917
-0.0147619792509846 0.00352936010575756 -0.00257366144899534 0.163533123773405
-0.0285842508010562 -0.00347353910211005 0.204496109705601 -0.0742086408282381
-0.0293641090647889 -0.0141770586452582 -0.214655216645128 0.077346946542381
-0.0226065523328891 0.0112928366301304 -0.010241492536811 -0.131664694019608
-0.0179281040500971 0.0373573210031747 0.36171326306908 -0.0987186515619355
-0.0332880981578415 0.0153540823757901 0.384599902293749 0.34522900908116
-0.0357491258363986 -0.0243419428719595 -0.216616469269778 0.72994694438822
0.0013221583408293 -0.0668521098215868 -0.863495335832278 0.295465063260284
-0.00245515623568923 -0.0431451263127534 -0.610993898612795 -0.311376623361702
-0.0134021551070244 -0.0350788818408885 -0.129190023959188 -0.00936294540719131
-0.0568632360913793 -0.0113738738116865 0.51788196290556 0.340580587028453
-0.00950561828524914 0.0360048306232093 0.839144154067899 -0.266039137176758
0.0192390300720002 0.0316868823783578 0.237591689250861 -0.826702087885593
0.0204319015081784 0.00940151060615943 -0.436269963963155 -0.425782242939141
0.00304642937378996 -0.0100871625421526 -0.372288683124604 0.0933764969062241
-0.0191450242525797 0.00685298685732693 -0.00835597509556163 0.165074196228868
-0.0271685044306234 0.00403584694900301 0.20298130817177 -0.0804502670618003
-0.0263622594068817 -0.00693725531988408 -0.215401596450457 0.0703679663752581
-0.0226163003620283 0.0120170973516047 -0.0152671520266271 -0.135470192338876
-0.0243450185710253 0.0392967991213552 0.36403070359156 -0.102612048493433
-0.0410704518647318 0.0168106194930576 0.400920901212782 0.338177182905365
-0.0349154970168413 -0.0217543251607915 -0.185882327627309 0.736257800608176
0.0105740513801032 -0.0650279624245443 -0.846098893644996 0.321500616549849
0.00895051091571015 -0.0373054934166436 -0.611746314022717 -0.29559418793401
-0.00185502362637304 -0.0268711558688428 -0.129922399700566 -0.0057061462141839
-0.0427180440651502 -0.00450261599703519 0.514606960446485 0.354211286883709
2.31441011116131E-05 0.03829760299504 0.852881925421072 -0.241237655744301
0.0204016628271928 0.0312197740042443 0.266403218889426 -0.820559783715681
0.0140354560572768 0.00951897886836812 -0.419993649374588 -0.43592067028647
-0.00333679732413945 -0.00996606129495034 -0.371713300950583 0.0891700467266508
-0.0216011720544058 0.00695638706690662 -0.0125162408970956 0.163774131325368
-0.0252805114984954 0.0102721835599807 0.203843830798504 -0.0824229438515094
-0.0212530742889767 -0.00327418939274605 -0.212493888135621 0.0651635327257308
-0.0206881139570893 0.00991159369816092 -0.0176197105405338 -0.140546796890682
-0.0263114576023044 0.0371965582333144 0.364248946243169 -0.106719377446312
-0.0462784556062574 0.0179158090717699 0.413589493064362 0.334002148329968
-0.0346107568152257 -0.0176443073171437 -0.159353670059858 0.743242759587582
0.0164584435926824 -0.063751996101788 -0.830270423037389 0.345117018848892
0.0195113590913638 -0.033567945622911 -0.608854089541427 -0.279679303518414
0.00861594415790745 -0.0205933035167774 -0.127366335761889 -0.00135686362537685
-0.0323029799467798 -0.00191602903405318 0.514621877998966 0.370599414313281
0.0070338184519516 0.0392524245307669 0.866851460535261 -0.217019338511323
0.0208201530338933 0.0335771929623147 0.294962049301721 -0.809303242764797
0.00768149908890792 0.0103855998060187 -0.405993139157894 -0.440435563274726
-0.00833300090908984 -0.0117599468220073 -0.372056631733793 0.0836220614978336
-0.0206517357013361 0.00492990340270641 -0.0138811201021896 0.159142094101344
-0.021524096978654 0.0138372322488113 0.205511839894456 -0.0905497633866797
-0.0181035748927688 -0.046820437189716 -0.197600998236167 0.0846142774590559
0.0102198312953339 -0.0159158773599937 0.0199390460586144 -0.153384307819404
0.0332777475904046 0.0110147613810783 0.355735966101648 -0.0994985706280847
-0.00502325879843037 0.0181979151053678 0.35303417726842 0.383731909872282
-0.0520362251977646 -0.00977793586820817 -0.265393361600066 0.75328827536953
-0.0365821627925738 -0.0744263900542245 -0.874466706684345 0.267592474059808
-0.0250369471996611 -0.0706416668949811 -0.570273213194364 -0.320061456858401
-0.0301221271795709 -0.0623210947895462 -0.0846370989869476 0.0184948906427684
-0.0861986938361227 -0.0317149218043137 0.575336198317295 0.322418283173057
-0.0458807958736535 0.0359054522085575 0.830555842598497 -0.323336518343949
0.00993267806598524 0.0504992228713257 0.165901541492041 -0.825312701969629
0.0487577006065312 0.00758950605968864 -0.478256739153323 -0.376781242935601
0.0407277279709992 -0.0412064743825606 -0.370088336107865 0.105669470681872
0.0113543148515387 -0.0240426882125966 0.0177608477879009 0.143220497265597
-0.0170728721013388 -0.0235216337765208 0.221037863296448 -0.0775073917894259
-0.0223127107902569 -0.0440938299095116 -0.201984101149249 0.088196112774775
0.00435247577780212 -0.0103213215835005 0.016266060972823 -0.146026397380077
0.0273508027098851 0.0164899971301448 0.355561437407663 -0.0986430894084186
-0.00559945661683105 0.0171140863644872 0.349095529209918 0.37983200257869
-0.0491973108474082 -0.0147383411891059 -0.275062749460945 0.742866231740767
-0.0344498611206197 -0.0749569609637859 -0.881258464555338 0.257199018607808
-0.0281875478139751 -0.0697801229267732 -0.580279259495233 -0.33159279652289
-0.034109655326392 -0.0624752716740962 -0.0952966173057077 0.00975316069353445
-0.0889561489937487 -0.0314227108675912 0.56220233420464 0.315903527673008
-0.0445735367203635 0.0348130765566954 0.819502044233725 -0.329262115270717
0.0109449544966916 0.0463320215907843 0.158414489518238 -0.828280144220012
0.0481443538152783 0.00769771111449666 -0.481033803803548 -0.380542547929519
0.0368210175386319 -0.0354630785818713 -0.370338102618961 0.10923799055466
0.00498122224685968 -0.0182986010961022 0.0147723822701622 0.149962888414848
-0.0212579121856007 -0.0216553047015621 0.216731128877061 -0.0748655002099536
-0.0267627029322451 -0.0385540001155092 -0.207432007672879 0.089497935490648
-0.00388369687527759 -0.00384004907141881 0.0100130735637464 -0.138974971418472
0.0173698725503808 0.0234931651541266 0.357116931451216 -0.0973347778959342
-0.00983270660267605 0.015757172837428 0.351690386730127 0.371016316209991
-0.045718117446514 -0.0191232181696562 -0.270652669961086 0.737017442731464
-0.0293699117787581 -0.0740638968903364 -0.886906937119603 0.254119203493064
-0.0270775743492115 -0.0653540750405343 -0.591390068982575 -0.334528682445363
-0.0346746237007735 -0.058525742381011 -0.106731927235148 0.00344426789926751
-0.0867408647919989 -0.0271286690729656 0.553160854872322 0.31280011266459
-0.0393199705878387 0.0351624610166663 0.815750147695766 -0.329697431269137
0.0126166667985007 0.0420997648665922 0.161225171066503 -0.833324008754199
0.0438829568100305 0.00789171215329366 -0.479266095310408 -0.387586428549391
0.0291666824552592 -0.0282480539182209 -0.372471251823132 0.109215718245915
-0.00210484974626386 -0.0101029266966391 0.0107674664101628 0.155935350421744
-0.0255994799563306 -0.017099958094682 0.212107517770713 -0.073594651773869
-0.028889587604604 -0.0309312392338335 -0.210232225614475 0.0892628282334162
-0.0118151376853687 0.00293410574371088 0.00267132521620669 -0.133809657185411
0.00537064052022599 0.028790385439199 0.357425571777859 -0.0978235614750437
-0.0163960257851552 0.0155691599474432 0.36248415557884 0.361881395920529
-0.0421178504749178 -0.022021496854857 -0.256873788475771 0.73416798247104
-0.0207524283680607 -0.0714639074181527 -0.886272729226789 0.266678359281571
-0.0230245294585829 -0.0589412945317288 -0.601869516394781 -0.330394409705532
-0.0317271618395259 -0.0523123597346108 -0.116917699661088 -0.00322166014265034
-0.0802731376035177 -0.0220221244096525 0.540952828511974 0.316778317377723
-0.0308631183517338 0.0343826872923119 0.817540571879291 -0.319458901337809
0.0152521910812438 0.0373488974058347 0.17748485906542 -0.838616517507704
0.0375786029467678 0.00917313245913285 -0.472437032555332 -0.398323173570781
0.0207742158725776 -0.0208402350747758 -0.372263865620538 0.10827112373095
-0.00939066611255116 -0.00277159893459433 0.0049406306848658 0.160937304357377
-0.026845186410357 -0.0101071479783042 0.207592113995935 -0.0744786189036779
-0.0306255845553636 -0.0222488192091842 -0.21336796667412 0.0847142782666542
-0.0183838645368251 0.00836845558648826 -0.00509882235622058 -0.131933685964397
-0.00695340226784433 0.0338472376908887 0.360234531927375 -0.100583847462969
-0.0244176598954872 0.0153270830149119 0.377707860996934 0.352294426018982
-0.0381264543281148 -0.0239669866615747 -0.236576316548896 0.733652765434865
-0.0104931101621081 -0.0688998653960227 -0.876672280509208 0.283487245379473
-0.0141022026452312 -0.0508159338107267 -0.61094884583321 -0.321832590832653
-0.0238421123963797 -0.0443815500017425 -0.124559437734232 -0.00707134891868573
-0.0690212162846583 -0.0160848216727434 0.53074946018353 0.322675051054348
-0.020423877327307 0.0356450321144756 0.82655273550092 -0.300815369948461
0.017848685954463 0.0336891721312353 0.198453792864224 -0.838690173602753
0.0296570426020178 0.00911050675636156 -0.461181439220426 -0.410470630574223
0.0115037138436497 -0.0145386387295946 -0.374247168231524 0.105284520687758
-0.0150009591556799 0.00284430027352901 -0.00173381393716741 0.165001928696276
-0.0287220025237416 -0.00311240790488048 0.204981151926597 -0.0766765828822455
-0.0291153507356602 -0.0130333985088759 -0.214572551683037 0.0799836858292205
-0.0226920228350923 0.0115199484408188 -0.0120592848568916 -0.132223961432395
-0.017216790839613 0.0378281264459275 0.361851804758193 -0.103302070603797
-0.0342881450715061 0.0157407126414565 0.390971517741617 0.343149963012852
-0.0350002793599304 -0.0238460632867813 -0.208468477676523 0.736170488230643
0.000727148573171084 -0.0668133654929708 -0.86505093290214 0.306652319268809
-0.00306273399720095 -0.043780769827216 -0.61695934674394 -0.308089024466962
-0.0136958839918453 -0.0348597606399023 -0.130338638443051 -0.00712553137820435
-0.0566533783842685 -0.0102751686400342 0.524319165160783 0.336851956244416
-0.00944708978159626 0.0367859225445458 0.841158442029178 -0.277667070161231
0.0191579431377649 0.0313430321542945 0.229107256887591 -0.834571861620305
0.0214061492243917 0.00968752603686289 -0.445150241317677 -0.422289268186986
0.00318237920378188 -0.0108934265612778 -0.374063668518279 0.0993345899674683
-0.0195345695724601 0.00670491201829713 -0.00632241435087362 0.165583052685448
-0.027564534708989 0.00497746083611519 0.203277175549138 -0.0816708114408507
-0.0265813522647628 -0.00597059640203378 -0.214673653875298 0.0722147629291657
-0.0225845391579741 0.0116767178014761 -0.0165824519217143 -0.13644737771235
-0.0239952324053496 0.0399203555560513 0.364888864751554 -0.108327260548062
-0.0404235824661854 0.0171045182697429 0.406499153986002 0.335369641380461
-0.0344267218682142 -0.021918494827426 -0.178815638018536 0.741921193177225
0.00945296515794575 -0.0644625186906692 -0.844765689798321 0.332375143334118
0.00921614132817271 -0.0375191051049663 -0.617673876960111 -0.291144006936889
-0.00161104266687345 -0.0267484145403147 -0.131425309269733 -0.00498914426535091
-0.0428834623317483 -0.00453691108383612 0.519301417931665 0.353214455251108
0.000194940535794118 0.0380916225950984 0.855081385826217 -0.251223161454598
0.0207758817219523 0.0313890113375358 0.25597310884503 -0.8291955908206
0.0135482353505651 0.00970896528611244 -0.429565986797448 -0.433185370398217
-0.00450501026513181 -0.00996118819858167 -0.373424235630883 0.0951722032220713
-0.0218957052539307 0.00658131102043416 -0.0107157808746188 0.164766797320334
-0.0260241894287602 0.0106317016744654 0.204022236287266 -0.0841698173927005
-0.0219760625463449 -0.00165783365650497 -0.212727928213431 0.0672107748012149
-0.020692285938045 0.0103565522159249 -0.0194286157465546 -0.141229512147412
-0.0260735974068133 0.0379622952872293 0.365497332448245 -0.112174021168442
-0.047311229131876 0.0181384698947166 0.419815487904825 0.331663019640725
-0.0348227127341905 -0.0178851071912429 -0.15205061250548 0.750402300736959
0.0155660340310261 -0.0640648123346819 -0.828939335312687 0.357328406196034
0.0183700996567152 -0.032757018992697 -0.615954676494315 -0.273560464962862
0.00885050435874418 -0.0207700796355832 -0.129023323925754 0.000295604694902274
-0.0329926049049266 -0.00121484501690974 0.520351780174026 0.367421768749217
0.00751814777842234 0.0395679773441618 0.870092017690308 -0.226822117919838
0.0211971837624469 0.0341038305419725 0.285736150230815 -0.820037171726601
0.00756784531097935 0.0107141770256636 -0.413565872851998 -0.438977369825375
-0.00830770990848528 -0.012548026423649 -0.373994392450829 0.0889935560077637
-0.0203919170268938 0.00410520591030154 -0.0139098706044754 0.160211686420641
-0.0219093895900664 0.0143550296091786 0.20520709375406 -0.0923209035552557
-0.0180752024975251 -0.0465041944873545 -0.197740787744142 0.0872075933698578
0.0106924873210817 -0.0160910640000731 0.0179280714520009 -0.155079230843719
0.0332722050936612 0.0107232299649084 0.356916087961074 -0.105489211538887
-0.00487125700302585 0.0187344629945676 0.361488063945069 0.379784355874006
-0.052401213951189 -0.00958645071591852 -0.25680240516089 0.762105831612352
-0.0374132646766345 -0.0746696051572998 -0.873852963136884 0.279205609987206
-0.0257402715021973 -0.0708640832300694 -0.576547479437045 -0.319152472433139
-0.0303153410166687 -0.0626916991128129 -0.0861689378672757 0.0204396120574581
-0.0867733547307087 -0.0308345652770312 0.580053994430673 0.318390222256561
-0.0460048384962241 0.0360633906124092 0.830425719473461 -0.334740362256134
0.0107508001279939 0.0508417757703162 0.15586558881743 -0.829781766994557
0.0497347911348616 0.00801155915472154 -0.485478783445661 -0.373222680720829
0.0393702056872786 -0.0429334871503754 -0.371733798114627 0.112029972183111
0.0101089359477026 -0.0255048100128605 0.0194990321864737 0.144299576216323
-0.0170419537299269 -0.0230977612914427 0.220493518390815 -0.0791566259951893
-0.023181520154725 -0.0434935036328853 -0.202190175279408 0.090987360152286
0.00411971280971778 -0.0103029102350807 0.014746093644466 -0.147361103376904
0.0267434468409729 0.0175233884580592 0.356868379894836 -0.102815060019914
-0.00570879159753607 0.0167222720155248 0.356193819119747 0.377392598756618
-0.0499434491558154 -0.0146349896104948 -0.267629982755959 0.751069672959635
-0.0352473264831336 -0.0748842241872185 -0.884919065998591 0.267617046741761
-0.0286301675071649 -0.0698970689397086 -0.586958883466678 -0.328046550729181
-0.0346772584313408 -0.0619820462627862 -0.0966483162567586 0.0111940870623163
-0.0897892401439344 -0.0293444635280803 0.570617761783095 0.310736383141368
-0.0441995160990371 0.0356881265694357 0.818815168892048 -0.342030202053526
0.0119864989190114 0.0466964392837237 0.148795681436467 -0.836550349732982
0.0490277858774799 0.00734228110790086 -0.489645126043 -0.377487957460918
0.0359164581377486 -0.0362673216613005 -0.372304628076658 0.114829558247633
0.00378220101937306 -0.0184530479167725 0.0163665510914285 0.151599368744097
-0.0223256813467326 -0.0215115392387209 0.217532157393098 -0.0768420542547355
-0.0265863294471933 -0.0368953798835366 -0.206707540442721 0.0914001240962183
-0.00131040674259554 -0.00353515471400836 0.00858441871612593 -0.141077305828538
0.0172640335330707 0.0232606826584892 0.357880671092227 -0.103191079871905
-0.0101271667275383 0.0163126440248399 0.359089286163843 0.369033505910097
-0.0448997500291503 -0.0186067139097337 -0.264385958540938 0.743021750424063
-0.0302395330240888 -0.073511050162219 -0.886747967760834 0.266006616353205
-0.0273265555631775 -0.0650839884601034 -0.598663306101135 -0.33020081588542
-0.035373415807164 -0.0591064005516914 -0.107095747765742 0.00412637243553586
-0.0874204564592052 -0.0259021055039292 0.557889374958594 0.309350586666658
-0.0387656564234238 0.0352266881136498 0.815853150001537 -0.340082513303537
0.0141036851563825 0.0421014406180313 0.151889788624189 -0.841400308407584
0.0440070252701173 0.00807380109996705 -0.487273552593321 -0.383660746854904
0.0294421091577665 -0.0291130134893115 -0.373196927573817 0.115444111061389
-0.00182477387890489 -0.0103805664117373 0.0112509963388226 0.156728148725879
-0.0258766512877466 -0.0163618578378669 0.213480801390738 -0.0755587810959636
-0.0292623369779526 -0.0302103931084008 -0.209977504673019 0.0914364631852413
-0.011590963398321 0.00372353564386012 0.00149685718766078 -0.135524424154802
0.00596197123412022 0.029488549002556 0.359319186558043 -0.104355473489011
-0.0166647700937086 0.0153501490368234 0.36859008592543 0.359479571215633
-0.0415934702776198 -0.0214249907144799 -0.249586473831319 0.74006075934948
-0.0213945224991427 -0.0709530509396205 -0.886401435549405 0.277809078613748
-0.023024110865472 -0.058308106310591 -0.609521380710674 -0.325397635603422
-0.0320753622978357 -0.0527676483185269 -0.117419064810571 -0.00116445389749234
-0.0809409700532837 -0.0214875795395717 0.548397883706056 0.312435571556233
-0.0306940356553605 0.0354161015662283 0.817762219317552 -0.331996480886818
0.0157547188119252 0.0375364989601468 0.165902454129208 -0.845031752258299
0.0383975632679017 0.00853702213991163 -0.480752483265685 -0.395631143188865
0.0208642304451897 -0.021562490406006 -0.374682426109083 0.113976769754645
-0.00938292510994485 -0.00301703953435471 0.00576343241895519 0.161801197816081
-0.0279559379338716 -0.00925037910310727 0.207990033740054 -0.0768574310859762
-0.0302800269372391 -0.0208718793729263 -0.212686387823795 0.0868869376692909
-0.0183745398046272 0.00836081070126378 -0.00575351521694319 -0.13371100495573
-0.00653833381412402 0.0345316486187044 0.36142848302522 -0.106167410645462
-0.0250009753796333 0.0153510557045037 0.382675850941941 0.349605015270808
-0.0383602977361481 -0.0230411248812826 -0.228251275169527 0.741300532915615
-0.011502396008542 -0.0685684955243896 -0.877389561933758 0.296973591456249
-0.0144710094594075 -0.0505289986072416 -0.61727640337059 -0.316081138642842
-0.0243463436589785 -0.0440780172597824 -0.126207882244153 -0.00456814182738734
-0.0703412747830305 -0.0157199030587658 0.536592678753356 0.320408980301652
-0.0199962775177402 0.0350570689773137 0.826456763132378 -0.314202347275467
0.0181630610595023 0.033554121499284 0.186906818476016 -0.847077768968517
0.0302596816200192 0.00878751794675827 -0.470394841779641 -0.406201471435104
0.0108835555480014 -0.0145643760110573 -0.376774251825561 0.11138830757667
-0.0157014446377624 0.00240377589713923 -0.000413642743126755 0.16631837185485
-0.0292870033833048 -0.00230661881453406 0.205316083096348 -0.0781489928666388
-0.028764294816762 -0.0124907126567135 -0.214221548698419 0.0825981855220463
-0.0227302835923913 0.0121425344174086 -0.0125669337075492 -0.133245337026697
-0.0161494884556343 0.0380252352754082 0.362980878121786 -0.109714417738738
-0.0338142317639145 0.0164373215216418 0.397411613737247 0.339856712212142
-0.0354932345343505 -0.0232353305508674 -0.199818557631503 0.743833802707541
-0.000436760780370717 -0.0667391923235729 -0.86432488383098 0.317813405931789
-0.00312454900606558 -0.0431774268993787 -0.624125757836766 -0.304006191274003
-0.0136614873880562 -0.0349662865117359 -0.13138358270993 -0.00617530556628414
-0.0567505506130075 -0.00917212528230594 0.529745960805023 0.332846300837461
-0.00960195386325413 0.0365833044364294 0.841722404104319 -0.290037231534163
0.0206523048076238 0.0317650856080148 0.218213679608077 -0.841655240663073
0.0212629050237557 0.00910858712737673 -0.453481495025864 -0.42044313724441
0.00241935757084295 -0.0112896784330666 -0.375835262435702 0.105657095387932
-0.0194344595546052 0.00630776620127176 -0.00537303670172742 0.16676404834457
-0.0278593161459642 0.00556873071749404 0.203126806014435 -0.0840156417685157
-0.0259192095639341 -0.00490940692761988 -0.214254777831716 0.0746209948273907
-0.0229231333263056 0.0133282884427804 -0.0176486365754058 -0.137787788778969
-0.0240418474778752 0.0405505879009504 0.365914391766637 -0.113586462723651
-0.0418916702379803 0.0168391968679052 0.413188994171274 0.332815721159181
-0.0343685040059887 -0.0213412305680702 -0.171965573048887 0.74927476992971
0.00929981753558771 -0.064952525887101 -0.846865093380105 0.342431084097192
0.00866203707329349 -0.0368476720523423 -0.62370333403519 -0.287449672214029
-0.00272176876567249 -0.0267539815715606 -0.131953003625387 -0.00292059536818074
-0.0439243115438377 -0.00473025725397239 0.527124557219748 0.350292261295762
0.00119165454003612 0.0378083329669959 0.856068654935016 -0.262149872299735
0.0214409162321872 0.0316563872793758 0.246634981843341 -0.836225404469035
0.0143582269510307 0.00968347238006985 -0.43769081442267 -0.43023190401901
-0.00484759875967675 -0.0106652610585053 -0.375477688105734 0.101221628586379
-0.021570066781167 0.00640771198811106 -0.0100641563028404 0.166745685103292
-0.0259559401522099 0.0117228008731049 0.203642860338933 -0.0875226394498183
-0.0213127581712142 -0.00175366615343144 -0.212609714915095 0.0691261631603355
-0.0213086746919582 0.0113667378844783 -0.0194685311498945 -0.142619154260829
-0.0261141908892792 0.0387271449378634 0.366682328298081 -0.117266497504664
-0.0477674956378214 0.0192163958085239 0.426754740832529 0.327125199608701
-0.0348825651664058 -0.017876234617706 -0.144357695092828 0.755737740540427
0.015330470522279 -0.0643403107627132 -0.829600867548473 0.369027204356721
0.0182326537607416 -0.0342392130371412 -0.620955752263867 -0.269870854203256
0.008979369800048 -0.0205116104059362 -0.129898333182535 0.00212400093291518
-0.032418729380967 -0.000783795060648332 0.527444153898395 0.36507730482206
0.00807815823998982 0.0402670029005749 0.87179240762755 -0.237583114899725
0.0220870460062733 0.0328852850402433 0.277208418079981 -0.827735293523162
0.00826323718776849 0.010603253477897 -0.423496130692054 -0.435751911517177
-0.0079246679455842 -0.0130143558791226 -0.376450185558066 0.0942872951735675
-0.0204621247091571 0.00386601572900054 -0.012394720553538 0.161818766511692
-0.022057074929353 0.0145527041817991 0.205085145784466 -0.0946729391117658
-0.0183934934826336 -0.0455910167434052 -0.197237263526172 0.0888525000121934
0.0102209971000538 -0.0159172502068313 0.0160652167693592 -0.156137882794258
0.0325755069801352 0.0110654058544727 0.357143212194655 -0.110476323390861
-0.00471427243499831 0.0185899962007708 0.368024400715454 0.376562081734719
-0.0515670694453044 -0.00886242386799892 -0.248949857130305 0.767594105428174
-0.0380066400599311 -0.0739857987920166 -0.873139318089301 0.291118251465611
-0.0269598467600101 -0.070432978586551 -0.582576582635085 -0.310845750729569
-0.0315674035324141 -0.0615860107652546 -0.086687293715003 0.0219139510971993
-0.0878127999459878 -0.0299977812967908 0.587500077381133 0.313903434301902
-0.0452357640394658 0.0371380375268508 0.829689673681109 -0.347720000456273
0.0116000082213582 0.0507531965096052 0.143409876552357 -0.837102267139145
0.0499752016161026 0.00669853446646756 -0.493555043407686 -0.368681844775229
0.0397010355635279 -0.0437220742613162 -0.372183587667153 0.11840006103696
0.00955720514675466 -0.0257714186206097 0.0204810427988058 0.145303639922056
-0.0180149976236779 -0.0236246369145963 0.221002410696792 -0.0814779295200722
-0.0227946998813753 -0.0420128645241341 -0.200221191698435 0.0929943464179876
0.00246943833368845 -0.0104572346944533 0.0128865747088668 -0.148247612677288
0.0266295204143714 0.017063646575836 0.357194571632803 -0.108909240325512
-0.00611249056238296 0.017590124018335 0.36137354816764 0.373147840019832
-0.0491072343934926 -0.0137385646308598 -0.258729919062511 0.757003694410272
-0.0356566690693177 -0.0734704120452847 -0.883578954887178 0.280056854538588
-0.0299196754368638 -0.0691712940906211 -0.591340328421962 -0.322296507442153
-0.0359543715867171 -0.0624381087643063 -0.0968222968727214 0.0128649509193317
-0.0903305282243406 -0.0283285481457101 0.574181024388966 0.30641883017069
-0.0437158733911724 0.0366841470920922 0.817844409512525 -0.353613946269839
0.0125778349567169 0.0474860324160757 0.136123836269222 -0.841358824842402
0.0496344691752561 0.00639305522226332 -0.497045124352519 -0.372163444546341
0.0358316782965123 -0.0373950360677996 -0.373216790558953 0.121792227471078
0.00370436143731755 -0.0197747371921936 0.0172920527658512 0.151341796477928
-0.0226484147700147 -0.0205739056184013 0.216916641444654 -0.0795021829942334
-0.0266291467503897 -0.0369833236055135 -0.20616674421169 0.0944513438580348
-0.00449937065005759 -0.00253109476689514 0.00773563742026318 -0.141711991418427
0.0179004019550788 0.0231801536665199 0.357589590019882 -0.109216546458104
-0.00957209577052504 0.0167383933628941 0.364818559182382 0.363816871185565
-0.0451013697553296 -0.0182872001292264 -0.254712743363865 0.749778367544363
-0.0303852484847877 -0.0726228892487774 -0.88535372159376 0.277334947535149
-0.0286002252984588 -0.0646358402487638 -0.6046137493529 -0.325024850875479
-0.0365727792201781 -0.0579043248904508 -0.108002495567403 0.00563651286522221
-0.0882186825259052 -0.0255711933133981 0.563601244206201 0.303975116791861
-0.0388280775637018 0.0361018675635858 0.813473315249034 -0.352772896689505
0.0143032465299054 0.0423138977371074 0.138781993476402 -0.847171944184642
0.0452647047459004 0.00747591641105857 -0.494381768828073 -0.37737515526018
0.0288753593437865 -0.0301475383242866 -0.375166749534672 0.122320285042091
-0.00271222732022384 -0.0114207642753945 0.0131457588455122 0.157419471994723
-0.0264179352294148 -0.0160147067817866 0.212736161401464 -0.0781173113915627
-0.0294455501991062 -0.0291319579486828 -0.209485843038393 0.0931215737841072
-0.0126585158690769 0.0040390751692949 0.000128568713888404 -0.136276753000744
0.00557649093683499 0.0290800637204968 0.359371313392943 -0.109478572916857
-0.0165705137462908 0.0162076350622029 0.376128261556341 0.357794293145148
-0.0412710275768597 -0.0217156993979039 -0.243463100485043 0.746974253431853
-0.0221681888244831 -0.0706976495558928 -0.884862202588602 0.286247279924078
-0.0235810665759334 -0.0580512780093387 -0.614108448286077 -0.321653412572988
-0.0335321708387695 -0.050391619459597 -0.118017917046602 0.000718536984424761
-0.080971154547499 -0.0206882306485036 0.551006792563024 0.306690072680871
-0.0300457722743666 0.0354460452547881 0.816648412498623 -0.344128046656229
0.0163264836203133 0.0374875715965109 0.153895691239607 -0.849518402904776
0.0388664743927444 0.00838551481863944 -0.4899551386571 -0.388893718791169
0.0204181807371053 -0.0220095630577981 -0.37540858500075 0.121606140473994
-0.00924491663009186 -0.00393759278607694 0.00815746239371083 0.163116990669061
-0.028429271514481 -0.00893442034503469 0.207470127520876 -0.0790670170992317
-0.0296765075858951 -0.0197590784616297 -0.211525899876139 0.0895651829292087
-0.0185951159069518 0.00902004159473979 -0.00673591998583006 -0.133941104767896
-0.00652522600895143 0.0355295417866423 0.3611626585532 -0.112181683219148
-0.0254509811991184 0.0160465504597738 0.389719076542072 0.345762177415521
-0.0379186435761908 -0.0230652148090324 -0.218912454930769 0.746446828490742
-0.0120025474246613 -0.0687572147967271 -0.87645236288467 0.307990264440717
-0.0152542593865921 -0.0508980551015136 -0.624307249426995 -0.31141868400554
-0.0252432160838376 -0.0436946727290448 -0.127528558494331 -0.00257376137984273
-0.0702454138563066 -0.0147154294737485 0.543634845445083 0.315852856888859
-0.0201230675111314 0.035609392215478 0.824572306281241 -0.324417378107976
0.0190086089750976 0.0335812690184593 0.175541779326653 -0.852468633669328
0.0311783240780609 0.00881264242913771 -0.478998441884326 -0.401911007401687
0.0113915955237706 -0.0156604758880996 -0.377583586847473 0.117945511602827
-0.0162719405852684 0.00204724828920956 0.00165747823750846 0.167383761374439
-0.0294313000259328 -0.00161921610638706 0.204824576133809 -0.0809228796696174
-0.0279968654786892 -0.011430804114777 -0.213514425632198 0.0837793927412595
-0.021596938126817 0.0119578524393555 -0.0147439375419392 -0.134610364271804
-0.0171713476264065 0.0395463475929598 0.363741573689644 -0.11410259798394
-0.0345526872576388 0.0174601833181512 0.402862820340689 0.336941500461366
-0.0356898859512325 -0.0232964057746358 -0.192816860368546 0.747740279343437
-0.00141176432459641 -0.0665021743331299 -0.86275803103356 0.329471823836512
-0.00329037901209375 -0.0420318930110362 -0.629769273802748 -0.298071320710989
-0.0147018143235148 -0.0346073317279381 -0.131936832651998 -0.0039604980616506
-0.0570684849604691 -0.00848743600409478 0.536274606684015 0.327881257996314
-0.00948184070688416 0.0357883883316052 0.83990738861062 -0.300035085371695
0.0208671202449452 0.0321535891451219 0.207251422686351 -0.850275245941447
0.0220918077093869 0.0088363123339821 -0.464644582893082 -0.414865492881276
0.00256681547791508 -0.0120774590034501 -0.377049710310108 0.112280724542889
-0.0201411520439227 0.00545009785253554 -0.00423495482910585 0.168073673980836
-0.028302958185066 0.00548701383558722 0.202421118334363 -0.0859634776923404
-0.025988021951928 -0.00420640454464124 -0.214525225357983 0.077820520180487
-0.022486289071685 0.0142962211952274 -0.0188225233298362 -0.139060124669852
-0.0233051926101141 0.0412540526904133 0.365491359246048 -0.119038648839656
-0.0411824130317819 0.0174519134521438 0.418769090987051 0.327802311516966
-0.0342149833768277 -0.0211558415530991 -0.1616073680024 0.753205960247939
0.00783033636400117 -0.0652434224988083 -0.843268277555083 0.355016603799902
0.00829529686652734 -0.0371838959484838 -0.630247635270517 -0.280027639465507
-0.00245799132464401 -0.0261815978787158 -0.133014106346828 -0.000404064393527949
-0.0436814869468397 -0.00330643107352832 0.533415253107987 0.343991847428705
0.000299342508055963 0.037800706303709 0.854969986988345 -0.274007937667737
0.021744331979826 0.0316629489990573 0.2361363619044 -0.843499758785569
0.0152089624056027 0.0098756897837269 -0.447615764416471 -0.425340319001723
-0.00476631280286855 -0.0101339563231357 -0.376545221775051 0.105740421615941
-0.0218997398432273 0.00649463868170972 -0.00801056959670457 0.167173467192326
-0.0267085570113692 0.0129704046683619 0.202822474037952 -0.0889315085028236
-0.0209950077078689 0.000552195979060723 -0.211757012837633 0.0712095138132051
-0.0207131530064229 0.012293914317195 -0.0217196789170149 -0.142852840244326
-0.0250973663764687 0.0397953287293427 0.364693398869801 -0.123932971590533
-0.0478337913058984 0.0200196110761346 0.434144287362354 0.322277573017866
-0.0349480222726614 -0.0169635562693452 -0.133624023638957 0.761509215488303
0.0137684959901251 -0.0644208114917776 -0.826037041504451 0.380598391198646
0.0185607525736967 -0.033281047502789 -0.627249261081331 -0.263553851414426
0.00834214508160279 -0.0214237118376697 -0.130913799504487 0.00528256252980211
-0.0324698515646527 -0.000550144929307396 0.535038680552002 0.360095427754691
0.00893179643705927 0.039308559102823 0.873202497647996 -0.25143687951832
0.0221750494225132 0.0335039028741566 0.26462080709633 -0.834414370773312
0.00849486333654707 0.0107165628015028 -0.431737166662895 -0.432151622465981
-0.00836628776706583 -0.0126469252704575 -0.376088844105007 0.100549783598895
-0.0204144729456281 0.00324325133505819 -0.0107619577864071 0.16259834165057
-0.0226279066107237 0.0160425066450203 0.203994988413873 -0.0967249548427077
-0.0190410037108229 -0.0449568789984676 -0.196182222142167 0.091067737445021
0.0099023776856957 -0.0154937630796407 0.0145180206931154 -0.156775795215166
0.0333416124994398 0.0100345119382504 0.355486012474855 -0.116403396362029
-0.00494510721733209 0.0186714429864181 0.373494781861801 0.373002738076047
-0.0519251924425456 -0.00791480537693544 -0.238200717392491 0.771717761831423
-0.0390677793761309 -0.0727261703680407 -0.868408671464639 0.301737551315332
-0.0279168713766208 -0.0692759135409331 -0.58745172770291 -0.304336419851923
-0.0324034982841791 -0.0613897066469236 -0.0874086822885544 0.0231813318445777
-0.0883656202626402 -0.0286948474796741 0.591881355726751 0.306725750137542
-0.0449835985908742 0.0376507024404115 0.825653839962284 -0.359506186075075
0.0118728900654713 0.0507768774311299 0.131808960245179 -0.839428621903991
0.0513022984509563 0.0067175281294218 -0.502894839018817 -0.362038046509657
0.0392283971577458 -0.044886033200979 -0.373665085321197 0.124109786654111
0.00862970662726477 -0.026583351626344 0.0219339673737191 0.144931164509423
-0.0186973812287957 -0.0222533820183172 0.219967044663656 -0.083919579809046
-0.0228973232921424 -0.0420198728451029 -0.200883302106883 0.0950675606425424
0.00281041953265802 -0.00930966794232728 0.0118106069115554 -0.149476195516651
0.0273772956108668 0.0172368944998262 0.356182617016735 -0.114309322605955
-0.00583730288979301 0.0180437254589324 0.368404255834569 0.369542820711686
-0.048967926069249 -0.0132316298253634 -0.249452667926373 0.76259659714139
-0.0374294763160802 -0.0733229026020212 -0.881084298959654 0.290909865916374
-0.0307513532960739 -0.0682785774537727 -0.598298754728364 -0.316685362587499
-0.0363560365925741 -0.0612582659712189 -0.0970339826527966 0.0151756488438884
-0.0913796991170462 -0.027525815113351 0.579529619393024 0.29945537473961
-0.0434064093357238 0.037339837812609 0.815370970162058 -0.364692759188959
0.0131669856167796 0.0463150295808497 0.124269737068534 -0.846070330492084
0.0497770673992683 0.00611950353084588 -0.504450931067411 -0.364311707405781
0.0353309692155272 -0.0378393174734152 -0.37334187549895 0.12708612795734
0.00258673056353906 -0.0199385167966649 0.0186528749307481 0.151822024128392
-0.0227703983844468 -0.0201802879667721 0.216549277875104 -0.0813474264297823
-0.0267559179766618 -0.0358437673568631 -0.204967536341866 0.0968698228196472
-0.00513555245187314 -0.00247666479159678 0.00631906537166373 -0.141806889837738
0.0174237050457688 0.0232879997254399 0.357306117889237 -0.113390569268612
-0.00974646341873247 0.0173137965679972 0.371027023428465 0.36028155435359
-0.0454319095333401 -0.0178238871121984 -0.246579259209004 0.753772410466115
-0.032479892263182 -0.0718533198819833 -0.883106874781889 0.289266583348448
-0.0298563535857936 -0.0640939572096211 -0.610106119904584 -0.318029707661379
-0.0376348467408624 -0.0574817546955918 -0.108466084716627 0.00811443668191401
-0.0889219119004488 -0.0239118494673341 0.56921219464067 0.299160848689974
-0.0385919664694022 0.0361312115147167 0.810409766462068 -0.364437673908148
0.0151899663109719 0.041992611637799 0.128948070577883 -0.850605401045264
0.0457044318252745 0.00672533169344684 -0.504244021920292 -0.37156858014277
0.0285544717972576 -0.0307735525799405 -0.374354099902247 0.127275855212152
-0.00400744044800502 -0.0120093831615741 0.0157360235472494 0.158636327938506
-0.0264168888348343 -0.0147494725845146 0.212317739039163 -0.079945904077609
-0.0288284864737059 -0.028296505400189 -0.208106376222857 0.0955139263664326
-0.0122185553867415 0.00447513178202136 -0.00154554610562388 -0.137284969221367
0.00560012583712396 0.029850918833314 0.358483724673281 -0.114204678557931
-0.0166750560852132 0.016351648450766 0.38042399916897 0.351338853524284
-0.0413998177118272 -0.020768318035511 -0.232795641454384 0.751287297533232
-0.0231849004247048 -0.0701792178028208 -0.882592593998353 0.300919792206359
-0.0248308558948317 -0.0574501260118294 -0.620302146113657 -0.312963792212606
-0.033698542861527 -0.0517264792720437 -0.119430229518289 0.00236446044726484
-0.0820920842053722 -0.0196283356586195 0.556894258766644 0.301468258432636
-0.0302121247436041 0.0360944484009776 0.812709945182169 -0.355698011750532
0.0170420258307161 0.0375078106963137 0.140698164013658 -0.857082832780883
0.0388311712387834 0.00718200515223872 -0.495985863575878 -0.38174966078378
0.0202364135978354 -0.0229148224919251 -0.374756099395779 0.127401255648284
-0.00985211999543441 -0.00404912593746161 0.0093333862717057 0.163698580794643
-0.0280344005459736 -0.00898517661219482 0.20679822364716 -0.0810443887129037
-0.0296476688243309 -0.0185645345811726 -0.210952326384645 0.0915729329635959
-0.0180202465483008 0.00914154445729896 -0.008784961080985 -0.134770914363118
-0.00639593226163178 0.0357978375377801 0.360395689059604 -0.116816663950917
-0.0250254082747289 0.0165681147461098 0.395757809020258 0.340495647183915
-0.0377409617008564 -0.0225797927522133 -0.209024720167629 0.753017377776169
-0.0124433052929426 -0.0682010164597405 -0.873148063556211 0.318045685872652
-0.0159221009310774 -0.0499897008824513 -0.629339146988887 -0.305675820736199
-0.0259161068679528 -0.0438719152477858 -0.127265251730463 -0.000653454200495535
-0.0709504530875168 -0.0134196300544709 0.548409497744354 0.309819176835299
-0.020277766836126 0.0356347359329275 0.822708625394611 -0.335463971682603
0.0191084659131744 0.0333569127974382 0.163880699727019 -0.857277810513558
0.0313172796420729 0.00852160106434304 -0.485381314409759 -0.39459721403395
0.0106723770440977 -0.0163730474640698 -0.376174974079146 0.122844136071543
-0.0161881340571643 0.00188803737980505 0.00315536834845423 0.167669696206113
-0.02897319624067 -0.00047271073065234 0.203966103673911 -0.082614756780563
-0.0283669425369635 -0.0100687173755841 -0.212629767330617 0.0865297501493526
-0.0232404148451083 0.0135407539205183 -0.0157425829604914 -0.134097459292922
-0.01675749961283 0.0392850691292616 0.361725671304616 -0.119894886347062
-0.0346076312382968 0.0175095246747128 0.409361429386027 0.331646528283494
-0.0359154753813004 -0.0222417507223263 -0.181570233930127 0.752666006873103
-0.00180544237965722 -0.065813394607758 -0.860282062596497 0.34368035347194
-0.0046915327004916 -0.0418695374069777 -0.6358269048605 -0.290084349868637
-0.0145415220156969 -0.0344333414176198 -0.133215727743885 -0.00176931898994805
-0.0580558356816635 -0.00834430990857875 0.541511832768917 0.324166398523715
-0.0090208437928604 0.0367500203406699 0.837485633663085 -0.313294427542181
0.0211086628986448 0.0306205428472137 0.193632435421382 -0.853128224877127
0.02276453535139 0.00905321141818933 -0.47157419373617 -0.409113792358528
0.00216495767079387 -0.0126488962500637 -0.376586129110272 0.117853173457218
-0.0203989832396675 0.00591912800013415 -0.00252474457972009 0.168759838339622
-0.0283129778157117 0.00641833616636104 0.201731594472834 -0.0887307594164877
-0.0245938268100028 -0.0034325388869156 -0.213410332790922 0.0788240913611578
-0.0227480085050632 0.0142860141329276 -0.0209911863579429 -0.139373337890533
-0.0233337423014365 0.0419405888255929 0.364470036298792 -0.125584023967835
-0.0422967029504764 0.0185815832951899 0.423802553324069 0.32366976976338
-0.0338091803238298 -0.020867194530698 -0.151795498419751 0.756256585474022
0.00682268446268866 -0.0654137288791742 -0.839544961358249 0.365832256873238
0.00747944202404868 -0.0362250336222425 -0.635049010671637 -0.274462219351276
-0.00286483481680562 -0.0269982159341612 -0.133897320424789 0.00174116841130852
-0.0441457756305995 -0.00281022527602637 0.538406322989209 0.338147734766544
0.00204642485721413 0.0380757331736064 0.853651690220006 -0.287413585446574
0.0222131919259459 0.0302756019673747 0.223076978878532 -0.848885180865451
0.0148686032469821 0.00912156687344686 -0.454950742726969 -0.419395383338438
-0.00479058603833231 -0.0115682170247486 -0.378187350899099 0.113485710353042
-0.0222160646810258 0.00620267464693183 -0.00701924163657719 0.168129534321483
-0.026694627713398 0.0125922649935382 0.202107910776404 -0.0916165063031051
-0.0203032168672163 0.000877304965951571 -0.210704992718894 0.0745890318416942
-0.0205849612748391 0.0122544918960125 -0.0233058212228144 -0.143269519583299
-0.0256495565963196 0.0401123484925498 0.365349495753251 -0.129396737153937
-0.0472007893734905 0.020132965564254 0.438463098565227 0.316211066934028
-0.0348055049458423 -0.0168265887227959 -0.12475370473193 0.763696163741757
0.0132221484682167 -0.0640481976051136 -0.820332963009633 0.389972721848536
0.0178074401707739 -0.0330548541433504 -0.629956586855541 -0.256681877563202
0.00751588232838778 -0.0210664434581998 -0.129884512514773 0.00700270934552119
-0.0323537740476762 0.000211674562577931 0.539796907263355 0.353557185134153
0.0085526978109007 0.0391594890359144 0.869513345738176 -0.262904419472555
0.0231376457823314 0.0323380931002411 0.253068991828435 -0.840724563300102
0.00930584206037096 0.0108486108803308 -0.439722753130982 -0.425629846201884
-0.00855656111696807 -0.0136743315106001 -0.377823973317805 0.10815155826841
-0.0216914695155753 0.00403581839589175 -0.00950679029286958 0.163665479374514
-0.0223430591452209 0.0163670246615931 0.203172683022359 -0.0992382397768315
-0.01925094180442 -0.0441492200290413 -0.194907418965728 0.0926644965587107
0.00903209281196529 -0.0157321126435328 0.0127344427272416 -0.157895903738406
0.0321984101541075 0.0100845639762304 0.354621076324923 -0.120916651605735
-0.00488533554273438 0.0193756961389099 0.378803665194856 0.36626422296392
-0.0512741812522357 -0.00735131666485223 -0.227965266524495 0.776581341174322
-0.0396676508175677 -0.0725427861030421 -0.867524512992948 0.313641885259099
-0.0286772966900426 -0.0683769849205351 -0.591031823812337 -0.299090282014829
-0.0323590336244892 -0.0612563050162019 -0.0873406889504797 0.0241276886086854
-0.088662492113308 -0.0274922201352817 0.595667113631773 0.300447686514731
-0.0447468526796091 0.0380500326267626 0.820473206353836 -0.369407091442751
0.0125011138541514 0.0513473514018757 0.119869208990521 -0.842232961675186
0.0517143840023999 0.00540176420509568 -0.508499254171798 -0.355042791140544
0.0382417487702415 -0.0452592440475168 -0.371877704927414 0.128855857665173
0.00789314380867596 -0.0271077544547275 0.0232295259626864 0.145647104924306
-0.0187358263971583 -0.022107140246055 0.218920128252605 -0.0865978855560466
-0.0230100346174675 -0.0405893810706692 -0.198471459434823 0.0963817701971951
0.00303901285590126 -0.00966504036665482 0.00965609604970053 -0.150275896666012
0.0277106847875125 0.0164659546248817 0.354846158520547 -0.119132573252577
-0.00583557025761288 0.0178531001213842 0.374542219978041 0.36468581593313
-0.0489000797588614 -0.012847501482982 -0.238685847844676 0.767268546425906
-0.0384768579518845 -0.0724647545962362 -0.876406865687317 0.300704934197568
-0.0315251583001154 -0.0668176680292468 -0.601000659781133 -0.310595778904139
-0.0371731628567984 -0.0605017918794982 -0.0979002960292067 0.0163133408695791
-0.0914007794499465 -0.0258908509835915 0.584253899513013 0.292741725216384
-0.0433748154134376 0.0380507330710442 0.810180313392452 -0.374796647586673
0.0140810356148333 0.046762699020844 0.111397920539963 -0.850081992136182
0.0502105878160676 0.00594798801602183 -0.510835245111935 -0.356652937860297
0.0344794354078459 -0.038847169178338 -0.371677813753248 0.133573226778754
0.00167061252534807 -0.0204419539539431 0.0206842021870578 0.15174489969318
-0.0232376965316399 -0.0195603715677453 0.21568047886452 -0.0838385448936887
-0.0270019326734919 -0.0352837126640153 -0.203226160214797 0.0991947495599835
-0.00484500011392936 -0.00223085662575887 0.00407604049406632 -0.143373007312595
0.0178106293117472 0.0233797892384942 0.355499837043636 -0.119177780999064
-0.0101696397729173 0.0169155051288841 0.376223013527644 0.355784539333872
-0.0453329172943826 -0.0163427361830924 -0.235965078595469 0.757297940898028
-0.0327156979529317 -0.071391169226068 -0.880144330566657 0.300617210621763
-0.0310168251592101 -0.0625697930325824 -0.613603163908315 -0.311548702429339
-0.0383047176958758 -0.0570577591399512 -0.108985372588162 0.00937935504813584
-0.0892455946364369 -0.022773133832739 0.572378692034816 0.291784522234425
-0.0379009039637409 0.0365101139512342 0.806187021505909 -0.37482885396749
0.0156636704836056 0.0417200314779355 0.113872324064155 -0.853257555638742
0.0456712191186422 0.00672117544469151 -0.510735430978481 -0.364120363013891
0.0275832406623811 -0.0312875530752725 -0.374440180205433 0.135431519837001
-0.00481024201229912 -0.0119339183109342 0.0167618926374129 0.158994563956916
-0.0272000735822194 -0.0141229504936842 0.211201721070586 -0.0820066178764984
-0.0290839444939595 -0.0274667549491142 -0.206704144614751 0.0978415898316351
-0.0125804369641202 0.00468466365808565 -0.00269286292071597 -0.137516184750271
0.00626141759948025 0.0304325108900424 0.357055578060302 -0.119799897197197
-0.0170964071385654 0.0167223703590685 0.385656541250919 0.347889457963363
-0.0408708117967312 -0.0196856794404581 -0.223045746155959 0.753716818160985
-0.0242664926645954 -0.0701515516213831 -0.879097287159585 0.310154106765386
-0.0253027991096449 -0.056311719024513 -0.623881383997637 -0.30661274487752
-0.0342502273108245 -0.0509657614362891 -0.118984731939066 0.00415743190875775
-0.08163005822945 -0.0183009440759035 0.561575289546894 0.293814452089265
-0.0295304584112089 0.0355109434329955 0.808252960849509 -0.365127888796141
0.0180537982931692 0.0372203785998898 0.129119867447653 -0.858077406164396
0.0395666304468259 0.00719420237554514 -0.503596374031736 -0.375338133641563
0.0193879036705139 -0.0232269913562435 -0.374525511717339 0.133499269979416
-0.0106011100961848 -0.00429540735704025 0.0107984271849499 0.164011251465895
-0.0291061549526851 -0.00742663984615533 0.205659914292219 -0.0832768186999943
-0.0293948882966945 -0.0187298603581791 -0.209130338670036 0.0939655518761972
-0.0191355618729258 0.0106925661813252 -0.0101151803789841 -0.134683336501476
-0.00570356990218291 0.036110470506786 0.359224677422862 -0.121904775610863
-0.0254866528260821 0.0170874904489221 0.400447857583218 0.335418309803437
-0.0378515106818457 -0.0221023888068907 -0.199559023451107 0.75451003862499
-0.0134903019965124 -0.0680589852900038 -0.869152115750954 0.327763384686766
-0.0175540557666611 -0.0487203697352971 -0.632528350268269 -0.297607836717716
-0.0260003133484523 -0.0429795168298627 -0.127844479938967 0.000591392102370337
-0.0708308443104416 -0.0131896309042156 0.551474462082422 0.303491555284427
-0.018831564151723 0.0365694361586614 0.817436015256765 -0.34753913816515
0.0192270328548241 0.0331711876330924 0.151451910519602 -0.861085341940617
0.0324221022514033 0.00792439175613032 -0.49328962725871 -0.387719731674152
0.00994116529005982 -0.0167870584691854 -0.375278635874624 0.130399714467027
-0.0160255710480199 0.001789417671167 0.00438124795470555 0.168537400496426
-0.0294382619164229 0.000210249620264875 0.202433654032089 -0.0845439893986812
-0.027420670913803 -0.00956288642150654 -0.211646109274687 0.0882392170055789
-0.0228081075076971 0.0135989521975661 -0.0186565310324309 -0.134545578415318
-0.0162485572031122 0.0402072415236586 0.360487657091408 -0.125727002507902
-0.0345757250215219 0.0175960115752145 0.413183230576647 0.326109407138381
-0.0352820887623003 -0.0226346704513244 -0.172429846105519 0.756975806993109
-0.0023328941004812 -0.0653248099372508 -0.854415891137579 0.351932807348028
-0.00513454413494485 -0.041923496874914 -0.637776560668925 -0.281775108813434
-0.0152600458105808 -0.034201609758251 -0.133671214278338 0.000851054867576828
-0.0572684979860528 -0.00723549254827409 0.544830057703263 0.317744835528702
-0.00827033732712899 0.0362727047834309 0.831711014262693 -0.323424690178231
0.021476604361993 0.0313279128313747 0.181012473454244 -0.858495642252044
0.0231854831539492 0.00886646277942918 -0.477999177969898 -0.401957093374879
0.0018956957813904 -0.012808924839116 -0.375655355721809 0.124758599142873
-0.0208220690741655 0.00566952931291286 -0.000859482058930987 0.16923806078981
-0.0288577092172905 0.00753515818015227 0.200536480642625 -0.0899669014709441
-0.0249012928869853 -0.00249544952647165 -0.211895865926407 0.0810430769087956
-0.0230394624285751 0.0156992536662141 -0.0218173240227428 -0.139406378342105
-0.0225447966427874 0.0417057852267521 0.362486950174969 -0.130205847334622
-0.042051731853451 0.0189564087225946 0.429582464170772 0.316157032324105
-0.0346071153119668 -0.01969714635415 -0.141757955067923 0.759745400623832
0.00657206878432476 -0.0653557910084502 -0.834583495674946 0.37771390661425
0.00747870027131664 -0.0355774684637991 -0.636729127139796 -0.268133125096989
-0.00298021864409745 -0.0266121365302289 -0.134785419040588 0.00424011293307187
-0.0442858111526036 -0.00255069457934281 0.542682384624584 0.333107704340251
0.00171217924710493 0.0375268267842978 0.850232005939513 -0.297226587017011
0.0224911298141951 0.0304202714507411 0.212045160340296 -0.852529078263774
0.0147764100346735 0.00880527114812424 -0.461858942189916 -0.413183051384657
-0.00507538888046605 -0.012052076909708 -0.376942907768121 0.119157892577218
-0.0228247911407489 0.00632628147469741 -0.00507600051223925 0.168003444976568
-0.0263345314488079 0.0136341702670835 0.200754020259821 -0.0936198346051977
-0.0204224087002719 0.00147269083496158 -0.209705655343335 0.0759393797405291
-0.0208881931379783 0.0132026050161667 -0.0248761699851617 -0.144951764461147
-0.0247909841098793 0.0402408034209105 0.362947580088859 -0.134471327321702
-0.0475647436636603 0.0208421773056676 0.443092986677472 0.311376863047695
-0.0344184840733874 -0.0161643174620909 -0.114040366251065 0.766136109145926
0.0128794621186471 -0.0642949744753692 -0.815895339801457 0.400674750414655
0.0168518428668442 -0.0325417728651601 -0.63481132083369 -0.249216478211861
0.00712488774044146 -0.0215689383249205 -0.131275680299461 0.00860570983597047
-0.03300444633932 0.000868621639268506 0.544747790331113 0.348877259005432
0.00855471488775273 0.0392910968379967 0.866932209685399 -0.274513189551587
0.0237787176921379 0.0324103343904944 0.243215732890649 -0.844855970867287
0.00912031639628932 0.00988122406598926 -0.447340777288019 -0.420212208275493
-0.0087704997973173 -0.0140972573039865 -0.377913563687087 0.112798087171674
-0.0219832307146038 0.00350930401546308 -0.00767390320993282 0.163915992261319
-0.0228818769821898 0.016572153986787 0.201728461868963 -0.100553841984642
-0.0192533191288063 -0.0441882917285178 -0.193283474780946 0.0945005293461765
0.00890116290645403 -0.0158971882635393 0.0110070283457515 -0.158848868527207
0.0325920890341298 0.0101415534633336 0.352669415424389 -0.126199766812037
-0.00520148839262707 0.0194327781851636 0.384441473134774 0.362713114357735
-0.0508705276523533 -0.00681661311284174 -0.219426109924543 0.77937908324627
-0.0410161350814449 -0.070849709387953 -0.859606367717367 0.322205419797738
-0.0298875730502196 -0.0674080928249631 -0.594653547486427 -0.292515423795632
-0.0337442520932485 -0.0604367924781884 -0.0872838684736728 0.0259330128099884
-0.088964481419277 -0.026895426042821 0.598193278886728 0.294334964565296
-0.0441972995766277 0.0383875001100511 0.814921046094624 -0.379298037103999
0.0133379490471562 0.0509106610150149 0.108113666102702 -0.844246912083209
0.0516613736492321 0.00513014788807237 -0.513823331015927 -0.346264379965602
0.0374303954824402 -0.04620781099078 -0.370793290327281 0.135355439493557
0.0067558049040609 -0.0273898818183506 0.0246213346125005 0.145187774534575
-0.0198783137404543 -0.020891555733842 0.217450413842267 -0.0885579367620227
-0.0234147703885004 -0.0405818529530588 -0.197632499234344 0.0979543068986849
0.00277974654152075 -0.00927632995477423 0.00870728871133552 -0.150945869884929
0.027030442621368 0.0159183367796352 0.352485217049139 -0.124546037711062
-0.00547661785923963 0.0183047869101016 0.377769834907293 0.361136294434161
-0.0478235461782139 -0.0120154224893714 -0.229939332468193 0.767445216084351
-0.0389323832442506 -0.0715521010166611 -0.871418820559594 0.31116934536693
-0.0318995029807419 -0.0667431662177129 -0.606392159668509 -0.303348692430805
-0.0380851261052001 -0.0602033340290204 -0.0978527691663359 0.0184033317577102
-0.0918776699738717 -0.0249303050936955 0.586034075856549 0.286073809256318
-0.0429289178126733 0.0380303861029914 0.803482477720414 -0.384768523819815
0.0140932496139473 0.0461684074823349 0.10008305269738 -0.848564285943986
0.0508574165932807 0.00503066011816901 -0.516311579849952 -0.349557812667519
0.033655092671408 -0.0394172763507612 -0.371622740555762 0.139376351060917
0.00121840001521857 -0.0209710233257471 0.0218463450112826 0.151875283910093
-0.0238661278326649 -0.0186289253889251 0.214399825897832 -0.0851393552397543
-0.0265809526642191 -0.0341190285038415 -0.201246433514606 0.0998829948365973
-0.0057275960785988 -0.00179287211098388 0.00300484057133806 -0.143508930773579
0.0181661532644765 0.0232338697576467 0.353348757867046 -0.123412515962352
-0.0100752107077462 0.0176285229283332 0.380560494376227 0.351443910906334
-0.0444852595024193 -0.0160407454513092 -0.226823898886614 0.759872579673983
-0.0329439592277289 -0.07078297551934 -0.876832704417946 0.310958446866001
-0.0311441198643592 -0.0614618951596417 -0.616878384230156 -0.305259950760611
-0.0385925594135875 -0.0563727190587797 -0.109011031785348 0.0104338182272833
-0.0898412437893465 -0.0215535393216888 0.576540561840021 0.285555646569812
-0.0372983136993141 0.0371063452039924 0.799909060253905 -0.385708571142435
0.0163163001354278 0.0416756899683205 0.102608232416486 -0.854056326784632
0.0462924238145774 0.00578093216929429 -0.515647754015776 -0.356079213444772
0.0270100398415886 -0.0318496929878942 -0.371770918431582 0.140901559467056
-0.00533438483048628 -0.0128973955384531 0.0176588608763315 0.158591248069578
-0.0273542556404637 -0.0136967037768925 0.209462189985323 -0.0835659661834108
-0.0291951959896739 -0.026525435252735 -0.204307508786643 0.0997187468264431
-0.0129277136635145 0.00492866878757388 -0.00395891981977093 -0.137848388674171
0.00694618629920421 0.0299074685707067 0.354888125421751 -0.124762526462065
-0.017072996887293 0.0168145087939405 0.390847064982565 0.342687525644221
-0.0414999575305065 -0.0200139999808611 -0.214715584541206 0.757442955309673
-0.0242383718540019 -0.0698113935799594 -0.874597175914787 0.322065202382339
-0.0265057232945845 -0.0550274045260276 -0.626697356449455 -0.301025396063988
-0.0350020181273467 -0.0506149631783814 -0.119827744507653 0.00582397520716655
-0.0824613873813843 -0.016203845365079 0.56502992551583 0.288354827634818
-0.0299372802633122 0.0368553488022123 0.80390596082935 -0.375224878981027
0.018745170587787 0.0370932792299935 0.115361651984982 -0.860828586271849
0.0396476720457883 0.00649740596217164 -0.509564292864462 -0.368175632105483
0.0190023799264684 -0.0242200224026437 -0.373756117143539 0.139236823321398
-0.0114998756818633 -0.00466423686614394 0.0124852903858138 0.164278871660121
-0.0289283535288477 -0.00732214546415243 0.203660273933278 -0.0843655009855247
-0.0287650539251238 -0.0177882698155003 -0.207836632704103 0.0951319856852847
-0.0180913315308351 0.0105408029338495 -0.0116786022407429 -0.136244007135545
-0.00608956417464664 0.0352901902122351 0.357045630663851 -0.126882161406432
-0.0252029956041445 0.0176814523841527 0.40481139535447 0.329776884926284
-0.0376454803129235 -0.0219194129578039 -0.189614055499977 0.756237444192875
-0.0139918682138345 -0.067597611905175 -0.863929461647405 0.338914759739168
-0.0174711533850154 -0.0486196665755285 -0.636712572939182 -0.290229462836673
-0.0268568094479928 -0.0423850738968056 -0.127634342389231 0.00336365333943126
-0.0712036080645453 -0.0115062333568951 0.555291216341623 0.297718128892754
-0.0192890078303874 0.0366831907233087 0.812500551881466 -0.357031458021629
0.0198873074406675 0.0333351187789817 0.13879688123931 -0.860917092905996
0.0322546509942125 0.00837092466289657 -0.499358999270679 -0.380393121996552
0.0100550710992119 -0.0179638879142859 -0.375086199684882 0.136259466152588
-0.0170644343712639 0.00165547902297086 0.00542521178713901 0.168112561406919
-0.0297642009214513 0.000706037816979062 0.200920930828014 -0.0857660461884176
-0.0270511240772317 -0.00900221293538574 -0.209347023619148 0.0903413875156242
-0.0224518449042891 0.0148109347177454 -0.018933528644117 -0.135391748379888
-0.0157933104454567 0.0404727743667545 0.358353079012652 -0.130431863713379
-0.03428050859611 0.019314761167786 0.419595486588722 0.319948668311867
-0.0351734829175215 -0.0216335061742356 -0.163525427593013 0.756898897212913
-0.00335501931607416 -0.0655630029397332 -0.8490795170406 0.361299470659981
-0.0057276369529732 -0.0405276232571783 -0.640905178819998 -0.274559319529068
-0.0153476500755814 -0.0341941686342468 -0.13407719004017 0.00337700127450602
-0.0580984643455095 -0.00643926912110248 0.549256184876382 0.310931107460755
-0.0078121227525812 0.037363125030851 0.82760830429612 -0.334638491355828
0.0212617364431483 0.0304169805080049 0.168903941451461 -0.857913009231586
0.0228910596943034 0.0083345262117088 -0.483707416973558 -0.395618534104738
0.00144400111252468 -0.0135767365458092 -0.375916514265694 0.131058942524048
-0.0210756516228115 0.00536087623752826 0.0011325911946064 0.169741172720553
-0.0286205237876378 0.00819907127490524 0.198393559896102 -0.0912056887782514
-0.0237773614669344 -0.00155443230735758 -0.210710212027357 0.0830890064818624
-0.0226481526757917 0.0155039038817766 -0.023296842410223 -0.140104031163717
-0.0221312304524972 0.0425871600080084 0.360772082619963 -0.135478199075334
-0.0420531775287122 0.0199663654658429 0.434223135964455 0.310085305514328
-0.0340060284407211 -0.0203969419289098 -0.131139949475187 0.761777783907927
0.00613271149494732 -0.0652612670979254 -0.829010102323882 0.386478157400886
0.00642337267936992 -0.0355543432479062 -0.6394271474682 -0.260332231975793
-0.00368454437750186 -0.0262814466153073 -0.133604533335958 0.00594915701104326
-0.0444856351066402 -0.00164116348218166 0.546684692586308 0.326227211383907
0.0017061878363098 0.0370255431301527 0.84467103180181 -0.30886330660637
0.0234720423478524 0.0301321576081628 0.200737972460926 -0.85714951483756
0.0162842713805285 0.00883920514610053 -0.468666139641339 -0.406381604809961
-0.00524821409426355 -0.0119819303702886 -0.376405169445254 0.125332432596491
-0.0235796441119495 0.0060908568882301 -0.0039990824611193 0.168285943141567
-0.0265774593584757 0.0143667433551585 0.199902208024315 -0.0949018612007921
-0.0186817169594704 0.00177978058385777 -0.208620942477725 0.0774869406061712
-0.0201067861367702 0.0135829518485435 -0.0265045021638266 -0.144717102054063
-0.0244435450980271 0.0404955449751094 0.360325851265816 -0.140187933473867
-0.0476038685764781 0.0217784918381759 0.447664626036797 0.30507683312392
-0.0338335025391371 -0.0158664109804044 -0.104854964877046 0.767923637026045
0.0123867586785681 -0.0639857578874139 -0.80883262872667 0.409617675478198
0.0166093231508204 -0.032374117197838 -0.637224216718977 -0.241573667108372
0.0074769770464461 -0.0212076505619113 -0.13112247438046 0.0106292381995071
-0.0339954476939402 0.000488465346120612 0.549553892524973 0.343609423097686
0.00887993586647466 0.0390439378605577 0.862620193664648 -0.284593900029777
0.0238387640157388 0.0312480351445674 0.228119003377585 -0.846941550383366
0.0104073136676907 0.00983551705996752 -0.455105658627974 -0.4139563068487
-0.00882315921877773 -0.0136846957549444 -0.376130111854784 0.119322963330548
-0.0228704742462814 0.00328431540054041 -0.00636562183653248 0.164463097611814
-0.0222228754574262 0.0179964434943139 0.20032536979308 -0.102829029474165
-0.0190193249236892 -0.0431607962159557 -0.191397116342575 0.0959334798502563
0.00856774709514666 -0.0152449354980228 0.00915535191393564 -0.159368949733975
0.0325607807012669 0.0103174775112739 0.350701466480493 -0.130817326916636
-0.00585849357512009 0.0194603476716841 0.387152203102437 0.357323495740674
-0.0505539688078122 -0.00609541299927168 -0.209788702543523 0.77985560400538
-0.0414290659694162 -0.0706184968026562 -0.853705376613018 0.331924648913155
-0.030017280315936 -0.0669280652583921 -0.596541060915552 -0.28537165962207
-0.0346423396434376 -0.0599183840738372 -0.08780910745947 0.0276953622970754
-0.0897443253621525 -0.0255514657501368 0.600941703756731 0.287684432078532
-0.0439540340731229 0.0391576348479666 0.809100663713153 -0.388125463507349
0.014308474328215 0.0507198223620997 0.0970521366672225 -0.844919311208632
0.0523654798249884 0.00508725059003428 -0.517886154959466 -0.339920411170927
0.0364430148244188 -0.0465426416550532 -0.369037016808342 0.141666953948496
0.00607778442649486 -0.0281217062913262 0.025374493972488 0.145709538462058
-0.0204694672500364 -0.0205080778250002 0.215868647107217 -0.0894252848287887
-0.0234038206630872 -0.0398068842020632 -0.195256187572575 0.0996385661335276
0.00171889816412904 -0.00885519341707282 0.00695912724649518 -0.151485521671706
0.0267549947975725 0.0158625367426853 0.35068182130616 -0.127813611797428
-0.0063370345943201 0.0184997378347631 0.383457863994627 0.354845916323523
-0.0484913413353112 -0.0116374646655364 -0.219877064999021 0.77010006909912
-0.0389813014856005 -0.0712683874824081 -0.867610763292344 0.320146027921522
-0.032624758523256 -0.064947185230505 -0.608440420904793 -0.297566852887612
-0.0385831151103259 -0.0593487482508821 -0.098133997828169 0.019517149361548
-0.0921000912574378 -0.0234586387603723 0.588762007478779 0.280025964769811
-0.0422543666577399 0.0380554963032834 0.797236464371725 -0.394542855979333
0.015402256578142 0.0460019840754494 0.088070584976884 -0.849522341810064
0.0503651974977747 0.00439363985977738 -0.521147288896064 -0.341879543878853
0.0325730436443789 -0.0407431975814194 -0.369060372866356 0.145303634109195
0.000510102588368839 -0.0207687475904482 0.0229429434442564 0.152231321875658
-0.0240815755960168 -0.0178513358303408 0.212552820536826 -0.086590273711967
-0.0265797323833916 -0.0339274452608845 -0.19880414472605 0.101387476007621
-0.00559159627343009 -0.00167009277812491 0.0013933886441542 -0.144359367002174
0.0181091252104419 0.0236306416622364 0.350689135945077 -0.128099244458366
-0.00990312895138028 0.0182085022916695 0.384361168941444 0.346051686453608
-0.0449222348374619 -0.0159396023026919 -0.217346149205568 0.76255776486026
-0.0340840677432891 -0.0697391188242974 -0.871307257499824 0.318816378278734
-0.0318650123994659 -0.0609436429239607 -0.619019775250673 -0.296822512093775
-0.0393555460189043 -0.0554283312277155 -0.109308431485324 0.0123986019379163
-0.0897530219551988 -0.020560700822426 0.578286575080349 0.278998001514504
-0.0371875857654384 0.0379476178927608 0.792953989429845 -0.394454541566834
0.0169460780971559 0.0420342745718503 0.0909933601936054 -0.855983372584041
0.0463825522925844 0.00522573210553473 -0.51998621445837 -0.348628398183385
0.0262759643863502 -0.0320130843250748 -0.370364136706219 0.14615396645789
-0.005740855004761 -0.0127460065097208 0.018914527174166 0.158184155578532
-0.0276050775869151 -0.0131506212290943 0.208130601154677 -0.0854191543130283
-0.0283155626651832 -0.0254899585510868 -0.202926605238425 0.100841703168315
-0.0130083158714519 0.00495143654036353 -0.00551792565822142 -0.138195433939619
0.0068768586046578 0.0298487226318725 0.352210688609998 -0.128607674799795
-0.0175588369725155 0.0171612467177912 0.394747622548291 0.337434481241539
-0.0406533408509372 -0.0194248784078669 -0.203669977142541 0.758592669966774
-0.0247840986415144 -0.0688330848717756 -0.867834573418466 0.330236367247741
-0.0271514546775728 -0.0542919922827329 -0.630208286634327 -0.292712229619409
-0.0351411109313785 -0.0498323679189115 -0.119716282915399 0.0079675486904557
-0.0824200505339232 -0.0158379630515076 0.566413395118894 0.283613113665624
-0.0289748249507877 0.0369485410774002 0.797461327467913 -0.385194696820917
0.0182942016843191 0.0367866905992138 0.103797894527339 -0.860853825736241
0.0402552620301691 0.00600048924197005 -0.514534578598683 -0.36004006065517
0.0182569423915257 -0.0251006302575848 -0.371225114049963 0.145843512942252
-0.0115600929974056 -0.0046124998025722 0.0134822106847463 0.163761644056813
-0.0292731220877685 -0.00623978581567728 0.202396975686258 -0.0861229158022329
-0.028624567565251 -0.017347476232405 -0.205764206391649 0.0965585442221948
-0.0188838517378688 0.0111023161377557 -0.0123201789124004 -0.135876514931947
-0.00573912524748486 0.0362868322400636 0.354431268158508 -0.130058572852306
-0.0255067005713084 0.0182371489155464 0.408315104234997 0.323955188534199
-0.0372479269884241 -0.0208734054218061 -0.18057468403925 0.758055201117131
-0.0145194152213005 -0.0668356115726904 -0.858171910392977 0.34754137689466
-0.018495316311197 -0.0471428066285616 -0.63739639424502 -0.283303626362181
-0.0271266106949401 -0.0422545459769429 -0.127625499755398 0.00516779580933115
-0.0716601408590898 -0.010335319621142 0.558726133477196 0.291733005385058
-0.0184645011889008 0.0358535077574096 0.804506258310842 -0.365281092814753
0.0202820274114345 0.0332316217783992 0.128782592934334 -0.860959028666215
0.0326562825075419 0.00653842958250424 -0.505029401915704 -0.373362591876493
0.00981826777018535 -0.0184789950531343 -0.372875320853828 0.141739183442646
-0.0172405964707392 0.0018169058181032 0.00820824542344404 0.16853466324977
-0.0296094323840389 0.00135618322187606 0.199673136431144 -0.0877063951824807
-0.0263315900922134 -0.00865943993338752 -0.208007589124923 0.0924048149346362
-0.0223738525251783 0.015606037064058 -0.0198650655942702 -0.135790033574962
-0.0151764914303452 0.0410010573190444 0.356213803947839 -0.135217296588682
-0.0348934941013705 0.0191535468316131 0.420939947146379 0.315818580513422
-0.0350991128747716 -0.0213686598815328 -0.154422064152214 0.757608285070866
-0.0036595626012486 -0.0651620140001814 -0.843747105422492 0.370996611869376
-0.00647632603168591 -0.0399198792812423 -0.642024042659434 -0.268454112846886
-0.0160130988684537 -0.0332915723988413 -0.133491269082961 0.00501434755363184
-0.0584969943345974 -0.00602287697291143 0.550639790894176 0.304662850166889
-0.00781714622946611 0.0362546025426795 0.823120317816911 -0.34451838624005
0.0224607344044596 0.0301801740257272 0.157146206070052 -0.859753473115493
0.0234985847907023 0.00827425145261809 -0.48891821296548 -0.387475822918343
0.000915182228011709 -0.0141303214135062 -0.374112428613212 0.134752590934297
-0.0218793481685599 0.00540364160438996 0.00161051744751392 0.16945492110881
-0.0280078342981118 0.00926082566801842 0.197092531307932 -0.0931328982063758
-0.0234015456733868 -0.00133615585850241 -0.208186950385014 0.0842621670675461
-0.0225168551206935 0.0154779121064166 -0.0253780930264614 -0.139908478860959
-0.0211259652703722 0.0421028114011861 0.357162862672665 -0.140399471100466
-0.0420599097440705 0.0203623841724957 0.436548790168222 0.306346346267723
-0.0342413195959779 -0.0199013336091014 -0.123145827190336 0.762527347330559
0.00564293172745765 -0.0650717034004886 -0.82357645358953 0.396619402468135
0.00583932201523074 -0.0351336863185071 -0.643266619774907 -0.25151822656007
-0.00346728916313816 -0.0256727690339302 -0.134052168136224 0.00749773540274497
-0.0447391344193657 -0.00123274507466198 0.548794968284899 0.319711831673342
0.00234202011730656 0.0367544144285307 0.836518146345447 -0.317549926375022
0.0243502023574995 0.0299464909581698 0.189010111770761 -0.856296089625322
0.0162650528602097 0.0089611774517055 -0.473564559929918 -0.399779699474688
-0.00553697577545335 -0.0114100221188324 -0.37466978665832 0.128870894995217
-0.0231476527361129 0.00675892763909118 -0.00211756385262816 0.168760738593674
-0.0260088972708322 0.0147303770179446 0.1972710303693 -0.0959854362328687
-0.0188028341313049 0.00272436011804498 -0.206123303656199 0.079091492207452
-0.020295268736064 0.0140515758753306 -0.0276229619454571 -0.145421000833941
-0.0241207811096634 0.0410495026106604 0.357624851689085 -0.143919566792392
-0.0471164240305388 0.0220680289808527 0.450104066468858 0.29918550416851
-0.0336472552749323 -0.0158573471382434 -0.0959883956743262 0.767756636640598
0.0120853065501573 -0.063316074603317 -0.801093881334516 0.4170430242908
0.0162903488873938 -0.0317931290287674 -0.638311291769428 -0.233961006395577
0.00713092162264378 -0.0211000139838432 -0.131414500717072 0.0129127166994224
-0.0333982876740219 0.00141316694245088 0.550822979809712 0.336917440863356
0.00971912455426917 0.0383646711613215 0.855934899529404 -0.294417697950203
0.0244632623839393 0.0311258524360162 0.216989945734934 -0.848157053162004
0.0104747600727684 0.00999200555313187 -0.459270237038884 -0.405599369192693
-0.00931097293575081 -0.0148921099863681 -0.375938656894282 0.124297599597634
-0.0227446968689473 0.00407143279772047 -0.0053446435999613 0.164299756478444
-0.0221894687255888 0.0186685959800646 0.197463361774013 -0.104035305141915
-0.0192184955575627 -0.0423786549860701 -0.189789159498931 0.0965079322140491
0.00805772914958127 -0.0150172766665877 0.00767178058615018 -0.15967593090473
0.0326919998771682 0.00960288319798495 0.34794398520697 -0.134457782127242
-0.00594077711851522 0.0198792743941878 0.391215819547652 0.351939251001963
-0.0502987459371265 -0.00573477763412019 -0.202179337837691 0.780294870230619
-0.041508288636475 -0.0700060569732492 -0.847844020866493 0.338404071300174
-0.0308191756765781 -0.0651804898435547 -0.598281930752301 -0.279108575420518
-0.0350724923422741 -0.0594909397091389 -0.0873183438848929 0.0284098208307005
-0.0897705896866857 -0.0240059999111192 0.601320585572782 0.280360333886099
-0.0438633203545493 0.0396590706538574 0.801460939864014 -0.395172846613932
0.0145351908984728 0.0500168823792393 0.0853287410928049 -0.843521761572761
0.0526289364162793 0.00430874831122231 -0.521205844697524 -0.333256438565685
0.0358914742380982 -0.0479809512408042 -0.367359910292046 0.145420737898589
0.00495407384484505 -0.0280392721612422 0.0261905457739888 0.14517856578141
-0.0203238723612919 -0.0196531545573248 0.214292289727385 -0.0911898115582341
-0.0228581347614448 -0.038966189800382 -0.193772538615585 0.100275958522008
0.00218518520393563 -0.00853597582970959 0.00458830382663071 -0.151665829454387
0.0263078245537472 0.0161844782717736 0.348658594294205 -0.131856022320893
-0.00626864886960907 0.0183988750776528 0.385108715716741 0.347899544476581
-0.0477883460032227 -0.0107894239921826 -0.212371063820824 0.770476711913863
-0.0396383215785711 -0.0695504102369316 -0.85962432757746 0.329145769392094
-0.0330150882815248 -0.0646389638584312 -0.608871267808243 -0.29042295687039
-0.0394213395338127 -0.0585378084645967 -0.0974426397674107 0.0209408134312486
-0.0914915464649128 -0.0226320047988443 0.589583503956851 0.274533144597039
-0.0418412302359265 0.038577433678409 0.791171275350205 -0.400609503005238
0.0158326854891436 0.0463181269645078 0.0767921179025921 -0.849557570140543
0.0513276115830087 0.00449767936779278 -0.523422812423809 -0.334108946317817
0.0323793920748592 -0.041186683083614 -0.367425847431677 0.150127791430541
-0.000466731269052168 -0.0212638608344877 0.0238970924979404 0.152240060683467
-0.024737563183079 -0.0170460355035874 0.211309948019875 -0.088614421656899
-0.0264191425242747 -0.0327299313033346 -0.197769640979866 0.102042655096346
-0.00555716331137032 -0.00139745606942517 0.000539846619423113 -0.144412598024342
0.0184718633137973 0.0228733783794431 0.348764727192077 -0.130653079563993
-0.0101700080557864 0.0177402062191027 0.38807487341796 0.341165031939153
-0.0445246105056386 -0.0146525295788221 -0.208679407914597 0.762632580935594
-0.0341099734408837 -0.0691287223098993 -0.863138810982661 0.326781872996156
-0.0323251264079854 -0.0596116880572018 -0.619235795714127 -0.291641592840749
-0.0398196075936716 -0.0550215939503014 -0.108567330956421 0.0137561534909602
-0.0897118892442186 -0.0192765441276808 0.578960221143173 0.272230638626902
-0.0370796918032811 0.0376607664441369 0.787851203465228 -0.401947067102468
0.016653514664755 0.0415095073499451 0.0813929498808858 -0.85335837554088
0.0468685713475865 0.00452717415933683 -0.523372315961503 -0.341090402428306
0.025786611494493 -0.0332668308581022 -0.36851976145302 0.149913386317183
-0.00679680717867514 -0.0130828394089332 0.0192465657496914 0.158408463744649
-0.027508146617368 -0.0126159841322217 0.206089736194988 -0.0867053045278215
-0.0277465528231933 -0.0247248159756161 -0.200667832338278 0.101782783744879
-0.0124553278599524 0.00605045048282991 -0.00688641520405507 -0.13920072770493
0.00696271783435648 0.0304290286144622 0.350096523412987 -0.131425865849297
-0.0174601092639394 0.0181440565166906 0.397176177075326 0.331804353680425
-0.0403064865335227 -0.0189857661757664 -0.196271060369962 0.759425460716722
-0.0255025458380589 -0.0682916649854986 -0.862104857689192 0.33845321228261
-0.0276742509555588 -0.0531743002321129 -0.631376377586851 -0.286165208751746
-0.0357380765482732 -0.048396711106477 -0.118910636375609 0.00911159611193208
-0.0827466402079009 -0.0149410530982151 0.568278983747041 0.276758473100731
-0.0285858107154113 0.0369364156436027 0.790050526697567 -0.393486671646968
0.0190387857644067 0.0370082549900525 0.0931233645448917 -0.858503671171742
0.0403226570957323 0.00559018780681264 -0.518503944512917 -0.354082585369957
0.0183957980773629 -0.0249448339467035 -0.368971548478427 0.148388772168805
-0.0128236722543757 -0.00515761534872102 0.0145213800131128 0.164275419096438
-0.0296921493159385 -0.00568447143934142 0.201418797325556 -0.0875594531850066
-0.0280481620983776 -0.0162216382842665 -0.203278476366387 0.0973531121959482
-0.0184403608123976 0.0112741363264067 -0.0141745382969883 -0.136272916587266
-0.00478687174872122 0.0370488164593264 0.352188774288483 -0.134958387522147
-0.0261885334270377 0.0182923330900621 0.410591653868018 0.319853500360644
-0.0371737526353088 -0.0202946666941153 -0.172520803146328 0.758827583147912
-0.0153318902025272 -0.0659269580081546 -0.85206350149556 0.357166326737108
-0.0188444543331002 -0.0458107153105044 -0.638823632311514 -0.275452612127711
-0.0270378743146276 -0.0411974405685316 -0.128378622399974 0.00686943458494913
-0.0717070710558805 -0.00960141694023981 0.558593539186909 0.285749589171308
-0.0189247851070852 0.0365037280592402 0.798654282369033 -0.372368186593553
0.0210274059729396 0.0329788151514493 0.118145164845548 -0.862438947362486
0.0328122408084589 0.00673159033686776 -0.508213422914554 -0.364452981172996
0.0090874035125329 -0.0183462627831301 -0.370585749139985 0.146000486476859
-0.0183438526800047 0.00193787786551557 0.0090082668594557 0.168826692759662
-0.0298895782489894 0.0020404703684278 0.196881258231775 -0.0885150863060408
-0.0256426100224809 -0.00819234900795805 -0.205798056637356 0.0928829431724473
-0.022049910245687 0.0157723007017024 -0.0211463146610774 -0.136427790785639
-0.0144656491910556 0.0418309471746088 0.353784970402609 -0.138984283781294
-0.0348601362758469 0.0194589405151308 0.422492464079869 0.310132818845814
-0.0350621894505826 -0.0212077322935972 -0.146853014460709 0.759358415531686
-0.00445739126658881 -0.0644724540327181 -0.836202458304108 0.376834223629277
-0.0076684843616622 -0.0394322745422593 -0.644064259877437 -0.260800608610241
-0.0166611092626332 -0.0333744569714052 -0.133355222754549 0.00688310944429876
-0.0579604796508025 -0.00484973362816685 0.55342356821904 0.298952214412945
-0.0076087293590956 0.0360375125671264 0.815665213270206 -0.348465371388362
0.02227493886446 0.0305960302833505 0.148300999714591 -0.85947298369388
0.0233361358152256 0.00808966621901578 -0.493524406291371 -0.381154036898668
0.000339907024476671 -0.0143723252072177 -0.370360039609742 0.140721473607712
-0.0215765140842011 0.00593815154803217 0.00352160391965917 0.16942429130621
-0.0287891743950155 0.00892815665675504 0.195666578945829 -0.0938723283247826
-0.0229597965447805 -0.00124200347412417 -0.206767720409218 0.085202543575073
-0.0222971782238196 0.0168310942844189 -0.0260533903145668 -0.140761832204011
-0.0215600924558397 0.0433514538040355 0.355046047313885 -0.144152089462238
-0.0417352714322342 0.0210939568768785 0.438679706173314 0.299054570240859
-0.0339626529400483 -0.0194415597394709 -0.114111505807644 0.762392804466689
0.00521286527000933 -0.0638251022197052 -0.815596088668303 0.400625483319493
0.0053115725419681 -0.0342664473191422 -0.643134146388539 -0.246489127585305
-0.0040704142635969 -0.0258898454064153 -0.13369212451728 0.00970261894527549
-0.044325857926059 -0.000815772500906076 0.552652632164313 0.315503291868634
0.00251146592890036 0.0363289361215367 0.832428434506319 -0.325971691013567
0.0244328162510453 0.0290783273350677 0.176381017375198 -0.856410365790506
0.0165515902315216 0.00862316942897512 -0.478308238799226 -0.393960372358916
-0.0059551917127611 -0.013343337446683 -0.373241127243309 0.135540773822804
-0.0236170380845824 0.00632645623916285 -0.00174731011844472 0.168947749229216
-0.0258791433406372 0.0156699934637519 0.19559425124843 -0.0979162727621129
-0.0184186890305409 0.00347847059507638 -0.204268589100212 0.0800814207190428
-0.0200592087066458 0.015083479237442 -0.0291648630312813 -0.145164430955047
-0.0232209443586443 0.0418949484490107 0.354377347928417 -0.148934347506743
-0.0474969687704293 0.0228185402036273 0.45232067110734 0.292603241634477
-0.0340859142249613 -0.0153565633637077 -0.0865564927899132 0.766056009066348
0.01119710817934 -0.0635151927744349 -0.794646963929903 0.422813637265175
0.0153851898179823 -0.0313686201154401 -0.638921296467946 -0.228036504144673
0.00687615549812269 -0.0205820347478874 -0.13129082860447 0.0135334257035173
-0.0335099077791119 0.00120753068974918 0.552098618925715 0.331200495448071
0.00924816781149896 0.0384605378916262 0.851271866097543 -0.302219128118333
0.0247587842526217 0.0308349176454608 0.207069329865717 -0.84880318448687
0.0110862376826165 0.00893568543583274 -0.463521806591346 -0.400504161690072
-0.0100753972615373 -0.0145659061628227 -0.373452160684186 0.128731965336609
-0.0227470747822267 0.00397235288690833 -0.00456758106837214 0.163354777743975
-0.022244341610266 0.0190203820389045 0.19565843030125 -0.105400634744859
-0.0191179682569159 -0.0421861884630391 -0.18829299457836 0.0970061685113491
0.00775290022029849 -0.0145314749484226 0.00590718253869768 -0.160270044920743
0.0324294118551342 0.010045184367998 0.346211918897035 -0.137230284650753
-0.00610339834153759 0.0198930404491433 0.393779193836366 0.347609032637994
-0.0499123399168351 -0.00525309291853125 -0.192462997246081 0.781122618469181
-0.0419363864098551 -0.0686392476037081 -0.843281738307542 0.345465516016134
-0.0315911245475256 -0.0645334688674418 -0.599360809154221 -0.274822744690944
-0.0357080126510922 -0.0585301743748955 -0.0869321048753304 0.0297444521086324
-0.0898158971830325 -0.023234434934318 0.603524323925751 0.27468153621935
-0.0431871911919856 0.0397053427864254 0.795790000628282 -0.402037887299078
0.0154410169740009 0.0506663083322712 0.0765488076920956 -0.843621677993222
0.0522258738944264 0.00381448042751624 -0.524216136008786 -0.325398850053796
0.0347937199121126 -0.0481565634190947 -0.364571180945431 0.150790689575878
0.0041184458970062 -0.0286167160950267 0.0268858265041476 0.145235117405819
-0.0206205115921181 -0.0188557830951664 0.212879316968105 -0.0919812104877849
-0.0234077563717476 -0.0378272963811386 -0.19139951662798 0.101899676437743
0.00185045594247854 -0.00844304888797362 0.0034460444760009 -0.152163830484729
0.0276214054638325 0.0159928481053159 0.346049495215822 -0.134292136463428
-0.0066135177595127 0.0193005196016727 0.388207053406392 0.344590012321616
-0.046836460512725 -0.010488418149098 -0.204619424824755 0.769947035747383
-0.040212847970606 -0.0689730514624414 -0.853699156148682 0.334768607113167
-0.0344485877781061 -0.0627568830648425 -0.609938865468109 -0.284719747630962
-0.0397883502261029 -0.0573336725969069 -0.0973301764018029 0.0215021628040235
-0.0921064753117653 -0.021263076315258 0.592106271547223 0.268119489622523
-0.0422108468918241 0.0394161503538164 0.784051506346147 -0.407046998359344
0.0162932637917228 0.0462572688133512 0.0672071738436484 -0.847434562382282
0.0513111809391773 0.00343889429035042 -0.526806525867928 -0.330002370643846
0.0318014157290671 -0.0419133107752282 -0.365104332049097 0.153841606777544
-0.0014977290921486 -0.0215834968944945 0.0247610817840704 0.152181676460809
-0.0251791347300696 -0.0166736112889184 0.209182088688917 -0.0885565786633563
-0.0257740086737951 -0.0330513099185644 -0.196332441903167 0.103188440206053
-0.00551222509901882 -0.000974125511676267 -0.00124849255952417 -0.145465049680505
0.0186478163679197 0.0229688001408858 0.34624585863001 -0.134829257884248
-0.0106296203078685 0.0185872385748232 0.391213392568943 0.337765501376149
-0.043872399652504 -0.014856073995463 -0.201389856855783 0.763408043187309
-0.0347818838014291 -0.0686007506351645 -0.856701698886706 0.334407780116884
-0.0332003087814694 -0.0591569968934691 -0.621533650968247 -0.284495920476593
-0.0399237600951232 -0.0543031573485645 -0.108329240771522 0.0152906409867786
-0.0898801966671463 -0.0178268059217154 0.579903946402975 0.267229472408422
-0.03643615823343 0.0380691016160216 0.778960156829302 -0.408048660086453
0.0175930816579424 0.0410339013493843 0.0707617775500719 -0.85117567292556
0.0474065488117568 0.00363823422892188 -0.525645039893222 -0.33492210808537
0.0247752070039148 -0.0335388190395792 -0.365559080687803 0.154949704013496
-0.00686634607169549 -0.0128032992393803 0.0213632091862653 0.158267850890526
-0.0278911850049018 -0.0117244033682862 0.204892940312673 -0.0875116183862363
-0.0274899187080891 -0.0250259379753359 -0.198899021316128 0.102142733201858
-0.0125459463259268 0.00663031360819171 -0.00796734784529616 -0.139415398567102
0.00747189780750437 0.0298321872696163 0.347513449332373 -0.135693883446197
-0.0175524460652605 0.0180574842085035 0.398426667293074 0.327707634578366
-0.039732000343055 -0.0187150281444799 -0.189838218543848 0.759764588595389
-0.0257126575722619 -0.0670600080073286 -0.856697375553442 0.344701461638731
-0.0277616945043098 -0.0521820122900499 -0.631033748787494 -0.280414993684026
-0.0363607833425966 -0.0482678439749276 -0.119146530634451 0.0108266405150824
-0.0825874392487226 -0.0132230282665748 0.569682557125271 0.27140621755039
-0.0287529941673026 0.0367169127922133 0.78305078836852 -0.398658675298244
0.01925358846305 0.036312044906715 0.0839374267460536 -0.857213195264089
0.0406528829231814 0.00494035187751851 -0.519868544351365 -0.346044970851394
0.0173462221147966 -0.0258479410324025 -0.367026338555851 0.154376302096167
-0.01298934641465 -0.00499504326543107 0.0160592925520263 0.164423928038742
-0.0297315241593658 -0.00498081001212948 0.198975387486059 -0.0881297948723571
-0.0274928902541863 -0.0166868915529773 -0.201658348340305 0.0987021257354561
-0.01823570675204 0.0123347777419428 -0.0153828709768826 -0.136473085407962
-0.00477208865195931 0.0362986375380625 0.349204005445313 -0.137766627185378
-0.0258559277792064 0.0188285977720813 0.412489418541443 0.315994180644641
-0.0368696733911857 -0.0210342444099973 -0.166320747189254 0.758987573057227
-0.0152934234534997 -0.0661855068622421 -0.846359150759062 0.361482973850639
-0.0189918550583476 -0.0452812449900055 -0.640135543367944 -0.270051543721509
-0.0282302860376286 -0.0402550598097869 -0.127528787620027 0.00835991428117203
-0.0712068235960497 -0.00923511428323534 0.560495716162754 0.279818283101769
-0.0178366734543764 0.0364804706651296 0.793338739192413 -0.379348057962746
0.02084680266538 0.0318974781631721 0.106976732318339 -0.860159070476776
0.0325137613779162 0.00623924127881298 -0.51054348848237 -0.359910200411119
0.0085715970493179 -0.0193360519150367 -0.369782756500601 0.150853958773083
-0.0187407939603482 0.00153992122229094 0.00965211066427513 0.168423956325889
-0.0296978879333881 0.00280731255801384 0.196410751637109 -0.089178766374683
-0.0255262377636935 -0.00762620522533664 -0.203546324452064 0.0939244898371567
-0.0221666751915708 0.0171747643683222 -0.0215230268336746 -0.136644955661466
-0.0138215498819579 0.0417207150630352 0.3506002235038 -0.141475413162045
-0.0353194002238071 0.020281573576462 0.424590010231926 0.304558029940727
-0.0343206994139304 -0.0212373168914749 -0.138062219610098 0.759211810757513
-0.00457014766986224 -0.0645691403822665 -0.83045396617993 0.383048625332281
-0.0073524285025361 -0.0385792633733692 -0.644304927076558 -0.254769257036226
-0.016763598044864 -0.0327259392301926 -0.132912413170211 0.00845803980060595
-0.0583688924843606 -0.00429117426155743 0.554702002296493 0.295467164149619
-0.00668954199308803 0.0361191434986971 0.809701051817041 -0.356845899246808
0.0223613177401467 0.0296243735144356 0.137956246699846 -0.858741949655705
0.0240171574444403 0.00776554425969039 -0.497405239584856 -0.374983853793904
0.000437695322596098 -0.0146213665295056 -0.37023438084459 0.144755363937385
-0.022315267622143 0.00605394507393308 0.00379943364820209 0.169599499269158
-0.0280104952377732 0.0101020602529586 0.193843791890289 -0.0944827475113632
-0.0227425079944141 -0.000586185746279305 -0.204524276367259 0.0866947649046014
-0.021936397877958 0.0171862535186738 -0.0275312924170407 -0.140519600806257
-0.0204942519532056 0.0430359237242634 0.352931611689175 -0.147167481317896
-0.0418583569135968 0.0210985729205567 0.440584017345984 0.295183564640849
-0.0332584396803111 -0.0190960035454712 -0.107470665766139 0.760500467844936
0.00493736105738335 -0.0639688568331325 -0.809178870420821 0.407608242893336
0.00520775648656297 -0.0335432438286493 -0.643475236131532 -0.239788669740152
-0.00427345835659316 -0.025694913908059 -0.133558319583873 0.0110190618901358
-0.0450943675798715 -0.000439259281160944 0.552502633674098 0.31052805590803
0.00275863724053643 0.0366719800356507 0.827139352055877 -0.332490574148085
0.0238137240451751 0.0285432205721045 0.166580593382567 -0.85588210266479
0.0175508277875921 0.00787990374459545 -0.480804400043461 -0.387432742057705
-0.00606838192740737 -0.0130162959837621 -0.370530675420351 0.138643709391884
-0.0239547265671969 0.00641563437667542 -0.00115949794062407 0.168847996477194
-0.0258220763723782 0.0157112674717577 0.193656710744517 -0.0978327241508814
-0.0171752407880605 0.00319573264181546 -0.202886405353934 0.0810083015573818
-0.019776781365673 0.0152447996163719 -0.0300002303465035 -0.144867289928028
-0.0224933652136741 0.0420565923222662 0.352270962780361 -0.151431143895034
-0.0472189736194135 0.0236121104000191 0.454322329644129 0.288059306166
-0.033115471460081 -0.0151730982381597 -0.0812589941866615 0.766038657379532
0.0108562116387678 -0.0634934466762699 -0.788895167017619 0.429130674805437
0.0145540154311176 -0.0314350966965817 -0.63941562132176 -0.223354836157718
0.0060510423789791 -0.020853901102361 -0.130967707867408 0.0159477723868821
-0.0338106402641531 0.00211643467005212 0.553790041190314 0.324479644808861
0.0100161455217619 0.0378260029029592 0.844033100176441 -0.310570352366168
0.0251530825125882 0.0308648587188237 0.198853362455564 -0.849216806505118
0.0111693728783621 0.00997111820787004 -0.467349119124638 -0.394943196988727
-0.00987723156523937 -0.0156872658463473 -0.372103584332532 0.13322970331332
-0.0234164457332265 0.00423103999985804 -0.00376394208813769 0.164612336086315
-0.0218078940599703 0.0193567127633869 0.194534758701797 -0.105371088717525
-0.0324327101910741 -0.0323762702591035 -0.147165652002427 0.150750629246218
0.00108403386050387 -0.0172818547526415 -0.0437808379580744 -0.154980659221757
0.0345919582883593 -0.00353346196869569 0.285299729950844 -0.235751482959245
0.00455357173709625 0.0226071109121918 0.483454176268157 0.209308263447933
-0.0484217513221506 0.0192131191495015 0.0573619842273083 0.798899467258471
-0.0715649979914195 -0.0476874723982962 -0.683577680915292 0.592878936051169
-0.0553597661871329 -0.0532156058872867 -0.654447108302378 -0.0647409893031138
-0.0509464627167888 -0.0435268152012849 -0.0708922176965009 0.0557359140548373
-0.0904222679661005 0.00626386774805763 0.653640348162074 0.072618761168031
-0.0313766775802534 0.0487570106916979 0.630017758329741 -0.622567211297184
0.0316907210167621 0.0425205155348216 -0.192433967159921 -0.8141567249944
0.0523171888794135 -0.0122682767481422 -0.59244208697125 -0.148282523033974
0.0192003872047338 -0.0551079259652532 -0.300672579747381 0.255098837569908
-0.00646918678992358 -0.0297540179633155 0.0680452131239892 0.130491115431438
-0.026287335867963 -0.0105648264888736 0.172595134790436 -0.145618171525154
-0.0351233973134693 -0.0277645630136461 -0.149455821528028 0.155472482219452
-0.00283371217001993 -0.00921813978822265 -0.0435934241632398 -0.146822506393338
0.031342048704028 0.00364332250677671 0.286182019544707 -0.233819050158789
0.00268423106619074 0.0216265435783209 0.478289723948527 0.20958653218805
-0.0478464388465139 0.0136125289384399 0.0429520877800022 0.794665039157978
-0.0700389545710287 -0.0488866917700032 -0.698450963521555 0.586732347344937
-0.0574892383252294 -0.0505746978272104 -0.667520919127712 -0.0700198503724068
-0.0543858531066746 -0.0418222659596016 -0.0836102314200881 0.051526734728546
-0.0924135637273521 0.00881772428328244 0.640753979539841 0.0712100832996864
-0.0310557032054538 0.048399114554918 0.617264551455711 -0.62252084808766
0.0318415230430296 0.0381660169690238 -0.201509012514364 -0.814586803114746
0.0506300154568764 -0.0124250450242125 -0.597531956158924 -0.150231336384688
0.017175627729637 -0.0479259224291223 -0.299310502624822 0.257997237851865
-0.00865599972334935 -0.0216378122547158 0.0681916271137959 0.137685638545917
-0.0290938044169863 -0.00715094165279743 0.171246681143513 -0.141687921449216
-0.0354254729607206 -0.0204254174471274 -0.15258404360853 0.157712430249188
-0.00697706706044253 0.000850155611752027 -0.0465864617123724 -0.138689799747259
0.0255631767478548 0.0133677407545223 0.286973193022458 -0.234274058439522
-0.00141191707112085 0.0222401824006359 0.47637547284577 0.200509277856097
-0.0462446724981131 0.0078960124857835 0.0435402320276163 0.785912058939332
-0.0646579984505518 -0.0491706842248505 -0.702841725492687 0.586444369557671
-0.0555577764948961 -0.0473508382582503 -0.680485339653801 -0.0671827720098688
-0.0543241952508254 -0.0378353876776235 -0.0956557993739983 0.0490379302246207
-0.0892081340385412 0.01125302797537 0.629839112174869 0.0724344555592292
-0.0259202900827539 0.0450556238093554 0.613573149760853 -0.620998903555006
0.0317995818757975 0.0332068152904625 -0.198659587232272 -0.820813889701074
0.0473218773468207 -0.0107642049579157 -0.598349741265966 -0.156130067972939
0.0138301151462 -0.039025297366526 -0.300470093691638 0.258590717640188
-0.0111555022038347 -0.0109922660875729 0.066457752131877 0.14510990715034
-0.0307498968238234 -0.00157217633857925 0.167717204584798 -0.138096177864784
-0.0343492225455171 -0.0124892017621843 -0.155972131609636 0.158042179077225
-0.0113805222257518 0.00936415479121591 -0.0509579003277416 -0.131713196989762
0.0171414779513399 0.0237327212979005 0.286857085807674 -0.235854328370842
-0.0077863111284773 0.0248291459503526 0.482522305625772 0.1879466454381
-0.0441643888396377 0.00432475201134386 0.054345974664562 0.778888094167514
-0.0558242816177586 -0.0509278354829178 -0.697775237609823 0.595916336560994
-0.0481871710378705 -0.0425006296254572 -0.688789597971776 -0.0606554837946068
-0.0488450277044973 -0.0339258212440068 -0.106911425360424 0.0482146275972515
-0.0813061202803714 0.0133888380241364 0.621499496319118 0.0809344523475476
-0.0180847460085072 0.0420529511202831 0.619656786824971 -0.612317632298933
0.0320836237022845 0.0280084199256034 -0.188663482787218 -0.830739570074907
0.0411764332201968 -0.00732315885972371 -0.595874339595207 -0.169530412431254
0.00867714714665493 -0.0293307699031197 -0.301035003235597 0.2583850175293
-0.0147248026849829 -0.00158824759740583 0.0633880813177106 0.151939611277311
-0.0302038780219067 0.00549037157730156 0.162579769591316 -0.138117776366168
-0.0317599661628035 -0.00455267917939995 -0.159956409960294 0.155022935221312
-0.0141436472404091 0.0174916394275429 -0.0565330625156805 -0.128199021479724
0.00821420728408824 0.0336101833089138 0.28738719757921 -0.240492818444641
-0.015319785333181 0.0281026949705839 0.491467462795254 0.172171546514808
-0.0408615600380831 0.000698424504634625 0.0753369039844199 0.769864430157475
-0.0456409708585418 -0.0532290691272521 -0.680975457623441 0.609867778324308
-0.0373388686523587 -0.0386483657856004 -0.691703163975033 -0.0481957698612671
-0.0387204105091838 -0.0290606089778661 -0.115375585288574 0.0485711581327665
-0.0688178230739537 0.0140708890941854 0.614090586499032 0.0899678182889939
-0.00939522785120228 0.0382784402426822 0.633492935865543 -0.598070233891566
0.0320376737638001 0.0238138477711817 -0.169843890504666 -0.838760171122074
0.034156856342598 -0.00455727442412329 -0.591585194340166 -0.183620140717619
0.00259786327808939 -0.0200419085488032 -0.304067939633341 0.256679139791225
-0.0174879966343699 0.00559588148385264 0.0585567599919933 0.157611143547523
-0.0282200046176521 0.0134325950843545 0.158807202089919 -0.138064769135866
-0.0268036735491315 0.00266537378242137 -0.164317858251768 0.151324165484753
-0.0164116511998653 0.0227626951265189 -0.0639357773852699 -0.125695903496488
3.14421783562946E-05 0.0413454973400526 0.288313852780762 -0.243951101682128
-0.0231656062539518 0.0324905402899658 0.50056076476846 0.158124864666343
-0.0383124832892421 -0.000475940931792903 0.103141308954248 0.762000996892526
-0.0348663532029186 -0.0551186134818118 -0.660428631065508 0.626325124250283
-0.0242779281306783 -0.0362506477602531 -0.691851581360355 -0.0323895517991403
-0.0256330060740332 -0.0254808707332865 -0.121610224333694 0.0500670499818505
-0.0549765474854442 0.0140978758983539 0.612096871839121 0.106096602455251
0.000721545935095973 0.0346746777317425 0.655044190259577 -0.582081490491207
0.032760725013554 0.0206605445823073 -0.138674383711495 -0.847713237872992
0.0254370974480892 -0.000268842467486062 -0.581770174028264 -0.202434970385535
-0.00386348273004507 -0.0135370458967817 -0.306491253988875 0.251423849205911
-0.0197914195306377 0.0112674662030127 0.0551659753277178 0.159940881194854
-0.0242739863298418 0.0191030863088888 0.155263364122089 -0.142467039570823
-0.020984444489173 0.00923450628690868 -0.167866014237324 0.143823397706696
-0.0165980280328654 0.0237247625001249 -0.0707269291946374 -0.128088520599572
-0.00507861875984952 0.0451573750065379 0.287366670484043 -0.251497436407668
-0.0290767732624181 0.0362487515093919 0.512987233008932 0.141493643496321
-0.0365248186219172 0.000105911249404882 0.132501703878192 0.754419106839992
-0.0255604711880417 -0.0562185379644164 -0.634294232429097 0.642650159068651
-0.0112728286039335 -0.035370755571017 -0.688207312968233 -0.0175300775172839
-0.0129638690527926 -0.0211243348680917 -0.121045342697253 0.053665312397319
-0.0416536879416886 0.0142613188449541 0.617698658743121 0.121835506586453
0.0113576715145647 0.0311540790447282 0.67861629200666 -0.563846506669762
0.033892235140575 0.0199566527856781 -0.109618657534338 -0.853002475408613
0.0201088238094072 0.00278261765462758 -0.569865215767614 -0.219930719190544
-0.00969879038627653 -0.00968917261514619 -0.309609887792635 0.246293153528883
-0.0212253888956327 0.0125090780221999 0.0496503497224998 0.161088340003335
-0.0207002667456028 0.0245557785128099 0.154333660310715 -0.146197883451788
-0.0153011980547678 0.0108734399768969 -0.168081256533288 0.138871272297286
-0.0153823014786825 0.0214326699152555 -0.0742483358370246 -0.130984510328287
-0.00719305435372229 0.0451054831280039 0.286117891669339 -0.255900338929863
-0.0327476301374428 0.0389307577727293 0.522905972984253 0.131452876529127
-0.0353188499581204 0.00370770726273984 0.15976664853485 0.753584548880906
-0.0199019433725716 -0.0573927558104306 -0.607603888451536 0.656454264555649
-0.000532366787322089 -0.0357766541732821 -0.678466712819551 -0.00110851693146621
-0.000552314030575714 -0.0208822093602791 -0.117190649132907 0.0576348245962837
-0.030656176260212 0.0134139521101672 0.622705596469102 0.134946211694954
0.0171185688197275 0.0303872539170311 0.703956791367236 -0.547632938379692
0.0358839869218834 0.0212126546059146 -0.0817299393335419 -0.858662740837721
0.0148274083416805 0.00628467347960936 -0.55921088446156 -0.23065712668268
-0.0139951308190683 -0.0106810734937558 -0.31080680827801 0.241978479497925
-0.0216498893194403 0.00990258201778449 0.0457769765506087 0.158001783201823
-0.0153823800361149 0.0261792959590588 0.152553004916775 -0.153756042306851
-0.0312197227582799 -0.0324354938706372 -0.14653479570779 0.150143892968735
0.00115585984718119 -0.0172580561738541 -0.0452895327293084 -0.155380590464851
0.034239487507421 -0.00423912382014369 0.280857928436648 -0.236945621540053
0.00436049475584333 0.0229924977801585 0.48242702614864 0.205795344607139
-0.0479603287033207 0.0193435553018157 0.0635876370597816 0.79774656150938
-0.0717294719255967 -0.0468175271778543 -0.678612749480211 0.594506722834033
-0.0552908025312785 -0.052095278623947 -0.653626767553193 -0.0611005217812252
-0.0506811011986139 -0.0426215906137018 -0.0704847839207038 0.0568684241922697
-0.089614251753338 0.00723715828991188 0.652110476229611 0.0687144353542424
-0.0316677683590108 0.048798496673834 0.622231204506495 -0.624551927646122
0.0329509158353416 0.0418382463704445 -0.19889130929946 -0.809302747874151
0.0520176068721011 -0.0130623539307604 -0.59318330749109 -0.143267873445724
0.0176837902455571 -0.0555057307963788 -0.296845277662514 0.258896619294614
-0.00673223119641561 -0.0292340336382816 0.0676751546760623 0.130567965872059
-0.0260169375398907 -0.00988957757358121 0.17126517131357 -0.145705601297115
-0.0345753372254155 -0.0272176121287268 -0.147836268286741 0.154869427049985
-0.00236512251599806 -0.00910146887724847 -0.0447587365459943 -0.146343103411127
0.0315095393312042 0.00353977067429987 0.28281121254191 -0.235643416310162
0.00241300858730476 0.0226288231791351 0.477841367862612 0.204963009953695
-0.0468766822950682 0.0140176498142909 0.0504403289173145 0.790079150598204
-0.0701927386204136 -0.0479917221510282 -0.691915007025479 0.58998540000252
-0.057498148006765 -0.0498744391088479 -0.667447589786401 -0.0660986664134821
-0.0542786692144081 -0.0407589928333688 -0.0818442681309209 0.053062386433162
-0.0917446238442609 0.0106987678624249 0.639717392423557 0.0642058823425545
-0.0302486919916928 0.0481732715475099 0.610761373993541 -0.623693289164752
0.0324301529119198 0.037708905987185 -0.206893622075438 -0.8120050493685
0.0513510442495989 -0.0122583187530296 -0.597712769682966 -0.144797684947297
0.0154780908550963 -0.0475587759910916 -0.295709966722319 0.260631352551412
-0.00895649629461562 -0.0210490313808309 0.0688646402814169 0.137432426616341
-0.0285350754425568 -0.00666227199667803 0.169730519376094 -0.141541960090462
-0.0350056996478638 -0.0211023019298931 -0.151519058077668 0.15784784262224
-0.00637412791720085 0.000662115951492623 -0.0472932477760026 -0.138995870142312
0.0257371928075045 0.013815214386247 0.283851573058521 -0.235479292395718
-0.00164045418215436 0.0226333110807237 0.478358761649414 0.19686753730032
-0.0449523671176373 0.00779408423642268 0.0479693941173647 0.783810042654368
-0.064547252702074 -0.0484591008633581 -0.696657624464883 0.588997545056034
-0.0555362438513309 -0.0465954825123716 -0.678705236533566 -0.0623065472112091
-0.0536847488090412 -0.0370826923330946 -0.0953314622217869 0.0497264695764947
-0.0886494008595875 0.0121924215342067 0.628490470058134 0.0668698728999865
-0.0259051474204495 0.0455176032424267 0.605791526313406 -0.622501355268012
0.0322325542769567 0.0330606054646212 -0.207055342215166 -0.817631757397305
0.0473566006446376 -0.0109518912647819 -0.597558348555762 -0.151187016745353
0.0129885300343611 -0.0393713778048814 -0.297139263224308 0.263289730592947
-0.011257415306206 -0.0113728105085751 0.0672715796128656 0.14469404082733
-0.0301580119973501 -0.000614281236716504 0.165810468315222 -0.1391038375475
-0.0345450678148789 -0.0127308548160966 -0.154273030469882 0.158125965952116
-0.0106599199480577 0.0103433347095053 -0.0519950179339177 -0.131888939468662
0.0173628041464775 0.0240209413034926 0.284134626641663 -0.237517744664815
-0.00804728290650224 0.0251380476724797 0.482534635420652 0.184427869179279
-0.0428779274482472 0.00342091650111091 0.060536700419529 0.777472495178162
-0.0563012187958923 -0.0507465450427989 -0.68998478924648 0.597437281158934
-0.048398709540556 -0.0413152694639576 -0.687167682260784 -0.0553239911273749
-0.0484211242078146 -0.0329318056533316 -0.106390440756346 0.0490273608354594
-0.080946436904975 0.0146098386924676 0.619417477937696 0.0764549676950945
-0.0181185549174373 0.0423019525178526 0.612573530165191 -0.616216927495378
0.0318725453442007 0.0280954202278386 -0.195129940670546 -0.825139910765407
0.0413008918969456 -0.00760549861600564 -0.595646659945148 -0.163187035311272
0.00769797972699059 -0.0288106706744006 -0.297620968817046 0.261428330776408
-0.0154580451812983 -0.00136090803710246 0.0639518511107439 0.151471616509176
-0.0297431096616886 0.00560682758144302 0.161235812057351 -0.138525993081256
-0.0306787206023079 -0.00404260168695258 -0.158523300655733 0.154625216822808
-0.0138662335708346 0.0180810860628325 -0.0583239484224173 -0.127833232906307
0.00826717448368646 0.0337346617818859 0.285204369463426 -0.241599787028408
-0.0148864523165469 0.02905579217693 0.491751578573862 0.167930508570288
-0.0405534775398425 0.00117400715574371 0.0829235771671141 0.768248699480932
-0.0457410762696506 -0.0516195381774828 -0.675900885792723 0.611629821103672
-0.0378922336404957 -0.0375963425784057 -0.690612283423505 -0.0424479397316373
-0.0388176932845686 -0.0291973595841306 -0.115413445554835 0.0494673105778453
-0.0694297394639248 0.0151015168729452 0.615314616071813 0.0860522583599873
-0.00928157537989676 0.0385933810270794 0.627030996768021 -0.602024167388856
0.0321807730471841 0.0237191901543581 -0.176794707186847 -0.836387948981894
0.0343453657966858 -0.0043990489268139 -0.590188847705782 -0.178212026540247
0.0021687381635084 -0.0198003398482743 -0.300343697981551 0.258520891195316
-0.0180270388240978 0.00584449307192913 0.0592010411281065 0.157382038651099
-0.0272710733845305 0.0134809856528514 0.157709967993339 -0.138322683448097
-0.0262380860953121 0.00310776760095835 -0.161997920250256 0.15107018138427
-0.0160073540238637 0.02337446929892 -0.0648847258931599 -0.125312553655138
0.00116785120593324 0.0411118470012559 0.284387780389415 -0.246174519877759
-0.0237900565498266 0.0321539291645645 0.499317176376922 0.153729578575739
-0.0378383046552035 -0.000557816786378217 0.108205270011176 0.758753760225715
-0.0349484739460714 -0.0538301189995319 -0.653678101364598 0.628403432230115
-0.0243290564827982 -0.0355134467196935 -0.691157080695705 -0.0268802452727408
-0.0256720678485692 -0.024767672345962 -0.121003917865801 0.0512941328899815
-0.0548382617579585 0.0149945370322799 0.613023961658145 0.101456307755404
0.0011944355956407 0.034556968340705 0.650123147250106 -0.583599478243506
0.0332214235965762 0.0206519207525098 -0.145275058531703 -0.843304759439965
0.0269262405969135 -0.000579188799508613 -0.580972606578441 -0.19858885440204
-0.00413376648826301 -0.0137036106610217 -0.304122420174888 0.254320312390059
-0.0201085626166458 0.0112741563363173 0.0547062035593675 0.159971601514112
-0.0239416207936989 0.01954026799066 0.153951978277995 -0.142233400478886
-0.0211751137084027 0.00868638450054235 -0.165659910043718 0.143032645707026
-0.0160910608044456 0.024503731736956 -0.070706791702865 -0.127562889186391
-0.00448776017679521 0.0455737970313788 0.284447583702547 -0.252632169839729
-0.02900216124064 0.0366044287241483 0.513072140911143 0.139384297854297
-0.0359042349325167 0.000417298696869716 0.138185200881237 0.753471153928988
-0.0259542338977366 -0.0564100216960216 -0.628743011845552 0.644183052114904
-0.0109867573587141 -0.034698499943615 -0.685888276216296 -0.0134525414722817
-0.0126704166393695 -0.0215961697923424 -0.12065697798527 0.0543657075628754
-0.0414426697853226 0.0152481865510304 0.615558201209745 0.116856619056596
0.0104891611443941 0.0316121119728707 0.673035116360114 -0.566387027246644
0.0342369801601605 0.0190561759921988 -0.118305340156264 -0.849089972927703
0.0197310341242024 0.00310710267568202 -0.571378423044865 -0.212594466821994
-0.0100034197561882 -0.0102901961686564 -0.306209883748903 0.249894628771585
-0.0216710982157445 0.0123788710071765 0.0498456686781332 0.16088056146454
-0.0199170763502813 0.0247589935822589 0.152645142633692 -0.146134721175089
-0.0155621247505719 0.01050976263254 -0.166201873358388 0.138085468415201
-0.0144014601594517 0.022289295040657 -0.0754776577802077 -0.131321214773576
-0.00725620953682953 0.0445703408325318 0.282682886937579 -0.257187684951703
-0.0336213751165723 0.0398011151468507 0.522725273298155 0.127706643671448
-0.0346338971940485 0.00386288710801484 0.164572629560325 0.748975607276259
-0.0204034814826865 -0.0580758020522818 -0.602629974335452 0.659580494316556
-0.000148374468841847 -0.0349063193778185 -0.675321662782286 0.000873313841601455
-0.00115337884838984 -0.0208391526812912 -0.115985906985105 0.0587149417856976
-0.0306570573583491 0.0139740156096822 0.621799743898094 0.130916918421584
0.0175523056487385 0.0301375869961999 0.697305534811256 -0.54973840417077
0.0351177476744889 0.0210130435755748 -0.0873785798807975 -0.853182828202362
0.0146382451934735 0.0057566933532079 -0.560659624391157 -0.22496485658489
-0.0143748645442338 -0.0107034339237831 -0.308679595621581 0.242868516634014
-0.021530279550678 0.00990146070306242 0.0460854237269497 0.158039191835527
-0.0151006319448813 0.0270429400556017 0.150771559073814 -0.15342708460966
-0.031589575404081 -0.0319278706941577 -0.144205267585671 0.149887217172409
0.000964227159818079 -0.0166484755054853 -0.0464604077942081 -0.154422991794625
0.0342823349749711 -0.0038624643765872 0.279060544443266 -0.238064896020807
0.00366410415658167 0.023703439571183 0.484213595091723 0.202042303794819
-0.0474227051146964 0.0188217319437288 0.0668056988022593 0.795675291784525
-0.0707934528247883 -0.0463496916293811 -0.672821874477568 0.595882392332439
-0.0553799120949584 -0.0516636603973346 -0.651984795750304 -0.0573293866632045
-0.0506877819115818 -0.0421298866535063 -0.0706103859880286 0.0570899093070728
-0.0901088591460223 0.00830186655209725 0.650646156787872 0.0637812682504967
-0.0311464492355499 0.0490329940804203 0.615058341774868 -0.625620472149708
0.0329324160940324 0.0416961807675355 -0.206183875500174 -0.805637822209243
0.0523917656481779 -0.0137303060949828 -0.593641104090807 -0.13833073968355
0.0166420445309764 -0.0557561119393828 -0.295254268623226 0.260477138110612
-0.00769981817289308 -0.0290331851675235 0.0683670121010184 0.130626482980506
-0.0259402683107823 -0.0096892172254973 0.16967424213883 -0.145868147960094
-0.0345461040208688 -0.0275751786316268 -0.146958787114305 0.154328223670309
-0.00241607134473477 -0.008240221580332 -0.0456670847476348 -0.14684507828287
0.03145726883702 0.00435361635377157 0.281374018589701 -0.236403097665677
0.00198478858473213 0.023513149616035 0.478771405825751 0.201405309593488
-0.0467950699944713 0.0136792151233659 0.0545909781628552 0.790061826406849
-0.069727129013839 -0.0471320703811707 -0.686188179702152 0.591032812244673
-0.057433236607488 -0.0485857614963518 -0.66676790421092 -0.0613217168766031
-0.0546738554453357 -0.0400920955953571 -0.0824299543557446 0.053060774007283
-0.0919316586605592 0.0106968948015771 0.638975394833387 0.0622798755674894
-0.0295067493244783 0.0478259081336564 0.604749608193965 -0.626076944581289
0.0321451284998914 0.0372966329618605 -0.213587754106171 -0.806916623475882
0.0509541404236585 -0.0131671271373764 -0.596654085004538 -0.138745214053469
0.0154249666557685 -0.0486663145629118 -0.293920418664767 0.262692488901415
-0.0099652852848431 -0.0209679485384106 0.0690438151569459 0.137461505676008
-0.0288515346830099 -0.00640566476899179 0.167600789293465 -0.141482075008421
-0.0344773818911396 -0.0200836787180602 -0.149601943484858 0.156702011519017
-0.00632070457593012 0.000792994403457728 -0.0493487977980759 -0.139034651407033
0.0256877244005485 0.0137911596381063 0.281273494235576 -0.236661440831476
-0.000880887976850011 0.0232206538428448 0.477098574198807 0.191987467967832
-0.0458830817536705 0.00801973597564978 0.0533941329407251 0.781453905026635
-0.064641239482713 -0.048286881536896 -0.690824447195063 0.591021650344697
-0.0561417370974455 -0.0452508870611812 -0.676705607342611 -0.058454006028609
-0.0542364918627412 -0.0364082893890234 -0.0946051922921614 0.0513244349176151
-0.0883424151756885 0.0132927751477014 0.626300133758624 0.0643741731634794
-0.0257525110527633 0.046032588369015 0.601657973958596 -0.623854525222264
0.032306844723435 0.0327858750211295 -0.213191987689185 -0.813374366791577
0.0472595371271413 -0.0114676097500496 -0.597784005520054 -0.146066355649701
0.0117310846866145 -0.0389620739078418 -0.293804942501145 0.2646306000242
-0.0124656975480337 -0.0112238474863303 0.0676346974749493 0.144867139488735
-0.0298874243496816 -0.000771881977047686 0.16472262224768 -0.139164691419279
-0.0335985071121641 -0.0123714057213383 -0.153571555462894 0.15726613662694
-0.010716761157277 0.0110339822561599 -0.0531191338415458 -0.132092540232147
0.0172001744707976 0.0239311256119735 0.282264153089278 -0.238280607722384
-0.00795824094133494 0.0261242817383695 0.484217879546156 0.180614285212622
-0.0430789189924298 0.00358578476219808 0.0638479124145407 0.775076774238649
-0.0564254462008675 -0.04963336397971 -0.684987896707522 0.600722333070207
-0.0477064202472841 -0.0407012155832767 -0.685332298572145 -0.0517627187528559
-0.0487088328781345 -0.0327145653706665 -0.105801388428805 0.0497390302320707
-0.0804250724045213 0.0142743859350425 0.617695762576608 0.0728249469686942
-0.0180575447647559 0.0419181476512916 0.607445644050944 -0.616610782143552
0.031983594519346 0.0274302216812423 -0.201830715009403 -0.821595762692967
0.0416784399071013 -0.00802028449032307 -0.595817100162453 -0.158492431454731
0.00711257075648872 -0.0291209111235566 -0.296067008581713 0.264301020290652
-0.0154717001086833 -0.0014448399600118 0.0647633426608487 0.151852635216839
-0.029103962963386 0.00665238190373914 0.159292660710076 -0.13728983242299
-0.0305708526119078 -0.00397643180489333 -0.156883627193707 0.154074657415048
-0.0130647916088531 0.0186861412496875 -0.0593755728479935 -0.128226127398473
0.00859052086449178 0.0338328385748246 0.282458045079518 -0.243592111968083
-0.0155875925171654 0.0284436081794122 0.492261595554572 0.164330538686409
-0.0405281539166543 0.00040733981659017 0.0862957807835851 0.765520611892848
-0.0454562668974747 -0.0510967712390055 -0.669965217785576 0.613245414133581
-0.0369285065025025 -0.0371127166801002 -0.690511350764476 -0.0379579024767998
-0.0384858753650127 -0.0278062820146271 -0.115332334684208 0.0507447582859201
-0.0686379761504402 0.0156325134906066 0.61289069345906 0.082470734774631
-0.0090769901631007 0.0377391749252504 0.620961835102005 -0.60457055471537
0.0320329640518491 0.0228347283048776 -0.181374847232607 -0.828476317491746
0.0343735097521108 -0.00410803016762313 -0.590472685139014 -0.173777376198507
0.00136726924152188 -0.0206579477010847 -0.299426570060236 0.261599233682282
-0.0180280557645792 0.00642587800867013 0.0600585494315401 0.157395611793081
-0.0271151584607744 0.0140169891860598 0.155811592799253 -0.137526628367837
-0.0258725845154895 0.00299136516909525 -0.160520639779535 0.150381974835737
-0.015749909612674 0.0234059438063277 -0.0659342174314886 -0.125168398264104
0.000931770920592274 0.0412371667943971 0.282274348507643 -0.247662932735862
-0.023281449903404 0.0330734463617998 0.499932744831089 0.149439846957781
-0.0378558708868718 -0.00119130235522318 0.111508335743121 0.758295359757121
-0.0348016055525835 -0.05352473344481 -0.648935234843556 0.628233286809811
-0.024075798317931 -0.0341011599446485 -0.688977513683642 -0.0240434286585151
-0.0260783301146113 -0.0240988714772708 -0.120026437381343 0.0517483660856261
-0.0549461904522481 0.0162947096656341 0.612187733585997 0.0968354226479715
0.0012061000500678 0.034225785023842 0.644259122260341 -0.586659211596024
0.0332189503254758 0.0201188789225906 -0.151147665488722 -0.840346362398997
0.0266396211182828 -0.000214963520255171 -0.581445541800995 -0.191435140713282
-0.00485561843026349 -0.0141038650067148 -0.300184036191091 0.256921098326971
-0.0202337401469096 0.0118438870425787 0.0559077452969572 0.160075576395421
-0.023355285032628 0.0199198235203609 0.152318019788428 -0.141817499072698
-0.0204971039355242 0.00850676911228326 -0.164462981871116 0.143192768116485
-0.0155802203998336 0.0246909534428644 -0.0721717683531598 -0.127575698857432
-0.00376618658213922 0.045410459382681 0.282475511156416 -0.253717700656602
-0.0287896156089209 0.0365227362821461 0.511915758309698 0.134467208687521
-0.0357381655165836 0.000436466147833171 0.141687395638962 0.749775804090192
-0.0256504966156993 -0.0561169430237268 -0.622042084954049 0.645980436961441
-0.0109893897295617 -0.0338046321975683 -0.683898569608121 -0.0101548098365576
-0.012620259547862 -0.0216954962366292 -0.119699020124966 0.0552576508402974
-0.0416471005971252 0.0160080154780515 0.615451412208929 0.11334640997083
0.011186736085146 0.0314331362227181 0.667455831383107 -0.568680398043535
0.0339564921210128 0.0195036157102298 -0.123695587825219 -0.845845396539001
0.0200487081925576 0.00282882114069977 -0.571382960569348 -0.20977900812593
-0.0107360139595222 -0.0102179854835555 -0.303168527999595 0.252919335188123
-0.0216723155859852 0.0129445749721632 0.0507428791857548 0.161252752344939
-0.0197731305294518 0.025452454420862 0.15127135838079 -0.145661058123447
-0.0143455075154311 0.00995597597995262 -0.164979739601116 0.137749988416884
-0.0143616719820519 0.0223339680800411 -0.0767851971590127 -0.130883810284357
-0.00575262052260595 0.0449277970115796 0.279591879387151 -0.258584500731973
-0.0325774751577551 0.0407516965707868 0.521984017568829 0.123575162712293
-0.0336478985862903 0.00302736098526796 0.168663327809973 0.74664811861228
-0.0211372836620661 -0.0570739875178208 -0.594510094450717 0.658197791105666
-0.00155886396913297 -0.0350621663558664 -0.675243078196058 0.00565282002685252
-0.00113826019195625 -0.0203170238824562 -0.115790340098468 0.0596868141168341
-0.0312933992287871 0.0146172450501767 0.621913913943534 0.127389245928191
0.0176643681778471 0.0294137438897669 0.690685767131038 -0.552527305776367
0.0352827843292887 0.0207333631758458 -0.0940531451761247 -0.848685777549111
0.0149733084111594 0.00575916555448972 -0.560829562702745 -0.220300324872293
-0.0147224524548351 -0.0115234596876342 -0.30587074894434 0.245409438209674
-0.0219270108325221 0.0104836586088072 0.0466506229362939 0.157270604502961
-0.0148740553374278 0.0267835945904856 0.149766834736787 -0.152207834961865
-0.0318165510665137 -0.0321546947114968 -0.143312696437048 0.149486729726205
0.000895008424708353 -0.0164073099065893 -0.0477373896067382 -0.155011696294446
0.0339034187996106 -0.0035432226994507 0.277319500013612 -0.239420421828939
0.00398319404697383 0.024257253292783 0.484282926990025 0.199661703007437
-0.0466177265577788 0.0189586581910614 0.0730094227061495 0.793122105280899
-0.0713358577042932 -0.0458030824588576 -0.668795607475025 0.596909598461772
-0.0561900868214489 -0.0502008675480892 -0.651463168838942 -0.0539527051032223
-0.0511805148038588 -0.0416259105963272 -0.0698711191886355 0.0578803716543598
-0.0898012226629182 0.00875088335991978 0.650185077297957 0.0628497805835
-0.0308039421230274 0.0489624026745635 0.610699628421127 -0.625557838841467
0.0332598019065654 0.0414794995909479 -0.2108060047447 -0.801995813411566
0.0521692945107054 -0.0138100455787799 -0.59301557734544 -0.133598421998843
0.0156740203966651 -0.0557515925692637 -0.292840280535238 0.263075297706845
-0.0077223707896934 -0.0284990761243462 0.0688906202404582 0.130652018204742
-0.0256914024275756 -0.00926928894942436 0.168304275043508 -0.145791135487976
-0.0335044318172628 -0.0275632246342568 -0.145724949970899 0.154303604105748
-0.00199510249777204 -0.00740223957788167 -0.0473472756769106 -0.146943844101358
0.0311650815836265 0.00378522623453303 0.279464353208767 -0.23722916119378
0.00266276127483726 0.02284488304786 0.480037270886667 0.19884343894003
-0.0468520038533978 0.0135400979651978 0.0587584585438129 0.789261182814385
-0.0696508132322736 -0.0466154929477858 -0.681408715966542 0.591650926114658
-0.057605371402617 -0.047473476028754 -0.663295037061796 -0.0592710634552718
-0.0542506692233531 -0.0393404431383134 -0.0814516797204503 0.0532763586044714
-0.0915411506332827 0.0119610522016937 0.636743600208491 0.0587522729907589
-0.0301106561238911 0.0483492942344973 0.598087253978785 -0.627030558189459
0.0328420495096873 0.0378631911387655 -0.219443290722303 -0.803109888106051
0.0511951458169543 -0.0135268345953406 -0.596794599451209 -0.135370166469187
0.0142902153238298 -0.0489785995190674 -0.29245687863499 0.265701760224094
-0.0103093621061175 -0.0204694695219072 0.0691442663068926 0.137475263336276
-0.0288989711010632 -0.00573298597395683 0.166413079828701 -0.1413376327286
-0.035034974427822 -0.0205357765110575 -0.148431807724489 0.155955406338214
-0.00630486055580588 0.00179251558729505 -0.0494994660762725 -0.13881215431544
0.0257149865505684 0.0138046893354396 0.279504442629246 -0.237313365525558
-0.00160242183127151 0.0240083640856227 0.477864922071885 0.189454781207629
-0.0452150459072196 0.00865516185492365 0.0570987896387807 0.779484728335242
-0.0648059894912478 -0.0471579774772731 -0.685165434204428 0.592823138662517
-0.0555189255277729 -0.0438520045975698 -0.676141677268136 -0.0555822118937055
-0.0538447116379672 -0.036568526044084 -0.0948143556346878 0.0506009058063415
-0.0884715579376043 0.0137445646930827 0.626235846737747 0.0614320603418307
-0.0256709420303969 0.0457718234699362 0.595785786694026 -0.625614669052677
0.0325428721740312 0.0327709918246074 -0.217402600599006 -0.809142754702378
0.0464125388418674 -0.011387474869513 -0.597183743412592 -0.141134800942678
0.0108914523953395 -0.0392389456015823 -0.291741819455053 0.266675430583693
-0.0129762380480853 -0.0107252076937964 0.0681227145557591 0.144449411846277
-0.0294220430619992 -0.000574442014791737 0.163357130997949 -0.137652161224248
-0.0330020459139081 -0.0127964595001325 -0.151957019654529 0.157093996542549
-0.0103183096203691 0.0115822778152097 -0.0537695138799125 -0.132229382576798
0.0171286539042497 0.0236740167144673 0.279488255937394 -0.239038239061441
-0.00769004564524793 0.0262374792292317 0.483285282319316 0.177445308213238
-0.0425668026198884 0.00367188337993497 0.0690597791515092 0.773855057139539
-0.0557608614202728 -0.0493433633541609 -0.681322902847732 0.602723455730071
-0.0479137797363696 -0.0399654948513823 -0.68344125850882 -0.0484370162871139
-0.048277993882456 -0.0317210441871271 -0.105719483672906 0.0505605944001108
-0.080341762782107 0.0160234021227433 0.617032760938525 0.0686157678021233
-0.0184146344738602 0.0420584870451868 0.600842230405424 -0.617057808127996
0.0315538630542701 0.0269464218047851 -0.208249423228807 -0.81718500990435
0.0417783395667833 -0.00835489819807819 -0.595555615832597 -0.153547780754112
0.00646758643148993 -0.0293149804639237 -0.29365654471446 0.267197890092577
-0.016064739212451 -0.00112974376238036 0.0649077394973187 0.15228583470283
-0.0286882894181063 0.00656192108406935 0.158805816596904 -0.137167920673736
-0.0303040933911822 -0.00431146113384823 -0.155948736541193 0.153345294047977
-0.013606061104335 0.0191896720332049 -0.0602930231167284 -0.127960833987535
0.00874826676012334 0.033290967277415 0.280793847466109 -0.242999919372455
-0.0152623113026511 0.0292178496914235 0.491385169824055 0.160903839995093
-0.0400135628117668 0.000195490983414927 0.0903701321934628 0.76465223639603
-0.0455939099305504 -0.0513385013828688 -0.664713713863604 0.614194658268731
-0.0370894379273462 -0.0356513067676362 -0.687877329098112 -0.0372270256031473
-0.0390572917293284 -0.0276449811133749 -0.113807732912812 0.0507878982411975
-0.0687744801553788 0.0160186952225719 0.612101939568442 0.0807584672364485
-0.00894307814803315 0.0380812687200585 0.61439936415634 -0.603573090676152
0.0321421259082474 0.0227469551326281 -0.185287476009144 -0.827701401012065
0.0351000543583611 -0.00485125067319573 -0.590326269193109 -0.168544588372467
0.000923434831707806 -0.0202584099109867 -0.295551425090953 0.263513889623544
-0.0183022034915864 0.00612561927648622 0.0604667836748299 0.157647458085266
-0.0267284998733042 0.0137238264970374 0.154114355941964 -0.137437649276765
-0.0255254697749009 0.00296619989851037 -0.159676412890633 0.149406321258986
-0.0152094249814923 0.023677875343454 -0.0668304302274962 -0.125475477080747
0.00196327896314251 0.0416610593812676 0.280104876810466 -0.248598030127809
-0.0221675168228672 0.0330173877135035 0.501375443139375 0.145816841894838
-0.0372583297876685 -0.00104828298091229 0.115723398516625 0.755440809366468
-0.0349420598980462 -0.0532431882694651 -0.642880846502667 0.630387735710822
-0.0245155382256186 -0.0332562830513651 -0.689117486449462 -0.0206633069767282
-0.026389780470778 -0.0240583573780037 -0.119229185679861 0.0536767671657615
-0.0549400929477324 0.0168191769080685 0.610473737149638 0.0945001219110841
0.00139992340869858 0.0340274127200981 0.637295682361939 -0.589064260620118
0.0333278182945574 0.0201469174650403 -0.158807394074317 -0.835301042467066
0.0269429513796187 -0.00160621581517944 -0.583019048393512 -0.188843944514858
-0.00556863951381614 -0.0142940245307097 -0.299079263373056 0.259758993604628
-0.020208511881975 0.0123404584837086 0.0554982977556582 0.160325067190229
-0.0228378813777828 0.0203221384138654 0.151629456060767 -0.141781545117287
-0.0203362437629685 0.00850596302969053 -0.163327492434393 0.142414764463804
-0.0149692001149973 0.0252232254631074 -0.0732496453177446 -0.127731784219853
-0.00313866369288945 0.0456569147162114 0.278973497976093 -0.254245475042195
-0.0291779874531899 0.0374072049236776 0.513185339544824 0.131123885109515
-0.035224013402989 -0.000149573857665291 0.144564091412158 0.746855466244567
-0.0262857739848503 -0.0561172516391316 -0.616171451411708 0.647029245102472
-0.0101429233496199 -0.0328308155825513 -0.681963257818445 -0.00773330689362767
-0.01266161460169 -0.0213731653824791 -0.119420032749309 0.0558738628999266
-0.0409783467291977 0.0160269953510694 0.613841804794957 0.10907354602878
0.0106184106588431 0.0312869934456284 0.661766295605151 -0.569695589280826
0.0343545639979527 0.0191621594382061 -0.128514579953479 -0.843933330212416
0.0202780331046973 0.00256216174315431 -0.571266407479461 -0.203433563293308
-0.0110537875428177 -0.0105684647740403 -0.302096656907289 0.253990934329846
-0.0214424947815035 0.0130131249925645 0.0503671416508339 0.160537425159731
-0.0191235602663712 0.0248542754299966 0.149726925017766 -0.144350039989875
-0.0141122168145504 0.0101991537750907 -0.163903666374317 0.136989665379851
-0.0138269194457769 0.0228155138676781 -0.0778150904961298 -0.131848977552847
-0.00629024784886371 0.0447006703076753 0.277345017294448 -0.258991447597834
-0.0327194716674242 0.0408634919639515 0.521856765219321 0.119886194395888
-0.0337442458424542 0.00209346799681236 0.172056445549503 0.744997443621345
-0.0203956346454561 -0.0565765778459471 -0.590678449025928 0.65962973834573
-0.000730965891488751 -0.0339141460536788 -0.671732764586317 0.00755773802210953
-0.000733467062355366 -0.0201601710872042 -0.115285881376038 0.0597084519580228
-0.0310050622085215 0.0144449052629199 0.620117495719699 0.124136822225351
0.0174732385083104 0.029580420046478 0.686247975905831 -0.555755355078979
0.0348759825490162 0.0201078306774948 -0.0998682423145518 -0.846331500292764
0.0152386903969109 0.00595866875930924 -0.561063722386407 -0.215326487587151
-0.0152610143645883 -0.0113610147709985 -0.303370997483344 0.248913798841944
-0.021567837466345 0.0111254777490768 0.0469111991175771 0.157553990706396
-0.0146265673421095 0.0269123182242081 0.148014840558153 -0.15206833913853
-0.0314123189328096 -0.0323933215012328 -0.142943917659732 0.148358129279051
0.00111629222152989 -0.0152983421635541 -0.0491837740062237 -0.155294221985635
0.0345097088444502 -0.00307455025746507 0.276401531199223 -0.239964840167396
0.00347951283333468 0.0242160569512343 0.485941206855202 0.195935054760419
-0.0459845767650563 0.019315432032283 0.0746592090175191 0.793031816064219
-0.0708221750558591 -0.0455280054935946 -0.664231044245506 0.599811320691721
-0.0553620486527379 -0.0488426954074139 -0.650491534591184 -0.0513518833781857
-0.0502723817982582 -0.0407550137915273 -0.0700990954572043 0.0580164831853551
-0.0894342446469261 0.0101203716726252 0.649253170908953 0.058686634789628
-0.030467006672999 0.0493980836692666 0.606656718252529 -0.628735889219667
0.0338913128132865 0.0418061314958642 -0.214755608658402 -0.799847049844383
0.0517706107024561 -0.0138376247023693 -0.59342658215303 -0.129727625636285
0.0147492285983223 -0.0565683289160773 -0.290715071998546 0.265402902244456
-0.00835121596789302 -0.0280310228253779 0.0695509993119506 0.130661067874949
-0.0254709352609375 -0.00949642351553203 0.167329271486765 -0.145142938289667
-0.0337020804280487 -0.0275382821919168 -0.144084228905642 0.153147319712383
-0.00196706914328116 -0.00725090647348917 -0.0485603894605257 -0.147275838893154
0.0322293329582528 0.00417194259306589 0.276809314539207 -0.238643497600797
0.00272731070929138 0.0242235864326369 0.480028993392549 0.195630140122612
-0.0463757139642044 0.0142752652744572 0.0605412549920167 0.786590185124665
-0.069944165669665 -0.0460387388819708 -0.677495890190723 0.593780166465359
-0.057647219311094 -0.0465140183068605 -0.664572501378029 -0.057532149161993
-0.0545976193827185 -0.0388329082361052 -0.0817202929864334 0.0547970482708225
-0.0912722785315767 0.0123482686627183 0.636296138857273 0.0559950881272593
-0.0294423233004671 0.0478333373898876 0.595152337878412 -0.628296810220259
0.0332200577243145 0.0368571781378262 -0.223500535967844 -0.79983619567515
0.0509338599082923 -0.0136171451304273 -0.596958593565767 -0.129930027353458
0.0142725890179959 -0.0489279055755756 -0.289861166705756 0.267141231842286
-0.0106551107383725 -0.0198727169631808 0.0692995856367348 0.137681391645529
-0.028245851791768 -0.00550989442201705 0.165702150235338 -0.140684913093152
-0.0339344655928681 -0.0210303736973259 -0.147780486138015 0.15588457107202
-0.00630678754418088 0.00249711254552322 -0.0508915203642909 -0.138928599045367
0.0257208241286029 0.0140264799559159 0.277438618660629 -0.238835212043361
-0.00192333572713902 0.0249036219377745 0.479327965812158 0.187361334589482
-0.0447133552093629 0.00815548473711703 0.0628002632112822 0.780230508149575
-0.0641108291820809 -0.0475768400236243 -0.681577868380641 0.59383578751301
-0.0552800564675407 -0.043340387701658 -0.675083881090633 -0.0526439883873338
-0.0538481005418732 -0.0355715755038775 -0.0940357621428214 0.0524986398212732
-0.0881973240799453 0.0150318453527068 0.625787031451609 0.0596769350879248
-0.0252083583443225 0.0452501632110758 0.590929458675924 -0.626917853212658
0.0327077708356593 0.0324860747378167 -0.223042121810905 -0.805546227608059
0.0470677430946959 -0.0127597837589718 -0.597084473286151 -0.136002118500936
0.010280174325004 -0.0391818286990239 -0.289812560497567 0.269477399080548
-0.0138314565380361 -0.0106492184438442 0.0680607981187472 0.145207295489364
-0.0293669854711855 -0.00023211238171838 0.162423926285594 -0.137727120559915
-0.0327266473036032 -0.0131524491011018 -0.150900671608421 0.157103478112754
-0.0102297307617355 0.0120959686964167 -0.0554659623420432 -0.132237451404221
0.0176853964793267 0.0242774924336658 0.278351543919443 -0.239618780461268
-0.00810198512532292 0.0266375901831086 0.484732960775326 0.1752881266583
-0.0427051623161592 0.00346372850881861 0.073268284842002 0.772749814593902
-0.0560974249370311 -0.0493886712286731 -0.677173145386607 0.602866859954266
-0.0483708877569942 -0.0386311855845929 -0.682864107168857 -0.0461991400135932
-0.0482400930222836 -0.0310036613204376 -0.104469072019262 0.0510128482373937
-0.0798907636179109 0.0161121371204873 0.618208716663267 0.066324967143028
-0.0177455894866987 0.0424942442747601 0.597413529585166 -0.620724334551564
0.0325199251542498 0.0274666431618073 -0.211085330652038 -0.814838151745259
0.0414819034212328 -0.00902002518066358 -0.596492217138071 -0.15093729427252
0.00608947510520188 -0.0298786775984013 -0.291234249370002 0.268951269255675
-0.0158273680283491 -0.00122712145128612 0.0654808308935361 0.152031608158005
-0.0288153469726968 0.00708078057427704 0.158036604906466 -0.136916479174528
-0.0300236272396161 -0.00415538380483152 -0.154583515914609 0.153907960357333
-0.0127326643804287 0.019711809701033 -0.0615565249453737 -0.128276138560544
0.0093142379562892 0.0335317287425238 0.278894195002202 -0.244415663216917
-0.0152544806843776 0.0304004728612518 0.493121537905922 0.158448713178676
-0.0402106607068242 0.000169566806903462 0.0943145335607048 0.764951386424905
-0.0454203954283671 -0.0507433344820625 -0.660236017879467 0.615875785580311
-0.0370471538209395 -0.0358782017317041 -0.688397406819404 -0.0321390489937696
-0.038333279400034 -0.0274276810982676 -0.113910036340306 0.0515975602372979
-0.0682232456499451 0.0166365139598169 0.610742687224151 0.0775128689034948
-0.00861779679531634 0.0379714493533102 0.610805983299603 -0.606118953436625
0.0326766446485067 0.022715314245943 -0.192565870615093 -0.824640933981744
0.0343931529296312 -0.00450172652437813 -0.590619552023037 -0.166349034147327
0.000435365255604519 -0.0205524201889144 -0.293952607173458 0.265048046879509
-0.0183915597276895 0.00655782265314004 0.0609328079726075 0.158101746335156
-0.0264036128756146 0.0140511309998054 0.154029008558792 -0.137066791591617
-0.0250604828396341 0.00262803384103777 -0.158456936145306 0.148978479911244
-0.0155940314767817 0.0251809539247132 -0.0676995816308573 -0.125595877623005
0.00209485731863829 0.0417233854615833 0.278322169363341 -0.248140395196741
-0.0231586358164895 0.033922004990533 0.502695066929525 0.14391345265479
-0.0378658387723293 -0.000949655580554843 0.119184202796267 0.756049982668115
-0.0353333012735294 -0.0526358875251953 -0.639385440204816 0.631789762798993
-0.0245212460532 -0.0321109419807791 -0.68601033500217 -0.0191263026073181
-0.026046275071519 -0.0231795011142517 -0.119045969586846 0.0532698694714555
-0.0546234531618232 0.016757552898003 0.610473582696511 0.0929172277989763
0.00132709317436853 0.0340140136731132 0.632305213245726 -0.589608895615716
0.0335103146659992 0.0196619310325669 -0.16223889923153 -0.832970429128037
0.0264239220001437 -0.000827073763785807 -0.580905288516954 -0.18433815638253
-0.00582182169329895 -0.0140214494186661 -0.295990884340267 0.25959106004239
-0.0205293428178891 0.0126447698553009 0.0557746470792476 0.160025762196016
-0.022428857658532 0.020666653333962 0.150065356741365 -0.140257310712167
-0.0199642464012909 0.00861368505936985 -0.162506369595759 0.142486478348433
-0.0141946591140964 0.0259292801033258 -0.0744829622620969 -0.128157256277038
-0.00353466475768708 0.0465815041214344 0.278586205634989 -0.255343445754903
-0.0291137475094309 0.037580827563256 0.5122163037296 0.128876626512099
-0.0354414429880322 -0.000654212704308644 0.147720817276786 0.748547292604613
-0.0262310920661928 -0.0555377995356034 -0.611036718402476 0.648375326326273
-0.0115577820843609 -0.0318596598352358 -0.680752329037929 -0.00451866067885519
-0.0120431784192081 -0.0206939838198173 -0.11903952949704 0.0568725237181467
-0.0412973799256929 0.0165152787709947 0.613475871604081 0.107868375856498
0.0106548847126655 0.0316976437313885 0.657507414473677 -0.571810561142963
0.0343437937381148 0.0186638021719544 -0.13361284067776 -0.839986191700637
0.0203365414099256 0.00213971621681235 -0.572329163321011 -0.199418542474681
-0.0114779057367404 -0.0110370505492366 -0.299886993797108 0.255828573016641
-0.0218991608269131 0.0134256071411879 0.0517832061674193 0.161051356266351
-0.0190649619530651 0.025140127593225 0.149176096176018 -0.145334388520597
-0.0136540329526058 0.0101627183054649 -0.163048016131029 0.136994773560215
-0.0133660184103877 0.0228139510910826 -0.0790955482056928 -0.131150081997586
-0.00579479193292901 0.0449211691449368 0.275569951206323 -0.26109502832657
-0.0332854742973014 0.040680155751431 0.521385490634358 0.117904334283749
-0.0340563460582868 0.00388572554096245 0.176437110785534 0.742139195219679
-0.0208434811172479 -0.0567136206374148 -0.584817514900449 0.662019254102821
-0.000572536188781609 -0.0325773539019755 -0.672153414893455 0.0103810649737285
-0.00120450761091724 -0.0202481069602787 -0.114552277067215 0.0608742153689222
-0.0298588933260915 0.0150340246378934 0.62107265539827 0.120787601857535
0.0171703335699277 0.029852228434759 0.6824702605445 -0.55482482928243
0.035351958526167 0.0200025264068941 -0.104187111005878 -0.843850900001784
0.0156449978791416 0.00516200748715211 -0.560614675424758 -0.21207594276519
-0.0152635606712991 -0.011827817768072 -0.303294871131481 0.250088004272258
-0.0214739455707357 0.0110448446259778 0.0470080790357987 0.157603380264372
-0.0135742767535236 0.0268879024150184 0.146645216498152 -0.151523394197965
-0.0322103965367795 -0.0326980845687912 -0.14256218642119 0.148667634879051
0.00116232497864989 -0.0147007741069253 -0.0506682883702884 -0.154954339997939
0.0343596560312123 -0.00342668596181556 0.274848059242057 -0.240869382937243
0.00356184934594434 0.0249725759860296 0.487497832012631 0.193524744867661
-0.0464407489622317 0.0189246372369631 0.0776040607690102 0.793781971496644
-0.0707902602537963 -0.0448475309519323 -0.661245663500328 0.600547651671391
-0.0549141336315768 -0.0486942745767554 -0.650509619422298 -0.0496785205093774
-0.0509048418817925 -0.0401613300204269 -0.0700507301133673 0.0588161843385978
-0.0893587035248259 0.0103235720400568 0.648416790193418 0.0567392365429632
-0.0303786843202242 0.0494758817748931 0.60348414277454 -0.629772871816859
0.0340957003106259 0.0408748632776943 -0.220264762023397 -0.797910196839401
0.0518489001643173 -0.0140461761184425 -0.592906509443967 -0.126928405892836
0.0138745936165305 -0.0560383514912433 -0.28976239938028 0.267300397784666
-0.00847961077480091 -0.0285838967296543 0.06928483662693 0.131235843997393
-0.0253774695390355 -0.00865126185645525 0.167074650559869 -0.144781110805964
-0.0343140151515789 -0.0275026450545406 -0.144557131296882 0.154153642701608
-0.00219844095678474 -0.00638609647851568 -0.0502777237591024 -0.147195438565209
0.0316665152741914 0.0043872414806762 0.275869690878042 -0.239334196485911
0.00241863834169258 0.0244300512264601 0.480779599844695 0.192906357206819
-0.0465394427614161 0.0128701044214408 0.0646846768689734 0.788648734548108
-0.0688712667597453 -0.0455437066184047 -0.676466327538826 0.594966234036775
-0.0571126583735317 -0.0462150835893535 -0.664482083095774 -0.0554558331185391
-0.0540779601628601 -0.0385479824155867 -0.0819301337774003 0.0554711672034135
-0.0907777052668512 0.0126778528599158 0.636004133856408 0.0551292225756858
-0.029150515044761 0.048790963277378 0.593351103518913 -0.631327321206185
0.0334557953117547 0.0366729668756959 -0.226756036079484 -0.7977369071139
0.0513041669546139 -0.0135170135051168 -0.597327341879728 -0.129254567609648
0.0127180022811598 -0.0482798538052694 -0.287588066270324 0.269837333011724
-0.0110672493162718 -0.0199608174270631 0.0697111465608048 0.138356996863659
-0.0278798866752163 -0.00533176755579739 0.165541148709186 -0.140389658059862
-0.0341764327999365 -0.021198137397053 -0.147022826009309 0.156085073410856
-0.00651536781945729 0.00247541486460792 -0.0526944640607402 -0.138915417488143
0.0257948188108243 0.013695781161267 0.276346393639986 -0.238371571191281
-0.00199709659920139 0.0251100829876334 0.48037732113427 0.185814870149705
-0.044466361083107 0.00791922234082565 0.064582980372746 0.779623370177792
-0.063552803769412 -0.0466430139287496 -0.680038544066902 0.596193539164668
-0.054195110151543 -0.0418953742334148 -0.674562582580111 -0.0533797040852654
-0.0533841172218475 -0.0346933306972553 -0.0934306807556333 0.0520384106847222
-0.0878302049183046 0.0154013359887234 0.625111552036742 0.0579243815275592
-0.025079566674713 0.0462030975215445 0.587919400851504 -0.628098050590499
0.0321319934423516 0.0317217517510412 -0.226466807116595 -0.804166046411413
0.0480038440874225 -0.0126517670996641 -0.597244585325175 -0.134090128419661
0.00981031026944675 -0.0392826429765278 -0.288078687691488 0.270283333261883
-0.0132167173758783 -0.0101445595353465 0.0687202636535007 0.145612981994157
-0.028589064034735 -0.000359446851674878 0.161689047465084 -0.137006497347284
-0.0325753896622656 -0.013442975543452 -0.150222532042651 0.155861824604949
-0.00942175557383687 0.0127483261791151 -0.0563173852852183 -0.132393801430271
0.0182887725962268 0.0238991519837658 0.276933230725571 -0.241624084274232
-0.00764735759184475 0.0273168632437018 0.485912572293968 0.171529347569306
-0.0428177288171488 0.00326777898373537 0.0754707530032891 0.773735700999586
-0.0551255647388592 -0.0483483406945909 -0.673602264255418 0.60433397919484
-0.0475210441269572 -0.0378122686723088 -0.682436650087064 -0.0441381575566418
-0.0484310702733228 -0.030692674520751 -0.105252397425714 0.0516403475302291
-0.0804931221932848 0.0170996165714375 0.617029102611879 0.0643219159142879
-0.0179086112545018 0.0426531883029247 0.594811132630062 -0.620246509986026
0.0323912397342934 0.0269545216025566 -0.216915870691014 -0.813361524973478
0.0413237625525643 -0.0089565026127772 -0.595369577258083 -0.145261116815664
0.00509592793671854 -0.0296769234051622 -0.290543874253308 0.270402942940338
-0.0160498762264079 -0.000917880569735257 0.0654318620651606 0.152405150380899
-0.0281527578588387 0.0070453453046064 0.156748896093295 -0.136245966368339
-0.0292625944737554 -0.00435786561772154 -0.154341601307122 0.152543490344365
-0.0124617654985397 0.020034491635036 -0.0625051875012476 -0.128445457937254
0.00934432949796925 0.0337119815174 0.277449683207766 -0.245296301444808
-0.0151273817963122 0.0304419298335658 0.493853616165153 0.156578924414004
-0.0397254124579117 6.37902605389994E-05 0.0978028951243821 0.763768307488517
-0.0453672477525029 -0.0507675666077965 -0.659003263984672 0.617317727128764
-0.0375018863572731 -0.0347417667054279 -0.688168611046776 -0.0311282311925753
-0.0385112525851136 -0.0264243556359275 -0.113820892544176 0.0527211616210378
-0.0685030951933264 0.0180310429227008 0.612287749111786 0.0755210758382346
-0.00918089104543853 0.0385592542593214 0.60865235344476 -0.606694460413288
0.0326795685079424 0.0226572451459653 -0.195676550374611 -0.822114159953682
0.0348727944989439 -0.00424341062985442 -0.592140562733411 -0.162370052078797
-0.000563754990425202 -0.0207113744873209 -0.292183693354612 0.268793185895107
-0.0191713984926789 0.0072544096654676 0.0613777810939479 0.157702481768943
-0.0257985848111761 0.0141309191520203 0.153017314445245 -0.135767306896433
-0.0246295578032606 0.00219025782597981 -0.158075285766156 0.148792133292529
-0.0139090523362945 0.025657189036328 -0.0688820372255693 -0.126051291137851
0.00219448564263114 0.0421880907855585 0.276830185203823 -0.249985064130407
-0.0232489740261841 0.0349530199309213 0.503709455143173 0.140641006193736
-0.0363279806094393 -0.000883238629067072 0.123197005307794 0.755168515563082
-0.0348515051319896 -0.0525004711033872 -0.636456587523498 0.632403272024106
-0.0235102177694193 -0.0321195343209768 -0.68688354808575 -0.0172381641206612
-0.0256187627272205 -0.023266453997731 -0.118719022445475 0.0536439342862173
-0.0546854312467207 0.0175024313685655 0.610502928488765 0.0906565092845891
0.00113172507171863 0.0345557166505085 0.631162075113974 -0.590180356490689
0.0343962481410263 0.0196184089613474 -0.166860651059695 -0.832668816841425
0.0265231879016033 -0.00106406421215995 -0.582921615076458 -0.18132997816349
-0.00599190627913262 -0.0140267504616738 -0.295797722329298 0.264259307515404
-0.0207463761081049 0.0119912389318505 0.0566864635117391 0.16030544121238
-0.0226699610560228 0.0206938344047215 0.149668772658878 -0.13993079761226
-0.0191913800810115 0.00820059391319579 -0.161797876556859 0.141247336636715
-0.0143487026146284 0.0267527427210633 -0.07478329064863 -0.128881653873105
-0.00315789333652074 0.0461756567887884 0.276537426722543 -0.256923080467903
-0.0290790049665195 0.0381578004490664 0.513379870573107 0.127801405587144
-0.0356952802365006 -0.000513651433620685 0.151727573895391 0.748604646303463
-0.0262748156523733 -0.0548421980258429 -0.608465051741676 0.648215290422432
-0.0109988967866617 -0.030814809018943 -0.681839083437057 -0.0019382133202061
-0.0126410144511181 -0.0208175895143643 -0.118473384666561 0.0578151083046932
-0.0410269504775844 0.0173766953976556 0.615284431928818 0.106187599582397
0.0106445927931235 0.0307252447839563 0.654219645330616 -0.571791264763671
0.034552494912868 0.0182855534445061 -0.137349173898398 -0.839079977544556
0.0206852681869051 0.00231308292552041 -0.573246641644015 -0.198341208440646
-0.0125605068163513 -0.0105064505541419 -0.297819255555017 0.258001196237556
-0.0217391378937978 0.013756501700109 0.0515655905291804 0.161575381611754
-0.0180144447837045 0.0254421288691567 0.14789864048337 -0.143762803854637
-0.0139542579007023 0.00994187894871675 -0.162784109217737 0.136309916347271
-0.0130484910785904 0.0240320175338574 -0.079831580036156 -0.131829763986223
-0.00518825009795334 0.0445978687573533 0.274785993084958 -0.261199035443715
-0.0328620136170617 0.0418288546301275 0.523019824401113 0.114851245614415
-0.0335022815020817 0.00269916384778896 0.179321624569208 0.742378558118876
-0.0199880261486233 -0.0565173740044426 -0.584577150120181 0.66179144054413
-0.00098384936010296 -0.0319002436390391 -0.670859634483683 0.0114674900456466
-0.00023514634828014 -0.0196466739897855 -0.114481788974236 0.0609211118422978
-0.0309189992277578 0.0158855985084854 0.621317096644424 0.119270308670982
0.0176110017472922 0.0296405839609704 0.680329883829538 -0.556956573233209
0.0353493697570182 0.0191718066929109 -0.108498372021256 -0.843271184649577
0.0150627743806901 0.0049373964817703 -0.563158660667627 -0.208913241508095
-0.0159865927989831 -0.0112855542000895 -0.301594774869352 0.25241336772596
-0.0219727379681265 0.0105395274773521 0.0472260625841727 0.157996280643998
-0.0141799684339039 0.0271414243570391 0.146253011632605 -0.151109855794635
-0.0318532217017131 -0.0322266597345222 -0.141981481399959 0.148132466540114
0.0012112813425876 -0.013235250933983 -0.0512850093234557 -0.156009879389587
0.0347893582661036 -0.00355122384429209 0.273926895775468 -0.242041314892372
0.00387728130054769 0.0255439112924578 0.48857217926246 0.191112014347891
-0.046180034844052 0.0186883428821575 0.0800592751305099 0.79377384726825
-0.0703030979532628 -0.044799535981199 -0.659778875455799 0.601608978738025
-0.0549476699999861 -0.0476064923036886 -0.651257752620143 -0.0481763805286109
-0.0506778277906443 -0.0405388062591115 -0.0694817139798734 0.0590229544728008
-0.0890764051764099 0.0106787803547591 0.648853471479162 0.0553363364917872
-0.0301781760344024 0.0495796555180416 0.599581258211818 -0.631244670013852
0.0344510274625842 0.0409342213037783 -0.222822583790717 -0.796124947598425
0.0529281811930635 -0.0141311893876144 -0.594338377058432 -0.124761432745585
0.0133211695114166 -0.0565224664387748 -0.288474075444709 0.269729032014213
-0.00910587641416737 -0.0278352086779421 0.0701175427287258 0.132717901665614
-0.0249868090692425 -0.00884965251794013 0.167119492032208 -0.144224569732194
-0.0338337150318214 -0.0275936895677373 -0.144038981504833 0.15279831438837
-0.0016994974897737 -0.00622496148198885 -0.0511398316358096 -0.147446411146989
0.0320449485757016 0.00452861671741448 0.274929626596659 -0.239698418995812
0.00252644332970992 0.0252223590838995 0.483298852791551 0.190324635412931
-0.0458521980150226 0.0135342180846428 0.0668847035084091 0.787642014144008
-0.0693030119770331 -0.0453989152878982 -0.673615076615602 0.596558586517695
-0.0573722047642788 -0.044553464216537 -0.66368369164967 -0.05287170476645
-0.0541207985186379 -0.0379969380941345 -0.0820203420993262 0.0552949590143532
-0.090768253513372 0.0137019694198275 0.636101731643287 0.053806403362383
-0.0298122975999927 0.0484028629126074 0.588917391073802 -0.630506852349029
0.0332849706764226 0.036897995688281 -0.231961846207283 -0.797978858098561
0.0514643872609692 -0.0144599000489343 -0.597700586226431 -0.12613892950062
0.0125572164030239 -0.0484322013801368 -0.286996028393375 0.271471472003043
-0.0115169245782819 -0.0196218645044126 0.0692175571695791 0.13903492255097
-0.027552790646382 -0.00582990911282055 0.163789411236959 -0.13996382583504
-0.0344236923020041 -0.0213149599626987 -0.147052241868409 0.15507976998165
-0.00571689163296775 0.00341793823855369 -0.0533157229127271 -0.139522402386946
0.0264323759058482 0.0141955501621437 0.275953195777562 -0.239309238477784
-0.00174280454557379 0.0256154424738002 0.481909229168362 0.183059509201511
-0.0441657913164695 0.0076520739406859 0.0683263480517546 0.780497685729541
-0.0639214710901046 -0.0463294037523923 -0.678059718593526 0.595911905305294
-0.0543497693323832 -0.041334984404479 -0.675822051075266 -0.0501838466237319
-0.0534910800670538 -0.0338359233786518 -0.0942817309654209 0.0532269098648647
-0.0871781243397395 0.0165953666326991 0.625005450352609 0.0557129742660816
-0.0256959983475204 0.0454320717158648 0.58315842374443 -0.628304585688865
0.0330106537875119 0.0318004720507075 -0.229401992451046 -0.801842190194834
0.0473473900694059 -0.0121632315334169 -0.597856689576551 -0.131587156771748
0.00892332716230215 -0.0399201835677064 -0.286925185436671 0.27253297722284
-0.0140725446557452 -0.0103690757298413 0.0693688567447843 0.145869360674588
-0.0288033540864846 2.59127292382404E-05 0.161119661742135 -0.136545748342263
-0.0330445493168691 -0.0128116327141902 -0.14933312946629 0.155703838497992
-0.00891663786626439 0.0125412465723093 -0.0571251968492082 -0.132702828462065
0.0177393029706581 0.0244789722937408 0.276570822760446 -0.241303126800648
-0.00790814359333692 0.0276898882415521 0.48697906379427 0.171495907610007
-0.0421815450798677 0.00284613598974842 0.0777466610404705 0.774444654925943
-0.0556042174634471 -0.0479695644197294 -0.671813004050292 0.605860134355761
-0.0473281224115173 -0.0367519335071897 -0.682620402448232 -0.0442739528863633
-0.0478409538307683 -0.0305620705874586 -0.104430629700925 0.0523064603635995
-0.0798981877113487 0.017828742830797 0.617539388242545 0.0628804554428031
-0.0182463844596111 0.0424401899518541 0.59053281653049 -0.620577935707321
0.0330209693409979 0.0271310600974917 -0.218467753740113 -0.812737386044651
0.041469350408367 -0.00897235761530885 -0.596022710119198 -0.14271096344868
0.0042422844853615 -0.0302044181097553 -0.28880921221919 0.272665814851875
-0.0162160834197198 -0.000329243905001447 0.0658006909378084 0.152883304743017
-0.0282432115350127 0.00686812042939147 0.156971112952843 -0.135441606481251
-0.0298419620729335 -0.00536003735884034 -0.153443482090853 0.152663515797736
-0.0122216443024628 0.0201880200829854 -0.0643420548432362 -0.128525349642585
0.0100992032444927 0.033939267811216 0.277329705370559 -0.245779374029562
-0.0152248799010585 0.0314495902511643 0.49540603084663 0.155145681175509
-0.0392963267420726 2.93678826460489E-05 0.10048099679704 0.764514701266961
-0.0451821702156594 -0.0502245278864819 -0.656674190582505 0.618864074257524
-0.0374237261305153 -0.0339308479827259 -0.687350997879448 -0.0306055344470672
-0.0384220208213343 -0.0271689331926378 -0.113589962972418 0.0533157462898402
-0.0683981424295033 0.0182437913827206 0.611734607020109 0.074006388638636
-0.00866203536219974 0.0380832336750532 0.604999872799469 -0.608851103116209
0.0329476570587269 0.0223640506468991 -0.199968337587312 -0.821540109030804
0.0349370101145767 -0.00524270149280218 -0.592210043489055 -0.160809795328963
-0.00102744861235358 -0.0209634927159813 -0.291097540423576 0.269880598183593
-0.0193065832685733 0.00735717864003908 0.0610817286335984 0.158175944814869
-0.026070763616946 0.0142972940491456 0.153339190426991 -0.136042150948826
-0.0249861589324156 0.00188578992087851 -0.157215183189964 0.149195928008426
-0.0137624884724955 0.0255562047494986 -0.0696444767503435 -0.126980821380971
0.00242632168590847 0.0416086258802446 0.275972963032724 -0.250802931203102
-0.0223943457210891 0.0350104497452409 0.503395736350995 0.139421122222548
-0.0370777589440143 -0.00107984710429744 0.125054750692434 0.755995427314998
-0.0351317165364075 -0.0530224901316677 -0.636401324835551 0.635226011258707
-0.0238741621884504 -0.0306777741815064 -0.687540318884107 -0.0158303393168292
-0.025824443247083 -0.0227730249676617 -0.118287939339426 0.0552136959698873
-0.0548461530014737 0.017907923389159 0.612450682317016 0.0887687392418839
0.00137254272203206 0.0341323006638778 0.62825884579277 -0.592290199961098
0.0338609623956086 0.0195575499885002 -0.170392993253216 -0.830345825671755
0.0273310145833972 -0.00134541852859601 -0.583672679918086 -0.178369920104663
-0.00787562476015011 -0.0147088943603387 -0.293984054145487 0.265508000603975
-0.0210452803042465 0.0126554792569821 0.0569146194831179 0.160802478624495
-0.0219303543662881 0.0211121470767082 0.14894524561696 -0.13974213797081
-0.0193281799274926 0.00752208864758001 -0.161271379283587 0.14154558116752
-0.0130403162997213 0.0263926152954816 -0.0766572921975305 -0.128286453749874
-0.00268738445195025 0.0461695484737211 0.275873677968365 -0.256915703236218
-0.0288226979650969 0.0390585305032428 0.514756782621126 0.124355753067108
-0.035345323179564 -0.000428651503717558 0.154500710265917 0.747589199269653
-0.0262888207607462 -0.0549443079729652 -0.607301262011163 0.650216718358108
-0.010861648723818 -0.0301414102310874 -0.680541537185301 2.02442859653923E-05
-0.0125889987295209 -0.0204247983662185 -0.118486554523193 0.057684445542575
-0.0412841295167471 0.0171273814542313 0.613492986077913 0.103705785339431
0.0103489645609836 0.0313565888093797 0.652720656857696 -0.575468016311214
0.0339250532116936 0.0179016138444393 -0.142968195910687 -0.837800545899705
0.0203247443180175 0.00203486218636279 -0.574469856829356 -0.194337546652271
-0.0129855695743383 -0.0110135354052028 -0.297412662288344 0.260755572750258
-0.0218575577005361 0.0133949931080797 0.0520423413614581 0.162322731794129
-0.0180928412512528 0.0253725898562084 0.147791967765121 -0.14346924328831
-0.0134489423506746 0.00917415707131577 -0.161798440433955 0.135700562610257
-0.0119484159760746 0.0249430164810755 -0.0807488634421645 -0.132503620302012
-0.00433976927937602 0.0452181632858951 0.272478388290101 -0.262928223017896
-0.0323222477585087 0.041975383495111 0.524228333619811 0.113459367658422
-0.033594450006484 0.00247973199820265 0.181685734156742 0.742632350500024
-0.0203806932213044 -0.0560242567092272 -0.581692767649794 0.662461644832182
-0.00127132529542153 -0.0314918524800972 -0.670387049670661 0.0135401786397727
-0.000867434695684714 -0.0200695784080459 -0.114440993429399 0.0619525413331513
-0.0303784427223034 0.0162710756137351 0.62148299924018 0.117232525089794
0.0173119631026604 0.0302470906562597 0.678110008409546 -0.558962237059688
0.0354177761996994 0.0187396719418335 -0.112911074814271 -0.841876502332443
0.0154294657946304 0.00497539893217505 -0.563811530566413 -0.206354970295487
-0.0164377689633968 -0.0117803649223481 -0.301118875684255 0.254955438179148
-0.0220238989157533 0.0118456720497905 0.0472385946374857 0.157872465087724
-0.0138728597268143 0.0272276044741438 0.145812527707796 -0.150278043940293
-0.031829445896745 -0.0327270060035773 -0.142002955156542 0.148171950530144
0.00208711036971888 -0.0146224729636673 -0.0532831702571292 -0.156203440689782
0.0346519298479229 -0.00293442184154732 0.273901188475197 -0.243179759743051
0.00373436228958864 0.0261221273944345 0.490435707605675 0.190057995227374
-0.0465518931284861 0.0192476092213626 0.0848487279176667 0.795921670694898
-0.0701498562072812 -0.0437264737453438 -0.658902556801272 0.602155762323819
-0.0555899452580372 -0.0466150519865462 -0.653108238356313 -0.0470622970566023
-0.0503892197372424 -0.0392917705452991 -0.0705228478064513 0.0603943799077484
-0.0889166561737262 0.0118242636018901 0.649102263684078 0.052692284474325
-0.0303944015032022 0.0491690064746239 0.597493287120347 -0.632216535061225
0.0339976883209193 0.0412515940411215 -0.227734098286789 -0.794958496917549
0.0530160661810337 -0.0143512287086501 -0.59591754677997 -0.122332170479402
0.0125783840947295 -0.0566334957052042 -0.285653859963371 0.272080406422425
-0.00912946470393581 -0.0281262574347656 0.0693183176285562 0.133093795280373
-0.0256062191916157 -0.00898065151251796 0.166519652235536 -0.144651329596047
-0.0343091670281769 -0.0285770998009411 -0.143472430500586 0.152903654203292
-0.00126826281033566 -0.0068424241087394 -0.05279719778998 -0.148520817223045
0.0323801408410905 0.00359149536850967 0.27504081497548 -0.240791575911504
0.00264786689630888 0.0255076897538441 0.483838399217137 0.190158633715135
-0.0453519555881607 0.0131884399972774 0.0717613729000454 0.790599598814806
-0.0690374883403288 -0.0450022887627411 -0.672868613678315 0.599050514340084
-0.0574440445914367 -0.0441535647305454 -0.665104189486973 -0.0521894071762875
-0.0545364919193231 -0.0373880100171051 -0.0815677136635438 0.0563396350257296
-0.0904969266638764 0.0143908723886329 0.638125456493383 0.0521732980613892
-0.0302223721313654 0.0488659827665036 0.586410188709935 -0.633849751696763
0.0341854854090982 0.0363481351187483 -0.234987381149422 -0.797185931984561
0.0516142149717587 -0.0143076269838711 -0.5997720464256 -0.123768611439161
0.0115882885628572 -0.0490952495507859 -0.285767041569303 0.27391443792093
-0.0118035915601326 -0.020086071787668 0.0698674568230663 0.139591333516635
-0.0276372373884173 -0.0055307244983011 0.164835645181679 -0.139971197737753
-0.0341725457268004 -0.0220169713596659 -0.146708852848914 0.155590200778701
-0.00492948926191358 0.00407603733955124 -0.0542223352061545 -0.139621920033365
0.0263468849785913 0.0148745450029997 0.276296169820457 -0.240963615108406
-0.00135440896654122 0.0263188902994089 0.482973576495547 0.182528087619426
-0.0442515441077601 0.00753882903439071 0.0705790101788693 0.782496242349522
-0.0635084253578565 -0.0468650097877184 -0.676207651578553 0.59840489403707
-0.0543997684073823 -0.0406186321926872 -0.675378335161022 -0.0508370771526677
-0.053371194507779 -0.0345675214989634 -0.0949856046386819 0.0535727671075765
-0.0876954703281635 0.0166704971486491 0.626994207312302 0.0538557572471125
-0.0254948394195508 0.0457223896744922 0.583138028860917 -0.630304142115945
0.0330734701605385 0.0315219727974384 -0.232382576996517 -0.802311843258663
0.0472927498664662 -0.0133777473151316 -0.600717879998334 -0.127909016311243
0.00775381605640917 -0.0398832831183324 -0.286793984710395 0.275415594506109
-0.0136589816443735 -0.00987896114737802 0.0691669087882624 0.14647955018876
-0.0283639586380423 0.000512516986196894 0.161246995105228 -0.136918521053489
-0.0335624537886145 -0.0128114230011879 -0.149889231587273 0.155646307972634
-0.00899297564189286 0.0132399456462897 -0.0587851308221688 -0.133665429305641
0.0186629338168094 0.024649801940044 0.275787493946639 -0.243262932650265
-0.00768673673773965 0.0289130991432621 0.489089998310026 0.170239075726318
-0.0418939177963538 0.0025809126341184 0.0814308624119779 0.775663080520805
-0.0555524818427981 -0.0479050553115096 -0.671379614896483 0.608436587944468
-0.0475059420398891 -0.0366564820428042 -0.684711155662818 -0.0422217476845458
-0.0486502479773339 -0.0297449734515223 -0.104841683720845 0.0523974250389133
-0.0792239200016102 0.018094329648219 0.619081060563908 0.0609395039902511
-0.0176580603071296 0.0434593362544595 0.590095146788257 -0.624329431318717
0.0332607731175881 0.0267644499217249 -0.223703384932202 -0.811783728094791
0.0413994403063263 -0.00953233587902531 -0.598060566908067 -0.14045662018423
0.00350541006337984 -0.0300394740375741 -0.288419595037783 0.2752020138002
-0.0171102449429238 -0.00088453330684109 0.066224904822642 0.153633502517607
-0.0279225783143286 0.00753417104605206 0.156533195906675 -0.135032511877021
-0.0294936962195211 -0.0051420345566863 -0.153594313229453 0.152837239197336
-0.01199780084659 0.0208136869666684 -0.0649582994721833 -0.129371611601245
0.010665858168166 0.0339018194775287 0.276294857081668 -0.248055795427155
-0.0144182241533325 0.0316252886295533 0.497357096443596 0.152685900146188
-0.0395540396311508 0.000639542507466041 0.104438752738734 0.766482150124855
-0.0454521255996115 -0.0503563484571197 -0.655510563249609 0.620432906307555
-0.0368861199760965 -0.0328342988175013 -0.688822990016815 -0.0278439349229878
-0.0386844023655973 -0.0261313780043045 -0.113562950322162 0.0540824217224721
-0.0684179415349115 0.0193522646660926 0.613207640011045 0.0721426457646915
-0.00924999292388841 0.0381853025544049 0.603319859408485 -0.610022203912928
0.0330819940630306 0.0228195055084674 -0.203227386202262 -0.821164168173267
0.0349343160720332 -0.00590542828038247 -0.594192733819768 -0.157308928906653
-0.0020336445129275 -0.0208358119818533 -0.290148929205723 0.272343554316354
-0.0191839445440562 0.00738001228955626 0.0624999105758877 0.159618695439403
-0.0257638337830319 0.0144903327153915 0.152506093465337 -0.13542639459551
-0.0250545596192898 0.00204353370991161 -0.157269703023388 0.148957560580185
-0.0131618861672642 0.0257533328637476 -0.0716766033655351 -0.12659213103336
0.00247826614702999 0.0417161472058201 0.275355288916669 -0.252193798411436
-0.0227030801295312 0.0359337062585038 0.505954894142948 0.138619247855927
-0.0378311263820628 -0.00208633798433709 0.128687150954594 0.758147082098798
-0.0345807989993542 -0.0522819030054439 -0.634466539905095 0.637705961225146
-0.0238579535638795 -0.0306899303712685 -0.68706800628252 -0.0127100159291914
-0.0251870209902577 -0.0220735409500249 -0.118477865644875 0.0552059150524593
-0.0546786735779759 0.0183231217872154 0.612412981518942 0.0881724456880635
0.00142339528037008 0.0345594203752101 0.62673379660154 -0.593430679639694
0.0324377175453955 0.018792162605195 -0.174999139128926 -0.830205165552548
0.027057444579099 -0.00146031898556168 -0.583753262272401 -0.175142358937118
-0.00781687880009779 -0.0149406251601456 -0.292814171222117 0.267428570403518
-0.0212892861360783 0.0125982353029557 0.0567728101127884 0.16273310104042
-0.0217739089850679 0.0204157795740843 0.149013096772298 -0.139844521224239
-0.0194784629324504 0.00807658802274006 -0.160645866905739 0.141380615182984
-0.0131330298673941 0.0268075830620849 -0.077978171763533 -0.129010237833251
-0.00209976684811997 0.0456511784975756 0.275204209605314 -0.258665699980921
-0.0284878077075059 0.0393857058066113 0.516137613295683 0.123000995512623
-0.0349976975961537 -0.000895410596043429 0.157710135389891 0.748082276102467
-0.0256041701768661 -0.0541319089175399 -0.604613154919557 0.651740216980866
-0.0111935613219095 -0.0299702383266201 -0.681520442815122 0.00173232719873813
-0.0118930286486076 -0.020595889396737 -0.118533219192772 0.0584082620223401
-0.0411707252298044 0.0181220213387163 0.615901974844285 0.102501736838532
0.0111485617798175 0.0315013615130953 0.650564001764909 -0.576222701042206
0.0340703237269993 0.0180532012975691 -0.145876810929364 -0.838996315940618
0.0205182809771328 0.00119584889815714 -0.575983998116073 -0.192998765458461
-0.0135117401071462 -0.0112553157087575 -0.296455675498267 0.262595530897026
-0.0223580023650303 0.014904280877873 0.0522722555713962 0.162463148287833
-0.0181768012579478 0.025885150923371 0.147385640031721 -0.143413638628869
-0.013829286706408 0.00941053143823725 -0.161911158605421 0.136160188107559
-0.0116491014036106 0.0248511934498599 -0.0831748184286333 -0.132995007629818
-0.00470346903923768 0.0457446175555235 0.272950014425405 -0.264306342102412
-0.0324751951052425 0.0434469211906738 0.525208652745723 0.111592512867254
-0.0339071771452363 0.00289208345542569 0.185408342227746 0.744859535438747
-0.0199063229344067 -0.0560530976955498 -0.581526016361472 0.665116094303695
-0.000453796753181827 -0.0301273669806684 -0.671581446969176 0.0155659605544427
-0.00102113780263065 -0.0192447750339238 -0.11466603187645 0.0626274520619801
-0.0305648852363165 0.0158970828328646 0.621433510358575 0.115103803592403
0.0168546313038443 0.0298499556146204 0.674753921315529 -0.559548646810432
0.0353219191117298 0.0185584661999603 -0.11542801870122 -0.842581177564373
0.0161833721805159 0.00503953389272537 -0.56622533050713 -0.203227879301163
-0.0169861907984358 -0.0112266220876529 -0.299825529575235 0.255820800043944
-0.0224716470079248 0.0120778426084391 0.048113287206894 0.158897910092164
-0.0137316163849407 0.0275240096868733 0.145480195476052 -0.149580330519057
-0.0323817282558453 -0.0331717844073488 -0.141627950834874 0.148796599620084
0.00216157312319745 -0.0139989390559085 -0.0548158022342607 -0.157358469706307
0.0348939791842428 -0.00371154251309734 0.273830408971153 -0.244872763310525
0.00413592065529698 0.0274020319564588 0.493593582093748 0.189098657429705
-0.0456240249464889 0.0182776628174215 0.0879852900805377 0.798146737865145
-0.0703717860275298 -0.0440489471408027 -0.65860323743705 0.60458409168963
-0.0548889074324655 -0.0457578384404614 -0.654675331451914 -0.0441258631474596
-0.0504837376466357 -0.0392210245755279 -0.0703988418094443 0.0608067777376639
-0.0886799721167504 0.0128230558534191 0.652158295266586 0.0512120766551694
-0.0305810256689951 0.049711684613443 0.597627609137421 -0.636623090587759
0.0343645259054963 0.0413839272921037 -0.232677211343748 -0.796232188679729
0.0533521732425258 -0.0148979163738465 -0.598578594788053 -0.118709589136071
0.011650384633236 -0.0565649569899942 -0.286008096397367 0.274634956974916
-0.00945716539712776 -0.0273050552282171 0.0705054906522633 0.133926374061302
-0.0255252416504633 -0.00870005679302732 0.166562587735417 -0.144536527639239
-0.0341045640679664 -0.0281973113982955 -0.143938976132979 0.153038971244362
-0.000879390925567162 -0.00551701945116932 -0.0537545106733347 -0.149099775070856
0.0330738881260412 0.00383734750759043 0.274465364375088 -0.24288124506909
0.00267177377737764 0.026221230332333 0.487320843018072 0.188552402117392
-0.0453055556199498 0.0132986353107614 0.0748879058396978 0.791607807917319
-0.0694474591400301 -0.0450525982272107 -0.672532083605436 0.601726219928456
-0.0568452576788637 -0.0432187971548001 -0.66663423850763 -0.0496712811424625
-0.0544061158308341 -0.0371297561402905 -0.0818024975287414 0.0576869471473528
-0.0905510444662248 0.0150658451247649 0.639343893716322 0.0484072080420357
-0.0295870646269374 0.0485056705911064 0.584433489136545 -0.634651727751916
0.0344045775393145 0.0366408203381791 -0.239576769988093 -0.79746612126515
0.0519128829253779 -0.0144861691236219 -0.601669784567386 -0.119494070896219
0.010358708814243 -0.0493347861434075 -0.285600158122701 0.277958865533138
-0.0119558186995305 -0.0194248199119062 0.070488542867355 0.140354499301955
-0.0282970285760251 -0.00517931399425733 0.164887342547106 -0.139339096038273
-0.0342819107988611 -0.0213518586552245 -0.146429310150042 0.155098509728308
-0.00472283448964166 0.00453323942464347 -0.0558507199307954 -0.141368788209283
0.0269338668348243 0.0141600176024172 0.275705356271843 -0.242478572162255
-0.000975428050519523 0.0267960687541698 0.486446587263766 0.18093147841219
-0.0446810698670147 0.00772549150600827 0.0761597999170929 0.784672454148346
-0.0635262109353978 -0.0463668146543376 -0.676145833719227 0.602950131983815
-0.0542617227649394 -0.0396679858144263 -0.676822827351056 -0.0456843865663479
-0.0533206204601244 -0.0339850370413578 -0.0947908375455642 0.0551415632480395
-0.0873853443430691 0.0163674551767895 0.62864303773231 0.0512060345703772
-0.0254873575797497 0.0465679275913408 0.582144301966756 -0.633201162927545
0.0334989105191344 0.0317382439935172 -0.238759982868884 -0.802219595571731
0.0480309019703828 -0.0124442002868473 -0.602051193771279 -0.125612790947516
0.00796255332727025 -0.0400593082231437 -0.286082357762098 0.277856993963419
-0.0142768785473227 -0.00979241655725199 0.0696698626866378 0.148019901596298
-0.0282884907330487 -9.71752806470053E-05 0.161199720781298 -0.136542908500319
-0.0339506681958483 -0.0137768071516229 -0.149382936043736 0.156218696630999
-0.00839693369882434 0.0141894497576006 -0.0598973892978649 -0.134262826598378
0.0189381401146374 0.0244632002750112 0.276035397168716 -0.2440973697136
-0.0074562214378818 0.0290790711033091 0.490913285076867 0.168781020335628
-0.0426604576171635 0.00330276752138449 0.0855734596082119 0.77889358171852
-0.0555488974954949 -0.0480122870409349 -0.670962407377328 0.612003427646701
-0.047724409122183 -0.0348103847267225 -0.684852198277004 -0.0388205684703658
-0.0484997921208493 -0.0298491231073384 -0.104955331771404 0.0535711544355795
-0.0793877946976911 0.018861093694414 0.620681323826151 0.0592439989596705
-0.0181940692626778 0.0426524682677836 0.587232427047379 -0.626160571950138
0.033397640990205 0.026735329502019 -0.226837533576968 -0.811920948300963
0.0418276296958939 -0.00912218976082402 -0.599539326358141 -0.137813281647091
0.00326621600952203 -0.0298640529908475 -0.287108920864672 0.277732702892287
-0.0165861890086593 -0.000694671127164916 0.066766282436806 0.154730359329901
-0.0278157015745261 0.00705347405124501 0.156877731976304 -0.134978820908008
-0.0302635242317294 -0.00548790262552007 -0.152999155864453 0.153218754906745
-0.0102542388428385 0.0208124108854198 -0.0666131516280222 -0.13015934336884
0.0104537498970339 0.0340850867454375 0.275701474140043 -0.248209690005944
-0.0148815639605963 0.0327922440651123 0.500262483316497 0.152296326818934
-0.0398345514817171 -0.000631129870120289 0.107263235881863 0.770594319011225
-0.0452415171614816 -0.0502997099408982 -0.654285764609302 0.625639710325048
-0.0368141064850993 -0.0321495794560324 -0.689609190840656 -0.0263974514854171
-0.038464873160043 -0.0257314730805606 -0.113865250203822 0.0547512769826436
-0.0682154211493715 0.0191492513266412 0.615136442905323 0.0703458155207304
-0.00944701871427759 0.0387662280030547 0.602903844404845 -0.612591920565366
0.0334168126545683 0.0216494731509042 -0.20779617856731 -0.823094575566176
0.0352464965633448 -0.00544840815829035 -0.596249671966204 -0.153283012180445
-0.00276383715786723 -0.0209487451786517 -0.290470418121993 0.275083043947888
-0.0188698193200775 0.0072569172010692 0.0627642753746889 0.160060632600912
-0.0260388709087079 0.0141082717044462 0.152878468177013 -0.134755563215221
-0.0243936738426242 0.00157143311016274 -0.157194582014411 0.148742750050663
-0.0124760565036409 0.0269085327160317 -0.0726366032656163 -0.127467270575693
0.00363791887938601 0.0414545535933553 0.275206073683414 -0.253329609287323
-0.022589300400571 0.0362568696667886 0.508440345453241 0.136690933514131
-0.0373163928402244 -0.00246396191296892 0.132781053942576 0.75991643171858
-0.0347457177417873 -0.051663693195767 -0.631947864366087 0.64068096590125
-0.0238004688234817 -0.0297742972609351 -0.689417066837456 -0.011290577115215
-0.0255976697214579 -0.0218504675567423 -0.118320064021832 0.0565907433759132
-0.0546750359819133 0.0196710919179485 0.614992352515946 0.0857965240806026
0.00114740892583282 0.0345361318388164 0.626506511646938 -0.597941514860025
0.0337024612629586 0.0188265850697938 -0.179808993018911 -0.831238513871653
0.0273410556635603 -0.00158852571098727 -0.587976974823848 -0.172889661534877
-0.00871310773071164 -0.014682534719828 -0.292889163728824 0.270313264758772
-0.0213675229535104 0.0130678504623947 0.0576669415364301 0.162596173503981
-0.0217275893232647 0.0208209556149292 0.148822099034725 -0.139513787394134
-0.0192156191337053 0.00723769708836107 -0.160622103745923 0.141597564329754
-0.012276979562719 0.0274386977098859 -0.0792318751029413 -0.130046809863811
-0.00134550935992904 0.0459728643760586 0.273628138484932 -0.259738570199766
-0.0284938836385873 0.040395364691438 0.519766708657589 0.121490269580427
-0.0350397491050765 -0.000808506282842373 0.163190011489432 0.752148214963301
-0.0251756733192476 -0.054895436330112 -0.60678820789024 0.655168278074837
-0.0106439239319767 -0.0286855350398737 -0.682877468341772 0.00403999921904336
-0.0122962356920356 -0.020113503579016 -0.118857867746858 0.0595509715825184
-0.0415110045083675 0.0183766332954428 0.61867151757607 0.10026113244056
0.0101765191875981 0.0311396435653115 0.648518890084077 -0.578893054050712
0.0343546638810513 0.017411365643104 -0.149490958548057 -0.839192034265134
0.0203639703303049 0.00151502188654555 -0.579184378809101 -0.189830221299673
-0.0142849883874952 -0.0107601748304484 -0.296038915580614 0.264417384316244
-0.0227857189830792 0.0140667945430778 0.0525530751387839 0.163283033947853
-0.0177507647814248 0.0253416585465144 0.147324781970611 -0.143215397447562
-0.0137642014804647 0.00923900094171841 -0.162040367779814 0.135936431137354
-0.0111221262738453 0.0252333126489886 -0.0838878127599052 -0.132878106995631
-0.00404234317645819 0.0454250627715831 0.271664564272303 -0.265467252555339
-0.0323952821149871 0.0437893960879225 0.528028031706762 0.109737536936807
-0.0336921414500423 0.00190887235449711 0.189203339246787 0.746638678119084
-0.0199028809637081 -0.0563608727817771 -0.580246829099679 0.668699751233738
-0.00070178956923817 -0.0295159725134119 -0.673723695754242 0.0164561170071246
-0.00102890099257961 -0.0195009306449957 -0.114497058517721 0.0636696200904677
-0.0305606512179229 0.0174438658459663 0.624998621216793 0.114408081458798
0.0166983136194872 0.0303439928965335 0.674975398365299 -0.564940338607155
0.0359234323459249 0.018434309113958 -0.120756721616982 -0.844152644105816
0.0167115548841486 0.00493390809235024 -0.56877299290448 -0.20289672029341
-0.0177620898841254 -0.0118274696616037 -0.299269575264856 0.260077054616133
-0.0224015884443415 0.0122389452342811 0.0481127090880261 0.160602052258797
-0.0130818583289702 0.0269308233096701 0.144401413742153 -0.149602620624276
-0.0329960323722844 -0.0329045074260507 -0.141765828704507 0.148691038458358
0.00239310552330619 -0.0138676717508478 -0.0562820909492177 -0.157243743000188
0.0357196980812604 -0.00321494654508152 0.27350821183932 -0.247612559078236
0.00427626951173832 0.0280068424346788 0.496963881546072 0.188202286293056
-0.0458203650342886 0.0183196523558333 0.0926296959493513 0.803025484949993
-0.0702803600470305 -0.0444132709531693 -0.658222457629239 0.610018686704914
-0.0550386868377973 -0.044496263475228 -0.656161880742203 -0.0419263577476248
-0.0504893821284474 -0.0389777151433364 -0.0703375320224288 0.0615293917624017
-0.0888210155217579 0.0135484617189381 0.654500477683461 0.0493689462583991
-0.0308359071843861 0.0504665760847464 0.595728144418089 -0.639739498904477
0.0347469654191124 0.041302480128407 -0.236546458527544 -0.797520208364032
0.0538059297934149 -0.0146224266538209 -0.601271343166541 -0.115837499989049
0.0116591158842478 -0.0560800919903304 -0.285875309171326 0.277770200754879
-0.00972944683680866 -0.026891519040971 0.070806641573215 0.134541333895481
-0.0257149617465657 -0.0088718663769762 0.165157319323574 -0.144299089258596
-0.0344719859722124 -0.028092888113543 -0.14389270397425 0.153399828687557
-0.000506611750890838 -0.00555861280128694 -0.0564474389427849 -0.148911964560162
0.0328048343776182 0.00461846709559876 0.274578950072791 -0.244021632960795
0.00318447520596058 0.0272183889941459 0.49177186768792 0.186498328326298
-0.0461265391404146 0.0134069312097795 0.0796904669883339 0.796171308512396
-0.0695021930587776 -0.0450724113473088 -0.672444737633232 0.606412866164544
-0.0568809315163495 -0.0427221659119348 -0.669219139906461 -0.0483489684843286
-0.0535387484102633 -0.0370279647614479 -0.0822208461382855 0.058296804358854
-0.0904143465701425 0.0157127549930189 0.642876687070227 0.0481803094991749
-0.0302045537607644 0.0492365463408672 0.585777100113447 -0.641280879517465
0.0347463247649707 0.0366807135379011 -0.244578456697071 -0.796795748672171
0.052083423675331 -0.015077051333808 -0.605105697720171 -0.116438143849275
0.00970842998530724 -0.0491688320695691 -0.284916384446456 0.28050385088087
-0.0130700206860732 -0.0198449043581301 0.0714631360023154 0.141928840784123
-0.0278384745444977 -0.00550113501649144 0.164651500515227 -0.139290520122078
-0.03588118967854 -0.0216829549226493 -0.145742901882044 0.156446490533239
-0.00431824006661883 0.00412905384430125 -0.0578512078451297 -0.14163552794124
0.027013404713587 0.0134945579296461 0.276314566733136 -0.244202599216988
-0.00126332561721171 0.027551711044259 0.490087482453754 0.179576616687788
-0.0445205673597575 0.00743949246227167 0.0795651549210472 0.789238043288977
-0.0640372074370499 -0.045686929003741 -0.675306234062708 0.606723168996398
-0.054843025899725 -0.0395012945890663 -0.680303127864058 -0.0442136058668809
-0.0533155387573566 -0.0336848815495 -0.094288015434618 0.0557425755517545
-0.0874214920033395 0.0179432279044421 0.631692945407742 0.0496029013669656
-0.0254286823407269 0.0464008647860375 0.580794479986544 -0.638465881229707
0.0340554697699511 0.0312787602617833 -0.244228601439717 -0.803426766408673
0.0481781891043396 -0.0128272498682249 -0.606102965820364 -0.123654573837452
0.0061409176239293 -0.0392432789449801 -0.284828370993033 0.280935875643866
-0.0147419105795689 -0.00939681273456974 0.070440397166792 0.147953228585763
-0.0284349275296626 0.00033059849149452 0.161852679833375 -0.136452332864796
-0.0334569160669015 -0.0135193582207723 -0.149498894642189 0.155718844417127
-0.00831494996388946 0.014016953667797 -0.0623448255400324 -0.134299914165721
0.019484363927773 0.0246903807416592 0.276044242276925 -0.24567896157362
-0.00726735241246422 0.0296490774899142 0.495131723875217 0.166869067885514
-0.0421709653150674 0.00338305934220039 0.0897451970987729 0.78207228162264
-0.056263513629121 -0.047696070132637 -0.670992466794837 0.615964368956773
-0.0474344559418393 -0.034632529255975 -0.688826564316717 -0.0370758274008355
-0.0482826036829852 -0.0293345730980176 -0.105546429043616 0.0548012134278553
-0.079234147193156 0.0193487125166962 0.623907426642944 0.057957453341881
-0.0182604272317685 0.0433093141389014 0.586645340971854 -0.630758887449452
0.0337133916881303 0.0267981503434145 -0.232974969626992 -0.813347204973214
0.0417763402292986 -0.00971654776665311 -0.604913235946477 -0.135065414154382
0.0026226447606076 -0.0300859838225134 -0.286670701293328 0.280970941510277
-0.0175198826442914 -0.000633784025618875 0.0672172750390917 0.155994980881658
-0.0274473752385821 0.00635802358802146 0.156557244593303 -0.135197073478524
-0.030185166483194 -0.00570308807236315 -0.152834948120539 0.153280179484658
-0.00974827559575153 0.021317246977844 -0.0681886303976766 -0.130346741538255
0.0115768882276491 0.0344812086079771 0.275995002288 -0.250527750194108
-0.0151715038486571 0.0333959007664824 0.502840592970628 0.150166623131657
-0.0391188149615541 -6.80108367876811E-05 0.111712383037959 0.772963796996063
-0.0459671343503 -0.0501870871380813 -0.653193407426974 0.629462203879689
-0.0366408686789547 -0.0306630752506392 -0.691895182942277 -0.0244446456240591
-0.0386510215522881 -0.0254465014489482 -0.113767255005599 0.0562607062289808
-0.0676740231070408 0.0204622779266097 0.617782155971892 0.0686341168510302
-0.00913979645394866 0.0390617637960072 0.600571472598972 -0.616478700280033
0.0335045290408177 0.0218578605006836 -0.213569253379342 -0.823956935463979
0.0346825433392147 -0.00554515638222738 -0.59901610495862 -0.152373841787409
-0.00333010477370385 -0.0212980202605754 -0.289435347558695 0.27809880008986
-0.0191671315915624 0.00776537880369207 0.0633193560540427 0.161303975611912
-0.0252853526103735 0.0143572172924728 0.152622812363859 -0.135658859071306
-0.0250084165664875 0.00151833300791864 -0.156874087315522 0.148027361533428
-0.0120098390028831 0.0261132417637685 -0.0747016949549902 -0.127825427871454
0.00412075170146135 0.0410116945565732 0.274499155047485 -0.255368553920544
-0.0225030141644312 0.0376006711106178 0.51157446759597 0.135303695088069
-0.0364513590998588 -0.00212935990806352 0.136937176025101 0.763123027955225
-0.0346066446991653 -0.0525143373105271 -0.633968113685858 0.642976829034176
-0.0233895860165067 -0.0284614160581248 -0.691790409731323 -0.00963248050459992
-0.025595661312646 -0.0214247819475771 -0.119378585208079 0.0575887795186763
-0.0543274805473321 0.0192689585255436 0.616620992442243 0.0837054070100863
0.000740464440441239 0.0352709895064299 0.624849530817409 -0.600787763909655
0.0332993926420654 0.018896008136812 -0.185159100261056 -0.833388834467829
0.0280503652376434 -0.00186130754477469 -0.591866804246442 -0.169809087059815
-0.0090081295660481 -0.0146503015997268 -0.292943615356253 0.273335298284557
-0.0207924666481536 0.0131161251342946 0.0578415038489428 0.164453375717983
-0.0219843186678492 0.0205939096849955 0.148498031441513 -0.139099373035439
-0.0196801471557032 0.00691418055312029 -0.160746759365486 0.142060969164727
-0.012426397406623 0.0277372267885987 -0.0811626232332453 -0.129677171409912
-0.00131535949915542 0.0466081505808634 0.274178017077342 -0.262358409112792
-0.0283288264401559 0.0410455134415707 0.521182634939363 0.119055884687482
-0.0356280182602999 -0.000595491538323523 0.167452812920894 0.753591256334143
-0.026262232004052 -0.0548232943797156 -0.604945789545915 0.658941288009799
-0.010459423302683 -0.0284789877914248 -0.686512610742234 0.00517657162241442
-0.0122017454791493 -0.0204414052697584 -0.118765074121757 0.0608994174529304
-0.0405105426907855 0.0187853342663668 0.620494625721451 0.0988038819139375
0.00952422055384373 0.0309233776771441 0.648109838528404 -0.583514498999696
0.0344805506597277 0.0171823969402829 -0.155430100146223 -0.839258072148436
0.0206724972238499 0.00114756013491335 -0.582059095277166 -0.187687149954662
-0.0147064835106912 -0.0114876590350006 -0.295491293515679 0.268800338765573
-0.0222063967340632 0.0146898160923702 0.0532472336199932 0.164667011383
-0.0178253755218355 0.0255225756395025 0.147622416102009 -0.143397229963199
-0.013828013586169 0.00918051276302862 -0.161522142285003 0.136282841481972
-0.0103176657603588 0.0254832138444365 -0.0862204236200374 -0.133766104233566
-0.00380053751575252 0.0449309250509557 0.270916231525215 -0.26720742623705
-0.0324738472190623 0.0440825548610768 0.529855217716941 0.10825498036749
-0.0339546718061206 0.00168656450446109 0.195132326506686 0.748607586273216
-0.0201535766613523 -0.0561017509525724 -0.579588469075556 0.672099694146297
-0.000404117126829532 -0.0291605348654013 -0.67631868442429 0.0199032849474172
-0.000924873458552717 -0.0193126591462308 -0.114508059776808 0.0644979099520705
-0.0300043570349936 0.0179059589874084 0.627533906736261 0.111550707748019
0.0168758616252685 0.0295748395842268 0.673386888425938 -0.567796324862023
0.0356085505757012 0.0191361148269309 -0.12326538945252 -0.84379424139248
0.0166020090706671 0.00535957528854679 -0.57204019167737 -0.199191784901305
-0.018027279886835 -0.012775979438257 -0.300135906448198 0.263102823520199
-0.0221042477154483 0.0124948146352057 0.0491008788494978 0.162005127351129
-0.0131393710621542 0.0278116624198513 0.144658428517448 -0.149563224784793
-0.0332182011662477 -0.0325754743262288 -0.141978995206561 0.149604974945826
0.003057234122045 -0.0136781169437638 -0.0589661960782081 -0.157926181592506
0.0353337767125322 -0.00335478538392316 0.273506781660723 -0.249204657080108
0.00481340357829878 0.0287276321492116 0.501357252592396 0.184594521386428
-0.0455876542532268 0.017979859873607 0.0969950398821425 0.805221945225188
-0.0706734243171968 -0.0441752219585719 -0.659234681140708 0.616182734195598
-0.055134950381559 -0.0440306686915698 -0.65989412535723 -0.0404571254124718
-0.0508565986135014 -0.0385874006430399 -0.0708735303956136 0.0632633155268121
-0.0891718427029914 0.0139607975834353 0.658007649843384 0.0463295534410995
-0.0307542648713492 0.0506368682586555 0.593347212922228 -0.644043966016289
0.035852133365471 0.0410346761485757 -0.24290779591827 -0.799664010871928
0.0542939130333219 -0.0155328019156244 -0.604036289702131 -0.111503875401595
0.0100069350444469 -0.0567509594626755 -0.285191398538092 0.279897077256339
-0.0109153595795007 -0.0281614940947138 0.0717427158435119 0.135399796829627
-0.0259023777401316 -0.00879828564097046 0.165642059884654 -0.144763938693171
-0.0351960164634766 -0.0286538326413155 -0.143095974409305 0.154525966937969
0.000272754855942544 -0.0051151859740773 -0.058131636082771 -0.15014767310753
0.033357000309239 0.00466647401281923 0.275402125717607 -0.246730035469991
0.00342236059364802 0.0275059029867549 0.495200519067385 0.185412274058972
-0.0460108535982245 0.0133801067668414 0.0841382550413866 0.800166073330912
-0.0693305249099352 -0.0450225442300675 -0.675007276957937 0.611622662937441
-0.0566850779462282 -0.0418079376495788 -0.673495519325685 -0.0453694025292327
-0.0544203646290654 -0.0364973207316702 -0.0833117304283054 0.0592232495155652
-0.090814933703759 0.0163362434282388 0.645532103091493 0.0452749708777845
-0.0299065824499274 0.0493881522041343 0.58121259040063 -0.645110066226913
0.0345389910823593 0.0367503186842851 -0.251624793894625 -0.800115010967358
0.052158046228773 -0.015216351863541 -0.608591644749534 -0.113692232604387
0.00884042603741714 -0.0499161128475867 -0.283615300157272 0.28429482522401
-0.0127774200863583 -0.0197171223470124 0.0723614986865049 0.142516957546456
-0.0277694965034843 -0.0058715437308865 0.164175529648846 -0.140134661697331
-0.0356342713607965 -0.0215563418726282 -0.146685667170657 0.156801874556735
-0.0040348604220543 0.00459092523895608 -0.060157759042555 -0.142171786389163
0.0271922615828949 0.0135390779599006 0.275648671591763 -0.246491164998009
-0.00066404499904802 0.0284701513385483 0.493469874847589 0.177285759322102
-0.0441865261478115 0.00781323676468914 0.0835708726489923 0.793178247978191
-0.0643091755727565 -0.0465212551112341 -0.677598702380231 0.613219046487186
-0.0543648480395136 -0.0379947557139033 -0.684079887674225 -0.0425685986464057
-0.0535929755269192 -0.0327107930703826 -0.0944187791481988 0.0569057475657029
-0.0879134382846341 0.0187678436722672 0.634355456162305 0.0471100558643558
-0.0255868081235502 0.0473345842082024 0.578686850682036 -0.642748538809671
0.034593262159317 0.0312306532362277 -0.250527795471351 -0.804486411444422
0.0480972469922995 -0.0130498909321572 -0.609776193362281 -0.119262459976883
0.00584873403054373 -0.0401120714522814 -0.284704634823886 0.285231984514143
-0.0146508586342005 -0.0100390366353968 0.0716223578083589 0.149639021313812
-0.0282115454488456 0.000188202008775994 0.160815784655438 -0.137042627069314
-0.0346042519261418 -0.0140181163115205 -0.147976951170925 0.157182232603959
-0.00702163822364501 0.0141835699334536 -0.0638814350281609 -0.134539275168787
0.0195390907323402 0.0241566545647181 0.275801139298781 -0.24862675892079
-0.00648571237937784 0.0307041735164656 0.498214142748471 0.164215171520504
-0.0427931273559414 0.00263649886138439 0.0942271471601582 0.787126430047507
-0.0557410892153709 -0.0480390212786334 -0.670196638964714 0.623432501552604
-0.0472099910294379 -0.0333567228671233 -0.69045311634964 -0.0345420416687354
-0.0484660815117117 -0.0291860682244845 -0.104635835322907 0.0563597672195965
-0.0795722753322479 0.020284194618367 0.626457117878672 0.055348170446921
-0.0185997896314781 0.0434338756137187 0.584890668949192 -0.635856668768704
0.0338040146171074 0.0259443813637007 -0.239006862276199 -0.814760480368421
0.0434193915894769 -0.00990068445388426 -0.607833340560941 -0.132761525280702
0.00145254238266321 -0.0304140626094289 -0.285782786948065 0.286066294411452
-0.0174900383605833 -0.000764474954640132 0.0676318803426324 0.157265971300356
-0.027663141513601 0.00696871394767744 0.156113287108057 -0.135603311202492
-0.0305139472131374 -0.00578908555146368 -0.152798714170577 0.153911914517953
-0.00993112612934256 0.0216328174350684 -0.0699701110510127 -0.130756102158013
0.0113760980509342 0.0338513122165879 0.275384215507623 -0.252624307703066
-0.0142233374748677 0.0341296458731539 0.506228395806766 0.14757475232052
-0.0399058859235693 -0.00099781487296178 0.116895954428163 0.776762179333118
-0.0447413248132847 -0.0493537944445955 -0.654744507925311 0.634187816299114
-0.0364619725731698 -0.0301429701845753 -0.694959338090067 -0.021558806094414
-0.0379888199537128 -0.0255063828298149 -0.113877366993488 0.056852400725848
-0.0679195745725553 0.0210709502901786 0.620808875538325 0.065834224867083
-0.00901354516312444 0.0398027135530197 0.600657219568004 -0.621833861947101
0.0340275248717557 0.0224112737780525 -0.21910741691275 -0.825850107623455
0.0350633850714492 -0.00554152905261377 -0.602173030005503 -0.148484546426861
-0.00433925758860634 -0.0206777765083797 -0.288828910885421 0.281340772534847
-0.0189589372904577 0.00835125396827697 0.0640327296068596 0.162429901177898
-0.0250758262707884 0.0142747073744209 0.152256177223278 -0.135843727288008
-0.0259878081900003 0.00233754008286052 -0.155975507657695 0.149769631395852
-0.0113698980466044 0.0275435287644694 -0.0769571046596276 -0.128312840983725
0.00475821293170601 0.0420158749366853 0.273680549734791 -0.258179536012022
-0.0229403325371895 0.0379868916382258 0.516313463670308 0.132739762736229
-0.037049988212987 -0.00224740142837158 0.142394605911258 0.766399275187701
-0.0350109166014853 -0.052475506341548 -0.632338208705082 0.649870563181138
-0.0232695752917695 -0.0280051885379917 -0.694512210378214 -0.00601187322506499
-0.0262898353992065 -0.0222783572772146 -0.118516346303394 0.057912642193033
-0.054240148612734 0.0206509108075457 0.621152532157771 0.081910714129101
0.00124507809187192 0.0351952786154731 0.624266468681548 -0.604836190727107
0.0344279081932827 0.0188923499299757 -0.189788404482315 -0.83647076430626
0.0279268842534684 -0.00178421281549552 -0.595596041386833 -0.167881915981166
-0.0107257012020066 -0.0144608347157677 -0.291740230545629 0.278384586601291
-0.0210392609497932 0.0129521136630783 0.0593545539188295 0.165391996242581
-0.021477976176536 0.0208755644137274 0.148119078549841 -0.139843484109498
-0.02008489597839 0.00716635438480871 -0.161066425062716 0.143250151524126
-0.0110102145617424 0.0275287241386618 -0.0832772670830041 -0.130103546518537
-0.000132105661360571 0.0464508570941341 0.273145437413115 -0.265425983008293
-0.0284499217986659 0.041072078586567 0.524181904929805 0.117678785906467
-0.0348850740896251 -0.00141633894266053 0.17158497419119 0.758074404908436
-0.0257142274863879 -0.0554912107163003 -0.605419619552326 0.665708336032503
-0.0104401469124025 -0.0278615243119305 -0.688933349729738 0.00754480875067366
-0.0121487687473718 -0.0204517379660978 -0.11980984453485 0.0625806935241354
-0.040925082133687 0.0196986103874647 0.623715421065075 0.0968693626311796
0.0105107852182382 0.0325983057099798 0.648910644432835 -0.587973048323967
0.0346297496022598 0.0168619405438704 -0.161650818698055 -0.840962603864233
0.0210920777767052 0.00261270800649008 -0.585225426719217 -0.184865443689897
-0.0154668489065732 -0.0121372520993666 -0.29545226947356 0.272695966671279
-0.0225480786817026 0.0142587687554166 0.0544162532245349 0.166234755139425
-0.0173916463549577 0.0263065573598021 0.147233488801254 -0.143315735674345
-0.0131483144137451 0.00914157994384916 -0.161993510027633 0.136780208623444
-0.00940794058569908 0.0259439079978551 -0.0881622455575476 -0.133903936014582
-0.0029691293565716 0.0457867879362686 0.270632328063715 -0.269980597196508
-0.0317684420170648 0.045084539195614 0.534202602338485 0.105422376000434
-0.0333285889344706 0.0015057816698438 0.197957053202052 0.750372974205491
-0.0198961527776851 -0.0560076977215919 -0.580862184418691 0.678532977123373
-0.000728431766814936 -0.0290361803336171 -0.679586210190142 0.0224094470444953
-0.000664342563185068 -0.0193593311052699 -0.115556094256235 0.0657727780752834
-0.03002623066944 0.0178883759100871 0.630430520769086 0.111002964471082
0.0170382811203382 0.0305632583912735 0.673600531855477 -0.574142607273288
0.0358192202115684 0.0184930281557259 -0.130650435974753 -0.848391735191609
0.0166349106786077 0.00499880683750362 -0.576073463256762 -0.197611507949317
-0.0189212424442593 -0.0121016625333792 -0.299023643135367 0.267110441522723
-0.0229128264928649 0.0124335059985863 0.0502674648312897 0.162713284582945
-0.0131602168180838 0.0280704322401115 0.145243379362298 -0.150130304433174
-0.0336729237956485 -0.0335766519952283 -0.141659254701819 0.150450203150385
0.00308221668932545 -0.0128745498788819 -0.0605779272224663 -0.158744395204577
0.0354987640101304 -0.00407676555175339 0.274026653569244 -0.251230252255984
0.00507371144069509 0.0288807350658045 0.504694694098301 0.183283054687491
-0.0464368888485305 0.018658514042694 0.102854113074582 0.809611942856
-0.0713546717639283 -0.0441639686324026 -0.65793282693938 0.6234313759608
-0.0552738808691849 -0.043121730439368 -0.664876739812004 -0.036772781133839
-0.0511999981567561 -0.0386161692081674 -0.0715336139185794 0.0648616399654038
-0.0892267427082135 0.0146045914503438 0.66191427748558 0.0442376168823725
-0.0306911299730077 0.0517211951543177 0.592356629718254 -0.65113097800919
0.0358685628405557 0.0404648025259829 -0.251015138847722 -0.801125488934896
0.0541181846928874 -0.0157366676390974 -0.60870852631151 -0.108027418653604
0.00938100222501936 -0.0564499298675131 -0.283350736705639 0.285247035559108
-0.0108805310460114 -0.0275073724732827 0.0730104019249578 0.136402901335514
-0.0254863197680073 -0.00877311759670832 0.165812645771642 -0.145545813467944
-0.0362754947827342 -0.0288597710080897 -0.143654305821786 0.155770406611115
0.000368639405399994 -0.00528443753284951 -0.060287261836239 -0.150568566642157
0.0338061871527056 0.00400811221647708 0.274510749915516 -0.249934182423388
0.00377663514630684 0.0289494484873219 0.499969841174427 0.18226232873194
-0.0458698502270817 0.0130740126617676 0.0904660618516106 0.803964829045793
-0.069391018478355 -0.0446897990590281 -0.672823578174645 0.617379586756784
-0.0566482740579274 -0.0405401675628384 -0.67753293444789 -0.0422498451156252
-0.0550045584084144 -0.0364223619570203 -0.0833591831797908 0.0607293771706969
-0.0905017078690076 0.0174483088966427 0.649751908611451 0.040181481779859
-0.0295618333511272 0.0502996922081034 0.580296851549877 -0.650716118603239
0.0348192788441974 0.0363805699462233 -0.25957874923055 -0.80165702427964
0.0533067444283895 -0.0154569949957188 -0.61163991315434 -0.108964766811036
0.00762510421694102 -0.0491910687819302 -0.283384541396597 0.28792601266903
-0.0127094450278548 -0.0195919773071515 0.0736765348728491 0.143430630812724
-0.0286631645068916 -0.00570819420057487 0.164597153654025 -0.140737030776818
-0.0365645816590695 -0.0218324794220778 -0.145525988060966 0.157366560847423
-0.00262728607546192 0.00411327131298819 -0.0624807176879998 -0.141989147254613
0.0280694005602047 0.0140678474261252 0.27623511179163 -0.249784676477116
0.000221829552350963 0.02906967262325 0.498020877981663 0.174305322329425
-0.0444415571031518 0.00697327463953656 0.088843820582043 0.79705055238239
-0.0650670194020162 -0.0464335187143875 -0.675373723303105 0.61996231883542
-0.0540393885571492 -0.0374530365937837 -0.688436529559735 -0.0385958222069626
-0.0542968968047136 -0.0330181658346369 -0.0953726464932707 0.0589907516293666
-0.0874086066615819 0.019695280235302 0.636653293986576 0.0440897120501472
-0.0252186308951904 0.047846879963984 0.577038704915653 -0.649874913715705
0.034553201513607 0.0314265713605158 -0.25807274382823 -0.806741112520782
0.0488942568173873 -0.0138778484409328 -0.61305358974813 -0.116114000584956
0.00538232502241285 -0.0406128709773842 -0.282738565136408 0.288584974069777
-0.0153833471400672 -0.00982778129328058 0.0728254584990595 0.151102981096148
-0.0285580050904153 0.000758582652542571 0.161836439245778 -0.137202187130575
-0.034839529663551 -0.0134693865130428 -0.148181636757783 0.158100877123817
-0.00699492743303325 0.0145667986339856 -0.0660664414005715 -0.136096835381653
0.0203496993099138 0.0243986971146517 0.276666584217285 -0.251954009216635
-0.00773486905061139 0.0318882558860141 0.502242901522142 0.161703753177087
-0.0421018758151005 0.00299929563442592 0.0997349944256777 0.790726922646229
-0.0553446791123063 -0.0482052120538249 -0.671612947855298 0.628354318170416
-0.0473491634657302 -0.0326764306753955 -0.695552397452291 -0.0301428857586353
-0.0483675903759518 -0.0294610839136125 -0.105956360686297 0.0580984573928311
-0.0794578539373709 0.0208081406725314 0.629665249696918 0.0517550421756362
-0.0184299286819763 0.0442747556280699 0.584827711352292 -0.641385482016014
0.0339572600473796 0.026504888109567 -0.245366998324657 -0.816845493003806
0.0426493040870388 -0.010433238449615 -0.612556650735066 -0.127800496748595
0.000554185085242939 -0.0302340794977629 -0.284832808677453 0.289019722141361
-0.0172726634846598 5.80106405626796E-05 0.0689685817980732 0.15765764468681
-0.0275793112151669 0.00700831314728404 0.156749874650783 -0.136407014687704
-0.0309246867802068 -0.00602912698825984 -0.153179190942726 0.154821928320477
-0.00931166349587376 0.0216512061904064 -0.0721419549351297 -0.131422197418339
0.0118317887557844 0.0336368386301327 0.275248712870746 -0.255757625568354
-0.0141413450715314 0.0344742939643201 0.511364366829452 0.144922826048623
-0.0404151561268323 -0.000512875949875531 0.122766073509824 0.782097210710237
-0.0458170183255775 -0.0503043486129539 -0.654915794510283 0.640919868981763
-0.0363668282227798 -0.0296962117190293 -0.701303750222972 -0.0183328922024954
-0.038651041116917 -0.0250127834401824 -0.114738147757945 0.0578769025931564
-0.0677180509948487 0.0217541460870748 0.623893761833312 0.0630129798293517
-0.00896318618628425 0.0396999452976605 0.600518069641959 -0.628189167656864
0.0335812830382403 0.0221836666390323 -0.226569367388742 -0.826098161695876
0.0353257668002588 -0.0058728753882534 -0.607675857407118 -0.144831644364724
-0.00518565048957918 -0.02145457775059 -0.287743411537495 0.286196121166043
-0.019575648260041 0.00836710885243377 0.0658256904018654 0.163178583065292
-0.0255394241131707 0.0138976419756205 0.152569199318514 -0.135997578619193
-0.0256445741546731 0.00162008488462657 -0.156491019606643 0.151007918154984
-0.0106590317017926 0.0270032522418779 -0.0785193745282134 -0.129049558215902
0.00486707191396687 0.041968827199016 0.273444665850333 -0.261143405691939
-0.0220793786402382 0.0390959368679634 0.520034698087186 0.129396936814738
-0.0372640248495244 -0.00265531751559469 0.147518993978029 0.772183632160847
-0.0349503278166028 -0.0533367566784788 -0.63312033828909 0.659433403313774
-0.0222960948562195 -0.0282259180844809 -0.699679240564099 -0.00323517660210019
-0.0255918737120882 -0.0218038992988104 -0.119585597520348 0.0603683735354667
-0.0543401876723641 0.0212245448586833 0.623353560638627 0.077920690335743
0.000374839493910123 0.0354492969522662 0.622488254302286 -0.612321166978861
0.0338789535861099 0.0180726332694458 -0.197048732342124 -0.835405926923344
0.0276111575536725 -0.00267633920969839 -0.599357672850321 -0.163696375251905
-0.0108428246045896 -0.0147658808262025 -0.291092917247353 0.281522523712573
-0.0216069186219749 0.0135409906522419 0.0606321920451779 0.166652405705601
-0.0210292510493541 0.0207947179914086 0.149233118074529 -0.139722525118174
-0.0206959481017547 0.00710246875164535 -0.1606171029857 0.14433294174574
-0.010173262283382 0.0296815339032645 -0.0852649949033796 -0.130941541857639
-0.000309987230922886 0.0458630514017025 0.272108198720583 -0.267739560981551
-0.0286020222991396 0.0433110384950324 0.529584187098134 0.114932591671745
-0.0360218690622549 -0.00269671703756549 0.178458546934049 0.761861412794697
-0.0257037269152142 -0.0554685831113604 -0.605217083493079 0.670599418655411
-0.0100585111456605 -0.0271277646400356 -0.692131999792495 0.012205082584573
-0.0117232246844618 -0.019630402377318 -0.118986856264091 0.0636046940810099
-0.0406241440934652 0.0204252917401578 0.626892184287318 0.0937645684664754
0.0104506471679881 0.0321220707040076 0.64707342505109 -0.593508362224867
0.0348073113550602 0.0161246683751553 -0.168793544047068 -0.843299058719933
0.0209441537379864 0.00175543670953442 -0.589657102908403 -0.179562708790073
-0.0159830293765519 -0.0109817819807157 -0.294060651851242 0.276884496087751
-0.0227496275066899 0.0150521704947574 0.0554646850385115 0.167503847032102
-0.0170330602698557 0.0257430300774034 0.147109575164122 -0.144160970156333
-0.014292258057013 0.00892623926430499 -0.162346154214529 0.137966072412793
-0.0093212942682294 0.0260637329449785 -0.0908230581649817 -0.133201993709812
-0.00266693430293455 0.0455319935431524 0.270428422122245 -0.274171374356782
-0.0322211741017835 0.0461759329381068 0.538229766279979 0.101227569606099
-0.0334168825938638 0.00110377033425162 0.204971032268295 0.755647184336028
-0.021227810224193 -0.0569684465756173 -0.57737290886689 0.684953026926636
-0.000106495741445412 -0.027718911857994 -0.681925616957803 0.0272885267941786
-0.00109544394895809 -0.018747634004273 -0.114904775443874 0.0667246672212966
-0.0303706630401627 0.0184320550896816 0.633674361846512 0.108386630776999
0.0171738782212781 0.0304095807022792 0.674614975924981 -0.578487042150902
0.0361967311658474 0.017842205088597 -0.137474910937317 -0.850881401218942
0.016451035919268 0.00442543600279537 -0.580978522931322 -0.193359116764713
-0.0197492423878178 -0.0112911586621209 -0.29947031995672 0.270305285693896
-0.0235401240110714 0.0139403948281915 0.0518748734993506 0.16461366721427
-0.0129938638045055 0.028490590296262 0.145282290549049 -0.150596077204456
-0.0358849222405608 -0.0324647986762157 -0.141281582618926 0.151693602942979
0.00404340867164649 -0.0129082665318178 -0.0629532815204812 -0.159434234014241
0.0360182779387819 -0.00455911822000956 0.272703809794488 -0.255020721731673
0.00554608681980527 0.0299835232813947 0.51013081886455 0.179428760228633
-0.04593883867588 0.0188469634311253 0.111885138202552 0.813673289942484
-0.0715768225536633 -0.0432594645587622 -0.65838579464066 0.629619374522946
-0.0549679272747593 -0.0422890153611061 -0.66903398614192 -0.0332663610319998
-0.0514874536872772 -0.0381150437179598 -0.0712073980146462 0.0660910889066705
-0.0899359160997536 0.0161140163882731 0.666161156770499 0.0385249750234476
-0.030524570542603 0.0517115206400533 0.591629102365954 -0.65869935223263
0.0367111207583237 0.0403508253386983 -0.258636817471507 -0.801065245950378
0.0544333051566299 -0.0164634914978971 -0.614196696417587 -0.105510117141024
0.00817864147400338 -0.0573438835267816 -0.284537598573967 0.290468933897533
-0.0113353329090296 -0.0282679280933582 0.0735424219273967 0.138104377739116
-0.025948126444285 -0.00943427547508977 0.166253098575118 -0.146487997457035
-0.0362331224416385 -0.0287746219614671 -0.143466704380762 0.156848651815808
0.000733411060196377 -0.00483439375192616 -0.061680208079653 -0.151437984682022
0.0342713576731965 0.00489124486579635 0.275362215904535 -0.254072720405654
0.00355325905597623 0.0286684116602174 0.504382435269303 0.180902408072838
-0.0465296077047664 0.0130939349629276 0.097489190001371 0.811207510255481
-0.070036236758716 -0.0451964656557512 -0.67293886618764 0.626718373810927
-0.0574867115920702 -0.0401117132161196 -0.682502099758708 -0.0374489616910033
-0.0551940957460887 -0.0364074198114112 -0.082543166501654 0.0621443509758065
-0.090594266935014 0.0180192972154178 0.652110249458234 0.0370464851988367
-0.0295790679270133 0.0513363995060241 0.580403164729836 -0.657490497341546
0.0356781346797114 0.0361859078851899 -0.26756394753905 -0.801605541970515
0.0534858208314146 -0.0160357188495551 -0.616208629404909 -0.106163330475827
0.0072620005630626 -0.0495544403842304 -0.283025536076776 0.292292608944694
-0.0132383855873277 -0.0196357877747716 0.0749448802278563 0.145316349740565
-0.028224424607875 -0.0056609009785553 0.164642081587747 -0.141422125712349
-0.0370401833807472 -0.0219283043105864 -0.145525141816202 0.158929239018359
-0.00351582325194441 0.00442879936762227 -0.0638292601690653 -0.142399420890608
0.028605252926877 0.0138146412370576 0.276422757563572 -0.253219171009058
0.000409963914015207 0.0302990798338452 0.502778135538566 0.170782722638547
-0.0445787957114213 0.00737163813657498 0.0983551055844517 0.802324366142277
-0.0651618329227358 -0.0465770794020055 -0.675930855055521 0.628469239152877
-0.0546564987844051 -0.0360760631123998 -0.691188407188964 -0.0346367732298166
-0.0545110405689813 -0.0330126919639255 -0.0953008419991182 0.0600001067042715
-0.0878350940830768 0.0209517545433776 0.642875641126987 0.0408699102334449
-0.0254936748461477 0.0487363000520527 0.576141157253539 -0.656214127537967
0.03501466257324 0.0309548478218943 -0.265236543110776 -0.808902240951211
0.0493442219701884 -0.0142185206354567 -0.617923951169546 -0.111087663376048
0.00401932714414486 -0.0405892266009346 -0.284131098047795 0.292406897977789
-0.0153486622187237 -0.00947486112458594 0.0739268194331798 0.152141712454555
-0.0290958995614075 5.6070312401733E-05 0.161906189819018 -0.138180771697119
-0.0353475792538542 -0.0138564046288883 -0.148809974875774 0.159030574119017
-0.00582759364504554 0.0140808386032867 -0.0681100893423612 -0.13536261116512
0.020028023362613 0.0239626879479028 0.275113816366251 -0.254972775748165
-0.00608672902989368 0.0330409336767736 0.508084585799003 0.159515660044193
-0.0418956172811878 0.00282659103882476 0.107592533380283 0.793377521332019
-0.056265091876466 -0.0476968376033869 -0.670986573446312 0.636432944516702
-0.0469246043942587 -0.0324541246782373 -0.700195762864427 -0.0276964431331884
-0.0492625374528466 -0.0285635592957587 -0.106628046272877 0.0595968777494834
-0.0792364473126165 0.0227802400290227 0.633453075327598 0.0483466892438819
-0.0181384755237273 0.0442711796908466 0.583020560165862 -0.647919970081713
0.0348752122662687 0.0262363493725137 -0.254440277025367 -0.817840058433599
0.0433729733021186 -0.0116126743906151 -0.617582973081097 -0.123669594676271
-9.08691287172833E-05 -0.0303443334932985 -0.285106981337615 0.292648317451392
-0.0176595496768567 -0.000346343999071602 0.0713755043903133 0.158906251110914
-0.0275718694179667 0.00714003907578695 0.156564512279923 -0.137005927890713
-0.031357394875966 -0.0056019584449077 -0.152915975243629 0.156102174775907
-0.00793246695218619 0.0223007103133644 -0.0738821711377805 -0.131498674535339
0.0125573978080123 0.0340103420176379 0.275307115248953 -0.258572737982021
-0.0138472701214895 0.0363934543678042 0.515577992330926 0.141969588430797
-0.0399941348630152 -0.000977667736348921 0.130849893571343 0.78493608281332
-0.0451714962619162 -0.049927964937405 -0.653528967489661 0.64887651204519
-0.0358870499574701 -0.029011336224841 -0.702484881843704 -0.01380024548843
-0.0389725536460771 -0.0249453934758289 -0.114838727557367 0.0598336264564809
-0.0681185782123155 0.0222826492753372 0.628505952359922 0.0605299530457704
-0.0093258578548623 0.0406847581151912 0.598480230059551 -0.633877302478979
0.0347587691529042 0.0218287124366356 -0.234592230576777 -0.827539943302312
0.0364139603079166 -0.0069089542623812 -0.613303676470703 -0.141591753691105
-0.00578481763588791 -0.0209858979465305 -0.287444595057597 0.290085418978146
-0.0198552042523444 0.00813642156099397 0.0668640212616363 0.164773915896889
-0.0249651586883004 0.0140583104805907 0.152918403443565 -0.136548232885245
-0.0265309703550143 0.00171988738507456 -0.156270556422928 0.151728267112997
-0.0101737207789062 0.0279789435574882 -0.0813656664087099 -0.129371634621672
0.0054969741870366 0.0417900868492472 0.273286226835814 -0.263858239353596
-0.0218078665165887 0.0393843922469083 0.524485354263646 0.127991431449248
-0.0385194100444555 -0.00228500016166353 0.155365883149975 0.775143878676413
-0.0354336725718228 -0.0531751693525903 -0.632084847611107 0.665033164948886
-0.0233013432463016 -0.0265922095608461 -0.703069300120828 0.0014050128936207
-0.0258533993366243 -0.020705508327465 -0.119057057057361 0.0625304874702754
-0.0539952998745736 0.0225833674700541 0.629117873120991 0.0752660677966977
0.00108347265601998 0.0357494135894455 0.621623929721844 -0.619480385346429
0.0349274489541066 0.0177441678865053 -0.204943052632216 -0.84004642405585
0.0289475900843948 -0.00192632001732951 -0.604982613375507 -0.159744720040925
-0.0118871093451636 -0.0144492122079995 -0.290962155253867 0.285332915831915
-0.021356047205321 0.0134877382835677 0.0619381231972202 0.167633215814358
-0.0213136569344767 0.0209003291116163 0.148975481114025 -0.141012226155523
-0.0206274333943216 0.00773257995202099 -0.160030727155271 0.144514333280104
-0.0093077549209134 0.0291821049935513 -0.0879200755948993 -0.130949854010038
0.000273094297193615 0.0461524800575575 0.27282842715833 -0.269809956725488
-0.027723008840713 0.0434506444661021 0.533251780294304 0.109658627425339
-0.035670226161858 -0.0026049807015866 0.183790265894547 0.765254331073968
-0.0264789582220653 -0.0554623304523112 -0.603201765061866 0.678101402494703
-0.00991048997799476 -0.0269286998564035 -0.69636984795272 0.0164423708549509
-0.0116147733220554 -0.0192980055501719 -0.120026618781952 0.0643848241442037
-0.0414075542237265 0.021116391400563 0.632089663757678 0.0901829418359144
0.0097032670415131 0.0324909441593995 0.649023564251131 -0.600023039090698
0.0348512170532658 0.0163778321150516 -0.175905469010953 -0.846834299365356
0.0217224341646396 0.0014290112563769 -0.595905106178958 -0.178799615307915
-0.016563760533669 -0.0112628563658646 -0.295075755407736 0.280983892934675
-0.0225348253147297 0.0150156208332292 0.0564550670994066 0.168742682156665
-0.0168557252746931 0.0256735969550905 0.14707365046005 -0.14376412861041
-0.0145426238552635 0.00916140729180713 -0.161813240502636 0.139025622633257
-0.00747691185097793 0.0269433010274509 -0.0936638906283698 -0.135152954294783
-0.00195929185609818 0.0458126209079441 0.270222009578747 -0.276630013442178
-0.0309352438779831 0.0464714829212722 0.541192142381651 0.0977585504784284
-0.0343549934363953 -0.000117728160465024 0.212394884287811 0.760307968369686
-0.0206079759372786 -0.0573947640006596 -0.577625712090119 0.691908554061926
0.000465963576010813 -0.0273369801602891 -0.686174996078312 0.0312740436607518
-0.00125820059149214 -0.0190228181041721 -0.115946201332119 0.0688197627864274
-0.0297562369002388 0.0194935225967296 0.640057495213173 0.103745424758488
0.0171530317136675 0.0305392194802595 0.672672014169182 -0.585310479123627
0.035634341591473 0.018673570695033 -0.145679783678724 -0.852791979559132
0.0169089742858835 0.00422475872316454 -0.586563921909721 -0.189435802788146
-0.0208785755228214 -0.0117651069056631 -0.299272064053227 0.274862030213894
-0.0224297953514295 0.0134794774375228 0.0525118779214887 0.165809692718642
-0.0129092039920603 0.0285229104071685 0.145699479791189 -0.151513844901157
-0.0358052642579071 -0.0332727107897869 -0.140098857447146 0.153109498508958
0.00408499351093801 -0.0128239064188655 -0.0659024889724096 -0.159514326992779
0.0366424697258836 -0.00398654243820331 0.272750456400561 -0.25905228887977
0.00640045720951869 0.0312043594358643 0.514274640934366 0.175423990505166
-0.046632766458162 0.0192226946264803 0.118965726049702 0.819740239549967
-0.0717789536336503 -0.0437248660338625 -0.657151266742857 0.639893326211247
-0.05584893112895 -0.0415013289035316 -0.672149704264795 -0.0269815814356788
-0.0517391583962055 -0.0382307070103884 -0.0713770804329391 0.0669976356837526
-0.0888999757139173 0.017848420325342 0.667834558490656 0.0347810580159923
-0.0306418828482718 0.0523025057816403 0.589035144199677 -0.667164993418964
0.0370893677277484 0.040118595310632 -0.2685717050562 -0.803906201142514
0.0555057707118232 -0.0170692803512049 -0.618340850052687 -0.0989237954452256
0.00713015797833136 -0.0574836429341556 -0.282845909135348 0.293994843652147
-0.01169106526062 -0.0280623657000027 0.0750702438050563 0.138927984769369
-0.0254638784246373 -0.00852043457420189 0.166282675138924 -0.147538098820409
-0.0378074436313274 -0.028436454590498 -0.143073851360835 0.158190305334547
0.000415783262426564 -0.00514843626356581 -0.064787547939371 -0.150494042124362
0.0344094346678116 0.00387629057244041 0.27435975782444 -0.255988690371104
0.00495242678134866 0.0305336234369098 0.509096007468293 0.176664675802462
-0.0453392347651383 0.0132069863907229 0.104849957970155 0.813515811657545
-0.0700224552951012 -0.0445147362566018 -0.67128785491881 0.633755936788646
-0.0574455671548161 -0.0384683840635483 -0.685348697098113 -0.034097994545605
-0.0550534881714408 -0.0352720970460153 -0.0835915611439145 0.0636927901467492
-0.0898537504830762 0.0199699618205596 0.656549252072451 0.0324386540208902
-0.0291537336473843 0.0518545356672562 0.576796417328445 -0.665223165992642
0.0361446790556919 0.0355699053846322 -0.276775730074865 -0.803724859585641
0.0536052316119914 -0.0163143146738304 -0.621793485599912 -0.100011486208018
0.00623299230507714 -0.0498799623785382 -0.280697706232493 0.296734590920066
-0.0144830380233828 -0.0199772687525336 0.0766355240137313 0.145865462765545
-0.0283001312014342 -0.00542534585247548 0.164996598659431 -0.142839242734283
-0.0376528139018198 -0.0219252418758896 -0.14488071608121 0.160534561464011
-0.00181266558687783 0.00521188670019124 -0.0674463487733617 -0.142993648354561
0.0280366200733719 0.0138606455611096 0.275557598489149 -0.256107121462433
0.00045947719634477 0.0311672183874421 0.508549706409571 0.167460772533648
-0.0447375679750246 0.00752351304269673 0.105331562462377 0.807272802329451
-0.0651628438652689 -0.0463405909947534 -0.673946031267207 0.636410447554068
-0.0543647071255486 -0.0352916157139113 -0.69615653354674 -0.0297707168007292
-0.0545865732051871 -0.0318505876704053 -0.0956047219878107 0.0612656664547665
-0.0868723875434162 0.0218901702541544 0.644719600538301 0.0356036559513996
-0.0251121477200547 0.0484064858543184 0.572342554795913 -0.66441839602017
0.0357832065224031 0.0305438061167687 -0.275921833540952 -0.80947147840735
0.049720417074015 -0.014743594550139 -0.622974177492435 -0.106795380586224
0.00306673185751688 -0.0399337553186583 -0.281015174545772 0.298451279997925
-0.0164468111349912 -0.010205203627709 0.0756006143039846 0.153074919144157
-0.0284768013998791 0.000155020491859484 0.161328593796154 -0.139320419906559
-0.0356983317565995 -0.0133598165395374 -0.147744378067066 0.160792612021805
-0.00549934270480567 0.0140565943503136 -0.0708521937005701 -0.135841415244377
0.0212564934427266 0.0240747071115619 0.27509482703244 -0.25769819300934
-0.00609149922828949 0.0327356981803988 0.511924615833766 0.155934468012925
-0.0426983029188573 0.00221433847565661 0.116015683181788 0.800033460304932
-0.0566497294602256 -0.0489074650535111 -0.670126794865884 0.64522637377547
-0.0473981995078015 -0.0310770639396538 -0.703487759624667 -0.0220405250072134
-0.0487344863254361 -0.0275813045819664 -0.105689100545609 0.0604490839763693
-0.0793607883332789 0.023454267862758 0.636816468140898 0.0421773951124434
-0.0175243204018973 0.045190804069332 0.579758279813866 -0.656132530241241
0.0351433267960605 0.0253925387770901 -0.264251249473495 -0.819897500463184
0.0436308203790113 -0.0113623472316725 -0.62236269982044 -0.118412296616704
-0.00116561602058922 -0.0304717176191729 -0.284154718289196 0.298271636456504
-0.0185464962728574 0.000236562919754329 0.0724661995110784 0.160113296479186
-0.0278534067828419 0.00693773714520502 0.156618255404745 -0.138132927867951
-0.0322779872329812 -0.00560773817339946 -0.152272033146226 0.157661986304224
-0.00773729067818415 0.0219227238461098 -0.0773220923378199 -0.131861105802762
0.0125097271032706 0.0343554658636699 0.275302472863118 -0.262204487097288
-0.0133863085035717 0.036227829417213 0.519537583100038 0.139455636453094
-0.0408986843731148 -0.00114440840609924 0.138342320346337 0.790343771537577
-0.0463032373040897 -0.0506283573354085 -0.653486426410784 0.657199504075157
-0.0360426413139932 -0.028165734494024 -0.708343454580904 -0.00802811060754451
-0.0393156177855333 -0.0249577259614231 -0.114455275176995 0.0615446953389515
-0.0678385071132267 0.0235332575787917 0.63294710475254 0.0534497234319615
-0.0086525775843727 0.0410767290694889 0.596077182277947 -0.641380641767182
0.0342931936380138 0.0209179011239186 -0.242963011745203 -0.828538344381198
0.0365196372450336 -0.00726608102560123 -0.618655684529375 -0.135538017981913
-0.0064004557709537 -0.0209525750098661 -0.285649260710291 0.294725643431062
-0.0200727599162209 0.00817997953899899 0.0689637894419342 0.166209933904228
-0.0252267634049397 0.0143840192723151 0.152250725711276 -0.13768074675273
-0.0265666901885869 0.00238726595941733 -0.155951624394867 0.153214370554339
-0.0089775612687155 0.0280410323590408 -0.083393351519812 -0.12889926399222
0.00619023590973312 0.041810987614871 0.273202830452931 -0.267522327194993
-0.0218039651795252 0.0408296911253763 0.527345575065644 0.123338489653903
-0.0384396762042393 -0.00260060261479658 0.164837266162924 0.778652257115156
-0.0354571812954506 -0.0535060870233458 -0.631160548258173 0.673702057087777
-0.0229882400594903 -0.026688751961685 -0.707012779872818 0.00828132470201744
-0.0260860513156211 -0.021041140572876 -0.12029726325937 0.0639542860112586
-0.0542070160841895 0.0230894765318563 0.632914307403555 0.0705537674982775
0.00191764114634915 0.0362503678402275 0.618896118970976 -0.626274849849186
0.034822364093951 0.0176054323207818 -0.214198174187973 -0.840781983727005
0.0287202498987957 -0.00242370890441253 -0.610044995107192 -0.155668600416935
-0.0128081671759817 -0.0135390587029975 -0.289236092632138 0.290932754916286
-0.0220008915430017 0.0144556465610184 0.0635278940935617 0.168859452345135
-0.0210893516988108 0.0212732193742271 0.148879238851166 -0.141408883789056
-0.0209763714787905 0.00697285239731676 -0.16097275138425 0.1465347911419
-0.0083014236339024 0.0289756548515719 -0.0907018812193239 -0.131456369268666
0.00063871949851935 0.0463647393992154 0.270834448888165 -0.274183970434111
-0.0270848665708181 0.0448619315005789 0.537148464488901 0.108079245246653
-0.0364564984363573 -0.00256284330507295 0.192489511353041 0.771330499997654
-0.0271063884389524 -0.0562930637523853 -0.601375564359866 0.688400454862147
-0.0100304546723584 -0.0258743948087871 -0.700311709749796 0.0217371599911727
-0.0129715995060926 -0.0193700186722071 -0.118735221217738 0.0677185138018312
-0.0405058741661036 0.0218685472201273 0.637746060255247 0.0847875421804612
0.0111141545137979 0.0332219465258057 0.644653466152051 -0.608110018597052
0.0359527066432894 0.0158341839072052 -0.184323440127235 -0.84928444479306
0.0220373759724447 0.000900696194810837 -0.601496469380203 -0.17321814205978
-0.0177670353884893 -0.0103033971909654 -0.293667210908812 0.284541839624859
-0.0222690679196892 0.0157651785464035 0.0586681705544897 0.170457492970566
-0.0169859299408848 0.0261433142759042 0.146844794165784 -0.144462043034194
-0.0147069720444864 0.00950751822930904 -0.16126139040114 0.140420483192405
-0.00739620353987968 0.0274362479375412 -0.0947813250602471 -0.134350417726328
-0.000628369652087672 0.0463045432608426 0.268441498565619 -0.280303637088364
-0.0315538233090742 0.0480689431782646 0.545974067977189 0.0949682213569687
-0.034329314097526 0.000207427128542177 0.221697685614191 0.761386306506112
-0.0206756816248529 -0.0579436169514334 -0.575157140032207 0.700463007008546
0.000327166840186588 -0.0265496569940542 -0.689524957857432 0.0358122337578667
-0.000433513508517153 -0.0192774875269903 -0.115456060653566 0.0706151534168159
-0.0300901858803855 0.0199354800084967 0.643781705424403 0.098394215839364
0.0172453417080953 0.0305920810363142 0.670073742989868 -0.593139356060183
0.0362972759587292 0.0172313787940745 -0.154459747600094 -0.855609610526736
0.018083840727645 0.00474188699843245 -0.591779783213786 -0.185483126617726
-0.0217537151778459 -0.0118570108460548 -0.297541721269667 0.28019077276096
-0.0224553077042195 0.0135027991803939 0.0533158961545432 0.166363423851883
-0.0128375041244063 0.0281984258860961 0.144583097356779 -0.152240253332954
-0.0365966702443103 -0.0324810842864466 -0.139950121751106 0.154598158166864
0.00447253080516955 -0.0137328564745703 -0.0695857734292708 -0.159301757474462
0.0370591560538271 -0.00420463957813905 0.271922817285583 -0.263339837902655
0.0068102066179037 0.0315090406280661 0.520878180096298 0.171146401314972
-0.0468277106465387 0.0192574276757718 0.128811979927863 0.822909805198211
-0.0724151586452645 -0.0435057542381418 -0.653638640077446 0.648015852710972
-0.0553919156084531 -0.040229590231044 -0.675208269109223 -0.0221795825269413
-0.0520049763700802 -0.0371068449930343 -0.0711881394265022 0.0692974114530223
-0.0885744928656794 0.0178320282563953 0.673187491362489 0.0259933818535139
-0.0314966343709345 0.0532305744222641 0.583252356540759 -0.674552122531204
0.0378773136932319 0.0398707307603245 -0.277785183472566 -0.804314523177081
0.0546826677315681 -0.017820018845068 -0.622861010331332 -0.0914817202674667
0.00603947225322432 -0.057738117546673 -0.279551111788927 0.299146158642444
-0.0125759301505201 -0.0280396966486389 0.0778179279776716 0.140462697766563
-0.02690467803023 -0.00900876845599192 0.166000435356185 -0.149623159916451
-0.0389572732052306 -0.0272237449142213 -0.141039584229277 0.159273596178666
0.00198377759838909 -0.00482864501832644 -0.0678555041265617 -0.150350171493297
0.0339270269103811 0.00364725071829032 0.273398330609926 -0.260665716735419
0.00482341694149408 0.0308374605554282 0.514484324877262 0.171429928412156
-0.0466575117985519 0.0139253897949454 0.11640023715357 0.817273991208935
-0.0710289611459868 -0.0446779137164169 -0.668750628802618 0.64380824736228
-0.0573931270903259 -0.0376312043028349 -0.689727974666899 -0.0267111030783293
-0.0559699623852024 -0.0352238114718157 -0.0835694397749612 0.0663670566950831
-0.0909698497512631 0.0205728466453912 0.659784566150325 0.0258652340700159
-0.0291902657477274 0.0528514540663145 0.573486758610306 -0.674331212630218
0.0368274477263477 0.0354493052541422 -0.286214693992521 -0.803114330284018
0.0532544485426645 -0.0170431859367501 -0.626453781979265 -0.0927345652227352
0.0053362941219618 -0.049351413129963 -0.278725596353548 0.302042428917207
-0.0149725546257952 -0.0192235602874116 0.0785484956874383 0.14728878117808
-0.0289876489584281 -0.00520470303268909 0.16480857387043 -0.144124406859109
-0.0389565693702253 -0.020947748369918 -0.143899968569602 0.16198706635532
-0.00162245396677285 0.00439215663834689 -0.0700929742651856 -0.143112951543037
0.0289649309273825 0.0123614732882413 0.273884607478823 -0.260062855777825
0.00168213512525911 0.0315012103957781 0.513184390441539 0.163802726863994
-0.0452188242184953 0.00792296749134289 0.114729435149972 0.809847886359666
-0.0654814535280695 -0.0468619914946485 -0.673800934883147 0.647622276269824
-0.0546602318636555 -0.034523133923875 -0.700530549392823 -0.0234953552464835
-0.055105657145229 -0.0312649821987854 -0.0944946448222701 0.0637824760633388
-0.0868233134718979 0.0230799145494283 0.648409212876314 0.0289754553744378
-0.0248946549580427 0.0497728653847482 0.568156616515465 -0.671859406649934
0.0358712912489795 0.0304115932122646 -0.286025279320494 -0.809944607733112
0.0506758386052922 -0.0154910153701696 -0.627299816146199 -0.0998620771848921
0.0022842349136715 -0.0402710151863743 -0.279203456290494 0.303596409407186
-0.0168966011489908 -0.0105405929524066 0.0778363925739318 0.15387917858114
-0.0292910610752426 -3.28214918872138E-05 0.161225773494455 -0.14023131779172
-0.0360850071843178 -0.0133253220451365 -0.146839364591689 0.162142945242558
-0.00496328882400275 0.0148865538364134 -0.0738546031112379 -0.135997170582046
0.0206201799419915 0.0238106781038917 0.274512408200546 -0.262023547995651
-0.00510966294077632 0.0343477985330643 0.518086879846337 0.151614424842059
-0.0431582664109849 0.00231856865852463 0.12611608515339 0.804855825516581
-0.0568299824253805 -0.0476608074271364 -0.66654118693322 0.655052709321275
-0.0474578845734199 -0.0299938619095672 -0.707225792813631 -0.0156228927285313
-0.0496661621782712 -0.0278805310769104 -0.105637518444843 0.063038615362841
-0.0790847061652643 0.0241945444515599 0.641192024227722 0.0354765146000736
-0.0177974402785558 0.0456657174695964 0.57530975788161 -0.664720926100876
0.0349632507902217 0.0249586618611995 -0.272814897501781 -0.819760846482601
0.0440427266054451 -0.0111474492974914 -0.626302017110735 -0.112230535357933
-0.00227071464758152 -0.0294483700283091 -0.280693760816795 0.303023842319746
-0.0181501790397342 0.000408814181150767 0.0748603590965402 0.161123361792345
-0.0281836469706618 0.00752191558058437 0.156010809543992 -0.139004574164804
-0.0324851689651392 -0.00463730973318047 -0.151216316789766 0.159009986737963
-0.00720625732691192 0.0230072414605033 -0.0795424477763183 -0.130132856501311
0.0134025557344144 0.0334485789882497 0.273802147069407 -0.265676846568635
-0.0130186873550275 0.0375533874414941 0.525113625319032 0.134307554364921
-0.0409697680326213 -0.0014775407812652 0.147610020662056 0.794283150777296
-0.0465483383807413 -0.0510549984183269 -0.649219584367714 0.666726189683778
-0.0355926398844491 -0.0279540459697697 -0.712203158779719 -0.00133479945045324
-0.0390296287995634 -0.0234741803023592 -0.113859510800158 0.0632522467040873
-0.0670205676196987 0.0248332675326371 0.636005455943703 0.0469392622793269
-0.00853924083185763 0.0406084715263166 0.591854651968285 -0.649550701701251
0.0349868065620807 0.0211469855540818 -0.254918356033771 -0.831350019103872
0.0366824033772004 -0.00748842403144776 -0.621645826602541 -0.130768048000953
-0.00751744452333233 -0.020777177204976 -0.284232751363119 0.300441879792008
-0.0206040727789741 0.00821648635658244 0.0702544369462716 0.167116072430322
-0.0252184321042575 0.0144252580057898 0.15215429778635 -0.138836682058244
-0.0271833962075667 0.00265488115786161 -0.154458310303925 0.155023170051531
-0.00803388463104593 0.0281551659899292 -0.0855926760186551 -0.128765464736669
0.00596506310856115 0.0413966964058723 0.271842003143277 -0.270310261397359
-0.0208494170538572 0.0415780211179032 0.533709114859125 0.11793252672315
-0.0384031616493706 -0.00320859331537303 0.173431730529787 0.782717067347293
-0.0355116969708652 -0.0536596785845636 -0.626697921013541 0.682852577332123
-0.0227317979960963 -0.0250423286137537 -0.709935971565077 0.0132344034526219
-0.0257003677666667 -0.0213803016936449 -0.119485457270263 0.0657508789201393
-0.05406686781878 0.0238971034970774 0.637527124372365 0.0632824995608244
0.00210523649207806 0.0363558555052681 0.614992978500639 -0.634134443369075
0.03550640767827 0.0174100755932614 -0.224163247909908 -0.842518758726095
0.0297973555682492 -0.00313161672525797 -0.614859370037353 -0.14923078188565
-0.0134800003558501 -0.0127974919632583 -0.287059628673367 0.294767739803032
-0.0219422373729877 0.0147267032235036 0.0662118301340997 0.1706869194021
-0.0211357210176753 0.0208014117294265 0.147974986951355 -0.142576214962597
-0.020927487630312 0.00735379513650277 -0.159544202226549 0.147645841288081
-0.00719682742205343 0.0295569129046913 -0.0925863704931955 -0.130884559298648
0.000612959372998739 0.0461514476007377 0.270115359151858 -0.27739685014962
-0.0268068401215685 0.0453687617023233 0.540540649652994 0.100927367256407
-0.0364477746202393 -0.00353348995027227 0.201326654297727 0.773381261299235
-0.0275653043655633 -0.055930464720964 -0.597380575885507 0.696047813366694
-0.00936948436610088 -0.0254583596318272 -0.703452294103263 0.0279040931730597
-0.012522223839737 -0.0189591621008483 -0.118924887154824 0.0696831998876589
-0.0404107604769882 0.023267013401633 0.641294859167186 0.0791907982807267
0.0102476865295439 0.0321450859126162 0.641275466571492 -0.616941880910346
0.0364380696984691 0.0160513823834336 -0.19479875522717 -0.851150866233966
0.0226310729198269 0.00092381034192179 -0.605422654995671 -0.167957432146038
-0.0185708458533942 -0.00982198612990803 -0.291836789776231 0.29136189534903
-0.0227502983866359 0.0157359698395002 0.060595364604686 0.171155901419173
-0.0165724679199227 0.0259243238634636 0.146257486647241 -0.145525535755947
-0.0153999654040369 0.00961584957409553 -0.161386219910297 0.141538045587069
-0.00490997430215341 0.027938924088214 -0.0989929970602415 -0.134161537480296
-0.00156616382808296 0.0467421116454103 0.267069661771938 -0.284099250180664
-0.0308640821913704 0.0485147663150716 0.550710035826695 0.089417507126512
-0.0345097341899073 -0.000146527998734455 0.230690142867157 0.764797688548967
-0.0212906942414225 -0.058116913814242 -0.570243323883503 0.711086259358854
0.000324672144205649 -0.0265307568194634 -0.693178365065988 0.0424659059952465
-0.000132495271983327 -0.0184308149571904 -0.114917471149806 0.0722436661724206
-0.0305474534484947 0.0209454860790583 0.646993998068201 0.0945835008649907
0.0182519032149141 0.0311148640200968 0.667400053714015 -0.604216984913658
0.0370396726358676 0.0169495695507249 -0.16467394327101 -0.856696503842252
0.0179163160558516 0.00411357768058346 -0.597173723837116 -0.179840313423707
-0.0217670465143685 -0.010689488767555 -0.295870995855224 0.285577852771242
-0.0230884785365482 0.0138269237277764 0.0550629252577965 0.168450713688251
-0.0123399632975296 0.0276551089187801 0.143098932170239 -0.153144663256612
-0.0381396887773787 -0.0320844324600975 -0.139157993785445 0.156336982820608
0.00563237641773425 -0.0136628250675545 -0.07297350253588 -0.158479134017313
0.0372139066980238 -0.00457398145107698 0.27046694557957 -0.266336648294419
0.00723637814965277 0.0315597825798875 0.524459957204933 0.166144659407362
-0.046317019099601 0.0190044067476768 0.14034690004681 0.826780135854352
-0.0730587894047498 -0.0431118224354878 -0.649214128488667 0.658773793550343
-0.0558994931947054 -0.0395099861361132 -0.678334332082316 -0.0146042251382496
-0.0523076348213507 -0.036661048630449 -0.0710619888991714 0.0704714128071777
-0.0889084461786251 0.0189939491851018 0.675560754151603 0.0201888630467442
-0.030001139084789 0.0544084826805431 0.578481023010746 -0.681804317725796
0.0385621537755046 0.0394950264742999 -0.288336652755738 -0.80284262032533
0.0551829673002382 -0.0184466970242191 -0.627343392595603 -0.08626603869097
0.0049956988268435 -0.0570237007261372 -0.278048991189109 0.304044612292863
-0.0131544215516171 -0.0286082819266384 0.0784487007857032 0.140379719049563
-0.0272392526870222 -0.00872054998172174 0.164541063418587 -0.150054741143097
-0.0400597753350375 -0.0273551131865253 -0.140650395672894 0.160765502059814
0.0020038808322438 -0.00471660447507371 -0.0710744406625474 -0.150863000451633
0.034646272597985 0.00298046817382991 0.272831055861076 -0.264594228795609
0.00633826859882849 0.0320509645349252 0.519734065486263 0.165313140748496
-0.0468092276376802 0.0134858436331726 0.125826656241878 0.822277215781183
-0.0724135788115435 -0.0444019809138247 -0.662023217925224 0.656235848540438
-0.0573020690430737 -0.0365589792536671 -0.691948884217192 -0.020245036805142
-0.0566021431360193 -0.0345476499023225 -0.0831017081340838 0.0676125795192156
-0.0902120207926211 0.0226173631065075 0.663166194181121 0.0178759900931106
-0.0279814105652615 0.05349061527637 0.567598026040555 -0.682858446649812
0.0375014407264579 0.0353542023919335 -0.297317862904612 -0.802808144879826
0.0542617073331828 -0.0178090019814383 -0.629889568132544 -0.0863534192382983
0.00400989268325343 -0.0491426014027664 -0.27631243324727 0.306992741411015
-0.0154333007996434 -0.0197082342482223 0.0803003288204739 0.147816264936586
-0.0297691433908563 -0.00564763798340011 0.162948340026466 -0.144955680244151
-0.0397550336188545 -0.0211231514388307 -0.142082141935379 0.163466707695834
-0.00118403065832186 0.00445639378168559 -0.0722497947358588 -0.141584969285316
0.0295157212970766 0.0130580800701894 0.27301315469421 -0.264605282656981
0.00165720123277281 0.0316480010833199 0.516815924342799 0.158047288005081
-0.0455808335537673 0.00799803531907412 0.124221173964295 0.814540741076436
-0.0665461054038549 -0.0461917255181547 -0.66884560800567 0.656610935916969
-0.0541176426779816 -0.0336043652013597 -0.702841259965716 -0.0172493873084165
-0.0553140818941781 -0.0311925667227627 -0.0948838255465233 0.065814495556738
-0.0868209629595433 0.0245724177014258 0.65133596589924 0.0216232915119656
-0.0239459562728225 0.0504598086736542 0.564448955666924 -0.680283056886677
0.0363768858940454 0.0305995156281866 -0.295743616949019 -0.808664639776208
0.050005648512569 -0.0160657427116537 -0.63063737898484 -0.0930737467653742
0.00100855640163305 -0.0392771216210919 -0.276893252600244 0.307618290835182
-0.0173519238894583 -0.00939607651607322 0.0794217953892302 0.155073682063027
-0.0300578256648016 4.2848167607171E-05 0.160589599657785 -0.141660871296561
-0.0373694192045703 -0.0121509667375373 -0.145755419420264 0.163645570141687
-0.00388370891434997 0.0153403321218234 -0.0762345598257643 -0.135528185370483
0.0215318353530044 0.0234664442655402 0.272177883431895 -0.266021570275562
-0.00458318948085866 0.0343817133580389 0.521409633135856 0.14511322059328
-0.0433630613200696 0.00250578713647125 0.135876540149531 0.807556035098694
-0.0569830588989079 -0.0482418946136619 -0.662604162901437 0.664780691205348
-0.0467938719150987 -0.0291560835610666 -0.709008169269636 -0.00809919337773751
-0.0497662574778705 -0.0271326077624591 -0.105864831290143 0.0649945660464566
-0.0793339884133518 0.0255423373144735 0.643876159406427 0.0285856237171046
-0.0167878674736004 0.0467274325573537 0.570843055490401 -0.673907067649868
0.0353359994801004 0.0250161080464752 -0.284920016722305 -0.818782157188918
0.0440426139404215 -0.0125474234821042 -0.630615403080634 -0.106488798918882
-0.00281534667505753 -0.029904010696925 -0.278100407347558 0.30843774817503
-0.0190189584915427 0.000229378654520269 0.0770126059155533 0.162038714716346
-0.028120157336502 0.00677027312071664 0.155476712744414 -0.140180312171515
-0.0330926488693108 -0.00462312027239069 -0.149769767617038 0.160462965950461
-0.00559722214401531 0.0228963193750352 -0.0819842555574633 -0.130810465451708
0.0137581201686228 0.0339979158423222 0.272388143850225 -0.269757381448415
-0.0117241428038072 0.0378891762205279 0.528923057410991 0.12812287618988
-0.0414216728183755 -0.00100515643692698 0.158422429113881 0.796770704998429
-0.046765466632571 -0.0501935787789581 -0.644538542882459 0.677571023274792
-0.0358105677909226 -0.026685088225174 -0.715591729009275 0.00607430004379318
-0.0392095904191978 -0.0236150710710681 -0.114079400369327 0.066212977097048
-0.0671405412099624 0.0257188729256398 0.639288530512321 0.0414014293063839
-0.00817755565662208 0.0420369347601769 0.587286054044511 -0.658655969305448
0.0349109488998497 0.0206426231025846 -0.263218802077715 -0.83165963256618
0.0371188316641713 -0.00769031015000764 -0.626490674199537 -0.12212067215287
-0.00852517142724068 -0.020464037429963 -0.283046167557775 0.304607383859264
-0.0202163732491386 0.00898531335057304 0.0733608325085728 0.167613093596191
-0.0253397889658669 0.0146759803249707 0.151875129858982 -0.139186828443714
-0.0276069706386035 0.00367378077578298 -0.153339611461654 0.156304747615195
-0.00683748960191902 0.0275928663594945 -0.0895165883158933 -0.128059775636519
0.00664499379599728 0.0416705900244292 0.270447158732142 -0.274926115602061
-0.0199060699665041 0.0423582110563661 0.53727422079093 0.112509094001568
-0.0386039955609761 -0.00381329593698679 0.183484026438304 0.785587309140697
-0.0367547305436885 -0.0541822758592632 -0.621112246264298 0.69314582509377
-0.0219747504424804 -0.0243763731711092 -0.713724741775746 0.02048595953186
-0.0267126691350549 -0.0200528462046695 -0.11913087536968 0.0679884071733948
-0.0528150728592313 0.0246594449129814 0.640056739765646 0.0559000992185114
0.0021248939592679 0.0369264556728673 0.611825691124785 -0.643035426648631
0.0354521685972148 0.0165974184231561 -0.235576203997633 -0.843427238686641
0.0287669939604483 -0.00301555211517388 -0.62045006490802 -0.142433516132914
-0.0138599771426623 -0.0133466916519847 -0.286375018603584 0.301464945796635
-0.0217951874472958 0.0146043560757825 0.0679509626979212 0.170730498846246
-0.0211335257896103 0.021147763204129 0.147437967641878 -0.143867407828457
-0.0215941008943502 0.00822878841638463 -0.158035251614374 0.149572403546713
-0.00609918074533457 0.0298664287201947 -0.0958124423643448 -0.129921040399609
0.0018995829521568 0.0460747078047523 0.267480008622572 -0.282523609484195
-0.0266809252801234 0.0465099925041932 0.546038074175859 0.0951113282887636
-0.0366283863075432 -0.00246215192979744 0.211875807239359 0.775054641643669
-0.0276569619954754 -0.0574238352590546 -0.595257395068494 0.707253230056643
-0.00964419977056116 -0.0248194681386041 -0.706317001647491 0.0349695197862951
-0.0128858702074637 -0.0195000067977714 -0.118777756276065 0.0710930078736971
-0.0399020379539151 0.0238153126367917 0.645176986893944 0.0707666713807662
0.0113789210192409 0.0325902543968374 0.638379448692504 -0.62766938431125
0.0358174238488361 0.0151872691704658 -0.20440606816964 -0.85163106676362
0.0222953615944895 0.000387579682306117 -0.612562478304883 -0.160498699376351
-0.0193564185930472 -0.00888052539477801 -0.289033477606533 0.296189808591576
-0.0235694711562903 0.0159664259460062 0.0627180268660828 0.172157847392475
-0.0163101390891029 0.0259445163569381 0.14611589530193 -0.147744552155035
-0.0156529827388056 0.00954166851631355 -0.159988558597001 0.14319317183086
-0.00525160729625667 0.0277691567598673 -0.100752875411579 -0.132990014945486
-0.000216619551834874 0.0461505510744018 0.264488770072867 -0.288044912577039
-0.030576638977763 0.049484664410238 0.553858826460956 0.084238840573314
-0.0346284771329434 -3.3605620976639E-05 0.241871530945104 0.766554905126968
-0.0219231597346791 -0.0582487492776796 -0.566272280169678 0.71846406079448
0.000830312254661969 -0.0261049985319069 -0.695892757526787 0.0511423539057392
-0.00138851536524399 -0.0190976408745627 -0.114894998717475 0.0747876558762912
-0.0295349805607861 0.0216484011394865 0.652344450740653 0.0863465293387524
0.0183744446555041 0.0310078736792108 0.665418823620348 -0.610810352105494
0.0370749619520928 0.016852049766186 -0.175162721253037 -0.857393373964355
0.0182047773095618 0.00374886550990897 -0.602880403037142 -0.174681101515038
-0.0229071906510561 -0.0108411626595757 -0.293979252703141 0.291703800142711
-0.0228614993885517 0.0145100109353919 0.0575104346794218 0.16920898929996
-0.0118549692075037 0.0284303012219125 0.142698925066438 -0.153780635519354
-0.0386501902757262 -0.0316809855246818 -0.137559668988927 0.157475559326246
0.00549906526211987 -0.0139016162340391 -0.0756517960287319 -0.157757573191149
0.0370147631915701 -0.00577000595335262 0.268616031989211 -0.271236063946573
0.00878368001409417 0.0327099113737818 0.528679442212085 0.159342871267086
-0.046786507864342 0.0193661976271443 0.152507244841434 0.828795881219365
-0.0736182404852566 -0.0424989242553991 -0.64363863116904 0.668625867387647
-0.0556844687143257 -0.0382906178060438 -0.681897923346053 -0.00760598787163894
-0.0528303460840411 -0.0364031598929891 -0.0706886683867879 0.0726119186108051
-0.0887395026927776 0.0207054049728175 0.680443210534885 0.0123895025005784
-0.0298332859389457 0.054850291458813 0.573074688659386 -0.69017826649036
0.0387544358626612 0.0395336781191211 -0.301815327584197 -0.801476179046363
0.0560676033560757 -0.0195650012224995 -0.630971349505434 -0.0765217076385354
0.00415229047809499 -0.0572812563162731 -0.275568018823536 0.309837895251289
-0.0139285572733269 -0.0278750049805565 0.0808183236917026 0.141038422219832
-0.0276594027661359 -0.00875235450073288 0.163777652581623 -0.152675011281425
-0.0402967578004343 -0.0270486778250695 -0.139623090282786 0.162141466170615
0.00272293442033617 -0.00552929131746696 -0.0737585570650946 -0.149816944473138
0.0350781949607827 0.00233659284218365 0.270246319413942 -0.26855589996806
0.00704642288118655 0.0323359435570184 0.523973628382229 0.160232417424815
-0.0472102291022043 0.0139893487007249 0.138717434232591 0.824072632846262
-0.0722485931416834 -0.043874185244246 -0.657533668060842 0.665000578698766
-0.0574760950318693 -0.035936489761866 -0.695507464138243 -0.0127966652231999
-0.0567818651778886 -0.0338184881572853 -0.0823216893221964 0.0692553408452535
-0.0898902622606225 0.023838449095771 0.666072041894407 0.0103265397548432
-0.028098700803697 0.0537212467153395 0.560450687449937 -0.691456942351206
0.0376309426484472 0.035004943368498 -0.309688025725709 -0.801925066556254
0.0535491105870745 -0.0185381290558591 -0.6343930689036 -0.0794994761767901
0.00270293383948805 -0.050199548179863 -0.273408797197308 0.312395763808677
-0.0158753162696674 -0.0199519185234362 0.0826021584807456 0.147787678540947
-0.029780257249693 -0.00541366773046793 0.162555009441247 -0.14690246355441
-0.0398482078698705 -0.0207187984607736 -0.141828159443741 0.1652350643846
0.000326644488273267 0.00457864310929318 -0.0757258002072365 -0.141407034219396
0.0291094108811746 0.0131813241655466 0.271339155912286 -0.267015226534193
0.00219726793951947 0.0327157120778222 0.521969227389119 0.152941380563236
-0.0458629157438172 0.00821577392751616 0.136723814206629 0.817093352999465
-0.0665569482158202 -0.0459128515745694 -0.665079041423265 0.667198134046926
-0.054353536431047 -0.0323778189741313 -0.706074456639091 -0.00901061913186447
-0.055635411391936 -0.0299413103758054 -0.0939767547891052 0.0670834818691257
-0.0866680757583487 0.0255904327504506 0.655286660913089 0.0140444362993979
-0.0237804552338945 0.0510845173530852 0.557949177246791 -0.687650130683493
0.0367974053476154 0.0299397585091601 -0.309148141201405 -0.807131165434971
0.050228215453116 -0.0166724295207956 -0.635287173049522 -0.0847030172183744
0.000776268536265268 -0.0393987516764704 -0.274278089182275 0.312822030644921
-0.0173186152641315 -0.00893173680167746 0.0814890154734782 0.155102886126008
-0.030139612762652 0.000630612041551907 0.15951550245331 -0.143415585673769
-0.0372956243192553 -0.0123466118880774 -0.144537493399457 0.165517892775151
-0.00241584113073725 0.0149908178458681 -0.0788439153092069 -0.134023072529026
0.0225137417167937 0.0234220237288997 0.271246856892921 -0.27016105395437
-0.00410721824537118 0.0361934792968786 0.526535805180185 0.140347060327356
-0.0440169501730846 0.00333917358961923 0.14924908821562 0.809921782730757
-0.0581259008992434 -0.0479149404607245 -0.655589828375006 0.674157606191079
-0.0457448561311503 -0.0286380797656785 -0.71317610781332 -0.00048047790186799
-0.0495135274802288 -0.0262956795822392 -0.105033365684841 0.0672661469030958
-0.0781006133965878 0.0273795566496214 0.64760188684478 0.0199618354372423
-0.0161535781794162 0.0467916382221416 0.565148304485828 -0.680498517754081
0.036586352559443 0.024749019113239 -0.296749394976408 -0.817374517883853
0.0442726032604945 -0.0125117500773138 -0.635580497072552 -0.0974922449623991
-0.00393348801205376 -0.0291768346285165 -0.275342657600721 0.31379421178913
-0.0188972506819155 0.000664694637825326 0.0794576218554798 0.162267253648618
-0.0285500054895471 0.00749395054177824 0.155311960695275 -0.140703133137003
-0.0335655802361919 -0.00432904766019915 -0.149167750791805 0.1620072746952
-0.00536317909276319 0.022512584696976 -0.0848517339022189 -0.129057906848533
0.0147565383050956 0.0335287152629764 0.27038296798633 -0.273930899835621
-0.010961037672082 0.038737450894077 0.532493603517006 0.121940961983304
-0.0420198989744622 -0.00113858292383504 0.171218743014602 0.798154829922696
-0.0481897771013281 -0.0506635990573709 -0.639715003942421 0.687549515731699
-0.0355679929513908 -0.0261140054982638 -0.717937980210047 0.0134035755569491
-0.0396935863857191 -0.0229818390657729 -0.113810703461035 0.0676972871506563
-0.0664778952085998 0.0273134027741262 0.642875189356149 0.0330689657106023
-0.00727929068645417 0.0422200310706563 0.581510937010796 -0.66770363592121
0.0355458289663583 0.0200637578524695 -0.275936313878974 -0.82917009836796
0.0372407498513181 -0.00844948441050452 -0.632244484270441 -0.114969177662296
-0.00882061394203467 -0.0198992175900251 -0.278927622906754 0.310789438930571
-0.0207935839674993 0.00889355588399706 0.075119351910512 0.168375359423297
-0.0253186995551528 0.0146281108921171 0.151327863568143 -0.140524490806389
-0.028195707334568 0.00355194085188088 -0.152448740031298 0.157987344997208
-0.00638849429072838 0.0282927091852766 -0.0913539747991152 -0.12704477030861
0.00768105659086415 0.0420710220656639 0.267789182110983 -0.278766761666611
-0.0189731943018202 0.0432999213749673 0.540535381077588 0.106190198507492
-0.0395474266803328 -0.00370076243891915 0.194056042358179 0.786662539600566
-0.037715573266529 -0.0539838640072461 -0.615411001749096 0.703846698696153
-0.0215030354570417 -0.0239562268465508 -0.715532097246127 0.030079772898332
-0.0261872749624658 -0.019679116349387 -0.118673243326007 0.0696875033521454
-0.0525287127343362 0.0261422519927805 0.643543293465805 0.0482046377645316
0.00238713934631622 0.0379706940184324 0.604870010414852 -0.652027070062589
0.0354379262332621 0.0165047328234063 -0.247936744213046 -0.841385795779036
0.0295734968284788 -0.00331145864232257 -0.6255390337607 -0.135383822880378
-0.01403529690975 -0.012813243232997 -0.281697460084551 0.305972342741134
-0.0220983472105439 0.0147976477864766 0.0696579869834268 0.171346608450621
-0.0212109539854498 0.0211079074716973 0.146356653376257 -0.144430496513555
-0.0218575929822888 0.00862318270723574 -0.156795016985686 0.15117919905042
-0.00524079220298583 0.0294314584508176 -0.0991431977737157 -0.128469881970009
0.00281327209306106 0.0460726600781384 0.266178499516652 -0.286228575956218
-0.0252949200050558 0.0474962357620155 0.547856175298662 0.0883324165545485
-0.0372753021374288 -0.00342044720839548 0.226408089826682 0.775856412396393
-0.0287801917123801 -0.0569618799688299 -0.586724214949119 0.716851245002324
-0.00899602258761439 -0.0246052198328771 -0.707800967474778 0.0441236209739194
-0.012331422722312 -0.0184036540070961 -0.117698064726206 0.0726652697750028
-0.0394969153585301 0.0238935954292509 0.647551590480086 0.0639338606630531
0.011480891975975 0.0333628724750521 0.632857129101541 -0.636124013706864
0.0358810588190821 0.0157142069884445 -0.217525009634915 -0.851398395277232
0.0227498082315757 0.000170574273439736 -0.616779942503402 -0.153130711923174
-0.0194830285159507 -0.00927947584034837 -0.287551742438144 0.301848475126253
-0.0231653204039471 0.0167597773335491 0.0652480130891513 0.172219739518313
-0.0170126328372694 0.0260340616492929 0.144157761027416 -0.148130922012179
-0.0160254755617665 0.00994382199944331 -0.158540792641222 0.145005274548541
-0.00451347830281592 0.0277866338550345 -0.104055035244805 -0.132260299107393
0.000557382790737065 0.0458930427479371 0.262144136529914 -0.291896496132447
-0.0290466181402701 0.0508607694944257 0.55837189574944 0.0767807550104698
-0.0352023642744697 -0.000125714622790506 0.253579924919537 0.768138530169861
-0.0229675862822715 -0.0585485792812221 -0.558002765636875 0.727233783081546
0.00113489373327446 -0.0252901414358654 -0.696494000795797 0.0580059388328907
-0.00177524444044119 -0.0182325534648891 -0.113257280813295 0.0768623101238493
-0.0284251946468234 0.0219103806851006 0.65521084568791 0.0787907016004468
0.0186503144427629 0.0310113626560248 0.658374352464727 -0.620890865204278
0.0372723642581329 0.0163293590345285 -0.186826910431099 -0.857555432940363
0.018193089191591 0.00365844479239162 -0.60731045878281 -0.166330040945957
-0.0240070266048386 -0.00975917136658941 -0.290720133095094 0.296470496475958
-0.0231074787165003 0.0143958865371838 0.0597916794502428 0.168840693390141
-0.0119558410490074 0.028295479863152 0.141382866537193 -0.154947036740659
-0.0398317828235953 -0.030562051077864 -0.135914765330321 0.159191547761804
0.00537326999898695 -0.0143277898819798 -0.0787963789705659 -0.156053895104437
0.036712093088256 -0.00641969776311267 0.265842328758175 -0.274095569008781
0.00951742812899533 0.0330525533920309 0.53285150401724 0.153334361455121
-0.0463997546773039 0.0195730211767358 0.164714930767784 0.827509729381997
-0.0742654859987621 -0.0426106798594078 -0.639431223069518 0.679256765753702
-0.0553103771187344 -0.0367207167920791 -0.683888285886309 0.00134722638025249
-0.0530403893541036 -0.0358306358104725 -0.0690819762645957 0.0749057370124812
-0.0875231939301028 0.0224015029814302 0.679537002903726 0.00286806615627642
-0.0285439300478511 0.0554427968432686 0.564875597566089 -0.701243522429369
0.0389963506490731 0.0389658838252785 -0.311977301047815 -0.798432482757929
0.0566108278922494 -0.0201534907972655 -0.633252274561025 -0.0683510130145986
0.00251432594725903 -0.0566265828328305 -0.271207577492865 0.314252063938643
-0.0146159122661034 -0.0281934086820378 0.0828516689851386 0.141103508403608
-0.0285797420724444 -0.0083888435869568 0.161910757358099 -0.152969377884648
-0.0414771410508514 -0.0263064119257593 -0.13716091520683 0.164039382607811
0.00247153902850356 -0.00561711874430257 -0.0768115147915236 -0.14825222157623
0.0349356231485811 0.00170430202237948 0.267591237277551 -0.27217137252866
0.00771927407356965 0.0327011638277565 0.527942300761688 0.154142594816708
-0.0464960348823423 0.0145138634313726 0.150645178668911 0.824777448087518
-0.0729817442464366 -0.0436910940693207 -0.653143243200384 0.676209004483662
-0.0569560181657054 -0.0346675030587421 -0.696305443594137 -0.00542196969507962
-0.0561473823866296 -0.0335028288688071 -0.0807347062767544 0.0706459974343923
-0.0893124095576082 0.0248251685980105 0.666495468036448 0.00151531741543166
-0.026977084486305 0.0548485033108997 0.552685766620873 -0.698408008324174
0.0381698900302917 0.0347494027385902 -0.322293715110532 -0.798547298756408
0.0543519026350562 -0.0200299206586223 -0.637733018635041 -0.0709507009661439
0.00191907771395807 -0.049060436074213 -0.270446880714854 0.317335690755478
-0.0162890719939013 -0.0191885753905586 0.0849729406470138 0.14836795789822
-0.0299819183238556 -0.00435353755899284 0.161775630288877 -0.14778679942196
-0.0411865782169225 -0.018969576419027 -0.139803271936701 0.166678067282404
0.0001449726409573 0.00455551841951445 -0.0776626681020241 -0.139988655522132
0.0295818691787482 0.0111209680273595 0.268642469561745 -0.271220430641124
0.00368707969539024 0.0333703002237468 0.526345645983236 0.144179108183727
-0.0460054645611112 0.00841368506143325 0.148383594635674 0.817329305675301
-0.067171057945817 -0.045565865432997 -0.657720505231222 0.678089574541806
-0.0538346582012732 -0.0310342501316685 -0.707850554530671 0.000987140498980406
-0.0563727466556963 -0.0294849669355534 -0.0931908458550679 0.0690186207820531
-0.0858346963817243 0.0267981204798004 0.657463901880664 0.0055345159427421
-0.0229049259474 0.0519848915166973 0.550500491307067 -0.695787682213643
0.0370744563711405 0.0297955047818605 -0.32104286504091 -0.803087551246581
0.0505728445207079 -0.0179433804274621 -0.639405021415637 -0.0763779921872313
-0.000851375021510611 -0.0393731030587263 -0.27028511100735 0.318633388498895
-0.0175193153221002 -0.00963859204234524 0.0846421582810848 0.155582653724026
-0.0301080146870694 0.000998872761401213 0.157991401657782 -0.144354555282131
-0.0382602420277705 -0.0113141571063512 -0.142401782918423 0.166758108669166
-0.00245365028309587 0.0141274421644604 -0.0820859142746079 -0.132714110568974
0.0221605086648921 0.0226515043571017 0.269212705057663 -0.273647626336279
-0.00301298067474723 0.0361448041454926 0.529290576741264 0.13321972378009
-0.0441752827873404 0.00289109832298206 0.161546171283695 0.812858108068168
-0.0586277167445947 -0.0480260731562666 -0.652041364620322 0.686006525169678
-0.0456159781915063 -0.0280188486739888 -0.715189547942675 0.00942218851086821
-0.0498111806580742 -0.0260735919051819 -0.10387931058842 0.0686175674996112
-0.0779062210147818 0.0277303590214536 0.649165791071736 0.0136477369440655
-0.0159307095150717 0.0470921522860968 0.556132318402825 -0.690070037306441
0.036481347042317 0.0245233991205599 -0.307979843173559 -0.815290148492272
0.0441887605724322 -0.0142524575190179 -0.64000226466326 -0.0889841168544409
-0.00530377365054408 -0.0294153912555895 -0.271016555253124 0.318920650268237
-0.0190718281903132 0.000658772363624111 0.0814687191872266 0.162619831202991
-0.02874907069246 0.00790414988656236 0.154523682848286 -0.142391512009513
-0.0346025971790321 -0.00299339983485454 -0.146664625293225 0.163369796804308
-0.00451083216281227 0.0224538604109866 -0.0876975136575234 -0.127922303981753
0.0146825159256978 0.032986818618812 0.267845639952782 -0.277412516263605
-0.00994571515700301 0.039709388068158 0.536835899142335 0.115659676661544
-0.0418573695368 -0.00153340640221637 0.183665859571139 0.798909517442604
-0.04828866983603 -0.0506284616809145 -0.633129177610779 0.696865617865162
-0.0348885055663274 -0.0246422923932456 -0.719661644592864 0.021903146210909
-0.0397270260189782 -0.0224299186973595 -0.112640935550247 0.0694192265493627
-0.0666333953872571 0.0277168167122144 0.643680994248834 0.0262869743718093
-0.00651743998637816 0.0426170089140164 0.573822667633858 -0.6751635582864
0.0352652520856299 0.0191164794262214 -0.288446164492789 -0.825310682805407
0.0374739337163087 -0.00870732484166838 -0.634837975279639 -0.107518259448085
-0.00969636051748098 -0.0192939879131607 -0.274765714634757 0.316051050598689
-0.0208935420635402 0.00912977732437563 0.0778814515664756 0.168871988060282
-0.0254197800455213 0.0154426718254704 0.1497085380263 -0.141589976421712
-0.0283413349306157 0.00446088652204145 -0.149888632420973 0.159708117271654
-0.0053023368483156 0.0284554846499067 -0.0942156818036812 -0.124635386876321
0.00786041680159103 0.0422976227579406 0.266280922256839 -0.283244589629299
-0.0185686264456954 0.043683871712848 0.544022169929637 0.0985980055857359
-0.0394265484375414 -0.00282762232878651 0.208302593535631 0.786834103036973
-0.0373675658003742 -0.0537968833556688 -0.609200633965062 0.712450571239655
-0.0219524730839419 -0.0242899580619154 -0.71684826939626 0.0389865414017141
-0.0263115117146777 -0.0201244456134826 -0.11766246693466 0.0721411552606034
-0.0522869145082886 0.0268795307063128 0.645014531512522 0.0416690636177379
0.00252812919806285 0.0382795151434969 0.598459832430548 -0.660161767225704
0.0347856262414727 0.0157409022248051 -0.258507227357125 -0.837920367782626
0.030210517023814 -0.00460530943557775 -0.62848849057087 -0.126936880296247
-0.0154342465964925 -0.012171017406201 -0.278572768437605 0.310474071785416
-0.0220619186631248 0.0153710411189651 0.0725942202509078 0.171663803700278
-0.0211546184561953 0.0214100070493429 0.145382330665586 -0.145398317508135
-0.0225051089024935 0.00909936766280876 -0.155179513864054 0.152263661451425
-0.00498259517117257 0.0299335585367856 -0.101171705897486 -0.126900278050814
0.00345470391272116 0.046245620442873 0.262606414391516 -0.289131422761631
-0.0248004770020896 0.0479085254543745 0.552253563465037 0.0820579766731725
-0.0380285518787122 -0.00290252727743758 0.23670567100744 0.776055318529012
-0.0289018319098151 -0.0573500074090086 -0.580041603092981 0.723984563075521
-0.00886985587279721 -0.023467869889858 -0.709427516292575 0.0530912846667533
-0.0126562901644113 -0.018676988417461 -0.117363820317563 0.0750259984402214
-0.0387362755645924 0.0248978470743826 0.650046723445306 0.0559858072098949
0.0117000369576647 0.0332019828989477 0.625191627395909 -0.64415351711701
0.0363329284931855 0.0138453715873954 -0.231244739921781 -0.848918122994653
0.0236619248723604 -0.00035163445593166 -0.620834507072557 -0.145224576073599
-0.0198423751740353 -0.00866043537362327 -0.282295388338602 0.306626842197608
-0.023047794395381 0.0174236751973582 0.0675118684932276 0.172474569913315
-0.016581567079927 0.0263664515326824 0.142525676414356 -0.14858554954654
-0.0164238664677328 0.010633063123191 -0.156894107462373 0.147259825540764
-0.00304384015612272 0.0276861265241603 -0.10726966790135 -0.130193049062749
0.000606541418061154 0.0462487379264512 0.258853230002108 -0.294746958751136
-0.0277979580102757 0.0517928613235128 0.560000923755568 0.0685540761734131
-0.0363368076181588 0.00036476220945364 0.266216739710952 0.76727724293876
-0.0242501367258472 -0.0590678884400682 -0.552312892500087 0.739051816489391
0.00147069075865752 -0.0250158249093567 -0.698459888397928 0.0668283823802218
-0.00145776863842765 -0.0184547921198265 -0.112951112265835 0.0788057383565704
-0.0284707986806081 0.0224938999397626 0.657553260564403 0.0697829128998734
0.0189527576569875 0.0315034166381617 0.650880403189622 -0.629024134735443
0.0374661600135732 0.0154267491255597 -0.200296843207172 -0.856207522542631
0.0188441409910293 0.00285244618431624 -0.612385428079097 -0.157745037877716
-0.0246496484270987 -0.00971543139810457 -0.287567238632889 0.302353222387401
-0.0232534239202611 0.015287479582457 0.0618050528754433 0.169409135501948
-0.0116575856895054 0.0281504186475785 0.140306197370481 -0.155795412667998
-0.0398646443294025 -0.0292009642746367 -0.13387126027728 0.160040275164648
0.00579348346444029 -0.0140120980172123 -0.0815818871684331 -0.155191074830862
0.0371731927385483 -0.00682516586653906 0.263568624197318 -0.278460493868733
0.010044478832405 0.0338142073434147 0.536471090917488 0.146405742172117
-0.0458824760983935 0.0196743117155619 0.177636885063123 0.828712992834819
-0.0750460586158422 -0.0416616328341135 -0.62941141413337 0.687108918627469
-0.0552343075702192 -0.0363651429307501 -0.684969331837254 0.00892395987012896
-0.0536429849891048 -0.034475764723823 -0.0673767031869432 0.0759286383300887
-0.0872070635622442 0.0229976749270452 0.679323838903199 -0.00591832613250385
-0.0269895697257 0.0556779261910648 0.555359511562752 -0.706416143007543
0.0401860369619218 0.0388315447316441 -0.32350137141067 -0.794279890626947
0.0568024477595997 -0.0207583218940182 -0.635506241503701 -0.0600152312586792
0.000853356464495557 -0.0562009649316475 -0.266491545838104 0.320092508961064
-0.0150047798403748 -0.0273944164858645 0.0853343134215712 0.14081589166545
-0.0286317041143316 -0.0086416191759296 0.161104153050135 -0.153819432770241
-0.0422866802300529 -0.0252574004959658 -0.135436373613301 0.165599016119146
0.00386965511187197 -0.0061174131298055 -0.0797035965087619 -0.147191303758437
0.0351564880284671 0.00119033122178824 0.264786357061336 -0.275663962698301
0.00862506628684162 0.0333737964615619 0.531833390982617 0.14759311889296
-0.0469068479944759 0.0143915130574402 0.162063766233512 0.824486754994823
-0.0732548694252229 -0.0433573799619086 -0.646450489801806 0.684255318816988
-0.0558609648259247 -0.0331740458760743 -0.697606961483276 0.00547918949025201
-0.0573124645174321 -0.0319882828714436 -0.0801364137983783 0.0723992971637901
-0.0884658467853401 0.0271790279625332 0.668057674506236 -0.00724534250224765
-0.0264642987233092 0.0550301524655911 0.542463151113484 -0.705001566659543
0.0391649572307442 0.0342137042618901 -0.334388487945067 -0.794636517755054
0.0546199004782634 -0.0210912976411853 -0.640409862446793 -0.0604052262037944
0.000644709135093539 -0.0485622742060378 -0.265064456087268 0.321124041685952
-0.016860125028471 -0.0197753915530664 0.0864881057699111 0.148284727106455
-0.0305915729424488 -0.0047191232556841 0.160147913023049 -0.14978334325521
-0.0408825592391954 -0.0184562925067723 -0.138167427889921 0.168196181520109
0.000647186523499961 0.00471120246209719 -0.0806122528139884 -0.13787940785108
0.0296761722286577 0.0111747420213305 0.266321543251509 -0.275411712755719
0.00443612233424905 0.0344903624060625 0.529785166643953 0.138829178075294
-0.0455869852195528 0.0082113698381898 0.162294362163233 0.816684740507283
-0.068467497230096 -0.0449015586638469 -0.648588410926483 0.687418140103404
-0.0538856585433338 -0.0301320075240112 -0.709553986272463 0.0103341142383106
-0.0560243048770535 -0.0285236328595105 -0.0927027997598095 0.0708962206990818
-0.0846328589265259 0.0279272535991599 0.657499073336835 -0.00243265258753847
-0.0222450789357914 0.0523226385351123 0.540879531576871 -0.703134103340562
0.0375348057609789 0.0294092163653617 -0.328413637979465 -0.799877683975961
0.0507377094843266 -0.0180614214181345 -0.640375571277843 -0.0665464156034603
-0.00113556002327178 -0.0384180998612969 -0.265783447701362 0.322366181541215
-0.017771613461475 -0.00926024929501444 0.0860698501780187 0.155129586823401
-0.0308845446641107 0.0012342712849412 0.157430280752587 -0.14566052220852
-0.0386109188237 -0.0106939815392942 -0.140653077871449 0.167977745931819
-0.00187098047866642 0.0145168190435714 -0.0838034336517742 -0.130762996221383
0.0229718494855327 0.0222454670475506 0.26535716482639 -0.276741757024504
-0.00238684431972376 0.0359800829738131 0.533394302413906 0.126216257404133
-0.0438966628982644 0.00284716540663657 0.170922703863017 0.809803688924789
-0.0597400170520619 -0.0476274248592227 -0.643243807215281 0.694231801835728
-0.0459991097593685 -0.0267139228174073 -0.715637716077169 0.0190578919334174
-0.0499852467504792 -0.025022982088462 -0.102662541458524 0.0712384594252484
-0.0764657165608431 0.0289449964312239 0.648269032269275 0.00433732016244144
-0.0149099649636748 0.0481673765066051 0.548720663320272 -0.696223508998516
0.0367571990314652 0.023610561134636 -0.319354784458553 -0.809581845236052
0.0445807447629981 -0.0139272924363869 -0.641542572891521 -0.0801418603705139
-0.00552809656884545 -0.0282875216217149 -0.266906054520832 0.323578143138605
-0.0192698156494512 0.00065702073624316 0.0842091638556725 0.162184859534457
-0.0287994999025046 0.00854870701854087 0.153023624206086 -0.143275842887355
-0.0341872540464728 -0.0014703664239297 -0.144347261336327 0.165155936673857
-0.00295188355615583 0.0228522701519147 -0.0901080418584909 -0.12600638052741
0.0153841792736733 0.0335907174208292 0.264912928783021 -0.281637163727512
-0.00904002370435193 0.040382734283041 0.53964587910237 0.108617306256959
-0.0422983978857627 -0.000911543257481082 0.194880119318442 0.798363405605247
-0.0490601991425259 -0.0504285826785734 -0.626111619146426 0.705036032666286
-0.0352480530648914 -0.0238706302275543 -0.720231517253727 0.0318177827865628
-0.0397016232078181 -0.0223077165392568 -0.11163721843331 0.0722936738525261
-0.065051864074474 0.0288555471105035 0.646370569261254 0.0163057908875253
-0.00585381772483909 0.0425055510374504 0.565061440882612 -0.684129277230313
0.0360750764801491 0.0188864406690583 -0.29939388808939 -0.82320753197998
0.0380013056082655 -0.0087841197340724 -0.638000561162517 -0.0965343596088489
-0.0098200867339927 -0.0191121714354555 -0.271688718145896 0.321602642424454
-0.0210370709275888 0.00950930794541861 0.0806100030695468 0.168332392873767
-0.0257584392854452 0.0148249717636942 0.148764049044842 -0.14302234516905
-0.0283295844211531 0.00508304910792063 -0.148458255806206 0.161139366377819
-0.00424022664042111 0.0282791076487949 -0.0971715700754827 -0.123627935884128
0.0089072098224939 0.0420071051896293 0.262591135160203 -0.286441443219073
-0.0168508542137904 0.0449337201807074 0.546965162226243 0.0908405625860428
-0.0401876239215979 -0.00327800515659703 0.220283733593337 0.786964675707117
-0.0384363613449008 -0.0541291597323755 -0.600109291331406 0.72071565748257
-0.0212744025872541 -0.0231117748615057 -0.716607351546909 0.0479686549090695
-0.0271604130786733 -0.0194869336675617 -0.11662583927165 0.0742782622543175
-0.0514297741052499 0.0274924472648214 0.64718898903323 0.0322936832530908
0.00311352787959732 0.0374827438691243 0.59154823984521 -0.667277850790834
0.0361924997057029 0.0158663780894643 -0.270815000196954 -0.836643739534931
0.0300108404975128 -0.00492817947997308 -0.631690317712636 -0.118029778453122
-0.0157692230970743 -0.0121635123674301 -0.274809421631374 0.316734706114273
-0.022117620225148 0.0150362568282209 0.0755993938718378 0.171699463000341
-0.0207270410281876 0.0212054008269929 0.144364908459766 -0.146039365108251
-0.0225124507418558 0.00995425223406498 -0.153704115923744 0.154702828569372
-0.00396165724597187 0.0297802076931208 -0.103846095655222 -0.125085015828733
0.00369367432235255 0.0462210846929479 0.259976456998072 -0.293155546469801
-0.0223754658074944 0.0494535038871284 0.554648470499408 0.0728104100918548
-0.0380987279670327 -0.00312130086867361 0.248053510808333 0.774650258141316
-0.0299757586761679 -0.0575757663240952 -0.572963385384339 0.735139141042022
-0.00860416695167226 -0.0232189034579863 -0.709814949535044 0.0609007838801287
-0.0132380019448779 -0.0178704953608839 -0.11563759310282 0.077065925718985
-0.0374569976475322 0.025540213866539 0.650330031543528 0.0491943443344987
0.0129807501084201 0.0335674349622786 0.617674564640443 -0.653320454342989
0.0362991085010402 0.0140330115677265 -0.241717325314784 -0.846835983181793
0.0239061586878533 -0.000899215269911789 -0.624474347090241 -0.136566171398933
-0.021162786827223 -0.00791158354328318 -0.278899129874678 0.310950232793403
-0.0225852171130178 0.0169028072493628 0.0700593773273391 0.173218610556323
-0.0165053648620079 0.0262181868583757 0.142394830844619 -0.150021606521054
-0.0163049450583356 0.0111451612814017 -0.155916478434738 0.148737895847773
-0.00217967970106461 0.027604216472465 -0.109842725695866 -0.128668142928868
0.00151178925896245 0.0456958863106053 0.256099861591512 -0.299099941570345
-0.0265243877197601 0.0526366422572438 0.562779371868239 0.0606985464258904
-0.0364313416013606 -0.000722283527574336 0.276461573862424 0.767040963907256
-0.0243092077294444 -0.0588937716830123 -0.541445009927192 0.745173037395545
0.00175997989956229 -0.0254060213175618 -0.698137600412516 0.0750462469824452
-0.00166627443671865 -0.0186784175927785 -0.111558542007292 0.0810983013998012
-0.0274108631757206 0.0232337751119124 0.660393782084926 0.0618890420325521
0.0189392517069429 0.0313308566202131 0.643947369173458 -0.639674373646709
0.0373872796924582 0.0151589718704231 -0.211782897698197 -0.854748807584475
0.0189626552836433 0.00290162664127399 -0.615421723944732 -0.150673561541103
-0.0248182433339839 -0.00889588036855706 -0.284304208629264 0.306588761288177
-0.0229128423162379 0.0155434281034163 0.065169952633308 0.170102323991383
-0.0123020141053355 0.028391319915753 0.139000190191718 -0.156722946481978
-0.0410463260486237 -0.0292455990941824 -0.132502054062022 0.161199734701097
0.00628024539368488 -0.0141726602514307 -0.0840494239844437 -0.152600893628059
0.0375775455036325 -0.00753225479271706 0.260404429658139 -0.281434671608402
0.0112483561964491 0.0342012530023882 0.539324994752794 0.138521569338928
-0.0466054470422257 0.0201127610546535 0.187936032619929 0.827413777150754
-0.0753986538685465 -0.0409851099351123 -0.622274899033556 0.695654744624998
-0.054790188780573 -0.0350307567390644 -0.684922666171691 0.0181820824348485
-0.0536907633786108 -0.0338766440639044 -0.0663930987511613 0.0777146960491722
-0.0865801774538695 0.0248486051644041 0.679374736216751 -0.0153610283034109
-0.0269801628974094 0.0565474442048714 0.545712385001137 -0.714625597311121
0.0408742987732995 0.0380190105886506 -0.33519946252888 -0.78788701033641
0.0561422237698713 -0.0225530208964125 -0.637068986059944 -0.0497520869504546
0.000241608134719279 -0.0559542032114728 -0.26162930811977 0.323317631836109
-0.0158639131565937 -0.0271251864988143 0.0885292663190747 0.140252552464188
-0.0288667614961959 -0.00822785177461613 0.158961815191097 -0.155497560583475
-0.0428164357289302 -0.0242671477256829 -0.133185904098686 0.166421267915737
0.00365574779120087 -0.00638543773624563 -0.0820961940567136 -0.144946980708892
0.034902756201232 0.000346101671086497 0.262022137039317 -0.279455321015371
0.0095346556416232 0.0339860245088096 0.533953290345376 0.139157439960731
-0.0467859524492124 0.0148674215481633 0.176801593807208 0.823870217521685
-0.0738028798869521 -0.0424947709335497 -0.636727567145858 0.693298979390983
-0.0554245092478937 -0.0322587221825666 -0.698109373203716 0.0145167990837906
-0.0575401017474863 -0.0316484399099849 -0.0781873534298072 0.0748144667161843
-0.0873420350446353 0.0278345336958016 0.668007967713551 -0.0159501731379753
-0.0256456859423647 0.0554608970357168 0.534367986718922 -0.712393209036363
0.0399187761065311 0.0334560764054556 -0.345610125992224 -0.787669133412904
0.0540979656625268 -0.0210666831583864 -0.641616827324546 -0.050677852890106
-0.000165854798570036 -0.0483805027381156 -0.261160057211864 0.326169922317926
-0.017037387987301 -0.0186401135387884 0.0894110677383787 0.147164236841664
-0.0313880449971277 -0.00439424126239984 0.158481860778498 -0.150355240551729
-0.0423295990359686 -0.0167367084047925 -0.134948992657184 0.169944122073043
0.00160886706328661 0.00457607091819596 -0.083452616419439 -0.136542420665306
0.0304367800039776 0.010757788938647 0.26306160598978 -0.278401438886951
0.00560996168302105 0.0337988566075117 0.532025160393446 0.130858817929236
-0.0458595439061277 0.0083815454341099 0.174727106335394 0.816326704534489
-0.0688191416604745 -0.0446127254724237 -0.639683499788204 0.694102929068727
-0.0531462402323646 -0.0289021927938393 -0.707088318530174 0.0186321269984683
-0.0564464872016198 -0.0274785794265553 -0.0903000605558728 0.0724951937512066
-0.0842083891830774 0.0299013292815048 0.656084243873254 -0.0125990695142908
-0.0214572226682492 0.052559347024316 0.530748892331114 -0.710338852509717
0.0383954943937647 0.0281108301804077 -0.342806174136057 -0.792457493152207
0.0498849040723983 -0.019553528557101 -0.642389701109731 -0.0562995282923789
-0.00238521129073447 -0.0378731673261455 -0.259907262796987 0.327310172875303
-0.0185220797691395 -0.00878159799279907 0.0884072152249604 0.155209745748449
-0.0306258293437823 0.00108154579228976 0.156171864737866 -0.146317939960417
-0.0395914656176881 -0.00982138484638646 -0.138037629774453 0.169244520022557
-0.00096851954998795 0.0139313860281664 -0.0867675349766081 -0.128746307548058
0.0231997045032034 0.0218413056861957 0.26272894242037 -0.280228798928938
-0.00189879943167181 0.0369791230576988 0.53582567933827 0.119223508169225
-0.0449419564711017 0.00350698119906467 0.18619316709508 0.808219364262637
-0.0600586137696213 -0.0465477398661949 -0.633810667665906 0.703173683315518
-0.04544717005368 -0.0250716214672277 -0.715008984945759 0.0262181985907279
-0.0496498238564883 -0.0235237041460242 -0.101297276253125 0.0730089842914687
-0.0758279725357904 0.0306164334535206 0.649789693296748 -0.0048773028518647
-0.0139310399217183 0.0483588839305888 0.539633751081332 -0.70253934902689
0.0368352617146638 0.0243008614924305 -0.330925844122163 -0.805041922189997
0.0442577201780644 -0.0149604864332688 -0.64260377865122 -0.069173947714177
-0.00656870006719973 -0.0276206494494315 -0.261741400830603 0.328928834224202
-0.0198969800012634 0.00105459398870957 0.0866861477172986 0.162352804780129
-0.0292714147653701 0.00873101201079819 0.15178735685551 -0.144786035382652
-0.0344562082987843 -0.00090164273351032 -0.142306561490868 0.166576827498753
-0.00280713707699704 0.0229720208977647 -0.0925188503217751 -0.124578732764711
0.0153815952056673 0.0324046968831243 0.261320735852866 -0.284651652634601
-0.00854345946598202 0.040850138327711 0.541639207503839 0.100649566024662
-0.0422793600318454 -0.0011018514615398 0.207579140169321 0.796552295960508
-0.0496336672516845 -0.0495605691103681 -0.614640747052581 0.715550338315758
-0.0343724632931701 -0.0232078306477109 -0.719007739951426 0.042338816089751
-0.0404297987560955 -0.021561544836377 -0.110494115191287 0.0731846655925645
-0.0641367973192678 0.0300516635869622 0.644602193439697 0.00750791456967973
-0.00578109623765358 0.0430649249691537 0.555246890195809 -0.689066927676359
0.0360371795774735 0.0188281727665257 -0.310181828920062 -0.816717476256969
0.0382772464708866 -0.010054359553149 -0.639587399197325 -0.0883223265913769
-0.0104293826192254 -0.0185785913001039 -0.266798345070615 0.325558134886326
-0.0211929937274076 0.00947324602209432 0.0829885479447231 0.1674262773521
-0.0254993291491527 0.015022569800931 0.147632564333281 -0.144030313069621
-0.0285296236398479 0.00615807944563939 -0.146105077362892 0.162445523668523
-0.00365094485708266 0.0282055721816272 -0.098946928247193 -0.121183213909794
0.00974024324406211 0.0409009299544709 0.259293713174196 -0.289655524651208
-0.0160236562866015 0.0451052725986559 0.548284511829991 0.0831915215192492
-0.0401518326069012 -0.00301973033277861 0.231292372118324 0.783090130431277
-0.0388785226159611 -0.0539362011055794 -0.590911883128494 0.728359566194806
-0.0206825961871123 -0.0220715264087352 -0.715340143959573 0.0566475658993816
-0.0265758026286935 -0.0184293080277254 -0.113881310801697 0.0761962927159105
-0.0507427689498911 0.028782856758252 0.646193418835935 0.0241912900433915
0.00405301734952659 0.037836826821328 0.580787358059382 -0.675414837014691
0.0357077805913268 0.0148456050107738 -0.283492493296921 -0.829673673732448
0.0300208314818561 -0.00505540578435059 -0.634918674628876 -0.108942901023809
-0.0159519315695323 -0.0108725139751202 -0.270172804056109 0.320610172719643
-0.0222853505931445 0.016296695802924 0.0781587682285265 0.170791024580244
-0.0210512533749156 0.021496999640891 0.142202130778358 -0.146796294520242
-0.0224836291344112 0.0104041554955254 -0.151308883408552 0.155714016104921
-0.0022378426536507 0.0291253331341376 -0.106569013883551 -0.122626990990592
0.00419715523373767 0.046617849713617 0.255601965037945 -0.296164284398249
-0.0214430821178109 0.0493317545416144 0.556173113954411 0.0656430948841661
-0.0380983285759703 -0.00278019189680568 0.261116373949077 0.770405781483946
-0.0311864461866919 -0.0577707897164841 -0.560604843051354 0.743510645128831
-0.00802095836357 -0.0229605722324824 -0.709666004918753 0.0705161610634898
-0.0125603669097182 -0.0177830577569742 -0.11450416366724 0.0784814640813983
-0.0375510113203673 0.0259766194334007 0.650908186059068 0.0383723969228179
0.0128527233500675 0.0342091006678874 0.607408430657411 -0.660203792161817
0.036295949331073 0.0132346084114094 -0.253304925708693 -0.842333540526721
0.0236660373859734 -0.00167570506587118 -0.625365750770036 -0.127152080082037
-0.0210268229425371 -0.007302028080987 -0.274982016193248 0.316129104356448
-0.0224271012768802 0.0174814612839772 0.0732222020693164 0.172221915966442
-0.016932728927067 0.0261375054091911 0.140178279539727 -0.150498295055345
-0.0165446114793528 0.0118815803259724 -0.153118005656839 0.149387637567001
-0.00208485870717577 0.0267122215777186 -0.112317184583597 -0.125731311921753
0.00246447326809394 0.045713284691099 0.251754609120345 -0.302967198715757
-0.0251971881390475 0.0534360857651964 0.564397731779881 0.0521495206183353
-0.0365029062735511 -0.000652465392897249 0.289640609738592 0.76269348916005
-0.0251066520000098 -0.0591547598906728 -0.531727841076721 0.75313494405449
0.00172328873765244 -0.0244538080347575 -0.697508256038398 0.0847712695829342
-0.00136718576175823 -0.0182504916626049 -0.10930646329476 0.0826447500528275
-0.0274217584093661 0.0233993441114142 0.660561325998423 0.0526046065161646
0.0197828179825083 0.0312671305081384 0.636496921081607 -0.648403382219264
0.037429558636196 0.013630231617239 -0.223768782704041 -0.848743339112752
0.0197024464011792 0.00284754977629463 -0.617438748193502 -0.1399529925618
-0.0251836440417745 -0.00821042516679344 -0.278535579488018 0.311096758758368
-0.023027949384518 0.0155521809993976 0.0668792320388924 0.16959204527771
-0.0118789074123556 0.0283805178178729 0.137172247616113 -0.157813914150615
-0.0457723435990698 -0.0179356587562173 -0.108802904706822 0.172525582513413
0.00131671188682208 -0.0168500749221965 -0.101699846562437 -0.139466703356136
0.036523904817791 -0.0197182941120907 0.223345910885616 -0.306053377040523
0.0277976205011021 0.0311388631209913 0.548713307116568 0.0698595675074731
-0.0317303142226922 0.041473432832006 0.288396076114615 0.796926117497112
-0.0860334378005493 -0.008866076743658 -0.525653361634674 0.754164640375156
-0.0672480163468025 -0.0202063195354607 -0.67131528004404 0.0995963408011611
-0.0562244299662368 -0.025969539149533 -0.0554640016641624 0.0829649936555668
-0.0778996708131153 0.0277481828929664 0.676061729302413 -0.0792366501508777
-0.0296875227649708 0.052894186603395 0.481048580985234 -0.763121288645676
0.0356750367542574 0.0354804837853326 -0.409989419589378 -0.750029414956251
0.0552957789027064 -0.0196516022962529 -0.642403200928193 0.00668342410981613
0.000239338572048852 -0.052995139524404 -0.231388762856486 0.348853842987049
-0.0179845773369494 -0.0273860623310746 0.100910218708302 0.134019361549459
-0.0321617460353483 -0.0061172279208579 0.14562107192309 -0.165176221943045
-0.0460277919547454 -0.0132788895584312 -0.109561973966818 0.177358240291428
-0.000155916931839575 -0.00840136668265597 -0.0988776069330489 -0.131929770509882
0.0355689500142909 -0.0111665345409928 0.224051872363337 -0.30446476316306
0.0262923465294315 0.0303885462103499 0.542841347379485 0.0714348869785095
-0.033261871103535 0.036793351125253 0.274637694341677 0.795862247913093
-0.0845047122472654 -0.00969415691744404 -0.54054783036288 0.752023627372097
-0.06916758760739 -0.0175841569403576 -0.685808068615249 0.0960196974768833
-0.059874560551769 -0.022680249447363 -0.0681120612688011 0.0814541599519859
-0.0786805369595842 0.0311010275037826 0.662896446501587 -0.0802235151152362
-0.0281589234471873 0.0514742661597444 0.468567644865571 -0.762003570376222
0.0340439161040012 0.0317103231107029 -0.416717472248358 -0.748051347985919
0.0538381907217084 -0.0190996875770833 -0.646104730128939 0.00732415280642203
-0.000107794049848397 -0.0453193676528479 -0.229257707822288 0.350979123923489
-0.0190819072068146 -0.0186713755749856 0.102998041837657 0.140368334608504
-0.0334819613157233 -0.00251158304431221 0.145025752908779 -0.160282385499455
-0.0448820661115972 -0.00604406650344107 -0.11139554852009 0.180022999777434
-0.000724692656565011 0.00259293299888165 -0.0983265737756716 -0.123683688013341
0.0328583579248292 -0.000270586232104577 0.224704540507723 -0.304287390169341
0.0215383119972072 0.0324140715077555 0.5406963453689 0.0642360309855794
-0.0330501878067804 0.0303992303234457 0.272502482766915 0.787950670476526
-0.0797178657053174 -0.0120437236396295 -0.545116732268258 0.755603630770221
-0.0655333225264624 -0.0147347544983416 -0.696143965576211 0.103093860313378
-0.0579406600872668 -0.0207513992806733 -0.0801016094432979 0.0817453914494516
-0.0751036534349818 0.0325891396338776 0.651975113330058 -0.076111304980504
-0.0240042384003733 0.0479704188477554 0.467266439685349 -0.757236849371996
0.0319759206412557 0.0265193721198441 -0.415684383522663 -0.753426612233801
0.0501370612893397 -0.0163415261628709 -0.647195867965755 0.000664132918385682
-0.00091158252216256 -0.0349499150710598 -0.228850627415472 0.352305944977946
-0.0189261771194094 -0.0091887169104388 0.103398204595512 0.147915585103026
-0.0328580244469355 0.00338474844743141 0.142622261184486 -0.156066101259339
-0.0409859657267794 0.000997962171522567 -0.113923547911247 0.180778411318763
-0.00228223563263412 0.0127370690434713 -0.101652386361511 -0.116071258270867
0.0268872638620556 0.0114960074141376 0.223527721025326 -0.30765352177305
0.0159933760944833 0.0347766984250614 0.542380725814887 0.0519471698035837
-0.032835864518444 0.0246047658901384 0.281331485279955 0.777361090628524
-0.0714198739774728 -0.0148126552846553 -0.536029596489881 0.763395839062176
-0.0575116867817214 -0.0110702515579906 -0.700510873632673 0.11094216973056
-0.0514842140638632 -0.0164027632987495 -0.090674481061384 0.0825709573101924
-0.0667397608469678 0.0325670358823914 0.645425069438135 -0.0663241753435845
-0.0176265464322575 0.0425896275277964 0.473606267417756 -0.751067640739763
0.0296749364433868 0.021583781494366 -0.403548774365036 -0.7677861461906
0.0447786421199783 -0.0108476353655887 -0.648915550072429 -0.012029185543536
-0.00347831675601119 -0.0246355465385483 -0.229772571665351 0.352343222573905
-0.0190897499388485 0.00180490763483028 0.102382933747792 0.15506478618169
-0.0308796435653509 0.010262524142611 0.138944592574693 -0.153547405511608
-0.0351327016448685 0.00803764675337753 -0.119480009594261 0.178303059943268
-0.0020721932948661 0.0204763085283603 -0.107340440415046 -0.111138355549096
0.0206862485465064 0.0226921964403864 0.222175588032739 -0.312742181560568
0.00925599671853291 0.0383933535228323 0.545777422821255 0.0324963413517705
-0.0309516497415671 0.0202482189369986 0.30297003247533 0.765945244540298
-0.0609852690344987 -0.0185645916132787 -0.517219250686524 0.772377617424018
-0.0451458113926553 -0.0111730456610657 -0.704920477939982 0.126435418923857
-0.0418055548473346 -0.0143525664255594 -0.0992352411988953 0.0849176294869348
-0.0554958738439936 0.0304284061905875 0.64261977334188 -0.0531640252261961
-0.0095340680327993 0.035997940822375 0.494105714242853 -0.739515899377278
0.0279481857274261 0.016348965308227 -0.384922790857345 -0.781116920520201
0.0382946636826196 -0.00600526250511492 -0.646853174858188 -0.0301390488758066
-0.00755168804220444 -0.0144770740243501 -0.234495458996313 0.350384182436873
-0.0194737518211231 0.0101313181267808 0.0995539511949116 0.161450225504848
-0.0262553985615206 0.0172024911569622 0.13518790754611 -0.153571645289152
-0.0289322096193049 0.0145986936360884 -0.124541067454984 0.174424911264538
-0.00286156754596523 0.0268395143171781 -0.114234869354235 -0.10707165280397
0.0159895990764035 0.0317788154727967 0.217840432190768 -0.317639697537445
0.00186817982893047 0.0448523122416633 0.551287169314563 0.0146305635957168
-0.0279304386051579 0.0171981748420642 0.325438344323848 0.748041965849626
-0.0506860687573978 -0.023863935111436 -0.492311727583939 0.784528402375581
-0.0322294499004845 -0.0112474477664362 -0.700559972275416 0.140072538530598
-0.0289490002307214 -0.013525707378638 -0.103387354609905 0.0865153769260381
-0.0419043146038632 0.0278828388639578 0.644674869392456 -0.039068429307933
-0.00079064275949128 0.0292353413706993 0.520447372253383 -0.727843101325723
0.0279187703289453 0.0127667230498358 -0.358009021813639 -0.795973213219549
0.0308266408537312 -2.5314094614589E-05 -0.642005226513795 -0.0516043152533377
-0.0113373856789398 -0.00676975891152104 -0.238862546810845 0.345457475944638
-0.0196348444784302 0.015126856559239 0.0944572803245676 0.16557387412268
-0.020955104719158 0.0234979326125468 0.13097707859487 -0.156022221982008
-0.0218510904515716 0.0183605453560008 -0.130730864131442 0.169305327426949
-0.00185609612430394 0.0277609976138402 -0.121699289142392 -0.108017092187087
0.011396129361436 0.0376116212718228 0.215432515972745 -0.324298844076639
-0.00398836873970686 0.0494285959127928 0.55762055701202 -0.00432191490053911
-0.0259367389551793 0.0164267291049533 0.355036261477599 0.732018874685709
-0.0416529293490873 -0.0286918082173016 -0.461406268146826 0.794543034764917
-0.0181253616539327 -0.0138510965611367 -0.692222070898884 0.153600113027929
-0.0152562502476761 -0.0133139646013633 -0.102438334584306 0.0905714678056788
-0.0286336134702931 0.0243633081909874 0.652218375474722 -0.0227829045321239
0.00927625370927939 0.0242512707432269 0.549175392096337 -0.713855323801328
0.0278126698889517 0.011653090664745 -0.330272731812256 -0.810541390631268
0.0247254506836129 0.00500650650981039 -0.636039409063057 -0.0705361307925847
-0.0156855706658453 -0.00285185492630419 -0.243965598405268 0.340347317228697
-0.0193051394867662 0.0179235392048885 0.0892189103445481 0.166953325834636
-0.0156766822403293 0.0269395533905199 0.127401314809138 -0.158940171356669
-0.0158311600765657 0.0183978714856356 -0.133083499439491 0.163649035287558
-0.000832042102367479 0.0259601500708901 -0.127557971855518 -0.110894645940066
0.00886063173988894 0.0372862816880252 0.209885168295746 -0.329395475749156
-0.0064944393823214 0.052939133635085 0.562702280625582 -0.0179313811769228
-0.0229498961021848 0.0179239290682032 0.380670553992407 0.722248475049426
-0.0352269876896663 -0.0321905364290502 -0.435027277613594 0.801348927106113
-0.00802842728474195 -0.0165479773413382 -0.679313072378892 0.166973219480451
-0.00395361266775982 -0.01496792997493 -0.0984827915476592 0.093718715935509
-0.0179002951216024 0.0201429091618026 0.658825032213937 -0.0110647477732266
0.0151999428334943 0.0202817605229944 0.574970551103835 -0.704101875113167
0.0285883200935116 0.0112378855850223 -0.303652174585883 -0.820944317633834
0.0205025646212072 0.00950954181740285 -0.629013959671519 -0.0867449658641222
-0.0199148070372689 -0.00260023894243828 -0.249014723114162 0.33557692641426
-0.0203516120891793 0.0161333087941307 0.084006715033975 0.165013531608505
-0.0115530084530298 0.0288746239197917 0.124939731752733 -0.16630637846374
-0.0462075238225309 -0.0168033158047373 -0.105736091956608 0.172670005206165
0.000721980184279568 -0.0171623679603069 -0.103846306504879 -0.135844844747853
0.0366044656424898 -0.0204979930610414 0.218138062238817 -0.309779395389958
0.0284902576948929 0.0307746470529678 0.546817305808305 0.0630565894508062
-0.0311248453611696 0.0422567849015073 0.30014030870938 0.791082263448183
-0.0856015990159917 -0.00723343434909193 -0.514399589252984 0.756598186444226
-0.0672092653036368 -0.0196257784667825 -0.66985042538815 0.107437595020628
-0.0553560224011189 -0.0254770256426694 -0.0546481245022014 0.0844670229931822
-0.0768514368880207 0.0288592398365648 0.67224729163265 -0.0888925251053541
-0.0289719036890312 0.053194175774612 0.469828012523674 -0.765651905994144
0.0359354446331218 0.0347825144752102 -0.41762578692394 -0.738801541361449
0.0550234563762585 -0.0208535453252509 -0.63984945680924 0.0157343134319086
-0.000947602175089789 -0.0524399225410442 -0.22553864493766 0.350764472282602
-0.0190911694096115 -0.0263335573160464 0.101988309473546 0.132755373579894
-0.0325999134475555 -0.00544322885039521 0.142900188155806 -0.16605412568186
-0.0469919002321012 -0.0121482259496495 -0.106498120803882 0.178247807452415
-4.71188724733857E-05 -0.00821014252928008 -0.100865675955789 -0.128323493127142
0.0350477236852242 -0.0117715813940257 0.220519010853665 -0.30577215091149
0.0272422496573732 0.030886430033404 0.542627747345272 0.0641636042832802
-0.0327541754001206 0.0364797869290896 0.286999927777835 0.788142029181092
-0.0846612624242302 -0.00808054192709893 -0.527923533825967 0.757487034647376
-0.0680364753511856 -0.0170008625631886 -0.682258267014242 0.103788537426508
-0.0586379984421878 -0.0218925228242891 -0.0666261094820078 0.0827468568561196
-0.0781036401860903 0.0311596601389692 0.657999299369891 -0.0878994546411754
-0.0266589135934203 0.0516253589614723 0.457887940193121 -0.763886388265418
0.0344688867665863 0.0305400860118179 -0.426317618279454 -0.739192841709366
0.0538267121460707 -0.0203626154022433 -0.642829403026304 0.0162150789305828
-0.000807062935577566 -0.0447672781783972 -0.22367630174055 0.352864695295717
-0.0195692510233707 -0.01827974609909 0.104771454113175 0.139784782177774
-0.0344155418911241 -0.0016030451509441 0.143871515314982 -0.16046019014053
-0.0445724340498466 -0.0047306337932287 -0.108237424495194 0.180321568629644
-0.000988215707064888 0.00218120303343327 -0.0999759921654759 -0.120961251965141
0.0324012752622205 -0.00131286318239841 0.220697569625155 -0.306599415916282
0.0231088169023362 0.0315291441426168 0.539330760505928 0.0556977529825483
-0.0334776071352315 0.0306441496114678 0.2841353808118 0.78198298843859
-0.0795552494938789 -0.0112149156727832 -0.532242730952553 0.759935949353059
-0.0642378181800719 -0.0131727168722403 -0.693986946979157 0.110344508428682
-0.0577646257641851 -0.0186122541153647 -0.0788895682667266 0.082883926095471
-0.0744508790960978 0.0334259848008217 0.649139165003785 -0.0842230914384348
-0.0229723504355284 0.048816872190286 0.456207435993901 -0.759585167000228
0.0321313055945921 0.0260832213903909 -0.423440967561064 -0.745011154472004
0.0497166497129427 -0.016794721106117 -0.645494517562401 0.00956722855952841
-0.00150221833224888 -0.0345435116835486 -0.222717924079524 0.35404928127705
-0.0190582169514409 -0.00849311287473825 0.105306291016213 0.146655580186304
-0.0340098779977295 0.00393347504932489 0.140945176830175 -0.156224478198102
-0.0412448387940423 0.00157449262327162 -0.11144853590547 0.180920001541709
-0.00186372217916733 0.0118609718827122 -0.102737595843385 -0.113291734570562
0.0270941038202325 0.0110978282724616 0.220200187496242 -0.309168800166509
0.0165295253774067 0.0347581023218296 0.540372199936332 0.0427833028576015
-0.0319723896907732 0.0245032809302965 0.294906860847953 0.772850923945086
-0.0710849476020907 -0.0138973838000352 -0.524734255515726 0.767419913329208
-0.0559952555893038 -0.010860595856121 -0.697269135149235 0.119790929838501
-0.051763389001525 -0.0155497676295383 -0.0884181151935979 0.0832895609160379
-0.0657282965270501 0.033710233306453 0.641999461658858 -0.0757143254810588
-0.0172972896300954 0.0430266543542774 0.463918297118797 -0.752695473401138
0.0295433231609712 0.0206420929532079 -0.413614460925939 -0.756232324079508
0.0448500473979305 -0.0118695010965125 -0.648254537314813 -0.00266729215538021
-0.00325328270566766 -0.0239702939266613 -0.223980544378447 0.354490903516069
-0.0193468592321576 0.0017314861389603 0.104147964532008 0.153992420757178
-0.0308283676789936 0.0100957506915803 0.137080095661089 -0.15495144406809
-0.0350059835211545 0.0103605819196961 -0.11606559733351 0.178062713630353
-0.001059926525865 0.0204434241939577 -0.108506836448881 -0.108418310146305
0.0214723762564802 0.0220715310849353 0.217399873701913 -0.313540289178573
0.0096579816365641 0.0399711533449032 0.545062157366422 0.0242068475686576
-0.0300592178452446 0.0205620737457736 0.313240633585213 0.757418984863477
-0.0608001213455031 -0.0180128683445843 -0.504615605553573 0.776125359129541
-0.044898218323964 -0.00980781180041769 -0.699289797700003 0.134261487489316
-0.0410798921657981 -0.0143186059268244 -0.0970154234085828 0.0857171152891811
-0.0542862866645298 0.030909032865447 0.639741481702836 -0.0619674236092271
-0.00854621281108076 0.0368657770900653 0.4809827517649 -0.742512636576482
0.0283967113802931 0.0160049695559525 -0.396794485580668 -0.770569988303255
0.0381301855529686 -0.00656420100291389 -0.645283582689447 -0.0206036524473876
-0.00751310799725611 -0.0140837972119573 -0.227993273722125 0.352663143767816
-0.018877393569542 0.01011445201244 0.10236657711526 0.159649638624787
-0.0262318128085546 0.0168631462486265 0.133369188369203 -0.153361944733279
-0.0279275336599313 0.0154289850750481 -0.121925176765841 0.17520106853238
-0.00168736410998871 0.0265328752419055 -0.115133004766458 -0.103964181598453
0.015975831965574 0.0315589933681666 0.214050742083438 -0.318717772367806
0.00292956363138547 0.0459048801253824 0.549930466413521 0.00648159134901367
-0.0287220389994519 0.0171336257336935 0.33745116698544 0.743058893211625
-0.0503253946827034 -0.0240307942676501 -0.479957326721586 0.789692682753676
-0.0300634556034956 -0.0101033348805278 -0.694517623886106 0.148298630125107
-0.0276276328436405 -0.0125795680133433 -0.101891000430543 0.0888159482151337
-0.0399933173371882 0.0280079657985908 0.641512636574276 -0.0466417819941434
0.000416223914592777 0.0293087074303788 0.510201083015708 -0.730001409227628
0.0278937673273116 0.0122966129524939 -0.368879594093393 -0.785638056503362
0.0303974543922588 -0.000490827943494841 -0.641164059864578 -0.042174325103046
-0.0113590084797287 -0.00662283437452757 -0.233391716972745 0.348018930878377
-0.0194083508381685 0.0157981360151581 0.0967894688171021 0.163902585990178
-0.0208188566207131 0.0235402337720578 0.128334148591773 -0.156280452991588
-0.0211376429940461 0.0194484881959311 -0.126983238952449 0.169055466614446
-0.00118472974215235 0.0273874071468688 -0.122697397434144 -0.104941955186884
0.0120101346829542 0.0367902847899782 0.210355336771355 -0.326033473983693
-0.00184137475543085 0.0496714773208813 0.555241034667915 -0.0116434339896208
-0.0260947040755176 0.0159435201209442 0.363925849997118 0.724395423474032
-0.0415129209282297 -0.0285712105239099 -0.452038678228313 0.796521133140619
-0.0182011047584671 -0.0137958141422503 -0.686333166165675 0.160623121022755
-0.0146533012739957 -0.0134281883208582 -0.101070432557327 0.0922665384647173
-0.0273845047843038 0.0246545227098669 0.648950655800877 -0.0331404257262826
0.00873916699606683 0.023433446729663 0.535500753725975 -0.71661211816628
0.0275468462630963 0.0105766056377384 -0.341619797357593 -0.800351277047708
0.0243445628036782 0.00440124327416579 -0.635074309066011 -0.060760064345016
-0.0156486953679709 -0.00134953147845651 -0.237567819682083 0.342473832057306
-0.0201261515774288 0.0178480066820666 0.0920317511874723 0.166539373254252
-0.0153063117746623 0.0275233100646738 0.12610853552996 -0.159365432026015
-0.0157265541437684 0.0195765127488945 -0.130271602113104 0.163043611225272
0.00031935610612835 0.0255773921568769 -0.128177520170403 -0.107696473000522
0.0101190174338257 0.0367840454155481 0.20517012100098 -0.330995838496298
-0.00514003648622472 0.0526401529213719 0.56024989058387 -0.0257035570385599
-0.0226465442323108 0.0168958572086096 0.39139290303562 0.713455422760708
-0.0360389299871026 -0.0318195675078703 -0.421359397205119 0.804553848213248
-0.00767792144868324 -0.01585508550564 -0.673537187200968 0.173868646137232
-0.00398488724140359 -0.0150163413215315 -0.0966858610264621 0.0956542000865106
-0.0179408069266529 0.0196129655222059 0.658010193726569 -0.0194996531343735
0.0155356214510309 0.0195731408103826 0.565079496086335 -0.707759318975923
0.0290093607104403 0.010975733533943 -0.312357329479191 -0.813177400438755
0.0203246966302128 0.00856540921750132 -0.627378579017234 -0.0768620377946883
-0.0196222850458142 -0.00106138179297035 -0.242875349312078 0.338623490078978
-0.020539234656055 0.0155225276619274 0.0857373829144118 0.163605659536442
-0.0105525353664147 0.0284659429130822 0.122538470416016 -0.166118860306533
-0.046500859043076 -0.014853598714075 -0.103793903593019 0.173094936158726
0.000416681240905679 -0.0176714999354093 -0.105040624456712 -0.133521650304383
0.0363119467662176 -0.0211234639826063 0.213539411631056 -0.31061979597091
0.0295353370469688 0.0304128673988053 0.545477732118054 0.0545873716296738
-0.0310744228440491 0.0419788663101328 0.308829963525779 0.782705785030633
-0.0853040274688462 -0.00636211693013754 -0.502052836089284 0.760693960680973
-0.0658502107861278 -0.0182788419180434 -0.6643027570946 0.114670725479767
-0.0555507143625606 -0.0239908887993695 -0.0530001755472052 0.0851757552844654
-0.0755220664401861 0.0295684172556741 0.667352800763776 -0.0967895615422397
-0.0273684641253072 0.0529397469254813 0.457215325503043 -0.766464902740118
0.0363943584008141 0.0344426614733502 -0.424134466496036 -0.730232988377649
0.05540101416741 -0.0213080942314719 -0.637530539724758 0.0239750195275592
-0.00201029875943872 -0.0518021195499375 -0.219142407212442 0.35297435726597
-0.0197762506496532 -0.0265131503978765 0.104590687441321 0.131991261417545
-0.0330899277040259 -0.00502061179097087 0.140590406107777 -0.165528044413254
-0.047193064296615 -0.0103575063859822 -0.103785527128971 0.178001741802194
0.000683953521306088 -0.00898181279741229 -0.101748750157714 -0.126113357797313
0.0352192672214342 -0.012340352931925 0.215630893176727 -0.307641031891412
0.0277501814148054 0.0302683735262981 0.540943735247873 0.056011755434659
-0.0326482499142033 0.0361235099607915 0.296548907257994 0.78224672582079
-0.0845746545614193 -0.00764420108626461 -0.516879658057228 0.759630437473802
-0.0670823241814703 -0.0149146371784669 -0.676328802597919 0.111541107043755
-0.0588714491742915 -0.0210898599702141 -0.06506832691133 0.0837247627663312
-0.0765479955760325 0.0329949129920725 0.654425943247892 -0.0966961059317439
-0.0264385363093163 0.0522638848063246 0.447022807215358 -0.765635572738251
0.0348737189849048 0.0300564844128526 -0.431538972906342 -0.728610408427962
0.0536383908484158 -0.020548906818555 -0.640729980017912 0.0254041873899905
-0.000874047136599635 -0.0440105816674069 -0.217906723214997 0.354756769799222
-0.0199501766655293 -0.0181655255765741 0.105848345555359 0.13859989788062
-0.0347602076806919 -0.00181280483326727 0.141251238613287 -0.160724904057239
-0.0445071488381817 -0.00391933959975823 -0.105873420676842 0.180172098194572
-0.000337307441267897 0.000846796769682988 -0.1015579762932 -0.118191130046581
0.032729829729033 -0.00139336622909695 0.21674599277515 -0.308669592805011
0.0238210677248438 0.0318559441166194 0.540000157491069 0.0481717689385535
-0.032774830302677 0.0303855877138202 0.29364257119819 0.774838623651482
-0.0794725108676119 -0.00983625404918432 -0.520744508841812 0.761993891971188
-0.0639892081447445 -0.0118941809748481 -0.688128525386988 0.117545589153908
-0.0575510050435757 -0.0177723503945903 -0.076647502447561 0.0837920546880927
-0.0729548030780818 0.0340160268458899 0.643749194930817 -0.0916650653152711
-0.0226273371314622 0.0487574700426107 0.443425490307937 -0.760675351085891
0.0323089702186409 0.0257050130385695 -0.430786630691877 -0.733312773214978
0.0502900152690308 -0.0175134506713535 -0.642615321925062 0.0181383041411513
-0.00183780602538576 -0.034538220356795 -0.217918049109223 0.356763053537691
-0.0200574782329825 -0.00823983919107584 0.106891737388427 0.144849496494969
-0.0338762887787376 0.00385163180703991 0.139039449159102 -0.156958874412825
-0.041261097866938 0.00375110097483915 -0.108397119382297 0.181045017117691
-0.00102783574243663 0.0112936294875373 -0.104139647847212 -0.110908629894229
0.0265722442142702 0.010668874950044 0.216241950257802 -0.310872814652721
0.0178088910829674 0.0349740829524248 0.540619019221818 0.0358963616431991
-0.0321990754291948 0.0249866097307014 0.304542301627366 0.764325372979574
-0.0713499723994459 -0.0134787824490912 -0.512572257960419 0.769446238251771
-0.0551671675230569 -0.00948401638371754 -0.692343535657468 0.126815746882992
-0.0506648476110836 -0.015186714709651 -0.0867181943328868 0.084310963696324
-0.0643942234680497 0.034038834827445 0.637488608154522 -0.0827783264058002
-0.0161523938986809 0.0430267407588585 0.453352123094573 -0.755195445669469
0.0300130186946799 0.0210149387806914 -0.42232112956092 -0.747563470516887
0.0442332993686106 -0.0125354143105239 -0.642995832808134 0.00494383523704416
-0.00404756560465917 -0.0231624042472749 -0.218831505055878 0.356368278916603
-0.0191982375379502 0.00167688904333811 0.105784116261267 0.152161616730397
-0.0312874518897639 0.0104864630104792 0.135180598132951 -0.154515307137026
-0.0353192762243017 0.0103266566258623 -0.113625796480839 0.178680511623785
-0.000741743769132649 0.0198630228114046 -0.109235236717756 -0.10524114254368
0.0209554376819562 0.0224259860189599 0.213808988504718 -0.314548158225383
0.0110951032649056 0.0388140207433395 0.543354958734575 0.0162698719480796
-0.0307336153513474 0.0196366906272985 0.323561738865102 0.750626390079067
-0.0612304441625687 -0.0180654272398666 -0.493332328559534 0.777849466763991
-0.0431719643688148 -0.00921111317946347 -0.695699213157407 0.140786873004392
-0.0406699505789231 -0.0129241071157417 -0.0952497210960168 0.0865601247018203
-0.0528218636381993 0.0319084336384209 0.634813975445235 -0.0685936593854265
-0.00750297601999121 0.0368297760792523 0.471121291440461 -0.744298546699336
0.0281725153930078 0.015092982170258 -0.405005397471082 -0.760697741128499
0.0383886452228197 -0.00689145134184315 -0.643112720572339 -0.0122988789195676
-0.00743397908472322 -0.0133200958922122 -0.223356543885489 0.354267117473734
-0.0186258659979272 0.0104112484575206 0.103017832304014 0.159215827013633
-0.0257860349689286 0.0172801620878393 0.131560592343009 -0.153006746564894
-0.0282297988873319 0.0161829127266309 -0.118501662442283 0.175405081007501
-0.000182347667560003 0.0254608048754539 -0.115697672659711 -0.101717500189125
0.016535408749792 0.0306816247430176 0.209222748378365 -0.319365678170327
0.00449001560479814 0.0443140404533912 0.546543547128116 -0.00179919964492107
-0.0288441975294273 0.0168817494234245 0.346192294519894 0.736346841569332
-0.0511120386711905 -0.0227460063053883 -0.469159987099672 0.791207541144833
-0.0303787086101476 -0.0100769648831925 -0.689654955268239 0.156730047694947
-0.0279775947885335 -0.0119745606102364 -0.099397270173119 0.0892412426037688
-0.0402426720234371 0.0283497733598831 0.637434623160947 -0.0537178617615617
0.00129305301894819 0.029655338808864 0.497011671868043 -0.732966908433951
0.0279016277589494 0.0117356980794627 -0.377925135256916 -0.777171994824602
0.0309659709435747 -0.000635040055502061 -0.640876822538305 -0.0338847984363233
-0.012124458731709 -0.00547762064991614 -0.227256757003214 0.350453832517325
-0.0190804976526636 0.0169997060277812 0.0990380268210295 0.162911976870889
-0.0206722200408332 0.0232533695545865 0.126251654062601 -0.15618447077189
-0.0217380296146298 0.0203272027435046 -0.124355981490292 0.169178593224755
0.000850126580798759 0.0271153012850755 -0.123304841457948 -0.102689137995394
0.0122766792648623 0.0369554212153269 0.205734806207285 -0.326402463565128
-0.000707201238078404 0.0498435614841182 0.552805706244511 -0.0188200487549934
-0.0259571887142507 0.0161859019397185 0.374935408541862 0.718791280925772
-0.0417881290030702 -0.0282919755767142 -0.438826229808652 0.797370648492449
-0.0168892244714593 -0.0122677096769871 -0.681026044108229 0.170235066075358
-0.015100257304009 -0.0129882497469991 -0.099079825819224 0.0927869731341362
-0.0269071126778827 0.0242607327370769 0.645181088514144 -0.0413411078696149
0.00991389661274978 0.0237962334754537 0.524284648325987 -0.720985286726531
0.0279559726283782 0.0105208037308698 -0.347912348623024 -0.792547155649116
0.02523516620191 0.0044990484477228 -0.634800789453333 -0.0542533198157416
-0.0163359686968496 -0.00121341080481017 -0.232161530592407 0.346308731207865
-0.019490924301839 0.0184960779486815 0.0936444611547163 0.16360945279339
-0.0155791159075862 0.0269579380942192 0.123745691605564 -0.159860741082248
-0.0153749314669105 0.0204847557805204 -0.127571406111261 0.164001164910599
0.000779047624416222 0.0252615692967285 -0.129816119762114 -0.104866210854064
0.0102266243292702 0.0364911168005749 0.200265569763841 -0.331965089130295
-0.00359789550527533 0.0528271257802714 0.558002376337956 -0.0330130694097524
-0.0234075579668074 0.0176589501914139 0.39877147118281 0.706468535346636
-0.0369390079717755 -0.0312978478851151 -0.407743280425077 0.805784952534021
-0.00688441342059329 -0.0164861918878254 -0.66960145982531 0.18121842543716
-0.00363866060500044 -0.0149032247519363 -0.0945812928200453 0.0956038838533967
-0.0171347389197486 0.0203017354382879 0.655605650013746 -0.0274235512284684
0.0163487268253176 0.0198191836399007 0.554740801734279 -0.709283052094487
0.028977769338528 0.0105825898710378 -0.319333637692756 -0.803635044231334
0.0210055198910635 0.00840671701811578 -0.628052342099408 -0.0681925175642455
-0.0202396778372688 -0.0013116902960819 -0.236196546939824 0.341296495534781
-0.0203343968911892 0.0166912659268856 0.0876471886318459 0.161955090815894
-0.0108364003093568 0.0288075541877368 0.121001476685432 -0.165691877493306
-0.0463562784588412 -0.0132674566237124 -0.101401443085617 0.172211792192863
0.00204002561213615 -0.0179031011481523 -0.105510341391294 -0.13103762010687
0.0351474446563687 -0.0209138767133262 0.209756055420104 -0.310804655050193
0.0304054989920016 0.0302226721718044 0.542992016411042 0.0494448754853247
-0.0303844617092016 0.0417134079389451 0.317646877342675 0.774127970861063
-0.0851599014164475 -0.00526066550734154 -0.490048664674662 0.761196877624843
-0.063887908944214 -0.0171879380096996 -0.658989123687593 0.12114444039612
-0.05541325177432 -0.0236068001582629 -0.0507599121333737 0.0863086785352811
-0.0742089788435337 0.0297378285623037 0.660725066003998 -0.104647119022221
-0.0261319801561847 0.0534165676388742 0.446308976923601 -0.766857311971525
0.0362998050448532 0.0330700383485344 -0.428795050026226 -0.718884873387589
0.0546018016437578 -0.0225354357416062 -0.633921621332105 0.0344305574003151
-0.00237454814216555 -0.0507030380953332 -0.212601267170977 0.354162034300877
-0.0203631747920597 -0.0255081237887296 0.104877628465869 0.130598837651943
-0.0333160203170368 -0.00437906718187783 0.13896137835435 -0.165223489223785
-0.0465358944106397 -0.0094284815892013 -0.101540646289534 0.176424344271541
0.000968683070959372 -0.00932989788180715 -0.102937929266054 -0.123737457528096
0.034417805546807 -0.0129291403723599 0.212012112133393 -0.308490875781935
0.0287912670390273 0.02985257533297 0.538652254602084 0.049654093968937
-0.0325610084258998 0.0370442859602535 0.304121880251915 0.773539950615936
-0.0845002618223623 -0.00710456947155461 -0.504549597916181 0.759259038313683
-0.0654972327042007 -0.0140883557424863 -0.670968432284379 0.118868265905674
-0.0579137743726554 -0.0200953806822853 -0.0628600584968436 0.0840333594346472
-0.074986027658673 0.0331026855721886 0.64774878888895 -0.103262994203136
-0.0257590064044316 0.0521481109200581 0.436121095135217 -0.764243330344009
0.0348442372052334 0.0302023826453369 -0.438021125409859 -0.71778770193419
0.0533281724167397 -0.0211792725318094 -0.637670654175623 0.0314327622515365
-0.00170182473455395 -0.043519371920791 -0.212829394021246 0.355378778878013
-0.019765467128931 -0.0174235263980258 0.107262123256978 0.136261970940108
-0.0353324117865136 -0.00125923138715016 0.139111592481818 -0.160079557698531
-0.0443071843379344 -0.00329041160136978 -0.103009881312245 0.178830533409988
0.000450887384603893 0.00101053701621539 -0.102148223522982 -0.115736000998041
0.0318896870003396 -0.00100678096221576 0.212974201031961 -0.30868198004156
0.0255538927338891 0.0308766446991566 0.535702465208736 0.0424754688799728
-0.0332425131204369 0.0304043363894731 0.30308159291358 0.766966363048075
-0.0798649352131073 -0.00912742220792074 -0.508392632693226 0.76516170218958
-0.0620807951167917 -0.0118840338561036 -0.682411028392507 0.124018065273592
-0.0573539982406731 -0.0170979562226541 -0.0754570708829424 0.0842719129119975
-0.0711328086340831 0.0347559982605548 0.638820254782199 -0.0975007440912564
-0.0216191901412347 0.0486429715078952 0.432496045079287 -0.760897650962795
0.0324971517759679 0.0251716541390151 -0.434513472048006 -0.725212075431928
0.0490780004584271 -0.0179823840482404 -0.639117593781399 0.0260259990729846
-0.0022325442011633 -0.0320688193305094 -0.212053582593629 0.356908951043976
-0.0200330973777336 -0.00739022548054577 0.108374022384555 0.143912951849834
-0.0335039516522476 0.0045915530111163 0.137257069051398 -0.156166079405901
-0.0405954944146131 0.00348274240854721 -0.10608280256147 0.180086742885635
-1.23280172615575E-05 0.0111812330507271 -0.104250675875038 -0.10878419019382
0.027423073890323 0.010429998635484 0.211340364885516 -0.31088798833452
0.0186818399420563 0.0350288604713825 0.538891148162456 0.0295057188677322
-0.0324195179309862 0.0242935310800408 0.313228488129986 0.756250323110775
-0.0712811403555029 -0.0131082939905 -0.502081633016764 0.77150517242314
-0.0541905691144314 -0.00856471847667174 -0.688092608551431 0.132676973707211
-0.0508382511402027 -0.0144375637223243 -0.0852004106048525 0.0845947492097825
-0.0630906563941493 0.033957908706615 0.632882136727957 -0.0887090146203636
-0.0149890431660917 0.0427293703903979 0.439624144499175 -0.752815934617801
0.0305767670930645 0.019313187306696 -0.427326442879721 -0.736536155855172
0.0440782250054951 -0.0135549989082982 -0.639878605185238 0.0127724015107307
-0.00471592036995682 -0.0225491163148029 -0.212841768238134 0.356076555907945
-0.0197451047543817 0.00226116944109111 0.108352688456715 0.151274918843797
-0.030576293603153 0.0109308126520278 0.133612035766225 -0.15394642601498
-0.0346667195960569 0.0110914036807283 -0.111261290243808 0.178089114540312
-0.00059862594558657 0.0193560686787812 -0.109623512687175 -0.102363225682846
0.0213230129383522 0.0218343580203123 0.209791368022256 -0.314911523404642
0.0118384980247748 0.0395170543217089 0.539665383856997 0.00997900493391679
-0.0304632184008884 0.0203275121333298 0.331177451419659 0.743637792070111
-0.0615388809418602 -0.0172242696473547 -0.479840075729411 0.780426084709218
-0.0429253545965975 -0.00837548061493909 -0.688565130310367 0.147698340180375
-0.0403790801239331 -0.0126198736678029 -0.0930301423025959 0.0874796027187616
-0.0518922409987185 0.0321510266731108 0.630443549829188 -0.0763893919909154
-0.00679118358048904 0.0367891478831608 0.459620444109351 -0.743370413213615
0.0284662512698476 0.0151126794485863 -0.408550573987333 -0.751357141384738
0.0380768243220799 -0.00741842972786955 -0.641260462662239 -0.00359314605561293
-0.00772750022775332 -0.0126315087733525 -0.217701235365697 0.354932807997498
-0.0191085109346972 0.0101245970271318 0.104120999507408 0.157583338300045
-0.0258018371169564 0.0179930713143604 0.130366943654398 -0.15315356860793
-0.027327028607871 0.016484558847531 -0.116938872804625 0.174459708527617
0.000133939253447356 0.0244494623125268 -0.116346442049568 -0.0994476795924193
0.0168394407451116 0.0304673856918587 0.205837768914245 -0.319985138431419
0.004944850138165 0.0439435776674296 0.544201201697122 -0.00672415964510129
-0.0278238669185489 0.0167720112992961 0.35464867525776 0.726987906528309
-0.051465277796722 -0.0222992070682626 -0.456121757220776 0.791553591844182
-0.0291947320273561 -0.00952375808772061 -0.684839884151724 0.163733263483767
-0.0278824547658697 -0.0118710672623178 -0.0973569852948058 0.0902182963026917
-0.0382511937966523 0.0283889669119893 0.633632445566152 -0.0608948917540768
0.00141450329340708 0.028810919370971 0.485393456484242 -0.731725795526172
0.0268392894757092 0.0114560143904755 -0.382842057376969 -0.767129475200696
0.0309234295232551 -0.00127494192323073 -0.63656832136492 -0.0243802624162028
-0.0117569055978284 -0.00479479199851787 -0.221475434042546 0.350113998117254
-0.0186950568975647 0.0162835648979167 0.0999216656426499 0.161166783521451
-0.021160992063125 0.0231276970079884 0.124794674365001 -0.156034098052018
-0.0204761317561629 0.0201991015227266 -0.122247677989826 0.168544468031476
0.00176420045429794 0.0257629943330489 -0.124029134960313 -0.0996217657855696
0.0129913930192175 0.0358022761092043 0.201025145845364 -0.32658240355022
-3.6719414002225E-05 0.0494651318150406 0.549018119429824 -0.0245445072113222
-0.0267939434771537 0.0156971742382078 0.380041614182162 0.7101770579855
-0.0429396768690942 -0.027486283369343 -0.426342522747692 0.797696645715469
-0.0164831128511327 -0.0126138296355901 -0.675371462611416 0.176273136793752
-0.0141528726917708 -0.0127688752438331 -0.0968123773553416 0.0936484908570528
-0.0260734539216825 0.0245752134357974 0.63953862724475 -0.0463438105886674
0.00999760393298949 0.0235089338065754 0.514219784871775 -0.721877405518778
0.0277791256486739 0.0098754497422344 -0.355443388115171 -0.782947593763562
0.0247394053310061 0.00385603745295951 -0.631933883465432 -0.0453389860926769
-0.0163456992975397 -0.00102696969102401 -0.22736668376265 0.346314109695523
-0.0187002040403256 0.0185370196653139 0.0947611108492322 0.162457973036968
-0.0152077146215298 0.027142165041183 0.121735455901106 -0.159152295106512
-0.0146922034697211 0.0209525124972218 -0.125140927891223 0.163435870352782
0.0016016258398034 0.0247499392703771 -0.129986602763249 -0.101365155166915
0.0105479943644284 0.0364526463210128 0.196161877571465 -0.33247470228159
-0.00304450225030523 0.0529532217894345 0.553349984287054 -0.0385650252414418
-0.0234400006165091 0.0175840746179102 0.406707622544365 0.69526073785286
-0.0362942351442103 -0.0309219091788736 -0.397149834203578 0.804939223606586
-0.0066217261063859 -0.0152655061185049 -0.663041227786721 0.186781607114064
-0.0035232020843964 -0.0146266131155212 -0.0928102167864319 0.0966406794457538
-0.0159631060144984 0.0206639332847377 0.649907253591246 -0.0354340818496632
0.016819601941896 0.0198665723441667 0.544030369199739 -0.711145473583918
0.0284813431820655 0.0104557835581871 -0.327298148655538 -0.794470906858472
0.0209209768362321 0.00782609727820743 -0.62541219462824 -0.0587399520974889
-0.0199945707542842 -0.000879452328404862 -0.231831041357942 0.342841269928134
-0.0191833639119803 0.0165978998948413 0.0893228097283649 0.160698321055118
-0.0104914471614129 0.028638070144785 0.118140239047631 -0.165436463933717
-0.0462408793333227 -0.012999347091198 -0.0981437547027354 0.171826794522263
0.00115406043436317 -0.0184803276546174 -0.10598760097543 -0.127450892020232
0.0348635822189988 -0.0212085372322731 0.206056164140156 -0.310676583236094
0.0309645310208737 0.0291292587859472 0.541101844631666 0.0428681341873616
-0.0304458680974954 0.0417625202105023 0.323883026419288 0.766494913038324
-0.0841655152320097 -0.00440803571803392 -0.479981363200581 0.759881825434775
-0.0634973746531271 -0.0162629421518698 -0.652427874107185 0.127402444676742
-0.054456686595462 -0.0225061707378377 -0.0489638983775583 0.0853784030759463
-0.0737561199669056 0.0302285429128723 0.654987624565708 -0.108347446209358
-0.0255605739260897 0.0535938396379426 0.43597407888394 -0.76437661128728
0.0369385519508008 0.0329059343062942 -0.433928606531762 -0.709715323364236
0.0538715644556954 -0.0224960581972882 -0.629133446662834 0.0393348912370863
-0.00336976580306671 -0.0496144010596134 -0.208566557420168 0.35370554562808
-0.0203269624722609 -0.0247116778337881 0.105497917910248 0.128989396346617
-0.0342550615077476 -0.00380005026224307 0.137260361912829 -0.164583790643872
-0.0460104768782078 -0.00734336728833846 -0.0986332353743164 0.175902814873631
0.00154063031702618 -0.00980221712927001 -0.103320059613357 -0.120919770925936
0.0345966311811102 -0.0130486760601599 0.207724940148583 -0.309129666894748
0.0295116661488295 0.0293033561229961 0.535004439202112 0.0446580231856307
-0.0322862395543231 0.0366364969933686 0.312465450600319 0.765992838892432
-0.0842166851653585 -0.00672421823967657 -0.494106769167783 0.760882228073937
-0.0649640578934792 -0.0136737148430687 -0.666201247823253 0.123921430077339
-0.0578031781679028 -0.0197277053073966 -0.0614725609054722 0.0845660135036118
-0.0735261959518701 0.0329801010165224 0.642551125661515 -0.107232972459336
-0.0244755365307907 0.0511639600639771 0.424014860655358 -0.761513202952377
0.0344476956572518 0.0297072262642105 -0.439117652119021 -0.708038166372007
0.053277549634211 -0.0220725049262365 -0.632683157838385 0.0392857638857575
-0.00204657734719573 -0.0424354656673869 -0.207288205619925 0.355509009720143
-0.0209140299432087 -0.0167148952744788 0.108900823160484 0.135365990377503
-0.0352436533233685 -0.000576623856566391 0.137376581142202 -0.159271189797057
-0.0444456416639913 -0.00173449570518351 -0.100562885774801 0.178810114558114
0.000786560192232051 0.000377024329768504 -0.102674786561311 -0.112436416318291
0.0322552139541098 -0.00271060966571573 0.208954224055388 -0.309267608406586
0.0255115487121202 0.0307206268441962 0.533903261061977 0.0357771635927968
-0.0329754507307004 0.0305010959712992 0.309443304641922 0.75771851539512
-0.0792078906974476 -0.00878640177609794 -0.497503918381934 0.763002960468162
-0.0617985937530686 -0.0105168001414609 -0.675388439966751 0.129241232322398
-0.0564695722310787 -0.0160351124754215 -0.0732157261834283 0.0843023129278774
-0.0701344577781016 0.0349748911392193 0.631728705477192 -0.103201558685412
-0.0198844568222493 0.048283475617664 0.422685355360067 -0.759010180774319
0.0325405926955979 0.024345058210229 -0.439217435671025 -0.714248630717807
0.0492826558306855 -0.0180420664695347 -0.634867462885377 0.032973987393778
-0.00252671571941218 -0.0324475528833967 -0.207224319693158 0.356383924899717
-0.0201433431225812 -0.00727416941013294 0.109883214871998 0.141860910663028
-0.0341596491341475 0.0051285556031004 0.135648179194139 -0.15544380293382
-0.0399921356476113 0.00487806313472184 -0.10367290407448 0.178374541825828
0.000418967804136357 0.00988196054411835 -0.105019552265483 -0.105329792952998
0.0271933002905569 0.00970088596729042 0.207618673361796 -0.310486953915021
0.0192685019955847 0.0344872616369566 0.534163755927561 0.0227699283269695
-0.0321689496586377 0.0249542798458052 0.319820043141982 0.750275140834682
-0.0704321827709286 -0.0124020654664679 -0.490512266412243 0.770046266219613
-0.0530253685415508 -0.00777777689870342 -0.681859175633195 0.138392392801203
-0.0504142480694148 -0.0139777342349281 -0.0835348710693671 0.0855777034363483
-0.0617899275611613 0.0346213111720682 0.625724461504953 -0.0949480089842525
-0.0144997299906037 0.0430091752817095 0.430637477455874 -0.753431516051373
0.0301862658446419 0.0195308259532906 -0.429234577532367 -0.72636590568572
0.0439573506360431 -0.0140206668296716 -0.636205904499656 0.0212071695351204
-0.00442526320225004 -0.0213950963351722 -0.207421066171989 0.35626415669789
-0.0198334715334554 0.00195580173700096 0.108351212604141 0.14932440740143
-0.0306386257896599 0.0111982809186674 0.131807178769566 -0.152793055098361
-0.0340339610757356 0.0121951951468946 -0.108057228870705 0.176711792391081
-1.37944306371259E-06 0.0192268109938941 -0.109723034963148 -0.0990178252572892
0.0213154466956853 0.0212585923027071 0.205419854968196 -0.316030476056786
0.0125029681358881 0.0391668256601611 0.538220800168775 0.00466946461310372
-0.0312892913555434 0.0207024271750773 0.337975585412078 0.734792293275015
-0.0607207112236464 -0.016939935166046 -0.469513981791243 0.779758334379908
-0.04162634551721 -0.00738754562372119 -0.682908486020997 0.153265149482103
-0.0397842184862703 -0.012064063675404 -0.09099007144359 0.0874350619135091
-0.05049981750063 0.032557623734545 0.624658182085916 -0.0807618878237237
-0.00626663606065101 0.0362391478987052 0.448758231674246 -0.741784271675675
0.0283559381611708 0.0151859489301623 -0.413293642967616 -0.74088384523504
0.037522058473431 -0.00778941377765359 -0.635418629371036 0.00326189866190929
-0.00794134568436966 -0.0116678874901265 -0.211309114267948 0.354507975862088
-0.0185919697270649 0.0104882596920389 0.105703252318356 0.1552955573926
-0.0259231057779616 0.0179549806485869 0.127570293230046 -0.152662958002966
-0.0270857370322998 0.0177273530423212 -0.113470749105968 0.173599542753618
0.000783933974846027 0.0242474988107976 -0.116249516927161 -0.0964416363151913
0.0168256076115739 0.0303887066281918 0.202198423243699 -0.319574213938602
0.00612790423607948 0.044898626376668 0.540641390595103 -0.0120254281596488
-0.0288149681647292 0.0166312531488847 0.359551260588579 0.718967993833216
-0.0513418816752666 -0.0222579086247498 -0.444578736273644 0.790733189207799
-0.0284068340031067 -0.0088529377248778 -0.678307801114256 0.166871249540165
-0.0272155798035457 -0.0116211020250876 -0.0954280948951541 0.0909569736369435
-0.038329989491159 0.0285381618431807 0.625752539695799 -0.0672294673139098
0.00274392491958988 0.028427859661632 0.475175078130865 -0.731783008939351
0.0273914384346051 0.0111030646696657 -0.387338354384803 -0.756433871656635
0.0310614264529917 -0.00151931368595193 -0.631856562389994 -0.0188248917199384
-0.0115998099959307 -0.00404812844094613 -0.21569011295815 0.350929692197121
-0.019671206977356 0.0157766288127627 0.101554498760723 0.15944612808375
-0.0210770152462113 0.0232544095942847 0.123607679679441 -0.15431835044207
-0.0200118745218886 0.0211788132907617 -0.120364983737258 0.167872570996125
0.00185861470232165 0.0247863158082087 -0.123225393737801 -0.0966573015880721
0.0130784253000963 0.0363268840548513 0.197699543116634 -0.326251767112852
0.00176858854062484 0.0493599004102072 0.547069101376998 -0.0302376081900479
-0.0265231103020362 0.0153206322891637 0.385583025210616 0.701276869051824
-0.043036533424182 -0.0269944846679724 -0.415244397089308 0.796077627426846
-0.0157870951874142 -0.0114930218456683 -0.668770893837476 0.17955619954577
-0.0143856241096263 -0.0124434758195123 -0.0947094477198667 0.0942176089424769
-0.0251739172270346 0.0240505949492723 0.633717930478163 -0.0543907296352875
0.0102270254381168 0.0226524531692189 0.504843589301239 -0.719139685538931
0.0276664869849178 0.00922850938464238 -0.35920213048771 -0.772154547803771
0.0252148657770712 0.00353078622745124 -0.627873187296287 -0.0374863676448563
-0.0162979545755545 0.000221034345199163 -0.221478658968804 0.344905887130479
-0.0195031077190213 0.0185778258680527 0.0963494226874393 0.160763232275576
-0.0158777166388481 0.0275147614590801 0.12092017378371 -0.159000893599621
-0.0148676330636652 0.0214407327884878 -0.122500346556131 0.163320072383087
0.00335168409311625 0.0234340652248572 -0.130423311820252 -0.0979841189067364
0.0107010243226831 0.0355866660129739 0.192462358076677 -0.330808605036488
-0.00155108923217957 0.0526544689499707 0.551107665962531 -0.045482623580652
-0.0238511441630446 0.017646999851018 0.411932463142635 0.687318372554462
-0.036780932327576 -0.0303150662064285 -0.386779547055504 0.803594077257018
-0.0060046336895728 -0.0156005854296534 -0.656410996867174 0.192614608930531
-0.00338120135441611 -0.0148679935865057 -0.0904314311140159 0.0967400262665784
-0.0156469947066798 0.0200656955780664 0.644993151349685 -0.0410200863326299
0.0159247703253407 0.0187581113851856 0.532096595774494 -0.71011200463336
0.0283310860480649 0.00990562967544907 -0.33299677073299 -0.78467098806275
0.0210065802535519 0.00748917314083914 -0.620201039960465 -0.0516501291202507
-0.020019299794903 -6.65526382440246E-05 -0.225997682655932 0.341864104617935
-0.0194822407049245 0.0165631326172908 0.0905670314306982 0.158510463390071
-0.0109404029382129 0.0293487575551632 0.117402376944126 -0.164302766653561
-0.045892312678081 -0.0115318274252792 -0.0972965758184149 0.170503577601787
0.00230774027393696 -0.0184921692245336 -0.106247851065568 -0.125231075634473
0.0350796904358037 -0.0206715278084834 0.203634683710653 -0.31023141402494
0.0320964834922663 0.0290803401368685 0.537161763744821 0.0366325650799066
-0.030616934297721 0.0408621160061605 0.329339259794917 0.759317086497813
-0.0850858903595499 -0.00412218946714507 -0.469927169676914 0.759255635172681
-0.061698357719814 -0.0156778279095653 -0.646393315230265 0.129608373783047
-0.0541886077518361 -0.0221424908008525 -0.0479346288505556 0.085847233666347
-0.0720628558451858 0.0304851929745276 0.64871998547136 -0.112126270879308
-0.02473736004432 0.0527939872248997 0.427254674486741 -0.760977225284834
0.0370061842019765 0.0325358309648329 -0.434637639950322 -0.700183466851903
0.0538219258172323 -0.0226799960886086 -0.624941084031603 0.0447204028466496
-0.00320235385653242 -0.0491423857754418 -0.204307297364032 0.352786780133947
-0.0207784371954829 -0.0247228904683509 0.106480107858194 0.127968581539842
-0.0340881103251307 -0.00337385614146125 0.134943047059634 -0.163665122145784
-0.0462510585271788 -0.00694121050343694 -0.0969005901846329 0.17482888166549
0.00106611985388691 -0.0102298854937599 -0.102287425411787 -0.117744789273178
0.0343847948524753 -0.0133608588543379 0.205740191994327 -0.308591812708947
0.030187027385986 0.0285945532384115 0.532476775134716 0.0396791579998716
-0.0324748693294034 0.0360791926141063 0.315885907868491 0.756772386498164
-0.0836031507683937 -0.00556321917948687 -0.485847791481088 0.758291707392362
-0.063063745761206 -0.0126891849824268 -0.661144337859562 0.127104588584023
-0.0566637801797009 -0.0191246537784415 -0.0588637391981461 0.0848073284005194
-0.0720412193387441 0.0336351003279786 0.63643238338569 -0.11255153810699
-0.0230049924875717 0.0517458074828038 0.416403423516477 -0.759668973880012
0.0346926487917737 0.0287863401389401 -0.442435619439035 -0.698014021641204
0.0526609128434444 -0.023037592206038 -0.629015549780053 0.0449970538894402
-0.00246401325612896 -0.0409865443867297 -0.202201474928118 0.353649899396441
-0.0210305164735611 -0.0170455134538196 0.108738241700764 0.133602667198125
-0.0351505944981829 1.79431007988114E-05 0.135714955290173 -0.158648581492344
-0.0437326463870034 -0.000769673715205296 -0.099028401119356 0.177095375885956
0.00063812752500406 -0.00050795576593584 -0.103029501909422 -0.109544113994574
0.0312231772672717 -0.00215231619669327 0.206162361270694 -0.309404155122255
0.0262815534229711 0.0306999126542977 0.529357668508974 0.0310777265938936
-0.0321201156657519 0.0309377868435241 0.313578121782746 0.748764873554026
-0.0791467351957929 -0.00855062101717417 -0.490553853206871 0.761306778352922
-0.0596595371357266 -0.00964897558526062 -0.669727766431088 0.134439528369171
-0.0549770522760711 -0.0158041174234499 -0.0717119095042972 0.0844116399328814
-0.068451897721018 0.0349378964529415 0.627543134780505 -0.106947103327386
-0.0201004312486612 0.0482536465590088 0.414370023677741 -0.755181791181301
0.0323093986331373 0.0237280129060982 -0.441237437000673 -0.704067980092273
0.0490484511352412 -0.0190776060468104 -0.630687706851643 0.0374787979537472
-0.0032870631945617 -0.0313884771870076 -0.202760986545548 0.356402270715121
-0.0199378596623734 -0.0076484219346307 0.109915086004465 0.14143988899525
-0.0335783720789237 0.0053692858527077 0.133999165787709 -0.155490648439399
-0.0389810471025994 0.00594063718949573 -0.101502019668455 0.177811462313361
0.000722754120506874 0.010283586340216 -0.104620727600965 -0.10372113440958
0.0266574298866666 0.00963124712509702 0.205638091078342 -0.309897537807697
0.0207714125823824 0.033733663643631 0.530810968233995 0.0181935327492194
-0.031969210210614 0.024827293945474 0.324168177740012 0.741225002026227
-0.0713994790234116 -0.0114174682971169 -0.480249307335614 0.769001984170734
-0.0525990489837748 -0.00799499900734275 -0.675835431034058 0.143188394911392
-0.0493000678573305 -0.0126626090638703 -0.0814505027820196 0.0856825928357385
-0.0612484225192292 0.0342837605241923 0.620991418941915 -0.0996134500345703
-0.013778108755984 0.0429488678904793 0.422674231224741 -0.750166158862182
0.0306497221810958 0.0190350784492205 -0.433257061454597 -0.716387330850306
0.0436742149447422 -0.013895457893466 -0.632086011128494 0.0270825383446884
-0.00496836643799843 -0.0205073228081483 -0.203065142220619 0.357123911147935
-0.020046659183293 0.0025689907610078 0.108436704044035 0.14831388153512
-0.0309300444206703 0.011515620499976 0.129876929761002 -0.152061038562
-0.0331979829683784 0.0127204656896338 -0.106271630284389 0.175549748844169
0.00116255746671298 0.0177090960065932 -0.109325337500053 -0.0981103089247524
0.0211524599341231 0.0205623205343289 0.202798999647344 -0.314617045637051
0.0139703878518001 0.038028328130612 0.533737144625523 0.000111838234326872
-0.03045770665359 0.0201396790144673 0.342537283932034 0.726093315465878
-0.0608387378923881 -0.0171661356938433 -0.461319181596705 0.777509500301533
-0.0405524473961226 -0.00693009143232392 -0.676169921709446 0.156218795628902
-0.039091701765131 -0.0115674171515321 -0.0899860369703704 0.0880558421572487
-0.0502565421814395 0.0322656413707574 0.618657212362483 -0.086447940735647
-0.00624273905456574 0.0363197104884371 0.440558876433381 -0.737584907059863
0.0279416694466979 0.0153282798042225 -0.416071342339467 -0.731895627887316
0.0374679802712911 -0.00758616305735469 -0.631850472064311 0.00812958414771277
-0.00793496953885276 -0.011581232032565 -0.206963001301297 0.354860668869914
-0.0193281219552863 0.0106131270955857 0.106629256952712 0.154082951084583
-0.0263767810781122 0.0183105303333121 0.126199797207937 -0.151722055779786
-0.0261581858557969 0.0178492005567077 -0.111178845628987 0.172347941408792
0.000675361843016165 0.0236128216871983 -0.115589096546743 -0.0937063222642851
0.0165209661323898 0.0304558940088394 0.19891947532999 -0.320117547418359
0.00687724410651892 0.0433215659455676 0.537699000392409 -0.0166865929846318
-0.0292784346329478 0.0165051387986493 0.36457249931768 0.710570778032151
-0.0516162316985431 -0.0220770855675957 -0.435356642079902 0.787263110128068
-0.0275169406656032 -0.00886891972691588 -0.67090107105367 0.171038743829881
-0.0270684273182131 -0.0116753822817529 -0.0935635224463453 0.0915596074043589
-0.0370807943437029 0.0291179016250883 0.620425276518008 -0.0721474190366643
0.00293419433541014 0.0284381689578861 0.466151288365821 -0.728627298162199
0.0273961419504945 0.0116495815620096 -0.390738160304475 -0.749021828858194
0.0307781650724544 -0.00233459182038881 -0.629201376536237 -0.0113171499676047
-0.0111011816866792 -0.00382386021334203 -0.212357765929617 0.349520202130229
-0.0191199964076436 0.016544750564603 0.101938405853458 0.157527171664114
-0.020158293653579 0.023556114307186 0.121960382842484 -0.154664716395927
-0.0191590233010223 0.0217888546970288 -0.117948656864457 0.166917395434503
0.00255514632039433 0.0246942315560976 -0.124041690640654 -0.0946546881148829
0.0135661728820498 0.0351592423606997 0.193326168841449 -0.325951572363808
0.00200218378378785 0.0488845077774933 0.541766790621634 -0.036345340772523
-0.026918315736236 0.0155361523790202 0.388875674366337 0.694762356581753
-0.0424037013266327 -0.0269619100178448 -0.407279585641529 0.795885162336238
-0.0142435566570332 -0.0106086556482456 -0.663556570488027 0.182507817384852
-0.0137280738885535 -0.0126719881050491 -0.0923717116332374 0.0944257279446194
-0.0244254890668608 0.0245394043384851 0.628036852796303 -0.0580978543937879
0.0101989951697408 0.0229714297778213 0.493715749653424 -0.715992305167061
0.0271731344213228 0.0092271909467903 -0.362642916340956 -0.762894128147845
0.0253941877144018 0.00268834361375269 -0.624430830120479 -0.033441376981307
-0.0157768795795881 0.00151928197177562 -0.217835795325385 0.345595694529851
-0.0189520839937954 0.0191328948889023 0.0969445039763027 0.15897033640343
-0.0157869144578293 0.028317866262123 0.119581614295423 -0.156931441075262
-0.014062405921075 0.0219585497907327 -0.121035223219481 0.161989209608972
0.0029698159024664 0.0229860103860106 -0.130651086598424 -0.0956698507023242
0.0113138539380404 0.0346491187877635 0.188288238507053 -0.330243792964346
-0.000869520273765671 0.0522037183518849 0.546820263373995 -0.0493558906712984
-0.0237420022332605 0.0177697547922703 0.417379297381004 0.680134651488471
-0.0371805580914097 -0.0305782378252972 -0.377446592040288 0.800301574055466
-0.00498140005528534 -0.0149253052728321 -0.649917061423248 0.196144535381658
-0.00350117713067744 -0.014773440665592 -0.0880278359321332 0.0973158359909947
-0.0158875145131608 0.0204994830496789 0.639225850325524 -0.0446941363755147
0.0170687460073689 0.0187877682737222 0.523774547549727 -0.708620251915559
0.027638605547925 0.00954526754704739 -0.335603427889459 -0.776347768546984
0.0211013964259307 0.00771187168165758 -0.618224482491911 -0.0472415877575044
-0.0196112722242727 0.000801213181457098 -0.221904871082612 0.341995372767919
-0.0193104631879725 0.0172296204654182 0.0920850153841723 0.157520480524674
-0.011165369549706 0.0295274807094552 0.115477406349363 -0.16377532274996
-0.0455617233984762 -0.0099164842017023 -0.0947317370885069 0.169197116337135
0.00204421431867424 -0.0182796861104799 -0.105604842784395 -0.122931768447846
0.0345677597987444 -0.021237282630504 0.199309709676958 -0.309960239364644
0.0320071319108657 0.0279959436817292 0.533741664082404 0.0341594278894685
-0.0304515591707602 0.0405428349608262 0.332544819940337 0.750069948459638
-0.0843676675956586 -0.00428855747177638 -0.46305361542125 0.755204509536661
-0.0611023795314115 -0.0154754163959881 -0.641732420674477 0.133254158310523
-0.0525024923321423 -0.0212088539723098 -0.046593338106965 0.0864760723172677
-0.0701956798435089 0.0302941869231394 0.642528857340655 -0.115564298296352
-0.0239220691918114 0.052737117837947 0.41826541819313 -0.756914751189217
0.0370186517213703 0.0322157455900456 -0.43540933834894 -0.691128006123784
0.0537116411917108 -0.0240118169727101 -0.62105248412674 0.0488350265875415
-0.0037981285413525 -0.047822474570965 -0.200203067370479 0.351940387273502
-0.0215600803072965 -0.0242715335640289 0.106405575800947 0.126841696440855
-0.0344447623068781 -0.00250304650143438 0.134028149652758 -0.162281734878337
-0.0454264352379706 -0.00591270388175822 -0.0948482164697935 0.173114500924037
0.00182481243760192 -0.0108925743901715 -0.102518378497139 -0.116289611664136
0.0335846261354635 -0.0134723699747482 0.20271710848269 -0.307644657489781
0.0314678942507551 0.0286744933529593 0.529575176315648 0.0349875705914493
-0.031872770478085 0.0354429789561881 0.319494876905235 0.749467122873855
-0.0835334930888192 -0.00487806164413247 -0.476623550064818 0.755449506998567
-0.0619648695621241 -0.0121413568153869 -0.655703982097762 0.12960576176179
-0.0556424191195559 -0.0187313294032727 -0.0581391769982409 0.0850491680661328
-0.0717902411734114 0.0334670114699055 0.631002056054554 -0.11440085996186
-0.0227468705410289 0.0511343102298495 0.408698106321653 -0.753945758254349
0.0353947174925405 0.0279749981292049 -0.444495871118663 -0.69077075972029
0.0527540648921125 -0.0219839992073965 -0.623243197635792 0.0494150969365285
-0.00220956578798445 -0.0402162909622021 -0.198412999217843 0.353405416051965
-0.021346288380405 -0.0160449354938139 0.10910091769792 0.132663267301278
-0.0355821792295086 0.00118452084129761 0.134748285893797 -0.157746961050807
-0.043675138843486 -0.000156403503198937 -0.0969097717989859 0.176530691932619
0.000670124375905959 -0.000469000835920294 -0.101873012783765 -0.108447631806475
0.0309525803859624 -0.00240822442477969 0.203264607305699 -0.307268283464066
0.026670728835145 0.0310415813089953 0.526683591892139 0.0268252425212724
-0.0325483583576137 0.029791667839828 0.318115575775566 0.742953387629604
-0.078545580950884 -0.00775080787326853 -0.481041063694657 0.757760827977854
-0.0580658671684673 -0.00968588491014847 -0.664650347091589 0.136308566101735
-0.055097997284631 -0.0152410523027337 -0.0694000980214366 0.0847099805064721
-0.0676812918231751 0.0350793945595544 0.62010069562943 -0.11036567003007
-0.0188941452786022 0.0483979933567575 0.406105320379029 -0.751719701048123
0.0328092115299448 0.0233635298474099 -0.444054062527904 -0.694121210986225
0.048752566140656 -0.0189247012377044 -0.62639507379974 0.0421994170811637
-0.00311287435878551 -0.0306120175079872 -0.197574120363701 0.355564351788014
-0.0207813211804016 -0.00678197694846264 0.109872383798698 0.138955866137337
-0.0343174956874317 0.00607277503210716 0.132777776993325 -0.153654537674046
-0.0391531939034796 0.00711874240802836 -0.0991079762553741 0.17676561155253
0.000948080505720555 0.00912521663961759 -0.104306315549925 -0.101220777732697
0.0263686986780871 0.00878782379414734 0.202722302020568 -0.309802053976931
0.0216788885633304 0.0338999515025998 0.527171069046197 0.0139482926049113
-0.0317166412003694 0.0246478068153394 0.327639946212294 0.732982329988316
-0.0708166328465635 -0.0106870418610817 -0.472394750530199 0.765813971712424
-0.0500194336412699 -0.00764300709604113 -0.669425452859942 0.145103704688355
-0.0487566783120718 -0.011776598135354 -0.0793570626215336 0.0859466588355
-0.0599828160967031 0.0349189588343658 0.615785757180697 -0.101582022876772
-0.0128041055016826 0.0429861810744528 0.413948564531363 -0.745358511996611
0.0297734458125348 0.0186367684836633 -0.434228545965396 -0.707247823954493
0.0440225810475211 -0.0145205126215873 -0.62793398479652 0.0306169989418992
-0.00546015207860728 -0.0202295452404417 -0.199761284310936 0.355642474724258
-0.0190760165635665 0.00258928628701011 0.109493366246158 0.146230054961037
-0.0311698434637282 0.012273971871063 0.129262693156162 -0.151583534310867
-0.0327723121993304 0.0132412882555722 -0.104978049969291 0.174638792784591
0.00116334170647541 0.0176330360180845 -0.108975555389515 -0.0957538417974419
0.0209862764812787 0.020745441105282 0.199657626594053 -0.313754471237539
0.0143682311255248 0.0373850718867268 0.529659902300044 -0.00304502556766088
-0.0302197011451605 0.0200791765104414 0.34737315443746 0.717246876233025
-0.0613750265333227 -0.0156468325240676 -0.452573868522897 0.773444368731665
-0.0393958395637592 -0.00678448057170024 -0.669522857930855 0.159057493660341
-0.0390407769499948 -0.0116708865574207 -0.0873659977606777 0.087347828615535
-0.0487535359387637 0.0325965790138769 0.613007807676155 -0.0885873809993912
-0.00569434105697635 0.0358310901368461 0.433773977647527 -0.734444185132396
0.0282514489825074 0.0148109848237418 -0.416500189140771 -0.723200832977265
0.0368086463560822 -0.00851813536467064 -0.626456003662663 0.0128400984856117
-0.0075671136459831 -0.010467973792764 -0.204283967304078 0.352832807343145
-0.0190269452062872 0.0110969468733278 0.106876381354841 0.152322568438723
-0.0263104588718302 0.0186726172063559 0.124621312951692 -0.151077443694568
-0.02607341087857 0.0188240032793084 -0.109453990699034 0.171550674644914
0.00167493964297525 0.0227657985994037 -0.114924557565021 -0.0922410240084653
0.0172348082423391 0.0295083087719609 0.195913783442834 -0.318430976112003
0.00733012245288228 0.0431747112963603 0.533377745335852 -0.0192746228397615
-0.0281590767392491 0.0169964501646014 0.368398687606884 0.701954528890357
-0.0511666054363397 -0.0215819957799209 -0.428615722415291 0.785894574018731
-0.0257427278148284 -0.00881187146525052 -0.665966414876375 0.173166331955819
-0.0272692895668838 -0.0104197615610626 -0.0919053665952497 0.0905798350584752
-0.0365480850539025 0.0281780224632426 0.61662298790327 -0.0729933895880909
0.00329288234224568 0.0289701883281761 0.459355047590666 -0.72531784721307
0.0274460534131063 0.0106633635189248 -0.391238417080845 -0.738289337844218
0.0311801849816236 -0.00168916176269664 -0.625770966342901 -0.00860995813032074
-0.011654951187209 -0.00176604797311567 -0.208150690085026 0.349085256792492
-0.018902441059141 0.0168663030642349 0.101958646608356 0.156775263332924
-0.0203352594568311 0.0241755313872918 0.120429334990876 -0.152921441227959
-0.0191969087832795 0.0214684209883343 -0.114902881689242 0.166101960106164
0.00266681140277945 0.0239716837335966 -0.12303804882934 -0.0910690166287064
0.0135451834600703 0.0336199414568008 0.190903740951885 -0.324505310620437
0.00331120005202082 0.0480138104265128 0.537308456341475 -0.0383157267598093
-0.0262145955698403 0.0155272629106025 0.393295137746618 0.685606921969331
-0.0430278721955151 -0.0266344834865555 -0.397878939655556 0.791749233383824
-0.0131518240055648 -0.0106626225640313 -0.656785625880799 0.18490886821336
-0.0136140872296883 -0.0124067365707909 -0.0918330308602942 0.0945646433182693
-0.0240241641055865 0.0241602043942401 0.623542396757304 -0.0610654119749376
0.0110104300549916 0.0223146405021916 0.488230308980722 -0.713421494081768
0.0265294121089963 0.0100770311147543 -0.364285938971225 -0.754313749613299
0.0254663505330335 0.00283279967822974 -0.620474795087491 -0.0279688248533573
-0.0158545408349067 0.00224891559817311 -0.213552659838908 0.344170310946496
-0.0186013267356949 0.0184601038648507 0.0974581152970325 0.157880628798871
-0.0161450694504905 0.0283508731672706 0.11720018751893 -0.15638481566411
-0.0133101573280807 0.0222558601120245 -0.118703083131122 0.160439021259948
0.00319871541851482 0.0224681920343391 -0.128484044041516 -0.093736580506274
0.0110166075863738 0.0344056771504009 0.185592692907363 -0.329312928819913
3.1880850428774E-05 0.051584066509425 0.541279150672228 -0.051415939670315
-0.0240479880142569 0.0166885900101592 0.416365442325424 0.672154790248561
-0.0372541607457236 -0.0307739134863721 -0.371272447791129 0.796489342616947
-0.00419378905182036 -0.014565544431347 -0.643589665146571 0.197975285437262
-0.00343629423857244 -0.0142575817340485 -0.0866377734508808 0.0967510306751153
-0.0146284030189464 0.0200534919112448 0.632494947853202 -0.0487394059897302
0.0169508138330699 0.0183259740632721 0.514926698794072 -0.70505084922399
0.0280148258383586 0.0101946198681173 -0.336044592121781 -0.7650028851869
0.0218759416507212 0.0060755544597444 -0.615517197291042 -0.0414559355078973
-0.0201316136872753 0.0018728108142795 -0.218075069814612 0.340313767179608
-0.0190886246335897 0.0176827887468305 0.0918879084536712 0.155774511399873
-0.0110236224307364 0.0292228859330647 0.113862916693626 -0.161969510844929
-0.0446491180615833 -0.00936697675956618 -0.0941452162076187 0.167165380177946
0.00188967670304647 -0.0193973664346355 -0.10484797011511 -0.121452930507872
0.0344202032865688 -0.021595452908385 0.197666148229569 -0.308592207960107
0.0332663077971356 0.0281170936130099 0.52945093837483 0.0309069838250858
-0.029370753207128 0.0409709706562025 0.335112371895902 0.741717654485257
-0.083562795003869 -0.00343419063053971 -0.456475789044924 0.752603508965865
-0.0589472132885108 -0.013797607461635 -0.636070829834443 0.134089108422497
-0.052594993012295 -0.0214098663586571 -0.0455253753661651 0.0857846823186437
-0.0703416047853774 0.0304460399205425 0.636737076988539 -0.117883072255226
-0.0230478528658616 0.0520351706849956 0.412603842301568 -0.751155780675992
0.0367571774394063 0.0318512596148804 -0.435898350702479 -0.683375854663781
0.0534771865146658 -0.0236639646606957 -0.617031569021925 0.0518281503617117
-0.00326030553303893 -0.0466775063223813 -0.197095508081513 0.350863543283732
-0.0217682244778696 -0.0236228280554194 0.106207261311176 0.125544061252612
-0.0339048157343071 -0.00254405779609762 0.132734926730792 -0.160927171316087
-0.0451909061452997 -0.00468328794265012 -0.0932677124034639 0.171592688499584
0.00130367031595204 -0.0114858759350566 -0.101514913240292 -0.113897889569782
0.033680068584515 -0.0133235428201108 0.200233988084159 -0.307224066809468
0.0319346585401558 0.0277788110153697 0.524398827458672 0.0330774945279196
-0.0316533636345781 0.0355872122029135 0.322967284414132 0.741740898582697
-0.0827147106671233 -0.00479507768683669 -0.468744390492311 0.751931924651806
-0.0604052275456108 -0.0117925095799935 -0.648899519566209 0.131558803646678
-0.0550493824838689 -0.0180518157507661 -0.0571494578715837 0.083556975880054
-0.0712868961570114 0.0333026955708739 0.624370281088224 -0.117236811518315
-0.0217650776548049 0.0508132054911407 0.402912425287175 -0.749608297411678
0.0353321388723103 0.0279804261140906 -0.442810718280587 -0.681984923766389
0.0519045593253806 -0.022739261650239 -0.619748648777684 0.0503948051334648
-0.00247820311342778 -0.0392974572504598 -0.195522065420522 0.353351543042183
-0.0214171725326047 -0.0161041753098582 0.109696742120359 0.132102364610363
-0.0348061799190052 0.00044832989954678 0.133365133869139 -0.156742327271144
-0.0429375110724457 0.00107433717996596 -0.0955461567418123 0.173793660295827
0.00130725452597367 -0.00181881398776237 -0.10155562307548 -0.106202956454852
0.0312425388987719 -0.00267942774405827 0.200909075635989 -0.30690949394252
0.0275295718770876 0.0287282564373032 0.522696966027921 0.0249649925962689
-0.0321521557601321 0.0295789969781317 0.321603987853205 0.735718273187371
-0.078203067021378 -0.00734247061456665 -0.474889351184482 0.754854133067995
-0.0572481142818465 -0.00916302860332652 -0.658518109123131 0.137168689519662
-0.0538109166880786 -0.0153354233652133 -0.0678296328162266 0.0841475117369318
-0.0667456363949957 0.0351408262847604 0.614773348314662 -0.111490392423591
-0.0180402891659246 0.0480943598777679 0.400757200684434 -0.746441973997412
0.0322418457041087 0.023758719955241 -0.442756139931221 -0.687113993520279
0.0492819122361424 -0.0198125416238822 -0.621763812210148 0.0462026659581948
-0.00316514868673461 -0.0299717939429035 -0.195046172824238 0.353755008296417
-0.0206925646624027 -0.00647954735435927 0.110515076638102 0.138740932027584
-0.0342751566538925 0.0060415780332186 0.13188637027617 -0.152835008771085
-0.0383241456773398 0.00791484025829932 -0.0987103365955004 0.174816198546767
0.00120524180895504 0.00928850611926264 -0.102603879827387 -0.0993308245797563
0.0262595888632411 0.00835611320935021 0.199319792788367 -0.3091822145402
0.0218419394781093 0.032666912248816 0.52394246858465 0.0125986790412537
-0.0317237728926347 0.024542543885217 0.330049824500198 0.725531107930687
-0.0704753638721047 -0.0110855978357816 -0.465841401744816 0.762383832641323
-0.0485040349093071 -0.00771523699626147 -0.664316255674267 0.147288787948787
-0.0485669126212733 -0.0121297752949169 -0.0789129380341027 0.0855065466304957
-0.0594912658280758 0.0340501603079831 0.609155527587221 -0.103061830924185
-0.0122318276064989 0.041851114340431 0.408520400178687 -0.74225162168325
0.0307086760739241 0.0189279739487309 -0.433871405878704 -0.699451975427483
0.0435435972073662 -0.0149364158806393 -0.623520115518015 0.0335108764840443
-0.0048077161163509 -0.0192387031303357 -0.195539973930475 0.353950564173038
-0.0197662287311666 0.00332910219934129 0.110072917194815 0.145196224311169
-0.029957425436761 0.0121855568172951 0.127813824871242 -0.150837831199832
-0.0316309367966273 0.0144373158057287 -0.102563576760641 0.172515800247832
0.0018509697872865 0.0164615057079829 -0.108138285372941 -0.0944879635628105
0.0205978955395193 0.0207625494589121 0.198020007072998 -0.312369618796271
0.0160923434948483 0.0374604548777911 0.52752580235068 -0.00481698532954486
-0.0302348697831771 0.0197885206018692 0.348725409236163 0.712447541648089
-0.0603510573737913 -0.0155005962362776 -0.44449651605995 0.770016121740033
-0.0384654882695445 -0.00638193977939462 -0.664083558497612 0.160440306175325
-0.0383173582584145 -0.0107204033146159 -0.0861565973184789 0.0871870870419994
-0.0481178515765436 0.0320368844596273 0.606842986226716 -0.0907737932159741
-0.0045650083059844 0.0351463854321506 0.426569508049721 -0.73077231491183
0.0282645255325539 0.0146224296381674 -0.415023377961946 -0.714495658464494
0.0376714172654065 -0.00835111764647516 -0.622698080407845 0.0151718274523263
-0.00737621410092701 -0.00933841997951055 -0.200937627244035 0.351489861831077
-0.0188943765601334 0.0104197111689719 0.106365812444578 0.151347701760275
-0.026077959765282 0.0188123528602898 0.124271414736471 -0.148987441450422
-0.0245538840241065 0.0189312670732018 -0.107878809839277 0.169400891699289
0.00161328641987381 0.0218190308896805 -0.114884711958131 -0.0906487804806139
0.0170250843288789 0.0289591447835438 0.193266876096682 -0.316667939286609
0.0084930901470549 0.0428998305848499 0.530921421861619 -0.0227264487361571
-0.0290542034347312 0.0160498374379846 0.370813325927715 0.69559207810331
-0.0511788094861802 -0.0210718167307114 -0.420805820314995 0.779057205984491
-0.0252499981666586 -0.00829252487213732 -0.659923916422945 0.174841772546817
-0.0255287265052996 -0.0110787936616178 -0.0894579564702897 0.0907813174804144
-0.0355553525381951 0.0286496389107284 0.611062985964907 -0.076722643719055
0.00275737777557392 0.0280828448473053 0.454256044519072 -0.721218297026811
0.0266227693938733 0.0109578749700565 -0.390697090724772 -0.732086632964069
0.0317435160097291 -0.00351417245565097 -0.622318731607982 -0.00394196954512061
-0.0115020838968099 -0.00239355857486927 -0.205852998908126 0.348435133040353
-0.0189372155806833 0.0167043763456982 0.102059867737619 0.155005126734787
-0.0200567096053577 0.0243156564872897 0.119782623406545 -0.151752043242819
-0.0184536921048986 0.0223593683291862 -0.113793815599385 0.164508234911164
0.0034283073617936 0.0237120069150358 -0.121106466496462 -0.0901871607679821
0.0133746367654576 0.0347051952781594 0.18864554723897 -0.323884870311725
0.00405203721132715 0.0472984917364658 0.533373114967004 -0.0392117225918205
-0.0268631837172321 0.0159831801167572 0.395063741083529 0.678352396791182
-0.0432860628901243 -0.0256641238178308 -0.391511793591467 0.787021087193977
-0.0133693486698259 -0.0108331963054956 -0.651212935294903 0.185748503239909
-0.0131316779361539 -0.0119336486281546 -0.0896493520686841 0.0936197244972892
-0.0233918403604543 0.0243520141092381 0.617324830362604 -0.0616141750365164
0.0109651459759421 0.0217293770126686 0.480353855874904 -0.71054156417228
0.0261953299759596 0.00945190742285688 -0.365034990444932 -0.745912028156394
0.0259263517521837 0.00204203025938167 -0.617233859079678 -0.0229241906595713
-0.0156178127892689 0.00211312199128108 -0.209826918391276 0.343380013947968
-0.0182123768161641 0.018954934642425 0.0978666130451789 0.156756283126702
-0.0156542707699466 0.0273858246814887 0.117446030412207 -0.154733569195565
-0.0126054737456568 0.0230975149795618 -0.117502899916977 0.159382574469937
0.00433474670336188 0.0210826158342773 -0.127928363796866 -0.0924678596849473
0.0112796763508162 0.0347348827350934 0.18412806228546 -0.327614618905349
0.000727205815249387 0.0511682552931838 0.538594247646256 -0.0548102910321427
-0.0241360645502361 0.0171910040916029 0.419621977210537 0.665495652447204
-0.038055768197246 -0.0295956842953613 -0.363865374283981 0.792478867897236
-0.00322252819948768 -0.0150377795611212 -0.638309633027856 0.197971620951518
-0.00256449507311392 -0.0143772754709601 -0.0854926298237334 0.0967670811198229
-0.0139334721203955 0.0199349968861075 0.627314911616817 -0.0523756377435576
0.0175655713277002 0.017700914460533 0.507974170134878 -0.702277553313988
0.0274554620394615 0.00955537616815436 -0.337916970401797 -0.75783310160999
0.0210016206760508 0.00644034909395939 -0.610912267148917 -0.03748401961211
-0.0194039808020916 0.00228810252973953 -0.21363300271264 0.339991820520834
-0.0188311366367792 0.018233587492707 0.0923122875130135 0.154521998753587
-0.011283733331944 0.0292255231531509 0.113376319848241 -0.16059289056873
-0.0440054831901616 -0.0084482535830372 -0.0926394671992047 0.166218358132047
0.00176837171992316 -0.0196624185545737 -0.104431613540241 -0.119067977291368
0.0335472987477014 -0.0217390196031258 0.195839185973854 -0.30695322673465
0.0342025134917681 0.0280608835456843 0.526160691850044 0.0280613206192156
-0.0299124224272247 0.0408742927242884 0.338272096919833 0.735638227712163
-0.0830619500275056 -0.00313069743493227 -0.450438681457127 0.748193302895963
-0.0577227054249865 -0.0145942501513095 -0.632618276284658 0.13458052026888
-0.0516180313151231 -0.0209396245001731 -0.0448689424909574 0.0856780004747232
-0.0692506158809389 0.0304671276793659 0.63216952865046 -0.118366911402534
-0.0224448064505875 0.0525915620836777 0.409273539086492 -0.747936128957097
0.0371839356872182 0.0317075356565973 -0.433507718282296 -0.677159991375893
0.0537271690253834 -0.0242579471962492 -0.613737064243517 0.0537829808966058
-0.00370025634186785 -0.0462231148343645 -0.19349061622461 0.348983487662824
-0.0218274339133686 -0.02336755065502 0.106414159166259 0.124968671770624
-0.0349149078529945 -0.00202791193798588 0.131842861318651 -0.160025840663825
-0.0446569305742204 -0.00489330925035379 -0.0922476875036986 0.171399585647424
0.0016835051225288 -0.0116160293285632 -0.101611564637697 -0.112965932299591
0.033266864296131 -0.0127272921446367 0.198800186465947 -0.305384008925809
0.0318689090737852 0.027714213050834 0.523387512006837 0.0316160669900532
-0.0317412020739676 0.0367290221809417 0.323933498295331 0.734511414916558
-0.0829684184521957 -0.00383730909358885 -0.464548957784458 0.748756538727364
-0.0598737357940042 -0.011357509352815 -0.645305430934836 0.133004928386558
-0.0543878864179032 -0.0184044266450087 -0.0562448938577332 0.0843833760511608
-0.0695397866646996 0.0338336222496065 0.620732255756578 -0.117099100631606
-0.0216893356960088 0.0498997297782347 0.398362123488284 -0.745709148490402
0.0345923277593035 0.0278535273727985 -0.441822537117021 -0.676246876095539
0.0515807319644568 -0.0238795274570315 -0.61644000939773 0.0535019022566598
-0.00270649717929348 -0.0387169163703014 -0.193412820911946 0.351080543842175
-0.0217633846323639 -0.0159085647509325 0.108840770270376 0.130201282577676
-0.0360070230697552 0.0012736394889004 0.132663777410538 -0.154898290272154
-0.0418490044893822 0.00226750446377411 -0.0941968219994705 0.172589347518717
0.00069731688816881 -0.0025697019292687 -0.100998725914579 -0.104391606868054
0.0305536071158606 -0.00280652181858451 0.201015539871579 -0.304152472320936
0.0285777065518809 0.0291530745875942 0.52067479716227 0.0230666642521542
-0.0320031278144075 0.0295427192032253 0.321784223244565 0.728994703159868
-0.077384567821073 -0.00713916625552179 -0.467231272058241 0.750959778500191
-0.0565962412966375 -0.00858192890110353 -0.65429103229744 0.139081272273174
-0.053925231060037 -0.0147061230550897 -0.067546180229599 0.0843051323478133
-0.0653019337119866 0.0350506326979145 0.610283641165088 -0.113038886422255
-0.0179015153286222 0.0470972590128097 0.396163945946303 -0.741719634969322
0.0329078296334081 0.0231627197550818 -0.440424114252407 -0.679985410121669
0.0486979928678454 -0.0191693635631554 -0.617741899927873 0.0483329969854185
-0.00271633076495781 -0.0292530402028339 -0.192292784005996 0.354031460002425
-0.020680465275316 -0.0061036234250179 0.110319933842501 0.138349981434081
-0.0341491865402792 0.00680217073100399 0.13143291544399 -0.151138040298612
-0.0377242159998543 0.0085525768538379 -0.0971643481212165 0.17318871469848
0.000954531611737289 0.00727251337105039 -0.102092169746107 -0.0970064202349841
0.0265491086252305 0.00882172666204381 0.198412988956216 -0.307978505288975
0.0214568723790961 0.0331960759699297 0.522106883100581 0.0109977275683139
-0.0324763254304017 0.0241484187592305 0.331755754181372 0.719596896599316
-0.0701208700738979 -0.010424517222022 -0.460225616687792 0.757847231381298
-0.0486025558214691 -0.00728301640775113 -0.658588849284384 0.148317460414895
-0.0475143642459759 -0.0122729885936121 -0.0767659205194962 0.0850493026891423
-0.0581569188992499 0.0342224692933171 0.60407871927637 -0.10536755580256
-0.0119720836953917 0.0417818743465787 0.404149543806408 -0.736629908346717
0.0302306210798548 0.0180668944151663 -0.431573096356171 -0.693710887789123
0.0432204561160733 -0.0146548155873225 -0.620224971270281 0.0357377515759922
-0.00475900765527754 -0.0187924904501506 -0.193555445837406 0.351982612082845
-0.0198761685743367 0.00369959757963255 0.109230400120481 0.144512099130554
-0.0310142405763644 0.0124406345612899 0.127427673179052 -0.149322589575152
-0.0314015007250257 0.014890367661928 -0.101812841064831 0.170531305316953
0.0021460630032759 0.0153342085460786 -0.10763226345257 -0.0927191477360707
0.0218729099323464 0.020288645502129 0.195859416164959 -0.311980755676894
0.0153238720185948 0.0376511227598753 0.523746985757125 -0.00616287049179041
-0.0309962058012708 0.0192204447013381 0.352030428500301 0.706469140072996
-0.0610319882605408 -0.0156094157582895 -0.440506041348779 0.767716205403445
-0.037129150198541 -0.00675944443090643 -0.660044271937333 0.160921762182064
-0.0380831812804016 -0.0112718712468732 -0.0852476148733915 0.0873578794389717
-0.0481821506185828 0.0315787126590757 0.601994466254774 -0.092491227923032
-0.00428642345477982 0.0355350781330032 0.42224017712498 -0.726117445915297
0.0280482591809857 0.0142014501731891 -0.41364141824738 -0.707072891194874
0.0376926760152512 -0.00889307120309845 -0.619073612474657 0.0186241075064378
-0.00692592114371102 -0.00944503874907383 -0.197498730662846 0.349693102772048
-0.0193650038702476 0.0109902296666764 0.106545289595149 0.150230286010546
-0.0257301170706114 0.018997249577142 0.124260167124808 -0.148076909201657
-0.02473416062032 0.0192473570217201 -0.106098760753396 0.16724416811119
0.00177959453685111 0.0212020540836209 -0.114133388220082 -0.0882043639162088
0.0169741445161033 0.0289444886307767 0.192873696806431 -0.316115946352572
0.00998341426041483 0.0429549179063875 0.527218050305919 -0.02455122104309
-0.0293653773068191 0.0158275932990572 0.371478728496845 0.690154387423903
-0.0515190976927513 -0.0206497160775741 -0.415396536719876 0.777927417858576
-0.0242404016939119 -0.00886878662342333 -0.654856918485235 0.174362107932632
-0.0249478411828818 -0.0108695312633674 -0.0883529221378447 0.0902844630757413
-0.0354305336718977 0.0286055123828561 0.605733865760259 -0.0785187319953034
0.00376984900288285 0.0277247053396737 0.44967204412645 -0.716754148725555
0.0264162641802211 0.0107255971697346 -0.390196148813229 -0.725062889583605
0.0308394287242624 -0.00319852908734594 -0.616943240522911 -0.000351538360022775
-0.0112441011501879 -0.00185794433073034 -0.202216740074863 0.346089972528886
-0.0188460736499285 0.0168150206887425 0.102425379993611 0.153822674548309
-0.0204437709642255 0.024714809391547 0.119584949891534 -0.150645532320903
-0.0183017563057566 0.0234837748893702 -0.112867341792726 0.162303783427587
0.00317018343627026 0.0220675410904725 -0.121582596826927 -0.0889726487201134
0.0139522772412127 0.0345037490436746 0.18755908218323 -0.32234131401027
0.00481490483602446 0.0469740760109492 0.530907622791009 -0.042652435888409
-0.0271408960554062 0.0151746471124014 0.395602441655517 0.673000706780062
-0.0431852311827864 -0.0250724099777661 -0.38635934540378 0.782080590729007
-0.0118040545362268 -0.0113320561558546 -0.646079470417946 0.18779635043994
-0.0133480038284534 -0.0119244442286948 -0.087593157164048 0.0928238358895145
-0.0236586286131251 0.0240938358005801 0.612302970194197 -0.0647840213606041
0.0114843954763617 0.0225696252832366 0.474570204181742 -0.706870762571718
0.0267431377691299 0.00922316049094889 -0.361882308619901 -0.740016681619445
0.0265031407025199 0.00210714229008613 -0.613688592003324 -0.0217907137729147
-0.0152707810068353 0.00207215122549248 -0.206729043485089 0.3425869162581
-0.0185758779391243 0.0187465628637483 0.0979653136262518 0.155047535444086
-0.0163332468022958 0.0285772382402886 0.116781501701329 -0.153590540212095
-0.0120166228582895 0.0228905784486587 -0.116291247799886 0.157747162648841
0.00454931958807327 0.0205099082927835 -0.127670032128323 -0.0903568454025237
0.0115933625919327 0.03405824073163 0.182587528495209 -0.326476012450931
0.00157222371049183 0.0509010901454208 0.535143241590197 -0.0563220244169616
-0.0237523251173473 0.0170004971288537 0.419709996653347 0.658001477880388
-0.0376097171821085 -0.0287283078500591 -0.358041919500756 0.787774331739325
-0.0025742299788718 -0.014157031326399 -0.633135083469706 0.198782321582101
-0.00194112103919992 -0.0133828312778684 -0.0829492155924697 0.0962309365338134
-0.0139334085633784 0.0197940449952295 0.622909746495612 -0.0526382211904535
0.0176258142603446 0.017645425571329 0.502738569590405 -0.696697818098807
0.0280835269903836 0.00936226998390012 -0.336945859674432 -0.75231282894339
0.0224271568373041 0.00604905407944722 -0.607829446122431 -0.0348764361604701
-0.0191936733280847 0.00206190199731757 -0.21211081692502 0.338938299371779
-0.0196640231446375 0.0174929179806575 0.0915721595971969 0.154143135530268
-0.0113219878336557 0.0298873661394546 0.112210794018643 -0.15919676697521
-0.0441419921581647 -0.00794517355212784 -0.091904757343606 0.16395732450618
0.00226462710998881 -0.0201167350432656 -0.103484711304041 -0.117524915866738
0.0332230990583459 -0.021057147325705 0.195524758583667 -0.305962374725429
0.0346041751044422 0.0272767939885556 0.523173502360843 0.0270149940946873
-0.0300947032102122 0.0398297448493895 0.337054875462831 0.730856836771683
-0.0830383440505152 -0.00333600838005287 -0.447020968009235 0.743991476663491
-0.0564707172688757 -0.0134112429298133 -0.627816813163728 0.134787206114865
-0.0513654322365224 -0.0207485561980593 -0.0439274183938772 0.0852639263077395
-0.067899108243575 0.0299733872233618 0.627840886690512 -0.118428565459412
-0.0222852846749321 0.0510544618146773 0.406267047663779 -0.741816846274625
0.0374359690560181 0.0310278796865546 -0.431265029909738 -0.673236843927823
0.0540165700175416 -0.0236076896640841 -0.609815039306561 0.0550507786735125
-0.00262767524993402 -0.0448571456781609 -0.193113525567559 0.348409577653174
-0.0218674472844168 -0.0226959552802482 0.106465192358942 0.124010116199067
-0.0344829437047444 -0.00136522974258154 0.131866773185322 -0.158793302019348
-0.0438209387799929 -0.00370756670840957 -0.0911407606891297 0.16871124449836
0.00188931506596113 -0.0130036543590437 -0.100900301183343 -0.111170863158976
0.0330854588916556 -0.0135108620895388 0.198035266177222 -0.304462601495264
0.0329865975027273 0.0280939306059345 0.520207610979285 0.028528346203811
-0.0312157154788122 0.035346129061322 0.325377798204744 0.73155104892522
-0.0820022951342076 -0.00378485787759494 -0.46044020537184 0.742687258115082
-0.058016774461116 -0.0120811269520303 -0.640595230182983 0.131457580065994
-0.0539314156473238 -0.0177294936004508 -0.055064291399767 0.0842527916442443
-0.0682571983946774 0.0328403697746302 0.613825510188349 -0.116243825726867
-0.0216550556148797 0.0499988020130034 0.393586265713942 -0.739745204138607
0.0345316518022608 0.0273962739384623 -0.438304862437732 -0.669933502104647
0.0522785950927554 -0.0227708325419116 -0.613323142112681 0.0533528330600273
-0.00188455604348608 -0.0377331823222033 -0.19209115842382 0.349249453102953
-0.0217346853870065 -0.0156980263533075 0.108605872079493 0.130446340891093
-0.0363677702822976 0.00217579555899852 0.132425743738249 -0.154090935092941
-0.041431391271365 0.00228813791091178 -0.093075985294935 0.170998474377952
0.00174492723575715 -0.00212187040001273 -0.0997069192527274 -0.104232244063693
0.0302534787686213 -0.00233097617096167 0.199082456072139 -0.30437866136485
0.0288500140961086 0.0295540419769136 0.517589368879943 0.0223437910610318
-0.0320052144541128 0.0295776918473683 0.322488358506875 0.724375863026543
-0.0777630091454169 -0.00647711298497231 -0.463148852202204 0.746786561692199
-0.0549473469658802 -0.00947011217490274 -0.650291226650613 0.138021338427196
-0.0528753053006518 -0.0147290643687307 -0.0670492906265062 0.0840285151430906
-0.0651395095496208 0.0345878980723905 0.605610110641651 -0.111846875724314
-0.0176791368243105 0.0472118047994366 0.392244771959528 -0.737201134536182
0.0328040747262126 0.023461541637484 -0.438801709237195 -0.675392704033528
0.0480875681022986 -0.0205171542027556 -0.614689451634264 0.0501383545649553
-0.00205939280127493 -0.0282330405102952 -0.192575509324894 0.351561234808651
-0.0205301955898971 -0.00574539042941466 0.109518638974325 0.136884028258871
-0.0341081168543581 0.00748033017936314 0.130985392511987 -0.150133779666469
-0.0368756479683403 0.00821306158826073 -0.095889900460373 0.170580648693453
0.00160470561723601 0.00697700920361125 -0.101868685829231 -0.0969751476287117
0.0256436435131798 0.00944813841435048 0.19812299842987 -0.305846690351056
0.0222790385701139 0.0319935343713633 0.517878045152728 0.0108058937894724
-0.0323073400632016 0.0237262680592797 0.331790985284409 0.715938932568344
-0.0691160686274106 -0.0107578740205635 -0.457531982737834 0.751857340151589
-0.0473136683409398 -0.00780099687188363 -0.654446253037196 0.146981280412576
-0.0467641820001842 -0.0118508475355008 -0.0756435533851809 0.0840807424087378
-0.0572278024707559 0.0340766516521874 0.600207827698767 -0.10379796150022
-0.0112062358285159 0.0414861549989883 0.401739220881555 -0.732024309835161
0.0301869377300252 0.0185268174763179 -0.429922600501711 -0.688955715595259
0.0440150589573452 -0.0147833702397083 -0.617266045983741 0.0365191866208369
-0.00411573867815318 -0.0181451527681872 -0.192795869415031 0.350505532488947
-0.0202929507204945 0.00348143807711414 0.108855276344537 0.143340032030364
-0.0308090756477705 0.0128786083575868 0.12748425389374 -0.148152530389742
-0.0308287962107046 0.0151824672590544 -0.100942275723249 0.168601700830028
0.00175424599235628 0.0150734127069115 -0.106101898679169 -0.0921712825037249
0.0205687924842935 0.0195564486654482 0.194770319434504 -0.309912882197591
0.0163766600472645 0.0366994186137051 0.520869904519029 -0.00695301176094929
-0.0312317401694834 0.0197392342301762 0.350135543312028 0.700893372739027
-0.060663258845363 -0.0151410835208846 -0.437195540691392 0.7620364322657
-0.0355506881932921 -0.00744114609954141 -0.656140939459972 0.15997704525721
-0.0367390293984827 -0.010983481994069 -0.0835283750101306 0.086635975615214
-0.0467097904555765 0.0311054490659226 0.598496395310804 -0.0918448445486287
-0.00460084122481236 0.0344157556617088 0.419511263603922 -0.72318665996396
0.0284202979426156 0.014203818646738 -0.412430573947753 -0.701009078684301
0.0373991105669903 -0.00890734163402314 -0.615810443376501 0.0202431683312371
-0.00611142306913747 -0.00876840380142203 -0.196396590867762 0.348222665623381
-0.01885397189627 0.0120557454672986 0.106064311499624 0.149228438268029
-0.0264713505869897 0.0193528653772971 0.123687503044733 -0.146847906761737
-0.0237815998192291 0.0198581009800988 -0.105590512885745 0.165813343477417
0.00228078489219202 0.0203968213903947 -0.112820667778393 -0.087076500254624
0.0159024835638991 0.0288126274832912 0.192511607944818 -0.314326268150322
0.0104555507298914 0.0421835997491381 0.523420785159675 -0.0245514629775691
-0.0298169100025814 0.0165581931513757 0.3705037947842 0.684588492870186
-0.0508026497240946 -0.0208373517245147 -0.413606603740811 0.771497660181237
-0.0231899214088091 -0.00826627162061788 -0.651346578704755 0.173142269797076
-0.0252032668274893 -0.0102084377352824 -0.087359072735418 0.0899067943273674
-0.0346555458242067 0.0279784693547282 0.601245003818017 -0.0793835532898173
0.00382918929874982 0.027678856328056 0.444386869130914 -0.712618811126779
0.0262779313670116 0.0102207406957147 -0.387874402523028 -0.717965037562431
0.031124421851482 -0.0035639942200731 -0.614916434038783 0.00111586088751237
-0.0111429792808803 -0.00111415425043176 -0.200371574270955 0.345004090928388
-0.0185127105131246 0.0169489091157206 0.102555336131586 0.153165903994267
-0.0204291033413845 0.0247533460212952 0.11966628967786 -0.149368834891662
-0.0174652561798973 0.0231594233599024 -0.111659762003838 0.160740118691086
0.00344525687849254 0.0214848437048372 -0.119465129987518 -0.0875513185500685
0.0124829582471672 0.0337559324889068 0.187410184726895 -0.320251756832067
0.00459081995212278 0.0468378648358569 0.527709065870555 -0.0420999222610179
-0.0275661524842569 0.0158373758885653 0.395936327566045 0.668704989502496
-0.0427912144968959 -0.0252309428260228 -0.382571728079259 0.778364177256152
-0.010808511431767 -0.0107591638460637 -0.640686971691686 0.186666620770984
-0.0125193671365185 -0.0124774025226249 -0.0872153126404147 0.0925267859836948
-0.0219295221250185 0.0242119318654907 0.609162430039333 -0.0645627684629962
0.0115597343900739 0.0212297656815926 0.47107224818132 -0.701126679159643
0.0266614605339386 0.00953224244630959 -0.362050721304266 -0.733517358716748
0.0254333439208357 0.00133139796546746 -0.610370084482491 -0.0185380740041891
-0.0155623632204579 0.0029295424837758 -0.205821788884447 0.341616730365655
-0.0180843142469485 0.0192360077877091 0.0968725449145852 0.154088804244956
-0.0156429661051625 0.0284154754464516 0.115260697603488 -0.151911200660581
-0.01156509621287 0.0234185336179179 -0.115123857314628 0.1567456282105
0.00475429983200089 0.0189259621117706 -0.126792533773131 -0.0893175463420263
0.0111997822835297 0.0337176703529694 0.181269750544963 -0.323694227477011
0.00260903510364751 0.0498023322970271 0.531729657452651 -0.0567517510052268
-0.0252465227945105 0.0164562239362852 0.420036152867205 0.655084696466488
-0.0375476249862703 -0.0290477902349072 -0.35603702801926 0.784711579703954
-0.00180821657020306 -0.0150480863292472 -0.631622321885906 0.198732593400584
-0.0021384726256483 -0.0137209030080007 -0.0823520817284091 0.0959710403194882
-0.0136046619426794 0.0201071164412776 0.617617255905844 -0.0531928575782304
0.0171194814141668 0.0183698661001967 0.499919665349834 -0.690758153551451
0.0269528620312427 0.00913185635864147 -0.336005154109817 -0.745812383622626
0.0221598842357365 0.00576097923245101 -0.604869468306783 -0.0326394219007744
-0.0179775196510714 0.00325758834497525 -0.210625490489133 0.337597474543999
-0.0188527878332159 0.0174899423850488 0.0919149727694443 0.153282765997564
-0.0108354242028909 0.0302051669551327 0.112547312812215 -0.158479887469836
-0.0439391988479559 -0.0074812030697218 -0.0910162973090686 0.163440683866872
0.00336282472034668 -0.0212818094666462 -0.102629100769313 -0.117211336603219
0.0333662520299399 -0.0205536767641215 0.195295516770728 -0.306455357549198
0.0353676909203319 0.0263216541696351 0.521642524528806 0.0272667974352999
-0.029926596865186 0.0402417454209907 0.335914405843082 0.727292986724013
-0.0832880917880603 -0.00349797691592344 -0.445071616518646 0.741319198281125
-0.0557536378642078 -0.0147518737201099 -0.6245820367395 0.133595886063967
-0.0504117568877569 -0.0208717010744375 -0.0433715208855804 0.0853526963843608
-0.0675269842932985 0.0297323466676983 0.623871386244828 -0.117125869293115
-0.0224425942432247 0.0518293028622614 0.404009981181159 -0.738070912875001
0.0371667074190501 0.0307244940489278 -0.430185267131578 -0.669942959485444
0.0534473589148786 -0.0235234613155084 -0.606599243838428 0.0564685186889285
-0.00236151552139298 -0.0439929862845272 -0.192406501833271 0.34730845427594
-0.0213953364110992 -0.0226845798315072 0.105500970813919 0.123755174072356
-0.0346442382420156 -0.000335334237879306 0.131485691203914 -0.156826759917941
-0.0430193008518274 -0.00302037185931085 -0.0908714969601568 0.167080801511784
0.00178590601999455 -0.0122539476380524 -0.098450904402101 -0.110706846435435
0.0328142967630727 -0.012269357085329 0.19760300843778 -0.303105716656454
0.0331289698212925 0.0266419781495636 0.517513642594671 0.0300140673046911
-0.0319694984069898 0.0350440336054713 0.32510618572233 0.727428506343376
-0.0820712861196642 -0.00439310760164753 -0.458242582994036 0.739529857722248
-0.0563455659016496 -0.0121344509098413 -0.638205463851063 0.13129713460092
-0.0529039928369447 -0.0174866885149514 -0.053445490577173 0.0828589176231609
-0.0687069996035507 0.0328537503528535 0.610739733646061 -0.116451167535211
-0.0209038725615003 0.0504044632688248 0.393161623126974 -0.735983483624202
0.0348547404904713 0.0272197820224835 -0.437677874472823 -0.666032439195496
0.0516766164334382 -0.0225361752564949 -0.610204646622454 0.0564286402746295
-0.00150008878274677 -0.0365778257772246 -0.190770703738016 0.34868938109216
-0.0219406279674937 -0.0152629244251819 0.108814693738368 0.130273707603953
-0.0356554909032678 0.00230964427064801 0.132074157010207 -0.152067714284783
-0.0416501224456486 0.00218157558087853 -0.093105705462947 0.169570940882645
0.00103439224020195 -0.00315118656974157 -0.0989132819470343 -0.102404971700393
0.0296883069982391 -0.00214847526011276 0.199550492703418 -0.303895894321652
0.0286986549085631 0.0286222099919286 0.516274791106921 0.0216546226828765
-0.0325631096438709 0.0291378393092769 0.32123360360085 0.719689816067443
-0.0774597178803963 -0.00721949658599276 -0.461848210279609 0.743496404355912
-0.0541434142217793 -0.00978237506189895 -0.64719266355517 0.137849471810496
-0.0522267953842055 -0.0142779210060152 -0.0655456551016871 0.0835697157889458
-0.064483511268883 0.0341816380900348 0.602562177891523 -0.112215491757388
-0.0172425323969156 0.0467641163890395 0.391433351532356 -0.732608016890043
0.0325267955041719 0.0230497628932956 -0.437014421792324 -0.672619637961084
0.0485422317722566 -0.0203979689243209 -0.612786856422029 0.049311594294114
-0.00248534471620784 -0.0275980427186139 -0.190206159499816 0.350190771699031
-0.0209636954303727 -0.00603552235697126 0.109576556742659 0.136073461168105
-0.0350182590018746 0.00796199107435364 0.130559357336553 -0.148666425069395
-0.0365447401143671 0.00966086511167291 -0.0953308408591939 0.169354646012082
0.00174361969985235 0.00626782772980646 -0.100866429146387 -0.0957354074625681
0.0261226771228157 0.00905412355068791 0.198853340901219 -0.306495169498242
0.0234441923651053 0.0314828141287379 0.51685022588758 0.0104559177693115
-0.031865177731963 0.0239535360039161 0.333323529146871 0.711620805281028
-0.069978719731134 -0.0105741571460288 -0.452623570528648 0.750869930118955
-0.0455378540607472 -0.00695136440454392 -0.651561680036407 0.14560547093503
-0.0458083893316716 -0.012495023630235 -0.0751617594633922 0.0840690592110612
-0.0577416460496422 0.0337585682192608 0.597061295460955 -0.103279722035593
-0.0111528790568898 0.0414328996330161 0.399755369343047 -0.726692756281795
0.0297362024487642 0.0179940377301527 -0.427429462851919 -0.682841501739735
0.0435015006818664 -0.0153554608371548 -0.615092030611655 0.0396827322456961
-0.00441405761869349 -0.0174191558419558 -0.190032395382373 0.349542899308366
-0.019966122147698 0.00337344479124151 0.109231478280272 0.143180483661512
-0.0313734758934385 0.0135714331319304 0.12710337376731 -0.146573929778802
-0.030512862395458 0.015444869396378 -0.100299830215488 0.16761323982449
0.00190244391224496 0.0141251351820115 -0.10523306418126 -0.0907782592938473
0.0209184236510344 0.019928417068416 0.195350689483696 -0.308877295945004
0.0165737146404359 0.0363953111324788 0.51889776101923 -0.00701841455642608
-0.0310163930543812 0.0190795313959679 0.350746121203804 0.696495185703931
-0.0605193468947095 -0.0150208406493375 -0.435370709444036 0.757547999138586
-0.0358934435142166 -0.00744717917311109 -0.652836032241516 0.159567174789856
-0.036526604148266 -0.0108237434120875 -0.0831162444119123 0.0866629789521053
-0.0458026605416507 0.0309018316254561 0.594109963978038 -0.090837535739886
-0.00397554215104737 0.0349906214389902 0.418019698196005 -0.717110264984853
0.0281142775824053 0.0138573173284764 -0.411274554528644 -0.698640365407957
0.0381022109282563 -0.00949610099455636 -0.614091714028256 0.0214698300434416
-0.00668453816169802 -0.00749581543101644 -0.195766440673526 0.347391676618983
-0.0194908742626448 0.010690074225006 0.105832479765281 0.148747653165157
-0.0262212837968887 0.0190098723435497 0.123195185862446 -0.145134134905697
-0.0235019688472623 0.0202964313508879 -0.105420708175785 0.16453394109151
0.00267136244061268 0.0193532494740096 -0.110949243937196 -0.0869159533992085
0.0166071452879838 0.0285047138612136 0.190912806650716 -0.313415079661362
0.0103441603338462 0.0420008743264105 0.521434154016637 -0.0245824659751751
-0.0296450879989432 0.0154273536336441 0.37077531496491 0.681725974192624
-0.0510364269701001 -0.0204026609758785 -0.410108563520819 0.767956935509851
-0.0220665502173848 -0.00782219359629062 -0.648672298035257 0.172748419924015
-0.0245375903911406 -0.0106251060256968 -0.0868630205646402 0.0892608187460336
-0.0340865851263894 0.028298101224462 0.598185591780906 -0.0779758672832499
0.00420556659523131 0.0276294761656959 0.4432960106071 -0.708091429745211
0.0264739589974124 0.0107665822200009 -0.385413772451311 -0.716952195223974
0.0310191300807704 -0.00298746659301106 -0.611856844700269 0.000767698957295976
-0.010231148242776 -0.000862351366161831 -0.199352863067648 0.345541937463436
-0.0184499162873242 0.0170658149390123 0.101176180911145 0.152616544865026
-0.0207755502559575 0.0250958828671962 0.11869397420247 -0.147960482956686
-0.0167349268786331 0.023386945592196 -0.111171149426866 0.158810910139247
0.00355909583141434 0.0198217994371506 -0.118535259605804 -0.0868438324479745
0.0135364941343735 0.0331561328645524 0.18678673513032 -0.31973867039028
0.00597961869564077 0.046228147666356 0.525489490022674 -0.0429312277845678
-0.0273226299161168 0.0146464228954986 0.394204198748076 0.662915684873811
-0.0426095694451591 -0.0254618086593463 -0.380327538477629 0.775895646979013
-0.0101601942544689 -0.0116419374951131 -0.638661507169608 0.185926603028169
-0.0120942303002704 -0.0116336175020768 -0.0861693176238913 0.0919771193129344
-0.0223052657653352 0.0233871190793962 0.604878904481792 -0.0634972381845734
0.0123688920941416 0.0216593101928383 0.470351058776838 -0.696858180175279
0.0268900244032417 0.00886448548475154 -0.360128671450951 -0.730632972345771
0.0257860562727985 0.00194121097391493 -0.607528097401357 -0.0180014210528099
-0.0146756170839908 0.00390415022245975 -0.205585916001753 0.339799660181879
-0.0183868091841309 0.0192980675367332 0.097309862959182 0.15448886096031
-0.0156830257312772 0.0287364296064768 0.116034293645394 -0.151137942292122
-0.0108707374581223 0.0244446675415789 -0.114656606334204 0.154341119486553
0.00526890803601613 0.0190198233532711 -0.12486136354675 -0.0883119013887188
0.0106795663410769 0.0331968325767039 0.179496847038741 -0.32330310164341
0.00243548349353571 0.0496446313927538 0.530678572113182 -0.0560525525276722
-0.0247221509187767 0.0166343994373552 0.419899037964981 0.651534600802818
-0.0378574589302165 -0.0289429200429533 -0.353735532931157 0.779691783564261
-0.00155233604620996 -0.0146757993441228 -0.625517475301346 0.197931543930272
-0.00198264562629524 -0.0141631865691252 -0.0813523361257118 0.0959318379735544
-0.0140295451592521 0.0197236747885493 0.615573600884541 -0.0538104464034404
0.0172654224339604 0.0176107837535743 0.496973983653623 -0.688587472283421
0.0277435817719401 0.00897495166355197 -0.335491170958961 -0.743731528368651
0.0230238813323381 0.00591848082841275 -0.602456220217417 -0.032165864243658
-0.0180436466701224 0.00314427499792009 -0.209339843560882 0.336532532779385
-0.0192044400873025 0.0175046283870892 0.0912080864431148 0.15242241476063
-0.0111589377285494 0.0300965946040697 0.11157651625077 -0.157116534703093
-0.0426974134361478 -0.00636781018359984 -0.0910593812803396 0.161304092657492
0.00248523781935976 -0.0211402962715934 -0.101594472761339 -0.116185678480909
0.033349221156831 -0.0206779978500494 0.196201087158304 -0.304813956167738
0.0357940675330781 0.0269561977558929 0.521104550723332 0.0264639287544734
-0.0300467442581018 0.039517819371687 0.33674648948556 0.724698535218749
-0.0828213961793235 -0.00306297600506614 -0.443115111862297 0.737766335119005
-0.0548855988230143 -0.0144883246841816 -0.622642472654872 0.132283045138537
-0.0505744573715042 -0.021108354853362 -0.0424567018372451 0.0849254133995871
-0.0666192867061882 0.0295301696064684 0.620965146884779 -0.117437040549313
-0.0217821612462152 0.0507576172252855 0.403253249830043 -0.734448744081191
0.0366414629553247 0.0309488309144946 -0.426679258470667 -0.664869201354428
0.0534503176457336 -0.0241618686429277 -0.606144320794971 0.0570498134930304
-0.00206703404483395 -0.0436795877215229 -0.19139516288244 0.346867698190666
-0.0223549141744559 -0.0223200948044318 0.105482540395648 0.124678680693858
-0.0346178451593245 -3.64014491558706E-05 0.131543537320579 -0.156503467389467
-0.0427871854744425 -0.0022461562631111 -0.0914736225646688 0.165492856838779
0.00200230033132611 -0.0128044210074094 -0.098151524125577 -0.10892029910986
0.03299642697828 -0.012514492932509 0.198040973600693 -0.302633989709948
0.0341028678873854 0.0265418086037086 0.517067207645291 0.0291832064052593
-0.0317434555373624 0.0344972066963033 0.324996520295689 0.725647167679571
-0.0818825377953607 -0.00364579460867775 -0.456519480416985 0.737447306562547
-0.0550901224710785 -0.0123450943129996 -0.635814926929678 0.128963254738207
-0.0530263624135599 -0.0180228857279603 -0.0534312515285906 0.0834187060538289
-0.0669441255658325 0.0327560998407888 0.609332671804479 -0.115302472506496
-0.0204433853802759 0.0503259459744477 0.39347332436427 -0.732714457322459
0.0349057398531939 0.0274722093684277 -0.435079818055541 -0.662748748357023
0.0523610269118334 -0.0235643708922175 -0.608345823142614 0.0564357941235565
-0.000915685881380706 -0.036912932534656 -0.18973264635533 0.346598299418588
-0.0219468097190685 -0.0144694124265925 0.10844403057513 0.129806185571842
-0.0359494634873054 0.00406947224075547 0.132456293759594 -0.151695418127242
-0.0405093129157949 0.00330767645606958 -0.0937242432057993 0.167435015480877
0.00174395751522524 -0.00343129407360303 -0.0976068199978144 -0.10245522304039
0.0300466814436561 -0.0020460491005313 0.200218917226275 -0.303828707076
0.0295438985135854 0.0279497300627402 0.513304937120702 0.0220679318309594
-0.0324365509598892 0.0294083528752513 0.322340751653216 0.718213163236079
-0.0775270820880013 -0.00583851944376355 -0.461003049596393 0.739325936625882
-0.0531089762114349 -0.0102352287400979 -0.645859769538515 0.135869105897215
-0.05145346655623 -0.0149341654720475 -0.064900391383826 0.0823459085095616
-0.0638464973489564 0.0339521117234949 0.600833758697186 -0.111516316124463
-0.0158904389431445 0.046056538673897 0.39075468235718 -0.727645847405049
0.0326455148053213 0.0230680612568616 -0.435018160864542 -0.669259996232014
0.0484894497694108 -0.0196501941893361 -0.610848100973899 0.0499697941689982
-0.00201960157727982 -0.0271046533367111 -0.189597470556979 0.349488708908885
-0.022162880612248 -0.00597447879831305 0.109320673797032 0.137267992593684
-0.0341795042525344 0.00797061089002992 0.131377201771118 -0.147912637560269
-0.0360242258756132 0.00959812636035709 -0.0948747563760649 0.168625716588368
0.00184657268676155 0.00610988740543634 -0.100539805344623 -0.095758166973536
0.0265745108620506 0.00875601986153523 0.198605683518324 -0.305071279367186
0.0234287814132019 0.0316982054532835 0.515970284651464 0.0104616658022715
-0.0325719920900027 0.0231760837155266 0.331741150020501 0.709106312526387
-0.0696504158866508 -0.0105963101771193 -0.451631067627041 0.748439970486841
-0.0448274183754123 -0.00804934624490517 -0.648048815671469 0.145282123861841
-0.0456405984246666 -0.0124230267305842 -0.0748148560136228 0.0831804636430615
-0.0569456689263146 0.0332453243863528 0.595793337383828 -0.102346055968998
-0.0111831395018282 0.0412541399919759 0.398908754043385 -0.722742999251389
0.0296861428822095 0.0183105067308021 -0.423815376888637 -0.681324870014325
0.0441217188002466 -0.0145823197183662 -0.612722097570573 0.0373222104191588
-0.00362803418101915 -0.0181161964631486 -0.190907448009172 0.349691492224048
-0.0198441247821093 0.00339602814430241 0.10823317953189 0.143293744890079
-0.0308467804582565 0.0139267225075003 0.127476849785608 -0.145159692687588
-0.0296676242038439 0.0162198656540203 -0.099872598013589 0.165354558560467
0.00158453116203629 0.0140769613163161 -0.104178077097455 -0.0898948006570493
0.021007516143505 0.0200099089606557 0.195902680784192 -0.30791138395641
0.0171703679582924 0.0358391380786761 0.517607916344066 -0.0063644708108802
-0.0313999059056023 0.0192049538462338 0.350118027786429 0.69547910059942
-0.0598912194548844 -0.0154997264469915 -0.433417308362629 0.756298822313388
-0.0346331780615709 -0.00780248319501384 -0.650842195223312 0.158000760765462
-0.0365181806795988 -0.0113703635266205 -0.082469078450197 0.0856357777748549
-0.0457788834514584 0.0307439484563528 0.593118319077228 -0.0903084872303148
-0.00448998303033101 0.0344396889532207 0.416831595566558 -0.71335377701553
0.0282073631060005 0.0139826754799492 -0.408628056448094 -0.694963794140485
0.0380256457266448 -0.00974411006090907 -0.612251459845983 0.0214750354652196
-0.0066064939683269 -0.00794920757620462 -0.194721534447089 0.346734174388931
-0.0186916391779979 0.0115708497708166 0.105988475519092 0.148220955423127
-0.0259161004826386 0.0200709668794512 0.124360030595147 -0.144170459126439
-0.022076405829491 0.0205346806150503 -0.105466764464791 0.162867984725877
0.00286015025668481 0.0190925824180963 -0.11114295199157 -0.086556049231545
0.0172918690872071 0.028486138720188 0.19140340106943 -0.31303757350833
0.0107568555719836 0.041302829135129 0.521074266171058 -0.0238729456334844
-0.0303806950494299 0.0152998848934082 0.371954867971175 0.678041250427585
-0.050479904413945 -0.0202353171048639 -0.409931642238044 0.764613453934888
-0.021207678683132 -0.00878739798866327 -0.645020263682315 0.171282704320087
-0.0241246906461574 -0.0113482711263534 -0.0860239934859482 0.088466953976069
-0.0338701335400715 0.0279165400544482 0.59569722438441 -0.0770461111932343
0.00459620133192525 0.0277326453298012 0.444279318405826 -0.703784669550586
0.0265712897493194 0.0103204394914624 -0.384763092444091 -0.710543515784832
0.0317837779631157 -0.00342700699718352 -0.610964995678983 0.00179506763797258
-0.0101764257455239 -0.000857541538205928 -0.199418588305672 0.343245824599206
-0.0184386039636736 0.0170725308176807 0.101343771684114 0.152420223458218
-0.0211771463678537 0.0256404537716234 0.119502089758535 -0.147097706520467
-0.0164420844569748 0.0241424621235588 -0.111214856483179 0.156915018973819
0.00320259955545338 0.0208793362979437 -0.118547362695208 -0.0866005648628446
0.013517141934131 0.0329496615313025 0.187226850813567 -0.318742466733674
0.00682865618769244 0.0461691543130813 0.524453751077929 -0.0421384765394241
-0.0283322542362421 0.0144771117371627 0.396581133640089 0.662934110365706
-0.0428925971262513 -0.0260340177156345 -0.380764388320554 0.77236367600962
-0.0091699013296393 -0.011359679854505 -0.637075681583397 0.184664878230382
-0.0118956766796913 -0.0115901350372779 -0.0861729071505467 0.0914639180782492
-0.0217186630132183 0.0236893789086577 0.602937472045401 -0.0639519132303486
0.0121401344804519 0.0203985323375109 0.4687082063101 -0.69342622332054
0.0270326644337322 0.00815875232681557 -0.357824562216657 -0.727978413806626
0.0252389273078129 0.000760041401378857 -0.605817898909698 -0.0175866132987321
-0.0146095198190095 0.00384799695092686 -0.204593072059492 0.338463679638094
-0.0192013710678827 0.0189553251625866 0.0952700813424481 0.154296890217769
-0.0151048036981159 0.0287874736905459 0.116925904435257 -0.149457213784328
-0.0106887610000568 0.0239864108067929 -0.114722870914933 0.151779528983042
0.0052255594858735 0.0184397614536435 -0.12518777386733 -0.087322712327582
0.0118946472960111 0.0334684358786186 0.18134021076124 -0.3235099345997
0.00308148194666992 0.0497295392876932 0.528910406100906 -0.055508986990817
-0.0251614935661645 0.0156380760462147 0.420846278704836 0.650043265278495
-0.0377339207746039 -0.0287301660222909 -0.352593143815941 0.778376443995163
-0.000901606172964819 -0.0152538234844834 -0.624367075550727 0.195625951209335
-0.0019018499559631 -0.0137847790982022 -0.0813838577825089 0.0956114427765304
-0.0132476915937092 0.0193863332895316 0.611626175158921 -0.0506279556431821
0.0167505821694857 0.0175056021071367 0.49619969968755 -0.685777355904634
0.0266969042559082 0.00912736856687441 -0.330760548951017 -0.739760245181698
0.0221402060161775 0.00562782164107191 -0.601399963890537 -0.0311340970448945
-0.0184539631792298 0.00288801622154887 -0.209771077604511 0.336002512560601
-0.0185122221928312 0.0177913985882402 0.0910584083015852 0.153188460328022
-0.0118299934736535 0.0306829687935787 0.112188972377429 -0.155588852537744
-0.0424184283800651 -0.00618307491438027 -0.0917525138318968 0.160166746438737
0.00276663014757484 -0.0209355792214842 -0.101554403446841 -0.115493769363962
0.0329632259868168 -0.0202769215400214 0.196443282717808 -0.304325499704243
0.0364168210386692 0.0264915549838106 0.521065832222659 0.0284501060086461
-0.0303047012091196 0.0394589668627013 0.335449002142343 0.725167046930474
-0.0827362471442447 -0.00329144101914864 -0.443835368712658 0.737406990548261
-0.0541167120280629 -0.0154779723454521 -0.623603645494031 0.131623945233754
-0.0495716101290108 -0.0210553128343263 -0.0420316482628127 0.0850471908204579
-0.0667110003576033 0.0293592955293378 0.618454629380262 -0.115793758365749
-0.0216310066427361 0.0509439304524574 0.403576795142239 -0.732964059092809
0.0371857573638373 0.0309473861273619 -0.427219825923274 -0.663982278379171
0.0542600084462575 -0.0240313072029025 -0.60587693556504 0.0569694630753767
-0.00153832427916847 -0.0431405557490046 -0.191956808507932 0.346000723700379
-0.0217778322160616 -0.0218690565000197 0.105212836780631 0.124313437730669
-0.0346376992275051 0.000348397543005712 0.131898648714437 -0.154155969579211
-0.0425674252677987 -0.00258123141252059 -0.0912727158075786 0.164042847122522
0.00130839456172282 -0.014318328777233 -0.0975708897550863 -0.108598619657134
0.0318574763503728 -0.0129786195489376 0.200162584564125 -0.302287329143373
0.0342216292541047 0.0273490583711796 0.516840267127012 0.0297118667455658
-0.0325253507454335 0.0339385849879849 0.323971311635542 0.723686067642778
-0.0815866748638301 -0.00383278243549724 -0.457633169680769 0.736418247743281
-0.0546368465314976 -0.0128899123586213 -0.635455566360324 0.128706575439436
-0.0517078376746347 -0.0184149837676915 -0.0537353409885946 0.0831965827467855
-0.0670224035225848 0.0326331754985909 0.608896177061439 -0.113810123252549
-0.0205334057829377 0.0492782268111615 0.393801982750347 -0.728605056847174
0.0351851950930431 0.0273057309755882 -0.433351129246877 -0.662876463228718
0.052477795514945 -0.0227655203185385 -0.608479315015583 0.0566521743452924
-0.00064674136351926 -0.0363154224631673 -0.189785930811716 0.347920814975553
-0.021610689715982 -0.0144786524330644 0.107962500229321 0.130762532857897
-0.0359866737870893 0.0036171860714566 0.132537885744935 -0.150568656453805
-0.0400426062722275 0.00379370382734417 -0.0931392262795615 0.166623549883727
0.00179731733789751 -0.00386967976215383 -0.0967795740363455 -0.102151531208356
0.03094828586761 -0.00157188263289585 0.202017592585564 -0.302605211461575
0.0302478355490523 0.0275831172276853 0.513549249833207 0.022575358547478
-0.0331008102349074 0.0291419936243787 0.32222412560725 0.717892090858715
-0.0771567485186454 -0.006418578305316 -0.461140365868894 0.737102352286766
-0.0508575028792633 -0.0097423770464694 -0.643954069382529 0.133045257189211
-0.0507556492386486 -0.014253779510568 -0.0643195738225656 0.0825659540817883
-0.0628346163262951 0.0342438454632845 0.599127341613335 -0.109187901578866
-0.0166880208254969 0.0462595476354417 0.390410922941992 -0.72532802634091
0.0332063455516432 0.0234543268543847 -0.431396244578549 -0.669810997568948
0.0496626665560994 -0.0198680190758365 -0.610290022899609 0.049127971835386
-0.00174533436748011 -0.0267114097261848 -0.188633769530281 0.349078126678888
-0.0201838212761017 -0.00586433645739974 0.108377460653324 0.136594563930594
-0.0346433814676653 0.00892922048647236 0.131506902449249 -0.146864307158021
-0.035007918900376 0.0102461031300516 -0.0962655729661288 0.166663664245057
0.00124530703840371 0.00582252615796641 -0.098631551927299 -0.0957787027697783
0.0257517727257286 0.00852200281107612 0.200398280428113 -0.305962016789508
0.0241144268661463 0.0312060288578817 0.515780319017103 0.0112075492928364
-0.0332556682399276 0.0238965797795698 0.333163830242745 0.70906831807322
-0.0692807886490422 -0.0108093049016801 -0.452809194813167 0.745777723309807
-0.043794962402677 -0.0077727749448404 -0.650172095213872 0.143472987784678
-0.0453561911499913 -0.0128868350175042 -0.0736276035790582 0.082914405314047
-0.0558916131432289 0.0329224979953741 0.593876386752456 -0.102032128734152
-0.0105516795493422 0.0403755826237626 0.399046333715493 -0.721080797176973
0.0297719667381131 0.0186436049647056 -0.424543184413558 -0.679274727134271
0.044708650449914 -0.0155845529340518 -0.613870738606919 0.03893805815029
-0.00311485446393961 -0.0168278621309482 -0.191040996068667 0.349660543784389
-0.0201428800769795 0.00388267222593409 0.107633243085657 0.143094193819044
-0.0319673491464468 0.0144219398294245 0.128494027326699 -0.144150540435145
-0.0289719712616182 0.0158902659423541 -0.100766452752096 0.165333569908484
0.00152956356808485 0.0127945826636027 -0.103169867469416 -0.0908014717689883
0.020611439423279 0.0196491301180079 0.19749736861684 -0.308959605743231
0.0171385175068677 0.0352082687125978 0.516111264026852 -0.00605428251039002
-0.0309933875924969 0.018401749002812 0.349682244580859 0.693989199411108
-0.0597106674497005 -0.0140979997697889 -0.43309889179993 0.754983445853874
-0.0330930040650182 -0.00808606147966166 -0.651033105767016 0.157065737217839
-0.035760143186322 -0.0112647635788664 -0.081712571610493 0.0854920719587519
-0.0447144715455716 0.0301301949559401 0.59097682748458 -0.0898393705861189
-0.00416182482452341 0.0336637499414944 0.417155482269387 -0.711044169173248
0.0274837294525361 0.0135815226139371 -0.406393830625968 -0.695513011927321
0.0383127528465669 -0.00980378946089455 -0.61224220358512 0.0202400270446484
-0.00606763698563211 -0.00667684833773919 -0.194501761483268 0.347069747916424
-0.0195901002426014 0.0116678701277453 0.105404485710172 0.148305342834011
-0.0261148425949201 0.0207659613231571 0.124819228554856 -0.143480212507296
-0.0222887635729706 0.0215274946298148 -0.105328747537535 0.162267489168289
0.00204461934447449 0.0190827759737354 -0.109123875477366 -0.0860493379115514
0.0167843113486545 0.028526782325514 0.192458837583922 -0.313648668774333
0.0115745417978701 0.0412320162102936 0.520790860561553 -0.0239744873427152
-0.0305862855622593 0.0156795151124193 0.370764989336187 0.678438351600407
-0.0519122223466453 -0.019986831883912 -0.409069040021206 0.762776120363481
-0.0204147993145365 -0.00869665586763358 -0.645250503892324 0.169177541518632
-0.0236551652860014 -0.0111409881586238 -0.0865068809342441 0.088178778997808
-0.0334851819505646 0.0268352059175135 0.595067360804162 -0.0755320112309008
0.00498498598352465 0.0272847705707733 0.443562089395206 -0.702913112084429
0.0264146979182097 0.0101024503240859 -0.382382607469108 -0.71254784250086
0.0316753975489922 -0.00347479963502916 -0.61001439199458 0.00285224467128937
-0.00981814453610453 0.000251144812944699 -0.200263039044078 0.342628437293319
-0.0186174247310008 0.0171879766826192 0.100594993188085 0.152927666876247
-0.0212534834101624 0.025775737808886 0.119972105793871 -0.145962763684316
-0.0160172105336162 0.0236885354396773 -0.111672804065923 0.156318040755515
0.00328856349094405 0.0197950234920604 -0.117083758720437 -0.0865011794790123
0.0132892902062925 0.0329326231089821 0.188504627189826 -0.318198554691004
0.00634631348253628 0.0458084008229794 0.524167956014525 -0.0408995972241298
-0.028441629743665 0.0152146246591277 0.395554227743398 0.662336168829431
-0.0433582259622895 -0.025066582908605 -0.380281020985019 0.770471268535132
-0.00837487374297474 -0.0116236124445031 -0.636195651637014 0.182425542380701
-0.0116884573974218 -0.0116521856863407 -0.0854448611849586 0.0917358893206802
-0.0215102012965272 0.0238198169566636 0.601312739559765 -0.0625515806719239
0.0117694951808251 0.0208395603090664 0.470941923243205 -0.691253892075171
0.026975178113654 0.00857559836277161 -0.355972294730548 -0.726630207235018
0.026322140160643 0.00143783589408843 -0.607308263152246 -0.0176765513056672
-0.0140457161965663 0.00431100857598256 -0.205611515461602 0.339219360881906
-0.018800713231971 0.0181628284493622 0.09577624231289 0.153740735064607
-0.016502063133421 0.0296332091087537 0.117234868397353 -0.148292584593886
-0.00994809415396537 0.0244382228159865 -0.115340956318709 0.151866152724518
0.00503422196646355 0.0179754062655877 -0.12341142997972 -0.088335225425858
0.0114919586424753 0.0341354247875991 0.182341633424398 -0.323141706875313
0.0034514065635985 0.0495821343090259 0.528975473094707 -0.0541312291603285
-0.0259430226763142 0.0158760320300464 0.419495717393716 0.648348964822652
-0.0380817332658658 -0.0287423582134508 -0.354691204525681 0.776981968757574
-0.000356181638641689 -0.0144416508850374 -0.62342989933934 0.193280775741099
-0.00147262897143815 -0.0141409244065141 -0.0807405299948438 0.0944377237749757
-0.0128825278733329 0.019098322805926 0.610350228445414 -0.0497875048807295
0.0171956136715068 0.0169380116629948 0.49809551661344 -0.683216614205322
0.0277082988809675 0.00936032568899507 -0.330076089067526 -0.739362104231154
0.0227975212481266 0.00474994257638653 -0.600420563118541 -0.0320822461479729
-0.0178284586675272 0.00358123122176044 -0.209421982145169 0.335251876855848
-0.018524534389404 0.0179180219227013 0.0898558356238966 0.152722880501692
-0.0113812468740205 0.0309722785337863 0.112636006826355 -0.154296150954228
-0.0414517232674656 -0.00570041570238576 -0.0925684436718193 0.159345607155814
0.00335979143189766 -0.0218746231149621 -0.101047194746938 -0.115781049202397
0.0335123349742729 -0.0196950120643965 0.198250642812769 -0.305533007723696
0.0373065247149213 0.0271697132824508 0.52156091858275 0.0286483029384086
-0.030558712920211 0.0390516845805051 0.337968984902652 0.724635409159941
-0.0828707426202115 -0.00324914437012658 -0.445825273955301 0.735311649858662
-0.0527395528908281 -0.0154178856305697 -0.622065119798499 0.128825129643071
-0.049085699865718 -0.0218463277307347 -0.0417317992315595 0.0845822040842484
-0.0663069560586768 0.0292220011122428 0.619429296001141 -0.112802645422723
-0.0214891967712247 0.0507505335626834 0.404894361826037 -0.730002765740938
0.0369630444841513 0.0305820550305623 -0.425242062684589 -0.666569164774514
0.0540675328580998 -0.0243178670532842 -0.60669876979502 0.0562119500659437
-0.000961722765243814 -0.0427302207459936 -0.192847672085945 0.345458266697338
-0.022363599325796 -0.0222979593535784 0.104821048919414 0.124647289172931
-0.0348787827362589 0.00112268453526611 0.133556906764829 -0.155226740592172
-0.0412149999872617 -0.00136888946400191 -0.0920169376494785 0.163451129850347
0.00130090288840004 -0.0146323256152233 -0.0966830868952741 -0.109237897281881
0.033003108802912 -0.0129917127026745 0.200706806434441 -0.303306481255282
0.0349016953277454 0.0259752725313874 0.518127082271942 0.0312293442835409
-0.0329452149887566 0.035006121590504 0.326379898048018 0.724199293824108
-0.0817429959895559 -0.00347454739286069 -0.45771466855449 0.73350852042654
-0.0538591730222376 -0.0127357803290171 -0.63394625371647 0.12624245743974
-0.0524117311325707 -0.0180540053270111 -0.0529519615351969 0.0826690502912115
-0.0665812751051193 0.0307887710227423 0.606793381065207 -0.112620686113981
-0.0207795892931772 0.0493197383072817 0.395788855692108 -0.727458708440711
0.0346554355816982 0.0274678916455455 -0.431194554066158 -0.664434115444865
0.053292099351372 -0.0239288598550148 -0.609231329715577 0.0561465383295979
-0.00107555172564074 -0.0360535381026467 -0.190787934481658 0.348304386778113
-0.022192314034211 -0.0141647344788506 0.108187387626955 0.130921866161181
-0.035897696147685 0.0041692308149375 0.134658447583763 -0.150184096944619
-0.0391886314381479 0.00406636317029317 -0.0923220454147898 0.165695698647902
0.00188220800401762 -0.00506527834238091 -0.0963113470087484 -0.102138354652268
0.0302246213027557 -0.00197313344745837 0.20119695660598 -0.302553017435657
0.0309337318317135 0.0278670121218053 0.513894287222497 0.0238921953766286
-0.0329835827677628 0.0294362019006354 0.323817850040148 0.71875166372634
-0.0773146104617104 -0.00646442808796361 -0.461818711172014 0.73745410852456
-0.0509557253884684 -0.0108224827811781 -0.64449066461745 0.133096531344892
-0.050703366523983 -0.015524938565084 -0.0640955438827107 0.0822644987209278
-0.063089083597715 0.0333311749324406 0.598100743770755 -0.107663299791115
-0.0173751385363218 0.0457691273110847 0.393290210409256 -0.724125164417735
0.0323608464456604 0.0230797391390914 -0.430520208868255 -0.66872450969071
0.0496247280244625 -0.0200351889492828 -0.610367926829587 0.0498954603164047
-0.000667278144635018 -0.026736756123974 -0.190473724132775 0.349837536393578
-0.0212576228238948 -0.00564428338172769 0.1080975534834 0.13697520156239
-0.0342701895897176 0.00841692149347024 0.132281411001017 -0.145960197399087
-0.0337233632370857 0.0104976669296787 -0.0959274625426679 0.165620063065971
0.00106869450912998 0.00432016486823711 -0.0979306071479766 -0.0953334185778996
0.0259269806726196 0.00873581234431704 0.200379559799134 -0.304379514117616
0.0250013948195808 0.031934473143476 0.516274157984311 0.0103473677129651
-0.0332799641176409 0.0235210897061508 0.330789462291258 0.709097014093481
-0.0690219045490944 -0.0101735547168945 -0.453140642949988 0.743235647522544
-0.0433817982689071 -0.00869013900148251 -0.648825200451704 0.140942704825174
-0.0447016268158488 -0.0132511841072852 -0.0740340568118048 0.0830512554493412
-0.0562286750553428 0.0321407721557401 0.592786536402724 -0.0993190019649619
-0.0106067913530591 0.0406902691213313 0.400490771880461 -0.719228986420735
0.0299345958747477 0.0181896568100006 -0.421465934935896 -0.680734239971005
0.0450907384592511 -0.0164998672085755 -0.61398881312666 0.0384607230762758
-0.00206135024269487 -0.0162535243342305 -0.190542625971509 0.349872074549692
-0.0205343321450875 0.0037414631175102 0.107874791523559 0.143623919570406
-0.0314750449431305 0.0150420090607802 0.128825490568049 -0.144171648297029
-0.028871088217015 0.0164151494834487 -0.100307815401362 0.163928637833738
0.00170972525470783 0.0124139978476037 -0.103148776826048 -0.0911395200536395
0.02118500144748 0.0199376707436745 0.198517910556513 -0.309150996331386
0.018811524586154 0.0349632501495889 0.51799422765955 -0.00555409105576016
-0.0324560971560773 0.0194592121871843 0.350669715236771 0.694666645381302
-0.0605655566884084 -0.0152444565716204 -0.43511379112801 0.751488150773365
-0.0328064682244487 -0.00774471699011503 -0.650678549100006 0.155292657075901
-0.0358926328074171 -0.0113560789265394 -0.0814072596035473 0.08484470130909
-0.0459264614249717 0.0302407602681093 0.59165723985465 -0.0871089806472746
-0.00329440174413077 0.0337693423304982 0.42066549291411 -0.708452611708725
0.0284186598164104 0.0136772092156631 -0.404900247862888 -0.695366838291479
0.0378622133100723 -0.0106512834858525 -0.613247731915345 0.0210137499570611
-0.00592487705800167 -0.0072023672630621 -0.195425229765509 0.346822534554075
-0.0198184277756832 0.0114182162876905 0.104342950298663 0.149666482161
-0.0270715926294628 0.0201122060584334 0.125645176856091 -0.142883326492575
-0.0210289183344232 0.0205830415707843 -0.10612145922627 0.159846386740001
0.00322349884134493 0.0178788542141894 -0.109735211912254 -0.087502529371304
0.0165093415742857 0.0283076177800737 0.194038309963618 -0.312843757289137
0.0121883026937761 0.0407653911782685 0.520253221755635 -0.0238451596663589
-0.0302863485602201 0.0156355688791829 0.371198969586005 0.677813068053701
-0.0508609140098696 -0.0203949085689009 -0.412597620228494 0.762977927597273
-0.0198598567052677 -0.0101181325916168 -0.644446976494064 0.168322249362052
-0.02342548228064 -0.0113620986782092 -0.0857425886326341 0.0880948798370693
-0.0338888467711467 0.0274533451086891 0.593668383003956 -0.0750086215408568
0.00472031418825428 0.0260172744061616 0.44624684905046 -0.699711190701902
0.0257704594071096 0.0106733100843721 -0.380432948576114 -0.710913207570359
0.0321620026165446 -0.00385196069585902 -0.610769168929368 0.00357704072514818
-0.00948261079965281 7.03945986177471E-05 -0.200223358525381 0.343345189612789
-0.019221816669327 0.0172851104927217 0.100654057467656 0.153053864461305
-0.020489194820929 0.0268904847505273 0.120900449697374 -0.145749754155935
-0.015238285686217 0.0241643622853014 -0.111653487660442 0.154308821342346
0.00346164689450767 0.0187340607331724 -0.116105722855021 -0.0867781718627742
0.0129561542540632 0.0332601386668824 0.189423066491092 -0.318709851037644
0.00668448337509011 0.0448589327486324 0.524520423829407 -0.0402030768038901
-0.028758784431751 0.0150995349977614 0.397047867881498 0.660057666444937
-0.0427326670664232 -0.0255216117156933 -0.381070123038187 0.770260718680308
-0.00767752981729356 -0.011550899070604 -0.635981675934988 0.18009772529268
-0.0112134623872658 -0.0118260974202487 -0.0854235940494652 0.0915158000130576
-0.021488193510626 0.0231295796671289 0.600696931371074 -0.0617879124941254
0.0128592166719128 0.0212956968376393 0.471691201632166 -0.688524244487219
0.0260575215669442 0.00907947515531723 -0.353312647480595 -0.726498710729627
0.0267267458056216 0.00167722737202744 -0.606013860077525 -0.0182743003456234
-0.0136273964042049 0.00494947461965847 -0.205234825697485 0.339877652326944
-0.0186301803461061 0.0199297123248592 0.0958827251802613 0.155001803823964
-0.0159061929991819 0.0298349228224736 0.117848334307039 -0.148240015281288
-0.00987106573698555 0.0248058774549696 -0.115335229289297 0.150949444283573
0.00517679263018371 0.0173436264038969 -0.123598955361454 -0.087577527142955
0.0116625225022072 0.033519139607478 0.182912796697359 -0.323531647412923
0.00402397474085894 0.0480163963236868 0.529010580950508 -0.0534343743772136
-0.0266404082406866 0.015403997966453 0.419402516451303 0.648652724217288
-0.0380895389537006 -0.028732244939551 -0.354753441425924 0.775184360882946
0.00030216205911201 -0.0146296304317167 -0.625109064793947 0.192360305006202
-0.00117454410650128 -0.0140007371467572 -0.0802711180760507 0.0937784408362839
-0.0129615087733355 0.0192408230086824 0.611330333762822 -0.0493199541130806
0.0181636045371092 0.0163088469633157 0.500595837685009 -0.681880913963785
0.0271860659505262 0.00949781776189848 -0.328069433812871 -0.740381946718032
0.0229186262432804 0.00470683790502162 -0.601329872323806 -0.0328743997056648
-0.0172778950001536 0.00418210809006878 -0.210273578174372 0.334384061979866
-0.0188799587187107 0.0183085830020773 0.0898348078770823 0.15303912995285
-0.0111969252630538 0.0319079954148662 0.113779845968125 -0.153863796603793
-0.0410882191382255 -0.0049151123475511 -0.0930144480782294 0.157975810092457
0.00255546832600936 -0.0226362561607163 -0.0997424497010932 -0.11594597796877
0.0339076871182643 -0.0199122212553543 0.199271539185379 -0.305293701402867
0.0378198103075151 0.0267663641054391 0.5219246704514 0.0299492797122455
-0.03145841697947 0.0397861198121592 0.337188873696079 0.724846736277844
-0.0825444853994514 -0.00343134376686133 -0.447649068445597 0.733651148896139
-0.0525386288898034 -0.0159295122394802 -0.623825364006055 0.127698985702744
-0.0490806150996834 -0.0218229450093979 -0.0415903305587323 0.0844595124551555
-0.0668222889346153 0.0287451116557047 0.620742074909655 -0.111797379049574
-0.0208407663992849 0.0496476445277202 0.407847556679915 -0.731040346048131
0.0372033724230799 0.0311498496768818 -0.423854270312079 -0.66819527146344
0.0551083879422033 -0.0243483508293641 -0.60765621698824 0.0552314273332402
-0.000380331993205013 -0.042467945994193 -0.192592656293105 0.346503190189993
-0.0226466090036465 -0.0211843903586488 0.105065313294906 0.125766503101804
-0.0352210470398046 0.00160224235689752 0.134596544191789 -0.153705682431703
-0.040536325215866 -0.000715826895257694 -0.0927662310589384 0.161665826080495
0.00184812076607297 -0.0146006616246903 -0.0962663734992232 -0.110054349864219
0.0331371814568933 -0.0127014509927808 0.202082990888948 -0.303424799898841
0.0359624016658528 0.0263208014210264 0.51819751559677 0.0312937923588396
-0.0325350434988016 0.034878014005561 0.325576262798524 0.726320500072713
-0.0815949513780477 -0.00426197403010919 -0.460269194117189 0.735656877797668
-0.0539634112920703 -0.0130289210217582 -0.636213942271438 0.126404215184788
-0.0516213645161557 -0.0188257373996866 -0.0526884569167057 0.0826711188439338
-0.0661908947954854 0.0318870954909041 0.608907417078038 -0.111932441142681
-0.0204110248378887 0.0494083532023601 0.397617254039905 -0.727379571073203
0.0349446914290863 0.027786883298816 -0.430639329750393 -0.665350564381048
0.053695290700928 -0.0237568664711169 -0.611689284428289 0.0557681618269186
9.14941985354816E-06 -0.0353145936434668 -0.191901531885866 0.349487415857329
-0.0228399069000832 -0.0139216194277987 0.108057505799283 0.13162991617353
-0.035980622911338 0.00491131743389504 0.135059322205434 -0.14914603422741
-0.0383001289217657 0.00421447989470805 -0.093864823635475 0.163922604760336
0.00077410949024643 -0.00535717123273887 -0.0963473155965294 -0.102254164057233
0.031544460189013 -0.00265114227397513 0.203004676738656 -0.304253446931525
0.0315984998101534 0.0279950327639408 0.515785332479432 0.0246567597478615
-0.0342035971110828 0.0287671394839771 0.323549022201043 0.719092757483862
-0.0773567287034063 -0.0064882988979965 -0.464226743823449 0.738481598649895
-0.0509123379919566 -0.0108823641373948 -0.645393030856221 0.129801795009533
-0.0503682013728974 -0.0156938199839556 -0.0641270997582348 0.0821580814875922
-0.062733522657641 0.0333935892377288 0.600865673483906 -0.106784736295407
-0.0165177577573674 0.0458283032684447 0.395675966966265 -0.724147521937325
0.0328052519883752 0.0227316304150961 -0.428771971647188 -0.669575462814958
0.0497839732147487 -0.0202068777444542 -0.612423965570828 0.0505680517793219
-0.000609927135541362 -0.0266093205613248 -0.191672146332117 0.350229782214471
-0.0214971798963446 -0.00549104162797994 0.10817231281411 0.137717184090902
-0.0349829990985388 0.00932501001987322 0.133646027100035 -0.145429382230036
-0.0338892119066582 0.0107191059697613 -0.0964355960932773 0.164388284088114
0.00143139328493387 0.00402932737026936 -0.0980431009921119 -0.0957501246614679
0.0260343401971061 0.00838057161562775 0.202591834644456 -0.305702305166668
0.0250678510150368 0.0308078861775592 0.517896222796761 0.0125555470370364
-0.0343123024227278 0.0236792974518916 0.334566025431916 0.708666715643137
-0.0697438569331498 -0.0105246599026282 -0.455886847755534 0.744879849808065
-0.0416690730400041 -0.00919611382370925 -0.649756236661941 0.140143690140872
-0.0445107074762876 -0.0126581554202332 -0.0739968210260119 0.082916107045781
-0.056381788807523 0.0326417340387656 0.594149043939189 -0.0988927015353189
-0.0107485839576449 0.039759858078505 0.402806655652805 -0.718592000381442
0.0297521562745076 0.0181801020542518 -0.420890881057688 -0.680786675541587
0.045116516482009 -0.0157357812462303 -0.614613541045124 0.0385831997754103
-0.00226565861729592 -0.016558594292552 -0.192240752636377 0.349876727232806
-0.0203272457643845 0.00390940509173153 0.108023276099994 0.144546263997758
-0.0313583329655143 0.0157116586074289 0.130600908347692 -0.142799580160934
-0.0280580718301677 0.0169093954160261 -0.101598626195649 0.162400895383834
0.00128272224713216 0.0112735234587074 -0.102166639845233 -0.0905685892175133
0.0209634985384289 0.0198812213095229 0.199889710608789 -0.309181220586105
0.0185145253169697 0.0357167558021746 0.519971929386113 -0.00429601663139152
-0.0332105853750447 0.0191343990636176 0.352415729325611 0.695136370533314
-0.0608379759673348 -0.0147894378553079 -0.437211953317579 0.753806336324528
-0.0321284519525102 -0.0090199198748103 -0.651024053288625 0.154485628379421
-0.035048091865211 -0.0110085799816704 -0.0812578049887222 0.0846748313145031
-0.0451700038988915 0.030407017318531 0.590566244625952 -0.0862958231540802
-0.00292743512551602 0.0338102994720094 0.420102080964131 -0.709460075570073
0.0281517024477541 0.0144805678295066 -0.404669185146688 -0.697178800309284
0.0393189987050836 -0.00958045486347002 -0.613604712586847 0.0191396864637989
-0.00548504421220761 -0.00633560934054494 -0.196201569312861 0.34793287750478
-0.0191535434763123 0.0121038544697298 0.105288258604025 0.150118112465374
-0.0268333536098938 0.0208686275843796 0.126791990882823 -0.142584338989204
-0.0212985084146495 0.0223444880994076 -0.106741055803117 0.160055767401625
0.00250336817502729 0.0170291026824436 -0.108597420669019 -0.08660558993912
0.0169173905662655 0.0286775563847266 0.195553853090393 -0.314603647138874
0.0121275844562061 0.0406936728147542 0.52281984415518 -0.0230534413053666
-0.0312850979448647 0.0168569368176295 0.372262908107055 0.679443622317552
-0.0513496951319921 -0.0208129430641162 -0.41261095843366 0.76319168158567
-0.0199005312187088 -0.00948586991503233 -0.647045915731584 0.167216319358013
-0.0230947622095123 -0.0107646164488179 -0.0853822015867786 0.0871009833691973
-0.0329206988693302 0.0267901509855278 0.593099408467466 -0.0728733440810647
0.0046050755598427 0.0264044476141 0.445136893220659 -0.699178500369307
0.0271151375939805 0.0114710169066063 -0.380413674013276 -0.714068811306616
0.031627199348767 -0.00439812907721274 -0.613339064070955 0.00135458585867996
-0.00936564833646906 0.000272386876144271 -0.200891379143099 0.344878425472174
-0.0188316900603914 0.0176426838336091 0.100275362576274 0.154422073134801
-0.0209216396554725 0.0263898168737785 0.121591186264261 -0.144284903769283
-0.0146422522921373 0.024825079047032 -0.112000982057429 0.154104635236927
0.00300071434423686 0.0187101612286793 -0.116748680122596 -0.0869881354756793
0.0129406673052707 0.0341227077829406 0.190629151386466 -0.319546990710831
0.00717386991079668 0.0448607336318745 0.527655013734786 -0.0388466236216592
-0.0295185056444964 0.0143390376127682 0.39628301875727 0.662426377505862
-0.0436091900876168 -0.0254954525416642 -0.383086270354313 0.769950358641846
-0.00738258233269442 -0.0125552316333604 -0.637360979573933 0.179191906334529
-0.0106741010772816 -0.0120534026432809 -0.0847479194001408 0.0908907727416493
-0.0212811487187925 0.0234675349905071 0.60160440815593 -0.0596529640330885
0.0120556771625866 0.0205922330249239 0.474555987782357 -0.68907806631933
0.0262679724077867 0.00868996802805619 -0.353377958393716 -0.729026650520341
0.0273395572420815 0.000502084433498886 -0.608523066341472 -0.0187551945838117
-0.0133402037846485 0.0048000890464946 -0.20642469603114 0.339113575642034
-0.0186037731966586 0.0196431369392528 0.0948731480112299 0.155633744233007
-0.0156046397498681 0.0303365417810969 0.118948809700827 -0.14781443249052
-0.00896257325896402 0.0248908883711509 -0.116602265035073 0.148621795550404
0.00557954357342662 0.0170516242377202 -0.122119463484356 -0.0879234724728513
0.0112255789437091 0.0333847607776947 0.185227756892486 -0.323727919130247
0.00358288005580966 0.0488564534744581 0.530788084237363 -0.0533294129346349
-0.0266978462453938 0.0151222799518093 0.421700946091027 0.648674193260178
-0.037884472677098 -0.0285324428721197 -0.35654265962036 0.775459851465232
0.00153867798214732 -0.0157578675893141 -0.62578934756857 0.189601232678941
-0.000668277470145784 -0.0144140067689808 -0.0799204488767522 0.0939030055016438
-0.0118978511531585 0.0192624204779637 0.610393577500055 -0.0470448808069704
0.0177546987613002 0.0164670914365568 0.501231110478701 -0.680835511675025
0.0270838743095118 0.00972398820118845 -0.327127902812241 -0.741487403601391
0.0238798679936725 0.00392023523759078 -0.602771071380239 -0.0322411506351736
-0.0172427330667867 0.00464686283511659 -0.211102563770292 0.33573647586456
-0.0188282913497782 0.0185835223908078 0.089997834045555 0.153315472762363
-0.011549735107194 0.0308235870611624 0.114660901092661 -0.1533611486358
-0.0404870854982961 -0.00508600264867492 -0.0934092854201298 0.157852372866871
0.00239776765275839 -0.0240656896211408 -0.100256533114668 -0.116150559382224
0.0345514051148599 -0.019448845964655 0.201940897978612 -0.307336020999839
0.0379020218881325 0.0263431594654863 0.524537830382396 0.0302430743115881
-0.031466954386826 0.0393938548472374 0.33927883382697 0.727675180463542
-0.0828245683532153 -0.00256266770859082 -0.450528219969783 0.734882780004665
-0.0517457006344523 -0.0160367150371909 -0.626135455600481 0.127495758634261
-0.0482105516776164 -0.0227527515418513 -0.0417774319175853 0.0840553561625453
-0.0655697036059205 0.028746623430956 0.621300875433141 -0.112797209871367
-0.0207727807187652 0.0504777761547524 0.410010949233877 -0.731289420611936
0.0375479096300799 0.0306341202184665 -0.423820327529408 -0.669373997336721
0.0551261589553425 -0.0254078288446749 -0.610273897889647 0.0562129532011981
-0.000520399771032438 -0.0429384019035557 -0.194163456026701 0.349078628903202
-0.0227325431448501 -0.0215497441804829 0.104869398696295 0.126627457354797
-0.0352414029266412 0.00227810654318755 0.135624308848346 -0.152890459048008
-0.040672852541608 -0.00100783856238005 -0.0939043561375947 0.162363865445173
0.0015592111826726 -0.0151073716364215 -0.0955245401681289 -0.109609089818314
0.0334041182007387 -0.0119601169297112 0.204460993479574 -0.30554322551569
0.0355806482137479 0.0265469137636022 0.520735950652454 0.0323359696183163
-0.0338618176565673 0.0349025583433414 0.326369216886459 0.728340757176951
-0.0824040930872971 -0.00487095971680253 -0.462378318255168 0.736251766600746
-0.0528608207711035 -0.0134781898914862 -0.638826505460315 0.12437591570104
-0.0517417613088029 -0.0196431082266491 -0.0530912503681035 0.0826770134851421
-0.0667531588350514 0.0313850860721172 0.610074255610816 -0.109588022198079
-0.0200995193999454 0.0487015574245599 0.401815457977395 -0.728666604535473
0.0347914820918507 0.027437485898262 -0.430722826230602 -0.667699319946575
0.0539624927956748 -0.0237469743495915 -0.612904259039758 0.0550085935541839
0.000723136157095233 -0.0352212335346066 -0.193700583057877 0.350224830632203
-0.0224807399186405 -0.0136797196589673 0.107996619727186 0.132258647619189
-0.0354836055547152 0.00497858705297725 0.136274949290519 -0.149437176358557
-0.0385813530021641 0.00361559989274512 -0.095217430486442 0.164878912725681
0.000784136959174319 -0.0057097358631619 -0.0953482982773935 -0.102967466818832
0.0307350181175257 -0.00256359354838995 0.205027410465927 -0.305338034136763
0.0321490587615938 0.0275583384808331 0.518553942259729 0.0236764097158595
-0.0343758643447754 0.029819870222762 0.324706200883577 0.720535457410588
-0.0769214294488414 -0.00615630351859856 -0.465299520229558 0.737633689719045
-0.0498439733606843 -0.0123154330613812 -0.647978326194898 0.129886476633589
-0.049924409508232 -0.0159568433678774 -0.0638700937169669 0.0813668191251464
-0.0639064869195018 0.0329277511352266 0.601967066895778 -0.104468226309909
-0.0166393450590351 0.0449953717040978 0.398724543412123 -0.725836902381016
0.0326857102617438 0.0219584719670432 -0.430115798260596 -0.672154585196664
0.0510089941215511 -0.0211719389617584 -0.615955522449447 0.0498067443234828
0.000352655400927574 -0.0265015867713744 -0.192118842085083 0.352399980739955
-0.0226236614285195 -0.00502581652535285 0.10858809408423 0.139683037644793
-0.034981835229769 0.0107821196533695 0.135488668037942 -0.145436611687617
-0.0340281449165286 0.0112294763759989 -0.0973270070712302 0.164669330848566
0.000627012827427571 0.00402525697530742 -0.0973359794870983 -0.0961928432426518
0.0262732629230476 0.00915429457806563 0.203839429208281 -0.307592263418361
0.0260733986265565 0.0314180429507568 0.518981293015857 0.0133034231182132
-0.0340870749693058 0.0230289205175143 0.335674954411945 0.713575147978102
-0.0693059326355278 -0.010173920099725 -0.457763606264704 0.745291578274745
-0.0416981459336153 -0.00937367115504553 -0.651246556676675 0.139373683088563
-0.0445042046191963 -0.0136055743569774 -0.0737834629662194 0.0830059944882859
-0.0554932668216776 0.032312322427994 0.594833189348073 -0.0977782468925943
-0.0109702690672427 0.0410643182455875 0.405822623258437 -0.720851995020454
0.03009601795146 0.0180947510751869 -0.420140738991051 -0.685151980263835
0.0453296458481565 -0.01550422238387 -0.617320204983044 0.0391264493588194
-0.00157801183408374 -0.0159259711396678 -0.193951641170944 0.351637007319221
-0.0209295908839149 0.00428269491159191 0.107770263581188 0.145581496036225
-0.031318181783391 0.0157418945918001 0.131210409952803 -0.14397341280457
-0.0274322827197929 0.0171371179037499 -0.10225233010325 0.162485714416705
0.0018939208534291 0.0114040745436281 -0.102076680723708 -0.0913565622592494
0.0212222785288397 0.0200821514152219 0.201181183038833 -0.311574914094
0.0192126609887265 0.0351365385930871 0.521348257487686 -0.00418651547162693
-0.0331588870078716 0.0188304024643524 0.354584347231454 0.696785426454939
-0.0605465619986296 -0.0149670129052188 -0.438736687141864 0.755732503169378
-0.0310360742987295 -0.00868778893924025 -0.653133483236749 0.15240598039628
-0.0351684628186325 -0.0120072166403335 -0.081252017207371 0.0856359742536683
-0.0456774371351272 0.0306748222614499 0.593753609396321 -0.0864748959110057
-0.00385574380016303 0.0337236974298704 0.424629216944517 -0.709951722674467
0.0285549878327429 0.0145392656182655 -0.404122201010749 -0.699161150746125
0.0403102377023714 -0.0102936873082854 -0.617043975351062 0.0202536849421152
-0.00484086258926147 -0.00636958229328427 -0.198328940891094 0.350330670649129
-0.0198044070626315 0.0117278547572824 0.104491798202107 0.151339603279405
-0.0262591324319797 0.0219259220119642 0.127527246275704 -0.142258318485367
-0.02026061021173 0.0217285488008902 -0.10762805722934 0.158697458820877
0.00229570299146659 0.0169062302461014 -0.108045796288973 -0.0878501035089846
0.0174746060012054 0.0291838551755415 0.197968919351296 -0.316660150568609
0.0119028143749962 0.0406958568466325 0.525628503780742 -0.0217206422784538
-0.031519783586027 0.0159572301185821 0.374094064144792 0.682475884317879
-0.0523056354588167 -0.0202458914131712 -0.413248863168897 0.764717549894239
-0.0187474554674488 -0.0101244818662792 -0.648410162582704 0.165293975593542
-0.023426808513439 -0.0114624428259457 -0.0856056068771426 0.0875222282148645
-0.0340276219687121 0.0268131532094111 0.596142770887337 -0.072428360804354
0.00461502370370648 0.0267576666350105 0.450892432932063 -0.700465386416358
0.0266241046749231 0.0110580047465463 -0.378522827719965 -0.717453451416386
0.0329037706903068 -0.00466103743621182 -0.615230565154779 0.00173620508560073
-0.00891671211123783 0.00101565726670639 -0.202086600214147 0.346141191916728
-0.0189804726870992 0.0180061442553924 0.100918211504411 0.155272110186759
-0.0207994110206415 0.0276555834450822 0.123304420762951 -0.144183057683839
-0.0142280452231256 0.0252037221955742 -0.113144149833051 0.153651777199292
0.00330852431561401 0.0174154144237302 -0.115328178294433 -0.0874447613757027
0.0137951434984608 0.0337406468480049 0.192186599464331 -0.322207396986069
0.00769309724668224 0.0455064181538343 0.529718935571691 -0.0376524080815818
-0.0304769773010332 0.0149093740423609 0.398767229850494 0.664367892333102
-0.0435201640418512 -0.0252919789688349 -0.38596202081457 0.771472186352953
-0.00689063962726211 -0.0118070818229132 -0.639243672092439 0.179612355015092
-0.00991048126184566 -0.0127835800921829 -0.0845054209633858 0.0901298375013908
-0.0220768532076818 0.0234820024457946 0.601955501233932 -0.0581924820648539
0.0127880706983268 0.0206823338142714 0.476788506612236 -0.69031500673575
0.0267500950650745 0.00920645029954123 -0.352047594049324 -0.732224124249817
0.0267802967327454 0.000202897101776161 -0.610718641210564 -0.0180227115980564
-0.0132501667148892 0.00478713412676126 -0.206682730405955 0.341270713448925
-0.0187806898553159 0.0199115425338836 0.0953267434407273 0.157269073973192
-0.0158322739665922 0.030508287199451 0.119293200482652 -0.147522894601836
-0.00868606079158241 0.0258554195308746 -0.117708864304632 0.14810801770619
0.00476040588470466 0.0162833682143345 -0.122114981667077 -0.0884180106215354
0.0116924231520032 0.0338263720733083 0.186092974526688 -0.325829632312456
0.00493487313244034 0.0492161134386744 0.533363232167035 -0.0512712261080516
-0.0275155697568207 0.0164528333300917 0.421167916116582 0.650206007634241
-0.038132258523836 -0.0290443612595364 -0.358191144907821 0.776931607873838
0.00174635391691793 -0.0156017625056954 -0.626955188925355 0.189892526046887
0.000105254619830172 -0.0144850787193136 -0.0802336654068326 0.0933588546025418
-0.0123429535682371 0.0197614240181862 0.612119202742284 -0.0475334277523968
0.0182256035093331 0.0164135150843488 0.505161497195854 -0.68052913357108
0.0273602129967624 0.00906725937262583 -0.327730806635226 -0.744294879927001
0.0230128144865255 0.00430838261957914 -0.605694562735333 -0.0327375330023927
-0.0165693480055011 0.0050516891727031 -0.212657380968607 0.337201472469268
-0.0195362960431098 0.018494681018859 0.0898410652223746 0.154782793104538
-0.0112389059792064 0.0319767289986614 0.115992459238622 -0.152651478782151
-0.0407518061655005 -0.00487043776714553 -0.0947378588521127 0.157545994053575
0.00192069840958672 -0.0237584044304876 -0.0997673555292451 -0.116901133589477
0.0352241209578646 -0.0204283952003243 0.203299592917833 -0.309825848138416
0.0382206430669618 0.0262687861744463 0.526891748443091 0.030815214571452
-0.0326176771022897 0.0390788478184909 0.341628204122945 0.732111023518163
-0.0829908042474296 -0.00211027713609465 -0.450306095437202 0.738395577261558
-0.0517375092589552 -0.0165426341099602 -0.62902756377825 0.127249332508448
-0.0485377721370563 -0.0226400676157823 -0.0412961046622016 0.0846995303717452
-0.0659964184992141 0.0286297640347974 0.624351553075761 -0.112070470668327
-0.0215262292448325 0.0495436847835703 0.413624889155418 -0.732554362205892
0.0379019888429907 0.031454684602029 -0.42500590100528 -0.671761297943391
0.0560619372288839 -0.0254299074598335 -0.614587003575569 0.0555569886112886
0.000221186104629213 -0.0423439686788214 -0.194797676072607 0.349746447421119
-0.0231730683167013 -0.0211387319496121 0.10539710406787 0.127940142385636
-0.0351921126767392 0.00297723907254268 0.137100081852917 -0.153241329407936
-0.0402374544986575 -0.000916342867028037 -0.0947173643143845 0.162195985802436
0.001687642315249 -0.0157905375048265 -0.0963955993949272 -0.110257566623759
0.0342636017654314 -0.0122793253791615 0.206343312581669 -0.308453536520929
0.0363179686557589 0.0269316679245801 0.524034886788232 0.0325886589649457
-0.034591025880586 0.0347420559538748 0.330060640474951 0.731678910771168
-0.0825603942627417 -0.00344078484681191 -0.463944488677276 0.739261690306079
-0.0522418387927552 -0.0139128875314451 -0.640437947968308 0.124130077781929
-0.0514322460892891 -0.0196790057878909 -0.0528748577398517 0.0831839243938889
-0.0666976154710068 0.0312397664392423 0.612709392552893 -0.109709719101704
-0.0204521073729173 0.0492309830971274 0.403006903319234 -0.730691858384165
0.0355902893757425 0.0266366981881232 -0.434196312004716 -0.669924061375322
0.0549068161534209 -0.0241189702684869 -0.617955829390499 0.055349889525782
0.00141607750638463 -0.0353322957039869 -0.192574677326273 0.351463821817385
-0.0227081568983452 -0.0135734113496817 0.108520898317342 0.133645479808356
-0.0358485711032854 0.00636318510938147 0.138516109766433 -0.148874286530479
-0.0377637847754983 0.00466974870394919 -0.0960595208944722 0.163510217641547
0.00109151764088707 -0.00673517483254373 -0.0954054505670683 -0.103515834197999
0.0310513538000261 -0.00176347270698552 0.207963051712883 -0.307804432626337
0.0323968018280678 0.0271586028761667 0.520876988874486 0.026285914932621
-0.035250957992583 0.0295682552695161 0.329212970498605 0.724021549690312
-0.078154693740324 -0.00663815741527943 -0.469172436188621 0.742166868914396
-0.049439803473007 -0.0116087632769022 -0.651166799870853 0.128812063530953
-0.0505196740580033 -0.0165772293081441 -0.063526349066075 0.0822557058169943
-0.0628703194176693 0.032899814830893 0.603746120860001 -0.104548656885622
-0.0158662923172371 0.0457272566394229 0.401168090669581 -0.727066125088055
0.0331842539192735 0.0233413039178579 -0.432179707625077 -0.677264765520814
0.0505783365941396 -0.0217731400514488 -0.618204167772567 0.0500714372033744
0.000498265615185487 -0.0257700029770664 -0.19292950918191 0.354857446759564
-0.0219509085763447 -0.00460620295890168 0.108699565375298 0.139570769169891
-0.03501345039015 0.0104982950270808 0.13651029830614 -0.145454450373655
-0.0331372444425133 0.0106703425804233 -0.0989021834650746 0.164114792657411
0.00152958838015263 0.00259736919548451 -0.097817850253732 -0.0964839281143555
0.02601363516289 0.00850002752046825 0.205752889597443 -0.309783979739012
0.0269011823938177 0.031297646488691 0.522511421614768 0.014300671798625
-0.0341566923187853 0.0234483309590798 0.337537009063564 0.715921682467599
-0.0693135910030125 -0.0102492307559879 -0.460886504936099 0.749965402425144
-0.0418879174341647 -0.00985498632363272 -0.654522180381977 0.13960903464431
-0.0446187420445213 -0.0134374085915546 -0.0735905507653931 0.0827948393321154
-0.0562077064600064 0.032371332257808 0.597250043908039 -0.0996634270390776
-0.011041406785776 0.0404622268640838 0.410506111791936 -0.721375895316646
0.0306398694741016 0.0184224580353457 -0.423434733697131 -0.687696230994517
0.0465673007194835 -0.0166325817459358 -0.621420250186021 0.0390586409761206
-0.00121484503805601 -0.0167721822911032 -0.193869615947896 0.353611196698242
-0.0212783388800794 0.00411350147083889 0.107662175472658 0.147273931280066
-0.0317882390608933 0.0162622970311881 0.133303162638334 -0.143866709611081
-0.0273339994856984 0.0170649764364022 -0.103497691520211 0.161990161446874
0.00164894342865647 0.0102454528031275 -0.102354119903568 -0.091837647016697
0.0220240042529615 0.020729703882517 0.203856938934467 -0.314447568803079
0.0206059504154489 0.0346159666581584 0.524626464278496 -0.00396452517344808
-0.0344568531157905 0.0196263377072938 0.357431898463895 0.70075415451895
-0.0606923229504958 -0.0152800211155264 -0.439860086604702 0.757478203843341
-0.030863760164919 -0.00913060954903306 -0.656428138401825 0.152412493141534
-0.0347596912486147 -0.0125419996207295 -0.0811390989743444 0.0840626636130964
-0.0447813578977225 0.0302943497866339 0.595822939918979 -0.08637768803366
-0.00352625648908023 0.0335955068746157 0.428306714593011 -0.713495718013959
0.0283776772076862 0.0138878748394586 -0.406253018870905 -0.70270766721666
0.0405287731788695 -0.0104211967631957 -0.620129461006163 0.0205206717915945
-0.004862187527268 -0.00697361567228704 -0.198411745126094 0.352486292346899
-0.0203994349459396 0.0120459123359705 0.104533256622524 0.15296827083583
-0.0263111826973641 0.022717525877637 0.129958861589051 -0.142629186258563
-0.020613565200742 0.0224828923352527 -0.107924471351235 0.158298842144081
0.00233128986462935 0.0163895460454502 -0.108294681004641 -0.087980463056788
0.0174774667163646 0.028975715142181 0.198260978984371 -0.318183567138615
0.0131237876475849 0.0408445011241718 0.528620107390654 -0.0197325340912433
-0.0328374295120576 0.0160363731023186 0.377001545236443 0.684402752827731
-0.0513217185304313 -0.0206071605244088 -0.418381411099577 0.768071932548559
-0.0185229898273364 -0.0103778409302399 -0.651791728246043 0.165871042470044
-0.0225976316247989 -0.0119788337303435 -0.0853423521162294 0.0874611631086772
-0.0334834875450345 0.0274465032618232 0.59992014856632 -0.0727355498008914
0.00530558652635352 0.0267401328201732 0.454789105043508 -0.702627603975699
0.0272118495310862 0.0114536789576196 -0.381093718616229 -0.720619591619278
0.0337895624758341 -0.00500884748596961 -0.618191361093187 0.00132779364216565
-0.0084303910525238 0.000882493096370118 -0.203328916756452 0.348954754020022
-0.0200618089518587 0.0181583745925209 0.100984606559685 0.156393592240211
-0.0207037990301941 0.0281050937145243 0.124438610998155 -0.145503816121961
-0.0132990217544017 0.0255603446795768 -0.11450611437501 0.153191977981978
0.00374553011715473 0.0174468405264595 -0.116190029118226 -0.0872529241818625
0.0137096648098552 0.0342934235201641 0.193912970153986 -0.32365116396749
0.00820261053400335 0.04478017268886 0.532616110115114 -0.0384381481386158
-0.030819317282783 0.0148318720416342 0.403724342814661 0.667460406300257
-0.0434219266064466 -0.0259118821331633 -0.388246969067028 0.775726979506758
-0.00666653465723532 -0.0130376124834664 -0.643516521573319 0.1796447211648
-0.0100512299945692 -0.0131490913334433 -0.0847270312990031 0.0901903658251835
-0.0210503469160073 0.0232207727819971 0.604992116682989 -0.0572169890495754
0.0128681618127649 0.0202200757751201 0.480075093663408 -0.690938880923864
0.0272789259245305 0.00881587468056883 -0.355371553987323 -0.736023544971268
0.0278130018734476 8.43949289706623E-05 -0.61389337359265 -0.0179694410755132
-0.012557534163226 0.00465517505187156 -0.208717724975412 0.344074662197475
-0.0186446689436962 0.0200570151026521 0.0954905500851978 0.157645298276835
-0.0154918472024822 0.0310501659826294 0.121140497837626 -0.147703186915222
-0.00804926806233101 0.0265561313608308 -0.118231408523608 0.148273404363394
0.00437417647115498 0.0157408488722858 -0.12231804932422 -0.0888632677190375
0.0119260377742763 0.033532470111261 0.189153796556108 -0.328545456746971
0.00452033143897618 0.04885028458739 0.537000598845306 -0.0527045353815661
-0.028028686970711 0.0156788025039292 0.427164750787841 0.654786701090412
-0.0384285412651201 -0.0287382394041742 -0.359291969264976 0.780716804286683
0.00212722610602301 -0.0158906358460362 -0.630637731343691 0.191037181545475
0.000291535678028044 -0.0141602003394764 -0.0806103987529646 0.093313982342982
-0.0129256112683466 0.0196919596332846 0.615310719376764 -0.0451754674058728
0.0181996206516473 0.0162504782520584 0.508488017888263 -0.681850987210805
0.0271496252451095 0.00953956693976885 -0.327808367730234 -0.747676100618331
0.0243050801700475 0.00349650456811313 -0.610139580048918 -0.0331876534075269
-0.0161949067353074 0.0040007860922312 -0.214157038585863 0.339449437173134
-0.0196517316530067 0.0190773121453386 0.0894884907544684 0.156375116684122
-0.0113111223387663 0.0331839318553424 0.116965132828446 -0.153360897361749
-0.0398569393050188 -0.00415412220868884 -0.0961107106899797 0.157273049219207
0.00227965106103254 -0.024850346707278 -0.100453226497278 -0.117281843156865
0.0348949551617075 -0.0204638789267818 0.205541482813182 -0.314038684387135
0.0394742359623008 0.0265856709494969 0.531821318689259 0.0295922806596045
-0.0331255881550633 0.0403296978324585 0.345855856012314 0.735468320870696
-0.0841074940395943 -0.0031371049260616 -0.454535356452244 0.744296257811208
-0.0510656465594702 -0.016428786062598 -0.63285092744184 0.126379365954629
-0.0486693103847477 -0.0224787914022184 -0.041016445880456 0.0849205466270129
-0.0661816183711798 0.0286140286658912 0.628354987209878 -0.111488456322287
-0.0211979148637538 0.0497693565134369 0.41531498797865 -0.736889147490292
0.0375192659350662 0.0318449644229802 -0.428126670825696 -0.676581026595492
0.0562254542748421 -0.0256407650072486 -0.618526856275363 0.0576411640087084
0.000606687262620855 -0.0422221808708913 -0.196393224301456 0.353455387716313
-0.0235101483197787 -0.0212279352943107 0.106212650687982 0.129122831751884
-0.0357539876009685 0.00310502063098718 0.138273643017085 -0.155034405228116
-0.0398453129779171 -9.07194560976644E-05 -0.0949588240544959 0.162001477115225
0.00113536858498411 -0.0163872711204311 -0.0965033140881957 -0.11151177717038
0.0340028349476085 -0.0118778437733351 0.20804947600079 -0.311281077334216
0.0381024132366965 0.0264441384615815 0.527731021279491 0.0322623467947438
-0.0347564929505521 0.0348711645648436 0.334004021232085 0.735925218292143
-0.0830072301945191 -0.00369835111252877 -0.467376651685103 0.743843954707457
-0.0525991233477802 -0.0151737259749304 -0.647486348621352 0.125654489418688
-0.0516470413289285 -0.0198456716783297 -0.0525023610837679 0.0830347949525242
-0.0668381516754854 0.0311521390110599 0.615585079248138 -0.109186263313321
-0.0201252299575731 0.0491672699999021 0.4063145473468 -0.734337410815301
0.0363294521089446 0.0274888430881654 -0.435236156438725 -0.674312283359668
0.055112372616367 -0.0248235894545318 -0.622002902081064 0.0578077034599427
0.00108945518492382 -0.0354907751853298 -0.195228482906666 0.355912409735004
-0.0233300486381084 -0.0136623835897117 0.108373034568651 0.134510993451193
-0.035675334369074 0.00688058213709261 0.140069414571726 -0.150224814137323
-0.0376868694827832 0.00509376601758266 -0.0964063472553131 0.164986612621355
9.40897351447718E-05 -0.00670516135692239 -0.0958874997932867 -0.102887252530547
0.0316682859657782 -0.00233696908065737 0.209505180722353 -0.310510310472352
0.0337947445951548 0.0276299909877466 0.526071966838984 0.0238726173660486
-0.0355133931890756 0.0294122773402728 0.332049619569503 0.727620403769404
-0.0781734719681069 -0.00616675561433125 -0.470384261275334 0.746461187381842
-0.0492562414021421 -0.0118657024307549 -0.656300535598462 0.129364517933933
-0.0507737411514857 -0.0168809630495015 -0.0638972160473579 0.0818758902002661
-0.063360218106541 0.0327113489159563 0.606921816028406 -0.105772512715996
-0.0165617595480838 0.0462040826002481 0.404354140077273 -0.732189903223966
0.0331538892486817 0.0233967808531471 -0.434773827365631 -0.68117841026165
0.0507417261174557 -0.0217071347223749 -0.624054120175617 0.0514141117830544
0.000424771511043114 -0.0265073248184733 -0.194387831947356 0.356367722083717
-0.0228544469532521 -0.00432410804630206 0.109851755169696 0.141533677771271
-0.0350334559743628 0.0114779767452117 0.138266199533569 -0.14545364462524
-0.0327222777766886 0.0109055300654238 -0.100118978772651 0.164211008845696
0.000553254274113638 0.00281334170816664 -0.0977887237032098 -0.0965390777794056
0.0268041854836356 0.00998565925827312 0.208615620661442 -0.313157779904672
0.0269822039164155 0.031019362445115 0.527608436637881 0.0132472532555384
-0.0360808181579521 0.0235774073098149 0.340921729027993 0.719162883480168
-0.0703445606522064 -0.0105885115469963 -0.462384395502788 0.751603627201298
-0.0419528580629519 -0.0104118594188554 -0.660070630764763 0.139351971585285
-0.0448357730738975 -0.0140449945468265 -0.0736323477698322 0.0827349133285654
-0.0557049358271298 0.0323260537483095 0.600987723219097 -0.0984835121065324
-0.0112377384475172 0.0402371724161116 0.412252072188858 -0.726004743590667
0.0307557081869808 0.018831835145647 -0.425918716917488 -0.692748867080523
0.0467218771803325 -0.0167616682532474 -0.6256636235867 0.0400068490206263
-0.00125104775262638 -0.0162942184637423 -0.195556514183094 0.357727165257441
-0.0217767843774348 0.00496978133997383 0.108349136476921 0.148245244516817
-0.0308817220653692 0.0170494193048312 0.134424570201889 -0.145202437550431
-0.0266579274439339 0.0175532345827413 -0.103883571235074 0.161659675986884
0.001296947032545 0.0102815962640458 -0.102363969310923 -0.0920177611346383
0.0219976418593296 0.0205914917847397 0.205913515645958 -0.316706701229002
0.0214499596126646 0.0347027146694493 0.529103661563352 -0.00420725903735064
-0.0343610044269163 0.0194390475118413 0.360299862437983 0.702434719824563
-0.0613039981141447 -0.0151410303952556 -0.442731276522591 0.761454869531165
-0.0314492961258888 -0.00991886379785923 -0.661513327228705 0.153729745769161
-0.0342576630094323 -0.012756428128429 -0.0816624496896416 0.0848065287095054
-0.0451182013692535 0.0308214146211963 0.599266023263206 -0.0863838409922906
-0.00280076169323888 0.0334477774615987 0.431361060052552 -0.715605920673572
0.0287405560188286 0.0143485456673156 -0.408206610096141 -0.707735058633305
0.0399907825270226 -0.0113503127858834 -0.625510255384555 0.0228145534467667
-0.0046253124857746 -0.0059944176383022 -0.199894724248238 0.355330988045978
-0.0201967625087176 0.0124541497275193 0.105162584400617 0.153818616799263
-0.0266878102307727 0.0233274639412577 0.130990336748105 -0.143041832428729
-0.0196391308114475 0.0230030908114505 -0.109286101420969 0.158013091110015
0.00220522163094884 0.0161612159444562 -0.109103124837336 -0.0879801721174512
0.0174268809933615 0.0290147227379277 0.200717366802924 -0.32128555117944
0.013292203358092 0.0404613123354248 0.533342076933871 -0.0209464446303456
-0.0331857085554504 0.0162710432486376 0.382339273494918 0.68920913172133
-0.0513720201768198 -0.0207423734335486 -0.419054223370526 0.772402233077008
-0.0179178550920736 -0.0106303274058886 -0.65563449139899 0.166372865637079
-0.0229981062418495 -0.0117345973162294 -0.0856546285902315 0.0879370668940152
-0.0330003336832786 0.0273475153154064 0.602831289791947 -0.0731342955350624
0.00481661156131316 0.0266033207953604 0.457484991069976 -0.707568784827918
0.02789575530444 0.0113520970322444 -0.382220472207393 -0.723599261478776
0.0334974405754938 -0.0050251328084356 -0.623760017193748 0.00286594772592647
-0.00788483718060043 0.00109201105754372 -0.204023497680956 0.35090089023621
-0.019463305271131 0.0184475223940069 0.101439831876634 0.157415420966776
-0.0208888982304075 0.028429860641101 0.125839408518214 -0.145483974296975
-0.0133448988648073 0.0264366338792253 -0.115537115906223 0.153362711123047
0.00364030969228958 0.0168510064143046 -0.116117202205059 -0.0883160062522868
0.0138230789155996 0.0338844612790338 0.195678844771544 -0.327018490461203
0.00844208472448095 0.0451200221112122 0.535827653765245 -0.0389613243565635
-0.0312971583301486 0.0143776102959472 0.40680116656234 0.67144972114164
-0.0444130752120703 -0.0256375797049151 -0.388487061832877 0.778687789504354
-0.00552937660265995 -0.0132698697085762 -0.648568348323455 0.1792446402446
-0.0101021413643392 -0.0137960014989821 -0.0848567680302016 0.0909127526069566
-0.0212421692977405 0.023272699581683 0.608963991336693 -0.0588983564104268
0.0132135152541186 0.0204678815060706 0.484240640842689 -0.696054958421971
0.0267673366751895 0.00953661318814094 -0.35621551514454 -0.738844919717682
0.0279005609161139 -0.000283904305643314 -0.619214311150889 -0.0185835556861151
-0.0130721407211555 0.00556602979886961 -0.210776978779138 0.347286325160018
-0.019446023941421 0.0205712663164268 0.0962565628105474 0.159213340178767
-0.0157790415870064 0.0321199935949782 0.122924213238493 -0.148444308425647
-0.00708567568751695 0.0257956521445066 -0.119084014977251 0.148802440409365
0.00426853890133301 0.0150367518558655 -0.123409266395579 -0.0896367246548433
0.0119601199532221 0.034030801047942 0.189686531943523 -0.330901631097107
0.00633772035619951 0.048590919964431 0.540540783890898 -0.052949011858577
-0.0293894318220292 0.0163763550871322 0.431359356499576 0.658091643858918
-0.0391104538544552 -0.029377611660488 -0.362522379620585 0.784594697805761
0.00294652467115358 -0.0158455451973531 -0.633283831341672 0.191144258298793
6.03372965056964E-05 -0.014584845627961 -0.0811783220655233 0.0942402182738272
-0.0122543224310136 0.0203642337386908 0.617619669804885 -0.0469995695836741
0.0179467328207871 0.016847658185509 0.511879648433637 -0.68709226255173
0.0274597250106305 0.00921869072722179 -0.328619607586801 -0.751810427508154
0.0247512323728707 0.0033954718656056 -0.613686696852136 -0.0313036733408628
-0.0161555112992825 0.00465133995335415 -0.214803385674593 0.343003953557252
-0.0194868137259387 0.0187882102365241 0.090480753174266 0.158098878799351
-0.0113188101802378 0.0336917115090759 0.11881626924984 -0.153834464454094
-0.0398093870145766 -0.00329884122889456 -0.09574381668796 0.157987874881118
0.00112020365607566 -0.0253772286841087 -0.0999986134494555 -0.117841708562369
0.0351343166722647 -0.0200381469039334 0.206491194730859 -0.316113154505568
0.0402982544801741 0.0259351663118399 0.536679913602842 0.0307710167374077
-0.0334750333958602 0.0407424503208342 0.351503829952039 0.740074646954761
-0.0843373001963262 -0.00254957561557453 -0.458296914827181 0.749542358148622
-0.0509327897633351 -0.0177372516255321 -0.638798035972318 0.128461274321865
-0.0484991859496883 -0.0227795095987988 -0.0409546537836951 0.0851501324990317
-0.0662453525184287 0.0284297761877772 0.633300752366945 -0.112152185166664
-0.021840565478831 0.051284868082241 0.419975903474376 -0.745074284001519
0.0387298976380411 0.0317094880753358 -0.433340513237119 -0.68125321082878
0.0573566225499341 -0.0261569894895928 -0.624305834308327 0.0596478727029181
0.000778653733648766 -0.0420338543887793 -0.198684183843035 0.357260221591398
-0.0238849288927934 -0.0206864806025437 0.107505483359461 0.129279739803989
-0.0359127871857095 0.00426652814999779 0.140092085384305 -0.155660729042767
-0.0394643012770834 -0.000401711395180488 -0.095752874333687 0.162551288096137
0.00128060284080794 -0.0171683301148694 -0.0971780619070737 -0.112033285890963
0.0347648967913935 -0.0120816700876225 0.209701491680144 -0.314537996961565
0.0384168778050717 0.0264006495783722 0.533136606482271 0.0319132987212819
-0.0357475825866796 0.0356661804340595 0.340506273428446 0.738804392160531
-0.0833122881957153 -0.0036081108500633 -0.47170500881533 0.749308881201382
-0.0529536424701993 -0.0153048200246051 -0.64988044548788 0.125875062186445
-0.0517668659677996 -0.0202744431341825 -0.052150794217713 0.0834335254088927
-0.0671787821799465 0.0313904961695036 0.620150736549156 -0.111842151426856
-0.0199576707067029 0.0494301987887056 0.410065201019225 -0.741512287090908
0.0365358096694528 0.028027873822552 -0.440114828051786 -0.679025961344827
0.0556280065445326 -0.0252109902843226 -0.626539136848013 0.0603568593185516
0.00195596379854052 -0.0354400346508301 -0.195801026377367 0.359074738562778
-0.0235726637744824 -0.0132857986691235 0.11037841782074 0.136401491955997
-0.0358976880476955 0.0074142123104401 0.14089272043799 -0.151257911436988
-0.0371047270136075 0.00544365755214776 -0.0977362036137118 0.165332962042625
0.00025024230995358 -0.00678556413087652 -0.0954308863806172 -0.104916177033121
0.032266581977376 -0.0018099296319069 0.210575169222114 -0.314080789977961
0.0340964971327799 0.0275242967700224 0.531049486415718 0.0246699431718532
-0.0360248721520707 0.0299343878125468 0.336287291384619 0.732174381526833
-0.0791562350994346 -0.00617949344583835 -0.473731794437341 0.75256660768914
-0.0494913675725282 -0.0129642431076537 -0.660674134958376 0.131246780569009
-0.050554861962544 -0.0173529438442883 -0.0634227202827125 0.0828700514390196
-0.0639883692865509 0.0332893572062632 0.611053717752799 -0.108328377012891
-0.0161926029557253 0.0455393220122251 0.40833517399 -0.736945794858344
0.0334788695141102 0.0235930132430812 -0.437475697747566 -0.68557746259528
0.0523987344936723 -0.022231057527634 -0.629230191058852 0.0531556565217943
0.00088552831497469 -0.0264741911787401 -0.195816130552821 0.361488785636565
-0.0231372814789299 -0.00447228822208094 0.110787702995826 0.143529557698042
-0.0350723468441202 0.011599508071653 0.139378091325864 -0.146866208927696
-0.0330424821012156 0.0115579355767806 -0.100498359751029 0.164551024061539
0.000339890759879015 0.00124869855778869 -0.0986160162056717 -0.097883326250704
0.0268152392259909 0.00911622063043333 0.210212402271812 -0.316574764243613
0.0280293121888713 0.0307640680874426 0.532893360753843 0.012774817247524
-0.0358844691155493 0.0241479061087255 0.348023720276181 0.723663754975009
-0.0707390755970695 -0.00988791404295364 -0.465754912868444 0.760179387021374
-0.0413542741829067 -0.00997111419197406 -0.663750660932748 0.14146680074929
-0.0447657687526982 -0.014251602738001 -0.0736632107665419 0.0828066114138217
-0.0566464892544375 0.0322897717735295 0.605045890278928 -0.0991399718418618
-0.0107359297861695 0.0402420823663658 0.415247812611604 -0.732674760553446
0.0311824044408415 0.0194699028227158 -0.430358281621764 -0.699195752478852
0.0475537015154229 -0.0179745815248747 -0.631224238736967 0.042634198190604
-0.000765167896593046 -0.016283668906107 -0.195306620066505 0.360025294429451
-0.0214619433319226 0.00527593416652952 0.109344349620308 0.149697346683233
-0.031316068318705 0.0174329511836804 0.136213590097864 -0.145448506988839
-0.0260207866187264 0.017891621448996 -0.105796139545394 0.162449584082152
0.00100860230473172 0.00996305718110449 -0.10278225766956 -0.0920831202753485
0.0222082614758107 0.0207368301463149 0.207081800792732 -0.320303056603807
0.0208193475732121 0.0351782529918987 0.53488310471541 -0.00499473316750086
-0.0353124551328221 0.0191106592084617 0.364879361318324 0.709342809818233
-0.0618985094000574 -0.0146980615293628 -0.445668164238862 0.768165474692205
-0.0305179454037746 -0.010096792805617 -0.665985539044206 0.155478361405959
-0.0352607305424556 -0.0123553957376853 -0.0811485987760198 0.0852670534397047
-0.0459946194403998 0.030808170819398 0.602949535233243 -0.0881287267578499
-0.00283067659975296 0.0334529344782516 0.434135176621568 -0.721403612510655
0.0290877045243395 0.014463910206843 -0.41067792208854 -0.713339227920519
0.0410260698993154 -0.0123390393654259 -0.63033119543435 0.0241518053415575
-0.00377309153661698 -0.00709070164654337 -0.200823959636388 0.359126074030709
-0.0202204507903331 0.0130085281352606 0.106193154351996 0.154816864631405
-0.0267727746600939 0.0240889950413798 0.131930218457139 -0.144461015455557
-0.0183925734390838 0.0227332641309767 -0.111162028212656 0.159137655228033
0.00151602228269292 0.0151098777258291 -0.110168465268164 -0.0888037289224517
0.0175356943880953 0.0292055435824096 0.202493539275698 -0.326305544588044
0.014282842945515 0.0401553496990956 0.537903729824324 -0.0233267234428337
-0.0335783756943735 0.0160925562702966 0.387907655264937 0.693116563587322
-0.0520847650879895 -0.0214098355665615 -0.420554960250956 0.778613063352014
-0.0184442767434501 -0.0107486876278531 -0.660767486116678 0.168986954330212
-0.0226482966706638 -0.0120504338007692 -0.0865971463933058 0.0883188340347877
-0.0326468837562151 0.0273691852287013 0.605664112224532 -0.0728783020118977
0.00545432038513115 0.0263434807106916 0.462078043105435 -0.712574990039367
0.0277417086383689 0.0109883560652957 -0.385550867217531 -0.729517960184759
0.0343247092288302 -0.00607428583069666 -0.628360479236549 0.00372121815568997
-0.00770182814217566 0.000732784712454609 -0.206566565023752 0.355073352058276
-0.0204430219849059 0.0186781367889018 0.101600839168973 0.159541348732048
-0.0207880557552784 0.0290038773521724 0.126102472489259 -0.146332442281284
-0.0124801266543233 0.0261603364627224 -0.117293326582743 0.154205662418966
0.00291565432544912 0.0167075195542834 -0.117149941287073 -0.0891523777703634
0.0146335971304916 0.0347980477195851 0.197532224958783 -0.331381316164651
0.00907677411423786 0.0452664937214316 0.542500566671433 -0.0400815440519604
-0.0319124722286462 0.0150688304080525 0.411094111862328 0.675521435241397
-0.0439960193292413 -0.0251519152790938 -0.392284972009048 0.783932505926555
-0.00576060032782358 -0.013316286946001 -0.651432435051407 0.182504032042568
-0.00979549429847474 -0.0135552574326023 -0.0856235340480415 0.0909997103065687
-0.0212925501309466 0.0234574317476936 0.613777963681351 -0.0599628373910462
0.0129518482116905 0.0210278251193738 0.486968540160776 -0.701251792692659
0.0274360609820601 0.00922380852084023 -0.358059303208529 -0.746278559316025
0.0281196166783356 -0.00177456746866875 -0.626269709521612 -0.0154690150151969
-0.0120210610251408 0.00465662648801728 -0.212598735923372 0.350680824983224
-0.020462125805206 0.0210385507244166 0.0969022009419667 0.161336001652685
-0.01578424773769 0.0326830826099297 0.124885440755928 -0.149121436137698
-0.00686299284984242 0.0270138354469351 -0.120153591401123 0.148621531130988
0.00454033662564717 0.0138462887447927 -0.123423833018082 -0.0902693003379331
0.0121380061037901 0.0338769852843594 0.191782811681301 -0.334195627932772
0.00586188760905308 0.0491269643162699 0.545851308341803 -0.0546268008251516
-0.0293170292484995 0.0167069683472897 0.436678087711711 0.661658658605135
-0.0394047304114798 -0.0289479129747599 -0.36369680971338 0.791218702250161
0.00315681927241469 -0.0166138912403157 -0.638844712366267 0.192880020045654
-0.00010927860755673 -0.014777209589955 -0.0811044333721995 0.0943946202564874
-0.01160094302888 0.0202076225518959 0.622139231370916 -0.0476748449792518
0.0187970500349972 0.0165122669277701 0.515677677219056 -0.692653901062672
0.0283034470729805 0.00969393046512886 -0.33316128674919 -0.758697868633461
0.0245112169922408 0.00351199316582204 -0.618082766663333 -0.0315549230813413
-0.0164181705157886 0.00570842069617106 -0.215677130118307 0.346075524145387
-0.0195414692196326 0.0204680719982986 0.091189116431961 0.159131844296232
-0.0115952313301847 0.034743125179577 0.120138710868014 -0.155069308460647
-0.0392798950443319 -0.00298486752518532 -0.0976022212593667 0.159359311496547
0.000518768752247691 -0.0253768484891841 -0.101437662295009 -0.119607955700982
0.0360943904471342 -0.0211692963544663 0.207782717965843 -0.32146362281672
0.041463370686504 0.0254357123453427 0.543396448709692 0.0286745024633985
-0.0340390797526255 0.0404051054392374 0.355667580127276 0.742669936788062
-0.0845939527549451 -0.00182828001651279 -0.459010154948697 0.756523509422324
-0.0507348207656542 -0.0175925479681972 -0.642763507210675 0.131122063076429
-0.0490876373654144 -0.023519690642765 -0.0406282611405679 0.0862842427163034
-0.0666886023027969 0.0291563739313483 0.636044685386919 -0.114940271247727
-0.0209075831076601 0.0510719285529316 0.420661008236931 -0.749748068859014
0.0388563481982011 0.0312061666184557 -0.437458278792792 -0.684202638781778
0.0580165351437829 -0.027241769591597 -0.629222092761582 0.0641651357349163
0.0012423403171586 -0.0427199685820432 -0.198332877354617 0.360941632381846
-0.0246015244560545 -0.0205122676967729 0.108661965649119 0.132117143901001
-0.0358231850028338 0.00504979390609725 0.141393999273069 -0.156786468406601
-0.0393288171838872 -1.08659606137488E-05 -0.0967075315733881 0.163901042667374
0.000760821987669336 -0.0176063375990712 -0.0982538993587506 -0.11329257623198
0.0352932864204846 -0.0126243499593549 0.210578109464412 -0.319699798457652
0.0396842039784674 0.0262129041831872 0.537389198482644 0.0302400556078248
-0.035606917647778 0.0358799356233917 0.345891270162566 0.743018860539659
-0.0848163322660649 -0.00366888043175551 -0.472218884692965 0.757140745855527
-0.0516758967849887 -0.0151750315570973 -0.655819975084752 0.128167499991695
-0.0525711572517204 -0.0205238825196645 -0.0528999475881316 0.0841370717899446
-0.0668129125390321 0.0326348691031596 0.625613332873151 -0.114412483504895
-0.0200166646805528 0.0494740385563234 0.41100864569077 -0.746280125736472
0.0369982054519369 0.0276916478436559 -0.445155614156881 -0.683693575775898
0.05628435087405 -0.0260210907567751 -0.633058523941013 0.0636116028405168
0.00232148211289615 -0.0363829591854013 -0.196856844134114 0.363358996602406
-0.0239915640833919 -0.0121786990275729 0.111834606251685 0.137788595484961
-0.0365208942199531 0.00790195820135548 0.142667121425468 -0.152339526258938
-0.0365594185416107 0.00697288310029624 -0.0981702177641479 0.165670605448926
-0.00100156850977517 -0.00773053091139722 -0.0974000449671987 -0.105738891204985
0.0315358916014341 -0.00269064303252578 0.212078150246585 -0.318951787037077
0.0351123458013394 0.0269345571968749 0.536734209646051 0.0241098258672427
-0.0368865689842686 0.030691548590189 0.344875912305538 0.73815232928181
-0.0797749449784276 -0.00515036951056541 -0.474183265106047 0.761457407811737
-0.0487934461315411 -0.0127430752504486 -0.664722300896423 0.133995007949529
-0.0514973066481047 -0.0168853888943159 -0.0635932364472568 0.0834170856711196
-0.0642566166856734 0.0340873048742813 0.616100707940476 -0.10891175769321
-0.0158063583489217 0.0462844786949463 0.408676697544503 -0.747293524965323
0.0339552448844573 0.0235845870509567 -0.444824197359029 -0.688847614822628
0.0529123295446903 -0.0242643925108988 -0.633964871277588 0.0570685297926845
0.0012705786230167 -0.0268291490927845 -0.195310312436597 0.366385176496491
-0.0233919115030575 -0.00441485037950276 0.111934136031802 0.144923639881147
-0.03524559819548 0.012612359571495 0.140668891671192 -0.148870787090439
-0.0333122571117222 0.0129619420123045 -0.100870870356798 0.166297994391761
-0.000431698577863607 0.00172903858265492 -0.0990034680614341 -0.099051743558554
0.0271623057310671 0.00912694902059239 0.211368452057165 -0.321877758398269
0.0281754385814286 0.0304409075390126 0.537121326265453 0.0103308932782769
-0.0371369503764575 0.0246363804285866 0.354736459802572 0.728465011838733
-0.0714466657086026 -0.0101346882367746 -0.465626538743668 0.767128290447494
-0.0419947738871115 -0.0105616655740955 -0.668944468406367 0.144139768687208
-0.0453579848168798 -0.0150045973633148 -0.0744887559157794 0.0841866083839331
-0.0564885520438344 0.0330897821134912 0.609321104430969 -0.10289767260023
-0.00988604514115536 0.0409141940856901 0.418876020533442 -0.739158283519835
0.0314399706789709 0.0187989684496873 -0.435453237819482 -0.702588084781556
0.0474092426295512 -0.0190046027226976 -0.637919173752958 0.0463649543684686
-0.0009847996055829 -0.0159754273593467 -0.197364387285474 0.366229332840693
-0.0216094883868665 0.00570030470511802 0.111698293441917 0.151130396216549
-0.0317731705337377 0.0182489130553058 0.137285413146611 -0.146633826693352
-0.0250944217203004 0.0182783631602047 -0.10640457276957 0.163498925018054
-0.000154354409027216 0.00910363734574196 -0.104357283754017 -0.0932337272180698
0.0224470115346277 0.0211072016394125 0.209181376077781 -0.325770412692792
0.0213320132315818 0.035275962758379 0.540032984899565 -0.00684332583497715
-0.0362170601946298 0.0197259497426984 0.373375410539456 0.713552501107607
-0.0620477692196913 -0.0148656734827227 -0.446887114559292 0.777314409761119
-0.0303125505092247 -0.0095216413415932 -0.670410590085194 0.15730675709777
-0.0360142435764473 -0.0133214540509702 -0.0816971457972155 0.0856033006925333
-0.0456856220707264 0.0312863577524492 0.606906613202772 -0.0898281517437191
-0.00287994921170252 0.0340335188680149 0.436215778180797 -0.730227838804562
0.0292563022869437 0.0145983558861543 -0.418231984858047 -0.717621752605048
0.0413856580982404 -0.0131101270921085 -0.63678088903948 0.0275369354239803
-0.00312237977390092 -0.00612307998723694 -0.202512189636104 0.363287051633343
-0.0208049251875319 0.0133801540747721 0.107995297412985 0.156990892191436
-0.0262433373694632 0.0249370560841464 0.133571034208116 -0.145476394860699
-0.0174834021826943 0.0238627666299218 -0.111391919241655 0.160374748561208
0.00149126406632753 0.0146317381550521 -0.110759071406623 -0.0895491544039995
0.0186561813281723 0.0289750688667722 0.203753031498692 -0.330984266656437
0.0145300424454012 0.0410685582319951 0.54373031664817 -0.0254981330468351
-0.0347938367815407 0.0161194758911578 0.394765892541725 0.695737275361249
-0.0526202779630982 -0.0202445165501096 -0.421176743609221 0.78527238524162
-0.0174811897879966 -0.0113861374216083 -0.665793198814494 0.172036436643096
-0.0234688324652133 -0.0127139922781625 -0.0854195724428668 0.0886530349910598
-0.0330707753473942 0.0276241154315719 0.610631274078287 -0.0763834505419674
0.00515919853253963 0.0259901507908412 0.462730106185992 -0.71984709860207
0.028099965353826 0.0106809279831239 -0.391804191954704 -0.7346790614499
0.034450819416081 -0.00671414185425925 -0.634232764244479 0.00746410130621094
-0.00670475563734604 0.00110803918584746 -0.206965436539322 0.35892916541736
-0.0199845483377619 0.0195331481754799 0.103720759121762 0.161092454816218
-0.0204415964330495 0.0300576803824936 0.12862909645152 -0.147560073834273
-0.0115145249857023 0.0268517895383913 -0.117928638904912 0.154735119162985
0.00298771781255737 0.0166142790243276 -0.118417399563474 -0.0900032561626345
0.0141253225738625 0.0346947558781349 0.19891365506868 -0.33528593195076
0.00926437414982776 0.0452241172809391 0.547831011355657 -0.0421756911276715
-0.0329636147865091 0.0160894956296727 0.418797323734261 0.678223323996239
-0.0445042293705419 -0.0256969790113417 -0.393867317813119 0.793216393673958
-0.00540395828810365 -0.0135097458896094 -0.656747522769675 0.185159635367782
-0.0101662437927464 -0.0131366286020594 -0.0855152261518044 0.0915416318108218
-0.0212683558656717 0.0234822343750968 0.617829603714877 -0.0618360870051599
0.0133285574302195 0.0199688184724205 0.49007431026707 -0.708507906662866
0.0277342766656217 0.00898056471734759 -0.362960325055327 -0.751906615838769
0.0292551541156385 -0.00156876535332089 -0.630049035911716 -0.0132561857845623
-0.011936033487834 0.0049867201536762 -0.21178020348944 0.356514705204961
-0.0194591298377269 0.021391838592361 0.097569929419712 0.162183079690482
-0.0150775380345207 0.0337234424319989 0.125141421022523 -0.150328180634267
-0.00606163221615708 0.0272372299145466 -0.122170793075038 0.150172988653237
0.00456916136901239 0.0145047970471003 -0.124973124270539 -0.0902438378574613
0.0126262036609522 0.0346302793754925 0.192362992759691 -0.339266270080607
0.00700645877697152 0.048557847800419 0.55075247506387 -0.0568474425238461
-0.0303293277734959 0.0166337195409595 0.444212466952309 0.665483563513504
-0.0392278009277623 -0.0288741946790874 -0.363911609388283 0.798453403999913
0.003498573281538 -0.017305765072371 -0.643562109566072 0.196938321490341
-7.19406096339912E-05 -0.0153032042834943 -0.0818025418058022 0.094914885027812
-0.0116222394067304 0.0201884931379443 0.62723537051805 -0.0488625377433331
0.0190972266236503 0.0162383274527015 0.518274264053699 -0.699223255245781
0.0284902752369781 0.00964932505622591 -0.338279549904241 -0.763201802855897
0.0249793811336412 0.0026576757840559 -0.625131812049691 -0.0283323432734289
-0.0153349901909276 0.00495403986022102 -0.216897735817033 0.350580881007235
-0.0190588645144384 0.0204036533220942 0.0923866561451071 0.159621552841332
-0.0103446802324595 0.0353478521835372 0.120864136057586 -0.156528607080313
-0.036055134573026 0.00318189027746282 -0.0919374326872405 0.15995687029477
-0.00499529662979413 -0.0245801547009119 -0.10562405157003 -0.11469361453551
0.0310595144186225 -0.0283659121294707 0.192530678618464 -0.331100416800973
0.0508820256595306 0.0156529388896935 0.542226814180788 0.0024861405062964
-0.0165737093375303 0.0486079426830247 0.401278257774483 0.723012914376153
-0.0789202624851373 0.0180156942978794 -0.418828222995487 0.779201354540144
-0.0558717990871718 -0.0103791679886054 -0.632966093093908 0.170961231717087
-0.0493502632376641 -0.0201096950136264 -0.0358743082920254 0.0879256283755227
-0.0635973035972067 0.0348822697320469 0.645081816297497 -0.157484917187054
-0.0136773518688083 0.0591655116463303 0.393336553721714 -0.799764732887133
0.0510196307188699 0.0254348502137877 -0.491895990392623 -0.678682770021024
0.0598896360777452 -0.0441883199091931 -0.650366337132258 0.105315537137343
-0.00600036976894742 -0.0489396761449512 -0.183784039220641 0.387648569448561
-0.0299960955959609 -0.0177021539909462 0.121407423338125 0.13290718328037
-0.0350658184508527 0.00981432936443348 0.140427852182853 -0.165284097751512
-0.0356942842917293 0.00675350070446992 -0.0916553432143663 0.164670665096469
-0.00446149318120893 -0.0172110524158365 -0.101839422237305 -0.108335878364862
0.0313307665128452 -0.0208513494777203 0.195074700129187 -0.328804471234371
0.0496262493560837 0.0165682255469825 0.537861322676005 0.00491976488969473
-0.0196503688058951 0.0447365487399317 0.389914721269513 0.723218293701336
-0.0782378609096605 0.0164907769473225 -0.431764845529137 0.777534594833993
-0.0578139709154663 -0.007202526356764 -0.646520267956538 0.168601432724283
-0.0530103906506674 -0.0166743905179161 -0.0471953310011815 0.086918503889787
-0.0641385391265626 0.0380246678769012 0.634090737285669 -0.154671421981562
-0.0127931331138064 0.0580997698637978 0.383539592628343 -0.798686817033461
0.0490308798753347 0.021546692660943 -0.500575951325238 -0.679149411869978
0.0584320552439713 -0.0430560471824925 -0.65223610054043 0.105895585420077
-0.00497615690631858 -0.0417487861225881 -0.181757975258428 0.388523747121082
-0.0295625552343154 -0.0103367134985603 0.123878819073208 0.138599612392387
-0.0354021391776314 0.0130050598665474 0.142745318328339 -0.160534629136776
-0.0331262647295021 0.0122293119931021 -0.093421520805514 0.166170954575617
-0.00487169326925639 -0.00711196706818307 -0.10184877304353 -0.102077700925563
0.0294195706530448 -0.00952399432966429 0.195977424169417 -0.329559987696651
0.045551706985104 0.0177253600841376 0.53659018432433 -0.0030566840517951
-0.0205021698155163 0.039247095248192 0.388079304233134 0.718093384776008
-0.0736393155252921 0.0133523105330989 -0.435139751755145 0.782374445224993
-0.0539115525195523 -0.00420832755828114 -0.655474357364495 0.17486422484631
-0.0503390069693431 -0.0138672809270129 -0.0590913758308731 0.0869859288681664
-0.0597403754044617 0.0391331699999979 0.62460138107 -0.149777694412146
-0.00881202826987836 0.053754421496737 0.381085241936023 -0.793698510992245
0.0453270927646137 0.0177294612511473 -0.499483201154758 -0.68453313207713
0.0546577519832981 -0.0397300592024635 -0.653758239578597 0.0984427813963144
-0.00483198674918243 -0.0314772216132589 -0.182788762412105 0.390616395567488
-0.0276808478777193 -0.00112295971009797 0.125995143785794 0.145069872461449
-0.0337898218257022 0.0177924564788965 0.14083807555262 -0.156907596322077
-0.0274072253498005 0.017987407348402 -0.096487728503124 0.167241023210736
-0.0024818445159931 0.00298260822473983 -0.104002701200137 -0.0950772925499466
0.0260052929977479 0.00112870111906442 0.193663060933736 -0.332215615878196
0.03915228879176 0.0217331053541875 0.536925857246124 -0.0151025968376644
-0.0213901987110118 0.0333929004648499 0.397183815482596 0.707191344685613
-0.0659078404211647 0.009284065224621 -0.425812512924925 0.789522832493644
-0.0459625934720767 -0.00385406788117323 -0.660007679074735 0.184996154683385
-0.0455648408799954 -0.0109717548332313 -0.069543213710613 0.0878994337163527
-0.0527413542521623 0.0386344253427911 0.618254520497331 -0.143056289410471
-0.00306503081889718 0.0484194608940639 0.390545639325553 -0.788877078417645
0.0428994990595211 0.0134261039482627 -0.489273510088012 -0.697868119554982
0.0501249622047845 -0.0340523292238026 -0.657314530655121 0.0863391840752563
-0.0060682086593186 -0.0213408813077423 -0.1827749655355 0.390837806661862
-0.0265122846444774 0.00783028685304898 0.125102396003578 0.150974999140951
-0.0295111219437185 0.023829255444662 0.137163225578746 -0.155400890027175
-0.0209282143201317 0.0232273626578622 -0.101517043964031 0.165413321616589
-0.00257390108967587 0.0103691571800741 -0.109068897418497 -0.0889665600006198
0.0220431061964841 0.0129307285741568 0.189097961211158 -0.335494656834274
0.0324039361588762 0.0272273977648283 0.538899532129418 -0.0344413923081761
-0.0205275987706331 0.028006901434168 0.416345773526011 0.690533420972027
-0.0561279140340522 0.00385712392227434 -0.403996285869612 0.798348186127379
-0.0348380097504157 -0.00359354933940946 -0.660592927140902 0.200580940659152
-0.0355016970303013 -0.0112089071638488 -0.0767412666622243 0.0904827265604349
-0.0421131751369814 0.0348384488194903 0.616756580777191 -0.127763663474495
0.00326897031997643 0.0403527269692962 0.409329153585554 -0.778727821862617
0.0410002624756859 0.00901202824454912 -0.473770372708684 -0.714639312055065
0.0444391821815593 -0.0279114136328715 -0.658356275795951 0.0677883057291832
-0.00895444222688085 -0.0112328646709585 -0.187108232239456 0.387698139225928
-0.024184836983881 0.0162818700910736 0.122719942194751 0.157293878896558
-0.0234845620956877 0.0289646728979974 0.133646958892829 -0.154511563676199
-0.0134295849824986 0.0276261485191456 -0.10762479348857 0.163114804247639
-0.000368061234067634 0.0154697320535018 -0.115426298550096 -0.0855731254845311
0.0182779484592558 0.0232830371119679 0.184416246232499 -0.341466704666756
0.0264041480784809 0.0321902516104395 0.54043854192895 -0.0528053721251445
-0.0190246404840956 0.0241990271914553 0.437927347746849 0.672970064186173
-0.0468164049891293 -0.00278609582227966 -0.379626124857377 0.80793742084753
-0.0218650204381393 -0.0062162476416799 -0.654917295247262 0.213574983354231
-0.0233678946214477 -0.0106737434146316 -0.0812535176019959 0.0933035605877554
-0.0306365555421172 0.0310821436402274 0.62083001159205 -0.113646608035521
0.0109910758243466 0.0324291098394721 0.438591883026785 -0.770482404190016
0.0387858673939794 0.00621404180576122 -0.447505005215241 -0.733413980295143
0.0390299049033558 -0.0199613141032788 -0.657323222388993 0.0455145271597838
-0.0120663764969374 -0.00329297515755448 -0.193119592428676 0.382210295217196
-0.022604138535436 0.0222690864021511 0.117957824279407 0.16155457332746
-0.0175007976058079 0.0344583484814373 0.128770570656665 -0.157380801127452
-0.00738344323164128 0.0294791434675061 -0.114952172492588 0.157697958075265
0.000618112556742872 0.0168106112116783 -0.123699688390478 -0.0829848723735468
0.0155918234963161 0.027794395417108 0.179047853217348 -0.346270310741855
0.021408195545171 0.0376706234724341 0.543121396628751 -0.0724192421015532
-0.0178232060276525 0.0218919528703091 0.461747474823255 0.654838106032154
-0.0393525868313604 -0.00926363867006136 -0.346799143967998 0.813150343712535
-0.0107939272814771 -0.00912796490307609 -0.645771438494004 0.226076853960816
-0.0115124486090667 -0.0118867297939931 -0.0798820341113232 0.0974198016055196
-0.0183979947367532 0.0257068315877986 0.628231920355288 -0.0999530218766409
0.0176494668846096 0.0264682851260846 0.464418086469948 -0.759593785356264
0.0388054901061427 0.00467795000774335 -0.419668382453149 -0.750785932114511
0.0334455303921644 -0.0149880606477721 -0.654543607470371 0.0257476650416649
-0.0155807294627289 0.000914872480407843 -0.19840708971376 0.378105229124547
-0.0219659237603255 0.0240748626850745 0.111553154423126 0.163184584489998
-0.0118636168138033 0.0378785340252117 0.125761473813686 -0.160889644642836
-0.00151043871134795 0.0298506012841326 -0.118721375574159 0.153822200528794
0.00273892000367804 0.0148318664592237 -0.130492239274668 -0.0860618126308741
0.0133328442777285 0.0282405072447128 0.17162613117955 -0.349999148426341
0.0181824870191426 0.0407153679555874 0.545263363211179 -0.0870751469581184
-0.0152591647656204 0.0220160371672284 0.485349635315622 0.63913516064817
-0.0338090957503606 -0.0136287784996606 -0.321229808093359 0.816859606849984
-0.00140066937894267 -0.0136533826144466 -0.633021632268551 0.238714113347948
-0.000885419610515903 -0.014646945965222 -0.0753033439597828 0.100794290694271
-0.00898422781168397 0.0214160582000938 0.638889285399794 -0.0891083939398568
0.0228854599476817 0.0217257130388809 0.496128922078218 -0.752331046363558
0.0397043822640277 0.00629029769698179 -0.392959366549377 -0.7655158194736
0.030703634277872 -0.0106990913509538 -0.648628510954009 0.0104981635307377
-0.0194133089126393 0.000734570189660319 -0.203885691735385 0.373909144119563
-0.0223309925454228 0.0232650952566324 0.10623379040069 0.161618682603481
-0.00749283461422611 0.0394253170149538 0.119626444106417 -0.16682524813977
-0.0358926774095887 0.00367544479122156 -0.0923528224170418 0.161896042488498
-0.00550684826371303 -0.0257362729637035 -0.107014189344529 -0.115249681716646
0.0316010857274017 -0.0301607025779647 0.191845981910358 -0.335678447984597
0.052775618753256 0.0153982509211434 0.547943015296873 -0.000641049275669497
-0.0176460139304122 0.0500262208906947 0.411727997928082 0.72528270406463
-0.0805068822820975 0.0183399062757025 -0.417053807019476 0.787878715340812
-0.0564131825050411 -0.00989080139619083 -0.637635956087303 0.175211824074197
-0.0496701493883946 -0.0203505809077181 -0.0355053940878189 0.0886800046458602
-0.0637411428208094 0.0361093444749651 0.649363127605707 -0.162564043529967
-0.0124562393737471 0.0598033333341499 0.391666690878325 -0.809932537720526
0.052065181284293 0.025330301574233 -0.501328558292633 -0.682991816127695
0.0596417280683717 -0.04490652672238 -0.656232583091198 0.111937260314707
-0.00670996311484028 -0.0489384116203627 -0.182609527022227 0.393801747281123
-0.0299288004880512 -0.0180449523004294 0.123849971466879 0.133764311169139
-0.0348744730599305 0.0107911050012 0.141289035069405 -0.167154967196533
-0.0353282418579986 0.00763565492679769 -0.0917145291282891 0.165875775086133
-0.00476751976086134 -0.0169997503939263 -0.103562271589556 -0.109096246616397
0.0320734731067617 -0.0211943832396684 0.194281009497111 -0.334022330642547
0.0499143845023281 0.0162892024856755 0.543777964142702 0.000810213647135763
-0.0205284488088756 0.0452753059141121 0.398830223466823 0.726214903727928
-0.0783033839739287 0.0178508378570302 -0.429758289824736 0.788384331953832
-0.0577703109582211 -0.00690055088540108 -0.651088545820478 0.174862040946259
-0.0531385920963807 -0.016506735359198 -0.0475064860142284 0.0872881217577938
-0.0636301260958158 0.038635518462263 0.637438612032136 -0.160291909727418
-0.0120014585248958 0.0582632400041884 0.381433661326682 -0.806645011106843
0.049579083348284 0.0213842395229403 -0.50849386106906 -0.68170349520899
0.0586184576228789 -0.0440194713807269 -0.658678729881018 0.111479913133791
-0.00541742537830443 -0.0415907741653781 -0.180594892697482 0.393534501979365
-0.029489291457383 -0.00921290609592738 0.126646777029557 0.13969782758601
-0.0353556586740848 0.0138385906284083 0.142865570266296 -0.1630023406975
-0.0331817761666528 0.0128718079968114 -0.0934412405066691 0.167955718932774
-0.00538396640603698 -0.00764832490244592 -0.103511962634585 -0.101423849472984
0.0295569849224962 -0.010346666600285 0.194956708964122 -0.335401531066666
0.0463341501585085 0.0171326365273599 0.541829461033755 -0.00748527985831057
-0.0213308886383214 0.0394587104984765 0.398062181758354 0.720379820363084
-0.074052577620688 0.0144622649150389 -0.432543346794894 0.791068769264525
-0.054410684714493 -0.00502774064382215 -0.661384020690034 0.180251685327668
-0.0522976585300626 -0.0142041952398426 -0.0592861393976784 0.0872964714640069
-0.0595380968965562 0.0393111011858958 0.627995927999507 -0.15599494722072
-0.00757822179068996 0.0543431977598669 0.379566743274089 -0.803968835592196
0.0464514633333663 0.0172631326103116 -0.509769440674368 -0.684990220780209
0.0557289084318045 -0.0411559974482071 -0.661251261444327 0.105996830176745
-0.00567681578702631 -0.0314983734112166 -0.179537453176932 0.396509187031921
-0.0283041501842053 -0.000890307518982014 0.127873038752313 0.145687187810077
-0.033628279971122 0.0182977267482843 0.140944495462134 -0.159196287478213
-0.0272944318169143 0.0182285142888634 -0.0968939962071504 0.168949892585205
-0.0039041026297031 0.00244741738216836 -0.104548380491542 -0.0950485616120856
0.0261683044718822 0.00163891595503832 0.19374164249069 -0.337682245484477
0.0394006213696667 0.0213945702482368 0.543496981867816 -0.019398871857772
-0.0216161034162218 0.0340311948748255 0.407629352866526 0.709883171973968
-0.0654639948862001 0.00958822927294821 -0.424448866474709 0.798532452307823
-0.0459687602012987 -0.00330459700448596 -0.663989761988032 0.191090143910222
-0.0458071622673429 -0.0117844363570528 -0.0696397307428316 0.0890111036480093
-0.0524303419353916 0.0390224817776088 0.622517600396127 -0.14678225409515
-0.00257794467185191 0.0483436528734883 0.388540569906303 -0.797988713892318
0.0438035834474602 0.0127691395652494 -0.499515464138841 -0.699878181158201
0.0505289775142735 -0.0344916992072659 -0.664793058247714 0.0931798781000675
-0.00628338191831833 -0.0213710123548681 -0.180931704988764 0.39666968847651
-0.0261365168710552 0.00870885882231424 0.127162710710384 0.152006033653969
-0.0295150234546328 0.0240047997910043 0.138057701837662 -0.157441218717916
-0.0196012208530137 0.0230279348046916 -0.102330287967032 0.165850263361291
-0.00248196131412221 0.00960504527219837 -0.110443368216198 -0.0894459525408263
0.0226286155573309 0.0130695544580555 0.189535998100321 -0.34235179984254
0.0338021605585872 0.0255532676496008 0.545287886146109 -0.0382213758076302
-0.0211350279351979 0.0283402567127529 0.425248121831525 0.692161200776783
-0.0566778485787569 0.00437354694703693 -0.402675062992996 0.808890358914222
-0.0354934700221892 -0.00377877192855914 -0.663730168048021 0.205467952253424
-0.0356120229095198 -0.0104938190808292 -0.0771917807600797 0.0908735495268045
-0.0418816995796331 0.0358999141615062 0.620841647794404 -0.133790630877567
0.00500401698421935 0.0407383801250643 0.40923597176906 -0.788797361680849
0.0412323274777915 0.00853609061818097 -0.482053444477568 -0.717825807619845
0.044361100844387 -0.0286770249108776 -0.663692305560037 0.074924929118805
-0.00797238841137666 -0.0112408803547958 -0.186004073527344 0.392914231763961
-0.0248321052662705 0.0166191834704772 0.124427088386976 0.158213337519533
-0.0235621753785017 0.0301452749031322 0.134288096144116 -0.156848034724781
-0.0123018692855595 0.0274234734306945 -0.108843753676684 0.164521802635481
-0.00101587340292285 0.0153754202005199 -0.116818690732251 -0.0848597150669989
0.0186951262282419 0.0225566486250376 0.183425014213452 -0.346531820202473
0.0271074615264209 0.0323143302194273 0.545996925129395 -0.0590710508165408
-0.0199029943986765 0.0245722790871272 0.447768404771614 0.675447058761955
-0.0477138424213459 -0.00254842810246569 -0.377258472490943 0.817450381835727
-0.0223253546298237 -0.00556307088717026 -0.660199859350197 0.219127268451954
-0.0240143051964463 -0.0103694793035408 -0.0810942798728983 0.0946971311810064
-0.029626997636491 0.0314857983473382 0.624908872216745 -0.120419120442171
0.0113533169667205 0.032685672383694 0.436279951390777 -0.780106190478839
0.0398068969601642 0.0061975674705399 -0.457994626266969 -0.735890662137422
0.0391358997472102 -0.0216439718421345 -0.662781136653985 0.0525151516047286
-0.0115307489293131 -0.00482892338752604 -0.190421875257508 0.388250485049933
-0.0232560045438186 0.0228954754748135 0.120842927581201 0.162453147911973
-0.0167597005226857 0.0351581239143136 0.129051714915062 -0.159707197643286
-0.00623028253665471 0.030312250960685 -0.115026611412792 0.159250179985654
0.00124990199325141 0.0165359139836341 -0.12490613189584 -0.0848119898049405
0.015198234545967 0.0274524097563594 0.178157295281053 -0.351585430629076
0.0220934807471318 0.0371814016863871 0.548290127499052 -0.0766265976634941
-0.0183480411936628 0.0223220561704656 0.473593188968981 0.656840170970607
-0.0390777642512519 -0.00910036883558329 -0.34710086231844 0.821360545767332
-0.00982364601260639 -0.0096104219165867 -0.649129430120316 0.233308274349624
-0.0108300586509072 -0.0127272316013079 -0.0801783614306109 0.09756808409535
-0.0178979714010457 0.0264556357150643 0.63189138684929 -0.10475547438837
0.0185965974866764 0.0255778478866105 0.466249133823613 -0.769775646683321
0.0393451239054927 0.00469555979167541 -0.428583117545322 -0.754822142557988
0.0341441873769583 -0.0160244672123637 -0.661870943902336 0.0308678419303989
-0.0153167454309086 0.0012296939567947 -0.196826557629121 0.383924379835209
-0.0216071242744614 0.024541868411258 0.114745982224382 0.164247871402405
-0.0111958751621209 0.0383548795609325 0.12576207541021 -0.162672147138583
-5.34327156558392E-06 0.0299337945267328 -0.119254433076482 0.155728032368814
0.00190486063525359 0.0147900867368568 -0.131511471357145 -0.0846014163234267
0.0132415482277303 0.0283914738492876 0.171617030293602 -0.356299731113227
0.0189078209311589 0.0410655849279708 0.550256430379172 -0.0914401157176399
-0.0159042644574623 0.0230144530011732 0.495454646976656 0.639380134287321
-0.0346135380578808 -0.0132923143220672 -0.31627169260238 0.828293976242282
-0.00102967287952565 -0.0138877508818503 -0.636027824927184 0.245031198077517
-0.000630793315217203 -0.0146278723383951 -0.0750090113946338 0.100739879997994
-0.0092859741352716 0.0216653693480527 0.643377455731931 -0.0921416257656873
0.0234971397818732 0.0218825799851308 0.494967983950985 -0.762117253591213
0.039335968212792 0.00471075621018399 -0.402166265669102 -0.767849566037631
0.0308461402546713 -0.0114495159753464 -0.656392547142526 0.0142535165118365
-0.0197763750902248 0.00159013421799832 -0.203538427268725 0.379787003163665
-0.0222487465949916 0.0233892586034189 0.107785366190921 0.162522482471651
-0.00649924340969867 0.039796323685854 0.120334435460232 -0.168423035144248
-0.0356330294263642 0.00461113613188745 -0.0911139860202129 0.163123268934212
-0.00634483418889348 -0.0257181187388099 -0.108721590323568 -0.115611231904114
0.0317486803595138 -0.030288049038268 0.190883142786491 -0.341798400424431
0.0529536991505611 0.0148552481780388 0.555552825650024 -0.00760575539282003
-0.0178083669011182 0.0504366367680872 0.422679934668072 0.728516758832978
-0.0801118132254035 0.0193114018912109 -0.412687396488386 0.798746783142156
-0.05688560844551 -0.00960595628787083 -0.644255042448489 0.182332671747319
-0.0512335201796531 -0.0197947308137155 -0.0346059211150885 0.0893144012276697
-0.0631834727568764 0.0363754024416197 0.651965923671526 -0.168874639516223
-0.012440817590869 0.0599131264299798 0.38856614114988 -0.820052129066688
0.0527426466843106 0.0247984816398562 -0.513226037798793 -0.683805352242998
0.0600180346745021 -0.0465709822125811 -0.660878562185509 0.12044846222676
-0.00641590948472242 -0.0491275096448085 -0.181765137747609 0.39846027490953
-0.0306102086003065 -0.0170271154967157 0.125283613871884 0.134747609230863
-0.0349854839426865 0.0118033582314387 0.141964386482592 -0.170086383284058
-0.0348262362127183 0.00786986939767086 -0.0909765498532005 0.168011588878242
-0.00548712720563625 -0.0173627947566124 -0.105758233570513 -0.109519149944767
0.032049642903589 -0.0217494936750395 0.194944052296097 -0.340687169243306
0.0521582898799303 0.0157479352410289 0.550472797533526 -0.00463643039681797
-0.0195259735719928 0.045204218322363 0.411222504079651 0.728582261399199
-0.0788696203860576 0.0183953488016511 -0.427190277726279 0.797657163748175
-0.0581773228322979 -0.00696667763313188 -0.656155755656381 0.180547893837945
-0.0539853837785003 -0.016567423983412 -0.0462763148435954 0.0882920450320635
-0.0638214417664631 0.0390879746219354 0.639343948466413 -0.167881362928964
-0.011570065446842 0.0583444632885084 0.376713030279715 -0.81663519544904
0.0505467431996052 0.0207888123088022 -0.521241293825506 -0.681825163655474
0.0583682422368052 -0.0455858996649957 -0.663199015260823 0.12115736976204
-0.0049071870177272 -0.0416765059868946 -0.178983108288967 0.400582482609101
-0.0307062272158178 -0.00947334740715347 0.128714435787367 0.140497942857856
-0.035675209100753 0.0145175118168551 0.144124125805827 -0.165481724848948
-0.0320978397415759 0.0135731374020206 -0.0924664092973807 0.170498015617814
-0.0048130592819136 -0.00822471972957008 -0.10401884771611 -0.102517206748767
0.0303625973428202 -0.0107133560366767 0.195140364735633 -0.341593599883034
0.0469736733549432 0.0171049285060723 0.54904558672889 -0.0128528044274118
-0.0218304300393842 0.0400253203197807 0.408730813074016 0.721555702005268
-0.0740379254078292 0.0158234358076948 -0.430473389427272 0.802201004821021
-0.0549921668046953 -0.00472525561609735 -0.665614068061061 0.188837571710574
-0.0524297903751462 -0.0139118282783226 -0.0589259890739083 0.0886453159024515
-0.0594667957853621 0.0403055171154372 0.63213938986027 -0.162115972617581
-0.00781877874446564 0.0551606640358875 0.375756702632094 -0.811910742495626
0.0468678923165109 0.0165750828219796 -0.519098779880721 -0.688756304641355
0.0556294833727028 -0.0420790155883635 -0.665947851764447 0.112949048791119
-0.00445406766076751 -0.0324832071355655 -0.178232958719143 0.402073578078635
-0.0288893060991386 -0.000555380949854225 0.130372361245281 0.14703025237495
-0.033246233448591 0.0198588349100687 0.142660140649506 -0.162573991013849
-0.0259123167840607 0.0182118426642438 -0.0962921105207668 0.170287553450798
-0.00398856105915828 0.00189265665274485 -0.106906292721623 -0.0954591528853584
0.0271824150292302 0.000708732744812309 0.192337699880867 -0.344132941832673
0.0411042354496087 0.021217596710392 0.549398276997871 -0.026648647504048
-0.0221459899430779 0.0338531957944647 0.417086701148314 0.711338850648777
-0.0659357912029804 0.0109467923463618 -0.419588161283757 0.809005626890838
-0.0466090706081092 -0.00305116404828163 -0.668596913598333 0.197304460005161
-0.0463657294536868 -0.0113979067099734 -0.069268421205687 0.0900756734266251
-0.0524054177221283 0.0392218854782062 0.626325696988813 -0.154796676973495
-0.00253979962714291 0.047567318929175 0.38609801340446 -0.807986851083687
0.0443313523992191 0.0122721292920495 -0.510243899362373 -0.702112666805566
0.0503857966329412 -0.036797523144114 -0.669789871511301 0.100374874566569
-0.0059596818556872 -0.0219539696570758 -0.177955400546215 0.401008187876859
-0.0271132865596967 0.00917427650642601 0.130063350709873 0.153353120912319
-0.029546972406014 0.0251139132572095 0.138948883106744 -0.160215485820817
-0.019361514393672 0.0236839929257251 -0.102322802101057 0.169183248767339
-0.00257450415838092 0.00887529816104329 -0.111572873158844 -0.0883820928755361
0.0225030236469094 0.0134513185790894 0.187931940705887 -0.347464249595215
0.0339295161425965 0.0254473675050365 0.54913886021495 -0.0436325731505805
-0.021488736408172 0.0287511821671563 0.437882888370478 0.695041773237189
-0.0568092761420926 0.00488737708095945 -0.398641650004299 0.817484674300908
-0.0352302184269669 -0.00403196358321289 -0.669064552081911 0.212221330998782
-0.0365472687287153 -0.010829581932087 -0.077075109454597 0.0920703281217101
-0.0419611675231183 0.0363797572562988 0.624755875665279 -0.141059325097195
0.00411072902431261 0.0400391838929795 0.405193533784438 -0.79938140582
0.041653778883627 0.00842821483564016 -0.492295530845253 -0.719392026649019
0.0449702097238118 -0.0297701586031193 -0.670348224255526 0.0823102346018879
-0.00803399001516927 -0.0120545255580474 -0.18396045421969 0.398307280945823
-0.024657422865046 0.0170367734948104 0.12685654215013 0.159237006831672
-0.0231631079393929 0.0304640969600759 0.134464764891554 -0.159435275353749
-0.0117290767215636 0.0272586842928755 -0.109528220908688 0.166061646424561
-0.000740879631583597 0.0149153896472839 -0.118529408598983 -0.0851101525024788
0.0191502265876366 0.0226643043589152 0.182358989995287 -0.352477176001089
0.0278462394845826 0.0324589551441048 0.550557485474711 -0.0630528910198408
-0.0207682376897955 0.0248786818367783 0.461529538916442 0.676234745896328
-0.0478389554786505 -0.00176460855235889 -0.372776166933479 0.826215258333797
-0.021816467352647 -0.00639743782810683 -0.662780474549317 0.227939610984141
-0.0239994809198528 -0.0108169214447075 -0.0806743053161829 0.0963361196121028
-0.0300433841049686 0.0322481134265885 0.62862263275881 -0.125480253802938
0.0125573168058946 0.0327286502964441 0.43358119649949 -0.790006429049369
0.0396638275708425 0.00646287378058921 -0.46632992603357 -0.738875093425412
0.0391901562310765 -0.0228591766191742 -0.670180393936089 0.0602254762638105
-0.0120311848389812 -0.00331567847240459 -0.189622493343365 0.394215591150062
-0.0234025921975682 0.0227203806493393 0.122225901072369 0.163535173969807
-0.016709018838514 0.035715281857288 0.129738198181928 -0.162133365613337
-0.00478867328473335 0.0305798912614304 -0.115763411819825 0.161660130241275
0.000329063151823119 0.0163722726372138 -0.126694241214616 -0.0841630555337971
0.0156105771653756 0.0284455561491025 0.176507174793885 -0.357695777090277
0.0219078349939224 0.0365989524350606 0.552949496926234 -0.0824010704178781
-0.0187703808019144 0.0232679762504403 0.483324936175076 0.657250906580125
-0.0396775429546591 -0.00854159812694519 -0.341388092519602 0.832928711176043
-0.0097873153827835 -0.0101112577966682 -0.653552858720981 0.240661102633394
-0.0118816959385929 -0.0125597717460334 -0.0801884066925669 0.0992999987517332
-0.0176481961264561 0.026678737858598 0.636692802387645 -0.11149761212898
0.0189846378216983 0.0254543589717037 0.463000432317013 -0.778942672120281
0.0390624179469651 0.00416644461440157 -0.439625260836258 -0.758142931605783
0.0342087550399016 -0.0166684301478862 -0.666634322650202 0.0377370517502537
-0.0155417816353922 0.00093517951063693 -0.195197787834833 0.390277589216599
-0.0228918338985297 0.0253650158513419 0.116811485265181 0.164884652034391
-0.0110856954026155 0.0394881168810577 0.12535869329097 -0.164595821327267
0.000999508009898257 0.0304621381259796 -0.121320625129475 0.157044603392718
0.0025377268082652 0.014655311353242 -0.133969443951334 -0.0851306347418892
0.0144270905560814 0.0280671441547289 0.169248592535759 -0.362158895190113
0.0200726536913021 0.0405319817141572 0.555886847412802 -0.0965271185515652
-0.0159645138911863 0.0237592815715274 0.506975888535623 0.639437609498774
-0.0346973158448391 -0.012640127757454 -0.311889631905296 0.836622568710135
-0.00159648519094925 -0.0145821063215126 -0.640903187046155 0.252227733531231
-0.000936243892136918 -0.0149207860775582 -0.0740284999010082 0.102687359890285
-0.00887950235817151 0.0217640802348185 0.648074600198929 -0.100997663088647
0.0240240364923925 0.0220759817033193 0.493734116366757 -0.774097597608016
0.0395340525665003 0.00451263548187818 -0.41269368843401 -0.772882121400578
0.0305670763330851 -0.0123720493148474 -0.661799137282146 0.0210078071267908
-0.0193333330561159 0.00139195678956774 -0.201651759863135 0.385696891392389
-0.0228640377199307 0.0248462948169609 0.110499924001691 0.163875418230769
-0.00568703343034343 0.0407093518484515 0.120475012358141 -0.170857090241862
-0.0353586525510967 0.00467543949515472 -0.0922723420652376 0.165187926164409
-0.00731900488646687 -0.0262843321326903 -0.111669612380667 -0.115333139749923
0.0314554552461503 -0.0304101307041069 0.190202412387542 -0.348703293529687
0.054859888376272 0.0134369428471481 0.561109485141567 -0.0135458567549336
-0.0178514237652027 0.0510249145561719 0.434121276753155 0.727912474155495
-0.0800848306351611 0.0203060990566042 -0.407795925640602 0.808650124662953
-0.0570688805659499 -0.0101430983856923 -0.646060814498942 0.188860857228735
-0.051682754561072 -0.0198107625837754 -0.033672932467925 0.0906073351875816
-0.0623485960583383 0.0371905502587922 0.6567224662296 -0.177332487380984
-0.0122213107491968 0.0604290300055849 0.384559454178061 -0.832194720121076
0.0536514305945244 0.0237568006597618 -0.524763596694715 -0.683127060042234
0.0600281080572409 -0.0474047930690559 -0.666150690172932 0.127479160143758
-0.00721435515570564 -0.0491765128283676 -0.177800167342586 0.40402272776332
-0.0309195998821747 -0.0162276143786332 0.128229463000125 0.134920017896918
-0.0343363865393505 0.0126863097493944 0.142748758246943 -0.173106519919002
-0.0344790428002094 0.00898525368768439 -0.0917730878518436 0.169584015920945
-0.00658456231525737 -0.0174456984659509 -0.107863269762436 -0.109297828936917
0.0320783842510615 -0.0230207200440502 0.191824850137142 -0.346110079371484
0.0529835675170691 0.0146071906549162 0.55700011953941 -0.0117177618954437
-0.0201274318334712 0.0466870322435053 0.42353334769628 0.728167601541513
-0.0801374962782576 0.0203146009354149 -0.421869817366383 0.80972607807369
-0.057918091379817 -0.00730149508185013 -0.659149119418579 0.190007633231917
-0.0545600666546914 -0.0164551497130783 -0.0463205711263011 0.0892262364211169
-0.0629265704636272 0.0412350724748539 0.64578080382356 -0.175589141219327
-0.0108850808648203 0.0590100532173898 0.374241032890455 -0.826936775719884
0.051288148055128 0.0207009256021099 -0.531576840524182 -0.68373821282416
0.0590231125314504 -0.0476447179581064 -0.668847479691436 0.12927367344803
-0.00581797902140576 -0.0426237191314222 -0.176191421307157 0.407640515355307
-0.0306882361593149 -0.00941846361223821 0.131935919435803 0.140723633156945
-0.0351137386963262 0.015298175789228 0.142661245844678 -0.168956045066783
-0.0308136616444038 0.0136541742585844 -0.093764425768475 0.171386832930548
-0.00595357122755425 -0.00815534321556593 -0.106259778266597 -0.102067235192065
0.0300788839993116 -0.0113851006576124 0.193342204285181 -0.347445752042728
0.0483376692170877 0.0161415901821298 0.554146385418186 -0.0189049006979718
-0.0217116368640982 0.0418826233917842 0.421891350096973 0.722225117728442
-0.0748925324030202 0.0166110090298017 -0.425767918841751 0.812230529325269
-0.0544514373428599 -0.00453884602773661 -0.668921491962346 0.19627793159521
-0.0525344685209289 -0.0134845491561347 -0.0581612427194975 0.089262694454491
-0.0592239802802647 0.0411666800406126 0.63440634406875 -0.171813143321796
-0.00706999878732065 0.0549363344863416 0.370769223598593 -0.823775988279374
0.0481095006982141 0.0164573452459323 -0.533347181323019 -0.688136324394449
0.0552418640177685 -0.0433610272308434 -0.669856330714394 0.121843307570461
-0.0054650595373137 -0.0319612696949175 -0.175242881150023 0.407862678133651
-0.0293840746392257 0.000165144073302599 0.132566917694643 0.147469950954834
-0.0332372676419252 0.020865365501014 0.142331638382988 -0.165381472047249
-0.025545225811701 0.0192402909455324 -0.0964270052682389 0.17281164933948
-0.00496637165522353 0.00205415296337903 -0.108525474186677 -0.095283620634818
0.027135253811964 0.00114016684197575 0.190573875815713 -0.350355663726386
0.0418126580771207 0.0196649344695381 0.554368423139605 -0.0318398892901115
-0.0230898478564554 0.0352983537408873 0.43144699289388 0.711441204094545
-0.0666771425677028 0.011649949920322 -0.414744739862214 0.82007185656555
-0.0462530606445275 -0.00305880674362406 -0.672161117283479 0.207058915109284
-0.0469451917223568 -0.0109615699069104 -0.0687078202903343 0.0908271008765205
-0.0522248139835891 0.0402616659685114 0.629803434636647 -0.161165343877911
-0.00154372889059763 0.0489311497303964 0.381467741506846 -0.819298942350707
0.0445295784749905 0.0124584138270247 -0.523543095804593 -0.702248113883825
0.0506104429742165 -0.0382523012095434 -0.674468600248972 0.110440426156807
-0.00594299453065134 -0.0215219598444854 -0.176224637027889 0.408339367949293
-0.0268336741082262 0.00995493677996537 0.132829731332781 0.154630666830976
-0.0290868966597604 0.0257171368283692 0.13891543778258 -0.16329767069373
-0.0186517105031714 0.0243465561325613 -0.102248661850171 0.170346103221303
-0.00332426681595454 0.0103870293073835 -0.112566109766466 -0.0897394796016804
0.0229263551687111 0.0137537791195277 0.185833096588434 -0.354174740565172
0.0348777053555003 0.0254014706267422 0.554783017140683 -0.050850252870718
-0.0220276741503352 0.0294851657261923 0.450507043749246 0.694160354890738
-0.0572100758149464 0.00504699700224693 -0.395051588704816 0.82840053906648
-0.0359249852853338 -0.00392731837588817 -0.671512518800869 0.220476674645481
-0.0368862436152977 -0.00989844524519952 -0.0755687079039392 0.0935040961889236
-0.0410052379486179 0.0371921066526063 0.628480322205997 -0.148960449331616
0.00558964420034857 0.0406379456483001 0.401265379299213 -0.809452495893502
0.0421805701543024 0.00778883959132365 -0.504817746892153 -0.718803296491986
0.0445440633840715 -0.030799460405837 -0.675610375788454 0.0917787205308324
-0.00814057609035144 -0.0109762090143517 -0.181140351250797 0.404801198598246
-0.02440373172107 0.0179882199761092 0.129768336366709 0.159763135829109
-0.0230561633470118 0.031094376769965 0.134863712856565 -0.162208727470964
-0.0109728361341395 0.0288317898630554 -0.107963068108338 0.167922611391145
-0.000723820469273547 0.0148386956957763 -0.119927666479256 -0.084616544198803
0.0199777837602945 0.0221748159541338 0.181022101113513 -0.358366778091957
0.0281187425094599 0.0313929166977308 0.55813525561311 -0.0704752291518733
-0.0204768340742945 0.0256679334069291 0.473033306363825 0.675446749122949
-0.0484470477586459 -0.00259566797783483 -0.368393103688098 0.837295124204309
-0.0215309492494988 -0.00653460745504843 -0.667753114275537 0.235351670379808
-0.0245978497810732 -0.0103941914737048 -0.0801275128218176 0.0972613755665928
-0.0300153874522015 0.0322514825900147 0.631215980842401 -0.133747108319037
0.0125733704252849 0.0326732388092813 0.431951916123765 -0.800459096600182
0.040540887944011 0.00544620757319427 -0.478993134229914 -0.741962770616175
0.0391447548570709 -0.023546765348176 -0.674864006106543 0.067673718306298
-0.0115833136058827 -0.00320821811209471 -0.185642922469396 0.400897772727102
-0.0235689074184726 0.023692094735325 0.125148185238217 0.164276190399035
-0.0163264869963486 0.0370085663517875 0.129646003111191 -0.165066723200379
-0.00363978364173956 0.0306233122313096 -0.115243763907595 0.164276327751723
0.000466319760675768 0.016378321378961 -0.127935546974088 -0.0828533089605984
0.0170218716138386 0.0278250642608445 0.174308296301137 -0.364091875282368
0.0235626768889036 0.036898660016467 0.559571483210245 -0.0899674829958439
-0.0195121375770392 0.0234693133549583 0.497396472060394 0.655528422638075
-0.0398512920363705 -0.00821182564218935 -0.33668576731391 0.842311055708764
-0.0102814066618967 -0.00983362156710879 -0.656869892148896 0.248543042461888
-0.011829100231259 -0.0128844311094823 -0.0798840300131881 0.101029259690984
-0.0170183878032762 0.0268515260689397 0.638926768209671 -0.120078424219466
0.0192571394292804 0.0249695889255562 0.457825460389165 -0.790414784086076
0.0395161214952788 0.004110452253294 -0.451889665850256 -0.759632815825842
0.0338823222184482 -0.0179372454611345 -0.672980968753577 0.0460648178936101
-0.0156499995923302 0.00132329625110284 -0.191461519120954 0.396397985711495
-0.0224985033197451 0.0266219833766963 0.119976388279355 0.166461203458562
-0.0102627969128375 0.0399406759087855 0.125726787725338 -0.166904772436622
0.00138075417374729 0.0308243901875996 -0.120374149364598 0.159237025203139
0.00182747580405534 0.0145437352090518 -0.13580088537189 -0.0839386279947396
0.0144938499865147 0.0275846775793419 0.166997828591717 -0.368393923494806
0.0207351153789807 0.0406068612267252 0.560954386616944 -0.105035659529055
-0.0161816603021479 0.0244398295231776 0.519968592053833 0.639793774978924
-0.0349569580315106 -0.01276604611451 -0.307699590283562 0.847164836532927
-0.001424613570716 -0.0149269943535389 -0.642911188838047 0.261212780460416
-0.00124372001393089 -0.0150813339360639 -0.0744568253492799 0.104085987632584
-0.00861528300351173 0.022802606585241 0.65091717167359 -0.107830826660958
0.0246436184027284 0.0207177143774504 0.489487663211451 -0.784119651077577
0.0412395289150758 0.0047299468389734 -0.423847880934071 -0.775652576522207
0.0305371902801425 -0.0132036056188814 -0.667706823000923 0.0303285924677178
-0.0192368576249313 0.00165865220164906 -0.198239255542287 0.39219037846504
-0.0218325683490452 0.0252968311954606 0.113010915814152 0.163792078664932
-0.00559278673052765 0.0416775561865894 0.119853473405698 -0.172773601048351
-0.0347775129745079 0.00538883489563759 -0.0914596283790147 0.166764696151533
-0.00728233756346049 -0.0261737125704657 -0.113437586060102 -0.114760834769719
0.0319251806151383 -0.0318074024216133 0.187089014583838 -0.354367935816598
0.0562199177652661 0.0126820972453892 0.565781874916273 -0.020782565918528
-0.0174891268422218 0.0524351645676721 0.449095099721441 0.72677121198922
-0.0804616364905042 0.0214031514618028 -0.401524464304291 0.81652459489043
-0.0565950359363667 -0.00924005560698773 -0.649101219172763 0.199491876616815
-0.0516051664671219 -0.019344907118916 -0.033260125236014 0.0913899097183183
-0.0627839738537264 0.0390235756002095 0.65888016437684 -0.187151469153923
-0.0112451493183892 0.0609475630502756 0.376893479912487 -0.841511530979809
0.0542329861334657 0.0238320328220646 -0.537076857420328 -0.682235377624906
0.0603012197238591 -0.0496330377380616 -0.669764151081796 0.139730565073929
-0.00783868414577654 -0.0499490561830313 -0.17276407894673 0.412532379292362
-0.0319687852879466 -0.0160729710997374 0.131019109624835 0.134964538385447
-0.0343594634977145 0.013795349662551 0.141014265051809 -0.175954540922255
-0.0341151360710568 0.00907752809621701 -0.0902989511067593 0.172376692115639
-0.00678462108401023 -0.0176764624781798 -0.109532233856542 -0.109277775861969
0.031610088738131 -0.022962901992032 0.190489317849271 -0.353275852026983
0.0533282304654861 0.0137495790054506 0.563603599314827 -0.0186542076656599
-0.0203235819770127 0.0477471257741878 0.437424956672337 0.729096469774818
-0.0792735755120575 0.0207472513600699 -0.414162050141791 0.818931061905195
-0.0585277307064933 -0.00645430350058302 -0.661903791116839 0.198795707122184
-0.0550451024987783 -0.0161401156233296 -0.0451983300234695 0.0894762812400512
-0.0630175402002361 0.0407014160516619 0.646246801820371 -0.185234360083952
-0.00969779393748983 0.0601434479214463 0.367442194559964 -0.838274584030587
0.051492463078597 0.0194167329055751 -0.543799029702129 -0.680175032463063
0.0578453399993628 -0.0482970969422422 -0.671926451254424 0.138620079648823
-0.00584953188717981 -0.0424472842616205 -0.170130354462836 0.412988842361985
-0.0306524225671227 -0.0086809034075099 0.13411401722515 0.141268242624783
-0.0343102378005978 0.0165550392871507 0.142493331527417 -0.171500550985548
-0.030470729387024 0.0140524738397941 -0.0925967757398988 0.174185704484553
-0.00665878133612111 -0.00816913673486478 -0.107936314238836 -0.101251120834389
0.0295807551783225 -0.0116299549212147 0.190044647110417 -0.353882669528479
0.0493031552316177 0.0156931965810946 0.559477031174043 -0.0267515171863103
-0.0218179133003642 0.042343960285874 0.433254076878181 0.72039761627739
-0.0751536700555749 0.0173387831270785 -0.418230890900962 0.822768933240208
-0.05456291312427 -0.00435742917538095 -0.671079924285743 0.205820677680814
-0.0532299835496336 -0.0132812734014391 -0.0573466982711404 0.0901053279753909
-0.0595307838593509 0.0421794285833503 0.636577124697369 -0.179216520435091
-0.00664541309345465 0.0556076889709723 0.364136425322119 -0.834076893243131
0.0483761335069824 0.0153513173676412 -0.544871072715343 -0.686246800185269
0.0556260899109404 -0.0452181257258168 -0.674704304620102 0.133945979138983
-0.0052455551691495 -0.0327720829344199 -0.169895067106598 0.415175287412187
-0.0300739629823998 0.00109302679414542 0.136573116215926 0.147470163113572
-0.0326707669776169 0.0212382251805184 0.141550848509796 -0.167967236546418
-0.0245738148665107 0.0194255211816283 -0.0948668140086491 0.174885747371096
-0.00494336546090974 0.00190796814072377 -0.110375564692368 -0.0946639264832713
0.0272847728738772 0.000279410734676062 0.187900066375849 -0.35577524565037
0.043066555334386 0.0186013628713138 0.559245663061715 -0.0400016931263376
-0.0223647216269346 0.0361870342016795 0.44441481339917 0.709572837944928
-0.0673048499940412 0.0128354891774222 -0.408065557099932 0.829075559496852
-0.0467154598902175 -0.00264681115870443 -0.673952958614869 0.21621753895594
-0.0474517963747097 -0.0105387116606212 -0.0671938810101939 0.0922439271506841
-0.0511931748831927 0.0416523461377539 0.630599385651537 -0.170236459851051
-0.00186265900914734 0.0482591197631968 0.374155961032096 -0.828567127758354
0.0455335644331037 0.0118717649746658 -0.533137645075874 -0.70081485602542
0.050131012920334 -0.0395989590782815 -0.679672647880872 0.120273042444692
-0.00532873640259924 -0.0219911379953961 -0.171194326325464 0.412636899370342
-0.0268300043297987 0.0101104302074449 0.135437120745397 0.153959565096322
-0.0277857010352612 0.0269851683833954 0.137341735502345 -0.165544868083213
-0.0181790074742429 0.0247148553828647 -0.101242226868766 0.172563752576711
-0.00367643974668703 0.0103500748531341 -0.115098556082318 -0.0892611325710683
0.0232113581698571 0.0127056508043275 0.182914941216246 -0.359874790861201
0.0361059901707855 0.0247968233472269 0.559509676574216 -0.060323928682009
-0.0225057883970569 0.030740807201783 0.464213963146674 0.693099707288616
-0.0580754876507734 0.00582989756789767 -0.386400993042739 0.838880249698199
-0.0356615515172412 -0.00338653555911437 -0.673326091931937 0.23103307648925
-0.0373957514154896 -0.00943620077094343 -0.0758321210404703 0.0949650593074122
-0.0409399166351379 0.0374954392126432 0.630623686672648 -0.157175059471858
0.00588327471466836 0.040615307443749 0.394343917574881 -0.819253748117259
0.0428769114212143 0.00744769708091543 -0.516066546713935 -0.720104170497638
0.045456936966679 -0.032104923146493 -0.680436877572989 0.101266165736153
-0.00795004969689547 -0.0115327107755784 -0.176129220315522 0.411889717091805
-0.0249048218866645 0.0199031929595628 0.134124839134 0.160174158101569
-0.0221105517079928 0.0323219782096582 0.134010345085893 -0.164553543746649
-0.00990049050999095 0.0294734519826636 -0.107904578006051 0.170217307929811
-0.00145646668093888 0.0157440991568158 -0.12114789960357 -0.0842339857442162
0.0203120831511109 0.0218617754242321 0.177466288251758 -0.364385361352735
0.0287352905420916 0.0308961461901491 0.561545682490986 -0.0781990313783483
-0.0212855818678384 0.0266051593897956 0.484046153629575 0.67418629968227
-0.0479117744059939 -0.000618787059329134 -0.360626376724581 0.847584961333538
-0.0218273334024435 -0.00594735460928817 -0.668957653633028 0.244116762867635
-0.0247435819222603 -0.00976484129414749 -0.0801565820810796 0.0984226483476229
-0.0285800615307095 0.0330980762989628 0.63396671285603 -0.142754166070569
0.0133334343515536 0.031805597937302 0.42382042067047 -0.811136225057904
0.0415325876714277 0.00449871335952283 -0.49172216814025 -0.739405871566467
0.0395018183521224 -0.0247671372776835 -0.679927510757473 0.0783980537136348
-0.0113279043219068 -0.00372788915716548 -0.182157719896484 0.407811921983882
-0.0228925434074365 0.0245440022779534 0.128638946573879 0.164840328594482
-0.0158003894503407 0.0373793522533523 0.129144337439333 -0.167135857039058
-0.00285932415202677 0.0306946565709877 -0.114999542611272 0.166814689556039
0.00021182689452521 0.0165976023553166 -0.129529264987786 -0.0828484186870475
0.0174252365038681 0.027657931787852 0.170672319804009 -0.370473939983929
0.0242056448191991 0.0354394268405171 0.562617544422279 -0.0974419783150909
-0.0199419591463515 0.0243053664918262 0.510097514181333 0.652104838625913
-0.040861846422759 -0.0075397527171828 -0.327657820998959 0.850381847548407
-0.0100857754546798 -0.0103635271941595 -0.6578276379655 0.257918514318677
-0.0120028834760144 -0.0127342233107676 -0.0789559766219999 0.101191000820085
-0.0169317112801246 0.0271413937201934 0.642911213492939 -0.127735811261678
0.0199065653701279 0.0249208421876812 0.454133109153314 -0.803101333768406
0.0402600658351027 0.00340685714268894 -0.464041913031747 -0.759650927034522
0.0343649746719612 -0.0184590899826564 -0.676857675955902 0.0553825296936526
-0.0153312877000587 0.00138570382042265 -0.188436093843162 0.402292831927492
-0.0224251907407959 0.0269367646025776 0.123158188968311 0.166405539489426
-0.00918483388517425 0.0405508474324024 0.124533380235386 -0.170776752620756
0.00272616596129052 0.0308322033166258 -0.119515551284054 0.161458870669716
0.00140695648639017 0.0147877798337788 -0.137176516009454 -0.08308357930944
0.015151253081566 0.0274820905438086 0.163335027461738 -0.373640125644504
0.0213637564420773 0.0403040023311912 0.565794325525124 -0.114118244984774
-0.0173649013566329 0.0249080856246344 0.533373149021653 0.636116443309487
-0.0353208129919876 -0.0124027653305303 -0.297618389344296 0.854959961012629
-0.00196311689165619 -0.0150256413825282 -0.643635529492278 0.270518892237379
-0.00154813425396503 -0.0160020057480782 -0.0727820236418925 0.1056955264016
-0.00819281895966069 0.0227185159895422 0.653750383229466 -0.117286596933211
0.0251748844490279 0.021016235686648 0.485337856077117 -0.79530246404055
0.0403892969766399 0.00434072884653327 -0.436918525476595 -0.775931004015446
0.0312719418757964 -0.0142811986923476 -0.673996919372066 0.0399026673965736
-0.0194720500466463 0.00222843444054793 -0.194509826664111 0.398430795188346
-0.0216097211114454 0.026355827876036 0.116259055408112 0.164368481424153
-0.00374863632290305 0.0421066149468635 0.119314102021573 -0.176344346112962
-0.0340095710176663 0.00621629836664613 -0.0900639170364903 0.169690562690834
-0.00829734659192591 -0.0259887987878999 -0.115770202125411 -0.114400825405314
0.0313161358614818 -0.0319928391682187 0.184066539550296 -0.361260663968333
0.0569751391997173 0.0124339501326551 0.569329100553568 -0.0297287822993459
-0.017940983628797 0.053239093090821 0.462345264754012 0.72404225875431
-0.0808766018748001 0.0228736899655114 -0.39377202956053 0.827797497322246
-0.0567627291493044 -0.00738211424118922 -0.649608114317529 0.209634440006949
-0.0529260231820026 -0.0186968632410404 -0.0321348505472162 0.0921736533873492
-0.0620855129049616 0.0393936193850695 0.661486369251355 -0.196723816601061
-0.00979234117524993 0.0607475644310638 0.368501663633575 -0.851339675951394
0.0545052346083655 0.0229179694779074 -0.548207244384971 -0.681527854479076
0.0592431624600152 -0.05120513824244 -0.672459117930624 0.150602454038922
-0.00783524828917779 -0.0500797778342639 -0.168705325086818 0.418180176527191
-0.0323364007360684 -0.0148488261054502 0.133436544049469 0.1348208379218
-0.0338925861243168 0.0144359761306085 0.139637410448922 -0.178902934316824
-0.0332501769619056 0.00960374477056543 -0.0886968680918332 0.173663912218849
-0.00778383387026838 -0.0176554365913799 -0.110314931797852 -0.109351736276582
0.031600542252287 -0.0236466502363002 0.18631483858381 -0.358940355257709
0.0545842108741459 0.012703389123747 0.565403467108441 -0.027174130153713
-0.0204949638255552 0.0484838851222888 0.451015574034436 0.725146977855461
-0.0799159756304163 0.0219820690264051 -0.407297414068093 0.828830844649604
-0.0582543461260163 -0.00586904155491397 -0.662138193948784 0.20910578827759
-0.0553580020250249 -0.0154857985210528 -0.0442416012428704 0.0909180422765737
-0.0622711752519513 0.0422014329018261 0.646785916076407 -0.194574619029739
-0.00921582473293296 0.0596835240676443 0.357348355969652 -0.846958114773969
0.0519964134939894 0.0196430763404193 -0.55796969298666 -0.678672553618594
0.0584224149123231 -0.0502677521533153 -0.675798218352889 0.150582896925652
-0.00625015899695824 -0.0423647216740501 -0.165916778967279 0.418805967521041
-0.031800425485953 -0.00690653463763431 0.138375429983195 0.140654718306072
-0.034148549953944 0.0179973453624024 0.142133292590981 -0.174102960528116
-0.0299296565224918 0.0146127754303344 -0.0909680171898706 0.176027244259367
-0.00729990711329972 -0.00662366171473868 -0.110424802583528 -0.101937222476465
0.0313362170469956 -0.0129799243006078 0.187112398551989 -0.359781460099899
0.0499151302464363 0.0141444884069131 0.564575534364862 -0.035198426355547
-0.0219306742007474 0.0431408436746818 0.448660595374735 0.718012304716122
-0.0743841516737594 0.0177371763958028 -0.40987775612056 0.831660491020588
-0.0550458544881651 -0.00351342764595186 -0.671279341764556 0.21532254279762
-0.0544331257387252 -0.0123573676395246 -0.0566433657193075 0.0924746578274148
-0.0584066438900781 0.0431626107257949 0.640150571430954 -0.188974080126592
-0.00578824186676677 0.0550750510869954 0.357168840714758 -0.843507314143747
0.0491633765975641 0.015945781496735 -0.556967896653081 -0.68470158279627
0.0547838819851231 -0.0466136992492778 -0.678208909393445 0.144057851869271
-0.00534711702816698 -0.0326860132669772 -0.166324362976678 0.419569379209801
-0.0302819439622811 0.00209832462249496 0.13960387261517 0.14704960083264
-0.0317550255186994 0.0220432271931811 0.140203365569127 -0.170947657527431
-0.0243907715419695 0.0200742641397852 -0.0945500987014367 0.176902443018005
-0.00557389207589085 0.00209223251506868 -0.111166519099053 -0.0937408104321482
0.0269685647970718 -3.47865452227291E-05 0.184588796330779 -0.362189048957815
0.0438696867262242 0.0182114772482773 0.563593814169236 -0.0482283901640348
-0.0224663494647035 0.0372721719798041 0.458424256066256 0.706660188476315
-0.0673633633845158 0.0133437894703342 -0.400138500523868 0.840425466679696
-0.0466288332680235 -0.00260067378362065 -0.675744859228664 0.224641573634136
-0.0476369925047506 -0.0104171119477019 -0.0674754694450873 0.0940479019168284
-0.0509160100193864 0.0409211971213827 0.630654492930997 -0.180643754087418
7.35466580633753E-05 0.0490037270263591 0.364691908471879 -0.84020011533404
0.0463397238301176 0.0111951606607785 -0.547887483948788 -0.699340158254278
0.0504004382128841 -0.040729665491802 -0.682187707817758 0.132049118700616
-0.00660130240754927 -0.0216316675568654 -0.166877762766838 0.41988433174515
-0.0267044578924703 0.0114394014958281 0.13939420720902 0.153901391123414
-0.0279475274069814 0.0279752482859025 0.137850533238962 -0.168752444069392
-0.0166879116912039 0.0249757646490549 -0.099731846428098 0.174839135102003
-0.00395566086115887 0.0102886723535621 -0.117139471418062 -0.0884788467895353
0.0241652693913819 0.0118817146251222 0.180028596367058 -0.366293904336467
0.0365403353715098 0.0232584013021047 0.563437355810393 -0.0670508244475221
-0.0226430279140182 0.0312247563801884 0.475749132969826 0.689655967055006
-0.0575165607160389 0.00702500945858345 -0.379398188082832 0.849427247210171
-0.0353378176450055 -0.0022907129670002 -0.674235383300202 0.241490988654717
-0.0380970907861011 -0.00930235315140659 -0.074379131024846 0.0967893822425292
-0.0396895370976704 0.0383835080015187 0.631382719916917 -0.168931143348373
0.00592752102838381 0.0411868592966354 0.387000972316225 -0.831290509169897
0.0424191927218043 0.00759844052038566 -0.528168651393416 -0.718160361873279
0.0448640780081227 -0.033947017268212 -0.683343763060549 0.112808056298434
-0.00800235156092038 -0.0117214802621745 -0.171780386919288 0.417378487722445
-0.0243883227497389 0.0205310948460801 0.137149474549142 0.159026171599259
-0.0226281192099509 0.0330760994346965 0.133519114886656 -0.167673454789484
-0.00886138257526214 0.028474869976745 -0.106521112271989 0.172065344927461
-0.00191183192976625 0.015542135619943 -0.12409288692881 -0.0833629835921249
0.0202490762755326 0.0217632508534928 0.174900380608804 -0.370953341360745
0.0297948947146262 0.0296973005658067 0.564502636005075 -0.0870513879509655
-0.0216910128200427 0.0273652846583786 0.500240331950439 0.671060562823396
-0.0480755672113763 -0.000672895180434195 -0.351321594157244 0.857095884095512
-0.0224340106426946 -0.00589929805553226 -0.669965052920231 0.255463794467347
-0.025109748598966 -0.00990546807273604 -0.0785466732450154 0.0998155321566892
-0.0277901094294258 0.0340029979806687 0.635891121817854 -0.152604158556797
0.0130171235400285 0.0323704880286776 0.41861724662853 -0.822049037674991
0.0406357092006526 0.00462340751416674 -0.504213962365255 -0.739536135266755
0.0389261662740264 -0.0260151014766591 -0.68470682277614 0.0898074259877642
-0.0105481261087952 -0.00327059451433468 -0.178341567166975 0.412924991904633
-0.0225815027773269 0.0261169853243378 0.132622257117551 0.16334339835675
-0.0142430590444739 0.0382045228891958 0.126751598759185 -0.170267089652937
-0.00209890800182067 0.0316165853431065 -0.114050348310745 0.167268277798811
0.000893116796675798 0.0162820726539017 -0.13168667478065 -0.0820634918247595
0.0181677094771541 0.0273508320077505 0.168627709575979 -0.375824714228402
0.0251394785915006 0.0354149719257401 0.566314406272752 -0.106361514763188
-0.0197667582767978 0.024787530565601 0.521086809934864 0.648710734311305
-0.0409818164934762 -0.0075023268650048 -0.320980930664491 0.862302733310429
-0.0102036505100366 -0.00995889285409478 -0.658019209486147 0.268722563081901
-0.0122005258443489 -0.0130326798812029 -0.0777572557048018 0.103158899231465
-0.0164455634564714 0.0283240565727742 0.644698608864163 -0.137510874188125
0.0205069876510817 0.0247552931435541 0.447377085645516 -0.814916189333486
0.0398411504055402 0.00266893616717599 -0.477491534967946 -0.757846317838935
0.0338143753487538 -0.0197171957106044 -0.680749185517838 0.0668609751026723
-0.0147160049614946 0.00127402962143612 -0.18537889954497 0.406655240145498
-0.021665499114195 0.0275102193800733 0.126531661407227 0.1665832972146
-0.00848815581417011 0.040945657577975 0.122698492535044 -0.171855145329654
0.00419001968575968 0.0306210425524376 -0.118613292855055 0.163964613905055
0.00125118198458391 0.0151086208029066 -0.139214181847986 -0.0820583270999951
0.0160902816906055 0.0279144740753884 0.160976559694466 -0.380286092003305
0.0228712715838127 0.0390026050976917 0.569199550214895 -0.122078408991293
-0.0170901766866877 0.0250615331908048 0.545736913305171 0.631443376452413
-0.0352717117905138 -0.0110368522282112 -0.288773672510429 0.865267294891419
-0.00145714094654254 -0.0153554490669411 -0.644022291844191 0.279567327115153
-0.00218025431905367 -0.0153061118548359 -0.0723884108031183 0.10579078445242
-0.00703708899937055 0.02292189035768 0.655695716876949 -0.125756906340105
0.0251636318606696 0.0200405940819265 0.477103666340732 -0.804369389091925
0.0411216337691425 0.00359233453740741 -0.451219894074543 -0.77318077356156
0.030448052144316 -0.0149534155194687 -0.677013521051513 0.0492350641227532
-0.0196214555602076 0.00213219977773312 -0.190734980723852 0.404334290566605
-0.0221490818054009 0.0265030624166617 0.119080639756442 0.16577060430347
-0.00360946739241681 0.0428179614807987 0.117543873336795 -0.178621440937141
-0.0330924303815411 0.00682782511107287 -0.0883555580001014 0.171127752500097
-0.00913006827923738 -0.0253397808957004 -0.117050417659191 -0.113079862428506
0.0311868410823759 -0.032491084643177 0.179744744698981 -0.365465868208071
0.0568059290513568 0.0105976280864813 0.572863543956843 -0.0396335282891664
-0.0178960824422069 0.0543512915720085 0.476306335953474 0.719457763104666
-0.0802925425604637 0.0245782428547184 -0.384673632529565 0.836254472458597
-0.0575028162332384 -0.00778091061449571 -0.648045436596099 0.22071772741488
-0.0532049401781326 -0.0185405840524311 -0.0308983004598576 0.0924472621700516
-0.0615285224611142 0.0404187979984532 0.659754895495552 -0.205808138507291
-0.00967899270621643 0.0613000296722453 0.359148996275276 -0.859325436148164
0.0551204149532167 0.0224193202941654 -0.561688871630146 -0.672348025823829
0.058940784429502 -0.0535226671566652 -0.672690697468282 0.163095509125105
-0.00794043606479124 -0.0507852944104262 -0.16282316833145 0.423383588129771
-0.0331052277354053 -0.0136043088587282 0.136979247292089 0.134577786288422
-0.0337998725315664 0.015672454354825 0.13870691530585 -0.181311074614094
-0.0322859852209344 0.00971087677439162 -0.0880610188504494 0.175199314076554
-0.00810998321814963 -0.0172565088406831 -0.113076507410325 -0.107708654711278
0.031887170158739 -0.024666941184784 0.182328463782659 -0.364914419148639
0.054696331153504 0.0112544044155519 0.570359680958661 -0.0372084112470529
-0.0207653928130643 0.0493329068354241 0.463986327749231 0.720273924353659
-0.0795185218374154 0.0230624882465189 -0.397720315072311 0.83828006859379
-0.0585458734981338 -0.00485844104378361 -0.663101333715945 0.219429894513783
-0.0563273712675993 -0.0141092231705325 -0.0416011493603668 0.0913967097194577
-0.0613368013056176 0.0426214389100509 0.6474085773654 -0.204396754992611
-0.00827548565885038 0.0597682146718304 0.348532606683088 -0.856890003676766
0.0526017915359592 0.0191937637162816 -0.569292159005285 -0.671762105626239
0.0578675136460961 -0.0516413577819052 -0.67595846903442 0.162137215738307
-0.00605603818156331 -0.0424680401343202 -0.160683938379681 0.423388505608379
-0.0316759890449812 -0.00638430208919815 0.141078199004683 0.139561353434681
-0.0348755110647306 0.019566761044502 0.140220181153553 -0.176937824924898
-0.0287874143818084 0.0140505571090285 -0.0892363416061831 0.177448396837121
-0.00782468110403412 -0.00760234839505365 -0.112310614396343 -0.0994567456645337
0.0304962039432348 -0.0129284269920512 0.182512042553894 -0.365176758947795
0.0506226262842188 0.0127068000708799 0.567103365536639 -0.0447175954148067
-0.0215510372267523 0.0438092152424293 0.462968823652815 0.715095331455289
-0.0745700231598402 0.0195711560372599 -0.401053752316985 0.841716738509513
-0.0544727186138728 -0.00281922103367008 -0.670725807965887 0.226041729962552
-0.0547401775120673 -0.0111287890197966 -0.054579529320546 0.0918662112996253
-0.0580900430341548 0.0441733148114498 0.63785296967352 -0.198053529897371
-0.0052299468567868 0.0562420760628601 0.346422889878567 -0.853117247188155
0.0491635297024992 0.0150459263167382 -0.569334117644009 -0.677540017512146
0.0543044627654056 -0.0474450935575694 -0.678553982026112 0.155468519334098
-0.00654414834565181 -0.0333602001911175 -0.158918991191409 0.425666327671737
-0.0297342679631221 0.0037107350708517 0.142984388714 0.146442359320969
-0.0318259242982957 0.0235196421385712 0.13911948010784 -0.174243214339122
-0.0230901812846464 0.0203380651762118 -0.0925256290510593 0.178185147505092
-0.00555302136322527 0.00298756481887978 -0.113527540408993 -0.092480749888482
0.0273532067990246 -0.000469600016871562 0.179815985484718 -0.367680603356602
0.0436091376210314 0.0173790190013614 0.565941356852385 -0.0579877498035721
-0.0233888960047947 0.0382386609137668 0.474452731890922 0.70121768879407
-0.0674597907249714 0.0146358041959451 -0.390827920014939 0.85065529579818
-0.0463526344036229 -0.00198754014790392 -0.674496420665733 0.236716636318247
-0.0482332980516436 -0.00933238839751881 -0.0660481747030282 0.0946101861310129
-0.0506151748608997 0.0428240582550356 0.632790256931203 -0.191306737766574
0.000117251097422867 0.0487679996269749 0.357288027334857 -0.846968626270434
0.0458038237042525 0.00999570535668302 -0.559970966222432 -0.692356779850039
0.0495209181996825 -0.0418006067849272 -0.682007549771804 0.143599945452274
-0.00650659952225186 -0.0223366297747488 -0.160117704289703 0.425246992839363
-0.0272222082096686 0.0127859636005685 0.142285902271607 0.15264711788023
-0.026829518532273 0.0290139335768555 0.135398615796877 -0.171528245870008
-0.0156951469844013 0.0257763180187954 -0.0982552264080303 0.176570502999073
-0.00420442371842081 0.0109676877646355 -0.118942962148904 -0.0866445652178491
0.024232344405418 0.0116605336814932 0.175365322472238 -0.372022264680597
0.0379284281757827 0.0223094305576672 0.565946464818181 -0.076976930157787
-0.0221381767575179 0.0325136939877171 0.49297348351636 0.683416322816248
-0.0582751360962579 0.00783961593296755 -0.366505367451748 0.857048426640272
-0.0354828467621924 -0.00266079620665076 -0.674748770950228 0.250575204683233
-0.038092599062089 -0.00896502093096151 -0.0733873405642839 0.0969529626190589
-0.0394380685774992 0.0385748791927265 0.630777644896318 -0.176434218737763
0.00684374657397052 0.039935661311029 0.377200199197313 -0.837827637389388
0.0427793051581085 0.00728556647024795 -0.542509512001653 -0.711804434350039
0.0441162779574942 -0.0344518359039199 -0.686262453137726 0.124330032766912
-0.00743423969162707 -0.0118687544898761 -0.167870039390158 0.421220156551448
-0.0250078978536461 0.0205055272866803 0.139803696813891 0.158903352444884
-0.0205804609709634 0.0345504674662849 0.132042064666089 -0.1704940136329
-0.00715063530067814 0.0293676512434793 -0.104832543835868 0.174628706241179
-0.00132476294768744 0.0162088095501916 -0.125264727479739 -0.0818394432725332
0.02082082829149 0.0217720126442242 0.169399306934344 -0.377025339457783
0.0309449942904836 0.0281757775781229 0.567729271011118 -0.0971869418253064
-0.022125443987493 0.0278089631915913 0.512443535777676 0.66420054797777
-0.0490222358754112 5.49244832674933E-05 -0.338273527512287 0.865975192611075
-0.022576195298333 -0.00628190639458168 -0.668536606845929 0.265926928777388
-0.0254858552215886 -0.00964692215306394 -0.0777956936547173 0.101060310069759
-0.0271051476786678 0.0348802173182117 0.635655958571727 -0.162703563216836
0.0147143327038138 0.0311822686016564 0.405906404366727 -0.830064347127671
0.0409642907634232 0.00307657792271409 -0.520482703103246 -0.734138521611801
0.0385315030404817 -0.0276724510110886 -0.686616147985569 0.100959655431177
-0.010936188141163 -0.00330530297267069 -0.172508485283165 0.419021368038083
-0.0226332535722836 0.026917498950481 0.135279103475894 0.163072567940683
-0.0132021044307198 0.039289431796235 0.125788078633865 -0.172713368778913
6.3013146649752E-05 0.0315818187319932 -0.11211401753307 0.170118814146762
0.000621804307614055 0.0174486849075233 -0.133992465002236 -0.0799033622850586
0.0186232576029828 0.0273742682493382 0.163030293082199 -0.381783655653239
0.0261244555715307 0.0351744363379233 0.568730840660636 -0.116645567898896
-0.0203320209292488 0.0258753592896674 0.535156520788217 0.642490122029987
-0.0409725439572722 -0.0063053527071538 -0.307909157668195 0.869154992462997
-0.00968032614088125 -0.0107670999981381 -0.656767752238437 0.279474294800606
-0.0127947856627625 -0.0126241872169571 -0.0757249621812694 0.103765424198312
-0.0156773585330163 0.0287336793208863 0.644387072458739 -0.148767578187467
0.0211576557354944 0.0243480256386493 0.438455655893633 -0.824524629829143
0.0410809203620218 0.00227000218175126 -0.491321249166523 -0.755540655330959
0.0333482702529548 -0.0204868880322833 -0.683604842364957 0.0787140248318806
-0.0147691014932873 0.00121064135900755 -0.180034160214346 0.41335416890912
-0.0216118689614845 0.0286869015824926 0.12966917061333 0.166635554507149
-0.00835904242200977 0.0425444138549371 0.120993681251107 -0.175463880468167
0.00533718139358176 0.0312729150139529 -0.117364967432123 0.166299223759978
0.00175622575784604 0.0149493018192537 -0.140916237790448 -0.0809004923606683
0.0167021270020031 0.0278949942870412 0.1551041875631 -0.386184375251535
0.0233708092443647 0.038429588902472 0.571240068289894 -0.13151203538384
-0.0174123262261952 0.0269940629921794 0.559781099356376 0.625200149816117
-0.0354639134315463 -0.0115148931366037 -0.276563791656329 0.870072592008586
-0.000663634263451961 -0.015958103393413 -0.643498137693812 0.291169412261595
-0.00233043155043786 -0.0154306733975554 -0.0709655845457968 0.107226854393321
-0.00700101982249013 0.0228874783555935 0.656148380117406 -0.136368242376535
0.0259803668028254 0.0203417373736464 0.468224957289738 -0.815518500343565
0.0415943632849776 0.00138202404841505 -0.464296189329675 -0.770922426167985
0.0312524125301543 -0.0157361452283625 -0.679918571801642 0.060784321284569
-0.0188010838146058 0.00226712578844258 -0.184996131207305 0.410174497654091
-0.0215941866302273 0.0265246413752875 0.121998936974453 0.164739467008543
-0.00266058196633486 0.0436982205633873 0.116134324439467 -0.181181777870161
-0.0322505626473319 0.0071751039392779 -0.0866628085322148 0.172517388154416
-0.00970469423227813 -0.0251620821839012 -0.119435479916201 -0.111628237014421
0.0304877767266943 -0.0341097989480264 0.175337374558652 -0.370472388384157
0.0584538831865093 0.00876035707010542 0.574667249686432 -0.0493024082085522
-0.017497302212694 0.0548800047390558 0.488865184424009 0.712368875292872
-0.0797872661624702 0.0252270525406756 -0.371074002589106 0.844095775407633
-0.0570368480251408 -0.00693860527318197 -0.648224657188159 0.229091603768018
-0.0536720736151394 -0.0175321854628205 -0.0294094783260905 0.0927492718516408
-0.0605880916057934 0.0406974741807413 0.657971893015812 -0.217237766629631
-0.00836701266210506 0.0616289663420225 0.34503075917688 -0.867433120678897
0.056076924824296 0.0213716059717403 -0.572506681491364 -0.66790797078559
0.0581473300810782 -0.0546886898337849 -0.67176428239267 0.173206277142087
-0.00874752634713571 -0.0511426567306805 -0.156069291546156 0.427085781028921
-0.0331399543828329 -0.0132948931024592 0.139122040785286 0.132808048973112
-0.0330140880487244 0.0167228965602048 0.136060876295991 -0.184198007942681
-0.0314877909952106 0.0105570476446258 -0.0857018876367656 0.17705673638392
-0.00930575608994768 -0.0170522244617236 -0.115319164389572 -0.106257468938142
0.0316340101877123 -0.0250613088480178 0.176992350590539 -0.369977036986292
0.0558253995002199 0.0089707971737214 0.571581786908366 -0.0461922520809741
-0.0201294536506615 0.0509230052698551 0.479034607886121 0.712902372210033
-0.0784790568941645 0.0244364525833009 -0.385780971442071 0.846528844671919
-0.057899789510322 -0.00356225037465488 -0.661272046198958 0.229054684801863
-0.0572754025932134 -0.0139750285296628 -0.0414868784453792 0.0918542424046694
-0.061022255003762 0.0436425177068281 0.64537477363517 -0.215591948726406
-0.00782304332324889 0.060119045966644 0.33610309662591 -0.864648545083225
0.0532658750688781 0.0183924276988395 -0.581368831185226 -0.6634510886768
0.0565438735764197 -0.0530047637320883 -0.674393746371983 0.173392069659073
-0.00731167399211022 -0.0430508037102883 -0.153789421101225 0.429793584495492
-0.0317059968632618 -0.00520403118422182 0.144226218132888 0.138506270820915
-0.0334775864178359 0.0198104348431707 0.137571364757544 -0.179874196079327
-0.0282374903380908 0.0158863072018826 -0.0871873612535156 0.179864334629903
-0.00761659959544006 -0.0074726745440704 -0.113543919296618 -0.0983008064525098
0.0305475984151321 -0.0141076564968858 0.178586959780353 -0.370220126712002
0.0504104061273008 0.0121053307606567 0.568680983605914 -0.054767558191046
-0.0215174812940959 0.0452283750853273 0.474984807125843 0.704964397904973
-0.0742708545218484 0.0208769708679052 -0.387203575911922 0.848290762178662
-0.0552095427516766 -0.00171197343143897 -0.670135088141235 0.235564457041385
-0.0551732522192624 -0.0110317920069237 -0.0535316477848258 0.092434428920818
-0.0574655315783558 0.0448779214490261 0.635032828756168 -0.209284999352042
-0.00401364141971934 0.0548263688482072 0.333121133220807 -0.859842651290846
0.0494843911534426 0.0139041572448023 -0.581598787765803 -0.669876069590793
0.0536280580888657 -0.0495272150793104 -0.678691476553698 0.1680622693065
-0.00598490261927776 -0.0333688714041453 -0.152676791999476 0.42923249513775
-0.0297964297909988 0.00389207682140347 0.145150681540439 0.144796264321486
-0.0307563299393007 0.0242792244839476 0.136812697341086 -0.175840223904732
-0.0217533283627347 0.0201559599774256 -0.0907498005436688 0.179932709285333
-0.0057035187459273 0.00310390618173411 -0.116063575857672 -0.0910525076919719
0.0277197647071901 -0.000834418097885015 0.175436188767645 -0.37349598448611
0.045647381614488 0.0160139629355707 0.566412434978496 -0.0684121651163236
-0.0225121156079836 0.0386827782771389 0.484917582392261 0.694239742681086
-0.0672895417894436 0.0156320999069504 -0.377249137282589 0.857803413046851
-0.0464249506904065 -0.000476807768145026 -0.67308061835337 0.247463765306755
-0.048764502109166 -0.00889566787191833 -0.0642260787321517 0.0952815861934899
-0.0494946966882965 0.0433136165729913 0.629955299967888 -0.199997087437885
0.000485532827086341 0.0482324835362419 0.344663571196356 -0.854280759356268
0.045766871749722 0.00996124361489511 -0.5715843656482 -0.686348176458793
0.0487427303938398 -0.0436770586351056 -0.683252027674193 0.155373650191064
-0.00570618394746226 -0.022217884101113 -0.15397217873127 0.429580296653808
-0.0270233534068633 0.0136409193119076 0.145666765907262 0.152022453689454
-0.0264610018785376 0.0300345787086436 0.133524240940593 -0.173423811920733
-0.0137732473569462 0.0250922376558849 -0.0961833908501842 0.178382758648952
-0.00401453254240254 0.0104933401250724 -0.120918523298715 -0.0852737655584484
0.024628025952042 0.0113817396450232 0.169336586128544 -0.376253544363982
0.0387688306063605 0.0220415578089119 0.567967290762083 -0.0888293142266623
-0.022365130776197 0.0329806316944112 0.503399232110525 0.67590014503045
-0.057417765643746 0.00853749828715888 -0.356778287060949 0.863531508295879
-0.034696483971712 -0.00227462877233616 -0.671863675230953 0.261532504657306
-0.0387469296132873 -0.00830188514323071 -0.0723180737158064 0.0985248037020406
-0.0389184484623238 0.0398441789088068 0.628291494214366 -0.186365510125634
0.00804396308551034 0.0410106812608827 0.365227825769803 -0.846701081784848
0.0433942027666377 0.00628305894801359 -0.555497546927969 -0.704602058406444
0.0429944415349358 -0.0362002289830105 -0.683621239533296 0.135746994781714
-0.00786010756683462 -0.0122259404797285 -0.159075028396655 0.427749811519347
-0.0244552770667985 0.021890279034388 0.1430771420298 0.1578249943664
-0.0201090373647376 0.0351539038204608 0.129340057988269 -0.172781156276791
-0.00509860360798339 0.0288378669417157 -0.103621194766032 0.176693438860772
-0.00163841521065008 0.016438500576539 -0.12699658859711 -0.0802775215000046
0.0216146292858413 0.0215899988359749 0.164143341275793 -0.380993349544818
0.0314267332272204 0.0284379388309814 0.568905856562456 -0.107682879197422
-0.0218096744593109 0.0290473305313938 0.525703874656537 0.656001665000134
-0.0483287891068005 0.000223586829983028 -0.327210289540006 0.872465387943836
-0.0226190440498539 -0.00565422688747515 -0.665282345603256 0.277746024441003
-0.0258203008862082 -0.00921229778252797 -0.0767459783080248 0.101332875927742
-0.0270298680760329 0.0343992134287339 0.633951716114676 -0.172386337820245
0.0143296879258962 0.0313067464494897 0.397001606923928 -0.839721156640013
0.0419397805742249 0.00320465055701882 -0.529543548386673 -0.72690832310617
0.0379518143219518 -0.0290762123748238 -0.686998595774842 0.113289760536577
-0.0107132827056573 -0.003886459558026 -0.166088851164215 0.423333082984644
-0.0226100719314957 0.0271133135631053 0.137700976315285 0.162520769929698
-0.013432198069112 0.0401636212244221 0.123795205251572 -0.175113586572226
0.00114717214341602 0.0312632174721834 -0.111478200734399 0.171994287010204
-8.45421494296479E-05 0.0169206509764508 -0.134440407646599 -0.0784716642128672
0.019357132173658 0.0271394385809149 0.15710121663164 -0.386751702323846
0.0271894100743766 0.0341620065986494 0.569614103570509 -0.126183415481919
-0.0203462808421175 0.0267022420594515 0.550490155575847 0.633459657661226
-0.0405432399983663 -0.00658334050284555 -0.293816934234312 0.873368476056291
-0.00953245738831776 -0.0106774554472213 -0.654571273044864 0.289229953968425
-0.013070102811171 -0.0120960345475535 -0.0755027538132481 0.105074717019406
-0.0151850377056036 0.0284189789529265 0.642259472085639 -0.156703519557923
0.0215635420827628 0.0245515380821737 0.426244365291501 -0.831701079882831
0.0413026365766487 0.00100160754392422 -0.503689295947353 -0.749567043101708
0.0327236831318096 -0.0228391561285948 -0.684311353495261 0.0903530622740224
-0.0141223884976085 0.00131739354537975 -0.172783967121129 0.418532123960236
-0.0218116765730098 0.0287022031923282 0.131573987140525 0.164589011532461
-0.00727864767669871 0.0432406468988573 0.119067121030844 -0.178004966466361
0.00575492130192811 0.030371559173402 -0.115608676513624 0.169172979817133
0.0018499953491985 0.0145159276651188 -0.141611669629343 -0.0786642810740811
0.0172163441679212 0.0275945429222115 0.150173668281037 -0.389951783632175
0.0232227546663207 0.0382319557593835 0.570665147155334 -0.142437028704564
-0.0173376707396214 0.026995661926619 0.56966083054217 0.6147272972298
-0.0368647999106467 -0.0105941862396745 -0.263746960602502 0.877802500825783
-0.00082533406076362 -0.0145601770261282 -0.639622689613161 0.300877470179612
-0.00259922565981553 -0.015024151309167 -0.0699314500658484 0.108834807176738
-0.00584699834373949 0.0228655976478932 0.654654688291464 -0.14789125441821
0.0255077497716124 0.0190109364179022 0.45855509094062 -0.824942042725887
0.0411964270981569 0.0025000968121801 -0.479376298881432 -0.766216873236958
0.0297004253905167 -0.0174054018433961 -0.681711046582405 0.0732837276477579
-0.0180346996190948 0.00217643956503916 -0.179132361285117 0.414034980968697
-0.0211151714622514 0.0282232506182024 0.125589342038967 0.163414074555556
-0.00155186278688864 0.0439502335312467 0.114123891780477 -0.18303341628164
-0.0310824307496816 0.00769264404872951 -0.084640584283375 0.174060858740856
-0.0112313627610481 -0.0251034228037557 -0.120311664832335 -0.110180883270381
0.031164534649607 -0.0345807889058437 0.167190069159105 -0.375550175669129
0.0584979040356342 0.00787844409375087 0.576907663811233 -0.0593792787383801
-0.016929378625844 0.0559590379382418 0.502610498182577 0.703215164105587
-0.0795396698395279 0.0271344967769572 -0.359735064266499 0.849996427362116
-0.0575094113037581 -0.0062788515660603 -0.643214265583613 0.239985257221516
-0.0540680162223924 -0.0168514878543685 -0.026672173686777 0.0933179681116386
-0.0601771862311846 0.0422025709172007 0.653752626842781 -0.227309997970336
-0.0073390068235317 0.0611186253476615 0.333562473353298 -0.872287571548368
0.0562289673553792 0.0207151461372278 -0.583927452081942 -0.658072598724575
0.0574444082728107 -0.0562547082347325 -0.669484788624292 0.186032700165346
-0.00926727411439868 -0.0501296662406845 -0.148705061225908 0.430608844048533
-0.0334173702986154 -0.0115649560673054 0.141804256021664 0.131554546599444
-0.0327101284050586 0.0177260969413719 0.133179720648676 -0.185987402799039
-0.0314794620630383 0.0102464983339173 -0.0834364603647081 0.178420760475044
-0.00974454747275315 -0.0162880064922339 -0.11695571340858 -0.103885223839686
0.0309081994440737 -0.0260754537533737 0.170747120949349 -0.373783496145727
0.055704631389235 0.0077522795006208 0.572528426574812 -0.0555878797468589
-0.0196215604359204 0.0517993624641092 0.490115393212528 0.702639523564771
-0.0785730250852791 0.0258289385113207 -0.374331764200223 0.850985215249525
-0.0576302340591809 -0.00365941823090067 -0.657538162828302 0.238499361869275
-0.0568192629507466 -0.0130727166529171 -0.040628194654459 0.0923265466678915
-0.060256666042671 0.0445768041859404 0.64164971104615 -0.22483207481959
-0.00694257126475568 0.0601511564702184 0.32270864371432 -0.871408366884052
0.0530044010777405 0.0170032821326299 -0.59296120649939 -0.657044238439708
0.05544722416417 -0.0548635803613576 -0.672860760672568 0.186893284879676
-0.00750234909031198 -0.0434877954128356 -0.14685408946456 0.433217275756379
-0.0319702001072559 -0.00407499661424267 0.146253313472753 0.136191402631265
-0.0328147560352432 0.0209745565137336 0.135416934480519 -0.182265252382667
-0.0271453967743212 0.0153157627256497 -0.0853565558521657 0.181366800677969
-0.00798164919210853 -0.00726752058899789 -0.1153617102859 -0.0964416689289699
0.0304142518483332 -0.0143464721479664 0.170990918136302 -0.375063596466373
0.0520029376078587 0.0115088235723275 0.570398215107954 -0.0639462175454081
-0.0215005343282982 0.0460591041705345 0.487578142445762 0.698763422195266
-0.0740395972328111 0.0215380494628606 -0.374868756611338 0.856909219472743
-0.0540893335833958 -0.00136910619600553 -0.666288319543436 0.245792782049619
-0.0550701415818201 -0.00917061060361015 -0.0526705186237078 0.0938484203462057
-0.0558812600039487 0.0457807228585582 0.63126327919621 -0.218037124803052
-0.00367733304756854 0.0551862009930367 0.321896554679535 -0.863808406869087
0.0499202075231787 0.0135132278127077 -0.592274755145011 -0.661297930471677
0.052566864678683 -0.0507838987713905 -0.675888582822985 0.180169190181247
-0.0062931049083336 -0.0342413507131129 -0.145854100535735 0.433861284912505
-0.0300168438071294 0.00540502667820924 0.148881314921485 0.143053620988831
-0.0304858083543988 0.0252069513379447 0.135087547456386 -0.178511050875743
-0.0202039113585896 0.0205204105487943 -0.088609914819016 0.180946593000691
-0.00663302309632395 0.00360775542487524 -0.115830183358516 -0.0892336781487629
0.0279092868622566 -0.00141128441294747 0.168557463029727 -0.377705049971635
0.0453609519293954 0.0145944640918552 0.568137162948229 -0.0781030705030261
-0.0227331586477186 0.0399985395785146 0.497765001256134 0.684904297245862
-0.0663952499331086 0.0167211608564436 -0.365286447090291 0.863157723359712
-0.046554615270399 0.000319321642859735 -0.66999455944185 0.257563782202352
-0.0495803681960275 -0.00790872420578316 -0.0625282197061196 0.096068248314035
-0.0488336317788056 0.0442700412751156 0.625662535146162 -0.210343324341021
0.00160567806898154 0.048279826460128 0.330935556116699 -0.860184601840515
0.0465983972979026 0.00921053320399489 -0.584013535650931 -0.67752427472202
0.047730679388099 -0.0446751786359679 -0.681656411481087 0.168910943980482
-0.0064577249131798 -0.0225643020258023 -0.148229041202819 0.432652062923716
-0.0277222339867015 0.0151720313059231 0.148493320809455 0.150152366819028
-0.0254612851029968 0.0304561119408547 0.131474261601083 -0.176297268564164
-0.0129508472672286 0.0251425980682233 -0.094564611189493 0.179279385755232
-0.00406957303269177 0.0111469939656775 -0.12110657113259 -0.0826756626993932
0.0246213746185247 0.0107100160341944 0.164796504906716 -0.382069529794428
0.038569652980565 0.0208281041163084 0.569434037965602 -0.0983783197334913
-0.0226834328942059 0.0346348731945109 0.515870399270166 0.665937190605583
-0.0578420389184096 0.0093848120255496 -0.341457022689724 0.869570526681907
-0.0342040902088417 -0.00208017881073902 -0.66828982444765 0.271598041666763
-0.0385419994415467 -0.00758192981822581 -0.071089884541879 0.098971701747606
-0.0380553756959592 0.0401541279788325 0.625443041440328 -0.19612104517588
0.00789848763726204 0.0395636899074128 0.352443906954811 -0.853724077544251
0.0429242479756544 0.00524368121003893 -0.56672493784838 -0.696549672998788
0.0421978171470069 -0.0374281500619891 -0.684398216138066 0.149883124764318
-0.0081021010474595 -0.0118374447922279 -0.151690455020816 0.430208721741422
-0.0241792861035584 0.0222045976838456 0.145847874995771 0.156054181135621
-0.019404226428788 0.0360685268064633 0.127813587988243 -0.174900090099409
-0.00515316022586629 0.0284860076750961 -0.100845691202161 0.177183956200228
-0.00154959729185271 0.0162058289771447 -0.127742840452329 -0.0784363935378704
0.0227752319952405 0.0205699044761064 0.157063950926964 -0.385076032773337
0.0309163937864894 0.0270299348003512 0.569016919811102 -0.117604953628276
-0.0220272084593649 0.0303284435397246 0.536571155420812 0.647035335069099
-0.0485952873295138 0.00149619142816015 -0.314213570316454 0.874848181107904
-0.022435572303294 -0.00462019826941446 -0.661698221269593 0.285422574653469
-0.0256740943764472 -0.00916852493668775 -0.0744577658417973 0.103030910756046
-0.0260982440078327 0.0348923542777393 0.629075645731815 -0.181761535310088
0.015461308593928 0.0311415061428186 0.383440766892994 -0.845766251823289
0.0406315445311406 0.0025537398489413 -0.54190877635065 -0.719686408805834
0.0375036570077844 -0.0297376944411677 -0.685509218417945 0.12559386065907
-0.0106961401664228 -0.00292137995558229 -0.158059918433665 0.424863535098272
-0.0218611410999046 0.0280240111940266 0.14160146418643 0.160397170707556
-0.0116021000949718 0.0400072114160981 0.121686818573665 -0.177039048151098
0.00226813253541107 0.0308688829547143 -0.109484721666339 0.17413823775979
-0.000272801075497855 0.0169460346841067 -0.135967981176344 -0.0761495613512355
0.0192138191028956 0.0265607155824314 0.150326292289919 -0.390400940797059
0.027401605778712 0.0332344838185555 0.568178049140697 -0.135465571756628
-0.0206810106303229 0.0283141088924025 0.559875866852413 0.622395693888954
-0.0415970770636072 -0.0057206569363671 -0.280020199861563 0.879726120458013
-0.0102588406656677 -0.0101145302614114 -0.65046425151738 0.298172675744682
-0.0135908290142252 -0.0117520070865296 -0.0741667401771446 0.106113325163094
-0.01413817527698 0.028108404439798 0.639263546881047 -0.168892088880742
0.0216550098686117 0.0227047129595643 0.414666300547322 -0.83879592667633
0.0400933985104056 0.00129064309501429 -0.512833001596687 -0.741612965019037
0.0324812951563056 -0.0230415521862048 -0.683974202126879 0.103046743077476
-0.0146227160595788 0.00147917332457025 -0.165747689574204 0.42256205275085
-0.0211639748120311 0.0299598945299503 0.135913481618144 0.163187605074535
-0.00566233256663668 0.0433120234075018 0.11670502050486 -0.1798211904113
0.00786172036020995 0.0303147670230766 -0.114049891060546 0.169935808767104
0.00149015472520452 0.0148087959843231 -0.143844764000343 -0.0758012826739155
0.0184622865302609 0.0265526320771944 0.142128861215624 -0.394253366143148
0.0246518494063438 0.0377215659564205 0.570578648812484 -0.151774878552633
-0.0186978524324313 0.0276631803230607 0.582484669986863 0.604711470899037
-0.0365166287435304 -0.010485779652867 -0.250604837982661 0.880738047753606
-9.28618533004369E-06 -0.0153187882721538 -0.63447151126865 0.309435263267661
-0.00300110840791658 -0.0151702177906135 -0.0678874964900021 0.108656534562818
-0.00528101683558323 0.0220444479375478 0.651334414921397 -0.156322292861778
0.0268684234553256 0.018649539939888 0.445174450770267 -0.833202798416454
0.0412842169965265 0.00136546081421715 -0.488593913888119 -0.759757930311225
0.0293360730659081 -0.0177026198332691 -0.680209769404969 0.0858892550871175
-0.0179285581961817 0.0021968240020238 -0.172341080119307 0.417990248530161
-0.0203043068576906 0.0284814015045016 0.128406237496703 0.16225655657923
-0.000784004844599061 0.0444557929921241 0.111878781810793 -0.184609103158381
-0.0306282090708368 0.00729613230807532 -0.0815307408852575 0.174840298303655
-0.0118118182195528 -0.0253355934990526 -0.122418003131784 -0.107676962935989
0.0295356680201107 -0.0347821986507821 0.161977870580016 -0.378202787338964
0.0585471749860866 0.00627554273045651 0.575165548206376 -0.0701857756635832
-0.0165875875152814 0.0563008862229833 0.514745568162818 0.690508432391508
-0.0790324247508441 0.0281560608469379 -0.34700487449756 0.852402570619198
-0.0569655899719689 -0.00518131967683596 -0.639573604551175 0.248552134623998
-0.0547459837877323 -0.0155583774445148 -0.0260359068453076 0.0935901741384144
-0.0584861901295379 0.0427973825266906 0.647185712980261 -0.238186283805717
-0.00628467991279964 0.0611123974984505 0.32057368003667 -0.87652043795817
0.0561874759234064 0.0191069728994029 -0.593040049163503 -0.646794416050958
0.0558703889603651 -0.0570688334076616 -0.667364685362951 0.198686218183231
-0.00979349872605594 -0.0513094742631604 -0.141501627215491 0.43334269850711
-0.0338899043084017 -0.0103911074146937 0.1444791061935 0.12974728619891
-0.0318977122259603 0.0186031936940975 0.130973222286954 -0.187828510548892
-0.0293828622941998 0.0109520434026919 -0.0809826189110169 0.178139141884304
-0.0104754186006316 -0.0157824916583388 -0.116579278756473 -0.102212079039497
0.0307921672955776 -0.0260591161623571 0.166381381298372 -0.377349490146905
0.055694959903733 0.00662728340342814 0.571453918952167 -0.0667903519352904
-0.019666294782939 0.0519104533138721 0.501654775288538 0.693755359560343
-0.078367158326628 0.0261372638529364 -0.359910179076967 0.855816508449127
-0.0575639380030825 -0.00292071348744646 -0.653926119937489 0.248876404327271
-0.0567977341801899 -0.0117977589542653 -0.0396701934854355 0.0929964537008046
-0.0584994289022074 0.0455576965292472 0.635472530926515 -0.23464356261472
-0.00557149719894505 0.0584316405573301 0.309403226792102 -0.873293115533858
0.0533164985413516 0.015409415816143 -0.60132313630284 -0.643719892624431
0.0547731599383988 -0.0559881421253297 -0.669228593550603 0.198261198670547
-0.00814634580996578 -0.0433270316349144 -0.138918227666887 0.435851900564571
-0.0321108756485739 -0.00309242613600633 0.148979516670873 0.134146009709457
-0.0321365579335508 0.0214890944110879 0.132353777112453 -0.182789701876503
-0.0250386841113191 0.0160107012196134 -0.0831757328100939 0.181197730204008
-0.00918068110131851 -0.00687264329676145 -0.115760160882807 -0.0942243563914045
0.0301653369505428 -0.0148499568591764 0.164895293493431 -0.377887096581662
0.0511679807216711 0.0096321157449565 0.568384080378805 -0.0749797474724711
-0.0216083165489282 0.0467126502862517 0.497407435399693 0.68681659690644
-0.0726434575502238 0.0232919513244827 -0.361007203585071 0.858815090491448
-0.0537395476099983 -0.000807604628976961 -0.662012947680605 0.255939446225289
-0.055950913775273 -0.00904298652679368 -0.0516573088171081 0.0940511137380605
-0.0558241708539333 0.0458448153638334 0.624155490981519 -0.228798324778628
-0.00240297323636254 0.0547122204645768 0.308170813643268 -0.868652303010937
0.0497279640654466 0.012439063185947 -0.602489289690073 -0.652935238834243
0.051739793502197 -0.0516847382694043 -0.672373342203552 0.191738400009192
-0.00642004312493884 -0.033144672734071 -0.138224128496917 0.435555310648541
-0.0295254306284022 0.00632826688228158 0.150735721919606 0.140411886000617
-0.0297024916957217 0.0262227886528783 0.132487240449712 -0.180131832739234
-0.0193792450056058 0.0206650288505855 -0.0858725491089978 0.182415926096352
-0.00642929306672012 0.00318391030863211 -0.117322937368235 -0.0872069746206666
0.0278435520115962 -0.00211847244990622 0.162875626586264 -0.37988393193611
0.0459552408354556 0.0138494154481923 0.566914398904099 -0.0895555096563374
-0.0226605859535337 0.0406010056148569 0.510438065792321 0.674392647179932
-0.0666706150420768 0.0174380506170324 -0.351895643312358 0.867070440361687
-0.0454960060937648 -0.00027054015602053 -0.663496494214241 0.265879102688226
-0.0489275834194682 -0.00713901692297218 -0.0621219406729052 0.0957249703380528
-0.0482848039845783 0.044512041505861 0.621237621995927 -0.220043126676917
0.00235893037974966 0.0477260753949919 0.319028763238773 -0.861460397760803
0.0459952206500328 0.00826354741701832 -0.591640640287189 -0.665188418486288
0.0469728480067483 -0.0454232358942647 -0.676922305351408 0.179297370580233
-0.00612475911757858 -0.0226344787684896 -0.139144803131371 0.43469462035141
-0.0266161870695358 0.0150305401253641 0.150734263275049 0.148064566783345
-0.0244653571387656 0.0311917270272625 0.129160235659849 -0.177020771154868
-0.0117497861065168 0.02526533771023 -0.090967003992457 0.180702777670386
-0.00393464206674454 0.010709339173423 -0.122020756243231 -0.0809332368003266
0.0249622107784614 0.010640482117898 0.158069053372615 -0.384057965931177
0.0386257328838504 0.019810357169178 0.567884930988159 -0.106885807548784
-0.0225547158655092 0.0355004619197018 0.526512682008822 0.6560411725612
-0.0574365503586884 0.0103756093015987 -0.329639714420806 0.874262271835003
-0.0345728115804098 -0.00177853963679888 -0.663483069219019 0.28112463576768
-0.0394435032154847 -0.00687088228164458 -0.0700721182341596 0.0992758620561491
-0.0374080616760068 0.0408516923763026 0.619693324245158 -0.205544535287522
0.0090888413499392 0.0385331863519297 0.339541105957573 -0.857057503033587
0.0428237941014804 0.00559435419839174 -0.574587782280326 -0.686430253070814
0.0407302001178205 -0.0377809781372515 -0.679149412711325 0.160710438715429
-0.00791764312814846 -0.0119218031228961 -0.145304669295321 0.432532414238794
-0.0232347158105398 0.0233965885166381 0.148766115948856 0.153986144681491
-0.0180117360403092 0.0367205224286795 0.125125015965289 -0.176134494715359
-0.00356869785757003 0.0281421125051089 -0.0990463513125072 0.179543849564064
-0.00138703473759137 0.016578942820021 -0.127981501859324 -0.0762716901255374
0.0222913150991971 0.0202301715594527 0.152549229834115 -0.387356488258701
0.0324326482255013 0.0263725354018929 0.565607611552417 -0.127706161202057
-0.0223388932160034 0.0304708537431313 0.545992269628708 0.633515874088816
-0.0485592010121379 0.00160672036900846 -0.29965077934492 0.880490552607691
-0.0208619626862636 -0.00542283292752466 -0.655554805288392 0.296150844373959
-0.0266005727274139 -0.00881480533610011 -0.0727734150165125 0.10365290529316
-0.0249537715234012 0.0347137482812992 0.624602332961366 -0.190744397934105
0.0161489338105019 0.0303401029937826 0.370058223297419 -0.849622059281196
0.0416532434708771 0.00217166416728746 -0.55241282258356 -0.709299488804701
0.0358949050966632 -0.030052119306697 -0.681449053330657 0.136397411935492
-0.0108914763579398 -0.00359968224774092 -0.151877500094502 0.430410666121368
-0.0212881909336265 0.028236510691023 0.143929171347007 0.15867973952776
-0.0113785143692287 0.0395865389944669 0.119056754334696 -0.178236044975076
0.00322507642988406 0.0306619699684104 -0.106309061942817 0.175682233544993
0.0011201054825194 0.0171490810304165 -0.136869358119253 -0.073781709221077
0.0199389013315585 0.0259162500156516 0.144429033582719 -0.393628371424238
0.0278923691958052 0.0316861874791635 0.566592297444238 -0.145871767608812
-0.0206533544513404 0.0285479544767488 0.569783305658327 0.611514107804568
-0.0412495241970396 -0.00588366998966688 -0.267224598737312 0.881516576552191
-0.00891457140869105 -0.00943129129911287 -0.643284884045708 0.308189878575067
-0.0145605289053876 -0.0110748450641501 -0.071162998990379 0.107211095482159
-0.0123990440857 0.0293889728144077 0.633985589454454 -0.176816285563838
0.022331037103491 0.022732222957022 0.402696285861785 -0.843945837571496
0.0409254293927677 0.00062693882608831 -0.525650898481885 -0.73229844062405
0.0318071098551555 -0.023103392733726 -0.681849082663051 0.113786744493021
-0.013838323225435 0.0021314364124105 -0.158661625639924 0.425246133679164
-0.0202609308568879 0.0307610486922178 0.138215644851728 0.160878403891349
-0.00445543913178996 0.0433946881675709 0.114031279163831 -0.179998561850465
0.00886700475612988 0.0293874522497088 -0.111003217314985 0.171450224687919
0.00145552141521441 0.0147636016342426 -0.14419251332146 -0.0739584551282394
0.0185782801429193 0.0263061979571604 0.136859333040415 -0.397922914512646
0.0256247035152986 0.036308833182579 0.56785881320971 -0.162693145441662
-0.0187059576193007 0.0287807002893706 0.592488430231739 0.592992592348394
-0.0363133221137191 -0.00978272274474571 -0.235605863373491 0.883785201142471
-0.000683708325274934 -0.015759874447949 -0.629980361111174 0.317652022769224
-0.00402124433259826 -0.0154719657685569 -0.0669286430894612 0.109611181078803
-0.00469380834335519 0.0227495741722256 0.646989607630759 -0.16680676867292
0.0270862132299597 0.0176163351264979 0.431227191917771 -0.838879563216311
0.0414043948997218 0.000757661702033813 -0.500478895663427 -0.748423024964464
0.0284358033807652 -0.0181063293618541 -0.679224141179569 0.0978866420681372
-0.0183385709538072 0.00171720524337744 -0.164805938725093 0.422156447546769
-0.0196988853563396 0.0298890852953575 0.131228228243088 0.160973295096222
0.000331863177529972 0.044310565831015 0.108609476939638 -0.185986577834713
-0.0288547645394877 0.00845532487328542 -0.0792598581724046 0.17509471774101
-0.0117966213542047 -0.0241778824568143 -0.123223206640974 -0.104805253563795
0.0295099159862297 -0.0357392555329841 0.15560737242217 -0.380665039211639
0.0584758140109913 0.00519226884594661 0.573103556235274 -0.0802618010345105
-0.0154155202648163 0.0575944725265597 0.523222128062851 0.679959585218657
-0.0780280520879537 0.0290516382028799 -0.332995168240257 0.854451936544137
-0.0555902567852226 -0.0052002586784585 -0.63365557331478 0.256848284048866
-0.0546727601210987 -0.0150652651288929 -0.0250203812422392 0.0920455383013032
-0.0579947924268615 0.0427841970193838 0.64021010665494 -0.246409096481772
-0.00572748170924685 0.060506291508384 0.307579852503906 -0.876877360457439
0.056604188804644 0.0186970544100099 -0.601987235980614 -0.635595018337055
0.0546815996873548 -0.0582643148722056 -0.661906732851227 0.207602325268224
-0.0107159731398934 -0.0511058234476511 -0.135154860518779 0.434989464316132
-0.0336081385822211 -0.00883350551734956 0.146416988652957 0.127444254512503
-0.0309781577707416 0.0195188101859486 0.127593549048601 -0.18906105991658
-0.0281387802570761 0.0110801374249078 -0.0784407263628904 0.17928946672265
-0.0104678550076749 -0.0156948726378205 -0.117841528559778 -0.100672682012489
0.0313372040264241 -0.0268861310398069 0.158914828590566 -0.379919224103635
0.0558857049790443 0.00545254431577744 0.56922705571163 -0.0763730938251329
-0.0190886708018673 0.0526984746544534 0.509365241612827 0.682681648633406
-0.0769808091141093 0.0276761851685218 -0.346237216674748 0.857223998091603
-0.0565329124393651 -0.00180568689916166 -0.646746982724866 0.255921622785857
-0.0561681596962345 -0.010408717420951 -0.0371061762417676 0.0930728018660883
-0.0584128165465627 0.0457975861552999 0.628485830650189 -0.241864898504262
-0.0046013115646511 0.0583176407598385 0.295232230114208 -0.873247843076422
0.0529777526359859 0.0144443797671455 -0.609108795876313 -0.633570090384307
0.0534501672024033 -0.0572080428989669 -0.662633282485415 0.208789532577346
-0.00851215251481939 -0.0433574708489242 -0.132394747360898 0.436558535033879
-0.0323263194567991 -0.0022993438496466 0.150773473451721 0.13250152787204
-0.0314393349649963 0.0221394183946677 0.130222623680941 -0.184384586045888
-0.0245262504804527 0.0157755157464393 -0.0799606795288727 0.181844791475085
-0.00891591012973352 -0.00690165908099075 -0.117168221799764 -0.0924762102839386
0.0293553510610615 -0.0155512861847941 0.158473382837557 -0.380005492206042
0.0513429670326697 0.00843576188970024 0.566273084831549 -0.0829711453797054
-0.0216440754169759 0.0475746671023675 0.507864078226466 0.675282743422961
-0.0721154709872436 0.0241820886739266 -0.347069904306312 0.861229582757244
-0.0536290251190238 -0.000274151432145792 -0.654550491572252 0.263289277137634
-0.0553128030518713 -0.00760776550903883 -0.049487241433782 0.0940450620528094
-0.0540475955570922 0.0467426514982369 0.618341332210778 -0.235994198928323
-0.00179658409945749 0.0539896985811131 0.294611886592278 -0.870819830674582
0.0498839676617711 0.0112900840540915 -0.6067687519008 -0.639236284750787
0.0494155638680476 -0.0526560521809974 -0.666862331077048 0.202850230200019
-0.00679367350780726 -0.0334638155634571 -0.131252008557917 0.436930452213083
-0.0294417072137333 0.00776566425421089 0.152869768721059 0.138783522844948
-0.0288507546640885 0.0264750660275844 0.129393622882205 -0.181131128310998
-0.0185733894275102 0.0198725804863192 -0.0834648768405372 0.181875456857949
-0.00619745641652295 0.00333162018774241 -0.118885625882441 -0.0856912870400349
0.0271024686180886 -0.00335412482853236 0.156189416689259 -0.381865979659695
0.0451486851666039 0.0128219147415421 0.564132500911084 -0.0968889783879633
-0.0223399233432462 0.0415919658989877 0.517904228847035 0.663804796805327
-0.0663259628832254 0.0183133480043499 -0.33862536301936 0.868939494615735
-0.0456167823683633 0.00108426917517276 -0.655543461080705 0.274924959508844
-0.0493179331701446 -0.00547431721878658 -0.0600479147785657 0.0961945178898407
-0.0464448553962925 0.0450073915784712 0.614984900940518 -0.227262426473631
0.00288689877193746 0.0468948784055499 0.304638204934697 -0.866327063364701
0.0464404119223502 0.00769256117860213 -0.599869637469874 -0.655103751344822
0.0451704569798879 -0.0461389128347743 -0.671500430391314 0.19061484153369
-0.00713278618978261 -0.0223824786587785 -0.132453570927961 0.435730973016409
-0.0258082269211472 0.0161838147860034 0.152827853650385 0.145977383910142
-0.0234730908093873 0.0313512144855104 0.125938564083281 -0.178940825532028
-0.0106144727436349 0.0245299104391726 -0.0888353380847067 0.181886952282723
-0.00380582265085 0.0106854116366772 -0.122130092516799 -0.0794256400076873
0.0248941799142016 0.00918835298852821 0.151622849656059 -0.386502698823365
0.0393778974137627 0.0180839149811605 0.564720546978685 -0.117416417544024
-0.0225297078764508 0.0360536057226396 0.535268669950656 0.643931615135275
-0.0571591741714356 0.0111928427051822 -0.316232275761816 0.875037259372973
-0.0339897016915588 -0.00104343524163015 -0.655455747985307 0.289154337647465
-0.0389929029389183 -0.00640615575986689 -0.0684967659021282 0.0998075024654601
-0.0359869747768406 0.0407942877727406 0.612922578889194 -0.213520167009736
0.00920236388283686 0.0387767991922651 0.327376162419328 -0.858753622067822
0.0435014632343324 0.00382829702432342 -0.584033947901939 -0.672755437141276
0.0407999246095314 -0.0388583920227329 -0.675197501677326 0.171611761571154
-0.00842687551394622 -0.0121047287332646 -0.137179536101303 0.435301551937322
-0.0228111161097338 0.0241158581735051 0.151002828993656 0.151803678254038
-0.0174093670647576 0.0362975672068178 0.121535214645207 -0.177329036396759
-0.00281859588896098 0.0272165727952517 -0.0957829464461037 0.179651307161437
-0.00121808278961775 0.0161231516802886 -0.129286065820668 -0.0737894774835286
0.0228220867818894 0.0199055941847771 0.145518035252528 -0.3902017084957
0.0329360934448706 0.0256479436607188 0.563349679837355 -0.136218716624834
-0.0221557594542814 0.032022002794083 0.555480813913608 0.622899111892612
-0.0478213428853696 0.00289204601726178 -0.28644689053616 0.880081556245843
-0.0205712457543454 -0.0040266379275321 -0.64934698751072 0.3035093396202
-0.0267301731447502 -0.00764735456088807 -0.0709626309408914 0.103766304638904
-0.0247895737172992 0.0342879717798185 0.618275160166606 -0.199389979477749
0.0162131979703683 0.0300998511574884 0.356222685659532 -0.852338277261413
0.0409872666171692 0.000705704290253798 -0.561078595157995 -0.697636557216213
0.0352561553867492 -0.030564090711739 -0.676617346723093 0.147261533179783
-0.0100827332631209 -0.00379323693652533 -0.144153296429055 0.430569040634842
-0.020682862622748 0.0292596391811148 0.145970532429132 0.156728172213531
-0.00990117639045713 0.040866076020553 0.115617264386562 -0.178821573221406
0.00529674894437281 0.0295329421409317 -0.103905692365085 0.175636764665828
0.000563730614467503 0.0162263734901806 -0.137522090546399 -0.0718621683846597
0.0205389977834742 0.0250008274121757 0.137726687025647 -0.395573321216997
0.0276564881264445 0.0312753010701613 0.563850002367859 -0.154377789504924
-0.020210521749814 0.0298329365062896 0.577175665773022 0.598571179864837
-0.0413789502458557 -0.00383851072973786 -0.253654365909455 0.881688361440168
-0.0087911212588215 -0.00989557654549127 -0.637377602526008 0.315958585869816
-0.0140260498502131 -0.0107191738331667 -0.0703602419219227 0.106997426442311
-0.0127115449772396 0.0284240513333804 0.630478217322905 -0.185628014570926
0.0221874380390715 0.0216870625043354 0.385691587743086 -0.847052788421204
0.0406138544714603 3.6695852212464E-05 -0.534740688050825 -0.720398354930353
0.0304095680172323 -0.0245335539441135 -0.676783563377886 0.125419471695675
-0.0142342721268108 0.00219998359137024 -0.151585084820815 0.426735148124236
-0.0198517763302816 0.0321994183437313 0.140003344876736 0.158789683480022
-0.00324287588864861 0.0441801079579721 0.111259233504783 -0.181656275817475
0.00981494590219383 0.0287109591339214 -0.109336277667022 0.172167413390542
0.00107165026548068 0.0147839090354716 -0.14537998603281 -0.0707051230380063
0.0187625522603165 0.0256632967014186 0.129844475747113 -0.398260899966881
0.0259005889610052 0.0353826211813511 0.56427673950336 -0.171240318119095
-0.0179272649624067 0.0297145767686284 0.598440424720763 0.57882309455865
-0.036412132905083 -0.00946213632034108 -0.224623939193251 0.884397108660966
-0.000348415516935572 -0.0151604599886529 -0.621799666811781 0.326023956716708
-0.00410723397461771 -0.0144763509469241 -0.0634028230276945 0.10995935222983
-0.00380420394803829 0.0224542048164783 0.640999855174187 -0.174667178306027
0.0268017331559089 0.0166724208886685 0.419237930810522 -0.83922505643763
0.0403956128751319 0.000418054466617917 -0.509101841477106 -0.740297576967209
0.0290700148586526 -0.0196971558389688 -0.674764331078994 0.106826676617658
-0.0175756456902637 0.00213118393365669 -0.15888880798026 0.424553305834522
-0.0189905014445929 0.0299944482796137 0.13207715166668 0.159476688355365
0.00203698716323138 0.0443391209977713 0.105769633852577 -0.186805507773404
-0.0284304804064538 0.00748985927215165 -0.0772355946565837 0.175517856865332
-0.0116501274534537 -0.0234343578946831 -0.124198996753082 -0.103185170487371
0.0286141309809503 -0.0357875578035472 0.150675445164195 -0.381577466346326
0.0579628766021756 0.00355695078257207 0.569319412742966 -0.0868253419204903
-0.0152094364730819 0.0575034919328499 0.528130502319788 0.668365359112421
-0.0766040048496488 0.0302633633326184 -0.321183933273259 0.855093798722736
-0.0556678101232827 -0.003882277619347 -0.626847209899849 0.264376091180073
-0.0539955942947242 -0.0136713053168681 -0.0237023108210883 0.0926721039680596
-0.0563027637824266 0.0436542727304622 0.63418919439384 -0.253280084374101
-0.0051981294342647 0.060357510350968 0.294780647957199 -0.876459477312482
0.0561767542492081 0.0178897731293308 -0.607141984793178 -0.623915222563121
0.0530893878810652 -0.058961867415792 -0.654464086194304 0.215106627119005
-0.0108280191977175 -0.0506644043708487 -0.126912430407911 0.435886772314251
-0.0333796584660204 -0.00837115714467425 0.14768316823877 0.125218575362775
-0.0301175077424574 0.0200077966331829 0.125625906172873 -0.189568928517112
-0.0275023198964948 0.0105746186973576 -0.0762337206191272 0.179595264489447
-0.0105637068580995 -0.0150124018076361 -0.119397618844679 -0.0988017733077066
0.0298052111508047 -0.0268205995535357 0.152572298112866 -0.380011506925407
0.056192605634664 0.00384634394329524 0.56607883208409 -0.0851441031002545
-0.0188305856958029 0.0535397369520062 0.517235319399784 0.66869133035716
-0.0765365160754735 0.0282149132967784 -0.335933566718102 0.855179497996618
-0.0558315324603055 -0.00129466736863218 -0.639848713940119 0.262664407004037
-0.0565568116244848 -0.00981065056707183 -0.0358107043695536 0.0925669878968606
-0.0569195360776453 0.0465205181324021 0.621121758278551 -0.248086202695892
-0.00353957000341434 0.05822837713564 0.283513089057182 -0.874092132557654
0.0533318981822676 0.0147032898903434 -0.615430118669288 -0.622719240807062
0.051738665877545 -0.0575928343098891 -0.657932648995534 0.217828001669016
-0.00855920773640378 -0.0429381997772724 -0.125260000850892 0.436911923059398
-0.031532912371538 -0.00147397204595491 0.151834437988166 0.130343105807142
-0.0306781483709993 0.0227251073771585 0.126934327134901 -0.184867804083133
-0.0238141623794585 0.014851119936514 -0.0773303491382041 0.182763853171679
-0.00844039702050076 -0.00633360482616279 -0.117623391253293 -0.0913755620222128
0.0288106571792655 -0.015892102547392 0.154118235538194 -0.382214081919685
0.0510468683988761 0.00665360707833488 0.564228831213754 -0.0901731917248915
-0.0205441755246433 0.0486392874576392 0.514478685497654 0.662922593041203
-0.0716443296840021 0.0253530812414024 -0.335648986717168 0.860747302646458
-0.0520407639946633 6.34463926930534E-05 -0.64949753003003 0.270331171912625
-0.0551463891040183 -0.0068188175699146 -0.0488511997325272 0.0938426953635687
-0.0526631089104728 0.0468546082101784 0.612763378262547 -0.242090035897895
-0.00144361082175457 0.0536170828177409 0.283460276701813 -0.868431081216128
0.0493097844616357 0.0105586779354908 -0.614483990542716 -0.629210461249266
0.0491213831371863 -0.0531533184734988 -0.661699876880016 0.209410370377535
-0.00666748669616294 -0.0336608136460115 -0.124789581150433 0.437695723569029
-0.0289532672439879 0.00799737499306636 0.155648693990056 0.136528852461087
-0.0278547947728272 0.0268830274716157 0.126943739970204 -0.181205903174419
-0.0170851560261136 0.0195048683556358 -0.0803696471733595 0.182607293625349
-0.00660556528925621 0.00416589936696935 -0.117945290536408 -0.0837618953889321
0.0278593164741163 -0.00261532499261933 0.150204571485924 -0.383699754930873
0.0452538445685173 0.0115146802210255 0.561914370395984 -0.104244184991136
-0.0218290039413421 0.042238649390322 0.525255161407752 0.649979775329204
-0.0654251433878455 0.0189421683795684 -0.325514046234431 0.866976385429534
-0.0442370110548415 0.00117288521604957 -0.650518035669196 0.280146080609739
-0.0498149734660325 -0.00491637374124861 -0.0596128421797215 0.0967735512522421
-0.0455647652856825 0.0452787387439397 0.607247649176003 -0.233219684968499
0.0034840147176045 0.047246636669096 0.293730665979653 -0.86334292908351
0.0460950623484209 0.00709097803723897 -0.604931945829374 -0.644447764503677
0.0441439280771894 -0.0465241038606043 -0.667408543144008 0.198767914936466
-0.0068754393356761 -0.0225817171494358 -0.125217432391476 0.436665724634931
-0.0255835650340477 0.0175419921872814 0.154705417714987 0.143011419536333
-0.0229318598652051 0.0325672290963587 0.124285065116335 -0.17913337756468
-0.00927951019412306 0.0238843028114516 -0.0858106561793544 0.181486103905418
-0.00442333404516208 0.0114085329596148 -0.123781932804282 -0.0779861294529043
0.0249396583843496 0.00946913590335697 0.145986428911723 -0.388039641125233
0.0395271732329742 0.0170881610696842 0.560603673357611 -0.125355899626721
-0.0217969676978968 0.0364845154577675 0.541241618576532 0.630386786578612
-0.0567357217044908 0.0111048355145643 -0.303575054386552 0.87368953143373
-0.032663014912722 -0.000649190782951715 -0.648669124390123 0.29516405235595
-0.0388558918139421 -0.0049185370213757 -0.0667775624461781 0.0994402685720117
-0.0353445559472365 0.0409085907158832 0.606756722021004 -0.219383370929485
0.00975597334178125 0.0378765310927133 0.314035477846542 -0.859188215332961
0.0429693237412257 0.00399952168957553 -0.58877275785681 -0.663409986812998
0.0394040605853319 -0.039948790587003 -0.66880159405807 0.18030265208855
-0.00792548095904132 -0.0124331086961442 -0.130115539839465 0.43431330341445
-0.0226197974387866 0.0246358403548811 0.152228657408793 0.14934849429097
-0.0163228647830469 0.0368109827308897 0.119112538274553 -0.177517490241858
-0.00163486623659322 0.0270844096918173 -0.093937996296721 0.179334334472514
-0.00143925397170838 0.0161653199359658 -0.128616530771153 -0.0726857984914231
0.0230326084634194 0.0188878073638268 0.139534901420517 -0.391315802914704
0.0325160311241924 0.025194785448902 0.560129134813396 -0.143969957995688
-0.0219287773035037 0.0333696803688542 0.561232239264573 0.609973455412739
-0.0478194720952995 0.00316346237238425 -0.273940469066331 0.879439426437407
-0.0205855533368036 -0.00410344308933258 -0.641271105727103 0.309581561052524
-0.0263402977056517 -0.00696486877314222 -0.0703982220910327 0.104372667571476
-0.0235137420787034 0.0344378284104314 0.61112259777262 -0.205541385206736
0.0154614655635755 0.028319656565041 0.345633433968182 -0.851858450666584
0.040532838452666 0.000814124875573459 -0.566863563978459 -0.68782333268558
0.0344515031151389 -0.0311263923974256 -0.673084711910175 0.156625902082321
-0.0101677652610314 -0.00325147993428022 -0.137445785710422 0.431822368507004
-0.0203632977506154 0.0300550040957278 0.148178904476038 0.154294999543206
-0.00859113076463963 0.0407977291693616 0.113818896982667 -0.18027082691001
0.00631504450255346 0.0283495036661192 -0.101596663951019 0.176364692395654
1.48706235528007E-05 0.0169586006594872 -0.136725105629524 -0.069086361035495
0.0205852294226841 0.0247012750995011 0.132423872024448 -0.397006467688593
0.0287687765995855 0.0303831165629049 0.559840841529132 -0.162856260593435
-0.0207219348899235 0.030364950382394 0.582463278897363 0.58566830745568
-0.0408695086255541 -0.00408412284898666 -0.241397068089768 0.879519234698521
-0.00829577358143345 -0.00995273334952365 -0.629038300317908 0.321456027756817
-0.0141998964863938 -0.0107733221773955 -0.0688537933043925 0.107637151702291
-0.0116007028864184 0.0291528133222527 0.622825522007087 -0.191622524619906
0.0224891803722156 0.0211524121765474 0.375077975645523 -0.845734475279405
0.0400345696569853 -0.000700497925935757 -0.541029337997717 -0.709304197885269
0.0296964616978376 -0.0241199415313067 -0.67140449183718 0.133866366379635
-0.0133942754571112 0.000884191146335048 -0.143608634423329 0.42764269638232
-0.0185171466634758 0.0319922807796303 0.141640817052562 0.156481655983285
-0.00291437967029475 0.0437853335310234 0.108887942022673 -0.182378707082144
0.01126839875062 0.0282584427508115 -0.106550943815011 0.172725418385838
0.002225999081015 0.0155057912424181 -0.144144644529443 -0.0691660914460682
0.0191547352134512 0.0247887643539961 0.125058131262239 -0.39946525563796
0.02571207114059 0.0353493609397904 0.560535070324279 -0.178210249849634
-0.0180839484363881 0.0310928112885992 0.603024897214365 0.568114065375778
-0.0358318889317721 -0.00911382803768493 -0.212474207895635 0.881455294683856
-3.13400142494848E-05 -0.0145175306557728 -0.615195377176009 0.331514095720196
-0.00426760533274957 -0.0145491561791507 -0.0620255491388336 0.109937835218775
-0.00377008505431038 0.0224392081285697 0.634221007522586 -0.182083554330322
0.0265593839006435 0.0162124055147316 0.406846655699622 -0.841418900634044
0.0414733581109755 -2.33058327051973E-05 -0.515812851901063 -0.729464820977562
0.0271045082100026 -0.0189823372195876 -0.669420744405568 0.11635700885211
-0.0179197271976038 0.00235311743891241 -0.151690596000881 0.422864648040727
-0.0187841270243041 0.0305838501413375 0.134121874557417 0.156779549676273
0.00319544644540555 0.043941122108895 0.10297648297098 -0.186313894504213
-0.027461619265628 0.0074015366564324 -0.0749346912822443 0.17515568567157
-0.012614528719395 -0.0231257826324846 -0.123342126405724 -0.101102128575068
0.028110565271383 -0.0361929662609344 0.144863533616785 -0.38234122609126
0.0582746013957165 0.00246999933549553 0.565735146989348 -0.0955219689308554
-0.0149575841014574 0.0578440243814822 0.534607775989215 0.656701231776862
-0.0757190182788384 0.0306174028580523 -0.310653172143432 0.852607311762683
-0.0542786087895995 -0.00392516417953136 -0.619283016409297 0.269146440963227
-0.0544262050775074 -0.0126438421299461 -0.0223223385575701 0.0919890526635722
-0.0554998430929639 0.0430270805754604 0.625949835997843 -0.256470395504934
-0.00426758513454967 0.0601335595235948 0.282936407682431 -0.874926512501153
0.0561795971610779 0.0172952106923985 -0.608982219427405 -0.613876219039939
0.0515918585819592 -0.0597171683626217 -0.648551500314307 0.223588223274664
-0.0109152477499637 -0.0502948299930465 -0.120927396835238 0.435173839144459
-0.0329535111536389 -0.00719103307645677 0.148932040080273 0.123108911802521
-0.0293717533481649 0.0203829870965344 0.122181079082287 -0.189359737938455
-0.0268816436381572 0.0112118809886112 -0.0742450595123239 0.178596207657624
-0.0114139999014303 -0.0157626897693545 -0.11957203666116 -0.0961334330926219
0.0300161978725901 -0.0277801510901503 0.146870380698397 -0.380814750791781
0.055870273730177 0.00261818551773641 0.562271926854473 -0.0907045380002526
-0.0178544307312748 0.0548881091615964 0.522855802893411 0.657639772972858
-0.0753264790208297 0.0299267815207235 -0.322866746255853 0.855761411828984
-0.0551075573712552 -0.00180025298171662 -0.634217809639432 0.26935334037854
-0.0567898749755132 -0.00872019409275446 -0.0348462251813007 0.0922817452259909
-0.0548960349931956 0.0468415512263868 0.613042614347382 -0.253359130467723
-0.00337301853646647 0.0573498727698819 0.27312627698451 -0.871535706416721
0.0531178816939331 0.0142663003600115 -0.617305798604571 -0.610756319560428
0.0505457272942954 -0.0578474631321056 -0.651729700163273 0.223819585501075
-0.00906480310015786 -0.0420445214877613 -0.118231909977776 0.436825366326312
-0.0319243959069879 8.22227912116961E-05 0.15325638639326 0.128132231776224
-0.0295622758332611 0.0234470105976348 0.12436383386346 -0.185751669123062
-0.0227642708979312 0.0147769914080206 -0.0750047855348821 0.181156519769417
-0.00867956501980878 -0.00562993399134655 -0.117696064837544 -0.0896217355562892
0.0283994588974087 -0.0167760148736816 0.147201448620696 -0.382518321404725
0.0514250402749264 0.00524762739000786 0.559250281135794 -0.0975236484467719
-0.0206100433476342 0.0489859422010664 0.520330317502977 0.650400346272717
-0.0711480347209247 0.0250531809977867 -0.326168668351772 0.85846921356199
-0.0516051766292142 0.000695013162356071 -0.641693377454945 0.274552424391462
-0.0545910035878571 -0.00565737062630912 -0.0470614110021861 0.0934897862426771
-0.0520777542887852 0.0470853133373334 0.604810713828425 -0.246954625882036
-0.000191268749663923 0.0533177737161372 0.272572344659406 -0.866538315269485
0.0496230016410159 0.0105470316350849 -0.619453509160551 -0.618534414034132
0.0474077779217109 -0.0533277205150986 -0.653999333882475 0.217485183782801
-0.00789648909051473 -0.0337256557708287 -0.116881054599783 0.437276885880549
-0.0285796097640115 0.00927228447155419 0.155998174812505 0.133622291154465
-0.027592962012672 0.0277537743034429 0.124621458161821 -0.181953275862548
-0.0167582965405047 0.0196801647671885 -0.078242294804367 0.182274424528808
-0.00661899552329225 0.00382052907958548 -0.118088786015865 -0.0825822806254497
0.0266710137736098 -0.00317347753678827 0.144369218210046 -0.385813543592574
0.0456400923083213 0.0104850597911298 0.55850350374357 -0.112128644335124
-0.0214081341672421 0.0429889809723707 0.529054701745788 0.639028403157512
-0.0643525294719197 0.0190519314875215 -0.315201804115485 0.866627796308713
-0.0441891816837757 0.00120906228961811 -0.643534830466402 0.287067398686459
-0.0482473327759388 -0.00457711218474992 -0.0580700995607333 0.0967888542765939
-0.0442893367459438 0.0447441958593379 0.599335684567595 -0.238009154131771
0.00361094923706341 0.0463652753305444 0.281732166517424 -0.862979706571642
0.0454958393092842 0.00673360989729409 -0.609363864300139 -0.631260186087584
0.0428256543188527 -0.0471917834508562 -0.658081516072588 0.207835717347294
-0.00727826478864865 -0.0228075962127696 -0.120107313074987 0.43630294069131
-0.0251753019369424 0.0174943112611057 0.155657429185967 0.140174779668788
-0.0211954986629216 0.0327848528581809 0.120049961594466 -0.179501130273702
-0.00848217673092707 0.0231659126178682 -0.0840427420836654 0.181202185613139
-0.00383274505550898 0.0103745680289379 -0.122184899576123 -0.0749039766337768
0.0249319567161024 0.00840766259783129 0.140605706812265 -0.388604081879936
0.0390528533161657 0.0174270548416702 0.558302999555275 -0.132741878642221
-0.0218312335184054 0.0374343734196891 0.545479101311972 0.618170727445231
-0.0560195383157958 0.0114706910633007 -0.291656314726515 0.872607503000173
-0.0323329374753308 -0.000851273562985196 -0.640190451787836 0.300910870060913
-0.0389744819299674 -0.0050850285125113 -0.0652554336398148 0.099899060225043
-0.0340329651239965 0.0410100263510045 0.599832632172789 -0.22464803582723
0.00906788630468927 0.0369334411895728 0.302684292613184 -0.855934398396908
0.0425723999710458 0.00330596848922708 -0.595388437689163 -0.654069030681356
0.0387567411570846 -0.0397961527138943 -0.664709828312836 0.186002653293844
-0.00840775020321391 -0.012014900351199 -0.123638023883488 0.435395262483058
-0.0214762857587176 0.0255221654284741 0.152828301169376 0.147190995137332
-0.0150967823298069 0.0372403496823827 0.116715551232544 -0.17851641810145
-0.000184365726645179 0.026311390903979 -0.0902057570650014 0.179962447489737
-0.000519150142443098 0.0163243548698044 -0.129228327743372 -0.0698865518534101
0.0233640807256082 0.0190807472345106 0.132998144269093 -0.393108574866297
0.0329172795218 0.0238779870964445 0.556547539171515 -0.150483906175454
-0.0214632246348365 0.0332208877189884 0.564695350068288 0.599068127739536
-0.0473224262304564 0.00454326023820813 -0.26373427932437 0.876593141532487
-0.0201687247343698 -0.00450683103138707 -0.633975101751035 0.315579597184883
-0.0264370426373741 -0.00618142967685393 -0.0688004748790141 0.103425864603893
-0.0223634041469596 0.0344785442359601 0.606019456885101 -0.211762814069761
0.0165051064113939 0.0282962509049309 0.332429892344874 -0.849766614892141
0.0397945460321381 0.000153279191365501 -0.571753287910913 -0.676908898489454
0.0330232380694254 -0.0322622927786936 -0.666511514345637 0.165557026817795
-0.0103463875249457 -0.00473662573392771 -0.131056104507851 0.431292509896569
-0.0194091623986901 0.0306898448962522 0.148918556496263 0.15148601890913
-0.0080350188786779 0.0414644745612521 0.111270962871407 -0.17944481113196
0.00677183457863435 0.0275042982008972 -0.0989394520471086 0.175939893024135
0.000619104829198393 0.0165771629373605 -0.137005285772307 -0.0681918308616526
0.0211781839203536 0.0241759746683598 0.126097144840816 -0.396593256367096
0.0276427592726977 0.0293141403410236 0.555052465799398 -0.169247411092975
-0.0206928073789736 0.0311210919375459 0.586159930092161 0.57436855633648
-0.0400657757585883 -0.0028515515040388 -0.228999699089924 0.877568015200057
-0.0090156416508449 -0.00959556252638059 -0.622407778481669 0.326842164619395
-0.0140447003966756 -0.00954894198991707 -0.0673420851956157 0.107425715234839
-0.0113304950195707 0.028608511929613 0.614564700722932 -0.19686345267637
0.0218928842030149 0.0196641897648236 0.364091068494307 -0.844942281304519
0.0398253477597823 -0.00105603276932236 -0.544913277917946 -0.700114155506928
0.0283513593793022 -0.0254298676356374 -0.666928918546772 0.142547212131285
-0.0137644982523833 0.000854612347395728 -0.137749366030728 0.427480275751276
-0.0181173339364971 0.0326922499390744 0.142536051507876 0.154677030490808
-0.00162309725307449 0.0440363700113491 0.106170153834824 -0.182010167173334
0.0122425440686173 0.0272668392513254 -0.104457484817749 0.172920766797709
0.00165211289150719 0.0147344697521108 -0.144022020927442 -0.0673611945916664
0.0189383951907665 0.0248554786117866 0.118280902436014 -0.399872816176212
0.0263839657886422 0.0342379039102405 0.555486482028238 -0.185441423966579
-0.0181830795576724 0.0312026212734222 0.608297475333678 0.555219845800832
-0.0361713207024378 -0.00809047892306657 -0.200412094034908 0.877983357925017
-4.84907113991843E-05 -0.0150757372755496 -0.608064121699891 0.335192660095927
-0.00417602468688406 -0.0141417165406409 -0.0611197285877152 0.109608543455585
-0.00332716093270274 0.0223198522328853 0.625679958745251 -0.186594414498895
0.0258797676595172 0.0148858739578808 0.395259715759607 -0.840509530465042
0.0402370078887994 -0.00107938540903436 -0.522151602282627 -0.718723408519239
0.0267231675965891 -0.0203446636128991 -0.663915726711045 0.124951087988236
-0.0175850313934988 0.00235054037858242 -0.144008845487719 0.424341822041206
-0.0175772161067231 0.0306852466261314 0.136151071679442 0.153708254093199
0.00383503095427771 0.044421605619623 0.100540792396738 -0.186679151343524
-0.0262147961397507 0.00727675197563895 -0.0731379448814845 0.175008139607234
-0.0129821940290892 -0.0226922385238943 -0.123951768721594 -0.0992484084696389
0.027049227124652 -0.0360506029539552 0.139605838251276 -0.38256333239774
0.057282998415289 0.00195446279185598 0.561714817187233 -0.100164904760578
-0.0141188858507158 0.0586094575500813 0.536760354973742 0.642927637538944
-0.0744586120238255 0.0309792000680284 -0.298594464910723 0.849936266813104
-0.0541508892993115 -0.00331119635977787 -0.612608455097217 0.272269166948008
-0.0541668662445593 -0.0111785835849973 -0.0226513480818074 0.0916197118043915
-0.0543207137238019 0.0432980528290767 0.618226632917199 -0.259828188586743
-0.00415140817446453 0.0581228924127521 0.271459267317158 -0.86977503764028
0.0560720114227118 0.0164117703307739 -0.610593046076967 -0.603519721016604
0.0505129846063484 -0.0602790846819558 -0.642505842135888 0.229462225762153
-0.0120288330213447 -0.0495286914826757 -0.114409122989047 0.432900579935031
-0.0329235257976592 -0.00658498877624294 0.149143899300597 0.120003668632275
-0.0283384358497327 0.0213423802047411 0.120158767004295 -0.189177538023515
-0.0262234136462102 0.00932147091820189 -0.0715958999952484 0.178999155026579
-0.0110576138770595 -0.0160811979713565 -0.118572145380925 -0.0945199463033014
0.0294047671373669 -0.0274718556223888 0.142052191331285 -0.381424543443022
0.0557109899255566 0.0022510107050574 0.559419151151013 -0.0986851018593048
-0.0177418515584338 0.0547582085610389 0.525064339185716 0.646223426073342
-0.0739829428770071 0.0299514530568958 -0.312518260686117 0.851846620241994
-0.0542748613019864 -0.000695817687662244 -0.626981767129309 0.273005106257915
-0.056055519533382 -0.00815495938446919 -0.0343000372602745 0.09215003881858
-0.0535838156217613 0.0461128471044366 0.605007674431964 -0.256389124018296
-0.00305300667723245 0.0573845467797611 0.26235392745296 -0.8670717026432
0.0528374885638176 0.0130730270104938 -0.618338224776766 -0.600201891008505
0.0492190234732894 -0.0580732698166286 -0.643581451724675 0.229390972867627
-0.00966052187857708 -0.0434720255957393 -0.112665533946042 0.435671337555753
-0.030844073115099 0.00113878645766519 0.154748650130357 0.125298460637834
-0.0288229426183369 0.0241915799180999 0.1223739792118 -0.185876308340948
-0.0221105879895748 0.0151138361046764 -0.0725564064851793 0.181460671726671
-0.00962147301102808 -0.00536259141841794 -0.116965727244607 -0.0871291484787644
0.0285709010754281 -0.0164301776403927 0.143051317892783 -0.382891927137116
0.0515310046559494 0.00471923518026392 0.555549349903727 -0.104506670167718
-0.0198048743810444 0.0495089202362192 0.523214391474686 0.638573239543117
-0.0696866075430983 0.0261337541268875 -0.3153270962741 0.856843212120213
-0.0510828782217071 0.000973103842114839 -0.635828751718018 0.28076613472122
-0.0544014883876138 -0.00476296404698485 -0.0464585583949975 0.0931084040684521
-0.0506553872804548 0.0473196592304379 0.59635702745975 -0.249736296726371
-0.000473244196325308 0.0525535575076037 0.260417396197651 -0.861849741403608
0.0498040760765024 0.00947096795920872 -0.619864097989353 -0.607204090135659
0.0458707323791768 -0.0544396646112797 -0.647128286350364 0.226334445705187
-0.00777285498487132 -0.0332719937945847 -0.11204974709325 0.435344366664759
-0.0280337646596833 0.00982839993436027 0.157103053146076 0.131706165184531
-0.0267567120337072 0.0286473481547057 0.121085977213014 -0.182232919713861
-0.0158561511080468 0.0178592099519882 -0.0762679381668371 0.182654711574954
-0.00628983485310433 0.00348777664984167 -0.116804936667031 -0.0806614128241907
0.0270004584848449 -0.00422169598722313 0.139631182750027 -0.384771890355364
0.044850606702369 0.00910316570402731 0.554640292443883 -0.117336095590973
-0.0208462899730915 0.0436727648712835 0.530453200259509 0.627781625499779
-0.0641940400454924 0.019921195805064 -0.303747754161887 0.863552687471877
-0.042421685624779 0.00211936712237212 -0.635731842327883 0.290251074569342
-0.0477349492959628 -0.0037721400242085 -0.0558765364816819 0.0959949908061489
-0.0429543124340457 0.0452185269009363 0.591472370356601 -0.24094312595308
0.00359321970810601 0.0447853324028849 0.27093490055906 -0.857646756824602
0.0458072406047821 0.00642169329472128 -0.610825999137889 -0.622533091391844
0.0409573666548786 -0.0476617091702871 -0.653174407717637 0.212734467854424
-0.0075854699000051 -0.0229552616226607 -0.113710832538385 0.435454832282794
-0.0249880530372397 0.0183748286153682 0.157425840429059 0.139047209094851
-0.0216842620757366 0.0326604922435398 0.118794417106523 -0.179103233694832
-0.00786921410790021 0.0220172281346732 -0.0817125258347652 0.18121269597331
-0.00405994088552489 0.011481388499669 -0.121847683531077 -0.0743494268822185
0.024120591690001 0.00801151366462166 0.13526765452955 -0.388458341417158
0.0389854087832036 0.0157267562733678 0.552811275367746 -0.136622749774548
-0.0220012522464199 0.0374680989678333 0.547243488605557 0.607655020118194
-0.0549483170388741 0.0130145973612609 -0.280176553598418 0.867776295079768
-0.031475684877223 -0.000392852619624347 -0.63308853853358 0.306103713649284
-0.0385167854100516 -0.00368738217307599 -0.0637726784952714 0.0999328696758022
-0.0329747104918906 0.0400735640256174 0.592645728528631 -0.227989559611756
0.0101672886269548 0.0369651735777485 0.292115009685417 -0.852068162009795
0.0426991022424595 0.00260928256591447 -0.597281512282965 -0.642678282274999
0.0358429948636443 -0.0401191761305084 -0.656271255882604 0.195470686196268
-0.00831845274147628 -0.0126077065096303 -0.117372491862494 0.433816334501974
-0.0213118815808505 0.0259112068387825 0.154734915834018 0.144586522048063
-0.0140859675125866 0.0374689529501297 0.114875305294579 -0.177353744466631
0.000931854013783949 0.0251190798690203 -0.0890278310341376 0.179416413762561
-0.00176613777338727 0.0170940920634669 -0.12756958616447 -0.0691581719605693
0.0228710716766081 0.0178652949314803 0.128317546020757 -0.392022169174755
0.0320615011986989 0.0228169373020346 0.552092134474547 -0.155879098150957
-0.0215921538985114 0.0334339936731156 0.566477414339597 0.586895407876601
-0.0467684541589348 0.00375958766770259 -0.253012928280264 0.872516324655212
-0.0191494717160051 -0.00406545561985733 -0.62703711865965 0.317429655127137
-0.0261527308598527 -0.00543938746325135 -0.0674616034601684 0.104019393145584
-0.0217722367705586 0.0344539473921467 0.598614115822793 -0.214957093545465
0.0158644517040365 0.027073718018814 0.3230944468555 -0.846400076548177
0.0409414057925047 -0.000517617879151005 -0.573799498798828 -0.668252105445682
0.0329052471672352 -0.0328555223729522 -0.659136557276061 0.17042974458058
-0.0111927457093254 -0.00338061639689908 -0.124890600867208 0.43033740142321
-0.0180494170799578 0.0311697952186878 0.149543412293524 0.150063804662837
-0.00730700966142117 0.0413265086839395 0.109361486097978 -0.179158999132261
0.00777966606780547 0.026907849482711 -0.0968089254252484 0.176590430116781
0.00128645970516649 0.0165995560816646 -0.136256198471826 -0.0657230032456297
0.0205167329675144 0.0236146435107848 0.121150091228852 -0.396306397126276
0.028930227635681 0.0287721460106156 0.550102545595087 -0.17636113104952
-0.0209506242476347 0.0308757843674063 0.587191127823827 0.562352756792342
-0.0411024121684919 -0.00359536567401057 -0.221698936403502 0.873052108411547
-0.00743106799294753 -0.00971624029442016 -0.615254055625695 0.329559391970293
-0.0142981075368351 -0.0104599937735131 -0.0651813769158386 0.10656596860414
-0.010035248509948 0.0271727234825896 0.608849028734977 -0.200367623216559
0.0220921790165139 0.0194390931407401 0.353518355481774 -0.84217812319538
0.0392207662959201 -0.00173040907607506 -0.54889822713098 -0.689132304071782
0.0285993390344134 -0.0262235909104119 -0.660567312213535 0.148994919280266
-0.0139431467316815 0.000763498634023807 -0.131569291666366 0.425383389043446
-0.0167013050729386 0.0326253793150211 0.143802766899671 0.152180748223897
-0.000900257807323113 0.0437405595752137 0.103874096797361 -0.181029072312675
0.0133647528021775 0.0258941579789924 -0.101563266947102 0.173270369384477
0.00193412930878788 0.0141202516794775 -0.143247826168629 -0.0648332361085925
0.0189533820822225 0.024171255041813 0.113831111047096 -0.399170017903871
0.0258137141017998 0.0328491706099693 0.551506670332387 -0.191489920644951
-0.0182974408566047 0.0320564832135344 0.60937669579994 0.543738965914681
-0.0359624315331912 -0.00753751388569655 -0.19168257979292 0.872769048668255
0.000792745112878506 -0.0148373157830866 -0.599557020690821 0.338858115348015
-0.00457404813929444 -0.0137710535638113 -0.0594196657410099 0.109608141232315
-0.00180492017370178 0.0209585746885094 0.618950157676438 -0.191353029317659
0.0258967302609513 0.013956445950609 0.384682514737174 -0.839228375387251
0.0405472372548727 -0.00141740817522964 -0.5245509376135 -0.709848744807009
0.0259907826232777 -0.0215447284034432 -0.658324103119958 0.132536899384325
-0.0171693283208342 0.00336009432801222 -0.139100417796917 0.42172753279502
-0.0177817132850118 0.0314218714689833 0.136954832487634 0.152069674190142
0.00516858754676041 0.0441746292362274 0.0977981266336865 -0.186121794416157
-0.0253696785933196 0.00718419819784668 -0.070679400016386 0.17412908913995
-0.0133386221331529 -0.0224036819204104 -0.123941019693149 -0.0980253383302591
0.0269517724133968 -0.0362003974192337 0.134810749752646 -0.382447118090284
0.0577269229976791 0.00136474246918043 0.558524393085002 -0.106303582202705
-0.0142762235810589 0.0591146711802713 0.538174582885732 0.632504017558672
-0.0739851760199168 0.0316981354303893 -0.292263341253202 0.844449699796337
-0.0529746626533797 -0.00277886743177262 -0.606166088482443 0.275890689176314
-0.0530734100402362 -0.0107964342958134 -0.0203598008165435 0.0911457641239517
-0.0532070766790164 0.0430654245799041 0.610294938145859 -0.261712627996703
-0.00354747700328773 0.0580668164632815 0.265158153365864 -0.866581681638349
0.0553978313407167 0.0155695368970711 -0.612033833616432 -0.59478716962719
0.0489274156157664 -0.0599765406933522 -0.635780949821041 0.234768362222026
-0.0120734372882629 -0.050142562388159 -0.110551812037528 0.432263915046792
-0.0313218149091992 -0.00516494781914954 0.149379942987014 0.118967961052084
-0.0273593078359067 0.0220229148558084 0.118088397594599 -0.188271933086937
-0.0246457277817575 0.00974689688446776 -0.0694913551979047 0.178646687459507
-0.010918966712166 -0.0144638642018814 -0.11859502351361 -0.0918061794706251
0.0285149867545625 -0.0286859352642849 0.137476454906562 -0.381326929238812
0.0551657918603185 0.00189914142676424 0.555294482321666 -0.1039211119553
-0.0166199692859862 0.055377363921999 0.527289338436836 0.635848905776486
-0.0738516566756491 0.0300918731642003 -0.303399114422108 0.84760468096673
-0.0532872757988955 -0.000872744382882033 -0.619660362487758 0.276048560660033
-0.0559046814192238 -0.00750711260026395 -0.0333201231801912 0.091785317697288
-0.0532315364170488 0.0459285533885586 0.598926357160319 -0.259632335257719
-0.00255072770000955 0.0562441963560466 0.254630257184614 -0.862771858130058
0.0527030635912987 0.0121995070227531 -0.619652345424575 -0.591729172687952
0.0478747731808038 -0.0584457702168588 -0.6362607098635 0.234602072140165
-0.0105749411905849 -0.0419339429985764 -0.106452215502322 0.433960733893456
-0.0310529621799181 0.00130336252058436 0.154229539772688 0.123932897213916
-0.0278951538005069 0.0248677176854315 0.12052383083532 -0.185045554725339
-0.0197926974353235 0.0135438152790169 -0.0715674556512054 0.179721052315275
-0.0100761740628472 -0.005823777562738 -0.116629370901399 -0.0864108390621722
0.0285657542673743 -0.0171205881639753 0.137322869515531 -0.382650739015305
0.0499389674651627 0.0043285006215366 0.55224876693005 -0.109294108491173
-0.0195600709987511 0.0499328332635208 0.524859784410688 0.629461695920425
-0.0696113574990984 0.0266463443680274 -0.304495328875742 0.851577852908041
-0.0501045298456028 0.0011438868726481 -0.628668777138825 0.281971610714003
-0.0541358666863301 -0.00464766315294059 -0.0450684247138296 0.0932005041586423
-0.0500329946801058 0.0469370243141339 0.590332343385163 -0.25309317623287
0.000167716905011793 0.0519509673751768 0.253752343411014 -0.858941997216329
0.0484766371131428 0.00913545427099385 -0.619853165715249 -0.597166349336995
0.0438474821683317 -0.0545160802807275 -0.641046161846319 0.229528826187046
-0.00807709180627375 -0.0328434640274862 -0.106922615514581 0.434730468413769
-0.0274286735021163 0.00986126160104503 0.156385696990252 0.130126373207819
-0.0252936474969898 0.0281123356241714 0.119668797329487 -0.181274226053449
-0.0144985802861077 0.018092464462195 -0.0738438435996392 0.181354008344647
-0.00715257558539411 0.00409521520162601 -0.116945632807247 -0.0781195320958939
0.0265209209407173 -0.00484133676186551 0.135006385304187 -0.38362525575298
0.0449541286972661 0.00894369186886284 0.549630485282285 -0.123478064920255
-0.021360675297272 0.0445965289871404 0.533957961829158 0.617292804873827
-0.0623102360069513 0.0201805239756705 -0.296518626944545 0.859549453977544
-0.0421268129862217 0.00205663557790894 -0.629064780682469 0.293620746031371
-0.0474795172797668 -0.00261751659014082 -0.0559655428090707 0.0953867034827365
-0.0419683065182562 0.0454094729765273 0.582965364698877 -0.244071202177405
0.00433905075754372 0.0441922695114623 0.26186568359351 -0.854904214370537
0.0451752002281323 0.00573843497760776 -0.612222760370188 -0.61313854075199
0.0404541221555747 -0.0482767766065846 -0.647513553892463 0.219331642978051
-0.0079828614010289 -0.0226725001507285 -0.108483133839327 0.433306397818357
-0.0233081911777826 0.0188069840756477 0.156964567042495 0.137053080889648
-0.0194421943167697 0.0330201313766562 0.116293381983176 -0.179462382607043
-0.00713060885774944 0.0214466756151523 -0.0794470737120587 0.179947211322886
-0.00419378616545366 0.0106587473907096 -0.121039170587933 -0.0728916380468889
0.0248729549879183 0.00840091097174354 0.130887038530841 -0.388601079188294
0.0381236302854696 0.0150743292438105 0.548023938684059 -0.142528996083964
-0.0211674825156397 0.0387123615141299 0.54934851379258 0.59661548329836
-0.0545862851171731 0.0127331360433408 -0.272284644401132 0.863455687497859
-0.0306868415787602 -0.000523060332003805 -0.627800399716063 0.305480762104474
-0.0381470144867047 -0.00357917990056757 -0.0629112868589523 0.100319446258049
-0.0328053394065035 0.04053013208868 0.583938960567473 -0.230679914408378
0.0101305982798384 0.0358938918358877 0.284644743223795 -0.849513237935173
0.0421309880683178 0.00265688611553381 -0.59717023616101 -0.631856126778205
0.0370422821177046 -0.0401196948486265 -0.650919478624738 0.198868551822648
-0.00812054862482622 -0.0119673251258425 -0.113748326266369 0.431348008335175
-0.0201771431326217 0.0261323095523695 0.154658823451924 0.143080927641771
-0.0130780744742561 0.0373535002926877 0.112532837722838 -0.177842872875378
0.00150068095851629 0.0238832802582561 -0.0861815089780981 0.178709546363765
-0.00108703159963784 0.0156099457179055 -0.127173115540632 -0.066931817276123
0.0226790485589649 0.0170582373415916 0.124056230767422 -0.391765061676124
0.0324957907353727 0.0221328987752653 0.547923954379751 -0.161575563360766
-0.0215226963115994 0.0345291356292067 0.565736186326036 0.575248233396166
-0.0462773057275102 0.00473110436187974 -0.244278282106171 0.868245052098605
-0.0184168334706307 -0.00443986610390511 -0.618554569743094 0.320125287284606
-0.0253910345557821 -0.00499816115924851 -0.0658647040759676 0.103163108653794
-0.0210753373058823 0.0341792140980571 0.591174076881813 -0.217782724021885
0.0160108832171548 0.0259183107579383 0.313674518976984 -0.842878376512022
0.0399241093465411 4.10245301944714E-05 -0.574144387241036 -0.656125210500669
0.0316272862685996 -0.0317274629831951 -0.655428878124191 0.175790459205017
-0.0108188462891951 -0.00359954976151299 -0.120179448954941 0.428999761599592
-0.0180878940055466 0.0315406709939992 0.15024249437513 0.147679489714777
-0.00621517617239233 0.0414395659849959 0.106550158854922 -0.178474222431773
0.00822191374728084 0.0256451204354272 -0.0946569414705603 0.175733813398628
0.00107808004161607 0.0171424006849588 -0.134546101162849 -0.0643195088593963
0.0207514460911014 0.0224987683181576 0.115902769667711 -0.396421504238903
0.0278094861130374 0.0277349112148366 0.546185211647604 -0.180336472471515
-0.0203208115755403 0.0328741646126679 0.587688774254193 0.551972903037304
-0.0402710011682979 -0.00345296976939877 -0.214190669739151 0.868995883581183
-0.00732292726090265 -0.00961608573298272 -0.607634695506059 0.33103270557666
-0.0137025496635127 -0.00904426005841972 -0.0653127956734172 0.106948216362974
-0.0103740049898141 0.0279349615727705 0.600921686202291 -0.203263804245287
0.0219866120110494 0.019342229826208 0.345031905570299 -0.839274775393756
0.0387204527924856 -0.00219545201153844 -0.549692977544463 -0.678968505432885
0.0269843498668292 -0.0251419038305614 -0.653710352751769 0.156031444137632
-0.0141277133950827 0.00175115430768483 -0.127401752970931 0.425163685026924
-0.0171750546362042 0.0337025492256936 0.144354217106903 0.150529634159086
0.000309238191347009 0.0434557099049765 0.102182025928764 -0.181152451262815
0.0132296144943022 0.024871432513665 -0.100334157678668 0.17261030561227
0.00182960816350722 0.0134537545428258 -0.143084099351737 -0.0635094204646161
0.0190175215989815 0.0238842712191091 0.109067961960061 -0.398429410663701
0.0264903608004405 0.032149302162467 0.546247066794452 -0.194642744764638
-0.0174027941053807 0.0322577491744173 0.609579287263881 0.531843671419001
-0.0357148965942306 -0.00751180174069477 -0.183791880891796 0.867035856717467
0.0012624833110722 -0.0153165906414421 -0.591982087520131 0.341953202882912
-0.00425962777102007 -0.0130901711963479 -0.0591880814781934 0.108972535698202
-0.00206977492060651 0.022238996622332 0.612727229082311 -0.195106387498901
0.0256837484467752 0.0141478032440031 0.374735252075769 -0.836450763426621
0.0402541094238861 -0.00119213785530825 -0.526798782984699 -0.698768110451173
0.0252869453074777 -0.0207392644071695 -0.654254661819809 0.136933890878969
-0.017550062281217 0.00261979084741772 -0.134477444383037 0.422653861584911
-0.015717544023907 0.0319544385807045 0.137308675623158 0.150519531389105
0.00515132781214355 0.0438364897517979 0.0958205486490557 -0.18580368973077
-0.0250495114135993 0.00660380463593138 -0.0696946625485558 0.173648072130376
-0.0134763159854123 -0.0223412118758039 -0.123236038274156 -0.0961718976517093
0.0268092176190801 -0.0364728590031051 0.130018751688768 -0.381710625019226
0.0572230799379982 0.000279153577347806 0.553761944167188 -0.110439980939813
-0.014387820897567 0.0596367903836553 0.538885469978698 0.625370477731982
-0.0731340922036862 0.0317287685321934 -0.285047743091782 0.841233286103465
-0.0511238729932343 -0.00352547707610875 -0.601001543816004 0.278271378531109
-0.0532152592914053 -0.0106235476511592 -0.0208328417560598 0.0907444836182454
-0.0520902311968816 0.042360017938767 0.602418808194267 -0.264247219638534
-0.00378714951946617 0.0574798040053453 0.257979770199648 -0.862857044840314
0.0555617448532152 0.0153555110908838 -0.611018067909302 -0.587579877930746
0.0475266402844218 -0.06014516449876 -0.628726782557544 0.23827706460079
-0.0125369239316849 -0.049733144897732 -0.105556818002445 0.431724258438616
-0.0316090697719957 -0.00445308818588255 0.149807393029567 0.117604200503915
-0.0270223637335421 0.0216970127268264 0.115112329403893 -0.187989331253704
-0.0242475948522076 0.00938214911996169 -0.0676417438663525 0.177331331152428
-0.0117164211330301 -0.0147403580834069 -0.117498674937174 -0.0919283257424529
0.0282037736164535 -0.0288094752675756 0.13356294924516 -0.380512316691417
0.0544939723253007 0.000996160562563977 0.551612121164673 -0.107149864528163
-0.0165766650412051 0.0561733303017236 0.526759350721114 0.626112118078794
-0.0729758263604282 0.0303971563310597 -0.298310317597685 0.844000794989682
-0.0524211118117619 -0.00103599440060515 -0.613516383545611 0.276432614969008
-0.0552084804239365 -0.00684052580637984 -0.03255018005469 0.0904253723823314
-0.0520083448324398 0.0461069099403553 0.592075250539823 -0.26074885305928
-0.00301655674661665 0.0562839160844165 0.245808394683331 -0.858976922632233
0.0526632120109307 0.0120692153687458 -0.619413544744371 -0.583511705774911
0.0461440372388087 -0.0583279815969186 -0.630868520832012 0.239687422185713
-0.0100976485669187 -0.0416083180657989 -0.103101004361197 0.432578027058375
-0.0300731023841844 0.00270766109058766 0.15430972144117 0.121721318454797
-0.0266041879411877 0.02537135662033 0.117550758855573 -0.184627152751357
-0.0205616641398147 0.0128914081662888 -0.0689446846886646 0.179719950734484
-0.0104423851289438 -0.00501641233717685 -0.116101006778501 -0.0843504110986294
0.0282511717089528 -0.0172927189669038 0.134535274038548 -0.38147561273895
0.0502381170859234 0.0033528182239944 0.548737401681283 -0.113082845067568
-0.0190880281090299 0.050798353565595 0.524388701562326 0.621373102718326
-0.0680708943050055 0.0265295900087102 -0.29863298221482 0.846736048853508
-0.0495216215338748 0.00081158369842628 -0.620740236037303 0.285796701896384
-0.0535295739455455 -0.00433402528333058 -0.0446816532431945 0.0924874645220275
-0.0480451917159711 0.0464409769844758 0.582586363178424 -0.254675311672424
0.000517941686335302 0.0518537594030951 0.246656451756394 -0.855281239385804
0.0490001106907795 0.00950318706589224 -0.619446126375073 -0.589419004426161
0.0439290488955995 -0.0544495151462367 -0.636117922272445 0.232818490457878
-0.00884290642287357 -0.0326438462604553 -0.101165658523419 0.432245115355822
-0.0274365571171032 0.0112094150902431 0.15710232253555 0.128316038400634
-0.0243867789808603 0.0286759919028236 0.117440344312186 -0.181013021764044
-0.0136662793924248 0.0174847411276247 -0.0719879080955351 0.18028282626714
-0.0072139768887697 0.0042350262412215 -0.116944557761619 -0.0777805600726448
0.0268510397452745 -0.00474645564520651 0.131977434854704 -0.383658336465583
0.0439791483189702 0.00836746944265284 0.546793416517555 -0.127752344380137
-0.0210218813900382 0.0450774407369654 0.532198664114665 0.606937551042471
-0.0619706940771918 0.0200439174724461 -0.290079255563916 0.854114986596064
-0.0408010615645151 0.00165900098892795 -0.623254212557374 0.294761347439464
-0.0474317617846516 -0.00222030430753472 -0.0539902524341351 0.095346104536878
-0.0412904421900018 0.0447163696865948 0.577865898212344 -0.244944316167755
0.00466190471758083 0.0444531304092503 0.256529589053675 -0.850431657458534
0.0450967931469655 0.00529487974932497 -0.612750244693375 -0.602875521547348
0.0395119427316316 -0.0482880260060046 -0.640688130956265 0.223121333789277
-0.00795066317854278 -0.0220438221315267 -0.103839318465679 0.431482986688359
-0.0232355633377446 0.0196423507900318 0.15686842474863 0.135201018075711
-0.0188503983354797 0.0324620652255307 0.114232601867833 -0.178062306884917
-0.00639648993165425 0.020688414570676 -0.0787061773788238 0.17890440248611
-0.00335678226462821 0.0106497364176306 -0.12142781976186 -0.0714072404407679
0.0243311263181871 0.00773017516047937 0.126479808103203 -0.387130729626964
0.0382930595223093 0.0146825889711858 0.543697112802246 -0.14636194927505
-0.0216545367005008 0.0398501130362116 0.549381904282299 0.588503378207643
-0.0535797362865544 0.0125010310379662 -0.267207728287266 0.858569628097162
-0.0300331204242592 -0.00135791591963969 -0.619516820643163 0.308850042880857
-0.0373061299838486 -0.00297857300341957 -0.061654997915027 0.0983930519182654
-0.0318394763175002 0.0398932176530007 0.57846577027672 -0.234199362538892
0.00913767797939614 0.035275735269508 0.277083639611785 -0.84410884995015
0.041820545005667 0.00239576747262823 -0.597275018779371 -0.625100834361053
0.0354143295782819 -0.0402204830282321 -0.645116850094235 0.204162251502527
-0.00938896317972898 -0.0118115934092145 -0.108657088907256 0.431447532341873
-0.0193407906082633 0.0262022843147404 0.15443953557235 0.141213681310793
-0.0120432087798096 0.0367990107023551 0.110449197484422 -0.176435858120508
0.00167548695419991 0.0234509766570768 -0.0843749354827458 0.178483031328673
-0.0021259419974016 0.0153794063402104 -0.126307622090996 -0.0653172751322169
0.0227744604301383 0.0168767491648289 0.119907613102235 -0.39194150200018
0.0325743590324541 0.0211055282784461 0.542811529561538 -0.16576144515726
-0.0212422673255643 0.0357017530622578 0.567108166574949 0.566641223359783
-0.045877423276754 0.00437668048727059 -0.239305523692384 0.862574420541955
-0.0183031433876881 -0.00499823107726225 -0.61312647851593 0.322579071380226
-0.0253903310930137 -0.00464333731419586 -0.0658319120111168 0.102788728916031
-0.0203982727401382 0.0341791967926002 0.585418644009241 -0.217700678774941
0.0158918988730643 0.0267041858995461 0.306263332075013 -0.840934220507357
0.039478345791476 -0.00101953480733768 -0.574591745389868 -0.65000689439199
0.0298791594971876 -0.0331203826854232 -0.647840433481626 0.181129429468326
-0.0107737698313108 -0.00291922995951601 -0.115503717646653 0.426353495026692
-0.0176298769879746 0.0316944652187473 0.150210729602846 0.146358866173484
-0.00464716973181608 0.0406405760271506 0.104434644200577 -0.177880339653909
0.00867557110467127 0.0247893991849668 -0.0930857102172585 0.17434808499728
0.000383990799723275 0.0162441697788906 -0.134074975484303 -0.063777630467089
0.0207463582339681 0.0223580729642282 0.112657984722438 -0.394887271342185
0.0286348544630599 0.0273519985102484 0.541324229872825 -0.184608978573234
-0.0200261290359068 0.0329369106703451 0.587924289625366 0.543356124025492
-0.0394168102897388 -0.00361450535553238 -0.205661676600058 0.863313101893088
-0.00703677409279713 -0.00975515131463036 -0.600976775838566 0.331638943690256
-0.0138057291612693 -0.00929948438055467 -0.0639886679022517 0.10633090300505
-0.00962432430818293 0.0270049522593433 0.59296917709636 -0.205686656143575
0.0215345303927367 0.0180343028438051 0.337103069441242 -0.836475047278888
0.0391748519189473 -0.00138727841987478 -0.550292709307147 -0.671438956318739
0.0267505468154958 -0.0260284814594757 -0.648913348000446 0.15926555255968
-0.0130638550476424 0.00169033607985079 -0.121232093698911 0.424155327860766
-0.0157853931555575 0.0334873468615907 0.144470523149585 0.149652748700515
0.00146432954085341 0.0435395218809311 0.099979742347988 -0.180186669206932
0.0138531550458202 0.0241235264035268 -0.0984277170324039 0.171852168411575
0.0024027983931473 0.014258688898553 -0.142260437283802 -0.0624989969381456
0.0192434408674634 0.0236299340847503 0.105311814156708 -0.396904890801816
0.0267528582366525 0.0318811375909137 0.541613948364601 -0.200462834849412
-0.017546945316797 0.0329528192712813 0.607963543751433 0.524416951502067
-0.0359636085129865 -0.00755403211991539 -0.176583518095301 0.863375883565651
0.00115611851034602 -0.0154130933430335 -0.586761681774241 0.342406016231683
-0.00400342361192035 -0.0125894216220253 -0.0578468531691727 0.108062075648171
-0.0024920740418008 0.021355289828308 0.607362260875806 -0.195609508318954
0.0253167263926302 0.01281430211593 0.367856352779358 -0.832973363828151
0.0397927251184769 -0.00163790700348589 -0.527632517589089 -0.691907915805572
0.0235250162553528 -0.0206991024769776 -0.647657162791478 0.141458399509667
-0.017300750997323 0.00232479350596326 -0.1312124785869 0.420611061007008
-0.0152807152320904 0.0317675800878277 0.137965184830783 0.148838568593192
0.00665911553160376 0.043591678494554 0.0941542060793278 -0.183976033418482
-0.0237351566668414 0.0062364290458199 -0.0684122256232919 0.172193042034629
-0.0129340920300927 -0.0220946162828514 -0.122647943555342 -0.0949751427385814
0.0266694617880061 -0.0366569574184699 0.128409311845757 -0.380524421873136
0.0568094795905664 -0.000472399625204456 0.55097042599996 -0.114444749032468
-0.0132143031532548 0.0600069203434262 0.538415394379993 0.616083876183338
-0.0724237367966238 0.0318483833683667 -0.280605753071753 0.836975219757148
-0.0511196213616729 -0.00305009263233088 -0.594606178491905 0.277204572840706
-0.0526797744200568 -0.00986433914702268 -0.0194832729487331 0.0899581848553191
-0.0520795175899508 0.0429186699732059 0.59624164666841 -0.264441654030445
-0.00304077389847002 0.0570132281471511 0.250966295475976 -0.859034750200091
0.0546805225218909 0.0150428714269413 -0.609093978161981 -0.576854521885693
0.0469190252242295 -0.0595704990741067 -0.62394490966397 0.241108840487286
-0.0128496580733165 -0.0486671333562851 -0.101893769475658 0.42932220819076
-0.0307723535862451 -0.0048083028188715 0.149193765415745 0.11589879981576
-0.0257459764701361 0.0222366143481722 0.114129316206699 -0.187248039210977
-0.0232430849659492 0.00848926768898972 -0.0672156373254799 0.17680340405102
-0.0117567222380588 -0.0146282660534706 -0.116877901023007 -0.0913348424863422
0.0273823925143592 -0.0286677963806394 0.131630541872161 -0.380058232539673
0.0540559719470355 0.000763034076719515 0.547829241377872 -0.109769340595541
-0.0170614129407096 0.0562328554589839 0.526592880138518 0.619023325585205
-0.071609395421408 0.0305211868782733 -0.293000292006195 0.839952906441001
-0.0517921277414957 -0.000587137996824565 -0.60737349370982 0.278507738880592
-0.0540438493929326 -0.00643210755452845 -0.0317840299833941 0.0914295748342593
-0.0513456238761132 0.0454351796679563 0.586397475085728 -0.262407985885987
-0.00271072895174828 0.0551847018260005 0.240978912862766 -0.853663451990804
0.0518780658531762 0.0119349169664528 -0.617180930979017 -0.574286417352261
0.0453452260295715 -0.058521392155528 -0.627280000048542 0.241129561192799
-0.00977060206424664 -0.0420203738518987 -0.100298514900709 0.430210286291305
-0.0296838923978405 0.00336974616562831 0.154087189885012 0.121110290153756
-0.0263826501774363 0.024610706547933 0.116262942840392 -0.18367590642561
-0.0191868737718634 0.0124937745506025 -0.0680954699734701 0.178585310979322
-0.0098342373421765 -0.0051416906404665 -0.114523227848125 -0.083483825825539
0.0281591415891435 -0.0173074503980734 0.131729463857387 -0.379934648622225
0.0502468101092657 0.00255536111033564 0.544021413645133 -0.117535133266521
-0.0190545747516429 0.0512003973226831 0.526176902637973 0.611869178033652
-0.0685237022175638 0.0266234288257134 -0.292602042033532 0.843909866073038
-0.0478903491234443 0.00163848287843685 -0.615046236084173 0.284686095199832
-0.0534100809469623 -0.00328978619798726 -0.0442154892546917 0.0919531488660918
-0.0477735287482525 0.0463179358849765 0.577932311336338 -0.255427723263348
0.000873563594813442 0.050993960898152 0.241488614849182 -0.850965185569141
0.0483448948993413 0.00843040869723487 -0.617242599273545 -0.57976054086985
0.0434513020326349 -0.0539277514428941 -0.629780466988263 0.23573170825018
-0.00926866749699318 -0.032197219591186 -0.0987155547281431 0.43126610792437
-0.0263617590612758 0.0111093601297818 0.156840339352161 0.12689104912885
-0.0230677387113578 0.0286031559157228 0.115978796804181 -0.180837455435368
-0.0139881263534344 0.0165526118176224 -0.0707360704985224 0.179650165918985
-0.00679641379198108 0.00355831593405126 -0.116010580792969 -0.0764712155767757
0.0258006477496309 -0.00455070546956426 0.128524714449353 -0.383005998786533
0.0442346448751309 0.00732197815005958 0.544168762556854 -0.130858593295091
-0.0204113858909973 0.0452813219656547 0.532887889294193 0.599748482342238
-0.0610105227858533 0.0198963507208805 -0.282336137851704 0.849014088129153
-0.0398701776552828 0.000805094961847313 -0.617621129233382 0.295157416227936
-0.0464728868990211 -0.00181251463909592 -0.053511750561139 0.0948998232135429
-0.0404918198612933 0.0442145542411194 0.570854102782965 -0.245293990647046
0.00403182317353559 0.0438329500278939 0.252924256176056 -0.846422927031322
0.0449073577085713 0.00492890832574537 -0.610588581570198 -0.59633006362058
0.0379422626479431 -0.0476300116014958 -0.634396884235118 0.225518143018412
-0.00820893848887679 -0.0219858065328612 -0.100969204843985 0.430105254845349
-0.0229645073967071 0.0205061920924267 0.157218699627116 0.133184897744297
-0.0180973519220996 0.0330565348317002 0.113040920696336 -0.177496205681733
-0.00575843344713738 0.019506975738643 -0.0768745156777265 0.178487044024926
-0.00417180516079159 0.0112418892047327 -0.120596947809783 -0.0703043716805696
0.0241845000017739 0.00676695650035431 0.122918178463252 -0.38560856151601
0.0375839860793164 0.0138652160179824 0.542249673153382 -0.150818245772883
-0.0209405223949157 0.0409449250570426 0.548395867778534 0.580055598709939
-0.0537160623080527 0.0127456428442946 -0.26173971536176 0.853930184076326
-0.0302888738007859 -0.000120054370732755 -0.61499659477163 0.308546912217206
-0.0368717867794831 -0.00221234652444079 -0.0611620489168356 0.0988531910374317
-0.030634491470872 0.0392627060465818 0.572023946013039 -0.23349381962278
0.00935252391020743 0.0350629368478027 0.271520156258898 -0.840345680273591
0.0416467988582844 0.00208055438689391 -0.59583983984958 -0.616535903159525
0.0347269861791265 -0.0396668287316533 -0.638673275487594 0.207503485856891
-0.00938628104315749 -0.0120454081189751 -0.10502499928191 0.428746935352739
-0.0190664207496264 0.027286656081588 0.15555215000028 0.140231007103433
-0.0119795361426518 0.0365803154708584 0.109109522803201 -0.175485197769416
0.00262821103408411 0.0224048376041871 -0.0838458965670247 0.176634111669716
-0.00114452445521689 0.015373051150172 -0.125905731513853 -0.0654571810774874
0.0228620275316641 0.0173563571658135 0.116570446333144 -0.390335254163853
0.0320981044547338 0.0213285575834741 0.539148784382775 -0.16825887591536
-0.0207238614763159 0.0364972377956634 0.565843072226794 0.557312022271781
-0.0466356573111134 0.00486172679340354 -0.233712978468423 0.859848029846892
-0.017064454660652 -0.00447284102209941 -0.607363106555127 0.321765505135208
-0.0253869415192876 -0.0045841591461593 -0.065125575074488 0.102283386826113
-0.0194368428358605 0.0330531699401989 0.578770234664263 -0.220853205805418
0.0153544157067036 0.0265915423842554 0.302035914506942 -0.83773504248732
0.0399648694582387 -0.000846601995976076 -0.573341511906294 -0.642202172213527
0.0300871411976217 -0.0319934289039066 -0.641862840422516 0.184520524294198
-0.0108987972587972 -0.00355551137749706 -0.111455494324848 0.424110911290087
-0.0167072563191863 0.0319888626453317 0.149281369374424 0.144610722394007
-0.00439345581978857 0.0402787233294269 0.104135466840828 -0.177052403323748
0.00902914530806509 0.0239423816498571 -0.0908321251576209 0.174177679426381
0.000769175568386489 0.0161577014936145 -0.133156437016095 -0.0617033562141391
0.0213731350978847 0.0215047907124124 0.109083563126851 -0.395069190853364
0.0289235798176603 0.0271670833625249 0.5386605650868 -0.186622559903978
-0.0200274377446396 0.0342254763463718 0.586927185494259 0.534800917835137
-0.0398457444897172 -0.00354907075747198 -0.203165359177458 0.860372150444516
-0.00550457034435085 -0.00996667050209737 -0.595907331511134 0.332358918865803
-0.0136718021938157 -0.008932017907196 -0.0620809880728452 0.10506725691887
-0.00933927661441075 0.0269271552662068 0.588479912241369 -0.206799082473109
0.021086371454593 0.0189070157726433 0.332833777271191 -0.832933217095066
0.0382450761930357 -0.00168668840455515 -0.548801190957563 -0.663918475382379
0.0254962797623135 -0.0260280743236861 -0.643982210891101 0.161064962421713
-0.0136769048920734 0.00106366872627181 -0.120203184098887 0.422441685186247
-0.0143647722391931 0.03321271986571 0.144274139141964 0.147060351410894
0.00268518834078306 0.0430226574265989 0.0988459367079774 -0.17859023399224
0.0142633384965157 0.0234782991850417 -0.0974186205421605 0.170932201597469
0.00174150828767111 0.0137367191577874 -0.140534574969114 -0.061637801351111
0.0198078468590756 0.0221503511876116 0.101785010691412 -0.396079784471532
0.0257617481091745 0.0313278799252337 0.536455208724028 -0.201953361396678
-0.017878943615484 0.0348981418349223 0.606715847786821 0.514705236812497
-0.0358952009809199 -0.00764033239203926 -0.172485701405392 0.859585327875661
0.00134916585499024 -0.0150665094762236 -0.580653073493653 0.341938978059424
-0.00396667758253965 -0.0121767191136044 -0.0560874190680397 0.108847615802591
-0.000205206242685978 0.0208446424048147 0.599857846856924 -0.19804348491513
0.0244961535581197 0.0131540352312928 0.361876674797081 -0.828230975137867
0.0389711903480427 -0.0012212884861858 -0.526165773477616 -0.683296909098008
0.0237332445418781 -0.0207183409304775 -0.642672352201743 0.144388670432247
-0.0167876164391711 0.00213868698050945 -0.127070457324376 0.418558812253127
-0.0144497046431341 0.0332479333313351 0.137708538582722 0.147471173098998
0.00673381216387913 0.0436545706960716 0.0931374231684529 -0.182947594808552
-0.0236966401498659 0.0058206635405517 -0.0670999522504394 0.171868338835441
-0.0137419343966579 -0.0224491802047739 -0.120828337618388 -0.0942300561193826
0.0259620619053454 -0.0363646348777343 0.12617329642858 -0.380792101707537
0.0562417232582195 -0.000582953014299378 0.548201190024534 -0.117303414572853
-0.0138363071167923 0.0607069313091064 0.535737236226699 0.609603299117328
-0.0723610691600797 0.0312992971853422 -0.278398910929022 0.83369643895607
-0.0504995681852687 -0.00384307545468422 -0.590234229556943 0.278372202789941
-0.0518124735221165 -0.00950280840805836 -0.0199031049761748 0.0901799290477808
-0.0508215919310625 0.0427942004015567 0.593143235923262 -0.266281524151147
-0.00367645007032513 0.0568289486874457 0.247729328683325 -0.854188303905119
0.0550327500441476 0.0149321112420677 -0.60855163009492 -0.573242512804966
0.045953235093237 -0.0601497355331356 -0.618733372520922 0.243646521100406
-0.0120684985336654 -0.0485153322613604 -0.0993467005654659 0.42712939708939
-0.0304529676716954 -0.00304690652865713 0.149445606197731 0.115547009644526
-0.02442748121051 0.0218644871022934 0.113220861277288 -0.185582191536638
-0.0220597022965974 0.00826339057840709 -0.0656764234058421 0.175000750139956
-0.0116934146506001 -0.0142236076148278 -0.117087561143325 -0.0894150935339466
0.0276273689499236 -0.0286819359229317 0.129232793769549 -0.37945334466723
0.0538251398549218 -0.000787213194487137 0.545989669305588 -0.113298392362267
-0.0164857665347433 0.0570175240335097 0.52669821634553 0.61111748786665
-0.0706691788741732 0.0302169426201385 -0.288620596435947 0.837080856247929
-0.0508719583559077 -0.00116303176050719 -0.603941278190016 0.278133393064337
-0.0541227568081381 -0.00507693986863242 -0.0312756724424257 0.0902884096740733
-0.0513098741231017 0.0456811626985773 0.581373196887716 -0.261506183843556
-0.00238522354737704 0.0550027653309231 0.239267748460833 -0.850825187105989
0.0519748217729882 0.0115601371278969 -0.615819326926964 -0.571263182061208
0.0444272559244069 -0.0580815324487977 -0.621704546085715 0.243260799349252
-0.0104504378658913 -0.0423444230648176 -0.0962274463669804 0.428444805205601
-0.0289512473642074 0.00350041589602231 0.153742372202341 0.119874526640116
-0.025503036158084 0.0254358133969037 0.115815881069423 -0.183261354705879
-0.0189398186116353 0.0121450514485562 -0.0668864150443517 0.177923891376519
-0.0101761728740435 -0.00532963032845739 -0.114767324232231 -0.0829873156545407
0.027807317478611 -0.0171678804658625 0.128637629611854 -0.380641209924024
0.0501367442459292 0.0025555465986253 0.542243410880948 -0.118148895014714
-0.0186544614678254 0.0520846093175389 0.525337442098596 0.60500993989384
-0.0667318826699785 0.0267526521281818 -0.289679520311145 0.84031198475445
-0.0465530417126217 0.000717656333191895 -0.610805602341083 0.284770955195167
-0.0519807784595997 -0.00400719953273995 -0.0432586031393631 0.0923988780213565
-0.0477061528220505 0.0458990985785458 0.572233726563146 -0.254311331264697
-0.000222031333384595 0.0510446083318093 0.23655259235825 -0.84501828078025
0.0480509759502948 0.00898903410878954 -0.61612022618869 -0.575978293505521
0.0424742457822582 -0.0551820567017088 -0.624978094801252 0.238855434241388
-0.00852306492551995 -0.0321209960427096 -0.0967265048701569 0.429594353747874
-0.0261194249926396 0.0114828378333005 0.156752182937084 0.125895971115914
-0.0226332781301001 0.0286225006873526 0.115162568845213 -0.178427788444452
-0.0126053590491118 0.0155997203219491 -0.0696882030001624 0.178366599534606
-0.00702981817935459 0.00404524936662256 -0.115133161916328 -0.077005489331161
0.0264503545589641 -0.00508472622241262 0.125464416566307 -0.383992149534552
0.0440455451672469 0.00737312156679211 0.540323627295691 -0.133199276234544
-0.020969258216455 0.0461375210762837 0.53172216047561 0.593432306618089
-0.0606942711132025 0.0205130111516415 -0.278632300487766 0.845424643037735
-0.0391807410130548 0.000964402907038198 -0.613088764241799 0.295157623461151
-0.0457232625657571 -0.000930134568021863 -0.0533908095429712 0.0943397512192496
-0.0397753776545317 0.0444708208609573 0.568186132351949 -0.245393981238678
0.00371855352237852 0.0432286529238106 0.246421726641994 -0.841998974216746
0.0447113512421905 0.00518088946635838 -0.610345232005094 -0.591502382647465
0.0383135016027194 -0.0475655890766187 -0.631037282642532 0.226875254956356
-0.00806980001484505 -0.0216579019646203 -0.0970848236021543 0.428770445481577
-0.0220870814710532 0.0205254204817607 0.15735911055337 0.131790909582428
-0.0165391653036744 0.033233409397844 0.112262229492645 -0.177718541395629
-0.00494018550913136 0.0184676120842959 -0.0761315779152582 0.177942895616182
-0.00490544685629417 0.0112459849342651 -0.119100103350298 -0.0697825241402627
0.024541176088848 0.00673406810895607 0.12059619168238 -0.385843275655521
0.0380915128366386 0.0125708247389643 0.538539614981319 -0.153775308498853
-0.0206948870249769 0.0414136154872693 0.547576096261049 0.572461536540307
-0.0534872859344974 0.0120975484210115 -0.259013429533362 0.850640651117978
-0.0294485590348996 -0.0011924439993634 -0.611049038428009 0.308370128091138
-0.036213796090054 -0.00193266478973648 -0.0604361485750306 0.0983102513344
-0.0310022622838023 0.0393254653205216 0.56608583586427 -0.23270563533714
0.00900445199445467 0.0341933603664993 0.268186521482144 -0.836185470007943
0.0412513241594568 0.00204711591179677 -0.594229498947024 -0.611366913344748
0.0338455103460024 -0.0402668185957265 -0.63444775003009 0.208855779466019
-0.00853770000079731 -0.0117142507943798 -0.102828104401735 0.427704322352406
-0.0186206017069453 0.0277553779092675 0.154812878126013 0.139246927255412
-0.0110658493696072 0.0365661662278165 0.108460255125577 -0.175573426090309
0.00270923556944578 0.0216146931511349 -0.0820299946028833 0.176389126060297
-0.00164720297713185 0.0154043977914102 -0.124846475337446 -0.0644187445896886
0.022414782246922 0.016334179823388 0.114635976679296 -0.389851282619715
0.0323310456892234 0.0209118285446305 0.537522167933001 -0.171050019331707
-0.0209599878786679 0.0366998513804201 0.565389917539809 0.55136916917435
-0.0455948901725769 0.00449644565255512 -0.230751520760297 0.855625527705581
-0.0173934441595299 -0.00524942887216158 -0.603754052201404 0.322918359353266
-0.0246038201123988 -0.00434064109357066 -0.0631339054883212 0.102044138231058
-0.0199932653776464 0.0331873854204002 0.573820931165711 -0.217128458987925
0.0147929089052696 0.0253521561688301 0.297705271438145 -0.832610719744346
0.0388044269376936 -0.000155451325997323 -0.574485760306283 -0.636852735256367
0.0288396428892354 -0.0321101270464864 -0.638182628185505 0.186471313721669
-0.0108197405653427 -0.00330238505326512 -0.109254697170403 0.423361137743331
-0.0161069451467023 0.0324361760410845 0.150631558353412 0.14347733759011
-0.00412329862121922 0.0400661341648887 0.10296758080972 -0.176558256607755
0.00931867151348941 0.0226999790420694 -0.0900471893979154 0.173788405003056
0.000434235047260474 0.0162570323553889 -0.132290648587183 -0.0618526500818297
0.0210382556219854 0.0209242420195467 0.107551285033345 -0.394740286467019
0.028642605358986 0.026722441897619 0.536114047467745 -0.190053821722928
-0.0199194593620535 0.0349176351302178 0.585975520171339 0.528644471831407
-0.0397299231620828 -0.00268311684258444 -0.197479655085742 0.856588396077937
-0.0057885531570262 -0.0104984842149763 -0.591188133398676 0.332259363903538
-0.0134191322882028 -0.00805505027677179 -0.0611060645716458 0.105237208544689
-0.00931482703275311 0.0266168472036255 0.583909778036227 -0.207306157076
0.020684941862626 0.0181849404734206 0.32569945554295 -0.829825318387571
0.0382617293707647 -0.00173197036999302 -0.549649781716395 -0.658308337174131
0.025404769523887 -0.0262994258065227 -0.638397181774714 0.163365164494638
-0.01316243222607 0.00153869594553379 -0.117002517610499 0.421186551346017
-0.0140652934545772 0.0338809102361313 0.144911643860331 0.146366164642326
0.00268686020581347 0.0425894584708747 0.0980092118901667 -0.178510956982115
0.0155888140204597 0.021690382322068 -0.0960886023332806 0.169934931227514
0.00157034471530811 0.0142259267113944 -0.140052205141703 -0.0600112811097422
0.0189551894662767 0.0220798005049395 0.0982287649656655 -0.396450771584749
0.0254049431678313 0.0303915429522055 0.534353594056763 -0.20442592578637
-0.0177300472766637 0.035381424087488 0.605374877764396 0.50799738315874
-0.0356796479023984 -0.00686839819282053 -0.168247794935829 0.854960804610556
0.00250056370094975 -0.0154735515357031 -0.576078177683859 0.341796327159958
-0.00378734174853453 -0.0125662890004684 -0.0564197014575592 0.10756049720887
-0.00123114699030815 0.0205015304960979 0.594419639095994 -0.196695089909509
0.0249246779117619 0.0131433508534538 0.358673272254019 -0.824475839159831
0.0387707528474644 -0.00270225370207984 -0.526494311282844 -0.678018452413072
0.0236881396893483 -0.0204073474307241 -0.63784863918364 0.147759583260046
-0.0171580172813509 0.00216625116529543 -0.123518873466139 0.417495176552349
-0.0140745981691412 0.0329736223649615 0.137283128585025 0.14665921472887
0.00798319545174151 0.0432317233218738 0.0914267862230275 -0.183309603494581
-0.0226360269918634 0.00445731230444738 -0.0666671361107372 0.171218657990293
-0.0147404524994194 -0.0217935485638825 -0.121097212524155 -0.0937198193580147
0.0259438010983591 -0.0370624328595984 0.124208165498061 -0.381039579018386
0.0556202926945507 -0.00177416547050095 0.547154575148271 -0.118355569994106
-0.0130482026188902 0.0615282585663093 0.536562078534429 0.605511479235118
-0.0718260964744551 0.0313763698727615 -0.271950562289559 0.829232398196998
-0.0499238923744135 -0.00470892201608048 -0.58795873504804 0.279375279472455
-0.0517915929659798 -0.00902041383394545 -0.0187357947682523 0.0897351882827132
-0.0509137552386688 0.0423530949731199 0.589242972699577 -0.263074465663287
-0.00385047764535756 0.056480160065499 0.246068511676756 -0.850856394232295
0.0545108355922764 0.0150862234060916 -0.606821692821805 -0.568485743666176
0.0451508963840452 -0.0595901811484675 -0.61564781085584 0.2443163742247
-0.0129909816516846 -0.0481757968029826 -0.097451439568643 0.426170581442011
-0.0299466742480025 -0.00279770639897154 0.14903886117761 0.115002989896354
-0.0237981262133309 0.0218920582680651 0.113359332411196 -0.185867696315166
-0.0224379736334819 0.00697521867374705 -0.0647778050636948 0.175089284335732
-0.0120036517274962 -0.0143760426532756 -0.115507341929968 -0.0899720801997885
0.0278692928559267 -0.0283004923273378 0.12690655010458 -0.380076116904168
0.0540690635832305 -0.00110135009219992 0.543622679452195 -0.113635134962098
-0.0164211621955656 0.0574738838211373 0.524600083518641 0.60655445848292
-0.0703122049096659 0.0293829615120547 -0.286242259221088 0.831583557580357
-0.04981676470934 -0.00135270610824207 -0.601591208736424 0.278049660128517
-0.0535139685090485 -0.00576887978611281 -0.0303867100276999 0.090853281971277
-0.0502664185494856 0.0450407972061192 0.57749068463178 -0.259947572555136
-0.00211805302526267 0.0547557894405239 0.234698238965212 -0.846500846904798
0.0514464089904793 0.0118242735891405 -0.61363991452118 -0.566242015115575
0.0438944453484614 -0.0583123005623776 -0.618661635853922 0.245397799861437
-0.0111331838266799 -0.0417417780506147 -0.0953577678558036 0.428747634002554
-0.0282581918546431 0.00445610565153894 0.154393037022413 0.119770880935751
-0.0242431855129032 0.0242918515024017 0.114597073274533 -0.182324900131589
-0.0188687825180634 0.0115184319625202 -0.0661710800856772 0.176285277687104
-0.0104219046804064 -0.00574382826149524 -0.11371347618552 -0.0824193281609183
0.0268395436780672 -0.0168274631569957 0.127661267782566 -0.381525495146368
0.0490349201988427 0.00266255613234081 0.54124553161176 -0.120996447296874
-0.0187941046493248 0.0531224086898526 0.522074434487174 0.600490761334161
-0.0672756161686859 0.0255997359028674 -0.286609541030918 0.836869335926413
-0.0464906595550347 0.000748447640731714 -0.607978273512639 0.283049004288513
-0.0515110336506978 -0.00263281984113547 -0.0431424095268183 0.0917383790619169
-0.0464183617939379 0.044886779472246 0.568419058065928 -0.253759338970257
9.38809409900751E-05 0.050293115040521 0.235352790437487 -0.84298415327931
0.0477275199115443 0.0081127489502811 -0.614218272481194 -0.572985995094482
0.0406718963538548 -0.0537491331648103 -0.621349296396357 0.239998571541579
-0.00920813185319028 -0.0315555633174581 -0.0932440167546336 0.427948490464322
-0.0255850197647203 0.0127807524846089 0.15678274294642 0.126080757896485
-0.0212939616246229 0.0292051044263414 0.114333365953173 -0.178267710009687
-0.0132780588358832 0.0150334129843891 -0.0689777301520774 0.177036344144112
-0.0071140128375151 0.00425312134374696 -0.115079417830569 -0.076716726871483
0.0262786175142294 -0.00560221704353012 0.124427693310046 -0.382509118505221
0.0437259595292806 0.00723987149031039 0.539516799024435 -0.134406523281331
-0.0200684103089057 0.0468792803787102 0.529602747715465 0.589612494765033
-0.0603224138013666 0.0198430435610455 -0.279169534755309 0.841942734641831
-0.0383939330984731 0.00110337195178799 -0.61034512622555 0.293770107808477
-0.0453839772192005 -0.00145650406539077 -0.0524446296522725 0.0944153194425515
-0.0395851620467476 0.0427399813703072 0.562977682582332 -0.244983892895863
0.00400889035124136 0.042857295675791 0.245405076749071 -0.839569453256092
0.0444251711214223 0.00518759063977558 -0.606843202698766 -0.588090621445781
0.0366810224270542 -0.0477128573610291 -0.62712380305339 0.227277551226709
-0.00851729922532385 -0.0217530569733521 -0.0952813360772485 0.428222763908272
-0.0219291246152504 0.0202889377537536 0.15665138465973 0.132215006128152
-0.0164721307984534 0.0324806886381511 0.111685524749917 -0.175662245249004
-0.00538281953152195 0.0179579561098003 -0.0754744162784633 0.176112674130847
-0.0049561538815176 0.0108197304268373 -0.118354816593164 -0.0694745029880099
0.0238884913343729 0.00606124672006061 0.120259123354051 -0.385952675989
0.0378696263473806 0.0124392029324699 0.537043202736198 -0.1546111419213
-0.0207136188775311 0.0421660391300637 0.546191818416123 0.568657895894774
-0.0531782735588372 0.0120885233027132 -0.25417219659261 0.84813119620018
-0.0282671094081085 -0.00169275305274972 -0.60687591974511 0.308030227273096
-0.0359849175263464 -0.00186787214882076 -0.0602857489693466 0.0981578301766643
-0.0299496807778791 0.0391380019213147 0.564418002516876 -0.232784702983234
0.00909210507481481 0.0342975153908823 0.264137378918202 -0.832248282512455
0.0418101069204198 0.00174908134415784 -0.593608995496935 -0.608414325634435
0.0321979913162424 -0.0399358285016768 -0.630804483407398 0.210138742685912
-0.00907675421794085 -0.0121889416398433 -0.101419581530428 0.427295516544922
-0.0177192711714786 0.0278601502848649 0.154960069861704 0.13836451431185
-0.0100796911314228 0.0370265067762006 0.107943997755204 -0.175312046212069
0.00293451879478304 0.0197521797617167 -0.0817338070845818 0.175515700788108
-0.00202722669600853 0.0154485509957632 -0.123862975183056 -0.0650997169958828
0.0221773752271963 0.0159562211939025 0.113304746477411 -0.389097378517911
0.0314328197218184 0.0200836960142616 0.534225810278867 -0.171907674765851
-0.0202914463501494 0.0372713457193217 0.565726822382767 0.547589524462816
-0.0457140552988874 0.00445433242728899 -0.228089652636272 0.850738503061539
-0.0163536256623456 -0.00593986779140164 -0.600642944273909 0.320332020207579
-0.0249307751693324 -0.00434285458898019 -0.0634188211711169 0.101696960315437
-0.0198034489884892 0.0323583696983304 0.569922127770735 -0.217515882088079
0.0151250378984597 0.0244808975753113 0.294353992886845 -0.829520171852365
0.0389282026436948 -0.00186476871941722 -0.573169126287947 -0.631872718424136
0.0288357136095866 -0.031920315685837 -0.635557231954553 0.186815617841896
-0.0106971276569809 -0.00354462303113345 -0.108313642065298 0.422193993056852
-0.0159336686038256 0.03238239767766 0.150491165106496 0.143582044151313
-0.00349415491333064 0.0393743485272027 0.101143157884343 -0.176389602796352
0.009943145624391 0.021423261072118 -0.0891577418312876 0.172227158268605
0.000632238423427818 0.0158520222768625 -0.131261755463286 -0.0613200905144657
0.0207815692241556 0.0212608260963578 0.105619843249258 -0.39325055134602
0.0277036047474259 0.0258726732974028 0.532528800862013 -0.190818064424415
-0.0195013068914191 0.0359738582219264 0.582817679069504 0.522839137879317
-0.038790717798082 -0.00279919921907185 -0.196108402465733 0.852933718545938
-0.00574551464326322 -0.0107969552102459 -0.588425459897994 0.331226834208967
-0.0134450372367181 -0.00751457109035179 -0.0611278803384042 0.104537091371799
-0.00866677085454872 0.0256786924280132 0.580356368651554 -0.207314449806288
0.0198313234724619 0.0177186390051754 0.323696206581361 -0.825080777115278
0.0381910707204842 -0.00248640624075461 -0.547329000144495 -0.655668847636014
0.0242271359977066 -0.0259084140102951 -0.63553167933538 0.166438635861084
-0.0139760389450328 0.00163782128669046 -0.114271281546734 0.419391580127868
-0.0140219812968324 0.0338258076992183 0.144430949769983 0.146310147343184
0.00371175173524612 0.0429545527099319 0.0976993188680365 -0.177932768961734
0.0150348043506876 0.0211199464869839 -0.094793586074018 0.170473933349793
0.00103715795774325 0.0130629082613447 -0.138915426900616 -0.0606557736091143
0.0182549137895617 0.0218567273111066 0.0976307084044985 -0.395002179578549
0.0261283565669509 0.0308451856306828 0.532728438090377 -0.206951991397822
-0.0172885956056103 0.035476742984745 0.604888090792101 0.504159319969803
-0.0352990556921415 -0.00781362787937804 -0.167377159807547 0.850686909571514
0.00276976689970852 -0.0158366948374849 -0.572270765729758 0.339108882579342
-0.00354415002386486 -0.0125294499154428 -0.0559085642560761 0.107696758422414
-0.0013735307942256 0.0205041307544029 0.59232795733153 -0.19646178448795
0.0241669219019536 0.0132750174551064 0.356116060332606 -0.820424445546735
0.0389577986592871 -0.0015807890242132 -0.525084204008332 -0.674123691060491
0.0229643390551867 -0.0209338283936471 -0.634792112521772 0.148742928364936
-0.0171839320023906 0.00200793050794559 -0.12108886074728 0.416428247777378
-0.0140608250529541 0.0334001160121898 0.138063233157774 0.145992937765512
0.00840308587244609 0.0427637457073644 0.0911318551315421 -0.182276694727491
-0.0220126917504324 0.00405414365420578 -0.0665412754877604 0.170311277920894
-0.0144493829520506 -0.021371608571775 -0.120432253683192 -0.0929769903572237
0.0252797030950086 -0.0368216368325981 0.121956443536892 -0.380590607816177
0.0557027589369566 -0.00176771796575374 0.544555063072771 -0.120960874995105
-0.0134883379860143 0.0621418323534575 0.534533285689706 0.601944808946869
-0.0719133490242842 0.0311673902878824 -0.272262842826061 0.826363074487997
-0.0487537994162277 -0.0042739614886314 -0.584943659618813 0.277601595098841
-0.0508700385489443 -0.00921510772439248 -0.0195271273002591 0.0893375959261298
-0.0505170970516978 0.0412216728369738 0.586069325761504 -0.261511788945525
-0.00347038226473295 0.0559156983864181 0.243409249681091 -0.847649035086438
0.0541570697429956 0.0142403612277781 -0.605806233618908 -0.566209580068158
0.0445927583107631 -0.0594840254782485 -0.612214386566462 0.246419165092945
-0.0130751263776526 -0.0484505769352352 -0.0959074854206565 0.425128812667745
-0.029359790650886 -0.00257431655708121 0.149873776308755 0.114313954818637
-0.0239651405240672 0.0221383886546726 0.112112199925169 -0.185161577509864
-0.021578225763453 0.006692998774535 -0.0650273524393312 0.173173520125733
-0.0121291237709112 -0.0133519570936934 -0.115671590032527 -0.0885631860957172
0.0269535389238269 -0.0293579433874334 0.125282535815863 -0.379320894776557
0.0534390309857936 -0.00113865459027034 0.542568165418039 -0.11645762563296
-0.0160277453324262 0.0591212435838163 0.524243116582283 0.602757686511695
-0.0705567542424541 0.0292675652509473 -0.285148011185999 0.830651074429506
-0.0491420710083938 -0.00157569400289845 -0.597270978337462 0.277937360551216
-0.0528118120699522 -0.00576608388552101 -0.0314438288303592 0.0893911507706165
-0.050183289861016 0.0441577737453157 0.574427153917371 -0.258625560726234
-0.00302300072698659 0.0541861929369397 0.233683389253807 -0.844539845329397
0.0523564560003243 0.0115649302661128 -0.613291232539119 -0.563621650523823
0.0435455523688312 -0.058399505008583 -0.614778735872716 0.246281139634139
-0.0107401537356584 -0.0415640640572586 -0.0932269478811183 0.426961287383649
-0.0274658761751006 0.00485368375943306 0.153307680310324 0.119114775380562
-0.0240016773982986 0.0250725922621543 0.114686007659733 -0.181680858981637
-0.018482695711997 0.0105127176220888 -0.0657863626248021 0.176687963214546
-0.0105440260178898 -0.00398477275726974 -0.112994366452928 -0.0828746132092804
0.0273770396936475 -0.0178833080726361 0.125361151156621 -0.380854029869164
0.049519488748446 0.00167235312732644 0.537651517946859 -0.123563004223583
-0.0183825219783384 0.0534330294037815 0.52154912672308 0.596909587851752
-0.0665578934311035 0.0256911203059397 -0.286181810876706 0.834224803617673
-0.0460974646234323 7.23254823126462E-05 -0.604500937001139 0.284239525840382
-0.0519345132947984 -0.00282879521321734 -0.0432880328752812 0.0916119330973669
-0.0462859621560978 0.045639765048487 0.566644998679994 -0.252882294389076
0.000157421968911699 0.0498875456539884 0.233640484521806 -0.841081237457476
0.0481188875866167 0.00796673657394995 -0.612269286166424 -0.570117162012098
0.0407319002215399 -0.0538275351454925 -0.618646748563498 0.240207558720761
-0.00967876488059731 -0.0315744221487762 -0.093161970569375 0.4284406488285
-0.0250488084079416 0.0128314590684681 0.156884811519163 0.124848191149654
-0.0212197271144575 0.0282767717042533 0.11460166897841 -0.17805616122115
-0.0116207804756201 0.0141556977520002 -0.0690104353565022 0.176675263178513
-0.00714426747523895 0.0036702933733531 -0.114096828749779 -0.0756819027158467
0.0257764059248093 -0.00561207990728014 0.122824124581391 -0.382263399407517
0.0435769159004305 0.00626196880849845 0.536492532097793 -0.13751057175275
-0.020106215578867 0.0480016942836282 0.529265470914686 0.584123038455503
-0.0599742704420915 0.0199745921881982 -0.275985548674829 0.840349769299449
-0.038322499611227 -0.000209493202568228 -0.606999109443925 0.293634800109844
-0.0450047933934146 -0.00159324454957272 -0.0528523122022094 0.0945625301457695
-0.0391839792664898 0.0425736998781534 0.562077539988067 -0.243339918791719
0.00390158842585404 0.042405375557105 0.243845001767079 -0.837446275230296
0.0448824409411904 0.00471449600745197 -0.606874718750057 -0.584731270218686
0.0367264141597661 -0.0478606390858978 -0.62478392918983 0.229682947819148
-0.0087281078838285 -0.0217914922017511 -0.0932562827024453 0.42739314026706
-0.0213636460100619 0.0208993498359132 0.156713261808084 0.131333481881125
-0.0161962232889812 0.0331693121073713 0.111186022033481 -0.175745913280254
-0.0051659369339033 0.0172537079020691 -0.0745694637648463 0.175953177960037
-0.00455744975149454 0.0116043716973868 -0.117730149132586 -0.0696864795783547
0.0241436514313182 0.00623375697409882 0.117382807783842 -0.386017903556805
0.0376041407632705 0.0123926003047889 0.533902692090554 -0.154939957179037
-0.0204620778014954 0.0433734053614838 0.544806941789951 0.566788066888394
-0.0523636465202078 0.0124062084439446 -0.253142299688249 0.845641501444813
-0.0289109249283996 -0.00235296412607402 -0.604814954732218 0.307646485239861
-0.035402914682307 -0.00184453335304321 -0.059954772020676 0.097529923465053
-0.0298774590822272 0.0381121117921059 0.561331935600661 -0.231128669164474
0.00917039514300387 0.0341667374838946 0.263913690592487 -0.831420487993865
0.0417513651447364 0.00200708894941343 -0.591427337719058 -0.606119943172185
0.0322637848732665 -0.03994828078861 -0.629325982678479 0.210484277614593
-0.0088567145452899 -0.0118771568373385 -0.0991582083387406 0.426201946100697
-0.0179253995220354 0.0275871161853451 0.154287844616787 0.137679231852347
-0.0092194703903402 0.0368245036410015 0.107316455239012 -0.174019900290195
0.00314000480837688 0.0196768191490111 -0.0814246285951619 0.17442228853911
-0.00129732669570154 0.0157781545510377 -0.123133709724359 -0.0643753380167129
0.0219361952867728 0.016279349941111 0.111343478455104 -0.389840054139263
0.0319200121508372 0.0200942696948785 0.532952807887796 -0.173759936285812
-0.0209246308599048 0.0387525118051167 0.563696442026614 0.542789366524755
-0.0448732253941554 0.0041647372343889 -0.224556946267475 0.849971939857048
-0.0165659182087426 -0.0052005106155288 -0.59806554133609 0.319783478215955
-0.0242362655492372 -0.00393190743086089 -0.0628183712702912 0.102040801956419
-0.0192156897505351 0.0321429910544873 0.566597355283071 -0.217016915024354
0.0146296271822456 0.0245081816849749 0.292944060020931 -0.826398367519777
0.039155474090565 -0.00115911997821774 -0.571093269887133 -0.628444610061679
0.0277213341226406 -0.0320402373833587 -0.632134445448153 0.189247328956041
-0.0107276394711121 -0.00358683600968409 -0.106202982282298 0.422241045652777
-0.0150904149703782 0.0332497405061829 0.150180227944788 0.143331612214336
-0.00248839781021653 0.0406568353515532 0.101539063417356 -0.175062619394275
0.0106722721647226 0.0201967524423298 -0.089537034442027 0.172994234131543
-0.000100660821665136 0.0164273397369508 -0.130527681119311 -0.0616473449861255
0.0199930606677213 0.0209329519002327 0.104001043479935 -0.393284176213207
0.027623027030892 0.0257221580349721 0.53123724663022 -0.192331819172599
-0.0196399352888766 0.0360376487999651 0.582565152655289 0.520599101535203
-0.0392704095816613 -0.00273912153466971 -0.194993814810878 0.849560074347259
-0.00525186152562062 -0.0112180618489926 -0.585813679237913 0.330847922065224
-0.0126465075648946 -0.00769590179430902 -0.0617950828143428 0.104858677143324
-0.00859157188665646 0.0257424327068773 0.57794329385081 -0.20272859534054
0.020103394166736 0.0174716456770258 0.3240576611501 -0.82340631455323
0.0376499245125625 -0.00194252078212771 -0.547182609495373 -0.650528863110933
0.0238931497342022 -0.0260985147138029 -0.633125682942273 0.167697226080252
-0.0131966148460945 0.000801479643314708 -0.112955333200648 0.419243253797987
-0.0131630059569658 0.034513680659611 0.144177455254597 0.145003572802264
0.00433573127477665 0.0429712302891084 0.0973237153276202 -0.176858324882036
0.0148749914192031 0.019851063372066 -0.0941558260961664 0.169336063670421
0.00101905746189171 0.0135203895934524 -0.137859066985037 -0.0606986991177396
0.0186008666752084 0.0209464822329908 0.0954451881059745 -0.395525070207157
0.026073193481456 0.030186163898322 0.532051935224433 -0.208329500233861
-0.0171162428790275 0.0367398717710743 0.602081267657911 0.498543490642153
-0.0349085215599327 -0.00782391696236765 -0.166641002605322 0.84979439845422
0.00305571148153411 -0.0164640131193178 -0.571889703834385 0.340311717172702
-0.00320193894255062 -0.0118706638014598 -0.0551810523280483 0.106702295935214
-0.000803998607693932 0.0192804127280494 0.588733683702921 -0.195204394298283
0.0245314129712558 0.0118072957913527 0.35293083056191 -0.81925235088422
0.0390356480663384 -0.00244444043087476 -0.523757076412913 -0.671707428616909
0.0219157108156425 -0.021015711184903 -0.63353672328394 0.149627033337235
-0.0178086471964774 0.00246512911930868 -0.119895439462963 0.415149301492887
-0.0132052359610633 0.0324080343804845 0.137067594833228 0.146304488181801
0.00886095924567553 0.0433631305751613 0.0912372747847807 -0.180845714514136
-0.0204265872836124 0.00751109683026931 -0.0359954804434734 0.185382599215819
-0.0199455590192993 -0.0161392904659673 -0.138450914920713 -0.0733605764256242
0.0142485483569291 -0.0423885673492622 0.0542766857810242 -0.405097228451499
0.0569704729743448 -0.0200536588991568 0.527493176597851 -0.217577570585808
0.0109616039520827 0.0593873573695149 0.64478779167805 0.498721088506128
-0.0530036805768618 0.048258920941722 -0.125697442074869 0.871070766436103
-0.0491490885088623 0.00903172265784439 -0.52894481713135 0.372611653579446
-0.0503154486103294 -0.000153771950919796 -0.00187452824052974 0.091876917251792
-0.0361383036097889 0.0463408241877975 0.537089514626347 -0.371381243296169
0.0114897038310976 0.0470152662359192 0.0788425888827403 -0.905894230972056
0.0495071381677231 -0.00468005535617149 -0.721037710348436 -0.446880407496363
0.0217441506286543 -0.068130893842913 -0.563295601346655 0.372810531882239
-0.0258419181823965 -0.0400359720924591 -0.00782065054495566 0.448897445043129
-0.0289709003118253 0.00705584884889936 0.176424945372953 0.0831400344982465
-0.0155578521450291 0.0242044211641731 0.0786371982836094 -0.208593390535767
-0.0196933808024926 0.0104987069612886 -0.0336353429090037 0.188787052204882
-0.0157132858100896 -0.00957300162859567 -0.133382640246495 -0.06952012764759
0.0174823462869803 -0.0344649740109134 0.0572441833242139 -0.404675381789934
0.0549749978980289 -0.0184490493032388 0.525400595066213 -0.214138598424665
0.00699483879957049 0.0572045636984559 0.634063983759561 0.504005200256672
-0.0527153628385234 0.0463321049566913 -0.136644636774131 0.877097502396223
-0.0497399499859007 0.0126836635558573 -0.543407612976453 0.373680029327883
-0.0510981546106124 0.00456318430573442 -0.0136128492362758 0.0924214494309068
-0.0351779183277197 0.0475136398486123 0.526419555368333 -0.368406627090103
0.0122096291016171 0.0458815758036627 0.0682320749168887 -0.900694467393292
0.0457022489820876 -0.00766247887995554 -0.728681576527009 -0.441270416883962
0.0201047486147288 -0.0668158058430035 -0.566248688596024 0.373427660246178
-0.0217420049207424 -0.0340939282497733 -0.00535229297212676 0.449412510698112
-0.0255554802544903 0.0147808238339125 0.181804985442413 0.0859728779517692
-0.0155344697727458 0.02765983613462 0.0814420355447008 -0.205357973355933
-0.0159858291480155 0.0121396565773683 -0.0336539301924886 0.191527862278224
-0.0124831437760618 -0.00120768147865096 -0.130051634214186 -0.0633336326869536
0.0199170362153875 -0.0248709854159348 0.0561547805246473 -0.404917183450525
0.0502972238159193 -0.0161993864100768 0.519778634557415 -0.220441298996128
0.00422820523451396 0.0534844888742137 0.631344570863715 0.496046075974843
-0.0494337760709662 0.0427979668625617 -0.137007526874449 0.882872906117345
-0.0459823715471533 0.0134980173095416 -0.547801461951838 0.383708289021766
-0.0494583169895647 0.0071274736713943 -0.0253054767850738 0.0973709612637199
-0.0310605758887719 0.0478773696435968 0.517357869998461 -0.360200040352231
0.0132715186916007 0.0405758311166698 0.0687500892927346 -0.895884288596102
0.0428611464171247 -0.0102271807255301 -0.729958582429183 -0.450044487367903
0.0179102588643555 -0.0632066168848859 -0.570435222431283 0.368838778257845
-0.0194571194101655 -0.0254676119481435 -0.00462363242991213 0.450410436531033
-0.0217065677579815 0.0212509509307535 0.184983772444461 0.0921931227730631
-0.0115074836238964 0.0298770611700346 0.0809861574698207 -0.202310563266258
-0.00910784234363719 0.0161853888607327 -0.0357863332478885 0.193529319616704
-0.00751363522744445 0.00676903319143874 -0.130289060381237 -0.0560577185507527
0.0202737411808175 -0.0129397462928376 0.0520625189163783 -0.406674389215188
0.0459545583052325 -0.00961223381614626 0.51393353219594 -0.234393522409247
0.0024687274674415 0.0471452469601723 0.63608565144283 0.481649440936533
-0.0438195570933869 0.0346379194245154 -0.126240377839874 0.885373950923121
-0.0380595640343177 0.0118660304897839 -0.549261059165922 0.39416551554458
-0.043184650386529 0.00658787771147177 -0.034435176800143 0.102566331712779
-0.0256128176626663 0.0450417815232936 0.516100198084197 -0.348850725967983
0.0166351856102479 0.0332126268442918 0.0790809129728545 -0.893925883016019
0.0380949918007883 -0.0123503195331047 -0.724527814975355 -0.463089746711471
0.0170584164591128 -0.0567374541724329 -0.579334429677508 0.358710648862663
-0.01677700289316 -0.0152016608227806 -0.00690006567101076 0.449498612699989
-0.0155009858021549 0.0287862550692335 0.186491576344842 0.0979654997364738
-0.00647713220621356 0.0334776933402545 0.0777249731939193 -0.199608114030591
-0.00205665569605267 0.017008253082364 -0.0419856695074202 0.193505815250039
-0.00311947565843391 0.0129516473682253 -0.133345250453492 -0.0493068759836552
0.0212713124381715 -0.000986015923061307 0.0465393749557065 -0.408079791579183
0.0410985318042551 -0.00285451294806823 0.50915660269808 -0.252847791268122
0.000565960743996473 0.0427366759779679 0.64807943191922 0.460917333290829
-0.0382237706656955 0.0267476762502413 -0.102177421084383 0.887487362911784
-0.029429799911356 0.00850758697226894 -0.543479652666563 0.409080334006728
-0.0343790050814884 0.00506419100844688 -0.0398803521841197 0.107361293260705
-0.017456840254386 0.0390334260919656 0.517674984676754 -0.336797422452254
0.0195444427896689 0.0243511434808894 0.10395257624332 -0.890400923022547
0.034812170498782 -0.0148364976439464 -0.715026346823167 -0.488059401958102
0.013840405457223 -0.048544955448525 -0.586408128668349 0.340249606603412
-0.0145748907118635 -0.00601651345508862 -0.0123398263778837 0.447865252861425
-0.0117591991447375 0.0346861294329171 0.185084701058336 0.104626465672118
0.000743655356983489 0.0367255268407819 0.0743829592493673 -0.197113208051313
0.006939524228644 0.0178345189484993 -0.0497284593313936 0.194769634776316
-0.0002634057787976 0.0165128120094028 -0.13843551857749 -0.0415523943731621
0.0217129616932605 0.00726011895990283 0.0365312854562421 -0.409349991182592
0.0375709849206288 0.00492250728987884 0.503001903279971 -0.27070841203353
-0.00128189193474042 0.0384301335320323 0.663408397170862 0.435019254981612
-0.0321934461104016 0.0157632170443037 -0.0732451262900997 0.886075660927909
-0.0165578492268015 0.00306890240155514 -0.532978791986847 0.42030351483745
-0.0239669002940265 0.00129542075927938 -0.0430676943038566 0.11225850182163
-0.00793262510851626 0.0321405564650247 0.528017801882422 -0.325291486662656
0.0233471507440509 0.0146118387139594 0.131919617089863 -0.89146671141849
0.0331773791548542 -0.0174799038688405 -0.697570385245364 -0.517350408106155
0.0109584191780222 -0.0406057657359825 -0.594898227708961 0.318892617946811
-0.0153257236226543 0.00141485806307429 -0.0202599580145005 0.445711846421978
-0.00771317852798751 0.0381671915227866 0.180981040881281 0.110606464427435
0.00898355049689246 0.0385317131647976 0.0675525196191302 -0.197706079404516
0.0124532612026803 0.0182484181383999 -0.0570237989485124 0.193946009498687
0.00220812515462015 0.0165345353769634 -0.145113712399773 -0.0378146878692229
0.0205836746180023 0.0132817785871393 0.0292163975250293 -0.413140499678681
0.0346177671812058 0.0108640665222716 0.497601318215391 -0.290636863545379
-6.34677816135059E-05 0.0358088796547484 0.679726753545527 0.40691297992346
-0.027745764516108 0.00817623551983296 -0.0412952173216511 0.87950348196031
-0.00787502310178347 -0.00443216156761508 -0.518951012020032 0.428988638054024
-0.0132822119458294 -0.00509923064138075 -0.0399875782494948 0.115072195277455
0.00126119636263647 0.0239848949580172 0.537786752326834 -0.311363057213474
0.0286654726779067 0.00637679296740299 0.161137514764475 -0.894300401999505
0.0317231039495916 -0.0182741571673006 -0.680187519944417 -0.54404240544923
0.0087495430481803 -0.0337741460636217 -0.600931558434856 0.298250472894766
-0.0182145409686675 0.00761599849556577 -0.0280426276404432 0.445084855496464
-0.00631446049287329 0.0387599745340924 0.176575516073043 0.11437694458045
0.0149605509188447 0.0393051658074266 0.061860483696538 -0.198012087827692
0.0177502966934286 0.0167432275427265 -0.0633271629226028 0.192050057355263
0.002272289551905 0.0138380113231741 -0.152241586644016 -0.0344070893611486
0.0191762887574615 0.0139950498151056 0.021520285420317 -0.413498253048072
0.0331008455414599 0.016290817339976 0.494332462574571 -0.304885421677631
0.0020447645072676 0.0356114465629443 0.693820681766347 0.384393231086757
-0.0247040798825073 0.00313845232611479 -0.0129412460002772 0.872436116734039
-0.00213744774309883 -0.0113041847058997 -0.501803388927672 0.438024038043676
-0.00561237592969743 -0.00992458610490993 -0.0354224313576991 0.115989629489396
0.00698574592269082 0.0166955100599022 0.551546760342731 -0.306014988917477
0.0311083728385916 0.000859918561193086 0.191858627080152 -0.896283054464456
0.0330126755080381 -0.0178281250127536 -0.659281298282462 -0.570043888639749
0.00685724638926402 -0.0295254680540486 -0.603214601569338 0.278853726263821
-0.0202559834215484 0.0082939655912912 -0.0368012254588235 0.442841845750763
-0.00616871185000534 0.0376710772676613 0.168253797598297 0.115470294292791
0.0195149690613137 0.0391409499812949 0.0566719590103313 -0.20031532807822
-0.0210388128195301 0.00701051750355886 -0.0344726196936108 0.185033059062218
-0.0188768500905941 -0.0160455490399156 -0.138689493376929 -0.0728508028331474
0.0143633744500337 -0.0431755990635873 0.0533772343847157 -0.406039077807688
0.0560320912272668 -0.0198602579165643 0.527953387455448 -0.219572936230431
0.011837363982577 0.0615928584329099 0.644972211460779 0.499541924903873
-0.0532224662681627 0.048002367474806 -0.124129623341781 0.871379990410128
-0.0494751226264646 0.00910377939197793 -0.527758902617017 0.374182229405034
-0.0506615586093519 0.000510634948880908 -0.00155940982318921 0.091603040306716
-0.0363957066809647 0.0449674335085101 0.536122744073068 -0.372480344492194
0.0113231037250886 0.0469240105828027 0.0778754346961131 -0.905607250460841
0.0489655889179966 -0.00461551403263433 -0.720150502650474 -0.445350935254974
0.021364180314905 -0.0691840659280281 -0.562877808667119 0.373727799764957
-0.0257978286315162 -0.0404336741578557 -0.00657476043736561 0.448243750809612
-0.027977162031176 0.00726138089444324 0.177354826570805 0.0835920609291277
-0.0150035741658632 0.0247470857218711 0.0786256002383542 -0.208948708198179
-0.0203679906575795 0.00939781823371741 -0.032824381333732 0.187924822028267
-0.0160812049731982 -0.00916855298267738 -0.133124057758984 -0.06959928844908
0.0178278249725196 -0.0352077706253013 0.0559618144399521 -0.406037555685649
0.0542959359953386 -0.0201745547101124 0.525070012710688 -0.215605626878191
0.00788595398649291 0.0586827696969211 0.634597668005034 0.502582098709014
-0.052514285991686 0.0465786673144001 -0.137649445884098 0.878517504806581
-0.0494435501239777 0.0116840841249257 -0.541921023410674 0.375735451067531
-0.0513773619369152 0.00402903408468783 -0.0136441629459566 0.0945447165688301
-0.0350518526226901 0.0482594134048508 0.52439128772636 -0.366633764230787
0.0108617412099193 0.0453433139800508 0.0692253887365709 -0.900059707230329
0.0463407457294405 -0.00727428249392959 -0.728200575248718 -0.440595466304294
0.0206303784490876 -0.0675513051194002 -0.565377015432903 0.374500466498696
-0.0227873182348722 -0.0337786914077576 -0.00362731957624775 0.449645681145359
-0.0245677975529774 0.0138571324626312 0.182599661705905 0.0870986386402249
-0.0147934713540939 0.0271547902918156 0.0813642544244087 -0.205621742977599
-0.0153684121239094 0.0123288243150002 -0.0333499401510963 0.191114911307549
-0.0121868594710733 -0.000709057973571131 -0.12990532746871 -0.0644017340074557
0.020159095406251 -0.0249400218074507 0.0554841955872971 -0.405094151587916
0.0510887608717265 -0.0164744982640147 0.518920526529834 -0.223495438763833
0.00447054166367509 0.0540793832432328 0.630890659337734 0.496553775466166
-0.0497890512963369 0.0419289481427778 -0.137419931539342 0.880663044070908
-0.0460855789657855 0.0132473535369571 -0.547506330625458 0.383208510632787
-0.0496355421162985 0.00680060457979992 -0.0248996766505882 0.0982563644554184
-0.0319221171697368 0.047728451026311 0.517849012051282 -0.358461592902091
0.0129228874021025 0.039829511522266 0.0685681472547764 -0.893693087902071
0.0418060302671188 -0.00956511150587215 -0.728992074669587 -0.447623612948808
0.0175002192120882 -0.0625242306200824 -0.570401505941221 0.370664428574994
-0.0189431207629193 -0.0256950510937584 -0.00308217917768117 0.449960810469084
-0.0205803684003141 0.0212802612507391 0.18561736498871 0.0921764571644223
-0.0114569931761631 0.0300909705447711 0.0808920851234912 -0.202742777571979
-0.00945075420223224 0.0140937293608854 -0.0367322659912175 0.193550567378843
-0.00796501817210703 0.00703911471140629 -0.130201575241095 -0.0562974398600748
0.0209096258507285 -0.0133213372613597 0.0503647596860315 -0.406963582650077
0.0461694199365298 -0.0103120135264814 0.514108577948765 -0.235981320981538
0.00254648578846229 0.0484904693026534 0.635669503828106 0.482389879071699
-0.0439314555612886 0.0346286925275591 -0.126152577813234 0.885482022949214
-0.0385307799998516 0.0116967963163773 -0.548828211493662 0.393649159197053
-0.0433144987567453 0.00677758368182327 -0.0341955001551908 0.102306944464664
-0.0257769530415572 0.0445081510247738 0.514985205179413 -0.34824209331791
0.0160473022626954 0.0337264437006379 0.0795572613093111 -0.892867263348952
0.0382383089563755 -0.0126834455484328 -0.725552243070396 -0.465145540183084
0.0156742150491767 -0.0563416174114597 -0.579148170591822 0.35803470332787
-0.0165489965425901 -0.0159476994824079 -0.00693840989838095 0.449580273885904
-0.0156136362176397 0.0281358252640497 0.18677024597452 0.0978213549027945
-0.00580065876403946 0.0327235725752715 0.0786628545817652 -0.19950671451248
-0.00194921715349822 0.0158621779950255 -0.0425348825162649 0.19313889977253
-0.0035049801886887 0.0126291221606781 -0.133120212134884 -0.0489111130234298
0.021884496692455 -0.000750114022844257 0.0453740629152249 -0.409300950771847
0.0416533764637481 -0.00319617769400107 0.50763942629726 -0.254126700109971
0.000545405615114552 0.043718005452607 0.64824417277293 0.458972185840816
-0.0384022336774808 0.0258807516264209 -0.101641038614821 0.886888233919625
-0.02867087412158 0.00844433034687728 -0.542767214329583 0.406324727358243
-0.0348340180916749 0.00498811154159209 -0.0406747847429569 0.108077912523036
-0.0168592417795887 0.0386876904148797 0.517242071565802 -0.336556694480646
0.0191107802197818 0.0243397100371326 0.102829795328408 -0.890531138871109
0.0344089792017694 -0.0154492653508662 -0.714473951483889 -0.488402605037455
0.0134138769858508 -0.0483829598462197 -0.586685303166154 0.341961734532682
-0.0147752870319099 -0.00646792494906737 -0.0135874768276571 0.448886352458993
-0.0106473767663725 0.0338296556230983 0.185076047809374 0.104767252583464
0.00118270829710098 0.0358139373179403 0.0739768178344154 -0.196904804887478
0.00626896071668491 0.0172380558088255 -0.0485141084877902 0.193466712898088
-0.000718714230153555 0.016105392047818 -0.137882130602697 -0.0411502453835823
0.0216098311712372 0.00739777965875598 0.0359938184284877 -0.410940780825669
0.0366493661648903 0.00427389368359985 0.501829797697616 -0.272473858770877
-0.000465970197575619 0.0392004314419127 0.661617389291284 0.430886054412461
-0.0326474013255702 0.0164032823304827 -0.0733906635360192 0.884823114377583
-0.0179763616768795 0.00153210603765374 -0.53245272201008 0.419129843781991
-0.0227788080939193 0.00117475037125826 -0.0430104771436456 0.112068288378869
-0.00774343858112358 0.031368166410224 0.525597211963956 -0.323523663979426
0.0233427291747027 0.0144608104224218 0.132176900033523 -0.891450240311239
0.0320479982730164 -0.01758535843252 -0.698726460101274 -0.516167903993162
0.0104094659910969 -0.0407821379121263 -0.593244552693011 0.320039646806807
-0.0155534879145921 0.00243797603374445 -0.0198026448870749 0.446297096996296
-0.00787006116195179 0.0386232778341401 0.182816964078452 0.110650433469297
0.00886996776419337 0.038816086675087 0.0674779477342043 -0.197327054278557
0.012611526787945 0.0165079053407445 -0.0571487338531946 0.193948322858757
0.0024312405466462 0.0165846338877247 -0.144504663267298 -0.0380194570371118
0.0212120332570708 0.0132176357011117 0.0280769420291499 -0.413829315720304
0.034566636835813 0.0111395067580727 0.496727552707612 -0.2910256214015
-0.000154891817572951 0.0368512485750894 0.677414798261418 0.40797512089907
-0.0280469106544691 0.00807391280690505 -0.0413852060243603 0.879102752150878
-0.00772238903549516 -0.00621035085062558 -0.51829640482672 0.427818902861756
-0.0132858438213228 -0.00417074503603549 -0.0409823149574609 0.115207691453087
0.000800530570034064 0.0231795905389652 0.538635788583881 -0.312569062332872
0.0279741821867414 0.00543734937374918 0.162108354018193 -0.893328748615466
0.0317999482242931 -0.0189232299956519 -0.680064203698256 -0.543684042454058
0.0081312801369266 -0.0334203155789661 -0.600187369538407 0.298081250782781
-0.0180580350043305 0.00716468905480402 -0.0278608894796775 0.445687138268299
-0.00548019770929474 0.0398719933883581 0.175874790720951 0.114293195659094
0.014841114577653 0.0391083519680614 0.0623436603876181 -0.197991147573947
0.0180892040647557 0.0154695928261087 -0.062966158284164 0.192407169064117
0.00322818598465699 0.0142523792912285 -0.151691857465015 -0.0351487557831741
0.0199468332493628 0.014229788441442 0.0193280053995552 -0.414363344041927
0.0336891489447964 0.0162441295173752 0.493853410388246 -0.307952152728176
0.00144531021742054 0.0361053887856772 0.693137875968043 0.383123385027681
-0.0248949863544962 0.00235931973113554 -0.0124491615117861 0.875810616242536
-0.00206884338639732 -0.0122069802103541 -0.501270042550872 0.434579630014068
-0.00499053647922287 -0.0101400879368869 -0.0341214082128984 0.115226139613366
0.00806168238473781 0.0160330642100148 0.552038060934678 -0.30475418241767
0.0306377149096072 0.000875041684787812 0.193452155858078 -0.895346965163912
0.0322630720683408 -0.0191450946996857 -0.659898512291015 -0.568460156780477
0.00705816487236313 -0.0287453572966064 -0.603562140497574 0.279964707036535
-0.0205488695731893 0.00876776872994127 -0.0347897561377792 0.443531511898377
-0.0062112011908146 0.0375776102512485 0.16905154337673 0.116321735701112
0.020270904188524 0.038571609961322 0.0557855127038741 -0.200267513877521
-0.0201254460506657 0.00650134994459588 -0.0352471938361526 0.18583823016405
-0.0196625475449111 -0.0162626779867543 -0.139195169712876 -0.0743076854327614
0.0136802576033816 -0.0426645597862603 0.0525278097647155 -0.407463534516711
0.0570477517932719 -0.0207447935603086 0.527650360791878 -0.222881036625161
0.011717457579111 0.0624583921181282 0.646393848311192 0.495767197555809
-0.0529741986838004 0.0479442098357639 -0.126108837706269 0.873254494761319
-0.0496139089902962 0.00835578183489811 -0.52869768691772 0.372417175626776
-0.0497257065314977 0.00031564579771781 -0.00136045505650846 0.0917317589734674
-0.0360003388236078 0.0441962745691494 0.537227960372573 -0.372035309818833
0.0108585091601414 0.047539909407911 0.077820695089818 -0.907280310186831
0.0492914907027937 -0.00555168092354862 -0.723361960544813 -0.446875692539167
0.0205561513287043 -0.0686746946026258 -0.562875015875211 0.376265624043125
-0.0259766793034446 -0.0403317212144356 -0.00611769727854219 0.45077878241077
-0.0272931226231448 0.00755242642990684 0.177981543896931 0.0838204571453167
-0.0147732739335914 0.0241228804759917 0.078458990349481 -0.208243584453968
-0.0204294465982932 0.00807819620777498 -0.0325213128541605 0.188932513880271
-0.0162149456274198 -0.00896603153729203 -0.133405661352599 -0.0695695424693635
0.017466781079276 -0.0353671589079482 0.0547293189046765 -0.407612997981117
0.0547167829736283 -0.0201416482820715 0.525313135059303 -0.21893895575861
0.00815426553468244 0.0592351087257579 0.635976592922716 0.50072998750009
-0.0526030948009811 0.0458100871916463 -0.138319497905344 0.880252892665995
-0.04889847819779 0.0114926006193377 -0.542794574540841 0.375944203152811
-0.0514983168973843 0.00414517084224373 -0.0142238872033219 0.0947027326637781
-0.0353734584584888 0.0476453453957269 0.526054709760079 -0.36609622495023
0.0112941570127815 0.0456882897046087 0.0684528202028151 -0.901170993921345
0.0458921176272632 -0.00818901916308101 -0.728924300621596 -0.442748261302178
0.0197939057910168 -0.0675896192289842 -0.566655997875818 0.376037792932199
-0.0221863194409964 -0.0342882003486882 -0.0041032428927973 0.450708439132297
-0.024458702206761 0.0145112782195753 0.183501826038536 0.0873581803839737
-0.0145176950493408 0.0276999850592205 0.0810282160461556 -0.20623508353979
-0.0157595732368234 0.0113267802257195 -0.0328783165958362 0.191038226670223
-0.0127665875653998 -0.000658402960009102 -0.130020196933711 -0.0638420614678091
0.0194212015585035 -0.0249872980218036 0.0543791655400582 -0.407134197239608
0.0504470867009395 -0.016476037884663 0.519703075952981 -0.223754826238058
0.00567048295543065 0.054947912852981 0.632214752512666 0.495412939046259
-0.0494545231570363 0.0419861960718467 -0.137876307219249 0.883083798453727
-0.0456154902056338 0.0121193203794523 -0.549825000701623 0.382516285372369
-0.0492359549808938 0.00703861280553587 -0.024769548591277 0.0987273808180104
-0.0317989695481422 0.0474449401961889 0.517694676658969 -0.358872134205341
0.0135459208549918 0.0404523093494561 0.068882630493806 -0.89609866779466
0.0422358839619754 -0.0103897667117721 -0.730223494307479 -0.448718487224019
0.0177140628896564 -0.0636420787429402 -0.570954953291097 0.371878126711248
-0.0188219981122121 -0.0255230849121042 -0.00265490640813725 0.451885518151698
-0.0201361743278899 0.0215157907151537 0.186698972226311 0.0922991440541955
-0.0112691284277133 0.03047005275588 0.0812819216997652 -0.202524861090969
-0.00965534476332825 0.0135206125112223 -0.0361806456134645 0.192511446159763
-0.00829579345134487 0.00669827256048657 -0.130030664647027 -0.0568033210964749
0.0204160219243909 -0.0132900211027602 0.0495811586499731 -0.40901903936645
0.0458500457567807 -0.0105214402715838 0.515558611492959 -0.238232626227314
0.00312993619011688 0.0497898645261305 0.637634186546265 0.480923506176594
-0.0450968305461948 0.0350214530588901 -0.126172257082101 0.88942815547959
-0.0378395428558151 0.0117709530406358 -0.548854843895808 0.393736001891842
-0.0431621394829364 0.00714459559554727 -0.0336147845252329 0.103116102376494
-0.0253055504445202 0.0446469688420554 0.514613902481924 -0.34968537744638
0.0155370860092496 0.0333753159548758 0.0792475423096442 -0.894326129757703
0.0382710213261877 -0.01267221254243 -0.724993377193771 -0.463971553068464
0.0159209804475149 -0.0562588682821433 -0.578665218415577 0.361006650089683
-0.0177488402045795 -0.0157443312046557 -0.00486526588597629 0.449742696779836
-0.015252269469047 0.0286314978476741 0.187192161554442 0.098244060913812
-0.00463311247967109 0.0336567579877275 0.0787545582043469 -0.199768863865123
-0.00208815356581391 0.0159272465091995 -0.0419724863364998 0.19381375255857
-0.00364577120595102 0.0132616589870433 -0.132743644752652 -0.0490405031433626
0.0217889789710688 -0.00152389606302662 0.0442620950448221 -0.411090410191175
0.040832331396731 -0.00389751933957916 0.509248264067505 -0.256560349558955
0.000532535976844618 0.044687522835507 0.648325684624766 0.459514737248807
-0.0385647496711638 0.025563477516635 -0.102648256519955 0.888193809864588
-0.0285593702591743 0.00774488438724975 -0.543331379337324 0.407746291517357
-0.0344990189508215 0.00498230962336856 -0.0399461427952628 0.107089837105263
-0.0172573790025671 0.0383924989610887 0.517411042000544 -0.336496580244762
0.0190237964343906 0.0238015589675363 0.102031703468285 -0.890794947708299
0.0351060372815463 -0.0157029061985778 -0.716778996290202 -0.489118448630359
0.013611015834649 -0.0484091655633011 -0.586300137051193 0.342974085485396
-0.015308339909734 -0.00600999890402416 -0.0104363620442399 0.450925608448716
-0.0102976273601522 0.0339233535775685 0.185591162282052 0.104775433735747
0.00196615207539137 0.0358003196223672 0.0742266423829376 -0.197235517388537
0.0060745393555177 0.0171974839371412 -0.0481912171243853 0.193845590978189
-0.000492236165120893 0.0172870216639937 -0.137422021356454 -0.043012091599523
0.021228626738355 0.00753250953478063 0.0354808215961286 -0.412185638728854
0.0368698366966059 0.00447364756199748 0.50397042247955 -0.276526714308476
0.000451286021056102 0.0408031288903645 0.663607551897535 0.432835961749864
-0.0324505932542325 0.0162550893082876 -0.0731786385579343 0.88781607967454
-0.0175899982747253 0.00110969918416021 -0.533471427673584 0.42146270903098
-0.0234069808050774 0.00113814367274887 -0.0425958343672475 0.111806740892382
-0.00719537914267207 0.0302392138923822 0.526323853227622 -0.323623288684218
0.0231368223268791 0.015269551547218 0.133385165639111 -0.892653030306669
0.0321923951784281 -0.0178718314009335 -0.699410284294482 -0.516061207957167
0.00956032777129683 -0.040496348132871 -0.594015977288438 0.322203181821164
-0.0155008877597972 0.00167350984378577 -0.0200236773001548 0.447394217626262
-0.00606732001479249 0.0387435750602319 0.1828083097192 0.11043860367432
0.00947273232594294 0.038032543307064 0.0684711520169474 -0.197316531381185
0.0124803455226044 0.0157591884690127 -0.0562961403851381 0.193631227936681
0.00141636501556721 0.0166411884680142 -0.143339813283231 -0.0387274867334419
0.020377138923482 0.0127813966438745 0.0260874087482155 -0.415190826363947
0.0338869435483811 0.0107120437070139 0.498848400872491 -0.292612215921025
0.000301574808689455 0.0377958555574582 0.678719669698424 0.406156907976756
-0.0289806285544276 0.00790323521743591 -0.0431919718318221 0.881742445857305
-0.0082995842868529 -0.00556992138141428 -0.519099821194537 0.430286623794365
-0.0124823452388348 -0.00426237562111552 -0.0403147828611997 0.11495074910103
0.000581430819798313 0.0231762583393992 0.539571001202071 -0.311817282562419
0.0280328994465482 0.00574018305311644 0.162684593442545 -0.896270480521195
0.0313569863821723 -0.0192352878802595 -0.680075991750335 -0.544725352246449
0.00818977429902809 -0.0336996531337177 -0.599992889952089 0.298488827790126
-0.0177863822323743 0.0070695767563491 -0.0269529346564732 0.44733183259669
-0.00472641891188251 0.03933657816351 0.176258392884259 0.114427442400101
0.0160990793366702 0.0390778791828717 0.0623966580869055 -0.197264181569047
0.0173853299064545 0.0142938723740869 -0.0629835789716637 0.191514339326857
0.00271697258435938 0.0146882280248529 -0.151440024322132 -0.0367034806240575
0.0190748784328681 0.0140201411042138 0.0178778776651756 -0.415904875611413
0.0335621327596299 0.0158073594105649 0.494546916064758 -0.309149213042286
0.00205373684255504 0.0375106558953376 0.693826521130468 0.381740438784387
-0.025069562239218 0.00143128671084992 -0.0113701884384018 0.875849278840735
-0.00166313450615401 -0.0125818184672645 -0.501765236068576 0.436233938531997
-0.00457178675067893 -0.0101981009604284 -0.0339655139820276 0.115897579965795
0.00719395521403137 0.0158993236032338 0.550803036576297 -0.304430245965171
0.0308694412052149 0.000329535688562234 0.193948006050881 -0.897115491631428
0.0323808215405331 -0.0182354722266688 -0.662868835372409 -0.570138956413811
0.00659583647969135 -0.0284693997377867 -0.603401320732997 0.280336787720583
-0.021163215838662 0.00862491457892179 -0.0338357380020948 0.442454686896598
-0.0053658139083136 0.037783328935095 0.169179316592433 0.117022599534388
0.0208929777863121 0.0384834318869301 0.0555919119812655 -0.200199223668354
-0.0205917064858711 0.00562498581899713 -0.034214152086417 0.185755620651034
-0.0194464640161206 -0.0162281614674318 -0.139494577648453 -0.0751113714771142
0.0137424987365185 -0.0436183820523444 0.0516210778822876 -0.410302750586708
0.0566350698707016 -0.0212199348629416 0.529043978114161 -0.225784708127882
0.0125161224511728 0.0631659022720376 0.646387538638894 0.49710530496882
-0.0532408297000732 0.0471253537693441 -0.125855715325303 0.876837572167908
-0.0495773962958217 0.00757012820337423 -0.529493966881369 0.374862278199402
-0.049398897642012 0.000438037236959948 -0.00120990745588946 0.0918973575793837
-0.0356073152678636 0.0446142042538318 0.537436950210724 -0.374894338378343
0.011473408091235 0.0465816560080932 0.0764795496776209 -0.909423941870173
0.0491130204807256 -0.00507453517724583 -0.725306520161955 -0.445731519528716
0.021202561193985 -0.0683770766552933 -0.563497534741505 0.377054176009456
-0.0264647194199509 -0.0396924911214066 -0.00419121613388097 0.451521270065292
-0.0266538958903672 0.00801217022246794 0.178772266317716 0.0842124050091904
-0.0139561446187547 0.0250953080618344 0.0787572451813516 -0.2092489237159
-0.0198826600588574 0.00827851569203543 -0.0316343209342035 0.189755349103186
-0.0166796570081647 -0.00860242239327697 -0.133591362360043 -0.0702867856380151
0.0174006072251033 -0.035564106185668 0.0527884988944371 -0.410142329187255
0.0545547014112814 -0.0203850147645024 0.527914366611059 -0.223269464489215
0.0093109504042204 0.0608306618323144 0.638192687219602 0.499996857983189
-0.0527559658050883 0.0463919182336493 -0.137706401087302 0.882084224317871
-0.0501953949973479 0.0116704575105128 -0.543974145837928 0.376138635102303
-0.0513711055375767 0.00439113661041206 -0.0128690027240285 0.0950412599450698
-0.0353487194093788 0.0478495684664104 0.526980813220124 -0.368154276765269
0.0112571850807551 0.0459674495321264 0.0673545152776078 -0.904209344340797
0.046161478586535 -0.0069928483795821 -0.731455825543595 -0.442031866313811
0.0200677358274316 -0.0675254960516732 -0.566904630398945 0.378840500633787
-0.0224212625067734 -0.0340257031729203 -0.000990408037845784 0.452374850183102
-0.0240906874419827 0.0146648332910968 0.184518304401241 0.0875445850171715
-0.0140943713395995 0.0272110346658076 0.081120472846641 -0.207289440420556
-0.0160908839987235 0.0107487648897688 -0.0330315973513364 0.192399383098618
-0.0128438513504914 -4.04196805014936E-05 -0.130422078830061 -0.0646387514296286
0.0189327668009514 -0.024780730819735 0.052914932849009 -0.409543008404981
0.0508644106171044 -0.0167089988213702 0.521195947311907 -0.227573334646009
0.0059239726517175 0.0558783533625824 0.63363382667814 0.494847388663796
-0.0499966782260976 0.0417163723701614 -0.137556022494355 0.888401414268517
-0.0453591492399548 0.0121588990804789 -0.549245495087483 0.384745023197852
-0.0488658280612876 0.00718660290009345 -0.0238042722628176 0.0981139078039747
-0.0318871464474508 0.0481581616478154 0.5188240173185 -0.358836693684255
0.0131351385224001 0.0400178590798612 0.0686256002220692 -0.898499034537699
0.0431482914055686 -0.0102733456612193 -0.732064365963326 -0.448071981806607
0.0172591085598249 -0.0624255403723045 -0.570207721201443 0.374332880819335
-0.019576098881987 -0.0245819845008229 -0.00122790267539305 0.452834129699268
-0.019973541677918 0.0210912406179463 0.187768275107136 0.0918794254672422
-0.0102101900088967 0.0302380659710131 0.0819681121770488 -0.203506101710113
-0.010016436079891 0.0130408046908427 -0.0352259958201049 0.193316600097306
-0.00854125972084015 0.00734134573666069 -0.130089540105955 -0.05690789435826
0.0209692502287913 -0.0129291614437009 0.0485171388904144 -0.411591455539536
0.0462568548064942 -0.0108709727156216 0.51616578185987 -0.24095888332077
0.00339433209660403 0.05020531208538 0.640312112931502 0.481236956687981
-0.0449966504318633 0.034118919914554 -0.125956403292185 0.892277669315372
-0.0378117150252073 0.0105389295069972 -0.551205063531696 0.394401495913162
-0.0426687821626543 0.00676621231106876 -0.0333790441973116 0.102739885920292
-0.0251109355929096 0.0438796683456222 0.515546995263264 -0.349406005571986
0.0158547828226683 0.0331900548127047 0.0788679325606707 -0.897580087250557
0.0383350373632073 -0.0130940410328262 -0.729703628180466 -0.465737156537183
0.015400696768351 -0.0556453947325543 -0.580841318973064 0.362964555476461
-0.0161956411135155 -0.0147413950269714 -0.00306749689138748 0.453200810019144
-0.0147623228598136 0.0283946501803337 0.188618735390314 0.0992083649964995
-0.00441869477958259 0.032820602691423 0.0784569137882235 -0.200568733182718
-0.0016463988623902 0.0155980517518559 -0.0415129736260672 0.194791714171712
-0.00424767115313797 0.0135278549252847 -0.133145492178192 -0.0492831855208979
0.0215964923021652 -0.00184686493576031 0.0424333397521 -0.413558320440804
0.0413356858262497 -0.00353825355595709 0.51188676677928 -0.259844860793513
0.00189894248270813 0.0459965191318551 0.65169977892664 0.457172989521107
-0.0387088074682408 0.0258005195386421 -0.102369853580819 0.890689714072645
-0.0283014885861604 0.00738556427178982 -0.544226020509509 0.409266514353127
-0.0340200558722182 0.00485562875119 -0.0397992638234502 0.107716127717646
-0.0167801258541781 0.0381663602406776 0.518123774995226 -0.335842423453109
0.0192183938224917 0.0244269780496081 0.102355823135768 -0.895104829559357
0.0344142258612604 -0.0151040993433722 -0.719642487905534 -0.490718091868127
0.0124377450320131 -0.0483774557729265 -0.587778243920661 0.345828920122052
-0.0148483708951282 -0.00588005040421622 -0.0101864872791289 0.451992864076049
-0.00960393732831091 0.0342538535997648 0.187023754876125 0.104734637285115
0.00145799826312469 0.0360561894778459 0.0748985362026159 -0.197867571412435
0.00558563268849976 0.0153736926777662 -0.0478965617564571 0.195090121321077
-8.71749562733751E-05 0.0171424520223834 -0.137279567584186 -0.0432367031993531
0.021369520686141 0.00746546787324887 0.0333450367813034 -0.414555611183723
0.0378435726345091 0.00390807190236728 0.504327533628703 -0.278233978892758
0.000612277343651626 0.0412224649755682 0.666633507716836 0.432208874774389
-0.0328524758341824 0.0155455057745999 -0.0745981387890651 0.891360291816469
-0.0183117813714011 0.000788408245176075 -0.533465472711152 0.421545666062703
-0.022513403016468 0.000853171033572593 -0.0428201781324756 0.111366881360387
-0.00788408624131647 0.0308321128993225 0.526566677434971 -0.323928210404412
0.023315810489118 0.0144999126635162 0.131001404483176 -0.896649059430867
0.0326789034438561 -0.0177771308678266 -0.701165507610516 -0.519830096297038
0.00937708960136658 -0.039301525876379 -0.596730497949289 0.324933228490093
-0.0154037938014969 0.00136260667800329 -0.0194945693854783 0.449095287027495
-0.00595235465842557 0.0388880373503944 0.18350782027411 0.111797332383571
0.00967431541682382 0.0378949635983631 0.0677423132950482 -0.197465543967728
0.0122305826840174 0.014903427684565 -0.0568570434827419 0.194193808939834
0.0018045309604849 0.0167505180819268 -0.145073788910599 -0.0381466739439056
0.0200290147012021 0.0120724280326717 0.0251299278735775 -0.416399889715986
0.0351469745569718 0.0101978063314638 0.499587062965428 -0.297246480794266
0.00112267696842888 0.0387828826888449 0.679984226927377 0.404360654177271
-0.0283476991346281 0.00795590028804777 -0.0412281547437172 0.883657460652893
-0.00857196359650418 -0.00673745418048488 -0.519452033573345 0.430657251458532
-0.0129003994561994 -0.00411976309423034 -0.0401329131348925 0.114586215748226
0.00147799480021972 0.0226999827349225 0.538721586651081 -0.311697750482942
0.0276238874975319 0.0058756829164884 0.162323459157369 -0.896512837281047
0.0321984007975924 -0.0194137731909376 -0.684700546795855 -0.546237450422508
0.00720348448153203 -0.0334211402544314 -0.602184710831319 0.302165007306878
-0.0175892080755676 0.00702537494936396 -0.0266634857078022 0.448791004142217
-0.00416722045184345 0.040123162742082 0.177534564170833 0.114852758699638
0.0165005132534041 0.0389396039064311 0.0625346194892842 -0.198340715163912
0.0170578152443675 0.0131843670981158 -0.0625827541061801 0.192271103500367
0.00248843670137741 0.0148468752159347 -0.15218626087682 -0.0364370485327463
0.018684514638236 0.0131921704590926 0.0171535171102562 -0.418469316606071
0.0340713598427219 0.0156440725880712 0.494967197196403 -0.314037161130323
0.00258679623078652 0.0379520527538586 0.6957300803637 0.380157645730706
-0.0252717147251624 0.00211709336077118 -0.0126248041914914 0.878493659013028
-0.00138752809409945 -0.0121536167447424 -0.502018272396192 0.438354283630296
-0.00484399021361933 -0.0100679662360002 -0.033363287718395 0.11677794799427
0.0080186720825968 0.0164099974549297 0.552027526202437 -0.305694761948911
0.0299372656416217 0.000732476031627235 0.193806788059609 -0.899598408242835
0.0324728219845948 -0.0185930732520004 -0.663602903309325 -0.570635658406853
0.00670886397026419 -0.0290570931604215 -0.605365509078792 0.284977124825355
-0.0210676735972887 0.00949379213369933 -0.0350239862314463 0.445815494454319
-0.00367665675657902 0.0381628430983181 0.17044365012719 0.116378488896387
0.021875677495312 0.0378630033028573 0.0557332188730727 -0.201362144599698
-0.0206703775931595 0.00506172396258618 -0.0342348018886376 0.186405569687107
-0.0202453802768853 -0.0154217058093564 -0.139989437419992 -0.0750867405751004
0.0133099082754359 -0.0437391085439395 0.0490008250139037 -0.413494983817199
0.0574193555031859 -0.0220403921385186 0.530656785489057 -0.23045406782846
0.0131803492453186 0.0643073241170616 0.650948384317574 0.497304768692542
-0.0535642273512394 0.0471849046909417 -0.1263207118689 0.883280364541943
-0.0502344557003803 0.00804274262788722 -0.531886061196906 0.376136768240778
-0.0503440804865114 0.000253839617678671 -0.000959505338959333 0.0930782098998536
-0.0360623974399775 0.0441010018772224 0.539467033379035 -0.372635944363156
0.0114952870911198 0.0477001393142787 0.0760665593669034 -0.914727547846719
0.0495464884062385 -0.00549308194319733 -0.729377645981528 -0.447115090031329
0.0206397854342424 -0.0692062017748461 -0.566985146151432 0.381118952336715
-0.0261465518773517 -0.0403803136923707 -0.00184742890427463 0.454603231885416
-0.0267695014367688 0.0080794208425713 0.179792794664387 0.0840255499590554
-0.013191270644319 0.0247871454322917 0.0790885345657611 -0.210062031108438
-0.0204972781728113 0.00739339987126048 -0.031941332387873 0.190571584731063
-0.0170005116832341 -0.008177861850583 -0.133609578346421 -0.0711775796677094
0.0168567618421865 -0.0360887662541957 0.0512816483615181 -0.412820070220603
0.0548973153025222 -0.0208859683055193 0.528615836026742 -0.226768632342454
0.00980954473459473 0.0614030516223567 0.640795093048804 0.501879059327042
-0.053147322504798 0.0459835561627778 -0.137337116874877 0.887179410205795
-0.0494994947251332 0.00990346169462115 -0.54668956006807 0.377782971233492
-0.0509369968568728 0.00439560858157292 -0.0124655892897133 0.0951036537817206
-0.0346886453554916 0.0472917929030174 0.527413070741931 -0.369518406062144
0.0113780101665191 0.0454311243820267 0.0664004037208867 -0.907697099475289
0.0464924963179341 -0.00826484013654944 -0.736375906794723 -0.44161461542502
0.0193525470866996 -0.0668170394025709 -0.568650326193907 0.38269843881183
-0.0225496256800285 -0.0343453637373121 -0.000195725521268723 0.456754383722788
-0.0237950342800893 0.0145177193618973 0.185512823237012 0.0876403645503614
-0.0133583086665931 0.0267847452017555 0.0814887733534077 -0.207533425676865
-0.0158887209605091 0.0108741270095148 -0.0318439605363601 0.193076426408431
-0.0133574113842105 -0.000679065081108391 -0.131449780890411 -0.0648187376451058
0.0196539291708603 -0.0261104389234724 0.0512170576736569 -0.412308777995427
0.0506871360508889 -0.0183174006889477 0.522727232306553 -0.231786143609415
0.00629119530130206 0.056692292534174 0.637164008537335 0.495230968902475
-0.049990625332647 0.0419190171956458 -0.138296299772065 0.892262537285512
-0.0460268299445109 0.0114404062220343 -0.551913131141884 0.387413048898937
-0.0485522852381222 0.00770368639139333 -0.0244964606855234 0.0992361343202093
-0.0310328909507133 0.0476645527980008 0.520320906606126 -0.361574023116972
0.012783282974663 0.0406473841300827 0.0665956022601702 -0.902809051204728
0.0418304747654771 -0.0107913269991957 -0.737597394065925 -0.448388927227653
0.017613827310368 -0.0632612016740772 -0.572019835645729 0.377816845501285
-0.0191072068754762 -0.0249942545389048 -0.000136204071681263 0.455329423229725
-0.0189071221347101 0.0220400641211504 0.189071254233118 0.0924472580934154
-0.0100856868777418 0.0300498726618167 0.0815596984018359 -0.203909690703155
-0.00986586251003874 0.0121873311407996 -0.0356563631146326 0.19392441199174
-0.00866535181781648 0.00803601940792362 -0.130882438429027 -0.0569062517514879
0.0205212606971323 -0.013565409723361 0.0471366275522714 -0.414542608615225
0.0464956959330672 -0.011552409826396 0.518882934579023 -0.245042892223302
0.00411215164113694 0.0516203981892638 0.644315964699864 0.480818297725331
-0.0452169011990284 0.0345373946036779 -0.125043801843201 0.895977330817905
-0.0378931515951292 0.0101113915348427 -0.552419988734755 0.398768831024064
-0.0431391382016848 0.00752129071163611 -0.0337816276354739 0.10300665225851
-0.0259610238644681 0.0442942442148436 0.517970765016637 -0.349434932494858
0.0157367977105734 0.0337042480775646 0.0797859182530795 -0.902164340846748
0.0386851642244893 -0.0136392124083254 -0.733196774261439 -0.467237752480094
0.014871605846514 -0.0560593847432851 -0.579805462519214 0.368605954013686
-0.016915555561241 -0.0153826880327153 -0.0021857652736937 0.454697909847881
-0.0136017160668167 0.0289810960459287 0.189568750414992 0.0989108843589038
-0.0048642850120673 0.0328736816838367 0.0789380789938223 -0.201210658089082
-0.0024958651084559 0.0142237980760121 -0.0418543232290862 0.194708038341141
-0.00438245273643773 0.0141715522496778 -0.133745618413603 -0.0502346412766255
0.0214863048340642 -0.00144466763094704 0.0397538352272054 -0.415710986345939
0.0411407227141412 -0.00403389278174026 0.512449719378416 -0.265111615736584
0.00274583121023935 0.046931528950916 0.65441802167465 0.456670815113572
-0.0389158731163454 0.0249831435081394 -0.101210664907091 0.897617504177616
-0.0287495149036419 0.00629354878479098 -0.545819988117696 0.410973882243988
-0.0342894069072301 0.00540491114352454 -0.0401217953698387 0.108329566394215
-0.0174065443168023 0.0377420330398633 0.520101896050295 -0.337640763494165
0.019446485159642 0.0239963634904807 0.0991207297788506 -0.900359359671027
0.0351221514000966 -0.0157552078876021 -0.723485038000012 -0.491089548452143
0.012056427684256 -0.0481495648798276 -0.589869068793414 0.34966913034142
-0.0153728450420118 -0.00669519258584835 -0.00834432489095041 0.455272338350061
-0.00983295949230163 0.0349670805773791 0.188356333674368 0.105877531510257
0.00325213583887453 0.0361597376789178 0.0744359348871293 -0.198882641721545
0.0061654387409887 0.0149405725218137 -0.0474718803807763 0.195189826387672
-0.00111258148882909 0.0172207303068104 -0.138315597626862 -0.0426589110018618
0.0215267923846709 0.00738400055282882 0.0322004611777896 -0.417640372429807
0.0377626592221109 0.00344543067026285 0.507417664448668 -0.281919112647726
0.00155474023710717 0.0423928809290189 0.668611997929134 0.431015882944539
-0.0332741518994893 0.0156651782921983 -0.0721711715605557 0.895345222356204
-0.017797392642364 0.00025123529422871 -0.534805862363835 0.423249444933934
-0.0232109531293375 0.00157008331028723 -0.0419922016488206 0.112549746840705
-0.00788185718069361 0.0301586170598601 0.528054527720157 -0.324789030684035
0.0235135865220435 0.0142313371760602 0.12979065928515 -0.901355875017894
0.0321817104010236 -0.0179881187096194 -0.706644014036317 -0.518152539976105
0.00874428778659256 -0.0403411827010296 -0.597016840776534 0.327382276744377
-0.0158710961620946 0.00205246015995753 -0.0167479804229114 0.451977553912976
-0.00466666538162768 0.0390728724175336 0.18426955889471 0.111652611281759
0.0107405990313889 0.0373077373206253 0.0682284064392336 -0.199048997623019
0.0130125289184347 0.0143681145371412 -0.0563210908834869 0.194446666576183
0.000817602705714255 0.0178521461240905 -0.144915309945368 -0.0378298973331559
0.0205961226002603 0.0120540753879976 0.0231277448553012 -0.419430449300489
0.0348687197253956 0.0104003625410228 0.50101988433662 -0.300744311904496
0.00175072096993137 0.0397266042672135 0.684171280684753 0.403828997238494
-0.028750649154517 0.00787160585411278 -0.0396468686116595 0.889988870116533
-0.00831077212837334 -0.00674382635906906 -0.52147194366469 0.433925518866033
-0.0125555872470191 -0.00405080423193879 -0.0395023545121628 0.115488980026156
0.000196550895600605 0.0225203165840445 0.542562651283529 -0.314058901011626
0.0272208905177786 0.00595537530313685 0.162642555809035 -0.903408089229822
0.0316523895177695 -0.0192053520593667 -0.687375411652752 -0.548143696888483
0.0074775228628475 -0.033376130162492 -0.603025870658409 0.306137048562986
-0.0180313414183496 0.00753305266959542 -0.0240403687131452 0.451278554760641
-0.00387736115535379 0.0399196227855966 0.179608797548016 0.115907994147351
0.0177490385162046 0.0390031893620935 0.0631469717362513 -0.199161067092392
0.0169496502249951 0.0122516381148175 -0.0622748520714344 0.193547152521243
0.00175830065001799 0.015249582882994 -0.152541103455035 -0.0359802676345785
0.0190478412259533 0.0135396612280659 0.0144249075275831 -0.421348489427322
0.0344955692620895 0.0145850006452012 0.49784268191898 -0.315842512907417
0.00288969903328219 0.0384277963132656 0.698414368851045 0.38076243699923
-0.0259353516491186 0.00197366858295802 -0.0109804835391559 0.884506065283114
-0.0023122334066939 -0.0140934105433637 -0.505508163455157 0.440135128896087
-0.00452407668410055 -0.0093752665955044 -0.0337298677753876 0.117060350250573
0.00766360196402031 0.0150180629054964 0.553551287179953 -0.307541574221442
0.0306665175674661 -0.000608089385647322 0.193170052139493 -0.904387260885279
0.032804423234251 -0.0190584249469732 -0.66704325389645 -0.571380019675528
0.00629161118365719 -0.0287110688104647 -0.607254587272741 0.287572334588959
-0.0213354844797234 0.00935266569938218 -0.0332085943908546 0.44907299148523
-0.00356956595768041 0.0377671948859437 0.171452019220208 0.117309256589855
0.0221016504838034 0.0379566137269422 0.0557604127936759 -0.202294865521339
-0.0212498814631373 0.00445434723284394 -0.0338166763544178 0.188005886620379
-0.020608048657383 -0.0152870740826538 -0.140627485793733 -0.0745784762580517
0.0134322887741643 -0.0434821187940874 0.0468636116601733 -0.416678990377677
0.0568224935596326 -0.0231032373331321 0.534456352548933 -0.233498901738443
0.0144957665256262 0.065320663902655 0.657106783828283 0.497570684573394
-0.0539260449256919 0.0482595258670051 -0.121907817304484 0.888733963809125
-0.0498061472339957 0.00665031605240109 -0.534045344066752 0.381224974916365
-0.0504134379591763 0.00106415504971926 0.000100233532944522 0.0933991078158007
-0.0358465763684627 0.0444725443528328 0.540200471774081 -0.377982499538123
0.0108538430875769 0.0475727719321238 0.0739716591276522 -0.917622248193249
0.0500776256907458 -0.00533966044252453 -0.734796157587622 -0.446998689471259
0.0202728696596973 -0.0694337653118911 -0.566463112817673 0.387070520732025
-0.0265888726682387 -0.0400315149757467 -0.000793298572968464 0.457121115891169
-0.0267180500045701 0.00825054475509386 0.181281340854428 0.0845545664222111
-0.0130748156009842 0.0246239046894753 0.0788699920366032 -0.211609666787562
-0.0202846072236545 0.00723474206856664 -0.0309337617952618 0.19115073491353
-0.0175038468255247 -0.00733274335717358 -0.135236163194925 -0.0712710733828191
0.0171949100797505 -0.0363195718119783 0.0498428788705282 -0.416075614137397
0.0551998039645269 -0.0209729982446971 0.530175030415793 -0.229360607636257
0.0112669775694836 0.0611743704982705 0.64691230118247 0.501726531352322
-0.0539730437631357 0.0465633918888418 -0.135299470707513 0.894280628524241
-0.0499103198662844 0.0101046533815941 -0.547667615540275 0.381164665751418
-0.0513174198228869 0.00453560603477075 -0.0122521223528787 0.0956890902976227
-0.0355945345984253 0.047111796794036 0.528706069020239 -0.370853213709467
0.0120267420773404 0.0459369572273748 0.0635371747116238 -0.913895813215521
0.0466286669773251 -0.00803467401342376 -0.741670829094316 -0.44303446286147
0.019240743942985 -0.0679118119424627 -0.570247889754964 0.38886489142106
-0.0234712090058807 -0.0343332295199948 0.00339806643368849 0.4598656863109
-0.0237042683338754 0.0152337628382518 0.187072870500674 0.0878060749707599
-0.0128880924204881 0.028105032153089 0.0818558574950641 -0.208931077466861
-0.0167166450655292 0.0097903895233056 -0.0315230535828316 0.193477351614299
-0.0128678998082103 -0.000558239107240116 -0.132827240476526 -0.0650722264904311
0.0191605369958843 -0.0252265099764016 0.0502069540576198 -0.416562404168505
0.0516162584962308 -0.0176141182464936 0.525514347324927 -0.236224834926472
0.00832014150446126 0.0575311868393314 0.642483172714224 0.493566241390415
-0.0504665046738735 0.0421019472669944 -0.136688899936285 0.898647669593084
-0.0462177298942469 0.0112241829614633 -0.553950855699911 0.392357153416285
-0.0482828726954534 0.00700489430800079 -0.0239688083098865 0.0996762782460419
-0.0310497255262395 0.0467926242988278 0.522297123220728 -0.363001337861791
0.01307834136411 0.0407268686132216 0.0646709657243305 -0.908916422971294
0.0428541132148511 -0.0109579286726746 -0.743426257678561 -0.450032822374862
0.0172735476670506 -0.0632112539334933 -0.574044520043606 0.382462076200074
-0.0197537612295844 -0.0255909336727362 0.00223188781441588 0.45896369158283
-0.0188724124679514 0.0224377810077243 0.190681210370136 0.0923637670112066
-0.00924987134663968 0.0304696218215621 0.0819385655010546 -0.205545131671044
-0.00996538837088761 0.0122512685957434 -0.0344476697699053 0.195411115756581
-0.00781292755440039 0.00845848402156553 -0.132301318965631 -0.0589779154117706
0.020507084808527 -0.0140258235458365 0.0449282136849424 -0.417079775641204
0.0463619799539984 -0.0118150589556692 0.520394758959795 -0.249454061857473
0.00501158425513967 0.052895680099479 0.648180456111868 0.479576710449071
-0.0456566736717083 0.0344567294083182 -0.123721232193979 0.901283531633293
-0.0391166465424525 0.00968351870147001 -0.553756187025279 0.401519649731022
-0.0428362481100406 0.00742856870420341 -0.032934585897589 0.104172834462274
-0.0256405696081584 0.0442504580079544 0.520056583805982 -0.353078685095429
0.0159595689297647 0.0330161207000585 0.0749911971804323 -0.906597190665422
0.0383519417229296 -0.0136646103945353 -0.740406870094642 -0.466062289442936
0.0152947086621842 -0.0564160675667492 -0.583592029426966 0.371461331515749
-0.0172046021985124 -0.0157302202113211 0.000768484169641068 0.459119032724625
-0.0127676443562341 0.0294328469048807 0.1916522443305 0.0982810718121321
-0.00337587627846412 0.0329172565564774 0.0787017182610258 -0.202577046652618
-0.00244010224969251 0.0134431907909422 -0.0402444565996312 0.196058408441762
-0.0040800611785946 0.0136523183495599 -0.134216495388775 -0.0499984579193844
0.021141109930447 -0.00177833741001156 0.0378221149100047 -0.418892210613494
0.0418955871311046 -0.00421729615187144 0.514836463350778 -0.269169361776667
0.00350174363054023 0.0473082745878303 0.659865792872197 0.457829125104582
-0.0395203023243201 0.0255413612358328 -0.100123963922558 0.903680135654322
-0.0295525497974736 0.00691027275543431 -0.547797053106754 0.415568442252905
-0.0330805614552181 0.00535774052694084 -0.0387610460371653 0.108846571908916
-0.0173937823500152 0.0380397118070794 0.522474360400909 -0.339849855445917
0.0190487228719445 0.0240381595549468 0.09712332730664 -0.905747289224286
0.0352418068612802 -0.0158070361349148 -0.728582984824046 -0.490676201535175
0.0119465678988972 -0.0483889421133938 -0.590463379339946 0.353815493763307
-0.0151282306033899 -0.005868913384465 -0.00567646564586156 0.459445416206925
-0.00776423601943393 0.0358164608136767 0.190300733992065 0.10514792410155
0.0033631103674099 0.0352967034423127 0.0746252717071026 -0.199777813559419
0.00512772953678396 0.0136370773157913 -0.047397022518294 0.196311061964119
-0.000764664295225939 0.0177339826260254 -0.139270741434242 -0.0429457177086414
0.0227684848437895 0.00752671490144107 0.0295904862381221 -0.420342185605459
0.0373079268553987 0.00347001960226883 0.508683208204056 -0.288224166463291
0.0023601856150359 0.0433900525761768 0.674238795882325 0.430773469755332
-0.0336568605901006 0.0160768142233901 -0.0702574945723968 0.901746732622348
-0.0180182416930132 -0.000637566056554881 -0.539133103407408 0.428295136458142
-0.022892969534215 0.0014610974481286 -0.0419437899572261 0.11306103269426
-0.00757898373021984 0.0306552265653635 0.530939512318526 -0.327247072656988
0.023092849668231 0.0133455714071525 0.127119211595688 -0.905991234917559
0.033224861934366 -0.0176713053487682 -0.712842248701094 -0.520713231612817
0.00993847620437763 -0.0405674284524686 -0.601351794356449 0.331307607355131
-0.0154071824662781 0.0019690378621579 -0.0142533463691063 0.455630092350119
-0.00493594129478211 0.0389864939741147 0.18628147598386 0.112049104731513
0.0114802127909782 0.0376936444608584 0.0681213062348121 -0.19968496854698
0.0121885786482583 0.0132213345490426 -0.0556246008355534 0.195839949757205
0.00128027690906868 0.0181705691348803 -0.146544312099593 -0.0390034595115494
0.0202227497351059 0.0124019373883115 0.0207881874515566 -0.42393192571471
0.0355434576666749 0.00965744765816936 0.501851158687168 -0.307411131960091
0.00271791224812162 0.040654828800604 0.688180183300942 0.403980559716873
-0.0297183008838788 0.0077231842734155 -0.0378629838935068 0.895036816696451
-0.00860592485827382 -0.0074521260449375 -0.523384861755999 0.437122936456365
-0.0124180113681084 -0.00455912665721373 -0.0391024716375604 0.116264779974959
0.00112317465683363 0.0216032290616235 0.542275336522095 -0.316935989586938
0.0276577921278169 0.00503359735467904 0.159445292658479 -0.90886960626454
0.0313748830036269 -0.0201365327367812 -0.694189867031782 -0.54982338732854
0.0076146124447792 -0.0330849662160134 -0.604743929621326 0.310163175460697
-0.0181587628960853 0.0073057933243227 -0.0223136826876723 0.455111378997536
-0.00301209929231917 0.0405760646890634 0.180921836635551 0.115640980549179
0.0179653755720813 0.0384682678826469 0.0618534118526914 -0.200915446273075
0.0166892704138203 0.0122564234563283 -0.0613650252491908 0.194651440544314
0.00234107088742008 0.0154852730488116 -0.153159921775851 -0.0358430860448112
0.0192659718967186 0.013258043699616 0.0128412732546592 -0.424098720783228
0.0339821678387763 0.0147425661625734 0.497939319961837 -0.320792049091396
0.0039073948198903 0.0392936295334631 0.702854630192553 0.380104828600481
-0.0264889026021926 0.00156116948476313 -0.00789675711807366 0.890511393495698
-0.00140718519196508 -0.0146677858562306 -0.506388045507868 0.443349745170193
-0.00427571585697653 -0.0088549809576592 -0.0328641505691471 0.117471396002067
0.00726980677290886 0.0149027993157754 0.556808338104574 -0.308819548416688
0.0304124398959932 -0.000277836792436221 0.191620155647591 -0.912094515034445
0.0328624952389692 -0.0199179567681276 -0.673750261159691 -0.573331154077516
0.00685008648312788 -0.0284535999881299 -0.609526173949122 0.291867681297402
-0.0209874725983855 0.00852705785221017 -0.0319128943078799 0.452053987775606
-0.00295653161542173 0.0386939607545364 0.172663365532035 0.117636267249129
0.0230618640853272 0.0381194507748962 0.0551808265777105 -0.203210707151595
-0.0212859997952452 0.00440356948255137 -0.0326929547800946 0.188301420992862
-0.0211775651558238 -0.0142777504109111 -0.14125414034854 -0.0748809948704809
0.0132897183828028 -0.0447029502570163 0.0438376108244919 -0.421990756444225
0.0578065970475152 -0.0240235066271115 0.536352878012664 -0.240347760171071
0.0151200626372244 0.0660741506042155 0.663116561078148 0.4954024302454
-0.0539734749867863 0.0485467061715634 -0.121076676473222 0.895468765471675
-0.0503347684655218 0.00736836427332153 -0.535907112270374 0.386117696101167
-0.049964756358002 0.000294700859661812 0.000485179667094235 0.0933238414622575
-0.0361498039473507 0.0448176598724798 0.542436680001214 -0.381822200460569
0.0107892256701046 0.047411245706239 0.0697783161002468 -0.924916719430367
0.050247033376845 -0.00559236301527988 -0.74231633278468 -0.447763772189035
0.0196579875086386 -0.0692075848974307 -0.568619389984738 0.392972226365882
-0.0269230459577518 -0.0408357955623574 0.00381208108118206 0.462579988947783
-0.0261215966739603 0.00874083152815135 0.183618685399609 0.084005105330959
-0.0121681279939757 0.0244894704840838 0.0774426863973415 -0.214115358924024
-0.0205745775227275 0.00646043226918048 -0.0298997328975311 0.192122437758379
-0.0179541868102829 -0.00764088932065249 -0.136047577386104 -0.0710298374239766
0.0165245025208591 -0.0374515961132339 0.0478198248969033 -0.419998794772017
0.0554288961592939 -0.0211174586779492 0.532561840153363 -0.235966625663974
0.012016088635227 0.0633148167834838 0.652140234501751 0.499636086021842
-0.0534317474323388 0.0468951792503076 -0.132481969244648 0.900631607543211
-0.0499978494539928 0.00981346356253664 -0.548968099991971 0.387062052722486
-0.0519662703881135 0.00519210681900124 -0.0110189282128291 0.0955941820165696
-0.0352831188845003 0.0475618935016812 0.530007914842942 -0.375563345050291
0.0120389044934812 0.0461579684588793 0.0596991931537751 -0.920231597780488
0.0468505425182889 -0.00889866928458291 -0.749186356281078 -0.44306424567308
0.0185205901681642 -0.0680825416777568 -0.57186679628248 0.394018326316134
-0.0234497697994162 -0.0338544495500549 0.00620199286555214 0.461732660879247
-0.0227926529049463 0.014904287168842 0.189551246665177 0.0882488493117342
-0.012318652619891 0.0273813090227781 0.0812725843304042 -0.210993496818953
-0.017220453198064 0.00906842682934909 -0.030250630431449 0.194240174551211
-0.0135588879093419 -2.41499974446089E-05 -0.133583699164621 -0.0644263954068645
0.0193488044327649 -0.0264107795051244 0.04634373553728 -0.420621015950024
0.051911594783954 -0.0191010688779505 0.528646052018953 -0.242297034532662
0.00878327312380937 0.0590195556137776 0.649051364309703 0.492581710439304
-0.0504907459067152 0.0418440105365516 -0.131733583258875 0.90548358584762
-0.0466613062819325 0.010783107191378 -0.554558296081826 0.396234520289997
-0.0487547201996398 0.00723141175847172 -0.0226619364086048 0.0993539417978095
-0.0311183744418631 0.0473860092146081 0.52350061784935 -0.367346778916826
0.0136926736978773 0.0415238305076079 0.0605301583765194 -0.915540203941823
0.0429067822503286 -0.0113049899483704 -0.749783493421419 -0.447809370282955
0.0173564410240646 -0.0631243899232608 -0.575585358600581 0.388218362698199
-0.0194910574900643 -0.0247618937306752 0.00688748274289261 0.462792223742973
-0.0178856802708878 0.0222322473553944 0.193058501206267 0.09175458753847
-0.00942482906686552 0.0300638256175414 0.0806441221111251 -0.20770120451099
-0.0103302832203058 0.0112730925312012 -0.0335491657993554 0.196307291919687
-0.00841339449921723 0.00852185480162168 -0.133112259257977 -0.0586499094642782
0.0201217812269661 -0.0142865871841747 0.042165526458637 -0.42139707232401
0.0468736175530641 -0.0124075437214219 0.523299094736959 -0.257203809312927
0.00612895311474724 0.0538354065133328 0.655265049125852 0.478934303565948
-0.045458822893058 0.034819666819705 -0.121274003077951 0.910259232836656
-0.0394276274250014 0.00950884028884315 -0.554329807731484 0.406922225139159
-0.0426914301540204 0.00782529962542492 -0.0325262362098688 0.10472579571327
-0.0250859974759002 0.0441268311365782 0.52044979395956 -0.356633366658935
0.015070089779734 0.0335623307778713 0.0710255061217818 -0.913594893360813
0.0393113973917027 -0.0136209698994524 -0.746235527209346 -0.466400543555229
0.014812956390466 -0.0559602654047285 -0.584397506763473 0.378224342271474
-0.0169220859935836 -0.0150709281693508 0.00363843635718689 0.462588148318541
-0.0128551082427783 0.0291834965039601 0.193765631055005 0.0983577926850551
-0.00299392166954768 0.0335198522637565 0.0787684550890483 -0.20466774264145
-0.00302745695808692 0.0130400621523088 -0.0389388783437669 0.196833724889265
-0.00400106872555233 0.0143548958484032 -0.135674771893967 -0.0502446192048502
0.0212576770318995 -0.0023681705258017 0.035552752610869 -0.422906471734021
0.0425777638050401 -0.00508116616805693 0.514678752885972 -0.277572342946582
0.00357173069858375 0.048696272623124 0.666045712841727 0.455193615406463
-0.0400086043460585 0.026259063405252 -0.0974205620207531 0.909726907083474
-0.028240110739363 0.00630212408909457 -0.548923903150764 0.419818542784968
-0.0339472749688487 0.00590420581741416 -0.0388311084971577 0.109554140600768
-0.0173176537866231 0.0377945372750004 0.523843083227377 -0.345315662589067
0.0191685050897064 0.0242573480193009 0.0938540721860772 -0.912004018258821
0.0355551273557764 -0.0161792888433432 -0.73584824286592 -0.490714084825776
0.0115502690797997 -0.0489001438473308 -0.59193179388442 0.36116092538066
-0.0155108536266975 -0.0060467998817336 -0.00422126858905162 0.461963259066477
-0.0079899613728215 0.034734573648662 0.192094477759646 0.105177005880286
0.00371712611775172 0.0360904574404129 0.0742095835362092 -0.201599119054604
0.00578038408944611 0.0139470305437011 -0.0467998574301974 0.197961401616512
7.43523902594257E-05 0.0179971344591521 -0.140291009789881 -0.0431483808661881
0.0214573795083519 0.0074345118579047 0.0265081727588451 -0.424317361819284
0.037448958219751 0.00315840908783554 0.510409351567288 -0.293938630939539
0.00376330816547881 0.0438526221196865 0.680707117342742 0.428990400589427
-0.0343625890460154 0.0154975897909547 -0.0663019384920966 0.90781857382393
-0.0180467143114696 -9.76576146413995E-05 -0.538831152464507 0.43345908690371
-0.0221960380371518 0.0020343975574284 -0.0410048416708464 0.113936639517784
-0.00781082439049421 0.0303566058532258 0.529840589546137 -0.332058001458733
0.0229511018924744 0.0138836948643964 0.125122126212259 -0.912302851080896
0.0326112857391992 -0.0185335073258599 -0.721915620112668 -0.518848259585708
0.00889337397660542 -0.0401853204194165 -0.602737542472837 0.337593002497233
-0.015507573550653 0.00207417081623475 -0.0107640824193755 0.459382835260831
-0.00439247414789007 0.0395186772247407 0.188185858808027 0.111730835099007
0.0123219336411464 0.0373074473087694 0.0677062444069593 -0.201116457545423
0.0116165966516999 0.0131685116477381 -0.0550989521952838 0.196432043118061
0.00196706296974243 0.0182857227672395 -0.148610642546734 -0.0391101223304459
0.0199617207022556 0.0120697888119529 0.0179519130163157 -0.427139998662837
0.0352818595960582 0.00965438893716403 0.503446408172228 -0.312474964885128
0.00353301711414991 0.0415429315533991 0.694754784874992 0.401280525571441
-0.028615269919303 0.00717903899438788 -0.0337806504919753 0.902593317199368
-0.00795333020904344 -0.00858495521908712 -0.524620377156772 0.441195623584516
-0.0123910577391197 -0.00361011645118468 -0.0381218771203804 0.117274981977108
0.00126960178920302 0.0217610715505111 0.543354731633043 -0.32028352846287
0.0286309972735234 0.00590036603782659 0.156016484024717 -0.916412339849327
0.0316679007192246 -0.0197288443206149 -0.700575753016192 -0.547355107215327
0.00692500352872675 -0.0326287503878276 -0.609711256057562 0.314447093025315
-0.0170708836646166 0.00777578839156247 -0.0195182441336465 0.458030722669682
-0.00192382284855664 0.0407510499373504 0.182966349561148 0.115320529315032
0.0182743928949687 0.0383534923212322 0.0622665901330174 -0.201765845870695
0.0165750247727161 0.0111928972992038 -0.0602376741811463 0.195648905574426
0.00232888633032547 0.0160458386007467 -0.154757916179598 -0.0363247294255944
0.0191191989172404 0.0128565911499161 0.00823070743623081 -0.427626666200367
0.0340404495294708 0.0146428979538047 0.499513438002952 -0.329585603628659
0.00519770613502548 0.0409170993663492 0.709670887740431 0.377730960558755
-0.0263021945181513 0.00165307345468647 -0.00466048867068126 0.897558966398743
-0.00186542384265021 -0.0149897996743863 -0.508279203939202 0.449563136664635
-0.00425059023413421 -0.0102085180784481 -0.0327863882353045 0.118274011909803
0.00793868781911816 0.0146727784167424 0.557486599944361 -0.312566933497206
0.0306739546638948 -0.000116132342557368 0.188020230878221 -0.917763229907822
0.0329329495715089 -0.0196082039651269 -0.681283189556372 -0.574531809230085
0.00610987883799844 -0.0289863879330877 -0.611036746267176 0.296289501636699
-0.0212623836776205 0.00941693288997427 -0.0283159313291449 0.455037663157781
-0.0021281804526897 0.0387009858611731 0.173976298018222 0.118243690014114
0.0239476259834144 0.0378690875841951 0.0549359080093882 -0.204678880244049
-0.0218590021416554 0.00332899155372369 -0.031028595402151 0.190408109715493
-0.0204797688021101 -0.0149202246926163 -0.143302527683673 -0.0746845464682903
0.0131886705231407 -0.0441195892251909 0.0405546893468768 -0.425038725553714
0.0580025113669718 -0.0247664148337376 0.53607803930097 -0.247359890024762
0.0171106924152316 0.0675928535440394 0.669815733372442 0.493210583878454
-0.0542132120633627 0.0488465923946582 -0.113930171985705 0.902608622379508
-0.0504334984124425 0.00627289233903683 -0.536741447377351 0.391943626759281
-0.0501819521077914 0.000867046102999993 0.00125305220459843 0.0946991910160157
-0.0361417312639326 0.0450800138176139 0.54220100142145 -0.387147228649829
0.0113346476130579 0.0471050171063821 0.062928293624331 -0.932096982955282
0.0503435923417135 -0.00667332069614368 -0.753604724781486 -0.4436991685646
0.0195397222755672 -0.0693469233627938 -0.570398346498628 0.400584810109043
-0.0276695807135585 -0.0404650750570879 0.00681300686820325 0.465558896074065
-0.0245501445537795 0.00864989442481777 0.185931091586486 0.0829964772954143
-0.0121790082905041 0.0250261909938341 0.0775140807701861 -0.215540343707442
-0.0202829206482437 0.00687586438920077 -0.0282095469174632 0.19312087624365
-0.0176688345508702 -0.0063708465121939 -0.137481470822118 -0.0710345142420773
0.0159500592986664 -0.0371440141320079 0.0440278316787045 -0.424485459467406
0.0555039906846447 -0.0230881759218464 0.535869289724826 -0.243070768370666
0.0140938496438981 0.0647482461609194 0.659343726916854 0.496961316017761
-0.0542784971411725 0.0474447504243048 -0.126841430478023 0.909745747963691
-0.0514706173381438 0.00941863216116967 -0.550233665399038 0.393570969136239
-0.05161254928389 0.00505497356307087 -0.0106574606179788 0.0967615795584167
-0.0349540458993432 0.0484157968062146 0.531520988794244 -0.381158324690798
0.0122921617845814 0.046454845048344 0.0529510504822445 -0.926099083973372
0.0467196477991512 -0.00881081721727219 -0.757407203293307 -0.439574955308228
0.0178994620371837 -0.0680840973679702 -0.571836178476971 0.40217332294946
-0.0231637464380055 -0.0331305300393969 0.0104050280122804 0.465325588166024
-0.02185619297221 0.0160132680762052 0.191346589038605 0.0873528193864585
-0.0116128574121107 0.0269976754512203 0.0792860343725922 -0.212644211369826
-0.0173287282598041 0.00856230146422837 -0.0283124559856887 0.195282362341953
-0.0132182822973579 0.00067929373360013 -0.134982908741586 -0.0651162053252568
0.0192435883423494 -0.026291051475123 0.0427475417086365 -0.424503166962505
0.0519551677841777 -0.0195483684226813 0.529740743456899 -0.249504444533602
0.0115776702153553 0.0597740077490606 0.656775193542322 0.492069093966814
-0.0508628329934494 0.0424190240543636 -0.129182014734374 0.913573892950817
-0.0470886995151449 0.00976893296188205 -0.556618720089156 0.400690050330126
-0.0494419842777131 0.00769394951338242 -0.0233064571071891 0.101467903540934
-0.0313949618090695 0.0471790028369926 0.524003490610238 -0.37243257535312
0.0139531830382001 0.0414817346706238 0.0543612574948521 -0.92230954968985
0.0430011844716679 -0.0114050678561935 -0.757878436210327 -0.445058217214836
0.0160151700392642 -0.0640705248488703 -0.575373573528651 0.39557583965849
-0.0195153426162207 -0.025038618002685 0.00985868658504372 0.465748427153816
-0.0182162949612021 0.0234934455838782 0.195087667338126 0.0914808681275974
-0.00753949763209384 0.0300742205840447 0.0800726529534863 -0.209485373063897
-0.0102502916821268 0.011146948056692 -0.0322138082218214 0.197145676910972
-0.00941905418663202 0.00900025893317647 -0.134443084538895 -0.0570443502590142
0.0199034522087903 -0.014443756150635 0.0377315765585676 -0.425320975183723
0.0474242269279909 -0.0133730300398629 0.52453111087829 -0.2636723943687
0.00746501891189202 0.0540602968677247 0.661334495072251 0.476984877809575
-0.0457335296861689 0.0355699951000283 -0.114696124866425 0.918273098661808
-0.0390729697268449 0.00990172090145266 -0.555942705565426 0.41333329872612
-0.0428652533898266 0.00848093923313346 -0.030935690062914 0.106082912750746
-0.0246738832825366 0.0446681225621122 0.521072383149775 -0.362830697817978
0.0159485350959493 0.0338759763043467 0.0652381726284803 -0.920405434703715
0.0390330357228941 -0.0142825494062668 -0.755769870882826 -0.463426643111507
0.0153092679392174 -0.0570006447130519 -0.585943534781211 0.385697469230651
-0.01729878014842 -0.0156130596331445 0.00703391406296762 0.465503533258515
-0.0120425983544197 0.030240670419152 0.196327340771755 0.0987085931793619
-0.00224904129566177 0.032668881525719 0.0776013855614847 -0.205637937187615
-0.00327250118107167 0.0125005940263799 -0.0377148933186446 0.198204023278604
-0.00429341134358318 0.0152681794641955 -0.136910307660817 -0.0497106496267189
0.0209403389969918 -0.00228197073104669 0.0307181838474345 -0.427143515898345
0.0428805828427831 -0.00655032096504743 0.517091459605919 -0.28361951368952
0.00505984125926308 0.0490670558033317 0.673502317825225 0.453140482376318
-0.0407249888297402 0.0264037382971968 -0.0908076240442876 0.916694017203804
-0.030620095555047 0.00504217444269963 -0.550618449621245 0.428021857744178
-0.0340017471109995 0.00591682233226919 -0.0379126507416313 0.110245636301302
-0.0170340816654104 0.0383763676683717 0.524908908730547 -0.350521324144199
0.0185665042067354 0.0238040514477106 0.0884013238148212 -0.917715917684705
0.0352098579163041 -0.0166145424147054 -0.744500759971815 -0.488109654007047
0.0114847174464272 -0.0489919562212139 -0.59416101019786 0.369187328876822
-0.0154049750395703 -0.00576744645504802 0.00117543119766218 0.465775316252925
-0.00662771589415203 0.035266731406365 0.194264188651599 0.104499970914685
0.00470355621234961 0.0354507387852334 0.0729298648179814 -0.202767526048431
0.00476788220552903 0.012976385573022 -0.0447632583823092 0.198876871444085
-0.000723647569023946 0.0187587942478735 -0.142836351070609 -0.0429589082251522
0.0214330772488077 0.00753831592827366 0.0236134167841234 -0.428178738152094
0.0380145905705288 0.00245806560161007 0.510318180811073 -0.301822126655784
0.00458345290034433 0.0450143060936996 0.688957515534917 0.426503502499454
-0.0347945899318981 0.0165432956593979 -0.0613905610449718 0.916390330092901
-0.018624984548981 -0.00188203486926366 -0.540665908526783 0.439862217275642
-0.0224706545834015 0.001318867013403 -0.039940183157476 0.115953567018362
-0.00843503105857272 0.0301333375568358 0.532487259525014 -0.335737211478828
0.0236348546587611 0.013564250218463 0.119504899410765 -0.921489997847173
0.0331118968457739 -0.0186300182446156 -0.727865803150227 -0.518168439294772
0.00933682262528465 -0.039443060710571 -0.601501565446539 0.344032224742198
-0.0156649658533455 0.00233888920365984 -0.0062715584131121 0.464529489933283
-0.00315853626736507 0.0392803016028284 0.190717371004185 0.111325794559657
0.0133931022404337 0.0374713167043472 0.0670962861014008 -0.20310122967351
0.0113354452062749 0.0122537323217152 -0.0536915829922585 0.198742118162669
0.00184906550954552 0.018547978216019 -0.148207267425201 -0.0380971407989093
0.0206918240383833 0.0124066098661218 0.013722037326504 -0.431385596906485
0.0353497392751863 0.0090598929965057 0.505096450113465 -0.322259007222694
0.00489361512708221 0.0425368098787608 0.702850400088401 0.397791663819674
-0.03012306436147 0.00719650947166813 -0.0294359436105264 0.909377425949386
-0.00890665253646683 -0.00740871631352377 -0.526230654321442 0.447621328383145
-0.0120990963437323 -0.00413891556747056 -0.0380206987119979 0.118301414002167
0.00133306240462767 0.021581272831188 0.54592515829483 -0.32604989626088
0.0271127146269651 0.0050573062829298 0.151733558914579 -0.923120927490529
0.0315106920746252 -0.0204238862282163 -0.70813692931377 -0.547327794348826
0.00689578794665359 -0.0333677026953923 -0.609588688718875 0.323585185830931
-0.0175270225212824 0.00813787796275293 -0.0171769847151842 0.461537501394376
-0.000901617297572906 0.0409997174680324 0.186136165808873 0.115562226015737
0.0190583628312777 0.0379790858169231 0.0610051793530201 -0.20323033610624
0.0168759249305054 0.0106175686542702 -0.0586301243251048 0.197741538678696
0.00241879252348987 0.0166256645740468 -0.155532289477371 -0.0362233747058955
0.0196176990379905 0.0132022847446037 0.00506467368534492 -0.430845849272401
0.0352957732186806 0.0143871793010183 0.502056673578841 -0.336746651359371
0.00572072372677826 0.0419797585229715 0.717189939417048 0.374030057435878
-0.0273343927999891 0.00197703528355322 0.00134161544625203 0.902664715788832
-0.00105641391086147 -0.0150654510000976 -0.507553365395319 0.454065129481256
-0.00313614720116064 -0.00980009298423884 -0.0323252210234257 0.118526360367318
0.0082393530614351 0.0154808613151821 0.558325091540082 -0.317978668166067
0.0302569012283368 -0.00134725339586728 0.183617756191088 -0.92526597987522
0.0335043810221976 -0.0199806402615321 -0.690869593833694 -0.573155803683584
0.00640939365090509 -0.0274742967889542 -0.612912481841658 0.305018396610303
-0.0211132898417159 0.00975616809987891 -0.0242961133494585 0.460336949546183
-0.00136415907103562 0.0390105039271193 0.17734245295127 0.117971956567985
0.0251256616135529 0.037928745080369 0.054139040026713 -0.205712298929695
-0.0217560389159691 0.00334984248964543 -0.0282982169070515 0.191333627933268
-0.0208689498077408 -0.0143614668192429 -0.145003186786269 -0.0742680934951794
0.0124479913730777 -0.0452777584355823 0.0362777250690042 -0.429283492826837
0.0581572899870717 -0.0250271245896379 0.538250995365797 -0.25658900537189
0.0192481019494943 0.0673383965905456 0.678452868168127 0.488697093996811
-0.0553977078703065 0.0496889672950578 -0.108868741398229 0.910546140719412
-0.0516994380313713 0.00638793047139765 -0.535330145908593 0.399380126730001
-0.0501890668502661 0.00126146122490747 0.00266325460787091 0.0930623278868367
-0.0350746053592087 0.0451343009543635 0.54313032148031 -0.393600898050086
0.0116889166209468 0.0473502043490651 0.0549094858969117 -0.938627198011088
0.0513789365944008 -0.00702809240083843 -0.762753214497441 -0.440876691219796
0.0191204549345564 -0.0702219076186858 -0.56867750582118 0.410375513600539
-0.0277389025933099 -0.0405499121675067 0.01388172078196 0.468996691675026
-0.0247846418383517 0.00935224860380785 0.188227218574973 0.0821214713890547
-0.0111624777707342 0.0255172488021451 0.0760286711706602 -0.218065721949758
-0.0207313981583811 0.00553255805069224 -0.0259331511629308 0.193713851392167
-0.017513388499939 -0.0058610139121475 -0.138890770664865 -0.0699879327449984
0.0163598336949571 -0.0374624438127671 0.0380636045057399 -0.428185039239569
0.0559978389392735 -0.0240339112730515 0.535041943744751 -0.252370470468756
0.0154663796709793 0.0649160468938213 0.668990534681601 0.493276723332653
-0.0548384493842016 0.0476431285848478 -0.120770542542241 0.916426941191755
-0.0512489144023475 0.00933434648498494 -0.550169157349212 0.402567971585897
-0.0510219962878225 0.00497498268258942 -0.00933257685582322 0.0967522863750862
-0.0352448625203027 0.0476294186776469 0.531308636805467 -0.388041829598471
0.0119809662880333 0.0462232738903847 0.045149489001598 -0.932811116182105
0.047198104260129 -0.00928511612254397 -0.765392636304876 -0.435349482341754
0.0171465539647948 -0.0685046233319511 -0.570774747651674 0.411706390760705
-0.0245135703619986 -0.0336977576170684 0.0171215333467813 0.470038699564585
-0.0218571106738719 0.0160893806176486 0.194475457196854 0.0858434377820554
-0.0111612395352508 0.0279993210035457 0.0784663968300469 -0.214517468765122
-0.0169757003172661 0.00809363889108405 -0.026872105778816 0.196434040297604
-0.0125090756673549 0.00173754500142316 -0.135871088264554 -0.064488387906926
0.0184203372194669 -0.0266928282895238 0.038197338146857 -0.428684012170227
0.0518235174647191 -0.0203082594773015 0.530441470117907 -0.258550546230625
0.0122926759036771 0.0607267596825525 0.665714989981064 0.488085727632076
-0.0518449472189725 0.0435540565326929 -0.119865276802133 0.923117559744291
-0.047653905639848 0.011489240743458 -0.55773755800974 0.409505984776875
-0.0491292660697371 0.00855037614527162 -0.0213693450415758 0.10171721610599
-0.0315159709110451 0.0471460963946792 0.523183358625613 -0.378749916170467
0.0135719123968275 0.0415989673870562 0.0480956408841834 -0.927361898004753
0.0430559394038696 -0.011861481697864 -0.76908853930053 -0.441466688758751
0.0153147613886873 -0.0640167409211129 -0.575751267628863 0.405215217635475
-0.0206710030555253 -0.0248009359151955 0.0154440731073564 0.47004585416723
-0.0162407287187435 0.0236112824670997 0.197204885264535 0.0902134698311013
-0.0069667895736857 0.0306039782203607 0.0791647521074639 -0.211178633978804
-0.0121888744416694 0.0106090870027818 -0.0293545703038412 0.199131827417495
-0.00796892908853735 0.0094437478801877 -0.135862597337356 -0.0566921652348558
0.0204592818038917 -0.0144257967212209 0.0328989640818086 -0.429314507218946
0.0472352670188025 -0.0147962022483634 0.525502197465661 -0.271649629359637
0.00831115927601661 0.0546266858894325 0.669682827423286 0.473937361419749
-0.0458946511818376 0.0356238246303104 -0.108293623090638 0.926056851594986
-0.0394712230010856 0.00923874427497377 -0.554475565138995 0.421424504779504
-0.0421952634985808 0.00833476053962661 -0.030199838192354 0.10626654143595
-0.024516253258946 0.0441759591176561 0.521551286289388 -0.368831079780341
0.0162637815291297 0.033599512184907 0.056386713098694 -0.926876494245055
0.0386293750592199 -0.0153067920769245 -0.764478702341358 -0.460923940279633
0.0137819676893094 -0.0566758877035626 -0.584130675522188 0.394602059311142
-0.0179475810284826 -0.0144974228600305 0.0127291058060939 0.470127598735436
-0.0112862947702467 0.0306183239144066 0.19876252509621 0.0964904272339879
-0.00165636550189856 0.0333902180111931 0.0760507296819324 -0.208266000144649
-0.00300351219303161 0.0115664485250042 -0.0358195715787057 0.198630818144419
-0.00299407947033949 0.0155869226176318 -0.139071936243134 -0.0492977712853428
0.0211987739546196 -0.00273395066432275 0.0262760070373853 -0.431301437460807
0.0431596408164005 -0.00684222420468716 0.518748750440693 -0.291084703325038
0.00660458024019393 0.0497859820999304 0.681414972462016 0.448963501551451
-0.0399592487355545 0.0259489386583719 -0.0852336471443115 0.924548231672448
-0.0289997200033143 0.00499599171346444 -0.550568133753353 0.434530208881481
-0.0337191760266984 0.00640804277862653 -0.0366303847893914 0.111684580143495
-0.0166685408636003 0.0382588514307445 0.524598639674295 -0.356439742131055
0.0199734905184114 0.0232696999838755 0.0819246091389167 -0.926547304756347
0.0354998509593345 -0.0180594882840988 -0.754353081849368 -0.485471110963077
0.0111488287341537 -0.0487728652787484 -0.594047106801783 0.375953863714364
-0.0153287920181908 -0.00488935023448352 0.00624344796100196 0.469907413919067
-0.00639697033949413 0.0349948608279903 0.197332817732984 0.104346542452683
0.00547181664154873 0.0351942455328463 0.0713325732861349 -0.20536660044812
0.00440751142793224 0.0125441938549024 -0.042787233225807 0.19970797218624
-0.000241352625580045 0.0188030606948261 -0.143058196286755 -0.042795807048625
0.0213060258455661 0.00748221499301764 0.0175403243527234 -0.432279327353589
0.0380638929493569 0.00227479038541167 0.511513405938521 -0.309558059244031
0.00541685047986054 0.0453987097417866 0.696172494846005 0.422969332345379
-0.035402956343272 0.01662238705477 -0.0523987558917248 0.923092658140871
-0.0187925261227298 -0.000556166989202153 -0.540397538773247 0.447211217862654
-0.022566064944055 0.00254285471209743 -0.0395796157344248 0.116099843991854
-0.0073393990536063 0.0297986425275815 0.531861820345158 -0.344239241244475
0.0231369902519415 0.0129930656580461 0.113513294182745 -0.925946789393082
0.0329622454598616 -0.0198289153194953 -0.738468947676068 -0.5160691806713
0.0085283594154497 -0.0408599911748757 -0.603995923767697 0.355912571388247
-0.0158407219058623 0.00287174276307136 -0.00157033397036772 0.467029145321997
-0.00170135157121979 0.0401627250677652 0.192999227357913 0.110524462431812
0.013970817094883 0.0373648231275077 0.0650558757493605 -0.204425137723975
0.0118754738207296 0.0116674866763898 -0.0510148607566854 0.199916838690142
0.0021750447553886 0.0191500468538033 -0.150268878611637 -0.0376330257077124
0.021271105082501 0.0123166250713096 0.00824532064436852 -0.435378178830459
0.03619569303079 0.00807015396637678 0.503654728020122 -0.328134355949676
0.00561743714535939 0.0425595572289677 0.710415686879893 0.392261913935394
-0.0301321165068583 0.00752202915918776 -0.0216119401936149 0.916353905915515
-0.00975415146080915 -0.00870509044900734 -0.523530716141211 0.457199573169923
-0.011370635407954 -0.00382642427849332 -0.0365654964183439 0.118599444302061
0.00144160509805649 0.0213431235585813 0.545488811770203 -0.331377782605838
0.0269563453602167 0.00515798691342863 0.144525404617494 -0.930694381646067
0.03278801669986 -0.0211470583132365 -0.720889717960005 -0.546446061825754
0.00640556782588885 -0.0338670623041786 -0.612590727086626 0.331744932175224
-0.0172203282443977 0.00860039466876916 -0.0102567933041098 0.464276915339936
-0.000201378672226502 0.0413120709471627 0.188346269820485 0.114895541173874
0.020467634292499 0.0384070265892207 0.0596872040502494 -0.204651716134351
0.0170451975153184 0.00978354311293916 -0.0565339143695163 0.19838807529982
0.00271787401585648 0.0163507700079254 -0.156691069658993 -0.0342935615607528
0.0193584433242436 0.0122956925464853 -0.000387363163337886 -0.435645356708869
0.0351191417318678 0.0131707327895026 0.500226677600473 -0.345704797636286
0.00739146117742038 0.042118676416952 0.725277993785139 0.368111886878728
-0.0271547015543569 0.00257457485263182 0.00837334641771741 0.90940744080743
-0.00276227338057399 -0.0166259248313704 -0.507336303913803 0.463863804076946
-0.00304334976983024 -0.0100575372241595 -0.0304420323796911 0.118975581227853
0.0086193881202671 0.0139626631421841 0.559562150213614 -0.325311551863625
0.0307121114388743 -0.00131062131511504 0.176015000258063 -0.933989610427872
0.0333101033475297 -0.0209439925139576 -0.701287133171641 -0.571647205097556
0.00534168864376428 -0.0287310193313101 -0.614638278256167 0.314261464084096
-0.0212071659313438 0.0101696903246324 -0.0176125261609871 0.464052787662181
0.000360083679193325 0.0388830758999414 0.180100050655752 0.116528691523127
0.0258183971767803 0.037410501001041 0.0520709640708746 -0.207155027926517
-0.0225734365873392 0.00321092842810541 -0.0264508299294776 0.192123008226058
-0.0208748240708422 -0.0135457527935224 -0.146052033275102 -0.0732878362533205
0.0111855555799218 -0.0451089520525897 0.0307433844401584 -0.433492788738961
0.0577307971848055 -0.0260271407057438 0.537821914986256 -0.265965536571385
0.0205448710852297 0.0692188859913101 0.687841132366815 0.484336876177971
-0.0556585590783588 0.0501972426558326 -0.0983176574178563 0.919028140019759
-0.0512807916941372 0.00687310728047101 -0.535907699566911 0.406403762449008
-0.050249498572937 0.00241454196756383 0.00458080518366039 0.0946861321595348
-0.035218990770796 0.0457839989631656 0.54246005237312 -0.401018488777345
0.0117692646356618 0.0474900399485239 0.0455505476687145 -0.946928842838689
0.0509135880649911 -0.0080766154298577 -0.768556176501357 -0.433377047993014
0.0180970100911727 -0.0712857490810822 -0.569369989455214 0.419988629404712
-0.0284109185619448 -0.0407430758267967 0.0189005044723615 0.472463662886075
-0.023927970616625 0.00924934706350795 0.190350517165444 0.0816017808587539
-0.00966145607681947 0.024945676709336 0.0743157021243281 -0.219766044728455
-0.0215252707048284 0.00537753828507103 -0.0237302090896415 0.194584796513127
-0.0173653034361381 -0.00574717576196613 -0.140678741045276 -0.0700582261525252
0.0151856428105547 -0.0379612137613775 0.0329316715356691 -0.432446449027351
0.0562639606486583 -0.0255137950882268 0.536109219537241 -0.260638365794385
0.0168467636788358 0.0662266492318519 0.678389383038763 0.488538674127656
-0.0546274997085071 0.0497600628482398 -0.111513952650728 0.92437701733685
-0.0516077304975292 0.00994491915596183 -0.55056473188168 0.408840451026135
-0.0518504443976 0.00619447967762393 -0.00813532609443507 0.097918104698224
-0.0349732280269279 0.0482372118875831 0.530622897317077 -0.394678587349735
0.0124769990679981 0.0462824715874987 0.0373224945964262 -0.939644016864319
0.0470096217139798 -0.00999958389091069 -0.77649531133608 -0.430400144716042
0.0173086491031038 -0.0690752970742413 -0.569617157405236 0.42102262196486
-0.0244402092461485 -0.0341832907186018 0.0222697430639321 0.47346028739305
-0.0213308778914518 0.0165790319734944 0.196274817834129 0.0836299693040236
-0.00958776436476957 0.0274379698794426 0.0778589040554819 -0.216611070253174
-0.0181457507368692 0.00767799144239182 -0.0245234758300132 0.198230708629751
-0.013105616815137 0.00129767694575698 -0.13760684101212 -0.0635812667817676
0.0181173526491116 -0.0270731262972927 0.0332280484591651 -0.432547064214144
0.0517987686861154 -0.0211322168163995 0.530895366372789 -0.268965129870141
0.013674051126198 0.0611653823262616 0.672523179887357 0.48176642618024
-0.0509561447501013 0.0438730668257336 -0.110663032496943 0.930291280967999
-0.0474387800575452 0.011066456888538 -0.556396660035067 0.41707358549677
-0.0481442861890246 0.00899400668612686 -0.0200470226229897 0.101370059771204
-0.0316801963421313 0.0485893030120518 0.523312773344348 -0.386501821231194
0.0147420953906731 0.0411812228836309 0.0354309983339625 -0.934897274982634
0.0434630495107039 -0.0128896370939573 -0.778804935918054 -0.436531567821812
0.0159696485356586 -0.0647581957481245 -0.575103234285385 0.415435959493187
-0.0203059952768779 -0.025158951864152 0.0225771709984147 0.474132538377297
-0.0153950479654585 0.0232980585317904 0.199076249671795 0.088919866031204
-0.00656797773434413 0.0301591432972831 0.0770582287015804 -0.213265475143028
-0.0110903754017237 0.00982265796220196 -0.028050918621884 0.199506978279066
-0.00812677025506755 0.0101610835992128 -0.137166710752831 -0.0558575383458942
0.0197421633774055 -0.0150066985108224 0.0275857032760425 -0.43288092659738
0.0476264021490751 -0.0149642510613741 0.525929284159858 -0.279462774848573
0.0106350872473833 0.0550846876469659 0.67956298004306 0.467851549445786
-0.0469595878442899 0.0369155700259416 -0.0984154161812601 0.933168090754886
-0.0400354326347476 0.00922361537815689 -0.554613436320751 0.428834906174754
-0.042553863526167 0.00905825918646605 -0.0290531622274764 0.107721815621414
-0.0246735121568081 0.0450591994395168 0.520948098429818 -0.375485901792874
0.0159708820513238 0.0334060209851101 0.0480456988156721 -0.93241778470787
0.0397401996126266 -0.0156051925201258 -0.773953774299152 -0.453422800147637
0.0134302470346306 -0.0571266020812205 -0.583997963432254 0.405317051547618
-0.0174405867673545 -0.0151767592198752 0.0200135659280464 0.474079190640562
-0.0102610907667967 0.0299986415105648 0.200732867771182 0.0957479185222518
-2.58009907198355E-06 0.0329448462698307 0.0743685461090641 -0.210749151678893
-0.00319717797875472 0.01171337570019 -0.0333253823735122 0.200259845144138
-0.0030072866044786 0.0161897366271902 -0.139457764476641 -0.0490043935734673
0.0211795328847484 -0.00260159043782772 0.0198805829988804 -0.435106076017089
0.0424640452574179 -0.00707332913049226 0.51745104020119 -0.300926347569314
0.00837878044052649 0.0508505587693723 0.689619748154583 0.444484925904054
-0.041043513369562 0.0271646243190506 -0.0738996655247975 0.932246410449931
-0.0304780345829285 0.00515726993531198 -0.549381480097634 0.442672924593061
-0.0337275304027867 0.00661405838002045 -0.0362127456556867 0.112549490824751
-0.0160892376018494 0.0384043323165405 0.523093100086102 -0.364270878483626
0.0201285124261618 0.0231787959895876 0.071428262991786 -0.931387127911751
0.0352640164093935 -0.0175310131190431 -0.765726860006384 -0.48066309090685
0.0109222380905984 -0.0490759157157176 -0.594195438528036 0.386482765834316
-0.0154672261310422 -0.00520955975440973 0.0120013772290259 0.472249007460972
-0.00545211877702272 0.0364771470624538 0.199862689279772 0.102737114622892
0.00697900604228517 0.0351462263437773 0.0700858233139796 -0.207142651869639
0.00444948465879812 0.0115356121186739 -0.0405735654194727 0.201649844414019
0.000652166305317662 0.0197087288826019 -0.144673951512156 -0.0414175400932576
0.0213579906353947 0.00635657420663895 0.0111298478959817 -0.435663488788957
0.0384866625641827 0.0012575867438684 0.511204975461055 -0.319505130536599
0.00727182423821057 0.0468649036631455 0.704669567985502 0.41557328765399
-0.0350131321592833 0.0170641406243939 -0.041739049945676 0.931278098290221
-0.0189613929991663 -0.00220678158209998 -0.537950818008511 0.45605955697942
-0.0222001101478191 0.00239556473150524 -0.0380265582960605 0.116499440507255
-0.00718256162833259 0.0309391208846446 0.533340383012299 -0.349649708790617
0.0240210806254635 0.0126483483163537 0.103892837539893 -0.935772818858011
0.0325405858014248 -0.0199536894494227 -0.748079486007826 -0.508916308933148
0.00857632496582497 -0.0405359514939099 -0.603568717311145 0.364061045115713
-0.0160371186544345 0.00299314086753294 0.00462684127159076 0.470698041387855
-0.00118265858513394 0.0402255862588943 0.194980181554658 0.109955766397272
0.0150420959680673 0.0372870945044965 0.0629835595594719 -0.20725549535702
0.0114056091108953 0.0110261930363065 -0.0491894735650445 0.200511733482136
0.00250651066121473 0.0192062891574965 -0.150884351066552 -0.0365387912480501
0.0208506791903751 0.0122487021401415 0.00231972955695475 -0.438098183032298
0.035642837160908 0.00811677921746973 0.503811187441942 -0.33852354594869
0.00719004782480912 0.0439013584231705 0.720018726043575 0.385543774584557
-0.0318505435075934 0.00760260880113364 -0.0112279711507904 0.925561185216525
-0.00926520135371791 -0.00966441444683542 -0.524276498091254 0.463612465391481
-0.0114079548621219 -0.00334962155974496 -0.0354815843224841 0.119430974790273
0.00162763990417622 0.0213454926512624 0.545041160618257 -0.338760579994218
0.0274445271539423 0.00410590986028183 0.13471783127732 -0.937500021471531
0.0313642890406375 -0.0208763858683897 -0.729960091872429 -0.540457153384231
0.00690349414419964 -0.0331646391543813 -0.611144324274414 0.340118079004373
-0.0174991572971594 0.00856591739253589 -0.00429402661237949 0.468787319538912
0.000807038115842323 0.0404109839569092 0.18960343188974 0.113909077636141
0.0222371337864792 0.0380153240217503 0.0583063218601827 -0.20727939085409
0.0161611696108574 0.00822179140633303 -0.0555440413967969 0.200836485942039
0.00351603880252332 0.0169677629574904 -0.158430363829933 -0.0333847194756213
0.0194964504826337 0.0128082736767019 -0.00591093523882828 -0.439440419855391
0.0346918808614105 0.0127522563849978 0.498932682362685 -0.354571432758439
0.00856529515650983 0.0428278427559101 0.733713442703631 0.361166938445978
-0.0280557021190194 0.00227348290761578 0.0195368706243828 0.91708970419254
-0.00336203154780458 -0.0164133270883253 -0.50407545572952 0.470668305295281
-0.00355462073193104 -0.0104670907596979 -0.0296267041023825 0.120458374581205
0.00809340609201166 0.0140535433712067 0.560584185199467 -0.332100146473732
0.0303778894890515 -0.00147569043302017 0.167137309737846 -0.941685949870108
0.0324879873532274 -0.0213031218158322 -0.712050811868005 -0.567989668578988
0.00555582597771432 -0.0281572499890556 -0.614868323606815 0.321889718350642
-0.0209263367376421 0.00981337186539211 -0.0138533021574363 0.467187546074366
0.000912961704554328 0.0387114459866931 0.182397059666422 0.115265872412565
0.0270378681859296 0.0364974234587015 0.0499694751221104 -0.209568759460297
-0.0228226944511533 0.0030872618952926 -0.0235685089359814 0.191998990912596
-0.0214557106091116 -0.0121933057553229 -0.147586922398031 -0.0716736559818611
0.0109899041236824 -0.0456216722688146 0.0243014482912983 -0.436401450270953
0.0582555841816874 -0.0282591368199397 0.537295222864185 -0.277359322876943
0.0223321947077693 0.0689501510867119 0.697252796869902 0.476808422002243
-0.0544129437366933 0.0512122420674478 -0.087061702568737 0.924763138391518
-0.0520566272802576 0.00701929708246555 -0.532363298397753 0.415227653248036
-0.0499623225925648 0.00274371045057461 0.0059091719252454 0.0951382345281534
-0.0353751853341507 0.0458942200541191 0.540469119054195 -0.408900517182088
0.0124290473116374 0.0478399728422781 0.0331179499695397 -0.952116195896607
0.0514404470719162 -0.0087074214758747 -0.778713331164752 -0.426593544201454
0.017862849063484 -0.0718541338212423 -0.564904931262653 0.428662904058603
-0.029251348537777 -0.0400175740459453 0.0270032424194481 0.474557391621365
-0.0233113637920994 0.0101260634693425 0.192884939801985 0.078431601241231
-0.00946041564388006 0.0242086720046175 0.0713521926681831 -0.221927420124989
-0.022355586089691 0.00522843969466864 -0.0210773486741622 0.196266050860655
-0.0167425904663233 -0.00629038575760872 -0.142166934334951 -0.0687475686093897
0.0143920835970251 -0.0378062530640306 0.0274647271212795 -0.435743259726542
0.0556945087856042 -0.0269942988684473 0.534194460156438 -0.271272863119648
0.0182539224365333 0.0658430992239255 0.687790504226881 0.48161785272125
-0.0542670153730819 0.0498815949023057 -0.0996584229682967 0.931399935898955
-0.0523594061719755 0.0101113477203098 -0.545269208529256 0.417011309790005
-0.0507328017167229 0.00643649203240249 -0.0075004636796204 0.097939959014462
-0.0347866347578467 0.0486228314072392 0.528311914025393 -0.403267719609424
0.0134475614370275 0.0469391091982295 0.0247603285786968 -0.94621748869677
0.0475118750222746 -0.0106453579482133 -0.784206004347419 -0.421959273229811
0.01643255571174 -0.0697898045528667 -0.565637124117242 0.430921798146156
-0.0244288219649758 -0.034007135832159 0.0282016058961999 0.474546010216336
-0.0201787327757888 0.0171325790096529 0.198662640204539 0.0815318489006281
-0.00874146510236688 0.027130024831777 0.0743895511358603 -0.218732323270109
-0.0187800204666213 0.00755406655755824 -0.0221189621514377 0.197953167209897
-0.0121994025504008 0.00228859014173597 -0.13921911521533 -0.0624590397911399
0.0167607938788734 -0.026957350666832 0.0261733985675014 -0.43625526924264
0.05249493978625 -0.023035065176158 0.529609878711522 -0.277551596568859
0.0149919503057726 0.0613203112425407 0.683261128168098 0.473150353871411
-0.0520397381962654 0.0455044002929005 -0.0971061116755712 0.936708684603874
-0.0479280686869207 0.0113153199169134 -0.553835771371392 0.426847271352373
-0.0491338009376482 0.00922722496350938 -0.0183785189434334 0.102403128873824
-0.0307323958348981 0.0487546285596509 0.519838883487239 -0.392797177655645
0.015155830403038 0.0406017273105781 0.0236816290800682 -0.940412294298803
0.0433488992820578 -0.0138430453041949 -0.788807615859672 -0.426855136320932
0.0144165044121086 -0.0651594360658098 -0.572155140937614 0.426412839358261
-0.0209017052417483 -0.0250988946407198 0.0293076964485948 0.476531753749943
-0.0156158414407735 0.0235715755458952 0.201918977637068 0.086863194852048
-0.00583286790070145 0.0300888427146464 0.0751326058791443 -0.215503292344868
-0.011276776705567 0.0097634196223742 -0.0236495930255489 0.200244159914698
-0.00779743305630425 0.010865910872522 -0.137805930239399 -0.0549838543587215
0.0196847849252967 -0.0153578367161793 0.0213845301966473 -0.43720491754542
0.0475476028924622 -0.0164607214996268 0.522724191135304 -0.292492596737555
0.0112812245866918 0.0560985691286613 0.688542022778418 0.459837001155912
-0.0463270869991887 0.0375330578943869 -0.0871257961997274 0.939998117690971
-0.0402905735976207 0.00952011145161847 -0.552888649982003 0.437833839924929
-0.0426278866406959 0.00956349996924501 -0.0285302742849762 0.108092969009657
-0.0245525521534482 0.0451897014116619 0.516928571912937 -0.382794713753872
0.0165147018649505 0.0330752549566147 0.036116432883112 -0.939183126997461
0.0391240646226143 -0.0154631180131738 -0.784544938064904 -0.447687159201399
0.0130677647598863 -0.0581202718876532 -0.581714969351551 0.414163942121944
-0.0173673807166822 -0.0145016409451255 0.0262767619532807 0.475053905027539
-0.00967035478568196 0.0307744079069488 0.20343920096933 0.093582593703282
0.000625598838567056 0.0326892430666899 0.0719154613581472 -0.212014900968896
-0.00343237103559439 0.0101457070759721 -0.0298172475249095 0.201021362807877
-0.00328172805947115 0.0165364326913237 -0.140193430826125 -0.0479880744584586
0.0203827720259835 -0.00388951795053381 0.0144005398269244 -0.437922799912129
0.0432368850044099 -0.00868255086683248 0.515182595825774 -0.311708161835901
0.00994487157749852 0.0502307477940898 0.698148480297067 0.435486289291283
-0.0412552693120137 0.0275177299075155 -0.0620099143798 0.939770118337655
-0.030977425946138 0.0050499250855409 -0.546750262339654 0.453574243677274
-0.0332899800463977 0.00644321808484258 -0.0348262628229183 0.113116320754228
-0.0162618812317827 0.0383282596595859 0.522631611441484 -0.372593301041447
0.0199328773445969 0.0231899357062969 0.0599246345032756 -0.937917073726141
0.0349219775038233 -0.0185281153846097 -0.774712640790386 -0.473156411786711
0.0105149840538426 -0.0493227056812714 -0.591160774139277 0.397093110533208
-0.0151035336616237 -0.00488252148587636 0.0195683897238069 0.475265976404796
-0.00426903448048012 0.0366617016118605 0.202511453150067 0.0997294514301459
0.00704642012871335 0.0348199981903666 0.0671128527014076 -0.209165069484588
0.00394390650162282 0.0112479034321961 -0.0371553555187707 0.20220363102435
0.000500165210278347 0.0204528468282796 -0.145013756530845 -0.0403337157733283
0.0212427521877017 0.00667497647498917 0.00516825504344707 -0.438794325467508
0.0388942182234394 -0.000187237900019448 0.506868340779029 -0.329974612813055
0.00823935606217102 0.0462169635504285 0.712815732567745 0.408861040075222
-0.03582253815593 0.0174506453105206 -0.0327537916584547 0.937732315173525
-0.0200963384178487 -0.0020056846103683 -0.534652760589291 0.463588991432492
-0.0222099505600868 0.00250615015743073 -0.0366516993585893 0.117214342814626
-0.00634745947445804 0.0297253416410666 0.530958878434287 -0.357262276894201
0.0232383733984379 0.0123817927137435 0.0906621148879528 -0.938739156342121
0.0322402595209131 -0.0209446022470663 -0.759947262418887 -0.501822520171087
0.00794211065923568 -0.0408839880255828 -0.600900170338858 0.375548904183275
-0.0158370001324214 0.00298046770528424 0.0120243386653343 0.475152432767751
-0.000357099030950133 0.0398396366789527 0.198867095245374 0.108351583407412
0.0154972369844028 0.036563296613565 0.0607699934112323 -0.207700773600829
0.0107317969473867 0.010289685608037 -0.0469639882615199 0.202421209468013
0.00299759685165756 0.01967626307764 -0.152758678445394 -0.034575388603854
0.02033024745005 0.0116326807307717 -0.0047019058241373 -0.441552690364827
0.0361053449315437 0.00671120504467366 0.50144899144911 -0.349522823894227
0.00856593118387331 0.0438415811192745 0.726403939760739 0.378352382558156
-0.0315114821283461 0.0083200828441447 0.00338068674843054 0.929671106219799
-0.009611064323264 -0.00937646214425736 -0.519509661641575 0.472897196182387
-0.0113631882234067 -0.00443384859327611 -0.0345118902979755 0.120418300829674
0.0018553551042647 0.0212499743876236 0.542131902736601 -0.347001146513851
0.0276394825533242 0.00376920982153372 0.123654089351888 -0.945035004276247
0.0317112431610821 -0.0223952963521601 -0.74283797815536 -0.534467282694007
0.00633698093479753 -0.0326999316771511 -0.608927714221496 0.352405906380917
-0.0179362649468575 0.00967794107162134 0.00148109487227641 0.471716255572439
0.00117271869385597 0.0403352509118417 0.192854033444467 0.112485185990358
0.0228759794307756 0.036368289960834 0.0549197605382922 -0.20819758394734
0.0157408421065273 0.00850413631216567 -0.052638669417247 0.201827090320146
0.00368612070016953 0.0168098791470997 -0.159774974853831 -0.0325454577401125
0.0191522628040526 0.0120692767318417 -0.0131074695793754 -0.44210977895305
0.0355713611629812 0.0120019433690829 0.496288715389893 -0.365981081037134
0.00949111882499516 0.0426769487068757 0.741897591332954 0.35342245045882
-0.0286661716709651 0.00188915716404881 0.0312103392759746 0.922155419573904
-0.00355581159069199 -0.0170716561726949 -0.500604073628409 0.479973352703791
-0.00362038894343285 -0.00981454902851743 -0.0288367439052615 0.121356911887185
0.00845048412766668 0.0133670521400102 0.559200098436139 -0.34097434790555
0.0301884845928123 -0.00291069128050778 0.156637293558325 -0.94957577795703
0.0327542809190219 -0.0221329333363658 -0.721179118375493 -0.560327856523149
0.00421425264855377 -0.0285340598843979 -0.612922388426763 0.333977432141103
-0.0209777729792321 0.00992727656878986 -0.00610187550642052 0.471038833134964
0.0022033620187879 0.0389537707115216 0.185231580108361 0.114795147096543
0.028334349285597 0.0363760171220941 0.0478307569551446 -0.211489132733712
-0.0234075121357222 0.00276615251142482 -0.0209728189756705 0.19321330168756
-0.0210781019346729 -0.0126335175905409 -0.149523973152932 -0.0697122720839037
0.00962362911992298 -0.0460950132076514 0.0169278215754629 -0.439770173111219
0.0571540393429511 -0.0302129080663496 0.535292754201803 -0.286335370600198
0.0249207600427699 0.0693141232025176 0.704895854394999 0.467759200958759
-0.0543651145389658 0.0520334868941801 -0.0742178776634215 0.931421802849843
-0.0521640881755604 0.00668997323414218 -0.528408397022951 0.425176863021759
-0.0499311932018378 0.00297305920779013 0.00782225015088742 0.0951022711131611
-0.0345669668641285 0.0470065676141542 0.536319844065425 -0.418024951436061
0.0139942014311371 0.0476788677962428 0.0208776087511266 -0.956929673674496
0.0514838135459023 -0.00960412884875565 -0.78749585556774 -0.416883797458292
0.0173765292074069 -0.0714098644792522 -0.559728313308945 0.440385623745524
-0.0292899760158104 -0.040286124940259 0.0345313599659167 0.476152327162566
-0.0224723770305698 0.010134204102217 0.194338208770259 0.0763161112846736
-0.00868415075145566 0.024460980273315 0.0687590660054964 -0.223755972521003
-0.0225668530659892 0.00496089993446362 -0.0183741561252892 0.196219877952857
-0.017459445509148 -0.00532806378740469 -0.14357524580741 -0.0678199273565675
0.0145549144985437 -0.0380867645840927 0.0189737669117452 -0.438693948323699
0.0554105742025628 -0.0286523045652261 0.532293997236279 -0.281736708159796
0.0210218732637711 0.0665525612566602 0.695706099417981 0.471171496842237
-0.054169384971265 0.050387930212259 -0.0885177282979288 0.938732073072807
-0.0524499080374487 0.0103742248686677 -0.542930757080802 0.426585013336681
-0.050513056526139 0.00718802199902844 -0.00560036858970145 0.0986505395558455
-0.0345967238855312 0.0492371956173146 0.524664804404846 -0.411001022350315
0.0134296513747417 0.0460720333229632 0.0106797391109794 -0.95078677007308
0.0473480606520313 -0.0112798535906088 -0.794867158761392 -0.41251623082881
0.0154125146989376 -0.0698052218819856 -0.561938542674223 0.442045449965135
-0.0254664407536416 -0.0333105351427305 0.0370141015831618 0.478286923837344
-0.019826333231983 0.016566158762198 0.200798174579402 0.0797563871022498
-0.00920471695824034 0.0267295149311874 0.0719829474368645 -0.220279273151841
-0.0182389285823589 0.00711926369243786 -0.0191494810971379 0.198928934505437
-0.0124420249824206 0.00379721124532434 -0.1399462845794 -0.0609815249782701
0.01683574659289 -0.0280504400412548 0.0190166399267318 -0.438698095504615
0.0514276728922816 -0.0244829751780608 0.526733946895393 -0.288115136496769
0.0164457860470206 0.0618730919305444 0.692411479914667 0.466707459704374
-0.050789239649599 0.0460136962281843 -0.0858076068839869 0.941424247918376
-0.0485883484236374 0.0114811472457717 -0.548057257875351 0.437324319855106
-0.0487979937512797 0.0103670001159256 -0.0170025100132869 0.103031806514716
-0.0295355042591615 0.0491209964888663 0.516448492845473 -0.402590311683473
0.0152719124593974 0.0407574817207591 0.0125686837153351 -0.944284755985517
0.0430845554449033 -0.0141386714103573 -0.798187188180119 -0.418098348911948
0.0136303318120499 -0.0647868834807418 -0.567313977636201 0.436358360040336
-0.0210790460598182 -0.0246176964733078 0.0375028347645764 0.477956590233251
-0.0142168269012343 0.0241619912141894 0.204996959537493 0.0847591861017578
-0.00506373188128005 0.0302992776250091 0.0726051145790563 -0.217805450723698
-0.0118536204323545 0.00926517248092689 -0.0214322282708933 0.199724507561846
-0.0072390638499442 0.0104685778884521 -0.139528013021522 -0.0541641220029317
0.01915729056395 -0.0158673440634377 0.0134656602474622 -0.439407657867077
0.0475461709108874 -0.017340875956496 0.521301543102349 -0.301755922240312
0.0135535370092173 0.0560195622463219 0.69864374242592 0.451429893017203
-0.0465727963606655 0.0380771052270829 -0.0742634064571443 0.945447576094539
-0.0405230165948099 0.00972193324485786 -0.549120969805521 0.448150162946399
-0.042577880549396 0.010051503650001 -0.0267450620010397 0.108784293259862
-0.0242797989666816 0.0454259679617563 0.515027101586148 -0.390521799954342
0.0166174709199401 0.033239206091966 0.021843753876906 -0.941783811960477
0.0392522835029757 -0.0164262881849539 -0.794605304763402 -0.435994697995918
0.0112950617011128 -0.0578473669077946 -0.576041328247583 0.426729003436382
-0.0178072148259862 -0.0147449893364889 0.0346836531974367 0.477289866175649
-0.0089909099040631 0.0303407800097785 0.205533973416623 0.0914531935360708
0.00117617339502159 0.0326888103498066 0.0694652260643429 -0.213662434553639
-0.00420886727532483 0.0108783074092992 -0.0273341713796322 0.201399885792517
-0.00317840453953403 0.0166330906522868 -0.14221659242012 -0.0459134892738946
0.0215347737476113 -0.00373309918632744 0.00577904940953239 -0.44079973304732
0.0430476165669069 -0.00932267012578094 0.512544670033689 -0.323364388679766
0.0119905883721362 0.0516584715782405 0.70764298598411 0.42711209120699
-0.0414596306328677 0.0284861961544822 -0.0476622544337106 0.945172502984019
-0.0310210379103242 0.00584977174689593 -0.54183671192955 0.461651409962537
-0.0332827425529867 0.00734273050636778 -0.0327311349618462 0.113113219210364
-0.0159581692299581 0.0382311377248841 0.518592941103098 -0.378859339338951
0.0197869303157601 0.0226971268555814 0.0474167910004042 -0.942611909994623
0.0351419990635732 -0.0191249272216362 -0.785869987990337 -0.461870129465046
0.0101934972022688 -0.0492547909840364 -0.587415751022809 0.407504792552759
-0.0159388258629115 -0.00517774143978808 0.0279567181159745 0.476849705496195
-0.00281553276084407 0.0357820524085384 0.204537237914229 0.0978491364990181
0.00858481659187653 0.033442038819323 0.0647424965101959 -0.21073987237308
0.00416391931504194 0.0104462648851038 -0.035043766606106 0.20362038141448
0.000798837187705467 0.0202429294699873 -0.146535241292887 -0.0380864164455243
0.0215327696321742 0.00616236373094554 -0.00240652906676993 -0.440859042984101
0.0382661707074877 -0.00133057929019822 0.503913617504718 -0.339897431868562
0.0105997669950708 0.0470997466486798 0.722722856536802 0.399806433529919
-0.0358830295800549 0.0178200382027455 -0.0188208858283197 0.942701292430378
-0.0193107391625044 -0.00165032743011583 -0.531108394151892 0.474526252858865
-0.0222267636951405 0.0025809326143229 -0.0351479891536062 0.118752297315605
-0.006271756086961 0.029374681779602 0.52752459718442 -0.365863800152528
0.0239856114157286 0.0119821333806615 0.0788647798757532 -0.946623743985464
0.0318762595606342 -0.0212219275604774 -0.769622826150671 -0.49387923408809
0.00707837263618826 -0.0405113856844136 -0.598176099206341 0.386144509050125
-0.0155020340255936 0.0040073672823254 0.0202471535261848 0.475976622876294
0.000787032659907675 0.0398130058973158 0.201464690598271 0.105219141317642
0.0168325572344817 0.0356941414585164 0.0582361554427282 -0.209623519731664
0.0112946902805411 0.00969920626038843 -0.0431603223263843 0.20345100015577
0.0035915084607222 0.019633034002869 -0.15353109270582 -0.03448931578291
0.0207592523334583 0.0113673481843107 -0.0117740608031347 -0.443330957231213
0.036764182921903 0.00608873780069168 0.497399563624877 -0.358827857541649
0.0105995815662989 0.0439104330299336 0.734182638860495 0.368669985425475
-0.0318755613820389 0.00916524019510538 0.0147879570276591 0.934776317916515
-0.0108275437812186 -0.0100885561894806 -0.51482205829183 0.48259882584427
-0.0105996140137169 -0.00355781210046945 -0.0321317403197478 0.120531945295539
0.00215744955716586 0.021140503810545 0.54238785194916 -0.354650615846377
0.0271239032323756 0.00360057524281381 0.111425703272606 -0.949182123364235
0.0315763561107401 -0.0223026429353128 -0.752882048275217 -0.524421336668788
0.00560980786060595 -0.0339492748858772 -0.606256951159171 0.363166272005223
-0.0174681660042743 0.00916702027982397 0.00900254622152445 0.474865611921959
0.00264767553450614 0.0402275022724134 0.195050055925048 0.110801002366123
0.0233129999851583 0.036276983813428 0.0522541884044381 -0.20956881115213
0.0157977549465567 0.00651698581745675 -0.0499509277768936 0.201901286805473
0.00434483779892718 0.0170792727340752 -0.160415954864602 -0.030117128450055
0.019116045401607 0.0122055723919038 -0.0214798348295462 -0.443211557072021
0.0357707611173334 0.0114027852516669 0.492256094717408 -0.375003219309891
0.0123899485968064 0.0427636744784102 0.749614980846073 0.342587849523126
-0.0288464214948661 0.00248277230310832 0.0445761786781361 0.926654743528116
-0.00377791394694247 -0.017186380194729 -0.496754207799131 0.488127773411054
-0.00297018938735747 -0.0105269778625695 -0.0264797603233892 0.121723883175501
0.00832433422659091 0.0138131350117033 0.555749698418564 -0.347793399609515
0.0309324119962715 -0.00303123947813996 0.142634752720457 -0.95531354352493
0.0323266688409864 -0.0226309559755371 -0.734434289846135 -0.552318526914218
0.00433370864129583 -0.0289174503478227 -0.611659550215169 0.344174897228473
-0.0206036391416795 0.0107289327965248 0.000421460724922739 0.473363123470145
0.0029140640826124 0.0385483107854404 0.187345463788645 0.114184128794787
0.028960250998196 0.0350805922878755 0.0446522827880226 -0.212526536365329
-0.0239024327530065 0.00235579383508947 -0.0170724567109501 0.193231107807318
-0.0209297641609734 -0.0117077775273094 -0.150537808382149 -0.0688332037672327
0.00876349083747402 -0.0464761556263823 0.00832541239186307 -0.441666958812174
0.0576270571226541 -0.0307187109154227 0.531715536012163 -0.297095948143417
0.0265123366496828 0.0695911062859875 0.712933538337589 0.456682756498929
-0.0542538526032993 0.0537112696696937 -0.0615162952796245 0.935829512108801
-0.052337907456349 0.00835246657314331 -0.52384818163613 0.431554052711163
-0.0501310567552177 0.00353020170551219 0.00950451362338526 0.0943588305209591
-0.0339683863542043 0.0464341046184568 0.529342928418555 -0.427588675843301
0.0136694255324568 0.0470481454382725 0.00540432558671001 -0.957370057247437
0.0509725611123834 -0.0102732733403013 -0.797469025497554 -0.405870870391323
0.0149882074672412 -0.0717038724866974 -0.55213473772473 0.451010293917983
-0.0296671169940471 -0.0390552146205924 0.0428070488155447 0.478049063091855
-0.0221348927793443 0.00974691150521716 0.196807812160518 0.0740570502783575
-0.00783512480384596 0.0248296375122935 0.0652134500494352 -0.225342542899902
-0.0231441241406267 0.0054120118598527 -0.0138978621509308 0.19637224782675
-0.0171588175647881 -0.00489361330780065 -0.144712189177318 -0.0647007057527124
0.0138026322911753 -0.0388933291523908 0.0110640735137889 -0.440324411800513
0.0543947909480151 -0.0295755346857325 0.528612225513332 -0.293328545394029
0.0225949668620937 0.0664797852289235 0.703911845076776 0.461776984058834
-0.0538014110510161 0.0521816417405807 -0.0738384349691752 0.94143135496393
-0.0521579884400855 0.0112045422247786 -0.537090025640135 0.435594692442333
-0.0511570285855983 0.00718950574367521 -0.00277021748521864 0.0984521975908959
-0.0333110465484206 0.0492099381586671 0.518939371492991 -0.420946797170266
0.014709193731444 0.0453845545973322 -0.00268614175234043 -0.949977628857352
0.0470119431127048 -0.0120683507579131 -0.801185849642116 -0.401644570185694
0.0146020014118568 -0.0704085330005401 -0.5549210402914 0.452364507968955
-0.0262086325537175 -0.0335274772405341 0.0463132937424608 0.478673067043813
-0.0186707657530179 0.016471918769977 0.202266275205028 0.0771434962395701
-0.00756572579752148 0.0271111822508177 0.0687762805401367 -0.222545281736474
-0.0184996384993476 0.00740242119416195 -0.0149988368739127 0.19793097287703
-0.0121859814433186 0.00326825365273696 -0.141652959147291 -0.0591490799414984
0.0159638294525503 -0.028158569470946 0.0113040860827308 -0.439636409581266
0.0514373555068719 -0.0265029253126167 0.522803234989402 -0.298020780335504
0.0191300833425413 0.0615224366802515 0.700747977870561 0.456583056513163
-0.0509366737279697 0.0474705061226026 -0.0730657558587703 0.947212230334228
-0.0488276739624028 0.0122541108476498 -0.544012180464656 0.445979993075744
-0.0481419593951819 0.0100480118972223 -0.0150000013760304 0.102736218483521
-0.0306131152496618 0.0490334848997093 0.511269022653027 -0.410125258394721
0.0152992542545494 0.0409743822610094 -0.00341576103099917 -0.944235854972981
0.0428080659821344 -0.0148094562004227 -0.804994219338216 -0.405733601798967
0.0126951734580497 -0.0653028883406257 -0.559763552378701 0.44629049426567
-0.0224849766687248 -0.0246924873159779 0.0466596971249091 0.47887183575853
-0.0142534550774126 0.0238688195796999 0.207139699954976 0.0820961689764123
-0.00433831035228906 0.0289452416800836 0.068732198146593 -0.21868971863674
-0.0117724433198295 0.00889431499110697 -0.0177010253103509 0.201046469210292
-0.00700649649497119 0.0110568352921991 -0.139967333220842 -0.0514312117484399
0.0187927398719232 -0.0155448816220581 0.0060539939450207 -0.44116104628312
0.0461286810205956 -0.0190878002479525 0.515505017397529 -0.31030080130112
0.0164013189807172 0.0567338879357683 0.704202187919122 0.440100958152523
-0.0466024171727081 0.0390785058186574 -0.0583091118715659 0.949350015067912
-0.0408565591975031 0.0104728496475031 -0.542416688248769 0.456031222947114
-0.0429339266599237 0.0110779455344713 -0.0249440797933437 0.108348035470739
-0.023910657036032 0.0455075904784947 0.509267051775043 -0.398559463143585
0.0174696363288453 0.0325776537068551 0.00799487884511878 -0.944597207548696
0.0393952401528448 -0.0168698950838179 -0.802928871870917 -0.425295245009041
0.0101298322873342 -0.0582746074824612 -0.570975559817467 0.436813628160088
-0.0175547855090322 -0.0140547769703457 0.0427442561421288 0.478001303552103
-0.00792500512150925 0.0301904589080295 0.20794207134609 0.088737382318927
0.00225967151826375 0.0323030572443236 0.0665586722068199 -0.215009154189643
-0.00449788145531466 0.0101236510832942 -0.0238639022404745 0.20201558075574
-0.00272769940197223 0.0167469117591246 -0.142713047927198 -0.0442163358740395
0.0203780758684602 -0.00382197352669282 -0.00197350233513945 -0.440957327195885
0.0423930275672302 -0.0104452300913741 0.507977060367095 -0.332304802125728
0.0132695431847321 0.0516782018695342 0.715504167885297 0.416227938198663
-0.0410299695578084 0.0293739919311277 -0.0321625664100943 0.948600682030067
-0.0310392722551696 0.00560475920607528 -0.535446286740705 0.470670158394776
-0.0329044349751652 0.00719723004593632 -0.031661687167427 0.113276091670943
-0.0155997604086919 0.0379575487072954 0.512840858816138 -0.387075036755441
0.0207331939041781 0.0228205127855766 0.0320543898574488 -0.945219345796928
0.0349526494954391 -0.0193865672576648 -0.794419895383207 -0.450918808091001
0.00884323364175543 -0.0496422843235451 -0.581217928790973 0.418724676907046
-0.0152213334874186 -0.00474406194099776 0.0362445172991152 0.479550716789333
-0.00175718253764203 0.0357301139161568 0.206365428489977 0.0955947381875092
0.0101885051837809 0.0336290896932921 0.0615363439939939 -0.211130990538834
0.00372245274496527 0.00945188758142114 -0.0314534989112372 0.202244729236445
0.00186158875870008 0.0205921674483464 -0.146515855153348 -0.0373570663519775
0.0220658235260229 0.00521138260497194 -0.0101836790157898 -0.442491611829808
0.0390396540115946 -0.00270533407741741 0.497186823478178 -0.349468789041471
0.0119337410221458 0.0469996537554246 0.727018328413375 0.387874913569684
-0.0356314595235711 0.0188742513569717 -0.00305940094871794 0.945021474455782
-0.0200225140991797 -0.00142529927066656 -0.523997691634093 0.482594218792535
-0.0215407267701763 0.00277538654757436 -0.0332797981072534 0.118579838870079
-0.00630938367884904 0.0300461166288205 0.523215920891851 -0.373922835448503
0.0235065838393935 0.0122668377484727 0.0635902163928049 -0.948325535744943
0.0320880719595785 -0.0219671476199284 -0.779772920034812 -0.484108166340008
0.00683488449691345 -0.0411769429840125 -0.593848037945668 0.398102375246881
-0.0153221028690082 0.00361440760349285 0.0281292487706361 0.477182342013368
0.00191430208792136 0.0391767436005821 0.202782645189265 0.102293645505557
0.0177310762478067 0.0355952477133978 0.0546363917566026 -0.211259721964567
0.0103877550352764 0.00917126169351542 -0.0395438001396904 0.203115897458195
0.00423701021596685 0.0197260370424557 -0.154741612802216 -0.0325095536780522
0.021420562126369 0.0106088425656823 -0.0207301370897562 -0.443413180493851
0.0367581328156156 0.00475221820394479 0.491987914293299 -0.370029886478467
0.0120025497919783 0.0443738210390708 0.741171736746838 0.355367849933716
-0.031600819475588 0.00904215700945996 0.028741756624561 0.935817013311422
-0.0103456292145526 -0.01004114648803 -0.509260557969141 0.490093760298804
-0.0109291145854103 -0.00290464494083298 -0.0305074484010037 0.121573329156581
0.00194644209929718 0.0202991360250418 0.537060129857999 -0.363161321553131
0.0266122883173881 0.00246390075345371 0.0955252097582666 -0.951633978647058
0.0318139825265458 -0.0227438806395072 -0.761658669205604 -0.514703889823304
0.00482576326191426 -0.0339973371794081 -0.600952752355191 0.373914927060952
-0.017171137151753 0.00871954069740164 0.0178158262664972 0.476717785100132
0.00444603495163759 0.0406459757370008 0.197973420925809 0.10809944000594
0.0250732315824913 0.0350311733107951 0.0496089026370842 -0.210776142718535
0.0157000241769773 0.00626355707376727 -0.0467075236036836 0.202864176560023
0.00386560978780743 0.0166221841852956 -0.160592308704314 -0.0280676051806159
0.0200900774919179 0.0120955702874322 -0.0295097510682084 -0.444262098752523
0.0362390199438399 0.00984917516446883 0.486006581876288 -0.38531128891398
0.0130822084565148 0.0434451861219928 0.755054623176614 0.329587448041482
-0.0296343474581121 0.00229343388500181 0.0591965743019275 0.92764540386777
-0.00440834050758008 -0.0169553652836448 -0.488884259547378 0.497222736692238
-0.00323269693429928 -0.0103907555073855 -0.023346763583713 0.12182411469952
0.00925607188826242 0.0135604021220339 0.550632088665289 -0.357006305176448
0.0293680544137656 -0.00365436341803515 0.130550559784309 -0.959929552257371
0.0322756738509194 -0.0230304567803421 -0.743749608392407 -0.542204934743881
0.00379247322293589 -0.0276818687161674 -0.605787547539238 0.354321339828608
-0.0207446282192677 0.0105201464902309 0.0100931142278171 0.475280232109167
0.00415164621393737 0.038938362089176 0.190331375908397 0.110379833428961
0.03008677463828 0.0335728405505926 0.0413466540715942 -0.21252259538675
-0.0240454219449505 0.00247758732288074 -0.0145007902935674 0.192521818199802
-0.0207472765979604 -0.0109011894754782 -0.152114737772604 -0.0665789258648687
0.00826165559443186 -0.0459967425825505 3.01529256024943E-05 -0.441785601940374
0.0576634359989715 -0.0328876018491385 0.523752595279593 -0.306732658104594
0.028516103300019 0.0684076457969709 0.720410190786166 0.443925372158382
-0.0527837322450254 0.0542666465783125 -0.0444927238759116 0.935430029539839
-0.0526880621305992 0.00832240639206827 -0.516093666887527 0.440996303013111
-0.0499600095038275 0.00370736991607373 0.0115080562353939 0.0939563120348122
-0.0334617632105759 0.0471034291598255 0.52269685089643 -0.434391888701876
0.0140913604419601 0.0470943822074869 -0.00999828645180571 -0.958971810771493
0.0515651602576733 -0.01069970971308 -0.801955201585243 -0.394442692051596
0.0140054693561931 -0.0718915519458724 -0.544413333952239 0.459719963663448
-0.0307242356855387 -0.0392940552257395 0.0528949075408234 0.477258220787769
-0.0220053353365442 0.010703202627913 0.198573083818118 0.0710278419987747
-0.00729164189331016 0.023634784849287 0.0605634884787639 -0.225933708080189
-0.0225552433515298 0.0049361349044264 -0.0110415226691806 0.196052521336178
-0.0175671360805995 -0.00424742503704214 -0.145740436963318 -0.0635325546589096
0.0121425945460599 -0.0389225806536245 0.00377487107839176 -0.440537068128037
0.0544559960406334 -0.0305775220439408 0.523121699536839 -0.304594557457087
0.0255410003177586 0.0660515799798507 0.710601637624482 0.447505635461212
-0.0534690882212437 0.0525602584775998 -0.0581977055228677 0.944429421841458
-0.0526082398676079 0.0121150717628653 -0.528736201047448 0.444625723392007
-0.050372116188089 0.00836168593618542 -0.00203219604138678 0.097831332238258
-0.0325771757315192 0.0494484726187064 0.510706551801403 -0.427219122183563
0.0145634468092097 0.0453548372925356 -0.0193844875214347 -0.951085021096908
0.0467972804818549 -0.0133103605534054 -0.809003217155626 -0.385767927379733
0.0134275442690582 -0.0705702808578964 -0.547733831086877 0.462133699568537
-0.026914819262181 -0.0316293928620586 0.0551473493482835 0.478055436908274
-0.0180154870415023 0.0166637414544891 0.203618205542112 0.0743382713617231
-0.0062935890844534 0.026992872619042 0.0649325202166721 -0.222969293941996
-0.0189812981558106 0.007008835556336 -0.0111018743146927 0.197539379709492
-0.0120707754901217 0.0050787831454277 -0.141818048268292 -0.0578059508759761
0.015255186998181 -0.0285932315422853 0.00189279481408024 -0.441317951753657
0.0503665930737779 -0.0263043697958217 0.51626043204798 -0.310103919739122
0.021582291821746 0.0618759798888415 0.706926613520021 0.441541790780853
-0.0501731477881423 0.0485156293995275 -0.0573479522646798 0.947645054108111
-0.0480298069352258 0.0134097791038691 -0.535824698316799 0.455157992224566
-0.0474378758574898 0.010928274720908 -0.0125003729357663 0.102804284821906
-0.0290427205084004 0.0496482025465595 0.504630529962683 -0.418573477609269
0.0167012829995263 0.0401145661185883 -0.0182047289507984 -0.947556750293018
0.0432996334407346 -0.0152970486656063 -0.811884800197257 -0.392238565734426
0.0121586518467814 -0.0649919481432942 -0.553042049786818 0.456791767304025
-0.02229901204961 -0.0237124243744638 0.0549849569186631 0.478237304497857
-0.0128374956129678 0.0241273612901089 0.207931147185601 0.0791452953910622
-0.00305574512861843 0.0297341690872069 0.06545864020436 -0.219607313314028
-0.0127341734821067 0.00914783960481349 -0.0144748467098221 0.199489900160035
-0.00675917610305891 0.0103804754394315 -0.14108137656208 -0.0504682485896565
0.0185647976061013 -0.0162922152344006 -0.00172871068383741 -0.441206236365518
0.0465993117973522 -0.0193071149643362 0.510776812002568 -0.323029102451826
0.0175725082838382 0.0564480592861778 0.710361019170074 0.427612858773989
-0.0460993461959367 0.0391220159626287 -0.0433806653192695 0.950035837191866
-0.041416190638675 0.010809028863586 -0.535188146787543 0.463877659579599
-0.041132687687491 0.0107886039457091 -0.0229854000528346 0.107960488298148
-0.0228722392715042 0.0449562240615807 0.501777917593245 -0.406542460564832
0.0177640555669585 0.0313802511971773 -0.00714401279962973 -0.945669353634379
0.038575883316974 -0.0182809661036881 -0.811069962694476 -0.411071237855281
0.0101746564648081 -0.0576483768980052 -0.561242435436002 0.446680696963072
-0.0182270607643804 -0.0137115643057829 0.0534529524655261 0.47802846545545
-0.00662607579221887 0.0302537350436896 0.209005654479306 0.0851742734051112
0.00281730852033825 0.0311684538021272 0.0623811257259526 -0.216280890259637
-0.00433303839899223 0.00924974118300275 -0.0209725166199822 0.201397861706587
-0.00151442221497983 0.0164533136216659 -0.143049905942924 -0.0422298786202241
0.0195375096644598 -0.00445810286529896 -0.00997477983435426 -0.441872799740346
0.0422498274692104 -0.0120943135162411 0.500307994211833 -0.341840485601463
0.015136626719358 0.049967810447746 0.719529951815864 0.403777219191331
-0.040728508163106 0.0302213516922252 -0.017266079483821 0.948642320264599
-0.031409555346211 0.00540489991809487 -0.528112749361528 0.479562321026808
-0.0329752830194955 0.00835250559744945 -0.0292969608006436 0.113449444827452
-0.0147160846354923 0.0392642143085113 0.505585044010271 -0.393839867967897
0.0203875051845005 0.0219477899868728 0.0169414265925717 -0.944117139707592
0.0347449380299068 -0.0203340996702011 -0.801486025835442 -0.438956599307316
0.00819746421309011 -0.0501547855481267 -0.574185894893832 0.430358978159299
-0.0162690475952567 -0.00432840457539319 0.0462477147015164 0.479302704538703
-0.00108515155441013 0.0359372776541597 0.20801824185564 0.0922423717131434
0.0102792110816174 0.0329104072164465 0.0579434157838852 -0.212636102811851
0.00384332942727208 0.00925176501091686 -0.0270659833248333 0.202432054146296
0.00184976656958161 0.0200082704874013 -0.147822434399442 -0.0347954870925312
0.0207083001141852 0.00451169136850717 -0.0191302768711038 -0.441695522126811
0.0374196976486902 -0.00323011128810216 0.492540725401428 -0.360367737000793
0.0137935726411065 0.0466848688194937 0.732117627158027 0.373922786215605
-0.0356335599122404 0.0196117475474057 0.0127425106876613 0.945335725487899
-0.0204157725791785 -0.00145138431893218 -0.516990026408923 0.490872293098826
-0.0222744540490439 0.00341927259849375 -0.0319588893778261 0.11931246807786
-0.00620315979744971 0.0297969341940743 0.516552404908607 -0.380749389046714
0.0230754768007668 0.0107085863805122 0.0481468314167409 -0.948542769323615
0.0316556374198628 -0.0226906328666136 -0.787701908928644 -0.470841634558528
0.00603829926805139 -0.0409836544623041 -0.586338196728879 0.407063773913511
-0.015260376727273 0.00433739863004503 0.0363147573020292 0.476905916682691
0.00307521571181689 0.0392128203783923 0.205496769178885 0.0998051441588794
0.0189237565499484 0.0338253382995688 0.052039458882319 -0.210835899868752
0.00960082095782908 0.00777569761937107 -0.036200583840747 0.203469626413927
0.00474352667079054 0.0199604755517076 -0.154585193611347 -0.0291512099688698
0.021053895241019 0.010970009593693 -0.0294786344341586 -0.444041261795189
0.0365178939321412 0.00398777856702451 0.483982895023909 -0.378506716159136
0.014046520704295 0.0439582265498182 0.744417002122101 0.343008111175678
-0.0324796630024598 0.00972364427010263 0.0440011194996535 0.937410289435097
-0.011494243743062 -0.00964813648432928 -0.500369653430288 0.498865994606169
-0.0109703674514137 -0.00321880863522041 -0.0285196542425712 0.120896319678573
0.00248686160848866 0.0211687289683806 0.529535190350831 -0.371284568713233
0.0265529829215058 0.00217010842171284 0.08058064634867 -0.952840413126037
0.0311635235495891 -0.023903951000734 -0.773119767696014 -0.501456403887442
0.00446157778834352 -0.033993895711799 -0.594962326402608 0.384433866571936
-0.0167342424096047 0.00969074965332625 0.0270719342321136 0.4752684091397
0.00544797436674703 0.0403475499655838 0.199780184657314 0.105001704471695
0.026582629323991 0.0337060499634969 0.0453389559705624 -0.211439279844829
0.0149944282461998 0.00565707497152368 -0.0427437212592346 0.202352915979745
0.00488911419496304 0.0177100164275232 -0.162088136220503 -0.0253799205525362
0.019272079201862 0.0109313039250632 -0.0378800650871828 -0.444001220617271
0.035785632840206 0.00865367819221865 0.478457931893748 -0.395252482744149
0.01516962139216 0.0419243122074447 0.759307833710525 0.317681514707834
-0.0297982686898282 0.00453701200820098 0.0747879539691417 0.926414501343423
-0.00481791630864654 -0.0175881782588295 -0.481063992641777 0.504679490060488
-0.00287947159114954 -0.0102194951049772 -0.0216187173831322 0.122226773958331
0.00841104055169175 0.0129244572868472 0.544322110378159 -0.364160409045234
0.0292863364439778 -0.00358052820420997 0.114228153372967 -0.95829137648695
0.0318195656699215 -0.0234449146665866 -0.751914106739798 -0.52858189939888
0.00374259501057123 -0.0287800402184103 -0.600471087930762 0.366386788846522
-0.0207713856292696 0.0111569999556556 0.0194926332325161 0.474601621925772
0.0056702473826721 0.0380286972101909 0.192376556642919 0.107992736557571
0.0309685772904443 0.0334818852424063 0.0385073977370746 -0.21250958822283
-0.0245414835872329 0.00226400566886473 -0.0104508798126417 0.191157290519318
-0.0210776604382697 -0.0113255855247065 -0.151731424915751 -0.0637362711240792
0.00681809456235281 -0.0466791382934313 -0.00883430704701722 -0.441286901244457
0.0561425629780655 -0.0344437637615556 0.516823083531001 -0.31694441826063
0.0306063605515368 0.0685957503399659 0.724234174959798 0.429260244884186
-0.0520563726721433 0.0550603287975801 -0.0292073452961542 0.935444956176335
-0.0519623929543376 0.00915795564222703 -0.506533189588045 0.448071174331658
-0.0494753965848674 0.005098375265726 0.0128671413319347 0.0935663002820942
-0.0321607358846498 0.0472455350274011 0.513416005415119 -0.44053452203399
0.0146632141777622 0.0463339204608766 -0.0243901288419863 -0.954947033541466
0.0511681719396748 -0.0108707545547274 -0.805559720394268 -0.37727865280833
0.0134497942344926 -0.072275204116203 -0.535015714479819 0.468736478188864
-0.0315562194768292 -0.0379114288910825 0.061963648814087 0.475201535402862
-0.0207343342269068 0.0103269361314407 0.198967659352243 0.0679945151153509
-0.0063004558059634 0.0235093829861449 0.0573876767359627 -0.225130142056986
-0.0233175352112071 0.00484488437355947 -0.00794424350857472 0.19391082113209
-0.0169903925122505 -0.00279231359332389 -0.146380960921739 -0.0609192631454138
0.0112458223873104 -0.039511515791327 -0.00680369026176052 -0.439228408213533
0.0539218626755469 -0.0326997485877683 0.51587268541991 -0.313402780012829
0.0264080401224856 0.0656588319578369 0.715419906036705 0.435193246325632
-0.0525834187179829 0.0539282847870646 -0.0405041702691444 0.941767316573182
-0.0516953635847082 0.0118321835140437 -0.521547263190583 0.453002189328969
-0.0508110277114972 0.00860461864859845 0.000398157124463329 0.0969023689367575
-0.0325870356589457 0.0497381335352087 0.502859991786657 -0.434088976722886
0.015267482857659 0.0447047484525203 -0.0349666996220092 -0.946525723356029
0.046656114608218 -0.0139504218990588 -0.812563790739234 -0.3711953502305
0.0114980682947383 -0.070463990904535 -0.536300663409058 0.470634259092138
-0.0271401714302775 -0.0318739090994878 0.064191021003142 0.476295674658576
-0.0169796508769938 0.0173310199120161 0.205589051986491 0.0709576781376787
-0.00593968779874974 0.0259747586224387 0.0607406316578899 -0.223064025423242
-0.0193408796608213 0.00692150414360574 -0.00840186639257461 0.196311617784575
-0.0116464567497361 0.0036679313707521 -0.142754199118277 -0.05572636045197
0.0149360177218931 -0.0283801419408157 -0.00640703359924215 -0.440148549573654
0.0496234072542556 -0.0276502522707949 0.508328538382164 -0.319492103491186
0.0231345555902592 0.0615042348384046 0.710926478499415 0.428516055808577
-0.0496771200778686 0.0489557955712663 -0.0405185681821993 0.946266371177588
-0.0485442475965238 0.0132141468997299 -0.527041663224002 0.46040590582621
-0.0477236693093293 0.0115439071225234 -0.0112961935450503 0.101950372699283
-0.0279844226627594 0.0491706572482896 0.49627768187323 -0.424569057951199
0.0154057242005039 0.0390809892569569 -0.033805488663395 -0.941954066114172
0.0426097552854364 -0.0162901979237829 -0.816161271368656 -0.376927976536436
0.0110764498591532 -0.0646466870881223 -0.541680564312108 0.464775433615703
-0.0222186699364652 -0.0235891630691037 0.0645494052289076 0.475540377366932
-0.0115165684484417 0.023840452664145 0.2083191816904 0.074356316185138
-0.00232577183952009 0.0282898572771862 0.0610689260307164 -0.218722643674324
-0.0125586067639203 0.0089307296849677 -0.0108819103878131 0.19792957172747
-0.00662655337997013 0.0112936844227646 -0.141379160084644 -0.0475403861020242
0.0180315910684239 -0.0164273780005396 -0.0101226226132432 -0.440299756071508
0.0458058505566694 -0.0213210620892735 0.501213839926349 -0.331205972637648
0.0193356222685723 0.0554283084385262 0.714570040813324 0.415398025016748
-0.0451394480669068 0.0403722286781955 -0.0266658114786549 0.950323965506795
-0.0410262618912508 0.0113210262141016 -0.52611574709707 0.47167894403428
-0.0407962225191423 0.0117292255024513 -0.0200436276430739 0.108124362166975
-0.0219834277010399 0.0443682083726303 0.494654872692639 -0.411743687942863
0.0183435445214116 0.0308171422752891 -0.0230308786706704 -0.943145554034935
0.038560115243443 -0.0186326844334426 -0.813578285207971 -0.396947486505857
0.00949245890542964 -0.0583009244657624 -0.553126266728113 0.454768052835461
-0.0180719258622345 -0.0129714319243757 0.0606500802437984 0.475663130036679
-0.00548129788266617 0.0296805157462043 0.210924430665324 0.0817157981340974
0.00434696492285777 0.0304815813910953 0.0585884103414201 -0.215690547716598
-0.00536544927540756 0.00939951545235133 -0.0169277273128335 0.199946017122484
-0.0012267740952372 0.0176143153241976 -0.143402118656409 -0.0391518009614558
0.0199538976683916 -0.00485398328910462 -0.0184070013373978 -0.440775572364741
0.0416737876991775 -0.013329674654537 0.492796492002076 -0.350885898433183
0.0163004699265539 0.0502784197025051 0.723118487267145 0.389107826873868
-0.0406801361552536 0.0310421528639654 -0.000842264278573843 0.94765897741119
-0.0302780644289674 0.00574263490764375 -0.518448823240436 0.4851285620174
-0.0321976013501068 0.00846693589394411 -0.0273378172726118 0.114001049141787
-0.0144528678503463 0.0379554994857452 0.49728119585095 -0.400838512075749
0.0199804785527616 0.0216186438346962 0.00268856852875181 -0.942429472625092
0.0340999878351641 -0.0205281915288478 -0.804490911196684 -0.421898631046826
0.00733931090712057 -0.0500670659269918 -0.563971089443755 0.437604931545212
-0.015938192865741 -0.00386463804886166 0.0541912877742853 0.47565370978367
-0.000426649111552128 0.0353151948097396 0.209842307958289 0.0897866715845884
0.0107961510308408 0.0318290897860463 0.0544826496088535 -0.212119687550577
0.00270418647824111 0.00780503462796785 -0.024676478782855 0.202222495185025
0.00298995442865013 0.0206070704573979 -0.147525865886594 -0.0328015684298721
0.0218563436165379 0.005467997855248 -0.0278152463800255 -0.440901421283805
0.0382537858008991 -0.00445178234269053 0.482779180991631 -0.368067241564156
0.0152768567871431 0.0461461848370993 0.735771376581508 0.360100013374864
-0.0364301991676954 0.0191853552270048 0.0275048284218409 0.942824184848505
-0.0203766006108472 -0.0016071281154787 -0.506474331025087 0.498631014322585
-0.0208670016674897 0.00307617690805238 -0.0297083547410812 0.117827260513277
-0.00539172215627562 0.0294957924972358 0.507297281724659 -0.386785126941648
0.0227204686487564 0.0111276325956577 0.0331725192386726 -0.946297599631655
0.0312511097542384 -0.0227529225956976 -0.793935537349689 -0.45580824572621
0.00594189077525907 -0.0399113073519758 -0.576081609206911 0.415513745648696
-0.0142640936455848 0.00405538563607306 0.0448820265488548 0.474794118669764
0.00501756493064057 0.038288461980675 0.206362680532627 0.0960975969398513
0.019796959432226 0.0330428167216885 0.0482671872079948 -0.211362435479075
0.0100139811698203 0.00778886564780682 -0.031909799899883 0.201732232609168
0.0047224233012662 0.0201451677565031 -0.154537844365687 -0.0264539690943136
0.0211342832279745 0.0105812079553744 -0.0371502309556761 -0.442759473250058
0.0361662841745668 0.00322809208977926 0.47605518098441 -0.387166045981762
0.0156114165955638 0.0430658620368929 0.747909433301003 0.329797587054507
-0.0326191761347568 0.0103960941165181 0.0612377530702353 0.933334168194062
-0.0118131181766602 -0.00978617321288057 -0.490283895433618 0.504627421900491
-0.0105130065102269 -0.0035028642750732 -0.0266616397149267 0.120940860386006
0.00232035168091119 0.0197984735800441 0.52131756024515 -0.376918167587371
0.0262982531829411 0.00110338636794938 0.0640141762705161 -0.952336556703675
0.0301492557030446 -0.0247662917430411 -0.778497546369964 -0.486200727709938
0.00340707364413721 -0.034198740304988 -0.585558046220601 0.39279435693261
-0.0167990443576838 0.00966023656974188 0.0364318149621095 0.473529005354057
0.00671625415744245 0.0384207037346059 0.201214900757863 0.102278578415968
0.0270128898386171 0.0330482550233731 0.0417347755079965 -0.210196609102767
0.014367628316995 0.00518777334531554 -0.0395079427421381 0.202128011284984
0.00574782707665365 0.0179327036305603 -0.161181331861576 -0.0238945365551621
0.0192351032136584 0.010486763446475 -0.0460345158572257 -0.441507221637081
0.0361003612033214 0.00816820576051841 0.468466313905665 -0.402197613136723
0.0163450410008458 0.0416181503087221 0.759467039262213 0.300973538467058
-0.0304285211289914 0.00500978966042156 0.0907327776414242 0.921691459410134
-0.0041910119269178 -0.0173110989413214 -0.470199161109063 0.509129128120128
-0.00292161860446536 -0.0101026387931723 -0.0189372127193725 0.121290998039123
0.00864467631941372 0.0125180267787986 0.537306742303266 -0.371423443817674
0.0292762979492333 -0.00505378343175205 0.0980074054951679 -0.959515759776075
0.0311556477283444 -0.0237048493580792 -0.760447018200361 -0.515450528132216
0.00348562162330051 -0.028660777577299 -0.592316007703446 0.376036338929633
-0.0203566773889604 0.0108711425900867 0.0265539768270711 0.473597074233372
0.00635417726271872 0.0372559639794348 0.192753962926393 0.105155174333099
0.0322344185867992 0.0317492102926038 0.0345457286495996 -0.211991918125496
-0.025404877374249 0.00229427951518691 -0.00671271727794966 0.190347815168852
-0.021205810692028 -0.0102414069126454 -0.151437020254829 -0.0620026411616698
0.00610457653348676 -0.046199170365779 -0.0162773652505265 -0.438127616257488
0.0546858545933754 -0.0349858273877211 0.507066408810994 -0.324574407134041
0.0322561013473428 0.0670432052664883 0.727627334067768 0.415125619987225
-0.051698373253566 0.0551994443882358 -0.0142165316001946 0.929355998202788
-0.0529109336661217 0.0101569107337242 -0.49657839550128 0.453743726590064
-0.049509298617301 0.00560991523753287 0.0144977969756444 0.0923263297730116
-0.0320047752300992 0.0467055228004567 0.502565874821836 -0.447036570236812
0.01448440681802 0.0459494688590934 -0.0404211279483732 -0.947112600453248
0.0501750091006774 -0.0131488075162691 -0.808387444878294 -0.362871811088381
0.0121840617508117 -0.0720028350167878 -0.52478454907678 0.475694560842822
-0.0315237678104852 -0.0375508259042698 0.07016530042588 0.472259657876401
-0.0198946173427592 0.0104315806567633 0.19860469068355 0.0643785895142318
-0.00588998655537241 0.0235207888945763 0.0540410917511093 -0.224262173684795
-0.0233275226710076 0.0045676605275656 -0.00356630470794631 0.192803293264503
-0.016479166512457 -0.00359287220502084 -0.146414800324423 -0.0583525423618139
0.0106373565615136 -0.0390072869558514 -0.0141283597096203 -0.439078258131026
0.05237914603582 -0.032978107507786 0.50614985219837 -0.320617020407762
0.0287066264805888 0.0645097141240228 0.717183648691141 0.421110867469867
-0.0517282594869841 0.0545277917587059 -0.0257011681953615 0.937270277794313
-0.0525925897125666 0.0136879946770712 -0.510185187062465 0.456707965228614
-0.0500615942952146 0.00969574936210471 0.00167952560831157 0.0959762703848334
-0.0302732525506556 0.0494297409408387 0.49281461050503 -0.440444751339061
0.0152435762017364 0.0437035502926496 -0.0504456183041231 -0.940692020312013
0.0458818937278248 -0.0144355521610687 -0.815075801213081 -0.355086385903355
0.011442764749322 -0.0698783388524427 -0.527397845254122 0.478066262999339
-0.0276067506237549 -0.0313509703110338 0.0736513853688585 0.47302227358881
-0.0172985104541139 0.0167098011088564 0.205612904680404 0.0669182768949832
-0.00578113577225355 0.0253550931651096 0.0567143673005075 -0.222390261801263
-0.0193669758297319 0.0068936429572429 -0.00413870884573585 0.195488886895396
-0.0116640008315463 0.00452403351255754 -0.142511317445432 -0.0531083532524819
0.0142493527675526 -0.0284247906965073 -0.0146484822616035 -0.438620785464808
0.0489418621368779 -0.0296829852816908 0.499448694975949 -0.326048540783944
0.0251705777529243 0.0597746627922263 0.714057707946188 0.412666346510203
-0.049276844669605 0.0494362427827956 -0.025358657631936 0.942958147193088
-0.0480890154731046 0.0144681814695799 -0.516653469102777 0.466710175732668
-0.0468894333901484 0.0127214708157055 -0.00967414327473022 0.101984239574499
-0.0266746288453287 0.0484123757176957 0.485347335012921 -0.43022351503268
0.0165678920981579 0.0393020345562948 -0.04950575183835 -0.937685191979039
0.0416882835769702 -0.017430116583268 -0.818039080957695 -0.361943338508923
0.0102659779669295 -0.0652324277523467 -0.530405340897371 0.470624728310976
-0.0222786863116693 -0.023388489781054 0.0736459510369869 0.471977699806929
-0.0118027297190313 0.0228403631807119 0.209501265272462 0.0718050812531394
-0.00165342572505696 0.0276534574161243 0.057736188914529 -0.218959580246652
-0.01407134716945 0.00862494548884777 -0.0073729046696724 0.196557325876155
-0.00651212807179647 0.0116886429949014 -0.141938897033768 -0.0458391290841856
0.017440072086167 -0.016779017394477 -0.0191906966319333 -0.437011729222955
0.0447334214478658 -0.0226266556916135 0.491276355661042 -0.338992129674101
0.0209060564143506 0.054375561997612 0.716450660474935 0.398680403149499
-0.0451934553308672 0.0413190625994281 -0.0112148678826293 0.94560631498185
-0.04065899791012 0.0113482097641645 -0.514382652240857 0.476662858470744
-0.0403270150791429 0.0118453278229049 -0.0183152777317671 0.107216228742958
-0.0207733737007146 0.045275681465375 0.484033773292448 -0.418129923761289
0.0184294834465658 0.0307499092088217 -0.0370168977740497 -0.934590475499973
0.0373867992232234 -0.0196956802468524 -0.815919988204737 -0.38087125341344
0.00765028096356675 -0.058315311673849 -0.541700719384189 0.462684656201257
-0.0181525039043105 -0.013469772257475 0.0702486148779181 0.472608136437695
-0.00515693101788177 0.0300921691545376 0.21161050972898 0.078172958095221
0.00487256498458048 0.0297351232093644 0.0544452986558337 -0.215824415976133
-0.00597635212691523 0.00881696351881815 -0.0131575302056527 0.197984268447488
8.06269369158577E-05 0.0169489343405557 -0.144378322179616 -0.0384209126108417
0.0194348881895393 -0.00509781992023087 -0.0269126071293923 -0.438710725335317
0.0411862789167558 -0.0143960527646979 0.481850779821523 -0.35868192529224
0.0188185204926118 0.0498680445367974 0.727207354632737 0.373930601130186
-0.0396341051914941 0.0323535045561193 0.0140261605561066 0.942538375275831
-0.0310292468830631 0.0059584988611688 -0.506568847322921 0.489379418460917
-0.0318772249207604 0.00865566480139209 -0.0257108757070667 0.113361518366495
-0.0133160450253835 0.0379523032538799 0.488207325250617 -0.404434485894095
0.020026382775187 0.0211185092734401 -0.0131916487739315 -0.935630269318757
0.0330330645719042 -0.0211996899549121 -0.808350601147321 -0.406969598986449
0.00682448102960149 -0.0492050541403783 -0.55346656186599 0.445143656668326
-0.0154806161906054 -0.00337099487900535 0.0629287981930935 0.472414682214962
0.00100872219378219 0.0346307537977436 0.211122803748002 0.0858007115390395
0.0118729010093519 0.0317039726600755 0.0507126251824869 -0.211934433028996
0.00225768330917019 0.00807680438773882 -0.0199457499760093 0.200230766950369
0.00231027537759849 0.0204154861471195 -0.147856872014781 -0.0297133746526769
0.0208726959695971 0.00385061744879175 -0.0363064532934186 -0.440388463311605
0.0375561152421839 -0.00458004823174038 0.473602337140876 -0.375461506023835
0.0171142127834513 0.0457647014229799 0.737444515285442 0.345437315062103
-0.0353877522028448 0.0210507679930817 0.043633375175578 0.938063822406964
-0.0207179434185326 -0.00112776082881969 -0.495330985056585 0.502223896221149
-0.0207338417289746 0.00291334501396663 -0.0274283888639736 0.117897221194117
-0.00506548174561254 0.0291632254882522 0.499132368021749 -0.393886594046423
0.0229957982081227 0.0105220315402347 0.0159687289298892 -0.941303026418669
0.0307113799779697 -0.0242147624414053 -0.795910441899385 -0.438948242086043
0.00461785115659077 -0.0402134347177634 -0.565242218165002 0.42334697514309
-0.0146550274980331 0.0044300297691748 0.0548499617924133 0.470632222257938
0.00575161008696152 0.0376024578416711 0.206825532092631 0.0934916039477752
0.0210612687023216 0.0315022863162588 0.0444071372938219 -0.210955331774185
0.0094846737487083 0.00650404097324508 -0.0283835752279418 0.200453507951777
0.00564616124055016 0.0199410287420842 -0.154009626342039 -0.0246700706588681
0.0212170228982546 0.0097206253455903 -0.0455887658696795 -0.440683479095274
0.036389803637214 0.00111849058444081 0.463610994293782 -0.394604470824598
0.0166828599506215 0.0432909248252207 0.74798145975148 0.314803507098593
-0.031861950378231 0.0107773165000964 0.0762496302826298 0.927739495362515
-0.0112055666039693 -0.00947745139318096 -0.4790124134871 0.50934433335498
-0.0106710197536299 -0.00344214356992167 -0.0242838522922661 0.120684794442429
0.00325700602092869 0.0197927474125346 0.512645204967112 -0.385543380905503
0.0254883560520793 0.000747542767556271 0.0474905776138713 -0.949918769419857
0.028941870355755 -0.0243025878530997 -0.781035850354139 -0.471072243006667
0.00451733371146828 -0.0337396798890741 -0.575795178482341 0.402103194240862
-0.0164151500112995 0.0102170775410051 0.0453408811596025 0.472070479966795
0.00733322702199526 0.0387343930355245 0.201792376182645 0.0983928191412858
0.0267148143706333 0.0318168846796414 0.0373252561200452 -0.209182202261797
0.013726620988219 0.00443323989978865 -0.0353152810462198 0.200574990408425
0.0061267893002893 0.0168730725427569 -0.161082701381579 -0.0202180162890756
0.0192251522739295 0.0102813465736537 -0.0541544289997668 -0.439900206243416
0.0353424806580374 0.00675184247553719 0.459129275385521 -0.410586404398653
0.0182995027686687 0.0417240719647526 0.7599846450124 0.28715182707271
-0.0300084687745721 0.00513135688911787 0.105899173744826 0.916653757203886
-0.00580475306910837 -0.0175475409243555 -0.461303459865907 0.515560984587686
-0.00319973445765728 -0.0100909948998605 -0.0173644864805222 0.119809741833787
0.00867762478321837 0.0118105044058721 0.527208902722548 -0.37638225438068
0.0283829522715515 -0.00530165102122271 0.081296606433883 -0.954564498563348
0.0302801526839889 -0.0247057746950553 -0.764618457652076 -0.50043860520787
0.00371180108329646 -0.0274400324213467 -0.581884282496416 0.382006293776282
-0.0192893272181693 0.0121474736500185 0.0361482844944086 0.469950826836298
0.00756785922582164 0.0368147228085669 0.194512642804277 0.100915694151523
0.0323886654844204 0.0306318175953585 0.031778272509177 -0.21145353340223
-0.0257093906599921 0.0024099016849157 -0.00280475051455855 0.18795603913086
-0.0212785335091056 -0.010105476588246 -0.152562551940346 -0.0588888684070879
0.00506121685302167 -0.0465407265813842 -0.0252622097388476 -0.436147615689125
0.0539697344093502 -0.0364932622659821 0.496622830489285 -0.332228193572696
0.0343390532373472 0.0650538675130904 0.726675643682412 0.40010030415026
-0.0511735332701368 0.0563688346850872 0.00251384295895363 0.924536029621214
-0.0516214718877389 0.0103383876445205 -0.487100637012049 0.457170846924354
-0.0489196907748134 0.00601374378010091 0.0159009425907177 0.0896817135036296
-0.0307562311119262 0.0466949448310182 0.492461416028129 -0.447927222360497
0.0155478835172987 0.0455712729176738 -0.0551897573071469 -0.93976680487129
0.0489802970786567 -0.0138482449565628 -0.808343209380864 -0.345952585315623
0.010720817896651 -0.0710709169196424 -0.512353321405997 0.481064868392635
-0.0323261557133322 -0.0367394446274873 0.0791294910709662 0.468122212759138
-0.0192316148175875 0.0103999615298874 0.198400493755558 0.0613649664986835
-0.00515310418460074 0.0224966513342438 0.0497935678445392 -0.223470039808394
-0.0235970206726217 0.00441913974648607 -0.0012393516059748 0.189956964265161
-0.0160820997869872 -0.0020846704903435 -0.146501682495062 -0.0555659108032755
0.00906992086676947 -0.0390013755301031 -0.0221884607447414 -0.435752438192082
0.0507862089395371 -0.0348016176958173 0.495868339673238 -0.327214871760781
0.0306979091773623 0.0633417807925315 0.717582496049971 0.404448173013871
-0.0507017903020236 0.0545909711413946 -0.00889278423066033 0.932623673173864
-0.0523490781433352 0.0133398252037786 -0.498460163023571 0.461006698271775
-0.048665238875011 0.010021278439563 0.00301001831874819 0.0960645855349791
-0.0300687571452688 0.0502662307436723 0.480520832279262 -0.442187553620082
0.0161748993789225 0.0428662558462968 -0.0633855889185903 -0.931694160363799
0.0456727544352231 -0.0157319792693327 -0.812742643015643 -0.340869587867779
0.0100128381234368 -0.069913703440697 -0.512884461980447 0.482862926379489
-0.027668187169715 -0.0311891131432437 0.0815131883316122 0.468092428055659
-0.0161718566762951 0.0167591589231058 0.204955854889579 0.0634277240400936
-0.00442405635730064 0.0247496467336016 0.0529297073815828 -0.220993176628213
-0.0197337380471355 0.00617299799266166 -0.00140773996796599 0.192143375586618
-0.0110720849952555 0.00445034038088314 -0.142114494856619 -0.0512571404372818
0.0129619168628003 -0.0286000071398076 -0.0234155999631058 -0.435612004040869
0.047267903533989 -0.0303860704166951 0.490322831504009 -0.332224103358626
0.0266408566941224 0.0583373800559278 0.714554833203194 0.398887762194574
-0.0480698740480482 0.0497577547921064 -0.0105412388303088 0.935394688261667
-0.048036640955698 0.0147897411165844 -0.504796435780709 0.470686559189965
-0.0465438592039885 0.01292821888508 -0.00769979504939675 0.101163329950919
-0.0262781029044358 0.0485519126261541 0.47485318013125 -0.431750519731962
0.0166447272068124 0.0383154574184958 -0.0632378498571482 -0.926160503164196
0.0417011544273457 -0.0175869124253346 -0.816609152389664 -0.346881104715354
0.0090870184436507 -0.0643575058490762 -0.519297813293471 0.476978544553745
-0.0231082530205164 -0.0224569574593703 0.0811342060736595 0.465849047155337
-0.00986490341893389 0.0227412899641236 0.208477316238864 0.0684158903358475
-0.00120775834869064 0.0273379799228806 0.0531378001330144 -0.217510242405503
-0.0139394923137321 0.00821491223526745 -0.00421929481337936 0.194084581136546
-0.00540561475672719 0.0122397337196903 -0.140650145023914 -0.0441087640974715
0.0172617397657875 -0.0170455048127587 -0.0270429216053682 -0.435970323751081
0.0432912996861282 -0.023456522317612 0.482161467434684 -0.345048162401378
0.0231976082944869 0.0534932297850763 0.717562502387069 0.38371537379594
-0.0440316766674099 0.0421455953800212 0.00338608766449386 0.938761942111671
-0.0405943755536263 0.0123234585646232 -0.502864555551374 0.481405602903156
-0.0402146284925465 0.0125832659193411 -0.0166024609858139 0.106869744975713
-0.0204632880436077 0.0453782953736075 0.472927636691147 -0.421892705206736
0.0176659926449633 0.0306592753657255 -0.0511519349887097 -0.924858487363905
0.0368235690308908 -0.0194463894568642 -0.815013389355823 -0.36476455708277
0.00717011751141642 -0.0575484933770386 -0.529811458629624 0.467344163138146
-0.0183247535486247 -0.0134445587349646 0.0763570373301441 0.468209114050802
-0.00374016577608324 0.0293068662715386 0.211896751543922 0.075082418273415
0.00478977656123334 0.0290640638988907 0.0511072276801591 -0.213757837857502
-0.00642562061533854 0.00867803073775566 -0.00984202761955717 0.195990868937961
-0.000214329361797046 0.0169577220082345 -0.14281814565081 -0.0356285445967372
0.0187131952678359 -0.00509735025770018 -0.034084723541665 -0.43556190359654
0.0393654434370621 -0.0149258608833281 0.471699043472394 -0.36523974851785
0.0199604170665655 0.0486195860688386 0.726140960401493 0.357971831845418
-0.0396560918665116 0.0321919547478731 0.0283606902445627 0.934871950172982
-0.0312314863039054 0.0072910720726637 -0.495524062572485 0.493876581087268
-0.0313907486937701 0.00864593971160993 -0.0231994974264101 0.112286445896378
-0.0128472042916755 0.0378004814238725 0.478273245875862 -0.408942405207539
0.0199553066280837 0.0201106041772131 -0.0282749330402296 -0.928544003429378
0.0330765694630744 -0.0216648148784469 -0.809024348034637 -0.392019980919836
0.0056092023390148 -0.0488749648898103 -0.541902463103823 0.449612527691552
-0.0155010044851552 -0.00361063824712026 0.0717778586929688 0.468141355726394
0.00161748023936659 0.0343579531965729 0.210499835356007 0.0812372161346725
0.0131280996581297 0.0302102364467012 0.0470100949575811 -0.210887726615864
0.00143196897343438 0.00790263979576465 -0.017248119536154 0.197809357866467
0.00398335800148963 0.0199515052945099 -0.147021407996014 -0.0276426881886627
0.0203953455049951 0.00468136601217033 -0.0440428916970574 -0.435559395809068
0.0370572600787813 -0.00580072301075068 0.463755192115505 -0.382116844247162
0.0183861783243364 0.0442513199167016 0.73622284085531 0.331029803397771
-0.0354808714556508 0.0213263104602068 0.0595648241931678 0.930537230335254
-0.0200408210733279 -0.000308476193141284 -0.482685371837539 0.505812766763869
-0.0203747016404707 0.00391429730904983 -0.0249686882213056 0.116633043449548
-0.00449141813953684 0.0288099399924448 0.488454926448871 -0.395935164672827
0.0217335029704767 0.0093065947293351 0.00116276055566569 -0.935263968339225
0.0298386573785261 -0.023647256388247 -0.795658433757235 -0.423864215931821
0.00466104061639074 -0.0399023437986076 -0.55553216410657 0.429619207309728
-0.0146887494934365 0.00475111772438204 0.0620448442406483 0.468202620959183
0.00665337021812481 0.0378945873859879 0.207789724137247 0.0890683809966838
0.02122179128526 0.0309613582138131 0.0404802133696878 -0.209275298399354
0.00880732628459122 0.00583413244025967 -0.025498319770977 0.198979698130677
0.00632339320575505 0.0192949949465315 -0.153439225783348 -0.0225349668241897
0.0203617242906313 0.00908350506794809 -0.0533430256581592 -0.435988166256242
0.0350881170497212 0.00141198693338389 0.453583791200544 -0.398931638974024
0.0176870811233237 0.042260737047554 0.748160935415334 0.300730051616441
-0.0322678322683739 0.0122367947412442 0.0906342924328996 0.920204432356625
-0.0122709167936489 -0.00915946493264375 -0.467985384804571 0.511229539621938
-0.011106674077554 -0.00319904160370163 -0.0223074420379907 0.1186376808171
0.00261810032715575 0.0196793899484624 0.502476509111505 -0.386602792866003
0.0252642854095423 0.000494222949672057 0.0334474653058465 -0.939466592377592
0.0285694533551567 -0.0251362148920639 -0.783277258919524 -0.455618974918327
0.00390598248048165 -0.0330182813431637 -0.565119173346296 0.408504014634761
-0.0163355369628237 0.00940874244081001 0.0534607812908002 0.466739626678326
0.00883201215276354 0.0376926642537927 0.20157349765682 0.0942407896212665
0.028052674798458 0.0306712531708985 0.035485168816784 -0.20848695006682
0.0137995749703183 0.0033399944301296 -0.0314067017044463 0.198201649988021
0.00636185114499613 0.016528304051613 -0.16022749965764 -0.0191342665590754
0.0188647414407906 0.0101936156338843 -0.0625964294178684 -0.435031302141159
0.034955831766072 0.00616983881126703 0.447327146131792 -0.416222783587652
0.0194459676310273 0.0410696373668422 0.7574571589742 0.271734956044119
-0.0301170066856264 0.00587882997729803 0.120656257270012 0.910488672676391
-0.00607838560483672 -0.0169559149609637 -0.448491092033009 0.517189886850661
-0.00329215968897528 -0.0102394407463903 -0.015313432757951 0.120005134733959
0.00906603112063169 0.011666695100178 0.516768723492501 -0.38209553730596
0.0273299645910504 -0.00616493510453149 0.0654175529253037 -0.946997691484668
0.0301698412374741 -0.0253965801180046 -0.765734091271842 -0.484503912382149
0.00281581486107549 -0.0276615639974685 -0.571670371593349 0.390049961869405
-0.0193467477139496 0.0112705257504168 0.0437842844042652 0.46652915253115
0.00852998080693662 0.0358842418226822 0.195127787805224 0.0984985353122756
0.0330184290243682 0.029926493829437 0.0280359268234625 -0.210302332336554
-0.0253510612548018 0.00233811735097721 -0.000507842512805989 0.184740045449703
-0.0204446960822122 -0.0093659604440562 -0.151762762146731 -0.0561329538459106
0.00359050782685301 -0.0455722244978792 -0.0314107782649472 -0.431837050041094
0.0514280747712837 -0.0370725555547039 0.487241237402387 -0.33602330930722
0.0355346201515528 0.0639441034559585 0.72444232252514 0.385931615463585
-0.0491959139531278 0.0567109132446367 0.0149465986999467 0.915603427424726
-0.051702890742221 0.0109092791879918 -0.474926329116628 0.459922434601639
-0.0471534712033388 0.00681333631799841 0.0167697861348462 0.0889727116077671
-0.0304137314059059 0.0465212952736094 0.481175565857704 -0.45192308394709
0.0159078984500013 0.0441012548924631 -0.0671177221753022 -0.92892575546008
0.0488239259014758 -0.0140170391235642 -0.803138121985197 -0.332429434340306
0.0101287013333637 -0.0709380351229426 -0.499542323106492 0.483813631195681
-0.0318542783489918 -0.0364699945438396 0.0850359161730024 0.461350406053921
-0.01873213701625 0.00980745156616219 0.197697511782532 0.0579622638077559
-0.00465942792037247 0.0216716618029202 0.0463034405840721 -0.22128892781758
-0.0244223163441936 0.00457348288365785 0.00237969869111952 0.187018939114519
-0.01604987611548 -0.00234835462943224 -0.145428474393846 -0.0544897997634043
0.00850905393710683 -0.0382079959383229 -0.0288049192144974 -0.430281609020182
0.049649284075717 -0.0357497876686576 0.484710763318872 -0.331112083666246
0.0322288365327225 0.0622689291547114 0.714650490962891 0.390657774072106
-0.0494552232348089 0.0553801335368386 0.00340830739222808 0.922986048439074
-0.0511546688599362 0.0140614324495609 -0.486720988565789 0.462131552279806
-0.0490101691018524 0.0110280605323218 0.00502931316571216 0.0935242031828267
-0.028766520293867 0.049096650552639 0.471218444928186 -0.442377177193121
0.0154072913420171 0.0424883898536553 -0.0757217150061734 -0.921193579817435
0.0447076675838217 -0.0163381623580174 -0.811067012081413 -0.325552541301008
0.00899531884340292 -0.0688173302608312 -0.500841958044578 0.485660601415002
-0.0272591321927075 -0.0295079686133889 0.0892101166241154 0.460593711522307
-0.0146089704546138 0.0164715957073909 0.204559039867872 0.0600584869266365
-0.00414078651965312 0.0243497325874785 0.0494219065981465 -0.21820945237429
-0.02018348128616 0.00680198519996211 0.00175193131364005 0.189708639759896
-0.0107541368880834 0.00473681937284661 -0.141740866534382 -0.0489177442219945
0.0124450727548341 -0.0285968081341087 -0.0295815711984355 -0.431311469539601
0.0462855667027786 -0.0309390491736652 0.477986970158958 -0.336000296601536
0.0278014759521028 0.0570390753771563 0.709953424895958 0.383111166865632
-0.0466926746281948 0.0496144904159084 0.00378632377833448 0.928773459505299
-0.0475428758930369 0.0142200089233791 -0.494111348322283 0.472141756006103
-0.0463759435119278 0.0125220090064153 -0.00659431182874574 0.0997008124754299
-0.0260544247308882 0.0489163699963062 0.464927620484685 -0.434127026208738
0.0170556931075641 0.0381470485335559 -0.0751687898254063 -0.917520694503576
0.0403182984943973 -0.0187773183723122 -0.813438677674314 -0.332151215559207
0.00758708447438743 -0.0643578151740201 -0.506346999553951 0.479599430440359
-0.0223156087734035 -0.0223262474037092 0.0870957922543593 0.461728386486342
-0.0101147405924627 0.0232595724374943 0.208561324745576 0.0649266484131755
-0.000222474654233 0.0265106566065904 0.0492999266807878 -0.215485118748714
-0.0143141792704683 0.00819555538008836 -0.000628047313204165 0.191180156031382
-0.0049568941754415 0.0114189053991694 -0.140425026758872 -0.0413210011166693
0.015510721725316 -0.0173095032654905 -0.0340052116684772 -0.430286859379157
0.0429051087821287 -0.0251495535896176 0.471893714441722 -0.350123591014212
0.0236569448569454 0.0524742459130642 0.714243669769764 0.370634844173037
-0.0432956373506902 0.0423023504330772 0.0187788415327698 0.93060679564765
-0.0396431722489163 0.0133579352525061 -0.490511545669066 0.482951491683387
-0.0394457231345899 0.0128261518033949 -0.0153305708555842 0.105218492253453
-0.0199962663916592 0.0450693654182925 0.462958553103619 -0.421704555343809
0.0183809965337602 0.0292742037985384 -0.0635534336654932 -0.9181249969007
0.0358798943388835 -0.0204746565264417 -0.810653045319257 -0.348871780609842
0.00677166084480958 -0.0572722167111341 -0.518894485778148 0.471781834912806
-0.0185179493400391 -0.0130717645201008 0.0841733894836684 0.462799449047723
-0.00367228755181278 0.0286982663823363 0.210730728371751 0.0706361298047628
0.00566612195254067 0.0284370285991332 0.0477708948032997 -0.211944046884902
-0.00633069049230862 0.00775652849031626 -0.00733320074752527 0.193399757212129
1.11087219561421E-05 0.0171105339201021 -0.142443355606824 -0.0340872389480843
0.0184460382718559 -0.00539969975998615 -0.0417906089498616 -0.43206801664685
0.0383840515544362 -0.0160564868376778 0.460763345431589 -0.368696402733826
0.0214170588660414 0.046880482166909 0.721799199074213 0.34626694534828
-0.0387429077165668 0.0324553302488678 0.0425689837252314 0.926352785880459
-0.0306685425636861 0.00696693136532421 -0.484743032195584 0.496020102816115
-0.0305972710899724 0.00930677271116612 -0.0211440944896502 0.110959223225477
-0.0121460089300061 0.0373087288940853 0.466320704560373 -0.410663012557394
0.0197864492363542 0.0190675884841929 -0.0405806610323033 -0.917567948980488
0.0321618553538029 -0.0222678770419935 -0.805133150725361 -0.375321898842115
0.00524259400570666 -0.0484858348283428 -0.530202605930556 0.454671519648973
-0.0155483701379598 -0.00280372682429049 0.0795679667352713 0.4627172167
0.00275964631182808 0.0333003456044587 0.209096399978771 0.078804708204768
0.0130568772212693 0.028826065721939 0.0433037583694011 -0.20916064752809
0.000911654281218017 0.00726695533707086 -0.0138307640761472 0.194796660898878
0.00393089875002658 0.0188948259988125 -0.146095456020659 -0.0261920201181348
0.0196625538445564 0.00340439971743654 -0.0507782019628283 -0.430333279100951
0.0356626961506144 -0.00773491626849951 0.452155757517431 -0.384937683247554
0.0187295511504855 0.0433603529860341 0.732874591943223 0.316688524298998
-0.0350801651152461 0.0218875265187855 0.0714746241445485 0.920783520608868
-0.0206069469443477 -0.000609873639943307 -0.471272871456321 0.507282221895859
-0.0205210111946146 0.00396479174869639 -0.0233076789419444 0.116118186552626
-0.00459954881077113 0.0284720508335434 0.476984163815169 -0.396707614258391
0.0219614255241464 0.00841913597079174 -0.010421930462927 -0.923619945038969
0.0294096140512477 -0.0241181363442171 -0.795361048070052 -0.409253172740966
0.0048026094800101 -0.039857838246673 -0.542194433212428 0.433350828255717
-0.0140218544145792 0.00503254410104535 0.0693338864197267 0.46160584749684
0.00666603637779959 0.0362705418145391 0.206841120276918 0.0860730748082303
0.0208927527202997 0.0294197344343789 0.0383043194163281 -0.20744283093966
0.00776740834222275 0.00524445431817199 -0.0217488299120383 0.195641989253817
0.00696865771594504 0.0193406957019085 -0.152494208136203 -0.0211248157059419
0.0197134421958158 0.00908515101316483 -0.0592153900375974 -0.43119861583809
0.0341100421772543 0.00024557503595847 0.443012560518691 -0.40325439268803
0.0199252564902289 0.0407793009333573 0.743310697329262 0.285559686267473
-0.0317663165371819 0.0126088040780572 0.102517198970777 0.9111387198403
-0.0125993021385732 -0.00937283088020531 -0.457054725685217 0.511936826953274
-0.0101578862874676 -0.00304861653555161 -0.0200355677573988 0.118053133329423
0.00304755785165653 0.0199194868423542 0.490542304692951 -0.389639682286142
0.0242791696504431 0.000295479774932545 0.0212973211181564 -0.931237332398835
0.0276855499388938 -0.0254194247971898 -0.780547702940459 -0.439056277707243
0.00287545150838873 -0.0326535871622619 -0.553326824872313 0.411664967508242
-0.0151197514913692 0.0107625979425407 0.0602556228385771 0.461811055968754
0.00877183928604758 0.0365266612624521 0.201662984515764 0.0922836483633827
0.0285496415900653 0.0287964319549864 0.0319570837445395 -0.206271568309558
0.0126226227231073 0.00242930593931914 -0.0279153491606774 0.195983690834006
0.00641305933261655 0.0162337903199686 -0.158821882278505 -0.0154997526446297
0.018127896595599 0.00986077138003189 -0.069245738821608 -0.429953495552015
0.0345748978864735 0.00500021809252047 0.43523614347311 -0.419425777146426
0.0208639567001335 0.039787782087869 0.753823186985304 0.259943953950359
-0.0294354980059384 0.00661102409064523 0.130573918975028 0.899325937594815
-0.00645874067191375 -0.0174883718577669 -0.437768038969285 0.518683002910734
-0.00299358938057159 -0.00999040203245284 -0.013728590481455 0.118640922441409
0.00809500610551876 0.0112755187253272 0.507032919935512 -0.383347888828078
0.0267132667379122 -0.00636163640303577 0.0514150278418388 -0.940110975162601
0.0290012825920549 -0.0257020781356442 -0.763925155836557 -0.469211819112085
0.00274841638474393 -0.0280080686264687 -0.558739874199532 0.393720498191934
-0.0186943854921618 0.0117595176665109 0.051075761439624 0.46054331400012
0.00899996322437453 0.0349333266165684 0.195105392508091 0.0942913930110325
0.0333937644484445 0.028370023502734 0.0247016950072826 -0.207734426577057
-0.0254403008558123 0.00200004148470132 0.00160849631948669 0.182022872417254
-0.0201248201720756 -0.00887585968465131 -0.150339977975581 -0.0539887793552425
0.00303985186427974 -0.0450712123917392 -0.0376234063264755 -0.426775341289546
0.0506061556195034 -0.0381383115201479 0.476755159433394 -0.338692165964912
0.0370329683933353 0.062827132277388 0.718643722298021 0.370808872341771
-0.048623439774196 0.0570883787867163 0.025373520020823 0.906707321440538
-0.0517183836504083 0.0111586106850162 -0.4637328850554 0.459142886080165
-0.0471272522633109 0.00802005336550071 0.0177086754750112 0.0871576968775206
-0.0285654299263583 0.0467650484377577 0.469706787345323 -0.449267991065969
0.015295425915596 0.0435689298207669 -0.0757090583923182 -0.918480923056051
0.0475432376711111 -0.0146453918379575 -0.79799217035181 -0.319020720324791
0.00979733220059353 -0.0695144589506824 -0.488409577814272 0.483712062895232
-0.0324569788050674 -0.0354026154279218 0.0918874826776314 0.454899581744114
-0.0180928271673272 0.010089388165487 0.196239787649714 0.0550128336510617
-0.00370104442103653 0.0217255355468223 0.0435764565553856 -0.219683963703171
-0.0248100063811288 0.00508110297131337 0.00495786977128514 0.18439394866951
-0.0156091658421769 -0.00257013862828137 -0.144539066803133 -0.0517562355427777
0.00693864219114322 -0.0379188606399014 -0.0352887529907126 -0.425850563291003
0.0482600199091281 -0.0356903705438848 0.47424718113979 -0.334492945496877
0.032403649419514 0.06062357029696 0.709958815899065 0.377633537517602
-0.048831857328924 0.0552887308201865 0.0154994639418778 0.913198705186792
-0.0507426151387826 0.0140831228525766 -0.476390408885276 0.462663812926478
-0.0482482234640846 0.0113226947533496 0.00573038842927351 0.0920124645177122
-0.0281937275552647 0.0484482810324232 0.459329198365043 -0.441567945687512
0.0153504307940149 0.0416830971527579 -0.0849641946653339 -0.909290210886888
0.044205163393241 -0.0163855573516922 -0.805565422007509 -0.311936561417547
0.00860020108974936 -0.0681688277248128 -0.49029703868501 0.485455479108759
-0.0269886120615306 -0.0295520885177766 0.0936968425109144 0.45478719281812
-0.0142102076736351 0.0174212856325095 0.203138679274346 0.0573486249833391
-0.00401676213351503 0.0234594408534333 0.0465589061374997 -0.216831738301415
-0.0203969326909133 0.00681371023402779 0.00430271642394001 0.185992803362719
-0.00990399754525064 0.0046555398923936 -0.14091173864938 -0.0464543692727649
0.0112826296989051 -0.028113247101797 -0.0348530782877061 -0.425966228818859
0.0454279420830464 -0.0318893832879641 0.468212306603479 -0.339816822163069
0.0288335867503968 0.0566903667090821 0.706415154636963 0.371899944562892
-0.0462505267246277 0.0505434395225792 0.0148277045946606 0.918182944094775
-0.046412873680513 0.014583170000585 -0.48063499686362 0.472146682436929
-0.0444986229429183 0.0130515112022151 -0.00507697057057557 0.0977632214793054
-0.0250895619804861 0.0480439593504787 0.454131114707031 -0.431822663570589
0.0170751112437691 0.0371993037772076 -0.0834284502416088 -0.906481102716887
0.040158109005973 -0.0179390308403499 -0.809204026375004 -0.318743221036317
0.00717828609107155 -0.0635094317824008 -0.496481584359275 0.480554650675543
-0.0218004717294722 -0.0219204190122157 0.0947358880232158 0.455835171653763
-0.00916704630417646 0.0223488541661496 0.206986280634325 0.0617603341362108
0.00028826450083471 0.0261763094229947 0.0466593241728045 -0.213325281413967
-0.0144367085081196 0.00744159626044541 0.000922125671449 0.18838527718229
-0.00440122624566722 0.0117493231915647 -0.139264976789065 -0.0403087296403019
0.0150407130015656 -0.016639836635132 -0.0404853188140557 -0.425408488976539
0.0417611392364305 -0.0249781830289939 0.459992504820425 -0.352007932527375
0.0248555328720512 0.0520746776427138 0.707840006324215 0.356746193406722
-0.0425070128780248 0.0420847721912756 0.0285058399119801 0.91990607039362
-0.0399934615147872 0.0126132677358336 -0.481272910258975 0.482530630796803
-0.038859788660052 0.012184845102151 -0.0129857857744029 0.104087587081122
-0.0192456856080643 0.0439407978128257 0.450806414875381 -0.422363285020604
0.0169809956910166 0.0290581074904703 -0.0722134977822745 -0.905819456288341
0.0354364108861226 -0.0205702312946317 -0.807952305926357 -0.335694451341083
0.00673721098721556 -0.0565943065949973 -0.506291276236438 0.47205531171495
-0.0181302333899604 -0.0124013736490945 0.09075321792761 0.456110236592931
-0.00231953380496622 0.028273297925688 0.209030142525233 0.0683101259607774
0.00585878146806272 0.0272563886668613 0.0445874030998717 -0.210931570543761
-0.00720488351487076 0.00806482100280081 -0.00409905329516805 0.189199625180525
0.000439218193694477 0.0165386591342382 -0.140714289974486 -0.0325779085517717
0.0176564721293227 -0.00558668719352762 -0.0475215951382886 -0.425748598679463
0.0385614264666238 -0.0165414078204476 0.449589855839674 -0.369981229985796
0.0222040695808525 0.0465140413591953 0.718720189394833 0.33126610536716
-0.0382602042499188 0.0326801577746201 0.0529556766781636 0.916559054209709
-0.0301170306552664 0.00743745105288317 -0.472813594829945 0.495297012036771
-0.0298456134771457 0.00938796319542059 -0.0200699382615254 0.109751868693977
-0.0114919991576243 0.036569943954043 0.457349424781114 -0.409893945196097
0.0189126757513086 0.0193972634697613 -0.0512240408065219 -0.907109275897081
0.0317564297989569 -0.0220390283065585 -0.801893256053344 -0.362713580063031
0.00508101485942986 -0.0487495335660646 -0.518946392530827 0.455283580002499
-0.0153652179197077 -0.0034381034189716 0.0848885760896106 0.456967553109749
0.00342065148185023 0.0325537074868812 0.208132349563207 0.0754015780661947
0.0135345036100471 0.0283429958910209 0.0410848718121201 -0.206911207545078
0.000400805441049354 0.00747858068554705 -0.011372591214339 0.191548035507265
0.00460258776453573 0.0195336268893716 -0.145216175232747 -0.0249444020275848
0.018968466140827 0.00373619813884314 -0.0571193752751785 -0.425825946316315
0.0352388651901827 -0.00839308968468769 0.43936208655654 -0.386871116737496
0.0206857889221449 0.0420009391688093 0.72729930755565 0.304329178380823
-0.0348448486846462 0.021902729008956 0.0817398257640204 0.910653058324554
-0.0212459638184349 -0.000580230876758417 -0.459943965395782 0.505272589950119
-0.0201638367356313 0.0039430526623935 -0.0208320266725714 0.113494942406338
-0.00401571703686704 0.0279793993318399 0.469128639165792 -0.398397191525862
0.0210924255552314 0.00875608956800819 -0.0195340388474351 -0.914101684527414
0.0282144358094995 -0.0239770796022177 -0.78997781422664 -0.396629141750943
0.00362645660503064 -0.0396458076787806 -0.530476743250117 0.433911664388187
-0.0145536044651656 0.00495118071579354 0.0751418956095562 0.456649046337219
0.00774500384902395 0.0351759133857372 0.205951181538886 0.0827051892357794
0.0210049908596745 0.028561208724409 0.0345450778564853 -0.204737894620122
0.00728149116416737 0.00479555836130946 -0.0197712819576751 0.193039279166756
0.00724327992488311 0.0187607563825718 -0.150908154279624 -0.0196100282629021
0.0202315801350648 0.00882474772354378 -0.0660237751891464 -0.426228222725634
0.0342416184542335 -0.000411351949614102 0.431676328223626 -0.40522390714612
0.0200657689138871 0.0393573125216979 0.737287481251636 0.272723415717487
-0.0312377072775639 0.0134562376714319 0.11124886924388 0.90067318955677
-0.0125662822988201 -0.00959124856472193 -0.444692398895248 0.512606228316053
-0.0103032851847909 -0.00352447174108586 -0.0192440078658015 0.117095929865112
0.0036905436092709 0.018653147485863 0.48126418489466 -0.390121049295452
0.0239308780026815 -1.03493403436584E-05 0.0106935119621229 -0.920296452706789
0.0271113244620431 -0.0247938870500677 -0.776404147892437 -0.426671664750183
0.00215429163069991 -0.0335497333981967 -0.541895588411546 0.415492035745935
-0.0158001451673703 0.0100322587125468 0.066510365425942 0.456800532067408
0.010041219714803 0.0357985832449047 0.200334110382206 0.088807050335706
0.0281749863860885 0.0285773273366246 0.0289734154526711 -0.204208885791139
0.0120292540261812 0.00270310835412073 -0.0255602538358462 0.193530033836176
0.00668921161861071 0.016037874406572 -0.157471547450673 -0.0148424147311303
0.0174786279062191 0.00968319997685484 -0.0750968234927021 -0.425775445992216
0.0339031338417673 0.00398534670970457 0.424244736636675 -0.420093189950647
0.0221458292846141 0.0386315274274866 0.748652710782429 0.248029619261739
-0.029067745906331 0.00641736070693632 0.14092868267949 0.887777519125685
-0.00661430167761622 -0.0170051682631223 -0.426425440142141 0.516713975825918
-0.00292768284315103 -0.0106749018306838 -0.0120074538730273 0.116655977978692
0.00802274711525747 0.0106547444931561 0.495703350624783 -0.384749470891815
0.0260635354957201 -0.00715389567993069 0.0402533844242592 -0.927561987825646
0.0279857847593951 -0.0254219186777789 -0.760770725855287 -0.455873167648253
0.00266013377053396 -0.0272574317140422 -0.548217903454339 0.396652856118074
-0.0184153215060379 0.011780516506475 0.0571828287597674 0.455649283437431
0.00994254411930844 0.0338827505044578 0.193864410265278 0.0921771440189631
0.0334781885714561 0.0260460573812598 0.0219664469680261 -0.205401418867631
-0.025586857842575 0.00242873244828712 0.00298597242111349 0.178315247232793
-0.0195173261326357 -0.00861886487980092 -0.149094721901732 -0.052221862259166
0.00141069872756243 -0.0447772047091454 -0.0418628933299339 -0.421349938842002
0.0497085367679662 -0.038925042060138 0.465541697744764 -0.339709349871357
0.0377975403697979 0.0613132932409929 0.713334958158204 0.359879541997504
-0.0481125711419405 0.0563556254611259 0.0339201741906806 0.894783269788046
-0.0504044030087187 0.0115315843353356 -0.453754959797003 0.456146210427373
-0.0469158733019133 0.00763856326385133 0.0186258483745275 0.0858745575353558
-0.0285866071016846 0.045369301262325 0.460490494011106 -0.448670683800188
0.0152417320462593 0.0429862217361118 -0.0835377081003964 -0.903789310824367
0.0472283818368245 -0.0149312626874931 -0.791860764792278 -0.306679703287391
0.00792870316307742 -0.0696251781336147 -0.475222676759332 0.483093564233218
-0.0324189090191116 -0.0347831263973387 0.0952917694982178 0.449110468376642
-0.0172073727994239 0.00989862907538239 0.195333403481077 0.053100409602085
-0.00417870405705603 0.0210905063639436 0.0405445201735168 -0.216422499933355
-0.0250940639623376 0.00508286902776764 0.00581338060557923 0.180485421537119
-0.0154411022897336 -0.0021291143331651 -0.14237364427458 -0.0502862067103294
0.00643969630344621 -0.0380047841616571 -0.039448120549855 -0.420140488875164
0.0468246358608527 -0.0365669560403061 0.464879086023498 -0.336233194709135
0.0334891436672359 0.0586555805642969 0.704034017829478 0.366863447454287
-0.0471517247791413 0.0558503052518483 0.0228714988930099 0.901834928348882
-0.0495904637303038 0.0142979729181842 -0.465588861811822 0.460236100997546
-0.0467136591587723 0.0113824403459069 0.0066189973984012 0.0900211397532946
-0.027628699135558 0.0478648586374216 0.449862619603293 -0.440446631213158
0.0148113354245759 0.0417303470970934 -0.0918165659966401 -0.896776846820038
0.0431539786649072 -0.0173189811556808 -0.797437183760277 -0.301214158807502
0.00804168098084631 -0.0678629712107496 -0.47899700899627 0.485504889290231
-0.0274006250188795 -0.0282937328417513 0.097918472291975 0.448887578577479
-0.0138160608028364 0.016381307315392 0.201504098963866 0.054713451641125
-0.002596059040841 0.0235429153170679 0.044000739689046 -0.214979713327268
-0.0209471219836088 0.00607932256268382 0.00496169012058915 0.182530161233737
-0.00985234416020633 0.00438206098201822 -0.139632237550171 -0.0457195324445832
0.0107930074364709 -0.0281006930671684 -0.0395670748852478 -0.420933995573161
0.0440925009802823 -0.0325580755944477 0.457955687726809 -0.3407667572548
0.0298639296808013 0.0544992832997128 0.700043447823078 0.361231047177547
-0.0450438973576644 0.0505564389608823 0.0233169324382373 0.90628117258558
-0.0469462391940307 0.0154278829249607 -0.470959234653815 0.469121664396363
-0.0441354650184255 0.0135490218238525 -0.00386695175209116 0.0960903027126504
-0.0244353572063149 0.0476213753352277 0.443209499828834 -0.430516160262688
0.0163929840644899 0.0365782756991611 -0.0899426482128912 -0.890283644532272
0.0379242513077448 -0.0190757956135758 -0.801390459619864 -0.305496441764467
0.00664089088182298 -0.0627600441959495 -0.484855127337593 0.480330558737665
-0.0221745344733592 -0.020374562128834 0.0980226392798475 0.448437480312158
-0.00825939016224538 0.0219255708222292 0.205554222721151 0.0593282297237536
0.00040249136956446 0.0237607786994285 0.0437905806032752 -0.211099558396596
-0.0146593176789009 0.00717767102056354 0.00255894692248964 0.184708472518209
-0.00461377663450819 0.011332948408814 -0.137627389181597 -0.0388851343990674
0.0148846151511203 -0.0167078697056689 -0.0446242324859898 -0.420994736824009
0.0400078654898965 -0.025285172703922 0.451663096956153 -0.353120307475892
0.0260207799846989 0.049998843224128 0.702900607366204 0.346209798969275
-0.0420013509605377 0.0427423907127025 0.037057985944372 0.908543637827233
-0.0388831904962831 0.0127381161134551 -0.469949845964605 0.480977544450064
-0.0382447065534938 0.0126273277528963 -0.0123736744840176 0.10153071837181
-0.0183753558242898 0.0429308099785525 0.441863708806757 -0.419922732576124
0.0171806936139353 0.0283629561733374 -0.0817950822205907 -0.892115298992711
0.0347951795923532 -0.0200955281290178 -0.799656719210928 -0.324346972527113
0.00554900567339655 -0.0561361720136421 -0.495652298216984 0.471624350018092
-0.0179262440916788 -0.0118007716330364 0.0938826512932989 0.448184680028389
-0.000985405371417263 0.0282255067214478 0.208034162517226 0.0655241974362404
0.00631423853967895 0.0260118337007507 0.0424778868408012 -0.207061142624107
-0.00734221421667537 0.00751892150175527 -0.00237690192951987 0.18579337801105
0.000759618521060343 0.0159745939136864 -0.13917571636465 -0.0315409343567386
0.0175516423653653 -0.00526949671500214 -0.0515482419589794 -0.419928800269736
0.0366771993541037 -0.0175422269115861 0.439699842132446 -0.371466906672455
0.0229209212460719 0.0453430619393801 0.71009285512625 0.322884918747886
-0.0377594879170676 0.0324122626110271 0.0604716809062485 0.903087517492008
-0.0301871748445888 0.0077510528326144 -0.463179781046696 0.491186628252696
-0.0295071643274018 0.00958637268154864 -0.0188641695921647 0.107947069263694
-0.0112074587220278 0.0365785213449096 0.447884056062141 -0.407509285122865
0.0188071307309594 0.0191584545477202 -0.0585799500034019 -0.893256904132781
0.0303272618815378 -0.0227041487957557 -0.793191409841671 -0.350294611421726
0.00512002930003323 -0.0476041152196761 -0.506833784384504 0.455133349085674
-0.0146690842814825 -0.00324786639404524 0.0878340441270604 0.448597967278668
0.00393823082704137 0.0321079058616071 0.207684172267665 0.0728545675993114
0.013531657224513 0.0269076923570109 0.0387376898685853 -0.204241689518925
-5.76816830657745E-05 0.00681698417660038 -0.00982758976294343 0.188415442800907
0.00432976333258884 0.0190227236628253 -0.143408269804738 -0.0238273330323642
0.0193357785844416 0.00373754154031196 -0.0606657776362189 -0.419895191635911
0.0343240988141908 -0.00862021667999656 0.430059524057131 -0.386868647108158
0.0212292332969694 0.0409028433425261 0.720828058040463 0.292689734851697
-0.034125683677647 0.0227632984752821 0.088710539541427 0.897756136692103
-0.0207388186877819 3.07719914663992E-05 -0.449411936296392 0.502925965607192
-0.0194210516778149 0.00376912251390073 -0.0203603897637194 0.112498675853983
-0.0035903031909024 0.0276194994667503 0.457828206026259 -0.396792803544608
0.020791212585758 0.00834799500612984 -0.0286091225455528 -0.901590635284147
0.0274691996070405 -0.0241547506452365 -0.782556517181426 -0.381160646767967
0.00345191985918015 -0.0390780073033844 -0.520330678366997 0.435195881615478
-0.013756023821019 0.00440367979323826 0.0789747297763654 0.450119848681464
0.00840657504728919 0.0344364689440182 0.203395230345962 0.0803623195202005
0.0217074319177599 0.0268612392486099 0.0320612055303846 -0.201952933211083
0.00637675684275228 0.00476695210080469 -0.0173759734650157 0.190152284317016
0.0065219548610175 0.018757646021722 -0.149103579079215 -0.0184650368327478
0.0194223994962122 0.00880535797121142 -0.0699421113599048 -0.41972165984124
0.0332049213957173 -0.00193793088405513 0.42132473276948 -0.405255532059672
0.0205879513826412 0.0381065370961419 0.727723818218537 0.263409150636043
-0.0310337413649598 0.0132463161156913 0.119023596416689 0.886636061577254
-0.0128081851461454 -0.00907531733207606 -0.435265821289407 0.508825671948413
-0.0101802514995887 -0.00292341048259758 -0.0175690629915279 0.113976142047135
0.00278521353215553 0.0181860314798678 0.472277242166444 -0.387396443981062
0.0229188955481492 -0.000768970528161326 0.0017281076933703 -0.908662091943841
0.0264486392131513 -0.0257515888018786 -0.770816425210894 -0.412889069424051
0.00231739931953191 -0.0321090735908996 -0.529786364216406 0.416318659759582
-0.014843057427759 0.0107629241208339 0.0707878898285288 0.449110691932345
0.00991623957726296 0.0357007842523824 0.199115421097866 0.0858474575833316
0.0285527338859628 0.0272579664666493 0.0272462830751018 -0.20039274068767
0.0106120763908784 0.00168782029579513 -0.0236269144547955 0.190427206595062
0.00655340876095519 0.0165614851103217 -0.155330449565057 -0.0144875646145213
0.0176305104411291 0.00942750655283329 -0.078779606901588 -0.419130704516094
0.0325054442092047 0.0036800609168874 0.415145633305406 -0.418676535021337
0.0217091114375189 0.0377912422017151 0.739494252557693 0.235869371755472
-0.0294849447996777 0.00703460150136318 0.147458942747317 0.87553333900309
-0.00657250391162638 -0.0169766972389233 -0.414258636394295 0.513189012301171
-0.00280930104902019 -0.00994867789054522 -0.011111485059382 0.114158349413913
0.00821377006452924 0.0101087810963899 0.485694954677619 -0.380955054603967
0.0256163075099969 -0.00647066865553701 0.032166542543369 -0.914468084229303
0.027276001113618 -0.0252001225035585 -0.7555724514113 -0.441033967483061
0.00195325485867731 -0.0274015884534535 -0.538305341167112 0.395674729316871
-0.0183207825396581 0.012156095543719 0.0600031754187274 0.44908524828415
0.0103421413576765 0.0329381795083346 0.19202375020611 0.0899190928686568
0.0328177452334545 0.0262715022064651 0.0196963885502073 -0.202100793062803
-0.0229284740038988 0.00735679463123987 0.0308426326634808 0.17201424892308
-0.022091087581626 -0.0029737885677463 -0.156177549957946 -0.0294803420528267
-0.01085856060522 -0.0450965985254571 -0.105144330834319 -0.410720537749835
0.0370234298478454 -0.0556561530569911 0.415221929351254 -0.407148779358038
0.0554874064599192 0.0407343299925405 0.757770758082148 0.254269063120964
-0.0279843515158189 0.0608694710126013 0.159067738282674 0.885742030634399
-0.0435776181559012 0.0222347447452256 -0.395472303548891 0.514867970466938
-0.0435820904545859 0.0124987058829129 0.0292445038612224 0.0807352512746152
-0.0251973279801475 0.0435945437248668 0.391333004692976 -0.511860846018779
0.0153431381840733 0.0347932071393228 -0.222624365675917 -0.883143173726439
0.0361023392755715 -0.0181489523402813 -0.827691803029441 -0.179165438217865
-0.00624212158716819 -0.0648008498317867 -0.395007562625084 0.546353624143988
-0.0349057011688287 -0.0250142645211293 0.1641941096402 0.424266991546549
-0.0131012831209282 0.0136082144335458 0.198029492590082 0.0207065941519844
-0.00176432689440744 0.0172467169748825 0.0110262863661303 -0.216703179082571
-0.0213029233476441 0.00949539292000761 0.0327485083949415 0.174291566291654
-0.0170156310318761 0.00197034533938371 -0.149351567109916 -0.0278278022489459
-0.00518973403841108 -0.0394632903611793 -0.101865229512625 -0.409631035493328
0.0360716143823461 -0.0538444324533207 0.41409739711053 -0.398614894928983
0.0509852540813123 0.0395452415634567 0.750944033178262 0.259323687677979
-0.0281170586411991 0.0590523424436904 0.149322061844272 0.893822414343825
-0.0434663452048914 0.0258464833381369 -0.408607008450258 0.522305953450664
-0.0440417430783053 0.0159924781083037 0.0185001672844993 0.0874319666787909
-0.0241553937482091 0.0456968255798951 0.383101871732327 -0.503608766070901
0.0158004431450638 0.0333547081203697 -0.230894085971176 -0.873449474224146
0.0329030819833618 -0.0194521066889547 -0.832458181158791 -0.173792246720439
-0.00774306175405126 -0.0625719107267751 -0.396713201333024 0.547986845199962
-0.0298826911230084 -0.0206103779640312 0.166673909850445 0.423923024309263
-0.00829472370322015 0.0193237427905545 0.204384871792838 0.0218033724720851
-0.000615732190588889 0.019185630158968 0.0135792050036571 -0.214683379236098
-0.0177015062440241 0.0111044324804429 0.0341056919004704 0.17541587785741
-0.010378104430964 0.00787425720043084 -0.145149887807814 -0.0238774571861944
2.77167536822352E-06 -0.029783632971488 -0.103020964499833 -0.408972632174301
0.0333698325245796 -0.0495285074302322 0.405129700072356 -0.406266939936867
0.0467077513860315 0.0359244492206871 0.746770371950119 0.256163929087716
-0.0262000686350357 0.0541134429219545 0.151160741943059 0.899547026598088
-0.0392494370444515 0.0262913364456444 -0.411959459610205 0.532214706916222
-0.0408322887160025 0.0187796363918111 0.00872065646521402 0.094691899676135
-0.0203967242565043 0.0446814041261354 0.378991494162528 -0.493088352214279
0.0154809843871546 0.0284850622444432 -0.229963121288084 -0.869843041224519
0.0288745553682544 -0.0206539322944764 -0.835045545689077 -0.179564719450817
-0.00788730836568971 -0.0573771288017582 -0.40137007273852 0.544282303677568
-0.0237083030894008 -0.0141553864556737 0.166333977022836 0.425206190381659
-0.00190110973220858 0.0240498164439361 0.208848396446834 0.0250899250453048
0.0023463872636505 0.0204355029050818 0.0153185948028552 -0.211359333968569
-0.0116619351686337 0.0113152438835337 0.0321519423767569 0.177859538602049
-0.0045475894693929 0.0133390458128656 -0.142700528093012 -0.0166890843804039
0.00423147552032909 -0.0205611919645506 -0.10792878165098 -0.407000675206582
0.0297657899306404 -0.0419697566109513 0.395757956540088 -0.415544260162202
0.0423323493875063 0.0320522308643706 0.744817161834478 0.239501341049199
-0.023729236409406 0.0459537258667305 0.163893340260178 0.898373154478333
-0.0319470784234283 0.0230234383223612 -0.408784247493337 0.542749664861058
-0.0349012513406635 0.0167682254996301 0.000659715705819111 0.101335795460016
-0.0157205849257001 0.0403554443645396 0.378750759647173 -0.480827536276029
0.0159263909651699 0.0203977697553815 -0.217304197247411 -0.869988015348578
0.023947959116208 -0.0218707071189811 -0.837080725676359 -0.19563426263675
-0.00864211160044835 -0.0505178263075 -0.41387410261502 0.536629350989371
-0.0184666553592566 -0.00515664216460395 0.163250819694457 0.425887429146334
0.00506138491083712 0.0286847249499105 0.211996581770344 0.0314586408204344
0.00833313215105756 0.0220131534329388 0.0137725933180159 -0.207409534635825
-0.00512612616691739 0.0114853696776607 0.0267074407998956 0.181112522312943
0.00194512592842468 0.016957581355233 -0.142708101536832 -0.00847435121113578
0.00787299054582629 -0.00965114021354299 -0.114252353732171 -0.4055299221974
0.0279491879322217 -0.0338920461274144 0.383004017789653 -0.429317957973273
0.0391474253069329 0.0264362637903785 0.749791453726443 0.214375218405072
-0.0206889063680777 0.0355021918891691 0.185587929707996 0.890315248009574
-0.0241209387742399 0.0167536731079501 -0.398346156250528 0.554141377873775
-0.0272475322183023 0.0131034057995382 -0.00368761185569744 0.108302623247999
-0.00915833172303601 0.0326653487491263 0.383403724575862 -0.470566238216662
0.0161009429119927 0.0103462976890904 -0.196701403670374 -0.875943454127934
0.0196061125255063 -0.0234498094645961 -0.835765389157399 -0.222357434010895
-0.00861196665605612 -0.0429986314536243 -0.428160031490559 0.522895968819491
-0.015621612182895 0.00335162891938326 0.157091602375174 0.428637213162582
0.0105543122114705 0.0317464195196359 0.213017757927939 0.0397890595225408
0.0154886550178521 0.0220303382483736 0.0107131768990488 -0.203237541547059
0.00247973357167056 0.0097405331830104 0.0211719437197738 0.184131059231713
0.00532928888048479 0.0201944822232239 -0.145255470674006 -0.000538636482450598
0.0109461924103494 -0.00111811226294976 -0.122357666411833 -0.402137772589826
0.0258355156226775 -0.0250380338925318 0.37042854898012 -0.445139249807774
0.0359818280254239 0.0228413066049046 0.755320020714226 0.183439902841663
-0.0186143153125446 0.024834777077776 0.213585364765337 0.879074507198439
-0.0156712604807902 0.00741234894817181 -0.383761179650678 0.562746127824978
-0.0178955186259308 0.0062054670034145 -0.00411412411337359 0.112744098141712
-0.00266158158499456 0.0223611814226906 0.39683937703672 -0.460517698107283
0.0176198772223861 9.48986073590237E-06 -0.168880605947892 -0.887414566584399
0.0165873351542328 -0.0250633038156817 -0.830381800145371 -0.256150298088278
-0.00820257264337779 -0.035128715659799 -0.444704660257651 0.506425184405398
-0.0133470612568601 0.0103619147741825 0.146638030385935 0.428755761672384
0.0154708767764555 0.0344530124328 0.210794352925706 0.0462519350341068
0.0236276657465505 0.0205391110451244 0.00479141196548852 -0.200788667648557
0.00817141709196635 0.00720429120848824 0.0137207827298317 0.186649559632237
0.00748995417417571 0.019486596582536 -0.150758475486147 0.0059625750116119
0.0115951176708307 0.00403295861885758 -0.132434915910685 -0.40063072269676
0.0251749804501607 -0.0175215278927549 0.358381907582957 -0.462442682354397
0.0348114134879847 0.0205608559306092 0.76084355990059 0.153463553543064
-0.0172038403593474 0.0147462266948513 0.243171632752066 0.865844864867122
-0.00862465971308523 -0.00193416904213067 -0.368935934429695 0.566455046994172
-0.00958167193757103 -0.00143590761876619 -0.00172031064674253 0.11436361713713
0.00357581973606329 0.0128106701995322 0.412813825231675 -0.453607477552423
0.0183072998114132 -0.00936294414976244 -0.137498335869089 -0.899115821505417
0.015213363361895 -0.0265857430411535 -0.823355778414191 -0.287548362944185
-0.00869816453798266 -0.0276502194083138 -0.45747886629592 0.486498115662365
-0.0136958086399659 0.0159506589643273 0.139256500077631 0.430318185325511
0.0166795070245226 0.0347989776565192 0.207230519633162 0.0529305245855479
0.0295827383028038 0.0199692797906694 -0.000121224829960831 -0.197916929398038
0.0123309033630904 0.0040937233825373 0.00745668863549697 0.187382547600567
0.0077848827272651 0.0169965297470094 -0.155921207184962 0.0106527128884334
0.00974363042639707 0.00429521095819348 -0.140482598577104 -0.39882107329778
0.0259175932348394 -0.0126320572486643 0.351211472179496 -0.474314253975882
0.0359465447127678 0.0191617985943694 0.765550751869179 0.124536113228519
-0.01606504180604 0.00940456314831195 0.268925711466591 0.849796973727336
-0.00457911053826326 -0.0106371556440972 -0.347844761007759 0.567800273361013
-0.00272286377883523 -0.00864253762472705 0.00544798266749442 0.114220210482175
0.00784072118338169 0.00464736737752623 0.426900128866892 -0.450553446463101
0.019662797809316 -0.0156602446960929 -0.108670220265715 -0.909609903022834
0.0162103152929261 -0.0272560308567383 -0.813118441428293 -0.318103621052928
-0.008140399491744 -0.0224086163826115 -0.466323193786963 0.468449746315928
-0.0165238700938434 0.0175348749618562 0.130470587328872 0.430842496395644
0.0167010119289982 0.0324626851399073 0.200936581568444 0.0579083384150322
0.0344723767864062 0.0184161275699891 -0.00750820105870999 -0.199430116222993
-0.0233147992020173 0.0077375157931028 0.029950563864752 0.168503782975763
-0.0214295798756419 -0.00292800627684116 -0.1534759992468 -0.0289588166201763
-0.0113924604053091 -0.044237192961578 -0.107051093136594 -0.4047248419127
0.0356667723437331 -0.0554273408407828 0.404624590995282 -0.402742677647609
0.0548645880925284 0.0394082734053455 0.749327616777985 0.247536030261271
-0.0271624421691554 0.0605087561899896 0.160566435825412 0.87410739238502
-0.0429919882370519 0.0225298822528552 -0.387094399167058 0.510103529070941
-0.0430942005458701 0.0119990234555075 0.0296158532013918 0.0793209097119807
-0.0240396611064703 0.0425917973817564 0.383996321401522 -0.505348554429073
0.0146196934178961 0.0347260345535554 -0.223809413029442 -0.870238232773372
0.0357686577793298 -0.0180582696446227 -0.816711739737027 -0.173632788448319
-0.00705464641469485 -0.0635301558086718 -0.385719454446199 0.539999420626874
-0.0341049863581401 -0.0249186682917846 0.164471184129657 0.417353934532637
-0.0129194309077097 0.0134858670595417 0.196819487579476 0.0202386388887161
-0.00132833979793673 0.0161983757240615 0.00925323103203811 -0.212509243161327
-0.0223029430652075 0.0103764893089482 0.0335230223371984 0.170236361386737
-0.0160692952596964 0.00218241762468476 -0.146556006767951 -0.0277026964203947
-0.0059462760224961 -0.0381651074359485 -0.104498604824582 -0.404124202301044
0.0344382638170832 -0.0535883026122367 0.406217433130748 -0.398446199765747
0.0515810251420101 0.038299583553409 0.741341534925839 0.254474272101151
-0.0268046300992027 0.0589909770115487 0.15115540996653 0.882065694483425
-0.0422667028410244 0.0253215864030399 -0.400454905897515 0.516291477001559
-0.0431562466917131 0.0163210684598265 0.0188503806669176 0.0863046789529355
-0.0234301739414694 0.0449333586503954 0.375620977097009 -0.49694445298206
0.0154883179005782 0.0330116553421573 -0.230969127505772 -0.861081635261305
0.0321107630117951 -0.0189132654998027 -0.821134482937172 -0.167594860854932
-0.00746665851651863 -0.0625521642504464 -0.389371402595857 0.541960685147324
-0.0292696027237997 -0.0195394168613807 0.167796691385567 0.416229398970635
-0.00804145118702859 0.0182315387790498 0.201503520512701 0.0205515085495547
-0.000566197893163893 0.0186629179987758 0.0131989481946688 -0.211636519434583
-0.0184844073979218 0.0106448867552341 0.0331706412806327 0.172204646120736
-0.0101442514300042 0.00789011102872796 -0.143041843607938 -0.0220307739558207
-0.000752921239877323 -0.0297424791405056 -0.105148271921895 -0.40364339915691
0.0318550847702816 -0.0491391716324213 0.397273371699267 -0.401488801397439
0.0465453501206195 0.0350428192112737 0.736460433116041 0.24999945285103
-0.0253636035145336 0.0536988810320764 0.15208524654227 0.886857004645196
-0.038455084793977 0.0250659067701754 -0.403289883240641 0.525466583558104
-0.0403621295682909 0.0178678201407839 0.00844240648947799 0.0928070654139103
-0.0202354690509233 0.0443352337310628 0.371609341069209 -0.486598088964361
0.0157266737962806 0.0281434547336071 -0.228177704056692 -0.85653821077491
0.027725766222295 -0.0208145714378219 -0.825571968266062 -0.174117486284455
-0.00813357734874833 -0.0575217401458836 -0.394733149258326 0.539818877726695
-0.0238580818215632 -0.0132026317820225 0.165971194430862 0.418536756475587
-0.00155633297088638 0.0236928851033352 0.206903413004217 0.0244556658514279
0.00294005486112021 0.0199609558629667 0.014803120055732 -0.208334930465808
-0.0128126683761104 0.0117690153460682 0.031492600369516 0.175266696944858
-0.00409450096291807 0.0132728289232182 -0.140785839091408 -0.0165847221703657
0.0040298571512912 -0.0195911492804924 -0.10862257929664 -0.401163142364825
0.0290128584210885 -0.041458367722808 0.388485642382938 -0.412740828496186
0.0428462395470327 0.0307134024875998 0.736878618098487 0.233165727629228
-0.0234349794854206 0.0455482275539427 0.164704355379039 0.885354112031229
-0.0319535567467635 0.0229874011287255 -0.401979377954807 0.535455889419742
-0.033899266100758 0.0177334995028837 0.00200597400176791 0.100194855870467
-0.0154931475613335 0.0394966013922782 0.371389595725342 -0.476784003320689
0.015635966924775 0.0202669696862685 -0.216656091121699 -0.856802101688668
0.0234183285769319 -0.0222081599512641 -0.828121734885306 -0.190954538330987
-0.00837283860786339 -0.0496776154715196 -0.404763760063392 0.532650813085546
-0.0181033555198473 -0.00538691808107729 0.162978781048041 0.419391089266052
0.00435516896002182 0.0276045904193288 0.20888201321178 0.030258680125231
0.0085410135814419 0.0199719000266662 0.0130485328185525 -0.204007770813527
-0.00530716084057788 0.0110940703229379 0.02691231170926 0.177457471211178
0.00139578953478593 0.0173135671270741 -0.141135311138966 -0.00789718326555191
0.00900069108712286 -0.00861688953135785 -0.116002533659573 -0.398568650729991
0.0259989142890533 -0.0342223214316579 0.375385285474327 -0.427739067142902
0.039398926641089 0.0259362956279328 0.739653748458413 0.207676329059978
-0.0200137910689715 0.0356603269249701 0.187498638572829 0.877704168674092
-0.0234984316501694 0.0156369217915669 -0.392580571660228 0.547930790688433
-0.0267537088155607 0.0126543798676357 -0.00387615900078181 0.106298706008498
-0.00899748654559476 0.0322152171623679 0.37769257422519 -0.464910245011815
0.0163010822776367 0.0105955599061396 -0.19631909583972 -0.862862768955232
0.0189619827427768 -0.0236533987108895 -0.826711757880143 -0.216881456736549
-0.00829407981222969 -0.0420157327359966 -0.419936208769671 0.518284680397249
-0.0145573038722535 0.00234867688100269 0.157861701149502 0.420508392569255
0.0104457472069189 0.0317046206875795 0.210777852075166 0.0376947406744776
0.0156495050468688 0.0204921956664487 0.00965532334858566 -0.200523565465657
0.00153068025941009 0.00827861213426156 0.0215337554533509 0.181073133629464
0.00448787759277487 0.0200074258862517 -0.143168153425106 0.000101003898501745
0.0102605135699534 -0.00196656376237755 -0.123756583766246 -0.397495181190239
0.0247075901710518 -0.0247169412144649 0.362268307810158 -0.441193431848869
0.0357546725201986 0.0219558966585004 0.744490367588241 0.178162815615245
-0.0182634342673449 0.0245247859100797 0.216222632650501 0.867906814538194
-0.0158185674044221 0.00744446598008149 -0.376944300689711 0.556418541868259
-0.0176952667191653 0.00643009737240189 -0.00368303045808383 0.111331761697229
-0.0018187186363075 0.022341941348737 0.389091716744297 -0.454910458728315
0.017085844121481 -0.000148457291225991 -0.167491339750014 -0.874947948645221
0.0155503644698202 -0.0252478974020047 -0.820766199549777 -0.249750126655236
-0.00902155835183749 -0.034129311772492 -0.435640923049675 0.500246155459794
-0.0133544777182962 0.0102599763723144 0.148810465830803 0.421331218446109
0.0153710513533145 0.0333689947656137 0.208808105500667 0.0442295811322662
0.0233684385238153 0.019752219950914 0.00416097238493174 -0.197853793902626
0.00691896048895913 0.00649154509154677 0.0134497696721249 0.182083362214196
0.00749790712451343 0.0194943199970079 -0.148111330093044 0.00657873795366678
0.0107811532470212 0.00379881940732429 -0.132799480516217 -0.394566611109064
0.0233819700641161 -0.0176384029912759 0.351504855650631 -0.456325200552926
0.0346192674303309 0.0192248009798603 0.749528869058515 0.148613762597117
-0.0170880847457338 0.0157894197421206 0.244162688249726 0.852694162088455
-0.00854306165682756 -0.0018886139669415 -0.361670640501629 0.560433467910573
-0.00935992443145667 -0.00138721305439627 -0.00165748756326061 0.112231462788577
0.00337280994235946 0.0119904860598111 0.404973061320257 -0.448373502266231
0.0177057650884834 -0.00929139915030387 -0.140907526133962 -0.887467903626888
0.0151633522637886 -0.0266116854825913 -0.814272685150239 -0.281708496573497
-0.00842602796834461 -0.0264635165563101 -0.450051964381078 0.481353816730963
-0.0138290963622501 0.0153032535369535 0.13962279165722 0.424021274418898
0.0168186236273055 0.0336777912159359 0.204878989698546 0.0517813160400966
0.0293884655097941 0.0188961662779694 -0.000276517806833906 -0.195194268597443
0.0114374955405518 0.00406431849709497 0.00796421440347197 0.185296759239899
0.007280411319872 0.0163629507854813 -0.153196151769854 0.0107903180361332
0.00925939420796363 0.00478660221966992 -0.142063529060514 -0.392790693010585
0.0246906811801237 -0.0133865080613903 0.34118024157134 -0.471200930373651
0.03588808306009 0.0178851633031239 0.755377753727773 0.122295751558351
-0.0161224069991628 0.00891995062691223 0.269679336220059 0.837325855149903
-0.00408286000637793 -0.0097480433791122 -0.341067024252058 0.561190546916866
-0.00307087229243047 -0.00940106075318769 0.00502328789006764 0.112416846831801
0.00752309443270035 0.00426548960641147 0.419517327155277 -0.445615111749356
0.0190586355074286 -0.0152063601402985 -0.112319898394146 -0.89796032946032
0.0151990795111334 -0.0262441053126845 -0.802279541790893 -0.309943800006712
-0.00787055432489575 -0.0223971205077556 -0.458349857683038 0.465773727635674
-0.0167284775234436 0.0174747145027904 0.130241877034853 0.424495275487757
0.0171494073273275 0.0322100900952552 0.19855704878224 0.0558451752827183
0.0348099153639097 0.0164756524589503 -0.00733735394191016 -0.19571753131714
-0.0233599356053416 0.00700460602965002 0.0300695848856855 0.165593478973603
-0.0209778152045177 -0.0029668313513749 -0.152957428871823 -0.0286163452189826
-0.0118295890658333 -0.0428362448441047 -0.106273199927165 -0.399249602709964
0.0347322310289378 -0.0554056116242693 0.398275934790146 -0.399688296436669
0.0553915334981797 0.0389199131711412 0.73887691305989 0.242716113574666
-0.0268320554950184 0.0596086225897789 0.159648765025609 0.863508916114832
-0.0433273187544758 0.0220388964834324 -0.382839836597687 0.502182329714153
-0.0423338816208995 0.0115266123222798 0.0292724517713936 0.0775828685281186
-0.0240532916189402 0.0415454776118728 0.377806675300281 -0.497955140175819
0.0140220662613274 0.0337157921263657 -0.220542182663375 -0.857012128369063
0.0349037964273726 -0.018071028996034 -0.80613018651296 -0.171613828351344
-0.0065926853168263 -0.0627786903455943 -0.380964881031301 0.5349883180213
-0.034329245751609 -0.0246334644674251 0.162924734934452 0.410518181117733
-0.0123239721905148 0.0125828131197696 0.194081229229256 0.0195556270094717
-0.00131406487805212 0.0160108450423658 0.00981926284452721 -0.209034375344916
-0.0218413799429048 0.010225661120017 0.0327210045283723 0.167379586288343
-0.0157057708976986 0.00227252366039928 -0.146036604019381 -0.0265452510035531
-0.00598333285133019 -0.0380136768775483 -0.104634880963272 -0.399024274449949
0.0339340616702181 -0.0534966125205646 0.398486880526256 -0.39292945328768
0.0505799964154171 0.0373520883433627 0.732118245754106 0.248935429830011
-0.0270721117177398 0.0581622504991794 0.149962854558133 0.868803188120338
-0.0418664494028236 0.0250502925296942 -0.393970818974611 0.509438950231599
-0.0422222760955538 0.0162565849225211 0.0174589510784415 0.0838624564114289
-0.0234485754852481 0.0444457409025046 0.369900788611904 -0.490039278554216
0.0146380642843974 0.032707761883317 -0.226270133618801 -0.847168644072947
0.0314316835414395 -0.0183787035800412 -0.809372487257781 -0.164889592085766
-0.00749846865230466 -0.0611080167317576 -0.382275685400237 0.536674937136207
-0.0295244494666102 -0.0195983809589877 0.166956886054111 0.410967221696844
-0.00754780478857428 0.0181047164013452 0.200628279870529 0.0198156697682629
-0.0004855569461087 0.0170555564122366 0.012441107384887 -0.208603795702195
-0.0184233111196072 0.0111690737576392 0.0330734005360872 0.169238452508414
-0.00992486043216516 0.00822029328575593 -0.141372478408061 -0.0228685506149925
-0.00102419099421653 -0.029018774661294 -0.10379901907502 -0.397985581385455
0.030667868411477 -0.0487781199744607 0.389918466968972 -0.39631028671536
0.0473759622301606 0.033852105062405 0.725804707502243 0.244677263469532
-0.0252683464957852 0.0527863298935131 0.151194751640754 0.875868686738241
-0.037202239985075 0.0256277418509599 -0.398562393034992 0.518107931072735
-0.0390112894975119 0.0175418523719593 0.00899819795850657 0.0907157717608214
-0.0197267618646985 0.0432445609690307 0.365052607293873 -0.478199238451444
0.0148981629540371 0.0279643511465838 -0.226518477115899 -0.842829614057471
0.0269263557340176 -0.0208550580383712 -0.815677282798194 -0.171361385767797
-0.00821833966833942 -0.0556730485490399 -0.387312303248305 0.532415190184086
-0.023970267193267 -0.0131792480630019 0.16618411728656 0.411536366942692
-0.00138968486264893 0.0220859107715107 0.203985241117728 0.0240469823197519
0.00255900588797135 0.0194672734240016 0.013997710984322 -0.204774092041858
-0.0130963444162633 0.0121701994014652 0.0307861939933672 0.171562547043646
-0.00402566298297795 0.013521245500511 -0.139217937662138 -0.0161754270900144
0.00315881618535593 -0.0193800226125705 -0.108514172290357 -0.39462010655401
0.0282006091755421 -0.0414783024179018 0.381236848762691 -0.406707063163844
0.0420447524752799 0.0294281878085072 0.726330745545106 0.23005229662904
-0.0231550354146379 0.0460004136897247 0.165958698518392 0.87518767765654
-0.0310925818968612 0.0225382584456394 -0.395238229331314 0.529262705377894
-0.033645344547762 0.0165545933923958 0.0015693686378241 0.0979521159317416
-0.0151191507977845 0.0382945457485094 0.367032578980292 -0.468549840240159
0.014499782008125 0.0200664194097347 -0.215684576826193 -0.846755255608131
0.022501535823893 -0.0222363842797611 -0.817324971549324 -0.186336627840066
-0.00832461460598757 -0.049163231521854 -0.398526616647197 0.525453140127891
-0.0188077319513513 -0.00552449068151574 0.162921571678098 0.412571238005618
0.00459009139711974 0.0269344988936257 0.20683895152983 0.0298057306108257
0.00824795406713158 0.0203043491706839 0.0124334217263743 -0.201044119584623
-0.00576960151660531 0.0106015847199453 0.0262264226263803 0.173822827463436
0.00200685887831891 0.017668108531535 -0.139580602607792 -0.00784701210729886
0.0071733546544971 -0.00934676602281766 -0.115614158307517 -0.393174282191908
0.0253827568377435 -0.0326612912941605 0.36988032858646 -0.422785689172708
0.0386839729196875 0.0252076206129005 0.730812354314911 0.203169790339381
-0.0204567899213207 0.035344258949136 0.187890749188468 0.866562352286518
-0.023427952516643 0.0160627521325761 -0.386339757889479 0.540310000849594
-0.0263217494285257 0.0129114452793237 -0.00384881316986805 0.105026936784346
-0.00920959387612563 0.0311303143858931 0.372790834330215 -0.45893867341271
0.0156872838447861 0.011001533126115 -0.194322055507807 -0.851445396863147
0.0183111333217999 -0.0231835723557085 -0.813141548344419 -0.21276960175605
-0.0084486663442498 -0.041206232382166 -0.413689327976122 0.512176636223687
-0.0143531030105079 0.00274545107542755 0.156860718630653 0.414705905074637
0.0111514267884531 0.0299336457799273 0.207680321426221 0.0373664174979313
0.0152311134299642 0.0202514666315427 0.00944131109849452 -0.197612756259334
0.00115558794788487 0.00856495536957745 0.0207057403654118 0.177243860225016
0.00591910436173393 0.0194378038871637 -0.141752864506016 9.18476909613058E-05
0.0101796980243062 -0.00151920573456068 -0.124653195913286 -0.391559420318598
0.0232892963648423 -0.0243456092857405 0.356297452131109 -0.436047557028269
0.0358119617532658 0.0209606342806422 0.734418138312672 0.174438834411317
-0.018263379913503 0.0243693589793436 0.214555321393875 0.855617940563173
-0.0153209003478097 0.00718771525509134 -0.371997473593301 0.548587438404059
-0.0172677239214014 0.00621685295716184 -0.00380921829667823 0.109223368939989
-0.00367518961109616 0.0217340904893302 0.383890145734099 -0.448019238748144
0.015838424059082 0.000854268774300141 -0.164628758640395 -0.861276900272668
0.0154088970132012 -0.0253514603228151 -0.811114169314589 -0.2443250271362
-0.00881420461380639 -0.0335046313422749 -0.42905424761373 0.495106286877799
-0.0133329406271361 0.0102491519506462 0.147027228125364 0.416630120112236
0.0153277171268299 0.031934535546402 0.205832833220191 0.0437544707343683
0.022506524865637 0.0189697055329145 0.00446618624299389 -0.194456288515532
0.00620574194832576 0.00621235441886283 0.0137348006895105 0.179932884979328
0.00817180286058469 0.0188900640117761 -0.146507320609242 0.00613561743171119
0.0108553898773863 0.00373619489677971 -0.134311564168222 -0.388657966096092
0.0228042532131049 -0.0176984130295378 0.34238583682675 -0.452434276649004
0.0345148290113376 0.0188382426294783 0.736758526728177 0.145923047982924
-0.0168906835880606 0.015228697956542 0.242773754752763 0.840731020825103
-0.00896347855575861 -0.0023367852552996 -0.355180035327463 0.551539887751554
-0.00877490286663855 -0.00126549487686302 -0.00085886927018001 0.110897400435492
0.00340197187103303 0.012607242118285 0.398505142058228 -0.441290687116209
0.0173301258144614 -0.00849748437508453 -0.137208380226458 -0.872544318903713
0.0146155680582522 -0.0261471701947505 -0.802442824667049 -0.276254011144024
-0.00898581113916537 -0.0277744533713217 -0.442772773840101 0.476754737938692
-0.0130520481340202 0.0148406839652576 0.139460213097328 0.417881580617879
0.017339682068392 0.0326474407611957 0.202391660933929 0.0499102384520319
0.0293976705812743 0.0177216542138606 -0.000983194189138985 -0.193214775823413
0.010494541282077 0.00405825192767044 0.00799536393691198 0.180946884384397
0.00770311023846306 0.0165340848820194 -0.151344140440946 0.0110771289949171
0.00902657773812748 0.0050655598319155 -0.142328438293849 -0.387139602122194
0.0239191424012533 -0.0137341193374595 0.335907812752538 -0.464971006007459
0.0354541803098049 0.0173721339845372 0.745781022618699 0.11767846690915
-0.0165089701924717 0.00890219452014453 0.268006943664088 0.825593721286828
-0.00557842859234446 -0.010648475557149 -0.335831423312721 0.55381282950927
-0.00298396695112759 -0.00834299824871465 0.00520341664469364 0.110226943292223
0.00765556887392519 0.00407867584447816 0.413606685207256 -0.437001801092737
0.0179376037731401 -0.0148578101643005 -0.110610787663553 -0.885342502212376
0.0154216712315763 -0.0266191908143326 -0.792843198838442 -0.30648019492011
-0.00752022744380237 -0.0228744039277821 -0.452234391470049 0.459798880307959
-0.0161033634828425 0.017095311803688 0.129874696044969 0.417689243410678
0.0169575746352821 0.0313781940230913 0.196882045722567 0.0552067335001038
0.0332978227599696 0.0164996752842049 -0.00734667780233601 -0.192283995981944
-0.0236273681568148 0.00729325149653109 0.0292478411695348 0.162190723606212
-0.0213221775077863 -0.00348662609414748 -0.150485176637969 -0.0281092352530506
-0.0120238010049931 -0.0424731625967582 -0.106604103109003 -0.395205155485193
0.0333809312123775 -0.0552479897416473 0.393246744748781 -0.391472927443884
0.0544739356333707 0.0371856466635239 0.729415999265253 0.240100666816765
-0.0268296467938603 0.0589198958758901 0.155929890360555 0.851055800383066
-0.0423438639044042 0.0217391712936541 -0.378920237647803 0.495883473992672
-0.0416235183895441 0.0116161948051377 0.0287930572062554 0.0766943740847413
-0.024376073584422 0.0404986115186609 0.374192595443739 -0.48960522715189
0.0141256637975356 0.0337016429173624 -0.216596728366057 -0.846971269631203
0.0347838646430156 -0.0170694886559722 -0.796107847246843 -0.171011515444334
-0.00635210102339658 -0.0621327209708461 -0.376640353819102 0.527403678599387
-0.0336699408324202 -0.0245376082440951 0.161989299789136 0.40642721473564
-0.0113287744747323 0.0122599348534337 0.191308307462221 0.0199329996394133
-0.00174210736158951 0.0144478486188497 0.00938546218401305 -0.20628117893458
-0.0226434802242083 0.00953768664700033 0.0319794631169656 0.164627633979862
-0.0159215765439553 0.00232381543052162 -0.144242492965199 -0.0270091125891296
-0.00668873108191464 -0.036665184256769 -0.104274913213138 -0.394108693170104
0.032142954151537 -0.0518277412533634 0.39323980038473 -0.38884704847112
0.0510610716905 0.0360006767635722 0.721956021148719 0.247170600488242
-0.0271167608701405 0.0571632223007366 0.148939193471 0.860614144186157
-0.0414725420968916 0.025007742317723 -0.390572868515603 0.502332661198714
-0.0420243136130644 0.0161891807488606 0.018299384450358 0.0821757978645721
-0.0236759168271681 0.0433525030314142 0.366472984349041 -0.482773794987265
0.0145119359442454 0.032783524186877 -0.224084396238956 -0.836538180224072
0.0307195066693311 -0.0184108558763556 -0.800144880163173 -0.16405302075226
-0.00707189426127908 -0.0602419305239381 -0.377784407485601 0.529168932362301
-0.0281988159880011 -0.0196014421514638 0.165749291531554 0.405492957920987
-0.00735693041008678 0.0176687569377749 0.199117886701303 0.019532992327663
-0.000993254878677081 0.0175103071511541 0.0132684876503997 -0.205862823599647
-0.0190497970579607 0.0103475018253597 0.0315822904703863 0.166306755525798
-0.0106562857129671 0.00842057837562387 -0.139765780437496 -0.0228573002366454
-0.00121536676579726 -0.0285369952838153 -0.104211840409834 -0.392704336964731
0.0294093288320272 -0.0481023461301399 0.384507666165757 -0.391977762466814
0.0463591101756148 0.0329876379597539 0.718490995953699 0.242219632550383
-0.025231154896368 0.0528836769838493 0.150298811383492 0.865286892902668
-0.0376969581741731 0.024829244144279 -0.394375894214454 0.510802060526706
-0.0390192405517363 0.0175861760310791 0.00757733950392378 0.0898873689530698
-0.0203586420810758 0.042267312902872 0.361782245580143 -0.473073178833069
0.0152513955883743 0.0278652608880896 -0.222616381096509 -0.833538509830753
0.0262017689101912 -0.0197417779861217 -0.804914120433882 -0.168857124547551
-0.00774135625630041 -0.0559524294070154 -0.383083177518811 0.525356260285686
-0.0237385290167515 -0.0132963780052163 0.164509838020781 0.407057623358216
-0.00148485851564752 0.0224216848583034 0.202179483800325 0.0237407717776202
0.00312982176285776 0.0187869324042672 0.0147090341860115 -0.202350955941712
-0.0135265092967381 0.0104968167498005 0.0300303035362404 0.168532452246521
-0.00375189463811685 0.0131567897237068 -0.137731570557283 -0.0162642460161577
0.00300348178529295 -0.018288017667783 -0.108728050673938 -0.390946025018087
0.0269615507097436 -0.0413902827720689 0.376523987410669 -0.402202462034846
0.0422291973072418 0.0283223547714627 0.716869001269477 0.225404329353696
-0.0230536503171935 0.0445146161524205 0.164658844458572 0.863292071918488
-0.0314739241023705 0.021826388164941 -0.390896176961228 0.521753784762996
-0.0329030446517134 0.0160149673920984 0.000926879338516799 0.0964064824544057
-0.0157583840434738 0.0389569335749023 0.363420900172997 -0.460647782892642
0.0148603088535577 0.0199200376322919 -0.211814960475804 -0.834884514562187
0.0227253878163286 -0.0212032168636823 -0.806646030041891 -0.18511533696017
-0.00808723471040067 -0.0494411308456547 -0.395145532134804 0.519293471840191
-0.0181948352422667 -0.0051293438687992 0.161260119161781 0.407688349369788
0.00553303905565677 0.0261290156273533 0.205310925479287 0.029956569797684
0.00803582291524804 0.0190914967556742 0.0128492842495799 -0.197937998147062
-0.00705069871521265 0.010719784078494 0.0254609570085183 0.170890799828289
0.00166551425472179 0.0174203614309056 -0.138416367826647 -0.00851279967577108
0.00720819213221975 -0.00860895266495609 -0.11472818200275 -0.388115761104842
0.0247108646960472 -0.0326120491711487 0.363426754320033 -0.416887818497532
0.0380606604295642 0.0240664628521558 0.720069061514888 0.202716837620705
-0.0198946551004675 0.0350182176198765 0.184919111110996 0.856671182243101
-0.0228293762440415 0.0157854466981619 -0.381317036319936 0.531341089759879
-0.0263719959335767 0.0125161204951965 -0.00350549875679506 0.102874930201593
-0.00929297110754946 0.0305742981871746 0.36856789915633 -0.450471774566071
0.0147843281564799 0.0107384188505731 -0.190714604964962 -0.840297305648799
0.0184440269350723 -0.0226790234762459 -0.805554571338531 -0.210394348981759
-0.00901138943663273 -0.0409478391767923 -0.409365888325636 0.506612602443006
-0.0142261030714199 0.00264409249015943 0.154189987610108 0.409181708847085
0.0104320502377924 0.029761391537911 0.205728315036044 0.0377231111130333
0.0152184515531308 0.0187794567410706 0.0100897052167951 -0.194511415309673
-0.000262940319685127 0.00888933507435644 0.0200071329968988 0.174149888092242
0.00629573778035093 0.0196162149991498 -0.140315872273384 -0.00118478361649323
0.00999180168987215 6.73762501926661E-05 -0.124005719875723 -0.386566897110232
0.0229094104816869 -0.0236806704436625 0.350362321121042 -0.431374034973561
0.0358001131980929 0.0205598450271051 0.725330729836282 0.173946540571493
-0.0179339389941468 0.0241756606552134 0.211904161493413 0.847126673850755
-0.0153428287781591 0.00712988338715819 -0.367577010128505 0.538981601441532
-0.01672410203903 0.00591280081407962 -0.00518863329068871 0.10763413188374
-0.00343552222705514 0.021028572587339 0.379769198475433 -0.440679053466138
0.0149617160875032 0.000184214822280996 -0.161420238265774 -0.851940579597101
0.0151532862766094 -0.0243742093868987 -0.797509614775683 -0.242527147074166
-0.00849506861447141 -0.0335471148407081 -0.42415253622273 0.488440199638993
-0.0125781036776296 0.00970170741706314 0.147787492953935 0.410950947044788
0.0152965006014493 0.0316428819900864 0.204284488657583 0.0435502342703883
0.0223097145043657 0.0185364889074652 0.00479697916647597 -0.19099912810407
0.00569196942189702 0.00757872210847135 0.0122028080387472 0.176282515097384
0.00729167180514333 0.0188554189326556 -0.145146043903278 0.00552351490419349
0.0106617521108728 0.00393129530263634 -0.132825988598936 -0.385104844736124
0.0220981105946671 -0.0174726508059563 0.33924951095245 -0.447544993758122
0.0344865827042796 0.0176305349562415 0.728565750071884 0.14374597781746
-0.0166432299311977 0.0154533905688067 0.238460039043081 0.830751195310451
-0.00870513303619633 -0.00248867792713539 -0.351877000637283 0.543554460461139
-0.00898283286642303 -0.00144380374439811 -0.0016990441562949 0.109203044437466
0.0023938234319604 0.0121136542365535 0.393715274422065 -0.43559603911389
0.0164208872633186 -0.00901801365590805 -0.135506727640103 -0.861490818328689
0.0140186280751642 -0.0256129902840051 -0.792532102789624 -0.274481999678978
-0.0092846858841839 -0.0267674592441657 -0.437315458748028 0.472436853701443
-0.0132057983877777 0.015475464439155 0.137244806021338 0.412520499880766
0.0162444196608848 0.0314507836483626 0.199873685724256 0.0512931246399778
0.0289572419413056 0.0179091665638246 -0.000746262611059162 -0.188977385781247
0.00903425775514629 0.0037729276229913 0.00638699428935723 0.177742933153131
0.00718739316425071 0.0165073934178552 -0.150085282460878 0.0107453669398875
0.00846876563765708 0.00488096111119882 -0.141398283483249 -0.382241212505848
0.0224601016596514 -0.012460003718393 0.330309668894262 -0.459447257467311
0.0354916619610002 0.0164500435542446 0.734945283858232 0.117959539331967
-0.0159114978486511 0.00945233295132401 0.263330979134711 0.816324277046211
-0.00444543856985972 -0.0101752944647811 -0.332563801297503 0.545792025103844
-0.00349498203305774 -0.00839196720752393 0.00430124800733574 0.108477971399139
0.00681468318331296 0.00425807205867151 0.408752491363901 -0.432128474281361
0.0175128207650061 -0.0148318440131417 -0.108905017955246 -0.873990161670602
0.0147930970216092 -0.026086972897296 -0.782929740886709 -0.303305692470198
-0.00825995734861722 -0.0226606531226635 -0.445962256146318 0.455109226667268
-0.0156530653179843 0.0172685701164609 0.128888660846803 0.41245501090075
0.0164480455432753 0.0301430579531242 0.194503109209348 0.0558969756293473
0.0333044586182846 0.0153528703527577 -0.00763798438890135 -0.189690479396694
-0.024782046088241 0.00808508797163246 0.027866787604248 0.160184932235605
-0.0203653214755394 -0.00287968214683989 -0.14783131873827 -0.0294668609944183
-0.0115840217853706 -0.0418521095051867 -0.105658350227902 -0.390426957087096
0.0330829575645325 -0.0541394138972643 0.389512829151076 -0.386789122367342
0.0538772449643253 0.0369680042568229 0.719921473011098 0.242544450138893
-0.0266222232906752 0.0579189911291454 0.151532116392119 0.844918865492025
-0.0418777544947472 0.0213749342098513 -0.375998583356728 0.487390888424425
-0.0418260693547797 0.0114629290733953 0.0274258037013443 0.0756805690270803
-0.0250223661115452 0.0401177299548582 0.371577857054849 -0.481885478933149
0.0135766437084419 0.0334000367373756 -0.210536778901462 -0.838839922205096
0.0345237414851396 -0.0175072389046466 -0.787970423837088 -0.172293972077591
-0.00564820615619734 -0.0616757946087034 -0.374432158206305 0.519601479661489
-0.0327453211359667 -0.0244806986240773 0.159770803531714 0.401338240083696
-0.0108873804308588 0.0120884930228893 0.190063573409754 0.0205406861889237
-0.00140600576541369 0.0144268133780772 0.0110022076914093 -0.20411287084152
-0.0231056627987508 0.00947878949509191 0.0301658459153294 0.161366085631157
-0.0152741576341089 0.00239191204207198 -0.143043505956381 -0.0273980670646593
-0.00686175209229613 -0.0357227070449855 -0.103051108221091 -0.389807759298136
0.0313574228462407 -0.0522211603945584 0.388847443376077 -0.384338402430735
0.0505278161772562 0.0357688534687507 0.713060153455018 0.248195571061572
-0.0263701445665582 0.0569923581686324 0.142180116248672 0.853517612137279
-0.0409984651772629 0.024094838044795 -0.3882079085877 0.494034321934202
-0.0419346227611335 0.0154322385954062 0.0170875801465441 0.0808943694811346
-0.0236478773422544 0.0418992815348575 0.363755401723318 -0.474923276532891
0.0131532739829032 0.031617381668867 -0.218217087798417 -0.82963760962284
0.0303748769226502 -0.0185139747793105 -0.791953478304326 -0.164788210856346
-0.0068591861091408 -0.0602118190735182 -0.37658894568144 0.523700061732436
-0.0278630171594964 -0.019705794456503 0.162388169635443 0.402995459448372
-0.00709686995165177 0.0166402707226526 0.196706453238922 0.0204617700251571
-0.000418795559135016 0.0161559531599119 0.0144637380388676 -0.202949268764822
-0.0197777799065182 0.0106854866325332 0.0303205665639822 0.163677707977703
-0.00955197065897253 0.0079019412360653 -0.138621968516755 -0.0226590815753749
-0.00130926033689785 -0.0275134806049046 -0.104097576001183 -0.389089683685025
0.0284040074728077 -0.0478661429612529 0.381270043063659 -0.387889425447253
0.0457486494294741 0.0322848274928643 0.708020069754444 0.242115781466263
-0.0254593228782874 0.0525563449416383 0.145158676497774 0.858497377056389
-0.0379191820755262 0.0248112961774592 -0.393168001002132 0.504020580113115
-0.0388347801205882 0.0172934543937931 0.00758775768393816 0.0887866454856539
-0.0203196991487888 0.0408119524526759 0.359716120642124 -0.465816320747298
0.0139700535413904 0.026869961650003 -0.216475963424551 -0.827233134551289
0.0261942536904964 -0.0203302883636243 -0.796288752218663 -0.171650238694337
-0.00671394508875699 -0.0562070295890815 -0.382773370332205 0.519758503578788
-0.0237009045399484 -0.0133402150560639 0.162304823652609 0.402614114183987
-0.0016261185743268 0.0224890301282506 0.20072270235734 0.0255686919095236
0.00254552137289025 0.0174498337512991 0.0148244273849957 -0.199541519487959
-0.0140966901059578 0.0115003340442421 0.0284943752632774 0.165799085368554
-0.00393041608722099 0.0137797421673373 -0.136404583067882 -0.0180373173064072
0.00263022939739737 -0.0176114531689816 -0.107550764722465 -0.387477935547206
0.026660252508803 -0.0406021285081137 0.372935761907584 -0.396758018470478
0.0420219710244804 0.0280915112423105 0.709864260170691 0.228090267678583
-0.0226557000727384 0.0445741812070222 0.159154762919827 0.855797057443846
-0.0309991372491854 0.0216304792863285 -0.38822821707561 0.51416100641114
-0.0331494882714979 0.0158750732297889 0.000400551749344035 0.0949463778885973
-0.0159764482891821 0.0372965895502932 0.359372387944109 -0.453985171032312
0.0140563960582941 0.0197006247330404 -0.206066851748514 -0.826125308608316
0.0216260458275448 -0.0214025238353178 -0.797541139260773 -0.186441055551743
-0.00786763745518279 -0.0491396606282442 -0.392630492006312 0.51103778107155
-0.0185164234084281 -0.00518397893692726 0.158197489387802 0.403091071791806
0.00546315389308669 0.0259554818229831 0.203962731371641 0.0306662172301274
0.00811321278793601 0.0186367905223915 0.0141565941960197 -0.196067367859803
-0.00751064204062983 0.0106558266622024 0.0241251760191704 0.16846988963482
0.00191694933366934 0.0168649542077426 -0.136048337777512 -0.00971831256396296
0.00694785601917061 -0.00809926321198748 -0.113708956354528 -0.384121370216518
0.0238300491575691 -0.0324864877343306 0.359976301848764 -0.411264759451378
0.0380780826077224 0.0236452395167046 0.711807003560415 0.202247409404695
-0.0206327276949958 0.0346525280791232 0.181072130924366 0.848398732256869
-0.0233622817650857 0.0160668534479377 -0.380606809403775 0.524888584019244
-0.0249966866296068 0.0126198288833769 -0.00367244909805479 0.101533200618245
-0.0100556254799884 0.0298260612465525 0.366789935821338 -0.444344190912716
0.0143248791630189 0.0101739997713546 -0.186083867603083 -0.831372433004618
0.0178909812556807 -0.0220796972612037 -0.796598681682605 -0.213093506305935
-0.00816441565523001 -0.0410351944614793 -0.40693094666821 0.498485188118673
-0.0146016094030237 0.0024109236585754 0.153290610393204 0.405130508961791
0.0106405381804863 0.0297009587246645 0.203347246458868 0.0372403681933925
0.0152577463830146 0.0181651668055632 0.010589139151849 -0.192012392118351
-0.00174294320802905 0.00958365668810466 0.0189912190581068 0.170830963487719
0.00570581518663177 0.0185702206549033 -0.139035305322197 -0.00160487651044463
0.00889819438755949 -0.000216828931793409 -0.122831755237269 -0.382386846991228
0.0221859082255571 -0.0246134969464894 0.348638679353062 -0.42647836712622
0.0353545525074057 0.0199598669280286 0.715462823548578 0.17437084146374
-0.0182108522124376 0.0241285405294167 0.206552813818907 0.839141587498261
-0.0155580956064144 0.00707322308539623 -0.366456056180902 0.533344176070885
-0.0168896946021226 0.00562930811917217 -0.00582346909368065 0.105676682765399
-0.00328042273152804 0.0210623489722942 0.376206329353635 -0.433342732321684
0.015094160569612 0.00042263879741099 -0.156835944550963 -0.842176945959682
0.0154148283173125 -0.0244126337636462 -0.791355175338605 -0.243818859006515
-0.00814917340335997 -0.0337548819929258 -0.421690299650161 0.482554360811356
-0.0131410831869587 0.00996605670738541 0.144885005811494 0.406689301055847
0.0147220036221734 0.0310399901588092 0.202196329425192 0.0444594129515474
0.0219580353503782 0.0175862741031264 0.00550099680711848 -0.189240352440782
0.00455311516046183 0.00673725122011623 0.0118522018340577 0.173274875627885
0.00833387247940478 0.0180792355325931 -0.143806950349974 0.00442213567215943
0.00967869873630553 0.00421223473113538 -0.13060105395862 -0.381846314051096
0.0214984143777474 -0.017070536812081 0.336407337804225 -0.439779083551946
0.03445924481302 0.017288497553364 0.720880787749104 0.146679651956741
-0.0167054302394538 0.0150536514991373 0.233029127800501 0.823863729516794
-0.00867846230455432 -0.0016647754626262 -0.350637863418257 0.53574106262594
-0.00895811648550968 -0.00187631471246893 -0.00269630875013343 0.10737075109221
0.00232637944608981 0.0122889381149405 0.391536902921966 -0.426689535230906
0.0163249006087633 -0.00891281921089399 -0.128642357277337 -0.852897394375558
0.0139823454968757 -0.0252927855965841 -0.782911954474278 -0.27590841629461
-0.0079320915119801 -0.0262869765636079 -0.433972293506898 0.464679524217484
-0.0133834880720054 0.0147722791794616 0.134654934662004 0.40762417924131
0.0173140378702418 0.0309910662964452 0.198505219313272 0.0511251657667263
0.0280841038637183 0.0164365398395013 0.000697184705453509 -0.187093886839372
0.00845520997522603 0.00367962042774844 0.00571708205583511 0.175944200424051
0.00705677309491182 0.0156664237771848 -0.148888453222443 0.00945376431098148
0.00791619607661063 0.00503003605077534 -0.139130088969073 -0.378989410567876
0.0216859705995723 -0.0129656479901421 0.328586920226751 -0.453330768367956
0.0348397507439835 0.0154013033217296 0.726366754455367 0.118651379995144
-0.0160893819878051 0.00889262766009149 0.257826342903003 0.807594899827231
-0.00501017482259833 -0.0101933136373918 -0.332514821740671 0.538339668959073
-0.00300720885211916 -0.00880145732516383 0.00344999714068448 0.106728188313914
0.00706559947171518 0.00410761187863871 0.405787746989911 -0.425395467200514
0.0168732774925675 -0.0138415174096139 -0.102008883921497 -0.864931376412437
0.0141969292369927 -0.0262255577191483 -0.772815029257408 -0.301666411905882
-0.00779616420262353 -0.0220479077822392 -0.444288884932131 0.448819761937823
-0.0157405070142937 0.0169386447471896 0.127870481548787 0.408727774647404
0.0168198820687265 0.0297123142337534 0.19332667884863 0.0558937284037221
0.032808692089214 0.0148310101069629 -0.00629095459481842 -0.187466035559453
-0.0255274805642622 0.00802051359477629 0.0262964412712155 0.158194223013737
-0.0198677349349765 -0.00314836839843756 -0.14767577186845 -0.0297708017649767
-0.0115217950026639 -0.0410474851872286 -0.103156751177086 -0.387178649639969
0.031809969755115 -0.0540682990582357 0.387145942011565 -0.383356137573633
0.0534589274648414 0.0367198835244243 0.711784933601584 0.242822565465296
-0.0270498104955945 0.0573070744293991 0.147370280253119 0.837137312279855
-0.0419135248695317 0.0210431059978635 -0.375700442569636 0.481029147830046
-0.0413119136340681 0.0116174375170251 0.0263455409598972 0.0750776650812967
-0.0246294807389546 0.0390147300471341 0.370657771026278 -0.475171613511844
0.0128529770485868 0.0338795675413045 -0.203402026394069 -0.83188295294075
0.033189132183804 -0.0165150554565606 -0.777657852088601 -0.173733164314679
-0.00605981229763396 -0.0616528424142491 -0.373528006921816 0.514741816914584
-0.0327423280647642 -0.0242723607378742 0.156867799674959 0.399059637919881
-0.0105730542735554 0.0113235958955655 0.188398255805273 0.0215063866263552
-0.00149747488396593 0.0138177896229241 0.0119588712872604 -0.201378775897305
-0.0240189017511721 0.00980332019546832 0.0290269534868405 0.15819261028078
-0.0158308167929303 0.00284921673703651 -0.141901579261966 -0.0289994464190107
-0.00699521828587858 -0.0359262546215675 -0.101611065461214 -0.387018527652858
0.030990872252925 -0.0516960981726752 0.387389631227439 -0.378024863573109
0.0497166767610215 0.0342354297625352 0.704593283184537 0.248421426096616
-0.0271687829962582 0.0566089597377457 0.138372355015319 0.845322475638566
-0.0405985949307183 0.0242839716295013 -0.387647204137129 0.486730228646822
-0.0411862898031012 0.0141819394093685 0.0163124150082489 0.0804051757772683
-0.0233723523800499 0.0419857822704604 0.363063899958177 -0.468266043664806
0.012774291380163 0.0314479063988831 -0.210245610851574 -0.822664144826681
0.0301410557004287 -0.0179520254592268 -0.783654631110236 -0.165919069962342
-0.00699250713343941 -0.0598767405776052 -0.376176115334015 0.517534502201479
-0.0274245989376267 -0.0201033135194622 0.15965686788658 0.398706411162992
-0.00684687120850388 0.0166235760452709 0.19438479575299 0.0228602179370611
-0.000823160030266373 0.0158762634931029 0.0151510008144162 -0.200468599079572
-0.0201578202266517 0.0112112804613017 0.0288704455289542 0.161190157802549
-0.00887490256858376 0.00778472990438119 -0.137607227228929 -0.0246065566976481
-0.00109272241547388 -0.0267471242420983 -0.101769834773882 -0.385981457112738
0.0279802303910951 -0.0469265662236654 0.37741035413645 -0.382026502824018
0.0455855218084027 0.0317668387770237 0.700793848823119 0.245715938432881
-0.0256691413021167 0.0524267845211634 0.138257855916242 0.849807682246078
-0.0376916340991641 0.024396811097377 -0.391947303461858 0.496056994571905
-0.0381150198473744 0.016853658121734 0.00763696807755639 0.0872216099221391
-0.0202252523175085 0.0412669900528173 0.358744696764156 -0.457156776683477
0.0138232634547276 0.0274190293725111 -0.208910137421819 -0.81864903616358
0.0261731675809846 -0.0192914047208457 -0.787667125225266 -0.174067400659585
-0.0068753560745821 -0.0553609682653168 -0.381707904810325 0.513080637241843
-0.0224220186711295 -0.0131287846259239 0.158598524372858 0.39952348454338
-0.0012298919874096 0.0211412105261632 0.198722536396064 0.0257268535548636
0.00241375747897473 0.0172405055793806 0.0167496235576129 -0.197365235225307
-0.0145792157666638 0.0110348048709193 0.0270081680719718 0.163488906215447
-0.00323476537863098 0.0126842199418035 -0.136037010014195 -0.0181462857184256
0.00306683524785712 -0.0176659356990107 -0.104821362324504 -0.384393763532526
0.0257290499875673 -0.0401825714834241 0.370276809158847 -0.391854819070464
0.040961900215331 0.0278194372222041 0.700698218776584 0.229123836783617
-0.0226323577964697 0.0439598469461221 0.151885999452202 0.848297663765713
-0.0308922441599712 0.0209017509879765 -0.386886342121712 0.507398014467861
-0.0325805397438653 0.0155682370736 -0.000348433060288149 0.0942195975819668
-0.0158783408495938 0.036909947864732 0.360483457174355 -0.447520441155463
0.0126264898621132 0.020169255073953 -0.199920045910959 -0.818931560383482
0.0224060670591747 -0.0205299349519075 -0.788066579853014 -0.189792451701281
-0.00837512747918107 -0.0481270053083647 -0.39138962671809 0.506664255935162
-0.0180858937741303 -0.0053287988549536 0.155913252904147 0.39955850140959
0.0048141196933463 0.02539001048884 0.201772910115601 0.0315808638766453
0.00744267916236681 0.0177140974805198 0.015142730939371 -0.193137465646063
-0.00808232862271128 0.0105924609265491 0.0224239093066183 0.165504239676795
0.0013957419683748 0.0166684332471554 -0.135584980307218 -0.0101508197261748
0.00607977214074006 -0.00787811728209516 -0.112657541041456 -0.381759396711524
0.0234796485422678 -0.0320831953975176 0.358448280652052 -0.407043277444284
0.0378278122904473 0.0233558798198973 0.704497573321426 0.205813503928072
-0.0205211101096274 0.0346357292651242 0.17524414902883 0.841808499641654
-0.0232869837395923 0.015267312760003 -0.378371348964572 0.518023821573828
-0.0251598806740367 0.0117638453374339 -0.00535562651267725 0.100203698054988
-0.0102220798745298 0.0298533691212175 0.365243403958279 -0.437570423672625
0.0133872194822759 0.0116825013388233 -0.178938007141613 -0.823599057715649
0.0178499658923594 -0.0230172811096161 -0.788286799188815 -0.213855993373039
-0.00839944860899808 -0.0404569771282893 -0.4048074827402 0.493296792723012
-0.0142852668333343 0.00280513145177742 0.149790483179299 0.40292727907981
0.0104639643521524 0.0286373055984749 0.202256208624488 0.038131355269854
0.0144862361961751 0.018043790085259 0.0116830327278904 -0.189958996331199
-0.00136939115161194 0.00908595337343969 0.0174130877094203 0.169221432850467
0.00606037010559042 0.0188290462382807 -0.13752826711186 -0.00247688916189428
0.00923608271544957 0.000771040356572803 -0.120223882337505 -0.38006173794798
0.0213729825311864 -0.0231983764957194 0.345155399598374 -0.421525253795503
0.0345317345248201 0.0192178692607442 0.70825065872362 0.17852930828158
-0.018675296513506 0.0243243817943546 0.201551791322676 0.83263002269227
-0.0151422239199001 0.00627763764357383 -0.366727317515886 0.525027093248445
-0.0166060078677648 0.0056102786717107 -0.00684167546642461 0.104169227419965
-0.00317660567557364 0.0206208146709757 0.376396841882589 -0.426010439538035
0.0143391510586452 0.000388695222250393 -0.151999596988753 -0.834024089938668
0.014774078411166 -0.0239572924846284 -0.782282416332298 -0.24505528081412
-0.00922651811992101 -0.0331351156220554 -0.420506516493135 0.47746660251268
-0.0130451730805893 0.00996159119646235 0.142287148215608 0.403049299576233
0.0155116679174851 0.0304574555951174 0.200640720642347 0.0449200480225526
0.0216058739338711 0.0174183410374125 0.00671813927792116 -0.187089007872292
0.00396115668567849 0.006751798960355 0.00945566136300099 0.171656355452612
0.00723740952133608 0.0180627184846872 -0.142505811325072 0.00394470225545791
0.00859630796772103 0.00504331836712748 -0.128416573300116 -0.37779863076664
0.0206494836057197 -0.0170363473765764 0.334135428139702 -0.435768515142858
0.0338123282865789 0.0165327007151999 0.714758389563608 0.14763025003016
-0.0173031829375368 0.0158318426970753 0.228010890693565 0.817509185463434
-0.00928452376149911 -0.00193472224345171 -0.349305537023805 0.528540299687795
-0.00835727938207811 -0.000725941542511617 -0.0027449567105792 0.106484460206831
0.00216264903188114 0.0109246346876026 0.390758479551609 -0.42019747688247
0.0147892869515528 -0.00829974218412342 -0.124983837463732 -0.848032088195319
0.0138756992755847 -0.0255181421533986 -0.776172264180335 -0.276596222653193
-0.00806965887542855 -0.0271325560101958 -0.433949402321043 0.459520065176517
-0.0130287422685211 0.0145079229845335 0.132584883889781 0.405229943042577
0.0164140088323055 0.0300279280027884 0.197130542361575 0.0522567205327231
0.0278298474141186 0.015714434018051 0.00132258033253693 -0.185421743675356
0.00779845221522312 0.00455535296687554 0.00455221523880981 0.173187806985628
0.00726681835858515 0.0158890531857208 -0.148322017628027 0.00814163628373372
0.00783034906638712 0.00623565674860631 -0.136532321895376 -0.375897920588044
0.021336370926703 -0.0131189702589575 0.325053356798296 -0.448596084346245
0.034781449048507 0.015184000782923 0.719300798953128 0.122304133005279
-0.0163717848199705 0.00906549564423027 0.253426840385381 0.802226717675911
-0.00457747132406676 -0.00975083287519318 -0.33226111917438 0.529951908888502
-0.00296633553041884 -0.00823631727263966 0.0025905598517289 0.105950314137491
0.00570934576546315 0.00302087958562623 0.405547640511601 -0.417867993540263
0.0169506859977473 -0.0140183760320416 -0.0966892423661938 -0.85678058482335
0.0146555275924982 -0.0259284817532863 -0.763968282508942 -0.305846955261999
-0.00805965933198551 -0.0227911468637727 -0.440976458802818 0.443174524832253
-0.0153668657192664 0.0165762290356275 0.125407450476881 0.405246778166299
0.015844922928206 0.0285308072591698 0.191009225553201 0.0561082382935586
0.0326702410652336 0.0149714951121645 -0.00498221293756803 -0.185232738745398
-0.025890529619079 0.00738743649479312 0.024513081022849 0.155923850640842
-0.0193851498664576 -0.00305773207228592 -0.146782129910513 -0.0308372213125443
-0.0119176626440329 -0.0402937704667755 -0.101540760310085 -0.385372679068709
0.0323042399083212 -0.0528347687301963 0.386337130106777 -0.377378370553485
0.05300601827545 0.0355113368048957 0.705051499409106 0.245911239338283
-0.0268233983327536 0.0574546053300182 0.140194628219772 0.833929703050125
-0.042149450384389 0.0208859908815128 -0.377386655479073 0.47558974148174
-0.0408805761102907 0.0107808109004698 0.0261179944744 0.0738026018990423
-0.0257648623666872 0.0384331856421489 0.371869669491607 -0.4683409669362
0.0121761940803668 0.0336690531168709 -0.196313439164309 -0.827244652626126
0.0333666588819817 -0.0162174237512687 -0.771731114307618 -0.178073429980097
-0.00578903887830771 -0.0610446327355667 -0.375445169256648 0.508591132373709
-0.0321317922970593 -0.0238699199172074 0.154414990003915 0.396121179456892
-0.0102653813726058 0.0109441785114554 0.187805446382346 0.0221853476752047
-0.00165932110463494 0.0131578866343962 0.0136781861243641 -0.200156679812537
-0.024496544896951 0.00943250238536866 0.0272422422451652 0.156436738342624
-0.0148616296681901 0.0025898889172049 -0.141200545743664 -0.0286655075158501
-0.00616085533186975 -0.0352194575728386 -0.0985847052600246 -0.384221516543454
0.030338008179715 -0.0506037455900795 0.385845348166151 -0.373315455146338
0.0500366603674592 0.0345290435288019 0.698599545509353 0.251989881158206
-0.027252233612324 0.0564760278403334 0.132187521128076 0.841964708494866
-0.0406423560310983 0.0236230867067372 -0.388738038828151 0.480259884596513
-0.0410044391458263 0.0149972120328507 0.0159785250139133 0.0794703682954889
-0.0242637790895774 0.0410718861518519 0.364262545983046 -0.461598523735106
0.0128135009815678 0.0320143431848056 -0.202610418559568 -0.818379367689733
0.0298633248291155 -0.0175860843446165 -0.776820627882819 -0.17229264602654
-0.00605839357467745 -0.0595457984279575 -0.374937714551849 0.511482663406686
-0.0278767273199548 -0.0203448189732255 0.155762409269125 0.39691603527092
-0.00628320898631189 0.0159497855069127 0.193311500743743 0.0229676659499546
-0.00104788981316704 0.0154773226086034 0.0168724776010207 -0.198582221175868
-0.0209736710216488 0.010964392147214 0.027400978557523 0.159099232236582
-0.00954989424029994 0.00780681807687101 -0.13644878071522 -0.0249243819921965
-0.0012000942382116 -0.0263895903918228 -0.0988566622998059 -0.38333710595485
0.0282206067027914 -0.0460530679884013 0.377850980886045 -0.377494613456881
0.0449972873584567 0.0317964741179876 0.693661734042504 0.247771159854733
-0.0255858364332104 0.0514491805256869 0.134874218221761 0.844952011991801
-0.0371173749531841 0.0237510580753152 -0.391293445290459 0.489312263255908
-0.0387997434070867 0.0160479384690184 0.00617108683338055 0.086828381300246
-0.0207391184177497 0.0402847449051056 0.359886109008455 -0.451735000855167
0.0122357584486462 0.0274857113437528 -0.202515248881529 -0.814689700023405
0.0253125556566825 -0.0187983454254945 -0.780091828342677 -0.177143423056044
-0.00745244664917461 -0.0542459555084338 -0.381364137707321 0.507000925808336
-0.0225376284790871 -0.0127540630254587 0.157669195563413 0.395732066531991
-0.000416720720361407 0.0205866149491288 0.196728932291343 0.0265245970589153
0.0019967961544177 0.0159996649763078 0.0177206016029357 -0.194911092142839
-0.0152021039669923 0.0116545348246777 0.025746046231519 0.161594593806161
-0.00332683633728854 0.0131643121230049 -0.135325585679256 -0.0186193161819966
0.00279923861418329 -0.0157495658437282 -0.10338200045445 -0.382151570388431
0.0247181222774684 -0.0402012033940872 0.368424044397767 -0.387006281525142
0.0409529082763254 0.0266933554933256 0.693566869791515 0.232356734100628
-0.0232116309438296 0.04362633611084 0.146451067599711 0.844232966693577
-0.0305629654467299 0.0216026059310257 -0.389984842290403 0.497918283060725
-0.0322957131989858 0.0154337607973971 -0.00162098134892541 0.0932824175609635
-0.016553749399107 0.0358846629205842 0.359919225806652 -0.439344585899934
0.0124478178607168 0.0205052091376015 -0.191300529978127 -0.814197589171961
0.021613194336378 -0.0202910206677831 -0.783261724520403 -0.192624541668318
-0.00698426404919648 -0.0481662870208373 -0.393113700432485 0.499416512064893
-0.0178575717828765 -0.00504412339991421 0.153017405174943 0.398360467778588
0.00597846787134191 0.0255283266141882 0.200309985923744 0.0317609895045214
0.00746703150234032 0.0166818165266183 0.0161931823006696 -0.192323191843779
-0.00900997594083825 0.0108105695765712 0.0208500452434502 0.16424916854448
0.0022578780292951 0.0169017371654312 -0.134735569080228 -0.0112836464970797
0.00614008948011045 -0.00725741770948463 -0.11056644008775 -0.378689887730366
0.0221827687210896 -0.0321722535134301 0.357254505343132 -0.401420261149567
0.0377985929945444 0.0224558583193839 0.697782272798444 0.209709920762273
-0.020448761486397 0.0343714829518159 0.167513946170563 0.837040953096485
-0.023339677972202 0.0149062952730127 -0.379624498384006 0.509909081887176
-0.0250265166057278 0.0111932171070414 -0.00647301768639175 0.0995183451565755
-0.0102078972350344 0.0289375124039076 0.365605098378725 -0.429961883808851
0.0132371735988861 0.0109156367578085 -0.1727483397344 -0.820494862759465
0.0176866834771685 -0.0220984321736324 -0.77986398316447 -0.218486344198824
-0.00776691287565955 -0.0403970516173508 -0.404818574076871 0.487488641873286
-0.0140092620374764 0.00218573685180477 0.146588992682697 0.399952572705017
0.010652906825893 0.0283734799021736 0.201406442914854 0.0392594467647485
0.013874537883529 0.0170913798601292 0.0132638520943104 -0.187707824501319
-0.00203630568203586 0.00970772296220681 0.0155816205301779 0.166946999888367
0.00561097800213815 0.0187737693285903 -0.137173719020168 -0.00369096491228477
0.00828405043845375 0.000788625775320708 -0.118459378376824 -0.377365707551458
0.0206400725318863 -0.0234061238468335 0.346290473605044 -0.416309384529332
0.0346049302442817 0.0191128735280726 0.702726581617547 0.181305389841954
-0.0182580030991854 0.0242699301368266 0.19515368848936 0.828565261902413
-0.0153780057615758 0.0067891665867084 -0.367466875289059 0.518742391392044
-0.016384610278693 0.00566268620804858 -0.00694898477297413 0.103882389990675
-0.00441113667689543 0.0204422032961816 0.376706119175321 -0.420396163066245
0.0138028768503257 0.00118307172304828 -0.144911937116811 -0.830781234676221
0.0150011074939342 -0.0236468183628131 -0.776289714235446 -0.249797429465605
-0.00843918131435596 -0.0333708785051852 -0.419378330602918 0.470992929641067
-0.0126266671003642 0.00915846558182924 0.139675831292292 0.401138001115602
0.0143367217839831 0.0301725956387822 0.199290017338402 0.0468722422991045
0.0212711168788302 0.0168031874509623 0.00933943804726249 -0.185612695348155
0.00303637039368682 0.00761443526505278 0.00836839645140543 0.170051718678987
0.00770074666169709 0.0179999485816279 -0.141935690878391 0.00255588468504288
0.00912422049429785 0.00541335979472326 -0.126835160549023 -0.376267961880933
0.0197467889785176 -0.0171483201220511 0.333341873461742 -0.430580806256388
0.0333772922012113 0.0164249102389516 0.70757132370923 0.151692915592468
-0.0164069654979489 0.0150156474045247 0.221417983492361 0.813491683004653
-0.00846753084470485 -0.00234684222041171 -0.350125540657415 0.522713776614772
-0.00801001031981895 -0.00171819985351421 -0.0048649431716538 0.105283457087334
0.00144060109350822 0.0112090246889824 0.390725951249174 -0.413551203302584
0.0154794854206897 -0.00725729513247094 -0.115516747985398 -0.840366875195171
0.0130097874817667 -0.0244167326557453 -0.767663656201712 -0.279204276533524
-0.00804872594547734 -0.0269236317281026 -0.434018550466624 0.453327869929886
-0.0120976910609783 0.0135917814407637 0.129308071081568 0.401494552050195
0.0163284919110548 0.0289302725004888 0.196020199412871 0.0528855630811344
0.0274766762564371 0.0160036011621376 0.00399278356644438 -0.18331232736438
0.00652103853997212 0.00437449261672344 0.00322012028153334 0.170054057755456
0.00719975612018286 0.0157489950287053 -0.146722529555492 0.0069568257460757
0.00722940500780414 0.00629917010775252 -0.134602361622048 -0.372849903566482
0.0206905445902572 -0.0131193902224045 0.325683055007354 -0.443667162036149
0.0349299382595455 0.0148541538904702 0.712956745741891 0.126385725175112
-0.0160663083739722 0.00951963007632334 0.247047651963293 0.799438810300356
-0.00351989907069818 -0.00988695650697842 -0.333217037140076 0.523902283050734
-0.00291273877037271 -0.0083289104899055 0.00143823767323472 0.104823602345622
0.00522840784799631 0.00292281521002712 0.404241499902923 -0.41038586686645
0.0158776633476214 -0.013863183201589 -0.0903232882132821 -0.851947819751627
0.0144173492086147 -0.0246040207492488 -0.755537513453632 -0.309185496697651
-0.00766317827855311 -0.0223410966321246 -0.443084367604268 0.437356631965582
-0.0156703408582582 0.0159852014137832 0.120196769589512 0.402721534797125
0.0159982755799122 0.02871702469708 0.189813089184583 0.0573292872191432
0.031535655080092 0.0134865949391409 -0.00303288243161043 -0.183703835017056
-0.0252354027944997 0.00726413700699614 0.0231942572743091 0.154582819136499
-0.0196026012460828 -0.00374722635530357 -0.146057992585353 -0.0318392257642837
-0.0114920177898545 -0.0397671173032843 -0.0988089506229054 -0.383682458686245
0.0320771137044567 -0.0523162301118417 0.386857414972317 -0.372412979917624
0.0526851315397892 0.0361929311008181 0.699635794073 0.251019615704808
-0.0272913039123587 0.0571745754474872 0.134147743664845 0.831648242868604
-0.0425378484312687 0.020055720165004 -0.379777793854612 0.469578079676626
-0.0403797233444804 0.00921576072808935 0.0248019421165326 0.0737290377475723
-0.0259038554244499 0.0378855447902893 0.374169925101787 -0.462372011047922
0.0117044679009371 0.0333618453724331 -0.188276567682233 -0.823142075698936
0.0335443259937257 -0.0161193232299623 -0.767389939027443 -0.183924705377681
-0.00479096678705111 -0.0605108339238481 -0.376555976947719 0.504092005314067
-0.032033097988438 -0.0243745407803353 0.151556253775878 0.395198348952732
-0.00996594268853255 0.0106307430499058 0.186732807018906 0.0234193008571374
-0.00143462187338747 0.0125474128135194 0.0155728068017049 -0.198359471026676
-0.0246501541791711 0.00962897990260505 0.0260105670575959 0.155496859818276
-0.015061545697554 0.00202066332194406 -0.140079427936587 -0.0305342734570573
-0.00600463011017389 -0.0346127327232752 -0.0962753029499328 -0.383001225979906
0.0293345927498627 -0.0503098039622649 0.385411581729422 -0.368874751560734
0.0485522734406859 0.034960457296087 0.6926990140437 0.256982271029736
-0.0274820807449346 0.0560742827286114 0.126664128092172 0.840350428843805
-0.0408559765181152 0.0231159104361542 -0.391564430395421 0.474075042023371
-0.0409902578003901 0.0143748847082466 0.0140418049007508 0.0792131179319067
-0.0246140220191685 0.0406452973782719 0.366752079359274 -0.454554619709119
0.0114505579669543 0.0323967294259013 -0.19547385514069 -0.816207171480331
0.03014794614148 -0.0166561393619238 -0.771665711101016 -0.178521005123985
-0.00530180374425809 -0.0591299065563509 -0.37687889082972 0.507139354612801
-0.0270720568129645 -0.0198414261812875 0.153781439579012 0.394359676925754
-0.00678669937662858 0.0161232607953839 0.192937730549332 0.0251669632833508
-0.00128243998477299 0.0145624850557906 0.0190610531104584 -0.197285086018243
-0.0217800960987422 0.0106864592056974 0.0254453532070605 0.157766084411018
-0.00979845120698023 0.00831081314099734 -0.136311687850336 -0.0255559494291956
-0.00161916846291044 -0.0255696863414382 -0.0977658389550009 -0.382182368287257
0.0273170672210015 -0.0462128105535075 0.378038719834104 -0.372210584154491
0.0444502647978629 0.0301438362929983 0.688701761052792 0.25237866621122
-0.0253845458139199 0.0516774293237303 0.128471502191066 0.842613430614397
-0.0370613281744731 0.0231098598817029 -0.394091913643115 0.483169530606301
-0.038168044817547 0.0159493438528156 0.00505344944901871 0.0859944644335391
-0.0218637610997151 0.0393897274278588 0.361049325495609 -0.444609569195493
0.0117246663244291 0.0266588409472203 -0.195558418133201 -0.812151455444485
0.0256891897756385 -0.0184065738511352 -0.774935153727988 -0.184926362091958
-0.00627089746793195 -0.0547492886584027 -0.384379113858099 0.503089826318744
-0.0224031496393458 -0.0138197617201201 0.153469984844949 0.395395139729139
-0.00102070570967531 0.0201903333426068 0.197248945187792 0.0287559156315073
0.00196158603563943 0.0159976163760325 0.0197032464871914 -0.19401378212996
-0.0159672213884004 0.0123930363200572 0.0233330351104496 0.158977533198305
-0.00379098996955175 0.0134018412616967 -0.133946057727824 -0.018907357953041
0.00242997295548147 -0.0158032118676334 -0.100317724696884 -0.379583504349702
0.0244664285502797 -0.0392448343336761 0.369363713803169 -0.382092764801595
0.0405942429342854 0.0274535039392593 0.689080225410467 0.237577708575627
-0.0230360219121051 0.04319311928534 0.139479204396099 0.842809321563358
-0.030485433781021 0.0202822396410638 -0.391175342977627 0.493351418951416
-0.0326567392703049 0.0146977662777635 -0.00179289033311182 0.0922960609129283
-0.0169691989793207 0.0356462778579837 0.361823574952297 -0.434272869329656
0.0120778698840138 0.0202837856698316 -0.183693054133885 -0.812713417526425
0.0212131881540353 -0.0200732706578758 -0.77624989349153 -0.198699950898351
-0.0071390256239521 -0.0486903406948926 -0.395508382334732 0.496156038476672
-0.0177561582104449 -0.00500939879120607 0.15026550639369 0.396037396319956
0.00498566001671491 0.0243783233427874 0.198973429639193 0.0340089018665736
0.0075776632604579 0.0165560618677361 0.0179768169249348 -0.190056942522246
-0.00974553813445717 0.0116074109289387 0.0191335762287678 0.162620160852358
0.00173667641549225 0.0169173147918447 -0.134444133351379 -0.0121041265288685
0.00577289528198313 -0.0065735199412767 -0.1065015615009 -0.37801228056584
0.0215656040556906 -0.0312531667861701 0.357466506848959 -0.398726362949477
0.0372653965709312 0.0226472341993842 0.692196232117582 0.213370303519404
-0.02101802188053 0.0341299885533553 0.161357851782165 0.834193240051401
-0.0230930332736441 0.0142459990417233 -0.382666189375585 0.504212987838504
-0.0248427808428597 0.0114265093332844 -0.0066725292401331 0.0985554546127174
-0.0113530191103634 0.0288565757052374 0.36688437988335 -0.423438439103058
0.0125409401528535 0.0117221981534429 -0.163763330540476 -0.817118644782846
0.0177270404323805 -0.0215989472920984 -0.775351947655841 -0.22389280702219
-0.00779192954799026 -0.0407381226850851 -0.40785340907036 0.482796604262958
-0.014171927930585 0.0025403162713691 0.143256436311515 0.398499720616044
0.010406041853637 0.0278660145193707 0.200027669632955 0.0403830439996293
0.0146779276272682 0.0164695758545228 0.0150691855985049 -0.186481339639084
-0.00351790243428809 0.00965506414255773 0.0135515958191292 0.165196599010019
0.00613641372120302 0.0188348116675082 -0.136600093475577 -0.00545350773350982
0.0085113601383887 0.000847283215031792 -0.115048642235816 -0.37568177524027
0.0199374149889074 -0.0231256653864874 0.34747188101205 -0.411169870252771
0.0345571397180707 0.0180063947039485 0.697862206063146 0.185088442752467
-0.0184467705890039 0.0243846323962622 0.188561654843599 0.826789457136962
-0.0157493363862569 0.0057445456047055 -0.36961072113752 0.513365320584359
-0.0157635191680637 0.00497860727926508 -0.00797467984520605 0.102879910702179
-0.00447555630233331 0.0197108622713776 0.378459009631239 -0.414832473366016
0.0140013787530911 0.00146106980457727 -0.136267349654546 -0.826652526175833
0.0158422060087931 -0.0234570621674543 -0.770434444953502 -0.254971338945369
-0.00850663582560594 -0.0338716502678959 -0.421545422789342 0.466403834442563
-0.0129376135244819 0.00951326012923355 0.134886643235753 0.399762809929833
0.0145735197275845 0.0299622423065604 0.198882281562881 0.0478087459283607
0.0210383939580867 0.0167288183930097 0.00953002723987469 -0.184222723587744
0.00247849036274606 0.00757980925437546 0.0069211575745186 0.168179109027292
0.00697720668823796 0.0184456529649557 -0.141489964484788 0.00129833059415009
0.00902690543646198 0.00546514041923007 -0.124539612126349 -0.37488594364858
0.0198203037367059 -0.017037364503269 0.334381256965474 -0.426677841637811
0.0331919033945628 0.015752005995715 0.702775998100853 0.15782759677678
-0.0166176191358323 0.0156417576407802 0.214101335543423 0.812717903320933
-0.00849018778781846 -0.00266651848129429 -0.355697779587126 0.516669932757184
-0.00810387361749639 -0.00143881397663668 -0.00483422680942761 0.104473899660175
0.000973499335938251 0.0108321857394978 0.391708375135327 -0.407528583183977
0.014266077742471 -0.00782251014283883 -0.108334958440386 -0.837406681566935
0.0128881324465623 -0.02450516929823 -0.762945132775373 -0.284879422372054
-0.00789070653850337 -0.0262718900614758 -0.433418332776189 0.447538866492983
-0.0129613764921042 0.0144333564830724 0.126434973718806 0.399676492605764
0.0164051990829321 0.0302017669639844 0.19474961610307 0.054309268562796
0.0268949687450449 0.0155040443197113 0.0049180303796381 -0.182045004666417
0.00595508609994109 0.0048017276618583 0.00121697215963539 0.168995789388352
0.00714684341446053 0.0161188025028811 -0.145924968371718 0.00640688241514861
0.00732308879331367 0.00668773808942345 -0.132037950349506 -0.371708660054237
0.0193861544982166 -0.0124251627515268 0.325971197979838 -0.438961833536997
0.0338601128724094 0.0146845929732346 0.708981467529381 0.129121772433309
-0.0160344705781217 0.00936535981642753 0.238895925650027 0.798201726267579
-0.00422029021208965 -0.00983269867275853 -0.336803464321799 0.518852818850228
-0.00254934410842678 -0.0083836729639182 0.000233352839785289 0.104440614820337
0.00542766085362528 0.00300294094668342 0.407175156441542 -0.403839759836409
0.0158977584688061 -0.0131343194217627 -0.0818942169422609 -0.848004877077018
0.0146070954550726 -0.0250906283220373 -0.75138533012962 -0.313429213915697
-0.00747188863125036 -0.022740689608428 -0.444417771602168 0.433069774748676
-0.0162705364166307 0.0164584487486454 0.119186741546859 0.40141614252116
0.0159083264046309 0.0280492532097658 0.188488149427801 0.0587726901428781
0.0306134974710502 0.0135599389348671 -0.000991412825759883 -0.182191952421694
-0.0264115543252979 0.0076613418130783 0.0208687864722562 0.152901865819193
-0.0190659778902491 -0.00317138445812936 -0.145800102674161 -0.0337080879991446
-0.0115956441032623 -0.0402204720319825 -0.0967224922174144 -0.38348909546433
0.0313308201024716 -0.0525459848311008 0.387285983023708 -0.369616368372099
0.0524651829348415 0.036168391362783 0.697199535285706 0.257379128242165
-0.0282053757331278 0.0569863925143111 0.127148470051898 0.82969652829307
-0.0424644579443981 0.019633207989283 -0.382664254076252 0.464413822840298
-0.0405037564017869 0.00955737341092017 0.0239288230939964 0.0725438519267056
-0.0261946844014426 0.0375066032020201 0.377162246670982 -0.456385449780898
0.0108678623211679 0.0338428797918599 -0.179637401942954 -0.826265392509291
0.0334890366752622 -0.0156316667456855 -0.763131318110091 -0.191579243820287
-0.00468598710082672 -0.0608880799388495 -0.380542065281736 0.500974437823859
-0.031288022544002 -0.0243746242990835 0.148282547254814 0.394434727255671
-0.00990833848803156 0.00981425211209575 0.186446145072296 0.0262385492405464
-0.00166152073392018 0.0128945645269082 0.0177078143972454 -0.196873837195703
-0.0255691326557201 0.00892766347377077 0.0231755670389137 0.154307082413839
-0.0153465060591227 0.00198994173205814 -0.13979496874917 -0.031852433617144
-0.00582059122927403 -0.0341570838229104 -0.0937115370753578 -0.383131003690379
0.0294899437596736 -0.0495195338566128 0.386160252610427 -0.364203978123329
0.0490141176528727 0.0351211317133115 0.689967270208312 0.261809857873531
-0.027766053454297 0.055437150364145 0.117896756337363 0.839470393449598
-0.0410892916991741 0.0227703926534296 -0.393920427192038 0.469571173584469
-0.0424451039475373 0.0143885218421913 0.0146146552359942 0.0786378804505534
-0.0245971401950523 0.0401143313929844 0.369925346937786 -0.448916455456428
0.0108947137860369 0.0324223378125831 -0.187594581146289 -0.814051537737911
0.0298892594769488 -0.0172799910790544 -0.768557281369898 -0.185667263291716
-0.00594565217942521 -0.0596433476998633 -0.380777964227242 0.501999290722556
-0.0274870699153271 -0.0196831636342573 0.152551719024723 0.396622529657219
-0.00632018867187295 0.015560043469274 0.192510091658027 0.0261707674849049
-0.0013491156998812 0.0145201150100981 0.0204697570552153 -0.196094625052474
-0.0226556922883462 0.0109216165761786 0.0234336471726366 0.156844367600041
-0.00915696025500287 0.0077427981857858 -0.135245122673271 -0.0285698260280212
-0.00134332382615987 -0.0251170763796363 -0.0938976680739703 -0.380767248593155
0.0264768038394319 -0.0460005182466493 0.377130496862185 -0.36871028841566
0.043968914999918 0.0310375038468401 0.683255258564045 0.256768342804581
-0.0253741623303273 0.0508632030201305 0.12016246194707 0.842057059292935
-0.0375514952063328 0.0220999899380131 -0.397225589393896 0.478119969856376
-0.0382242683252037 0.0155189397437641 0.00475559771744283 0.0855601187934237
-0.0215156555511837 0.0402001276592448 0.365563153770856 -0.437486649954146
0.010994400285894 0.0272857193586829 -0.186968858974272 -0.812068884488551
0.0252893389972375 -0.0183918478560689 -0.775104377068008 -0.189712309700761
-0.00555571356060876 -0.0545942724272502 -0.386064980132074 0.499448337214179
-0.0216544985560131 -0.0129916890915222 0.150756971149835 0.395440721946517
-0.000175283884019216 0.0210921915142761 0.197162443965197 0.0303232382737989
0.00228699976836625 0.015772386899828 0.019700658228184 -0.192838739077673
-0.0164910683671739 0.0110783515107319 0.0204421332088101 0.158888103479328
-0.00360040325501601 0.0134993688556009 -0.133842631090076 -0.0217740053733827
0.00227206176487588 -0.0157191669307769 -0.0982511208833733 -0.380240439707564
0.0238586165185822 -0.0383626786232346 0.37044583620496 -0.377759136339222
0.0404122432797329 0.0252235095531884 0.684204613146963 0.24460287033718
-0.0242011375248001 0.0437441311191042 0.132798102713359 0.841322648861008
-0.0302105837023089 0.019834027884669 -0.395641148244043 0.48865898448472
-0.0327541192822512 0.0148852178287472 -0.0032716181169834 0.0921369679517574
-0.0184591780882444 0.0357841190197901 0.365261425746208 -0.428589809510651
0.0113611729623683 0.0204017408218337 -0.1755850425763 -0.813065349336219
0.0215355703978858 -0.0186175200201855 -0.773672945267072 -0.205052351564036
-0.00634510996854514 -0.0483361479548453 -0.396855548471714 0.490636638180946
-0.0173597945256034 -0.00518783304512612 0.148081210101157 0.396936018823426
0.00464946419467165 0.0245522720647596 0.19898850720222 0.0361584230283553
0.00687407807476935 0.015303551622458 0.0200862997755288 -0.189361099180193
-0.0115127377410463 0.0115359476452632 0.0169634681154854 0.161517024588677
0.00110864696914735 0.0169872701854163 -0.134048025785067 -0.0135833763554096
0.00553496869329202 -0.00657032184520675 -0.105398741926045 -0.377727568296391
0.021145764541061 -0.0313603081060902 0.359543682257676 -0.393250135864353
0.0367921739165707 0.0221363010340051 0.687832484118216 0.220145021303274
-0.0210973863093664 0.033974569597235 0.155179086180502 0.834793541952724
-0.0231715281251048 0.0143811133930575 -0.386205726075898 0.499211879392439
-0.0252968310650471 0.0111602332661876 -0.00770354327173216 0.0975156366556285
-0.0116779375291134 0.0289320071335015 0.37114336287929 -0.417359717401262
0.0117466922322604 0.0119527206078703 -0.154599800489998 -0.816253619113807
0.0181756506635788 -0.0219339838401906 -0.771783929481963 -0.229916623971197
-0.00732316077964513 -0.0402500681296323 -0.409345401913205 0.478908000395553
-0.0144113939986824 0.00299091291063721 0.141223806768458 0.399099765886296
0.0100663252322613 0.0278512206485433 0.199146863344829 0.0432447142933491
0.0142518772279516 0.0163319606614838 0.0172751217963211 -0.185415898977736
-0.00348808748879578 0.0104357840319361 0.0108265943591745 0.164674088608414
0.00509996112537575 0.0189943809736378 -0.136754753982743 -0.00543356763130623
0.00816142725174585 0.00199264769780823 -0.113010377810592 -0.376150182176248
0.0192226053175727 -0.022509578693121 0.346861777747667 -0.408618897101196
0.0336760201583677 0.0183808097583063 0.694430330325692 0.193175072672255
-0.0191769690358618 0.0238561346313324 0.18154769977667 0.826800479262096
-0.0148584743216981 0.00625986605808836 -0.3733044993996 0.50760301823227
-0.016349489418577 0.00564930594806066 -0.0095352794099672 0.102481445564934
-0.00577926469706232 0.0196210602460663 0.381537463439645 -0.409297466912865
0.0131820461278572 0.00211525860730561 -0.12910115036251 -0.825865560002688
0.0146486794064415 -0.0232273589880928 -0.766436130276998 -0.2605712303987
-0.00778260739199101 -0.0332111543859658 -0.42570030178776 0.462052057544699
-0.0126190080827652 0.00898456804332872 0.131441738613865 0.398334050745242
0.0140122111742452 0.0297665310899231 0.198137001633859 0.0508530502634007
0.0208609236028806 0.016269089977893 0.0119035950096756 -0.182890161087532
0.000758761772001607 0.00769923144352581 0.00486145680626665 0.166563128694957
0.00732813929863608 0.0184508494085906 -0.140951343305663 -0.00088512124617717
0.0091557110660755 0.00673729646624192 -0.120836672332502 -0.373677095280978
0.0195926876656266 -0.0152028488992332 0.338389805613335 -0.422332203946072
0.03267143481342 0.01548341206366 0.699604010232841 0.163194454019459
-0.0161688652990667 0.0151841286974069 0.210105923853524 0.812491008349173
-0.00838949072291416 -0.00224047344735755 -0.358672330874911 0.511723946783949
-0.00834941420654548 -0.00136796682322563 -0.00689400152845913 0.103876856733368
0.00148730279532359 0.0104181395451353 0.39527665381353 -0.401692133834334
0.0137992073002056 -0.00735008373928107 -0.099247883427888 -0.835625439427208
0.0134090117648243 -0.0239178880269545 -0.758320219981403 -0.289943851091433
-0.0086233967255494 -0.027098903864466 -0.438191981502505 0.444381359849505
-0.0130838043569355 0.0150505637869569 0.123555930552015 0.399333855023715
0.0160453846977215 0.0297164375150113 0.194500120892102 0.055499549730407
0.0274589327474211 0.0145857017700518 0.00752904078572008 -0.181952808087224
0.00539327269892194 0.00543953480978838 -0.000391096471735966 0.1671827067465
0.00789707608066263 0.0154718217498614 -0.147401786325493 0.0032379824218339
0.00725029437869761 0.00663201828491895 -0.130282546346748 -0.371788122118588
0.0189960590429332 -0.012907406424425 0.327522281601461 -0.435662723536313
0.0341533489529425 0.0144300299872253 0.705520695074284 0.138021485840625
-0.0168865971541187 0.00959379921373277 0.233563671534096 0.799000820759669
-0.00484843889765742 -0.00981562244637138 -0.340980083183834 0.513305223300412
-0.0023356197126806 -0.00829506980250143 -9.58640082076085E-05 0.102929941597954
0.00509754696708564 0.00372766281291479 0.409531095301642 -0.399174005950876
0.0150367204695374 -0.0131669025476123 -0.0730158148180873 -0.84633900776987
0.0143954568110256 -0.0247541497145687 -0.747537903988905 -0.318890223914479
-0.00744914564684257 -0.0227450777567701 -0.444863851933475 0.429298009035604
-0.015883219615848 0.016093085088249 0.117019576710804 0.400594964518085
0.0154185944084309 0.0284784717572432 0.188563435291795 0.0610718391249771
0.0305296000281239 0.0128378097175473 0.000644521337721175 -0.18169177706093
-0.0274003285424497 0.00783398832387908 0.0196882458340235 0.152659689210268
-0.0192665464907486 -0.00379411236136674 -0.145392223001228 -0.0347105563637367
-0.0106134765841503 -0.0392900614038665 -0.0944207704121622 -0.384362043186358
0.030669355843565 -0.0514961737194798 0.390729873347674 -0.365936552708948
0.051962344109997 0.0354083386448721 0.695891712936966 0.263195685766625
-0.0284019696287087 0.0560947211766292 0.119717989692264 0.832704557939629
-0.0418397261907815 0.0190622352956179 -0.38725051457495 0.460179262826664
-0.0403623224945047 0.00968885529825432 0.0227360332790627 0.0730874026655587
-0.0269816391191217 0.0373949878602419 0.382082573103035 -0.45186638604277
0.0103958132649088 0.0345304932796705 -0.172906300929961 -0.826450923738713
0.0329872675685955 -0.0145795407286564 -0.761873338316577 -0.197583935247715
-0.00425398583708856 -0.0612029120327938 -0.384214204199982 0.49839061347871
-0.0312617865180904 -0.0246964686872777 0.145697257649922 0.397021706176379
-0.00992012466089683 0.00956094861117661 0.18733396318774 0.0277040025733161
-0.00220799631592729 0.0118629472313266 0.0190807467168857 -0.197326723285337
-0.0258516522577231 0.00983808603895247 0.0212624119392394 0.15373031627838
-0.014821711163983 0.00166423794432108 -0.138966801280398 -0.0333363984600372
-0.00557318499192077 -0.0329241305993517 -0.0921041742724166 -0.383069925646699
0.0295716361631542 -0.0505643359374142 0.389192730858761 -0.361546257258093
0.0484691657471034 0.033812218291293 0.687145172664186 0.26831643892086
-0.0282119337953984 0.0558620980706274 0.112231762199671 0.840221165734381
-0.0410839862550642 0.022442213302914 -0.398417956873273 0.466367692436101
-0.0404581639900686 0.0133948534238978 0.0124212387934505 0.0781935295408826
-0.0260923922696451 0.0391756772434445 0.37542812675804 -0.443360666214866
0.0110140728547226 0.0327735726615205 -0.17861649053736 -0.819490358896431
0.0298694705028881 -0.0166848471901794 -0.767698850789527 -0.192986540116196
-0.00488717147496104 -0.0595964657105522 -0.385193671548993 0.500082951754754
-0.026577581848838 -0.0198597774335737 0.148187824374766 0.395156273621428
-0.0057022627254963 0.0141701034852016 0.1923893584445 0.0287401106874388
-0.00134546259279352 0.0136983458752989 0.0219837802285167 -0.195125755608398
-0.0231414258330334 0.0114057057025778 0.0212324155867708 0.157064018704677
-0.00931752284798196 0.00797084472846461 -0.136059514388533 -0.0290958569399406
-0.00166912474193326 -0.0254032407356312 -0.0915009847995953 -0.382232000968854
0.0271175522392022 -0.0450339448834022 0.382607319454174 -0.366047771577308
0.0445897374425541 0.0315495700296838 0.681441756723738 0.26490465543359
-0.0270219478846773 0.0505399802546182 0.11333926721638 0.844743918351208
-0.0370426027225097 0.0225760152165506 -0.40311349307012 0.475832106558485
-0.0377297492902514 0.0150465291576577 0.00382542322709466 0.0852878245924992
-0.0227999667063062 0.0392879198251726 0.369598188976946 -0.434792165429461
0.0101579820566351 0.0276724102483697 -0.177832955935339 -0.812423541097389
0.0258289135312569 -0.0175084144206714 -0.771317594108206 -0.198321921961581
-0.00598488914020449 -0.0547826727924807 -0.391746512937437 0.497331377119136
-0.0216215600363736 -0.0129410262290934 0.146816745034548 0.395939742869396
-0.000330111685628607 0.0197491683767952 0.197000168454941 0.0323098900262457
0.00141215262252882 0.0155263157368841 0.0229261676314087 -0.19296720783821
-0.0178314826531534 0.0115186114728553 0.0200639133251228 0.158677903999452
-0.00399676301492271 0.0124640526808878 -0.133825154331685 -0.0221704571767236
0.00204552241621799 -0.0150423039159363 -0.0956528898062111 -0.380311518597273
0.0235448133630775 -0.0381840923320623 0.374714880592356 -0.374440180961377
0.0399239130850656 0.0260632297375419 0.68389640184923 0.249437630527048
-0.0243849317340526 0.0425167424877187 0.124673419416689 0.844668248420647
-0.0311750909936565 0.0191332497351114 -0.401453276039855 0.484154209096961
-0.0330274609839262 0.0139467286921171 -0.00482259290011435 0.0912167129648535
-0.018529866378768 0.0348342167111146 0.3701096864691 -0.424378992512561
0.0105496939675698 0.0213235477677433 -0.168113180884589 -0.814460989728372
0.0221458989025403 -0.0191545698920167 -0.772662790145887 -0.212659544556877
-0.00637796522285508 -0.0482589736957905 -0.402543358234907 0.48879090316197
-0.0173270750297192 -0.00613335584369334 0.145637440569706 0.397853952069699
0.0050047077683514 0.0242535861756325 0.199694770871505 0.0372096089629161
0.00640772470764311 0.0161259129339801 0.0218676438017969 -0.18847788125147
-0.0109077064275969 0.0119047389297119 0.0156210531074046 0.160451810919657
0.00223850196119215 0.0167058244854345 -0.134520773383243 -0.0146809379215203
0.00588458787231597 -0.00556109533662593 -0.102473304008951 -0.378228847370033
0.0209028861239152 -0.0311905659759846 0.36308655169981 -0.389996895046831
0.0361943109145887 0.0218039413654793 0.68620248702899 0.224960372960542
-0.0214570372788348 0.0346861719689936 0.147000179905544 0.836667311267928
-0.0222770968141838 0.0145195957646439 -0.392462806130244 0.495401042896215
-0.0249398029705866 0.0110604734542914 -0.0094771699674111 0.0976688237792618
-0.0117549898128356 0.0278766137433835 0.373983301322304 -0.414207360870105
0.012086202059068 0.0117099747304762 -0.146376889133884 -0.817583729625174
0.0178904552191335 -0.0216233599703822 -0.770196623901773 -0.237697850298563
-0.00738731566540991 -0.0413899400285084 -0.415197590057525 0.477073456596897
-0.0136986663834367 0.00297618531276247 0.138777472971427 0.399348029853316
0.00986276316951318 0.0275664615574045 0.200198818449976 0.04442626756722
0.013941312490015 0.0160416121977656 0.0190084353996906 -0.185284277932491
-0.00449337144369638 0.0103867018522224 0.00993405355589638 0.163137818924624
0.00502811151193981 0.0191060656033769 -0.136685847365346 -0.00642329404770081
0.00790867960336426 0.00196460516863301 -0.111406370600963 -0.376362959013879
0.0185152056972974 -0.0217546027022178 0.350668350287169 -0.404012373780378
0.0339303745836522 0.0184121929244117 0.692471964172396 0.198263696861634
-0.0194103502308089 0.0236894030803047 0.173572326491929 0.829442044969172
-0.0146331886328887 0.00586717561038172 -0.379407377370643 0.503401316754446
-0.015978029470706 0.00541228309051275 -0.00976490957933514 0.101882638527059
-0.00510497222169584 0.0200228170844403 0.385567454165985 -0.404487370663715
0.0130390064018329 0.00209622262352421 -0.118905950784617 -0.8275060736396
0.0161706217956809 -0.0232510691362837 -0.764357626094749 -0.268213224867777
-0.00826271883709592 -0.0338308724188299 -0.428845640196846 0.459539727040512
-0.0129336923197082 0.00948745570516814 0.13047575693424 0.399123880093574
0.0148934004683712 0.029347950057204 0.197732764023719 0.0524352448217721
0.0205681718845868 0.0156609735943424 0.0135339027863207 -0.182586417963455
2.47607231591666E-05 0.00824924167907424 0.00255516101296191 0.166241778205278
0.00806074738312217 0.0184099769378974 -0.1408297792296 -0.00113507195747662
0.00822629818277568 0.00629188989923334 -0.120240326283546 -0.374323660453463
0.0188052771506464 -0.0160030590007665 0.339210980774384 -0.41943871350271
0.0328794923886503 0.0155860528921161 0.699141338476262 0.169103853436557
-0.0176263233830344 0.015488271534265 0.201705878526905 0.814439263048814
-0.00846090535780727 -0.00231959431418868 -0.363687430221259 0.507186246199656
-0.00782620962519773 -0.0017540905288726 -0.0088443725807534 0.10379265577928
0.000573654383863922 0.0109052794848799 0.39946879843925 -0.396600593167335
0.0141192131493553 -0.00618244573094097 -0.0916710382551597 -0.835962565506297
0.014106902004159 -0.0240529928715899 -0.755322016034404 -0.299775805034068
-0.00779214369080296 -0.0268073403658948 -0.441160942863733 0.439817732766597
-0.0131360182274127 0.0137237425430776 0.120294071718508 0.400785944197683
0.0165080423306916 0.0296637947320602 0.194793357261674 0.0589781342377066
0.0267419664049257 0.0146938501375105 0.00951484487195316 -0.180653287483166
0.00389295840264147 0.00478174919294606 -0.00232958454160545 0.167482872148103
0.00620221868895142 0.0166139532589768 -0.14731530152878 0.00312219030591239
0.00656003164216854 0.00719844030468064 -0.12800793674989 -0.373433038795177
0.0183700259800325 -0.0112819379197388 0.331715203227188 -0.431668157747001
0.0334467530511474 0.0145054791372921 0.704171737520604 0.145180906676106
-0.0161992562163067 0.00929487029701995 0.2254727976981 0.800482987586775
-0.00408887401854136 -0.0100437857777947 -0.345278078450139 0.510371196830862
-0.00163335746784802 -0.00804852652533378 -0.00193814093804612 0.102910573509161
0.00435393319902694 0.00369084647947936 0.413708223132565 -0.393301542507723
0.0157431479408591 -0.0125518927788256 -0.0651907098491803 -0.848601152857242
0.0140591604133263 -0.0247611055069531 -0.744658779280346 -0.327019439438555
-0.00769985477105903 -0.0238831571904 -0.449578160854841 0.425302120483502
-0.0162570158696133 0.0153378321352398 0.11218056160155 0.402034300208118
0.0151596619658651 0.0273385667912183 0.188315762653644 0.0628315569833527
0.0306171204180425 0.0129646554455981 0.00307322640228941 -0.180488833299385
-0.0284853177985382 0.0077692939180848 0.0175478386578391 0.152178779001355
-0.0190757292956369 -0.00345592668207099 -0.145267457022634 -0.0362100408440399
-0.0104750171514045 -0.0387879716063514 -0.0926397092920282 -0.385188131130846
0.0309593813685868 -0.0517533727054583 0.393286943771361 -0.363651097542027
0.0521145634768742 0.0358927194077288 0.694692002019504 0.269377184071363
-0.0295733764991447 0.0568028516568622 0.113854289595036 0.83748223951393
-0.0423793392518163 0.0189538934225106 -0.391332953159017 0.457898907365719
-0.0406294823897828 0.00930904557283009 0.0214337415567849 0.0727824748679775
-0.0278273005635562 0.0370662068427217 0.388893255882971 -0.449550918281925
0.00924630878450723 0.0345748816578261 -0.164666947857047 -0.828576227761294
0.0338055839136139 -0.0150741479141689 -0.761588601693143 -0.206374881307008
-0.00339953431256495 -0.0620705453269986 -0.39009535420823 0.498177827745791
-0.0317994996260529 -0.0251111763866121 0.143675889193343 0.398879945641839
-0.00953168093177081 0.00991207858504981 0.188814249707535 0.0294589946952905
-0.00222677808315099 0.011386837348931 0.0211832039659192 -0.196762605652741
-0.0270913279128296 0.0097676207869172 0.0201330137842131 0.153983232044537
-0.0145996333328687 0.00232722768525402 -0.140480389546804 -0.0346651709837005
-0.00585801883517779 -0.0331415416933271 -0.0881324300258048 -0.385324650595537
0.0296154287440253 -0.0492812444733478 0.393477608519824 -0.358597389390244
0.0485867201348362 0.0344876631318296 0.685973251400797 0.275330008486239
-0.0282474882844287 0.0558692776316032 0.104957951411498 0.843712036354453
-0.0410965162216284 0.021607950266006 -0.40524762892334 0.46259870063292
-0.0411590657873248 0.0131104028498507 0.0119428723330715 0.0785695681095745
-0.0261451940204616 0.0388228322258351 0.379159737254633 -0.44091512603901
0.0100608436761815 0.0334359579777979 -0.172043166561992 -0.821353095476689
0.030103599107776 -0.0160942859362871 -0.767617286182364 -0.199967070158278
-0.00465129301583938 -0.0602514739256357 -0.392958752665591 0.499228256853136
-0.0273275575619255 -0.0201746689711851 0.146095998768161 0.398646941597778
-0.00545768128676923 0.0141204740600161 0.193353645586895 0.0300813435667149
-0.0018754058010773 0.0135106087221882 0.0252045435120153 -0.194414966265856
-0.0226097864070809 0.0120942370415476 0.0193295021971785 0.154910481803004
-0.00868146362036225 0.00819947878607098 -0.13578513971379 -0.0312263628141099
-0.0012893713218213 -0.0251098290300722 -0.0895672901229009 -0.384794344637644
0.0264405128109602 -0.0454092723745805 0.384950834890598 -0.36262469526856
0.0436238915209213 0.030810669957789 0.682782129554057 0.269395315264325
-0.0278424411505753 0.0516065508841654 0.106132760301502 0.848176926397776
-0.0378644519407096 0.0218904049115029 -0.408248525392965 0.472718243762942
-0.038652449120379 0.0149511104983289 0.0018178629553652 0.0849259809732491
-0.0232871803868884 0.0385545145797561 0.374600920227738 -0.431425358781999
0.0105744840605258 0.0285125490089495 -0.17101502342002 -0.816037077550449
0.025992723684328 -0.0183104206107724 -0.771447170935025 -0.204584441660208
-0.0067309670397239 -0.05576934280161 -0.396144058500462 0.496756619327525
-0.022256332992922 -0.0138525965827114 0.14513064949996 0.398495473104941
-0.000208891600920632 0.0200963977122519 0.19853401000201 0.0344998169622856
0.000643898300561586 0.0146336151972451 0.0252060380240117 -0.191742840184814
-0.0181656565777725 0.0113760702980452 0.0175751651909633 0.158106929251079
-0.00329091894155812 0.0133204792609269 -0.13530775498392 -0.0236996652362529
0.00341320149886689 -0.0149888960175568 -0.0931183861986219 -0.382479425792321
0.0239266439252372 -0.0380413591639407 0.377291733255876 -0.373568907005621
0.0399920841269527 0.0268357847877166 0.683530048292558 0.256251866428573
-0.0249512263879832 0.0427352562557536 0.119374986276892 0.848282239541618
-0.0304760726754169 0.0195033941154183 -0.40630478547142 0.482269491458392
-0.0323302759423601 0.0150106570878814 -0.0055825914536961 0.0911871902624112
-0.018647822290832 0.0346984513107436 0.374590936938377 -0.42094796949104
0.0108785810340835 0.0218222376186973 -0.159992463856034 -0.818040288619619
0.0218959852591443 -0.0193726105165048 -0.773784897018479 -0.220421833941654
-0.00666279902871134 -0.0487069264338102 -0.407233244010072 0.488435826283581
-0.0175195183209145 -0.00576921791144507 0.141715249145117 0.399269063228334
0.00494040282202688 0.0244872888467357 0.200482552467326 0.0403374003166636
0.00657593624395277 0.0150850498646635 0.0242559552025085 -0.18911506227111
-0.012010141853917 0.0118371638431365 0.0128393660978791 0.160091774972921
0.00105107990795792 0.017644127450978 -0.135647396449843 -0.0166760133365884
0.00545823590190558 -0.00527314557184252 -0.099735906536924 -0.380371308107626
0.0203220315271897 -0.0302891769235281 0.367714331714429 -0.388252790001216
0.035844605688841 0.0221562565136501 0.688222941973386 0.232321400456905
-0.0223503482087371 0.0342543514983075 0.141667004678435 0.840668423076865
-0.0227901074493958 0.0136937650080983 -0.397354500433225 0.493554229286701
-0.0252046185564778 0.010679885296237 -0.0101288191516285 0.0969214317746993
-0.0120843378345815 0.0279710093198371 0.378276290585689 -0.412248188045554
0.0115247606845799 0.0121160086368992 -0.139300080737125 -0.822249110484179
0.0182302408366284 -0.0213532690488201 -0.771824130044653 -0.246297063594039
-0.00736279623490605 -0.0413179177161642 -0.420770567139745 0.474215344655616
-0.0138747312942501 0.00233414674984748 0.135029977329211 0.401284681465034
0.0104719266365772 0.0267798351615497 0.19999442100517 0.0470442370508096
0.0129406850137297 0.0156031968351667 0.0209386407646919 -0.184569218838497
-0.0044335943639512 0.0105672287303319 0.00749667710349653 0.162680821465829
0.00622506943600733 0.0194463962697554 -0.138022132727447 -0.0091550456211088
0.00856974287621411 0.00227507396872368 -0.108508388685553 -0.377677141009819
0.0191355073245079 -0.0219458954390609 0.354487495427608 -0.403338878211594
0.0338681902022376 0.0188022647602907 0.693514516490396 0.205385821155469
-0.0193759899981938 0.0241642515064634 0.168391035400356 0.832470545554521
-0.0154347705644558 0.0055513994726755 -0.385742308913434 0.500830413551662
-0.0158940256928617 0.00518580221075697 -0.0123565077454817 0.102263644625679
-0.00584244443114327 0.0196197686134103 0.389672571192214 -0.400655734946288
0.0114113412192241 0.00228192325418497 -0.111593220064947 -0.830202949122869
0.0156783109708163 -0.0230147400735355 -0.764161843886327 -0.277365728911779
-0.007556489430318 -0.0340009021942043 -0.435749292700387 0.456883443347042
-0.0130859284768448 0.00948018298364319 0.12723884113454 0.401621594349566
0.014072615048502 0.0289070663146853 0.19816011907939 0.0543074340621737
0.0198045358299075 0.0155898393940137 0.0164606889274037 -0.182245227982331
0.000313850945337145 0.00856109128148698 0.00114712043716154 0.165389809013662
0.00705504653288696 0.0184682646811487 -0.142842318761828 -0.00254449164355653
0.00814499054776652 0.00676735206854633 -0.118421776819368 -0.376874176562032
0.0184916842008203 -0.0156885054713339 0.342049055647417 -0.418024503004542
0.0321336388460046 0.0151816449913506 0.699332884176095 0.17537323520178
-0.0179641600316627 0.0154670651355836 0.19358205267804 0.818504938338488
-0.00802423787659358 -0.0022846759838043 -0.3688468625173 0.506002394368019
-0.00796568791790173 -0.00202989228376389 -0.00956797512753978 0.102751551990807
0.00073746701058303 0.0104351764411947 0.405933166791208 -0.393859496521158
0.014043546349416 -0.00632039026966132 -0.0845099681843777 -0.840959837681535
0.014324012634341 -0.0241416572370586 -0.756269632619307 -0.306758501406541
-0.00753890857346801 -0.0276306529327234 -0.447531993139837 0.438554741189365
-0.0136937250380138 0.0145239329743829 0.117348729602699 0.403534601544199
0.0157756518982553 0.0290440057646257 0.194035261895463 0.0606437383557813
0.025599296886842 0.0146046780530859 0.0111496618736523 -0.18020858765501
0.00401836989750422 0.00671640885114514 -0.00466984292961179 0.166438491440772
0.00727648089360095 0.015826015679637 -0.147337400617128 0.00220357474715821
0.00714609882900861 0.00823526855622147 -0.125681373435605 -0.375304790029926
0.0186941275120686 -0.0114710229855832 0.335969311301209 -0.430573583275164
0.0335740483625257 0.0147418290365881 0.705756189471248 0.148877951793476
-0.0170270674440119 0.00902346715525771 0.219989095236241 0.805202045168473
-0.00379078543340104 -0.00951413574931862 -0.351367915598335 0.508521963646104
-0.00171605788965895 -0.00784264618398305 -0.00288413971092576 0.102756354024497
0.00466872064002865 0.00223269276349344 0.418352684094703 -0.389682525581141
0.0153413846958996 -0.0120492466441968 -0.0564181648103634 -0.851112874507717
0.0147310528319832 -0.0239476522660113 -0.745593707219487 -0.33378486841918
-0.00717266375414986 -0.023218373932703 -0.455713130894956 0.42339313658857
-0.0162477149638897 0.0159029607942408 0.108774528909359 0.404606090976238
0.0160797879000095 0.0274621122791892 0.18848752551498 0.0651708870696752
0.0309880019411426 0.0125171292192671 0.00444024866210251 -0.180539812079566
-0.0285138255943294 0.0082020146024692 0.0159110722841759 0.152526026430633
-0.0189066322007525 -0.0034499431655058 -0.146345870370481 -0.0381176861283314
-0.0106810334610659 -0.0386531333223055 -0.0909952023138859 -0.388047303987647
0.0309973664423944 -0.0512478932111959 0.398661803179141 -0.363069243347283
0.0523618608141199 0.0358856883859464 0.696276140322831 0.276684413544629
-0.0296494340503778 0.057133493803139 0.106871001939545 0.842233554603956
-0.0426108674755765 0.0186455685510051 -0.398701442077843 0.455881765591517
-0.0409512128855547 0.00980918587228664 0.0205407296923503 0.0726172946420697
-0.0285738974744223 0.0367493017483033 0.395298797861967 -0.447141539182742
0.00953369745148947 0.0352593872777479 -0.156750352491613 -0.835163474649131
0.033451550507621 -0.0141596290592814 -0.765525229439418 -0.211603539090538
-0.00416257368400799 -0.0622662449448422 -0.396630728728911 0.496826819908122
-0.0314635834734198 -0.0258383406895598 0.141231987317669 0.401437494233678
-0.00901076287922999 0.0101162684610203 0.189014936624305 0.0312994797782487
-0.00209691521117555 0.0114962631922189 0.0234886529665005 -0.197321722386063
-0.0278181327972631 0.0108165160966627 0.0186188070783827 0.153957063431705
-0.01449819172746 0.00102129020681978 -0.141146806253222 -0.0362971628347254
-0.00598229703057188 -0.0335712243083249 -0.0879460176962085 -0.387336943603751
0.0293995330189029 -0.0495617511799524 0.397749036405699 -0.357936333435567
0.0480100845396819 0.0345470659716282 0.68792537546316 0.282305026641357
-0.0296652965242291 0.0560702061275119 0.0991640947764771 0.850469993668915
-0.0417178218504862 0.0213534013533541 -0.412022199412047 0.461550297696493
-0.0415209114213774 0.0129020349304332 0.0107037653488282 0.0795681470008292
-0.0276207286666241 0.0391701064337329 0.385896845034587 -0.439757411768772
0.00946682371636178 0.0337641183113422 -0.164480267687574 -0.827429796580624
0.0304491648589776 -0.0159678684171091 -0.77148824160953 -0.208985086308863
-0.0041747234591066 -0.0605062550065076 -0.398063949734179 0.500554685675498
-0.027008943529952 -0.0204839734750665 0.144287729170688 0.4009509215633
-0.00636726337494288 0.0146467198613406 0.194889747420527 0.032048547716392
-0.0024133052617428 0.0128649158448628 0.0266016037947578 -0.195373068532534
-0.024766266098947 0.0124000388098708 0.0176429100328729 0.155838819415149
-0.00868316848000215 0.00773722006691876 -0.137304356688133 -0.0316842126553683
-0.00138756317456761 -0.0245179145028748 -0.0883428928005618 -0.38678324272636
0.0267837960299064 -0.0451493226104828 0.390181420582948 -0.363076259454363
0.0435426911261805 0.0313329009628161 0.683065229084604 0.278725440331375
-0.0284406264210713 0.0507379108111577 0.101356845385677 0.855207821322334
-0.0389655104133336 0.0213249141413057 -0.414833838109538 0.471562575347455
-0.0379359858373218 0.014931726956422 0.0018896242529458 0.0853270341903
-0.023975484652516 0.038505512504656 0.381734554381261 -0.43006793202213
0.0101350581636569 0.0287570188938521 -0.164317988787733 -0.822942480184354
0.0264366716173787 -0.0178386003201509 -0.774937474763405 -0.213445986453062
-0.00537158308657616 -0.0562512030348258 -0.402990159856732 0.496155066378812
-0.0216659219174583 -0.0135961017351639 0.144176684731515 0.400597237165502
-0.000973034304835743 0.020048603889064 0.199094000719564 0.0362461768962567
0.000923035809376926 0.0144366193550873 0.0272293104567887 -0.192874982704256
-0.0188654519152235 0.013067797087267 0.0170358213250558 0.157913407448342
-0.00296587491760511 0.013031250107912 -0.136034033587503 -0.0257373583930607
0.00274828825236583 -0.0141089862828528 -0.092206363122886 -0.384707819229848
0.0236256488975774 -0.0378547530198133 0.381948224370168 -0.37395542078417
0.0391932508975349 0.0268441031261588 0.685261692575504 0.26556321905006
-0.0254958977945843 0.0435300896468594 0.113567643541193 0.853691789198031
-0.0313284037848595 0.0193898150113515 -0.412580573423901 0.480261853949528
-0.0325835459124459 0.0142220447635953 -0.00655946546604737 0.0915215518593643
-0.019281678772864 0.0341975615932792 0.380555333156357 -0.420064945496177
0.00976587014290434 0.0212670593378114 -0.154463079524777 -0.824541261468377
0.0216039297200213 -0.0194738560873652 -0.775331475839607 -0.229531431474788
-0.00653805506523401 -0.0490810530838202 -0.414503206899353 0.487967896604897
-0.0173262700403507 -0.00537176364610775 0.140131853253074 0.40193488428426
0.00537943738680419 0.0241302786945824 0.201372705274139 0.0408957634481396
0.00585374758032065 0.0155745401539246 0.0254703114384433 -0.188785002757627
-0.0124040716125928 0.012442196298585 0.011180644301101 0.16063344005553
0.00156571879159861 0.0169328878222399 -0.136149568077481 -0.0179789154892233
0.00584120704741354 -0.00538613488179251 -0.0986948832435229 -0.381933578371096
0.0201216896085792 -0.0298505311781092 0.370811988198088 -0.388910512949604
0.0370214379600022 0.0222780924240436 0.689836013734658 0.240701814710403
-0.0225295845408816 0.0342312114569026 0.136503320218908 0.847020253233358
-0.0227981776779897 0.0133787721318629 -0.404720490393726 0.492455901279694
-0.025303573004086 0.0103335456601723 -0.0117901598233414 0.0976202284522019
-0.013256331341464 0.0283054806430507 0.385521029548688 -0.407705492686417
0.0113269345899059 0.0121998190342779 -0.132483675716656 -0.829042558656699
0.0181995496066416 -0.0211787088839014 -0.773523530710544 -0.254392326942302
-0.00698746353627643 -0.0422774322334574 -0.427454735730984 0.475828759390827
-0.0143221993621924 0.0019602929968362 0.13243500243704 0.405486701144655
0.0106811888089871 0.0271483516552954 0.201259979886276 0.0491018647755053
0.0131598276330428 0.0156255195410332 0.0228732396205621 -0.185373599151145
-0.00648512838849246 0.0115767734427054 0.00519910285642416 0.163565449210603
0.00483964230185694 0.0196924330688437 -0.138187872912472 -0.0102485426461753
0.00721331523956941 0.00270067619293443 -0.106529468937311 -0.380695512094804
0.019438778549924 -0.0216597178967001 0.358592863842784 -0.403027324814851
0.0337795616538872 0.0184880369650983 0.695953121486736 0.212480323392852
-0.0200398600576952 0.0245251461145458 0.163355009657683 0.839867593701451
-0.0151300249006369 0.00596526607074613 -0.392530043303319 0.499825733809968
-0.0157073218931215 0.00480473119007191 -0.0124560398550679 0.101646397258775
-0.00648493704966707 0.0196886024746783 0.394802646547152 -0.398440201145804
0.01172207489864 0.00213365048282463 -0.104282742378988 -0.835968042039726
0.0143875315367743 -0.0224397126009563 -0.767785778926266 -0.284262678125716
-0.00746002712406435 -0.0340035597200015 -0.440756396394261 0.457216594872025
-0.0135177721014526 0.0100570833031877 0.125260742627549 0.405077214830092
0.0147073750502678 0.0292000975948934 0.199445029437319 0.0560106963319311
0.0196036654305917 0.0148857447908379 0.0181097039715897 -0.182485393960053
-0.000380666888263466 0.00899211543853308 -0.00138170424126792 0.165071349196224
0.00712281379418902 0.0191511815907279 -0.143209740114023 -0.00369427603477183
0.00713725688348374 0.00704164608481133 -0.115812562235081 -0.379207794250401
0.0183389362251747 -0.0150234167157136 0.348876939481272 -0.417534715126286
0.0329269117535492 0.0156025978031441 0.701657049320764 0.183076390545369
-0.0183088079263648 0.0150662088949238 0.189673950751202 0.825724831703565
-0.0086038608087588 -0.00214068657161719 -0.376294954469209 0.505411900162681
-0.00830487593181339 -0.00105502970664973 -0.0097162473842612 0.103662226459274
0.000360055720225543 0.0112699646833578 0.411642869830316 -0.390429661318912
0.0136523267749872 -0.00633206295616431 -0.0768052970712809 -0.844704160055638
0.0141918320156511 -0.0242278474561521 -0.757683428182729 -0.31569588439434
-0.00783223054487328 -0.0273137147889155 -0.45377635131904 0.437255305153654
-0.0131103932327825 0.0144121666707281 0.115306092085045 0.406584996885167
0.015970436522602 0.0298587397276859 0.196053920090743 0.0616082424866092
0.0265936537632818 0.0143119726784794 0.0131131230439894 -0.181080790954308
0.00377777688634614 0.0061594160813953 -0.00729048527701288 0.167506531278446
0.0073707531353952 0.0163275720056051 -0.148687244061671 -0.000424377614925317
0.00648922767033912 0.00880382830088224 -0.12454390483926 -0.376506350859536
0.0184776943223777 -0.0115553263546466 0.340383849648397 -0.43019216387431
0.0337565930785059 0.0147215382060513 0.709453890448032 0.156552386639053
-0.0163569228305922 0.00934757083052755 0.21516038794761 0.812938681770148
-0.00365429047208741 -0.00940912853291091 -0.358414985875258 0.507131049508612
-0.00128223733872311 -0.00853789720832858 -0.00441569523731816 0.103348744445661
0.00406282516881691 0.00296909911253254 0.423498220401732 -0.387642416970506
0.0153824462048179 -0.0115805641221016 -0.0493170101682591 -0.857209126818918
0.0151994458544703 -0.0247375355379691 -0.745247687718859 -0.342703830220467
-0.00694104400772905 -0.023406981636234 -0.461819971047551 0.422224578653727
-0.0167350373422703 0.0164223100017152 0.106037786775917 0.406659287947848
0.0166991333776599 0.0275756734779006 0.190181162400715 0.066350607041099
0.0311259347838708 0.0128410700645394 0.0067027892217506 -0.181799679634859
-0.0297225013129199 0.00823003623021323 0.0143107601034558 0.152696019667665
-0.018958723942971 -0.00341161215655418 -0.152006405980718 -0.0337998934772771
-0.0095779241609512 -0.0391724393623111 -0.0896149753849301 -0.391367116857862
0.0310375161222172 -0.0510819203778921 0.401273820598569 -0.363093426466954
0.0525785713019375 0.0365261003758313 0.699375547862333 0.28502196296437
-0.0294897047676076 0.0586514966052844 0.105180601757059 0.851526956021997
-0.0426537969680261 0.0181153547589837 -0.405985597634856 0.457002880398749
-0.040898714127338 0.00898350163057915 0.0195929633592538 0.0741406552401197
-0.0291037157605543 0.0368294771935182 0.401704901608965 -0.446945921371749
0.00872474155219328 0.0356408073149999 -0.152642727982222 -0.843817456522969
0.0341806001725435 -0.0145846939966574 -0.770987818710543 -0.220516063712893
-0.00246235003850558 -0.0624265827329766 -0.402970839258679 0.499060306381306
-0.0314306075338689 -0.0256645955574895 0.141157659679601 0.405797499920529
-0.00921021779035946 0.00937929782994808 0.190742405445173 0.0324127358171408
-0.00303363764423648 0.0102424854210073 0.0251431631795641 -0.198144215066598
-0.0290192451826042 0.0106394516603116 0.0163032746619079 0.154596062869096
-0.0145626120380045 0.00190348319638854 -0.141212317956421 -0.0373630523623743
-0.00563781137421194 -0.0320793474309971 -0.0866150860068789 -0.391056015435192
0.0294983868593474 -0.0483963849019881 0.402471572487412 -0.358320594844853
0.0480839170136897 0.0342009911312725 0.690992924104314 0.28938255384332
-0.0307084087684212 0.0559635609239835 0.0954831445171994 0.857987729407148
-0.0420670398208884 0.0219236005524667 -0.417494320055349 0.46178329046337
-0.0417288861018101 0.0126912530226873 0.00980276624127848 0.0793861882237774
-0.0281207285947895 0.0389302071002801 0.390810581659817 -0.439203767679144
0.00859054255770685 0.0342573103426986 -0.160578364190381 -0.835634117408281
0.0302623024493206 -0.0164045550634717 -0.776522380187603 -0.213828656747348
-0.00442649568058342 -0.0612217949412962 -0.403877756764835 0.501092796832412
-0.0271621312859561 -0.0203882389190719 0.142009818294096 0.404864355048721
-0.00611422699043709 0.0145539934657729 0.196456267391409 0.033301691690713
-0.00222648915304492 0.0118248940946542 0.0282146867596687 -0.19644427933885
-0.0241615752228308 0.01205658035455 0.0154249607202303 0.154872322264479
-0.00996883400435995 0.00726121281091101 -0.137548629126173 -0.0335661743954134
-0.000946898842797838 -0.024044882685647 -0.0869036107651071 -0.389371342918032
0.0261928376206331 -0.0441384184158861 0.394773992918366 -0.362972777547919
0.0447167457604041 0.0315542951682718 0.685533565311674 0.284712487026057
-0.0285953283905223 0.0517126809486942 0.0962407058111977 0.86147199983798
-0.0380160718957046 0.0207730697975068 -0.422718868691653 0.471879411005376
-0.0393173995481348 0.0150530584558402 0.000293208350436678 0.0852271895695163
-0.0246883287661929 0.0386744681213995 0.387686113108922 -0.429188355382317
0.00957185456450911 0.0290037279307019 -0.15970462367614 -0.832216491410736
0.0266722010931566 -0.0173906317563104 -0.779329463401175 -0.219666286520994
-0.00543047458527446 -0.0561789038986952 -0.407548409428259 0.498893321435922
-0.0226266972107506 -0.0136422329320682 0.142897822625691 0.403970516705782
-0.000535916706315177 0.0189537444353298 0.19493450472611 0.0411498089471064
0.00061699048046546 0.014289091374229 0.031219343699824 -0.199439266454451
-0.0187661620811802 0.0130323115750585 0.014231589186511 0.158898397074854
-0.00320912896212893 0.0131039499582147 -0.135936054871785 -0.0264788828742658
0.00312091723166668 -0.0136369517180336 -0.0918445611444488 -0.387908718613819
0.0233969807486079 -0.0379222248555195 0.386433955899622 -0.373990758102625
0.0398837448386663 0.0267954422250133 0.689527828763657 0.271166221670144
-0.0260291156259663 0.0435038393663601 0.108323129184828 0.860644267737789
-0.0320030807924608 0.0191341945685935 -0.42018640121338 0.480184812390322
-0.0332391059788322 0.0138269861195872 -0.00734878371485524 0.0919454851238555
-0.0199367732903757 0.0342735108883444 0.387407543560381 -0.418460381430834
0.00963525854855032 0.0220296551936748 -0.147284549784587 -0.831896139382208
0.022213335734214 -0.019543522429849 -0.781401028394497 -0.235189746057738
-0.00631530662132487 -0.0495017463852567 -0.42132235307813 0.490712326061181
-0.0175951881306713 -0.0060595703330319 0.140073765877564 0.405385804640008
0.00553086729664235 0.0236221135354936 0.203068271119756 0.0434130693557063
0.00597839458841362 0.0148224506496118 0.0281848443472049 -0.190018398099545
-0.0131851821751124 0.0129296955548611 0.00981458867660615 0.161198516084684
0.00135847992527949 0.0169834467885378 -0.138027086824771 -0.019136388509687
0.00635162533429537 -0.00411856967910321 -0.0977394394518795 -0.385871443736953
0.020235728124743 -0.0298117565932255 0.376416579549 -0.389230320369633
0.0361430549586519 0.0217899006924063 0.693955093766429 0.245549046021371
-0.0235151572642375 0.0349606824556733 0.132865160668009 0.856207385573312
-0.0247395088118923 0.013670683178894 -0.413059758614569 0.492791446112014
-0.0251238010961335 0.010219024542371 -0.0132577165630205 0.0983809265923888
-0.0139845457826646 0.028311698015772 0.391853496835332 -0.406354707693075
0.0106528850133363 0.0127121553056702 -0.127951666081158 -0.83472480457087
0.0180283150998339 -0.0212838661801644 -0.778191961740138 -0.262014280753692
-0.00662027269016458 -0.0422331408775644 -0.433899743058337 0.477007691690131
-0.0144802980407384 0.00261528604786665 0.132903656507424 0.407662924356231
0.0105911603266045 0.0271960035454495 0.203037520919711 0.0505447699852605
0.0126613914894124 0.0151740577621192 0.0249898887031164 -0.18589403359807
-0.00704376062992053 0.0113510195800607 0.00320352515448694 0.164169976279613
0.00550422867283306 0.018703494093816 -0.139896789765479 -0.0106241699268776
0.00718804838417956 0.00403011571678556 -0.106245498399769 -0.383653540603564
0.0179036524608996 -0.0220062757328595 0.363804865158428 -0.403674127696577
0.0339432394779145 0.0187110517462873 0.698263829911497 0.218317135956108
-0.0195879313471552 0.0244502122561241 0.15894035553498 0.847441521602303
-0.0149033738146867 0.00535365276146116 -0.399176630801091 0.501847205909395
-0.0159889339796723 0.0043202366621158 -0.0142993082633435 0.10263451100954
-0.00638200246638399 0.0193413254744143 0.402578769468175 -0.397738435908141
0.0118505094920713 0.0027992375692614 -0.10009147527082 -0.843231589627771
0.0156312074793149 -0.0230766241283866 -0.770448724723456 -0.291792883811463
-0.0069795008385211 -0.0352276925357264 -0.448598245677706 0.458058494988142
-0.0130971499973706 0.00951821443781275 0.123574207460031 0.408922079296316
0.0143155893221557 0.028880510251795 0.20104111787924 0.0580246199382461
0.0196460658872094 0.0148376200517231 0.0201993422242496 -0.184326696257833
-0.00128694431268628 0.010023792441974 -0.00350165897127436 0.165796605204217
0.00702041712204666 0.0198336166498115 -0.145005443809288 -0.00503630204739886
0.00852754729689216 0.00829663890839654 -0.115141044674011 -0.383259911586295
0.0183972365581826 -0.0157564826074798 0.353318398415024 -0.419091367075284
0.0331300747436976 0.0170302254240753 0.706317356430258 0.189207642616147
-0.0185504299798243 0.0160522346673152 0.186322973031883 0.834202870463049
-0.00786833329080453 -0.00224834361936587 -0.382321776493179 0.505214446426821
-0.00706763208764846 -0.00152288344433081 -0.011549349791566 0.104112288522444
-0.000892639362865601 0.0102874243927969 0.415473893634539 -0.390787676307371
0.0135053402133488 -0.00632825536179686 -0.0714083646772288 -0.853372860276113
0.0142979707933871 -0.0237877155679978 -0.762895364301662 -0.322331791402404
-0.00816527261940128 -0.0273187124455047 -0.460060834792419 0.438696518653741
-0.0137909043960365 0.015195604296471 0.114253900399964 0.409863061480923
0.0164163842450722 0.0292996171651325 0.197455150011875 0.0637860502810108
0.0258483719508578 0.014579309390935 0.0152723785832995 -0.182070715535689
0.0026729180654109 0.00685740846866601 -0.00795530444373047 0.167179541713236
0.00759211741114544 0.0161761274308307 -0.149558030078177 -0.000700435192919241
0.00637335124474529 0.00931581897335404 -0.123484289482782 -0.380500634683286
0.0176260474301316 -0.0103197087662761 0.346930160218888 -0.430970403210581
0.033395329106691 0.0142727363981283 0.71396716283719 0.163705871051529
-0.0188577790659024 0.0095651911073124 0.212129343727373 0.82126328708421
-0.00393814017905438 -0.01069308670707 -0.366227839755085 0.507632897022418
-0.000960921942936652 -0.00806524781320693 -0.0054006705246064 0.104194709926336
0.00366476333299642 0.003130456468704 0.431275633096082 -0.3855477350996
0.014725474307565 -0.0116432740055375 -0.0432959537671472 -0.862902870622903
0.0148593580120619 -0.0245291497001892 -0.748627617830399 -0.351086620541204
-0.00772944965152635 -0.0237941059947972 -0.467780458893777 0.424060793786666
-0.0161033797073496 0.0159975454355482 0.105637057130469 0.409785361917544
0.0152273749682931 0.0270219958684272 0.19195284392488 0.0693461009521427
0.0308447075708924 0.0126799959947258 0.00822964130902777 -0.182190553860888
-0.0305391252276442 0.0097492340758679 0.0134980159536854 0.154521878716843
-0.0189176921011014 -0.00376396707024882 -0.148600071875513 -0.0410117958370898
-0.00996958986171916 -0.038525888658839 -0.0895889737822402 -0.395646780012707
0.0316399004746388 -0.0517449709090564 0.408766233334471 -0.364741724612166
0.0528360075252587 0.0367024893408216 0.705100769663609 0.291531736770691
-0.031408277613837 0.057871864545214 0.100059749456355 0.859267191036353
-0.0430303970502636 0.0183871911011031 -0.413131497469896 0.460599799664685
-0.0412469659855506 0.00881929813840459 0.0195422525958946 0.0750643968579886
-0.0301409852886637 0.0364227189263796 0.40679204727396 -0.447706802052325
0.00916141782052086 0.0359047380630559 -0.149196724870512 -0.852567302322308
0.0345672413182689 -0.0145240468222152 -0.777640967021074 -0.227005289051641
-0.00337695100586188 -0.0638360996007832 -0.410398863686502 0.503312217483279
-0.0317734673834681 -0.0262980846278255 0.139425994837261 0.408454136729261
-0.00870429120096403 0.0088656657477798 0.192543373244314 0.0344185429075656
-0.00299125578412802 0.010034520385366 0.0268419078080727 -0.199094071097394
-0.0290821005089669 0.0106336021425658 0.0153496707766283 0.154478938195716
-0.0148002008806706 0.0010761798118009 -0.143687320788586 -0.0388506876884682
-0.00570267687692332 -0.0324086128775701 -0.0859226750158935 -0.394532823049831
0.0285652070247784 -0.0489169008351399 0.408191662634893 -0.360170836900528
0.0485852119493801 0.0352484758983578 0.697528929264492 0.297378275011581
-0.031310185519677 0.056717298743277 0.0907012717556252 0.867930315622648
-0.0430453451193667 0.0211238012617649 -0.425822102605411 0.462983791411849
-0.0415462076235875 0.0125913281799852 0.00867579027270559 0.079960474597794
-0.0297012365644966 0.0406563029660893 0.400194031420769 -0.440015498756623
0.00859458994881506 0.0341087510036015 -0.156958432053957 -0.845768551014611
0.0309592748545195 -0.0160213362778399 -0.78212227693609 -0.221758663567501
-0.00418575343338883 -0.0621574263519952 -0.411556712070025 0.50434528433104
-0.0270313413354068 -0.0210074092717407 0.142012600097622 0.408947385246827
-0.00546177682765181 0.0142539963715769 0.198852020673152 0.0365552982726985
-0.00254090840749397 0.0120140207377767 0.0306492969518203 -0.198419182505456
-0.0254973614785331 0.0124098130555992 0.0150522728805016 0.156620983500479
-0.00892776176497831 0.00769411527285189 -0.139697267580111 -0.0340925579150341
-0.000995743372693059 -0.0240880463746156 -0.0864210590926975 -0.39359070978284
0.0266813444356623 -0.0447855044741335 0.400383423587687 -0.364989248862056
0.0441465916308707 0.0316033491819414 0.693130426395146 0.291028351795379
-0.0285449143078993 0.0519344848355805 0.0928889403134481 0.871746619533341
-0.0395323259232659 0.021495287524202 -0.430659464723929 0.472950958953028
-0.0384724457093229 0.0142303742687221 -0.000357628773816622 0.0859760144732269
-0.026093199724711 0.0385470775552852 0.395666577687687 -0.430361675171126
0.00923255843342292 0.0303944022156119 -0.154337254521543 -0.84065959526384
0.0262565093800412 -0.0180950682985107 -0.78770574530923 -0.226539547223755
-0.00477704767535201 -0.0562341938658016 -0.414902342325567 0.500294838308986
-0.0226953542899317 -0.0136306134454465 0.142635391556118 0.409799281182457
-0.000380157909845535 0.019226073935032 0.203393596660763 0.0394371916838048
-0.000182086007291719 0.0135664341488561 0.0313631024442312 -0.194064890114698
-0.0202923102814114 0.0137931196490046 0.0127574517380462 0.159597458005696
-0.00297615540616262 0.0140644770235768 -0.137850988046426 -0.0281932347494915
0.00233488026559581 -0.0138705570698633 -0.0910562416348096 -0.391288734149419
0.0235533249559151 -0.0380739232005179 0.392382607542612 -0.375312469480047
0.0398903701438685 0.0267079582798133 0.695388496406593 0.27679011112446
-0.026275751728288 0.0442581932552364 0.106171698327652 0.871656692126784
-0.0331287334781097 0.0191038393480731 -0.427170844820363 0.483645271373419
-0.0330285837339045 0.0139485174400483 -0.00910033007006695 0.0926804651199581
-0.0205397927441406 0.0353308907549754 0.395290275378275 -0.419900315038651
0.00909597726428687 0.0226801527916517 -0.142992214927728 -0.839211972844942
0.0221284692804677 -0.0191897898436003 -0.787769818998404 -0.242275464639892
-0.00655022068329987 -0.0507877184955439 -0.428215129267194 0.492633634692258
-0.0175425683432717 -0.00531762193758474 0.1385994375955 0.412314514401344
0.00554197245250125 0.0234957039771471 0.205718788737873 0.0448107760673161
0.00502269956284777 0.0146841194716826 0.0302108180869849 -0.191909313700883
-0.0140988088938631 0.0140592220408122 0.00794756880645201 0.161317292227834
0.00163705311349028 0.0172135316500494 -0.138888519861072 -0.0201061985690019
0.00609500632330254 -0.0038200136842757 -0.097876366908658 -0.389676839900843
0.0208022542712868 -0.030205498648046 0.38112719073444 -0.390762802518653
0.0365218903751067 0.0226252314448241 0.699050220172146 0.252584139726761
-0.0240232070870126 0.0347021118266542 0.129827437502079 0.865425607513518
-0.0241228865861323 0.0141540564824528 -0.41871622742305 0.493618449659476
-0.0251312011990416 0.0108894519102124 -0.0140551411840123 0.0989230862462782
-0.0143259620836475 0.0281167637061629 0.399334372253708 -0.407394549361836
0.010526292889816 0.0131216087421812 -0.123311956032238 -0.843243156492435
0.0192905786878849 -0.0208052985288942 -0.784008966820181 -0.270284575007797
-0.00734860034371105 -0.0432244227050211 -0.439807397413737 0.479977964485247
-0.0147160988215009 0.0024446684650564 0.131404696460171 0.412222029232145
0.0110760814856943 0.0271123925559916 0.205243765993633 0.0528804582887605
0.0128771652086525 0.0148066474578324 0.0269498784424093 -0.187894274720227
-0.00700242658589473 0.0128056447642876 0.00257009379837422 0.165293709519985
0.00564518081313905 0.0200634130051342 -0.141089628328349 -0.0119625605741419
0.00804000716887902 0.0040270025514139 -0.105723331880336 -0.387718490330343
0.0194078341928956 -0.022303410801783 0.369753316588931 -0.406474824092254
0.0337609211176266 0.0186728297715689 0.706398666317985 0.224961035141889
-0.0208104589386169 0.0243858362671822 0.156879037854616 0.858085077548177
-0.0152681567889871 0.00644077327076994 -0.406402407813955 0.503023734136089
-0.0158181420777584 0.00538455717135565 -0.015826020403458 0.103329028177242
-0.00700871987129573 0.0198285892155514 0.410011830252572 -0.397618321202717
0.0120282365448108 0.00333399804223765 -0.0935087162830405 -0.851512715885976
0.0158802336835812 -0.0229099224071097 -0.777738592128418 -0.300394433456741
-0.00799672041094819 -0.0351718595939904 -0.455383839548863 0.462161745114789
-0.0136665592694106 0.00944746871854347 0.122452925058418 0.412509677426793
0.0147687270422366 0.0289488159645699 0.202890513193112 0.0604120780296832
0.0197823510124884 0.0146902955446419 0.0219058610915114 -0.18512723669087
-0.00118417036342956 0.0101234283445738 -0.00535531493512188 0.167098890785389
0.0080372608431322 0.018372759643517 -0.146830164075549 -0.0057636718752201
0.00870695511927034 0.00898052807758038 -0.114803767571071 -0.386160107248244
0.0170563781154657 -0.0144173641824622 0.358503797793141 -0.420780663735432
0.0325701675110876 0.0145427419599555 0.712324146961449 0.194486636295364
-0.0190566242134049 0.0157872974692102 0.184066877087622 0.843066591990548
-0.00758899553647565 -0.00293192033604569 -0.391257274717476 0.508461426298764
-0.0072452181675191 -0.00181434259513927 -0.0134171634508097 0.104473052241585
-0.00128795530633882 0.00952639611828624 0.423251383377083 -0.390428119109974
0.0132850505988772 -0.00468218400135107 -0.0659988745506729 -0.860780650629417
0.0147038135098643 -0.024475130411471 -0.769074095190289 -0.330950450396722
-0.00816948840377277 -0.0288272532440784 -0.466054200028254 0.441737416153534
-0.0139405076711614 0.0136628642436041 0.113159647783422 0.413874380890011
0.0168320033506534 0.0290633640741804 0.198991684555655 0.0661602376855976
0.0255425252263798 0.0134197975244672 0.0166329351254547 -0.182834723954888
0.00132383128962929 0.00730260228323639 -0.00995781336026708 0.168163627613347
0.00743000590052272 0.0164996324170135 -0.152172669034585 -0.00156234004285863
0.00633484946598276 0.00973241312370763 -0.123421126231814 -0.384270784810322
0.0186233173379786 -0.0105843997979894 0.350151519380349 -0.433581409281553
0.0341760964210353 0.0149080022533028 0.721219456001513 0.167990492427452
-0.017585147513838 0.00978756691804739 0.210233785703806 0.829421923844699
-0.00367367017572067 -0.0104160315413849 -0.372715566182431 0.510759102266385
-0.000590962506794221 -0.00820607212964906 -0.00644703268511916 0.105628614982787
0.0034421483569679 0.00267548342677537 0.438024200489442 -0.385727561178933
0.0150483712597489 -0.0115179459227664 -0.0383536388428331 -0.870978880743151
0.0147131989589907 -0.0243176822060114 -0.756705085969768 -0.359098588526969
-0.0068742164289323 -0.0240655663436461 -0.474386579493579 0.425862148758154
-0.0176551706476857 0.016149123316504 0.105729105654407 0.414531520951767
0.0157837797310976 0.0275576807347013 0.194166552118872 0.0706658303750268
0.0304856970078173 0.0125471001632069 0.00934755638012615 -0.183840313245148
-0.0308216378175502 0.00945788902248157 0.012020788905553 0.154604989240889
-0.0185320899191333 -0.00358813513462501 -0.150142315612822 -0.0416287721487048
-0.0106161233275451 -0.038880071425273 -0.0900751114011127 -0.3998092940776
0.0310819894277007 -0.0518008211747662 0.414525318588466 -0.367579522933942
0.0523703799495035 0.0374746203149831 0.713865124677049 0.297343875606767
-0.0314614866051773 0.0583850249637712 0.100931432421087 0.870007958307636
-0.0436030644812637 0.0183170658004569 -0.420197042761331 0.462590995515241
-0.0416694561919383 0.00904863970225885 0.0195107229723814 0.0748340724813347
-0.0304317593933794 0.0364010594761186 0.413907825619304 -0.450450821045918
0.00851998769233785 0.0364161997744719 -0.147759181812954 -0.863893628672249
0.0348043464221787 -0.0146952341685675 -0.786724923679458 -0.233747012419371
-0.00337977311291901 -0.0645059882747388 -0.416047990371041 0.508751651207387
-0.0320477275699429 -0.0260834237332796 0.139864328749377 0.414211051495505
-0.00878810623354931 0.00872577784247814 0.195496771351399 0.0355270718693702
-0.00315831893529192 0.00990192123616378 0.0281068001360182 -0.201553193130796
-0.029929978623605 0.0115557755970666 0.0143325510411726 0.155668703117265
-0.0144361685933583 0.00122831845615126 -0.144776312303628 -0.0398597605563142
-0.00527683913201042 -0.0317854424853626 -0.0863762872460835 -0.399163340077783
0.0285326395321483 -0.0491119382296454 0.413329606115553 -0.362210087883383
0.0485196087073301 0.0355028884907254 0.704953379173924 0.303974896704345
-0.0322443158661335 0.0572412753982673 0.0905604617162977 0.879738209244802
-0.0425689743237895 0.0210300380604559 -0.431975814911097 0.468624599757057
-0.0419504884775273 0.0131052170207613 0.00890969923099084 0.0803612776428474
-0.0306319274857225 0.0392647597107483 0.405572337432159 -0.441534640182299
0.00797586238190197 0.0357266675141924 -0.154480398175212 -0.855683225230501
0.031928271476219 -0.0164626709034691 -0.791411262533358 -0.227409329630088
-0.00358291796528664 -0.0628189893218379 -0.41772883027581 0.508633779611873
-0.0273250512356426 -0.0212191062779299 0.143415494771463 0.413437053846845
-0.0057267800748813 0.0137729843764246 0.200826293031938 0.0363860551079825
-0.00269585189788885 0.0117008240221407 0.0319729380989811 -0.199982963164816
-0.026790200682212 0.0133139743043873 0.0131844417626129 0.158151482249274
-0.00923879548363569 0.00809753299463454 -0.141287985794475 -0.0347779546260334
-0.000330372339795658 -0.0233843602908243 -0.0862421248372268 -0.398804152347737
0.0271456230513733 -0.0449425391486332 0.405258798284896 -0.367548020696821
0.0451338109467715 0.0312934861023139 0.70185308756236 0.297614243372683
-0.0296178652385342 0.0519272690623089 0.0911944356915705 0.882597687177232
-0.0389267794673435 0.0217120878894591 -0.436934882155972 0.477252507458231
-0.0388264400282386 0.0152915496338247 -0.00212227176170583 0.0872009909899809
-0.0268270009102498 0.0387702081660663 0.401105404904801 -0.432046204409309
0.00825054865094224 0.0310840456596303 -0.152965263192618 -0.852406513787848
0.0264493738473345 -0.0179514885119764 -0.795030183911706 -0.232628273467898
-0.00446094899974483 -0.0573991326607524 -0.423560890722532 0.506619935775992
-0.0216075759982142 -0.0137619652865903 0.142655538839755 0.414098826999266
0.0008631213916833 0.0190111883200887 0.205276533188603 0.0403117598699956
0.000527988178001261 0.0135104715356497 0.0326705759806314 -0.196779661187023
-0.0205257448812944 0.0144401159143402 0.0121953796994317 0.160713290076529
-0.00303344619506209 0.0128271821297377 -0.139461784523141 -0.0279183096499168
0.00271341239177505 -0.0137529420564119 -0.0911857942893486 -0.395812202492389
0.0239011836589645 -0.0377041842364269 0.398503619153402 -0.378273194055291
0.0406992805986304 0.0271148699777012 0.702390089443326 0.282324443299566
-0.0272077708595732 0.045055292155468 0.105568182409312 0.883279515479686
-0.0325216631875057 0.0192033427630447 -0.433942789936381 0.486316802597804
-0.0334466337153089 0.0133357759192707 -0.00954567060566587 0.0935284276159328
-0.0209679868968249 0.0346838950942269 0.400867654786211 -0.421872643765501
0.00943561939468781 0.0229694725856552 -0.142879854076972 -0.852092298188824
0.0224989020453968 -0.0198384422518393 -0.795265855007914 -0.250307097746909
-0.00648627416076496 -0.0515440873668079 -0.433127728473933 0.498211945689933
-0.0182502501815867 -0.00588285541527971 0.139564262574205 0.416473148938408
0.00645469559048578 0.0235364112272778 0.208515913176499 0.0460597535876159
0.00616887783595584 0.014695604268078 0.0310994924492295 -0.194172118519242
-0.014765811356385 0.0145254094726931 0.00678670214182529 0.163374702323777
0.00174638681721433 0.0177514261847505 -0.140604664849153 -0.0198789703762001
0.00601502449152287 -0.00310728661210943 -0.0971790543868536 -0.39390096996992
0.0210357345716672 -0.028960412723822 0.387228348405464 -0.393445390784095
0.0361539266796179 0.0219684517143387 0.70702116118878 0.260067492043476
-0.0237300059374967 0.0351629765727217 0.128430187776137 0.87682491403942
-0.0244457319916301 0.0137334738920464 -0.427038598350174 0.498785723954636
-0.0257560262034033 0.0104786380108318 -0.0146060968480493 0.0999363812580411
-0.0150753801784169 0.0279814312134802 0.405574035980723 -0.409423710838893
0.0107974874841171 0.0139094224797601 -0.119276194300887 -0.85469513123269
0.0186243611946948 -0.0209345195318418 -0.792059429933587 -0.275480628161263
-0.00668230658020824 -0.0437934108202505 -0.447078244017145 0.484579262044423
-0.0147018996393697 0.00180349819968408 0.132967568225084 0.41727232933113
0.0113658396786128 0.0266705106894106 0.207418122569116 0.0539907339437134
0.0126753778728909 0.0145242828647298 0.0285237104292351 -0.188954239409757
-0.00771368837801724 0.0126765159974413 0.00103616732343913 0.165866953954335
0.006107655458635 0.0201931541069021 -0.14368342439736 -0.0128905646985795
0.00789562347648453 0.00472003148864327 -0.106090996584195 -0.392033692858497
0.0185753094336345 -0.0203244331946767 0.373799858147054 -0.410562063510372
0.0341778424385311 0.019468654479171 0.713477891525257 0.22957305912575
-0.0211036096852016 0.0256776827576652 0.155794282806368 0.868435827431678
-0.0158258029586371 0.00554095191628666 -0.413449492102011 0.508660399252859
-0.016197394436463 0.0048933486273984 -0.0162275869103344 0.103303891681978
-0.00716849256979548 0.0201316754292303 0.416361638302415 -0.399971331018233
0.0119475069057889 0.00426678986830925 -0.0906174023965042 -0.862758335069351
0.0160219686500467 -0.0237171136630179 -0.78564767650405 -0.307205951323473
-0.00744524534460339 -0.0353927897721114 -0.460878266458421 0.465961003864005
-0.0138541675177989 0.0095194161114514 0.123680964437801 0.418405134851656
0.0151410283700294 0.0281522124078024 0.205435198213164 0.0624297323327318
0.0197297709805396 0.0138237785441481 0.0233122972818225 -0.18664282886187
-0.00233652355417446 0.0111953200259385 -0.00591602609941163 0.168229887215942
0.00771287822678591 0.0193320654869457 -0.148080347554117 -0.00680186229751378
0.00857721915036347 0.0095457130241685 -0.115581888645867 -0.390451393438585
0.0168097968148368 -0.0146889200993048 0.364499171791652 -0.425504062557197
0.0327073641611063 0.0160517713256564 0.72149625576597 0.201782121085751
-0.0191022199643146 0.0161589525604701 0.185204118653146 0.856571411310561
-0.00819566703673275 -0.00243511509723972 -0.398547440510594 0.512368179982432
-0.00723947519943603 -0.00218715001764601 -0.0132051028402322 0.106536117798103
-0.00179489631383113 0.010856163910181 0.431001223276498 -0.392105408780322
0.013608566216639 -0.00524297394865853 -0.062597329576921 -0.871821201431015
0.0150577855948002 -0.024098270883495 -0.776620108233316 -0.336805687773751
-0.007951436054098 -0.0292166466149329 -0.474246718104461 0.446426304355539
-0.0145010812302995 0.0141664654466823 0.113876137308909 0.419224791895324
0.0160655317928361 0.0285719245212025 0.201572137725609 0.0689078004418913
0.0261242681660389 0.01384398184522 0.0177964534529384 -0.18525276701688
0.00199685122596359 0.00866095935017416 -0.0114101704433915 0.168692591655157
0.00769918718013368 0.0170073818075577 -0.153414296616064 -0.00287420957698208
0.00630883849161201 0.0108618353905942 -0.123753827694061 -0.390083343325267
0.0180658866143429 -0.0107086782647194 0.356276201715227 -0.436894646247927
0.0344094216453594 0.0144824488463252 0.72752094366774 0.173140211592087
-0.0171602094684256 0.00985913709962846 0.2117743763458 0.842011831523889
-0.00263272495164643 -0.0107176764523832 -0.378784008636188 0.514753729626442
-0.000671173737430772 -0.00854434250409321 -0.00814843978865283 0.105940658991682
0.00355599422468702 0.00397382972687522 0.444204127552453 -0.389274615856555
0.0141529380013544 -0.0113049892656261 -0.0342460032839353 -0.880401526830793
0.0161134739750734 -0.0249921660101857 -0.764980069096884 -0.36664012818264
-0.00763102288037855 -0.024680807769259 -0.483347191126516 0.42922964727627
-0.0172792748762407 0.0165834375048563 0.105280090228963 0.419656903977274
0.016246624772046 0.0269160711284934 0.195992134183158 0.0730370105494751
0.0309751025364768 0.0118924501315629 0.0110676398160005 -0.185073491385537
-0.0325088756433038 0.00996960211807424 0.0116035209581812 0.155559305134511
-0.0191814753806302 -0.00441758202819739 -0.152249013133136 -0.0421928411932517
-0.0108415693911836 -0.0379500476970983 -0.0924546851422388 -0.404222368358895
0.030868305109928 -0.0520291830625832 0.419575065295581 -0.37282127594014
0.0533660362790079 0.0378739702151062 0.723957782470091 0.30118994278816
-0.0319259472000427 0.0601637081795149 0.100095893981694 0.883794573274317
-0.045569077428147 0.0185531826681698 -0.426961324424138 0.468109105341647
-0.0425247397313775 0.00839570075307275 0.0192032112785973 0.0764648117132875
-0.0323957127024307 0.0369263718598707 0.422395204574761 -0.454504095631346
0.00847917057759152 0.0378561611857893 -0.145772212553973 -0.875318884917811
0.0354154451213089 -0.0145967856486904 -0.797051742439905 -0.238394684941495
-0.00279769656080941 -0.0656422051978344 -0.422600611262784 0.513509482070802
-0.0323742041530314 -0.0268702874179973 0.142174516058879 0.420869080288054
-0.00847969881455331 0.0085650192721217 0.198540919514876 0.0367815580872008
-0.00311326677741463 0.00879422341555058 0.0283972393826786 -0.203768737961808
-0.03057374579622 0.0122591228699421 0.0138723176308354 0.157576554407996
-0.0147144729706722 0.00208003707583417 -0.146672044395678 -0.0402584461346024
-0.00469533768739 -0.03268354881483 -0.0881610391047562 -0.40233365988247
0.0288605373826298 -0.0507175805119631 0.419289807891737 -0.367401811020857
0.049500897225294 0.0357996224882639 0.714452098446746 0.30876325572364
-0.0319992719060729 0.0587815668920902 0.0920181906127961 0.89099473253779
-0.0445374456078423 0.0218929970054512 -0.438845173632203 0.471380111501714
-0.042842202223164 0.0135452576579663 0.00744559213310591 0.081907577158929
-0.0311896986240679 0.039141152613502 0.412591375006338 -0.44559849320136
0.00794601920276349 0.0358782205320515 -0.152958627974635 -0.866776188681851
0.0319694791534826 -0.0164990510543919 -0.803366140865747 -0.231447676939869
-0.00430187691948691 -0.063982314026412 -0.424167109584642 0.51732300033963
-0.0275211927254729 -0.0213687069945662 0.144273624778915 0.419077065777493
-0.00514179721033937 0.0141732553055349 0.204853994556652 0.0382087032583625
-0.00312408799967039 0.0109724139890442 0.0326020601869842 -0.201180235341275
-0.0271707424816414 0.0145911892318671 0.0131795194347784 0.159331248912692
-0.00840654086725064 0.00859419825473612 -0.144063608146951 -0.034801059377382
-0.000127539819368075 -0.0230971435213998 -0.0893707901392569 -0.402183999855583
0.026811339499706 -0.0454642643858257 0.412608366586086 -0.372807220399192
0.0447668439707072 0.0321015406076398 0.710303678458244 0.302036464578524
-0.030106994677414 0.0530709147348452 0.0941721299640701 0.896674381652903
-0.0405690600155062 0.0216324776402084 -0.443675544811473 0.482414359312708
-0.0403107277425779 0.015108924281103 -0.00172705411535118 0.0888316764080156
-0.0275834448507605 0.0400240556534181 0.408374529204297 -0.437196502541472
0.00855237305852156 0.0302561177732015 -0.153128146397698 -0.862189389364311
0.0272538359911359 -0.0181387526591676 -0.806610008513178 -0.236018135101751
-0.00537138960416401 -0.0593169819247537 -0.427964104645304 0.513886384052892
-0.0225081117858929 -0.0139768796694088 0.144519051413078 0.420479704749343
-9.58900794132238E-05 0.0192327725066122 0.209505222348919 0.0411661678107908
0.00012922000551642 0.0129559242448383 0.0342749039358385 -0.199155997541919
-0.0217616382567442 0.0151945406723796 0.010986947687557 0.161732705037539
-0.00268524195075239 0.0137669100791974 -0.142500647627138 -0.0289898883909213
0.00351422190136293 -0.0130406970127337 -0.0923432161945556 -0.401976788818584
0.0234708340981657 -0.0381867719995921 0.404522233068648 -0.383651302722487
0.0405500551309708 0.027292806143999 0.710623621668111 0.287268536465791
-0.0272976142516354 0.0460841067778196 0.106603526427898 0.895938357496965
-0.0330622966251522 0.0192828535830863 -0.441661246102626 0.492212412691405
-0.0337233818010153 0.0139929883522856 -0.0103482978446592 0.0950477326227493
-0.022485912811474 0.0343680287554195 0.406839034816235 -0.42504177076935
0.00952790690368664 0.0240579937578075 -0.141852451364252 -0.863349133603976
0.0226012354064928 -0.0208273497055528 -0.807848056485185 -0.254182399897478
-0.00623759908849612 -0.0515921111099066 -0.440014648592342 0.506189382060651
-0.0171796843185388 -0.00548438315206556 0.140229514595457 0.419698532233966
0.00589511477517986 0.0231658098036297 0.211244341105448 0.0481265521022364
0.00504461783476028 0.0140633129542551 0.0321509896831689 -0.195134460743987
-0.0152805315190475 0.0145325844812615 0.00598830243772164 0.164046084596654
0.00187976065142938 0.0173498247088478 -0.142710822722631 -0.0212887130776793
0.00625873357387107 -0.00248254719296318 -0.0991427901212162 -0.399046817926922
0.0208164737205318 -0.0298419392168811 0.391395559817651 -0.400211170724228
0.0372598338878614 0.0228566983533724 0.715586162098049 0.262740239200246
-0.0248034241302558 0.0357880563512917 0.129622211393101 0.888538611297695
-0.0243413799216315 0.0134559603350561 -0.432956691965678 0.503499902513898
-0.0252800916399296 0.0108824916191497 -0.0160955163581467 0.101325046789272
-0.0164536529989206 0.0284662912969693 0.411938135094544 -0.41354078474616
0.0101333408163923 0.0144578453991837 -0.120108577168632 -0.866343970619413
0.0192347070686513 -0.0222702647406608 -0.803860163827223 -0.280831631655546
-0.00696132922823476 -0.0435169390888549 -0.454026370306558 0.49083885172078
-0.0155869244116903 0.00188043870458893 0.134257185095974 0.422733744811658
0.0112440235636415 0.0272491675271295 0.211504920508357 0.0563633470628313
0.0109992737558727 0.0138031118233483 0.0290357996096967 -0.190629158023334
-0.0081224469154489 0.0134995153416042 0.000524408018418166 0.167445959469095
0.00617241027247659 0.0200771041668445 -0.145202815171083 -0.0136143696164594
0.00843076308174203 0.00553726640529977 -0.108185245371143 -0.397452946558507
0.0167659048095383 -0.0218722002903531 0.380114581026422 -0.414820416700112
0.0348639649370101 0.0184513892422199 0.723384933083446 0.23314002910269
-0.0214468663910471 0.0255448091757977 0.158624098314113 0.882712253745249
-0.016080901567853 0.00620077856557745 -0.418026737544084 0.514142889251818
-0.0159453910342918 0.00547878061539456 -0.0155573373087954 0.105555557281585
-0.00821049831221364 0.020052206946944 0.422932129129925 -0.404170017455807
0.0117253001006405 0.00453954578029259 -0.0904526837857079 -0.875780762856851
0.0159591858037256 -0.0236414046726522 -0.796102826673413 -0.311074311438251
-0.00820367720321004 -0.0365866456829795 -0.469063536610504 0.473214051251469
-0.0133970264043626 0.00920014938310405 0.124731554396132 0.423948225895406
0.0148284919615292 0.029335852965048 0.20866567091097 0.0638015552335853
0.019971326506046 0.0143489232235161 0.0247068735657704 -0.188998189059302
-0.00246787445476901 0.0120564847883215 -0.00676515033044245 0.169062692818488
0.00729493855901998 0.0194690886161056 -0.150961283427552 -0.0068533749019597
0.00857854972654017 0.00996313974595591 -0.118518776090103 -0.396105397392043
0.017613214687867 -0.0147267456828966 0.367493027983489 -0.4305564709772
0.0339829823100001 0.0160692587601108 0.730878339451303 0.203322144040042
-0.0196509125536213 0.0166317221974602 0.186323550084131 0.867058323506153
-0.00721265109977833 -0.00295048994415822 -0.403366781499655 0.519864293016092
-0.00733916090095448 -0.00197545378461799 -0.0139345874265799 0.107368027558737
-0.00191215144219066 0.0115892963056212 0.438024333924346 -0.395516224697564
0.0129685418257529 -0.00418671617414258 -0.0624285987307174 -0.883786629961266
0.0146147595447234 -0.0247618694523235 -0.786423562684117 -0.344180335357628
-0.00866938787427918 -0.0293855799198285 -0.481060874331142 0.45319609482624
-0.0142881836656392 0.0141810890194534 0.115844933881915 0.426125840945625
0.0173885495697689 0.028724179911427 0.204344020006585 0.0691303243060853
0.0256826192327071 0.0135393155434401 0.0184955332057186 -0.187672529586245
0.00195475566506751 0.00890940024445454 -0.011797915710635 0.170749733030662
0.00807152725371351 0.0173150624680302 -0.157115251653764 -0.00219478631290076
0.00614122906518662 0.0109450585480579 -0.125094704033064 -0.393854269572995
0.01706540945863 -0.0097234773728642 0.360282734842419 -0.443778665079699
0.0341683947613189 0.0138920582357407 0.739169523415522 0.175770769367608
-0.0185712217220786 0.010685162959811 0.213297985457744 0.85388978012326
-0.00299859400940862 -0.0113774573343159 -0.38588084944986 0.521116728050822
-0.000189093576580614 -0.00887004104666575 -0.00867562056979263 0.107205853955289
0.00340778690590195 0.00319263209179952 0.450972066134542 -0.391711126733199
0.0150106824719616 -0.0108563669031465 -0.0320718100706137 -0.89461284105106
0.0149270941967619 -0.0253539319810037 -0.772868658035907 -0.37178301699306
-0.00865128006909532 -0.0249994082102351 -0.490040915450232 0.43616297889804
-0.0179788292248871 0.0165666426083608 0.107612760153741 0.42618033248547
0.0168843461098896 0.0267324750444305 0.199869051988361 0.0743797337459042
0.0304293344980291 0.0116424358273193 0.0120318994601418 -0.187510829838997
-0.0324322520549779 0.0109897211104761 0.0102334041688779 0.157691647277842
-0.0195702317534194 -0.00428704316575505 -0.155598525996028 -0.0425122732206653
-0.00998526914931003 -0.0384504127380268 -0.0940325599283049 -0.410264664635083
0.0308935675153842 -0.052792031538295 0.424391068980441 -0.378625113437566
0.054007648670172 0.0379778480431888 0.733666883509426 0.306555049750336
-0.0325173509546808 0.0605408424774225 0.10461553335467 0.895430262515811
-0.0449487378078424 0.018479127234684 -0.433105760710897 0.475222132814441
-0.0426898940553962 0.00893870392801941 0.0194729993161779 0.076784014871018
-0.0325660300062734 0.0375086944346729 0.428143424921022 -0.460616728810601
0.00810133795482424 0.0382168772799682 -0.150338149757702 -0.888582731172048
0.0356775915323076 -0.0151845835933905 -0.809354509446385 -0.240831018404695
-0.00384647854360408 -0.0668135734250634 -0.428017171265033 0.523580377067115
-0.0320804977889428 -0.0269283937282051 0.146329673618598 0.424547603848706
-0.00762983716416806 0.00758602269701384 0.201877299559316 0.0360711287581842
-0.00352964256390373 0.00846101078965726 0.029811166939028 -0.206287751324452
-0.0312242315886831 0.0132407220706444 0.0132451860746199 0.158366002659444
-0.0139645498749875 0.00237493927206325 -0.14896012688016 -0.0412113463008167
-0.00528074782214922 -0.0323324051978915 -0.0910244708651806 -0.408593892100985
0.0291225542560684 -0.0502046121764347 0.424434086482662 -0.373604717302984
0.0491693075591774 0.0361215354714537 0.72564483248948 0.312703061801881
-0.0323312138500143 0.0594607626495862 0.0935734819282896 0.904759145683107
-0.0437238820125926 0.0214370782988468 -0.444621208130171 0.479145569826139
-0.0432162386738116 0.0129176076000381 0.0079389106236716 0.0828946115712567
-0.0317740803213487 0.0408599097440094 0.419625238019187 -0.453283783823199
0.00820345848107427 0.0366103910896887 -0.156382887546095 -0.879667871500079
0.0318290933821982 -0.0170370716151911 -0.815810373040878 -0.233138493439525
-0.00446756352432807 -0.0646544678545332 -0.428547816249466 0.527127310446369
-0.0281050268469135 -0.0215042397152943 0.147385245770443 0.425505404774702
-0.00383276717660372 0.0133061002005218 0.207503501448285 0.0376037439227405
-0.00334909261136717 0.0113922450290101 0.0335512356775275 -0.204493076675028
-0.0274011911320405 0.0145589670210347 0.0125436625753819 0.160154342630011
-0.00863177897566397 0.00815435816137378 -0.145913419500542 -0.0359541495258387
-0.000532689715379684 -0.0233549247776788 -0.0915107911483158 -0.408666835183079
0.0266964506014407 -0.0453452322632373 0.417490867182081 -0.376255638172056
0.0457766233873217 0.0317294386493672 0.720563203701938 0.306074819197052
-0.0303857997773172 0.0540064290375906 0.0958384773526706 0.908721931978766
-0.0404299161962295 0.0227198995582497 -0.45071798991709 0.48962717075879
-0.039949156248807 0.0153019047139259 -0.00240053303924366 0.0894739951244417
-0.0276757986011979 0.0403345876407031 0.413051821285089 -0.44358472110555
0.00897388589012917 0.0326005437993937 -0.155636845025225 -0.875376382778461
0.0281743548621686 -0.0184540470267955 -0.819405333951354 -0.239197992148365
-0.00542116910766055 -0.0596817961660795 -0.434848309541199 0.522503050055547
-0.0225454806484156 -0.0143430139501667 0.147827997538952 0.425757593411421
0.00120788468082844 0.0184963023810274 0.211739231819913 0.0418904550169022
-0.000263431863146318 0.012446248152385 0.0348183142737521 -0.201447641469157
-0.0226716997247691 0.0163452497504385 0.010218001383181 0.162386768257721
-0.00246314776092447 0.013850584859477 -0.144471054427883 -0.0296548867876098
0.00332214755560948 -0.0127825781854836 -0.0949713986011813 -0.405852653398661
0.0222973502214441 -0.0385503675604581 0.408800440963407 -0.390023277842863
0.0414859787757531 0.0276426582934791 0.723315341057239 0.290233312712805
-0.028042014357417 0.0467629841034627 0.110113005026885 0.909378833627016
-0.032997627099733 0.0193877210119332 -0.446886336126456 0.49925280951641
-0.0339903054211412 0.0142975275225652 -0.0103157444142469 0.0960001938712919
-0.0227136381132868 0.0364975857940701 0.413939877935825 -0.432979884824985
0.00972869544748473 0.024314378527125 -0.145385260756735 -0.875419227826572
0.0224347436322186 -0.0205021976168507 -0.820072690759597 -0.256101497725466
-0.00657988997348379 -0.0526321893834614 -0.445297691145716 0.51405951210615
-0.0181380613767524 -0.00566958880830268 0.143757101922027 0.426059007909283
0.00640694510160986 0.0239879652131995 0.214489631414327 0.0475716574040632
0.00526569093249511 0.0139495574964042 0.0332473468155357 -0.197554005310763
-0.0151089519034248 0.0162749390718574 0.00615369254762281 0.166338129387961
0.0023523443167842 0.0180045965993834 -0.144796555057985 -0.0215724747334341
0.0065166915249904 -0.00220769153289052 -0.100976170183139 -0.403741383848209
0.0200617220288376 -0.0299066233549825 0.397633674311499 -0.405529370930994
0.0379683057120857 0.0229419692031743 0.72755759457666 0.265415952863347
-0.0247802128101517 0.0365183910020141 0.133344906212674 0.902872754742049
-0.0247318040215486 0.0140048579060157 -0.439670241870136 0.512575983458193
-0.0258169936480488 0.0108593011654799 -0.0159780379400534 0.101806533157547
-0.015413905343385 0.0288356889928284 0.418610418126467 -0.418809945375003
0.01043841803704 0.0145669254725941 -0.122171839715382 -0.87908841566046
0.0194267110644357 -0.0221250008179565 -0.81605943158148 -0.283378874139205
-0.00825736580380683 -0.0451122689292693 -0.459548993729152 0.501033218502013
-0.0147796411101743 0.00240894961754965 0.136474508549092 0.428143222944774
0.0115535835476989 0.026879846229881 0.214712213996051 0.056055733534054
0.0121508213894891 0.0139272786968517 0.0306969814413578 -0.193201258741403
-0.00866124567176483 0.0142814839865958 9.18678627189357E-05 0.169200626149264
0.00640206827018495 0.0201111832054553 -0.14700890153433 -0.0131948344503208
0.00870016481084464 0.00542684477682545 -0.110818901496306 -0.40156727114431
0.0172629424635877 -0.0214479231228729 0.384735310935472 -0.421132051615764
0.0352534932095679 0.018494355963601 0.735963013118408 0.235396088203309
-0.0218265894309104 0.0260811978390902 0.161665027146553 0.892888917278848
-0.0152015520675886 0.00547298202479405 -0.426004084995583 0.521041031551527
-0.0155730671868582 0.00579059891703527 -0.0173894734606373 0.106531551022206
-0.00798529608767378 0.0193461366722198 0.429228380727188 -0.408087630951386
0.0111279865913844 0.00414341278229433 -0.0930923724706526 -0.888734348290446
0.0158542819625995 -0.0240675840889069 -0.807482656380539 -0.314996281911249
-0.00893241463501518 -0.0369558748552774 -0.473141411303885 0.479934058627033
-0.0136263204478571 0.00993109601042558 0.127271803330709 0.427653477260946
0.0163346057478871 0.0280234599652663 0.2124035593329 0.0647932192162133
0.0189975044023643 0.0132122787141684 0.0245398229310644 -0.190847391071103
-0.00242533923994517 0.012951069898877 -0.00803629142631556 0.170948281223214
0.00845821780036782 0.0195144937701175 -0.153065124007638 -0.00717379566716214
0.00867777065428204 0.0106174912793761 -0.120150116609065 -0.400063343211643
0.0164448503989444 -0.013972466859125 0.373824132075977 -0.43692346413139
0.0329522525359436 0.016108127629918 0.742903879778628 0.205621760262131
-0.0196658801759115 0.0168966934943865 0.191525914677377 0.879761394568773
-0.00835676393758632 -0.00359746555908381 -0.410637030513881 0.527559299040455
-0.00639976851504897 -0.00203471140396047 -0.0151608398128929 0.109165331275458
-0.00274161353113864 0.0114276172811481 0.443619800278745 -0.401002697062387
0.013099778435222 -0.00452816017607149 -0.0637206399772866 -0.897058694346574
0.0149354052859983 -0.0253708019459809 -0.800172576059766 -0.34670473720443
-0.00886645748453285 -0.0303976110454106 -0.488331855498221 0.462704644946252
-0.0144828292586385 0.0151519996843997 0.116676584730998 0.430779515547358
0.0175382500770629 0.0284260434166455 0.20838112547546 0.0707881877919589
0.0261868395695629 0.0124724863543561 0.0195220039679463 -0.190095015608074
0.000953192790392019 0.00943218662106404 -0.0129132703884635 0.172330397937778
0.00798890649283463 0.0171879085289263 -0.158458672045454 -0.00106259358576594
0.00703478784215585 0.0112702857261278 -0.128815513943799 -0.39887412637767
0.0164345363571234 -0.00979570561895258 0.365078829591604 -0.450875749622635
0.0346431672651159 0.0143233728233685 0.748759962577436 0.178178733429974
-0.0188869170328777 0.0106215477049659 0.21876796210418 0.865266028578364
-0.00359205564046937 -0.0112988994597096 -0.392347540710566 0.529101330036968
0.000645669594449779 -0.0092107956332443 -0.00863597472658047 0.108625766320931
0.0028083778594794 0.00363319614727389 0.458539219149159 -0.396826702013843
0.0145468097264003 -0.0105906310751638 -0.0332478962072982 -0.908081366113996
0.0154974448022336 -0.025657745992576 -0.7883855899873 -0.37826649491473
-0.00885108322859908 -0.0259815377089726 -0.497037518704673 0.443875605197426
-0.0178890293430673 0.0168232672779623 0.108943040009935 0.431415587935365
0.0171568771789899 0.0265294733118561 0.20250530246299 0.0754510175279985
0.031364662688383 0.0109043118305777 0.0129307382309154 -0.190027968506354
-0.0327346091007866 0.0116632624291111 0.0108525643465874 0.158938973488469
-0.018759241897939 -0.00315458583740616 -0.158200607844335 -0.0420321343295565
-0.00990906908799816 -0.0386530934915806 -0.0977568077152973 -0.415445383896384
0.030871667896562 -0.0536094185296717 0.429777863954519 -0.387331027254497
0.0549788372727291 0.0377959879208162 0.747093272380301 0.306549562484175
-0.0329303318605579 0.0615655894783595 0.109482146035143 0.909835866828987
-0.0465199777512385 0.0176120015925558 -0.438275874703113 0.483834373312085
-0.0429688621538829 0.00953093301895763 0.0191233386482073 0.0783968118427464
-0.0337635926733467 0.0384026841919815 0.433359329742326 -0.468799979959192
0.00833304221295013 0.0388302523435383 -0.153034001294501 -0.901869322375307
0.0356997257484327 -0.0150884508172795 -0.823947760489176 -0.241888315685357
-0.00384924074237745 -0.0682819691921684 -0.433115804969569 0.534717074604071
-0.0337613372445645 -0.0267218308512842 0.149823221798549 0.430566342678994
-0.00769783033284865 0.00790421914123722 0.205638457759665 0.0369619403831389
-0.00348604695893857 0.00804976721113952 0.0301706053318758 -0.209073863129169
-0.0313284300375963 0.0143068956036843 0.0133759627227475 0.160796336484949
-0.013331259236312 0.00167183209703377 -0.15300271311068 -0.0410175412134269
-0.0052981711696475 -0.0324020912766084 -0.0936216532105089 -0.415098218419721
0.029372370214105 -0.0508108239675055 0.430501110982308 -0.382591840514051
0.0510974467147039 0.0359781450029174 0.738285129584623 0.312997092827982
-0.0325338876388468 0.0606637334320802 0.100441558546479 0.918103786630217
-0.0455408005131182 0.0216309523398199 -0.450156565350793 0.487591524090449
-0.0436636476639916 0.0132379827534597 0.00745587241299364 0.0840376987975822
-0.0319502929263508 0.0406508399066562 0.423888848076573 -0.459439554696153
0.00852539559636074 0.0376478194707508 -0.162559211604583 -0.894347439573883
0.0324122432229506 -0.0171927044874838 -0.829229657693253 -0.234989558669567
-0.0052187900004987 -0.0672600803770865 -0.434815154259028 0.536969811014139
-0.0281761818534856 -0.0220816812378421 0.152461398835071 0.431075132579491
-0.00386902333575846 0.0127602814814913 0.211272034338962 0.0384090608661655
-0.00410875466644142 0.0109996793741673 0.0334474264163448 -0.206767200334983
-0.0276009196324716 0.0157972244266513 0.0119946196619305 0.162506777137565
-0.00858698247171438 0.00876109891035658 -0.148770967490529 -0.0360330364856306
-0.000246349033479462 -0.0230987624563519 -0.0944847486685894 -0.412229817235523
0.0263692170758366 -0.0462676620495771 0.42207563065756 -0.385544138933359
0.0460410150093615 0.0327087910557999 0.733917073136739 0.307416713923301
-0.030759857806077 0.0557916875556767 0.101696303387384 0.923664155702522
-0.0411893310535324 0.022108055132607 -0.45508396084626 0.498939435636769
-0.0400065625699944 0.0149315528831924 -0.00292281173213164 0.0908698357423935
-0.0287966516679981 0.0406080420349022 0.419825043800023 -0.4506231189817
0.00885448776155782 0.0327515911196276 -0.161121369411966 -0.888417379055083
0.0282045329930762 -0.0191772981876368 -0.833361460472106 -0.239661108443954
-0.00629196366000964 -0.0619109893189455 -0.440387440675692 0.533747502284149
-0.0223355067600275 -0.0149033988337344 0.152888152789982 0.430044287523041
0.0011555541046022 0.0189457536334291 0.215622363854866 0.0420163411742987
-0.000460167194322091 0.0125382787306921 0.0350572429662846 -0.204221330814767
-0.0230407658123243 0.0167345010922712 0.00999196590689645 0.165492626376367
-0.00269946785947543 0.0144075803307398 -0.146125088566607 -0.0292946888606535
0.00355436543742985 -0.0127555317523828 -0.0978618516493735 -0.410611950355941
0.0219128839641776 -0.0387598272486037 0.414435697087693 -0.397576716350751
0.0415714082978068 0.0273241139760474 0.736197597399324 0.291783388090811
-0.0280795530192604 0.0485470312970205 0.115641387178265 0.921880115658999
-0.0339370607969861 0.019833246743093 -0.45284994921165 0.509174916945119
-0.0341678082822749 0.0146629749629023 -0.0108897277623838 0.0977173301311765
-0.0236043343196336 0.0357829670219244 0.418457788793255 -0.437467617241529
0.00874358892165285 0.0256094682685805 -0.150697194976864 -0.888620754818815
0.0241657187106989 -0.021005137594359 -0.833805153912748 -0.256503203921838
-0.00636167431738188 -0.054306488545667 -0.451983912282428 0.524983812760448
-0.0186275277568441 -0.00582425839322119 0.14856863947455 0.431826279163769
0.00740486654261831 0.0232705190018052 0.218395603748893 0.0487914940580586
0.00418111992112055 0.0140656931729367 0.0338081692001584 -0.20038632286751
-0.015638295078947 0.0167540461614446 0.00509987089161006 0.167442660556681
0.00268235088543205 0.0176989498209735 -0.147936899586883 -0.0207042357760027
0.00673018736427642 -0.0023423921259576 -0.105878595434396 -0.408729190039114
0.0201502352539814 -0.0300239469888842 0.401201148730662 -0.413134372356503
0.0384982617461376 0.0224471439891071 0.741585568989151 0.265117090622493
-0.0250187579627297 0.0373780523052811 0.139309034513042 0.915047876745633
-0.0247974671251694 0.014249312651105 -0.444719911614011 0.521493406629402
-0.0260169938896509 0.0110444857541332 -0.0160230484719231 0.10436109575892
-0.0170936942718327 0.029917204395173 0.425446452417465 -0.427070976736111
0.00986696604412832 0.0153195889815743 -0.126588025742514 -0.891873231903092
0.019791586912631 -0.0223224400346019 -0.828263474551086 -0.284643603913231
-0.0085226300867384 -0.0459711639706474 -0.463872634660066 0.510688132932532
-0.0147178491723671 0.00247551632375096 0.139371193974021 0.43504290810757
0.0122229025137918 0.0268115674879779 0.218085712306718 0.0563878352256885
0.0119633699417823 0.0134113616772968 0.0299540714546405 -0.196152364797814
-0.0086375255585354 0.0151659779596639 -0.001409016208738 0.170159275320711
0.00662879017044881 0.0203500929000409 -0.150561537768321 -0.0117597698763796
0.00847586162426654 0.00676874186186466 -0.113960029919202 -0.405185909576366
0.017712932195032 -0.0210772645585828 0.388897382484984 -0.430183239609073
0.0356608967364866 0.0185712231877181 0.74710221965454 0.236082509828072
-0.0214854335639945 0.0267976610744836 0.168248816091107 0.905785057000471
-0.0160664326849575 0.00594594700087714 -0.430892647282045 0.531714008992285
-0.0159366411084571 0.00539561346630319 -0.0178147959788 0.108891459031832
-0.0101409513886621 0.0198927535095441 0.435713831743169 -0.415210834966068
0.0120285367714132 0.00437684815162676 -0.0960813001171667 -0.900526878035576
0.0160555292465187 -0.024836184183624 -0.824236947913887 -0.318124355022167
-0.00927787866764231 -0.0378638529308997 -0.47910637562424 0.491805415178037
-0.0137070156578864 0.0104834875268344 0.130780155312355 0.433806670779867
0.0165448188259248 0.0285274182925694 0.216869920745416 0.0653913196546324
0.0198179237904915 0.0132816834919607 0.0244903785798463 -0.193754267906032
-0.00332211832334656 0.0127897521954502 -0.00810852981369724 0.172814414010361
0.00888451607088938 0.0207106273856724 -0.155968661089896 -0.00634015873348306
0.00936832425620136 0.0109295682676592 -0.123872719534534 -0.405237494847909
0.0172575165553663 -0.0132253426375748 0.376699148010147 -0.446080992406466
0.0340057441183704 0.0159597046392165 0.753286787881994 0.206861852146041
-0.0199904832247842 0.0180677371728494 0.198514645819977 0.89418394957056
-0.00824399738646861 -0.00355115388392247 -0.414313240243639 0.536083667693755
-0.00695757014140852 -0.00217226595630484 -0.0146701755721011 0.11043970533821
-0.00250011815343179 0.0115337657388007 0.450378262544401 -0.408055248270118
0.0127388447394867 -0.00417355473379148 -0.0665174293254989 -0.911038146101967
0.0146899602083398 -0.0254326488422634 -0.815117620614575 -0.349105448258628
-0.00923649903057514 -0.0303556019228463 -0.493028114911759 0.47113115843548
-0.0143537397954188 0.0149335022806759 0.121108469286851 0.4368509532381
0.0184318052494166 0.0286176455379894 0.211374322538482 0.0711142936200555
0.0258416341623514 0.0118848645336621 0.0197594585215017 -0.191444125263728
0.0012195754578958 0.0101709289759679 -0.014086232231868 0.174403134132021
0.00909353661470729 0.0180073558396963 -0.161330501092007 -0.00168930754040584
0.00684149739410963 0.012320917866475 -0.133058405538842 -0.40297518541173
0.0169033821007359 -0.00994803199134116 0.366705206470465 -0.460668693476397
0.0353425475497585 0.0148861250253065 0.761393070204954 0.178265637331922
-0.0186305125738352 0.0115895889035699 0.224879736433168 0.878877851747165
-0.00325678310792405 -0.0114998224199399 -0.396076746331376 0.53868041876597
0.00034927705118685 -0.0088514026920469 -0.00844998277840373 0.110434340365777
0.00250259669933151 0.00352586102412375 0.464816843958496 -0.402617893594164
0.0148138596953021 -0.0115860993136673 -0.0374209833298892 -0.920285541725474
0.0154567152027929 -0.0261161522872647 -0.799155949417272 -0.380158233797568
-0.00904481521828232 -0.0259153534987784 -0.503161754059424 0.454213610495119
-0.0175613282184955 0.016954161018758 0.111010991421148 0.4377375329169
0.017521225429179 0.0261907864877242 0.206036591288044 0.0758977780762385
0.0315125495672496 0.010607868061046 0.0127411899292239 -0.192095035810569
-0.0340343371510938 0.0126580607398293 0.0114491545919458 0.160745464450095
-0.0191183504879749 -0.00386542959785699 -0.161520524396694 -0.0424825781455833
-0.010632599740894 -0.0388607907853255 -0.102802228591186 -0.419897352830589
0.0310721271971608 -0.0540520551207052 0.433130121745252 -0.395966289433944
0.0558368787224699 0.0382557916087549 0.762089765826072 0.308133949165966
-0.0328977076115815 0.0632005794932672 0.11868325583894 0.923790530573071
-0.0465883599101767 0.0189512588067116 -0.442190063714179 0.494115762107261
-0.0428822540359066 0.0102572717918872 0.0196086418458034 0.0793204388303259
-0.0352744154664949 0.0379748666843865 0.437300352353708 -0.477347143559354
0.00856011020903431 0.0395837823081017 -0.161707557877055 -0.914518282888502
0.0367407831557945 -0.0160482022053328 -0.838618690876398 -0.240484794221403
-0.00510268515120902 -0.0688762358736217 -0.434573579515386 0.547974144832392
-0.0338830866985709 -0.0272196936910194 0.154761597121335 0.434736563618831
-0.00734681748843801 0.00744075676570897 0.20938815880075 0.0355539069962348
-0.00407589908360998 0.00768298285890642 0.029261784505922 -0.211585464896524
-0.0323873024218223 0.0146081980252194 0.0129929962059999 0.161800165824763
-0.0140622906345533 0.0013698731769629 -0.154967010452583 -0.0407764896877349
-0.00528363393074 -0.0329766330550267 -0.0992413084496471 -0.418805434031441
0.028463618190961 -0.0516012005424797 0.432517564124054 -0.390647796887748
0.0519485790464154 0.0360951460423929 0.753678205368486 0.311512141084248
-0.0320790590139309 0.0616174795720229 0.108531797629332 0.932987395360272
-0.0458825720544898 0.0221624142203318 -0.455127426863738 0.498453746992378
-0.0431694685517969 0.0138242014402834 0.00830134124379645 0.08532411181012
-0.0329084339994023 0.0417563103653684 0.427773780585433 -0.468467547592834
0.00862847962385124 0.0380303445924819 -0.170965328880736 -0.906451595837469
0.0331192335417937 -0.0174685313661828 -0.84434553301575 -0.23225398389451
-0.00612608090220796 -0.0671372284347972 -0.437422264117557 0.548955711386148
-0.0285412011492643 -0.0219971311480159 0.158010113009843 0.435786428257162
-0.00399788489639497 0.0134471805121218 0.215039929510951 0.0370268495681668
-0.00374827744221737 0.0105458284227277 0.0332350839888479 -0.210414219573028
-0.0288127857686469 0.0173232891016323 0.0130467230307322 0.164304808283733
-0.00822913216329982 0.00816640619658521 -0.151405599675537 -0.0358636839293053
-0.000310531571847999 -0.0232150546122661 -0.0993003467453867 -0.417869729485486
0.0255919916516623 -0.0472295971031342 0.425604013241222 -0.394612337770723
0.0473924907944973 0.0325681777322054 0.746909928757506 0.307954140525117
-0.0308960789959697 0.0568951531601714 0.110531978135528 0.935745196888281
-0.041370140972738 0.0232143344388179 -0.458735061293579 0.508883775781181
-0.0402471114387718 0.0158153992073738 -0.00253314002584882 0.0916125433164445
-0.0294785931255189 0.0420023999485685 0.424568215085625 -0.457554409990457
0.00840351521503959 0.0329112382314106 -0.16917715017164 -0.900800518372105
0.0283752288962275 -0.0193653765960638 -0.848698401479853 -0.236901182338363
-0.00707674688768993 -0.0618754027407138 -0.441155298747656 0.545991142198203
-0.0228866115907802 -0.0143031847469352 0.157455088780478 0.435144839811597
0.00192963246041708 0.0173019262574945 0.219248853428702 0.0414091239340093
-0.000688455405478688 0.0122428622755667 0.0342271484838144 -0.20760497314263
-0.02273109445558 0.0176857469121741 0.00986786083390899 0.167581644755973
-0.00211978106473637 0.0141034520888576 -0.149606271863159 -0.028220534755785
0.0040766324412508 -0.0122193145848282 -0.103330346026695 -0.415601971723257
0.0229470825366965 -0.0385313112899726 0.417120306752766 -0.406209146646558
0.0418258940608211 0.0272771458007852 0.748638191543696 0.290807486708329
-0.0278382831459041 0.0487489734535092 0.125683769104737 0.934794769849333
-0.0341526008984844 0.019857260711644 -0.456413971801967 0.519759409139147
-0.0345531062726978 0.014748894188519 -0.0103972586560964 0.0989844371281902
-0.0245473991361863 0.0372673473438673 0.422674374212765 -0.44607299201623
0.00844622227373652 0.0256149153433503 -0.156967839054235 -0.902035718132348
0.0237190520463339 -0.0207821822181439 -0.848286068134504 -0.254701454948469
-0.00792842004117409 -0.0545499650976301 -0.453821273920554 0.536245135220536
-0.0180707568339677 -0.00541103778857797 0.15392585085542 0.437469628231502
0.00795975556182348 0.0223261706126783 0.222096943664761 0.0480298504669519
0.00463554496486587 0.0130260459114681 0.032522307286381 -0.203671141237354
-0.0156530857600811 0.0170094211642437 0.00563936797118496 0.169124520764765
0.0027066153423687 0.0183585728353298 -0.150206913478859 -0.0204064826862036
0.00679625811406357 -0.00232629431710276 -0.110021787152168 -0.413612503435658
0.0200492654214317 -0.0297400244195854 0.403805512159524 -0.424152698262184
0.0383287157735422 0.0227575094637933 0.754549816237546 0.264375610354275
-0.024165336538121 0.038762847815171 0.149611007966237 0.927910844599718
-0.0254704498276775 0.0147041320001047 -0.44774045768078 0.533535958376664
-0.0254859873756668 0.0112681475806747 -0.0155841605466154 0.10612614276153
-0.0171970811502568 0.0303338627648428 0.428245532275443 -0.435330559585148
0.00981513928568175 0.0158977015747667 -0.134123179206148 -0.904486815622456
0.019356267293973 -0.0232517131919393 -0.846778649782722 -0.282164803292373
-0.00937179045211612 -0.0456519718329654 -0.467873078184572 0.522476414858404
-0.01492137423795 0.00259203478973446 0.146285924344406 0.439650031469405
0.0133146691447195 0.0258637523922339 0.223123668434909 0.0559749936671658
0.0113702745594389 0.0128852052740053 0.0301792460834491 -0.19905285117108
-0.00903292343122979 0.0163716677620537 -0.000292612234729486 0.172545087190895
0.00731030149709048 0.0207442599205168 -0.153936918001947 -0.0113910821580186
0.009419274008098 0.00699633983560437 -0.119908627705299 -0.411222911877301
0.0172918722121959 -0.0214856825669888 0.390081669375392 -0.440168657640075
0.0356718342162951 0.0184380809592647 0.761803170699215 0.233214150012287
-0.0216193287432147 0.0274387738655204 0.177786399248387 0.919510566986385
-0.015657622858713 0.00564292252660515 -0.434351883235191 0.541582522308461
-0.0160689060759155 0.0047209795859374 -0.0175464626148451 0.110280087812512
-0.00907888394549397 0.0206408021194469 0.439242994429333 -0.42407723271097
0.0110995174966991 0.00513373681851783 -0.105142131272418 -0.913168274755199
0.0164696582797707 -0.0252501938264573 -0.838273719005351 -0.317211459919199
-0.00940189463699085 -0.0379128178557613 -0.484419504929223 0.503890393567518
-0.0142764652035523 0.0104687626771328 0.135345788812791 0.440666676529977
0.0168257481640355 0.0284299676165317 0.221138599827627 0.0634179641035333
0.0196255661756568 0.0128715403449815 0.0244744554822007 -0.196205104847522
-0.00283826321858526 0.013873648524364 -0.0075188871894831 0.174285139110321
0.00907201880941521 0.0200847285756397 -0.1591608562147 -0.00526974240807201
0.00955712009297043 0.0110698301697473 -0.128956269920148 -0.409929734276448
0.0162973610494886 -0.0149536434911987 0.379314695120493 -0.455675630128751
0.0345719950735887 0.0156397391096001 0.767006025308226 0.203092345479538
-0.020225459463783 0.0189380804468855 0.208143939381638 0.905919552025962
-0.008261590236705 -0.00311526143249692 -0.416675674282052 0.547101787149569
-0.00722689176692443 -0.00275512873605244 -0.01483024352275 0.113159431603754
-0.00280432219681112 0.0116878305968229 0.454084835631174 -0.416044246917892
0.012857852086639 -0.0046593619433728 -0.0738812014198767 -0.924795695678341
0.0148044457699536 -0.0258263217756378 -0.830370413721683 -0.350415227809397
-0.00998308648698979 -0.0304911347812309 -0.498047564477547 0.482686815243966
-0.0148862239526179 0.0157083088780498 0.127058399869296 0.44255335873267
0.0195962041100943 0.0281205468955831 0.216325247073865 0.071027514316819
0.0264264078604491 0.011772800719086 0.0190869796819112 -0.194845366887857
0.000652865846972273 0.0116136498701238 -0.0132746485208277 0.176357732299493
0.00927324374655568 0.0170497381618315 -0.164798043031461 0.000451984593524212
0.00700599790037307 0.0126523292960581 -0.138731806696066 -0.40769651997665
0.0161568838133739 -0.00990827102884362 0.370329662311139 -0.469591506326261
0.03587999022052 0.0142596149153811 0.776015450502162 0.173845260306884
-0.0192224637512787 0.011955974182685 0.237035915161294 0.891241525848477
-0.00270438353883784 -0.0115129354360986 -0.399108457879352 0.549438106901406
3.25728274664615E-05 -0.00923385560464103 -0.00839455244333684 0.113004574866482
0.00209682624398938 0.00335492539877896 0.469332907771037 -0.410309435412407
0.014129700229902 -0.0107192668805516 -0.0429941302282438 -0.934073284244496
0.016145580701473 -0.0265255983402741 -0.816068593091434 -0.382510663842636
-0.0099630946325928 -0.0266146310617535 -0.506472816306943 0.465558685986453
-0.0174003281803605 0.0176969947008669 0.116856345603932 0.44351119092646
0.0183948356732654 0.0258458577285072 0.210245055696486 0.0764240905680482
0.0313574203837417 0.00939106357520439 0.0120569870440407 -0.194766598068929
-0.0345142644892224 0.0138542661229676 0.0112278189671702 0.16259883704278
-0.0186681500916076 -0.00396684641377293 -0.163942303381255 -0.0412882096341779
-0.0105774652305978 -0.0390898601101263 -0.108946529342765 -0.425135196467568
0.0298933913531648 -0.0548578496372833 0.435686503526215 -0.406454341486631
0.0573271155104882 0.0380885057927153 0.775858487778075 0.303091589027788
-0.0326013794588565 0.0646866265991062 0.131171384374128 0.936405260130739
-0.0471194957131908 0.0201109903271869 -0.4429128804513 0.504116965571993
-0.0436614214945415 0.0100658790754574 0.0213577146611498 0.0800536916510307
-0.0347309332242025 0.04079112257052 0.441911125525481 -0.488502377159454
0.00827137877822955 0.0397974216777417 -0.174508287298249 -0.927031633835492
0.0362345358516743 -0.0166479013351668 -0.852453042579123 -0.234093199807494
-0.00602162613608313 -0.0703111243727126 -0.434553892639062 0.561259172088835
-0.033753584134881 -0.0275149750271063 0.162765854055045 0.438992082736328
-0.00681756594241712 0.00698847324126786 0.212773003616982 0.0336904094510952
-0.00459955774737521 0.00779148555192683 0.028514064003644 -0.214889327549923
-0.0326634652823986 0.0169894969511245 0.014532728434784 0.163899488905955
-0.0141302767810908 0.00181810225003954 -0.15794033915873 -0.0393721344396181
-0.00537804710723677 -0.0323257492185987 -0.105380037747877 -0.423480374290832
0.028847593020031 -0.0530553802213429 0.434824148843323 -0.401102906424222
0.0524192189183889 0.0363446597894963 0.767966201856484 0.310234993568279
-0.0321504556780208 0.0627935623281263 0.121624489449471 0.944073569269005
-0.0453143826430497 0.0229336898462863 -0.456775353299816 0.510802727758205
-0.0436938640528205 0.0145786883907349 0.00849949354215326 0.0871041459301357
-0.0332463165114578 0.0428687443837958 0.430843229951171 -0.479704851680404
0.00877788165945868 0.0390039467469981 -0.18068080041177 -0.919085012660615
0.0334880926521717 -0.017057416029413 -0.857175508969599 -0.226392426589934
-0.00688402971860166 -0.0682961869348681 -0.436377013835849 0.565357811263999
-0.0294340779568548 -0.022332680706255 0.16476617931935 0.439962510654125
-0.00332775499014782 0.0120713368604924 0.219205363829349 0.0354480327011106
-0.00411116912179865 0.010142363918937 0.0324995098062039 -0.21338118144602
-0.0293165600202753 0.018549958674243 0.0142216734307455 0.165309863547316
-0.00820346771218367 0.00848878496950527 -0.154222366197204 -0.034571807913694
0.000265582925912475 -0.0232721450670529 -0.104854816559669 -0.42176191011834
0.0255474147207936 -0.0480076487677003 0.426468288530721 -0.405096119127991
0.0477858877285677 0.0321174854249533 0.763463410679735 0.302734468287659
-0.0306351703554279 0.0580771962189233 0.122995423107439 0.948296842622022
-0.0414771221449285 0.0239371086064537 -0.461086223165382 0.518898810738603
-0.0412289922465552 0.0157504781099768 -0.00220772116578939 0.0937662511486909
-0.0303996788314171 0.042061720103032 0.424998446191179 -0.468996308168288
0.00942858347365171 0.0339029833801719 -0.180050027196013 -0.914621934885697
0.0286238200097658 -0.0195188814365312 -0.862397909948545 -0.232040035179808
-0.0079678513289738 -0.0625740854127854 -0.442495579290932 0.558159843575291
-0.0230027094667773 -0.0143744779892667 0.164728808378692 0.43992172157748
0.00180359697923162 0.0175853493709883 0.223718169945415 0.0392615274003259
-0.000951718368543301 0.0115516819554383 0.0340641766446315 -0.210204230515199
-0.0231595815588593 0.0194042180086164 0.0122933786150397 0.168639742254312
-0.00186178666670611 0.0142230275309465 -0.152284892971986 -0.0265346293104118
0.00408645905358126 -0.0122042990304734 -0.109644806220581 -0.420230319354043
0.022396005599699 -0.0400027908164421 0.417517745153545 -0.41673853998665
0.0433396117838544 0.0277138522750388 0.764024110676768 0.286691285839656
-0.0280836407241704 0.0497753316052977 0.136970236794438 0.949349689233627
-0.0344408434083527 0.019850397479478 -0.458833519045072 0.53168477128491
-0.0339972394290373 0.015748521892012 -0.0106032057825403 0.101202319422991
-0.0247069604148641 0.037776197692547 0.425379250138936 -0.456076253295462
0.00956852356176845 0.0258594771232709 -0.169516282934171 -0.91309944246493
0.0235776340294087 -0.0224917327494037 -0.865317849867806 -0.249330854270735
-0.0087194926772413 -0.0558439118331694 -0.454954321321874 0.550545375790406
-0.0187800267648794 -0.00577174899950273 0.160937531264414 0.442768540131477
0.00880295676233635 0.0219091215560191 0.225629146890756 0.0457169921330039
0.00488868492999105 0.0125497469582109 0.0321860783094992 -0.206527768955208
-0.0166279606451539 0.0189761790990003 0.00668022998350592 0.170830702767275
0.003995667157306 0.0185754945230294 -0.153254199643697 -0.0185972235052924
0.00814127420174926 -0.00116646921149344 -0.117138179868136 -0.418133165743303
0.0189449224961074 -0.0308200693753643 0.405334093887534 -0.433932463820993
0.0396700554373142 0.0225645192197623 0.768538225569968 0.261314186799918
-0.0245096783564263 0.0394952734104655 0.160379403358133 0.940268986954051
-0.0255382633833741 0.0145974817005439 -0.45059700360179 0.544358399010431
-0.0259092515689102 0.0115695612943609 -0.0156421346923721 0.107470001028643
-0.0177802497842762 0.0308015962449206 0.431648490157995 -0.444105378285271
0.0104388483043024 0.0156267138419179 -0.145228824747685 -0.917341747695036
0.0193307346303419 -0.0241555617289672 -0.86233629002105 -0.276868230536031
-0.00938203256813179 -0.0468253543287641 -0.468334682802254 0.535749333681772
-0.0153559315402597 0.00274701066539781 0.153706531400255 0.444030605952721
0.0135998450190349 0.0260094954307138 0.227463020204161 0.0548832961256753
0.0119743792183621 0.0124275949517571 0.0286921849258547 -0.201679596637159
-0.00932315505361254 0.0168659532556626 -0.000317986253231032 0.174906869719275
0.00783496384415005 0.0205995427154218 -0.156207488491336 -0.00956332250394056
0.00971877451633276 0.00649071247199489 -0.126217138109368 -0.414917841350836
0.0171608293049519 -0.0217113204307658 0.392417996736412 -0.451551555571819
0.0366083132794501 0.0179538989256552 0.774225078617808 0.230442091490011
-0.0221710397273962 0.0282544086018359 0.192094420516594 0.930396169357497
-0.0157463861353714 0.00554153867908337 -0.43743229594647 0.553822215376759
-0.0155169151575386 0.00511060379488094 -0.017114999108735 0.112065621232322
-0.0100948690159692 0.0218861255941438 0.442402223514773 -0.433580887958683
0.011693675284065 0.00562416714606538 -0.114738530066394 -0.928513042710408
0.0163655488684666 -0.0254250837247634 -0.855855858201746 -0.312139089470327
-0.0106367489365903 -0.0388865382743272 -0.486055081167992 0.516585720867827
-0.0136649095272054 0.0109791735164135 0.143666197768953 0.446361719046783
0.0176557343244358 0.0276409191886566 0.224531629126164 0.0628816116561374
0.019390481271774 0.0120602165590129 0.0236104543181307 -0.199118154421085
-0.0034311361534592 0.0152229749502263 -0.00684291789965956 0.176969138554813
0.0108604543977008 0.0203224897606356 -0.16224297871461 -0.00387465714260257
0.00993831903973897 0.0119115524064634 -0.135902903768784 -0.413179316371545
0.0175349332991301 -0.0146444833314507 0.379542668284604 -0.466730650977986
0.0353463879892279 0.0158313995793468 0.781046547916103 0.197700243930003
-0.0202571833037443 0.0183353441309405 0.222096625433805 0.917016215903551
-0.00846252975299203 -0.00407289351209892 -0.419129230410273 0.558485549445556
-0.0066003185409431 -0.00229372125539256 -0.0137514651207183 0.114089925954267
-0.00263401821545438 0.0114114237086588 0.457131310282348 -0.425514220391513
0.0127717801610061 -0.00390922048719093 -0.0821581973162157 -0.938480210302066
0.0142896918045744 -0.0269773614311837 -0.844748543389462 -0.34638913154903
-0.0108858965753329 -0.0314851391424624 -0.498650007070248 0.49622774662715
-0.0146865513956423 0.0164226296702775 0.132164090138154 0.447341257389351
0.0201246068901803 0.0282498275826103 0.220711007115753 0.0698210237884009
0.0269947850149618 0.0102094297638608 0.0173887615534191 -0.197904135736754
0.00132108817261343 0.0124357117732932 -0.0129205980330061 0.178972128996937
0.00984997934827859 0.0175992295795055 -0.167499889120944 0.00166719327846274
0.00859505315761641 0.0136845157712673 -0.145517499937369 -0.410982370926205
0.0162727846764624 -0.0093519677777117 0.369732659464968 -0.481351665055835
0.036428147138373 0.0144782299128818 0.789031158302473 0.168907692237396
-0.0190179425384311 0.0125078830888433 0.249251098545473 0.903334653181879
-0.00347915206225482 -0.0122869086136684 -0.400418588236938 0.560860525975536
0.000398420900776195 -0.00970293391934624 -0.00844175746967825 0.113921885203429
0.00135562210942436 0.0039056524074995 0.474017122418349 -0.420878596056064
0.0144770636180966 -0.0109169325123017 -0.0524122257539663 -0.947861738305669
0.0160989901405821 -0.0269311211050157 -0.833922903568884 -0.379330434038786
-0.0101476689608131 -0.0263043549406779 -0.510390831079521 0.477956888901957
-0.0172523928699148 0.0175351394564285 0.122446997931889 0.448268072232499
0.0187780482096856 0.0251619364663579 0.21417332212972 0.0754505557130681
0.0322158226239555 0.00787291634622333 0.0103321354282423 -0.197315937300387
-0.0345448598379043 0.00838779026303734 -0.0247105471300761 0.160748070686224
-0.0186992942579972 -0.00567282559616408 -0.15611231504051 -0.0742717427669222
-0.00766113625183751 -0.0418278208193314 -0.0238968526421509 -0.443380063802961
0.0350480950339344 -0.0570566961376418 0.521699033755269 -0.319264859979426
0.0576961232229744 0.036057870012168 0.71665062234765 0.457941271933306
-0.0363184475527835 0.0622475451587155 -0.0569881562230542 0.962590881926829
-0.0508013122553026 0.0120642904506191 -0.551786196089171 0.414974419326594
-0.0453583814147623 -0.00045294530324442 0.00346742310724301 0.0848403904867322
-0.0436410771883716 0.031557866119382 0.539881703423999 -0.401888034057641
-0.00186325047547845 0.0371181484326105 0.00848691740740972 -0.961928329643758
0.0343659346318974 -0.0112332288954901 -0.804800107962687 -0.400032674982833
-0.000640880202247791 -0.0679743953475086 -0.543811518512613 0.473235067785475
-0.0291507917628267 -0.0303396540493211 0.0752795517351037 0.469628302325686
-0.00647400502858846 0.00621354476222105 0.203955733232057 0.0775421851337542
-0.0065612655484589 0.00326934963381872 0.0767878970308375 -0.206590264301168
-0.0332586283937554 0.0117116795192759 -0.0223628435494211 0.162573558961708
-0.0145445574512865 0.000949872930227223 -0.149807752476919 -0.0706685094840745
-0.00390942605529212 -0.0343756742492662 -0.019852919050727 -0.441223861126056
0.0330301376998812 -0.0547164826522959 0.519401300143558 -0.313875504096283
0.0535838802451385 0.0340941271553768 0.704386308955607 0.461916311001814
-0.0362466094454873 0.0611125979291858 -0.0701545602394403 0.969091673185584
-0.051576045469013 0.0157363768726719 -0.56481236124816 0.419568727121243
-0.0465579761856697 0.00419592770652922 -0.00957575466960292 0.0880643980804994
-0.0428598081420488 0.0351573755743108 0.528454710306928 -0.395738163953326
-0.00163075806968158 0.0357529577522481 -3.11095447236149E-05 -0.954918428029387
0.0310591583575421 -0.0136397607715936 -0.80959740980144 -0.393328141750023
-0.00174781325317424 -0.0664424315408665 -0.544499934565679 0.474676719349399
-0.0253779950226494 -0.023739877643409 0.0766860513974695 0.470667407224279
-0.00328230575619998 0.0123449642647784 0.208734530961889 0.079827137345358
-0.00726248514259356 0.00621092688831455 0.0804388952931063 -0.204467670578262
-0.0301478594869512 0.0142002079629839 -0.0221928706813086 0.16432899715182
-0.0103472287474589 0.00806439218465691 -0.146789701823462 -0.0652957872907901
-0.00109334991251491 -0.0240213674611162 -0.0200104153402763 -0.439685473768906
0.029828411967435 -0.0502130596007036 0.513093869948038 -0.321492138182858
0.0496151437492707 0.0292016258714382 0.701594932814918 0.456342557336224
-0.0336360605173988 0.0560559718098143 -0.0691428424688866 0.973969193517736
-0.0472347161429509 0.0171727513417239 -0.571603849547648 0.428940942537225
-0.0441474300644982 0.0066374254274203 -0.0212111811307404 0.0935481702995632
-0.0396042540936387 0.035711997391713 0.521346229485766 -0.385588888383864
3.78736007668329E-05 0.031106466021097 -0.00028663895069761 -0.950105252713642
0.0269166329341194 -0.0170975460798511 -0.813472842098029 -0.399299521191814
-0.00423522243729764 -0.0621869510966871 -0.55064669441181 0.469071597145012
-0.0219185812848225 -0.0150194127324041 0.0770153467319984 0.469369816825969
0.001074424586582 0.019117017719256 0.212740259084741 0.0845311906907811
-0.00467852818711801 0.00808902220199896 0.0812352239193554 -0.200851349261862
-0.0246652711098521 0.0156892801803606 -0.0256030800037987 0.166645147736351
-0.00598258315893136 0.0150676859337004 -0.146854448475543 -0.0565935063284874
0.00118982078735315 -0.0124597553081454 -0.0242471374216827 -0.438440423718216
0.0245552964793982 -0.0431159884637914 0.50740082265584 -0.333661992039236
0.0460655700572827 0.0234774118467348 0.707529521938352 0.440227279923169
-0.0286704060078976 0.0485370626845427 -0.0532108269227041 0.975503832259488
-0.0395316994141084 0.016092757970487 -0.570950114815584 0.440941074467854
-0.0368867553391883 0.00763098517527261 -0.031320906055636 0.0990914659840127
-0.0329323083582508 0.0321012944184153 0.518795768945112 -0.374434278658922
0.00284219488255382 0.0225378740424456 0.0124071816789537 -0.947883487593684
0.0226163912021622 -0.0199153204424342 -0.811048051230127 -0.416616711849602
-0.00716332620851703 -0.0543365746292191 -0.559794966301116 0.458191209206892
-0.0186917373497749 -0.00523578790068371 0.0732657503383877 0.471211500737081
0.00616768489846376 0.025558589407096 0.213955076594393 0.0916745925165603
0.00161743771602483 0.0121378470072397 0.0781108002785783 -0.198251940689493
-0.017595493298094 0.0178042688767518 -0.031290238521987 0.168388195375798
-0.00135157187735782 0.0204294074008396 -0.149102389853413 -0.048521627136649
0.00118206141218991 -0.00186240115253745 -0.0308932640579599 -0.436294629377832
0.0190352606324844 -0.0350969334682664 0.496223857231172 -0.351532921568003
0.0427624047545241 0.0168566953498976 0.717024380492094 0.413504079536509
-0.0231220556618209 0.0387818881607857 -0.0285025312357114 0.973002357994279
-0.0285897253633636 0.0116149486978736 -0.564225995528632 0.455068435996569
-0.0280237213468208 0.00559980155621979 -0.0385598043637897 0.103848243855708
-0.0247466262790961 0.0272020229316172 0.522678312595736 -0.360107730947786
0.00555862978203109 0.0129919092757793 0.0367447529319998 -0.946686341781644
0.0186749328507059 -0.0234681753093638 -0.803727392194198 -0.444442441949376
-0.00936734751766773 -0.0467873221256963 -0.572858071700042 0.439116054006026
-0.0177783064684862 0.00468661822145674 0.0649990495109496 0.471195250900791
0.010134125235578 0.0298413313919975 0.212503268026108 0.0990639000022936
0.00933130946603785 0.0128941406614092 0.0741865597670631 -0.194939679846809
-0.0102340120375476 0.0176327252934167 -0.0371224673012531 0.170755695034145
0.00310659008387458 0.0236191494460953 -0.153611899407887 -0.0404971552037575
0.00248460798704314 0.00782536085304876 -0.0401606191761797 -0.434827469246282
0.0150078537560228 -0.0263899850370739 0.484358245691407 -0.372189905557339
0.0398586404506824 0.0127200713356365 0.731102579137889 0.385052977222966
-0.0179477223660294 0.0279975537861392 0.00320698596322677 0.969834048806047
-0.017704895476821 0.00479550298062184 -0.553285038112584 0.467224102569967
-0.0165279655254608 0.00231767901508029 -0.0404317948697422 0.108642099878288
-0.0147679941588367 0.0194055403967869 0.531381360392712 -0.34549237111604
0.0093110095055075 0.00253716221791589 0.0681423340690672 -0.949946968879318
0.0163488713500536 -0.0260159459939693 -0.790038494481496 -0.477582098220804
-0.0128540977086695 -0.0380256492022915 -0.584895649330599 0.417650307828303
-0.0194718046742846 0.0123273909443099 0.0541007499370719 0.471053582875625
0.014078079830652 0.0334190061166519 0.208476557537754 0.107208498797042
0.016614798717224 0.0144186111453917 0.0672594925431176 -0.193769911467358
-0.00402359405996709 0.0173471847565464 -0.0449346106826728 0.171046948692285
0.00512896510757232 0.0236723845360282 -0.159973680475032 -0.0355098370550895
0.00152429092039875 0.0132979055630233 -0.0494785977749411 -0.436164088197143
0.0125202812332345 -0.0191255012177748 0.47708214823972 -0.390432812016463
0.0392518096196638 0.0096666542124298 0.742117210873361 0.353057886226985
-0.0142307014506678 0.0186967640090412 0.0382980516484127 0.961068776930243
-0.0082898762686427 -0.00285209785580834 -0.535383607032558 0.475851912916761
-0.00537530601431011 -0.00297689832449077 -0.0381482704357885 0.111307348595659
-0.00581073316144824 0.0111682485587559 0.546744148848111 -0.334249725723091
0.0126481658890137 -0.00716370279084041 0.102010583506971 -0.95389676192558
0.0157635331971694 -0.0278503960058515 -0.772423826163993 -0.510905349407409
-0.015138807744493 -0.0318302941684992 -0.594668426957275 0.392637465238386
-0.0209633981441102 0.0176362818449043 0.0437042623902903 0.469026893360734
0.0160476090240681 0.0338298657422019 0.201924219629274 0.113753522089143
0.0243971222923297 0.0151494743780491 0.0618445456606038 -0.192653629702801
0.000501950965910545 0.0157740500328309 -0.0505546911726246 0.171690536032691
0.00518564990519871 0.0213662769490151 -0.167122582343357 -0.031034302656178
-0.000974260016893803 0.0138206223483819 -0.0607845032395669 -0.435316541742799
0.0114283911835171 -0.0147342762049854 0.469914904148617 -0.406066662050837
0.0401087042693713 0.0072848948302664 0.755781862249777 0.325748130570406
-0.0110857995222841 0.0115903253638347 0.0672161820153342 0.951488449023297
-0.00160497508671724 -0.0095082175466973 -0.515515097633571 0.481326726715058
0.00295166488209685 -0.00806914761077336 -0.0314197420499709 0.112080770035315
0.000134496432325909 0.00362309008559092 0.55901123322667 -0.325281579464118
0.0161887566553757 -0.0126313306985915 0.135899383672482 -0.957611293992921
0.0169309896524011 -0.0280244738021815 -0.754091909728792 -0.538950577620016
-0.0147827743482298 -0.0272017545417384 -0.601638997173681 0.372335406109311
-0.0249886765517452 0.018776900480329 0.0335532314756706 0.467733475758212
0.0162039118384292 0.0318555249644656 0.1953031718525 0.117501770528723
0.028780994214195 0.0143769092378865 0.0540433939696776 -0.194258791743955
-0.0346487568977572 0.00995634282779308 -0.0230783545645943 0.161168968968731
-0.0187540249057623 -0.00555517776656131 -0.15883574236032 -0.0721829068086323
-0.00848959431360754 -0.0413917487495531 -0.0307970822791318 -0.448227461871526
0.0341325274528563 -0.057978669267966 0.523779224142774 -0.333023546744508
0.0586006405872338 0.0356165553379171 0.731126769597802 0.450823504200159
-0.0359164419861981 0.0633162314251846 -0.0407745794214615 0.977337304415213
-0.0516268366892131 0.0128570862406904 -0.550387117268365 0.430381405850339
-0.0446254056467505 0.000121615895930645 0.00412213388490076 0.0858612757045703
-0.044160297267942 0.0327911906328982 0.54079502450488 -0.413643233514857
-0.000510371974818326 0.037084489068729 -0.00549491552261905 -0.97414462579499
0.0342121263230408 -0.0124049650391816 -0.820156370411842 -0.39075402050061
-0.00178339230989509 -0.0686012014140629 -0.542054828833014 0.487683408467887
-0.0300791350734149 -0.030130980380109 0.0842607924230699 0.473145993929101
-0.00546672222588002 0.00588764568686125 0.207812519060089 0.0752439816990471
-0.00694477853115591 0.00298651913476827 0.075472401533047 -0.210047831508855
-0.0337976974566895 0.0132482266189597 -0.0210421908229869 0.163665588166981
-0.0148565934318012 0.00078404174926974 -0.152580563783779 -0.0689274584271971
-0.00432482541420745 -0.0335720940438248 -0.0278029100764121 -0.445737604239663
0.0314879723994456 -0.0557916303243629 0.520577742772609 -0.326098437089375
0.0549095110119303 0.0332547166842431 0.7238245731044 0.457232831104445
-0.0356822071229199 0.062279209971936 -0.0523056292087289 0.982067666864786
-0.0515401299852694 0.015922850654564 -0.565669693285308 0.432457593164253
-0.0465684747660486 0.0049396566017976 -0.00873346507824775 0.089977843396313
-0.04354137687297 0.0361488023589312 0.529485426297509 -0.407852856655898
-0.000946215800612521 0.0357544023871087 -0.0136125052024001 -0.96579012115499
0.0307958402328368 -0.0152893504073563 -0.825223026418006 -0.384359840627834
-0.00348747610876068 -0.0677197331371921 -0.544723329082649 0.489408877131469
-0.0262995304585877 -0.0236805102631949 0.0847391682966236 0.475021736295628
-0.001943029631913 0.0121559705587702 0.212670854849476 0.0763904203314373
-0.00686474785396723 0.00534583180175283 0.0783732412782753 -0.208440284198801
-0.029794702339282 0.0157743100314692 -0.0215886829314055 0.166111918645984
-0.00992787638213721 0.00832888289856766 -0.150021552901338 -0.0632913198968721
2.14824988671279E-05 -0.0239378529316476 -0.0272064302650334 -0.444171378492041
0.0282016646905022 -0.0504099124728402 0.51382466199258 -0.330963526421521
0.0507487096272765 0.0283688231378564 0.718617715153147 0.44918580426989
-0.032569589580047 0.0580544740637332 -0.0532630098228105 0.985990549659721
-0.0472632796883861 0.0177937245488987 -0.572565767658425 0.442119261753502
-0.0438414880360853 0.00700890390536698 -0.0209870705946305 0.0944442164591037
-0.0400606912625322 0.0363975754331566 0.522246308935129 -0.396470256996902
0.000760588794979408 0.0306592367375348 -0.0143716634519346 -0.96187131841915
0.0265423642798482 -0.0182192766081466 -0.829438066002824 -0.391627973922901
-0.00572895453319024 -0.0620590662782032 -0.550239350479505 0.485128594613775
-0.0219899243010639 -0.0143976203788726 0.0855322829889052 0.473635711534603
0.0015793590115214 0.0191423655752218 0.216572843284771 0.0832456065169885
-0.00381942995092439 0.00839331615299569 0.0789078890327542 -0.205069946383451
-0.0245885679348633 0.0180811469678511 -0.0245880013500846 0.16873968321708
-0.00466294326208833 0.0150258129856784 -0.149501218762156 -0.0550347436844266
0.00102940888653383 -0.0121027488940105 -0.0310531796086436 -0.443070930136066
0.022842621833477 -0.0434932445441213 0.505213274907363 -0.347438419254814
0.0466110573807251 0.0227237027439213 0.722320747597492 0.43322833973916
-0.0276835710168468 0.0499616801442749 -0.0390423177104299 0.989110267104342
-0.0389144223940437 0.0156025440423536 -0.572587051606899 0.454827200774154
-0.0372763808152311 0.00843766388065568 -0.0304280236940144 0.100136737352545
-0.0333460000496178 0.0332271787510823 0.520443973756737 -0.38644858354786
0.0024826447885363 0.0228318298843866 -0.00150255790916287 -0.95854502481364
0.022403865868167 -0.0212452661644395 -0.828668852564747 -0.409453670162349
-0.00808281698651604 -0.0549908105849943 -0.559801605249057 0.472383501122171
-0.0188948785480607 -0.00447001845822183 0.0817289814486743 0.474765016184868
0.00714376441983606 0.0256889053641311 0.218482868469675 0.0897320250608819
0.00164291850162496 0.0105440788494041 0.0765202074903287 -0.201299834912458
-0.0176794295874579 0.0193395198313691 -0.0299437259684275 0.170169332551766
-0.000709277607485247 0.0209275083938143 -0.151021729746928 -0.0464613197373153
0.00180107372363003 -0.00051313971035568 -0.0387254924298281 -0.441465974997524
0.0180697848009562 -0.0355931942234211 0.495991303443148 -0.365302553919715
0.0430567200382131 0.0165894419431516 0.732852438803679 0.408034414541235
-0.0222140662693296 0.0397099817206783 -0.011646326441884 0.985506058532543
-0.0289181875750376 0.0122377226853694 -0.564873406582626 0.469283300889273
-0.0275562499847411 0.0063515625852472 -0.0377832485627895 0.10608215066369
-0.0246279590695853 0.0273085688760441 0.523455585895343 -0.371453052951011
0.00551228086085483 0.0130686504228968 0.022600033836337 -0.958634637662772
0.0189377088584629 -0.0242647533975895 -0.821173417713847 -0.439207741363555
-0.0104920406578079 -0.0471043595128217 -0.571826996370424 0.456152424905436
-0.0180707377933251 0.00498925102919983 0.0737832598877093 0.475994150934599
0.0115239181512962 0.0295941284864646 0.216315868805199 0.097861278821501
0.00924969582050874 0.0125861083116832 0.0718180746346074 -0.197729568052041
-0.00993119930604873 0.0190237562519144 -0.036262593852976 0.172350683658174
0.00330104278916498 0.0239329562786039 -0.155391299959918 -0.0385274796744495
0.00256356109899268 0.00806251303920586 -0.0482399717365732 -0.438989017389433
0.0138400306587145 -0.0262497852063064 0.485221611575217 -0.384500144326469
0.0403005731528773 0.0122971275289187 0.743197739090922 0.376665623293664
-0.0172721317632613 0.0287415418815426 0.0205546567952663 0.981701081267766
-0.0178314348963659 0.00602572045034458 -0.55278486344841 0.482345342598422
-0.0167938914608563 0.00219413481642071 -0.040649601972098 0.110342919472115
-0.0154785900472709 0.0196655796728275 0.533378366152251 -0.356959756200325
0.00908817161438726 0.00191535579258936 0.0554013814031831 -0.962119299925779
0.0160734093040129 -0.0268719294679757 -0.807081772072163 -0.471461118094579
-0.0134227667838623 -0.0387915299280061 -0.585998184369423 0.430863539575365
-0.0178204591653943 0.0129292066942317 0.0630268107749367 0.475539209144246
0.0154420809398599 0.032630559652963 0.213228648434404 0.105020595997194
0.016675629555828 0.0136427802160458 0.064791077825173 -0.196383132772541
-0.00346201354795206 0.0189451429523498 -0.0441384585674252 0.173140681849974
0.00582152524433282 0.0247189660236344 -0.162087866201245 -0.0323703039196525
0.00138052480138061 0.0140642692243337 -0.0595911058110873 -0.43950661592663
0.0114451784386236 -0.019765588937655 0.476433810613547 -0.402773318949337
0.0397624295323384 0.00905943982986337 0.75781059401999 0.344878155646485
-0.0133938544203667 0.01993547526685 0.0533436695042049 0.971174495525272
-0.0088479295397354 -0.00311637654659329 -0.534996907487486 0.489395118474167
-0.00525496525139465 -0.00307680603354297 -0.0370251221320684 0.113278921471064
-0.00630221758794391 0.0117816615232661 0.548127619325562 -0.344848968136376
0.0126163751811805 -0.00680166783340988 0.0905782060924194 -0.965953726339015
0.0150445649863281 -0.0293500521045174 -0.79091761108966 -0.504460377013135
-0.015330439951251 -0.0317607687476811 -0.59490387334539 0.407385701519572
-0.0209542508303873 0.0188155243185394 0.052517412535411 0.474912713493238
0.017122079745556 0.0332907261767305 0.206774655276335 0.11233058470499
0.0232917242827974 0.0145902684665832 0.060655797628157 -0.195451434737242
0.00107934662015893 0.0167742251255036 -0.0496991893216042 0.17396720726658
0.00524173288582512 0.0215529458714063 -0.169015296202113 -0.028093202786406
-0.00051156620496599 0.0138270432531656 -0.0686665864491998 -0.439145924327532
0.0104480654037833 -0.0147959721904669 0.468518028353496 -0.418006666546539
0.0398801891214007 0.00723948756259947 0.771746894146027 0.315432536649545
-0.0115615474111122 0.013056608228264 0.0850087144206353 0.962056401884484
-0.00134031432247257 -0.00971446774729654 -0.515534810104859 0.497116228158734
0.00307257347900882 -0.00882916162416942 -0.0309638773827891 0.113982163927428
0.00102491740023971 0.00390713406682743 0.562192313822425 -0.338471544531269
0.016066882011106 -0.0137761315483518 0.122771661720571 -0.971993744844336
0.0163504012356222 -0.0292403886796516 -0.771980588507609 -0.533658299431193
-0.0158018231989777 -0.0271428770184588 -0.603023323783639 0.388211075115809
-0.0240813702579924 0.0192407997845754 0.0423429095465058 0.474069279796338
0.0172886874085175 0.0306673630443297 0.199341927860376 0.115889070206276
0.0298833043598939 0.0131893243916928 0.0527861723268511 -0.196860964709262
-0.0344170884601089 0.0113761764250812 -0.0219945609275305 0.163921690600745
-0.0183933296109485 -0.00542254811978233 -0.161568535521781 -0.069946247073053
-0.00893208106382501 -0.0413633230345167 -0.0396233137555325 -0.451678892707493
0.0329727534159446 -0.0582399745172135 0.521748993009188 -0.345422948926013
0.0595052219962181 0.0352864859008744 0.74739296938456 0.443287883678314
-0.0346645733064165 0.0650609903906533 -0.024209092958573 0.987853254548092
-0.0518118254595123 0.013697445442037 -0.549835259972805 0.442973876498276
-0.045235924275047 0.00160686509391694 0.00669817616722132 0.0863108393695778
-0.0442315865974322 0.0340893353352054 0.539903118848689 -0.426328563446375
-0.000664934020487812 0.0385085833790619 -0.020832228671508 -0.983193512394102
0.0354832844365981 -0.0120317298827765 -0.835401710401089 -0.381864388550609
-0.00359427576026892 -0.0700390359481131 -0.539864136712811 0.503681355730685
-0.0307357791786558 -0.029582437138175 0.0928706115353632 0.476984874396725
-0.00444846129462715 0.0049532689788201 0.211089249969558 0.072643543006283
-0.00678768249487873 0.00286885950563157 0.0721140594211898 -0.213788897269909
-0.0337497408867459 0.0137065787369349 -0.0188453332127019 0.164625144816739
-0.015208305971727 0.00197473132146855 -0.156283434494678 -0.0659092337620582
-0.00464199902516134 -0.0340077130659386 -0.0359466954746243 -0.44901119495541
0.030147822563884 -0.0564575671803992 0.518598764321373 -0.340708947810755
0.0560029041889473 0.0322403193933035 0.738658710679381 0.447644799685184
-0.0343014803402125 0.0634256818632628 -0.0343282353397932 0.993137651655019
-0.0516165494581352 0.0175940337655246 -0.564082727875496 0.447785983430892
-0.0463478891108759 0.00598929354535369 -0.00696941269587068 0.0901534784619505
-0.0441079436243853 0.0370452238714378 0.528226309257746 -0.418396782140501
-6.83976852020041E-05 0.0362160257498432 -0.031028270827474 -0.974477081093332
0.0306351319235434 -0.0157064640728061 -0.843421293651814 -0.374306208487557
-0.00456415571004744 -0.067662340335463 -0.539802566792287 0.505951507324331
-0.026733022993798 -0.0233237868147134 0.094542417867696 0.476075929844435
-0.00208930767283581 0.011806202386948 0.217206385114631 0.0748974542374063
-0.00792708647804857 0.00469644226358949 0.0759862835863025 -0.210655176514591
-0.0303675192266069 0.016757413287324 -0.0199850429331424 0.167770012275485
-0.00967919723759715 0.00894345294209688 -0.153124835061781 -0.0603119822928861
-0.000686843252121396 -0.0232457701608591 -0.0358865594624152 -0.4474253441396
0.0273301714391396 -0.0513092875155457 0.512685874765879 -0.345914729332474
0.0516871632131668 0.0271858738688721 0.732936677274789 0.4407388684307
-0.0318791121766825 0.059055982597814 -0.0350246545731715 0.996108487942346
-0.0470997877667237 0.0191286893898724 -0.570947163052708 0.456623375767623
-0.0430302439235795 0.00798433609837101 -0.0189499868585961 0.0955044129224696
-0.040587847050084 0.0382063931560421 0.522278963078611 -0.409432146104649
0.0011840658522722 0.031618870683874 -0.0295263019620946 -0.969789272232574
0.027102683573918 -0.018826403893802 -0.845373827825862 -0.380422059181956
-0.00751681726248268 -0.0629705426121347 -0.546757365905556 0.498468399575093
-0.0229166091256563 -0.0150510768273652 0.0947122196535459 0.475996092658197
0.00353104545733984 0.0179205549409685 0.220056034478507 0.0797479846273233
-0.00421917565195128 0.00722009912083155 0.0771056520619966 -0.207682860133006
-0.0237243311291793 0.0190370511451025 -0.0229362392574275 0.170558212755018
-0.0050051273901865 0.0151567835107757 -0.151744463703723 -0.0531755547466335
0.00160320127562538 -0.0117859271980328 -0.0395231384889278 -0.445765373205901
0.0223416202027479 -0.0434817748220699 0.504348105004415 -0.358494930558712
0.0490727673153597 0.0220255591440629 0.737873501533452 0.425561769636303
-0.0272013252386752 0.0509365317103275 -0.0199465476164641 0.999477856028685
-0.0395226816633955 0.0172351832312865 -0.569461086731057 0.469492259435295
-0.0369632691206123 0.00920412548456261 -0.0294937076889285 0.101809643954397
-0.0339737352962273 0.0339965969292519 0.518905737054882 -0.397820649232548
0.00302820540818737 0.0233587242059647 -0.0199155225575142 -0.969527173758766
0.0225733628191517 -0.0217511989466105 -0.844598641919886 -0.3976332178063
-0.0101483001947904 -0.0552334827523732 -0.557156604472588 0.48846198612868
-0.0190050502444818 -0.00424807211955549 0.0902246625711894 0.477481339530822
0.00801000248469291 0.0242176327799458 0.221494231685156 0.0875886293923778
0.00134502319645271 0.00993710447103849 0.0751163762727989 -0.204780532608014
-0.0173276593517888 0.0202738833103158 -0.0284770836558276 0.171062823427419
0.000710085159736645 0.0215556079706337 -0.154277286328722 -0.04444831849871
0.00296682986700476 -3.81142630239625E-05 -0.046912424695781 -0.443773411121743
0.0167378692032261 -0.0356581774665676 0.493574417814729 -0.379151824382386
0.0444630252982207 0.0160899261707484 0.747714003510255 0.396331561210728
-0.0213133105049843 0.0402177743442079 0.00760846966804091 0.99520323311109
-0.0288235785553489 0.0126960764967401 -0.560692338877382 0.484117361132914
-0.0273254434161375 0.00599162938395083 -0.0370299278341024 0.107865149166485
-0.0241678944319928 0.0278629664362714 0.523684398326202 -0.382262404746309
0.00502716131598491 0.0132469349279734 0.0064573365425692 -0.968484099173458
0.0186005957565841 -0.0244099611947807 -0.836987688164895 -0.427674227620836
-0.0122147750572528 -0.0473573767433477 -0.571384622232862 0.469193127758682
-0.0179004555299915 0.00524258671471625 0.0819896816724133 0.478633720884462
0.0122385245444083 0.0293226262661485 0.220539245081475 0.095527311287154
0.0082584337158614 0.011903474899899 0.0704950113303418 -0.200333606638602
-0.0101648226221873 0.0197823952671906 -0.0343180689585515 0.174673662506691
0.00385538128187444 0.0243919188818652 -0.158734280454801 -0.0353018281076009
0.00196944702326042 0.00833142959103253 -0.0564157127085488 -0.44235456180312
0.0138039910341982 -0.0270539199407046 0.483059224544531 -0.396727170355256
0.0408990797972752 0.0114032024883357 0.759207457552127 0.36705818283171
-0.0180051025965474 0.0295539156699389 0.0373235152229111 0.990302163013029
-0.0176691522085437 0.00559189861040458 -0.549911230924858 0.495779289129864
-0.0158119332244273 0.00243435088846984 -0.0382140127320543 0.111801006664396
-0.0156948728605322 0.0211894310593064 0.532428900610058 -0.369030436282324
0.00921197783597631 0.00278133672325474 0.0409423315548635 -0.971366553466458
0.0160293680541833 -0.0280328451834026 -0.823075718664596 -0.461415295104752
-0.0146729755020537 -0.0389151435874205 -0.584170110915209 0.448282568467314
-0.0185685307810842 0.0134000807204345 0.0712560440933742 0.478964636906451
0.0165586598960841 0.0326954294757383 0.217099614882762 0.103487306209214
0.0167253691991138 0.013840687922127 0.0634832065920712 -0.198461296283833
-0.00391896496223663 0.018878447034969 -0.0416307694789086 0.175588391866652
0.00622102443966208 0.0245417113160664 -0.163979979175019 -0.0301508614046375
0.00146595127222594 0.0139021295305415 -0.0665689058866925 -0.442101663488066
0.0111753581531786 -0.0189821516346821 0.473535889569371 -0.416349607167548
0.0399983298961678 0.00823040440577215 0.770600624998226 0.334026934152723
-0.0137998915917335 0.0198963990007457 0.0714632590119642 0.979650314508471
-0.00869762650316989 -0.00264742569740452 -0.531586045258264 0.503774595372028
-0.00492908061515038 -0.00240076397811518 -0.0349962703754092 0.115166366325297
-0.00637592517977136 0.0118420187466783 0.547694079293364 -0.357708200968182
0.0135625738440959 -0.00714053544842863 0.0735254507198545 -0.977607429823516
0.0143135734217893 -0.0296961364639142 -0.8079594692932 -0.493857458600668
-0.0162797149861439 -0.0322505906859114 -0.595307050497963 0.42355044190383
-0.0201713478160747 0.0183869124246018 0.0599470882089153 0.477707281359947
0.0180860027104765 0.0326026177768067 0.210899318104974 0.109291807557695
0.0242983917185872 0.0129927667676044 0.0572026407274602 -0.198069802473918
0.000878404089606134 0.0169924207028249 -0.0475308378293527 0.174865745807244
0.0066093205895683 0.0217148277025786 -0.171740880459053 -0.0262807831670665
2.31376038404337E-05 0.0138673454764568 -0.0779749553930235 -0.440844028941901
0.00992103409518524 -0.0142986011694277 0.465700673280425 -0.430578466132011
0.0400514592791672 0.00670190150633224 0.784367644675825 0.306162694929765
-0.0110621316070776 0.0139055009740444 0.103688519236541 0.968899287438455
-0.00147499206706212 -0.010423887213562 -0.512110205972746 0.510418645532623
0.00332118039336057 -0.0092612385074872 -0.0293087846600801 0.115689681096972
0.00013747159738511 0.00486969371502759 0.562628636896754 -0.350283461333506
0.0159736810045381 -0.0135841017904087 0.107603479789789 -0.981853312884784
0.0156311800440283 -0.0300401381874391 -0.790641939274957 -0.525503829110207
-0.0163189142433822 -0.0275777904681294 -0.602634792585087 0.404564341495054
-0.0241778807548761 0.0196837123694128 0.0496151898007446 0.476859528567183
0.0173889261517493 0.0301980387291793 0.203693327641137 0.113717889193272
0.0296986218558598 0.0121212523053876 0.0495611645591204 -0.199944483657041
-0.0338902533483838 0.0130253620832183 -0.0196745044259542 0.16462357058221
-0.0186321668952483 -0.00460460676972984 -0.164548858680383 -0.0667247069257415
-0.00870052477052257 -0.0403585087709261 -0.0480539733355771 -0.452515478980457
0.0317676332135007 -0.059564900914945 0.519078598252598 -0.357562683010875
0.0609748496091043 0.0335178348627502 0.761197723145587 0.431338950356913
-0.034020757661819 0.0653971869450337 -0.00335306345216812 0.993711432038271
-0.0519216571828424 0.0142103304411379 -0.543323618139008 0.456429779320912
-0.0451784347029415 0.0016305519487123 0.0073673156659996 0.0872341899139438
-0.0441674410951121 0.0356578286496032 0.537091047979643 -0.438275528425142
-0.000421895473536014 0.0385399039381465 -0.0417460209359683 -0.988097169436309
0.0348209010300995 -0.014029603703018 -0.848091356223599 -0.367958408079338
-0.00481190955277125 -0.0703483453676218 -0.533457262240531 0.51649240911759
-0.0310431900109302 -0.0292159193017558 0.102427412746056 0.477708414359457
-0.00408465200628026 0.00462704109508748 0.21490303607026 0.0701461113396814
-0.00759720448625674 0.00249249725079249 0.0696123824762205 -0.215659577040122
-0.0338129684662635 0.0151342714835785 -0.0173905321878401 0.16647719489304
-0.0142883132327176 0.00125865082711581 -0.157970429656671 -0.0640286688322941
-0.00507572711542785 -0.032887440467078 -0.0448928180354259 -0.450789830660132
0.029313921017952 -0.0568542039454974 0.517227214760602 -0.352455157354849
0.057186646391771 0.0323917314612272 0.751971859665303 0.435763310953399
-0.0334872210146468 0.0653610998118555 -0.0164861438753926 0.999956798715044
-0.0521063145756771 0.0189846351496241 -0.558723098251203 0.461201201816399
-0.0462743714566292 0.00623742462016101 -0.00573227845681051 0.0913284013164895
-0.0433915369142691 0.0381979231883712 0.523781596015418 -0.430681282708765
-0.00012194296843987 0.0370816227050744 -0.0500404422088487 -0.980130871270275
0.0304311010294989 -0.0173126524575009 -0.856085903349368 -0.35915142929255
-0.0063605491232721 -0.0682712073646595 -0.534429075847438 0.520115025619537
-0.0272361935741521 -0.0225245570920803 0.104977226572162 0.477883819572161
-0.00190483653117446 0.0110705441926533 0.219171553040558 0.0714943363490392
-0.00815284377210443 0.00497623528302794 0.0733891754240708 -0.213996419704032
-0.0299312840528746 0.018097114831292 -0.0178642439145074 0.167817443494944
-0.00917929616397744 0.00879746956877249 -0.154375787150631 -0.0577221529746673
-0.00075828872324616 -0.0224739356112479 -0.0448626105233548 -0.449186018654774
0.0252656783062946 -0.0515966819794869 0.508216479881715 -0.357907975157602
0.0529923521356808 0.0281506740954145 0.746998723505827 0.428477097136728
-0.0313387195224672 0.0595720719287257 -0.0156745895022189 1.00396535619784
-0.0473983294697969 0.0199760597367167 -0.56542612059323 0.47118689313418
-0.0432352757364062 0.00896356728248302 -0.0180130029763779 0.0967903367531879
-0.0400003900569721 0.0386537300100521 0.516102228664555 -0.420775070490113
0.00138358296435877 0.0316178962619104 -0.0501028122600407 -0.975367297822118
0.025895023089931 -0.0194648936676471 -0.859696906709195 -0.366410467825745
-0.00864536861972093 -0.0630226279104963 -0.540825555847073 0.513572642735839
-0.0223512655018318 -0.0142373283349109 0.10386844385416 0.478784909158737
0.00370187564988568 0.0175899794151876 0.223991695176808 0.0760782949130377
-0.00554623196056397 0.00705156605316563 0.0732417094284823 -0.209838417995341
-0.0245300891977984 0.0203495317055176 -0.0204677509787835 0.170734364785075
-0.00389280091820092 0.0158165601745309 -0.154594731638272 -0.0491741901530486
0.00138624120616699 -0.0112162046196548 -0.0489348410244077 -0.446650913045855
0.0213509249727022 -0.0433166691132466 0.501599004034309 -0.372478455866827
0.0481704367433829 0.0213268653255385 0.750905556566173 0.410471641861383
-0.0265243640086746 0.0516998611721962 -0.00100339491291517 1.00512244975322
-0.0393281392057427 0.0186083546152007 -0.566056842210316 0.481472294191683
-0.0369031352035035 0.00972997040728046 -0.0278177830724812 0.103643975003792
-0.0331715456123145 0.035999662718073 0.515350837298881 -0.409985762150406
0.00259548068692957 0.0240720976392208 -0.0371891884299494 -0.97344911740177
0.0215230836247212 -0.0226460515985721 -0.857788018378992 -0.38312686155251
-0.0112113634286939 -0.0558494119088821 -0.553027193525279 0.504424499976083
-0.0195466070819422 -0.00388390790228604 0.0999895497723054 0.477853182062321
0.0086486245437532 0.0237097808487151 0.225617451383497 0.0831625925221274
0.0011956043335364 0.0100264830804066 0.0715290978647132 -0.206350536979259
-0.0171196452946898 0.0210341699113396 -0.0258829124196813 0.17244968156206
0.00190491447231066 0.0209983369542696 -0.155790869163136 -0.0413460459465166
0.00331812347602327 8.42144391913213E-06 -0.0555913882639349 -0.444981659984318
0.0165052682721979 -0.0355899424883034 0.489385909716625 -0.391814504385378
0.0447710601448351 0.0149940380429337 0.760038594257419 0.384248633026573
-0.0213226644447477 0.0417894392122717 0.0267412552466188 1.00129085909986
-0.0287942505419799 0.0133216170588498 -0.55704693411699 0.49769590065698
-0.0269747652077673 0.00777208958189272 -0.0347646217330724 0.109426890126316
-0.0251601982723749 0.0289599081930145 0.521264145551724 -0.3945555933781
0.0060239518182941 0.013699825487624 -0.0110148376416243 -0.975146574661472
0.0176460409845271 -0.0250710531119762 -0.852594141454038 -0.412126493875361
-0.0124619644259846 -0.0471816171002459 -0.563589978943176 0.48545013136817
-0.0171230886890371 0.00531437816051615 0.0896154045008968 0.480740122941883
0.0134900586238229 0.0281667116695025 0.224445953846 0.091432714229708
0.00807082184939892 0.0109106386250498 0.0670732093049896 -0.202266978748857
-0.00990478826167274 0.0216077866823167 -0.0321552487114219 0.17507965251301
0.0053112107612361 0.0241145114652486 -0.160461417962701 -0.0323410448000352
0.00314922280072703 0.00956966448098482 -0.0657381780342123 -0.443476711604912
0.0129790819055306 -0.0261943682895995 0.478230061671773 -0.409789232586864
0.0427241655994051 0.0100306622335354 0.771035372916301 0.353830501173701
-0.0164586034769956 0.0303083493073298 0.0574852754888654 0.99640807267704
-0.0176175816160272 0.00635797521593175 -0.54344780608764 0.509357126451317
-0.0155947775614108 0.00323303553058081 -0.0363222095499811 0.11347417890505
-0.0159176337858014 0.0210831078096721 0.529066644041556 -0.380887411174602
0.0087581733066226 0.00227473653043873 0.0199440306110862 -0.978655603589936
0.015095802372053 -0.0283300733373704 -0.838651939157954 -0.448074066616157
-0.0153884350188773 -0.0388376868549867 -0.579741779915804 0.462404050103624
-0.0178254032223923 0.0135964116040464 0.0823234775268986 0.478791362805716
0.0169468490083664 0.0312168631381711 0.22122342271107 0.0993620100598823
0.0168388521105371 0.0120589240335241 0.0606015714512813 -0.20104225134767
-0.00354152169898801 0.0198526752647599 -0.0395505872622117 0.176421927893959
0.00754758296953673 0.0234330773735512 -0.167031613584466 -0.026282069700303
0.00323466710717326 0.0139407711732402 -0.076430769765266 -0.442930437994527
0.010321588056948 -0.0194786692008186 0.467991071399455 -0.428659639472522
0.0406728793947594 0.00652627705344111 0.783377549362185 0.321490644403031
-0.0134675808593404 0.0203434635535326 0.0917742557384919 0.984998116498335
-0.00798910841896575 -0.00233432712364562 -0.526098493509402 0.517861523496985
-0.00470137628428627 -0.00310920795788201 -0.0345185282081275 0.116884934040413
-0.00646188767689426 0.0123402164431384 0.544947342623445 -0.368643656982993
0.0125438125403751 -0.00649647288278515 0.0564498122308069 -0.986612616952667
0.0138904157139033 -0.0301844450553943 -0.823829240195649 -0.482605582047579
-0.0177606007757492 -0.0316390159033428 -0.590692027993254 0.436790759362712
-0.0200558610125748 0.0186610972435642 0.0705784690217888 0.479971533346702
0.0194605358528971 0.0315573615944264 0.215734629304807 0.106956729151895
0.0249159429067587 0.0121853070230546 0.0543977214307399 -0.200539680828715
0.00132080814266086 0.0174733719887254 -0.0454541174839865 0.17814627530685
0.00764218337336876 0.0212959914583311 -0.173485465572749 -0.0220277830372393
1.9424557613606E-05 0.014852865600365 -0.0873555487470948 -0.441180166049035
0.00937060342594724 -0.0142470869618028 0.459689399871386 -0.443605220659401
0.0416302130348162 0.0055546567765104 0.796859971908158 0.292900045660547
-0.0106397056123189 0.0139934290188187 0.123488923794742 0.972695878966257
-0.00182304472620306 -0.0105623127423012 -0.506125168827763 0.523710506436622
0.00397494528703554 -0.00857513659365855 -0.0278627237853007 0.11711773523371
-0.000212338916504724 0.00515704379779341 0.561045857371935 -0.361222459038718
0.0155370609652457 -0.0132554348370447 0.091001741963189 -0.9930310340262
0.0149058280448097 -0.0301352123426177 -0.806996328004301 -0.513986862950244
-0.0179467279587293 -0.0280022073451087 -0.598491162966427 0.418995624146551
-0.0234921381832633 0.0206816200743146 0.0589573478325602 0.479077045186519
0.0184062092341759 0.0295598294804084 0.208436433713247 0.110948474235047
0.0293587292789008 0.01118878840343 0.0474698957002432 -0.201543543515129
-0.0340259892255581 0.0142378902360198 -0.0168097562247924 0.16502525414049
-0.017594245504528 -0.0042756884464814 -0.166170673640354 -0.0630836186200926
-0.00986238741956527 -0.039301428381642 -0.0587146057616572 -0.452607136197145
0.030413004397955 -0.0600936240812675 0.511990544248082 -0.369305276381866
0.0615834720704632 0.0323210625372308 0.773182547002573 0.417062300536824
-0.0324424151542546 0.0674805676973287 0.0159870374225507 0.997831833282176
-0.0512759016881512 0.0148502164435586 -0.538206674376771 0.468738093416945
-0.0450741952572656 0.00291902969101465 0.0093777399100932 0.0870208493135438
-0.0439431772274039 0.0372766606564252 0.532112659352518 -0.450599584866782
0.000303959462358283 0.0391517031091067 -0.0607114821456041 -0.993912592296023
0.0345878498105868 -0.0153236103731266 -0.857927945129859 -0.352223836109393
-0.00699284707459375 -0.0709030021333415 -0.525267323758271 0.532746658133226
-0.0313576595729247 -0.0289592927362157 0.11174370452053 0.476169413007919
-0.00394607188657576 0.00299041327690368 0.216637304895506 0.0664239655583813
-0.00772565099958055 0.00178799874251911 0.0651875285277087 -0.217419670422834
-0.0329939975899803 0.0167303271005309 -0.0153410143416503 0.16657760817018
-0.0133031438349894 0.00166116980879048 -0.160024309389981 -0.0605958261881997
-0.00470977366613609 -0.0336958448031861 -0.0543771569809074 -0.451454087712002
0.0275610495707687 -0.0576029080458336 0.511431199066682 -0.364547113312871
0.0578273796008317 0.0301890642848749 0.763420969284231 0.422805050014008
-0.0322042610788308 0.0660700472978549 0.00526667555125451 1.00279533911109
-0.0503568607740868 0.0196998995974239 -0.55354264890147 0.472841280861542
-0.0461306388943474 0.00797781065831079 -0.0046083787630119 0.0915178631969509
-0.0440416225589721 0.0396501788347113 0.518463044471368 -0.441594149515781
0.000371098195113703 0.037367826588664 -0.0677618031976376 -0.985147193302498
0.0309906167228758 -0.0169911723202619 -0.867179738463872 -0.344552727292124
-0.00786485118484816 -0.0689119624483158 -0.526535245043089 0.534260939927202
-0.0269575637495054 -0.0223284433003781 0.116323388656871 0.476346593728989
-0.000270106867713659 0.010453651468557 0.222135658509329 0.0670475487228888
-0.00838183998540625 0.00433805260531508 0.0699055938677351 -0.215461210440977
-0.02893947868253 0.0194172052298281 -0.0162693631349432 0.168908753282183
-0.00826779487849384 0.00907118379375451 -0.156600545143859 -0.0549884262649695
-0.000903477137604632 -0.0234010759610403 -0.0544004633346593 -0.450253415590304
0.0241338344971931 -0.0523366743481237 0.503563611805313 -0.370716196828027
0.0538549903786086 0.0254946734235295 0.760100985578839 0.415613408099751
-0.0294387248983967 0.061055841123148 0.0049981728816271 1.00830868685912
-0.0468685250101809 0.0207800450380986 -0.559034290622336 0.483208821501407
-0.0439839038635288 0.00943823012665307 -0.0165575129546928 0.0972764190593573
-0.0400477583329022 0.0399846790592666 0.512478635950131 -0.431259503826579
0.00164722024332443 0.0321984552252977 -0.0682739629756316 -0.980549499123638
0.0257801451458574 -0.0197801702450128 -0.868459211918174 -0.35027247997823
-0.010430542381852 -0.0633193625726776 -0.53222418091211 0.527927343559702
-0.0226499995991641 -0.0134213815169007 0.115027280721683 0.47726851282347
0.00453180116888233 0.0168347410553815 0.226263629557472 0.0726671421866328
-0.00499983216454 0.00633840940249648 0.0704324303678567 -0.212904599178285
-0.0229033799981042 0.0210514342292213 -0.017644257593498 0.171387115792533
-0.00249727278156808 0.0154738593516811 -0.155720969969104 -0.046560316823222
0.00136896147532622 -0.0108265825491424 -0.0573917508412481 -0.446681065334632
0.0206278786553471 -0.0446311506847537 0.495800131159235 -0.384479493112303
0.049614631886267 0.0206824207260276 0.762830632395417 0.398215062829072
-0.0256405226986454 0.0526762149169371 0.0203197487410739 1.01019940066447
-0.0386142666153791 0.0184835069865201 -0.559034978263118 0.495607921833279
-0.0364102214592606 0.0103027551521349 -0.0266820196165842 0.103821826667141
-0.0333706973779955 0.036948622113122 0.511170376633203 -0.419687577507837
0.00320464934622065 0.0240346514222864 -0.0561479705273781 -0.977908853020026
0.0217502717659704 -0.0232140013265307 -0.867515530814502 -0.370474000145076
-0.0122554139411557 -0.055980245064866 -0.542834050031619 0.518208626738678
-0.0194223670809924 -0.00362118213032142 0.109653126650903 0.477838285068285
0.00946068605037801 0.0228071172148573 0.228137317635601 0.079785015921923
0.000506892764528838 0.00856515995413416 0.0680664158639166 -0.207811057434472
-0.0164807195119887 0.0224109303966609 -0.0231706090529241 0.172624306305797
0.00136429860710297 0.0210616048347522 -0.156801831586895 -0.0384806053436354
0.00252569213805608 0.000369607847158657 -0.06439998842458 -0.44575419136635
0.0153635221971049 -0.0358433907892453 0.483739697475686 -0.402208199566783
0.0456625845646188 0.014632245882074 0.771792536034826 0.371203216010595
-0.0201473660653348 0.042067934822418 0.0470728302289181 1.00604261820773
-0.0285560406910833 0.0139716451772417 -0.550228627103058 0.510530807316057
-0.0267244770985854 0.00772837683488267 -0.033817057178062 0.110205645124671
-0.0249096584838829 0.030282990639127 0.515338107029094 -0.405591830093143
0.00567293274480799 0.0137553943106634 -0.0312342934326544 -0.978234479695518
0.0171655665458637 -0.0268542058735012 -0.86202338662895 -0.397908292200612
-0.0146020176778835 -0.0470881514942261 -0.557681574470452 0.499860533243465
-0.0167955644969112 0.00664650667496279 0.101232519960111 0.479805951744884
0.0139524688292711 0.026812703088261 0.226722171335303 0.0879352031935793
0.00815947079912519 0.0100252368861474 0.0645976805423853 -0.204931615274389
-0.00883688430706084 0.0223593470057169 -0.0293963321721781 0.176277681157689
0.00602668428210091 0.0233488484656544 -0.161008865529703 -0.0294921308985307
0.00454315652946042 0.00973380625391817 -0.0751646487392678 -0.443678749264411
0.0119848116884888 -0.0259918877304066 0.471667427975393 -0.421626101620084
0.0429262516534566 0.00928938115804938 0.781287742746928 0.34045884460881
-0.0163929883963438 0.0313025977025704 0.0795666431005916 0.998163380211713
-0.0176573047906074 0.00651126572766699 -0.536100740365888 0.521005656873829
-0.0150250455276396 0.00306696212384852 -0.035501283163351 0.114687888889204
-0.0161282692813422 0.0221093767621208 0.526523563456627 -0.392392600734506
0.00961903346044885 0.00247827944163425 0.00298649045000816 -0.985777896113722
0.0142455343536011 -0.0288188899391978 -0.850580934992967 -0.433264848317046
-0.016679546472322 -0.0384921182212035 -0.572275970685933 0.475031997727135
-0.0168356727671654 0.0147932935645067 0.0907213698897882 0.479890755863812
0.0177693777478218 0.0297852896787683 0.223487546180362 0.0962336154439442
0.0173401894979392 0.0109246692739683 0.057895295247077 -0.202585956994195
-0.00292842640638347 0.020671579831153 -0.0381729281568466 0.177404441208558
0.00863695243211513 0.0234627126602048 -0.167592293285695 -0.0229886338030895
0.0035563901629803 0.0150518623147261 -0.0859988756801999 -0.443162879547407
0.00956589222777702 -0.0189096397522573 0.460420791750142 -0.440262858884008
0.0410070407267699 0.00657745470015554 0.7929582638433 0.306999874149036
-0.0123605572774047 0.0208932813816112 0.113582853650865 0.986633572283434
-0.00844913708430266 -0.00237897343904904 -0.517778613962108 0.529056353109029
-0.00441635854037522 -0.00247700515027894 -0.0327042024991765 0.118356026340991
-0.00680776129277709 0.0129268525222185 0.540695154403574 -0.381002424544989
0.0122856485366837 -0.0068307925973143 0.0369474223910074 -0.988843490383095
0.0131899605789568 -0.0307498065502296 -0.836994227764474 -0.467841158764038
-0.0180136943196563 -0.0310795355853702 -0.583156542393768 0.451854064983065
-0.019342972145784 0.0195724415130194 0.0802914189928952 0.48046035498676
0.0194583955887245 0.030389704916592 0.218702017597014 0.102790316441385
0.0248305083912249 0.0107373925852412 0.0510119071611559 -0.201176375816464
0.00189457115356937 0.0184253628907915 -0.042379341852792 0.178149311626309
0.00871434009020645 0.0207678396291513 -0.174762296923078 -0.0186078160617056
0.000805583863954738 0.0156702194218799 -0.0960073866166292 -0.441419927709797
0.00894245473639342 -0.0142048994862087 0.452628711942812 -0.457389612862828
0.0414442200548249 0.0049449183394016 0.805292035955661 0.276304114882185
-0.0101265166706945 0.0145207224412408 0.146196204675631 0.975312961731276
-0.00199688328196805 -0.0104852576659181 -0.497233308775555 0.53586861375579
0.004226377672925 -0.00946675482381314 -0.026296350262845 0.118364864818932
-0.000742653673146134 0.00533149381773517 0.556994329711163 -0.373613246575201
0.0147065697338765 -0.0137497379006712 0.073116896049784 -0.997201227430467
0.0145017009535079 -0.0313058704630751 -0.819723448154678 -0.498398422626207
-0.0182863423206554 -0.026884847404336 -0.591275197972246 0.432862028000851
-0.0230827155419271 0.0204310546803406 0.0697628183334211 0.480357612056571
0.0199896394567293 0.0279549182348338 0.212125065726502 0.108523144744787
0.0301527517398439 0.0105025182296854 0.0438454912923651 -0.203691971625224
-0.0343500924519234 0.0155941686888033 -0.0151698395389227 0.164921778059392
-0.0177824146890765 -0.00402758356582926 -0.167643171855219 -0.059578467950791
-0.00990222977761126 -0.0396202110593286 -0.0675132737370512 -0.452402019881804
0.0289232037643724 -0.0604609145477014 0.505128209787593 -0.380374966691586
0.0623612698602234 0.031397825670996 0.781629901481763 0.400449057348249
-0.0308638493020452 0.0679270014803477 0.0355953991513368 0.998153894619275
-0.0505765948186436 0.0168290532076721 -0.529782775959931 0.478703795194589
-0.0446833219970502 0.0040679629375289 0.0104589489281571 0.0867280885877393
-0.0446033361655263 0.0376220880952394 0.520938337955409 -0.460370230337027
0.000182511298945864 0.0391944604254267 -0.0780798451939745 -0.992130449938781
0.0345881817576888 -0.0158604892049659 -0.868767404071382 -0.332444725474836
-0.00832363413514151 -0.070875782734538 -0.514548671608923 0.542996102020976
-0.0317565829691094 -0.0280913250006386 0.122551756695944 0.474546579071652
-0.00322614722104112 0.00290813598131148 0.218434221119297 0.0621317739158737
-0.00832990780490307 0.00169296002708453 0.0624530058230961 -0.21905323880006
-0.0324003301339228 0.0173206748365157 -0.0126473891318166 0.166514265054928
-0.0129930475378274 0.00214204366244657 -0.161907697364875 -0.0568285913088872
-0.00484880065451398 -0.0329411828095131 -0.0629475706649468 -0.449988810863331
0.0267323971925501 -0.0575351163268932 0.503765915392409 -0.376528510965901
0.0591278465725947 0.0298525787221437 0.773513605355076 0.40749680999757
-0.0308950141728238 0.0663428422863074 0.0253243525062002 1.0057119291117
-0.0505954496961459 0.0204561047365915 -0.544173796034979 0.483235954082933
-0.0461931309897365 0.00764527599400877 -0.00289433688191129 0.092079104398152
-0.0434693835563342 0.0406934544706701 0.510899790029285 -0.454111214386221
0.00131006382379693 0.0379125731863452 -0.0891108633561715 -0.983856827601726
0.0306361542522206 -0.018552654152704 -0.874537730896124 -0.328425866849165
-0.00952717742038559 -0.0682235809902895 -0.515037709312165 0.546328996201807
-0.02745085638782 -0.022049032503311 0.125401758506789 0.474202093939479
0.000222606760571563 0.00954881222801715 0.224487226300603 0.0636497319683983
-0.00875920226751205 0.00376051800281491 0.0661919681281041 -0.217090328140138
-0.0290716220504227 0.0201935720712476 -0.0127184459594157 0.168163205188462
-0.0083162058916765 0.00893774549967605 -0.156942069211859 -0.0506821579485272
-0.000952242179197716 -0.0222420941301724 -0.0632490654867581 -0.44868405494477
0.0232419296312826 -0.0524259862131069 0.496469602354443 -0.381612337493955
0.054476886463667 0.0247881808451716 0.767155159749948 0.398880395859149
-0.0285043492387765 0.0612050220986064 0.0260745687998498 1.00874554240398
-0.0461001527267226 0.0215290508764163 -0.549658012433243 0.494827694963782
-0.0427606599962105 0.0106437893922613 -0.014754024328968 0.0980765591232144
-0.0393489952477405 0.0412732113947766 0.503665137673584 -0.441741004130443
0.00200472446968274 0.0325846875033115 -0.0874522697185685 -0.97844104832892
0.0250514732809012 -0.0203262249356538 -0.878522765708681 -0.333863225075133
-0.0118839188559717 -0.0638486803569255 -0.521250524059336 0.539796774055291
-0.022619965453394 -0.0135795081597356 0.123681892163202 0.476106918066631
0.00434370839497773 0.0156867484758428 0.227933626527169 0.068050066598387
-0.00528428169175101 0.00627538316148824 0.0667113459898645 -0.213833033330422
-0.0228180345602978 0.0221180766305924 -0.0155082948585173 0.172131061892928
-0.0027801164598092 0.0148728540552387 -0.157294915619921 -0.042948739593288
0.00217397258551189 -0.0107608547633529 -0.0670662582820807 -0.446538424836412
0.0194203845618724 -0.0439682291364847 0.488022113307448 -0.395210530111572
0.0493617094155766 0.0193454479255798 0.769858563749901 0.383399484892846
-0.0246078858000658 0.0530663691008556 0.0418835667623633 1.01008192910389
-0.0382687413684092 0.0191474119275326 -0.549847742743106 0.506396516410915
-0.0356481490214752 0.0109483467316364 -0.0245538722539299 0.105808174760445
-0.0334250347391545 0.0375066986110256 0.504025055426 -0.430122017127858
0.00330629062402706 0.0234994524096429 -0.0746120113621017 -0.975961391496784
0.0202798310687264 -0.023722677885073 -0.877992682590115 -0.350749798362959
-0.013936885417844 -0.0564609216050682 -0.53309296856455 0.530134210495027
-0.0190960462093794 -0.00347279105663122 0.119638380061791 0.476353654486241
0.0100319407463708 0.021499579095753 0.229950398713802 0.0756004758648273
0.000582845237431927 0.00822515814258856 0.0652832136881847 -0.209857171627337
-0.0157142122024438 0.0231792271731826 -0.0204732759884312 0.173381564770362
0.00311949576656251 0.0203993997066848 -0.158816858522056 -0.0346554072615394
0.00447294988594475 0.000953277570080843 -0.0746384268007382 -0.444053469413481
0.0146978337417256 -0.0358494513798106 0.474872511983096 -0.413798334674546
0.0462225255176772 0.0136635855769477 0.779231915249596 0.354047660147699
-0.0192270139080813 0.0426295628894275 0.0678063412753351 1.00596567638077
-0.0282474781890297 0.0136776281205581 -0.542039554131428 0.521457379775392
-0.0257865051920338 0.00814863280170603 -0.0307179368816391 0.111358270842084
-0.025036250687027 0.0305533393073228 0.508533897375932 -0.415493150288441
0.00553024846606671 0.0139050101917397 -0.0500630314259362 -0.978300029128507
0.0163822320073548 -0.0268667950416003 -0.871863835138423 -0.380681276193685
-0.0160284543163296 -0.0467663487610641 -0.546421826091582 0.512102361753557
-0.0170498785204581 0.00594851118342763 0.110587455193059 0.478584574420516
0.0146498204092584 0.0265213395988059 0.229708443788473 0.0833978466088367
0.00778373289615805 0.00991759261302158 0.0601937572015466 -0.205475045645478
-0.00844361070816454 0.022789312894257 -0.0271631832452307 0.17628891484501
0.00692958005025955 0.0230463748492258 -0.162045542881459 -0.026137271933945
0.00488211873329875 0.00970681308830757 -0.0842936721875019 -0.441535680454483
0.0116615393055435 -0.0260653787875857 0.462487592022924 -0.43194439109953
0.0423570885632334 0.00858584126368179 0.789143925334411 0.322476426415003
-0.0151241446843401 0.0314032019283895 0.100353284568707 0.998938514268455
-0.016906928408086 0.00684360086414084 -0.528426019895207 0.532974859145827
-0.0150910406243401 0.00392866545930063 -0.0332457229756952 0.115568652947241
-0.0155583791302395 0.0227713321396075 0.518832630057712 -0.400755095595226
0.00847956449555546 0.00282925090074518 -0.0163014591425528 -0.984816026626067
0.0131561053703897 -0.028787561413013 -0.861284719518563 -0.416946313208164
-0.0171578822625846 -0.0391614239197316 -0.563556847607268 0.48934102115951
-0.0167698174393724 0.0144517608759379 0.100449133586514 0.478296941050437
0.0182477018906604 0.0285865237355891 0.226728214333345 0.0923088881555154
0.015745088076473 0.0103855520170616 0.0538596638407081 -0.203529721990421
-0.00241207636917947 0.0216832669100597 -0.0350691259980261 0.178608345641198
0.00926023391186685 0.0225284746129716 -0.168624274081931 -0.0190545419090152
0.00423635518474964 0.0150565679743186 -0.0944565515970417 -0.441631609367933
0.00856494080611895 -0.0190219472335744 0.452100914535946 -0.44857160665601
0.0415654461718886 0.00457460268104252 0.800316311673649 0.290867760242715
-0.0117399348127646 0.0220821832094762 0.134739904606376 0.985286459671127
-0.00813091181676521 -0.00244742292098727 -0.509633654991106 0.539611619576466
-0.00484750047816044 -0.00266732780150993 -0.0299635559889496 0.118204347794698
-0.00717975084113198 0.0130558020135682 0.532508610468756 -0.392285463247137
0.0126123732356989 -0.00775947137602892 0.0173463172546172 -0.991562264677362
0.0129288615451036 -0.0314048997811928 -0.846753215808776 -0.452708425036065
-0.0188712953396359 -0.0306562881952944 -0.573092288018381 0.466365710640447
-0.0187312824374697 0.0204567265126151 0.0891803978681719 0.479790497260273
0.0206583890688887 0.0288644747952945 0.22051348369221 0.0995238145975163
0.0244257495529766 0.00979999515365095 0.0478066942688171 -0.202005381524963
0.00202117470023948 0.0190872153148621 -0.0401555003971678 0.17931606875743
0.00972399215328491 0.0202961477171713 -0.174712921608487 -0.0144389713904442
0.00183825126746774 0.0162239884988643 -0.104832430836355 -0.439855972803903
0.00823178072455407 -0.0143961636112661 0.442907219640839 -0.464851951595841
0.0419471978629405 0.00391057021771808 0.810912785576008 0.259173866929513
-0.0101554566315577 0.0148972251185066 0.165831041257418 0.973472853969566
-0.00140432367582067 -0.0103703677307112 -0.488244385405505 0.54533713209947
0.00417617972972941 -0.00946782270753081 -0.0237331171751453 0.119078744921723
-0.000889254556255575 0.0056190069826274 0.550063609942254 -0.385221017628346
0.0141154053993006 -0.0133001483651998 0.0517971431778751 -0.99961078881744
0.0139526812536722 -0.0311498452940808 -0.831474611106432 -0.484449000160171
-0.0185689991828133 -0.0273831531444989 -0.58390353923344 0.44455551082901
-0.0228480364933764 0.0208691974960689 0.0784937543553832 0.478467398932894
0.0206013319675308 0.0263153577417844 0.21427584952752 0.104864342089107
0.0299198137085408 0.00833914852565575 0.0397526378303579 -0.203651069865687
-0.0331201641056446 0.016549192760589 -0.0134915618897644 0.164754195705137
-0.0177573485970315 -0.00403899414433562 -0.167911667966875 -0.0563162741787402
-0.00972944792081078 -0.0389629398914619 -0.0761752286750707 -0.449236205323427
0.0269683344281638 -0.0602122452411815 0.496264837764384 -0.391732579441438
0.0636360687440331 0.0297822479442129 0.788372469438168 0.384373361130516
-0.0293644043529055 0.0678607899202616 0.0563641505282303 0.995235539669463
-0.0511590711166207 0.0173488712787592 -0.519783970487962 0.489671316478626
-0.0447965416590883 0.00515184768292963 0.0112625803964954 0.0860487360210766
-0.0443112316491224 0.0394896933487291 0.510567970676526 -0.468831808074692
0.00132131578458836 0.0396198294263393 -0.0987352717573515 -0.989966742319694
0.0334946549263892 -0.0170026234626478 -0.873034148979148 -0.316350121907731
-0.0100408229338454 -0.0706566382988703 -0.503118043729089 0.55349110229422
-0.0320031271219368 -0.0274668177776819 0.130746052891688 0.471253959608348
-0.00368747343195228 0.000893469757521805 0.219186092323054 0.0580081358939531
-0.00849156392700224 0.00154428748067508 0.0591638235403983 -0.219523430876986
-0.0315466442612944 0.0197542979786928 -0.0110416231836925 0.166384461726262
-0.0126968504198292 0.00113717073915025 -0.162022834057531 -0.0539963396068521
-0.00536867330837192 -0.0322244289300946 -0.0725259960103904 -0.448178695264231
0.02506279530313 -0.057420549357483 0.495673124734117 -0.386536127839641
0.0590212405097719 0.0278060589308234 0.780298064620099 0.389209434199751
-0.0287178602667069 0.0672212879066243 0.0473431808503415 1.00347464618983
-0.0503072871343911 0.0202646945396625 -0.534439159373987 0.493539736073085
-0.0453989597845749 0.00962180320117702 -0.00125065471586466 0.0911256321866242
-0.0426625408751409 0.0419801405991987 0.501051580005718 -0.461638795366809
0.00178427528766301 0.0381094518154627 -0.106802343786917 -0.980093589518888
0.0294599349977001 -0.018984162005649 -0.878224079635984 -0.310940429847656
-0.0113916688473382 -0.0678516837623694 -0.504072706000325 0.554300616813253
-0.0269022426136315 -0.0212747217222391 0.134986567201293 0.470357668462269
7.42920278739619E-05 0.00836980482458173 0.225649907216876 0.0597640296570881
-0.00885820845074016 0.00370702441760015 0.0620730650597472 -0.216561502670321
-0.0269340385921866 0.0208710755482667 -0.0106520887821066 0.168538015673187
-0.00742909834991266 0.00816975938415436 -0.1588998082857 -0.0474357634945428
-0.00068000260145425 -0.0229074956132543 -0.0720044885520786 -0.446584452566006
0.021712845693182 -0.0527042090769908 0.487059432351082 -0.391733686767446
0.0549337010029068 0.023983222910569 0.772630758316281 0.382137123076626
-0.0269482508651167 0.0620297921471709 0.0471463822233317 1.00732040232463
-0.0452673700667883 0.0215522842037595 -0.540370658786948 0.504319709387669
-0.0425467864835359 0.0115406542295979 -0.0129368994664007 0.0980061397864528
-0.0389297733807877 0.0415062226832346 0.494957809761095 -0.449245162997739
0.00214173087787044 0.0325305244282327 -0.106077364415494 -0.97401887596788
0.0250005064746572 -0.0210642431843619 -0.88344532913062 -0.315560095422502
-0.0130156695638861 -0.0627233753636464 -0.510641485848274 0.550110824911324
-0.0220005305156267 -0.0133208392109044 0.132644444980728 0.471560430410101
0.00461743776744752 0.014945308728573 0.229757989389511 0.0638138376133896
-0.00536053007057524 0.00605326543062699 0.062698731466272 -0.213685025091236
-0.0218090554761791 0.0235205767841963 -0.012790586416505 0.171274644946072
-0.00219243259810189 0.014679606413464 -0.155730822649997 -0.0390464537347847
0.00251287130542122 -0.010202485567812 -0.0758524634802433 -0.442677128002899
0.0175180844808418 -0.0446081238713858 0.477630696671588 -0.404404481226837
0.0502040272570663 0.0179464125846928 0.777956821229936 0.364924139198672
-0.0223981808446076 0.053348775641021 0.0622922734784132 1.00768909440346
-0.0380033361388125 0.0196373311156988 -0.538609382310535 0.515767405636368
-0.0348372980528262 0.0106859233160881 -0.022629783067297 0.105051273466788
-0.0326377726863178 0.0381389642230014 0.493183279065243 -0.436745536630853
0.00353896625182901 0.0240691022225814 -0.0924977330132424 -0.974134063150525
0.0198847171454451 -0.0238653671709584 -0.883037346123264 -0.33454356879875
-0.0147081144633269 -0.0552310401488549 -0.520341957338462 0.540626725744423
-0.0191068467995781 -0.00359525848604709 0.128437600441879 0.473160232009443
0.0110307216028497 0.0199740966692072 0.231287028658837 0.0707798056966361
-0.000897600828999871 0.007416576204438 0.0605516287825874 -0.210482548546439
-0.0150116700942504 0.0237832548018515 -0.0186854090045254 0.173724104130525
0.00336027889568215 0.0198766694351317 -0.158731223613986 -0.0307514600749243
0.00427670901581542 0.00124155198475059 -0.0823058477671363 -0.440723536797831
0.0132848547732397 -0.0357969951895416 0.465129124260512 -0.422476328651843
0.0458397274820081 0.0125146809325552 0.783956673283912 0.338263072805039
-0.0186537936996426 0.0429475212085269 0.087174025203978 1.00239057938544
-0.0281920176461652 0.0143269876664092 -0.53163213883251 0.530050930024892
-0.0260227551696766 0.00853359422962291 -0.0296560730834203 0.111146504718562
-0.0243692438804613 0.0321588549360515 0.499361872493013 -0.423135769862143
0.00633550145288278 0.0140299341268457 -0.0680131272780736 -0.977257132022642
0.0157963995901306 -0.0273820932612299 -0.878430222488017 -0.364092784754891
-0.0168538915890793 -0.0463326611238619 -0.53650790426524 0.522923161010128
-0.016657171371264 0.00578573838842967 0.119080540892047 0.474723460936063
0.0152955152882802 0.0240413085089023 0.230886063936351 0.0794811279949679
0.00765245516967964 0.00837619153609719 0.0569691139475364 -0.205939542988153
-0.00757451157265489 0.023777796534688 -0.0253179789198362 0.176513607314738
0.00734444187339453 0.0231085425213724 -0.162185310070645 -0.0221904162081173
0.00587602352309268 0.00985675749470369 -0.0923430956984868 -0.438891803884411
0.00980008676282022 -0.0265264197862882 0.452046126760698 -0.44083542973452
0.0433846460751791 0.00733385061057269 0.793244309458887 0.305032010901981
-0.0143267438675581 0.0313184094981499 0.121388418730947 0.993693412624511
-0.0172845022261927 0.00669156009161515 -0.516128899220832 0.542049000973317
-0.0152266131805127 0.00286335922701624 -0.0310988248548445 0.116033206370183
-0.0156224435200524 0.0236449492914737 0.510871231971158 -0.410054322343633
0.00852808359300824 0.00220150735887016 -0.0359671155518201 -0.983794706975491
0.0127620789544368 -0.0291156426856815 -0.867201057110825 -0.399692185595715
-0.0185524207702651 -0.0379475035328609 -0.553419838818103 0.500733537349122
-0.0161933436508323 0.0145195698539749 0.109708565213455 0.476125797726565
0.018168168521627 0.0272151487646819 0.228504417646641 0.0873429374476109
0.0160975042631846 0.0098083307364308 0.05120607624789 -0.203476466069501
-0.002289963831596 0.0216843559496983 -0.0318282794869563 0.177341160097687
0.0095015380068046 0.0223217766104111 -0.167521951694175 -0.0144845028092898
0.00529721088148048 0.0149422524299864 -0.103057352805971 -0.437372182277224
0.00866753763893394 -0.0191052675674886 0.44204349748547 -0.458319794983203
0.0414196529387828 0.0043046365316528 0.802778100941106 0.272246480211915
-0.0109751668703245 0.0219964109897828 0.15372063759917 0.980534527621183
-0.00683499070260912 -0.00244806343094318 -0.497941119931342 0.548898223734222
-0.00406280916150354 -0.00321093224621031 -0.0281772177868304 0.1188929423781
-0.00808293698924295 0.0139411937785353 0.525849435109628 -0.399328327046669
0.011698128719868 -0.00738586311685047 -0.00101277644506846 -0.989387789675282
0.0112090309894822 -0.0314229742586763 -0.854096979464513 -0.433093408521197
-0.019344885082827 -0.0300523495987179 -0.563825621639716 0.477208362990964
-0.0179088913547991 0.0201449040256868 0.097300046508446 0.477063591893861
0.0204819124177798 0.0272945171739822 0.223665758249427 0.0950609207658943
0.0230187399880425 0.00943332682281721 0.04500387886597 -0.202272377756976
0.00325649517833186 0.0189549446382286 -0.0389920799640639 0.179530509719536
0.0103416159217652 0.0187066868352272 -0.174774229223651 -0.0100036557357032
0.00338089522287344 0.0155648023641086 -0.114199012056736 -0.437254711833249
0.00799058948011779 -0.0139287389086849 0.432754557012687 -0.475014215619394
0.0420473660884864 0.00215638136000527 0.813932404887439 0.243479293471232
-0.00959796805682173 0.0148538772726562 0.185016320701125 0.967609863633533
-0.00161476233957396 -0.0104578693728641 -0.477296763641292 0.5536581206349
0.00411894594083986 -0.0101451514749297 -0.02141659688256 0.119023184928512
-0.000472025361213326 0.00611647189135148 0.542251365713383 -0.393724829690309
0.0140703111195771 -0.0137613700535915 0.0332463892737983 -0.998827840509499
0.012693611396524 -0.0318123246389395 -0.839681753153368 -0.466880982535285
-0.0200103613884648 -0.0257627788627888 -0.572596551818019 0.457301078929606
-0.0216815408459605 0.02137958240593 0.0883109959233536 0.476100658740551
0.0204893231335776 0.0248135082708451 0.216546845248442 0.100017085631357
0.029504733834358 0.00761414316727628 0.0362683466517814 -0.203431669017136
-0.0324490845916858 0.0168217695863122 -0.0106429523625369 0.163631930849125
-0.0168086780753337 -0.00411823345758545 -0.168759389972695 -0.0518774627000901
-0.0103130859531912 -0.0385580154441779 -0.0840269598313932 -0.445778439823321
0.0259667241194939 -0.0591451608998619 0.486692587935617 -0.399265299589212
0.0634136846230129 0.0290249995795953 0.79443108255392 0.367435562619796
-0.0280249571419212 0.0686913464238851 0.0762836281710976 0.988714532159709
-0.0497548519676979 0.0174086802673237 -0.509320504667606 0.495951599668907
-0.0439486911562549 0.0046845044361659 0.0123584990673095 0.0860513053522378
-0.0431219694969061 0.0401574217449103 0.50164743034597 -0.475847346705295
0.00207223781005764 0.0397721192823319 -0.114827252730622 -0.98391729091321
0.0329623303052101 -0.0170013801191848 -0.875026980280926 -0.299782989191627
-0.0122042257106294 -0.0695610562000817 -0.488827135459027 0.561847452926408
-0.0317184451456333 -0.0269256075788334 0.13808290343738 0.466650783320378
-0.00302339671559635 0.00123035535219814 0.219629000505375 0.0537671590793206
-0.00905598807750322 0.00125561340621566 0.0540872883754288 -0.219040272236068
-0.0312015514092577 0.0196641933463642 -0.00747372790599988 0.165339471212071
-0.0118701954349136 0.00177059126800221 -0.16264017121904 -0.0493861419120533
-0.00494901931242434 -0.0316359892894183 -0.0805435998319405 -0.443955500040929
0.0240835864751438 -0.0566914531436801 0.485048473755063 -0.394189552311772
0.0605066011487508 0.0264341277468219 0.782449286162435 0.371530297132834
-0.0270128622904143 0.0667661156637087 0.0646754910215678 0.997353527473082
-0.0494422042788175 0.0217714246519932 -0.522679037376174 0.502514130703177
-0.0451462719605853 0.00975959840692 0.000511904497377653 0.0914635827426574
-0.0420949349689194 0.0431780745274581 0.491968230539462 -0.468510796905536
0.00245764684365242 0.0379360552078016 -0.123505397198502 -0.973991637408695
0.0289235015865673 -0.0192170577760086 -0.881364386615288 -0.290704130848396
-0.013659077427071 -0.0675311119895779 -0.490858740719291 0.564650056383521
-0.0272250358950349 -0.0210873104616046 0.142075176268892 0.466258671152711
-0.000236135987054067 0.00721000382960778 0.225624464125773 0.0555439773215892
-0.0102070305242657 0.00364656412172452 0.05899237403313 -0.216604232964276
-0.0274363334251724 0.022596696737111 -0.00872121908651425 0.168190745645911
-0.00654601469242343 0.0081083064185393 -0.158656214124076 -0.0443058717678095
-0.00106415221518261 -0.021404728972461 -0.0800478510555369 -0.441067272779652
0.0203943271336784 -0.0514205019934988 0.476212000887735 -0.399839050598002
0.0549243081902069 0.0227324571523868 0.778805027493995 0.366373685562035
-0.0253300473745348 0.0623858533519387 0.0679112221840089 1.00041708981737
-0.0448557979117691 0.0226171101940991 -0.529411602726245 0.513363792490289
-0.0419204763888753 0.0119224930086597 -0.0120021533548765 0.097895228320445
-0.0385790856652699 0.0430346228295264 0.485829246710361 -0.456111478672682
0.00308111960103138 0.0324638832292061 -0.123039159669479 -0.967797513041424
0.0244372474072959 -0.0221714324131371 -0.884150294766411 -0.298099876407586
-0.0147413899373053 -0.0622410901979035 -0.496722667286799 0.558539352691157
-0.0230068787476361 -0.0127701832990917 0.139670948503627 0.46594469768784
0.00465570869516953 0.0134751762885923 0.229185069199259 0.0601096658164303
-0.00606913945956826 0.00565373540168916 0.0595628363768198 -0.213837877854052
-0.0212690240823851 0.0241013018981056 -0.0115031435500459 0.170916131765289
-0.000718610494289802 0.0146763595293724 -0.157430001722796 -0.0361953172599132
0.00242052429274669 -0.0102754337963503 -0.0837031356035838 -0.440447675332186
0.0167626695004529 -0.0440501300987612 0.466891335590334 -0.41153539696074
0.0502555282309003 0.0170936551844854 0.778590835016133 0.349923401307507
-0.0222262001311402 0.0533781000661091 0.0818153889649342 1.00129858208046
-0.0363111886897237 0.0201635514391175 -0.526865415394779 0.523400127981725
-0.0344188521961692 0.0118983237693525 -0.0214923148899554 0.104591354381304
-0.0324159886939222 0.039350489964497 0.484599485052595 -0.441796277164318
0.00448122359782134 0.0238250069790461 -0.109365463548384 -0.96856387640921
0.0195783439898861 -0.0248768388811615 -0.885045763574273 -0.316274646396251
-0.0162216205111414 -0.0545038341090573 -0.507638317687861 0.548303520135723
-0.0179079941074355 -0.00326766475140972 0.1369217690347 0.468681771272651
0.00974119244301343 0.0187105365716749 0.23206909339649 0.0672823311306617
-0.000566436138187224 0.00783459953013603 0.0574881672693946 -0.210950084901672
-0.0148578191460121 0.0249083024520584 -0.0157981086676244 0.172788744237521
0.00390515785974409 0.0198761089376077 -0.158439059435501 -0.0278065902950763
0.00555100985582502 0.00114848782894543 -0.0906370597877765 -0.437423377740751
0.0120641677473798 -0.0348447396742347 0.453593861977185 -0.430441793577832
0.0458890215410936 0.0112049596833323 0.788903904562444 0.321109709335792
-0.0174382936122018 0.0436345008164066 0.106795787301496 0.994877069829514
-0.0270192107739344 0.0143728712775739 -0.519241844601951 0.539077704621486
-0.0254172101382384 0.00931703443963509 -0.0278692333820596 0.111534079815537
-0.0243661423146414 0.0320597313582468 0.488766836492845 -0.42985799750553
0.0055380381776575 0.0140521719984552 -0.0859020284688682 -0.968425671903828
0.0147536556709729 -0.0281711291894943 -0.881270194519899 -0.344106605660272
-0.0183528674974546 -0.0459721367750438 -0.524144640373536 0.531016387007488
-0.0159844123117839 0.00594667568089419 0.1275610363133 0.470869501147398
0.0152735189792084 0.0227879152947801 0.231643613577016 0.0751331549158096
0.00640042560769522 0.00836260158772126 0.0534072970065826 -0.205981076941975
-0.0071833764364375 0.0246016077510577 -0.0223490709207339 0.175266536335201
0.00808537288388023 0.0223262070108584 -0.161767998723328 -0.018307256690136
0.00658134212539178 0.00955253402885383 -0.100752719153544 -0.435935906036884
0.0098148352407611 -0.0257395342112542 0.44096469024912 -0.446979556640288
0.0431340551473083 0.00655858557715107 0.795326588002124 0.290240081791011
-0.0131921276450194 0.0316524932901705 0.13874808497024 0.986685596321934
-0.0161326161290678 0.00671974727323946 -0.503307408106605 0.549238714779433
-0.014106794177561 0.00350214834632455 -0.0289279094126396 0.116915271870075
-0.0143068850004061 0.0234408390876121 0.500701329688116 -0.416404825548895
0.00857209985044288 0.00235166438421956 -0.0508463754950594 -0.976274907246917
0.011307613895908 -0.0302474783430998 -0.872371915176452 -0.379581511103392
-0.0189626130611467 -0.0364788126622827 -0.537759630435529 0.509831889936497
-0.0157703757345067 0.0151541290412215 0.116693394698199 0.470463545631559
0.0193829250839737 0.025566764619528 0.229254306963568 0.0833083370511998
0.0152751106955233 0.0087024508801259 0.0477847698656048 -0.204406346228603
-0.000833824913794782 0.0221129216067137 -0.0300404079822119 0.177494735278148
0.010797614601027 0.0218544495359194 -0.167097274601162 -0.0117421114072524
0.00611225688815172 0.0151028818345914 -0.109728456641518 -0.433367202564768
0.00746417544931869 -0.0176281597157463 0.429518735925427 -0.466219729970311
0.041531880474441 0.0035299901163316 0.80490459889763 0.25509469351498
-0.0112720138010957 0.0223878988720459 0.172389804953532 0.972628868735693
-0.00867611967144123 -0.00245429818671977 -0.485705457482678 0.555929927313651
-0.00380414786402131 -0.00311479953592034 -0.0264856849005399 0.118479954849429
-0.00733340025887389 0.0146827391510968 0.5159837579837 -0.405176244180392
0.0111735831236314 -0.00668107966565974 -0.017345190224935 -0.985171541090813
0.011014027016351 -0.0315128293781033 -0.856835047221472 -0.417434558928865
-0.0211480395739848 -0.0296900297648336 -0.553186567029686 0.485912591972743
-0.0172779647095438 0.0204949997083452 0.106180149203594 0.473195577157763
0.0208148827865013 0.0258301231897185 0.22411023743599 0.091777787377921
0.0227359640779091 0.00809357656957801 0.0411533475026464 -0.202032303856177
0.00411094268712244 0.0200170592772551 -0.035094667104208 0.178795570682816
0.0112562198373073 0.0186271066899286 -0.173732995064462 -0.00645428749174581
0.00362938139937944 0.0167727302081307 -0.120677974224661 -0.431368343338355
0.00710961049084444 -0.0131196487570589 0.419427868218569 -0.479070281522434
0.041853596963413 0.00205971049891999 0.814952395645047 0.226298932025335
-0.00880077663806127 0.0149225676420922 0.201668250133818 0.960713906625404
-0.00183847007492803 -0.0105303917909719 -0.466016018884752 0.559657414856693
0.00374389928324118 -0.00942111446725541 -0.0196507702091005 0.118587511464918
-0.00107618903442261 0.0063666296424221 0.532138555498888 -0.400534460714153
0.0135838627648258 -0.0136292884316267 0.0146494478172913 -0.995145978198499
0.0121065323982273 -0.0317738068684162 -0.845895556205003 -0.448937866780287
-0.0211046582492413 -0.0246647245952531 -0.561374309010054 0.466764153336663
-0.0219693354198494 0.0213179404011148 0.096825542575693 0.472797684816824
0.0209378294380704 0.0231249041803188 0.217680450475012 0.0965397188203221
0.0285208209353473 0.00652298468782641 0.0333237512957448 -0.203404884990413
-0.0313209139268919 0.0184467584911217 -0.00811007722539174 0.162639633065195
-0.0162306712218746 -0.00462209738655024 -0.166889294654237 -0.0483184428976245
-0.00991855327380677 -0.0379666887254018 -0.0924131973795961 -0.439962537214852
0.0241990917852348 -0.0598727222263574 0.475929181600358 -0.40429310542805
0.0642486354222816 0.0271715531986381 0.792382909919452 0.350584080653277
-0.0258602823512677 0.0684057005873872 0.091789595113597 0.981806417228135
-0.0486791264894347 0.0188425444168919 -0.498110251695634 0.500380448562606
-0.0430532166343406 0.00633558081788606 0.0135357477097501 0.0845704617447604
-0.0429427328813752 0.0412309340188653 0.491228879539111 -0.480034383280483
0.00302350411405371 0.0384269482781249 -0.129681395992552 -0.973146398224552
0.0325022501769346 -0.0183487323843649 -0.873880179428473 -0.281085399042119
-0.0121148801436341 -0.0689084676984119 -0.475560857615404 0.566339243925744
-0.0320448973449589 -0.0269583967877789 0.145487807519017 0.461308556833552
-0.00325881045001233 -0.000152515614695007 0.219193839615032 0.0504505919567825
-0.0101722157348269 0.00106050273608961 0.0510884570856554 -0.218122684390491
-0.0304347374518099 0.0204187161975288 -0.00648433032084077 0.164518787815073
-0.0116234911978976 0.000307703809754519 -0.16192482534755 -0.0452167255153008
-0.00524383119066864 -0.030398539637104 -0.0870704884758557 -0.438099522169522
0.0227893015796549 -0.0566768088379686 0.473630324781403 -0.400671256913993
0.0600037502171478 0.0257152475566954 0.783903389963346 0.356171380123609
-0.0263439608978554 0.0676939925235891 0.0807197398195736 0.988967672201334
-0.0483607103171026 0.0220316812791678 -0.510722656810931 0.506642078508822
-0.0438109524396986 0.0100828844183748 0.00158097168115466 0.0901878496354512
-0.0407786606358614 0.0443910340078696 0.480111489660457 -0.471937963588823
0.00264622488708723 0.0369760065041181 -0.139458104781533 -0.96510709679862
0.0285170875416444 -0.0203078751036195 -0.880038425368245 -0.272560976178421
-0.014020172427069 -0.0668696875133047 -0.477584204439011 0.570151719282146
-0.0274502453410664 -0.0206614837365403 0.148128220833333 0.461377103247984
4.42990369866544E-05 0.00553491741642165 0.224340784761399 0.0514968440890749
-0.0104712727580879 0.00359932069146181 0.0549896861151422 -0.215683927850115
-0.025650014668858 0.0232568119235337 -0.00739003666019727 0.166723748348528
-0.00581321097456471 0.00794451047465024 -0.157506978874182 -0.0407160983481847
-0.00094809148981148 -0.0214393557909929 -0.0871712951191521 -0.437138616233572
0.0192416972516865 -0.0517862544132493 0.46628188843892 -0.404363461457994
0.0553884099024476 0.0211356208659177 0.778473851850033 0.350629511714595
-0.0240430541379383 0.0621209763254128 0.0820932373118466 0.993776568917329
-0.0444068710386999 0.0231374064692638 -0.518446846053338 0.517837258069064
-0.0404602818900757 0.0121297900866741 -0.0108049954990607 0.097012054246411
-0.0376870315463946 0.0445087532176791 0.475640254212413 -0.460852219523925
0.00365009710719498 0.0325429054456515 -0.138434693862706 -0.957715135553316
0.0233280131320856 -0.0223450258405194 -0.883513516678262 -0.281129832047703
-0.0151955123833768 -0.0612508581887408 -0.483917588407234 0.561865130529899
-0.0224905006877415 -0.0119815800865847 0.146380668857743 0.461625606018324
0.00532176780446437 0.012637683193897 0.229633302053791 0.0556562696790386
-0.00635198542422846 0.0049843105859405 0.0561338248577397 -0.213115307017682
-0.0201987649962331 0.0241853053879824 -0.0089574367812766 0.169026047758411
-0.00083136836982959 0.0137159263088943 -0.156859522296257 -0.0322878150212652
0.00330456940003798 -0.0109037513334239 -0.0908624829124396 -0.435605452105134
0.0155289231663864 -0.0432957956484633 0.457464077258964 -0.417349652575499
0.0509199957529939 0.0160224552293555 0.779640261025952 0.333211949810654
-0.0199531014216225 0.054241273831837 0.0980198967215237 0.992080353312161
-0.036481349167823 0.0206165465322047 -0.515414300215554 0.529429857266004
-0.0343520615529153 0.0125353950515816 -0.0192058160462179 0.104762182773841
-0.0310452182338347 0.040217590221531 0.474597556488258 -0.448018882892138
0.00532561513920279 0.0235746673401362 -0.125702923053141 -0.958704185210498
0.0178972703832356 -0.0248316124784752 -0.882444223958426 -0.299062950660195
-0.0171537910037805 -0.0536931331686491 -0.495581771627638 0.553840198773766
-0.0184676988334176 -0.00256696745261393 0.142462480206363 0.462952209225128
0.0101933710060609 0.0173575729717162 0.231759199753551 0.0630002185140006
-0.000876700509863701 0.00727982745976431 0.0544294824407962 -0.209192283069847
-0.0127317139741484 0.0250651183683533 -0.0135428821412861 0.17170272827687
0.00491595420345023 0.0181684605629413 -0.157290984796578 -0.0242843960265485
0.0055535637630236 0.00141248707639004 -0.0977982066550992 -0.431992144989542
0.0120553417722919 -0.0343585356882692 0.44454478712989 -0.435297616136186
0.0453686429376175 0.0100835018138202 0.787400952200174 0.303962140280448
-0.0163495405505915 0.0433656812237652 0.124219686840546 0.985667590915156
-0.0263710500019197 0.0152866074232239 -0.507343675501523 0.542437036697668
-0.0241555990220734 0.00884150235750882 -0.0255871659152626 0.110715876514288
-0.023873075481841 0.0331654282443202 0.480645751209285 -0.433273916535419
0.00624087803471596 0.0132476594736637 -0.0998240788123904 -0.963057760420533
0.0139808041846248 -0.0274248629243815 -0.879630618493347 -0.327698868557274
-0.0182724347307787 -0.0449288440769033 -0.50980144088057 0.53625950408074
-0.0150522523272894 0.00596869706102832 0.134671248235621 0.465121118107732
0.0158512034547153 0.0219758700336445 0.232050320755848 0.0702550339910137
0.00625762725126814 0.00694242811156661 0.0500048026452864 -0.20499427185725
-0.00580242062866452 0.0239658835541118 -0.0200796545941227 0.174856162396854
0.00864917719368412 0.021026347945257 -0.160784025496582 -0.0154226349457189
0.00723006658317783 0.00971462853731616 -0.107072119811299 -0.429944127123074
0.00882629379291736 -0.0248767454798055 0.430802378394534 -0.451714878583077
0.0423513483930386 0.00612804778896771 0.79680841929777 0.273161716278898
-0.0129139870150426 0.0321196935060419 0.155736611685159 0.977658095829573
-0.0160014114820081 0.00657938464377336 -0.492856138269198 0.554442138048237
-0.0136528615612991 0.00343491710771303 -0.0276426720226141 0.115362159516347
-0.0146715301532138 0.0244658608776199 0.4916033876479 -0.420417160808393
0.00870633545177774 0.00249864851462825 -0.0694016252607383 -0.971474492395447
0.0117711620376784 -0.0298039712705911 -0.871157768739173 -0.364107836131631
-0.0206812939438098 -0.0365271697926296 -0.527379714077668 0.514642107528361
-0.0153438697813211 0.0145442702204256 0.124834035765695 0.466298199857485
0.0194733266290396 0.0245727937032924 0.229121835692356 0.0796338786460409
0.0148663978493596 0.00822191142708962 0.0443200040036282 -0.202810789295288
9.72660182870545E-05 0.0226927541686875 -0.0272417004070648 0.177360939426462
0.0113261830267352 0.0207104152755912 -0.166377825559183 -0.00897640421347238
0.00706828416401288 0.0152337805264647 -0.117657401198191 -0.42799308504957
0.00795850219258747 -0.0176925635620157 0.417612461423304 -0.470227173202289
0.0416615784831709 0.00251834697127309 0.803644743331018 0.239858318763898
-0.00990900759226314 0.0213286129883558 0.187952370212253 0.962536840884818
-0.00766597272078144 -0.00282865580245796 -0.474283422395324 0.56119482859391
-0.00343835489729639 -0.00406679283633031 -0.0244449664351785 0.117873018354989
-0.00704168142766362 0.0147588046625491 0.506449023008081 -0.411966236827975
0.0103209473343059 -0.00714009732751186 -0.0347462999088249 -0.977883521138151
0.0101181286832404 -0.0317255729834892 -0.86003584639015 -0.399545337929806
-0.0209231642213291 -0.0292522134433959 -0.539720419267909 0.492616280706614
-0.0170114007005775 0.0200688463832511 0.11326684085089 0.466992845729116
0.0217856326155745 0.0241368958321999 0.224832612699779 0.0869712308243537
0.0223325423424577 0.00747613610227037 0.0386274897689989 -0.201195520696291
0.00498942245079646 0.0201464726216632 -0.0329613913558984 0.17795258388949
0.0117724649851562 0.0191528911231044 -0.172246343559781 -0.00327513147502215
0.00438796907309148 0.0166597340085318 -0.127954163109813 -0.425111303612396
0.00697275536627474 -0.0123044585500709 0.409792074368768 -0.484748800059196
0.0415183118047308 0.0013311956685758 0.813285943058215 0.210157668446934
-0.00818055004312727 0.0156128552118549 0.218623715658539 0.947985246861059
-0.00216896634765584 -0.0106855516321813 -0.454361378706698 0.562799442169785
0.00394891525969246 -0.0102819151209286 -0.0178445142962783 0.118045213994718
0.000211228968512595 0.00659649659758851 0.522429833130999 -0.405724473299679
0.013230011776885 -0.0138678312261563 -0.00143756366975108 -0.986742062393837
0.0116422840175026 -0.0317800764207146 -0.846736171897544 -0.430978212673952
-0.0206684343019341 -0.024797935034329 -0.549909508355447 0.47482845904095
-0.0201136004474498 0.0211784800783384 0.102771413767755 0.468639743918555
0.0207809950536298 0.0224755432673452 0.217995858014528 0.0919488313209716
0.0265992989004042 0.00579760696270364 0.0308406382810995 -0.202086007698094
-0.0302366398104731 0.0188268339883983 -0.00724648890853808 0.161340223215777
-0.0165176462493185 -0.00480465198884364 -0.166114864306289 -0.0443355134914998
-0.00986305734972907 -0.0376538493679779 -0.0973566915889271 -0.435347438900996
0.0231783693091022 -0.0588786997064181 0.463423314546548 -0.40937916441416
0.0638093185587701 0.0258613069003549 0.791335565911582 0.334043959503705
-0.0245692107768729 0.0689581895557977 0.106452451983146 0.970395775080674
-0.0489984787933707 0.0187221228313181 -0.486409588617361 0.503962865094854
-0.0422137228188854 0.00665205949125547 0.0141688613388138 0.084233657525098
-0.0413516778224316 0.0414997417703277 0.480755603111166 -0.483455465229742
0.00279748316267622 0.0393063171255139 -0.143674765735698 -0.963588390213932
0.0319299487372661 -0.0184921335034038 -0.867769685438326 -0.265142842219132
-0.0131666935367785 -0.0684100175221334 -0.463420680352753 0.568251671167713
-0.032358158783776 -0.0261203034258545 0.150068339283793 0.453276505771109
-0.00343105541928163 -0.000944057300286565 0.218695585816536 0.0466260569576121
-0.0103467638244325 0.000647885941155142 0.0485017487123938 -0.216465317243606
-0.0291714628356353 0.0214453223563141 -0.00445340845924258 0.16214748083686
-0.0113951198447112 0.00136924114486894 -0.160746801914988 -0.0421782187187789
-0.00417750429318391 -0.0306304862465881 -0.0927778216088823 -0.433563295635677
0.0208387675191843 -0.0557417822889355 0.461309704129641 -0.403910777547121
0.0602535954337156 0.0236943050542332 0.783320875900517 0.341233832333915
-0.0240205647356598 0.0671761639211728 0.096538478526885 0.978647444346991
-0.0473734377841319 0.0222657993303736 -0.499748936384049 0.509891063946461
-0.0434429028554478 0.0106099525857066 0.00207488338307521 0.0892037152857259
-0.0405099199578894 0.0442799875721775 0.470428915359957 -0.474534837083492
0.00308186660678279 0.0374946542630544 -0.151799420220772 -0.953701062918435
0.0270543962720605 -0.0206553259280823 -0.877098959482018 -0.258789884891838
-0.0155990492042323 -0.0657815895893227 -0.463552916925953 0.571481807941064
-0.0278406964293891 -0.0200942571768641 0.152849959425186 0.45576412054835
0.000175162896800569 0.00530295451501117 0.224244488174645 0.0474242834997183
-0.011067486100344 0.00235706203546798 0.0510468340044868 -0.214112923054069
-0.0247232209634313 0.0237860018058988 -0.00486196124395016 0.165388454336013
-0.00612862540589114 0.00741854575633869 -0.156625796480517 -0.0373515147697179
-7.74072504374952E-05 -0.0214008143501398 -0.0931064918176173 -0.432826063435912
0.0187251967012471 -0.051121818980831 0.455768361233164 -0.408316255593197
0.054982341651126 0.0207044642466106 0.776051846708951 0.335313165277309
-0.0222873594409863 0.0612980265467299 0.0975805057364398 0.982421874447937
-0.0424611256953779 0.0239761695409934 -0.505368456086011 0.521453133434797
-0.0397370826066222 0.0129876414806816 -0.00929195800757422 0.0956959324836759
-0.0367064557186402 0.043631348403625 0.464506159759089 -0.46328350471961
0.00407164458058326 0.0322437502827512 -0.150102269366623 -0.948056801544238
0.0225285600468688 -0.022585534428071 -0.880675996682001 -0.264058810936801
-0.0160185842552741 -0.0609141606731177 -0.472337786105289 0.566899184160237
-0.0224309816531017 -0.0121445915757573 0.152153633804437 0.455762631729002
0.00485911376828381 0.0113331318527372 0.228463030352846 0.051602050585787
-0.00737155846525262 0.0045074920884273 0.0538600643818539 -0.212114197086265
-0.0192208852197578 0.0253114593758183 -0.00732027202092574 0.167517161283847
0.000287693835399642 0.0138576888261293 -0.15507322553633 -0.0285444144002885
0.00402481056076048 -0.0102174384929001 -0.0971012563374599 -0.429762592114394
0.0145336865358884 -0.0427945895915393 0.446369572307976 -0.420194811885821
0.0508303886615771 0.0143944372449175 0.777651405140753 0.31784428565563
-0.0193942667647296 0.0534689897080915 0.112270664146735 0.982554767122433
-0.0351904307374438 0.0210369650997131 -0.502653393123359 0.531221969048025
-0.0334887894424134 0.0124913461662103 -0.0183734107735819 0.103958565916922
-0.0304952002457464 0.0401899823705672 0.464611403955607 -0.449807474329182
0.00479379800702886 0.0235897478103321 -0.139728673184332 -0.947925495049695
0.0175295189254003 -0.0251448585581413 -0.881384222038698 -0.281986893124178
-0.0175208157147424 -0.0532246122710321 -0.481917753784168 0.557761498656629
-0.0176837775954975 -0.00251481022817231 0.147637131982208 0.45721362375669
0.0109451470136501 0.0165125245079735 0.230825880061859 0.0582538596507757
-0.00194355962503897 0.00663607592105946 0.0513899936997876 -0.207978712602692
-0.0121432674027451 0.0250943653202703 -0.0118949598516955 0.169677221769942
0.00522613295363667 0.0176797193541226 -0.155530651876216 -0.0215278896965845
0.00713079443832064 0.00141262271202537 -0.104020575895123 -0.426924239836825
0.0112963179978868 -0.033130012346601 0.433042481867624 -0.438353964386054
0.0466869708170367 0.00926555787672329 0.783843599526704 0.289059228406117
-0.0151109928182232 0.0434492843102025 0.138914423334654 0.975148268564164
-0.0262542408246273 0.0147767784199563 -0.493999787430521 0.544491256775597
-0.0240984853592101 0.00964755019046491 -0.0243532118331241 0.110363535206296
-0.023059115036266 0.0338568942951016 0.469965463432415 -0.435354833842611
0.00619188858160664 0.0136252182106955 -0.112328410878914 -0.950766680945014
0.0133328661002601 -0.0280818938577903 -0.878727512981158 -0.311192237376956
-0.0198615642738403 -0.0444554307219183 -0.49727988069346 0.54083236555028
-0.0154875963000491 0.00695746147295545 0.140612553737791 0.4594647444466
0.0151194710579074 0.0203194228148326 0.231185601969739 0.0671893239648951
0.00565109806486847 0.00733071569493757 0.0465736804530779 -0.204548677618759
-0.00506774749528176 0.0243898281867171 -0.0181426304501932 0.173997368097175
0.00953976676625805 0.0200119699524944 -0.159217664283687 -0.0122910643494779
0.007529817360894 0.00944237938970223 -0.112720154897871 -0.424942660355547
0.00783238686050209 -0.0240615688188338 0.41873209775104 -0.453470759762262
0.0424353100260349 0.00493243201595278 0.790862125730315 0.258561526927884
-0.0116185305744863 0.0323591999976716 0.168714123314126 0.965170480233323
-0.0159770303424777 0.00665079230657646 -0.480194398794669 0.555581771256566
-0.0135827991642901 0.00327306496875991 -0.0254894013263911 0.115796378554843
-0.015401920719403 0.0244057502723916 0.481393408427714 -0.423863380548189
0.0080592367902553 0.00236247308401697 -0.0832318077860836 -0.960994852273457
0.0102800476616005 -0.029853169732564 -0.869995520657001 -0.348529298538319
-0.0216405036114199 -0.0350913861347193 -0.514112095867276 0.519007262092363
-0.0141999959011998 0.0141605481429702 0.128522739864001 0.459811116817409
0.0191619243676048 0.0232488646704321 0.228717220179964 0.0754518733479772
0.0143576295565739 0.00662871118293849 0.0409845150510393 -0.201717928043729
0.000197989860141122 0.0231190082023921 -0.026167834289724 0.17548049787086
0.0118602598135003 0.0199373458487665 -0.164140305559034 -0.00501831078251061
0.00774545326636888 0.0147000200477644 -0.121869282101476 -0.422789226445247
0.00706264949351709 -0.0175948337756074 0.408101630690514 -0.473414176502566
0.0405883162920898 0.00232454139971883 0.799484070028796 0.224734132973417
-0.00957289948629205 0.022664560251347 0.202501129966249 0.95114431841392
-0.00813507023315777 -0.00152823503673483 -0.461142290170414 0.562850074185228
-0.0026482900111917 -0.0036961561992683 -0.02312183015099 0.117441197342271
-0.00714655244652657 0.0153013441824433 0.497729917022105 -0.415237137340977
0.010393024032949 -0.0065527386259626 -0.0462972840744569 -0.969171145617209
0.0086617971858647 -0.0317401166495035 -0.858987202558825 -0.384042473126765
-0.0216942988010648 -0.0284073808083368 -0.528052811460308 0.49821206366447
-0.0154997723597501 0.0196485095213182 0.116826651621418 0.461808969387476
0.0211924701279534 0.0222915092253157 0.224380258601788 0.0835231337918597
0.0213779687932642 0.00686145503731757 0.0349183189592646 -0.200175121096872
0.00530116154217006 0.0200799918344236 -0.0318686585292643 0.176434411137868
0.0117946450875498 0.0174820677924028 -0.171030837876635 -0.000911440657431865
0.00567158222644988 0.0154716429875302 -0.132654066676106 -0.420647199793824
0.00721958925071704 -0.0125826217495672 0.397227324510904 -0.48796732061013
0.0411312170816382 0.000106841924564401 0.809912497490701 0.196783804630545
-0.00766297665417299 0.015871646686651 0.229974303625006 0.9360106736284
-0.00256207573401686 -0.0110332953647285 -0.441170170540588 0.565163215490767
0.00507661038119385 -0.00965719835014033 -0.016324140999976 0.117763442714235
-0.00114301501598745 0.00810146938490396 0.512849879739447 -0.409083230362401
0.0126233707811032 -0.0151199631467802 -0.0167530351081091 -0.979332631054791
0.0101027775860102 -0.0327327826049568 -0.845026119829845 -0.413908403233264
-0.0205785073991218 -0.0235738208745528 -0.539358732842135 0.480497177230234
-0.0199532182174479 0.0215044184691394 0.108799085568729 0.463165592000104
0.0206081286061252 0.0209061248476083 0.21801533561437 0.0879874991633624
0.027051872619085 0.00438255748993737 0.0269948548648229 -0.200722006716938
-0.0296458029415801 0.0191931675697216 -0.00612501839124828 0.159195885067754
-0.0155530689074821 -0.00570788338021641 -0.165791330106885 -0.0425180648154118
-0.00963864174813281 -0.0361257755957028 -0.101588591572584 -0.428958819301079
0.0218119276941399 -0.0575718732963351 0.454200052721821 -0.410703964836761
0.0645475479694892 0.0245628738063236 0.785957847786323 0.320758606606224
-0.0236825849156903 0.0675332525962851 0.118754344218622 0.959208495263643
-0.0480339199446916 0.019958807182045 -0.475890597122755 0.504359156881628
-0.0413383138967052 0.00630200171559651 0.0143995246681182 0.0830173849673806
-0.0415904484555641 0.0422219717087368 0.469972779816075 -0.483411919241357
0.00363085767309237 0.0383356127991959 -0.152292143011677 -0.952515824783064
0.0308553523042308 -0.018814006130487 -0.866963276720617 -0.252292715879186
-0.0141147169987315 -0.0672299594422459 -0.450245742768164 0.570196990186228
-0.0319185447180762 -0.0254446914825565 0.155510716086259 0.448857391211466
-0.00380474411863465 -0.00193305262409225 0.216859212942761 0.0446384623931218
-0.0110322640333757 9.86915171013588E-05 0.0453187880750336 -0.214350701442877
-0.0280135892821551 0.0221667278730405 -0.0035196948922744 0.161059397072602
-0.0108765049419017 3.32831393260306E-05 -0.160012124045412 -0.0398022448229506
-0.00393177625102088 -0.0304312567239538 -0.0979832520831669 -0.428140243989149
0.0205631567554899 -0.0555394021724878 0.453936474561726 -0.406482782824566
0.0596849212577063 0.0229594645187132 0.775835921276987 0.326266975776752
-0.0231698935959024 0.0667854084953202 0.109639297420165 0.96839596296216
-0.0470215874332471 0.0225355850269852 -0.488833569875344 0.50964018398371
-0.0418924867258139 0.0112459649874097 0.00242878290327384 0.0884087526709509
-0.0402548148329877 0.0449180597617373 0.461290835255175 -0.473860092565259
0.00340350028295532 0.0368689647462556 -0.161556270072036 -0.942918695104285
0.0265194865718455 -0.0203630939031552 -0.871263286447563 -0.246718514507503
-0.0159340831113493 -0.0649330226402056 -0.451480650827802 0.572735156144845
-0.0273819434032293 -0.0200544186361264 0.156645504337475 0.44922844863353
-0.000242773088350447 0.00363784431426646 0.222657067186002 0.0455424947540021
-0.0109276378702873 0.0034163045916122 0.0498706482755831 -0.213672814934002
-0.0242351400154177 0.0235300731431055 -0.00449991975506742 0.162813372628919
-0.00517867784317497 0.006400782677163 -0.155836468884759 -0.0341713700265358
2.79225454559813E-05 -0.0213147303778625 -0.0971994170134947 -0.426823628787385
0.0167715997191728 -0.0497496761677136 0.444500780209936 -0.410130086897384
0.0557466026230572 0.0185355746463868 0.773141782426816 0.319720746703003
-0.0208927649902082 0.0618642492983454 0.108430944855291 0.972775197472793
-0.0419877481890673 0.0235655168886287 -0.494817216499583 0.520311701167455
-0.0393390619656261 0.0127623444611905 -0.00811003539177866 0.0957177103437402
-0.0357778439962335 0.0451846306482894 0.454982902560812 -0.463843736469028
0.00386050744458842 0.0314742697968979 -0.158330314120876 -0.935888495578403
0.0223297938293944 -0.0230767701301365 -0.874391348884835 -0.250818464342568
-0.0169205447071154 -0.0596685785560461 -0.459743052492593 0.567287748194136
-0.0219357930167282 -0.0118900852490575 0.156514065764924 0.448623696798539
0.0046728860666674 0.0104626066314398 0.227775261188856 0.0480700438835898
-0.00820996507773093 0.00508948652101931 0.0502606013410847 -0.210070959390644
-0.0187645773137299 0.0250972805627484 -0.00617189378697504 0.166463457773134
0.000762556019013837 0.0122228243483721 -0.15312239567039 -0.027398737176346
0.00447550830317804 -0.0097418093754241 -0.100432690671 -0.424178948405629
0.014178973321998 -0.0421381102089813 0.435214127894691 -0.422568995512673
0.0505842523133895 0.0136466344701721 0.774172699211089 0.303175289647854
-0.0182523774036386 0.0531863259588836 0.124133729174766 0.970943915735603
-0.0349776779607497 0.0210463510284555 -0.492308555026749 0.533021954131227
-0.0321793245464304 0.0123065278000327 -0.0166623277400873 0.102947212473705
-0.0296552333003593 0.0412791103129478 0.455262051290499 -0.451381622165123
0.00463544326920408 0.0238073107368939 -0.147390185903067 -0.937923507563449
0.0170627659412721 -0.0250258090113817 -0.875707972447314 -0.270061587597388
-0.0182000454209087 -0.0514433266568541 -0.469988784970983 0.55799302540524
-0.0174514697831884 -0.0028196951113406 0.151921377259635 0.451042197582732
0.0105039986096535 0.0153290240680301 0.230508093847957 0.0561018361935506
-0.00236484986324027 0.00670839730335374 0.0489799242412921 -0.206734513846276
-0.0112949448674722 0.0249857640603998 -0.0111084908149728 0.168827018726451
0.00593667953128196 0.0173030422029621 -0.154455447372671 -0.0187201591628054
0.0070380215500528 0.000581116974685728 -0.106747530075531 -0.421687582404534
0.0108189391190349 -0.0330313073557901 0.421974510317267 -0.44032884814969
0.045547030580894 0.0083954741021727 0.780804499740103 0.27823570539194
-0.0144459535608886 0.0427307351558648 0.14925871783228 0.964138500259733
-0.0258506250593373 0.0153674803792305 -0.483610837676827 0.545257874452774
-0.0234791461745716 0.00942108375798696 -0.0223668866309838 0.109923730869838
-0.0218954041676605 0.0342656619579605 0.461212461489206 -0.437615034319254
0.00539638129705002 0.0130682407425443 -0.122217518642515 -0.940576662388574
0.0127303767735844 -0.027535180294815 -0.874345528180359 -0.29873050104829
-0.0203334722899384 -0.0435991141763939 -0.485834459044545 0.542383907543111
-0.0141896959997146 0.00625199706222498 0.143468267303768 0.453852652896324
0.0154729317453549 0.0194708706264107 0.229662308437655 0.0640974436395971
0.00530160942789118 0.00621430398571935 0.0454246058027772 -0.202748332927429
-0.00466645480606254 0.0245748523467561 -0.0164750864762155 0.171352705752763
0.00967637689019743 0.0189661066315414 -0.15713213198154 -0.0097886087192905
0.00785944506455859 0.00949561486910755 -0.115890257640303 -0.419117725964196
0.00735672218754102 -0.0238560273307922 0.40967481206763 -0.455454694506382
0.043051313058534 0.00422785934655977 0.786393634449541 0.245023546018191
-0.0110471150498927 0.0317558771450286 0.179640937520104 0.954600825787969
-0.0156320710923456 0.00677040404601616 -0.469648332258943 0.555203273656462
-0.013234821933276 0.00358189276793074 -0.0244246534688844 0.114442316347564
-0.0141872895251273 0.0245301094076631 0.473695663290951 -0.425155400778638
0.00779637661861313 0.00201216407227267 -0.0907847642269499 -0.950912009920168
0.00949818977592849 -0.0298056224409155 -0.866999365611562 -0.333496738019367
-0.0209695292914011 -0.0349366791370188 -0.503920455254319 0.521508444625203
-0.0140887629080774 0.0141524777991475 0.133045163421864 0.455591502314072
0.0190953315221939 0.0212419441114233 0.227973688615364 0.0729667623446322
0.0134897040630015 0.00710621360093385 0.0397069893130324 -0.201327534443377
0.00178995882665033 0.0226673365269462 -0.0234478488154363 0.173043803798222
0.0138618239321129 0.0184533744557691 -0.163111468946048 -0.00345646302786079
0.00829130765228423 0.0144055381074027 -0.126970116734907 -0.417499207377034
0.00585052834751725 -0.0157346953629082 0.398451011733719 -0.472610226821191
0.0403055602693718 0.0011635710849243 0.794261104974331 0.212894604046307
-0.00916294731644391 0.0218415683526741 0.211623281776413 0.939339842697807
-0.00815542180838899 -0.0031340773281404 -0.450458743569429 0.562408748397718
-0.00308586355579794 -0.0037557270417068 -0.0215497110283246 0.116811119623625
-0.0064775209906198 0.0162725423642227 0.48813053032049 -0.416326812572719
0.0103673288472536 -0.00601432192273156 -0.0582735795780772 -0.959602513411654
0.00893657437088041 -0.0319672311084681 -0.855280693621383 -0.367943112541308
-0.022162347032276 -0.0278763041129141 -0.517610516464501 0.501465186870523
-0.0157732913152095 0.0193666274832138 0.122052644092194 0.456544401347628
0.020210743572933 0.0213247485703067 0.222997671942542 0.0798669744759751
0.0203138192195606 0.00629968024523895 0.0331397299270879 -0.197667420590535
0.00605609163442162 0.0201476743286103 -0.0291965996838925 0.175763187097721
0.0124548256132868 0.0161017976602619 -0.168546185376602 0.00272703779007087
0.0065099736154841 0.0170061642887202 -0.136085656472898 -0.414439300742568
0.00638038796046598 -0.0121731286081303 0.388059844374342 -0.489017025165432
0.040946592709669 -0.000263227833685771 0.802414756064651 0.183139987526545
-0.00772167311886546 0.0159924458120194 0.240594107565291 0.92643866837085
-0.00218838926018971 -0.011065535295979 -0.431115994925363 0.565208480484974
0.00472972182603215 -0.0108071815888486 -0.0149565837148465 0.116761445803845
-0.000884161732618998 0.00763188668638226 0.504758142769096 -0.411439040415511
0.011422213449559 -0.0137490284908931 -0.026244963697533 -0.969419734147129
0.00974646091609892 -0.0320275036805686 -0.842335793103478 -0.40088360421491
-0.0219232325549833 -0.0229486679580094 -0.526609421591971 0.482294293417796
-0.0193602669479542 0.0217722228252237 0.112478373687307 0.458211266407499
0.0203280823419955 0.0192017062832484 0.216529115871741 0.0852713664595348
0.0262897412587692 0.00413202843512774 0.0256450920673035 -0.198553816239772
-0.0288904360213343 0.0196822450134034 -0.00476014947226036 0.15812688592723
-0.0155243273118926 -0.00630297439699402 -0.16396377061362 -0.0402191658473519
-0.00976013250572427 -0.0365708101217372 -0.104762217611203 -0.424246616512915
0.0215346717216269 -0.0570454077451452 0.444569072006081 -0.411788779408581
0.0637075583871799 0.0235220316205353 0.781980674433241 0.310060850425235
-0.0225217572466688 0.0672929305068453 0.126525788479992 0.947874263589914
-0.0471823508398137 0.0194810395194991 -0.467052147715188 0.50421939376301
-0.0411719174345541 0.00678431431040654 0.0145506321420331 0.0820766142310381
-0.0401865151515443 0.0425855401250512 0.461211040227055 -0.481163039679682
0.00336798976492809 0.0383644392211208 -0.159750704694483 -0.940376962779672
0.0303134865106507 -0.0193132923831947 -0.857813771382199 -0.243174820504743
-0.0150282532387949 -0.0670946025209846 -0.441801119314174 0.57015047105882
-0.0314330662189707 -0.0253717491206342 0.156910579877968 0.442283174537517
-0.00402539574028679 -0.00282328727858874 0.21569928846964 0.0424071194535842
-0.0120675767163847 0.000993855428708994 0.0439254883040656 -0.212836240960622
-0.0267558327356281 0.0221591812329075 -0.00322768252244394 0.160296856718119
-0.0111973015259351 -8.80167661508253E-05 -0.157381100920491 -0.03794047015093
-0.00330255338215566 -0.0301831906733478 -0.101229524914684 -0.423353675898542
0.0187536014027702 -0.0543592735247117 0.444064163955434 -0.406215408004693
0.0593294726124605 0.0221938890796862 0.772236510448988 0.315440830135956
-0.0223193807203544 0.0654036699556756 0.117193912382179 0.956700234328607
-0.045259704643024 0.0226206592298221 -0.47943216720665 0.510483850620934
-0.0417820644601103 0.0107854340686758 0.00271443194256771 0.0876705926780556
-0.038985932201608 0.0456554963825857 0.451382776585238 -0.473543226286224
0.00404661286051857 0.0362315846041573 -0.170063070256323 -0.934181763054641
0.0263982670691262 -0.020883100385374 -0.864798422455494 -0.233288922225892
-0.0166924303856647 -0.0644172531150526 -0.442041847248164 0.571674347628375
-0.0269918702015998 -0.0196287984068072 0.158254991582203 0.442766516869163
-0.000800499867771193 0.00311373058155818 0.221734857173133 0.0431122931071041
-0.0112319801906038 0.00262645167522047 0.0478623748973995 -0.21134872858018
-0.0233935199649713 0.0239325806270512 -0.00265925397160096 0.161274687982962
-0.00498111780236671 0.00587529742884312 -0.153919058598538 -0.0333785931916045
0.000827271930996468 -0.020688644824685 -0.100133942008666 -0.42084444810447
0.0174666596793382 -0.0497273269639159 0.435911900356339 -0.411634154454289
0.0549346939506917 0.0186822013027527 0.767527602001578 0.310128938465117
-0.0208236951284367 0.0612776589606546 0.118279540356081 0.959823602132058
-0.0415852714686807 0.0235481154797562 -0.48559396206433 0.520983213587925
-0.0384080917173073 0.0126970573752278 -0.00705691669490071 0.0954849228055896
-0.0354516273592697 0.0463186261951386 0.446269592681905 -0.461643267530266
0.00398977310181597 0.0322666742121678 -0.165665780875661 -0.926003866309058
0.0210609462829494 -0.0231712971115328 -0.867975961760852 -0.24155347030866
-0.017814882638748 -0.0592415072543895 -0.447568488346002 0.567133138441049
-0.021393883054998 -0.0120446988180089 0.157882910622659 0.443399452005936
0.00433361792324771 0.00910000874039399 0.225854464309363 0.0466111028952366
-0.0087408403860606 0.00439061160610929 0.0477191139572827 -0.208030876711156
-0.017284691624501 0.0253273029135211 -0.00518239788226861 0.164537355914612
0.000982280587578791 0.0121460701601157 -0.151793018431743 -0.0251820898625893
0.00499130958772095 -0.0100053269393928 -0.10391797840427 -0.418359908058525
0.013720422604122 -0.0412835018862273 0.427132525487379 -0.423665516355247
0.0497332028470734 0.0131449141784173 0.767181223104614 0.293276790440013
-0.0172192657017047 0.0533670586695259 0.132788904916922 0.961252714527164
-0.034276644699553 0.0214253018132576 -0.482579196223563 0.531596362025423
-0.0316755419422305 0.0123928241177162 -0.0163353157814214 0.102485786451396
-0.0298093324578002 0.0412057107459212 0.446102048360797 -0.449400768681593
0.00469625685437935 0.0237952041427655 -0.155471229214689 -0.926302117147536
0.0161225926059418 -0.024939271183904 -0.868541935802832 -0.258296562429823
-0.0187405037404425 -0.0519574645681176 -0.461005111993802 0.558451627750045
-0.0165729537827468 -0.00319601059001273 0.153745180615283 0.44460367130792
0.0101793433511419 0.0140122146329012 0.228241825442419 0.0535386676755553
-0.00357349728924817 0.00589528778685433 0.0462739807395697 -0.204719631534311
-0.0110114607772074 0.0250820326743802 -0.0103744739992026 0.166477390972339
0.00554047994192597 0.0162268790742868 -0.152263474934031 -0.0166442069248457
0.00747220131738521 0.000468353093116394 -0.110820236289764 -0.415307071691277
0.0101493434552094 -0.0320479315863512 0.413852506588479 -0.439534794385406
0.0460450531497663 0.00729446132808403 0.77223913676224 0.264944606986031
-0.0136028254350955 0.0421668435727839 0.156605380536735 0.952591786976952
-0.0253812436966798 0.0153357094364748 -0.473426403374419 0.545335295849741
-0.0231108443259482 0.00873756098361741 -0.0221548371765575 0.108851027996299
-0.0219576943953747 0.0345060364843231 0.452368711061932 -0.436741679130778
0.0060514930329542 0.0134470813138576 -0.129944674713227 -0.930059868485424
0.0121238657419658 -0.0283886434799078 -0.86778542100688 -0.283551711376115
-0.0205232367909717 -0.0423123302652489 -0.474431363698979 0.542171760235127
-0.0140981715192101 0.00596177159010063 0.145201814535877 0.447223512791414
0.0152859494293554 0.0175821839847309 0.228490586942406 0.0616912699943829
0.0045249729966156 0.00699766470867024 0.042370975518342 -0.201104876148006
-0.00449176693588134 0.0238651950861649 -0.0156274231770404 0.170360721686911
0.0102047435087525 0.0183730831744449 -0.154938027561215 -0.00813796335386462
0.00897167360799671 0.0090384115474347 -0.119147397326417 -0.41263394432334
0.00780985537095541 -0.0228994265866606 0.399672524790652 -0.45629223099689
0.0428526158759939 0.00311041303961842 0.780611883465927 0.234407887563573
-0.0109374378094925 0.0312672382198801 0.187601032743497 0.941309620223938
-0.0154559988976138 0.00728977083456198 -0.458826098501226 0.555656728614701
-0.0125553036621246 0.00346841353896454 -0.0227526134342627 0.114045374214751
-0.0136515606128537 0.0258526897131968 0.463015466990517 -0.423611270319098
0.00737661268768469 0.00258652658170575 -0.0985736078516922 -0.938539589944833
0.00864422811176022 -0.0296205854952732 -0.860797263689583 -0.321562642336111
-0.0217165931821521 -0.0340355001491034 -0.493279141684355 0.522218109816837
-0.0133191344277279 0.0133059441605904 0.135843859549649 0.449770693933073
0.0177032136288301 0.019634898024207 0.226615705755306 0.0698316746492566
0.0128929637386384 0.00655849485979509 0.0375297771674471 -0.198641521362044
0.00273352399274549 0.0221840703148781 -0.0229034073695235 0.172302314881034
0.0127932187866947 0.0181682300239199 -0.160711443192631 -0.00170865436729478
0.00935951200033087 0.0146356225104544 -0.12941807612161 -0.41174334899006
0.00623625958845686 -0.0158604133161211 0.387328227504552 -0.472876452281724
0.0403892046751626 0.000536002699410794 0.78726398354028 0.201396452858213
-0.00854585529008604 0.021939012783039 0.221411793075078 0.92789200218904
-0.00707692309056951 -0.00218144473952104 -0.440486870179332 0.561096427422119
-0.00310674037464316 -0.00324842786958761 -0.020128697541523 0.115318871266462
-0.00563065930732382 0.0162871786248402 0.478790263838513 -0.415401836812586
0.0100393650358239 -0.00695464077001466 -0.0667829345594003 -0.94706054700631
0.00803601136383838 -0.0315387363288571 -0.851157042671431 -0.355995847676735
-0.0215165155617364 -0.0267118967698763 -0.506349895591092 0.500191779567559
-0.0147035832988368 0.01889159580164 0.125109437830198 0.452633864203627
0.0199735702710252 0.0203645989425079 0.222477326216082 0.0775676560922769
0.0191716810206002 0.00506596537287107 0.0310587962282161 -0.196854946075353
0.00599200147700407 0.0199479586464859 -0.028927971853255 0.174495131222685
0.0127274965963266 0.0148349502017465 -0.166457262888121 0.00351736169528617
0.00658947556637361 0.0158848752936858 -0.13943751977095 -0.40765752585019
0.00619188356281375 -0.0116235660654461 0.377494409312029 -0.487398329739328
0.0412530167350871 -0.000703262455673533 0.795013088018737 0.171986027081227
-0.00698492714400558 0.0159165445649131 0.2475134208681 0.911565867543467
-0.00218887494349727 -0.0110396093691458 -0.42117072042373 0.564807356927862
0.00523795757530214 -0.0105772978417361 -0.0138625666083801 0.116296958480728
-0.00134253409278432 0.0084622244108102 0.497157221612357 -0.41062373809452
0.0111729725904415 -0.0138873893090709 -0.0347340210336941 -0.956917400877392
0.00906112992022109 -0.0320385581293345 -0.835731491527933 -0.388522422507879
-0.0217450303774645 -0.0220396197955008 -0.516559476569397 0.482486154526389
-0.0188275322103273 0.0211015811394682 0.115576686511042 0.452506945253058
0.0202019577653927 0.0178564712056292 0.21649031220579 0.0834975265574361
0.0252768958050238 0.00338079377825224 0.0239999692537227 -0.197244309468095
-0.027437125703114 0.0191496338265122 -0.00497618311211396 0.15570970903726
-0.014669217400493 -0.00642915174272628 -0.16150568397748 -0.0381163567275903
-0.00855992831724786 -0.0366894725189949 -0.106008872425709 -0.417648284724182
0.0211362562158741 -0.0561110064470726 0.435394027426444 -0.410804040352997
0.0630101244055643 0.0229080553373713 0.774531781841055 0.299627654047591
-0.0211218451672203 0.0663091104804107 0.133408785110343 0.937075665246336
-0.0458572098324213 0.01946074732062 -0.458691136109843 0.503385205074314
-0.0404577183073694 0.00684822003167501 0.0155782549341739 0.0810447326930733
-0.0393047312381309 0.0431784598419578 0.45346088902435 -0.479085296753506
0.00327838037112023 0.0382793824422031 -0.16588561088583 -0.928898759799386
0.0299858434119387 -0.0190672971759128 -0.853678609120198 -0.234602389377016
-0.0153836187174664 -0.0649949080815779 -0.431184302491085 0.565335247141032
-0.0308444762439247 -0.0254524738708695 0.158378482394718 0.437128644965399
-0.00417213972323618 -0.00410303732020028 0.213603904661204 0.0402679673760483
-0.0120793923773205 -1.65540218013747E-05 0.0414610319671171 -0.211014824328915
-0.0256696868930956 0.0226547380107088 -0.00160211621952412 0.157923590498464
-0.0103739876698549 -0.000622207942625565 -0.154998323535274 -0.0365065142241395
-0.00319634478966756 -0.0303414851709461 -0.102177375995328 -0.417906519315656
0.0188013737354258 -0.0531378738846724 0.434841329861198 -0.405673664294211
0.0590824185258074 0.0206041322738215 0.766906893899485 0.30314576570219
-0.0212083561028595 0.0652570162534793 0.124247357395242 0.944105750241391
-0.0453980285320881 0.0231535511399185 -0.470830067659425 0.508393459971048
-0.0409304755277832 0.011096701727699 0.00321484262446971 0.0865794818657018
-0.0383135207823929 0.0460591536881043 0.443111245967093 -0.470602706604938
0.00316145770167124 0.036579395843301 -0.171093033912095 -0.92021541103921
0.025602164409721 -0.0211507137160429 -0.856757098131989 -0.225956261145459
-0.0166414694776423 -0.06278707962516 -0.433856479623661 0.568940253353757
-0.026714033265116 -0.0194992893387026 0.161036196358983 0.437825953631974
-0.00108182570081938 0.00196021603502933 0.220715799919358 0.0408828280596061
-0.0121518133264194 0.00270847322949334 0.0454804519324992 -0.209541399386557
-0.0222515956161097 0.0233574082886566 -0.00275895383529217 0.159571767885261
-0.00463426501334492 0.00481389609603479 -0.151473803720937 -0.0309080626879055
0.00120626002879335 -0.020730886450496 -0.101241676520918 -0.415807259909574
0.0161365472607064 -0.0479694545533229 0.426660424064292 -0.410153536970599
0.0548895719300484 0.0169179768489052 0.760644619797444 0.298987611755741
-0.0195560391361692 0.0600672549437927 0.124694089417472 0.949662144007102
-0.041277976617921 0.0233711207265738 -0.477463273735504 0.519319983777612
-0.0377871993006345 0.0129551352864718 -0.00732539221006685 0.0942124663461535
-0.0345084732746187 0.0451474038247969 0.437357843855845 -0.458706674551267
0.00404203311735907 0.0307969822818605 -0.170451771578981 -0.914753098908566
0.0206486321037953 -0.0230278790722483 -0.861028669378864 -0.231103073221741
-0.0174808321315903 -0.0582062755872837 -0.438444020257598 0.564676334936321
-0.0214907226064398 -0.011469567078716 0.160949435435281 0.437930767463132
0.00424074007360414 0.00808838883862386 0.223398243551698 0.0449798033687721
-0.00855433775724013 0.00497229634000015 0.0474323714401303 -0.206513572257616
-0.016944898353604 0.0251056609894597 -0.0040178438437234 0.162641560324905
0.00162545147011142 0.0112332321384473 -0.149658270069327 -0.023807140559183
0.00485078765297011 -0.00997926444073552 -0.105385022130987 -0.413339420432721
0.0128555888305907 -0.0410384514442652 0.418924757246214 -0.421827574758716
0.0504562654264086 0.012441654637596 0.762520849948458 0.28258274651792
-0.0161446955120337 0.0520756099407958 0.140818532661756 0.947335914848629
-0.0335335111661415 0.0212539678427846 -0.474456155511106 0.528103500175635
-0.0306055021179044 0.01199524550717 -0.0148035829796933 0.101556936327071
-0.0284054547214105 0.041727118594966 0.440187056187445 -0.447845901196577
0.00462365486422693 0.0230926781658687 -0.158671022296552 -0.914217870168091
0.0160666209978253 -0.0247161561532139 -0.861995507885022 -0.24919322768576
-0.019000559172917 -0.050322361414965 -0.450522202762614 0.555537260510858
-0.0171794422816305 -0.00370671704122682 0.156298780237539 0.439633809579016
0.00938882407451056 0.0131611504119996 0.225772768456093 0.0510355905694782
-0.00400680586514292 0.0053149466571598 0.0453106855813668 -0.203337973436667
-0.0101427985281814 0.0251593788950101 -0.0089602769150236 0.165453780983793
0.00672349482434834 0.015908327411146 -0.150587289374529 -0.0149147618589791
0.00848496660274841 0.000686584608683202 -0.112311672482771 -0.412921480624118
0.0107082575673302 -0.0314870039985768 0.405427057403182 -0.437992090207927
0.0453853985262449 0.00735386841973006 0.769411240952832 0.257408757853
-0.0130865730719511 0.0413655854557527 0.162686171939058 0.941234246651544
-0.0247426502677892 0.0154003954806073 -0.464480639068321 0.543614896690579
-0.0224320558376475 0.0095170955655465 -0.0207560000921055 0.107990873916393
-0.021068208415438 0.0348286432370136 0.444949674424374 -0.435351982852774
0.00587123658817545 0.0138661534586305 -0.135976958976673 -0.918229828879053
0.0112978558395065 -0.0272084249587652 -0.859743474898086 -0.2779321983655
-0.0196580872755824 -0.0410802569328556 -0.465955326936471 0.541139195153764
-0.0140359440334662 0.00565621277516877 0.148645415589617 0.442571005866357
0.0142231266820842 0.0167022807585663 0.227277322606684 0.0589197159708843
0.0036483968804046 0.00633678338058077 0.0421942206283905 -0.198826767805298
-0.00365147794320151 0.0243072681451411 -0.0144609685029224 0.167802392799682
0.0112331742899667 0.0180415111270761 -0.153553649395328 -0.00606321078535865
0.0101016766093248 0.00963573899473373 -0.120978480925452 -0.408562221388323
0.00808446654972528 -0.0221890656303051 0.390220494241285 -0.456363646861027
0.0422096371112779 0.00275267490459412 0.772295008180735 0.226629634230267
-0.0106948633306704 0.0303435764861093 0.193403676855613 0.929833954596509
-0.0149071106857151 0.00703514309356523 -0.450776158838873 0.552578571170293
-0.0121813123288788 0.00364419454241106 -0.02246038991066 0.113243467668681
-0.0137230499656611 0.0261408248779352 0.457455746415952 -0.423259152443629
0.00661612300013828 0.00261649480353545 -0.104367181091274 -0.928190399241192
0.00909000760936311 -0.0290553466021504 -0.852501666411181 -0.311394138594615
-0.0208313432379421 -0.0324393732207855 -0.482832654947408 0.520405407117637
-0.0125172773367542 0.0137480115022836 0.138695223024841 0.444143284515068
0.0179039631647169 0.018575996305857 0.225086823935917 0.068235756406461
0.012350155621769 0.00628141192017428 0.036340001089515 -0.196941574616376
0.00315521319165004 0.0220630240957109 -0.022048493735839 0.170431359460484
0.0128709088284053 0.0168444392628327 -0.158088049394548 1.0191792668044E-05
0.00991415218157523 0.0141584718049542 -0.13058868454177 -0.406343261033586
0.00605536743120625 -0.0152145118000567 0.377397762303648 -0.47095992837866
0.0406589199386923 -8.98431346193843E-05 0.779682997982001 0.193071167246167
-0.00783823519761835 0.020752209921595 0.224562555487018 0.916046214764626
-0.00680497680552863 -0.00287319892489367 -0.433413764761195 0.55658618305462
-0.00185052023213038 -0.00380946286616202 -0.0195782675537652 0.114161553964249
-0.00638214162650588 0.0170957516695546 0.471504042613252 -0.414185929346776
0.00988455139023939 -0.00617831414232918 -0.0715483448779633 -0.939304624969884
0.00719349648828744 -0.0315911063009224 -0.843515920756647 -0.347087886462537
-0.0209525512757751 -0.0260431520939042 -0.497470907341198 0.500246957846958
-0.0147421596420584 0.0187773185880454 0.126389216142595 0.446561816117295
0.0193562419275402 0.0193507131618298 0.220703965910275 0.0760398719602939
0.0180998839237898 0.00514377565608062 0.0302348166822579 -0.194617592991391
0.00712458193528656 0.0193938893562964 -0.0276737796198363 0.171680077841399
0.0125705444383944 0.0151333759235969 -0.164071529557479 0.00505824514452807
0.00752215494003654 0.0151570957016467 -0.140383893700353 -0.403373955018869
0.00601419573448612 -0.0102930778812065 0.37043655959825 -0.485154728078234
0.041318628174156 -0.00144406546227177 0.787546819500816 0.164300894434721
-0.00641029275522507 0.0148225402431984 0.253319830990311 0.900545062243435
-0.00183484640829903 -0.0105587261936029 -0.413719628584585 0.560702315221558
0.00541102226751671 -0.0106251074568013 -0.0130501736729159 0.114378139237659
-0.000424116329944767 0.00905236930668047 0.486944241391421 -0.409934178812085
0.0107116958849776 -0.0127714685451706 -0.0418180741074078 -0.947293319092878
0.00874576798719259 -0.0316568865199437 -0.83193033602978 -0.378631449299968
-0.0218924950017623 -0.0225550712578277 -0.508462283310197 0.482230360117818
-0.0178843723038746 0.0200747823526265 0.117229986000902 0.446898254327348
0.0190584290523499 0.0168332725184837 0.215024947430831 0.0810202481792942
0.0242951585686179 0.00322929730351087 0.0233138560540777 -0.194217736106958
-0.0268797584376317 0.0195504931639997 -0.00461898203656821 0.154594024895768
-0.0154140517500465 -0.0067144768044705 -0.159578264568451 -0.0365025658294558
-0.00875375504448864 -0.0355797333792848 -0.106977625837181 -0.413990373239726
0.0207661284180781 -0.0553654286770725 0.428264187144774 -0.409269695855215
0.0631241604852906 0.022190742288007 0.768858961530525 0.291825647609995
-0.0209902557524629 0.0651418487249994 0.136649143699797 0.925548672441689
-0.0448188120991412 0.0195774469103298 -0.451656018857511 0.498781690017711
-0.0394075545615598 0.0064672680009434 0.0152957410662103 0.0810844879382255
-0.0394259479724868 0.0422136486038368 0.447722393200246 -0.475859804027921
0.00379033300546801 0.0384285460282322 -0.166998048583016 -0.919082782147861
0.0287166889799852 -0.0189110876352201 -0.84537070449084 -0.227940129719543
-0.0155421050491445 -0.0654595872816806 -0.426684832143615 0.564722455755708
-0.0313786354764289 -0.0251962044163227 0.158388200790223 0.432135328946733
-0.00452725679351745 -0.00502332402906561 0.21261684037626 0.0389544658208135
-0.0135474729849464 6.81405876832219E-05 0.0407084353358187 -0.208501863166288
-0.0251821907767996 0.02238082314913 -0.00202886055871629 0.156151103108399
-0.0104296786246716 -0.00119200200030813 -0.154157106037078 -0.0345682050181544
-0.00240818995173784 -0.0294273007729284 -0.103184963649312 -0.414193084042756
0.0187353313118678 -0.0531351201671066 0.428858597060005 -0.404330589396402
0.0592528066192475 0.0198538338373647 0.758616728330062 0.298652776915318
-0.0200077808027952 0.0640982954707936 0.126542030112332 0.933474040319495
-0.0453181102711331 0.0221738854046257 -0.465607570802991 0.504819113216115
-0.0402106484664508 0.0117485746540942 0.00473454733351905 0.0856415606178168
-0.0373328872565151 0.0466579215347282 0.437769801366411 -0.468308744357474
0.0041409416380165 0.0361072421094622 -0.173838975821634 -0.908788345866385
0.0245894028466649 -0.0213625410178195 -0.850502164013559 -0.220327395049588
-0.0160252425316391 -0.0624327624498006 -0.425434513851718 0.565420309096692
-0.0261198271047181 -0.0191047407399856 0.160352185438911 0.432431577125713
-0.00131908844152098 0.000958331345259656 0.218189990614301 0.0400933454459872
-0.0120946452937001 0.0018829904507833 0.0437092040631758 -0.206460225322128
-0.0215217456256433 0.023872120109408 -0.00231596519431285 0.158411872363886
-0.00441015248785722 0.00546881283500475 -0.149726780135288 -0.0299453560688697
0.00233198062285559 -0.0210164713886986 -0.102562154733942 -0.411391625965617
0.0169608784694528 -0.0468840930788397 0.420192053933135 -0.40931469671778
0.0541900463900863 0.0168474265982752 0.754290316761621 0.294049616783378
-0.0184501775880677 0.0603370466912479 0.127705923084542 0.938820804853528
-0.0396168241752014 0.0230778186560978 -0.469044019698671 0.515908160388295
-0.0374112911752133 0.0130882066815801 -0.00737862662689151 0.0928910226200562
-0.0336058908767537 0.0457995879419952 0.432736841345766 -0.456942699173781
0.00350356250710949 0.0318810059700283 -0.172480397914229 -0.903855923911642
0.0195264064566614 -0.0225625236516661 -0.853182094388012 -0.22485423028235
-0.0188199863388715 -0.0568416996966575 -0.431932843304535 0.563252284357248
-0.0211533002376125 -0.0129752189008929 0.159915241929189 0.434120741840284
0.00314019719486701 0.00715545994308384 0.223751689901084 0.0432568707333138
-0.0102521946507612 0.00433627980227388 0.0472563031259291 -0.204272261907534
-0.0165769170635273 0.0250269940456526 -0.0045687742810384 0.161630466115588
0.00129092576750553 0.0101648556071953 -0.148233377271499 -0.0226349782794877
0.00510408847567087 -0.0105754478493309 -0.107058361371376 -0.408954515764115
0.0131140114164086 -0.0395771164272987 0.41223846913946 -0.419698352340638
0.0494082257456207 0.0113612334897573 0.75480825078234 0.277604679236559
-0.0159229209191875 0.0517169938778233 0.143759190397617 0.937570286790874
-0.0324277294100264 0.0208819588457225 -0.465431189776166 0.527401556916684
-0.0304705602468758 0.0121600296494635 -0.0147984024146372 0.10044326370855
-0.0283474804503744 0.042131791902194 0.432915469070979 -0.443276061334848
0.00455000098472272 0.0235397595195169 -0.16121025349587 -0.904194687921831
0.0149343391511035 -0.0242974125584885 -0.853777441959575 -0.243174405619054
-0.0193723506326647 -0.0490511190301 -0.441938038100808 0.553447001243287
-0.0168641221907079 -0.00369296043605937 0.155432098891037 0.435510237402887
0.00836329550025949 0.0127193222057963 0.225582022377482 0.050407443910938
-0.00371840554585427 0.0056939054407549 0.044701673556322 -0.20188919593013
-0.00946924320465582 0.0247503498486663 -0.00861777577301716 0.164376771445024
0.00638977806160015 0.0148069968034043 -0.148313049252796 -0.0145005563952369
0.00854742820258741 0.000364510994060478 -0.112736624329935 -0.405341012620149
0.0109376640724283 -0.0309386234624032 0.398198670135996 -0.436931543241223
0.0453387104431088 0.00634211101365122 0.760089804033073 0.249261714633543
-0.0123825871904312 0.0409062506129008 0.165268153217732 0.929089898737288
-0.023340185974483 0.0150349659629677 -0.456768789034172 0.54050506570672
-0.0215362830815426 0.00843641724164368 -0.020141877583132 0.107326147349233
-0.0211238731463571 0.0352322737393395 0.438128297120993 -0.43182238956674
0.00619879989915854 0.0137370366382842 -0.136733599607457 -0.907861261729775
0.0112184032912661 -0.0276935710135748 -0.853578836234012 -0.271409670609374
-0.0200503335122606 -0.0411067634000083 -0.459150132158418 0.539313049383021
-0.013676335300261 0.00551897476759262 0.148872354848064 0.43833388913056
0.0133613108381733 0.0157163076746435 0.226301718569443 0.0584464432357688
0.00335657095080916 0.00581814664308911 0.0413160958334747 -0.197328400530078
-0.00262281934648379 0.0234708295242439 -0.014869980185577 0.166579352693305
0.0101977197999809 0.0164455568635373 -0.151998930161107 -0.00563222634695591
0.0111822628511267 0.00946629206791955 -0.121536819596821 -0.403311658671355
0.00836202807678304 -0.0217236312863401 0.383880003624452 -0.452565933019661
0.0418839085043149 0.00216864208439115 0.766299655483762 0.219088250454521
-0.00882273193163676 0.0301832125177133 0.196256842273773 0.91914960742116
-0.014831699725796 0.00690845314715454 -0.443823709284816 0.549377440989129
-0.0112819459189802 0.00276204301599946 -0.0211492808062366 0.112759638218749
-0.0133819920403903 0.0265953853621427 0.451536237399193 -0.419494253617508
0.00755906663817257 0.00295554864890685 -0.107739284007406 -0.917778870390575
0.00771216947986342 -0.0296527134534925 -0.847474169638788 -0.303653459196997
-0.020289299444378 -0.0327204762244868 -0.475620207697884 0.518214681664506
-0.0130015470003561 0.0122951402227226 0.137150598733927 0.440156315986377
0.0169388662379437 0.0180103806973739 0.222794114262161 0.0669817906659212
0.0117947731819839 0.00567659840331564 0.0349159261260343 -0.194779168925267
0.00184950579803804 0.0225559289996157 -0.0223661933189906 0.168561060168358
0.0126624232613627 0.0157665884310991 -0.155620105839332 0.00103495616736059
0.0104378628616811 0.0137985314481284 -0.130770028107801 -0.400580213880783
0.00665032541178485 -0.0140935273880969 0.371404233582531 -0.468894210762056
0.0402393637568979 0.000295009530534598 0.772549694078193 0.186270724233332
-0.00888474906636522 0.0208312334333243 0.227071602051215 0.906372708821528
-0.00844964984498783 -0.00275021801413608 -0.427002836408136 0.555861551356071
-0.00203265724021029 -0.00399137554954837 -0.0188940475723469 0.114146648651988
-0.00494806337738647 0.0173255954595277 0.464425387498791 -0.414484133233028
0.00913080507042758 -0.0065417296437122 -0.0739773761708745 -0.927097417846396
0.00623168570865344 -0.0309294216512935 -0.835903006849499 -0.339087917719074
-0.0206101800868795 -0.0262597047233482 -0.49061016174237 0.497578172701749
-0.0142263499523864 0.0187988305165082 0.129176555940846 0.440941661094497
0.0186647817196891 0.0183202764611176 0.219930749631717 0.0741339258386829
0.0186208052340359 0.00559347447776806 0.0295458442997284 -0.192664837257771
0.00763594730541965 0.0197619514187531 -0.0278610814263442 0.170166059874421
0.0124454895156426 0.0137020033049013 -0.161115921314224 0.00543594852930427
0.00783353566997662 0.0140385248383848 -0.141111139506931 -0.397465710091374
0.00699926423092056 -0.0103308765439867 0.362118019590706 -0.483404571965603
0.0407040988554512 -0.00190990333041021 0.78088012663543 0.158580189657697
-0.00682019774272347 0.014784899349687 0.254994093792779 0.891383125774085
-0.00152985627653281 -0.0110405692750416 -0.405227463526337 0.559024259056488
0.00564736559956647 -0.0109029219447389 -0.0127275831779831 0.113656441804336
5.60043731440123E-05 0.00895775083922486 0.480300262899455 -0.406217444023235
0.0103837982452049 -0.0130374024832884 -0.0437897590286859 -0.938654104388189
0.00841215941977527 -0.0316643188310058 -0.826305844275877 -0.371507080659778
-0.0215516902935861 -0.021736925535691 -0.499228303446281 0.479973089323456
-0.0178094882698395 0.0200322118345596 0.118073702595331 0.443223372215804
0.0180563420549508 0.0161056482584403 0.214577675700074 0.080036172982693
0.0230585583684276 0.00311281671065377 0.0217809860242007 -0.193369662727858
-0.0271495817075191 0.0190573221634294 -0.00503982242058563 0.152667215895003
-0.0139974432437742 -0.00746280085329802 -0.157691360523286 -0.0354993558839449
-0.00774889778267689 -0.0359916656517502 -0.108304270716619 -0.409809532480082
0.0199352006615134 -0.054382713944921 0.423962148143918 -0.408545944195001
0.0621328408635177 0.0215735596984471 0.760782468839835 0.286766188900512
-0.0194381978045854 0.0646346636266268 0.140100507728896 0.916901261750123
-0.0446687975431566 0.0190821516420388 -0.445401047054757 0.496178683692648
-0.0383087199093947 0.00663255211915326 0.0151371618644968 0.0791802546394686
-0.0385435148852332 0.0434616978517743 0.441288863927931 -0.472354597542642
0.00312958081240725 0.0368345366214758 -0.169197102011032 -0.910370176747568
0.0287007465665786 -0.0186420088936269 -0.838847439698127 -0.224033456026618
-0.0155398800572604 -0.0634524681349346 -0.420271126374318 0.560610645791576
-0.0307086379005015 -0.0256246748523435 0.157939674537789 0.428318464028519
-0.0051993332017865 -0.00520773249501635 0.211668503101637 0.03898747188944
-0.012705427772301 0.000409478649580456 0.0403985385038168 -0.206882957754966
-0.0251881506092917 0.0222249524842715 -0.00254172867288153 0.154434098249274
-0.00958327303497282 -0.00166722062148722 -0.152208935386504 -0.0340887259668623
-0.00245864494437609 -0.0297610754274478 -0.104015723457108 -0.409325928797946
0.0189456868852891 -0.0519528608540054 0.423120752606095 -0.401670164408333
0.0591421567101722 0.0201857965763938 0.753645971610549 0.291790765735041
-0.0202515623952058 0.0629997021337577 0.130436693250639 0.924882949835857
-0.0437597489833373 0.0222667971796112 -0.45876437259709 0.501724070644441
-0.0388383284040331 0.0105199941474915 0.00367755203535319 0.0855101732772508
-0.0372861476893402 0.046167183270898 0.43218248082763 -0.464642639969915
0.00321808384426461 0.0351600084480336 -0.175138687237664 -0.901986246602766
0.0246778057392246 -0.0201993147384897 -0.843374947966372 -0.216133013720221
-0.0169120736998292 -0.0612883822070429 -0.419299978292951 0.562957397707827
-0.0255334638960951 -0.0201863731350462 0.160347543363178 0.429671473560292
-0.00244503937825081 0.000888020404809902 0.216406454286106 0.0390282543251032
-0.0134150500615867 0.00280861537193023 0.0443347048337603 -0.206237923666419
-0.0211786714382003 0.0242946340383461 -0.0023235649098655 0.157650256315525
-0.00449591368282409 0.00419995103627074 -0.14826150052539 -0.0293315553323613
0.00216327772028279 -0.0212456842752341 -0.103282224528985 -0.407599488505827
0.0159201604432038 -0.0465508073730508 0.413691377857017 -0.407272188395842
0.0539011070269141 0.0161573254143865 0.748517997633979 0.288125881954821
-0.0181764945755148 0.0590327205446989 0.130175071081312 0.928618973912021
-0.0394120721382659 0.0235971735049847 -0.463472085381772 0.512134582074376
-0.0361716458764065 0.0122199341331109 -0.00741633211044263 0.0927464195938415
-0.033029687874275 0.0459296457034338 0.42771479745014 -0.454580734115459
0.00355879555213334 0.0305242225986132 -0.172058529509073 -0.896262616957199
0.0192008073758493 -0.022944907041069 -0.848811685150698 -0.221669089948689
-0.0181432524260719 -0.0574559726695345 -0.426668417182466 0.557711952478042
-0.0208292869197048 -0.0119919793528631 0.160760439910288 0.430447235073367
0.00202435250722957 0.00654878755213006 0.221460334175562 0.0433171464607583
-0.00987088463206912 0.00470380434693442 0.0453596874930868 -0.203339224830156
-0.0152810384984206 0.0249948014774609 -0.00419181979748663 0.158481236687098
0.00147150006858025 0.00941046491083821 -0.146085841988802 -0.0222348852319471
0.00640226903643858 -0.0101535116159592 -0.107076553083965 -0.405086860001571
0.0123556145249639 -0.0394107593729819 0.405276541623178 -0.419012950275706
0.049155948236195 0.0111462920385818 0.748363034899259 0.274073019588797
-0.0152811405020141 0.0513689532409471 0.145324804417328 0.928248100022023
-0.0322361342333814 0.0212876197007287 -0.461047753894231 0.524212695618616
-0.0300265077238471 0.0118982776473415 -0.0162112202225629 0.100073251186997
-0.0279298260685631 0.0423234743542636 0.429067054144554 -0.441274958743819
0.00401398295262903 0.023449705288523 -0.160594731392705 -0.89785153234168
0.0147126727418784 -0.0247750736624682 -0.847071096514037 -0.24018213899653
-0.0189951059487042 -0.048842229649549 -0.437345890419429 0.550635478179075
-0.0160316796154076 -0.00303977187116221 0.155703423277425 0.431611992730324
0.00825093021877988 0.011587527914439 0.224113389133973 0.049613724277211
-0.00448544382697719 0.00640634700920976 0.0441639430602738 -0.199778865457455
-0.00913422467292026 0.0256103689947216 -0.00968266795674244 0.161650517504631
0.00659388687488176 0.0136582451710802 -0.146681461987897 -0.0137807497081329
0.00885825727738685 -0.000326870331611669 -0.112784655330519 -0.40287077378531
0.0100285358299744 -0.0304301193850754 0.39077431049733 -0.433936287322663
0.0445333605687845 0.00643450715200203 0.753554486760491 0.245361212963014
-0.0118760231394898 0.0406426334675168 0.168727327910833 0.920539012229694
-0.0234232322120942 0.0148426681639095 -0.452159688956769 0.53621532220965
-0.0214943160477731 0.00850194078107506 -0.0204537582918224 0.105947325634158
-0.0206777804209259 0.036285835613082 0.43524501242964 -0.428518594687039
0.00531048324895363 0.013827843803368 -0.138184380773749 -0.89969402299169
0.0101908018094694 -0.0271981483210139 -0.845976341805353 -0.265548024444487
-0.0197001623849551 -0.0410123103178416 -0.453416096433788 0.535460781123014
-0.0134726236720934 0.00452760635873244 0.14718007469911 0.434786494951649
0.0125162419607704 0.0150012453935748 0.224244465801895 0.0575377650014206
0.0028431144645821 0.00582204350031809 0.0403630502196575 -0.19519973364236
-0.00157481341300027 0.0248375998736925 -0.0147431257172666 0.165351403562048
0.0110395702506349 0.0152258253051521 -0.150110495028391 -0.00559598649587525
0.0105508606307207 0.00857997421543714 -0.121697127710633 -0.399374815901009
0.00788491543337698 -0.0208264097822161 0.379280725288134 -0.450783305349784
0.0421994787856291 0.00216780864275523 0.760492608887329 0.216393853437206
-0.00906558084312053 0.0301858131283748 0.197664826760336 0.912432967555778
-0.013244252984815 0.00652202104042892 -0.438350428943099 0.546826643031968
-0.0115582350237674 0.00277198571501348 -0.0222744699260476 0.110054381457053
-0.0129411166544456 0.0274303902259796 0.444787433048997 -0.416147728260513
0.00687792166490284 0.00331583980996131 -0.109256765671518 -0.908813601584279
0.00760703126356287 -0.0294842440114653 -0.84056364925044 -0.300110363373569
-0.0208150152832331 -0.0317428370980809 -0.468081118147926 0.515992176044718
-0.0133320636708734 0.0125817577813387 0.13816833115702 0.437211951180504
0.0158865846326983 0.01708903413959 0.222122488872332 0.0657530727399119
0.0101214629290651 0.0054235741352248 0.0345607296617221 -0.192641125448609
0.00402932700567193 0.0221875296979784 -0.0217654734272251 0.167561353160964
0.0119616569320673 0.0149776281232111 -0.154447165782367 0.00172396871918698
0.0106005657830689 0.0132957770026939 -0.131440343532528 -0.397254834330217
0.00607533424434365 -0.0145610948866152 0.366841196349086 -0.466929334092863
0.0393617740219427 -0.000831973830395571 0.767416470726876 0.183019038257332
-0.00735184891201711 0.0207867661982901 0.229529461561168 0.896866354668698
-0.00625767774372436 -0.00264181501733809 -0.421226310514401 0.551232261548339
-0.00232316903793997 -0.0042979814782344 -0.0196699418515315 0.112852932668313
-0.00579344229183626 0.0175504202184606 0.461299945036883 -0.408181168609902
0.00934559602904515 -0.00531211843948534 -0.075483137464017 -0.918490330276373
0.00614762467060926 -0.0306351369355418 -0.829831457289694 -0.333140816013745
-0.0217770901368986 -0.024866761507967 -0.483849376994315 0.496310144976819
-0.0144020947100269 0.01757724170799 0.128871320729062 0.437543374051757
0.0178201593693262 0.0169058902770454 0.217849980722996 0.0729937073963582
0.017414350255292 0.00453492384146431 0.0297013948545581 -0.191086607166271
0.00727009722455258 0.0198161725390651 -0.0274286472042228 0.169240579805815
0.0121441246640946 0.0129676270355282 -0.159683050000349 0.00660974557325148
0.00827581504237726 0.0144411096268035 -0.140240774366452 -0.395076423609762
0.0066381905992101 -0.00889771351097954 0.356346060163282 -0.481319150754801
0.0406074766229648 -0.00201321195863683 0.771747580761546 0.154573200877685
-0.0059737289113604 0.0149217831063563 0.255942596204972 0.882757998652522
-0.00162407766717309 -0.0100630590522334 -0.4013408195217 0.554002850900445
0.00530180438692382 -0.0104834982594471 -0.0127301736251192 0.111864967425536
-0.000883121568273856 0.0104927057406521 0.476346488039852 -0.404532562540631
0.00999965546654356 -0.0119760282138007 -0.0449943050817552 -0.930274803316581
0.00751328680505126 -0.0306772914742483 -0.818568438899638 -0.365882712957756
-0.0207042176499036 -0.0210257018066559 -0.495568791347859 0.478799510826009
-0.0174838411252418 0.0191211320553083 0.11825695435425 0.439584161462143
0.0175881399281008 0.0146129009251584 0.21219461496486 0.0785315758877222
0.0224617169540808 0.00227940692646524 0.0216790924078874 -0.191380854736768
-0.0259909545677107 0.0197616001898209 -0.00526310232226305 0.152218616174041
-0.0145122847251408 -0.00830921772621362 -0.15639392345835 -0.036009844121259
-0.00695591653966949 -0.0358798698300064 -0.107815007142443 -0.406850973396581
0.0198224513187734 -0.0540085845051608 0.418801343386227 -0.405056813499632
0.0625587678973181 0.0210547764782043 0.754955440799043 0.282456731621669
-0.0200473047649604 0.0648856881437672 0.140319545171338 0.909764881873716
-0.0441538737005779 0.0194057787770466 -0.442487416691859 0.493293794784293
-0.0386236530208434 0.00620488044221514 0.0137706855581908 0.0793547959295051
-0.0384275017460459 0.0439428950064111 0.439009710697998 -0.469004605662545
0.00294262212158262 0.0370919925431231 -0.168009299659159 -0.903962114394361
0.0277041686747759 -0.0190035574254836 -0.832157076446016 -0.220663901573277
-0.0151488284312139 -0.063648068178259 -0.41427866519433 0.556836603805767
-0.0297366798774948 -0.0256460919484281 0.155978236686426 0.425590355980119
-0.00565266239208783 -0.00548668830325055 0.210204955541626 0.0384565160963352
-0.0131724768310348 0.000222203975470255 0.0403895617536968 -0.204638150651877
-0.0243577839752383 0.0217885140600029 -0.00290247299981394 0.15388156198371
-0.00986531330568082 -0.00194251188951226 -0.149732351782133 -0.0339119732226582
-0.00203760724685405 -0.0300257822774665 -0.103659905642465 -0.406198688354718
0.0191397720687226 -0.0513925688723118 0.418101530912583 -0.401060980162877
0.0586016969507587 0.0194387478143587 0.747668070248062 0.289427314375182
-0.0192633611274436 0.0635296768132023 0.131349619993019 0.917977256104867
-0.04301551821904 0.0214428554766198 -0.455445252328373 0.49803872065437
-0.0389888083567719 0.0105474749235903 0.00330907279201737 0.0850955920307585
-0.036882153680678 0.0469503149110296 0.430044334466359 -0.461643946210734
0.00331397020078416 0.0364505751674748 -0.172529296098615 -0.894080533310408
0.0239461190005696 -0.0205997621686253 -0.837135892003348 -0.213114541217278
-0.0163556122655306 -0.060932312912816 -0.415142166100602 0.558431204752685
-0.0249047522810552 -0.0209472258304845 0.160229990209137 0.426628416727049
-0.00313633843497466 -0.000541429868767526 0.215597495689931 0.0394363304396564
-0.0138991315461334 0.00225116081310862 0.0445530008885743 -0.203951787156262
-0.0210970941526269 0.0242266798839937 -0.00374870481281059 0.154990908895235
-0.00420107109947486 0.00319603445686041 -0.145880607379565 -0.0291474242334822
0.00316698357231903 -0.0211458845325891 -0.103043076482344 -0.404202456989454
0.0161336641019278 -0.0457872951485956 0.41041059014854 -0.40496856230889
0.0541249266951557 0.0154261818980067 0.742282591331577 0.284028322861597
-0.0183405228473242 0.0579686694008721 0.13335036655357 0.921599047791707
-0.039522382680047 0.0226787863541624 -0.45908250116679 0.508597445708243
-0.0359280584566479 0.0122107577867615 -0.00735118928009989 0.0924514077369633
-0.0327864118505699 0.0460032244854722 0.424786645297646 -0.4497122225627
0.00360687822331122 0.0312843803595356 -0.17237139845301 -0.888997293425046
0.0190586603811822 -0.0229349734067188 -0.840892020741812 -0.218258739586034
-0.0187286824146478 -0.0563622699702134 -0.422188263215607 0.55577256124394
-0.0206049393687527 -0.0121224862321442 0.159007357389082 0.427180343790272
0.00190218353525822 0.00501016465491402 0.219601252643952 0.0431227940087505
-0.0109337197886875 0.00482387462733825 0.0457536251144017 -0.201720517024873
-0.0148391922215963 0.0248828215339576 -0.0047146612242623 0.158366236716184
0.00164552063962747 0.00929888534782927 -0.144346155403835 -0.0223695819084692
0.00660676703803641 -0.0105597403617893 -0.106497121378704 -0.401227598566037
0.0120895890570777 -0.0377221981941073 0.4000943597735 -0.416019565354767
0.0486490263905028 0.0110377057905673 0.743598968226344 0.26914495885668
-0.0148287133566011 0.0501011073881442 0.145087651681036 0.921246962982643
-0.0325238480916194 0.0210961533797899 -0.457327642767742 0.519836392347553
-0.0297035181398196 0.0117070069308635 -0.0160937692317015 0.0992822651429866
-0.0268554094362145 0.0423167977345084 0.424915411690921 -0.438716446649082
0.00414021510830865 0.0226196596943232 -0.160626671006148 -0.889510237111891
0.0135217650119933 -0.0239560356807826 -0.842443990912434 -0.23686901772889
-0.0189349727736058 -0.0476456970176139 -0.431908710107352 0.547811349504172
-0.0164483764271772 -0.00491529842045841 0.154761594521189 0.429102378248198
0.00688448241198937 0.0103629047536875 0.223158570143201 0.0490611274780165
-0.00538549232876186 0.00518113642688973 0.0431962812000998 -0.198207308958256
-0.00901620179459366 0.0245268881464656 -0.00974853827725519 0.16044827741149
0.00598844110767628 0.0126099701266411 -0.145083490704369 -0.0135097006740425
0.00938724575303258 -0.000408774454012186 -0.11262949543107 -0.399214245971771
0.00997529702308833 -0.029546745196416 0.388117250781533 -0.43193072434446
0.0440510213288378 0.00587000733114494 0.747939450683493 0.241846687458225
-0.0121047783008917 0.0402950618572605 0.170123247093532 0.913528610017799
-0.0231208531874113 0.014905140269756 -0.447983886410454 0.533212020195762
-0.0209773192481133 0.00855989008593112 -0.0202798311631427 0.105496516089898
-0.0198754860690233 0.0355235639422027 0.430732720908057 -0.425824569009801
0.00510609921065022 0.0140950879691863 -0.136853368733526 -0.893274922035601
0.00965663683318579 -0.026839963144129 -0.840637352024956 -0.262977983393162
-0.0196480981387602 -0.0401934952009875 -0.449550376263536 0.53437802647876
-0.01427854521453 0.00498448489115184 0.147881330786346 0.432888245015232
0.0115227427569874 0.0138295090122932 0.223353750562937 0.0570752734706251
0.00197204156032432 0.00620828253982407 0.0408364367932466 -0.194994633138398
-0.00205806337981495 0.0238929321637413 -0.0146255769757348 0.164038698376832
0.0105388725633738 0.0147305489836689 -0.148101536775516 -0.00590853954995039
0.0111330096527731 0.00777863638420661 -0.121858211738952 -0.396532556917105
0.00730409180095102 -0.0205768868936504 0.373481903262118 -0.447863831578328
0.0414591602211923 0.00188629133962412 0.752815742493548 0.213010998578174
-0.00908301715121347 0.0299773616066074 0.199750526358196 0.902975826244228
-0.0147369707671938 0.00615490268372183 -0.43491670372426 0.542208351721579
-0.0103439838469675 0.0021017137434238 -0.0220241345346692 0.110322785887247
-0.0119413427887189 0.0268548501200081 0.442798965236158 -0.413464476114372
0.00616786943922607 0.00304048232149704 -0.107403710846288 -0.901918223480893
0.00712175434801944 -0.029079073939453 -0.835022033805198 -0.29750410532883
-0.0204302646329199 -0.0311625980313502 -0.463271777897228 0.515028138979048
-0.0127806370091167 0.0119341950217321 0.136939250395719 0.43571247300647
0.0150531193591914 0.0162822148363983 0.22105376830331 0.0650725175603556
0.00993992978013155 0.00618365364792805 0.035410153689426 -0.192288615517209
0.00398378459974671 0.0213135355160657 -0.0217886550118529 0.165476807233138
0.0112534945878618 0.0144581554389847 -0.152702612012816 0.00166751566688823
0.0116991670596672 0.0124369580706011 -0.131172324033413 -0.39478879816678
0.00669684056256633 -0.0135777508265779 0.361779276445781 -0.462063091840506
0.0401843883459054 -0.00131602990808384 0.758221200910614 0.180452456269003
-0.00736372510058741 0.0205098333786324 0.229801592402888 0.889000974041599
-0.00636029661872945 -0.0028599321884745 -0.418300460748657 0.547931803286887
-0.00139850659703494 -0.00467351857486037 -0.018170095873054 0.112337420915022
-0.00527837161639668 0.0178711868054265 0.455280243501756 -0.406812390240132
0.0083058395197626 -0.00509188513201379 -0.0744646882503255 -0.913050850456428
0.00559639116179805 -0.0299624878876548 -0.826704387244532 -0.330342500442994
-0.021606676884636 -0.0249151835851664 -0.480332967014078 0.492087445441064
-0.014188472337412 0.0178091467427201 0.127696406550691 0.43519207818175
0.0169008841300581 0.0162145129780762 0.216515836477541 0.0727577632211306
0.0160055930460059 0.00433981736233617 0.0293370857178586 -0.188858645282955
0.00680375399148703 0.0192590835795341 -0.026069500209174 0.16760766665129
0.0128079584287695 0.0122076473289148 -0.158212074773866 0.00567721620962341
0.00898213573869411 0.0143774285594452 -0.140771383737366 -0.39228022140556
0.00727092425006542 -0.00947063906532579 0.353011696403647 -0.479544113519973
0.0399994481493584 -0.0030841236729253 0.76667880943687 0.151076693645552
-0.00640244395790387 0.0147587678061251 0.256965551444636 0.87383091717357
-0.0019084365062034 -0.0112785400095408 -0.398523700501295 0.550252832776391
0.00525499059940943 -0.0115243826215647 -0.0129321152036385 0.111654910126768
-0.000128520317982745 0.0105324090388719 0.473469138419728 -0.402053891924038
0.00961818100622492 -0.0119232976937842 -0.043573660511898 -0.923105150439614
0.00731762616230485 -0.0305787065971538 -0.813531978900639 -0.362920150036865
-0.0211697799954457 -0.0210002199984052 -0.489491765784124 0.476182205644702
-0.0181903343626347 0.0189383836495461 0.116179749356909 0.435933987920528
0.0166389327603161 0.0142958608493327 0.212285520168958 0.0779041640419022
0.0219468043614023 0.0026182306399228 0.0226480354168645 -0.189817428985933
-0.0255492715887106 0.0193428011704722 -0.00607071893678598 0.150480905542079
-0.0147564537424906 -0.00748407113518749 -0.154694676984543 -0.0358271392174023
-0.00641724664933702 -0.0357201419544547 -0.107107435122377 -0.404578005795291
0.0194080719777294 -0.0526573481073957 0.415477127642302 -0.402420508032937
0.0621040770736482 0.020815676764209 0.749701175841103 0.280958339968442
-0.0193021267332975 0.0634805354685679 0.13963350418924 0.904375276028319
-0.0442688831226517 0.0193295483472662 -0.439728755617558 0.489283236302021
-0.0378228664297894 0.00699577337174494 0.0136687957537089 0.0787928157781616
-0.037584107589335 0.0439305084152196 0.436312564183769 -0.465019029531325
0.00293771521417174 0.0374069028481768 -0.165680324059483 -0.898277314254655
0.0269342929853587 -0.0194418167921109 -0.826917121166449 -0.219556002024899
-0.0150563259423778 -0.0629598572564756 -0.413714548766634 0.556020403463745
-0.0295747645559879 -0.0255470117916125 0.156191142074081 0.42480140255292
-0.00743821556490283 -0.00667457451519325 0.209770076181851 0.0385344163112784
-0.0139766892654087 -0.000319841740710608 0.0400664474224965 -0.2048133516684
-0.024424932108244 0.0220065747929901 -0.00307857654088689 0.15142311744504
-0.00971605885601643 -0.00278683360414071 -0.149441051143724 -0.0339729945844707
-0.000567439950043326 -0.0306328995369228 -0.102162779431922 -0.403095541838292
0.0188120037157394 -0.0508870829408349 0.414418743635291 -0.397994175165335
0.0586417172725156 0.0191862639016042 0.742443329264067 0.288656496275133
-0.019095813009785 0.0619965393927277 0.130392760332073 0.911445116829795
-0.0430781737714659 0.0218084667397651 -0.452361606761258 0.495481927059921
-0.038209344628546 0.00989509825555105 0.00292537303663016 0.0847528391307869
-0.0360994029647774 0.046712931276073 0.428512392658494 -0.458147847802001
0.00315945217553341 0.03546050350763 -0.172392375125282 -0.889506061392489
0.0227138880639518 -0.0198148831828205 -0.829950619118895 -0.211719477177849
-0.0171192190887262 -0.0605346552221128 -0.41297917208172 0.557516570281555
-0.0248759789272242 -0.0200895887898595 0.159143051632189 0.424460674296943
-0.00309371682349676 -0.000678266680969753 0.215319894063641 0.0386856915189236
-0.0142320829553497 0.00304358808594388 0.0446103429790412 -0.202180327055805
-0.0208576936369557 0.0226751312702827 -0.0033365611409534 0.153949506984231
-0.00422078609969266 0.00260700755817951 -0.145539033279205 -0.0293905233238628
0.00305632164127624 -0.0216139306036936 -0.101412495737048 -0.402026952391164
0.0155748412987414 -0.0452083301629738 0.406303576053154 -0.403262593318683
0.0539341355920766 0.0147245104126316 0.738280228527647 0.283547599485961
-0.0179372575755746 0.0579689292348121 0.130993806246505 0.914530378609969
-0.038845070004588 0.0228974641324752 -0.457361494623817 0.506389230312155
-0.0351112428870598 0.0123638599656138 -0.00704365643134046 0.0918783511968177
-0.0329212783943724 0.0462381481338029 0.422655740551312 -0.446857675259294
0.00269140674350579 0.0307306223043139 -0.169998240934464 -0.882185641169601
0.0185759752482579 -0.0224848428880291 -0.836440254392705 -0.216783838470766
-0.0172516793701016 -0.0547982883190344 -0.418679240031132 0.552985475664289
-0.0198111759830082 -0.0132988366811522 0.158645556386326 0.426253654554419
0.00177049790495431 0.00462381394431483 0.219482812789926 0.042862827121957
-0.0105841363997109 0.00460016061695445 0.0449173288127199 -0.200558042498619
-0.0151527278988474 0.0241778044138262 -0.00591886981796552 0.156880068000778
0.00137900414727474 0.00845996969259004 -0.142753092871011 -0.021984368329465
0.00768390870901327 -0.0109267112390526 -0.105454677818542 -0.399502916402781
0.01302305983696 -0.037412692333694 0.397035211064753 -0.413117968844064
0.0494243481936826 0.00984889675355361 0.738582661681207 0.266595933824983
-0.0145961093424938 0.0495482399139288 0.146675707428717 0.914963661253883
-0.031276012876048 0.0204983706338318 -0.455965255222308 0.51751597720337
-0.0290468684057393 0.0108832801498646 -0.0151058375553132 0.0986330881482734
-0.0270724447705976 0.0425726046507197 0.423334865941601 -0.434938588142135
0.00458629905108968 0.0236736153679809 -0.15954499484456 -0.885281071359206
0.0139758003654562 -0.0237515923203595 -0.837387178888312 -0.235010619009999
-0.0187351426968293 -0.047803302947351 -0.430116385291799 0.544935427072667
-0.0164587406980594 -0.00482640378646425 0.153349324144657 0.42746633722606
0.00628960053035618 0.00949533653210968 0.221503574567524 0.0491325078903747
-0.00560749680834588 0.0048352896285165 0.0437373176001781 -0.197523154662607
-0.00859820769246252 0.0241052628440255 -0.0107484212720379 0.158839276744327
0.00613779088858369 0.0121706023079795 -0.144064560785105 -0.0130650266797999
0.00919162876327476 -0.000833050401736219 -0.112106725850364 -0.397274076006725
0.00979874940985423 -0.029817357828473 0.384857710987169 -0.429833983660692
0.0443385390519536 0.00578903119416403 0.743089455368458 0.241374203737285
-0.0113775203506875 0.0395453617778766 0.169537219366682 0.907254665497539
-0.0223105843131528 0.0143165711611568 -0.446263903115313 0.530980219193616
-0.0208478742240928 0.00811759835773389 -0.0207394744903216 0.104390253365772
-0.0199736489969609 0.0360544864403211 0.4297124056334 -0.421278805406911
0.00482698905065321 0.0147538670581681 -0.134889878817977 -0.888006679116034
0.00994390083368338 -0.0269971857609208 -0.83590614646982 -0.262717836966692
-0.0192966119547466 -0.0395918538099643 -0.447213128658589 0.530814203434265
-0.0139560791692022 0.00424939782393805 0.145060744432111 0.430780860441305
0.0108074002904983 0.0133093811339969 0.222193279789887 0.0565393113784294
0.0017096925022709 0.00557334095220602 0.0409208882134954 -0.193883212656232
-0.00238210710805012 0.0234798578462228 -0.0155665343564778 0.162268371372958
0.00945132158549047 0.0143906965166393 -0.145922594860987 -0.00479665032662103
0.0118444451025065 0.00796865202286121 -0.120495246861666 -0.395136784269494
0.00761692201885857 -0.0205839897123378 0.371507128454905 -0.445117103350955
0.0411393687680737 0.00164060707380616 0.747721310121777 0.212959992148515
-0.00916671491248307 0.029107222087312 0.197067620234907 0.898072539896905
-0.0141848369855096 0.00588494926383605 -0.433827372797398 0.538134086207116
-0.0105211240572876 0.00226536187897649 -0.0216325237866471 0.108823812895466
-0.0123006492880556 0.0271455320359779 0.440425192336284 -0.410063255775228
0.00651580786271234 0.00363997515536534 -0.105145896577751 -0.897426744236486
0.00708781931785731 -0.0288417800371038 -0.828945026586367 -0.295406286378419
-0.0206795198358229 -0.0303189089666012 -0.460457374635811 0.511543907893661
-0.0133216416252747 0.0124027994239221 0.136975208873383 0.43219814188402
0.0147721479177973 0.0161493760896915 0.220574089267279 0.0654650804343014
0.00942016299060689 0.00557992802426829 0.035733148914658 -0.190951737543081
0.00352554639894279 0.0214730116249184 -0.0222993279528847 0.165515655415154
0.0121985694680782 0.0142656358764009 -0.151366277304185 0.00128855628069188
0.011969457654535 0.012648306653612 -0.130347149706345 -0.392621017522521
0.00683620108712131 -0.0132613135674606 0.358804604842123 -0.46076146835961
0.0400957185655783 -0.00135269291238794 0.754908516155187 0.180302985759335
-0.00706940084784052 0.0199720753867766 0.228357739211921 0.883603217939859
-0.00554690608104221 -0.0022701918655072 -0.414661092904129 0.545803213749008
-0.00154040632370234 -0.00468927466397708 -0.0195323630189968 0.111724621090361
-0.00509192550565101 0.0180404025641079 0.455342003331891 -0.403047473197108
0.00864719428064833 -0.005168128045897 -0.0733819974363841 -0.907468395043972
0.00521340762613439 -0.0299978404578675 -0.819833383275482 -0.327939426704171
-0.0206073334008649 -0.0253357039825099 -0.476878422399738 0.492069084771807
-0.0141202531107564 0.0167805677553701 0.125937476797963 0.432702845498939
0.0165961121876578 0.0156092031363813 0.217385435780436 0.0724403470759529
0.0158655316683223 0.00464307573974761 0.0302307885459923 -0.188114351124425
0.00800228458593372 0.0192035473063739 -0.0278915297985854 0.166978274845025
0.0125502275610307 0.0114588795175029 -0.156728466089418 0.00649537073349331
0.00986672329536424 0.0133801177000254 -0.139598736842504 -0.389994530984635
0.00705448228347509 -0.00944803927685438 0.349433063269232 -0.476010033873973
0.0402803732659455 -0.00275759960993668 0.761729139780228 0.151028576484823
-0.00489013022288506 0.0135255438282168 0.252927501889079 0.867995797080634
-0.00107819833065317 -0.0103691638339273 -0.395258168887945 0.548452997136321
0.00622372672513927 -0.0110543549253933 -0.013516901025072 0.111195711601752
-0.000620990771171118 0.0118788481320223 0.470572776628306 -0.398092734621484
0.010071099644642 -0.0121532019681325 -0.0434559838434868 -0.919254886620547
0.00724974450704803 -0.0305200261078163 -0.808431702066913 -0.360610499812748
-0.0206417666017422 -0.020981850502772 -0.487329271225786 0.474679024048681
-0.0176987711131646 0.0189027629627341 0.11726903470623 0.435166444652721
0.0150632307762928 0.0137649326419596 0.211281839069808 0.0773200825447366
0.0208758939156003 0.00334399169084128 0.0230035101892272 -0.188487215192007
-0.0251183604637526 0.0192344747260734 -0.00625548327462869 0.149798592082801
-0.0140718485518157 -0.00827382162333192 -0.153696985850478 -0.036127973122395
-0.0059680965882108 -0.0365375044796482 -0.106160553738273 -0.401930017791825
0.019830638577225 -0.0526798107932134 0.412792891366555 -0.400940661552927
0.0621362679777862 0.0204202985258667 0.746410691617502 0.281409344763718
-0.0196755655756079 0.0625985037003898 0.13854885288081 0.901278930666462
-0.0435915496693306 0.0184606800506979 -0.440050742178734 0.487918632733371
-0.0371449566343809 0.00590697788354846 0.0130525290745781 0.0778170895971594
-0.0377520435581213 0.0443306082808042 0.435977188742461 -0.460962460587877
0.00248918829758948 0.0378189206160152 -0.163329050495852 -0.897293951492929
0.0275229342453776 -0.0187542221997053 -0.824364769144091 -0.220845416177203
-0.0149563951856963 -0.062187418710752 -0.412620384764055 0.553023428909709
-0.0295555595599963 -0.0255988391298671 0.153905269123763 0.423153355385465
-0.00722342214595377 -0.00702385592968613 0.208951711786899 0.0388755712373987
-0.0148585498564607 0.000463846204938006 0.0410828604058072 -0.20246017232179
-0.0238913023218168 0.0224127318982907 -0.00419580407456504 0.150695511084474
-0.00994723951791794 -0.00375396273687858 -0.148508383997475 -0.0340147884959265
-0.000606425773386461 -0.0305210290234103 -0.102203230811217 -0.402635729666614
0.0183714703349465 -0.050299568897124 0.412098498913068 -0.397235099458191
0.0585901197076462 0.0184947754228066 0.739447604792962 0.286978156222961
-0.0195468256973504 0.0618873567564008 0.129521890176443 0.906374231847365
-0.0428713510802368 0.022514991624785 -0.45116081848031 0.494403914456222
-0.0374455922980494 0.00928660034141275 0.00293352265045377 0.084420628506736
-0.0359947581436758 0.0475331250381331 0.427576565574209 -0.455078943169933
0.00322561674190919 0.0358452128064942 -0.169396124709459 -0.886299585234687
0.0228968321159254 -0.0207455216545142 -0.828754093891189 -0.212384964280128
-0.0173649741422447 -0.0600104894424341 -0.412612569071991 0.556528389944207
-0.0248151604046056 -0.0200119918694093 0.157498917957264 0.4239370256487
-0.00432695924599036 -0.00126235555084521 0.214315236512967 0.0394381501145878
-0.0145676161316639 0.0031789862856494 0.0451824618190465 -0.202263092553306
-0.0207112586717165 0.0233074407894268 -0.00458568296586291 0.153923866203579
-0.00459846299051145 0.00337256376906903 -0.145218117912285 -0.0292719523072957
0.00396766609201103 -0.0214724070373774 -0.101313542641765 -0.401456486813695
0.0164061711883397 -0.0447846556131014 0.406744053820117 -0.400545128045894
0.0532779446928516 0.0142619629047355 0.7324882660225 0.282946051844227
-0.0177386712406664 0.05636659933948 0.128285005245516 0.912093936382904
-0.0384302101307771 0.0226096999528216 -0.455904280775844 0.504379978050315
-0.0350011423072119 0.0118641353272323 -0.0077199414876291 0.0920343567312173
-0.0322272265828461 0.0466786937833058 0.421634541260394 -0.44324673646623
0.00324578317937366 0.0314926397205776 -0.166270132588187 -0.88080945255002
0.0179418797132465 -0.0219398526967275 -0.832938244016757 -0.217518116786136
-0.0172530222774208 -0.0546846623183588 -0.416880858774459 0.552857266117123
-0.0197707589768114 -0.0132425432019903 0.156665522380789 0.424908821883508
0.000350371581710264 0.00441883678970487 0.219202415743345 0.0422634605719769
-0.0115736133031799 0.00430481686236445 0.0463216847452655 -0.1994968967325
-0.0145424012593142 0.0249213167039186 -0.00619302424430779 0.156070506432629
0.000780361683995714 0.00779926185615412 -0.142644938174673 -0.0222209496786034
0.00757387600859406 -0.0109281753791899 -0.104458322315866 -0.398632451169522
0.0140298946891012 -0.0375243567489072 0.395924424232211 -0.409970840440973
0.0483166083808774 0.0101017975213814 0.735459531336619 0.266790641764788
-0.015285780856 0.049617251268376 0.142981898589557 0.910896075024969
-0.0315051070265721 0.0198350179271277 -0.45393631949006 0.514882978911327
-0.0289039710070171 0.0121298205421055 -0.0150640742554734 0.0980663874321524
-0.0270525768707118 0.0433160148266872 0.423044341656268 -0.431467907712041
0.00409878555236881 0.0229022841184069 -0.155841317863816 -0.8815384469375
0.0137267696409091 -0.0247822249861416 -0.833616484211414 -0.235091770919668
-0.0182091952731102 -0.0483128307322312 -0.429426774579189 0.543553826381847
-0.0155563669480071 -0.00418914948229626 0.151615783338427 0.427427385476785
0.00569594612006332 0.00977883528874624 0.220995663170265 0.049341092866948
-0.00651081611350252 0.00506411510431224 0.0446903692870503 -0.195539936091449
-0.00788938384662632 0.0243395422338512 -0.0107494237029224 0.158718006944848
0.00626739731405465 0.0113681002001053 -0.142941801185041 -0.0136945463728648
0.00964949162989811 -0.000569706238523243 -0.111381904052373 -0.395844291056235
0.00979630542241191 -0.0288058230996765 0.382200722257964 -0.42779135418261
0.0438298444078473 0.00586397079494863 0.738986904896423 0.240941438276496
-0.0113912191406121 0.039907260532699 0.167965754451556 0.905157167312995
-0.0228799506148279 0.0150213889488563 -0.443571624542746 0.528207192860155
-0.0208801475717695 0.0080265558225587 -0.0206950611566863 0.104250398735471
-0.0194028788154617 0.0371916721562979 0.427794319232673 -0.419102428435091
0.00479533183949648 0.0143972034917284 -0.131842082656495 -0.883771064927999
0.0100154110987119 -0.0261287441979954 -0.83229726208634 -0.26292088514728
-0.0193597139631993 -0.0393391107369944 -0.445831947562288 0.528667072454376
-0.0129255888214825 0.00292354682201194 0.14565023858603 0.429460786743489
0.0113875990685263 0.0127533351498574 0.221152889926119 0.0564295368578943
0.000907063172732177 0.00610190540202267 0.0405195995179274 -0.192811894869888
-0.00124575991090293 0.0230821940919156 -0.016731296792834 0.161526077819286
0.00971269367686503 0.0143675580859219 -0.145516795561714 -0.00552602292760023
0.0127633397206564 0.00717032981593309 -0.119267936678455 -0.393310291082584
0.00850247283105589 -0.0191314217077396 0.370596006536545 -0.444209350758059
0.0409524700858667 0.00100592678572748 0.744094901899995 0.211022904591547
-0.00896499894658385 0.0294212175959649 0.196393521747059 0.89627124228199
-0.0138756347717245 0.00646701440663461 -0.430597426348512 0.537655216141493
-0.0110326610699828 0.0023916584006019 -0.0216868350817256 0.109629271520745
-0.0112621110796967 0.0272036885291464 0.440251586253385 -0.40808750889633
0.00606063912522027 0.00400379261220927 -0.100483099515688 -0.893432510965924
0.00651907989337035 -0.0280746741575273 -0.826336341135544 -0.295949259527245
-0.019676125658027 -0.0303760857359592 -0.460864042638903 0.509364455910818
-0.012864428172026 0.0114705748646694 0.136290749040935 0.43184695907659
0.0132534154684935 0.015277937414377 0.220320354373064 0.0655366942484099
0.00800690993006903 0.00578029414220674 0.0361986868006266 -0.189842406647015
0.00355514796004956 0.0217276726529237 -0.0231370757904695 0.164211254980732
0.011800635256437 0.0132565145265732 -0.149981504258719 0.00116641445838017
0.0121375606167071 0.0122314454748468 -0.129810859959159 -0.391322037877957
0.00630971127762618 -0.0125832477596815 0.357394295470363 -0.459215078150265
0.0397919339125704 -0.00120098509811644 0.752346509510978 0.178657776296742
-0.00651784292849968 0.0202020922309215 0.22549773915291 0.878318171698588
-0.00620107592615835 -0.00314879630504555 -0.416068812508271 0.543774955934973
-0.00126622726356278 -0.0050702263646357 -0.0196450376218868 0.110740938734945
-0.00450464526550714 0.0188067810311689 0.454613707464584 -0.399751483545472
0.00810095634366526 -0.00512322168510599 -0.0704960156607897 -0.903680555758062
0.0055452689956867 -0.0296179659908015 -0.818015610924838 -0.329614506387561
-0.0208927070730773 -0.024728086232716 -0.474651286419431 0.48928039192129
-0.0145052850270269 0.016901682119078 0.125878042908596 0.433181288791777
0.0152383600961156 0.0147625947395523 0.216296905928923 0.0731053552925504
0.0146624604180166 0.00489493263647792 0.0304044384046826 -0.18731920987299
0.00780560670878187 0.0196022230256923 -0.0283455498151069 0.165438039748976
0.0126083096918468 0.0105710375492281 -0.156194913473062 0.00609044145217311
0.00967982094120754 0.0124895259185432 -0.138571843903801 -0.388623364091868
0.00696712039701907 -0.0091509249722515 0.347744225181683 -0.472886795939674
0.03949366051752 -0.00287142978394339 0.757299857980624 0.149189991305197
-0.0055849954067508 0.0142639430013556 0.2537458096464 0.86565420173714
-0.000520866508176562 -0.0104147725676972 -0.394410137328428 0.544252654280394
0.00587813998691032 -0.0106406760936521 -0.0132870281025033 0.110417579536006
6.22784265329763E-05 0.0109252014273174 0.468419999521812 -0.395023138119017
0.00981762836901255 -0.0113161666805269 -0.0416977484203076 -0.913402578612647
0.00675644088193739 -0.0306579285582344 -0.804257341786895 -0.359975200220986
-0.0206999512516496 -0.0197151575720682 -0.486814039262042 0.472754523190559
-0.0183938050496938 0.0187344055984467 0.11609095098864 0.435822497853443
0.0144902562094673 0.012254595347516 0.210623714860285 0.0783546163636726
0.0197773063290927 0.00322203053499764 0.0226934719196681 -0.18764305695117
-0.0254863835675342 0.0191903004761164 -0.00741066447453841 0.149783753137898
-0.0142867622505774 -0.00924813621756838 -0.152704878775194 -0.0360461682973525
-0.00580946834234849 -0.0362592406317557 -0.104371578837874 -0.402852860851064
0.0202630253211969 -0.0521512781352093 0.413355317041024 -0.40043681600644
0.0625031103640291 0.0199602333312088 0.744734012217756 0.280686633947844
-0.0197256588329159 0.0622180429130494 0.13780555837004 0.897833201124088
-0.0431264122663741 0.0185879934145567 -0.438511637435072 0.486764310077118
-0.0374391305592587 0.00526086688544474 0.0132291871473611 0.0788383320691873
-0.0366421471887334 0.0446311991050167 0.435542505185625 -0.460462911548543
0.00251155112011264 0.0378262104808664 -0.159816201115901 -0.893718644452262
0.0269013744779135 -0.0181276539089965 -0.820022739671953 -0.220544484482451
-0.015064240903724 -0.0624100735699377 -0.411299907030278 0.553448615866251
-0.0294528716726165 -0.0260742411524348 0.153745922967806 0.423295270526397
-0.00867536170051831 -0.00735224651924894 0.210382284166711 0.0394426355189887
-0.0151566745011978 0.000547290049449021 0.04149738248801 -0.202650373156044
-0.0238214223005365 0.0217821839226903 -0.00572973221884824 0.151091209476735
-0.0100228562792356 -0.00374883461299583 -0.147632986002801 -0.0340808124996884
-0.000771721553750837 -0.0302491333937377 -0.100864373956013 -0.401038937235783
0.0183710712791757 -0.0496275802780198 0.411122611488718 -0.394630556501264
0.0578596965702357 0.0184489160247432 0.736699890724586 0.288129571742355
-0.0191684653619296 0.0620254910488627 0.127618548400386 0.905823973421562
-0.0424081172082475 0.0215382206111092 -0.450969316642099 0.492227884862834
-0.0376528414406261 0.0104089908901574 0.00210163651494894 0.0840315252238301
-0.0355049694918857 0.0472143217751358 0.427308141241416 -0.452821875945888
0.00312951887953782 0.0359231048734275 -0.165822005605532 -0.88402036436254
0.0229156967958869 -0.0192664240268691 -0.825820785070513 -0.214490104585921
-0.0159902974316488 -0.0605214381670021 -0.411926783382917 0.555083011738521
-0.0247946192082175 -0.0204317480077525 0.15614223273755 0.422237959484551
-0.00503958506391594 -0.00213014988120711 0.214673773994113 0.0396983411317029
-0.0157745628555235 0.00223371824932543 0.0459076461593443 -0.201548135981038
-0.0198794715462191 0.0234126621107221 -0.00497480742553632 0.152497589676927
-0.00438450615681832 0.00200162344815898 -0.143414065837779 -0.0292802880361954
0.00412401838487517 -0.022027088679392 -0.100112986318069 -0.401020856803832
0.0163477472093855 -0.0444825026163235 0.403946213294019 -0.39908380709336
0.0533240302060294 0.0147313273381993 0.731855790800594 0.282799959679756
-0.0174572910106894 0.0573405416190286 0.128877295406942 0.909508407094278
-0.0383892554208077 0.0219252527455446 -0.457397039489384 0.50168398302378
-0.034386064085255 0.0115438864057559 -0.00781994688143657 0.0909312600327496
-0.0315029280567662 0.0468606384776444 0.421130605190734 -0.440029495164514
0.00300062046598967 0.0319402229368526 -0.16732240127008 -0.879596002754316
0.0183577962075295 -0.0219061240117699 -0.830831002165192 -0.219964829340516
-0.0172502586949606 -0.0546969038418193 -0.418044904561123 0.550398471870363
-0.020510362634397 -0.0133667840619625 0.156388095078729 0.424069369404694
-0.000921737364307455 0.00433956521638172 0.218857282444178 0.0434633028582624
-0.011952894526332 0.00432287955822207 0.0467413528684602 -0.198897335949012
-0.014390080582584 0.0246203970370808 -0.00784824936869006 0.155644852138705
0.000321549174773028 0.00689062583570332 -0.14131618255027 -0.0223423174583949
0.00806366127987338 -0.0111501428954391 -0.103560347653428 -0.399118966606169
0.0135542937075546 -0.0371213082795252 0.395952604867353 -0.409422843108574
0.0488717891512914 0.00981327707094854 0.732056714041431 0.268808242756209
-0.0151086948590289 0.049002005577577 0.141951151905269 0.908366045379848
-0.0306094420170421 0.0201245690471458 -0.45368334398326 0.513771146050239
-0.0281907624006078 0.0106808018356241 -0.0159785578042738 0.0982210378078899
-0.0257951747266701 0.0432445596223128 0.422585166653845 -0.430533245875813
0.00383812820888409 0.023516829858644 -0.15250033583898 -0.880289115036039
0.0133906568427592 -0.024233186219135 -0.831345928423955 -0.236426346978386
-0.0185448971613369 -0.0471641631186182 -0.428406285897094 0.543146158018315
-0.0166887786588862 -0.00465676976939351 0.15261907621275 0.426670121698173
0.0046936382383571 0.00846900990270974 0.221359945219551 0.0501293537614426
-0.00673878438304213 0.00610247726345958 0.0447043689780524 -0.196247555040756
-0.00775923576090045 0.0246389007473308 -0.0116408398395412 0.158047120326506
0.00567318830011778 0.0112026599417123 -0.142389595567944 -0.0149276218520033
0.010847213841521 -0.000965912225609867 -0.109660579921116 -0.395830674259684
0.0105646315273737 -0.0277540140443253 0.382193885075079 -0.426567085075918
0.0441232657064765 0.0049380733536309 0.736605221831251 0.241775758368658
-0.0119397406145091 0.0391575848670963 0.166007413659506 0.900476987633162
-0.0220986443157568 0.0145139437922596 -0.44541136322677 0.525769558626525
-0.0203362199146946 0.00703753437844915 -0.0204237430218786 0.104248615653275
-0.0193683559370685 0.0367344138637082 0.428225071940123 -0.417111813106455
0.00453386659797043 0.0146099703190252 -0.132067468317921 -0.883568840493736
0.0087515337024925 -0.0257121079170008 -0.830314195888994 -0.262760650766677
-0.0188362237819389 -0.0393832670042545 -0.445633136292744 0.526940010194272
-0.0134153674042041 0.00295600123230378 0.145322473743754 0.429441930628591
0.00949263187089764 0.012926652666416 0.221880028284458 0.0570668332613835
0.000241492630386917 0.00591695602309049 0.0420629543667986 -0.1924839906436
-0.00131201570032701 0.0233848012328697 -0.0174005184555081 0.161420100401221
0.00948047519265118 0.0130891372460904 -0.145158946526481 -0.00619678717909487
0.0124270554495683 0.00688222511204145 -0.118884438472704 -0.392437758202153
0.00847785355821289 -0.0192445589283492 0.369102456897205 -0.441917236280142
0.0414080700959917 0.000668549151394426 0.742936285575665 0.211035018553339
-0.00855535629891509 0.0290085526599092 0.194953508165021 0.893343695552776
-0.0134181803406085 0.00575602711345123 -0.431782265640547 0.536457335824928
-0.0102348703619421 0.00216479405503072 -0.0229722238365486 0.108914684476481
-0.0117864554513417 0.0279687319779644 0.440681138058451 -0.404888868160656
0.00642709586037969 0.00385244586509905 -0.101421365825315 -0.893681622243808
0.00626339813733961 -0.0282844027479289 -0.823510115915873 -0.295198189699964
-0.0200964368242837 -0.0316369951492712 -0.461149669581506 0.509394121110506
-0.0127564261020965 0.0110883966046116 0.133748532258667 0.432295874817243
0.0125032549731123 0.0153782791968879 0.220700742757944 0.0655112780217752
0.00827882242672119 0.0060500788891774 0.035540972443896 -0.189877023241484
0.00446674822889018 0.0214221384199073 -0.0241638561754123 0.164267312864139
0.0109954902263113 0.0132481013559208 -0.149680617482909 2.59486550346855E-05
0.0125343730819687 0.0117569811414352 -0.128447364978845 -0.390628717792156
0.00672148136554626 -0.0123081079614209 0.355874943026044 -0.456536834768653
0.038832223075757 -0.00197084234194427 0.750227155748972 0.179397428665767
-0.00702323959126763 0.0190543695987881 0.225625229685596 0.878892268508408
-0.00626959490961485 -0.00371308878300708 -0.415173043762254 0.540317884969012
-8.08424578973245E-05 -0.00477977866294447 -0.0200390560993293 0.111156632989116
-0.0041046095666641 0.0196683246787589 0.453503531408555 -0.398717441967243
0.0083388676599547 -0.00459693621805232 -0.0699085025449124 -0.902750937632481
0.0043358194852146 -0.0297091884591459 -0.815241408841584 -0.328503616754944
-0.0204291730343554 -0.0247201363633288 -0.475382925810582 0.488664049992932
-0.0140776690315087 0.016557425141618 0.124383983920287 0.432936875275197
0.0149976412311416 0.0148809455465543 0.215818126141953 0.0731632691474939
0.0141929624323156 0.004169836340596 0.0305800611129914 -0.186421762825541
0.00783500497608315 0.0192262832203645 -0.0281532925696152 0.165187689570855
0.0114059394030632 0.0103311208436033 -0.155848657936155 0.0054710824964716
0.00993045975954222 0.0130466939029296 -0.137310082392072 -0.387946256848473
0.00645914915314576 -0.00840023255453948 0.347595832567453 -0.471341425517887
0.0399446512681051 -0.00297255316221816 0.756921226446724 0.151578898996236
-0.00530257661308113 0.0135766129278072 0.250860368970032 0.86353535317131
-0.0010055256971854 -0.0114166235044426 -0.395573222501885 0.542523888974615
0.00590099156202634 -0.0110743015348401 -0.0128598823398161 0.110209094436991
0.000845897578978549 0.0117893749608583 0.468347758193234 -0.393163824594072
0.0101975609062906 -0.0109633002892935 -0.0388252847630601 -0.912400574898861
0.0066142930448689 -0.0301407379065187 -0.803889007421717 -0.35937321460637
-0.0203296756666048 -0.0200125482862946 -0.485419243530177 0.470442199409164
-0.0173321705210899 0.0174818426101198 0.115173833415932 0.434429999776683
0.0139582205688416 0.0123648467492987 0.210172287337013 0.0789239077465098
0.0197505165841246 0.00321075967366182 0.0237750740086874 -0.187601218079063
-0.0253937548697174 0.0190099551829704 -0.00829948247202915 0.149593319417067
-0.0147801551323703 -0.00971323895880687 -0.152417787229012 -0.0362490412037883
-0.00488463342786798 -0.0369737193806067 -0.104097000045763 -0.402482477752866
0.0209005363816496 -0.0514603644196405 0.412616178733863 -0.399606561796592
0.0623179105131658 0.0201009804629859 0.742191902930333 0.279887684940427
-0.019276317323409 0.0620689660952625 0.135757448301711 0.89639925677946
-0.0428080659959906 0.0188357537098189 -0.439547253649389 0.484486941240091
-0.0365382911505383 0.00587357963600972 0.0129644139347434 0.0786949962682852
-0.036383509706355 0.0448914488974185 0.436838017865021 -0.458516755039766
0.00253533777093712 0.0383506176546591 -0.157973024293807 -0.893356595058776
0.0267425141482406 -0.0178664465760291 -0.820851497407036 -0.223326310024849
-0.0142868508604307 -0.0619529252297641 -0.410659903926467 0.551655286027468
-0.0295210014983873 -0.0260530432855885 0.152324720061387 0.423587798446515
-0.00910237505700355 -0.0079618144029511 0.208960691401779 0.0395767219993972
-0.0154551677566985 0.00096159842102673 0.042187409231852 -0.202498742276665
-0.0238282903574703 0.0221099750748455 -0.0063436555627132 0.150360319713675
-0.0102819099487337 -0.00367716086044135 -0.146612766329729 -0.0356574087248727
-8.60300257511963E-05 -0.0311497661815033 -0.0999618237018497 -0.402487680675457
0.0185344302480599 -0.0491403311186029 0.41137497512052 -0.392693101226039
0.0585939393570125 0.0183058307709741 0.734724683951981 0.288125590524889
-0.0197929688907796 0.0611179084008364 0.127490230483822 0.904632384409141
-0.0423379381601001 0.0215100556783537 -0.452724762981481 0.489284693460989
-0.036905832920858 0.00899872553680555 0.00203072163061672 0.0851425955249764
-0.0356157016900617 0.0480844334519568 0.427261782059162 -0.451929833879763
0.00232613756844019 0.0362203111086164 -0.164825001048716 -0.884488990112522
0.022449035895413 -0.0192345380935814 -0.825727469252588 -0.215275964798123
-0.0160170210996084 -0.0599540191578792 -0.413423844804468 0.554851429796072
-0.0252298331930353 -0.0202527164226983 0.156330662768255 0.424328055116922
-0.00574508550595425 -0.00145579245956477 0.214424515131638 0.0409376814102785
-0.0157467555291243 0.00293700413103527 0.0458094687488083 -0.201290776588711
-0.0206344047686845 0.0230626787950575 -0.00608434409540232 0.152434078857425
-0.00529475763150383 0.00101627801631192 -0.142783524884544 -0.0302593026705059
0.00507035847336689 -0.0217484752271499 -0.100243407592288 -0.400729844490836
0.0157511204683456 -0.0438728755891421 0.404249531131591 -0.398207547332195
0.0532691666358393 0.0139147223510777 0.729127184049453 0.28569403081286
-0.0180277309415197 0.0567433305363653 0.127743615742284 0.907600092814821
-0.0377446878552816 0.021092887285891 -0.456469364398363 0.500674152948638
-0.0339678854348984 0.0119809040081016 -0.00852623036549969 0.0915852027426644
-0.0319499083822412 0.047371863472477 0.424255105537939 -0.439674226856373
0.00215623004451621 0.0318660930586343 -0.162478212666122 -0.878140620492915
0.0178652854619457 -0.0219048457889573 -0.829152770002626 -0.220556733863398
-0.0170931033916575 -0.054554092882771 -0.417185629472665 0.550213479317883
-0.02109824444768 -0.0139007157771737 0.156093112229265 0.427060958964467
-0.00111029463237196 0.00309802879766736 0.218731410952512 0.044460913652971
-0.0127196771611928 0.00502586394647533 0.0476690192587176 -0.199199311690603
-0.0147145156284216 0.0242854532921894 -0.00832167028891444 0.155585992638775
0.00125744494493524 0.00700974717035939 -0.140512612522453 -0.0230679228173813
0.00843592759243944 -0.0118065822126694 -0.103586484831135 -0.398265417400558
0.0134274221627673 -0.0360929588346948 0.394773845134325 -0.408609669203619
0.0485457586742009 0.00980190429451707 0.732141570802263 0.268752951067051
-0.0153539574024613 0.0483276275488649 0.141214979908544 0.907308632163993
-0.0310249635583853 0.0194817930889684 -0.453913147596444 0.511242591479496
-0.0285571694745015 0.0103169766985383 -0.0158640230310608 0.0982400432921314
-0.0258862166390035 0.0433569330223478 0.424438622984521 -0.428070671335469
0.00364530452015081 0.0238361946139296 -0.150930175230815 -0.87954203504575
0.0128513488103101 -0.0233610795662342 -0.831409318673136 -0.238298053850763
-0.0184648694612455 -0.0475467945270194 -0.429368683630081 0.542311216437626
-0.0158896621039739 -0.00507762443827469 0.151734505248646 0.425680159497995
0.00332920616622554 0.00881413816066021 0.221414537852181 0.049717886600952
-0.00708050822008246 0.00624356807116406 0.0456086015148138 -0.195478393553855
-0.00852917522092793 0.023912373874905 -0.0135686973938479 0.158494103319287
0.00544254374160343 0.0107519708625457 -0.141815953749874 -0.0149663790596122
0.0116943518827107 -0.0015364474121525 -0.108776629519627 -0.395558733579327
0.0109878914906705 -0.0278181233260989 0.382000050370603 -0.424619322178923
0.044439913353012 0.00475174012605536 0.734644781282141 0.242424320221024
-0.0113173729146702 0.0386452171060551 0.165130858478022 0.89893604581288
-0.0225926380567259 0.0149272044407531 -0.44544164939837 0.525598355817046
-0.0199705196632925 0.00682889524809208 -0.0212187758521885 0.104299861536491
-0.0180794390331836 0.0367849032557574 0.429173703191025 -0.415010588935921
0.00479661885489539 0.0148175219705552 -0.127971778050942 -0.883353181490322
0.00870647296869794 -0.0260442342146098 -0.82995434176437 -0.265650734056678
-0.0189592186385622 -0.0389682557461174 -0.446017779986088 0.527453005671411
-0.0133953164863281 0.00332259892543125 0.143076593643648 0.430118079277194
0.00839213566739798 0.0119592872652354 0.222004181344013 0.0570593748340818
-0.000909740868621611 0.00597540299498709 0.0428036600023258 -0.191782226895585
-0.00132845405467934 0.0226616446458285 -0.018230458256808 0.160510465910092
0.00872382229779892 0.0133540997824394 -0.144892877296452 -0.00653689077468046
0.0123178194032286 0.00630982657558377 -0.117748483044295 -0.393277606719187
0.00824741059004575 -0.0186855166225782 0.369536720706257 -0.43976620645353
0.0410086415461144 0.000140227893919993 0.74125346552346 0.211981318043266
-0.00879865673857349 0.0284463092321175 0.193372138070818 0.890657112188691
-0.0131105444298454 0.0057499761547856 -0.431578160435596 0.533170542904583
-0.00972323285225628 0.00224281009461843 -0.0224358174716853 0.109471449104904
-0.0108465398258546 0.0284504384622363 0.440472448523832 -0.403440507741749
0.0057007013312922 0.00440854950059263 -0.0970283950399202 -0.892228362826021
0.00616413580457415 -0.0285969236323256 -0.82429056041603 -0.297082201955049
-0.0195784257744177 -0.0313167713159208 -0.46117919332544 0.508137909574866
-0.0129569927755445 0.010154646781263 0.133135215654509 0.432753250335267
0.0115191080949149 0.0146473048382772 0.219713473698459 0.0654532721125652
0.00766081571038451 0.00553978271038142 0.0373604233738425 -0.189814663975612
0.00364240156564234 0.0211001712153752 -0.025415990418776 0.163682651383369
0.0106988151725277 0.0126229694660141 -0.149451624983484 0.00023858606314011
0.011883621731351 0.0112874306836315 -0.127817818213358 -0.390725762436408
0.00739187547845007 -0.0118999388807994 0.356711038724419 -0.457185637104808
0.0394828166764815 -0.00299203900625092 0.746859816584466 0.181169591762021
-0.00625023367727641 0.0190289509667865 0.222456638148594 0.877044915354693
-0.00508620026192019 -0.00287270448680332 -0.415161986118116 0.539327166661369
0.000210174587800015 -0.00517363800180018 -0.0205746727536343 0.110678790586525
-0.00388922086976563 0.0198521218056584 0.455160587916896 -0.395488497245313
0.00827983240702397 -0.00473088513053715 -0.065901103231938 -0.902678733508329
0.00460739320935741 -0.0296704495406742 -0.815325654480965 -0.333665015658344
-0.0201183458643539 -0.0244201017760906 -0.477155868178732 0.488013654267641
-0.0148332473309351 0.015919229015156 0.123762145125654 0.434847381219177
0.013315912099176 0.0144680651462197 0.215419697180482 0.0736373874250927
0.0135607244551818 0.00453571606419422 0.0316839697292027 -0.187546416607239
0.00774191911704889 0.0188594707226483 -0.0302839508454909 0.165068748782112
0.0110230013222352 0.0105399007841838 -0.15427323013768 0.00472162436994749
0.0110002157690228 0.0118050913658731 -0.136694870442826 -0.388319043254733
0.00786384159673348 -0.00685774273352047 0.346649391106193 -0.471562773521952
0.0396961355406589 -0.00326089509055314 0.754472608987588 0.15267968551114
-0.00506864373247083 0.0136253036939911 0.249233650306439 0.861996903122517
-0.000340817270991271 -0.0113317381954212 -0.397112581202877 0.542872022343473
0.00625739820735947 -0.0124143044612194 -0.0150446914611787 0.111050895151184
0.000739293756930025 0.0116628243524254 0.471061896965855 -0.391169413053911
0.00898415220427249 -0.0112304948012976 -0.0364750250123165 -0.912333196377641
0.00582939947207176 -0.0300628335787887 -0.802506411544865 -0.363469947757101
-0.0204360271067874 -0.0200712113378876 -0.486519663068247 0.472328881514148
-0.0174231338552468 0.0172235172148374 0.113252602885267 0.436275798166206
0.0133006784901279 0.0120458499431132 0.210915210383353 0.0792551733987557
0.0186500039139902 0.00346128642201405 0.0248751106265363 -0.187225123293141
-0.0134339106146775 0.0256291955316002 0.0534170922855519 0.141994507440728
-0.0157703516653835 -0.000933294244960239 -0.15470214735777 0.0309774643441586
-0.0220863735199353 -0.0262731623280967 -0.265819169946578 -0.318306483296537
-0.0110473832512914 -0.0542607934334258 0.202095280909477 -0.542513070566615
0.0589436887096229 -0.0198404320295982 0.793745384355623 -0.0673870305085575
0.0132578642532371 0.0588906528616642 0.509782135852928 0.752894007622106
-0.0317920972456729 0.0348702963892582 -0.194516757162279 0.629979043297429
-0.0322208663161186 0.0195740815389968 0.045487856691868 0.0658673018574925
-0.0120433405576211 0.055675622971707 0.19700550802639 -0.603988066436643
0.0147346982014928 0.0327721808423525 -0.528823649446706 -0.741097568887603
0.013632328381616 -0.0249335770275379 -0.835435672186569 0.148680249013986
-0.0439117573142489 -0.0412546503924002 -0.136582490623126 0.671659909865259
-0.0390327041998492 -0.0066237885170849 0.318759712342539 0.316002347552476
-0.00915305446868407 -0.00226899071775181 0.207388844835832 -0.0524142555004636
-0.0152598244414929 0.00636351506415697 -0.0444228852993979 -0.203970323209376
-0.0110878555780352 0.0268000683954759 0.0561572472259574 0.142206287018183
-0.00982728949438578 0.00197965666270349 -0.147443118660608 0.0301229797791787
-0.0155346474319145 -0.0229535398067377 -0.261671025234678 -0.321524950162855
-0.0115772348887598 -0.051470118884668 0.204704211725427 -0.536128075890775
0.0547354250041922 -0.0195455144416974 0.789163440526601 -0.0593932551056659
0.0134810004297929 0.0578111539901986 0.503259356046355 0.764425057796546
-0.0306023961703934 0.036622591607446 -0.202224684749657 0.640791132243798
-0.0307081804002182 0.0227979083313325 0.0372582360542572 0.0748725425896103
-0.00978430464889179 0.0576963749162051 0.19184913161324 -0.593612921451775
0.0140413529018762 0.031077017666442 -0.530700983769349 -0.731107213893865
0.00857062525229647 -0.0245068628889807 -0.836210816376666 0.158195919905158
-0.0437608868869657 -0.0386620963963981 -0.135831262661612 0.67376126927455
-0.0315022655196264 -0.00448436241006545 0.320018511737583 0.314560143926653
-0.00543011886330826 0.00185280545320892 0.211834613502353 -0.0530452498042539
-0.0130519824625593 0.00732050890485864 -0.0415610794433438 -0.204011159047421
-0.0072553810299187 0.0275142396504492 0.0573078955642851 0.143552455711573
-0.00241106455329176 0.00405613263035746 -0.142561155891947 0.0330479142538151
-0.00837721174654789 -0.0174701896468159 -0.260400350632798 -0.319785765220716
-0.0107468094529047 -0.0450737659502772 0.195309033431933 -0.537818950583499
0.0490566791300285 -0.0210385321738694 0.781001648010803 -0.0599046630255887
0.0126827201978189 0.0534016854469004 0.506348998198657 0.767871763451516
-0.025578056270528 0.0360620093237993 -0.200185464623398 0.652520421945441
-0.0271618975250484 0.0240156987616246 0.0317823608822342 0.0857498850086888
-0.00655276959788256 0.0558380251184953 0.193187235753952 -0.580384091154217
0.0124631794241358 0.0276440035212757 -0.526961550619688 -0.725187195047256
0.00347102216457956 -0.024815395069956 -0.840886529826057 0.153318091102032
-0.0430742127810636 -0.0332222989025028 -0.141698148169874 0.672956161267595
-0.0243968794152946 0.0012431733394014 0.321131439851772 0.316591716986382
0.00225631698336832 0.00473950421910199 0.216669170562873 -0.052568252102181
-0.010087606400406 0.00896376118629946 -0.0386018222186553 -0.202133653523991
-0.00166061836308984 0.0259726557257205 0.0562748846556452 0.145729250126808
0.00412999932447996 0.00735288885667456 -0.138221187929121 0.0384588346672879
0.000251331859201931 -0.00938827795385463 -0.261980089553458 -0.317063937462288
-0.011116589931832 -0.0377608197355766 0.181785271589466 -0.542523839600127
0.0419990848572408 -0.0233937529744002 0.77562774923851 -0.0749994787393756
0.0123236004100814 0.0444049952130487 0.518669786006633 0.76057384966797
-0.0203324933665347 0.030971633145246 -0.194647533371885 0.660822633010294
-0.0211885013042795 0.020173624139126 0.0273867504082886 0.0962955569426531
-0.00331864956075501 0.0499233614506409 0.200405672031671 -0.570599934303107
0.00998911135595161 0.0193734930141295 -0.517057429244807 -0.729670894152227
-0.00136101933890303 -0.0247952858958062 -0.850779008453203 0.139782162990355
-0.0412508644004496 -0.0266424491380966 -0.155279682465631 0.669731791967181
-0.0170042604894226 0.00713628497595422 0.318112854803103 0.318842619938121
0.00941625400482887 0.00747686159063887 0.220806924712815 -0.0466039753017401
-0.00479975028966859 0.00714045396064459 -0.0397055834092008 -0.198167920731196
0.00409769215854003 0.0237504358536297 0.0537595019248931 0.150887699500258
0.0106214585834857 0.00854402203142358 -0.134950564097017 0.046214922779098
0.00597470338265091 -0.000968026748963039 -0.264951126602137 -0.311547579121333
-0.010784884092921 -0.0280606436506049 0.164144186019257 -0.551626385055798
0.0360307884302723 -0.0251802338156917 0.768968433339769 -0.098796810552932
0.0109214864646337 0.0339231874299574 0.536020758436786 0.741790304114984
-0.0149056181462873 0.022080285199354 -0.180626158688588 0.668955190495946
-0.0147870774597052 0.0142336651618432 0.0248939680499809 0.103636739969791
0.000632772591248047 0.0408206885623782 0.20862674170023 -0.562289444292355
0.0078891499896239 0.00994153787107775 -0.496407636031563 -0.74476386489217
-0.00647565972059569 -0.0258886285242449 -0.86094357135839 0.115326211936285
-0.0386870619343542 -0.0188135512443745 -0.176939903781556 0.664351788707732
-0.0112691491120831 0.0141787213107158 0.310985417180166 0.32529182031781
0.0150887993001683 0.00970649255771521 0.225292171136955 -0.0397359934506653
0.00237136545500386 0.00400021485799006 -0.0417504238125794 -0.193589646012332
0.00988948587554324 0.0206586961343212 0.0505071468798073 0.15625547108519
0.0153688414901416 0.00917414704944222 -0.134017435108602 0.0544762739898973
0.010395754978797 0.00592536224654328 -0.271565785356018 -0.305231068645836
-0.0088100689560119 -0.0188494744908434 0.14563272711047 -0.560693119448782
0.0315198685649175 -0.0279164078479828 0.762009823817843 -0.129858823199866
0.00795456431666207 0.0235038189565689 0.559565602214361 0.722587244436211
-0.00991996522486189 0.011120940920424 -0.165148263515324 0.669749224489528
-0.00742443328425096 0.00420816623311672 0.0266672832916557 0.109672551632559
0.00389957317094933 0.0306987245262938 0.225071963662216 -0.557380420021622
0.00411333787417903 0.000217386306128112 -0.473882776772782 -0.766500769855737
-0.0104889297314232 -0.025781047707331 -0.869161970175971 0.0819451809557846
-0.0362074539485727 -0.0112586681470319 -0.201133421567731 0.652176175040569
-0.00831395166651715 0.0205773538737907 0.303200375685946 0.331780285861823
0.0178637576389983 0.0102403697022403 0.226720788194166 -0.0312589522974841
0.00910410998345317 0.00134275655742657 -0.0452407582559448 -0.188358025001687
0.0147674011723757 0.0171217883940121 0.0441458915210977 0.160574582933095
0.0175948736877926 0.00760902387025663 -0.134881782663753 0.0634847698874961
0.0134257530621354 0.010669462101152 -0.279103762294352 -0.300160883344963
-0.00654095333012698 -0.0121642963979812 0.125489907515024 -0.56924377327191
0.0274112923366056 -0.0285359813153399 0.752362139397437 -0.161006840330939
0.0065586918674219 0.0147981978937441 0.58035602335458 0.696188609989366
-0.00724367745098747 -0.000911672879512578 -0.147581168448013 0.668535944002805
-0.00239318363502469 -0.00536185083869347 0.0296363778920187 0.109377241775047
0.00744717249752852 0.0191902411397037 0.240586699681648 -0.556249037505458
0.00309691859278433 -0.00936898634376272 -0.449177030434971 -0.786245034981317
-0.0117333116029578 -0.0268155324051204 -0.873882277871122 0.047973435425827
-0.0344535496374343 -0.00547143132643153 -0.224203504235484 0.640525488688969
-0.00702701884276127 0.0265761310808977 0.294265449049512 0.338113647121889
0.0208415120398879 0.00965869557226511 0.226754571051842 -0.0225022980573629
0.0152348554631822 -0.00286695359078789 -0.0485203178668531 -0.183655330689275
0.016968637933021 0.0124818990104286 0.0407680932945916 0.164073582523662
0.0159098980443867 0.00530580150982552 -0.138249444237502 0.0705186389458976
0.012010781410185 0.0132273159497613 -0.286658523540886 -0.293404493955617
-0.00474647237091365 -0.0077252840329831 0.11225208693789 -0.577794415398845
0.0273048122259487 -0.0300131270896654 0.745864684133626 -0.190621643812931
0.00541199076622359 0.00871776588595096 0.596660237477816 0.672853311825344
-0.00505427064514963 -0.00906908593432028 -0.128576612040959 0.663883220864075
0.00192463895210851 -0.0143239420357603 0.0350448316200045 0.106903357022941
0.00849482755578336 0.00989542915010317 0.25729686814955 -0.556244235304879
0.00119651080596062 -0.0153175041058425 -0.424651263090092 -0.811761008936315
-0.0112859933044366 -0.0283550136404084 -0.879202380249762 0.0136761950432621
-0.0314630320291461 -0.00134702269453489 -0.2404195422677 0.631143292128206
-0.0100889393723973 0.0283487861389743 0.287077700693932 0.344084735033676
0.0182569772714883 0.0071268529886169 0.223532309585837 -0.0150438001307021
0.018524904498135 -0.00741226511319061 -0.0555205129146074 -0.180640207296414
-0.0133318899931211 0.0257560822785169 0.0528895596639506 0.142260988706437
-0.0163092684227304 -0.00115108497116805 -0.155069631124767 0.0310702698944878
-0.0219567296777966 -0.0272261009181673 -0.266460280491734 -0.321014633985056
-0.0114184435261762 -0.0540253999470903 0.20327670261295 -0.542685521294976
0.0584626391465859 -0.0201832128438806 0.79484521147421 -0.0685962975703161
0.0132309133503123 0.0591546472934614 0.510510179436374 0.753905725074287
-0.0316930180697745 0.0346698750189983 -0.193049312808753 0.63281459765411
-0.0316732059261661 0.0190833787473262 0.0451266861543362 0.0669279362011556
-0.0119386365371874 0.0558550187404765 0.199639521478828 -0.607448208483924
0.0147993996426739 0.0328274004244447 -0.528978110129244 -0.744228145424331
0.0133751559165365 -0.0249082034051741 -0.838561464617522 0.149820470017483
-0.0434467760172787 -0.0411396090996604 -0.136502988552246 0.674439741817846
-0.0388336223871672 -0.00716552786443041 0.319584404664202 0.316954307820052
-0.0103024047104982 -0.00234323626089373 0.207975093097429 -0.053394124128865
-0.0150423755319121 0.00705705689291205 -0.0450793078627185 -0.204260786844029
-0.0109967424593409 0.0274637797792542 0.0556691300899482 0.142437364622963
-0.0100102210953794 0.00194236790857246 -0.148298445230898 0.0308786937816981
-0.0150629147706852 -0.0234357514604896 -0.262123288786003 -0.322491693918977
-0.0107639672421322 -0.0509312939157397 0.203679580178967 -0.538500894875556
0.0545711348123472 -0.019670429173292 0.793081489776901 -0.0588118390034583
0.0128879013589111 0.0581106526370589 0.505908813414395 0.763824740296472
-0.0306028205891071 0.0369914999377195 -0.203221685858557 0.643532020936273
-0.0302335928501029 0.023538790393465 0.0379263574563583 0.0767082781049433
-0.00960701177339446 0.0587579298773233 0.192841086865448 -0.595536385514023
0.0138090174749653 0.031634445359841 -0.530444636649676 -0.731325603859171
0.00917753906713278 -0.0245187909828761 -0.839726314293318 0.156886992298747
-0.0441420248936336 -0.038419768497543 -0.136511990658142 0.6758848128048
-0.032543311093969 -0.00401302007639471 0.322135006059745 0.316257473260089
-0.00507184191153433 0.00264840004673868 0.213962841127119 -0.0538978725796482
-0.0144589670723088 0.00837242514103654 -0.0414979606105607 -0.205466546834879
-0.00710756103976089 0.0275782113542309 0.0569828225626709 0.144344002672684
-0.00396593052764532 0.00499327733273979 -0.142491038861171 0.0330580746774596
-0.00771397356438416 -0.0177357909757202 -0.261089958761779 -0.320705091302275
-0.0114775004563082 -0.0452346173174789 0.194504810959418 -0.538275560999178
0.0484149052075454 -0.0206420591762168 0.785656002300614 -0.0589613608223463
0.0133125679493494 0.053361129649788 0.508131121621283 0.768843855247705
-0.0259408183384401 0.0351464581973621 -0.202121607574586 0.655325911592967
-0.0267917570429956 0.0229147692447294 0.0320055963767497 0.087277098471351
-0.00727439456816394 0.0566979327391198 0.194738776057263 -0.582404231953665
0.0127485111896147 0.0272546381592609 -0.528235743644813 -0.729651178092471
0.00302228417751054 -0.0246259248902992 -0.845167098650073 0.155053326647806
-0.0428865788428944 -0.0338855638954844 -0.142848167274078 0.676372582557211
-0.025026993442815 0.000293626843061353 0.322306402390619 0.318252191926544
0.00151363930963737 0.0053054739008226 0.218310919732835 -0.0514954902078896
-0.0103431745707131 0.00939291738784676 -0.0392083813374976 -0.202940978233038
-0.00142712010201736 0.0261943756629728 0.0565590565371986 0.147590247955343
0.00408129926397127 0.00729163618826051 -0.137695473473842 0.0384357958921895
-0.00035788921419984 -0.0098745837674547 -0.26354259545169 -0.3187127093399
-0.0110534014694547 -0.0378560432983669 0.181670170754867 -0.544762079944009
0.0419863999569509 -0.0237901759633536 0.777422851302889 -0.0741612122386939
0.0121594696001997 0.0444907110099903 0.520580410944977 0.761977057200741
-0.0209174717857731 0.0311912760058337 -0.195878508643776 0.661932003870419
-0.0212724661017303 0.0194326901744822 0.0278072611451255 0.0968011561812978
-0.00216902278617164 0.0501781984933698 0.200269796184629 -0.572371909845131
0.00984364287849842 0.020229482763416 -0.515907485942989 -0.732631440392567
-0.00220045275356808 -0.0244461056599079 -0.853198854287097 0.140049457343627
-0.0403992719367361 -0.0266228119045573 -0.156695625734076 0.672263839475873
-0.0180858419648349 0.00659918795406428 0.319701212167805 0.321273239693756
0.00836092765767984 0.00806879693544978 0.22282954338518 -0.0477767688385817
-0.00515381406379481 0.00783247116988481 -0.038842158925219 -0.200213801424313
0.00408536783831652 0.0237396563614317 0.0528899231813987 0.151433771448162
0.0100003411631133 0.00891308791278804 -0.134686445723569 0.0462364640257257
0.00579270465821603 -0.00168437202760859 -0.267019553287989 -0.313909966781245
-0.00981888083212187 -0.0277182311642453 0.163679370656295 -0.553709035339998
0.0359158970695399 -0.0261256400598119 0.770764202281099 -0.101332516884653
0.0104169370556078 0.0343512135916566 0.537986497678616 0.743685095558245
-0.014472305531952 0.0220203377320488 -0.182092423841421 0.671480647005723
-0.0152031181322216 0.0143040626487 0.0249936865564821 0.104797326940064
0.000849646593945652 0.041548021612278 0.211062710773181 -0.563683118426909
0.00762806878169272 0.010034358517724 -0.497129785570018 -0.746861936946506
-0.00688308208751736 -0.0254131537870684 -0.864702123522638 0.113968136257132
-0.0379996160743575 -0.0193718602085447 -0.1782747054564 0.665999923724257
-0.0117633900786153 0.0135951984069027 0.313396649521364 0.327624760178643
0.0142255525240149 0.00983797081406901 0.227045213796498 -0.0398611592594842
0.00155158663626091 0.00497290898277983 -0.0408909827234792 -0.194063769240041
0.00996038856981529 0.020724867024229 0.0497636381089022 0.156250129323389
0.0144971448906264 0.00966822627856407 -0.132980926076902 0.0548311396949261
0.0114521480236758 0.00545241339507401 -0.273049415774383 -0.307163166342407
-0.00834133351575723 -0.0184944674805794 0.144805635083484 -0.559400225061406
0.0311173478557693 -0.0280706737830375 0.762748175940532 -0.130397918962792
0.0093629736017446 0.0234288808369504 0.560688432422551 0.72342978605329
-0.00984579420642956 0.0112239425781054 -0.164548915414764 0.673991688579955
-0.00852265780323612 0.00390434575114626 0.0261511773988138 0.109486200376068
0.00487264504362517 0.0300670300007674 0.22681300413399 -0.557048210574832
0.00458106661704319 0.000280552976536765 -0.473874846067088 -0.769124192493558
-0.00991740464081864 -0.0255990719390808 -0.871169556857636 0.08023859739188
-0.0359855073213189 -0.0110239183463327 -0.201813484151125 0.65649332803758
-0.00803231726671051 0.0211531656224029 0.30587971597657 0.333961060233501
0.0181875315605172 0.0106755603958425 0.227887813595752 -0.0315845477322795
0.0085225997266454 0.00131203891255592 -0.0444963861713651 -0.189474839860255
0.0144400079335949 0.0172205320945095 0.0441790122377294 0.160262583527211
0.0168077766941815 0.00823656262761734 -0.135052576534545 0.0624947055673855
0.0129022662345492 0.00976142817129831 -0.280461433845045 -0.300531187173488
-0.0069475275172748 -0.0122274062034518 0.127119623929107 -0.569918147762904
0.0276560032508552 -0.0300000686508554 0.754692046209826 -0.162132307982999
0.00624724231807728 0.0141583849368812 0.582219683572972 0.698075084639368
-0.00645505760617179 -0.000232900596530469 -0.147134628274748 0.672159786450626
-0.00192728533740262 -0.00570350362000853 0.0299009665855713 0.110596165613127
0.00851816596793571 0.0194510218304064 0.242506477598817 -0.557404830847235
0.0030902722139111 -0.00777710327296256 -0.448207393158763 -0.791210355428607
-0.011652968994142 -0.0271200542539646 -0.877290150991765 0.0448811248643559
-0.0339488436964845 -0.00599437135022522 -0.224626684884948 0.644545708997735
-0.0075165901450683 0.026354588518224 0.296801106029954 0.337583611814428
0.0195504120205964 0.00922203780416357 0.22773392499146 -0.0230530917640362
0.0146243050315379 -0.00291158307278425 -0.0491693083321595 -0.184504784531241
0.0170470256811896 0.0126827886145163 0.0404538217041588 0.164161726738777
0.0157168809236188 0.00566726563454326 -0.137327191835503 0.0705455173613616
0.0117981037206923 0.0118699924778373 -0.287754008845749 -0.294218764392413
-0.00429252714227449 -0.00762259403281245 0.112284252748805 -0.578681208004933
0.0274779928331352 -0.0303974962806915 0.749618074517497 -0.192179138309783
0.00536662453180106 0.00884068320243844 0.599613163072666 0.673283954216487
-0.00560380005658149 -0.00916030743538745 -0.128031024021866 0.665757004153957
0.00175743704304393 -0.0149337429291868 0.0357683996864964 0.107407938969618
0.00953692667634396 0.010029108663405 0.259318214813513 -0.559229862208166
0.00189354065858938 -0.0142656217797924 -0.42506020358613 -0.813207740943773
-0.0118915237063949 -0.0284034045284737 -0.880627642897689 0.0154107956933933
-0.032496381031797 -0.00231416047494062 -0.240939361565626 0.632437123843049
-0.00988209558606445 0.0293250129419928 0.287944254876233 0.345010168941961
0.0183370405198701 0.00790904535831828 0.225368504951862 -0.0161493102597671
0.0182604957979049 -0.00688880594913308 -0.0558298489905115 -0.182145768946906
-0.0134426455115173 0.0261453103640234 0.0520887849419385 0.143334474944995
-0.0165883667658376 -0.00147372958533824 -0.154976186699154 0.0312883583453606
-0.0218639588119311 -0.0270833696417246 -0.268683974518849 -0.321895402546375
-0.011068721564952 -0.0538868084562227 0.2013411365729 -0.545733202458891
0.0587732109573329 -0.0205163378084049 0.797611379561208 -0.0704435637360993
0.0134040571697362 0.0595234492623136 0.515837979146204 0.756418871036528
-0.0325251225129472 0.0342725280459433 -0.194472411533619 0.635646822395345
-0.0313077517709689 0.0183344409320036 0.0454674256183662 0.0673533498592587
-0.0116653848548654 0.0564187479085196 0.200378106765219 -0.608909934061673
0.0150174656342175 0.0336478362715867 -0.532070166632795 -0.747026321488466
0.0135509858061296 -0.0248407832467537 -0.842644373570321 0.149451481326856
-0.0433367743618848 -0.0419256957978537 -0.134950292367292 0.677108370562455
-0.0393716247589245 -0.0070613166540075 0.323653604424506 0.318297388143143
-0.0116224014734792 -0.00186624272427524 0.209444704567122 -0.0526962871702979
-0.015402849303342 0.00701822830672964 -0.0445487978019876 -0.205336275440149
-0.0113840066894343 0.0273699374025125 0.0552029223735204 0.143035359677205
-0.0101886896014696 0.00120864406615002 -0.148488584931357 0.0307858087647687
-0.0153317099419515 -0.0242787561436208 -0.264030873927468 -0.323438243074495
-0.0107356222775002 -0.0517846475976722 0.203954928211748 -0.541103922483532
0.0549377176407036 -0.0201612193141291 0.793745048604844 -0.0593319234980532
0.0127661696504291 0.057719305399891 0.508583150772536 0.767044391309286
-0.0300077821105859 0.0370186446727956 -0.203016235966001 0.646917769115026
-0.0299178135731698 0.02298798118878 0.0377073712590597 0.0772556601036908
-0.00881294087894152 0.05869867942047 0.194925131793281 -0.598246211368077
0.0142659830495473 0.0321921960857226 -0.533917016326484 -0.735852040087682
0.00901480974690297 -0.0245687740789762 -0.844428597213661 0.159061777263979
-0.044631435083606 -0.039265916165733 -0.135147789317993 0.680263996824057
-0.0325154796987984 -0.00356192382157311 0.325538344663835 0.317874541294203
-0.00564794511436287 0.00182971426652237 0.214491753852925 -0.0538741190515309
-0.0139595975458963 0.00953287137609388 -0.0414448915109776 -0.206403645995083
-0.00673590765926098 0.0276392140318717 0.0562945930719517 0.145236026046425
-0.00328833699150123 0.00477873045246992 -0.143144222421304 0.032372919888738
-0.00789796489535631 -0.0180760924818612 -0.263341615727573 -0.322857607225161
-0.0113237439330751 -0.0450178456011235 0.193006438109991 -0.540775692270462
0.0487133146762779 -0.0213390090774796 0.786752975181414 -0.0622864713497337
0.0119662999750078 0.0523993229062223 0.51113006779373 0.770546611789749
-0.0253421405567831 0.0356977031181666 -0.202930130524529 0.656368378144965
-0.0271080508339689 0.0233873435135078 0.0316849078318908 0.0873719060760745
-0.00611152767074426 0.0562690980185841 0.195778518788383 -0.585157522830296
0.0135122150597408 0.0271221375189426 -0.531707643972248 -0.732781706823337
0.00358890940743895 -0.0240385207382256 -0.849359357055372 0.155451350618043
-0.0429495666908082 -0.034455805948763 -0.142795620140064 0.681060824707854
-0.0255544240405462 0.00151841953327646 0.325158899827919 0.319146651396143
0.000892792631614272 0.00558552873442731 0.219735885300166 -0.0531209665948685
-0.0111715008339715 0.0096490951796674 -0.0388663782870169 -0.204820725954263
-0.00156109759156889 0.0261501885509391 0.0556020932807735 0.147898662519734
0.00344006011613074 0.00672466176375617 -0.137847437130173 0.0383538075338995
-0.000153896741004323 -0.0101783309309024 -0.264092433839338 -0.319888279685206
-0.0104393587581642 -0.0375903312933254 0.180776274520544 -0.546961788529051
0.0423113239543049 -0.0237384940611568 0.781027500617247 -0.0756919701014735
0.0117626785288425 0.0446677028378471 0.524084481747044 0.76437396313699
-0.0205185462546803 0.0301820464282601 -0.195510312716127 0.666425640448145
-0.0213607246655971 0.019951824501077 0.0276066166684348 0.0972282726321632
-0.00171664433156489 0.0507192736027483 0.20162171606454 -0.574192966407715
0.0100615640556526 0.0199115095621219 -0.519935902548036 -0.736028005973322
-0.00190845159946639 -0.0246705871309162 -0.858326243954471 0.139936872736312
-0.0404273941419424 -0.0265313250938872 -0.15593040312279 0.677528241935064
-0.017985690460319 0.00697390334151451 0.322150466587929 0.323454543500398
0.00749663845718538 0.00901472378722523 0.224660363714018 -0.0482728388747614
-0.00548758207684442 0.00851317676090386 -0.0383258212173241 -0.200654839580809
0.00465242758001623 0.0238481561934069 0.0527467466772481 0.152338796842671
0.00895959761390862 0.00867774713077799 -0.135666669560959 0.0457574509242901
0.00651265434383747 -0.00190069733434331 -0.268789304869075 -0.31547908228289
-0.00964104660922598 -0.0279688370338049 0.162767907278002 -0.556399749169057
0.0356775838361618 -0.0258565512215979 0.774459344342863 -0.100807574589354
0.010831078558612 0.0342788991173976 0.541258143131901 0.746498035371708
-0.0146769253948033 0.021490788332603 -0.181258685874979 0.675140740778917
-0.0152016461393997 0.0134699763821321 0.0255778995475188 0.105467905008479
0.00185689136608722 0.0414496343391687 0.21154839760698 -0.565963959087428
0.00714473025192936 0.0113433122093136 -0.499302155055945 -0.751694222386743
-0.00708288864747956 -0.0251905089538673 -0.86859695414855 0.114869489296576
-0.03821551549982 -0.0193986620264068 -0.178636792360395 0.670006095181602
-0.0114363772786739 0.0137321102279394 0.31590444661518 0.32933361535018
0.0133117934932824 0.00962752751588927 0.227934684735777 -0.0406045908879797
0.00140645689143479 0.00556432254383278 -0.0410081588201972 -0.195122223095095
0.0102190430444694 0.0212520206918662 0.0500341958045632 0.156923260365038
0.0147703687429346 0.0088471643736892 -0.134354997695247 0.0548763683336087
0.0113575236124954 0.00491941610471188 -0.274917953937239 -0.308957580592869
-0.00793888559124116 -0.0192040543202285 0.145080342070162 -0.563933221798496
0.030994004051903 -0.028056945939041 0.765711061583072 -0.131374171204876
0.00883713825977635 0.0234986641865025 0.565018750729538 0.725620901770996
-0.00967758517493114 0.0107651953882692 -0.165119329127922 0.67855936791003
-0.00749237909988144 0.0039116786389037 0.0264006589047062 0.10969665687867
0.00549201677744199 0.0307751807897658 0.228197482186672 -0.55998543733635
0.00431753002845403 0.00122897218453372 -0.47652907984163 -0.773272905802697
-0.0106516264164023 -0.0254756945309508 -0.874287288456306 0.0825757007095486
-0.0358395887424637 -0.0118525870103356 -0.199845922624334 0.65949026511179
-0.00817107665164759 0.0209048927131898 0.308127284274552 0.336016721160424
0.0178659367753444 0.0108934667564488 0.230135971413399 -0.0320110257763233
0.00855010144640674 0.00180675877698863 -0.044335866543315 -0.190242351325358
0.0149226867463927 0.0175061507437541 0.0436396132195134 0.161312339861264
0.0163027756936432 0.00746219199456175 -0.13499814074328 0.0631747961914085
0.0133387648922129 0.00894199104524337 -0.282783970419451 -0.302641664493558
-0.0065811326560445 -0.0120910454080679 0.126913953460542 -0.573129265570837
0.0278074320077275 -0.0294418828910115 0.759079119494156 -0.162149547443852
0.00663655919273425 0.0142199544122788 0.584378101286009 0.700440840725989
-0.00672121919588573 -0.000865449875584399 -0.148268749123994 0.674826892394685
-0.00161488982152961 -0.0062369318938849 0.0296629387539525 0.110673812221276
0.00835151792471255 0.0197383834479549 0.244145626805947 -0.559448884534623
0.00306355612674812 -0.00782643581830189 -0.451759310796833 -0.795914314134428
-0.0126815159530755 -0.0268872768709312 -0.882459299408478 0.0489225296812679
-0.0337923398256287 -0.00575781438124072 -0.224091180984201 0.647297847892224
-0.00782104036657474 0.0255078690245122 0.298826552088126 0.340976808733633
0.0187001201234369 0.00990685689660386 0.229321549845403 -0.0235913682519944
0.0143830688977409 -0.00256061276644236 -0.0490777390612951 -0.185834869622543
0.0177198348310237 0.0128818720938258 0.039314878127924 0.16570555027896
0.0157783175614918 0.00521260417066599 -0.137748829910689 0.0699635493602601
0.0116556862289047 0.0110287700118212 -0.289423766148323 -0.295766551899005
-0.00438332425939156 -0.00790909534072776 0.11128443194337 -0.582070079396943
0.02773793515372 -0.0312245610576054 0.751890463665989 -0.192536440605305
0.00494843245328801 0.00805926895972823 0.60246244708982 0.674678004321772
-0.004809059559817 -0.0104209252570938 -0.127930570399011 0.667018644701289
0.00204828923786511 -0.0151434337718338 0.0340401298367387 0.107553869829501
0.0102501709034155 0.0107350686710908 0.260828521914446 -0.560918009291197
0.00165030664567901 -0.0146763521407417 -0.428629828368621 -0.817612474221232
-0.0110011796917263 -0.0276280856986312 -0.886145183411493 0.0129243166014375
-0.031832273100677 -0.00220125220078938 -0.242015630694726 0.637653366873689
-0.0099493623835944 0.0293069249129935 0.290441479589815 0.346626908904431
0.0170022170503702 0.00709983255439862 0.225847420840439 -0.016363172688316
0.0180729320340747 -0.00678191759830425 -0.0558592545169366 -0.18194888071246
-0.013428618345036 0.0259968547184801 0.0522571952249476 0.144228418059267
-0.0168369662059564 -0.00141911942662773 -0.156192224908832 0.0309645611352091
-0.0221226114167092 -0.0276997952585402 -0.271175128047116 -0.323833991442866
-0.010529066306967 -0.0543108569059596 0.200589716026134 -0.549489211538007
0.0588980830547349 -0.0211357489559396 0.803062835776002 -0.0705580606026337
0.0131290721367692 0.0588386866600511 0.519077273087005 0.760075206668249
-0.0322985655263105 0.0344311709264387 -0.193325368119352 0.63839752469384
-0.0311578727974914 0.0183763649804869 0.0456790290685082 0.068007795826083
-0.0105220346474035 0.0564310048632187 0.198795445538962 -0.612455372259581
0.0153482659704675 0.0342290461856374 -0.533964076495382 -0.75267066592523
0.0134525632460784 -0.0249267545190812 -0.84654288769561 0.153364652505885
-0.0446049243264528 -0.0419619487924658 -0.132999284362091 0.682085745611864
-0.0394903879925935 -0.00653489677549165 0.325423744073354 0.319864654521119
-0.0121239162189538 -0.0013984034833705 0.210805283659094 -0.0541818399696619
-0.0156350093895447 0.007768662918757 -0.0452949324142166 -0.207568674507419
-0.01098281845553 0.0277160696736673 0.055641085810069 0.144471958339442
-0.0105579898963196 0.00136072167001688 -0.149108440150786 0.0309298217628924
-0.0152902329542512 -0.0249752026186328 -0.267100471871663 -0.325544572878762
-0.0110439577122279 -0.0517020492059025 0.201818382764756 -0.544552499049644
0.0545530478205498 -0.0210528664770788 0.797938854137914 -0.0601969222091047
0.0133662288856617 0.0574436895563134 0.513346712679068 0.770232218286406
-0.030433937780136 0.0371083214160938 -0.20285190232265 0.65006411879543
-0.030454035142549 0.0234682375033377 0.0384533405697036 0.0770033664651288
-0.00803736966377095 0.0592645247546856 0.194632556981499 -0.601587512347495
0.0145909961522621 0.0325577466212336 -0.539337699346368 -0.739140776702452
0.00938326630281381 -0.0254233036905024 -0.84931593497383 0.161433018594969
-0.0446985499310981 -0.0392665880229871 -0.133181909183232 0.685040268493777
-0.0334064593812105 -0.00409306685546955 0.328289856027643 0.319995014211966
-0.0062052094676628 0.00231278175982495 0.217047279965662 -0.0553541164214603
-0.015164132486335 0.00988175749835445 -0.0415122045515615 -0.207992228985782
-0.00682542573079964 0.0278932954883805 0.0562595828704145 0.14568786399924
-0.00322086758766056 0.00352356767390681 -0.143669814461069 0.0329175286996525
-0.0083155357151243 -0.0181439636316622 -0.264725851176524 -0.324823172990354
-0.0105512871510328 -0.0459405248742293 0.194066432879963 -0.543661174999714
0.0487032335814547 -0.0221136333193696 0.790996168447446 -0.0621892029657465
0.0123208629953317 0.0533414736342995 0.516794644699485 0.772736405017294
-0.0256313639967116 0.035750197503748 -0.201662163427235 0.661672945474143
-0.0262549915775811 0.0236586180308512 0.0326270622234123 0.0881443725941141
-0.00478980013064532 0.0570808908945644 0.19619492214352 -0.588951862105493
0.0133312055710327 0.0282559328002233 -0.535034200968792 -0.73587525178529
0.00331111680436425 -0.0245844708775774 -0.853406424661281 0.158290702905129
-0.0431990971083114 -0.0336275355294043 -0.141216230546859 0.68397985477545
-0.0249031606277525 0.00149337348477793 0.329029257880118 0.319972960672319
0.000790812472991133 0.00637222989903616 0.220818372009106 -0.0539350262061061
-0.0107675290621472 0.0109287360401208 -0.0393122794957648 -0.206279184686904
-0.00167581257758688 0.0259818775818986 0.0554193227817377 0.148802644004996
0.00318682361000494 0.00670057506434556 -0.13896015421058 0.038201057114915
-0.000889291822904988 -0.0106208735944816 -0.267865421072952 -0.322091877515316
-0.0102195276501896 -0.037955674309995 0.181000469684692 -0.549995894276838
0.0422674427966059 -0.0242989471329207 0.785158604887705 -0.0786601233510988
0.0117335486527028 0.0448460079314837 0.527896747755389 0.768228804134962
-0.020230320264886 0.0309591731126109 -0.194558446571214 0.671518537493078
-0.021714690431513 0.0202215966833077 0.0280274855599089 0.0984510952622881
-0.00122808057983291 0.0511067981018821 0.202005702724759 -0.577676508825807
0.0103511622642162 0.021307439037699 -0.522988270487457 -0.741805108624765
-0.00178832261807525 -0.0246864783212101 -0.864026919032172 0.143118322540261
-0.0407066262953408 -0.0270132153787979 -0.156956054396555 0.683119437219236
-0.0182290071501539 0.00682040547392582 0.325038695116758 0.325754526516492
0.00735745894800728 0.00921648341150519 0.225862621875861 -0.0491757870987096
-0.00559452539850884 0.00911862905902978 -0.0395773356352335 -0.202040400509249
0.00462190677024757 0.0242599088870502 0.0535509891603005 0.153177078890097
0.00916818198943699 0.00851438791783162 -0.135695442820427 0.0464653462352011
0.00631653872905673 -0.00227694241706236 -0.270405602349808 -0.316263119545429
-0.00947025070347429 -0.0286496836691928 0.162137202802919 -0.559829429910798
0.0362915107180752 -0.0266703428835183 0.779601185656132 -0.104590192192508
0.0110318791217555 0.0349078254781 0.546981610636685 0.749245314325431
-0.0146559807043203 0.0219113617126833 -0.182162017944809 0.678293569790768
-0.0148630062833287 0.013592030391701 0.026132420559117 0.10591576467475
0.00206215901140855 0.0422041049642514 0.213130126689004 -0.569379852668194
0.00756596611406911 0.012048739839139 -0.503235812225632 -0.75526408054188
-0.00699910416060811 -0.0245581807179682 -0.873098760843116 0.116967913650047
-0.0381342829843784 -0.0191287838916423 -0.175794861173702 0.674984439815881
-0.0118618244884796 0.0138481462014012 0.31993357661419 0.329765246903904
0.0134169092594888 0.0104303288662597 0.22969740335923 -0.0419598269720014
0.00146692261819706 0.00614675622949581 -0.0407327288526982 -0.196972052473542
0.0110770934205268 0.0202834603110444 0.0488284219249943 0.157298911364554
0.0142599871011062 0.00893313920559305 -0.134324993536286 0.0548646121986623
0.0113009720490669 0.00427102327121991 -0.277077910752935 -0.31077112293278
-0.00782851211302968 -0.0190259542420157 0.143018332627905 -0.568363068316206
0.030768875050538 -0.0285749636812675 0.769868410376881 -0.133480455256627
0.00807300273273265 0.02323704058448 0.56859999325887 0.727959602682337
-0.00946774849763443 0.0114101529547902 -0.164152244616702 0.681185262321839
-0.00854407711050116 0.0037445706105805 0.0258502072578344 0.110563316432411
0.00666737302665085 0.0302071558397937 0.228087684714703 -0.564301907507399
0.00432686073878495 0.00112672724008638 -0.480278666550707 -0.775263859755476
-0.0108810634771695 -0.0251302152601679 -0.881357942418703 0.0848555590185385
-0.0356173198840921 -0.0115358448964932 -0.199684873308941 0.663971284280376
-0.00817168851133739 0.0205987550144959 0.310916213834884 0.33808064853451
0.017067198489005 0.0107859397070556 0.231875323022361 -0.033001966987332
0.00805190781609331 0.00161792681952643 -0.0457375749246997 -0.191594209400308
0.0154134171867718 0.0176089827684491 0.0440744231001292 0.16252861382603
0.0157364607069753 0.00792362711297813 -0.136408083885306 0.063601483403752
0.0132007217960923 0.00978426740802398 -0.28493864137776 -0.303203690932129
-0.00523284300200202 -0.0122523638599646 0.125393305598864 -0.576281967493955
0.0278631580792785 -0.0300842272731675 0.760605261725165 -0.164802333905591
0.00660159168730879 0.0140471646115403 0.590979387696342 0.700715164719802
-0.00613217696269778 -0.0014665316726445 -0.146687963462401 0.67771829889739
-0.00156591321765385 -0.00648389655928796 0.0306303631934096 0.111278524262108
0.00942419658166072 0.0200826714320701 0.244165575430806 -0.563258571478916
0.00271975359355341 -0.0080553761527797 -0.45708801784665 -0.800310416119774
-0.0128407955815947 -0.0261793628315429 -0.88773596021323 0.0498825103409178
-0.0339804229327279 -0.00527801122472322 -0.224399217033419 0.652350967787941
-0.00755403613581527 0.0264554960184492 0.302486887602543 0.343206542326456
0.0178953413352033 0.00981827119402152 0.231429058701319 -0.0247711152041119
0.0140434852939492 -0.00147000846364273 -0.0497444229440101 -0.187357926744308
0.0178371668102492 0.0130147451260033 0.0400144157581529 0.167142074171947
0.0150270687918509 0.00592289335064979 -0.13858057493903 0.0703229120509076
0.0121948445223948 0.010875417965762 -0.293153526864012 -0.296616624235248
-0.00437433992839543 -0.00699867960419528 0.109370602426258 -0.585605125867526
0.0275619821552598 -0.0315434299619167 0.754131793338051 -0.195493852936431
0.00497956321543328 0.00815224334876907 0.609186494725752 0.676872479766864
-0.00493339223294314 -0.00954269378402741 -0.126739851200624 0.67332391402843
0.00246742396769106 -0.0153057795874313 0.0347554548899787 0.10817648819367
0.0113138845032343 0.00987840904946998 0.26100053539383 -0.564982541636873
0.00156123973589368 -0.014511881225234 -0.431436827397747 -0.821316026685098
-0.0117673565830293 -0.0272040956638964 -0.891330265452406 0.0168634394335575
-0.0324029985693966 -0.00199664402694259 -0.239997895971854 0.641204391689196
-0.0101007613846993 0.0292315312676963 0.29303801906022 0.348879879948054
0.0172521914079932 0.00853900500348191 0.228368834362157 -0.0172172201272926
0.0178287638531085 -0.00605210531953549 -0.055773381142945 -0.184167766770329
-0.0132030469350744 0.0265911265604077 0.0525926328649287 0.144757077011193
-0.0169696290762933 -0.00173938902272055 -0.156018083450932 0.0312607007606461
-0.0228726225431158 -0.0285238810423304 -0.274517289932705 -0.325609430821926
-0.0108019779236541 -0.0540738915573196 0.199728652328494 -0.552111130204021
0.0596493685174246 -0.0216866223792262 0.808213918963775 -0.0727830895427247
0.0131376138749362 0.0591607169013297 0.526076440531508 0.763470377145257
-0.0317688230651327 0.0349990319609176 -0.192901876132728 0.643247513839671
-0.0310030850809099 0.0188404603574545 0.046762090679465 0.0677050601041739
-0.00988163053838037 0.0571808239424327 0.199397681366628 -0.617637394832012
0.015343804696554 0.0345245644836294 -0.541459222561412 -0.757149738387049
0.0131690812489661 -0.0251761598657428 -0.853674305263291 0.157370271119886
-0.0448470027374918 -0.0424913037593566 -0.13096512268319 0.691080072764537
-0.040679393332221 -0.00691158390789032 0.329946057093123 0.321234750570354
-0.0131624663313938 -0.00112164492433467 0.213673306311613 -0.0551104139843211
-0.0168778377681118 0.00768701604336079 -0.0459500910572565 -0.208611397528728
-0.0108829106799545 0.0281584531175531 0.0560660856161182 0.144859193333688
-0.011728505530962 0.00155400467320707 -0.150216162322937 0.0308760442879226
-0.0150261256001898 -0.0255287122106868 -0.269444834908378 -0.327368783820385
-0.0102398113480416 -0.0522323181060491 0.200881575730685 -0.54808481143333
0.0556579525268756 -0.0216279229594641 0.803309346350304 -0.0644009653336251
0.0124683330879711 0.0585842836313681 0.52023596078702 0.772429251968689
-0.0300025321338671 0.0367033160600417 -0.201997451753153 0.655697203789769
-0.0297562300168865 0.0232479433974532 0.0386883588702201 0.0782057003158521
-0.00770721679094021 0.0591254983470013 0.195070277811434 -0.605966638400392
0.0148998609805338 0.0335363735633797 -0.544621940327248 -0.743624424629559
0.00806681752719727 -0.0240616564375002 -0.854612095219962 0.16426901425664
-0.0450153258959537 -0.0399756986686419 -0.132187271202985 0.692467089405495
-0.0341540665827572 -0.0039799848614397 0.332897148628939 0.320221639205926
-0.00702066273649514 0.002640374559766 0.217374140713914 -0.0568219978013429
-0.0158625377655192 0.0100558387997494 -0.0418792754536469 -0.208672495796073
-0.00699267312046779 0.0282214983677213 0.0556558680919083 0.146401242945166
-0.00436890563402413 0.00424741224349493 -0.144569452784227 0.033126364541114
-0.00790961776978709 -0.0196222067669393 -0.26853436073491 -0.32657612166077
-0.0101980117025144 -0.0465341150081766 0.192402211911021 -0.549316730649354
0.0488727118544829 -0.0227235915813259 0.796452560703546 -0.0664407665198724
0.012001171312153 0.0533928611509001 0.520700731734423 0.776843354118962
-0.0254594305428905 0.0362062143042522 -0.201178119609675 0.666334667279386
-0.0264588659114225 0.0231254189144912 0.0322189603639353 0.0884782874259477
-0.00389291598595047 0.0569702091095181 0.196175237420852 -0.592582930459973
0.0134640146530142 0.0290271524606458 -0.540288149488306 -0.739883124031078
0.00265352344909473 -0.0241186390140269 -0.860240876487847 0.162712169873672
-0.0432239722742789 -0.0335358607286053 -0.13930295959875 0.69059202663494
-0.025382869284251 0.000705018177797209 0.332436858988307 0.321747946982657
-0.00045260425071341 0.00640073008427942 0.223483391052913 -0.0545843087978456
-0.0121545439379581 0.0111195532317637 -0.0405417520728664 -0.206673786593862
-0.000701960830575662 0.0272185150289342 0.0560810795410967 0.149945852022092
0.00273063369142912 0.00715093379247302 -0.139549217103284 0.0394044968570736
-0.000388200789537679 -0.0107720495379642 -0.269356807270575 -0.322746848302029
-0.0106077073608446 -0.037467434751952 0.17967556911083 -0.555391004456044
0.0423656576422833 -0.0250316070964705 0.790667553096504 -0.0803828832382361
0.0119823934212 0.044956109728828 0.534681135940346 0.767978422579412
-0.0202636807584874 0.0305455755028581 -0.193998138970735 0.676545861757402
-0.0212704853397687 0.019319501911484 0.0282476525021739 0.0977540965211854
2.38281906847146E-05 0.0520246220729617 0.201405049440544 -0.584359142967182
0.0102969502499423 0.0210072993367829 -0.530275706755764 -0.746641947117724
-0.00230824772294373 -0.0242877580262809 -0.871049316038014 0.146597874829737
-0.0412816404248101 -0.0273684468166658 -0.153004376080457 0.689615407535268
-0.0184116470920219 0.00703729988983505 0.329817604436237 0.326201876582037
0.00700204419092586 0.00960308577725953 0.227650475633047 -0.0506829967120978
-0.00652560636371739 0.00949456834271255 -0.0400863384914901 -0.203252178204375
0.00502616862993318 0.0246326111093324 0.0529840430091374 0.153528924473763
0.00884650450257777 0.00886586135168688 -0.136019475068627 0.0472443894852061
0.00676597581650496 -0.00301658460419317 -0.274365669573676 -0.31741669157373
-0.00965882998946489 -0.0282469378540749 0.159523082358784 -0.563196524122048
0.0364791673554469 -0.0274964264808757 0.782037678052727 -0.10801742313786
0.0108275210026392 0.0347750409125583 0.552637184833167 0.751670122708789
-0.0147272512254509 0.02143304978417 -0.180868848032588 0.684344147091152
-0.0145758006664816 0.0136626310095628 0.0271071165488876 0.106650831549506
0.00349381060963236 0.0423862482266294 0.212569705656387 -0.572800921210783
0.0078766702805604 0.0123234059259885 -0.510299615823161 -0.758633570780352
-0.00687513793029559 -0.0244415370631419 -0.878761404585874 0.1204668180008
-0.0389501013064113 -0.0194980401934879 -0.174089747345563 0.680718830441589
-0.0126587886906678 0.0144597753262704 0.323824709039474 0.33248033173467
0.0126563757062201 0.0109838239317781 0.231935969323402 -0.0433216466514699
0.000381245919864742 0.00623973555499742 -0.0414695154550668 -0.196990343596129
0.0104929512392594 0.0216948947090683 0.0494166434126973 0.159287948004616
0.0140942546313287 0.00896621514830059 -0.13508863215804 0.0562531440217443
0.0117078171395922 0.00474950472297687 -0.280915203120471 -0.311574223423706
-0.00769638838583877 -0.0193276590259033 0.142273316898912 -0.570715317542542
0.0301607071471966 -0.0296894821079749 0.773403475504512 -0.136661282343298
0.00865330826149647 0.0234356002979125 0.574768503245714 0.730647265803284
-0.00990604853207155 0.0101237542372122 -0.163622977443465 0.685700289286728
-0.00788398519639846 0.00355306970168936 0.0272035722414216 0.111983494177034
0.00725421413137888 0.0306553304041874 0.227867339544418 -0.567608756650119
0.00483575222107633 0.00166562527960705 -0.485328316324722 -0.781968030596663
-0.0112230763602691 -0.0256405064091588 -0.887531927552293 0.088532350293386
-0.0368900203908957 -0.011746641655719 -0.199119330443453 0.670388495111403
-0.00873149579987009 0.0212018501903791 0.315194711510811 0.338792973433381
0.0168231958207034 0.0119132581552173 0.234530121634776 -0.0338232801615383
0.00803003341296418 0.0022739367530993 -0.0466863847803381 -0.193875026544607
0.0154935389749247 0.0171225357244974 0.0438052724995935 0.163488860573943
0.0159286118600457 0.00742588729700902 -0.136415646446871 0.0641514662342343
0.013574380498852 0.00841710877191098 -0.28775095637783 -0.304755507228017
-0.00617821575095433 -0.0121540970991251 0.123417532528722 -0.580584671360042
0.0281331126423257 -0.0311260518502401 0.764113222196958 -0.169871084323401
0.00614826926722242 0.0140614958737462 0.595574899305485 0.703247976835824
-0.00613214116946939 -0.00121847884258487 -0.145138177905692 0.683679076729522
-0.00239921321907147 -0.00668111308966934 0.0305345421606821 0.112375080403024
0.0100564240156802 0.0195567833769511 0.24528212197257 -0.567257836788326
0.00280138994061001 -0.00755522434770994 -0.460310905070785 -0.80707667567515
-0.0125317470198375 -0.0262826052806407 -0.895766708432901 0.0522993007501136
-0.0338850145019145 -0.00549375879401328 -0.22197393179402 0.658952694870848
-0.00766075357796498 0.0268589280369864 0.307152270200576 0.345593491839558
0.0176748628174512 0.0104988925279262 0.233549675546056 -0.0247623709931972
0.0132715363359846 -0.00178183501122584 -0.0500493574072434 -0.188684745905708
0.0182864754448515 0.0138423226924886 0.0394315639684373 0.167316592317727
0.0152481227777779 0.00538687581024818 -0.138425540952961 0.0712733030155863
0.0117141633682003 0.0111087050298065 -0.295756416535987 -0.298023138688169
-0.00353186630115804 -0.00765984789102929 0.107864846855892 -0.590640851694572
0.0270773501106437 -0.0323890431587273 0.758392051271717 -0.200632930855311
0.00544791363731758 0.00782014368341693 0.614496689827609 0.677178681761423
-0.00484868953346135 -0.0109789452030835 -0.125092771541724 0.677739138478701
0.00230211834627761 -0.0157582454306041 0.0358262540195057 0.109740119203237
0.0113495665087633 0.0111864625772139 0.262187743406674 -0.569979146490632
0.00114787552401896 -0.0138699882737793 -0.436751369736378 -0.826120174898977
-0.0121265070621733 -0.0271863557302678 -0.897899285059709 0.0175221853893017
-0.0324140245416561 -0.00164679580076896 -0.238028887938663 0.649372111048676
-0.0104036220828366 0.0294801021797769 0.298134375848732 0.351078615302147
0.0165534698691034 0.00895336304057787 0.230013123876005 -0.0185538431321698
0.0174381540384544 -0.00578376748581131 -0.0564110324767313 -0.184581018571588
-0.0126611422325118 0.0270866537168412 0.0527552069963992 0.146096983877026
-0.0173906478239474 -0.00170147082197009 -0.156853254715615 0.032659563694561
-0.0228647435735304 -0.0287616894147911 -0.27817975304254 -0.326819212302612
-0.0102050229803845 -0.0550184695043007 0.197040267973663 -0.557452440789101
0.0595114657224376 -0.0226869114585635 0.81255359480833 -0.0795126265550009
0.0135306736726017 0.0598118626041638 0.532895829872445 0.763349438556271
-0.0313723915399772 0.0346390317048346 -0.190977757014857 0.650111600374016
-0.031349789064667 0.0191267443181116 0.0472786814780145 0.0684601252075477
-0.00877934746334881 0.0580038459477347 0.199716500759253 -0.621506000518192
0.0153992051448759 0.0352572725603127 -0.550063065161463 -0.759182576773859
0.0136854656459873 -0.0241258186035216 -0.859506333193793 0.162370526690729
-0.044938952815988 -0.0430081613344667 -0.126996541845633 0.695814986928719
-0.0411812024786843 -0.00704509195220122 0.335533568173493 0.32274655942829
-0.0137230117922017 -0.00124665971951882 0.214443153098393 -0.0569859790692591
-0.0170199843087034 0.00859061655787277 -0.0469503692227151 -0.209787157026535
-0.0106055031313638 0.0289569818348264 0.0562706807019896 0.146039383792499
-0.0114659417368914 0.00148835703928576 -0.150664631673895 0.0317926228448663
-0.0157581559827212 -0.025600713036789 -0.273934718019686 -0.329205388814718
-0.0107156665286103 -0.0524137171155098 0.197994496798762 -0.552346548837175
0.0549492926354645 -0.0226322307095224 0.808164396359168 -0.0694738976413472
0.0129255128499436 0.0583802120393892 0.526714666156359 0.77466255442818
-0.0290138047953173 0.0375032988243163 -0.20001018763477 0.661256013772431
-0.0304142518226512 0.022263246521857 0.0393016256049292 0.0787129042704585
-0.00597323145665067 0.0594211199827621 0.194194717568823 -0.611767196574606
0.0154075553841857 0.0339175451487216 -0.551759893884173 -0.74841492517678
0.0088880459225647 -0.0244332546502478 -0.859933397016507 0.172403114443566
-0.0452302953474033 -0.0397146011800566 -0.126523707710153 0.698087274902696
-0.0345317481251197 -0.00342319068300012 0.336452366152004 0.322117611253873
-0.00745246966345586 0.00359567017530162 0.219047837128259 -0.0589372997520064
-0.0161844395236612 0.0108453034814995 -0.0436736918798207 -0.210384480596102
-0.00646625837113572 0.0283008755083479 0.0581111833231592 0.148470991490581
-0.00427962893731127 0.00430333349748302 -0.144941678784661 0.0343307487516806
-0.00828197461617094 -0.0193180806250983 -0.271727067213157 -0.327535606895066
-0.0105798429263379 -0.0457068323291641 0.189796083182986 -0.553609448486102
0.0492460942373863 -0.0240243878625216 0.801367387314763 -0.0710712025871094
0.0128254506481192 0.0532831291575487 0.529981227628303 0.777285237555812
-0.0253959929380319 0.0361384706659974 -0.198718240472639 0.672331719763056
-0.0270116131280565 0.0237029694440949 0.0343454168584316 0.0900333210727106
-0.00360076472647445 0.0571547913242514 0.194734329379851 -0.598203089809488
0.0135096844071866 0.0290736170514486 -0.548279295467694 -0.74463725962609
0.00313813454548522 -0.0236286776652232 -0.867428368780363 0.168506080484607
-0.0437202553235288 -0.0349177195418266 -0.134125392472607 0.696767613471867
-0.026361417365744 0.00115450393885019 0.338836995521706 0.321884350565443
-0.000163413925015879 0.0068581607807015 0.224907894268066 -0.0570338590035073
-0.0119543488251636 0.0115627777534859 -0.0415082216606545 -0.208502174141145
-0.0012536262383111 0.0274274957455406 0.0565479210491069 0.15045208980333
0.00318245591106408 0.00648904588185286 -0.140060861713348 0.0397423484866227
-0.000350477379992395 -0.0112695583925387 -0.274148293330715 -0.324100118234047
-0.0101089077269216 -0.0381932132858532 0.176407319381519 -0.558724909149589
0.0419195631815722 -0.0259410762441668 0.794455339363351 -0.0852051666382263
0.0119184178509364 0.0447083569686223 0.542167189318069 0.771003873967657
-0.0197314668526641 0.0306398631820391 -0.189664545662609 0.681702320803104
-0.0207893481350165 0.0197932303693258 0.029136501595883 0.0989917740715214
0.00120949752007097 0.0512091686097827 0.199661072080663 -0.586925698004396
0.0110082076248498 0.0214510808390922 -0.538399357688266 -0.749256195894463
-0.00244233618022417 -0.0241097571554708 -0.876788423176832 0.152471938811652
-0.0424792001526665 -0.0277673214191941 -0.149285686246053 0.694692557955385
-0.0186880309509146 0.0073393387307783 0.33491825168668 0.327517293259602
0.0064277701110463 0.00974582717636529 0.229340855574554 -0.0526583897649423
-0.00618886508350113 0.00920875429830556 -0.0413441290147879 -0.204808540054264
0.00544347432763051 0.0247571772521034 0.0532802888473454 0.155158710567947
0.00851098567501483 0.0088458737126588 -0.13631409862217 0.0477003640725596
0.00611335907594604 -0.00343460215216421 -0.277998792339962 -0.319544116601594
-0.00903571242347537 -0.0283576089224516 0.156601538533132 -0.567805075911757
0.0355895454154343 -0.0280611231910314 0.786288595652172 -0.111960511048933
0.0111011321328317 0.0346804504978828 0.560104586708725 0.753839627913147
-0.0140082054786751 0.0217198720880673 -0.177555773317191 0.689905130708278
-0.0146729167343649 0.0130572213941946 0.0281155759598594 0.107421444656477
0.00425559456075986 0.0425907474198254 0.211136177622995 -0.577980363446258
0.00766190070963235 0.012710080369706 -0.516499432777097 -0.763119905249911
-0.0076899218155652 -0.023979445116121 -0.885511879549864 0.127482906098258
-0.0390062855500858 -0.0188466388734812 -0.170845811588474 0.687343207950148
-0.0125926988650854 0.0143561657591787 0.329965957976654 0.33291343668244
0.0122741479163592 0.0110064404449309 0.233881728599299 -0.0454587989717717
0.000342658863118675 0.00710180456276872 -0.0433186224895754 -0.199207848802517
0.0114302333044226 0.0215809181763109 0.0509352750574544 0.16041652947775
0.0139104730390046 0.00850321028734105 -0.134845481762144 0.0565612299164597
0.0117199117441325 0.00423616601335892 -0.285114782902841 -0.311187283935923
-0.00747600400145535 -0.0196085128021942 0.13737718230562 -0.576521379836552
0.0309383568911328 -0.0307709215162107 0.779432560324613 -0.142357213994328
0.00844224451056353 0.0232215006385812 0.584001242264846 0.731002580469447
-0.00899882025570996 0.0102828504235288 -0.160457773973996 0.692406965932176
-0.00768459048045413 0.00351023669915102 0.0278389166255525 0.112030568137461
0.00826272071873689 0.0303410485266591 0.225409651850957 -0.573638654695022
0.00397165229428326 0.0019939150280387 -0.493247529479977 -0.784302997260889
-0.0108936341688285 -0.0251931010375398 -0.894603351230789 0.0940188300040993
-0.0367252205976481 -0.0116311089380145 -0.195755182080847 0.67732261484879
-0.00885261208859189 0.0220264698686682 0.320815399888237 0.340659181472728
0.0159897682540493 0.0119211223200167 0.235746207078206 -0.0364443254435168
0.00759199471657102 0.0026271441232841 -0.0476129396125955 -0.194442967799406
0.0154592162791009 0.0177618575687667 0.0447187338559389 0.16469124523171
0.0159538623879429 0.00804283299406708 -0.136272006723886 0.0656465203442557
0.014068270948558 0.0081844761086972 -0.292572429743012 -0.30493384753489
-0.00527921694131916 -0.012062653525024 0.11991044287698 -0.585338256570545
0.0270620422057454 -0.0314613639892646 0.769789264188866 -0.175166299092959
0.00652376325423856 0.0134821676746937 0.604139808887363 0.703592197942788
-0.0060354910667681 -0.00148065144367373 -0.142727430263939 0.68719918859141
-0.00172381320814352 -0.00699138064356777 0.0304066251129927 0.112624497862957
0.0110469760178698 0.0191225132699065 0.244157667042239 -0.573328168685327
0.00259707410760661 -0.00710003203842759 -0.467208952358179 -0.808845966085312
-0.0129798062895182 -0.0262373917330046 -0.90074530923036 0.0575529488107531
-0.0343391363426459 -0.00575040948727868 -0.21817542120157 0.666938278042632
-0.00847280965223108 0.0276776990493031 0.311880236968373 0.346098302462275
0.0176032307134767 0.0114766599074574 0.235329151992857 -0.0282938954671295
0.0131298935622658 -0.00177713944809626 -0.0516631780529411 -0.189667784387946
0.0182503058155163 0.0129074352330436 0.04085092016571 0.169450788371082
0.0149095335672532 0.00534051438283853 -0.139166882277752 0.0715395448609107
0.0125695853603638 0.0103201448797091 -0.299024816886436 -0.298435090357655
-0.00378172972930571 -0.00757693906921895 0.104087318383585 -0.594561799115973
0.0272325544425102 -0.0324832081747739 0.7618168009226 -0.20485737654252
0.00446686870029835 0.00734628790955908 0.623592896258604 0.677687009403089
-0.00427210432698429 -0.0104487680900794 -0.12272382050498 0.68234459710582
0.00204052580256114 -0.0161054118334259 0.0369755685123219 0.110136692217062
0.0116767660063885 0.0102795768280842 0.260080407089104 -0.573756820130588
0.00153147150438414 -0.01432388532948 -0.444186291099321 -0.829955297186791
-0.0116548052217968 -0.0273725419200499 -0.905505351106343 0.0232942445017251
-0.0325547786051038 -0.00166615679209035 -0.236180832886103 0.655131763029654
-0.010781867796682 0.0293939865070117 0.30367300256016 0.35279866278333
0.0161149569791026 0.0091039132956239 0.232358920168432 -0.019359314870648
0.0169870080556832 -0.00504927654168194 -0.0586824647147958 -0.185995501962853
-0.0119993535627621 0.0274412038523641 0.0540917320597872 0.14720905883676
-0.018142453685524 -0.00183296272780382 -0.157454680417151 0.0342745325616093
-0.0236607671695728 -0.029074630604765 -0.282469498407534 -0.326419266857757
-0.0115015957878333 -0.055038614560665 0.193619151494315 -0.56452127897967
0.0593506874718043 -0.0232306448270497 0.816189588193406 -0.0859077932687406
0.0137182909516534 0.0599608257426266 0.543572134043836 0.76291024861799
-0.0312365409318671 0.0344859647873149 -0.185612182255393 0.655121730150839
-0.0310110232462166 0.0190849667421764 0.0481477151899636 0.0685928980843691
-0.00799123521206567 0.0581410344153289 0.193407131603671 -0.628046978634795
0.0156369603121987 0.0356838575161447 -0.559893015139475 -0.759972204961791
0.0137546440528384 -0.0247757163984785 -0.864621167112344 0.169333397003877
-0.046196775501145 -0.0414802536472716 -0.121978347043264 0.701655900227673
-0.0407185442381719 -0.00708713760662223 0.341188095637801 0.322499919880838
-0.0146017700490832 -0.00025908767766198 0.216087575300169 -0.0592744210609816
-0.0168027068066257 0.00906681664765355 -0.0497673066938835 -0.211470785741726
-0.0104763506649809 0.028323919341831 0.0572517045934643 0.146773011172055
-0.0128445607128326 0.000522297706073587 -0.151285903149137 0.0326277171860095
-0.0165837442542751 -0.0260980255154832 -0.278867742239281 -0.328001481903691
-0.0110436546694233 -0.0519993611287879 0.19405992364645 -0.558204041045505
0.0552797929679516 -0.0237212836726764 0.812064429080746 -0.0761317502294147
0.0131666411659384 0.0589248704471738 0.538403860335772 0.774412417407868
-0.0295885165231397 0.0375073123051205 -0.196419398070141 0.665876250341305
-0.0302659588762274 0.0220381863216736 0.0400703126922889 0.0793152487083937
-0.00531858398008373 0.0599020908770643 0.189768714599563 -0.616456542560135
0.0157647783797724 0.0342636203125178 -0.561309460523012 -0.748983482541008
0.00846166209640397 -0.0248721855783463 -0.8666243639834 0.178666472943706
-0.0453773638210194 -0.0395049328675828 -0.121729126793458 0.705659266244932
-0.0340040131764156 -0.00330370384906665 0.341925321641461 0.320438662248639
-0.00848685186146605 0.00379696764911504 0.220911356942023 -0.0613384132398559
-0.0150063995816643 0.0120563429778623 -0.0459295361725258 -0.212002434767491
-0.00620774969587369 0.0290185990210252 0.0584784537363668 0.148933686478365
-0.00459543573933965 0.00391887565911338 -0.144807240281721 0.0354553412960831
-0.00813059995860587 -0.0204032202885076 -0.277035219680137 -0.328884232982384
-0.0111398485266759 -0.0464996138697176 0.185733323888364 -0.557448029040637
0.0483147618083478 -0.0238668211863533 0.805372266626768 -0.0768548753856939
0.0133538540527729 0.0540764079753338 0.538422134332234 0.778413964622556
-0.0244895553938766 0.0358344931605112 -0.194983359164899 0.678084553098552
-0.0267188573403465 0.0232840055758825 0.0339773851568207 0.0897833169118192
-0.00273544422633738 0.0578848835553731 0.191424552348911 -0.602854077580511
0.01439764872579 0.0297844029632392 -0.557268416807182 -0.744894953081614
0.00289118138599239 -0.0242383530936456 -0.87130087865577 0.176661779131191
-0.0447055191125089 -0.0345677262330707 -0.129400211669351 0.704968023481671
-0.0262366653476538 0.00154546870448923 0.343662680995226 0.323486415913574
-0.00164038438098381 0.00704391153892821 0.225579699659144 -0.0597265861969921
-0.0124048510042428 0.0114464117147566 -0.0430300546641717 -0.21012845805998
0.000197096092155559 0.0282367669431226 0.0579164996333033 0.151786897456202
0.00276837737604354 0.00647181787111966 -0.139777099862594 0.0407891203309992
-0.000349148067959121 -0.0120798262863252 -0.279003525563376 -0.324964557589159
-0.0101471255453085 -0.0373291459743485 0.173369963699351 -0.564079399831359
0.0423854299633955 -0.0264511708935451 0.798373348831216 -0.0930925597206427
0.0123709684188844 0.0451980265506551 0.553055918832036 0.769797609582512
-0.0199219985125606 0.0306355261835003 -0.185762601763975 0.688492005206254
-0.0206157661574816 0.0193925935591079 0.0301748457128862 0.100347028896593
0.0010025083360824 0.0515286965029592 0.197428006100914 -0.592280332591723
0.010993529425082 0.0224114844864427 -0.545351529567599 -0.749126374223349
-0.003368922039867 -0.0244117776979055 -0.881028349960324 0.161303668284704
-0.0420768920703816 -0.0277259376924884 -0.143315983808178 0.700194086411184
-0.0191236882022946 0.00776822360538463 0.341433206554061 0.327048364932555
0.00582175498531499 0.00961242287827848 0.230001014007413 -0.0543019261986073
-0.00736237851389025 0.0105288067748714 -0.0432500566102458 -0.206257430496761
0.00572050564755802 0.0256694950097265 0.0554287331222285 0.156579756123366
0.00879438276734217 0.0080554213867771 -0.136678124071042 0.0492624392561594
0.00699039823376961 -0.0039186319757486 -0.2830515186706 -0.318817035674632
-0.00882594809948777 -0.027602634384336 0.151798597038055 -0.573341011377449
0.0353252652741479 -0.0296735995577245 0.790469679776434 -0.11920264789934
0.010857626191097 0.034763813580781 0.569136336747567 0.751835262227243
-0.0142851184403803 0.0220946315489573 -0.172841233588199 0.695443938831707
-0.0142606725633272 0.0128279125436549 0.0285409367627682 0.109034957825481
0.00541707804028359 0.0420907555411294 0.206541247398632 -0.58499387432752
0.00864116166827159 0.012894890936053 -0.526062307164853 -0.76432897104806
-0.00790753045432444 -0.0243150014734115 -0.891359688868898 0.136259034301277
-0.0388829650233085 -0.0188604747909715 -0.166068601248843 0.692695278943998
-0.0129478927076354 0.0151506960085167 0.334953597536609 0.33175434593297
0.0116234707857108 0.0113307708741598 0.234907849956329 -0.0474430503668151
0.000556486554719182 0.00722710694203333 -0.0454995383240386 -0.200988268479289
0.0121495521462213 0.0212883997243064 0.0513943230756558 0.161180058163915
0.0136256476376814 0.00865077227821944 -0.135313426697293 0.0578180689573404
0.0119724777583432 0.00365274382382117 -0.289553671027909 -0.312478313848499
-0.00713171701382999 -0.0187945781401903 0.133720336384632 -0.582271271506201
0.0301986410993752 -0.0311110144680955 0.781156566601951 -0.150770841456792
0.00952077483788285 0.0236916751927793 0.593610937410925 0.730200339237619
-0.00919131235585035 0.0102703390100563 -0.155757093088002 0.697502285932071
-0.00772589106715194 0.00327389866054147 0.0290396425455925 0.112722742621381
0.00848915288757543 0.0306634410100461 0.224650786622203 -0.578377750469326
0.00488123427642355 0.00216465308941323 -0.503365173205883 -0.786955481418579
-0.0118278957079506 -0.0247738689170357 -0.901232404547096 0.101917285056516
-0.0371660668726336 -0.0108408503982057 -0.190693203625248 0.684761208962099
-0.00897065511268924 0.0219654096511333 0.326393756872334 0.340587281437906
0.0156544055829066 0.0120249144560803 0.236654705959867 -0.0394723329081218
0.00730612005917177 0.00232701446425611 -0.0489244951121651 -0.195470229791265
0.0156648285224822 0.0179249372463485 0.0458912001226921 0.165911855989362
0.0144241868297988 0.00718812250404574 -0.136876425927577 0.0662375184791495
0.0130611268185158 0.00846163232240204 -0.296887055852916 -0.3060479967819
-0.00518880969771716 -0.0116771873345434 0.115673536054576 -0.590137049003299
0.0269083388053787 -0.0328810515959275 0.772382616720982 -0.182978795424498
0.00627637847005861 0.0145059032471642 0.612450259450344 0.705242652481722
-0.00634947907534762 -0.0014210205307048 -0.137797305426391 0.695401667670175
-0.00185480163234827 -0.00737678440379836 0.0323166289039234 0.113282491484268
0.0111760940205928 0.0191908294778377 0.242099667332887 -0.575916658806449
0.00252451045118771 -0.00728857423413969 -0.47772571086325 -0.811651489710092
-0.0136754392795297 -0.0261120446054479 -0.908150197796652 0.0648711944640075
-0.0343002199793504 -0.00462636483558842 -0.213203170805403 0.671917048398055
-0.00824914507510069 0.0271389518570689 0.317641903429146 0.346710558098127
0.0170052821267253 0.0115076664339554 0.237069695870373 -0.0298639428631599
0.0129214804193873 -0.00164850092390666 -0.0528474478314399 -0.190745776501352
0.0188578272799536 0.0129290203724932 0.04170329330183 0.170308264499058
0.0138752226171758 0.00484177894042615 -0.139254116988962 0.0733943844134263
0.0127480092730387 0.0100430021208273 -0.303913767344821 -0.298066877068982
-0.00337058604510706 -0.00774684068381303 0.0988876231602151 -0.599290539402909
0.0264759470195882 -0.0335115849206248 0.766593785144047 -0.213676086959832
0.00493702680263878 0.00769735768018235 0.632571550943662 0.677531381589525
-0.00511363928403374 -0.0111277806324003 -0.119106544840974 0.688871996575977
0.00252063417862421 -0.0171205875957388 0.0381898806029168 0.110833396700835
0.0136267467413004 0.00968877832762268 0.257571637146232 -0.579718500971067
0.00140140124100792 -0.0127651209729129 -0.452562632376281 -0.835221022552337
-0.0122771463252777 -0.0274338183096149 -0.911136477783208 0.031212914610782
-0.0325325337833538 -0.00127949710762067 -0.231873294364281 0.661147539940798
-0.00974927977802479 0.0301226249939239 0.307739645648934 0.352259272544316
0.0154617625937335 0.00983693007389437 0.233621103516635 -0.0221025356292618
0.0168724333710567 -0.00580326527689514 -0.0592601659100231 -0.186821458779977
-0.0118450053506367 0.0278063053905177 0.0559708913302432 0.147509150304448
-0.018212690391362 -0.00186744177958886 -0.157575738529386 0.0352308318792701
-0.0239115569719417 -0.0297699886809319 -0.288028893460862 -0.327894642497152
-0.0112153812700299 -0.0546388204613155 0.187971026425586 -0.568471328918928
0.0593402945923256 -0.0251710877443466 0.820090134504799 -0.0938316798228522
0.0142864363423725 0.0603001054150177 0.554100126805219 0.762643620225037
-0.0314870846451927 0.0349547628130425 -0.180495354919651 0.661405835175851
-0.0307716696882695 0.0186691165638868 0.0490330842326254 0.068476025991443
-0.00665070554633392 0.0584357456270824 0.190337899175303 -0.632569672412327
0.0166153482900493 0.0360094191634349 -0.569319851334921 -0.760549540498358
0.0127155995867421 -0.0246162637558768 -0.869754318317712 0.180730111471901
-0.0465376081470253 -0.0419793747238307 -0.114538858572646 0.707579208245213
-0.0415720906497165 -0.00607174300848888 0.347217915601328 0.321768934447602
-0.0146348835256504 0.00014877975046684 0.217619841799081 -0.062481261596897
-0.0170571759116127 0.0103397709011372 -0.0508717375459391 -0.21238099191726
-0.0102904570992057 0.0295182693865268 0.0584344581938666 0.147656415384833
-0.012469589914959 0.00135606778526405 -0.150573803441059 0.0341258540096987
-0.016611735913915 -0.0264683793443526 -0.283500397266481 -0.328856210633748
-0.0110217643583019 -0.0522667439255282 0.189925401173197 -0.564142910081396
0.054663380919202 -0.0241654089124755 0.816217868892568 -0.0829286560063026
0.0140713581214928 0.0598859855143374 0.549743896422112 0.772472398388442
-0.0288374567729677 0.0378537975619457 -0.191382367733211 0.672371969786094
-0.0302227966452489 0.0225557291959042 0.0411158786533763 0.0787708125346171
-0.00408766082753415 0.060398433914295 0.185967224796825 -0.620862255394694
0.0158143533578984 0.0350892285325321 -0.572282421671979 -0.748712229333715
0.00810549673458442 -0.0244090153101535 -0.870022465606358 0.191102691380279
-0.0472073184987892 -0.0393273132716524 -0.114818523680778 0.710527302408984
-0.034330294628544 -0.00291799852373857 0.348957175043045 0.319664036588163
-0.00873608437980287 0.00441473906452487 0.221874588683565 -0.0641109098579565
-0.0162958624029465 0.0128720050119818 -0.0474991266826898 -0.21287260858261
-0.00548789117487839 0.0296516077310679 0.0602094031914631 0.149227083211682
-0.00518845843079766 0.00411953700439916 -0.145588791945053 0.0369055707751099
-0.00895730508819768 -0.0197549103989711 -0.282285587368067 -0.327556196075599
-0.0108421238306997 -0.0461935580434708 0.181582539151777 -0.563910677387468
0.0488266253338839 -0.0253566107648438 0.809918401529477 -0.0859745476749801
0.0133117701104278 0.0537416323941219 0.548617040756652 0.776989385638629
-0.0248367721596867 0.0366897461222602 -0.188449000971395 0.683848484212753
-0.0262092115972695 0.0235404880167217 0.035061732638084 0.0904870852073722
-0.000843372777394005 0.058218377360466 0.188618584820877 -0.608358091050876
0.0147016370541468 0.0296192857461127 -0.566217657015165 -0.743890742535495
0.00279912178850748 -0.0242065381394535 -0.876120412085699 0.186351544536535
-0.0457125452155121 -0.0341872164284625 -0.122162564413485 0.708783221129511
-0.0266713994598602 0.0020967597992335 0.348760163576746 0.320739573372811
-0.00138921479554431 0.00805989846813044 0.226913293071645 -0.0622783899095561
-0.0129730618038571 0.0128696023648748 -0.04514504681872 -0.210359491786839
-0.00031810719095018 0.0283832857607833 0.0594840146352005 0.152838267038349
0.00186919526894607 0.00662661405730231 -0.140390502699289 0.0416456309641411
-0.000709076696403036 -0.0126386524974046 -0.284133888933698 -0.32471476545467
-0.0108290045338142 -0.0377458201214006 0.16766729732591 -0.569573585959439
0.0415506431170092 -0.0274027553190092 0.801523624953455 -0.101430618902014
0.0124472410440183 0.0451157132118998 0.562693433261715 0.770331724333546
-0.0195944273551434 0.0305107181708653 -0.1806293619717 0.694167045555408
-0.0206921089829623 0.0197641261928787 0.0315269876833341 0.100357773793693
0.00289389832029212 0.0515453843980563 0.192830715533278 -0.598616938953346
0.0111635739836 0.0231543734454372 -0.55624187724538 -0.751252759670081
-0.00350331447545496 -0.024173105689824 -0.886218178288932 0.170864254421797
-0.0426750243881981 -0.0267874804575034 -0.137258271790437 0.707340413994799
-0.0191166048276788 0.00817277602364233 0.346142212422237 0.325588249771486
0.00561734938975193 0.0104846834732983 0.231866309362297 -0.0574316888072833
-0.00592467350946217 0.0112916763805593 -0.0459865102947134 -0.207101687994741
0.00610279942126543 0.0255570062616453 0.0557520236321605 0.156934404973538
0.00848028356507427 0.00805969543964845 -0.136664794674168 0.0497257582407326
0.00617985170517433 -0.00481066091011794 -0.288308786667392 -0.319817852668904
-0.00916747839332963 -0.0283813483623005 0.146933294394486 -0.578377347169656
0.0348875428041451 -0.0294416969798532 0.794960033126429 -0.128880406049946
0.0102393044231352 0.0344250907638537 0.583565224383588 0.751422029199745
-0.0135439284476086 0.0213434255912483 -0.167561587630377 0.700537092711362
-0.0139881179150777 0.0125694048737427 0.0291620903919153 0.108818448468231
0.0065940012843006 0.0423024233129834 0.20473080688403 -0.589067935062725
0.00866209834864841 0.0132371333253787 -0.536690742703826 -0.765176667633663
-0.00797584336660342 -0.024056540408796 -0.896286282415158 0.145114075510121
-0.040250968661466 -0.0193839032550499 -0.158821004069444 0.700919119797425
-0.0131219546197446 0.0150647186551472 0.342248208372404 0.333012798551474
0.0117658276721078 0.011762485853335 0.236342496823555 -0.0495895877143506
-0.000168121884519437 0.00794764850760739 -0.0471449232100377 -0.202237272457654
0.0125910990225429 0.0217438777770096 0.0523139204929018 0.16206076739648
0.0132674723627412 0.00759817159172718 -0.135407231871774 0.0598887111690508
0.0111235866058031 0.00300322935065134 -0.294382302301145 -0.313125396340486
-0.00618004549999366 -0.0185426374853265 0.128330413295345 -0.585647265324149
0.0299009464190839 -0.0323931580514459 0.785657660577701 -0.160189706020447
0.00849190246104531 0.023823219516301 0.604669273815781 0.729663605584965
-0.00921573800996418 0.00991884178751242 -0.149812663448133 0.702588159295053
-0.00742267866245731 0.00285850214674603 0.0299411733636667 0.113994226582977
0.0100259206648232 0.0301883581237552 0.221084095224359 -0.584125617052769
0.00501555374002061 0.00345182577352109 -0.512209721987193 -0.78698125816402
-0.0119626972859442 -0.0251395338579604 -0.905430610383615 0.111260609342379
-0.0371364024028488 -0.0118978310844029 -0.183794539752716 0.691773616201295
-0.00951224775511361 0.0215554794882795 0.332119482798338 0.340015073376392
0.0158972813285835 0.0127029401651549 0.238195141421934 -0.0425134968230031
0.0079041616174792 0.00431655599234901 -0.0514862996554608 -0.196439246831419
0.01708455851617 0.0174600398595919 0.0466333181599343 0.167047893884823
0.0153340455293748 0.00585110289074603 -0.136828707920788 0.0677796107960277
0.0140372445343315 0.00760846664109176 -0.301556802069398 -0.305156078051096
-0.00528019336356053 -0.0125789276271504 0.107864673375939 -0.595559985926416
0.0264051743790872 -0.0337583968010093 0.775117587782096 -0.190441258942905
0.00662493426517949 0.0138984512150748 0.626550143824124 0.700139115888722
-0.00622132646115445 -0.00184128543729732 -0.132395826303057 0.70029879236584
-0.00144393353563684 -0.00800455885763783 0.033686641274907 0.114705535662951
0.0126244273424928 0.0199515335715682 0.237746216601173 -0.583853211993314
0.00262068579912181 -0.00711909841683001 -0.487179923775836 -0.810977351894011
-0.0132400549325358 -0.0260379841695099 -0.913925672202078 0.0754955307306406
-0.0349443717567121 -0.00544139900136859 -0.208309502077848 0.679415681552804
-0.00866357184277594 0.027489536549816 0.324592317092025 0.345817759808233
0.0171546459850546 0.0117342218850842 0.238661684514881 -0.0325448055974137
0.012386603670104 -0.000406957236843534 -0.0558152767839166 -0.19172263688278
0.0204285032372463 0.0136328897630216 0.0441576626698754 0.171242659510431
0.0142333028771105 0.00521186175882981 -0.137936918723017 0.0748338186326124
0.0132388635376467 0.00993187863922926 -0.31022125107148 -0.298028756166204
-0.00302259119407391 -0.00731981094289183 0.092983126407086 -0.603650708321488
0.0263609234944671 -0.0344108581182927 0.76777377499776 -0.221905490029471
0.00444623055507104 0.00755450002041979 0.644095203309334 0.674299702554815
-0.00525007332674731 -0.0115201670149104 -0.111692249172815 0.693008305293167
0.00198994585872661 -0.0179004880543361 0.0391987522875347 0.110717752312652
0.0140897118216363 0.010363226239432 0.25436529094432 -0.585454891538761
0.00147891361947744 -0.0131825208651094 -0.464427153260809 -0.834074868858985
-0.012870819986448 -0.0265806106527678 -0.915589010754904 0.0401925088829051
-0.0324125945951277 -0.00111425417413922 -0.225655180945061 0.670643449938459
-0.0109348050606897 0.0311865753845395 0.314969760086269 0.352102187985769
0.0157888854913036 0.00996179640272655 0.235563661777932 -0.0252380580564932
0.016679796581564 -0.00550751648742757 -0.0618903673123547 -0.187814864684996
-0.0112897298826984 0.0282920732189026 0.0566757790700773 0.148369936199175
-0.0190543294505248 -0.00138747527028281 -0.15769833562499 0.0366578031718761
-0.023759307940283 -0.0298374867707123 -0.292667405522521 -0.325618394316306
-0.0123934812591741 -0.0550372566943866 0.182125099450601 -0.573320711723927
0.0597947713077758 -0.0263353609639401 0.821131218265188 -0.10458807830101
0.014359027035915 0.0604457216328604 0.565669827270584 0.758998072944754
-0.0304364991050335 0.0352905715235062 -0.173945556104761 0.666714070697607
-0.0310836482567764 0.0181988557669564 0.0507732392013666 0.0688795571198271
-0.00517627939499046 0.0578938695172811 0.183435192155828 -0.637527629082524
0.0173349660948947 0.036312447444112 -0.581330610488382 -0.758313865450394
0.0130764481355956 -0.0250327251676615 -0.87081768326721 0.191111067648387
-0.0467832897876351 -0.0416973399595124 -0.105877181628589 0.713660824732177
-0.0419219775570754 -0.00594698104702708 0.35301597806068 0.318241230189703
-0.0148798495606045 0.00103677056314242 0.217334447987269 -0.0656567746973328
-0.0169485490745581 0.010613998705484 -0.0541745042502158 -0.213034053459197
-0.00882345222870091 0.0296958605964538 0.0599784029280693 0.147652086572419
-0.0126477015001206 0.000757566464220448 -0.150976611592526 0.0360314525551721
-0.0170329074758419 -0.0262426677321538 -0.289048131673874 -0.32793045127669
-0.0111671533444128 -0.052658009510821 0.182287529882012 -0.567074900922554
0.054685102581811 -0.0246446339191078 0.819654215732949 -0.093190395627465
0.0138799430863686 0.0591493647396007 0.559063099936978 0.768786199022785
-0.02839679423152 0.037633003104845 -0.18452126135297 0.67762394560445
-0.0287724040201804 0.0223130990362598 0.0428160211700301 0.0792963781129637
-0.00348380681102171 0.0605731657184664 0.180155367762918 -0.625310003194279
0.0166832556378876 0.0355498303594501 -0.583178038157455 -0.745633147615885
0.00776207149208089 -0.0236250219304203 -0.872918996200673 0.202622802748852
-0.0472207543933295 -0.0392812419325603 -0.106680174904415 0.717245160916769
-0.0352351921847608 -0.00240194385078088 0.356488892617327 0.317765932265
-0.00888300366334889 0.00504963201583873 0.22293618880532 -0.0667599684940687
-0.0155467658264453 0.0129785597111871 -0.050037650880139 -0.213505773884248
-0.00483790089789917 0.0304288910159325 0.0606793027406914 0.150583425422835
-0.00495039657911086 0.00424636767760144 -0.145295151332397 0.0377341328452115
-0.00846746927846623 -0.0211313112322078 -0.286535284944874 -0.327318011660664
-0.0110438431070123 -0.0462989529390287 0.175484023086933 -0.568911931330292
0.0486041907690315 -0.0262409830832656 0.813141430095988 -0.0956103235603937
0.0132214592849907 0.0537178377052754 0.561792470059916 0.773787888161866
-0.0244235680694361 0.0365394926771042 -0.180810528620855 0.688568761081413
-0.0261445677777241 0.0235483420255171 0.0376071621028508 0.0899142850161116
-0.0002427604913957 0.0576658439458262 0.181495533379807 -0.613110966275929
0.0149466613273538 0.0312172570800583 -0.578032531556963 -0.742014052432496
0.00268392796819119 -0.0236375758343092 -0.878854052539326 0.195923103485768
-0.0455065084367722 -0.0347295412114409 -0.113565471489277 0.71626343942686
-0.0277485547290221 0.00231710528446932 0.355459129110703 0.31950693374554
-0.00255899111944225 0.00851104573730785 0.22751602304099 -0.0657149426191729
-0.0128148884759451 0.0136030950842154 -0.0478515384879468 -0.212024680007818
0.000659483539440904 0.0288508372558245 0.0598986625962432 0.152827943597691
0.00216052116004951 0.00577438034782283 -0.139601715854878 0.0434590877398703
-0.000655090775533203 -0.0130551340447073 -0.288794625267228 -0.322501806025892
-0.0111569782497261 -0.0372679240981339 0.161259605109828 -0.573557220078279
0.0417210048404134 -0.0282342539105425 0.805685837912011 -0.108608264377448
0.0127151832121797 0.0458038081087832 0.574449363423886 0.766098590937856
-0.0189702034494263 0.0307773887663592 -0.174335146822851 0.699792919144415
-0.020862382818211 0.0200138653609681 0.0328585266163125 0.100365049693658
0.00360076438229127 0.0518238432688867 0.188956439595082 -0.602056817141029
0.0122916001987867 0.0234269435916386 -0.567422521244412 -0.748887079391796
-0.00333271107181299 -0.0239725967867852 -0.888214192768705 0.183061553783573
-0.0435941319792575 -0.02639984173873 -0.127534064490454 0.713809062644416
-0.0192592651505897 0.00859656689678177 0.35331387118706 0.323679030987047
0.00563803769828091 0.0111274270761922 0.233434062879267 -0.0612177772298532
-0.00726898311175198 0.0119820604081795 -0.0483972651312308 -0.2082396806891
0.00733805029944934 0.0254491153444998 0.0577501160539988 0.157276431628579
0.00854044721429355 0.00809402124664139 -0.136596123201103 0.0516960235088616
0.00657436587899512 -0.00429775588344665 -0.292769297730659 -0.317892667161098
-0.00853094664867731 -0.0278977884385369 0.141222484248625 -0.581090877647317
0.0347278244376634 -0.0301088679619724 0.797396986722204 -0.137191527742815
0.0110749504534105 0.034558180489401 0.594044647545826 0.74716271734877
-0.0135624964718376 0.0212328512173915 -0.159960032474747 0.706274600455509
-0.0139045946774121 0.0121689926464167 0.031271880752355 0.108583772140468
0.0078443120834298 0.0421725308072005 0.200380811430973 -0.592850583723538
0.00853123751005928 0.0134541499953564 -0.548064817428816 -0.762016355902288
-0.00822852680448579 -0.0244118539470996 -0.900626066301203 0.156628675957368
-0.040552409370127 -0.0186907368322229 -0.14994113936172 0.70642626963163
-0.0129656688500041 0.0159644030908557 0.347556645589232 0.329826691651125
0.0115457487332399 0.0122866859609713 0.236867561304429 -0.0538746148710834
-0.000225082015351126 0.00829298892431598 -0.049675104431673 -0.202816733545616
0.0132720018233796 0.0219151772818263 0.0544722834485337 0.162265251874723
0.0137252653404387 0.00780358439650152 -0.135341360062712 0.0600495664762323
0.0115450535662617 0.00233809515356732 -0.30012106960236 -0.311374459887281
-0.00663166304815731 -0.0188051494325988 0.11971809483171 -0.589559495901372
0.0291316923774203 -0.0321611811160432 0.785006088970818 -0.168384962637836
0.00851027643992133 0.0236280431192625 0.614627879614366 0.726183835900101
-0.00894971431322521 0.0102327421798084 -0.141597128198762 0.70892411184314
-0.00684720221114395 0.00232669223014916 0.0315685339826431 0.113965079362329
0.0119205582242737 0.0306225659456612 0.217070352776557 -0.588465908009687
0.0052505517182681 0.00298606192819772 -0.524935371788475 -0.786994752055099
-0.0126708607717528 -0.0237914480536952 -0.908844566560698 0.12333031622263
-0.0376065902758891 -0.0110303187285155 -0.175812868443315 0.696267215587682
-0.00967398031720344 0.0229212616795105 0.340551183717374 0.336482704124306
0.0159574245496844 0.0138609075410823 0.239081686628756 -0.0455257664451792
0.00708487393365086 0.00424809021394111 -0.0534062587869195 -0.197187846662124
0.0172033210792305 0.0182547288937826 0.0490957030927199 0.168303651466705
0.015070978704242 0.00656463616576966 -0.135496745611258 0.0685391718870505
0.0144524906108077 0.00724856674845079 -0.307635997789652 -0.304609252655369
-0.0050277150405082 -0.0115428870218962 0.100560022529163 -0.598322881306876
0.0256953632239987 -0.0331356257642262 0.776584252874021 -0.200612235390103
0.00615463272174066 0.0137337150561991 0.635912684009864 0.696514097671874
-0.00668864479898869 -0.00213575325220085 -0.123152261093052 0.703625704240485
-0.00133186839212071 -0.00831054345653494 0.0352968056482386 0.114237676946383
0.0138295352673947 0.0192139800739367 0.232968352923285 -0.587986629704717
0.00287338885457085 -0.0063846769623846 -0.499838013948532 -0.811940266171868
-0.0144478333962613 -0.0255556786279961 -0.917732885658269 0.0871919359022438
-0.0352976610644952 -0.00447973975445469 -0.199732548732681 0.684768878914204
-0.00830988818239123 0.0279386860886872 0.330503366961356 0.344412965834208
0.0167705386327064 0.0119289464045549 0.239799455065972 -0.0358150512746857
0.0126782073121687 -0.000320931440543045 -0.0580619412335687 -0.191797982981121
0.0199015747879605 0.0135646927089075 0.0450488509330484 0.172206797413882
0.014257667182133 0.00406932546361089 -0.138109878549611 0.0763161720622152
0.0124435847591058 0.00842415384557719 -0.314753836296357 -0.298119436596929
-0.00335558674167633 -0.00781814463796111 0.0844118395953709 -0.60793580120686
0.024936132734571 -0.0352662758458082 0.77038496254865 -0.231221507235181
0.00481201852495555 0.00752951907136429 0.652145185008504 0.670341343574491
-0.00501923364667963 -0.0115109875147823 -0.10585900060162 0.697933560754084
0.00223166356958638 -0.0180150396184636 0.0405524303109623 0.110346596944603
0.015480246004259 0.00922599027449176 0.251022919461327 -0.59288578985246
0.00196719477371279 -0.0128169259466864 -0.475731342886746 -0.837035163726581
-0.0128893665797254 -0.0267976765593934 -0.92236928222461 0.0526862506164605
-0.0332060014381452 -0.000924482149780491 -0.218088887858103 0.674204315043096
-0.0104118732431996 0.0310176021415125 0.322257413746215 0.349133613259054
0.0152769860764753 0.01032635475749 0.237329189981155 -0.0280716919204785
0.0163243512313324 -0.00563661703810414 -0.0640330845698715 -0.187946370549646
-0.00993895023348781 0.0290117770432786 0.0586660222891113 0.148139891593937
-0.0192509192336654 -0.00217185743349921 -0.156729828009632 0.0388334242580408
-0.0247240479739581 -0.0298024533638056 -0.298471719035986 -0.324617660401225
-0.0123208996907934 -0.0554240739333708 0.174066324956328 -0.576670701172397
0.0586437738820971 -0.0271101457390551 0.823465259343496 -0.115296939642752
0.0149921306503804 0.0610082787618731 0.577684605365704 0.75271629696844
-0.0301930643015108 0.0363304162297168 -0.167158688282176 0.671054922320744
-0.0304576188147839 0.0192186221226227 0.0508447089974122 0.0687210707036892
-0.00430928620411972 0.058301696956332 0.177488977184017 -0.640240450455942
0.0177726765381428 0.0370156272682272 -0.592519782811252 -0.754892616257659
0.0130594330968787 -0.0248081561551498 -0.873915475137301 0.203331386141682
-0.0476375823161528 -0.041910326325252 -0.0962121592467874 0.718500992383222
-0.0420043773001416 -0.0052677515333428 0.358941202613631 0.315660037267374
-0.0157211789752385 0.00160856208553525 0.218196621407967 -0.0688193560095525
-0.0176052047168375 0.0113356914516109 -0.0568844026712074 -0.213046137859361
-0.00871778467955231 0.029429905633812 0.0604708771605838 0.148454527047408
-0.0128956058347627 0.000809595041785847 -0.151455013682467 0.0369625176014111
-0.0179016535837743 -0.0267626931567543 -0.294593021632229 -0.326379661762632
-0.0116495738339138 -0.0524971479412238 0.176377018253912 -0.572045922120395
0.0547691355811208 -0.0262088668095378 0.820403274770715 -0.105199388871347
0.0136989968410026 0.0595763613050261 0.571800489936552 0.763623974674103
-0.0282626818962617 0.0381018445826887 -0.174151465739044 0.680955877082046
-0.0286375675029053 0.022605109701381 0.0433370159734498 0.0788621116889831
-0.00198913966779358 0.0602699613185666 0.174178660178018 -0.631983206971554
0.0173569310803738 0.0355527737526301 -0.59527253891979 -0.743244172809203
0.00777531762351581 -0.0236543860670611 -0.875931758071439 0.211311647464838
-0.0481013053497389 -0.0394202407536876 -0.0948262412868921 0.720637174332283
-0.035809175293702 -0.00249119984885199 0.361464813105884 0.314768698754667
-0.00978993623777499 0.00474411788397201 0.221918133424421 -0.0714590859116636
-0.0157633908105772 0.0129538989903606 -0.0532154857092876 -0.214281631391765
-0.00414349014143674 0.030175678032338 0.0625970462696724 0.149765168351128
-0.00525982098104823 0.00449006230437408 -0.144633253186501 0.0403545206459214
-0.00959133757757284 -0.0210407436489608 -0.293595897168906 -0.325628215002923
-0.0113490250040247 -0.046058145944304 0.167662397011676 -0.571497160107693
0.0474051611612739 -0.0274563174149133 0.8141580706481 -0.106255634436653
0.0142824246812749 0.0546714037876881 0.573293062593719 0.765668356259141
-0.023895219605996 0.037073625964157 -0.173473169489356 0.694434072552953
-0.0255214539089506 0.0234136076034499 0.0377674280813324 0.0898774589796124
0.00159758345437278 0.0579225443882111 0.174459230500188 -0.616593173798925
0.0154316863616595 0.0314786606590933 -0.589718862890173 -0.737578451936412
0.00286697460026095 -0.0237488934169322 -0.880207982581796 0.20882128031603
-0.0463697409246853 -0.0340701936125431 -0.10387669126169 0.719426437413853
-0.027392423332622 0.00280786065819987 0.362954102215267 0.315326444236675
-0.00206976230186628 0.00834692058853681 0.227741724662184 -0.0681413198090714
-0.0128232659695238 0.0140454155227777 -0.0505169093463262 -0.21218373538249
0.00121414228996602 0.0287321515703794 0.0624802661389896 0.153441308145702
0.00178845659596013 0.00617435161996357 -0.139524566035379 0.0450909272135175
-0.000978420292115977 -0.013400173972219 -0.294948669386923 -0.32213322555901
-0.010922835067713 -0.037568666432721 0.153953557632651 -0.576736321070718
0.0405677046740271 -0.0292503292584886 0.80620683604473 -0.120658972763646
0.0123035405650497 0.0459886055763568 0.586504591714153 0.759557122019667
-0.0183461285827065 0.0310324142422601 -0.165743357507314 0.703174609644564
-0.0199498455795835 0.0193962991435294 0.0342595788573966 0.101134176561628
0.00474940762274754 0.0522050811329013 0.181445460016543 -0.606534100104901
0.0120050071436099 0.023459816954804 -0.580398141133079 -0.744773568294883
-0.0035554734696901 -0.0233264152622889 -0.888998964334902 0.192496944932992
-0.0437210509995814 -0.0252172773562955 -0.118313483011056 0.718014408628624
-0.0196363305549902 0.0090458203299177 0.360152355416229 0.320676536962911
0.0052766483253738 0.0115127692883888 0.233035278749271 -0.0644640971546314
-0.00676158251271163 0.0128837627168701 -0.0509504616269689 -0.208160583366056
0.00798148814515637 0.0258939794491215 0.0600714357525048 0.157072032966861
0.00853339244902853 0.00758780642100182 -0.134668269246045 0.0532395027351026
0.00580548311746323 -0.0052346184474211 -0.300354474123629 -0.316059056013936
-0.00913226627937192 -0.0283625723473074 0.133131787367931 -0.585958921983087
0.0339978705683781 -0.031563598491072 0.795656305122124 -0.148116930821717
0.0110670068262345 0.0358684991131978 0.603591110500608 0.741848609103001
-0.0137364608836276 0.0215102469202381 -0.150608410979799 0.710659184122178
-0.0139534732598032 0.0120303070597936 0.0330223845596747 0.109051007115635
0.0091066131239648 0.0417579571087274 0.192023089056569 -0.597347076052706
0.00931354088635092 0.014772488611401 -0.557801681876191 -0.759362434890788
-0.00856776597169863 -0.0234839845201674 -0.901274029366384 0.169485768750608
-0.0406122871614802 -0.0185664375419624 -0.140749593696086 0.712274465885154
-0.0124664182466791 0.0153590136111876 0.352995027663591 0.326375410559366
0.0115377001311715 0.01316382500907 0.237973117125802 -0.0571742826977153
0.00011846202996332 0.009321118168656 -0.0523553308490896 -0.203026867048858
0.0139348366971318 0.0209872316246522 0.0561523731829924 0.163410563220648
0.013099223623376 0.00772704514656588 -0.133787235267027 0.0615272631641536
0.0121079520114247 0.00194798946218841 -0.304635493123926 -0.30992807273316
-0.0068543358673284 -0.0187365405956199 0.114779112072206 -0.593521190923271
0.027619016666263 -0.0335287836589072 0.786897526636459 -0.177490125756241
0.00860550050619982 0.0237919113027887 0.626705170114419 0.717996469684705
-0.00883019279442376 0.00964868621522856 -0.132750944672395 0.712508652435289
-0.00682120273695914 0.00280099672953987 0.0337780284237935 0.113556995210633
0.0120565831933255 0.0300902248326684 0.210128144608964 -0.593229767198406
0.00574450242482168 0.00405059300236786 -0.535539846281726 -0.784320935823341
-0.0126347405775669 -0.0237117410377886 -0.911904241023724 0.135703429874305
-0.0378032872525582 -0.0102597893588542 -0.167157743623361 0.70332454853736
-0.00876759472527189 0.0229842137836025 0.346471700902335 0.33446059231251
0.0162266312679619 0.0129286258267908 0.239374240434084 -0.0481555658259811
0.00673106876815255 0.00482897020508601 -0.056382137708826 -0.197567069201289
0.0179347052782224 0.0172290453575714 0.0515522001721049 0.168495791199426
0.0149072037817091 0.006147110279188 -0.13473385878835 0.069593697349142
0.014027988276959 0.00669427954768781 -0.313543702203884 -0.301740561271576
-0.00451432899384777 -0.0115052370985693 0.0925713751337268 -0.603115978797172
0.0249455981763816 -0.0346177808953733 0.775760215974086 -0.21097570627802
0.00560114872198834 0.0143465369929071 0.646827128504085 0.689212512407772
-0.00604290012373994 -0.0031653736174756 -0.113492759759567 0.708413258827217
-0.00185421625337016 -0.00869583435643559 0.0373590941530315 0.114373862615974
0.0155589447323814 0.0183862491696843 0.226353605662565 -0.59327611422592
0.00330562643994549 -0.00621464359391825 -0.510006159980245 -0.808111033636795
-0.014536470014609 -0.0256454181569323 -0.922223815705037 0.0987829543634512
-0.0347963859226667 -0.00503160182707834 -0.191482683531717 0.691474830208226
-0.0076325152413347 0.0294979754285747 0.338885957245946 0.340704290862135
0.0174252777759625 0.0127640689370125 0.239914866092639 -0.0397513092247596
0.0129090868585623 -0.000223732506331118 -0.0608688945249973 -0.192400350688161
0.0204730082066065 0.0133209727373833 0.0471918058606079 0.172540920907311
0.0138471828255317 0.00375400451715175 -0.137319388253476 0.0774981189615181
0.0128627120197439 0.00920882880007173 -0.320055066273728 -0.294561715403591
-0.00273658479104104 -0.00697953673371736 0.0771092201161289 -0.610742076482136
0.0247808225426936 -0.0356788475589505 0.768652496127831 -0.2410583999098
0.00468894550437293 0.00775863181380088 0.666277302612203 0.663390037286509
-0.00456259291294665 -0.0121267874135748 -0.0957653202665604 0.701700063937846
0.0016912795222637 -0.0180468768476828 0.0417928922715268 0.111211382175674
0.0159443286177199 0.0086279035634217 0.243463596242646 -0.595579444618387
0.00103813912147562 -0.0117750329396595 -0.487414354016963 -0.833393923298622
-0.0141119965922001 -0.0262374530173245 -0.926003139153617 0.0653170280039584
-0.0334028333215745 -0.00154296094181369 -0.20899760089162 0.681497277935775
-0.0105366234321985 0.0318721775998206 0.330624115449801 0.347515716092146
0.0152148630715187 0.0102141922178387 0.237565512483464 -0.0322089873160824
0.0156300621321449 -0.00486349487513978 -0.0665394742782703 -0.188889649633246
-0.0103862353507683 0.0290254212236517 0.0599086070746072 0.148280658584689
-0.0199308078193091 -0.0013955511693153 -0.156300945033416 0.040858918042123
-0.0258924627629841 -0.0297069136119862 -0.304432112266616 -0.321444923223819
-0.01224778831236 -0.0548646179486895 0.166063848008222 -0.580365845991351
0.0583369931689659 -0.0283521627828162 0.823460982461693 -0.125864410760176
0.0158666384071235 0.0607881810282349 0.586122756817204 0.746666823756838
-0.02968631944914 0.0358655791494259 -0.156188728842574 0.673857908398902
-0.0298521330244825 0.0191077300812056 0.0516216653013622 0.068385024711021
-0.00260186412585002 0.0581046664686855 0.17013549297483 -0.643863718660391
0.0184984410495894 0.0375240211390648 -0.60420280126611 -0.748653091244679
0.0124769788268889 -0.0246270179002037 -0.87409776967979 0.215547774388102
-0.0491405971337384 -0.0415040724233464 -0.0842349675398003 0.721281241573978
-0.0420546269708289 -0.00425876244237058 0.365103661688386 0.311220543789235
-0.0163303536529952 0.00234363840909956 0.217620719827097 -0.071741805127924
-0.0170465022764334 0.0121471120754766 -0.0600164363682286 -0.212733549221715
-0.00795801292451956 0.0314590666046795 0.0632388215167473 0.148651872554022
-0.0135079681270086 0.000847151052497848 -0.150631462694312 0.038532989805767
-0.0179146305254624 -0.0275081953608205 -0.300090856706496 -0.322461428897379
-0.0125651437801595 -0.0519791783152284 0.16774686675039 -0.574577623219201
0.0529522696850644 -0.0272126701265254 0.817916916967077 -0.1142446256954
0.0150115388163987 0.0593599174321953 0.582837218846424 0.757417110709537
-0.026822018116065 0.0385559440929429 -0.166930117150963 0.686108958133596
-0.0288373624808959 0.0224531200308748 0.0447804198407122 0.0786820385208188
0.000234756775331094 0.0599477305511664 0.165556986828733 -0.633727132065382
0.0180413928637163 0.0357095898783619 -0.605979358411978 -0.736682767491159
0.00714744766048188 -0.0245461244169327 -0.874169244768385 0.224859650772921
-0.048754459859107 -0.0386983354272703 -0.0852939471599875 0.724698298853052
-0.0356038031347299 -0.00151182308854974 0.369001750640239 0.309648776976153
-0.00928637399964979 0.0057007999476462 0.2219110904229 -0.0742142012644704
-0.016099121164683 0.0143760529665984 -0.0560305920359152 -0.214273217865703
-0.00295065584318916 0.0300661157328261 0.0640760810650576 0.149826877536453
-0.00570501738854407 0.00339462620147526 -0.143916687597555 0.0419429054057188
-0.00944024769412743 -0.0211134773417182 -0.298054342646453 -0.32268602176935
-0.0116778567702344 -0.046220073439645 0.159124544059748 -0.575950313980725
0.0468905742780201 -0.0285355030099763 0.813316066531817 -0.116318435111407
0.0141173346672495 0.0546906491612209 0.584783126564131 0.760718870375076
-0.0227397768694435 0.0366753350605678 -0.165160304762252 0.698177106614629
-0.0254462104158028 0.0231972203232561 0.0391510563662094 0.0897895677420491
0.00304410732741733 0.057795302254297 0.167396585596514 -0.620554981050772
0.0157103484324579 0.0316187207444689 -0.599984717890861 -0.732544551874952
0.00230494625629324 -0.0242247012251385 -0.880243123884242 0.221268683013258
-0.0473953566034789 -0.032946887519615 -0.0933842362773501 0.723743209704199
-0.0273016788941188 0.00358802692118776 0.367610173798576 0.312404246373128
-0.00148385155320896 0.00939255046869252 0.226675173293064 -0.073104720524956
-0.0119381716871816 0.0144866700979135 -0.0543230079489476 -0.212077448420806
0.0026335501769354 0.0285779301880715 0.0640632241105918 0.152811270395755
0.00188432506354074 0.00558273972637601 -0.13949222371477 0.0471665125699335
-0.00135990129281289 -0.0135932677663237 -0.300495253787259 -0.318916332348092
-0.010901359279275 -0.0372320890846472 0.1448700483752 -0.580170996156624
0.039288100313275 -0.0301150569193221 0.806619944356055 -0.131910227195443
0.0129478252584688 0.0454256790653152 0.597965186791099 0.753943954958854
-0.0181501015387645 0.0304200130879494 -0.157450685281827 0.706889465441161
-0.0197112985373458 0.0198380458137719 0.0357298738029956 0.0998154293455165
0.006836507840942 0.0511179863522424 0.17572066638791 -0.608260537452914
0.0125643625649177 0.0241205414357617 -0.590050951061056 -0.738290153127347
-0.00352943623793722 -0.0235600841512933 -0.889131671075281 0.206534487589344
-0.0443230993452948 -0.0261702303637013 -0.108277620840749 0.721241743622644
-0.0196917593295563 0.00999871106759645 0.364691184927898 0.31592059769877
0.00542373542937422 0.0113000919280268 0.232921941532954 -0.0678939468012141
-0.00730977975525068 0.013090107854523 -0.0540987305519758 -0.208620230340608
0.00862814851206957 0.026190113018805 0.0612521531031267 0.157232422954995
0.00834506902171 0.00790271988623866 -0.134954564606897 0.0547844108647096
0.00664477801379627 -0.00578608796238629 -0.305050757345149 -0.312139599274972
-0.00970971330082781 -0.0278033167430833 0.126542971109346 -0.588289301819665
0.0330788962245836 -0.0314326537399441 0.796598037882525 -0.158142569618267
0.0118690477475903 0.035116134099344 0.615486341316288 0.733775151639219
-0.0128307740186982 0.0217521116130521 -0.140118292015591 0.714767599574106
-0.0142615888602664 0.0117256338060132 0.0343197604521497 0.108358122655427
0.0101824015406231 0.0417511504193073 0.186554439677336 -0.602869054013453
0.00919561432544927 0.014399875717421 -0.57107168789655 -0.753145676390298
-0.00863997231539727 -0.0230624733224132 -0.90339349461345 0.181981904281166
-0.0410801049363912 -0.0182450355735455 -0.130670922047341 0.715483070748539
-0.0122239090339937 0.0162271863223134 0.361106867325002 0.322680722276982
0.0118222861658565 0.0131790709485765 0.2367368928922 -0.0609525481992154
-0.000740920881455349 0.00959241730004564 -0.0548249127295259 -0.202552412024476
0.0147312391252223 0.0221445023391411 0.0585946629853805 0.163055014245235
0.0128777891603039 0.00812957476179571 -0.132753474311199 0.0632242107792026
0.0116999544195809 0.00158991834221173 -0.311248322348937 -0.305481302238144
-0.00748696641830347 -0.0191463080047478 0.103514811012075 -0.595221796517514
0.0268079881542632 -0.0337060633474555 0.785381803734118 -0.189277471476797
0.00948090161912199 0.0242236900309507 0.639326535344998 0.710812768020784
-0.00855708782909748 0.0090105659153248 -0.12311769603428 0.713621638073509
-0.00722330763411176 0.00154117868493476 0.0351576757715723 0.11479990452731
0.01380081154145 0.0295860756962469 0.202758574949635 -0.595431579995267
0.00540740828602273 0.00407550015428391 -0.54695732627751 -0.777838355940392
-0.0130130315952619 -0.0240004850053778 -0.911918916922756 0.147791236932166
-0.0384113196869312 -0.0101193800154011 -0.154766561334336 0.706805864063054
-0.00914194198439485 0.0234944019954365 0.352160617780515 0.330722140814532
0.0157731930300494 0.0135670273301416 0.239850598216478 -0.0515595411615958
0.00647792847447005 0.00537228328997412 -0.0584033902822052 -0.198085687021829
0.0187295375607489 0.0168810231141125 0.0520593191490446 0.168284380026582
0.0146299580103969 0.0055956003044366 -0.134840290953354 0.072250956734999
0.0138660514911713 0.0062516176324717 -0.318207409171731 -0.29988922711305
-0.00430724364486461 -0.0110691733659631 0.0841982152840741 -0.603826392847976
0.0238913000584006 -0.0351660667776597 0.774978638237722 -0.222571334880504
0.00622808493020878 0.0138036883311508 0.657766694165961 0.681384290592932
-0.00577942831689062 -0.00317671334162976 -0.10546891406746 0.711265093226064
-0.00141377663410843 -0.00933259019484777 0.0385833755599883 0.113987234282633
0.0153115328951828 0.0176022567980577 0.220525546184159 -0.595661598748711
0.00306192974518447 -0.00528895353556641 -0.523273412859734 -0.803299217721152
-0.0155379289343811 -0.0252564219469648 -0.923178321531986 0.112033545670602
-0.0356451097687706 -0.00428070483868501 -0.180872130107842 0.695673896551441
-0.00754339617030231 0.0290391686923344 0.343818342557293 0.337990204446686
0.0169487816403606 0.0134766470964602 0.240412576366519 -0.0431008815297604
0.0126477394765882 0.000438936020764312 -0.0628960986633758 -0.191849848315552
0.0207357603393107 0.01291462140492 0.0494840273190892 0.172453549556644
0.0133935250620027 0.00388702601306681 -0.135760642339102 0.079973893597266
0.0128272945651719 0.00794187877209024 -0.324544130289946 -0.290954727419958
-0.00173386178542699 -0.00658126090248335 0.0672732763870688 -0.613364704417623
0.0235996188602139 -0.0365776688920881 0.765108560611003 -0.251568942158971
0.00472275156765085 0.00731543318893134 0.675350354984853 0.654764012647662
-0.00501555506682633 -0.0123895002742265 -0.0866254367408216 0.703830237724126
0.0014334828614876 -0.019122012200694 0.0442817718487171 0.111005614681206
0.0166466932417109 0.00831285130096346 0.235228073364796 -0.601497217586969
0.00101476060250367 -0.0122110605003457 -0.500146257787724 -0.829659954297973
-0.0138780226050917 -0.0259778693716583 -0.927435111643746 0.0777607607270211
-0.0330426113354717 -0.000274847816338261 -0.199558948914304 0.686912650166959
-0.00973525218619585 0.0319192206737408 0.335221644743577 0.344613980505677
0.0155465202394171 0.0109675970711101 0.237351811219286 -0.0353276490417913
0.0157386776880915 -0.00530135427277844 -0.069818463024282 -0.187904488536938
-0.00951003465597717 0.0288611749319751 0.0620794932216731 0.147862152276045
-0.0197997447510139 -0.0015349872605714 -0.154982006985701 0.0419079204105798
-0.0258278446552982 -0.029338776662672 -0.309416873805144 -0.318058704778098
-0.0124538925510396 -0.054836404488149 0.15755288233506 -0.582777843792205
0.0576696242007807 -0.0288053555849569 0.821464815559731 -0.138610074340487
0.0162938373858246 0.0605841354051828 0.597631939401649 0.736695201047587
-0.0291642883434412 0.0357483200039761 -0.146860277500154 0.675864342619326
-0.02984691137153 0.0185794877987365 0.0529245585616578 0.0666447151386887
-0.00156362582276811 0.0575000180373609 0.161381774371463 -0.646873706589997
0.0189819678471212 0.0376398125563583 -0.61345490657106 -0.740484351458583
0.0121881591930785 -0.0244323765357838 -0.87208537233824 0.228572240853025
-0.048744879119674 -0.0416051516447089 -0.074210336953362 0.723761837426042
-0.0426715981170298 -0.00365023110025263 0.370870100339529 0.306225537759305
-0.015776481826906 0.00275250730311543 0.21597836783976 -0.0753514869528782
-0.0170715342930857 0.0126726143519511 -0.0624639300560872 -0.211896032217969
-0.00653907492211519 0.0305786354641467 0.0649437883823246 0.147934549491579
-0.0133312996960198 0.000708025873444209 -0.149597085154914 0.0406569806586087
-0.0185626128337836 -0.0271948361867825 -0.304720252393083 -0.319775691459205
-0.0125337557452171 -0.0518145485079112 0.16087473940309 -0.577350156263217
0.0524598132100209 -0.028248874779602 0.817482142745107 -0.126560848155036
0.0156355332089213 0.0594359028277378 0.593599995323926 0.747478169288852
-0.0273175012969621 0.0378460859609624 -0.157849131290724 0.687197149383353
-0.0282575507879552 0.0227696780220105 0.0464284071667888 0.0774383226350149
0.00129086441273335 0.0599908121901881 0.157412962432048 -0.63482541305438
0.0189277140544158 0.0364966194170877 -0.614668684569316 -0.729309840816208
0.00767539368726859 -0.0237815358807382 -0.87351261273714 0.238037415871114
-0.0495765899139822 -0.0376623420194116 -0.0736175718627074 0.725337415775048
-0.0355920266751887 -0.00125193886898597 0.372641392984345 0.304232013086211
-0.00937069481050405 0.00685846733165632 0.220823913593739 -0.0777958955991617
-0.0165066123701147 0.0155408273742009 -0.0590870993058783 -0.212980663012541
-0.00262811886519474 0.0307541786883589 0.0660872502584051 0.149318095803985
-0.00631689425219339 0.00382762041837928 -0.14293650605339 0.0425991256710323
-0.009780432581014 -0.0216492978718941 -0.303853179761887 -0.319090534420928
-0.0123934148416533 -0.0460026576655131 0.149365246119404 -0.576336065361785
0.0457712758971184 -0.0288028829299796 0.810536960689697 -0.128635786157619
0.014879993074985 0.0541030812449906 0.595821789744222 0.7516159933343
-0.0224592018564361 0.0365404246436433 -0.155466837486369 0.698702806236395
-0.0245880106392815 0.0225944847393677 0.0403896184221049 0.0888538326127785
0.00439513293355305 0.0577025401716077 0.158335039735835 -0.621558959661886
0.0162074066337868 0.0316501342256897 -0.611267856095775 -0.723733715253619
0.00115121452136651 -0.0230483369477043 -0.87686155036137 0.23592803719292
-0.0486646870682641 -0.0327710931867888 -0.0812138185819954 0.724266305499266
-0.0272195427145703 0.00323189337238614 0.372266095402034 0.305329774498195
-0.00207365635254252 0.00936279440779328 0.22588658948331 -0.0762163155305925
-0.01238754011552 0.0159768409921594 -0.0559304125756989 -0.211608390009355
0.00330709251645418 0.0291336736085341 0.0662948044503799 0.152467096612425
0.00166004512799427 0.00571359330414351 -0.136921237231617 0.0488775711527947
-0.000873412921492651 -0.0134465759319907 -0.305758210841647 -0.314889145386367
-0.0112382209328232 -0.0376758459904974 0.137037633498181 -0.581962521024486
0.0389783444840883 -0.0306444258392755 0.803037724514294 -0.142423517110354
0.0139839774407598 0.0464331427625265 0.607847753628559 0.745006967828363
-0.0175879800527458 0.0311907912168032 -0.14562320500598 0.707583049091213
-0.019054908706893 0.0197629761802854 0.0380865741986527 0.0990439411670183
0.00760504192595557 0.0512215191201557 0.168966679977604 -0.610955209565577
0.0140076198683231 0.0242506405374625 -0.600412271376344 -0.730896402652502
-0.00372700534953915 -0.0226119244256564 -0.887721844939674 0.219793615954357
-0.0447213137939404 -0.0253066950615578 -0.0976259102853641 0.723037187462011
-0.0192254251775001 0.0101779089915232 0.369960739015075 0.30932685587731
0.00555912922237465 0.0121631925265571 0.231758532077295 -0.0716885260169529
-0.00656292431235165 0.0136266299588924 -0.0570674147933947 -0.208265334417939
0.00881045475944224 0.0263311092251453 0.0633501487574012 0.15759755181339
0.00770122270085221 0.00707248225564013 -0.13272077628248 0.0558750359991663
0.00607599503291853 -0.00584971555404004 -0.310839269894365 -0.30917297684744
-0.00919701395776283 -0.0281263502880073 0.116130421736998 -0.589088486900301
0.0321234115161256 -0.0324856655933002 0.793045651896101 -0.167782034056418
0.0115464357986324 0.0355266819991681 0.624960780671873 0.724762225318544
-0.0126016934856676 0.0213849163973428 -0.130464346215151 0.715224673459718
-0.0135785412265264 0.0116345918138972 0.0362365835207565 0.108118095235972
0.0110854151030582 0.0403950865171276 0.178536076795438 -0.604599582858955
0.00927848199179815 0.0152101769699676 -0.580005846284284 -0.746276516469442
-0.00968821014505114 -0.0230865189257273 -0.899544870759986 0.195384325033706
-0.0415597725064942 -0.0179987806115305 -0.119600324902437 0.718239240523236
-0.0124506217583881 0.0172644672517865 0.367468788468362 0.315868512328442
0.0115434071705397 0.013681420859511 0.236150663674773 -0.0649235787898162
-0.00026413751576548 0.0102232182732867 -0.0578202530745747 -0.202465670455839
0.0152646604071654 0.0214508964085681 0.0596012604643124 0.162740294892283
0.0119114329036447 0.00698086491695637 -0.131221397915634 0.0648059928411393
0.0115286499213209 0.000957358420679379 -0.316289973031927 -0.301990383374437
-0.00713192095181475 -0.0185372626242991 0.0962178665626961 -0.597902830650863
0.0264085320744627 -0.0341163833001391 0.782622584878526 -0.198760124294749
0.00894916943998379 0.0246291662334011 0.646920882822307 0.698673932686187
-0.00819595633251764 0.00909282793064986 -0.114073502816845 0.716263748968381
-0.00691624861791823 0.00167058679348084 0.0364742118920996 0.113271229538554
0.0132349157738835 0.0285824202111676 0.194341167169836 -0.598457476560132
0.0057088071476409 0.00485204683047216 -0.557253804404038 -0.770911361583404
-0.0135866079673211 -0.0229320580693612 -0.910931321030699 0.159881336171956
-0.0390498728070959 -0.00982945346803977 -0.144998728884005 0.708584041362241
-0.00827634532215487 0.0234453894415615 0.358396461843966 0.324437745526425
0.0158243878911588 0.0139788290843521 0.238615010694435 -0.0550380499853504
0.00649168365515542 0.00566056498595689 -0.061213341891997 -0.197174979528629
0.0195729882593629 0.0167941408877816 0.0558050965378186 0.168504845882111
0.0141348855030969 0.00531451164437073 -0.131983870173463 0.0728445814003096
0.0146932319713904 0.00572077928486853 -0.322579086847457 -0.295946576892447
-0.00418257379757458 -0.0117636642529581 0.0756849092619422 -0.603874026545682
0.0231444266614652 -0.0356362941616231 0.771601766069221 -0.232028860895932
0.00700871562076073 0.0142124894883668 0.666588857285436 0.669239546460495
-0.00532480416646626 -0.00279613622439399 -0.0949075367317611 0.711337801716291
-0.00137212432605139 -0.00947486145286509 0.0404176549069478 0.114406482320429
0.0156096016713501 0.0171709448164928 0.212590812012616 -0.599429780052633
0.00434445471756451 -0.00557335184178219 -0.533951391247577 -0.795884302033093
-0.0149319608047664 -0.024182959605684 -0.922453271676369 0.123919015704978
-0.0355695040837589 -0.00354534776097892 -0.170504291998641 0.699978007947156
-0.00703026978963398 0.0293752530792339 0.349205585966821 0.332092683103537
0.0169475842916359 0.0129680753451575 0.239295588635344 -0.0471140749190472
0.0124219714754592 0.000116190045679993 -0.0657072709334701 -0.190956946726221
0.0222978546722378 0.0128353881578835 0.0516976785716633 0.173024683861043
0.0137390736012158 0.00327986821711705 -0.134508405069637 0.0808237522147005
0.0127688711864629 0.00808155783281168 -0.330277612351965 -0.28798043613645
-0.00154095301063691 -0.00714747910647672 0.0590313381803352 -0.612223006377997
0.0226080018481705 -0.0369756600978292 0.761810224895954 -0.261900688730979
0.0042233181897642 0.00771847387978608 0.684546608964448 0.643563531104044
-0.00439799279990375 -0.0130292805635909 -0.0754722880430941 0.704799637057006
0.00166924127002933 -0.0199303894768298 0.0453633581269002 0.110447058280854
0.0175567321990157 0.0065164316172768 0.22856644679697 -0.601338679227083
0.00224100528419866 -0.0119579815838144 -0.512413177029309 -0.819914108173674
-0.0141343070538877 -0.025555503867205 -0.927401943908859 0.0894929642067613
-0.0326457584145406 -0.000500391387948866 -0.189019710138138 0.689018801155164
-0.00942110134055085 0.0331052846795609 0.341655991446285 0.339391196428832
0.0160534977971683 0.0113170714555421 0.23790035893982 -0.0390301540934029
0.0153902172533469 -0.0039064097759724 -0.0716617504765784 -0.186431862938256
-0.00790443045761675 0.0295692407215378 0.0636607882853817 0.147483452824888
-0.020103098680751 -0.00189761115295384 -0.153735155467644 0.0433778340922693
-0.0264573186403028 -0.0289948661363098 -0.314662806690862 -0.312741665135552
-0.0134640625298943 -0.0543820426292532 0.147688468329045 -0.583095412595549
0.0558734381559158 -0.0302131178559573 0.815821474794224 -0.148448221658317
0.0170068798450161 0.061231020404954 0.607288508239793 0.725697596382043
-0.0281986942408367 0.0359225543809664 -0.138112014487449 0.675588379624391
-0.0291432695128271 0.0186241656218023 0.0544231365672095 0.0661218425187734
-0.000189206888167964 0.056842967266541 0.152328511845951 -0.646293239979986
0.0196141353824834 0.0378702648849257 -0.623843591350479 -0.730474337319259
0.0111031752850098 -0.0247450991837774 -0.865962130905451 0.239733601404297
-0.0503173151285389 -0.0399440400764622 -0.0624438031101409 0.722708199785023
-0.0429924374120785 -0.00325168583682599 0.375004606340646 0.299927173750747
-0.0158190802875394 0.00301517639952367 0.214839885919839 -0.0789916316462726
-0.0171545475947601 0.0138671648451539 -0.0659208622776207 -0.210944857290276
-0.00557271066301339 0.0311435197706591 0.0663316890425212 0.146979638496736
-0.0140306774964176 0.000953568135569408 -0.14729162115239 0.0414809530861186
-0.0189264970643271 -0.0268744798115502 -0.310267868142169 -0.315292881759663
-0.0125575801808509 -0.0513981913225065 0.151416150419857 -0.5784934788302
0.0517289066219561 -0.0291944341884061 0.813030642912845 -0.137080570041866
0.0162994636750704 0.059025603144984 0.60299553062761 0.738720029639216
-0.0256319965103805 0.0379874593934233 -0.14690550953687 0.686627805777811
-0.0278070672721488 0.0227519834678431 0.0473901875659121 0.0768538329880956
0.00256630936775687 0.0597680317379747 0.14891596444206 -0.635642114527801
0.0189116734903556 0.0370110846659522 -0.624790113724132 -0.718584415486705
0.00755905187381438 -0.0239643976029913 -0.866233544775323 0.249661084922668
-0.0504844400914213 -0.036842909943127 -0.0612830305970082 0.725637191131036
-0.03498942577613 -0.000283374786498567 0.378230083936421 0.297150410426329
-0.00917919618397968 0.00682442620778783 0.219337678313594 -0.080649204232109
-0.0154473381778527 0.0165388867606745 -0.0615566243335543 -0.212064847792557
-0.0012671376951259 0.0307706569505312 0.0683110443210639 0.148400311544337
-0.00618079584793883 0.00430716337931368 -0.141541442762609 0.0441620506420799
-0.0104966713561782 -0.0217019062323962 -0.309702361553436 -0.314367862565453
-0.0121149895205346 -0.045930496174372 0.142265465486056 -0.577724878495548
0.045451048858453 -0.0294616730782805 0.806936900735668 -0.138422741006166
0.0153851148795443 0.0541044645241457 0.603510697498854 0.740245570539225
-0.0221932035115534 0.0364965016297012 -0.143655265031604 0.697718089792248
-0.0239206882109504 0.0226915554694505 0.0424995770384767 0.0882155124371499
0.00552161259247237 0.0565060672395096 0.151185980596876 -0.621226924957851
0.0174459914372384 0.031840104751292 -0.621220388102965 -0.715032147112196
0.00108820520212458 -0.0230098562679551 -0.874137349564741 0.246193072192056
-0.0483364205507106 -0.0315980949423081 -0.0687422960272376 0.723395907515295
-0.0273337988379288 0.00380119416916215 0.378339970008406 0.299734617862
-0.00206053608376718 0.0101069743505964 0.224238732881095 -0.0794567130491402
-0.012571956724733 0.0168980056976259 -0.0592683103552394 -0.209707666471757
0.00385359774739188 0.0289000213683708 0.0684869110959794 0.152198053765806
0.000869724307512337 0.00573208606625024 -0.135989664566427 0.0497840418914906
-0.00143632303653741 -0.0134963921223794 -0.309959723255779 -0.310860564689427
-0.0109691684143412 -0.0369607533870865 0.127544734382356 -0.581907588087987
0.0376386159018348 -0.0309581402960516 0.798479977536266 -0.153745115178103
0.0142384881795238 0.0461434673467548 0.614145248856316 0.731553945297341
-0.0175147877211996 0.0302804878799219 -0.136563883766034 0.708170003567237
-0.0189040232302453 0.0187580856521713 0.0377549051947142 0.0985171398117182
0.00921292804316396 0.0506248966508142 0.1592324204258 -0.612912937957413
0.0143067148202267 0.0241425011692701 -0.6099349447477 -0.721073069695769
-0.00481126607276869 -0.022530510199886 -0.88330923496899 0.231654432192188
-0.0455036209243229 -0.0248674439073405 -0.084086006799717 0.723099560290549
-0.0189210627016488 0.00968932163927241 0.374281093827749 0.304856265826879
0.0058461433346843 0.0128960179981726 0.23021890192208 -0.0750836323182146
-0.00631153484753928 0.0143577247011892 -0.0599677577664507 -0.206721060621147
0.00994068449201837 0.0254770340276316 0.0649491771659914 0.15611361535831
0.00742249829846294 0.00684092198830577 -0.131919322602881 0.057118276971484
0.00585850795636991 -0.00655257314421569 -0.315378864381484 -0.305384001603582
-0.00921194341347778 -0.0273571300517984 0.105794438391378 -0.588251060565075
0.0313587843923233 -0.0325942245560767 0.788449379600297 -0.179331024872062
0.0118990241739689 0.0350912710071756 0.632499993229128 0.711712454844806
-0.0119431297446388 0.0211538384768436 -0.120253461061876 0.714914062679459
-0.0132860119141915 0.01082146202606 0.0377173713417868 0.107840553288635
0.0120625261796729 0.0402140899683353 0.169119614506607 -0.603512905905846
0.010299260427836 0.014941569733782 -0.590508544826873 -0.738393368671318
-0.00938092732146308 -0.0222786638605865 -0.897485591532658 0.206790991316161
-0.0422463288077209 -0.0169805501634201 -0.10678243534184 0.718104055778465
-0.0124156273504003 0.0163074527817325 0.370818227700981 0.310808126168725
0.0119247129455649 0.0139530034080024 0.234931879389628 -0.068153401230528
0.00019305396450219 0.0103292706986362 -0.0608997265358867 -0.201113340236014
0.0157797173125811 0.0213010653337996 0.0613888138851478 0.161963753145111
0.0123561272823497 0.00651189728939288 -0.129572033346314 0.0654847166761169
0.0114243950466541 0.00077879457667168 -0.319947816636967 -0.297425010042156
-0.00634585341324146 -0.0183076834599289 0.0861385535599431 -0.595633232606795
0.0250626835665022 -0.0347979914983635 0.777739691697032 -0.209778963382447
0.00886786751419771 0.0245148519915469 0.655852745072235 0.688676742924877
-0.00836532151318235 0.00837888208371795 -0.10251398432412 0.716202448463236
-0.00668993474627617 0.000812975590712125 0.0379398564835164 0.112218744652398
0.01516254890789 0.028301463263885 0.186259533345719 -0.599358603844316
0.0068790595630838 0.00440194751869277 -0.567130380002224 -0.762511023769489
-0.0131693365784753 -0.0232076550861712 -0.909056635970516 0.173189846560727
-0.0378983345653461 -0.00999784124740933 -0.133044845969743 0.710537818266351
-0.00785145665447142 0.0239177057439794 0.361426687905025 0.318287331328771
0.0159673101063354 0.0139426619042041 0.237625272493537 -0.0590395439966567
0.00685666397660928 0.00549577093007001 -0.0643659518295332 -0.195240529976941
0.0201918974571792 0.0167547811212387 0.0576750128163884 0.167083461751468
0.0139180124235991 0.00532787399491438 -0.130212569311721 0.0739787493785259
0.0141824082908387 0.00524143933485052 -0.326174939402594 -0.290757537963156
-0.00404764417872864 -0.0113406109987421 0.0648993879952602 -0.605068347580933
0.0223773732527204 -0.03631167056959 0.764934914416483 -0.24267560902849
0.00666416228086355 0.0143269000356652 0.674474721846135 0.658246384563219
-0.00580404559984644 -0.00276311230483429 -0.0844634777136325 0.712340096442354
-0.00187622400936143 -0.00980418618177689 0.0417471679360918 0.113341143706555
0.0171567788206498 0.0166949778226599 0.204105755987 -0.601963274940224
0.00351808444254293 -0.00370203480107833 -0.544509905770395 -0.788489377131253
-0.0159509347318513 -0.0239433440292643 -0.918388803214968 0.138499219003574
-0.0371101163165234 -0.00283351757229078 -0.158184428073725 0.700227100601662
-0.00710716472912155 0.0291192540385634 0.353712819860364 0.327413889201411
0.0173928356124509 0.0121113110078076 0.237771203910115 -0.050814398062298
0.0117670278258404 0.00102645703659116 -0.0688942892168375 -0.189873709065293
0.0225625602490891 0.0125298625877596 0.0535971206484226 0.171066964957475
0.0131554141017211 0.00331508098147285 -0.132149819979712 0.0820607675162135
0.0128214194699685 0.00690250183536633 -0.333710045578882 -0.283676481292561
-0.00147646989493191 -0.00750223659769869 0.0503385081920987 -0.613270216674996
0.0217444612811188 -0.0376991080439848 0.754202617124494 -0.272452555977665
0.0043027765325666 0.0076107134782273 0.690705777013126 0.62873870961471
-0.00529397747830887 -0.0133776135099081 -0.0653020463940995 0.70326277444147
0.000488219397331679 -0.0205823823992642 0.0466007743419144 0.109715987448336
0.0178170913873011 0.00712931609601049 0.220038193211618 -0.605182133043372
0.00208704893257545 -0.0106104367579387 -0.522276263574373 -0.812801692431434
-0.0154152376488697 -0.02475341603487 -0.924904432163511 0.103122174217665
-0.0325671361435693 -4.04975165452185E-05 -0.178319448339795 0.691822064163591
-0.00930880934985941 0.0325700849555015 0.346070304530719 0.334151980301455
0.0152842941557015 0.0110299921718073 0.236752299455091 -0.0424308033296893
0.0151690019702477 -0.00374157070585702 -0.0745390746998738 -0.185539881549413
-0.00739224226586954 0.0296548904157292 0.0645076894368259 0.145937986357314
-0.0208335316726453 -0.00127212111333107 -0.151238633377049 0.0445754937109958
-0.0267359631118804 -0.029272997186053 -0.319304472113122 -0.308509867311035
-0.0134928247634443 -0.053644544507543 0.138662636741963 -0.581004256120806
0.055105425481408 -0.0304861390284549 0.810167247558104 -0.158038023772861
0.017067212863973 0.0603959327487788 0.61423112246135 0.713059224446989
-0.0274374414678211 0.0358413503862217 -0.126999468117987 0.673931664859135
-0.0294497963967941 0.01890752158912 0.0549871751605126 0.0649713762306634
0.00131189001321693 0.0560027091625411 0.14398842982122 -0.645370352879848
0.0204748270759638 0.0372250633317835 -0.631141457468423 -0.720213355820421
0.0116614955296135 -0.0245987689684393 -0.860357705714949 0.252770791574304
-0.0508094821064517 -0.0385774094487788 -0.0524362936758573 0.720478531190002
-0.0425642236051819 -0.00222270307907464 0.378079337464327 0.294042243298287
-0.0156695421186321 0.00412440488125523 0.213115430502371 -0.0814939350197124
-0.0164544823825677 0.0143699301785975 -0.0677453417509004 -0.209856857947153
-0.00494234414428406 0.031009424304593 0.0678534445828824 0.145840327991161
-0.0133488592596128 0.000462401847516247 -0.145425970951533 0.0429574041662843
-0.019459965020897 -0.0266657259045388 -0.313727348566334 -0.310299610752069
-0.0128908513936012 -0.0504877447678727 0.140267262500751 -0.577230686817444
0.0507876559508872 -0.0293168425684692 0.807027897643876 -0.146749407342557
0.017233283638702 0.059832164418986 0.607797661196929 0.723801632834641
-0.0254655337928636 0.0375830479951899 -0.136735773424019 0.686037136701912
-0.0277751903980072 0.0225936134801902 0.0487050167560139 0.0757268095546917
0.00278144252934815 0.0586342757046555 0.140437507601096 -0.635182053892278
0.0203168196311843 0.0365460786416424 -0.631802968940366 -0.707194408632685
0.00719981070970055 -0.0240796077506481 -0.861223497042632 0.260522829808664
-0.0503459621541042 -0.0359610140172742 -0.0508602807987039 0.721955681775003
-0.0346670831070927 0.000147526338669535 0.38157659263494 0.292292402337018
-0.00944437449858211 0.00716525494166419 0.217510671938026 -0.0835428457217488
-0.0151777381518919 0.0166274382531551 -0.0645535727476696 -0.210655747450511
-0.00060572936344078 0.0310349192157363 0.0683008439321866 0.146508227849949
-0.00657744783581673 0.00396150405845888 -0.139319526049169 0.0448836900001828
-0.0108044933252345 -0.0212487581133903 -0.312609473476296 -0.310771012119531
-0.012547036571803 -0.0453555932113621 0.132178065102322 -0.576909144345457
0.044880358137635 -0.0303144558812128 0.80108813918724 -0.148975219649881
0.0160606005374064 0.0541142430628561 0.611191342403348 0.728938685116655
-0.0215391788021251 0.0369839385545172 -0.134221152810728 0.698107745588685
-0.0236994947840948 0.0222185327246236 0.0423364954122015 0.0879370501042917
0.00707667836151066 0.0557906876608412 0.143077713249264 -0.622271383653164
0.0183575144193615 0.0326705049612377 -0.62701175417707 -0.704094259661271
0.000876807317480183 -0.0236073169456347 -0.865926156473105 0.258366287528986
-0.0491230746692221 -0.0319575056002536 -0.0586633054582341 0.72254069583881
-0.0270710547031165 0.00537933399095063 0.380830651966294 0.293553806526996
-0.00190418609552952 0.0100613437059609 0.222172027727517 -0.0819652429562264
-0.0113807374430781 0.0171953364638332 -0.0625559894583242 -0.209262244234176
0.00468709764148322 0.0284205510811421 0.0700417876377499 0.150281322810299
0.00101132206783325 0.00568211821110628 -0.134029767342266 0.0500264223314242
-0.00212832980976864 -0.0139994953381586 -0.314552627745737 -0.305387068571735
-0.0109477546901926 -0.0367280748576169 0.118850620017362 -0.580740337953662
0.036999044001254 -0.0311827807815646 0.792470009314815 -0.162536065447316
0.0149832855801724 0.0462491050478508 0.622443877606861 0.719711625317215
-0.0163322448595518 0.0305173411114395 -0.124325338203353 0.706331901789966
-0.0180815398150273 0.018367643984207 0.039579473793781 0.0982716576311581
0.00996328321499916 0.0493835682960782 0.150654955189679 -0.610426646540228
0.0145785928155741 0.0238745675794492 -0.618580502668319 -0.709816968364278
-0.00451410551374352 -0.0221321252273387 -0.878114339701417 0.243304193852359
-0.0455797937617188 -0.023528436328445 -0.0735898656435304 0.721139733742463
-0.0189635891512381 0.0100724821840827 0.378725241622064 0.297804464016984
0.00582444436290229 0.0118242956808008 0.227991666006095 -0.0785500200922596
-0.0070884286542425 0.0148432493349546 -0.0626547497059864 -0.204854221845492
0.0108721866815587 0.0252833779685499 0.0661186961896791 0.154548201504117
0.00771726379928498 0.00678072304999962 -0.130508801237032 0.0572533568191534
0.00602379318824855 -0.00642864483992919 -0.318116859574315 -0.300556602206698
-0.00955278089276462 -0.0275209395995528 0.0969304320460236 -0.588106895318737
0.0297591749715566 -0.0331338428256546 0.783089581013901 -0.190704878059376
0.0120134311998504 0.0351217445265906 0.640167023797554 0.700024940985885
-0.0119642287698932 0.0212105452974146 -0.108762311759601 0.713124105316656
-0.0130799290380821 0.0112473317498028 0.0388740760432777 0.106533095669404
0.0132543493346699 0.0388058190433966 0.162433917839837 -0.604341956543887
0.0111343256716941 0.0157146678321441 -0.597982302725508 -0.727033951240273
-0.0100591711784787 -0.0213933534772374 -0.888848281422764 0.219165987685586
-0.0429773590796621 -0.0164879370545012 -0.0954468998198954 0.71720001269167
-0.0121933651591895 0.0168000968065568 0.374503981242964 0.304477877152684
0.0121536975177617 0.0137691602824999 0.232834825939605 -0.0711053635619984
-0.000375406217101915 0.0109408429990345 -0.0641813923606352 -0.198661116973496
0.0168888525951769 0.0209173185591953 0.0634200504936052 0.160300236568435
0.0115218670846101 0.00695470496741027 -0.127846569585604 0.0668303419490394
0.010878573295225 -0.000567710754551433 -0.323695867713219 -0.293573620564163
-0.00618671245187986 -0.0179338447758413 0.075490880795375 -0.594093983502696
0.0241889196161255 -0.0354454179182372 0.770318117945885 -0.222057225671072
0.00912566928326691 0.0237323781118358 0.66100991814196 0.676555115243446
-0.00747521309317117 0.00856212155336391 -0.0926309597733653 0.715546408738745
-0.00672151270015348 0.000316556417183725 0.0397474965140678 0.111341385959833
0.0155867709889004 0.0271188090650686 0.178179688755055 -0.59829889673318
0.00640134868822464 0.0054523476167581 -0.576204073938285 -0.752743352332607
-0.0131647167074456 -0.0225721694351834 -0.902946349174358 0.186038783612129
-0.0384123805990365 -0.00861862339966252 -0.120149553225498 0.709088361000908
-0.00713705660367786 0.023661403541318 0.367271054930447 0.312096051492873
0.0159886603320211 0.0142933932225823 0.236494716358813 -0.0617998887398296
0.0065011938723057 0.00606080087353826 -0.0676116789663807 -0.194335523865284
0.0208420799535825 0.0159006715821761 0.0592792726371564 0.165143038845096
0.0136580932155505 0.00553473171202456 -0.128388956142126 0.075166951310165
0.014304926947414 0.00438154410685637 -0.331046640746516 -0.285582764550114
-0.00332497343591231 -0.0109345797526736 0.0560209484942035 -0.601142367300954
0.0214711560387088 -0.0361637201256138 0.758519329100489 -0.252341509654885
0.00627381934255195 0.0136592805295644 0.679261301249926 0.646618851169832
-0.00596383460972372 -0.00390087076792297 -0.0735745925789861 0.709984264208624
-0.00243724099292386 -0.00997218321863186 0.0428286238971001 0.111658775187891
0.0178699003263207 0.015488421959492 0.197000463526436 -0.600935659026161
0.00307327815827409 -0.00397024012138603 -0.551369176865831 -0.777863649018538
-0.0151387278037094 -0.0230207405201599 -0.915615190935234 0.148159618805685
-0.0352557006310669 -0.00253797776678851 -0.147630694709015 0.69879399464134
-0.00695012135619332 0.0296401172373186 0.358258805453816 0.320212783396688
0.0169052664022437 0.0135019442271671 0.23665337926405 -0.0536132977503665
0.0122340526442529 0.000338188678753117 -0.071337815641517 -0.188108089211881
0.0224114525051513 0.0117757210482301 0.0552430539621704 0.170745326170419
0.0128642158439479 0.0030736047281058 -0.129708950029681 0.0829336811196506
0.0122249682245294 0.00657685562191248 -0.337829510784496 -0.277582269534282
-0.00117918933872017 -0.00759288600422083 0.0400949197198032 -0.611027482780504
0.0207989988012129 -0.0374798729770529 0.749200164554129 -0.280600908844359
0.00470153395035258 0.00800655588241499 0.696142491539089 0.619110223357261
-0.00551686277861546 -0.0138697977846753 -0.054748790295978 0.702494763676641
0.00102502661676784 -0.0201841556533989 0.0485837378854414 0.108130722251004
0.0179289559590749 0.00549921677867681 0.211927900566906 -0.604999959083322
0.00209306649734572 -0.0111050416176683 -0.530389073142467 -0.803617491881527
-0.0151535282111188 -0.0241940635892675 -0.918851712668885 0.116825076569527
-0.0326001784428778 0.000311376170804704 -0.166129255373182 0.690061875662973
-0.00817315559251648 0.0329241402598221 0.350603889062988 0.326227945102898
0.0155798750675903 0.0115677952152893 0.234760498616651 -0.0460884934345455
0.0154474893812212 -0.00365380292452564 -0.0769055523767616 -0.184280679846763
-0.00671392665390949 0.0296878621548353 0.0664114661629843 0.144674894410171
-0.0203228280986496 -0.00115190840290321 -0.150055130560181 0.0450658461125032
-0.0273778742708094 -0.0290887226089311 -0.321000665600349 -0.302605917690043
-0.0135869250935286 -0.052578463626055 0.13004941310503 -0.579307851023377
0.0539391444879379 -0.0312385599577785 0.803652735216645 -0.167769773927115
0.0180500788763933 0.0605513370803986 0.618281003922065 0.699828910912812
-0.0274533412113627 0.0350953898964681 -0.118936757272944 0.671082214135117
-0.0288872653302149 0.0183862092245613 0.0553059644812705 0.0645544369565259
0.00271725687461934 0.0554364807886049 0.134879916304829 -0.642682056752869
0.0218948056534268 0.0370211875670094 -0.637006984115741 -0.706778283828504
0.0112331703572895 -0.0244604051911998 -0.852553525999454 0.262368610035892
-0.0511552724602233 -0.039040734221741 -0.0400096005005302 0.717365328403513
-0.0416295444171644 -0.00150800736122954 0.379847058321067 0.284990007822852
-0.0157225077466509 0.0041761555287709 0.210515721237912 -0.0843985315625592
-0.0166530455776932 0.0147908145819751 -0.0701101797055924 -0.206987472586686
-0.00370654350986062 0.030740685139069 0.069210048636419 0.145206126950893
-0.0134151872766505 0.00132542456884981 -0.143605921133286 0.0436933727104743
-0.0197733530072116 -0.0269280804690079 -0.31704353448001 -0.304992801271705
-0.0129026166276055 -0.0504163779467931 0.13247023561448 -0.575880530958185
0.0501202700723781 -0.0304544174594322 0.801780795587775 -0.157035471533187
0.0172638339685565 0.0593023901969661 0.613253246794891 0.711712976926162
-0.0241566045435695 0.036995373453605 -0.125484611197118 0.683796978566903
-0.0268370368178633 0.0224248554002094 0.0491203281371006 0.0752335550168669
0.00527652361502721 0.0568809955642445 0.132248991379991 -0.631534198970206
0.0212970031696281 0.0366719561612023 -0.637683534253413 -0.694985695674295
0.00555912383368868 -0.0228348990512354 -0.853976144676927 0.271025526492843
-0.0514217108450313 -0.0360000433925568 -0.0391286006216249 0.720533107471717
-0.034605952746874 0.00074141701773597 0.383267785825462 0.284437583158656
-0.00904732142581857 0.00847987939049411 0.214639953353935 -0.0863702719155968
-0.0154023548263223 0.0173420318949156 -0.0673371047077347 -0.208560403666382
0.000241253356284743 0.0297063677966596 0.0711661911603313 0.146228636495409
-0.00690109744106665 0.00336959655872488 -0.138411663390285 0.0454884316608966
-0.0115744275097622 -0.0214442635115837 -0.315426861038084 -0.304618652033862
-0.0128533088219954 -0.0449148348116758 0.12276321183808 -0.57388637308589
0.0427082054182682 -0.0300345134477284 0.793603193120076 -0.156865082499839
0.0164669789061394 0.0537552530362067 0.616695703320994 0.716433112130556
-0.0208834639409877 0.0366165636181804 -0.123685811094819 0.695927648303767
-0.022508349404386 0.0223140064482642 0.0442187993133207 0.0856054785826595
0.00822552604404871 0.0553893159876765 0.13508606147712 -0.618248577929931
0.0186319931199105 0.0310551379958955 -0.633364831873944 -0.690763498969795
0.00144844742431001 -0.0223917479157464 -0.8576016794715 0.267841357728685
-0.0485510638976271 -0.0306953216293668 -0.0478112975136435 0.720045419839987
-0.026746241010517 0.00509145932036933 0.384550197490692 0.286174688849017
-0.00121866101748574 0.0110127811405738 0.219965988686772 -0.0845187835236782
-0.0111228415367551 0.0170820002356116 -0.064983388565924 -0.206471433695664
0.00564620990751902 0.0285406034920231 0.0702756395663656 0.150258604639203
0.000452559847868665 0.0054605140053258 -0.132445240069077 0.0508576329478893
-0.00236561353924583 -0.0147173932739403 -0.318015146661983 -0.300246799805943
-0.0109286225875335 -0.0368894713066546 0.110312679068881 -0.577573546095143
0.0362913857164088 -0.0314082574829459 0.786312079814969 -0.171001595917398
0.0144409656112655 0.0458320233474684 0.628201675456882 0.707158814144737
-0.0154268315106909 0.0292535995732465 -0.114972986864795 0.704554742307754
-0.0179458368963921 0.0184946004844404 0.0406212169667764 0.0967020498282721
0.0111973173379516 0.0488474199334798 0.141810324545375 -0.608348732462132
0.0152132323230629 0.0243933057669426 -0.6218834201183 -0.700186533822436
-0.00428668284471965 -0.0218383024280827 -0.871068223134466 0.254366664546425
-0.0446159613829868 -0.0235819479088792 -0.0633034434925495 0.717406850882307
-0.0183665505443163 0.0107836492057229 0.381955567153798 0.291804497302872
0.00551162424107399 0.0131457850917835 0.226077011701851 -0.0811601053188776
-0.00510829187884891 0.0157491673385567 -0.0648132038513728 -0.20256822281304
0.0117498617169087 0.0249716044093764 0.0682530719128047 0.153381807782012
0.00673412379521074 0.00689720517413957 -0.127027940194224 0.0586018240336791
0.0054548517997519 -0.00591593840280391 -0.320378088010287 -0.295480767228513
-0.00818647935585896 -0.027688216262951 0.0881791023032487 -0.583737293940578
0.0288937113576893 -0.0333415654503416 0.775837520892903 -0.198679524527729
0.0120882141875101 0.0352991139468 0.643471233952978 0.686377184855677
-0.0107970055961496 0.0204020600427749 -0.0999756012702458 0.710358282911966
-0.0131232745313188 0.0111588617217404 0.0394232648501007 0.105327557348896
0.0136597798437582 0.0383056424387051 0.154490311998313 -0.601659023473411
0.012112744589454 0.0153891687135288 -0.602934614358097 -0.714752129516277
-0.00955275520088219 -0.0211757992020053 -0.881892394013524 0.230086118403738
-0.0422291403170302 -0.0158507485644884 -0.0859908688879579 0.715492324139131
-0.0112091387249847 0.0170957893191875 0.376239107514842 0.297295740176339
0.0119011729759166 0.0138991606895004 0.231526636568262 -0.0738667830150131
-1.66109930345697E-05 0.0107338011462976 -0.0655464938596002 -0.197171751739092
0.0180386743036139 0.0205339915819752 0.0656760434002241 0.158411820835942
0.0113521756615747 0.00603853180024034 -0.125087157599439 0.0666620317115448
0.0113836744104413 -0.00115460160156546 -0.326862902670205 -0.2863806117551
-0.00545834824139333 -0.017851142154109 0.0679559647424592 -0.590552612858478
0.0232031461478159 -0.0352548501116026 0.76496680749837 -0.22775006582197
0.00996578544974671 0.0240079655806185 0.66601062484932 0.662581481728456
-0.008447915368249 0.00788839457258564 -0.0827442066984331 0.711997501209317
-0.00728277153425362 0.000389875815300822 0.0414251826071014 0.109795519339917
0.0154078369959264 0.0263588125746141 0.171615471813548 -0.596369966602482
0.00652275929330743 0.00476189635141111 -0.581592498782068 -0.740368289504983
-0.0138892110664121 -0.0219338342667425 -0.893788533588337 0.197177925780379
-0.0390818877832344 -0.00891472559885204 -0.111198880838328 0.707076267962693
-0.00713475358295103 0.0235794786096965 0.369661944399931 0.305374709742568
0.0170404573288106 0.0141187819277675 0.233697601469238 -0.0648631267970151
0.0071409479220051 0.00683134632696705 -0.0690978174642228 -0.19202963933944
0.0207391135744032 0.0168517343576829 0.0599782787356567 0.164080507655409
0.0133003308758404 0.00507855075602418 -0.125617492724431 0.0756157258751013
0.0141282118231855 0.00397455016710522 -0.333557328575173 -0.281029525175122
-0.0030000776368246 -0.0105791823107741 0.0480557219326841 -0.597147706921877
0.0199193338377971 -0.0357666567275443 0.74931998695572 -0.260049110691658
0.00626952928904134 0.0143194930788156 0.683010337864443 0.633270631536483
-0.00548168557688571 -0.00410676892092737 -0.0630395450604058 0.705646164642843
-0.0018380909392477 -0.0110735175985098 0.0452383931298596 0.110932189713281
0.0180700098607584 0.0155374552458139 0.18895373613834 -0.598513583348405
0.00410014491889006 -0.00422162762380438 -0.558912453232128 -0.765708573844441
-0.0161072333155198 -0.0225043811744486 -0.906108723341978 0.162600494798543
-0.0344868389814102 -0.00173769867118548 -0.13523064081004 0.696386969151387
-0.00555708724643577 0.0294356622435997 0.360354176036876 0.31377989052804
0.0179117227842724 0.0128186092699159 0.233587492595045 -0.0569096481173372
0.0118675998429466 0.000771129958435194 -0.0729013674502042 -0.185273841911546
0.0232021664970944 0.0116467849317815 0.0571053688738188 0.169216083947292
0.0127221501307858 0.00184801825866562 -0.127672808657607 0.0840900457055273
0.0129636482856343 0.00566790109885934 -0.339810747327154 -0.272319075059215
9.62635164019905E-06 -0.00657055884710025 0.0313156563187015 -0.605795468004603
0.0202777520526849 -0.0373757575418526 0.739650216253664 -0.289684958334464
0.00375496850821292 0.00754984765849425 0.699235090315354 0.604312064599216
-0.00622824235545502 -0.0132659371878087 -0.0454187422284165 0.697542085179776
0.000299046963536154 -0.0215293718807832 0.0498044701684664 0.106628728207728
0.0189106078036592 0.00475806430780265 0.203886206912783 -0.602873874235167
0.00254135387720494 -0.0105949845601175 -0.536958147448601 -0.792764501590425
-0.0142217318664384 -0.0232329969710834 -0.913042301292886 0.129632265878127
-0.0332042606063362 0.000780725972873417 -0.156128997880119 0.691042784731987
-0.00765673469437257 0.0331319580820899 0.352519959708142 0.320072788522294
0.0169264859281414 0.0114189071550902 0.231932859088344 -0.0483488719458435
0.0158255897723767 -0.00442308227521192 -0.0783717696385952 -0.180736769835867
-0.00526875488500505 0.0293720658094736 0.067275256692814 0.143089823973698
-0.0207583486479064 -0.00129441520642955 -0.14767081360387 0.0467444214869617
-0.0272497435168116 -0.0284022669666097 -0.323008491923557 -0.298484348346899
-0.0137448704394713 -0.0529717173896395 0.120584736276963 -0.576809959883797
0.0531407538413813 -0.031383515431781 0.794969282885081 -0.174849913777357
0.0180358457088366 0.0594544477671937 0.622266015707598 0.686818606478478
-0.0259813816918983 0.0349484595997723 -0.110270873862442 0.666258277341023
-0.028285090004363 0.0178167461418697 0.0556165274885496 0.0631313839189934
0.00327071760071683 0.0552389529828207 0.128831067615714 -0.639087168743228
0.0222626059792723 0.0373946637991724 -0.639529082952181 -0.695082799432175
0.0105693041643701 -0.0247913867571091 -0.845302495967039 0.270391344441544
-0.0514564854975779 -0.0378902498075073 -0.0315404873194346 0.713973471645624
-0.041945853834775 -0.00099450010942332 0.382379898547366 0.280101080427284
-0.0153813333768742 0.00509293767446136 0.207828081727524 -0.0861078552900708
-0.0154913211955854 0.0151915135884155 -0.0726136944575743 -0.204523761788854
-0.003257292074854 0.0308977243258204 0.0693479546611412 0.141964963195618
-0.0146264183694634 0.00117015867588619 -0.141351220759577 0.0436222742305706
-0.0209656227166143 -0.026561303110848 -0.318674629105136 -0.299909622231491
-0.0139639508383464 -0.0495679295401755 0.123085243755594 -0.571733572916099
0.048910885927942 -0.0304251385345129 0.793024493704993 -0.162861072723549
0.0177568804891389 0.0585402088075668 0.617441763613591 0.699965569040319
-0.0243566955529096 0.0374444752473668 -0.117936966124973 0.678631481953953
-0.0267128214723913 0.0220580582418447 0.0494762534260256 0.0737979454842973
0.00617372244523798 0.0568216183201886 0.124984490804498 -0.62905972625448
0.0213159621442518 0.0361245020141186 -0.640317467352293 -0.684075726488205
0.00593010929954533 -0.0234481006691685 -0.84391795715099 0.278011076985014
-0.0511404955277285 -0.0354453034466339 -0.03139553001733 0.714426984854085
-0.0347132945952789 0.00113384104388097 0.384185873528893 0.277922816844072
-0.00870925656650862 0.00845116018791701 0.21294252576709 -0.0889262618480136
-0.0140920867308557 0.017791495906911 -0.0690019218762885 -0.205932157666984
0.000927058324043264 0.0302330492335854 0.0712061007751646 0.144358879630679
-0.00633579380306767 0.00368280171870064 -0.13650516839414 0.0455191262189418
-0.0120277933386726 -0.0214115492154685 -0.317355440104104 -0.29911878073684
-0.0125645148700718 -0.0446059461444677 0.116380177658806 -0.570522827079359
0.0417526861888143 -0.0309669903655607 0.785586954210095 -0.164975924528769
0.0172006042634064 0.0543129011185833 0.619930823263805 0.701806050490474
-0.0201437735377586 0.0351665682182272 -0.113525514390473 0.690572070308784
-0.022615590364316 0.0217019012054648 0.0447826831780288 0.0847933300352914
0.00849053523670874 0.0537302896691948 0.128071779963019 -0.615807123337255
0.0189380349646588 0.0316011591580268 -0.634265384519789 -0.679312528035784
0.00117214654282228 -0.022035838729057 -0.848872967399944 0.274127279610064
-0.0484117943400635 -0.0299910760159215 -0.0386371151191579 0.713772464495191
-0.0260565680521772 0.00497354664644768 0.383995503177179 0.27994860877881
-0.00129800132290574 0.0110104015251326 0.217472209177683 -0.0868803642725934
-0.0113622136960744 0.0180825985758055 -0.0665471697841521 -0.203972668979394
0.00598969135584331 0.028035743345715 0.0709353983622248 0.147934253638397
0.000886322220971215 0.0056265725274735 -0.130270719406582 0.0512250139074945
-0.0026320844999324 -0.0149791295790459 -0.319238724468077 -0.295896757796066
-0.0107816560915166 -0.0364206861173834 0.101638068219966 -0.574658261401424
0.035069758250403 -0.0319154769200574 0.777471807427389 -0.179530871656776
0.0151973289214816 0.0455972979862106 0.631760169860281 0.694968417556249
-0.015422000010149 0.0294525255888485 -0.105992460956729 0.698577751005538
-0.0174047212354948 0.0178016927032377 0.0421192218429428 0.0957986242843935
0.0118534528775878 0.0477746238992301 0.135450717360379 -0.605530439470452
0.0159476987311027 0.0249138262081739 -0.625704671120218 -0.687183890041708
-0.0045785069327512 -0.0211383871982635 -0.861400860219799 0.26196220925906
-0.0462565201704651 -0.0230126907892393 -0.0526793516495377 0.715065050284849
-0.017712971830238 0.010778173564881 0.382290251943418 0.284757579472325
0.00621443640960721 0.013337877654451 0.223744247202632 -0.0831373578451178
-0.00524676982696357 0.016132862977665 -0.066471734786135 -0.201080278676278
0.0122080024163218 0.0243110747742609 0.0691008044923917 0.151635613398583
0.00648788271701605 0.00607783829589053 -0.125448115661936 0.0578397724291318
0.00536420730179897 -0.0072147220774797 -0.32367193873681 -0.289893963615023
-0.00873306725406758 -0.0269355007298528 0.0799088980989486 -0.580563344070804
0.028039969912395 -0.0334703318367903 0.767881805571821 -0.205670854421509
0.0132800095708377 0.0347797260192149 0.646859577567228 0.674603673941095
-0.0112073437344428 0.0194197031008331 -0.0899687930137965 0.704653883968279
-0.012852031550174 0.00983342812906384 0.040840554201809 0.103946485703013
0.014932207022331 0.0376482395434715 0.146344551421317 -0.598378071292402
0.0115237323410963 0.0158067598185892 -0.607106807656149 -0.703943010253615
-0.00968214073804469 -0.0212330459405279 -0.875626843839981 0.239407242588967
-0.0423111463855615 -0.0149969520175272 -0.0752223843353733 0.71000226730376
-0.0105462138875245 0.0176892753654117 0.378058284227465 0.290237527792175
0.0111767780180391 0.0132863849508179 0.228457275473215 -0.075392103310351
0.000957294203677886 0.011431023695966 -0.0674253273420707 -0.195326680052886
0.0182619884886661 0.0203105349468835 0.0659828105364493 0.15626596339872
0.0112340741714832 0.00599315437277937 -0.123198773742532 0.0664568136971131
0.0106751462642564 -0.00105697861727369 -0.328106041406899 -0.281291925410355
-0.00605596599594501 -0.0182927343107109 0.0595814219140162 -0.588489382771683
0.0228982584846519 -0.034550376599373 0.754078156222789 -0.235298516309806
0.00970072342941094 0.0243915152912221 0.66615282059152 0.649144958851787
-0.00738129792774113 0.00793938934504641 -0.0728463892228175 0.70640990424151
-0.00698525104536995 -7.76326906648023E-05 0.0418042403673956 0.109047496580186
0.01726591149946 0.0256976288662098 0.163755247009877 -0.595660176823199
0.00678910078948893 0.00565502170058167 -0.587058357406894 -0.728748954179247
-0.0137140173142456 -0.0213873816987939 -0.885713876278214 0.205471567236118
-0.0393831118620511 -0.00788848360505007 -0.101214821467918 0.70277903666298
-0.00638721646848191 0.0231636276471799 0.370524922827606 0.299605769674956
0.0159195992047685 0.0143681194130863 0.230982194897989 -0.0670687005144257
0.00666237949837747 0.00623230911168406 -0.0708414238795703 -0.189322402368533
0.021711023907295 0.0160267552430638 0.0617081108848401 0.163265344809139
0.0129901366377182 0.00464555713664218 -0.123922091677127 0.0755451347395131
0.0137026587886946 0.00344366808914808 -0.335515842421387 -0.274577110500062
-0.0027547349349276 -0.0113368574607971 0.0395831087934162 -0.593430630145887
0.0192114953264918 -0.0357813399234907 0.740870328366921 -0.266174886508787
0.00692503194582585 0.014359173787922 0.686436516878088 0.618666498656973
-0.00583786136828748 -0.00472824656333616 -0.056682902102938 0.701264942244498
-0.00288828358262453 -0.0113487358816904 0.0453149997738149 0.108770868990132
0.0180834246697891 0.0139910477997063 0.18082444937377 -0.597074151752556
0.00412400767019225 -0.00376532601272231 -0.561669904680974 -0.753778069155312
-0.0155929583204141 -0.0223534576590502 -0.897676233156529 0.170704308219021
-0.0344228332204335 -0.0018680370132774 -0.126372757394358 0.694600427282481
-0.00545596464924198 0.0292040820613096 0.361229287878349 0.306721914606078
0.017159200829872 0.0130599015039589 0.232811959862488 -0.0591048098686009
0.0113758458621688 0.00150739761877021 -0.0750765296993408 -0.183525611838489
0.0239006051020983 0.0110713196934385 0.05931887431189 0.16751754701138
0.0115726931925346 0.00207674965693627 -0.12490817961409 0.0829827837080603
0.0128187478061647 0.00552039331743315 -0.341904743921225 -0.266367872844454
-0.000741889541055615 -0.00684778950732612 0.0234038874882576 -0.601759029652907
0.018456694384815 -0.0377307125515791 0.731000194878031 -0.295092268063578
0.00407942500031351 0.00812111600633595 0.700725091594436 0.590379785221262
-0.00617000103082159 -0.0137466501168325 -0.038256431448634 0.692712710475791
0.000592958199404586 -0.0218236891477073 0.0502102764690164 0.10535483990697
0.018061682049448 0.00442698629763607 0.196111617429456 -0.600044539654661
0.00216121544213932 -0.00996998429742504 -0.541058269708774 -0.781534809728825
-0.0151159965623775 -0.02365181521803 -0.905812581641615 0.137474395125531
-0.0318500696409796 0.00128284200327953 -0.145119670483807 0.687840363829348
-0.00811929460680435 0.0324866108957874 0.354399894759212 0.313096474961999
0.0157172815976875 0.0114854326419443 0.230767858158316 -0.0500986928680748
0.0152447303429548 -0.00304814324360934 -0.0802264884997195 -0.179608175425408
-0.00419162847080993 0.0294203771152249 0.0685987526019625 0.14128013330198
-0.020576352738131 -0.000862123576988673 -0.145787202111616 0.0456359919331566
-0.0277340792163181 -0.0285057142328701 -0.324455747712616 -0.292393070817569
-0.0132067668855369 -0.052763516588049 0.113150913029935 -0.571555695763069
0.0513503795791132 -0.0317125319478101 0.787242318905893 -0.179889878616452
0.0188520654710062 0.0592845531065623 0.621870248941323 0.674809090975811
-0.0253858879129341 0.0347853215449231 -0.101176165782867 0.66274670191401
-0.0278291223597097 0.0176707219407402 0.0553024435836221 0.0616172081304597
0.00425435497634894 0.0539344587091669 0.122502493566716 -0.635592659938336
0.0223117410154468 0.0367484652190355 -0.641881582427539 -0.685214875422776
0.0107525762151799 -0.0238583594240228 -0.834760048986922 0.276044653018832
-0.0510846189121988 -0.0370416640454569 -0.0247607971997548 0.707423521112683
-0.0412237148618311 -0.000710319684940754 0.382206690645611 0.273913937193617
-0.01489854928708 0.00525157072208719 0.205038961358281 -0.0872341843124753
-0.0151232705486115 0.0160590261269994 -0.0734080005623118 -0.201931930309916
-0.00159984550921463 0.0298564630598288 0.0715124698432715 0.141394232179628
-0.0146397961526091 0.00116752248925413 -0.140360673332451 0.0441639574588921
-0.0205074548966554 -0.0260839802201161 -0.320584021594452 -0.294925168362726
-0.013464845435043 -0.0497500480737872 0.116989269919263 -0.566055386109337
0.0478206529620024 -0.0305520559670984 0.784349545761255 -0.168686337566635
0.0185431491962071 0.058465421713591 0.617936987674569 0.68573347776639
-0.0232875974701034 0.037164851201879 -0.110547776109527 0.674858097100348
-0.0268451402404464 0.0210916698939304 0.0501935521310932 0.0730281582990368
0.00662339614322654 0.0555431512768288 0.118865294946453 -0.623173460371925
0.0221544467077647 0.0360125905706598 -0.641783965432229 -0.670849898396359
0.00586452922527681 -0.0228175814395476 -0.834703451289419 0.286486388947952
-0.0509875714569382 -0.0349792962044771 -0.0212404886157775 0.71124771605748
-0.0343384253976391 0.00153205316723572 0.383876021805248 0.271915875273239
-0.00865718132396816 0.00837425796858329 0.209315807757038 -0.0891521279748541
-0.0139022380581419 0.0178020276775797 -0.0704512920229808 -0.203508043210671
0.00199079991200704 0.0297473564456501 0.0723573471658961 0.142603401640137
-0.00704635831614613 0.00395767579111545 -0.133415100141491 0.045728922326843
-0.0113904036566589 -0.0220349992385295 -0.318394607663404 -0.293824894333298
-0.0125031054154687 -0.0443393230853805 0.108427748622117 -0.567247651907525
0.0407370383953944 -0.030344401311528 0.777078124405339 -0.170817733918089
0.017689841105387 0.0534395102850263 0.620773443149807 0.68933216749816
-0.0190970121182426 0.0354547017279137 -0.107288096860923 0.684485040396762
-0.0222110577590523 0.0211220201964773 0.0453640898675152 0.083563722835642
0.0100343653544641 0.053063983207881 0.121411238071235 -0.610269526816259
0.0199605428882164 0.0321028111681256 -0.637472067379016 -0.669812109494562
0.000710031340667843 -0.0219823818233253 -0.839548254067432 0.283099918750597
-0.0490852589013193 -0.0294580678240696 -0.0298601755647328 0.710064536790047
-0.0259117410538202 0.00569421475967537 0.385484188668723 0.273009620137872
-0.000397921125793523 0.0112494287911231 0.214305806349523 -0.0887103091223774
-0.0104381647644881 0.0176731911213393 -0.0684588776241026 -0.202273329047887
0.00719183322736917 0.0270145517559802 0.0729642688469645 0.145461865508734
1.37118215612847E-05 0.00476921764647602 -0.128198478746317 0.0506914788145461
-0.00328068912889876 -0.0145765837070538 -0.320936104488376 -0.290909904103364
-0.0111272687260775 -0.036410724988294 0.0958435808283317 -0.570676471082936
0.0331318478151803 -0.0317218348233006 0.769579414428618 -0.186692230837341
0.0154318055480363 0.0454233221884526 0.632930876547584 0.682714577329677
-0.0147546211568581 0.027892182423913 -0.0985831178778271 0.693862355078991
-0.0182884862522191 0.0176223251755462 0.0424753412101205 0.0938473237348676
0.0119065744845935 0.0463476076989613 0.12887525798573 -0.601689020665798
0.0164471374017065 0.0253207145636752 -0.627415149233577 -0.677513394066717
-0.00519514088517857 -0.0212829999078587 -0.850383099848328 0.268097678741162
-0.0460325475667733 -0.0221296413362284 -0.0439550584818652 0.709564135325588
-0.0180659385432943 0.0110245626665846 0.383643773364087 0.278429807367954
0.00609567016958689 0.0126216763524971 0.220415756772358 -0.0844716343374626
-0.00545017202209005 0.0156387268840932 -0.0679130076398683 -0.198776453819342
0.0132264558861201 0.0239083669151777 0.0701914439574816 0.150266635587376
0.00637121126274126 0.00638005627771576 -0.123966505958243 0.0575925279256342
0.00519031970058807 -0.00789568152325996 -0.325427536913359 -0.284008983389656
-0.00851956582835742 -0.0268454960528856 0.0734195162582238 -0.576624088647395
0.0276763247301714 -0.0334766673851704 0.757833598352041 -0.211363680897052
0.0135205483510424 0.0348848394984606 0.649567727824519 0.660331636534034
-0.0112043027718692 0.0198691491047653 -0.083313732920417 0.698303860405866
-0.0128879870070127 0.0104525652666764 0.0417384659192721 0.10251618593336
0.0156036151497375 0.0369221082951691 0.141093351451579 -0.594990045728471
0.012349499112694 0.0161484939479342 -0.609346162864995 -0.692424367054098
-0.00936377034423994 -0.0204199036258095 -0.864729711608435 0.245901004796744
-0.0421819582779437 -0.0149275128798468 -0.0648809946891707 0.704460818609578
-0.0104652345403926 0.017700705169521 0.377466023489485 0.284291341763061
0.0124992128985869 0.0134682284349251 0.225398984058306 -0.0775244029368085
0.000785672675357304 0.0121238694674268 -0.0685546084976498 -0.192873902647037
0.0182289197685412 0.0195750522064992 0.0674433356902195 0.155987161010223
0.011244008955995 0.00574314315065446 -0.121264712111205 0.0661218536060393
0.0109597798953601 -0.00182319748731266 -0.329920382024775 -0.277362532077959
-0.00495537653514177 -0.0180855241034138 0.054156393889709 -0.582378815885804
0.0217312730421528 -0.0343809510082264 0.745743879124531 -0.239898396129129
0.0104059895555575 0.0243960510289811 0.666766731955146 0.637873921319774
-0.00731093168569185 0.00716097972929482 -0.0648713575717302 0.699053572823585
-0.007060254753438 0.000173776464910482 0.0430424546076836 0.107721048113931
0.0175757036855512 0.0246627612054034 0.157311159398886 -0.591113901814202
0.00799156327240672 0.00556388637320365 -0.587525845238035 -0.717791234994594
-0.0140606791503209 -0.0216995011559555 -0.877866668258133 0.213739584020767
-0.0387135448599949 -0.00728875561027958 -0.0918385250419262 0.697282699788161
-0.00715836994475643 0.0236541252259317 0.370630108575267 0.293496147613827
0.0166222550353179 0.0140328543815762 0.227874240457497 -0.0688701372735367
0.00734424591588567 0.00692320781674775 -0.0720550155443716 -0.187755424540998
0.0225168460433198 0.01483504838842 0.0631264017487403 0.161578646324028
0.0126854564003628 0.0046988590899547 -0.121991808513042 0.0744088187474355
0.0133712939198547 0.00273623939337505 -0.336363839543171 -0.269019347734377
-0.00188901482610357 -0.0111693754907653 0.0322439460352214 -0.589285253485761
0.018465089280553 -0.0352673138719049 0.731690938763653 -0.269293024996083
0.00611204529725469 0.0141193003898282 0.684920724903177 0.607284680765107
-0.00588314063327324 -0.00486203990637006 -0.0472190977653172 0.693331498507548
-0.00262309036011778 -0.0123429158732041 0.0458986942275232 0.107548310727861
0.0189001808948447 0.0134546014079802 0.173278003481583 -0.59280584450465
0.00490495395127731 -0.00267564340639009 -0.565335238768979 -0.7436149736874
-0.0156717510370686 -0.0219398413183989 -0.889170832335654 0.178936640754029
-0.035706841482011 -0.00196505995751419 -0.119874016787496 0.69036699225155
-0.00494851545911138 0.0300414727719299 0.364393468628574 0.299174819181245
0.0180682505041553 0.013152840910824 0.229998278936127 -0.0601501900088515
0.0122156923361621 0.00273348798762658 -0.0760796382336949 -0.180929028818522
0.0241279377116208 0.0108464262346927 0.0601905714731004 0.166148815915359
0.0113732937618858 0.00247602965429034 -0.122723651785621 0.0819891289952039
0.0119605587342529 0.00498486514633559 -0.342810641225093 -0.261737305813251
-0.000435376661806088 -0.0068638345761924 0.0172770372574284 -0.595060968334896
0.0176569065183596 -0.0369937276199992 0.721531978996857 -0.300013469509808
0.00436013871670046 0.00808179997772474 0.700623515624401 0.577967200401458
-0.00590186350920156 -0.0144167139968006 -0.0315248529636602 0.686426038704643
-4.63194989454236E-05 -0.0214566729241161 0.0511379246253661 0.105103500558662
0.0194659426642008 0.00437362374533387 0.190417769164212 -0.596974075542997
0.00221384168229719 -0.00969434961625202 -0.545461572135667 -0.769740528604586
-0.0151962847562265 -0.0229379578598812 -0.896144318809531 0.147375204738797
-0.032308670700431 0.00147959147377711 -0.137157925029161 0.680498213410313
-0.00683409452823961 0.0327015387040495 0.356236605435065 0.307261847649129
0.015937322751867 0.0114015488591822 0.228281177894291 -0.0533253712353964
0.0147878004248995 -0.00303838157072215 -0.0812746791642293 -0.177049590542741
-0.00390412211094397 0.0287518125446649 0.0685547091233927 0.140697030689031
-0.0209596955220509 -0.0012502759054696 -0.143742663645221 0.0446060266611042
-0.0273304404608896 -0.0283457576493661 -0.324585534784721 -0.28802601228259
-0.0134078778592735 -0.0520858769304403 0.106815678358291 -0.565921253187172
0.0503372773563647 -0.0316612342437268 0.778488593787041 -0.185503701700584
0.0191076162030537 0.0583233145065352 0.621407091264315 0.663948173931381
-0.0248579553923165 0.0337515911591503 -0.0971294645083666 0.654922642864142
-0.0274253053868537 0.017855129655821 0.0554079545320511 0.0608199647830701
0.00427653911680252 0.0528443463838709 0.115538404694313 -0.630257614102936
0.0228476639555083 0.0374237447554078 -0.64316556050623 -0.673949240941122
0.010589727723586 -0.0240476258161433 -0.826760383316567 0.280072495028006
-0.051150700541942 -0.0367692339489327 -0.0153818331964978 0.701386048083868
-0.0409975637016582 -0.000436201155733534 0.381542383640863 0.267488543052548
-0.014981670786319 0.00524630561690202 0.202785573840708 -0.0884666030339838
-0.0146175429360379 0.016053090983466 -0.0746816154469512 -0.199844254918063
-0.000410102863288669 0.0292758738717717 0.0708644303878356 0.13979987681618
-0.0151553510683424 0.000726780576040007 -0.137985483134265 0.0436175110949038
-0.0206306953402226 -0.0259905813226093 -0.320844576658394 -0.290442851222718
-0.0127034121597167 -0.0493930155363995 0.110830306101041 -0.561778676416309
0.0463128885836122 -0.0306184440061991 0.776758386440162 -0.175762883840758
0.0186454953700249 0.0580133579466144 0.616050992651897 0.676840321015553
-0.0223867318370371 0.0360724380110598 -0.103812486283316 0.667174644284847
-0.0264586910746647 0.0201722895411446 0.0501902107031726 0.0717018830092968
0.00788460980612574 0.0537135493857803 0.114171980139256 -0.618741939522251
0.0225795682592988 0.0360069822622469 -0.640489686308476 -0.662180971296622
0.00590558625655027 -0.0228638815916669 -0.825744812307106 0.289991463662035
-0.0506002615056142 -0.0343190529817455 -0.0154376708103366 0.703538642678617
-0.0336040226035425 0.00191511543272289 0.384321143423674 0.266781576824495
-0.00877271537990441 0.00880065535975698 0.206663516655132 -0.0900365922185434
-0.0140763922121719 0.018169627915989 -0.0713030998044193 -0.201380985567972
0.00281529048493817 0.028881921087659 0.072678087369675 0.141423691583956
-0.00745287455116391 0.00317556086141755 -0.1321590447612 0.0449954420750396
-0.0116895419520702 -0.0210290328859298 -0.319267611344126 -0.290022245032625
-0.0118751903360722 -0.0443799959147328 0.102755342395042 -0.562758727785913
0.0401684535978617 -0.0307246835721564 0.769165450104621 -0.17420073810211
0.017200412808938 0.0534103107770741 0.619864999224678 0.677970917960053
-0.0190925184876653 0.0344965916022441 -0.100082171132601 0.677923276698567
-0.022955502148742 0.0215035004436181 0.0452823445357452 0.0832436138760574
0.0103842475529754 0.0518550170131282 0.116759912640736 -0.605776325264434
0.0204321819433101 0.0321038900436223 -0.636464713804365 -0.656796467905517
0.000577700086928633 -0.0221784678750639 -0.831471938067814 0.286341653957417
-0.0487773691523455 -0.0284342125969885 -0.0236313638962053 0.702746457232143
-0.0255778298298575 0.00586996212614666 0.384197461270545 0.268028075358639
-0.000810438885196611 0.0110145018042666 0.211342001554393 -0.0885666144766075
-0.00993832392778084 0.0184338284393913 -0.068938420424279 -0.199442352798796
0.00820531477043798 0.0270903636764494 0.0727307282177329 0.144324062946183
4.63352911472944E-06 0.00519949408488263 -0.126028005645023 0.049655075536479
-0.00305825295515081 -0.0146420147287656 -0.32128675078494 -0.28567684662416
-0.0110991339036738 -0.0361861219501748 0.0896207004254495 -0.564717866132833
0.033594828590632 -0.0318297978263479 0.76150429959301 -0.189945535216744
0.0163863387443876 0.0450452830380502 0.631011952688955 0.670148397016307
-0.0148461286936827 0.0283446803205992 -0.0920543105218414 0.686698050884417
-0.0175348904959416 0.0174259168544984 0.0424558710134233 0.0928816969138449
0.0128707503296412 0.0448402741489048 0.122647192979673 -0.596625615009299
0.016342725191565 0.0247697518850018 -0.626001118576636 -0.666344565091401
-0.00486863145175803 -0.0205984314651 -0.84220873812065 0.27399697652168
-0.0453890571947921 -0.0214436309768608 -0.0372475977923974 0.702701698583663
-0.0174375319723249 0.0110364013142138 0.382511428704694 0.271682851216424
0.00670259242157305 0.012934054817022 0.218247985076416 -0.0850714780735087
-0.00447072971691226 0.0160759741676612 -0.0687124442230127 -0.196144024158147
0.0138382782259775 0.0229981905699765 0.071313416089197 0.148387090313963
0.00617774690591362 0.0059798596239935 -0.122861885592676 0.0566694959725029
0.00439933246458683 -0.00759916609442189 -0.325397225125496 -0.279843196410572
-0.00835783037105089 -0.027534655665759 0.0687920603532045 -0.57038987099421
0.0267993041292697 -0.0320297845805066 0.747525729125378 -0.214341393540486
0.0134915979608383 0.0345221295045378 0.646561894304078 0.6515412267036
-0.0100998660602924 0.0189279117753917 -0.0767276164064638 0.694164607621584
-0.0128130663687372 0.00923627447899197 0.0415561246043829 0.101078902351032
0.016311985073489 0.0349496299556127 0.136514716332143 -0.589131450450856
0.0124549236058579 0.0159881681272131 -0.607426527235956 -0.683351042637322
-0.00968975743053251 -0.0200714826537245 -0.8552911425029 0.248558791812701
-0.0421681055263472 -0.014307624261321 -0.0596006714068386 0.699676346136562
-0.0105861100976998 0.0176747166162999 0.378112720964705 0.279334083044376
0.0123484941835316 0.0138193484893926 0.223182661061448 -0.0783511165941822
0.00123407636621538 0.0122553238574809 -0.0696742509470292 -0.191030982150892
0.0191573730214981 0.019158000610986 0.0682668302459118 0.154189755816642
0.0110222496881359 0.0057833580839816 -0.119575463327353 0.0650395628823743
0.0115387748440387 -0.00128641753025807 -0.331268497543155 -0.272499696002082
-0.00473938239754721 -0.0177644770500321 0.0492373134271813 -0.576974413501547
0.020791935391356 -0.0336147551630841 0.737848436208031 -0.242169094857293
0.0101271192262728 0.0235060736935524 0.665926014695508 0.627078496950307
-0.00728623849648308 0.00738635072598855 -0.0611482532336074 0.693827353270705
-0.00764935551097165 -0.000982104431884733 0.0430562668152718 0.106386232317123
0.0180475169853845 0.0245010708176436 0.152228642231914 -0.588736412669663
0.00821568897851857 0.00584409189098852 -0.588002730260346 -0.709503022445757
-0.013898761713861 -0.020358934540186 -0.868181790766288 0.218261050118482
-0.0382829529267145 -0.00758350360814013 -0.0857666553235202 0.692499425892729
-0.00604048121470221 0.0237055042790486 0.370777899903209 0.286176732979136
0.0165614477610765 0.0138728596927731 0.226340791268912 -0.0700565757811015
0.00766472957256473 0.00667218999199124 -0.0737328447597801 -0.185288105191935
0.0225519116130196 0.014634028740039 0.0633960824646947 0.160002767277908
0.011826071565611 0.00429867648011987 -0.119692207539057 0.073325349899519
0.0136617317213715 0.00276901836970872 -0.336879446432862 -0.265136994174472
-0.00218401160726607 -0.0112833629230558 0.0275386518024672 -0.583385137863423
0.0177296549688659 -0.0356626509944076 0.723830361824709 -0.272483447869052
0.0072407252907838 0.015297175520966 0.683644884048842 0.596704815829657
-0.00575757396609713 -0.00471183802343936 -0.0420005622347991 0.689186759169492
-0.00316736118034482 -0.0122321499235171 0.046420915402458 0.105995429871154
0.0183777904568531 0.012049898476216 0.169575206707889 -0.588006829617947
0.00530467105802995 -0.00248522506766071 -0.56584272783454 -0.734565177908375
-0.0160494814047108 -0.0213906993791981 -0.880864542119985 0.185025870817232
-0.0348024532680457 -0.00175245053220533 -0.110598523325397 0.685324078986553
-0.00404537348800588 0.0289165489258003 0.363798089336072 0.294772097958704
0.017397382630094 0.0128810052819826 0.227314966033603 -0.0606921849823739
0.0124833604977108 0.0019489122323501 -0.0766693557937843 -0.179591125152849
0.023965041827324 0.0102651508605414 0.0607727063719474 0.16455710725385
0.0113967490072583 0.00148208092616017 -0.12066892346709 0.0811214769924209
0.012401047869426 0.00485219698189497 -0.341968920174348 -0.256772749063622
0.000708029482696651 -0.00779061361539684 0.0111764997912013 -0.590240922389151
0.0173379385795349 -0.0370915950974641 0.712510494065018 -0.302202783392751
0.00410546761491879 0.00776467050820431 0.696854470665156 0.568401352981696
-0.00601598001576598 -0.0146106589473808 -0.0243280455423811 0.678466997759768
-5.13873063145783E-05 -0.021434270059997 0.0514137187717858 0.102321764559588
0.0190574552064047 0.00185934592590693 0.183689027934109 -0.592367251253198
0.00304278580852472 -0.00867430035492957 -0.54647484009187 -0.760209993435335
-0.0152672245055257 -0.0228573221044222 -0.888134410148287 0.153217936287327
-0.0327774591323125 0.00152510502833109 -0.129248393795122 0.677557683729409
-0.00625478245766945 0.0320425355213306 0.355835827115737 0.301397610599819
0.0154236619850236 0.0109082915960136 0.22560002072239 -0.0538903264966087
0.015283433300276 -0.00290724812490307 -0.0817001265892248 -0.175566146714132
-0.0025739652735995 0.0283112425455091 0.0686712481100949 0.139704681579826
-0.0211999443820479 -0.000780868500667991 -0.142408372587291 0.0451775644708374
-0.0277858533007932 -0.0282059613011985 -0.32491548647619 -0.283880006836947
-0.0135655336991574 -0.0518496660495684 0.103374545299533 -0.561300285400899
0.0492335707568432 -0.031433905004275 0.76998438395069 -0.186964324608109
0.0193600112149409 0.0580307589866235 0.617016595864793 0.653454073070473
-0.024786381752809 0.0340506723067562 -0.0929200606620288 0.649552339279282
-0.0274501124174712 0.0167487741305875 0.055665352730908 0.0600729839803363
0.00489951707923419 0.0513768975968552 0.112228846603134 -0.624241963335943
0.0232406005461428 0.0368018029629081 -0.638592526989263 -0.663254606161966
0.0104330365958153 -0.0237817263480658 -0.816662391131435 0.283794401194265
-0.0507177288056836 -0.0360957328175955 -0.0120615713429408 0.69281337999003
-0.0400977172252247 -0.00057915143966265 0.379253452177872 0.263466182519989
-0.0141779961752359 0.00526543407641263 0.199329961135214 -0.0892822057864487
-0.0147182371339414 0.0164958558948182 -0.0752594468820633 -0.196949869908813
-0.000166340825279161 0.0290325197478602 0.0709694644411261 0.138430441877085
-0.0147742975222033 0.000828247188244681 -0.135884043708779 0.0427306878631956
-0.0198773625155736 -0.0264039485432572 -0.320474659134562 -0.28573323262645
-0.0130343148564447 -0.0498843640024411 0.106691330715216 -0.557273545383436
0.0456899490777587 -0.0297386274654168 0.768024698442851 -0.176569610441947
0.0191151841087491 0.0585937935136205 0.614576555803974 0.665978154199587
-0.0225640013559543 0.0352436388417122 -0.0989111559895773 0.661544465676865
-0.0259319486023489 0.0205214456612822 0.0508905738116276 0.0709942313279909
0.00821102452648639 0.0527114292266736 0.110039841140208 -0.612309156204765
0.0227347352095773 0.0359919712505286 -0.638445006403725 -0.652415863740696
0.00612078482666183 -0.0226270399787622 -0.815841515884561 0.292558570259846
-0.051273013211588 -0.033055317856956 -0.00976927999364913 0.696234750113143
-0.034113235330377 0.00176710274092764 0.382932799758158 0.260806128224328
-0.0084195069523637 0.00841860081450831 0.204014052730007 -0.0905859585141207
-0.0133813101354963 0.0185924473875316 -0.072006042563372 -0.199633123589392
0.00336907139940996 0.0290501681062579 0.0730170679525179 0.139748331634268
-0.00725930032667013 0.00354237188685241 -0.130705621615658 0.0441406325658332
-0.0120620854250982 -0.021851845899418 -0.319928791875825 -0.285657433943163
-0.0123832880411795 -0.0437731735899099 0.0990379041579886 -0.556958817151853
0.0390650933784926 -0.0305014434113006 0.760318501717046 -0.17740903048728
0.0176597335202445 0.0532630718212935 0.616196748389948 0.667571085214323
-0.0185831361584536 0.0340042508907955 -0.0953887240319685 0.671668149174884
-0.0224751167209211 0.0205688439624639 0.0455040428943487 0.081268494758415
0.0114670750371044 0.0502636781104144 0.113253158645072 -0.600407601934089
0.021239946389175 0.0317656758602246 -0.634076449457727 -0.648192572611071
-7.33548056806171E-06 -0.0220582424758526 -0.82211208384525 0.289361184185407
-0.0490559203940684 -0.0283508823291101 -0.0178470560011779 0.696064484891228
-0.0255984741866424 0.00623374957397354 0.381717066843802 0.262896174209845
-0.00147971191605659 0.0111771401891162 0.210023017294118 -0.088596473720059
-0.00979944974914596 0.0181833403802075 -0.0687879761244715 -0.197003565654822
0.008922753929316 0.0262881963430318 0.0731706711947241 0.142705892653188
-0.000161798318357318 0.00531792444453513 -0.124867900664052 0.0488614376537304
-0.00356823801443451 -0.0151766809777693 -0.321672976344556 -0.281526245982604
-0.010550511936443 -0.0353719059135539 0.0858153446192651 -0.559437166082985
0.0322927360349123 -0.0312158737618055 0.752872941464026 -0.192534718587914
0.016147052229382 0.0448536969944282 0.627558212667359 0.660008143654992
-0.0138763578573092 0.0276043859729004 -0.0876951285412157 0.680450133577545
-0.0179562760912768 0.0167637291564095 0.0425619061617706 0.0913078118151317
0.0136304280279598 0.0439965750558508 0.118460048768436 -0.592236049828551
0.0174988072119189 0.025036040257389 -0.622674655994666 -0.657096633101387
-0.00493254550680385 -0.0201168911087953 -0.832869759706615 0.27734505958574
-0.0452531015285178 -0.0219249264274065 -0.0323949454087617 0.695995809076662
-0.0169366029189451 0.0111753761722211 0.380373520625067 0.268601892116259
0.00672099944706188 0.0129709546973383 0.214311671445629 -0.0856909448400343
-0.00500718668361376 0.0165207782882644 -0.070104265360387 -0.194192360968436
0.0145527028652767 0.0232036251220628 0.071099096930546 0.147635369500787
0.00598751643893127 0.00585131517145021 -0.121120800945625 0.0562691910272658
0.00402451926230517 -0.00846254718964951 -0.325497138473746 -0.275110595342814
-0.00751993317756023 -0.0272175148908444 0.0638794678670863 -0.564893602449087
0.0255327572303725 -0.0323316330763456 0.741540066527784 -0.216691044345664
0.0137540598014214 0.0341033097359693 0.64324750613579 0.639339975900259
-0.0107710603506455 0.0181479504107265 -0.0726921911300788 0.685706075742736
-0.012887532380624 0.00876389684346962 0.0419514752526982 0.099503090953595
0.0159007425093991 0.0344664455174412 0.131669863145023 -0.584970556220343
0.0136971659060398 0.0158824027909418 -0.605910136060769 -0.673982346979391
-0.0101162798267023 -0.0194467311658061 -0.846209145490178 0.252338796984422
-0.042160914466448 -0.0142766019909971 -0.0539979770488375 0.690988140062419
-0.0101218775750479 0.0169201394174973 0.376473032693931 0.273789948406154
0.0121121102060922 0.0134662571253758 0.22010964316072 -0.0783238052922479
0.00147265104191131 0.0124820209587511 -0.0704494187850049 -0.188671980772193
0.0195385576097464 0.0187906166391393 0.0679927275609266 0.152443992215741
0.0102766171463063 0.00510153453182889 -0.117059643130076 0.0636885622957672
0.0106215768305962 -0.0022784061410217 -0.330027142479419 -0.268131488818386
-0.00475233939361219 -0.0186024251834961 0.0445621735429752 -0.570100561120694
0.0198843494549054 -0.0332107950208796 0.726545163146519 -0.245772334515401
0.00993002803547611 0.023578255353212 0.662294231133675 0.614889913007585
-0.00693120130816935 0.00671641475469711 -0.0558093782467614 0.686557386543568
-0.00779332534129801 -0.00128791784325933 0.0438959265222623 0.104602237596075
0.0175449032518645 0.0230287267178661 0.148667091569358 -0.581311830119518
0.00898940121730566 0.00667384742911167 -0.584568042795154 -0.69737494102384
-0.0138245796468573 -0.0196214243285951 -0.859813991048502 0.223257008729833
-0.0379882178130379 -0.00744589332905138 -0.0807021826311678 0.685978873094169
-0.00569660919719003 0.0233621247215927 0.368992932581644 0.283014584613826
0.0170654780593698 0.0137656848376634 0.223125700886038 -0.0711475889796613
0.00750583471309751 0.00662018102867584 -0.073851098755137 -0.182382331697937
0.023379863482766 0.014240784200628 0.064193568193192 0.15747498747332
0.0119112193673124 0.0044296070568993 -0.11775941796257 0.0725143831619542
0.0127853541165352 0.00258602940877199 -0.335738422772148 -0.260884748427689
-0.0015241688537819 -0.0114724680144858 0.02382978596847 -0.577318128541363
0.0168739277303415 -0.0342362299674513 0.713069460055415 -0.273806748669678
0.00697749219877894 0.0144025182200903 0.679380823235942 0.584805012329646
-0.00521271548331811 -0.00560017731992165 -0.0376148815765677 0.680203864061284
-0.00325459854876658 -0.0121526124661614 0.0471560331674624 0.104656227683178
0.0187322653940385 0.011527491053588 0.165265045753214 -0.583550195100698
0.00476096645931531 -0.00195637972570582 -0.564812221128096 -0.723787709464011
-0.015516437606616 -0.0206656519739088 -0.871095669754778 0.190613095503122
-0.0340794332856091 -0.00146886089159174 -0.105157016886052 0.678895263157108
-0.00445630454128106 0.0292818594098235 0.362969023900094 0.289319389295303
0.0171677767438627 0.013150316831631 0.224151790857115 -0.0627878097975941
0.012390895403279 0.00241392897451588 -0.076746159218562 -0.176885764191488
0.0251574792727447 0.00960431747914778 0.0615219772283782 0.162431255141982
0.0106147868678494 0.00133649988563683 -0.119720221421332 0.0798250578405334
0.0115934782805866 0.00410676920250999 -0.341497071943511 -0.252658439958846
0.000618657601214806 -0.00770055899149711 0.00661658285627435 -0.5839684489923
0.0165384416157123 -0.0367618870348833 0.704132652648676 -0.303103693228384
0.00441219279434537 0.00813612823233024 0.692111163698964 0.559153121814559
-0.00536675031075597 -0.0143194040505347 -0.0207634694678045 0.673805773701812
-0.00102662230281875 -0.022014260557101 0.0516331367756347 0.101333037763068
0.0192474059852962 0.00185177785760134 0.178798473889748 -0.587959172570634
0.00378883431576524 -0.00817180204568727 -0.545093637860856 -0.747921369898005
-0.0147206544271157 -0.0219761083075077 -0.879840783527367 0.157111632872283
-0.032044807006407 0.00218321072736599 -0.121812943467153 0.671593883058703
-0.00652030677818707 0.0326996319060916 0.35632842835706 0.297284497376897
0.0153745500255869 0.0113994833981989 0.223608510381929 -0.054808168912046
0.014799121860214 -0.00281707343384149 -0.0821043889389301 -0.172822613154273
-0.00209924977546656 0.0278446683371565 0.0687345530733895 0.138178207527148
-0.0208014482024281 -0.0011434204178981 -0.140441647929645 0.0435253608386909
-0.0275494229389445 -0.0277589359611125 -0.324419824658939 -0.279604086291977
-0.0127709063622079 -0.0521366463706051 0.0993620951291964 -0.555446932588454
0.0489300342282145 -0.0310586041783302 0.76193451433021 -0.188961410417121
0.0198273395709064 0.0583477501217354 0.614684651719979 0.644572572863949
-0.0244806875627159 0.0327727928743948 -0.0886340054821631 0.642958057398793
-0.0270764791411255 0.0164396117555099 0.0549701869943169 0.0586235548439751
0.00554093167875242 0.0502564354731667 0.110525204420964 -0.617830882343441
0.0235663415807998 0.0368582535668608 -0.634797749094282 -0.654734105421926
0.0102156195389239 -0.0233514699245946 -0.806092833369549 0.283709734384018
-0.0510979792363065 -0.0354519533158073 -0.00876558577163977 0.687494427929701
-0.0396064328943218 -5.99509301226868E-05 0.37758373646725 0.257866389257733
-0.0142059560660018 0.00488066754259051 0.196947721909097 -0.0877970829172188
-0.0145771610740686 0.0160366244141567 -0.0748518080217081 -0.194781018363362
-3.98571840909637E-05 0.0289350434021053 0.0714006029776015 0.136901631906528
-0.0146885912372063 0.0013999128828215 -0.135209445769369 0.0417749736745534
-0.0207979985108487 -0.0265965550163672 -0.319436105540954 -0.282304847111082
-0.012563566898866 -0.0492608074407701 0.10362476041681 -0.551469610944834
0.0443302345966871 -0.0295135698109301 0.758837871876432 -0.177999372006549
0.0195329084293247 0.0569945160941644 0.611486258611308 0.656572378526376
-0.0219691844481746 0.0349977411046512 -0.096225110547449 0.653043808399147
-0.0254667870070475 0.0201878927224111 0.050098941158912 0.069516530291041
0.00809380225487722 0.0514964068852823 0.10785028569948 -0.606139027038184
0.0233671717152531 0.0360638533955252 -0.63431401080635 -0.644447347554253
0.00517159086058551 -0.0216071453164467 -0.806623670482769 0.291956211838603
-0.0501786279019238 -0.0329034021433324 -0.00607780872329479 0.689995388408943
-0.0329276531316687 0.00193876553251569 0.379175980811109 0.256626747870858
-0.00755482249578876 0.00906131625235794 0.201357852338517 -0.090523451884475
-0.0124462115922663 0.0184201019538245 -0.0713788456764792 -0.196348484001688
0.00387837231726195 0.0282559473159331 0.0724242863300629 0.138064082165862
-0.00715797440483453 0.00320461380267935 -0.128959463639132 0.0431917740979221
-0.0120886742892204 -0.0212824173596477 -0.319167318141359 -0.28231373395787
-0.0114674697887793 -0.0439358674183841 0.0946134082211127 -0.550591635252912
0.0383126466362801 -0.0295546822364119 0.753057257956806 -0.17863764141061
0.0185088507252852 0.0527110966029258 0.610787987127942 0.659355695016517
-0.0178881322554446 0.033039918522067 -0.0928316938019302 0.664594496204527
-0.0225722892642043 0.0202589924537433 0.0451437222993217 0.0804727453364993
0.011375535606069 0.0485434483311797 0.110166924071029 -0.596018659808061
0.0215794104614083 0.0317985807988243 -0.630108950320057 -0.640858777454371
-6.25486844794184E-05 -0.0209927624345742 -0.812912234335442 0.291693643066689
-0.0494556745417685 -0.0279416034790076 -0.0133606384709411 0.691808152473648
-0.0252648835568725 0.00600410450293257 0.38044702615167 0.258346974401385
-0.00103758174971779 0.0110767754002182 0.207454492089769 -0.0895583711537139
-0.00863046579573897 0.0180722379236179 -0.0699288598190659 -0.1949967361032
0.00955382448960294 0.0257866547616535 0.0737573942874304 0.141654635554644
-0.000339838133152719 0.00494727432700794 -0.123659771507914 0.0479902346129022
-0.00359060376585011 -0.0152968324915699 -0.320467284689031 -0.278336384347316
-0.00969878361683174 -0.0360042179489324 0.0822066074796954 -0.554311122862083
0.0315367638610707 -0.0309219798808659 0.744637780267943 -0.191560915932637
0.0165627116836073 0.0443690449222122 0.624273299105654 0.651989468038315
-0.0138801069715689 0.0270213981405355 -0.0846702338309636 0.673910085369477
-0.0181277925932716 0.0165698596772062 0.0428291762543194 0.0903543999492249
0.0134867556652049 0.0425775506641969 0.118021725565056 -0.585688015050675
0.016754169830631 0.024937865721962 -0.622113608615852 -0.646731736181903
-0.00564174480057503 -0.0200107680031672 -0.822726409940792 0.279327247534792
-0.0453785863044301 -0.0214120113908267 -0.0270320420136648 0.690776080552975
-0.0163970294901652 0.0112646031324133 0.378599687587336 0.261841787300708
0.00647874925136 0.0128620407067207 0.212364076769188 -0.0856300397828484
-0.00399551810463423 0.0167527207346348 -0.0697496781828447 -0.191687575287676
0.0146437085596649 0.0225558071697906 0.0713539138239168 0.145788003567005
0.00577275656968106 0.00525614881795946 -0.119249137101987 0.0545094095794097
0.00368186966293927 -0.00815740121974093 -0.324226108633724 -0.272382912553482
-0.00720215475958987 -0.0270795878637142 0.0611169290519965 -0.558957341019395
0.0250001148530562 -0.0324085130527092 0.733184869266623 -0.217198913031452
0.0139641662779911 0.0346030261680723 0.638516454098695 0.632425010892195
-0.00986619613912316 0.0179615179571392 -0.0688690983726786 0.678918533688142
-0.0131116357680255 0.00811763082498584 0.0423379636361336 0.098506511738887
0.0157808900357589 0.0333949397201542 0.128990379324563 -0.580966530089435
0.0133975520587749 0.0160145657004176 -0.602928820067796 -0.664826266852199
-0.0102965433866061 -0.0201393741696485 -0.836390948378588 0.253311818133961
-0.0417100481422944 -0.0138582012823434 -0.0482494882542715 0.686103006719175
-0.00963099883030167 0.0169451282259458 0.374628765005693 0.268789881368594
0.0130411153396008 0.0133992445541672 0.217258650875232 -0.0783360588086389
0.00162633263886516 0.0125195547170225 -0.0704957933973624 -0.18616736695612
0.0201325438007234 0.0172194588514381 0.0691547212116534 0.151576095375804
0.00957497105636699 0.00512404974597375 -0.116748293542794 0.0627081380851334
0.0101048625734741 -0.00257455783986066 -0.329355208533433 -0.264657940702001
-0.00424056425039256 -0.0185582639425507 0.0403501500154673 -0.564254617347089
0.0206484760716047 -0.0331528042527547 0.719648196510737 -0.244020746861848
0.0111038713436061 0.0240603674140484 0.65866430739804 0.607025519526748
-0.00681460494971527 0.00668065063077025 -0.053047333027784 0.679939976592996
-0.0079027249927816 -0.0014629215125845 0.0437752103514473 0.103755304017529
0.0181016189834645 0.021909892378 0.145540726072564 -0.577055041165152
0.00930417050017057 0.00669436092494104 -0.582539929860849 -0.688952919726708
-0.0141073684000132 -0.0194362755827786 -0.849943653505111 0.223531258554953
-0.0373016439298095 -0.00687934844469168 -0.0749919609075237 0.679071260352841
-0.00591087001559089 0.0231324858233402 0.368529657857939 0.277017916840797
0.0166029062456079 0.0132330462384493 0.221343524553148 -0.0708352022221565
0.00769444062798233 0.00737556966250799 -0.0732983021863244 -0.181253441670076
0.0233646908056197 0.013169589772673 0.0642025340264874 0.157191514586521
0.0114418819297538 0.00362341574710452 -0.116412266191657 0.071252280663607
0.0123789767799119 0.00191908976075479 -0.335650564697177 -0.25741452459575
-0.00152536122094988 -0.0122968601740859 0.0205868318796147 -0.570894702328358
0.016300757503358 -0.0346002917290014 0.706010913205827 -0.272753759288313
0.00701638786930798 0.014325417343827 0.673973517482877 0.576512928106834
-0.00605969941322718 -0.00586852158467393 -0.0336437079009349 0.675481428437863
-0.00373389327411713 -0.0124143581361416 0.0466937932433752 0.104113175434387
0.0188719268989939 0.0104965848044293 0.160148746497943 -0.579980589361695
0.00560406423379852 -0.00215679285287131 -0.5619361085948 -0.714963933381364
-0.0161942209080053 -0.0205732585344578 -0.863591395467024 0.191200085301059
-0.0341724035945417 -0.00170593937074161 -0.1006858017476 0.672360865456573
-0.00392502536036776 0.0289703337380473 0.361165971525069 0.285147263801832
0.0182571246142771 0.0131199910271437 0.222192868297082 -0.0629729946394959
0.0121687268159597 0.00225124846183509 -0.0767607717148679 -0.174666040404395
0.0256474129933106 0.00910317089271106 0.0616159267996479 0.161440076282823
0.010215625803727 0.00123713244069358 -0.117650155680563 0.0783604265434732
0.0115992235690183 0.00395412870423036 -0.341377629495222 -0.248894082793265
0.000882895965939386 -0.00840201063239767 0.00333116342948952 -0.577573491138686
0.0162309320688891 -0.0360934621327099 0.697579020928372 -0.304367861482423
0.00488517638764394 0.00808468929696821 0.68794245078431 0.548322257415453
-0.0060064683302351 -0.0152596798249468 -0.0176960758839356 0.666681942100334
-0.00148187990313459 -0.0223368908066496 0.0508787885355849 0.0997490235513478
0.0195857014531648 0.00140345858850653 0.177215127468386 -0.582572583046431
0.00367570873067708 -0.0086265116560453 -0.543103406374653 -0.740133286331433
-0.0147230337243585 -0.0210829835082641 -0.869805306488422 0.159550145512829
-0.0321730156117786 0.00207107018755437 -0.119155231429844 0.665261015983811
-0.00554885825826651 0.0321012662046476 0.352847963563433 0.290690382176354
0.0161660710977312 0.0102117325260934 0.220467093001443 -0.0549093081059669
0.0146629257877593 -0.00270666101061375 -0.0821629535048211 -0.170565279155486
-0.00258957141330682 0.02567852998855 0.0611080615991695 0.141338247620945
-0.0197870291986763 -0.000808843064554084 -0.140494819544573 0.0357926263481332
-0.0281866403623906 -0.0255459345991837 -0.303414358072239 -0.290224362643849
-0.0143133301062636 -0.0513054484797557 0.122147209570274 -0.543356829218688
0.0425845893597706 -0.0343228933514152 0.755125522577963 -0.153420316988428
0.0194041844055313 0.0535950937269067 0.572998035269859 0.655224081405942
-0.0266315444497558 0.0361912027023094 -0.112542798161666 0.631662302498326
-0.0286236765673663 0.0144318913662262 0.0524166968744204 0.0601778243032209
0.00471019307684788 0.0442214745364404 0.130404815113333 -0.606069774199293
0.01645830870324 0.0360794550056348 -0.605851444210197 -0.665854424761257
0.00644261926724576 -0.0191421030408927 -0.805212714981354 0.249524487316518
-0.0454309341545761 -0.0254042249606803 -0.0383672161050127 0.671589845791025
-0.0347632746099339 0.00257424641423763 0.356207401245783 0.270381977925654
-0.0106598743815871 0.00430964245432001 0.199029463038998 -0.0765892841527671
-0.0163711084258135 0.0151222778576881 -0.0616168976645774 -0.195726289702476
-0.000643707950160427 0.026927659164719 0.0640029066056663 0.141043015228208
-0.0144766184489891 0.000610451662194489 -0.135205194475467 0.0333158329530407
-0.0211527114026503 -0.022887347441617 -0.300486179245417 -0.292415816728948
-0.0144194262375807 -0.0485686202662311 0.124821198591453 -0.537224783427454
0.0383926808804299 -0.0336299853031601 0.751574280310876 -0.143786719200729
0.0199712304223637 0.0525548242788526 0.569419054317408 0.66672610463155
-0.0249183696253518 0.0387749511134383 -0.120205159060409 0.642481219297762
-0.0270312496185933 0.0182795547057009 0.0466395562257442 0.070064294501091
0.00673988610435362 0.0463032055492624 0.12689356899937 -0.596187873235349
0.0161522537420156 0.0347109890625911 -0.605762295993172 -0.656052255771631
0.00219396908262188 -0.0177609229872634 -0.803671509212847 0.25859569060164
-0.044934146029119 -0.0227153631884335 -0.0358785922600343 0.675028757292064
-0.0276944522544148 0.00556630036196801 0.358864984316428 0.269081270578952
-0.00454320428892977 0.00753970486850328 0.202484096653199 -0.0783364047644023
-0.0148513590172638 0.016818776436316 -0.0586496422153148 -0.197024624515712
0.00391179250625193 0.0264676377294332 0.065049496877934 0.141941195882723
-0.00711379654529232 0.00441560463817796 -0.129372013626551 0.0351849357197329
-0.0132745321802644 -0.0178282388011262 -0.299385183261648 -0.29283917161336
-0.0140145473695414 -0.0436098558624548 0.117942044725477 -0.537323739939114
0.0323812780611589 -0.0337829293974745 0.744758097487935 -0.145825823492471
0.018481494509161 0.0477004484643783 0.57101026378621 0.669524729787918
-0.0213772113022886 0.0378655524118818 -0.117559120560137 0.652979600492727
-0.0233044185596361 0.0183971504248375 0.0419875622092489 0.0817715436537143
0.00969221852125114 0.0441257520816948 0.128969057876075 -0.58461085266039
0.0134476418110246 0.0308508583810624 -0.604600587784629 -0.651680171606215
-0.00350568499322313 -0.0162335668041459 -0.810697142862787 0.255249583791891
-0.0434105489850499 -0.0180784938115358 -0.0449506598033307 0.674965399685159
-0.0202377883678895 0.00935718333855256 0.360664439026762 0.269870542669519
0.00261385703494551 0.0100472873734678 0.20773018560081 -0.0768187621345444
-0.0115954817125101 0.0173842015069135 -0.0562278293409311 -0.195707550677347
0.00962214512047058 0.0244225260885713 0.0660987131724212 0.143770268876922
4.25651772561803E-05 0.00574275364962075 -0.123731942077708 0.0399755716890081
-0.00544656770725788 -0.010969710011041 -0.300672055114302 -0.28844474733346
-0.0131119514387782 -0.0351331407411225 0.104760251622584 -0.541285550573693
0.0261355267069908 -0.0357534449672768 0.738697426392874 -0.160085697225403
0.0172818694202959 0.0400536134781063 0.580998597193576 0.663497180563344
-0.0170999166470444 0.03204369484559 -0.109903774347829 0.661399414325682
-0.0193574791486607 0.0148836972851466 0.0390706612966274 0.0905287830789307
0.0127868039155341 0.0379491071256288 0.135734150067398 -0.575990108925508
0.0109887355496858 0.0231678907346165 -0.593284360369328 -0.658354444028677
-0.00825650850168057 -0.0157146265195286 -0.820588824791972 0.24122001194567
-0.0402871805285286 -0.0109501395220678 -0.0585347111699605 0.675013233963757
-0.0113035472305896 0.0153062351724992 0.35832750753001 0.274416660827175
0.00951905205904716 0.0122490974357227 0.213339063787851 -0.0727269528783393
-0.00569190675819555 0.0149123476577736 -0.0575691633348677 -0.191951811177978
0.0148209620799757 0.0212818043673235 0.0630715607563705 0.147184302522839
0.00666413446724369 0.00637236433819082 -0.12068000996948 0.0477747993053676
0.00192002230881973 -0.00337032101625058 -0.304737726395972 -0.283405368467162
-0.0109278520997755 -0.0262787056531668 0.0846906368867941 -0.547424568408249
0.0189052647191585 -0.0365939886371499 0.726320082685517 -0.184439387892606
0.0155316673597651 0.0294616431738692 0.598246428194974 0.643878165066405
-0.0116041830731767 0.0228383475185651 -0.0936343948028224 0.666059245182839
-0.0133318404776251 0.00764300758707571 0.0378649708574525 0.0983307589209205
0.0161348946373247 0.0287356042916733 0.148338128077995 -0.570262182454228
0.00689790406653626 0.0146413129135372 -0.573029864908708 -0.675213941378507
-0.0138350943247195 -0.0157172797086966 -0.83370652344481 0.218984261188732
-0.0380664984542834 -0.00331415064670402 -0.0782880975922063 0.671788608133098
-0.00504323742066329 0.0216039637568292 0.352062312445485 0.280966140116584
0.0157466703686074 0.0132798746849769 0.217756308159038 -0.0663026221238226
-0.000154248701216839 0.0114816572833069 -0.0569000677654088 -0.186225628290255
0.0205324555063213 0.0176307316153833 0.0604468118216276 0.152928806395708
0.0106942631890357 0.00622984300463334 -0.118215779683617 0.0546805989464418
0.00713179285862087 0.00231348462635813 -0.309394953067892 -0.277203994081811
-0.00839373687772437 -0.0174184378288321 0.0670720813366544 -0.553276702499917
0.0135640194691181 -0.0371201868464278 0.715848163509623 -0.211724522196521
0.0128146598742534 0.0188775874899685 0.616475644540884 0.620290238931882
-0.00828737716828923 0.0107314449413166 -0.0791000018025994 0.668293396675131
-0.0075439521330642 -0.00278078703436999 0.0389943102936369 0.103365099970365
0.0178498521600567 0.0166597888428026 0.16312565911384 -0.564200418115668
0.00351632006212913 0.00367674119357923 -0.552981547723639 -0.699755082467752
-0.0167127555406588 -0.0165898944122277 -0.844666252156684 0.187958702520258
-0.0347277637615563 0.00378965549306571 -0.10214540043957 0.664736568714997
-0.00108066194100912 0.0280356099126463 0.347048732868064 0.289327182948744
0.0197224765725444 0.0133409646091475 0.219356747476312 -0.0574388025554912
0.00584991591917226 0.00654299204180321 -0.0610038101867737 -0.181181197588265
0.0241895390734742 0.0133066056133325 0.0564062361482103 0.158529513082539
0.0124351661750042 0.00501060440418352 -0.11798207536446 0.0623727088347901
0.010139303170479 0.00744488716892974 -0.315012153873651 -0.270919059330215
-0.0055839591179151 -0.01054513610148 0.047233731772911 -0.561215375161812
0.0103550238482361 -0.0388509028509305 0.703733804783186 -0.239489725998606
0.00952899057929561 0.00906807901625291 0.632978925785694 0.591171761911732
-0.0063846144684462 -0.000886207477902964 -0.0612869254072847 0.662793819652689
-0.00319463921295614 -0.0131315387528367 0.042203798575644 0.102821396172586
0.019934107845064 0.00517497941725963 0.180302317433004 -0.566084818473992
0.000963630183384544 -0.00483778111029982 -0.532113737949319 -0.724057834903344
-0.0193633004905544 -0.0179770533168519 -0.856194176159432 0.155188171951659
-0.0329519283267975 0.0092590264036408 -0.129158335126348 0.655948307835993
-0.000585542660019228 0.0335795817905742 0.338357216165861 0.29668436201332
0.0209823245520987 0.0126704665933576 0.220787170448769 -0.0487876752945225
0.0110643256617467 0.00159837866585327 -0.0646401357661772 -0.175756453273101
0.0264112487300621 0.00853069153117152 0.0523779621017807 0.161728834593974
0.0109808221531373 0.00264959870771924 -0.119882377217275 0.06994226349737
0.00908557582702331 0.00944191988347325 -0.321416166489647 -0.263480426866203
-0.00312221851510604 -0.0067493869375222 0.0324481824420244 -0.567220104092699
0.00972887845857998 -0.0397642664047885 0.693615701553472 -0.268146343097661
0.00708746541313533 0.00337622088306965 0.648088336267698 0.566849716746567
-0.00623306505228911 -0.0097983746028324 -0.0440882364091311 0.655352023197401
-0.000246755323299566 -0.0222766424558432 0.0478145881904707 0.100143309945961
0.0206901043968158 -0.00356961833612217 0.195533121168123 -0.570747214052582
-0.0023808376149317 -0.0111209378314391 -0.512860773663319 -0.748767001824527
-0.0190233835802449 -0.0190330626904919 -0.862399789250489 0.123140546101079
-0.0301168493590856 0.0124415625262835 -0.146256258093438 0.649082616184866
-0.00278911625708069 0.0366753528625253 0.331221756135835 0.30338456031921
0.0189809919956718 0.0103926591886188 0.219565117189806 -0.0422749866153343
0.0133456696938624 -0.00266579542053375 -0.0699999017370901 -0.171073346812429
-0.00176324941765868 0.0248400806084852 0.0609724465671755 0.140072913619242
-0.0199434315296991 -0.00210424780934708 -0.140193205152406 0.0339507106655469
-0.0282934082135963 -0.0256490861736474 -0.303598633350106 -0.288068343147679
-0.0145232876496036 -0.0510027461460055 0.121535458063372 -0.538394293280514
0.0418853745321286 -0.0346659404045155 0.748587015031429 -0.151911457815077
0.0199691191923813 0.0534912177399143 0.566457696204622 0.649694997155767
-0.0270152494275033 0.0355813821019117 -0.112232013789467 0.62579592538141
-0.0283735291448937 0.014514763308153 0.0513369034891974 0.0593372810057538
0.00465210541986016 0.0435168750931801 0.127895959438755 -0.602406257284629
0.0162609518590887 0.0353447324045726 -0.600544076715392 -0.661101484289033
0.00676767508551086 -0.0184688001675093 -0.798747582227521 0.248463140155386
-0.0447886890791872 -0.0251215666732402 -0.0356123444468551 0.668339747682961
-0.0342029581604966 0.00295787741957503 0.354381579354976 0.268090856568772
-0.0112238256270137 0.00421599374474801 0.197048243286398 -0.0761942523836579
-0.0161315939164593 0.0149505407810019 -0.062182107079721 -0.192923947553232
0.000366518604773888 0.0260490236084643 0.063286392729516 0.139952255740818
-0.0139258680925092 0.000518689713534426 -0.134285457195023 0.0321007850612921
-0.0215244400936449 -0.023503753177778 -0.299349840719872 -0.290264835763749
-0.0149457114858955 -0.0490200291422521 0.122518428058189 -0.534217899627614
0.0384983684128673 -0.0329735692795955 0.746400729819276 -0.142020043398037
0.0200404726107773 0.0519867442066298 0.561069305287345 0.663140175624219
-0.0250253135034032 0.0381084322186184 -0.117450331965471 0.63469475701845
-0.0274206566332411 0.0181019680916592 0.0455123349868256 0.069223918201609
0.00666533244494774 0.045893240206536 0.125473163988772 -0.591940177809609
0.0164033403284668 0.0343014512443398 -0.601129376262948 -0.650788568964808
0.00291430823999648 -0.017508353722453 -0.797560589225398 0.256933406497538
-0.0450875995919964 -0.0225622870086313 -0.034965622396477 0.67003884623199
-0.0275175925772644 0.00465333069608604 0.356256896541987 0.266771830309518
-0.00451687562996962 0.00752633227595534 0.200417910111011 -0.0770661643701776
-0.0145815056581805 0.0163461151465536 -0.058906471253935 -0.195111535713955
0.00437822349557893 0.0258829419907307 0.0649028268852516 0.141198077880928
-0.00744254954632684 0.0028738385531817 -0.128539838533695 0.0341266769766153
-0.0127076650286597 -0.0185538560838029 -0.297780161004145 -0.289712864943518
-0.0131908909957621 -0.0434275594354717 0.115955240992301 -0.534559732525717
0.0322059113268796 -0.0348565760745108 0.739966908406136 -0.144035871001713
0.0191459993240463 0.0476741490633128 0.564981869441897 0.664572082549226
-0.0207118945256205 0.0360380454968502 -0.116581290225321 0.647727289120334
-0.0236630006361447 0.0180670940991727 0.0413097063345326 0.0799725002187147
0.0100417588302356 0.0426964369714112 0.12719498928735 -0.579560153912502
0.0146467188686214 0.0300569577223818 -0.598350005617377 -0.647903657750041
-0.00304758510006482 -0.0160141585946334 -0.804504315068267 0.254594896431065
-0.0438972850054477 -0.0181677825169606 -0.0432861078145215 0.670531213260935
-0.0194160327935719 0.00914205447412608 0.357325049184006 0.267531719513214
0.00233102834803573 0.0103732721568493 0.206112776202892 -0.0760585392798284
-0.0111580370419995 0.0175784236764169 -0.0563851724408806 -0.194037432151279
0.010401362485186 0.0232198598257361 0.0643894034314482 0.143147878841488
-0.000570476573346131 0.00583796813929587 -0.12292346615374 0.0387145021167756
-0.00451130300510106 -0.0108945291564699 -0.299826703925051 -0.28732643191088
-0.0127048844742221 -0.0361243521549708 0.104132101124736 -0.53777298490918
0.0255047894198275 -0.0346030123186988 0.731429630132153 -0.156923465401298
0.0179733531295621 0.0392599427061714 0.575835052567978 0.655270212890721
-0.0168937943245975 0.0305473483703531 -0.108459358168989 0.656139634127785
-0.0191906921900333 0.0140510220777881 0.0381996714216453 0.0898991690664707
0.0129182825140502 0.0366078353985941 0.134336716513252 -0.57132506510847
0.0115197795882298 0.0236785499355518 -0.588082284536935 -0.65266583375597
-0.00889693338199939 -0.0156004745614762 -0.814614931760201 0.241539331337182
-0.0413855497318896 -0.0110775643749939 -0.056016239088241 0.669251772651842
-0.0116691438751448 0.0142927512985921 0.355636002782019 0.273568810064282
0.0100485183739332 0.0122056893776929 0.211094777015971 -0.0719972152109725
-0.00593225505821987 0.0149493829617731 -0.0569003587957759 -0.190175072177039
0.0153748714400664 0.0209009277261811 0.0625847940435611 0.146841643986692
0.00575516376312778 0.00630008539331235 -0.119396328303211 0.0447666416993571
0.00209487349452893 -0.00363422152468701 -0.302873560925627 -0.281605240215105
-0.0104465314427802 -0.0262877351067737 0.0839491885850376 -0.542928880506962
0.018522023161997 -0.0358870090659665 0.721428320815666 -0.180858654538507
0.0151895635917246 0.0293076271568177 0.590947899616186 0.637737564888847
-0.0118372184565376 0.0216813750898962 -0.0934462805993492 0.660168981174433
-0.0136699714055097 0.00749751133927585 0.0373225060276876 0.098029049344944
0.0158593138197571 0.0277403752018783 0.147693729890352 -0.565145231967427
0.00740797508094788 0.0147386168746891 -0.569540928152852 -0.669577258717959
-0.0130651520587431 -0.0150253993194313 -0.825899895227959 0.21745178133889
-0.0374322530142897 -0.00373301249864785 -0.077754129600315 0.665100977750389
-0.00519165829737444 0.0212841860715364 0.351637462507081 0.278527235524126
0.0159160977096021 0.0131838477499799 0.215048572073383 -0.0655829412037785
0.00026206021809091 0.0113041793716672 -0.0580010035995459 -0.184695757238036
0.0208991188115043 0.0163314508617976 0.0595887584119277 0.151450287289059
0.0102393380459148 0.00611244092685772 -0.1176286720402 0.0527600366334274
0.0075600249975093 0.00302416434500344 -0.308018411702417 -0.274454909998321
-0.00754875082087942 -0.0174891007343326 0.0657437743913746 -0.549672343378426
0.013715293656816 -0.0369690037677098 0.708526777296866 -0.208708597158084
0.0121551363623559 0.0180561641490196 0.609328388156786 0.617099153280672
-0.00803649423416245 0.0104448294202948 -0.0776338707793411 0.660396977006608
-0.00777052307614016 -0.00287745710628891 0.0392603674154593 0.102174614226564
0.0184647442949161 0.0160567333505089 0.162293241083887 -0.561102379365063
0.00336312839257657 0.00465610485103568 -0.549252751314319 -0.693398966680342
-0.0177808107889918 -0.0157080559625806 -0.838447971938597 0.187833793209119
-0.034908260567204 0.00298455490203058 -0.102101018147401 0.6588504160067
-0.00108009073437891 0.0270682242057696 0.343707134733387 0.286669296344867
0.0195267441017258 0.0136635970330483 0.218288452938818 -0.0572643722082077
0.00579018944553915 0.00662542470592836 -0.0600354418563151 -0.179361813329517
0.0244376946190993 0.0124904102670367 0.0555640823120397 0.156990657038884
0.0124204509593619 0.00436665491854805 -0.116520714984839 0.0605897133238047
0.00933043490254756 0.00733198242155584 -0.314652141796628 -0.268605421754281
-0.00471174840935154 -0.0110667267185092 0.0470952522021167 -0.556628975264231
0.0101261059858746 -0.0380577875751869 0.697070510302095 -0.236836742758487
0.00973689222387823 0.00935968233930001 0.626855115498721 0.586759004485833
-0.00606435054140176 -0.00108294317881532 -0.0602721561068364 0.656471195991988
-0.00333329730976238 -0.0132160469684355 0.0422083627894184 0.101950988438001
0.0198913697259821 0.00507722753103435 0.179743909549995 -0.561909669218795
0.000357997360906349 -0.00481473176509604 -0.529105519902193 -0.717313960699139
-0.0192801601941781 -0.0169559131622214 -0.849908375652273 0.152344827146972
-0.0324105211973173 0.00936477266722444 -0.126357451430949 0.650328656164162
6.4618004881261E-05 0.0333289448641248 0.336938761023612 0.29421449476411
0.0212476756539659 0.0124935076671146 0.219636344753097 -0.0485515646630069
0.0105758541748831 0.00189825561274935 -0.0641624433276815 -0.174166600512525
0.0272415138726311 0.00862121308085395 0.0527275929543903 0.160384196747438
0.0111231678974154 0.00217925131425052 -0.119225081634644 0.0682047365587267
0.00854416832270623 0.00908495947817765 -0.320347718633279 -0.260721227857223
-0.00312349302011738 -0.00723923518744978 0.0314712194712439 -0.562855135994912
0.00924115620365949 -0.0388670484019574 0.688912905949115 -0.265398040423371
0.00658529034454087 0.00254425497706263 0.642127034700101 0.560690716654456
-0.00578454265668303 -0.0100027285210544 -0.0446424378598637 0.64923783049664
-0.000481305336661066 -0.0228162036980788 0.0470612183742368 0.0985911969871408
0.0208610879716699 -0.00402188469573478 0.194875138243045 -0.566569618139298
-0.000433292742977317 -0.0112094403688189 -0.508680665781943 -0.743174697830651
-0.0192355793630106 -0.0184858398201568 -0.854614445763251 0.124796127554971
-0.0304437893848958 0.0120052218068474 -0.145838348948652 0.643010098559501
-0.00267557233022555 0.0362382366779877 0.328686680004628 0.301487605018316
0.0189430674926614 0.0107327722292312 0.218454892805007 -0.0407411744266775
0.0131448033640289 -0.00293574441096606 -0.0690553300201711 -0.169907824437347
-0.00182753900248729 0.0241393284796257 0.0604450630733628 0.139384814912845
-0.0203762169736933 -0.00227527396164315 -0.138911205450928 0.0319511035746687
-0.0282522108256348 -0.025222313425418 -0.302483136460245 -0.287315862438993
-0.0137186848637067 -0.0511439239760624 0.121409425213109 -0.533225450745184
0.0413836621931097 -0.0338061863093877 0.744665575639671 -0.149833960444749
0.019948607352296 0.0533124639878845 0.562135246604288 0.645407950302566
-0.0266957268759451 0.0348880854625221 -0.112315222582031 0.619430924746332
-0.0279886880594454 0.0135545439568914 0.0509401002928175 0.0586012651869126
0.00485865374454117 0.0427630309288178 0.130018309606186 -0.598590182175307
0.0175876597267293 0.035598751372074 -0.596315862547332 -0.657367760253097
0.00647569340943669 -0.017981214449484 -0.79333838418947 0.246015436321382
-0.0446730738097754 -0.0257366330620654 -0.0370326836349066 0.663307195211398
-0.0335989812018326 0.00227104705304396 0.350998762226427 0.265928410953029
-0.0108912851183035 0.00386411405377893 0.195689734184364 -0.0742067112663032
-0.0156361260428097 0.0145548305564559 -0.0614008434865379 -0.192449835338238
0.000534162370680796 0.0253654363094507 0.0627409449417545 0.138765635592708
-0.0145206942650398 0.000779610462756323 -0.133353475508983 0.0303011033521018
-0.0214818991862461 -0.0232624080459334 -0.297481158096114 -0.288859101595038
-0.0136456081174922 -0.0482635747218174 0.124920346743472 -0.530244933618034
0.0372445837922108 -0.0333000568062818 0.740178940890027 -0.140885538370226
0.0197433473325139 0.0520849362131891 0.557869424229935 0.657649953683647
-0.024695068419694 0.0369815757696397 -0.119099091574683 0.629463401722781
-0.0268755395248548 0.0178394020905829 0.0452979791741151 0.0693806340175621
0.00723629759975385 0.0440891496626338 0.128149636617622 -0.587014016831478
0.0165207256989394 0.0345327800726633 -0.595353119317104 -0.646835346893708
0.00196598104671328 -0.0175359715749328 -0.793597959214771 0.253541913477411
-0.0449838044593208 -0.0224346780285952 -0.0354339732950014 0.665878152606851
-0.0271156506185702 0.00488501560892602 0.354131285059612 0.26516252471794
-0.00507032897649718 0.00717904642007262 0.199531475246424 -0.0759563253684438
-0.0149604241132828 0.0166571931657459 -0.0580630095780521 -0.193742960875571
0.00500590374210411 0.0243710400264906 0.0640759238834026 0.138618715741908
-0.00754347412719604 0.00294783342610416 -0.127891543887263 0.0322532889730526
-0.0128618379806533 -0.0180445059420692 -0.296976722903353 -0.288509622543289
-0.0137486701333211 -0.0432292149591446 0.116089679261798 -0.52845546439987
0.0315790212983737 -0.0331598361022534 0.734253971485192 -0.140442156802844
0.0188825421963205 0.0470792790872063 0.557506040881481 0.661201032641255
-0.0211203776940519 0.035172145075794 -0.116935885469983 0.64167537909968
-0.0238937597636316 0.0180156589341904 0.0409594371639962 0.0788420144069573
0.0105611311363622 0.0420968167861829 0.129297306485737 -0.575606132812434
0.0145313629059778 0.0300628257425421 -0.592613185541225 -0.64399368633852
-0.00288148544621838 -0.0158572751558055 -0.799370156835901 0.250489956110529
-0.0434637991641237 -0.0180639218658952 -0.0420720846016354 0.664556050217094
-0.019374087359158 0.0092703486494998 0.355162154178625 0.266240409192676
0.00279679530585569 0.00915900221978003 0.204244819593093 -0.0749293303642765
-0.0105412431643235 0.0168792466331641 -0.0560293712456822 -0.191829249808953
0.0095977383759774 0.0233076177039779 0.063522306963892 0.141854961130726
1.63724315090023E-05 0.00491791537625512 -0.12284976876933 0.0361795379516704
-0.00540810550088369 -0.0111457486586433 -0.299048497984129 -0.286251403366123
-0.0130577257731575 -0.0358813868340995 0.104564386662707 -0.532175987568127
0.0246441512965558 -0.0352622464709033 0.726782567412905 -0.155158860017662
0.017966023215377 0.0387817728974682 0.569302576608244 0.651756357821546
-0.016745247516552 0.0296952775173709 -0.108625518322045 0.649621429862331
-0.0193698783483752 0.0136347978673011 0.0387576518332307 0.0891231505570784
0.0132642010456819 0.0360230289202199 0.136797752118246 -0.566348362290371
0.0122987784198178 0.0236263445455902 -0.581340111143425 -0.649843347018594
-0.00838527794745584 -0.0159528199343124 -0.809897333930939 0.238222521100302
-0.0412808407526701 -0.0105663939062612 -0.0555154745406015 0.664815060901876
-0.0117721180006273 0.0147836071448968 0.352839822502017 0.271699305534165
0.0101004537096203 0.0120820618765965 0.208924449752104 -0.0706307191627362
-0.00579323227260869 0.0147959616799796 -0.0562964068834746 -0.189089811198664
0.0160941971440204 0.0198845642719389 0.0623130551976446 0.145445326691412
0.005450515670083 0.00643012282356828 -0.11866283422351 0.0432539025432725
0.00117181255874865 -0.00369507370494327 -0.301988562219723 -0.279805018357223
-0.00982517159791571 -0.0264594349716254 0.0843049497862648 -0.538177835492983
0.0183624380855011 -0.0355429059079195 0.716608614176757 -0.177101141314468
0.0153787195898725 0.0292744191887813 0.587028721805222 0.634312850027602
-0.011598680073096 0.0209772214925806 -0.0949385026234252 0.655301559966236
-0.0139981536273118 0.00668319088963613 0.0377934947673277 0.0971403793278904
0.0158620734319726 0.0269361058242417 0.148665976114101 -0.559696437699974
0.00798547255612602 0.0145506865337615 -0.564387829956933 -0.666115703928649
-0.0136458375203028 -0.015134570518332 -0.820499672992418 0.216655056845336
-0.0376707272880002 -0.00373370179189908 -0.0765985632679082 0.660705062831258
-0.00559750231154411 0.0208870918965526 0.349489185626329 0.277948045791957
0.0156148883163485 0.0131481901045694 0.214274174528563 -0.0636039892388897
0.000437725764581795 0.0116687143149389 -0.0573349137976688 -0.183723048385521
0.0212300132414098 0.0159493380931127 0.0598485151918341 0.151314318893064
0.00940010017332508 0.00582532939912198 -0.116853552104136 0.0515373345964043
0.00712261875839347 0.0022572158852705 -0.306156577898797 -0.27366531063794
-0.00734770463892379 -0.0179927842210309 0.0652328289496734 -0.544268118713444
0.0131749538977981 -0.0367245109222156 0.705167603010819 -0.207033888650285
0.0123629582756525 0.0187132082950695 0.604105635033788 0.612785181487824
-0.00812189720567914 0.0094832636877039 -0.0775006494969475 0.656520063591656
-0.00771456749455954 -0.00305723800140042 0.0385232758134973 0.101137057124891
0.0177814627323319 0.0159457292732177 0.163938309868114 -0.555877690665557
0.00445607518038357 0.00458469258773642 -0.54377809205229 -0.689344155816987
-0.0172491073431349 -0.0156130478948734 -0.832494075968441 0.184646006450732
-0.0349686768750594 0.00318859940608208 -0.102050016837391 0.654501087084738
-0.00102609573680221 0.0275326386480986 0.34171773433739 0.28500699191339
0.0193616620603679 0.0133533772364948 0.216944285791689 -0.0557450213171832
0.00586052813023288 0.00646491149644463 -0.0601957286151473 -0.178251409459899
0.0248329407913263 0.0116235753661792 0.0546236008439592 0.156045068520714
0.0109039542389399 0.00442228691515103 -0.117492842311313 0.0585982333677937
0.00959433231918234 0.0064801461020371 -0.313946494018775 -0.266785335388363
-0.00435855639769904 -0.0119552039712561 0.0469614234501424 -0.550909044971316
0.0110840848398464 -0.0377133956203116 0.692387440488475 -0.234521499777388
0.0096832756715918 0.00943543712938094 0.620854386330642 0.584075354264136
-0.00606805328792841 -0.00193948982155985 -0.0621229577994869 0.651502248326378
-0.00329211106387664 -0.01403510938006 0.0421253882632762 0.101589464343133
0.0198201536975703 0.00353392140175282 0.178990478877254 -0.555869806574602
0.00167305899724318 -0.00462336505242157 -0.522724936223523 -0.715014257459253
-0.0195005599410107 -0.0168345077458306 -0.844627201166186 0.153025566269158
-0.0319636292353509 0.00838987723403007 -0.125654839841565 0.64553705340186
-0.000188035668411891 0.032747930591016 0.33388109242433 0.29351120424096
0.0208803641930172 0.0133485181791555 0.218118784599268 -0.0479552273555532
0.0101006267026195 0.00170088104863391 -0.063312371548429 -0.17268938140143
0.0270652138168607 0.00693552109745622 0.0514012294901946 0.160348261369022
0.0109705712550197 0.00191038122819582 -0.118447443439752 0.0660735973300189
0.00828711736164232 0.00854526931933861 -0.318616798373136 -0.259147069543793
-0.00235347314580022 -0.0082081601769928 0.0297754799276419 -0.557323289915332
0.008790174032546 -0.0392436785683752 0.682654610952136 -0.262144525973548
0.00729308739459337 0.00363484397864523 0.635333748562854 0.557751946767938
-0.00599041857444636 -0.0104169459937573 -0.045391434256777 0.643394326841878
-0.000722074537800148 -0.0230682361635959 0.0462293262086132 0.097543901011884
0.0211249154655807 -0.00484223947956031 0.195091479306638 -0.561598114934572
-0.000250929806403552 -0.0105169274210017 -0.502862979862682 -0.737546213385004
-0.0189788987769895 -0.0188028138444474 -0.850212001486978 0.122025667941673
-0.0303156437129664 0.0120778149398547 -0.145127576949238 0.637471093956701
-0.0024774305855869 0.0360718680991735 0.325998655022706 0.298308868457952
0.0187635710188655 0.0106327393849669 0.21662840610644 -0.0399152897099469
0.0130111009151064 -0.00255730083096485 -0.0683609806174855 -0.168524830684428
-0.00142890858504653 0.0237248075139879 0.0601925335895147 0.138895561537628
-0.0203964947003993 -0.00228779179583823 -0.139175969723307 0.0309555672316518
-0.0280387242258383 -0.0258739571493729 -0.300573081975606 -0.286964261744638
-0.013643520617917 -0.0518243108190422 0.121507317512774 -0.530486986582611
0.0418712296684944 -0.0339034229528203 0.740611197701913 -0.145849096860195
0.0200520617008882 0.0524219488693647 0.556755102471931 0.645442620403201
-0.0266840172444179 0.0337665746652094 -0.113836582323022 0.615609463420299
-0.0290223056952631 0.0134077727666898 0.0512797331597976 0.0584811796533467
0.00515724693154747 0.0413468799340934 0.131353344209675 -0.59288178402015
0.0178585783220485 0.0356194045953599 -0.589899830186948 -0.657571104230528
0.00667164207079741 -0.0169873215330278 -0.789941960326546 0.242032036955616
-0.0440649733217024 -0.0251575000125659 -0.0367096842269781 0.659845570890483
-0.0341480422302435 0.00198003464270608 0.350696247294052 0.266934329272436
-0.0107764623744581 0.00317759039561296 0.194342848961336 -0.0731150435943894
-0.0153421908095815 0.0144625169484214 -0.0598794899901519 -0.191505419261374
0.000348720010542149 0.0249267044850797 0.0629816233844197 0.138414965335622
-0.0146193326085509 -0.000103427994459887 -0.133867210963313 0.0280752608366751
-0.0211211983264785 -0.0231849238485311 -0.296920275968302 -0.288214495854338
-0.0134152168533885 -0.0489931076297512 0.125108399796744 -0.525646454745995
0.0376005410705342 -0.0323829454308454 0.736988882836927 -0.136288074148246
0.0200922735566344 0.0516599794832141 0.551578629148724 0.657346856772766
-0.0249191940718342 0.0358341401832319 -0.121013925153691 0.626576673117481
-0.0269640852951194 0.0165218451570979 0.0450354803873177 0.0683170063481535
0.00655353330882808 0.043786820175323 0.129766540293134 -0.583956139075956
0.0169371754795052 0.0338942847021664 -0.59114725249898 -0.644846580010662
0.00229682047654202 -0.017052505688696 -0.789799832350396 0.250332708636953
-0.0446267210623929 -0.0228998371901515 -0.0357861829340923 0.66062643426091
-0.0268103977061906 0.00444475010863806 0.351243146410926 0.265169713588466
-0.00460996743745812 0.00653465528973407 0.198300595250986 -0.0749522966055126
-0.0138118658021192 0.0171611688727122 -0.0567813285302243 -0.19316675099591
0.00488798935499275 0.0240217759534957 0.0635579102201581 0.138518817221897
-0.00792361038415845 0.00295512709288928 -0.12794915280343 0.0302689435615403
-0.0135348747384594 -0.0178348361454264 -0.295941427309029 -0.288585310017945
-0.0128169490465044 -0.0436207735143856 0.118326140286609 -0.525765139594759
0.0317673273417265 -0.0331285278195849 0.730906257519649 -0.137321110332798
0.0191629167954865 0.046868330225216 0.553805353822767 0.657567442747257
-0.0211739660221451 0.0344584713191389 -0.118742738894343 0.637240225227796
-0.0239968454098158 0.016758036721943 0.0404189776287274 0.0789458079352226
0.00986994703647873 0.0410962928781619 0.131218356191147 -0.572517553075197
0.0156178016343334 0.030270993562468 -0.587086140136153 -0.641800875664714
-0.0032139370264546 -0.0159075565508655 -0.79619437877678 0.246127003083111
-0.0432812885541493 -0.0175479712409232 -0.0438720818520018 0.661372537075853
-0.0190698298270659 0.00946655002332216 0.353499750851193 0.266957945736991
0.00271838162461738 0.0101391888581755 0.203273931330237 -0.0738277610513797
-0.0100381319390861 0.0171985953570894 -0.0550357442025229 -0.191713307830337
0.00988498774359473 0.0223600907999715 0.0639167882866876 0.141592854601989
-0.00131596013480801 0.00509693725259837 -0.12272313762422 0.035062373547969
-0.00545453975495008 -0.0114222312691155 -0.297398176757541 -0.285023814130765
-0.011969076438301 -0.0368613149584426 0.104680346473022 -0.52936351192975
0.0245735684648516 -0.0344953080233309 0.724505562486746 -0.1516307436288
0.0177205557509427 0.0390959626474636 0.564049566900218 0.651097066166468
-0.0160497276678286 0.0288620781350987 -0.109139327379095 0.644973808167707
-0.0191395156708865 0.0129834566194856 0.0371542965137226 0.0886238615869683
0.0125634010504377 0.035593436124491 0.137114277838669 -0.56423725244678
0.0121141518632776 0.0236163308560634 -0.577359181716558 -0.650537902276329
-0.00844977747493814 -0.014780684267036 -0.807256164124769 0.23371498435553
-0.0404554755952037 -0.0108680163110465 -0.0580687321512946 0.661426087863085
-0.0113345721169836 0.014220285269209 0.351686267601634 0.269932578976014
0.0102636290216787 0.0115919227106834 0.208252699920655 -0.069171324814611
-0.0057273416552461 0.0150816757208309 -0.0546654713239568 -0.187916440181792
0.0157616641799084 0.0191410817527319 0.0614887447877286 0.145274132423207
0.00481347263460596 0.00553647913047248 -0.118842306236104 0.041437166373324
0.00136983323300177 -0.0045939857486086 -0.301238318371809 -0.279826352555134
-0.00970583986754829 -0.0271670348854397 0.0844344416119197 -0.535434496398489
0.0184244709298635 -0.0356571867981245 0.711606834922149 -0.174984804418414
0.0152342475762328 0.0289932353233679 0.578620441618807 0.632124571336982
-0.0123983231230819 0.0204679511757224 -0.0960481202579727 0.650072960594477
-0.0142759909684318 0.00627996298512687 0.0368414733263784 0.0961213178730285
0.0155567527789112 0.0259319106085244 0.15012364024473 -0.555584980686274
0.00894023112595124 0.014547751690471 -0.558547357645264 -0.664813384048289
-0.0135270972450208 -0.0150383637300498 -0.818164340124475 0.211360969713613
-0.0374514949784114 -0.00350248454855214 -0.0773401163901041 0.657218064978991
-0.00523667854685489 0.0210515144232879 0.34637493529424 0.27740465870717
0.0159102322582867 0.012960170843585 0.213458661359177 -0.063110946790785
8.42133660514249E-05 0.0117332824856495 -0.0562604013603755 -0.183303965783001
0.0215282373256776 0.0145762930712549 0.0582011920914666 0.150246880623143
0.00931810088838396 0.00557998848032925 -0.116574721425126 0.0495872217086582
0.00625073500001777 0.00166304205090594 -0.306548920012123 -0.27315880326632
-0.0069255306165592 -0.0190409706200183 0.0676518947090812 -0.541000286774547
0.0128933105637933 -0.0366074639119192 0.702158279445098 -0.201958803347268
0.0128741892822952 0.0183010602860631 0.599106955633319 0.609959682779802
-0.00876795511351709 0.00936031074240723 -0.0804318078862798 0.650765511353068
-0.00822227889893043 -0.00320745803252218 0.0379836408172919 0.100961456259089
0.0182710716550364 0.0149249557604832 0.165069492761543 -0.554847598977304
0.00487470135592422 0.0046675385941358 -0.538948470473676 -0.688170410422772
-0.0171902649437113 -0.0154269857644428 -0.830133929358809 0.181064652421074
-0.0346741840404118 0.00295248356349716 -0.102282386379936 0.650437428254072
-0.000937090495029939 0.0269675656409638 0.339566371144668 0.285071392100478
0.0193244671987423 0.0131314566373605 0.216587123225281 -0.0546834279116517
0.00584856408849093 0.00697588125765287 -0.0582235152209932 -0.176961814386121
0.0247939944661105 0.0112867622511403 0.0537177612884792 0.155269090084461
0.0109178039849847 0.00417051614295507 -0.11669215099038 0.057019876718089
0.00905545411389155 0.00649818612881221 -0.311731464704788 -0.266513313805397
-0.00467848802058551 -0.0116843391242469 0.0473523338350607 -0.548200450727112
0.00954031159698126 -0.0377419679810135 0.690637823570064 -0.231553207362764
0.0100788812606859 0.0094679363146028 0.615710487706535 0.581047523612005
-0.00635318857096646 -0.00196867967461522 -0.062897112717358 0.647347701036125
-0.00365011358409104 -0.0135402604601137 0.0409761042458715 0.100941823412755
0.0199215144044858 0.00374531918270405 0.181590910640436 -0.553706704058663
0.00202140064592161 -0.00360653620254197 -0.517747057009196 -0.713337926457229
-0.0198304207136746 -0.0166602653793633 -0.839217243883935 0.148298397609614
-0.0320727740211582 0.00843099394275476 -0.12634674835055 0.640940767903312
-3.17898739861724E-06 0.0325670743545171 0.333117276486485 0.292961256699026
0.0202625093229102 0.012224414443456 0.216912883411471 -0.0464117908685202
0.0105816798141239 0.00201712264656701 -0.061942065696012 -0.171536758701808
0.0273162136418335 0.00733584540910094 0.0507909610801314 0.158862692902175
0.0101198116076535 0.00157291793696286 -0.118484822462769 0.0645282742448092
0.00767956308619693 0.00842488997259947 -0.317730326438757 -0.258166753183641
-0.0020589060207322 -0.00801685259445067 0.0324801894168297 -0.554961002221711
0.00954664480642113 -0.0388847181123064 0.680000127431937 -0.25801147440047
0.00717163624284718 0.00310043821782921 0.630209533662893 0.556311904217876
-0.00642209841328533 -0.0111185567158599 -0.0468101916364946 0.639918679740324
-0.0011170174847659 -0.0231719532298851 0.0458642455196576 0.0985667347994206
0.0207310990817963 -0.00548106125966634 0.196334315604413 -0.557329840211642
4.19298450177082E-05 -0.0104323518456889 -0.499783830936261 -0.735006116099637
-0.0185982050540482 -0.0179800717546628 -0.846181236078209 0.118085646479194
-0.0298010548479672 0.0116873698603769 -0.143738856804246 0.634259814176824
-0.0026067289061663 0.0358298006502304 0.325128158557089 0.298626490177358
0.019058657026787 0.011067921201217 0.215223787320739 -0.0396953441173444
0.0131122973936491 -0.0025888759506579 -0.067622334713205 -0.168120247623068
-0.00121172607508509 0.0226576746108745 0.0588210117257147 0.138206434373978
-0.0206545461281399 -0.0026477144087558 -0.138757872246281 0.0290100794382952
-0.0278627755879142 -0.0264274605261048 -0.300397917138602 -0.286222339834932
-0.0131795768850367 -0.0512715015514768 0.123320760296048 -0.528479680556729
0.0408922062710715 -0.0330604826113755 0.738252921839629 -0.143055312481388
0.0194815067995299 0.0522424713519408 0.552457092897502 0.644153314559801
-0.02681926841663 0.0331872339357486 -0.115728516738807 0.612850697282782
-0.0285796014372549 0.01265545189846 0.0490561042834957 0.0583383325522128
0.00447919384364114 0.0406759850365695 0.133790843154015 -0.592523392099074
0.0176723662635969 0.0358926204180152 -0.585457357712607 -0.658360776361151
0.00664120268918823 -0.0179303139576219 -0.788655865728174 0.238155001158684
-0.044863957269688 -0.0254376088948921 -0.0387729529493253 0.657885923057297
-0.0334208956306182 0.00150200294928133 0.34807269096357 0.266344032250642
-0.00966382180063881 0.00319130539782347 0.193367231242362 -0.0714586015619132
-0.0157427457174157 0.0147902292837691 -0.0592058321102725 -0.19163802409876
0.00133966581343733 0.0240845641945614 0.0619303590335723 0.137583474398675
-0.0147173331105813 -0.000350429052949797 -0.133429635931066 0.0267966092001618
-0.0204051168011505 -0.0232434219332255 -0.296606507748123 -0.287999956147093
-0.0127928566952778 -0.0492121670909362 0.12713282420423 -0.522826915102932
0.0376659147088951 -0.0325251581689892 0.735499327130109 -0.133300165906817
0.019216944951417 0.0515732958812589 0.546823153763224 0.654457330176187
-0.024718794616328 0.0350303530988299 -0.122574098519044 0.623788307903236
-0.0273742555295856 0.0162794007647055 0.044197629703772 0.0686041660510376
0.00681336501750526 0.04260156040763 0.131588353840664 -0.582347462865236
0.0175187852227592 0.034920801107664 -0.587669202025814 -0.645526203358666
0.00236121067244426 -0.0171774401426838 -0.790610512702737 0.246725822152847
-0.0448995426611502 -0.0235010341116108 -0.0379685048150325 0.65937167194001
-0.0271585585919584 0.00469279550181178 0.350052177542632 0.264477671782763
-0.0047491105833769 0.00659358919652873 0.198320324560442 -0.0734474948848831
-0.013826832898399 0.0170365889419742 -0.0559109128057135 -0.192132951318151
0.00500499722162823 0.023975119420072 0.0623075460475871 0.138922356253153
-0.00889934055334782 0.00247026810139952 -0.127510002323158 0.0294085195968762
-0.0134428139143353 -0.0180308429641268 -0.295915741759491 -0.288094221630795
-0.0124809734907066 -0.0441314743839638 0.118879795311962 -0.522831624880744
0.0316637115421384 -0.0322479795798051 0.728601045350537 -0.134316773172792
0.0186634498371834 0.0471260047551148 0.548513706949399 0.657818015784611
-0.0209661899899679 0.0338737703808888 -0.120615156371224 0.634620890466239
-0.0242347480310235 0.0165387114439449 0.0391281217255228 0.078133019058732
0.00997544525641537 0.0411055341861265 0.134254899989154 -0.568731605990143
0.0156834368381938 0.0304295450780988 -0.583365519526999 -0.642612352982637
-0.00291161334830647 -0.0159657689284626 -0.79595654210044 0.24332422274131
-0.0434296518216299 -0.0185736569947143 -0.0445185906238331 0.660454494696788
-0.0193433829754863 0.00848902010976616 0.351729661177968 0.267122842687618
0.00293372406169621 0.00905089350024477 0.202827134289744 -0.071413525593501
-0.0104736140491891 0.0171374756250333 -0.0540011277114747 -0.190785868587568
0.00971925547014862 0.0219740372471355 0.0625951173030432 0.140796815424779
-0.00113140265377507 0.00449864085700614 -0.12338979953628 0.0330682829701007
-0.00572638158181805 -0.0119562306576297 -0.297048157596021 -0.285057138790644
-0.011637224356712 -0.0360234886377737 0.105790625738615 -0.526292776432266
0.0243909095876511 -0.033701638627219 0.720717708137563 -0.147557163560604
0.0174759227048615 0.0385542881701886 0.559409078984959 0.651083554922395
-0.0170027559905937 0.0286558133925116 -0.113180431164388 0.642898718352202
-0.0199887953201355 0.0131429186220775 0.0366285807011906 0.088565336955502
0.0124045788703505 0.0352217866724307 0.139878165520593 -0.561439566450745
0.0128201489366531 0.0233592282353327 -0.571803425174906 -0.650831653381752
-0.00794373345046933 -0.0148705197841907 -0.803848708679651 0.231701639227975
-0.0406772311893195 -0.0111494697031704 -0.0590520930464246 0.657482339901694
-0.0119941715452745 0.0137819286390928 0.347983400082181 0.270970659121529
0.0100105550552175 0.0110831423061138 0.207999425391871 -0.0680339664310323
-0.00563531068852423 0.0147453988127093 -0.0540754382093318 -0.187040689394358
0.0155876340501408 0.0186180638277963 0.0603796681908192 0.144665469091926
0.00450508756451111 0.00547839035533366 -0.119180089110606 0.040258032432679
0.00137680720961584 -0.00422735204679694 -0.300191233208322 -0.280054338247072
-0.00942715175076884 -0.0276472534200366 0.0866070650627239 -0.532497009454363
0.0183321952181046 -0.0344415932283499 0.710732865445492 -0.171641863395257
0.0153997291993804 0.0290854771267911 0.574543666557195 0.63032091494937
-0.0119437885136041 0.0198194500523105 -0.0974142703697467 0.648191059123186
-0.0139124204466934 0.00589257681866769 0.0361156654426777 0.0959005999889201
0.0159049363659535 0.0255096734381018 0.15194000431622 -0.554016402609242
0.00891944917652056 0.0147551883697717 -0.555257642311766 -0.664666822241733
-0.0132244820075702 -0.0153219769448583 -0.816403090883158 0.208074670875024
-0.0377570249127168 -0.00385330996659653 -0.08077733285691 0.654770769787932
-0.00512056981165703 0.0203308766830719 0.344566111391411 0.276887663488634
0.0150855852183002 0.0130281989892758 0.212924159177128 -0.0615749152792174
-0.00017712610446727 0.0112782297608043 -0.0554973473359954 -0.182424477472677
0.0219033717967365 0.0142324322209862 0.0579238386899578 0.149531959317368
0.00900477851898415 0.0058039165234776 -0.117684602424025 0.0479222960329995
0.00598080717022644 0.0021370947715725 -0.305349963976643 -0.273490339441975
-0.00702070558815067 -0.0193844114616617 0.0681029970468561 -0.538699820391013
0.0129326022328495 -0.0356222072546938 0.700258541289236 -0.19891340270666
0.0125648469843162 0.0182959628707516 0.595136805641931 0.610678350338023
-0.00853823891666956 0.00900812481452798 -0.0822097399196294 0.649872868582727
-0.00857777005897569 -0.00321344723326865 0.0370901208639227 0.100440844770623
0.0183221870838885 0.0139205799128613 0.167109162773591 -0.551390184942443
0.0055633501227704 0.00513853079042424 -0.53491069342958 -0.688409647449874
-0.0172104970251463 -0.0154249183755446 -0.828379449429459 0.177614734230754
-0.0340577036557589 0.00334143026949463 -0.105168972116322 0.648555201225038
-0.00151023026916814 0.0271297504334417 0.338566932420987 0.285795553044371
0.0192850026928716 0.0133119145959388 0.215331774329905 -0.0528756543097183
0.00544434462113833 0.00673012071665476 -0.0583677438555165 -0.176527184998888
0.0247771330780863 0.010562150129774 0.0537229500914953 0.154300340097784
0.0107012132955942 0.0042104665409843 -0.117849057877312 0.0550870152175126
0.00919287958178201 0.00663283876009562 -0.312082765581161 -0.266046473963124
-0.00390219841531546 -0.0123309457435849 0.0501938650457475 -0.545196485870688
0.00973005303988363 -0.0372818840335533 0.689520666789355 -0.228155695272548
0.00987779809927999 0.00943322436402847 0.610844116595602 0.583073656860807
-0.0065901943284393 -0.00279891205154095 -0.0650810475278992 0.642871078555978
-0.00461536636781509 -0.0139599066386197 0.0401833342237614 0.100690617450227
0.0201545343392951 0.00318289869836479 0.183806362072804 -0.551195004866918
0.002123961701994 -0.004173541957923 -0.511063451253716 -0.71160615500013
-0.0190284708964026 -0.0167475043447166 -0.8379866059339 0.144648856449025
-0.0320117476196722 0.00842958359984246 -0.128200287586668 0.638611299881414
0.000331583162496828 0.0327282142247649 0.330308508995197 0.291505514880997
0.0204964967216799 0.0122080748857824 0.215941050333729 -0.0451763010036572
0.0109202479427372 0.00150195607567826 -0.0619011658192221 -0.171219828686218
0.0272665545103723 0.00647954861311007 0.0501160549990797 0.158125455780818
0.00982692995884084 0.0016635637590154 -0.119500469741501 0.0623290736332501
0.00785616945355866 0.00885970401995857 -0.316784950197327 -0.258868929201833
-0.00276256458583773 -0.00832923426470635 0.0340728866338101 -0.551788246607974
0.0089298111885663 -0.0384035993205162 0.678408110416249 -0.254454914401112
0.00768560000754673 0.00277529107931932 0.625758413942263 0.557729475445147
-0.00539148904785387 -0.0120536015193478 -0.0492947853476411 0.635499155029069
-0.00130797011977031 -0.0235422682049078 0.0451204311319342 0.0976204602278104
0.0206360433579039 -0.00595590398233406 0.198470315700525 -0.555066598143528
0.000727703373953587 -0.0103056987998276 -0.494303278864336 -0.734647055125509
-0.0184743053405348 -0.0180134234795704 -0.843823862790683 0.115849836158089
-0.0305569721381952 0.0111352917260472 -0.145464622091735 0.632664774454181
-0.00304283836295914 0.0362437975564591 0.322741524194477 0.298897889940595
0.0181905233335407 0.0111973442501802 0.214861549031841 -0.0375552771976696
0.0132229400233245 -0.00226772420940271 -0.0664395503099619 -0.167212460034089
-0.00107107151303535 0.0222316758157005 0.058696968150066 0.138024080916598
-0.0216069090210594 -0.00257987203303408 -0.138426448027516 0.0274940595607408
-0.0279535675770221 -0.0265624590167198 -0.299786509859734 -0.286948905810844
-0.0128243590139594 -0.0522341770006786 0.124411309081425 -0.524981254838701
0.0414362687744842 -0.0324625227896528 0.738279068547754 -0.137830847475145
0.0197193017187985 0.0523104578722705 0.546951971059568 0.644968251887814
-0.0272192534549755 0.032165972217057 -0.118211559181644 0.610125686150555
-0.0290789258605663 0.0119364454975802 0.0500092416399325 0.0585289800873306
0.00450892431150694 0.039955904665729 0.137450852573818 -0.589669284486956
0.0182273068923587 0.0358487723642285 -0.582396420701354 -0.659372161238584
0.00659284070318221 -0.0174155584548788 -0.788140868853077 0.236917018136159
-0.0454320499108513 -0.0257888974820686 -0.0405619956726818 0.655726390558453
-0.0336990175659717 0.00180244846773424 0.346455681327458 0.267978704515327
-0.0104820949711128 0.00263231846382799 0.194103195562014 -0.070495621121806
-0.0154743070612824 0.014818621909814 -0.0580539517729624 -0.190853204617135
0.00112909479349791 0.0235571887149921 0.0612744811030653 0.137546800065531
-0.0161191229263336 0.000325918919189942 -0.133832171138555 0.0247287606676182
-0.0212943273861425 -0.0242035439404384 -0.296307600109215 -0.289148830577861
-0.0129890347958426 -0.0497885575944554 0.127898287785709 -0.521355339034858
0.0375639310121782 -0.0321711033696268 0.735419892619061 -0.129897054349536
0.0192120330401526 0.0509719834800693 0.542933434602173 0.656461668485864
-0.0257927987412675 0.034107006753086 -0.125061731293742 0.62249654709733
-0.0273096438011129 0.0160004273765456 0.0434846056913046 0.0680245762031262
0.00734705401090468 0.041995230361809 0.133667816680721 -0.579202566722114
0.0178849473398654 0.0347650506781891 -0.582431659474458 -0.648532621849215
0.00215782297737117 -0.0166571619760949 -0.789225397215301 0.243232813191307
-0.0448072885740006 -0.0230825616135426 -0.0392960184206678 0.657348746282535
-0.0269317709778476 0.00388915374075649 0.349274563354009 0.266235207870978
-0.00461174364834333 0.00629032045090913 0.198687280708521 -0.0719552847333576
-0.0144677623142442 0.0163638400066614 -0.0552115056806686 -0.192356638107782
0.00473670218987307 0.0232293868294458 0.0621033349292655 0.138034504804189
-0.00856567913600428 0.00224663570132857 -0.128197033215463 0.0268956667593195
-0.0135424564964005 -0.0182990006287861 -0.295168193688306 -0.288151105890752
-0.0117358930007031 -0.0444548295059497 0.119638803274474 -0.520677401975339
0.0314496628691155 -0.031921427684251 0.728726544435507 -0.128579528690427
0.0187659497915045 0.0471696585562793 0.544129728979456 0.659193820297735
-0.0210122565918234 0.0341735513790039 -0.122848504523144 0.631880402477808
-0.0245867208029013 0.015539678346277 0.0389807864574935 0.0784616293665834
0.00930884418127189 0.0395824484938222 0.137132261544122 -0.568232086398271
0.0160042992425924 0.0302625483884222 -0.577439317493948 -0.6445126847365
-0.00263943752167313 -0.0151855856500487 -0.794229779240174 0.240776514091616
-0.0432148251179353 -0.0183002919899838 -0.0478096555376241 0.657435544468454
-0.0190845222457275 0.0085043695914446 0.350849405078123 0.267318645844298
0.00203343355474063 0.00973736845339736 0.203104658173533 -0.0708511367275654
-0.0102038940748578 0.0169929694585917 -0.0529384436047591 -0.190520361767359
0.0104488694523653 0.021021633891725 0.0618761702359702 0.140654448212555
-0.00194485403731207 0.00429756137074184 -0.123029434638795 0.0316480229583694
-0.0056915974498087 -0.0115476395954957 -0.296964664543668 -0.285606888540055
-0.0114016118381889 -0.0367251315885722 0.107878047738985 -0.525925159232791
0.0249293710503864 -0.0326972711416165 0.721045657708663 -0.143668929022505
0.0178711790379341 0.0390459918627714 0.556323003040415 0.651344231813179
-0.0164841991646771 0.0286552427458366 -0.114843658042263 0.641117292809277
-0.0201639334552768 0.012858821801584 0.036205241287074 0.087733279527089
0.0121370242910116 0.0340571039195521 0.143573450283309 -0.558995774703005
0.0132775848719434 0.0235075559485234 -0.568826636554727 -0.650091968706431
-0.00835297660414369 -0.0147280437040829 -0.803549355963397 0.228094084234224
-0.0405219836243404 -0.0116274061043915 -0.0606116466203633 0.656870593863205
-0.0116438715284998 0.0139838199790591 0.347946076632846 0.272963191230648
0.00931383562911008 0.0119955129456613 0.208352388766972 -0.0668601067425339
-0.00566452477810374 0.0147542714648407 -0.0534951911204299 -0.187419748260612
0.0158394969269968 0.0184501025966996 0.0596754065345997 0.14412232762677
0.00430278745871687 0.00581127421260925 -0.11965128436726 0.0382930124362431
0.0010491189730872 -0.00431523659443522 -0.300779155884172 -0.280248862627369
-0.00945094941725026 -0.0280462502290709 0.0877018076245335 -0.530848925536361
0.0183432716943398 -0.0344537422886385 0.711563058324312 -0.167864123142535
0.0162214298913611 0.0289723411942044 0.57074478035854 0.635754297301176
-0.0124991823531287 0.0189433463001619 -0.100570117946048 0.643697355880898
-0.0145946009309154 0.00509270935459474 0.0355745263815348 0.0958428098191772
0.0159412413096906 0.0248949924110102 0.153990658720092 -0.553104349920005
0.00976036204106709 0.0157867400548253 -0.550280521721764 -0.667827570099346
-0.0135299207230744 -0.014961848508368 -0.817212934231446 0.20520915502665
-0.0376231828984191 -0.00385528058668363 -0.0805889948449014 0.65214514568613
-0.00545342947649607 0.0200898363931606 0.344361485909888 0.277894850696318
0.0150089613619179 0.0124875554453092 0.21281216460489 -0.0592805861126916
0.000504603773938594 0.0114534400621626 -0.0549253362508998 -0.181504479275275
0.0213010653857982 0.013849480026251 0.057228063427762 0.149350639103658
0.00753258332718778 0.00573933376391809 -0.117369763399924 0.0461413630595232
0.00628211832933651 0.001788335134557 -0.305429918850996 -0.27425000493811
-0.00645466223529461 -0.0193134995668319 0.0704666348380522 -0.535542151039633
0.0127070932085568 -0.0358158818783872 0.699282510071499 -0.195161201733965
0.0125526403901543 0.0181467533035714 0.589739922385864 0.610841032037404
-0.0084993874432419 0.00830419138663377 -0.0857926140930858 0.645914073367484
-0.00901750986565178 -0.00433993965784277 0.0369938054489989 0.100159745302717
0.0177816066442306 0.0136884464231124 0.170272467358787 -0.54870388708991
0.00619218925392186 0.00492325988147277 -0.529794738704129 -0.690667927068964
-0.0170084914700817 -0.0150923030443502 -0.82669874126539 0.174514350796231
-0.0342531894691427 0.0032242177735814 -0.105421822347613 0.646054175180902
-0.000859341677629941 0.0269737277060851 0.337858339314189 0.285466149647985
0.0190672068829099 0.0127670071176119 0.215673118406658 -0.0513272551161856
0.00614880553438175 0.00674535905311513 -0.0574360530294559 -0.176183830518048
0.0247607363456978 0.00977756493983508 0.0533076109895257 0.15502125472883
0.00988760232721546 0.00397350031216651 -0.117858535964396 0.0538670393474588
0.00852261112740533 0.00613219548649516 -0.311437741742627 -0.267782507546447
-0.00469881806660451 -0.0125889059898535 0.0517504171391426 -0.54403768650399
0.0101051550285365 -0.0366727746330794 0.687854567902792 -0.225186486046149
0.0102578239505798 0.00950817922573741 0.60621651743521 0.584466153120277
-0.00659691010685075 -0.00281719044509861 -0.0684215475705623 0.64447314503111
-0.00449814474245698 -0.0141995047426909 0.0404527463301296 0.0998997346131701
0.0190981710321635 0.00202440880886302 0.186233722250839 -0.549809464482663
0.00306500030234726 -0.00418230059272659 -0.508407968435586 -0.714203436798126
-0.01962189859805 -0.0165571372989511 -0.837335855436391 0.143334721121552
-0.0319806600134879 0.00851585942461329 -0.129878970043446 0.6371665680796
-0.000721191547015762 0.0321520125081182 0.328999879885674 0.293258020027553
0.0203020449924649 0.0120562761399002 0.215777879270854 -0.0436292256066047
0.0101328874627029 0.00266324846491943 -0.0606556947113246 -0.171034495535886
0.0271228332889078 0.00594169911319691 0.0492722065235457 0.157944846606545
0.00920664481082704 0.00193197780829154 -0.118907649020233 0.0614882950500448
0.00732210996192268 0.00819467351626802 -0.317587307406231 -0.259268793542666
-0.00179339438168436 -0.00848326558790996 0.0355279408064332 -0.552254980894566
0.00890996946934088 -0.0378441997121863 0.679250193292542 -0.250896007578185
0.00753669883424088 0.00310596968068832 0.621247011470121 0.558783581718405
-0.00590318476747728 -0.0118826906108565 -0.0515015695880083 0.633616814240384
-0.00227327300540763 -0.0239310889538407 0.044340093608129 0.0976013704925764
0.0209836976108037 -0.00654775595278117 0.201257059807353 -0.551859810842381
0.00151258178864944 -0.00998089402285564 -0.489377984221135 -0.738444760200467
-0.0187337866356924 -0.0185859635999944 -0.843182980589792 0.112501214419716
-0.0306365218257137 0.0118733333719875 -0.145776029239399 0.63024372256512
-0.00254055843584433 0.035177639429791 0.321645205676965 0.297660350060717
0.0180446028080436 0.0109146665722254 0.215153362324355 -0.0363947973947125
0.0137628694367975 -0.00237181525148818 -0.0660276610897625 -0.166734525305923
-0.00135562407811655 0.0213079228041012 0.0586582951316582 0.137910563318983
-0.0215743637462288 -0.00292772855392649 -0.138929568148073 0.0248344366588318
-0.0279673744259328 -0.026322954861532 -0.300228157324058 -0.287237681013224
-0.0126216092130491 -0.0524793888416373 0.126057261871011 -0.523578013250853
0.0406829756694512 -0.0329370636586998 0.739397390278925 -0.135927751080154
0.0191368881396484 0.0525011218816594 0.544304490991264 0.647201103577334
-0.0275783731452831 0.0314216021253161 -0.120591755203126 0.610243099238266
-0.029363194120813 0.0122590940837696 0.0496622689028953 0.058719031136142
0.00449316836569464 0.0391577421447104 0.139343274732251 -0.589108933994992
0.0188664850745082 0.0363918638654629 -0.57894232874798 -0.663947908773977
0.00663084645661181 -0.0174141989671567 -0.78988790738755 0.230649618922006
-0.0452615512907096 -0.0261870598724442 -0.0425101250896645 0.655767360726474
-0.0335695518543974 0.00158930031878602 0.345295428473894 0.269518321623987
-0.0104013784595483 0.00287754380692464 0.194126680912957 -0.0686694625337325
-0.0154419811966566 0.0146355187097942 -0.0573999354550872 -0.190238976058081
0.00112924055833724 0.0227017878707834 0.0604962330331533 0.137445420989206
-0.0154467478687544 -0.000577753682625462 -0.134207280549231 0.0232944690567284
-0.0204554967549567 -0.0238541515083325 -0.296734530732851 -0.289399216383049
-0.0123283768035694 -0.0495608169043754 0.129521371485252 -0.520959535723681
0.0377790504474871 -0.0316364754063295 0.735340979191992 -0.125350667328454
0.0189047359385957 0.0520297102288987 0.540233728308219 0.65905819803651
-0.0252215447618052 0.0342139530174804 -0.127418619422559 0.620843156107966
-0.0284176793608358 0.0152576714096539 0.0426390168685162 0.0679895521050314
0.00630287781180017 0.0420253737128225 0.136884577955426 -0.578922710187799
0.0182047601983765 0.0343349963278154 -0.580580590817244 -0.651881046361456
0.00172535892294309 -0.016445493466281 -0.788220545998629 0.241173632053376
-0.0453685207465103 -0.0228902421137433 -0.0428858499664289 0.658057219515325
-0.0271637749462234 0.00410736503781798 0.349021717947211 0.267278459696232
-0.00429116092509237 0.00665111342167414 0.198158874733631 -0.0707837984134271
-0.0143944523475318 0.0167694727902479 -0.0543528482559986 -0.192027137565217
0.0050611819928999 0.022774823564395 0.0616393872003656 0.139147517499551
-0.0092217097034936 0.00168763302074117 -0.128523919815491 0.025765592836455
-0.0133765619823701 -0.0187122691589028 -0.295662171682567 -0.289965446909964
-0.0113740113256681 -0.0448399978969156 0.12219121287898 -0.520179632170799
0.0315536761008657 -0.0322144913897409 0.729416150886507 -0.127951236326545
0.0183881035281695 0.0466948959017987 0.541772681856273 0.660431146268751
-0.0218057947773624 0.0330951309347673 -0.124198542684242 0.630721919026013
-0.0251563338092983 0.015368106951246 0.0388044298707868 0.0782757727627126
0.00965405408613199 0.0393918795854122 0.139855114294694 -0.567689302133448
0.0168164566457672 0.0302196556629706 -0.575195843773702 -0.646776105601523
-0.00324718002920221 -0.0152427737591297 -0.79440475631117 0.238775644222008
-0.0431057341082503 -0.0182969433868086 -0.0498179106958098 0.657410475472749
-0.0187299619864921 0.00862508035884206 0.3503012326749 0.267987573488509
0.00219934201973071 0.0091746681175482 0.20318326883319 -0.0695665935039178
-0.0107550111531372 0.0170337906244238 -0.0529578672235414 -0.190959856601487
0.00964363180284599 0.0203383867491173 0.0610305071307721 0.141111638876138
-0.00206160235832096 0.0038820909066004 -0.123765514811957 0.0296990839784954
-0.0057882850582472 -0.0118153547710273 -0.297863153586428 -0.286235057814859
-0.0107956918699547 -0.0374638828328332 0.10993639306327 -0.52423173557995
0.024774556343704 -0.0332389857085737 0.722534581303731 -0.140810629672858
0.0175602068454542 0.0385927207022364 0.550695087584568 0.652808201602158
-0.016961108969614 0.026893582961167 -0.11793791946982 0.638492733104135
-0.0198088531105819 0.0122627001710719 0.0354569098318565 0.088103805513373
0.0128056172332465 0.0333785041369193 0.147156645126219 -0.558162104469568
0.0136821189663763 0.0233273034300133 -0.565633127501601 -0.656025575842117
-0.00868135337259863 -0.0146515596424445 -0.803824937405574 0.225204155129274
-0.0405267765992171 -0.0116836466750947 -0.0626982707761965 0.656635653863302
-0.011779674735533 0.0137538417612272 0.349149768343406 0.272844035122829
0.00909675312422126 0.0106589543173732 0.208418782809464 -0.0649357766435971
-0.00560537255871153 0.0148674991379552 -0.0530078071314293 -0.186734032414616
0.0154951299530161 0.0170291331813307 0.0590701652998625 0.144413139187001
0.00309689194580992 0.0054739279046252 -0.119956551729768 0.0362508565950011
0.00123123608693209 -0.00443556668721744 -0.300752807985193 -0.281255009274271
-0.0091914058283045 -0.0283759318300945 0.0918189429389561 -0.530193344936585
0.0181333203901032 -0.0341539055133442 0.712502404739473 -0.163192011527965
0.0150989399116142 0.028766833403979 0.568352295859127 0.636812050660926
-0.0127948909129255 0.0190393033391157 -0.103394950749359 0.644197252527089
-0.0145791302543487 0.00544449816440659 0.0353966215195235 0.0955274986486909
0.0154393225884357 0.0242510769292377 0.157543887479658 -0.552707891865347
0.0101503920945608 0.015405743402698 -0.547063559905404 -0.669482889411319
-0.0136649666291373 -0.0149386749225863 -0.815677872975527 0.202452823359334
-0.0383042171990309 -0.00425737358105278 -0.0834190207301511 0.652532122023607
-0.00502641067515472 0.0204740789054643 0.343606183062599 0.279265076745375
0.0156786452211865 0.0125248789114694 0.213214675354618 -0.0584868462405621
0.000594702974836337 0.011842060994978 -0.0535809545891568 -0.181845990811985
0.0212957019925882 0.0135614984420859 0.0568665689491833 0.149294635732215
0.00770844493064953 0.0054825712465524 -0.117962276585523 0.0448105619269434
0.00613244757315488 0.00115916065632096 -0.305073909541306 -0.274868783435876
-0.00640604664100049 -0.0196933441428703 0.0719053741045006 -0.53517259209499
0.0124272795743481 -0.0354827439712708 0.698911770739902 -0.192446705626367
0.0127023895269368 0.0182915350051287 0.587768188957428 0.613793664255726
-0.0086252710710635 0.00761249945413779 -0.0874245748508502 0.644542251402712
-0.00983798386972665 -0.00461775422412957 0.0357315727672131 0.0999746634200999
0.0175688728158102 0.0130460433941926 0.172628657586127 -0.548014141671896
0.00636320511739701 0.00504062718321718 -0.526388128349539 -0.692088970940594
-0.0171363039761216 -0.0152859088860768 -0.828629376449533 0.171944238833701
-0.0350048453164454 0.00322724246328239 -0.108815311372884 0.646217153946694
-0.000893932485822604 0.0264462191174837 0.335962700068433 0.287215713482825
0.0190578689700804 0.0132495198258219 0.215597248258684 -0.0501209589926448
0.00627793634219665 0.00662951360619357 -0.0566843941226783 -0.176657218355986
0.0252227808478634 0.00910028569791692 0.052012805988499 0.154108857257847
0.00933788862937654 0.00365664626181759 -0.118819281064041 0.0528031052977611
0.00827666531146463 0.00618979844534163 -0.311585083287678 -0.26834696154504
-0.00370185251732335 -0.0136486201009722 0.0528510490167271 -0.54289839894614
0.0100811705198028 -0.0374780535999147 0.689480047981991 -0.220547505438994
0.00976777394203021 0.00899654576284261 0.603477576950446 0.586491906072553
-0.00687501476162733 -0.00379353216951183 -0.0710629996187843 0.640457981052697
-0.0052662357391481 -0.0141753946433414 0.0386796559647296 0.100479138134172
0.0197917208650146 0.00238669954598045 0.189355868533442 -0.548704469437373
0.00354488078303171 -0.00380344236066242 -0.504945316729503 -0.715266182097403
-0.0193083692735617 -0.0165093576071905 -0.838077763425546 0.139982795826222
-0.0324812356897438 0.00837924436850337 -0.132044118185226 0.637377682182042
-0.000658641645331522 0.0329415078137795 0.328644149354943 0.292243408981462
0.0196502591410353 0.012284997268874 0.217172248576462 -0.0428341793885618
0.0107358282844543 0.00217247941593246 -0.0598319722092439 -0.170743325601938
0.0271496707696077 0.00511000337892235 0.0490072999586734 0.158380953378259
0.00855371201659223 0.00163499337778564 -0.120265912993332 0.0591941550381568
0.00774460369426755 0.00827295438276449 -0.317408478725634 -0.261434812301694
-0.00241638782553839 -0.00878391774572738 0.0376913358606683 -0.550360692799207
0.00923275082168376 -0.0376768780144825 0.67961383583158 -0.248465293430081
0.00804118663959775 0.00226413315390401 0.618798908021246 0.561640123811612
-0.00603517939177903 -0.0123829800348117 -0.0554791449304416 0.634258393756811
-0.00190960171698392 -0.0237706492444634 0.0435965451864565 0.0972653356062369
0.0208249812921464 -0.0069465517934148 0.20372472583078 -0.552107509016762
0.00218465160767829 -0.0100461333605442 -0.484902783254344 -0.740672852705641
-0.0184341260317997 -0.0178846170593353 -0.84322658664449 0.108451338099843
-0.030472201016501 0.011314898889618 -0.150269048953582 0.62891531094196
-0.0024408155802817 0.03532909497702 0.320835518465269 0.300107781445032
0.0180399525208145 0.0108593299565484 0.215471618652334 -0.0354820175588868
0.0127663922048443 -0.00230840526810711 -0.0652247176692224 -0.16639958531509
-0.00168029128711798 0.0214034272810879 0.0573432295422389 0.138768437898285
-0.0219562079991999 -0.00313389032453005 -0.140433350023243 0.0236756160171227
-0.028297000293939 -0.0270176323895574 -0.30078223949934 -0.288584769076193
-0.0126403685898469 -0.0537414741889722 0.128910093436786 -0.525366640443695
0.0413119396339247 -0.0327005262207268 0.74052486877635 -0.133628631162387
0.0197646935621833 0.0526792227980948 0.5419355925931 0.651422915698045
-0.0282691070179821 0.0316317485468426 -0.122604727252317 0.609069272802385
-0.0298184044587961 0.0109537991335494 0.047766392066576 0.0588324608967897
0.00393815652702129 0.0385049608943107 0.144148996768756 -0.589202221828178
0.0190640595803727 0.0363490923561724 -0.578347222577735 -0.665776658011106
0.00654466073240038 -0.0172561142526309 -0.793806464183955 0.228085708492256
-0.0455407758142484 -0.0261403485385697 -0.0441646609300956 0.657385678582928
-0.0331161992312156 0.00154146880799799 0.345161830503908 0.271907901744055
-0.0108487242730308 0.00222072002792157 0.194996575507508 -0.067990972773956
-0.0153337349075746 0.0146571972056928 -0.0564834500471602 -0.191541354325479
0.000845473118139234 0.0224491350092116 0.0606774411830385 0.138289031325382
-0.0168219515586827 -0.00113481405011647 -0.135130432721222 0.0216468473434805
-0.0212498074625825 -0.0249359432850578 -0.296757593309796 -0.29110994773195
-0.012015529284735 -0.0508904529240637 0.133148104226581 -0.520919101304238
0.03706345342213 -0.0318162090714878 0.737223716130721 -0.123032026531362
0.0195959666734132 0.0519004962961989 0.537539894581071 0.661268220964727
-0.0252630415305336 0.0332611902150214 -0.130211269113298 0.619866143625467
-0.0291699849862997 0.0151881175708693 0.0427292532059797 0.0675840745014197
0.00642691504610305 0.0413806405232397 0.141133285467376 -0.579499691214635
0.0188980184196561 0.0348886985273308 -0.578167180022859 -0.654813004382991
0.00233855389777472 -0.0156456762326364 -0.792710726022009 0.237927175947557
-0.0453930617156274 -0.0230452796781 -0.044629547298595 0.657430144780559
-0.0271027644008498 0.00409573009007427 0.350399236221764 0.269037303476786
-0.0044759165377259 0.0063504989834349 0.199283121188833 -0.0698559052752804
-0.0145900286619247 0.0168730379577855 -0.0543994381198911 -0.192224282917479
0.0041762011219765 0.022211534274226 0.0610531961709829 0.138566408695352
-0.00990060611447419 0.00177978669408614 -0.129856096616391 0.0240931171611055
-0.0139840905873788 -0.019464708470965 -0.296054230982107 -0.290535218952112
-0.0123446178765574 -0.0462314514817399 0.12461958738194 -0.519182847673136
0.031560953635242 -0.0322835012234769 0.731432827385981 -0.124084470282178
0.0189261377258806 0.0469290378822714 0.538117506498482 0.66644455264933
-0.022385203682831 0.0324163797942854 -0.128020266936896 0.63016266192758
-0.0257676881143934 0.0156745513104085 0.0378781435045821 0.0788841351840213
0.0091477602249387 0.0386391934991677 0.142934599531472 -0.567287525092916
0.0172700730781112 0.0310423786002777 -0.573542674696724 -0.652494816087557
-0.00312898050572556 -0.0161405373059749 -0.798722882804525 0.234682271837335
-0.0439943784705126 -0.0177963048784411 -0.0512635829491559 0.657120749426127
-0.0191800825263595 0.00791233168469054 0.349151147953675 0.270576363403841
0.00217560081665228 0.0090046683328973 0.204053950151744 -0.0684546621631861
-0.0103686199443619 0.0171291639786418 -0.0512736178742917 -0.190934456827886
0.010267147677432 0.0199177977459137 0.0607920666165568 0.140445804041512
-0.00307938083068767 0.00415176475892293 -0.124563975693521 0.0280221275153072
-0.00593633870519268 -0.0119861162732527 -0.2982428570739 -0.286828442992025
-0.0107918076040079 -0.0375622815367207 0.11321977106796 -0.522952754653847
0.0249698284826614 -0.0324944652621626 0.723987960206918 -0.138911614386651
0.0173844391541061 0.0390317796976576 0.55054483291035 0.656508948405727
-0.0176108832888555 0.0273709761034923 -0.121224347995401 0.639244272210186
-0.0206154085275299 0.0121436675280143 0.0352456722034675 0.087759570569653
0.0121843395244626 0.0323677158533625 0.148304869330312 -0.5594685162727
0.0140415795723732 0.0242884736029624 -0.564438354812574 -0.658066791245037
-0.00808837627743342 -0.0147807517170839 -0.808561227416988 0.222750780425785
-0.0406886488122464 -0.0123353962193417 -0.0655194008532371 0.65700816755803
-0.0115004140201805 0.0131167165351439 0.347770973197878 0.275197852253236
0.00925978585226206 0.0111869460706724 0.209675948115282 -0.0639241511273183
-0.0057545068944363 0.0153270248295343 -0.0518700157589495 -0.187667773858485
0.0156274647454838 0.0169052942268942 0.0586753586076595 0.144385753765563
0.00312448995202415 0.00574183877613638 -0.121101856202321 0.0355267099152403
0.00106742017882435 -0.00447547186265386 -0.301574594385221 -0.28116134514924
-0.00936440492324147 -0.0291410283580327 0.0926348115041296 -0.530203316590236
0.0185920862417397 -0.0341864566188729 0.713978307890685 -0.162943255329177
0.0152005292912959 0.029389680438446 0.565959530889876 0.637989592033977
-0.0126128817007574 0.0185057921974491 -0.105846344174897 0.645212175495074
-0.0148519154954688 0.00468888387300014 0.0347033553226112 0.0955471195761087
0.0149919412035938 0.0241869974107607 0.161116472015759 -0.552931304021551
0.0106121270405886 0.0150816009271122 -0.547939355697471 -0.673954214349618
-0.0136879323457378 -0.0143982157751951 -0.819736207763602 0.200818630960773
-0.0381757813050451 -0.00428491385078638 -0.0856746964728909 0.653133347082642
-0.00536110514403912 0.0207711143913966 0.343303515790666 0.280822691327661
0.0149778091838621 0.0126973184118367 0.214211680922366 -0.0574391932356888
-0.000641806716098283 0.0113696153930615 -0.0532350760276044 -0.181335275215316
0.0213218207105563 0.0131125153618755 0.0560495501935186 0.149067319729741
0.00778672690186372 0.0054927205076826 -0.120247776785813 0.0427501118008427
0.00597834917045796 0.00125613890330674 -0.307026906718606 -0.276028773381121
-0.00653031694520786 -0.0202584497960141 0.0752910092592744 -0.536176770356358
0.0127045374592164 -0.0355572859515208 0.703575104573186 -0.190757296738461
0.0131367614983682 0.0181788636092939 0.58547121407818 0.616867714686192
-0.00868517305216837 0.00689867285386233 -0.0903641360169943 0.646598687794109
-0.00946524923797594 -0.00385405152519027 0.0357887805450008 0.100033031728908
0.0174186012725145 0.0123208670097083 0.175940413966536 -0.548346588113643
0.00680142076300337 0.00529122049932813 -0.524068796805378 -0.695126902555983
-0.0174244875309395 -0.0151369379854175 -0.830897611061829 0.169090260476239
-0.0352945243983654 0.00257819054201897 -0.110624545752836 0.645501536019908
-0.00162705931361926 0.0275492923077966 0.33625738784729 0.288306670669963
0.0186253173572885 0.0127285942524264 0.217006220205949 -0.0488934292849811
0.00657565763261258 0.00751542634785617 -0.055623832688117 -0.17689329553712
0.0246978300625258 0.00910105037348036 0.0504676527186487 0.154668395833699
0.00815882347535821 0.0044757098031214 -0.120172910299704 0.0501172083076561
0.00822031468810424 0.00602190728532693 -0.312905935119776 -0.270201730895255
-0.00343408055780008 -0.0139081518345518 0.0559384577474519 -0.543199846841843
0.0100570868550919 -0.0361177562498041 0.692830372670179 -0.221103108556042
0.00986529371833604 0.00861357813983642 0.603043532692787 0.589339468577995
-0.00700986134753049 -0.00390733826178171 -0.0746000526611013 0.641152766641285
-0.00533073223042174 -0.0147363455087392 0.0387161911707242 0.100441616539718
0.0202356351129685 0.00178181966308166 0.19282213207988 -0.550106868531736
0.00454852270736365 -0.00430837333449719 -0.503164467722424 -0.719580341168023
-0.0191511954800946 -0.0157453620134925 -0.839687502346702 0.135899470307045
-0.0329817811779244 0.00789007211243225 -0.133876829013869 0.638028317862783
-0.00106432048816816 0.0322758141652682 0.328546374370403 0.296347458104077
0.0203256679968845 0.0118345616961367 0.217389382848765 -0.0412113537437413
0.0102465895503088 0.0024594204641521 -0.0588871611280641 -0.171233357000555
0.0272754035024971 0.0052767103277746 0.0486258215007272 0.159235251140141
0.00783587538030529 0.00194685323539467 -0.121629788553539 0.0574035253034237
0.0069869944075712 0.00826597504722082 -0.318384722595513 -0.262804151670358
-0.0014022202075169 -0.00929705835886499 0.03990021639648 -0.552239943477952
0.00930231682886193 -0.0379617541324356 0.682157989019378 -0.246165193740065
0.00785300577106816 0.00274728955865312 0.616135371630671 0.564357713637904
-0.0065637327405707 -0.0132871064567858 -0.0579597626107137 0.633365759940268
-0.00236909653795459 -0.0239089310332429 0.043498491027731 0.0977218045032371
0.0208266140853172 -0.00791243320740315 0.206170842700566 -0.552716311253996
0.0029746660335956 -0.0108209834698 -0.483224301453707 -0.743065221200485
-0.0189268728923286 -0.0181124347922376 -0.846081626769631 0.106149444143152
-0.030975277930039 0.0111532277188055 -0.151219381288249 0.629414841509916
-0.00320316888308854 0.036220233639146 0.320754983384804 0.301853060688397
0.0180400902877495 0.0102432864075787 0.215810047318266 -0.034076621328095
0.0135465770476199 -0.00247184909474964 -0.0651160889871726 -0.167136097762095
-0.00187713197814469 0.021116733011788 0.0579173266325634 0.139675674378403
-0.0232540860664695 -0.00420620641017409 -0.141765550818389 0.0218967349867047
-0.0281352291624878 -0.0272426779378049 -0.30270501387489 -0.290848094069382
-0.0119200247707642 -0.054395784191836 0.131062400442725 -0.526380242490312
0.0415312079411675 -0.0329379126157852 0.743864190243043 -0.130332969818892
0.0190073572222343 0.0532375955650546 0.541046921079269 0.653721563465171
-0.0280107548087501 0.0304985707207167 -0.12541947065311 0.610909367978763
-0.0308333217887745 0.0111851360176926 0.0485159035314714 0.059440842659962
0.00399596801327631 0.0384805680375304 0.146903009795153 -0.592276029405197
0.0200125987924824 0.0362398604200533 -0.57763792785797 -0.672551293153722
0.00667114983472865 -0.0168765437906754 -0.795924920759248 0.229854845973871
-0.0457557422712102 -0.0262673079826422 -0.0451952626471435 0.657742666017369
-0.0331562004098065 0.0015352824155341 0.346804226687687 0.273588084633216
-0.0113471139551242 0.00294249270948527 0.196619598945417 -0.0669198622577566
-0.0160857760670864 0.0150865941761674 -0.0558299303769174 -0.192181854674112
0.00116031859776249 0.0225384398268891 0.0593350616041314 0.13877573391704
-0.0172476287358061 -0.00123014608303102 -0.135992804296628 0.021228194478851
-0.0217993856455391 -0.0248985476715936 -0.299412057623369 -0.293321601642473
-0.0122093554390838 -0.0512017923930038 0.136156796723484 -0.521104290310618
0.0377095448009568 -0.0321438590284264 0.741242785736945 -0.120350852884468
0.0190130439007839 0.0526866747877653 0.536739295011403 0.665900653711215
-0.0263336677258005 0.0330059263552006 -0.133133005792777 0.620993952244302
-0.0291428503442825 0.0150774558474766 0.0424841709140985 0.0683996248783089
0.00611089546560107 0.0402080047984283 0.144114920022904 -0.581065174385496
0.0192555906102013 0.0351149054904388 -0.578603088420723 -0.659596612541403
0.00265823600177116 -0.0158457203844348 -0.796429438752922 0.235959021191619
-0.0455552466504614 -0.0245767618678504 -0.0465001052323706 0.66008835025633
-0.0267969405950207 0.00378689273237559 0.350136443358421 0.270270492984041
-0.0048323372742555 0.00619954182163075 0.200986535015944 -0.0687448876144679
-0.0149495198774693 0.0168763981604139 -0.0529102522122279 -0.192772522745408
0.00506918075394733 0.0213296062177136 0.0615310830299052 0.139893801653315
-0.0102190609458711 0.00208425103836986 -0.130539608748628 0.0230814181765715
-0.0137306969176214 -0.0183545306001815 -0.29718793454729 -0.29282138345766
-0.0121519295785662 -0.0460563331170769 0.126508390630911 -0.521083114728123
0.0311772691243893 -0.03148144174587 0.734051996884222 -0.122423386166431
0.0190928780947484 0.0466056994870812 0.537533266831173 0.669815070746357
-0.0227963349011048 0.0316051984114692 -0.130148128221593 0.631466937205436
-0.0253045659359492 0.0152297551071119 0.0381002831298048 0.0784953887822082
0.00911345389153276 0.0376371434159743 0.145094134018895 -0.569161641830168
0.0180235395514033 0.0305020357803463 -0.573965930372108 -0.657273568854534
-0.0029871133936638 -0.0153806793487483 -0.800981401952615 0.233282680219995
-0.043906983579027 -0.0184590397049783 -0.0536559015499578 0.660111339211367
-0.0191758637319303 0.00866142905139246 0.350820549009369 0.273719488375274
0.00216932805862623 0.00889385379823252 0.205757120103497 -0.067401359683302
-0.010657452901485 0.0168303089946348 -0.0512994412107489 -0.191347548680141
0.00965294027079277 0.0198967812340879 0.0615932673140606 0.141984585644945
-0.00375376327417975 0.00414749051277862 -0.126382712082974 0.0270346402234967
-0.00627685637510895 -0.0129281285881453 -0.300574428735349 -0.288791256001234
-0.0115811448608089 -0.0388363089941987 0.114598950000958 -0.524372605004969
0.0246138547715354 -0.03341370579737 0.726798803647923 -0.13617911986063
0.017351654808974 0.0389552160664259 0.548731301591701 0.662049882396178
-0.0179217132002408 0.0263377414781605 -0.123059436622831 0.639522974377376
-0.0215689347650614 0.0125659479884321 0.0340090761490312 0.0882049244705758
0.0120917875880854 0.0320863552551692 0.151915848971836 -0.560647993705103
0.0149262784760889 0.0232225091419081 -0.564607796343979 -0.662510992954559
-0.00839019731832374 -0.0140225410932415 -0.810725078120629 0.220109887386285
-0.041524660276323 -0.0121998216756469 -0.0667980606067031 0.660262158452885
-0.0118819674489244 0.0138683178705935 0.349467067406133 0.277098780130423
0.00896972398909224 0.0111410366174788 0.210172593172041 -0.063033474227057
-0.00611042420716833 0.0157626171815103 -0.0509012394394956 -0.188838073766291
0.0150256919594001 0.0168079921207779 0.0594448128298929 0.14574008101913
0.00261904602380085 0.00534043561541247 -0.121539599200766 0.0333675727088739
0.000707942500146361 -0.00466802681972982 -0.302989367866378 -0.284251927570462
-0.00886640005422414 -0.0301412087451807 0.0939464519295958 -0.531433424200402
0.0179916616171198 -0.03406752505748 0.717965057097798 -0.1603016291669
0.0165600491024988 0.0294669258382846 0.566172491156348 0.644602189855593
-0.0134107171908613 0.0177482849250266 -0.10768152628542 0.645744117322194
-0.0154618028668057 0.0046529075878438 0.0340094873761854 0.095590932862658
0.015303904694113 0.0228744076748138 0.165403400369655 -0.554920146676428
0.0105393219697299 0.0147222493589398 -0.545814830144643 -0.677649216280824
-0.0129916105372222 -0.0147088289183159 -0.823986271636362 0.197661431845868
-0.0377742297616052 -0.00478323134513928 -0.0870578920308894 0.654695755885692
-0.00518140566313567 0.0203479340207997 0.345294134696372 0.282512707266382
0.01510992470449 0.0117567424930083 0.214900285387254 -0.0559968022811443
-0.000147425706875532 0.0119367974040606 -0.0523072026327857 -0.182579187594285
0.0204646139604001 0.0122491803746081 0.0563285938779587 0.150278119870689
0.00745197210334389 0.00589175142006981 -0.11997369650912 0.0421186692777846
0.00503620386023286 0.00211175758467446 -0.308710408457222 -0.277468291982823
-0.00743513163689944 -0.0210379262229952 0.077194594975537 -0.539468171890008
0.0132985894929969 -0.0355746130520381 0.706128108705986 -0.188896629957536
0.013402047494772 0.0173460592376828 0.585359611738202 0.621716507718595
-0.00968839210274691 0.00679285146192587 -0.0929325248055233 0.648546031166927
-0.0103032588472994 -0.00482808878414503 0.0353843625732669 0.100897815947239
0.0174336050439367 0.0115355756010284 0.178582885222434 -0.551173554689085
0.0066977915424301 0.0054274450360895 -0.524188179154788 -0.701060901933769
-0.017031728791227 -0.0147299514601545 -0.83311404534193 0.166742999329507
-0.0363361953826373 0.00259176330256307 -0.112380340353312 0.647879613688273
-0.000605634360974595 0.026959701875049 0.337416554599613 0.289786578610679
0.0186207804504969 0.0123665132518492 0.218201020866157 -0.0474003264327908
0.00605529229656356 0.00731344193845007 -0.0556531492779633 -0.177050540068648
0.0245764680668624 0.00839373714424077 0.0517723739480886 0.154803108295803
0.00867937808219408 0.00420538403275307 -0.120498101402945 0.049334484147357
0.00737464811157972 0.00649451196461461 -0.31415061029955 -0.270378916500672
-0.00438724890828863 -0.0147733688360112 0.0578563597609993 -0.545679306971081
0.0103269854874397 -0.0371001449015974 0.694252170593552 -0.216094994867303
0.0102727649315776 0.00839564979295404 0.602133786126758 0.593201563690571
-0.00704080499642035 -0.00414440072398464 -0.0759579041112364 0.6401793401114
-0.00575458114957335 -0.0148763072397337 0.0382721043938856 0.100883351576877
0.0198567461532515 0.00158729640690197 0.19531453549247 -0.549890685036813
0.0048550513518833 -0.00386882155458802 -0.499771718097995 -0.725927215559869
-0.0184688065861639 -0.0163511529951135 -0.843239872138112 0.134791970794187
-0.032142564094312 0.00766015298864349 -0.136343312797198 0.638575748382897
-0.000632365056183911 0.0328995013782425 0.330207742654011 0.29721213313222
0.0197678525814434 0.0122596330534374 0.219098204483714 -0.0401216865001276
0.0105058288025323 0.00207504070012208 -0.0592501913492464 -0.171758674934529
0.0272248169383238 0.0047347685863395 0.0478772375964604 0.159232004046158
0.00818275092685915 0.00200465915555645 -0.121599887466599 0.0558432667321995
0.00718985916208147 0.00826689052985023 -0.320795819963147 -0.264260166524021
-0.00190407750757744 -0.00995687468454054 0.0420097791272256 -0.552909505038712
0.00918294177757859 -0.0379103001685335 0.685579996770749 -0.24343843956717
0.00752986288910625 0.00228338590539097 0.617089803667966 0.568668230705365
-0.00730299515063316 -0.0141324134837963 -0.0602198170225849 0.634695854051773
-0.0019449772794145 -0.0247511615327272 0.0429106504207831 0.0979372519113651
0.0212372241460949 -0.0082899583556698 0.209297077915513 -0.553744598070974
0.00380937395171346 -0.0102360053392119 -0.481463860199844 -0.748944283824019
-0.0181344950751846 -0.0175421597741931 -0.847836904708711 0.102593780651495
-0.0318761988970563 0.010484126600246 -0.154840466508683 0.631818848085597
-0.00337523184522623 0.0358041692849369 0.322186210266037 0.305833481835376
0.0185098311428288 0.0103007526339441 0.216546356024537 -0.0332720584170665
0.0129449490374323 -0.00192830836543129 -0.0644227907590657 -0.167977483681443
-0.00175026952053797 0.0202896014441602 0.0573105479834293 0.139961081798042
-0.0234277289784792 -0.00341637237166739 -0.14278649309192 0.02102285556581
-0.0275851558048772 -0.0271346764904808 -0.305209291278171 -0.292361452587424
-0.0131091278727835 -0.0542840953154377 0.13417920205461 -0.528435697218132
0.0419406457056742 -0.0322746435532178 0.746821498427934 -0.128784876552283
0.0197151979601457 0.0527525153123459 0.542743514842156 0.65979779764085
-0.0286732023132032 0.0307514024302292 -0.128531949859845 0.611976681711816
-0.0307129469817248 0.011075662016547 0.0481124828024074 0.0589865970007174
0.00383095395028725 0.0382962072231602 0.149332621018496 -0.595332428090763
0.020338207645915 0.0371017617762626 -0.578537162245864 -0.677581288300075
0.00666645471116475 -0.0175204297509729 -0.802280816897209 0.226697045015923
-0.0457742722881969 -0.0267346965197605 -0.0468874178833347 0.661695695762205
-0.0338450958426764 0.00159681415462759 0.349360609144175 0.275279155019066
-0.0115012231975474 0.00207826320296444 0.198415957354744 -0.0658604200092639
-0.0159845934010237 0.0145341675064238 -0.0555162311962492 -0.192181560594879
0.000264084121572233 0.0213211775576577 0.0597932426406467 0.138584414206421
-0.0178886828054023 -0.000665937569123545 -0.137332234251305 0.0194285666153415
-0.0219966931425458 -0.0247457926371183 -0.299816490036948 -0.293890348280699
-0.01242632300359 -0.052396377410912 0.136761421186494 -0.52324762097369
0.0373508862357749 -0.0315481419932756 0.744911886024578 -0.119352669671726
0.0196978111744521 0.0530885431088666 0.538196872128194 0.671640222805567
-0.0268746492495593 0.0328531690387467 -0.1363157658754 0.62368777298911
-0.0296891747056935 0.0147205264586555 0.0423351447186267 0.0691299121903039
0.00610154674030602 0.0395933166664611 0.146718613144029 -0.58488704880319
0.0201750119184002 0.0359263451555275 -0.579393398034871 -0.664935126373812
0.00325705280866959 -0.0164773245403591 -0.801204411386457 0.235141429322015
-0.0456564555304754 -0.0237043318829521 -0.0476416787379581 0.664493150128427
-0.0270652924142609 0.00394113937804425 0.3507429157525 0.274164282767623
-0.00488177982706441 0.00568672780323654 0.201301199710343 -0.0681334395559219
-0.0150176845686368 0.0173449112088932 -0.0525610744966798 -0.193771689204897
0.0041441200548044 0.0212944947785187 0.0611171243194007 0.140223882374951
-0.0116028167985027 0.00169375936686432 -0.132404216373508 0.0206563890778909
-0.0146274362325966 -0.0187842044403628 -0.298733938213764 -0.294382374341734
-0.011844789713033 -0.0473799721686187 0.128121678715229 -0.523273461458707
0.0321787361487121 -0.0319918529518202 0.738154823016836 -0.121273439732348
0.0188842608117105 0.0474494585553497 0.539004828811604 0.673679018094956
-0.0224164233633733 0.0311430550672808 -0.132845582689063 0.633787980085071
-0.0261785448857084 0.015155994064636 0.0380126987666988 0.0792480609007595
0.00862343534204503 0.0377474743616762 0.149417022463886 -0.572114238366646
0.0184461177690949 0.0308366101263222 -0.575146817073064 -0.662227237716651
-0.00278298283824484 -0.0146865550239002 -0.807237624587756 0.233430599554502
-0.0444752546939944 -0.0189592616541194 -0.0552869732852044 0.66339511049307
-0.0192262464063411 0.0086076611404331 0.352947783653504 0.275620205707104
0.00173905425558709 0.00902813259018123 0.206953835117164 -0.0665218657036108
-0.0106603320956585 0.0169060787013575 -0.0514125914468294 -0.192807674001942
0.0097133729278904 0.0195722024902343 0.0604817428934473 0.142301506118057
-0.00404208858902868 0.00426073651405697 -0.127902837022124 0.0261415325458774
-0.00660813817352386 -0.0120825288982015 -0.301410069687283 -0.2915998155176
-0.0109404832701118 -0.038516390368124 0.116706715325932 -0.526466823470902
0.0253678433486849 -0.0330707096713035 0.730764977118211 -0.134442649321402
0.018082086323851 0.038975458273151 0.549174315446523 0.666938547453696
-0.01775716335302 0.0256959070986159 -0.125804349541022 0.641569920268674
-0.0208258520617861 0.0112807952848785 0.0349696224852216 0.0888084583618459
0.0115621895275133 0.0322888741718971 0.156381577029508 -0.563609326436801
0.014920195246067 0.0239126980243114 -0.564292470068136 -0.667872267169025
-0.00839822963851729 -0.0140173519071811 -0.816081750944264 0.219669426316285
-0.0421874245671098 -0.0117833880177461 -0.0684716665817249 0.663680174606129
-0.0113621302230294 0.0140307629371343 0.351484453253765 0.279157064316854
0.00846510603854427 0.0107362301508256 0.212605859889509 -0.0614442687711526
-0.0060666841090507 0.0153082886066518 -0.0510687835187851 -0.188900456269444
0.0148240365942527 0.0164245567983527 0.0581535116516437 0.146225598299379
0.00199501144560502 0.00593095966798035 -0.123197575810006 0.0324514405145817
0.000542157943044217 -0.00508547751766133 -0.305090906990814 -0.285388680704888
-0.00921632984673821 -0.0304149470203847 0.0973546641275657 -0.534412685422232
0.0185395253405481 -0.0339491115742992 0.721244614737365 -0.159301351133513
0.0161314394023708 0.0287777598524751 0.568187812998462 0.64946074458177
-0.0137700196792517 0.0177415548032197 -0.111984677616196 0.647985729549846
-0.0162852040399696 0.00391272071894023 0.0336823259076661 0.0962935950886977
0.0150221291652653 0.0226782976012147 0.165925967481543 -0.556284021517395
0.0115274255215143 0.0144305013894136 -0.547109047281783 -0.683710114723472
-0.0131498466530629 -0.0141984215713313 -0.825754508153569 0.196294088216104
-0.0386087084050052 -0.00450147591408028 -0.0894530528557593 0.657463131496596
-0.00559805134545658 0.0204665697127786 0.345928026946487 0.285201476615142
0.0145653274365163 0.0125826362905667 0.216314027531649 -0.054814065860741
-9.53066183081702E-05 0.0116644544755689 -0.0515209200972189 -0.183643290005208
0.0209588044050995 0.011471477096704 0.0554225086585223 0.150379238733008
0.00596350593595051 0.00595567738969445 -0.122163285162241 0.0410731953999018
0.005471758155323 0.00159927387985127 -0.309727497628159 -0.278318464080663
-0.00681824930380249 -0.0217241027116192 0.0777605506067575 -0.541162035930924
0.0134020457887268 -0.0357726641316757 0.71113997550958 -0.185068657170024
0.0132575746789128 0.0182000073384668 0.58580253333452 0.625889962385408
-0.0101847088523013 0.00691335144628078 -0.0949400493662856 0.648949632657232
-0.0104785134745921 -0.00526042790350878 0.0341118960979564 0.101942287108321
0.0173329892067189 0.011663215918933 0.18141096454233 -0.551625587234135
0.00815584171184562 0.00443748391209273 -0.52489751369934 -0.706670471128521
-0.016462402338742 -0.0148046412173998 -0.839605820080914 0.165022873481982
-0.0358344336389919 0.00285443137735019 -0.113865515980496 0.649792561170246
-0.00132661445784202 0.0275557335335511 0.33943807102881 0.292653869320777
0.0185278087960421 0.0132077590549894 0.219120528875145 -0.0470008515380409
0.00579402463090784 0.00691094368119204 -0.0548968644931257 -0.178609080049335
0.0249070445944959 0.00789765681962416 0.0509964003062248 0.155738389462385
0.00825476576546797 0.00403857291710371 -0.122458177797882 0.0494588002747371
0.00771947403491756 0.00602920363310272 -0.316388083432342 -0.273301008723037
-0.00402782738624961 -0.0147328151756482 0.0590736732125916 -0.547641514257852
0.0095797575777008 -0.0370281411119046 0.69953522109882 -0.21574265441648
0.0101736405374606 0.00913200725836042 0.603351006698833 0.599946988269314
-0.0069748565192011 -0.00545128174665144 -0.0790710281517455 0.645146828713433
-0.00579864471315946 -0.0155785750294269 0.0380089342426476 0.101769505807701
0.0198382212854701 0.000288126753658795 0.198727114197131 -0.55202968030369
0.00559507635947004 -0.00447685444354934 -0.501814040447128 -0.730461404748734
-0.0188588822840403 -0.0166442894782657 -0.848077554386449 0.131947370700625
-0.0332994452698175 0.00852614130981078 -0.138987253168969 0.641743014063778
-0.00049928130686323 0.0328422488630358 0.331895944048722 0.300391403449344
0.0193789885275627 0.0116404005382318 0.220395890436218 -0.0384536847134126
0.00947680105490415 0.00191557884343441 -0.0582797096252802 -0.172112403706034
0.0270081009057633 0.00363896562828479 0.0475168926396672 0.160734391254834
0.00738993959903422 0.00132662569075846 -0.12354921574002 0.0560685386857635
0.00664466509049361 0.00832487440422303 -0.322285044353433 -0.265444368675641
-0.00210398473565422 -0.0104485157974188 0.043559063119405 -0.554662431390044
0.00899780214289649 -0.0380997298255546 0.690109203064927 -0.243030953466777
0.00816325188785042 0.00259623952520769 0.619694066291061 0.574117761830155
-0.00677539057912205 -0.0141658242602946 -0.062791118449374 0.63816028575368
-0.00263543916014024 -0.0244932313450228 0.0429596053471036 0.0988417805591133
0.0208952558597185 -0.00917339272373898 0.213956442137175 -0.555867416859376
0.00425480008693124 -0.0099483106840168 -0.483004498363338 -0.755083163304221
-0.0189544153779035 -0.0173867027310897 -0.853760193702483 0.100735043979933
-0.0324988506952294 0.010930007732437 -0.156336443820002 0.636065562290432
-0.00311428124155055 0.0370839240096654 0.324313683022175 0.306956644722925
0.0173972627487162 0.0101540770379812 0.218756114270526 -0.0319482403239024
0.0125999038292188 -0.00113306768446403 -0.06383065564311 -0.168321920018138
-0.00152423750381673 0.0198522794479408 0.0573592244449086 0.140469584749061
-0.0247027387751077 -0.00395194927722904 -0.144576393417825 0.0201639102541382
-0.02889642334028 -0.0276125897768309 -0.307252141708087 -0.295044489846843
-0.0122927838745266 -0.0555381050091313 0.134197651856362 -0.531045858092181
0.0419837828029603 -0.0319533536413627 0.754642188706567 -0.12787694019535
0.0197536568096525 0.0531046654934393 0.544251081995267 0.664148464083642
-0.0293842721583394 0.0299900406962399 -0.131121109046909 0.616750094017178
-0.0312238090889214 0.0107196182339811 0.0480926605763502 0.0594192831706303
0.002958929734895 0.0376065059661034 0.152458362480586 -0.596487859962711
0.0210571576244967 0.0365003211700784 -0.579985494831224 -0.68426313551213
0.00694892329845103 -0.0170085666093304 -0.808772146216334 0.228417448258241
-0.0469919359814487 -0.0272559158272228 -0.0500169179395567 0.666755576248756
-0.0341896794782937 0.000949377745191559 0.350587291317814 0.278374224664545
-0.0120259899023499 0.00166034695591638 0.199406812645934 -0.0653893423138107
-0.0159887883433427 0.0146700741284125 -0.0554041980334216 -0.194025013512517
0.000454849172558407 0.0211510575135775 0.059779249607872 0.140536598093561
-0.018961143248625 -0.00072949075670325 -0.13925365784641 0.0179926473992078
-0.0221144079361927 -0.0252081317863223 -0.304661554141498 -0.296910214992625
-0.0122593072261634 -0.0534846483431362 0.138832416767683 -0.526378572644527
0.0382488598685429 -0.0310833999240436 0.750663730617556 -0.11826058854832
0.0196600220571382 0.0523296551732036 0.540181097777705 0.677404031976819
-0.026922203606577 0.032606594686379 -0.138841208203454 0.626116174274495
-0.0306044310349129 0.0146278529462089 0.0421003400089508 0.0697030001098379
0.00538935882426779 0.0394070981546295 0.148918193140904 -0.587438791397942
0.02127834425867 0.035558722683955 -0.582487572168963 -0.671919243475051
0.0023118006351966 -0.0159155039448279 -0.807775776224429 0.235591489467755
-0.0467570164194416 -0.0241638791391772 -0.0497694730143224 0.668330297331536
-0.0270148175065321 0.00437269499741204 0.353347209297386 0.276656538743346
-0.00507789725676351 0.00540875513479144 0.203862101298313 -0.0670538982944399
-0.0149769453077733 0.0169739338863128 -0.052171050083187 -0.195324487846667
0.00416850561007166 0.020412203578522 0.0603780839896796 0.14080249495277
-0.0117924131682783 0.00167047194893368 -0.133447237419239 0.0204579879328534
-0.0142423806167123 -0.019526395427122 -0.302855981627536 -0.297610555301836
-0.0121339721184214 -0.0478881218424178 0.131140530945831 -0.526695441257715
0.0321983640131536 -0.0319685384440254 0.745288545227062 -0.120907733300577
0.0190088081516699 0.0476752332106702 0.541102701775843 0.681667215457885
-0.0229250126383261 0.0314046174371196 -0.135614400321248 0.637313543392092
-0.0265026893705109 0.015315673226036 0.0371479039698359 0.080216494298895
0.00802751546509708 0.0373728628391311 0.152012391454753 -0.575771333307322
0.0189910568521123 0.0312930782935631 -0.57609216279742 -0.667609097458468
-0.00304225087076842 -0.014667409287852 -0.812982983390414 0.232206064871102
-0.0452759003269003 -0.0197778241534693 -0.0561779247351917 0.667978679626104
-0.0185928142325103 0.00794979922869028 0.354974488677097 0.278429182022442
0.00149553822633123 0.00897633499205274 0.20922726560682 -0.0659170864827527
-0.0108936788355441 0.0171219870004457 -0.0510863569566412 -0.194368940643388
0.00994155279271643 0.0189301177354374 0.0603136760868946 0.143587238330766
-0.00510308155007943 0.00465064371934649 -0.128551258834531 0.0243208311412974
-0.0069046353266524 -0.0125760247496424 -0.305123426074142 -0.293070609342551
-0.0110520677262462 -0.0397422540476747 0.117700591849853 -0.531112527976186
0.025158965321648 -0.0328238843368999 0.737273003939692 -0.133115017505018
0.0169656610858765 0.0390045647825817 0.552935787311155 0.673332833157639
-0.0186232764133877 0.0254371348743422 -0.128599650613368 0.64568433836033
-0.0217538724089343 0.0117785200965156 0.0345407281236986 0.0885463937851603
0.0110493235746695 0.0315688715304341 0.158327722674797 -0.566243027227503
0.0158684351642522 0.0242216265844251 -0.566600740383903 -0.675834430263824
-0.00837882742714449 -0.0136099394725012 -0.821406360967162 0.218991358146129
-0.0420678277014082 -0.0116241672259795 -0.0702658108646922 0.666870487882363
-0.0113765139844984 0.0143960758630171 0.353985923640246 0.280906127143262
0.00855739184579182 0.0105779209311225 0.21423582984375 -0.0612861283051203
-0.00593453925829133 0.0153368383864779 -0.050894708395636 -0.190347335303769
0.015685235015852 0.0161564059885122 0.058170591715809 0.147232101460522
0.00122913081138741 0.00554943576269264 -0.125561739547279 0.0321042871356921
3.17243047887848E-05 -0.00490458916757828 -0.307898226752272 -0.288143487986208
-0.00882413406810752 -0.0305974200170058 0.0976612628003365 -0.537021794256824
0.018098403835624 -0.0343372387549613 0.726102797487467 -0.157426328009895
0.0161914496563833 0.0292136400755376 0.56944458670557 0.654561612854814
-0.0139568330371585 0.0168928477590435 -0.112748975591677 0.650468169788433
-0.0162630978376884 0.00427607520475855 0.0335096221280927 0.0969700023433428
0.0140508583734861 0.0223431728415726 0.170078716028484 -0.558948796898267
0.0121395585267259 0.0148219796105158 -0.547755156181234 -0.690001457716245
-0.013549066456897 -0.0137480812103313 -0.833376117183824 0.196736265746467
-0.0397969053992991 -0.00440201975484624 -0.0899382678753488 0.661385653560988
-0.00537460720339438 0.0212141718853345 0.348096821849359 0.288375867656137
0.013946789616703 0.0123842863821414 0.219234056713379 -0.0553957526150466
-0.000278007083725969 0.0116513735941898 -0.0523588435779181 -0.184283458456123
0.0208325134550838 0.0117741054953485 0.0553027117448562 0.151408285075992
0.0055897598503002 0.00598104150408748 -0.12448807150556 0.040115966962843
0.00543119920650328 0.00105146722637256 -0.313699388172526 -0.281095668611747
-0.00701946419341959 -0.0220588750380819 0.0790869961253019 -0.542947597036966
0.0132681548907039 -0.0357090665499897 0.715567903076764 -0.186704212600619
0.0133694028208202 0.0177183096020566 0.589884844535652 0.633299188266893
-0.0102829132455408 0.00621833665439491 -0.0986314224063818 0.654329346082771
-0.011149867402719 -0.00569685771172779 0.033960231571727 0.101536312161147
0.0178393568263496 0.0116976335087312 0.182624818314547 -0.555330849227611
0.00844126519176108 0.00449171734029808 -0.526324862731793 -0.71410392979805
-0.0174775986454325 -0.0148483780340016 -0.843581148071139 0.166771881468606
-0.036724171251892 0.00251963966189861 -0.116648532193131 0.654501511934378
-0.00131452364163681 0.0270903750218312 0.341744681799716 0.295111143722558
0.0184810177831549 0.0128375321697841 0.221762326950788 -0.0467567005500315
0.00577211536868759 0.00727745273865428 -0.0558590704590978 -0.179135721443805
0.0254017755776816 0.00733295382742594 0.0509103737373135 0.156823611823914
0.00736718656884011 0.00393149035806429 -0.124150194312327 0.0479487482383846
0.00705126708872413 0.00636150075689206 -0.320804559673062 -0.275354299936979
-0.00379375207516121 -0.0150478437987597 0.0600799030378901 -0.551737850947517
0.00965179795822543 -0.0370142099479487 0.705646497238128 -0.216651594993792
0.0100140066574067 0.00817410516118524 0.607628232482899 0.605130604969402
-0.00721258479866194 -0.00555727553068352 -0.0826230294700855 0.648654165949106
-0.00613416060635683 -0.015627649240493 0.0378946590051276 0.102301334924595
0.0195827254216247 -0.000222348720793268 0.20232058513063 -0.557776795223011
0.00670512134418465 -0.0046680012737914 -0.504076764659771 -0.736975175738714
-0.0193217385104919 -0.0162240201750871 -0.854869110506559 0.132181808143751
-0.0339324339146279 0.00825766889416101 -0.140609177952016 0.646460926580136
-0.000558617933032413 0.0335301426291615 0.332931028594809 0.30337966387486
0.0192580841809419 0.0116813371423358 0.221464739086216 -0.0386715574812203
0.0105998931903782 0.00179745155329414 -0.0584617417186297 -0.173699227803456
0.0272959424983103 0.00344236578771813 0.0476184730219166 0.161010842484245
0.00674434522523361 0.00133988844247766 -0.125506231452913 0.0549555932612191
0.0058200348141753 0.00846271706870229 -0.325766213152838 -0.267724510621937
-0.00207638614189479 -0.0110083059372947 0.0440825446894868 -0.556495532857352
0.00922018514252466 -0.0384054594717119 0.695747020398312 -0.242808464794649
0.00747710080616034 0.00203627748822711 0.620378177768354 0.578200765286992
-0.0070653018662467 -0.0146653775818588 -0.0657179634081165 0.641787353572483
-0.00250010786351072 -0.0247184122883187 0.0425164262727547 0.0992901957067454
0.020702598158751 -0.00897692053571908 0.216621276263303 -0.559608775871271
0.00472045613560078 -0.0110913375586642 -0.484976641789052 -0.761521997285515
-0.0183547371690665 -0.0187085044230605 -0.860092466756329 0.0997025685134431
-0.0324155172351405 0.0114896919893699 -0.157808308402734 0.638526949454422
-0.00321362099975418 0.0364790536860752 0.326555455353217 0.30917779736114
0.0175587425631554 0.00971700581619231 0.220464275469937 -0.0310228610328365
0.0132146470156989 -0.00197800356057985 -0.0633597098189257 -0.169651320969938
-0.00216279224149654 0.0199351778447946 0.0577197890245068 0.14216642372358
-0.0259299269774077 -0.00384770664376784 -0.147329431753647 0.0197693709648734
-0.0291744815483523 -0.0283173856048935 -0.311246464583305 -0.297652003064243
-0.0127000726481413 -0.0559051748439564 0.136953543881404 -0.535122075370176
0.0419274286946458 -0.0328380123070895 0.759348868728469 -0.128703804469849
0.0196830931782326 0.0539701413099918 0.548577416611245 0.671615876196689
-0.0300754452301698 0.0306831625606913 -0.131550690923284 0.619885854384098
-0.0319374346593908 0.0107116577445637 0.0484896300824834 0.0600518722083054
0.00310431391924941 0.037095932802917 0.153866659211304 -0.602366037631972
0.0219341472079336 0.0362551111508323 -0.584406661991562 -0.688629815336807
0.0068561317086964 -0.0165043432274914 -0.814269433880722 0.229026411769666
-0.0478098638318123 -0.026479756191617 -0.0484356313379814 0.670639775869501
-0.0338287215018521 0.00143679846058456 0.355040936559384 0.279916836499019
-0.0116835647869272 0.00203329610798323 0.201902692174235 -0.0658041879062318
-0.0169846050445274 0.0154330314230567 -0.0557881016691969 -0.195727031614203
-2.6906652459011E-05 0.0209018148565354 0.0604339720686579 0.141086195927816
-0.019603370360788 -0.00130910859269145 -0.141724409552604 0.0174752768945878
-0.0219237857300995 -0.025502843401286 -0.308006764943239 -0.299487997659004
-0.0125748428840706 -0.054369123223696 0.140057287813828 -0.531058873597996
0.0382638092149427 -0.0315051186011374 0.756539681427554 -0.11789701403884
0.0196658330906191 0.0530482913661632 0.5426235679158 0.682713526575164
-0.0279216796539398 0.032153691478034 -0.13934841348618 0.630951960656257
-0.0301919679673676 0.0143999803973652 0.0416907994771868 0.0704642354515014
0.00497688447187459 0.0393437238326051 0.150610782186386 -0.592637927839981
0.0225275258554801 0.0353409037200699 -0.585098930019816 -0.678794853368797
0.00227895213874847 -0.0162880214940884 -0.815026674392391 0.237762468137499
-0.0477288516126032 -0.0238139301707368 -0.0492265594076195 0.674476755710223
-0.0271044252479741 0.0039717336517108 0.357386483704278 0.278867058247133
-0.00544620211888428 0.00510436289687748 0.205776402562441 -0.0666444044719832
-0.0162021778151142 0.0173591182829553 -0.0522443184654013 -0.196329016086326
0.00449896661126255 0.020677743438372 0.0603140138484532 0.14202539696052
-0.0121626946989316 0.0017181602941838 -0.135227387641431 0.0190948215968051
-0.0151363459766113 -0.0198668931846335 -0.3066606642925 -0.298006514915351
-0.0126261331851531 -0.0485892681264152 0.131449780772863 -0.530633831172862
0.0326628233664503 -0.0316890381424313 0.750411677027815 -0.120677906250965
0.0194117364995604 0.0483633676588991 0.544560893360981 0.686416654029234
-0.0234753819373724 0.031421671006547 -0.138182681817163 0.641293665939473
-0.0266876688437214 0.0150927368768542 0.0365253905168558 0.0802670495492762
0.00863142871183758 0.037440634552655 0.153156244156516 -0.581609532013398
0.0192333074403675 0.0312192862860682 -0.581755965352812 -0.674681357155649
-0.00295480730537448 -0.0148718232878655 -0.820059198257072 0.234912456180965
-0.0457598758710302 -0.0190967060646477 -0.0565423415254266 0.673934485564334
-0.0190920203675847 0.00841385773577734 0.35780841511123 0.280245056786762
0.00132859704210339 0.00886413612666313 0.211224666759266 -0.0652691500844617
-0.0118664047956012 0.0181564771682616 -0.0506694014017108 -0.195517883173532
0.00921106228236576 0.0184074362153132 0.0615491911733727 0.144446587032713
-0.0055985077026161 0.0045898689765298 -0.131679506510019 0.0241724952222007
-0.00670640780345903 -0.0127639975324796 -0.30915344498024 -0.295350232043682
-0.0120209907960978 -0.0414619795356406 0.119368110745206 -0.535210380959953
0.0253571871951232 -0.0332088417757025 0.744258929543822 -0.13319048340041
0.0178423632970441 0.0389484100598766 0.556187288040221 0.679620135330221
-0.0186469804944772 0.0260100717710359 -0.129032792996375 0.649481821501665
-0.0223094914676835 0.0117932910911664 0.03369095744799 0.090520588403554
0.0112283865480335 0.0313942146942122 0.160287033704455 -0.571092327762304
0.0171153471722633 0.0238279033434969 -0.572025451616057 -0.681591510197129
-0.00862890970666002 -0.0139509040962024 -0.828661527684978 0.221357084137637
-0.0427763121424935 -0.0119136836776764 -0.0697728638306722 0.671369698873152
-0.0116764489790902 0.0141332953778605 0.356131814441411 0.283017396861027
0.00898224843367668 0.01071586790512 0.215493152148494 -0.0613317234022748
-0.0059628394825954 0.0149503990074805 -0.0518468589316889 -0.190545193793538
0.0158279916394418 0.0151140453662124 0.0583265696775573 0.147549700849449
-0.000289311737913803 0.00579954401117897 -0.126738272476406 0.0313959778991086
-0.000266763868458378 -0.00515609844109627 -0.313094178311616 -0.290136266194085
-0.00967358035546869 -0.0315685596871472 0.0991253514261083 -0.541994058820995
0.0182695171187114 -0.0345990423339713 0.733886163979846 -0.160081472142523
0.0160838423564162 0.0298530025726153 0.572042334053332 0.660020126834668
-0.0142759909516774 0.0170580422219499 -0.11508796693073 0.656609838121971
-0.0169283868055226 0.0039281982922602 0.0338877619464252 0.0978934006940759
0.0146339263003929 0.0222797390391471 0.170674418024317 -0.564896099708497
0.012785079193563 0.0145677311370583 -0.551770959798814 -0.694883435432139
-0.0132928308040019 -0.014208523984292 -0.841110061301765 0.196070154241215
-0.0396958704116551 -0.00501801520065457 -0.0909623395389561 0.666748124284548
-0.00554893649419496 0.0210058174114026 0.352206865372681 0.289543264685916
0.0145771717315265 0.0117277533645928 0.220547856820387 -0.0553900291634997
-0.000227416561523367 0.0122292127989272 -0.0525126465104983 -0.185362863071278
0.0210571808414661 0.0113368833816733 0.0565326980389089 0.152717866343224
0.00553715780812847 0.00630396388573593 -0.125115977493148 0.0401577954359483
0.00531158050914808 0.000481616947595321 -0.317606755174957 -0.283115065341727
-0.00694504268864335 -0.0232928912678282 0.0799074090751526 -0.548880213075524
0.0137149555762195 -0.036302089729251 0.721561358385331 -0.186541767592239
0.0132025770779556 0.0180075670417058 0.592251605007144 0.637250743445557
-0.0103508769575348 0.00515271881474888 -0.100444535119547 0.657958834600486
-0.0113096468803273 -0.00496292036825032 0.0351516105952858 0.102733622879209
0.0170485304035076 0.0108552158837306 0.187069553610067 -0.560973721489258
0.00939253800050136 0.00412498656744286 -0.529470243218608 -0.720075869946105
-0.0172309854415877 -0.0144822881906577 -0.852642005076352 0.166618171048236
-0.0367220985549573 0.00178880719132702 -0.11767118550862 0.659210034602
-0.000748476221918412 0.0275261936290094 0.344536617899211 0.297586396125543
0.018114256145467 0.0126889558587788 0.223609734282623 -0.0459561169345144
0.00529461574204407 0.00765094101516221 -0.0554657169999791 -0.180351886620715
0.0251094645956347 0.00709448096498129 0.0512257947095131 0.157991704539211
0.00689427992075911 0.00390825864469031 -0.125997758608669 0.047194671757214
0.00782911973545312 0.00626785477451312 -0.324323331156901 -0.276386144889108
-0.00424618791891887 -0.0158154578501575 0.0617178284633593 -0.555000188665959
0.0102267862588865 -0.0370992135314854 0.710876027123669 -0.217635423567298
0.0103193265072268 0.00867046405234894 0.611913013531104 0.610021881508807
-0.00820788904456494 -0.00626887448937577 -0.082255363083512 0.654334274363493
-0.00643345102433494 -0.0157295367685219 0.0379486475723916 0.102853779148748
0.0193553387630256 -0.000314465945683087 0.203791474865798 -0.560851256461415
0.00713383157934158 -0.00480152046244207 -0.50775405215834 -0.742838261508518
-0.0191443291798775 -0.0160681122336079 -0.861344399807611 0.132026386675722
-0.03455775391637 0.008358851521007 -0.141267892812637 0.65130346925926
-0.000370034678941134 0.0329115043614072 0.337071387417157 0.305965250938673
0.0189661392863446 0.0113586247146898 0.224998038876465 -0.0378590444487334
0.00972003984091628 0.00238794578864369 -0.0594049189906929 -0.175300084843178
0.0271794443285192 0.00290769139851309 0.0484990275726642 0.162092999398572
0.00600962748015713 0.00112750621627108 -0.127592693404064 0.0546631152859401
0.00634946814198978 0.00834338073313497 -0.32992911175777 -0.269513619565014
-0.00164502432366271 -0.0117893506918764 0.0449261333695528 -0.563073151874649
0.00916261009466785 -0.0388745056982628 0.701799697087712 -0.244755829516171
0.00749355644696427 0.0015756489682097 0.625425032116236 0.58285033768877
-0.00718893763519959 -0.0155332107461421 -0.0644232992677901 0.645317275449623
-0.00351944762700273 -0.0259157120190736 0.0423260097406612 0.100191660390789
0.0207988596632675 -0.0100241973177002 0.219434753625247 -0.56478931923546
0.00519798573228944 -0.0110689981632964 -0.488521071104144 -0.767447311179053
-0.0187199088050491 -0.018179102725177 -0.867302407160488 0.102773505136616
-0.0334061303729347 0.0122255064317217 -0.156842186471534 0.64263302207933
-0.00261560186178497 0.0372779670372176 0.329143591302092 0.311846019197409
0.0171526789229107 0.0101436879999505 0.223418645219819 -0.0315258596978966
0.0133871378373123 -0.00226077176350316 -0.0648894770915101 -0.171232298751158
-0.00202818517015714 0.019750597773349 0.0586874955863939 0.142900377701593
-0.025732390351132 -0.00358687792644603 -0.148401991400543 0.0184097792132254
-0.0292683018765082 -0.0282613392505681 -0.316171417854323 -0.298940043507367
-0.0137727427770228 -0.0568688983325022 0.13649182415007 -0.539755073185328
0.0423865527289238 -0.0329758968608411 0.767243775508415 -0.13080834555287
0.0198864227164554 0.0534634957849323 0.552833571966931 0.676614423973161
-0.0299835650830559 0.0300431890628312 -0.133601408644176 0.624555013857692
-0.0319947745412608 0.0109829088924798 0.0482218282427479 0.0604611882933543
0.00299935609346018 0.0376287206028385 0.156002968873009 -0.608235299433384
0.0223180576969011 0.036580430436076 -0.589649419155049 -0.696069837180958
0.00700249716341617 -0.0167887661036443 -0.820938527636145 0.233452667283906
-0.0483631954615372 -0.0261225433121072 -0.0480946870230767 0.677229285049701
-0.0340810873668 0.000842135991556706 0.359240973457859 0.282903513880828
-0.0123508661094646 0.00169811047029076 0.203520613321836 -0.0666687834463012
-0.0170636410070171 0.0148132343392048 -0.0564623485751742 -0.196391006722242
0.000190829484003167 0.0209511076499249 0.0608887470860342 0.142073332638574
-0.0204610258044041 -0.00140697767407381 -0.143306630361663 0.017035384935955
-0.0224354363960647 -0.0262352722568785 -0.311999368711577 -0.300334767672957
-0.0127875339968337 -0.055166103066762 0.140796059321373 -0.535290304339128
0.0379445166015431 -0.0321166558524566 0.763440184545444 -0.122442474231162
0.020038583549667 0.0533938636504594 0.549369082663056 0.687479389850587
-0.0279548011968514 0.0325296125343073 -0.14100962103692 0.636761349903816
-0.0305693887992706 0.0148980604143886 0.0425199372367865 0.0704123507298806
0.00546738922567982 0.0395215806776673 0.153639141934055 -0.59829804033837
0.0217848508189905 0.0356221207995963 -0.591215592027313 -0.683529058170478
0.00226261691410344 -0.0160854899747286 -0.821928120474721 0.241177070938917
-0.047764456955585 -0.0236677998963802 -0.0471440614205995 0.679560007103686
-0.0275781005253798 0.00398421474005525 0.361168434201802 0.280389963429275
-0.00635868623246668 0.00522001375315091 0.208613148528913 -0.0673860245590227
-0.0154555013579539 0.0174311939549318 -0.0535035845862643 -0.198018120728433
0.00426827405633307 0.0203384146801027 0.0617920883783849 0.142305586048148
-0.0133082021011307 0.00222790006445147 -0.137764217429179 0.0195795350061637
-0.0144448197547168 -0.0203783908912864 -0.313156161614156 -0.299447489930448
-0.0129448654035616 -0.0491148676738545 0.132537154419014 -0.535044150864484
0.0322950536715288 -0.0324842716948289 0.757744232246153 -0.121491021987184
0.0194674882671321 0.0479769696415025 0.550725898244837 0.690955152079338
-0.0239813913082261 0.0314323465667769 -0.138059582713746 0.648008655361235
-0.0275125986167387 0.0146467956071297 0.0383106895401445 0.0805923168422965
0.00865952715590402 0.0381216268216315 0.154619528311831 -0.586138695384123
0.0201564177455642 0.0313485920824143 -0.587402253974645 -0.680384372075533
-0.00268239199192629 -0.0143438925689774 -0.825744445174372 0.237011504836214
-0.0469611779985177 -0.0194452838698206 -0.0555608061584563 0.678312996834378
-0.0198205216947338 0.00833392809443835 0.36231495864645 0.282626945632157
0.000786478899215245 0.00834719127109777 0.213592172205497 -0.065331404928635
-0.0120044659934194 0.017680759876969 -0.051626970374208 -0.19639182837151
0.00928925480898029 0.0182318564504133 0.0611471762089465 0.144979638418008
-0.00564368125045489 0.00484137591695904 -0.132826139069741 0.023771580700432
-0.00662492750316475 -0.0127754625836601 -0.313863907545729 -0.296582051450398
-0.0122275459685145 -0.041699327557714 0.119891389749062 -0.539313512103373
0.0250635571813536 -0.0329142156851823 0.74967048586428 -0.134863443375488
0.0186387657843411 0.0395345120566397 0.562511210330764 0.683335958778032
-0.0192332859604621 0.0255616593196681 -0.129616809211855 0.655937087062892
-0.0223366562334552 0.0118970395359564 0.0343961674512118 0.0907708838440268
0.0112420728443268 0.0309244981651604 0.160345467801792 -0.577771944550721
0.017321026394455 0.0240848789051656 -0.576471929420301 -0.686189031048639
-0.00862011303397361 -0.0139562865510321 -0.837142368640737 0.224699341013099
-0.0442662914148957 -0.0119174264104146 -0.0691673475665622 0.678356066927455
-0.0117732745580495 0.0142706971242021 0.360133683645032 0.285812897407918
0.00914078273708506 0.0111003011583587 0.219271481294246 -0.0612269992445106
-0.00612717925386298 0.0169245728494365 -0.0518258152894066 -0.193294501337498
0.0152386037622504 0.0154155350455466 0.0589520317370816 0.148644026994877
0.000191182717722889 0.00647301981398886 -0.129058714345243 0.0314415524925308
0.000140921260933858 -0.00561555180428753 -0.317005153350825 -0.290681422126577
-0.00989787316575812 -0.032109996731619 0.0997044107856573 -0.546249676122814
0.0184596016223979 -0.0346323645619751 0.740185860816317 -0.161575482632328
0.0161793673871503 0.0290873611858514 0.577873853532091 0.665411414250966
-0.0146933502550041 0.0167084866873051 -0.11581418625017 0.661254731203759
-0.0168531987348149 0.00481372882796389 0.033708238058323 0.0986798440661125
0.0145695758069788 0.0211017262858665 0.172148972752283 -0.570490482106408
0.0137299904272454 0.0146447837462713 -0.558019078011727 -0.701865566257146
-0.0135456477496835 -0.0137804913767083 -0.848168260476304 0.200297565297325
-0.0407498706749705 -0.00416171461877477 -0.0903409158514719 0.673904622278154
-0.00459770950396046 0.0212676986991604 0.355847164678986 0.292650595865421
0.0142270885279103 0.0119732384362271 0.223596634547 -0.0548698174905853
-0.000626494803788531 0.0125860706844633 -0.0529473879954393 -0.187504442597011
0.0211063307656555 0.0113767100811247 0.056218868877377 0.153452458127161
0.0047076118626777 0.00614209683248703 -0.126895925454285 0.0389994576772604
0.00551719752912532 0.00142896070422978 -0.322198812884433 -0.284548227481699
-0.00726040343219246 -0.0235130109601675 0.0787762491076814 -0.552507646685845
0.012674389763164 -0.0358822330877362 0.72726969856727 -0.189378638470285
0.01289982423179 0.0177203001095934 0.597912049863265 0.6429260496803
-0.0109174229807084 0.00502815851670731 -0.100891461648659 0.663005858281563
-0.01176731244944 -0.00569984080634785 0.0348094779572958 0.104157440987323
0.0170793447520722 0.0108447868134564 0.189155772696256 -0.565402385478094
0.00970594741582457 0.00491665106567506 -0.536587186108349 -0.726655242485094
-0.0180502646511509 -0.0142919384420434 -0.859207539975331 0.169224754223251
-0.0369476649909411 0.00313604145197452 -0.116872654412729 0.666161504433144
-0.00113236800042449 0.027926174503762 0.348898250279074 0.300618219976554
0.0178841492490719 0.0126041696884576 0.226433734373024 -0.0468144651194402
0.00499733137642626 0.00721227900554628 -0.0552772565265202 -0.181713774460936
0.0248845414098435 0.00739688916689596 0.0518533329793079 0.159169518685229
0.00666828597684608 0.0047668255564416 -0.127368532442635 0.0471188486792516
0.00821830195659203 0.0058668611663897 -0.329349516677221 -0.277823469260327
-0.00433387626181645 -0.0158202861679902 0.0606886083401874 -0.560038105047255
0.00999130101214036 -0.0373440759857891 0.714664589997894 -0.221335740685116
0.0105061769497663 0.00827585824505347 0.615632269888893 0.615660783332446
-0.00820345544428476 -0.00655046798212794 -0.0820376660763955 0.658857607259151
-0.00662550364401401 -0.0159611528894117 0.0381801386036165 0.103860316609718
0.0191395743669727 -0.00135201825693806 0.206055499558736 -0.564635838174119
0.00777107775970696 -0.00501246191465061 -0.513493845358375 -0.751120439504964
-0.0190485128771268 -0.0156135751296242 -0.868548832179748 0.134708616568627
-0.0354772093198383 0.00915440107335449 -0.141398192537165 0.657737825316905
-0.000398114195768091 0.0337000134405996 0.341736902211864 0.307823211358277
0.0189164384112261 0.0118801898684166 0.226061474349133 -0.0387796955798137
0.00982546874617477 0.00267473299334085 -0.0594997263930177 -0.17638105897478
0.0274537834053161 0.00312812362565402 0.0481554022707477 0.163446623990854
0.0050903860031581 0.00136674867976059 -0.129201170522377 0.0543298223660194
0.00646161337015905 0.00802446967803599 -0.335253717452952 -0.270593249940842
-0.00214810635455968 -0.0124953700210965 0.0441607274192465 -0.568104242859452
0.00916560992610088 -0.0384605644790392 0.708363768524969 -0.248979123654547
0.00781030887939533 0.00170105408082504 0.632112632370176 0.588641199488635
-0.00867487891565234 -0.0158486952062754 -0.0660295596795483 0.649898428854305
-0.00362971198465503 -0.0253807507666897 0.042082610593171 0.101041132600172
0.0209791497226162 -0.0102033734870957 0.219942716406359 -0.569290499996309
0.00580533202245604 -0.0120024411640045 -0.49232482106535 -0.775539818910569
-0.0191707136648 -0.0177721426521589 -0.875641497226886 0.103646195884031
-0.0336810049637842 0.0122633409646724 -0.159378125622903 0.649888887711214
-0.00240140776992109 0.0374293619684144 0.333098201942807 0.313243023918021
0.0173799920851539 0.0104952529276424 0.225185113069682 -0.0304583518348752
0.0131076652539842 -0.0020000472045438 -0.0647173354833153 -0.171450222937422
-0.00224714008697767 0.0195958443525156 0.0588576050132504 0.143743754147836
-0.0272396821615987 -0.00373480407217868 -0.151522607905413 0.0185762167077532
-0.0298316157382412 -0.0286612505357947 -0.322157515685247 -0.299596430316196
-0.0135154837426562 -0.0583888976911219 0.136423717289965 -0.544905275356527
0.0422137522212628 -0.0333673299559343 0.774040676331659 -0.134746907938157
0.0204358468020664 0.0541924588267784 0.560862670568297 0.680689976089847
-0.0304420180193378 0.0302334161537033 -0.132726594190945 0.631612819910954
-0.0331316656067792 0.0104144475645404 0.0492847679728933 0.0615699225171053
0.00247468017482549 0.0375078274459615 0.155689628082404 -0.6147754390439
0.0230617399584073 0.0368615503874681 -0.600092991263783 -0.700364406500919
0.00777410585163533 -0.0165574461428258 -0.829849111571641 0.237829502615412
-0.0490494222278178 -0.0263617130622108 -0.0458462299643663 0.684902546034175
-0.0344772722812618 0.00152850748621036 0.364844064458258 0.283306742567354
-0.0126917186950437 0.00150815608135844 0.20649973838157 -0.067004887733227
-0.0174569772801492 0.0154168780000482 -0.0575192241839985 -0.19810309397323
-3.54574090679039E-05 0.0208967239946692 0.0614362321381021 0.14325001736388
-0.0211845665709049 -0.00026532880900115 -0.145042452431647 0.0175106432716075
-0.0228322579840446 -0.0259990541768181 -0.318350049598077 -0.301055777520516
-0.0137094308705786 -0.0558689542431259 0.140391258427485 -0.540563528162788
0.0385170310485254 -0.031887598431673 0.770720833662757 -0.124234071368201
0.0200127346778986 0.0534730675710767 0.555879155617806 0.692510214007575
-0.028495846233 0.0323957131305821 -0.140037393104356 0.64280374492742
-0.0310989826603766 0.014962393322501 0.0427810367980786 0.0707706662371147
0.00527508575007268 0.0393362210203265 0.152054453832979 -0.604389416925102
0.0223873115536529 0.0358505377992454 -0.600574448058748 -0.688757631190707
0.00258649592027184 -0.0153650149852135 -0.829423220873857 0.246630688461457
-0.0488221627782765 -0.023874735169945 -0.0457134249700479 0.684271839796529
-0.0274451046366884 0.00360419954085851 0.368093218881186 0.281622868572366
-0.00650864199535776 0.00558527850933566 0.210575431074549 -0.0691675316639389
-0.01584048299935 0.0177827474509336 -0.054288623446682 -0.199828524391251
0.00407759327467409 0.0205805931691538 0.0620249631590599 0.143701982032034
-0.0147471095899187 0.00267857327662859 -0.139664301605613 0.0192187676046907
-0.0147364283599998 -0.0208970649111484 -0.317375660442609 -0.301275932980831
-0.013082770305708 -0.0497104665773853 0.13087136101397 -0.540137746096894
0.0325338257856265 -0.032230273977688 0.762818290471629 -0.125909713079077
0.0192657162303736 0.0484956403055124 0.558454297427786 0.695654079737606
-0.0245276471597255 0.0307882679941275 -0.137051532026402 0.653022046702575
-0.0279009929685326 0.0151707872253904 0.0374509031349003 0.0816428008172845
0.008050828621795 0.0373970390237678 0.153833888314883 -0.59091662844704
0.0217488737159113 0.0317032640586427 -0.595667666463039 -0.68594608382854
-0.00302229830785857 -0.0141893952401874 -0.834040729978721 0.24393351254466
-0.0469340787599662 -0.0188515288245948 -0.051992783251699 0.68500513742766
-0.0191526973925787 0.00791606502723736 0.36816673976104 0.283618042975141
0.000969856917619994 0.00846480069171742 0.216928875478303 -0.0671343547141423
-0.0116957707330207 0.018159182069907 -0.0527176296137227 -0.197299782954523
0.00962119551576194 0.0179715829284934 0.0621227611806626 0.146174228649163
-0.00694872532748911 0.00476677948500649 -0.134676502696147 0.0248657329795016
-0.00665407043201548 -0.0130349932986103 -0.31934228317017 -0.296445008729328
-0.0121575073019943 -0.0418898817143534 0.118730602977359 -0.543655921320941
0.0258202428051561 -0.0330855588181671 0.757550831432731 -0.140683464632286
0.0185243737723066 0.0399417327713923 0.569733131893143 0.688494220111624
-0.0194705660558636 0.025307663062046 -0.131030452895214 0.660450898054562
-0.023124357148857 0.0121674040226026 0.0352468383894939 0.0914415400739876
0.011739703394876 0.0307123378779075 0.160223469104201 -0.582588887476953
0.0184002066447875 0.0234423764259138 -0.585160852706507 -0.69265409394947
-0.00830524241232687 -0.0137293693990946 -0.845470714526048 0.232268504039967
-0.0444939150125982 -0.0119347272572257 -0.0680898298393822 0.683273660707823
-0.0113766003250142 0.014620941520241 0.365721621194098 0.287005120242283
0.0082477356348286 0.0109039288715561 0.221306080230176 -0.0624507974609961
-0.00689932505828614 0.016289158570479 -0.0533080180592545 -0.194096296426031
0.0152458212813516 0.0148150751033386 0.0596406245235719 0.149625571163366
-0.000431395945077677 0.00642720494582401 -0.131557347069156 0.0313118901580416
0.000489957400984137 -0.00558856770975328 -0.322807411088451 -0.291285266644254
-0.010343218813827 -0.0330101406188797 0.0975339263121543 -0.550281716370208
0.0183696457940726 -0.0349163719659006 0.747182432301808 -0.163765329208871
0.0165639106444767 0.0295455087248078 0.58583765842443 0.669840215286884
-0.0145920165073408 0.0164456752843064 -0.114862537809071 0.666643358596781
-0.0173715821009659 0.0040945409553767 0.0333524719856414 0.0995890967664669
0.0144151762012071 0.0215872393630583 0.173098231367892 -0.575679185440483
0.014108812790664 0.0146598371918528 -0.565018869026477 -0.707022954308365
-0.013005246360243 -0.0138926840583561 -0.855644641769758 0.20498473137309
-0.0415509921177034 -0.00371742341330615 -0.0904127288455704 0.680733023722474
-0.00570742469766209 0.0211940557035595 0.361303346097532 0.29443410627102
0.0143309411063004 0.0123307338538336 0.225937814991488 -0.0559890243867205
-0.000865445506192365 0.0128342034724273 -0.053946106583409 -0.18884646558019
0.0209467600489637 0.0104199361869778 0.0565662622744979 0.154429308158846
0.00376766925462242 0.00658068449062364 -0.12959889862848 0.039202735194852
0.00573121036032693 0.00115264533470717 -0.328102201071987 -0.285674651038195
-0.0078463913074918 -0.0249317922846439 0.0776332284583334 -0.559856513216101
0.0129874981925071 -0.0366222842859281 0.735820344187199 -0.194861895744976
0.0135550229023699 0.0182270003454986 0.605728983391756 0.646107699469812
-0.0110658239366504 0.00474103795123835 -0.0990173639146013 0.669770366054177
-0.0112873947382538 -0.00556739839068867 0.0347052164222263 0.104899384172832
0.0175158282609113 0.010160384749855 0.188796841279156 -0.572672869391625
0.0104926282073615 0.00368791281996603 -0.543470401796519 -0.732193776660487
-0.0174214977473528 -0.0142392161646992 -0.867116319548904 0.174095998093176
-0.0387169047129497 0.0039158533436555 -0.114869349736564 0.673952304564286
-0.000587105127213407 0.0279524059109483 0.353620750877776 0.302015876441717
0.0185352292500753 0.0124896089807517 0.228464956072477 -0.046459356570712
0.00536995067731038 0.00779219144420089 -0.0564758791839613 -0.182993572694119
0.0245676051544912 0.00699832678784155 0.0528117632800522 0.159722632304507
0.0057169929084774 0.00407316901683384 -0.13007321411787 0.0467132213294922
0.00727851846761954 0.00633911038352248 -0.334461975539247 -0.278695664349081
-0.00502806433910068 -0.0170047655505182 0.0578676150082732 -0.566300389007539
0.00967707882369679 -0.0382119679170298 0.722362677497437 -0.225043044840719
0.00994720395530876 0.00794277368593781 0.624727350410226 0.619797397055705
-0.00881574124058402 -0.00712563461452577 -0.0833221756781286 0.663869888728924
-0.00734942452456888 -0.0164901968032783 0.0381987296587338 0.104609496537351
0.0196159609540561 -0.00120762857025728 0.205244164643086 -0.573524211254191
0.00803538394830209 -0.00512249813243163 -0.520979993505355 -0.755881489417916
-0.0196573444994105 -0.0159387414258023 -0.877315080885092 0.141417561340988
-0.0353601076130799 0.00858785282748501 -0.140189965829099 0.663629153999003
0.000623090751451099 0.0343108906453837 0.345959667146868 0.308255895987278
0.0193915959028305 0.011482724933519 0.229524279763235 -0.0379601020010525
0.00985353409170527 0.00296700425197098 -0.0597775695216122 -0.177580873973926
0.027763540431443 0.00209538690414328 0.049464059975737 0.164589389319281
0.00473085793322747 0.00194582685980463 -0.130923311781598 0.0542143620491014
0.0067849050727614 0.00887338973246245 -0.339410875815218 -0.272166361741866
-0.00318469192061805 -0.012115688108316 0.0422874452797939 -0.573334210687093
0.00882786095412323 -0.0394513846833045 0.713992603328877 -0.252528034797722
0.00820159274077575 0.00114393860065079 0.639309899465424 0.592865529516026
-0.00759702599860511 -0.0169856682772869 -0.0647564389124237 0.656647508597318
-0.00410517725356269 -0.0252296567868354 0.0432909410368189 0.102638777452877
0.0208947977005994 -0.0111040017154209 0.219567359118901 -0.575856340545753
0.00610436224929524 -0.0117828915888448 -0.500064280020182 -0.779793563554709
-0.0195103995731059 -0.0172115754168769 -0.883714231330208 0.106721801349003
-0.0334008372662705 0.0124980156522251 -0.158198090398021 0.656407251243881
-0.00243145137619917 0.0375586953969883 0.338017705684927 0.316125425203881
0.01762435970206 0.0100299464296166 0.228200436260552 -0.0318832460940557
0.0127222761734974 -0.00166337616562657 -0.0652255428834488 -0.172561029278294
-0.00266448824707392 0.0196409192335042 0.0600828989480553 0.144382501715289
-0.0280028017057738 -0.00314168539394685 -0.153149217627317 0.0191893646638351
-0.0304305691197276 -0.0285027836000727 -0.328536851310468 -0.300086234705979
-0.0139151137039123 -0.0588208975677728 0.134545486785729 -0.551683145469657
0.0426795264771991 -0.0332553402771339 0.780894345468571 -0.139632173703198
0.0204897496191489 0.0545709041437982 0.571584825363576 0.685720083309115
-0.0310627502385609 0.0297036525516986 -0.132020294633379 0.636996088165053
-0.0332616081680923 0.0112008716988492 0.049655326264772 0.0616535662756649
0.00217756743967318 0.037166483848297 0.153508803228256 -0.621785487644215
0.0239990333830949 0.0372009346441388 -0.60932393874043 -0.705338594501125
0.00721575195133272 -0.0165882788567026 -0.836414330025726 0.245748360080408
-0.0495999470049598 -0.0264690767839456 -0.0416263240142249 0.691119255777363
-0.0344740956648085 0.00147678999543401 0.368894469378347 0.285104570188953
-0.0139909707661313 0.00155508990923937 0.208113523957732 -0.0681526930450938
-0.0180994833090733 0.0160960079023955 -0.0589126245117405 -0.199221553775643
-0.000154015138465331 0.0207739331031652 0.0623792397077863 0.14402940946925
-0.0223548736393044 -0.00074482636134579 -0.147014925229665 0.0174668412541273
-0.0234013446985854 -0.0266629466851065 -0.324679473530208 -0.302628038709393
-0.0138208473822629 -0.0560738986384306 0.138006999802869 -0.548352617091254
0.0388314376241825 -0.0327503919628401 0.778161448819063 -0.129085296947609
0.0204345270713214 0.0538706949840363 0.564443168748779 0.697346835514696
-0.0284738738076418 0.0320033408577932 -0.139101438335436 0.646879031268611
-0.0313866792020847 0.0152833913644711 0.0430361037429271 0.0721979737776109
0.00540580724343525 0.0393565918921265 0.151193165691687 -0.610216261904478
0.0236806739794929 0.0356965115897739 -0.608022066481699 -0.6940979586407
0.00198480323923269 -0.0151070297936876 -0.836421513983814 0.253001485569224
-0.0495464100342077 -0.0236665557795377 -0.04142656896713 0.693516894521533
-0.0270970386823736 0.00397684237539117 0.372206731172964 0.282662522574433
-0.00748821764444102 0.00526116943537227 0.212751181386253 -0.0699162526323796
-0.0163379308266678 0.0183316230249494 -0.055911022634194 -0.200224605435065
0.00403205562349904 0.0205328328084382 0.063506481949419 0.144771905153363
-0.0149126581651298 0.00314815495020286 -0.141174715981944 0.0188519625133665
-0.0154536698587154 -0.0205774213595801 -0.321922907990932 -0.301072366486546
-0.0134486009489514 -0.0509490254669405 0.130134427286838 -0.547169362098489
0.032392359264854 -0.0321384886653291 0.771644421436004 -0.132036539007387
0.0199347662387173 0.0490054701359282 0.565877372334159 0.698645515582837
-0.0253694646731032 0.0306996855282026 -0.136255428274922 0.659469663931841
-0.0279247549842313 0.0154963245903097 0.0384098315776202 0.0815865044748804
0.00816839955488327 0.0368385226428259 0.153304436247791 -0.599833352939039
0.0218985864552714 0.0314860528223826 -0.604708817183887 -0.69089362148057
-0.00306355151235945 -0.0141929071383462 -0.841464369094412 0.250534841108303
-0.0483566474487759 -0.0184102348715866 -0.0482545634059676 0.693697444777466
-0.0196015417772362 0.00875364338486607 0.373643924216919 0.283095719698923
0.000853476693410922 0.00745232108439528 0.217783414393683 -0.0676833337037123
-0.012741860324175 0.0187501178558753 -0.0532945187257175 -0.198787948142729
0.00932315388828152 0.0182543289340929 0.0635267252381702 0.147268503083648
-0.00734867693325047 0.00587120257394104 -0.136326186180759 0.0241710399787791
-0.00729165798524717 -0.0133275835279303 -0.325639052795193 -0.297920558411209
-0.012756821285001 -0.0428838379114734 0.117037315696887 -0.549887270119571
0.0260183129100389 -0.0335917070153096 0.762677047700043 -0.145755671859158
0.0186527110521194 0.0399664570137292 0.5799309965346 0.693368199904389
-0.0193560153679643 0.0247877073376658 -0.129567429844278 0.667956216720369
-0.0234599064932987 0.0115278784436708 0.0358393227349885 0.0924245056718353
0.0107951622080304 0.0310634402053337 0.159560201556411 -0.590775921145213
0.0193343011165035 0.0234016929650788 -0.594247914304415 -0.696811317522273
-0.00836870867312756 -0.0131596871981485 -0.851594135593011 0.237209493979454
-0.0452756361786734 -0.0112315930399044 -0.063975473760162 0.692686647983051
-0.0113501470256915 0.0143561304461464 0.372044267630151 0.288653185781474
0.00817140928467581 0.0109067119477952 0.223596272909149 -0.0634766809025078
-0.00750162672966786 0.0165138983393559 -0.0543888133381644 -0.19586066443906
0.0155237554336273 0.0148455026795093 0.0612113677670422 0.150945938838485
-0.00103745220504948 0.00683918640262739 -0.132766368708014 0.0312097856222187
-0.000176167035046587 -0.00565538561373294 -0.328373129731939 -0.292084846176124
-0.0106364922175706 -0.0331802740408947 0.0970460051069627 -0.557282963578973
0.0188615013407559 -0.0354453831927663 0.752370144806559 -0.170159151580319
0.0162378070087357 0.028470311152772 0.595406375539364 0.673682838115888
-0.0157867767124567 0.0158612142339264 -0.113980358400412 0.674891095261502
-0.0176770170127719 0.00456365153571404 0.0340990017229228 0.100850373232382
0.014495910184977 0.0210040530147735 0.171527554131353 -0.582310671868971
0.0154008877108888 0.0142256392510081 -0.576296129607067 -0.712253888103996
-0.0128869172157572 -0.0135628248067478 -0.864939984603061 0.212073477095556
-0.04216632094468 -0.00402387893489166 -0.0869990922527353 0.685962944973545
-0.00410378980963247 0.0211154945068642 0.366315808604404 0.296147653139341
0.0139686103231546 0.0126870750169406 0.228193026691629 -0.0571745772451984
-0.00067063666655056 0.0136274923684748 -0.0555494911911482 -0.190513201415598
0.0211827596220201 0.0104359501371711 0.057969666518175 0.15568847536684
0.00329957593493415 0.00634746583790632 -0.131021528378605 0.0395535638819224
0.00513420442265044 0.00154967963794209 -0.334528765306158 -0.284746990921426
-0.00828474453196152 -0.0241269345179927 0.0748387993746461 -0.564569429144979
0.0125939942188173 -0.0365888857962776 0.741927335825667 -0.19955146462138
0.0139550705318475 0.0176659737349511 0.614769100362242 0.652724451604921
-0.0117200565023262 0.00439836091398742 -0.095895936225091 0.676101715938348
-0.0120512135151689 -0.00575344133926586 0.0361602982605092 0.104710365321087
0.0170029085006397 0.00918420014475737 0.187880261577765 -0.577695006283814
0.0112184089870091 0.00372568342938948 -0.551070720645805 -0.73489482848451
-0.0178314657293158 -0.0137335833789576 -0.875120413208724 0.179964180461727
-0.0390529955785779 0.00403465830403653 -0.11191916450479 0.679251774069694
-0.000616236262544152 0.0280817459557397 0.359597605318017 0.303285774194686
0.017584573394377 0.0128477116093181 0.231433613070086 -0.048565206528022
0.0050039399529939 0.0074793662411117 -0.0587665714110461 -0.184405903317485
0.0253522290192932 0.00618135700657318 0.0536267662619042 0.161015384733825
0.00569915179411068 0.00536032799682467 -0.131151333423693 0.0478546658360837
0.00729361397426113 0.00613728136247519 -0.341375191322956 -0.278001193449111
-0.00500611065055885 -0.0174189796864333 0.0561412634310126 -0.570528295523232
0.00931568725989372 -0.0378974340783838 0.727953918336147 -0.230745293878243
0.0105126082175975 0.00818779781399181 0.633657350367934 0.621461864657498
-0.0098836035792258 -0.00668481600106522 -0.0794589713792643 0.671509541190639
-0.00758999069341146 -0.0160765617672836 0.0401272256646082 0.105335889948346
0.0187133399357059 -0.00223042791281241 0.205146932511948 -0.579518965841352
0.00852722055964125 -0.00554817908955078 -0.528788369814741 -0.762308786557425
-0.0202742801031919 -0.0153509554424303 -0.886219773203793 0.145891643311778
-0.0357746559031283 0.00952588160913299 -0.137149124232779 0.672030981317464
0.000808094790570767 0.0347556510616422 0.350281260838857 0.310290981616782
0.0190619922112814 0.0118168105094148 0.232981910799765 -0.0414784094444681
0.00978875161400801 0.00335756967979206 -0.0615630858023432 -0.178628664958103
0.027153295573016 0.00168779905610142 0.0501201920366176 0.165122939479853
0.00407443068523704 0.00241188841845879 -0.132758651431289 0.0553677320323286
0.00578131970595122 0.00793257269828315 -0.34718535604922 -0.271116482708967
-0.00262944711143657 -0.0126271241449117 0.0398646052899277 -0.578144180523331
0.00921391220442219 -0.0395687006490395 0.720292754524501 -0.258868103249293
0.00842713464400301 0.00114437835859079 0.649992526467052 0.594589685273046
-0.00927979961891928 -0.0170743649298976 -0.0630700594282221 0.664391192930493
-0.0049188087936321 -0.0263756682822357 0.0442022428073556 0.102706040861177
0.0206272460580201 -0.0121340077339939 0.219916252775179 -0.582310059854298
0.00674181542307157 -0.0129868283065543 -0.507559320343914 -0.787887484792334
-0.0193781621285951 -0.0169242023802279 -0.890235173134902 0.113354779258902
-0.0344636651158236 0.0127391073668358 -0.15768054827205 0.663892629842678
-0.00177453144058641 0.0378220771017612 0.343493385522607 0.316082114191798
0.0171639141799437 0.0101680846033696 0.230749555992774 -0.0326813736989656
0.0122165960335583 -0.00153886545612118 -0.0668451320281423 -0.174334254155889
-0.00281805781128315 0.0192170494596423 0.0619079757984466 0.145040500393718
-0.0298603702164002 -0.00293338473771158 -0.156187655244852 0.0193733772079774
-0.0310063254610768 -0.0290104866649679 -0.334849392669354 -0.300003653182151
-0.0152414133943725 -0.0601008349605185 0.131352176993413 -0.558260372281064
0.0426686035518362 -0.0335303395865204 0.788411608849406 -0.148344189947523
0.0211581783702367 0.0547976315943949 0.581506659620151 0.686945109204009
-0.0320083385081922 0.0297704580513723 -0.127145756586007 0.644997820317359
-0.0331728216616802 0.0112986632278877 0.0505915965227792 0.0615437330108034
0.0022465138472234 0.037685382706869 0.152054333610314 -0.629060366828112
0.0247426623027439 0.0366823030234669 -0.618377644700289 -0.708680582271977
0.0073074881946366 -0.0158060864115219 -0.841841632766394 0.254468062332885
-0.0504267871426165 -0.0265899135997775 -0.0371006567956734 0.699914520190295
-0.0347721404048394 0.00171072715236967 0.376071448194974 0.28550075251474
-0.0132535536213802 0.00132540472969024 0.211008644264653 -0.0709132177937916
-0.0180349622745736 0.0165113447490877 -0.06036137969469 -0.20117882792253
0.000262859042407111 0.0201578651452507 0.0637501520164969 0.144648312197066
-0.0225396958802914 0.000862579851268872 -0.149095271642598 0.0186052427665036
-0.0241572321389708 -0.0269834163273402 -0.331160730219016 -0.302175876682011
-0.015006676215872 -0.0573508885563875 0.13714370505165 -0.552879950201045
0.0387922074379196 -0.0335384268913135 0.784941820918262 -0.137697601433953
0.0211849720399496 0.0538397368217662 0.574885905459915 0.700488255858993
-0.0293607701226641 0.0337265302785977 -0.135928332071064 0.65620008187103
-0.0321134464183598 0.0159585456411692 0.0443739406375642 0.0719557954367908
0.00499771738541645 0.0385930938869805 0.147586469434053 -0.618975028396117
0.0241002984509809 0.0362469499063715 -0.62012654687112 -0.697545233243355
0.00252726202585578 -0.0147174385334823 -0.844550314460401 0.261771081628349
-0.0516833217918265 -0.0239904935437094 -0.0367621308540099 0.700321656049929
-0.0278449219412346 0.00386131525522754 0.378460493432386 0.283352882623453
-0.00786686194818214 0.00472423335870907 0.215226969304334 -0.0707751402199393
-0.016130676073862 0.0181476819494679 -0.0581486181014258 -0.202878534476304
0.00359277640590369 0.020529055677086 0.0644053419809399 0.145551627768021
-0.0154408241905399 0.00362914113735391 -0.143573773690587 0.0203646607792621
-0.0151239100052514 -0.0213178963737636 -0.32968595234506 -0.301753874330629
-0.0148949635147209 -0.0517249156549537 0.129225036312886 -0.553423744132421
0.0321158718015079 -0.0326505805439827 0.776134988024638 -0.137095460483425
0.0203648386397932 0.0489051386494978 0.577814557182641 0.702291581456799
-0.0264458831015947 0.0316186633610913 -0.132073142321831 0.666208718437883
-0.0290401213661252 0.0153415069760865 0.0386760990409512 0.0827609898071745
0.00839733496404495 0.0365405091883287 0.151751488349247 -0.605654405164922
0.0217611694524762 0.0311095682171612 -0.61548889550849 -0.691978030687975
-0.00310166046797979 -0.0147993946435575 -0.848946794590933 0.25891224324853
-0.0487290186153889 -0.0184023161105789 -0.0447280520104919 0.699913351338487
-0.0191971633839191 0.00920538847122273 0.380290986464972 0.284711038856463
0.000828830962927784 0.0078142888250743 0.220886886524101 -0.070342808817387
-0.0121070228326536 0.0187755925434146 -0.0562642001031208 -0.200977822523962
0.00903501501900679 0.0175334916774199 0.0654800201562524 0.148611899140486
-0.00831745647113083 0.0062420935416388 -0.137669460097703 0.0241229556243263
-0.00734226113173809 -0.0133325330256923 -0.331536155560157 -0.297744770182411
-0.0135393266937708 -0.0442002981458717 0.113541706741123 -0.556860994369954
0.0251838606458124 -0.0339218449019039 0.771272835756741 -0.152998763611839
0.0192266859194243 0.040469168151321 0.588088523032894 0.69563359139135
-0.0202555224650591 0.024750441213627 -0.125239093911259 0.673969410628252
-0.0234359633872284 0.0119988414509227 0.0362998457558506 0.09261216454971
0.0113942434611125 0.0307227920114356 0.15757841005062 -0.596634525004641
0.0199716976934816 0.0234057064449067 -0.603204046847215 -0.701268873961332
-0.00815535427006237 -0.0124950498828828 -0.857073263742908 0.245735961596301
-0.0456540198938185 -0.011243328498506 -0.060175600016403 0.700352886754077
-0.0104600100005305 0.0151828948515861 0.378167311557091 0.288148273412338
0.0086421248417771 0.0111334669009501 0.226521861160871 -0.0659777918520713
-0.00745989738423669 0.0171396672808985 -0.0552526327488516 -0.1969063678538
0.015516323618487 0.0143814343006273 0.0621434377291238 0.151003200769111
-0.00154801128223576 0.00686267984011663 -0.135109309614464 0.0328534184725991
-0.000635091890062637 -0.00609755821938926 -0.335319201979752 -0.291375442819095
-0.0118211246991375 -0.0342597483181152 0.0916291696378219 -0.564177961939479
0.0187439224001781 -0.0356964184619146 0.760003645211501 -0.177932335779903
0.0168431841005515 0.0301175886192989 0.605634607793731 0.676379363338222
-0.0159455968466758 0.01583330409921 -0.110185290987044 0.681347446107717
-0.0182781519955265 0.0043299227717904 0.0354980438596995 0.101222771837796
0.0135487672247627 0.0206576917757895 0.168794418094096 -0.59169821652677
0.0156118544517744 0.0142781822064169 -0.584827369924302 -0.717226578991922
-0.0130531236412043 -0.0130591639126638 -0.870604215802012 0.221252778324547
-0.0422378518604059 -0.00349321615798143 -0.0811021572568688 0.69534378531299
-0.00376015867032404 0.0210818039096963 0.371764069058446 0.294615947448886
0.0144974888153852 0.0121086684850221 0.230582563245582 -0.0586911965550648
-0.0012449558673549 0.013194811730404 -0.0568533484300743 -0.191694297336022
0.0217294993280047 0.00977101362725299 0.0603803244569067 0.157573618077694
0.00261828545987536 0.00661372535870177 -0.132661961223437 0.0401523330514882
0.00549917556258429 0.000929692996492365 -0.341871878198594 -0.284890356924312
-0.00897243716510304 -0.0250106756983882 0.0729416825308853 -0.568920012910235
0.0120998246234412 -0.03727962917548 0.748032713920422 -0.205957128589083
0.0134220956403025 0.0190100400616717 0.628278568017589 0.654348839555476
-0.01190824440979 0.00369990461937767 -0.0934748340275204 0.68257088179153
-0.0126127152651273 -0.00498392437747905 0.036604176066722 0.105929870143711
0.0173838258570824 0.00915818860401385 0.186031527905408 -0.585823261149095
0.0120295759590061 0.0029125520925842 -0.562580219676819 -0.742969864252872
-0.0177462211800016 -0.014529971795481 -0.88278565197976 0.18813738803231
-0.0385517113426464 0.00531671535763348 -0.107031366236248 0.689236769750391
-0.000501006598091571 0.0283262119384262 0.366105436793653 0.30314731448861
0.0176516177438975 0.0128461258806494 0.234362265109668 -0.0492638296142714
0.00473528526155112 0.00806446384351941 -0.0609877285368511 -0.185809791983539
0.025724218712925 0.00582865529985536 0.0551134362457405 0.161286899183737
0.00482835003162731 0.00490409022540459 -0.133456319292132 0.0482630547809571
0.00783893191134671 0.00521908686278696 -0.347180485428613 -0.277587381888855
-0.0053023311467206 -0.0178064062657887 0.0528567060336089 -0.576081587664751
0.00988995568776715 -0.0386858459687844 0.734271310373114 -0.237070296652393
0.0100482003628043 0.00733283450317427 0.644337383775349 0.624524465784528
-0.0101998674822934 -0.00808621279299802 -0.0758306765314181 0.677679900474155
-0.00788621643759998 -0.0162314504967845 0.0414020091851749 0.107177734276819
0.0193280971323696 -0.00265595715672126 0.203102533037357 -0.586322503248895
0.00934559168917829 -0.00579766514241517 -0.539830774670087 -0.767011505494866
-0.0199051616506119 -0.0154236925373847 -0.893292149583986 0.15433507760993
-0.0360153573054164 0.0098459091296074 -0.13348318401635 0.679167593672444
-9.38938446102544E-05 0.034146748444113 0.358777182993906 0.311203336719465
0.0194132886690415 0.0116813857023055 0.235138403115293 -0.0426674558094412
0.0101299216180596 0.00398182097067863 -0.0633667605630391 -0.180927671809219
0.0272889534759875 0.00148084586810742 0.0522131205655843 0.167096280710512
0.00339373246848836 0.00251717150548213 -0.1339155321451 0.0549873470928578
0.00652548780983475 0.00807340748890086 -0.354000959239185 -0.27069801337813
-0.00294955615621302 -0.0136397879036819 0.0364784293500311 -0.584777652951472
0.00643268630864623 -0.0402726826821822 0.724159228884615 -0.267783764176599
0.00819825889716865 0.00141861928588494 0.661674904964098 0.595456927062562
-0.00962688816175828 -0.0172021958460886 -0.0588903487553946 0.670892182705846
-0.00491314271223625 -0.0271989931671206 0.0451455792614005 0.103468808999493
0.0200768579813688 -0.0120715868974211 0.218025085052532 -0.590757666806591
0.00787267959987691 -0.0137097325974748 -0.517290031744452 -0.790222861511375
-0.0196491804395759 -0.0168728716132574 -0.899309830885296 0.121498098707955
-0.0345186915508597 0.0134545181060875 -0.151826448959233 0.671243650809261
-0.00216540012003061 0.038077539709073 0.349891495945849 0.317762897857757
0.0179405539401245 0.0101282267501203 0.233936426303239 -0.0344183508958116
0.0124743340768701 -0.00224156434888549 -0.0687999187003333 -0.175154824716499
-0.00248861799454073 0.0193677591204307 0.0635780926245952 0.146348294107773
-0.02970234652503 -0.00238058209881651 -0.158017506328327 0.0201688276846709
-0.0317144924880264 -0.0291956339117272 -0.341490401842823 -0.298797301055155
-0.0155386308672389 -0.0610273577524145 0.129384843597687 -0.563946694120568
0.0428205806856336 -0.0343831508162171 0.793553515388979 -0.15616163210466
0.0213721274364338 0.0550761270027295 0.592070379198023 0.689017706349759
-0.0321022379107986 0.0300429836807244 -0.124209669171188 0.650548642133359
-0.0334222755838166 0.0116021625835714 0.0512311265789199 0.0615751834724026
0.0022248125848547 0.0367237617828369 0.148037798423658 -0.636163622834343
0.0261331421856426 0.0369806321616972 -0.631108991930676 -0.712453688965029
0.00747227304019214 -0.0160731919056803 -0.84958281471732 0.265415167160857
-0.0514505413692754 -0.0254802072634988 -0.0301618093578284 0.705577484776415
-0.0355730930364524 0.00219829071770697 0.382792183592985 0.285681157830753
-0.0142714904993498 0.00124997396879431 0.212222058432024 -0.0723859322432195
-0.0186343995099653 0.0171377402343981 -0.0628628293105202 -0.201616187512208
-3.99862427793599E-05 0.0211436626623248 0.0655399083961311 0.145827670120678
-0.0238945048030275 0.00102903235181282 -0.151443895005611 0.0185009048514789
-0.0243993812656579 -0.0270445418462398 -0.337998865783271 -0.301239137684117
-0.0159535591039855 -0.0576183861892074 0.131255127972403 -0.558776517660736
0.0390262448310131 -0.0329050440768007 0.79169836046381 -0.144141455211472
0.0211387567453224 0.0543342326409223 0.585446801677113 0.701162182988638
-0.0284880051378439 0.0327881132143839 -0.132150576911807 0.662217471915118
-0.0324134562826674 0.0158627143277217 0.0446062732860361 0.0729911483473622
0.00529543775083103 0.0390524302386103 0.143897043309139 -0.625341812147433
0.025807107618673 0.0356348872382471 -0.633040144195862 -0.700243495835756
0.00258441613826268 -0.0154469202921831 -0.84955852197019 0.273095787530454
-0.0513712185290282 -0.0225525073636887 -0.0297499379187 0.707864372486619
-0.0274490147542254 0.00431005636423821 0.386400082448188 0.280981134506935
-0.00728102340469956 0.00545807041718903 0.217064806880768 -0.0742927163436022
-0.0162228370912097 0.0197135756334848 -0.0599808581173554 -0.203856115201423
0.00401777991285021 0.0203174988465515 0.0668186145935897 0.146400659915732
-0.0156910493453545 0.00365768770427482 -0.145977458790483 0.0207420199033669
-0.0162575388015051 -0.0213792662113993 -0.337201823774869 -0.299968891064157
-0.0161099103750186 -0.052815763596896 0.12295146091108 -0.559987719733519
0.0330964963522443 -0.0329272805496166 0.784191793981432 -0.145760020473306
0.0208301754609357 0.0490385001350447 0.589492917803645 0.704980164296543
-0.0251923652976681 0.0310946258554943 -0.127931174990278 0.673898278055959
-0.0288889882799917 0.0157661022964357 0.0396852940277732 0.0832525726136209
0.00805532230772934 0.0366635222317798 0.147782209919351 -0.614777552364725
0.0236167859853657 0.0308782781957934 -0.629104938267628 -0.696202228001379
-0.00288352476970964 -0.0139481767805873 -0.856099165153651 0.268499876687227
-0.0506970776065813 -0.0170942832303882 -0.0373081566345573 0.708002647632095
-0.0196594038767515 0.0091194904722799 0.386644656840791 0.283140944046857
-0.000278199820515705 0.0080355278384736 0.222415106014127 -0.0717017391467715
-0.0120430085914144 0.0191710133741342 -0.0580496808802721 -0.202451084406653
0.00960815146912577 0.0177366192877106 0.0669101713934999 0.148279661464927
-0.0092091702696719 0.00635355637412238 -0.140970034857006 0.0253321016016815
-0.00776576013574653 -0.0140842535352723 -0.33792072478282 -0.29569166035348
-0.0145187133039004 -0.0441724703558945 0.108849206706995 -0.562070294243243
0.0254328439785249 -0.0347392836626804 0.777165980128223 -0.160156877036361
0.0191516193564135 0.0397056817352748 0.600862236374278 0.69649424503397
-0.0202563879906889 0.0252604243898736 -0.120790335006531 0.681783411359171
-0.0238646709920309 0.012515755543766 0.0367526197611294 0.0931148221446982
0.0113127971502016 0.0307372474805016 0.154654434070353 -0.603648573123211
0.0205939595728389 0.02270238442635 -0.617431536891854 -0.70233002036801
-0.00909721523713906 -0.0125938408953458 -0.86467328943802 0.254704179967933
-0.0467790741640105 -0.0103456995714958 -0.0548740564593456 0.706345382535869
-0.0113325200802295 0.0142109598252591 0.384623684335626 0.287338814602967
0.00741134446037321 0.0107057274484722 0.228207860015394 -0.0676404184920757
-0.00750598466963648 0.0181019943407263 -0.0578340194740346 -0.19922008399504
0.0155646961338873 0.0144667665588625 0.0643356611207794 0.151780397029401
-0.00283155510830023 0.00739862865047552 -0.13684024055052 0.0330009300204856
-0.000468904024511201 -0.00607245647136828 -0.342901626914037 -0.29074454146254
-0.0117619176918549 -0.0347605913665277 0.0881026575888482 -0.570314012273995
0.0185714252167677 -0.0359530407887826 0.765281383760718 -0.186157280067924
0.0169886212200378 0.0296080718256565 0.618861444072546 0.678173021953549
-0.0156227376938961 0.0161770429156714 -0.105543240897656 0.688697977842078
-0.0189597433831201 0.00420236773310146 0.0364097328998528 0.102132775971082
0.0146766093579292 0.0211710312839881 0.165993124943542 -0.598170238419518
0.0166576253562511 0.0134692959719903 -0.597282842045937 -0.718566394212419
-0.0139699718125733 -0.0127763977165467 -0.876775758162863 0.230847582545085
-0.0432987943691404 -0.00255396478117385 -0.0761424668752775 0.702070707926752
-0.00362845096710335 0.0213752965553065 0.379555531007206 0.294765113362098
0.0138419607356238 0.0117592900326912 0.233026404236615 -0.0616767722503745
-0.000958535773645717 0.0132624926635322 -0.0585657839446705 -0.192864222475254
0.0217667399690327 0.00964893685988387 0.0610820818261026 0.157882595232644
0.00245277362538118 0.00737618444790632 -0.134110417780927 0.0407072042775487
0.00527862470974749 0.000409665075293855 -0.348282686698566 -0.283857544832859
-0.00926303261298949 -0.0252398805446356 0.068354909010871 -0.576247014072019
0.012399656653228 -0.0371935731414624 0.752088288659846 -0.21504440349355
0.0138464066241132 0.0177869201352044 0.638476618022905 0.653534691451867
-0.0122141833365448 0.00385263027446985 -0.0891062136721368 0.688858915520868
-0.0127724352855512 -0.00578864250473956 0.0375279630782085 0.107111600874776
0.0166850775887528 0.00805265317800342 0.18169893564384 -0.592758513827055
0.0132398185517104 0.00265310274661652 -0.575649764126225 -0.745523083024971
-0.0181201436903979 -0.0134867811395103 -0.890242497909399 0.198454903258864
-0.0398568582712589 0.00542523923007902 -0.102014237015794 0.69560951969482
0.000314940057543532 0.0285211282995241 0.372446357499407 0.302326945337104
0.0180395053914008 0.0125890745258019 0.236831313322914 -0.0519702214670786
0.00433733560663295 0.00834278009703619 -0.0615972475529584 -0.187233899374265
0.024879063382126 0.00534857751941926 0.057293420437851 0.163132611131053
0.00413820963485651 0.00614764927079694 -0.134100744529592 0.0490614841482956
0.00716081852700577 0.00607452667202452 -0.353748854338355 -0.276197460477284
-0.00580501519877584 -0.0184007856222402 0.0472977927081537 -0.583611324651044
0.00877293345536631 -0.0389165905417445 0.739914524061887 -0.247523572790924
0.00971349170440909 0.00810801027220524 0.656566204490885 0.623662771460944
-0.00963506446147135 -0.0084553054054518 -0.0707500059690399 0.685105023286963
-0.00754691549970124 -0.0169146737562839 0.0410781434049352 0.107322844107645
0.0192987672230881 -0.00341848667567822 0.199664692194775 -0.594789288935054
0.00868906461501188 -0.00651291587459072 -0.550770678591692 -0.769981172658092
-0.0210036148518892 -0.0146015253770614 -0.901007121364892 0.162856198517657
-0.0373504559219363 0.0112063848575074 -0.128615767687397 0.688010946718266
0.000857659476037193 0.0350317689900215 0.365165940202529 0.31027331849587
0.0192231006139252 0.0113601139965617 0.237841632800575 -0.0426517663543281
0.0095340904145208 0.0027717260390698 -0.0650494358375879 -0.180677698488686
0.0275642103198433 0.000474348293618241 0.0545246321601583 0.167833471995797
0.00298981709337924 0.00247616169025314 -0.135618021801994 0.0560439063987022
0.00617189141471418 0.00822902578654977 -0.360968675371166 -0.2684479804736
-0.00326125441585437 -0.0145102611293954 0.030475502545224 -0.588967663042824
0.00803662635454652 -0.0406076324640689 0.728622443607604 -0.277330008276083
0.00714506688192131 0.00142246554359909 0.671381178730448 0.596047787814699
-0.0102425101667946 -0.0180476054977593 -0.0530940725595141 0.676358536169938
-0.00553334188535707 -0.0264794644625049 0.0466988968124932 0.103762611087852
0.0200144636572243 -0.0131098800817694 0.217257448328289 -0.598002038405006
0.00720520620261676 -0.0131115733299492 -0.532026013347014 -0.794628302022418
-0.0199739169698814 -0.0171667482094793 -0.908921148734065 0.129271422959921
-0.0343940389927409 0.0145954743089041 -0.146907564011699 0.679508443741688
-0.00176232521145197 0.0383663582283184 0.355695894980873 0.317393136378323
0.0169816716663823 0.00899018931684516 0.235593521548655 -0.0358229170230729
0.0122977824154119 -0.00100306075326317 -0.0705178294089766 -0.175949049618853
-0.00271092025742367 0.0197192616969014 0.065346418825627 0.147078131735197
-0.0312275430528133 -0.0017980768484391 -0.159372568747882 0.0218236291256501
-0.0324595066102577 -0.0291629853027968 -0.34957641639345 -0.296905532542139
-0.01725384862871 -0.0607040703879766 0.122972271816099 -0.569568738572042
0.0433356593507783 -0.0351150767996728 0.799900126117694 -0.164601936083264
0.022540471221323 0.0557972362342887 0.605672918822551 0.687708728924998
-0.0318035637991371 0.0304089554930385 -0.11767178899614 0.657456982196543
-0.0340150338674229 0.0124006090557319 0.0517981215295469 0.0623221136679813
0.00285117609231038 0.0368638857785188 0.142694615955064 -0.644019675943525
0.0270983210890126 0.0359534163626634 -0.644655045155888 -0.711687395880079
0.00746451372245985 -0.0159417704997561 -0.854624504547355 0.276575271973396
-0.0529838124348245 -0.0250323719160453 -0.0228656680403398 0.711974647705605
-0.0348690348434156 0.00208128417134153 0.389900681999387 0.282119691036836
-0.0144217595915918 0.00176306088085381 0.214138590082005 -0.0749590848731061
-0.0188165469802421 0.0178924069715703 -0.0654992553071912 -0.203407635797553
0.000321367651231184 0.0209166934584144 0.068404977304044 0.145542816551011
-0.0244207648341446 0.00149327354159146 -0.154342644979916 0.0199911182421662
-0.0249542908769457 -0.0271621655778782 -0.345129340146417 -0.298771668870005
-0.0175511638572371 -0.0586671564883389 0.125799751457737 -0.56561448076525
0.0387765973865889 -0.0336313351367574 0.796581427315794 -0.155817042148915
0.0223377037818224 0.0545616425505753 0.599302644582107 0.701538277604081
-0.0302998559841034 0.0333512585206413 -0.126456147279375 0.668995817306641
-0.0322696660329665 0.0164976691895011 0.0457539208436945 0.0727656776829789
0.0053562356772053 0.0391894458806801 0.139130608016542 -0.632245191934186
0.0269901224475337 0.0352104406496056 -0.645364623559607 -0.698683562724462
0.00248732945611282 -0.0147589530806003 -0.853970983074292 0.285013134908284
-0.052384809724536 -0.0229938174320544 -0.022689344667332 0.712023123764906
-0.0278584632567106 0.00418829214134981 0.392118130134642 0.279564075441171
-0.00821337736844054 0.00485515562299079 0.218580840623957 -0.0760632030620383
-0.0168106084514198 0.0204660688102924 -0.0618185565565864 -0.204593847867286
0.00434098778364652 0.020085351781804 0.0694139643437197 0.146840090193112
-0.0162265738323538 0.00443684930735784 -0.147463241214471 0.0222191053520447
-0.0166447170309459 -0.0216859289471212 -0.344285681536561 -0.298178598450055
-0.0161002196406482 -0.0528750999890701 0.116825339791062 -0.564489401760478
0.0321025070640882 -0.0340910697787912 0.790878425019572 -0.155806994748959
0.0221279782343143 0.0489684878412151 0.601817185352728 0.703623436082675
-0.0260189284216731 0.0318272981536164 -0.122680127722805 0.679178571703661
-0.0290049565374877 0.0166882088355361 0.0404988379122824 0.0835136908799075
0.00825840162023111 0.0376219663845441 0.141324050887224 -0.6209300866376
0.0243381749051543 0.0302356847318328 -0.642686955961667 -0.695917937377406
-0.00337525098210922 -0.0130098218691704 -0.857838543258273 0.281899118511964
-0.050587086928978 -0.0173426197007207 -0.0293108506198692 0.714606893732905
-0.0189615287274313 0.00884699135351954 0.393330597013867 0.282023777788465
-0.00041388735243675 0.00859150405759902 0.224383061892841 -0.0747183698553309
-0.0126493550844878 0.0198053492796957 -0.0609333160019522 -0.203035171265473
0.00967020720555893 0.0180648476410209 0.0686959208019568 0.149064826294677
-0.00934734327869687 0.00629449143342808 -0.141945119957195 0.0269000226746333
-0.00826347757146998 -0.0136475658855424 -0.345865025764319 -0.293082659376363
-0.0151469467922664 -0.0448973477965313 0.10583549325462 -0.567908716592484
0.0249236571684061 -0.0346730679100587 0.780901218775954 -0.170203403700219
0.0197327576889142 0.0402825810779442 0.612849917122344 0.694604653172845
-0.0211156201090789 0.0251103405199098 -0.115164117287938 0.688300639466975
-0.0241744415782203 0.0123762639677995 0.0384353591697133 0.0941214320091417
0.0115211525786839 0.0308047196714376 0.149581835066588 -0.609546702774638
0.0212406427945686 0.0229819822515422 -0.631007539428106 -0.700924904050615
-0.00821927391687054 -0.01317218359078 -0.870194318122395 0.268515103936284
-0.0473744095895253 -0.0097857107777413 -0.0457924322139299 0.713213773483713
-0.0104248696487695 0.0153194735154232 0.390776550101304 0.285219956793622
0.00722048611066264 0.0101406942123668 0.229819559794007 -0.0707417777728198
-0.00734937084928886 0.0179357643280889 -0.0607284078633673 -0.199485923134011
0.0154639253603751 0.0140109107185127 0.0665462316644238 0.153172379185236
-0.00277968935253197 0.0077361230749303 -0.137847868559138 0.0349987966674517
-0.000657833812758102 -0.00666307904477467 -0.350286030551932 -0.28798787824487
-0.0127078090919582 -0.0352426743391926 0.082038248164985 -0.574971438165053
0.0179240887028198 -0.0361509292057186 0.769286213837756 -0.19554125484922
0.01758784376163 0.0295783663331923 0.631715199356277 0.67618268198068
-0.0166744516964113 0.0157508709195744 -0.0990128317957554 0.693445483976724
-0.0185200678017418 0.00511048408750137 0.0372245765240257 0.101993044110164
0.0142395915596424 0.0200641236711729 0.161512193042903 -0.603941413008938
0.0166111439028647 0.0130344047515532 -0.612795152214509 -0.718980618307071
-0.0141500987941589 -0.012269019055028 -0.882654471425916 0.243367202299534
-0.0436186220748594 -0.00189536642943279 -0.0677271745663842 0.708349189250669
-0.00377079983558337 0.022214391343187 0.387148469932879 0.292477781552336
0.0139529915241073 0.0117602565576664 0.234561896448032 -0.0630489111862248
-0.00129441638318357 0.013834403812978 -0.0613014033397084 -0.193162507793272
0.0210550317659303 0.00902355904075665 0.0637486114271184 0.158315938328634
0.00243563418381285 0.00772425270965304 -0.135982200463142 0.0423760115429227
0.00526783988793527 0.000207650043425882 -0.355161307626773 -0.280431232221345
-0.00982798054891286 -0.0258177616605013 0.0619349540523332 -0.581600541601743
0.0120694994463425 -0.0376964647726219 0.755989802541738 -0.224459257077947
0.0134315040271375 0.0181868254938778 0.650911307317639 0.650753602961783
-0.0125388420354893 0.00354006642568779 -0.0819232030217485 0.694713843280534
-0.0131800866573373 -0.00580391077044754 0.0388210573436203 0.107440032115395
0.0170009196935912 0.00798957068372412 0.178065424681206 -0.599468184966485
0.0134858437792294 0.00189291526956926 -0.588131563307832 -0.744063009513663
-0.0186854226747191 -0.0128975835392112 -0.892728989888106 0.21112381040008
-0.0403207782142879 0.00633613090364133 -0.0941405882515898 0.70421675223995
0.000886689714379045 0.0289965070550711 0.379717037640424 0.300937245775427
0.0179028346244881 0.0119980028247982 0.239814906432253 -0.0546877356634344
0.00496909023365006 0.00911117740133443 -0.0639845648649023 -0.187610304025297
0.0252962688150455 0.00489008874800329 0.0592732554365034 0.163273593000143
0.00380673297047901 0.0065649453110538 -0.135367339878863 0.0509567712176147
0.0077465071225164 0.00475507585102761 -0.362015035057456 -0.273435824459885
-0.00645175230174433 -0.0184807409393312 0.040781014589174 -0.58875495717613
0.00841638685446994 -0.0390165449406307 0.74377821572089 -0.256511547266563
0.0100698696631427 0.00795136492141666 0.669505147308849 0.623273778298199
-0.0110258207986592 -0.00827353821084235 -0.0626478451527595 0.69146713926541
-0.00848923310241828 -0.0167819235727465 0.0429038540551249 0.107100024365456
0.0188432409422109 -0.00352152525017464 0.195983542063607 -0.601277412707235
0.00966457128411455 -0.0074254857179768 -0.566394203759393 -0.77184156501436
-0.0200727324158358 -0.0147408201402344 -0.907208407066396 0.174009189257996
-0.0368935856402724 0.01166005996595 -0.121111716437061 0.694378593740528
0.00146007015923664 0.0354856479678663 0.371982361627207 0.308114851262139
0.0190869742491238 0.0111839848806473 0.239223290259087 -0.0463470699387781
0.0103082444312701 0.00337713775146164 -0.0672570293976539 -0.181229847931398
0.0274849421293447 0.000777263907441407 0.0565670592812139 0.168232397565164
0.00227182943698411 0.00287774500012823 -0.136755533216629 0.0588571727929684
0.00644306503304519 0.00761951154816753 -0.367704164874877 -0.266010270895927
-0.00411744880404686 -0.0147190943871302 0.0232667523452997 -0.593789429040857
0.00780182709072679 -0.0404286678841619 0.732423350628018 -0.28457608427528
0.00690978254091897 0.00128244387000882 0.685348224326774 0.592853542566224
-0.0101079856997071 -0.0189040091775725 -0.046983013734401 0.682051941992032
-0.00580056170045316 -0.0268565954243124 0.0480348804236762 0.104333997001631
0.0197915457613887 -0.0133763716746991 0.210902490748342 -0.605546596027203
0.0076361620265238 -0.0144193425322408 -0.544532012902873 -0.796171035717066
-0.020595636642678 -0.0163916017146827 -0.916190827213047 0.140769457133463
-0.0343712256109843 0.0147838148988751 -0.143293785503275 0.686395555067245
-0.000267310106540422 0.0383549126413829 0.365022038992245 0.316158602417195
0.0171203711867335 0.00938119912200518 0.23841878904213 -0.0386968196446111
0.0118914009867356 -0.00173593394677298 -0.0730969617600018 -0.176339039397355
-0.00252346645350978 0.0193243021583832 0.0680077586472973 0.146190817039047
-0.0324254357826601 -0.000416115961210765 -0.160797108101531 0.0234537922450507
-0.0328018490447699 -0.0302221925961267 -0.356736513509043 -0.293716566965483
-0.0184016545344624 -0.0613146538515898 0.117127146126122 -0.575069678808554
0.0431128218257445 -0.0359582199853903 0.803961157531702 -0.17674938950416
0.0230051761676128 0.055656019274155 0.618467344773259 0.685342192246016
-0.0318121414770482 0.0302853799948339 -0.111456106889856 0.662313918534044
-0.0338057355024424 0.0122954736781065 0.0520817515770459 0.0616843603648688
0.00260906740082823 0.037450931161054 0.135982236418948 -0.650112106925209
0.0283599764627764 0.0356508044859964 -0.657960773972621 -0.709948079238297
0.00753888817850477 -0.0157086666819224 -0.856850397442198 0.287401920567487
-0.0530321212772337 -0.0245244632626976 -0.0142415656491964 0.716921049016115
-0.0350202777062752 0.00182458938843481 0.397225637428562 0.278737239908457
-0.0152125753100105 0.00195488428342987 0.215785240016969 -0.0770407792221706
-0.0187174753592034 0.018234198204909 -0.0681787383750188 -0.203449267337404
0.000157779131878138 0.0206364556939656 0.0699047929659605 0.145622107368431
-0.024872086021193 0.00221609778655901 -0.15512926255015 0.0214527178831937
-0.0261746155606327 -0.0273072296259823 -0.353608146718343 -0.296328681212834
-0.0177821965029748 -0.0595450914289357 0.12037680800385 -0.569559305038612
0.0386908648383422 -0.0341730571639975 0.800821756931231 -0.165074416059085
0.0233878412943418 0.0545247259508129 0.612716167214403 0.697749922182388
-0.0293040993414958 0.0332694350208723 -0.11848515970746 0.674295595498419
-0.0329796413894806 0.0166261488345645 0.0469922538177677 0.0725164459653811
0.00584491865934327 0.0395917492139367 0.13201003854054 -0.639241691517609
0.0275781599401253 0.0340451176664804 -0.657859834629175 -0.699415300450006
0.00269432946105936 -0.0140384877382526 -0.857620275186774 0.297829349172769
-0.0534011403536377 -0.0217632519787686 -0.0121382772472521 0.719052948653836
-0.027975624786449 0.00476171475368479 0.400366598659535 0.27666500905906
-0.00814587830075787 0.00489858943514501 0.219352231910589 -0.0790126190374253
-0.016485556052924 0.020914869785377 -0.0652362848127925 -0.205135019267619
0.00434580414849124 0.0198355834821011 0.0714210882567456 0.14628388417462
-0.0179132368123501 0.00520813443433682 -0.148657691455728 0.0227919664180414
-0.0166633156519662 -0.0221843187600169 -0.351841355030064 -0.294607300867781
-0.0173704632532681 -0.0538273407013598 0.112351830978626 -0.568918892806084
0.0320035718238879 -0.0342749900183298 0.794988743978317 -0.165974429037846
0.0226082042999998 0.0489407630186428 0.613948669669084 0.701570217607491
-0.0258640161777905 0.0310954065770323 -0.116950243682625 0.687120095138605
-0.0285690116562873 0.0164849628942171 0.0420558589359247 0.083884403395576
0.00847159790176591 0.036839917579303 0.135432461727785 -0.627201251848325
0.0256498037323862 0.0299767358162623 -0.653595703510275 -0.694576222893325
-0.00325900305675082 -0.0140729280304602 -0.861444605524329 0.294916115812579
-0.0518756921549804 -0.0157156494896786 -0.0200303832580277 0.720680383571191
-0.0192412847638962 0.00846106276584336 0.401485613733825 0.278519038872543
0.000282072921754379 0.00786501888669385 0.225652742238109 -0.078273392640475
-0.0127027748983235 0.0211122036309723 -0.0632739349296526 -0.2032656186652
0.00978128175019252 0.0174698645652108 0.070784351672878 0.148909030959955
-0.00981022213780742 0.00715053545649245 -0.143832320208968 0.0285471126211071
-0.0081992370669605 -0.0145321343188765 -0.354138350699386 -0.290086853934078
-0.0163588817872995 -0.0451339201380217 0.0968060143329564 -0.573801763085795
0.0253337184219135 -0.0356648178596321 0.784739892222067 -0.182244427186215
0.0203710095713885 0.0406711528240897 0.626763960616684 0.694265651998001
-0.020823767675267 0.0255336744767662 -0.10831497382372 0.693199815294797
-0.0242636541218724 0.0125435151843672 0.0394510863095131 0.0941554767212261
0.0116481731767149 0.0304547462912863 0.141619700066303 -0.616045867695636
0.021720548032749 0.0217689938580288 -0.641536713628474 -0.700065326133034
-0.00838722079793945 -0.0130718242323579 -0.873666813408526 0.281755685161406
-0.0475741625412902 -0.00934789115935042 -0.0359911523244312 0.718775796816499
-0.0107647135919445 0.0150912008204377 0.39793853353612 0.2818231990885
0.00721202161456182 0.0101208722633242 0.23145695185256 -0.0737032254624434
-0.0077780361541333 0.0178542786973109 -0.0632011516892028 -0.199419748970547
0.0149872140975161 0.0139992620832101 0.0683614595602079 0.152774313916271
-0.00292203999515831 0.00871380080759657 -0.140110359641661 0.0354462148944673
-0.000774993661934753 -0.00697125700700146 -0.356794709997003 -0.284670433374592
-0.01371028841428 -0.0355421639447891 0.0771387076048822 -0.579852447151545
0.0180148254075496 -0.0364390218426871 0.773251370639154 -0.20619163541595
0.0178857801225335 0.0289992819684053 0.64330549217209 0.674397550022404
-0.0166202204494083 0.015654863589878 -0.092209670313698 0.699453109878502
-0.0185795394984317 0.00435908869539818 0.0389324632331574 0.102645499103898
0.0144530745574968 0.020336258086463 0.155328805450242 -0.611445271214607
0.0177416667327575 0.0123265209713563 -0.626035094145013 -0.715222932536001
-0.0139807969938875 -0.0118609927173969 -0.885425075335673 0.25515397383957
-0.0444365116428796 -0.00102813855726162 -0.0589361047696589 0.714717488046266
-0.00284699728413958 0.022315414332931 0.394608610389336 0.289843325077016
0.0142481566671685 0.0115169521815658 0.236957677462664 -0.0667293694917401
-0.00122278585472693 0.014284885907466 -0.0639398450101568 -0.1943979530981
0.0217253080675879 0.00875211208284047 0.0657475678723319 0.15820721522761
0.00133406897917145 0.00793264196791922 -0.137510127320204 0.0440861349039312
0.00503171925993168 0.000527733348680923 -0.362419118133071 -0.276927333917185
-0.01046725375145 -0.0259058387180816 0.0535818688720016 -0.585451640736566
0.0118743546142577 -0.0383691663854426 0.757262640934177 -0.236547657422766
0.0139876152459199 0.0171219919015594 0.663628718696872 0.648790037548148
-0.0132229782352216 0.00338961748049048 -0.0739462095794164 0.700331002074403
-0.0134089374563561 -0.00615460137933271 0.0402051057795399 0.107910375028228
0.0166091780321866 0.00785044298902673 0.171936334025982 -0.607035133575541
0.0135206617310507 0.000860677723064272 -0.602797094423154 -0.7427888838188
-0.0190616714667826 -0.0133115000371571 -0.899796284105313 0.223308867681008
-0.0403535783877631 0.00636814212105934 -0.0863927088131363 0.709668483344789
0.00151392209182565 0.0289270600950057 0.387063976027974 0.297166587425339
0.0173183130873202 0.0121768731201538 0.240647776413392 -0.0573771413421557
0.00552793013303921 0.00869264033569461 -0.0667425506213456 -0.187516061798611
0.0258545904701905 0.00413688064530278 0.0615586670479084 0.16377345520209
0.00310487568479486 0.00625059098451925 -0.137084171273295 0.052558424130657
0.00710249462224152 0.00594989734053783 -0.368745362580127 -0.269477751225525
-0.00644959525602016 -0.0189985899090505 0.0336729389184354 -0.59294105676174
0.00886266769440378 -0.0389679726284211 0.745445647013022 -0.267115565624262
0.0100136347537445 0.00833953298024663 0.680975782715211 0.617272979769875
-0.0112862166419162 -0.00907860264652955 -0.0567288033210015 0.695332371925326
-0.00916064169522519 -0.0173643107635639 0.0437673080334301 0.108383586991775
0.0186733181019707 -0.0043888079465366 0.190209781730944 -0.608841275483878
0.010261022577621 -0.00793709291377797 -0.579043573864247 -0.769797108573194
-0.0207257518037417 -0.0139985846377879 -0.911534994732591 0.1880496640457
-0.036869436720922 0.0127629243316671 -0.111957184210495 0.699543936142749
0.00275519555533104 0.0353018519001203 0.378483744514877 0.304715341640281
0.0186340982919372 0.0109802769361177 0.241684065175353 -0.0493023337780316
0.0100903104701588 0.00222369770302228 -0.0703266568587038 -0.18146723799823
0.0276443096456282 -0.000589333346867588 0.058676488409951 0.168648825247
0.00190753795930858 0.0035316073565187 -0.138612126648282 0.059906271123469
0.00660926995780011 0.00777002740885125 -0.375457673488816 -0.262287958934755
-0.00448463089649566 -0.0147436469228327 0.0153153113882058 -0.59842423089435
0.00740128503804522 -0.0403699821951462 0.734535239510424 -0.297469273319327
0.00659648953541988 0.000648181586952528 0.696601597442367 0.588392363550715
-0.0116456904535986 -0.0189753779564197 -0.0390161414767791 0.687068282956716
-0.00625554996338837 -0.0270942113762569 0.048832587433599 0.104608278333804
0.0192815080255307 -0.0139338487772974 0.205094180884355 -0.611257794073015
0.00845933635963202 -0.0142704304253231 -0.556543982457697 -0.79671627847343
-0.0202692208335799 -0.0151976760637632 -0.918486172074709 0.155579597689763
-0.0352363697246017 0.016125825830537 -0.132758926022764 0.69301316298066
0.000111523692510707 0.0390474845972753 0.371012775622864 0.313176595192051
0.0165089136866811 0.00870885240528585 0.240130475555496 -0.0410927332294873
0.0123662472018118 -0.0014191412615744 -0.0755800871409565 -0.176369536996098
-0.00198453875961403 0.0195111279160023 0.0699823308671539 0.145768478856693
-0.032721858163104 -0.000789613826349936 -0.162291175946085 0.0246143460225384
-0.0336072441428527 -0.0295869522444456 -0.364004195829171 -0.288482004455603
-0.0194786462487262 -0.0617151276268705 0.110106293495218 -0.580965922085102
0.0425299864798693 -0.0361176220464439 0.805426475401208 -0.189181453356903
0.0238680426431708 0.0554920181353578 0.629335850185598 0.680381958503724
-0.0326370325626862 0.0308182719860493 -0.103210087424681 0.666290586541261
-0.0345555720470559 0.0132154341286212 0.0534464875193571 0.0617303735277762
0.00323199230428362 0.0367134885644269 0.127378661578409 -0.655194956304501
0.0292863591626032 0.0350772071198471 -0.67229659405315 -0.705895203761085
0.00782432063014212 -0.0164268658272545 -0.857934022673079 0.301603179991734
-0.0541564664735378 -0.0233063434405078 -0.00279096042006579 0.720513951046969
-0.0352546527234015 0.00253995822760128 0.403291666888509 0.275194524450739
-0.0155088073289985 0.00191602686610553 0.215954495568142 -0.0800319635172768
-0.018432871726302 0.0190250512406519 -0.071190766894395 -0.203486168286522
9.94096993863949E-05 0.0204059220715878 0.0717960369180967 0.145299141815224
-0.0259448163528661 0.00316579965786687 -0.156648561578168 0.0232565232709298
-0.0264929896364912 -0.0269863749782619 -0.359301765318231 -0.291612541065514
-0.0191229520001426 -0.0596844643440051 0.112812319051974 -0.574823312004431
0.0389906810236238 -0.0355895621374802 0.803319478734743 -0.177852423337913
0.0233549575906002 0.0544261358234699 0.626400043676694 0.694444323746597
-0.0297501827659066 0.0329702851075288 -0.109975679197968 0.67987279545477
-0.0327126709839514 0.0170737993900589 0.0476807041974402 0.0724338771673646
0.00624770594485356 0.0389343887195356 0.124967901075067 -0.643709098581359
0.0287511666904612 0.0337364070052397 -0.674043606937221 -0.690990699030122
0.00263715596412165 -0.0145636296680147 -0.85688646171574 0.311147873910708
-0.0539510690681172 -0.0208547563781597 -0.00229722845111643 0.723082664571266
-0.0276078253606525 0.0045142448155161 0.404334034963099 0.273923190050351
-0.00876616192822813 0.00537470777373962 0.221005244197067 -0.0818470113630921
-0.0166867813883589 0.0207141528337808 -0.0689934110090879 -0.205345726826131
0.00470423793140303 0.0195939290606235 0.0735480088077323 0.146570317324291
-0.0177740490814331 0.00576800012693895 -0.150566409777602 0.0248477769664588
-0.0177009984659168 -0.0230237103220094 -0.358643339703601 -0.289277049091945
-0.0183923794033747 -0.0541596263057943 0.103512079089786 -0.575010114192236
0.0323622885098192 -0.0353227702714377 0.79584658074904 -0.177260695822435
0.0225102722839902 0.049415179914325 0.627510319019565 0.696176434304471
-0.0265065158284804 0.0320854760549489 -0.107678857373308 0.690923964657167
-0.0286009385166886 0.0170169293562745 0.0432697367052294 0.0834645924638894
0.00833552686289165 0.0368597662201947 0.128525655731541 -0.631345810986814
0.0268671068244835 0.0288022095691523 -0.667066906605177 -0.688137053434897
-0.00288354986148021 -0.0126628664309869 -0.862519215771997 0.309018762569414
-0.0520042732396045 -0.0150052103854805 -0.0108904690557252 0.723891686626473
-0.0190361064444989 0.0087977839962242 0.406230237938808 0.273922174769432
-0.000636327608363942 0.00872205877523793 0.22651126646718 -0.0810384011573508
-0.0126740978296903 0.0216529746003059 -0.0651683713833829 -0.204279555755566
0.00986197313465319 0.0165758474868695 0.0731839782616185 0.148486255722731
-0.0101136205586911 0.00783747569522403 -0.14509993891493 0.0310680765065436
-0.00878592812123214 -0.0150432296843446 -0.359909575652441 -0.285681348280506
-0.0172849788791562 -0.0451567503583632 0.0893430810433063 -0.577300846415784
0.0246612318988633 -0.0355092277918714 0.78705141557241 -0.192065411741251
0.0213100541254771 0.0403029610907769 0.639507498911386 0.687980177695176
-0.0215208878489763 0.0254809871931418 -0.0999830561677589 0.699178558883782
-0.024435320228299 0.0127902671659561 0.0413750111089229 0.0944739984194663
0.0115270322688665 0.0309710676456579 0.135965293845891 -0.6236435131914
0.0239886581255003 0.0213255618114778 -0.655440379238053 -0.694911626576447
-0.00946705390349328 -0.0117887807730058 -0.873125214246442 0.294455092113414
-0.0480727220234677 -0.00792954654312896 -0.0259939798399399 0.724766052539641
-0.00997757825857254 0.0151368699611656 0.40757800001872 0.277772641775974
0.00732035278802139 0.0106940928768567 0.232812364211133 -0.0767025421282097
-0.00614725978997556 0.0192175778045737 -0.0655054036125989 -0.200050562495542
0.0157118753499503 0.0130715048671746 0.0714846827792765 0.152624466099229
-0.00332404913140846 0.00854518361994488 -0.141118598139508 0.0372223831306103
-0.00153639463395044 -0.00686428161776525 -0.363815424247402 -0.27971968688263
-0.0145567740499477 -0.0354569781148985 0.0683600297793944 -0.581855366943154
0.017386459637429 -0.036892423302855 0.774510188255602 -0.216873400903733
0.0179237871338853 0.029158540359814 0.655186708311939 0.66742764502725
-0.0169569284738761 0.0155993040800162 -0.0828286942243597 0.704947943926382
-0.0184175204127324 0.00510601950235525 0.0405812094881346 0.103285220298581
0.0147851342980577 0.0201302693770965 0.148486516770483 -0.616107771114437
0.0186877999589497 0.0114494410159145 -0.637895639490723 -0.714191896406093
-0.0142770091021427 -0.0118622143638817 -0.887044660919076 0.268936845600356
-0.0448768540807969 0.000326492131002627 -0.0500132491392398 0.720724663693041
-0.0026926187368507 0.0220746991568936 0.401368458621005 0.285434671305969
0.0138028003403026 0.0116008736622929 0.238062476284171 -0.0694167229157239
-0.00126167794980466 0.0147976820234025 -0.0668200285442929 -0.19420836141776
0.0212894048692145 0.0083066791397925 0.0683381924411309 0.158241132141934
0.00114670165796593 0.00866344159948902 -0.13780550696181 0.0455679553186965
0.00501605312611624 0.00034687616604144 -0.369027365391185 -0.27233003989784
-0.0114645446199953 -0.0266809694633163 0.0465396349779278 -0.589372932588011
0.0111386076543191 -0.0379049450360333 0.760602583537737 -0.247721963760978
0.0136359887097335 0.0182026287215297 0.677067373479087 0.642712789167765
-0.013769915672814 0.00366789477209049 -0.0660854358778791 0.705646137058412
-0.0140326534910507 -0.00612417583775442 0.0404886258802087 0.107894461290198
0.0164984976836944 0.00803187911646719 0.165724403741229 -0.610973905257338
0.0142967458478737 0.00107189676647729 -0.615942763406797 -0.740879739140336
-0.018015741901356 -0.0122199439596103 -0.90068700369775 0.235620168047377
-0.0402390968632658 0.00737505647241334 -0.0775797827073988 0.713722394940943
0.00134750901589377 0.0290063130206771 0.394101668303916 0.293913033424179
0.0173820036045763 0.011859280798476 0.241513362563584 -0.0605523119058566
0.00498934876043549 0.00886878722765658 -0.0693629730325458 -0.188071565792938
0.0253415099311037 0.00391353701434271 0.0626199202328131 0.164050024523965
0.0024984075065157 0.00691092537574479 -0.137950945981682 0.0544127029678798
0.00731872909195196 0.0050410770901345 -0.375913917216132 -0.26527132279015
-0.00782594515340321 -0.0191921523131511 0.024993705132208 -0.595157713976119
0.0077012697750575 -0.0391730795102792 0.745719593414963 -0.27931665054015
0.0103760252497603 0.00724400751977987 0.69354579991659 0.611564826896059
-0.0121642701284228 -0.00936382163523888 -0.0479602916676675 0.700259056090104
-0.00975039743620892 -0.0173325888082219 0.0454927105732047 0.10766619546492
0.0178481211210482 -0.00460072808619916 0.182677899556227 -0.614754411400025
0.0107446831630194 -0.00884777470103288 -0.59272961664132 -0.769051999810641
-0.0212309516254983 -0.0137741962151888 -0.913035668667294 0.201627182572983
-0.0375204821820957 0.0130894966257114 -0.103687853148779 0.70582894737821
0.00301620779619228 0.0352753239059987 0.387174082802888 0.302040685450837
0.0187291509299432 0.0110051241856027 0.242942151232062 -0.0523662313427094
0.00984300774027421 0.00334566381360886 -0.0724363176657677 -0.181394262138753
0.0273159611041142 -0.000588740256894283 0.0612029772567619 0.16818708283361
0.00127372414487478 0.00363826552036341 -0.138503607862619 0.0619720112362676
0.00656239641110018 0.00784157129812547 -0.382350948064444 -0.256433208453946
-0.00448869690884712 -0.0151189591009652 0.00739957578554815 -0.602402529882954
0.006739155739191 -0.0410444284962234 0.73519376856172 -0.309807557778428
0.00704215751694736 0.000949298184597544 0.707693773241803 0.582137693344944
-0.0125767060538455 -0.0193936302949736 -0.0310339604323948 0.691772436528379
-0.00727424068208298 -0.0273956350006561 0.0505075944498831 0.104750733045559
0.0191815708736384 -0.0150695706882423 0.19861257715068 -0.616611579997144
0.00862124875975988 -0.0152977222340123 -0.570699804294267 -0.794553826725243
-0.0209577279389659 -0.0150124652907629 -0.920373052590152 0.166924650558821
-0.0350963279651236 0.0167468842640259 -0.124059134489653 0.699230084952138
0.000667215476239526 0.0392933383401654 0.378306295933017 0.309892069899383
0.0160104878359279 0.00882226000883567 0.241182348081866 -0.0446134008071386
0.0120279363547152 -0.00169231846846268 -0.0781974973483874 -0.176314496266018
-0.0109049026248293 0.0142962267799221 -0.0086451998943345 0.164125780055887
-0.0274530241465886 -0.014274631179229 -0.155778713239533 -0.0559762475953421
-0.0149157925819358 -0.0360124446861719 -0.182791249266673 -0.427241051639905
0.00532192520791789 -0.059857655035041 0.371220142598563 -0.462175253179057
0.0475618888141366 -0.020393841849988 0.800080846285385 0.215128946340939
-0.000219722210697144 0.0553949335054463 0.224344269028162 0.903660119908301
-0.0436614473722144 0.0175948774405352 -0.412298697655466 0.535941567763148
-0.0364617288881735 -0.00514197017979394 0.0177693535420799 0.0791084411628461
-0.0179818358880112 0.0296526179430179 0.417342881583654 -0.515702886379851
0.00250868553106571 0.0433781673365511 -0.258898128318252 -0.928570311857147
0.0113802421764276 -0.00677314246677792 -0.896046487543621 -0.13956420911784
-0.0326680635032251 -0.0354875979871475 -0.349759895562058 0.629197593011046
-0.0289531042959337 -0.0115276993590924 0.222026856410644 0.439020806037523
-0.0120735501446764 -0.00692005769617338 0.232656167587421 0.0369577360335093
-0.0264758972840589 0.00809112891973728 0.0422162996413201 -0.215892780581897
-0.00903759077834957 0.0160365541014714 -0.0055365756169308 0.164285741415809
-0.0232786565656031 -0.00858803030248946 -0.149465361504218 -0.0545039220270307
-0.00978352167664214 -0.030908006498219 -0.178255267827069 -0.427988290855974
0.00414959641322124 -0.0578372474597046 0.372698350188458 -0.455052625041776
0.0434360509744064 -0.0211995936245612 0.793076015906398 0.2256373241191
-0.0001441269877983 0.0549350433749902 0.213785708169181 0.912093400429691
-0.0431264848126758 0.0207257785017743 -0.423907671536349 0.544026146122504
-0.0374431967664008 -0.000703178272834605 0.00780894870505009 0.0860835128634962
-0.0162280720473246 0.0329812544429598 0.410678714319199 -0.506467223909814
0.00288408479582839 0.0430446640604064 -0.264694295745584 -0.917922682216313
0.00596231116557473 -0.00714479169691101 -0.897634718065487 -0.132363024195954
-0.033623591707645 -0.0325888706815085 -0.349225869641337 0.631143083648579
-0.0225239451158024 -0.00551983815047662 0.225703918959612 0.439147437001916
-0.00672973197313507 -0.000688397474981055 0.2373047561628 0.0378597101276264
-0.0255656809455578 0.0109389156355361 0.0451535423235403 -0.21582355193404
-0.00436927877960661 0.0174922768872445 -0.00533339094925578 0.165382518941619
-0.0175333214160627 -0.00191752942555029 -0.145446846024357 -0.0510307765660901
-0.00493673662513304 -0.0219220671101764 -0.178538837265123 -0.427388688157387
0.0021380980125458 -0.0527886874603746 0.365296713438058 -0.458608463043465
0.0372915131921888 -0.0235010914631393 0.786720441319503 0.219723008163835
0.00161825581780322 0.0500951565515092 0.215102978260273 0.914525248093966
-0.0382376158748188 0.0217597142821305 -0.426182114166737 0.553847527955398
-0.0341631136430802 0.0015251178608842 -0.00172743493413005 0.0940295507979887
-0.0129798857915512 0.0332716187163464 0.408241843391873 -0.495197013162406
0.0034266950789079 0.0371905913590309 -0.261808163185373 -0.911398876342098
-0.000279178737192243 -0.00821096835071568 -0.902195742441411 -0.136223806423185
-0.0347080523912208 -0.027357426099361 -0.358968923380459 0.627293063775181
-0.017520010645169 0.00238296044440418 0.226275374006848 0.439481742998923
-0.00151956785983705 0.00630327536867616 0.241470171020653 0.0421232730296768
-0.0217768640640372 0.012879021643664 0.0470735455551123 -0.213518066155764
0.00147663862810218 0.0179416970917854 -0.00546008954641101 0.167243163957098
-0.0110402843105963 0.00374464797557652 -0.143697153907493 -0.0437217689218874
-0.000579394267225684 -0.0109570929005712 -0.181816049820285 -0.424039494155636
-0.00067474862046147 -0.0442681328729369 0.355808290884151 -0.469921813853774
0.0320995485124818 -0.0282949858795377 0.787410480517889 0.204562080299753
0.00447889342227825 0.0410737439319008 0.228632878176637 0.91529379105651
-0.031426422753134 0.0189022350209986 -0.425082872004714 0.565455306283862
-0.0275437722505862 -0.000400434420525414 -0.00798167539605471 0.101823914421884
-0.00686200048646297 0.0278963831448441 0.409896026099725 -0.483136879817664
0.00341855716341069 0.02862954210836 -0.248541699291244 -0.912972890759406
-0.00573309960969837 -0.0104122815764436 -0.906611630235315 -0.153773625488208
-0.03596271648918 -0.0190771460596218 -0.371063091423779 0.620175898491237
-0.0122864314451791 0.0115194386929691 0.220921882749392 0.444182417010775
0.00411554173979674 0.0114834135415072 0.244892669878288 0.0490609809047095
-0.0163066079648433 0.0129765508234659 0.0447026330832886 -0.210322933472017
0.00897327098736383 0.0176183213980147 -0.0106817030312065 0.169802107885719
-0.00630243695207618 0.00731051439208155 -0.143006552731548 -0.035584318687271
0.00281957035073358 -0.000281273417605708 -0.187130179474447 -0.420611268296511
-0.0026464713319387 -0.0341772192040063 0.337639112030921 -0.485143087833528
0.0257114410059907 -0.032247024721874 0.786774687262868 0.176624718773271
0.00690303789679604 0.0298426557711617 0.252801518968238 0.903967833495994
-0.022303886029003 0.0112878525805026 -0.411813484426595 0.577079472860179
-0.0191515218629588 -0.00469509634634873 -0.0128819222852156 0.108781129128621
0.000305679646310557 0.0208106663104706 0.416689703586533 -0.47142883163773
0.00416884178606717 0.0178922388081059 -0.221567194855897 -0.918981051891826
-0.0107104729332771 -0.0125777737826365 -0.904871814814281 -0.181616598456333
-0.0351241302973895 -0.0107894126606236 -0.390318519919942 0.606228666755664
-0.00999120035721297 0.0213856994433443 0.214822031450169 0.449313129577145
0.0096361047671387 0.015759376593518 0.246419639405877 0.0578314284366393
-0.0082438485883395 0.0124536162376875 0.040734196113777 -0.204681769982435
0.0155000648615893 0.0157450988605456 -0.0155969532693632 0.172865250729847
-0.00160908793465198 0.00910115278420445 -0.144629205764838 -0.0274755459888823
0.00498964900725414 0.0084398885758089 -0.19563069099721 -0.415578770646024
-0.00386263868379237 -0.0246772692866774 0.322421001225572 -0.499079448412222
0.0203004931630449 -0.036482682424292 0.788968070088095 0.142206858451447
0.00934984215306169 0.0170706117974763 0.282132005147354 0.891339682383041
-0.0133693158237619 0.00220810472698602 -0.397685824679696 0.586212522984079
-0.00912275676215082 -0.0115757953514038 -0.0132509787791032 0.114140164301512
0.00864797416548158 0.0107138983591569 0.430971816462737 -0.462339948165382
0.00453757621761747 0.00603616105362354 -0.191597331305769 -0.932242301725789
-0.0145453040211443 -0.015467848523769 -0.9010836899063 -0.217146387951972
-0.036731595639798 -0.00200256611062172 -0.413183498155257 0.586511333701638
-0.0088106338136948 0.029684610495332 0.203468079774996 0.452131218422711
0.0134975503411907 0.0179094657205363 0.244856379614316 0.067575501749239
-0.000565864593366262 0.0112145467137159 0.0359695746692716 -0.201229783161354
0.0221921226235843 0.013491797301402 -0.0224906859730673 0.175667042244049
0.00040586865200841 0.00846833335178354 -0.149157510082478 -0.0189698901855382
0.00437641835156779 0.0147378710771767 -0.206201208945469 -0.413385727359359
-0.00410469930866911 -0.0157984175847098 0.304839723391885 -0.515807889548387
0.0168508569345813 -0.0390543737688537 0.79191813993179 0.10852314588218
0.0102078739045541 0.00616440261430289 0.311611533466017 0.873835480645677
-0.00632310068863538 -0.00760429595267942 -0.38023941258294 0.590832313301168
0.000350000386659063 -0.0196213265299705 -0.010297829291861 0.115821448167996
0.016037104039878 0.000246481552138075 0.446538312150729 -0.454084201857684
0.00678435479932389 -0.00532689293023061 -0.158190332167643 -0.945113911787024
-0.016522550083423 -0.0186144565379132 -0.89650875811068 -0.255281497037142
-0.0363585057530701 0.00478398310695921 -0.431189233535305 0.567322625005876
-0.0112587922341212 0.0363219188324292 0.192027086518581 0.456305667125663
0.0145521408770907 0.0171955436583446 0.241823411297599 0.075486928330165
0.00628956189183857 0.0078426206071465 0.0296804732165057 -0.196583917629719
0.0262913646471459 0.0103088386736891 -0.0274553449982756 0.178713372086965
0.00101645447612916 0.00518675637628661 -0.15341919846239 -0.0129441122672749
0.00297172997815142 0.0162608213542149 -0.213678289584836 -0.409284719055707
-0.00368959846073849 -0.0112355172917423 0.293268095974308 -0.529363462861386
0.0169649845118236 -0.0403892192657075 0.796299677908072 0.0774711131374351
0.0103052678747601 -0.00138686811066682 0.339698047661604 0.854945385050704
-0.00112344413830956 -0.0174639968453839 -0.360089360486111 0.590740362527457
0.00720476392044389 -0.0280034934281897 -0.00471855814709457 0.114945355657625
0.0209392099200173 -0.00905705432839208 0.461515302117676 -0.451628973236411
0.00770063875414669 -0.0121916107775005 -0.128540487567744 -0.959978449700697
-0.0149652276617577 -0.0196474764483724 -0.889248317825374 -0.286673732889196
-0.0363743296337217 0.0094368529407946 -0.446725497332979 0.552120152834999
-0.0143208148519384 0.0388753661142388 0.18126638806643 0.459531917113172
0.0129997517364459 0.0152787228822168 0.237104864303263 0.0819454169887849
0.0103203454199924 0.00474198818079077 0.0226004145471164 -0.194491732967623
-0.0102057802381723 0.0144007023324866 -0.00518539860450277 0.163739526107482
-0.0288240339958882 -0.0135809020282641 -0.156869193084847 -0.0546218104003137
-0.0161973851612885 -0.0368967242867895 -0.191632462629197 -0.424656256714508
0.00388501340674632 -0.0606487346484897 0.36601404280566 -0.46834959012288
0.047417229851201 -0.0211120425650748 0.806441643106761 0.204310566996022
0.000103644545516483 0.0559141027438697 0.238578837220751 0.903311904568606
-0.0435274019393278 0.0178209563184979 -0.405811550404596 0.540570678427208
-0.0366336585656087 -0.00462072761318169 0.0192716145898234 0.0796080756119547
-0.0170573546289505 0.0296897341424132 0.411577214431804 -0.523511890336095
0.00299268716394708 0.0429662935584357 -0.271474368917688 -0.926856328509858
0.010670895565115 -0.00618319190277906 -0.898578538277383 -0.124950518709136
-0.0332666246307136 -0.0351690515727403 -0.341686493791847 0.63564403904994
-0.0285041608114721 -0.0112266466720795 0.229650946752314 0.437285885067498
-0.0122104258725961 -0.00684645694009888 0.234250261317567 0.0343411498418665
-0.0269828925533572 0.00864565375437588 0.0396499257094118 -0.216751480091989
-0.0082215089153514 0.0160855280495838 -0.00349713873014622 0.163991485899117
-0.0241493532620101 -0.00777067482380279 -0.151659084870522 -0.0540660787103842
-0.010839993373921 -0.0304816589832969 -0.186707816137525 -0.425380808371184
0.00315038849134776 -0.0587073944845746 0.36698827543476 -0.460318419762989
0.0429132876098701 -0.0215755951956289 0.798727403426718 0.213991396161276
0.0011308149772749 0.0548600744273156 0.229215449724585 0.910621179876926
-0.0434807477960379 0.0214185993386281 -0.416606320351657 0.548656856572365
-0.0367799103397509 -0.000430216308745078 0.0090813164384042 0.0859151784374837
-0.0157208268557618 0.0338883989565932 0.404871050053669 -0.514684406068839
0.00357014852435175 0.0418199252839733 -0.279319080134214 -0.915697856349522
0.00610616063257344 -0.00688972256528221 -0.903452180254251 -0.11820942933475
-0.0341296166259103 -0.0326308942765171 -0.3429529223153 0.637239304217945
-0.023230283169852 -0.00605052017424087 0.231671070922924 0.436455524327712
-0.00798454023480363 -0.000820179410333549 0.239443575404911 0.0347889140138873
-0.0256043925512602 0.0112359833682783 0.0428689734685333 -0.217631401141215
-0.00474928640204798 0.0171908143087004 -0.00227207001817653 0.165508592913651
-0.0181613197531808 -0.00196328831401209 -0.147037554580815 -0.0495949637404148
-0.00542098263275051 -0.0220419489537038 -0.186405892682548 -0.424187894039766
0.000760937629562249 -0.0524560770375079 0.359090214277425 -0.463400870936894
0.0369812801281651 -0.0250677068551298 0.791312387514939 0.210489431281578
0.00223393131268523 0.0500178790455826 0.230427702390181 0.914619623404339
-0.0382855412209471 0.0216201899278421 -0.420202029848157 0.560569429449206
-0.0343709295536714 0.00163139611066663 6.26347579800458E-05 0.0941393735344404
-0.0124017263253414 0.0326957088565908 0.401729217835587 -0.502388349343105
0.00380177818580851 0.0369897422345958 -0.27777732728723 -0.909035425277238
0.000327178602744894 -0.00846717629878783 -0.906398520512207 -0.124521789777547
-0.0351656395102706 -0.0259168371813819 -0.349484629338164 0.634740684666601
-0.0171127578700023 0.00241161007777678 0.232483397979215 0.437845699426654
-0.00178711201885086 0.00565480876994824 0.242969478008523 0.0394661701119209
-0.0222206184024215 0.0136469686843787 0.0439860271485651 -0.214872888080381
0.00235038368745247 0.0176164175128653 -0.00458246398891247 0.167551175235755
-0.0119112201567521 0.0035702917181846 -0.1447881102523 -0.0432760975731013
-0.000955860259207644 -0.0110443968235796 -0.189133400577603 -0.42163636674136
-0.0013297914810654 -0.0445931136328987 0.347543317753565 -0.475130265474838
0.0311004265573045 -0.0283620303607139 0.789607805526778 0.193447714120322
0.00395965482562861 0.0408031707554651 0.243390242437176 0.912618810534246
-0.0311450574702184 0.0179812860018401 -0.416275443241409 0.572394806598633
-0.0272213286254015 -0.000189328420601832 -0.00687507789621809 0.102589061362691
-0.00664589774604045 0.0276704213105679 0.404558167612474 -0.491330689492224
0.0042451121809657 0.0284356320508538 -0.262834487463692 -0.911596000535045
-0.00592068513218917 -0.010604735732507 -0.910706254102327 -0.140740609306867
-0.0355282903857115 -0.0178120943943801 -0.362474443574132 0.626481924896488
-0.0120691260042115 0.011450805883696 0.229070512659334 0.441725599280851
0.00425154832002364 0.0106616985851147 0.246822358890064 0.0464661179661352
-0.0163772303060915 0.0138169649283677 0.04207928649646 -0.211028770264281
0.00870514012983027 0.017079046153287 -0.00799235920649039 0.170002291392233
-0.0066105905796274 0.00749037922547532 -0.14422927484917 -0.0338715102883697
0.00316716210562017 -0.00110216572694188 -0.196713363690457 -0.418172807684582
-0.00357230519317585 -0.0348060248688917 0.330560525903043 -0.490043373332162
0.0257552488661871 -0.0319206144659637 0.793093782024095 0.166362856161521
0.00678762261557945 0.0296599201612355 0.267211749084917 0.902550905595988
-0.023386926855427 0.011271587698855 -0.405415552353963 0.584389006423958
-0.0195182095285802 -0.00400018749419 -0.0108973621189379 0.109972492661588
0.000817691504371503 0.019411619113917 0.413998710739534 -0.478619407530411
0.00450603201835607 0.0166586202323591 -0.238714949772346 -0.919149731170395
-0.0107758355742722 -0.0125422900412267 -0.910716452507915 -0.170495791438596
-0.0362025361400876 -0.00919473190133825 -0.382209982283909 0.612621833531388
-0.00913106131501714 0.0209535255823586 0.221149760038608 0.445898622124862
0.0103364486973584 0.0152172937651436 0.247958588765184 0.0540083143668375
-0.00841721986296896 0.01326921720658 0.0381223018365927 -0.206580610115487
0.0161390251299068 0.0151273059401946 -0.0127007046390479 0.173400965767355
-0.00229951346157711 0.00958845564976533 -0.146686570520777 -0.0252049198166397
0.00490581669607214 0.00824033600125281 -0.203409965002596 -0.41404013903367
-0.00451073488275122 -0.0252998282568382 0.31579672941101 -0.506505706327259
0.0198029387191788 -0.0363689073192177 0.792251397579114 0.130829267388708
0.00914019838892013 0.0177341644070472 0.296358135541941 0.887722707892453
-0.0138007518297513 0.0015911832424595 -0.390644551261309 0.593935102075179
-0.0091831869937975 -0.0117055785176113 -0.0121090779631752 0.115461444939627
0.00893503884367164 0.0105463596977128 0.424364251007296 -0.468116215478005
0.0055518813355936 0.00500749787260086 -0.206566254734308 -0.931810381338813
-0.0153844197983048 -0.0156355736358466 -0.907387588843443 -0.205429226976854
-0.0366914104708075 -0.00108814638940351 -0.404368008093907 0.5947776439962
-0.00812011451375538 0.0299684447689141 0.21116409706517 0.450539476064157
0.0132066033171108 0.0176604131038559 0.246838704546336 0.0648975208260594
-0.000813067531987352 0.0109298541564269 0.0333479012353208 -0.202112430200588
0.0230224444199433 0.0123766860781405 -0.0198697532052302 0.176028460659216
0.00062410852556754 0.00892003114007906 -0.150379709305869 -0.0188411788494164
0.00548139856096086 0.0138232866396886 -0.213416674874367 -0.410704384447378
-0.00434221818212367 -0.0161009254962531 0.298826620927042 -0.522138773082156
0.0170399311727009 -0.0389452388890972 0.793776956298825 0.0962195435915399
0.0102866476475189 0.00679135182133984 0.326261702080646 0.869315676400372
-0.0065202823700421 -0.00871923485107507 -0.372699831868709 0.596480206601683
-0.000179098076177999 -0.0203854262353688 -0.00966325230786331 0.116539500845648
0.016189987552653 -0.00040837004397799 0.441222100163704 -0.46238191690687
0.00597563075560073 -0.00525525646096216 -0.174851883501597 -0.945559812145181
-0.0162264092613243 -0.0178924900545307 -0.901338384208552 -0.243340021685938
-0.0370109252024748 0.00530424347280797 -0.425326661402868 0.575387682792824
-0.00967375830042009 0.0360309173708261 0.200443299621488 0.455609822091773
0.0137901273795752 0.0170521473545461 0.244265009759551 0.0730829765280301
0.00531637105253356 0.00821489194319614 0.027328857455544 -0.197476688799895
0.0259268300870926 0.00947914808145308 -0.0245736909659512 0.179246788748057
0.000175340367151508 0.00484729822819019 -0.154615746905696 -0.010933701997012
0.00304877308263495 0.0149601477242669 -0.221524467032031 -0.407108710831383
-0.00459447034446433 -0.0115378305812657 0.28635089621852 -0.535324260597144
0.0165873749118038 -0.0395744337318867 0.797430312338057 0.0673822484152918
0.0104178391573206 -0.00125897342407121 0.353842339087124 0.852436785650404
-0.00165805856870604 -0.0184659486963236 -0.352491006275002 0.595722897411685
0.00687000343694539 -0.0284522048696039 -0.00278973733306265 0.116026629579673
0.0213270416384715 -0.00980069507101765 0.456813523455214 -0.457904589668604
0.00705507009006045 -0.0126455064072639 -0.141132238440902 -0.95977929645911
-0.0155942211840178 -0.0197914475394314 -0.894347982389143 -0.275170804060518
-0.0364760259551956 0.00944508996932633 -0.43978458228854 0.559404670893658
-0.0144255257163109 0.0388540026946408 0.189370468694967 0.456158550127397
0.0136184996119096 0.0148845791276118 0.239087825376541 0.0789731052698398
0.0105506729195392 0.00432663373651307 0.0203697193198106 -0.194946864973729
-0.00922379891777851 0.0139844373989874 -0.00377235382405625 0.163258904853404
-0.0289189097472041 -0.0129004038236375 -0.15661774262504 -0.0531583835830797
-0.0160543730200675 -0.0363094554371399 -0.199820389143946 -0.42349026168531
0.00190861604664451 -0.0604655411943499 0.359407584953178 -0.473919550891482
0.0464372036613994 -0.0229582100327251 0.809952357190262 0.193521831923563
0.00150587757757176 0.0566621069430472 0.250851735338078 0.897570188595903
-0.0446031400488279 0.0167834960320289 -0.400074071952772 0.54625241911654
-0.0362578991982176 -0.00376543540594085 0.020885411829807 0.0798314653629919
-0.0157369554516981 0.0294767789401432 0.405690444398478 -0.528282529054704
0.00554317776867112 0.0420672741406306 -0.286639845217652 -0.923518635159694
0.0115117252741803 -0.00521701682600539 -0.903769051909685 -0.114328513248049
-0.0329606386938574 -0.0356988838540588 -0.330769174893715 0.64123316519995
-0.0296254808216846 -0.0108680122851846 0.235822486432298 0.435022493475542
-0.0125595983370909 -0.00745418674115392 0.23535267977103 0.0303935038946633
-0.0256678173026839 0.00837221247526835 0.0363816782760942 -0.218197706177658
-0.00937320238036003 0.0170713703352088 -0.00035240679662722 0.164516081116992
-0.0248197123192989 -0.0067365885672597 -0.152691413925421 -0.0515833550178485
-0.0123751870512661 -0.0322616453789652 -0.19331163576983 -0.420842614146643
0.00252845594287057 -0.0588418356328467 0.361278948919586 -0.466178441944849
0.0422005741542795 -0.0216294676127838 0.802853954543265 0.202390864850404
0.00251353930664644 0.0548574882709201 0.24264811204943 0.906093415700413
-0.04348500764683 0.0226888630075309 -0.410251214911628 0.554462892417886
-0.036858380170129 -0.000966419642068098 0.0109236767644761 0.0878565531549037
-0.0152887213295543 0.0342065826143095 0.398341520370008 -0.520187952648
0.00544129047883715 0.0415165328166322 -0.296005465601789 -0.913170812174009
0.00608238455438283 -0.00576902929903409 -0.905574101971815 -0.103609417521905
-0.0340517629934045 -0.0319739845665376 -0.331078133502609 0.645019849875153
-0.0223587072771434 -0.00506768615581296 0.238239327812606 0.433629906088877
-0.00943864797147711 -0.00194583762619392 0.241306960087395 0.0329076959188171
-0.0264658621517893 0.0139354360190472 0.0388488492108522 -0.217017434416534
-0.00345371925268578 0.016863865195853 -0.000637174354391065 0.163627326741043
-0.0198597962072173 -0.00110922627865511 -0.150357393517749 -0.0465390722810818
-0.00412236387584377 -0.0218466906424268 -0.19390357213346 -0.42209078306162
0.00132530586790528 -0.0537277492236008 0.351673560936722 -0.471336979186178
0.0357005324489184 -0.0251848524186075 0.79628264334871 0.196389971875797
0.00395062966455777 0.0512897180323053 0.241447169263225 0.910779298951449
-0.0406674064723369 0.0228262074377838 -0.41025244025412 0.567496495204279
-0.0350743098413622 0.00110720081117047 0.0019362054285612 0.0933908524526619
-0.0111687492742431 0.0319110034713793 0.394543799595902 -0.508405814086096
0.00619145031709858 0.0378665242799517 -0.286966890690364 -0.907964646838992
0.000714001870195828 -0.00924892303060332 -0.908520601727373 -0.110556605673241
-0.0373338692527068 -0.0256504747238776 -0.340712427583633 0.637868782110852
-0.0177420705115397 0.00383521522306403 0.242316535615924 0.435132795388326
-0.00277247162501095 0.00643717975146618 0.243635191016286 0.0355957547112781
-0.0231188653845005 0.0149638485756448 0.0410142780145427 -0.216668822281722
0.00214844255478157 0.0169535908732556 -0.00165917106677854 0.166596522266609
-0.0135593196835666 0.00576252287510451 -0.144647889238721 -0.0410570169990518
-0.00235787213903465 -0.0124363740185004 -0.198250846402692 -0.416966319228244
-0.00160444226538901 -0.0458501354774349 0.340013815288754 -0.479953309317358
0.0308849983555079 -0.0270104985357364 0.795177213424622 0.181314565323267
0.00470224019561513 0.0401805903721515 0.258517630834418 0.910382220389784
-0.0326148281136477 0.0175821866462685 -0.409410476498138 0.577765522437022
-0.0264195876949074 -0.000919421611463487 -0.0071609713858341 0.102526405842902
-0.00759180713699956 0.0287811915668971 0.394562717848638 -0.497240221485533
0.00560987381090948 0.0284488090747398 -0.277018590729015 -0.909291396334579
-0.00652768289573994 -0.0100062678369453 -0.913244001103168 -0.12848980863523
-0.035417119819518 -0.017207615995428 -0.353929918333244 0.633370471701003
-0.0125551589629818 0.0122322580212674 0.237313127460061 0.437296112495542
0.00359996905038849 0.0104339600225232 0.247326205410807 0.0425715329320978
-0.0167915794085082 0.0157518552045664 0.0398542341343039 -0.211405438053633
0.00856942842542387 0.0169435556638544 -0.00432835476481924 0.169925767006662
-0.00825822510472628 0.00867824711928637 -0.146387051014861 -0.0341171806631116
0.0014098412264408 -0.00104618892901078 -0.203436339849576 -0.412500152442648
-0.00457516791221252 -0.0355439661405511 0.322583099411618 -0.495460103625857
0.0240707977438702 -0.0325465053789184 0.794125737701005 0.15259224714641
0.00803381301592748 0.0294925058758866 0.28121218498073 0.89865612349022
-0.0220272103235408 0.0117852558448178 -0.396653698619407 0.590266040866371
-0.0191082589931964 -0.00384302296180181 -0.0115415902109174 0.109655933516715
0.00115003499350418 0.0190583944001826 0.403731799738679 -0.484652109175968
0.00422311296760777 0.0179118203486599 -0.254262622200553 -0.914414627033382
-0.011296546416623 -0.0115633954807229 -0.914477366145412 -0.156999198436395
-0.0359693105117556 -0.00771717197421339 -0.371013033991639 0.618847740938697
-0.00746490621853944 0.0219698229491465 0.228970940054251 0.442467282301203
0.00835661080000703 0.0142504084824403 0.250925938177031 0.0509477405407273
-0.00872692646962579 0.0127764874880283 0.035501639454182 -0.205427384904336
0.0172051136620584 0.0141483342540893 -0.00933768762367555 0.173437755950387
-0.00436145384222277 0.00857464208850681 -0.146206514305999 -0.0241425632492525
0.00380486440272814 0.00722597903417093 -0.212477250736967 -0.410693379398385
-0.00376970243122101 -0.0267308564723278 0.307824358480579 -0.508719769930454
0.0194921816492929 -0.0385989100164221 0.796415795392536 0.120009912686516
0.0096938053279788 0.0168462692682965 0.310145102173953 0.88493790225857
-0.0148967325798878 0.00139119467226782 -0.384136351118678 0.598761926944702
-0.0115610164110553 -0.0113778405247868 -0.00987899236336572 0.11438672032677
0.00946284473659705 0.0101964445419609 0.418147643723799 -0.472400534270994
0.00483699599755591 0.00385423810389963 -0.221556442287212 -0.931224187270982
-0.015362661173288 -0.0127372020572033 -0.908384858011241 -0.191175309134215
-0.0357309147612561 -0.000858011891380019 -0.396952624508021 0.600938117939909
-0.00796585902633303 0.0283526163903068 0.219131783433891 0.448620278201613
0.0122285432690854 0.0179119469129096 0.250080183724027 0.0630408273359763
-0.000861578677278986 0.0107666057919698 0.0292851980439787 -0.201633618566077
0.0216740729351077 0.0108260982584034 -0.0192892139235837 0.176820711485035
0.00105114088667331 0.00790662155815382 -0.151905784651766 -0.0176886834451972
0.00340264924160988 0.0138731293195672 -0.22185673625137 -0.408603100230713
-0.00461222599695725 -0.0156483359067272 0.292412562162619 -0.525164531813146
0.0160422617268782 -0.0373906184657362 0.795114580798704 0.0868257326964888
0.00824584441914376 0.00540194654000564 0.337969897376676 0.866768068010128
-0.00703614118958533 -0.00830792585575121 -0.365345347100867 0.60027480144921
-0.00225831381815732 -0.019081816142991 -0.00661484940062725 0.115484282085824
0.0140166687243368 -0.0020000750397929 0.435303485883208 -0.466314611789784
0.00777570482006313 -0.00545284265534184 -0.188151690522331 -0.946721351797987
-0.0158556968926984 -0.0183009886528029 -0.907519143942966 -0.2279268238038
-0.0389940855179167 0.00632423061731398 -0.417384414650793 0.583379707792714
-0.00792191688532077 0.036038979497695 0.204582819735335 0.451093793024657
0.0149676662336894 0.0166282396249729 0.247603437314689 0.0697561106360008
0.00429076732503448 0.00808207267382194 0.023391940823239 -0.197847320326738
0.0263156949131087 0.00931297990006642 -0.0212726029800472 0.179212517824133
0.00161001615178166 0.00602212252794355 -0.15618319586776 -0.0101837446643729
0.00256629051142346 0.0158877282045185 -0.230221109553558 -0.403046125486093
-0.00491750354438188 -0.00966269659615024 0.276881484142697 -0.540476948273302
0.0155469633339311 -0.0395544423330271 0.797755870089389 0.0543090245963851
0.00836052154843529 -0.00104407835764422 0.365473684518057 0.847675025772356
-0.00199585202999346 -0.01943625978749 -0.344663420133183 0.604347989457865
0.00635924588173599 -0.0272015186192537 -0.000843534674056481 0.114237835093035
0.0214337616700023 -0.0117632564902499 0.448971192565628 -0.463778844953712
0.00812333873273629 -0.0142566177016421 -0.155133174335062 -0.960120543533246
-0.0144025794466913 -0.0178408037699163 -0.897605497631916 -0.263136463921036
-0.0365242887301151 0.0111951930702398 -0.430726040556773 0.566769155378518
-0.0130276521030366 0.0391460171760282 0.198740156430842 0.454641343543231
0.0127450263031952 0.0139685875871523 0.239903612402031 0.0759221215244172
0.00985880830905746 0.0035534124219438 0.0171604416404165 -0.194346708221871
-0.0103117892847159 0.0137394946921012 -0.00100435862532819 0.164053849333905
-0.0307259968683836 -0.012356661880602 -0.159900291720573 -0.0520057691518629
-0.0178469335930669 -0.0369814689846316 -0.206017930495607 -0.417566183807544
0.00144135681525916 -0.0611868102971657 0.353037591011624 -0.47743457181962
0.0467521668522891 -0.0217230258113381 0.812190461757603 0.182462022340457
0.00147821116819898 0.0560783376961224 0.26368003620141 0.894467713106969
-0.0442793098355467 0.0177277904228174 -0.39048493450272 0.551958983873794
-0.0367568963354084 -0.00449292475470066 0.0210556711797227 0.0787844168640991
-0.0166756436316446 0.0298775829593867 0.396162665079061 -0.534904850314462
0.00531582243596294 0.0426945149695242 -0.300019751764543 -0.919829408552002
0.0101988783038574 -0.00650163270468595 -0.903091044375371 -0.100176647536596
-0.0353334995692741 -0.0337274037019548 -0.321395583548762 0.645787910382525
-0.028722725858807 -0.0109943767815601 0.24412258510354 0.430939739495436
-0.0134535184099265 -0.00713415514386042 0.235892191873596 0.0284988388228196
-0.0272277142530691 0.010017842955462 0.0335804561793651 -0.217153117547913
-0.007904784371454 0.0157600092129287 0.00169703612065008 0.164333968963072
-0.0248116806451831 -0.00688857489950047 -0.153860899887437 -0.0512653996670028
-0.0116295836490302 -0.0323838373568957 -0.201559781642496 -0.418711114150925
0.000527227774432837 -0.0591345246235617 0.353276419066265 -0.470287184529439
0.0421260507810461 -0.0234064079721283 0.80433273017076 0.190415478739119
0.00266718907639302 0.0552062671230973 0.255556119041514 0.902634561120725
-0.0432856645291498 0.0217769627408405 -0.403119375432634 0.56023252050427
-0.0367653652196754 -0.000141129696065318 0.0110523705899721 0.0858251312968876
-0.0151400548503336 0.0332287852706568 0.390303225408585 -0.525573919437836
0.00545640849579678 0.0411799049162319 -0.305356790366036 -0.908975678368434
0.00540541073233076 -0.00747580167988044 -0.905633322074609 -0.0917370723081501
-0.0357569002212059 -0.0310255089282649 -0.320647870956734 0.647137374291756
-0.0232750172699232 -0.00571958940186876 0.247266124152808 0.429324203745304
-0.00895567840905457 -0.00026492130921054 0.241516402795024 0.0294868505539638
-0.0258465719548438 0.0136929743877847 0.0370769086193082 -0.217167144153392
-0.00396153606649734 0.0171443550959573 0.00182475826361449 0.164596173104462
-0.0197855356133367 -0.000240854816692168 -0.149923538282814 -0.046790323833467
-0.00680227717822831 -0.0230708004088393 -0.20101591003068 -0.416311635974493
-0.00127662120501455 -0.0534274219992767 0.345799878383561 -0.474490391729792
0.0372459674457765 -0.0257546296207464 0.798679664490683 0.188529306697096
0.00330139683519612 0.049597302575389 0.255190489425264 0.905989084178424
-0.0386011575588968 0.0217998170211585 -0.404790287848922 0.571593458498423
-0.0333795556548488 0.00196960118856413 0.00292942869394962 0.094146402977587
-0.0113068879978922 0.032985700459534 0.386811807008982 -0.51316906804607
0.00602172008415707 0.0360962777213029 -0.301616272241968 -0.901669287857278
-0.00025382979505389 -0.00823592578086445 -0.908894544654823 -0.0972877154975202
-0.0364450462493209 -0.0253498314597476 -0.329330752867271 0.642727928809594
-0.0168614976419462 0.00242411907044515 0.246832877334194 0.431478389844078
-0.00224711550310734 0.00550508228443357 0.245678555363214 0.0329988595887128
-0.0230746539791984 0.0148908477429497 0.0387160107621712 -0.216135364710714
0.00213316588013685 0.0169641153945834 0.000705688307918887 0.167034729262125
-0.0129532317230785 0.00503285688524918 -0.146753275272304 -0.040040940853355
-0.00137329469198109 -0.0127892537925493 -0.203793781986191 -0.412953413323939
-0.00337365591638785 -0.0454660065809692 0.332909578548001 -0.484981153889405
0.0304319436601278 -0.0296845683283655 0.796450856416355 0.171186504424558
0.00539633285940079 0.0407513590909067 0.268770635614375 0.904087788863301
-0.0314336533728771 0.0179108827852547 -0.398522334608204 0.584556052995936
-0.0278629011845334 0.00030736112698705 -0.00329606383115308 0.102352260782931
-0.00570107318044044 0.0278187863000468 0.388785386738835 -0.501899693979869
0.00569347357311167 0.0274946376830085 -0.287909343716866 -0.905697887175704
-0.00619005793029534 -0.00925106368068323 -0.912756262375594 -0.112504875375208
-0.0370196723956273 -0.0166658504434207 -0.344745323166049 0.637641206766466
-0.0117825633781969 0.0111564256105042 0.243245442246467 0.43605657550263
0.00380832616091153 0.0109853863788022 0.248801866091288 0.039644080690429
-0.0162955367679309 0.0149623954895402 0.0369844326672404 -0.21165062303942
0.00896620163410444 0.0154537314512789 -0.00325269012874068 0.169618038582124
-0.00756642284030379 0.00913319246807322 -0.146773245518695 -0.032007913865031
0.00234140263846454 -0.00220667468942853 -0.20975623432664 -0.409928634200017
-0.00445902034323208 -0.0359018270265741 0.316063618209866 -0.499066481228468
0.0242377081035614 -0.0332446693443673 0.797146410457428 0.142147786704152
0.00722919850174084 0.0294218309077267 0.293100895559879 0.89447169925804
-0.0235074953605208 0.0115843124074741 -0.388357957696707 0.594846020188941
-0.0199694050051087 -0.00448418572034862 -0.00791557027654207 0.109193749951336
0.00126882112183773 0.0199299509123414 0.398021482263125 -0.490371722936994
0.00568933436556154 0.0168702741900999 -0.264927119472015 -0.912357259118154
-0.0108391479834477 -0.011257378997555 -0.914554214795776 -0.14335623433527
-0.0359362370489347 -0.00837214577272006 -0.363515073825686 0.625226881868135
-0.00828392416256854 0.0210758950181033 0.235236734773774 0.440404131011443
0.0090955986254502 0.0143954445468679 0.250993463138637 0.0486594945007181
-0.00991499188162987 0.0137949458994716 0.0329244032240177 -0.206698565070351
0.0159508162052324 0.0135332141317686 -0.00876161462806466 0.173044978500127
-0.00242895385868044 0.0115922515751314 -0.147821435544294 -0.0232250816193106
0.0049956772244043 0.00658529949851228 -0.21830606212199 -0.40434411857682
-0.00551012042026977 -0.0248023015578801 0.300008998221996 -0.513857018546066
0.0186405678166017 -0.0369746402457879 0.797196675872731 0.10943961904886
0.00923080941024845 0.0174848824547898 0.32183826793295 0.880717605009378
-0.0148657515703203 0.00138945699366513 -0.374493064193102 0.603203610710495
-0.0098410252384678 -0.0116271263216375 -0.00888308792391587 0.114486780587663
0.00916317448615061 0.00932669856645317 0.411425644103676 -0.478637762805297
0.00616323387160205 0.00409149971258745 -0.233583305527361 -0.926829587005897
-0.0153920054951743 -0.0143241675153044 -0.913106912645384 -0.177110103757042
-0.0370373709215372 0.000100270889187395 -0.385865889692993 0.6071233416083
-0.00664548528852015 0.0301826714805619 0.225408722480098 0.44481963747741
0.0127424096177886 0.0168757934594692 0.249801138943208 0.0593125221009579
-0.000834931410667976 0.0115903307077316 0.0272471435303342 -0.202808812520943
0.0230708493582934 0.0109347877024394 -0.0147568058110934 0.176215854362309
-0.0005015963883592 0.00862758095730449 -0.151509056773579 -0.0152575173423283
0.00549215677846777 0.0131601379082716 -0.226731241318999 -0.403034283057988
-0.00505956616152779 -0.0168234222827057 0.282317981412329 -0.528462630050313
0.0155943433124032 -0.038595643980811 0.797693058762892 0.0727711817976417
0.00950678994476761 0.00671483218360857 0.350996037628751 0.862024397054402
-0.00770390699762184 -0.00911261981551064 -0.353759119292274 0.606890030933362
-0.00100291026527312 -0.0206109684531745 -0.00641074550162755 0.116471728343208
0.0153339983916545 -0.00132036702694648 0.426724491745778 -0.47364193780473
0.00771197674852572 -0.00646562850740139 -0.200416633662944 -0.941749367677976
-0.0169345926426215 -0.0170020880849762 -0.909479820936061 -0.214834930600648
-0.0375603025253719 0.00751776358220813 -0.407231283890859 0.588214200421815
-0.0083159334808794 0.0361081823504764 0.214830360217695 0.447603033027332
0.0141531280689332 0.0166746493807808 0.247622087501301 0.0673207554329314
0.00468924561597256 0.00785123155136062 0.0219186334558141 -0.198527609267821
0.0273382222174321 0.00742959844688597 -0.0189846994384917 0.179459349690246
-0.000876555702148713 0.0058351691828891 -0.155203586394129 -0.00874739460597802
0.00334703332098168 0.0151059725848669 -0.236193770544812 -0.397590209125699
-0.00472415820515834 -0.0117628575032539 0.26979072228188 -0.542558515638165
0.0147170476337187 -0.0398133281286359 0.799773580804573 0.0429739546119346
0.00893510164367604 -0.000962515521880546 0.377481768878414 0.839809189065027
-0.0029605498018363 -0.0188986069189038 -0.335141555012146 0.605498081411822
0.00588906213972706 -0.0290321821856779 0.00085268235635087 0.115799517626068
0.020724208177805 -0.0108661512858951 0.443255247045001 -0.470559656455015
0.00819405559451282 -0.0140048841925425 -0.169509993427181 -0.957188027199496
-0.0163540083501534 -0.0186019649684347 -0.903768382867711 -0.248970337838578
-0.0364307504432866 0.0112005811189631 -0.42189440371477 0.572166240538951
-0.0127068407182058 0.0386666949797165 0.203236824362287 0.451885805704234
0.0133314160131422 0.0138835156669729 0.242815819599249 0.0738552823226748
0.0093568981293084 0.00493129030593217 0.0147491879799934 -0.195059580349409
-0.0101787207928898 0.013630498914436 0.00150393884804002 0.163536386705433
-0.0315588052838445 -0.0115124359983951 -0.160264663859318 -0.0501111431055362
-0.0181514545630835 -0.0365823421830965 -0.21153282228787 -0.412365277948399
0.000311897387742646 -0.061713159784297 0.344705850085313 -0.479450510579928
0.0464244554466259 -0.0225611834364092 0.812695533846347 0.170372489696111
0.00190455292213669 0.0557431823385418 0.275589390872571 0.886147299351192
-0.0444545066373677 0.0180108879740916 -0.381040945443723 0.554661906661782
-0.0368479233743918 -0.00382877030206739 0.0219944056010606 0.0786562697615643
-0.0165211442044261 0.0298738556459596 0.389433915171719 -0.537875947621286
0.00565927756502443 0.0416926467799655 -0.311267393891734 -0.915251470937617
0.0110765820640566 -0.00611744419186257 -0.900610398179452 -0.0879112048236406
-0.0354612387216996 -0.0326845963260774 -0.311177642770921 0.647466006790275
-0.028841441008935 -0.0107554760728327 0.249594205917557 0.426040549583973
-0.0137498484338602 -0.00696789845404196 0.236683828477952 0.026634638202251
-0.0272431782671648 0.0108556110317797 0.0308068327269832 -0.217332449303682
-0.00839064261821392 0.0152846533801465 0.0034136372743859 0.16319166352008
-0.0263791004677345 -0.00566742266905151 -0.154663488185715 -0.0499027330680112
-0.0128481553381117 -0.0316325179867964 -0.20838781835373 -0.413583221071703
-0.000727289314790261 -0.0595923608261287 0.345768093933926 -0.47487030450827
0.0423547630208197 -0.0229050750799261 0.804481546621884 0.179291957244519
0.00254867212382403 0.0553124112818363 0.266232049729943 0.896880394845178
-0.0432294362463308 0.0218852331788751 -0.392925526734811 0.562810805960873
-0.0367591964746294 1.00441377812841E-05 0.0127480148201629 0.08595675035212
-0.0146741778792133 0.0327328937274195 0.382138004767575 -0.529396057938882
0.00615794564498464 0.0411734606433806 -0.316265725125632 -0.901385912506176
0.00503535291101968 -0.0063808028048673 -0.904555643862599 -0.0796972938414241
-0.0366335495207923 -0.0302710555811136 -0.312415833717831 0.64999637529601
-0.0227451269964313 -0.00554338682886577 0.252554524550051 0.425816576990127
-0.00935486894677632 -0.00116004059400605 0.242021904461998 0.0270304983169466
-0.0256303481276122 0.0129603828484244 0.0339359481968892 -0.217504249498363
-0.00437973447683622 0.016794531423888 0.00413960177109716 0.164392530345989
-0.0198941982869573 0.000393435840971477 -0.150245483754829 -0.0456594687901029
-0.00718977059118778 -0.0228582841173528 -0.206118581296584 -0.411709611350302
-0.00225313524934521 -0.0539944697021648 0.338483772965634 -0.476946984180161
0.0364304005769045 -0.0262529761944679 0.799220312271449 0.177232588204714
0.0039868919392476 0.0497886173811965 0.267071898449898 0.901673507218202
-0.0392165154167474 0.0217432092771101 -0.394063415481109 0.575607580640025
-0.0335581098031557 0.00172657542289478 0.00349156773022337 0.0941215571137945
-0.01071170206012 0.0322436990906513 0.379807395209009 -0.516457564109215
0.00668352164055554 0.0359338994502125 -0.313717844745993 -0.898011046132677
-0.000133796240635586 -0.00800728741017558 -0.908048149757556 -0.0855668599237046
-0.037143151213701 -0.0241533269311326 -0.31873338092402 0.647362109544143
-0.0166594669484242 0.00229796154045682 0.251734573043414 0.427792097168571
-0.00287244489556585 0.00468126383396684 0.245864160686963 0.030357392878198
-0.0226759215893907 0.0153795104842656 0.0350098156742787 -0.216030473464678
0.00230629241199399 0.0165048211636144 0.00277164809321649 0.166035069830287
-0.0138611981357649 0.00600905348676177 -0.147240485860921 -0.0388169270470115
-0.00215806468278719 -0.0124974306941042 -0.210155257548737 -0.409093764721786
-0.00404136753811703 -0.0453641763519831 0.325706784485263 -0.487539552605477
0.030305525005196 -0.029585739672354 0.796250666731405 0.158249976922201
0.00618846089004428 0.0411031071918162 0.280845416293372 0.899067366851987
-0.0316372509016619 0.0180601238253493 -0.390617800784664 0.585515446562131
-0.0279073754857638 0.000287938638701913 -0.00249075121273532 0.102112488471304
-0.00527106487840535 0.0279747667006701 0.3810326494481 -0.506300845433653
0.00627395237272561 0.0265122746249475 -0.299470230310235 -0.899880407074649
-0.00593277227235521 -0.00917767874260855 -0.912218522662749 -0.100915857394634
-0.0373627581493911 -0.0160922054169923 -0.333641277044468 0.640584310439687
-0.011263385123789 0.0113463796101519 0.249455430535987 0.43102820092036
0.00337878954854701 0.0102817274321263 0.250367975835289 0.0371017602891736
-0.0160898712015925 0.015533491060617 0.0335787147060948 -0.212653029475163
0.00953968029954906 0.015339049789646 -0.00149882562856134 0.168830568739447
-0.00812838510588484 0.00887243834241227 -0.146911436866521 -0.0310732246480183
0.00214936428456291 -0.00255651469527879 -0.215222577293149 -0.405035442809474
-0.00534884402307458 -0.0358340886744719 0.309463235534366 -0.501770048707418
0.0235943274087406 -0.033605119103478 0.797520040480158 0.12993534922412
0.00784943806451538 0.0298629090256692 0.304588716877815 0.888189716187184
-0.0238027279352216 0.0117260142030888 -0.378589083792061 0.596178833322197
-0.0196562797186949 -0.00470752535614384 -0.00669479407959136 0.10885989432412
0.00140905114823897 0.0192442350966121 0.389854872356263 -0.494438339865406
0.00631569016289016 0.0154820663720221 -0.277558660828783 -0.905897920386582
-0.0112110957017884 -0.0107397812745972 -0.913658116727767 -0.12920645613128
-0.0367212024032886 -0.00744010304963135 -0.353398977205658 0.628032747717428
-0.00731220331888668 0.0210615444900708 0.241484128250725 0.434599906851341
0.00900072569865449 0.0137540626474193 0.251676997815247 0.0459080589479399
-0.0093989913930877 0.0144285156521404 0.0298493677682887 -0.20730393915308
0.016461623655124 0.0133262295705058 -0.00596411234892916 0.172352696683152
-0.00362702442064331 0.0106696314673927 -0.148385340477145 -0.02205642726747
0.00406316106805445 0.00699290529277396 -0.223922604044829 -0.400656033172413
-0.00600341022825181 -0.0257751352972084 0.290341538371191 -0.515585109211692
0.0182657174726027 -0.0368543728407214 0.795272146251845 0.0987165336926561
0.00835864250452732 0.0170421044058986 0.332162143374116 0.873229200583567
-0.0152764087309428 0.0014550399753064 -0.3644297312814 0.606540879866918
-0.0100605617417323 -0.0125304624558134 -0.00778927179736862 0.114782846190813
0.00847166642795092 0.00889665744850629 0.404648918497675 -0.483689366017262
0.00664270943210776 0.00372431851189603 -0.245657580382028 -0.921910188239425
-0.0147104165037781 -0.0140893572224363 -0.913571193071007 -0.166513736073684
-0.0369884492408005 0.00139753462829545 -0.37547795898479 0.609872359726042
-0.00624742046803274 0.0289045244352562 0.231442284548077 0.439240079160042
0.0125847601897199 0.0166859636773654 0.251717472412013 0.0559673254406133
-0.00137007483185987 0.0119866587341204 0.0250127672416503 -0.202196880753905
0.0229545125702208 0.0103871857919632 -0.0126552007283496 0.1754121803569
-0.0009933867500252 0.00938589246880144 -0.151522478146037 -0.0134687709793474
0.00445848844313289 0.0124487676452961 -0.233387658369095 -0.397222589210823
-0.00521869991640715 -0.0175751925506979 0.274336638349642 -0.531466139380149
0.0154278356992541 -0.0391802997069284 0.795186801790419 0.0622517029263235
0.00906740204491635 0.0060872371380229 0.361766701169446 0.853029404730917
-0.00807234800373184 -0.0101483780469483 -0.345426246953056 0.608857689835436
-0.00132543212164998 -0.0211463587162328 -0.00411559304544868 0.115998705384615
0.0154605627441969 -0.00190783173695433 0.420402040570383 -0.479121314412598
0.00745886265428363 -0.00661108264639511 -0.211439236652257 -0.938188753036218
-0.0168388302328971 -0.016116117920842 -0.910506474480308 -0.204348728688495
-0.0366077518277826 0.00797317354572676 -0.396945539548694 0.593343702509222
-0.00783605143268267 0.0367281451146878 0.22084774267102 0.443672241477857
0.0132196358472145 0.0161376607010245 0.24965970070903 0.0644565838831779
0.0047893591324662 0.00868489772453187 0.0194374793423223 -0.197520102209163
0.0263679372656217 0.00737505016804828 -0.0168354752277391 0.178733004783952
-0.00116277573810516 0.00584402485480908 -0.155872907926573 -0.00805054296884872
0.0031774208937762 0.0139892393360201 -0.241717649153051 -0.39215724278605
-0.00425761432743898 -0.0116742064496097 0.262054754033765 -0.544360669396258
0.0148023953259718 -0.0407547950087325 0.798703063396513 0.0324228925953148
0.00867042752680188 -0.00164240939388313 0.387749175678813 0.832265210186
-0.00370711459623337 -0.0194178212521056 -0.325830921558737 0.608799557688357
0.00523467869499815 -0.0287063975421589 0.00229477814584505 0.115137599966716
0.0198686040376335 -0.0112610739248845 0.437179744910272 -0.474226555216491
0.0086230722874692 -0.0141190245505131 -0.182257524398154 -0.951249111226448
-0.016102784612073 -0.0185692989472381 -0.901494148787956 -0.236873212318862
-0.0362810406924732 0.012189434464815 -0.41374807671098 0.577335104456169
-0.0122690881525796 0.0391290901308459 0.210458567852985 0.447563266173211
0.0125611410163651 0.0135302867853921 0.243811368616278 0.0706581569189609
0.00892649993634701 0.00495052557235327 0.012422985808522 -0.194837553834897
-0.00982126225978279 0.0135727102336154 0.00344865412437856 0.162578444933821
-0.0316739094619264 -0.0104618974065165 -0.161095251738536 -0.0494817089904176
-0.0195777833321225 -0.0370324385058514 -0.217163186056827 -0.407124585950958
-0.000449202838191324 -0.061545982897783 0.336833874452651 -0.482558862582127
0.0462174778474573 -0.0230235952679655 0.813332539640993 0.157898877779861
0.00277948346010512 0.0559872305932088 0.286967045787508 0.879228284882028
-0.0445609060486029 0.0183861782344179 -0.37247547215726 0.556199156208465
-0.0366971280155495 -0.00399384946901461 0.0231047417464922 0.0778583116948057
-0.0166075462195259 0.0297509291099943 0.381297009229793 -0.540780198124623
0.00654542535634322 0.0416094194953553 -0.321696905061347 -0.906758810606281
0.00991118247356525 -0.00542474185829351 -0.89987642765738 -0.0747647604293697
-0.0358410256353598 -0.0325916194702342 -0.300370851484146 0.649607522365882
-0.0286659286630813 -0.0100163168300847 0.254596530497384 0.421185366301311
-0.0141265460566891 -0.00738766914115175 0.237041341528103 0.0229454818109387
-0.0271937132037429 0.0113728391632078 0.0280804845058526 -0.216451572738006
-0.00807757043150022 0.0154233389716739 0.00531619436961849 0.162451840727806
-0.0261682378437299 -0.00496335062630722 -0.155550441139105 -0.0483806875846958
-0.0132908928558841 -0.0330359250433602 -0.21277583164737 -0.407874174654408
-0.0021880801207368 -0.0594926797307757 0.338533113449586 -0.477243532670984
0.0417321554364015 -0.0238407978930358 0.804155306474979 0.168418590302312
0.00289363893057452 0.0552925618160547 0.276605562644479 0.890244969435741
-0.0431500069088112 0.0217295333718897 -0.382123185190878 0.566555204999943
-0.0368899036064464 0.000116775277590475 0.0134814411561871 0.0855977908520467
-0.014469098192698 0.0328089506360094 0.373492167475308 -0.531470283735421
0.00658165968556281 0.0400059033206024 -0.327898813494738 -0.893227965223912
0.00567489155380213 -0.00636957863923265 -0.901383421709627 -0.0668908381812851
-0.0371315232593137 -0.0296082226501005 -0.301599580423844 0.651656977681993
-0.0225208644305008 -0.00578434848103839 0.258076556741111 0.420910604851555
-0.00976455520074837 -0.00151026604444061 0.242514874708923 0.0247992390211369
-0.0263051201353958 0.0143992557116263 0.0312641075951012 -0.21685032490811
-0.0043036112072778 0.0162858896842486 0.0068143010210515 0.162990289848916
-0.0204767149514833 0.000899864127970459 -0.151298764219964 -0.0444420442735799
-0.00813690492232643 -0.0244933973435028 -0.212701742298243 -0.406293319238186
-0.00366727715129331 -0.0539468638001687 0.330761910148497 -0.480011740537542
0.0365858734033628 -0.0256178463910275 0.797423487945236 0.164264556954602
0.00504328146030697 0.050575325558062 0.277556261488166 0.892827700620644
-0.0379032358039988 0.0219529167042415 -0.386360511022636 0.575662219851817
-0.0337113492907327 0.00126033609327346 0.00500405391879593 0.0931708105046948
-0.0109973197897274 0.0322648357436707 0.369592833624418 -0.518446350954429
0.00701145001217033 0.0343826172889682 -0.323696491961693 -0.890611248844456
-0.000404921979101421 -0.00750657947586216 -0.904973407764414 -0.0723615468659635
-0.037164048495579 -0.023558945386409 -0.309054189865293 0.648305101836514
-0.0165527662075377 0.00246524911526798 0.257048829096802 0.42214478526838
-0.00381452439369202 0.00498387650361219 0.246789495893044 0.0273868810518158
-0.021895832606151 0.0153739111102963 0.031483571642387 -0.215533636385729
0.00179676190271163 0.0158832088220942 0.00461021703405218 0.165104216375868
-0.0135094299303951 0.00615670242884855 -0.148241891863667 -0.0377961173634001
-0.001983865747834 -0.0127015628153347 -0.215424239155535 -0.403427467786853
-0.00566065805137742 -0.0455221113600079 0.316428851600065 -0.489878239498777
0.0295010101389054 -0.0297537889837318 0.797152766008366 0.14752535325604
0.0064555438157786 0.0402294478375772 0.291825061162778 0.891012502956932
-0.0319722581314346 0.0183104928578568 -0.382513872878932 0.589363237149252
-0.027488840222879 -4.92855201917343E-05 -0.00115654220903043 0.101863168826171
-0.00478387552185126 0.0274574720390276 0.374644929652455 -0.509594592517803
0.00715283609853428 0.0254312640217778 -0.310176835394212 -0.891265742799231
-0.00595900642214482 -0.00971271407749912 -0.911602936949103 -0.0895624229010221
-0.0373032845222034 -0.0156853275241119 -0.321699380347287 0.64351830501471
-0.0108898154797633 0.0109023279467471 0.254835351597045 0.42498012005175
0.00343090444965251 0.0106491565736455 0.249983750174809 0.0343376809736488
-0.0167878524604968 0.0159889313918274 0.0310236160113039 -0.211999898293608
0.00912698730918717 0.0153111953223925 0.000782143252864206 0.167874689846589
-0.00848955690400213 0.00951237113684842 -0.146451731029223 -0.0293566311650808
0.00197627168319276 -0.0029230911542661 -0.222059760068403 -0.398959011100039
-0.00624097833046523 -0.0358147612806973 0.299341516669521 -0.504358649444195
0.0235855696019402 -0.0339259467049062 0.794683904433736 0.121024773234005
0.00801742319416831 0.0295276569955473 0.314937313870713 0.881392052410485
-0.0238883892724658 0.0113926619668238 -0.368542769286938 0.600232546228561
-0.0194458801849062 -0.00438351731708512 -0.0058494719399562 0.109363185506411
0.00201200897047786 0.0190909197778634 0.381790057205432 -0.496829466576562
0.00701229149692751 0.0150823053316039 -0.287789274722766 -0.901003733873699
-0.0112525494035714 -0.0109712563329466 -0.913610459403495 -0.116272246831422
-0.0370249612639355 -0.00656540500050326 -0.343752341321854 0.62982647289171
-0.00700617762913915 0.0206899222194396 0.24700630121124 0.429414767352109
0.00900551975411954 0.0140475191550414 0.251966389130797 0.0429833540186535
-0.00947498026098208 0.0141578253911711 0.0273485539712413 -0.206568930113598
0.0170866103042803 0.0130250861536916 -0.00361605410554274 0.171126658553071
-0.00442688067164451 0.011300050916613 -0.148457986772605 -0.0211584811602024
0.00430217698962436 0.00605659907298431 -0.230001735150616 -0.39521845270177
-0.00628158680515425 -0.0258003021483478 0.283299133208222 -0.515395260660367
0.0180025003812662 -0.0369682530220209 0.793768935820071 0.0874602026455633
0.00841456705385422 0.0174657699994713 0.343110179205379 0.866205529171617
-0.0152263335692602 0.00105146928158903 -0.354766008225539 0.608325763034702
-0.0106387593060597 -0.0123481181776907 -0.00569311646824779 0.113543540282449
0.00908828571112652 0.00768178188763434 0.39425993597428 -0.487045644115964
0.0071190869939311 0.00395991058311615 -0.255050484995389 -0.915013472073475
-0.0152223885026231 -0.0130687314777782 -0.910627974080673 -0.154118228505966
-0.0364430987921445 0.0014036458582889 -0.367976399454899 0.612939485204308
-0.0058680042880673 0.0293537165941531 0.237136692896269 0.43543994944456
0.0131167545636619 0.0159599098172489 0.251842424174393 0.0524406333131608
-0.00143502284790984 0.0119934769904019 0.0230498978396675 -0.201706604591914
0.0222569996799148 0.00933987995319114 -0.0100948551132481 0.174491727833337
-0.00190104832179186 0.0105605304249206 -0.151578000013332 -0.0129941474874249
0.00421724516687999 0.0125671431422248 -0.237452685193409 -0.390913637871153
-0.00694832253121957 -0.0172517400879862 0.265870519273238 -0.531830621080812
0.0147781105249584 -0.0388248763825882 0.794427670852279 0.0531338628393308
0.0088140473818341 0.00562692223785856 0.371460514852939 0.844771417603841
-0.00895744969112461 -0.0100799073829073 -0.336787178234545 0.613607555253881
-0.00287548884862121 -0.021124625626052 -0.00286236660150869 0.115098855113521
0.0154441279514205 -0.00293343024244729 0.412723601629266 -0.481945546303744
0.0077150749261936 -0.00750497285911109 -0.222431737000508 -0.930902407560504
-0.0178804452096215 -0.0162771499792088 -0.908306121301347 -0.190499183282185
-0.0360415509248808 0.00802061222754912 -0.389064366866395 0.595027228023496
-0.00709542137186081 0.0358350096778372 0.225950909307115 0.439189496478349
0.0136394574066445 0.0160843833165767 0.249187516920733 0.06106013094995
0.00504856859154461 0.00896607590094045 0.0165626756545247 -0.196985294846939
0.0263141755289794 0.00622076061954025 -0.0151378608140979 0.177409554709485
-0.00214062412829109 0.00725305869221782 -0.155781169138525 -0.00628506730233934
0.00257922027915476 0.0134425033037269 -0.24731114310147 -0.387055711103064
-0.00522142005017911 -0.0122171842287909 0.252537314146728 -0.546631678151603
0.0141535058945732 -0.0402714336015146 0.795837284645932 0.0220634255055201
0.00843266314139339 -0.0019478426055452 0.39799548878674 0.824380326085846
-0.0045593119085358 -0.0195858668501716 -0.31697792951145 0.609291410267782
0.00428538465202747 -0.0299471812755147 0.00392123329595488 0.114840303411154
0.0195675142560308 -0.0122715277607615 0.428635295795147 -0.477991735002844
0.00785737269043051 -0.0146878598933841 -0.193274379317281 -0.946974251209262
-0.0165884957168152 -0.0171236126755931 -0.902667997107868 -0.226499880427277
-0.0359955307519919 0.0127417259856271 -0.40230254093991 0.579188730991756
-0.0109171043480378 0.0392111740397295 0.215651672747259 0.443474164191792
0.0118728142261928 0.0134150217540772 0.245390893530649 0.0673778602379803
0.00867014227247286 0.00494850399193804 0.0101276786994565 -0.19420811929827
-0.00963869950445414 0.0131663993733502 0.00508349010292849 0.160909416880271
-0.0323365390159806 -0.00973645993655563 -0.16146442255161 -0.0476899253880434
-0.0199102800165466 -0.0373218740327121 -0.22204164781016 -0.401391425683453
-0.00183415967270614 -0.0618487873763211 0.329712235845856 -0.485196269396913
0.0455416671912771 -0.0239390644808229 0.810010156783477 0.146862000448983
0.00367030108774661 0.0555347429917505 0.296504107706644 0.869797803571306
-0.0439685622815219 0.0183939114612785 -0.364014671826253 0.557470792944324
-0.0364070583257328 -0.00452856374390908 0.0232263508328619 0.0772220606262498
-0.0166621032514243 0.0283034005283812 0.373605237878844 -0.5420998051701
0.0080255221378327 0.0414373995942151 -0.33095813398605 -0.898148511625518
0.0110625153529102 -0.00629791710832313 -0.896035336251843 -0.0651772140585702
-0.0365667075109754 -0.0314729370290633 -0.291779944431183 0.650541164989722
-0.0280496112272053 -0.0104956814448559 0.259036158965918 0.416145698486428
-0.0149059521883756 -0.00711011191461532 0.237121139230288 0.021065031390514
-0.0276750305917589 0.0116514879473063 0.0257931913489706 -0.216420899693224
-0.00796998598055706 0.0152521562894772 0.00686179915389875 0.160893644504736
-0.0271968898685295 -0.00460271527301066 -0.155494677989707 -0.0474917039333772
-0.0138058861429713 -0.0315522444707307 -0.218543854557518 -0.402825195838725
-0.00223840740041669 -0.0599169817207639 0.330186533212113 -0.477426372184254
0.0422124616692112 -0.0243154330930756 0.804101184289931 0.157020618520147
0.00316727511917887 0.0546109220770905 0.286694581895819 0.881293257345926
-0.0423599883191083 0.021854983697324 -0.375247678728853 0.565942235970119
-0.0367850959241234 0.000394723797167188 0.0148119307452688 0.0844940091974585
-0.0139382951740427 0.0322601465425163 0.365619951873163 -0.532783863035885
0.00788319018464998 0.0391992899631326 -0.337073398060642 -0.887729710030327
0.00516043672927297 -0.0060196002747002 -0.898811001864635 -0.0551306626067977
-0.0370870663227801 -0.0288713656259882 -0.29367671246463 0.652747177884927
-0.0224819920365128 -0.00564976769837172 0.261873810628765 0.416910470290092
-0.00989766586358411 -0.00114396413029734 0.241771864627785 0.0210822570778372
-0.0262577567475755 0.0155294244862875 0.0287515442983795 -0.216754179665704
-0.00344776427350877 0.0163447953034036 0.00853969762796888 0.162239335518453
-0.0212222283749119 0.0013119781721094 -0.151677475109113 -0.043055083885915
-0.00873335186859075 -0.0233655512464123 -0.217178183776434 -0.400447452583267
-0.00408289065177303 -0.0536699592359433 0.322819748823717 -0.480595172707633
0.0362888314059625 -0.025689518690371 0.797424332221768 0.155528964605312
0.00446501242794427 0.0497066378043247 0.286734708050905 0.886891431966795
-0.0384864416350194 0.0222144524155427 -0.377929221235464 0.578315438099729
-0.0335717734951676 0.00221250034555913 0.00623140176468082 0.092619461891655
-0.00999100512387805 0.0315082601359706 0.363442351625652 -0.522959156040594
0.00751563050170252 0.0346059021397796 -0.332609605670804 -0.882900868925286
-0.000265360271247939 -0.00707607577823192 -0.901872021779117 -0.0604086091464365
-0.0375102493798053 -0.0232421819958408 -0.299962216954085 0.649004818973958
-0.0161146282670625 0.00175550575987301 0.263259458338881 0.417638390429452
-0.00364298983672607 0.00546874165792298 0.247037863866463 0.0249114406762352
-0.0228291667634363 0.016389223057166 0.0302841448716382 -0.214464773545457
0.002306409826922 0.0159642619281058 0.00738123474941414 0.163922761859287
-0.0141257404457929 0.00676685492073618 -0.148455795463658 -0.035944460898473
-0.00289060413565753 -0.0132270905338784 -0.219460222228106 -0.397958577285088
-0.00605605065989263 -0.0452717297430972 0.310666189035739 -0.492481880669743
0.0296258634334945 -0.0298105885570797 0.795308232143685 0.138719284718443
0.00653247043928247 0.0403990156635302 0.301715868999004 0.883279011335323
-0.0321241599265169 0.0179323363959505 -0.372651633177041 0.589374137979477
-0.0275035595020999 4.89936645792356E-05 -0.000266384527642504 0.101120192276363
-0.00464504859087295 0.0268812517453927 0.365416236934085 -0.510292345456247
0.00697785483604486 0.024837198210874 -0.319721730045983 -0.887503013456046
-0.00644003946960985 -0.00831919428822593 -0.906918145199754 -0.0779906573265378
-0.0375224519746855 -0.0148228102211614 -0.314295275698773 0.643713184114844
-0.010386094262194 0.0108363789056476 0.259491612927574 0.420482399862276
0.00258654643938782 0.00985873329553723 0.249670088528585 0.031456760661374
-0.0166409608391986 0.0170644091929841 0.028428834746758 -0.211427113607323
0.0095261887754103 0.0141829381243217 0.0030946073011705 0.166479709229174
-0.00924257156090648 0.0100055738029878 -0.147904881808054 -0.0284805407915059
0.00121006940169647 -0.00336091918250785 -0.226386815862205 -0.393436365960845
-0.00717622282568606 -0.0361088555244818 0.293613082912243 -0.503478513243014
0.0228988545863854 -0.0337921314619159 0.792316802513592 0.111305471576236
0.008035090875771 0.0300130226357463 0.323007613154437 0.873705881033568
-0.0236605629916518 0.0110641624320713 -0.359707908641684 0.600007565627754
-0.0199914006291357 -0.00506002463433894 -0.00356392127576295 0.107935432429489
0.00169792957402342 0.0181534788313064 0.37466173973417 -0.498669722719813
0.00734865608527675 0.0144891343796251 -0.296398234620924 -0.892694009766702
-0.0117127407908785 -0.010241971486946 -0.90908744384999 -0.105828143909048
-0.0371984658303619 -0.00608988910447446 -0.33345859137086 0.632717484575722
-0.00601098928275982 0.0209708353949318 0.251217957953616 0.423778754716117
0.00833034147255752 0.0139163401811365 0.252536487110719 0.040425113472179
-0.00936513078360969 0.0151594710633923 0.0251261852634034 -0.205979613991314
0.0163500842822892 0.0123418509492577 -0.00167967313430931 0.170468399339029
-0.00443947629088952 0.0120315277731759 -0.147977553671088 -0.0194584134367695
0.00338608771828641 0.00554636316617985 -0.233901375436979 -0.389126114738209
-0.00742868764509168 -0.0253663798097941 0.276515137468144 -0.517521454345866
0.0173707478695782 -0.0370584933880801 0.791415993797433 0.0768612415322968
0.00879740969127149 0.0165704530640323 0.352753144456303 0.857122825320163
-0.0157246628101293 0.00049872311938998 -0.346455451196229 0.608640195052724
-0.0108881183035545 -0.0125942242146028 -0.00465763227495058 0.114109951045322
0.00900987980539161 0.00845674264807656 0.389439679009119 -0.489819104769148
0.00737292892603732 0.00261828419386597 -0.265041972747957 -0.910335599042925
-0.0151680285498792 -0.0128944578530178 -0.911061672127148 -0.142310673490893
-0.0366520507909982 0.00316485475377497 -0.356643493274459 0.614621545517767
-0.00526317074990123 0.0292718695391083 0.240313119333663 0.428642205837035
0.0116768037382493 0.0158120796995107 0.252370316909204 0.0500027682215321
-0.00268610532554906 0.0119950719174818 0.0198382710459972 -0.201740564985583
0.0229627875023091 0.00870015574597869 -0.00823130622426835 0.174255909803908
-0.00230920911385005 0.0105337571113504 -0.151880274012844 -0.0115424982119314
0.00418097937878954 0.0111876191455643 -0.243329569683267 -0.385887311300211
-0.0068621681747281 -0.0165624651644463 0.257899690109993 -0.533990030528024
0.0139556860211614 -0.0392457454458809 0.790690987559734 0.0431258560276336
0.00879287688005645 0.00600626462419789 0.38164204005344 0.836884734077356
-0.00909635713894301 -0.0100669476741517 -0.328456578424285 0.611419062813328
-0.00219063798599431 -0.0219957823894171 -0.00105550114631519 0.114754803750649
0.015066481129484 -0.00268064571802547 0.404404667661492 -0.483334738142675
0.00816132661581881 -0.00777891427913747 -0.233697050661788 -0.924249922684903
-0.0166139390823169 -0.0154789069041183 -0.906682290877472 -0.17922027343309
-0.0361909625423776 0.00953305428654356 -0.378926048083963 0.59837672173549
-0.00717404882503644 0.0360211193856014 0.230061068346335 0.435119295003856
0.0131922873394275 0.0155355443778521 0.250408543303601 0.0581265185623782
0.00510848709644732 0.00934433231752449 0.013835233355049 -0.196077850236315
0.0263019848689561 0.00586312109868868 -0.0124407330391892 0.177691733299832
-0.00187856091868446 0.00701147220336792 -0.155758573111029 -0.00557208779489898
0.00265279448956083 0.0132959706268884 -0.252000884182551 -0.381882222414563
-0.00556413233548582 -0.0119714800343705 0.244444068646256 -0.545955988051562
0.0141089453216211 -0.0409427040930912 0.791535576473347 0.012322699084795
0.00839444544516597 -0.00188211065071909 0.406054783957922 0.815374901266676
-0.00548618008485581 -0.0201519526642245 -0.308218944852873 0.610147036398816
0.00400447296122764 -0.0297206862696143 0.00504853464698338 0.114111996850999
0.0190136815319658 -0.0120130635707298 0.421274021859928 -0.4818234909614
0.00963960627507713 -0.0148886208029963 -0.203560354480968 -0.940787304993252
-0.0158068048726753 -0.0168828206640284 -0.902634703634141 -0.213888641467744
-0.0354937772550279 0.0136810733538833 -0.394290161198601 0.580299367161627
-0.0114633265219798 0.0389213910710228 0.221063131589361 0.43970224006525
0.0123749674639407 0.0127437346582149 0.245740848575277 0.064487439798295
0.0085371536175181 0.00542813269626493 0.00802056451673242 -0.192736106327217
-0.00946961797215409 0.0135181188144595 0.00697118275710557 0.159507963602908
-0.0332550553115971 -0.00882818072929451 -0.161297284993045 -0.0466915033091424
-0.0213791027099223 -0.0374029521005961 -0.226713488088649 -0.396344787867617
-0.00321818749162609 -0.0612835892867358 0.320640119238301 -0.485467120209439
0.0457559130310387 -0.0237244665824103 0.80762913618693 0.140567615957243
0.00362056317890479 0.055742961421057 0.304818525285538 0.863413728899762
-0.044286542447819 0.017998361367004 -0.355362619096113 0.559027297788892
-0.0367432911084147 -0.00389436835047941 0.0242591406642076 0.0758508413063504
-0.0158517854484737 0.0293566170144765 0.364196433190017 -0.54468844306489
0.00842644074404579 0.0398791765716342 -0.33833946893151 -0.891999723475369
0.0103909487696997 -0.00547830307014024 -0.890984395908228 -0.0554123478804893
-0.0363987694965112 -0.0307212845759806 -0.283120862840561 0.649708795689756
-0.0284982348436155 -0.00999158918703343 0.263337546783343 0.411396612185986
-0.0154464961572658 -0.00650701640212693 0.236342442308114 0.0181602744106138
-0.027537707371773 0.0124264748562261 0.0234969617729261 -0.215146717010338
-0.00761066081224236 0.0151876121525958 0.00970372019245858 0.160733992899854
-0.0275782447915261 -0.00361734109961093 -0.155914657951368 -0.0458632949212798
-0.0151152607829578 -0.0328416925477707 -0.222535501955827 -0.397175293064035
-0.00321760682679641 -0.0592082709545514 0.324963158435888 -0.479590509259854
0.0409874478211923 -0.0237272961844491 0.80235763827092 0.149370870391542
0.00409313361041453 0.0548167371510596 0.295113059645614 0.875125146301847
-0.0421966078974932 0.0213754513622201 -0.367669572300995 0.567131164232954
-0.0364340951443283 3.39615812181978E-05 0.0145319834793438 0.0833450318421348
-0.0139579872149826 0.032431429311334 0.35853855518892 -0.534449640017305
0.00850007595386247 0.0380683443919267 -0.345197275966181 -0.877773857199053
0.00523370453481294 -0.00627705300064211 -0.895235681153993 -0.0451300806144783
-0.0375067168240621 -0.0278078768017656 -0.281917537822876 0.652702043230743
-0.0222994974838739 -0.00553442905732472 0.265830147655333 0.411911182434676
-0.0106116396405798 -0.000917174411029786 0.241392786624004 0.0199894516646902
-0.0266090011702453 0.0160234461487064 0.0263754647634014 -0.216473675846833
-0.00350631358382596 0.0160728444779152 0.00986010912607501 0.161556559417061
-0.0215681782449723 0.00198584020505884 -0.151817904685105 -0.04261313990892
-0.00895476297016763 -0.0240911457861169 -0.221574962650285 -0.395485560218525
-0.00547823111392443 -0.0537227553984785 0.315808803156656 -0.482470410484818
0.0354342836222806 -0.02707202463729 0.793595704828556 0.144706911458607
0.00503681086835357 0.049524359217471 0.296563900957798 0.878637162021144
-0.0388436221815449 0.0219512456155605 -0.368720957542395 0.577564422137643
-0.0335332530358209 0.00168301038215999 0.00706891294271557 0.0917331230606803
-0.0100955886445657 0.0310253581488316 0.354004012590864 -0.522994400393578
0.00789521529595329 0.0338494650803549 -0.340063377415413 -0.875959247522375
-0.000165099616979974 -0.00676173083900694 -0.898055298050246 -0.0520628296006201
-0.0380452207863403 -0.0227498458102803 -0.292013948540986 0.650670008358192
-0.0153883882384435 0.0026614327355289 0.265481104855348 0.411587925153647
-0.00417129189579365 0.00453627781002512 0.246222411268906 0.0232475641939837
-0.0222035914885579 0.0173336038007903 0.028297660093113 -0.213994526446598
0.00254245970147797 0.0155701864420667 0.00842932590015572 0.162760382398126
-0.0154122118860215 0.0071788666345841 -0.148428075430784 -0.03547673638522
-0.00358792739186344 -0.0138074269610542 -0.224536704971593 -0.392786609953116
-0.0071509501402452 -0.0456417914035765 0.303798594301537 -0.491371949571585
0.0290193219375093 -0.0298629894043424 0.791047855182917 0.129075895863712
0.00684420864923463 0.0404999323786004 0.309314164422739 0.876141701260049
-0.0317662755656765 0.0180300237530995 -0.365375830056548 0.589702088932583
-0.0275880384447464 -0.00017541592585419 0.000906667740436431 0.100060927244683
-0.00435145666175932 0.0268539955574339 0.357403922209159 -0.511623486026732
0.00748765853795863 0.0247551671205614 -0.327773874870951 -0.877060210615486
-0.0057697671240191 -0.00757199503140665 -0.902122065679609 -0.0679206195701455
-0.0381377514804244 -0.0141087585963585 -0.305124242648286 0.643989207054062
-0.0105600451702254 0.0106408326789343 0.26285320491105 0.415911242096239
0.00264705223950294 0.00943891934328791 0.250455407283762 0.0289770360564008
-0.0166672132869526 0.0170793928643134 0.0261266446269008 -0.210331565695422
0.00945064151405267 0.0135722035461522 0.00433816873105877 0.165283974111904
-0.00864330337762563 0.0108818607348331 -0.148146930024148 -0.0271895538173269
0.000897001073404729 -0.00345467498102055 -0.229167118340747 -0.388516841509247
-0.00800099972365841 -0.0363198112337233 0.286674437201479 -0.505743123863906
0.0223688089293803 -0.0335869373392468 0.790954074366905 0.101769204568121
0.0079168193326274 0.0291476524032454 0.331977340007486 0.864702978916236
-0.0235710189534624 0.011410131937141 -0.352028011438274 0.600736000260199
-0.0198772811372184 -0.00546389618755933 -0.00252381222611429 0.107714492366711
0.00189991138109155 0.0185688745143235 0.368307817264766 -0.501101640079404
0.00679866179815718 0.0141874943391107 -0.305604158897972 -0.887574392085799
-0.0110628101150333 -0.0103022015682606 -0.907329045131406 -0.0952317741239777
-0.0372784214971153 -0.00524249590633256 -0.326221689774398 0.6312619492863
-0.00623246211537363 0.0204834925027732 0.254697924583972 0.419866135642937
0.00803818911562657 0.013954944954156 0.25283979480785 0.0380115195928477
-0.00936493819459201 0.0161803928035485 0.0228909955188301 -0.204878733143226
0.0164517139289702 0.0114754850498321 9.78999139155733E-05 0.16899550440193
-0.0048916363131386 0.0126321576441742 -0.148344898787133 -0.0186655092609478
0.00357956248077695 0.00578961394915043 -0.238030591045431 -0.383525274449827
-0.00815622004615398 -0.0252927233445569 0.268872380571505 -0.519604484996716
0.017150917300716 -0.0367670615658158 0.788166393902182 0.067557021650189
0.00858212665499808 0.0175975616587533 0.359993137762401 0.849052827655008
-0.0166398649462909 0.000490520104110758 -0.337502717242473 0.608241557533682
-0.011002521434075 -0.0128213829505883 -0.00295151265198769 0.112699369508942
0.00827685036517095 0.00726386242417952 0.381963497799427 -0.490217577762791
0.00647321185766609 0.00251946277419841 -0.275118745879915 -0.903042101941686
-0.0158550691753639 -0.0122895953941499 -0.905913942922213 -0.133189530362739
-0.0365646750548286 0.00293940760430709 -0.349525604535178 0.615983380430678
-0.00423459362565544 0.0288619401501077 0.246251544096973 0.426250578333081
0.0113058935072561 0.0151754636527858 0.252544261327855 0.0471685008683284
-0.00110138714392849 0.0126835418234759 0.0182800246471682 -0.200028189696055
0.02197589293241 0.00848619276721157 -0.00657770415974079 0.172658927302945
-0.00280655656375792 0.011332530015167 -0.152061913018304 -0.0110355257272575
0.00382151015549507 0.0115116534398838 -0.24774606775853 -0.379896374304499
-0.00719861667607392 -0.0179291616280783 0.252015673713985 -0.532307631902442
0.0136987108908601 -0.0394500071330403 0.787237317792805 0.033588812935709
0.00882927125921332 0.00580670257690049 0.387203609623404 0.826836229467569
-0.00957890782043649 -0.0101407586941181 -0.32018532970137 0.611589388561243
-0.00291639235621422 -0.021340565822455 5.51817443157698E-05 0.114637031851914
0.0150908003913249 -0.0031948221148555 0.397641843442239 -0.485156029463428
0.00755152922379563 -0.008014778212184 -0.242090824054416 -0.918238745421963
-0.0165274771910789 -0.0148491557312733 -0.902760474395864 -0.167070660845584
-0.0364693781368411 0.00893989230833246 -0.370097580427499 0.600729682273301
-0.0067202376853197 0.0352540750547382 0.23396768752678 0.4310089886918
0.0128150156802045 0.0155438765257138 0.250496518394491 0.0563351020237771
0.0044442753952271 0.0091850285626454 0.012902735228429 -0.195153367801515
0.0265628915221557 0.00547193230124612 -0.0111813697438597 0.175959192578496
-0.0028412569872851 0.00712655571537715 -0.156719259488147 -0.00535865917439362
0.00213354335971444 0.0122133805937171 -0.255450416133632 -0.375855546828149
-0.00625075101661807 -0.0125043863348279 0.237633409395946 -0.544356677748504
0.0128052072713265 -0.0410974005252943 0.788345627492568 0.00471889131273575
0.00868438651914676 -0.00163094830182666 0.413476125330105 0.807230771822573
-0.00620818967585297 -0.0196666089048882 -0.301356644944898 0.610027917758123
0.0035188804900338 -0.0304506596112984 0.00531622731868978 0.112900487089318
0.0192125324164582 -0.0126955465502911 0.413630557517135 -0.484135474041339
0.00786026308682599 -0.0153477352576518 -0.213880613173823 -0.934289255532835
-0.0161828066162937 -0.0169909073152731 -0.897232910649032 -0.203681306253698
-0.0349789820293532 0.0134210776551219 -0.386136065210004 0.583844741809763
-0.0104235227049208 0.0384664338932422 0.224314824861134 0.433060894266997
0.0111530733757573 0.012737681901836 0.246108322722426 0.0621312491608414
0.00815533457456034 0.00628400501436223 0.00635237811468095 -0.19320871641861
-0.00937875303927049 0.0130514773286037 0.0086948636335597 0.159325092350028
-0.0334343665105941 -0.00869148058513229 -0.161947164273609 -0.044905762336513
-0.0214292280677274 -0.0374379930878745 -0.229714270654799 -0.390996904658266
-0.00320675771778143 -0.061061749395596 0.314760276460878 -0.484850164918919
0.0448453930416819 -0.0242736489388854 0.804837288226449 0.130077503581614
0.00376991444513982 0.0553482296133956 0.311133260328871 0.854612911407252
-0.0445739561143934 0.018534053796892 -0.348892336677071 0.557078328203006
-0.0368414641514173 -0.00367840214540213 0.0247495765038381 0.0751321412537861
-0.0151937094660045 0.028709292536664 0.35884320800527 -0.543775564615045
0.00899455722214695 0.0388994228384846 -0.345677158095159 -0.884175928219175
0.0103751060746441 -0.00526272044489191 -0.888454351121595 -0.0453538742773131
-0.0365771051430967 -0.0297275454084746 -0.276910205337009 0.650092653474218
-0.0282556723265883 -0.0101604509883108 0.265996995996368 0.405392293672964
-0.0162640876122066 -0.00644842513086241 0.237034499727213 0.0172209269485045
-0.0277447080040018 0.0136071785112434 0.021664256568727 -0.214055061552295
-0.00750588063567002 0.014700115567475 0.0115920795470102 0.158179268632655
-0.0280091990454049 -0.00287242882282017 -0.156286838400397 -0.0451542749053985
-0.0155777073168579 -0.0316588272667095 -0.225832003466512 -0.391576550977698
-0.0042332615893607 -0.0590280458821047 0.31751706856507 -0.479949724183304
0.0405845467931198 -0.0248146293486228 0.799137288646447 0.140682051452185
0.0040114597435071 0.0543149328357118 0.300134318256679 0.864876506638624
-0.0431092267830318 0.0217047634512504 -0.36013132291695 0.566268023785726
-0.0359074918284501 6.79273184913841E-06 0.015504060739074 0.0827713301610204
-0.0135334155656676 0.0319820592575611 0.350404749529691 -0.535748157687898
0.00857422704613616 0.0380686883629635 -0.350609600114959 -0.873422205211888
0.00560669801349625 -0.00587251301678966 -0.89092272544588 -0.0367230259981624
-0.0375071026863387 -0.0273756011500055 -0.275307001918115 0.652045338855713
-0.0223861623127047 -0.00535934199708172 0.268634110573777 0.406427127322496
-0.0112217281287367 -0.00147300040269945 0.241194604187028 0.0170883430950358
-0.0265533902140559 0.0158818908163363 0.0241798026534048 -0.214944433076483
-0.00353847889080995 0.0158812472804685 0.0116837557443158 0.159941557083238
-0.0215226158811877 0.00358292894743881 -0.152023087099705 -0.0411399533853871
-0.00982739123452027 -0.0235914429686237 -0.225195975132095 -0.390390353723805
-0.0064160896865898 -0.0542624219797691 0.309841900528486 -0.482449505661363
0.0340186461830501 -0.0260606778925082 0.790790147227924 0.137017525810196
0.00543790100722505 0.0498386816474463 0.303027687845648 0.869386242032682
-0.0387860428794615 0.021611647498696 -0.361898159646136 0.579144154882456
-0.0330317868769324 0.00181422655787685 0.0076461151936216 0.0914419797876008
-0.00939031840385548 0.031395651979752 0.347840390934635 -0.521877710192778
0.0086560456955723 0.0333897133519145 -0.34628016572228 -0.868357147844376
-4.47672100872577E-05 -0.00659561725547658 -0.894904099365898 -0.0414377902876517
-0.0376917087404696 -0.0211379249817282 -0.282005116402108 0.648694547147044
-0.0154537261178234 0.00217475960429658 0.268930817028877 0.406960927986972
-0.00401035419803916 0.00515673873186858 0.245849008429199 0.0211820597783622
-0.0223860264582058 0.0179141954609162 0.0249106942376323 -0.212807617137987
0.0026610934840088 0.0147287349095873 0.0101126315176042 0.161440134513054
-0.0155043457583993 0.00813077210218959 -0.147926382747682 -0.0344908367445878
-0.00406891996139221 -0.0139131351911116 -0.22783757607456 -0.387691060596984
-0.00828707940689018 -0.0454904463553891 0.298550807504562 -0.491109937528398
0.0280456711824635 -0.0300958581976503 0.789767946799042 0.121602823040583
0.00748562446364889 0.0403947056496805 0.31452931693067 0.866022123305434
-0.0322305167109382 0.0176250911348332 -0.356343388528489 0.588864597146764
-0.0272219259536038 -1.15052552965072E-06 0.00181341243361191 0.0998614140674011
-0.00436947389479466 0.026875110770539 0.352099007095583 -0.511279914098823
0.00778187432893 0.024418421332101 -0.332944841252286 -0.870416469972752
-0.00594337945621122 -0.00803535007915232 -0.899327437727171 -0.060387909702119
-0.0367854081217401 -0.0133652810296425 -0.298271369130993 0.643057306653163
-0.00990802289678585 0.0112535725274991 0.26564067238869 0.411033749000466
0.00213156725535533 0.00986759263562795 0.249819744827561 0.0271210349099505
-0.0165688190215014 0.0175886922688039 0.0240390945661732 -0.209166304668948
0.00949446518917238 0.0133344155503262 0.00650525832454229 0.164063223274503
-0.00967421106017434 0.0120172518165904 -0.148137571026707 -0.0265276979193186
0.000556980854141062 -0.00312646456483372 -0.233250096488972 -0.383240825131566
-0.00868519373007469 -0.03597178364872 0.280312857968184 -0.504883826453613
0.0219274643507894 -0.0335812683347326 0.786503575290378 0.0939783180738053
0.00814068523874838 0.0294924702890953 0.338654690098913 0.856333160301878
-0.0241096636880901 0.011225717390067 -0.344732173617326 0.600722569083066
-0.0196255118796404 -0.00512100131863517 -0.00170150371838197 0.106660913671574
0.0020774600892985 0.0183149336775 0.360456649118326 -0.501317581725552
0.00735612279724553 0.0135951696380394 -0.311945075410262 -0.879136759447193
-0.0113701703208215 -0.0101204075670683 -0.901757269368811 -0.0861372985644131
-0.0369658751377072 -0.00474838479089608 -0.317352573726083 0.632849919162927
-0.00587150356219697 0.0197451804159009 0.258824561175652 0.415144979109113
0.00700657353660678 0.0130128372430197 0.252191529837632 0.0354299983209386
-0.00925705914387962 0.0159321404965962 0.0207177061419065 -0.204176490651169
0.0164826069286622 0.0115401386525141 0.00140777251036243 0.16730462121692
-0.00490377823369346 0.0125405537038844 -0.147902741103876 -0.0181032188748615
0.00216338058522162 0.00504775507025425 -0.240814632697737 -0.379141353100567
-0.00857980939121921 -0.025614497569746 0.262317181278429 -0.517659467798787
0.0163817811752237 -0.0370498713850468 0.784124644336669 0.0602922559176898
0.00839288670477571 0.0181678992805295 0.366428604272494 0.838072799723323
-0.0165087475919765 0.000210183699067308 -0.329860250868205 0.607516784172259
-0.0109513936237897 -0.0132421189762379 -0.00177734235385728 0.111866380266811
0.00868854165119709 0.00755803748169654 0.374153182203687 -0.492097378928551
0.00782415774304919 0.00123463213850383 -0.281805640298055 -0.897140791117616
-0.0151243246688228 -0.0120372426097036 -0.90293513967176 -0.121766883164602
-0.0362410742610468 0.00371286393318563 -0.341785163467857 0.615930180976433
-0.00441776961123331 0.0291300284345894 0.249041320874537 0.421187612800045
0.0110262445435325 0.0148641881617325 0.252274657353765 0.0448354519186817
-0.00176201671626721 0.0128272859867675 0.0155803246774044 -0.199631121316495
0.0222910128878077 0.00756910247764282 -0.00536035140022978 0.171492685755189
-0.00278644193993503 0.0114658798973547 -0.151511779349998 -0.00973526155876107
0.00373998275238702 0.0109902735576417 -0.249952589811069 -0.374275549073453
-0.00740692869368775 -0.0177010516923132 0.244447698603077 -0.530627786614311
0.0131087864586403 -0.0391940177479548 0.784530154583298 0.0276202007864565
0.00850527892485868 0.00627018911295963 0.392761328084561 0.817864753916416
-0.0104578710143262 -0.0103332342876253 -0.31242095648859 0.609717514611103
-0.00288769179172059 -0.0225119529257951 0.000845674143530138 0.11349947726116
0.0145031178750819 -0.00381532968303224 0.393065368077904 -0.48505785193967
0.00760812781086827 -0.00884100481846314 -0.250317619266178 -0.91156100454097
-0.0174167793177673 -0.0147539238593227 -0.901199219117634 -0.160566774996873
-0.0358388285504933 0.00977094051184353 -0.360729822807682 0.599085977573672
-0.00621592800828471 0.0348779302239066 0.239560537289012 0.42529125749557
0.0124635554527594 0.0150745856943952 0.25033170282484 0.0536241683784685
0.00391841748489312 0.00982547870923723 0.010587134847989 -0.195008945512506
0.0256765123509429 0.00407072937936881 -0.0100600935101367 0.174751018323577
-0.0032097323390532 0.00795205619468586 -0.155601160650595 -0.0037015061301551
0.000870970403952517 0.0125531465916533 -0.258464309611413 -0.369924464221461
-0.00625647105848061 -0.0123617477717692 0.231504328945786 -0.543198938865559
0.011843587875182 -0.0406379134934588 0.78284942750048 -0.00267518851470904
0.00816770888631271 -0.00165332322676264 0.418395649220427 0.797985833164576
-0.00729204730967398 -0.019873308665646 -0.292207276117339 0.607770974966372
0.00281178757801201 -0.0302486639328236 0.00712712901032229 0.112543744082566
0.0192091602183452 -0.0129039439988189 0.40683900102479 -0.48455200975352
0.00836065669721664 -0.0155656554819335 -0.219043227698075 -0.927795670464891
-0.0162358797953532 -0.0160167669753264 -0.894980034145648 -0.192674599479771
-0.0357427812760837 0.0142835851059242 -0.378958862812927 0.583452845785062
-0.00920966251455987 0.0386187225702705 0.226711595041202 0.428760426128124
0.0108742271022549 0.0128139956430065 0.245832141028686 0.0604072557573294
0.00917748859785487 0.00577874028249068 0.00412005849523541 -0.191280283499279
-0.00960931562316583 0.0128288342554247 0.00999987974237987 0.15817501973595
-0.0336787892534865 -0.00745203929714587 -0.1619638358725 -0.0454903934757677
-0.0220886559927282 -0.0372085446466226 -0.233209938309501 -0.38663353317679
-0.00484126023185242 -0.0616405864716204 0.309121586104768 -0.484006471976627
0.0443031132534939 -0.0244336016833004 0.80175031422022 0.12486975813415
0.00333651030156598 0.0552492229024194 0.316000744661733 0.847973519238737
-0.0450612280933893 0.0181860650068589 -0.340708998647 0.556898407537648
-0.0369680834430981 -0.00492323946726009 0.0249730395065503 0.0744404688088822
-0.0153995996470412 0.028529102948568 0.351335460517172 -0.543448037619078
0.00924452163772537 0.0392593994920404 -0.349398513600577 -0.878078450684978
0.00991881241490932 -0.00592839363238975 -0.882453316375166 -0.0382380396758378
-0.037512648301806 -0.0295568772275323 -0.266009404219976 0.648086283710743
-0.0279818563839064 -0.00978354423707334 0.2692974695412 0.401064262380562
-0.0170618381093438 -0.00732146515204439 0.236310035069712 0.0152529420962162
-0.0277120040855064 0.0138109450294761 0.0205312487968673 -0.213719321626229
-0.00778711350253694 0.0140621103466586 0.0120587256141145 0.158004129430611
-0.0289911483580607 -0.00241656946430701 -0.15643218683021 -0.0445215454157511
-0.0170188893050927 -0.0325957096981267 -0.228964949825294 -0.38603202316742
-0.00525810486766042 -0.0588124989294594 0.311368783433231 -0.480899985974102
0.0403608135982784 -0.0251313646130739 0.794284636906948 0.133706949976423
0.00448142423445341 0.054426318183796 0.306694547732564 0.856254704868287
-0.0432822519936742 0.0211067133879875 -0.352270745282291 0.566398804187977
-0.0364963127355068 -0.000528426623866868 0.0167055506500883 0.0813945822185367
-0.0123517867209576 0.0313487943991019 0.345779132271482 -0.534359397040114
0.00874064789163849 0.0374651549184818 -0.356088168644513 -0.865062024527823
0.00505013852361065 -0.00511738307136411 -0.887031603605382 -0.029621239315922
-0.038264043024358 -0.026543175645781 -0.267309041546859 0.653018051237656
-0.0222650009136755 -0.00521557304367852 0.271248659163974 0.401434802694784
-0.0114302333194437 -0.00087267392651565 0.24156128556056 0.0146785672320405
-0.0269757682247482 0.0171919900664799 0.0224862752112897 -0.213982473560019
-0.00400040447694103 0.0150181252076163 0.0131253939354584 0.158624211138176
-0.0220653542522985 0.00338750027501735 -0.151159795097641 -0.0406797287473974
-0.00984573434883337 -0.0240133795002253 -0.227445582838335 -0.385574154859259
-0.00766651410574729 -0.0528801950964693 0.304881796882039 -0.481162554349945
0.0347731095184367 -0.0272622302571439 0.787805623185128 0.128628041592613
0.00664323762246012 0.0487389135867009 0.308444432054148 0.861706851729781
-0.0388989913380305 0.0220311640436889 -0.355860601484159 0.575415227740133
-0.0332672839947966 0.00156103583299656 0.00797477876101397 0.0904296637774657
-0.0090005932016634 0.0295113057030753 0.343438760464741 -0.521195865387231
0.00946689121811465 0.0323163576597857 -0.352350869170857 -0.858820968218834
-0.000779386180613135 -0.0061879760502969 -0.8918782764489 -0.0346510130545111
-0.038064388551339 -0.0208238794865535 -0.274708461191262 0.648493775906928
-0.015280754730776 0.00174814067340175 0.271687039688336 0.403010976183262
-0.00442903723644017 0.00385275747518813 0.245769922250307 0.0193161521619865
-0.0228870300094483 0.0179922045217434 0.0235304497663262 -0.211271765113896
0.00173018214336795 0.0140535888981982 0.0118216187751626 0.160218311025314
-0.0153262558033316 0.0084468744676406 -0.148491898456435 -0.033814646398622
-0.00483480045088449 -0.0130337881081404 -0.229650434318296 -0.381473355488909
-0.0084322532856913 -0.0453589875480324 0.292108767044014 -0.488895469182061
0.0281273953380026 -0.0308112168741411 0.785435451344904 0.113103442169111
0.00781065553449032 0.0400786301810734 0.321334576706982 0.861436022085834
-0.0321639015631868 0.0186123334962461 -0.348910846691037 0.588155530043033
-0.0277185394552743 0.000220144925939158 0.00294021327663272 0.0987940166528077
-0.00367644233974668 0.0249596089132573 0.345294410931058 -0.511144758658653
0.0089188309043568 0.0230961699395804 -0.339099107125802 -0.862056882648558
-0.00624531503400002 -0.00736541382109106 -0.895637410196699 -0.0515407108066646
-0.0375631842322907 -0.0121620378850468 -0.290020844447783 0.642761117556655
-0.0103227593310681 0.0101810071997612 0.269762572074226 0.407094580379677
0.00158328955161167 0.00903817113359652 0.249838408060985 0.0248207284905268
-0.0159616479560853 0.0189727597155528 0.0220861205745788 -0.208794500249878
0.00921887158819181 0.0131658226331992 0.00770916639161748 0.162816919342774
-0.0102404331850043 0.0118291394102793 -0.147687489220116 -0.0260772360726024
-0.000943769311983834 -0.00371165550992626 -0.234871759210539 -0.378197553408722
-0.0101737124917608 -0.0351329696173754 0.274039197679265 -0.503724839935363
0.0217917754701624 -0.0341451411016108 0.782749843610569 0.0862866764257296
0.00827888732395633 0.0292646256323927 0.342838226390033 0.847949552341492
-0.0242847591505966 0.0110386243933002 -0.338720597576707 0.599405976488245
-0.0200065839063293 -0.00555430168437431 -0.000494363285665274 0.105145702375705
0.00219734767117806 0.0173506451466745 0.354197548336059 -0.500569950585467
0.00744542399112976 0.0137505489187705 -0.317032569215115 -0.871872273157477
-0.0115048352576765 -0.00888107109066466 -0.900034477611377 -0.0784139799759013
-0.037316575853631 -0.00355445379711299 -0.310711517126907 0.631687407574322
-0.00581356030845685 0.0196547000256152 0.260375894959148 0.410961482851259
0.00638480468981126 0.0130370208113824 0.252224213894628 0.0338186135033472
-0.00846546281690538 0.0169016103898278 0.0193815632138074 -0.204377489618915
0.0169021907175493 0.00988364197108035 0.00155198944374843 0.166052508891974
-0.00465864198984116 0.0132517737119554 -0.148147355952284 -0.0179702472938759
0.00269817943864521 0.00438423319048181 -0.244314370527275 -0.372078177786886
-0.0092273987803685 -0.0260514881586786 0.256303812552509 -0.516791486192061
0.0163858415525291 -0.0369284349644393 0.781286590313854 0.052511728403356
0.00854337501732638 0.0177710860521408 0.371650452681189 0.830784649958429
-0.0181547131143864 -0.000299319415228138 -0.322190549681876 0.607789907299285
-0.0117677475007586 -0.012941518705831 -0.00195408773816437 0.111474978258598
0.00816081387760732 0.00717412311799681 0.368313941981666 -0.491754279944827
0.00757835669670637 0.00161594563504414 -0.286725525794315 -0.88702276094382
-0.0157103695336714 -0.0107074145133424 -0.899300595003887 -0.114908742215465
-0.0362226219551961 0.00435453640706382 -0.33361652032409 0.616127030665526
-0.00393517512587916 0.0297195045175699 0.251727782084067 0.41660434811041
0.0110475340944795 0.0145591736591044 0.252677846934175 0.0437959654148967
-0.00139640031809552 0.0137010903476978 0.013697417141625 -0.198564094454336
0.0209854347373776 0.00658232800017567 -0.00334149612657444 0.170645268852516
-0.00369244714577097 0.0120291561346397 -0.151451788633843 -0.00998177731148203
0.00339952366847199 0.01014426444432 -0.253346978337681 -0.368872161515625
-0.00734435659848046 -0.0174229800095477 0.238605802211643 -0.530913569342158
0.0132619395405146 -0.0388964134502297 0.778365017452314 0.0212764554795111
0.00830661891601319 0.00675330856150086 0.397661561977633 0.811384557905661
-0.00993401085343408 -0.0102700911996583 -0.304151429679555 0.607832628218539
-0.0030437204274 -0.0222192706845869 0.00178448105847747 0.11431238378943
0.0141354152012729 -0.00440330400778959 0.384607560633457 -0.485778431472979
0.00815885415347699 -0.00948892026629872 -0.258183488941822 -0.902925219278334
-0.0163484620016624 -0.0138044361466417 -0.897820633377169 -0.151158074337257
-0.0355157141641971 0.0104780715684416 -0.353197355490362 0.598781016290207
-0.0058795679318338 0.0350351839543752 0.240946573581783 0.420665024971083
0.0112216900444326 0.0154032542430221 0.250060764036388 0.0514808206125814
0.00342039537373637 0.00960216284788447 0.00923203499352721 -0.192811193082347
0.0248462720685885 0.00295760505408928 -0.00769443323296311 0.173972320040267
-0.00389787721804062 0.00849342831842063 -0.154865291010534 -0.00219913755858388
0.00117361573011249 0.0127318369190729 -0.261264009465682 -0.364448711522505
-0.00610579553143938 -0.0121379829419816 0.224686833019897 -0.5422047310945
0.0113594083882874 -0.0401166390168475 0.779204637777633 -0.0103022019696914
0.00800567904698947 -0.00141651476928572 0.421416665258012 0.789337739928149
-0.00736732678537571 -0.020369375612644 -0.284917648208447 0.607049410484992
0.00252798679690807 -0.0317152057839857 0.00749161324658916 0.111342497636266
0.018396705112023 -0.0132857737606457 0.400786777664541 -0.485696649120209
0.00723278784590808 -0.0169716011958254 -0.226495397355645 -0.920624312811388
-0.0164617171038114 -0.0156511092557166 -0.892110040233477 -0.184339903987557
-0.0343964159561644 0.0153728309416528 -0.370196423722289 0.583651553223391
-0.00915361901510185 0.0387385922171677 0.230262979884155 0.424453045468804
0.0106085212666951 0.0123301979720549 0.246214693953311 0.0585931536639284
0.00751616500647598 0.00733975256044771 0.00312824593670045 -0.190849994860536
-0.0094798560944147 0.0124436285516025 0.0109755695352485 0.156664578481299
-0.0340636004477725 -0.00631384165400463 -0.162317820332151 -0.044779682787141
-0.0229592106641966 -0.0369902208368141 -0.235224672377208 -0.382240495573109
-0.00499557954080033 -0.0608492181515574 0.304955949917471 -0.484408617469159
0.0439312650283959 -0.0251560720178674 0.796708373467041 0.117047302795693
0.00442552658368661 0.0549125075592696 0.320565398305973 0.84050577081435
-0.0445471659080411 0.0180670020762327 -0.33768501050788 0.555236070273185
-0.0364344560701529 -0.00425895782911974 0.025664321166249 0.0738689481409937
-0.0146338756488 0.0280824469686224 0.345307114051793 -0.543063284853829
0.00927641838663833 0.0383639158480955 -0.355864365073136 -0.870647657710138
0.0106880404651315 -0.00580335666659742 -0.880517621355041 -0.0324061208690976
-0.0369284752425922 -0.0288586086805889 -0.261958158774515 0.646529820178616
-0.0284063156825894 -0.0101404058191432 0.27011067675744 0.397312195285919
-0.017165909269946 -0.00705158660331118 0.235815217880775 0.014121027248216
-0.0278685452865976 0.0143482180660639 0.0182909272964573 -0.212191569908516
-0.00742939076543093 0.01421388462753 0.012855498253348 0.155786422945679
-0.0288985074584697 -0.000973061409564554 -0.157165830389487 -0.04391844375103
-0.0168192615926437 -0.0318670001750696 -0.230988133866155 -0.38274830522693
-0.00635314546379594 -0.0587463932400448 0.305793167012589 -0.478985735615678
0.0400004901659723 -0.0252733382820485 0.792754617632427 0.124747986529487
0.00465046533473084 0.0546821393260866 0.310168973256858 0.851009425215386
-0.0427906968003497 0.0214155981676001 -0.348182889245856 0.565447963248345
-0.0362035824255642 8.28137227729077E-05 0.0170015625280556 0.0815458161321693
-0.0129694547640064 0.0319638141520852 0.339241442475522 -0.532938269430234
0.00985912600908587 0.0368192906982887 -0.360460392194063 -0.858232596629834
0.00594084589138648 -0.00548447924224614 -0.882676773091976 -0.0239402951557404
-0.0379838686568342 -0.0260700812592157 -0.26059894486863 0.649754482416173
-0.0221328473076269 -0.00531728455529306 0.273615567520415 0.39753211401046
-0.0118892592356705 -0.00118380577386213 0.24104612356543 0.0140924318702361
-0.0264184253218136 0.0179167560855369 0.0211215944509416 -0.212900268589022
-0.00332512736827066 0.0146135741748924 0.0124654444010444 0.156640453624466
-0.0223966080274105 0.00466391583598864 -0.151424953416972 -0.0404028990556638
-0.0116731622556216 -0.0239108189524844 -0.230170987865304 -0.382010124745246
-0.00804698220515647 -0.0530489207999299 0.299476866891896 -0.481743040138658
0.0344900079870132 -0.0276804339038074 0.785625303037473 0.124551564975756
0.0050540714719591 0.0494334103466093 0.312356926369189 0.855064944403982
-0.0385771969072823 0.0221520798202621 -0.346711621554268 0.575049337581759
-0.033106949302604 0.00111210119317774 0.00916612906476505 0.0900783604376837
-0.00939425890309803 0.0303881761017212 0.337271556339893 -0.521805628741277
0.00897339073996706 0.0316401146321998 -0.356500083618032 -0.852508241903192
-0.000411411755791867 -0.00598441283938361 -0.885473012657597 -0.0265120964829249
-0.0379495640499981 -0.0206754408650591 -0.269050158370923 0.647168715409172
-0.0159172900273716 0.00200246683471451 0.274089206773277 0.399854547592944
-0.00601241410601507 0.00475029632382556 0.246134031690465 0.0168507596461168
-0.0227702329412299 0.0192821876069786 0.0219796766699283 -0.211297684938782
0.00231906894258915 0.0137054410793285 0.0119334691942168 0.158351212476531
-0.0158175617475565 0.00928396254195518 -0.149165719310774 -0.0331937838399355
-0.00567570108442122 -0.0138581894184006 -0.232932716959618 -0.377666792952024
-0.00943164555118581 -0.0452525952110183 0.286513115971781 -0.489139731846489
0.0278407381271386 -0.0305983070565306 0.782562194759755 0.108112588289335
0.00750045832359893 0.0403297478080229 0.324880341549629 0.852912978212453
-0.0323495644210428 0.0180164058921163 -0.343299600482891 0.586533212497774
-0.0277245259715012 -0.000881563094848232 0.00287003609707795 0.0981680200008313
-0.00426630836538573 0.0260120917577937 0.339962375667288 -0.511995424407428
0.0084887174223303 0.0231815826834088 -0.342894207654574 -0.857860226003818
-0.00586626316906544 -0.00694715992364603 -0.891870053525308 -0.0450983559862862
-0.0376568445599858 -0.012566198749564 -0.283835477691038 0.642326097128987
-0.0100311644100244 0.0101556435684102 0.269882324368226 0.403066534408698
0.000576914406177657 0.00965479124137426 0.249879887877416 0.023701359313073
-0.0167684654318529 0.0184726478546557 0.0207108596010229 -0.207542355611614
0.00860573434464981 0.0124668738746138 0.00775334715135005 0.161639344039765
-0.0105635028997725 0.0127619262348916 -0.147549657470065 -0.0251894437786726
-0.00119065764967115 -0.00405197032921527 -0.237384143291782 -0.373701545994055
-0.0098466771104275 -0.0362011539515537 0.268533330540671 -0.502620326740242
0.0222143914532485 -0.0348995990407548 0.779317798758209 0.0812253948061468
0.00840613662563108 0.0291935727019048 0.347123642140573 0.840580368230666
-0.0247784667589615 0.0105980650053063 -0.331150889993481 0.598245144118627
-0.0200929533115515 -0.00558996359351047 -0.00026099366737523 0.10497119407323
0.00189323877899592 0.0166539615379033 0.349009567358497 -0.500303298449026
0.00752642215547103 0.0122640860486076 -0.321543579658153 -0.865723209805328
-0.0110459720530996 -0.00871245238267371 -0.893822267203631 -0.0716362007116075
-0.036172923578846 -0.00417651973224196 -0.303292562306701 0.630478436529872
-0.00611959262654909 0.0193948508551632 0.26290128852238 0.408034215109129
0.00652076822876408 0.0131244820323913 0.252736712300288 0.0323264305272117
-0.00944784872109704 0.0171001049428783 0.0174718829462079 -0.202300194857952
0.016157187651262 0.00968932119755126 0.00408032727135219 0.165670650850557
-0.00591611653038046 0.0137115506903953 -0.148207095431415 -0.0166458092195923
0.00184498278580446 0.00470947531527817 -0.245283395122442 -0.36907968442242
-0.00987323267806894 -0.0258200002243985 0.251563998468352 -0.515464463102399
0.0161536098429834 -0.0369026014647549 0.777381632929646 0.0473777169600852
0.00847017095234859 0.0169380638615396 0.374264179635838 0.822686875203499
-0.0167800227588298 0.000313993282346003 -0.316289182504468 0.605908544231268
-0.0113690099063338 -0.0132701444283769 -0.000539359748990915 0.110508999910418
0.00934243310156827 0.00598010773276685 0.362389331521653 -0.49152579553352
0.00764071379765133 0.00107632771650572 -0.291363293672086 -0.881594192204482
-0.0150154420296486 -0.0113996515416564 -0.894501488060692 -0.109120615590775
-0.0360611362026756 0.00405160863846551 -0.327033210232924 0.616295686196437
-0.00380420345120376 0.0278784098167217 0.255341649963029 0.411814243053097
0.0104709485162117 0.014938215220727 0.252888126945653 0.0417691692591491
-0.00140901658200377 0.0139698600288712 0.012165275000964 -0.197229695927752
0.0209542459625001 0.00686291144430099 -0.00204001075977305 0.169139403426318
-0.00295179507145465 0.0116580994188106 -0.151153068841219 -0.00876670568867561
0.00244713496171249 0.0104676999743836 -0.254710273246954 -0.365122791628642
-0.00865550391928301 -0.0180128240363773 0.232862378575648 -0.528617063328908
0.0127768820251143 -0.0394801194361594 0.776717534769409 0.0151767544321979
0.00858999026236986 0.00632531348151215 0.401939058227782 0.803158552322692
-0.0117139714944917 -0.0104814239979115 -0.298559535534479 0.607592780637203
-0.00372200249241861 -0.0222053553440139 0.00277311112671182 0.11182379141283
0.0142790102460244 -0.00488632906132722 0.379422198022046 -0.487251149382087
0.00735676128934767 -0.00882054425216014 -0.261415190196535 -0.89769618570727
-0.0173029172861505 -0.0134362195808774 -0.892968665626934 -0.142993429092458
-0.0356786987547806 0.0108645285492962 -0.348255188602518 0.59944054905195
-0.00492053660916499 0.0348760378714485 0.243268422504017 0.4182587139735
0.0108261755891297 0.0142611618322343 0.250323669459306 0.0501843959237399
0.00313895205158224 0.0110600572037135 0.00814991470862594 -0.192367689954877
0.0253155535452077 0.00319540148242686 -0.00697487450891182 0.172245425713394
-0.00403148649506931 0.00875237617064198 -0.155800680827232 -0.00326091973986538
0.00102495164438165 0.0127014639932823 -0.262473183353689 -0.360247632417567
-0.00712756918077765 -0.0124746323184251 0.219993797993656 -0.54114195523713
0.0124690133289686 -0.040656594042548 0.775879959625915 -0.0153379522755561
0.00708539920176031 -0.000998101967490002 0.427500975261209 0.77918225336903
-0.00807431859625958 -0.019905686212612 -0.280794524028695 0.60521740899438
0.00180348040340036 -0.0302759890805136 0.00897623836427587 0.110679172977489
0.0184179008277864 -0.0142257922837759 0.395729552625497 -0.483553440593805
0.00733062172968309 -0.0166286545179096 -0.232248055293918 -0.915092290233207
-0.0162134627693922 -0.0159985515218197 -0.89014982573634 -0.177587319966485
-0.034683534902167 0.0149785859850067 -0.364442468375044 0.582836254429237
-0.0087953225304018 0.0374579249101675 0.232840228344746 0.420404088400056
0.00948569460172824 0.0120702883042195 0.247157559236329 0.0563294241943514
0.00728963825846938 0.00654267065433053 0.00189954213862927 -0.189586606629416
-0.00970021528361641 0.0118425771539382 0.0119586665459208 0.155146009990037
-0.0343147464749417 -0.00554389472639271 -0.162709095671549 -0.0435758009378285
-0.0236970167367466 -0.0364719644374286 -0.236491127326958 -0.378156349478206
-0.00634794890002961 -0.060914578692607 0.299684661102935 -0.483629687571292
0.0435941243227376 -0.0250743647792977 0.796307541528759 0.109645192389587
0.00450583587112501 0.0550941800601522 0.323971091268404 0.834117800903643
-0.0450906963644766 0.0182506584643583 -0.331698119283354 0.55298151122386
-0.0365912148939215 -0.00444358790648774 0.0259104888880584 0.073081049906884
-0.0146222289019153 0.0277917593096349 0.341296028007794 -0.542322451595969
0.00905244496441642 0.0376148578789414 -0.360273935598904 -0.86442998221421
0.010273785139325 -0.00568592115257699 -0.875364224078218 -0.0254250476965598
-0.0373122649769931 -0.0280963288287663 -0.254408735404414 0.647091452973808
-0.0284703150350656 -0.0101520772664508 0.272142998944301 0.394618028230534
-0.0182829223065651 -0.00624355938956971 0.2358589221166 0.0123251369731171
-0.0279090394524973 0.015476348777747 0.0165549729857846 -0.211464394127805
-0.00756224172060922 0.0138348111637085 0.0147010208721062 0.154747754279635
-0.0289330899911162 -0.00024930999965957 -0.157562936174661 -0.0437812708054034
-0.0176566165082425 -0.0313387596464552 -0.232211044604371 -0.377907461230758
-0.00742018449718472 -0.0588152831933902 0.301857748006907 -0.478649210598692
0.0397487647696419 -0.0259831011669186 0.789701929522611 0.121826442695647
0.00498795654645563 0.0541721849950591 0.315568108006705 0.84472289149964
-0.0429831644787081 0.0216825198143568 -0.341750465428948 0.562304154440778
-0.0368932176269349 3.90398648725569E-05 0.0171694613267791 0.0808778615921171
-0.012495913870574 0.030782285841951 0.33333441830493 -0.531848059229987
0.00971102321912578 0.0364682967995439 -0.363043840955478 -0.852022600090813
0.00553234407803246 -0.00531407538002437 -0.87644068113396 -0.0178519761968483
-0.0381355862021116 -0.0254890668466365 -0.254495502332528 0.647458249941144
-0.0224652424867001 -0.00592902989384987 0.274409298708588 0.394170343749797
-0.0124776096731701 -0.000667935667144584 0.240272372432484 0.0125715544737567
-0.0263068899103889 0.0184739719171272 0.0191703330573976 -0.212901103845132
-0.00334623255120306 0.0139901423998615 0.0148115785790758 0.156371685507075
-0.0227301471028482 0.00533049397545128 -0.152825781428042 -0.0391483297704489
-0.0115334022725096 -0.0232760157225168 -0.231957476534639 -0.375768270997356
-0.00821013798317998 -0.0527470665837568 0.295253986809931 -0.47978814219789
0.0339681386964963 -0.0274297228758365 0.782335408869703 0.117073890389246
0.00586312932510274 0.0491972576538368 0.316303840987352 0.847792742960647
-0.0388531075458102 0.0211838776645252 -0.342841063518735 0.574175122792375
-0.0333071011117463 0.00127825612554482 0.00933700900732103 0.0891524962942349
-0.00907928962573066 0.0295628713113912 0.332035332362215 -0.521466505526519
0.00872571090418065 0.0309109664737461 -0.362060416791385 -0.847133498658808
-0.000370853571153511 -0.00564116934689226 -0.88031955368464 -0.0213140179899543
-0.0381585111104149 -0.0198154115830558 -0.264322158370431 0.647008233284644
-0.0154857567023486 0.00119579977113514 0.276434694053452 0.395691384093338
-0.00598547050166796 0.00450703776015907 0.245137488631023 0.0158978916512794
-0.0219151690752322 0.0190674953603492 0.0204298599872515 -0.210544418922167
0.00209057931496763 0.0142591537230835 0.01287316420331 0.157870283676814
-0.0159433659441371 0.0103379415743277 -0.149143965141688 -0.0329161813659123
-0.00655129782995588 -0.0135742263206394 -0.234931191437386 -0.373347057145639
-0.00971379322653797 -0.0447994356407341 0.282346627804887 -0.488156050688874
0.027631477541065 -0.0306842127022291 0.778269334657236 0.1022357103395
0.007433114298937 0.0410590608801658 0.329744079086172 0.843743409734642
-0.0324983521946222 0.0183409505410691 -0.337781240962216 0.586133759625153
-0.0279791057164661 -0.00127574190557136 0.00356849855650531 0.097267783279339
-0.00360469207704795 0.0252204938670656 0.335302019087508 -0.510198000341314
0.00860227803546721 0.0224399875135431 -0.347145652418856 -0.850745190070271
-0.00642583511313211 -0.00680483182065128 -0.886632093799642 -0.0392872100997553
-0.0371298033169079 -0.011876385449105 -0.278005913832783 0.640884083411861
-0.0094652330220341 0.00980381026577198 0.27239525759697 0.397605363114002
0.000241560594431606 0.0102918243540796 0.250012871677602 0.0226773816158503
-0.0164155350751212 0.0197609197839484 0.0187903472929354 -0.206924375139719
0.00868274188192805 0.0125878703993254 0.00902707307987302 0.160281619623389
-0.010173825761337 0.0134134172495414 -0.148557521193882 -0.0252788693916103
-0.00208706673155293 -0.00405349398916519 -0.239961632768708 -0.369953492681413
-0.0105491131534525 -0.0350738586451779 0.263995671596489 -0.50032217745382
0.0211390347027975 -0.0338802765972474 0.776277129205254 0.0741483786519871
0.00860933374329409 0.0291828534291587 0.351470832843296 0.832946783735871
-0.0250813808277118 0.0106156904387685 -0.325730629441133 0.594076631368776
-0.0203992599002808 -0.00557802440599371 0.000207393997068307 0.103685921572122
0.00220055435402373 0.0165670363226964 0.345126492432979 -0.500244592356141
0.00792366412127114 0.012088465506099 -0.32425208775772 -0.861211985022056
-0.0119300017059362 -0.00881230229865935 -0.889063729346479 -0.0657829711761548
-0.0365439732263589 -0.00372957947879635 -0.297680133202857 0.629120723165573
-0.00526190058566326 0.0194502856614503 0.265943073628525 0.404061056776971
0.0058756825997607 0.0126783673051988 0.252525852449247 0.0305317766765672
-0.009023015381064 0.0172338986524376 0.0160522270569051 -0.202106757619444
0.0157575551785767 0.00919601562467214 0.00442196232620611 0.164433921748932
-0.00629478615101591 0.0148609680593919 -0.148205362845034 -0.0165444173160614
0.00121167616984328 0.0053997288637311 -0.247645333653145 -0.364666942692876
-0.0100359643674697 -0.0255234805274695 0.245568720208285 -0.513037505755039
0.0153803165065412 -0.0375408368852153 0.774170162441702 0.0426432812571864
0.00852920993549095 0.0171257862147022 0.37794444641821 0.817382763605208
-0.0181068153060263 0.000356214234966486 -0.310596430084521 0.603527837471237
-0.0120031009552871 -0.0138314963830476 0.000213205665291111 0.108909871579366
0.00893381257723111 0.00633996027386627 0.358095679409355 -0.49189609559198
0.00707745658576373 0.000892867435984331 -0.294164660927958 -0.875883864284778
-0.015597618675117 -0.010957176473897 -0.890539531384628 -0.102511924839134
-0.0360070164798351 0.00445106885723061 -0.322718244357607 0.615437633734208
-0.00353423158636345 0.0280593661328071 0.256796989949144 0.408566182321447
0.00971076456910911 0.0146130507274852 0.252320790390623 0.0395742038583243
-0.00200770761842578 0.01492944893064 0.0112932457130586 -0.197041664819593
0.0213074891533543 0.00599394281032191 -0.00191315175499961 0.167486181649878
-0.00373358015480928 0.0131655631766349 -0.151697649730183 -0.00969528407874304
0.00182823797243857 0.00987535969093278 -0.256305845149509 -0.360154412180089
-0.00899689388603453 -0.0173815338536336 0.230070849121561 -0.527524008347922
0.0121774336081759 -0.0390092420639561 0.77229165449606 0.00846856980717727
0.00789911342412136 0.00628471763023041 0.404973272733456 0.796958360715848
-0.0116938757273346 -0.0103485679723769 -0.292634917981608 0.605911401871442
-0.00403303541675828 -0.0227771937129372 0.00346176199779588 0.111293619976738
0.0146657221031581 -0.00529962353401468 0.374172303401147 -0.485245680501671
0.00702912530135068 -0.0103380959592234 -0.266431382060967 -0.891853259534619
-0.0175332140344696 -0.012602583230471 -0.889140997144568 -0.138208346042483
-0.035531762658672 0.0116961996362426 -0.342497408534944 0.597290908045327
-0.00458830139825806 0.0343676145870658 0.246258683976368 0.414110353633859
0.0108074239880287 0.014831742952822 0.251292405943668 0.0487052770609748
0.00381892015292647 0.0111828373972181 0.00625280334022032 -0.192156584173502
0.0248981456443947 0.00285080961616837 -0.00588931569062816 0.1704531647058
-0.00477906019700226 0.0096017675547404 -0.155769653108042 -0.00287859559624441
5.10992892444606E-05 0.011767582816368 -0.265458943453101 -0.355002562702868
-0.00730947727139834 -0.0126193246795571 0.214866627369853 -0.539171282464777
0.0119305082950275 -0.0407074048453151 0.771493445758063 -0.0208516256945062
0.00711350045138065 -0.0016589445062644 0.428650819998873 0.774464099584474
-0.00911783087743514 -0.0199102406817991 -0.275425322873105 0.603498675939424
0.00132888328336854 -0.0308140134428666 0.0090711362908194 0.109189530945185
0.0180617758541821 -0.0146931900263727 0.389869557558074 -0.484681919802505
0.00802807828451408 -0.0167178310736197 -0.235310377676844 -0.909297951073437
-0.01598442421598 -0.0151843516556497 -0.884985516797397 -0.172570284982312
-0.0351561111582645 0.0151309022903643 -0.360107671539434 0.582554482394619
-0.0081310240652171 0.0377422431067563 0.237422506993616 0.419078856729461
0.00918778605304613 0.0118121862121754 0.24688124260789 0.0554259648290678
0.00733461073037579 0.00638336201225692 0.00107368143768852 -0.188417291856705
-0.00931782274123313 0.0120388020960917 0.0126464352575746 0.154155282465933
-0.0344834511148433 -0.00482480627952401 -0.162777424706924 -0.0438083293265513
-0.024776922681802 -0.0359298691943663 -0.239136846394583 -0.37353534199625
-0.00733298238298737 -0.0603993978565581 0.296025444863576 -0.483387339692095
0.0430502530455389 -0.0254528774669193 0.790714497409574 0.105064910635526
0.00498846412846512 0.0547900588929361 0.327347583028376 0.826697001715063
-0.0447699318234685 0.0180798046900193 -0.326049176729008 0.551301565257749
-0.0373384354433206 -0.00495336095972411 0.0263617121588237 0.0728681444553018
-0.0145521214470704 0.0276953872172765 0.335472500728993 -0.541986972730109
0.00952310006687716 0.0369347082430819 -0.363238406915925 -0.860285525137965
0.00986719221907749 -0.00462032342505399 -0.869916077912373 -0.0221282595017659
-0.0374506507592085 -0.0278998772635729 -0.248609042258813 0.644494192479606
-0.0285197528772743 -0.0104080979145078 0.273051314100691 0.391508742297634
-0.0185111044567951 -0.0072932514379581 0.235564250801956 0.0112667098456056
-0.0273257881805143 0.0163428085657521 0.0151957250711314 -0.210104121507572
-0.00779358294399933 0.0137015052017222 0.0140338185802573 0.153400522517825
-0.0291469958449118 0.00022886763966903 -0.157426236823524 -0.0430076029396627
-0.0184008936607636 -0.0317237105144499 -0.234936041192642 -0.374523266372057
-0.00809532142268736 -0.0583513954670871 0.296894128910453 -0.477661551582243
0.0396132283389592 -0.026070490830701 0.785449835379327 0.117324180152181
0.00470815466616914 0.0539960550210799 0.316392986112062 0.837782779304847
-0.0436107073258589 0.0218635395674495 -0.337327511566938 0.561235534489684
-0.0367215957958357 -0.000459338747775704 0.0166029798097433 0.080243828457896
-0.0124243002276212 0.0304885057879593 0.330028038304199 -0.532212576874147
0.0101064968495824 0.0355311384020162 -0.367508161403435 -0.847799245784764
0.00509629612556209 -0.00473025201962836 -0.872757253157488 -0.0121910333851384
-0.0380809523114083 -0.0248511624297014 -0.249300494993969 0.645612433461358
-0.0222638815662689 -0.00586430884903922 0.276917333454583 0.389680561536786
-0.013055743703456 -0.000619504704677878 0.240132488086278 0.0113903448918843
-0.0260978734409105 0.0194650697659804 0.0179958883264473 -0.211468061281307
-0.00401810887670336 0.0138355115292814 0.014807107611753 0.155079473760903
-0.0228067437822353 0.00578029368515972 -0.15234257013039 -0.0386314165891572
-0.0127156638075887 -0.0231639569786123 -0.233115822466848 -0.373291044890764
-0.00882111799099662 -0.0526286132157506 0.289689183021247 -0.478760829298386
0.0335173510662077 -0.0273361109501716 0.780125949230975 0.113569229597243
0.0060785190345033 0.0495399958998281 0.319350524313722 0.839386372122402
-0.0389470393662002 0.0216478946306481 -0.339268237111288 0.57277702912244
-0.0335723549688401 0.00169900723131149 0.00947045956055898 0.0884870203496684
-0.00874106284208058 0.0292020182024075 0.327659222006652 -0.520254257285809
0.00930906536173357 0.0310929936490659 -0.363996253110942 -0.84077770911822
-0.000804001343702149 -0.00553374261573861 -0.877638288217668 -0.0151533366218262
-0.0382126557481776 -0.0194449576828486 -0.258550380419148 0.645229874618368
-0.0155677945905157 0.000959049283679472 0.277975738497334 0.392470868432473
-0.00662846650104198 0.00520750084604943 0.245427582735287 0.0143952620842277
-0.0223240479693249 0.019997544141519 0.0181869459904173 -0.209966019181131
0.001901933791312 0.013671309136709 0.0135932297687964 0.15656838380203
-0.0159072118961681 0.0103984182968077 -0.150024002346796 -0.0328908220105469
-0.0071135755726806 -0.0138111508614311 -0.235933472773074 -0.369489908608859
-0.0103495186095773 -0.0449443967005447 0.278347212112699 -0.486213349784626
0.0274030391462324 -0.0300498808974582 0.775103336996091 0.0966637916742143
0.00720767245313011 0.0408012930309434 0.331889898377068 0.83859568432407
-0.0328196835873649 0.018045831405748 -0.332551605085715 0.583125457572961
-0.0279542366187548 -0.000810371242236415 0.00419326234320203 0.0964475168719664
-0.00303827193475795 0.0244386969150612 0.330687594609712 -0.509226358408205
0.00863547302974946 0.0224192920832894 -0.349724539996565 -0.844478546909789
-0.00554131951610837 -0.00643065860253799 -0.884978996477496 -0.0334384824892122
-0.0377408114078808 -0.0109888060835164 -0.271957769513872 0.639992448205716
-0.00955940061514188 0.009428708863875 0.274662134787179 0.395058025436514
-0.000547849707516417 0.00927763605795754 0.249433179884685 0.0205899338361404
-0.0163654314818895 0.0198490430799623 0.0179779058035955 -0.206640289280327
0.00827567198289084 0.0118539828600372 0.010014074334128 0.15872216359952
-0.0101200679696656 0.0139350797691407 -0.148291788299442 -0.0244489267907547
-0.00262670349901503 -0.00338897606973802 -0.241615143153773 -0.365531553247758
-0.0112640086251645 -0.0348502601390499 0.259551618663584 -0.499860312755592
0.0208951693974683 -0.0340795693646616 0.772932049590403 0.0699371305833752
0.00880847623386381 0.0296946381459261 0.354446963991555 0.82642490854318
-0.0245873554284124 0.0105440245840323 -0.320722696905036 0.594164176409449
-0.0208659145481226 -0.00649683380106644 0.000958142945761689 0.103846588499353
0.00183274725105441 0.0158165166870017 0.339433470352678 -0.499294604107503
0.00790215249488905 0.0117329736130372 -0.328647188753983 -0.853167998988485
-0.0112490579377744 -0.00835022173423509 -0.886304321014965 -0.0618035708039683
-0.0365204401005028 -0.00306913713074036 -0.292213579068621 0.628174222323033
-0.00506432412488143 0.0188174520351868 0.266030283278984 0.400058905568962
0.00562278520092248 0.0126862328670829 0.251882566787494 0.0284267560785614
-0.0093181376238896 0.017877692226568 0.014555652661826 -0.200484749474066
0.0156139795612688 0.00938994329759409 0.00526441319736059 0.162953616127741
-0.00603018213677409 0.0150906987732305 -0.148581925121008 -0.0167503051787818
0.000533839772540428 0.00449948855158217 -0.249395478278931 -0.361958560143347
-0.011031139374888 -0.0260517867559693 0.242017800395429 -0.513322765026192
0.0152354774577119 -0.0368750119208591 0.769927143745705 0.0371432707123512
0.00891479417289718 0.0172471868851836 0.38196898178436 0.810798282570078
-0.0174335495148224 0.000145779941540889 -0.305750117515034 0.601305254048494
-0.0129930170393434 -0.0139207404585559 0.00120949638295555 0.109035905440212
0.00911735459614265 0.00504793316996085 0.351801936548797 -0.489930454787539
0.00725250815363678 -4.23072018576887E-05 -0.298860657707382 -0.869841011230822
-0.0152009175717762 -0.0103785126577105 -0.885864408836241 -0.096206476375144
-0.0362091904122441 0.00551282573525498 -0.316583361249886 0.614476594472209
-0.00279936388901666 0.0272589110523959 0.25749288316893 0.406139527111267
0.00915360810357397 0.0145677460458885 0.252603858464522 0.0385289427754505
-0.00219991495100472 0.0151909241991075 0.00989824816572087 -0.196037011373752
0.0213206443777974 0.00555924681604663 -0.000550175648306858 0.166849911770517
-0.00416717662482189 0.014678766570405 -0.151671780155359 -0.00797035257329361
0.00128962457398789 0.0102986190580795 -0.257341302963796 -0.356616073852344
-0.00959066605576652 -0.017555550606732 0.223757407786574 -0.526206852130589
0.01185059969524 -0.038986114699406 0.768930896906419 0.0044216573489236
0.00828418624779246 0.00631495829347415 0.407747834352926 0.788488029244168
-0.0124103541860783 -0.0100905351807278 -0.288234681324975 0.602753709938618
-0.00502800291539367 -0.0226096669975037 0.00413635708429342 0.110560208797851
0.0145227030903853 -0.00568655633462551 0.370316118042436 -0.485051014012607
0.00705561016668184 -0.0102928669339178 -0.267929714672065 -0.886648656100857
-0.0175654176350223 -0.013059021896015 -0.887955087181573 -0.132542763740129
-0.0344058255613461 0.0112689433761724 -0.338411051794711 0.599149421189836
-0.00399979636580398 0.0339766836295918 0.245705817563895 0.411114298944832
0.0100751228138344 0.0144921094045064 0.250473929089712 0.0466395864459196
0.00338199677486508 0.0114715363782819 0.00509047039552293 -0.190606987617052
0.0245859177949826 0.00214881580480842 -0.00518670412966629 0.169957811564412
-0.0043147461380514 0.010639623436388 -0.154712843178256 -0.00267884762849626
-0.000157513864114139 0.012720962028322 -0.266154767003347 -0.351458161999673
-0.00806160751993922 -0.012841059247858 0.209345845208893 -0.537774163717648
0.0113015372200867 -0.0406679880919638 0.768040219038846 -0.0247762881672632
0.00752919377429878 -0.000602952496641168 0.431585841582437 0.767341021835783
-0.00921348610112484 -0.0198318042114598 -0.269535392968413 0.6009750809248
0.00109303123290397 -0.0311164553972764 0.0097531859698667 0.109133242604814
0.0178441739106371 -0.0142826562105198 0.387281770515425 -0.48407393077158
0.0075546362585351 -0.0174846562044178 -0.240272950497041 -0.904184386424783
-0.015770994560676 -0.0148640672858687 -0.882558338171121 -0.165519032609808
-0.0340523375908491 0.0151446817044114 -0.352894757269886 0.583149458719313
-0.00829906419940751 0.0372634517904805 0.236838985999269 0.414369644580191
0.00898949398817483 0.0123198296287504 0.246375595716782 0.052661256651062
0.00661289117703026 0.00742771143636208 -0.000896576064111669 -0.187281598010604
-0.00984133103213459 0.0118573842274652 0.0129339564028768 0.153207652449928
-0.0348213064968896 -0.00381862974645049 -0.164044839781181 -0.043427743427583
-0.0252207414767585 -0.0353945410815887 -0.240607995821747 -0.369530519209939
-0.00722906275484159 -0.0598980719803283 0.291140711462597 -0.483762362267932
0.0429436807558224 -0.0254807213234083 0.788487175009783 0.0994461651569175
0.00550867885661414 0.0545294787920243 0.328833024070142 0.820906664733378
-0.0448005550779795 0.0181894945804842 -0.323293435781853 0.551324688415438
-0.0369418271235553 -0.00460542573525143 0.0258987882223004 0.0714434945378915
-0.0143211638317875 0.0272564421616389 0.332150412281446 -0.54087765237389
0.00897829201631295 0.0363841590552726 -0.365213010795442 -0.854320524245425
0.00953240668331769 -0.00506378608168683 -0.867821236753866 -0.0147319183306417
-0.0379540989264289 -0.0275638495940657 -0.244032620879306 0.643799096273526
-0.0280101484765635 -0.0105011018790796 0.275331327329669 0.388026449127797
-0.0191161515398908 -0.00665628552624033 0.235621357472004 0.00979629557622952
-0.0275684849312419 0.0163617976805896 0.013990213269124 -0.209943187130043
-0.00786903545835325 0.0131834536183586 0.0150845044485549 0.152908325879599
-0.0288217792530525 0.00117409317008489 -0.157262082504014 -0.0426424492367982
-0.0189015647677694 -0.0312870180356501 -0.235335896358763 -0.370871795136039
-0.0086143912503351 -0.0579421991654471 0.294166136799438 -0.476753183668814
0.0396435917033218 -0.0256258054582312 0.782660874329688 0.111896000983653
0.0055961254892535 0.0544405468221531 0.320795561453582 0.831487391226187
-0.0435158808725807 0.0219744052384622 -0.331365559928077 0.560131850110591
-0.0370990447833242 -0.000529689847386858 0.0171893220294364 0.0793624458931467
-0.0119463081217692 0.0301253367978477 0.324098456416683 -0.531412016157855
0.00950569553706329 0.0354477966241948 -0.370275140626293 -0.840768406840534
0.00538752731090974 -0.00477727661196273 -0.870271415315605 -0.00701713125257247
-0.0381695599110469 -0.0250189849283337 -0.245033037589908 0.646024120304976
-0.0224730152501903 -0.00599570761250667 0.279199079194644 0.388004977440801
-0.0133205656013453 -0.000595892954129339 0.240230691025556 0.00973410654795035
-0.0259490163484525 0.0192608871077436 0.0168591941526751 -0.210262522938413
-0.00414288772123606 0.0140871440609699 0.0151518735310685 0.153635406566324
-0.0230501162578965 0.00693154144454593 -0.153406622966633 -0.0379392534773357
-0.0127142115570322 -0.0229455831982815 -0.23552833961837 -0.370014229203344
-0.00985201818146251 -0.0532817890527988 0.285789102307764 -0.478054269141291
0.0333364094937084 -0.0275795622067946 0.776838994262521 0.108195846586917
0.00643761733979021 0.049088559361844 0.323253329618562 0.833498197946127
-0.039626052012306 0.0219923958314577 -0.333549231648198 0.571139666069852
-0.0337386238265116 0.000657207789168846 0.00981950948240839 0.087545230755279
-0.00855544251010019 0.0297265002970031 0.32394980073087 -0.520981311184493
0.00938184726879467 0.0302415977085402 -0.366118171680794 -0.837094597652594
-0.000241322054677952 -0.00499673997013602 -0.872977775498072 -0.0125954486737368
-0.0382889343062781 -0.0189298419492113 -0.253105006140026 0.643419393843246
-0.015258400739403 0.000483505701098563 0.278109202834403 0.388419579302687
-0.00715093705408135 0.0054018543100989 0.244867876155841 0.0131772330941513
-0.0222126223091819 0.0204839740270776 0.0175199908576775 -0.208913302138169
0.00144227518925678 0.0131936836644045 0.0140265323471829 0.155588563786082
-0.0162089443235906 0.0114084582127055 -0.150532354144304 -0.0323232683013977
-0.00749517183145714 -0.0134245052081185 -0.237774775420078 -0.366073177938702
-0.0114970755976804 -0.0445483162650101 0.274778849070936 -0.487148579338713
0.0266565741570462 -0.0307494623954507 0.772717874682027 0.0917595279677939
0.00725582879301738 0.0410952020481964 0.335762453333713 0.832590563179542
-0.0324733155023164 0.0180425499338857 -0.3289075980084 0.582178544647885
-0.0281733331367055 -0.00149705530950561 0.00416846821061272 0.0960307911354424
-0.00290098042816553 0.0237240972375227 0.326359851750337 -0.508279018770852
0.00844233904234194 0.0220164539904892 -0.35330887280134 -0.840994252575231
-0.00632671690803987 -0.00614726147769435 -0.879337899023227 -0.0288956883325285
-0.0376776898950037 -0.0105742065245603 -0.265999200148849 0.637868685620559
-0.00894443588919028 0.00972756948859845 0.277195419750568 0.39186383552727
-0.000566280789691664 0.0100774548644173 0.248550746634934 0.0192896750730791
-0.0156147935964715 0.0205611463647334 0.0160468036236475 -0.205703425159135
0.00779323486335005 0.0111444254537646 0.0104180376668603 0.15819368157852
-0.0107444249988774 0.0148141851591807 -0.148940739051815 -0.0248146559969067
-0.00284905425289417 -0.00314351020922488 -0.243090528467944 -0.361068590886206
-0.0115864238372842 -0.0350185771938362 0.255582773716786 -0.498664090128434
0.0208679208512767 -0.0342419776269157 0.769803615784791 0.0672080312709531
0.00883895467219529 0.0293699164948084 0.358878806433408 0.820666730208266
-0.025435329636053 0.0102101764023183 -0.316913317758331 0.59221445714867
-0.0207655263250723 -0.00685656702166933 0.00124387805071732 0.10355533024904
0.00194387229678539 0.0154798934998969 0.335990687370248 -0.499557231588507
0.00813323694515896 0.0109668938707558 -0.330599027404837 -0.848901044634818
-0.0112194821834076 -0.00728653860121514 -0.883114427091315 -0.0561195847655361
-0.0362827325101863 -0.00254313560402366 -0.286692986410032 0.626543979694863
-0.0048542025588733 0.0186893004688445 0.268611661697425 0.396901317541886
0.0046347227225542 0.0131868211497933 0.251871203871152 0.0266172011879324
-0.00920218094062377 0.0188801028353921 0.0134533912496435 -0.199565067451616
0.0146768073681174 0.00879698875732988 0.00575951063630764 0.161857020351048
-0.00622141454515912 0.0159244796990176 -0.149009853149786 -0.0163473616489513
0.000404194411714767 0.00503798703767747 -0.250963307893452 -0.357107596936358
-0.0111622174332141 -0.0254926419893728 0.237151228479657 -0.512593083712197
0.0154465108607829 -0.037570026434938 0.768961944151259 0.0339864040938683
0.0089142574798921 0.0174590350693628 0.383433059588236 0.805067836035489
-0.0183756236260498 0.00022174600576485 -0.302690660602791 0.599385064240266
-0.0134501326691731 -0.0139162922845379 0.0010643671453187 0.108202986073928
0.00846006808543785 0.00494148102658078 0.349389294551955 -0.489548025805095
0.00785117216166916 -0.000708229935686484 -0.301619734835419 -0.866311071169267
-0.0152635196039111 -0.0100972369233581 -0.882378627387002 -0.0907290185608976
-0.0355120992555272 0.00586104300822277 -0.311628682877781 0.611253339010711
-0.00290091414519514 0.0279568778034594 0.258488604588912 0.402214876391844
0.00905810681403679 0.0150763972351039 0.253170573919753 0.0363062341394103
-0.00148167525649773 0.0157933393680766 0.00839269139840841 -0.195374685694394
0.0197277595594951 0.00466538986413525 0.000280009875333494 0.165600471960785
-0.00430502468092216 0.0142384969675053 -0.151586293753431 -0.00850651688217232
0.00102186499379848 0.0110163425150042 -0.259087500644467 -0.352312537995622
-0.0101053197466107 -0.0174752533536965 0.221269946915889 -0.524821628186927
0.012141495115317 -0.0395300270324076 0.764615724418822 0.000939416047015373
0.0082197520533383 0.00676116413042684 0.409221547444666 0.783227578608516
-0.0133143490963006 -0.0104967918658706 -0.283823172367943 0.603032794283944
-0.00538838424661302 -0.0232507538548288 0.00446956749833203 0.109662569182697
0.0139207771679294 -0.00598510476101244 0.365555028940968 -0.485239849180651
0.00709848453351943 -0.010466826759565 -0.273967196913926 -0.882584558638355
-0.0166823153877424 -0.0126853024133199 -0.882798760104396 -0.126476022295456
-0.0350156210608322 0.0117964080462067 -0.332191278606541 0.596565843380968
-0.00452530154650458 0.0335527621620558 0.248926256264462 0.406665604748722
0.00930727313313474 0.0146259397865734 0.251048888732601 0.0453701838905251
0.0035441509880258 0.0120422704946003 0.00419663380607157 -0.19047775256848
0.0235156807603489 0.00151118731864437 -0.00460558973530468 0.169509977001449
-0.00471702662073267 0.0113058738546449 -0.154937502342259 -0.00303186227044918
-0.00098681521346598 0.0122261691550855 -0.267646799563072 -0.347461046509292
-0.00837151783474129 -0.0127130297599788 0.207008649615073 -0.536116862430009
0.0109044108673504 -0.0404485087721411 0.763763857675849 -0.0288634762751606
0.00651444747541045 -0.00107508750096332 0.433646574326137 0.762695605300014
-0.0100440797728477 -0.0205383106699116 -0.265816896432028 0.598854721911003
0.000304723264676874 -0.0315294883218706 0.0096836744936716 0.108317775996916
0.0174518391796755 -0.0151971009019391 0.381052969846859 -0.48348916125979
0.00756458485364578 -0.0172100947376752 -0.24313703143482 -0.900383334423765
-0.0159992803424482 -0.0144601337051149 -0.881154500051443 -0.16115608474702
-0.0338919818363761 0.0153438671429504 -0.349113393692501 0.582641456764953
-0.00829106869368186 0.0365066088932537 0.239458477286375 0.412170809385345
0.00770633380228001 0.012204595907998 0.247270405317304 0.0515005632323826
0.00713296506475656 0.00845812563594239 -0.00163376993478533 -0.187360850330813
-0.0100374904428239 0.0120451157794189 0.0135711482786976 0.152731786875655
-0.0352805910272709 -0.00303082442805753 -0.163363197164419 -0.0426390276348068
-0.0255533054780486 -0.0354402711390925 -0.24191962922809 -0.366406402549343
-0.00874857830515692 -0.060497884440298 0.28759100683808 -0.481898225537924
0.0426371829959633 -0.0259325612255183 0.786854531619144 0.0964521840899051
0.00548202074806931 0.0546047930736773 0.332761797037601 0.81511225470053
-0.04442607675305 0.0181849545353002 -0.318359796769679 0.5501672403758
-0.0372387507401308 -0.00496283218012001 0.0259438330859493 0.0714648791248279
-0.013743280545551 0.0264291070142355 0.327618528234537 -0.540000449160501
0.00990896233611321 0.0360751682170345 -0.36905969369175 -0.848837732473829
0.00958913705374406 -0.00425016720905372 -0.862669121415722 -0.0116102819027007
-0.0382625415786195 -0.0268321671420983 -0.241458138619625 0.642274194935582
-0.0285840781357359 -0.0107776156053251 0.277398188688066 0.385895114638391
-0.0196291794651146 -0.0054451621641481 0.235201293063129 0.00907574391656454
-0.0277789475553561 0.0176450469377581 0.0127658680418826 -0.209008345183438
-0.00814317934236544 0.0130949901327957 0.0158552855230166 0.151800514338454
-0.0297630377598854 0.00193013059345794 -0.158328516478652 -0.042096174324686
-0.0199968755668625 -0.0304271607183983 -0.237001207621652 -0.36706765532162
-0.00915024430594287 -0.0575751956697106 0.290711035518034 -0.475950987454891
0.0395689409661156 -0.0258846447193066 0.781180292824805 0.105967672030946
0.00550742188480342 0.0539373618498276 0.324004010754275 0.825039468015839
-0.0431876667536767 0.0219267710654591 -0.328921333025558 0.559219493443447
-0.037132617863183 -0.000743404682274048 0.0171238822967881 0.0788141026180163
-0.0117698172630646 0.0296401246905762 0.320908007885207 -0.531131965146609
0.00979134140162438 0.0350217146722701 -0.374080355530882 -0.837884183856351
0.00536039866633931 -0.0038780279398536 -0.867423176407459 -0.00386606636469233
-0.0386836129964793 -0.0235304531018413 -0.239675691746496 0.644853884036208
-0.0219398189692175 -0.00604937877422822 0.278864504897654 0.384185946926768
-0.0144193349568668 -0.000331541652975356 0.240953321557233 0.00906380668448452
-0.025778350540307 0.0204690871624121 0.0150630713287142 -0.209856894518857
-0.00399085991217342 0.0139811018605568 0.0158171681975766 0.152448195425875
-0.0228769006226047 0.00724303984019169 -0.153822604200383 -0.038627024121263
-0.0142345545630168 -0.0232170673111577 -0.236163214629065 -0.365903183750729
-0.0103834433014927 -0.0525719864815361 0.281990186060266 -0.47764634684446
0.0333750104562642 -0.0284922115360806 0.773614950603537 0.103377227962615
0.00656610996039978 0.0491857467637332 0.325586888995465 0.831990706651565
-0.0395373091818379 0.0221764260586876 -0.3307008649163 0.570539052876706
-0.033912311126473 6.2408035081702E-05 0.0100021034523896 0.0875018911996002
-0.00839158834921105 0.0293239469649596 0.319570976792237 -0.518562134809653
0.0098256184805372 0.030234082989628 -0.369174437868132 -0.83254373920497
-0.000863263694941378 -0.00456211152341311 -0.871364077787263 -0.00761129232541974
-0.038924516951577 -0.0182180595586555 -0.249341260906505 0.642340131252139
-0.0156812333163707 0.000651867145612096 0.280759740588128 0.385376893803828
-0.0078059347631804 0.00569972925097806 0.245779316869216 0.0119283749865581
-0.021747086109473 0.0212989841016839 0.0163512905991462 -0.208434547150156
0.00098690459682277 0.0133718108058932 0.0149907198145202 0.153992441577352
-0.0165372093660393 0.0120592951567938 -0.150436598160421 -0.0324231799199315
-0.00822426283882552 -0.0127840765297879 -0.239395869845879 -0.362586137895262
-0.0119950444116153 -0.0445277280867266 0.270034512084632 -0.486303795680705
0.0266783996812151 -0.0309969078682686 0.771169257535833 0.0883260369128132
0.00792770207234251 0.0402617668741717 0.337592287545761 0.82701973343629
-0.0327472801549642 0.018224956119632 -0.325743345853652 0.581894966171928
-0.0282035914395527 -0.00130309277153848 0.00465011415618531 0.0951424231002918
-0.00320269400824942 0.0236873473600444 0.323407146903743 -0.509493312919858
0.00848525463327701 0.0216159481610312 -0.357098387936433 -0.835575167220672
-0.00668178989852172 -0.00543049319375716 -0.877809934922492 -0.0261024317146295
-0.037735469818768 -0.00977042966533048 -0.262814395410529 0.638738827610783
-0.00973615631771747 0.00935440392544963 0.277853987782269 0.389992121962393
-0.00103885867928654 0.0102399661322644 0.249646570802347 0.0181067010039556
-0.0163359910171509 0.0208950865150485 0.0145275834276777 -0.205288086065884
0.00807189288499069 0.0110233400911358 0.0109720527068691 0.157274597815992
-0.0100645891401367 0.015454114027812 -0.149150763869547 -0.0242805360370267
-0.00327297682941002 -0.00334883169753614 -0.244129680169392 -0.358409042684394
-0.0123217075746741 -0.034892172421799 0.252906240657779 -0.4981894727024
0.0204406548126138 -0.0343840426519164 0.767055437241719 0.0617402911183694
0.00905947646947868 0.0299043944670855 0.357895396981293 0.816016356119046
-0.0259896903813427 0.0105030298823482 -0.312896025767526 0.591716601918235
-0.0213724702047079 -0.00642468907683072 0.00140098013290222 0.101768763093558
0.00243056324796355 0.0154205385249443 0.332211956475098 -0.498413988427619
0.0078322950015866 0.0118369493333336 -0.33492078895004 -0.844465759491101
-0.0110027524803089 -0.0075558276495496 -0.881140937885839 -0.0509958682029104
-0.0372983709458576 -0.00207795868281388 -0.283209312145786 0.625977268749811
-0.00451326919217995 0.0184525253621017 0.268970718376816 0.393835186874421
0.00463966843903024 0.0130805389258137 0.252819580108009 0.0254441731645825
-0.00899886265955368 0.018909389980591 0.0118257656309514 -0.200417912480253
0.0142300479156628 0.00820949534387825 0.00640064928812617 0.161478118100575
-0.0060179637281241 0.0161738929942651 -0.149924885400377 -0.0164928302348455
-0.000239982485978348 0.00506821503584241 -0.251981203871366 -0.353322206538051
-0.0115722069501887 -0.025546482189356 0.234244122113188 -0.510714935042813
0.0146266269131681 -0.0372813179466722 0.763081599462421 0.0294225049792052
0.0083162682119345 0.0176928059119146 0.386889935388943 0.798738485707097
-0.0188788953703933 0.000976501388838494 -0.29733043055923 0.5980894445723
-0.0130726631864149 -0.014346708832207 0.00125384659695864 0.107153587009716
0.00862385241431312 0.004663922946274 0.346780084542915 -0.491112412272277
0.00765268246833263 -0.000217351444915803 -0.306686920383186 -0.861688282299852
-0.015779444119021 -0.010065158355181 -0.881035182751961 -0.0872969579845555
-0.035690095470082 0.00638198850014011 -0.305676974051098 0.611295118207805
-0.00315382348226944 0.0267571774497404 0.261237929057699 0.399114243473293
0.00805297478279573 0.0149390019126437 0.252464306415038 0.0351674860126802
-0.00219769773604677 0.0153854516561442 0.00789359389833921 -0.194898943716846
0.0197656175530582 0.00490596437292668 0.000348593123707599 0.164746690481886
-0.00438368757962909 0.0153952010473805 -0.152224412271167 -0.00826706097604815
0.000265321352269687 0.0106600189361623 -0.260833185182632 -0.348678481099721
-0.0102870245135278 -0.0180318455280473 0.217344857101568 -0.524226312678353
0.0114033592846302 -0.0392107611399743 0.762966780926818 -0.00566194033784661
0.00786991334249717 0.00698636954823548 0.412278378666209 0.77718487487365
-0.0137604703395881 -0.0104666439713207 -0.280631353689603 0.599999897250073
-0.00599519653650389 -0.0233416766481437 0.00423717109810251 0.10904242667078
0.0141694504310457 -0.00671950894569089 0.361060266941518 -0.484952185175882
0.00663127133287867 -0.0108592750076755 -0.276694319810625 -0.878871207084387
-0.0175978533916556 -0.0123246891044296 -0.881580034103717 -0.122864799392677
-0.0349640389902199 0.0118460888764283 -0.32763663489041 0.594750095819966
-0.00342965757861531 0.0331776054254737 0.250414006742015 0.403892710024129
0.00849293503333682 0.0145732626136709 0.251512019857821 0.0437602804468256
0.00344265541774239 0.0127478838621271 0.00308091923557844 -0.189551748459693
0.0231601025293427 0.00141597699522502 -0.00346912242541712 0.16856371786511
-0.0049570654566238 0.0120646777880907 -0.155195792770271 -0.00163696418006877
-0.00137327154852978 0.0129517525050921 -0.268976415761166 -0.344611718681475
-0.00810970082879613 -0.0127772334416835 0.202654753174428 -0.535343429684742
0.0101458730612946 -0.0406930998613061 0.761210453638454 -0.0334624725655639
0.00649549218247641 -0.000779514627139083 0.43530009378813 0.755795304658157
-0.0107472184058907 -0.0202722644167602 -0.260865831049601 0.598589402767003
-0.000466266104000918 -0.031632260294036 0.0105630545940506 0.107205095903231
0.0172377420497204 -0.0162626500717983 0.377542440939479 -0.483170627233908
0.00764436696250402 -0.0180387584325745 -0.246201112428376 -0.89562234815959
-0.0158716181503765 -0.0144372812752324 -0.877356824237653 -0.158017330599603
-0.0341683385773937 0.0159817382815219 -0.34357340458758 0.581131561210335
-0.00775317822425804 0.0359978065382077 0.240738171997188 0.409525341593083
0.00764549680997512 0.0124430034655085 0.247482804123257 0.0511293996117956
0.00735032671537928 0.00847967060762041 -0.00262883465877483 -0.18592045635884
-0.00987663304075574 0.0114824923492693 0.0142394517267165 0.151153488431517
-0.0349963995786278 -0.00208635587984356 -0.164542251535229 -0.0418435491871632
-0.0267490300452124 -0.0349201953081502 -0.243745290838942 -0.363296439673982
-0.00951156675917142 -0.0602755347132503 0.284535722022271 -0.482199060419216
0.0422232955756249 -0.0262162946892217 0.785074170767797 0.0934545667982049
0.00518446374013094 0.0543633039525798 0.335521028412493 0.811017531987285
-0.0452709825567623 0.017904624597464 -0.314638039776954 0.548126687792306
-0.037800171139703 -0.00502602411454908 0.0259361801767974 0.070711964899597
-0.013680304479114 0.0259184718917752 0.323279500355156 -0.541246159081546
0.0106476794609428 0.0358577811493539 -0.372116083379738 -0.84694450245089
0.00980386142882308 -0.00370670163923165 -0.862429694184123 -0.00942039968163412
-0.0386203114739139 -0.0263072203572768 -0.235905943780577 0.641794456758725
-0.0283940609082813 -0.010611193843179 0.279186215251955 0.383232019151545
-0.0204777997411708 -0.00559430061871042 0.235930872373935 0.00826768496269516
-0.0269649730988572 0.0180629763375521 0.0112828956679209 -0.208912123335878
-0.00844559835731422 0.0131510356217896 0.0167050947308309 0.15124156435257
-0.0298820128402873 0.00274828100204375 -0.158906351566593 -0.0419824613829646
-0.0204062965950441 -0.0304841765881787 -0.239139622397611 -0.364279852726736
-0.00987331282812201 -0.0581486684752843 0.287450969194889 -0.477430250417183
0.0384889186541692 -0.0263509060221199 0.77938750763627 0.101733774625255
0.00619696265598917 0.0541268667773534 0.32736947519269 0.820471418307764
-0.0435662919509756 0.0220527675964863 -0.324990816764224 0.557923278032073
-0.037311724647314 -0.00109593725750846 0.0181681801075876 0.0782854984205773
-0.0121079506739038 0.0294563509265836 0.317559024379485 -0.531296871408778
0.00965166932006294 0.0341930975152381 -0.376679380090315 -0.833100301159726
0.00548456184967333 -0.00407289944303424 -0.864586579262136 0.00141286938531083
-0.038975064963607 -0.0233446061205617 -0.235193947747518 0.644371196395917
-0.0214469692370717 -0.00657553822306855 0.282536851470363 0.380908912445692
-0.0149508928910377 -0.000245449734769424 0.241602372984135 0.00790032492870069
-0.0262957707268553 0.0207897429620882 0.0149617486857525 -0.209648780201167
-0.00458455296488766 0.0133380433674992 0.0161163197095796 0.151596322323664
-0.0227642175462378 0.0083079739879365 -0.154126022033166 -0.037864719115553
-0.014304589628336 -0.0223245253372053 -0.238706862831884 -0.362375290260228
-0.0118053257732754 -0.0528152033565054 0.27868423920812 -0.476741555134911
0.0328119910473245 -0.0283648781046186 0.771527936020763 0.10004420045843
0.00727015126319043 0.0494335575948582 0.327662012894781 0.824174412928144
-0.0388392943549247 0.021863789441974 -0.32701581779739 0.568840929929224
-0.0340332584364837 0.000429540484256427 0.0104575162938115 0.0860304742668265
-0.00758970176521641 0.0282120631890153 0.314952530603604 -0.518887237579044
0.00927838629227112 0.0289375316079258 -0.373761783702124 -0.829799106511739
-0.000695718728565961 -0.00489355935288325 -0.869429505826211 -0.00381974305408484
-0.0385340494247017 -0.0180687234352952 -0.243718787986473 0.642457862907684
-0.0155075291933744 -4.47986845082196E-05 0.28293566178563 0.383938324056922
-0.00840837435266674 0.0052850659161318 0.246241612116104 0.0111600194997908
-0.021875921845644 0.0221344684719192 0.014898769263168 -0.207679361406636
0.000812185928096401 0.0131836613688867 0.0153998962791208 0.154325783049202
-0.0161981554626847 0.0131860549418066 -0.151129800919119 -0.0324402672533134
-0.008871418194097 -0.0128860646435932 -0.240947590608177 -0.359752813864331
-0.0125010208453825 -0.0441704327907919 0.267596949361123 -0.485779132343441
0.0263184616795119 -0.031304334595416 0.768345523500834 0.0836715330434955
0.00836737499951693 0.0399360375396348 0.338531181531687 0.823119175896075
-0.033102716578037 0.017139827274989 -0.320121387097534 0.579040873159034
-0.0286181922010101 -0.00108184324978655 0.00532381608654132 0.0951454972032819
-0.00302838375411514 0.0228828099829563 0.318581513308353 -0.508669677827437
0.00935730088902862 0.0217043709039451 -0.360401919579973 -0.831272749953735
-0.00641285003945558 -0.00554703929948837 -0.873571702625021 -0.020651617562125
-0.0378505953710256 -0.00973077048741352 -0.257957529188195 0.636987434475831
-0.00956683673721521 0.00918814914366765 0.280581194473672 0.387190769319296
-0.00184986195288658 0.0107959686509436 0.249671919588935 0.0166333447891475
-0.0153349561621925 0.0218289471027303 0.014278363912573 -0.204232133340605
0.0075119653020961 0.0112050664889221 0.0112029331737874 0.156027452300427
-0.0101872235908927 0.0161269783751331 -0.149925286818811 -0.0245928489048142
-0.00413947423652141 -0.0033845391097914 -0.247018988334486 -0.355535341518685
-0.0128556405319482 -0.0351252839495596 0.248816150868048 -0.495707586047372
0.0199463016542751 -0.0343117630316879 0.766789821580347 0.0567492252135729
0.00883528164592183 0.0294897037575053 0.362847130362358 0.809917786920775
-0.0264030341711279 0.0102765825409395 -0.30808270690875 0.590791772491868
-0.021839444853525 -0.00678407904782303 0.00109441678476623 0.101955205751671
0.00216055919920375 0.01449128136116 0.327841121519826 -0.498782037687191
0.0083615561053306 0.010768139290655 -0.338126953184955 -0.841765068077008
-0.0108413929173965 -0.00733747170247333 -0.878024297784402 -0.0474103586983835
-0.0368227268504699 -0.00241287894315843 -0.279634476342693 0.626059040988342
-0.00458438083707189 0.0181696346659276 0.272437494590679 0.390578093125302
0.00371347079974089 0.0134281696354826 0.252810019213639 0.0247719524912522
-0.00883143047288192 0.0198701280060836 0.0111336442044368 -0.199382243161684
0.0139949021385285 0.00796817205690192 0.00723522068417322 0.160595104058107
-0.00613173585635926 0.0175712827982682 -0.150060526081466 -0.0158693677908818
-0.000707949398666668 0.00527135142050793 -0.253583616340986 -0.350594293158891
-0.0125706646020515 -0.0246560592284306 0.231973576965858 -0.51096604964089
0.0146267016215407 -0.0366314500256225 0.763254152146507 0.0256630341286395
0.0090352055163065 0.0177599765621834 0.388664562580227 0.793639154385319
-0.0190450033958862 -0.000188855532306794 -0.293418334325947 0.597085641213501
-0.0134849242814868 -0.0141807717736761 0.00195935869465568 0.106199991646743
0.0087307409881088 0.00390162058707918 0.343584410063118 -0.490417164671403
0.00683589417240297 -0.000999174719184721 -0.307865368657859 -0.856976042819363
-0.0150521865263826 -0.00922159331969894 -0.879195928570427 -0.0822516274143583
-0.0355341197280769 0.00608696806739053 -0.302838180606475 0.6110666423442
-0.00262111942462874 0.0266981638779571 0.262304103547561 0.396511143819558
0.00729073974727945 0.0151275998272046 0.253668331594288 0.0344536836779003
-0.00181828741796032 0.0164887740573909 0.00610977115013573 -0.193970197449465
0.0191003796268711 0.00455335480717538 0.00103344315425751 0.163998201949979
-0.00426584575979243 0.0152756529464297 -0.152938313782485 -0.00833691786728055
-0.000399585587311907 0.0106510090667843 -0.262450205468264 -0.345378891287337
-0.0109339661929463 -0.0174829510729634 0.214132611701662 -0.523204583480914
0.0109259807440902 -0.0392891498749295 0.760876610426674 -0.00662393683841979
0.00755220369742307 0.00691804892271356 0.414718668372352 0.77282224225217
-0.0142660295587168 -0.0108918878906661 -0.276924678913018 0.598670200378064
-0.00633993531207266 -0.0226746178007115 0.00454652360158419 0.108143498430161
0.0137273987306394 -0.00691411827254636 0.356847810449952 -0.48578998024389
0.0071313066603408 -0.0105691103957539 -0.281022307196917 -0.874813320500729
-0.0163303963042884 -0.0119602895798069 -0.878758885099586 -0.119771536709207
-0.0351748222223606 0.0120345164293158 -0.324891837422984 0.595633358787488
-0.00340365736573051 0.0329692502656843 0.252996560587602 0.40162150205074
0.00912038311078581 0.0142507477812908 0.251797174758965 0.0423861672629458
0.00369919790609465 0.0126188127832598 0.00276164714683434 -0.189295706843717
0.0232574996998138 0.00059815585938586 -0.00330070916521758 0.167801225735571
-0.0050521183929544 0.0121691473778978 -0.155907333155288 -0.00237865526497731
-0.00217942125528057 0.0129849632289046 -0.270109525480268 -0.341352187006595
-0.00893811055102955 -0.0129330281270474 0.1993124627664 -0.535161671729493
0.0102335854220796 -0.0408150153301614 0.759175462470187 -0.0381760557172628
0.00680741582130586 -0.000696101524774229 0.43598733690962 0.749575015082751
-0.0109247914092657 -0.0203206246050324 -0.256932232210331 0.596317893219972
-0.00117528371578336 -0.0314972009957983 0.0099252082975933 0.106676238203386
0.0171677293710063 -0.0162325018947589 0.37395806641617 -0.483993409080887
0.00748927337346995 -0.0183082640703108 -0.251339309592543 -0.89128530293325
-0.0157199293474978 -0.0138780681754237 -0.876263674081322 -0.152656094417527
-0.0342032512596373 0.0158976277850892 -0.340734594598742 0.581202932979275
-0.00734583186825344 0.0364229528242662 0.241953615251606 0.405513662448209
0.0072948172810614 0.0121014895028136 0.248267907520795 0.0498891481749106
0.00726154966354589 0.0091064274766951 -0.00390879597346058 -0.185838700690571
-0.0107915825735178 0.01089093680076 0.0148552004909619 0.151347544187583
-0.0351424144006934 -0.000600334488944018 -0.165675174729968 -0.0416909117970649
-0.0274875964552926 -0.034691747251818 -0.24714186006123 -0.361468935789806
-0.00941099733204835 -0.0602683979904728 0.282481376159016 -0.481094184230677
0.0423352483340884 -0.0264749075587862 0.784082811963891 0.0882359105920662
0.00544175962685675 0.0547831654324223 0.338005036425223 0.805181183266891
-0.0459265764037245 0.0182846878532983 -0.312414166014634 0.549743803910541
-0.0377051196760458 -0.00494187377728533 0.0262224790468668 0.0700915867275926
-0.0133978044866895 0.0260040334380646 0.322037571745504 -0.542427167864394
0.0100418764678051 0.0353872677659132 -0.375592294022892 -0.842393174309749
0.0108141723267878 -0.00333157044775862 -0.862636410872822 -0.00457035628162711
-0.0380178915490089 -0.025522956009238 -0.232150356154752 0.640580608486064
-0.0286780793882883 -0.0115203973074891 0.28111285565462 0.381127395851382
-0.0210670935965748 -0.00550024436966278 0.236480000466659 0.00724253479031466
-0.0274545227366121 0.0188169072626508 0.0109045001603496 -0.208605167511048
-0.00860030976101194 0.0132775835480756 0.0162727629847812 0.151151449893915
-0.0294204276507492 0.00315069857690247 -0.1598289726133 -0.0417995948503649
-0.0211113091782032 -0.0301729728732328 -0.240759105838253 -0.362895246040734
-0.0108268409848635 -0.0575925814836703 0.283971482186968 -0.477053145168386
0.0385439840118198 -0.0270893725472585 0.779953030276678 0.0991315131784487
0.00690686376870963 0.0538841045626214 0.327297654047959 0.818920639903068
-0.0440919424186707 0.0220252875300412 -0.32285079486868 0.558303401341408
-0.0376076080328383 -0.00136284547048544 0.0176974456714426 0.0785852993610602
-0.0109839107497303 0.0284746183949132 0.313925828612429 -0.532102900003767
0.0099291262172808 0.0342990772731175 -0.380108629164624 -0.830760594237397
0.00530358839397171 -0.00357715569715973 -0.864242501461157 0.0044763136494301
-0.0392680247327345 -0.0236499622523637 -0.232666341345705 0.644261060372309
-0.022309276242301 -0.00658533548323637 0.285223370267227 0.380736503870737
-0.0156654165889324 0.00039329705858741 0.241442292727605 0.00708316951284532
-0.0252449678996747 0.0218971608830379 0.013100904393985 -0.209012604956433
-0.00499030528929218 0.0132437013357094 0.0168408378832376 0.151388250925199
-0.0227216297558171 0.00918732277124717 -0.155777212109752 -0.0384343626375898
-0.0158345430062475 -0.0220754183355348 -0.240403089180325 -0.360266180785572
-0.0125394315418643 -0.0519926068489825 0.277126039633488 -0.478794838822202
0.0329366626709196 -0.0288251877946291 0.774110293343719 0.0967237751560751
0.00745443219240436 0.0496429403181573 0.329140522807334 0.821722631377553
-0.0392964979301915 0.0209223559613527 -0.322828957432178 0.567837324508568
-0.0346180553176704 0.000890966622719684 0.0105178155640197 0.0863814133862356
-0.00851404214675983 0.0280360588645378 0.31245942880955 -0.51999671060429
0.00995736910156275 0.0290233083340652 -0.374218657362097 -0.826423537002867
-0.000577059070570627 -0.00405003862881584 -0.867735561277036 -0.00259253337511277
-0.038419563253192 -0.0169890288598574 -0.238964349512647 0.640976227253133
-0.0160344989580458 8.18794767930009E-05 0.285941567885278 0.381793787357097
-0.00931372829199932 0.0057457597743859 0.24736218483349 0.0103344525516603
-0.0219712535257234 0.0230613738991941 0.0138464609337674 -0.207482229232822
0.000478269322950809 0.0134020209317838 0.0153721606458257 0.152857674988351
-0.0156825158714411 0.0138437590608025 -0.151531258336934 -0.0315878869987946
-0.00956544757411829 -0.0122781525925004 -0.24221860764327 -0.357970066176415
-0.013166226194349 -0.0444612994955273 0.263018903914571 -0.486532636625951
0.0261283989072094 -0.0312883705108145 0.766884893240652 0.0797670146082856
0.00877066497882359 0.0409189552340847 0.344082748685399 0.818392045182157
-0.0338072292203607 0.0177851150059484 -0.320119243254299 0.581076600019663
-0.0289849073808301 -0.00190805833737874 0.00535230767724755 0.0947359979073885
-0.00288630066085511 0.023380173349884 0.317255701193073 -0.509156571036127
0.00925625510743061 0.0209163200052867 -0.362476978599053 -0.829950980110725
-0.00607145864848786 -0.00470498881406511 -0.873630963141126 -0.0161775984583484
-0.0383375498714432 -0.0102296183068747 -0.255472702223405 0.636668618886344
-0.00961670020831984 0.00902866739976543 0.281547303968426 0.385004182011161
-0.00228613289840274 0.0100759090375725 0.250186257825799 0.0152261750629532
-0.0151888162554859 0.0224391105578116 0.0124730662980119 -0.204507482671278
0.00668861299340291 0.0108746864960977 0.0118636749501543 0.155623945680946
-0.0105763530295827 0.0168866577941355 -0.150675489685061 -0.024133681676462
-0.00486345968958305 -0.00304093888470407 -0.247587957334916 -0.353887867202503
-0.0133179138497367 -0.0351463390433172 0.24792048082947 -0.497432900565154
0.0193786572430179 -0.0344211270810876 0.763334654157021 0.0537676836275856
0.00845269857777407 0.0301415656402966 0.36561918630658 0.809236518693021
-0.0267431145145606 0.010728444344367 -0.306994721881236 0.589639871359952
-0.022091348793964 -0.00711896044244168 0.00167444920532371 0.101061793934679
0.00262176398944458 0.0143040821016659 0.324420904396567 -0.49912142790315
0.00784773642185198 0.0111948789390114 -0.34162048519126 -0.838306122640956
-0.0111746413086052 -0.00658921502760487 -0.877774061438204 -0.0420840880477461
-0.0371699466028276 -0.00150847104277004 -0.276353589767196 0.627138483981963
-0.00532824909541031 0.0182558732523232 0.274576747565846 0.389564259659342
0.00351500096510186 0.0131656126738475 0.254468170728479 0.0240235207484101
-0.00864032327264481 0.0194769043751687 0.00967458287365887 -0.199458749871014
0.0140290373226715 0.00807032412115442 0.00720130834606883 0.160472863060554
-0.00631473287356876 0.0176249306935303 -0.150967330960779 -0.0151256956708173
-0.00127725343086956 0.0055452017174007 -0.256303432639454 -0.347864161643834
-0.0128293090725251 -0.0247549843849475 0.229627590435984 -0.511004625208526
0.0142944172129915 -0.0377058042162753 0.762864224084112 0.0227588986702557
0.00882136165011193 0.0181329938176045 0.392997412674737 0.791523776624839
-0.0195297225786295 0.000738340037066899 -0.291526711027016 0.596287487688708
-0.0139700284731227 -0.0145852948207114 0.00185778312429266 0.106754285585686
0.00832888285435102 0.0035246591625724 0.340927739203402 -0.491160588113435
0.00750492209251958 -0.00110969932499904 -0.312303379901308 -0.854029497153885
-0.0151214272157013 -0.00884247374235287 -0.879517909988614 -0.0799226866896965
-0.0353110515625277 0.00650747536822845 -0.300904254681757 0.612235402766974
-0.00282261040939689 0.0267839968767671 0.264879836993566 0.396461235593836
0.00678650952202328 0.0153523098852304 0.254853229761964 0.0326548626179635
-0.0022806308704895 0.0169910330087333 0.00511688243304924 -0.194140371329183
0.0187914405240677 0.00430078295360416 0.00235240917541957 0.164072014867592
-0.0037753696387447 0.0169126031055446 -0.154213737871055 -0.00801850871290099
-0.000518679761049366 0.011157491100672 -0.263422875247149 -0.343414184264006
-0.0117969334486367 -0.017291844203296 0.21095450119862 -0.523233085261144
0.0109952207339448 -0.0391519099370545 0.759565782299863 -0.0106034814279374
0.00780647376515159 0.0069226891454255 0.416683349985693 0.768828673218255
-0.0143670957281453 -0.0106059536022357 -0.272917193484632 0.598168488259264
-0.0061831161595424 -0.0239074442329098 0.00534100619046113 0.107935270146244
0.0138539188068475 -0.00725552216118299 0.355052447649889 -0.485424820147295
0.00667630093088371 -0.0114729781257063 -0.284494829277091 -0.873209209633819
-0.0171145088975065 -0.0113822941656714 -0.878993903784604 -0.115889054769894
-0.0344916784010348 0.0131391596512648 -0.321701202250594 0.595457486070876
-0.00361227306930967 0.0335487442318758 0.255194624063073 0.399528894535063
0.00810355939251083 0.0148308466013943 0.25277425502029 0.0410465641397831
0.0034543082497486 0.0132106695007013 0.000905430099004469 -0.188690966179584
0.0224806020793232 0.000746660066647601 -0.00240894932825216 0.167546283839772
-0.00495278080183039 0.0134158088564781 -0.156499050256107 -0.00173714652968737
-0.002282360060602 0.0125496084861362 -0.27269749830858 -0.338595136248819
-0.00988471900719097 -0.0130778608074292 0.198232525064013 -0.535240565041441
0.0101108502025126 -0.041305048747045 0.758250527513544 -0.0398382216145822
0.00600820829982205 -0.000144987945700841 0.440183548105634 0.747746469948918
-0.0122109957049937 -0.0208445806772487 -0.25587735723467 0.595239346485374
-0.00183131496342985 -0.0323538234146326 0.0108617966645201 0.106035591697171
0.0160995227388934 -0.0164085371385943 0.371505314686855 -0.486062874681339
0.00776264595970138 -0.0179213960443127 -0.255252084255606 -0.891246420515435
-0.0163865411474816 -0.0136227533097984 -0.875495216061428 -0.148792158170186
-0.03271689774816 0.0161911914478941 -0.338232048930372 0.581464058511455
-0.00698590174741122 0.0360000867580805 0.245679166531741 0.404150038675506
0.00658350429390052 0.0122546063667964 0.249722322839185 0.0479401160606197
0.00709449324394832 0.0092980046888659 -0.00404284222475256 -0.185379408226591
-0.0105423872804262 0.011368509278585 0.0152418423988952 0.15105768960689
-0.0350540607118601 -0.000825422893014082 -0.166394946211051 -0.0425156565239682
-0.0282802984153183 -0.034461566685312 -0.24757813118192 -0.358868105992258
-0.0111900736593667 -0.0597335260426858 0.27864909259181 -0.480693609766841
0.0424694276626636 -0.0270386584937476 0.783484304438923 0.0859720551334647
0.00591214175017875 0.0553303159642231 0.342082484584283 0.803922214535935
-0.0462587849975904 0.0188516249147604 -0.30945639069132 0.548251068021008
-0.0383848686255618 -0.00553410001255482 0.026533205773893 0.0698446425163858
-0.0137754310038852 0.025125905765991 0.319559825284648 -0.541400087627539
0.00971682451652352 0.0354309190386055 -0.380333159050175 -0.837649019560273
0.0100971329507058 -0.00310244242710937 -0.85978450618248 -0.00107990918243807
-0.0387244792552474 -0.0258078784931947 -0.228809034313033 0.641270064345849
-0.0283183531763132 -0.0106971103380784 0.283594179891398 0.377867745565594
-0.0208161384987579 -0.00513352446066109 0.237846028131253 0.00597946050095102
-0.0273899158362115 0.0189572210802167 0.00874983236020171 -0.208097320526484
-0.00878892588992344 0.0132774145469819 0.0171852788792077 0.150562925731288
-0.0299481006275634 0.00486617054424953 -0.161262082758022 -0.0408581882330691
-0.0216623434893359 -0.0294513216600419 -0.243579769399104 -0.359272169492838
-0.0120879931984025 -0.0576154153715817 0.280359337402156 -0.47622851051491
0.0383173867167009 -0.0273641905808993 0.778919910689861 0.0957423227831105
0.00670431319176104 0.0539860930261366 0.330600761325168 0.815495736915829
-0.0440147267463767 0.0217179313113885 -0.319337358459738 0.557408605479935
-0.0382779984071963 -0.00138133659202592 0.0178040464184664 0.0777194477170201
-0.0121466057788165 0.0276000821036952 0.311386893218361 -0.530801606640202
0.00999376431041094 0.0345889125317103 -0.382579848089813 -0.826979290578721
0.00588022636274023 -0.00300459889473208 -0.861418692070966 0.00783683190792231
-0.0394845985356134 -0.0225775099907786 -0.227505364540173 0.645289132953814
-0.0225936320870705 -0.00687248645720776 0.28752068068604 0.378669408585136
-0.0157290422023542 0.000266726288801627 0.241747385777689 0.0046999650907573
-0.0252641072737909 0.0220608541662451 0.0120298366850529 -0.208227190646408
-0.00504741121535708 0.0135849528113523 0.0179424146872848 0.150925895493249
-0.0234542022006445 0.00997342504952168 -0.156419316727042 -0.0377424388481851
-0.0158145745518951 -0.0212317981799642 -0.242104572225525 -0.357872445614456
-0.0124313993578426 -0.0520126723863257 0.273642329257639 -0.478734131399313
0.032328111181843 -0.0289426750984299 0.771350929393514 0.0919804916373029
0.00789232907667638 0.0495642152496609 0.33260567754808 0.816939969178571
-0.0402870387192401 0.0220737109294646 -0.319961851110299 0.568646929880949
-0.0351540764218151 0.000850171609753547 0.0103518495728773 0.0862673118887993
-0.00692271236857743 0.0274573758057033 0.311033998162525 -0.520196345351552
0.00920314323420673 0.0298135764307024 -0.379023765998117 -0.82273682042055
-0.000163409057089984 -0.00389054751168047 -0.867010508971471 0.00229332968982841
-0.0389071873468362 -0.0174074749647925 -0.236353098102605 0.64253758677269
-0.0156920535189162 -6.01228147470677E-05 0.285711441612286 0.379785357522793
-0.00975881905084897 0.00681570626290973 0.246481501949705 0.0083805904209744
-0.0216092349746144 0.0231471071113595 0.0127886401398754 -0.207154088024993
0.000336038884575845 0.0127296250121312 0.0164582067825169 0.15306272636417
-0.0158346988406562 0.0142951018111481 -0.151993387793413 -0.0314048255117568
-0.00997317513302104 -0.0121739059769506 -0.24559029873981 -0.355677587757779
-0.01420983737714 -0.04362705800257 0.260030870482632 -0.486316316187995
0.025707393129748 -0.0313999126370984 0.765423216250791 0.0754770262408757
0.00888350625245666 0.0410018229360749 0.34726534209489 0.815950423695395
-0.0332472298995578 0.0172547286855115 -0.316078596921004 0.579476473466196
-0.029381110551395 -0.00175726585502181 0.00449304534503623 0.0938286794447852
-0.00343656853635982 0.022174485498286 0.31336728947359 -0.509980158018185
0.00862370778530102 0.0215367051745653 -0.365872221511227 -0.825675030983176
-0.00528335316343261 -0.00489944293224774 -0.872365265097135 -0.0131924128941332
-0.0381190940795003 -0.00936233160214712 -0.251952207441558 0.636483683707242
-0.00965952582164471 0.00795406820111105 0.282640171353516 0.383989402384148
-0.0031223207912764 0.0105094677771105 0.251483655774484 0.0140637658421478
-0.0158924569564694 0.0231620282907452 0.0116771704826571 -0.203501320518849
0.00698014356465336 0.0105249628272683 0.0121756854633006 0.155616878339133
-0.0103736840543866 0.0171911464462981 -0.151624189160705 -0.0237397302747487
-0.00497771309117617 -0.00178705441439033 -0.250080040592376 -0.350791266325961
-0.0142280241118204 -0.0350561044021748 0.243651910269516 -0.497194828251148
0.0193195883914797 -0.0355133126511573 0.762888119434469 0.0512013119046403
0.00892849947631451 0.0296349002084363 0.368051897426105 0.803613460168449
-0.0274907724243969 0.0102519308743502 -0.303244160208985 0.58889129808826
-0.0225450449365341 -0.0068912501542365 0.00190309546045812 0.100797783853527
0.0024365092471195 0.0143878510644219 0.32183081622089 -0.500374307165494
0.00776537355200521 0.0101723885581703 -0.344479235895869 -0.835689216605585
-0.010712115871241 -0.00636239895282691 -0.876517114383636 -0.0397312040690751
-0.0364689636537532 -0.000837007262066402 -0.272069694091843 0.627233334267997
-0.00566856593401509 0.0175076841867591 0.275582087360559 0.388512381745565
0.00297752423372876 0.0143298817193436 0.254350065171587 0.021719010822397
-0.00843018317555731 0.0206218101263775 0.00851128236166165 -0.199101487233515
0.0136513046026256 0.00711167763235567 0.00838136792636976 0.159857193427527
-0.00609830849108844 0.0175318988974891 -0.15164660774124 -0.0146235900637092
-0.00158049253752212 0.00607025198130937 -0.25808376203026 -0.345498828110995
-0.0126999482039682 -0.0246911476645049 0.225881123492696 -0.510863810046415
0.0141916238065507 -0.0375012466316478 0.758110429722523 0.0188066653809489
0.00867460893080752 0.0179656703904753 0.39556256764025 0.786717392721951
-0.0200345405564855 0.000684241989602678 -0.287822465225107 0.595571701515157
-0.0146882202866223 -0.0147794643535248 0.00223655998534518 0.105623188267862
0.00833842831459766 0.0037655327686269 0.336584109686434 -0.491724259212523
0.00706072369571134 -0.000560418708443238 -0.314987284673199 -0.851064025020745
-0.014818671794019 -0.00849835818986725 -0.878696786553862 -0.0764533668804684
-0.0345953770244103 0.00678503011740513 -0.295052279336701 0.611718496305295
-0.00276875337487375 0.0258805745796698 0.267176315764763 0.393062557379676
0.00629307316343085 0.0151721720071139 0.254490627967257 0.0316731379437666
-0.00187771187223335 0.0173280176015847 0.0047844708647678 -0.194284276142593
0.0186461371408618 0.00359964204208096 0.0016162192164169 0.16339498595947
-0.00488381395311433 0.0175906727614463 -0.154426471665115 -0.00847599264993528
-0.00118702112178815 0.0116121562700303 -0.267190532790772 -0.340718838626117
-0.0115249521142498 -0.0170519669480883 0.207902284907425 -0.522734146666131
0.0103789236192626 -0.0396415541324139 0.758573348134203 -0.0145799796649652
0.00733651807176154 0.00762186825580511 0.41997795537763 0.766009106772525
-0.0147359440246518 -0.0103354367752228 -0.270457608713311 0.597521978484094
-0.00747110395237284 -0.0240597680293677 0.0061999112084759 0.10677681997943
0.01371543502746 -0.00838723369299463 0.351661286608694 -0.485250851106034
0.0070748274573921 -0.0113382976949098 -0.28710575499126 -0.869270727106356
-0.0172779790716822 -0.0105683525589006 -0.877953751282254 -0.11044580807619
-0.0338376629475623 0.012722123083359 -0.316601704019559 0.598700369299024
-0.00317013041322497 0.0329481429282821 0.256550253613131 0.39741758556905
0.00766132158104619 0.0147859746057259 0.253160210658869 0.0390319922552615
0.00369324205740958 0.0141632616266927 -0.000266792403218749 -0.189111833877785
0.0215658315168615 0.0012951407587356 -0.00132890939407304 0.166613863436305
-0.0052944382948353 0.0136837614644065 -0.157754177351248 -0.00221967927960614
-0.00236670173668705 0.0127633273004463 -0.273299774463525 -0.335205123363645
-0.010479176884707 -0.0127985023925472 0.19463697669881 -0.534783782899042
0.00868014940055306 -0.0408944962450141 0.757652318974961 -0.0453610081489173
0.00647250047063279 0.000183751758131045 0.44263434474663 0.743827322273449
-0.0127755354351719 -0.0202024568973339 -0.252977455178905 0.595834436120384
-0.00255566302095756 -0.0325127143969004 0.0118039712504279 0.10641049564506
0.0164841689423719 -0.0171574748290623 0.368163892995038 -0.485534407037255
0.00724373420777247 -0.0188582507840835 -0.260861135878262 -0.889126656554444
-0.0164032385218529 -0.0136889518768533 -0.876075506760124 -0.145234127263755
-0.0328524144283706 0.0165040293578984 -0.33454445974969 0.582618407761029
-0.00732067454058802 0.0358205554388936 0.247220705774447 0.402206896806555
0.0060845146654427 0.0132780043730297 0.250119899383679 0.0463663209347509
0.00751812074858894 0.0102305616690611 -0.005531717296704 -0.185753112299094
-0.0111732503514278 0.0113149077690872 0.0160717817047187 0.149916707784269
-0.0353108973528501 0.000960302546904089 -0.166646037422788 -0.0404000650015234
-0.0285285131083169 -0.0341785900730486 -0.250561819331146 -0.355337389550179
-0.0111885502705031 -0.059542482609215 0.276917757062246 -0.480964749017352
0.0416553195348805 -0.0277725452497133 0.781277824949801 0.0791214268125656
0.00627371899538647 0.0550283051118292 0.344421934163786 0.799932748266831
-0.0463234287405727 0.0182301427598736 -0.305642710897968 0.548566497442811
-0.0393797392195154 -0.00543220971384721 0.0255693823642215 0.0692919520439239
-0.0134428104820586 0.0250191409356427 0.312733807714131 -0.541334039332238
0.0104945544136271 0.0348699717347668 -0.384714729689293 -0.834767957597918
0.00988093003180228 -0.00336636540324341 -0.859668548483731 0.00374469674360846
-0.0389353768947181 -0.0252576403045729 -0.225052844297793 0.641093718539658
-0.02857801374841 -0.0117085723592855 0.286103105068686 0.376304786878545
-0.0216868969001838 -0.00514682728710376 0.237248891398712 0.0039749484650395
-0.0274194538704667 0.020428110548529 0.00863138499798579 -0.207403592085006
-0.00925238055681543 0.0134314049790195 0.0182831165097604 0.149697476595723
-0.0295799847211498 0.00384367313157573 -0.162190786837676 -0.0405850305871498
-0.0231859345884912 -0.0283013278449133 -0.245097155949884 -0.356739132211427
-0.0121391952598338 -0.0570995210684736 0.276654868684773 -0.476554597827345
0.0372293595943459 -0.0272058647426524 0.77513047974481 0.0890872007431679
0.00677776034515928 0.0545355040732119 0.334284581313557 0.811897030967999
-0.045067172835305 0.0222821172875427 -0.314732331409689 0.557225552701862
-0.0380453899367828 -0.00103781258140386 0.0175571964740113 0.0772072284137045
-0.0116565849838939 0.0282056552091439 0.305904681738512 -0.530240928225817
0.0104463336550606 0.0330423243740831 -0.387470090843142 -0.822776483046105
0.00519564094886266 -0.00318025392275902 -0.860728950226649 0.0121639368295451
-0.0400071203758231 -0.0225807071723293 -0.2236049374444 0.645249236114356
-0.0224232630145763 -0.00732476653497358 0.288657945121243 0.376341848632121
-0.0166013836983446 0.00129269565076467 0.242537749014153 0.00372096194437334
-0.0258332657970296 0.0225506105402479 0.0105936004568268 -0.209093898699074
-0.00527056855563017 0.0142646963833438 0.0182784690480087 0.150503233974721
-0.0229045229496589 0.0104366219523458 -0.157799903403103 -0.0370849002101052
-0.0161884767546807 -0.0212514419498058 -0.244917563636189 -0.35418763230199
-0.0133952738216035 -0.0519401560689172 0.269785764952324 -0.479515120715354
0.0319682516302037 -0.0289080317468714 0.770981542425653 0.0888185377884696
0.00815755847739209 0.0501989587682031 0.336216885855149 0.813896859909648
-0.0409966927650819 0.022386677847798 -0.316791144555699 0.568808606359269
-0.0348383733260475 0.000798754522089262 0.0100336905677773 0.0852729504190938
-0.00759831537656377 0.0272994812690254 0.305965054624943 -0.522140781475095
0.00943996000949637 0.0287077673820946 -0.382648933746053 -0.817737940092069
-0.000387388380950383 -0.0036976314158968 -0.864515470009091 0.00652510598171245
-0.0381021879964752 -0.0167719041658875 -0.232946626720188 0.644294317747185
-0.0155481735395958 -0.000378543262440072 0.288865118685424 0.37783356075941
-0.00920090297746365 0.006570458265251 0.246958653389504 0.00675293619767739
-0.0212105284963732 0.0245324223631221 0.0119578025667919 -0.206793120853838
1.09511531418312E-05 0.0124370474023366 0.0167701008992705 0.15297823896438
-0.0162137598956763 0.0159051597915036 -0.153336577117925 -0.0304282859720241
-0.00967407083062845 -0.0117184753078715 -0.246994248113752 -0.351306973597281
-0.0149552942755452 -0.0437875411512964 0.258681787988325 -0.486156611157711
0.0254819358538515 -0.0323986022857494 0.765374254979342 0.071123197810899
0.00883771732064999 0.040675311360462 0.34977075146962 0.811018924602521
-0.0339275375463383 0.0181902200012721 -0.311606266794299 0.578703454232675
-0.0301881455178635 -0.00154276587926647 0.00541307089809658 0.0938496879834913
-0.00319942735742545 0.0216667752106735 0.310535954434962 -0.510804591803338
0.00869983212223805 0.0205358683987461 -0.368575559295389 -0.822555829029391
-0.00547159201711475 -0.0038137010202628 -0.869800006108312 -0.00848826536046024
-0.0377318567027653 -0.00970032671739936 -0.247941495236145 0.636663814663814
-0.00889318251488256 0.00819109352336589 0.284651512004248 0.379987403075174
-0.00320940727796792 0.011247135497118 0.251295219163018 0.0118205216635859
-0.0155460693240678 0.0229372355228723 0.0103173279740188 -0.20402155449918
0.00578666755737764 0.0106490092842452 0.0130980346083518 0.155228034966325
-0.00982920574565533 0.0178308799059301 -0.153088406438366 -0.0230616212742168
-0.00545297500624527 -0.00174047206746997 -0.252120165188734 -0.346570890613832
-0.0148510941705222 -0.0343694069088202 0.240060003005397 -0.496789610230228
0.0190126612471109 -0.0349743189556612 0.761237995032766 0.0453697334191767
0.009235860711429 0.0303081686221641 0.369699865536768 0.798324431253282
-0.0271171450315409 0.0109193546551224 -0.300266416195494 0.588501100711177
-0.0232450891576639 -0.00695448355697934 0.00175304055646962 0.100732694675207
0.00274826485271706 0.0134799641425313 0.31841993904971 -0.501226998699388
0.00784920139559273 0.00989640558582197 -0.347983638147632 -0.832146918236107
-0.0103279009254931 -0.00591457446680062 -0.874845616776505 -0.0343955046473137
-0.0362473923982605 -0.000955256115295853 -0.267554706159245 0.625672804232936
-0.00493917946010229 0.0178338870980893 0.278959463123666 0.385431351714128
0.00200276209093509 0.0139437387939325 0.254041604923256 0.020707747839565
-0.00871665869227886 0.0215661208507069 0.00789460354735032 -0.198219980700245
0.013379715706624 0.00785109139518801 0.00927395438561969 0.15960058799494
-0.00564189537910651 0.0187595026803188 -0.152677875867821 -0.0146802204406741
-0.00200379210558653 0.00655983335478408 -0.259391411183601 -0.343537745188082
-0.0144460183276422 -0.0255426837731162 0.222038936220123 -0.510947866671481
0.0133636440389687 -0.0381600207649987 0.758695833302604 0.0149379397808856
0.00916212502761074 0.017735797869825 0.398463955854123 0.78412100670846
-0.0206627059204347 0.000839886641808667 -0.284336226660847 0.594894884107858
-0.0152354587719698 -0.0149477793171207 0.00326428943653255 0.105563653321679
0.0083703867957669 0.00267292083084381 0.332799526698604 -0.49284597936936
0.00740554513370559 -0.0012146200024968 -0.318747178056364 -0.847815342993231
-0.014503096404341 -0.00817733274044066 -0.8782125144655 -0.069324046862294
-0.0351579408275331 0.00720580463146893 -0.290586510003247 0.612275459415616
-0.00276352244679131 0.0259446624610944 0.26920579766313 0.391035621904416
0.00637032218207549 0.0156665219931389 0.255351900801661 0.0294980281241852
-0.00158100296143623 0.0176762675705008 0.00329783644746465 -0.193188664888429
0.0180648875090061 0.00416025236330474 0.0034338149123375 0.162587735581968
-0.00345080762061952 0.0171966067529661 -0.154935492111748 -0.00647203915001813
-0.00101420633403951 0.0122936364427142 -0.267510981745281 -0.337400103044739
-0.0125030884238053 -0.0170151064429221 0.205280167698277 -0.522374352824277
0.0109553200637475 -0.0397497709063981 0.754953970574171 -0.0185583613895525
0.00787667183566602 0.00701961925022178 0.422782483506619 0.761628845155063
-0.0160459517347054 -0.0110369740955142 -0.266397789376787 0.598074273008587
-0.00877608341325335 -0.0244065595726496 0.00606812170723701 0.107251072820965
0.0132816840881733 -0.00839701674383969 0.347696269548002 -0.485245984540409
0.0071281010974296 -0.0119080255910189 -0.292553447104353 -0.865045734458896
-0.0172496684514591 -0.0107385660066215 -0.876184482491062 -0.103540698199152
-0.0342798681329955 0.0132854660387731 -0.313531773885619 0.598351977203367
-0.00317138806751165 0.0322054384915504 0.260121818711908 0.395356354680715
0.00720241440093889 0.0154497589957278 0.254682153891888 0.0377031960982001
0.00398830988259053 0.0142365217983516 -0.000985613816889363 -0.189012366461062
0.0221445894145427 0.000379019318254122 -0.000701475736912356 0.166672402207896
-0.00478850511209224 0.0147530049968424 -0.157445905213289 -0.00160128502466222
-0.0030078325075356 0.0135257154950844 -0.276571133247752 -0.331720727899485
-0.0098880981204917 -0.0127925478525265 0.190228061048284 -0.533047818365129
0.00921595727703623 -0.0416413838601515 0.754061699194877 -0.04862623178687
0.00682270376482941 -0.000233133728117617 0.445656496933171 0.738535645203184
-0.0126997758839511 -0.0196741035372949 -0.249409334959171 0.594611144486217
-0.0034327372479017 -0.0331612025002126 0.0113900053831521 0.105439092061179
0.0169139031756087 -0.0179821263541785 0.365019902636492 -0.486807299758003
0.00660273418529244 -0.0187076047795815 -0.263487376104795 -0.885244437657057
-0.0165275407478033 -0.0118421165740444 -0.875806090939596 -0.141762826882088
-0.0328542245199616 0.0173398173541574 -0.33092423924077 0.582750109733592
-0.00672797075080926 0.036138176739386 0.248975366306123 0.400770366087438
0.00591170057185044 0.0123820701868129 0.250626912200177 0.045272143476976
0.007749122150356 0.0106454804184414 -0.00623490290311636 -0.185050853630419
-0.0114167187995753 0.0113401215969759 0.0166878054272231 0.149983888168602
-0.0350460449480572 0.00146598183836639 -0.168625033756213 -0.0402962625246759
-0.0289839747746678 -0.0326136515435716 -0.252317257067514 -0.353877265152726
-0.0119555228697961 -0.0591849284420885 0.271741794049362 -0.481184051104865
0.0415080204365093 -0.027939450497875 0.779501134548717 0.0750748029709481
0.00702115640158295 0.055358486332237 0.34750604432886 0.796840399640308
-0.046214679125171 0.0189484391700139 -0.303323920557411 0.548038184077827
-0.0391078010771253 -0.00546153322863599 0.0265626838438048 0.0687137800118626
-0.0136792332262211 0.0247047293210429 0.31127458526989 -0.54189275738788
0.0108501359666692 0.0345671014894759 -0.38585392997629 -0.83186741616198
0.0108787300146222 -0.003082185475304 -0.859214379703293 0.00698409596721472
-0.0388715333940237 -0.0248520286395821 -0.2199344014093 0.641922455089613
-0.0292191472697484 -0.0112749820442118 0.286499507470343 0.37431246472752
-0.0227966791641347 -0.00418363580342007 0.237562558359253 0.00258905482019085
-0.0269290737724318 0.0210297192678728 0.00645428111008433 -0.20742869053609
-0.00921495308059709 0.0133066269953104 0.0182501675197099 0.149788716208036
-0.0292075510369826 0.00642946580383177 -0.161902611107054 -0.0409907199493554
-0.0226894465599871 -0.0285062197086454 -0.249107824240316 -0.354393762961486
-0.0129571260972249 -0.0569270087655707 0.274212566905626 -0.478245890240691
0.0374641915172738 -0.0279300829568405 0.775965457415082 0.0860937503352964
0.00671399891340902 0.0547275334420945 0.33711617679561 0.80753130863037
-0.0443918145102319 0.0222629859060318 -0.311179500241299 0.5557422059022
-0.0391674806077955 -0.0012123834138663 0.0181612387759104 0.0772143675313544
-0.011822247752761 0.0272894000105537 0.302598909054656 -0.53178716367667
0.0105560925833601 0.0337861087299174 -0.391181802211817 -0.822170234234834
0.00562856106849774 -0.00266995791637658 -0.8588258319145 0.0171846156473638
-0.0394629943641132 -0.0219203492255569 -0.219087014452303 0.645183166799734
-0.0229248333227316 -0.00610918576971971 0.29066858392154 0.374267970535361
-0.0171492299164075 0.00107803388031029 0.24226621107981 0.00269332542434087
-0.0250328067707342 0.0238868253791795 0.00878880113310677 -0.207955799208072
-0.00583390337186484 0.0136936923225454 0.0186765155476491 0.149859213555675
-0.022321013407326 0.0105861806322048 -0.157993097650108 -0.0357389480163238
-0.0161161186412384 -0.0205510864747156 -0.24709767642012 -0.351860903360165
-0.0147478105485263 -0.0504359979145126 0.266295053029354 -0.478933425470534
0.0315038431618532 -0.029368824063411 0.769853549792131 0.083864929377097
0.00833566744426463 0.0501592016222265 0.338307084748041 0.808997610162795
-0.0400887869245933 0.0220144462281808 -0.315116189092693 0.567757929478918
-0.035981129114602 0.000454059957285326 0.0103942403900677 0.0848926058968373
-0.00777651532909118 0.0266736667027307 0.304130107181309 -0.521092734822893
0.00976853270693779 0.0287526504410303 -0.386163124235911 -0.816758757350624
0.000114242550213191 -0.00358103740090607 -0.863880468620945 0.0121668810089547
-0.0385654374021756 -0.0164929980647899 -0.227161372632818 0.643679683262206
-0.0154889194559234 -0.000129814554923568 0.290523136958164 0.375774446887122
-0.010593340639459 0.0066119131234228 0.248001794541622 0.00524400460329809
-0.021209532402328 0.0249002322587715 0.0103823763374204 -0.206489921067409
0.000515941796671137 0.0124548096295899 0.0180642239250236 0.152457203562728
-0.0159545837734471 0.0156010158690634 -0.154881612924942 -0.0301991401130004
-0.0100069411069059 -0.0109459963612799 -0.248819386264311 -0.349998844895148
-0.0155403368020818 -0.0431955497531537 0.253626652793199 -0.486859610364747
0.0253956551229259 -0.0318785766930003 0.763902356423679 0.0665863371618678
0.00916262558318554 0.0412411384260353 0.355116605575699 0.806058652633416
-0.034595489616056 0.0184495449803381 -0.307464544319045 0.579407915397317
-0.0306245500338073 -0.00214783383922301 0.00558468491758616 0.0929208621831377
-0.00226758617328193 0.0210114984050845 0.30665073219885 -0.510666800400966
0.00877418766072559 0.020393496720887 -0.373461499412539 -0.82049613851685
-0.00541490709788216 -0.00389894127854152 -0.871374277924314 -0.00470150878613977
-0.0377931157846863 -0.00915580374412322 -0.244206898235244 0.63843839063354
-0.00980321122795011 0.00816397621904923 0.288860396722016 0.378352448945618
-0.0030859177830893 0.0111941928436246 0.251824358914527 0.0114902790217305
-0.0148345661758283 0.0243361509931229 0.00892634782868918 -0.203107614714868
0.0058687859119279 0.0108200801305375 0.0137062587855607 0.154772557702209
-0.0102018821305975 0.0189107755048564 -0.153532154788458 -0.0224691288520114
-0.00536917941622723 -0.00153625065633455 -0.254711194823855 -0.345798605703936
-0.0151831317583007 -0.033454558712171 0.236838445160719 -0.498052886559378
0.0184503941706485 -0.0353806050492441 0.759774490787608 0.0416351655716796
0.0103213152253998 0.0306071362897471 0.374615484835123 0.794321119337189
-0.0280967397842948 0.0111805292880088 -0.295496080796445 0.589213968771073
-0.0236944120275695 -0.00629659191183768 0.00252553841899583 0.100073749176292
0.00245859316587436 0.0126893229468518 0.314621534987329 -0.499987497811253
0.00805897136589884 0.00961646620769034 -0.351666309905824 -0.829113345322755
-0.0108795139565194 -0.00540457062933964 -0.872855177569115 -0.0303494588689571
-0.036600626964055 -0.000359637602016552 -0.262152919153173 0.62658997846594
-0.00436151911547283 0.0173932851383877 0.280500742469979 0.381576710020461
0.00231062726776031 0.014382627192541 0.254731297826778 0.0188704380045427
-0.00871662528325256 0.0222301273994781 0.00628981739361243 -0.198524392789832
0.0128923767284294 0.00776558247326888 0.00962649343241134 0.158884363424867
-0.00539839591547888 0.0196568591020062 -0.153049873760114 -0.0136832168946938
-0.00226410408904691 0.00647992157078179 -0.2626368226232 -0.340736645902537
-0.0144740042977174 -0.0246821983646703 0.219183184698354 -0.511005250241164
0.0131665020419318 -0.0381418191377757 0.756941473953672 0.0100419607140971
0.00864650650488919 0.0178980560482618 0.400122413413643 0.778643999897167
-0.0210230110235183 0.000801386432314749 -0.280566438830685 0.596399357916192
-0.015937920343259 -0.0150515106270505 0.00281309096197467 0.105346651927675
0.00814509166506593 0.00247004270551578 0.329810472292516 -0.49333731856197
0.00712974440022096 -0.00184268384325714 -0.32258439540084 -0.846803336411135
-0.0148895178360774 -0.00758884245457927 -0.877190339263936 -0.0661732176835162
-0.0347421725419642 0.0072163599590688 -0.287643526526992 0.615019770729978
-0.00260000093387461 0.0258470305699916 0.271857918077131 0.388625193820174
0.00578710098441679 0.0152653023256023 0.255567341257568 0.0281427968736586
-0.00121090659118415 0.0185550517118459 0.00132071213968584 -0.192589989573782
0.0175860741919422 0.00387039890746689 0.0042397031300332 0.162909695113341
-0.00354242124174676 0.0188533489606601 -0.156188932015799 -0.00684868126078345
-0.00151960718913489 0.0120200108707519 -0.269206003365363 -0.335466457656743
-0.0128490535457363 -0.0167278429141139 0.201955718467768 -0.522764638369507
0.0104464896500991 -0.0401171966827576 0.75215540348279 -0.0237438779577744
0.0077019793162175 0.00759709608261918 0.425885936527244 0.756855763007651
-0.0160565129530487 -0.0105719890808496 -0.261981524475176 0.596549884141274
-0.00969862647687296 -0.023957888836123 0.00571519527354337 0.106724281716946
0.0136172391647077 -0.00826685334307639 0.345915236488098 -0.48798321425132
0.006634574412326 -0.0116729417058436 -0.294481343686449 -0.862038763802011
-0.0165566485792447 -0.00991406202267872 -0.87588567523617 -0.100645777124443
-0.0337860510091668 0.0138364178815565 -0.309014189875139 0.598714517103412
-0.00292119224543633 0.0323294097971076 0.261871216064566 0.392862957969624
0.00658754026390089 0.0152783147508281 0.254533446974105 0.0363327959261436
0.0044010818094416 0.014129393511475 -0.00263308800057809 -0.187873332768077
0.0213058234945918 0.000302398754194955 -0.000760614962341785 0.165760917379778
-0.00491623309108104 0.0152158892945964 -0.159263805862767 -0.00036586977188289
-0.00317921661958161 0.0136730883102908 -0.279211523171161 -0.329731174178204
-0.0113923681575906 -0.012870288351487 0.186249432280259 -0.533911111759001
0.00873340425877089 -0.0414151565739148 0.75203923099446 -0.0532321529110846
0.00640924376891651 0.00079662063278579 0.448495390817583 0.734861173546503
-0.0133990877683854 -0.0195212704213502 -0.245536032910114 0.595493417221497
-0.00421799005419993 -0.0334219166674892 0.0119109709099961 0.105027454457303
0.0163927226300686 -0.0179895292013093 0.361548485936024 -0.487794947396787
0.00695383050411405 -0.0198673796135494 -0.268295889550812 -0.882636490042304
-0.0156505944787349 -0.0118512356280781 -0.874581855953686 -0.135638872056488
-0.0328417468000248 0.0178646674863436 -0.325968140341201 0.584785655094498
-0.00612255462177525 0.0359029408026176 0.251959475510548 0.396615890589237
0.0046015753633719 0.0133351584879489 0.251471056714877 0.0435055987311213
0.00782833912697616 0.0108289502518728 -0.00779019711070802 -0.184224118927773
-0.0153023433248875 0.00755046503484536 -0.0137642327013479 0.150717757280262
-0.0322640624544332 -0.00715995541158422 -0.15841104671864 -0.0749389355121528
-0.0155909475769495 -0.0367498339821459 -0.172143308497414 -0.393715841283477
0.000980580304780239 -0.0512062269561927 0.36480312178234 -0.415278550478698
0.034170609453145 -0.015070924331827 0.745255371785117 0.229777445864742
-0.0076532488554401 0.0489603874752156 0.171383085418771 0.852370397086604
-0.0460841055180373 0.0102869024940608 -0.420233467276396 0.472545191495996
-0.0376886464157687 -0.0140922377830943 0.0104460901560549 0.0722468236156161
-0.0190165774839118 0.0217972290905307 0.418417084472293 -0.461014136549878
7.58646434783593E-05 0.0382845264717822 -0.194627710648203 -0.888598372159694
0.0109315258726179 0.00113635667340559 -0.835247604310462 -0.175492807420254
-0.0271805240315066 -0.0286985153181617 -0.359438083412923 0.578505038519756
-0.0226109592480757 -0.0176737134251415 0.205121235748789 0.431456406163419
-0.0199200543966193 -0.0105709931203057 0.237489342954063 0.053545801665407
-0.0313196608326097 0.0148161277618924 0.0548611695855228 -0.207242447302118
-0.0135839289047514 0.00996470402087527 -0.0118856087990596 0.150717232661731
-0.0276078960000983 -0.00148653809855844 -0.152619014040254 -0.0722600102186483
-0.0107929719008279 -0.0311243425511086 -0.167063417596093 -0.393864532980288
-0.000768635239225098 -0.048648420879744 0.366777943810154 -0.409941900714059
0.0302505925468919 -0.0162400273874162 0.738167813375903 0.240642155321294
-0.00619142639308279 0.0479796270969026 0.159560881803778 0.863118270368966
-0.0455128094597679 0.0140781569582967 -0.43156318313745 0.479955924387592
-0.0387495099948473 -0.010107829918407 0.000312143442904127 0.0788342822867187
-0.017994401218316 0.0254316293232322 0.410392681893311 -0.45337205994601
0.000589807386712 0.0366334949477883 -0.197571299209445 -0.879655716303718
0.00639372171297335 -0.000402129878720396 -0.839382901876204 -0.169803490274893
-0.0279448228285468 -0.0255812604317748 -0.358844497293088 0.580956835923875
-0.0167115367835438 -0.0120334114587846 0.207043449602769 0.431642747335606
-0.0165648877213537 -0.0045141061698212 0.242866683412562 0.0549116492477465
-0.0304150103408924 0.0181955362154378 0.057063553824516 -0.20740253405058
-0.0102225751144907 0.0108831695942078 -0.012528591234955 0.150881152780258
-0.0216656791003383 0.00494321177143951 -0.149119762606464 -0.0683346029874284
-0.00635886168887848 -0.0226759124084482 -0.166213315256736 -0.391478350067807
-0.0025734576891517 -0.0436031341660553 0.359382527426621 -0.413294970576582
0.0250514741214687 -0.019064527753508 0.733151750728174 0.236006991058753
-0.0046957843572152 0.0442269166204476 0.159358075338776 0.865346542197951
-0.0417874379655834 0.014714763324395 -0.435275919512594 0.489807296064295
-0.0359289552491234 -0.00791373298189426 -0.00782967780497442 0.0850687993048557
-0.0141197703142433 0.0246866521699487 0.406304007448535 -0.441884498344068
0.00130537373521392 0.0324587274153091 -0.19343351219148 -0.874094257059962
0.00159536373958373 -0.00212728661178374 -0.843647244935941 -0.174051763903549
-0.0292589285164053 -0.0206137113864076 -0.366011967158165 0.580174864613367
-0.0123311422157957 -0.00300475926531694 0.208660882506823 0.43295051693333
-0.0114970526811144 0.00313471966674897 0.247151925001728 0.0587415573546723
-0.0260563177636466 0.0202236196477657 0.0580604592562729 -0.205662484859081
-0.00513321476911522 0.0111943173626847 -0.0133970187448417 0.152245851106434
-0.0160382010918329 0.0110119364293346 -0.146921625081676 -0.0615750561652947
-0.00190874829228512 -0.0118399636597174 -0.168956210241729 -0.389941301752595
-0.00452066987548971 -0.0365595471328533 0.34769488055188 -0.423118750411727
0.01992670888746 -0.0233657920945477 0.732770619372319 0.218762968870378
-0.00256508727845912 0.0358138013158642 0.175795814613182 0.866722935343286
-0.0342332226198476 0.0126635713122479 -0.432491695523466 0.502474896622157
-0.0298187830549297 -0.00856146111717676 -0.0145728752900114 0.0916024941939703
-0.00847314851029212 0.0212042163588647 0.408073590723885 -0.432683501379621
0.00174039451711 0.023280941623914 -0.182364977912889 -0.875695353129204
-0.00402604798737028 -0.00364894138123239 -0.845311572843082 -0.189674544060458
-0.0300850220003652 -0.0134354587401314 -0.3806696459389 0.569438029969284
-0.00835025874426874 0.00637554094139341 0.204706753161051 0.435182476376456
-0.00512384498744927 0.00891971013294798 0.249743847035571 0.0656845089295984
-0.020340337386933 0.0209333364094048 0.0557467847424378 -0.202291630061671
0.00178769630749203 0.0104864449277271 -0.0170758594349121 0.155174605082031
-0.0113495864829106 0.0146940335660195 -0.148013089587583 -0.0540881453528254
0.000764109430810231 -0.00164749637342019 -0.176186214911163 -0.387798603766753
-0.0063236989273657 -0.0280604857384353 0.333113886594206 -0.436584378816676
0.0144595573026214 -0.0269204033045786 0.73407360125571 0.194376789822458
8.28370963208806E-05 0.0247859899531156 0.19864461019175 0.860183355069267
-0.0267477650314723 0.00654519062186419 -0.423011551274838 0.514308464606297
-0.0226791433949525 -0.0131485562635058 -0.0193935759426023 0.0985171044215497
-0.00091910143714231 0.0138875860214137 0.414546401379005 -0.4193691473464
0.00320039898141094 0.0127069606473968 -0.157904763450199 -0.880205325937865
-0.00813070785782149 -0.00638548930794867 -0.844556868274756 -0.217488987768873
-0.0308048339159801 -0.00447025802306155 -0.399636938682517 0.556615859929439
-0.00567564078584967 0.0168640754462483 0.196850675698732 0.439568953653791
-0.000534194916530982 0.0134560612210722 0.251420049972813 0.0735437270794377
-0.0130243772081187 0.0196384227462393 0.0519809730702696 -0.197792356026788
0.00892780324930947 0.00827688184761344 -0.0224398909136205 0.158286361173178
-0.00784866894935163 0.0160427162879564 -0.1490019095294 -0.0443157706329869
0.00233250766653921 0.00654208824705188 -0.183563074525236 -0.382252625925917
-0.00756109641342089 -0.0181849867241537 0.319585582591346 -0.453778794337384
0.0102998307682995 -0.0298869797308517 0.736002357415127 0.163331482290273
0.00210591350073949 0.013131861760591 0.228963651743426 0.848286696822494
-0.0178652413302443 -0.00266754650076934 -0.408354006519588 0.524196331185659
-0.0128699674005487 -0.0186716914198622 -0.0206079159405707 0.10341987361736
0.0066464329417788 0.00482856594961638 0.427275084939809 -0.40847058465832
0.0049752933180428 0.00165002711404347 -0.127900571886547 -0.888433012392644
-0.0124642690403916 -0.00951165617680125 -0.839413283901115 -0.253271617282391
-0.0319478721975077 0.00324170329138593 -0.420510223112262 0.537945320891455
-0.00557195875963767 0.0256339031495725 0.185899636343905 0.443425343987787
0.00172494354652762 0.0157324316559961 0.250523772974417 0.0830378120347388
-0.00518495081152468 0.0185959000600348 0.0461864118217723 -0.193376841299659
0.0141555482597697 0.00633572081871764 -0.0281546785071192 0.160059321342348
-0.00561046395024482 0.0153164883607698 -0.15325677894942 -0.0387050519104298
0.00204229722955147 0.0119842617974311 -0.193556759137975 -0.380309415167754
-0.00717503207505019 -0.0114235108137738 0.303621545548662 -0.468740296808556
0.00750592435634891 -0.0327363615088126 0.739054236574053 0.13000870317241
0.00347297745318959 0.0034024152950223 0.258713378916555 0.833533313336371
-0.0103802093172041 -0.0128734962058934 -0.390642455081258 0.529550067746637
-0.00405738390092932 -0.0261721287153499 -0.0171961027149762 0.104642919294268
0.0139076103329302 -0.00438266833269279 0.441899841286663 -0.401474331945885
0.00682404225982742 -0.00868783162444968 -0.095647314120488 -0.901005158794824
-0.0138277092559899 -0.0117198910242758 -0.831138962299033 -0.287626825837656
-0.0317540609679777 0.00932602212066524 -0.436546473758787 0.518731280354237
-0.00757009870544375 0.0309498404946715 0.174681564666277 0.446448938961437
0.00403860852626322 0.0154123508850329 0.247776348293731 0.0914622426446989
0.00085031960111138 0.0165022140021455 0.0414935083551065 -0.189498990637113
0.0186636226403456 0.00300213263668465 -0.0329578285224772 0.163506009733885
-0.00599579251270812 0.0120866309813917 -0.157363278228728 -0.0330751421533081
5.73681815243762E-06 0.0130234278690867 -0.202838135355203 -0.377502532128066
-0.00593156189031499 -0.00690335850573972 0.291424368560926 -0.482469120594737
0.00762375091095995 -0.0334840208948756 0.743662770736926 0.0996685707255151
0.00270414946723733 -0.00385441639250504 0.283803968806765 0.81615636132311
-0.00633326828284514 -0.0205059539305171 -0.373268825866462 0.532038715842982
0.00195068940142654 -0.0332479843545163 -0.0117815456605257 0.104480632087478
0.0190029429473705 -0.0136684055990657 0.455550009522531 -0.397051245443221
0.00805480298909067 -0.0152008314179404 -0.0663373473532006 -0.911765091395768
-0.0118683713086228 -0.013798846283482 -0.822832211374705 -0.320556379225118
-0.03169754040901 0.0136138687158393 -0.450471189931366 0.50055112473104
-0.01194766395609 0.0337665895945518 0.1642892971003 0.447689507716113
0.0020495893349497 0.0125194927067355 0.24216501638063 0.097661967108759
0.00520430480205366 0.012436416305718 0.0354745544769555 -0.186746513357591
-0.0153894047101698 0.00772034559427508 -0.0129623990677612 0.150042738868339
-0.0316613397582174 -0.00620061543279849 -0.159431443574672 -0.0741368162127329
-0.0161199546099047 -0.0357218364193429 -0.173855582309509 -0.392407295516628
-0.000296838355254336 -0.0502513654824106 0.363565343896 -0.416115507260673
0.0342520218186363 -0.0151283112029785 0.74426607911822 0.2263904784601
-0.00688345661187526 0.0491294695145855 0.177368439976935 0.84913143123973
-0.046407243424226 0.0102408530515182 -0.416135330330862 0.472646377123728
-0.0384239183587817 -0.0145250891544029 0.0100449018194269 0.0720875300884835
-0.0196710374900453 0.0210645081476498 0.415473915127501 -0.46303203451905
0.000928812993751027 0.03779083334405 -0.198730447057656 -0.885421496033609
0.011135277753962 0.000987834764815246 -0.834541555792021 -0.172111686299009
-0.0268509002646779 -0.0285144668558959 -0.355333837382791 0.579482447540354
-0.0223537023466849 -0.0172964689036078 0.208204162799531 0.427966771321693
-0.0212642179693505 -0.0107350057608467 0.237875872650951 0.0522822102399352
-0.0310463437832608 0.0161817715389408 0.053149639483458 -0.207642591720516
-0.0137630171291765 0.00978107176975382 -0.0107813320272223 0.150360480716053
-0.0268472066480278 -0.000562718787342325 -0.15409894075572 -0.0727320437702488
-0.0110535170308153 -0.0304593089827151 -0.16927168695383 -0.39221876728399
-0.0017406169483493 -0.0485714345160139 0.362433673521757 -0.412302202900876
0.0300739967893203 -0.0160185854595414 0.73709774366326 0.23596582383218
-0.00587279867934633 0.0484947024915036 0.16397588242579 0.859425662505516
-0.0462978916244999 0.0139863496802738 -0.428061852054794 0.479681524502113
-0.0390291493162341 -0.0100302970275372 0.000538405576265439 0.0775736339247115
-0.0183652724739577 0.0250242365212556 0.40596361742705 -0.453873142070099
0.00094149379476895 0.0370607547336326 -0.203241398806073 -0.876606624514343
0.00650806351872203 5.51159193996134E-05 -0.839316985946497 -0.163794696238872
-0.0280121917784001 -0.0256365860362784 -0.353847205304951 0.582863666332161
-0.0172238867312952 -0.012160867243915 0.21142733419403 0.428956266072346
-0.0172456109417954 -0.00398149739822344 0.243119725055255 0.0524189860827145
-0.0301645108414689 0.0188424942108134 0.0560688993853335 -0.20755969471431
-0.0104802808821579 0.0113067413862237 -0.0111368195396857 0.15054803242704
-0.0212831338701159 0.00545407451530949 -0.151015421951062 -0.067870620802526
-0.00642630268719338 -0.02207102059619 -0.168839956954144 -0.389818929581346
-0.00333950516971075 -0.0435752261670836 0.355136502148989 -0.415191163831625
0.0256106408220709 -0.0192374207287044 0.732108461310302 0.230724657449261
-0.00436174197577766 0.0438059063318342 0.164135399819079 0.862146152275821
-0.0411784982736964 0.0155284077596026 -0.431168226418481 0.490179585501341
-0.0366051699564124 -0.0083758013490633 -0.00791588946913461 0.0850187596589783
-0.0143159840034628 0.0249509264614578 0.404017732218175 -0.444145237801228
0.00114575280732853 0.0322159355114911 -0.200861379116414 -0.87116991860415
0.000766395281413597 -0.00150182633081073 -0.844208724718946 -0.168751114833263
-0.0293778177646082 -0.0206677474252478 -0.362088817545996 0.579682349590398
-0.0125498470446602 -0.00353168145577744 0.2104905088246 0.431356725424453
-0.0114425817299748 0.00323799650189546 0.247268236705967 0.0572069884963133
-0.0262604697305252 0.0212883659566767 0.0564456434481284 -0.20472963777675
-0.00472690259737936 0.0111696741653004 -0.0122970837582521 0.15294335219274
-0.0158164326624631 0.0110747809870155 -0.148277751310317 -0.0608129238607209
-0.00257182475589704 -0.011543207360013 -0.172614238739956 -0.386930762072488
-0.00578224674944008 -0.0363534538461198 0.343649019673011 -0.424842020322699
0.0201064582375093 -0.0230605095897522 0.730815388276669 0.21542498659838
-0.00202530900924884 0.035220953988353 0.179687739377081 0.863673850758291
-0.0351130352512705 0.012179399896801 -0.429022994780443 0.503123422584451
-0.0305608817428013 -0.00896383193510916 -0.0146488346722595 0.091738611549527
-0.00833749021397768 0.0210970231137842 0.403633705899512 -0.433317236555898
0.00234909563848744 0.0236782866199375 -0.185510511548487 -0.873291320742324
-0.00481918148055273 -0.00315311780078159 -0.843583206881888 -0.183753047555935
-0.0304171413301339 -0.0126860519074562 -0.375829945740282 0.571490293174913
-0.00786345525757845 0.0053401452577835 0.207029418849771 0.433505820833335
-0.00605187243213916 0.00900954831730954 0.250354985604955 0.0630159603495466
-0.019948924798118 0.0222419383857364 0.0545629954152606 -0.202242525875565
0.00125528743932133 0.0110955635147345 -0.016494857836699 0.154685099651179
-0.0116470057079179 0.0155203208961076 -0.148477005097778 -0.0521050545938182
0.0002986481416471 -0.00127214023700803 -0.178983320913599 -0.384277197853093
-0.00751651558171122 -0.0276050000361197 0.329842191370793 -0.438298365928398
0.0143584847188821 -0.0274719101144092 0.732045855040165 0.189463846306913
0.000487881211050544 0.0256379862174617 0.202872298047277 0.854866853096058
-0.0266823196705395 0.0062718808339683 -0.41838551832719 0.514309930606995
-0.0229744221862753 -0.0126483803006135 -0.0188330492201873 0.0973217488104891
-0.00153593367440757 0.0133227574547114 0.411418779676666 -0.421384460121411
0.0031462759638366 0.0132233356264661 -0.165400771558792 -0.876943169744683
-0.00815904258195315 -0.00615058240404182 -0.842692441457547 -0.211449895894132
-0.0306852036200795 -0.00442074705760861 -0.393901198106281 0.55711921743437
-0.00549217526931405 0.0159943097768262 0.197428139690425 0.43792089037529
-0.000998659825310897 0.0131017650164475 0.25167026128526 0.0723515467050796
-0.0131067349016644 0.0208491185389313 0.0498618851756733 -0.197700528959763
0.00791166957844406 0.00848882380374763 -0.021521030531757 0.157898529284026
-0.00797541269539806 0.0170996104593124 -0.15022022112235 -0.0439089188121164
0.00189871530309533 0.00714939471432528 -0.188314033232607 -0.381063240511742
-0.00812315454424651 -0.0183337312843262 0.314575440977026 -0.45557103559699
0.0100501499057156 -0.0303467493869042 0.735522303752289 0.157837332874684
0.00255258835680819 0.0139168476869389 0.232099988429416 0.844129677106559
-0.0180649517117095 -0.00200779430041258 -0.404917750849295 0.524915397709005
-0.0139161752544544 -0.0189580508407524 -0.0198742501440401 0.101696468776048
0.00609021066243901 0.00426035713247612 0.422864365065029 -0.408439995555665
0.00459060200646296 0.00164473160298775 -0.131679306923369 -0.886695831987382
-0.0123830310500786 -0.00900761135123369 -0.839145314052172 -0.246925513658899
-0.0315366065089365 0.00309596524057455 -0.416302255088248 0.539198480001133
-0.00540260337711579 0.0251499669963605 0.188738325064218 0.441087079384504
0.00231173211038123 0.0156053246319617 0.2506876374235 0.0810076945860002
-0.00517435273310902 0.0194219121383199 0.0450985935244865 -0.193881111477061
0.0130029784322914 0.00610276278021352 -0.0272845980318092 0.160700502907101
-0.00567036711512915 0.0160803243644354 -0.154221551033453 -0.0370914503636165
0.00153667363263174 0.0120949570191514 -0.195499513482125 -0.377641116558309
-0.00640831711185358 -0.0108940964897054 0.300951893072083 -0.469774130228029
0.00782043130976201 -0.0331532133845437 0.738478949789923 0.127069561429162
0.00276889474137093 0.00352759955763062 0.26238930383395 0.827913197385701
-0.0115370044288919 -0.012089423812766 -0.387654974342041 0.530849354557872
-0.00493018185551717 -0.0266511288046243 -0.0166237648347905 0.104341764164736
0.0138822484245422 -0.00545492798282583 0.436577786353575 -0.402051296087098
0.0064089641527433 -0.0086889573557638 -0.101614223203264 -0.897460966235106
-0.0133106308870699 -0.0120761650919266 -0.830879328567055 -0.281422375090544
-0.0309719464756072 0.0101844545702452 -0.432719469224015 0.52000383043239
-0.00666957499528034 0.0315588707530295 0.178351009033637 0.443918647074446
0.00342303524031291 0.0158189613343496 0.247847733544281 0.0899756212424141
0.0015700503317249 0.0160396104820044 0.0391424585977329 -0.190035153338335
0.0178919973026054 0.00299601356309507 -0.0320893728868416 0.162775271164522
-0.00597089289195142 0.012652286085952 -0.157538885292404 -0.0324557663129962
4.61432426986266E-05 0.0136391277197974 -0.206018760653672 -0.373643145684606
-0.00670752037043586 -0.00591240201109165 0.285989309916397 -0.482805696525457
0.00656781317301169 -0.0334911263353799 0.743928794899775 0.0946306680573788
0.00358043819950687 -0.00334711959348922 0.286748333698932 0.811374109563998
-0.00707445392133411 -0.0213038440825883 -0.36836249973565 0.531510124883294
0.00165986879300447 -0.0337182321038575 -0.0113011986432211 0.104152079551358
0.0180965321372107 -0.0146017622599535 0.452631817640083 -0.399135003285471
0.00800092284293033 -0.015396147679921 -0.0703095205260755 -0.910689350674602
-0.0124619186345619 -0.0141941427092849 -0.822370771631501 -0.314977396990606
-0.0313675984530829 0.0141820866636282 -0.445683201005944 0.502296172896461
-0.01201810907181 0.0343624407937578 0.168454123287088 0.44671841221967
0.00246150888404748 0.0124652766594711 0.243768859366051 0.0946010105934977
0.00507086901486032 0.0132829016621589 0.033529816658276 -0.18694460778443
-0.0147713553485981 0.00760957859501041 -0.0125321504747379 0.149897717914695
-0.0320293616673652 -0.00516780789314441 -0.159922546744945 -0.07283268992364
-0.0163500832099488 -0.0354208734740804 -0.176462972953175 -0.390367900667722
-0.00112473518039683 -0.0508447049911724 0.357323294275382 -0.41756072292183
0.0339777179599923 -0.0156542013710219 0.744021361154085 0.220475590378449
-0.00698949123295506 0.0496445305650315 0.181535982364513 0.845412029773792
-0.0471438650996868 0.010683812343901 -0.414119155825855 0.472378695390455
-0.0393968206093282 -0.0145711707772178 0.0104106495507128 0.0716633075195104
-0.0189435085644323 0.0207678778097787 0.412067201499824 -0.463339902732439
0.00145664631164444 0.037962268639689 -0.203073205466176 -0.883352960448591
0.011403581744379 0.000873999292763383 -0.833248650080363 -0.166013046833013
-0.0274509588005004 -0.0281668766429741 -0.349777719317649 0.580626270652933
-0.0223693042134672 -0.0176004478356324 0.209195613800179 0.425968839452818
-0.0219809420235922 -0.0105621563039651 0.238172874572199 0.0504068770173004
-0.0306689136764259 0.0163990804724086 0.0522917716204833 -0.206611237256675
-0.0142030242406458 0.0095768828294333 -0.0100617292328995 0.149359222664165
-0.0270049178078104 0.000497518192807526 -0.154780010911176 -0.0721744612317107
-0.0114620113996502 -0.0303348809375784 -0.17387017417832 -0.389546853151142
-0.00207403195501638 -0.0481723574006036 0.357607883130413 -0.412355785391605
0.0300054988256219 -0.0169684897432625 0.73552115089967 0.231412915460212
-0.00626554864142537 0.0485100162895002 0.167825926353693 0.85619582797929
-0.0464031466678307 0.0145601897412057 -0.424377942351714 0.481294307360071
-0.0397620382878785 -0.0102004586509729 0.00109668610001952 0.0775631917982313
-0.0180049396273633 0.0240918329004725 0.401949025882487 -0.454518863891665
0.00133629958015997 0.0366036638248819 -0.209488152970367 -0.873017487151087
0.00712788263628037 0.000690754293075736 -0.838187840852997 -0.157609183220083
-0.0284375398629939 -0.0248202690165764 -0.349591678653759 0.582718475565344
-0.01721996722876 -0.012332543900392 0.213137560714718 0.426422599110516
-0.0174742058252044 -0.00336914115875879 0.243517069519554 0.0511694131464241
-0.0296111869478753 0.0195987710227279 0.0538412386279511 -0.208277163227378
-0.0103779552096567 0.0112347224839118 -0.00965344116863464 0.150564182221666
-0.0215071703374926 0.00657600015019735 -0.151273984995606 -0.0667082932873508
-0.00707248043358137 -0.021155327301473 -0.172829927730367 -0.386792629362459
-0.00397155434518485 -0.0430095165905146 0.351623025312351 -0.41653841336195
0.0249634498955224 -0.0197408141113763 0.731182312062065 0.225658914652105
-0.00374961044398394 0.043502961195299 0.169717696949682 0.857618295894983
-0.0411631965025484 0.0147280854740618 -0.427608269123046 0.490396244290488
-0.0369696933234311 -0.00799174434920796 -0.00774748626796476 0.0840233076953505
-0.0134115479040548 0.0240286944211488 0.398999553612564 -0.444154461472664
0.0019080543338562 0.0312416536306699 -0.205450389834066 -0.866727679501223
0.00235134293490034 -0.00103976094911996 -0.840532016653758 -0.165414839122425
-0.029324784525725 -0.0199339954821899 -0.3572613582326 0.580241780412424
-0.0119935687642516 -0.00373104950898818 0.213795028134426 0.428606984414279
-0.0125244818024221 0.00296000063530851 0.248816121394975 0.0553160378440358
-0.0260353011801374 0.0217467160350009 0.0545263935835612 -0.205535674122215
-0.00520583840336816 0.0120155054475486 -0.0115152254105294 0.152519155039575
-0.0157989448240964 0.0121703621565185 -0.14916479014544 -0.0600989276695795
-0.00294588008653541 -0.0116202120234984 -0.176122859468766 -0.384350514865597
-0.00641887962556307 -0.0361470634033012 0.340498441183611 -0.424969910309855
0.0192571044936539 -0.0232715656425988 0.729797621370757 0.210285347196364
-0.00159249538173338 0.0360299023600827 0.184319710676696 0.859269136527128
-0.0348869503358663 0.0121582937301738 -0.424207421862678 0.50270455989574
-0.0313976445816799 -0.00885652644316056 -0.0141596740379868 0.091070001633856
-0.00816311190477992 0.0199344061582315 0.400839675253457 -0.4341394259479
0.0018928870057235 0.0228418792505055 -0.191167990132924 -0.87045651513693
-0.00328673936343317 -0.00356099405267614 -0.845140813742063 -0.179957915118533
-0.0304334823277335 -0.0127001500536041 -0.371720388914355 0.570600406793882
-0.00811127382458416 0.00613481474555594 0.209443225669488 0.432294381846266
-0.00543098049918221 0.0092669357446549 0.251293457908642 0.0623206344173586
-0.0191817732546352 0.0229463373352447 0.052731638634677 -0.202322900227037
0.00147872161542689 0.0102512435421394 -0.016045034991084 0.154820600823293
-0.0115099322632602 0.0152927436227553 -0.149458647415953 -0.0520634469998681
0.000478874804673638 -0.000711573159627328 -0.180810032700717 -0.382560098300453
-0.00790790294931779 -0.0273799670605452 0.325345638054094 -0.437274819001138
0.014141059665436 -0.0274823647003992 0.730887074256481 0.183466664423898
0.000651250503371011 0.0256897318704688 0.20717055337663 0.852117493142085
-0.0268571613077355 0.00622405115834254 -0.414982281557882 0.514985671426688
-0.0240102222449461 -0.0131284270283119 -0.0188555630289617 0.0970775042366611
-0.00129437241005553 0.0126985896060898 0.405201093942941 -0.422077780057014
0.00366345170682529 0.012940447707222 -0.169925109619983 -0.873064185850765
-0.00854483738913905 -0.00620398675798382 -0.843258619149772 -0.205287637549965
-0.0303716960447474 -0.00399914916845456 -0.388965944773856 0.558848448705479
-0.00533166533596562 0.0156358868494001 0.202792645897927 0.435361176724387
-0.00144206312131087 0.0137847288919864 0.252862299921543 0.0703032016942362
-0.012887425427074 0.0211536374231815 0.04868825151524 -0.197824814774182
0.0078022795560305 0.00878336475961464 -0.0204711627864595 0.157574466804093
-0.00706640787965809 0.0176311069545355 -0.151211718437139 -0.0440771374772504
0.00149490988494562 0.00737901019296863 -0.189380261602892 -0.37924285060963
-0.00840427531354892 -0.0183923656720271 0.311366867539645 -0.455015474427915
0.00923861928948569 -0.0300844513744377 0.734053960832864 0.15280666810037
0.00211724809767872 0.0143858041845058 0.236034386330125 0.840600691402554
-0.0186079374641698 -0.00279876169317998 -0.399871344297165 0.526687940881368
-0.0140318619390288 -0.0186693246575436 -0.0193415156471073 0.10117120676814
0.00609830519227237 0.00397616078285881 0.419753948445086 -0.411699616014338
0.00454914202514825 0.00189137042868238 -0.13729761037813 -0.882839549242893
-0.011715570452575 -0.00919813008534971 -0.841319224403128 -0.241908051028245
-0.031705769983538 0.00384401347535822 -0.410545817432877 0.540629650951611
-0.00544512356115651 0.0244560975387113 0.191287109259171 0.438355366291786
0.00203424728156333 0.0157562390248559 0.251367328671552 0.0780877571486696
-0.00472774272272811 0.0200713486384913 0.0435137326975675 -0.193596024472802
0.0134514641781172 0.00589596014258054 -0.0261486878275825 0.160738499353167
-0.00547881425779614 0.0161217818004263 -0.155344583275936 -0.0373747704206598
0.00127911477176165 0.0125161727500381 -0.196934915621007 -0.375473781892702
-0.00714064671967123 -0.0109186445474338 0.295346183551032 -0.469697313754019
0.0063269696074992 -0.032715367102252 0.734698763061125 0.121436548255323
0.00329539542841197 0.00369991828071893 0.265331688476921 0.823527487796403
-0.0123388257140495 -0.0125954133932543 -0.382491740707364 0.528665889781467
-0.00554293655714233 -0.0261971790182306 -0.0174813418111547 0.104027485310034
0.01289382053966 -0.00633499939276076 0.434322627869515 -0.403729448796083
0.00636222778778937 -0.00930024926689946 -0.1076622978817 -0.894411408218632
-0.0136151134969354 -0.0111376887714588 -0.831831976596977 -0.274055099842883
-0.0316672306629576 0.0103135236960497 -0.427465697741254 0.521730579511961
-0.00699042938727727 0.031693940578464 0.181598871006207 0.441424174937035
0.00327102643729347 0.0163605622738293 0.24828837147011 0.0882063769228631
0.000727309385814778 0.0171255894521546 0.0372182251049948 -0.189264631918377
0.0176242835978274 0.00349348664967619 -0.030615326554584 0.163361720226336
-0.00528174020219416 0.0131535636893573 -0.15876735182865 -0.0316623116362652
-0.000668983087335462 0.0143677328364057 -0.209096503302732 -0.370086217518996
-0.0070946109502447 -0.00636989213403905 0.282244111319605 -0.48207927569777
0.00623860624574482 -0.0340135019281957 0.740743602542758 0.0918671198886459
0.00330603021078153 -0.00350900991283086 0.291879469766608 0.806451111480243
-0.00748492294254666 -0.0210938611341795 -0.365493262517335 0.531914273898793
0.000192864204716405 -0.0337175993480033 -0.0110716337835212 0.103199124306499
0.0179897094015902 -0.0140863583888695 0.448372295443029 -0.401106132805257
0.00761457733321638 -0.0160279432751504 -0.0752818414541327 -0.906505335399973
-0.0122750829170115 -0.0127792721489212 -0.823076067056259 -0.311245323486412
-0.0313648367880365 0.0142952134060717 -0.44185538200036 0.505485073046458
-0.0111697439364323 0.0333513044062855 0.17034264305475 0.443810270013734
0.00152401122113138 0.0132609508566608 0.244632533922423 0.0928837544674722
0.00528963190337306 0.0141420895373155 0.0320461886238105 -0.186259930900927
-0.0161529278267053 0.00853489410567593 -0.0107725024018407 0.1502826320541
-0.0320150050688347 -0.00488609326571485 -0.161003428560591 -0.072676487256145
-0.017135140902547 -0.0346598843267021 -0.179488014286176 -0.386558064749134
-0.00131073445227928 -0.050064283427577 0.353794162461071 -0.417590262257604
0.0338021807194752 -0.0157131606751814 0.739932274803764 0.216968694642183
-0.00630090922449656 0.0496948498419166 0.184642524960993 0.840358006024227
-0.0466481432444118 0.0118083843913169 -0.408331280524282 0.473656795745605
-0.0401292592177061 -0.0144691237426888 0.0100917244088113 0.0713933308398076
-0.019315605441296 0.0205343632689004 0.406583258231853 -0.46316405280354
0.000728768761603368 0.0368158237332259 -0.208037610162735 -0.881406380127826
0.0111637999982055 0.000756669370547573 -0.832246262167484 -0.159986166834651
-0.0279735888159404 -0.0278689937991137 -0.344768751860211 0.581278544361503
-0.0226332120424435 -0.0172266097820301 0.212466728296535 0.424575089952412
-0.0222995511565886 -0.00974972260705735 0.238248857108417 0.0491981660759952
-0.031040132521391 0.0178284055631325 0.0498130447128183 -0.20642210219807
-0.0136732450762973 0.0102966569585713 -0.00965993772261132 0.150069144343932
-0.0267119275775635 0.0010321978590375 -0.15616130273867 -0.0706278065246981
-0.011861865137134 -0.0294138316911997 -0.174820388189266 -0.386705798677379
-0.00288303824275885 -0.0474039900329241 0.35455297965467 -0.411595305047614
0.0294835074601789 -0.0165987392342323 0.735490181517201 0.224989071309374
-0.00525438884116881 0.0484015183877621 0.171465896425563 0.85094893383096
-0.0461728665063375 0.0146544184302738 -0.418721896156611 0.482000116548801
-0.0400428157105811 -0.00937428838186661 0.000919190058450227 0.0766264850011199
-0.0175657327575202 0.0238319772041279 0.397318731281951 -0.455156063621073
0.00143288511871899 0.0361568890658642 -0.214166592357556 -0.868478642500978
0.00674731944594905 0.000672617855646228 -0.838166949281758 -0.154479062116474
-0.0284155515321334 -0.025061123647541 -0.342453519253454 0.583012134181558
-0.0180875317318814 -0.0116724992041242 0.21570106111126 0.42409854330619
-0.0182896323316974 -0.00281879897001096 0.243544562475213 0.0490238842897799
-0.0295979886248802 0.0210885372609491 0.0519660705437123 -0.206721036539673
-0.0105006822304285 0.0112918494288971 -0.00880629564989148 0.150066881927621
-0.0209740817218243 0.00693572599450075 -0.151953450112555 -0.0658690706752899
-0.00694214504409516 -0.0209847156135847 -0.174405687560368 -0.385152186453393
-0.00506312536749245 -0.0427529223000732 0.348822479926288 -0.415476400107061
0.0249920444686942 -0.0201174788883591 0.729437957113725 0.221595157903871
-0.00339907939979399 0.0442954609284005 0.174712857661936 0.853776107073904
-0.0419030350563661 0.0152104416632078 -0.42314556090029 0.490343465805863
-0.0372106840067803 -0.00762213528315277 -0.00828039165068374 0.0835202707123651
-0.0140029779958701 0.0238472364940816 0.394761727027537 -0.445704831634051
0.00203947081653622 0.0308490424022685 -0.210132054710271 -0.865124526623126
0.00211474200644161 -0.000453576123827001 -0.840992752284383 -0.158446952880266
-0.0295697542912392 -0.0193486722607333 -0.352078590711552 0.581136252861871
-0.0121398044270032 -0.00370952054779034 0.216413505778906 0.425578374824971
-0.0130001329087227 0.00356075813304439 0.247640879600008 0.0537403180130577
-0.0258496674666582 0.0225032858649912 0.0530233354579415 -0.204852381039557
-0.0049066260677775 0.0116502816751846 -0.0103592766862985 0.152135661940168
-0.0157708167652003 0.0122781651640889 -0.149946067787793 -0.0591618015904876
-0.00308405792347089 -0.0110376715168311 -0.178468416033004 -0.382169448274533
-0.00758225604595201 -0.0354037761725844 0.335274495008281 -0.425308731172149
0.0182834654509481 -0.0235447905957246 0.727929454259414 0.205137566232774
-0.00117358274901904 0.0356460659178147 0.187237278687441 0.855063762953897
-0.0358608162205225 0.0124468584913222 -0.42038422025191 0.503795885093023
-0.0322062543859941 -0.00893523887454259 -0.0145198414312194 0.0909696301917705
-0.00822658449390263 0.0194905934114645 0.395409474524075 -0.434782648589854
0.00279732208356717 0.0228702571981079 -0.197003719979328 -0.866305111176252
-0.0035075377587603 -0.00280433946124401 -0.841690908836976 -0.174588042727128
-0.0302855984027542 -0.0119812944353319 -0.365750097096949 0.572351305364321
-0.00791470373629055 0.00559884987170364 0.21268810624869 0.427843732488788
-0.00697244408191976 0.00916884398203536 0.251330031331878 0.0590434954808081
-0.0195496982060951 0.0227740985603127 0.0513585155620025 -0.201859716285965
0.00193886946391292 0.0101991695983753 -0.0148602921286213 0.153798475057876
-0.0106020350133247 0.016577426829814 -0.149929150462968 -0.0508842245828316
-0.000113708990905099 -0.000141538070200967 -0.184235745981786 -0.379001471666413
-0.00834286139583785 -0.0272335509552628 0.320337815006424 -0.439117322852406
0.0135757404223608 -0.0275798673840673 0.730252399288221 0.179075366753178
0.00150532339681238 0.0258583005596447 0.211356648349809 0.846675351286142
-0.0276502253735252 0.00721933290859381 -0.409227537728578 0.51532665958443
-0.0237631278396741 -0.0127831568921152 -0.018290743738061 0.0966833253476952
-0.00137797613501762 0.0128471595490927 0.402451688727098 -0.422966906468648
0.00356430803899665 0.0122245346515304 -0.172868751768743 -0.86877109387657
-0.00847816591141061 -0.00553439199209464 -0.842161952740661 -0.202096987935641
-0.0310403161157969 -0.003443418113141 -0.38567414557067 0.558726654263985
-0.00526972592509851 0.015592819329233 0.204186175178865 0.431005806209826
-0.00187083627674357 0.0135400612114749 0.252530705526786 0.0683687812593854
-0.012790813980617 0.0218554039636035 0.0471345043373162 -0.196559593354044
0.00693436582542917 0.00885959912966357 -0.0194438181113229 0.157005076905843
-0.00713406952165075 0.018356840057921 -0.151554692761999 -0.0422975996096954
0.00173617559657005 0.00771934994784778 -0.19175128586389 -0.374566332182832
-0.00836690078879068 -0.0182235167420055 0.305612545629552 -0.456436892464328
0.0089674600991628 -0.0308395846804936 0.732395128088469 0.147052121322045
0.00225440378175082 0.0146774645989448 0.240071749442527 0.836134961681849
-0.0191830871490186 -0.00146260815957663 -0.394639263685306 0.525326776668431
-0.0147118661241174 -0.01876857210344 -0.0184592500669566 0.101930932003753
0.00664571793864235 0.00345131722056735 0.415081718022041 -0.414066626968685
0.00453530729547246 0.00138406391180445 -0.1416571743631 -0.878972097745354
-0.0113203455255212 -0.00852504988417515 -0.837683691296392 -0.236379184099983
-0.0305605011591269 0.0044700957292783 -0.406051705757695 0.541315826994421
-0.00565299324539092 0.0239040948400574 0.193683893774551 0.437753669129128
0.0012572763905715 0.0161236527899062 0.251606575634386 0.0769776699229129
-0.00466392046181721 0.0196121768084851 0.0425957235613577 -0.193012333163519
0.0132999793985938 0.0064339058033651 -0.0245823028994435 0.16022393295908
-0.00498987409782894 0.0172601393149604 -0.155202952298474 -0.0359105814557156
0.00105432049208511 0.0135266459294393 -0.200902624743909 -0.370847744513017
-0.00822126792448686 -0.0115739846232518 0.292172667763277 -0.469151270621671
0.00629214187099354 -0.0329444458638915 0.734304137152677 0.116203761660603
0.00344613270712501 0.00415065078408313 0.268817920454741 0.818646482682035
-0.0123315499159269 -0.0119249266957077 -0.378762869802571 0.529502045842325
-0.00720885990345359 -0.0263468340385408 -0.0163443919094094 0.103188212638113
0.0136307313062756 -0.00690230051538306 0.428910781442805 -0.403453604020465
0.00665870242569783 -0.00913036912024039 -0.112330173781885 -0.89188323558479
-0.0135627896991003 -0.0115445935679134 -0.831750391959949 -0.270807977218533
-0.0307287949565349 0.0109654502280382 -0.422051447297636 0.521973673106885
-0.00663580668152126 0.0306565963245572 0.183976542942526 0.437982381147784
0.00258245767259909 0.0162708112861484 0.24938250434586 0.0852988355349865
0.00169026772515854 0.0179518829174202 0.0356817776135814 -0.189071905186918
0.0171228289384433 0.00326785783574803 -0.0288571060971198 0.163156539860052
-0.00604871922992499 0.0137786723046906 -0.159891555510756 -0.0309597847887718
-0.000654346114418797 0.0149350247400832 -0.210014603162067 -0.368298959644881
-0.0073254512449043 -0.00652997695377077 0.278562916493248 -0.48221966701226
0.0059958244597453 -0.0337930111724073 0.737844124584179 0.0872658029618585
0.00303417907765161 -0.00234768326565339 0.296291652433892 0.801157266519847
-0.00847603430110328 -0.0204313119297867 -0.360595479102708 0.531892358792836
-0.000123363569675544 -0.0325917260688165 -0.0101969096657233 0.103509708990408
0.0175647267050238 -0.0147100480585045 0.443160263028211 -0.400784700637292
0.00782278958901307 -0.0156052472073752 -0.0822627459150375 -0.90394533128103
-0.012062934732146 -0.0121243499534177 -0.820560259108461 -0.303329922551022
-0.0309517895555517 0.0145023990722412 -0.437124753137267 0.504578748297483
-0.0109876508544204 0.0337245070489823 0.173850252188034 0.440705295959896
0.00122506239356286 0.0128647933391016 0.244522315356363 0.0912482944263148
0.00524016708885173 0.0138396217180801 0.0302374113914413 -0.185736545653065
-0.0157182316912183 0.00821626319546181 -0.0105380582953224 0.149013845213377
-0.0315711492413964 -0.0037421052925953 -0.161509149516099 -0.071016759557516
-0.0179556975905655 -0.0336500641284904 -0.182168400078665 -0.383344735086039
-0.00206351253900429 -0.0493520705048418 0.349977757405756 -0.41672727368807
0.0326717828440833 -0.0163032900052745 0.739090198288663 0.210513050170069
-0.00569616286610193 0.0489320853296465 0.187786814916614 0.836358128449293
-0.0479880189337722 0.0115100087642487 -0.403910536663955 0.471706341551905
-0.0399478448805028 -0.0141663892905282 0.0102021377086241 0.0700604835608681
-0.0186263114529642 0.0204519546596878 0.401782880082123 -0.464429906551314
0.00113934997391088 0.0374448865211767 -0.211729158145041 -0.874374291561308
0.0117389690931532 0.00130420192980426 -0.831256651896536 -0.15638436026449
-0.0275943277274372 -0.0268022543412268 -0.339221827637952 0.579432593294002
-0.0226085602089061 -0.0173974927086524 0.215808552461835 0.420142349653733
-0.0227530844522037 -0.00970011003338968 0.238457781463656 0.0470930891854282
-0.0307042600044656 0.0186173513402694 0.0485566276108111 -0.205751716982106
-0.0141438168879058 0.00995921660027599 -0.00796324220719713 0.149204919120118
-0.0263274983491465 0.00195926187443878 -0.156822120068812 -0.0700198594154729
-0.0124751197236413 -0.0282863031657432 -0.177525490106996 -0.383865386273664
-0.00306166718490219 -0.0473520516358154 0.350643325349968 -0.413535662031739
0.0293829032728439 -0.0170508782696616 0.7335799182084 0.218303396149469
-0.0052618086776955 0.0487706043319825 0.175263499720286 0.844601054086536
-0.046965792297672 0.0149304541382503 -0.415865458897063 0.480547996227121
-0.0403178430321506 -0.00882125958511601 0.00102629359119054 0.0756741253768972
-0.0178284101580169 0.0233727369775317 0.393541802920383 -0.455296645134228
0.00131644235679974 0.0363355158360946 -0.218293552290688 -0.866388199144296
0.00750364817612653 0.000833479312635835 -0.835093565415094 -0.14745576551761
-0.0293676809187037 -0.0247022353939048 -0.339754742757268 0.582958776252777
-0.0174365277351997 -0.0121494919725364 0.218033165703875 0.422004579363208
-0.0178158311804045 -0.0028984168205324 0.243177985974522 0.047244370826004
-0.0291967350402622 0.0211553530506206 0.0506549881157743 -0.206575006624738
-0.0112566717629746 0.0110270508684564 -0.00765289475038016 0.150505474715535
-0.0211679973918337 0.00766539112123285 -0.153328303151179 -0.0648657863923529
-0.00692845511120138 -0.0198632448604746 -0.177540501276546 -0.381175196859765
-0.00549910465171844 -0.0418327791067243 0.34301961055479 -0.415247350698466
0.0242378267075364 -0.0201127412078156 0.729139080910722 0.216049041341759
-0.00277987887201253 0.0442726224664208 0.177526683527742 0.850411389442495
-0.0424475747805101 0.0159804254679559 -0.419591925003416 0.491364941833084
-0.0378423917870773 -0.00766967687450762 -0.00729724467850892 0.0832037256071392
-0.0135128618977643 0.0231835164758919 0.389453465723828 -0.446117594629634
0.00267906958091855 0.0312538161650361 -0.212508941070672 -0.86012663726517
0.00181046917633656 -0.000967194488586454 -0.838995654673033 -0.153233374062461
-0.029531696121642 -0.0182771983116794 -0.346757327382321 0.581127476402815
-0.0117778630456479 -0.00378283592510096 0.218292822549231 0.421748848606159
-0.0124092560098408 0.00393531486027368 0.247866608628358 0.0515819879727569
-0.0254285239549759 0.0227006663769609 0.0512205008254846 -0.204457159969608
-0.00492385346356294 0.0119397598335012 -0.00951726094138526 0.151746552833613
-0.0152768678503283 0.0130110439950064 -0.15052659695609 -0.0581495702210885
-0.00361526159993207 -0.010668914569414 -0.180896896120406 -0.379299042812181
-0.007523895435687 -0.0352190107178798 0.330592431698417 -0.424938083847851
0.0181511518532863 -0.0231509261123844 0.726190703764306 0.198260052657904
-0.000801041137563966 0.0360231220769518 0.192451146653455 0.851514290913711
-0.0359502996561505 0.0129162172064419 -0.41588471998193 0.502968655641418
-0.0322009379286775 -0.00882705129953667 -0.0146774976469476 0.0895398033091135
-0.00815582857339891 0.0184940646277402 0.391095933497723 -0.435021748563202
0.00248500141680619 0.0231484654129385 -0.199594944403466 -0.861130286855627
-0.00317049947742158 -0.00234840892732592 -0.84140203734772 -0.168099479671724
-0.0299440858027907 -0.0111687305084289 -0.361104943688266 0.572698328130525
-0.0081356369693317 0.00585574357451875 0.213804631382776 0.42542539850239
-0.00712816582000973 0.00978917941447711 0.251212644047085 0.0575256545169999
-0.0195000594384333 0.0241409839603386 0.0490891115516199 -0.201441040076828
0.0012003718757135 0.0109306826528389 -0.014038622321269 0.153244268487994
-0.010166765066252 0.0169555441394851 -0.150544011696046 -0.0502967254652551
-0.000136219588120254 0.000169875400375069 -0.186631776062018 -0.376270233936728
-0.00847049711423614 -0.0264933958108656 0.317987937589671 -0.437870468311487
0.013263454502754 -0.0274672384406384 0.727011839093095 0.175029336913656
0.00155963446216749 0.0262257383807633 0.214553335649094 0.84240739458776
-0.0277400151622756 0.00700595915517514 -0.405473096789869 0.514146393842323
-0.0247843725695341 -0.0126243928899094 -0.01804886155681 0.0969407517212438
-0.00139385333026376 0.0117456800374498 0.398738046464484 -0.421265464438165
0.00389864828843666 0.0122046684714737 -0.18014310272334 -0.865373652555093
-0.00773626244324782 -0.00527019314526061 -0.842135579182629 -0.19598946831451
-0.0307904310028686 -0.00283563518167931 -0.379113444257287 0.559209221346771
-0.00499041030571399 0.0148931583683257 0.207333806759259 0.428554271289719
-0.00212048195542478 0.013647700526772 0.252922581661644 0.0659099896022102
-0.011800373829033 0.0235424928381002 0.0454806437298376 -0.1972080445719
0.0080522042618213 0.00856932714213923 -0.0185489385688976 0.157583893342127
-0.00631038830275214 0.0184850729622459 -0.153049991093208 -0.0416426102339499
0.00122001463435359 0.00832608154767248 -0.194540459475244 -0.371982814078102
-0.00920238217928342 -0.0184316404770724 0.303120802702187 -0.455298914574154
0.00838100071045181 -0.0303650499428386 0.729616162713147 0.14359961583114
0.00287337153079165 0.0141260332480279 0.243127119663698 0.83181862543442
-0.0198442663105812 -0.00225476534116593 -0.391430119835066 0.524345965645119
-0.0160035704238929 -0.0186570333047507 -0.0189711730079831 0.101031843673084
0.00641323565705099 0.00251486554825902 0.410177100376363 -0.412330078247851
0.00502606518632835 0.00158557651393403 -0.147465268534017 -0.875394717587288
-0.0111339269489991 -0.00758345859893448 -0.836969781276268 -0.232039478387812
-0.030273573980415 0.00513482451360636 -0.400184301092169 0.540668133013159
-0.00474015442410989 0.0246976248128639 0.196607962340869 0.432230117585706
0.000562235722465657 0.0171669887122863 0.251648453489956 0.0751837031252815
-0.00528500496954449 0.0208380391162285 0.0404188162306339 -0.193427278775169
0.0127527559567665 0.00606915701095832 -0.0246971930886197 0.158896542619064
-0.00476025115164217 0.0178290202958568 -0.155629411483576 -0.0346124490323493
0.000962586534269235 0.0133009335170993 -0.203772207130473 -0.368829660090616
-0.00876330491002967 -0.0104591509498176 0.286918257421833 -0.4707081575242
0.00568310883996405 -0.0326036424033544 0.732164207286723 0.109570348953231
0.00348024609949017 0.00426590424055467 0.272809127741671 0.814911573988089
-0.0134151338134526 -0.011591908563489 -0.373960764639788 0.529022317704787
-0.00726778977784641 -0.0266063000209175 -0.0156761267042264 0.102214675311601
0.0126294323121571 -0.00718459798495564 0.424759439878435 -0.405504674231962
0.00685655784592878 -0.00874695626470494 -0.116124524549888 -0.886853205542228
-0.0135178908831799 -0.0101912032997692 -0.829825344452029 -0.266566799352178
-0.0306625212158493 0.0110174723059838 -0.417638260091549 0.522575833766689
-0.00666768283972135 0.0306716958680871 0.187540974514866 0.435437081970684
0.00197200161025669 0.0160268066643444 0.249218344545044 0.0836773881974266
0.000917410055872678 0.0176656779341523 0.035343005500453 -0.188445602686149
0.0161919879944221 0.00332834801768137 -0.0284585024097492 0.162881873061575
-0.00579979302629309 0.014138922745617 -0.160123658748908 -0.0294852630349381
-0.000934653752356068 0.0152222785291663 -0.213210772051923 -0.365327644873069
-0.00676779174714665 -0.00605516719811951 0.273323020409819 -0.481509042728177
0.00522639752094813 -0.0338224207143696 0.737739101004947 0.0809719665668673
0.0030581675872086 -0.00249360058171827 0.298664616513275 0.798305778292817
-0.00874512627977295 -0.0204715967299717 -0.356237514211681 0.531870853037099
-0.00153209102788057 -0.033265130761143 -0.0101102022001916 0.103685769828288
0.0172662119653838 -0.0155520301193419 0.441479382782754 -0.401743503471973
0.00764289613053612 -0.0169764548146673 -0.0865792091544088 -0.900628839629964
-0.0123972953702727 -0.0119685177726586 -0.821011819126685 -0.299559775940377
-0.0305107041755023 0.0144033662082723 -0.432748113578726 0.505945866416453
-0.0108899910665651 0.0327398867094328 0.176528600770381 0.437818981752333
0.00113022968220209 0.0130660172028206 0.245435746575059 0.0894424237724156
0.00574383960944562 0.0149082196328968 0.0291175437461563 -0.185677309276003
-0.0156010115242037 0.00873990976581608 -0.00893232076120002 0.148336600732099
-0.0317638646780287 -0.0032150406393355 -0.162360193539182 -0.0700663666769644
-0.0180441058660283 -0.0333746813272879 -0.185192660599309 -0.380363140233205
-0.00280166772100521 -0.0490271844779339 0.345388236476626 -0.416806679465866
0.0322575197456045 -0.0166968791190055 0.737675228400611 0.204455490427319
-0.00549700735903015 0.049646278537225 0.19027874599487 0.83186693993874
-0.0478462112184638 0.0117729228719667 -0.40056411802514 0.473753062536778
-0.0406645329252866 -0.0139040474565683 0.010168886856884 0.0704628447087283
-0.019005723115884 0.0199254729336301 0.396906661048613 -0.463599607713704
0.00188606073369641 0.0366367542877944 -0.216284147432196 -0.870946647966707
0.0120165325462197 0.00193676246834536 -0.829380812160723 -0.152755494201004
-0.0278902159346681 -0.0264038580920883 -0.334499003617315 0.579292499995696
-0.0225215743612618 -0.0173227039084034 0.216306046657054 0.417442171569152
-0.023190173537765 -0.00820581423871705 0.237869710319605 0.0448757086039873
-0.0296743814266225 0.0194655027481744 0.0464095963045706 -0.205695351741553
-0.0141771252903096 0.0107249692806963 -0.00733334131149676 0.148553119869563
-0.0266421017702701 0.00180368509518139 -0.157452662949638 -0.0684287920671709
-0.0122520151177476 -0.0279762185939662 -0.180564337909162 -0.380256860269313
-0.00452426545962294 -0.0469780354040729 0.346791557234403 -0.412668925672802
0.0288295614630354 -0.0175981096517699 0.731042889125533 0.215179706496675
-0.00411946567446185 0.0482465463356185 0.179215986350156 0.842026998819622
-0.04732621959666 0.0149694120726194 -0.410980410662321 0.48180756348973
-0.0411585724601154 -0.00947333217796674 0.00047078926227351 0.0762610398223384
-0.0181384794525199 0.0229068020723255 0.3875775392225 -0.455528859627938
0.00211307886527187 0.0355355978301651 -0.222677452604584 -0.860586187794165
0.00813386457466581 0.0012509640655162 -0.832463805042474 -0.143703906536504
-0.0287016196931246 -0.023910520500169 -0.334795492554194 0.58288846625043
-0.0187968448535671 -0.0124024512850742 0.220901675539077 0.416974107581668
-0.0188269322103199 -0.00197838932864004 0.244071641325603 0.0461276541581228
-0.0292870791073313 0.022242959937712 0.0491755663762406 -0.205816421640185
-0.0102837982442732 0.0116453427481176 -0.00708567072838886 0.148796597246288
-0.0204934863877844 0.00806968922920341 -0.154220127931147 -0.0639055710943783
-0.00739869859528084 -0.0196914167212669 -0.180062127429361 -0.378349391997626
-0.00597646112706673 -0.0423620957871486 0.338741668050097 -0.414697061197233
0.0235781520679485 -0.0196941213013956 0.725690951926156 0.213337829469921
-0.00327681529137297 0.0447631545529223 0.179910369588616 0.84548601521172
-0.0424002837110657 0.0155750884568673 -0.414290093060187 0.491252518294171
-0.0381932417895642 -0.00733133390192302 -0.00748370306921108 0.0829796990711151
-0.0132874967211915 0.0220403779973434 0.386008783047401 -0.447394778138287
0.00215427434903958 0.0310610054355296 -0.21670188883001 -0.855649872694431
0.00261542714974123 -0.000553721303881018 -0.838008117459455 -0.14921090638293
-0.029076019972771 -0.0182523714601896 -0.341452350003605 0.579798920868686
-0.0122877901322564 -0.00531552664874442 0.218996695037463 0.419940265567635
-0.0142661191692405 0.00393253248500317 0.247406080802962 0.0510841025387543
-0.0246237275419987 0.0243480501652773 0.049319026310658 -0.204065098234371
-0.00519890180509192 0.0118836501606936 -0.00817710842457928 0.151208444114733
-0.0149060880349774 0.0133146486869708 -0.152358568829552 -0.0572899272224314
-0.00356404744169372 -0.00921675478615559 -0.183494844436268 -0.376090272675113
-0.00831244030901517 -0.0346751746574525 0.327330750325507 -0.424167053298633
0.0179183651020825 -0.0240577601281918 0.723466559159296 0.195293326318252
-0.000385194020522164 0.0363840863974677 0.195663684793353 0.845306661840614
-0.035296401916205 0.0130549958746269 -0.411838778671131 0.502642681272482
-0.0330494172672712 -0.00845019970357869 -0.0139297752826442 0.0900636055646612
-0.00809098037693887 0.0179401725847407 0.387342354022376 -0.43432442580754
0.00287972107100462 0.0227885014160282 -0.202985887620951 -0.856504811746211
-0.00315762420967296 -0.00184696258618187 -0.839934702950866 -0.163856182676883
-0.029664916523075 -0.0113645236364288 -0.357184293872326 0.572365589358232
-0.00759185958088526 0.00542614222116723 0.217754313912213 0.421449658428132
-0.0070346215355149 0.00997022800233869 0.250842679110154 0.055739336819973
-0.0191917007000376 0.0242963310370462 0.0467762945536583 -0.200884996616343
0.000761448190999719 0.0110032890656994 -0.0123010077283487 0.153167709627574
-0.00985433334002322 0.0169272226695872 -0.151360619677934 -0.048809534028318
-0.000230164076919998 0.000142405627132516 -0.189734933630946 -0.373507753989965
-0.00925060407089488 -0.0263370258351253 0.314556200866664 -0.438771469791065
0.012346305524227 -0.027439961075923 0.724225204246814 0.169508453932862
0.00172429492984269 0.0259766076688787 0.218926944542678 0.83691548753068
-0.0280350969372009 0.00733829343905308 -0.400192506251677 0.514710051300132
-0.0248533023210323 -0.0123074444753361 -0.0179016766392665 0.0965399381148564
-0.0014380865842031 0.0118025317217249 0.393758214929033 -0.423781014072894
0.00335451894206098 0.0134535466577174 -0.181734947062874 -0.862724083669371
-0.00726179103516024 -0.00450831611320725 -0.838000942068351 -0.191479161699892
-0.0305135737331781 -0.0022286583849172 -0.376432145652517 0.559582898240598
-0.00520340218912971 0.014753654065063 0.208901943085742 0.426080840763654
-0.0026626124036208 0.0143097228128225 0.252688238013282 0.0640009614087435
-0.0116122979906482 0.0232047415343667 0.04355708623577 -0.196456057656066
0.00802047407706494 0.00940418335123603 -0.0176194928125846 0.156182403129578
-0.00647479560024182 0.0188727193780113 -0.153079771526858 -0.0410823794282852
0.00138377344959417 0.00862703509331542 -0.197948977054084 -0.368853757759708
-0.00947976744882391 -0.0173362524203052 0.29855220158839 -0.453633145307554
0.00761761224765139 -0.0310846764458162 0.726269672050335 0.138242923926146
0.00327374471166724 0.0145546251872894 0.248455587093096 0.827334224750689
-0.0201555608737161 -0.00118067786034359 -0.387591987767021 0.524738082462776
-0.0161493464831075 -0.0180440204722834 -0.0185400070847766 0.100959999859287
0.00528062771578729 0.00238773210423408 0.405624728077738 -0.413084051533148
0.00421031401851506 0.00138006270302 -0.150274631611804 -0.873393325918139
-0.0104861925708518 -0.00777601160093972 -0.836366846368164 -0.225628974907557
-0.0304176853185187 0.00492136746471715 -0.396599941737666 0.54234494364394
-0.00450412685569927 0.0236698764331706 0.19980579899962 0.429891399615059
0.000514852989130014 0.0173620079109463 0.251739973064184 0.0731946687070553
-0.00470233603919305 0.0208649309339179 0.038601363396577 -0.191942482116888
0.012989867438646 0.00617658193782311 -0.0236001773927237 0.15831172096983
-0.00445951915110081 0.017631345901969 -0.15624751060974 -0.0338592352270685
0.000590558674762076 0.0141565664810718 -0.204003026032744 -0.365637891359157
-0.00931511108260313 -0.0103255384769643 0.283360142661526 -0.468197286752458
0.0055498551680078 -0.0323440009111047 0.729073308530062 0.105900852138289
0.00332710902093364 0.00475492772436303 0.275714295500604 0.81095203869997
-0.0135354494128157 -0.0110529130004347 -0.369561860651755 0.529002514151263
-0.00776859176385859 -0.026567281530151 -0.0152872492915824 0.102452096013977
0.0121397693243897 -0.00756729285051458 0.420802616722517 -0.404536115264009
0.0054206119044446 -0.00889488986831804 -0.121152385216621 -0.881513284361322
-0.0124587291711025 -0.00974036407464425 -0.827707927292744 -0.260883148909001
-0.0300344185971948 0.0113786953693055 -0.415028490140225 0.523997804583806
-0.0067470861513961 0.0299961973670969 0.187603523352472 0.431732834430713
0.00210868393557315 0.0165453893138796 0.24894485272001 0.0812459846477594
0.00179120619916554 0.0182735125640449 0.0329931216854895 -0.187708739139951
0.0165153311997154 0.00273647532564905 -0.0280396152551522 0.162344842148345
-0.00507596092873432 0.0146206263849465 -0.160431571830137 -0.029351322291094
-0.000323605358865525 0.0158751676802624 -0.214476145158177 -0.361041493845485
-0.0080121104116748 -0.0054716665194072 0.270667745639613 -0.481718196667284
0.00512778293341789 -0.0340716516775941 0.732729068453555 0.0758515566204803
0.00367678130989168 -0.00211021015594086 0.299316910327407 0.791868173755904
-0.0101393036291876 -0.0204171895413676 -0.351685575358147 0.530431948091399
-0.00215772679213441 -0.0337379428020177 -0.00985531481876203 0.102909330233539
0.0170715249037498 -0.0169011079146405 0.434573846620609 -0.400944321647894
0.00822457632234066 -0.0158441912971222 -0.0921215306426062 -0.895868719920393
-0.0111873613056181 -0.0119153167883876 -0.819582155725955 -0.293456500892918
-0.0298686853438203 0.0155232098119775 -0.426963847187254 0.505634644659152
-0.0104097918779745 0.0337284887610149 0.179337326904827 0.436429022420193
0.000808146111846004 0.0139290098630684 0.244800908176661 0.0875454098632691
0.00602568619231934 0.0153655266307798 0.0266873468465925 -0.185058554162509
-0.0155711728900148 0.00880981920448427 -0.00784805157608533 0.14818953080537
-0.0318159994117395 -0.00304763210334855 -0.162448293090299 -0.0690187718365383
-0.0178822838210811 -0.0326813729905677 -0.18803656277303 -0.377730369382251
-0.0036238171358934 -0.0483919788489678 0.341774337195176 -0.416793745867212
0.032084430383283 -0.0169822244911221 0.734467996217932 0.200901328054568
-0.0052911523375039 0.0503643842094391 0.192764602729581 0.827073302480301
-0.0479843913935578 0.0123676134019481 -0.395933419103823 0.471798583466141
-0.0414099733176854 -0.0138092169827932 0.00973341639794258 0.0702729729230666
-0.019429258253538 0.0191316395081241 0.394114589227309 -0.463343012865067
0.00165507902738419 0.036809148447058 -0.218906440579065 -0.867211876673789
0.0121228033164087 0.00253110958662736 -0.825777549793666 -0.146167916002394
-0.0278800194356529 -0.025898560514791 -0.330709268735851 0.578929133049518
-0.0235849628927967 -0.0184192870890323 0.218352645514845 0.414630886516758
-0.0240560478697627 -0.00817197390243178 0.237725153056455 0.0432903061422647
-0.0300770549155074 0.0202134006925386 0.0459458856247693 -0.204563256601531
-0.0142350580288025 0.0109108617444739 -0.00606090501141587 0.148345579325486
-0.0261145059912539 0.003025685877762 -0.158310395959735 -0.0674582575588885
-0.0125419495105873 -0.0280172333658677 -0.182577017527983 -0.377114671910438
-0.00460138017923294 -0.0465883058521661 0.341597427408514 -0.410332944956543
0.0281840609700277 -0.0176267112531414 0.728224959950921 0.209224874281147
-0.00450562698430504 0.0490483445306609 0.181837706997531 0.8362194836954
-0.0465433051116767 0.0162630274576476 -0.407398555967481 0.480104540808917
-0.0413968912797515 -0.00965200904126088 0.00085735981315668 0.0760230034328518
-0.0180256461830636 0.0228896804374777 0.384356301681807 -0.456206928852606
0.0018403250839263 0.0356566308485156 -0.225642645539341 -0.855735391955115
0.00807663486991892 0.00138965964293975 -0.830785959497515 -0.1391942976381
-0.0294365096245752 -0.0237867745520293 -0.330932630435175 0.582126332800962
-0.017819392376532 -0.0123072531470148 0.22228715173909 0.414942568902533
-0.0186630306465124 -0.00156038275771456 0.242820428231041 0.0438819385391406
-0.0287940441708216 0.0232147587860009 0.0475231363421645 -0.205125147586673
-0.0103550736295244 0.011693883537142 -0.00515469122213545 0.149247762825676
-0.0210658657826545 0.00865597948007787 -0.154167244068318 -0.0632229570171268
-0.00736666515040494 -0.0196712265489622 -0.181435446307287 -0.375144668645431
-0.00640942884625636 -0.0418696646536652 0.335786464336895 -0.416229106631781
0.0229400822564609 -0.0199113826574912 0.724962546582982 0.208287243990693
-0.00239523170957284 0.0444803029466458 0.182374291469618 0.840702290823124
-0.042289750919138 0.0165930138754721 -0.410976234548292 0.488977565938233
-0.0387492215772088 -0.00752440899978559 -0.00730739549456612 0.082332571346995
-0.0139281036333923 0.0214393444263057 0.380336242362398 -0.445238850401372
0.00242044827716512 0.030657324525054 -0.221235913053119 -0.850842329802689
0.00334163974814926 0.000434904228810411 -0.835602035955442 -0.14454089738876
-0.0292366622223869 -0.0184352174345737 -0.33785682450986 0.578660867160343
-0.0129682577905618 -0.00464282910279461 0.222017128917009 0.41751190397802
-0.0131908642204495 0.00500960001549802 0.247729754200861 0.0483751339659081
-0.0244112409782181 0.024146114823669 0.0476577749404452 -0.20365993365092
-0.00585438598744532 0.0124640255351368 -0.00756538086217756 0.150373033925113
-0.0147112842074022 0.0136266566725713 -0.151642969240852 -0.0557650310737544
-0.00326388485534844 -0.00858917085984953 -0.185254726835086 -0.372288173121841
-0.00879024731982716 -0.0338363135333952 0.324427233805565 -0.424263474070632
0.0175458878361857 -0.0229076666481523 0.721643542442566 0.193092267336647
-0.000136735658053215 0.0370871525564986 0.197420319949077 0.83977726269882
-0.0361124384532591 0.0138764442058947 -0.405606648240913 0.501573846573021
-0.0335374962272252 -0.00926718186203328 -0.0131080220397466 0.0888283756450748
-0.00878502687405701 0.0177033745557877 0.383435308862477 -0.435141493603244
0.00310798979692059 0.0224430231512637 -0.210106598439102 -0.851585898478196
-0.00258575122464101 -0.00197866956701678 -0.834761936159955 -0.159164644316604
-0.0301733214839674 -0.010627620888569 -0.351816682052465 0.572377094180292
-0.00841689452660161 0.00504425139348515 0.218165270313206 0.418792200864585
-0.00712757651614171 0.0104071391296947 0.250699987907989 0.0540017311070105
-0.0185173970274295 0.0255776227935004 0.0465432908613826 -0.199666644241087
0.000940070968572026 0.0113110485513741 -0.0115502080858468 0.152198910941235
-0.00939753695916199 0.0174914810147079 -0.151657148191562 -0.048546233371973
-0.000183655730525498 0.00116437879433639 -0.190901975548486 -0.370127911145545
-0.00965412148727713 -0.0262993345820945 0.31020029505816 -0.436000710344384
0.0118761080011619 -0.0276773678123611 0.720781988347779 0.165075144932754
0.00234699092446414 0.0262809379857542 0.219815363000133 0.832059217929215
-0.0281746354742733 0.00760463750332681 -0.397883493418875 0.512991262101819
-0.0256192425632117 -0.0121115800921481 -0.0175507929928027 0.0959583909974478
-0.00105434057275796 0.0103752992551081 0.389393412953626 -0.422911549295921
0.00326482513954115 0.0119449273705914 -0.184223374054498 -0.856420112452009
-0.00813585677260004 -0.00420441230012572 -0.836288604549143 -0.186377580147513
-0.0304857535713505 -0.00252454314337036 -0.371209415616471 0.558117803965135
-0.00538577715555058 0.0147838449347486 0.211478828048595 0.423005964272137
-0.00271121064256903 0.0150441973832929 0.252865066631019 0.0623210875003392
-0.0120048807751809 0.0232920799755111 0.0415096051196998 -0.19541389692255
0.00721540185380253 0.00826802135514022 -0.015903443876898 0.156040158604366
-0.00659553189017374 0.0192184761515682 -0.153249549838232 -0.0397486059222157
0.00184512322358527 0.00928377345563266 -0.198801591157677 -0.36423997721622
-0.0104105951610999 -0.0171320639318846 0.293160695021257 -0.452129058272672
0.00731056115847124 -0.0306946383679407 0.722467493780581 0.137128512458521
0.00323118159322756 0.0147678611609361 0.250984844488727 0.821135488461464
-0.0205570005878512 -0.000880448815888885 -0.38315037558911 0.524175695298478
-0.0173601161388233 -0.0185778899551009 -0.0181895666272086 0.100753694111083
0.00568709088687345 0.00179600470877925 0.40156774802588 -0.413718534383986
0.00530237078574594 0.000725484426443303 -0.155107353836188 -0.866499407327038
-0.0111088202841838 -0.00691179072735339 -0.834710089772542 -0.221617693033801
-0.0301173565168287 0.00547343281923572 -0.391582927706429 0.540042127226739
-0.00437009889242791 0.0229719185678226 0.201423848093462 0.427350850889725
0.000671909548794664 0.0169578763863047 0.252260791430247 0.0710840020018151
-0.0040712060724081 0.0214793049050455 0.0364208135024721 -0.191605866042503
0.0122476388821341 0.00545592925942047 -0.0211766028317255 0.158167953582528
-0.0037179316981412 0.0174278289934009 -0.157182593951373 -0.0330076786554577
0.00123862275183226 0.0141030745400524 -0.207717419543607 -0.361504065738941
-0.00878633445887602 -0.00982105831702996 0.278497927370111 -0.467047758158172
0.00493426423890574 -0.0323710940230252 0.726384486316247 0.103105938732961
0.00408587015582903 0.0050830725689157 0.276558643392852 0.803977754303663
-0.0139979295203703 -0.0111098917584837 -0.366318273332546 0.527464582295071
-0.00929380215359153 -0.0262839608449493 -0.0150003561687505 0.102748662484414
0.0119488673035721 -0.00844175489814927 0.415727633632758 -0.405525918931638
0.00616122887162072 -0.00849096490667516 -0.124222469478805 -0.877880286963794
-0.012330101991987 -0.0105287598650576 -0.827387744780706 -0.256722227413213
-0.0297676586948049 0.0119925861945273 -0.410718897016776 0.521733270368365
-0.00672562774706523 0.0300012473896604 0.190886300255557 0.429944549387516
0.000759202054618197 0.0169975260965067 0.250445179646536 0.0796044640167416
0.00163971436198664 0.0194150951967627 0.0318403200274332 -0.187437469529619
0.01648959723282 0.00222315971554971 -0.0266967183483365 0.162790689412823
-0.00497334641498652 0.0152467361749642 -0.160037385900178 -0.0284018356793376
-0.000899729720741821 0.0158865360670407 -0.216846333896553 -0.359306069472888
-0.0074566015985224 -0.00515974534570302 0.266516491679143 -0.480329120133753
0.00467689689742943 -0.0340055216010652 0.73002273314755 0.0734995020895757
0.00372040317009991 -0.00224943644471793 0.302363938284203 0.787031125403789
-0.00987052886568684 -0.0198708253124386 -0.347615117394751 0.528184055886451
-0.00311011803924257 -0.0336371392449244 -0.0100003200959185 0.102161289877854
0.0166800310960371 -0.0168666391222669 0.431039264704476 -0.401871342695523
0.007779482130445 -0.0164946142337742 -0.0946195792090703 -0.891368490346035
-0.0114397376356718 -0.0117118550564091 -0.817162431685133 -0.288379400056854
-0.0291918918950377 0.0154927598186899 -0.4238611503321 0.505889103791208
-0.00991109628048544 0.0328262611853134 0.181061824323443 0.432501725443487
-0.000151909371498101 0.0144107872800331 0.245251536028873 0.0854259447834079
0.00604337344321386 0.0159407982443782 0.0258524027204721 -0.184835818919031
-0.0157375720793461 0.00880319677611283 -0.0069101194119294 0.147197881047758
-0.0315962619965326 -0.00196228156518855 -0.163948380013416 -0.0669674864740168
-0.0180195455275128 -0.0319047530729409 -0.188754486122486 -0.374847176189388
-0.00384701450223278 -0.0477906073638158 0.337458161372832 -0.415169566192598
0.0315046976665375 -0.016673843611694 0.730284809872406 0.196956771495371
-0.00483344449900483 0.0502970939771416 0.194652578752724 0.821443070620869
-0.0476318637616374 0.0124758197390654 -0.393561541154083 0.470562109950662
-0.0423257100103219 -0.0133784237173569 0.00981590294779114 0.069255523273012
-0.0194779738562339 0.0183928339299399 0.389609325658992 -0.463003053294238
0.00214011511876549 0.0362054145194192 -0.222387399492089 -0.862665455112265
0.0122754463843013 0.0022082409578607 -0.825168845424056 -0.142694734082721
-0.0279384519242665 -0.0255107814753497 -0.326289945102011 0.579503687641405
-0.0236127095607 -0.0179132819833044 0.220357621948685 0.411315480304969
-0.0242135573475485 -0.00816683351381389 0.237968001407556 0.0418252034062617
-0.0295025999769086 0.0204561933566039 0.0439168389858945 -0.203856781191314
-0.0150699183472346 0.0104764925422539 -0.00540604281400681 0.147460052069932
-0.026120820292899 0.0031707652593298 -0.157893068699068 -0.0660336278535752
-0.0134384125395588 -0.0272686317488451 -0.183674925332611 -0.373861210601721
-0.00494800856968891 -0.0456818034141074 0.33736932323782 -0.411033254009732
0.0281465804756548 -0.0175574435540626 0.724822613362546 0.208020329369268
-0.00414268577431649 0.0490594281330761 0.183874242393145 0.831856225328555
-0.0466485176760945 0.0162381420275682 -0.404699041363521 0.479270234821459
-0.041600543554645 -0.00914339298275601 -0.000378449399402303 0.0752221765574358
-0.0177365605893683 0.0219042400485636 0.380243039298112 -0.455771011266293
0.00242572958533468 0.0347983997403852 -0.227613997470062 -0.851017753484367
0.00836653889024234 0.00217405695416515 -0.828146211593106 -0.135368091570759
-0.0293738393168697 -0.0235291084508827 -0.32689015513374 0.580270200301957
-0.0186650967565273 -0.0133718603335326 0.223354434626325 0.412364406013621
-0.0200080198336572 -0.00180684601225503 0.243332273355258 0.0436763392395861
-0.0289376807008061 0.024052832620452 0.0466901359555235 -0.203688707159064
-0.0112452542323447 0.0123360186662084 -0.00564685477613171 0.147468036762396
-0.0203815317467058 0.00906263877506968 -0.155454130901389 -0.0617620819495952
-0.00746391906094133 -0.0182680392188372 -0.183740099975857 -0.371841500595396
-0.00694809305980671 -0.0409989271722385 0.332167838232084 -0.413209749927419
0.0225944856393665 -0.0196557316048898 0.719417810358603 0.205486435081056
-0.00219430237797715 0.044277195697525 0.18418190672185 0.83575614975872
-0.0418612594928185 0.017215870995245 -0.407072728868828 0.488285297505624
-0.039605221191196 -0.0076262514780111 -0.00728984661739925 0.0821296589750706
-0.0143985539746195 0.0214773274805671 0.378323399881511 -0.44445861694295
0.0029310316687443 0.0301221487482588 -0.223698896278399 -0.845875281775257
0.00225349186164773 0.000311495371692401 -0.83250826515166 -0.140907331956574
-0.0292204628754146 -0.0179166872164586 -0.33423920898636 0.578179238970603
-0.0129241291943559 -0.00460143148626202 0.223062526888657 0.412475696123546
-0.0141255369171651 0.00516447072430391 0.247325345993743 0.0464316077043115
-0.0245129915750273 0.025140895431546 0.0471588766238678 -0.203393097330692
-0.00513850528671899 0.0123520440646024 -0.00672617627743785 0.150283085531426
-0.0148808721694008 0.014725917515562 -0.151960134350372 -0.054071152394523
-0.00361919500791624 -0.00837382014661686 -0.186508285344182 -0.369507459551319
-0.00910398969253043 -0.0335366015528308 0.320533875827947 -0.422488207921899
0.0170608013306757 -0.0233559893064322 0.719410058290303 0.188569973437712
-2.10699675237645E-05 0.0365015647232402 0.200487053971655 0.836845795943618
-0.0355456942915863 0.0144014912418604 -0.403567532391165 0.500159865881639
-0.0342168777590065 -0.00796093413117131 -0.0138653987622813 0.0889587567911167
-0.00813247897631567 0.0171766292942386 0.379400677633795 -0.432534191873088
0.0029354807986971 0.0217541065200843 -0.209504199073562 -0.847250148886844
-0.00249556558164072 -0.00124905972028131 -0.833786592847269 -0.157229474158286
-0.0304200351289389 -0.0103470544772517 -0.349403596662821 0.570945810833277
-0.00758368216470081 0.00405840535929566 0.219837441513441 0.417107616978128
-0.008133881573811 0.010786891476084 0.249951045695941 0.0530310847587161
-0.0179295100911244 0.0257732932086685 0.0439690956125101 -0.199175103668718
0.000289963460425188 0.0113656592482276 -0.0109179776084669 0.152078166779927
-0.00933978486108926 0.0176177073138114 -0.152025801773058 -0.0469056487130455
-0.000104249434682023 0.00123441882832964 -0.191715972129176 -0.365932605157012
-0.00979131731598246 -0.0253583798744087 0.306379223961019 -0.434298680876595
0.0116600339039172 -0.0271577574676416 0.719507717691773 0.162658389383368
0.00247622406034191 0.025920189736685 0.22240894888596 0.827729947171977
-0.027757333048236 0.00825483927908109 -0.392781949678021 0.510966149130506
-0.0268644959733984 -0.01228871213637 -0.0174254829115169 0.0951852437132237
-0.00182026113391941 0.0103388135384597 0.385896555138246 -0.423027094581959
0.00386101306302756 0.0123035120406145 -0.187273552999802 -0.853525051999312
-0.0067888345687414 -0.0036992296999969 -0.833778865533444 -0.183237810924645
-0.0298594790439018 -0.00227045291243181 -0.367839041820966 0.556744701153152
-0.00534787213211192 0.0150344027565619 0.212287284608097 0.418845056105362
-0.0032430669289099 0.0151787225514585 0.252056788277722 0.0606383920614228
-0.0115290924434254 0.0246845518751984 0.041089339706162 -0.195349473564803
0.00743347784499483 0.00938368704393631 -0.0154153906500843 0.155328468066457
-0.00566428609213549 0.0198141954929676 -0.15315169101689 -0.0387162227039756
0.0017008897304635 0.00929547888835799 -0.199944915161396 -0.362193305718443
-0.0101430173614312 -0.0169203066509237 0.291664063900546 -0.45199578129335
0.00702326516878636 -0.0303624573022656 0.720221883833128 0.132822274891683
0.00325392117954867 0.0143444298728711 0.250980894292562 0.816920471505958
-0.020665707742081 -0.000582176137670438 -0.378885953714556 0.521629298576468
-0.0175435643519499 -0.0182752534171096 -0.0185958530028344 0.100041758097543
0.00551037108399721 0.00072767989475872 0.397105359661808 -0.412622204349077
0.00504300083092782 0.000435980664268733 -0.156943241701484 -0.862194497973746
-0.0105732530422541 -0.00686424970035661 -0.83012146458516 -0.218642080030875
-0.0298462756857717 0.00555879317205415 -0.387583350211468 0.540120507163033
-0.00452898757103732 0.0236310112712501 0.203868107278276 0.423470405322255
-0.000761155885860863 0.0170933466892886 0.252327609580046 0.0698693615213577
-0.00403439769460375 0.0218940298946027 0.0366523834757864 -0.191027509954849
0.0123785243437303 0.00610759929995731 -0.0208893854893071 0.158333825016811
-0.00335557271175186 0.0188793715290557 -0.156756917694888 -0.032002884713937
0.00181023006656618 0.0150574989372388 -0.208910087265498 -0.35901537429083
-0.00933775234894113 -0.00981980780419133 0.274836662104909 -0.4664815218347
0.00441934896714511 -0.0325983458951785 0.722890067267364 0.0989081511237828
0.00410697647121685 0.00514290392122216 0.277959625386325 0.799581598184224
-0.0139498838115013 -0.0110736480198744 -0.360892458757722 0.526149223777579
-0.00976288557156123 -0.0262286084878934 -0.0150546532871231 0.101664157319892
0.0116541711551008 -0.00866855594951626 0.41264204414621 -0.404413051941934
0.00633151760592402 -0.00964646997088876 -0.12921434372742 -0.874587688740431
-0.0122727838622608 -0.00913352294283266 -0.824631834559206 -0.251996419334785
-0.0302889395130733 0.0116546075914932 -0.406492010092583 0.522374098400179
-0.00636101622953364 0.0299417497792318 0.191454226366516 0.427302856433451
0.00080518577007473 0.017207958337256 0.249048051650294 0.0779573408606315
0.00240121646845819 0.0196151560500435 0.0306755096426047 -0.186590587630792
0.0161472217597702 0.00309291448863801 -0.0258561091942302 0.161023355177331
-0.00506576436261091 0.0149505913810782 -0.160424111938845 -0.0273962976209421
-0.000386513847417427 0.0161061043820834 -0.218547741979398 -0.354374672407967
-0.00791671071295002 -0.00447723076626804 0.261693934356095 -0.479793618935973
0.00409246486853246 -0.0333559191806774 0.725534071001747 0.0707141489713651
0.00352793369496975 -0.00243460079083545 0.304330548802325 0.783658419486546
-0.0106202226352794 -0.019852066622567 -0.343646049817556 0.528367059601221
-0.00350870568818004 -0.0333618830095377 -0.00941976166119622 0.100760752205671
0.0168829705186918 -0.0179893237433902 0.425495559750269 -0.400744800024819
0.00783319604623727 -0.0164774828694918 -0.0982715724397254 -0.889365235276859
-0.0106782179523292 -0.0110886771890074 -0.81731263910131 -0.285524870956842
-0.0298645627135759 0.0155342787176934 -0.419265780268038 0.505234991695997
-0.0101474971494417 0.0326341194712593 0.182896374481721 0.428628203141745
-0.000715060834911648 0.0142837268270568 0.245192745765996 0.084075007738959
0.00532330933201525 0.016066076496535 0.0253059534303037 -0.1837756940106
-0.0158336300900974 0.00924364752728593 -0.00612744327554443 0.147401529580687
-0.0303956641481528 -0.000955777365854035 -0.164183348210625 -0.066824129788788
-0.0181326217056028 -0.0314365755657771 -0.190058559447934 -0.370566878482679
-0.00385525130897499 -0.0476344549245363 0.335941951950751 -0.414124060475845
0.0312749614596782 -0.0167934269385673 0.727954479187986 0.194779726111598
-0.00409310961715029 0.0501951933473421 0.195466278014768 0.816799475205896
-0.0484356055341593 0.013411442426978 -0.389935299692315 0.468104542947769
-0.043001378949533 -0.0124004529514608 0.0101049424088874 0.0689011541365867
-0.0194409070437842 0.0181427832789263 0.386784604284337 -0.461948854802005
0.00232075885982066 0.0359448655036887 -0.222118941017168 -0.857029692543858
0.0127572480549213 0.00279149102180101 -0.821354093258458 -0.13926149112702
-0.0279133913105844 -0.0254311514243795 -0.322716063517306 0.575298352507666
-0.0237915497397919 -0.0173803277730598 0.219964006874446 0.409461154045676
-0.0246056008098683 -0.00762096987910608 0.237430761287106 0.0411716950828786
-0.0287331711709922 0.0220195672429319 0.0429077102537448 -0.204240143590317
-0.0145619290151144 0.0110741240231352 -0.00406005518760835 0.14638712395869
-0.0253493195970024 0.00342805118953365 -0.158042743609289 -0.0657385058408011
-0.0124400428723128 -0.0258102971301018 -0.186568632055101 -0.370282024029461
-0.00525586061484463 -0.0452838861476252 0.335178777951283 -0.409152762917675
0.0266218630286612 -0.0176656852322031 0.722828139535348 0.204021864183003
-0.00384411523358615 0.0496152100674528 0.18540224085991 0.827119614481034
-0.0466842359454207 0.016379732747406 -0.401342804342453 0.475491417364872
-0.0427748961607074 -0.00886723515742891 0.00109103417435248 0.0752124223231396
-0.0178672011796154 0.0214472905074373 0.376694609647966 -0.4542074508566
0.00203908544680905 0.0349307010349438 -0.229840042953984 -0.847774523523353
0.00783504081792766 0.00243258763007596 -0.826923855967183 -0.132744629032881
-0.0288893538887817 -0.0232052734475861 -0.322823413401026 0.579359277925754
-0.0181416307591865 -0.0133477120546267 0.223829023000703 0.409092081232749
-0.0202681135291335 -0.000864675316956939 0.242226931301695 0.0424093734547794
-0.0281880823829532 0.0242052648676263 0.0446829148426673 -0.203508920064026
-0.0111303928417533 0.0119825297177705 -0.00404267765547428 0.14749995217665
-0.0198761465554375 0.00983659852734298 -0.154856075289176 -0.0605198963759162
-0.00741100960787327 -0.0182991407648165 -0.184741925884174 -0.367564698617617
-0.00683497588574437 -0.0406934033150336 0.328867674620185 -0.411823518777509
0.0219440702521144 -0.0192781980824148 0.71798911227374 0.202093997444517
-0.00155492705765472 0.0448253306207205 0.186348725278675 0.829975037556612
-0.041710411000886 0.0175429336152688 -0.404314633361395 0.487183287464537
-0.0404835314939323 -0.00696966252155592 -0.00799276718612415 0.081778005000421
-0.0138572793966882 0.0211598806377969 0.374097966784781 -0.443474018796953
0.00283352520804527 0.0306433509321807 -0.224721090352753 -0.84314017916481
0.00320641449883468 0.000960742106350918 -0.828213787630955 -0.138492823571984
-0.0296291635683179 -0.0178240746399929 -0.331095067737259 0.575639807072327
-0.0126605808621011 -0.0047481819881335 0.22402175096826 0.411273546236978
-0.0150119477374177 0.00603599253431063 0.246806395130611 0.0453263594389123
-0.0232161350879871 0.026466195050171 0.0448250301064256 -0.201627100568954
-0.00575147904008937 0.0124296285161564 -0.00581764510924834 0.149648902787489
-0.0143563851462776 0.0145171676895229 -0.15275917200331 -0.0545049730781473
-0.00301489840407331 -0.00832658239353743 -0.18849672143048 -0.365679131030074
-0.00876188778757999 -0.0331724691611078 0.31726583649463 -0.420370899299989
0.0162391081359628 -0.0233044431808503 0.713289298897473 0.184459645065643
0.000439737926796708 0.0367940999036699 0.202027187989688 0.830563153872777
-0.0359856016802151 0.0140171071482582 -0.398610824683548 0.498620703496787
-0.0346483441632561 -0.00737038549611748 -0.013734229235111 0.0880564963084759
-0.00861020996090875 0.016944483961302 0.375834230788336 -0.432537211843753
0.00282676209948848 0.0220616591981556 -0.212209705640585 -0.842481526392446
-0.00207662716604621 -0.000939339037832096 -0.831907396663065 -0.152664242923897
-0.0299705635003531 -0.0101916157525401 -0.345292578611682 0.570100020827968
-0.00793893938261989 0.00389596061772375 0.22034265957064 0.413034372631532
-0.00873966085350407 0.0109704717119239 0.248728040128072 0.0511235558531797
-0.0176919655958101 0.026546079217581 0.0429617067295809 -0.198987134317035
0.000680250915238884 0.0108940427365559 -0.0105287754894323 0.151468549891222
-0.00897763433929238 0.0187752531889887 -0.152649649618272 -0.0458336960196833
-9.37220226683705E-05 0.00183484134248888 -0.194364173023891 -0.363120098662156
-0.010676554232169 -0.0249393419140868 0.301998554726365 -0.4337931749919
0.0115551382998558 -0.0268318874376861 0.714473820154076 0.16140264869649
0.0028512403422347 0.0257181969707167 0.222921075983744 0.823485073046806
-0.0288784424385239 0.00835902932329574 -0.389947306319952 0.511175313581517
-0.0272387402577198 -0.0113534601549211 -0.0176385281386404 0.0947062002092198
-0.00174878470734013 0.0101573332102786 0.382466870864826 -0.420659620169451
0.00382748850850273 0.0120441444496329 -0.189445949722918 -0.849599312217476
-0.00702025182165577 -0.00377717186265412 -0.831202995235696 -0.180478910446705
-0.0298733108517589 -0.00226505615243819 -0.364173825072696 0.556355223763885
-0.00491868217877764 0.0141339979605629 0.213258931365461 0.41649261766217
-0.00364247570600432 0.0159979605183804 0.251767398318207 0.0604455586898181
-0.0111313882618493 0.0248753913685132 0.0398167295865326 -0.194402126659625
0.00705361842481526 0.00928457692507647 -0.0143123805717479 0.155167767377226
-0.00471051250632263 0.0199177290025269 -0.15346281310013 -0.0381145805969309
0.0026035852283898 0.00951646897409658 -0.201899647253769 -0.359258672295923
-0.0108080720661611 -0.016425525948079 0.28848857910039 -0.44998588390467
0.00649494696787277 -0.0301247296663364 0.717576050970306 0.129498682665888
0.00419355738988591 0.0149828120249162 0.250285802631971 0.811602727505436
-0.0202955861624885 -0.000582263345526942 -0.374780132298586 0.520300712427441
-0.0185356628586362 -0.0177898599965017 -0.0180650240158372 0.100213627368916
0.0049837505772461 -0.00013516780778098 0.394865379306015 -0.411711987795816
0.00483115693493776 8.84656830271828E-05 -0.159036065942033 -0.857423968974964
-0.0103643320939439 -0.00670925320603686 -0.828685506835157 -0.213096259823607
-0.0297991445694511 0.00588210257731148 -0.38609794853621 0.539127879062198
-0.00344121481275892 0.0229412629663319 0.20481486455357 0.420954228153124
-0.000628514938718875 0.017614323813602 0.251160034308621 0.0680931019919725
-0.00357959163753822 0.0229395918002029 0.0348736648321628 -0.190609928412046
0.0123646176695796 0.00598450336203294 -0.0204834806369793 0.157642699953116
-0.00370512503529341 0.0187592858605935 -0.156627244192548 -0.0311931454638421
0.00182176108165315 0.0150944844122554 -0.209754125278341 -0.355295667933431
-0.00941745323936336 -0.00937564221387413 0.271990468057487 -0.464423917025584
0.00398922234739609 -0.0323267003757788 0.718249051852174 0.0986490109352739
0.00393393578894433 0.00544359283566932 0.278130345071506 0.795074855806243
-0.014497231446744 -0.010116599992103 -0.359577987936656 0.524249430453191
-0.00985125035240099 -0.0247089051464488 -0.015281006591218 0.101417383963288
0.0115112438307874 -0.00891809557429047 0.408547559969 -0.403022415955118
0.00592642333037303 -0.00984239941324384 -0.129832230069446 -0.869453497605175
-0.0124467099101152 -0.00910377167470986 -0.821999107578941 -0.248869847486542
-0.0297390584210944 0.0123070349251941 -0.402042328410788 0.520975995033217
-0.0062907052460123 0.029452852447347 0.192810652645468 0.424430544222043
0.000721498506754805 0.0171450195967459 0.248907645121572 0.076273201400849
0.00239840488688961 0.0199375723912251 0.0295770007987124 -0.186263549416226
0.0160663936564847 0.00258075550620445 -0.0246286559191532 0.160358981778506
-0.00421326252618106 0.0158125369937664 -0.160243338104097 -0.0260316297386717
-4.47388807281678E-05 0.0167415059901024 -0.219623070174928 -0.352176800250761
-0.0078004761490806 -0.0047654281755154 0.259433534476024 -0.476197659050519
0.00394502461066479 -0.0335725157621297 0.722152474373843 0.0684006229508929
0.00344756465390342 -0.00186107741400462 0.30523211989168 0.778115424966883
-0.0111268111541762 -0.0189522964303872 -0.342089410433791 0.525647324309769
-0.00445573908391106 -0.0329986356640902 -0.00931943625724683 0.100851947647354
0.0155541873991449 -0.0176762347455877 0.424313285739882 -0.40061940096345
0.00746833033932682 -0.0169308452784586 -0.099418041713092 -0.884253655241186
-0.0103112510709949 -0.0111900475596717 -0.815222791955355 -0.282806749894424
-0.0298232053976834 0.0155397614520229 -0.415323596538046 0.503477801051856
-0.0103761068661036 0.0323778025452054 0.182659620864474 0.426027453491897
-0.0010096677680181 0.0147658545301663 0.245283274027197 0.0825122073803095
0.006015000008005 0.0174375304240459 0.0241494269052965 -0.182852626728828
-0.0156055542784264 0.0090138189065651 -0.00572045048310913 0.146773934720093
-0.0303308043016167 -0.00147513351535466 -0.163679153627652 -0.0658535005835131
-0.017719924711428 -0.0311851172861645 -0.192603390070899 -0.366717989688907
-0.00488838697861378 -0.0469738852746861 0.331893799457169 -0.411657932160404
0.0299924942425238 -0.0165549167053738 0.724218207734581 0.193717478000691
-0.00344949024199512 0.0500781801209401 0.197180804695792 0.811147318043607
-0.0479976377336522 0.0140707702728961 -0.388169187510926 0.466483805647907
-0.0430348481780908 -0.0128940790304195 0.00956309034085751 0.0686036828261326
-0.0190285196785506 0.0178838631126115 0.381295752139075 -0.459518479100175
0.00229375875256038 0.0357938555461236 -0.224266038365787 -0.854028107803013
0.0132109674665135 0.0030930662716414 -0.818271448039357 -0.139006171985113
-0.0275263582207459 -0.0247883406132189 -0.319986329321214 0.574224544685485
-0.0231831733618632 -0.0180021246213445 0.221642603427799 0.406474998685189
-0.0249021008776496 -0.00630570964920779 0.236568137542356 0.039631706468078
-0.0288464794286897 0.023074665226067 0.041230228495761 -0.20293380770505
-0.0140920772567821 0.0114044408382707 -0.00322827101867995 0.145730893773191
-0.0253242609429784 0.00385515615058536 -0.159414616496791 -0.0648141479547071
-0.0125035029538908 -0.0254547239374853 -0.187552725256731 -0.368217202845126
-0.00608122340361304 -0.044937669869659 0.331389063447275 -0.405635942310109
0.0272221917418151 -0.0165650345890516 0.719976059225819 0.201444186260369
-0.00316496497973862 0.0493726221571433 0.185229683032012 0.822788951203915
-0.0475039662852437 0.0163979630062528 -0.398085181738755 0.473722758763355
-0.0426592860081124 -0.00789163421789428 0.000661357291561274 0.0755432867242007
-0.0183051496435803 0.0213100683707042 0.373077647371291 -0.451859148969001
0.00276957996967608 0.0346007370404729 -0.230489825574825 -0.843826549987165
0.00800428343836614 0.00293314220617051 -0.821231547444137 -0.130615162846705
-0.0290651274429933 -0.0229055494540665 -0.32107500403656 0.577602496004096
-0.0182933376391264 -0.0126835067224761 0.224890577350508 0.405014474225864
-0.0208833727805777 -0.000191507030263126 0.241396737030889 0.0411771296454163
-0.0275507608488029 0.0251799516654681 0.0440532714014182 -0.202680877827812
-0.0107836808240192 0.0126372701976115 -0.00361547815847556 0.146493161933778
-0.0197640172182535 0.0100095907320545 -0.155546972024144 -0.0601419236505917
-0.00736611660573549 -0.0177957095846788 -0.186438856100976 -0.36569726976421
-0.00757140663024067 -0.0399393729524766 0.325994259553118 -0.409566469560593
0.0223399907238586 -0.0204341200521424 0.715191866868669 0.199092359649712
-0.0017621913812702 0.0447879264459027 0.187401374142503 0.82739238451506
-0.0419828685274649 0.0176153476061582 -0.401226993743402 0.484542931254565
-0.0402931087724152 -0.00696214017845818 -0.00690199806005988 0.0822600187906153
-0.0136331965927249 0.0204230590124769 0.371704852088521 -0.442247769148776
0.00323382028658092 0.0299106670711332 -0.225906585424377 -0.837626954813391
0.00309245581090267 0.00117623310690549 -0.825969654697896 -0.136743310336359
-0.0292498198165981 -0.0167323821161082 -0.32631336039509 0.575609775139209
-0.0123845945823921 -0.00475826458836409 0.224618973192507 0.406840911772834
-0.014886334550758 0.00609610300015815 0.246714912966628 0.0442025574220377
-0.0236065788097727 0.0269673112389371 0.0437880218586349 -0.201554138260883
-0.00546394291982866 0.0122111438390035 -0.00580562758024461 0.148111589317391
-0.0141869922714365 0.0148095862321244 -0.152451677701266 -0.05322248043414
-0.00285264577211324 -0.00763650400280835 -0.189341375582671 -0.363418251072945
-0.00926405731687786 -0.0332782776387782 0.313259372133608 -0.418278256569398
0.0162212587355667 -0.023286634084637 0.712088347444043 0.183043170668351
0.000463261383561109 0.0359311744453125 0.202401416654317 0.826747195434405
-0.0354388596425456 0.0148283985116862 -0.395883927450475 0.497228136817678
-0.0352160018590812 -0.00797715564997182 -0.0137988634437984 0.0889866659516581
-0.00869295590364156 0.0163279278268102 0.37098254545504 -0.431588025208816
0.00356615362380732 0.0216719507599389 -0.213852148694825 -0.838734454903406
-0.00145452132932894 -0.000378484618123415 -0.827407530796764 -0.148203855073534
-0.0301172987132667 -0.00959494826388393 -0.342266420252947 0.56751137047773
-0.00761845549298803 0.00445671128215019 0.221458670926506 0.409149191378924
-0.00935695010141139 0.0116173592890513 0.248787231800546 0.0495987990007604
-0.0174180871484451 0.0268230808049592 0.0421660118534511 -0.19826941391945
0.000757205230096274 0.0110340598054744 -0.00931742746146681 0.150855798996701
-0.00841654321067973 0.019059696183833 -0.152049422700324 -0.044631229449146
0.000142602867149188 0.00227062785402036 -0.193974326382044 -0.358672236546862
-0.0103660092301451 -0.0246028077493649 0.300514400326921 -0.430832524288916
0.0113101129118831 -0.0269214159441672 0.711502554254557 0.158003236414328
0.0030253815010039 0.026510200256616 0.223125100506892 0.817634988218909
-0.0283807270544218 0.00846311242775856 -0.387988204167348 0.508175363191381
-0.0270991416140655 -0.0111561961504066 -0.01772854432051 0.0943754416896536
-0.00293877492998879 0.00917784228708367 0.379684807137676 -0.418368642152982
0.00335110148702135 0.0114388886848613 -0.190555240191165 -0.844911435852807
-0.00664021519021066 -0.00340924621860704 -0.82723042461546 -0.178263197918616
-0.0296706033327683 -0.00173959861129848 -0.360733521581686 0.55500866901267
-0.00568479959261486 0.0140196285126257 0.213204939931458 0.414659419698585
-0.00449502747480273 0.0158853333601361 0.250990834161253 0.0587550202988387
-0.0107885004546872 0.0256157367436043 0.0384728324462366 -0.193458994231222
0.00710140600773296 0.00896951159083542 -0.0134745196128865 0.154310426630981
-0.00533210203709158 0.0203434171121147 -0.153630082591488 -0.0370578692561098
0.00205018838882093 0.0102852849243037 -0.203497449558579 -0.356184861354241
-0.0101771584514559 -0.0160797985146165 0.284915792621863 -0.448120047911427
0.00612027808857319 -0.0301622309689676 0.713588322072589 0.128669061251191
0.00400492139876408 0.0153975105418802 0.250443157041884 0.807566301650677
-0.0208031977843297 0.000126067568610763 -0.372569430885308 0.518041128890441
-0.0191276643748846 -0.0176995574316762 -0.0180882022696342 0.0995453666455219
0.00411298998955544 -0.000282630598361595 0.391287100021281 -0.410992966186157
0.00469046356416544 0.000167297567149324 -0.161054833116928 -0.855433208275887
-0.00920195456335781 -0.005768128489765 -0.825684787735579 -0.210211282802441
-0.0299845398798819 0.00542251590190527 -0.381076865742315 0.53825276642915
-0.00404736648504088 0.0227123753346391 0.204154580491497 0.418609424608226
-0.0004180028957167 0.0192330835133728 0.250914030399324 0.0660039919753346
-0.00311834847896775 0.0228149283015475 0.0342113722921573 -0.189653995855539
0.0123650465700535 0.00637174309583781 -0.0195764716417134 0.15755856165377
-0.00342818808848333 0.0190230724705246 -0.156640405453022 -0.0309285602758187
0.00228094199073986 0.0154862229994362 -0.210536386433432 -0.352591207159825
-0.00985954096221888 -0.0082784087774163 0.268443957210796 -0.461767729419395
0.00399934842233461 -0.0327931973995513 0.716195118096054 0.0946952404667499
0.00443287801401399 0.00515488048395005 0.280180669969635 0.789855973282445
-0.01506200022147 -0.0101421046394343 -0.357243087084492 0.522261741727954
-0.011348951625344 -0.0254878290451778 -0.0143883990302875 0.101020906981042
0.0115490445072948 -0.0100064874999756 0.405507185781447 -0.402655537664836
0.00645210889051833 -0.0102413205748641 -0.131025840359189 -0.865670473483529
-0.0116260007387911 -0.00842804471436186 -0.817881810847873 -0.244356443517256
-0.0296879406126698 0.0119397147560028 -0.399457678854617 0.520280869708301
-0.00636986222217317 0.0291128544671674 0.19440730886681 0.422643390024767
-0.000560813255534725 0.0184466563204139 0.247955375139641 0.0755520986753929
0.00262821433710693 0.0206863986327178 0.0283952981671491 -0.185180950264898
0.015450819743989 0.00288285212140007 -0.0241228021005589 0.159493866691511
-0.00433622888961046 0.0158633281966627 -0.160536954656609 -0.0256380388221923
4.83128899691669E-05 0.0174782719136936 -0.219143332928428 -0.348480992415198
-0.00824149381027212 -0.00490406918876872 0.255527105185445 -0.4742338504885
0.00359429182085324 -0.0335973465285279 0.719013963633753 0.065076290740906
0.00405586445436958 -0.001480048921621 0.304805032123789 0.772751861716626
-0.011425940469413 -0.0188122963296751 -0.338350575520698 0.524248830440031
-0.00538631308374087 -0.032517996707688 -0.00934304590733647 0.100299725472754
0.014901370104908 -0.0178712164852298 0.421301885397607 -0.400369453190777
0.00709998366917007 -0.0171005830937003 -0.102544033693622 -0.877775791924112
-0.0106142126874277 -0.0108417362880035 -0.813512768380614 -0.277477016248029
-0.0294830370564234 0.0150972087723443 -0.413890708069449 0.502824418127887
-0.010061202948782 0.0326842551692963 0.183932513854744 0.422363369865158
-0.0018872703705092 0.0148344950385041 0.244785667089953 0.0808946784957816
0.00638107576398263 0.0177876162887649 0.0224682840098783 -0.181785434283024
-0.0154706291460489 0.00909105986038345 -0.00456294627585499 0.14675220002607
-0.0311213232335419 -0.000836705012470747 -0.164209326173399 -0.065297041595452
-0.0178094316497757 -0.0302694803511759 -0.193499624016832 -0.364784101288574
-0.00484921509668538 -0.0464717452589932 0.328361879190688 -0.409904518693912
0.0305122294071448 -0.0168365515568285 0.720192427196388 0.190878161892007
-0.0043204358143254 0.0496141699261057 0.19723201190975 0.808369013057188
-0.0483611024435391 0.0138932546094565 -0.385018826987602 0.465041493536232
-0.0433780995225716 -0.0122447675033388 0.00955141277635285 0.068855325402632
-0.0200195168001221 0.0172579775041448 0.379192424804129 -0.458754895528384
0.00151978499506713 0.0352100824202019 -0.224582223872743 -0.85033008549789
0.0130525691843849 0.00337564869996327 -0.815457760227533 -0.136382236976019
-0.0277810773969316 -0.0250054736790696 -0.318111435536721 0.573038905486175
-0.0231682283913933 -0.0181887607559966 0.223119220005119 0.402979075308874
-0.0257222749912304 -0.00602006579073416 0.235966599268335 0.039358851144602
-0.0291498109097126 0.0230159217231692 0.0402959996438188 -0.202028607591668
-0.0138473229258092 0.0119925290965757 -0.00287271021011354 0.145137943220487
-0.0255448388051504 0.00432598397080147 -0.159800337814856 -0.0634684010385704
-0.0119390063044442 -0.0252110138003482 -0.187169739985737 -0.363608034986114
-0.00638659094377447 -0.0440662248802755 0.330481914290312 -0.405923385248812
0.0264784955991917 -0.0176721694944351 0.714999441147587 0.20037984090985
-0.00283148111525074 0.0489425293799013 0.185306869959944 0.819270721223405
-0.0471379102798853 0.0170784661365439 -0.395179788312609 0.471888327171967
-0.0438995683008358 -0.00806586191350561 0.000401760280230702 0.074953600188985
-0.0177653996072523 0.0200781088979901 0.369736030634699 -0.449151623758131
0.00218220865645775 0.0350766629712797 -0.230447761563014 -0.837898260137042
0.00897244772273004 0.00325894858511903 -0.816706661235131 -0.128210443517798
-0.0289779703992661 -0.0220086086466976 -0.31859093823192 0.575882891705504
-0.017640432811467 -0.0127719225665034 0.224272070880416 0.404439771909134
-0.020382430734098 0.000481632729269734 0.241258595690001 0.0401062564470407
-0.0266060784488414 0.0257423554053882 0.0429810978461807 -0.20202762576783
-0.0110591798271114 0.0127938696909334 -0.00249351624323995 0.146168635271758
-0.0194209273892035 0.00958864322640039 -0.155475002814846 -0.0592906589013986
-0.0075886044524051 -0.0172555588195487 -0.18730097826933 -0.361793312696767
-0.0079240787881829 -0.0394852659756751 0.324408745482189 -0.40693363152293
0.0217461806427433 -0.0197670840281238 0.71019029363499 0.198197947830811
-0.00133174497655568 0.0449771044228623 0.187151073569283 0.822357073172192
-0.0421947487708061 0.0175868951743474 -0.39921613148837 0.48234056160349
-0.0408107743992353 -0.00619570825832974 -0.0077378696686236 0.080896918663877
-0.0137792971013647 0.0198323065003673 0.368811745792463 -0.44015070366308
0.00372291717725973 0.029843602515177 -0.224749520601012 -0.833603867527965
0.00429933537884179 0.0013446740267658 -0.824035552640413 -0.133775368896187
-0.0292402388401377 -0.0165849433665288 -0.324709592379346 0.573801949050331
-0.0122113144741005 -0.00526686770955024 0.224041976376698 0.404392463597068
-0.0147418090715425 0.00768212450069682 0.246351278598487 0.0429535058881331
-0.0232269931725418 0.0272091667601595 0.0432000965317216 -0.201104555186416
-0.00564731907142691 0.0126697648719969 -0.00434008187064477 0.147894954982026
-0.0128365513569153 0.0150775788014397 -0.152520997686954 -0.0520890933168616
-0.00251177403055512 -0.00695101224528551 -0.189681763224273 -0.36012528239541
-0.00994095040436242 -0.0326832017289259 0.311933406070175 -0.416288834356151
0.0159001174371873 -0.0229192068465779 0.707895743653756 0.181151444323653
0.00145064155995164 0.0364837474541645 0.202656385369773 0.822451877789221
-0.0352341502226592 0.0148924292814998 -0.394895214847337 0.493856391134548
-0.0356506219634451 -0.00668243662938775 -0.0135453573671778 0.087897597921163
-0.00937769590596293 0.0155896128789809 0.369354851994849 -0.429030174278985
0.00329898927087284 0.0217024536461446 -0.213213712285624 -0.834704891151858
-0.00171682005574415 -0.00044406074638164 -0.825344707438925 -0.147974323644327
-0.0292248093711822 -0.00966705814359037 -0.340581190309885 0.566360164941164
-0.00808725710887188 0.00383292304748717 0.221205193060477 0.407755195146216
-0.00940543731428892 0.011536256991656 0.24789913767679 0.0488661160991994
-0.0170308783756909 0.0279676642493274 0.0413709490650954 -0.197287271425064
0.000300137322509921 0.011682928467516 -0.00858018750615614 0.150546151699409
-0.00866561192604534 0.0185885444269347 -0.151799217762212 -0.0442255989839655
0.000371621597058874 0.00147954231099388 -0.195106514933154 -0.356255521961016
-0.01095209538955 -0.0243894179116641 0.297842014939281 -0.429760905075634
0.010618449037022 -0.0270830605656183 0.708176140177054 0.157022998351089
0.0026570440108577 0.0265978425935222 0.224768410284504 0.814132957967014
-0.0286358856484251 0.00984056534019248 -0.384727002193591 0.505556850098944
-0.0285026705815615 -0.0105435296705953 -0.0173578034473391 0.0944633867106586
-0.00244333635399606 0.008699038691768 0.375981368719814 -0.417750976328744
0.00456053651694728 0.0116476320453884 -0.192842862195762 -0.839287164071486
-0.00551611329250756 -0.00232525312556968 -0.8256059408498 -0.173297951683009
-0.0292090989154631 -0.000389748953380706 -0.358293947757497 0.551450805990363
-0.00499572853834205 0.0144126059698997 0.214618848263892 0.411754902271848
-0.0050737676983925 0.0166317322218487 0.251498457628609 0.0568110647753233
-0.00958862388500255 0.0254877404059354 0.0373204058342717 -0.193428659223429
0.0063871527958454 0.0102626098436062 -0.0130814048681938 0.154153159233374
-0.00481493437737356 0.0205084200531608 -0.153196869045399 -0.0370086527514201
0.0021448343800322 0.0104843154113167 -0.203836699833762 -0.352866503932662
-0.0109759751907543 -0.0155121834467881 0.281425315050344 -0.445838510838891
0.00578043261393128 -0.0299582385537744 0.710695197519978 0.127159773852679
0.00430357926257896 0.0154315357519043 0.250944226042564 0.803790309747957
-0.0208770909853339 2.8060387908313E-05 -0.370864463792083 0.515466529780262
-0.0198193523716064 -0.017686336605769 -0.0178727440786965 0.0991350632132783
0.00471777237654326 -0.000101798143836575 0.387557067736623 -0.409274343731108
0.00521482839507321 0.000320282792681054 -0.163377959142092 -0.849319789282945
-0.00970383014241498 -0.00576952134287319 -0.823773159035147 -0.209170464177614
-0.0294791079427855 0.00620178269418925 -0.378439187371448 0.536736363841109
-0.00411389887116818 0.0219770521135567 0.204321175037993 0.415469316089006
-0.00110971136086089 0.0188826199383473 0.250585640492933 0.0653335336409999
-0.00256251807902249 0.0239387024308941 0.0332208740233058 -0.189004332205098
0.012352024501318 0.00648900533225415 -0.0183555600392346 0.157088982561423
-0.00267787503845619 0.019457583344983 -0.156893504175614 -0.0293702711207129
0.00215404388108009 0.015841136742016 -0.211843390352398 -0.348895136354563
-0.00959230525081607 -0.00887700276024758 0.26709713354174 -0.459124095514846
0.00328989656904081 -0.0321465512901931 0.712567244097312 0.0938899631617441
0.00474515219978455 0.00577823485922834 0.280698084855272 0.785984953129981
-0.0148894280051117 -0.0100883211801859 -0.354614013532663 0.519190119875901
-0.0121640227610702 -0.0251902249434383 -0.0146213749812748 0.100314121071229
0.0105685068574606 -0.00994750119676245 0.40183600553476 -0.399225205553676
0.00543242724628102 -0.00977439435276939 -0.132435650923325 -0.862207499400788
-0.0106351506611497 -0.00850089522280689 -0.816083900633705 -0.242860576833855
-0.0294464806201175 0.0114518805801387 -0.396659550602734 0.517940122428548
-0.00578150052660425 0.0290651846760929 0.194255754784035 0.419145364654685
-0.000553177617911034 0.0189570208291518 0.248426791208941 0.0736939425504066
0.00321394710691315 0.0213583799245796 0.0273197967751607 -0.185210117726575
0.0154576102715572 0.00296194757106429 -0.0228200126011951 0.159051964139686
-0.00385866914789659 0.0154003221357869 -0.160718169312883 -0.0241211470910578
3.32811618305707E-05 0.0181738207970007 -0.220003217137649 -0.344088454977256
-0.0084871771081553 -0.00448497386330328 0.254539358062769 -0.472285071949883
0.00313579006827829 -0.0334578213223906 0.714162082658152 0.0663542688907529
0.00379740608986319 -0.000454606273666761 0.304541111720042 0.76904094449943
-0.0115642714100865 -0.0184273375343192 -0.335686884792377 0.520369476362385
-0.00663872866764914 -0.0320206706926015 -0.0091696261222957 0.100479988468837
0.0150807273939055 -0.0187752517687281 0.41722202038197 -0.397308200241552
0.00763224779018904 -0.0171836541914624 -0.104091273577963 -0.875089867457117
-0.010019420491507 -0.0105878103053788 -0.809231028144254 -0.276286304161118
-0.0283897788135815 0.0154760269896667 -0.411879269602267 0.502531729338208
-0.00997245875185859 0.0317829203928595 0.184215902510664 0.421538911697584
-0.00218869131657264 0.0156852117029413 0.244766933022297 0.0799010641158352
0.00688169086548988 0.0180883075267926 0.0222599696950739 -0.181512952675407
