TRXV5
3
4
4
9
string Extension=J
integer IsArchMeasurement=1
integer IsSpherical=1
string Generator=SPM
string GeneratorVersion=1.3.1 Dev
double ArchRadius=0.449999988079071
integer FrequencyAxisIndex=0
integer AzimuthAxisIndex=1
integer ElevationAxisIndex=2
Frequency
5 201 600000000 700000000 LIN
Azimuth
7 8 0 2.74889357189107 LIN
Elevation
7 15 -2.74889357189107 2.74889357189107 LIN
Polar H Real Part
13
Polar H Imaginary Part
14
Polar V Real Part
13
Polar V Imaginary Part
14
Polar H Magnitude (dB)
12 0xC0000002 0 1
Polar H Phase
7 0xC0000003 0 1
Polar V Magnitude (dB)
12 0xC0000002 2 3
Polar V Phase
7 0xC0000003 2 3
0.00471878051757813 -0.00458955764770508 -0.02178955078125 -0.170028686523437
-0.00903511047363281 0.0220108032226563 0.22332763671875 -0.095916748046875
-0.00345611572265625 0.0308475494384766 0.3983154296875 0.147491455078125
-0.0206489562988281 0.0115871429443359 0.321746826171875 0.50823974609375
-0.031646728515625 -0.0366172790527344 -0.216796875 0.66400146484375
0.021514892578125 -0.079193115234375 -0.7525634765625 0.41424560546875
0.0672340393066406 0.00675582885742188 -0.66046142578125 -0.0249633789062501
0.0843505859375 0.0888671875 0.0550918579101563 0.138961791992188
0.08807373046875 0.0380401611328125 0.826904296875 0.18817138671875
0.0497016906738281 -0.0289115905761719 0.86663818359375 -0.4281005859375
-0.01251220703125 -0.0389900207519531 0.12640380859375 -0.75848388671875
-0.023651123046875 -0.0112075805664062 -0.400360107421875 -0.4384765625
-0.00710678100585938 0.0240440368652344 -0.408233642578125 -0.0936584472656249
0.00101852416992187 0.0267143249511719 -0.162521362304688 0.143905639648437
0.00493144989013672 -0.00519084930419922 0.077667236328125 0.159591674804688
0.00539207458496094 -0.00385332107543945 -0.024383544921875 -0.168487548828125
-0.0121593475341797 0.0211219787597656 0.218170166015625 -0.095916748046875
-0.00506019592285157 0.0306377410888672 0.391510009765625 0.147216796875
-0.0200977325439453 0.00992965698242187 0.315521240234375 0.50531005859375
-0.0295562744140625 -0.0398941040039062 -0.2193603515625 0.6607666015625
0.0256195068359375 -0.079986572265625 -0.75885009765625 0.41046142578125
0.0668220520019531 0.005706787109375 -0.66436767578125 -0.02752685546875
0.083099365234375 0.0891494750976563 0.0502853393554688 0.133285522460938
0.08868408203125 0.0389556884765625 0.819091796875 0.18402099609375
0.0519065856933594 -0.0293769836425781 0.854736328125 -0.42828369140625
-0.0116615295410156 -0.0424995422363281 0.1190185546875 -0.7545166015625
-0.0242538452148438 -0.0138874053955078 -0.406402587890625 -0.4351806640625
-0.0101146697998047 0.0212154388427734 -0.411651611328125 -0.09161376953125
-0.00174903869628906 0.0271282196044922 -0.163925170898438 0.147109985351562
0.00428676605224609 -0.00323295593261719 0.0771942138671875 0.16680908203125
0.00759124755859375 -0.00385236740112305 -0.026397705078125 -0.162200927734375
-0.0121421813964844 0.0192909240722656 0.216949462890625 -0.0922088623046875
-0.00826835632324219 0.0306682586669922 0.38671875 0.148712158203125
-0.0208511352539063 0.00951576232910156 0.308746337890625 0.50799560546875
-0.0301666259765625 -0.0382881164550781 -0.2314453125 0.6617431640625
0.0238265991210937 -0.0799179077148438 -0.76898193359375 0.40716552734375
0.0626220703125 0.00617599487304688 -0.672607421875 -0.0345458984375
0.0814895629882813 0.0867462158203125 0.0440292358398438 0.128463745117188
0.0860061645507812 0.0375213623046875 0.814208984375 0.17999267578125
0.0512313842773438 -0.0305595397949219 0.848876953125 -0.43695068359375
-0.0115470886230469 -0.0405311584472656 0.11212158203125 -0.758544921875
-0.0257205963134766 -0.0129623413085938 -0.41259765625 -0.436553955078125
-0.0114192962646484 0.0231494903564453 -0.4185791015625 -0.0921630859375
-0.00254631042480469 0.025054931640625 -0.169509887695313 0.1490478515625
0.00614595413208008 -0.00263643264770508 0.0716705322265625 0.16705322265625
0.0112314224243164 -0.00421524047851562 -0.0303497314453125 -0.157913208007812
-0.00923919677734375 0.0171003341674805 0.212478637695313 -0.0903778076171875
-0.004302978515625 0.0300483703613281 0.382415771484375 0.150970458984375
-0.0207424163818359 0.0127143859863281 0.302581787109375 0.508636474609375
-0.0306949615478516 -0.0334224700927734 -0.23870849609375 0.657958984375
0.0200653076171875 -0.078155517578125 -0.777099609375 0.39947509765625
0.0563163757324219 0.00430679321289063 -0.67852783203125 -0.0402832031250001
0.075439453125 0.0820083618164063 0.038330078125 0.123970031738281
0.0809402465820313 0.0341262817382813 0.8072509765625 0.173095703125
0.0471992492675781 -0.0304374694824219 0.8385009765625 -0.43731689453125
-0.0126113891601562 -0.0381851196289063 0.10394287109375 -0.75537109375
-0.0248432159423828 -0.0111312866210938 -0.418609619140625 -0.431610107421875
-0.00956344604492188 0.0228366851806641 -0.41949462890625 -0.0879821777343749
0.000995635986328124 0.0235366821289063 -0.171432495117188 0.15277099609375
0.0100536346435547 -0.00267219543457031 0.0702362060546875 0.173690795898438
0.0147886276245117 -0.00620555877685547 -0.0329742431640625 -0.152420043945313
-0.00353145599365234 0.0172014236450195 0.213104248046875 -0.0870819091796875
-0.000802993774414066 0.03314208984375 0.379547119140625 0.152618408203125
-0.0200080871582031 0.0188426971435547 0.29376220703125 0.51422119140625
-0.0346775054931641 -0.0273590087890625 -0.248046875 0.6607666015625
0.0137557983398438 -0.0768508911132813 -0.78509521484375 0.395263671875
0.0495872497558594 0.00236892700195313 -0.68194580078125 -0.044677734375
0.0714035034179687 0.0768585205078125 0.0371475219726563 0.122062683105469
0.0748291015625 0.0310592651367188 0.80364990234375 0.16583251953125
0.0393218994140625 -0.0293693542480469 0.83154296875 -0.4471435546875
-0.0153770446777344 -0.0314960479736328 0.0950927734375 -0.758544921875
-0.024261474609375 -0.00450706481933594 -0.425048828125 -0.4290771484375
-0.00607872009277344 0.0256557464599609 -0.422515869140625 -0.08807373046875
0.0068817138671875 0.0239028930664063 -0.173782348632812 0.154769897460938
0.0145750045776367 -0.00560092926025391 0.066253662109375 0.171707153320313
0.0201683044433594 -0.00869369506835938 -0.0365447998046875 -0.151718139648437
0.00474834442138672 0.0155858993530273 0.213897705078125 -0.0847015380859375
0.00497245788574219 0.0340518951416016 0.37750244140625 0.154388427734375
-0.0186557769775391 0.0232448577880859 0.288482666015625 0.515472412109375
-0.0382156372070313 -0.0217628479003906 -0.2552490234375 0.65924072265625
0.0048065185546875 -0.0732498168945313 -0.7928466796875 0.38787841796875
0.0423507690429688 -0.001373291015625 -0.68353271484375 -0.0486450195312499
0.0664749145507813 0.0701217651367188 0.0372467041015625 0.122062683105469
0.0667915344238281 0.0266532897949219 0.8017578125 0.1611328125
0.0305843353271484 -0.0250530242919922 0.82403564453125 -0.45172119140625
-0.0207443237304688 -0.02484130859375 0.08746337890625 -0.7596435546875
-0.0224742889404297 0.0019683837890625 -0.4288330078125 -0.425689697265625
-0.00117683410644531 0.0279541015625 -0.42462158203125 -0.0843505859374999
0.0126533508300781 0.0242862701416016 -0.172637939453125 0.156341552734375
0.0207653045654297 -0.00789642333984375 0.064056396484375 0.174728393554688
0.0240955352783203 -0.0111503601074219 -0.0358123779296875 -0.150909423828125
0.0120487213134766 0.0175104141235352 0.214675903320313 -0.08319091796875
0.013824462890625 0.0363883972167969 0.377349853515625 0.156982421875
-0.0159759521484375 0.0310134887695312 0.2862548828125 0.51953125
-0.0421218872070313 -0.0141143798828125 -0.26141357421875 0.6575927734375
-0.0026702880859375 -0.0720367431640625 -0.79608154296875 0.38226318359375
0.0360984802246094 -0.00393295288085937 -0.6824951171875 -0.05328369140625
0.0629501342773438 0.0647659301757813 0.0400466918945313 0.122779846191406
0.0618095397949219 0.0219535827636719 0.804931640625 0.15875244140625
0.0222225189208984 -0.0233497619628906 0.8167724609375 -0.454833984375
-0.0254096984863281 -0.0179634094238281 0.081787109375 -0.7569580078125
-0.0196189880371094 0.00876235961914063 -0.42938232421875 -0.42315673828125
0.006439208984375 0.0293540954589844 -0.4254150390625 -0.0826110839843749
0.0211200714111328 0.0233669281005859 -0.171218872070313 0.157745361328125
0.0242290496826172 -0.01141357421875 0.062408447265625 0.177154541015625
0.0272712707519531 -0.0128631591796875 -0.0353851318359375 -0.153106689453125
0.0184268951416016 0.0168075561523438 0.218719482421875 -0.082855224609375
0.020263671875 0.0386505126953125 0.382843017578125 0.157684326171875
-0.0144691467285156 0.0371131896972656 0.287353515625 0.520172119140625
-0.0473823547363281 -0.00861358642578126 -0.26177978515625 0.65960693359375
-0.0102195739746094 -0.0692977905273438 -0.7957763671875 0.38299560546875
0.0316238403320313 -0.00730705261230469 -0.68096923828125 -0.0538330078125001
0.0618629455566406 0.06182861328125 0.0444564819335938 0.127204895019531
0.0564155578613281 0.01947021484375 0.80841064453125 0.15869140625
0.014373779296875 -0.0234107971191406 0.82159423828125 -0.454345703125
-0.0282135009765625 -0.0101661682128906 0.08056640625 -0.7587890625
-0.0169086456298828 0.0145378112792969 -0.42901611328125 -0.423980712890625
0.0123329162597656 0.032196044921875 -0.4234619140625 -0.0822753906249999
0.0279979705810547 0.0239849090576172 -0.168731689453125 0.158798217773437
0.0276031494140625 -0.0153751373291016 0.062225341796875 0.176727294921875
0.00487089157104492 -0.00394344329833984 -0.0216217041015625 -0.168609619140625
-0.00846481323242188 0.0217437744140625 0.222091674804688 -0.0953216552734375
-0.00316429138183594 0.0320758819580078 0.396728515625 0.145660400390625
-0.0201683044433594 0.0112323760986328 0.320892333984375 0.505523681640625
-0.0320549011230469 -0.0380744934082031 -0.2149658203125 0.66455078125
0.0209732055664063 -0.079986572265625 -0.74896240234375 0.4117431640625
0.0655288696289062 0.00637054443359375 -0.65704345703125 -0.0252685546875001
0.0848617553710938 0.0885086059570313 0.0546722412109375 0.136459350585938
0.0867767333984375 0.0372772216796875 0.82098388671875 0.18463134765625
0.0491485595703125 -0.0284309387207031 0.86114501953125 -0.4256591796875
-0.0117149353027344 -0.0390510559082031 0.1251220703125 -0.7552490234375
-0.0250434875488281 -0.0119438171386719 -0.40106201171875 -0.43585205078125
-0.00605583190917969 0.0238571166992187 -0.40814208984375 -0.0920410156250001
0.00130271911621094 0.026763916015625 -0.162582397460937 0.143951416015625
0.00326013565063477 -0.00460243225097656 0.0760650634765625 0.159881591796875
0.00433206558227539 -0.00377488136291504 -0.02386474609375 -0.1669921875
-0.0116729736328125 0.0207271575927734 0.217041015625 -0.09649658203125
-0.00576019287109375 0.0307655334472656 0.3896484375 0.144561767578125
-0.0207462310791016 0.00906562805175781 0.316192626953125 0.501953125
-0.0308151245117188 -0.038970947265625 -0.2196044921875 0.65887451171875
0.0239944458007813 -0.07830810546875 -0.754150390625 0.40704345703125
0.0649833679199219 0.00759506225585937 -0.662109375 -0.0305175781249999
0.0831375122070313 0.088775634765625 0.0480422973632813 0.131500244140625
0.087188720703125 0.0377655029296875 0.814697265625 0.18121337890625
0.0524482727050781 -0.0303916931152344 0.8502197265625 -0.4278564453125
-0.0109519958496094 -0.0412559509277344 0.1175537109375 -0.7523193359375
-0.0251121520996094 -0.0152454376220703 -0.4051513671875 -0.4320068359375
-0.0092926025390625 0.0222434997558594 -0.413970947265625 -0.090301513671875
-0.00232887268066406 0.0259590148925781 -0.1646728515625 0.14727783203125
0.00325131416320801 -0.00249528884887695 0.075286865234375 0.16705322265625
0.00587081909179687 -0.00337600708007812 -0.0268707275390625 -0.161117553710938
-0.0117588043212891 0.0188064575195313 0.21551513671875 -0.0927276611328125
-0.00640487670898437 0.0295963287353516 0.38720703125 0.1470947265625
-0.0210189819335938 0.00871849060058594 0.30914306640625 0.50579833984375
-0.0301704406738281 -0.0378341674804687 -0.2294921875 0.66082763671875
0.0226287841796875 -0.0798721313476562 -0.765625 0.40716552734375
0.062103271484375 0.00591659545898438 -0.670654296875 -0.0324707031250001
0.0796279907226563 0.08563232421875 0.0438690185546875 0.127487182617188
0.085784912109375 0.0370635986328125 0.80865478515625 0.176025390625
0.0504493713378906 -0.0308189392089844 0.84490966796875 -0.43505859375
-0.0103912353515625 -0.0405464172363281 0.11102294921875 -0.75665283203125
-0.0249900817871094 -0.0135555267333984 -0.411285400390625 -0.433563232421875
-0.00959396362304687 0.0209369659423828 -0.4171142578125 -0.0895996093749999
-0.00122833251953125 0.0245285034179688 -0.168426513671875 0.1473388671875
0.00614500045776367 -0.0027623176574707 0.070526123046875 0.1656494140625
0.0101718902587891 -0.00452804565429688 -0.03076171875 -0.157882690429688
-0.00836372375488281 0.0186786651611328 0.211639404296875 -0.091156005859375
-0.00353050231933593 0.0295066833496094 0.380767822265625 0.1473388671875
-0.0197486877441406 0.0121498107910156 0.30230712890625 0.5067138671875
-0.0319309234619141 -0.0345802307128906 -0.237060546875 0.6553955078125
0.0188140869140625 -0.0779800415039063 -0.771728515625 0.39801025390625
0.0566482543945313 0.003753662109375 -0.673583984375 -0.03948974609375
0.0752182006835938 0.0810775756835937 0.0387496948242188 0.123748779296875
0.0795669555664063 0.0345230102539063 0.8028564453125 0.171630859375
0.0460090637207031 -0.0305976867675781 0.833984375 -0.4388427734375
-0.0134849548339844 -0.0369834899902344 0.10235595703125 -0.75286865234375
-0.0250587463378906 -0.0100879669189453 -0.4176025390625 -0.426300048828125
-0.00899124145507813 0.0227241516113281 -0.42010498046875 -0.0860595703125
0.0020751953125 0.0238513946533203 -0.1712646484375 0.152908325195312
0.00870370864868164 -0.00131845474243164 0.0705718994140625 0.17254638671875
0.013361930847168 -0.00674057006835938 -0.0332794189453125 -0.151947021484375
-0.00361347198486328 0.0171651840209961 0.2109375 -0.0875701904296875
-4.00543212890608E-05 0.0314674377441406 0.378204345703125 0.15093994140625
-0.0185794830322266 0.0168972015380859 0.292449951171875 0.50927734375
-0.0346794128417969 -0.030548095703125 -0.246337890625 0.656494140625
0.0115203857421875 -0.076507568359375 -0.7806396484375 0.39410400390625
0.0487709045410156 0.00147247314453125 -0.6800537109375 -0.0443115234374999
0.0694656372070313 0.0764923095703125 0.0364456176757813 0.120307922363281
0.07373046875 0.0296249389648437 0.79864501953125 0.16497802734375
0.0396804809570313 -0.0294647216796875 0.8271484375 -0.446533203125
-0.0152759552001953 -0.0315589904785156 0.09228515625 -0.75506591796875
-0.0229053497314453 -0.00433731079101562 -0.423583984375 -0.42742919921875
-0.00491142272949219 0.024871826171875 -0.422332763671875 -0.0844421386718751
0.00662040710449219 0.0235080718994141 -0.173416137695313 0.154434204101562
0.0146446228027344 -0.00518417358398438 0.0652618408203125 0.171676635742188
0.0193500518798828 -0.00828933715820313 -0.036468505859375 -0.149978637695312
0.002685546875 0.0176563262939453 0.211929321289063 -0.0851898193359375
0.00641250610351563 0.0328960418701172 0.376861572265625 0.151947021484375
-0.0175838470458984 0.0222759246826172 0.28863525390625 0.5118408203125
-0.0390167236328125 -0.0225372314453125 -0.2554931640625 0.6571044921875
0.00270843505859375 -0.0738525390625 -0.78765869140625 0.3883056640625
0.04205322265625 -0.00202178955078125 -0.68072509765625 -0.048583984375
0.0650100708007813 0.0709075927734375 0.0362472534179688 0.120346069335938
0.0667991638183594 0.0268135070800781 0.79742431640625 0.15924072265625
0.0307369232177734 -0.027740478515625 0.82025146484375 -0.4498291015625
-0.0194797515869141 -0.0249805450439453 0.08441162109375 -0.7557373046875
-0.0216159820556641 0.00260543823242187 -0.42803955078125 -0.4244384765625
3.6239624023435E-05 0.0268001556396484 -0.424041748046875 -0.0818176269531249
0.0132160186767578 0.0218181610107422 -0.171829223632813 0.156295776367187
0.0185794830322266 -0.00750350952148437 0.0636444091796875 0.174453735351563
0.0235977172851563 -0.0103111267089844 -0.0364532470703125 -0.149612426757812
0.0112762451171875 0.0168819427490234 0.213958740234375 -0.0827484130859375
0.0135841369628906 0.0338993072509766 0.375885009765625 0.155029296875
-0.0161666870117188 0.0301799774169922 0.28668212890625 0.51556396484375
-0.0439491271972656 -0.0153121948242188 -0.2579345703125 0.6549072265625
-0.003387451171875 -0.0708999633789063 -0.7926025390625 0.3836669921875
0.0355491638183594 -0.0051727294921875 -0.6793212890625 -0.0527954101562501
0.0618057250976563 0.0638580322265625 0.0388412475585938 0.1212158203125
0.059967041015625 0.0220794677734375 0.799560546875 0.1573486328125
0.0215778350830078 -0.0254173278808594 0.81573486328125 -0.45135498046875
-0.0231399536132813 -0.0169162750244141 0.0833129882812501 -0.75469970703125
-0.0171146392822266 0.00966548919677734 -0.42803955078125 -0.42041015625
0.00589561462402343 0.0296096801757813 -0.42303466796875 -0.0812683105468749
0.0211544036865234 0.0239791870117187 -0.171401977539063 0.156967163085938
0.0241909027099609 -0.0101089477539063 0.0627593994140625 0.175796508789063
0.0271587371826172 -0.0128421783447266 -0.0344390869140625 -0.152557373046875
0.0185127258300781 0.0172977447509766 0.218063354492188 -0.0840911865234375
0.0205421447753906 0.0380363464355469 0.38092041015625 0.15496826171875
-0.0150146484375 0.0365943908691406 0.287628173828125 0.51690673828125
-0.0468063354492188 -0.00944900512695312 -0.26068115234375 0.6571044921875
-0.0107803344726563 -0.0690689086914063 -0.7916259765625 0.38226318359375
0.0304145812988281 -0.00811767578125 -0.67669677734375 -0.0527954101562499
0.0605888366699219 0.0608596801757812 0.0433349609375 0.124382019042969
0.0562324523925781 0.0198745727539063 0.80291748046875 0.15631103515625
0.0152378082275391 -0.0224380493164063 0.81719970703125 -0.45416259765625
-0.0291461944580078 -0.0109786987304688 0.0815429687500001 -0.75701904296875
-0.0164766311645508 0.0139198303222656 -0.42816162109375 -0.41949462890625
0.0116481781005859 0.0316619873046875 -0.42327880859375 -0.07916259765625
0.0278205871582031 0.0240325927734375 -0.168014526367188 0.157943725585937
0.0264873504638672 -0.0149116516113281 0.0617828369140625 0.17669677734375
0.00375509262084961 -0.00404667854309082 -0.0206298828125 -0.168594360351563
-0.00899696350097656 0.0212669372558594 0.221328735351563 -0.0951080322265625
-0.00264549255371094 0.0304012298583984 0.396453857421875 0.143646240234375
-0.0205230712890625 0.0111446380615234 0.3204345703125 0.5015869140625
-0.0316238403320313 -0.0373420715332031 -0.2132568359375 0.6612548828125
0.0210342407226563 -0.078155517578125 -0.74578857421875 0.4129638671875
0.0636634826660156 0.00655746459960938 -0.65301513671875 -0.0245361328125001
0.0831069946289063 0.0888290405273438 0.0535812377929688 0.13482666015625
0.0878448486328125 0.0371551513671875 0.81781005859375 0.1837158203125
0.0490379333496094 -0.0295677185058594 0.85614013671875 -0.42510986328125
-0.0131187438964844 -0.0384368896484375 0.1248779296875 -0.75225830078125
-0.0237026214599609 -0.0109767913818359 -0.3995361328125 -0.434906005859375
-0.00684738159179688 0.0218696594238281 -0.4068603515625 -0.091339111328125
0.000896453857421873 0.0266437530517578 -0.162750244140625 0.144760131835938
0.00250816345214844 -0.00457096099853516 0.0757598876953125 0.159210205078125
0.0046076774597168 -0.00319004058837891 -0.0251007080078125 -0.166519165039063
-0.0109577178955078 0.0230617523193359 0.21630859375 -0.09674072265625
-0.00519180297851563 0.0295848846435547 0.389007568359375 0.141937255859375
-0.0219879150390625 0.00775146484375 0.315765380859375 0.499267578125
-0.031890869140625 -0.0392189025878906 -0.2181396484375 0.6561279296875
0.0221939086914063 -0.0787429809570313 -0.75274658203125 0.408203125
0.0651817321777344 0.00616455078125 -0.65814208984375 -0.0283813476562499
0.0828628540039063 0.087066650390625 0.04644775390625 0.129470825195312
0.0869522094726563 0.0378646850585938 0.8082275390625 0.1790771484375
0.0505523681640625 -0.0298576354980469 0.84710693359375 -0.42694091796875
-0.0112152099609375 -0.0408935546875 0.11676025390625 -0.7470703125
-0.025115966796875 -0.0146160125732422 -0.405059814453125 -0.430206298828125
-0.00954818725585938 0.0210380554199219 -0.41021728515625 -0.0899658203125001
-0.00253677368164063 0.0260715484619141 -0.164352416992188 0.1475830078125
0.00168299674987793 -0.00292778015136719 0.07525634765625 0.166275024414062
0.00472736358642578 -0.00315237045288086 -0.027191162109375 -0.159713745117188
-0.0113487243652344 0.0190315246582031 0.214218139648438 -0.09234619140625
-0.0060882568359375 0.0288829803466797 0.38446044921875 0.1461181640625
-0.0211277008056641 0.00963973999023438 0.306976318359375 0.504302978515625
-0.0310935974121094 -0.0379104614257813 -0.2281494140625 0.656982421875
0.0223464965820313 -0.080718994140625 -0.76165771484375 0.4049072265625
0.0607185363769531 0.00631332397460938 -0.66656494140625 -0.0328979492187499
0.079132080078125 0.0854644775390625 0.0418853759765625 0.125495910644531
0.0846023559570313 0.0363922119140625 0.80572509765625 0.17352294921875
0.0501594543457031 -0.0303153991699219 0.84075927734375 -0.43353271484375
-0.0114784240722656 -0.0414848327636719 0.11126708984375 -0.75311279296875
-0.0255985260009766 -0.0124855041503906 -0.41058349609375 -0.43194580078125
-0.0105934143066406 0.0214481353759766 -0.41571044921875 -0.0894470214843749
-0.00172805786132813 0.0246143341064453 -0.168930053710938 0.14837646484375
0.00585746765136719 -0.00145578384399414 0.070098876953125 0.167022705078125
0.00939178466796875 -0.00422191619873047 -0.0296478271484375 -0.156784057617188
-0.00795364379882813 0.0197677612304688 0.211380004882813 -0.09124755859375
-0.00467872619628906 0.0293045043945312 0.37933349609375 0.145721435546875
-0.0214939117431641 0.0115947723388672 0.30072021484375 0.50201416015625
-0.0323867797851563 -0.0356597900390625 -0.23583984375 0.65289306640625
0.0172119140625 -0.0772323608398437 -0.7711181640625 0.39794921875
0.0548324584960938 0.00333023071289063 -0.6712646484375 -0.041015625
0.0754776000976563 0.0818405151367188 0.0359954833984375 0.122543334960938
0.0794143676757813 0.0344390869140625 0.7969970703125 0.1693115234375
0.0450935363769531 -0.0300941467285156 0.830078125 -0.435302734375
-0.0124740600585937 -0.0376167297363281 0.10198974609375 -0.74951171875
-0.0246601104736328 -0.0104465484619141 -0.417877197265625 -0.425384521484375
-0.00858879089355469 0.0221729278564453 -0.419647216796875 -0.08526611328125
0.00251007080078125 0.0250892639160156 -0.170150756835937 0.152557373046875
0.0083475112915039 -0.00224590301513672 0.069915771484375 0.173065185546875
0.0137176513671875 -0.00703334808349609 -0.0316162109375 -0.151626586914063
-0.00320529937744141 0.0174474716186523 0.211990356445313 -0.0870361328125
0.000558853149414066 0.0317115783691406 0.378021240234375 0.15081787109375
-0.0194778442382813 0.0174064636230469 0.289581298828125 0.5076904296875
-0.0357513427734375 -0.0293083190917969 -0.24468994140625 0.654541015625
0.012176513671875 -0.0761566162109375 -0.77850341796875 0.39434814453125
0.0490798950195312 0.0010986328125 -0.67572021484375 -0.0441284179687501
0.0688858032226563 0.0751495361328125 0.0339279174804688 0.11981201171875
0.0733108520507813 0.0303268432617188 0.79541015625 0.1630859375
0.0389060974121094 -0.0287628173828125 0.82366943359375 -0.4447021484375
-0.0166969299316406 -0.0311775207519531 0.0923461914062501 -0.7532958984375
-0.0228977203369141 -0.00417137145996093 -0.422637939453125 -0.42474365234375
-0.00530052185058594 0.0250740051269531 -0.42352294921875 -0.08416748046875
0.00691413879394531 0.0227756500244141 -0.171859741210937 0.153427124023438
0.0150661468505859 -0.00498008728027344 0.064300537109375 0.172348022460938
0.0191764831542969 -0.00780677795410156 -0.0347442626953125 -0.149932861328125
0.00429153442382813 0.0179443359375 0.21075439453125 -0.0847320556640625
0.00546073913574219 0.0326442718505859 0.377197265625 0.15216064453125
-0.0182914733886719 0.0233211517333984 0.288238525390625 0.509796142578125
-0.0398483276367188 -0.0216484069824219 -0.25482177734375 0.653564453125
0.00390625 -0.0735092163085938 -0.78466796875 0.3863525390625
0.040679931640625 -0.00162887573242187 -0.6776123046875 -0.0499267578125001
0.0640640258789063 0.07049560546875 0.0356063842773438 0.119049072265625
0.0651626586914063 0.0262413024902344 0.79425048828125 0.15753173828125
0.0291118621826172 -0.0266685485839844 0.81695556640625 -0.4501953125
-0.0205574035644531 -0.0241966247558594 0.0852661132812499 -0.75274658203125
-0.0208892822265625 0.00221443176269531 -0.42730712890625 -0.4215087890625
-0.000791549682617185 0.0255317687988281 -0.42474365234375 -0.0819702148437501
0.0131034851074219 0.0223865509033203 -0.171783447265625 0.156326293945313
0.0172100067138672 -0.00808620452880859 0.063201904296875 0.174209594726563
0.0238761901855469 -0.0109577178955078 -0.0353851318359375 -0.14959716796875
0.0121192932128906 0.0185050964355469 0.212738037109375 -0.0831146240234375
0.0128326416015625 0.0356063842773438 0.37579345703125 0.15289306640625
-0.0178146362304688 0.0298213958740234 0.28521728515625 0.5133056640625
-0.0443801879882813 -0.0154609680175781 -0.25677490234375 0.65313720703125
-0.004974365234375 -0.0712203979492187 -0.78717041015625 0.38043212890625
0.0343418121337891 -0.00440216064453125 -0.676025390625 -0.0526123046875001
0.0609207153320313 0.0628471374511719 0.03778076171875 0.120674133300781
0.060302734375 0.022186279296875 0.79559326171875 0.156982421875
0.0199489593505859 -0.0255832672119141 0.81317138671875 -0.45074462890625
-0.0244483947753906 -0.0170001983642578 0.08050537109375 -0.75018310546875
-0.017247200012207 0.00882720947265625 -0.42889404296875 -0.41851806640625
0.00667572021484375 0.0298061370849609 -0.423370361328125 -0.07879638671875
0.0224971771240234 0.0228595733642578 -0.170791625976562 0.15673828125
0.0237083435058594 -0.0113239288330078 0.0609283447265625 0.175216674804687
0.0266342163085938 -0.0136566162109375 -0.0355072021484375 -0.151779174804688
0.01934814453125 0.0184803009033203 0.217926025390625 -0.083404541015625
0.0204277038574219 0.036407470703125 0.379913330078125 0.154510498046875
-0.0154571533203125 0.0358428955078125 0.287322998046875 0.515106201171875
-0.04864501953125 -0.00960922241210938 -0.25750732421875 0.65380859375
-0.011383056640625 -0.0689201354980469 -0.78887939453125 0.379150390625
0.0301780700683594 -0.00668144226074219 -0.6734619140625 -0.0535888671874999
0.0603256225585937 0.0605201721191406 0.04229736328125 0.124458312988281
0.0545082092285156 0.0200271606445313 0.79864501953125 0.1561279296875
0.0137424468994141 -0.0225200653076172 0.814208984375 -0.45294189453125
-0.0286674499511719 -0.0101566314697266 0.0814819335937499 -0.754638671875
-0.0163459777832031 0.0144863128662109 -0.42724609375 -0.4178466796875
0.0126094818115234 0.0315990447998047 -0.42144775390625 -0.078704833984375
0.0277137756347656 0.0232563018798828 -0.167327880859375 0.158370971679688
0.0257511138916016 -0.0152301788330078 0.0611114501953125 0.177032470703125
0.00354504585266113 -0.00354957580566406 -0.021759033203125 -0.16741943359375
-0.00792694091796875 0.0237846374511719 0.221847534179688 -0.0950469970703125
-0.00161170959472656 0.0313701629638672 0.394866943359375 0.143463134765625
-0.0205230712890625 0.00979423522949219 0.320831298828125 0.500701904296875
-0.0329170227050781 -0.0380630493164062 -0.213623046875 0.65985107421875
0.0210494995117188 -0.0783615112304688 -0.745361328125 0.40985107421875
0.0633544921875 0.00745773315429687 -0.65203857421875 -0.0252685546875001
0.08349609375 0.0879669189453125 0.0517959594726563 0.133323669433594
0.0862045288085938 0.03741455078125 0.813232421875 0.18414306640625
0.0477867126464844 -0.0287895202636719 0.85357666015625 -0.42559814453125
-0.0137672424316406 -0.0384483337402344 0.12762451171875 -0.75177001953125
-0.0227146148681641 -0.0120964050292969 -0.39666748046875 -0.43408203125
-0.00643539428710938 0.0230903625488281 -0.406951904296875 -0.090850830078125
0.00132179260253906 0.0260524749755859 -0.162490844726563 0.143402099609375
0.00270509719848633 -0.00548458099365234 0.075469970703125 0.1597900390625
0.00393772125244141 -0.00348901748657227 -0.0247344970703125 -0.165969848632813
-0.0106124877929688 0.0222930908203125 0.216644287109375 -0.0961456298828125
-0.00461196899414063 0.0296134948730469 0.390167236328125 0.14080810546875
-0.0216579437255859 0.00851249694824219 0.316009521484375 0.498565673828125
-0.03076171875 -0.0383224487304687 -0.21875 0.65447998046875
0.021514892578125 -0.0794448852539063 -0.75006103515625 0.4058837890625
0.0635910034179688 0.00632476806640625 -0.6568603515625 -0.0297241210937501
0.0807723999023438 0.0885391235351563 0.0465927124023437 0.128501892089844
0.0862655639648438 0.0375823974609375 0.80670166015625 0.179443359375
0.0516929626464844 -0.0290336608886719 0.84552001953125 -0.4241943359375
-0.0115089416503906 -0.0408554077148438 0.11749267578125 -0.7470703125
-0.0251502990722656 -0.0130538940429688 -0.40289306640625 -0.429840087890625
-0.009063720703125 0.0210723876953125 -0.4119873046875 -0.0888671874999999
-0.00139617919921875 0.0254096984863281 -0.164352416992188 0.147003173828125
0.000909566879272461 -0.00248837471008301 0.0751800537109375 0.167953491210937
0.00666093826293945 -0.00320816040039063 -0.0260467529296875 -0.159744262695313
-0.0111045837402344 0.0209579467773438 0.215225219726563 -0.09210205078125
-0.00660133361816406 0.0289688110351563 0.384918212890625 0.1448974609375
-0.0221920013427734 0.00916290283203125 0.30731201171875 0.50238037109375
-0.0307159423828125 -0.0384483337402344 -0.22918701171875 0.6568603515625
0.0207443237304688 -0.07818603515625 -0.76025390625 0.4031982421875
0.0611953735351563 0.00646209716796875 -0.66497802734375 -0.0346679687500001
0.0784912109375 0.0866165161132813 0.0399856567382813 0.123695373535156
0.0840606689453125 0.0370254516601563 0.79962158203125 0.174072265625
0.0493507385253906 -0.0306053161621094 0.8426513671875 -0.4332275390625
-0.0109024047851563 -0.039642333984375 0.1107177734375 -0.751708984375
-0.0245723724365234 -0.0126743316650391 -0.410003662109375 -0.428863525390625
-0.0106143951416016 0.0211715698242188 -0.41717529296875 -0.088836669921875
-0.00155258178710937 0.0246486663818359 -0.169876098632813 0.1492919921875
0.0039515495300293 -0.00218486785888672 0.070556640625 0.166091918945313
0.00898933410644531 -0.00417041778564453 -0.0306396484375 -0.157745361328125
-0.00806999206542969 0.0195045471191406 0.210922241210938 -0.0916900634765625
-0.00415802001953125 0.029083251953125 0.378692626953125 0.144561767578125
-0.0212783813476563 0.011566162109375 0.299163818359375 0.50152587890625
-0.0326213836669922 -0.0348682403564453 -0.23553466796875 0.6510009765625
0.0170211791992187 -0.0773239135742188 -0.7689208984375 0.3963623046875
0.0550422668457031 0.00407028198242188 -0.66973876953125 -0.0421142578125001
0.0727462768554688 0.0809402465820313 0.0359954833984375 0.120018005371094
0.0779647827148438 0.034423828125 0.7943115234375 0.1688232421875
0.0453605651855469 -0.0298843383789062 0.828857421875 -0.43548583984375
-0.0146751403808594 -0.0370254516601562 0.1021728515625 -0.74810791015625
-0.0251579284667969 -0.00974464416503907 -0.415374755859375 -0.425506591796875
-0.00877189636230469 0.0211563110351563 -0.420135498046875 -0.0863952636718751
0.000890731811523439 0.0243320465087891 -0.17138671875 0.152938842773437
0.00713014602661133 -0.00270938873291016 0.0692138671875 0.172042846679688
0.0133180618286133 -0.00532054901123047 -0.031829833984375 -0.151504516601563
-0.00321578979492188 0.0180587768554688 0.20953369140625 -0.086090087890625
4.38690185546844E-05 0.0302162170410156 0.37744140625 0.1494140625
-0.0205478668212891 0.0165863037109375 0.292755126953125 0.507568359375
-0.0351524353027344 -0.0298500061035156 -0.24609375 0.65338134765625
0.01031494140625 -0.0761871337890625 -0.77447509765625 0.39215087890625
0.0471115112304688 0.00337600708007813 -0.67510986328125 -0.0447998046875
0.0672378540039063 0.0750885009765625 0.033782958984375 0.1177978515625
0.0718536376953125 0.0299606323242188 0.79119873046875 0.16168212890625
0.0384674072265625 -0.0299186706542969 0.8211669921875 -0.44317626953125
-0.0155620574951172 -0.0312709808349609 0.0944213867187501 -0.75079345703125
-0.0232143402099609 -0.00353431701660157 -0.421112060546875 -0.42376708984375
-0.00583076477050781 0.0241031646728516 -0.42303466796875 -0.0849304199218751
0.00539588928222656 0.0234260559082031 -0.17449951171875 0.153518676757812
0.0133867263793945 -0.00551986694335938 0.0642242431640625 0.17303466796875
0.018768310546875 -0.00853538513183594 -0.034149169921875 -0.149337768554688
0.00392913818359375 0.0184078216552734 0.21038818359375 -0.083892822265625
0.00642585754394531 0.0319442749023438 0.37469482421875 0.15008544921875
-0.0189952850341797 0.0219154357910156 0.287811279296875 0.508056640625
-0.0389518737792969 -0.0229263305664063 -0.2528076171875 0.65289306640625
0.003021240234375 -0.0731201171875 -0.7843017578125 0.3856201171875
0.0413551330566406 -0.00159072875976562 -0.67620849609375 -0.05133056640625
0.0641326904296875 0.070404052734375 0.034393310546875 0.118858337402344
0.0650100708007813 0.0263099670410156 0.7908935546875 0.158935546875
0.0292091369628906 -0.0264263153076172 0.81573486328125 -0.4482421875
-0.0201854705810547 -0.0237236022949219 0.08709716796875 -0.7513427734375
-0.0213565826416016 0.00266265869140625 -0.427459716796875 -0.422088623046875
-0.000186920166015627 0.026885986328125 -0.42376708984375 -0.0808105468749999
0.0133037567138672 0.0223979949951172 -0.17413330078125 0.156356811523437
0.0170392990112305 -0.00800418853759766 0.0630340576171875 0.173721313476563
0.0227069854736328 -0.00969505310058594 -0.035186767578125 -0.149490356445313
0.0127964019775391 0.0177326202392578 0.21270751953125 -0.0836029052734375
0.0128440856933594 0.0356292724609375 0.3748779296875 0.152496337890625
-0.0162830352783203 0.0284881591796875 0.284576416015625 0.51129150390625
-0.0441169738769531 -0.0157012939453125 -0.258544921875 0.65087890625
-0.00513458251953125 -0.0701217651367187 -0.7886962890625 0.38018798828125
0.0344409942626953 -0.0050506591796875 -0.675048828125 -0.0538940429687501
0.0614700317382813 0.0634689331054688 0.03814697265625 0.118995666503906
0.0578346252441406 0.0218429565429688 0.790771484375 0.15728759765625
0.021270751953125 -0.0249347686767578 0.81256103515625 -0.4495849609375
-0.0242824554443359 -0.0171127319335938 0.0809326171875 -0.75
-0.0182857513427734 0.00926399230957031 -0.42803955078125 -0.4190673828125
0.00618743896484375 0.0279464721679688 -0.42333984375 -0.0793457031249999
0.0212650299072266 0.0224056243896484 -0.170211791992188 0.157928466796875
0.0218753814697266 -0.0108566284179688 0.0614776611328125 0.1768798828125
0.0262680053710937 -0.0133457183837891 -0.0347900390625 -0.150680541992188
0.0205192565917969 0.0188751220703125 0.217117309570313 -0.083740234375
0.0202293395996094 0.0369415283203125 0.3802490234375 0.152984619140625
-0.0157585144042969 0.0356063842773438 0.286376953125 0.51422119140625
-0.0473976135253906 -0.00954818725585938 -0.25982666015625 0.65277099609375
-0.0124053955078125 -0.0686302185058594 -0.78717041015625 0.37896728515625
0.0288372039794922 -0.00748062133789062 -0.67242431640625 -0.0538330078125
0.0597000122070313 0.0613136291503906 0.0419464111328125 0.123237609863281
0.054718017578125 0.0206069946289063 0.79571533203125 0.15545654296875
0.0129661560058594 -0.0224189758300781 0.8133544921875 -0.45269775390625
-0.0289802551269531 -0.00961112976074219 0.0815429687499999 -0.75067138671875
-0.015315055847168 0.0144767761230469 -0.426971435546875 -0.417755126953125
0.0117511749267578 0.0314064025878906 -0.422271728515625 -0.078704833984375
0.0276050567626953 0.0224094390869141 -0.16888427734375 0.158035278320313
0.0253028869628906 -0.0148830413818359 0.0609893798828125 0.176010131835938
0.00301408767700195 -0.00445222854614258 -0.0210418701171875 -0.167892456054688
-0.00684928894042969 0.0249347686767578 0.221694946289063 -0.094024658203125
-0.00250625610351562 0.0316886901855469 0.395233154296875 0.14337158203125
-0.0201835632324219 0.0103111267089844 0.320343017578125 0.49957275390625
-0.0335655212402344 -0.03826904296875 -0.21673583984375 0.65960693359375
0.0202560424804687 -0.078643798828125 -0.74444580078125 0.4090576171875
0.0634269714355469 0.008270263671875 -0.65087890625 -0.0266723632812499
0.0817794799804688 0.0882568359375 0.05084228515625 0.133041381835938
0.0854263305664063 0.0379638671875 0.8116455078125 0.1837158203125
0.0480690002441406 -0.0303115844726563 0.856689453125 -0.42529296875
-0.0121574401855469 -0.0383682250976563 0.12738037109375 -0.75054931640625
-0.0226764678955078 -0.0117282867431641 -0.396392822265625 -0.4329833984375
-0.00682258605957031 0.0222301483154297 -0.4073486328125 -0.0910034179687501
0.000152587890625003 0.0272178649902344 -0.162948608398437 0.143569946289063
0.00117015838623047 -0.00447988510131836 0.0740966796875 0.161788940429688
0.00241804122924805 -0.0025935173034668 -0.0231475830078125 -0.165451049804687
-0.0111732482910156 0.0238857269287109 0.2169189453125 -0.0946197509765625
-0.0046234130859375 0.0282344818115234 0.388153076171875 0.142791748046875
-0.0217704772949219 0.00794410705566406 0.315093994140625 0.499420166015625
-0.0307350158691406 -0.0399017333984375 -0.21875 0.65338134765625
0.0220413208007813 -0.0773391723632813 -0.75067138671875 0.40472412109375
0.0647621154785156 0.00811767578125 -0.6573486328125 -0.0318603515624999
0.0811614990234375 0.0879898071289063 0.04510498046875 0.127456665039063
0.0858993530273438 0.0376510620117188 0.80450439453125 0.18267822265625
0.0502815246582031 -0.03009033203125 0.84619140625 -0.42510986328125
-0.0120811462402344 -0.0407218933105469 0.12017822265625 -0.7464599609375
-0.0247287750244141 -0.0146923065185547 -0.40313720703125 -0.42840576171875
-0.00845527648925781 0.0202617645263672 -0.411376953125 -0.088104248046875
-0.00160980224609375 0.0260543823242187 -0.164993286132813 0.148025512695312
-0.000662326812744141 -0.00165605545043945 0.0735015869140625 0.168731689453125
0.00511503219604492 -0.0029296875 -0.0262298583984375 -0.160293579101563
-0.00995063781738281 0.0210208892822266 0.215377807617188 -0.0913848876953125
-0.00608634948730469 0.0282688140869141 0.3846435546875 0.142669677734375
-0.0228843688964844 0.00725936889648438 0.308013916015625 0.50225830078125
-0.0308570861816406 -0.0389595031738281 -0.231689453125 0.65582275390625
0.0211944580078125 -0.0792465209960938 -0.76092529296875 0.40350341796875
0.0593833923339844 0.006927490234375 -0.66400146484375 -0.03631591796875
0.0781631469726563 0.0870208740234375 0.0395584106445313 0.123367309570313
0.0836029052734375 0.0371322631835938 0.79998779296875 0.17645263671875
0.0500259399414063 -0.030670166015625 0.8408203125 -0.43121337890625
-0.0110092163085938 -0.0409622192382813 0.11212158203125 -0.752685546875
-0.0241317749023438 -0.0124168395996094 -0.4091796875 -0.429931640625
-0.00977516174316406 0.0200004577636719 -0.41796875 -0.0896301269531249
-0.00240707397460937 0.0241737365722656 -0.170791625976563 0.149444580078125
0.0038304328918457 -0.0021517276763916 0.069549560546875 0.167404174804688
0.00841140747070312 -0.00443363189697266 -0.02923583984375 -0.156158447265625
-0.00866508483886719 0.0204181671142578 0.211593627929688 -0.090087890625
-0.00463485717773437 0.0283412933349609 0.379119873046875 0.144775390625
-0.0210285186767578 0.0109710693359375 0.298583984375 0.502197265625
-0.0317916870117188 -0.0358734130859375 -0.2388916015625 0.65087890625
0.0170135498046875 -0.0771102905273438 -0.7701416015625 0.394287109375
0.0542564392089844 0.00543594360351563 -0.66912841796875 -0.0428466796874999
0.0732650756835938 0.080902099609375 0.0345306396484375 0.119766235351563
0.0793304443359375 0.0332260131835938 0.7928466796875 0.17059326171875
0.0445785522460938 -0.0299110412597656 0.83074951171875 -0.43243408203125
-0.0128440856933594 -0.0368499755859375 0.102294921875 -0.74853515625
-0.0237159729003906 -0.00901412963867188 -0.415008544921875 -0.425933837890625
-0.00754356384277344 0.0223064422607422 -0.420989990234375 -0.0857543945312501
0.00132560729980469 0.0238418579101562 -0.171051025390625 0.15240478515625
0.00563907623291016 -0.00247764587402344 0.069000244140625 0.174270629882813
0.0133028030395508 -0.00516223907470703 -0.0311126708984375 -0.152816772460938
-0.00183486938476563 0.0191574096679688 0.211776733398438 -0.0861663818359375
-0.000280380249023434 0.0323944091796875 0.375762939453125 0.14739990234375
-0.0202045440673828 0.0156021118164062 0.289886474609375 0.50677490234375
-0.0359039306640625 -0.0309219360351562 -0.2457275390625 0.6539306640625
0.00938415527343749 -0.0754165649414063 -0.77667236328125 0.39117431640625
0.0480270385742187 0.00145339965820313 -0.67388916015625 -0.0457763671875001
0.06842041015625 0.0754241943359375 0.03314208984375 0.117362976074219
0.07196044921875 0.0300979614257813 0.79052734375 0.1611328125
0.038238525390625 -0.0291557312011719 0.82501220703125 -0.44219970703125
-0.0163536071777344 -0.0309047698974609 0.0954589843749999 -0.75177001953125
-0.0219688415527344 -0.00341224670410156 -0.420745849609375 -0.421783447265625
-0.00519752502441406 0.0222225189208984 -0.4256591796875 -0.0844726562499999
0.00574874877929687 0.0231857299804688 -0.1746826171875 0.152908325195313
0.0117921829223633 -0.00539493560791016 0.06451416015625 0.172622680664063
0.0181961059570313 -0.00796890258789063 -0.03350830078125 -0.149856567382813
0.00535774230957031 0.0190773010253906 0.210433959960937 -0.0859222412109375
0.0059814453125 0.0321884155273438 0.375091552734375 0.149810791015625
-0.0189437866210938 0.0224208831787109 0.286285400390625 0.506744384765625
-0.0405387878417969 -0.0237312316894531 -0.25482177734375 0.6531982421875
0.001861572265625 -0.0737838745117188 -0.78375244140625 0.3837890625
0.0397491455078125 -0.00077056884765625 -0.67633056640625 -0.0513916015625001
0.062896728515625 0.0698928833007813 0.0324783325195313 0.117538452148437
0.0651168823242188 0.0258674621582031 0.78826904296875 0.1590576171875
0.0278835296630859 -0.02679443359375 0.81683349609375 -0.4476318359375
-0.0204715728759766 -0.0242176055908203 0.0865478515625 -0.75213623046875
-0.0192985534667969 0.00354766845703125 -0.42669677734375 -0.41943359375
0.000936508178710937 0.0261783599853516 -0.425445556640625 -0.07977294921875
0.0142364501953125 0.0222740173339844 -0.174240112304688 0.156463623046875
0.0177040100097656 -0.00892829895019531 0.0635223388671875 0.174942016601563
0.0223884582519531 -0.00970077514648438 -0.0352325439453125 -0.149612426757813
0.0121688842773438 0.0181961059570313 0.213699340820313 -0.0837554931640625
0.0138473510742187 0.0349159240722656 0.373779296875 0.151611328125
-0.0177364349365234 0.0291519165039063 0.284088134765625 0.512725830078125
-0.0434989929199219 -0.0164871215820313 -0.2603759765625 0.65087890625
-0.0059967041015625 -0.0698394775390625 -0.78668212890625 0.37884521484375
0.0329132080078125 -0.00532913208007813 -0.67572021484375 -0.0550537109375
0.0604705810546875 0.0654945373535156 0.0356979370117188 0.118904113769531
0.0596771240234375 0.0223045349121094 0.791748046875 0.1572265625
0.0202922821044922 -0.0251064300537109 0.8118896484375 -0.44879150390625
-0.0252532958984375 -0.0153827667236328 0.08380126953125 -0.7510986328125
-0.0185680389404297 0.00918769836425782 -0.42633056640625 -0.41644287109375
0.00583648681640625 0.0289306640625 -0.42327880859375 -0.0792846679687501
0.0216541290283203 0.0225887298583984 -0.171783447265625 0.157867431640625
0.0206699371337891 -0.0122108459472656 0.0616302490234375 0.177017211914063
0.0255565643310547 -0.0125331878662109 -0.0340423583984375 -0.151046752929688
0.0188865661621094 0.0194759368896484 0.21734619140625 -0.0822296142578125
0.0207061767578125 0.0362777709960938 0.37896728515625 0.151824951171875
-0.0157241821289063 0.0353431701660156 0.286407470703125 0.515167236328125
-0.0483856201171875 -0.0102157592773438 -0.260498046875 0.65350341796875
-0.0131340026855469 -0.0683364868164062 -0.78753662109375 0.37811279296875
0.0293045043945312 -0.00645256042480469 -0.6712646484375 -0.0540771484374999
0.059051513671875 0.0612716674804688 0.0405502319335938 0.121894836425781
0.0541496276855469 0.0197715759277344 0.79400634765625 0.1549072265625
0.0122756958007812 -0.0225028991699219 0.8140869140625 -0.450439453125
-0.0281276702880859 -0.0103416442871094 0.0822143554687501 -0.75341796875
-0.0152044296264648 0.0141372680664063 -0.426177978515625 -0.417388916015625
0.0128173828125 0.0312709808349609 -0.423583984375 -0.07818603515625
0.0279216766357422 0.0232639312744141 -0.170257568359375 0.15802001953125
0.024261474609375 -0.0147190093994141 0.061187744140625 0.176651000976563
0.00315332412719727 -0.00394320487976074 -0.020660400390625 -0.167633056640625
-0.00736427307128906 0.0243492126464844 0.221786499023438 -0.0944671630859375
-0.00219154357910156 0.0299148559570313 0.395965576171875 0.141876220703125
-0.0220909118652344 0.00908660888671875 0.319183349609375 0.500762939453125
-0.0339431762695312 -0.0387649536132813 -0.2166748046875 0.6607666015625
0.0185623168945313 -0.0784912109375 -0.7459716796875 0.40875244140625
0.0627708435058594 0.00783157348632813 -0.65118408203125 -0.02850341796875
0.08203125 0.0886764526367188 0.0507965087890625 0.131553649902344
0.0851211547851563 0.0379638671875 0.81298828125 0.18487548828125
0.046966552734375 -0.0298919677734375 0.85888671875 -0.42498779296875
-0.0128021240234375 -0.0383949279785156 0.13140869140625 -0.7529296875
-0.0229988098144531 -0.0120582580566406 -0.39764404296875 -0.43389892578125
-0.00671768188476563 0.0221538543701172 -0.410919189453125 -0.0915527343749999
0.00153350830078125 0.0269794464111328 -0.164703369140625 0.145309448242188
0.00167655944824219 -0.00546360015869141 0.07525634765625 0.162628173828125
0.00212264060974121 -0.00323104858398438 -0.0231475830078125 -0.16619873046875
-0.00993919372558594 0.024566650390625 0.217315673828125 -0.0952301025390625
-0.00578498840332031 0.0286445617675781 0.389984130859375 0.14141845703125
-0.0215930938720703 0.00734519958496094 0.313812255859375 0.49835205078125
-0.0322532653808594 -0.041229248046875 -0.22100830078125 0.6549072265625
0.0207366943359375 -0.0786361694335938 -0.752685546875 0.40380859375
0.063140869140625 0.0080108642578125 -0.656982421875 -0.0328979492187499
0.0798568725585938 0.0882949829101562 0.043487548828125 0.128196716308594
0.084564208984375 0.03778076171875 0.8048095703125 0.18292236328125
0.0507965087890625 -0.0302619934082031 0.8485107421875 -0.42340087890625
-0.0109596252441406 -0.0410118103027344 0.121826171875 -0.7471923828125
-0.0248813629150391 -0.0143413543701172 -0.402435302734375 -0.429473876953125
-0.00862884521484375 0.0199356079101562 -0.414093017578125 -0.0877075195312499
-0.00174903869628906 0.0255336761474609 -0.166351318359375 0.14990234375
0.00032806396484375 -0.00320291519165039 0.0740203857421875 0.167953491210938
0.00485610961914063 -0.00243663787841797 -0.0253143310546875 -0.159759521484375
-0.0113811492919922 0.0218143463134766 0.215667724609375 -0.0911865234375
-0.00627708435058594 0.0285377502441406 0.386016845703125 0.144073486328125
-0.0234489440917969 0.00886344909667969 0.307281494140625 0.502227783203125
-0.0321235656738281 -0.0403480529785156 -0.2333984375 0.6558837890625
0.0207366943359375 -0.0789337158203125 -0.76251220703125 0.40301513671875
0.0596199035644531 0.00670623779296875 -0.66455078125 -0.0379638671875001
0.0767135620117188 0.0869216918945313 0.0379791259765625 0.123123168945313
0.0837249755859375 0.0367355346679687 0.79998779296875 0.17626953125
0.05023193359375 -0.0302467346191406 0.8433837890625 -0.4317626953125
-0.011627197265625 -0.04119873046875 0.1148681640625 -0.752685546875
-0.0247344970703125 -0.0121479034423828 -0.410369873046875 -0.43121337890625
-0.00989723205566406 0.0204086303710938 -0.4189453125 -0.08880615234375
-0.00157928466796875 0.0243473052978516 -0.172149658203125 0.149932861328125
0.00257182121276856 -0.00200128555297852 0.07000732421875 0.167465209960937
0.00849008560180664 -0.00382184982299805 -0.0287017822265625 -0.158294677734375
-0.00760459899902344 0.0212993621826172 0.212066650390625 -0.090240478515625
-0.00332832336425781 0.0290260314941406 0.379486083984375 0.14508056640625
-0.0226554870605469 0.0107250213623047 0.298248291015625 0.5029296875
-0.0338134765625 -0.0361709594726563 -0.23858642578125 0.6529541015625
0.0171279907226563 -0.0779190063476563 -0.77130126953125 0.39263916015625
0.0539817810058594 0.0042724609375 -0.669677734375 -0.043212890625
0.072418212890625 0.0819244384765625 0.0343780517578125 0.118827819824219
0.0777740478515625 0.033538818359375 0.79217529296875 0.1719970703125
0.0450096130371094 -0.0285491943359375 0.83294677734375 -0.43487548828125
-0.0130271911621094 -0.037353515625 0.10504150390625 -0.75128173828125
-0.0237064361572266 -0.00994300842285157 -0.415435791015625 -0.42755126953125
-0.00861167907714844 0.0212860107421875 -0.42242431640625 -0.085845947265625
0.00197410583496094 0.0224819183349609 -0.172439575195313 0.15313720703125
0.00552129745483398 -0.0017085075378418 0.0689849853515625 0.17474365234375
0.0143613815307617 -0.0048675537109375 -0.0311126708984375 -0.152618408203125
-0.00172042846679687 0.0199794769287109 0.211700439453125 -0.08673095703125
0.000383377075195312 0.0298805236816406 0.377777099609375 0.147979736328125
-0.0217151641845703 0.0166511535644531 0.2916259765625 0.5076904296875
-0.0356330871582031 -0.0310096740722656 -0.24908447265625 0.65362548828125
0.00812530517578125 -0.0748214721679687 -0.7781982421875 0.3897705078125
0.0463676452636719 0.00210189819335937 -0.676025390625 -0.04998779296875
0.069000244140625 0.076507568359375 0.0315170288085938 0.116279602050781
0.0727386474609375 0.03033447265625 0.79071044921875 0.165283203125
0.0379104614257813 -0.0289459228515625 0.8250732421875 -0.4437255859375
-0.01641845703125 -0.0318183898925781 0.09735107421875 -0.7520751953125
-0.0220394134521484 -0.00380325317382812 -0.420654296875 -0.42608642578125
-0.00408363342285156 0.0229167938232422 -0.426422119140625 -0.0830078125000001
0.00550460815429688 0.0226612091064453 -0.174407958984375 0.155624389648438
0.0109272003173828 -0.00465297698974609 0.0625152587890625 0.174835205078125
0.0178699493408203 -0.00815391540527344 -0.033660888671875 -0.14892578125
0.00625801086425781 0.0197715759277344 0.212661743164063 -0.0836944580078125
0.005950927734375 0.0331802368164063 0.37493896484375 0.150115966796875
-0.0200119018554688 0.0219631195068359 0.28656005859375 0.51007080078125
-0.0402679443359375 -0.0237007141113281 -0.25634765625 0.65283203125
0.00191497802734375 -0.0724411010742188 -0.78558349609375 0.38494873046875
0.039520263671875 -0.00048828125 -0.6754150390625 -0.0518798828125
0.0627937316894531 0.0698089599609375 0.03179931640625 0.116676330566406
0.0644989013671875 0.0253753662109375 0.78887939453125 0.15997314453125
0.0286750793457031 -0.0271663665771484 0.81787109375 -0.4468994140625
-0.019622802734375 -0.0250720977783203 0.09063720703125 -0.75335693359375
-0.0204620361328125 0.00140571594238281 -0.424835205078125 -0.42132568359375
-0.000337600708007811 0.0257282257080078 -0.427154541015625 -0.08062744140625
0.0140037536621094 0.0222492218017578 -0.174774169921875 0.158355712890625
0.0155344009399414 -0.00915908813476563 0.0611114501953125 0.176559448242188
0.0222225189208984 -0.00964164733886719 -0.0346527099609375 -0.149765014648438
0.0129585266113281 0.0188884735107422 0.214309692382812 -0.0822296142578125
0.0132789611816406 0.0350131988525391 0.376190185546875 0.151092529296875
-0.0180740356445312 0.0285968780517578 0.283111572265625 0.511749267578125
-0.0447273254394531 -0.0170555114746094 -0.262451171875 0.652099609375
-0.00708007812500001 -0.071502685546875 -0.790771484375 0.37847900390625
0.0323333740234375 -0.00385093688964844 -0.67510986328125 -0.0551757812499999
0.060760498046875 0.0642433166503906 0.0354766845703125 0.117988586425781
0.0584945678710938 0.0223350524902344 0.789794921875 0.15716552734375
0.0193157196044922 -0.0242710113525391 0.81396484375 -0.4495849609375
-0.0245094299316406 -0.0169677734375 0.0845947265625 -0.75250244140625
-0.0168867111206055 0.00804519653320313 -0.427032470703125 -0.419769287109375
0.00743484497070312 0.0283603668212891 -0.42486572265625 -0.078948974609375
0.0206623077392578 0.022003173828125 -0.172607421875 0.158218383789063
0.0202445983886719 -0.0112113952636719 0.0595550537109375 0.178421020507813
0.0256023406982422 -0.0131301879882813 -0.0340576171875 -0.151580810546875
0.021453857421875 0.0206050872802734 0.21875 -0.0822906494140625
0.0207176208496094 0.0358810424804688 0.380218505859375 0.152313232421875
-0.0172233581542969 0.0348758697509766 0.28485107421875 0.5152587890625
-0.0500106811523438 -0.0112991333007813 -0.263427734375 0.6536865234375
-0.0144691467285156 -0.0680313110351563 -0.79119873046875 0.37860107421875
0.0283966064453125 -0.00489234924316406 -0.67083740234375 -0.0573120117187499
0.0586929321289063 0.0607109069824219 0.0396804809570313 0.120933532714844
0.0538711547851563 0.0191307067871094 0.79339599609375 0.158203125
0.0118598937988281 -0.0222930908203125 0.8155517578125 -0.4503173828125
-0.0285091400146484 -0.0107803344726563 0.08331298828125 -0.75311279296875
-0.0148696899414063 0.014307975769043 -0.426513671875 -0.419189453125
0.0129756927490234 0.0308895111083984 -0.424896240234375 -0.078582763671875
0.0280799865722656 0.0226039886474609 -0.170852661132812 0.159042358398438
0.0237903594970703 -0.0140228271484375 0.0606231689453125 0.177490234375
0.00313234329223633 -0.0034945011138916 -0.0207672119140625 -0.168243408203125
-0.00709152221679688 0.0244731903076172 0.22296142578125 -0.0951385498046875
-0.00226020812988281 0.02935791015625 0.39752197265625 0.1405029296875
-0.0219383239746094 0.0089874267578125 0.321014404296875 0.503814697265625
-0.0345191955566406 -0.038848876953125 -0.2193603515625 0.6607666015625
0.0181121826171875 -0.0782546997070313 -0.75030517578125 0.40997314453125
0.0630569458007812 0.00786972045898437 -0.6546630859375 -0.0291137695312499
0.081634521484375 0.0890655517578125 0.04937744140625 0.130821228027344
0.0859756469726563 0.0376052856445313 0.81207275390625 0.187744140625
0.0470733642578125 -0.0294189453125 0.8626708984375 -0.425048828125
-0.0141067504882813 -0.0389556884765625 0.13006591796875 -0.7564697265625
-0.0223598480224609 -0.0122928619384766 -0.400238037109375 -0.43670654296875
-0.00478363037109375 0.0218448638916016 -0.412261962890625 -0.089874267578125
0.0007781982421875 0.0260429382324219 -0.166275024414063 0.145828247070312
-0.000349998474121093 -0.00414323806762695 0.074066162109375 0.163009643554687
0.00252866744995117 -0.00264883041381836 -0.02288818359375 -0.166397094726562
-0.00974273681640625 0.0244598388671875 0.219894409179687 -0.0946502685546875
-0.00591850280761719 0.0282020568847656 0.39117431640625 0.1419677734375
-0.0224761962890625 0.00748062133789063 0.314788818359375 0.5020751953125
-0.0315933227539062 -0.0404510498046875 -0.22222900390625 0.6573486328125
0.0203933715820313 -0.0785293579101563 -0.75726318359375 0.4029541015625
0.0627861022949219 0.00811386108398438 -0.65887451171875 -0.0357055664062499
0.080963134765625 0.0883102416992188 0.0432510375976563 0.126663208007813
0.0856781005859375 0.0373992919921875 0.8050537109375 0.18353271484375
0.0505867004394531 -0.0291290283203125 0.851806640625 -0.42535400390625
-0.0115432739257812 -0.040191650390625 0.1231689453125 -0.7513427734375
-0.0245895385742188 -0.0126552581787109 -0.40570068359375 -0.432708740234375
-0.00781440734863281 0.0201168060302734 -0.416595458984375 -0.0895080566406251
-0.000610351562500002 0.0252685546875 -0.16851806640625 0.149856567382813
-0.00141704082489014 -0.00188016891479492 0.0727996826171875 0.17022705078125
0.00472593307495117 -0.00187301635742187 -0.02587890625 -0.16094970703125
-0.0102806091308594 0.0232696533203125 0.217208862304688 -0.09136962890625
-0.00638008117675781 0.0289955139160156 0.38751220703125 0.143524169921875
-0.0232982635498047 0.00733566284179688 0.304473876953125 0.505645751953125
-0.03271484375 -0.0400886535644531 -0.23504638671875 0.658447265625
0.01971435546875 -0.0795059204101563 -0.764892578125 0.40155029296875
0.0586128234863281 0.008544921875 -0.6676025390625 -0.0400390625
0.0784454345703125 0.0863418579101563 0.0371322631835938 0.122840881347656
0.083953857421875 0.0372161865234375 0.80023193359375 0.17864990234375
0.0495491027832031 -0.0306320190429688 0.8477783203125 -0.43121337890625
-0.0112533569335937 -0.039642333984375 0.11627197265625 -0.75628662109375
-0.023712158203125 -0.0133056640625 -0.409942626953125 -0.433349609375
-0.0100078582763672 0.0205497741699219 -0.42205810546875 -0.0880126953125
-0.00130462646484375 0.0252265930175781 -0.172607421875 0.150665283203125
0.00178241729736328 -0.00220942497253418 0.0696563720703125 0.168609619140625
0.00683927536010742 -0.00269556045532227 -0.02874755859375 -0.158370971679687
-0.00601005554199219 0.0229034423828125 0.213607788085938 -0.089599609375
-0.00453948974609375 0.0291881561279297 0.380157470703125 0.14471435546875
-0.0225181579589844 0.0115547180175781 0.29888916015625 0.506195068359375
-0.0328750610351562 -0.037353515625 -0.24298095703125 0.65576171875
0.0158843994140625 -0.07647705078125 -0.77490234375 0.39227294921875
0.0544204711914063 0.00611114501953125 -0.67169189453125 -0.04620361328125
0.0730133056640625 0.0815505981445313 0.0329818725585938 0.118270874023437
0.0774383544921875 0.033294677734375 0.79315185546875 0.17376708984375
0.0449180603027344 -0.0304336547851563 0.83642578125 -0.433837890625
-0.0124931335449219 -0.0361824035644531 0.10772705078125 -0.75177001953125
-0.0253372192382812 -0.0107707977294922 -0.41815185546875 -0.428619384765625
-0.00664901733398438 0.0214633941650391 -0.424407958984375 -0.085296630859375
0.00334548950195312 0.0229053497314453 -0.173675537109375 0.15478515625
0.00476598739624023 -0.00155401229858398 0.06756591796875 0.17645263671875
0.0128631591796875 -0.00534248352050781 -0.03033447265625 -0.151107788085938
-0.00172805786132812 0.0202236175537109 0.214706420898438 -0.0845947265625
-1.71661376953115E-05 0.0294971466064453 0.379119873046875 0.150146484375
-0.0230045318603516 0.0148868560791016 0.290130615234375 0.510223388671875
-0.0356330871582031 -0.0308189392089844 -0.2509765625 0.65582275390625
0.00852203369140625 -0.0747528076171875 -0.78228759765625 0.38885498046875
0.0464591979980469 0.00286865234375 -0.67694091796875 -0.0499267578125
0.0666122436523437 0.076751708984375 0.030364990234375 0.117202758789063
0.0703353881835937 0.0313186645507812 0.7894287109375 0.1658935546875
0.0387840270996094 -0.0298881530761719 0.8304443359375 -0.4432373046875
-0.0155735015869141 -0.0316448211669922 0.09869384765625 -0.755615234375
-0.0224170684814453 -0.00439071655273437 -0.42279052734375 -0.4266357421875
-0.00428581237792969 0.0238990783691406 -0.427001953125 -0.08447265625
0.00704193115234375 0.0236549377441406 -0.177230834960937 0.157135009765625
0.0101070404052734 -0.00386238098144531 0.062744140625 0.1751708984375
0.0171880722045898 -0.008331298828125 -0.034210205078125 -0.149932861328125
0.00626945495605469 0.020050048828125 0.211898803710938 -0.084259033203125
0.00542449951171875 0.0319499969482422 0.377197265625 0.1507568359375
-0.0203857421875 0.0218029022216797 0.28759765625 0.50970458984375
-0.0410614013671875 -0.0245323181152344 -0.25933837890625 0.65594482421875
0.000473022460937504 -0.072235107421875 -0.7894287109375 0.3829345703125
0.0380210876464844 -0.0005645751953125 -0.67926025390625 -0.0543212890624999
0.0630874633789063 0.0703277587890625 0.0323333740234375 0.116363525390625
0.0642547607421875 0.02618408203125 0.7894287109375 0.160888671875
0.0282096862792969 -0.0275249481201172 0.82440185546875 -0.4478759765625
-0.0213661193847656 -0.0252666473388672 0.0917968749999999 -0.75537109375
-0.0197277069091797 0.00268745422363282 -0.42730712890625 -0.423828125
0.000860214233398436 0.0248031616210937 -0.42828369140625 -0.0811462402343751
0.0139293670654297 0.0221061706542969 -0.176040649414063 0.1583251953125
0.0164127349853516 -0.00793361663818359 0.0614166259765625 0.177825927734375
0.0231609344482422 -0.0095367431640625 -0.0351104736328125 -0.149765014648438
0.0146560668945313 0.0211734771728516 0.213729858398438 -0.082366943359375
0.0131359100341797 0.0336322784423828 0.37774658203125 0.15130615234375
-0.0181655883789063 0.0276374816894531 0.28619384765625 0.515289306640625
-0.0449638366699219 -0.0172042846679687 -0.26312255859375 0.65380859375
-0.006744384765625 -0.0711288452148438 -0.792724609375 0.37725830078125
0.0326194763183594 -0.00418663024902344 -0.6763916015625 -0.0576782226562501
0.0594825744628906 0.0650749206542969 0.0342254638671875 0.117279052734375
0.0590591430664063 0.0228309631347656 0.79107666015625 0.162353515625
0.0198192596435547 -0.0259647369384766 0.81903076171875 -0.4501953125
-0.0249156951904297 -0.0172576904296875 0.0873413085937499 -0.75555419921875
-0.0172014236450195 0.0093698501586914 -0.428863525390625 -0.42083740234375
0.00732040405273438 0.0282649993896484 -0.427337646484375 -0.079132080078125
0.0218524932861328 0.0214595794677734 -0.174072265625 0.159896850585938
0.0201511383056641 -0.0106735229492188 0.0592193603515625 0.178726196289063
0.0248584747314453 -0.0120983123779297 -0.034271240234375 -0.152328491210938
0.0204067230224609 0.0211143493652344 0.218719482421875 -0.081695556640625
0.0210227966308594 0.0359687805175781 0.3818359375 0.150604248046875
-0.0165157318115234 0.0342426300048828 0.28643798828125 0.51751708984375
-0.0493736267089844 -0.0103492736816406 -0.2647705078125 0.65496826171875
-0.0145797729492188 -0.0671501159667969 -0.7955322265625 0.3775634765625
0.028076171875 -0.00594520568847656 -0.67413330078125 -0.05889892578125
0.057952880859375 0.0602073669433594 0.0388870239257812 0.120185852050781
0.0533218383789062 0.0190086364746094 0.7945556640625 0.159912109375
0.0119228363037109 -0.0223808288574219 0.8197021484375 -0.45068359375
-0.0297737121582031 -0.0102024078369141 0.0877075195312499 -0.75689697265625
-0.0156936645507813 0.0148706436157227 -0.427734375 -0.4215087890625
0.0128555297851563 0.0299167633056641 -0.427703857421875 -0.0777587890625
0.027740478515625 0.0229129791259766 -0.172027587890625 0.159835815429688
0.0226802825927734 -0.0154285430908203 0.05987548828125 0.179855346679688
0.00239396095275879 -0.00277519226074219 -0.0201873779296875 -0.169677734375
-0.00696372985839844 0.0258731842041016 0.226181030273438 -0.09478759765625
-0.00239944458007813 0.0299186706542969 0.398834228515625 0.1427001953125
-0.0229721069335938 0.00933456420898438 0.320953369140625 0.5062255859375
-0.0356254577636719 -0.0398406982421875 -0.22113037109375 0.66644287109375
0.0177841186523437 -0.0777740478515625 -0.75384521484375 0.40948486328125
0.0618438720703125 0.00753402709960938 -0.65777587890625 -0.0328369140625
0.0810775756835938 0.0889968872070313 0.0488967895507813 0.131927490234375
0.0856170654296875 0.0387496948242188 0.81689453125 0.1893310546875
0.0474014282226563 -0.02880859375 0.86737060546875 -0.425537109375
-0.0136642456054688 -0.0379753112792969 0.13311767578125 -0.76092529296875
-0.0229549407958984 -0.0120754241943359 -0.401336669921875 -0.44036865234375
-0.00546646118164063 0.0219230651855469 -0.416717529296875 -0.09088134765625
-5.72204589843738E-05 0.0260505676269531 -0.167938232421875 0.146881103515625
-0.00140476226806641 -0.00496816635131836 0.074066162109375 0.164337158203125
0.00223278999328613 -0.00277924537658691 -0.022369384765625 -0.166183471679687
-0.00949478149414063 0.0238628387451172 0.221343994140625 -0.0956573486328125
-0.00475311279296875 0.0274887084960938 0.39288330078125 0.1419677734375
-0.0235042572021484 0.007659912109375 0.3157958984375 0.504669189453125
-0.0334053039550781 -0.041534423828125 -0.22637939453125 0.6607666015625
0.019927978515625 -0.07861328125 -0.76202392578125 0.40533447265625
0.0624313354492188 0.00931930541992188 -0.66033935546875 -0.0369873046875001
0.0800018310546875 0.0890884399414063 0.0424041748046875 0.126129150390625
0.085418701171875 0.0377044677734375 0.8099365234375 0.184814453125
0.0499382019042969 -0.0296592712402344 0.8583984375 -0.42449951171875
-0.0116767883300781 -0.0404815673828125 0.12548828125 -0.756591796875
-0.0248222351074219 -0.0144252777099609 -0.40655517578125 -0.435333251953125
-0.00812149047851563 0.0207576751708984 -0.419097900390625 -0.090362548828125
-0.00148773193359375 0.0264186859130859 -0.16943359375 0.150558471679688
-0.00122451782226562 -0.00278997421264648 0.07275390625 0.171539306640625
0.00506734848022461 -0.00203514099121094 -0.024139404296875 -0.1619873046875
-0.00924873352050781 0.0231246948242188 0.21942138671875 -0.0918121337890625
-0.00688743591308593 0.0284976959228516 0.389434814453125 0.144866943359375
-0.0246124267578125 0.00789642333984376 0.308990478515625 0.50750732421875
-0.0335197448730469 -0.0406570434570313 -0.23724365234375 0.661865234375
0.0193328857421875 -0.0778579711914063 -0.7706298828125 0.4027099609375
0.0586471557617188 0.00827789306640625 -0.67022705078125 -0.0419921875
0.0775604248046875 0.0876541137695313 0.0366897583007813 0.122360229492187
0.0837249755859375 0.0369033813476563 0.80364990234375 0.180908203125
0.0484466552734375 -0.0309066772460938 0.85205078125 -0.43450927734375
-0.0115280151367188 -0.0409584045410156 0.11712646484375 -0.7591552734375
-0.0240821838378906 -0.0124149322509766 -0.41302490234375 -0.435760498046875
-0.00914955139160156 0.0203285217285156 -0.425628662109375 -0.0889892578125001
-0.00129508972167969 0.0243434906005859 -0.175094604492188 0.152236938476562
0.00106251239776611 -0.0014951229095459 0.0692596435546875 0.170562744140625
0.00789737701416016 -0.00341415405273438 -0.0284423828125 -0.15740966796875
-0.00801849365234375 0.0227069854736328 0.215347290039062 -0.0906829833984375
-0.00474357604980469 0.0283794403076172 0.38323974609375 0.145751953125
-0.0242710113525391 0.0100326538085938 0.299835205078125 0.508636474609375
-0.0348281860351562 -0.037841796875 -0.24493408203125 0.6588134765625
0.0159378051757813 -0.0772476196289062 -0.7783203125 0.39471435546875
0.0531272888183594 0.00661087036132813 -0.67498779296875 -0.0474853515625001
0.0719833374023438 0.0823211669921875 0.0316696166992188 0.118705749511719
0.0784683227539063 0.0337600708007813 0.7969970703125 0.17547607421875
0.0440177917480469 -0.0294380187988281 0.8426513671875 -0.434814453125
-0.014373779296875 -0.03594970703125 0.1107177734375 -0.7574462890625
-0.0245132446289063 -0.00944328308105468 -0.418914794921875 -0.43060302734375
-0.00792694091796875 0.0212535858154297 -0.4278564453125 -0.0848999023437501
0.00225830078125 0.0235652923583984 -0.175308227539063 0.1553955078125
0.00328230857849121 -0.00142097473144531 0.0678863525390625 0.177169799804687
0.0120182037353516 -0.00475692749023438 -0.030975341796875 -0.152923583984375
-0.00172233581542969 0.020599365234375 0.215988159179687 -0.086517333984375
9.15527343749994E-05 0.030792236328125 0.380706787109375 0.14971923828125
-0.0221481323242187 0.0158538818359375 0.29461669921875 0.51263427734375
-0.0373420715332031 -0.031890869140625 -0.2550048828125 0.6595458984375
0.00858306884765625 -0.07470703125 -0.78802490234375 0.39208984375
0.0457839965820313 0.00385665893554688 -0.67999267578125 -0.0513916015624999
0.0675735473632813 0.0768203735351563 0.0298080444335938 0.115310668945313
0.0707626342773437 0.0292129516601562 0.7952880859375 0.16973876953125
0.0373191833496094 -0.0289726257324219 0.83416748046875 -0.4447021484375
-0.0158653259277344 -0.0306644439697266 0.10089111328125 -0.75970458984375
-0.0224895477294922 -0.00432395935058594 -0.42486572265625 -0.429962158203125
-0.00433540344238281 0.02276611328125 -0.43048095703125 -0.0839538574218749
0.0069732666015625 0.0243740081787109 -0.178176879882813 0.15692138671875
0.0106983184814453 -0.00543022155761719 0.06304931640625 0.1773681640625
0.0182094573974609 -0.00724601745605469 -0.0329742431640625 -0.150588989257813
0.006134033203125 0.0200080871582031 0.216354370117188 -0.083526611328125
0.00716018676757813 0.0321464538574219 0.378936767578125 0.150787353515625
-0.020416259765625 0.0212135314941406 0.288970947265625 0.51483154296875
-0.040802001953125 -0.0253677368164063 -0.26226806640625 0.6585693359375
0.000122070312500004 -0.0728225708007813 -0.79425048828125 0.3858642578125
0.0377388000488281 -9.1552734375E-05 -0.681396484375 -0.0563354492187499
0.0631599426269531 0.0701026916503906 0.030914306640625 0.115463256835937
0.0646476745605469 0.0254974365234375 0.7926025390625 0.16363525390625
0.0286712646484375 -0.0269374847412109 0.8287353515625 -0.44818115234375
-0.0215950012207031 -0.0239772796630859 0.093017578125 -0.76019287109375
-0.0203037261962891 0.00168418884277344 -0.4295654296875 -0.4268798828125
0.00146293640136719 0.0248451232910156 -0.433380126953125 -0.080352783203125
0.0137901306152344 0.0223255157470703 -0.17852783203125 0.159896850585938
0.0143136978149414 -0.00676441192626953 0.061798095703125 0.179580688476563
0.0215530395507813 -0.00913810729980469 -0.033782958984375 -0.150314331054688
0.0128345489501953 0.0203781127929688 0.217559814453125 -0.0823974609375
0.0147304534912109 0.0333232879638672 0.37860107421875 0.15277099609375
-0.0200672149658203 0.0285015106201172 0.28521728515625 0.519073486328125
-0.0454864501953125 -0.0172882080078125 -0.26702880859375 0.6568603515625
-0.00643157958984375 -0.070831298828125 -0.79949951171875 0.378662109375
0.0322132110595703 -0.00295448303222656 -0.67962646484375 -0.0602416992187499
0.0589485168457031 0.0648956298828125 0.0334930419921875 0.116935729980469
0.0583763122558594 0.0222282409667969 0.7933349609375 0.1624755859375
0.0193309783935547 -0.0247783660888672 0.82513427734375 -0.4510498046875
-0.0252552032470703 -0.0171222686767578 0.08984375 -0.761474609375
-0.0171880722045898 0.00864028930664063 -0.4306640625 -0.42462158203125
0.00754165649414062 0.0269813537597656 -0.4324951171875 -0.0788574218749999
0.0219459533691406 0.023651123046875 -0.174850463867188 0.16217041015625
0.0189571380615234 -0.0111408233642578 0.059600830078125 0.181411743164063
0.0247764587402344 -0.0120391845703125 -0.0343170166015625 -0.1531982421875
0.0211124420166016 0.0222740173339844 0.22125244140625 -0.08111572265625
0.0209236145019531 0.0353889465332031 0.38311767578125 0.151397705078125
-0.0168399810791016 0.0349407196044922 0.285858154296875 0.520263671875
-0.0511627197265625 -0.0122718811035156 -0.267333984375 0.6585693359375
-0.0155296325683594 -0.0672569274902344 -0.79876708984375 0.3798828125
0.0274944305419922 -0.00485038757324219 -0.677490234375 -0.0594482421874999
0.0583457946777344 0.0611038208007813 0.0368728637695313 0.121017456054688
0.0539703369140625 0.0198783874511719 0.79705810546875 0.1624755859375
0.0116195678710938 -0.0233421325683594 0.8250732421875 -0.45269775390625
-0.0297622680664063 -0.0105743408203125 0.08746337890625 -0.76104736328125
-0.0145206451416016 0.0138664245605469 -0.4305419921875 -0.423248291015625
0.0138339996337891 0.0312175750732422 -0.431243896484375 -0.0772705078125
0.0288887023925781 0.0227756500244141 -0.172637939453125 0.161270141601563
0.022613525390625 -0.0148048400878906 0.0594482421875 0.181472778320313
0.00164151191711426 -0.00324463844299316 -0.01953125 -0.170486450195313
-0.00594329833984375 0.0270614624023438 0.228500366210937 -0.0948638916015625
-0.00292015075683594 0.0292587280273438 0.402923583984375 0.142822265625
-0.0232944488525391 0.00844573974609374 0.32427978515625 0.510986328125
-0.0357284545898438 -0.0410385131835938 -0.22406005859375 0.67071533203125
0.0157318115234375 -0.0791473388671875 -0.762939453125 0.41265869140625
0.0618171691894531 0.0105247497558594 -0.66156005859375 -0.0346069335937501
0.0815277099609375 0.0896759033203125 0.0480575561523438 0.132133483886719
0.08551025390625 0.0394363403320313 0.82135009765625 0.19122314453125
0.0480690002441406 -0.0299186706542969 0.8768310546875 -0.43023681640625
-0.014251708984375 -0.0380706787109375 0.13653564453125 -0.76495361328125
-0.0231533050537109 -0.0115604400634766 -0.40435791015625 -0.44256591796875
-0.00489044189453125 0.0218486785888672 -0.419769287109375 -0.0909423828125001
0.00158309936523438 0.0263938903808594 -0.170013427734375 0.148605346679687
-0.00119590759277344 -0.00448274612426758 0.0736236572265625 0.165802001953125
0.00263500213623047 -0.00121641159057617 -0.02203369140625 -0.168838500976563
-0.00917816162109375 0.0257339477539063 0.224029541015625 -0.096282958984375
-0.00562667846679687 0.0285892486572266 0.396270751953125 0.142333984375
-0.0243492126464844 0.00714492797851563 0.31878662109375 0.509674072265625
-0.0347099304199219 -0.0413017272949219 -0.22906494140625 0.6658935546875
0.0198822021484375 -0.0784530639648437 -0.76800537109375 0.4071044921875
0.0616722106933594 0.00991439819335937 -0.66552734375 -0.0384521484375001
0.0808029174804687 0.0890579223632813 0.041351318359375 0.126335144042969
0.0860443115234375 0.03826904296875 0.81219482421875 0.189697265625
0.0494575500488281 -0.0300636291503906 0.864501953125 -0.42645263671875
-0.0114555358886719 -0.0411109924316406 0.126708984375 -0.76318359375
-0.0227870941162109 -0.0130481719970703 -0.409942626953125 -0.4388427734375
-0.00834465026855469 0.0186004638671875 -0.423187255859375 -0.089813232421875
-0.00140953063964844 0.0259513854980469 -0.172012329101563 0.1519775390625
-0.00320935249328613 -0.00173616409301758 0.0728759765625 0.171859741210938
0.00406455993652344 -0.000863313674926758 -0.0243377685546875 -0.162185668945313
-0.00928306579589844 0.0227298736572266 0.220352172851563 -0.091949462890625
-0.00667190551757813 0.0286865234375 0.393890380859375 0.145721435546875
-0.0244121551513672 0.00805282592773438 0.310455322265625 0.511749267578125
-0.0338020324707031 -0.0422821044921875 -0.24005126953125 0.667236328125
0.0180206298828125 -0.0785980224609375 -0.7784423828125 0.40673828125
0.0590705871582031 0.00986862182617188 -0.6756591796875 -0.0440673828125
0.07635498046875 0.0877761840820313 0.03619384765625 0.123046875
0.0836868286132813 0.0366134643554688 0.80938720703125 0.1845703125
0.0495414733886719 -0.0306930541992188 0.86029052734375 -0.4364013671875
-0.0106277465820313 -0.0403671264648438 0.12066650390625 -0.7677001953125
-0.0237064361572266 -0.0136184692382812 -0.419219970703125 -0.441162109375
-0.00921249389648437 0.0203285217285156 -0.429840087890625 -0.0892944335937499
-0.00115585327148438 0.023193359375 -0.177734375 0.153427124023437
0.00107717514038086 -0.00127065181732178 0.0700531005859375 0.172744750976563
0.00690460205078125 -0.00327587127685547 -0.0280609130859375 -0.159881591796875
-0.00699234008789062 0.0234489440917969 0.217926025390625 -0.0908966064453125
-0.00460052490234375 0.0279464721679688 0.3858642578125 0.146697998046875
-0.0241813659667969 0.00994873046875 0.303619384765625 0.512908935546875
-0.0339698791503906 -0.0365371704101562 -0.24676513671875 0.66357421875
0.0149459838867187 -0.076416015625 -0.78546142578125 0.39703369140625
0.0531234741210937 0.006500244140625 -0.678466796875 -0.04974365234375
0.07293701171875 0.0824813842773438 0.0304718017578125 0.11871337890625
0.0774383544921875 0.033233642578125 0.8016357421875 0.17681884765625
0.0437660217285156 -0.0293159484863281 0.84820556640625 -0.43939208984375
-0.0138931274414063 -0.0374755859375 0.11322021484375 -0.76220703125
-0.023651123046875 -0.00936317443847657 -0.42303466796875 -0.434326171875
-0.00705909729003906 0.0195541381835938 -0.43267822265625 -0.084747314453125
0.00265121459960938 0.0245800018310547 -0.176864624023437 0.158599853515625
0.00502204895019531 -0.003204345703125 0.068206787109375 0.1788330078125
0.0120563507080078 -0.00449371337890625 -0.031463623046875 -0.15399169921875
-0.00135612487792969 0.0205821990966797 0.216659545898438 -0.0863800048828125
-0.000917434692382814 0.0290889739990234 0.384490966796875 0.1473388671875
-0.0223007202148437 0.0151596069335938 0.29376220703125 0.517303466796875
-0.0397300720214844 -0.0324249267578125 -0.25640869140625 0.6661376953125
0.00911712646484375 -0.0753173828125 -0.79296875 0.39178466796875
0.0468025207519531 0.0037078857421875 -0.683349609375 -0.0543212890625
0.0666961669921875 0.0766983032226563 0.0287246704101563 0.115837097167969
0.0707931518554687 0.03082275390625 0.79730224609375 0.17083740234375
0.0366668701171875 -0.0297050476074219 0.8436279296875 -0.44818115234375
-0.01666259765625 -0.0299606323242187 0.10205078125 -0.76824951171875
-0.0220546722412109 -0.00339889526367187 -0.429290771484375 -0.431915283203125
-0.00246429443359375 0.0216007232666016 -0.43682861328125 -0.0839538574218751
0.00751304626464844 0.0235767364501953 -0.179733276367188 0.158950805664063
0.00892829895019531 -0.00494575500488281 0.0615692138671875 0.178390502929688
0.0172595977783203 -0.00637149810791016 -0.0336151123046875 -0.151641845703125
0.00712776184082031 0.0204315185546875 0.216888427734375 -0.0851898193359375
0.00696563720703125 0.0326633453369141 0.381988525390625 0.152618408203125
-0.0208721160888672 0.0208110809326172 0.29052734375 0.518646240234375
-0.0418128967285156 -0.0248832702636719 -0.26416015625 0.66339111328125
-0.000648498535156256 -0.0715713500976562 -0.80291748046875 0.38677978515625
0.0387916564941406 0.00025177001953125 -0.6864013671875 -0.0573730468750001
0.0626602172851563 0.0720596313476562 0.029144287109375 0.114974975585937
0.0646324157714844 0.0264549255371094 0.79791259765625 0.1656494140625
0.0279197692871094 -0.0273342132568359 0.8360595703125 -0.4522705078125
-0.0215072631835938 -0.0254592895507812 0.094970703125 -0.7681884765625
-0.020416259765625 0.00265312194824219 -0.4344482421875 -0.42974853515625
0.00115203857421875 0.0263385772705078 -0.438629150390625 -0.0799560546875
0.0141010284423828 0.0220184326171875 -0.180557250976563 0.160842895507813
0.0146961212158203 -0.00700283050537109 0.0611419677734375 0.181365966796875
0.0221939086914063 -0.00955963134765625 -0.0341796875 -0.1524658203125
0.014404296875 0.0213699340820313 0.21966552734375 -0.0828704833984375
0.0136089324951172 0.0347881317138672 0.3818359375 0.15216064453125
-0.0200119018554688 0.0287513732910156 0.28594970703125 0.522369384765625
-0.0477714538574219 -0.0181083679199219 -0.27081298828125 0.661865234375
-0.00819778442382813 -0.0699348449707031 -0.805419921875 0.38104248046875
0.0318794250488281 -0.00304985046386719 -0.685302734375 -0.0623779296875
0.0600776672363281 0.0653343200683594 0.0330810546875 0.118194580078125
0.057708740234375 0.0232276916503906 0.7979736328125 0.16522216796875
0.0185337066650391 -0.0247306823730469 0.82916259765625 -0.4542236328125
-0.0239658355712891 -0.0163555145263672 0.0883178710937499 -0.76593017578125
-0.0180759429931641 0.007843017578125 -0.43505859375 -0.42816162109375
0.00860214233398438 0.0295505523681641 -0.436187744140625 -0.078399658203125
0.0223598480224609 0.0222492218017578 -0.178909301757813 0.16400146484375
0.0177440643310547 -0.0101680755615234 0.059295654296875 0.184097290039062
0.0258026123046875 -0.0119132995605469 -0.0334014892578125 -0.153762817382813
0.0225315093994141 0.0234432220458984 0.2230224609375 -0.081573486328125
0.0200004577636719 0.0359039306640625 0.386016845703125 0.154296875
-0.0178546905517578 0.0335121154785156 0.288909912109375 0.524505615234375
-0.0515975952148438 -0.0116691589355469 -0.271240234375 0.66400146484375
-0.0162391662597656 -0.068511962890625 -0.8056640625 0.3807373046875
0.0269699096679687 -0.0059967041015625 -0.6820068359375 -0.0624999999999999
0.0582351684570313 0.0615234375 0.0378494262695313 0.121177673339844
0.0540657043457031 0.0201568603515625 0.80120849609375 0.16510009765625
0.0117721557617187 -0.0228862762451172 0.8326416015625 -0.457275390625
-0.0293483734130859 -0.0114173889160156 0.0890502929687499 -0.76666259765625
-0.0149497985839844 0.0139265060424805 -0.434661865234375 -0.428192138671875
0.0138225555419922 0.030242919921875 -0.434234619140625 -0.07830810546875
0.0292778015136719 0.0217761993408203 -0.17474365234375 0.162994384765625
0.0220489501953125 -0.0146350860595703 0.060699462890625 0.182830810546875
0.00137543678283691 -0.00229334831237793 -0.0195465087890625 -0.172210693359375
-0.00554084777832031 0.0259342193603516 0.231430053710938 -0.0964813232421875
-0.0025634765625 0.0279331207275391 0.40728759765625 0.143524169921875
-0.0244102478027344 0.00892829895019532 0.327606201171875 0.51641845703125
-0.0376014709472656 -0.0408859252929688 -0.2279052734375 0.67620849609375
0.016387939453125 -0.0798416137695313 -0.7696533203125 0.41717529296875
0.0620994567871094 0.00901031494140625 -0.66668701171875 -0.0335083007812499
0.0815353393554688 0.0908203125 0.0482025146484375 0.132461547851563
0.08624267578125 0.03765869140625 0.82757568359375 0.19219970703125
0.0480690002441406 -0.029022216796875 0.8843994140625 -0.433349609375
-0.01373291015625 -0.0391998291015625 0.13720703125 -0.77410888671875
-0.02313232421875 -0.0119037628173828 -0.40869140625 -0.44580078125
-0.004852294921875 0.0218162536621094 -0.4239501953125 -0.09149169921875
0.00225257873535157 0.0272655487060547 -0.171951293945313 0.150588989257813
-0.00241827964782715 -0.00371408462524414 0.0747833251953125 0.16650390625
0.000302910804748535 -0.00196695327758789 -0.0226593017578125 -0.1693115234375
-0.00856781005859375 0.0257396697998047 0.225982666015625 -0.0966949462890625
-0.00603866577148437 0.0275497436523438 0.400604248046875 0.14239501953125
-0.0258617401123047 0.00590705871582032 0.320648193359375 0.512115478515625
-0.0359535217285156 -0.041595458984375 -0.23046875 0.673095703125
0.0185012817382812 -0.079833984375 -0.7762451171875 0.41180419921875
0.0623817443847656 0.00957107543945312 -0.67376708984375 -0.0375976562500001
0.0812835693359375 0.0898361206054688 0.0414886474609375 0.127281188964844
0.086700439453125 0.0385284423828125 0.818603515625 0.1903076171875
0.0504226684570313 -0.0297622680664063 0.873779296875 -0.4346923828125
-0.0111122131347656 -0.0415878295898438 0.1273193359375 -0.77032470703125
-0.0251274108886719 -0.0142192840576172 -0.414154052734375 -0.442718505859375
-0.00760078430175781 0.0197296142578125 -0.427978515625 -0.0876770019531249
5.72204589843871E-06 0.0250949859619141 -0.174026489257813 0.153839111328125
-0.00436019897460938 -0.00188493728637695 0.07403564453125 0.175811767578125
0.00318217277526856 -0.00257086753845215 -0.024566650390625 -0.163665771484375
-0.00849723815917969 0.0239849090576172 0.224075317382813 -0.09234619140625
-0.00645637512207031 0.0269794464111328 0.396697998046875 0.145660400390625
-0.0260295867919922 0.00690841674804688 0.313873291015625 0.517181396484375
-0.0352439880371094 -0.0417366027832031 -0.2412109375 0.6737060546875
0.0176162719726563 -0.0790023803710938 -0.7855224609375 0.4105224609375
0.0593338012695312 0.00870895385742188 -0.68145751953125 -0.0436401367187499
0.0774612426757813 0.0879898071289063 0.0347366333007812 0.121139526367188
0.0829849243164063 0.0370407104492188 0.8126220703125 0.18316650390625
0.0487480163574219 -0.0312080383300781 0.8681640625 -0.44097900390625
-0.0116348266601563 -0.0402870178222656 0.12066650390625 -0.7740478515625
-0.0239429473876953 -0.0125923156738281 -0.422149658203125 -0.443878173828125
-0.00901603698730469 0.0197429656982422 -0.43255615234375 -0.0885314941406249
-0.00105667114257813 0.0245285034179688 -0.178482055664062 0.155624389648438
0.000736713409423828 -0.00227117538452148 0.0699310302734375 0.174636840820313
0.00660514831542969 -0.00401067733764648 -0.0282745361328125 -0.160903930664063
-0.00604820251464844 0.0227394104003906 0.21990966796875 -0.091522216796875
-0.005096435546875 0.0281620025634766 0.3912353515625 0.146728515625
-0.0263328552246094 0.0103683471679688 0.304656982421875 0.517852783203125
-0.0372772216796875 -0.0379562377929688 -0.24908447265625 0.67034912109375
0.0140762329101563 -0.0772933959960938 -0.7930908203125 0.40087890625
0.05218505859375 0.00672149658203125 -0.685546875 -0.0498046875000001
0.0736465454101563 0.084442138671875 0.0300064086914063 0.119186401367188
0.078277587890625 0.0338897705078125 0.81011962890625 0.1785888671875
0.0443840026855469 -0.0310745239257813 0.85662841796875 -0.4423828125
-0.0142059326171875 -0.0362701416015625 0.111572265625 -0.771484375
-0.0235443115234375 -0.00978469848632812 -0.425933837890625 -0.439697265625
-0.00754928588867187 0.0203819274902344 -0.4373779296875 -0.08648681640625
0.00286674499511719 0.0244007110595703 -0.179656982421875 0.158935546875
0.00392556190490723 -0.0018012523651123 0.067535400390625 0.18157958984375
0.0112466812133789 -0.0052032470703125 -0.0308380126953125 -0.155502319335938
-0.000442504882812502 0.0229091644287109 0.220169067382812 -0.0880584716796875
-0.00094413757324219 0.0294418334960938 0.387359619140625 0.149566650390625
-0.0235939025878906 0.0146503448486328 0.298980712890625 0.521087646484375
-0.0387802124023438 -0.0338706970214844 -0.25830078125 0.6715087890625
0.00646972656250001 -0.0750045776367188 -0.80047607421875 0.39874267578125
0.0459747314453125 0.00452804565429688 -0.69073486328125 -0.0549926757812499
0.0677108764648438 0.0780105590820313 0.0291290283203125 0.117294311523438
0.0725631713867188 0.0305709838867188 0.8048095703125 0.17120361328125
0.0376777648925781 -0.0298538208007813 0.8497314453125 -0.45208740234375
-0.0182895660400391 -0.0308322906494141 0.10418701171875 -0.7740478515625
-0.0227260589599609 -0.00376129150390625 -0.43603515625 -0.437896728515625
-0.00325393676757812 0.0228862762451172 -0.44000244140625 -0.0832519531249999
0.00759506225585938 0.0227336883544922 -0.182235717773438 0.162826538085938
0.00772476196289062 -0.00526571273803711 0.06463623046875 0.181854248046875
0.0171451568603516 -0.00664615631103516 -0.032318115234375 -0.152969360351563
0.00816154479980469 0.0224952697753906 0.219741821289062 -0.085662841796875
0.00559043884277343 0.0305271148681641 0.386138916015625 0.149993896484375
-0.0220203399658203 0.0208797454833984 0.29364013671875 0.522979736328125
-0.0431861877441406 -0.0250129699707031 -0.26788330078125 0.6702880859375
-0.00225830078124999 -0.0721359252929688 -0.8087158203125 0.39105224609375
0.0377578735351563 0.00127792358398438 -0.692138671875 -0.0585327148437499
0.06317138671875 0.0728073120117188 0.0301437377929687 0.115798950195313
0.0637245178222656 0.0264472961425781 0.80389404296875 0.168212890625
0.0273952484130859 -0.0271396636962891 0.841064453125 -0.457275390625
-0.0222568511962891 -0.0251140594482422 0.09521484375 -0.7745361328125
-0.0202274322509766 0.00183868408203125 -0.438690185546875 -0.43267822265625
0.00153923034667969 0.0251827239990234 -0.441375732421875 -0.081756591796875
0.0147762298583984 0.0225486755371094 -0.180892944335938 0.164108276367188
0.0142965316772461 -0.00701522827148438 0.061065673828125 0.182952880859375
0.0216770172119141 -0.00927734375 -0.03369140625 -0.152313232421875
0.0147800445556641 0.0222263336181641 0.22235107421875 -0.0842742919921875
0.0119895935058594 0.0334110260009766 0.386138916015625 0.15167236328125
-0.0205440521240234 0.0273075103759766 0.2919921875 0.528350830078125
-0.04901123046875 -0.0187454223632813 -0.27276611328125 0.6689453125
-0.00947952270507813 -0.0697441101074219 -0.812744140625 0.3853759765625
0.0304241180419922 -0.00355148315429688 -0.691162109375 -0.0612182617187501
0.060882568359375 0.0661544799804688 0.0324630737304688 0.117263793945313
0.0591583251953125 0.0225296020507813 0.8050537109375 0.167236328125
0.01849365234375 -0.0250930786132813 0.8389892578125 -0.45794677734375
-0.0253543853759766 -0.0161952972412109 0.0906982421874999 -0.77392578125
-0.0166683197021484 0.00842094421386719 -0.440155029296875 -0.432830810546875
0.00771903991699219 0.02703857421875 -0.439239501953125 -0.077728271484375
0.0219764709472656 0.0219821929931641 -0.179244995117188 0.165725708007813
0.0177745819091797 -0.0104999542236328 0.06036376953125 0.18475341796875
0.0255260467529297 -0.0119590759277344 -0.033447265625 -0.154861450195313
0.0225162506103516 0.0223941802978516 0.225753784179688 -0.0823974609375
0.0207595825195313 0.0350627899169922 0.38958740234375 0.15484619140625
-0.0181255340576172 0.0351047515869141 0.292388916015625 0.529998779296875
-0.053466796875 -0.0121307373046875 -0.27374267578125 0.67047119140625
-0.0170402526855469 -0.0673713684082031 -0.81341552734375 0.38372802734375
0.0267410278320313 -0.00457763671875 -0.6895751953125 -0.06268310546875
0.0593643188476562 0.0620384216308594 0.0366439819335938 0.121589660644531
0.0545387268066406 0.0196952819824219 0.80889892578125 0.164794921875
0.0106029510498047 -0.0228672027587891 0.84051513671875 -0.4617919921875
-0.0311622619628906 -0.0107345581054687 0.0908203125000001 -0.77618408203125
-0.0145530700683594 0.0146493911743164 -0.43914794921875 -0.433074951171875
0.0138702392578125 0.0307235717773438 -0.43963623046875 -0.0775146484375
0.0287704467773437 0.0223522186279297 -0.178314208984375 0.165069580078125
0.0212535858154297 -0.01507568359375 0.0594482421875 0.184967041015625
0.00111961364746094 -0.00203406810760498 -0.0196990966796875 -0.173263549804688
-0.00447273254394531 0.0276775360107422 0.23370361328125 -0.098358154296875
-0.00314140319824219 0.0288734436035156 0.412261962890625 0.1419677734375
-0.0250358581542969 0.00853347778320313 0.332550048828125 0.520050048828125
-0.0387763977050781 -0.0411567687988281 -0.228515625 0.6866455078125
0.0159149169921875 -0.0797805786132813 -0.77813720703125 0.4222412109375
0.0639114379882813 0.00981521606445312 -0.67340087890625 -0.0329589843750001
0.083740234375 0.0913848876953125 0.0477142333984375 0.132110595703125
0.0854568481445313 0.0376434326171875 0.83660888671875 0.19317626953125
0.0462150573730469 -0.0301475524902344 0.89093017578125 -0.44097900390625
-0.0137443542480469 -0.0392723083496094 0.135009765625 -0.7838134765625
-0.0224246978759766 -0.0119552612304687 -0.4140625 -0.45001220703125
-0.00479507446289062 0.0213375091552734 -0.42938232421875 -0.09039306640625
0.00244712829589844 0.0274009704589844 -0.173797607421875 0.153289794921875
-0.00308036804199219 -0.00427031517028809 0.0754852294921875 0.169769287109375
0.000259518623352051 -0.00126516819000244 -0.0228729248046875 -0.170913696289063
-0.00780868530273437 0.0267143249511719 0.228240966796875 -0.09881591796875
-0.00592994689941406 0.0282688140869141 0.4052734375 0.142181396484375
-0.0262584686279297 0.00716209411621094 0.32794189453125 0.515869140625
-0.0366096496582031 -0.0428428649902344 -0.23199462890625 0.68304443359375
0.01983642578125 -0.07965087890625 -0.78314208984375 0.41790771484375
0.0637550354003906 0.01031494140625 -0.67822265625 -0.0367431640624999
0.0825119018554688 0.0906753540039063 0.0413284301757813 0.127967834472656
0.08721923828125 0.0386734008789063 0.82806396484375 0.1910400390625
0.0513267517089844 -0.0295944213867187 0.88037109375 -0.4427490234375
-0.0121688842773438 -0.0414085388183594 0.12945556640625 -0.78009033203125
-0.0247840881347656 -0.0138225555419922 -0.42022705078125 -0.447052001953125
-0.00861358642578125 0.0191669464111328 -0.4339599609375 -0.0881042480468749
-0.000558853149414061 0.0263423919677734 -0.175521850585938 0.157958984375
-0.00313544273376465 -0.0019233226776123 0.0736846923828125 0.176422119140625
0.00346755981445313 -0.00127410888671875 -0.0239715576171875 -0.165069580078125
-0.00807762145996094 0.0258960723876953 0.226959228515625 -0.09600830078125
-0.00768089294433594 0.0277805328369141 0.4013671875 0.14520263671875
-0.0266437530517578 0.00774002075195313 0.318267822265625 0.521514892578125
-0.0364494323730469 -0.0424880981445312 -0.244384765625 0.683349609375
0.0179290771484375 -0.0794296264648438 -0.792236328125 0.41815185546875
0.0590171813964844 0.0101470947265625 -0.6884765625 -0.0425415039062501
0.0787429809570313 0.08868408203125 0.035919189453125 0.123825073242188
0.08380126953125 0.0371780395507813 0.8221435546875 0.1826171875
0.0486984252929688 -0.0310020446777344 0.87774658203125 -0.44873046875
-0.0133209228515625 -0.0403861999511719 0.1214599609375 -0.7822265625
-0.0239105224609375 -0.0136165618896484 -0.427520751953125 -0.447662353515625
-0.009429931640625 0.019561767578125 -0.440582275390625 -0.0874328613281251
-0.000905990600585938 0.0248889923095703 -0.180130004882812 0.158966064453125
0.000130593776702881 -0.000943899154663086 0.0702362060546875 0.177444458007813
0.00655984878540039 -0.00186586380004883 -0.0286102294921875 -0.162643432617188
-0.00432395935058594 0.0238838195800781 0.223968505859375 -0.09326171875
-0.00455665588378906 0.0277671813964844 0.395538330078125 0.146820068359375
-0.0265140533447266 0.0106048583984375 0.310516357421875 0.522491455078125
-0.0383682250976563 -0.0379486083984375 -0.25213623046875 0.67816162109375
0.0138778686523437 -0.0790176391601563 -0.8011474609375 0.40966796875
0.0530624389648438 0.00804901123046875 -0.69232177734375 -0.0498657226562499
0.0731353759765625 0.0845947265625 0.0303497314453125 0.118423461914062
0.0795516967773438 0.0349655151367188 0.816162109375 0.17938232421875
0.0440139770507813 -0.0307846069335938 0.8642578125 -0.45074462890625
-0.0139884948730469 -0.0362625122070313 0.113037109375 -0.77972412109375
-0.0247230529785156 -0.0107345581054688 -0.43426513671875 -0.44219970703125
-0.00804519653320313 0.0205860137939453 -0.4417724609375 -0.0846252441406249
0.00241279602050781 0.0230026245117188 -0.180130004882812 0.1624755859375
0.00276470184326172 -0.000703334808349609 0.068756103515625 0.18267822265625
0.0104770660400391 -0.00535392761230469 -0.030120849609375 -0.155670166015625
-0.000795364379882813 0.0222854614257813 0.222061157226563 -0.0899810791015625
-0.00121116638183594 0.0300464630126953 0.39056396484375 0.150421142578125
-0.02685546875 0.0160713195800781 0.304168701171875 0.5260009765625
-0.04052734375 -0.0322036743164063 -0.2623291015625 0.68023681640625
0.00660705566406251 -0.0763397216796875 -0.80914306640625 0.40594482421875
0.0453987121582031 0.006378173828125 -0.6976318359375 -0.0548706054687499
0.068572998046875 0.078765869140625 0.02850341796875 0.11737060546875
0.0729598999023438 0.029815673828125 0.813232421875 0.17034912109375
0.0369873046875 -0.0295639038085938 0.858642578125 -0.46124267578125
-0.0177841186523438 -0.0326175689697266 0.10205078125 -0.783935546875
-0.0210990905761719 -0.00564956665039063 -0.438201904296875 -0.440460205078125
-0.00361824035644531 0.0224075317382813 -0.446014404296875 -0.08355712890625
0.00775146484375 0.0230922698974609 -0.1829833984375 0.16357421875
0.00838327407836914 -0.00420665740966797 0.064056396484375 0.183303833007812
0.0170917510986328 -0.00677108764648438 -0.032318115234375 -0.154815673828125
0.00783538818359375 0.02197265625 0.222274780273438 -0.0869293212890625
0.00616836547851563 0.0313873291015625 0.390625 0.152099609375
-0.0236244201660156 0.0209083557128906 0.297698974609375 0.527923583984375
-0.0452423095703125 -0.0256767272949219 -0.27032470703125 0.67974853515625
-0.00339508056640625 -0.07373046875 -0.81689453125 0.39617919921875
0.0389175415039063 0.00174331665039063 -0.699951171875 -0.0576171874999999
0.064239501953125 0.072021484375 0.02947998046875 0.115707397460938
0.0663185119628906 0.0269393920898437 0.8109130859375 0.16619873046875
0.0283126831054688 -0.0281848907470703 0.851318359375 -0.46612548828125
-0.0216999053955078 -0.0238971710205078 0.0944824218749999 -0.784423828125
-0.0208168029785156 0.00241470336914063 -0.4444580078125 -0.436431884765625
0.00150680541992188 0.0248985290527344 -0.44744873046875 -0.0803833007812501
0.0152435302734375 0.0228366851806641 -0.18280029296875 0.167007446289063
0.0130519866943359 -0.00712680816650391 0.0627593994140625 0.185455322265625
0.0200691223144531 -0.0092315673828125 -0.0341339111328125 -0.153610229492188
0.0164012908935547 0.0223541259765625 0.225326538085938 -0.0841217041015625
0.0137577056884766 0.0337409973144531 0.389892578125 0.152557373046875
-0.0204105377197266 0.0280380249023437 0.297332763671875 0.531219482421875
-0.0498580932617187 -0.0173568725585938 -0.2764892578125 0.67718505859375
-0.0105018615722656 -0.0701713562011719 -0.821044921875 0.3916015625
0.0308341979980469 -0.00263595581054688 -0.69708251953125 -0.0629882812499998
0.0598869323730469 0.0656661987304688 0.0309295654296875 0.11859130859375
0.0588188171386719 0.0232009887695313 0.81195068359375 0.16583251953125
0.0187778472900391 -0.0265216827392578 0.84637451171875 -0.4678955078125
-0.0262584686279297 -0.0166397094726563 0.08953857421875 -0.78240966796875
-0.0157442092895508 0.00819683074951172 -0.4456787109375 -0.4339599609375
0.00702285766601562 0.0267391204833984 -0.446807861328125 -0.076812744140625
0.0225677490234375 0.0223464965820312 -0.181137084960937 0.168319702148438
0.0169792175292969 -0.0112972259521484 0.0617218017578125 0.187026977539062
0.0245914459228516 -0.0117073059082031 -0.0344390869140625 -0.156158447265625
0.02386474609375 0.02239990234375 0.22845458984375 -0.0849761962890625
0.0218162536621094 0.0360221862792969 0.39581298828125 0.15277099609375
-0.0203418731689453 0.0349483489990234 0.295684814453125 0.53521728515625
-0.0547256469726563 -0.0116043090820312 -0.2750244140625 0.67999267578125
-0.0181465148925781 -0.0686225891113281 -0.82183837890625 0.390625
0.0274372100830078 -0.00340461730957031 -0.6942138671875 -0.0627441406249999
0.0589103698730469 0.0625419616699219 0.0363540649414063 0.122535705566406
0.0548973083496094 0.0190963745117188 0.81561279296875 0.16534423828125
0.0107078552246094 -0.0228462219238281 0.84735107421875 -0.46905517578125
-0.0307292938232422 -0.0105476379394531 0.08978271484375 -0.78515625
-0.0148162841796875 0.014216423034668 -0.4453125 -0.434295654296875
0.0142002105712891 0.0297718048095703 -0.444793701171875 -0.076812744140625
0.0300769805908203 0.0229454040527344 -0.1787109375 0.168716430664062
0.0206165313720703 -0.0148849487304687 0.0606689453125 0.187774658203125
0.00132405757904053 -0.000608325004577637 -0.0203857421875 -0.17547607421875
-0.00440216064453125 0.0282669067382813 0.23748779296875 -0.101150512695312
-0.00412750244140625 0.0294132232666016 0.41815185546875 0.14190673828125
-0.0260639190673828 0.00939178466796875 0.338653564453125 0.52349853515625
-0.0410575866699219 -0.0419425964355469 -0.2305908203125 0.697265625
0.0145492553710937 -0.0798873901367188 -0.784423828125 0.43218994140625
0.0627822875976563 0.0120735168457031 -0.6826171875 -0.0324707031249999
0.0842742919921875 0.0930099487304688 0.0479278564453125 0.132667541503906
0.0875473022460938 0.038665771484375 0.84527587890625 0.1925048828125
0.0470733642578125 -0.0300750732421875 0.9002685546875 -0.4501953125
-0.0152168273925781 -0.0393829345703125 0.13568115234375 -0.7945556640625
-0.0229034423828125 -0.0125045776367187 -0.42230224609375 -0.454559326171875
-0.00536537170410156 0.0219135284423828 -0.436798095703125 -0.0883789062499999
0.00256729125976563 0.0268993377685547 -0.17449951171875 0.157638549804688
-0.00368976593017578 -0.0040888786315918 0.076507568359375 0.1729736328125
0.00116086006164551 -0.00163352489471436 -0.0235137939453125 -0.172683715820313
-0.00699234008789062 0.0282917022705078 0.232101440429687 -0.101303100585937
-0.00565147399902344 0.0269908905029297 0.410858154296875 0.141143798828125
-0.0272026062011719 0.00646591186523438 0.335205078125 0.5216064453125
-0.0374259948730469 -0.0435142517089844 -0.232177734375 0.69110107421875
0.0186309814453125 -0.0803375244140625 -0.78900146484375 0.42657470703125
0.0628738403320313 0.0101432800292969 -0.68756103515625 -0.0354003906249999
0.08221435546875 0.091705322265625 0.041412353515625 0.127616882324219
0.0875320434570313 0.0382614135742188 0.83782958984375 0.1895751953125
0.0516090393066406 -0.0304222106933594 0.89019775390625 -0.45172119140625
-0.0123481750488281 -0.0403518676757813 0.12689208984375 -0.78887939453125
-0.0246028900146484 -0.0142192840576172 -0.42730712890625 -0.44952392578125
-0.0084991455078125 0.019256591796875 -0.44097900390625 -0.0872802734374999
-0.000644683837890625 0.0259799957275391 -0.178390502929688 0.160797119140625
-0.00355172157287598 -0.00123953819274902 0.076446533203125 0.180267333984375
0.00359797477722168 -0.00124549865722656 -0.025054931640625 -0.167160034179688
-0.00742149353027344 0.0251235961914063 0.2301025390625 -0.097320556640625
-0.00711250305175781 0.0289554595947266 0.406158447265625 0.1446533203125
-0.0267295837402344 0.00772857666015625 0.325225830078125 0.52630615234375
-0.0389366149902344 -0.0426979064941406 -0.243896484375 0.69256591796875
0.0166168212890625 -0.0794219970703125 -0.80035400390625 0.4244384765625
0.06005859375 0.010711669921875 -0.69659423828125 -0.04266357421875
0.0805816650390625 0.089752197265625 0.0353240966796875 0.123062133789063
0.0856094360351562 0.0376358032226562 0.8328857421875 0.18292236328125
0.0490798950195313 -0.0318183898925781 0.8848876953125 -0.461181640625
-0.0120697021484375 -0.0409088134765625 0.11773681640625 -0.79425048828125
-0.0250148773193359 -0.0136680603027344 -0.43487548828125 -0.450653076171875
-0.00809669494628906 0.0203781127929687 -0.447296142578125 -0.0865478515624999
8.39233398437516E-05 0.0249176025390625 -0.18084716796875 0.161712646484375
-0.00136005878448486 -0.00116980075836182 0.0714263916015625 0.177871704101563
0.00624752044677734 -0.0029449462890625 -0.0298919677734375 -0.16339111328125
-0.00433349609375 0.0249099731445313 0.2257080078125 -0.0958251953125
-0.00406074523925781 0.0273094177246094 0.399566650390625 0.14666748046875
-0.0281143188476563 0.00955581665039062 0.316070556640625 0.527069091796875
-0.0399818420410156 -0.0395164489746094 -0.252197265625 0.6888427734375
0.0129852294921875 -0.078582763671875 -0.808837890625 0.4185791015625
0.0547447204589844 0.00821685791015625 -0.70159912109375 -0.04718017578125
0.0743560791015625 0.084625244140625 0.0309829711914063 0.11834716796875
0.0801925659179688 0.0345687866210938 0.8250732421875 0.17901611328125
0.0451393127441406 -0.0316658020019531 0.87164306640625 -0.46197509765625
-0.0148353576660156 -0.0379486083984375 0.11065673828125 -0.7900390625
-0.0236759185791016 -0.0100498199462891 -0.441070556640625 -0.444793701171875
-0.00690078735351562 0.0208091735839844 -0.449462890625 -0.0822753906250001
0.00327110290527344 0.0245933532714844 -0.182235717773438 0.166717529296875
0.00178873538970947 -0.000815510749816894 0.07037353515625 0.185272216796875
0.0112190246582031 -0.00429439544677734 -0.0308380126953125 -0.158157348632813
0.000133514404296873 0.0233478546142578 0.22650146484375 -0.0915985107421875
0.000186920166015625 0.0295124053955078 0.397430419921875 0.150115966796875
-0.0259590148925781 0.0148181915283203 0.30938720703125 0.530853271484375
-0.0410575866699219 -0.0333976745605469 -0.26171875 0.6890869140625
0.00634002685546875 -0.0752716064453125 -0.81781005859375 0.41400146484375
0.0464286804199219 0.0056915283203125 -0.70623779296875 -0.0509643554687499
0.0708847045898438 0.0782623291015625 0.0285873413085938 0.116500854492188
0.0715713500976562 0.0298843383789062 0.8209228515625 0.17132568359375
0.0352325439453125 -0.0303421020507812 0.86578369140625 -0.47088623046875
-0.0176544189453125 -0.031524658203125 0.09912109375 -0.795654296875
-0.0227394104003906 -0.00499343872070312 -0.448089599609375 -0.444488525390625
-0.00244522094726563 0.0221691131591797 -0.453033447265625 -0.08087158203125
0.00731086730957031 0.0233993530273438 -0.185104370117188 0.169174194335938
0.00762319564819336 -0.00415372848510742 0.0668182373046875 0.185455322265625
0.0158176422119141 -0.00550746917724609 -0.033355712890625 -0.155853271484375
0.00915718078613281 0.0228500366210938 0.225921630859375 -0.089324951171875
0.00585556030273437 0.0316619873046875 0.395355224609375 0.15142822265625
-0.0232772827148438 0.0229339599609375 0.304595947265625 0.531707763671875
-0.047027587890625 -0.0266380310058594 -0.270751953125 0.6890869140625
-0.00360870361328124 -0.0735702514648438 -0.8260498046875 0.40606689453125
0.0387954711914063 0.001251220703125 -0.70892333984375 -0.0581665039062499
0.0654525756835937 0.0716323852539063 0.0298233032226563 0.117324829101563
0.0665359497070313 0.0262489318847656 0.8199462890625 0.16510009765625
0.0282211303710938 -0.0279388427734375 0.859130859375 -0.47381591796875
-0.0224666595458984 -0.02410888671875 0.09173583984375 -0.79388427734375
-0.0184440612792969 0.00292587280273437 -0.452301025390625 -0.439208984375
0.00133514404296875 0.0250606536865234 -0.453643798828125 -0.077911376953125
0.0155830383300781 0.0214595794677734 -0.184646606445313 0.17022705078125
0.0125322341918945 -0.00712394714355469 0.064971923828125 0.188308715820313
0.0208015441894531 -0.00860786437988281 -0.03472900390625 -0.155548095703125
0.0159282684326172 0.0236434936523438 0.227783203125 -0.0881500244140625
0.0131645202636719 0.0344047546386719 0.397796630859375 0.15313720703125
-0.0220260620117187 0.0282115936279297 0.30169677734375 0.536346435546875
-0.0505905151367188 -0.0171775817871094 -0.27435302734375 0.68707275390625
-0.0124740600585937 -0.0715408325195313 -0.828857421875 0.399658203125
0.0306816101074219 -0.0016937255859375 -0.7076416015625 -0.0596923828125
0.0599594116210937 0.0672645568847656 0.0326995849609375 0.119659423828125
0.0594482421875 0.0224838256835938 0.8216552734375 0.1646728515625
0.0177040100097656 -0.0257339477539063 0.85504150390625 -0.47796630859375
-0.0272159576416016 -0.0177745819091797 0.0862426757812499 -0.79461669921875
-0.0177440643310547 0.00939750671386719 -0.45330810546875 -0.436920166015625
0.00761032104492187 0.0267581939697266 -0.452972412109375 -0.075225830078125
0.0239276885986328 0.0225620269775391 -0.183944702148438 0.172149658203125
0.0169639587402344 -0.0101985931396484 0.0628662109375 0.189407348632813
0.0240707397460938 -0.0117759704589844 -0.03521728515625 -0.1580810546875
0.0243110656738281 0.0226020812988281 0.23223876953125 -0.0867156982421875
0.0202770233154297 0.0350131988525391 0.400909423828125 0.15301513671875
-0.02069091796875 0.0344619750976563 0.30267333984375 0.537994384765625
-0.0563468933105469 -0.01165771484375 -0.27667236328125 0.68994140625
-0.01898193359375 -0.0692367553710938 -0.8299560546875 0.4000244140625
0.0269565582275391 -0.00310325622558594 -0.703857421875 -0.0612792968749998
0.0597610473632812 0.0624046325683594 0.0354385375976563 0.121910095214844
0.0543899536132812 0.0194168090820312 0.827392578125 0.16357421875
0.0102882385253906 -0.0231723785400391 0.8563232421875 -0.4793701171875
-0.0318088531494141 -0.0098114013671875 0.0882568359375 -0.79510498046875
-0.0138425827026367 0.0143184661865234 -0.45361328125 -0.43682861328125
0.0142974853515625 0.0307941436767578 -0.45086669921875 -0.0744323730468751
0.0300102233886719 0.0228595733642578 -0.18096923828125 0.172439575195313
0.0196247100830078 -0.0149936676025391 0.0617523193359375 0.1903076171875
0.000134706497192383 -0.00160527229309082 -0.02288818359375 -0.177597045898437
-0.00483131408691406 0.0289363861083984 0.24029541015625 -0.104293823242188
-0.003387451171875 0.0290870666503906 0.424102783203125 0.140869140625
-0.0284347534179687 0.00844383239746094 0.3472900390625 0.52838134765625
-0.0397415161132813 -0.0414390563964844 -0.2275390625 0.7066650390625
0.0136184692382813 -0.0803298950195313 -0.7889404296875 0.4415283203125
0.0637054443359375 0.0111618041992188 -0.69012451171875 -0.02813720703125
0.0865020751953125 0.0930328369140625 0.048095703125 0.133193969726563
0.0886154174804687 0.0370330810546875 0.85687255859375 0.1890869140625
0.0487594604492188 -0.0312690734863281 0.90966796875 -0.46533203125
-0.0158920288085937 -0.0389747619628906 0.13067626953125 -0.80419921875
-0.0231895446777344 -0.0120639801025391 -0.431488037109375 -0.45660400390625
-0.00329971313476562 0.0210437774658203 -0.44427490234375 -0.0862426757812499
0.00110626220703125 0.0273761749267578 -0.176513671875 0.159896850585938
-0.00446176528930664 -0.00371313095092773 0.0789031982421875 0.174896240234375
0.00111854076385498 -0.00049901008605957 -0.0241241455078125 -0.173812866210937
-0.00626754760742188 0.0294284820556641 0.233718872070312 -0.105316162109375
-0.00675392150878906 0.0283012390136719 0.416748046875 0.1397705078125
-0.0276985168457031 0.00809860229492187 0.342010498046875 0.52630615234375
-0.0392227172851563 -0.0418357849121094 -0.23046875 0.7027587890625
0.0183486938476562 -0.0798797607421875 -0.798583984375 0.43792724609375
0.0640525817871094 0.0102806091308594 -0.69573974609375 -0.0333862304687501
0.083526611328125 0.0931167602539063 0.0433502197265625 0.129051208496094
0.0885391235351563 0.03887939453125 0.84710693359375 0.18560791015625
0.0500984191894531 -0.0331459045410156 0.898681640625 -0.46356201171875
-0.0125465393066406 -0.040496826171875 0.12255859375 -0.801025390625
-0.0237770080566406 -0.0154247283935547 -0.4375 -0.45172119140625
-0.00692176818847656 0.0185546875 -0.44610595703125 -0.083465576171875
-0.000194549560546877 0.0264797210693359 -0.17779541015625 0.163894653320313
-0.00444889068603516 2.76565551757819E-05 0.077392578125 0.182083129882812
0.00268840789794922 -0.000226974487304687 -0.0252685546875 -0.168487548828125
-0.00747489929199219 0.0266704559326172 0.233154296875 -0.100509643554688
-0.00693130493164062 0.0283489227294922 0.412750244140625 0.14239501953125
-0.0293846130371094 0.00771522521972656 0.33349609375 0.5296630859375
-0.0381355285644531 -0.0437850952148438 -0.24261474609375 0.70318603515625
0.0157012939453125 -0.0808868408203125 -0.80645751953125 0.436767578125
0.0605964660644531 0.010345458984375 -0.70355224609375 -0.0379028320312501
0.08172607421875 0.090972900390625 0.0366744995117188 0.123237609863281
0.0859222412109375 0.0379257202148438 0.8424072265625 0.1802978515625
0.04986572265625 -0.0322914123535156 0.8946533203125 -0.47235107421875
-0.0125923156738281 -0.0406608581542969 0.11669921875 -0.8060302734375
-0.0248222351074219 -0.0139236450195312 -0.444366455078125 -0.454254150390625
-0.00826644897460937 0.0199909210205078 -0.454498291015625 -0.0844421386718749
-0.000699996948242188 0.0244693756103516 -0.182876586914063 0.166748046875
-0.00196659564971924 -0.000954866409301758 0.0735015869140625 0.181915283203125
0.00626373291015625 -7.29560852050781E-05 -0.02996826171875 -0.164688110351562
-0.00336074829101563 0.0248832702636719 0.23016357421875 -0.0992279052734375
-0.00520896911621094 0.0286788940429688 0.406402587890625 0.14569091796875
-0.0287094116210937 0.0111408233642578 0.325836181640625 0.528533935546875
-0.0398025512695312 -0.039398193359375 -0.2510986328125 0.69732666015625
0.0116043090820313 -0.0787506103515625 -0.81744384765625 0.42681884765625
0.0550003051757813 0.00905227661132813 -0.70904541015625 -0.0440063476562501
0.0758514404296875 0.083892822265625 0.0315399169921875 0.119705200195312
0.0817337036132813 0.03466796875 0.8363037109375 0.173828125
0.0462722778320313 -0.0324440002441406 0.881591796875 -0.47161865234375
-0.014892578125 -0.0376663208007813 0.1070556640625 -0.802978515625
-0.0237026214599609 -0.00984764099121094 -0.452362060546875 -0.448944091796875
-0.00644111633300781 0.0212421417236328 -0.45623779296875 -0.077423095703125
0.00354766845703125 0.0244770050048828 -0.183639526367188 0.17041015625
0.00106161832809448 -0.00041741132736206 0.0713348388671875 0.189056396484375
0.0116147994995117 -0.00245189666748047 -0.029327392578125 -0.16058349609375
0.00304985046386719 0.0236682891845703 0.22894287109375 -0.092926025390625
-0.00102996826171875 0.0301952362060547 0.404937744140625 0.147003173828125
-0.0270175933837891 0.0166263580322266 0.317657470703125 0.537567138671875
-0.0434989929199219 -0.0343475341796875 -0.262939453125 0.70245361328125
0.00463104248046874 -0.0752410888671875 -0.82635498046875 0.4241943359375
0.0474433898925781 0.00428390502929688 -0.7144775390625 -0.0491943359375001
0.0705413818359375 0.0794677734375 0.0287246704101563 0.11724853515625
0.0747909545898438 0.03057861328125 0.8323974609375 0.1683349609375
0.0362052917480469 -0.0310134887695313 0.87457275390625 -0.4825439453125
-0.01885986328125 -0.0318050384521484 0.0966796875000001 -0.805908203125
-0.0214042663574219 -0.00423812866210938 -0.456573486328125 -0.447723388671875
-0.00259780883789063 0.0225696563720703 -0.459716796875 -0.0782165527343751
0.00969123840332031 0.0230808258056641 -0.185867309570313 0.1717529296875
0.00716066360473633 -0.00341320037841797 0.0666656494140625 0.186721801757813
0.0161056518554688 -0.00563144683837891 -0.0338592529296875 -0.15728759765625
0.00959014892578125 0.0237464904785156 0.228988647460937 -0.0916748046875
0.00576019287109375 0.0316257476806641 0.401153564453125 0.150238037109375
-0.0250759124755859 0.0217323303222656 0.3123779296875 0.53912353515625
-0.0489158630371094 -0.0262947082519531 -0.26947021484375 0.7021484375
-0.00351715087890625 -0.0746002197265625 -0.8338623046875 0.41705322265625
0.0389556884765625 0.00214004516601562 -0.71624755859375 -0.0554199218749999
0.0656280517578125 0.0721282958984375 0.0295257568359375 0.11712646484375
0.0677490234375 0.0265693664550781 0.82928466796875 0.16278076171875
0.0290794372558594 -0.0282516479492188 0.8670654296875 -0.4859619140625
-0.0238018035888672 -0.0246849060058594 0.0879516601562499 -0.80523681640625
-0.0193901062011719 0.00366592407226562 -0.4609375 -0.441131591796875
0.00252342224121094 0.0248527526855469 -0.46136474609375 -0.0732116699218751
0.015960693359375 0.020751953125 -0.184906005859375 0.175857543945313
0.0126914978027344 -0.00791835784912109 0.0661163330078125 0.190521240234375
0.019927978515625 -0.00840950012207031 -0.035736083984375 -0.157791137695313
0.0176124572753906 0.0236034393310547 0.231643676757813 -0.0905609130859375
0.0128955841064453 0.0329017639160156 0.401763916015625 0.15008544921875
-0.0238533020019531 0.0303897857666016 0.308197021484375 0.54071044921875
-0.0516319274902344 -0.0198440551757813 -0.2747802734375 0.700439453125
-0.0122451782226563 -0.0702896118164063 -0.8389892578125 0.41021728515625
0.0327091217041016 -0.00138092041015625 -0.71331787109375 -0.0592041015625001
0.0617485046386719 0.0680770874023438 0.0332870483398438 0.118171691894531
0.0596122741699219 0.0221633911132813 0.83251953125 0.15960693359375
0.0180225372314453 -0.0260601043701172 0.86260986328125 -0.49029541015625
-0.0274925231933594 -0.0167713165283203 0.081787109375 -0.80517578125
-0.0166339874267578 0.00961399078369141 -0.461578369140625 -0.439666748046875
0.00761604309082031 0.0277976989746094 -0.4586181640625 -0.0726928710937501
0.0250434875488281 0.0228443145751953 -0.18511962890625 0.175323486328125
0.0156917572021484 -0.0110750198364258 0.0642547607421875 0.193817138671875
0.0233249664306641 -0.0107688903808594 -0.0368499755859375 -0.159271240234375
0.0258960723876953 0.0239276885986328 0.235824584960938 -0.088592529296875
0.0205631256103516 0.0349044799804688 0.40655517578125 0.151123046875
-0.0218048095703125 0.0354766845703125 0.311126708984375 0.544708251953125
-0.057464599609375 -0.0112495422363281 -0.2772216796875 0.701416015625
-0.0205230712890625 -0.0687026977539063 -0.8387451171875 0.41046142578125
0.0269699096679688 -0.00364303588867188 -0.712646484375 -0.0580444335937499
0.0603523254394531 0.0634269714355469 0.0369186401367188 0.122611999511719
0.0547370910644531 0.0190773010253906 0.8369140625 0.1612548828125
0.0105552673339844 -0.0233650207519531 0.8642578125 -0.4915771484375
-0.0321445465087891 -0.00986099243164063 0.0839233398437501 -0.80670166015625
-0.0154523849487305 0.0133523941040039 -0.4627685546875 -0.438323974609375
0.0150413513183594 0.0298423767089844 -0.459228515625 -0.0716247558593749
0.0313053131103516 0.0235538482666016 -0.184051513671875 0.176589965820313
0.0199794769287109 -0.0137500762939453 0.0638885498046875 0.19195556640625
0.000105023384094238 -0.000924646854400635 -0.0227813720703125 -0.178115844726563
-0.00397109985351562 0.0292377471923828 0.24285888671875 -0.10748291015625
-0.0031890869140625 0.0305957794189453 0.43072509765625 0.138641357421875
-0.0277290344238281 0.0102939605712891 0.35723876953125 0.5323486328125
-0.043701171875 -0.040679931640625 -0.22381591796875 0.71929931640625
0.013702392578125 -0.0806961059570312 -0.79730224609375 0.45501708984375
0.06390380859375 0.0110588073730469 -0.69921875 -0.0231323242187499
0.0869903564453125 0.0920257568359375 0.0506668090820312 0.133384704589844
0.090118408203125 0.03692626953125 0.8671875 0.185546875
0.0468635559082031 -0.0319290161132813 0.9166259765625 -0.47918701171875
-0.0147933959960938 -0.0394058227539062 0.125244140625 -0.819091796875
-0.0235137939453125 -0.0131244659423828 -0.443328857421875 -0.458526611328125
-0.00442886352539062 0.0212669372558594 -0.449798583984375 -0.0825195312499999
0.00288581848144531 0.0277023315429687 -0.177841186523437 0.164840698242188
-0.00531387329101563 -0.00186014175415039 0.0802154541015625 0.176010131835938
0.00136256217956543 -0.000499606132507324 -0.0243377685546875 -0.175674438476563
-0.00649833679199218 0.0289249420166016 0.238510131835938 -0.10919189453125
-0.00715255737304687 0.0285091400146484 0.42401123046875 0.136383056640625
-0.0300178527832031 0.00855445861816407 0.350311279296875 0.5302734375
-0.0391769409179688 -0.0433692932128906 -0.22705078125 0.71490478515625
0.0143890380859375 -0.0802993774414063 -0.80450439453125 0.45184326171875
0.0641403198242188 0.0109329223632813 -0.70526123046875 -0.02740478515625
0.0857315063476563 0.0925369262695313 0.042083740234375 0.128677368164062
0.0894851684570312 0.0384750366210937 0.85894775390625 0.18133544921875
0.0515174865722656 -0.0327186584472656 0.90673828125 -0.478515625
-0.0132179260253906 -0.0429573059082031 0.11676025390625 -0.8140869140625
-0.0252037048339844 -0.0150642395019531 -0.44769287109375 -0.453948974609375
-0.00727462768554688 0.0194358825683594 -0.454986572265625 -0.0805969238281249
0.000604629516601563 0.0264110565185547 -0.17987060546875 0.170303344726562
-0.00632715225219726 0.000196456909179689 0.0808563232421875 0.1844482421875
0.00302314758300781 0.000438690185546875 -0.02691650390625 -0.170806884765625
-0.00645065307617188 0.0268363952636719 0.23638916015625 -0.103897094726563
-0.00635719299316406 0.0293655395507813 0.41796875 0.140869140625
-0.0286922454833984 0.00808334350585938 0.342987060546875 0.53570556640625
-0.0405998229980469 -0.0429039001464844 -0.24139404296875 0.7171630859375
0.0146484375 -0.0812454223632812 -0.814453125 0.4500732421875
0.060821533203125 0.0102615356445313 -0.71435546875 -0.0322875976562499
0.082275390625 0.0905990600585938 0.037078857421875 0.123512268066406
0.088104248046875 0.03521728515625 0.8533935546875 0.17486572265625
0.0486106872558594 -0.0339012145996094 0.9007568359375 -0.4866943359375
-0.0154647827148437 -0.0420150756835937 0.108642578125 -0.817138671875
-0.0236949920654297 -0.01336669921875 -0.45428466796875 -0.454742431640625
-0.00852203369140625 0.0199813842773438 -0.4600830078125 -0.0798950195312499
-5.53131103515619E-05 0.0243587493896484 -0.183975219726562 0.170486450195313
-0.00255727767944336 0.00104069709777832 0.0765228271484375 0.184097290039063
0.00597524642944336 0.000611305236816406 -0.031829833984375 -0.167770385742188
-0.00244140625 0.0251541137695313 0.232711791992188 -0.101638793945313
-0.00601959228515625 0.0291481018066406 0.413055419921875 0.142547607421875
-0.0296745300292969 0.0117702484130859 0.334075927734375 0.53485107421875
-0.0416259765625 -0.0393600463867188 -0.247314453125 0.71258544921875
0.0105819702148438 -0.0779800415039063 -0.82391357421875 0.4404296875
0.0558395385742188 0.00876998901367188 -0.71881103515625 -0.0398559570312499
0.0767364501953125 0.08477783203125 0.0305023193359375 0.121246337890625
0.081146240234375 0.0329513549804688 0.84619140625 0.1678466796875
0.0437355041503906 -0.033050537109375 0.88873291015625 -0.48883056640625
-0.0154190063476563 -0.0379066467285156 0.10272216796875 -0.81524658203125
-0.0237407684326172 -0.0101661682128906 -0.46160888671875 -0.450439453125
-0.00497627258300781 0.0197811126708984 -0.46429443359375 -0.0750732421874999
0.0042877197265625 0.0236263275146484 -0.185592651367187 0.174484252929688
-2.48849391937256E-05 0.000471442937850952 0.0735015869140625 0.190780639648437
0.0117197036743164 -0.00426006317138672 -0.0339202880859375 -0.15985107421875
0.00314140319824219 0.0246906280517578 0.231491088867187 -0.0988006591796875
0.000637054443359373 0.0302791595458984 0.41009521484375 0.146026611328125
-0.0290088653564453 0.0170478820800781 0.32598876953125 0.54150390625
-0.04534912109375 -0.0339851379394531 -0.258544921875 0.7138671875
0.00312042236328124 -0.0777511596679688 -0.83343505859375 0.4376220703125
0.0481147766113281 0.00671768188476563 -0.7257080078125 -0.0434570312500001
0.070526123046875 0.0799026489257813 0.0299301147460938 0.116531372070313
0.0744781494140625 0.0308074951171875 0.8426513671875 0.15985107421875
0.0367813110351563 -0.0328025817871094 0.87890625 -0.49786376953125
-0.0188503265380859 -0.0316047668457031 0.090087890625 -0.81732177734375
-0.0216712951660156 -0.00461387634277344 -0.467803955078125 -0.448486328125
-0.00201988220214844 0.0228691101074219 -0.46685791015625 -0.0732116699218751
0.00910568237304688 0.0238895416259766 -0.187240600585937 0.178176879882813
0.00628805160522461 -0.0033416748046875 0.070098876953125 0.189971923828125
0.0166854858398437 -0.00494098663330078 -0.0365447998046875 -0.159164428710938
0.0102005004882812 0.0232868194580078 0.232421875 -0.0949859619140625
0.0063934326171875 0.0323028564453125 0.40863037109375 0.14727783203125
-0.0248641967773438 0.0237560272216797 0.322540283203125 0.542572021484375
-0.0494575500488281 -0.0254592895507812 -0.26593017578125 0.71307373046875
-0.00541687011718749 -0.0729904174804688 -0.84112548828125 0.4305419921875
0.0392341613769531 0.00203323364257813 -0.72723388671875 -0.0502319335937501
0.0666427612304688 0.072967529296875 0.0300140380859375 0.117401123046875
0.0689048767089844 0.0248794555664062 0.84295654296875 0.1563720703125
0.0284309387207031 -0.0296363830566406 0.8736572265625 -0.5030517578125
-0.022705078125 -0.0246810913085937 0.0819702148437501 -0.8189697265625
-0.0186805725097656 0.00338554382324219 -0.47283935546875 -0.4429931640625
0.00301361083984375 0.0241832733154297 -0.46893310546875 -0.0715637207031249
0.0184383392333984 0.022430419921875 -0.188323974609375 0.17864990234375
0.0103025436401367 -0.00689888000488281 0.0679779052734375 0.19354248046875
0.0205497741699219 -0.00800895690917969 -0.036407470703125 -0.15887451171875
0.0185737609863281 0.02362060546875 0.234848022460937 -0.0938262939453125
0.0145206451416016 0.032928466796875 0.408538818359375 0.148468017578125
-0.0234527587890625 0.0286674499511719 0.31829833984375 0.546600341796875
-0.0540122985839844 -0.0182991027832031 -0.27191162109375 0.71185302734375
-0.0131607055664062 -0.0710372924804688 -0.8450927734375 0.4237060546875
0.032379150390625 -0.000232696533203125 -0.7227783203125 -0.0534057617187499
0.0623855590820313 0.0667686462402344 0.0337142944335938 0.120613098144531
0.0598411560058594 0.02117919921875 0.84197998046875 0.15679931640625
0.0190200805664063 -0.0248565673828125 0.8681640625 -0.50384521484375
-0.0289897918701172 -0.0156173706054688 0.0760498046875001 -0.81622314453125
-0.0169963836669922 0.00897789001464844 -0.474517822265625 -0.44189453125
0.00955390930175781 0.0285415649414063 -0.46759033203125 -0.0700073242187501
0.0253963470458984 0.0227451324462891 -0.18524169921875 0.180862426757813
0.0153112411499023 -0.00985240936279297 0.066253662109375 0.196014404296875
0.0235710144042969 -0.0116653442382813 -0.0370635986328125 -0.160629272460938
0.0274162292480469 0.0246429443359375 0.238174438476563 -0.093475341796875
0.021575927734375 0.0357437133789063 0.414093017578125 0.1500244140625
-0.0219230651855469 0.036224365234375 0.3214111328125 0.548126220703125
-0.0594749450683594 -0.0120620727539062 -0.274658203125 0.7127685546875
-0.0223312377929687 -0.0694236755371094 -0.84442138671875 0.4241943359375
0.0264167785644531 -0.00242042541503906 -0.7237548828125 -0.0538330078124999
0.0625801086425781 0.0638923645019531 0.038116455078125 0.123786926269531
0.0562248229980469 0.0193405151367188 0.84637451171875 0.1549072265625
0.00976943969726563 -0.0231990814208984 0.86920166015625 -0.5076904296875
-0.0331153869628906 -0.00910186767578125 0.0776367187500001 -0.81884765625
-0.0133819580078125 0.0158729553222656 -0.473358154296875 -0.441741943359375
0.0163307189941406 0.0301132202148438 -0.465606689453125 -0.0675964355468749
0.0329761505126953 0.0225734710693359 -0.182281494140625 0.181381225585938
0.0196990966796875 -0.0133380889892578 0.0660552978515625 0.19580078125
4.40552830696106E-05 8.36625695228577E-05 -0.0236663818359375 -0.180877685546875
-0.00198554992675781 0.0309944152832031 0.245452880859375 -0.111724853515625
-0.00342369079589844 0.0304985046386719 0.4383544921875 0.13214111328125
-0.0284366607666016 0.0102272033691406 0.367340087890625 0.53662109375
-0.0439491271972656 -0.0405769348144531 -0.2193603515625 0.73419189453125
0.0130157470703125 -0.0810394287109375 -0.80352783203125 0.46990966796875
0.0655975341796875 0.0104522705078125 -0.70989990234375 -0.0152587890625002
0.0891571044921875 0.0923385620117188 0.0512313842773438 0.135337829589844
0.0905075073242188 0.0365219116210938 0.88055419921875 0.17755126953125
0.04779052734375 -0.03179931640625 0.92333984375 -0.49517822265625
-0.0165748596191406 -0.0392837524414063 0.11871337890625 -0.8302001953125
-0.023651123046875 -0.0124530792236328 -0.454620361328125 -0.45855712890625
-0.00353431701660156 0.0212497711181641 -0.458282470703125 -0.077178955078125
0.00403976440429687 0.0275478363037109 -0.1785888671875 0.16998291015625
-0.00576114654541016 -0.00222253799438477 0.0839996337890625 0.178070068359375
0.000654160976409912 0.000854730606079102 -0.02679443359375 -0.1785888671875
-0.00543212890625 0.0302238464355469 0.240936279296875 -0.1134033203125
-0.00687217712402344 0.0293102264404297 0.431304931640625 0.13238525390625
-0.0298595428466797 0.00821113586425781 0.362335205078125 0.5321044921875
-0.0435409545898437 -0.04339599609375 -0.2227783203125 0.72802734375
0.01470947265625 -0.0814361572265625 -0.81146240234375 0.46661376953125
0.0657615661621094 0.0108146667480469 -0.71478271484375 -0.0218505859374999
0.0872879028320313 0.092529296875 0.044036865234375 0.130157470703125
0.0912094116210938 0.0368728637695313 0.8717041015625 0.17327880859375
0.0508689880371094 -0.033782958984375 0.9136962890625 -0.49652099609375
-0.0144844055175781 -0.0420722961425781 0.10968017578125 -0.82757568359375
-0.0246028900146484 -0.0143108367919922 -0.4603271484375 -0.45526123046875
-0.00745964050292969 0.0191421508789063 -0.463592529296875 -0.0752258300781251
0.0020751953125 0.0269107818603516 -0.180694580078125 0.174835205078125
-0.00731992721557617 0.000829219818115234 0.08367919921875 0.185760498046875
0.00228428840637207 -0.0004730224609375 -0.028564453125 -0.172409057617188
-0.00618934631347656 0.0276584625244141 0.239303588867188 -0.109176635742188
-0.00600433349609375 0.0294647216796875 0.42755126953125 0.135711669921875
-0.0318317413330078 0.00901603698730469 0.353240966796875 0.5377197265625
-0.0425949096679688 -0.0427627563476562 -0.23583984375 0.7301025390625
0.0145034790039062 -0.0819091796875 -0.82000732421875 0.46527099609375
0.0638084411621094 0.0104408264160156 -0.724853515625 -0.0264892578124999
0.0841522216796875 0.0899124145507813 0.0384292602539063 0.12481689453125
0.0889511108398438 0.0347518920898438 0.8668212890625 0.16754150390625
0.0495262145996094 -0.0345954895019531 0.9083251953125 -0.5037841796875
-0.0140953063964844 -0.0413322448730469 0.10260009765625 -0.8302001953125
-0.0250778198242188 -0.0141277313232422 -0.467926025390625 -0.455230712890625
-0.0080108642578125 0.0198421478271484 -0.46917724609375 -0.0746154785156249
0.00128555297851562 0.0253696441650391 -0.184967041015625 0.176040649414062
-0.00287461280822754 0.000512838363647461 0.0777587890625 0.186752319335938
0.00574016571044922 -0.00146913528442383 -0.0316162109375 -0.16900634765625
-0.00111579895019531 0.0261058807373047 0.235885620117188 -0.106369018554688
-0.00588417053222656 0.0287017822265625 0.42041015625 0.138427734375
-0.0294990539550781 0.0122165679931641 0.345550537109375 0.53826904296875
-0.0432357788085938 -0.0383224487304687 -0.244873046875 0.72430419921875
0.00882720947265624 -0.0802078247070313 -0.8284912109375 0.45721435546875
0.055511474609375 0.008758544921875 -0.73016357421875 -0.03204345703125
0.0794601440429688 0.0854721069335937 0.0330886840820313 0.120536804199219
0.08319091796875 0.0328369140625 0.858154296875 0.1630859375
0.0444068908691406 -0.0330772399902344 0.89666748046875 -0.50689697265625
-0.0165786743164063 -0.0386238098144531 0.0927124023437501 -0.82855224609375
-0.02392578125 -0.0102462768554687 -0.4744873046875 -0.448211669921875
-0.00591659545898438 0.0197696685791016 -0.472198486328125 -0.0703430175781249
0.00449371337890625 0.0247840881347656 -0.186187744140625 0.17987060546875
-0.00024530291557312 0.000453770160675049 0.077423095703125 0.192153930664062
0.00989151000976563 -0.00293540954589844 -0.034454345703125 -0.162139892578125
0.00213432312011718 0.0239410400390625 0.234848022460937 -0.102432250976562
0.00021934509277344 0.0303764343261719 0.41729736328125 0.140960693359375
-0.0283660888671875 0.0189437866210938 0.337921142578125 0.54327392578125
-0.0469093322753906 -0.0329513549804688 -0.2557373046875 0.7269287109375
0.0016021728515625 -0.0783538818359375 -0.83917236328125 0.4527587890625
0.047332763671875 0.00635147094726563 -0.73394775390625 -0.036865234375
0.07342529296875 0.0794601440429688 0.0303497314453125 0.118385314941406
0.0762939453125 0.0280838012695312 0.854248046875 0.15380859375
0.0374107360839844 -0.0325050354003906 0.88787841796875 -0.5157470703125
-0.0206928253173828 -0.0307025909423828 0.081787109375 -0.83123779296875
-0.021392822265625 -0.00522994995117188 -0.480316162109375 -0.448944091796875
-0.0020599365234375 0.0225505828857422 -0.474609375 -0.0686035156250001
0.0106716156005859 0.0240211486816406 -0.18798828125 0.181777954101562
0.00541257858276367 -0.00364780426025391 0.072052001953125 0.19207763671875
0.0161848068237305 -0.00494384765625 -0.03729248046875 -0.16156005859375
0.0109786987304687 0.0245685577392578 0.23529052734375 -0.099945068359375
0.00684738159179688 0.0320796966552734 0.415191650390625 0.14324951171875
-0.0262832641601563 0.0238037109375 0.333404541015625 0.54656982421875
-0.0517959594726563 -0.0252571105957031 -0.26177978515625 0.7281494140625
-0.00621795654296875 -0.0745468139648438 -0.84796142578125 0.4459228515625
0.039642333984375 0.00190353393554688 -0.73687744140625 -0.0434570312500001
0.0679397583007813 0.0742111206054688 0.0310516357421875 0.118148803710938
0.0691642761230469 0.0252723693847656 0.853271484375 0.15118408203125
0.0276260375976563 -0.0297355651855469 0.8798828125 -0.52008056640625
-0.0242977142333984 -0.0241661071777344 0.0736083984375 -0.8311767578125
-0.0194683074951172 0.00158500671386719 -0.48541259765625 -0.445404052734375
0.00341415405273438 0.0247478485107422 -0.475921630859375 -0.066650390625
0.0180130004882813 0.0224590301513672 -0.187698364257812 0.184829711914063
0.0115203857421875 -0.00637912750244141 0.071563720703125 0.19561767578125
0.0207004547119141 -0.00885200500488281 -0.0381011962890625 -0.16082763671875
0.0204830169677734 0.0227394104003906 0.237457275390625 -0.0974578857421875
0.0150222778320313 0.0336227416992188 0.417266845703125 0.14453125
-0.0241413116455078 0.0322437286376953 0.32940673828125 0.55047607421875
-0.055694580078125 -0.018096923828125 -0.26800537109375 0.72747802734375
-0.0149993896484375 -0.0713119506835938 -0.8524169921875 0.44049072265625
0.0330944061279297 -0.0008544921875 -0.73529052734375 -0.0469970703125
0.0651016235351563 0.0669517517089844 0.03375244140625 0.119514465332031
0.0612640380859375 0.0207977294921875 0.8543701171875 0.1475830078125
0.0165023803710938 -0.0278110504150391 0.8763427734375 -0.5230712890625
-0.0290203094482422 -0.0160369873046875 0.06829833984375 -0.830078125
-0.0157814025878906 0.0100326538085938 -0.4842529296875 -0.44146728515625
0.0102615356445313 0.0279407501220703 -0.4752197265625 -0.0639343261718751
0.0260639190673828 0.0229701995849609 -0.18695068359375 0.185577392578125
0.0152797698974609 -0.0106887817382813 0.06890869140625 0.196914672851563
0.0246448516845703 -0.0102710723876953 -0.039031982421875 -0.162673950195313
0.027740478515625 0.0233688354492188 0.242431640625 -0.0981597900390625
0.0218620300292969 0.0353927612304687 0.421417236328125 0.145294189453125
-0.0229225158691406 0.0372886657714844 0.3319091796875 0.55194091796875
-0.0608711242675781 -0.00982666015625 -0.27001953125 0.727294921875
-0.0235023498535156 -0.0694427490234375 -0.85406494140625 0.43841552734375
0.0283584594726563 -0.00343132019042969 -0.73291015625 -0.046142578125
0.0633468627929688 0.0631332397460938 0.0381393432617187 0.123771667480469
0.0556907653808594 0.017669677734375 0.85980224609375 0.14813232421875
0.00900840759277344 -0.0255107879638672 0.87652587890625 -0.52447509765625
-0.0334548950195313 -0.00847434997558594 0.0693969726562501 -0.83172607421875
-0.0130748748779297 0.014103889465332 -0.485443115234375 -0.4403076171875
0.0175838470458984 0.0303173065185547 -0.474884033203125 -0.0621337890625
0.0336494445800781 0.0225429534912109 -0.184112548828125 0.185638427734375
0.0178871154785156 -0.012939453125 0.06939697265625 0.1982421875
0.000539869070053101 0.00024491548538208 -0.02557373046875 -0.182327270507813
-0.00059318542480469 0.0307083129882812 0.247817993164063 -0.118026733398438
-0.00359535217285156 0.0309429168701172 0.445281982421875 0.12969970703125
-0.0300121307373047 0.0105266571044922 0.381439208984375 0.537750244140625
-0.0479736328125 -0.0399971008300781 -0.211669921875 0.74517822265625
0.010833740234375 -0.0825729370117188 -0.80767822265625 0.48858642578125
0.0669593811035156 0.00938796997070313 -0.7177734375 -0.00671386718749988
0.0909652709960938 0.0924530029296875 0.0523452758789062 0.134666442871094
0.0916824340820313 0.03485107421875 0.8929443359375 0.1663818359375
0.0477790832519531 -0.0340576171875 0.92919921875 -0.516845703125
-0.0172119140625 -0.0393867492675781 0.10650634765625 -0.84210205078125
-0.0234584808349609 -0.0128898620605469 -0.46710205078125 -0.45709228515625
-0.00389480590820313 0.0208663940429688 -0.465850830078125 -0.0713806152343749
0.00412750244140625 0.0274677276611328 -0.177032470703125 0.174850463867188
-0.00612878799438477 -0.00101947784423828 0.08599853515625 0.179534912109375
0.000570535659790039 0.00102394819259644 -0.0281219482421875 -0.179580688476563
-0.00350570678710938 0.0296707153320312 0.244476318359375 -0.11749267578125
-0.00673484802246094 0.0303173065185547 0.438751220703125 0.128631591796875
-0.0310153961181641 0.0103645324707031 0.3751220703125 0.534271240234375
-0.0450363159179688 -0.0429458618164063 -0.2154541015625 0.7412109375
0.0127182006835938 -0.08184814453125 -0.81231689453125 0.48419189453125
0.0668678283691406 0.0110397338867187 -0.72430419921875 -0.0102539062500001
0.0894088745117188 0.092193603515625 0.0465850830078125 0.12933349609375
0.0924835205078125 0.0355987548828125 0.8831787109375 0.16229248046875
0.0490608215332031 -0.034912109375 0.91748046875 -0.51611328125
-0.0155792236328125 -0.0412025451660156 0.10107421875 -0.839599609375
-0.0245456695556641 -0.0145130157470703 -0.47314453125 -0.454620361328125
-0.00696754455566406 0.0195713043212891 -0.469757080078125 -0.0684204101562499
0.00139999389648437 0.0268630981445313 -0.179794311523437 0.17987060546875
-0.00754404067993164 0.000183582305908204 0.0859222412109375 0.187210083007812
0.00303840637207031 0.00106620788574219 -0.0309906005859375 -0.1737060546875
-0.00423622131347656 0.0282821655273438 0.240997314453125 -0.113510131835938
-0.00769805908203125 0.0297832489013672 0.433685302734375 0.130706787109375
-0.0313529968261719 0.00947761535644531 0.368255615234375 0.53961181640625
-0.0437469482421875 -0.04132080078125 -0.227783203125 0.7435302734375
0.0122909545898437 -0.0823135375976563 -0.823486328125 0.48248291015625
0.0636634826660156 0.0104293823242188 -0.73358154296875 -0.0172729492187501
0.0860366821289063 0.0897750854492188 0.0401458740234375 0.12518310546875
0.091217041015625 0.0342864990234375 0.8790283203125 0.156005859375
0.0490150451660156 -0.0364608764648437 0.9112548828125 -0.52508544921875
-0.0153465270996094 -0.0415267944335938 0.0909423828125001 -0.84393310546875
-0.0243301391601562 -0.0148811340332031 -0.480926513671875 -0.4547119140625
-0.00634002685546875 0.0203208923339844 -0.47662353515625 -0.06793212890625
0.002227783203125 0.0260105133056641 -0.183380126953125 0.18060302734375
-0.00293803215026855 0.00149393081665039 0.0828857421875 0.187835693359375
0.00584793090820313 -0.000592708587646484 -0.0351104736328125 -0.169952392578125
-0.000637054443359373 0.0262947082519531 0.236953735351563 -0.112869262695313
-0.00655174255371093 0.0278911590576172 0.42718505859375 0.132904052734375
-0.0313301086425781 0.0132160186767578 0.357666015625 0.5404052734375
-0.0460357666015625 -0.0382766723632813 -0.2357177734375 0.73919677734375
0.0078277587890625 -0.0799560546875 -0.83551025390625 0.4732666015625
0.0563697814941406 0.00878524780273438 -0.73919677734375 -0.0227050781249999
0.0810775756835938 0.0855255126953125 0.0340194702148438 0.121406555175781
0.0847625732421875 0.0314483642578125 0.87078857421875 0.1517333984375
0.04547119140625 -0.035400390625 0.898193359375 -0.5250244140625
-0.0185699462890625 -0.0369071960449219 0.0816040039062501 -0.8394775390625
-0.0242290496826172 -0.0102806091308594 -0.487701416015625 -0.446868896484375
-0.0062103271484375 0.0208530426025391 -0.48028564453125 -0.0645446777343749
0.00548362731933594 0.0234947204589844 -0.185592651367188 0.18634033203125
-0.000835418701171875 0.00195932388305664 0.0815887451171875 0.194168090820312
0.0105962753295898 -0.00249862670898438 -0.0364837646484375 -0.163589477539063
0.00403022766113281 0.0244102478027344 0.238250732421875 -0.107162475585938
0.000974655151367188 0.0310440063476563 0.42401123046875 0.13751220703125
-0.0300731658935547 0.0177879333496094 0.349456787109375 0.54443359375
-0.0483131408691406 -0.0322723388671875 -0.246337890625 0.740234375
0.000526428222656255 -0.0772018432617188 -0.843505859375 0.47015380859375
0.0479621887207031 0.00646591186523437 -0.7427978515625 -0.0288696289062501
0.0758819580078125 0.0798263549804688 0.0309677124023438 0.118316650390625
0.077117919921875 0.0280990600585938 0.86669921875 0.1453857421875
0.0361175537109375 -0.0337295532226563 0.88739013671875 -0.53216552734375
-0.0205249786376953 -0.0308895111083984 0.07135009765625 -0.8431396484375
-0.0219497680664063 -0.00386619567871094 -0.49261474609375 -0.447662353515625
-0.00150871276855469 0.0223541259765625 -0.48272705078125 -0.0624084472656251
0.0117511749267578 0.0225601196289063 -0.188446044921875 0.188446044921875
0.00672769546508789 -0.00298690795898438 0.0767059326171875 0.194290161132813
0.0163249969482422 -0.00427436828613281 -0.03875732421875 -0.163284301757813
0.0117969512939453 0.0237884521484375 0.238433837890625 -0.105087280273438
0.00660324096679687 0.0321369171142578 0.42340087890625 0.14080810546875
-0.0267524719238281 0.0250530242919922 0.34552001953125 0.54766845703125
-0.0537757873535156 -0.0235786437988281 -0.257080078125 0.74090576171875
-0.0077972412109375 -0.0745849609375 -0.85211181640625 0.4639892578125
0.0423660278320313 0.00250625610351562 -0.74603271484375 -0.0330200195312501
0.0704421997070313 0.0740127563476563 0.031585693359375 0.117866516113281
0.069000244140625 0.0243110656738281 0.86346435546875 0.1387939453125
0.0257110595703125 -0.0314083099365234 0.88214111328125 -0.53985595703125
-0.0251655578613281 -0.0226020812988281 0.0619506835937501 -0.84393310546875
-0.01904296875 0.00195503234863282 -0.4984130859375 -0.441802978515625
0.00386810302734375 0.0251579284667969 -0.48468017578125 -0.0595703125
0.0192070007324219 0.021759033203125 -0.1878662109375 0.190399169921875
0.00944042205810547 -0.00689125061035156 0.074188232421875 0.196548461914063
0.0215015411376953 -0.00670814514160156 -0.04058837890625 -0.1636962890625
0.0210132598876953 0.0234317779541016 0.239898681640625 -0.103729248046875
0.0126018524169922 0.0338840484619141 0.423919677734375 0.140289306640625
-0.0249538421630859 0.0314998626708984 0.340728759765625 0.552642822265625
-0.0582351684570312 -0.0167350769042969 -0.26043701171875 0.73828125
-0.0169830322265625 -0.0704421997070313 -0.85797119140625 0.45672607421875
0.0325374603271484 -0.001373291015625 -0.744140625 -0.0371093750000001
0.0656013488769531 0.0669975280761719 0.0358505249023438 0.120437622070313
0.0627403259277344 0.0204811096191406 0.86468505859375 0.1378173828125
0.0153980255126953 -0.0266799926757813 0.877685546875 -0.54095458984375
-0.0283546447753906 -0.0156955718994141 0.0588378906250001 -0.8427734375
-0.0158224105834961 0.00815773010253906 -0.499786376953125 -0.439453125
0.00945091247558594 0.0265617370605469 -0.482574462890625 -0.0554809570312499
0.0258541107177734 0.0221614837646484 -0.18572998046875 0.191452026367187
0.0159482955932617 -0.0103998184204102 0.07147216796875 0.199691772460938
0.0254421234130859 -0.0108890533447266 -0.0402679443359375 -0.164093017578125
0.0297641754150391 0.0233078002929688 0.243865966796875 -0.102951049804688
0.0216236114501953 0.0349960327148438 0.42950439453125 0.1402587890625
-0.0223426818847656 0.0383415222167969 0.345184326171875 0.554229736328125
-0.0627593994140625 -0.00897216796875001 -0.2623291015625 0.7406005859375
-0.0250816345214844 -0.068359375 -0.859619140625 0.4581298828125
0.0276107788085938 -0.00274276733398438 -0.74114990234375 -0.0378417968749999
0.0645599365234375 0.0627288818359375 0.0406036376953125 0.123931884765625
0.0577468872070313 0.0173568725585938 0.87139892578125 0.13702392578125
0.00884437561035156 -0.0247478485107422 0.8792724609375 -0.54437255859375
-0.0337581634521484 -0.0085296630859375 0.0560302734374999 -0.84295654296875
-0.0134391784667969 0.0160837173461914 -0.4993896484375 -0.43896484375
0.0180168151855469 0.0305366516113281 -0.482086181640625 -0.0560302734375
0.0333957672119141 0.02215576171875 -0.18389892578125 0.191741943359375
0.0177669525146484 -0.012939453125 0.072601318359375 0.19921875
0.000615596771240234 0.00131595134735107 -0.029022216796875 -0.184066772460938
-0.000225067138671876 0.0309333801269531 0.250885009765625 -0.124252319335938
-0.00283432006835937 0.0311775207519531 0.452667236328125 0.121063232421875
-0.0304622650146484 0.0133953094482422 0.3951416015625 0.538543701171875
-0.0472984313964844 -0.038909912109375 -0.2008056640625 0.75848388671875
0.0100250244140625 -0.0827789306640625 -0.80767822265625 0.5081787109375
0.0669364929199219 0.00980377197265625 -0.72528076171875 0.00366210937500009
0.0935821533203125 0.09210205078125 0.0552215576171875 0.133445739746094
0.0935440063476562 0.0351486206054687 0.905029296875 0.1531982421875
0.0480422973632812 -0.035888671875 0.929443359375 -0.53875732421875
-0.0186347961425781 -0.0385169982910156 0.0945434570312501 -0.85601806640625
-0.0232315063476563 -0.0129222869873047 -0.4815673828125 -0.455596923828125
-0.00336074829101563 0.0209465026855469 -0.472259521484375 -0.0635375976562501
0.00502967834472656 0.0276145935058594 -0.176406860351563 0.180908203125
-0.00726604461669922 -0.00059223175048828 0.090301513671875 0.18023681640625
0.000223875045776367 0.00190651416778564 -0.031829833984375 -0.181549072265625
-0.00192451477050781 0.032135009765625 0.246017456054688 -0.124420166015625
-0.00680732727050782 0.0280895233154297 0.445648193359375 0.12109375
-0.0316753387451172 0.00933074951171876 0.38958740234375 0.53558349609375
-0.0457382202148438 -0.0418701171875 -0.20562744140625 0.75341796875
0.0111923217773437 -0.0832748413085938 -0.815185546875 0.5037841796875
0.0674285888671875 0.00961685180664063 -0.73394775390625 -0.00183105468749988
0.0910415649414062 0.0916061401367188 0.0475997924804688 0.128913879394531
0.0941314697265625 0.0342330932617188 0.89508056640625 0.15155029296875
0.050262451171875 -0.0372810363769531 0.91705322265625 -0.53839111328125
-0.0169715881347656 -0.0408401489257812 0.0870971679687501 -0.85223388671875
-0.0247516632080078 -0.0147380828857422 -0.486328125 -0.451568603515625
-0.00594520568847656 0.0191478729248047 -0.47784423828125 -0.06024169921875
0.00186729431152344 0.0259895324707031 -0.179336547851563 0.185638427734375
-0.00763273239135742 0.00230216979980469 0.0895233154296875 0.189239501953125
0.00219523906707764 0.00181233882904053 -0.0329437255859375 -0.175674438476563
-0.00323104858398438 0.0285720825195313 0.242935180664062 -0.11956787109375
-0.00757789611816406 0.0298500061035156 0.442108154296875 0.123565673828125
-0.0323715209960938 0.0107784271240234 0.381866455078125 0.540313720703125
-0.0465850830078125 -0.0426559448242187 -0.2193603515625 0.75537109375
0.0117874145507813 -0.0839080810546875 -0.825439453125 0.50286865234375
0.0632247924804688 0.00940322875976563 -0.74102783203125 -0.00396728515624992
0.0888595581054688 0.0897903442382813 0.0408401489257813 0.12518310546875
0.0917129516601563 0.0326766967773438 0.89031982421875 0.1439208984375
0.0488319396972656 -0.0370826721191406 0.91033935546875 -0.54705810546875
-0.0165519714355469 -0.0411605834960938 0.07733154296875 -0.85577392578125
-0.0254077911376953 -0.0125083923339844 -0.493560791015625 -0.451080322265625
-0.00679779052734375 0.020050048828125 -0.483642578125 -0.0598144531249999
0.00258827209472656 0.0249271392822266 -0.183700561523437 0.188140869140625
-0.00395774841308594 0.00134348869323731 0.085906982421875 0.188095092773438
0.0060429573059082 0.00223875045776367 -0.035858154296875 -0.17022705078125
3.81469726562526E-05 0.0280551910400391 0.240707397460938 -0.118453979492188
-0.00615501403808594 0.0293502807617188 0.435577392578125 0.126007080078125
-0.0305233001708984 0.0131416320800781 0.370941162109375 0.54058837890625
-0.0475006103515625 -0.0374679565429688 -0.2281494140625 0.75384521484375
0.00664520263671875 -0.0802688598632812 -0.83673095703125 0.4935302734375
0.0572280883789062 0.0082550048828125 -0.74798583984375 -0.01165771484375
0.0826492309570312 0.085479736328125 0.0364532470703125 0.122001647949219
0.0850982666015625 0.0287628173828125 0.88262939453125 0.13800048828125
0.0445137023925781 -0.0368385314941406 0.89910888671875 -0.54693603515625
-0.0179252624511719 -0.037384033203125 0.0672607421875 -0.851318359375
-0.0237522125244141 -0.0106754302978516 -0.501007080078125 -0.44476318359375
-0.00542449951171875 0.0202484130859375 -0.486785888671875 -0.0552978515625
0.00558280944824219 0.0237903594970703 -0.18426513671875 0.191757202148437
0.000448703765869141 0.00252866744995117 0.0851898193359375 0.195541381835938
0.0109739303588867 -0.00186252593994141 -0.0378875732421875 -0.164535522460938
0.00569915771484375 0.025115966796875 0.237930297851563 -0.112686157226563
0.00125885009765625 0.0308742523193359 0.43096923828125 0.129486083984375
-0.0288753509521484 0.0207386016845703 0.363616943359375 0.54632568359375
-0.0520172119140625 -0.0306739807128906 -0.2386474609375 0.75482177734375
-0.00209808349609375 -0.0784072875976563 -0.84619140625 0.49078369140625
0.0484886169433594 0.0050506591796875 -0.75006103515625 -0.0164794921874999
0.0786895751953125 0.0779953002929687 0.033477783203125 0.119003295898438
0.078521728515625 0.027679443359375 0.87786865234375 0.1297607421875
0.0357627868652344 -0.0343017578125 0.8912353515625 -0.55645751953125
-0.0213642120361328 -0.0310935974121094 0.05853271484375 -0.8531494140625
-0.0223274230957031 -0.00467872619628906 -0.5076904296875 -0.44232177734375
-0.000614166259765624 0.0211105346679688 -0.4891357421875 -0.0537109375
0.0112781524658203 0.0229949951171875 -0.187728881835938 0.192779541015625
0.0062413215637207 -0.0022587776184082 0.0797576904296875 0.195724487304688
0.0147809982299805 -0.00506973266601563 -0.041748046875 -0.16290283203125
0.0133533477783203 0.0228233337402344 0.23919677734375 -0.109710693359375
0.00721359252929687 0.0314445495605469 0.430206298828125 0.132904052734375
-0.0276966094970703 0.0272541046142578 0.35931396484375 0.5474853515625
-0.0554847717285156 -0.0238685607910156 -0.246826171875 0.75341796875
-0.010467529296875 -0.073760986328125 -0.853515625 0.4832763671875
0.0407981872558594 0.00115966796875 -0.75390625 -0.0211181640625
0.0721588134765625 0.0732345581054688 0.0338134765625 0.11785888671875
0.070404052734375 0.0232391357421875 0.8760986328125 0.1265869140625
0.0253200531005859 -0.0326347351074219 0.8829345703125 -0.5609130859375
-0.026214599609375 -0.0239124298095703 0.0487060546875001 -0.85357666015625
-0.0186691284179688 0.00339698791503906 -0.511505126953125 -0.438751220703125
0.00499153137207031 0.0248870849609375 -0.4912109375 -0.051055908203125
0.0193347930908203 0.0218849182128906 -0.186111450195312 0.196945190429687
0.00997066497802734 -0.00598907470703125 0.077484130859375 0.20013427734375
0.0218372344970703 -0.00632858276367188 -0.0429840087890625 -0.162109375
0.0239429473876953 0.0231914520263672 0.242294311523438 -0.11004638671875
0.0143985748291016 0.0331592559814453 0.431671142578125 0.134002685546875
-0.0242996215820312 0.0331039428710938 0.355377197265625 0.553741455078125
-0.0593605041503906 -0.015228271484375 -0.25299072265625 0.7545166015625
-0.0190505981445313 -0.0723419189453125 -0.8580322265625 0.47821044921875
0.0325088500976563 -0.00147056579589844 -0.75201416015625 -0.0264282226562499
0.0693168640136719 0.0659675598144531 0.036163330078125 0.120262145996094
0.0618896484375 0.0185775756835938 0.87750244140625 0.12432861328125
0.0154666900634766 -0.0286369323730469 0.878662109375 -0.5618896484375
-0.0303707122802734 -0.0152645111083984 0.04327392578125 -0.8536376953125
-0.0160055160522461 0.00895500183105469 -0.514495849609375 -0.435089111328125
0.0116443634033203 0.0261116027832031 -0.48980712890625 -0.047027587890625
0.0276470184326172 0.0204524993896484 -0.184844970703125 0.1983642578125
0.0139398574829102 -0.00913333892822265 0.0758209228515625 0.201004028320313
0.0247039794921875 -0.0104656219482422 -0.04290771484375 -0.164871215820312
0.0303363800048828 0.0241241455078125 0.246002197265625 -0.109512329101563
0.0221824645996094 0.0354804992675781 0.436431884765625 0.134033203125
-0.0234298706054688 0.0393447875976563 0.358642578125 0.554351806640625
-0.0647659301757813 -0.00764465332031248 -0.25494384765625 0.7559814453125
-0.0273704528808594 -0.0682220458984375 -0.8599853515625 0.47845458984375
0.02874755859375 -0.00373077392578125 -0.74920654296875 -0.0245361328125001
0.0656089782714844 0.0618782043457031 0.0418701171875 0.124031066894531
0.0581512451171875 0.0161094665527344 0.88214111328125 0.12445068359375
0.00815963745117188 -0.0262241363525391 0.88037109375 -0.5662841796875
-0.0352935791015625 -0.00683975219726563 0.0433349609375001 -0.8538818359375
-0.0127630233764648 0.0154705047607422 -0.51287841796875 -0.4351806640625
0.0194454193115234 0.0297985076904297 -0.487823486328125 -0.0477294921874999
0.0353240966796875 0.0217208862304688 -0.18170166015625 0.197921752929688
0.0192184448242188 -0.0122489929199219 0.0758819580078125 0.202423095703125
-0.000556468963623047 0.0015794038772583 -0.03204345703125 -0.186126708984375
0.000814437866210938 0.0319328308105469 0.251312255859375 -0.131576538085938
-0.00240707397460938 0.0308208465576172 0.4603271484375 0.112457275390625
-0.0299663543701172 0.0146255493164063 0.409637451171875 0.53424072265625
-0.0500526428222656 -0.0385932922363281 -0.18792724609375 0.7711181640625
0.00697326660156249 -0.0830154418945313 -0.80511474609375 0.52862548828125
0.0689010620117188 0.0088043212890625 -0.73291015625 0.0177001953125001
0.0968170166015625 0.0911407470703125 0.0563735961914062 0.133857727050781
0.0948486328125 0.0318145751953125 0.91485595703125 0.13592529296875
0.047454833984375 -0.0367927551269531 0.9283447265625 -0.56298828125
-0.017852783203125 -0.0393905639648438 0.0789184570312499 -0.865966796875
-0.0236110687255859 -0.0124073028564453 -0.49652099609375 -0.448394775390625
-0.00208663940429688 0.0211315155029297 -0.4791259765625 -0.0534973144531251
0.00706672668457031 0.0282402038574219 -0.175369262695312 0.18634033203125
-0.00713109970092774 -0.000111103057861329 0.094970703125 0.182022094726562
0.000617504119873047 0.00252723693847656 -0.033599853515625 -0.18328857421875
-0.000196456909179687 0.0313911437988281 0.2464599609375 -0.131683349609375
-0.00678443908691407 0.0297584533691406 0.45208740234375 0.11181640625
-0.0321846008300781 0.0115585327148437 0.404815673828125 0.53179931640625
-0.0482749938964844 -0.0405731201171875 -0.19232177734375 0.76544189453125
0.0112152099609375 -0.0832443237304688 -0.81231689453125 0.52349853515625
0.0678901672363281 0.00883865356445313 -0.73956298828125 0.0140380859374999
0.0950927734375 0.090606689453125 0.0490646362304688 0.128517150878906
0.0942764282226563 0.0315475463867188 0.9072265625 0.134033203125
0.048492431640625 -0.037750244140625 0.91766357421875 -0.561767578125
-0.0174102783203125 -0.0423965454101563 0.0719604492187499 -0.86077880859375
-0.0257110595703125 -0.0134658813476562 -0.50115966796875 -0.44354248046875
-0.00666236877441406 0.0172719955444336 -0.4833984375 -0.0515441894531251
0.0032806396484375 0.0259456634521484 -0.176223754882812 0.19012451171875
-0.00741386413574219 0.00315427780151367 0.0947265625 0.18994140625
0.00273919105529785 0.00238656997680664 -0.035552978515625 -0.178359985351563
-0.00214958190917969 0.0281887054443359 0.24530029296875 -0.126937866210938
-0.00699043273925781 0.0297794342041016 0.44879150390625 0.116302490234375
-0.0318946838378906 0.0126209259033203 0.394683837890625 0.536773681640625
-0.0487403869628906 -0.0404586791992188 -0.20751953125 0.768310546875
0.00766754150390626 -0.0840530395507812 -0.82318115234375 0.5244140625
0.0650100708007813 0.00844955444335937 -0.74835205078125 0.00939941406250009
0.0907211303710938 0.0892562866210938 0.042266845703125 0.123588562011719
0.0928878784179688 0.0317840576171875 0.89837646484375 0.12664794921875
0.0489768981933594 -0.0382766723632812 0.908935546875 -0.5693359375
-0.0177688598632813 -0.0421066284179687 0.0606689453125 -0.86602783203125
-0.0252532958984375 -0.0138835906982422 -0.50787353515625 -0.445709228515625
-0.00667190551757812 0.0190811157226563 -0.49102783203125 -0.050048828125
0.00274085998535156 0.0250682830810547 -0.181716918945313 0.191146850585937
-0.00403857231140137 0.0018012523651123 0.08935546875 0.188735961914063
0.0064997673034668 0.000526905059814453 -0.0405426025390625 -0.173324584960938
0.00160980224609375 0.0273113250732422 0.241104125976563 -0.123809814453125
-0.00532913208007812 0.0296058654785156 0.4417724609375 0.119598388671875
-0.0319633483886719 0.0160140991210937 0.38616943359375 0.5394287109375
-0.0498390197753906 -0.036590576171875 -0.214111328125 0.76458740234375
0.0049591064453125 -0.0811767578125 -0.83447265625 0.5142822265625
0.0579032897949219 0.006866455078125 -0.7532958984375 0.00219726562499989
0.0857696533203125 0.0838699340820313 0.0373611450195312 0.121589660644531
0.0858840942382813 0.0292282104492188 0.8924560546875 0.1226806640625
0.0425987243652344 -0.0370903015136719 0.8975830078125 -0.57196044921875
-0.0184898376464844 -0.0374565124511719 0.0509033203125 -0.861572265625
-0.0253028869628906 -0.00911331176757813 -0.5146484375 -0.43853759765625
-0.0049896240234375 0.0207557678222656 -0.492767333984375 -0.0445861816406251
0.00721359252929688 0.0231552124023438 -0.181961059570313 0.197113037109375
-0.00236082077026367 0.00248503684997559 0.0896453857421875 0.195266723632813
0.0106782913208008 -0.00180244445800781 -0.0413970947265625 -0.1676025390625
0.00750160217285156 0.0248222351074219 0.241943359375 -0.120010375976563
0.000751495361328123 0.0327301025390625 0.438812255859375 0.122589111328125
-0.0315189361572266 0.020782470703125 0.37786865234375 0.543792724609375
-0.0519218444824219 -0.0311698913574219 -0.2254638671875 0.76702880859375
-0.00327301025390625 -0.0769119262695313 -0.84356689453125 0.511474609375
0.0504989624023437 0.00520706176757812 -0.7601318359375 -0.00128173828125012
0.0784683227539063 0.078094482421875 0.0344924926757813 0.117698669433594
0.0784225463867188 0.0263671875 0.888427734375 0.11395263671875
0.0338592529296875 -0.0365562438964844 0.887451171875 -0.58050537109375
-0.0214080810546875 -0.0311241149902344 0.04144287109375 -0.86419677734375
-0.0228557586669922 -0.004364013671875 -0.520843505859375 -0.438629150390625
-0.000829696655273437 0.022552490234375 -0.4964599609375 -0.0430908203125001
0.0126895904541016 0.0223541259765625 -0.185638427734375 0.199508666992188
0.00417661666870117 -0.00324082374572754 0.0838623046875 0.197113037109375
0.0172443389892578 -0.00440311431884766 -0.0430450439453125 -0.163482666015625
0.0151462554931641 0.0237255096435547 0.241256713867187 -0.117050170898438
0.00635719299316406 0.0324954986572266 0.4368896484375 0.12567138671875
-0.0276870727539063 0.0269966125488281 0.37249755859375 0.546966552734375
-0.0555992126464844 -0.0213508605957031 -0.23388671875 0.76556396484375
-0.0128173828125 -0.0749664306640625 -0.85406494140625 0.5062255859375
0.0418243408203125 0.00084686279296875 -0.76263427734375 -0.00726318359375014
0.0743331909179688 0.0716629028320313 0.0349807739257813 0.119277954101563
0.07000732421875 0.0213699340820313 0.885009765625 0.11102294921875
0.0257015228271484 -0.0329666137695313 0.87982177734375 -0.58343505859375
-0.0259838104248047 -0.0225944519042969 0.03265380859375 -0.86334228515625
-0.0184307098388672 0.00237083435058594 -0.52685546875 -0.4296875
0.00664901733398437 0.0248298645019531 -0.49755859375 -0.041015625
0.0216045379638672 0.0212612152099609 -0.184494018554687 0.203018188476563
0.00976848602294922 -0.00373077392578125 0.0829315185546875 0.199722290039063
0.0212421417236328 -0.00848960876464844 -0.0435028076171875 -0.162109375
0.0244083404541016 0.0223960876464844 0.242095947265625 -0.115142822265625
0.0147304534912109 0.0343379974365234 0.436859130859375 0.12664794921875
-0.0263462066650391 0.0351428985595703 0.369720458984375 0.5517578125
-0.0607490539550781 -0.0134010314941406 -0.24169921875 0.76409912109375
-0.0211563110351563 -0.071319580078125 -0.85723876953125 0.499267578125
0.0337619781494141 -0.00126075744628906 -0.7606201171875 -0.0120239257812501
0.070404052734375 0.0642776489257813 0.03887939453125 0.121307373046875
0.0628814697265625 0.0183486938476562 0.88568115234375 0.109619140625
0.015960693359375 -0.0291614532470703 0.87445068359375 -0.5865478515625
-0.0305633544921875 -0.0136623382568359 0.02496337890625 -0.86279296875
-0.0160131454467773 0.00895881652832031 -0.527130126953125 -0.430908203125
0.0116081237792969 0.02587890625 -0.4959716796875 -0.0371398925781251
0.0282402038574219 0.0202713012695313 -0.182754516601563 0.204330444335938
0.0138444900512695 -0.00929546356201172 0.08087158203125 0.201385498046875
0.0240859985351563 -0.0110816955566406 -0.0465087890625 -0.1654052734375
0.0321540832519531 0.0232830047607422 0.24664306640625 -0.115036010742188
0.0227985382080078 0.0346889495849609 0.44305419921875 0.125701904296875
-0.023712158203125 0.0411567687988281 0.374420166015625 0.551116943359375
-0.06597900390625 -0.00685501098632814 -0.240234375 0.76898193359375
-0.0291748046875 -0.0683441162109375 -0.85894775390625 0.49896240234375
0.0287857055664062 -0.0029449462890625 -0.7574462890625 -0.0115966796875
0.068145751953125 0.0605697631835938 0.0428695678710938 0.122459411621094
0.05792236328125 0.0158348083496094 0.8912353515625 0.10797119140625
0.00755691528320313 -0.0251712799072266 0.8768310546875 -0.59039306640625
-0.0353507995605469 -0.00624847412109374 0.026611328125 -0.86199951171875
-0.0122165679931641 0.0160665512084961 -0.526519775390625 -0.428955078125
0.0190010070800781 0.0290069580078125 -0.4947509765625 -0.0369873046875
0.0355072021484375 0.0200271606445313 -0.180130004882812 0.203750610351563
0.0176219940185547 -0.0128154754638672 0.081268310546875 0.201858520507812
0.00156855583190918 0.00285935401916504 -0.034942626953125 -0.186904907226563
0.00258445739746094 0.0316886901855469 0.251144409179687 -0.137847900390625
-0.0022430419921875 0.0321540832519531 0.46490478515625 0.101531982421875
-0.0313129425048828 0.0156230926513672 0.424591064453125 0.530426025390625
-0.05224609375 -0.0373878479003906 -0.17327880859375 0.7803955078125
0.00595855712890626 -0.0826034545898437 -0.79876708984375 0.54962158203125
0.0685615539550781 0.00667190551757812 -0.7362060546875 0.0322875976562499
0.0992889404296875 0.0875701904296875 0.059600830078125 0.132560729980469
0.0953216552734375 0.0302963256835938 0.92230224609375 0.11871337890625
0.0454559326171875 -0.0380821228027344 0.9207763671875 -0.5865478515625
-0.0196952819824219 -0.0389289855957031 0.0599365234375001 -0.87359619140625
-0.0250034332275391 -0.0115890502929687 -0.5093994140625 -0.44293212890625
-0.00241279602050781 0.01971435546875 -0.485015869140625 -0.0439147949218749
0.00668144226074219 0.0275058746337891 -0.171127319335938 0.191543579101562
-0.00740814208984375 0.00195693969726563 0.0988311767578125 0.181015014648438
0.00120830535888672 0.00337600708007813 -0.0370635986328125 -0.18377685546875
0.000898361206054684 0.0306873321533203 0.245712280273438 -0.138580322265625
-0.00623130798339843 0.0301856994628906 0.45770263671875 0.1021728515625
-0.0317420959472656 0.0128536224365234 0.418731689453125 0.527130126953125
-0.05059814453125 -0.0396194458007813 -0.17877197265625 0.776611328125
0.00886535644531249 -0.0838623046875 -0.80572509765625 0.545166015625
0.0685653686523438 0.00768280029296875 -0.74267578125 0.0270996093750001
0.0967178344726562 0.0888214111328125 0.0518569946289063 0.126899719238281
0.0950164794921875 0.0307769775390625 0.91387939453125 0.1163330078125
0.0483360290527344 -0.0390777587890625 0.90789794921875 -0.58538818359375
-0.0173110961914063 -0.04107666015625 0.05181884765625 -0.86920166015625
-0.0258579254150391 -0.0133590698242188 -0.513824462890625 -0.43499755859375
-0.00558280944824219 0.018218994140625 -0.4886474609375 -0.0403442382812499
0.00382232666015625 0.0263442993164063 -0.172500610351562 0.195724487304688
-0.00890350341796875 0.00365829467773438 0.098541259765625 0.189468383789063
0.00319623947143555 0.00184369087219238 -0.038238525390625 -0.178054809570313
-0.00113677978515625 0.0280933380126953 0.244171142578125 -0.133041381835938
-0.00611305236816406 0.0307483673095703 0.453460693359375 0.105987548828125
-0.0329303741455078 0.0143394470214844 0.409637451171875 0.531890869140625
-0.0504913330078125 -0.0384063720703125 -0.19000244140625 0.7816162109375
0.00730895996093751 -0.0839157104492188 -0.8192138671875 0.54473876953125
0.064910888671875 0.00774002075195313 -0.75250244140625 0.0241088867187499
0.0931396484375 0.0881195068359375 0.0448074340820313 0.123703002929688
0.092315673828125 0.0290603637695312 0.9063720703125 0.10980224609375
0.0468673706054687 -0.0396499633789062 0.90472412109375 -0.59423828125
-0.0178947448730469 -0.0398292541503906 0.0435180664062499 -0.8739013671875
-0.0261249542236328 -0.0136375427246094 -0.521759033203125 -0.437469482421875
-0.00653457641601563 0.0188732147216797 -0.495452880859375 -0.0380554199218751
0.00281715393066406 0.0247001647949219 -0.17779541015625 0.198211669921875
-0.00404214859008789 0.00364255905151367 0.0956268310546875 0.188232421875
0.00681781768798828 0.00081634521484375 -0.0438690185546875 -0.173263549804688
0.00319099426269531 0.0266456604003906 0.240280151367187 -0.130828857421875
-0.00415420532226562 0.0301628112792969 0.447113037109375 0.109283447265625
-0.0325889587402344 0.0179424285888672 0.400146484375 0.5325927734375
-0.0506629943847656 -0.034088134765625 -0.20068359375 0.77545166015625
0.00328826904296875 -0.0819168090820313 -0.82867431640625 0.53741455078125
0.0582313537597656 0.00635528564453125 -0.75927734375 0.017333984375
0.0885238647460937 0.0815887451171875 0.0388717651367188 0.120925903320313
0.0868606567382813 0.0262680053710938 0.8995361328125 0.10577392578125
0.0420875549316406 -0.0389251708984375 0.89013671875 -0.59423828125
-0.0199546813964844 -0.0369834899902344 0.03485107421875 -0.86822509765625
-0.0242328643798828 -0.0104961395263672 -0.529266357421875 -0.43206787109375
-0.00504302978515625 0.0194149017333984 -0.499237060546875 -0.0350036621093749
0.00868606567382813 0.0225696563720703 -0.178848266601563 0.202972412109375
-0.00108933448791504 0.00312972068786621 0.0936737060546875 0.195693969726563
0.0124435424804688 -0.00297451019287109 -0.0432586669921875 -0.167816162109375
0.00737190246582031 0.0247650146484375 0.23968505859375 -0.12628173828125
-0.000381469726562503 0.0315399169921875 0.445159912109375 0.1121826171875
-0.0310153961181641 0.0217342376708984 0.393218994140625 0.539398193359375
-0.0538558959960938 -0.0291976928710937 -0.20947265625 0.77813720703125
-0.00451660156249999 -0.0776748657226563 -0.83734130859375 0.53436279296875
0.0497512817382813 0.00405120849609375 -0.76361083984375 0.0143432617187499
0.0823898315429687 0.077880859375 0.0371170043945313 0.117568969726563
0.0789642333984375 0.0232467651367188 0.8944091796875 0.096435546875
0.0340690612792969 -0.0364494323730469 0.88134765625 -0.60235595703125
-0.0232868194580078 -0.0305976867675781 0.0232543945312501 -0.8709716796875
-0.023468017578125 -0.00409126281738281 -0.535858154296875 -0.429229736328125
-0.00030517578125 0.0205516815185547 -0.501739501953125 -0.03192138671875
0.0144844055175781 0.0232162475585938 -0.181533813476563 0.204849243164062
0.00526332855224609 -0.000864505767822266 0.0889129638671875 0.1961669921875
0.0167360305786133 -0.00549411773681641 -0.0461883544921875 -0.165695190429688
0.0168933868408203 0.0235309600830078 0.240936279296875 -0.124160766601562
0.0069427490234375 0.0322246551513672 0.44390869140625 0.117034912109375
-0.027984619140625 0.0286312103271484 0.388214111328125 0.542236328125
-0.0581245422363281 -0.0202140808105469 -0.21875 0.7783203125
-0.0138015747070312 -0.0739517211914063 -0.846923828125 0.5279541015625
0.0412750244140625 0.00147247314453125 -0.7652587890625 0.00775146484374987
0.0769882202148438 0.0699539184570313 0.0365066528320313 0.118171691894531
0.0707778930664063 0.0193252563476563 0.89263916015625 0.0931396484375
0.0237293243408203 -0.0325870513916016 0.8729248046875 -0.607666015625
-0.0274982452392578 -0.0218143463134766 0.0148315429687501 -0.870849609375
-0.0184459686279297 0.00337409973144531 -0.54119873046875 -0.42291259765625
0.00661277770996094 0.0239276885986328 -0.502227783203125 -0.02923583984375
0.0200233459472656 0.0200481414794922 -0.181304931640625 0.207931518554687
0.00970745086669922 -0.00424098968505859 0.0870361328125 0.199066162109375
0.0212917327880859 -0.00853157043457031 -0.04705810546875 -0.164840698242188
0.0244426727294922 0.0220165252685547 0.24310302734375 -0.122360229492188
0.0154628753662109 0.0333995819091797 0.4429931640625 0.11669921875
-0.0243988037109375 0.0361442565917969 0.3851318359375 0.545135498046875
-0.0620231628417969 -0.01171875 -0.2254638671875 0.776611328125
-0.022796630859375 -0.0706329345703125 -0.8509521484375 0.5234375
0.0329818725585938 -0.00174140930175781 -0.765380859375 0.00366210937500011
0.0707931518554688 0.0648193359375 0.0409698486328125 0.119026184082031
0.0628929138183594 0.0161781311035156 0.8935546875 0.09124755859375
0.0142345428466797 -0.0287342071533203 0.8692626953125 -0.61077880859375
-0.0309524536132813 -0.0121860504150391 0.00720214843750002 -0.867431640625
-0.0155649185180664 0.00989246368408203 -0.539947509765625 -0.421844482421875
0.0136833190917969 0.0252418518066406 -0.502410888671875 -0.0263061523437501
0.0281887054443359 0.0194568634033203 -0.178543090820313 0.20947265625
0.0138950347900391 -0.0082387924194336 0.085723876953125 0.202178955078125
0.0255050659179687 -0.0112857818603516 -0.048187255859375 -0.167190551757812
0.0337543487548828 0.0223522186279297 0.247909545898438 -0.122894287109375
0.0238265991210938 0.0345058441162109 0.44793701171875 0.117950439453125
-0.0220985412597656 0.042388916015625 0.386871337890625 0.547882080078125
-0.0663681030273438 -0.00393295288085937 -0.22650146484375 0.77886962890625
-0.0307846069335938 -0.0668373107910156 -0.85302734375 0.52166748046875
0.0291938781738281 -0.00477981567382813 -0.76318359375 0.00262451171874999
0.0693435668945313 0.0599632263183594 0.0456466674804688 0.122322082519531
0.0582656860351563 0.0138893127441406 0.8990478515625 0.08990478515625
0.005889892578125 -0.0260047912597656 0.87091064453125 -0.612060546875
-0.0351238250732422 -0.00504875183105468 0.00781249999999994 -0.868408203125
-0.011932373046875 0.0157461166381836 -0.54083251953125 -0.419769287109375
0.0206336975097656 0.0276432037353516 -0.499114990234375 -0.02484130859375
0.0367813110351563 0.018341064453125 -0.17681884765625 0.2098388671875
0.016819953918457 -0.0132350921630859 0.086090087890625 0.202896118164063
0.00143074989318848 0.00160741806030273 -0.0383453369140625 -0.186553955078125
0.00364112854003906 0.0311737060546875 0.251113891601563 -0.145034790039063
-0.000942230224609372 0.0311031341552734 0.469940185546875 0.09173583984375
-0.0312957763671875 0.0163631439208984 0.438690185546875 0.521240234375
-0.0525970458984375 -0.0355682373046875 -0.15606689453125 0.7901611328125
0.00318145751953126 -0.0826034545898438 -0.791259765625 0.57049560546875
0.0700225830078125 0.00667190551757813 -0.7366943359375 0.0493164062500001
0.100669860839844 0.0866241455078125 0.0632858276367188 0.130531311035156
0.0955734252929688 0.0276260375976562 0.92840576171875 0.0985107421875
0.0456657409667969 -0.0389289855957031 0.910888671875 -0.60986328125
-0.0197257995605469 -0.0379066467285156 0.0426025390624999 -0.879150390625
-0.0252742767333984 -0.0117969512939453 -0.5208740234375 -0.432159423828125
-0.00121498107910156 0.0196743011474609 -0.48736572265625 -0.0319824218749999
0.00764274597167969 0.0272808074951172 -0.16986083984375 0.1968994140625
-0.00741958618164063 0.00176429748535156 0.104415893554687 0.1802978515625
0.00174474716186523 0.00466108322143555 -0.0395965576171875 -0.183837890625
0.00119400024414063 0.0314369201660156 0.244461059570313 -0.145431518554687
-0.006866455078125 0.0307674407958984 0.46173095703125 0.092315673828125
-0.0327167510986328 0.0152130126953125 0.432525634765625 0.5196533203125
-0.0516319274902344 -0.0366134643554687 -0.16070556640625 0.78289794921875
0.0051116943359375 -0.0831069946289063 -0.79833984375 0.56634521484375
0.0700302124023438 0.00596237182617188 -0.744873046875 0.0449218749999998
0.0989608764648438 0.0878829956054688 0.053802490234375 0.12664794921875
0.096649169921875 0.0281829833984375 0.91766357421875 0.09478759765625
0.0480995178222656 -0.0410346984863281 0.89971923828125 -0.61004638671875
-0.0198745727539062 -0.0404281616210938 0.03302001953125 -0.87322998046875
-0.026214599609375 -0.0144729614257813 -0.5274658203125 -0.427001953125
-0.00578689575195313 0.0184478759765625 -0.491302490234375 -0.0290222167968751
0.00412750244140625 0.026153564453125 -0.170684814453125 0.2021484375
-0.00779962539672852 0.00618171691894531 0.10357666015625 0.189056396484375
0.00356960296630859 0.00251078605651855 -0.0435333251953125 -0.178390502929688
0.000858306884765628 0.0284175872802734 0.242965698242188 -0.140228271484375
-0.00679397583007813 0.0307044982910156 0.457061767578125 0.095489501953125
-0.0340061187744141 0.0147018432617188 0.423980712890625 0.52459716796875
-0.0507316589355469 -0.0375289916992188 -0.1705322265625 0.78759765625
0.00492858886718749 -0.0836639404296875 -0.8077392578125 0.5657958984375
0.0661582946777344 0.00603485107421875 -0.7548828125 0.0403442382812499
0.0962600708007812 0.0853805541992187 0.047515869140625 0.120719909667969
0.0937042236328125 0.0269317626953125 0.91253662109375 0.0894775390625
0.0455513000488281 -0.0401802062988281 0.892333984375 -0.61639404296875
-0.018157958984375 -0.0410308837890625 0.0242919921875 -0.87811279296875
-0.0258731842041016 -0.0137844085693359 -0.5360107421875 -0.425384521484375
-0.00617790222167969 0.0189342498779297 -0.497802734375 -0.028167724609375
0.00502967834472656 0.0243511199951172 -0.174575805664063 0.203857421875
-0.00349617004394531 0.00373363494873047 0.0993194580078125 0.187301635742188
0.00818443298339844 0.00167322158813477 -0.045654296875 -0.173477172851563
0.00450515747070313 0.0250110626220703 0.2392578125 -0.138916015625
-0.00483894348144532 0.0305080413818359 0.45172119140625 0.097930908203125
-0.0338134765625 0.0188827514648437 0.415557861328125 0.5262451171875
-0.0523719787597656 -0.0318832397460938 -0.184326171875 0.78253173828125
0.000541687011718754 -0.0818634033203125 -0.81988525390625 0.5577392578125
0.0582160949707031 0.00486373901367188 -0.7596435546875 0.03509521484375
0.0895538330078125 0.0809555053710938 0.0419692993164063 0.11883544921875
0.0861740112304688 0.0249404907226562 0.9033203125 0.0849609375
0.0412559509277344 -0.0406608581542969 0.8785400390625 -0.61541748046875
-0.0203437805175781 -0.0354843139648438 0.01531982421875 -0.87255859375
-0.0250701904296875 -0.0101413726806641 -0.542266845703125 -0.420745849609375
-0.00294685363769531 0.0190925598144531 -0.5015869140625 -0.0225524902343751
0.00823402404785156 0.0232563018798828 -0.174331665039063 0.209381103515625
-0.00151467323303223 0.00318598747253418 0.0983123779296875 0.194839477539063
0.0113487243652344 -0.00195121765136719 -0.04693603515625 -0.166366577148438
0.00874900817871094 0.0247955322265625 0.239822387695313 -0.133331298828125
0.00288581848144531 0.0317325592041016 0.44976806640625 0.10211181640625
-0.0311794281005859 0.0236797332763672 0.408203125 0.53204345703125
-0.054718017578125 -0.0245704650878906 -0.19476318359375 0.78704833984375
-0.00889587402343749 -0.0772323608398437 -0.8289794921875 0.55621337890625
0.0517997741699219 0.00322723388671875 -0.7662353515625 0.0292358398437499
0.0837173461914063 0.0749435424804688 0.0379257202148438 0.116485595703125
0.080657958984375 0.0226516723632813 0.89947509765625 0.07415771484375
0.0324783325195313 -0.0372428894042969 0.87017822265625 -0.62664794921875
-0.0245418548583984 -0.0297470092773438 0.00341796875000002 -0.87384033203125
-0.0218257904052734 -0.00484275817871094 -0.54766845703125 -0.415771484375
0.00223922729492188 0.0209712982177734 -0.503509521484375 -0.0208435058593749
0.0144519805908203 0.0207862854003906 -0.177581787109375 0.211746215820312
0.00525665283203125 -0.00084686279296875 0.0924835205078125 0.196075439453125
0.0174007415771484 -0.00442886352539063 -0.04901123046875 -0.164810180664063
0.0182266235351562 0.0223865509033203 0.240127563476563 -0.130157470703125
0.008575439453125 0.0310783386230469 0.4473876953125 0.105133056640625
-0.0274009704589844 0.0303916931152344 0.403350830078125 0.534759521484375
-0.0575180053710938 -0.0172233581542969 -0.20318603515625 0.7884521484375
-0.0155868530273437 -0.0738906860351563 -0.8380126953125 0.54931640625
0.0421905517578125 -0.00046539306640625 -0.7696533203125 0.0244140625
0.0780410766601563 0.06793212890625 0.0400772094726562 0.116569519042969
0.0706710815429688 0.0172195434570313 0.89691162109375 0.07403564453125
0.022918701171875 -0.0333633422851563 0.8629150390625 -0.6287841796875
-0.0277252197265625 -0.0215530395507812 -0.00543212890624993 -0.8736572265625
-0.0191497802734375 0.00267219543457031 -0.5538330078125 -0.411407470703125
0.00758934020996094 0.0230751037597656 -0.505706787109375 -0.0164794921874999
0.0218906402587891 0.0185699462890625 -0.176788330078125 0.213836669921875
0.00897121429443359 -0.00324630737304688 0.0914764404296875 0.199600219726563
0.0208873748779297 -0.00729751586914063 -0.0502166748046875 -0.165069580078125
0.0272960662841797 0.0209789276123047 0.241714477539063 -0.129043579101563
0.0165767669677734 0.0325222015380859 0.4481201171875 0.107574462890625
-0.0248870849609375 0.0371246337890625 0.400146484375 0.539947509765625
-0.0626373291015625 -0.0114402770996094 -0.20916748046875 0.7864990234375
-0.0252456665039063 -0.069061279296875 -0.84283447265625 0.5428466796875
0.0341663360595703 -0.00264930725097656 -0.76812744140625 0.020263671875
0.0728836059570313 0.0627975463867188 0.0425949096679688 0.118385314941406
0.0631637573242188 0.0148468017578125 0.8975830078125 0.07257080078125
0.0131950378417969 -0.0291156768798828 0.85546875 -0.6319580078125
-0.0312919616699219 -0.0128211975097656 -0.0109863281250001 -0.8720703125
-0.0142602920532227 0.0103292465209961 -0.552093505859375 -0.40765380859375
0.0151233673095703 0.0239601135253906 -0.50469970703125 -0.013671875
0.0296287536621094 0.0181922912597656 -0.175079345703125 0.215255737304687
0.0124292373657227 -0.00886058807373047 0.0903778076171875 0.202728271484375
0.0246829986572266 -0.0105667114257812 -0.051727294921875 -0.166030883789063
0.0347518920898438 0.0219020843505859 0.246414184570312 -0.130584716796875
0.0240364074707031 0.0354652404785156 0.45477294921875 0.106719970703125
-0.021087646484375 0.0437850952148438 0.402099609375 0.54107666015625
-0.06695556640625 -0.00194549560546875 -0.20892333984375 0.78887939453125
-0.0333061218261719 -0.0659332275390625 -0.84478759765625 0.5426025390625
0.0285682678222656 -0.00468826293945313 -0.7635498046875 0.0202636718749998
0.0716476440429688 0.057586669921875 0.049560546875 0.120933532714844
0.0590896606445313 0.0125694274902344 0.90240478515625 0.0706787109375
0.00422859191894531 -0.0265312194824219 0.85894775390625 -0.63580322265625
-0.0360336303710938 -0.00475311279296875 -0.011474609375 -0.8736572265625
-0.0111818313598633 0.0160636901855469 -0.553558349609375 -0.4085693359375
0.0208759307861328 0.0267086029052734 -0.50335693359375 -0.0131225585937499
0.0386924743652344 0.0178031921386719 -0.172637939453125 0.214126586914063
0.0159072875976563 -0.0121908187866211 0.0902862548828125 0.201644897460938
0.00304269790649414 0.00228333473205566 -0.041351318359375 -0.187362670898438
0.00516510009765625 0.0312156677246094 0.247711181640625 -0.152191162109375
-0.00080299377441406 0.0319881439208984 0.4727783203125 0.08013916015625
-0.0318775177001953 0.0182380676269531 0.45343017578125 0.512969970703125
-0.0538864135742188 -0.0334625244140625 -0.13751220703125 0.79437255859375
0.000259399414062509 -0.0826568603515625 -0.77587890625 0.58935546875
0.0695686340332031 0.0042877197265625 -0.7364501953125 0.0638427734374999
0.103317260742188 0.08380126953125 0.06396484375 0.128410339355469
0.09625244140625 0.0259628295898438 0.92840576171875 0.0777587890625
0.0440330505371094 -0.0391159057617188 0.898193359375 -0.63336181640625
-0.0211906433105469 -0.0374946594238281 0.0211181640625001 -0.88238525390625
-0.0238323211669922 -0.0121517181396484 -0.5308837890625 -0.418792724609375
-0.00111198425292969 0.0202617645263672 -0.4892578125 -0.0196533203125
0.00880050659179687 0.0264892578125 -0.163223266601562 0.201431274414063
-0.00789451599121094 0.00296592712402344 0.107589721679688 0.177444458007813
0.00127315521240234 0.0045628547668457 -0.0439605712890625 -0.184768676757812
0.00213623046875 0.0293064117431641 0.24285888671875 -0.15203857421875
-0.00471115112304688 0.0307064056396484 0.465911865234375 0.080535888671875
-0.0322322845458984 0.0165386199951172 0.445648193359375 0.508697509765625
-0.0517692565917969 -0.0349540710449219 -0.14105224609375 0.7889404296875
0.004180908203125 -0.0820846557617188 -0.78466796875 0.5869140625
0.0704498291015625 0.0048370361328125 -0.74371337890625 0.0607910156250001
0.101631164550781 0.0833358764648438 0.0556488037109375 0.125518798828125
0.09552001953125 0.0255279541015625 0.91748046875 0.073974609375
0.0470466613769531 -0.0415878295898438 0.885986328125 -0.6309814453125
-0.0197372436523438 -0.0395736694335937 0.0125732421875001 -0.87628173828125
-0.0262851715087891 -0.0146446228027344 -0.539306640625 -0.412353515625
-0.00545978546142578 0.0173778533935547 -0.494140625 -0.0142517089843751
0.00527000427246094 0.0257511138916016 -0.165817260742187 0.205734252929688
-0.00875997543334961 0.0056920051574707 0.107147216796875 0.18719482421875
0.00475168228149414 0.0033717155456543 -0.0457611083984375 -0.177352905273437
0.00234603881835938 0.0271873474121094 0.240524291992188 -0.147994995117188
-0.00736618041992188 0.0319232940673828 0.4605712890625 0.085968017578125
-0.0332069396972656 0.0180206298828125 0.43695068359375 0.515869140625
-0.0518264770507813 -0.0361785888671875 -0.155029296875 0.793701171875
0.00296783447265625 -0.0829849243164063 -0.795166015625 0.58599853515625
0.0666275024414063 0.00553512573242188 -0.75469970703125 0.0577392578124998
0.0966262817382813 0.0825653076171875 0.04962158203125 0.120262145996094
0.0935592651367188 0.0253143310546875 0.91162109375 0.070068359375
0.0453262329101563 -0.0416145324707031 0.8785400390625 -0.63909912109375
-0.0193290710449219 -0.0392723083496094 0.00305175781250004 -0.87933349609375
-0.025787353515625 -0.0127143859863281 -0.5458984375 -0.413665771484375
-0.00630760192871094 0.0181865692138672 -0.4989013671875 -0.0143127441406249
0.00481986999511719 0.0230712890625 -0.169815063476563 0.2081298828125
-0.00335168838500976 0.00591516494750977 0.103378295898438 0.186431884765625
0.00838518142700195 0.00252819061279297 -0.0488128662109375 -0.173583984375
0.00685882568359375 0.0266704559326172 0.236846923828125 -0.144866943359375
-0.0034332275390625 0.0315456390380859 0.453369140625 0.087860107421875
-0.0312023162841797 0.0214500427246094 0.428192138671875 0.515289306640625
-0.0525856018066406 -0.0326576232910156 -0.16351318359375 0.78875732421875
-0.001800537109375 -0.0807571411132813 -0.80841064453125 0.57666015625
0.0580711364746094 0.00296783447265625 -0.76043701171875 0.05078125
0.0912933349609375 0.0787124633789063 0.0438003540039063 0.11724853515625
0.0866775512695313 0.022216796875 0.90472412109375 0.0645751953125
0.0398292541503906 -0.0400924682617188 0.8648681640625 -0.63848876953125
-0.0215225219726563 -0.0351295471191406 -0.00653076171874995 -0.874755859375
-0.0238056182861328 -0.00972175598144532 -0.5528564453125 -0.406036376953125
-0.00307273864746094 0.0186672210693359 -0.50164794921875 -0.011474609375
0.00973892211914062 0.0226535797119141 -0.16961669921875 0.213150024414062
-0.00119972229003906 0.00488376617431641 0.10333251953125 0.193756103515625
0.0121192932128906 -0.00197887420654297 -0.0491485595703125 -0.1661376953125
0.0112857818603516 0.0233955383300781 0.235626220703125 -0.139114379882813
0.00235748291015625 0.0320396423339844 0.450439453125 0.091583251953125
-0.0313701629638672 0.0260734558105469 0.42181396484375 0.523345947265625
-0.0546607971191406 -0.0231666564941406 -0.1749267578125 0.79241943359375
-0.0102310180664062 -0.0765380859375 -0.818603515625 0.5740966796875
0.0510826110839844 0.00196456909179688 -0.76385498046875 0.04559326171875
0.0850601196289063 0.0727386474609375 0.0410385131835938 0.11456298828125
0.0795516967773437 0.021087646484375 0.89892578125 0.0570068359375
0.030120849609375 -0.0374641418457031 0.85552978515625 -0.645751953125
-0.0231990814208984 -0.0280590057373047 -0.01788330078125 -0.87579345703125
-0.0216598510742188 -0.00351715087890624 -0.556640625 -0.402679443359375
0.000984191894531248 0.0191841125488281 -0.506561279296875 -0.00778198242187494
0.0143146514892578 0.0197849273681641 -0.17303466796875 0.214981079101563
0.00612068176269531 0.000322818756103516 0.0981292724609375 0.1925048828125
0.0183162689208984 -0.00465965270996094 -0.0513153076171875 -0.164382934570313
0.0191650390625 0.0210227966308594 0.2392578125 -0.138229370117188
0.00849342346191406 0.0319995880126953 0.45111083984375 0.094635009765625
-0.0270977020263672 0.0319881439208984 0.417266845703125 0.526702880859375
-0.0599899291992188 -0.0160179138183594 -0.18511962890625 0.7911376953125
-0.0178985595703125 -0.0729141235351563 -0.82818603515625 0.56903076171875
0.042694091796875 -0.00101852416992188 -0.76922607421875 0.0405883789062501
0.0788803100585938 0.0670700073242188 0.0401382446289062 0.1151123046875
0.0707626342773438 0.0163345336914063 0.896728515625 0.0526123046875
0.0215053558349609 -0.0348358154296875 0.8487548828125 -0.651611328125
-0.0267486572265625 -0.0183773040771484 -0.02593994140625 -0.875244140625
-0.0183773040771484 0.00253105163574218 -0.56353759765625 -0.398681640625
0.00761032104492188 0.0213298797607422 -0.507904052734375 -0.00534057617187491
0.022857666015625 0.0196552276611328 -0.1712646484375 0.218215942382813
0.00802183151245117 -0.00366687774658203 0.096435546875 0.197555541992188
0.0213432312011719 -0.00881385803222656 -0.0528411865234375 -0.163711547851563
0.0265445709228516 0.0209770202636719 0.24029541015625 -0.136566162109375
0.0172595977783203 0.0325469970703125 0.451263427734375 0.0958251953125
-0.0246505737304687 0.0393714904785156 0.413238525390625 0.52972412109375
-0.0626602172851563 -0.00730133056640625 -0.19110107421875 0.79217529296875
-0.0266494750976563 -0.0676040649414063 -0.83349609375 0.56494140625
0.0351390838623047 -0.00357437133789063 -0.76641845703125 0.0363769531250001
0.073516845703125 0.0602493286132812 0.0429306030273438 0.116386413574219
0.0635108947753906 0.012908935546875 0.8973388671875 0.05084228515625
0.0136604309082031 -0.0297870635986328 0.8421630859375 -0.65283203125
-0.0334262847900391 -0.0122928619384766 -0.03399658203125 -0.87481689453125
-0.0149078369140625 0.0100259780883789 -0.56268310546875 -0.39483642578125
0.0154476165771484 0.0244598388671875 -0.50537109375 -0.00186157226562507
0.0305690765380859 0.0163707733154297 -0.170181274414062 0.218505859375
0.0135154724121094 -0.00794219970703125 0.0949249267578125 0.1990966796875
0.0253582000732422 -0.0120697021484375 -0.0544891357421875 -0.165557861328125
0.0356826782226563 0.0189399719238281 0.245101928710937 -0.134674072265625
0.0239181518554687 0.0342731475830078 0.455841064453125 0.0955810546875
-0.0208015441894531 0.0451698303222656 0.415557861328125 0.533782958984375
-0.0671577453613281 5.34057617187525E-05 -0.19134521484375 0.7939453125
-0.0353775024414063 -0.0634651184082031 -0.8338623046875 0.56280517578125
0.0293407440185547 -0.00551033020019531 -0.76470947265625 0.0373535156250001
0.0727157592773438 0.0556488037109375 0.0496597290039063 0.119041442871094
0.0586585998535156 0.010894775390625 0.90289306640625 0.0494384765625
0.00339508056640625 -0.0261421203613281 0.8438720703125 -0.656982421875
-0.0359878540039063 -0.00247573852539062 -0.0323486328125 -0.8758544921875
-0.0109567642211914 0.0155544281005859 -0.563232421875 -0.3946533203125
0.0220146179199219 0.0254421234130859 -0.505157470703125 -0.000457763671875003
0.0385208129882813 0.0159950256347656 -0.167144775390625 0.218536376953125
0.0159921646118164 -0.0108652114868164 0.0955047607421875 0.200714111328125
0.00194406509399414 0.00290560722351074 -0.044158935546875 -0.18585205078125
0.00678443908691406 0.0291843414306641 0.24420166015625 -0.158660888671875
-0.0010986328125 0.0322723388671875 0.4716796875 0.068878173828125
-0.0302886962890625 0.0196514129638672 0.463287353515625 0.501129150390625
-0.0547676086425781 -0.0320549011230469 -0.1185302734375 0.7965087890625
-0.001678466796875 -0.0813751220703125 -0.76202392578125 0.60595703125
0.070587158203125 0.00281524658203125 -0.73443603515625 0.0791625976562501
0.103851318359375 0.0813980102539063 0.06597900390625 0.126571655273438
0.0959930419921875 0.0221405029296875 0.92559814453125 0.05572509765625
0.0419502258300781 -0.0410499572753906 0.88153076171875 -0.64984130859375
-0.0225296020507812 -0.0358772277832031 0.00012207031250007 -0.87890625
-0.0262107849121094 -0.0109748840332031 -0.540771484375 -0.40460205078125
-0.000606536865234376 0.0181674957275391 -0.48907470703125 -0.00735473632812492
0.00762939453125 0.0254421234130859 -0.158721923828125 0.205276489257812
-0.00755453109741211 0.00341463088989258 0.110794067382813 0.176528930664062
0.00239944458007812 0.00507164001464844 -0.046234130859375 -0.182281494140625
0.0035400390625 0.0301151275634766 0.236968994140625 -0.158599853515625
-0.00556755065917969 0.0304126739501953 0.464813232421875 0.069732666015625
-0.0316486358642578 0.0179042816162109 0.458282470703125 0.4986572265625
-0.0538444519042969 -0.0344161987304687 -0.12335205078125 0.7916259765625
0.00134277343749999 -0.0825729370117188 -0.77008056640625 0.60198974609375
0.0693778991699219 0.00299072265625 -0.7410888671875 0.0751953125000001
0.102706909179688 0.0820465087890625 0.0584564208984375 0.121994018554688
0.0952911376953125 0.022308349609375 0.9178466796875 0.053466796875
0.0439529418945313 -0.0425682067871094 0.869384765625 -0.6507568359375
-0.0198287963867187 -0.0388107299804688 -0.00738525390625009 -0.8734130859375
-0.0272483825683594 -0.0142307281494141 -0.546661376953125 -0.401214599609375
-0.00382518768310547 0.0170955657958984 -0.494384765625 -0.002655029296875
0.00543785095214844 0.0252456665039063 -0.16143798828125 0.210189819335937
-0.00837898254394531 0.0070643424987793 0.112411499023437 0.184646606445313
0.00522804260253906 0.00261735916137695 -0.0481719970703125 -0.176910400390625
0.003662109375 0.0275993347167969 0.238235473632813 -0.15283203125
-0.00610923767089844 0.0308513641357422 0.462005615234375 0.074249267578125
-0.0326004028320313 0.0191822052001953 0.4473876953125 0.503692626953125
-0.0513877868652344 -0.0330696105957031 -0.13671875 0.79461669921875
0.000495910644531259 -0.082366943359375 -0.78045654296875 0.601318359375
0.066802978515625 0.0038299560546875 -0.7490234375 0.0728759765625
0.098663330078125 0.0811004638671875 0.05078125 0.118743896484375
0.0934906005859375 0.0225906372070312 0.91070556640625 0.04766845703125
0.0434799194335938 -0.0416831970214844 0.86138916015625 -0.657470703125
-0.0195693969726563 -0.03887939453125 -0.0148315429687501 -0.87823486328125
-0.0258827209472656 -0.0132083892822266 -0.554229736328125 -0.399261474609375
-0.00518989562988281 0.0178985595703125 -0.500335693359375 -0.00137329101562508
0.00581169128417969 0.0232658386230469 -0.16473388671875 0.212066650390625
-0.00428485870361328 0.00641250610351562 0.107376098632813 0.183914184570313
0.00868511199951172 0.00134754180908203 -0.0509796142578125 -0.172332763671875
0.00543594360351562 0.0264167785644531 0.234298706054688 -0.15155029296875
-0.004425048828125 0.0303936004638672 0.454437255859375 0.07720947265625
-0.0313949584960938 0.0218086242675781 0.4383544921875 0.505218505859375
-0.053955078125 -0.0282135009765625 -0.147216796875 0.79241943359375
-0.00374603271484376 -0.0800094604492188 -0.7926025390625 0.59417724609375
0.0595436096191406 0.00143814086914063 -0.7578125 0.0660400390625001
0.091583251953125 0.0759811401367188 0.0456008911132812 0.115768432617188
0.0867843627929688 0.0205078125 0.90191650390625 0.04376220703125
0.0377845764160156 -0.0419578552246094 0.84869384765625 -0.6561279296875
-0.0217933654785156 -0.0341033935546875 -0.0258789062499999 -0.87310791015625
-0.0244808197021484 -0.00724220275878907 -0.56097412109375 -0.39215087890625
-0.0034027099609375 0.0179786682128906 -0.501922607421875 0.003387451171875
0.00984954833984375 0.0215225219726563 -0.16400146484375 0.21630859375
-0.00111722946166992 0.00519037246704102 0.107940673828125 0.192047119140625
0.0137872695922852 -0.000543594360351563 -0.0518341064453125 -0.164230346679688
0.0116157531738281 0.0235919952392578 0.235946655273438 -0.14459228515625
0.00134849548339844 0.0305747985839844 0.453857421875 0.080780029296875
-0.0309848785400391 0.0260772705078125 0.432220458984375 0.514068603515625
-0.0557632446289063 -0.0230560302734375 -0.15631103515625 0.7969970703125
-0.0106887817382813 -0.0759124755859375 -0.8016357421875 0.591796875
0.04998779296875 0.000659942626953125 -0.76165771484375 0.0626220703124998
0.0857467651367188 0.0694732666015625 0.04248046875 0.113296508789062
0.07904052734375 0.017425537109375 0.898193359375 0.0379638671875
0.0292282104492187 -0.0371246337890625 0.83941650390625 -0.66455078125
-0.0245857238769531 -0.02801513671875 -0.0363159179687501 -0.87249755859375
-0.0235939025878906 -0.00480079650878907 -0.56573486328125 -0.38824462890625
0.00143241882324219 0.0195369720458984 -0.50640869140625 0.00418090820312501
0.0146064758300781 0.0196800231933594 -0.166900634765625 0.220184326171875
0.004547119140625 0.00109052658081055 0.100051879882812 0.1929931640625
0.0180549621582031 -0.00393867492675781 -0.054840087890625 -0.163009643554688
0.0201339721679687 0.0204124450683594 0.235137939453125 -0.142105102539063
0.00792312622070313 0.0333385467529297 0.45245361328125 0.083221435546875
-0.0258617401123047 0.0330390930175781 0.427703857421875 0.516937255859375
-0.0599288940429688 -0.0139236450195313 -0.165283203125 0.79632568359375
-0.0200347900390625 -0.0711593627929688 -0.811767578125 0.58642578125
0.0420570373535156 -0.0009765625 -0.7640380859375 0.0571289062500001
0.07916259765625 0.0651626586914063 0.0438995361328125 0.112022399902344
0.0699348449707031 0.0143547058105469 0.89605712890625 0.033203125
0.0205974578857422 -0.0345458984375 0.828857421875 -0.66796875
-0.0284671783447266 -0.0176010131835938 -0.04559326171875 -0.87322998046875
-0.0174779891967773 0.00271797180175781 -0.57080078125 -0.3836669921875
0.00789451599121094 0.0205650329589844 -0.506256103515625 0.00866699218750004
0.0228595733642578 0.01788330078125 -0.165267944335937 0.221633911132813
0.00922584533691406 -0.00259208679199219 0.100112915039063 0.195297241210938
0.0227108001708984 -0.00913619995117188 -0.0558013916015625 -0.162460327148438
0.0272846221923828 0.0187301635742188 0.2369384765625 -0.141555786132813
0.0182228088378906 0.0322818756103516 0.45233154296875 0.085662841796875
-0.0240287780761719 0.0395011901855469 0.425384521484375 0.519775390625
-0.0637893676757813 -0.00494003295898437 -0.17071533203125 0.794921875
-0.0296287536621094 -0.0676116943359375 -0.81683349609375 0.580078125
0.0339889526367188 -0.00325775146484375 -0.7626953125 0.05328369140625
0.0760726928710938 0.0582962036132813 0.0465011596679688 0.114402770996094
0.0639305114746094 0.011749267578125 0.89617919921875 0.03076171875
0.00996971130371094 -0.0298595428466797 0.8240966796875 -0.66925048828125
-0.0319328308105469 -0.0100917816162109 -0.0504150390624999 -0.87139892578125
-0.013758659362793 0.00900363922119141 -0.57379150390625 -0.38134765625
0.0146675109863281 0.0225543975830078 -0.504150390625 0.0104064941406249
0.03106689453125 0.0158557891845703 -0.163894653320312 0.223831176757813
0.0120162963867188 -0.00642585754394531 0.0989990234375 0.196990966796875
0.0253791809082031 -0.0129375457763672 -0.0568389892578125 -0.164749145507813
0.0358047485351563 0.01800537109375 0.242416381835938 -0.142364501953125
0.0246562957763672 0.0331153869628906 0.457611083984375 0.08416748046875
-0.0202598571777344 0.0456428527832031 0.42822265625 0.5216064453125
-0.0670547485351562 0.00270843505859374 -0.1719970703125 0.79705810546875
-0.0363693237304688 -0.0628089904785156 -0.81854248046875 0.580322265625
0.0290870666503906 -0.00588035583496094 -0.7626953125 0.05328369140625
0.0745925903320313 0.0535812377929688 0.0522994995117188 0.117660522460938
0.0582618713378906 0.00911712646484375 0.90283203125 0.03094482421875
0.00325775146484375 -0.0259017944335938 0.82623291015625 -0.6719970703125
-0.0357933044433594 -0.00216293334960937 -0.0509033203125 -0.87353515625
-0.00991344451904297 0.0162887573242188 -0.5706787109375 -0.3802490234375
0.0229854583740234 0.0246963500976563 -0.503204345703125 0.01080322265625
0.0378684997558594 0.0146293640136719 -0.163131713867188 0.223098754882812
0.015716552734375 -0.0117607116699219 0.100479125976562 0.199050903320313
0.0030975341796875 0.0037682056427002 -0.047698974609375 -0.184234619140625
0.00774955749511718 0.0293464660644531 0.240036010742187 -0.164260864257813
-0.000495910644531248 0.0321941375732422 0.47259521484375 0.0579833984375
-0.0304317474365234 0.0215244293212891 0.471832275390625 0.488067626953125
-0.0545921325683594 -0.0294837951660156 -0.0989990234375001 0.79296875
-0.00312805175781249 -0.0802230834960938 -0.74505615234375 0.61932373046875
0.0690689086914063 0.00152587890625 -0.7269287109375 0.0942993164062499
0.10540771484375 0.0774993896484375 0.06744384765625 0.123054504394531
0.0956954956054688 0.0204620361328125 0.9215087890625 0.03436279296875
0.0401649475097656 -0.0410804748535156 0.8607177734375 -0.66632080078125
-0.0226383209228516 -0.0350799560546875 -0.017333984375 -0.87603759765625
-0.0240077972412109 -0.0113296508789063 -0.547119140625 -0.390655517578125
0.000452041625976564 0.0180778503417969 -0.48760986328125 0.00363159179687507
0.0092315673828125 0.0239048004150391 -0.153671264648438 0.207382202148438
-0.00664615631103516 0.00459051132202148 0.114044189453125 0.173599243164062
0.00274491310119629 0.00424909591674805 -0.0496978759765625 -0.1826171875
0.00458717346191406 0.0298328399658203 0.234161376953125 -0.164230346679688
-0.00461387634277344 0.0313301086425781 0.46417236328125 0.058135986328125
-0.0316257476806641 0.0190467834472656 0.466033935546875 0.485443115234375
-0.0539054870605469 -0.0320777893066406 -0.10498046875 0.7904052734375
-0.0013275146484375 -0.0820465087890625 -0.751953125 0.6177978515625
0.0679435729980469 0.00246810913085938 -0.7327880859375 0.0920410156250001
0.104011535644531 0.079071044921875 0.059844970703125 0.119216918945312
0.09527587890625 0.0205230712890625 0.91082763671875 0.03314208984375
0.0429000854492188 -0.04229736328125 0.84808349609375 -0.66510009765625
-0.0209732055664062 -0.0380668640136719 -0.0250244140624999 -0.87060546875
-0.0255661010742188 -0.0132827758789063 -0.5537109375 -0.387359619140625
-0.00373172760009766 0.0171451568603516 -0.490203857421875 0.00808715820312506
0.00693130493164062 0.0248317718505859 -0.154464721679687 0.212417602539063
-0.00775718688964844 0.00802421569824219 0.115341186523437 0.181961059570313
0.00568914413452149 0.00284433364868164 -0.050933837890625 -0.175888061523438
0.00250816345214844 0.02734375 0.23370361328125 -0.15887451171875
-0.00502967834472656 0.0313854217529297 0.4605712890625 0.06378173828125
-0.0321826934814453 0.0204753875732422 0.456573486328125 0.492828369140625
-0.0534629821777344 -0.0313644409179687 -0.11773681640625 0.7952880859375
-0.00213623046875 -0.0804290771484375 -0.76397705078125 0.6153564453125
0.066162109375 0.00304031372070313 -0.744384765625 0.0876464843750001
0.0997543334960938 0.076934814453125 0.0524749755859375 0.116050720214844
0.0931625366210937 0.020416259765625 0.90594482421875 0.02825927734375
0.0412063598632813 -0.0425262451171875 0.84130859375 -0.6749267578125
-0.0213050842285156 -0.0373954772949219 -0.0339355468749999 -0.87298583984375
-0.0253334045410156 -0.0128383636474609 -0.5604248046875 -0.383392333984375
-0.00372219085693359 0.0169582366943359 -0.49725341796875 0.010833740234375
0.0057373046875 0.0226840972900391 -0.158599853515625 0.214813232421875
-0.00352954864501953 0.00685739517211914 0.110794067382813 0.1815185546875
0.00910186767578125 0.0023345947265625 -0.053741455078125 -0.171463012695313
0.00669479370117188 0.0256423950195313 0.230377197265625 -0.155502319335938
-0.00359916687011718 0.0309810638427734 0.454620361328125 0.065399169921875
-0.0308055877685547 0.0227394104003906 0.44915771484375 0.49322509765625
-0.0534515380859375 -0.02685546875 -0.12799072265625 0.79229736328125
-0.00549316406249999 -0.0771713256835938 -0.77484130859375 0.6090087890625
0.0591583251953125 0.00124740600585938 -0.75140380859375 0.08197021484375
0.0936508178710938 0.072784423828125 0.0473556518554688 0.112449645996094
0.0859146118164063 0.0190353393554688 0.896484375 0.02313232421875
0.0369796752929688 -0.04119873046875 0.82818603515625 -0.67132568359375
-0.0217056274414063 -0.033843994140625 -0.0454711914062499 -0.8687744140625
-0.0248222351074219 -0.00860214233398438 -0.566650390625 -0.3780517578125
-0.00258445739746094 0.0177555084228516 -0.50048828125 0.0140991210937499
0.0101757049560547 0.0209865570068359 -0.158767700195313 0.219940185546875
0.000657081604003906 0.00676870346069336 0.111328125 0.189010620117188
0.0148630142211914 -0.00238037109375 -0.054168701171875 -0.16461181640625
0.0118656158447266 0.0219650268554688 0.231002807617188 -0.150360107421875
0.0012969970703125 0.0311985015869141 0.45208740234375 0.069549560546875
-0.0271778106689453 0.0287055969238281 0.440704345703125 0.499786376953125
-0.0565986633300781 -0.0208740234375 -0.1376953125 0.79571533203125
-0.0122451782226563 -0.0738067626953125 -0.78436279296875 0.6051025390625
0.051177978515625 0.00051116943359375 -0.755126953125 0.0773925781250002
0.0868682861328125 0.0689163208007813 0.0434188842773438 0.111473083496094
0.0780105590820313 0.01666259765625 0.89129638671875 0.016357421875
0.0283889770507813 -0.0393142700195313 0.81854248046875 -0.6788330078125
-0.0253734588623047 -0.0268821716308594 -0.0552978515625001 -0.86962890625
-0.0219993591308594 -0.00345039367675781 -0.57110595703125 -0.374267578125
0.00272560119628906 0.0191135406494141 -0.503875732421875 0.017303466796875
0.0151729583740234 0.0184803009033203 -0.162734985351563 0.2220458984375
0.00530099868774414 0.00235939025878906 0.10479736328125 0.190658569335938
0.0182895660400391 -0.00552749633789062 -0.056793212890625 -0.161483764648438
0.019744873046875 0.0201263427734375 0.230941772460938 -0.149307250976563
0.00942230224609375 0.03125 0.450653076171875 0.07366943359375
-0.0250072479248047 0.0350074768066406 0.43603515625 0.502593994140625
-0.0592613220214844 -0.0127983093261719 -0.148193359375 0.7952880859375
-0.0213699340820312 -0.0700492858886719 -0.79425048828125 0.59967041015625
0.0427818298339844 -0.00289535522460938 -0.75775146484375 0.07177734375
0.0818328857421875 0.0623397827148438 0.04449462890625 0.110267639160156
0.0706710815429688 0.0130233764648438 0.8907470703125 0.0128173828125
0.0195178985595703 -0.0329933166503906 0.80963134765625 -0.68463134765625
-0.0289192199707031 -0.0167942047119141 -0.0645751953125001 -0.86798095703125
-0.0176448822021484 0.00292015075683593 -0.57781982421875 -0.367919921875
0.00841331481933594 0.0203685760498047 -0.503875732421875 0.0215148925781249
0.0221576690673828 0.0163936614990234 -0.161087036132813 0.224563598632812
0.010767936706543 -0.00141334533691406 0.103851318359375 0.193008422851563
0.0216999053955078 -0.00969696044921875 -0.057708740234375 -0.160781860351562
0.0279026031494141 0.0180721282958984 0.233566284179688 -0.148757934570313
0.0162849426269531 0.03271484375 0.449737548828125 0.07476806640625
-0.0216827392578125 0.0422477722167969 0.434112548828125 0.508331298828125
-0.0615692138671875 -0.00310897827148438 -0.153564453125 0.79510498046875
-0.0311126708984375 -0.0657386779785156 -0.79937744140625 0.59844970703125
0.0331916809082031 -0.00491905212402344 -0.7576904296875 0.0693359375000001
0.0761489868164063 0.0555343627929688 0.0485458374023438 0.111869812011719
0.062530517578125 0.0101547241210938 0.89129638671875 0.01190185546875
0.0103111267089844 -0.0291309356689453 0.8037109375 -0.6845703125
-0.0318832397460938 -0.00990867614746094 -0.06915283203125 -0.8662109375
-0.0135288238525391 0.0104131698608398 -0.57684326171875 -0.36669921875
0.0152530670166016 0.0215015411376953 -0.503204345703125 0.0236206054687501
0.0313377380371094 0.0159111022949219 -0.159194946289063 0.225814819335937
0.0129232406616211 -0.00699424743652344 0.103515625 0.19647216796875
0.0247554779052734 -0.0131359100341797 -0.059417724609375 -0.163101196289063
0.0374298095703125 0.0174980163574219 0.237701416015625 -0.1483154296875
0.0250759124755859 0.0330982208251953 0.455841064453125 0.074432373046875
-0.0183906555175781 0.0475883483886719 0.437225341796875 0.50946044921875
-0.0664405822753906 0.00432205200195312 -0.154296875 0.79742431640625
-0.0379142761230469 -0.0609512329101562 -0.7991943359375 0.59552001953125
0.028411865234375 -0.00687408447265625 -0.75714111328125 0.0687866210937499
0.0731124877929688 0.0514068603515625 0.0533065795898438 0.115959167480469
0.0577201843261719 0.00863265991210938 0.89556884765625 0.00921630859375
0.00127029418945312 -0.0254859924316406 0.80657958984375 -0.689208984375
-0.035247802734375 -0.000804901123046882 -0.07080078125 -0.867919921875
-0.00898551940917968 0.0143899917602539 -0.57763671875 -0.36578369140625
0.0234184265136719 0.0228233337402344 -0.501007080078125 0.024322509765625
0.0380096435546875 0.0148048400878906 -0.156784057617188 0.225936889648438
0.015315055847168 -0.0105867385864258 0.102951049804688 0.19683837890625
0.0042424201965332 0.00416707992553711 -0.0512237548828125 -0.183151245117188
0.00841712951660156 0.0279808044433594 0.2354736328125 -0.1693115234375
-0.000307083129882816 0.0313873291015625 0.469482421875 0.046539306640625
-0.0299396514892578 0.0228061676025391 0.479248046875 0.473785400390625
-0.055877685546875 -0.0276298522949219 -0.0830688476562501 0.78997802734375
-0.00441741943359374 -0.0791015625 -0.72662353515625 0.63128662109375
0.0694389343261719 0.00014495849609375 -0.7177734375 0.1083984375
0.105583190917969 0.0754928588867188 0.0685348510742188 0.120033264160156
0.0947723388671875 0.0195388793945312 0.91278076171875 0.014892578125
0.0380973815917969 -0.0409126281738281 0.83953857421875 -0.678466796875
-0.0235824584960938 -0.0329303741455078 -0.03509521484375 -0.8692626953125
-0.0248737335205078 -0.0105819702148438 -0.5516357421875 -0.373931884765625
-0.000376701354980469 0.0174484252929688 -0.4842529296875 0.0159912109375
0.0105991363525391 0.0249595642089844 -0.14837646484375 0.209457397460938
-0.00631141662597656 0.00579166412353516 0.115676879882813 0.17047119140625
0.00392818450927734 0.0053563117980957 -0.05194091796875 -0.179779052734375
0.00611305236816406 0.0276737213134766 0.23028564453125 -0.169998168945313
-0.00365257263183594 0.0318679809570313 0.462127685546875 0.04888916015625
-0.0305881500244141 0.0211219787597656 0.4730224609375 0.47235107421875
-0.0529327392578125 -0.0294609069824219 -0.0872802734375 0.78790283203125
-0.00200653076171875 -0.0803298950195313 -0.73291015625 0.625244140625
0.0685653686523438 0.000133514404296875 -0.7237548828125 0.1019287109375
0.103721618652344 0.0747604370117187 0.0596771240234375 0.116294860839844
0.095947265625 0.0177459716796875 0.9046630859375 0.0159912109375
0.0424003601074219 -0.0422821044921875 0.82867431640625 -0.68023681640625
-0.0210151672363281 -0.0378227233886719 -0.0429077148437501 -0.864013671875
-0.0256061553955078 -0.0123176574707031 -0.55718994140625 -0.369659423828125
-0.00358486175537109 0.0154180526733398 -0.48681640625 0.0201110839843749
0.00651931762695312 0.0234775543212891 -0.150039672851563 0.21429443359375
-0.0064544677734375 0.00915241241455078 0.11669921875 0.177658081054687
0.00589704513549805 0.00308799743652344 -0.054046630859375 -0.17462158203125
0.00487518310546875 0.0252151489257813 0.228836059570313 -0.1632080078125
-0.00387001037597656 0.0316982269287109 0.45880126953125 0.05328369140625
-0.0319290161132813 0.0205097198486328 0.46478271484375 0.47796630859375
-0.0530128479003906 -0.0308609008789063 -0.10052490234375 0.79241943359375
-0.00370025634765625 -0.079742431640625 -0.74560546875 0.6270751953125
0.0655288696289063 0.00120925903320312 -0.73406982421875 0.1009521484375
0.101264953613281 0.074249267578125 0.0542221069335938 0.112464904785156
0.0927047729492187 0.0190505981445312 0.89837646484375 0.01025390625
0.0392951965332031 -0.04412841796875 0.8201904296875 -0.68450927734375
-0.0207901000976563 -0.0366058349609375 -0.05157470703125 -0.8648681640625
-0.0258865356445313 -0.0120277404785156 -0.564453125 -0.3682861328125
-0.00506114959716797 0.015751838684082 -0.4967041015625 0.0214843749999999
0.00695610046386719 0.0217380523681641 -0.153793334960938 0.21734619140625
-0.0029149055480957 0.00782108306884765 0.113052368164063 0.177963256835938
0.00912284851074219 0.00191593170166016 -0.0550689697265625 -0.168609619140625
0.00929450988769531 0.0241203308105469 0.22637939453125 -0.16015625
-0.00451469421386719 0.0324554443359375 0.451080322265625 0.05548095703125
-0.0297317504882813 0.0256748199462891 0.455108642578125 0.478912353515625
-0.0534248352050781 -0.0250778198242187 -0.10919189453125 0.78875732421875
-0.00818634033203125 -0.0773544311523438 -0.7548828125 0.61962890625
0.0586738586425781 0.000362396240234375 -0.74237060546875 0.0971679687500001
0.0929107666015625 0.0703277587890625 0.04742431640625 0.110916137695313
0.0861740112304688 0.0178680419921875 0.8878173828125 0.00726318359375
0.0349082946777344 -0.0419731140136719 0.8067626953125 -0.68304443359375
-0.0233268737792969 -0.0341415405273438 -0.0635986328125 -0.85955810546875
-0.0235519409179688 -0.00798797607421875 -0.570556640625 -0.3614501953125
-0.00350570678710938 0.0162162780761719 -0.495391845703125 0.0252990722656249
0.00922966003417969 0.0201549530029297 -0.15264892578125 0.221054077148438
-0.000640392303466796 0.00781822204589844 0.113540649414063 0.185455322265625
0.0126123428344727 -9.5367431640625E-06 -0.058013916015625 -0.161834716796875
0.0138168334960938 0.0208778381347656 0.226974487304688 -0.15667724609375
0.00279998779296875 0.031158447265625 0.45062255859375 0.06146240234375
-0.0255126953125 0.029296875 0.45098876953125 0.4879150390625
-0.0558929443359375 -0.0194549560546875 -0.12176513671875 0.7926025390625
-0.0146408081054688 -0.0727462768554687 -0.7655029296875 0.61669921875
0.0495376586914063 -0.00167465209960937 -0.74755859375 0.0925292968749999
0.088104248046875 0.0657196044921875 0.0456619262695313 0.108489990234375
0.0779876708984375 0.0144424438476562 0.884521484375 -0.00152587890625
0.0265846252441406 -0.0373191833496094 0.7977294921875 -0.69232177734375
-0.0249366760253906 -0.0269260406494141 -0.0743408203124999 -0.85943603515625
-0.0206871032714844 -0.00318145751953125 -0.57537841796875 -0.3582763671875
0.00185966491699219 0.0179920196533203 -0.500823974609375 0.029571533203125
0.0156764984130859 0.0187549591064453 -0.156906127929688 0.223648071289062
0.00636625289916992 0.00236749649047852 0.10809326171875 0.185867309570313
0.0180149078369141 -0.00444602966308594 -0.059112548828125 -0.160369873046875
0.0208148956298828 0.0181446075439453 0.226104736328125 -0.153762817382813
0.00903701782226563 0.0319709777832031 0.449920654296875 0.0634765625
-0.0241737365722656 0.0359954833984375 0.444793701171875 0.4901123046875
-0.0604248046875 -0.0105056762695312 -0.1285400390625 0.7947998046875
-0.0241432189941406 -0.0688400268554688 -0.77410888671875 0.612548828125
0.0423011779785156 -0.00476455688476562 -0.7506103515625 0.087890625
0.0813140869140625 0.06005859375 0.0453872680664063 0.108039855957031
0.0699348449707031 0.0111236572265625 0.880859375 -0.0042724609375
0.0193080902099609 -0.0349464416503906 0.78814697265625 -0.69622802734375
-0.02886962890625 -0.0167808532714844 -0.0825195312500001 -0.859375
-0.0166645050048828 0.0039529800415039 -0.57977294921875 -0.35321044921875
0.00882530212402344 0.0186214447021484 -0.499786376953125 0.031646728515625
0.0218563079833984 0.0158767700195313 -0.154830932617187 0.225341796875
0.00914192199707031 -0.00145435333251953 0.10516357421875 0.189697265625
0.0238494873046875 -0.00947952270507813 -0.060089111328125 -0.1600341796875
0.0289897918701172 0.0168380737304688 0.229690551757812 -0.151397705078125
0.0180530548095703 0.0325546264648438 0.448699951171875 0.063262939453125
-0.0195274353027344 0.041900634765625 0.441741943359375 0.494659423828125
-0.0623092651367188 -0.002349853515625 -0.13507080078125 0.79449462890625
-0.0313987731933594 -0.0637664794921875 -0.78143310546875 0.60699462890625
0.0331077575683594 -0.0062713623046875 -0.7498779296875 0.0823974609375002
0.07763671875 0.0524063110351563 0.0495452880859375 0.109710693359375
0.0621566772460938 0.00839614868164063 0.88226318359375 -0.0074462890625
0.00952911376953125 -0.0291118621826172 0.781982421875 -0.69769287109375
-0.0312614440917969 -0.00721549987792969 -0.0897827148437499 -0.85906982421875
-0.0132980346679687 0.00823116302490234 -0.58062744140625 -0.3504638671875
0.0150775909423828 0.0210685729980469 -0.496490478515625 0.0350341796875
0.030029296875 0.0131893157958984 -0.152313232421875 0.225753784179688
0.0134429931640625 -0.00673675537109375 0.107208251953125 0.192779541015625
0.0249652862548828 -0.0126533508300781 -0.0609588623046875 -0.161666870117188
0.0374183654785156 0.01593017578125 0.233612060546875 -0.1529541015625
0.0244541168212891 0.0324039459228516 0.45306396484375 0.0638427734375
-0.0185356140136719 0.0480613708496094 0.444183349609375 0.496795654296875
-0.0660667419433594 0.00569915771484376 -0.13726806640625 0.7947998046875
-0.0389900207519531 -0.0589179992675781 -0.78167724609375 0.60540771484375
0.0277805328369141 -0.00746536254882812 -0.7486572265625 0.0816650390625001
0.07427978515625 0.048797607421875 0.0554962158203125 0.113243103027344
0.0570144653320313 0.00559234619140625 0.88671875 -0.009033203125
0.00120162963867188 -0.0252151489257813 0.784912109375 -0.69769287109375
-0.0346736907958984 4.76837158203199E-05 -0.0871582031250001 -0.8609619140625
-0.00858306884765625 0.015233039855957 -0.581298828125 -0.34954833984375
0.0232162475585938 0.0220184326171875 -0.4967041015625 0.03424072265625
0.0379753112792969 0.0120887756347656 -0.15057373046875 0.226791381835937
0.0147991180419922 -0.00920677185058594 0.106094360351563 0.193206787109375
0.00334668159484863 0.00383162498474121 -0.0531158447265625 -0.181076049804688
0.00921249389648438 0.0275745391845703 0.23028564453125 -0.173416137695312
0.000717163085937501 0.0324058532714844 0.46533203125 0.0374755859375
-0.0292224884033203 0.0249423980712891 0.48370361328125 0.45941162109375
-0.0540046691894531 -0.0255966186523438 -0.0684814453125001 0.78558349609375
-0.00669860839843751 -0.0777969360351563 -0.70538330078125 0.63653564453125
0.0675621032714844 -0.00156402587890625 -0.70953369140625 0.11883544921875
0.106216430664063 0.0712890625 0.0699081420898438 0.116065979003906
0.0933609008789063 0.0173110961914063 0.90277099609375 -0.000305175781249999
0.0380630493164063 -0.0410385131835938 0.81842041015625 -0.69146728515625
-0.0224151611328125 -0.0326042175292969 -0.0511474609375001 -0.8607177734375
-0.0235252380371094 -0.0108413696289063 -0.5518798828125 -0.36065673828125
-0.000381469726562498 0.0162191390991211 -0.4786376953125 0.0243530273437499
0.009735107421875 0.0235671997070313 -0.143508911132813 0.210037231445313
-0.00617265701293945 0.00602245330810547 0.118988037109375 0.167465209960938
0.00442075729370117 0.004364013671875 -0.0544891357421875 -0.178054809570313
0.00622367858886718 0.0269317626953125 0.225997924804688 -0.173019409179688
-0.00444984436035156 0.0307655334472656 0.457733154296875 0.038970947265625
-0.0296211242675781 0.0216941833496094 0.4783935546875 0.459503173828125
-0.0531806945800781 -0.0289573669433594 -0.07281494140625 0.7811279296875
-0.00456237792968751 -0.0788192749023438 -0.71319580078125 0.634521484375
0.0665969848632813 -0.00167465209960937 -0.71453857421875 0.11456298828125
0.104560852050781 0.0721435546875 0.0602645874023438 0.114677429199219
0.0936660766601563 0.0182571411132813 0.89398193359375 -0.00128173828125
0.0395355224609375 -0.0432815551757813 0.80609130859375 -0.68603515625
-0.0217018127441406 -0.0357246398925781 -0.0591430664062499 -0.85211181640625
-0.0256385803222656 -0.0129108428955078 -0.55755615234375 -0.355316162109375
-0.00323867797851563 0.0147466659545898 -0.482421875 0.029327392578125
0.00867462158203125 0.0240707397460937 -0.143814086914062 0.21429443359375
-0.00567722320556641 0.00920009613037109 0.1192626953125 0.175567626953125
0.00685453414916992 0.00230646133422852 -0.055267333984375 -0.172088623046875
0.00475883483886718 0.0242500305175781 0.22381591796875 -0.16717529296875
-0.00500869750976563 0.0330829620361328 0.454833984375 0.04296875
-0.0297813415527344 0.0227851867675781 0.4693603515625 0.46514892578125
-0.0518951416015625 -0.0278358459472656 -0.08380126953125 0.7862548828125
-0.0053558349609375 -0.0780487060546875 -0.7244873046875 0.634521484375
0.064361572265625 -0.00174331665039063 -0.72467041015625 0.112060546875
0.100799560546875 0.0713272094726563 0.0536041259765625 0.109550476074219
0.0911636352539062 0.015869140625 0.887939453125 -0.00653076171875
0.0389785766601563 -0.0436630249023438 0.79901123046875 -0.69390869140625
-0.021392822265625 -0.0362358093261719 -0.0677490234374999 -0.856689453125
-0.0247001647949219 -0.0121746063232422 -0.5665283203125 -0.35321044921875
-0.00367450714111328 0.0153532028198242 -0.48895263671875 0.0309753417968749
0.00705146789550781 0.0215187072753906 -0.147628784179687 0.218307495117187
-0.00246334075927734 0.00802230834960938 0.115142822265625 0.174270629882813
0.00897216796875 0.00136280059814453 -0.057708740234375 -0.16754150390625
0.00789260864257813 0.0219268798828125 0.220260620117188 -0.163864135742188
-0.00258064270019531 0.0316314697265625 0.448272705078125 0.046783447265625
-0.02789306640625 0.0264053344726562 0.46209716796875 0.46710205078125
-0.0535240173339844 -0.0233230590820313 -0.0956420898437499 0.78387451171875
-0.0102386474609375 -0.0754013061523438 -0.73638916015625 0.62823486328125
0.0580673217773438 -0.00156021118164063 -0.73321533203125 0.1064453125
0.0938949584960938 0.0666122436523438 0.04852294921875 0.108711242675781
0.0858001708984375 0.0149688720703125 0.8778076171875 -0.0098876953125
0.03460693359375 -0.0411567687988281 0.7861328125 -0.6910400390625
-0.0219039916992188 -0.0324668884277344 -0.0780029296875 -0.85186767578125
-0.0248985290527344 -0.00941276550292969 -0.570556640625 -0.34716796875
-0.00203609466552734 0.0153064727783203 -0.490966796875 0.0352478027343749
0.0103836059570313 0.0198116302490234 -0.14739990234375 0.2216796875
0.00111103057861328 0.00901508331298828 0.11541748046875 0.181716918945313
0.0136690139770508 -0.00130939483642578 -0.0592498779296875 -0.160552978515625
0.0128536224365234 0.0198936462402344 0.220199584960937 -0.159820556640625
0.00157356262207031 0.0326156616210938 0.44580078125 0.0513916015625
-0.0269489288330078 0.0309181213378906 0.453277587890625 0.474578857421875
-0.0559425354003906 -0.0179061889648438 -0.10430908203125 0.788330078125
-0.017333984375 -0.0705642700195313 -0.74774169921875 0.62493896484375
0.0490684509277344 -0.000408172607421875 -0.73736572265625 0.10260009765625
0.0874557495117188 0.0618438720703125 0.0458450317382813 0.105926513671875
0.0759353637695313 0.0133819580078125 0.8740234375 -0.01824951171875
0.0244178771972656 -0.0379600524902344 0.774658203125 -0.69989013671875
-0.0243949890136719 -0.0245647430419922 -0.0877075195312501 -0.8507080078125
-0.0204696655273438 -0.00350761413574219 -0.57672119140625 -0.34393310546875
0.00284004211425781 0.0172023773193359 -0.49365234375 0.03826904296875
0.0173072814941406 0.0180835723876953 -0.15179443359375 0.222854614257813
0.0070643424987793 0.00257682800292969 0.112442016601563 0.183212280273438
0.0188465118408203 -0.00663375854492188 -0.06072998046875 -0.158920288085938
0.0204219818115234 0.0176029205322266 0.221786499023438 -0.158279418945313
0.00917434692382813 0.0315437316894531 0.444915771484375 0.052337646484375
-0.0221328735351563 0.0366325378417969 0.450469970703125 0.4769287109375
-0.059326171875 -0.00868988037109375 -0.1141357421875 0.789306640625
-0.0241432189941406 -0.0659713745117187 -0.7574462890625 0.62091064453125
0.0410003662109375 -0.00569915771484375 -0.73956298828125 0.0982666015625001
0.080810546875 0.056396484375 0.0460281372070313 0.106475830078125
0.0680618286132812 0.00916290283203125 0.87066650390625 -0.01904296875
0.0157241821289062 -0.0340824127197266 0.76593017578125 -0.7041015625
-0.0283775329589844 -0.0172176361083984 -0.0978393554687501 -0.850341796875
-0.0161752700805664 0.00339984893798828 -0.58294677734375 -0.33807373046875
0.00932884216308594 0.0178680419921875 -0.494140625 0.041717529296875
0.0219097137451172 0.0152721405029297 -0.148696899414062 0.226943969726563
0.00986480712890625 -0.0011138916015625 0.109085083007813 0.186843872070313
0.0221500396728516 -0.00889968872070313 -0.0615081787109375 -0.1583251953125
0.0283432006835938 0.0165519714355469 0.225006103515625 -0.157501220703125
0.0174198150634766 0.0316810607910156 0.44464111328125 0.055023193359375
-0.0187492370605469 0.0439071655273438 0.447418212890625 0.481719970703125
-0.061309814453125 -0.000358581542968761 -0.1195068359375 0.78790283203125
-0.0317268371582031 -0.0603713989257813 -0.7620849609375 0.61456298828125
0.0334129333496094 -0.00603485107421875 -0.74176025390625 0.0921020507812499
0.0759124755859375 0.0510787963867188 0.0502700805664063 0.107681274414063
0.061798095703125 0.0081787109375 0.8709716796875 -0.02276611328125
0.00679206848144531 -0.0288848876953125 0.76116943359375 -0.70404052734375
-0.0308589935302734 -0.00790786743164062 -0.10235595703125 -0.84906005859375
-0.0136709213256836 0.00949764251708984 -0.582763671875 -0.3355712890625
0.0165367126464844 0.0197849273681641 -0.493682861328125 0.0432434082031251
0.0308704376220703 0.0121326446533203 -0.147384643554688 0.228790283203125
0.0126361846923828 -0.00610256195068359 0.1080322265625 0.189346313476563
0.0248146057128906 -0.0132427215576172 -0.06298828125 -0.16046142578125
0.037078857421875 0.0139694213867188 0.227737426757813 -0.157211303710938
0.0247116088867188 0.0315799713134766 0.449798583984375 0.054840087890625
-0.0158615112304687 0.0483551025390625 0.45025634765625 0.483917236328125
-0.0653076171875 0.00801849365234375 -0.11956787109375 0.78936767578125
-0.0398139953613281 -0.0569038391113281 -0.76129150390625 0.6160888671875
0.0267677307128906 -0.00686454772949219 -0.73834228515625 0.09454345703125
0.0728912353515625 0.047698974609375 0.0557861328125 0.10906982421875
0.0562896728515625 0.006317138671875 0.875732421875 -0.02301025390625
-6.2942504882815E-05 -0.0243415832519531 0.7633056640625 -0.70709228515625
-0.0337944030761719 0.000904083251953123 -0.1043701171875 -0.848876953125
-0.0088968276977539 0.014674186706543 -0.5814208984375 -0.33392333984375
0.0224971771240234 0.0202903747558594 -0.490509033203125 0.0439453124999999
0.0380401611328125 0.0114555358886719 -0.143478393554688 0.22796630859375
0.0154142379760742 -0.00972175598144531 0.109085083007812 0.188552856445312
0.00404596328735352 0.00297760963439941 -0.053253173828125 -0.179046630859375
0.00943565368652344 0.0264797210693359 0.224685668945313 -0.1756591796875
0.00192451477050781 0.0318870544433594 0.46002197265625 0.03033447265625
-0.0266876220703125 0.0234794616699219 0.4866943359375 0.445556640625
-0.0534439086914063 -0.02337646484375 -0.0536499023437501 0.77740478515625
-0.00838470458984375 -0.0757217407226562 -0.68682861328125 0.63897705078125
0.0680732727050781 -0.00292205810546875 -0.69757080078125 0.12579345703125
0.105880737304688 0.0684051513671875 0.0691680908203125 0.113357543945313
0.0914077758789063 0.0149078369140625 0.88916015625 -0.01580810546875
0.0353240966796875 -0.0411033630371094 0.79595947265625 -0.6954345703125
-0.0223045349121094 -0.0317668914794922 -0.06414794921875 -0.84967041015625
-0.0232944488525391 -0.0112686157226562 -0.552032470703125 -0.346954345703125
0.000564575195312498 0.0154829025268555 -0.473480224609375 0.0335693359375001
0.0110454559326172 0.0224380493164063 -0.13775634765625 0.209243774414063
-0.00467824935913086 0.00708770751953125 0.119949340820313 0.1629638671875
0.00532817840576172 0.00483512878417969 -0.0555267333984375 -0.17584228515625
0.00708961486816406 0.0254440307617188 0.218780517578125 -0.175048828125
-0.00334930419921875 0.0317630767822266 0.45233154296875 0.031219482421875
-0.0286426544189453 0.0223178863525391 0.48114013671875 0.446044921875
-0.0518989562988281 -0.0264739990234375 -0.0574951171875 0.77288818359375
-0.00574493408203124 -0.0768203735351563 -0.6962890625 0.63720703125
0.066558837890625 -0.00159454345703125 -0.70343017578125 0.12396240234375
0.104629516601563 0.0687789916992188 0.0613937377929688 0.110160827636719
0.0921249389648437 0.0157318115234375 0.8819580078125 -0.01483154296875
0.0379371643066406 -0.0414619445800781 0.78472900390625 -0.69049072265625
-0.0217933654785156 -0.0344371795654297 -0.07196044921875 -0.844970703125
-0.0260715484619141 -0.0117835998535156 -0.557098388671875 -0.34130859375
-0.00300884246826172 0.0145559310913086 -0.47735595703125 0.0375671386718749
0.00764656066894531 0.0217838287353516 -0.138824462890625 0.214126586914063
-0.00516223907470703 0.0101079940795898 0.12200927734375 0.17071533203125
0.00741052627563477 0.00273656845092773 -0.0576171875 -0.170318603515625
0.00641632080078125 0.0246429443359375 0.218063354492188 -0.169662475585938
-0.00464248657226563 0.0321426391601563 0.44805908203125 0.03497314453125
-0.0287933349609375 0.0234031677246094 0.472259521484375 0.45318603515625
-0.0527458190917969 -0.0261878967285156 -0.0715332031250001 0.77716064453125
-0.0067901611328125 -0.0770645141601562 -0.7078857421875 0.637939453125
0.0629043579101563 -0.00089263916015625 -0.71368408203125 0.12103271484375
0.100784301757813 0.06927490234375 0.0545654296875 0.106765747070313
0.0904312133789063 0.0156936645507813 0.87469482421875 -0.01995849609375
0.0360145568847656 -0.0436553955078125 0.77593994140625 -0.6981201171875
-0.0209102630615234 -0.0339794158935547 -0.08056640625 -0.8447265625
-0.0262832641601563 -0.0115013122558594 -0.56500244140625 -0.33984375
-0.00446701049804687 0.0157003402709961 -0.48284912109375 0.0400695800781249
0.00729942321777344 0.0218372344970703 -0.142318725585937 0.216949462890625
-0.00192785263061523 0.00872278213500977 0.115982055664063 0.171249389648438
0.0106325149536133 0.00209331512451172 -0.0590972900390625 -0.16558837890625
0.00778388977050782 0.0220623016357422 0.215133666992188 -0.168182373046875
-0.00316810607910156 0.0316715240478516 0.443023681640625 0.038726806640625
-0.0270252227783203 0.0256767272949219 0.463653564453125 0.4534912109375
-0.0524406433105469 -0.0225868225097656 -0.0809936523437499 0.775634765625
-0.0111083984375 -0.0743484497070313 -0.718017578125 0.63275146484375
0.0570068359375 -0.0019683837890625 -0.7208251953125 0.115966796875
0.0937957763671875 0.064208984375 0.0489578247070313 0.104682922363281
0.0836257934570313 0.0123977661132813 0.86541748046875 -0.024658203125
0.0315628051757813 -0.0408096313476563 0.7640380859375 -0.696044921875
-0.0236282348632813 -0.0313796997070312 -0.09124755859375 -0.84039306640625
-0.0246105194091797 -0.00872802734375 -0.56982421875 -0.3333740234375
-0.00257110595703125 0.0144662857055664 -0.48614501953125 0.044097900390625
0.00982475280761719 0.0180320739746094 -0.141983032226562 0.221893310546875
0.00131845474243164 0.00713872909545899 0.116424560546875 0.178329467773438
0.0137748718261719 -0.00222015380859375 -0.0599365234375 -0.159622192382813
0.0137443542480469 0.0195198059082031 0.216598510742188 -0.162551879882813
0.00388145446777344 0.0309677124023438 0.442596435546875 0.0401611328125
-0.0254745483398438 0.0298194885253906 0.4561767578125 0.4610595703125
-0.0545921325683594 -0.0153732299804688 -0.0899047851562499 0.78021240234375
-0.0183944702148438 -0.0683975219726563 -0.725830078125 0.6302490234375
0.0487937927246094 -0.00378799438476563 -0.72601318359375 0.11334228515625
0.0870132446289063 0.0602874755859375 0.047027587890625 0.103630065917969
0.0767288208007813 0.0103759765625 0.86041259765625 -0.03094482421875
0.0262222290039063 -0.0370521545410156 0.752197265625 -0.70458984375
-0.0257377624511719 -0.0245513916015625 -0.1016845703125 -0.8402099609375
-0.0212268829345703 -0.00328254699707031 -0.575439453125 -0.32879638671875
0.00235366821289062 0.0167999267578125 -0.488433837890625 0.04754638671875
0.0155792236328125 0.0178279876708984 -0.144927978515625 0.223342895507812
0.00575160980224609 0.00316047668457031 0.11212158203125 0.179885864257813
0.0193901062011719 -0.00728797912597656 -0.061767578125 -0.157119750976563
0.0209541320800781 0.0169811248779297 0.217300415039063 -0.160430908203125
0.0100593566894531 0.0314559936523438 0.439422607421875 0.04583740234375
-0.0220108032226563 0.0363349914550781 0.4541015625 0.463470458984375
-0.0580253601074219 -0.00603485107421875 -0.098388671875 0.7801513671875
-0.0261192321777344 -0.0648651123046875 -0.73712158203125 0.62451171875
0.0401954650878906 -0.00446701049804688 -0.72943115234375 0.10888671875
0.0810089111328125 0.0544815063476562 0.047027587890625 0.102760314941406
0.0671577453613281 0.007598876953125 0.859619140625 -0.03399658203125
0.0156974792480469 -0.0330028533935547 0.74554443359375 -0.7078857421875
-0.0272254943847656 -0.0148677825927734 -0.11083984375 -0.83831787109375
-0.0156126022338867 0.0024261474609375 -0.58001708984375 -0.323486328125
0.00841140747070312 0.0181236267089844 -0.488433837890625 0.050537109375
0.0225696563720703 0.0145149230957031 -0.142837524414063 0.227401733398437
0.0116701126098633 -0.000720977783203125 0.111373901367187 0.183486938476563
0.0221710205078125 -0.00957870483398438 -0.063232421875 -0.156600952148437
0.0285739898681641 0.0140228271484375 0.219650268554688 -0.159210205078125
0.0170326232910156 0.032928466796875 0.43994140625 0.047515869140625
-0.0169181823730469 0.0425491333007813 0.449432373046875 0.4686279296875
-0.0595436096191406 0.0010986328125 -0.10687255859375 0.7821044921875
-0.0337791442871094 -0.0579795837402344 -0.7423095703125 0.61962890625
0.033111572265625 -0.00714111328125 -0.7293701171875 0.1033935546875
0.0745773315429688 0.0498733520507813 0.0492019653320313 0.105232238769531
0.0590553283691406 0.00518417358398438 0.8585205078125 -0.03643798828125
0.00675010681152343 -0.0287837982177734 0.74090576171875 -0.70843505859375
-0.0303382873535156 -0.0059051513671875 -0.1163330078125 -0.83819580078125
-0.0115995407104492 0.00789451599121094 -0.58038330078125 -0.3206787109375
0.0162601470947266 0.0179977416992188 -0.487884521484375 0.0514831542968749
0.03125 0.011993408203125 -0.141708374023438 0.228424072265625
0.0136585235595703 -0.00658988952636719 0.1097412109375 0.1873779296875
0.0255661010742188 -0.0138969421386719 -0.0631256103515625 -0.158645629882813
0.0364952087402344 0.012786865234375 0.224472045898438 -0.160812377929688
0.0251121520996094 0.03094482421875 0.44610595703125 0.0455322265625
-0.0151023864746094 0.0501060485839844 0.45416259765625 0.47021484375
-0.0630531311035156 0.00938034057617189 -0.10504150390625 0.7816162109375
-0.0417823791503906 -0.0549583435058594 -0.7447509765625 0.62060546875
0.0265769958496094 -0.00776481628417969 -0.72802734375 0.1024169921875
0.0731124877929688 0.0446624755859375 0.0561676025390625 0.106582641601563
0.0545883178710938 0.0050506591796875 0.8643798828125 -0.036376953125
-0.000217437744140626 -0.0238780975341797 0.7420654296875 -0.71136474609375
-0.0334434509277344 0.00164794921875 -0.1143798828125 -0.83837890625
-0.00813007354736328 0.0137624740600586 -0.5792236328125 -0.319580078125
0.0234527587890625 0.0192508697509766 -0.48345947265625 0.0544738769531249
0.0384292602539063 0.0105438232421875 -0.13873291015625 0.227752685546875
0.0153541564941406 -0.00863742828369141 0.110092163085937 0.186874389648438
0.00458335876464844 0.00276088714599609 -0.0554351806640625 -0.176773071289063
0.0103492736816406 0.0253067016601562 0.219467163085937 -0.17779541015625
0.000944137573242188 0.0319480895996094 0.455322265625 0.023284912109375
-0.0246009826660156 0.0246028900146484 0.486602783203125 0.433013916015625
-0.0525398254394531 -0.0222053527832031 -0.0411376953125 0.7691650390625
-0.00885772705078126 -0.0743026733398438 -0.66943359375 0.6402587890625
0.0655097961425781 -0.002960205078125 -0.68634033203125 0.1331787109375
0.104515075683594 0.0671310424804688 0.069091796875 0.110549926757812
0.0905838012695313 0.0136489868164063 0.87591552734375 -0.02532958984375
0.0353965759277344 -0.0406455993652344 0.77496337890625 -0.6962890625
-0.0229320526123047 -0.0312690734863281 -0.0738525390625 -0.83868408203125
-0.0227470397949219 -0.0110950469970703 -0.548980712890625 -0.332977294921875
0.000324249267578126 0.0144414901733398 -0.467926025390625 0.03955078125
0.0117130279541016 0.0223464965820313 -0.132598876953125 0.209030151367187
-0.00459146499633789 0.00805759429931641 0.120437622070313 0.160964965820313
0.00526523590087891 0.00377225875854492 -0.057098388671875 -0.174774169921875
0.006683349609375 0.0256843566894531 0.214111328125 -0.176788330078125
-0.00225067138671875 0.0316524505615234 0.4481201171875 0.02386474609375
-0.0251483917236328 0.0229549407958984 0.4803466796875 0.43408203125
-0.0512542724609375 -0.0246200561523438 -0.0474243164062501 0.7645263671875
-0.0070037841796875 -0.0750656127929687 -0.67718505859375 0.638916015625
0.0651626586914063 -0.0021209716796875 -0.6923828125 0.1298828125
0.103965759277344 0.0659866333007813 0.062225341796875 0.106712341308594
0.0907821655273438 0.0149078369140625 0.86785888671875 -0.0277099609375
0.0364875793457031 -0.0422935485839844 0.76409912109375 -0.69329833984375
-0.0215816497802734 -0.0331783294677734 -0.0823364257812501 -0.83209228515625
-0.0250263214111328 -0.0133018493652344 -0.554931640625 -0.32781982421875
-0.00280475616455078 0.0139389038085938 -0.469818115234375 0.0441284179687501
0.007415771484375 0.0211887359619141 -0.133346557617187 0.213958740234375
-0.00403213500976562 0.0112018585205078 0.121017456054688 0.16754150390625
0.00671148300170898 0.00206518173217773 -0.0573272705078125 -0.167617797851562
0.006134033203125 0.0234127044677734 0.213653564453125 -0.172012329101562
-0.00359153747558594 0.0319976806640625 0.4429931640625 0.0284423828125
-0.0273799896240234 0.0229015350341797 0.471466064453125 0.43927001953125
-0.0514450073242188 -0.0240249633789063 -0.0597534179687501 0.76995849609375
-0.0084228515625 -0.074249267578125 -0.68865966796875 0.640380859375
0.0631599426269531 -0.00299835205078125 -0.7030029296875 0.12762451171875
0.10028076171875 0.0650787353515625 0.0552597045898438 0.103347778320313
0.0885467529296875 0.0128250122070313 0.8612060546875 -0.03082275390625
0.0357513427734375 -0.0425796508789063 0.75439453125 -0.6976318359375
-0.0213584899902344 -0.0331344604492188 -0.0892944335937501 -0.8349609375
-0.0256729125976563 -0.0109386444091797 -0.561798095703125 -0.32733154296875
-0.00355720520019531 0.013270378112793 -0.475250244140625 0.0467224121093749
0.00726318359375 0.0203075408935547 -0.13775634765625 0.216262817382813
-0.00145626068115234 0.00936031341552734 0.117294311523437 0.168685913085937
0.00990390777587891 0.00137519836425781 -0.0598907470703125 -0.162933349609375
0.00852394104003906 0.0204544067382813 0.210662841796875 -0.169265747070313
-0.0022125244140625 0.0311946868896484 0.438140869140625 0.032745361328125
-0.0261211395263672 0.0273590087890625 0.4647216796875 0.4427490234375
-0.0528450012207031 -0.0205764770507813 -0.06866455078125 0.768310546875
-0.0114669799804688 -0.07208251953125 -0.6998291015625 0.634765625
0.0566482543945312 -0.00293731689453125 -0.7093505859375 0.12213134765625
0.0942306518554688 0.06231689453125 0.0497817993164063 0.102256774902344
0.0817031860351563 0.011444091796875 0.85174560546875 -0.03399658203125
0.0312042236328125 -0.0411224365234375 0.74432373046875 -0.6973876953125
-0.022308349609375 -0.0301895141601562 -0.0997314453125 -0.8291015625
-0.0243968963623047 -0.00820541381835937 -0.56622314453125 -0.3189697265625
-0.00126838684082031 0.0144548416137695 -0.476898193359375 0.051177978515625
0.0105457305908203 0.0185756683349609 -0.136306762695313 0.220474243164063
0.002044677734375 0.00887680053710938 0.118804931640625 0.173477172851563
0.0153303146362305 -0.00139617919921875 -0.06085205078125 -0.15673828125
0.0125770568847656 0.0178203582763672 0.211639404296875 -0.164947509765625
0.00302696228027343 0.0310478210449219 0.438446044921875 0.03631591796875
-0.0230960845947266 0.0323657989501953 0.457122802734375 0.449554443359375
-0.0541191101074219 -0.0142936706542969 -0.0787353515625 0.7734375
-0.0172348022460937 -0.0676918029785156 -0.71044921875 0.63165283203125
0.0471343994140625 -0.00466156005859375 -0.71533203125 0.1190185546875
0.087005615234375 0.0580062866210938 0.0461654663085938 0.100830078125
0.0745086669921875 0.0108642578125 0.84844970703125 -0.0411376953125
0.0229415893554688 -0.0373725891113281 0.7354736328125 -0.704345703125
-0.0245304107666016 -0.0227012634277344 -0.1099853515625 -0.8291015625
-0.0206756591796875 -0.00353240966796875 -0.57342529296875 -0.3165283203125
0.00217723846435547 0.0157585144042969 -0.48272705078125 0.0545654296875
0.0157585144042969 0.015751838684082 -0.139633178710938 0.22381591796875
0.00717449188232422 0.00472450256347656 0.113235473632812 0.176528930664063
0.0180835723876953 -0.00529861450195313 -0.061248779296875 -0.154403686523438
0.0211887359619141 0.0153636932373047 0.212234497070313 -0.163284301757813
0.0098419189453125 0.0312423706054688 0.434417724609375 0.037689208984375
-0.0201873779296875 0.037017822265625 0.45391845703125 0.452239990234375
-0.0551643371582031 -0.00513458251953125 -0.0880737304687501 0.7725830078125
-0.0264434814453125 -0.0620689392089844 -0.71966552734375 0.62579345703125
0.0384788513183594 -0.00483322143554687 -0.71990966796875 0.11444091796875
0.07977294921875 0.0515213012695312 0.0462875366210938 0.100265502929688
0.0668907165527344 0.00760269165039063 0.84552001953125 -0.04351806640625
0.0143260955810547 -0.0328216552734375 0.72509765625 -0.7078857421875
-0.0277423858642578 -0.0144443511962891 -0.1204833984375 -0.8267822265625
-0.015934944152832 0.00239276885986328 -0.577880859375 -0.31085205078125
0.00844955444335937 0.0164518356323242 -0.4803466796875 0.0574951171875
0.0225887298583984 0.0137920379638672 -0.138702392578125 0.226791381835937
0.0111331939697266 0.000116348266601563 0.112747192382813 0.180206298828125
0.0231437683105469 -0.00925827026367188 -0.0634307861328125 -0.153579711914063
0.0297584533691406 0.0135135650634766 0.21380615234375 -0.16064453125
0.0179595947265625 0.0314445495605469 0.43634033203125 0.040618896484375
-0.016510009765625 0.0434761047363281 0.450653076171875 0.456787109375
-0.0604286193847656 0.00226974487304688 -0.0938110351562501 0.77288818359375
-0.0342941284179688 -0.0570755004882812 -0.72509765625 0.62249755859375
0.0310020446777344 -0.00556373596191406 -0.7183837890625 0.10870361328125
0.0751724243164063 0.046112060546875 0.050048828125 0.102195739746094
0.0583114624023437 0.005218505859375 0.84423828125 -0.04656982421875
0.00716209411621094 -0.0282974243164063 0.7177734375 -0.70904541015625
-0.0294361114501953 -0.00509262084960937 -0.12408447265625 -0.82611083984375
-0.012446403503418 0.00846576690673828 -0.578369140625 -0.3092041015625
0.0165786743164063 0.0175437927246094 -0.478515625 0.0595397949218749
0.0290184020996094 0.0121746063232422 -0.135467529296875 0.22784423828125
0.014164924621582 -0.00432395935058594 0.112808227539063 0.182830810546875
0.0246639251708984 -0.0132026672363281 -0.064422607421875 -0.155776977539063
0.0368919372558594 0.0123405456542969 0.218612670898437 -0.161834716796875
0.0249519348144531 0.0312347412109375 0.44061279296875 0.03961181640625
-0.0131454467773437 0.0489082336425781 0.4541015625 0.458282470703125
-0.0626220703125 0.0112113952636719 -0.09368896484375 0.77374267578125
-0.041290283203125 -0.0529670715332031 -0.72552490234375 0.62164306640625
0.0261554718017578 -0.00852012634277344 -0.71624755859375 0.11016845703125
0.0733566284179687 0.042510986328125 0.0560150146484375 0.104469299316406
0.053619384765625 0.003204345703125 0.85076904296875 -0.0487060546875
-0.00133895874023437 -0.0232601165771484 0.7208251953125 -0.711181640625
-0.0323886871337891 0.00254440307617187 -0.12542724609375 -0.8255615234375
-0.0074615478515625 0.0132379531860352 -0.57733154296875 -0.307373046875
0.0235309600830078 0.0187530517578125 -0.47900390625 0.0608215332031251
0.0373153686523438 0.00948333740234375 -0.133712768554688 0.227493286132812
0.0158634185791016 -0.00827217102050781 0.112167358398438 0.183685302734375
0.00489521026611328 0.00282478332519531 -0.0545501708984375 -0.174468994140625
0.00888824462890625 0.0252571105957031 0.214508056640625 -0.178009033203125
0.000732421875 0.0320472717285156 0.448455810546875 0.01739501953125
-0.0242214202880859 0.0255107879638672 0.485504150390625 0.42388916015625
-0.0530052185058594 -0.022064208984375 -0.033203125 0.75982666015625
-0.0107269287109375 -0.0722198486328125 -0.65478515625 0.639404296875
0.0645408630371094 -0.0032958984375 -0.67620849609375 0.13751220703125
0.104240417480469 0.0640411376953125 0.0693740844726563 0.107467651367188
0.0897445678710938 0.0132369995117187 0.86474609375 -0.03375244140625
0.0322189331054688 -0.0408859252929687 0.7564697265625 -0.69488525390625
-0.0222244262695313 -0.0315437316894531 -0.080322265625 -0.826171875
-0.0244693756103516 -0.0104751586914063 -0.54595947265625 -0.32208251953125
-0.00062274932861328 0.0146055221557617 -0.461151123046875 0.0452575683593749
0.01129150390625 0.0211238861083984 -0.130081176757812 0.208175659179688
-0.00322341918945313 0.00924491882324219 0.120864868164063 0.157196044921875
0.0059814453125 0.00289011001586914 -0.057586669921875 -0.1710205078125
0.00617408752441406 0.0258636474609375 0.210968017578125 -0.178665161132813
-0.00324249267578125 0.0324516296386719 0.44183349609375 0.0206298828125
-0.0259208679199219 0.0226383209228516 0.479583740234375 0.4222412109375
-0.0508193969726563 -0.0240592956542969 -0.03851318359375 0.75665283203125
-0.00801086425781251 -0.0734024047851563 -0.66168212890625 0.63616943359375
0.0658721923828125 -0.0026702880859375 -0.6834716796875 0.13311767578125
0.101387023925781 0.063720703125 0.0595626831054688 0.105026245117188
0.0892791748046875 0.0136184692382813 0.85400390625 -0.03369140625
0.0353546142578125 -0.0419464111328125 0.7437744140625 -0.68951416015625
-0.0208950042724609 -0.0330715179443359 -0.0904541015624999 -0.820556640625
-0.0247554779052734 -0.0131416320800781 -0.55084228515625 -0.31768798828125
-0.00411510467529297 0.0130949020385742 -0.46136474609375 0.0490417480468749
0.00885772705078125 0.0206241607666016 -0.12872314453125 0.212387084960937
-0.00279712677001953 0.0106163024902344 0.121795654296875 0.165084838867187
0.00868749618530274 0.00344419479370117 -0.058929443359375 -0.16552734375
0.0050811767578125 0.0230941772460938 0.208572387695313 -0.173477172851563
-0.00273513793945312 0.0319480895996094 0.439239501953125 0.02471923828125
-0.0265522003173828 0.0245704650878906 0.471771240234375 0.430206298828125
-0.0519943237304688 -0.024078369140625 -0.0482788085937499 0.76129150390625
-0.00921630859375 -0.0733184814453125 -0.674072265625 0.638916015625
0.0606727600097656 -0.00217056274414063 -0.69256591796875 0.13128662109375
0.0994644165039063 0.06341552734375 0.0542068481445313 0.10137939453125
0.0870361328125 0.0100555419921875 0.84759521484375 -0.04052734375
0.0344200134277344 -0.0428504943847656 0.73870849609375 -0.6947021484375
-0.0212116241455078 -0.032806396484375 -0.09832763671875 -0.8226318359375
-0.0242958068847656 -0.0116252899169922 -0.558013916015625 -0.315948486328125
-0.00384616851806641 0.0140533447265625 -0.470245361328125 0.0520935058593751
0.00737953186035156 0.0201301574707031 -0.133071899414063 0.215499877929687
-0.000118255615234375 0.00920295715332031 0.116928100585937 0.16552734375
0.0100603103637695 0.000672340393066406 -0.060150146484375 -0.16094970703125
0.00929832458496094 0.020782470703125 0.20623779296875 -0.171127319335938
-0.00138092041015625 0.0311355590820313 0.432586669921875 0.026611328125
-0.0245628356933594 0.0262470245361328 0.463134765625 0.43170166015625
-0.0521659851074219 -0.0186042785644531 -0.060546875 0.76019287109375
-0.0127754211425781 -0.0693130493164063 -0.68365478515625 0.63031005859375
0.0525131225585938 -0.00396728515625 -0.69915771484375 0.1246337890625
0.0929489135742188 0.0601425170898438 0.0491409301757813 0.0970230102539063
0.080108642578125 0.010101318359375 0.8394775390625 -0.041015625
0.0296516418457031 -0.0408935546875 0.72625732421875 -0.6953125
-0.0219631195068359 -0.028167724609375 -0.1080322265625 -0.817138671875
-0.0218658447265625 -0.00818061828613281 -0.56402587890625 -0.30670166015625
-0.00318622589111328 0.0134143829345703 -0.47216796875 0.0559082031250001
0.00963592529296875 0.0177459716796875 -0.132858276367188 0.21917724609375
0.00323629379272461 0.0081639289855957 0.117843627929688 0.172607421875
0.013188362121582 -0.00162696838378906 -0.062103271484375 -0.15576171875
0.0131168365478516 0.0179615020751953 0.2073974609375 -0.16656494140625
0.00551033020019531 0.032745361328125 0.43072509765625 0.031402587890625
-0.0212764739990234 0.0312767028808594 0.456787109375 0.437286376953125
-0.0543785095214844 -0.0141792297363281 -0.0703125 0.763427734375
-0.018280029296875 -0.06634521484375 -0.691650390625 0.63079833984375
0.0466156005859375 -0.00376510620117187 -0.703125 0.12158203125
0.0865554809570313 0.0549240112304688 0.0473556518554688 0.0965194702148438
0.0737380981445313 0.0084075927734375 0.83404541015625 -0.04779052734375
0.0211906433105469 -0.037017822265625 0.7154541015625 -0.70233154296875
-0.0245494842529297 -0.0215110778808594 -0.1202392578125 -0.81475830078125
-0.0207023620605469 -0.00471115112304687 -0.5682373046875 -0.304931640625
0.00243091583251953 0.0136547088623047 -0.473052978515625 0.0597534179687501
0.0152826309204102 0.0163640975952148 -0.136642456054688 0.22137451171875
0.00657987594604492 0.00373172760009766 0.114105224609375 0.173858642578125
0.0194625854492188 -0.00608062744140625 -0.0621337890625 -0.151702880859375
0.0220184326171875 0.0157871246337891 0.207656860351563 -0.165130615234375
0.0102424621582031 0.0314846038818359 0.431610107421875 0.034088134765625
-0.0186653137207031 0.0371055603027344 0.452545166015625 0.4429931640625
-0.0557327270507813 -0.00420379638671875 -0.0792846679687499 0.7657470703125
-0.0257225036621094 -0.0605392456054688 -0.7041015625 0.62640380859375
0.0398750305175781 -0.00585556030273438 -0.708251953125 0.11737060546875
0.080535888671875 0.0490951538085938 0.0468597412109375 0.097625732421875
0.0653190612792969 0.00732803344726563 0.83197021484375 -0.05059814453125
0.0133647918701172 -0.0328884124755859 0.70526123046875 -0.70452880859375
-0.0267219543457031 -0.0128059387207031 -0.12689208984375 -0.814697265625
-0.0147991180419922 0.00280380249023438 -0.5723876953125 -0.30108642578125
0.00881290435791015 0.0172176361083984 -0.47412109375 0.062957763671875
0.021270751953125 0.0123023986816406 -0.13275146484375 0.224899291992188
0.0120773315429688 -5.340576171875E-05 0.11383056640625 0.178787231445313
0.0217609405517578 -0.00992965698242188 -0.063812255859375 -0.1517333984375
0.0299606323242187 0.0129795074462891 0.210113525390625 -0.162460327148438
0.0167350769042969 0.0306243896484375 0.433868408203125 0.036041259765625
-0.0169143676757813 0.0435104370117188 0.450469970703125 0.446380615234375
-0.0582122802734375 0.00257110595703125 -0.0850830078124999 0.76458740234375
-0.0347213745117188 -0.0536689758300781 -0.70831298828125 0.62158203125
0.0309276580810547 -0.00539016723632812 -0.7069091796875 0.11212158203125
0.0746383666992188 0.0461883544921875 0.0505294799804688 0.09808349609375
0.0576820373535156 0.00461196899414062 0.82989501953125 -0.05401611328125
0.0046234130859375 -0.0272006988525391 0.70208740234375 -0.70477294921875
-0.0283679962158203 -0.00330924987792969 -0.13140869140625 -0.81268310546875
-0.0127573013305664 0.0085296630859375 -0.57244873046875 -0.29913330078125
0.0156755447387695 0.0162935256958008 -0.4732666015625 0.0646057128906251
0.0295448303222656 0.010345458984375 -0.132888793945313 0.226806640625
0.0149402618408203 -0.00377368927001953 0.111358642578125 0.180450439453125
0.0247154235839844 -0.0136642456054688 -0.065338134765625 -0.155029296875
0.0364189147949219 0.0104179382324219 0.213668823242187 -0.162994384765625
0.0250358581542969 0.0302448272705078 0.43463134765625 0.034698486328125
-0.0118370056152344 0.0495529174804688 0.453704833984375 0.4464111328125
-0.0614891052246094 0.0123100280761719 -0.0849609375000001 0.76708984375
-0.0417747497558594 -0.0508842468261719 -0.71051025390625 0.62030029296875
0.0255851745605469 -0.00803375244140625 -0.7054443359375 0.11468505859375
0.0715484619140625 0.0402908325195313 0.054595947265625 0.101692199707031
0.0527915954589844 0.00378036499023438 0.8370361328125 -0.0538330078125
-0.00139999389648437 -0.02203369140625 0.70416259765625 -0.70904541015625
-0.0310821533203125 0.00261116027832032 -0.13311767578125 -0.81378173828125
-0.00694751739501953 0.0124540328979492 -0.5714111328125 -0.29656982421875
0.0220260620117188 0.0175743103027344 -0.47027587890625 0.0645141601562501
0.0372772216796875 0.00832366943359375 -0.129623413085937 0.225021362304688
0.0168943405151367 -0.0079345703125 0.111968994140625 0.179718017578125
0.00546836853027344 0.0032038688659668 -0.056488037109375 -0.173171997070313
0.0102882385253906 0.0241260528564453 0.210205078125 -0.180343627929688
0.00163078308105469 0.0322837829589844 0.444061279296875 0.014801025390625
-0.0222606658935547 0.0260772705078125 0.482330322265625 0.4136962890625
-0.0513648986816406 -0.0196800231933594 -0.02581787109375 0.74957275390625
-0.0101890563964844 -0.0692710876464844 -0.64019775390625 0.63623046875
0.0638275146484375 -0.00409317016601562 -0.6650390625 0.13885498046875
0.101982116699219 0.0621414184570312 0.0671310424804688 0.104873657226563
0.0880966186523438 0.0108642578125 0.8487548828125 -0.037109375
0.0322647094726563 -0.0396232604980469 0.74029541015625 -0.68975830078125
-0.0212535858154297 -0.0297050476074219 -0.0881347656249999 -0.81695556640625
-0.0231132507324219 -0.0109825134277344 -0.54022216796875 -0.3126220703125
0.000654220581054688 0.0130939483642578 -0.454345703125 0.04925537109375
0.0111331939697266 0.0203208923339844 -0.126113891601562 0.206039428710938
-0.00283384323120117 0.00832939147949219 0.12103271484375 0.154922485351563
0.00592184066772461 0.00360107421875 -0.057373046875 -0.17095947265625
0.00605392456054688 0.0234851837158203 0.206161499023437 -0.177734375
-0.00239372253417969 0.0321903228759766 0.43524169921875 0.01611328125
-0.0242424011230469 0.0234184265136719 0.476593017578125 0.413543701171875
-0.0492515563964844 -0.0236778259277344 -0.03350830078125 0.746826171875
-0.00861358642578125 -0.0721817016601562 -0.6473388671875 0.63067626953125
0.0631752014160156 -0.00343704223632813 -0.671630859375 0.135009765625
0.1002197265625 0.0629806518554688 0.0601272583007813 0.102142333984375
0.0886306762695313 0.010955810546875 0.84185791015625 -0.03924560546875
0.0334091186523438 -0.0416488647460938 0.7313232421875 -0.68658447265625
-0.0195198059082031 -0.0326747894287109 -0.0931396484374999 -0.81121826171875
-0.0251140594482422 -0.0125274658203125 -0.5452880859375 -0.30914306640625
-0.0034027099609375 0.0132236480712891 -0.456695556640625 0.0531005859375
0.00901412963867188 0.020355224609375 -0.125579833984375 0.20953369140625
-0.00281620025634766 0.0116453170776367 0.121444702148438 0.162124633789063
0.00715923309326172 0.00235700607299805 -0.057891845703125 -0.164596557617188
0.004974365234375 0.0219593048095703 0.20611572265625 -0.173263549804688
-0.00340652465820313 0.0323104858398438 0.43402099609375 0.021209716796875
-0.0246162414550781 0.0247707366943359 0.468505859375 0.419097900390625
-0.0498275756835938 -0.0221824645996094 -0.0427856445312499 0.75146484375
-0.00971984863281251 -0.07135009765625 -0.6590576171875 0.6348876953125
0.0615234375 -0.00323104858398438 -0.681396484375 0.13385009765625
0.098297119140625 0.0621871948242187 0.0525665283203125 0.0999526977539063
0.0849990844726563 0.011627197265625 0.834228515625 -0.04425048828125
0.033447265625 -0.0417671203613281 0.7249755859375 -0.69305419921875
-0.0204906463623047 -0.0310955047607422 -0.10394287109375 -0.8114013671875
-0.0252895355224609 -0.0110702514648438 -0.552337646484375 -0.306732177734375
-0.00417137145996094 0.0120077133178711 -0.464263916015625 0.0557861328125
0.0072784423828125 0.0198078155517578 -0.130386352539062 0.212020874023438
0.000811576843261718 0.00913429260253906 0.117034912109375 0.1629638671875
0.0102930068969727 0.00104427337646484 -0.060028076171875 -0.159454345703125
0.00914955139160156 0.019439697265625 0.202316284179688 -0.170166015625
-0.00194740295410156 0.0309371948242188 0.4267578125 0.02484130859375
-0.0231876373291016 0.0279026031494141 0.460296630859375 0.42303466796875
-0.0487480163574219 -0.0181503295898437 -0.0537109375000001 0.75030517578125
-0.0115432739257813 -0.0686073303222656 -0.67083740234375 0.6268310546875
0.0537071228027344 -0.00354385375976563 -0.688720703125 0.12890625
0.0909576416015625 0.057403564453125 0.0475845336914063 0.096710205078125
0.0803070068359375 0.00921630859375 0.825927734375 -0.04644775390625
0.0281867980957031 -0.0393829345703125 0.708984375 -0.6903076171875
-0.0215644836425781 -0.0288963317871094 -0.113037109375 -0.80413818359375
-0.0239486694335938 -0.00817298889160156 -0.55596923828125 -0.300201416015625
-0.00165462493896484 0.0129318237304688 -0.464630126953125 0.0599365234375001
0.0100860595703125 0.0172710418701172 -0.12939453125 0.217422485351562
0.00422906875610352 0.00843286514282227 0.118148803710938 0.168853759765625
0.0135889053344727 -0.00282382965087891 -0.0603179931640625 -0.153549194335938
0.0119609832763672 0.0174045562744141 0.203475952148437 -0.165328979492188
0.00391769409179688 0.0313339233398438 0.426605224609375 0.028167724609375
-0.0210037231445313 0.0317420959472656 0.45538330078125 0.42608642578125
-0.0521812438964844 -0.012176513671875 -0.0638427734375001 0.75592041015625
-0.0194969177246094 -0.0639724731445313 -0.67962646484375 0.626220703125
0.0464706420898437 -0.00475692749023437 -0.694580078125 0.12445068359375
0.0854873657226562 0.0542373657226562 0.0448684692382813 0.0951614379882813
0.072052001953125 0.008392333984375 0.82159423828125 -0.0528564453125
0.0209121704101563 -0.0360374450683594 0.69927978515625 -0.69757080078125
-0.0228214263916016 -0.0205287933349609 -0.123046875 -0.8055419921875
-0.0197200775146484 -0.00353050231933594 -0.56329345703125 -0.29730224609375
0.00324821472167969 0.0139141082763672 -0.46728515625 0.0628662109375001
0.0147714614868164 0.0156574249267578 -0.133026123046875 0.220626831054687
0.00862312316894531 0.00439596176147461 0.113006591796875 0.170364379882813
0.0193099975585938 -0.00743865966796875 -0.0619354248046875 -0.150588989257813
0.0188388824462891 0.0138683319091797 0.204025268554688 -0.163818359375
0.0106201171875 0.0313625335693359 0.42523193359375 0.029510498046875
-0.0168037414550781 0.0377731323242188 0.451141357421875 0.432708740234375
-0.05340576171875 -0.00370407104492187 -0.0714721679687499 0.75567626953125
-0.0270957946777344 -0.0586013793945313 -0.689208984375 0.62139892578125
0.0381813049316406 -0.00460433959960938 -0.6976318359375 0.122314453125
0.0780029296875 0.0479049682617187 0.045623779296875 0.0956954956054687
0.0645370483398438 0.0053863525390625 0.8201904296875 -0.05682373046875
0.0120105743408203 -0.0312309265136719 0.69232177734375 -0.69915771484375
-0.0252208709716797 -0.0131473541259766 -0.1314697265625 -0.8052978515625
-0.0166645050048828 0.00124931335449218 -0.5684814453125 -0.292236328125
0.00749969482421875 0.0151901245117187 -0.46783447265625 0.066375732421875
0.0217170715332031 0.0131607055664063 -0.13104248046875 0.223159790039063
0.0115270614624023 -0.000265121459960938 0.113388061523438 0.173065185546875
0.0217914581298828 -0.00970649719238281 -0.0626220703125 -0.150894165039063
0.0277919769287109 0.0120601654052734 0.205108642578125 -0.161941528320312
0.0180168151855469 0.0307960510253906 0.4259033203125 0.03326416015625
-0.0140228271484375 0.0440826416015625 0.44647216796875 0.439300537109375
-0.0570411682128906 0.00479888916015625 -0.0778808593750001 0.75482177734375
-0.034942626953125 -0.0545845031738281 -0.69390869140625 0.61749267578125
0.0300312042236328 -0.00734138488769531 -0.69580078125 0.1175537109375
0.0742034912109375 0.043792724609375 0.0492401123046875 0.0974655151367187
0.0563888549804688 0.00462722778320313 0.81866455078125 -0.057373046875
0.00459861755371094 -0.0256843566894531 0.68719482421875 -0.699951171875
-0.0276603698730469 -0.00522613525390625 -0.1376953125 -0.80181884765625
-0.0104560852050781 0.00768756866455078 -0.567138671875 -0.2874755859375
0.0147218704223633 0.0162792205810547 -0.465362548828125 0.0684814453124999
0.0296783447265625 0.0110893249511719 -0.128021240234375 0.222991943359375
0.0139541625976562 -0.00362396240234375 0.112594604492188 0.176651000976562
0.0238361358642578 -0.0140895843505859 -0.06396484375 -0.152557373046875
0.0352668762207031 0.00941848754882813 0.2093505859375 -0.163116455078125
0.0260887145996094 0.0312213897705078 0.429443359375 0.031890869140625
-0.0104713439941406 0.0498924255371094 0.451080322265625 0.439544677734375
-0.0599441528320312 0.0122642517089844 -0.0773315429687499 0.7562255859375
-0.0422821044921875 -0.0480003356933594 -0.6943359375 0.6165771484375
0.0240211486816406 -0.00921440124511719 -0.69488525390625 0.1168212890625
0.0711669921875 0.0392074584960938 0.0538558959960938 0.0995941162109375
0.0512657165527344 0.0027618408203125 0.82525634765625 -0.0609130859375
-0.00247955322265625 -0.0224990844726562 0.68768310546875 -0.7047119140625
-0.0303325653076172 0.00274848937988281 -0.13629150390625 -0.80255126953125
-0.00753593444824219 0.0118637084960938 -0.56610107421875 -0.2882080078125
0.0221481323242188 0.0165863037109375 -0.46435546875 0.0689697265624999
0.0363311767578125 0.00857925415039062 -0.125930786132813 0.22320556640625
0.0163478851318359 -0.00700759887695313 0.112289428710938 0.177719116210938
0.00565528869628906 0.00224924087524414 -0.056304931640625 -0.17095947265625
0.0103187561035156 0.0234298706054687 0.206634521484375 -0.177642822265625
0.00217056274414063 0.0323848724365234 0.437957763671875 0.010833740234375
-0.0206146240234375 0.0260295867919922 0.478515625 0.4063720703125
-0.0509605407714844 -0.0188789367675781 -0.02239990234375 0.74017333984375
-0.00999069213867187 -0.0679893493652344 -0.6298828125 0.63031005859375
0.0624351501464844 -0.00403594970703125 -0.65350341796875 0.1387939453125
0.101799011230469 0.0609130859375 0.0670242309570313 0.103248596191406
0.0860595703125 0.00960540771484375 0.8385009765625 -0.039306640625
0.0325546264648438 -0.0387802124023438 0.72607421875 -0.68310546875
-0.0218849182128906 -0.0291919708251953 -0.08966064453125 -0.8065185546875
-0.0228672027587891 -0.0110034942626953 -0.53521728515625 -0.308441162109375
0.000944137573242189 0.0126562118530273 -0.448089599609375 0.05133056640625
0.0108394622802734 0.0194740295410156 -0.124130249023438 0.2042236328125
-0.00138664245605469 0.00721883773803711 0.119766235351563 0.153167724609375
0.00612592697143555 0.00193691253662109 -0.0572967529296875 -0.169036865234375
0.00639152526855469 0.0245132446289063 0.201812744140625 -0.1783447265625
-0.00254440307617188 0.0317230224609375 0.431915283203125 0.012908935546875
-0.0226554870605469 0.0237655639648437 0.474853515625 0.405853271484375
-0.0500984191894531 -0.0230636596679687 -0.0277709960937501 0.73834228515625
-0.00922012329101562 -0.0698585510253906 -0.63726806640625 0.62750244140625
0.0624351501464844 -0.0035552978515625 -0.6629638671875 0.13470458984375
0.0990447998046875 0.061187744140625 0.0597915649414063 0.09991455078125
0.0864410400390625 0.0116195678710938 0.830078125 -0.0413818359375
0.0330543518066406 -0.0405464172363281 0.7177734375 -0.6806640625
-0.0194644927978516 -0.0307598114013672 -0.09613037109375 -0.79931640625
-0.0244007110595703 -0.0118732452392578 -0.540191650390625 -0.301025390625
-0.00338268280029297 0.0127706527709961 -0.45123291015625 0.0551452636718751
0.008453369140625 0.0201759338378906 -0.123489379882812 0.20849609375
-0.001617431640625 0.0105466842651367 0.120208740234375 0.160049438476563
0.00825262069702149 0.00196361541748047 -0.0581817626953125 -0.162689208984375
0.00608634948730469 0.0211467742919922 0.201828002929688 -0.17291259765625
-0.00275421142578125 0.0323448181152344 0.428314208984375 0.018707275390625
-0.0236263275146484 0.0248794555664062 0.467529296875 0.412689208984375
-0.0486373901367187 -0.0207557678222656 -0.0382080078125 0.74169921875
-0.0102691650390625 -0.068817138671875 -0.64813232421875 0.627685546875
0.0599021911621094 -0.00322341918945313 -0.6729736328125 0.1336669921875
0.0959930419921875 0.0595169067382812 0.052154541015625 0.09820556640625
0.0841751098632813 0.0098876953125 0.8226318359375 -0.04833984375
0.0308647155761719 -0.0411796569824219 0.70989990234375 -0.685546875
-0.0198230743408203 -0.0314426422119141 -0.10546875 -0.80035400390625
-0.0252876281738281 -0.0121307373046875 -0.54669189453125 -0.3001708984375
-0.00440120697021484 0.0113534927368164 -0.45654296875 0.0590209960937499
0.00696945190429688 0.0187911987304688 -0.126708984375 0.210693359375
0.00117874145507812 0.00968074798583984 0.116622924804688 0.1602783203125
0.0109138488769531 0.00147342681884766 -0.05816650390625 -0.157943725585938
0.00867843627929688 0.0189533233642578 0.19708251953125 -0.171005249023437
-0.000751495361328126 0.0314388275146484 0.422943115234375 0.021728515625
-0.02288818359375 0.0285053253173828 0.457916259765625 0.415008544921875
-0.0493812561035156 -0.0167236328125 -0.047607421875 0.74139404296875
-0.0136451721191406 -0.0643806457519531 -0.6597900390625 0.62396240234375
0.0529670715332031 -0.00309371948242188 -0.677734375 0.1275634765625
0.0901718139648438 0.0564346313476563 0.046630859375 0.0952987670898438
0.0776290893554688 0.00780487060546875 0.8133544921875 -0.050048828125
0.0278244018554688 -0.0396919250488281 0.69708251953125 -0.6859130859375
-0.0202255249023438 -0.0278797149658203 -0.11370849609375 -0.79412841796875
-0.0222187042236328 -0.00740814208984375 -0.551849365234375 -0.292633056640625
-0.00238418579101562 0.0113592147827148 -0.457733154296875 0.0622863769531249
0.0116806030273438 0.0158329010009766 -0.12799072265625 0.215072631835938
0.00471639633178711 0.00810480117797852 0.117263793945312 0.166793823242188
0.0144472122192383 -0.0025482177734375 -0.0594635009765625 -0.151779174804688
0.0123786926269531 0.017181396484375 0.198822021484375 -0.16558837890625
0.00423431396484375 0.0310916900634766 0.42218017578125 0.026123046875
-0.0189476013183594 0.0328407287597656 0.45263671875 0.419921875
-0.0515785217285156 -0.0108757019042969 -0.05828857421875 0.7447509765625
-0.0198440551757812 -0.0611686706542969 -0.66802978515625 0.62060546875
0.0454063415527344 -0.00437545776367188 -0.683349609375 0.12384033203125
0.0829925537109375 0.0514678955078125 0.045135498046875 0.0934219360351563
0.0718536376953125 0.0070648193359375 0.80938720703125 -0.0552978515625
0.0200767517089844 -0.0354118347167969 0.68707275390625 -0.690185546875
-0.0222911834716797 -0.0213146209716797 -0.1243896484375 -0.79541015625
-0.0194683074951172 -0.00236892700195312 -0.555938720703125 -0.2900390625
0.0021209716796875 0.0132389068603516 -0.461761474609375 0.0654296875000001
0.0142984390258789 0.0157976150512695 -0.129806518554688 0.218048095703125
0.00858736038208008 0.00322198867797852 0.112518310546875 0.169021606445313
0.0184612274169922 -0.00713157653808594 -0.0625762939453125 -0.14910888671875
0.0199680328369141 0.0138587951660156 0.20111083984375 -0.163177490234375
0.0109176635742188 0.0315570831298828 0.420166015625 0.029571533203125
-0.0165367126464844 0.0373954772949219 0.44805908203125 0.4237060546875
-0.0530052185058594 -0.00418090820312501 -0.0662231445312501 0.74749755859375
-0.0270156860351563 -0.0576515197753906 -0.67657470703125 0.61846923828125
0.0366859436035156 -0.0052490234375 -0.6868896484375 0.12078857421875
0.0781784057617188 0.047271728515625 0.0458755493164063 0.0951080322265625
0.0628204345703125 0.00604248046875 0.80645751953125 -0.0596923828125
0.0124435424804688 -0.0301036834716797 0.67962646484375 -0.694091796875
-0.0252170562744141 -0.0124244689941406 -0.1334228515625 -0.792724609375
-0.0145511627197266 0.00104236602783203 -0.561676025390625 -0.283721923828125
0.00678634643554687 0.0151176452636719 -0.46160888671875 0.0684814453125
0.0216331481933594 0.0122756958007813 -0.127777099609375 0.220489501953125
0.0121984481811523 0.00114250183105469 0.112014770507813 0.170867919921875
0.0224723815917969 -0.0117988586425781 -0.06304931640625 -0.148834228515625
0.028350830078125 0.0115242004394531 0.202774047851563 -0.161163330078125
0.0178718566894531 0.0309886932373047 0.42181396484375 0.028778076171875
-0.0126609802246094 0.0450859069824219 0.44525146484375 0.431182861328125
-0.0565986633300781 0.00501632690429686 -0.07232666015625 0.747802734375
-0.0347518920898437 -0.0510292053222656 -0.68328857421875 0.61083984375
0.0289669036865234 -0.00571823120117188 -0.68780517578125 0.1165771484375
0.0719223022460938 0.0419387817382812 0.048614501953125 0.0949935913085938
0.0551109313964844 0.00435638427734375 0.8052978515625 -0.06085205078125
0.00401115417480469 -0.0251922607421875 0.6715087890625 -0.69427490234375
-0.0278873443603516 -0.00435066223144532 -0.13995361328125 -0.79290771484375
-0.0103921890258789 0.00763893127441406 -0.5625 -0.280029296875
0.0151071548461914 0.0139217376708984 -0.458587646484375 0.0702514648437501
0.0294246673583984 0.00888442993164063 -0.126220703125 0.22210693359375
0.0149145126342773 -0.00349998474121094 0.112518310546875 0.17529296875
0.0243053436279297 -0.0140209197998047 -0.0648193359375 -0.15106201171875
0.034698486328125 0.00957298278808594 0.20654296875 -0.163177490234375
0.0241794586181641 0.0309314727783203 0.424346923828125 0.026885986328125
-0.00897598266601562 0.0485572814941406 0.450103759765625 0.42999267578125
-0.0582313537597656 0.0129470825195312 -0.0720825195312499 0.7489013671875
-0.0412406921386719 -0.0482330322265625 -0.68218994140625 0.6131591796875
0.0252933502197266 -0.00772666931152344 -0.68426513671875 0.11688232421875
0.0700340270996094 0.0373954772949219 0.0537796020507812 0.0966262817382813
0.0507926940917969 0.002105712890625 0.81298828125 -0.06207275390625
-0.00275802612304687 -0.0221385955810547 0.67657470703125 -0.69732666015625
-0.0307159423828125 0.00341796875 -0.1390380859375 -0.79180908203125
-0.00737571716308594 0.0108118057250977 -0.559295654296875 -0.2818603515625
0.0212917327880859 0.0161037445068359 -0.45635986328125 0.0704345703125
0.0359992980957031 0.007171630859375 -0.122879028320313 0.221420288085937
0.0174798965454102 -0.00712871551513672 0.112777709960938 0.17474365234375
0.00522232055664063 0.00176286697387695 -0.0555267333984375 -0.17071533203125
0.00956535339355469 0.0234546661376953 0.203231811523438 -0.177978515625
0.00316047668457031 0.0325241088867188 0.4339599609375 0.010284423828125
-0.0206527709960938 0.0250968933105469 0.4766845703125 0.40057373046875
-0.0498008728027344 -0.0190582275390625 -0.0205078124999999 0.73211669921875
-0.0110855102539063 -0.0663528442382813 -0.62078857421875 0.62384033203125
0.0617523193359375 -0.0031585693359375 -0.64923095703125 0.13702392578125
0.0999526977539063 0.0581893920898438 0.0650100708007813 0.100730895996094
0.0850067138671875 0.011138916015625 0.82568359375 -0.0428466796875
0.0322494506835938 -0.0371208190917969 0.7164306640625 -0.67742919921875
-0.0194301605224609 -0.0276565551757812 -0.0886840820312499 -0.7965087890625
-0.0232410430908203 -0.0121479034423828 -0.529327392578125 -0.30145263671875
-7.53402709960942E-05 0.0116977691650391 -0.4434814453125 0.052490234375
0.0113239288330078 0.0193233489990234 -0.121780395507813 0.20159912109375
-0.00136470794677734 0.00913906097412109 0.119003295898438 0.151046752929688
0.0049433708190918 0.00299501419067383 -0.0560760498046875 -0.16748046875
0.00638389587402344 0.0225505828857422 0.199356079101563 -0.177017211914062
-0.00127029418945313 0.0320243835449219 0.427978515625 0.01171875
-0.0216846466064453 0.0239906311035156 0.469635009765625 0.400390625
-0.0470542907714844 -0.0217514038085937 -0.02789306640625 0.73040771484375
-0.00945281982421874 -0.0673408508300781 -0.62750244140625 0.621337890625
0.0615692138671875 -0.00313568115234375 -0.65484619140625 0.1336669921875
0.0980072021484375 0.0584564208984375 0.0570755004882813 0.09765625
0.0842361450195313 0.009918212890625 0.8192138671875 -0.04449462890625
0.0330047607421875 -0.0390548706054688 0.7081298828125 -0.6751708984375
-0.0194911956787109 -0.0308494567871094 -0.0974121093749999 -0.78973388671875
-0.0241298675537109 -0.0121917724609375 -0.534332275390625 -0.29608154296875
-0.0034332275390625 0.0110912322998047 -0.445220947265625 0.0576171875
0.00791549682617188 0.0190639495849609 -0.122589111328125 0.206588745117188
-0.00113487243652344 0.0112485885620117 0.119857788085937 0.158370971679688
0.00838756561279297 0.00230646133422852 -0.0569915771484375 -0.161712646484375
0.00516128540039063 0.0216922760009766 0.199050903320313 -0.171905517578125
-0.00209617614746093 0.0322856903076172 0.422149658203125 0.01800537109375
-0.0227642059326172 0.0252494812011719 0.46240234375 0.406219482421875
-0.0475807189941406 -0.0208740234375 -0.03515625 0.73406982421875
-0.0106735229492187 -0.0678749084472656 -0.639404296875 0.62322998046875
0.0595970153808594 -0.00293731689453125 -0.664306640625 0.130126953125
0.0952606201171875 0.0577392578125 0.0511550903320313 0.0951614379882813
0.081787109375 0.0103607177734375 0.81134033203125 -0.0479736328125
0.0318145751953125 -0.0400810241699219 0.698974609375 -0.6798095703125
-0.0192947387695313 -0.0311832427978516 -0.1053466796875 -0.79150390625
-0.0246505737304688 -0.0129585266113281 -0.5406494140625 -0.29510498046875
-0.00460052490234375 0.0120687484741211 -0.45220947265625 0.058746337890625
0.00758266448974609 0.0175037384033203 -0.125396728515625 0.208877563476563
0.00249290466308594 0.0101633071899414 0.115493774414063 0.159072875976563
0.0115060806274414 0.00161552429199219 -0.0586090087890625 -0.156600952148437
0.00799560546875 0.0193443298339844 0.194427490234375 -0.169479370117188
-0.00170516967773438 0.0311641693115234 0.416290283203125 0.019744873046875
-0.020965576171875 0.0279960632324219 0.4542236328125 0.4090576171875
-0.0471687316894531 -0.0188522338867188 -0.04754638671875 0.73260498046875
-0.0140838623046875 -0.0643081665039063 -0.64910888671875 0.615234375
0.0516166687011719 -0.00317001342773438 -0.66961669921875 0.12786865234375
0.08831787109375 0.0540313720703125 0.0461196899414063 0.0928192138671875
0.07696533203125 0.00774383544921875 0.8026123046875 -0.05072021484375
0.0269088745117188 -0.0371818542480469 0.687255859375 -0.678955078125
-0.0203800201416016 -0.0267868041992187 -0.11480712890625 -0.78533935546875
-0.0229167938232422 -0.00880050659179688 -0.54534912109375 -0.287445068359375
-0.00325202941894531 0.0116796493530273 -0.451995849609375 0.0639343261718749
0.0100870132446289 0.01666259765625 -0.124725341796875 0.212677001953125
0.00579261779785156 0.00932693481445313 0.115966796875 0.165298461914062
0.0153608322143555 -0.00290584564208984 -0.0587005615234375 -0.151641845703125
0.0126705169677734 0.0164833068847656 0.196182250976563 -0.164443969726563
0.00302505493164062 0.0318088531494141 0.4168701171875 0.023895263671875
-0.0168342590332031 0.0313091278076172 0.449249267578125 0.41546630859375
-0.0489921569824219 -0.0108871459960938 -0.0543212890624999 0.738037109375
-0.0188560485839844 -0.0606346130371094 -0.65972900390625 0.61407470703125
0.0428581237792969 -0.00421142578125 -0.6756591796875 0.12457275390625
0.082794189453125 0.0508346557617188 0.0421524047851563 0.0913009643554688
0.069854736328125 0.007171630859375 0.79852294921875 -0.05596923828125
0.0200767517089844 -0.0339546203613281 0.67718505859375 -0.68365478515625
-0.0221710205078125 -0.0204029083251953 -0.1259765625 -0.78338623046875
-0.0192985534667969 -0.00512504577636719 -0.55047607421875 -0.285186767578125
0.00055694580078125 0.0123920440673828 -0.455841064453125 0.066253662109375
0.0153141021728516 0.014063835144043 -0.126663208007812 0.215850830078125
0.00855922698974609 0.00414085388183594 0.11175537109375 0.166854858398437
0.0195217132568359 -0.00653266906738281 -0.0615386962890625 -0.148040771484375
0.0196189880371094 0.0128803253173828 0.197555541992187 -0.162033081054688
0.0109920501708984 0.0310535430908203 0.41632080078125 0.028717041015625
-0.0158004760742188 0.0376663208007813 0.44482421875 0.419281005859375
-0.0524635314941406 -0.00341033935546875 -0.0649414062499999 0.73773193359375
-0.0281448364257812 -0.0560874938964844 -0.6671142578125 0.6094970703125
0.037445068359375 -0.00468063354492188 -0.67803955078125 0.117919921875
0.078094482421875 0.046173095703125 0.0435943603515625 0.0920791625976563
0.061126708984375 0.00553512573242188 0.79681396484375 -0.0579833984375
0.0126819610595703 -0.0302696228027344 0.6702880859375 -0.6875
-0.0244560241699219 -0.0129966735839844 -0.134765625 -0.78338623046875
-0.0152339935302734 0.000787734985351565 -0.555145263671875 -0.2791748046875
0.00789737701416016 0.013331413269043 -0.455780029296875 0.0702514648437499
0.0224189758300781 0.0112934112548828 -0.126495361328125 0.21826171875
0.0119380950927734 0.000210762023925781 0.1124267578125 0.169952392578125
0.0218486785888672 -0.00990104675292969 -0.0624847412109375 -0.147964477539063
0.027008056640625 0.0113582611083984 0.199813842773438 -0.162841796875
0.0185928344726563 0.0300083160400391 0.4158935546875 0.0294189453125
-0.0117912292480469 0.0430564880371094 0.441986083984375 0.42303466796875
-0.0544052124023438 0.00503158569335938 -0.0694580078125 0.7392578125
-0.0352058410644531 -0.050140380859375 -0.67266845703125 0.607666015625
0.0303478240966797 -0.00606727600097656 -0.67730712890625 0.115478515625
0.0721893310546875 0.0408554077148438 0.0479049682617188 0.0937118530273438
0.055206298828125 0.00240325927734375 0.7967529296875 -0.06207275390625
0.00487709045410156 -0.0240554809570313 0.6640625 -0.6864013671875
-0.0263576507568359 -0.00433731079101562 -0.13909912109375 -0.7823486328125
-0.0123443603515625 0.0075225830078125 -0.556732177734375 -0.27716064453125
0.0146417617797852 0.0143699645996094 -0.4537353515625 0.070587158203125
0.0283050537109375 0.00890922546386719 -0.124542236328125 0.21954345703125
0.0153589248657227 -0.00266075134277344 0.109725952148437 0.172027587890625
0.0240287780761719 -0.0140209197998047 -0.063385009765625 -0.149307250976563
0.0354461669921875 0.00965118408203125 0.20355224609375 -0.162124633789063
0.0248546600341797 0.0299758911132813 0.419586181640625 0.02764892578125
-0.0084075927734375 0.0481224060058594 0.446258544921875 0.424285888671875
-0.0580177307128906 0.0122261047363281 -0.0702514648437499 0.7413330078125
-0.0416450500488281 -0.0452423095703125 -0.67498779296875 0.60650634765625
0.0238533020019531 -0.007965087890625 -0.67657470703125 0.1160888671875
0.0695381164550781 0.0372810363769531 0.0517501831054688 0.0954742431640625
0.0498390197753906 0.00206756591796875 0.80206298828125 -0.06243896484375
-0.00324058532714844 -0.0203113555908203 0.664306640625 -0.6904296875
-0.0296173095703125 0.00415802001953125 -0.138671875 -0.78271484375
-0.00699615478515625 0.0111932754516602 -0.555084228515625 -0.277069091796875
0.022125244140625 0.0152950286865234 -0.45208740234375 0.0729064941406251
0.0351829528808594 0.00732421875 -0.12176513671875 0.21917724609375
0.0173139572143555 -0.00783634185791016 0.110946655273438 0.17352294921875
0.00636672973632813 0.00200080871582031 -0.0540313720703125 -0.167938232421875
0.0091094970703125 0.0225753784179688 0.20147705078125 -0.176620483398438
0.00183868408203125 0.0316734313964844 0.43072509765625 0.0106201171875
-0.0200786590576172 0.0256404876708984 0.471923828125 0.395751953125
-0.0485801696777344 -0.0176849365234375 -0.0200195312499999 0.7266845703125
-0.0113487243652344 -0.0652542114257812 -0.614990234375 0.616455078125
0.0613250732421875 -0.00313186645507813 -0.64105224609375 0.1341552734375
0.0990447998046875 0.05804443359375 0.0640487670898437 0.0990676879882813
0.08251953125 0.0110549926757813 0.8160400390625 -0.04180908203125
0.0301475524902344 -0.0370864868164063 0.70697021484375 -0.66949462890625
-0.0193901062011719 -0.0278873443603516 -0.0899047851562501 -0.78778076171875
-0.0223617553710938 -0.0129833221435547 -0.523681640625 -0.298004150390625
-0.000617027282714845 0.0111408233642578 -0.4398193359375 0.0527038574218751
0.00987052917480469 0.0191841125488281 -0.120880126953125 0.200546264648438
-0.000986576080322266 0.00805759429931641 0.11749267578125 0.151077270507812
0.00826740264892578 0.00324630737304687 -0.054290771484375 -0.16693115234375
0.00501251220703125 0.0225658416748047 0.197250366210938 -0.177017211914063
-0.000953674316406251 0.0328845977783203 0.42279052734375 0.011474609375
-0.0214500427246094 0.0241680145263672 0.465789794921875 0.396209716796875
-0.0483169555664062 -0.0201225280761719 -0.0246582031249999 0.7230224609375
-0.00960922241210938 -0.067169189453125 -0.62286376953125 0.61456298828125
0.0604820251464844 -0.00390243530273438 -0.64788818359375 0.12982177734375
0.0961761474609375 0.0575942993164063 0.05609130859375 0.0960769653320313
0.0840606689453125 0.010528564453125 0.807861328125 -0.04388427734375
0.0314788818359375 -0.0390167236328125 0.6981201171875 -0.66607666015625
-0.0184211730957031 -0.0304164886474609 -0.0958862304687501 -0.783203125
-0.0239543914794922 -0.0131874084472656 -0.5277099609375 -0.292083740234375
-0.00431346893310547 0.0107746124267578 -0.44024658203125 0.056915283203125
0.00753402709960937 0.0193996429443359 -0.121124267578125 0.202621459960938
-0.000713348388671875 0.00998973846435547 0.118072509765625 0.156524658203125
0.00830554962158203 0.00206422805786133 -0.054931640625 -0.160995483398438
0.00450897216796875 0.0216178894042969 0.196746826171875 -0.170547485351562
-0.00176048278808593 0.0312404632568359 0.4190673828125 0.017547607421875
-0.02178955078125 0.0245552062988281 0.457977294921875 0.404571533203125
-0.0477180480957031 -0.0205841064453125 -0.0355834960937499 0.72918701171875
-0.0107460021972656 -0.0644683837890625 -0.6318359375 0.6165771484375
0.0584831237792969 -0.000789642333984375 -0.65667724609375 0.12847900390625
0.093353271484375 0.0566024780273438 0.0509719848632813 0.0937728881835938
0.0812759399414063 0.0108184814453125 0.8011474609375 -0.04522705078125
0.0308303833007812 -0.0384979248046875 0.6893310546875 -0.6717529296875
-0.018310546875 -0.0305709838867188 -0.103759765625 -0.7847900390625
-0.0236587524414063 -0.0116176605224609 -0.534454345703125 -0.291473388671875
-0.00543785095214844 0.0112819671630859 -0.4483642578125 0.058868408203125
0.008270263671875 0.0190143585205078 -0.124313354492187 0.206878662109375
0.00368309020996094 0.00932025909423828 0.113784790039063 0.156875610351563
0.0103425979614258 0 -0.0575103759765625 -0.1563720703125
0.00691413879394531 0.0191097259521484 0.193496704101563 -0.16925048828125
-0.00136566162109375 0.0325050354003906 0.413818359375 0.019866943359375
-0.0197219848632813 0.0272045135498047 0.451141357421875 0.4044189453125
-0.0483970642089844 -0.0166397094726562 -0.04473876953125 0.726318359375
-0.0122947692871094 -0.0629310607910156 -0.64398193359375 0.610595703125
0.0514183044433594 -0.00304412841796875 -0.66351318359375 0.12396240234375
0.0873336791992187 0.0546340942382813 0.0451507568359375 0.0918655395507812
0.0751190185546875 0.00794219970703125 0.792724609375 -0.048583984375
0.0253028869628906 -0.0374069213867188 0.6798095703125 -0.67022705078125
-0.0203456878662109 -0.0258712768554687 -0.114990234375 -0.77734375
-0.0210380554199219 -0.00881576538085937 -0.538543701171875 -0.2855224609375
-0.00362491607666016 0.0111274719238281 -0.44659423828125 0.06427001953125
0.0110197067260742 0.0159626007080078 -0.12493896484375 0.210311889648437
0.00483131408691406 0.00836515426635742 0.115081787109375 0.164108276367187
0.0161209106445313 -0.00375747680664063 -0.058380126953125 -0.15069580078125
0.0114126205444336 0.0154037475585938 0.19427490234375 -0.161819458007813
0.00513458251953125 0.0323581695556641 0.413543701171875 0.025115966796875
-0.0169029235839844 0.0321502685546875 0.44580078125 0.410369873046875
-0.046966552734375 -0.0103759765625 -0.0543212890625 0.73077392578125
-0.0182151794433594 -0.0605010986328125 -0.65283203125 0.60626220703125
0.043609619140625 -0.003692626953125 -0.66986083984375 0.12127685546875
0.08349609375 0.0489883422851563 0.0421676635742188 0.0893402099609375
0.0670814514160156 0.00571441650390625 0.7886962890625 -0.0540771484375
0.0187759399414062 -0.03387451171875 0.66986083984375 -0.674072265625
-0.0206584930419922 -0.0198898315429687 -0.12518310546875 -0.77752685546875
-0.0185356140136719 -0.00485801696777344 -0.545135498046875 -0.280364990234375
0.00114154815673828 0.011998176574707 -0.452362060546875 0.06671142578125
0.0151338577270508 0.0154619216918945 -0.128143310546875 0.21356201171875
0.00899124145507813 0.00576114654541016 0.110748291015625 0.165435791015625
0.0184211730957031 -0.00590324401855469 -0.060699462890625 -0.148025512695313
0.0199222564697266 0.0125389099121094 0.194625854492187 -0.162307739257812
0.0106296539306641 0.0319328308105469 0.4119873046875 0.02569580078125
-0.0135574340820313 0.037628173828125 0.44000244140625 0.415374755859375
-0.0514183044433594 -0.00465011596679688 -0.0645751953125 0.7315673828125
-0.0265388488769531 -0.0534477233886719 -0.66162109375 0.60675048828125
0.0361289978027344 -0.0049285888671875 -0.67193603515625 0.11541748046875
0.07574462890625 0.0459671020507813 0.0433502197265625 0.0904617309570312
0.0600700378417969 0.006378173828125 0.7861328125 -0.057373046875
0.0112857818603516 -0.0298805236816406 0.66094970703125 -0.6790771484375
-0.0232925415039063 -0.0116939544677734 -0.13238525390625 -0.77679443359375
-0.0145454406738281 0.000197410583496094 -0.549224853515625 -0.27667236328125
0.00793647766113281 0.0122127532958984 -0.452362060546875 0.0686645507812501
0.0214824676513672 0.010284423828125 -0.123794555664063 0.216384887695313
0.0143613815307617 0.000164985656738281 0.111679077148438 0.169219970703125
0.0214195251464844 -0.0121364593505859 -0.0626983642578125 -0.146133422851562
0.0254402160644531 0.0118675231933594 0.197067260742188 -0.160659790039063
0.0196666717529297 0.0322074890136719 0.413848876953125 0.026519775390625
-0.00958251953125001 0.0428619384765625 0.43804931640625 0.418792724609375
-0.0534744262695313 0.00459671020507814 -0.06756591796875 0.73004150390625
-0.0337257385253906 -0.0497169494628906 -0.6666259765625 0.60284423828125
0.0283985137939453 -0.00551414489746094 -0.6708984375 0.11083984375
0.070526123046875 0.0400161743164062 0.0463790893554688 0.0919952392578125
0.0536994934082031 0.0042572021484375 0.78594970703125 -0.05963134765625
0.00539588928222656 -0.0252208709716797 0.65386962890625 -0.68011474609375
-0.0260658264160156 -0.003875732421875 -0.14007568359375 -0.77227783203125
-0.0106325149536133 0.00763511657714844 -0.550384521484375 -0.272705078125
0.0142936706542969 0.0142745971679688 -0.448089599609375 0.071014404296875
0.02862548828125 0.00919151306152344 -0.123687744140625 0.21771240234375
0.0144920349121094 -0.0032196044921875 0.1097412109375 0.171066284179687
0.0249500274658203 -0.0130500793457031 -0.0638275146484375 -0.149154663085938
0.0354499816894531 0.00921249389648438 0.201828002929688 -0.16064453125
0.0247573852539063 0.0302639007568359 0.41693115234375 0.026275634765625
-0.00667190551757812 0.0472564697265625 0.44189453125 0.42071533203125
-0.0556602478027344 0.0125770568847656 -0.07098388671875 0.732666015625
-0.0406951904296875 -0.0442962646484375 -0.66796875 0.5982666015625
0.0232639312744141 -0.00674819946289062 -0.6705322265625 0.11181640625
0.0680503845214844 0.0363922119140625 0.0519180297851562 0.0930862426757813
0.048919677734375 0.00217437744140625 0.79339599609375 -0.06121826171875
-0.00366401672363281 -0.01953125 0.65631103515625 -0.68328857421875
-0.0277080535888672 0.00405502319335937 -0.1370849609375 -0.77496337890625
-0.00710773468017578 0.0105428695678711 -0.549896240234375 -0.2728271484375
0.020782470703125 0.0144577026367188 -0.4483642578125 0.0722045898437501
0.0360794067382813 0.00685882568359375 -0.120407104492188 0.21661376953125
0.0179080963134766 -0.00604820251464844 0.111221313476563 0.171463012695313
0.00610876083374023 0.00121831893920898 -0.05401611328125 -0.167526245117188
0.0101490020751953 0.0234603881835938 0.1998291015625 -0.1746826171875
0.00267791748046875 0.0328102111816406 0.427093505859375 0.0106201171875
-0.0185546875 0.02532958984375 0.467529296875 0.39373779296875
-0.0479927062988281 -0.0184173583984375 -0.0177001953124999 0.7208251953125
-0.0116767883300781 -0.0620994567871094 -0.610595703125 0.609130859375
0.0602226257324219 -0.00252151489257813 -0.63873291015625 0.13018798828125
0.0972518920898438 0.0566329956054688 0.0622482299804688 0.09783935546875
0.0824050903320313 0.0102386474609375 0.80712890625 -0.03729248046875
0.0295562744140625 -0.0367240905761719 0.70428466796875 -0.66259765625
-0.0191268920898437 -0.0271968841552734 -0.08770751953125 -0.78204345703125
-0.0224418640136719 -0.0118236541748047 -0.518585205078125 -0.296661376953125
-0.000831604003906251 0.0109548568725586 -0.43505859375 0.052001953125
0.0107803344726563 0.0192909240722656 -0.120254516601563 0.197555541992187
0.000527381896972656 0.00927543640136719 0.115890502929687 0.149917602539062
0.00688028335571289 0.00273513793945313 -0.0545654296875 -0.16595458984375
0.00635528564453125 0.0223464965820313 0.19598388671875 -0.175750732421875
-0.000984191894531253 0.0319614410400391 0.41986083984375 0.01263427734375
-0.020355224609375 0.0242347717285156 0.4630126953125 0.392181396484375
-0.046173095703125 -0.0207023620605469 -0.0245361328125001 0.71630859375
-0.00862503051757812 -0.0645408630371094 -0.6168212890625 0.60699462890625
0.0615348815917969 -0.00246047973632813 -0.64239501953125 0.12725830078125
0.0949478149414063 0.0576934814453125 0.0548934936523438 0.0954742431640625
0.08331298828125 0.00927734375 0.8006591796875 -0.0384521484375
0.0313987731933594 -0.0371513366699219 0.694091796875 -0.65960693359375
-0.0176277160644531 -0.0303382873535156 -0.0935058593749999 -0.7760009765625
-0.0246925354003906 -0.0133094787597656 -0.523345947265625 -0.2908935546875
-0.00509548187255859 0.0106515884399414 -0.43798828125 0.0577392578125
0.00885009765625 0.019805908203125 -0.120162963867188 0.2037353515625
0.00103759765625 0.0111227035522461 0.117111206054688 0.156204223632813
0.00832319259643555 0.00161933898925781 -0.055084228515625 -0.15960693359375
0.00446701049804688 0.0211658477783203 0.194793701171875 -0.171051025390625
-0.00166511535644532 0.0327663421630859 0.41741943359375 0.017333984375
-0.0204620361328125 0.0246238708496094 0.45550537109375 0.398681640625
-0.0458869934082031 -0.0196418762207031 -0.0362548828125001 0.7225341796875
-0.0098419189453125 -0.0643997192382812 -0.627685546875 0.608642578125
0.0581550598144531 -0.00345611572265625 -0.6524658203125 0.12384033203125
0.0935821533203125 0.0558624267578125 0.0481109619140625 0.0928802490234375
0.080322265625 0.00969696044921875 0.79266357421875 -0.04315185546875
0.0301589965820312 -0.0380477905273438 0.68304443359375 -0.66412353515625
-0.0178031921386719 -0.0308895111083984 -0.10394287109375 -0.779541015625
-0.0235252380371094 -0.0136127471923828 -0.53076171875 -0.288818359375
-0.00490951538085938 0.0106954574584961 -0.444580078125 0.0603332519531251
0.00770950317382812 0.0170803070068359 -0.123016357421875 0.204635620117188
0.00404453277587891 0.00959968566894531 0.11346435546875 0.157073974609375
0.0112676620483398 0.000485420227050781 -0.058502197265625 -0.155715942382812
0.00844192504882812 0.0182170867919922 0.191635131835937 -0.1663818359375
-0.000375747680664065 0.0311412811279297 0.410675048828125 0.0208740234375
-0.0181407928466797 0.0271186828613281 0.447174072265625 0.402587890625
-0.0465164184570312 -0.0165176391601563 -0.04705810546875 0.71929931640625
-0.0129127502441406 -0.0620880126953125 -0.6395263671875 0.604248046875
0.0516548156738281 -0.00243377685546875 -0.65789794921875 0.119873046875
0.0883407592773438 0.0525283813476563 0.0437469482421875 0.0906448364257813
0.0743942260742188 0.00736236572265625 0.7845458984375 -0.047607421875
0.0275306701660156 -0.0363121032714844 0.67327880859375 -0.66363525390625
-0.0190029144287109 -0.0264835357666016 -0.11334228515625 -0.7716064453125
-0.0218315124511719 -0.0104045867919922 -0.535797119140625 -0.282135009765625
-0.00319194793701172 0.0116777420043945 -0.444854736328125 0.0635986328125
0.0104131698608398 0.0157928466796875 -0.12249755859375 0.207733154296875
0.00670289993286133 0.0082855224609375 0.114089965820313 0.162643432617188
0.0150127410888672 -0.00345993041992188 -0.0580596923828125 -0.149459838867188
0.0121536254882813 0.0166692733764648 0.19537353515625 -0.161056518554688
0.00546836853027344 0.0310192108154297 0.4110107421875 0.023712158203125
-0.0162334442138672 0.0310039520263672 0.443115234375 0.409088134765625
-0.04803466796875 -0.0107307434082031 -0.05389404296875 0.72344970703125
-0.0196685791015625 -0.0580253601074219 -0.64892578125 0.60260009765625
0.0435714721679688 -0.00217819213867188 -0.663330078125 0.11700439453125
0.0803451538085938 0.0493011474609375 0.0400924682617188 0.0899276733398438
0.0685882568359375 0.00666046142578125 0.7803955078125 -0.05145263671875
0.0201549530029297 -0.0330333709716797 0.6661376953125 -0.669189453125
-0.0213260650634766 -0.0198268890380859 -0.1229248046875 -0.77154541015625
-0.0209884643554688 -0.00505828857421875 -0.54144287109375 -0.2801513671875
0.00108909606933594 0.0124273300170898 -0.447265625 0.066375732421875
0.013702392578125 0.012242317199707 -0.124526977539063 0.2130126953125
0.0111217498779297 0.00372695922851563 0.109344482421875 0.165176391601563
0.0184402465820313 -0.00741195678710938 -0.0595550537109375 -0.147171020507813
0.0184726715087891 0.0134468078613281 0.193618774414062 -0.159881591796875
0.01123046875 0.031036376953125 0.409912109375 0.02691650390625
-0.0133209228515625 0.0363044738769531 0.4383544921875 0.412872314453125
-0.0504302978515625 -0.00267410278320311 -0.0645751953125001 0.7265625
-0.0272064208984375 -0.0534820556640625 -0.65869140625 0.59912109375
0.0356025695800781 -0.0051116943359375 -0.66583251953125 0.11431884765625
0.0746383666992188 0.0437240600585938 0.0412979125976562 0.0902099609375
0.0597877502441406 0.00704193115234375 0.78033447265625 -0.056640625
0.0109996795654297 -0.0287284851074219 0.6566162109375 -0.67205810546875
-0.0231246948242188 -0.0113506317138672 -0.12969970703125 -0.7713623046875
-0.0155344009399414 0.00107192993164063 -0.5443115234375 -0.273162841796875
0.00689601898193359 0.0114355087280273 -0.4482421875 0.068328857421875
0.0218505859375 0.0104885101318359 -0.1243896484375 0.21539306640625
0.0152301788330078 0.000532150268554688 0.109283447265625 0.167266845703125
0.0213737487792969 -0.0110836029052734 -0.061553955078125 -0.146408081054687
0.0259475708007812 0.0104942321777344 0.196975708007813 -0.1607666015625
0.0184917449951172 0.0302505493164062 0.41021728515625 0.0277099609375
-0.0104522705078125 0.0440559387207031 0.43603515625 0.416717529296875
-0.0526466369628906 0.00617599487304687 -0.070068359375 0.72564697265625
-0.0340003967285156 -0.048492431640625 -0.6627197265625 0.59197998046875
0.0290451049804688 -0.00669097900390625 -0.66583251953125 0.108642578125
0.0698509216308594 0.0400505065917969 0.0444259643554688 0.0897216796875
0.0526199340820313 0.0028228759765625 0.77947998046875 -0.0552978515625
0.00546073913574219 -0.0251483917236328 0.651611328125 -0.67047119140625
-0.02545166015625 -0.00333023071289062 -0.13671875 -0.7703857421875
-0.0108280181884766 0.00451564788818359 -0.5435791015625 -0.272003173828125
0.0132637023925781 0.0126161575317383 -0.44537353515625 0.0703125
0.0287628173828125 0.00852012634277344 -0.122695922851562 0.215469360351563
0.0159358978271484 -0.00252056121826172 0.108505249023437 0.1717529296875
0.0239982604980469 -0.0142745971679688 -0.0624847412109375 -0.148681640625
0.0337200164794922 0.00937461853027344 0.20025634765625 -0.159652709960937
0.0247745513916016 0.0305080413818359 0.41387939453125 0.0269775390625
-0.00615692138671875 0.0474777221679688 0.438140869140625 0.417938232421875
-0.0555496215820313 0.0120468139648437 -0.0692749023437501 0.72735595703125
-0.0405006408691406 -0.0431060791015625 -0.6632080078125 0.5927734375
0.0238456726074219 -0.00662994384765625 -0.66326904296875 0.10711669921875
0.0675430297851563 0.0357933044433594 0.0495147705078125 0.0927505493164063
0.0475616455078125 0.00180816650390625 0.7838134765625 -0.05963134765625
-0.00343132019042969 -0.0197505950927734 0.65179443359375 -0.67529296875
-0.0280094146728516 0.0039215087890625 -0.13568115234375 -0.77130126953125
-0.00783920288085938 0.00999641418457031 -0.544342041015625 -0.269989013671875
0.0204315185546875 0.0144615173339844 -0.44354248046875 0.071014404296875
0.0349750518798828 0.00709724426269531 -0.120223999023437 0.214767456054688
0.0183486938476563 -0.00676155090332031 0.109100341796875 0.172042846679688
0.00621223449707031 0.00125598907470703 -0.0521392822265625 -0.167755126953125
0.00874519348144531 0.0226573944091797 0.19854736328125 -0.1754150390625
0.0026702880859375 0.0319633483886719 0.42431640625 0.012481689453125
-0.0174522399902344 0.0253200531005859 0.466766357421875 0.392578125
-0.0460777282714844 -0.0179939270019531 -0.0220947265625 0.71649169921875
-0.0114517211914063 -0.0624618530273437 -0.6092529296875 0.6055908203125
0.0600433349609375 -0.00272750854492188 -0.63323974609375 0.12493896484375
0.0965347290039062 0.0564041137695313 0.061309814453125 0.0981521606445313
0.0823516845703125 0.0101547241210938 0.80322265625 -0.03521728515625
0.0294952392578125 -0.03546142578125 0.7000732421875 -0.65692138671875
-0.0182685852050781 -0.0278987884521484 -0.08624267578125 -0.78021240234375
-0.0216522216796875 -0.0127582550048828 -0.516876220703125 -0.29559326171875
-0.000674247741699219 0.00980186462402344 -0.432952880859375 0.05029296875
0.0106029510498047 0.0196666717529297 -0.120254516601563 0.196563720703125
0.000619888305664062 0.00767374038696289 0.115280151367188 0.150436401367188
0.0076904296875 0.00281476974487305 -0.05517578125 -0.165603637695313
0.00500679016113281 0.0221462249755859 0.193878173828125 -0.172576904296875
-0.000551223754882814 0.0335140228271484 0.419281005859375 0.013031005859375
-0.0187149047851563 0.0225677490234375 0.459747314453125 0.39190673828125
-0.046417236328125 -0.0216407775878906 -0.02752685546875 0.71295166015625
-0.00870132446289062 -0.063385009765625 -0.6163330078125 0.60125732421875
0.0595016479492188 -0.00226211547851563 -0.64111328125 0.12298583984375
0.0948410034179688 0.057220458984375 0.0535430908203125 0.0938644409179687
0.0820388793945313 0.0105209350585938 0.79443359375 -0.0350341796875
0.031646728515625 -0.0363922119140625 0.69134521484375 -0.65155029296875
-0.0162754058837891 -0.0302658081054687 -0.0920410156250001 -0.77252197265625
-0.023193359375 -0.0150318145751953 -0.5205078125 -0.290679931640625
-0.00470542907714844 0.00967311859130859 -0.4344482421875 0.055816650390625
0.00675010681152344 0.0184001922607422 -0.119705200195312 0.200637817382813
0.00122547149658203 0.00948810577392578 0.11602783203125 0.155502319335938
0.00911426544189453 0.0010986328125 -0.054473876953125 -0.158599853515625
0.00480842590332031 0.0216827392578125 0.192718505859375 -0.167999267578125
-0.00228500366210938 0.0327072143554688 0.414215087890625 0.019439697265625
-0.0192737579345703 0.0240020751953125 0.452911376953125 0.398101806640625
-0.0460777282714844 -0.019683837890625 -0.03802490234375 0.7178955078125
-0.00927734375000001 -0.0639572143554688 -0.6275634765625 0.60272216796875
0.0572013854980469 -0.00138473510742187 -0.64776611328125 0.1197509765625
0.091766357421875 0.0559768676757812 0.0473098754882813 0.0912246704101563
0.0786285400390625 0.0103530883789063 0.78765869140625 -0.0389404296875
0.0297775268554688 -0.0386581420898438 0.68353271484375 -0.6580810546875
-0.0171432495117188 -0.0300197601318359 -0.09869384765625 -0.7733154296875
-0.0235862731933594 -0.0137042999267578 -0.52667236328125 -0.28900146484375
-0.00445270538330078 0.00963115692138672 -0.4425048828125 0.0566406250000001
0.00762557983398438 0.0178318023681641 -0.123733520507813 0.202880859375
0.00393295288085938 0.00935935974121094 0.111862182617187 0.156936645507812
0.011143684387207 -0.000680923461914062 -0.0563507080078125 -0.155120849609375
0.00676536560058594 0.0188007354736328 0.190185546875 -0.165496826171875
-0.000566482543945312 0.0326328277587891 0.408599853515625 0.0224609375
-0.0182285308837891 0.0264816284179688 0.444366455078125 0.40155029296875
-0.0459976196289063 -0.0155067443847656 -0.0484619140624999 0.71697998046875
-0.0126991271972656 -0.0613555908203125 -0.63720703125 0.59686279296875
0.0515670776367188 -0.00233078002929688 -0.65399169921875 0.11553955078125
0.085601806640625 0.0532684326171875 0.0416183471679688 0.0888214111328125
0.0733108520507813 0.008026123046875 0.78045654296875 -0.0428466796875
0.0262985229492188 -0.0358619689941406 0.67034912109375 -0.656005859375
-0.0183696746826172 -0.0278472900390625 -0.1082763671875 -0.76824951171875
-0.0216255187988281 -0.0106773376464844 -0.5302734375 -0.283538818359375
-0.00350093841552734 0.0100917816162109 -0.44140625 0.062103271484375
0.00990200042724609 0.0158910751342773 -0.123321533203125 0.206375122070313
0.00717353820800781 0.0082707405090332 0.113143920898438 0.162750244140625
0.0156650543212891 -0.00374412536621094 -0.0570220947265625 -0.151107788085938
0.0124683380126953 0.0158147811889648 0.192245483398438 -0.1605224609375
0.00538825988769531 0.0324153900146484 0.409820556640625 0.0264892578125
-0.0166645050048828 0.0291423797607422 0.440155029296875 0.406097412109375
-0.0476303100585938 -0.0121269226074219 -0.05718994140625 0.7213134765625
-0.0197029113769531 -0.0567970275878906 -0.64678955078125 0.59564208984375
0.0435218811035156 -0.00339889526367187 -0.6605224609375 0.11260986328125
0.0774383544921875 0.0485153198242188 0.0396804809570313 0.0886154174804687
0.0657691955566406 0.00775146484375 0.7745361328125 -0.04852294921875
0.0192012786865234 -0.0330219268798828 0.6610107421875 -0.66314697265625
-0.0195274353027344 -0.0199680328369141 -0.118408203125 -0.7689208984375
-0.0186252593994141 -0.00571632385253906 -0.53692626953125 -0.278961181640625
0.00134754180908203 0.0104284286499023 -0.44598388671875 0.0643310546874999
0.0139865875244141 0.0134401321411133 -0.12567138671875 0.211318969726562
0.00992488861083984 0.00352668762207031 0.107620239257813 0.164657592773438
0.0189876556396484 -0.00601387023925781 -0.0585784912109375 -0.146926879882813
0.0185470581054688 0.0126152038574219 0.192535400390625 -0.159698486328125
0.0110416412353516 0.0315589904785156 0.40673828125 0.027618408203125
-0.0121231079101563 0.0369987487792969 0.4361572265625 0.41162109375
-0.04864501953125 -0.00337982177734375 -0.0650024414062501 0.72186279296875
-0.0247306823730469 -0.0512809753417969 -0.65740966796875 0.59332275390625
0.0351791381835938 -0.00337982177734375 -0.664306640625 0.1085205078125
0.0735397338867188 0.0433197021484375 0.0401229858398438 0.0882949829101562
0.0592079162597656 0.00553512573242188 0.77264404296875 -0.05010986328125
0.0103816986083984 -0.0294380187988281 0.65350341796875 -0.6649169921875
-0.0226573944091797 -0.0120983123779297 -0.12738037109375 -0.76678466796875
-0.0155315399169922 -0.000521659851074218 -0.54150390625 -0.27447509765625
0.00635528564453125 0.0122566223144531 -0.445159912109375 0.0689392089843751
0.020782470703125 0.0115833282470703 -0.12457275390625 0.212860107421875
0.0154094696044922 9.25064086914063E-05 0.107757568359375 0.1669921875
0.0218505859375 -0.0106601715087891 -0.0599822998046875 -0.147323608398438
0.0253868103027344 0.0105266571044922 0.1968994140625 -0.158523559570313
0.017547607421875 0.0315361022949219 0.40777587890625 0.028411865234375
-0.0091400146484375 0.0414581298828125 0.43212890625 0.41656494140625
-0.0527381896972656 0.00437164306640626 -0.0701904296875 0.721435546875
-0.0332489013671875 -0.0465507507324219 -0.66033935546875 0.58685302734375
0.0287189483642578 -0.00495338439941406 -0.66156005859375 0.10443115234375
0.0688438415527344 0.0386619567871094 0.0424118041992188 0.0900115966796875
0.0532608032226563 0.00369644165039063 0.7718505859375 -0.05224609375
0.0031890869140625 -0.0219249725341797 0.64715576171875 -0.66583251953125
-0.0243415832519531 -0.0032501220703125 -0.1331787109375 -0.763427734375
-0.0108966827392578 0.00471782684326172 -0.54095458984375 -0.26959228515625
0.0143957138061523 0.0130271911621094 -0.442230224609375 0.069854736328125
0.0293216705322266 0.008697509765625 -0.12298583984375 0.212875366210938
0.0162973403930664 -0.00392436981201172 0.108673095703125 0.170425415039063
0.0242557525634766 -0.0130615234375 -0.060546875 -0.147506713867188
0.0331249237060547 0.00845527648925781 0.1978759765625 -0.158721923828125
0.0252895355224609 0.0316143035888672 0.41131591796875 0.0284423828125
-0.00544357299804687 0.0460777282714844 0.43597412109375 0.416290283203125
-0.0548439025878906 0.0120811462402344 -0.0698242187499999 0.723388671875
-0.0395126342773438 -0.0428199768066406 -0.66241455078125 0.5882568359375
0.0231361389160156 -0.00671577453613281 -0.66021728515625 0.10498046875
0.0673255920410156 0.0350494384765625 0.0484085083007813 0.0908279418945312
0.0476570129394531 0.0025177001953125 0.77886962890625 -0.05426025390625
-0.00364875793457031 -0.0194740295410156 0.6514892578125 -0.6678466796875
-0.0274639129638672 0.0036163330078125 -0.1328125 -0.76519775390625
-0.00663661956787109 0.00896263122558594 -0.5399169921875 -0.269989013671875
0.0192375183105469 0.0141048431396484 -0.442535400390625 0.0700073242187501
0.034698486328125 0.00690269470214844 -0.119186401367188 0.213104248046875
0.0186061859130859 -0.00713920593261719 0.10748291015625 0.171554565429688
0.00700855255126953 0.00104141235351563 -0.0518951416015625 -0.168136596679688
0.00928115844726562 0.0225582122802734 0.1998291015625 -0.172500610351563
0.00342559814453125 0.0322017669677734 0.42327880859375 0.01495361328125
-0.0174140930175781 0.0232257843017578 0.4637451171875 0.3934326171875
-0.0467071533203125 -0.0181121826171875 -0.02423095703125 0.71466064453125
-0.0107383728027344 -0.0606193542480469 -0.6087646484375 0.60125732421875
0.0599517822265625 -0.00185012817382813 -0.6319580078125 0.12054443359375
0.0960311889648438 0.055816650390625 0.0595855712890625 0.09649658203125
0.08111572265625 0.0109405517578125 0.79779052734375 -0.0294189453125
0.0292739868164063 -0.0349903106689453 0.701416015625 -0.64959716796875
-0.0176601409912109 -0.0273723602294922 -0.080322265625 -0.7779541015625
-0.0221939086914063 -0.0127849578857422 -0.511322021484375 -0.297088623046875
-0.00151538848876953 0.0104169845581055 -0.431640625 0.04913330078125
0.0106887817382813 0.0184211730957031 -0.12091064453125 0.19451904296875
0.00222349166870117 0.00850391387939453 0.113357543945313 0.149810791015625
0.0069584846496582 0.00272226333618164 -0.0518341064453125 -0.165542602539063
0.00610542297363281 0.0226058959960937 0.195037841796875 -0.171188354492188
-0.000102996826171875 0.0326156616210937 0.417083740234375 0.01531982421875
-0.0186882019042969 0.0231571197509766 0.458648681640625 0.3914794921875
-0.0455398559570313 -0.0196762084960938 -0.0303955078124999 0.71087646484375
-0.00771331787109375 -0.0620651245117187 -0.6173095703125 0.5972900390625
0.0599555969238281 -0.0010223388671875 -0.63800048828125 0.1195068359375
0.0939178466796875 0.0557174682617188 0.0523452758789063 0.0930862426757813
0.0798492431640625 0.010986328125 0.79132080078125 -0.030029296875
0.0325698852539063 -0.0369529724121094 0.692138671875 -0.6468505859375
-0.0164318084716797 -0.0300350189208984 -0.0886230468749999 -0.7711181640625
-0.0231685638427734 -0.01409912109375 -0.515625 -0.290985107421875
-0.00539350509643555 0.00869560241699219 -0.433990478515625 0.0542602539062499
0.00820350646972656 0.0180568695068359 -0.121002197265625 0.19854736328125
0.00217819213867187 0.01043701171875 0.11480712890625 0.15667724609375
0.00831460952758789 0.00141668319702148 -0.0526885986328125 -0.159652709960938
0.00396347045898438 0.0203990936279297 0.193466186523438 -0.166946411132813
-0.000858306884765626 0.0334815979003906 0.415771484375 0.02142333984375
-0.0194129943847656 0.0248470306396484 0.451385498046875 0.4002685546875
-0.0446548461914063 -0.0199508666992187 -0.0399169921875 0.7161865234375
-0.0091552734375 -0.0626907348632812 -0.62750244140625 0.597412109375
0.0575294494628906 -0.0022430419921875 -0.6475830078125 0.11553955078125
0.0906906127929687 0.0561599731445312 0.0461044311523438 0.0899200439453125
0.0783538818359375 0.01129150390625 0.7841796875 -0.0364990234375
0.0300407409667969 -0.038116455078125 0.68328857421875 -0.65313720703125
-0.0167350769042969 -0.0298843383789063 -0.096923828125 -0.7724609375
-0.023895263671875 -0.0141010284423828 -0.524627685546875 -0.291107177734375
-0.0054478645324707 0.00864982604980469 -0.439422607421875 0.0565185546874999
0.00694084167480469 0.0180892944335937 -0.12353515625 0.202072143554688
0.00537300109863281 0.00938606262207031 0.111831665039062 0.156600952148437
0.0115947723388672 0.00111293792724609 -0.0551605224609375 -0.154953002929688
0.00810050964355469 0.0191173553466797 0.191390991210938 -0.163604736328125
0.00160789489746094 0.0314445495605469 0.409027099609375 0.024169921875
-0.0183238983154297 0.0263042449951172 0.442626953125 0.402130126953125
-0.0458602905273438 -0.0165367126464844 -0.0499877929687501 0.71368408203125
-0.0135574340820313 -0.0601921081542969 -0.6376953125 0.5916748046875
0.0511894226074219 -0.00199127197265625 -0.6541748046875 0.11175537109375
0.0851974487304687 0.0515365600585938 0.0406341552734375 0.0882644653320312
0.071685791015625 0.0092010498046875 0.7757568359375 -0.03717041015625
0.0247383117675781 -0.0355377197265625 0.67047119140625 -0.64935302734375
-0.0180339813232422 -0.02618408203125 -0.1063232421875 -0.76727294921875
-0.0217304229736328 -0.00994682312011719 -0.527313232421875 -0.28436279296875
-0.00366306304931641 0.00981044769287109 -0.441802978515625 0.06219482421875
0.0094461441040039 0.0152854919433594 -0.123870849609375 0.205520629882813
0.00754928588867188 0.00806617736816406 0.112258911132813 0.162307739257813
0.0169887542724609 -0.00424098968505859 -0.0546112060546875 -0.149658203125
0.0103034973144531 0.0162801742553711 0.191604614257813 -0.160507202148438
0.00444412231445312 0.0324268341064453 0.408233642578125 0.02728271484375
-0.0130596160888672 0.0306339263916016 0.437347412109375 0.40704345703125
-0.0463218688964844 -0.010040283203125 -0.05926513671875 0.71881103515625
-0.0178718566894531 -0.0560951232910156 -0.6470947265625 0.5927734375
0.042572021484375 -0.002960205078125 -0.65911865234375 0.1083984375
0.0793838500976563 0.0477294921875 0.0385360717773438 0.0874176025390625
0.0655479431152344 0.00817108154296875 0.7718505859375 -0.042236328125
0.0191173553466797 -0.0328083038330078 0.66180419921875 -0.65594482421875
-0.0190696716308594 -0.0201244354248047 -0.11376953125 -0.765625
-0.0188484191894531 -0.00584793090820313 -0.531890869140625 -0.2803955078125
-0.000661849975585937 0.0104455947875977 -0.44427490234375 0.0628051757812499
0.0157613754272461 0.0118522644042969 -0.126296997070312 0.2081298828125
0.0116729736328125 0.004241943359375 0.1072998046875 0.165252685546875
0.0196762084960938 -0.00659561157226562 -0.058563232421875 -0.146987915039063
0.0184097290039063 0.0134735107421875 0.192489624023438 -0.158111572265625
0.0123348236083984 0.031829833984375 0.40692138671875 0.03143310546875
-0.0128707885742188 0.0361404418945313 0.433746337890625 0.411346435546875
-0.0489768981933594 -0.00332260131835938 -0.0672607421875 0.7213134765625
-0.0262718200683594 -0.0505828857421875 -0.6561279296875 0.58917236328125
0.0352401733398438 -0.00444793701171875 -0.66180419921875 0.1038818359375
0.07305908203125 0.0436859130859375 0.0395431518554688 0.0881271362304688
0.0588455200195313 0.00660324096679688 0.7694091796875 -0.046142578125
0.00989151000976563 -0.0271968841552734 0.653564453125 -0.65887451171875
-0.0212326049804688 -0.0116615295410156 -0.123779296875 -0.76568603515625
-0.0155048370361328 -0.00013160705566406 -0.5379638671875 -0.27337646484375
0.00659465789794922 0.0119228363037109 -0.443023681640625 0.065765380859375
0.0211181640625 0.00992393493652344 -0.125091552734375 0.212081909179688
0.0148735046386719 0.000571250915527344 0.107620239257812 0.167587280273437
0.0220603942871094 -0.0106754302978516 -0.0582122802734375 -0.147598266601563
0.0253696441650391 0.0110111236572266 0.195236206054688 -0.157394409179688
0.0198879241943359 0.0311031341552734 0.40673828125 0.031707763671875
-0.00844573974609375 0.0420036315917969 0.42962646484375 0.4150390625
-0.0524559020996094 0.00409698486328124 -0.07403564453125 0.719970703125
-0.0335960388183594 -0.045745849609375 -0.66217041015625 0.58111572265625
0.0277576446533203 -0.00355148315429688 -0.66119384765625 0.0985107421875
0.0677108764648438 0.0382499694824219 0.0422515869140625 0.0890350341796875
0.0507125854492188 0.00339508056640625 0.7701416015625 -0.0479736328125
0.00389289855957031 -0.0220127105712891 0.6485595703125 -0.6607666015625
-0.0241622924804688 -0.00420379638671875 -0.12957763671875 -0.7637939453125
-0.0105104446411133 0.00475883483886719 -0.5364990234375 -0.27203369140625
0.0136661529541016 0.0129776000976562 -0.441741943359375 0.0688171386718751
0.0269145965576172 0.007965087890625 -0.1229248046875 0.212905883789063
0.0182228088378906 -0.00317764282226562 0.107101440429687 0.171585083007813
0.0246295928955078 -0.0135040283203125 -0.060577392578125 -0.148574829101563
0.0332241058349609 0.00936698913574219 0.198928833007813 -0.158050537109375
0.0258083343505859 0.0309791564941406 0.411468505859375 0.03009033203125
-0.00502395629882813 0.0465316772460938 0.43341064453125 0.41668701171875
-0.0556144714355469 0.012176513671875 -0.0733642578125 0.7208251953125
-0.0394859313964844 -0.0402603149414063 -0.6614990234375 0.58203125
0.0236473083496094 -0.00628852844238281 -0.659912109375 0.0996093749999999
0.0653648376464844 0.0349502563476563 0.0468597412109375 0.0904388427734375
0.0471878051757813 0.00194931030273438 0.775390625 -0.0494384765625
-0.00284004211425781 -0.0188446044921875 0.6512451171875 -0.66290283203125
-0.0264358520507813 0.00342941284179688 -0.12847900390625 -0.76312255859375
-0.00642299652099609 0.00894927978515625 -0.537384033203125 -0.27197265625
0.0191764831542969 0.0129661560058594 -0.44000244140625 0.0681762695312499
0.0349864959716797 0.00583457946777344 -0.120285034179687 0.21185302734375
0.0193862915039063 -0.00721549987792969 0.106887817382813 0.171722412109375
0.00705575942993164 0.000943183898925781 -0.051025390625 -0.167755126953125
0.0089874267578125 0.0230083465576172 0.198562622070313 -0.172958374023438
0.00366783142089843 0.0336265563964844 0.42376708984375 0.015411376953125
-0.0148372650146484 0.0242443084716797 0.4630126953125 0.395050048828125
-0.0455513000488281 -0.0176277160644531 -0.0281372070312501 0.7135009765625
-0.0114784240722656 -0.0597953796386719 -0.61376953125 0.5943603515625
0.0592002868652344 -0.000324249267578125 -0.6337890625 0.11627197265625
0.0941390991210938 0.05621337890625 0.0578689575195313 0.0964508056640625
0.0803604125976563 0.01165771484375 0.79638671875 -0.0244140625
0.0290889739990234 -0.0340576171875 0.7021484375 -0.6453857421875
-0.0163173675537109 -0.0279998779296875 -0.0780029296874999 -0.777099609375
-0.0227146148681641 -0.0137844085693359 -0.510040283203125 -0.299896240234375
-0.00269126892089844 0.0104284286499023 -0.430908203125 0.0491027832031251
0.0105133056640625 0.0177192687988281 -0.121688842773437 0.1949462890625
0.00183629989624023 0.00828933715820313 0.112869262695312 0.150283813476563
0.00650739669799805 0.00197219848632813 -0.0525665283203125 -0.16546630859375
0.00600242614746094 0.0229511260986328 0.196487426757812 -0.171249389648437
-7.62939453125026E-05 0.034088134765625 0.4193115234375 0.01617431640625
-0.0180225372314453 0.0229434967041016 0.456787109375 0.394073486328125
-0.0455207824707031 -0.0216484069824219 -0.03155517578125 0.7100830078125
-0.00899124145507812 -0.0615119934082031 -0.619384765625 0.5928955078125
0.0604400634765625 -0.00198745727539063 -0.6376953125 0.11407470703125
0.0936813354492188 0.0563507080078125 0.0493698120117188 0.0924072265625
0.0802536010742187 0.0116500854492187 0.78814697265625 -0.024658203125
0.0314559936523438 -0.0364456176757813 0.69287109375 -0.64398193359375
-0.0159091949462891 -0.0314311981201172 -0.0828857421875 -0.77239990234375
-0.0232105255126953 -0.0136260986328125 -0.51373291015625 -0.29217529296875
-0.00632572174072266 0.00819826126098633 -0.43450927734375 0.0517883300781251
0.00729179382324219 0.0174493789672852 -0.121871948242187 0.1982421875
0.00283432006835938 0.0111541748046875 0.11383056640625 0.157745361328125
0.00882625579833984 0.00170421600341797 -0.052764892578125 -0.160491943359375
0.00441741943359375 0.0215435028076172 0.194122314453125 -0.1663818359375
-0.000961303710937503 0.0328311920166016 0.415191650390625 0.021820068359375
-0.0177230834960937 0.02459716796875 0.449127197265625 0.39959716796875
-0.0426902770996094 -0.0201606750488281 -0.0428466796875 0.71502685546875
-0.0087127685546875 -0.0604705810546875 -0.6287841796875 0.59356689453125
0.0575752258300781 3.814697265625E-06 -0.64727783203125 0.110595703125
0.09075927734375 0.055389404296875 0.0450515747070313 0.0904388427734375
0.077423095703125 0.0110397338867188 0.7811279296875 -0.03125
0.0298576354980469 -0.0360145568847656 0.68505859375 -0.64788818359375
-0.0152740478515625 -0.0307445526123047 -0.0917358398437501 -0.7734375
-0.0230541229248047 -0.0139751434326172 -0.522491455078125 -0.29168701171875
-0.00758934020996094 0.0087289810180664 -0.440826416015625 0.05523681640625
0.00853824615478515 0.0171661376953125 -0.124801635742187 0.200347900390625
0.00497531890869141 0.00793266296386719 0.111312866210938 0.158279418945313
0.012725830078125 -0.000161170959472656 -0.056243896484375 -0.154953002929688
0.00749588012695313 0.0188350677490234 0.19140625 -0.162994384765625
0.001007080078125 0.0329933166503906 0.410247802734375 0.024383544921875
-0.0159358978271484 0.0269622802734375 0.441864013671875 0.402557373046875
-0.0451087951660156 -0.0159416198730469 -0.0529785156250001 0.71356201171875
-0.0125503540039062 -0.0593414306640625 -0.6405029296875 0.58868408203125
0.0507240295410156 -0.00264358520507813 -0.653564453125 0.10693359375
0.0850372314453125 0.0513076782226563 0.0408782958984375 0.0886001586914063
0.072479248046875 0.0103378295898438 0.7744140625 -0.03314208984375
0.0263862609863281 -0.034576416015625 0.673095703125 -0.64544677734375
-0.0168495178222656 -0.0265884399414063 -0.10064697265625 -0.76678466796875
-0.0217056274414063 -0.0104598999023438 -0.526153564453125 -0.28369140625
-0.00407886505126953 0.00994491577148438 -0.440032958984375 0.0590209960937499
0.0103034973144531 0.0161991119384766 -0.124420166015625 0.204238891601562
0.00886058807373047 0.00826263427734375 0.110931396484375 0.164031982421875
0.0165977478027344 -0.00284671783447266 -0.053619384765625 -0.149765014648438
0.0120649337768555 0.0158166885375977 0.192703247070313 -0.158309936523438
0.0077056884765625 0.0329742431640625 0.40966796875 0.0294189453125
-0.0135002136230469 0.0296173095703125 0.43634033203125 0.408477783203125
-0.0474052429199219 -0.010162353515625 -0.062255859375 0.71759033203125
-0.0188751220703125 -0.0545005798339844 -0.64752197265625 0.58587646484375
0.0430908203125 -0.00092315673828125 -0.65948486328125 0.10443115234375
0.0789413452148438 0.04779052734375 0.037109375 0.086029052734375
0.0661888122558594 0.0080413818359375 0.76837158203125 -0.0384521484375
0.0193538665771484 -0.0300025939941406 0.66314697265625 -0.6524658203125
-0.0216464996337891 -0.0193328857421875 -0.11114501953125 -0.7679443359375
-0.0179977416992188 -0.00748252868652344 -0.53131103515625 -0.279266357421875
-7.82012939453121E-05 0.0106077194213867 -0.444000244140625 0.0611267089843751
0.0146865844726563 0.0150737762451172 -0.128173828125 0.208953857421875
0.0129318237304688 0.00424766540527344 0.106369018554688 0.164306640625
0.0194435119628906 -0.00822639465332031 -0.056793212890625 -0.148193359375
0.0178546905517578 0.0140762329101563 0.194259643554688 -0.157318115234375
0.0124683380126953 0.0324859619140625 0.40673828125 0.0313720703125
-0.0113487243652344 0.0363922119140625 0.432220458984375 0.41363525390625
-0.0486335754394531 -0.00302886962890625 -0.0700073242187499 0.71954345703125
-0.0258522033691406 -0.0500450134277344 -0.6585693359375 0.58477783203125
0.0346565246582031 -0.00223731994628906 -0.66033935546875 0.0992431640624999
0.0721664428710938 0.042938232421875 0.0364151000976563 0.0872726440429688
0.0593643188476562 0.00605392456054687 0.76654052734375 -0.0423583984375
0.0118503570556641 -0.0266933441162109 0.655029296875 -0.65625
-0.0209922790527344 -0.0132350921630859 -0.119384765625 -0.7645263671875
-0.0160551071166992 -0.0016622543334961 -0.535736083984375 -0.276397705078125
0.00636959075927734 0.0118780136108398 -0.44476318359375 0.064788818359375
0.0218048095703125 0.0114288330078125 -0.1251220703125 0.210723876953125
0.0161705017089844 -0.000164031982421875 0.105361938476563 0.168106079101563
0.0219497680664063 -0.0115814208984375 -0.0595855712890625 -0.1466064453125
0.0253887176513672 0.0113983154296875 0.194732666015625 -0.15625
0.0195026397705078 0.03131103515625 0.40679931640625 0.033599853515625
-0.00722122192382812 0.042999267578125 0.43035888671875 0.41802978515625
-0.0526237487792969 0.00294494628906251 -0.07666015625 0.72003173828125
-0.0326499938964844 -0.0424156188964844 -0.66351318359375 0.57916259765625
0.0280170440673828 -0.00403213500976563 -0.66162109375 0.0971679687499999
0.0669097900390625 0.0380973815917969 0.039794921875 0.0877685546875
0.0494003295898437 0.00323104858398437 0.76837158203125 -0.04522705078125
0.00160026550292969 -0.0217056274414063 0.6513671875 -0.655029296875
-0.0228939056396484 -0.00384521484375 -0.1236572265625 -0.7625732421875
-0.0109996795654297 0.00461101531982422 -0.5338134765625 -0.27410888671875
0.0116939544677734 0.0108222961425781 -0.44256591796875 0.06591796875
0.0279998779296875 0.00754165649414063 -0.124496459960937 0.213241577148438
0.0169744491577148 -0.00331592559814453 0.107574462890625 0.17193603515625
0.0244064331054687 -0.0142974853515625 -0.059295654296875 -0.15020751953125
0.0324134826660156 0.00902938842773437 0.200408935546875 -0.157180786132813
0.0253639221191406 0.0321922302246094 0.4111328125 0.032257080078125
-0.00493240356445312 0.0465621948242188 0.432403564453125 0.416778564453125
-0.0541610717773438 0.010955810546875 -0.0759887695312501 0.72027587890625
-0.0395317077636719 -0.0406761169433594 -0.66253662109375 0.57794189453125
0.0242080688476563 -0.00692367553710938 -0.66021728515625 0.09619140625
0.065643310546875 0.0341606140136719 0.045166015625 0.0901870727539063
0.0457839965820313 0.00223922729492187 0.77386474609375 -0.0443115234375
-0.00396156311035156 -0.0176887512207031 0.65283203125 -0.65875244140625
-0.0265617370605469 0.0027008056640625 -0.1260986328125 -0.76434326171875
-0.00691413879394531 0.00970840454101563 -0.53515625 -0.273406982421875
0.0201072692871094 0.0132846832275391 -0.43914794921875 0.0671997070312499
0.0341224670410156 0.00638771057128906 -0.121963500976563 0.211441040039063
0.0201034545898438 -0.00775718688964844 0.105697631835938 0.171661376953125
0.00681209564208984 0.00152063369750977 -0.050079345703125 -0.169601440429688
0.00705718994140625 0.0237026214599609 0.200729370117187 -0.171798706054687
0.00457000732421875 0.0331554412841797 0.4261474609375 0.018402099609375
-0.0162467956542969 0.024078369140625 0.46282958984375 0.396026611328125
-0.0448226928710938 -0.0186538696289063 -0.0303955078125 0.7147216796875
-0.0110054016113281 -0.059326171875 -0.61669921875 0.59490966796875
0.0595359802246094 3.814697265625E-06 -0.634765625 0.11138916015625
0.0946807861328125 0.0548934936523438 0.0565185546875 0.09564208984375
0.0804290771484375 0.0119781494140625 0.79705810546875 -0.02105712890625
0.0302925109863281 -0.0336551666259766 0.70513916015625 -0.64227294921875
-0.0163116455078125 -0.0286083221435547 -0.07501220703125 -0.77862548828125
-0.0229835510253906 -0.0133705139160156 -0.5093994140625 -0.301849365234375
-0.00245571136474609 0.0090789794921875 -0.432952880859375 0.0467529296874999
0.0113162994384766 0.0194416046142578 -0.1219482421875 0.194305419921875
0.00229072570800781 0.00782489776611328 0.11322021484375 0.1517333984375
0.00748300552368164 0.00341701507568359 -0.051910400390625 -0.166915893554688
0.00473403930664062 0.0228557586669922 0.196151733398438 -0.171096801757813
0.000558853149414059 0.0341625213623047 0.4185791015625 0.01934814453125
-0.0170383453369141 0.0232868194580078 0.45703125 0.395355224609375
-0.0444526672363281 -0.0200729370117187 -0.03515625 0.7108154296875
-0.00822830200195313 -0.0599708557128906 -0.62457275390625 0.5916748046875
0.0590019226074219 -0.000530242919921875 -0.64093017578125 0.11029052734375
0.0924072265625 0.0568695068359375 0.0501937866210938 0.0926513671875
0.0799636840820313 0.0116119384765625 0.78802490234375 -0.02227783203125
0.0314483642578125 -0.0355644226074219 0.6961669921875 -0.6387939453125
-0.0141963958740234 -0.0314521789550781 -0.0811767578124999 -0.7742919921875
-0.0235748291015625 -0.0160293579101563 -0.5133056640625 -0.29583740234375
-0.00517368316650391 0.00909614562988281 -0.435546875 0.0508117675781251
0.00870132446289062 0.0194320678710938 -0.122726440429688 0.197418212890625
0.00324058532714844 0.01007080078125 0.113388061523438 0.157211303710938
0.0102930068969727 0.00176048278808594 -0.052398681640625 -0.160018920898438
0.00392913818359375 0.021148681640625 0.196456909179688 -0.166030883789063
-0.000835418701171875 0.0347633361816406 0.416473388671875 0.024322509765625
-0.0168590545654297 0.0228786468505859 0.4495849609375 0.402740478515625
-0.0439910888671875 -0.02130126953125 -0.04693603515625 0.716064453125
-0.00921249389648437 -0.0599861145019531 -0.63348388671875 0.59307861328125
0.0577201843261719 -0.000408172607421875 -0.6484375 0.10870361328125
0.0887069702148438 0.0568161010742188 0.0433883666992188 0.0900421142578125
0.076263427734375 0.011688232421875 0.7808837890625 -0.02740478515625
0.0301284790039063 -0.0353889465332031 0.68817138671875 -0.64373779296875
-0.0149421691894531 -0.0298175811767578 -0.08892822265625 -0.775634765625
-0.0235137939453125 -0.0140838623046875 -0.52105712890625 -0.2952880859375
-0.00685501098632812 0.00934410095214844 -0.441802978515625 0.0547790527343751
0.00800609588623047 0.0171175003051758 -0.126358032226563 0.201507568359375
0.005279541015625 0.00795602798461914 0.110153198242188 0.158035278320313
0.0120840072631836 -0.00043487548828125 -0.05364990234375 -0.156112670898438
0.00620269775390625 0.0195655822753906 0.192840576171875 -0.164840698242188
0.00134849548339844 0.0328865051269531 0.41064453125 0.027984619140625
-0.0148830413818359 0.0261783599853516 0.442352294921875 0.40362548828125
-0.0444793701171875 -0.0171470642089844 -0.05523681640625 0.71380615234375
-0.0123023986816406 -0.0577316284179687 -0.6429443359375 0.5850830078125
0.0508804321289062 -0.000453948974609375 -0.65411376953125 0.101318359375
0.0835952758789063 0.0519866943359375 0.038330078125 0.0876388549804688
0.072723388671875 0.010650634765625 0.774169921875 -0.02874755859375
0.0245552062988281 -0.0328884124755859 0.67523193359375 -0.6429443359375
-0.0163021087646484 -0.0260257720947266 -0.098388671875 -0.77020263671875
-0.0225410461425781 -0.0120697021484375 -0.526641845703125 -0.2879638671875
-0.00507831573486328 0.0086522102355957 -0.440582275390625 0.059112548828125
0.0106611251831055 0.0161237716674805 -0.125656127929687 0.205352783203125
0.00908470153808594 0.00915813446044922 0.111404418945313 0.1630859375
0.0168571472167969 -0.00356578826904297 -0.0532684326171875 -0.1513671875
0.0111837387084961 0.0161914825439453 0.193756103515625 -0.157989501953125
0.00568389892578125 0.0326137542724609 0.410125732421875 0.032470703125
-0.0151519775390625 0.0308647155761719 0.4364013671875 0.409942626953125
-0.0460090637207031 -0.0111312866210937 -0.0654296875000001 0.7183837890625
-0.0189857482910156 -0.0536422729492188 -0.65032958984375 0.58502197265625
0.0437431335449219 -0.00169754028320313 -0.659423828125 0.09881591796875
0.0772476196289063 0.0479202270507813 0.0363616943359375 0.086334228515625
0.0654945373535156 0.00805282592773438 0.76971435546875 -0.03564453125
0.0202102661132813 -0.0307750701904297 0.6680908203125 -0.64984130859375
-0.0173702239990234 -0.0202293395996094 -0.10919189453125 -0.76824951171875
-0.0190067291259766 -0.0076751708984375 -0.52899169921875 -0.284423828125
-0.00072956085205078 0.0109596252441406 -0.443756103515625 0.060943603515625
0.0156173706054688 0.0136871337890625 -0.129562377929687 0.206924438476563
0.0129365921020508 0.00288772583007812 0.106613159179688 0.1663818359375
0.0188312530517578 -0.00695228576660156 -0.055572509765625 -0.149429321289063
0.0185985565185547 0.0136508941650391 0.195236206054688 -0.156173706054688
0.0121326446533203 0.0326442718505859 0.409912109375 0.033935546875
-0.0101699829101563 0.0355453491210937 0.43170166015625 0.414459228515625
-0.0485610961914063 -0.00201797485351562 -0.07269287109375 0.719482421875
-0.0247955322265625 -0.049072265625 -0.66229248046875 0.5819091796875
0.0366706848144531 -0.00218963623046875 -0.663330078125 0.0950317382812499
0.0727920532226562 0.04248046875 0.0359878540039063 0.0863265991210938
0.0564537048339844 0.00620269775390625 0.7669677734375 -0.03765869140625
0.00985145568847656 -0.0260696411132812 0.6563720703125 -0.65203857421875
-0.0205078125 -0.01324462890625 -0.11798095703125 -0.76666259765625
-0.0159130096435547 -0.00158309936523437 -0.536163330078125 -0.279052734375
0.00513648986816406 0.0104618072509766 -0.44354248046875 0.06396484375
0.0219535827636719 0.0107402801513672 -0.126632690429687 0.211715698242188
0.0165023803710937 0.00042724609375 0.1051025390625 0.170272827148438
0.0229949951171875 -0.0111064910888672 -0.0575408935546875 -0.147506713867187
0.0243663787841797 0.0107002258300781 0.198135375976563 -0.15594482421875
0.0192775726318359 0.0318775177001953 0.409149169921875 0.034210205078125
-0.00740432739257813 0.0418586730957031 0.42926025390625 0.41748046875
-0.0513725280761719 0.00503158569335937 -0.0778808593749999 0.72052001953125
-0.03192138671875 -0.043548583984375 -0.66619873046875 0.57611083984375
0.0293407440185547 -0.0045928955078125 -0.66302490234375 0.09234619140625
0.0671653747558594 0.0377006530761719 0.0396881103515625 0.088409423828125
0.0496826171875 0.004791259765625 0.7677001953125 -0.03857421875
0.00287818908691406 -0.0220870971679688 0.6533203125 -0.6533203125
-0.0237064361572266 -0.00461959838867187 -0.1219482421875 -0.7659912109375
-0.011418342590332 0.00298404693603515 -0.534027099609375 -0.2735595703125
0.0103998184204102 0.0126409530639648 -0.441741943359375 0.06640625
0.0295200347900391 0.0077972412109375 -0.125900268554688 0.211288452148437
0.0196170806884766 -0.00270462036132813 0.1060791015625 0.171173095703125
0.0245838165283203 -0.0138359069824219 -0.0588226318359375 -0.149703979492188
0.0330677032470703 0.00985908508300781 0.19940185546875 -0.157058715820313
0.0255756378173828 0.0324745178222656 0.412139892578125 0.03326416015625
-0.004302978515625 0.0471458435058594 0.4315185546875 0.41912841796875
-0.0542564392089844 0.0116539001464844 -0.0787353515625 0.72149658203125
-0.0390167236328125 -0.0389595031738281 -0.66705322265625 0.5789794921875
0.0240135192871094 -0.00545883178710938 -0.6611328125 0.091064453125
0.0651092529296875 0.0327644348144531 0.0460739135742188 0.0895767211914063
0.0458793640136719 0.00199508666992188 0.77374267578125 -0.04168701171875
-0.00367546081542969 -0.0183982849121094 0.655517578125 -0.6556396484375
-0.0251865386962891 0.003692626953125 -0.122802734375 -0.76678466796875
-0.00767040252685547 0.00861263275146484 -0.53466796875 -0.275726318359375
0.0187168121337891 0.0123939514160156 -0.44000244140625 0.0660095214843751
0.0351524353027344 0.0069732666015625 -0.122329711914062 0.211837768554687
0.0206966400146484 -0.007598876953125 0.10601806640625 0.173248291015625
0.00660419464111328 0.00108480453491211 -0.049346923828125 -0.17010498046875
0.0088043212890625 0.0231361389160156 0.202163696289063 -0.172073364257813
0.00359153747558594 0.0343475341796875 0.42730712890625 0.0185546875
-0.0162258148193359 0.0232582092285156 0.46417236328125 0.398834228515625
-0.0457267761230469 -0.0186805725097656 -0.0320434570312501 0.71673583984375
-0.00993728637695312 -0.0586929321289063 -0.6217041015625 0.59381103515625
0.0600204467773437 0.000148773193359375 -0.63787841796875 0.11053466796875
0.0940322875976563 0.0555953979492188 0.0561904907226563 0.0947418212890625
0.0789794921875 0.0115737915039063 0.79766845703125 -0.017822265625
0.029571533203125 -0.0336627960205078 0.71258544921875 -0.64105224609375
-0.0155105590820313 -0.0280189514160156 -0.07196044921875 -0.78192138671875
-0.0230884552001953 -0.0139808654785156 -0.510345458984375 -0.303009033203125
-0.00305461883544922 0.00882339477539063 -0.433685302734375 0.046661376953125
0.0102329254150391 0.0185317993164063 -0.124191284179687 0.193389892578125
0.00282096862792969 0.00751447677612305 0.113021850585937 0.153121948242188
0.00896453857421875 0.00197505950927734 -0.0508880615234375 -0.168319702148438
0.00464248657226562 0.0233325958251953 0.198211669921875 -0.171295166015625
-4.005432128906E-05 0.0341835021972656 0.422698974609375 0.0201416015625
-0.0164337158203125 0.0227508544921875 0.458160400390625 0.3978271484375
-0.0435256958007812 -0.0219535827636719 -0.03729248046875 0.7130126953125
-0.0085601806640625 -0.0589256286621094 -0.6285400390625 0.59051513671875
0.0603713989257813 -0.00051116943359375 -0.64239501953125 0.1063232421875
0.0924301147460937 0.0566482543945312 0.049102783203125 0.0911102294921875
0.0800094604492188 0.0122222900390625 0.79034423828125 -0.019287109375
0.0315704345703125 -0.0353240966796875 0.69989013671875 -0.63885498046875
-0.0156383514404297 -0.0306167602539063 -0.0805053710937499 -0.77679443359375
-0.0238590240478516 -0.0148773193359375 -0.514923095703125 -0.2965087890625
-0.00655841827392578 0.00866079330444336 -0.437469482421875 0.0491943359375001
0.0074310302734375 0.0183143615722656 -0.125518798828125 0.198318481445313
0.00389003753662109 0.00911808013916016 0.1138916015625 0.159042358398438
0.00854921340942383 0.00167751312255859 -0.050689697265625 -0.16217041015625
0.00352859497070313 0.0209941864013672 0.198822021484375 -0.16546630859375
-0.000734329223632815 0.033416748046875 0.41888427734375 0.025970458984375
-0.0166225433349609 0.0232563018798828 0.45111083984375 0.404998779296875
-0.0438728332519531 -0.0221099853515625 -0.04736328125 0.71795654296875
-0.00796127319335938 -0.058837890625 -0.63934326171875 0.59112548828125
0.05828857421875 0.000396728515625 -0.6522216796875 0.10369873046875
0.0896530151367187 0.0552291870117188 0.0431900024414063 0.0895919799804688
0.0763702392578125 0.0119705200195313 0.78289794921875 -0.02252197265625
0.0294227600097656 -0.0358772277832031 0.6923828125 -0.6441650390625
-0.0142555236816406 -0.0310077667236328 -0.08740234375 -0.7786865234375
-0.0242080688476563 -0.0152015686035156 -0.521820068359375 -0.2967529296875
-0.00761032104492187 0.00906753540039063 -0.44342041015625 0.052947998046875
0.00748443603515625 0.0177116394042969 -0.12847900390625 0.200942993164062
0.00603389739990234 0.00898933410644531 0.110061645507812 0.159622192382812
0.0123519897460938 -2.86102294921875E-05 -0.0535430908203125 -0.15673828125
0.00632095336914063 0.0196781158447266 0.193634033203125 -0.163772583007813
0.00149345397949219 0.033294677734375 0.413116455078125 0.028228759765625
-0.014801025390625 0.0251979827880859 0.44244384765625 0.405792236328125
-0.0437049865722656 -0.0173759460449219 -0.05859375 0.7166748046875
-0.0116767883300781 -0.057342529296875 -0.649169921875 0.58685302734375
0.050506591796875 -1.9073486328125E-05 -0.657470703125 0.0977783203125
0.083038330078125 0.0519561767578125 0.0371322631835938 0.0867156982421875
0.0715179443359375 0.0100479125976562 0.777099609375 -0.0267333984375
0.0260372161865234 -0.0339298248291016 0.6787109375 -0.64324951171875
-0.0160083770751953 -0.0267429351806641 -0.09716796875 -0.771728515625
-0.0223369598388672 -0.0119132995605469 -0.526519775390625 -0.290283203125
-0.00545787811279297 0.00909137725830078 -0.444793701171875 0.055877685546875
0.00989627838134766 0.0150899887084961 -0.127593994140625 0.205612182617188
0.00928401947021484 0.00734329223632813 0.110321044921875 0.165237426757813
0.0162391662597656 -0.00403690338134766 -0.0521392822265625 -0.152145385742188
0.00982475280761719 0.0184078216552734 0.19549560546875 -0.15814208984375
0.00693702697753906 0.0338096618652344 0.41314697265625 0.0330810546875
-0.0134696960449219 0.0290355682373047 0.43572998046875 0.412750244140625
-0.0463104248046875 -0.0114250183105469 -0.0678710937500001 0.7205810546875
-0.0186004638671875 -0.0528717041015625 -0.65618896484375 0.5870361328125
0.0442657470703125 -0.00104904174804688 -0.6619873046875 0.09661865234375
0.0782089233398438 0.0470123291015625 0.0353469848632813 0.0864181518554688
0.0646896362304688 0.00872039794921875 0.7703857421875 -0.03106689453125
0.0191249847412109 -0.0308971405029297 0.67303466796875 -0.64794921875
-0.0189552307128906 -0.0204200744628906 -0.10772705078125 -0.773681640625
-0.0191230773925781 -0.00758934020996094 -0.532012939453125 -0.2864990234375
6.15061699142985E-19 0.010045051574707 -0.444854736328125 0.0594787597656251
0.0143585205078125 0.0111207962036133 -0.12945556640625 0.208282470703125
0.0119771957397461 0.00404071807861328 0.106552124023438 0.168807983398438
0.0199966430664063 -0.00638008117675781 -0.05560302734375 -0.149581909179688
0.0167016983032227 0.0138254165649414 0.19525146484375 -0.156768798828125
0.01226806640625 0.0335197448730469 0.4114990234375 0.035552978515625
-0.009521484375 0.0355072021484375 0.432708740234375 0.415618896484375
-0.0489387512207031 -0.00367355346679687 -0.0756225585937499 0.7215576171875
-0.0260086059570313 -0.0481147766113281 -0.666259765625 0.5806884765625
0.0364532470703125 -0.0028076171875 -0.66552734375 0.091552734375
0.07232666015625 0.041656494140625 0.0362319946289063 0.0867462158203125
0.0560188293457031 0.005889892578125 0.76776123046875 -0.0340576171875
0.0108184814453125 -0.02630615234375 0.66229248046875 -0.651611328125
-0.0203056335449219 -0.0136299133300781 -0.114990234375 -0.77117919921875
-0.0169649124145508 -0.00245189666748047 -0.535797119140625 -0.281494140625
0.00454139709472656 0.0120029449462891 -0.44720458984375 0.0630798339843751
0.0218467712402344 0.0098114013671875 -0.128570556640625 0.210693359375
0.0173511505126953 0.000202178955078125 0.106185913085937 0.1705322265625
0.0229263305664063 -0.0111217498779297 -0.055816650390625 -0.15020751953125
0.02490234375 0.0112648010253906 0.197357177734375 -0.154891967773438
0.0192470550537109 0.0325641632080078 0.41192626953125 0.036651611328125
-0.0068817138671875 0.0418930053710938 0.42987060546875 0.42083740234375
-0.049957275390625 0.00392532348632813 -0.08282470703125 0.72442626953125
-0.0329856872558594 -0.044036865234375 -0.67236328125 0.57501220703125
0.0281524658203125 -0.00441551208496094 -0.66595458984375 0.0872192382812499
0.0678062438964844 0.0373916625976563 0.0399093627929688 0.0870132446289062
0.0504837036132813 0.00351715087890625 0.76922607421875 -0.03582763671875
0.00380516052246094 -0.0210762023925781 0.660400390625 -0.65240478515625
-0.0240726470947266 -0.00399971008300781 -0.12030029296875 -0.76898193359375
-0.011052131652832 0.00135993957519531 -0.53546142578125 -0.27838134765625
0.0125808715820313 0.0113363265991211 -0.445068359375 0.063629150390625
0.0287570953369141 0.00833892822265625 -0.1259765625 0.212005615234375
0.0191173553466797 -0.00316238403320313 0.103927612304688 0.174697875976562
0.0258102416992188 -0.0139560699462891 -0.057708740234375 -0.151229858398437
0.0322322845458984 0.0102272033691406 0.20379638671875 -0.1566162109375
0.0256767272949219 0.0327816009521484 0.41412353515625 0.03448486328125
-0.0029449462890625 0.0460052490234375 0.43353271484375 0.4212646484375
-0.0543937683105469 0.0119094848632812 -0.082275390625 0.72283935546875
-0.0384902954101562 -0.0395431518554688 -0.67132568359375 0.57708740234375
0.0245800018310547 -0.00594139099121094 -0.66375732421875 0.0875854492187501
0.0642318725585938 0.033111572265625 0.0441741943359375 0.0895614624023438
0.04559326171875 0.00290679931640625 0.77532958984375 -0.03729248046875
-0.00360202789306641 -0.0169992446899414 0.660400390625 -0.65362548828125
-0.0257682800292969 0.0030059814453125 -0.119873046875 -0.769287109375
-0.0083770751953125 0.00681400299072266 -0.534332275390625 -0.276947021484375
0.0182342529296875 0.0131416320800781 -0.44329833984375 0.0650329589843751
0.0353889465332031 0.0063018798828125 -0.124923706054687 0.211013793945313
0.0217456817626953 -0.00718116760253906 0.107131958007812 0.174591064453125
0.00714492797851563 0.00143527984619141 -0.048248291015625 -0.1715087890625
0.00785064697265625 0.0237388610839844 0.204132080078125 -0.172744750976562
0.00455856323242188 0.0336475372314453 0.431854248046875 0.019256591796875
-0.0153083801269531 0.0234050750732422 0.466278076171875 0.40118408203125
-0.0444450378417969 -0.0190505981445312 -0.0353393554687501 0.7215576171875
-0.00970840454101563 -0.0573387145996094 -0.62646484375 0.59539794921875
0.0615577697753906 0.000217437744140625 -0.6412353515625 0.10760498046875
0.0947647094726563 0.0564346313476562 0.0549545288085938 0.0955429077148437
0.0804672241210938 0.0120086669921875 0.799072265625 -0.013916015625
0.0295429229736328 -0.0320358276367188 0.714599609375 -0.64276123046875
-0.0153141021728516 -0.0286693572998047 -0.0700683593749999 -0.7877197265625
-0.0230388641357422 -0.0152091979980469 -0.511962890625 -0.305694580078125
-0.00349140167236328 0.00955390930175781 -0.43841552734375 0.0458679199218751
0.0107364654541016 0.0191192626953125 -0.125259399414062 0.1942138671875
0.00349903106689453 0.0073084831237793 0.113418579101563 0.154556274414063
0.00900936126708985 0.00252628326416016 -0.0508575439453125 -0.169097900390625
0.00521087646484375 0.0243473052978516 0.198959350585937 -0.171112060546875
0.00043296813964844 0.0338802337646484 0.42431640625 0.020172119140625
-0.0158500671386719 0.0209770202636719 0.4600830078125 0.401947021484375
-0.0442771911621094 -0.0218391418457031 -0.03973388671875 0.71710205078125
-0.00711441040039062 -0.0586776733398438 -0.63446044921875 0.591064453125
0.0600357055664063 -0.000812530517578125 -0.646240234375 0.10546875
0.0918045043945312 0.0556869506835938 0.0470809936523438 0.092620849609375
0.0796279907226563 0.01220703125 0.79254150390625 -0.0146484375
0.0317859649658203 -0.03497314453125 0.7056884765625 -0.63909912109375
-0.0150871276855469 -0.03155517578125 -0.0760498046875 -0.7811279296875
-0.0244598388671875 -0.0153102874755859 -0.515716552734375 -0.302215576171875
-0.00774097442626953 0.0100326538085938 -0.4393310546875 0.049102783203125
0.008209228515625 0.0187606811523438 -0.125701904296875 0.199783325195312
0.00379562377929687 0.00864934921264648 0.112960815429688 0.160293579101563
0.00894832611083984 0.00208759307861328 -0.050872802734375 -0.16259765625
0.00389862060546875 0.0211582183837891 0.19927978515625 -0.167266845703125
-0.000701904296874998 0.0337657928466797 0.42095947265625 0.025787353515625
-0.0156669616699219 0.0227241516113281 0.45465087890625 0.407440185546875
-0.0434303283691406 -0.02191162109375 -0.04840087890625 0.72222900390625
-0.00809478759765626 -0.0571632385253906 -0.64422607421875 0.594970703125
0.0588226318359375 0.00112533569335938 -0.65618896484375 0.1021728515625
0.0897598266601563 0.055572509765625 0.0419921875 0.08941650390625
0.0773391723632813 0.0125198364257813 0.7857666015625 -0.01971435546875
0.0302486419677734 -0.0337486267089844 0.6973876953125 -0.64398193359375
-0.0142936706542969 -0.0311298370361328 -0.0858764648437499 -0.7841796875
-0.0251083374023438 -0.0155620574951172 -0.523834228515625 -0.29840087890625
-0.00736618041992188 0.00840044021606445 -0.446533203125 0.0529785156250001
0.0079345703125 0.0172595977783203 -0.129669189453125 0.201751708984375
0.00720834732055664 0.00736522674560547 0.109542846679688 0.161727905273437
0.0128307342529297 -0.000391006469726563 -0.0516510009765625 -0.159774780273438
0.00716590881347656 0.0204982757568359 0.196731567382812 -0.164031982421875
0.00125694274902344 0.0335235595703125 0.415802001953125 0.029449462890625
-0.0140018463134766 0.0254383087158203 0.444488525390625 0.40875244140625
-0.0441932678222656 -0.0178108215332031 -0.0599365234374999 0.72161865234375
-0.0109710693359375 -0.0552482604980469 -0.6549072265625 0.5882568359375
0.0520362854003906 0.000804901123046875 -0.661376953125 0.09674072265625
0.0834426879882813 0.052520751953125 0.0370101928710938 0.0874176025390625
0.0714263916015625 0.0107269287109375 0.77850341796875 -0.02142333984375
0.0252857208251953 -0.0323715209960938 0.68414306640625 -0.64312744140625
-0.0159358978271484 -0.0287837982177734 -0.0953979492187501 -0.77764892578125
-0.0231113433837891 -0.0120792388916016 -0.526763916015625 -0.29388427734375
-0.00547409057617187 0.00953578948974609 -0.446990966796875 0.0574340820312501
0.00975990295410156 0.0154438018798828 -0.130050659179687 0.206329345703125
0.0107669830322266 0.00769329071044922 0.111480712890625 0.167068481445312
0.0169544219970703 -0.00398635864257813 -0.052886962890625 -0.152908325195313
0.0112819671630859 0.0168132781982422 0.19732666015625 -0.15875244140625
0.00640678405761719 0.0333118438720703 0.414825439453125 0.032806396484375
-0.0122509002685547 0.0299911499023438 0.4393310546875 0.416717529296875
-0.0435523986816406 -0.0120506286621094 -0.06976318359375 0.72564697265625
-0.0174407958984375 -0.0518455505371094 -0.66290283203125 0.58441162109375
0.0438308715820312 -0.00124740600585938 -0.66717529296875 0.0928344726562501
0.0777664184570312 0.0464553833007813 0.0355300903320313 0.0865631103515625
0.0644798278808594 0.0106201171875 0.77276611328125 -0.0284423828125
0.0196571350097656 -0.0305538177490234 0.67584228515625 -0.6492919921875
-0.0169258117675781 -0.0213336944580078 -0.1065673828125 -0.77789306640625
-0.0196208953857422 -0.00690841674804688 -0.53466796875 -0.288665771484375
-0.00206947326660156 0.0115432739257813 -0.4488525390625 0.0585327148437501
0.0139474868774414 0.0119295120239258 -0.13201904296875 0.208251953125
0.0142049789428711 0.00266456604003906 0.106735229492187 0.169647216796875
0.0201187133789063 -0.00767326354980469 -0.0550994873046875 -0.150360107421875
0.0188732147216797 0.0144500732421875 0.198623657226563 -0.156890869140625
0.0139179229736328 0.0329113006591797 0.414215087890625 0.03656005859375
-0.0081024169921875 0.0357856750488281 0.43560791015625 0.419464111328125
-0.0489273071289063 -0.00404739379882813 -0.0775146484375 0.7276611328125
-0.0247955322265625 -0.0468788146972656 -0.6732177734375 0.580810546875
0.0370941162109375 -0.00292587280273438 -0.67071533203125 0.0885009765625
0.0711746215820313 0.0422592163085938 0.035308837890625 0.0868682861328125
0.057342529296875 0.00649642944335938 0.77197265625 -0.0321044921875
0.0113067626953125 -0.0256938934326172 0.66815185546875 -0.65087890625
-0.0203514099121094 -0.0136470794677734 -0.11474609375 -0.775634765625
-0.0162925720214844 -0.00328636169433593 -0.537445068359375 -0.2838134765625
0.00358486175537109 0.0109872817993164 -0.44970703125 0.0626525878906251
0.0222034454345703 0.00949859619140625 -0.129608154296875 0.212203979492188
0.0172548294067383 -0.000233650207519531 0.105392456054688 0.171722412109375
0.0230293273925781 -0.0104408264160156 -0.0551300048828125 -0.149551391601563
0.0248889923095703 0.0130805969238281 0.199798583984375 -0.156814575195313
0.0191516876220703 0.0329017639160156 0.413116455078125 0.038330078125
-0.00557327270507813 0.0409736633300781 0.431976318359375 0.424346923828125
-0.05169677734375 0.00477218627929688 -0.0828247070312499 0.7259521484375
-0.0323905944824219 -0.0423774719238281 -0.67559814453125 0.57904052734375
0.029754638671875 -0.00263214111328125 -0.6695556640625 0.0838012695312499
0.0662651062011719 0.0371131896972656 0.03948974609375 0.0879974365234375
0.0480461120605469 0.004486083984375 0.77362060546875 -0.032958984375
0.00375556945800781 -0.0220279693603516 0.6632080078125 -0.65350341796875
-0.0219573974609375 -0.00598907470703125 -0.11859130859375 -0.77447509765625
-0.0120363235473633 0.0029306411743164 -0.5399169921875 -0.2806396484375
0.0107650756835938 0.0118227005004883 -0.4486083984375 0.0643920898437501
0.0291595458984375 0.00741386413574219 -0.127273559570312 0.213485717773438
0.0192756652832031 -0.00464248657226563 0.104507446289063 0.174911499023438
0.0255546569824219 -0.0145664215087891 -0.057403564453125 -0.152435302734375
0.0328178405761719 0.0102615356445312 0.204299926757813 -0.1575927734375
0.0263710021972656 0.0339145660400391 0.418121337890625 0.036376953125
-0.00337982177734375 0.0465431213378906 0.43597412109375 0.424774169921875
-0.0552291870117188 0.0107002258300781 -0.08477783203125 0.7271728515625
-0.0388221740722656 -0.0379104614257812 -0.67828369140625 0.57666015625
0.0246601104736328 -0.00511741638183594 -0.66705322265625 0.0848999023437501
0.0648345947265625 0.0342903137207031 0.043426513671875 0.0897064208984375
0.0452842712402344 0.00384140014648438 0.77752685546875 -0.0338134765625
-0.00332927703857422 -0.0170526504516602 0.6666259765625 -0.6549072265625
-0.0261936187744141 0.00236892700195312 -0.12060546875 -0.7767333984375
-0.00715970993041992 0.00742006301879883 -0.5377197265625 -0.281158447265625
0.0178108215332031 0.0134410858154297 -0.4449462890625 0.0652770996093751
0.0365257263183594 0.00597763061523437 -0.1259765625 0.212387084960938
0.0222873687744141 -0.00711631774902344 0.10638427734375 0.177108764648438
0.00726127624511719 0.00117683410644531 -0.0491180419921875 -0.174301147460938
0.00845718383789062 0.0248374938964844 0.207046508789062 -0.173919677734375
0.00533866882324219 0.0348377227783203 0.435943603515625 0.02081298828125
-0.0139007568359375 0.0223426818847656 0.4713134765625 0.405517578125
-0.0442619323730469 -0.0193099975585937 -0.0355224609375 0.72735595703125
-0.00898361206054688 -0.0575103759765625 -0.63421630859375 0.59832763671875
0.0625190734863281 -0.000598907470703125 -0.64666748046875 0.10565185546875
0.0936660766601563 0.0555267333984375 0.0543212890625 0.0943832397460938
0.0784683227539062 0.0115585327148438 0.80615234375 -0.0123291015625
0.030670166015625 -0.0315971374511719 0.7205810546875 -0.64617919921875
-0.0148239135742188 -0.0288887023925781 -0.0689086914062501 -0.79486083984375
-0.0241432189941406 -0.0145797729492187 -0.5157470703125 -0.310455322265625
-0.00502872467041016 0.00927448272705078 -0.4398193359375 0.04510498046875
0.0101547241210937 0.0193958282470703 -0.1278076171875 0.195968627929688
0.00477409362792969 0.00756025314331055 0.111785888671875 0.156265258789063
0.00825071334838867 0.00122594833374023 -0.049468994140625 -0.17010498046875
0.00640678405761719 0.0247173309326172 0.202835083007813 -0.173416137695313
0.00181198120117188 0.035491943359375 0.4283447265625 0.0220947265625
-0.0162429809570312 0.0213947296142578 0.463897705078125 0.40264892578125
-0.0434989929199219 -0.0219230651855469 -0.04254150390625 0.72271728515625
-0.00719070434570312 -0.0583534240722656 -0.63909912109375 0.594970703125
0.0616798400878906 0.0004730224609375 -0.65350341796875 0.1026611328125
0.0922698974609375 0.0565261840820313 0.0465087890625 0.0917892456054688
0.079345703125 0.0131683349609375 0.7967529296875 -0.01287841796875
0.0308876037597656 -0.0352859497070313 0.71234130859375 -0.64093017578125
-0.0145912170410156 -0.0324573516845703 -0.07952880859375 -0.78857421875
-0.02484130859375 -0.0181236267089844 -0.5194091796875 -0.30419921875
-0.00826120376586914 0.00741147994995117 -0.443023681640625 0.05059814453125
0.00835227966308594 0.0175991058349609 -0.127761840820313 0.19964599609375
0.00429725646972656 0.00957870483398437 0.113723754882812 0.162277221679688
0.0122747421264648 0.00114917755126953 -0.0503082275390625 -0.16546630859375
0.00572586059570313 0.023651123046875 0.201171875 -0.167892456054687
0.00187110900878906 0.0345649719238281 0.426513671875 0.02716064453125
-0.0167179107666016 0.0223407745361328 0.456207275390625 0.40960693359375
-0.0427818298339844 -0.0216331481933594 -0.0524902343750001 0.727783203125
-0.00824356079101563 -0.0584716796875 -0.649658203125 0.59857177734375
0.0586433410644531 0.000244140625 -0.6627197265625 0.100341796875
0.0902862548828125 0.0556869506835938 0.0407943725585938 0.0903549194335938
0.0767440795898438 0.0134963989257813 0.79022216796875 -0.0189208984375
0.0303153991699219 -0.0340023040771484 0.7034912109375 -0.64837646484375
-0.0140609741210938 -0.0307884216308594 -0.0843505859375 -0.791015625
-0.0250759124755859 -0.0163974761962891 -0.527862548828125 -0.302398681640625
-0.00790739059448242 0.00803661346435547 -0.44964599609375 0.050628662109375
0.00654792785644531 0.0173130035400391 -0.13116455078125 0.201263427734375
0.00829839706420899 0.00795316696166992 0.1102294921875 0.162124633789063
0.0133399963378906 -0.000936508178710938 -0.0513458251953125 -0.161209106445313
0.00661277770996094 0.0203361511230469 0.200241088867188 -0.16387939453125
0.00235176086425781 0.0338420867919922 0.419677734375 0.0321044921875
-0.0140781402587891 0.0253696441650391 0.4478759765625 0.413299560546875
-0.0444221496582031 -0.0183525085449219 -0.0624389648437499 0.72698974609375
-0.0113563537597656 -0.0563583374023438 -0.66046142578125 0.59124755859375
0.0531005859375 0.0003814697265625 -0.66583251953125 0.093994140625
0.0820846557617188 0.0523834228515625 0.035491943359375 0.087005615234375
0.0709075927734375 0.0108489990234375 0.783447265625 -0.02081298828125
0.0263118743896484 -0.0328083038330078 0.69195556640625 -0.6468505859375
-0.0144996643066406 -0.0276088714599609 -0.0949096679687499 -0.783935546875
-0.0224704742431641 -0.0130786895751953 -0.5323486328125 -0.296630859375
-0.00665569305419922 0.0084385871887207 -0.45074462890625 0.0558471679687501
0.00919246673583984 0.0155849456787109 -0.131057739257813 0.207061767578125
0.00996494293212891 0.00745868682861328 0.110122680664063 0.170013427734375
0.0160713195800781 -0.00208377838134766 -0.0533599853515625 -0.153640747070313
0.0111923217773438 0.0168828964233398 0.19830322265625 -0.159011840820312
0.00693130493164063 0.0356216430664063 0.418609619140625 0.03387451171875
-0.0121173858642578 0.0301551818847656 0.442626953125 0.418182373046875
-0.0463829040527344 -0.0103416442871094 -0.07293701171875 0.72906494140625
-0.0167961120605469 -0.0516204833984375 -0.66943359375 0.58941650390625
0.0454902648925781 -0.00083160400390625 -0.6737060546875 0.0922241210937499
0.0767440795898438 0.0483779907226563 0.0351104736328125 0.0858535766601563
0.0652046203613281 0.00888442993164063 0.77801513671875 -0.025146484375
0.0183734893798828 -0.0288219451904297 0.68212890625 -0.654541015625
-0.0193042755126953 -0.0216655731201172 -0.10650634765625 -0.78607177734375
-0.0206317901611328 -0.00876617431640625 -0.53680419921875 -0.293548583984375
-0.00100231170654297 0.00995922088623047 -0.45562744140625 0.0583801269531251
0.0149097442626953 0.0138940811157227 -0.132858276367187 0.210357666015625
0.0149335861206055 0.00346946716308594 0.106643676757813 0.16986083984375
0.0210456848144531 -0.00696945190429688 -0.0547027587890625 -0.151473999023437
0.0187225341796875 0.0153541564941406 0.200546264648437 -0.158981323242187
0.0141773223876953 0.0342636108398438 0.419677734375 0.03790283203125
-0.00907516479492187 0.0367698669433594 0.438385009765625 0.424285888671875
-0.0488700866699219 -0.00389862060546874 -0.07952880859375 0.73236083984375
-0.0255661010742187 -0.0473289489746094 -0.67901611328125 0.5858154296875
0.0348148345947266 -0.00117874145507812 -0.675048828125 0.0888061523437501
0.0713882446289063 0.0418014526367188 0.0337448120117188 0.0857467651367187
0.0573806762695313 0.00569915771484375 0.77703857421875 -0.028076171875
0.0118541717529297 -0.0242786407470703 0.6763916015625 -0.6558837890625
-0.0182895660400391 -0.0144443511962891 -0.11529541015625 -0.783203125
-0.0157880783081055 -0.00384330749511719 -0.54168701171875 -0.28704833984375
0.00385570526123047 0.0103979110717773 -0.453948974609375 0.0635681152343751
0.0218009948730469 0.00897026062011719 -0.129974365234375 0.213043212890625
0.0187549591064453 -0.000268936157226562 0.105911254882812 0.175369262695313
0.0236072540283203 -0.0110034942626953 -0.056793212890625 -0.1522216796875
0.0255928039550781 0.0142383575439453 0.201797485351563 -0.157196044921875
0.0204372406005859 0.0338573455810547 0.41632080078125 0.03759765625
-0.00445556640625 0.0408058166503906 0.436309814453125 0.426849365234375
-0.0534858703613281 0.00312042236328125 -0.0863647460937501 0.7332763671875
-0.0332679748535156 -0.0415000915527344 -0.6846923828125 0.58148193359375
0.0294456481933594 -0.00325584411621094 -0.67486572265625 0.0853271484375001
0.066009521484375 0.037322998046875 0.0376205444335938 0.087127685546875
0.0503959655761719 0.00506210327148438 0.7769775390625 -0.03009033203125
0.00350761413574219 -0.0210056304931641 0.6717529296875 -0.656005859375
-0.0223522186279297 -0.00475883483886719 -0.12017822265625 -0.7816162109375
-0.0130128860473633 0.0035715103149414 -0.543212890625 -0.2852783203125
0.0115995407104492 0.0130043029785156 -0.451568603515625 0.06475830078125
0.0293922424316406 0.00974273681640625 -0.130020141601563 0.213119506835938
0.0218219757080078 -0.0047607421875 0.104995727539063 0.17919921875
0.0255241394042969 -0.0149822235107422 -0.0570068359375 -0.154632568359375
0.0332889556884766 0.0107765197753906 0.206146240234375 -0.158981323242188
0.027130126953125 0.0331707000732422 0.423065185546875 0.0360107421875
-0.00365447998046875 0.0459823608398437 0.439666748046875 0.427276611328125
-0.0548667907714844 0.0106430053710937 -0.08392333984375 0.73236083984375
-0.0391197204589844 -0.0365638732910156 -0.68536376953125 0.580078125
0.0248851776123047 -0.00454139709472656 -0.67315673828125 0.0844116210937501
0.0645904541015625 0.0338935852050781 0.0421905517578125 0.0899581909179688
0.045318603515625 0.00431442260742187 0.7822265625 -0.03204345703125
-0.00407886505126953 -0.0169095993041992 0.67059326171875 -0.6590576171875
-0.0249099731445313 0.00179100036621094 -0.12060546875 -0.7806396484375
-0.00903415679931641 0.00687789916992187 -0.538970947265625 -0.28375244140625
0.0182437896728516 0.0132007598876953 -0.45050048828125 0.06500244140625
0.0348911285400391 0.00644111633300781 -0.128372192382813 0.212448120117187
0.0223102569580078 -0.00802803039550781 0.105789184570313 0.178604125976563
0.00731992721557617 -0.000854969024658203 -0.0476837158203125 -0.176071166992187
0.00896072387695312 0.0247955322265625 0.208572387695312 -0.17559814453125
0.00598526000976562 0.0355300903320313 0.440093994140625 0.019744873046875
-0.0134487152099609 0.0230216979980469 0.47607421875 0.40869140625
-0.0461158752441406 -0.0203399658203125 -0.03680419921875 0.73223876953125
-0.00928497314453126 -0.05609130859375 -0.64007568359375 0.60345458984375
0.0620689392089844 0.000408172607421875 -0.653564453125 0.10595703125
0.0941848754882813 0.0549545288085938 0.05560302734375 0.0956649780273437
0.0795364379882813 0.013092041015625 0.81146240234375 -0.01025390625
0.0302791595458984 -0.0329189300537109 0.72735595703125 -0.65167236328125
-0.0159435272216797 -0.0290145874023438 -0.0692138671875001 -0.80230712890625
-0.0252304077148438 -0.0156841278076172 -0.522247314453125 -0.311981201171875
-0.00570869445800781 0.00943470001220703 -0.44500732421875 0.0471496582031251
0.0112590789794922 0.0180740356445313 -0.129791259765625 0.197402954101563
0.00403738021850586 0.00600814819335938 0.114776611328125 0.158035278320313
0.00888729095458984 0.000865936279296875 -0.0487213134765625 -0.172958374023438
0.00603294372558594 0.0241947174072266 0.205245971679687 -0.174087524414062
0.00214385986328125 0.0342597961425781 0.433380126953125 0.021331787109375
-0.0146331787109375 0.0202865600585938 0.47021484375 0.4056396484375
-0.0443687438964844 -0.0228691101074219 -0.04034423828125 0.7308349609375
-0.00754928588867187 -0.0582466125488281 -0.646484375 0.6015625
0.0612258911132812 0.00028228759765625 -0.65863037109375 0.1021728515625
0.0930328369140625 0.056610107421875 0.0463409423828125 0.0922698974609375
0.0800247192382813 0.0134658813476563 0.80206298828125 -0.01300048828125
0.0314273834228516 -0.0344963073730469 0.7166748046875 -0.64892578125
-0.0135688781738281 -0.0327568054199219 -0.0790405273437501 -0.79541015625
-0.0248298645019531 -0.0179691314697266 -0.52508544921875 -0.30657958984375
-0.00804376602172852 0.00830173492431641 -0.44708251953125 0.051849365234375
0.00856208801269532 0.0185680389404297 -0.129745483398438 0.201522827148437
0.00518512725830078 0.00887966156005859 0.114456176757813 0.164703369140625
0.010406494140625 0.00104713439941406 -0.0508575439453125 -0.167526245117188
0.00475692749023438 0.0237350463867188 0.202850341796875 -0.168869018554688
0.00196456909179688 0.0362052917480469 0.430908203125 0.0277099609375
-0.0146369934082031 0.0225467681884766 0.4622802734375 0.41351318359375
-0.0449867248535156 -0.0222587585449219 -0.0509033203125 0.73553466796875
-0.0075225830078125 -0.0570335388183594 -0.655517578125 0.6025390625
0.0588150024414063 0.00112533569335938 -0.6695556640625 0.10150146484375
0.0891189575195313 0.055206298828125 0.0401535034179688 0.0893173217773438
0.0777969360351563 0.012786865234375 0.7977294921875 -0.01947021484375
0.030487060546875 -0.0352439880371094 0.70989990234375 -0.65277099609375
-0.0143508911132812 -0.0317058563232422 -0.08660888671875 -0.79791259765625
-0.0260715484619141 -0.015838623046875 -0.533050537109375 -0.306060791015625
-0.00900077819824219 0.00844001770019531 -0.453399658203125 0.0530700683593751
0.00752735137939453 0.0170135498046875 -0.1322021484375 0.2049560546875
0.00800466537475586 0.0079960823059082 0.11236572265625 0.16571044921875
0.0145282745361328 -0.000784873962402344 -0.0516815185546875 -0.16265869140625
0.00676536560058594 0.0195426940917969 0.198867797851562 -0.167221069335938
0.00312614440917968 0.0340785980224609 0.425933837890625 0.030517578125
-0.0137100219726562 0.025115966796875 0.45391845703125 0.413726806640625
-0.0442047119140625 -0.0181198120117188 -0.06134033203125 0.7327880859375
-0.0121002197265625 -0.0540657043457031 -0.6669921875 0.5958251953125
0.0529403686523437 -0.000171661376953125 -0.6729736328125 0.0946655273437499
0.083953857421875 0.0518951416015625 0.0359039306640625 0.087127685546875
0.0717391967773438 0.0116958618164063 0.7886962890625 -0.02099609375
0.0252513885498047 -0.0311489105224609 0.69830322265625 -0.6497802734375
-0.0154685974121094 -0.0284614562988281 -0.0945434570312499 -0.79248046875
-0.0224227905273437 -0.0137519836425781 -0.5374755859375 -0.29840087890625
-0.00764703750610352 0.00817680358886719 -0.4542236328125 0.057342529296875
0.0106105804443359 0.0164728164672852 -0.132278442382813 0.2086181640625
0.0111885070800781 0.00704383850097656 0.11175537109375 0.170455932617188
0.0162582397460938 -0.00512218475341797 -0.053924560546875 -0.15582275390625
0.0125617980957031 0.0176105499267578 0.201004028320313 -0.162033081054688
0.00962638854980469 0.0332489013671875 0.423553466796875 0.035430908203125
-0.0115699768066406 0.0313701629638672 0.448150634765625 0.422027587890625
-0.0444908142089844 -0.0111198425292969 -0.072265625 0.73760986328125
-0.0173988342285156 -0.0521049499511719 -0.67529296875 0.59375
0.0444068908691406 -0.00115585327148437 -0.6805419921875 0.091064453125
0.0787124633789063 0.0461502075195313 0.0338973999023438 0.0866622924804688
0.0645790100097656 0.00971221923828125 0.78515625 -0.02545166015625
0.018585205078125 -0.0305919647216797 0.688720703125 -0.65618896484375
-0.0165138244628906 -0.0218067169189453 -0.1064453125 -0.79107666015625
-0.0206470489501953 -0.00936126708984375 -0.54376220703125 -0.294219970703125
-0.00340557098388672 0.0100746154785156 -0.459014892578125 0.0599670410156249
0.0148124694824219 0.0122861862182617 -0.13531494140625 0.211090087890625
0.0156087875366211 0.00245285034179688 0.10675048828125 0.171722412109375
0.0213375091552734 -0.00862503051757813 -0.055328369140625 -0.154205322265625
0.0182323455810547 0.0151271820068359 0.202957153320312 -0.160293579101562
0.0145835876464844 0.0348663330078125 0.422515869140625 0.03582763671875
-0.00835609436035156 0.0342788696289063 0.443328857421875 0.4267578125
-0.04840087890625 -0.00504684448242188 -0.0814208984375 0.73919677734375
-0.0245361328125 -0.0459671020507813 -0.68487548828125 0.59185791015625
0.03643798828125 -0.00295257568359375 -0.6812744140625 0.08831787109375
0.0725173950195313 0.041015625 0.0346145629882813 0.0866622924804688
0.0562858581542969 0.00784683227539063 0.78399658203125 -0.0279541015625
0.0106163024902344 -0.0243301391601563 0.67987060546875 -0.659912109375
-0.01934814453125 -0.0135707855224609 -0.115966796875 -0.78887939453125
-0.0170183181762695 -0.00363826751708984 -0.5479736328125 -0.289154052734375
0.00419712066650391 0.010345458984375 -0.458465576171875 0.064178466796875
0.0223331451416016 0.00987434387207031 -0.13323974609375 0.214614868164063
0.0193290710449219 -0.00166893005371094 0.107559204101563 0.17657470703125
0.0237331390380859 -0.0104656219482422 -0.055877685546875 -0.154159545898437
0.0253810882568359 0.0132789611816406 0.2044677734375 -0.158294677734375
0.0222072601318359 0.0338973999023438 0.424530029296875 0.0369873046875
-0.00446701049804688 0.03900146484375 0.4420166015625 0.429229736328125
-0.0527114868164063 0.00291061401367186 -0.08709716796875 0.7398681640625
-0.0321197509765625 -0.0400047302246094 -0.68865966796875 0.5870361328125
0.0292530059814453 -0.00516128540039063 -0.6820068359375 0.0827026367187501
0.0671844482421875 0.037109375 0.0364913940429688 0.0866165161132812
0.050140380859375 0.0042572021484375 0.78277587890625 -0.02874755859375
0.00335121154785156 -0.0193271636962891 0.6741943359375 -0.66107177734375
-0.0227909088134766 -0.00537300109863281 -0.12200927734375 -0.7884521484375
-0.0116939544677734 0.0018320083618164 -0.545623779296875 -0.28582763671875
0.0106172561645508 0.0114831924438477 -0.457244873046875 0.0670471191406249
0.0291404724121094 0.0079345703125 -0.130630493164063 0.215789794921875
0.0215358734130859 -0.0042572021484375 0.107223510742188 0.179855346679688
0.0259475708007813 -0.0156822204589844 -0.0573272705078125 -0.154632568359375
0.0348892211914063 0.0109310150146484 0.208740234375 -0.160430908203125
0.0284519195556641 0.0337009429931641 0.428070068359375 0.035858154296875
-0.00197219848632812 0.0457534790039062 0.444061279296875 0.4307861328125
-0.0542716979980469 0.0115394592285156 -0.0863037109375001 0.7403564453125
-0.0395584106445312 -0.0366668701171875 -0.690185546875 0.58636474609375
0.0246639251708984 -0.00491142272949219 -0.6798095703125 0.0830078125000001
0.0652542114257813 0.0334663391113281 0.0421905517578125 0.0903091430664062
0.0454444885253906 0.00362396240234375 0.78839111328125 -0.03143310546875
-0.00372028350830078 -0.0168609619140625 0.67724609375 -0.664794921875
-0.0259532928466797 0.0019989013671875 -0.12060546875 -0.788818359375
-0.00916957855224609 0.008270263671875 -0.5452880859375 -0.286102294921875
0.0175037384033203 0.0127220153808594 -0.4532470703125 0.0660400390625001
0.0364227294921875 0.0063629150390625 -0.12921142578125 0.21514892578125
0.023590087890625 -0.00813102722167969 0.108352661132812 0.181716918945313
0.00809621810913086 0.000530242919921875 -0.049041748046875 -0.177017211914062
0.00829124450683594 0.025146484375 0.210418701171875 -0.177566528320313
0.00554656982421875 0.0355873107910156 0.446990966796875 0.018463134765625
-0.0131511688232422 0.0225906372070312 0.483978271484375 0.409210205078125
-0.0460090637207031 -0.0210227966308594 -0.03533935546875 0.74163818359375
-0.00909423828125001 -0.0558090209960938 -0.6455078125 0.61151123046875
0.063201904296875 0.0001678466796875 -0.66033935546875 0.10601806640625
0.0950241088867188 0.0548171997070313 0.0541763305664063 0.0953216552734375
0.0803680419921875 0.0138092041015625 0.8209228515625 -0.01043701171875
0.0307998657226563 -0.0318698883056641 0.73309326171875 -0.657958984375
-0.0141925811767578 -0.0306396484375 -0.0720825195312501 -0.81195068359375
-0.0248203277587891 -0.0172405242919922 -0.52618408203125 -0.313385009765625
-0.00548458099365234 0.00882148742675781 -0.450469970703125 0.049346923828125
0.011199951171875 0.0186557769775391 -0.131561279296875 0.2000732421875
0.00431060791015625 0.00649785995483398 0.115463256835938 0.1597900390625
0.0082087516784668 0.00171899795532227 -0.0485076904296875 -0.174911499023438
0.00462722778320313 0.0244827270507813 0.205886840820313 -0.177383422851563
0.00317764282226562 0.0361709594726563 0.438140869140625 0.0211181640625
-0.014495849609375 0.0217342376708984 0.475341796875 0.409698486328125
-0.0449981689453125 -0.0222587585449219 -0.0393676757812501 0.73809814453125
-0.00662994384765625 -0.0567092895507813 -0.65142822265625 0.60980224609375
0.062957763671875 0.000213623046875 -0.66607666015625 0.1043701171875
0.0931854248046875 0.0564193725585938 0.0473785400390625 0.0921096801757813
0.081573486328125 0.013671875 0.81109619140625 -0.013671875
0.033111572265625 -0.0335292816162109 0.72467041015625 -0.655029296875
-0.0139408111572266 -0.0329780578613281 -0.08135986328125 -0.80389404296875
-0.02569580078125 -0.0180244445800781 -0.53045654296875 -0.309600830078125
-0.00858402252197266 0.00905132293701172 -0.451873779296875 0.0535888671875
0.0082550048828125 0.0181350708007812 -0.1300048828125 0.204071044921875
0.00469303131103516 0.00872135162353516 0.116134643554688 0.166091918945313
0.0109319686889648 -9.5367431640625E-07 -0.04925537109375 -0.168777465820313
0.00395584106445312 0.0240020751953125 0.206100463867187 -0.171493530273438
0.002410888671875 0.0353622436523437 0.435089111328125 0.026397705078125
-0.0149116516113281 0.0214405059814453 0.46856689453125 0.416412353515625
-0.0446281433105469 -0.0226821899414062 -0.0521240234375 0.7442626953125
-0.00700759887695313 -0.0576019287109375 -0.66253662109375 0.61016845703125
0.0608291625976562 0.001190185546875 -0.6754150390625 0.10174560546875
0.0913314819335938 0.054840087890625 0.0415115356445313 0.0888824462890625
0.0770797729492188 0.0122299194335938 0.8048095703125 -0.017333984375
0.0303440093994141 -0.0341682434082031 0.71551513671875 -0.65936279296875
-0.0132122039794922 -0.0330867767333984 -0.0900268554687501 -0.8074951171875
-0.0253849029541016 -0.0173988342285156 -0.538909912109375 -0.3067626953125
-0.00909519195556641 0.00920009613037109 -0.460357666015625 0.0551147460937499
0.00774002075195312 0.0175142288208008 -0.135147094726562 0.206756591796875
0.00902366638183594 0.00738620758056641 0.114089965820312 0.166290283203125
0.0132541656494141 -0.00219917297363281 -0.0528564453125 -0.165206909179688
0.00694847106933594 0.0210971832275391 0.202957153320313 -0.17022705078125
0.00300407409667969 0.0343093872070313 0.432159423828125 0.028961181640625
-0.0137119293212891 0.0246257781982422 0.45928955078125 0.41949462890625
-0.0454330444335938 -0.01873779296875 -0.0613403320312501 0.74072265625
-0.0106086730957031 -0.0551834106445313 -0.67425537109375 0.603759765625
0.0540504455566406 0.0009765625 -0.68218994140625 0.095703125
0.0843276977539063 0.05120849609375 0.0350418090820313 0.0872573852539063
0.071533203125 0.0115737915039063 0.796142578125 -0.020751953125
0.0258998870849609 -0.03387451171875 0.7069091796875 -0.66046142578125
-0.0161495208740234 -0.0283699035644531 -0.09942626953125 -0.800537109375
-0.0243339538574219 -0.0144119262695313 -0.5433349609375 -0.2996826171875
-0.00705146789550781 0.00921821594238281 -0.460784912109375 0.0595703125
0.0101747512817383 0.01531982421875 -0.135223388671875 0.210174560546875
0.0117597579956055 0.00743579864501953 0.113235473632813 0.172821044921875
0.0190315246582031 -0.00470733642578125 -0.052642822265625 -0.160247802734375
0.0131149291992188 0.0175762176513672 0.20330810546875 -0.162933349609375
0.00921630859375 0.0361213684082031 0.43023681640625 0.03271484375
-0.0108757019042969 0.0291557312011719 0.453857421875 0.42437744140625
-0.0448455810546875 -0.0128860473632812 -0.0708618164062499 0.7457275390625
-0.0181159973144531 -0.0502586364746094 -0.68194580078125 0.60198974609375
0.0455818176269531 -0.000431060791015625 -0.6881103515625 0.0913696289062499
0.077423095703125 0.0470199584960937 0.0337753295898438 0.085693359375
0.0649375915527344 0.00902557373046875 0.79254150390625 -0.02642822265625
0.0188522338867188 -0.0281867980957031 0.6942138671875 -0.6650390625
-0.0175247192382812 -0.0229110717773438 -0.1090087890625 -0.7999267578125
-0.0206890106201172 -0.00924873352050782 -0.54925537109375 -0.2950439453125
-0.00164794921875 0.00931835174560547 -0.4630126953125 0.06292724609375
0.0153646469116211 0.0122013092041016 -0.136627197265625 0.214218139648438
0.0168161392211914 0.00357437133789063 0.10858154296875 0.17572021484375
0.0219764709472656 -0.00765609741210938 -0.0555877685546875 -0.156600952148438
0.0204429626464844 0.01556396484375 0.204727172851563 -0.162521362304688
0.0154800415039063 0.0338096618652344 0.42962646484375 0.036041259765625
-0.00700759887695313 0.0342903137207031 0.451385498046875 0.428955078125
-0.0494003295898438 -0.00464248657226562 -0.0808105468750001 0.748046875
-0.0245094299316406 -0.0457496643066406 -0.6922607421875 0.59814453125
0.0379257202148438 -0.00223541259765625 -0.689697265625 0.0887451171875
0.0717239379882813 0.0419082641601563 0.0342941284179688 0.0868606567382813
0.0575218200683594 0.00761795043945313 0.790771484375 -0.03045654296875
0.0112190246582031 -0.0247383117675781 0.6846923828125 -0.66998291015625
-0.0195140838623047 -0.0137062072753906 -0.11846923828125 -0.799072265625
-0.0171976089477539 -0.00335121154785157 -0.55364990234375 -0.290435791015625
0.00225830078125 0.0122861862182617 -0.462677001953125 0.066314697265625
0.0225791931152344 0.00969886779785156 -0.135116577148438 0.216964721679688
0.0192890167236328 -0.000665664672851563 0.108810424804688 0.178680419921875
0.0231590270996094 -0.0127620697021484 -0.055633544921875 -0.153900146484375
0.0275497436523437 0.0135841369628906 0.207717895507813 -0.162109375
0.0234260559082031 0.0348491668701172 0.429656982421875 0.038360595703125
-0.00486373901367188 0.0408515930175781 0.4473876953125 0.4324951171875
-0.0532760620117188 0.00354385375976563 -0.0854492187500001 0.748291015625
-0.0325050354003906 -0.0397758483886719 -0.6956787109375 0.59417724609375
0.0317001342773438 -0.00309371948242188 -0.68975830078125 0.0843505859375001
0.0665130615234375 0.03546142578125 0.0359039306640625 0.088409423828125
0.0506324768066406 0.00426101684570313 0.79107666015625 -0.0303955078125
0.00240707397460937 -0.0207366943359375 0.68115234375 -0.669677734375
-0.0215873718261719 -0.00646781921386719 -0.12445068359375 -0.796630859375
-0.0127496719360352 0.00266647338867188 -0.553436279296875 -0.28802490234375
0.00977516174316406 0.0124063491821289 -0.460540771484375 0.068115234375
0.0289421081542969 0.00806045532226563 -0.132965087890625 0.21923828125
0.0221004486083984 -0.00436973571777344 0.108489990234375 0.181777954101563
0.0271072387695313 -0.0161838531494141 -0.05743408203125 -0.158065795898438
0.0341663360595703 0.0118370056152344 0.211395263671875 -0.162322998046875
0.0298557281494141 0.034881591796875 0.432220458984375 0.034088134765625
-0.000888824462890622 0.0454177856445313 0.450042724609375 0.434234619140625
-0.0550498962402344 0.01068115234375 -0.0867309570312499 0.74786376953125
-0.0391769409179688 -0.0354652404785156 -0.6986083984375 0.594970703125
0.0254230499267578 -0.00491142272949219 -0.6881103515625 0.0840454101562501
0.0641555786132813 0.0322990417480469 0.041839599609375 0.0888595581054688
0.0448493957519531 0.0037384033203125 0.79608154296875 -0.0322265625
-0.00518894195556641 -0.0163068771362305 0.68389892578125 -0.67254638671875
-0.0252323150634766 0.00246620178222656 -0.12469482421875 -0.7979736328125
-0.00859212875366211 0.00818920135498047 -0.55450439453125 -0.287994384765625
0.0166311264038086 0.0128173828125 -0.4580078125 0.0684509277343749
0.0379600524902344 0.00522994995117188 -0.131256103515625 0.21783447265625
0.0237350463867188 -0.00887680053710938 0.1090087890625 0.182281494140625
0.00811576843261719 0.00146245956420898 -0.0488433837890625 -0.180572509765625
0.00902366638183594 0.0264911651611328 0.213531494140625 -0.18096923828125
0.00713348388671875 0.0357322692871094 0.45208740234375 0.01690673828125
-0.0126953125 0.0226249694824219 0.49078369140625 0.4110107421875
-0.0469856262207031 -0.0209617614746094 -0.0317993164062499 0.75018310546875
-0.00913619995117188 -0.0552635192871094 -0.64984130859375 0.62213134765625
0.0633430480957031 0.00114822387695313 -0.668212890625 0.1099853515625
0.0949783325195313 0.0549468994140625 0.053497314453125 0.09564208984375
0.080535888671875 0.013580322265625 0.82757568359375 -0.01348876953125
0.0300197601318359 -0.0326251983642578 0.73797607421875 -0.668701171875
-0.0144157409667969 -0.0306053161621094 -0.0785522460937501 -0.8218994140625
-0.0265941619873047 -0.0162029266357422 -0.533477783203125 -0.31488037109375
-0.00683403015136719 0.00961399078369141 -0.456756591796875 0.051300048828125
0.0115890502929688 0.0192852020263672 -0.131515502929688 0.202911376953125
0.00572299957275391 0.00531387329101563 0.118438720703125 0.161788940429688
0.00871372222900391 0.000931262969970703 -0.0516510009765625 -0.177200317382813
0.00619697570800781 0.0266437530517578 0.208084106445313 -0.180831909179688
0.00342178344726562 0.0353202819824219 0.44451904296875 0.01947021484375
-0.0145397186279297 0.0211353302001953 0.483306884765625 0.410736083984375
-0.0456352233886719 -0.0230712890625 -0.03717041015625 0.745361328125
-0.00711822509765625 -0.0570716857910156 -0.65704345703125 0.61798095703125
0.0634422302246094 0.00174713134765625 -0.67431640625 0.108154296875
0.09405517578125 0.0549392700195313 0.0457992553710937 0.0923233032226562
0.0810317993164063 0.0141754150390625 0.81903076171875 -0.01446533203125
0.0321273803710938 -0.0339870452880859 0.7291259765625 -0.66583251953125
-0.0130882263183594 -0.0334529876708984 -0.08319091796875 -0.81353759765625
-0.0260486602783203 -0.0179824829101563 -0.5384521484375 -0.309814453125
-0.00953578948974609 0.0083160400390625 -0.458343505859375 0.0569763183593749
0.00645256042480469 0.0182285308837891 -0.132064819335938 0.207229614257813
0.00530385971069336 0.00873088836669922 0.119522094726563 0.167755126953125
0.0105018615722656 0.0003204345703125 -0.050994873046875 -0.171829223632813
0.00535774230957031 0.0243110656738281 0.208297729492188 -0.17388916015625
0.00335693359375 0.0356178283691406 0.444061279296875 0.02362060546875
-0.0143604278564453 0.0219573974609375 0.477386474609375 0.41766357421875
-0.0446014404296875 -0.0231170654296875 -0.0489501953125001 0.75146484375
-0.00836563110351562 -0.0565338134765625 -0.66943359375 0.6214599609375
0.0611724853515625 0.00142288208007812 -0.6837158203125 0.10345458984375
0.0914306640625 0.054931640625 0.0402603149414063 0.0886764526367188
0.07818603515625 0.0128097534179687 0.81488037109375 -0.02099609375
0.0303783416748047 -0.0343532562255859 0.72216796875 -0.67047119140625
-0.0143833160400391 -0.0336360931396484 -0.0960083007812501 -0.8160400390625
-0.0270233154296875 -0.0168266296386719 -0.5455322265625 -0.30682373046875
-0.0102291107177734 0.00897407531738281 -0.4639892578125 0.0593261718750001
0.00733661651611328 0.0168638229370117 -0.135818481445313 0.211502075195312
0.00898551940917969 0.00670528411865234 0.114822387695313 0.169174194335938
0.0141439437866211 -0.00109386444091797 -0.0540618896484375 -0.166244506835938
0.00798225402832031 0.0216045379638672 0.205368041992188 -0.171539306640625
0.00390243530273437 0.0359306335449219 0.4368896484375 0.02685546875
-0.0132579803466797 0.0233173370361328 0.468475341796875 0.420257568359375
-0.0455360412597656 -0.0182723999023437 -0.0594482421875 0.75091552734375
-0.0111427307128906 -0.0544929504394531 -0.6781005859375 0.61334228515625
0.0550804138183594 0.000461578369140625 -0.68914794921875 0.10003662109375
0.0836715698242188 0.051605224609375 0.0358505249023438 0.086883544921875
0.0720901489257813 0.0110244750976563 0.804443359375 -0.022705078125
0.0250320434570312 -0.0322475433349609 0.709228515625 -0.66961669921875
-0.0152206420898437 -0.0292720794677734 -0.10430908203125 -0.8092041015625
-0.0254573822021484 -0.0132980346679688 -0.552276611328125 -0.299530029296875
-0.00772285461425781 0.0091400146484375 -0.465789794921875 0.0625305175781251
0.010406494140625 0.0154714584350586 -0.13623046875 0.2142333984375
0.011509895324707 0.00534915924072266 0.115249633789063 0.175552368164063
0.0173749923706055 -0.00615501403808594 -0.0522003173828125 -0.159423828125
0.0126018524169922 0.0202369689941406 0.206298828125 -0.165679931640625
0.0093536376953125 0.0353775024414063 0.43621826171875 0.03076171875
-0.00938224792480468 0.0279464721679688 0.461334228515625 0.427093505859375
-0.047698974609375 -0.0127182006835938 -0.0680541992187499 0.75592041015625
-0.0174369812011719 -0.0494232177734375 -0.68756103515625 0.61328125
0.0472068786621094 0.00035858154296875 -0.69403076171875 0.094482421875
0.078277587890625 0.04583740234375 0.0327529907226563 0.0858612060546875
0.0653724670410156 0.00814437866210937 0.79925537109375 -0.0286865234375
0.0190486907958984 -0.0293903350830078 0.699462890625 -0.6759033203125
-0.0164813995361328 -0.0231723785400391 -0.114501953125 -0.81036376953125
-0.0224056243896484 -0.0100650787353516 -0.555328369140625 -0.297393798828125
-0.00352191925048828 0.0102252960205078 -0.469390869140625 0.0668640136718751
0.0142183303833008 0.0124921798706055 -0.13751220703125 0.21820068359375
0.0162105560302734 0.0030517578125 0.111190795898437 0.177474975585938
0.022491455078125 -0.00872802734375 -0.0563201904296875 -0.157669067382812
0.020538330078125 0.0155410766601563 0.207366943359375 -0.164718627929688
0.0160465240478516 0.0351161956787109 0.43402099609375 0.03375244140625
-0.00678253173828125 0.03546142578125 0.457916259765625 0.43096923828125
-0.0501632690429688 -0.005218505859375 -0.0783081054687499 0.754638671875
-0.0266456604003906 -0.0451240539550781 -0.69732666015625 0.6092529296875
0.0386581420898438 -0.00215530395507813 -0.69873046875 0.0930175781250001
0.072357177734375 0.0407333374023438 0.0335617065429688 0.086334228515625
0.0573234558105469 0.00730133056640625 0.79840087890625 -0.0322265625
0.0101737976074219 -0.0255546569824219 0.6922607421875 -0.67938232421875
-0.0201263427734375 -0.0138263702392578 -0.12347412109375 -0.80731201171875
-0.0184803009033203 -0.0038299560546875 -0.5635986328125 -0.28961181640625
0.00214004516601562 0.011561393737793 -0.467926025390625 0.0709228515624999
0.0220794677734375 0.00938606262207031 -0.1357421875 0.219772338867187
0.0200653076171875 -0.0015869140625 0.110595703125 0.17913818359375
0.0245037078857422 -0.0131702423095703 -0.0552520751953125 -0.157928466796875
0.0287857055664063 0.0135555267333984 0.210540771484375 -0.16436767578125
0.0238456726074219 0.0354156494140625 0.4373779296875 0.03546142578125
-0.0041961669921875 0.0408058166503906 0.456268310546875 0.43572998046875
-0.0536308288574219 0.00249862670898437 -0.0839843749999999 0.7569580078125
-0.0343055725097656 -0.0393257141113281 -0.70355224609375 0.60394287109375
0.0312652587890625 -0.00352096557617188 -0.6990966796875 0.0877685546875001
0.067352294921875 0.0361061096191406 0.0358352661132813 0.0884780883789063
0.04974365234375 0.00434112548828125 0.798095703125 -0.03466796875
0.00125312805175781 -0.0197525024414063 0.6861572265625 -0.678466796875
-0.0228252410888672 -0.00528335571289062 -0.129150390625 -0.8050537109375
-0.0139808654785156 0.00180816650390625 -0.5628662109375 -0.28887939453125
0.00813007354736328 0.0118598937988281 -0.4669189453125 0.0723876953125001
0.0299415588378906 0.00783348083496094 -0.132904052734375 0.22076416015625
0.0228595733642578 -0.00514793395996094 0.11029052734375 0.182968139648438
0.0272865295410156 -0.0165557861328125 -0.0582733154296875 -0.159317016601563
0.0348625183105469 0.0111637115478516 0.213394165039063 -0.165069580078125
0.0305881500244141 0.0350494384765625 0.439300537109375 0.033599853515625
-0.0012359619140625 0.0463180541992188 0.4586181640625 0.4356689453125
-0.0554161071777344 0.0115318298339844 -0.08587646484375 0.75732421875
-0.0389900207519531 -0.0349807739257812 -0.70245361328125 0.6036376953125
0.0260162353515625 -0.00521278381347656 -0.69598388671875 0.0863037109375002
0.0652236938476563 0.0317649841308594 0.0420455932617188 0.090057373046875
0.0455970764160156 0.0036773681640625 0.80511474609375 -0.03662109375
-0.00436687469482422 -0.0157108306884766 0.68817138671875 -0.6826171875
-0.0252227783203125 0.00131797790527344 -0.13006591796875 -0.8065185546875
-0.00982475280761719 0.00655174255371094 -0.5609130859375 -0.288330078125
0.0161771774291992 0.0130510330200195 -0.463958740234375 0.07244873046875
0.0375289916992188 0.00616455078125 -0.131011962890625 0.222137451171875
0.0253181457519531 -0.00993728637695313 0.111190795898438 0.18505859375
0.00871944427490234 -0.000315189361572266 -0.0514984130859375 -0.18145751953125
0.00957107543945312 0.0270519256591797 0.216064453125 -0.185867309570312
0.00735855102539063 0.0355339050292969 0.458343505859375 0.012847900390625
-0.011810302734375 0.0209751129150391 0.50067138671875 0.4124755859375
-0.0489273071289062 -0.0207176208496094 -0.0272216796875 0.75958251953125
-0.00953674316406249 -0.0544815063476562 -0.65380859375 0.63458251953125
0.0666580200195313 -0.00038909912109375 -0.67669677734375 0.11572265625
0.0969009399414063 0.0552978515625 0.053802490234375 0.0963516235351563
0.0808868408203125 0.012664794921875 0.83746337890625 -0.02142333984375
0.0302181243896484 -0.0321197509765625 0.7431640625 -0.68218994140625
-0.0141029357910156 -0.0317707061767578 -0.0859374999999999 -0.8309326171875
-0.0268173217773438 -0.0163917541503906 -0.54364013671875 -0.314208984375
-0.00638008117675781 0.0110435485839844 -0.46148681640625 0.0566406250000001
0.0107021331787109 0.0188426971435547 -0.133697509765625 0.207809448242187
0.00573348999023438 0.00505304336547852 0.119766235351563 0.162216186523438
0.00864076614379883 0.000826835632324219 -0.0519866943359375 -0.17926025390625
0.00675010681152344 0.0259666442871094 0.210983276367188 -0.185745239257813
0.00344467163085938 0.0357627868652344 0.451080322265625 0.014190673828125
-0.0128612518310547 0.0193157196044922 0.49395751953125 0.411895751953125
-0.0457611083984375 -0.0236396789550781 -0.03314208984375 0.7562255859375
-0.00765228271484375 -0.057464599609375 -0.65997314453125 0.6319580078125
0.0643424987792969 -0.0007476806640625 -0.68231201171875 0.11126708984375
0.0932388305664062 0.0548782348632812 0.0456924438476563 0.092803955078125
0.0810089111328125 0.0132827758789063 0.8275146484375 -0.02154541015625
0.0324115753173828 -0.0346240997314453 0.73297119140625 -0.6773681640625
-0.0131549835205078 -0.0337963104248047 -0.09234619140625 -0.8233642578125
-0.0272674560546875 -0.0192680358886719 -0.550323486328125 -0.309326171875
-0.0102558135986328 0.00831985473632813 -0.46368408203125 0.06219482421875
0.00709724426269531 0.0186481475830078 -0.133071899414062 0.210159301757813
0.00592184066772461 0.00843667984008789 0.120162963867188 0.169952392578125
0.0115518569946289 -0.000290870666503906 -0.0537261962890625 -0.172210693359375
0.0048828125 0.0243320465087891 0.210769653320313 -0.178421020507812
0.00296783447265625 0.03485107421875 0.45001220703125 0.019622802734375
-0.0139656066894531 0.0217227935791016 0.485870361328125 0.416656494140625
-0.0457763671875 -0.02227783203125 -0.04364013671875 0.76031494140625
-0.00752639770507812 -0.0560035705566406 -0.67041015625 0.63214111328125
0.0621871948242188 9.918212890625E-05 -0.69158935546875 0.10894775390625
0.0918807983398438 0.054107666015625 0.0412979125976562 0.0902099609375
0.0782241821289063 0.0130691528320313 0.8212890625 -0.026123046875
0.0316505432128906 -0.0338211059570313 0.72442626953125 -0.68402099609375
-0.0130176544189453 -0.0339336395263672 -0.10272216796875 -0.82696533203125
-0.0276145935058594 -0.0178871154785156 -0.55450439453125 -0.30706787109375
-0.0103702545166016 0.00855636596679688 -0.469696044921875 0.0621337890625
0.00784492492675781 0.0163650512695313 -0.136459350585938 0.214447021484375
0.00993537902832031 0.00574874877929688 0.116836547851563 0.170394897460938
0.0146913528442383 -0.00394916534423828 -0.05609130859375 -0.169036865234375
0.00671768188476562 0.0216903686523438 0.207992553710938 -0.175323486328125
0.00513076782226562 0.0351123809814453 0.444061279296875 0.0235595703125
-0.0118904113769531 0.0236225128173828 0.47796630859375 0.422088623046875
-0.0452690124511719 -0.0182876586914063 -0.0550537109375 0.7603759765625
-0.0115966796875 -0.05230712890625 -0.68194580078125 0.62713623046875
0.0553550720214844 -0.000957489013671875 -0.6976318359375 0.1048583984375
0.08453369140625 0.0510025024414063 0.03515625 0.088531494140625
0.0733413696289062 0.0110015869140625 0.812255859375 -0.02850341796875
0.0258064270019531 -0.0317974090576172 0.71258544921875 -0.6805419921875
-0.0150337219238281 -0.0313034057617187 -0.11163330078125 -0.8192138671875
-0.0271034240722656 -0.0151500701904297 -0.56072998046875 -0.299835205078125
-0.00873565673828125 0.00939464569091797 -0.46978759765625 0.06884765625
0.0103826522827148 0.0158157348632813 -0.137237548828125 0.217239379882813
0.0124149322509766 0.00447559356689453 0.11834716796875 0.177093505859375
0.0180244445800781 -0.0049896240234375 -0.0544891357421875 -0.16278076171875
0.0150260925292969 0.0194091796875 0.209259033203125 -0.170135498046875
0.009796142578125 0.035980224609375 0.442474365234375 0.02789306640625
-0.0102176666259766 0.0297069549560547 0.47283935546875 0.42681884765625
-0.0469093322753906 -0.012481689453125 -0.0637207031249999 0.7657470703125
-0.0172615051269531 -0.0494155883789063 -0.6929931640625 0.6246337890625
0.0463523864746094 -0.00117874145507813 -0.70367431640625 0.10089111328125
0.07977294921875 0.0447006225585938 0.0335617065429688 0.0863723754882813
0.0646438598632813 0.00830841064453125 0.808837890625 -0.03533935546875
0.0201416015625 -0.0302562713623047 0.70111083984375 -0.68756103515625
-0.0181407928466797 -0.0250034332275391 -0.12481689453125 -0.818603515625
-0.0234336853027344 -0.00996780395507813 -0.5653076171875 -0.29571533203125
-0.00531768798828125 0.00926589965820312 -0.47576904296875 0.072357177734375
0.0158119201660156 0.0133752822875977 -0.137466430664063 0.2216796875
0.0171604156494141 0.000687599182128906 0.11328125 0.1790771484375
0.0227031707763672 -0.00938224792480469 -0.0571136474609375 -0.16021728515625
0.0212593078613281 0.0165538787841797 0.21014404296875 -0.168441772460938
0.0178260803222656 0.0356101989746094 0.44134521484375 0.029754638671875
-0.00596237182617188 0.0356025695800781 0.46551513671875 0.432952880859375
-0.0503921508789063 -0.00629425048828124 -0.074462890625 0.76654052734375
-0.0255317687988281 -0.0436210632324219 -0.70263671875 0.6209716796875
0.0388908386230469 -0.00182342529296875 -0.7054443359375 0.0966186523437501
0.0724945068359375 0.0390090942382813 0.0345306396484375 0.0874710083007813
0.056610107421875 0.00635147094726563 0.806884765625 -0.0380859375
0.0100040435791016 -0.025543212890625 0.69268798828125 -0.691162109375
-0.0193767547607422 -0.0144424438476562 -0.1324462890625 -0.81658935546875
-0.0183658599853516 -0.00378990173339844 -0.572021484375 -0.29022216796875
0.00212860107421875 0.0111818313598633 -0.47320556640625 0.0747680664062501
0.0226631164550781 0.0106124877929688 -0.135726928710937 0.223770141601563
0.0197715759277344 -0.00309562683105469 0.113357543945313 0.1817626953125
0.0251979827880859 -0.0129566192626953 -0.0592498779296875 -0.15887451171875
0.0285854339599609 0.0140151977539062 0.211746215820312 -0.16705322265625
0.0249748229980469 0.0362052917480469 0.441650390625 0.031341552734375
-0.00385284423828125 0.0404319763183594 0.464630126953125 0.4354248046875
-0.0531463623046875 0.00476455688476562 -0.08026123046875 0.76531982421875
-0.0324668884277344 -0.0389213562011719 -0.70574951171875 0.6160888671875
0.0328178405761719 -0.00449752807617188 -0.7041015625 0.09271240234375
0.0678825378417969 0.033935546875 0.0385589599609375 0.0876235961914063
0.051513671875 0.00419998168945313 0.80633544921875 -0.03900146484375
0.00152778625488281 -0.0180339813232422 0.68951416015625 -0.689208984375
-0.0244941711425781 -0.00635719299316407 -0.1380615234375 -0.814453125
-0.0148134231567383 0.00237274169921875 -0.56976318359375 -0.28814697265625
0.008880615234375 0.0120506286621094 -0.47015380859375 0.0754089355468751
0.0312404632568359 0.00712203979492188 -0.134841918945313 0.224334716796875
0.0240402221679688 -0.00518035888671875 0.113128662109375 0.184494018554688
0.0263652801513672 -0.0175552368164063 -0.05938720703125 -0.161300659179688
0.0351753234863281 0.011566162109375 0.215805053710938 -0.169036865234375
0.0322132110595703 0.0349025726318359 0.4464111328125 0.030242919921875
0.000717163085937496 0.0450477600097656 0.468231201171875 0.43609619140625
-0.0568618774414063 0.0109291076660156 -0.079833984375 0.76849365234375
-0.0400314331054687 -0.03411865234375 -0.70843505859375 0.6171875
0.0276260375976563 -0.0056304931640625 -0.7037353515625 0.0907592773437499
0.0642852783203125 0.0309524536132813 0.0423126220703125 0.08917236328125
0.0452079772949219 0.00382232666015625 0.81353759765625 -0.04156494140625
-0.00484275817871094 -0.0151948928833008 0.68890380859375 -0.69390869140625
-0.0259151458740234 0.00170135498046875 -0.13720703125 -0.817626953125
-0.0105581283569336 0.00679683685302734 -0.57000732421875 -0.28631591796875
0.0161037445068359 0.0131063461303711 -0.470977783203125 0.07647705078125
0.0372695922851563 0.0048980712890625 -0.131179809570313 0.225204467773438
0.0259552001953125 -0.00942611694335938 0.11407470703125 0.187469482421875
0.00874614715576172 -0.000355720520019531 -0.053131103515625 -0.184356689453125
0.0101680755615234 0.0260944366455078 0.215911865234375 -0.189590454101563
0.0089263916015625 0.0371742248535156 0.464508056640625 0.008209228515625
-0.0118541717529297 0.0226993560791016 0.511016845703125 0.4119873046875
-0.0480918884277344 -0.0197563171386719 -0.02020263671875 0.769775390625
-0.00965499877929688 -0.0545883178710938 -0.65435791015625 0.64898681640625
0.0662307739257812 -0.000934600830078125 -0.68267822265625 0.1212158203125
0.0975112915039063 0.0543899536132813 0.0546188354492188 0.0942840576171875
0.0809402465820313 0.012603759765625 0.8448486328125 -0.02734375
0.0300483703613281 -0.0321464538574219 0.74639892578125 -0.69635009765625
-0.0161685943603516 -0.0307273864746094 -0.0946044921875001 -0.8394775390625
-0.0281028747558594 -0.0163822174072266 -0.55181884765625 -0.311859130859375
-0.00774669647216797 0.010101318359375 -0.46685791015625 0.0625610351562501
0.0114727020263672 0.0192966461181641 -0.134353637695313 0.211181640625
0.00657081604003906 0.00501108169555664 0.12384033203125 0.164382934570313
0.00945663452148438 -0.000239372253417969 -0.0525360107421875 -0.181137084960938
0.00715255737304687 0.0276699066162109 0.21136474609375 -0.189727783203125
0.00493240356445313 0.0352516174316406 0.458160400390625 0.009613037109375
-0.0124912261962891 0.0193061828613281 0.503570556640625 0.410186767578125
-0.0475616455078125 -0.022491455078125 -0.0269775390625001 0.763671875
-0.007537841796875 -0.0555801391601563 -0.66229248046875 0.6429443359375
0.0653343200683594 -0.00077056884765625 -0.6890869140625 0.1182861328125
0.09552001953125 0.053863525390625 0.0467071533203125 0.0931549072265625
0.084014892578125 0.0127410888671875 0.835693359375 -0.02630615234375
0.0315399169921875 -0.0344676971435547 0.73333740234375 -0.69122314453125
-0.0141944885253906 -0.0334491729736328 -0.10260009765625 -0.8321533203125
-0.0282745361328125 -0.0190410614013672 -0.557220458984375 -0.30499267578125
-0.0104703903198242 0.00968647003173828 -0.46771240234375 0.0676574707031251
0.00934982299804688 0.0186767578125 -0.132904052734375 0.21429443359375
0.00714349746704102 0.00857257843017578 0.1229248046875 0.17108154296875
0.0113964080810547 0.000514030456542969 -0.0542755126953125 -0.174835205078125
0.00597572326660156 0.0254001617431641 0.210922241210938 -0.181900024414063
0.00580596923828125 0.0369071960449219 0.455078125 0.01556396484375
-0.0125503540039062 0.0216617584228516 0.495361328125 0.4197998046875
-0.0464096069335938 -0.0230331420898437 -0.03759765625 0.77203369140625
-0.00757980346679687 -0.0555000305175781 -0.67327880859375 0.64691162109375
0.06298828125 0.000244140625 -0.698486328125 0.11614990234375
0.0923385620117188 0.0513992309570313 0.0405426025390625 0.08929443359375
0.0784988403320313 0.0125503540039063 0.82891845703125 -0.0325927734375
0.0310783386230469 -0.0351448059082031 0.7244873046875 -0.69683837890625
-0.014495849609375 -0.0335140228271484 -0.1109619140625 -0.8328857421875
-0.0287399291992187 -0.0181903839111328 -0.56396484375 -0.304931640625
-0.0115413665771484 0.0100173950195312 -0.475982666015625 0.0699462890625001
0.00827598571777344 0.0175609588623047 -0.135757446289063 0.217330932617188
0.0115604400634766 0.00658798217773437 0.1201171875 0.171524047851563
0.0133686065673828 -0.00217819213867188 -0.0571136474609375 -0.17059326171875
0.00887680053710937 0.0227222442626953 0.208541870117188 -0.1790771484375
0.00746726989746094 0.0350418090820313 0.449005126953125 0.020599365234375
-0.0112380981445313 0.0239143371582031 0.48760986328125 0.41998291015625
-0.04638671875 -0.0182075500488281 -0.0501098632812501 0.76995849609375
-0.0116920471191406 -0.053497314453125 -0.684814453125 0.64068603515625
0.0556793212890625 -0.0008392333984375 -0.70477294921875 0.110595703125
0.0867385864257813 0.0494155883789063 0.0361785888671875 0.0869903564453125
0.0725326538085938 0.010284423828125 0.819091796875 -0.0350341796875
0.0247631072998047 -0.0323200225830078 0.71282958984375 -0.69512939453125
-0.0148353576660156 -0.0311565399169922 -0.1214599609375 -0.82659912109375
-0.0278759002685547 -0.0140151977539062 -0.56964111328125 -0.2994384765625
-0.00929546356201172 0.0113077163696289 -0.475616455078125 0.0745849609375
0.012293815612793 0.0150394439697266 -0.136245727539063 0.223434448242188
0.0149679183959961 0.00616741180419922 0.121322631835938 0.177978515625
0.0186519622802734 -0.00592422485351563 -0.055938720703125 -0.164047241210938
0.012908935546875 0.0207271575927734 0.21075439453125 -0.173828125
0.0107154846191406 0.0354576110839844 0.45001220703125 0.022308349609375
-0.00910186767578125 0.0289249420166016 0.481414794921875 0.427337646484375
-0.0482826232910156 -0.0128898620605469 -0.0592041015625 0.77508544921875
-0.0179977416992188 -0.0488014221191406 -0.6956787109375 0.63751220703125
0.0477027893066406 -0.000957489013671875 -0.709716796875 0.10894775390625
0.0792922973632813 0.0457839965820313 0.0338973999023438 0.08697509765625
0.0643882751464844 0.0089569091796875 0.8160400390625 -0.0413818359375
0.0173664093017578 -0.0301685333251953 0.7015380859375 -0.70220947265625
-0.0177879333496094 -0.0242500305175781 -0.13336181640625 -0.82611083984375
-0.0218753814697266 -0.00947952270507813 -0.576171875 -0.292236328125
-0.00690555572509766 0.0111598968505859 -0.478973388671875 0.077301025390625
0.0156717300415039 0.0112981796264648 -0.139511108398438 0.225723266601563
0.016261100769043 -0.000347137451171875 0.11676025390625 0.179534912109375
0.0221691131591797 -0.00902748107910156 -0.0587921142578125 -0.161666870117188
0.0206203460693359 0.0170688629150391 0.210250854492188 -0.173324584960938
0.0177841186523438 0.0349674224853516 0.447265625 0.024932861328125
-0.00609016418457031 0.0342350006103516 0.47711181640625 0.43341064453125
-0.050384521484375 -0.00372314453125 -0.0679321289062501 0.775146484375
-0.025909423828125 -0.0433006286621094 -0.70458984375 0.63409423828125
0.0400009155273438 -0.00334930419921875 -0.7139892578125 0.10284423828125
0.0729598999023438 0.0388565063476563 0.0348663330078125 0.0873489379882812
0.0581398010253906 0.00732040405273437 0.813232421875 -0.0462646484375
0.0102462768554687 -0.0255641937255859 0.69427490234375 -0.7049560546875
-0.0208625793457031 -0.0151176452636719 -0.1412353515625 -0.82464599609375
-0.0193920135498047 -0.00362205505371094 -0.5814208984375 -0.2869873046875
0.00261211395263672 0.0108480453491211 -0.479583740234375 0.0809631347656249
0.022491455078125 0.00985145568847656 -0.136489868164062 0.227874755859375
0.0218334197998047 -0.00290298461914063 0.115463256835937 0.184066772460938
0.024505615234375 -0.0150814056396484 -0.06011962890625 -0.162246704101563
0.0302829742431641 0.0145111083984375 0.213836669921875 -0.172683715820313
0.0256328582763672 0.0337257385253906 0.448822021484375 0.026092529296875
-0.00142288208007813 0.0412750244140625 0.47601318359375 0.433197021484375
-0.053314208984375 0.00408172607421875 -0.0748291015624999 0.77685546875
-0.0340080261230469 -0.0387077331542969 -0.7103271484375 0.62860107421875
0.0310783386230469 -0.00455856323242188 -0.712890625 0.0996093750000001
0.0672988891601563 0.0340614318847656 0.0369415283203125 0.0879440307617188
0.0492668151855469 0.0041656494140625 0.81500244140625 -0.0443115234375
0.000844955444335938 -0.0179958343505859 0.69091796875 -0.703125
-0.0235576629638672 -0.0064849853515625 -0.14691162109375 -0.82171630859375
-0.0146455764770508 0.00269412994384766 -0.5787353515625 -0.2850341796875
0.00897216796875 0.0129642486572266 -0.47607421875 0.081756591796875
0.0313396453857422 0.00583457946777344 -0.1348876953125 0.229873657226563
0.0244064331054688 -0.00743484497070313 0.11505126953125 0.189132690429688
0.0268688201904297 -0.0174694061279297 -0.061370849609375 -0.16314697265625
0.0373878479003906 0.0118255615234375 0.217498779296875 -0.174606323242188
0.0325775146484375 0.0343990325927734 0.45269775390625 0.025390625
0.00101852416992187 0.0456924438476562 0.47735595703125 0.4365234375
-0.0572166442871094 0.0109138488769531 -0.07586669921875 0.77783203125
-0.0393867492675781 -0.0330162048339844 -0.71063232421875 0.631591796875
0.0261669158935547 -0.00629043579101563 -0.7108154296875 0.0993652343749999
0.0648384094238281 0.0305557250976563 0.0424957275390625 0.0899734497070313
0.0458297729492188 0.00370025634765625 0.81982421875 -0.0478515625
-0.00559711456298828 -0.014286994934082 0.69305419921875 -0.70989990234375
-0.025726318359375 0.00208854675292969 -0.14691162109375 -0.8245849609375
-0.0109481811523438 0.00691986083984375 -0.580322265625 -0.283447265625
0.0161733627319336 0.0123968124389648 -0.474456787109375 0.0827636718749999
0.0377616882324219 0.0045623779296875 -0.131607055664062 0.229293823242188
0.0263595581054687 -0.0108547210693359 0.1177978515625 0.187652587890625
0.00801944732666016 -0.00131464004516602 -0.0542755126953125 -0.186279296875
0.0104312896728516 0.0271720886230469 0.218658447265625 -0.192916870117188
0.00974273681640626 0.0371322631835938 0.471466064453125 0.001495361328125
-0.0112457275390625 0.0217380523681641 0.520751953125 0.40887451171875
-0.0491714477539063 -0.020660400390625 -0.0119628906250001 0.779052734375
-0.0102958679199219 -0.053466796875 -0.656005859375 0.66424560546875
0.0666542053222656 -0.00237274169921875 -0.6883544921875 0.1292724609375
0.0986251831054688 0.0526657104492188 0.0559768676757813 0.0948410034179688
0.082275390625 0.0114059448242187 0.85009765625 -0.03717041015625
0.028839111328125 -0.0316619873046875 0.744140625 -0.71087646484375
-0.0166282653808594 -0.0322494506835938 -0.10626220703125 -0.846435546875
-0.0279102325439453 -0.0167331695556641 -0.56219482421875 -0.310333251953125
-0.00720024108886719 0.0101823806762695 -0.46978759765625 0.0713806152343749
0.0128440856933594 0.0196208953857422 -0.133987426757813 0.214111328125
0.00700139999389648 0.00464057922363281 0.125518798828125 0.164794921875
0.00870370864868164 2.86102294921875E-05 -0.0550689697265625 -0.1826171875
0.00816917419433594 0.027313232421875 0.2119140625 -0.194290161132813
0.00616455078125 0.0359611511230469 0.46282958984375 0.00445556640625
-0.0134639739990234 0.0195693969726562 0.514007568359375 0.408721923828125
-0.0471916198730469 -0.0226211547851563 -0.017333984375 0.773681640625
-0.00673675537109374 -0.0546836853027344 -0.6632080078125 0.65863037109375
0.0664901733398438 -0.00193023681640625 -0.6966552734375 0.1259765625
0.095916748046875 0.0539779663085938 0.0476608276367188 0.093048095703125
0.0820846557617187 0.012054443359375 0.8426513671875 -0.03668212890625
0.0317726135253906 -0.0344448089599609 0.73345947265625 -0.70703125
-0.0147533416748047 -0.0342197418212891 -0.115234375 -0.8394775390625
-0.0303058624267578 -0.0186729431152344 -0.56585693359375 -0.3031005859375
-0.0115776062011719 0.00963020324707031 -0.47308349609375 0.074310302734375
0.00908374786376953 0.0172796249389648 -0.133209228515625 0.2191162109375
0.00684452056884766 0.00656700134277344 0.127471923828125 0.171173095703125
0.0107831954956055 -0.000283241271972656 -0.0555267333984375 -0.176620483398438
0.00653457641601562 0.025299072265625 0.212539672851563 -0.18817138671875
0.00456619262695313 0.0365943908691406 0.46240234375 0.0101318359375
-0.0125751495361328 0.0207576751708984 0.506561279296875 0.416259765625
-0.0461502075195312 -0.0220832824707031 -0.0283203124999999 0.78106689453125
-0.00801467895507812 -0.0560722351074219 -0.673828125 0.66070556640625
0.06317138671875 -0.00139617919921875 -0.7047119140625 0.1234130859375
0.093963623046875 0.052459716796875 0.0425872802734375 0.0894088745117188
0.0794754028320312 0.0111923217773437 0.83502197265625 -0.04132080078125
0.030487060546875 -0.0344886779785156 0.7244873046875 -0.71337890625
-0.0150165557861328 -0.0346508026123047 -0.12359619140625 -0.84100341796875
-0.0289230346679688 -0.0176200866699219 -0.5743408203125 -0.3004150390625
-0.0121307373046875 0.00973606109619141 -0.4808349609375 0.076416015625
0.00913333892822266 0.0169620513916016 -0.137832641601562 0.221343994140625
0.0113601684570313 0.00555229187011719 0.122528076171875 0.17169189453125
0.0135774612426758 -0.00298118591308594 -0.05780029296875 -0.171875
0.0092620849609375 0.0225849151611328 0.2088623046875 -0.185028076171875
0.00667953491210937 0.0364875793457031 0.4560546875 0.01202392578125
-0.0108280181884766 0.0237102508544922 0.497344970703125 0.4193115234375
-0.0483169555664063 -0.0196456909179687 -0.0401000976562499 0.7799072265625
-0.0115013122558594 -0.0519256591796875 -0.6849365234375 0.65380859375
0.0565605163574219 -0.00205230712890625 -0.71142578125 0.12042236328125
0.0866622924804688 0.0486831665039062 0.03497314453125 0.0873870849609375
0.0735244750976562 0.00954437255859375 0.82647705078125 -0.0450439453125
0.0261611938476562 -0.0330791473388672 0.71185302734375 -0.710693359375
-0.0158138275146484 -0.0299797058105469 -0.13348388671875 -0.8328857421875
-0.0269489288330078 -0.0143375396728516 -0.5782470703125 -0.2918701171875
-0.00946140289306641 0.0106182098388672 -0.48101806640625 0.0818481445312499
0.0110445022583008 0.0147638320922852 -0.137496948242188 0.226821899414063
0.0145168304443359 0.00454235076904297 0.123519897460938 0.178756713867188
0.0177288055419922 -0.0057830810546875 -0.0586395263671875 -0.16558837890625
0.0129776000976562 0.0197048187255859 0.211441040039063 -0.179397583007812
0.0128707885742188 0.03607177734375 0.45452880859375 0.01605224609375
-0.008026123046875 0.0278968811035156 0.49163818359375 0.425689697265625
-0.0477066040039063 -0.0116081237792969 -0.04840087890625 0.78375244140625
-0.0175590515136719 -0.0463981628417969 -0.69305419921875 0.65447998046875
0.0480995178222656 -0.00151443481445312 -0.71673583984375 0.11676025390625
0.0794677734375 0.044281005859375 0.0333404541015625 0.086761474609375
0.0660591125488281 0.00989151000976563 0.82373046875 -0.05010986328125
0.0170001983642578 -0.0293827056884766 0.70233154296875 -0.7169189453125
-0.0181102752685547 -0.0237216949462891 -0.144775390625 -0.8345947265625
-0.0251617431640625 -0.00871086120605468 -0.585693359375 -0.28936767578125
-0.00526046752929688 0.0113105773925781 -0.48443603515625 0.0845031738281249
0.0171079635620117 0.012969970703125 -0.138442993164063 0.230194091796875
0.0176677703857422 -8.392333984375E-05 0.120407104492188 0.179977416992188
0.0211181640625 -0.0111427307128906 -0.0605316162109375 -0.163177490234375
0.0213737487792969 0.0173168182373047 0.212799072265625 -0.178207397460938
0.0190315246582031 0.0363006591796875 0.454315185546875 0.0218505859375
-0.00523757934570312 0.0347137451171875 0.48773193359375 0.4307861328125
-0.0510711669921875 -0.00362014770507812 -0.0603637695312501 0.78680419921875
-0.0258445739746094 -0.0418663024902344 -0.70465087890625 0.64923095703125
0.0401420593261719 -0.00275421142578125 -0.72003173828125 0.1116943359375
0.0744552612304688 0.0385360717773438 0.0344696044921875 0.0867691040039063
0.0583343505859375 0.0060882568359375 0.82073974609375 -0.05267333984375
0.0101070404052734 -0.0239372253417969 0.6910400390625 -0.71966552734375
-0.0197010040283203 -0.0157680511474609 -0.154052734375 -0.8309326171875
-0.0201435089111328 -0.00374794006347656 -0.59075927734375 -0.28302001953125
0.00307273864746094 0.0119876861572266 -0.483734130859375 0.0878906250000001
0.0224857330322266 0.00808334350585938 -0.13677978515625 0.23321533203125
0.0215110778808594 -0.00471115112304688 0.119476318359375 0.184585571289063
0.0245494842529297 -0.0150127410888672 -0.062255859375 -0.16259765625
0.0288372039794922 0.0139255523681641 0.215225219726563 -0.17742919921875
0.0258350372314453 0.0347347259521484 0.4541015625 0.023590087890625
-0.000125885009765625 0.04010009765625 0.483795166015625 0.43304443359375
-0.0558128356933594 0.00424957275390625 -0.0651245117187499 0.78668212890625
-0.0332450866699219 -0.0372543334960938 -0.71038818359375 0.6431884765625
0.0331077575683594 -0.00472450256347656 -0.720458984375 0.1070556640625
0.0684051513671875 0.0330734252929688 0.0377883911132813 0.0874862670898438
0.0496826171875 0.00484848022460938 0.8214111328125 -0.0535888671875
0.000717163085937502 -0.0189285278320313 0.687744140625 -0.7183837890625
-0.02325439453125 -0.00575828552246094 -0.1583251953125 -0.82794189453125
-0.015751838684082 0.000765800476074221 -0.5875244140625 -0.2799072265625
0.00800323486328125 0.0124979019165039 -0.48101806640625 0.0903930664062499
0.0309333801269531 0.005035400390625 -0.134140014648438 0.232574462890625
0.0240230560302734 -0.00991630554199219 0.12030029296875 0.187759399414063
0.0272331237792969 -0.0186042785644531 -0.063201904296875 -0.164581298828125
0.0376243591308594 0.0112228393554688 0.218307495117188 -0.178375244140625
0.0332965850830078 0.0343303680419922 0.458740234375 0.01934814453125
0.00241470336914063 0.0460433959960938 0.488311767578125 0.43377685546875
-0.0580406188964844 0.0128898620605469 -0.06732177734375 0.78668212890625
-0.0413780212402344 -0.0327529907226563 -0.7105712890625 0.645263671875
0.0272140502929688 -0.00584602355957031 -0.719482421875 0.1094970703125
0.0650825500488281 0.0299568176269531 0.0435333251953125 0.0896072387695313
0.045013427734375 0.00360107421875 0.826416015625 -0.0560302734375
-0.0059518814086914 -0.0139942169189453 0.69134521484375 -0.72186279296875
-0.0255641937255859 0.00223159790039063 -0.16058349609375 -0.8306884765625
-0.0108413696289062 0.00675296783447266 -0.58929443359375 -0.27984619140625
0.0156679153442383 0.0133943557739258 -0.477752685546875 0.09027099609375
0.0395355224609375 0.00381851196289063 -0.131851196289063 0.232513427734375
0.0263195037841797 -0.0110301971435547 0.121017456054688 0.188888549804688
0.00802707672119141 -0.000353336334228516 -0.0574798583984375 -0.187942504882813
0.0129451751708984 0.0273704528808594 0.21722412109375 -0.200286865234375
0.0101509094238281 0.0361976623535156 0.476959228515625 -0.005126953125
-0.0113906860351563 0.0219192504882813 0.531768798828125 0.40380859375
-0.0499305725097656 -0.0195426940917969 -0.00109863281250006 0.78472900390625
-0.0113143920898438 -0.0542640686035156 -0.6536865234375 0.67864990234375
0.0669593811035156 -0.0019073486328125 -0.6929931640625 0.14093017578125
0.0988006591796875 0.051849365234375 0.0563735961914063 0.0956649780273438
0.083221435546875 0.0111770629882812 0.855224609375 -0.047607421875
0.0299434661865234 -0.0321712493896484 0.74005126953125 -0.72711181640625
-0.0161952972412109 -0.0331573486328125 -0.1202392578125 -0.85400390625
-0.0303707122802734 -0.0164661407470703 -0.57122802734375 -0.3045654296875
-0.00790596008300781 0.0100107192993164 -0.476654052734375 0.0776062011718751
0.0130882263183594 0.0189018249511719 -0.130828857421875 0.2186279296875
0.00682878494262695 0.00453281402587891 0.1290283203125 0.165786743164063
0.00909328460693359 -0.00122737884521484 -0.0578765869140625 -0.183761596679688
0.00920867919921875 0.0281772613525391 0.214187622070312 -0.198226928710938
0.00748825073242187 0.0360260009765625 0.468109130859375 -0.003021240234375
-0.0109100341796875 0.0196571350097656 0.524658203125 0.40301513671875
-0.0485992431640625 -0.0229301452636719 -0.00744628906250004 0.78155517578125
-0.00789260864257812 -0.0551185607910156 -0.6611328125 0.67486572265625
0.0661087036132812 -0.0023193359375 -0.69952392578125 0.136962890625
0.097076416015625 0.0523910522460938 0.0476837158203125 0.0916900634765625
0.0820693969726563 0.0111465454101563 0.84814453125 -0.04925537109375
0.0304489135742187 -0.0352096557617187 0.7291259765625 -0.72271728515625
-0.0158061981201172 -0.0347042083740234 -0.12664794921875 -0.84454345703125
-0.0313663482666016 -0.0182895660400391 -0.5762939453125 -0.29693603515625
-0.0124473571777344 0.0100412368774414 -0.476654052734375 0.083343505859375
0.00812721252441406 0.0189552307128906 -0.132919311523437 0.222808837890625
0.00749111175537109 0.00642299652099609 0.1298828125 0.17230224609375
0.0100221633911133 -0.000767707824707031 -0.0584564208984375 -0.177032470703125
0.00793266296386719 0.0269622802734375 0.213851928710938 -0.193313598632813
0.00614547729492187 0.0369987487792969 0.467041015625 0.000366210937500002
-0.0122451782226563 0.0208110809326172 0.517822265625 0.412109375
-0.0491485595703125 -0.0216293334960938 -0.0195312500000001 0.78802490234375
-0.00857543945312499 -0.054107666015625 -0.6708984375 0.6773681640625
0.0636024475097656 -0.002105712890625 -0.710205078125 0.1356201171875
0.0948562622070313 0.0500411987304688 0.041839599609375 0.0882720947265625
0.0800552368164063 0.0109176635742188 0.8408203125 -0.05194091796875
0.0306816101074219 -0.0352935791015625 0.721435546875 -0.72991943359375
-0.0147857666015625 -0.0359725952148438 -0.13653564453125 -0.84698486328125
-0.0314826965332031 -0.0175762176513672 -0.58404541015625 -0.29473876953125
-0.0123424530029297 0.0103206634521484 -0.48406982421875 0.0855712890624999
0.0085458755493164 0.0170402526855469 -0.136505126953125 0.225570678710937
0.0107784271240234 0.0047760009765625 0.126998901367188 0.172332763671875
0.014369010925293 -0.0039825439453125 -0.0596771240234375 -0.172927856445312
0.00967788696289062 0.0236892700195313 0.209121704101563 -0.19134521484375
0.00860595703125 0.035736083984375 0.4617919921875 0.005828857421875
-0.0099639892578125 0.0221138000488281 0.508514404296875 0.416290283203125
-0.0488090515136719 -0.0184440612792969 -0.03070068359375 0.7862548828125
-0.01116943359375 -0.0532760620117188 -0.6812744140625 0.67156982421875
0.056732177734375 -0.00239944458007813 -0.71600341796875 0.12841796875
0.0879669189453125 0.047698974609375 0.0358352661132813 0.0883865356445313
0.0747146606445313 0.0093536376953125 0.8331298828125 -0.05560302734375
0.0249652862548828 -0.0326251983642578 0.708740234375 -0.7271728515625
-0.0171241760253906 -0.0312080383300781 -0.1474609375 -0.84063720703125
-0.0289077758789062 -0.0142898559570312 -0.58929443359375 -0.2867431640625
-0.010075569152832 0.0114145278930664 -0.48309326171875 0.0902099609375
0.0120134353637695 0.0149116516113281 -0.133651733398437 0.229965209960938
0.0138721466064453 0.00323581695556641 0.127166748046875 0.1787109375
0.0181808471679688 -0.00672531127929688 -0.059814453125 -0.166702270507813
0.0142135620117188 0.0201549530029297 0.211380004882813 -0.185195922851563
0.0142631530761719 0.0357208251953125 0.460968017578125 0.0093994140625
-0.00724220275878906 0.0268135070800781 0.5035400390625 0.420318603515625
-0.0511131286621094 -0.0123023986816406 -0.0406494140625 0.79180908203125
-0.0194435119628906 -0.0470123291015625 -0.693115234375 0.66876220703125
0.0487442016601563 -0.00316238403320313 -0.72216796875 0.12493896484375
0.0811538696289063 0.042938232421875 0.0341949462890625 0.0875091552734375
0.0656852722167969 0.00893783569335937 0.8282470703125 -0.0626220703125
0.0181884765625 -0.0290508270263672 0.69610595703125 -0.732666015625
-0.017791748046875 -0.0241680145263672 -0.15985107421875 -0.83807373046875
-0.0243263244628906 -0.0103607177734375 -0.596435546875 -0.28302001953125
-0.00530338287353516 0.0127992630004883 -0.485931396484375 0.0920104980468749
0.0171899795532227 0.0096435546875 -0.136856079101563 0.234512329101563
0.0185546875 -0.00107383728027344 0.123550415039062 0.181915283203125
0.0212879180908203 -0.0115795135498047 -0.06195068359375 -0.163909912109375
0.0222816467285156 0.0165119171142578 0.211441040039063 -0.18231201171875
0.0213470458984375 0.0339298248291016 0.46075439453125 0.011932373046875
-0.00390052795410157 0.0345726013183594 0.4990234375 0.425201416015625
-0.0532684326171875 -0.00396347045898437 -0.0496826171875 0.79345703125
-0.0270767211914063 -0.0421409606933594 -0.70208740234375 0.6639404296875
0.0400009155273437 -0.00501632690429687 -0.72503662109375 0.11981201171875
0.0735092163085938 0.0360183715820313 0.0348587036132813 0.0862960815429688
0.0580215454101563 0.0057525634765625 0.82513427734375 -0.065185546875
0.00940513610839843 -0.0237617492675781 0.6890869140625 -0.73492431640625
-0.0211467742919922 -0.0148429870605469 -0.1693115234375 -0.83709716796875
-0.0204410552978516 -0.00409889221191406 -0.60028076171875 -0.2760009765625
0.00278568267822265 0.0116462707519531 -0.4849853515625 0.0971374511718749
0.0241832733154297 0.00861930847167969 -0.135665893554688 0.237350463867188
0.0230579376220703 -0.00456809997558594 0.123062133789063 0.185302734375
0.0247135162353516 -0.0158977508544922 -0.0635223388671875 -0.163833618164063
0.0293598175048828 0.0128498077392578 0.215255737304688 -0.182479858398438
0.02783203125 0.0347232818603516 0.459564208984375 0.014892578125
-0.000366210937500003 0.0402984619140625 0.496856689453125 0.429107666015625
-0.0560455322265625 0.00629806518554688 -0.0549926757812499 0.79620361328125
-0.0333709716796875 -0.0361595153808594 -0.705322265625 0.66021728515625
0.0326614379882812 -0.00514984130859375 -0.724365234375 0.11865234375
0.0672645568847656 0.0316658020019531 0.0406341552734375 0.0875320434570313
0.0503997802734375 0.0041046142578125 0.82763671875 -0.067138671875
-0.000139236450195313 -0.0167064666748047 0.68365478515625 -0.73553466796875
-0.0235710144042969 -0.00654411315917969 -0.17425537109375 -0.83270263671875
-0.0155086517333984 0.00206184387207031 -0.5987548828125 -0.27398681640625
0.00877952575683594 0.0118694305419922 -0.4837646484375 0.0995483398437501
0.0303821563720703 0.00565719604492188 -0.132003784179688 0.237808227539063
0.0236682891845703 -0.0100231170654297 0.122482299804688 0.189300537109375
0.0262813568115234 -0.0195045471191406 -0.0648193359375 -0.165557861328125
0.0374946594238281 0.0101165771484375 0.219070434570312 -0.18426513671875
0.0365409851074219 0.0334663391113281 0.4637451171875 0.011993408203125
0.00262832641601563 0.0455513000488281 0.498016357421875 0.43072509765625
-0.0589752197265625 0.0138626098632812 -0.0571289062500001 0.79638671875
-0.0414276123046875 -0.0302619934082031 -0.70745849609375 0.66143798828125
0.0276298522949219 -0.00664138793945312 -0.72308349609375 0.1182861328125
0.0654220581054688 0.0288352966308594 0.0437698364257813 0.0895309448242188
0.0451431274414063 0.00226593017578125 0.83306884765625 -0.06793212890625
-0.00633907318115234 -0.0133676528930664 0.68792724609375 -0.739013671875
-0.0260372161865234 0.00377082824707031 -0.173583984375 -0.83709716796875
-0.0116767883300781 0.00698471069335938 -0.59747314453125 -0.27288818359375
0.015411376953125 0.0134782791137695 -0.482177734375 0.099639892578125
0.0390281677246094 0.00296401977539063 -0.129379272460938 0.23602294921875
0.0264930725097656 -0.0125236511230469 0.124298095703125 0.189605712890625
0.00741386413574219 -0.00105476379394531 -0.0590362548828125 -0.188491821289063
0.0115451812744141 0.0275096893310547 0.217681884765625 -0.206298828125
0.0121269226074219 0.0374374389648438 0.48095703125 -0.012359619140625
-0.00908279418945313 0.0204296112060547 0.543060302734375 0.397705078125
-0.0510444641113281 -0.0194015502929688 0.00964355468750002 0.79248046875
-0.0112953186035156 -0.0523109436035156 -0.64727783203125 0.69482421875
0.0666770935058594 -0.00472640991210937 -0.6982421875 0.15020751953125
0.0992431640625 0.0497283935546875 0.056243896484375 0.0946121215820313
0.0834808349609375 0.00995635986328125 0.85906982421875 -0.06011962890625
0.0298480987548828 -0.0318641662597656 0.73541259765625 -0.7412109375
-0.0173854827880859 -0.0313072204589844 -0.13543701171875 -0.8572998046875
-0.0308971405029297 -0.0163402557373047 -0.580322265625 -0.29583740234375
-0.00917148590087891 0.0115861892700195 -0.477264404296875 0.0859985351562501
0.0132236480712891 0.0177383422851563 -0.131072998046875 0.222747802734375
0.00675630569458008 0.00390815734863281 0.133132934570313 0.1651611328125
0.00834798812866211 -0.00141096115112305 -0.0597381591796875 -0.186248779296875
0.00923919677734375 0.0272369384765625 0.211822509765625 -0.205047607421875
0.00821304321289062 0.0362892150878906 0.474151611328125 -0.01055908203125
-0.0121269226074219 0.0181045532226563 0.535797119140625 0.39801025390625
-0.0495872497558594 -0.0222930908203125 0.00421142578124999 0.78985595703125
-0.006927490234375 -0.0535621643066406 -0.6544189453125 0.68988037109375
0.0676002502441406 -0.00302886962890625 -0.705322265625 0.148681640625
0.0980453491210937 0.0509567260742187 0.0470962524414063 0.0910186767578125
0.0828094482421875 0.0101318359375 0.85321044921875 -0.0594482421875
0.0320816040039063 -0.0348949432373047 0.72271728515625 -0.74072265625
-0.0152931213378906 -0.0353126525878906 -0.142333984375 -0.85137939453125
-0.0317134857177734 -0.0183124542236328 -0.586181640625 -0.28936767578125
-0.0131368637084961 0.0100088119506836 -0.47845458984375 0.0921630859374999
0.00963973999023438 0.0187473297119141 -0.13134765625 0.226333618164063
0.00840425491333008 0.00427865982055664 0.133575439453125 0.172164916992188
0.0105228424072266 -0.000992774963378906 -0.060760498046875 -0.178909301757813
0.00829124450683594 0.0281829833984375 0.21173095703125 -0.1986083984375
0.00854873657226563 0.037506103515625 0.471527099609375 -0.0069580078125
-0.0107212066650391 0.0197086334228516 0.52838134765625 0.40484619140625
-0.0483512878417969 -0.0216293334960937 -0.00817871093750002 0.79461669921875
-0.0102386474609375 -0.05487060546875 -0.6651611328125 0.69189453125
0.0640411376953125 -0.00385284423828125 -0.71337890625 0.14508056640625
0.0946731567382812 0.0494461059570312 0.0414810180664063 0.0887985229492188
0.0788497924804688 0.0098114013671875 0.844970703125 -0.06646728515625
0.0291175842285156 -0.0344219207763672 0.71405029296875 -0.74652099609375
-0.0158424377441406 -0.0355796813964844 -0.1513671875 -0.85186767578125
-0.0308971405029297 -0.0171031951904297 -0.59417724609375 -0.288818359375
-0.0134201049804688 0.0103178024291992 -0.485565185546875 0.093048095703125
0.00954437255859375 0.0175409317016602 -0.134078979492188 0.230392456054688
0.012425422668457 0.00428295135498047 0.131790161132813 0.173660278320313
0.014617919921875 -0.00397491455078125 -0.06219482421875 -0.174407958984375
0.0108985900878906 0.0232810974121094 0.209259033203125 -0.196151733398438
0.00878524780273437 0.0354804992675781 0.46636962890625 -0.000518798828124998
-0.00908660888671875 0.0227336883544922 0.519256591796875 0.408172607421875
-0.0493927001953125 -0.0180435180664063 -0.0179443359374999 0.794189453125
-0.0129928588867188 -0.0524673461914063 -0.6763916015625 0.68658447265625
0.05767822265625 -0.003448486328125 -0.71966552734375 0.14105224609375
0.088104248046875 0.0463333129882813 0.0359878540039063 0.08624267578125
0.0734405517578125 0.00917816162109375 0.8375244140625 -0.0689697265625
0.02490234375 -0.0329246520996094 0.70074462890625 -0.74212646484375
-0.0179557800292969 -0.0323963165283203 -0.16259765625 -0.84466552734375
-0.0307636260986328 -0.0146408081054687 -0.59893798828125 -0.27935791015625
-0.0104484558105469 0.01080322265625 -0.486846923828125 0.099334716796875
0.0116443634033203 0.0154237747192383 -0.132247924804688 0.234970092773438
0.0151309967041016 0.00237751007080078 0.130905151367188 0.178146362304688
0.0181350708007813 -0.00713920593261719 -0.0611572265625 -0.169052124023438
0.0161075592041016 0.0212821960449219 0.209503173828125 -0.190139770507813
0.0147590637207031 0.0356369018554688 0.46600341796875 0.003143310546875
-0.00766754150390625 0.0280418395996094 0.513671875 0.4163818359375
-0.0519676208496094 -0.0111732482910156 -0.0283203125000001 0.7989501953125
-0.0192756652832031 -0.046722412109375 -0.685302734375 0.6854248046875
0.0509910583496094 -0.00430679321289062 -0.72601318359375 0.13482666015625
0.0819625854492188 0.04071044921875 0.03570556640625 0.085906982421875
0.0656890869140625 0.0069580078125 0.8331298828125 -0.072021484375
0.0166149139404297 -0.0289020538330078 0.69134521484375 -0.74615478515625
-0.0181808471679687 -0.0221328735351563 -0.1734619140625 -0.84271240234375
-0.0260639190673828 -0.00951576232910157 -0.60443115234375 -0.27581787109375
-0.0061044692993164 0.0119304656982422 -0.48834228515625 0.102813720703125
0.0168247222900391 0.0111017227172852 -0.133651733398437 0.238601684570313
0.0182361602783203 -0.00185585021972656 0.125778198242188 0.182388305664063
0.0220737457275391 -0.0111675262451172 -0.0661163330078125 -0.165267944335938
0.022857666015625 0.0171318054199219 0.211227416992188 -0.18853759765625
0.0216464996337891 0.0346851348876953 0.465301513671875 0.00469970703125
-0.00336265563964843 0.0341053009033203 0.510101318359375 0.420501708984375
-0.0533523559570313 -0.00292205810546874 -0.0364990234375 0.80218505859375
-0.0268211364746094 -0.0399894714355469 -0.69683837890625 0.68243408203125
0.042694091796875 -0.00387191772460938 -0.72930908203125 0.13275146484375
0.07293701171875 0.0366973876953125 0.0347213745117188 0.0869369506835938
0.0582809448242188 0.00585556030273438 0.83001708984375 -0.0743408203125
0.00854873657226562 -0.0251674652099609 0.68359375 -0.75177001953125
-0.0213146209716797 -0.0158424377441406 -0.182373046875 -0.84112548828125
-0.0211429595947266 -0.00297355651855469 -0.608642578125 -0.26873779296875
0.00159931182861328 0.0128717422485352 -0.488922119140625 0.10638427734375
0.0234203338623047 0.00720024108886719 -0.132965087890625 0.240631103515625
0.0241737365722656 -0.00440597534179688 0.127212524414063 0.187347412109375
0.0245189666748047 -0.0149326324462891 -0.066314697265625 -0.165374755859375
0.0290374755859375 0.0143775939941406 0.214645385742188 -0.1875
0.0291233062744141 0.0349674224853516 0.464508056640625 0.00555419921875
0.000602722167968752 0.0390167236328125 0.507293701171875 0.424591064453125
-0.0557403564453125 0.00670242309570314 -0.04364013671875 0.802490234375
-0.0354843139648437 -0.0331039428710938 -0.70062255859375 0.677490234375
0.0341682434082031 -0.00606727600097656 -0.729736328125 0.130126953125
0.0678863525390625 0.0324897766113281 0.038543701171875 0.0872039794921875
0.0488662719726563 0.00374984741210938 0.83099365234375 -0.0765380859375
0.00134658813476563 -0.0175628662109375 0.67742919921875 -0.750244140625
-0.0236930847167969 -0.00430679321289063 -0.1885986328125 -0.8353271484375
-0.0158853530883789 0.0028228759765625 -0.60845947265625 -0.26416015625
0.00705146789550781 0.0125789642333984 -0.48583984375 0.109039306640625
0.0313205718994141 0.00626182556152344 -0.13165283203125 0.24188232421875
0.0247306823730469 -0.0107650756835937 0.127685546875 0.187713623046875
0.0267333984375 -0.0211906433105469 -0.067138671875 -0.166839599609375
0.0392723083496094 0.00921249389648438 0.217849731445312 -0.190216064453125
0.0369949340820313 0.0339279174804687 0.46844482421875 0.004058837890625
0.00474929809570313 0.0443496704101563 0.509124755859375 0.426116943359375
-0.0595779418945313 0.0147705078125 -0.04486083984375 0.80322265625
-0.0420303344726563 -0.0295944213867187 -0.70343017578125 0.6790771484375
0.0282306671142578 -0.00647354125976563 -0.72906494140625 0.1295166015625
0.0660057067871094 0.0276985168457031 0.0440826416015625 0.0882949829101563
0.0446853637695313 0.00292587280273438 0.835693359375 -0.081787109375
-0.00580310821533203 -0.0129356384277344 0.6788330078125 -0.75396728515625
-0.0255012512207031 0.00212287902832031 -0.1890869140625 -0.83856201171875
-0.0116720199584961 0.00714111328125 -0.6068115234375 -0.2659912109375
0.0151386260986328 0.0145273208618164 -0.485015869140625 0.10906982421875
0.03857421875 0.00359725952148437 -0.12823486328125 0.241790771484375
0.0274562835693359 -0.0128173828125 0.12738037109375 0.18975830078125
0.00753402709960938 -0.000982761383056641 -0.0634765625 -0.189132690429688
0.0126399993896484 0.0279178619384766 0.215118408203125 -0.211456298828125
0.0144271850585938 0.0374412536621094 0.484710693359375 -0.022674560546875
-0.00948524475097656 0.0196456909179688 0.55230712890625 0.389801025390625
-0.0517425537109375 -0.0189476013183594 0.0223999023437499 0.79779052734375
-0.0108184814453125 -0.0523109436035156 -0.63897705078125 0.7086181640625
0.0687446594238281 -0.00547409057617188 -0.6986083984375 0.16241455078125
0.0989151000976563 0.0480575561523438 0.0560150146484375 0.0943222045898438
0.0832061767578125 0.00833892822265625 0.86236572265625 -0.0733642578125
0.0288791656494141 -0.0320415496826172 0.72528076171875 -0.758056640625
-0.0181312561035156 -0.0318088531494141 -0.1529541015625 -0.8607177734375
-0.0312042236328125 -0.0168037414550781 -0.59051513671875 -0.28765869140625
-0.00929832458496094 0.0117321014404297 -0.479400634765625 0.0970764160156249
0.0140933990478516 0.0176868438720703 -0.127395629882812 0.22796630859375
0.00811624526977539 0.00354290008544922 0.136688232421875 0.1649169921875
0.00811576843261719 -0.00144863128662109 -0.0640411376953125 -0.186065673828125
0.0101051330566406 0.0283546447753906 0.210800170898437 -0.209991455078125
0.00919723510742188 0.0357742309570313 0.476959228515625 -0.020355224609375
-0.0120315551757812 0.0201377868652344 0.54656982421875 0.388427734375
-0.0517616271972656 -0.0212631225585937 0.0169677734375 0.7938232421875
-0.00933074951171875 -0.0549545288085938 -0.6470947265625 0.70361328125
0.0681419372558594 -0.00433349609375 -0.70648193359375 0.15911865234375
0.0985946655273438 0.0492935180664062 0.0502243041992188 0.090301513671875
0.0830841064453125 0.0091094970703125 0.85418701171875 -0.074462890625
0.0292873382568359 -0.0344181060791016 0.7122802734375 -0.75421142578125
-0.0155143737792969 -0.0353240966796875 -0.15802001953125 -0.8504638671875
-0.0332984924316406 -0.0166702270507812 -0.5938720703125 -0.28070068359375
-0.0123434066772461 0.0114507675170898 -0.4814453125 0.102508544921875
0.00942611694335937 0.0190620422363281 -0.128219604492188 0.230010986328125
0.00861692428588867 0.00620508193969726 0.137054443359375 0.170440673828125
0.00890254974365234 -0.00273513793945313 -0.062744140625 -0.1795654296875
0.00839614868164062 0.0271415710449219 0.212112426757813 -0.204086303710938
0.00843048095703125 0.0359306335449219 0.475311279296875 -0.015625
-0.0114269256591797 0.0194549560546875 0.538116455078125 0.396148681640625
-0.0508575439453125 -0.0206031799316406 0.00744628906250007 0.80108642578125
-0.00965118408203125 -0.0531501770019531 -0.65704345703125 0.7091064453125
0.0649795532226562 -0.00482559204101562 -0.71612548828125 0.15716552734375
0.0958404541015625 0.047698974609375 0.042755126953125 0.08795166015625
0.0790939331054688 0.0090179443359375 0.84661865234375 -0.079345703125
0.0289497375488281 -0.0350742340087891 0.70562744140625 -0.76025390625
-0.0163116455078125 -0.0358161926269531 -0.16839599609375 -0.8531494140625
-0.0321903228759766 -0.0162715911865234 -0.60260009765625 -0.277587890625
-0.0139217376708984 0.0116605758666992 -0.488555908203125 0.103271484375
0.0097951889038086 0.016819953918457 -0.13104248046875 0.234390258789063
0.0121011734008789 0.00389575958251953 0.134674072265625 0.171875
0.0120553970336914 -0.00346755981445313 -0.0657806396484375 -0.174484252929688
0.0113677978515625 0.0240058898925781 0.207611083984375 -0.2001953125
0.0108985900878906 0.0358352661132812 0.46954345703125 -0.012054443359375
-0.00925064086914062 0.0233039855957031 0.52874755859375 0.399658203125
-0.0505256652832031 -0.0171012878417969 -0.00659179687500005 0.79852294921875
-0.0132408142089844 -0.0501670837402344 -0.6693115234375 0.70068359375
0.0568656921386719 -0.00427627563476563 -0.722412109375 0.15374755859375
0.0880355834960938 0.0449447631835938 0.0379791259765625 0.0866928100585938
0.0737533569335937 0.008209228515625 0.8399658203125 -0.07965087890625
0.0239982604980469 -0.0332450866699219 0.69085693359375 -0.75726318359375
-0.0179824829101563 -0.0306720733642578 -0.177978515625 -0.84600830078125
-0.0309963226318359 -0.0135879516601563 -0.60577392578125 -0.26983642578125
-0.0120229721069336 0.0122537612915039 -0.48712158203125 0.109039306640625
0.011113166809082 0.0140171051025391 -0.132308959960938 0.237899780273438
0.0145120620727539 0.00222969055175781 0.135589599609375 0.178695678710938
0.016240119934082 -0.00824546813964844 -0.065887451171875 -0.169097900390625
0.0153636932373047 0.0205116271972656 0.209320068359375 -0.195465087890625
0.0150432586669922 0.0339851379394531 0.46875 -0.006866455078125
-0.00609016418457031 0.0284442901611328 0.52398681640625 0.40789794921875
-0.0525894165039062 -0.010101318359375 -0.0154418945312501 0.80560302734375
-0.018829345703125 -0.0446662902832031 -0.678955078125 0.70068359375
0.0493965148925781 -0.00481796264648438 -0.72845458984375 0.15069580078125
0.0812454223632813 0.0406494140625 0.035614013671875 0.0848236083984375
0.065765380859375 0.0049591064453125 0.83447265625 -0.086181640625
0.0168743133544922 -0.0290889739990234 0.68157958984375 -0.76190185546875
-0.0209922790527344 -0.0232906341552734 -0.190185546875 -0.84503173828125
-0.0262908935546875 -0.00829505920410156 -0.61224365234375 -0.26507568359375
-0.00555706024169922 0.0128250122070313 -0.490478515625 0.113800048828125
0.0168247222900391 0.0107583999633789 -0.13287353515625 0.24176025390625
0.0201034545898438 -0.00278663635253906 0.129531860351563 0.180282592773438
0.0218029022216797 -0.0115737915039062 -0.06695556640625 -0.16583251953125
0.0227279663085938 0.0160198211669922 0.210067749023438 -0.195022583007813
0.0225048065185547 0.0340728759765625 0.468902587890625 -0.003631591796875
-0.00256729125976562 0.0320243835449219 0.51910400390625 0.411865234375
-0.0551948547363281 -0.00128173828125 -0.0240478515624999 0.80706787109375
-0.027862548828125 -0.0391883850097656 -0.6881103515625 0.697265625
0.04150390625 -0.00687026977539063 -0.73284912109375 0.14459228515625
0.0748214721679688 0.0351104736328125 0.0349044799804688 0.0847930908203125
0.0574378967285156 0.00493240356445313 0.83172607421875 -0.08917236328125
0.00899505615234375 -0.0235843658447266 0.6712646484375 -0.766357421875
-0.0225601196289063 -0.0152988433837891 -0.19775390625 -0.84136962890625
-0.0222434997558594 -0.00265312194824219 -0.6173095703125 -0.2596435546875
0.000271797180175782 0.0132169723510742 -0.489410400390625 0.11669921875
0.0246601104736328 0.0081634521484375 -0.129104614257813 0.24468994140625
0.0222225189208984 -0.00616836547851563 0.131301879882813 0.184280395507813
0.0235328674316406 -0.0175075531005859 -0.0683135986328125 -0.167266845703125
0.0310153961181641 0.0133609771728516 0.212432861328125 -0.194671630859375
0.0298900604248047 0.0331459045410156 0.468292236328125 -0.00238037109375
0.00112533569335938 0.0390586853027344 0.51727294921875 0.416473388671875
-0.0567855834960938 0.00831604003906249 -0.03143310546875 0.80853271484375
-0.0352134704589844 -0.032928466796875 -0.693603515625 0.69073486328125
0.0326900482177734 -0.00692939758300781 -0.73095703125 0.13995361328125
0.0676498413085937 0.0299224853515625 0.03741455078125 0.0859756469726563
0.0487937927246094 0.00368118286132813 0.8316650390625 -0.09197998046875
-0.000257492065429687 -0.0166702270507813 0.66693115234375 -0.76446533203125
-0.0250720977783203 -0.00475311279296875 -0.2060546875 -0.837890625
-0.0169839859008789 0.0021505355834961 -0.61627197265625 -0.25579833984375
0.00895118713378906 0.0129156112670898 -0.4876708984375 0.118072509765625
0.0319271087646484 0.00435066223144531 -0.128387451171875 0.2469482421875
0.0253124237060547 -0.0113391876220703 0.130584716796875 0.189743041992188
0.0259342193603516 -0.0212020874023438 -0.070098876953125 -0.166412353515625
0.0399703979492188 0.0092620849609375 0.217193603515625 -0.19586181640625
0.0375289916992188 0.0334625244140625 0.472930908203125 -0.005340576171875
0.00448226928710937 0.0448188781738281 0.52001953125 0.4176025390625
-0.060546875 0.0154457092285156 -0.0324707031249999 0.81005859375
-0.0408172607421875 -0.02728271484375 -0.69525146484375 0.69403076171875
0.0274791717529297 -0.0080718994140625 -0.72821044921875 0.141357421875
0.0656890869140625 0.025604248046875 0.045318603515625 0.0876541137695312
0.0444297790527344 0.00162124633789063 0.83831787109375 -0.09552001953125
-0.00683689117431641 -0.0113134384155273 0.67034912109375 -0.769775390625
-0.0275192260742188 0.00267791748046876 -0.2047119140625 -0.8424072265625
-0.0117454528808594 0.0078277587890625 -0.61456298828125 -0.25457763671875
0.0156793594360352 0.0132541656494141 -0.48468017578125 0.1190185546875
0.0401077270507813 0.00118255615234375 -0.124267578125 0.245361328125
0.0277671813964844 -0.0151557922363281 0.134811401367188 0.188369750976563
0.00690460205078125 -0.00198602676391602 -0.064910888671875 -0.187850952148438
0.0143623352050781 0.0287342071533203 0.214202880859375 -0.217605590820313
0.0144119262695313 0.0355949401855469 0.48614501953125 -0.032806396484375
-0.00904655456542969 0.0209312438964844 0.560455322265625 0.3802490234375
-0.0532913208007813 -0.0166244506835938 0.0386962890625 0.79925537109375
-0.0116615295410156 -0.0502815246582031 -0.627685546875 0.72137451171875
0.0685234069824219 -0.00719070434570312 -0.69854736328125 0.174072265625
0.100730895996094 0.0460968017578125 0.0567092895507813 0.0920944213867188
0.0823287963867188 0.00768280029296875 0.86279296875 -0.08831787109375
0.0281658172607422 -0.0331687927246094 0.71270751953125 -0.77252197265625
-0.0186290740966797 -0.0316390991210938 -0.167724609375 -0.85980224609375
-0.0331344604492188 -0.0155792236328125 -0.59765625 -0.2767333984375
-0.00834369659423828 0.0116872787475586 -0.4769287109375 0.1055908203125
0.0128841400146484 0.0180721282958984 -0.124801635742187 0.22882080078125
0.00816726684570313 0.00360298156738281 0.139541625976563 0.162689208984375
0.00665473937988281 -0.00166082382202148 -0.067169189453125 -0.187667846679688
0.0107173919677734 0.0290012359619141 0.209716796875 -0.215530395507813
0.0116653442382813 0.0367889404296875 0.47906494140625 -0.03082275390625
-0.0119953155517578 0.0182666778564453 0.55474853515625 0.379302978515625
-0.0525665283203125 -0.0206718444824219 0.0306396484374999 0.7958984375
-0.00925445556640625 -0.0522613525390625 -0.6363525390625 0.7177734375
0.0675125122070313 -0.00533294677734375 -0.7054443359375 0.17242431640625
0.0985260009765625 0.0466842651367188 0.0496444702148438 0.0883331298828125
0.0822067260742188 0.0077056884765625 0.85308837890625 -0.08892822265625
0.028839111328125 -0.0347061157226562 0.70135498046875 -0.7696533203125
-0.0185623168945313 -0.0354957580566406 -0.173828125 -0.85028076171875
-0.0336170196533203 -0.0170459747314453 -0.5999755859375 -0.27117919921875
-0.012293815612793 0.0120840072631836 -0.480499267578125 0.112152099609375
0.0106544494628906 0.0176334381103516 -0.124359130859375 0.234024047851563
0.00859308242797852 0.0044713020324707 0.140884399414063 0.169052124023438
0.0099191665649414 -0.00172519683837891 -0.0652618408203125 -0.1805419921875
0.00986289978027344 0.0272102355957031 0.208694458007813 -0.209518432617188
0.0100975036621094 0.0358657836914063 0.47698974609375 -0.0257568359375
-0.0109634399414063 0.0196819305419922 0.547119140625 0.3876953125
-0.0518798828125 -0.0189056396484375 0.02044677734375 0.80364990234375
-0.00977325439453125 -0.0530166625976563 -0.64703369140625 0.722900390625
0.0647087097167969 -0.00432586669921875 -0.7152099609375 0.1695556640625
0.0949783325195312 0.0448455810546875 0.042877197265625 0.0871505737304688
0.0799713134765625 0.0081634521484375 0.846435546875 -0.09173583984375
0.0277938842773437 -0.0353279113769531 0.69183349609375 -0.77386474609375
-0.0175552368164063 -0.0353164672851563 -0.18572998046875 -0.8529052734375
-0.0331001281738281 -0.0155906677246094 -0.60919189453125 -0.2674560546875
-0.0135936737060547 0.0127267837524414 -0.487762451171875 0.11566162109375
0.00829029083251953 0.015559196472168 -0.128326416015625 0.2373046875
0.0120811462402344 0.00384902954101563 0.137420654296875 0.17047119140625
0.0126132965087891 -0.00480175018310547 -0.0680084228515625 -0.175018310546875
0.0113563537597656 0.0230312347412109 0.20574951171875 -0.206451416015625
0.0124359130859375 0.0351676940917969 0.470611572265625 -0.021026611328125
-0.0104770660400391 0.02130126953125 0.5380859375 0.390380859375
-0.0507888793945313 -0.0158843994140625 0.00689697265625005 0.8031005859375
-0.0143814086914062 -0.048248291015625 -0.65936279296875 0.71575927734375
0.0575103759765625 -0.00553512573242188 -0.72271728515625 0.16552734375
0.0887298583984375 0.0428924560546875 0.0376968383789063 0.0851058959960938
0.0735549926757813 0.00678253173828125 0.83868408203125 -0.09442138671875
0.0245399475097656 -0.0317268371582031 0.68023681640625 -0.7708740234375
-0.0191802978515625 -0.0308647155761719 -0.19439697265625 -0.84661865234375
-0.0309219360351562 -0.0138092041015625 -0.612548828125 -0.2587890625
-0.0119123458862305 0.0123329162597656 -0.487548828125 0.1197509765625
0.0123414993286133 0.0144462585449219 -0.127029418945312 0.241867065429688
0.0152988433837891 0.00171279907226563 0.137283325195313 0.178131103515625
0.0175647735595703 -0.00740337371826172 -0.0674591064453125 -0.168670654296875
0.0155906677246094 0.0202350616455078 0.206069946289062 -0.200729370117187
0.0163974761962891 0.0350685119628906 0.472442626953125 -0.017547607421875
-0.00664710998535156 0.0260429382324219 0.53375244140625 0.39837646484375
-0.0520591735839844 -0.00955200195312499 -0.00048828125000004 0.811279296875
-0.0192832946777344 -0.0447654724121094 -0.669677734375 0.71630859375
0.0493850708007813 -0.00532913208007813 -0.727783203125 0.1610107421875
0.0813674926757813 0.0384368896484375 0.03472900390625 0.0837249755859375
0.0654754638671875 0.0048370361328125 0.8311767578125 -0.09967041015625
0.0173435211181641 -0.0279445648193359 0.67041015625 -0.77740478515625
-0.0205898284912109 -0.0250453948974609 -0.20672607421875 -0.84307861328125
-0.0285243988037109 -0.00899505615234374 -0.6202392578125 -0.254638671875
-0.005645751953125 0.0142889022827148 -0.49041748046875 0.1226806640625
0.0181140899658203 0.0111579895019531 -0.128890991210937 0.2457275390625
0.0187625885009766 -0.00427055358886719 0.134613037109375 0.179718017578125
0.0219364166259766 -0.0132007598876953 -0.0699462890625 -0.16650390625
0.0227108001708984 0.0147476196289062 0.20880126953125 -0.199737548828125
0.0248966217041016 0.0349617004394531 0.469818115234375 -0.012847900390625
-0.00185012817382813 0.0327205657958984 0.5279541015625 0.405303955078125
-0.0542640686035156 -5.34057617187581E-05 -0.00933837890625005 0.81121826171875
-0.0270881652832031 -0.0378227233886719 -0.6776123046875 0.7127685546875
0.0420112609863281 -0.00725936889648438 -0.73101806640625 0.1571044921875
0.0738067626953125 0.033447265625 0.03582763671875 0.0839462280273437
0.0576095581054687 0.00330352783203125 0.83087158203125 -0.10400390625
0.00792121887207031 -0.0243320465087891 0.659423828125 -0.77801513671875
-0.0231342315673828 -0.0149860382080078 -0.21630859375 -0.840087890625
-0.0225353240966797 -0.00319862365722657 -0.62432861328125 -0.24774169921875
0.000440597534179689 0.0127878189086914 -0.4898681640625 0.127685546875
0.0234909057617188 0.00693702697753906 -0.126846313476563 0.24822998046875
0.0217132568359375 -0.007537841796875 0.13482666015625 0.184051513671875
0.0228900909423828 -0.0160942077636719 -0.07012939453125 -0.166213989257813
0.03179931640625 0.0136508941650391 0.2110595703125 -0.199981689453125
0.0315608978271484 0.0328941345214844 0.470245361328125 -0.0118408203125
0.00298690795898437 0.0395393371582031 0.526031494140625 0.408447265625
-0.0578498840332031 0.00774002075195312 -0.0172729492187499 0.81219482421875
-0.0350265502929688 -0.0316505432128906 -0.68505859375 0.709228515625
0.0335578918457031 -0.00740814208984375 -0.7325439453125 0.1549072265625
0.0688591003417969 0.0285224914550781 0.039459228515625 0.0843276977539063
0.0493621826171875 0.00223541259765625 0.8331298828125 -0.105712890625
-0.000405311584472655 -0.0164308547973633 0.65374755859375 -0.77740478515625
-0.0247039794921875 -0.00539779663085938 -0.21881103515625 -0.83721923828125
-0.0161304473876953 0.00318717956542969 -0.6221923828125 -0.244384765625
0.00938224792480469 0.013218879699707 -0.488372802734375 0.127349853515625
0.0328483581542969 0.00402069091796875 -0.124954223632813 0.248733520507813
0.0238914489746094 -0.0130081176757813 0.135147094726563 0.186996459960938
0.0252761840820312 -0.0211925506591797 -0.072998046875 -0.168014526367188
0.03973388671875 0.0093841552734375 0.2152099609375 -0.200851440429688
0.0395736694335938 0.0318794250488281 0.472686767578125 -0.0137939453125
0.00542449951171875 0.043548583984375 0.5291748046875 0.409698486328125
-0.0599136352539063 0.0177574157714844 -0.0177001953125 0.8133544921875
-0.0411758422851563 -0.025909423828125 -0.686279296875 0.70843505859375
0.0270595550537109 -0.00922393798828125 -0.729736328125 0.15374755859375
0.0651779174804688 0.0250892639160156 0.0456619262695313 0.087799072265625
0.0445709228515625 0.000888824462890625 0.8375244140625 -0.1090087890625
-0.00702667236328125 -0.0121593475341797 0.655517578125 -0.78076171875
-0.0265903472900391 0.00231170654296875 -0.2220458984375 -0.8367919921875
-0.013239860534668 0.00818157196044922 -0.6217041015625 -0.24481201171875
0.0160236358642578 0.0138692855834961 -0.48382568359375 0.129119873046875
0.0390357971191406 0.000423431396484375 -0.121749877929688 0.248306274414063
0.0270366668701172 -0.0156116485595703 0.136077880859375 0.1876220703125
0.00744247436523437 -0.00277280807495117 -0.0688018798828125 -0.18896484375
0.0153617858886719 0.0279083251953125 0.209182739257813 -0.22259521484375
0.0164051055908203 0.0344429016113281 0.487548828125 -0.04217529296875
-0.00882530212402344 0.0195407867431641 0.56842041015625 0.36785888671875
-0.0526618957519531 -0.0159645080566406 0.0518798828125001 0.8013916015625
-0.0128402709960938 -0.049713134765625 -0.61346435546875 0.7340087890625
0.0670318603515625 -0.00746917724609375 -0.69586181640625 0.18695068359375
0.100944519042969 0.0443954467773437 0.0561370849609375 0.090911865234375
0.0821990966796875 0.00728607177734375 0.85931396484375 -0.10198974609375
0.0269870758056641 -0.0326919555664063 0.697998046875 -0.78521728515625
-0.0184764862060547 -0.0323028564453125 -0.18426513671875 -0.85693359375
-0.0325775146484375 -0.0141830444335938 -0.60150146484375 -0.26324462890625
-0.00962066650390625 0.0122613906860352 -0.475616455078125 0.116912841796875
0.0140552520751953 0.0179023742675781 -0.122634887695313 0.231826782226563
0.00771570205688477 0.00262641906738281 0.142471313476563 0.1607666015625
0.00808858871459961 -0.000719547271728516 -0.0697174072265625 -0.186233520507813
0.0113868713378906 0.0291862487792969 0.20550537109375 -0.220428466796875
0.0121479034423828 0.0350799560546875 0.478851318359375 -0.040130615234375
-0.0110912322998047 0.0173578262329102 0.560333251953125 0.369598388671875
-0.0520896911621094 -0.0207176208496094 0.0460205078125001 0.79608154296875
-0.01043701171875 -0.0525360107421875 -0.623291015625 0.7318115234375
0.0675811767578125 -0.00737380981445313 -0.70355224609375 0.18524169921875
0.0995635986328125 0.0458984375 0.0503463745117188 0.087554931640625
0.082855224609375 0.007598876953125 0.85040283203125 -0.10296630859375
0.0278205871582031 -0.0354118347167969 0.68768310546875 -0.77886962890625
-0.0174140930175781 -0.0357551574707031 -0.18890380859375 -0.849365234375
-0.0354652404785156 -0.0158920288085938 -0.60589599609375 -0.259765625
-0.0140657424926758 0.0131149291992187 -0.478179931640625 0.120758056640625
0.00989723205566406 0.0180549621582031 -0.121490478515625 0.238113403320313
0.00844287872314453 0.0034947395324707 0.143417358398438 0.167724609375
0.00919151306152344 -0.00138282775878906 -0.06951904296875 -0.178787231445312
0.0101776123046875 0.0263652801513672 0.206146240234375 -0.21417236328125
0.0119552612304688 0.0358543395996094 0.47711181640625 -0.0347900390625
-0.00909805297851562 0.0200290679931641 0.55426025390625 0.378021240234375
-0.0523338317871094 -0.0178031921386719 0.0352783203125001 0.80419921875
-0.0106086730957031 -0.0508689880371094 -0.63421630859375 0.73626708984375
0.06451416015625 -0.00667190551757813 -0.7120361328125 0.18218994140625
0.0962142944335938 0.0431137084960938 0.0430755615234375 0.0857086181640625
0.0803985595703125 0.00728607177734375 0.84393310546875 -0.1077880859375
0.02630615234375 -0.03546142578125 0.67779541015625 -0.78521728515625
-0.019012451171875 -0.0356483459472656 -0.20172119140625 -0.8504638671875
-0.0348606109619141 -0.0154762268066406 -0.6142578125 -0.25567626953125
-0.0133304595947266 0.0132455825805664 -0.484649658203125 0.124603271484375
0.0102605819702148 0.0160703659057617 -0.123626708984375 0.24169921875
0.0124292373657227 0.00253486633300781 0.139617919921875 0.167831420898438
0.0135498046875 -0.0033416748046875 -0.0701141357421875 -0.174697875976562
0.0131053924560547 0.0237636566162109 0.202484130859375 -0.21112060546875
0.0129280090332031 0.0353050231933594 0.470855712890625 -0.029144287109375
-0.00716209411621094 0.0216903686523438 0.54400634765625 0.38043212890625
-0.0518608093261719 -0.0144615173339844 0.0213623046875001 0.802001953125
-0.0142898559570312 -0.0480804443359375 -0.647705078125 0.7276611328125
0.0579719543457031 -0.00706100463867188 -0.7193603515625 0.17657470703125
0.0884552001953125 0.041900634765625 0.038299560546875 0.0848312377929688
0.0724258422851563 0.00687408447265625 0.83624267578125 -0.108154296875
0.0220985412597656 -0.0325775146484375 0.66558837890625 -0.78204345703125
-0.0181655883789063 -0.0312843322753906 -0.20867919921875 -0.84100341796875
-0.0316696166992188 -0.0129604339599609 -0.616455078125 -0.24664306640625
-0.0113010406494141 0.015599250793457 -0.485992431640625 0.128692626953125
0.012333869934082 0.0141115188598633 -0.123031616210938 0.244918823242187
0.0147256851196289 -0.0003509521484375 0.140945434570313 0.175430297851563
0.0161151885986328 -0.00772380828857422 -0.0697784423828125 -0.168975830078125
0.0160293579101563 0.0205936431884766 0.205032348632813 -0.205276489257813
0.0179214477539062 0.0356292724609375 0.471466064453125 -0.026123046875
-0.00486946105957032 0.0263805389404297 0.5390625 0.38812255859375
-0.0529289245605469 -0.00715255737304688 0.0123901367187499 0.80859375
-0.0210189819335938 -0.0418853759765625 -0.65838623046875 0.72698974609375
0.0484161376953125 -0.00740432739257813 -0.72625732421875 0.17486572265625
0.0818328857421875 0.03643798828125 0.0359039306640625 0.0833206176757812
0.0655403137207031 0.00436782836914063 0.83148193359375 -0.1142578125
0.0153026580810547 -0.0277690887451172 0.65179443359375 -0.7872314453125
-0.0209102630615234 -0.025634765625 -0.22479248046875 -0.84014892578125
-0.0275306701660156 -0.00846672058105468 -0.62615966796875 -0.24365234375
-0.00623512268066406 0.014251708984375 -0.48870849609375 0.131317138671875
0.0170526504516602 0.00995922088623047 -0.125457763671875 0.247848510742188
0.0174951553344727 -0.00571918487548828 0.136154174804688 0.177490234375
0.0194911956787109 -0.0130863189697266 -0.0710296630859375 -0.165359497070313
0.0245628356933594 0.01495361328125 0.204360961914062 -0.204849243164062
0.0245800018310547 0.0331230163574219 0.471343994140625 -0.02294921875
-0.00204277038574219 0.0325508117675781 0.536346435546875 0.395599365234375
-0.0542984008789063 0.00156021118164063 0.00323486328125004 0.81317138671875
-0.0286026000976562 -0.036773681640625 -0.66534423828125 0.7249755859375
0.0393562316894531 -0.00639724731445312 -0.728759765625 0.1702880859375
0.0737075805664063 0.0317916870117188 0.0355148315429688 0.083587646484375
0.0574188232421875 0.00363540649414063 0.82818603515625 -0.1175537109375
0.00890350341796875 -0.0224380493164063 0.64605712890625 -0.78851318359375
-0.0222854614257813 -0.0144901275634766 -0.23138427734375 -0.8365478515625
-0.0238914489746094 -0.0025177001953125 -0.62652587890625 -0.2366943359375
-0.000301361083984376 0.0134315490722656 -0.485870361328125 0.136138916015625
0.02520751953125 0.0074615478515625 -0.123641967773437 0.251296997070313
0.0224742889404297 -0.00926780700683594 0.136886596679688 0.182449340820313
0.0234546661376953 -0.0169925689697266 -0.073272705078125 -0.165420532226563
0.0317592620849609 0.0125484466552734 0.207916259765625 -0.204376220703125
0.0329532623291016 0.0311412811279297 0.471588134765625 -0.02117919921875
0.0026092529296875 0.0375556945800781 0.533905029296875 0.397430419921875
-0.0567131042480469 0.00886917114257812 -0.00292968750000006 0.8133544921875
-0.0353317260742187 -0.0302391052246094 -0.67388916015625 0.72076416015625
0.0331497192382812 -0.00791168212890625 -0.73016357421875 0.16583251953125
0.0676383972167969 0.0261764526367188 0.03887939453125 0.0842132568359375
0.0490646362304687 0.00072479248046875 0.83001708984375 -0.119873046875
0.000630378723144532 -0.0152091979980469 0.63995361328125 -0.78973388671875
-0.0239582061767578 -0.00540542602539063 -0.23773193359375 -0.8338623046875
-0.0181922912597656 0.00168609619140625 -0.62554931640625 -0.232666015625
0.0081634521484375 0.0136194229125977 -0.48455810546875 0.136688232421875
0.032257080078125 0.00186347961425781 -0.121871948242188 0.2518310546875
0.0252513885498047 -0.0134792327880859 0.138046264648438 0.186325073242187
0.0239448547363281 -0.0213985443115234 -0.0756378173828125 -0.166748046875
0.0411491394042969 0.0082855224609375 0.211944580078125 -0.205734252929688
0.0403785705566406 0.0313949584960937 0.474395751953125 -0.02398681640625
0.00723648071289063 0.0432548522949219 0.536712646484375 0.398529052734375
-0.0601348876953125 0.0190620422363281 -0.00195312499999998 0.81573486328125
-0.0415725708007813 -0.025177001953125 -0.67535400390625 0.7215576171875
0.0276107788085938 -0.00874710083007813 -0.726806640625 0.165283203125
0.0645103454589844 0.0232772827148438 0.0454177856445313 0.0858612060546875
0.0445098876953125 0.00093841552734375 0.83563232421875 -0.1220703125
-0.00735092163085937 -0.0101652145385742 0.64178466796875 -0.79278564453125
-0.0275058746337891 0.00376129150390625 -0.237060546875 -0.83514404296875
-0.0130472183227539 0.00875282287597656 -0.62664794921875 -0.23272705078125
0.0156669616699219 0.0130996704101563 -0.481842041015625 0.137847900390625
0.0396232604980469 -0.00168228149414063 -0.118438720703125 0.252120971679688
0.0269069671630859 -0.0163230895996094 0.139984130859375 0.186019897460937
0.00720930099487305 -0.00187873840332031 -0.0705108642578125 -0.187698364257812
0.0176792144775391 0.0276813507080078 0.206192016601563 -0.225311279296875
0.0177688598632813 0.0355682373046875 0.48663330078125 -0.0513916015625
-0.00859260559082031 0.0191059112548828 0.572998046875 0.35882568359375
-0.05328369140625 -0.0153045654296875 0.0665893554687501 0.7994384765625
-0.0126457214355469 -0.0484237670898438 -0.6007080078125 0.74420166015625
0.0660057067871094 -0.00860595703125 -0.6922607421875 0.19720458984375
0.0999755859375 0.0427627563476563 0.0575332641601563 0.0894317626953125
0.08038330078125 0.005859375 0.85552978515625 -0.11669921875
0.0268020629882812 -0.0330905914306641 0.6820068359375 -0.79473876953125
-0.0197830200195312 -0.0318183898925781 -0.1993408203125 -0.85211181640625
-0.0342922210693359 -0.0137348175048828 -0.60626220703125 -0.2528076171875
-0.00965023040771485 0.0135211944580078 -0.4739990234375 0.123870849609375
0.0140209197998047 0.0177364349365234 -0.117919921875 0.236038208007812
0.00809335708618164 0.000639915466308594 0.144302368164063 0.158538818359375
0.00735616683959961 -0.000519752502441406 -0.0724029541015625 -0.185699462890625
0.0126533508300781 0.0287075042724609 0.20159912109375 -0.22515869140625
0.0134220123291016 0.0347251892089844 0.479217529296875 -0.048675537109375
-0.0104570388793945 0.0161724090576172 0.56744384765625 0.35772705078125
-0.0543632507324219 -0.0182228088378906 0.056884765625 0.79351806640625
-0.0104789733886719 -0.0503578186035156 -0.60845947265625 0.73822021484375
0.06695556640625 -0.00823211669921875 -0.69989013671875 0.19427490234375
0.097900390625 0.042816162109375 0.0495681762695313 0.0862350463867188
0.081634521484375 0.0058746337890625 0.84466552734375 -0.116455078125
0.0281848907470703 -0.0339603424072266 0.67303466796875 -0.7894287109375
-0.0191459655761719 -0.0361137390136719 -0.20501708984375 -0.8421630859375
-0.0352325439453125 -0.0155181884765625 -0.609375 -0.2476806640625
-0.0131998062133789 0.0125703811645508 -0.475250244140625 0.13104248046875
0.0110073089599609 0.0181751251220703 -0.118743896484375 0.240493774414063
0.008819580078125 0.00389957427978516 0.146041870117188 0.165435791015625
0.00974273681640625 -0.000974655151367188 -0.0715484619140625 -0.178619384765625
0.0102920532226562 0.0264339447021484 0.202774047851563 -0.21868896484375
0.0123577117919922 0.0348358154296875 0.47674560546875 -0.04400634765625
-0.0104808807373047 0.0191192626953125 0.559814453125 0.3662109375
-0.0521736145019531 -0.0178565979003906 0.04815673828125 0.80462646484375
-0.0105667114257813 -0.0494041442871094 -0.620361328125 0.74395751953125
0.0638847351074219 -0.00738906860351562 -0.708251953125 0.19403076171875
0.09539794921875 0.0407485961914063 0.043212890625 0.0840606689453125
0.07904052734375 0.00635528564453125 0.83941650390625 -0.11956787109375
0.0269966125488281 -0.0351829528808594 0.66351318359375 -0.79425048828125
-0.0192546844482422 -0.0340824127197266 -0.2164306640625 -0.8458251953125
-0.0362052917480469 -0.0138626098632813 -0.61669921875 -0.24273681640625
-0.0138263702392578 0.0134563446044922 -0.482513427734375 0.132537841796875
0.0104646682739258 0.0158405303955078 -0.121688842773438 0.243865966796875
0.0113563537597656 0.00185585021972656 0.142669677734375 0.165863037109375
0.0133848190307617 -0.00458431243896484 -0.0737152099609375 -0.174087524414063
0.0143680572509766 0.0223026275634766 0.199798583984375 -0.21588134765625
0.0138206481933594 0.0349903106689453 0.4708251953125 -0.038330078125
-0.00719070434570313 0.0210151672363281 0.549835205078125 0.368408203125
-0.05242919921875 -0.01287841796875 0.03564453125 0.80267333984375
-0.0142097473144531 -0.04620361328125 -0.6337890625 0.73614501953125
0.0561790466308594 -0.00736236572265625 -0.7144775390625 0.18756103515625
0.08734130859375 0.038970947265625 0.0376968383789062 0.0825271606445313
0.0716934204101563 0.0063018798828125 0.82843017578125 -0.121826171875
0.0217571258544922 -0.0315799713134766 0.64849853515625 -0.79052734375
-0.0198574066162109 -0.0307941436767578 -0.22479248046875 -0.83673095703125
-0.0324535369873047 -0.01177978515625 -0.61993408203125 -0.234375
-0.0118522644042969 0.0134477615356445 -0.481842041015625 0.139678955078125
0.012059211730957 0.0130577087402344 -0.120086669921875 0.247329711914063
0.0141305923461914 -0.000204086303710937 0.144058227539063 0.172225952148438
0.0167713165283203 -0.00853347778320313 -0.0717620849609375 -0.167984008789062
0.0174560546875 0.0186824798583984 0.201202392578125 -0.210357666015625
0.0192947387695313 0.0331325531005859 0.471893310546875 -0.034637451171875
-0.00520896911621094 0.0244922637939453 0.54437255859375 0.3785400390625
-0.0531768798828125 -0.00557327270507814 0.02410888671875 0.8074951171875
-0.0195884704589844 -0.0420570373535156 -0.64239501953125 0.73834228515625
0.0486831665039063 -0.00857925415039063 -0.7216796875 0.185546875
0.0804672241210937 0.0351028442382812 0.0346298217773438 0.082427978515625
0.0658149719238281 0.00377273559570313 0.8250732421875 -0.127197265625
0.0144634246826172 -0.0286540985107422 0.63934326171875 -0.79656982421875
-0.0207271575927734 -0.0232505798339844 -0.23516845703125 -0.83367919921875
-0.0292530059814453 -0.00688743591308593 -0.6279296875 -0.22991943359375
-0.00642681121826172 0.0144815444946289 -0.485992431640625 0.141448974609375
0.0179557800292969 0.00952720642089844 -0.122756958007813 0.2509765625
0.0190181732177734 -0.00650215148925781 0.141494750976563 0.176498413085938
0.0189800262451172 -0.0147933959960938 -0.074310302734375 -0.164642333984375
0.0254802703857422 0.0167388916015625 0.202072143554688 -0.20880126953125
0.0260829925537109 0.0311145782470703 0.470703125 -0.032806396484375
-0.000455856323242188 0.0312271118164063 0.5421142578125 0.382843017578125
-0.0536918640136719 0.00295639038085937 0.0159301757812499 0.8115234375
-0.0271358489990234 -0.0340137481689453 -0.652587890625 0.7364501953125
0.0406761169433594 -0.0084228515625 -0.7266845703125 0.1817626953125
0.0743637084960937 0.0306015014648437 0.0364913940429688 0.0839920043945313
0.056243896484375 0.00296401977539062 0.823486328125 -0.12884521484375
0.0078277587890625 -0.0206203460693359 0.629638671875 -0.79681396484375
-0.0227489471435547 -0.0152187347412109 -0.2454833984375 -0.830078125
-0.0254840850830078 -0.00190925598144531 -0.631103515625 -0.223876953125
6.19888305664067E-05 0.0149860382080078 -0.48321533203125 0.146728515625
0.0238933563232422 0.00707244873046875 -0.121551513671875 0.253692626953125
0.0207843780517578 -0.0117263793945313 0.139617919921875 0.18084716796875
0.0216407775878906 -0.0180912017822266 -0.0756378173828125 -0.1627197265625
0.0334815979003906 0.0118389129638672 0.205795288085938 -0.208602905273438
0.0333747863769531 0.0305805206298828 0.470672607421875 -0.031768798828125
0.00360870361328125 0.0379371643066406 0.53955078125 0.388427734375
-0.0579643249511719 0.0129776000976563 0.01165771484375 0.81103515625
-0.0338325500488281 -0.0286216735839844 -0.6583251953125 0.73211669921875
0.0316314697265625 -0.00904273986816406 -0.7255859375 0.17852783203125
0.067596435546875 0.0259170532226563 0.0406417846679688 0.0836257934570313
0.0492362976074219 0.00121307373046875 0.82183837890625 -0.13092041015625
-7.24792480468743E-05 -0.015233039855957 0.625244140625 -0.7965087890625
-0.0245170593261719 -0.00464057922363281 -0.250732421875 -0.82855224609375
-0.0186367034912109 0.00471305847167969 -0.63104248046875 -0.22064208984375
0.007080078125 0.0144128799438477 -0.481048583984375 0.147491455078125
0.0301227569580078 0.00258827209472656 -0.1170654296875 0.253204345703125
0.0241947174072266 -0.0144767761230469 0.140792846679688 0.182342529296875
0.0242538452148438 -0.0212440490722656 -0.080291748046875 -0.165985107421875
0.040802001953125 0.00783920288085938 0.20758056640625 -0.2113037109375
0.0402183532714844 0.0300102233886719 0.47271728515625 -0.03399658203125
0.00794601440429687 0.0425872802734375 0.541168212890625 0.38824462890625
-0.0607109069824219 0.0210151672363281 0.00976562500000005 0.8154296875
-0.0410652160644531 -0.0229911804199219 -0.65972900390625 0.73101806640625
0.0271587371826172 -0.00968742370605469 -0.72393798828125 0.1773681640625
0.0633316040039063 0.02191162109375 0.0457229614257813 0.0854110717773438
0.04388427734375 0.000759124755859375 0.82977294921875 -0.13531494140625
-0.00657558441162109 -0.00958728790283203 0.6256103515625 -0.8021240234375
-0.0270633697509766 0.00427818298339844 -0.25299072265625 -0.8284912109375
-0.0129976272583008 0.00763607025146484 -0.630126953125 -0.220947265625
0.015380859375 0.0132465362548828 -0.480224609375 0.14776611328125
0.0389671325683594 -0.00070953369140625 -0.114288330078125 0.254013061523438
0.0261650085449219 -0.0182514190673828 0.142654418945313 0.18377685546875
0.00640201568603516 -0.00220251083374023 -0.0742645263671875 -0.187149047851563
0.01708984375 0.0276966094970703 0.201828002929688 -0.229583740234375
0.0192852020263672 0.0341529846191406 0.4842529296875 -0.060516357421875
-0.00772476196289063 0.0188770294189453 0.57672119140625 0.34735107421875
-0.0533332824707031 -0.013641357421875 0.0772705078125 0.7962646484375
-0.013458251953125 -0.0475807189941406 -0.588623046875 0.750732421875
0.0661468505859375 -0.00934982299804687 -0.68658447265625 0.2076416015625
0.09832763671875 0.0405120849609375 0.0582809448242188 0.0883026123046875
0.0807342529296875 0.0048370361328125 0.84918212890625 -0.1298828125
0.0272388458251953 -0.0320110321044922 0.66802978515625 -0.80364990234375
-0.0202980041503906 -0.0328273773193359 -0.21185302734375 -0.84503173828125
-0.03436279296875 -0.0130462646484375 -0.60675048828125 -0.24176025390625
-0.0101890563964844 0.0144672393798828 -0.469329833984375 0.132904052734375
0.0133323669433594 0.0165805816650391 -0.1141357421875 0.235946655273438
0.00825643539428711 -1.00135803222656E-05 0.147476196289063 0.156387329101563
0.00897884368896484 -0.00217247009277344 -0.074951171875 -0.18359375
0.0131950378417969 0.0284290313720703 0.197860717773438 -0.227859497070313
0.0136985778808594 0.0341377258300781 0.477386474609375 -0.059417724609375
-0.0100879669189453 0.0157375335693359 0.57232666015625 0.34637451171875
-0.0535240173339844 -0.0168609619140625 0.070556640625 0.79290771484375
-0.0101547241210937 -0.0500831604003906 -0.5958251953125 0.74578857421875
0.0665702819824219 -0.0107612609863281 -0.69476318359375 0.20526123046875
0.0968780517578125 0.0413589477539063 0.0486526489257813 0.0861129760742188
0.0805130004882812 0.00621795654296875 0.8394775390625 -0.128173828125
0.0281982421875 -0.0344886779785156 0.6549072265625 -0.7945556640625
-0.0190258026123047 -0.0344257354736328 -0.21881103515625 -0.83746337890625
-0.036102294921875 -0.0150222778320313 -0.61004638671875 -0.23516845703125
-0.0113973617553711 0.0142822265625 -0.471343994140625 0.138153076171875
0.00969886779785156 0.016606330871582 -0.114227294921875 0.24188232421875
0.00652360916137695 0.00193691253662109 0.14776611328125 0.163925170898438
0.00959300994873047 -0.00231456756591797 -0.0740509033203125 -0.176849365234375
0.0115242004394531 0.0277290344238281 0.197799682617188 -0.222137451171875
0.0135459899902344 0.0355110168457031 0.4744873046875 -0.053375244140625
-0.00811958312988281 0.0184383392333984 0.56317138671875 0.3546142578125
-0.0530357360839844 -0.0160064697265625 0.061767578125 0.79901123046875
-0.011993408203125 -0.0476226806640625 -0.60614013671875 0.750732421875
0.064300537109375 -0.00991439819335938 -0.70208740234375 0.20404052734375
0.0938186645507813 0.0399246215820313 0.0428848266601563 0.084136962890625
0.0775680541992188 0.005218505859375 0.83233642578125 -0.13232421875
0.0261878967285156 -0.0350437164306641 0.6453857421875 -0.802001953125
-0.0192699432373047 -0.0334014892578125 -0.22900390625 -0.83697509765625
-0.0346908569335938 -0.0137195587158203 -0.6197509765625 -0.23223876953125
-0.0133152008056641 0.0129823684692383 -0.47808837890625 0.140960693359375
0.0104818344116211 0.0170040130615234 -0.117340087890625 0.244888305664062
0.0116043090820313 -0.000359535217285156 0.14520263671875 0.164108276367188
0.0124940872192383 -0.00393390655517578 -0.07623291015625 -0.172698974609375
0.0136432647705078 0.0239181518554688 0.195816040039063 -0.217864990234375
0.0144100189208984 0.0334014892578125 0.4686279296875 -0.047760009765625
-0.00777816772460938 0.0201683044433594 0.555084228515625 0.359619140625
-0.0518913269042969 -0.0122756958007813 0.0491943359374999 0.80035400390625
-0.0143356323242187 -0.0453948974609375 -0.6182861328125 0.74676513671875
0.0581283569335938 -0.00938796997070313 -0.71124267578125 0.1982421875
0.08660888671875 0.0365447998046875 0.0378952026367188 0.0813674926757812
0.07177734375 0.00521087646484375 0.82318115234375 -0.13421630859375
0.0206375122070313 -0.0311374664306641 0.63385009765625 -0.79791259765625
-0.0197715759277344 -0.0294876098632813 -0.23944091796875 -0.82806396484375
-0.0342903137207031 -0.0111808776855469 -0.624267578125 -0.22540283203125
-0.0110139846801758 0.0152854919433594 -0.47662353515625 0.14788818359375
0.0127325057983398 0.0121707916259766 -0.116806030273438 0.249038696289063
0.0151386260986328 -0.00161266326904297 0.14605712890625 0.170547485351563
0.015655517578125 -0.00886726379394531 -0.0736541748046875 -0.167892456054688
0.0208950042724609 0.0205230712890625 0.198745727539063 -0.213623046875
0.0206222534179688 0.0316143035888672 0.470672607421875 -0.044281005859375
-0.00274276733398437 0.0253181457519531 0.54986572265625 0.367523193359375
-0.0534782409667969 -0.0050201416015625 0.0394897460937499 0.8089599609375
-0.0200614929199219 -0.0392189025878906 -0.626708984375 0.74493408203125
0.0489158630371094 -0.00902938842773438 -0.71478271484375 0.197509765625
0.0789337158203125 0.0327835083007813 0.035614013671875 0.082794189453125
0.0645942687988281 0.00307846069335938 0.8193359375 -0.13873291015625
0.0146579742431641 -0.0274162292480469 0.621337890625 -0.802490234375
-0.0206699371337891 -0.0219879150390625 -0.2503662109375 -0.82373046875
-0.0295886993408203 -0.00578689575195313 -0.6290283203125 -0.2169189453125
-0.00642681121826172 0.0127401351928711 -0.480010986328125 0.150390625
0.0180892944335938 0.0104770660400391 -0.117782592773437 0.253021240234375
0.0175657272338867 -0.00823211669921875 0.141204833984375 0.173614501953125
0.0192089080810547 -0.0133266448974609 -0.07659912109375 -0.164474487304688
0.0253620147705078 0.0158042907714844 0.198226928710938 -0.213180541992188
0.0261363983154297 0.0304489135742188 0.4698486328125 -0.041900634765625
-1.90734863281218E-05 0.0306625366210937 0.544677734375 0.373687744140625
-0.0559349060058594 0.00432205200195313 0.0304565429687501 0.80865478515625
-0.0271854400634766 -0.0338153839111328 -0.6405029296875 0.74407958984375
0.0396995544433594 -0.00927352905273438 -0.71868896484375 0.192138671875
0.07244873046875 0.029449462890625 0.0359344482421875 0.0814056396484375
0.0571060180664063 0.0023651123046875 0.817138671875 -0.14227294921875
0.00642204284667969 -0.0208892822265625 0.61248779296875 -0.8050537109375
-0.0233078002929688 -0.0138931274414062 -0.2607421875 -0.82244873046875
-0.0252704620361328 -0.00109481811523438 -0.63177490234375 -0.2109375
0.000239372253417968 0.0142431259155273 -0.47967529296875 0.152984619140625
0.0241661071777344 0.00500869750976563 -0.115219116210937 0.255538940429688
0.0212249755859375 -0.0103263854980469 0.143707275390625 0.1773681640625
0.0220088958740234 -0.0182571411132813 -0.07672119140625 -0.16461181640625
0.0330963134765625 0.0116176605224609 0.202438354492187 -0.211105346679687
0.0349388122558594 0.030426025390625 0.46942138671875 -0.0391845703125
0.0040283203125 0.0367851257324219 0.544158935546875 0.37689208984375
-0.0558586120605469 0.012969970703125 0.02398681640625 0.80902099609375
-0.0352287292480469 -0.0265541076660156 -0.64404296875 0.7386474609375
0.030517578125 -0.00904655456542969 -0.7200927734375 0.18829345703125
0.0667839050292969 0.0242042541503906 0.039642333984375 0.0829238891601563
0.0482940673828125 0.000354766845703125 0.8165283203125 -0.14312744140625
-0.000113487243652345 -0.0154876708984375 0.6063232421875 -0.802978515625
-0.0254650115966797 -0.00392913818359375 -0.26495361328125 -0.81884765625
-0.0192241668701172 0.00425338745117187 -0.63250732421875 -0.209228515625
0.00853729248046875 0.015049934387207 -0.477386474609375 0.15679931640625
0.0311431884765625 0.00106048583984375 -0.112625122070312 0.257003784179688
0.0237102508544922 -0.0135822296142578 0.14453125 0.180740356445313
0.0235404968261719 -0.0229892730712891 -0.0785064697265625 -0.165939331054688
0.041412353515625 0.00780487060546875 0.204055786132813 -0.215164184570313
0.0416336059570313 0.0293045043945313 0.472503662109375 -0.0426025390625
0.00760650634765625 0.0406990051269531 0.54656982421875 0.377838134765625
-0.0589561462402344 0.0220794677734375 0.0231323242187501 0.81109619140625
-0.0407867431640625 -0.0205574035644531 -0.647216796875 0.73944091796875
0.0260238647460938 -0.0102939605712891 -0.71917724609375 0.1876220703125
0.0632286071777344 0.0211563110351563 0.0451278686523438 0.0837478637695313
0.042633056640625 0.00031280517578125 0.82177734375 -0.14697265625
-0.00709724426269531 -0.00805807113647461 0.61083984375 -0.80865478515625
-0.0258769989013672 0.004302978515625 -0.2645263671875 -0.82122802734375
-0.0136508941650391 0.00922489166259766 -0.6304931640625 -0.20697021484375
0.0147733688354492 0.0131607055664062 -0.47454833984375 0.154571533203125
0.0383758544921875 -0.00205230712890625 -0.110397338867187 0.255294799804688
0.0243930816650391 -0.0191097259521484 0.14593505859375 0.1817626953125
0.00587177276611328 -0.0024867057800293 -0.0752716064453125 -0.185623168945313
0.0178318023681641 0.0279769897460938 0.197174072265625 -0.2325439453125
0.0195026397705078 0.0330295562744141 0.480133056640625 -0.068756103515625
-0.00819778442382813 0.0179119110107422 0.57952880859375 0.3360595703125
-0.0542716979980469 -0.0116958618164062 0.0887451171875001 0.791015625
-0.0132598876953125 -0.0449867248535156 -0.57354736328125 0.75482177734375
0.0660018920898438 -0.0114784240722656 -0.67987060546875 0.2152099609375
0.0970535278320313 0.0384368896484375 0.0568771362304688 0.0863418579101563
0.0809097290039063 0.0040130615234375 0.84027099609375 -0.13983154296875
0.0263729095458984 -0.0312004089355469 0.64996337890625 -0.8052978515625
-0.0209541320800781 -0.0316143035888672 -0.22637939453125 -0.83740234375
-0.0354194641113281 -0.0125274658203125 -0.60791015625 -0.229248046875
-0.00946998596191406 0.0141010284423828 -0.465301513671875 0.140106201171875
0.0140419006347656 0.0168266296386719 -0.111312866210938 0.237930297851562
0.00721836090087891 -0.00145769119262695 0.14874267578125 0.153656005859375
0.00727415084838867 -0.00279664993286133 -0.076904296875 -0.182388305664063
0.0146999359130859 0.0273933410644531 0.194351196289062 -0.231338500976562
0.0146694183349609 0.0337963104248047 0.47357177734375 -0.06787109375
-0.00995826721191406 0.0168037414550781 0.57159423828125 0.33551025390625
-0.0547599792480469 -0.0144424438476563 0.08209228515625 0.78704833984375
-0.0102081298828125 -0.0471992492675781 -0.5791015625 0.75189208984375
0.0659904479980469 -0.0110206604003906 -0.6871337890625 0.2132568359375
0.0957794189453125 0.040008544921875 0.0486907958984375 0.08453369140625
0.0794296264648438 0.00469970703125 0.830810546875 -0.139404296875
0.0280437469482422 -0.0343093872070313 0.63983154296875 -0.7999267578125
-0.0195178985595703 -0.0347137451171875 -0.229736328125 -0.8280029296875
-0.0370635986328125 -0.0143356323242188 -0.6121826171875 -0.22454833984375
-0.0141124725341797 0.0140886306762695 -0.466064453125 0.146087646484375
0.00967884063720703 0.0165948867797852 -0.110687255859375 0.243133544921875
0.00848913192749023 0.000590801239013672 0.149444580078125 0.159591674804688
0.00931262969970703 -0.00249004364013672 -0.075408935546875 -0.176712036132813
0.0124034881591797 0.0271568298339844 0.194351196289063 -0.225387573242188
0.0139141082763672 0.0338802337646484 0.471954345703125 -0.062591552734375
-0.00956344604492187 0.0175333023071289 0.5648193359375 0.344482421875
-0.0531730651855469 -0.0147628784179687 0.072021484375 0.79620361328125
-0.011383056640625 -0.0466346740722656 -0.5911865234375 0.75787353515625
0.0641136169433594 -0.0106163024902344 -0.69659423828125 0.21185302734375
0.0936508178710938 0.0385284423828125 0.0425186157226563 0.0820999145507813
0.0770187377929688 0.00484466552734375 0.82373046875 -0.14178466796875
0.0252704620361328 -0.0325946807861328 0.62896728515625 -0.8048095703125
-0.01959228515625 -0.0351066589355469 -0.24188232421875 -0.82745361328125
-0.0367889404296875 -0.0129127502441406 -0.6187744140625 -0.2198486328125
-0.0138988494873047 0.0152864456176758 -0.472900390625 0.148895263671875
0.0104303359985352 0.01593017578125 -0.114654541015625 0.24639892578125
0.0116701126098633 -0.000435829162597656 0.147476196289063 0.161239624023438
0.0121288299560547 -0.00617790222167969 -0.077392578125 -0.1717529296875
0.0143966674804688 0.0231685638427734 0.191360473632813 -0.221359252929688
0.0155582427978516 0.0336456298828125 0.467742919921875 -0.05560302734375
-0.00707817077636719 0.0203285217285156 0.55682373046875 0.347320556640625
-0.0524063110351563 -0.0110321044921875 0.05853271484375 0.79443359375
-0.0136299133300781 -0.0434494018554688 -0.60455322265625 0.752197265625
0.0558815002441406 -0.00942611694335938 -0.70318603515625 0.2080078125
0.0860748291015625 0.0360641479492187 0.0374603271484375 0.0800857543945312
0.0706863403320313 0.00363922119140625 0.815673828125 -0.1417236328125
0.0212993621826172 -0.0310001373291016 0.6173095703125 -0.800048828125
-0.0213603973388672 -0.0307254791259766 -0.24853515625 -0.818359375
-0.0335826873779297 -0.0106143951416016 -0.6217041015625 -0.21142578125
-0.0109539031982422 0.0147485733032227 -0.47259521484375 0.154266357421875
0.0134525299072266 0.0124759674072266 -0.113739013671875 0.249832153320312
0.0139980316162109 -0.00204753875732422 0.148696899414063 0.168167114257813
0.0156726837158203 -0.00791263580322265 -0.0755767822265625 -0.166336059570313
0.0186729431152344 0.0200576782226563 0.195053100585938 -0.217056274414063
0.02056884765625 0.0315456390380859 0.468475341796875 -0.0526123046875
-0.00306320190429687 0.0241527557373047 0.553863525390625 0.35498046875
-0.0526237487792969 -0.00299835205078125 0.05218505859375 0.8026123046875
-0.0207901000976563 -0.0377235412597656 -0.61285400390625 0.75201416015625
0.0479583740234375 -0.00916671752929688 -0.7099609375 0.20684814453125
0.0793228149414063 0.0328598022460938 0.0356063842773438 0.080841064453125
0.063079833984375 0.00308990478515625 0.810302734375 -0.14794921875
0.0132961273193359 -0.0251922607421875 0.6064453125 -0.8040771484375
-0.022705078125 -0.0232715606689453 -0.2633056640625 -0.81689453125
-0.0300960540771484 -0.00683021545410157 -0.6279296875 -0.20635986328125
-0.006134033203125 0.0137529373168945 -0.475555419921875 0.1580810546875
0.0165529251098633 0.00834083557128906 -0.1142578125 0.254318237304688
0.0182056427001953 -0.00762748718261719 0.14410400390625 0.170883178710938
0.0178413391113281 -0.0138969421386719 -0.0783538818359375 -0.1630859375
0.0256023406982422 0.0158119201660156 0.194580078125 -0.215408325195313
0.0280418395996094 0.0316486358642578 0.46588134765625 -0.04901123046875
0.000179290771484373 0.0295734405517578 0.54815673828125 0.361358642578125
-0.0545845031738281 0.00531387329101562 0.0426025390625 0.8056640625
-0.0277767181396484 -0.03179931640625 -0.62396240234375 0.74755859375
0.0392837524414063 -0.00962066650390625 -0.714111328125 0.2022705078125
0.0713958740234375 0.0269317626953125 0.0362091064453125 0.080413818359375
0.05560302734375 0.001800537109375 0.80780029296875 -0.1527099609375
0.00478935241699219 -0.019744873046875 0.59759521484375 -0.8055419921875
-0.0236072540283203 -0.0142288208007812 -0.2694091796875 -0.8131103515625
-0.0236930847167969 -0.00085067749023438 -0.631103515625 -0.20111083984375
-0.00102519989013672 0.0154752731323242 -0.4736328125 0.16070556640625
0.0242443084716797 0.00510787963867187 -0.111587524414062 0.2572021484375
0.0208568572998047 -0.0106372833251953 0.145736694335938 0.173202514648438
0.0218505859375 -0.0172653198242188 -0.079132080078125 -0.161895751953125
0.0332717895507813 0.0111923217773437 0.196258544921875 -0.214462280273438
0.03411865234375 0.0275135040283203 0.466278076171875 -0.0477294921875
0.00461578369140625 0.0343475341796875 0.54681396484375 0.3663330078125
-0.05694580078125 0.0145072937011719 0.0364990234375 0.804931640625
-0.0333938598632813 -0.0245571136474609 -0.63165283203125 0.74493408203125
0.0308361053466797 -0.00947189331054688 -0.71417236328125 0.19525146484375
0.064697265625 0.0229415893554688 0.0386962890625 0.0809249877929688
0.0476341247558594 2.288818359375E-05 0.80987548828125 -0.15350341796875
-0.00192642211914063 -0.0141201019287109 0.591796875 -0.805908203125
-0.0258769989013672 -0.00396728515625 -0.27685546875 -0.81072998046875
-0.0183963775634766 0.00459098815917969 -0.63092041015625 -0.19622802734375
0.00707626342773438 0.0142230987548828 -0.471282958984375 0.164031982421875
0.0314006805419922 0.00105857849121094 -0.108901977539063 0.256973266601563
0.0223598480224609 -0.0162982940673828 0.145828247070313 0.177093505859375
0.0228710174560547 -0.0221500396728516 -0.0821685791015625 -0.164321899414062
0.0411376953125 0.00633621215820313 0.1995849609375 -0.217376708984375
0.0422325134277344 0.0282478332519531 0.469573974609375 -0.0506591796875
0.00869369506835938 0.0408134460449219 0.5494384765625 0.3668212890625
-0.0594367980957031 0.0229911804199219 0.03564453125 0.80865478515625
-0.0398368835449219 -0.0186309814453125 -0.6322021484375 0.7462158203125
0.0265064239501953 -0.0109786987304687 -0.71002197265625 0.19696044921875
0.0620880126953125 0.0186347961425781 0.0446243286132813 0.082061767578125
0.0425872802734375 -0.0003814697265625 0.81439208984375 -0.1558837890625
-0.00752449035644531 -0.00706720352172852 0.59405517578125 -0.8109130859375
-0.0279026031494141 0.00444602966308594 -0.2750244140625 -0.81109619140625
-0.0141744613647461 0.00962162017822265 -0.62823486328125 -0.19732666015625
0.01470947265625 0.0146598815917969 -0.4678955078125 0.163726806640625
0.0381011962890625 -0.0021209716796875 -0.106948852539063 0.255889892578125
0.0252399444580078 -0.0193576812744141 0.148300170898438 0.177963256835937
0.00638103485107422 -0.00287723541259766 -0.0772247314453125 -0.184417724609375
0.0182399749755859 0.0272922515869141 0.194122314453125 -0.234695434570313
0.0190258026123047 0.0319137573242188 0.476898193359375 -0.076629638671875
-0.00660896301269531 0.0177097320556641 0.5799560546875 0.3245849609375
-0.0542869567871094 -0.0116539001464844 0.0968017578125 0.786376953125
-0.0125808715820313 -0.0448570251464844 -0.56085205078125 0.75823974609375
0.0655364990234375 -0.01116943359375 -0.67327880859375 0.22174072265625
0.0957717895507813 0.03729248046875 0.0568695068359375 0.0858535766601563
0.078338623046875 0.00458526611328125 0.8289794921875 -0.14801025390625
0.0257205963134766 -0.0308265686035156 0.6334228515625 -0.8076171875
-0.0204753875732422 -0.0308361053466797 -0.23431396484375 -0.82830810546875
-0.0361175537109375 -0.0122528076171875 -0.6058349609375 -0.219970703125
-0.00973033905029297 0.0147781372070313 -0.46014404296875 0.14697265625
0.0134983062744141 0.0164527893066406 -0.107696533203125 0.23876953125
0.00768327713012695 -0.00138473510742188 0.150466918945313 0.151397705078125
0.00691747665405274 -0.000208377838134766 -0.0782928466796875 -0.182723999023438
0.0154933929443359 0.0274620056152344 0.18902587890625 -0.233047485351563
0.0154056549072266 0.0336189270019531 0.4713134765625 -0.0728759765625
-0.00899410247802735 0.0150260925292969 0.57171630859375 0.32427978515625
-0.0537757873535156 -0.0137290954589844 0.0910644531249999 0.7821044921875
-0.0102157592773437 -0.0463905334472656 -0.5684814453125 0.75445556640625
0.0652694702148438 -0.0123252868652344 -0.67816162109375 0.2188720703125
0.0953292846679688 0.0382614135742188 0.0487289428710938 0.0823135375976563
0.0781631469726563 0.00373077392578125 0.8231201171875 -0.14630126953125
0.0272483825683594 -0.0328006744384766 0.6248779296875 -0.79986572265625
-0.0210399627685547 -0.0346088409423828 -0.239990234375 -0.81964111328125
-0.0372695922851562 -0.0129852294921875 -0.607666015625 -0.2142333984375
-0.0130405426025391 0.0145320892333984 -0.46160888671875 0.15118408203125
0.0110607147216797 0.0165643692016602 -0.107894897460937 0.242385864257813
0.00731039047241211 2.24113464355469E-05 0.15264892578125 0.157379150390625
0.00839090347290039 -0.00259590148925781 -0.0778961181640625 -0.175735473632813
0.0139331817626953 0.0272197723388672 0.1905517578125 -0.2279052734375
0.0156383514404297 0.0328884124755859 0.468841552734375 -0.068206787109375
-0.00946426391601563 0.0182399749755859 0.56671142578125 0.33514404296875
-0.053924560546875 -0.0131950378417969 0.08306884765625 0.79156494140625
-0.0116958618164063 -0.0450286865234375 -0.577392578125 0.75909423828125
0.0626411437988281 -0.0118331909179687 -0.69012451171875 0.22015380859375
0.0918121337890625 0.035980224609375 0.042633056640625 0.0812835693359375
0.0766220092773437 0.00325775146484375 0.81475830078125 -0.15045166015625
0.0250091552734375 -0.0325222015380859 0.61444091796875 -0.805908203125
-0.020294189453125 -0.0338478088378906 -0.25140380859375 -0.81884765625
-0.0373878479003906 -0.0120620727539063 -0.61627197265625 -0.21051025390625
-0.0149812698364258 0.0145406723022461 -0.468841552734375 0.15667724609375
0.0103368759155273 0.0154857635498047 -0.1124267578125 0.246124267578125
0.0106782913208008 -0.00241565704345703 0.149017333984375 0.1591796875
0.011962890625 -0.00530624389648438 -0.0776519775390625 -0.171615600585938
0.0165901184082031 0.0242252349853516 0.188491821289063 -0.224365234375
0.0165538787841797 0.0320816040039062 0.463409423828125 -0.061920166015625
-0.00897598266601562 0.0176486968994141 0.556182861328125 0.33795166015625
-0.0535888671875 -0.0110511779785156 0.06951904296875 0.79034423828125
-0.0136299133300781 -0.0429458618164063 -0.59033203125 0.7537841796875
0.0560684204101563 -0.00989532470703125 -0.69647216796875 0.21441650390625
0.0858612060546875 0.0354385375976563 0.0363311767578125 0.0798492431640625
0.0704879760742188 0.00453948974609375 0.8052978515625 -0.15093994140625
0.0212326049804687 -0.0303020477294922 0.601318359375 -0.80126953125
-0.02093505859375 -0.0295600891113281 -0.26141357421875 -0.8096923828125
-0.0354270935058594 -0.008697509765625 -0.6192626953125 -0.2025146484375
-0.0118770599365234 0.0150012969970703 -0.467559814453125 0.160186767578125
0.0132112503051758 0.0125350952148437 -0.10943603515625 0.251937866210938
0.0138845443725586 -0.0028076171875 0.148422241210938 0.16497802734375
0.0155324935913086 -0.00802135467529297 -0.07818603515625 -0.163589477539063
0.0194149017333984 0.0200748443603516 0.190261840820313 -0.217926025390625
0.0203285217285156 0.0309619903564453 0.464508056640625 -0.05975341796875
-0.00458908081054688 0.0239753723144531 0.55267333984375 0.34686279296875
-0.0542564392089844 -0.00349807739257811 0.06207275390625 0.7978515625
-0.02093505859375 -0.0359001159667969 -0.60015869140625 0.75518798828125
0.0473709106445313 -0.0108604431152344 -0.700439453125 0.2135009765625
0.07708740234375 0.0307540893554687 0.0338668823242188 0.0790939331054688
0.0627861022949219 0.00283050537109375 0.80322265625 -0.15606689453125
0.0117969512939453 -0.0256519317626953 0.59039306640625 -0.80609130859375
-0.0217704772949219 -0.0216560363769531 -0.2701416015625 -0.8079833984375
-0.0307292938232422 -0.00520515441894532 -0.62591552734375 -0.19439697265625
-0.00706195831298828 0.0147438049316406 -0.46966552734375 0.165557861328125
0.0169744491577148 0.00922393798828125 -0.112106323242188 0.25323486328125
0.0184135437011719 -0.00832557678222656 0.145431518554688 0.168411254882813
0.0177192687988281 -0.0113983154296875 -0.0788116455078125 -0.16119384765625
0.0271148681640625 0.0148220062255859 0.190277099609375 -0.218063354492187
0.027618408203125 0.0296669006347656 0.46258544921875 -0.055572509765625
8.77380371093758E-05 0.0288658142089844 0.548248291015625 0.3515625
-0.0553092956542969 0.00477218627929688 0.05242919921875 0.8009033203125
-0.0266780853271484 -0.0302677154541016 -0.612548828125 0.753173828125
0.0392417907714844 -0.0103111267089844 -0.70562744140625 0.20733642578125
0.0701980590820312 0.0249671936035156 0.0341720581054688 0.0790557861328125
0.0541725158691406 0.00204849243164063 0.7978515625 -0.1593017578125
0.0051116943359375 -0.0190086364746094 0.583984375 -0.80718994140625
-0.0244560241699219 -0.0137405395507813 -0.2796630859375 -0.80499267578125
-0.025390625 -0.00026130676269531 -0.63031005859375 -0.18994140625
-0.000563621520996093 0.0149364471435547 -0.468048095703125 0.1673583984375
0.0247459411621094 0.003631591796875 -0.109619140625 0.2562255859375
0.0198860168457031 -0.0125808715820312 0.146636962890625 0.17230224609375
0.0200386047363281 -0.0183486938476562 -0.0814971923828125 -0.1611328125
0.0326004028320313 0.00995635986328125 0.193466186523438 -0.217239379882813
0.0353279113769531 0.0288314819335938 0.462860107421875 -0.05645751953125
0.00666999816894531 0.0330600738525391 0.54718017578125 0.355133056640625
-0.0572776794433594 0.0171279907226562 0.0447998046874999 0.8011474609375
-0.0343799591064453 -0.0230369567871094 -0.61572265625 0.749755859375
0.0295734405517578 -0.00948715209960938 -0.705322265625 0.20367431640625
0.0634078979492188 0.0214347839355469 0.0389480590820313 0.0798263549804688
0.0462493896484375 0.00116348266601563 0.80145263671875 -0.161865234375
-0.00143909454345703 -0.0121250152587891 0.5775146484375 -0.806640625
-0.025634765625 -0.00426673889160157 -0.2852783203125 -0.800048828125
-0.0194911956787109 0.00441741943359375 -0.6282958984375 -0.18609619140625
0.00737285614013672 0.0148305892944336 -0.46673583984375 0.1693115234375
0.0303459167480469 0.000654220581054688 -0.1055908203125 0.256088256835937
0.0218944549560547 -0.0156326293945313 0.147994995117188 0.17486572265625
0.02191162109375 -0.0217800140380859 -0.0818939208984375 -0.162017822265625
0.0410537719726563 0.00552749633789063 0.195632934570313 -0.219818115234375
0.04241943359375 0.0269203186035156 0.466217041015625 -0.05718994140625
0.009796142578125 0.0388526916503906 0.54827880859375 0.355987548828125
-0.0583267211914062 0.0243759155273438 0.0450439453124999 0.80322265625
-0.03814697265625 -0.0168838500976563 -0.61614990234375 0.7491455078125
0.0253887176513672 -0.0110988616943359 -0.70440673828125 0.20465087890625
0.0617408752441406 0.0176658630371094 0.0439300537109375 0.0816268920898438
0.041473388671875 0.00121307373046875 0.80615234375 -0.16473388671875
-0.00745391845703125 -0.00748157501220703 0.5802001953125 -0.81109619140625
-0.0268516540527344 0.00521087646484374 -0.28350830078125 -0.80157470703125
-0.0149555206298828 0.00951099395751953 -0.6280517578125 -0.18548583984375
0.0146970748901367 0.0147714614868164 -0.463775634765625 0.170806884765625
0.0378608703613281 -0.00369644165039063 -0.104293823242188 0.257308959960938
0.024169921875 -0.0212821960449219 0.148452758789063 0.17486572265625
0.00591754913330078 -0.00170230865478516 -0.07891845703125 -0.183074951171875
0.0194606781005859 0.0266513824462891 0.189361572265625 -0.23675537109375
0.0205955505371094 0.0317211151123047 0.473968505859375 -0.082733154296875
-0.00770950317382813 0.0166702270507813 0.577880859375 0.31597900390625
-0.0550422668457031 -0.00946044921874999 0.10687255859375 0.7791748046875
-0.0117874145507813 -0.0431632995605469 -0.54815673828125 0.75933837890625
0.0647430419921875 -0.0130577087402344 -0.665283203125 0.2255859375
0.0957260131835938 0.0341720581054688 0.0552444458007813 0.083221435546875
0.0784988403320312 0.0035858154296875 0.8189697265625 -0.15447998046875
0.0246791839599609 -0.0299186706542969 0.6204833984375 -0.807861328125
-0.0220127105712891 -0.03021240234375 -0.24114990234375 -0.81756591796875
-0.035186767578125 -0.0103073120117188 -0.60400390625 -0.21197509765625
-0.00946903228759766 0.0157461166381836 -0.453887939453125 0.149810791015625
0.0140962600708008 0.0155849456787109 -0.106674194335938 0.238693237304687
0.00663995742797852 -0.00223016738891602 0.149978637695313 0.148468017578125
0.00856971740722656 -0.00187921524047852 -0.0787506103515625 -0.1810302734375
0.0153026580810547 0.0278682708740234 0.185791015625 -0.2349853515625
0.0171909332275391 0.0315170288085938 0.467132568359375 -0.079132080078125
-0.00926494598388672 0.0149354934692383 0.57135009765625 0.31591796875
-0.0538253784179688 -0.0131950378417969 0.0986328125000001 0.7767333984375
-0.0105361938476563 -0.0434646606445313 -0.556396484375 0.75567626953125
0.0643272399902344 -0.0135078430175781 -0.67218017578125 0.224609375
0.09429931640625 0.035675048828125 0.04718017578125 0.082427978515625
0.0772857666015625 0.00411224365234375 0.81243896484375 -0.1539306640625
0.0249881744384766 -0.0321102142333984 0.6080322265625 -0.799560546875
-0.0205783843994141 -0.0341682434082031 -0.246337890625 -0.80908203125
-0.0382041931152344 -0.0124397277832031 -0.60736083984375 -0.2044677734375
-0.0129632949829102 0.0141229629516602 -0.45733642578125 0.155517578125
0.0114612579345703 0.0165796279907227 -0.104568481445312 0.244140625
0.00747823715209961 0.000425338745117188 0.150650024414063 0.155532836914063
0.00876712799072266 -0.00135374069213867 -0.0779876708984375 -0.1739501953125
0.0133743286132812 0.0258941650390625 0.18609619140625 -0.22930908203125
0.0156059265136719 0.0316314697265625 0.46343994140625 -0.074951171875
-0.00786876678466797 0.0162076950073242 0.56353759765625 0.3253173828125
-0.0532035827636719 -0.0120773315429687 0.0899658203124999 0.78326416015625
-0.0108909606933594 -0.0430374145507813 -0.56512451171875 0.7598876953125
0.0609512329101562 -0.0119094848632812 -0.68145751953125 0.2235107421875
0.08990478515625 0.0350494384765625 0.0415496826171875 0.0804901123046875
0.0741653442382813 0.0038604736328125 0.803955078125 -0.1572265625
0.0244579315185547 -0.0325870513916016 0.59832763671875 -0.8045654296875
-0.0209140777587891 -0.0332622528076172 -0.2586669921875 -0.8077392578125
-0.0376396179199219 -0.0124549865722656 -0.61376953125 -0.19989013671875
-0.0134515762329102 0.0159482955932617 -0.462188720703125 0.160552978515625
0.0102033615112305 0.0153188705444336 -0.108871459960938 0.246368408203125
0.0101766586303711 -0.00211238861083984 0.148712158203125 0.156906127929688
0.0102252960205078 -0.00455570220947266 -0.0804595947265625 -0.168991088867188
0.0165596008300781 0.02325439453125 0.182723999023438 -0.22528076171875
0.0179939270019531 0.0317096710205078 0.459197998046875 -0.067962646484375
-0.00728225708007812 0.0184516906738281 0.555328369140625 0.3277587890625
-0.0524520874023438 -0.00867843627929687 0.07666015625 0.785400390625
-0.0156326293945313 -0.0410614013671875 -0.57745361328125 0.75347900390625
0.0549468994140625 -0.012176513671875 -0.69073486328125 0.22088623046875
0.0843734741210938 0.0350189208984375 0.0350875854492188 0.0800323486328125
0.0691909790039063 0.00233078002929688 0.79486083984375 -0.15740966796875
0.0190467834472656 -0.0294246673583984 0.58758544921875 -0.801025390625
-0.0216388702392578 -0.0301132202148438 -0.26654052734375 -0.7987060546875
-0.0345344543457031 -0.00953483581542969 -0.6170654296875 -0.191650390625
-0.0111570358276367 0.0167913436889648 -0.461456298828125 0.16552734375
0.0132656097412109 0.01177978515625 -0.107696533203125 0.250686645507813
0.012904167175293 -0.00421237945556641 0.1497802734375 0.162948608398438
0.0152950286865234 -0.00915241241455078 -0.076446533203125 -0.163253784179688
0.0197906494140625 0.0201530456542969 0.187164306640625 -0.2200927734375
0.0234909057617187 0.0298843383789062 0.45941162109375 -0.0653076171875
-0.00301742553710938 0.0220317840576172 0.550933837890625 0.33660888671875
-0.0536041259765625 -0.00380325317382813 0.0682373046875 0.7908935546875
-0.0191535949707031 -0.0361595153808594 -0.588623046875 0.7548828125
0.0467338562011719 -0.0114479064941406 -0.69366455078125 0.21893310546875
0.0762863159179688 0.029052734375 0.0349807739257813 0.0774688720703125
0.0614395141601563 0.00141525268554688 0.79119873046875 -0.1627197265625
0.0131664276123047 -0.0253143310546875 0.5755615234375 -0.80413818359375
-0.0236721038818359 -0.0230503082275391 -0.27947998046875 -0.7979736328125
-0.0308303833007812 -0.00532341003417968 -0.622314453125 -0.18768310546875
-0.00670528411865234 0.0162744522094727 -0.4649658203125 0.169647216796875
0.0170412063598633 0.00989055633544922 -0.1077880859375 0.253936767578125
0.0164690017700195 -0.00858306884765625 0.145599365234375 0.16607666015625
0.0182704925537109 -0.0144233703613281 -0.078521728515625 -0.1607666015625
0.0262336730957031 0.0149402618408203 0.186386108398438 -0.219024658203125
0.0289192199707031 0.0280570983886719 0.459686279296875 -0.06219482421875
-6.48498535156253E-05 0.0289554595947266 0.54833984375 0.3419189453125
-0.055023193359375 0.00694656372070312 0.05950927734375 0.7950439453125
-0.0254230499267578 -0.0306987762451172 -0.59771728515625 0.75250244140625
0.0396919250488281 -0.0118293762207031 -0.6978759765625 0.213134765625
0.07098388671875 0.0248565673828125 0.0351486206054688 0.0790023803710938
0.0515365600585938 0.00138092041015625 0.78900146484375 -0.16522216796875
0.00663089752197266 -0.0174045562744141 0.568115234375 -0.80584716796875
-0.0251216888427734 -0.0130672454833984 -0.28662109375 -0.7935791015625
-0.0260887145996094 0.000499725341796875 -0.6278076171875 -0.1802978515625
-0.000966072082519532 0.0156526565551758 -0.46282958984375 0.172576904296875
0.0228347778320313 0.00337791442871094 -0.105667114257812 0.257095336914062
0.0206642150878906 -0.0129547119140625 0.147079467773438 0.169036865234375
0.0204315185546875 -0.0183944702148438 -0.081695556640625 -0.161087036132813
0.0332489013671875 0.00971794128417969 0.189315795898438 -0.21844482421875
0.0357933044433594 0.0272331237792969 0.457916259765625 -0.060516357421875
0.00568580627441406 0.0317325592041016 0.547393798828125 0.3475341796875
-0.0557441711425781 0.0158195495605469 0.052978515625 0.79571533203125
-0.0331611633300781 -0.0232067108154297 -0.6026611328125 0.75018310546875
0.0312557220458984 -0.0106754302978516 -0.6978759765625 0.20989990234375
0.0640678405761719 0.0211448669433594 0.0381622314453125 0.0784149169921875
0.0449905395507813 0.00140762329101563 0.79010009765625 -0.16748046875
-0.00174617767333984 -0.0107288360595703 0.5643310546875 -0.80462646484375
-0.0260868072509766 -0.00344276428222656 -0.29144287109375 -0.79022216796875
-0.0185470581054687 0.00437736511230469 -0.62261962890625 -0.1787109375
0.00606727600097656 0.0133810043334961 -0.459991455078125 0.1727294921875
0.02996826171875 -0.00100517272949219 -0.10308837890625 0.258056640625
0.0213222503662109 -0.0176830291748047 0.1484375 0.171646118164063
0.0224113464355469 -0.0226612091064453 -0.0839080810546875 -0.161911010742187
0.0424423217773438 0.00622177124023438 0.1923828125 -0.221908569335938
0.0431594848632813 0.0258598327636719 0.46142578125 -0.06243896484375
0.00979995727539063 0.0380401611328125 0.548370361328125 0.34796142578125
-0.0591354370117188 0.0260887145996094 0.05328369140625 0.7978515625
-0.0383186340332031 -0.0154647827148437 -0.60443115234375 0.74932861328125
0.0255870819091797 -0.0107593536376953 -0.69671630859375 0.20947265625
0.0601387023925781 0.0176773071289063 0.0439834594726563 0.0804290771484375
0.0416221618652344 0.000823974609375 0.79620361328125 -0.16900634765625
-0.00742244720458984 -0.00542593002319336 0.56658935546875 -0.80963134765625
-0.02618408203125 0.00511169433593749 -0.2916259765625 -0.79193115234375
-0.0146198272705078 0.00958728790283203 -0.62408447265625 -0.177734375
0.0154752731323242 0.0149879455566406 -0.45599365234375 0.173858642578125
0.0380058288574219 -0.00284957885742188 -0.101318359375 0.257293701171875
0.0233936309814453 -0.0219459533691406 0.150161743164063 0.1722412109375
0.00571584701538086 -0.00148773193359375 -0.079559326171875 -0.182846069335937
0.0209465026855469 0.0267562866210938 0.185256958007813 -0.237838745117188
0.0206241607666016 0.0304508209228516 0.4683837890625 -0.087371826171875
-0.00750827789306641 0.0151033401489258 0.57537841796875 0.30828857421875
-0.0541725158691406 -0.00862884521484375 0.11279296875 0.77386474609375
-0.0120773315429688 -0.0407447814941406 -0.53778076171875 0.75848388671875
0.063507080078125 -0.0142745971679688 -0.6583251953125 0.230224609375
0.0942535400390625 0.0340576171875 0.0554046630859375 0.0831680297851562
0.0775527954101563 0.00305938720703125 0.810546875 -0.15826416015625
0.0242233276367187 -0.0296916961669922 0.606201171875 -0.80291748046875
-0.0221023559570312 -0.0298309326171875 -0.24737548828125 -0.807373046875
-0.03582763671875 -0.00944137573242188 -0.59906005859375 -0.20452880859375
-0.00946712493896485 0.0158529281616211 -0.449951171875 0.1544189453125
0.0133142471313477 0.0165109634399414 -0.103927612304688 0.239120483398438
0.00640106201171875 -0.00300359725952148 0.150863647460938 0.146987915039063
0.00621795654296875 -0.000646591186523438 -0.0811920166015625 -0.17816162109375
0.0163021087646484 0.0275211334228516 0.1817626953125 -0.2354736328125
0.0166816711425781 0.0306301116943359 0.461212158203125 -0.0828857421875
-0.00840187072753906 0.0155353546142578 0.56744384765625 0.307373046875
-0.0524711608886719 -0.0111236572265625 0.10498046875 0.7691650390625
-0.00998687744140625 -0.0427665710449219 -0.54620361328125 0.75543212890625
0.0632553100585938 -0.0125770568847656 -0.665283203125 0.23065185546875
0.09210205078125 0.0355987548828125 0.0469589233398437 0.0823822021484375
0.0768508911132812 0.0040130615234375 0.8013916015625 -0.156982421875
0.0262012481689453 -0.0310707092285156 0.59600830078125 -0.7952880859375
-0.0222148895263672 -0.0327548980712891 -0.25323486328125 -0.79840087890625
-0.0380668640136719 -0.0122947692871094 -0.60272216796875 -0.197998046875
-0.0140657424926758 0.0166473388671875 -0.451934814453125 0.160125732421875
0.00983619689941406 0.0165891647338867 -0.103225708007813 0.243453979492188
0.00713062286376953 -6.58035278320313E-05 0.151885986328125 0.152908325195313
0.00769472122192383 -0.00147008895874023 -0.0792083740234375 -0.172393798828125
0.0160236358642578 0.0257072448730469 0.182342529296875 -0.229202270507813
0.0155372619628906 0.0311965942382812 0.46112060546875 -0.07861328125
-0.00885581970214844 0.0162086486816406 0.56353759765625 0.31744384765625
-0.0533523559570312 -0.0113372802734375 0.09564208984375 0.7781982421875
-0.01025390625 -0.0431098937988281 -0.55340576171875 0.7581787109375
0.0591659545898438 -0.0131301879882813 -0.67352294921875 0.22625732421875
0.0899276733398438 0.0345382690429688 0.03997802734375 0.0790176391601563
0.0744247436523438 0.0031890869140625 0.79400634765625 -0.16107177734375
0.0234241485595703 -0.0317935943603516 0.58758544921875 -0.80267333984375
-0.0211143493652344 -0.0336513519287109 -0.2640380859375 -0.79974365234375
-0.0379295349121094 -0.0107612609863281 -0.6107177734375 -0.19293212890625
-0.0134305953979492 0.0165205001831055 -0.457122802734375 0.163848876953125
0.00962638854980469 0.0144100189208984 -0.105392456054687 0.246261596679688
0.0101041793823242 -0.00287723541259766 0.147628784179688 0.1546630859375
0.010533332824707 -0.00408363342285156 -0.081085205078125 -0.16790771484375
0.0177078247070313 0.0234317779541016 0.180801391601563 -0.226028442382813
0.0166358947753906 0.0312843322753906 0.4542236328125 -0.0743408203125
-0.00653076171875 0.0178165435791016 0.556610107421875 0.3201904296875
-0.052032470703125 -0.00675964355468749 0.0833740234375 0.7783203125
-0.0139923095703125 -0.0397987365722656 -0.56610107421875 0.7530517578125
0.0522079467773437 -0.0119972229003906 -0.6805419921875 0.22369384765625
0.0811996459960938 0.032318115234375 0.0352630615234375 0.0784835815429688
0.0676651000976563 0.0028076171875 0.78570556640625 -0.16259765625
0.0197029113769531 -0.0283298492431641 0.5767822265625 -0.79705810546875
-0.02215576171875 -0.0291652679443359 -0.2706298828125 -0.79010009765625
-0.0349979400634766 -0.00921058654785157 -0.61431884765625 -0.18731689453125
-0.0109796524047852 0.016077995300293 -0.45660400390625 0.168853759765625
0.0116615295410156 0.0125665664672852 -0.103607177734375 0.250030517578125
0.0128593444824219 -0.00645637512207031 0.150360107421875 0.160842895507813
0.0150051116943359 -0.00919818878173828 -0.079833984375 -0.163818359375
0.0199241638183594 0.0178089141845703 0.1845703125 -0.220993041992188
0.0232582092285156 0.0295886993408203 0.454986572265625 -0.068756103515625
-0.00433921813964844 0.0229053497314453 0.548187255859375 0.328277587890625
-0.0524063110351562 -0.000705718994140628 0.0751342773437501 0.78570556640625
-0.0186424255371094 -0.0331249237060547 -0.5753173828125 0.75433349609375
0.0448646545410156 -0.0125846862792969 -0.6856689453125 0.2213134765625
0.0742340087890625 0.0275955200195312 0.0325927734375 0.0785293579101563
0.0596122741699219 0.00133895874023438 0.78253173828125 -0.1669921875
0.0136547088623047 -0.0236625671386719 0.56488037109375 -0.80169677734375
-0.0242481231689453 -0.0220222473144531 -0.2830810546875 -0.78778076171875
-0.0324325561523438 -0.00352668762207031 -0.61956787109375 -0.17724609375
-0.00770950317382813 0.0176773071289063 -0.457000732421875 0.171051025390625
0.0168848037719727 0.00802993774414063 -0.105667114257813 0.253570556640625
0.0162839889526367 -0.0100288391113281 0.14654541015625 0.1646728515625
0.0172634124755859 -0.0128870010375977 -0.080322265625 -0.160171508789063
0.0269699096679688 0.0134449005126953 0.184585571289063 -0.220779418945313
0.0289669036865234 0.0276260375976563 0.45623779296875 -0.066558837890625
0.00151824951171875 0.0269145965576172 0.546630859375 0.333709716796875
-0.0544929504394531 0.00802993774414063 0.0672607421874999 0.789306640625
-0.0258655548095703 -0.0282249450683594 -0.58807373046875 0.75244140625
0.0377349853515625 -0.0115585327148437 -0.69097900390625 0.2176513671875
0.0672531127929688 0.0246658325195313 0.033599853515625 0.0771636962890625
0.0521087646484375 0.002410888671875 0.7801513671875 -0.16778564453125
0.00646591186523437 -0.0184898376464844 0.557373046875 -0.80255126953125
-0.0245494842529297 -0.0137042999267578 -0.2919921875 -0.783935546875
-0.0268898010253906 -0.0001068115234375 -0.62298583984375 -0.17364501953125
0.000937461853027345 0.0164346694946289 -0.457733154296875 0.175048828125
0.0221176147460937 0.00438880920410156 -0.101852416992188 0.25555419921875
0.0186977386474609 -0.0153598785400391 0.148345947265625 0.167739868164062
0.0194320678710938 -0.0186538696289063 -0.0812835693359375 -0.157852172851563
0.0349082946777344 0.0103893280029297 0.186477661132813 -0.220138549804688
0.0348606109619141 0.0271148681640625 0.454437255859375 -0.067047119140625
0.00581169128417969 0.0341072082519531 0.54364013671875 0.336822509765625
-0.0557899475097656 0.0181007385253906 0.05914306640625 0.7904052734375
-0.0312252044677734 -0.0212421417236328 -0.59228515625 0.75042724609375
0.0306243896484375 -0.0108222961425781 -0.6907958984375 0.2127685546875
0.0604820251464844 0.0186805725097656 0.0371856689453125 0.078643798828125
0.0444984436035156 0.00113677978515625 0.777587890625 -0.17169189453125
-0.00222015380859375 -0.0101184844970703 0.55218505859375 -0.8028564453125
-0.0253982543945312 -0.00279808044433594 -0.29827880859375 -0.78106689453125
-0.0205478668212891 0.00640869140625 -0.62054443359375 -0.1715087890625
0.00685596466064453 0.0168952941894531 -0.454437255859375 0.17755126953125
0.0283908843994141 -0.00063323974609375 -0.0993194580078125 0.258682250976562
0.0209999084472656 -0.0187969207763672 0.14825439453125 0.170639038085938
0.0213146209716797 -0.0223560333251953 -0.0845794677734375 -0.160491943359375
0.0425262451171875 0.00434112548828125 0.188720703125 -0.22174072265625
0.0429229736328125 0.0251426696777344 0.458282470703125 -0.0684814453125
0.00860977172851563 0.0371856689453125 0.547393798828125 0.33831787109375
-0.0579299926757813 0.0267181396484375 0.0617065429687501 0.79156494140625
-0.0374908447265625 -0.0143814086914062 -0.59259033203125 0.7490234375
0.0256404876708984 -0.0116596221923828 -0.68853759765625 0.213623046875
0.0595054626464844 0.0166893005371094 0.0420455932617188 0.0793533325195312
0.0400505065917969 0.00063323974609375 0.78619384765625 -0.1741943359375
-0.00727176666259766 -0.00535678863525391 0.5540771484375 -0.80596923828125
-0.026824951171875 0.00443649291992187 -0.297119140625 -0.78338623046875
-0.0143299102783203 0.0106048583984375 -0.6199951171875 -0.170166015625
0.0140724182128906 0.0150651931762695 -0.452789306640625 0.17767333984375
0.0359039306640625 -0.0043792724609375 -0.097686767578125 0.256759643554688
0.0210380554199219 -0.0219249725341797 0.149520874023438 0.170501708984375
0.00636100769042969 -0.0018310546875 -0.07952880859375 -0.18096923828125
0.02020263671875 0.0256252288818359 0.18267822265625 -0.238357543945313
0.0210762023925781 0.0301761627197266 0.46490478515625 -0.09033203125
-0.00730323791503906 0.014714241027832 0.57366943359375 0.30157470703125
-0.0537147521972656 -0.00716781616210936 0.1171875 0.767333984375
-0.0122795104980469 -0.0397186279296875 -0.5274658203125 0.7557373046875
0.062225341796875 -0.0144309997558594 -0.65191650390625 0.23101806640625
0.0921478271484375 0.0324859619140625 0.0531539916992188 0.0819244384765625
0.076324462890625 0.0027923583984375 0.80126953125 -0.15899658203125
0.0237693786621094 -0.0284175872802734 0.5958251953125 -0.79840087890625
-0.0222854614257813 -0.0293025970458984 -0.25079345703125 -0.79913330078125
-0.0361900329589844 -0.00993728637695312 -0.59515380859375 -0.197509765625
-0.00973987579345703 0.0173139572143555 -0.44482421875 0.15594482421875
0.0139236450195313 0.0151262283325195 -0.102157592773437 0.238357543945312
0.00581884384155273 -0.00343942642211914 0.150863647460938 0.144638061523438
0.00751352310180664 -0.00169706344604492 -0.079925537109375 -0.17742919921875
0.01702880859375 0.0268020629882812 0.178451538085938 -0.236801147460938
0.0164661407470703 0.0292892456054688 0.45635986328125 -0.088623046875
-0.00967121124267578 0.0141410827636719 0.56671142578125 0.3009033203125
-0.0539398193359375 -0.00978851318359375 0.11004638671875 0.76275634765625
-0.0096893310546875 -0.0417594909667969 -0.53594970703125 0.750732421875
0.0629425048828125 -0.0128097534179688 -0.6585693359375 0.23077392578125
0.0907058715820312 0.034637451171875 0.0452728271484375 0.080902099609375
0.07635498046875 0.00360107421875 0.7919921875 -0.15789794921875
0.0256500244140625 -0.0308284759521484 0.58734130859375 -0.79248046875
-0.0212593078613281 -0.0321388244628906 -0.25372314453125 -0.79083251953125
-0.0377006530761719 -0.010833740234375 -0.5994873046875 -0.19281005859375
-0.012364387512207 0.0159282684326172 -0.44561767578125 0.1619873046875
0.0100889205932617 0.016632080078125 -0.101104736328125 0.241470336914062
0.00531435012817383 -0.00115680694580078 0.15191650390625 0.151382446289063
0.00889873504638672 -0.000635147094726562 -0.0792388916015625 -0.171249389648437
0.0166397094726563 0.0244846343994141 0.179656982421875 -0.230377197265625
0.0160713195800781 0.0313644409179688 0.456268310546875 -0.0823974609375
-0.00927352905273437 0.0147695541381836 0.560150146484375 0.310821533203125
-0.0522499084472656 -0.00945663452148437 0.10125732421875 0.77325439453125
-0.00959396362304687 -0.0414199829101563 -0.54571533203125 0.75555419921875
0.0612945556640625 -0.0125617980957031 -0.66754150390625 0.2293701171875
0.0874099731445313 0.0331268310546875 0.0399017333984375 0.0794525146484375
0.0730056762695312 0.00312042236328125 0.78521728515625 -0.16339111328125
0.0245704650878906 -0.0296764373779297 0.5743408203125 -0.799072265625
-0.0214271545410156 -0.0324840545654297 -0.26763916015625 -0.792236328125
-0.038421630859375 -0.0101814270019531 -0.60675048828125 -0.18719482421875
-0.0136775970458984 0.0172615051269531 -0.452423095703125 0.1656494140625
0.00980758666992188 0.0140495300292969 -0.104583740234375 0.24554443359375
0.00925350189208984 -0.00419425964355469 0.148635864257813 0.153182983398438
0.0126171112060547 -0.00460147857666016 -0.0806732177734375 -0.165756225585937
0.0166358947753906 0.0219383239746094 0.176971435546875 -0.2271728515625
0.0183811187744141 0.0284442901611328 0.45147705078125 -0.07708740234375
-0.00655460357666015 0.0174789428710938 0.550872802734375 0.313873291015625
-0.0531578063964844 -0.00586318969726563 0.08709716796875 0.77099609375
-0.01226806640625 -0.0376167297363281 -0.55810546875 0.75128173828125
0.0529289245605469 -0.0134506225585938 -0.67254638671875 0.22564697265625
0.0796585083007813 0.0321884155273438 0.0343704223632813 0.0770034790039063
0.0680618286132813 0.00323104858398438 0.77691650390625 -0.1624755859375
0.0195693969726563 -0.0271587371826172 0.56622314453125 -0.79248046875
-0.0212669372558594 -0.0289840698242188 -0.27398681640625 -0.78167724609375
-0.0349540710449219 -0.00908470153808594 -0.60980224609375 -0.179443359375
-0.0112571716308594 0.0169467926025391 -0.4510498046875 0.171356201171875
0.0118331909179688 0.0119800567626953 -0.103042602539063 0.249786376953125
0.0127811431884766 -0.00566864013671875 0.148956298828125 0.158584594726563
0.0144729614257813 -0.00805473327636719 -0.07769775390625 -0.160736083984375
0.0218009948730469 0.0192432403564453 0.1805419921875 -0.223587036132813
0.0227584838867188 0.0279388427734375 0.45166015625 -0.0714111328125
-0.00374984741210938 0.0203132629394531 0.546478271484375 0.322906494140625
-0.0531806945800781 0.00118255615234375 0.08282470703125 0.77972412109375
-0.019866943359375 -0.0331058502197266 -0.565185546875 0.75244140625
0.0454559326171875 -0.0101966857910156 -0.6800537109375 0.22393798828125
0.0734405517578125 0.0278778076171875 0.03143310546875 0.076080322265625
0.0610084533691406 0.00154876708984375 0.771484375 -0.16827392578125
0.0128803253173828 -0.0222587585449219 0.55303955078125 -0.79742431640625
-0.0234813690185547 -0.0216159820556641 -0.28790283203125 -0.78033447265625
-0.0317840576171875 -0.00289344787597656 -0.6142578125 -0.17315673828125
-0.00717639923095703 0.017186164855957 -0.4534912109375 0.175994873046875
0.0154294967651367 0.00696372985839844 -0.103240966796875 0.252670288085938
0.0156717300415039 -0.0101642608642578 0.147140502929687 0.161880493164063
0.0182476043701172 -0.0119686126708984 -0.0805816650390625 -0.157302856445313
0.0265865325927734 0.0129585266113281 0.180892944335938 -0.22015380859375
0.0285758972167969 0.0261726379394531 0.45050048828125 -0.07183837890625
0.00116348266601563 0.0255107879638672 0.54364013671875 0.327545166015625
-0.0544853210449219 0.00904846191406251 0.0714721679687501 0.7823486328125
-0.0231227874755859 -0.0257663726806641 -0.57550048828125 0.751220703125
0.0369606018066406 -0.0126113891601563 -0.68511962890625 0.2193603515625
0.0663566589355469 0.0241012573242188 0.0322036743164063 0.0777511596679688
0.0526313781738281 0.0016021728515625 0.769775390625 -0.1697998046875
0.00587081909179688 -0.0171089172363281 0.5438232421875 -0.7999267578125
-0.0255012512207031 -0.0120105743408203 -0.29571533203125 -0.77337646484375
-0.0264377593994141 0.00116348266601563 -0.61810302734375 -0.166748046875
-0.000263214111328125 0.0168085098266602 -0.45159912109375 0.17852783203125
0.022064208984375 0.00347328186035156 -0.100631713867188 0.2557373046875
0.0181961059570313 -0.0148353576660156 0.148391723632812 0.164443969726563
0.0205650329589844 -0.0182743072509766 -0.08148193359375 -0.158966064453125
0.0345993041992188 0.0111560821533203 0.182464599609375 -0.220306396484375
0.0359687805175781 0.0253028869628906 0.451812744140625 -0.069854736328125
0.00518608093261718 0.0317916870117188 0.543121337890625 0.3321533203125
-0.0551376342773438 0.0183258056640625 0.0645751953125001 0.7845458984375
-0.0306930541992188 -0.01953125 -0.5814208984375 0.747802734375
0.0280876159667969 -0.0112705230712891 -0.68304443359375 0.214599609375
0.0604820251464844 0.0208015441894531 0.0363006591796875 0.076385498046875
0.0439796447753906 0.000995635986328125 0.77191162109375 -0.17315673828125
-0.00259685516357422 -0.0104761123657227 0.542724609375 -0.79718017578125
-0.0252971649169922 -0.00305938720703125 -0.30029296875 -0.77203369140625
-0.0202789306640625 0.005523681640625 -0.6162109375 -0.16351318359375
0.00727272033691406 0.0156965255737305 -0.448272705078125 0.17962646484375
0.0300388336181641 -0.000703811645507813 -0.098358154296875 0.2569580078125
0.0194187164306641 -0.0196666717529297 0.148529052734375 0.169158935546875
0.021453857421875 -0.0222339630126953 -0.084686279296875 -0.158935546875
0.0424308776855469 0.005859375 0.185470581054688 -0.223236083984375
0.0427436828613281 0.023590087890625 0.452880859375 -0.072357177734375
0.00950241088867188 0.0374298095703125 0.544219970703125 0.3328857421875
-0.0567588806152344 0.0273590087890625 0.0645751953125 0.7852783203125
-0.0369415283203125 -0.0134124755859375 -0.58428955078125 0.74810791015625
0.0245304107666016 -0.0127410888671875 -0.68182373046875 0.2158203125
0.0570411682128906 0.016815185546875 0.0413970947265625 0.0773544311523438
0.039520263671875 0.00058746337890625 0.7767333984375 -0.17596435546875
-0.00659465789794922 -0.00452327728271484 0.5430908203125 -0.80145263671875
-0.0278987884521484 0.00467681884765625 -0.29974365234375 -0.7725830078125
-0.0156402587890625 0.00990200042724609 -0.6158447265625 -0.1636962890625
0.014317512512207 0.0149917602539063 -0.44683837890625 0.179443359375
0.0355377197265625 -0.0034637451171875 -0.09661865234375 0.256210327148438
0.0216274261474609 -0.0220985412597656 0.149810791015625 0.1683349609375
0.00689888000488281 -0.00156164169311523 -0.0794525146484375 -0.179000854492188
0.0212326049804688 0.0246925354003906 0.180313110351563 -0.23779296875
0.0204734802246094 0.0288906097412109 0.459686279296875 -0.092987060546875
-0.00809288024902344 0.0156755447387695 0.5706787109375 0.29473876953125
-0.0530662536621094 -0.00531768798828125 0.12017822265625 0.7607421875
-0.0114059448242188 -0.0378303527832031 -0.52069091796875 0.75238037109375
0.0615615844726563 -0.014251708984375 -0.646240234375 0.2320556640625
0.0898284912109375 0.0321884155273437 0.051055908203125 0.0817184448242188
0.0748443603515625 0.00281524658203125 0.7919921875 -0.1593017578125
0.0253791809082031 -0.0273265838623047 0.5872802734375 -0.79620361328125
-0.0238628387451172 -0.0286426544189453 -0.2532958984375 -0.79180908203125
-0.0376548767089844 -0.00882339477539062 -0.59295654296875 -0.19390869140625
-0.00992107391357422 0.0173263549804688 -0.440643310546875 0.15948486328125
0.0134830474853516 0.015995979309082 -0.101837158203125 0.23846435546875
0.00422239303588867 -0.00286197662353516 0.149551391601563 0.143081665039063
0.00755500793457031 -0.00121259689331055 -0.0817718505859375 -0.177459716796875
0.0184383392333984 0.0262641906738281 0.17724609375 -0.235397338867187
0.0174980163574219 0.0297737121582031 0.453338623046875 -0.090850830078125
-0.00985050201416016 0.0138349533081055 0.56280517578125 0.2947998046875
-0.0520515441894531 -0.00849533081054687 0.111572265625 0.7578125
-0.00895309448242188 -0.0416984558105469 -0.528076171875 0.74755859375
0.0617408752441406 -0.0141983032226563 -0.65191650390625 0.23089599609375
0.0895538330078125 0.0329513549804688 0.044403076171875 0.0800094604492188
0.0746688842773438 0.00417327880859375 0.78387451171875 -0.16009521484375
0.0262336730957031 -0.0301628112792969 0.5802001953125 -0.7886962890625
-0.0235214233398437 -0.0336456298828125 -0.25830078125 -0.78253173828125
-0.0388145446777344 -0.0103912353515625 -0.59381103515625 -0.18634033203125
-0.0142717361450195 0.0169687271118164 -0.44085693359375 0.16339111328125
0.0112752914428711 0.0149726867675781 -0.10137939453125 0.243484497070313
0.00562858581542969 -0.00133657455444336 0.15020751953125 0.150863647460938
0.00897884368896484 -0.00211429595947266 -0.07891845703125 -0.1715087890625
0.0164680480957031 0.0246639251708984 0.17852783203125 -0.229904174804688
0.0160655975341797 0.0283985137939453 0.451995849609375 -0.084381103515625
-0.00837421417236328 0.0149745941162109 0.558258056640625 0.304718017578125
-0.0521049499511719 -0.00897979736328124 0.10418701171875 0.7672119140625
-0.00890350341796875 -0.0402450561523438 -0.53790283203125 0.753173828125
0.0589561462402344 -0.0138053894042969 -0.66094970703125 0.22998046875
0.0866851806640625 0.0321197509765625 0.0382766723632813 0.0780410766601563
0.0715408325195313 0.00351715087890625 0.77667236328125 -0.1639404296875
0.0236930847167969 -0.0294647216796875 0.56793212890625 -0.793701171875
-0.0221977233886719 -0.0325279235839844 -0.268798828125 -0.7835693359375
-0.0389823913574219 -0.010650634765625 -0.6021728515625 -0.1820068359375
-0.0137233734130859 0.0172824859619141 -0.44830322265625 0.167999267578125
0.0100431442260742 0.015294075012207 -0.10357666015625 0.24627685546875
0.00915336608886719 -0.00379657745361328 0.148712158203125 0.150054931640625
0.0113964080810547 -0.00501251220703125 -0.08111572265625 -0.1671142578125
0.0179958343505859 0.0212421417236328 0.1746826171875 -0.22637939453125
0.0175590515136719 0.0289516448974609 0.447601318359375 -0.080169677734375
-0.00662803649902344 0.0150384902954102 0.549102783203125 0.308807373046875
-0.0516510009765625 -0.00649642944335938 0.0909423828125 0.76806640625
-0.0125236511230469 -0.0360069274902344 -0.5517578125 0.746826171875
0.0520362854003906 -0.0130424499511719 -0.66748046875 0.22625732421875
0.0795516967773438 0.0318603515625 0.0326385498046875 0.0784072875976563
0.0654106140136719 0.0039215087890625 0.767333984375 -0.1630859375
0.0185260772705078 -0.0269508361816406 0.5556640625 -0.7891845703125
-0.0228900909423828 -0.0292148590087891 -0.2763671875 -0.7740478515625
-0.0361785888671875 -0.00779342651367188 -0.6048583984375 -0.17608642578125
-0.0124235153198242 0.0162506103515625 -0.445526123046875 0.17376708984375
0.0115270614624023 0.0112266540527344 -0.101364135742188 0.2496337890625
0.0112447738647461 -0.00391101837158203 0.150527954101562 0.157135009765625
0.014246940612793 -0.00859642028808594 -0.0787506103515625 -0.160293579101562
0.0206375122070313 0.0198745727539063 0.177993774414063 -0.223983764648438
0.0249214172363281 0.02545166015625 0.44818115234375 -0.0753173828125
-0.00438117980957031 0.0206699371337891 0.54449462890625 0.319091796875
-0.0533790588378906 0.00135421752929687 0.0828857421875 0.7725830078125
-0.0182666778564453 -0.0329265594482422 -0.5574951171875 0.748046875
0.0438613891601563 -0.0124855041503906 -0.6734619140625 0.2247314453125
0.0720367431640625 0.0262680053710938 0.032440185546875 0.0759124755859375
0.0590972900390625 0.00365829467773438 0.76434326171875 -0.1702880859375
0.0128231048583984 -0.0226211547851562 0.54571533203125 -0.7899169921875
-0.0231685638427734 -0.0211296081542969 -0.28875732421875 -0.771728515625
-0.0313873291015625 -0.00356864929199219 -0.61016845703125 -0.1666259765625
-0.00554370880126953 0.0158901214599609 -0.449859619140625 0.178955078125
0.0154457092285156 0.00643730163574219 -0.1009521484375 0.25433349609375
0.0161724090576172 -0.00918388366699219 0.145294189453125 0.159194946289063
0.0180091857910156 -0.0135765075683594 -0.0801849365234375 -0.158447265625
0.0285301208496094 0.013427734375 0.178329467773438 -0.22137451171875
0.0287513732910156 0.0261974334716797 0.447265625 -0.07391357421875
-0.000432968139648437 0.0259113311767578 0.5399169921875 0.321868896484375
-0.0543975830078125 0.00900268554687501 0.0763549804687499 0.77813720703125
-0.0236301422119141 -0.0241985321044922 -0.5684814453125 0.74755859375
0.0366439819335938 -0.0115165710449219 -0.67822265625 0.2183837890625
0.0659332275390625 0.02191162109375 0.0316009521484375 0.075836181640625
0.0514030456542969 0.00138473510742188 0.76275634765625 -0.1732177734375
0.00664043426513672 -0.0152206420898437 0.5379638671875 -0.7918701171875
-0.0246944427490234 -0.0124149322509766 -0.29547119140625 -0.767333984375
-0.0260868072509766 0.00138092041015625 -0.6136474609375 -0.16046142578125
7.34329223632823E-05 0.0155210494995117 -0.449462890625 0.179962158203125
0.0218257904052734 0.00129127502441406 -0.100418090820312 0.255203247070313
0.0166244506835938 -0.0150394439697266 0.14813232421875 0.1644287109375
0.0200767517089844 -0.0189990997314453 -0.0826416015625 -0.157241821289063
0.0357818603515625 0.00896072387695313 0.180877685546875 -0.221054077148438
0.0358772277832031 0.0237808227539062 0.447998046875 -0.073089599609375
0.006500244140625 0.0310497283935547 0.538360595703125 0.328033447265625
-0.0538444519042969 0.0190162658691406 0.0673828125 0.77996826171875
-0.0300731658935547 -0.0185871124267578 -0.5751953125 0.746826171875
0.0289230346679688 -0.0122871398925781 -0.68011474609375 0.21649169921875
0.05792236328125 0.0198898315429688 0.0342178344726563 0.07501220703125
0.0434951782226563 0.0020599365234375 0.76318359375 -0.1734619140625
0.000682830810546875 -0.00909709930419922 0.53271484375 -0.7908935546875
-0.0262355804443359 -0.00315475463867188 -0.2998046875 -0.7642822265625
-0.0217113494873047 0.00720405578613281 -0.6126708984375 -0.15826416015625
0.00783729553222656 0.0153799057006836 -0.4462890625 0.181915283203125
0.0305671691894531 -0.00243759155273438 -0.0967559814453125 0.255569458007812
0.0185756683349609 -0.0188503265380859 0.147354125976563 0.167877197265625
0.0209636688232422 -0.0226287841796875 -0.0840911865234375 -0.158767700195313
0.0431251525878906 0.00501632690429687 0.182281494140625 -0.222427368164063
0.0430984497070313 0.021514892578125 0.4508056640625 -0.075164794921875
0.00865936279296875 0.0356292724609375 0.541473388671875 0.32672119140625
-0.0565299987792969 0.0282821655273437 0.069580078125 0.7822265625
-0.0360374450683594 -0.0116691589355469 -0.57489013671875 0.744873046875
0.0236968994140625 -0.0119552612304688 -0.67596435546875 0.21575927734375
0.0566902160644531 0.0152626037597656 0.0409088134765625 0.0779647827148438
0.0390472412109375 0.000904083251953125 0.7689208984375 -0.17724609375
-0.00653886795043945 -0.00356864929199219 0.53631591796875 -0.7965087890625
-0.0288829803466797 0.00554847717285156 -0.302001953125 -0.7646484375
-0.0152750015258789 0.0102605819702148 -0.612060546875 -0.1595458984375
0.0145549774169922 0.0140256881713867 -0.443328857421875 0.180877685546875
0.0355339050292969 -0.003692626953125 -0.0951995849609375 0.25537109375
0.0200996398925781 -0.0220279693603516 0.148971557617188 0.166427612304688
0.00663852691650391 -0.0013885498046875 -0.0796966552734375 -0.1800537109375
0.0208721160888672 0.02587890625 0.179641723632813 -0.238540649414062
0.0221099853515625 0.0283851623535156 0.45733642578125 -0.09637451171875
-0.00908279418945313 0.0151252746582031 0.56610107421875 0.291748046875
-0.0521621704101563 -0.00504684448242189 0.1224365234375 0.75738525390625
-0.00978851318359375 -0.0373878479003906 -0.5142822265625 0.74945068359375
0.0600967407226563 -0.0144577026367188 -0.64141845703125 0.23223876953125
0.0878143310546875 0.0318679809570313 0.050445556640625 0.080810546875
0.0757064819335938 0.00382232666015625 0.78546142578125 -0.1597900390625
0.0233097076416016 -0.0267314910888672 0.5802001953125 -0.7904052734375
-0.0225620269775391 -0.0289192199707031 -0.2540283203125 -0.78411865234375
-0.0373191833496094 -0.00762939453125 -0.58721923828125 -0.18939208984375
-0.00913619995117187 0.0176849365234375 -0.436431884765625 0.15972900390625
0.0136899948120117 0.016291618347168 -0.100540161132813 0.237686157226563
0.0041358470916748 -0.00357294082641602 0.149185180664063 0.142135620117188
0.00753641128540039 -0.0015106201171875 -0.0805816650390625 -0.176651000976563
0.0177631378173828 0.0262908935546875 0.173492431640625 -0.236587524414063
0.0177822113037109 0.0286026000976562 0.44970703125 -0.0921630859375
-0.00940227508544922 0.0120506286621094 0.561248779296875 0.291412353515625
-0.0519866943359375 -0.00845718383789063 0.113525390625 0.754150390625
-0.00695800781249999 -0.0386543273925781 -0.5230712890625 0.74334716796875
0.0596237182617188 -0.0151176452636719 -0.64752197265625 0.22955322265625
0.0868148803710938 0.0341796875 0.0426559448242188 0.0785751342773438
0.0739364624023438 0.0032806396484375 0.77593994140625 -0.15826416015625
0.0252227783203125 -0.0297260284423828 0.572021484375 -0.78143310546875
-0.023101806640625 -0.0326728820800781 -0.2578125 -0.77734375
-0.0388679504394531 -0.00994873046875 -0.59075927734375 -0.18316650390625
-0.0123386383056641 0.0183849334716797 -0.438201904296875 0.165191650390625
0.00958251953125 0.0166864395141602 -0.0992431640625 0.241653442382812
0.0047297477722168 -0.00321340560913086 0.150970458984375 0.150741577148438
0.00869035720825195 -0.00147342681884766 -0.08001708984375 -0.16986083984375
0.0164680480957031 0.0237884521484375 0.1759033203125 -0.229522705078125
0.0165691375732422 0.0288810729980469 0.450653076171875 -0.087982177734375
-0.00859642028808594 0.014225959777832 0.553436279296875 0.300933837890625
-0.052001953125 -0.00806045532226562 0.1046142578125 0.762451171875
-0.00752639770507813 -0.0385780334472656 -0.5318603515625 0.7506103515625
0.05731201171875 -0.0144119262695313 -0.656494140625 0.2281494140625
0.0837783813476563 0.0325698852539063 0.0372848510742187 0.0771255493164063
0.0717697143554688 0.0042724609375 0.76971435546875 -0.16253662109375
0.0238533020019531 -0.0280666351318359 0.561279296875 -0.78765869140625
-0.022186279296875 -0.0324306488037109 -0.26849365234375 -0.77593994140625
-0.0386238098144531 -0.00934982299804687 -0.5980224609375 -0.17926025390625
-0.0144863128662109 0.0185909271240234 -0.4449462890625 0.16888427734375
0.00846385955810547 0.0134563446044922 -0.101943969726563 0.245635986328125
0.00793170928955078 -0.00397157669067383 0.147018432617188 0.149154663085938
0.0114736557006836 -0.00450515747070313 -0.080474853515625 -0.165863037109375
0.0191535949707031 0.0215091705322266 0.17376708984375 -0.227691650390625
0.0177021026611328 0.0290050506591797 0.44390869140625 -0.083038330078125
-0.00598430633544922 0.0150241851806641 0.54583740234375 0.304168701171875
-0.0525703430175781 -0.00497436523437499 0.09283447265625 0.7630615234375
-0.0117321014404297 -0.0350799560546875 -0.5445556640625 0.74639892578125
0.0506820678710938 -0.0130386352539063 -0.66400146484375 0.2265625
0.0783538818359375 0.0311965942382812 0.0318527221679688 0.0771865844726563
0.0663337707519531 0.0047149658203125 0.76129150390625 -0.16259765625
0.0200939178466797 -0.0258750915527344 0.54937744140625 -0.78240966796875
-0.0220794677734375 -0.0283527374267578 -0.27764892578125 -0.76727294921875
-0.0352897644042969 -0.0068511962890625 -0.60125732421875 -0.17132568359375
-0.0115480422973633 0.0174493789672852 -0.443572998046875 0.17462158203125
0.0117902755737305 0.0116453170776367 -0.10064697265625 0.248931884765625
0.0113611221313477 -0.00614547729492188 0.147308349609375 0.155990600585938
0.0147562026977539 -0.00813484191894531 -0.079437255859375 -0.1610107421875
0.0227336883544922 0.0173282623291016 0.177078247070313 -0.222442626953125
0.0219097137451172 0.0260181427001953 0.445159912109375 -0.077178955078125
-0.00484085083007812 0.0190410614013672 0.542999267578125 0.311798095703125
-0.0511741638183594 0.00395965576171876 0.08502197265625 0.771484375
-0.0169353485107422 -0.0310649871826172 -0.5521240234375 0.7471923828125
0.0439529418945313 -0.0124130249023438 -0.67041015625 0.22418212890625
0.0707550048828125 0.0275192260742188 0.0300521850585938 0.0761795043945313
0.0585975646972656 0.00372314453125 0.76043701171875 -0.16845703125
0.0137653350830078 -0.0218658447265625 0.54071044921875 -0.78564453125
-0.0247631072998047 -0.0204143524169922 -0.289794921875 -0.76409912109375
-0.0312519073486328 -0.00209617614746094 -0.60662841796875 -0.165771484375
-0.00716590881347656 0.0178565979003906 -0.448089599609375 0.1761474609375
0.0150585174560547 0.00737667083740234 -0.101699829101563 0.25341796875
0.0141153335571289 -0.0109472274780273 0.146820068359375 0.159698486328125
0.0182151794433594 -0.0115184783935547 -0.08050537109375 -0.158554077148438
0.0266647338867188 0.0130729675292969 0.176116943359375 -0.2203369140625
0.0296421051025391 0.0250873565673828 0.445465087890625 -0.0758056640625
0.00139999389648437 0.0252838134765625 0.537139892578125 0.317657470703125
-0.0537300109863281 0.0106086730957031 0.0776367187499999 0.77471923828125
-0.0216598510742188 -0.0234260559082031 -0.56304931640625 0.74365234375
0.0355567932128906 -0.0129814147949219 -0.673828125 0.21929931640625
0.0640525817871094 0.0242424011230469 0.0316619873046875 0.0761184692382813
0.051910400390625 0.00241851806640625 0.75604248046875 -0.17034912109375
0.00532436370849609 -0.0143051147460937 0.533203125 -0.788330078125
-0.0257148742675781 -0.0127696990966797 -0.29595947265625 -0.76080322265625
-0.0276679992675781 0.00199508666992187 -0.6092529296875 -0.15826416015625
-9.72747802734381E-05 0.0165214538574219 -0.443023681640625 0.18017578125
0.0222339630126953 0.00357246398925781 -0.099456787109375 0.25518798828125
0.0163516998291016 -0.0156116485595703 0.147537231445313 0.163406372070313
0.0186824798583984 -0.0179214477539063 -0.0814208984375 -0.156814575195313
0.0356369018554687 0.008331298828125 0.179168701171875 -0.221649169921875
0.0356826782226563 0.0220298767089844 0.4461669921875 -0.0736083984375
0.00385284423828125 0.0297298431396484 0.53594970703125 0.32159423828125
-0.0541839599609375 0.0201568603515625 0.06988525390625 0.77557373046875
-0.0284404754638672 -0.0166053771972656 -0.5694580078125 0.74090576171875
0.0280055999755859 -0.0139274597167969 -0.67352294921875 0.2138671875
0.0565261840820312 0.0184555053710937 0.0331344604492188 0.0757598876953125
0.0429344177246094 0.00210189819335938 0.75665283203125 -0.1727294921875
-0.00179672241210937 -0.00851011276245117 0.52679443359375 -0.78515625
-0.0262508392333984 -0.00249671936035156 -0.30059814453125 -0.75823974609375
-0.0206661224365234 0.00739860534667968 -0.6085205078125 -0.15655517578125
0.00727462768554688 0.0176277160644531 -0.444122314453125 0.182891845703125
0.0299739837646484 -0.000850677490234375 -0.097137451171875 0.2547607421875
0.0175895690917969 -0.0184612274169922 0.148513793945313 0.165634155273438
0.0205326080322266 -0.0215015411376953 -0.085357666015625 -0.1571044921875
0.0421409606933594 0.004608154296875 0.1800537109375 -0.223648071289063
0.0419692993164063 0.0214500427246094 0.44635009765625 -0.07666015625
0.00827980041503906 0.0348529815673828 0.538848876953125 0.322052001953125
-0.057098388671875 0.0287132263183594 0.0695800781249999 0.77752685546875
-0.0345726013183594 -0.0106849670410156 -0.57049560546875 0.7423095703125
0.0230197906494141 -0.0132598876953125 -0.671142578125 0.21527099609375
0.0538139343261719 0.0151710510253906 0.0399398803710938 0.077362060546875
0.0378456115722656 0.00168991088867188 0.76373291015625 -0.1767578125
-0.00695657730102539 -0.00240182876586914 0.52789306640625 -0.79193115234375
-0.0273895263671875 0.00563621520996094 -0.30084228515625 -0.75872802734375
-0.0150957107543945 0.0110397338867187 -0.60760498046875 -0.15625
0.0148277282714844 0.0145206451416016 -0.43865966796875 0.18243408203125
0.0351066589355469 -0.00472259521484375 -0.09283447265625 0.255767822265625
0.0202083587646484 -0.0229053497314453 0.149215698242187 0.164825439453125
0.00663518905639648 -0.000935077667236328 -0.0788116455078125 -0.179656982421875
0.0212268829345703 0.0255527496337891 0.176528930664062 -0.23907470703125
0.0205802917480469 0.02734375 0.4552001953125 -0.09637451171875
-0.0083465576171875 0.0139675140380859 0.56561279296875 0.28900146484375
-0.0516815185546875 -0.00346755981445314 0.1229248046875 0.75439453125
-0.00846099853515625 -0.0356025695800781 -0.5115966796875 0.74749755859375
0.0600318908691406 -0.0141944885253906 -0.63995361328125 0.23077392578125
0.0869369506835938 0.0323104858398438 0.04974365234375 0.0811080932617188
0.0737533569335938 0.004486083984375 0.781005859375 -0.15765380859375
0.0241184234619141 -0.0270557403564453 0.578125 -0.78533935546875
-0.0234527587890625 -0.0275783538818359 -0.2537841796875 -0.78302001953125
-0.0381202697753906 -0.00700759887695312 -0.58453369140625 -0.189208984375
-0.00909996032714844 0.0175495147705078 -0.434295654296875 0.160125732421875
0.0119972229003906 0.0152606964111328 -0.099945068359375 0.237716674804688
0.00403642654418945 -0.00469064712524414 0.149459838867188 0.14215087890625
0.007110595703125 -0.000636100769042969 -0.07952880859375 -0.176956176757813
0.0187740325927734 0.0266971588134766 0.17352294921875 -0.237075805664063
0.0186328887939453 0.0291347503662109 0.450164794921875 -0.094696044921875
-0.0103912353515625 0.0122480392456055 0.558013916015625 0.2900390625
-0.0524635314941406 -0.00833511352539063 0.11370849609375 0.75164794921875
-0.00665664672851563 -0.0381736755371094 -0.519775390625 0.744384765625
0.0597457885742188 -0.0147476196289063 -0.6448974609375 0.22991943359375
0.0856552124023438 0.0321502685546875 0.0418548583984375 0.0793533325195313
0.0740280151367188 0.00382232666015625 0.77203369140625 -0.15704345703125
0.0255699157714844 -0.0277748107910156 0.566650390625 -0.77691650390625
-0.0226955413818359 -0.0311145782470703 -0.2576904296875 -0.7730712890625
-0.0388755798339844 -0.0100669860839844 -0.5885009765625 -0.18170166015625
-0.0127830505371094 0.0186691284179687 -0.43682861328125 0.165008544921875
0.00972080230712891 0.0162315368652344 -0.0982818603515625 0.24188232421875
0.00359034538269043 -0.00309014320373535 0.149261474609375 0.148712158203125
0.00957584381103516 -0.00137138366699219 -0.07879638671875 -0.170989990234375
0.0164680480957031 0.0234355926513672 0.174270629882813 -0.230865478515625
0.0165767669677734 0.0296459197998047 0.448211669921875 -0.087646484375
-0.00902557373046875 0.0117530822753906 0.551727294921875 0.29852294921875
-0.0520858764648438 -0.00623703002929689 0.1036376953125 0.76104736328125
-0.00803375244140625 -0.0380401611328125 -0.5296630859375 0.74896240234375
0.0575027465820313 -0.0138969421386719 -0.6544189453125 0.2283935546875
0.0829849243164063 0.031585693359375 0.0355148315429688 0.0781402587890625
0.0718231201171875 0.004669189453125 0.76409912109375 -0.16021728515625
0.0229339599609375 -0.0282192230224609 0.5579833984375 -0.7835693359375
-0.0229568481445313 -0.0323123931884766 -0.2685546875 -0.77105712890625
-0.0387153625488281 -0.0085296630859375 -0.5943603515625 -0.17730712890625
-0.0126285552978516 0.0179424285888672 -0.44305419921875 0.16864013671875
0.00955581665039063 0.0148706436157227 -0.102752685546875 0.24517822265625
0.00679159164428711 -0.00437641143798828 0.147476196289063 0.149398803710938
0.0115184783935547 -0.00470829010009766 -0.07952880859375 -0.166183471679688
0.0175075531005859 0.0213451385498047 0.171554565429688 -0.226791381835938
0.0195026397705078 0.0257339477539063 0.443145751953125 -0.084014892578125
-0.00807380676269531 0.0153369903564453 0.544708251953125 0.302398681640625
-0.0514678955078125 -0.003082275390625 0.0938110351562499 0.76080322265625
-0.0111083984375 -0.0338382720947266 -0.5416259765625 0.74395751953125
0.0497665405273438 -0.01287841796875 -0.65997314453125 0.222900390625
0.0760040283203125 0.0320892333984375 0.03118896484375 0.076507568359375
0.0658493041992188 0.00342941284179688 0.7578125 -0.161865234375
0.0180931091308594 -0.026519775390625 0.54815673828125 -0.7772216796875
-0.0227069854736328 -0.0289630889892578 -0.27587890625 -0.76361083984375
-0.03692626953125 -0.00561904907226562 -0.59808349609375 -0.16973876953125
-0.0116806030273437 0.0196208953857422 -0.440948486328125 0.173736572265625
0.0122299194335938 0.0116825103759766 -0.101119995117187 0.250534057617187
0.0104246139526367 -0.00612068176269531 0.1483154296875 0.15570068359375
0.0143537521362305 -0.00779056549072266 -0.07763671875 -0.1600341796875
0.0222320556640625 0.0182342529296875 0.174636840820313 -0.223251342773438
0.0234260559082031 0.0276088714599609 0.442779541015625 -0.080780029296875
-0.00419807434082031 0.0192985534667969 0.537567138671875 0.310821533203125
-0.0538444519042969 0.00157546997070312 0.0863037109375 0.76849365234375
-0.0166893005371094 -0.0299530029296875 -0.55029296875 0.7430419921875
0.0421600341796875 -0.0129852294921875 -0.665771484375 0.22454833984375
0.0694694519042969 0.0273323059082031 0.0276107788085937 0.0770950317382813
0.0576591491699219 0.00413131713867188 0.7515869140625 -0.16485595703125
0.0133495330810547 -0.0212955474853516 0.5377197265625 -0.780029296875
-0.0253715515136719 -0.0215778350830078 -0.28875732421875 -0.75860595703125
-0.0315818786621094 -0.00229644775390625 -0.60443115234375 -0.16253662109375
-0.00544548034667969 0.0179290771484375 -0.44439697265625 0.177459716796875
0.0168161392211914 0.00834274291992188 -0.102676391601563 0.252426147460938
0.0133399963378906 -0.0106534957885742 0.144989013671875 0.158416748046875
0.0179595947265625 -0.0119247436523438 -0.079498291015625 -0.156585693359375
0.0269145965576172 0.0128440856933594 0.1756591796875 -0.220703125
0.0293254852294922 0.0250167846679687 0.441741943359375 -0.07696533203125
0.000135421752929686 0.0245475769042969 0.536224365234375 0.31634521484375
-0.0535240173339844 0.011077880859375 0.07745361328125 0.77093505859375
-0.0234737396240234 -0.0227184295654297 -0.56036376953125 0.74346923828125
0.0338573455810547 -0.0141201019287109 -0.67034912109375 0.2186279296875
0.0630455017089844 0.0244560241699219 0.02984619140625 0.074859619140625
0.0507965087890625 0.00291061401367188 0.75 -0.16827392578125
0.00628185272216797 -0.0142574310302734 0.52825927734375 -0.78131103515625
-0.0261650085449219 -0.0128803253173828 -0.29461669921875 -0.75482177734375
-0.0244693756103516 0.0023193359375 -0.608154296875 -0.15631103515625
0.000686645507812499 0.0184307098388672 -0.441192626953125 0.18060302734375
0.0225429534912109 0.00374794006347656 -0.09942626953125 0.256072998046875
0.0167360305786133 -0.0156393051147461 0.14715576171875 0.161270141601563
0.0188465118408203 -0.0157375335693359 -0.0822906494140625 -0.158889770507813
0.0349578857421875 0.00792694091796875 0.178237915039063 -0.22088623046875
0.0361709594726563 0.0220413208007813 0.44232177734375 -0.0750732421875
0.00400352478027344 0.0305347442626953 0.532440185546875 0.3203125
-0.0536842346191406 0.0219154357910156 0.0703124999999999 0.7730712890625
-0.0301322937011719 -0.0161418914794922 -0.56768798828125 0.73919677734375
0.0268592834472656 -0.0108394622802734 -0.6697998046875 0.21417236328125
0.05621337890625 0.0208168029785156 0.0331878662109375 0.0766830444335938
0.0433158874511719 0.00217437744140625 0.75189208984375 -0.16998291015625
0.000486373901367188 -0.00825071334838867 0.52337646484375 -0.78192138671875
-0.0273933410644531 -0.00334548950195313 -0.29986572265625 -0.751953125
-0.0212192535400391 0.00784111022949218 -0.60650634765625 -0.1561279296875
0.00661849975585938 0.0165414810180664 -0.438507080078125 0.182830810546875
0.0263824462890625 -0.000707626342773438 -0.09698486328125 0.254913330078125
0.01763916015625 -0.0201053619384766 0.1463623046875 0.165847778320313
0.0208015441894531 -0.0213127136230469 -0.08447265625 -0.1583251953125
0.0422134399414063 0.00405120849609375 0.179183959960937 -0.222686767578125
0.0429534912109375 0.0214500427246094 0.444854736328125 -0.078460693359375
0.00722312927246094 0.0336780548095703 0.537078857421875 0.32147216796875
-0.056549072265625 0.0301055908203125 0.0694580078125001 0.77691650390625
-0.0332431793212891 -0.0090179443359375 -0.5675048828125 0.7386474609375
0.0224399566650391 -0.0122165679931641 -0.667236328125 0.21435546875
0.0527915954589844 0.0162315368652344 0.0385665893554687 0.078155517578125
0.0375900268554688 0.0026397705078125 0.75689697265625 -0.1732177734375
-0.00608539581298828 -0.00244140625 0.52716064453125 -0.78533935546875
-0.0271701812744141 0.00637054443359375 -0.3004150390625 -0.75439453125
-0.0159997940063477 0.0111532211303711 -0.604248046875 -0.1552734375
0.0139713287353516 0.0159893035888672 -0.43585205078125 0.182342529296875
0.0347671508789063 -0.00432586669921875 -0.09423828125 0.255523681640625
0.0198459625244141 -0.0228080749511719 0.14837646484375 0.164474487304688
0.00649213790893555 -0.00112342834472656 -0.079010009765625 -0.180709838867187
0.0218410491943359 0.0247688293457031 0.17669677734375 -0.239181518554688
0.0220870971679687 0.02606201171875 0.453826904296875 -0.097076416015625
-0.0092010498046875 0.0121345520019531 0.56390380859375 0.288818359375
-0.0531082153320313 -0.003143310546875 0.12200927734375 0.75439453125
-0.00743484497070313 -0.0347785949707031 -0.51171875 0.7454833984375
0.0596771240234375 -0.0152397155761719 -0.63720703125 0.22857666015625
0.0863876342773438 0.0323638916015625 0.0473709106445313 0.0808868408203125
0.0741043090820313 0.00494384765625 0.7747802734375 -0.155517578125
0.0252628326416016 -0.0250205993652344 0.57611083984375 -0.7806396484375
-0.0225009918212891 -0.02862548828125 -0.25213623046875 -0.77923583984375
-0.0378456115722656 -0.00659942626953125 -0.5833740234375 -0.1875
-0.009033203125 0.0186862945556641 -0.431854248046875 0.1611328125
0.0129537582397461 0.0148563385009766 -0.099639892578125 0.238006591796875
0.0034642219543457 -0.00528049468994141 0.148056030273438 0.142547607421875
0.00890350341796875 -0.00116348266601563 -0.080535888671875 -0.17779541015625
0.0186500549316406 0.0251445770263672 0.172775268554687 -0.236770629882812
0.0178680419921875 0.0270462036132812 0.447845458984375 -0.094635009765625
-0.0100193023681641 0.010563850402832 0.55633544921875 0.28936767578125
-0.0525588989257812 -0.00699615478515625 0.1126708984375 0.75042724609375
-0.00557708740234375 -0.0371017456054687 -0.51702880859375 0.74090576171875
0.0602302551269531 -0.0148239135742188 -0.64337158203125 0.227294921875
0.0842208862304688 0.0339584350585938 0.0413589477539063 0.0789642333984375
0.0734710693359375 0.0048065185546875 0.7684326171875 -0.15496826171875
0.0258693695068359 -0.0271492004394531 0.564697265625 -0.7720947265625
-0.0229473114013672 -0.0319061279296875 -0.2568359375 -0.7681884765625
-0.0402450561523438 -0.00857162475585937 -0.58642578125 -0.18115234375
-0.0123138427734375 0.0195274353027344 -0.433746337890625 0.163909912109375
0.00897979736328125 0.0157032012939453 -0.0991668701171875 0.241836547851563
0.00346732139587402 -0.00301384925842285 0.149749755859375 0.1470947265625
0.0101861953735352 -0.00153827667236328 -0.078521728515625 -0.170394897460937
0.0170783996582031 0.0231418609619141 0.173553466796875 -0.231719970703125
0.0163841247558594 0.0271492004394531 0.4461669921875 -0.08819580078125
-0.00959014892578125 0.012293815612793 0.55084228515625 0.29815673828125
-0.0527763366699219 -0.00602722167968751 0.1053466796875 0.75946044921875
-0.00684738159179688 -0.0363235473632813 -0.52740478515625 0.74658203125
0.05621337890625 -0.0137519836425781 -0.65087890625 0.22650146484375
0.0832061767578125 0.0325851440429688 0.0344390869140625 0.0775527954101563
0.0701789855957031 0.00466156005859375 0.76080322265625 -0.15911865234375
0.0241622924804688 -0.0276260375976563 0.55474853515625 -0.77886962890625
-0.0240745544433594 -0.0326442718505859 -0.268310546875 -0.7689208984375
-0.0389175415039063 -0.00908660888671874 -0.59368896484375 -0.176513671875
-0.0130271911621094 0.0191707611083984 -0.440826416015625 0.168609619140625
0.00861167907714844 0.0144834518432617 -0.103652954101563 0.24542236328125
0.00621986389160156 -0.00531148910522461 0.145980834960938 0.149490356445313
0.0115232467651367 -0.00613498687744141 -0.079376220703125 -0.1654052734375
0.0188217163085938 0.0201511383056641 0.171127319335938 -0.227371215820313
0.0181674957275391 0.0275249481201172 0.441864013671875 -0.084228515625
-0.00863552093505859 0.0137357711791992 0.542205810546875 0.30352783203125
-0.05096435546875 -0.00411224365234375 0.09173583984375 0.75921630859375
-0.00966644287109375 -0.0337734222412109 -0.5399169921875 0.7418212890625
0.050567626953125 -0.0136299133300781 -0.65826416015625 0.22137451171875
0.0755615234375 0.0310211181640625 0.0293502807617188 0.07720947265625
0.0652809143066406 0.00443649291992187 0.7530517578125 -0.15826416015625
0.0203495025634766 -0.0244579315185547 0.5457763671875 -0.7720947265625
-0.0238323211669922 -0.0272865295410156 -0.276123046875 -0.76025390625
-0.0362510681152344 -0.00656890869140626 -0.59661865234375 -0.1702880859375
-0.0105342864990234 0.01910400390625 -0.438934326171875 0.17352294921875
0.011627197265625 0.0121622085571289 -0.102249145507813 0.24993896484375
0.00799131393432617 -0.00654792785644531 0.148223876953125 0.156570434570313
0.0154266357421875 -0.00816822052001953 -0.0785980224609375 -0.161514282226563
0.0212936401367187 0.0159530639648437 0.171920776367188 -0.223922729492188
0.0234394073486328 0.0257701873779297 0.442169189453125 -0.080078125
-0.00478363037109375 0.0187110900878906 0.53802490234375 0.31024169921875
-0.0526351928710938 0.00423049926757813 0.08575439453125 0.7669677734375
-0.015594482421875 -0.0283622741699219 -0.5482177734375 0.74114990234375
0.0412445068359375 -0.0122184753417969 -0.66455078125 0.22222900390625
0.0676994323730469 0.0284881591796875 0.0260848999023438 0.0747146606445313
0.0567398071289063 0.00492095947265625 0.75 -0.16259765625
0.0144519805908203 -0.0193443298339844 0.5340576171875 -0.7774658203125
-0.0244960784912109 -0.0210628509521484 -0.28741455078125 -0.755615234375
-0.0321731567382812 -0.00189590454101563 -0.6015625 -0.16119384765625
-0.00565719604492188 0.0183982849121094 -0.4412841796875 0.177947998046875
0.015742301940918 0.00776290893554688 -0.102264404296875 0.251861572265625
0.0117502212524414 -0.0102033615112305 0.14520263671875 0.158187866210938
0.0181102752685547 -0.0131149291992188 -0.08026123046875 -0.157333374023437
0.0286674499511719 0.0125389099121094 0.175369262695312 -0.222625732421875
0.0295963287353516 0.0234165191650391 0.4404296875 -0.077880859375
-0.000581741333007812 0.0226497650146484 0.533966064453125 0.3160400390625
-0.0518264770507813 0.01251220703125 0.0778808593750001 0.77032470703125
-0.0219058990478516 -0.0213966369628906 -0.55816650390625 0.7391357421875
0.034881591796875 -0.0126838684082031 -0.66802978515625 0.217041015625
0.0616531372070312 0.0235633850097656 0.0283737182617188 0.0753555297851563
0.0500564575195312 0.00438690185546875 0.74725341796875 -0.165283203125
0.00624656677246094 -0.0142765045166016 0.52557373046875 -0.77886962890625
-0.0263118743896484 -0.0111370086669922 -0.2950439453125 -0.751220703125
-0.0283851623535156 0.00252151489257812 -0.60418701171875 -0.158447265625
0.000722885131835937 0.0184783935546875 -0.439605712890625 0.1802978515625
0.0214309692382813 0.00301742553710938 -0.0995025634765625 0.255813598632813
0.015629768371582 -0.0165939331054688 0.145889282226563 0.160903930664063
0.0192031860351563 -0.0176334381103516 -0.080657958984375 -0.158248901367187
0.0336704254150391 0.00794410705566406 0.177108764648438 -0.22222900390625
0.0375442504882813 0.0218696594238281 0.441070556640625 -0.075653076171875
0.00411415100097656 0.0285911560058594 0.53369140625 0.318939208984375
-0.0548286437988281 0.0209579467773438 0.0704956054687499 0.77203369140625
-0.0274772644042969 -0.0148906707763672 -0.5635986328125 0.73779296875
0.0266437530517578 -0.0125064849853516 -0.6678466796875 0.21380615234375
0.0546035766601563 0.0191078186035156 0.0321197509765625 0.0767593383789063
0.0421714782714844 0.00389480590820313 0.74957275390625 -0.16778564453125
-0.00017404556274414 -0.00811433792114258 0.5213623046875 -0.77783203125
-0.0268936157226563 -0.00255966186523438 -0.2991943359375 -0.74951171875
-0.0221920013427734 0.00832748413085938 -0.601806640625 -0.15411376953125
0.00784969329833984 0.0170059204101563 -0.43914794921875 0.182098388671875
0.02734375 0.000631332397460938 -0.095794677734375 0.255157470703125
0.0173358917236328 -0.0192165374755859 0.147354125976563 0.16455078125
0.0216064453125 -0.0218086242675781 -0.0845794677734375 -0.157913208007813
0.0422630310058594 0.00334548950195312 0.178680419921875 -0.223648071289062
0.0425910949707031 0.0197410583496094 0.443359375 -0.0782470703125
0.00754928588867188 0.0335636138916016 0.534149169921875 0.31903076171875
-0.0564727783203125 0.0296897888183594 0.0708007812500001 0.77325439453125
-0.0326747894287109 -0.00931549072265624 -0.56591796875 0.7379150390625
0.0221023559570313 -0.0129737854003906 -0.666015625 0.21173095703125
0.0529708862304688 0.0165443420410156 0.0369110107421875 0.0767974853515625
0.0379409790039063 0.00272750854492188 0.75201416015625 -0.17108154296875
-0.00565910339355469 -0.00267124176025391 0.52410888671875 -0.7808837890625
-0.0284461975097656 0.00566673278808594 -0.30059814453125 -0.75103759765625
-0.0173654556274414 0.0112924575805664 -0.602783203125 -0.15399169921875
0.0147085189819336 0.0153532028198242 -0.43511962890625 0.181610107421875
0.0347232818603516 -0.00424575805664063 -0.09307861328125 0.2552490234375
0.0174179077148438 -0.0224475860595703 0.149490356445313 0.1632080078125
0.00601577758789063 -0.00185203552246094 -0.0792388916015625 -0.180450439453125
0.0209560394287109 0.0234413146972656 0.175521850585938 -0.240203857421875
0.0218162536621094 0.0252227783203125 0.451385498046875 -0.097747802734375
-0.00868415832519531 0.0129671096801758 0.562744140625 0.2884521484375
-0.0524253845214844 -0.0031280517578125 0.121337890625 0.75445556640625
-0.00627899169921875 -0.0333137512207031 -0.5096435546875 0.74468994140625
0.0592155456542969 -0.0145912170410156 -0.6363525390625 0.2291259765625
0.0862045288085938 0.0327606201171875 0.0470199584960938 0.081085205078125
0.0722732543945312 0.0054168701171875 0.77362060546875 -0.15203857421875
0.0245609283447266 -0.0244960784912109 0.57421875 -0.77587890625
-0.0239734649658203 -0.0282173156738281 -0.25067138671875 -0.7763671875
-0.0379219055175781 -0.00696945190429687 -0.58038330078125 -0.18719482421875
-0.0105724334716797 0.0191326141357422 -0.432159423828125 0.159515380859375
0.0132293701171875 0.0148458480834961 -0.100921630859375 0.239089965820313
0.000766754150390625 -0.00504159927368164 0.147689819335938 0.143798828125
0.00635480880737305 -0.00225734710693359 -0.0798187255859375 -0.176834106445313
0.0191612243652344 0.0244655609130859 0.171661376953125 -0.23919677734375
0.0174312591552734 0.0264720916748047 0.444061279296875 -0.09588623046875
-0.00922203063964844 0.0111083984375 0.55474853515625 0.287994384765625
-0.0524864196777344 -0.00685501098632812 0.11322021484375 0.75213623046875
-0.0040740966796875 -0.0355911254882813 -0.518798828125 0.74151611328125
0.0580482482910156 -0.0143013000488281 -0.64056396484375 0.22650146484375
0.0831985473632813 0.0333633422851563 0.039642333984375 0.0790863037109375
0.0722732543945312 0.00641632080078125 0.76580810546875 -0.15020751953125
0.0255851745605469 -0.0270061492919922 0.56591796875 -0.76934814453125
-0.02423095703125 -0.0313758850097656 -0.25518798828125 -0.7679443359375
-0.0424041748046875 -0.00849151611328124 -0.583984375 -0.1802978515625
-0.0122394561767578 0.0192394256591797 -0.434478759765625 0.166595458984375
0.00951576232910156 0.0159397125244141 -0.0991668701171875 0.243576049804688
0.00370192527770996 -0.00257992744445801 0.148162841796875 0.1475830078125
0.0102024078369141 -0.00166797637939453 -0.078521728515625 -0.171554565429688
0.0172615051269531 0.0235996246337891 0.173751831054688 -0.231765747070312
0.0168209075927734 0.0270214080810547 0.445465087890625 -0.089935302734375
-0.0106906890869141 0.0116949081420898 0.549713134765625 0.297698974609375
-0.0513458251953125 -0.00598907470703124 0.10540771484375 0.7607421875
-0.00554466247558593 -0.0349807739257813 -0.528564453125 0.74664306640625
0.0556869506835937 -0.0145149230957031 -0.65069580078125 0.22430419921875
0.0815353393554688 0.0333786010742188 0.0319671630859375 0.0778656005859375
0.0699691772460938 0.00482177734375 0.75885009765625 -0.15509033203125
0.0250625610351563 -0.0276603698730469 0.55426025390625 -0.775390625
-0.0240154266357422 -0.0314388275146484 -0.26812744140625 -0.76837158203125
-0.0403976440429688 -0.00712966918945313 -0.59197998046875 -0.17535400390625
-0.0111274719238281 0.0194358825683594 -0.43988037109375 0.169769287109375
0.00867271423339844 0.0137491226196289 -0.1041259765625 0.245223999023438
0.00504636764526367 -0.00611686706542969 0.146713256835938 0.148178100585938
0.0114612579345703 -0.00425624847412109 -0.0804901123046875 -0.16851806640625
0.0182266235351563 0.0200710296630859 0.170989990234375 -0.228103637695313
0.0188217163085937 0.0264759063720703 0.439971923828125 -0.08489990234375
-0.00810337066650391 0.0158672332763672 0.539764404296875 0.30352783203125
-0.0509529113769531 -0.00125503540039063 0.09283447265625 0.75653076171875
-0.00811195373535156 -0.0327033996582031 -0.53887939453125 0.73785400390625
0.0497550964355469 -0.0128364562988281 -0.65643310546875 0.22265625
0.0747222900390625 0.0305709838867188 0.027862548828125 0.0753097534179688
0.0647354125976563 0.0050201416015625 0.7515869140625 -0.1553955078125
0.0190925598144531 -0.0239143371582031 0.54412841796875 -0.7711181640625
-0.0245780944824219 -0.0269107818603516 -0.2738037109375 -0.75799560546875
-0.0380325317382813 -0.00457000732421875 -0.59527587890625 -0.16656494140625
-0.00984382629394532 0.0201911926269531 -0.43798828125 0.17376708984375
0.0105409622192383 0.012089729309082 -0.100570678710938 0.250762939453125
0.00979804992675781 -0.00821971893310547 0.147476196289063 0.1549072265625
0.0167264938354492 -0.00720119476318359 -0.076446533203125 -0.161880493164063
0.0229415893554688 0.0176315307617188 0.174423217773438 -0.221527099609375
0.0224685668945312 0.0242099761962891 0.44049072265625 -0.081298828125
-0.00484466552734375 0.0184230804443359 0.53692626953125 0.3099365234375
-0.050994873046875 0.00543975830078124 0.08453369140625 0.76385498046875
-0.0151576995849609 -0.0272312164306641 -0.5462646484375 0.73968505859375
0.0429878234863281 -0.0128631591796875 -0.66290283203125 0.2196044921875
0.0660247802734375 0.0273475646972656 0.0267791748046875 0.0757980346679688
0.0586967468261719 0.0055999755859375 0.74505615234375 -0.160888671875
0.0137653350830078 -0.0190219879150391 0.53350830078125 -0.77197265625
-0.0253829956054688 -0.0200958251953125 -0.28668212890625 -0.75439453125
-0.0329360961914063 -0.00110626220703125 -0.60205078125 -0.16302490234375
-0.00589179992675781 0.0188446044921875 -0.439605712890625 0.176239013671875
0.0170574188232422 0.00799560546875 -0.101577758789062 0.253341674804688
0.00972652435302734 -0.0104427337646484 0.145645141601563 0.159149169921875
0.0175895690917969 -0.0132865905761719 -0.079620361328125 -0.158248901367187
0.0296306610107422 0.0113525390625 0.173309326171875 -0.221710205078125
0.0292758941650391 0.0208282470703125 0.43951416015625 -0.079925537109375
-0.00194168090820312 0.0219993591308594 0.533416748046875 0.312164306640625
-0.0535240173339844 0.0146293640136719 0.0777587890625 0.77032470703125
-0.0206069946289062 -0.0205459594726563 -0.5592041015625 0.73809814453125
0.0333347320556641 -0.0125675201416016 -0.66766357421875 0.21600341796875
0.0603599548339844 0.0223464965820313 0.027862548828125 0.076171875
0.0504264831542969 0.00441741943359375 0.74639892578125 -0.16314697265625
0.00567054748535156 -0.0127525329589844 0.52520751953125 -0.77294921875
-0.0260124206542969 -0.0117092132568359 -0.29278564453125 -0.7510986328125
-0.0280838012695313 0.00362586975097656 -0.60357666015625 -0.15435791015625
-0.000162124633789063 0.0183258056640625 -0.439727783203125 0.18084716796875
0.0197811126708984 0.00360679626464844 -0.099334716796875 0.254913330078125
0.0148077011108398 -0.0143260955810547 0.146011352539063 0.162307739257813
0.0210094451904297 -0.0186767578125 -0.0807037353515625 -0.157821655273438
0.0358314514160156 0.00675582885742188 0.177413940429688 -0.221084594726563
0.0361061096191406 0.0210418701171875 0.440826416015625 -0.07696533203125
0.00368881225585937 0.028533935546875 0.531707763671875 0.318756103515625
-0.0522003173828125 0.0213546752929688 0.0687255859374999 0.77337646484375
-0.0269565582275391 -0.0141353607177734 -0.5633544921875 0.73712158203125
0.0263614654541016 -0.0123310089111328 -0.6671142578125 0.21148681640625
0.0545310974121094 0.0191383361816406 0.0305862426757813 0.0773162841796875
0.0414466857910156 0.00502395629882812 0.74658203125 -0.16619873046875
-0.00196409225463867 -0.00657129287719727 0.52496337890625 -0.7760009765625
-0.0260391235351563 -0.00378990173339843 -0.300048828125 -0.74853515625
-0.0229740142822266 0.00850868225097656 -0.6011962890625 -0.15338134765625
0.00861358642578125 0.0174179077148438 -0.437774658203125 0.182098388671875
0.0259132385253906 0.000635147094726562 -0.098236083984375 0.25738525390625
0.0168342590332031 -0.0195331573486328 0.14654541015625 0.164077758789063
0.0211315155029297 -0.0218715667724609 -0.084625244140625 -0.159393310546875
0.0427589416503906 0.002685546875 0.17742919921875 -0.224472045898438
0.0430870056152344 0.0194778442382812 0.443450927734375 -0.08026123046875
0.00761795043945313 0.032135009765625 0.535125732421875 0.319732666015625
-0.0565910339355469 0.0314788818359375 0.0715942382812499 0.7730712890625
-0.0318470001220703 -0.00860214233398437 -0.56610107421875 0.7374267578125
0.0220851898193359 -0.0127162933349609 -0.66571044921875 0.21282958984375
0.0520248413085938 0.0159149169921875 0.0352859497070312 0.0766143798828125
0.0375938415527344 0.00312042236328125 0.7513427734375 -0.1693115234375
-0.00518131256103516 -0.000862121582031251 0.5247802734375 -0.77813720703125
-0.0283679962158203 0.00595855712890625 -0.30029296875 -0.7489013671875
-0.0171651840209961 0.0130786895751953 -0.6005859375 -0.15277099609375
0.0146865844726562 0.0165596008300781 -0.43402099609375 0.180908203125
0.0341949462890625 -0.00541877746582031 -0.0940399169921875 0.255599975585937
0.0184993743896484 -0.0239315032958984 0.149826049804687 0.164169311523437
0.00652790069580078 -0.00182056427001953 -0.0783233642578125 -0.181716918945313
0.0229206085205078 0.0227317810058594 0.177276611328125 -0.241195678710938
0.0223426818847656 0.0260448455810547 0.453460693359375 -0.1011962890625
-0.00952911376953125 0.0121335983276367 0.56103515625 0.28619384765625
-0.0524559020996094 -0.00237655639648437 0.12200927734375 0.75555419921875
-0.00562286376953125 -0.0335559844970703 -0.51226806640625 0.74603271484375
0.0582351684570312 -0.0144691467285156 -0.63629150390625 0.2257080078125
0.0841293334960938 0.0332794189453125 0.0448226928710938 0.0824050903320313
0.0719757080078125 0.006378173828125 0.772216796875 -0.14739990234375
0.026123046875 -0.0242252349853516 0.5750732421875 -0.77398681640625
-0.0251655578613281 -0.0275363922119141 -0.251953125 -0.77618408203125
-0.0391616821289063 -0.00629043579101563 -0.57989501953125 -0.18768310546875
-0.00808334350585937 0.0185565948486328 -0.432403564453125 0.16064453125
0.0130786895751953 0.0152416229248047 -0.10113525390625 0.240234375
0.00124883651733398 -0.00493764877319336 0.148269653320313 0.142547607421875
0.00701665878295898 -0.00159549713134766 -0.079742431640625 -0.180221557617188
0.0182304382324219 0.0238933563232422 0.172637939453125 -0.239639282226563
0.0181789398193359 0.0274887084960937 0.446990966796875 -0.096343994140625
-0.0108661651611328 0.010676383972168 0.555206298828125 0.28857421875
-0.0511207580566406 -0.00593948364257813 0.11309814453125 0.75042724609375
-0.00425529479980468 -0.0348987579345703 -0.5203857421875 0.73956298828125
0.0583000183105469 -0.0137939453125 -0.6446533203125 0.2236328125
0.0831832885742188 0.03271484375 0.0374908447265625 0.0811004638671875
0.0718307495117188 0.0072479248046875 0.76507568359375 -0.1488037109375
0.0263023376464844 -0.0259456634521484 0.56732177734375 -0.76715087890625
-0.0251960754394531 -0.0330162048339844 -0.25604248046875 -0.7662353515625
-0.0404891967773438 -0.008026123046875 -0.58441162109375 -0.18170166015625
-0.0122928619384766 0.0191593170166016 -0.43377685546875 0.1663818359375
0.00949764251708984 0.0165157318115234 -0.10174560546875 0.24371337890625
0.00330543518066406 -0.00338363647460937 0.149368286132813 0.149322509765625
0.00948429107666016 -0.00194358825683594 -0.0782623291015625 -0.172866821289063
0.0170783996582031 0.0222454071044922 0.174728393554688 -0.233383178710938
0.0181083679199219 0.0271129608154297 0.446746826171875 -0.089813232421875
-0.0112066268920898 0.0112924575805664 0.548614501953125 0.295379638671875
-0.051239013671875 -0.00613784790039063 0.1036376953125 0.7598876953125
-0.00522232055664063 -0.0352706909179688 -0.52935791015625 0.7442626953125
0.0561256408691406 -0.0143318176269531 -0.6512451171875 0.223388671875
0.0796279907226563 0.0324172973632813 0.0316162109375 0.0782394409179688
0.0698204040527344 0.005706787109375 0.7581787109375 -0.15252685546875
0.0251197814941406 -0.0270423889160156 0.55462646484375 -0.77337646484375
-0.0239219665527344 -0.0314102172851563 -0.26708984375 -0.76715087890625
-0.0400466918945313 -0.00671386718750001 -0.59246826171875 -0.1761474609375
-0.0132083892822266 0.0198078155517578 -0.44183349609375 0.16986083984375
0.00970649719238281 0.013427734375 -0.102798461914062 0.247894287109375
0.00557994842529297 -0.00415277481079102 0.145843505859375 0.150955200195312
0.0131206512451172 -0.00478649139404297 -0.0804290771484375 -0.169097900390625
0.0202960968017578 0.0192222595214844 0.170745849609375 -0.229598999023438
0.0180988311767578 0.0261783599853516 0.441497802734375 -0.086639404296875
-0.00909423828125 0.01361083984375 0.541259765625 0.30059814453125
-0.0508193969726563 -0.00148391723632813 0.0928955078125 0.7606201171875
-0.00831794738769531 -0.0325870513916016 -0.541748046875 0.73919677734375
0.0496292114257813 -0.0125579833984375 -0.65716552734375 0.2196044921875
0.0736618041992188 0.0307846069335938 0.028839111328125 0.0763015747070313
0.0638542175292969 0.00709915161132813 0.7489013671875 -0.1522216796875
0.0215339660644531 -0.0228672027587891 0.5462646484375 -0.76708984375
-0.0245914459228516 -0.0279445648193359 -0.27484130859375 -0.75872802734375
-0.0372543334960937 -0.00522613525390625 -0.5943603515625 -0.16680908203125
-0.0114688873291016 0.0195236206054688 -0.437896728515625 0.173828125
0.0113353729248047 0.0114803314208984 -0.102188110351563 0.25164794921875
0.00881004333496094 -0.00737285614013672 0.147064208984375 0.156600952148438
0.0140352249145508 -0.00775909423828125 -0.07666015625 -0.162857055664063
0.0233135223388672 0.0158481597900391 0.174774169921875 -0.224807739257812
0.0245132446289062 0.0238494873046875 0.440399169921875 -0.081512451171875
-0.00547981262207031 0.0165576934814453 0.53564453125 0.31097412109375
-0.0511741638183594 0.00306320190429688 0.0858154296875 0.76947021484375
-0.0131874084472656 -0.028045654296875 -0.5487060546875 0.74066162109375
0.0421180725097656 -0.0129661560058594 -0.66455078125 0.21875
0.0666351318359375 0.0276870727539063 0.024322509765625 0.07476806640625
0.0575485229492188 0.00472259521484375 0.74505615234375 -0.15576171875
0.0141944885253906 -0.0182552337646484 0.53680419921875 -0.77197265625
-0.0260543823242187 -0.020294189453125 -0.28631591796875 -0.75384521484375
-0.0337142944335937 -0.00111579895019531 -0.60015869140625 -0.1630859375
-0.0055389404296875 0.0185756683349609 -0.442474365234375 0.17724609375
0.0149288177490234 0.00752639770507812 -0.1026611328125 0.255157470703125
0.0115509033203125 -0.0115785598754883 0.143783569335938 0.159149169921875
0.0172481536865234 -0.0127639770507813 -0.0801849365234375 -0.159423828125
0.0295276641845703 0.0102920532226562 0.1739501953125 -0.223098754882813
0.0302104949951172 0.0228157043457031 0.440277099609375 -0.079681396484375
-0.00099754333496094 0.0228919982910156 0.533782958984375 0.314208984375
-0.0526008605957031 0.0134735107421875 0.07647705078125 0.77325439453125
-0.0194149017333984 -0.0211467742919922 -0.5582275390625 0.7388916015625
0.0349903106689453 -0.0119247436523438 -0.66802978515625 0.21563720703125
0.058624267578125 0.0227279663085937 0.025146484375 0.0768890380859375
0.0489501953125 0.0057220458984375 0.74395751953125 -0.15997314453125
0.00742053985595703 -0.0117683410644531 0.52520751953125 -0.77349853515625
-0.0264415740966797 -0.0107994079589844 -0.2940673828125 -0.7525634765625
-0.0289058685302734 0.00364494323730469 -0.6029052734375 -0.15679931640625
0.000408172607421873 0.0188846588134766 -0.439849853515625 0.180419921875
0.0213088989257812 0.00441360473632812 -0.0996551513671875 0.25628662109375
0.0139398574829102 -0.0168485641479492 0.147109985351563 0.162384033203125
0.0190486907958984 -0.01806640625 -0.0816802978515625 -0.160568237304688
0.0364189147949219 0.0069427490234375 0.175735473632813 -0.222900390625
0.0366439819335937 0.0212440490722656 0.44085693359375 -0.078399658203125
0.00235366821289063 0.0257282257080078 0.530975341796875 0.3189697265625
-0.0543403625488281 0.0233955383300781 0.0697021484375 0.773193359375
-0.0267372131347656 -0.0128936767578125 -0.56585693359375 0.73760986328125
0.02508544921875 -0.0113143920898438 -0.66778564453125 0.209228515625
0.0540428161621094 0.0189857482910156 0.029998779296875 0.0766448974609375
0.0423316955566406 0.00416946411132812 0.7462158203125 -0.16070556640625
-0.000811576843261719 -0.00727510452270508 0.52215576171875 -0.77227783203125
-0.0269069671630859 -0.00196647644042969 -0.30010986328125 -0.7484130859375
-0.0216484069824219 0.00974655151367188 -0.6019287109375 -0.15380859375
0.00697517395019531 0.0178890228271484 -0.4383544921875 0.182281494140625
0.0282936096191406 -0.000751495361328125 -0.0992431640625 0.259292602539063
0.0135669708251953 -0.0199851989746094 0.147735595703125 0.16510009765625
0.0209064483642578 -0.0229625701904297 -0.08392333984375 -0.160903930664063
0.042724609375 0.00332260131835938 0.178176879882813 -0.225662231445313
0.04315185546875 0.0192909240722656 0.442230224609375 -0.080718994140625
0.00652694702148437 0.0321388244628906 0.533203125 0.3189697265625
-0.0553398132324219 0.0322647094726562 0.0711669921875 0.7752685546875
-0.0303020477294922 -0.00758361816406251 -0.56396484375 0.73638916015625
0.0209827423095703 -0.0123939514160156 -0.66680908203125 0.2110595703125
0.0509109497070313 0.0165443420410156 0.0345306396484375 0.0783004760742187
0.0381584167480469 0.00243377685546875 0.75030517578125 -0.16632080078125
-0.0053868293762207 -0.00117301940917969 0.52386474609375 -0.77655029296875
-0.0284996032714844 0.00653266906738282 -0.29925537109375 -0.7474365234375
-0.0181312561035156 0.0129680633544922 -0.60028076171875 -0.15374755859375
0.0153865814208984 0.0175876617431641 -0.435302734375 0.181976318359375
0.0346412658691406 -0.00364494323730469 -0.09478759765625 0.255691528320313
0.0168094635009766 -0.0233058929443359 0.149505615234375 0.166030883789063
0.00633716583251953 -0.0031285285949707 -0.0782318115234375 -0.183761596679688
0.0222682952880859 0.0220909118652344 0.175506591796875 -0.242416381835938
0.021514892578125 0.0237293243408203 0.454925537109375 -0.099853515625
-0.0106735229492188 0.0123147964477539 0.56243896484375 0.287841796875
-0.0524711608886719 -0.00244140625000001 0.1234130859375 0.75701904296875
-0.00481605529785156 -0.0325946807861328 -0.513427734375 0.746337890625
0.0573348999023437 -0.0144691467285156 -0.63848876953125 0.22650146484375
0.084930419921875 0.0326080322265625 0.0440521240234375 0.0824432373046875
0.072784423828125 0.00579833984375 0.77423095703125 -0.14599609375
0.0251731872558594 -0.0232563018798828 0.57879638671875 -0.77569580078125
-0.0257530212402344 -0.0289726257324219 -0.24945068359375 -0.77734375
-0.0382003784179688 -0.004638671875 -0.58294677734375 -0.188232421875
-0.00926780700683594 0.0206127166748047 -0.434967041015625 0.162017822265625
0.01239013671875 0.0159616470336914 -0.102005004882812 0.242172241210938
0.000243663787841797 -0.00566625595092773 0.149276733398438 0.143508911132813
0.00726890563964844 -0.00238561630249023 -0.079498291015625 -0.180496215820313
0.0193424224853516 0.0233516693115234 0.1727294921875 -0.23968505859375
0.018646240234375 0.0252323150634766 0.447845458984375 -0.097625732421875
-0.0118265151977539 0.00985813140869141 0.55706787109375 0.288055419921875
-0.0507965087890625 -0.00362014770507812 0.1146240234375 0.7557373046875
-0.0028839111328125 -0.0339450836181641 -0.522705078125 0.74224853515625
0.058349609375 -0.0149116516113281 -0.645751953125 0.224365234375
0.08349609375 0.03436279296875 0.0365066528320313 0.0803070068359375
0.072357177734375 0.00579071044921875 0.7646484375 -0.144775390625
0.027130126953125 -0.0256233215332031 0.5689697265625 -0.76910400390625
-0.0242061614990234 -0.030792236328125 -0.2562255859375 -0.76983642578125
-0.0405769348144531 -0.00841140747070313 -0.5845947265625 -0.18133544921875
-0.0123996734619141 0.0190048217773438 -0.43609619140625 0.166351318359375
0.00917530059814453 0.0154867172241211 -0.10137939453125 0.244735717773437
0.00177192687988281 -0.00389647483825684 0.149185180664063 0.150039672851563
0.0103063583374023 -0.00233364105224609 -0.0781097412109375 -0.175247192382813
0.0186252593994141 0.0215854644775391 0.172805786132812 -0.234512329101562
0.0171775817871094 0.0253734588623047 0.447021484375 -0.091827392578125
-0.0110387802124023 0.0113735198974609 0.549835205078125 0.29925537109375
-0.0506477355957031 -0.0045928955078125 0.1038818359375 0.76446533203125
-0.00433158874511719 -0.0339012145996094 -0.53192138671875 0.74774169921875
0.0556144714355469 -0.0141334533691406 -0.653564453125 0.22344970703125
0.0783843994140625 0.0337142944335938 0.0306396484375 0.0783615112304687
0.0703353881835938 0.00659942626953125 0.7572021484375 -0.1507568359375
0.0251922607421875 -0.0254268646240234 0.5570068359375 -0.77105712890625
-0.0249862670898438 -0.0317783355712891 -0.2669677734375 -0.769287109375
-0.0406417846679688 -0.006622314453125 -0.5927734375 -0.1767578125
-0.0123805999755859 0.0202522277832031 -0.441436767578125 0.1707763671875
0.00889015197753906 0.0152044296264648 -0.106063842773438 0.24945068359375
0.00395655632019043 -0.00414443016052246 0.146270751953125 0.150634765625
0.0121870040893555 -0.00610542297363281 -0.079193115234375 -0.170150756835938
0.0199604034423828 0.0187129974365234 0.17034912109375 -0.230804443359375
0.018341064453125 0.0250988006591797 0.441650390625 -0.087310791015625
-0.0103731155395508 0.0122737884521484 0.542022705078125 0.301513671875
-0.0524444580078125 -0.000774383544921886 0.0926513671875 0.7635498046875
-0.00614547729492187 -0.0310916900634766 -0.54254150390625 0.741455078125
0.0492019653320313 -0.0127906799316406 -0.65911865234375 0.2200927734375
0.071136474609375 0.0312652587890625 0.0259628295898438 0.0777740478515625
0.0643577575683594 0.00667190551757813 0.7506103515625 -0.1494140625
0.0210590362548828 -0.0238513946533203 0.54730224609375 -0.7685546875
-0.0253410339355469 -0.0255870819091797 -0.2757568359375 -0.76092529296875
-0.0377845764160156 -0.00377655029296876 -0.59637451171875 -0.1685791015625
-0.0110664367675781 0.0202102661132812 -0.439605712890625 0.175628662109375
0.0120029449462891 0.0117206573486328 -0.103103637695313 0.252029418945313
0.00719547271728516 -0.00691366195678711 0.148910522460937 0.157379150390625
0.0147972106933594 -0.00831031799316406 -0.0764617919921875 -0.1634521484375
0.0241413116455078 0.0148124694824219 0.174835205078125 -0.223983764648438
0.0242271423339844 0.0258712768554687 0.4415283203125 -0.0823974609375
-0.00420093536376953 0.0166902542114258 0.538177490234375 0.310302734375
-0.0520896911621094 0.00748062133789061 0.0852661132812499 0.77081298828125
-0.0116157531738281 -0.0255393981933594 -0.55072021484375 0.7435302734375
0.0421409606933594 -0.0125656127929688 -0.66607666015625 0.2156982421875
0.0648689270019531 0.027984619140625 0.0229949951171875 0.075927734375
0.0561294555664063 0.00545120239257812 0.745361328125 -0.155517578125
0.0144367218017578 -0.0186557769775391 0.5377197265625 -0.77197265625
-0.0254173278808594 -0.0191974639892578 -0.28509521484375 -0.75469970703125
-0.0349330902099609 -0.000648498535156245 -0.6004638671875 -0.16326904296875
-0.00754547119140625 0.0205936431884766 -0.4427490234375 0.17919921875
0.0146408081054687 0.00871467590332031 -0.102767944335938 0.258270263671875
0.010650634765625 -0.0116024017333984 0.145233154296875 0.15869140625
0.0178966522216797 -0.0139102935791016 -0.079620361328125 -0.16168212890625
0.0301399230957031 0.0105209350585937 0.175582885742188 -0.223190307617188
0.0298995971679688 0.0228309631347656 0.441253662109375 -0.081085205078125
-0.00308036804199219 0.0225315093994141 0.53375244140625 0.315765380859375
-0.0530662536621094 0.014007568359375 0.0763549804687499 0.77532958984375
-0.0192623138427734 -0.0176868438720703 -0.561279296875 0.73992919921875
0.0323200225830078 -0.0138263702392578 -0.669677734375 0.2119140625
0.05792236328125 0.0229301452636719 0.0264511108398438 0.0760574340820313
0.0495452880859375 0.0054168701171875 0.74407958984375 -0.15521240234375
0.0073394775390625 -0.0119514465332031 0.52960205078125 -0.77276611328125
-0.0287017822265625 -0.0109004974365234 -0.29473876953125 -0.75286865234375
-0.0272598266601563 0.0044708251953125 -0.60302734375 -0.1572265625
0.000173568725585937 0.0197658538818359 -0.442047119140625 0.181976318359375
0.0210075378417969 0.00445556640625 -0.10064697265625 0.259140014648437
0.0129060745239258 -0.0173988342285156 0.146896362304688 0.163436889648438
0.0195350646972656 -0.0197658538818359 -0.0812835693359375 -0.163314819335938
0.0362167358398438 0.00601959228515625 0.1761474609375 -0.225677490234375
0.0359611511230469 0.0198745727539063 0.44110107421875 -0.081146240234375
0.00255966186523437 0.0275840759277344 0.531341552734375 0.3211669921875
-0.0544548034667969 0.0236358642578125 0.07037353515625 0.77545166015625
-0.0259799957275391 -0.0128536224365234 -0.5684814453125 0.73779296875
0.0268115997314453 -0.0124111175537109 -0.670166015625 0.208740234375
0.0519790649414063 0.0205154418945313 0.0287246704101562 0.0767974853515625
0.0409164428710938 0.00468826293945313 0.7464599609375 -0.15936279296875
0.000758171081542969 -0.00463533401489258 0.52423095703125 -0.77130126953125
-0.0275459289550781 -8.58306884765656E-05 -0.29815673828125 -0.74969482421875
-0.0239028930664063 0.00915718078613282 -0.6029052734375 -0.15594482421875
0.00661468505859375 0.0179882049560547 -0.439056396484375 0.18310546875
0.0268173217773437 -0.00042724609375 -0.0986328125 0.260208129882813
0.0161457061767578 -0.0208969116210938 0.147689819335938 0.165298461914063
0.0215969085693359 -0.02301025390625 -0.0843048095703125 -0.16314697265625
0.0437889099121094 0.0037841796875 0.178543090820313 -0.22637939453125
0.0434646606445312 0.0188064575195313 0.443817138671875 -0.082611083984375
0.0060272216796875 0.0317840576171875 0.535003662109375 0.32037353515625
-0.0550155639648438 0.0325584411621094 0.0714111328125 0.778564453125
-0.0290565490722656 -0.00596237182617187 -0.5679931640625 0.73779296875
0.0197086334228516 -0.0131149291992188 -0.66693115234375 0.21075439453125
0.0498199462890625 0.0153999328613281 0.0338516235351563 0.0775909423828125
0.037353515625 0.00362396240234375 0.75146484375 -0.1634521484375
-0.00521755218505859 -0.000169754028320312 0.52679443359375 -0.7767333984375
-0.0304527282714844 0.00742340087890625 -0.29998779296875 -0.7493896484375
-0.0182933807373047 0.0128459930419922 -0.6026611328125 -0.1541748046875
0.0147171020507813 0.0183544158935547 -0.435638427734375 0.182647705078125
0.0349216461181641 -0.00384330749511719 -0.0969696044921875 0.258880615234375
0.0155181884765625 -0.0232810974121094 0.14892578125 0.164352416992188
0.00678634643554688 -0.00282192230224609 -0.0790557861328125 -0.185043334960938
0.0234432220458984 0.0223808288574219 0.1768798828125 -0.244003295898437
0.0210800170898438 0.0236644744873047 0.45538330078125 -0.1011962890625
-0.0115451812744141 0.0118303298950195 0.56591796875 0.28973388671875
-0.0517005920410156 -0.000892639160156258 0.1240234375 0.761962890625
-0.00438690185546875 -0.0328369140625 -0.513671875 0.7493896484375
0.0590400695800781 -0.0143165588378906 -0.6416015625 0.22503662109375
0.0821762084960938 0.0328292846679688 0.0433731079101563 0.0832290649414062
0.072509765625 0.0068511962890625 0.7745361328125 -0.14654541015625
0.0253105163574219 -0.0237331390380859 0.5814208984375 -0.77593994140625
-0.0263214111328125 -0.0271034240722656 -0.25341796875 -0.78204345703125
-0.0396270751953125 -0.00541687011718749 -0.5838623046875 -0.18914794921875
-0.0091705322265625 0.0194797515869141 -0.43646240234375 0.1617431640625
0.0122413635253906 0.0157299041748047 -0.102737426757813 0.243820190429688
-0.000518321990966796 -0.00508880615234375 0.1490478515625 0.14404296875
0.00748920440673828 -0.00317049026489258 -0.0794219970703125 -0.182296752929688
0.0199394226074219 0.0229454040527344 0.1734619140625 -0.24334716796875
0.0185279846191406 0.0245380401611328 0.448089599609375 -0.099365234375
-0.0115804672241211 0.0101728439331055 0.55889892578125 0.2904052734375
-0.0521087646484375 -0.00408172607421875 0.11468505859375 0.75787353515625
-0.00212669372558594 -0.0340995788574219 -0.52392578125 0.7462158203125
0.0574760437011719 -0.0142555236816406 -0.64837646484375 0.2244873046875
0.0823822021484375 0.0344696044921875 0.0360260009765625 0.0818634033203125
0.072479248046875 0.00646209716796875 0.767578125 -0.1446533203125
0.0267047882080078 -0.0247745513916016 0.57244873046875 -0.76953125
-0.0250968933105469 -0.0306301116943359 -0.25665283203125 -0.77154541015625
-0.0410194396972656 -0.00686264038085937 -0.58782958984375 -0.1820068359375
-0.0125160217285156 0.0202808380126953 -0.4373779296875 0.16851806640625
0.00909423828125 0.0165634155273438 -0.102279663085937 0.247406005859375
0.000230789184570313 -0.00403547286987305 0.150314331054687 0.150787353515625
0.0106334686279297 -0.00264358520507813 -0.0777435302734375 -0.175796508789062
0.01910400390625 0.0202522277832031 0.174041748046875 -0.236465454101563
0.0173873901367188 0.0250167846679688 0.446319580078125 -0.0933837890625
-0.0123376846313477 0.0105514526367188 0.552490234375 0.299835205078125
-0.0512847900390625 -0.00296020507812501 0.1048583984375 0.7689208984375
-0.00354385375976562 -0.0334587097167969 -0.53216552734375 0.7503662109375
0.0548553466796875 -0.0128517150878906 -0.6578369140625 0.22283935546875
0.0794296264648438 0.0330123901367188 0.0308609008789063 0.0793914794921875
0.0697669982910156 0.0064697265625 0.7611083984375 -0.147705078125
0.0265579223632813 -0.025146484375 0.56207275390625 -0.77581787109375
-0.0253028869628906 -0.0308456420898438 -0.2686767578125 -0.77166748046875
-0.0409011840820313 -0.00635910034179688 -0.59515380859375 -0.17828369140625
-0.0123214721679687 0.0208702087402344 -0.444580078125 0.172576904296875
0.00909042358398437 0.015777587890625 -0.10552978515625 0.252456665039063
0.0037083625793457 -0.00649595260620117 0.147613525390625 0.151779174804688
0.0126752853393555 -0.00545692443847656 -0.0798492431640625 -0.171783447265625
0.0201034545898438 0.0184383392333984 0.171707153320312 -0.233169555664063
0.0178356170654297 0.0247611999511719 0.442474365234375 -0.08807373046875
-0.00992965698242188 0.0121335983276367 0.5430908203125 0.3043212890625
-0.0500564575195313 0.000400543212890616 0.09210205078125 0.769287109375
-0.00699806213378906 -0.0302963256835938 -0.5445556640625 0.74481201171875
0.0486488342285156 -0.0131034851074219 -0.6641845703125 0.21771240234375
0.0707244873046875 0.0316085815429688 0.0259933471679688 0.0786666870117188
0.0634307861328125 0.00626373291015625 0.75140380859375 -0.14862060546875
0.0223541259765625 -0.0226230621337891 0.550048828125 -0.767333984375
-0.0260124206542969 -0.026611328125 -0.27362060546875 -0.7640380859375
-0.0395774841308594 -0.00321197509765625 -0.5985107421875 -0.17144775390625
-0.0108242034912109 0.0196456909179688 -0.441680908203125 0.1767578125
0.00943756103515625 0.0128879547119141 -0.10369873046875 0.255783081054688
0.0068974494934082 -0.00700855255126953 0.148513793945313 0.15740966796875
0.0151176452636719 -0.010310173034668 -0.078399658203125 -0.166946411132813
0.0239944458007813 0.0145721435546875 0.173934936523438 -0.228073120117188
0.0220203399658203 0.0224781036376953 0.444244384765625 -0.084014892578125
-0.00662803649902344 0.0168256759643555 0.538848876953125 0.312347412109375
-0.0517921447753906 0.00693893432617187 0.0875244140625 0.7750244140625
-0.0118560791015625 -0.0241889953613281 -0.55322265625 0.7457275390625
0.0416450500488281 -0.0129661560058594 -0.6680908203125 0.216796875
0.0648841857910156 0.0274620056152344 0.0242233276367188 0.0774154663085937
0.0570259094238281 0.00759124755859375 0.7491455078125 -0.155029296875
0.0143623352050781 -0.0175743103027344 0.53875732421875 -0.77264404296875
-0.0263805389404297 -0.0210418701171875 -0.28680419921875 -0.75885009765625
-0.0329494476318359 0.000434875488281246 -0.603271484375 -0.16510009765625
-0.00618743896484375 0.0196723937988281 -0.44537353515625 0.181060791015625
0.01422119140625 0.00855731964111328 -0.103118896484375 0.260650634765625
0.00889968872070313 -0.0124902725219727 0.14581298828125 0.160079956054688
0.0189933776855469 -0.014984130859375 -0.0799407958984375 -0.163528442382813
0.0294418334960938 0.0103874206542969 0.174591064453125 -0.226287841796875
0.0291805267333984 0.0209922790527344 0.4437255859375 -0.08111572265625
-0.00237464904785156 0.0229473114013672 0.53643798828125 0.31658935546875
-0.0525894165039063 0.0153770446777344 0.0762939453124999 0.7781982421875
-0.0181789398193359 -0.0178680419921875 -0.5640869140625 0.745849609375
0.0327816009521484 -0.0122585296630859 -0.67230224609375 0.21331787109375
0.0570640563964844 0.0237808227539063 0.0242385864257813 0.0779495239257813
0.0490608215332031 0.00561904907226563 0.7467041015625 -0.15667724609375
0.0066680908203125 -0.0118560791015625 0.53094482421875 -0.77520751953125
-0.0294132232666016 -0.0107364654541016 -0.297119140625 -0.756591796875
-0.0303611755371094 0.00480461120605469 -0.6065673828125 -0.1580810546875
-2.2888183593752E-05 0.02044677734375 -0.442108154296875 0.183441162109375
0.0213184356689453 0.00347900390625 -0.101638793945312 0.262298583984375
0.0133476257324219 -0.0176715850830078 0.146453857421875 0.163909912109375
0.0193061828613281 -0.0196247100830078 -0.0824737548828125 -0.16265869140625
0.0360298156738281 0.0062713623046875 0.17694091796875 -0.226409912109375
0.0353202819824219 0.0180206298828125 0.44390869140625 -0.080108642578125
0.00251007080078125 0.0267658233642578 0.533355712890625 0.323028564453125
-0.05450439453125 0.0248298645019531 0.0701293945312501 0.78045654296875
-0.0242156982421875 -0.0119152069091797 -0.5679931640625 0.741455078125
0.0249080657958984 -0.0117092132568359 -0.67401123046875 0.20745849609375
0.0521621704101563 0.0196037292480469 0.0271987915039063 0.0782928466796875
0.0416526794433594 0.00458526611328125 0.74853515625 -0.15887451171875
0.000575780868530273 -0.00423026084899902 0.52667236328125 -0.77410888671875
-0.0273380279541016 0.000362396240234376 -0.30084228515625 -0.75323486328125
-0.0250453948974609 0.00978660583496093 -0.60418701171875 -0.15625
0.00864982604980469 0.0201244354248047 -0.441375732421875 0.18560791015625
0.028167724609375 -0.000513076782226563 -0.099456787109375 0.262100219726563
0.0148677825927734 -0.0210285186767578 0.148895263671875 0.166824340820313
0.0209197998046875 -0.0228652954101563 -0.08514404296875 -0.162307739257813
0.0438575744628906 0.00145339965820313 0.17962646484375 -0.227340698242188
0.0429115295410156 0.0178070068359375 0.445159912109375 -0.083953857421875
0.00539588928222656 0.0324878692626953 0.535125732421875 0.322235107421875
-0.0544815063476563 0.0336494445800781 0.0717773437500001 0.78271484375
-0.0288524627685547 -0.00637435913085937 -0.57000732421875 0.7418212890625
0.0198726654052734 -0.0131149291992188 -0.670166015625 0.20928955078125
0.0489730834960938 0.0169105529785156 0.0327529907226563 0.0792160034179688
0.0372161865234375 0.00371170043945312 0.75238037109375 -0.1612548828125
-0.00481176376342773 0.000861167907714844 0.5289306640625 -0.777587890625
-0.0305271148681641 0.007781982421875 -0.3006591796875 -0.7530517578125
-0.0183372497558594 0.0134353637695313 -0.6041259765625 -0.1551513671875
0.0157089233398438 0.0178413391113281 -0.43804931640625 0.18341064453125
0.0347537994384766 -0.00281143188476563 -0.0967254638671875 0.260284423828125
0.0158138275146484 -0.0243244171142578 0.149749755859375 0.16748046875
0.00585842132568359 -0.00390386581420898 -0.0806427001953125 -0.187103271484375
0.0229206085205078 0.0223846435546875 0.175582885742188 -0.247360229492187
0.0218086242675781 0.0236473083496094 0.458221435546875 -0.1044921875
-0.0110816955566406 0.0104589462280273 0.5679931640625 0.29052734375
-0.0521965026855469 0.00134277343749999 0.12408447265625 0.76806640625
-0.00270462036132813 -0.0314540863037109 -0.518310546875 0.753173828125
0.0576553344726563 -0.0158920288085938 -0.6444091796875 0.227294921875
0.0825653076171875 0.0337905883789063 0.0418777465820313 0.0838699340820313
0.072357177734375 0.00823974609375 0.77978515625 -0.1444091796875
0.0256996154785156 -0.0232830047607422 0.5845947265625 -0.7784423828125
-0.0264625549316406 -0.0265636444091797 -0.25518798828125 -0.78424072265625
-0.0391502380371094 -0.0057220458984375 -0.58966064453125 -0.1905517578125
-0.00937080383300781 0.0208740234375 -0.4388427734375 0.162841796875
0.0117168426513672 0.0165672302246094 -0.102951049804688 0.245498657226563
-0.00097799301147461 -0.0044560432434082 0.14971923828125 0.1456298828125
0.00835132598876953 -0.00327825546264648 -0.0814971923828125 -0.184310913085938
0.0209636688232422 0.0226593017578125 0.173736572265625 -0.244857788085937
0.0189228057861328 0.024566650390625 0.451690673828125 -0.102569580078125
-0.0135660171508789 0.00882339477539063 0.56207275390625 0.292877197265625
-0.052001953125 -0.00283432006835938 0.114990234375 0.7642822265625
-0.0018768310546875 -0.0343837738037109 -0.5274658203125 0.7515869140625
0.0576248168945313 -0.0161552429199219 -0.65191650390625 0.2237548828125
0.081390380859375 0.0340576171875 0.0363693237304688 0.0814208984375
0.0735702514648438 0.00826263427734375 0.771240234375 -0.14208984375
0.0275440216064453 -0.0235939025878906 0.5755615234375 -0.7701416015625
-0.0255260467529297 -0.0303726196289063 -0.25823974609375 -0.7757568359375
-0.0412979125976563 -0.00616455078125001 -0.591552734375 -0.1820068359375
-0.0117206573486328 0.0195636749267578 -0.44036865234375 0.16876220703125
0.00824356079101563 0.01678466796875 -0.1044921875 0.251190185546875
-0.000672101974487305 -0.00407981872558594 0.149978637695313 0.151092529296875
0.00996875762939453 -0.00419807434082031 -0.078338623046875 -0.177108764648438
0.0196762084960938 0.0215644836425781 0.174774169921875 -0.239013671875
0.0167064666748047 0.0244274139404297 0.451171875 -0.094024658203125
-0.0141515731811523 0.0106134414672852 0.55523681640625 0.300933837890625
-0.0513458251953125 -0.00341033935546876 0.10638427734375 0.772705078125
-0.00272560119628906 -0.0334949493408203 -0.53521728515625 0.75604248046875
0.0548019409179688 -0.0146942138671875 -0.66082763671875 0.2230224609375
0.0788040161132813 0.0343551635742188 0.0302200317382813 0.0793914794921875
0.0697746276855469 0.00767135620117188 0.76251220703125 -0.14593505859375
0.0253963470458984 -0.0244369506835937 0.56427001953125 -0.77703857421875
-0.0254859924316406 -0.0305271148681641 -0.270263671875 -0.7772216796875
-0.0408821105957031 -0.00585937499999999 -0.59674072265625 -0.17901611328125
-0.0126991271972656 0.0212078094482422 -0.444305419921875 0.1729736328125
0.00814533233642578 0.0153713226318359 -0.10577392578125 0.254989624023438
0.0020442008972168 -0.00564384460449219 0.14703369140625 0.153396606445313
0.0122919082641602 -0.00625419616699219 -0.0798797607421875 -0.173721313476562
0.0211238861083984 0.0174121856689453 0.171981811523438 -0.234573364257813
0.0195217132568359 0.0237312316894531 0.4466552734375 -0.088714599609375
-0.0104265213012695 0.0116033554077148 0.547637939453125 0.3048095703125
-0.0515174865722656 0.00161361694335938 0.0937499999999999 0.775634765625
-0.00456047058105469 -0.0311355590820312 -0.54974365234375 0.75018310546875
0.0485572814941406 -0.0137519836425781 -0.66558837890625 0.21966552734375
0.0723190307617188 0.0311965942382813 0.0258331298828125 0.07958984375
0.0646781921386719 0.00623321533203125 0.75787353515625 -0.14654541015625
0.0211124420166016 -0.0208244323730469 0.55462646484375 -0.7713623046875
-0.0258102416992187 -0.0272121429443359 -0.27716064453125 -0.7659912109375
-0.0396041870117188 -0.00187301635742188 -0.6004638671875 -0.16949462890625
-0.00924873352050781 0.0213661193847656 -0.445343017578125 0.178070068359375
0.0113534927368164 0.0116653442382813 -0.104019165039063 0.258377075195313
0.00625085830688476 -0.00830841064453125 0.148818969726563 0.161453247070313
0.0156469345092773 -0.0109491348266602 -0.078399658203125 -0.16717529296875
0.0247879028320313 0.0152988433837891 0.174240112304688 -0.230178833007813
0.0208663940429688 0.0230388641357422 0.444915771484375 -0.085968017578125
-0.00669479370117188 0.0180320739746094 0.541534423828125 0.31396484375
-0.0522689819335938 0.00787734985351563 0.0862426757812501 0.7794189453125
-0.0102596282958984 -0.0257682800292969 -0.55535888671875 0.75
0.0407905578613281 -0.0125503540039063 -0.6727294921875 0.217529296875
0.0631256103515625 0.0280570983886719 0.0243606567382813 0.0786666870117188
0.056976318359375 0.00670623779296875 0.75213623046875 -0.15264892578125
0.0132999420166016 -0.0181293487548828 0.54150390625 -0.77392578125
-0.0255508422851562 -0.0184593200683594 -0.28955078125 -0.7635498046875
-0.0354499816894531 0.00151443481445313 -0.60662841796875 -0.1640625
-0.00589942932128906 0.0204601287841797 -0.44769287109375 0.1805419921875
0.0165939331054688 0.00863265991210938 -0.10711669921875 0.262069702148438
0.00957679748535156 -0.0119228363037109 0.145278930664062 0.162582397460937
0.0179958343505859 -0.0149154663085938 -0.0813140869140625 -0.165573120117188
0.0288124084472656 0.0103034973144531 0.172882080078125 -0.228683471679688
0.0307540893554687 0.0206394195556641 0.446136474609375 -0.083099365234375
-0.00261878967285156 0.021392822265625 0.539642333984375 0.3179931640625
-0.0517997741699219 0.0167198181152344 0.07867431640625 0.7841796875
-0.0170326232910156 -0.0196800231933594 -0.56805419921875 0.7471923828125
0.0333461761474609 -0.0125389099121094 -0.6771240234375 0.21282958984375
0.057647705078125 0.0247306823730469 0.0244369506835938 0.07568359375
0.0494003295898438 0.00634002685546875 0.75244140625 -0.15606689453125
0.00945663452148438 -0.0103845596313477 0.53399658203125 -0.77691650390625
-0.0290336608886719 -0.00994110107421874 -0.29913330078125 -0.75860595703125
-0.028228759765625 0.00453948974609374 -0.6090087890625 -0.159912109375
0.00163841247558594 0.0197620391845703 -0.4456787109375 0.185516357421875
0.02069091796875 0.00487709045410156 -0.10223388671875 0.262344360351563
0.011143684387207 -0.0172805786132813 0.146469116210938 0.165267944335937
0.0206432342529297 -0.01898193359375 -0.0815582275390625 -0.163070678710938
0.0362930297851563 0.00468826293945313 0.1778564453125 -0.228759765625
0.0354728698730469 0.0191307067871094 0.445343017578125 -0.080230712890625
6.10351562499996E-05 0.0272903442382813 0.5394287109375 0.3204345703125
-0.0532760620117188 0.0254936218261719 0.0728759765624999 0.78472900390625
-0.0217571258544922 -0.0105171203613281 -0.57159423828125 0.74468994140625
0.0262718200683594 -0.0130977630615234 -0.67578125 0.20947265625
0.0522880554199219 0.0203208923339844 0.026214599609375 0.0771636962890625
0.0421714782714844 0.00762939453125 0.7510986328125 -0.156982421875
0.00115966796875 -0.0049595832824707 0.52862548828125 -0.77496337890625
-0.0313301086425781 -0.000661849975585938 -0.2996826171875 -0.7548828125
-0.0227546691894531 0.00951385498046874 -0.6070556640625 -0.15484619140625
0.00999259948730469 0.0180912017822266 -0.443145751953125 0.18743896484375
0.0270481109619141 -0.0007476806640625 -0.098663330078125 0.263992309570313
0.01397705078125 -0.023162841796875 0.150650024414063 0.168991088867188
0.0209980010986328 -0.0235919952392578 -0.083953857421875 -0.1661376953125
0.0438385009765625 0.00171661376953125 0.179473876953125 -0.230697631835937
0.0423660278320313 0.0171241760253906 0.446929931640625 -0.084808349609375
0.00465202331542969 0.0315456390380859 0.539031982421875 0.323883056640625
-0.0551986694335938 0.0346870422363281 0.0718994140625 0.7882080078125
-0.0268039703369141 -0.00494766235351562 -0.5743408203125 0.74578857421875
0.0195713043212891 -0.0131053924560547 -0.67486572265625 0.20953369140625
0.0490875244140625 0.0170211791992187 0.0328216552734375 0.0798110961914063
0.0372734069824219 0.00510787963867188 0.7562255859375 -0.158203125
-0.00372648239135742 0.000150680541992187 0.53289794921875 -0.78106689453125
-0.0301513671875 0.00824928283691407 -0.30078125 -0.75653076171875
-0.0199337005615234 0.0142345428466797 -0.607177734375 -0.15447998046875
0.0150699615478516 0.0187168121337891 -0.439605712890625 0.185577392578125
0.0350017547607422 -0.00439262390136719 -0.0969085693359375 0.263412475585938
0.0139865875244141 -0.0245475769042969 0.1513671875 0.167572021484375
0.00559663772583008 -0.00343847274780273 -0.081695556640625 -0.189773559570313
0.0230808258056641 0.0209121704101563 0.178543090820313 -0.250762939453125
0.0222587585449219 0.0243968963623047 0.461700439453125 -0.106201171875
-0.0128555297851563 0.0104207992553711 0.57275390625 0.29388427734375
-0.0526657104492188 0.00157928466796874 0.1273193359375 0.77520751953125
-0.00116539001464844 -0.0314922332763672 -0.52178955078125 0.76019287109375
0.0583992004394531 -0.0156326293945313 -0.651611328125 0.22674560546875
0.082855224609375 0.0340499877929688 0.0418243408203125 0.08441162109375
0.0745925903320313 0.00848388671875 0.7835693359375 -0.143310546875
0.0257625579833984 -0.0229816436767578 0.58856201171875 -0.78375244140625
-0.0270614624023438 -0.0270023345947266 -0.2568359375 -0.79058837890625
-0.0404052734375 -0.00340270996093749 -0.590576171875 -0.19219970703125
-0.008636474609375 0.0201301574707031 -0.441497802734375 0.166900634765625
0.0133037567138672 0.0158662796020508 -0.104415893554688 0.249725341796875
-0.00164937973022461 -0.00638723373413086 0.152252197265625 0.14678955078125
0.00681924819946289 -0.00375843048095703 -0.0815887451171875 -0.1873779296875
0.0213375091552734 0.0220489501953125 0.17462158203125 -0.247894287109375
0.0183734893798828 0.0234622955322266 0.455108642578125 -0.104736328125
-0.0136861801147461 0.00885772705078125 0.566162109375 0.29388427734375
-0.0521087646484375 -0.00262451171875 0.1177978515625 0.77008056640625
-0.00063323974609375 -0.0344429016113281 -0.530029296875 0.75830078125
0.0577239990234375 -0.015777587890625 -0.655517578125 0.2254638671875
0.0819168090820312 0.0343399047851563 0.0357818603515625 0.08355712890625
0.0735549926757812 0.0084381103515625 0.7769775390625 -0.14117431640625
0.0286312103271484 -0.0249214172363281 0.57843017578125 -0.7767333984375
-0.0261650085449219 -0.0314121246337891 -0.25970458984375 -0.78045654296875
-0.0434036254882813 -0.00644302368164062 -0.59552001953125 -0.18377685546875
-0.0120258331298828 0.02020263671875 -0.44354248046875 0.1707763671875
0.00988006591796875 0.0166110992431641 -0.102401733398438 0.25396728515625
-0.000487327575683594 -0.00460910797119141 0.153060913085938 0.152572631835938
0.0104503631591797 -0.00502395629882812 -0.0804901123046875 -0.179656982421875
0.0184268951416016 0.0210952758789063 0.175399780273438 -0.241424560546875
0.0172672271728516 0.0246257781982422 0.454498291015625 -0.097137451171875
-0.0142669677734375 0.0106296539306641 0.5604248046875 0.303924560546875
-0.0507049560546875 -0.00236892700195311 0.1075439453125 0.7801513671875
-0.00149154663085937 -0.0334701538085938 -0.53765869140625 0.76300048828125
0.0546836853027344 -0.0145225524902344 -0.6649169921875 0.22503662109375
0.0773162841796875 0.0346450805664063 0.0290451049804688 0.0805206298828125
0.07037353515625 0.00820159912109375 0.76788330078125 -0.14752197265625
0.0262088775634766 -0.0243186950683594 0.56793212890625 -0.7835693359375
-0.0260047912597656 -0.0305137634277344 -0.27288818359375 -0.7813720703125
-0.0421943664550781 -0.00407409667968751 -0.60400390625 -0.17828369140625
-0.0127334594726562 0.0206394195556641 -0.448394775390625 0.176727294921875
0.00809192657470703 0.0155487060546875 -0.107711791992188 0.25714111328125
0.00197076797485352 -0.00588369369506836 0.15008544921875 0.15496826171875
0.0117788314819336 -0.00657939910888672 -0.081024169921875 -0.175033569335938
0.0215511322021484 0.01690673828125 0.173263549804688 -0.238784790039063
0.0175418853759766 0.0230255126953125 0.4493408203125 -0.09173583984375
-0.0104312896728516 0.0122661590576172 0.551239013671875 0.30645751953125
-0.0513458251953125 0.00224304199218751 0.0953979492187501 0.77935791015625
-0.00315475463867187 -0.029327392578125 -0.55194091796875 0.75775146484375
0.0492439270019531 -0.01348876953125 -0.67352294921875 0.2216796875
0.0707015991210938 0.031890869140625 0.0248336791992187 0.0818252563476563
0.0649909973144531 0.0074310302734375 0.7608642578125 -0.14691162109375
0.0217685699462891 -0.0212116241455078 0.55694580078125 -0.776611328125
-0.0271282196044922 -0.0273761749267578 -0.2796630859375 -0.7701416015625
-0.0405120849609375 -0.00238800048828125 -0.60546875 -0.17315673828125
-0.0107593536376953 0.0225658416748047 -0.449493408203125 0.17950439453125
0.011265754699707 0.0121440887451172 -0.104598999023437 0.26165771484375
0.00496816635131836 -0.00767755508422851 0.150863647460938 0.16015625
0.0160064697265625 -0.00994777679443359 -0.0797882080078125 -0.170211791992188
0.0246238708496094 0.0129718780517578 0.176742553710938 -0.234634399414063
0.0223522186279297 0.0209197998046875 0.45013427734375 -0.088104248046875
-0.00807762145996094 0.0156545639038086 0.5455322265625 0.3167724609375
-0.0522956848144531 0.00914001464843749 0.08905029296875 0.78692626953125
-0.00842857360839844 -0.0241317749023438 -0.5577392578125 0.75775146484375
0.0405387878417969 -0.0129470825195313 -0.67596435546875 0.2216796875
0.0642127990722656 0.0291938781738281 0.0237350463867188 0.0795211791992187
0.0561180114746094 0.00660324096679687 0.7559814453125 -0.15380859375
0.0162515640258789 -0.0161933898925781 0.54541015625 -0.77947998046875
-0.0285472869873047 -0.0184574127197266 -0.29058837890625 -0.7679443359375
-0.0360107421875 0.000389099121093756 -0.61102294921875 -0.1649169921875
-0.00434303283691407 0.0210590362548828 -0.450836181640625 0.182952880859375
0.0153284072875977 0.00790882110595703 -0.104766845703125 0.265731811523438
0.0083761215209961 -0.0136709213256836 0.149063110351563 0.162933349609375
0.0186939239501953 -0.0158367156982422 -0.081787109375 -0.166793823242188
0.0301856994628906 0.00755119323730469 0.17608642578125 -0.230224609375
0.0297031402587891 0.0209217071533203 0.448577880859375 -0.086151123046875
-0.00337028503417969 0.0211029052734375 0.542266845703125 0.32000732421875
-0.0534820556640625 0.0169334411621094 0.08056640625 0.791748046875
-0.0157070159912109 -0.0178966522216797 -0.57012939453125 0.75665283203125
0.0311203002929687 -0.0130939483642578 -0.6822509765625 0.21343994140625
0.0564651489257812 0.024871826171875 0.023468017578125 0.0782394409179688
0.0500526428222656 0.00666427612304688 0.75311279296875 -0.15301513671875
0.00829410552978516 -0.0101470947265625 0.5379638671875 -0.78338623046875
-0.0292930603027344 -0.00963592529296875 -0.300048828125 -0.7626953125
-0.0292510986328125 0.00656890869140625 -0.61309814453125 -0.15814208984375
0.000892639160156251 0.0196952819824219 -0.448944091796875 0.1865234375
0.0222244262695312 0.00472068786621094 -0.103424072265625 0.266921997070313
0.0113315582275391 -0.0170259475708008 0.14971923828125 0.165939331054688
0.0188179016113281 -0.0189094543457031 -0.083709716796875 -0.1663818359375
0.0372085571289063 0.00373077392578125 0.178421020507812 -0.23101806640625
0.0360755920410156 0.0185203552246094 0.4481201171875 -0.084320068359375
-0.000379562377929686 0.0261402130126953 0.540374755859375 0.324432373046875
-0.0542755126953125 0.0262641906738281 0.07415771484375 0.7943115234375
-0.0208759307861328 -0.0106163024902344 -0.57843017578125 0.75299072265625
0.0247020721435547 -0.0136775970458984 -0.683349609375 0.21112060546875
0.0538215637207031 0.0209197998046875 0.02716064453125 0.0791397094726563
0.0424461364746094 0.00499343872070313 0.756103515625 -0.1552734375
0.00182914733886719 -0.00440025329589844 0.534423828125 -0.78106689453125
-0.0308456420898438 -0.00054550170898438 -0.30340576171875 -0.7607421875
-0.0242500305175781 0.0101146697998047 -0.6148681640625 -0.15692138671875
0.00817298889160156 0.0198040008544922 -0.445404052734375 0.18939208984375
0.0283660888671875 -0.000387191772460937 -0.0999298095703125 0.268218994140625
0.0134677886962891 -0.0225696563720703 0.150955200195313 0.169021606445313
0.0208568572998047 -0.0248641967773438 -0.086181640625 -0.167434692382812
0.0449295043945313 -0.0003814697265625 0.180145263671875 -0.232986450195313
0.0431594848632812 0.0171737670898437 0.45159912109375 -0.0872802734375
0.00417900085449219 0.0317134857177734 0.544708251953125 0.325836181640625
-0.0555992126464844 0.0351600646972656 0.07281494140625 0.79620361328125
-0.0264511108398438 -0.00526809692382812 -0.57574462890625 0.7545166015625
0.0198688507080078 -0.0134696960449219 -0.67913818359375 0.210205078125
0.0476303100585938 0.0172920227050781 0.033050537109375 0.08087158203125
0.037109375 0.00567245483398438 0.761962890625 -0.15924072265625
-0.00424003601074219 0.0013279914855957 0.53521728515625 -0.78668212890625
-0.0309734344482422 0.00877761840820313 -0.30572509765625 -0.7615966796875
-0.0194168090820313 0.0154476165771484 -0.61248779296875 -0.15582275390625
0.0159416198730469 0.0180912017822266 -0.444854736328125 0.18701171875
0.0351219177246094 -0.00374221801757813 -0.0977020263671875 0.266403198242188
0.0154514312744141 -0.0247535705566406 0.153076171875 0.16900634765625
0.00550556182861328 -0.00454139709472656 -0.081085205078125 -0.191635131835937
0.0241851806640625 0.0198307037353516 0.176742553710938 -0.253005981445313
0.0215320587158203 0.0226631164550781 0.464569091796875 -0.111297607421875
-0.0128555297851563 0.0103025436401367 0.57867431640625 0.29248046875
-0.0536003112792969 0.000869750976562492 0.13067626953125 0.78240966796875
-0.00185203552246094 -0.0310230255126953 -0.52423095703125 0.7725830078125
0.0575828552246094 -0.0155677795410156 -0.6556396484375 0.2320556640625
0.0827789306640625 0.0332412719726563 0.0433502197265625 0.0861282348632813
0.0729217529296875 0.009033203125 0.79144287109375 -0.1439208984375
0.0279979705810547 -0.0221023559570313 0.59100341796875 -0.789794921875
-0.0277976989746094 -0.0265750885009766 -0.261474609375 -0.796875
-0.0408210754394531 -0.00410079956054687 -0.5999755859375 -0.19171142578125
-0.00949478149414063 0.0216693878173828 -0.4451904296875 0.170013427734375
0.013279914855957 0.0150299072265625 -0.106124877929687 0.253158569335938
-0.0023350715637207 -0.00625514984130859 0.153915405273438 0.147216796875
0.00663948059082031 -0.00484752655029297 -0.0827789306640625 -0.18951416015625
0.0202445983886719 0.0215301513671875 0.173919677734375 -0.25067138671875
0.0175323486328125 0.0225296020507813 0.45831298828125 -0.105499267578125
-0.0143518447875977 0.00868034362792969 0.57147216796875 0.2930908203125
-0.0516090393066406 1.90734863281212E-05 0.12200927734375 0.7772216796875
0.00207138061523437 -0.0325965881347656 -0.5322265625 0.7659912109375
0.0579757690429687 -0.0145492553710937 -0.6619873046875 0.2305908203125
0.0816268920898438 0.035308837890625 0.0357894897460938 0.0846633911132813
0.0736160278320312 0.0100021362304687 0.78057861328125 -0.142578125
0.0294151306152344 -0.0249176025390625 0.5806884765625 -0.78277587890625
-0.0282688140869141 -0.0299568176269531 -0.26666259765625 -0.7861328125
-0.0437088012695312 -0.00512313842773438 -0.6009521484375 -0.18353271484375
-0.0109348297119141 0.0210323333740234 -0.447723388671875 0.17523193359375
0.0103969573974609 0.0158605575561523 -0.104019165039063 0.257843017578125
-0.00155448913574219 -0.00483322143554688 0.153533935546875 0.154449462890625
0.0103940963745117 -0.00400924682617188 -0.081207275390625 -0.183074951171875
0.0201129913330078 0.0205211639404297 0.175033569335938 -0.24627685546875
0.0169105529785156 0.0234565734863281 0.45782470703125 -0.099761962890625
-0.0133781433105469 0.00902080535888672 0.567138671875 0.3026123046875
-0.0507621765136719 4.57763671875074E-05 0.11376953125 0.788330078125
-0.00106620788574219 -0.0330829620361328 -0.5394287109375 0.7723388671875
0.0549125671386719 -0.0154304504394531 -0.6707763671875 0.22821044921875
0.077178955078125 0.0327224731445313 0.0303192138671875 0.0819091796875
0.0717086791992188 0.008331298828125 0.7733154296875 -0.1483154296875
0.0270481109619141 -0.0240974426269531 0.56982421875 -0.7886962890625
-0.0277004241943359 -0.0309600830078125 -0.2779541015625 -0.78668212890625
-0.0431022644042969 -0.00392913818359374 -0.6102294921875 -0.1785888671875
-0.0122318267822266 0.02191162109375 -0.45361328125 0.178955078125
0.00895309448242187 0.0149049758911133 -0.107086181640625 0.261001586914063
0.000926494598388672 -0.00607538223266602 0.15252685546875 0.155990600585938
0.0117912292480469 -0.00792694091796875 -0.0837554931640625 -0.178131103515625
0.0191993713378906 0.0175228118896484 0.173171997070312 -0.242645263671875
0.0187149047851563 0.0229644775390625 0.453826904296875 -0.094696044921875
-0.01165771484375 0.0123119354248047 0.556488037109375 0.307098388671875
-0.0513687133789063 0.00183868408203126 0.10076904296875 0.791015625
-0.00366973876953125 -0.0298690795898438 -0.5537109375 0.76641845703125
0.0478706359863281 -0.0141677856445313 -0.67840576171875 0.22393798828125
0.0711746215820313 0.0307235717773438 0.0247039794921875 0.0820159912109375
0.065582275390625 0.00849151611328125 0.7685546875 -0.14715576171875
0.0212631225585938 -0.0208358764648438 0.5595703125 -0.7847900390625
-0.0272750854492188 -0.0257301330566406 -0.2855224609375 -0.7752685546875
-0.0403976440429688 -0.00301361083984375 -0.61328125 -0.17022705078125
-0.00890922546386719 0.0219669342041016 -0.45159912109375 0.18505859375
0.0114164352416992 0.0116815567016602 -0.104461669921875 0.264434814453125
0.00491428375244141 -0.00739526748657226 0.15380859375 0.16180419921875
0.015650749206543 -0.0126047134399414 -0.0814971923828125 -0.17169189453125
0.0235958099365234 0.0128116607666016 0.176834106445313 -0.236602783203125
0.0235729217529297 0.0210781097412109 0.45330810546875 -0.09234619140625
-0.00721263885498047 0.0166664123535156 0.5537109375 0.3157958984375
-0.0527076721191406 0.0104331970214844 0.09307861328125 0.79742431640625
-0.00734138488769531 -0.0240764617919922 -0.5611572265625 0.76654052734375
0.0400657653808594 -0.0131874084472656 -0.6824951171875 0.22198486328125
0.0658035278320313 0.030487060546875 0.0207672119140625 0.0787277221679687
0.0587310791015625 0.00782012939453125 0.76141357421875 -0.15191650390625
0.017303466796875 -0.0162887573242188 0.5484619140625 -0.78509521484375
-0.0289516448974609 -0.0175609588623047 -0.2972412109375 -0.77197265625
-0.036529541015625 0.00215911865234376 -0.61737060546875 -0.163818359375
-0.00544166564941406 0.0220756530761719 -0.453460693359375 0.187164306640625
0.0152683258056641 0.00970649719238281 -0.105575561523438 0.269027709960938
0.00700664520263672 -0.0140008926391602 0.151290893554688 0.164413452148438
0.0183448791503906 -0.0170097351074219 -0.08245849609375 -0.169113159179687
0.0310192108154297 0.00801658630371094 0.177078247070313 -0.235061645507813
0.0313739776611328 0.0201568603515625 0.450836181640625 -0.08892822265625
-0.00381660461425781 0.0216236114501953 0.548553466796875 0.32073974609375
-0.052215576171875 0.0180130004882813 0.0866088867187501 0.79974365234375
-0.014225959777832 -0.016484260559082 -0.572998046875 0.7635498046875
0.0303955078125 -0.0135402679443359 -0.6864013671875 0.21856689453125
0.0570564270019531 0.0243949890136719 0.023651123046875 0.0796737670898438
0.0493431091308594 0.00656890869140625 0.7606201171875 -0.155517578125
0.008819580078125 -0.0106678009033203 0.54058837890625 -0.7886962890625
-0.0309314727783203 -0.00972747802734375 -0.306396484375 -0.76953125
-0.0292072296142578 0.00729751586914062 -0.622314453125 -0.158447265625
0.000589370727539063 0.0211105346679688 -0.453643798828125 0.191162109375
0.0206947326660156 0.00425910949707031 -0.103775024414063 0.27197265625
0.00961875915527343 -0.0179920196533203 0.150634765625 0.168411254882813
0.0200729370117188 -0.0206527709960938 -0.084716796875 -0.170639038085938
0.0369911193847656 0.00367355346679688 0.176956176757812 -0.23492431640625
0.0358543395996094 0.0171051025390625 0.45330810546875 -0.088348388671875
0.00118446350097657 0.0263996124267578 0.548309326171875 0.327117919921875
-0.0538406372070312 0.0284156799316406 0.0765380859375 0.79888916015625
-0.0206394195556641 -0.00849723815917969 -0.57861328125 0.76068115234375
0.0225124359130859 -0.0131511688232422 -0.68695068359375 0.21258544921875
0.0498924255371094 0.019989013671875 0.0262527465820313 0.0803298950195313
0.0423164367675781 0.00665283203125 0.760986328125 -0.1568603515625
0.00133395195007324 -0.00258111953735352 0.53753662109375 -0.78680419921875
-0.0311489105224609 -8.20159912109413E-05 -0.309814453125 -0.76531982421875
-0.0242385864257813 0.0110359191894531 -0.61993408203125 -0.1551513671875
0.00881385803222656 0.0190181732177734 -0.4493408203125 0.191619873046875
0.0270824432373047 -0.000186920166015625 -0.100387573242188 0.272216796875
0.0122089385986328 -0.0221977233886719 0.15362548828125 0.170120239257812
0.0195217132568359 -0.0259323120117188 -0.0876312255859375 -0.169097900390625
0.0438041687011719 -4.1961669921875E-05 0.179779052734375 -0.2374267578125
0.0424003601074219 0.0159721374511719 0.455230712890625 -0.090179443359375
0.00500297546386719 0.0313205718994141 0.55133056640625 0.32666015625
-0.0549697875976563 0.0374908447265625 0.0764160156249999 0.8037109375
-0.0264720916748047 -0.00400352478027344 -0.57940673828125 0.76202392578125
0.0195102691650391 -0.0139141082763672 -0.685302734375 0.21429443359375
0.0480804443359375 0.0174026489257813 0.0320510864257812 0.082000732421875
0.0375633239746094 0.004913330078125 0.76776123046875 -0.16351318359375
-0.00381255149841309 0.00272631645202637 0.5377197265625 -0.7919921875
-0.0327682495117188 0.00929641723632813 -0.31182861328125 -0.7677001953125
-0.0201644897460938 0.015777587890625 -0.61956787109375 -0.15447998046875
0.015655517578125 0.0189437866210938 -0.44842529296875 0.19085693359375
0.034759521484375 -0.00479698181152344 -0.0972137451171875 0.270462036132813
0.0133457183837891 -0.0255413055419922 0.154190063476563 0.169525146484375
0.00468349456787109 -0.00468587875366211 -0.08441162109375 -0.194320678710937
0.0239334106445313 0.0190544128417969 0.17779541015625 -0.259841918945313
0.0217838287353516 0.0220146179199219 0.469207763671875 -0.112701416015625
-0.0128564834594727 0.00934314727783203 0.58917236328125 0.29345703125
-0.0520706176757812 0.00342559814453125 0.1376953125 0.790771484375
0.00184822082519531 -0.0301952362060547 -0.5247802734375 0.78167724609375
0.0583724975585938 -0.0163803100585938 -0.66192626953125 0.23724365234375
0.0841140747070313 0.034332275390625 0.042999267578125 0.0863113403320313
0.0746841430664063 0.00910186767578125 0.79608154296875 -0.148681640625
0.0276699066162109 -0.0233268737792969 0.59222412109375 -0.799072265625
-0.0276660919189453 -0.0266017913818359 -0.26910400390625 -0.80010986328125
-0.0421791076660156 -0.00287628173828124 -0.60491943359375 -0.1888427734375
-0.00839805603027344 0.0216102600097656 -0.4495849609375 0.17462158203125
0.012700080871582 0.0158920288085938 -0.105560302734375 0.257369995117188
-0.00319147109985352 -0.00650501251220703 0.15692138671875 0.148818969726563
0.0075373649597168 -0.00484800338745117 -0.08526611328125 -0.190963745117187
0.0211124420166016 0.0207347869873047 0.17376708984375 -0.256729125976563
0.0176715850830078 0.0223102569580078 0.462158203125 -0.110748291015625
-0.0143699645996094 0.00942897796630859 0.57867431640625 0.2928466796875
-0.0521202087402344 0.000560760498046877 0.12921142578125 0.78729248046875
0.0025482177734375 -0.0329475402832031 -0.53302001953125 0.7777099609375
0.0574798583984375 -0.0158500671386719 -0.66729736328125 0.23455810546875
0.0812759399414063 0.035003662109375 0.0350875854492188 0.0853805541992188
0.0739898681640625 0.00931549072265625 0.78680419921875 -0.148193359375
0.0298194885253906 -0.0245208740234375 0.5828857421875 -0.7933349609375
-0.02801513671875 -0.0292682647705078 -0.27264404296875 -0.791259765625
-0.0443000793457031 -0.00368118286132812 -0.60882568359375 -0.1829833984375
-0.0115890502929688 0.0213184356689453 -0.44940185546875 0.18017578125
0.00971412658691406 0.0173015594482422 -0.103927612304687 0.261611938476563
-0.00195956230163574 -0.00382304191589356 0.15545654296875 0.155731201171875
0.00902843475341797 -0.00485992431640625 -0.083770751953125 -0.184738159179688
0.0194797515869141 0.0187358856201172 0.176589965820313 -0.2493896484375
0.0168075561523438 0.0234375 0.460418701171875 -0.105377197265625
-0.0149803161621094 0.00988483428955078 0.57427978515625 0.30169677734375
-0.0504493713378906 4.57763671874985E-05 0.1181640625 0.7967529296875
0.00215721130371093 -0.0321254730224609 -0.54071044921875 0.78265380859375
0.0542449951171875 -0.0161972045898438 -0.67596435546875 0.23333740234375
0.0785675048828125 0.0344009399414063 0.0288314819335938 0.083038330078125
0.0721359252929688 0.0078887939453125 0.78045654296875 -0.14996337890625
0.0274219512939453 -0.0245380401611328 0.57342529296875 -0.79547119140625
-0.02728271484375 -0.0302219390869141 -0.28350830078125 -0.79168701171875
-0.043487548828125 -0.00314712524414062 -0.61669921875 -0.17779541015625
-0.0124416351318359 0.0212955474853516 -0.456878662109375 0.1845703125
0.00822067260742187 0.0156764984130859 -0.106338500976562 0.265640258789063
0.000992298126220704 -0.00640201568603516 0.155303955078125 0.156539916992188
0.0123357772827148 -0.00908660888671875 -0.0848541259765625 -0.18048095703125
0.0201206207275391 0.0167655944824219 0.173171997070312 -0.245803833007812
0.0188789367675781 0.0220069885253906 0.455718994140625 -0.100250244140625
-0.0138607025146484 0.0124626159667969 0.56298828125 0.30780029296875
-0.0504493713378906 0.00275802612304686 0.10589599609375 0.79656982421875
-0.002166748046875 -0.0282154083251953 -0.555419921875 0.7762451171875
0.04644775390625 -0.0140190124511719 -0.68310546875 0.22900390625
0.0709991455078125 0.031768798828125 0.0246353149414063 0.082550048828125
0.0664634704589844 0.0078582763671875 0.773681640625 -0.1505126953125
0.0232257843017578 -0.0211257934570313 0.562255859375 -0.79351806640625
-0.0283241271972656 -0.026153564453125 -0.29193115234375 -0.78277587890625
-0.0409431457519531 -0.00143814086914063 -0.61944580078125 -0.16876220703125
-0.00974273681640625 0.022430419921875 -0.4552001953125 0.187957763671875
0.0115861892700195 0.0130033493041992 -0.104400634765625 0.268997192382813
0.00387096405029297 -0.00861406326293945 0.155364990234375 0.161727905273438
0.0155258178710937 -0.0105514526367187 -0.0835723876953125 -0.175216674804688
0.0237979888916016 0.0122795104980469 0.175796508789063 -0.242019653320313
0.0228767395019531 0.0213356018066406 0.45806884765625 -0.095001220703125
-0.00961494445800781 0.0168008804321289 0.55950927734375 0.3165283203125
-0.0520401000976563 0.0106582641601562 0.09814453125 0.80352783203125
-0.00653457641601563 -0.0231094360351563 -0.56341552734375 0.778564453125
0.0406723022460938 -0.0138473510742188 -0.6881103515625 0.22698974609375
0.0636024475097656 0.0297012329101562 0.0231704711914063 0.0812225341796875
0.0575408935546875 0.00768280029296875 0.7669677734375 -0.1558837890625
0.0168905258178711 -0.0155067443847656 0.54852294921875 -0.79510498046875
-0.0294990539550781 -0.0184955596923828 -0.304443359375 -0.77935791015625
-0.0376167297363281 0.00348663330078125 -0.62408447265625 -0.16143798828125
-0.00524520874023438 0.0219821929931641 -0.45819091796875 0.1920166015625
0.015406608581543 0.00816440582275391 -0.105880737304688 0.274383544921875
0.00720405578613281 -0.0132474899291992 0.154586791992188 0.165557861328125
0.0178241729736328 -0.0179100036621094 -0.0836029052734375 -0.172225952148438
0.0305595397949219 0.00696563720703125 0.177093505859375 -0.239532470703125
0.0284690856933594 0.0187950134277344 0.454803466796875 -0.092041015625
-0.00570297241210938 0.0207252502441406 0.554840087890625 0.3214111328125
-0.0517654418945313 0.0189704895019531 0.09014892578125 0.80828857421875
-0.0128107070922852 -0.0166530609130859 -0.57183837890625 0.77508544921875
0.0302677154541016 -0.0148544311523438 -0.6932373046875 0.2236328125
0.0571365356445313 0.0242576599121094 0.0236892700195312 0.0815811157226563
0.051544189453125 0.00732803344726562 0.7681884765625 -0.15936279296875
0.00920200347900391 -0.00954627990722656 0.5423583984375 -0.79730224609375
-0.0303192138671875 -0.00837898254394532 -0.31134033203125 -0.7742919921875
-0.0304527282714844 0.00716972351074219 -0.62823486328125 -0.157958984375
0.00275230407714844 0.0229682922363281 -0.45635986328125 0.19580078125
0.0211448669433594 0.00388336181640625 -0.101943969726563 0.274017333984375
0.00939846038818359 -0.0172052383422852 0.152877807617188 0.169692993164063
0.0212497711181641 -0.021331787109375 -0.085968017578125 -0.1719970703125
0.0367660522460937 0.00165939331054687 0.177261352539063 -0.2393798828125
0.0360031127929687 0.0172996520996094 0.45550537109375 -0.09423828125
-0.00115394592285156 0.0264472961425781 0.554290771484375 0.324737548828125
-0.0538864135742188 0.0298652648925781 0.0826416015625 0.8099365234375
-0.0200119018554688 -0.00931549072265625 -0.5814208984375 0.7716064453125
0.0251235961914062 -0.0131053924560547 -0.69329833984375 0.2193603515625
0.0510177612304688 0.0211067199707031 0.028961181640625 0.0831375122070313
0.0417594909667969 0.006378173828125 0.7681884765625 -0.1610107421875
0.00301980972290039 -0.00221991539001465 0.539794921875 -0.7978515625
-0.0316791534423828 0.0012054443359375 -0.3157958984375 -0.77093505859375
-0.0252742767333984 0.0126075744628906 -0.6260986328125 -0.1519775390625
0.00937271118164063 0.0208282470703125 -0.453125 0.197906494140625
0.0270175933837891 0.000158309936523438 -0.0994415283203125 0.276565551757813
0.0106754302978516 -0.0214729309082031 0.155609130859375 0.171157836914063
0.0209312438964844 -0.0258617401123047 -0.0906829833984375 -0.171676635742188
0.0443649291992188 -0.00227737426757813 0.179855346679688 -0.241043090820313
0.0433464050292969 0.0154685974121094 0.457855224609375 -0.093902587890625
0.00334930419921875 0.0315876007080078 0.5572509765625 0.326080322265625
-0.0556678771972656 0.03955078125 0.0825805664062501 0.8125
-0.0253047943115234 -0.00324058532714843 -0.58184814453125 0.77313232421875
0.0187473297119141 -0.0127906799316406 -0.691650390625 0.2191162109375
0.0479240417480469 0.0173492431640625 0.0330810546875 0.0828781127929688
0.0384559631347656 0.00545883178710938 0.77398681640625 -0.16461181640625
-0.00298428535461426 0.00275468826293945 0.54144287109375 -0.80364990234375
-0.0332775115966797 0.0109462738037109 -0.31695556640625 -0.77154541015625
-0.0202884674072266 0.0169315338134766 -0.62591552734375 -0.15338134765625
0.0172538757324219 0.0183658599853516 -0.449493408203125 0.19525146484375
0.0351181030273438 -0.00445747375488281 -0.097381591796875 0.27423095703125
0.0129451751708984 -0.0255241394042969 0.156829833984375 0.17095947265625
0.00469636917114258 -0.0042109489440918 -0.086700439453125 -0.19708251953125
0.024139404296875 0.0196170806884766 0.1761474609375 -0.263351440429688
0.0208663940429688 0.0209999084472656 0.471954345703125 -0.11920166015625
-0.0151433944702148 0.011775016784668 0.5928955078125 0.2908935546875
-0.0524787902832031 0.00408554077148438 0.1446533203125 0.79705810546875
0.00177001953125 -0.0300312042236328 -0.5220947265625 0.7950439453125
0.0572166442871094 -0.0177078247070313 -0.66546630859375 0.24334716796875
0.0825958251953125 0.033416748046875 0.042205810546875 0.0876617431640625
0.0742263793945313 0.00815582275390625 0.80291748046875 -0.1529541015625
0.0285205841064453 -0.0224227905273438 0.59454345703125 -0.8115234375
-0.0286331176757813 -0.0250530242919922 -0.27880859375 -0.80889892578125
-0.0425910949707031 -0.00238037109375 -0.6126708984375 -0.1859130859375
-0.00772476196289062 0.0212860107421875 -0.453643798828125 0.181365966796875
0.0135726928710938 0.0158958435058594 -0.104476928710938 0.262130737304688
-0.00463485717773437 -0.00591039657592773 0.15850830078125 0.148971557617188
0.00581645965576172 -0.00677394866943359 -0.087310791015625 -0.193771362304688
0.0202751159667969 0.0196666717529297 0.172348022460938 -0.260009765625
0.0182132720947266 0.0214061737060547 0.46612548828125 -0.11669921875
-0.015192985534668 0.00940322875976562 0.58636474609375 0.2919921875
-0.0509147644042969 0.000675201416015623 0.1378173828125 0.79669189453125
0.00365829467773438 -0.0318984985351563 -0.53155517578125 0.78839111328125
0.0577430725097656 -0.0177955627441406 -0.67291259765625 0.2421875
0.0810012817382813 0.0358734130859375 0.0346755981445313 0.0870285034179688
0.0760726928710938 0.00955963134765625 0.798095703125 -0.1524658203125
0.0321903228759766 -0.0250110626220703 0.58282470703125 -0.8045654296875
-0.0277519226074219 -0.0297203063964844 -0.282470703125 -0.798095703125
-0.0437736511230469 -0.00297546386718749 -0.61566162109375 -0.18115234375
-0.0122699737548828 0.0217514038085938 -0.454376220703125 0.185882568359375
0.0104312896728516 0.0169458389282227 -0.1024169921875 0.267074584960938
-0.00295448303222656 -0.00390934944152832 0.159637451171875 0.153900146484375
0.0102176666259766 -0.00606346130371094 -0.0848236083984375 -0.188186645507813
0.0199146270751953 0.0193729400634766 0.1751708984375 -0.253936767578125
0.0175819396972656 0.0242366790771484 0.464935302734375 -0.1112060546875
-0.0160932540893555 0.0102815628051758 0.58160400390625 0.30059814453125
-0.0518112182617187 0.000236511230468758 0.12786865234375 0.8048095703125
0.00278282165527344 -0.0321426391601563 -0.54119873046875 0.795166015625
0.0548744201660156 -0.0161018371582031 -0.68170166015625 0.2408447265625
0.0788726806640625 0.0342636108398438 0.0301971435546875 0.0852584838867188
0.0727462768554687 0.00876617431640625 0.78631591796875 -0.15460205078125
0.0275726318359375 -0.0246543884277344 0.57513427734375 -0.80914306640625
-0.0283527374267578 -0.0289287567138672 -0.29376220703125 -0.79803466796875
-0.0446434020996094 -0.00287246704101562 -0.62506103515625 -0.17413330078125
-0.0121688842773437 0.0237808227539063 -0.460479736328125 0.19061279296875
0.00875759124755859 0.0165185928344727 -0.106842041015625 0.270538330078125
-0.000838279724121093 -0.00689697265625 0.158432006835938 0.156723022460938
0.0128440856933594 -0.00978183746337891 -0.0859527587890625 -0.183456420898438
0.0212745666503906 0.0156822204589844 0.17340087890625 -0.250442504882813
0.0189247131347656 0.0209522247314453 0.461761474609375 -0.10650634765625
-0.0135011672973633 0.0124664306640625 0.5745849609375 0.307373046875
-0.0511093139648438 0.00363922119140625 0.11431884765625 0.8072509765625
-0.000503540039062499 -0.0272960662841797 -0.554931640625 0.7906494140625
0.0487327575683594 -0.0136299133300781 -0.6885986328125 0.23748779296875
0.0722503662109375 0.0324859619140625 0.026458740234375 0.0831680297851563
0.066314697265625 0.0077056884765625 0.7813720703125 -0.15594482421875
0.0232906341552734 -0.0216960906982422 0.56304931640625 -0.80145263671875
-0.0298633575439453 -0.0237617492675781 -0.3004150390625 -0.78826904296875
-0.04254150390625 -0.0012359619140625 -0.62481689453125 -0.166748046875
-0.00900650024414063 0.0221214294433594 -0.4586181640625 0.1951904296875
0.0123682022094727 0.0123167037963867 -0.103713989257812 0.27313232421875
0.00262928009033203 -0.0078125 0.159881591796875 0.161895751953125
0.0143394470214844 -0.0148096084594727 -0.0852203369140625 -0.1776123046875
0.0245780944824219 0.0121879577636719 0.175582885742188 -0.245285034179688
0.0230350494384766 0.0198135375976563 0.459686279296875 -0.10125732421875
-0.00906085968017578 0.0161285400390625 0.56787109375 0.3123779296875
-0.0532417297363281 0.0114288330078125 0.10418701171875 0.812255859375
-0.00511360168457031 -0.022247314453125 -0.56298828125 0.79052734375
0.0402565002441406 -0.01611328125 -0.69525146484375 0.236572265625
0.0635337829589844 0.0278511047363281 0.0243072509765625 0.0810623168945313
0.0603523254394531 0.00850296020507813 0.77532958984375 -0.1605224609375
0.0174827575683594 -0.0159196853637695 0.549560546875 -0.80584716796875
-0.0309734344482422 -0.017181396484375 -0.31268310546875 -0.784912109375
-0.0365333557128906 0.00387954711914063 -0.63421630859375 -0.16033935546875
-0.00459861755371094 0.0219974517822266 -0.462890625 0.1998291015625
0.0161008834838867 0.0101099014282227 -0.105422973632813 0.276763916015625
0.00604629516601563 -0.0120906829833984 0.154861450195312 0.16619873046875
0.0171089172363281 -0.0187301635742188 -0.087860107421875 -0.173049926757812
0.0320854187011719 0.00688934326171875 0.176162719726563 -0.243865966796875
0.0301742553710938 0.0194416046142578 0.4591064453125 -0.09759521484375
-0.00625228881835938 0.0198192596435547 0.563232421875 0.322509765625
-0.0531044006347656 0.0200920104980469 0.0963134765625 0.81719970703125
-0.0130548477172852 -0.015294075012207 -0.57366943359375 0.786865234375
0.0299339294433594 -0.0138778686523438 -0.698974609375 0.2291259765625
0.05816650390625 0.024139404296875 0.022491455078125 0.0820541381835938
0.0505027770996094 0.00744247436523437 0.77313232421875 -0.1632080078125
0.0106983184814453 -0.00855731964111328 0.5418701171875 -0.80950927734375
-0.0317020416259766 -0.00901031494140625 -0.32037353515625 -0.781005859375
-0.0326347351074219 0.00830078125 -0.6351318359375 -0.154296875
0.000682830810546877 0.0208530426025391 -0.459686279296875 0.20404052734375
0.021148681640625 0.00281906127929688 -0.101654052734375 0.280044555664063
0.00821685791015625 -0.0174674987792969 0.156219482421875 0.169815063476563
0.0187187194824219 -0.0226058959960937 -0.090057373046875 -0.173355102539063
0.0379753112792969 0.0013275146484375 0.178878784179688 -0.243270874023438
0.0369186401367188 0.0164642333984375 0.460723876953125 -0.0986328125
-0.0020599365234375 0.0264244079589844 0.56146240234375 0.32568359375
-0.052947998046875 0.0299644470214844 0.0903930664062501 0.8199462890625
-0.0182762145996094 -0.00824356079101563 -0.577880859375 0.78558349609375
0.0218944549560547 -0.0140819549560547 -0.7008056640625 0.22601318359375
0.050750732421875 0.0214271545410156 0.0272064208984375 0.081939697265625
0.0437088012695313 0.00694656372070313 0.77569580078125 -0.16387939453125
0.00365805625915527 -0.00120878219604492 0.5386962890625 -0.81005859375
-0.0342826843261719 0.00240325927734376 -0.3262939453125 -0.77642822265625
-0.0261173248291016 0.0131702423095703 -0.6324462890625 -0.15087890625
0.00873184204101563 0.0200710296630859 -0.45660400390625 0.20440673828125
0.0277576446533203 0.000331878662109375 -0.099609375 0.2813720703125
0.0112590789794922 -0.0226020812988281 0.157806396484375 0.172027587890625
0.0197620391845703 -0.0268459320068359 -0.0921478271484375 -0.174240112304688
0.0447769165039062 -0.00197601318359375 0.181182861328125 -0.2452392578125
0.0427970886230469 0.0152854919433594 0.463226318359375 -0.10028076171875
0.0028839111328125 0.0325565338134766 0.56610107421875 0.32562255859375
-0.0546722412109375 0.0401535034179688 0.09027099609375 0.819580078125
-0.0240478515625 -0.00371551513671875 -0.5811767578125 0.78631591796875
0.0187816619873047 -0.0143260955810547 -0.69732666015625 0.2247314453125
0.0465736389160156 0.018218994140625 0.0341720581054688 0.0850982666015625
0.0388374328613281 0.00594711303710938 0.7808837890625 -0.1700439453125
-0.00212550163269043 0.00357818603515625 0.54168701171875 -0.81353759765625
-0.0342655181884766 0.010955810546875 -0.325439453125 -0.77789306640625
-0.0207386016845703 0.0177669525146484 -0.6319580078125 -0.14947509765625
0.0172252655029297 0.0190010070800781 -0.454345703125 0.20263671875
0.0359458923339844 -0.00502395629882813 -0.0962982177734375 0.279312133789063
0.0109806060791016 -0.0255470275878906 0.1593017578125 0.17071533203125
0.00460243225097656 -0.00591468811035156 -0.089569091796875 -0.19891357421875
0.0239105224609375 0.0174579620361328 0.176071166992188 -0.268096923828125
0.0213146209716797 0.0202407836914063 0.47698974609375 -0.126312255859375
-0.0151662826538086 0.0108366012573242 0.6025390625 0.287109375
-0.052001953125 0.00587081909179686 0.1549072265625 0.80767822265625
0.00298690795898437 -0.0311603546142578 -0.5198974609375 0.808837890625
0.0565567016601563 -0.01837158203125 -0.6707763671875 0.25128173828125
0.08355712890625 0.0333099365234375 0.0444107055664063 0.0876388549804688
0.0761566162109375 0.008544921875 0.8104248046875 -0.1612548828125
0.0282516479492188 -0.0228157043457031 0.593017578125 -0.8238525390625
-0.030242919921875 -0.0246925354003906 -0.287841796875 -0.81317138671875
-0.0445060729980469 -0.00175476074218749 -0.625 -0.1822509765625
-0.00831985473632813 0.0230369567871094 -0.4560546875 0.187652587890625
0.0128240585327148 0.0157766342163086 -0.1014404296875 0.265579223632812
-0.00591182708740234 -0.00585269927978516 0.160919189453125 0.148468017578125
0.00706768035888672 -0.00543689727783203 -0.09161376953125 -0.195098876953125
0.0193061828613281 0.0198326110839844 0.172348022460938 -0.26507568359375
0.0175418853759766 0.0225429534912109 0.47003173828125 -0.122955322265625
-0.0164728164672852 0.00985145568847656 0.595703125 0.2879638671875
-0.0513534545898437 0.00168991088867187 0.14532470703125 0.80499267578125
0.00578689575195313 -0.0325107574462891 -0.52734375 0.80426025390625
0.05755615234375 -0.0180015563964844 -0.6776123046875 0.2491455078125
0.0827407836914063 0.0343399047851562 0.037200927734375 0.0871658325195313
0.076446533203125 0.00850677490234375 0.8011474609375 -0.157470703125
0.0290184020996094 -0.0241718292236328 0.5823974609375 -0.8172607421875
-0.0295982360839844 -0.0291252136230469 -0.29254150390625 -0.8013916015625
-0.0455551147460938 -0.00159835815429688 -0.62335205078125 -0.17523193359375
-0.0107269287109375 0.0231094360351563 -0.456756591796875 0.194580078125
0.0101966857910156 0.0174036026000977 -0.101104736328125 0.270065307617188
-0.00497913360595703 -0.00502347946166992 0.162750244140625 0.15545654296875
0.00862550735473633 -0.00612592697143555 -0.088287353515625 -0.190093994140625
0.0199069976806641 0.0173168182373047 0.173721313476563 -0.258575439453125
0.017608642578125 0.0220184326171875 0.469879150390625 -0.11700439453125
-0.0172481536865234 0.00997543334960937 0.58929443359375 0.29840087890625
-0.0504493713378906 0.00144577026367188 0.1368408203125 0.81195068359375
0.00373268127441406 -0.0326900482177734 -0.538330078125 0.80865478515625
0.0536651611328125 -0.0168914794921875 -0.68487548828125 0.2489013671875
0.0792617797851562 0.0339813232421875 0.0305023193359375 0.0846939086914062
0.073333740234375 0.009033203125 0.793701171875 -0.1607666015625
0.0279045104980469 -0.0242557525634766 0.57098388671875 -0.8204345703125
-0.0297012329101563 -0.0288143157958984 -0.303955078125 -0.80035400390625
-0.0452804565429687 -0.00121688842773438 -0.63275146484375 -0.16998291015625
-0.0120716094970703 0.0226211547851563 -0.46295166015625 0.19586181640625
0.00957107543945312 0.0149345397949219 -0.10467529296875 0.274490356445312
-0.00107717514038086 -0.00693798065185547 0.16058349609375 0.155914306640625
0.012603759765625 -0.010009765625 -0.0905914306640625 -0.184310913085937
0.0205535888671875 0.0148544311523438 0.17138671875 -0.255935668945313
0.0180912017822266 0.0218868255615234 0.46319580078125 -0.112457275390625
-0.0146160125732422 0.0109519958496094 0.57977294921875 0.30572509765625
-0.05078125 0.00611114501953125 0.12286376953125 0.81378173828125
-0.00040435791015625 -0.0285758972167969 -0.55511474609375 0.802978515625
0.0467185974121094 -0.0158271789550781 -0.693359375 0.24224853515625
0.0722274780273438 0.0306015014648438 0.0264511108398438 0.0845108032226563
0.0673294067382813 0.0084228515625 0.78662109375 -0.16253662109375
0.0236110687255859 -0.0205535888671875 0.56060791015625 -0.81439208984375
-0.029876708984375 -0.0245704650878906 -0.311279296875 -0.79388427734375
-0.0419845581054688 0.000812530517578134 -0.63323974609375 -0.16204833984375
-0.00832176208496094 0.0229339599609375 -0.46124267578125 0.200531005859375
0.0111761093139648 0.0119504928588867 -0.101715087890625 0.278564453125
0.00261878967285156 -0.0081934928894043 0.160476684570313 0.162429809570313
0.0150737762451172 -0.0128765106201172 -0.0881195068359375 -0.179718017578125
0.0251197814941406 0.0107631683349609 0.173721313476563 -0.251205444335938
0.0226840972900391 0.0203533172607422 0.465240478515625 -0.109283447265625
-0.00913429260253906 0.0158576965332031 0.57684326171875 0.313232421875
-0.0518379211425781 0.0128822326660156 0.11474609375 0.82208251953125
-0.00331878662109375 -0.0220775604248047 -0.5596923828125 0.802490234375
0.0396461486816406 -0.0157241821289063 -0.69989013671875 0.24249267578125
0.0648002624511719 0.0276641845703125 0.0227203369140625 0.0837249755859375
0.0597686767578125 0.00788116455078125 0.7796630859375 -0.1671142578125
0.017460823059082 -0.0163955688476563 0.54718017578125 -0.81884765625
-0.0311336517333984 -0.0173130035400391 -0.3231201171875 -0.7877197265625
-0.0373878479003906 0.00425338745117188 -0.6387939453125 -0.15704345703125
-0.00363922119140625 0.0216388702392578 -0.46502685546875 0.20648193359375
0.0156068801879883 0.00784111022949219 -0.103057861328125 0.28302001953125
0.00490951538085938 -0.0142412185668945 0.158355712890625 0.166885375976563
0.0164585113525391 -0.0183162689208984 -0.0901336669921875 -0.175033569335937
0.0300464630126953 0.00632667541503906 0.176132202148437 -0.249313354492188
0.0293693542480469 0.0168514251708984 0.463134765625 -0.1065673828125
-0.006591796875 0.0218544006347656 0.57318115234375 0.31927490234375
-0.0513763427734375 0.0218276977539063 0.1072998046875 0.827392578125
-0.0110712051391602 -0.0160989761352539 -0.57159423828125 0.80224609375
0.0312519073486328 -0.0145378112792969 -0.70306396484375 0.23834228515625
0.0574073791503906 0.0242462158203125 0.0242996215820312 0.0827789306640625
0.0508079528808594 0.00771713256835938 0.7783203125 -0.170166015625
0.0106849670410156 -0.00865077972412109 0.5406494140625 -0.82000732421875
-0.0330791473388672 -0.00705528259277343 -0.33355712890625 -0.78521728515625
-0.0308990478515625 0.0114002227783203 -0.64312744140625 -0.148681640625
0.00179481506347656 0.0222320556640625 -0.46197509765625 0.2113037109375
0.0218734741210938 0.00356864929199219 -0.10113525390625 0.284393310546875
0.00738525390625 -0.0172700881958008 0.1605224609375 0.169723510742188
0.0183830261230469 -0.0254344940185547 -0.0932159423828125 -0.175537109375
0.0369224548339844 0.001922607421875 0.177536010742188 -0.246871948242188
0.0363731384277344 0.0164337158203125 0.463287353515625 -0.103240966796875
-0.000488281250000002 0.0255374908447266 0.56951904296875 0.32275390625
-0.0541038513183594 0.0306053161621094 0.0985107421875 0.8270263671875
-0.0175743103027344 -0.00894546508789063 -0.580078125 0.8006591796875
0.0233783721923828 -0.0153522491455078 -0.70587158203125 0.2332763671875
0.05145263671875 0.0193214416503906 0.0285797119140625 0.0831680297851563
0.043914794921875 0.00872802734375 0.78125 -0.172607421875
0.00313878059387207 -0.00154709815979004 0.53570556640625 -0.8199462890625
-0.0334358215332031 0.00299263000488281 -0.33465576171875 -0.78131103515625
-0.0274715423583984 0.0152091979980469 -0.64044189453125 -0.14691162109375
0.00943374633789063 0.0213527679443359 -0.45977783203125 0.210906982421875
0.0298137664794922 -0.00195121765136719 -0.097930908203125 0.28594970703125
0.0100288391113281 -0.0237712860107422 0.161422729492188 0.171234130859375
0.0182132720947266 -0.0280284881591797 -0.0947723388671875 -0.175918579101563
0.0453681945800781 -0.00426483154296875 0.180496215820313 -0.250167846679688
0.0417709350585938 0.0135879516601563 0.465484619140625 -0.10565185546875
0.00362777709960938 0.0318870544433594 0.57366943359375 0.3238525390625
-0.0536956787109375 0.0419540405273438 0.10107421875 0.83123779296875
-0.0236396789550781 -0.00258445739746094 -0.5777587890625 0.80059814453125
0.0169277191162109 -0.0149078369140625 -0.7010498046875 0.23394775390625
0.0483283996582031 0.0171165466308594 0.034515380859375 0.0846939086914063
0.03802490234375 0.0056304931640625 0.7860107421875 -0.17596435546875
-0.00258922576904297 0.00467586517333984 0.53863525390625 -0.8238525390625
-0.0336875915527344 0.0122165679931641 -0.3363037109375 -0.781494140625
-0.0201492309570313 0.0182437896728516 -0.64129638671875 -0.14532470703125
0.0160655975341797 0.0197029113769531 -0.458404541015625 0.21014404296875
0.0360870361328125 -0.00527572631835938 -0.094696044921875 0.28399658203125
0.0108909606933594 -0.0262374877929688 0.164306640625 0.171783447265625
0.00469303131103516 -0.00711154937744141 -0.0940093994140625 -0.201171875
0.0233192443847656 0.0183238983154297 0.174758911132812 -0.273941040039063
0.0208015441894531 0.0208511352539063 0.481781005859375 -0.133544921875
-0.0147562026977539 0.0110321044921875 0.61346435546875 0.28338623046875
-0.0516853332519531 0.00646591186523438 0.16552734375 0.81414794921875
0.00477027893066406 -0.03021240234375 -0.51708984375 0.822021484375
0.0564002990722656 -0.0185508728027344 -0.67572021484375 0.2618408203125
0.0841293334960938 0.033538818359375 0.044952392578125 0.0898284912109375
0.0771636962890625 0.00762939453125 0.81573486328125 -0.169189453125
0.0290813446044922 -0.0211048126220703 0.5892333984375 -0.83807373046875
-0.0315189361572266 -0.0243587493896484 -0.3004150390625 -0.8172607421875
-0.0431404113769531 7.62939453125091E-05 -0.62982177734375 -0.17572021484375
-0.00730514526367188 0.0223922729492188 -0.459320068359375 0.193511962890625
0.0137453079223633 0.0151662826538086 -0.100006103515625 0.270492553710938
-0.00674533843994141 -0.00537109375 0.166610717773437 0.148056030273438
0.00645971298217773 -0.00562143325805664 -0.095367431640625 -0.197845458984375
0.0210456848144531 0.0193462371826172 0.171173095703125 -0.270797729492188
0.0168895721435547 0.0217933654785156 0.471405029296875 -0.130706787109375
-0.0176620483398438 0.00832366943359375 0.6064453125 0.2841796875
-0.0506591796875 0.00442886352539062 0.1580810546875 0.81231689453125
0.00546646118164062 -0.0338306427001953 -0.52325439453125 0.818359375
0.0566940307617188 -0.0193061828613281 -0.6827392578125 0.2598876953125
0.0837326049804688 0.0342864990234375 0.037689208984375 0.088348388671875
0.0768890380859375 0.00846099853515625 0.80645751953125 -0.1661376953125
0.0304603576660156 -0.0237483978271484 0.57830810546875 -0.8299560546875
-0.0305213928222656 -0.028045654296875 -0.30438232421875 -0.80706787109375
-0.0454368591308594 -0.000907897949218752 -0.6328125 -0.169677734375
-0.01043701171875 0.0230751037597656 -0.458343505859375 0.20355224609375
0.0120954513549805 0.0157661437988281 -0.0988006591796875 0.27703857421875
-0.00588130950927734 -0.00346803665161133 0.16619873046875 0.154647827148438
0.00895118713378906 -0.00727939605712891 -0.092437744140625 -0.191726684570312
0.0209465026855469 0.0174407958984375 0.172744750976562 -0.265411376953125
0.0159091949462891 0.0215187072753906 0.471099853515625 -0.124908447265625
-0.0172719955444336 0.00950431823730469 0.59991455078125 0.294189453125
-0.0501556396484375 0.00391387939453124 0.149169921875 0.8204345703125
0.00435066223144531 -0.0324592590332031 -0.53253173828125 0.823974609375
0.0535545349121094 -0.0189056396484375 -0.69036865234375 0.25787353515625
0.0796356201171875 0.03326416015625 0.0311203002929688 0.0864715576171875
0.0742263793945313 0.0089111328125 0.79864501953125 -0.17132568359375
0.0293235778808594 -0.0239448547363281 0.56658935546875 -0.83477783203125
-0.0301246643066406 -0.0271797180175781 -0.31634521484375 -0.8062744140625
-0.0467529296875 -0.00142669677734376 -0.6397705078125 -0.1640625
-0.0120716094970703 0.0233249664306641 -0.466033935546875 0.205474853515625
0.00896263122558594 0.0148077011108398 -0.101654052734375 0.279464721679688
-0.00198841094970703 -0.00527191162109375 0.163406372070313 0.156005859375
0.00998020172119141 -0.0107412338256836 -0.09368896484375 -0.18511962890625
0.0217819213867187 0.0132427215576172 0.169952392578125 -0.26190185546875
0.0195217132568359 0.0214595794677734 0.466766357421875 -0.120147705078125
-0.0152454376220703 0.0115289688110352 0.5899658203125 0.3011474609375
-0.0496978759765625 0.00773620605468749 0.1356201171875 0.82269287109375
0.00183868408203125 -0.0276374816894531 -0.54833984375 0.8172607421875
0.0468864440917969 -0.01678466796875 -0.696533203125 0.25555419921875
0.071380615234375 0.0300674438476563 0.0258331298828125 0.0845184326171875
0.0675582885742188 0.00811386108398438 0.79156494140625 -0.1715087890625
0.0246238708496094 -0.0204429626464844 0.556640625 -0.82891845703125
-0.0318126678466797 -0.0247173309326172 -0.32318115234375 -0.794921875
-0.0424232482910156 0.000999450683593751 -0.6441650390625 -0.15655517578125
-0.00906753540039063 0.0227870941162109 -0.464630126953125 0.21087646484375
0.0118398666381836 0.0128002166748047 -0.10003662109375 0.28350830078125
0.00135135650634766 -0.00884056091308594 0.165924072265625 0.162979125976563
0.0142612457275391 -0.013789176940918 -0.0919036865234375 -0.180694580078125
0.0241832733154297 0.00834465026855469 0.1741943359375 -0.254913330078125
0.0234813690185547 0.0199432373046875 0.468902587890625 -0.1173095703125
-0.0109491348266602 0.0154829025268555 0.5855712890625 0.3084716796875
-0.050445556640625 0.0137901306152344 0.1279296875 0.830810546875
-0.00500297546386719 -0.0216407775878906 -0.55615234375 0.81829833984375
0.038787841796875 -0.0153236389160156 -0.7034912109375 0.2523193359375
0.0638046264648438 0.0275993347167969 0.0233154296875 0.084228515625
0.0602264404296875 0.00792312622070312 0.7852783203125 -0.176513671875
0.0178470611572266 -0.0171413421630859 0.54534912109375 -0.83123779296875
-0.0327186584472656 -0.0167331695556641 -0.337646484375 -0.79193115234375
-0.0395469665527344 0.00563049316406251 -0.6490478515625 -0.14910888671875
-0.00506401062011719 0.0231399536132813 -0.468353271484375 0.213470458984375
0.0152835845947266 0.00812911987304688 -0.101409912109375 0.28668212890625
0.00376701354980469 -0.0134544372558594 0.16180419921875 0.1661376953125
0.0164890289306641 -0.0196342468261719 -0.092926025390625 -0.17730712890625
0.0305633544921875 0.00574493408203125 0.175430297851563 -0.254898071289063
0.0292301177978516 0.0173244476318359 0.46710205078125 -0.1136474609375
-0.005828857421875 0.0221290588378906 0.58355712890625 0.31488037109375
-0.0510711669921875 0.0232200622558594 0.12042236328125 0.83331298828125
-0.0104188919067383 -0.0147914886474609 -0.56610107421875 0.818603515625
0.02984619140625 -0.0147495269775391 -0.70635986328125 0.2469482421875
0.0556449890136719 0.0233268737792969 0.0245742797851563 0.0849227905273438
0.0515785217285156 0.00728988647460938 0.783935546875 -0.1802978515625
0.0104551315307617 -0.00826644897460937 0.5379638671875 -0.8330078125
-0.0321636199951172 -0.00504112243652343 -0.34326171875 -0.7862548828125
-0.0326976776123047 0.0109939575195313 -0.65081787109375 -0.1427001953125
0.00286865234375 0.0216217041015625 -0.464019775390625 0.219940185546875
0.0222682952880859 0.00336647033691406 -0.099151611328125 0.290771484375
0.00753021240234375 -0.0178604125976563 0.163482666015625 0.168441772460938
0.0187606811523438 -0.0254554748535156 -0.0951995849609375 -0.17706298828125
0.0389862060546875 0.00167083740234375 0.177383422851563 -0.254348754882813
0.0368881225585938 0.0144615173339844 0.466888427734375 -0.108856201171875
-0.00186538696289062 0.0266342163085938 0.579833984375 0.3194580078125
-0.0507469177246094 0.0342369079589844 0.11077880859375 0.83831787109375
-0.0178871154785156 -0.00799369812011719 -0.57464599609375 0.81201171875
0.0230579376220703 -0.0142154693603516 -0.70660400390625 0.24285888671875
0.0496292114257813 0.0201911926269531 0.0292892456054687 0.0848541259765625
0.0445823669433594 0.00708389282226563 0.78668212890625 -0.18292236328125
0.00207185745239258 -0.00306487083435059 0.5335693359375 -0.8345947265625
-0.0332450866699219 0.004425048828125 -0.3477783203125 -0.7841796875
-0.025726318359375 0.0145416259765625 -0.64892578125 -0.14080810546875
0.0105075836181641 0.0195083618164063 -0.46270751953125 0.2177734375
0.0273971557617188 -0.00162315368652344 -0.0947265625 0.2894287109375
0.00847434997558594 -0.0226650238037109 0.164352416992188 0.171356201171875
0.0191841125488281 -0.0292549133300781 -0.0990142822265625 -0.178680419921875
0.04437255859375 -0.00432968139648438 0.177001953125 -0.2562255859375
0.0435523986816406 0.0133285522460938 0.46893310546875 -0.11395263671875
0.00310134887695313 0.0316276550292969 0.5838623046875 0.32098388671875
-0.0530166625976563 0.0438499450683594 0.1136474609375 0.83892822265625
-0.0212860107421875 -0.00206375122070313 -0.57318115234375 0.81610107421875
0.0164394378662109 -0.0148963928222656 -0.705322265625 0.24359130859375
0.046234130859375 0.0167198181152344 0.034820556640625 0.0852432250976563
0.0403289794921875 0.00590133666992188 0.79150390625 -0.18585205078125
-0.00271129608154297 0.0041658878326416 0.534912109375 -0.8399658203125
-0.0343074798583984 0.0139636993408203 -0.34954833984375 -0.78533935546875
-0.0204868316650391 0.0193386077880859 -0.64862060546875 -0.1375732421875
0.0186996459960938 0.0190448760986328 -0.459075927734375 0.21832275390625
0.0360565185546875 -0.00690078735351563 -0.092864990234375 0.2889404296875
0.0104331970214844 -0.0256481170654297 0.165908813476562 0.16998291015625
0.00274181365966797 -0.00769948959350586 -0.097503662109375 -0.201080322265625
0.0248489379882812 0.0172557830810547 0.171630859375 -0.27880859375
0.0216789245605469 0.0195732116699219 0.482269287109375 -0.1435546875
-0.0165929794311523 0.0119409561157227 0.62225341796875 0.279052734375
-0.0502891540527344 0.00806045532226561 0.18023681640625 0.81915283203125
0.00617027282714843 -0.0304527282714844 -0.50885009765625 0.83734130859375
0.0582275390625 -0.0208473205566406 -0.67791748046875 0.27069091796875
0.0835647583007813 0.0326156616210937 0.0461502075195313 0.0902633666992188
0.0775375366210937 0.00757598876953125 0.819091796875 -0.17864990234375
0.0295200347900391 -0.0214691162109375 0.5836181640625 -0.85223388671875
-0.0317096710205078 -0.0239028930664062 -0.3143310546875 -0.82098388671875
-0.0444488525390625 0.0015106201171875 -0.6387939453125 -0.16973876953125
-0.006744384765625 0.0236225128173828 -0.4608154296875 0.204254150390625
0.0139074325561523 0.0163106918334961 -0.097412109375 0.27587890625
-0.00805377960205078 -0.00570964813232422 0.168304443359375 0.147308349609375
0.00470113754272461 -0.0080108642578125 -0.09869384765625 -0.200119018554687
0.0211677551269531 0.0171127319335938 0.16839599609375 -0.277191162109375
0.0174293518066406 0.0206413269042969 0.4749755859375 -0.1383056640625
-0.0172252655029297 0.00943756103515625 0.61578369140625 0.27667236328125
-0.0507087707519531 0.00428009033203125 0.1697998046875 0.8187255859375
0.00769424438476562 -0.0318660736083984 -0.51568603515625 0.8333740234375
0.0564384460449219 -0.0198593139648437 -0.6826171875 0.267822265625
0.0827255249023437 0.0326004028320312 0.0390853881835938 0.0883331298828125
0.0780410766601563 0.00830841064453125 0.8134765625 -0.17791748046875
0.031005859375 -0.0241546630859375 0.57421875 -0.8419189453125
-0.0313510894775391 -0.0279006958007813 -0.3173828125 -0.80914306640625
-0.0462150573730469 0.000301361083984384 -0.64178466796875 -0.16253662109375
-0.011444091796875 0.022216796875 -0.461517333984375 0.209320068359375
0.0113048553466797 0.016911506652832 -0.0965118408203125 0.280105590820313
-0.00635147094726562 -0.00402927398681641 0.17010498046875 0.154693603515625
0.00756931304931641 -0.00859832763671875 -0.0964813232421875 -0.19287109375
0.0185279846191406 0.0167617797851563 0.169204711914063 -0.270797729492188
0.0164566040039063 0.0217514038085938 0.47442626953125 -0.133544921875
-0.0172710418701172 0.00989532470703125 0.608642578125 0.28924560546875
-0.0508766174316406 0.00439834594726562 0.16204833984375 0.827880859375
0.00580596923828125 -0.0308513641357422 -0.52685546875 0.8380126953125
0.0531082153320312 -0.0191192626953125 -0.6932373046875 0.26904296875
0.080230712890625 0.031463623046875 0.0327529907226563 0.0871810913085938
0.074066162109375 0.0084228515625 0.8043212890625 -0.18157958984375
0.0294075012207031 -0.0235881805419922 0.56060791015625 -0.84857177734375
-0.0312938690185547 -0.0271968841552734 -0.329345703125 -0.80755615234375
-0.0474205017089844 -9.15527343749931E-05 -0.64862060546875 -0.15814208984375
-0.01239013671875 0.0238971710205078 -0.46917724609375 0.215423583984375
0.00987625122070313 0.0146780014038086 -0.0994873046875 0.2840576171875
-0.00395584106445312 -0.00509738922119141 0.166015625 0.1552734375
0.0095834732055664 -0.0125904083251953 -0.098419189453125 -0.186798095703125
0.0217914581298828 0.0144805908203125 0.168350219726563 -0.267669677734375
0.0181446075439453 0.01934814453125 0.46807861328125 -0.12860107421875
-0.015751838684082 0.0120019912719727 0.59716796875 0.2943115234375
-0.049530029296875 0.00871658325195313 0.1488037109375 0.83038330078125
0.00271224975585937 -0.0288257598876953 -0.5418701171875 0.83380126953125
0.0462265014648438 -0.0174484252929688 -0.70013427734375 0.2646484375
0.0714492797851563 0.0303192138671875 0.0269317626953125 0.0855636596679688
0.0690422058105469 0.00732421875 0.79742431640625 -0.180908203125
0.0240039825439453 -0.0201244354248047 0.55120849609375 -0.8421630859375
-0.0305690765380859 -0.0220527648925781 -0.338623046875 -0.7978515625
-0.0441703796386719 0.0028839111328125 -0.65081787109375 -0.14886474609375
-0.00810050964355469 0.0240039825439453 -0.46514892578125 0.219940185546875
0.0110483169555664 0.0122909545898438 -0.096588134765625 0.288970947265625
-0.00054168701171875 -0.0087742805480957 0.168930053710938 0.162322998046875
0.0125789642333984 -0.0150442123413086 -0.0944976806640625 -0.18157958984375
0.0243625640869141 0.00860595703125 0.1734619140625 -0.26123046875
0.0219764709472656 0.0188941955566406 0.469940185546875 -0.12396240234375
-0.0113706588745117 0.015594482421875 0.59442138671875 0.3033447265625
-0.0503044128417969 0.0159034729003906 0.14141845703125 0.83905029296875
-0.00212860107421875 -0.0230522155761719 -0.5491943359375 0.83697509765625
0.0384674072265625 -0.0171699523925781 -0.706298828125 0.26275634765625
0.0644111633300781 0.0277786254882813 0.02569580078125 0.0833740234375
0.0615081787109375 0.00671768188476563 0.79022216796875 -0.18768310546875
0.0184650421142578 -0.0169639587402344 0.53955078125 -0.8448486328125
-0.0322418212890625 -0.0141773223876953 -0.349853515625 -0.79510498046875
-0.0404167175292969 0.00549697875976563 -0.65728759765625 -0.14178466796875
-0.00415992736816406 0.0218238830566406 -0.467559814453125 0.224853515625
0.0147542953491211 0.00664520263671875 -0.0980224609375 0.29388427734375
0.00224685668945313 -0.0136528015136719 0.165191650390625 0.165130615234375
0.0150127410888672 -0.0220966339111328 -0.0970611572265625 -0.1787109375
0.0324573516845703 0.0037384033203125 0.172470092773438 -0.259933471679688
0.0295696258544922 0.0158977508544922 0.469329833984375 -0.119781494140625
-0.00629615783691406 0.02105712890625 0.59344482421875 0.3082275390625
-0.0509567260742188 0.0252799987792969 0.1318359375 0.8427734375
-0.00855731964111328 -0.0152759552001953 -0.5596923828125 0.83245849609375
0.0297889709472656 -0.0162277221679688 -0.70867919921875 0.2579345703125
0.05615234375 0.0248985290527344 0.0256881713867188 0.0844802856445313
0.052398681640625 0.00689697265625 0.7884521484375 -0.18902587890625
0.00998973846435547 -0.00831127166748047 0.5303955078125 -0.846435546875
-0.0334625244140625 -0.0044403076171875 -0.35736083984375 -0.788330078125
-0.0325279235839844 0.0118217468261719 -0.65777587890625 -0.133056640625
0.00327301025390625 0.0210742950439453 -0.466094970703125 0.227142333984375
0.0231647491455078 0.0020751953125 -0.095245361328125 0.294830322265625
0.0060882568359375 -0.0176944732666016 0.166610717773438 0.16748046875
0.0165157318115234 -0.0249900817871094 -0.0980072021484375 -0.177947998046875
0.0379104614257813 -0.0009765625 0.172134399414063 -0.26025390625
0.0375900268554688 0.0136146545410156 0.469390869140625 -0.12091064453125
-0.00173187255859375 0.0245189666748047 0.5892333984375 0.3150634765625
-0.0503349304199219 0.0355110168457031 0.12664794921875 0.8441162109375
-0.0165414810180664 -0.00874900817871094 -0.56756591796875 0.83062744140625
0.0237216949462891 -0.0150852203369141 -0.710205078125 0.2547607421875
0.0501823425292969 0.0200080871582031 0.0303421020507813 0.0853805541992188
0.0455474853515625 0.0076446533203125 0.79180908203125 -0.19232177734375
0.00295472145080566 0.000805854797363281 0.5279541015625 -0.84588623046875
-0.0342464447021484 0.0046234130859375 -0.36175537109375 -0.7852783203125
-0.0262794494628906 0.016326904296875 -0.65655517578125 -0.13092041015625
0.0115528106689453 0.0205135345458984 -0.464202880859375 0.22760009765625
0.0279407501220703 -0.00311470031738281 -0.092041015625 0.29644775390625
0.00681686401367188 -0.0227146148681641 0.166900634765625 0.170486450195313
0.0175914764404297 -0.0311069488525391 -0.102371215820312 -0.178146362304688
0.0449905395507813 -0.00647354125976562 0.175064086914063 -0.26092529296875
0.0433387756347656 0.011810302734375 0.471710205078125 -0.1231689453125
0.00303459167480469 0.0319271087646484 0.5931396484375 0.31561279296875
-0.0517425537109375 0.0458793640136719 0.1258544921875 0.84747314453125
-0.0201644897460938 -0.002044677734375 -0.56671142578125 0.83123779296875
0.0169353485107422 -0.0159006118774414 -0.71124267578125 0.2537841796875
0.0476760864257813 0.0166778564453125 0.03546142578125 0.085662841796875
0.0400543212890625 0.00603103637695312 0.79644775390625 -0.1976318359375
-0.00143623352050781 0.00611495971679688 0.5291748046875 -0.85321044921875
-0.0350265502929688 0.0148639678955078 -0.364013671875 -0.787353515625
-0.0206336975097656 0.0200901031494141 -0.6568603515625 -0.13189697265625
0.0181484222412109 0.0177707672119141 -0.460357666015625 0.227264404296875
0.0356292724609375 -0.00615692138671875 -0.088348388671875 0.2947998046875
0.00943183898925781 -0.0260734558105469 0.17071533203125 0.169692993164063
0.00209140777587891 -0.00803947448730469 -0.102569580078125 -0.201797485351563
0.0235233306884766 0.0154743194580078 0.168304443359375 -0.285247802734375
0.0217399597167969 0.0194549560546875 0.48419189453125 -0.15362548828125
-0.0167417526245117 0.0110025405883789 0.63189697265625 0.2677001953125
-0.0492744445800781 0.00934600830078125 0.19744873046875 0.8250732421875
0.00657081604003906 -0.0304336547851562 -0.49859619140625 0.851318359375
0.055084228515625 -0.0202369689941406 -0.67822265625 0.2835693359375
0.0857925415039063 0.0303497314453125 0.0467758178710938 0.0901260375976563
0.0778427124023437 0.0062408447265625 0.82244873046875 -0.19000244140625
0.0290069580078125 -0.0232086181640625 0.57464599609375 -0.86492919921875
-0.0336360931396484 -0.0221824645996094 -0.328125 -0.8199462890625
-0.0449104309082031 0.00433731079101563 -0.647705078125 -0.16094970703125
-0.00662422180175781 0.0232963562011719 -0.461456298828125 0.21337890625
0.0135564804077148 0.016204833984375 -0.0933074951171875 0.279617309570312
-0.00917816162109375 -0.00417518615722656 0.171646118164063 0.146224975585938
0.00542402267456055 -0.00751972198486328 -0.1015625 -0.199600219726563
0.0212268829345703 0.018310546875 0.164581298828125 -0.28265380859375
0.0179805755615234 0.0200729370117188 0.4761962890625 -0.148193359375
-0.0176372528076172 0.00856399536132812 0.62335205078125 0.2716064453125
-0.049530029296875 0.00710296630859376 0.18756103515625 0.82037353515625
0.00588035583496094 -0.0340747833251953 -0.50830078125 0.84619140625
0.0567893981933594 -0.0219573974609375 -0.6845703125 0.2803955078125
0.083831787109375 0.0320816040039063 0.0399627685546875 0.089599609375
0.0789718627929687 0.00759124755859375 0.81494140625 -0.18994140625
0.0302772521972656 -0.0253047943115234 0.56634521484375 -0.8592529296875
-0.0310821533203125 -0.02569580078125 -0.33270263671875 -0.80865478515625
-0.0486564636230469 0.00233459472656251 -0.64837646484375 -0.152099609375
-0.0106353759765625 0.0238838195800781 -0.4598388671875 0.220062255859375
0.0113735198974609 0.0179634094238281 -0.0921630859375 0.285980224609375
-0.00710153579711914 -0.00235128402709961 0.172454833984375 0.15228271484375
0.00768375396728516 -0.00723409652709961 -0.098388671875 -0.193389892578125
0.0193233489990234 0.0154590606689453 0.1671142578125 -0.275588989257813
0.0167388916015625 0.0197696685791016 0.476043701171875 -0.143585205078125
-0.0179805755615234 0.00988388061523438 0.61895751953125 0.28125
-0.0500144958496094 0.00623321533203125 0.1763916015625 0.83172607421875
0.00802040100097656 -0.0338096618652344 -0.5146484375 0.85345458984375
0.0528640747070313 -0.0189895629882813 -0.69293212890625 0.28033447265625
0.0797042846679688 0.0310516357421875 0.0343856811523438 0.0868759155273437
0.0749893188476563 0.00649261474609375 0.80609130859375 -0.1934814453125
0.029205322265625 -0.0250492095947266 0.55279541015625 -0.86090087890625
-0.0324687957763672 -0.0257091522216797 -0.34613037109375 -0.8084716796875
-0.0478935241699219 0.00226593017578124 -0.65576171875 -0.1485595703125
-0.0109577178955078 0.0245018005371094 -0.467498779296875 0.2249755859375
0.00923919677734375 0.0157976150512695 -0.095489501953125 0.288818359375
-0.00454187393188477 -0.0047149658203125 0.169708251953125 0.153915405273438
0.00895214080810547 -0.0120420455932617 -0.100936889648438 -0.188796997070313
0.0218944549560547 0.0135936737060547 0.164749145507813 -0.272994995117188
0.0174694061279297 0.0186576843261719 0.47137451171875 -0.1370849609375
-0.0159692764282227 0.0113315582275391 0.6080322265625 0.2874755859375
-0.0494155883789063 0.00841903686523437 0.1651611328125 0.8359375
0.00383949279785157 -0.0285568237304688 -0.53045654296875 0.848876953125
0.046051025390625 -0.0186843872070313 -0.70025634765625 0.27520751953125
0.073333740234375 0.0309371948242187 0.0291748046875 0.0848464965820313
0.0694198608398438 0.00654983520507813 0.79840087890625 -0.193359375
0.0255947113037109 -0.0202713012695313 0.5421142578125 -0.8525390625
-0.031768798828125 -0.0208187103271484 -0.35272216796875 -0.79925537109375
-0.043121337890625 0.00460052490234374 -0.658203125 -0.14019775390625
-0.0086822509765625 0.0224285125732422 -0.465606689453125 0.22998046875
0.0124883651733398 0.0114841461181641 -0.0926513671875 0.291534423828125
-0.00119686126708984 -0.00773382186889648 0.17205810546875 0.159042358398438
0.0130481719970703 -0.0187492370605469 -0.099578857421875 -0.183944702148438
0.0251998901367188 0.00743293762207031 0.1683349609375 -0.264999389648438
0.0228023529052734 0.0165996551513672 0.470916748046875 -0.134552001953125
-0.0117664337158203 0.0156288146972656 0.6025390625 0.29595947265625
-0.0497550964355469 0.0155982971191406 0.15753173828125 0.8424072265625
-0.00304412841796875 -0.0243186950683594 -0.53912353515625 0.8504638671875
0.0368804931640625 -0.0185661315917969 -0.70953369140625 0.27593994140625
0.0641899108886719 0.0263099670410156 0.0255584716796875 0.0847930908203125
0.0618057250976563 0.00935745239257813 0.79400634765625 -0.19879150390625
0.0175266265869141 -0.014251708984375 0.5279541015625 -0.85638427734375
-0.0329303741455078 -0.0139179229736328 -0.3646240234375 -0.7935791015625
-0.0373420715332031 0.00860595703125001 -0.66375732421875 -0.1326904296875
-0.00230216979980469 0.02264404296875 -0.468658447265625 0.23626708984375
0.0172386169433594 0.00818824768066406 -0.0963134765625 0.29620361328125
0.00170040130615234 -0.0149402618408203 0.169540405273438 0.1634521484375
0.0147819519042969 -0.0230445861816406 -0.102157592773437 -0.18023681640625
0.0305004119873047 0.00344657897949219 0.16876220703125 -0.264511108398438
0.0299339294433594 0.0160560607910156 0.468841552734375 -0.130889892578125
-0.00703048706054687 0.0208339691162109 0.59906005859375 0.30194091796875
-0.0489349365234375 0.0255355834960938 0.1478271484375 0.84710693359375
-0.00742721557617188 -0.0143985748291016 -0.5494384765625 0.84857177734375
0.029296875 -0.0166091918945313 -0.71051025390625 0.26983642578125
0.0573387145996094 0.0222434997558594 0.0281600952148438 0.0843582153320313
0.050933837890625 0.00653076171875 0.79180908203125 -0.20318603515625
0.0115442276000977 -0.00803565979003906 0.52105712890625 -0.859130859375
-0.0340900421142578 -0.00269699096679687 -0.371826171875 -0.7882080078125
-0.0317420959472656 0.0127220153808594 -0.6676025390625 -0.124755859375
0.004974365234375 0.0214462280273438 -0.465972900390625 0.238037109375
0.0229949951171875 0.0030670166015625 -0.090423583984375 0.298980712890625
0.00457572937011719 -0.0195045471191406 0.170822143554688 0.167205810546875
0.0157623291015625 -0.0276451110839844 -0.103256225585937 -0.179534912109375
0.0379753112792969 -0.00322723388671875 0.17108154296875 -0.263717651367187
0.0377922058105469 0.0132408142089844 0.47003173828125 -0.130340576171875
-0.00185775756835937 0.0266132354736328 0.5980224609375 0.30718994140625
-0.0497474670410156 0.036468505859375 0.14044189453125 0.8489990234375
-0.0153379440307617 -0.00767803192138672 -0.5574951171875 0.84771728515625
0.0211849212646484 -0.0160465240478516 -0.71221923828125 0.2669677734375
0.0509490966796875 0.0186614990234375 0.0318756103515625 0.0866851806640625
0.0447845458984375 0.00687408447265625 0.7926025390625 -0.204833984375
0.0040886402130127 0.000309228897094727 0.51763916015625 -0.856689453125
-0.0344734191894531 0.00775909423828125 -0.3770751953125 -0.78271484375
-0.0270843505859375 0.0173664093017578 -0.66558837890625 -0.12384033203125
0.011138916015625 0.0199356079101562 -0.462432861328125 0.240570068359375
0.0299911499023438 -0.00530433654785156 -0.0870361328125 0.301361083984375
0.00678634643554687 -0.0217704772949219 0.170913696289062 0.16839599609375
0.0160446166992188 -0.0321273803710938 -0.107284545898438 -0.177536010742187
0.0447845458984375 -0.00748443603515625 0.17291259765625 -0.266067504882813
0.0431556701660156 0.0107345581054688 0.4727783203125 -0.131591796875
0.00202560424804688 0.0318050384521484 0.60260009765625 0.3079833984375
-0.0502815246582031 0.0460166931152344 0.14154052734375 0.85107421875
-0.0185947418212891 -0.00143623352050781 -0.5594482421875 0.84716796875
0.0144987106323242 -0.0160512924194336 -0.711181640625 0.26666259765625
0.0474395751953125 0.0156288146972656 0.0363998413085937 0.0867233276367188
0.0410995483398438 0.0054473876953125 0.7989501953125 -0.2088623046875
-0.00265216827392578 0.00626754760742188 0.52197265625 -0.8631591796875
-0.035003662109375 0.0159854888916016 -0.3787841796875 -0.78607177734375
-0.0206050872802734 0.0214996337890625 -0.665283203125 -0.12213134765625
0.0185794830322266 0.0186309814453125 -0.45989990234375 0.237030029296875
0.0355186462402344 -0.00846099853515625 -0.085418701171875 0.297698974609375
0.0060882568359375 -0.0258560180664063 0.173294067382813 0.16864013671875
0.00131797790527344 -0.010009765625 -0.10723876953125 -0.2030029296875
0.0230350494384766 0.0153884887695313 0.16265869140625 -0.290069580078125
0.0206584930419922 0.019439697265625 0.484405517578125 -0.164703369140625
-0.017033576965332 0.0113534927368164 0.6397705078125 0.2591552734375
-0.0494575500488281 0.00988388061523437 0.21197509765625 0.82562255859375
0.00715827941894531 -0.0311298370361328 -0.48468017578125 0.86566162109375
0.0554275512695313 -0.0227775573730469 -0.677001953125 0.29376220703125
0.0843124389648437 0.0289535522460937 0.0492706298828125 0.0901718139648438
0.0794525146484375 0.00556182861328125 0.82562255859375 -0.20428466796875
0.02947998046875 -0.0234832763671875 0.56103515625 -0.87811279296875
-0.032562255859375 -0.0203056335449219 -0.34515380859375 -0.81878662109375
-0.0445022583007813 0.00473403930664063 -0.65338134765625 -0.150146484375
-0.00633621215820312 0.0237770080566406 -0.45965576171875 0.224578857421875
0.0135393142700195 0.0147867202758789 -0.088592529296875 0.28399658203125
-0.0106105804443359 -0.00372982025146484 0.174819946289063 0.142578125
0.00336647033691406 -0.00986480712890625 -0.106903076171875 -0.198959350585937
0.0193099975585938 0.0156078338623047 0.159942626953125 -0.288543701171875
0.0185070037841797 0.0188865661621094 0.47491455078125 -0.1607666015625
-0.0199203491210938 0.0100994110107422 0.63275146484375 0.26104736328125
-0.049163818359375 0.00713729858398438 0.203125 0.8250732421875
0.00846672058105469 -0.0335292816162109 -0.491943359375 0.85968017578125
0.0543861389160156 -0.0206642150878906 -0.68280029296875 0.29217529296875
0.0824203491210938 0.0299530029296875 0.0415573120117188 0.087860107421875
0.0802230834960937 0.00617218017578125 0.8160400390625 -0.20001220703125
0.0307674407958984 -0.0247955322265625 0.55462646484375 -0.8682861328125
-0.0322704315185547 -0.0244083404541016 -0.3480224609375 -0.80828857421875
-0.0479469299316406 0.00249862670898438 -0.6551513671875 -0.14306640625
-0.00988197326660156 0.0243492126464844 -0.46026611328125 0.2294921875
0.0118446350097656 0.0158529281616211 -0.088104248046875 0.29052734375
-0.00961780548095703 -0.00309371948242187 0.176681518554688 0.150177001953125
0.00594139099121094 -0.0100860595703125 -0.104141235351563 -0.19403076171875
0.0194549560546875 0.0153102874755859 0.162551879882813 -0.2806396484375
0.0159950256347656 0.0190601348876953 0.475006103515625 -0.15386962890625
-0.0185985565185547 0.00959205627441406 0.625732421875 0.27325439453125
-0.0489044189453125 0.00577163696289064 0.19384765625 0.83587646484375
0.00716590881347656 -0.0321807861328125 -0.50347900390625 0.8690185546875
0.0513267517089844 -0.0215187072753906 -0.69342041015625 0.29302978515625
0.0803070068359375 0.0309219360351563 0.0344390869140625 0.0871734619140625
0.075714111328125 0.00627899169921875 0.8077392578125 -0.20611572265625
0.0282249450683594 -0.0249443054199219 0.5411376953125 -0.87249755859375
-0.0327606201171875 -0.0231132507324219 -0.3614501953125 -0.80511474609375
-0.0466575622558594 0.00238800048828124 -0.6619873046875 -0.13665771484375
-0.0106830596923828 0.0239982604980469 -0.46661376953125 0.235198974609375
0.00968837738037109 0.0142097473144531 -0.0908203125 0.292633056640625
-0.00574302673339844 -0.00519847869873047 0.172744750976563 0.152297973632813
0.00815773010253906 -0.014988899230957 -0.10479736328125 -0.18914794921875
0.0211181640625 0.0111293792724609 0.161331176757813 -0.277679443359375
0.0175018310546875 0.0188102722167969 0.47137451171875 -0.14794921875
-0.0157527923583984 0.0121021270751953 0.6142578125 0.279052734375
-0.0483970642089844 0.0113563537597656 0.1795654296875 0.8375244140625
0.00421142578125 -0.0298004150390625 -0.5186767578125 0.86260986328125
0.045654296875 -0.0197029113769531 -0.70208740234375 0.2886962890625
0.0714797973632813 0.0285491943359375 0.030609130859375 0.0856094360351563
0.0708160400390625 0.0064239501953125 0.80059814453125 -0.20550537109375
0.0245857238769531 -0.0218944549560547 0.53265380859375 -0.866943359375
-0.0332107543945312 -0.0191383361816406 -0.36773681640625 -0.79571533203125
-0.0439300537109375 0.00577163696289063 -0.66455078125 -0.12847900390625
-0.00797653198242188 0.0224552154541016 -0.463775634765625 0.239013671875
0.0119304656982422 0.0121135711669922 -0.0888671875 0.297515869140625
-0.00172996520996094 -0.00732851028442383 0.175018310546875 0.1575927734375
0.0112094879150391 -0.0166778564453125 -0.103225708007812 -0.182205200195312
0.0243301391601563 0.00751304626464844 0.164627075195313 -0.270492553710938
0.0220661163330078 0.0175209045410156 0.472320556640625 -0.145111083984375
-0.0113716125488281 0.0160608291625977 0.6109619140625 0.28790283203125
-0.0467185974121094 0.0181159973144531 0.17364501953125 0.84368896484375
-0.0008087158203125 -0.0227890014648437 -0.527587890625 0.86328125
0.0363388061523438 -0.0179023742675781 -0.70745849609375 0.285888671875
0.0636177062988281 0.0246429443359375 0.0273895263671875 0.085205078125
0.0621795654296875 0.00534439086914063 0.79376220703125 -0.21087646484375
0.0177707672119141 -0.0135936737060547 0.5181884765625 -0.87127685546875
-0.0331344604492188 -0.0126800537109375 -0.37847900390625 -0.79205322265625
-0.0393600463867187 0.00920867919921875 -0.66796875 -0.1204833984375
-0.00339126586914062 0.0217819213867188 -0.46734619140625 0.243072509765625
0.0147504806518555 0.00679397583007812 -0.089508056640625 0.300384521484375
0.00104045867919922 -0.0129270553588867 0.171783447265625 0.162124633789063
0.0148162841796875 -0.0235366821289063 -0.105270385742188 -0.179443359375
0.0305919647216797 0.00202560424804688 0.164932250976563 -0.269241333007813
0.0288410186767578 0.0149116516113281 0.469757080078125 -0.14288330078125
-0.00630378723144531 0.0209541320800781 0.60858154296875 0.2928466796875
-0.0489158630371094 0.026947021484375 0.1644287109375 0.84832763671875
-0.00728225708007813 -0.016143798828125 -0.53814697265625 0.8612060546875
0.0273532867431641 -0.0172214508056641 -0.7109375 0.2825927734375
0.0565757751464844 0.0217514038085938 0.0291595458984375 0.0841445922851563
0.054107666015625 0.00556564331054688 0.79132080078125 -0.21417236328125
0.0105524063110352 -0.00742053985595703 0.5086669921875 -0.8719482421875
-0.0332679748535156 -0.00256347656250001 -0.389404296875 -0.7867431640625
-0.0332832336425781 0.0141582489013672 -0.67340087890625 -0.11492919921875
0.00507545471191406 0.0220870971679688 -0.464202880859375 0.247467041015625
0.0210609436035156 0.000726699829101562 -0.085723876953125 0.3023681640625
0.00295448303222656 -0.0163993835449219 0.17462158203125 0.16485595703125
0.0144615173339844 -0.0284194946289063 -0.107833862304688 -0.178390502929687
0.0366630554199219 -0.00434112548828125 0.165206909179688 -0.269073486328125
0.036285400390625 0.0121879577636719 0.468841552734375 -0.139251708984375
-0.00205230712890625 0.027069091796875 0.60614013671875 0.2991943359375
-0.0499649047851563 0.0377120971679688 0.156494140625 0.85247802734375
-0.0136451721191406 -0.0065603256225586 -0.5443115234375 0.85906982421875
0.0209083557128906 -0.0155162811279297 -0.713623046875 0.277099609375
0.0508079528808594 0.0187721252441406 0.0323104858398438 0.08331298828125
0.0458869934082031 0.0061492919921875 0.793701171875 -0.21661376953125
0.00465202331542969 -0.00075674057006836 0.50701904296875 -0.870361328125
-0.0338592529296875 0.00919723510742188 -0.392578125 -0.78094482421875
-0.0268478393554688 0.0184211730957031 -0.67279052734375 -0.1116943359375
0.0115165710449219 0.0195579528808594 -0.460845947265625 0.248687744140625
0.0285015106201172 -0.00413131713867187 -0.083892822265625 0.30377197265625
0.00592041015625 -0.022705078125 0.175125122070313 0.167495727539062
0.0140171051025391 -0.0323104858398438 -0.110000610351563 -0.177978515625
0.043853759765625 -0.00821685791015625 0.168975830078125 -0.271270751953125
0.0438461303710938 0.00955581665039063 0.47210693359375 -0.141937255859375
0.00230979919433594 0.030914306640625 0.60821533203125 0.29876708984375
-0.0486984252929687 0.0470809936523438 0.1575927734375 0.855712890625
-0.0183315277099609 -0.00142288208007813 -0.5447998046875 0.861572265625
0.0136470794677734 -0.0172891616821289 -0.7088623046875 0.27825927734375
0.0471343994140625 0.014434814453125 0.03729248046875 0.0854263305664063
0.0397491455078125 0.00452804565429688 0.79962158203125 -0.22247314453125
-0.00133180618286133 0.00605249404907227 0.50921630859375 -0.87677001953125
-0.0338191986083984 0.0178508758544922 -0.39251708984375 -0.78375244140625
-0.0209064483642578 0.0227718353271484 -0.66937255859375 -0.1107177734375
0.018890380859375 0.017913818359375 -0.459442138671875 0.2484130859375
0.0364418029785156 -0.009368896484375 -0.0802001953125 0.301605224609375
0.0052642822265625 -0.0257778167724609 0.177169799804687 0.1650390625
-0.00130748748779297 -0.00998306274414063 -0.110305786132813 -0.20361328125
0.0234088897705078 0.015380859375 0.15863037109375 -0.29400634765625
0.0193557739257813 0.0172290802001953 0.482391357421875 -0.174224853515625
-0.0182819366455078 0.0116233825683594 0.64697265625 0.24908447265625
-0.0490264892578125 0.0100898742675781 0.22821044921875 0.8251953125
0.00868415832519531 -0.0321998596191406 -0.4693603515625 0.8768310546875
0.0540008544921875 -0.024871826171875 -0.67431640625 0.30828857421875
0.0844802856445313 0.0283660888671875 0.0512313842773438 0.0885162353515625
0.0792465209960938 0.0047149658203125 0.82318115234375 -0.21746826171875
0.0293712615966797 -0.0232315063476563 0.54986572265625 -0.8883056640625
-0.0330905914306641 -0.0186100006103516 -0.36041259765625 -0.81658935546875
-0.04583740234375 0.00511169433593749 -0.6583251953125 -0.13800048828125
-0.0058746337890625 0.0232620239257813 -0.457916259765625 0.235504150390625
0.0144729614257812 0.0148820877075195 -0.084564208984375 0.286346435546875
-0.0109996795654297 -0.00292778015136719 0.177719116210938 0.140731811523438
0.00201320648193359 -0.0100469589233398 -0.112274169921875 -0.20025634765625
0.0200309753417969 0.0161933898925781 0.154571533203125 -0.292022705078125
0.0176353454589844 0.0186405181884766 0.473419189453125 -0.170257568359375
-0.0189685821533203 0.00894927978515625 0.63787841796875 0.2496337890625
-0.0478591918945313 0.00929641723632813 0.21966552734375 0.824951171875
0.0102920532226563 -0.0340080261230469 -0.4803466796875 0.87103271484375
0.05322265625 -0.0231590270996094 -0.67999267578125 0.3050537109375
0.08294677734375 0.0279769897460938 0.0433197021484375 0.0880508422851562
0.0793914794921875 0.00312042236328125 0.81256103515625 -0.214599609375
0.0302524566650391 -0.0246620178222656 0.540283203125 -0.8795166015625
-0.0338096618652344 -0.0216331481933594 -0.3626708984375 -0.80291748046875
-0.0474052429199219 0.00434112548828126 -0.65985107421875 -0.13189697265625
-0.009368896484375 0.0230026245117188 -0.456329345703125 0.241607666015625
0.0114145278930664 0.0151023864746094 -0.083892822265625 0.29241943359375
-0.0107107162475586 -0.00211048126220703 0.177932739257813 0.148284912109375
0.00556755065917969 -0.01104736328125 -0.108444213867187 -0.193527221679688
0.0178356170654297 0.013427734375 0.157318115234375 -0.28546142578125
0.0161476135253906 0.0190639495849609 0.475067138671875 -0.163604736328125
-0.0195446014404297 0.00980949401855469 0.6312255859375 0.26104736328125
-0.0470924377441406 0.0072784423828125 0.21124267578125 0.83355712890625
0.0092315673828125 -0.0340976715087891 -0.48663330078125 0.87835693359375
0.050750732421875 -0.0226058959960938 -0.68975830078125 0.306884765625
0.0800323486328125 0.0276031494140625 0.0362701416015625 0.0868377685546875
0.07659912109375 0.0051422119140625 0.80645751953125 -0.219482421875
0.0290145874023438 -0.0250644683837891 0.52777099609375 -0.884033203125
-0.0324306488037109 -0.0225505828857422 -0.37713623046875 -0.801025390625
-0.0473442077636719 0.00489807128906251 -0.66534423828125 -0.12469482421875
-0.00961494445800781 0.0243797302246094 -0.46282958984375 0.245635986328125
0.0109691619873047 0.0128326416015625 -0.085784912109375 0.295745849609375
-0.0058445930480957 -0.00539398193359375 0.176071166992188 0.148681640625
0.00796985626220703 -0.0151557922363281 -0.1099853515625 -0.1868896484375
0.0205707550048828 0.0100650787353516 0.156280517578125 -0.28302001953125
0.0184249877929688 0.0172138214111328 0.469390869140625 -0.158203125
-0.0167436599731445 0.0133981704711914 0.6224365234375 0.267822265625
-0.0471229553222656 0.0107765197753906 0.19598388671875 0.837890625
0.00552940368652344 -0.0299167633056641 -0.5029296875 0.8741455078125
0.0431137084960938 -0.0199966430664063 -0.69598388671875 0.2996826171875
0.072540283203125 0.0262222290039063 0.0319976806640625 0.0855560302734375
0.070953369140625 0.0044097900390625 0.79840087890625 -0.21905517578125
0.0255889892578125 -0.0220298767089844 0.517578125 -0.8773193359375
-0.0317401885986328 -0.0172386169433594 -0.3818359375 -0.79150390625
-0.0436859130859375 0.00693511962890626 -0.66943359375 -0.11669921875
-0.00760459899902344 0.0243396759033203 -0.461334228515625 0.249237060546875
0.0131654739379883 0.0110311508178711 -0.0830078125 0.300140380859375
-0.00490474700927734 -0.00811195373535156 0.177902221679687 0.154876708984375
0.0103893280029297 -0.0191802978515625 -0.107925415039062 -0.183853149414063
0.0233249664306641 0.00677871704101563 0.159622192382813 -0.277618408203125
0.0233993530273438 0.0163974761962891 0.46929931640625 -0.15472412109375
-0.0123319625854492 0.0152454376220703 0.61865234375 0.27728271484375
-0.0477409362792969 0.0184745788574219 0.191162109375 0.8441162109375
-0.000782012939453122 -0.0239086151123047 -0.51177978515625 0.875244140625
0.0347061157226563 -0.0199012756347656 -0.70477294921875 0.30078125
0.0648384094238281 0.0241165161132813 0.029266357421875 0.08404541015625
0.0629234313964844 0.0057373046875 0.79254150390625 -0.2235107421875
0.0182838439941406 -0.0161399841308594 0.50341796875 -0.8807373046875
-0.0341758728027344 -0.0105571746826172 -0.3953857421875 -0.78619384765625
-0.0385589599609375 0.0100746154785156 -0.67327880859375 -0.110107421875
-0.00265884399414062 0.0231685638427734 -0.461578369140625 0.253692626953125
0.0144977569580078 0.00638294219970703 -0.083526611328125 0.305328369140625
-0.000638961791992188 -0.0119695663452148 0.175125122070313 0.156295776367188
0.0126991271972656 -0.0251846313476563 -0.109298706054688 -0.179885864257812
0.0295696258544922 0.0009002685546875 0.16119384765625 -0.27532958984375
0.0292854309082031 0.0143260955810547 0.46905517578125 -0.152099609375
-0.00767135620117187 0.0202274322509766 0.615478515625 0.283447265625
-0.0470695495605469 0.0279579162597656 0.18048095703125 0.8521728515625
-0.00597858428955078 -0.0168542861938477 -0.52276611328125 0.87615966796875
0.0262584686279297 -0.0185527801513672 -0.7086181640625 0.29541015625
0.0568199157714844 0.0203666687011719 0.0301589965820313 0.083984375
0.0543594360351563 0.00367355346679688 0.79034423828125 -0.22686767578125
0.0111837387084961 -0.00739669799804688 0.4976806640625 -0.8819580078125
-0.0338172912597656 -0.000354766845703128 -0.40521240234375 -0.78106689453125
-0.0333576202392578 0.0137710571289062 -0.67803955078125 -0.10174560546875
0.00484657287597656 0.0214500427246094 -0.462677001953125 0.259033203125
0.02239990234375 0.00102615356445313 -0.081207275390625 0.305633544921875
0.00165748596191406 -0.0183353424072266 0.176254272460938 0.162429809570313
0.0124797821044922 -0.0292339324951172 -0.111175537109375 -0.178802490234375
0.036834716796875 -0.00503158569335938 0.162078857421875 -0.274658203125
0.03594970703125 0.0110282897949219 0.469329833984375 -0.15142822265625
-0.00342750549316406 0.0262069702148437 0.61370849609375 0.28778076171875
-0.0493812561035156 0.0381851196289063 0.17333984375 0.85369873046875
-0.0122756958007813 -0.00692844390869141 -0.53033447265625 0.87200927734375
0.0191917419433594 -0.0172061920166016 -0.70751953125 0.2908935546875
0.0494651794433594 0.0178604125976562 0.0333328247070313 0.084991455078125
0.0466117858886719 0.00606918334960937 0.7928466796875 -0.229736328125
0.00485134124755859 -0.000223636627197266 0.4931640625 -0.87890625
-0.0345115661621094 0.00966835021972657 -0.40728759765625 -0.77728271484375
-0.0241527557373047 0.0188941955566406 -0.675048828125 -0.0986938476562499
0.0122013092041016 0.0185794830322266 -0.458160400390625 0.259979248046875
0.0297069549560547 -0.00358963012695312 -0.07647705078125 0.30657958984375
0.00315666198730469 -0.0230770111083984 0.179183959960938 0.164108276367188
0.0123291015625 -0.0334415435791016 -0.1146240234375 -0.1778564453125
0.0423851013183594 -0.00991058349609375 0.163421630859375 -0.276077270507813
0.0422439575195313 0.00838851928710938 0.470703125 -0.151947021484375
0.00289344787597656 0.0314254760742188 0.61669921875 0.2894287109375
-0.0480804443359375 0.0489501953125 0.176025390625 0.8560791015625
-0.0163908004760742 -0.000773429870605469 -0.53118896484375 0.87274169921875
0.01336669921875 -0.0169715881347656 -0.7086181640625 0.2900390625
0.0467720031738281 0.0143775939941406 0.0395584106445313 0.0852508544921875
0.0414810180664063 0.00481414794921875 0.7982177734375 -0.2357177734375
-0.00112295150756836 0.00623178482055664 0.49310302734375 -0.8865966796875
-0.0333995819091797 0.0200748443603516 -0.41021728515625 -0.7806396484375
-0.0208301544189453 0.0244274139404297 -0.67474365234375 -0.0984497070312501
0.0190830230712891 0.0172805786132813 -0.457855224609375 0.257354736328125
0.0353507995605469 -0.00925445556640625 -0.0748291015625 0.304290771484375
0.00420379638671875 -0.0271663665771484 0.179779052734375 0.163055419921875
-0.000640869140624999 -0.00991249084472656 -0.116455078125 -0.20196533203125
0.0232353210449219 0.0130443572998047 0.15362548828125 -0.297943115234375
0.0218009948730469 0.0173816680908203 0.478363037109375 -0.18463134765625
-0.0182895660400391 0.0120887756347656 0.65191650390625 0.2371826171875
-0.0482749938964844 0.0119285583496094 0.24603271484375 0.8226318359375
0.00969696044921875 -0.0322113037109375 -0.45269775390625 0.88525390625
0.0530967712402344 -0.0239677429199219 -0.66912841796875 0.31768798828125
0.0843505859375 0.0259246826171875 0.0513076782226563 0.0887985229492187
0.07958984375 0.00312042236328125 0.821533203125 -0.23333740234375
0.0302715301513672 -0.0226364135742188 0.53350830078125 -0.8978271484375
-0.0330390930175781 -0.0177268981933594 -0.37530517578125 -0.80963134765625
-0.0444564819335937 0.00604629516601563 -0.65948486328125 -0.1248779296875
-0.00536346435546875 0.0240211486816406 -0.4534912109375 0.24493408203125
0.0136451721191406 0.0134878158569336 -0.079833984375 0.28948974609375
-0.0126914978027344 -0.00316524505615235 0.179443359375 0.135940551757812
0.00107192993164063 -0.0110836029052734 -0.11651611328125 -0.198562622070313
0.01910400390625 0.0151195526123047 0.14874267578125 -0.29620361328125
0.0173006057739258 0.0162734985351563 0.47021484375 -0.1800537109375
-0.0194644927978516 0.009124755859375 0.6434326171875 0.23876953125
-0.0467681884765625 0.00756454467773437 0.23699951171875 0.8223876953125
0.00970077514648438 -0.0346641540527344 -0.4609375 0.88134765625
0.05230712890625 -0.0245094299316406 -0.6759033203125 0.31597900390625
0.083221435546875 0.0268096923828125 0.044921875 0.0865478515625
0.0804672241210938 0.00293731689453125 0.808837890625 -0.22698974609375
0.0313014984130859 -0.024505615234375 0.5257568359375 -0.88818359375
-0.0337905883789063 -0.0217952728271484 -0.37957763671875 -0.79638671875
-0.0478172302246094 0.00548934936523438 -0.66400146484375 -0.1187744140625
-0.00946044921875 0.0236473083496094 -0.4532470703125 0.25079345703125
0.0116844177246094 0.0150566101074219 -0.077301025390625 0.294403076171875
-0.0112133026123047 -0.0017232894897461 0.181854248046875 0.143142700195313
0.00397586822509766 -0.00969791412353515 -0.111465454101563 -0.1932373046875
0.0179290771484375 0.014007568359375 0.1522216796875 -0.289886474609375
0.0157909393310547 0.0183448791503906 0.4716796875 -0.174407958984375
-0.0190467834472656 0.00933456420898438 0.6383056640625 0.24859619140625
-0.0478057861328125 0.00848007202148437 0.2276611328125 0.8309326171875
0.00962448120117188 -0.0342388153076172 -0.47076416015625 0.888671875
0.0491065979003906 -0.022918701171875 -0.68487548828125 0.31732177734375
0.079437255859375 0.0271377563476563 0.0384063720703125 0.0860824584960938
0.0764923095703125 0.00279998779296875 0.802490234375 -0.2314453125
0.0296115875244141 -0.0241432189941406 0.51287841796875 -0.8922119140625
-0.0328140258789063 -0.02166748046875 -0.39141845703125 -0.79461669921875
-0.0473060607910156 0.00662231445312499 -0.6707763671875 -0.11285400390625
-0.00865936279296875 0.0256137847900391 -0.4586181640625 0.255706787109375
0.0097503662109375 0.0145444869995117 -0.08062744140625 0.298675537109375
-0.00868368148803711 -0.0045771598815918 0.178497314453125 0.144790649414063
0.0054330825805664 -0.0159187316894531 -0.113494873046875 -0.18817138671875
0.0200614929199219 0.00946426391601563 0.149688720703125 -0.28631591796875
0.0193004608154297 0.0172386169433594 0.46551513671875 -0.167236328125
-0.018463134765625 0.0118618011474609 0.62847900390625 0.25616455078125
-0.0469627380371094 0.0127983093261719 0.21380615234375 0.8350830078125
0.00592422485351562 -0.0301685333251953 -0.48504638671875 0.88641357421875
0.0422744750976562 -0.0213546752929687 -0.69146728515625 0.31146240234375
0.0714797973632813 0.0244522094726563 0.03338623046875 0.0842208862304687
0.0708236694335937 0.0039825439453125 0.79583740234375 -0.2303466796875
0.0250358581542969 -0.0222702026367188 0.50311279296875 -0.8856201171875
-0.0333251953125 -0.0177688598632813 -0.39703369140625 -0.7838134765625
-0.0431709289550781 0.00828170776367188 -0.67169189453125 -0.10284423828125
-0.00609588623046875 0.0233440399169922 -0.45794677734375 0.259857177734375
0.011505126953125 0.0100326538085938 -0.0780029296875 0.302764892578125
-0.00464868545532226 -0.00732278823852539 0.17950439453125 0.1529541015625
0.00939178466796875 -0.0195598602294922 -0.111495971679687 -0.18365478515625
0.0223617553710938 0.00588417053222656 0.153030395507813 -0.280029296875
0.0230064392089844 0.015289306640625 0.465240478515625 -0.163848876953125
-0.0133895874023437 0.0161933898925781 0.6260986328125 0.26605224609375
-0.0470466613769531 0.0197257995605469 0.2071533203125 0.84222412109375
0.00169563293457031 -0.0236034393310547 -0.49505615234375 0.88726806640625
0.0330562591552734 -0.0202598571777344 -0.70074462890625 0.30963134765625
0.0634956359863281 0.0217247009277344 0.0306549072265625 0.0825958251953125
0.0615501403808594 0.00518798828125 0.7882080078125 -0.2388916015625
0.0174264907836914 -0.015106201171875 0.49053955078125 -0.88897705078125
-0.0335597991943359 -0.00944900512695312 -0.4093017578125 -0.779052734375
-0.0398597717285156 0.0129203796386719 -0.6781005859375 -0.0958251953124999
-0.00185585021972656 0.0237369537353516 -0.4588623046875 0.26495361328125
0.0151500701904297 0.00577259063720703 -0.07861328125 0.30718994140625
-0.000555992126464844 -0.0121908187866211 0.178695678710938 0.15582275390625
0.0091400146484375 -0.0242042541503906 -0.11285400390625 -0.178298950195312
0.0291614532470703 0.000993728637695313 0.156112670898438 -0.278564453125
0.0287113189697266 0.0129871368408203 0.4659423828125 -0.1602783203125
-0.00792503356933594 0.0214328765869141 0.6219482421875 0.27130126953125
-0.0455169677734375 0.0305099487304687 0.19891357421875 0.84906005859375
-0.00387382507324219 -0.016087532043457 -0.5052490234375 0.88616943359375
0.0248928070068359 -0.0185680389404297 -0.7032470703125 0.3062744140625
0.0555801391601562 0.0189247131347656 0.032135009765625 0.082733154296875
0.0519485473632813 0.00413131713867188 0.7869873046875 -0.2410888671875
0.012542724609375 -0.00794124603271484 0.483642578125 -0.889404296875
-0.0334510803222656 0.00138664245605469 -0.4178466796875 -0.7738037109375
-0.0314292907714844 0.0155162811279297 -0.67919921875 -0.0881958007812502
0.0051727294921875 0.0212631225585938 -0.4576416015625 0.268768310546875
0.0213642120361328 -0.000518798828125 -0.075897216796875 0.30853271484375
0.000140190124511718 -0.0158061981201172 0.178970336914063 0.159774780273438
0.0116672515869141 -0.0300960540771484 -0.116775512695313 -0.176971435546875
0.0354042053222656 -0.0060882568359375 0.15789794921875 -0.279083251953125
0.0359725952148438 0.0109100341796875 0.46661376953125 -0.158538818359375
-0.00162315368652344 0.0271759033203125 0.61968994140625 0.278076171875
-0.0465965270996094 0.0395469665527344 0.19097900390625 0.85186767578125
-0.0118579864501953 -0.00947761535644531 -0.51300048828125 0.8824462890625
0.0179367065429688 -0.0163059234619141 -0.703857421875 0.3023681640625
0.0484046936035156 0.0167007446289063 0.0358047485351562 0.0846633911132813
0.0471343994140625 0.00458908081054688 0.7886962890625 -0.24273681640625
0.00547409057617188 -0.000353336334228516 0.478515625 -0.88946533203125
-0.03387451171875 0.0116596221923828 -0.42266845703125 -0.7701416015625
-0.0256748199462891 0.0204181671142578 -0.6759033203125 -0.0856933593750001
0.0120010375976563 0.0183296203613281 -0.4561767578125 0.268310546875
0.0287685394287109 -0.00581169128417969 -0.07110595703125 0.30889892578125
0.00312423706054687 -0.0220279693603516 0.180419921875 0.161392211914063
0.0111904144287109 -0.0344333648681641 -0.118606567382813 -0.17694091796875
0.0420761108398438 -0.0119743347167969 0.158187866210937 -0.280532836914063
0.0426445007324219 0.00753402709960937 0.46856689453125 -0.162078857421875
0.00241470336914062 0.0306854248046875 0.623291015625 0.2779541015625
-0.0457801818847656 0.0503463745117188 0.1923828125 0.85394287109375
-0.0146341323852539 -0.00123310089111328 -0.51470947265625 0.8848876953125
0.0121040344238281 -0.0173025131225586 -0.7017822265625 0.30279541015625
0.045196533203125 0.0134544372558594 0.040618896484375 0.0846481323242188
0.040313720703125 0.00365829467773438 0.79583740234375 -0.25
-0.000625133514404297 0.00703001022338867 0.479248046875 -0.89447021484375
-0.0340919494628906 0.0208930969238281 -0.42230224609375 -0.770263671875
-0.0199489593505859 0.0244827270507813 -0.6773681640625 -0.0858764648437501
0.0197200775146484 0.0169029235839844 -0.453033447265625 0.268035888671875
0.0347194671630859 -0.00996780395507813 -0.069061279296875 0.306396484375
0.00343132019042969 -0.0255298614501953 0.18206787109375 0.160369873046875
-0.0032806396484375 -0.0105428695678711 -0.1190185546875 -0.2012939453125
0.0224075317382813 0.0123424530029297 0.146728515625 -0.301483154296875
0.0203113555908203 0.0153312683105469 0.474578857421875 -0.1953125
-0.0187530517578125 0.0119342803955078 0.65380859375 0.2244873046875
-0.0456695556640625 0.0129432678222656 0.261962890625 0.81658935546875
0.0094757080078125 -0.0336494445800781 -0.4373779296875 0.8939208984375
0.0516166687011719 -0.0250244140625 -0.66290283203125 0.3299560546875
0.0822982788085938 0.0243682861328125 0.0524063110351563 0.0857315063476563
0.0790481567382813 0.001556396484375 0.814208984375 -0.244873046875
0.0304126739501953 -0.022674560546875 0.517578125 -0.90582275390625
-0.0330009460449219 -0.0154781341552734 -0.3875732421875 -0.80126953125
-0.044189453125 0.00768661499023438 -0.66265869140625 -0.11431884765625
-0.00496292114257812 0.0228366851806641 -0.446380615234375 0.254974365234375
0.0149173736572266 0.0144062042236328 -0.074066162109375 0.291412353515625
-0.012700080871582 -0.00203132629394531 0.181106567382813 0.132659912109375
-0.000999450683593749 -0.0104351043701172 -0.119369506835938 -0.19732666015625
0.019744873046875 0.0143661499023438 0.143798828125 -0.298736572265625
0.0169363021850586 0.0161333084106445 0.465850830078125 -0.190643310546875
-0.0209369659423828 0.0103988647460937 0.64581298828125 0.22674560546875
-0.0456771850585937 0.01019287109375 0.2525634765625 0.81707763671875
0.0104598999023438 -0.0362014770507813 -0.4462890625 0.8896484375
0.0508651733398438 -0.0239830017089844 -0.6693115234375 0.32623291015625
0.08056640625 0.0261688232421875 0.045684814453125 0.0853042602539063
0.0801849365234375 0.00299835205078125 0.805908203125 -0.24041748046875
0.0320796966552734 -0.0258808135986328 0.5084228515625 -0.8966064453125
-0.0334186553955078 -0.0201396942138672 -0.393310546875 -0.78802490234375
-0.0461997985839844 0.00589370727539063 -0.66326904296875 -0.10638427734375
-0.00830078125 0.0250186920166016 -0.44805908203125 0.2584228515625
0.0113554000854492 0.0151653289794922 -0.071533203125 0.296539306640625
-0.0114593505859375 -0.00119304656982422 0.183380126953125 0.139755249023438
0.00302314758300781 -0.0109090805053711 -0.116104125976562 -0.191131591796875
0.0173807144165039 0.0133142471313477 0.145416259765625 -0.2930908203125
0.0169200897216797 0.0174112319946289 0.467071533203125 -0.18316650390625
-0.0197086334228516 0.0098419189453125 0.64276123046875 0.23779296875
-0.045684814453125 0.00868606567382811 0.24444580078125 0.82666015625
0.0106945037841797 -0.0348033905029297 -0.4537353515625 0.89556884765625
0.04766845703125 -0.023895263671875 -0.67852783203125 0.32684326171875
0.077850341796875 0.0242691040039063 0.03961181640625 0.0847854614257813
0.075958251953125 0.00267791748046875 0.7965087890625 -0.24456787109375
0.0295372009277344 -0.0258903503417969 0.49652099609375 -0.90087890625
-0.0328140258789063 -0.0189342498779297 -0.40606689453125 -0.78717041015625
-0.0468597412109375 0.00666427612304688 -0.670654296875 -0.0982055664062501
-0.009429931640625 0.0233554840087891 -0.4537353515625 0.264862060546875
0.0107784271240234 0.0129919052124023 -0.075531005859375 0.300384521484375
-0.00822210311889648 -0.00507640838623047 0.179061889648438 0.14276123046875
0.00446510314941406 -0.0147895812988281 -0.118133544921875 -0.185577392578125
0.0181980133056641 0.0106983184814453 0.1436767578125 -0.2890625
0.0180816650390625 0.0150241851806641 0.46173095703125 -0.177459716796875
-0.0172300338745117 0.0127973556518555 0.63067626953125 0.24554443359375
-0.0446815490722656 0.0125846862792969 0.232421875 0.83203125
0.00666618347167968 -0.0306243896484375 -0.4669189453125 0.89312744140625
0.0409049987792969 -0.0223846435546875 -0.6846923828125 0.32318115234375
0.0697174072265625 0.0235824584960937 0.0339279174804688 0.0838775634765625
0.0709381103515625 0.00273895263671875 0.79217529296875 -0.2457275390625
0.0251216888427734 -0.021575927734375 0.48480224609375 -0.8941650390625
-0.0324172973632813 -0.01507568359375 -0.4107666015625 -0.77557373046875
-0.0426673889160156 0.00934600830078125 -0.67144775390625 -0.09295654296875
-0.00732612609863281 0.0232696533203125 -0.45074462890625 0.269439697265625
0.0123424530029297 0.00903129577636719 -0.071563720703125 0.30438232421875
-0.00499248504638672 -0.00679588317871094 0.181625366210937 0.1488037109375
0.00797653198242188 -0.0200138092041016 -0.116989135742188 -0.179901123046875
0.0226116180419922 0.00420188903808594 0.148773193359375 -0.2845458984375
0.0216484069824219 0.0136795043945312 0.46484375 -0.17120361328125
-0.0117874145507812 0.0180206298828125 0.6295166015625 0.2545166015625
-0.0436592102050781 0.0201225280761719 0.224609375 0.8397216796875
0.00164985656738281 -0.0238285064697266 -0.47747802734375 0.8939208984375
0.0329208374023437 -0.0216693878173828 -0.69183349609375 0.32147216796875
0.0614547729492187 0.0211944580078125 0.0324020385742188 0.0833053588867188
0.0624122619628906 0.0050048828125 0.783203125 -0.24908447265625
0.0200481414794922 -0.0149936676025391 0.47393798828125 -0.89349365234375
-0.0334262847900391 -0.00885009765625001 -0.4241943359375 -0.76934814453125
-0.0367774963378906 0.0123481750488281 -0.67938232421875 -0.0835571289062501
-0.00138092041015625 0.0236186981201172 -0.452728271484375 0.273468017578125
0.0158481597900391 0.00711536407470703 -0.073638916015625 0.30914306640625
-0.00213623046875 -0.0134449005126953 0.178314208984375 0.152053833007813
0.00902175903320313 -0.0250034332275391 -0.11944580078125 -0.175994873046875
0.0267868041992188 -0.000852584838867188 0.148773193359375 -0.282867431640625
0.0280857086181641 0.0104427337646484 0.461883544921875 -0.169219970703125
-0.00708580017089844 0.021087646484375 0.625732421875 0.26031494140625
-0.0445518493652344 0.0306472778320313 0.2149658203125 0.8450927734375
-0.00459957122802734 -0.0163545608520508 -0.4879150390625 0.8944091796875
0.0228099822998047 -0.0200481414794922 -0.6976318359375 0.318603515625
0.0549812316894531 0.0181732177734375 0.0341720581054688 0.0814666748046875
0.0533332824707031 0.0035858154296875 0.78106689453125 -0.25323486328125
0.0123453140258789 -0.00707626342773438 0.46453857421875 -0.89642333984375
-0.033538818359375 0.0040130615234375 -0.4320068359375 -0.76434326171875
-0.0327949523925781 0.0157661437988281 -0.68035888671875 -0.0758056640625001
0.00565910339355469 0.0205841064453125 -0.451690673828125 0.278228759765625
0.0210323333740234 -0.00011444091796875 -0.0692138671875 0.30999755859375
-0.000415802001953123 -0.0163869857788086 0.181549072265625 0.154647827148438
0.0101337432861328 -0.030914306640625 -0.11932373046875 -0.17572021484375
0.0346298217773438 -0.00726699829101563 0.151596069335938 -0.28076171875
0.0344161987304687 0.00985908508300781 0.46002197265625 -0.16851806640625
-0.00227546691894531 0.0265274047851563 0.62249755859375 0.26531982421875
-0.0462265014648438 0.0410041809082031 0.207763671875 0.8468017578125
-0.00974369049072266 -0.00761890411376953 -0.49755859375 0.8897705078125
0.0165805816650391 -0.01611328125 -0.6998291015625 0.31298828125
0.0509452819824219 0.0153846740722656 0.0359420776367188 0.086151123046875
0.0458259582519531 0.00310516357421875 0.782958984375 -0.25732421875
0.00397014617919922 0.00128960609436035 0.463623046875 -0.896240234375
-0.0327987670898438 0.0130748748779297 -0.4339599609375 -0.7591552734375
-0.0245399475097656 0.0222759246826172 -0.677490234375 -0.0719604492187498
0.0132503509521484 0.0197868347167969 -0.45013427734375 0.278900146484375
0.0281085968017578 -0.00550651550292969 -0.066680908203125 0.31121826171875
0.00124549865722656 -0.0216999053955078 0.1839599609375 0.15679931640625
0.00828170776367188 -0.0348930358886719 -0.122955322265625 -0.176132202148438
0.0421638488769531 -0.0116157531738281 0.1531982421875 -0.282989501953125
0.0420379638671875 0.00539016723632813 0.464324951171875 -0.171875
0.00121116638183594 0.0303058624267578 0.6268310546875 0.26641845703125
-0.0444145202636719 0.0514183044433594 0.2105712890625 0.84918212890625
-0.0144557952880859 -7.15255737304672E-05 -0.4949951171875 0.8939208984375
0.0100393295288086 -0.0170974731445313 -0.69610595703125 0.3131103515625
0.0439834594726563 0.0117034912109375 0.0420150756835937 0.08331298828125
0.0413475036621094 0.002532958984375 0.78814697265625 -0.259521484375
0.000955581665039062 0.0077672004699707 0.4627685546875 -0.90167236328125
-0.0325641632080078 0.0226287841796875 -0.43865966796875 -0.760009765625
-0.0186424255371094 0.0258026123046875 -0.67767333984375 -0.0731811523437499
0.0205459594726563 0.0165767669677734 -0.446319580078125 0.2764892578125
0.034393310546875 -0.0113677978515625 -0.063720703125 0.3082275390625
0.00155830383300781 -0.0252037048339844 0.184722900390625 0.156524658203125
-0.0045928955078125 -0.0100851058959961 -0.1214599609375 -0.1993408203125
0.0216999053955078 0.0115509033203125 0.140869140625 -0.304107666015625
0.0204715728759766 0.0147953033447266 0.467193603515625 -0.2030029296875
-0.0192699432373047 0.0114459991455078 0.6561279296875 0.21124267578125
-0.0454368591308594 0.0130462646484375 0.27728271484375 0.811767578125
0.0102958679199219 -0.0339870452880859 -0.41717529296875 0.89727783203125
0.0500869750976562 -0.02569580078125 -0.6552734375 0.33587646484375
0.0828704833984375 0.0239181518554688 0.05364990234375 0.084747314453125
0.0791397094726562 0.0010528564453125 0.80804443359375 -0.25653076171875
0.0310077667236328 -0.0238857269287109 0.5025634765625 -0.9102783203125
-0.0318336486816406 -0.0152015686035156 -0.40313720703125 -0.79046630859375
-0.0454444885253906 0.00941467285156251 -0.6622314453125 -0.10064697265625
-0.00522994995117187 0.0238170623779297 -0.442779541015625 0.260711669921875
0.0146951675415039 0.0137233734130859 -0.06951904296875 0.292205810546875
-0.0157203674316406 -0.000940322875976563 0.182952880859375 0.129058837890625
-0.00203704833984375 -0.00862693786621094 -0.123687744140625 -0.194915771484375
0.0188484191894531 0.015228271484375 0.13592529296875 -0.300537109375
0.0165500640869141 0.0162429809570313 0.46112060546875 -0.1993408203125
-0.021575927734375 0.0106563568115234 0.64910888671875 0.2156982421875
-0.0454368591308594 0.00979995727539062 0.26702880859375 0.81097412109375
0.0104904174804688 -0.0348415374755859 -0.42596435546875 0.89453125
0.0489730834960938 -0.0263481140136719 -0.6610107421875 0.33660888671875
0.0817184448242188 0.0238571166992187 0.0482101440429688 0.0847930908203125
0.079620361328125 0.000396728515625 0.7989501953125 -0.25274658203125
0.0311794281005859 -0.0248775482177734 0.49139404296875 -0.9013671875
-0.0333518981933594 -0.0185413360595703 -0.40570068359375 -0.7789306640625
-0.047393798828125 0.00836563110351562 -0.663818359375 -0.0924072265625001
-0.007781982421875 0.0236835479736328 -0.4417724609375 0.267333984375
0.011500358581543 0.0150012969970703 -0.067230224609375 0.296600341796875
-0.012822151184082 -0.000773429870605466 0.183837890625 0.136688232421875
0.00105857849121094 -0.0117130279541016 -0.118942260742188 -0.1898193359375
0.0166606903076172 0.0107793807983398 0.14068603515625 -0.2960205078125
0.0156316757202148 0.0161962509155273 0.461883544921875 -0.194549560546875
-0.0209617614746094 0.0106296539306641 0.644287109375 0.2259521484375
-0.0452766418457031 0.00910568237304688 0.2591552734375 0.82049560546875
0.00933456420898438 -0.0356025695800781 -0.4359130859375 0.90081787109375
0.0440177917480469 -0.0241012573242188 -0.671875 0.335693359375
0.0767898559570313 0.0233001708984375 0.0411605834960937 0.0832138061523438
0.0769500732421875 0.0029296875 0.79046630859375 -0.257568359375
0.0286312103271484 -0.0250110626220703 0.47979736328125 -0.9041748046875
-0.0329799652099609 -0.0189113616943359 -0.41632080078125 -0.77581787109375
-0.04644775390625 0.00896835327148438 -0.6717529296875 -0.0856323242187501
-0.0096588134765625 0.0249557495117188 -0.4471435546875 0.272491455078125
0.00946235656738281 0.0120868682861328 -0.069915771484375 0.3011474609375
-0.00896167755126953 -0.00337028503417969 0.180282592773438 0.139266967773438
0.00342750549316406 -0.015873908996582 -0.120651245117187 -0.184188842773437
0.0189456939697266 0.00827407836914063 0.1395263671875 -0.2911376953125
0.0158920288085938 0.0149145126342773 0.457305908203125 -0.186614990234375
-0.0192890167236328 0.0120849609375 0.63427734375 0.2352294921875
-0.045257568359375 0.0144119262695313 0.24725341796875 0.823974609375
0.00708198547363281 -0.0318393707275391 -0.44970703125 0.89874267578125
0.0397377014160156 -0.0230255126953125 -0.67742919921875 0.3341064453125
0.0706100463867188 0.021636962890625 0.0346145629882813 0.0820693969726563
0.0707931518554688 0.00299835205078125 0.78424072265625 -0.25628662109375
0.0245037078857422 -0.0223140716552734 0.47149658203125 -0.8963623046875
-0.0318603515625 -0.0139179229736328 -0.4222412109375 -0.76629638671875
-0.0422592163085938 0.0118370056152344 -0.673095703125 -0.0792236328125
-0.00627326965332031 0.0238037109375 -0.4444580078125 0.277618408203125
0.0124588012695313 0.00980281829833985 -0.067108154296875 0.305450439453125
-0.00693321228027344 -0.00555086135864258 0.184967041015625 0.144607543945313
0.00616455078125 -0.018768310546875 -0.120223999023438 -0.179168701171875
0.0207691192626953 0.005218505859375 0.142425537109375 -0.28662109375
0.0223865509033203 0.0144195556640625 0.457855224609375 -0.181182861328125
-0.0138731002807617 0.0165023803710938 0.63006591796875 0.23992919921875
-0.0463714599609375 0.0217781066894531 0.2386474609375 0.833984375
0.00288581848144531 -0.0229701995849609 -0.45831298828125 0.89691162109375
0.0303096771240234 -0.0211029052734375 -0.68499755859375 0.33123779296875
0.0631256103515625 0.0187149047851562 0.0323944091796875 0.0816650390625
0.0617485046386719 0.00193023681640625 0.77667236328125 -0.2615966796875
0.0200614929199219 -0.0162525177001953 0.45361328125 -0.8995361328125
-0.032196044921875 -0.0065155029296875 -0.436279296875 -0.7596435546875
-0.0383186340332031 0.0136642456054688 -0.67755126953125 -0.0694580078125001
-0.001678466796875 0.0231208801269531 -0.447113037109375 0.28204345703125
0.0161228179931641 0.00541877746582031 -0.06903076171875 0.309112548828125
-0.00206947326660156 -0.010009765625 0.180938720703125 0.149017333984375
0.00818061828613281 -0.0245742797851563 -0.120223999023437 -0.175750732421875
0.0286426544189453 -0.00169944763183594 0.145172119140625 -0.28375244140625
0.0279579162597656 0.0086822509765625 0.456573486328125 -0.17718505859375
-0.00907325744628906 0.0205516815185547 0.62744140625 0.24725341796875
-0.042816162109375 0.0308456420898438 0.23089599609375 0.83978271484375
-0.00330352783203125 -0.0171976089477539 -0.469970703125 0.89727783203125
0.0227928161621094 -0.0198554992675781 -0.68695068359375 0.32806396484375
0.0556144714355469 0.0171432495117188 0.0345611572265625 0.081329345703125
0.0543861389160156 0.00283050537109375 0.77423095703125 -0.26318359375
0.01171875 -0.00755500793457031 0.44976806640625 -0.89923095703125
-0.0325832366943359 0.0046539306640625 -0.4417724609375 -0.75396728515625
-0.0306224822998047 0.0172882080078125 -0.67919921875 -0.0608520507812499
0.00512123107910156 0.021759033203125 -0.4432373046875 0.28497314453125
0.0203266143798828 -0.000946044921875 -0.063140869140625 0.310516357421875
-0.000965118408203127 -0.0164194107055664 0.182220458984375 0.151153564453125
0.00755882263183593 -0.0289993286132812 -0.122604370117188 -0.172866821289062
0.0331382751464844 -0.00762939453125 0.145416259765625 -0.285125732421875
0.0339832305908203 0.00769996643066406 0.4576416015625 -0.176910400390625
-0.00337982177734375 0.0267467498779297 0.62554931640625 0.25421142578125
-0.0431671142578125 0.0405616760253906 0.2220458984375 0.84161376953125
-0.00879669189453125 -0.00884151458740234 -0.479736328125 0.89569091796875
0.0137348175048828 -0.0190296173095703 -0.69171142578125 0.32562255859375
0.0490798950195313 0.0132522583007813 0.0382537841796875 0.0802078247070313
0.0472869873046875 0.0029144287109375 0.77685546875 -0.26849365234375
0.00643062591552734 0.00128889083862305 0.446044921875 -0.90008544921875
-0.0316238403320313 0.0140457153320312 -0.448486328125 -0.7470703125
-0.0258579254150391 0.0232429504394531 -0.67578125 -0.0588378906250001
0.0146617889404297 0.0183753967285156 -0.44158935546875 0.285919189453125
0.0273399353027344 -0.00759506225585937 -0.05828857421875 0.310638427734375
0.00138664245605469 -0.0194969177246094 0.183212280273438 0.154312133789063
0.00627708435058593 -0.0336246490478516 -0.124496459960938 -0.173995971679687
0.0394668579101563 -0.013397216796875 0.147216796875 -0.285247802734375
0.0418281555175781 0.0050048828125 0.458984375 -0.18096923828125
0.00160980224609375 0.0314674377441406 0.62811279296875 0.25335693359375
-0.0423545837402344 0.0518875122070313 0.22528076171875 0.84503173828125
-0.0117874145507813 -0.00086498260498047 -0.477294921875 0.89752197265625
0.00955009460449219 -0.0187759399414063 -0.68646240234375 0.324462890625
0.0432586669921875 0.0108871459960938 0.0433883666992188 0.082855224609375
0.0410270690917969 0.00198745727539063 0.78228759765625 -0.27142333984375
0.00110530853271484 0.00767612457275391 0.447265625 -0.90679931640625
-0.0323657989501953 0.0242271423339844 -0.4510498046875 -0.75213623046875
-0.0177650451660156 0.0258197784423828 -0.6773681640625 -0.0578002929687501
0.0209808349609375 0.0148124694824219 -0.438873291015625 0.28411865234375
0.0345535278320313 -0.0112323760986328 -0.058746337890625 0.309478759765625
0.000768661499023437 -0.0244674682617187 0.186370849609375 0.152450561523438
-0.00687885284423828 -0.0101203918457031 -0.12677001953125 -0.19708251953125
0.02093505859375 0.0114631652832031 0.135101318359375 -0.306060791015625
0.0202236175537109 0.0140190124511719 0.461700439453125 -0.210113525390625
-0.0197277069091797 0.0114803314208984 0.65704345703125 0.19964599609375
-0.0446815490722656 0.0143775939941406 0.28997802734375 0.80279541015625
0.0106353759765625 -0.0342502593994141 -0.40020751953125 0.89886474609375
0.04815673828125 -0.0268211364746094 -0.6466064453125 0.345947265625
0.0805740356445313 0.0214920043945313 0.0548629760742188 0.0841827392578125
0.0792694091796875 0.00026702880859375 0.7977294921875 -0.26727294921875
0.0305881500244141 -0.0226707458496094 0.48358154296875 -0.913330078125
-0.0331878662109375 -0.0133285522460938 -0.4124755859375 -0.7803955078125
-0.0442428588867188 0.0104331970214844 -0.66265869140625 -0.0891723632812501
-0.00484657287597656 0.0234432220458984 -0.434539794921875 0.26812744140625
0.0142631530761719 0.012324333190918 -0.0618896484375 0.29315185546875
-0.0143823623657227 -0.000480651855468751 0.182876586914062 0.126998901367188
-0.00243949890136719 -0.0115871429443359 -0.126693725585938 -0.193496704101562
0.0174579620361328 0.0127429962158203 0.132232666015625 -0.30364990234375
0.0155401229858398 0.0154085159301758 0.454132080078125 -0.2076416015625
-0.0234222412109375 0.00998306274414063 0.64837646484375 0.20281982421875
-0.0455131530761719 0.0106925964355469 0.28082275390625 0.80218505859375
0.011474609375 -0.0360870361328125 -0.4095458984375 0.89642333984375
0.0483131408691406 -0.0261878967285156 -0.65234375 0.34295654296875
0.0797271728515625 0.0237960815429687 0.0467910766601563 0.0821914672851563
0.0788040161132813 -0.00042724609375 0.7908935546875 -0.2628173828125
0.0310707092285156 -0.0262184143066406 0.4764404296875 -0.9036865234375
-0.0320510864257813 -0.0161609649658203 -0.41546630859375 -0.768798828125
-0.0469284057617187 0.00914764404296875 -0.6612548828125 -0.0817260742187499
-0.008087158203125 0.0225982666015625 -0.43377685546875 0.274200439453125
0.0110597610473633 0.0150575637817383 -0.061248779296875 0.29791259765625
-0.0136070251464844 -0.00045299530029297 0.183761596679688 0.133255004882813
-0.000776290893554688 -0.011225700378418 -0.123825073242188 -0.188400268554687
0.0163211822509766 0.0118389129638672 0.1356201171875 -0.29705810546875
0.0159749984741211 0.0155801773071289 0.456298828125 -0.200439453125
-0.0218009948730469 0.01068115234375 0.64300537109375 0.212646484375
-0.0436477661132813 0.00973892211914062 0.27215576171875 0.81085205078125
0.0107040405273438 -0.0360984802246094 -0.41790771484375 0.90167236328125
0.043853759765625 -0.0253829956054688 -0.65966796875 0.3448486328125
0.076385498046875 0.0218658447265625 0.041351318359375 0.0813751220703125
0.0763473510742188 3.0517578125E-05 0.780517578125 -0.26641845703125
0.0291938781738281 -0.0248222351074219 0.46343994140625 -0.90545654296875
-0.0324039459228516 -0.0173473358154297 -0.4287109375 -0.7640380859375
-0.0449066162109375 0.00923156738281249 -0.66937255859375 -0.07537841796875
-0.00806045532226563 0.0242385864257813 -0.44012451171875 0.281158447265625
0.00977230072021484 0.0120582580566406 -0.064544677734375 0.30169677734375
-0.00943565368652344 -0.00223541259765625 0.181671142578125 0.136383056640625
0.00258255004882813 -0.0163002014160156 -0.124374389648437 -0.182327270507813
0.0189342498779297 0.00896072387695313 0.13275146484375 -0.29229736328125
0.0174179077148437 0.0139293670654297 0.450927734375 -0.19390869140625
-0.0191459655761719 0.0125579833984375 0.634521484375 0.22137451171875
-0.042572021484375 0.0145263671875 0.25848388671875 0.81744384765625
0.00789642333984375 -0.0312671661376953 -0.432373046875 0.898681640625
0.0365066528320313 -0.0229988098144531 -0.67108154296875 0.342529296875
0.0687751770019531 0.0212059020996094 0.036346435546875 0.08087158203125
0.0701866149902344 -0.0009918212890625 0.77581787109375 -0.26568603515625
0.0262870788574219 -0.021575927734375 0.45306396484375 -0.8994140625
-0.0331039428710938 -0.0137042999267578 -0.431884765625 -0.75592041015625
-0.0439376831054688 0.0120697021484375 -0.6690673828125 -0.06646728515625
-0.00587844848632813 0.0232048034667969 -0.43865966796875 0.284576416015625
0.0114679336547852 0.00893020629882813 -0.061065673828125 0.30548095703125
-0.00689888000488281 -0.00471687316894531 0.183746337890625 0.141860961914063
0.00420188903808594 -0.0192489624023438 -0.121185302734375 -0.176116943359375
0.0191574096679688 0.00468063354492188 0.1375732421875 -0.2864990234375
0.02020263671875 0.0110683441162109 0.451416015625 -0.19317626953125
-0.0133533477783203 0.0173940658569336 0.6329345703125 0.23138427734375
-0.042144775390625 0.021514892578125 0.25213623046875 0.82257080078125
0.00347137451171875 -0.025390625 -0.44073486328125 0.900390625
0.0305938720703125 -0.0204124450683594 -0.67755126953125 0.33953857421875
0.0626602172851563 0.0191535949707031 0.0338592529296875 0.0787582397460938
0.061981201171875 0.00115585327148438 0.7689208984375 -0.27264404296875
0.0194778442382813 -0.0153121948242187 0.4407958984375 -0.899169921875
-0.0328083038330078 -0.00522994995117188 -0.44366455078125 -0.7471923828125
-0.0376853942871094 0.0155601501464844 -0.675048828125 -0.05908203125
0.000135421752929688 0.0215950012207031 -0.440399169921875 0.289215087890625
0.0145845413208008 0.00498676300048828 -0.0631103515625 0.30889892578125
-0.00322914123535156 -0.0112371444702148 0.18115234375 0.144805908203125
0.00687599182128906 -0.0252437591552734 -0.122116088867187 -0.173675537109375
0.0255794525146484 -0.00232124328613281 0.138946533203125 -0.287017822265625
0.0278339385986328 0.00849151611328125 0.4501953125 -0.187530517578125
-0.00812149047851563 0.0220165252685547 0.62994384765625 0.23724365234375
-0.0418014526367188 0.031768798828125 0.2420654296875 0.8326416015625
-0.00148487091064453 -0.0166530609130859 -0.4515380859375 0.90081787109375
0.0207920074462891 -0.0198726654052734 -0.681396484375 0.33648681640625
0.052154541015625 0.01593017578125 0.0350341796875 0.0796356201171875
0.0546340942382813 0.00180816650390625 0.76708984375 -0.27667236328125
0.0129194259643555 -0.00827598571777344 0.43414306640625 -0.9013671875
-0.0324077606201172 0.0049591064453125 -0.45367431640625 -0.74139404296875
-0.0315093994140625 0.0187149047851562 -0.67840576171875 -0.05145263671875
0.00554847717285156 0.0213680267333984 -0.437896728515625 0.29327392578125
0.0208110809326172 -0.000452041625976563 -0.058624267578125 0.310577392578125
-0.00127506256103516 -0.0156030654907227 0.18328857421875 0.147262573242188
0.00528144836425781 -0.0298118591308594 -0.124984741210938 -0.171051025390625
0.0337581634521484 -0.00891876220703125 0.139129638671875 -0.2864990234375
0.0352020263671875 0.00590896606445313 0.450103759765625 -0.1851806640625
-0.00430107116699219 0.0259418487548828 0.62689208984375 0.244873046875
-0.0412864685058594 0.0424652099609375 0.2362060546875 0.834228515625
-0.00794553756713867 -0.00807571411132813 -0.46044921875 0.89794921875
0.0137481689453125 -0.01763916015625 -0.6826171875 0.3302001953125
0.0458908081054688 0.0129890441894531 0.0384597778320313 0.08001708984375
0.0457572937011719 0.00185012817382813 0.7685546875 -0.27691650390625
0.00722742080688477 0.000812530517578125 0.4310302734375 -0.90032958984375
-0.0320529937744141 0.0159969329833984 -0.4583740234375 -0.73736572265625
-0.0240650177001953 0.0237216949462891 -0.6737060546875 -0.0479125976562499
0.0126686096191406 0.0159406661987305 -0.4329833984375 0.291595458984375
0.0262794494628906 -0.00647735595703125 -0.053863525390625 0.311981201171875
-0.000864028930664062 -0.0198307037353516 0.18609619140625 0.150100708007813
0.00469207763671875 -0.0346431732177734 -0.12725830078125 -0.171005249023438
0.0385704040527344 -0.0147323608398438 0.142181396484375 -0.28826904296875
0.0409889221191406 0.00391769409179688 0.454254150390625 -0.18707275390625
0.00228691101074219 0.031097412109375 0.6307373046875 0.2437744140625
-0.0410003662109375 0.0513839721679688 0.2393798828125 0.8367919921875
-0.0102386474609375 -0.00125503540039062 -0.46063232421875 0.89947509765625
0.00731849670410156 -0.0177898406982422 -0.68017578125 0.3321533203125
0.0434074401855469 0.0090484619140625 0.0444564819335938 0.0807723999023438
0.0408935546875 0.002288818359375 0.77313232421875 -0.2830810546875
0.00265836715698242 0.00724935531616211 0.42987060546875 -0.9056396484375
-0.0300102233886719 0.0259056091308594 -0.45831298828125 -0.738525390625
-0.0173358917236328 0.0269527435302734 -0.67449951171875 -0.0485229492187499
0.0205612182617188 0.0155105590820313 -0.4327392578125 0.29034423828125
0.0329360961914063 -0.0130615234375 -0.05230712890625 0.3095703125
0.000520706176757812 -0.0242824554443359 0.186538696289063 0.149429321289063
-0.00539493560791016 -0.00912570953369141 -0.128952026367187 -0.19384765625
0.0202426910400391 0.01092529296875 0.1285400390625 -0.307373046875
0.0193023681640625 0.0133323669433594 0.4556884765625 -0.21746826171875
-0.0198936462402344 0.0120811462402344 0.6544189453125 0.18768310546875
-0.0447998046875 0.0143508911132813 0.30194091796875 0.79107666015625
0.0103321075439453 -0.0351047515869141 -0.3824462890625 0.897216796875
0.0466461181640625 -0.0274620056152344 -0.63665771484375 0.35137939453125
0.07861328125 0.0198745727539063 0.0554428100585938 0.081695556640625
0.078216552734375 -0.0015411376953125 0.79058837890625 -0.27520751953125
0.0306568145751953 -0.0236415863037109 0.4669189453125 -0.91302490234375
-0.0326747894287109 -0.010894775390625 -0.42144775390625 -0.76605224609375
-0.04327392578125 0.0120506286621094 -0.65802001953125 -0.0786132812499999
-0.00414466857910156 0.0218486785888672 -0.42626953125 0.274810791015625
0.0141315460205078 0.0121784210205078 -0.059478759765625 0.29156494140625
-0.0150823593139648 -0.000679016113281251 0.1829833984375 0.12274169921875
-0.00469779968261719 -0.0110902786254883 -0.129531860351563 -0.19012451171875
0.0171689987182617 0.0139131546020508 0.125518798828125 -0.3048095703125
0.0164155960083008 0.0136165618896484 0.448394775390625 -0.212860107421875
-0.0221233367919922 0.0121364593505859 0.644775390625 0.1915283203125
-0.0436630249023438 0.0114631652832031 0.2918701171875 0.79034423828125
0.0115890502929688 -0.0386962890625 -0.3924560546875 0.89324951171875
0.0455665588378906 -0.026824951171875 -0.6436767578125 0.35009765625
0.077606201171875 0.0209274291992188 0.0468597412109375 0.081390380859375
0.0780105590820313 -0.00116729736328125 0.7811279296875 -0.27178955078125
0.0318889617919922 -0.0255260467529297 0.4600830078125 -0.90264892578125
-0.0316162109375 -0.0164012908935547 -0.4244384765625 -0.75677490234375
-0.0459747314453125 0.0104484558105469 -0.6583251953125 -0.07122802734375
-0.00756645202636719 0.0235328674316406 -0.427398681640625 0.279266357421875
0.0104656219482422 0.0143718719482422 -0.056060791015625 0.297515869140625
-0.013580322265625 0.000615119934082031 0.184524536132813 0.130813598632813
-0.00229454040527344 -0.0102758407592773 -0.124969482421875 -0.1849365234375
0.0154790878295898 0.0106420516967773 0.1287841796875 -0.298248291015625
0.0148811340332031 0.0155658721923828 0.4493408203125 -0.206207275390625
-0.0213165283203125 0.0104408264160156 0.64306640625 0.203125
-0.0430068969726563 0.0114021301269531 0.28436279296875 0.80419921875
0.0113716125488281 -0.0371284484863281 -0.400634765625 0.90087890625
0.0424957275390625 -0.025482177734375 -0.65252685546875 0.35260009765625
0.0747146606445313 0.0212936401367188 0.0423049926757813 0.0802764892578125
0.0748977661132812 -0.00255584716796875 0.77154541015625 -0.27490234375
0.029327392578125 -0.0252113342285156 0.44647216796875 -0.90399169921875
-0.0316143035888672 -0.0157241821289063 -0.43609619140625 -0.75433349609375
-0.0464248657226563 0.0103378295898437 -0.666748046875 -0.0643920898437501
-0.00823211669921875 0.0236930847167969 -0.432159423828125 0.285888671875
0.00948524475097656 0.0112504959106445 -0.0595703125 0.302459716796875
-0.00994682312011719 -0.00160789489746094 0.181320190429687 0.132232666015625
-0.000932693481445313 -0.01458740234375 -0.126174926757813 -0.17950439453125
0.0176372528076172 0.00869369506835938 0.127532958984375 -0.293792724609375
0.0166387557983398 0.0129671096801758 0.442169189453125 -0.200897216796875
-0.0196647644042969 0.0134563446044922 0.63336181640625 0.21038818359375
-0.042510986328125 0.0158042907714844 0.27166748046875 0.8067626953125
0.00741386413574219 -0.0316658020019531 -0.41546630859375 0.89788818359375
0.0368499755859375 -0.0218849182128906 -0.6612548828125 0.34619140625
0.0668563842773438 0.0196952819824219 0.0368804931640625 0.079132080078125
0.0695075988769531 0.0005645751953125 0.76690673828125 -0.2757568359375
0.0252513885498047 -0.0213985443115234 0.44183349609375 -0.89727783203125
-0.0311660766601562 -0.0106964111328125 -0.4405517578125 -0.74169921875
-0.0415611267089844 0.0129928588867187 -0.665771484375 -0.0557250976562499
-0.00592422485351562 0.0239181518554688 -0.428558349609375 0.290802001953125
0.0119638442993164 0.0101604461669922 -0.05682373046875 0.30584716796875
-0.00749444961547852 -0.00515651702880859 0.185073852539063 0.137344360351563
0.00249862670898438 -0.0189990997314453 -0.1229248046875 -0.174301147460938
0.0196800231933594 0.00243377685546875 0.1319580078125 -0.2894287109375
0.0208930969238281 0.0103530883789063 0.443878173828125 -0.1971435546875
-0.0141477584838867 0.0155611038208008 0.63018798828125 0.219482421875
-0.0409278869628906 0.021026611328125 0.26470947265625 0.81683349609375
0.00360298156738281 -0.0251064300537109 -0.423095703125 0.89923095703125
0.0277729034423828 -0.0197868347167969 -0.666015625 0.34588623046875
0.0597152709960938 0.0184516906738281 0.0348358154296875 0.0788650512695313
0.06097412109375 0.000423431396484375 0.75909423828125 -0.27886962890625
0.0192546844482422 -0.0151405334472656 0.42388916015625 -0.8995361328125
-0.0318279266357422 -0.00404930114746094 -0.4542236328125 -0.7353515625
-0.0377540588378906 0.0146064758300781 -0.67156982421875 -0.0470581054687499
0.000392913818359376 0.0221939086914062 -0.432220458984375 0.294219970703125
0.0151424407958984 0.00402069091796875 -0.057220458984375 0.30804443359375
-0.00487995147705078 -0.00935077667236328 0.181442260742188 0.142730712890625
0.005096435546875 -0.0255260467529297 -0.125946044921875 -0.172042846679687
0.0242195129394531 -0.00276756286621094 0.13372802734375 -0.286285400390625
0.0258216857910156 0.007781982421875 0.44403076171875 -0.19342041015625
-0.00997734069824219 0.0203533172607422 0.62884521484375 0.2259521484375
-0.0398445129394531 0.0314788818359375 0.257080078125 0.82025146484375
-0.00219345092773438 -0.01776123046875 -0.43353271484375 0.90093994140625
0.0199699401855469 -0.0191078186035156 -0.6697998046875 0.34332275390625
0.051239013671875 0.0161476135253906 0.0348892211914062 0.0781936645507813
0.0535430908203125 0.0002899169921875 0.75823974609375 -0.2835693359375
0.012547492980957 -0.00753402709960938 0.41754150390625 -0.89862060546875
-0.0300559997558594 0.00519180297851562 -0.462646484375 -0.7286376953125
-0.0299720764160156 0.0193595886230469 -0.67132568359375 -0.0400390625
0.00492477416992187 0.0209941864013672 -0.42938232421875 0.29803466796875
0.0194339752197266 -0.00136184692382813 -0.052520751953125 0.311187744140625
-0.000790596008300783 -0.0150175094604492 0.182968139648438 0.14361572265625
0.00420951843261719 -0.0307941436767578 -0.127685546875 -0.169937133789063
0.0297012329101563 -0.00827217102050781 0.136627197265625 -0.288177490234375
0.0335445404052734 0.00660324096679688 0.4439697265625 -0.193267822265625
-0.00388717651367187 0.0252723693847656 0.6268310546875 0.2305908203125
-0.0402030944824219 0.042633056640625 0.2509765625 0.82598876953125
-0.0057668685913086 -0.0101175308227539 -0.4425048828125 0.899169921875
0.0112953186035156 -0.0172710418701172 -0.67352294921875 0.33795166015625
0.0448837280273438 0.0120658874511719 0.0387191772460938 0.07989501953125
0.0444755554199219 0.00145339965820312 0.7607421875 -0.28656005859375
0.00844144821166992 0.0023188591003418 0.41583251953125 -0.8995361328125
-0.0297508239746094 0.0182437896728516 -0.46441650390625 -0.72467041015625
-0.0235347747802734 0.0234165191650391 -0.66851806640625 -0.0371704101562501
0.0137109756469727 0.0169515609741211 -0.4259033203125 0.298980712890625
0.0271224975585938 -0.00718879699707031 -0.050048828125 0.31072998046875
-0.0017852783203125 -0.0207366943359375 0.183395385742188 0.147491455078125
0.00346946716308594 -0.0339279174804688 -0.13037109375 -0.168655395507812
0.0366325378417969 -0.0152244567871094 0.1357421875 -0.28826904296875
0.0397186279296875 0.00278091430664062 0.4456787109375 -0.196746826171875
0.00111961364746094 0.0304908752441406 0.6295166015625 0.2320556640625
-0.0388031005859375 0.0529594421386719 0.2518310546875 0.82684326171875
-0.010828971862793 -0.00225734710693359 -0.4449462890625 0.90020751953125
0.00697708129882812 -0.0174322128295898 -0.66949462890625 0.33795166015625
0.0402450561523438 0.0101318359375 0.0450668334960938 0.0791778564453125
0.0414199829101563 0.00263214111328125 0.76434326171875 -0.2906494140625
0.00372838973999023 0.0080108642578125 0.4134521484375 -0.90521240234375
-0.0300502777099609 0.0262298583984375 -0.46636962890625 -0.7271728515625
-0.0176315307617188 0.0261878967285156 -0.6697998046875 -0.0381469726562499
0.0200786590576172 0.0147991180419922 -0.4237060546875 0.29522705078125
0.0334682464599609 -0.0129165649414063 -0.048736572265625 0.309844970703125
-0.00122261047363281 -0.0233287811279297 0.187698364257813 0.145156860351563
-0.00909137725830078 -0.00934982299804688 -0.130508422851562 -0.191696166992188
0.0196895599365234 0.0115623474121094 0.12310791015625 -0.306488037109375
0.0183448791503906 0.0117149353027344 0.44635009765625 -0.222320556640625
-0.0205783843994141 0.0121746063232422 0.6519775390625 0.17779541015625
-0.0425758361816406 0.0157585144042969 0.31103515625 0.78240966796875
0.0105438232421875 -0.0351982116699219 -0.3668212890625 0.8944091796875
0.0441703796386719 -0.0266036987304688 -0.62786865234375 0.35284423828125
0.0775833129882813 0.0194549560546875 0.054962158203125 0.0795669555664063
0.0777359008789062 -0.00247955322265625 0.779052734375 -0.281494140625
0.0311660766601562 -0.0243721008300781 0.4527587890625 -0.90869140625
-0.0315494537353516 -0.0113372802734375 -0.4281005859375 -0.75421142578125
-0.042572021484375 0.0127296447753906 -0.6533203125 -0.0673828125
-0.0036468505859375 0.0231037139892578 -0.41986083984375 0.2783203125
0.0129184722900391 0.0125331878662109 -0.053955078125 0.29144287109375
-0.0148410797119141 0.000804901123046876 0.18170166015625 0.120086669921875
-0.00636672973632813 -0.00972938537597656 -0.130157470703125 -0.18792724609375
0.0171737670898438 0.0132417678833008 0.119873046875 -0.30438232421875
0.0155725479125977 0.0129575729370117 0.439666748046875 -0.2177734375
-0.0225963592529297 0.0108013153076172 0.64404296875 0.181396484375
-0.0412254333496094 0.0121116638183594 0.302734375 0.7821044921875
0.0131378173828125 -0.0377082824707031 -0.3780517578125 0.890380859375
0.0430793762207031 -0.0252532958984375 -0.63427734375 0.35443115234375
0.077606201171875 0.0204696655273438 0.0473403930664063 0.0795745849609375
0.0783767700195313 -0.00276947021484375 0.7708740234375 -0.278076171875
0.0307445526123047 -0.0255565643310547 0.4437255859375 -0.898193359375
-0.0305919647216797 -0.0151443481445312 -0.4298095703125 -0.7459716796875
-0.0440788269042969 0.0125160217285156 -0.6544189453125 -0.0604248046875001
-0.00704383850097656 0.0229434967041016 -0.417816162109375 0.28424072265625
0.0111370086669922 0.0142107009887695 -0.051300048828125 0.295928955078125
-0.0147066116333008 0.000893592834472654 0.183151245117188 0.125991821289063
-0.00279331207275391 -0.0110969543457031 -0.125518798828125 -0.183258056640625
0.0148029327392578 0.0111780166625977 0.1224365234375 -0.296417236328125
0.0143709182739258 0.0136289596557617 0.4417724609375 -0.2127685546875
-0.0221061706542969 0.0100231170654297 0.63970947265625 0.1910400390625
-0.0414772033691406 0.0109214782714844 0.29290771484375 0.793212890625
0.0110435485839844 -0.036529541015625 -0.38482666015625 0.89892578125
0.0417938232421875 -0.0244140625 -0.64276123046875 0.355224609375
0.0731658935546875 0.0196075439453125 0.0421524047851563 0.0797271728515625
0.0741119384765625 -0.0031890869140625 0.76153564453125 -0.28253173828125
0.0284576416015625 -0.0261878967285156 0.43267822265625 -0.90234375
-0.0313663482666016 -0.0144538879394531 -0.44232177734375 -0.7393798828125
-0.0450553894042969 0.01287841796875 -0.66070556640625 -0.0535888671874999
-0.00866317749023437 0.0252037048339844 -0.424346923828125 0.2904052734375
0.0101776123046875 0.0123682022094727 -0.05487060546875 0.29998779296875
-0.010136604309082 -0.00145721435546875 0.180572509765625 0.129180908203125
0.000130653381347657 -0.014739990234375 -0.128204345703125 -0.177566528320312
0.0171318054199219 0.00592708587646484 0.122283935546875 -0.29376220703125
0.0144424438476563 0.0120506286621094 0.43597412109375 -0.205780029296875
-0.0188865661621094 0.0136680603027344 0.6304931640625 0.20037841796875
-0.0411415100097656 0.0157623291015625 0.28155517578125 0.7957763671875
0.00919723510742187 -0.0326557159423828 -0.399169921875 0.8948974609375
0.0352554321289063 -0.0235176086425781 -0.6505126953125 0.35101318359375
0.065704345703125 0.0191612243652344 0.0384750366210938 0.0794143676757813
0.0698318481445313 -0.00321197509765625 0.7557373046875 -0.28131103515625
0.0259323120117188 -0.0206069946289063 0.42279052734375 -0.8956298828125
-0.0314674377441406 -0.0110015869140625 -0.447265625 -0.72955322265625
-0.0409507751464844 0.0132026672363281 -0.66094970703125 -0.0454711914062501
-0.0053863525390625 0.0244064331054688 -0.4222412109375 0.2945556640625
0.0117645263671875 0.00837516784667969 -0.05072021484375 0.3026123046875
-0.00854396820068359 -0.0040130615234375 0.183059692382813 0.134109497070313
0.00132179260253906 -0.0191307067871094 -0.124420166015625 -0.172760009765625
0.018829345703125 0.00370216369628906 0.12701416015625 -0.288055419921875
0.0204296112060547 0.0121421813964844 0.435455322265625 -0.200439453125
-0.0143098831176758 0.0169601440429687 0.62646484375 0.210693359375
-0.0392875671386719 0.0211982727050781 0.275146484375 0.8038330078125
0.00430870056152344 -0.0262203216552734 -0.4068603515625 0.89837646484375
0.0264511108398437 -0.0201568603515625 -0.656982421875 0.34783935546875
0.0563888549804688 0.0174064636230469 0.0344390869140625 0.0769271850585938
0.0609703063964844 -0.00134658813476563 0.7490234375 -0.2867431640625
0.0201568603515625 -0.0143527984619141 0.40869140625 -0.89703369140625
-0.0296516418457031 -0.00179481506347656 -0.45843505859375 -0.720703125
-0.0363235473632812 0.0163955688476563 -0.6661376953125 -0.0364379882812499
-2.86102294921868E-05 0.020965576171875 -0.424407958984375 0.298126220703125
0.0141935348510742 0.00460624694824219 -0.052276611328125 0.308929443359375
-0.00522136688232422 -0.00992202758789063 0.182098388671875 0.138397216796875
0.00250625610351562 -0.0248622894287109 -0.125869750976563 -0.168655395507813
0.0248146057128906 -0.00371742248535156 0.127593994140625 -0.287933349609375
0.0257358551025391 0.00796127319335938 0.438568115234375 -0.199371337890625
-0.00949668884277344 0.0211544036865234 0.62548828125 0.21673583984375
-0.0401840209960937 0.0319633483886719 0.26507568359375 0.8115234375
-0.001495361328125 -0.0192127227783203 -0.41845703125 0.89691162109375
0.0179195404052734 -0.0186367034912109 -0.66156005859375 0.34918212890625
0.0498390197753906 0.0150108337402344 0.0373916625976562 0.0763320922851563
0.0528907775878906 0.00018310546875 0.74688720703125 -0.287841796875
0.0143899917602539 -0.00621604919433594 0.40380859375 -0.89617919921875
-0.0294761657714844 0.00675582885742187 -0.46826171875 -0.717041015625
-0.0294132232666016 0.0192165374755859 -0.665771484375 -0.0302734375
0.00662994384765625 0.0196437835693359 -0.420318603515625 0.30078125
0.0204391479492188 -0.00144386291503906 -0.04931640625 0.309844970703125
-0.00274372100830078 -0.0152931213378906 0.182952880859375 0.140975952148438
0.00253105163574219 -0.0284328460693359 -0.130172729492187 -0.1680908203125
0.0296726226806641 -0.00892257690429688 0.1295166015625 -0.2882080078125
0.0324211120605469 0.00347900390625 0.438446044921875 -0.196929931640625
-0.00358390808105469 0.0263004302978516 0.6234130859375 0.2208251953125
-0.0379486083984375 0.0422401428222656 0.2601318359375 0.8134765625
-0.0065460205078125 -0.00983142852783203 -0.4273681640625 0.898193359375
0.0101661682128906 -0.0184230804443359 -0.6649169921875 0.34271240234375
0.04473876953125 0.012908935546875 0.0392608642578125 0.076263427734375
0.0459175109863281 0.001312255859375 0.74774169921875 -0.2918701171875
0.0103235244750977 0.00144672393798828 0.39996337890625 -0.89483642578125
-0.0287799835205078 0.018096923828125 -0.4691162109375 -0.7120361328125
-0.0227222442626953 0.0237941741943359 -0.66632080078125 -0.0280761718750001
0.0129451751708984 0.0182437896728516 -0.418487548828125 0.301300048828125
0.0261039733886719 -0.007354736328125 -0.0467529296875 0.31036376953125
-0.00369071960449219 -0.0184726715087891 0.18524169921875 0.144134521484375
0.00253486633300781 -0.0315132141113281 -0.130691528320313 -0.166717529296875
0.0353813171386719 -0.01434326171875 0.1307373046875 -0.28955078125
0.0374412536621094 0.00152969360351563 0.439605712890625 -0.198883056640625
0.00106048583984375 0.0303611755371094 0.62677001953125 0.2205810546875
-0.0373611450195313 0.0512771606445312 0.2628173828125 0.817626953125
-0.00906753540039063 -0.00270843505859375 -0.42626953125 0.89617919921875
0.0061798095703125 -0.0165491104125977 -0.6593017578125 0.34283447265625
0.0392723083496094 0.00954055786132813 0.04595947265625 0.0781326293945313
0.0407981872558594 0.000690460205078125 0.7542724609375 -0.2972412109375
0.00406837463378906 0.00846481323242188 0.399169921875 -0.90325927734375
-0.0281887054443359 0.0265636444091797 -0.4722900390625 -0.713623046875
-0.0169906616210938 0.028106689453125 -0.66546630859375 -0.0274658203125
0.020660400390625 0.0133438110351563 -0.415435791015625 0.301177978515625
0.0317192077636719 -0.0133094787597656 -0.04327392578125 0.306854248046875
-0.00215911865234375 -0.0224647521972656 0.186935424804688 0.141265869140625
-0.00899600982666016 -0.0088052749633789 -0.13330078125 -0.189315795898437
0.0190143585205078 0.00985908508300781 0.1181640625 -0.305908203125
0.0176982879638672 0.0109500885009766 0.438995361328125 -0.22686767578125
-0.0211982727050781 0.0117378234863281 0.64794921875 0.16888427734375
-0.0402069091796875 0.014892578125 0.3184814453125 0.772705078125
0.0107688903808594 -0.0356178283691406 -0.3529052734375 0.88824462890625
0.0422210693359375 -0.0280036926269531 -0.61859130859375 0.357177734375
0.0753097534179687 0.017303466796875 0.0557327270507813 0.0776214599609375
0.0773696899414063 -0.00432586669921875 0.76837158203125 -0.288330078125
0.0311355590820312 -0.0243682861328125 0.43878173828125 -0.90423583984375
-0.0312480926513672 -0.00896263122558594 -0.4305419921875 -0.7418212890625
-0.0430259704589844 0.0148391723632813 -0.648681640625 -0.06097412109375
-0.0034942626953125 0.0221099853515625 -0.4119873046875 0.28082275390625
0.0134143829345703 0.0103616714477539 -0.050567626953125 0.29046630859375
-0.0152130126953125 0.00139617919921875 0.18115234375 0.117782592773438
-0.0081796646118164 -0.00931930541992188 -0.13189697265625 -0.186386108398438
0.0153741836547852 0.0119466781616211 0.11431884765625 -0.303924560546875
0.0146818161010742 0.0124082565307617 0.432769775390625 -0.2227783203125
-0.0236606597900391 0.0110759735107422 0.6414794921875 0.17279052734375
-0.0416908264160156 0.0113792419433594 0.311767578125 0.77081298828125
0.0119209289550781 -0.0398941040039063 -0.361083984375 0.88629150390625
0.0417938232421875 -0.0262794494628906 -0.6248779296875 0.35467529296875
0.0744094848632813 0.0191497802734375 0.0485763549804688 0.0758209228515625
0.0778884887695313 -0.00336456298828125 0.760009765625 -0.28448486328125
0.031646728515625 -0.0249862670898438 0.430419921875 -0.89569091796875
-0.0297718048095703 -0.0127906799316406 -0.43572998046875 -0.734130859375
-0.0453834533691406 0.01324462890625 -0.64849853515625 -0.0527343750000001
-0.00699424743652344 0.0234012603759766 -0.410675048828125 0.288665771484375
0.0112018585205078 0.012263298034668 -0.048370361328125 0.294158935546875
-0.0152778625488281 0.0011739730834961 0.183334350585938 0.123458862304687
-0.00473213195800781 -0.0114727020263672 -0.128250122070312 -0.181671142578125
0.0136852264404297 0.0107851028442383 0.118316650390625 -0.2984619140625
0.0128488540649414 0.0123777389526367 0.4351806640625 -0.216094970703125
-0.0221481323242188 0.0102634429931641 0.63861083984375 0.182861328125
-0.0405464172363281 0.0108070373535156 0.300048828125 0.781005859375
0.0113182067871094 -0.0374107360839844 -0.371337890625 0.89337158203125
0.0379447937011719 -0.0264472961425781 -0.6336669921875 0.3575439453125
0.07196044921875 0.0191726684570313 0.0419998168945313 0.0763320922851563
0.0749588012695313 -0.0023193359375 0.752685546875 -0.28521728515625
0.0293292999267578 -0.0250701904296875 0.41937255859375 -0.897705078125
-0.0299034118652344 -0.0140876770019531 -0.44403076171875 -0.728271484375
-0.0449256896972656 0.0130691528320313 -0.6566162109375 -0.044677734375
-0.00691413879394531 0.0243148803710938 -0.4144287109375 0.2933349609375
0.0093994140625 0.0112524032592773 -0.050872802734375 0.299774169921875
-0.0116796493530273 -0.00122261047363281 0.180892944335938 0.126068115234375
-0.00397109985351563 -0.0152988433837891 -0.129669189453125 -0.176239013671875
0.0153093338012695 0.00673580169677735 0.1182861328125 -0.293701171875
0.0153207778930664 0.0123624801635742 0.4310302734375 -0.2078857421875
-0.0203742980957031 0.0133438110351563 0.62786865234375 0.19232177734375
-0.03961181640625 0.0164070129394531 0.2886962890625 0.785400390625
0.00853729248046875 -0.0345630645751953 -0.38568115234375 0.89398193359375
0.0324478149414063 -0.0232315063476563 -0.64154052734375 0.35430908203125
0.0634002685546875 0.0187110900878906 0.0374526977539063 0.0753173828125
0.0686607360839844 -0.0007476806640625 0.74578857421875 -0.2835693359375
0.0255126953125 -0.0208015441894531 0.41241455078125 -0.88983154296875
-0.0317306518554688 -0.0100746154785156 -0.4490966796875 -0.71856689453125
-0.0411834716796875 0.0141754150390625 -0.65496826171875 -0.0361938476562499
-0.00576972961425781 0.0232887268066406 -0.414154052734375 0.297027587890625
0.0107440948486328 0.00827980041503906 -0.048370361328125 0.302001953125
-0.00907611846923828 -0.00270557403564453 0.18255615234375 0.131439208984375
0.000490188598632811 -0.0176544189453125 -0.125595092773438 -0.168655395507813
0.018280029296875 0.00258255004882813 0.1207275390625 -0.2886962890625
0.0178451538085938 0.0106678009033203 0.430908203125 -0.20513916015625
-0.0144243240356445 0.015477180480957 0.62469482421875 0.19976806640625
-0.0388031005859375 0.0227470397949219 0.28216552734375 0.7967529296875
0.00521659851074219 -0.0252590179443359 -0.3939208984375 0.89306640625
0.0264835357666016 -0.0191707611083984 -0.64764404296875 0.35223388671875
0.055206298828125 0.0168952941894531 0.0347671508789063 0.0753631591796875
0.0611763000488281 -0.00144195556640625 0.73858642578125 -0.2911376953125
0.0195198059082031 -0.0143508911132813 0.3973388671875 -0.89068603515625
-0.0294456481933594 -0.00182723999023437 -0.46209716796875 -0.711181640625
-0.0382347106933594 0.016357421875 -0.65960693359375 -0.0286865234375
-0.00144767761230469 0.0219917297363281 -0.415740966796875 0.3023681640625
0.0145235061645508 0.00451087951660156 -0.04766845703125 0.30621337890625
-0.0051112174987793 -0.00855159759521485 0.17864990234375 0.134323120117188
0.0011138916015625 -0.0242366790771484 -0.12750244140625 -0.166107177734375
0.0234928131103516 -0.00335884094238281 0.123779296875 -0.28900146484375
0.0249366760253906 0.00645065307617188 0.429412841796875 -0.201629638671875
-0.00980567932128906 0.0195350646972656 0.62237548828125 0.20892333984375
-0.0369186401367187 0.0311203002929688 0.2762451171875 0.80084228515625
0.000385284423828126 -0.0184726715087891 -0.40606689453125 0.89404296875
0.0172138214111328 -0.0188694000244141 -0.65032958984375 0.34954833984375
0.0481491088867188 0.0142402648925781 0.0357208251953125 0.07476806640625
0.0513801574707031 7.62939453125E-05 0.73663330078125 -0.29351806640625
0.0136041641235352 -0.00713443756103516 0.39111328125 -0.89288330078125
-0.0299015045166016 0.00811958312988282 -0.47015380859375 -0.70550537109375
-0.0294475555419922 0.0220108032226563 -0.6611328125 -0.02191162109375
0.00516510009765625 0.0197677612304688 -0.412078857421875 0.30517578125
0.0208644866943359 -0.0014190673828125 -0.042755126953125 0.30780029296875
-0.00245189666748047 -0.0141229629516602 0.1824951171875 0.13970947265625
0.000165939331054687 -0.0298500061035156 -0.129806518554688 -0.1641845703125
0.029144287109375 -0.00876808166503906 0.125396728515625 -0.287078857421875
0.0296382904052734 0.00495338439941406 0.429412841796875 -0.200439453125
-0.00328254699707031 0.0240592956542969 0.62060546875 0.2144775390625
-0.0356063842773438 0.0419883728027344 0.26995849609375 0.80328369140625
-0.00485038757324219 -0.0101652145385742 -0.4114990234375 0.89324951171875
0.0101737976074219 -0.0165901184082031 -0.65216064453125 0.34490966796875
0.0426712036132812 0.0129966735839844 0.0390396118164062 0.07598876953125
0.0446815490722656 0.000431060791015625 0.739013671875 -0.296875
0.0102758407592773 5.43594360351563E-05 0.3878173828125 -0.8909912109375
-0.0266876220703125 0.018341064453125 -0.47247314453125 -0.6995849609375
-0.0211257934570313 0.0247325897216797 -0.658935546875 -0.0186767578125001
0.0133066177368164 0.0167551040649414 -0.408416748046875 0.305267333984375
0.0233592987060547 -0.00998497009277344 -0.04095458984375 0.308380126953125
-0.00353336334228516 -0.0173263549804688 0.184860229492188 0.14019775390625
-0.000473022460937496 -0.0334300994873047 -0.13287353515625 -0.164657592773438
0.0350837707519531 -0.0139522552490234 0.12615966796875 -0.289093017578125
0.0380821228027344 0.000461578369140625 0.431549072265625 -0.202850341796875
0.000572204589843748 0.0303840637207031 0.625244140625 0.21160888671875
-0.0358428955078125 0.0513687133789063 0.27044677734375 0.80645751953125
-0.010009765625 -0.00278282165527344 -0.41217041015625 0.89404296875
0.00476837158203125 -0.0166244506835937 -0.65032958984375 0.3441162109375
0.0362701416015625 0.00951004028320313 0.0444488525390625 0.076019287109375
0.0397796630859375 0.0011138916015625 0.74169921875 -0.30206298828125
0.00348138809204102 0.0080709457397461 0.3858642578125 -0.89801025390625
-0.0267086029052734 0.0282382965087891 -0.47650146484375 -0.69927978515625
-0.0154972076416016 0.0272045135498047 -0.6588134765625 -0.0178222656249999
0.0210647583007813 0.0145740509033203 -0.408355712890625 0.302459716796875
0.0311279296875 -0.0140838623046875 -0.038665771484375 0.30560302734375
-0.00196075439453125 -0.0218544006347656 0.185409545898438 0.139450073242188
-0.00987815856933594 -0.00819873809814453 -0.132858276367188 -0.188186645507812
0.0172052383422852 0.010594367980957 0.114410400390625 -0.306396484375
0.0168972015380859 0.0106296539306641 0.433563232421875 -0.230194091796875
-0.0216026306152344 0.0121784210205078 0.64251708984375 0.16156005859375
-0.0394668579101562 0.0155868530273437 0.324951171875 0.760986328125
0.0113449096679688 -0.0374565124511719 -0.34295654296875 0.88226318359375
0.0408592224121094 -0.0270347595214844 -0.6114501953125 0.357666015625
0.0741653442382813 0.0171966552734375 0.0543441772460938 0.0762252807617188
0.0757827758789063 -0.004425048828125 0.7576904296875 -0.2921142578125
0.0313625335693359 -0.0227851867675781 0.42864990234375 -0.89874267578125
-0.028961181640625 -0.00919532775878907 -0.43402099609375 -0.7318115234375
-0.0423355102539062 0.0138053894042969 -0.64324951171875 -0.0529785156249999
-0.00350761413574219 0.022216796875 -0.4052734375 0.28350830078125
0.0127534866333008 0.0122890472412109 -0.04742431640625 0.2872314453125
-0.0156707763671875 0.00256156921386719 0.18011474609375 0.114288330078125
-0.00903797149658203 -0.00942611694335937 -0.132476806640625 -0.185256958007813
0.0151262283325195 0.0121469497680664 0.111053466796875 -0.303009033203125
0.0130348205566406 0.0119905471801758 0.427703857421875 -0.225341796875
-0.0232276916503906 0.0114479064941406 0.63507080078125 0.16455078125
-0.039398193359375 0.0119705200195313 0.31414794921875 0.7606201171875
0.0117683410644531 -0.0386199951171875 -0.351318359375 0.8802490234375
0.0394172668457031 -0.0276985168457031 -0.61712646484375 0.356201171875
0.0732955932617187 0.0181808471679687 0.0481185913085938 0.0764083862304688
0.0768508911132813 -0.0037689208984375 0.75054931640625 -0.28759765625
0.0312595367431641 -0.0257625579833984 0.4202880859375 -0.88885498046875
-0.0303421020507813 -0.0125694274902344 -0.4354248046875 -0.7230224609375
-0.0431594848632813 0.0121841430664063 -0.64306640625 -0.04559326171875
-0.00621414184570313 0.0228042602539063 -0.402374267578125 0.288909912109375
0.0121679306030273 0.0133543014526367 -0.043548583984375 0.292816162109375
-0.0152568817138672 0.00242710113525391 0.180953979492188 0.121124267578125
-0.00562667846679688 -0.0084385871887207 -0.1280517578125 -0.179214477539062
0.0142345428466797 0.0104999542236328 0.11553955078125 -0.297882080078125
0.0130491256713867 0.0131845474243164 0.42626953125 -0.219268798828125
-0.0226039886474609 0.0110931396484375 0.63214111328125 0.17620849609375
-0.0388870239257813 0.0115394592285156 0.30548095703125 0.77130126953125
0.0122756958007812 -0.0382614135742188 -0.35986328125 0.887939453125
0.037841796875 -0.0244674682617188 -0.62353515625 0.35894775390625
0.0688514709472656 0.0181999206542969 0.0413055419921875 0.0751953125
0.0732803344726563 -0.003509521484375 0.74334716796875 -0.288818359375
0.0302543640136719 -0.0243930816650391 0.4090576171875 -0.8914794921875
-0.0297298431396484 -0.0138149261474609 -0.44964599609375 -0.71746826171875
-0.0437431335449219 0.0130348205566406 -0.64886474609375 -0.0382690429687499
-0.00657272338867187 0.0233573913574219 -0.407440185546875 0.2945556640625
0.00940322875976563 0.0118646621704102 -0.048065185546875 0.298370361328125
-0.0117292404174805 0.000700950622558595 0.1788330078125 0.123458862304688
-0.00295162200927734 -0.0133028030395508 -0.1298828125 -0.172821044921875
0.0143518447875977 0.00576877593994141 0.11468505859375 -0.293182373046875
0.0135211944580078 0.0124101638793945 0.4244384765625 -0.212646484375
-0.0210781097412109 0.0131931304931641 0.621826171875 0.1839599609375
-0.0380172729492188 0.0164718627929688 0.2933349609375 0.77734375
0.00973320007324219 -0.0338058471679688 -0.37493896484375 0.88482666015625
0.0306682586669922 -0.0226402282714844 -0.6324462890625 0.3553466796875
0.0616950988769531 0.0185394287109375 0.0374755859375 0.0757675170898438
0.0673255920410156 -0.00300216674804688 0.73583984375 -0.2884521484375
0.0281639099121094 -0.0216407775878906 0.4007568359375 -0.8839111328125
-0.0290565490722656 -0.00878143310546874 -0.453857421875 -0.7059326171875
-0.0391769409179688 0.0146865844726563 -0.6495361328125 -0.0302124023437501
-0.00459480285644531 0.0236358642578125 -0.407135009765625 0.297821044921875
0.0120697021484375 0.00775814056396484 -0.043975830078125 0.301025390625
-0.00826644897460938 -0.00135135650634766 0.180938720703125 0.130203247070313
0.000485420227050779 -0.0169811248779297 -0.12713623046875 -0.169052124023438
0.0169277191162109 0.00239944458007812 0.11822509765625 -0.2891845703125
0.0175132751464844 0.0105867385864258 0.423065185546875 -0.2083740234375
-0.0162649154663086 0.0155429840087891 0.62127685546875 0.194580078125
-0.0378036499023437 0.0221290588378906 0.28826904296875 0.78558349609375
0.00507545471191407 -0.0289897918701172 -0.3814697265625 0.88958740234375
0.022125244140625 -0.0202064514160156 -0.64019775390625 0.3541259765625
0.0554542541503906 0.0161056518554688 0.035125732421875 0.0736770629882813
0.05877685546875 -0.00216293334960937 0.728515625 -0.293701171875
0.0219364166259766 -0.0143451690673828 0.388427734375 -0.884033203125
-0.0300979614257813 -0.00184059143066406 -0.4658203125 -0.7010498046875
-0.0353164672851563 0.0172920227050781 -0.6527099609375 -0.02288818359375
0.000467300415039061 0.0216102600097656 -0.408172607421875 0.30364990234375
0.0142030715942383 0.00313568115234375 -0.04425048828125 0.3040771484375
-0.00781536102294922 -0.00734901428222656 0.1796875 0.133071899414063
0.000337600708007815 -0.0241527557373047 -0.128997802734375 -0.164459228515625
0.0221004486083984 -0.00320053100585938 0.11859130859375 -0.287750244140625
0.0236396789550781 0.00616455078125 0.423736572265625 -0.20556640625
-0.0108814239501953 0.0189533233642578 0.61785888671875 0.2017822265625
-0.037322998046875 0.0317115783691406 0.2821044921875 0.7923583984375
0.00073432922363281 -0.0193119049072266 -0.39312744140625 0.89044189453125
0.0148792266845703 -0.0186557769775391 -0.6434326171875 0.35064697265625
0.0472755432128906 0.01312255859375 0.0361175537109375 0.0725784301757813
0.0529975891113281 -0.00178909301757813 0.7271728515625 -0.29656982421875
0.0155458450317383 -0.006805419921875 0.37994384765625 -0.88665771484375
-0.0270290374755859 0.00875282287597656 -0.47265625 -0.6925048828125
-0.0290546417236328 0.0204658508300781 -0.65362548828125 -0.01318359375
0.00524711608886719 0.0190563201904297 -0.40576171875 0.305908203125
0.0190696716308594 -0.0018463134765625 -0.041351318359375 0.307098388671875
-0.00441455841064453 -0.0123329162597656 0.181289672851563 0.136398315429688
-0.000471115112304691 -0.02862548828125 -0.1300048828125 -0.163284301757812
0.0281124114990234 -0.00866508483886719 0.120758056640625 -0.287139892578125
0.0292034149169922 0.00151252746582031 0.422088623046875 -0.204010009765625
-0.00462150573730469 0.0255527496337891 0.6163330078125 0.20697021484375
-0.0365753173828125 0.0419387817382812 0.27569580078125 0.794189453125
-0.00435161590576172 -0.0100440979003906 -0.39910888671875 0.8876953125
0.00935840606689453 -0.0170974731445313 -0.64422607421875 0.34637451171875
0.0395698547363281 0.0107841491699219 0.0397262573242188 0.072906494140625
0.0451698303222656 -0.00026702880859375 0.72784423828125 -0.2977294921875
0.00937747955322266 0.000980377197265625 0.3773193359375 -0.8861083984375
-0.0266246795654297 0.0196571350097656 -0.475341796875 -0.690185546875
-0.0210533142089844 0.0254230499267578 -0.65283203125 -0.0122680664062501
0.0127372741699219 0.0159997940063477 -0.403228759765625 0.30584716796875
0.0249042510986328 -0.00831985473632813 -0.038726806640625 0.30487060546875
-0.002777099609375 -0.0177192687988281 0.181228637695313 0.138763427734375
-0.00106430053710938 -0.0315933227539063 -0.13323974609375 -0.162261962890625
0.0330238342285156 -0.0155143737792969 0.12286376953125 -0.288665771484375
0.0367355346679688 -0.000240325927734375 0.425048828125 -0.206634521484375
-0.000532150268554686 0.0287685394287109 0.6202392578125 0.2052001953125
-0.0342941284179687 0.0514602661132813 0.275146484375 0.79974365234375
-0.00712776184082031 -0.00389385223388672 -0.39984130859375 0.88616943359375
0.00396823883056641 -0.0164089202880859 -0.64154052734375 0.3468017578125
0.0364227294921875 0.00910568237304688 0.0438156127929688 0.0734710693359375
0.03955078125 -0.00049591064453125 0.733154296875 -0.3050537109375
0.00578927993774414 0.00786685943603516 0.3756103515625 -0.89007568359375
-0.0253372192382813 0.0286865234375 -0.47637939453125 -0.6904296875
-0.015411376953125 0.0278263092041016 -0.65435791015625 -0.0124511718750001
0.0200347900390625 0.0140190124511719 -0.39990234375 0.303955078125
0.0305671691894531 -0.0134925842285156 -0.035614013671875 0.30364990234375
-0.00350761413574219 -0.0222187042236328 0.183380126953125 0.136550903320313
-0.0116252899169922 -0.00709152221679687 -0.13262939453125 -0.185211181640625
0.0169363021850586 0.0107183456420898 0.109405517578125 -0.3043212890625
0.0157947540283203 0.0102624893188477 0.4263916015625 -0.230987548828125
-0.0219230651855469 0.0130653381347656 0.63983154296875 0.1551513671875
-0.0384407043457031 0.0153923034667969 0.3265380859375 0.75146484375
0.0130767822265625 -0.0376167297363281 -0.33233642578125 0.87664794921875
0.03955078125 -0.0261116027832031 -0.60302734375 0.3583984375
0.0718841552734375 0.017303466796875 0.0558090209960938 0.0747146606445313
0.076080322265625 -0.00684356689453125 0.74749755859375 -0.2923583984375
0.0328407287597656 -0.023040771484375 0.41815185546875 -0.8922119140625
-0.0274085998535156 -0.00805282592773437 -0.43499755859375 -0.72088623046875
-0.0409965515136719 0.0140647888183594 -0.63555908203125 -0.0461425781250001
-0.00323104858398437 0.0223941802978516 -0.39691162109375 0.2850341796875
0.0132026672363281 0.0103168487548828 -0.044403076171875 0.28668212890625
-0.0170278549194336 0.00258350372314453 0.178237915039063 0.11370849609375
-0.00835561752319336 -0.0081634521484375 -0.133987426757812 -0.182540893554688
0.0137100219726563 0.0124721527099609 0.107757568359375 -0.301300048828125
0.0118179321289063 0.0107574462890625 0.419342041015625 -0.228485107421875
-0.0234794616699219 0.0103874206542969 0.63092041015625 0.16094970703125
-0.0377082824707031 0.0124740600585938 0.31732177734375 0.75128173828125
0.01348876953125 -0.0388107299804688 -0.34033203125 0.8748779296875
0.0387535095214844 -0.0264358520507813 -0.6094970703125 0.35675048828125
0.0705642700195313 0.0181884765625 0.0479049682617188 0.0740509033203125
0.0757522583007813 -0.0050048828125 0.740234375 -0.2877197265625
0.0315971374511719 -0.0258674621582031 0.4114990234375 -0.88275146484375
-0.0276679992675781 -0.0123100280761719 -0.43792724609375 -0.71173095703125
-0.0437545776367187 0.0125236511230469 -0.63623046875 -0.0404663085937499
-0.00687789916992188 0.0232048034667969 -0.397735595703125 0.288665771484375
0.0104951858520508 0.013310432434082 -0.043487548828125 0.291748046875
-0.0145072937011719 0.00264644622802734 0.17828369140625 0.118576049804688
-0.00708770751953125 -0.00960731506347656 -0.130218505859375 -0.178115844726563
0.0127696990966797 0.00978279113769531 0.111175537109375 -0.296600341796875
0.0125417709350586 0.0121726989746094 0.422027587890625 -0.221405029296875
-0.024017333984375 0.0127239227294922 0.62750244140625 0.169921875
-0.0376930236816406 0.0122489929199219 0.311279296875 0.76226806640625
0.0127182006835937 -0.0390777587890625 -0.34857177734375 0.88262939453125
0.0358657836914062 -0.0240020751953125 -0.61614990234375 0.3570556640625
0.0676536560058594 0.0178260803222656 0.0413894653320313 0.0728073120117188
0.0737075805664063 -0.00385284423828125 0.73236083984375 -0.28961181640625
0.0314979553222656 -0.0249385833740234 0.39971923828125 -0.88604736328125
-0.0294818878173828 -0.0129070281982422 -0.44818115234375 -0.70660400390625
-0.0425605773925781 0.013824462890625 -0.64288330078125 -0.0345458984375
-0.00746536254882812 0.0236396789550781 -0.40087890625 0.295562744140625
0.0106868743896484 0.0110797882080078 -0.045196533203125 0.29632568359375
-0.0117959976196289 0.00010871887207031 0.178146362304688 0.122421264648438
-0.00447654724121094 -0.012639045715332 -0.130935668945313 -0.172103881835937
0.013911247253418 0.00738430023193359 0.1112060546875 -0.29180908203125
0.0137138366699219 0.009979248046875 0.41741943359375 -0.215087890625
-0.0207157135009766 0.0136623382568359 0.6192626953125 0.17791748046875
-0.0368385314941406 0.0166854858398438 0.2996826171875 0.76788330078125
0.0105762481689453 -0.0335216522216797 -0.36529541015625 0.87957763671875
0.0298385620117187 -0.0227222442626953 -0.62530517578125 0.354736328125
0.0606269836425781 0.0179595947265625 0.03668212890625 0.072784423828125
0.0664024353027344 -0.0035247802734375 0.7249755859375 -0.2884521484375
0.0276679992675781 -0.0206508636474609 0.39111328125 -0.87835693359375
-0.0288181304931641 -0.00811004638671875 -0.45281982421875 -0.696533203125
-0.0396499633789063 0.0170135498046875 -0.64251708984375 -0.0250244140624999
-0.00435066223144531 0.0221977233886719 -0.39886474609375 0.29840087890625
0.0107202529907227 0.00801849365234375 -0.04248046875 0.298583984375
-0.0107717514038086 -0.00280284881591797 0.179443359375 0.128677368164063
-0.0014190673828125 -0.0179672241210938 -0.126876831054688 -0.1669921875
0.0158319473266602 0.00247573852539063 0.113616943359375 -0.28802490234375
0.0168981552124023 0.00828075408935547 0.4188232421875 -0.2119140625
-0.0169172286987305 0.0167179107666016 0.616455078125 0.18719482421875
-0.0373039245605469 0.0225715637207031 0.29119873046875 0.7769775390625
0.00601577758789063 -0.0260524749755859 -0.37060546875 0.88153076171875
0.0221042633056641 -0.0198745727539063 -0.632080078125 0.35211181640625
0.0519180297851562 0.0168380737304688 0.0337982177734375 0.073028564453125
0.0581245422363281 -0.00343704223632813 0.71881103515625 -0.29437255859375
0.0215110778808594 -0.0153694152832031 0.3782958984375 -0.879150390625
-0.0277347564697266 -0.0014801025390625 -0.4644775390625 -0.6890869140625
-0.0338783264160156 0.0159015655517578 -0.6466064453125 -0.0166015624999999
-0.00089263916015625 0.0209999084472656 -0.400604248046875 0.3045654296875
0.0124797821044922 0.00358200073242188 -0.043701171875 0.303375244140625
-0.00754356384277344 -0.00809478759765625 0.178421020507812 0.132049560546875
-0.00182151794433594 -0.0222568511962891 -0.128692626953125 -0.163177490234375
0.020965576171875 -0.00403594970703125 0.116546630859375 -0.28717041015625
0.0223579406738281 0.00576400756835938 0.415374755859375 -0.206939697265625
-0.0118999481201172 0.0204238891601562 0.612548828125 0.19464111328125
-0.0346527099609375 0.0317955017089844 0.28466796875 0.7822265625
0.000759124755859377 -0.0198497772216797 -0.3818359375 0.884033203125
0.0162239074707031 -0.0180187225341797 -0.63525390625 0.3529052734375
0.0463066101074219 0.01544189453125 0.036590576171875 0.0718841552734375
0.0510215759277344 -0.00111770629882813 0.71728515625 -0.2974853515625
0.0157232284545898 -0.00670242309570312 0.3717041015625 -0.87896728515625
-0.0259208679199219 0.00898170471191406 -0.4727783203125 -0.68341064453125
-0.0273952484130859 0.0223426818847656 -0.64898681640625 -0.00805664062500003
0.00750541687011719 0.0185794830322266 -0.399566650390625 0.307891845703125
0.0201034545898438 -0.00332832336425781 -0.038787841796875 0.303680419921875
-0.00516605377197266 -0.0122365951538086 0.179351806640625 0.134170532226563
-0.00174522399902344 -0.0268993377685547 -0.131576538085937 -0.162307739257813
0.0274124145507813 -0.00923347473144531 0.11712646484375 -0.285247802734375
0.0281257629394531 0.00156211853027344 0.416351318359375 -0.2041015625
-0.00653457641601563 0.023956298828125 0.61273193359375 0.19927978515625
-0.0348052978515625 0.0413742065429688 0.27874755859375 0.78741455078125
-0.0023651123046875 -0.0136194229125977 -0.3892822265625 0.88140869140625
0.00717544555664063 -0.0164070129394531 -0.63787841796875 0.347412109375
0.0386886596679688 0.00997543334960937 0.0383529663085937 0.0725173950195313
0.0456619262695313 0.00020599365234375 0.72052001953125 -0.29901123046875
0.0112342834472656 0.000371932983398438 0.3670654296875 -0.87933349609375
-0.0258331298828125 0.0200691223144531 -0.47564697265625 -0.6785888671875
-0.0222263336181641 0.0256404876708984 -0.645263671875 -0.00463867187500007
0.013606071472168 0.0160665512084961 -0.397216796875 0.3062744140625
0.023712158203125 -0.0093994140625 -0.035552978515625 0.3048095703125
-0.00547504425048828 -0.0167465209960937 0.1817626953125 0.135406494140625
-0.00267601013183594 -0.0310726165771484 -0.132736206054688 -0.160888671875
0.0331935882568359 -0.0149707794189453 0.119110107421875 -0.287811279296875
0.03460693359375 -0.000841140747070313 0.41943359375 -0.2091064453125
-0.000593185424804689 0.0289096832275391 0.61669921875 0.20013427734375
-0.0318374633789063 0.0512580871582031 0.2794189453125 0.78857421875
-0.00758600234985352 -0.00468015670776367 -0.38885498046875 0.8818359375
0.00179004669189453 -0.0149421691894531 -0.63397216796875 0.347412109375
0.0346488952636719 0.00927543640136719 0.0437545776367188 0.072540283203125
0.0395240783691406 -0.0008544921875 0.7237548828125 -0.30596923828125
0.00649738311767578 0.00785398483276367 0.36810302734375 -0.88433837890625
-0.0248222351074219 0.0281524658203125 -0.476318359375 -0.67926025390625
-0.0146446228027344 0.0279998779296875 -0.64727783203125 -0.00769042968750013
0.0193996429443359 0.0129623413085937 -0.395050048828125 0.305389404296875
0.0291061401367188 -0.0141372680664063 -0.033843994140625 0.302001953125
-0.0037384033203125 -0.0204429626464844 0.182952880859375 0.134994506835938
-0.0131082534790039 -0.00620841979980469 -0.13421630859375 -0.18438720703125
0.0160894393920898 0.00977897644042969 0.107574462890625 -0.30426025390625
0.0148429870605469 0.0100231170654297 0.420562744140625 -0.232635498046875
-0.0231227874755859 0.0126056671142578 0.635986328125 0.152099609375
-0.0366058349609375 0.0146522521972656 0.328857421875 0.7421875
0.0123443603515625 -0.0369110107421875 -0.32391357421875 0.87054443359375
0.0376243591308594 -0.0249824523925781 -0.5966796875 0.35595703125
0.0708770751953125 0.0178909301757812 0.0536651611328125 0.0722885131835937
0.0740432739257813 -0.006103515625 0.7391357421875 -0.29254150390625
0.0325736999511719 -0.0239429473876953 0.41082763671875 -0.885498046875
-0.0269508361816406 -0.00904655456542969 -0.434326171875 -0.71221923828125
-0.0394554138183594 0.0150909423828125 -0.630859375 -0.0433349609374999
-0.002471923828125 0.0218257904052734 -0.39300537109375 0.2838134765625
0.0130605697631836 0.0110626220703125 -0.04302978515625 0.285369873046875
-0.0170631408691406 0.00311183929443359 0.17620849609375 0.112457275390625
-0.0101232528686523 -0.00625133514404297 -0.1346435546875 -0.180282592773437
0.0141239166259766 0.011723518371582 0.105255126953125 -0.300628662109375
0.0112552642822266 0.00984668731689453 0.414642333984375 -0.227508544921875
-0.0254230499267578 0.0112819671630859 0.6258544921875 0.15423583984375
-0.0374984741210938 0.0107650756835938 0.321044921875 0.74298095703125
0.0137863159179688 -0.0396995544433594 -0.33355712890625 0.8675537109375
0.0380477905273438 -0.0254287719726563 -0.6026611328125 0.35577392578125
0.0684165954589844 0.0175819396972656 0.0471267700195313 0.0715408325195313
0.0748443603515625 -0.00440216064453125 0.73248291015625 -0.28778076171875
0.0330219268798828 -0.0244083404541016 0.40447998046875 -0.87640380859375
-0.0272140502929688 -0.0135173797607422 -0.4364013671875 -0.702392578125
-0.0429458618164063 0.0133781433105469 -0.63323974609375 -0.0375366210937499
-0.00607681274414063 0.0241851806640625 -0.39141845703125 0.290130615234375
0.0103168487548828 0.0117216110229492 -0.04010009765625 0.288970947265625
-0.0148983001708984 0.00258350372314453 0.17877197265625 0.117385864257813
-0.00677156448364258 -0.00834941864013672 -0.129653930664063 -0.17523193359375
0.0128746032714844 0.0110311508178711 0.10955810546875 -0.295166015625
0.0109901428222656 0.0110654830932617 0.41546630859375 -0.2230224609375
-0.0243625640869141 0.0118770599365234 0.6248779296875 0.166015625
-0.0381050109863281 0.0111808776855469 0.31439208984375 0.7559814453125
0.0127677917480469 -0.0383834838867188 -0.33990478515625 0.8743896484375
0.0349807739257813 -0.0243167877197266 -0.61175537109375 0.355712890625
0.0659942626953125 0.0192642211914063 0.0413055419921875 0.0716400146484375
0.072021484375 -0.0052947998046875 0.72601318359375 -0.29058837890625
0.0311546325683594 -0.0249595642089844 0.3916015625 -0.87896728515625
-0.0271358489990234 -0.0120143890380859 -0.44732666015625 -0.69720458984375
-0.0423011779785156 0.0131950378417969 -0.63763427734375 -0.0301513671875
-0.00609970092773438 0.0237598419189453 -0.39691162109375 0.295013427734375
0.00960826873779297 0.0107259750366211 -0.0426025390625 0.294403076171875
-0.0114965438842773 0.00163555145263672 0.176803588867188 0.12066650390625
-0.00526332855224609 -0.0119314193725586 -0.131240844726563 -0.169906616210937
0.0136318206787109 0.00688076019287109 0.107421875 -0.2919921875
0.012639045715332 0.0108413696289063 0.411102294921875 -0.214324951171875
-0.021942138671875 0.0152416229248047 0.61383056640625 0.17535400390625
-0.0364608764648438 0.0164222717285156 0.30059814453125 0.7589111328125
0.00903892517089844 -0.0349292755126953 -0.35595703125 0.87493896484375
0.0286827087402344 -0.0220603942871094 -0.6175537109375 0.3525390625
0.0583610534667969 0.0189933776855469 0.0357131958007813 0.0715789794921875
0.0658912658691406 -0.00348281860351563 0.71929931640625 -0.2908935546875
0.0269718170166016 -0.0220623016357422 0.38482666015625 -0.87115478515625
-0.0285778045654297 -0.00728797912597656 -0.45281982421875 -0.687744140625
-0.0395660400390625 0.01556396484375 -0.6383056640625 -0.0206298828125001
-0.00467109680175782 0.0222644805908203 -0.393768310546875 0.30084228515625
0.0113821029663086 0.00795269012451172 -0.03985595703125 0.29693603515625
-0.010014533996582 -0.0017242431640625 0.176727294921875 0.125869750976562
-0.00419712066650391 -0.0170736312866211 -0.127685546875 -0.165618896484375
0.0157909393310547 0.00295925140380859 0.111175537109375 -0.28857421875
0.0166797637939453 0.00977039337158203 0.41259765625 -0.21136474609375
-0.0175457000732422 0.014674186706543 0.6116943359375 0.18353271484375
-0.0351943969726563 0.0226020812988281 0.2955322265625 0.76812744140625
0.00735282897949219 -0.0260562896728516 -0.3638916015625 0.87579345703125
0.0205879211425781 -0.0188064575195313 -0.62396240234375 0.35150146484375
0.0511627197265625 0.0149459838867188 0.0341873168945313 0.0700759887695313
0.0591583251953125 -0.00146102905273438 0.71136474609375 -0.29315185546875
0.0216140747070313 -0.0146198272705078 0.37261962890625 -0.87188720703125
-0.0261421203613281 -0.000974655151367191 -0.46258544921875 -0.6807861328125
-0.0333271026611328 0.0178565979003906 -0.6422119140625 -0.0133056640625001
-0.000148773193359373 0.0206069946289063 -0.394927978515625 0.303375244140625
0.013606071472168 0.00376319885253906 -0.041015625 0.302642822265625
-0.00796031951904297 -0.00570821762084961 0.176910400390625 0.1309814453125
-0.00212478637695312 -0.0226993560791016 -0.129409790039062 -0.16162109375
0.0213451385498047 -0.00423049926757813 0.11322021484375 -0.28656005859375
0.0224418640136719 0.00452041625976563 0.4110107421875 -0.20831298828125
-0.0128097534179688 0.0213947296142578 0.610107421875 0.19158935546875
-0.03302001953125 0.0319175720214844 0.2880859375 0.7744140625
0.00139617919921875 -0.0211200714111328 -0.37408447265625 0.87738037109375
0.0137405395507812 -0.0158205032348633 -0.62835693359375 0.349853515625
0.0430717468261719 0.013580322265625 0.0355606079101563 0.0704421997070313
0.0518035888671875 -0.00135421752929688 0.7110595703125 -0.2994384765625
0.0162982940673828 -0.0064239501953125 0.36456298828125 -0.8734130859375
-0.0265007019042969 0.00916671752929688 -0.4716796875 -0.67364501953125
-0.0269927978515625 0.0205135345458984 -0.64202880859375 -0.00549316406249992
0.00628662109375 0.0188674926757813 -0.39202880859375 0.3060302734375
0.0182895660400391 -0.00249099731445313 -0.03662109375 0.302764892578125
-0.00472545623779297 -0.0120677947998047 0.17938232421875 0.131851196289063
-0.00313377380371094 -0.025299072265625 -0.130523681640625 -0.1597900390625
0.0268402099609375 -0.00907135009765625 0.112579345703125 -0.28765869140625
0.0276603698730469 0.00193023681640625 0.4117431640625 -0.20648193359375
-0.00732994079589843 0.0258731842041016 0.60845947265625 0.1964111328125
-0.0327682495117188 0.0409736633300781 0.28271484375 0.7786865234375
-0.00259780883789063 -0.0133810043334961 -0.38079833984375 0.87530517578125
0.00537967681884765 -0.0146780014038086 -0.63006591796875 0.345458984375
0.0366554260253906 0.011444091796875 0.0389633178710937 0.0706787109375
0.0436668395996094 -0.00136184692382813 0.71356201171875 -0.30120849609375
0.011871337890625 0.00162792205810547 0.36248779296875 -0.8736572265625
-0.0241889953613281 0.0197277069091797 -0.47454833984375 -0.67041015625
-0.0199012756347656 0.025604248046875 -0.64080810546875 -0.00268554687500001
0.0137100219726562 0.0152559280395508 -0.391571044921875 0.307891845703125
0.0240325927734375 -0.00958442687988281 -0.034759521484375 0.303192138671875
-0.00500011444091797 -0.0160932540893555 0.179412841796875 0.13427734375
-0.00313758850097656 -0.0294532775878906 -0.134017944335938 -0.1591796875
0.0312919616699219 -0.0144577026367188 0.11639404296875 -0.287628173828125
0.0334510803222656 -0.00014495849609375 0.414093017578125 -0.209228515625
-0.00143241882324219 0.0298900604248047 0.61383056640625 0.19610595703125
-0.0321693420410156 0.0504646301269531 0.28314208984375 0.78173828125
-0.00578880310058594 -0.00615310668945312 -0.38214111328125 0.87548828125
0.00143146514892578 -0.0158224105834961 -0.6295166015625 0.34552001953125
0.0335960388183594 0.00907707214355469 0.0436477661132813 0.070159912109375
0.0384521484375 -0.0003509521484375 0.7169189453125 -0.30694580078125
0.00665569305419922 0.00736045837402344 0.35992431640625 -0.8773193359375
-0.0241279602050781 0.0280799865722656 -0.47509765625 -0.67266845703125
-0.0144538879394531 0.0284976959228516 -0.64105224609375 -0.00347900390624992
0.0192680358886719 0.0129585266113281 -0.388641357421875 0.304595947265625
0.0298652648925781 -0.0150737762451172 -0.03289794921875 0.300140380859375
-0.0049896240234375 -0.0192737579345703 0.181961059570313 0.133590698242188
-0.0129985809326172 -0.00487422943115234 -0.133316040039063 -0.183624267578125
0.0149440765380859 0.0106220245361328 0.1048583984375 -0.30364990234375
0.0140523910522461 0.00946044921875 0.416900634765625 -0.233978271484375
-0.0235500335693359 0.0118637084960937 0.63067626953125 0.14886474609375
-0.0369491577148438 0.013763427734375 0.33172607421875 0.73651123046875
0.0120201110839844 -0.0380821228027344 -0.3182373046875 0.8636474609375
0.0361137390136719 -0.0255393981933594 -0.59051513671875 0.3558349609375
0.0686302185058594 0.0177841186523438 0.05316162109375 0.0713958740234375
0.0736465454101562 -0.0049896240234375 0.7330322265625 -0.29083251953125
0.0320987701416016 -0.0243606567382813 0.40716552734375 -0.88262939453125
-0.0267410278320313 -0.00786209106445312 -0.43328857421875 -0.70623779296875
-0.0407371520996094 0.0158805847167969 -0.626220703125 -0.04205322265625
-0.00254058837890625 0.020782470703125 -0.387359619140625 0.283599853515625
0.0129280090332031 0.0104465484619141 -0.04132080078125 0.284637451171875
-0.0161151885986328 0.00387287139892578 0.175460815429688 0.112442016601562
-0.0114526748657227 -0.00652027130126953 -0.134185791015625 -0.180252075195312
0.0138721466064453 0.0124444961547852 0.103363037109375 -0.3006591796875
0.0103702545166016 0.0105218887329102 0.408721923828125 -0.227508544921875
-0.0264205932617187 0.0115242004394531 0.62310791015625 0.1519775390625
-0.0363311767578125 0.0120773315429687 0.3214111328125 0.73529052734375
0.0140914916992188 -0.0395736694335938 -0.32696533203125 0.86138916015625
0.0374183654785156 -0.0245018005371094 -0.5989990234375 0.353759765625
0.0680084228515625 0.0180435180664062 0.0447998046875 0.0705032348632813
0.0733718872070313 -0.005157470703125 0.7271728515625 -0.2862548828125
0.0320796966552734 -0.0254249572753906 0.3980712890625 -0.8726806640625
-0.0256881713867187 -0.0124740600585937 -0.4337158203125 -0.6995849609375
-0.0406417846679688 0.01361083984375 -0.6260986328125 -0.03363037109375
-0.00537109375 0.0229892730712891 -0.388763427734375 0.288848876953125
0.0108003616333008 0.0122194290161133 -0.039154052734375 0.28729248046875
-0.016240119934082 0.00292873382568359 0.175079345703125 0.117355346679688
-0.0073404312133789 -0.00727033615112305 -0.128311157226563 -0.175506591796875
0.0112104415893555 0.0112524032592773 0.1051025390625 -0.295623779296875
0.00876903533935547 0.0126676559448242 0.412109375 -0.222808837890625
-0.0258579254150391 0.0120735168457031 0.6165771484375 0.16265869140625
-0.037628173828125 0.0101661682128906 0.31414794921875 0.7490234375
0.0126609802246094 -0.0398292541503906 -0.335205078125 0.8690185546875
0.0332832336425781 -0.0219154357910156 -0.60626220703125 0.35418701171875
0.0650863647460938 0.0180740356445313 0.0406646728515625 0.072052001953125
0.070220947265625 -0.00537490844726563 0.71978759765625 -0.28948974609375
0.0323543548583984 -0.0253200531005859 0.388916015625 -0.87347412109375
-0.0270881652832031 -0.0127067565917969 -0.44671630859375 -0.692626953125
-0.04217529296875 0.0152854919433594 -0.631591796875 -0.0265502929687501
-0.00803184509277344 0.0229911804199219 -0.390838623046875 0.294403076171875
0.00934505462646484 0.0110549926757812 -0.042022705078125 0.2935791015625
-0.0121335983276367 0.00226974487304688 0.173126220703125 0.119842529296875
-0.00777339935302734 -0.0115509033203125 -0.13140869140625 -0.1700439453125
0.0121860504150391 0.00896263122558594 0.10345458984375 -0.29193115234375
0.0113143920898438 0.00974845886230469 0.4073486328125 -0.216766357421875
-0.0224761962890625 0.0134944915771484 0.61138916015625 0.1722412109375
-0.0348129272460938 0.0160503387451172 0.30401611328125 0.752197265625
0.0112342834472656 -0.0344467163085938 -0.3502197265625 0.86700439453125
0.0280380249023438 -0.0210151672363281 -0.61370849609375 0.3505859375
0.0575065612792969 0.0171966552734375 0.0354080200195313 0.0704879760742188
0.0657234191894531 -0.00299453735351563 0.7113037109375 -0.2882080078125
0.0276584625244141 -0.0222873687744141 0.37957763671875 -0.86676025390625
-0.0260143280029297 -0.00918769836425781 -0.44976806640625 -0.68243408203125
-0.0385780334472656 0.0166435241699219 -0.63214111328125 -0.0191650390625
-0.00459671020507812 0.0236701965332031 -0.3892822265625 0.297607421875
0.0108528137207031 0.00640392303466797 -0.03973388671875 0.295928955078125
-0.011113166809082 -0.00066852569580078 0.177001953125 0.124786376953125
-0.00396537780761719 -0.0164642333984375 -0.1270751953125 -0.1640625
0.0167713165283203 0.00292301177978516 0.111114501953125 -0.286834716796875
0.0142993927001953 0.00764942169189453 0.408935546875 -0.212066650390625
-0.0171546936035156 0.0148591995239258 0.606689453125 0.17974853515625
-0.0353965759277344 0.0215530395507812 0.2962646484375 0.7623291015625
0.00715255737304687 -0.0299320220947266 -0.35711669921875 0.8707275390625
0.0201778411865234 -0.0194034576416016 -0.6204833984375 0.3509521484375
0.0488853454589844 0.0181236267089844 0.0318679809570313 0.0693893432617188
0.0580787658691406 -0.00182342529296875 0.70849609375 -0.292724609375
0.0213737487792969 -0.0143604278564453 0.3670654296875 -0.86456298828125
-0.0262260437011719 -0.000833511352539067 -0.462890625 -0.6756591796875
-0.0321712493896484 0.0180740356445312 -0.63818359375 -0.0117187500000001
0.000545501708984374 0.0203647613525391 -0.390899658203125 0.302581787109375
0.0129327774047852 0.00255298614501953 -0.039642333984375 0.30047607421875
-0.00734472274780273 -0.00716924667358398 0.17535400390625 0.130279541015625
-0.00363349914550781 -0.020355224609375 -0.130401611328125 -0.161117553710937
0.0198822021484375 -0.00259780883789063 0.111724853515625 -0.28594970703125
0.0204811096191406 0.0055084228515625 0.407318115234375 -0.208526611328125
-0.0132713317871094 0.0196876525878906 0.60888671875 0.18902587890625
-0.0336151123046875 0.0309314727783203 0.291748046875 0.76934814453125
0.00229454040527344 -0.0202693939208984 -0.3680419921875 0.872314453125
0.0122823715209961 -0.0163164138793945 -0.62396240234375 0.3487548828125
0.0426177978515625 0.0137481689453125 0.0338897705078125 0.07000732421875
0.0504417419433594 -0.00355911254882813 0.70306396484375 -0.2972412109375
0.0171146392822266 -0.00790786743164063 0.3587646484375 -0.86590576171875
-0.0251045227050781 0.00931549072265624 -0.47064208984375 -0.669921875
-0.0270290374755859 0.0223636627197266 -0.63812255859375 -0.00158691406250001
0.00637435913085937 0.0179061889648437 -0.3885498046875 0.30584716796875
0.0183067321777344 -0.00342178344726563 -0.035980224609375 0.301025390625
-0.00560474395751953 -0.011988639831543 0.177825927734375 0.132675170898438
-0.00246620178222656 -0.0255126953125 -0.130218505859375 -0.1578369140625
0.0248565673828125 -0.00938796997070313 0.113677978515625 -0.28564453125
0.0269584655761719 0.00255203247070313 0.407012939453125 -0.20794677734375
-0.00633049011230469 0.0255260467529297 0.60455322265625 0.194091796875
-0.031646728515625 0.0401725769042969 0.28302001953125 0.7708740234375
-0.00249481201171875 -0.0120639801025391 -0.37603759765625 0.8704833984375
0.00673103332519531 -0.0144214630126953 -0.62506103515625 0.3433837890625
0.0358505249023438 0.0117988586425781 0.0379753112792969 0.0681495666503906
0.043487548828125 -0.0015716552734375 0.70587158203125 -0.30023193359375
0.0128345489501953 0.000603675842285156 0.35791015625 -0.866943359375
-0.0229759216308594 0.0194034576416016 -0.4718017578125 -0.66253662109375
-0.0202770233154297 0.0259208679199219 -0.63458251953125 -0.00164794921874997
0.0133075714111328 0.0134410858154297 -0.387115478515625 0.306549072265625
0.0236663818359375 -0.00967216491699219 -0.0335693359375 0.300384521484375
-0.00608634948730469 -0.01513671875 0.177200317382812 0.133102416992187
-0.00524711608886719 -0.0286979675292969 -0.133453369140625 -0.15850830078125
0.0312919616699219 -0.0149345397949219 0.1143798828125 -0.28717041015625
0.0336265563964844 -0.00104522705078125 0.40948486328125 -0.20977783203125
-0.00177001953125 0.0297737121582031 0.6087646484375 0.1925048828125
-0.0305061340332031 0.0501022338867187 0.28564453125 0.7733154296875
-0.00585603713989258 -0.00559329986572266 -0.375244140625 0.86962890625
0.000203132629394531 -0.0146045684814453 -0.62445068359375 0.343994140625
0.0329265594482422 0.00982284545898437 0.0416374206542969 0.0690383911132813
0.0381126403808594 3.814697265625E-05 0.70843505859375 -0.30523681640625
0.00805759429931641 0.00816488265991211 0.3558349609375 -0.87274169921875
-0.0221118927001953 0.0278358459472656 -0.47491455078125 -0.6671142578125
-0.0140190124511719 0.0280551910400391 -0.634765625 -0.000915527343750074
0.0194454193115234 0.0129680633544922 -0.383544921875 0.30438232421875
0.0299015045166016 -0.0148963928222656 -0.031341552734375 0.2982177734375
-0.00517845153808594 -0.0193347930908203 0.178390502929688 0.13140869140625
-0.0135440826416016 -0.00535964965820312 -0.134002685546875 -0.183303833007813
0.0158157348632813 0.0109186172485352 0.103179931640625 -0.303497314453125
0.01239013671875 0.00896358489990234 0.411834716796875 -0.232208251953125
-0.0246772766113281 0.01324462890625 0.62713623046875 0.146484375
-0.0348892211914062 0.0141239166259766 0.33184814453125 0.73114013671875
0.011932373046875 -0.0387077331542969 -0.314208984375 0.85797119140625
0.036407470703125 -0.0240440368652344 -0.59039306640625 0.35345458984375
0.066650390625 0.0173072814941406 0.0522079467773438 0.0704193115234375
0.0732192993164063 -0.0068817138671875 0.72802734375 -0.28900146484375
0.0320644378662109 -0.0235404968261719 0.40155029296875 -0.874755859375
-0.0263271331787109 -0.00864791870117188 -0.43023681640625 -0.6993408203125
-0.0393180847167969 0.0152587890625 -0.6219482421875 -0.0393066406250001
-0.00261878967285156 0.0207862854003906 -0.38446044921875 0.28314208984375
0.0129499435424805 0.0103244781494141 -0.040802001953125 0.2822265625
-0.0181522369384766 0.00550079345703125 0.173507690429687 0.110748291015625
-0.0112161636352539 -0.00807952880859375 -0.135116577148438 -0.180068969726563
0.0126962661743164 0.0121898651123047 0.10211181640625 -0.2987060546875
0.0101785659790039 0.0101222991943359 0.407562255859375 -0.22930908203125
-0.0261211395263672 0.0119056701660156 0.6195068359375 0.15185546875
-0.0361671447753906 0.011932373046875 0.3216552734375 0.7308349609375
0.0141258239746094 -0.0393257141113281 -0.32403564453125 0.85675048828125
0.0350093841552734 -0.0241718292236328 -0.595458984375 0.35015869140625
0.0671768188476563 0.019500732421875 0.0445632934570313 0.0702590942382812
0.0734786987304687 -0.006591796875 0.720947265625 -0.2840576171875
0.0333213806152344 -0.0256195068359375 0.39691162109375 -0.8643798828125
-0.0251426696777344 -0.0121898651123047 -0.43231201171875 -0.6925048828125
-0.0422286987304687 0.0144233703613281 -0.62091064453125 -0.0326538085937501
-0.00583648681640625 0.0214824676513672 -0.384002685546875 0.288116455078125
0.00940608978271484 0.0109348297119141 -0.0380859375 0.287261962890625
-0.0168056488037109 0.00420570373535157 0.174850463867188 0.116851806640625
-0.00869131088256836 -0.00693464279174805 -0.131607055664063 -0.175445556640625
0.0105676651000977 0.0104084014892578 0.10467529296875 -0.294891357421875
0.00784969329833984 0.0109920501708984 0.408447265625 -0.222198486328125
-0.0235443115234375 0.0121593475341797 0.6163330078125 0.159912109375
-0.0356407165527344 0.009857177734375 0.3150634765625 0.74310302734375
0.0130882263183594 -0.0395088195800781 -0.33135986328125 0.86474609375
0.0320415496826172 -0.022247314453125 -0.60321044921875 0.3529052734375
0.0635261535644531 0.01837158203125 0.0393638610839844 0.068450927734375
0.0710830688476562 -0.00508880615234375 0.7127685546875 -0.28680419921875
0.0321922302246094 -0.025115966796875 0.38433837890625 -0.86669921875
-0.0250358581542969 -0.0107250213623047 -0.4447021484375 -0.686767578125
-0.0412788391113281 0.0134544372558594 -0.62860107421875 -0.02392578125
-0.00596046447753906 0.0227928161621094 -0.3880615234375 0.294647216796875
0.00858497619628906 0.0101461410522461 -0.041290283203125 0.2919921875
-0.0125970840454102 0.00244617462158203 0.173934936523438 0.118255615234375
-0.00813770294189453 -0.0109090805053711 -0.130203247070313 -0.168792724609375
0.0124187469482422 0.00809955596923828 0.104095458984375 -0.2908935546875
0.0105447769165039 0.00959587097167969 0.404205322265625 -0.21649169921875
-0.0218353271484375 0.0129375457763672 0.6092529296875 0.17041015625
-0.0344905853271484 0.0149765014648437 0.3040771484375 0.748291015625
0.010040283203125 -0.0368423461914063 -0.34564208984375 0.8609619140625
0.026458740234375 -0.0204925537109375 -0.61041259765625 0.34881591796875
0.0554924011230469 0.0178070068359375 0.0350418090820313 0.0691604614257813
0.0647048950195313 -0.0041351318359375 0.7064208984375 -0.28765869140625
0.0274810791015625 -0.0211200714111328 0.37664794921875 -0.8609619140625
-0.0254116058349609 -0.00937843322753907 -0.44775390625 -0.67584228515625
-0.0391807556152344 0.0157585144042969 -0.6278076171875 -0.01702880859375
-0.004852294921875 0.0213565826416016 -0.385711669921875 0.29754638671875
0.0102815628051758 0.00793838500976562 -0.037322998046875 0.2955322265625
-0.0107049942016602 -0.000541687011718752 0.175140380859375 0.12579345703125
-0.00539588928222656 -0.0160799026489258 -0.129180908203125 -0.16558837890625
0.0161170959472656 0.00435924530029297 0.1080322265625 -0.286865234375
0.0154457092285156 0.00754547119140625 0.406005859375 -0.21295166015625
-0.0172519683837891 0.0168838500976563 0.607177734375 0.1788330078125
-0.0329551696777344 0.0231590270996094 0.29669189453125 0.7548828125
0.00688934326171875 -0.0293502807617187 -0.35211181640625 0.8636474609375
0.0181617736816406 -0.0199470520019531 -0.6156005859375 0.34814453125
0.0503196716308594 0.0164642333984375 0.0321884155273437 0.0699539184570313
0.0577392578125 -0.00292205810546875 0.70037841796875 -0.2918701171875
0.0235214233398438 -0.0148410797119141 0.3641357421875 -0.86041259765625
-0.0235061645507813 -0.000576019287109375 -0.458984375 -0.6683349609375
-0.0349349975585938 0.0180206298828125 -0.63214111328125 -0.00872802734374999
-0.000804901123046873 0.0189476013183594 -0.387939453125 0.303009033203125
0.0127153396606445 0.00253105163574219 -0.03887939453125 0.298309326171875
-0.0076603889465332 -0.00534391403198242 0.172805786132813 0.129257202148438
-0.0042266845703125 -0.0199527740478516 -0.12872314453125 -0.160797119140625
0.0192470550537109 -0.00321769714355469 0.10791015625 -0.285491943359375
0.0194015502929688 0.00545883178710938 0.403472900390625 -0.20965576171875
-0.0126991271972656 0.020843505859375 0.6033935546875 0.18487548828125
-0.0318832397460938 0.0300731658935547 0.29071044921875 0.7625732421875
0.00304794311523437 -0.0219516754150391 -0.36376953125 0.86468505859375
0.0111017227172852 -0.0159187316894531 -0.61895751953125 0.34759521484375
0.0415611267089844 0.015045166015625 0.0335121154785156 0.0675277709960938
0.0495109558105469 -0.00251007080078125 0.6988525390625 -0.29498291015625
0.0180149078369141 -0.00706291198730469 0.35601806640625 -0.85968017578125
-0.0246143341064453 0.0104255676269531 -0.4677734375 -0.6646728515625
-0.0270576477050781 0.0224895477294922 -0.6322021484375 -0.00146484374999997
0.00554943084716797 0.0172767639160156 -0.385223388671875 0.30340576171875
0.0181159973144531 -0.0042877197265625 -0.03411865234375 0.300048828125
-0.00530529022216797 -0.0109109878540039 0.17572021484375 0.131927490234375
-0.00411033630371094 -0.0248298645019531 -0.13165283203125 -0.160018920898438
0.0238895416259766 -0.00818252563476563 0.11102294921875 -0.28466796875
0.0249423980712891 0.000896453857421875 0.40447998046875 -0.20501708984375
-0.00774002075195313 0.0249996185302734 0.6026611328125 0.19140625
-0.0311012268066406 0.0402984619140625 0.28680419921875 0.76611328125
-0.000840187072753906 -0.0134878158569336 -0.37164306640625 0.86309814453125
0.00459861755371094 -0.0147895812988281 -0.62030029296875 0.34112548828125
0.0345573425292969 0.0126991271972656 0.0364913940429687 0.0667648315429688
0.0442276000976563 -0.00115966796875 0.70001220703125 -0.298095703125
0.0121736526489258 -0.000725746154785156 0.3558349609375 -0.8638916015625
-0.0219383239746094 0.0181617736816406 -0.46832275390625 -0.6583251953125
-0.0206336975097656 0.0255126953125 -0.63104248046875 7.88400135505276E-17
0.0131721496582031 0.0145606994628906 -0.38165283203125 0.3050537109375
0.0229454040527344 -0.00819587707519531 -0.03271484375 0.2996826171875
-0.00550460815429688 -0.0159721374511719 0.17730712890625 0.133651733398438
-0.00564765930175781 -0.0277175903320313 -0.133071899414063 -0.157257080078125
0.0292758941650391 -0.0148544311523438 0.112548828125 -0.287872314453125
0.0315151214599609 -0.00112152099609375 0.406494140625 -0.210235595703125
-0.00233078002929688 0.0297889709472656 0.60614013671875 0.18988037109375
-0.0289993286132813 0.0497894287109375 0.2879638671875 0.76910400390625
-0.00441884994506836 -0.00601863861083984 -0.3714599609375 0.8642578125
-0.000985145568847655 -0.0128297805786133 -0.621337890625 0.3421630859375
0.0306034088134766 0.0107975006103516 0.0420074462890625 0.0673370361328125
0.0385513305664063 -0.00066375732421875 0.7047119140625 -0.30157470703125
0.00869894027709961 0.00720119476318359 0.35400390625 -0.86749267578125
-0.0208683013916016 0.0283241271972656 -0.47222900390625 -0.66107177734375
-0.0138511657714844 0.0278396606445313 -0.63079833984375 0.000488281250000093
0.0196151733398438 0.0128383636474609 -0.380096435546875 0.30218505859375
0.0289726257324219 -0.0147895812988281 -0.0296630859375 0.297576904296875
-0.00454521179199219 -0.0182914733886719 0.17645263671875 0.132064819335938
-0.014286994934082 -0.00434303283691406 -0.133697509765625 -0.182968139648438
0.0152530670166016 0.0116329193115234 0.102294921875 -0.303314208984375
0.0118913650512695 0.00835704803466797 0.4097900390625 -0.233001708984375
-0.0241546630859375 0.0131416320800781 0.62408447265625 0.144775390625
-0.0350894927978516 0.0131072998046875 0.33148193359375 0.72735595703125
0.0132484436035156 -0.0400733947753906 -0.31109619140625 0.8538818359375
0.0341053009033203 -0.0245075225830078 -0.5863037109375 0.35113525390625
0.0654029846191406 0.0181465148925781 0.0504417419433594 0.069854736328125
0.0729751586914063 -0.00695037841796875 0.7235107421875 -0.28729248046875
0.0334949493408203 -0.0242290496826172 0.400634765625 -0.87188720703125
-0.0248699188232422 -0.00725746154785156 -0.43023681640625 -0.6976318359375
-0.0402259826660156 0.0151863098144531 -0.617919921875 -0.0379028320312501
-0.00259208679199219 0.0210971832275391 -0.381072998046875 0.282562255859375
0.0125102996826172 0.00987339019775391 -0.04071044921875 0.28173828125
-0.01702880859375 0.00505638122558594 0.173004150390625 0.1123046875
-0.0118637084960938 -0.00537109375 -0.134185791015625 -0.17840576171875
0.0120162963867188 0.0127534866333008 0.099365234375 -0.29974365234375
0.00967025756835938 0.0101938247680664 0.403289794921875 -0.226715087890625
-0.0263099670410156 0.0120296478271484 0.617431640625 0.1505126953125
-0.0350608825683594 0.0120182037353516 0.32440185546875 0.727294921875
0.0150146484375 -0.0419235229492188 -0.320068359375 0.8525390625
0.0342464447021484 -0.0225601196289063 -0.59368896484375 0.34857177734375
0.0664443969726563 0.0190467834472656 0.0441322326660156 0.0688858032226563
0.0729827880859375 -0.00567626953125 0.715576171875 -0.2830810546875
0.0334529876708984 -0.0253772735595703 0.3924560546875 -0.860595703125
-0.0242557525634766 -0.0115242004394531 -0.4306640625 -0.68670654296875
-0.0415115356445313 0.0145492553710938 -0.6177978515625 -0.0333251953125
-0.00632667541503906 0.0232410430908203 -0.381134033203125 0.28704833984375
0.00980186462402344 0.01104736328125 -0.03729248046875 0.286468505859375
-0.0159540176391602 0.00519466400146484 0.174514770507813 0.117507934570313
-0.00857305526733398 -0.00517559051513672 -0.131072998046875 -0.174774169921875
0.010009765625 0.0107698440551758 0.103057861328125 -0.29534912109375
0.00808525085449219 0.010899543762207 0.403778076171875 -0.22314453125
-0.0253582000732422 0.0116558074951172 0.614013671875 0.15997314453125
-0.0348720550537109 0.0105037689208984 0.31524658203125 0.73675537109375
0.0134658813476563 -0.0415534973144531 -0.3284912109375 0.8575439453125
0.0303153991699219 -0.0224666595458984 -0.60009765625 0.34954833984375
0.0613822937011719 0.019622802734375 0.0367622375488281 0.0671730041503906
0.0694351196289063 -0.005035400390625 0.70745849609375 -0.2855224609375
0.0333442687988281 -0.0253047943115234 0.38287353515625 -0.86273193359375
-0.0241909027099609 -0.0122737884521484 -0.4415283203125 -0.68170166015625
-0.0409164428710938 0.0147628784179688 -0.62469482421875 -0.025634765625
-0.006011962890625 0.0235309600830078 -0.385833740234375 0.292327880859375
0.00882339477539063 0.00909328460693359 -0.039215087890625 0.29168701171875
-0.0123519897460938 0.00273227691650391 0.171478271484375 0.119659423828125
-0.00791168212890625 -0.0108423233032227 -0.131149291992188 -0.171112060546875
0.0122890472412109 0.00780391693115234 0.102020263671875 -0.291168212890625
0.0104293823242187 0.0104398727416992 0.401580810546875 -0.216094970703125
-0.0226116180419922 0.0144195556640625 0.6058349609375 0.16998291015625
-0.0329341888427734 0.0146274566650391 0.30364990234375 0.74493408203125
0.0111312866210937 -0.0377883911132813 -0.34234619140625 0.85797119140625
0.025787353515625 -0.0196361541748047 -0.60791015625 0.3465576171875
0.0555801391601563 0.0188941955566406 0.034332275390625 0.0670852661132813
0.0644111633300781 -0.00536727905273437 0.70111083984375 -0.28411865234375
0.0300407409667969 -0.0219783782958984 0.3751220703125 -0.8558349609375
-0.0245609283447266 -0.00728797912597657 -0.44598388671875 -0.67352294921875
-0.0388259887695312 0.0169525146484375 -0.62335205078125 -0.0162353515625
-0.00405693054199219 0.0208377838134766 -0.38311767578125 0.2965087890625
0.0109844207763672 0.00735569000244141 -0.0382080078125 0.294677734375
-0.0109882354736328 -0.000490188598632813 0.17425537109375 0.12518310546875
-0.00489044189453125 -0.014470100402832 -0.1279296875 -0.163772583007813
0.0136909484863281 0.00440692901611328 0.106201171875 -0.287078857421875
0.0133533477783203 0.00748538970947266 0.401275634765625 -0.2132568359375
-0.0186367034912109 0.0163898468017578 0.60272216796875 0.17852783203125
-0.0323677062988281 0.0219993591308594 0.29583740234375 0.75244140625
0.00650596618652344 -0.0289478302001953 -0.35107421875 0.85955810546875
0.0169658660888672 -0.0177421569824219 -0.615234375 0.34466552734375
0.04754638671875 0.0162582397460938 0.0320549011230469 0.0665130615234375
0.0566558837890625 -0.00289154052734375 0.6947021484375 -0.28900146484375
0.0248527526855469 -0.0156517028808594 0.36175537109375 -0.85540771484375
-0.0243606567382812 -0.000288009643554693 -0.45758056640625 -0.66461181640625
-0.0322113037109375 0.0200881958007813 -0.62921142578125 -0.00805664062500002
0.000640869140625 0.019195556640625 -0.384063720703125 0.301361083984375
0.0118608474731445 0.00201511383056641 -0.0374755859375 0.2991943359375
-0.0078277587890625 -0.00535678863525391 0.173995971679688 0.128372192382813
-0.00458335876464844 -0.0185775756835937 -0.129974365234375 -0.160659790039062
0.0177707672119141 -0.00305366516113281 0.107208251953125 -0.285858154296875
0.0184364318847656 0.00327873229980469 0.400421142578125 -0.208892822265625
-0.01458740234375 0.020660400390625 0.60125732421875 0.1834716796875
-0.0308456420898438 0.0300922393798828 0.2906494140625 0.75958251953125
0.00274658203125 -0.0224418640136719 -0.3592529296875 0.86029052734375
0.00984573364257813 -0.0152616500854492 -0.6181640625 0.343994140625
0.0395927429199219 0.0149307250976563 0.0331840515136719 0.0677375793457031
0.0493888854980469 -0.00304031372070313 0.693359375 -0.29339599609375
0.0189895629882812 -0.00655364990234375 0.35504150390625 -0.85693359375
-0.0221748352050781 0.00848579406738281 -0.46337890625 -0.65777587890625
-0.0265369415283203 0.0215663909912109 -0.62890625 -0.00115966796874992
0.00631523132324219 0.0176143646240234 -0.38226318359375 0.30450439453125
0.0181179046630859 -0.00288581848144531 -0.034637451171875 0.300384521484375
-0.00593662261962891 -0.0108127593994141 0.174758911132812 0.130645751953125
-0.00526618957519531 -0.0251674652099609 -0.131057739257813 -0.159500122070313
0.0238914489746094 -0.00796318054199219 0.10986328125 -0.28399658203125
0.0240974426269531 -0.000383377075195313 0.40020751953125 -0.206756591796875
-0.00757789611816407 0.0255451202392578 0.602294921875 0.188720703125
-0.0305938720703125 0.0389595031738281 0.28424072265625 0.76318359375
-0.00196647644042969 -0.0130071640014648 -0.36798095703125 0.8592529296875
0.0025787353515625 -0.0128974914550781 -0.6201171875 0.33941650390625
0.0332584381103516 0.0125141143798828 0.0380096435546875 0.066680908203125
0.0417747497558594 -0.000213623046875 0.694091796875 -0.29510498046875
0.0133686065673828 -0.000120162963867188 0.35107421875 -0.8570556640625
-0.0221710205078125 0.0189018249511719 -0.4677734375 -0.65496826171875
-0.0212173461914063 0.0256156921386719 -0.62640380859375 0.00177001953124997
0.0128345489501953 0.014373779296875 -0.379150390625 0.30328369140625
0.0223941802978516 -0.00963783264160156 -0.032257080078125 0.299102783203125
-0.006195068359375 -0.0156517028808594 0.177032470703125 0.132827758789063
-0.00641250610351563 -0.0272388458251953 -0.134262084960938 -0.158050537109375
0.029296875 -0.0142822265625 0.11181640625 -0.28546142578125
0.0311336517333984 -0.00120735168457031 0.4029541015625 -0.2091064453125
-0.00289535522460938 0.0301456451416016 0.60400390625 0.18890380859375
-0.02874755859375 0.0485343933105469 0.28741455078125 0.76434326171875
-0.0041050910949707 -0.00684738159179688 -0.36785888671875 0.859619140625
-0.000922203063964843 -0.0126914978027344 -0.617431640625 0.33935546875
0.0299835205078125 0.0107841491699219 0.0401420593261719 0.0670051574707031
0.0381660461425781 -0.00063323974609375 0.698974609375 -0.298583984375
0.00937747955322266 0.00639820098876953 0.352294921875 -0.8626708984375
-0.0198593139648437 0.0270652770996094 -0.4696044921875 -0.6568603515625
-0.0130748748779297 0.0283317565917969 -0.62744140625 0.00256347656250012
0.0191574096679687 0.0118751525878906 -0.378509521484375 0.300750732421875
0.0286064147949219 -0.0151309967041016 -0.029205322265625 0.297149658203125
-0.00586891174316406 -0.0182342529296875 0.177383422851563 0.130950927734375
-0.0158205032348633 -0.00386333465576172 -0.13409423828125 -0.181900024414062
0.0143671035766602 0.0108146667480469 0.10162353515625 -0.30279541015625
0.0114774703979492 0.00909709930419922 0.406524658203125 -0.233489990234375
-0.0250186920166016 0.0132904052734375 0.62548828125 0.14422607421875
-0.0345363616943359 0.0139122009277344 0.3323974609375 0.72412109375
0.0143280029296875 -0.0392684936523438 -0.310302734375 0.849365234375
0.0328292846679688 -0.0227546691894531 -0.5848388671875 0.347900390625
0.0651473999023438 0.0196075439453125 0.04937744140625 0.0681800842285156
0.0734329223632813 -0.00701141357421875 0.71893310546875 -0.28515625
0.0354270935058594 -0.0246734619140625 0.39923095703125 -0.865966796875
-0.0231037139892578 -0.00872039794921875 -0.42816162109375 -0.69464111328125
-0.0389595031738281 0.01513671875 -0.61529541015625 -0.0383911132812501
-0.00308609008789063 0.0220775604248047 -0.378997802734375 0.28131103515625
0.0134506225585938 0.00924491882324219 -0.04083251953125 0.282073974609375
-0.0193710327148437 0.00589370727539063 0.170425415039063 0.111953735351563
-0.0139570236206055 -0.00441741943359375 -0.134445190429688 -0.180572509765625
0.0113811492919922 0.0113706588745117 0.099090576171875 -0.3006591796875
0.00770282745361328 0.0100603103637695 0.4010009765625 -0.2274169921875
-0.0265617370605469 0.0116672515869141 0.61785888671875 0.14990234375
-0.0351524353027344 0.0112800598144531 0.32232666015625 0.726318359375
0.0161399841308594 -0.0409507751464844 -0.31884765625 0.84735107421875
0.0331974029541016 -0.0231056213378906 -0.59161376953125 0.3468017578125
0.0634994506835938 0.0198516845703125 0.0428123474121094 0.0684967041015625
0.0730514526367188 -0.00494384765625 0.713134765625 -0.27874755859375
0.0350341796875 -0.0272254943847656 0.39300537109375 -0.85626220703125
-0.0233173370361328 -0.0117816925048828 -0.428955078125 -0.683837890625
-0.0411224365234375 0.0137214660644531 -0.6162109375 -0.0307617187499999
-0.00540351867675781 0.0217170715332031 -0.379791259765625 0.28619384765625
0.00995826721191406 0.0113906860351563 -0.038238525390625 0.285888671875
-0.0175666809082031 0.00463485717773438 0.17218017578125 0.11669921875
-0.00935745239257813 -0.00456047058105469 -0.129745483398437 -0.17547607421875
0.00954055786132813 0.0102300643920898 0.10235595703125 -0.29559326171875
0.00841808319091797 0.00988960266113281 0.403045654296875 -0.22406005859375
-0.0261631011962891 0.0123748779296875 0.612548828125 0.15814208984375
-0.0341625213623047 0.0101394653320313 0.31536865234375 0.7342529296875
0.0138969421386719 -0.0404739379882813 -0.326171875 0.85546875
0.0296096801757813 -0.0214595794677734 -0.59857177734375 0.34820556640625
0.0599021911621094 0.0196151733398437 0.0376319885253906 0.0660247802734375
0.0694389343261719 -0.00588607788085937 0.70452880859375 -0.284912109375
0.0333290100097656 -0.0260829925537109 0.37945556640625 -0.85894775390625
-0.0239753723144531 -0.0119209289550781 -0.439208984375 -0.68017578125
-0.0403213500976563 0.0142440795898437 -0.6214599609375 -0.0240478515625
-0.00675201416015625 0.0229473114013672 -0.38262939453125 0.2921142578125
0.0091094970703125 0.0104436874389648 -0.0413818359375 0.291656494140625
-0.0122509002685547 0.00354385375976562 0.170394897460938 0.119766235351563
-0.0100746154785156 -0.009124755859375 -0.132659912109375 -0.169830322265625
0.0118274688720703 0.00897121429443359 0.101104736328125 -0.291168212890625
0.00804376602172852 0.00772762298583984 0.40020751953125 -0.21575927734375
-0.0227985382080078 0.0142345428466797 0.605224609375 0.16949462890625
-0.0316047668457031 0.0143032073974609 0.3033447265625 0.740478515625
0.0118446350097656 -0.0367507934570313 -0.34136962890625 0.8531494140625
0.0237808227539063 -0.01806640625 -0.60650634765625 0.34423828125
0.052886962890625 0.0185737609863281 0.03375244140625 0.0668449401855469
0.065582275390625 -0.00536346435546875 0.69879150390625 -0.2835693359375
0.0302639007568359 -0.0219326019287109 0.37274169921875 -0.85308837890625
-0.0238723754882813 -0.00826644897460937 -0.4439697265625 -0.67047119140625
-0.03741455078125 0.0162467956542969 -0.62158203125 -0.0150146484375
-0.00457763671875 0.0211391448974609 -0.380828857421875 0.29547119140625
0.010528564453125 0.0066986083984375 -0.03729248046875 0.2938232421875
-0.0105352401733398 0.000247001647949219 0.17340087890625 0.126358032226563
-0.00576877593994141 -0.0135688781738281 -0.1279296875 -0.16571044921875
0.0135183334350586 0.00305747985839844 0.1058349609375 -0.287261962890625
0.0134344100952148 0.00584888458251953 0.39849853515625 -0.2120361328125
-0.0212116241455078 0.0166492462158203 0.60223388671875 0.17730712890625
-0.0313301086425781 0.0215911865234375 0.2996826171875 0.74822998046875
0.0072174072265625 -0.0321502685546875 -0.34912109375 0.854248046875
0.0180854797363281 -0.0168571472167969 -0.61309814453125 0.34246826171875
0.0445327758789063 0.0178184509277344 0.0300331115722656 0.0653076171875
0.0577659606933594 -0.00439453125 0.69281005859375 -0.2869873046875
0.0240268707275391 -0.0157146453857422 0.3626708984375 -0.8533935546875
-0.0228805541992188 -0.000495910644531254 -0.45758056640625 -0.6619873046875
-0.0314006805419922 0.0199699401855469 -0.62579345703125 -0.00762939453125006
-6.67572021484388E-05 0.0192432403564453 -0.381072998046875 0.30029296875
0.0110282897949219 0.00184154510498047 -0.0361328125 0.297576904296875
-0.00791501998901367 -0.00674152374267578 0.172119140625 0.128509521484375
-0.00515365600585938 -0.0191421508789063 -0.128189086914062 -0.161788940429688
0.0181980133056641 -0.00264930725097656 0.10638427734375 -0.28466796875
0.0179386138916016 0.00413322448730469 0.399322509765625 -0.20904541015625
-0.0149898529052734 0.0215911865234375 0.59991455078125 0.183837890625
-0.0306377410888672 0.0298824310302734 0.2911376953125 0.7569580078125
0.00398445129394531 -0.0223941802978516 -0.3592529296875 0.85791015625
0.00991439819335938 -0.0140514373779297 -0.6156005859375 0.34136962890625
0.0381965637207031 0.01593017578125 0.0326614379882813 0.0659446716308594
0.0494537353515625 -0.00204849243164063 0.69140625 -0.291748046875
0.0191059112548828 -0.00927925109863281 0.35443115234375 -0.85308837890625
-0.0208320617675781 0.00905227661132812 -0.46392822265625 -0.65521240234375
-0.0257778167724609 0.0223770141601562 -0.62615966796875 -0.00134277343749996
0.00658416748046875 0.0185031890869141 -0.381134033203125 0.302154541015625
0.0186271667480469 -0.00416374206542969 -0.033782958984375 0.298858642578125
-0.00624275207519531 -0.0103359222412109 0.17352294921875 0.130752563476563
-0.00489044189453125 -0.0234813690185547 -0.130416870117188 -0.159744262695313
0.0234851837158203 -0.00812721252441406 0.11004638671875 -0.28472900390625
0.0241050720214844 0.00122642517089844 0.3988037109375 -0.2054443359375
-0.00909042358398438 0.0246238708496094 0.59881591796875 0.18963623046875
-0.0275611877441406 0.03924560546875 0.285400390625 0.76031494140625
-0.00151252746582031 -0.0130071640014648 -0.3662109375 0.8548583984375
0.00239849090576172 -0.0120840072631836 -0.617919921875 0.3353271484375
0.0330677032470703 0.0147438049316406 0.0348167419433594 0.0658836364746094
0.0427665710449219 3.814697265625E-06 0.69281005859375 -0.29254150390625
0.0142526626586914 -0.000972747802734375 0.34979248046875 -0.8531494140625
-0.0201435089111328 0.0181102752685547 -0.46636962890625 -0.6527099609375
-0.017913818359375 0.0261116027832031 -0.62506103515625 0.00146484375000007
0.012110710144043 0.0151338577270508 -0.3780517578125 0.30352783203125
0.0230312347412109 -0.00919723510742188 -0.029937744140625 0.29888916015625
-0.00693702697753906 -0.0136909484863281 0.176406860351563 0.13385009765625
-0.007415771484375 -0.0269069671630859 -0.132400512695312 -0.157058715820313
0.0291004180908203 -0.0139636993408203 0.1090087890625 -0.285888671875
0.0294189453125 -0.000652313232421875 0.40167236328125 -0.20855712890625
-0.004608154296875 0.0305404663085938 0.60205078125 0.187744140625
-0.0268821716308594 0.0487213134765625 0.2874755859375 0.76031494140625
-0.00423383712768555 -0.00783872604370117 -0.36639404296875 0.85565185546875
-0.00166893005371094 -0.0111579895019531 -0.614501953125 0.33624267578125
0.0290355682373047 0.0109615325927734 0.0409011840820313 0.065948486328125
0.0378532409667969 -0.00136947631835937 0.69677734375 -0.29925537109375
0.00999259948730469 0.00616455078125 0.3511962890625 -0.8580322265625
-0.0191860198974609 0.0280685424804687 -0.46746826171875 -0.6549072265625
-0.0137996673583984 0.0281620025634766 -0.62371826171875 0.00250244140625003
0.0181255340576172 0.0115528106689453 -0.37628173828125 0.30145263671875
0.0278186798095703 -0.0160655975341797 -0.029296875 0.295806884765625
-0.00684928894042969 -0.0171909332275391 0.175628662109375 0.131942749023438
-0.01641845703125 -0.00176811218261719 -0.133712768554688 -0.183502197265625
0.0146579742431641 0.0105085372924805 0.100189208984375 -0.304229736328125
0.0111789703369141 0.00853729248046875 0.4063720703125 -0.2337646484375
-0.0251274108886719 0.0142078399658203 0.625 0.142578125
-0.033447265625 0.0129642486572266 0.3309326171875 0.72259521484375
0.01422119140625 -0.0397529602050781 -0.3079833984375 0.8485107421875
0.0327892303466797 -0.0228309631347656 -0.58526611328125 0.3482666015625
0.063140869140625 0.0175552368164063 0.0482978820800781 0.0690231323242188
0.072723388671875 -0.00687408447265625 0.718505859375 -0.2823486328125
0.0342845916748047 -0.0240612030029297 0.39923095703125 -0.863525390625
-0.0230846405029297 -0.00961875915527343 -0.42669677734375 -0.6925048828125
-0.03863525390625 0.0156059265136719 -0.6131591796875 -0.0371704101562501
-0.00309181213378906 0.0202713012695312 -0.378204345703125 0.28167724609375
0.0119075775146484 0.00893306732177734 -0.040496826171875 0.281524658203125
-0.0186061859130859 0.00696372985839843 0.169937133789063 0.1112060546875
-0.0138950347900391 -0.00459098815917969 -0.134689331054688 -0.180755615234375
0.0113983154296875 0.0132312774658203 0.09759521484375 -0.30035400390625
0.00748538970947266 0.0100488662719727 0.40106201171875 -0.22723388671875
-0.0281562805175781 0.0134544372558594 0.615966796875 0.1488037109375
-0.0325908660888672 0.0101470947265625 0.3233642578125 0.72357177734375
0.0154151916503906 -0.0425186157226563 -0.31591796875 0.84466552734375
0.0318088531494141 -0.0208988189697266 -0.5908203125 0.34478759765625
0.0625534057617188 0.0194931030273438 0.0418319702148438 0.0682525634765625
0.0729522705078125 -0.0057220458984375 0.71221923828125 -0.27862548828125
0.0338878631591797 -0.0260734558105469 0.392822265625 -0.8551025390625
-0.0226192474365234 -0.0125179290771484 -0.42608642578125 -0.68353271484375
-0.0418777465820312 0.01495361328125 -0.61431884765625 -0.0310058593750001
-0.00571823120117188 0.0213680267333984 -0.3770751953125 0.2855224609375
0.0100879669189453 0.0111370086669922 -0.037353515625 0.2872314453125
-0.0182857513427734 0.00752639770507812 0.172225952148438 0.119354248046875
-0.0101165771484375 -0.0056304931640625 -0.129959106445313 -0.176406860351563
0.00951862335205078 0.010930061340332 0.1011962890625 -0.29705810546875
0.00673675537109375 0.0108842849731445 0.400665283203125 -0.22491455078125
-0.0260219573974609 0.0123691558837891 0.61260986328125 0.15802001953125
-0.0325794219970703 0.0107040405273438 0.31561279296875 0.73443603515625
0.01422119140625 -0.0412178039550781 -0.32464599609375 0.8536376953125
0.0284900665283203 -0.0213756561279297 -0.5987548828125 0.34564208984375
0.0594825744628906 0.0202064514160156 0.0359916687011719 0.0653419494628906
0.0701217651367188 -0.004913330078125 0.70404052734375 -0.2821044921875
0.0346221923828125 -0.0276660919189453 0.3818359375 -0.85540771484375
-0.0232982635498047 -0.0112514495849609 -0.44049072265625 -0.6800537109375
-0.0386772155761719 0.0142326354980469 -0.62066650390625 -0.02362060546875
-0.00577354431152344 0.0218009948730469 -0.3804931640625 0.29156494140625
0.00824737548828125 0.00916194915771485 -0.04022216796875 0.2916259765625
-0.013702392578125 0.00335025787353516 0.170501708984375 0.11968994140625
-0.0104875564575195 -0.00947380065917969 -0.132003784179688 -0.170791625976562
0.0109434127807617 0.00821113586425781 0.10040283203125 -0.291168212890625
0.00793075561523438 0.00767946243286133 0.397705078125 -0.21551513671875
-0.024810791015625 0.0158290863037109 0.603515625 0.16644287109375
-0.03179931640625 0.0138587951660156 0.30584716796875 0.7376708984375
0.0134849548339844 -0.0369415283203125 -0.33905029296875 0.85186767578125
0.0227165222167969 -0.0182209014892578 -0.605224609375 0.34423828125
0.0527572631835938 0.0191192626953125 0.0314788818359375 0.0640983581542969
0.0631027221679688 -0.00469207763671875 0.69696044921875 -0.281494140625
0.0305442810058594 -0.0231952667236328 0.374267578125 -0.8499755859375
-0.0232925415039063 -0.007415771484375 -0.4442138671875 -0.66815185546875
-0.0367202758789063 0.0155868530273437 -0.61981201171875 -0.0172729492187501
-0.00395584106445312 0.0224819183349609 -0.3792724609375 0.295440673828125
0.0107812881469727 0.00684356689453125 -0.0374755859375 0.29315185546875
-0.0116043090820313 0.00164222717285156 0.171234130859375 0.127548217773438
-0.00665855407714844 -0.0135526657104492 -0.130203247070312 -0.1666259765625
0.0134553909301758 0.00433063507080078 0.10357666015625 -0.2889404296875
0.0129737854003906 0.00710868835449219 0.399261474609375 -0.213897705078125
-0.019989013671875 0.0174694061279297 0.6026611328125 0.17816162109375
-0.0307731628417969 0.0211677551269531 0.2998046875 0.7484130859375
0.00883865356445313 -0.0304031372070313 -0.34942626953125 0.85382080078125
0.0168848037719727 -0.0152854919433594 -0.6116943359375 0.3428955078125
0.0444259643554688 0.01812744140625 0.0305061340332031 0.0661773681640625
0.0564498901367187 -0.00193023681640625 0.693359375 -0.282958984375
0.0238685607910156 -0.0159473419189453 0.361083984375 -0.85076904296875
-0.0217533111572266 -0.000877380371093752 -0.45428466796875 -0.6610107421875
-0.0318603515625 0.0199050903320313 -0.62640380859375 -0.00756835937500006
-0.000780105590820311 0.0194549560546875 -0.380767822265625 0.300262451171875
0.0142354965209961 0.00125312805175781 -0.03802490234375 0.29913330078125
-0.00952625274658203 -0.00514030456542969 0.170394897460938 0.1307373046875
-0.00638389587402344 -0.0180568695068359 -0.130142211914063 -0.161376953125
0.0182971954345703 -0.00123023986816406 0.10638427734375 -0.286224365234375
0.0179100036621094 0.00299072265625 0.3997802734375 -0.20782470703125
-0.0149478912353516 0.0216560363769531 0.600341796875 0.18194580078125
-0.0298576354980469 0.0287914276123047 0.29180908203125 0.75360107421875
0.00383758544921875 -0.0219306945800781 -0.35595703125 0.854248046875
0.0100841522216797 -0.0143022537231445 -0.61517333984375 0.33807373046875
0.0384368896484375 0.0155792236328125 0.0311279296875 0.0659637451171875
0.0488433837890625 -0.00402069091796875 0.6868896484375 -0.28704833984375
0.0205326080322266 -0.00888252258300781 0.3548583984375 -0.850830078125
-0.0197315216064453 0.00938606262207032 -0.46429443359375 -0.6552734375
-0.0250816345214844 0.0229949951171875 -0.62493896484375 -0.000793457031249904
0.00594139099121094 0.0182361602783203 -0.37896728515625 0.302520751953125
0.0167102813720703 -0.00469779968261719 -0.035003662109375 0.299530029296875
-0.00606250762939453 -0.00757598876953125 0.172149658203125 0.133148193359375
-0.00720977783203125 -0.0241374969482422 -0.131973266601562 -0.159149169921875
0.0255203247070312 -0.00879287719726563 0.108123779296875 -0.28497314453125
0.0218925476074219 -2.86102294921875E-05 0.397216796875 -0.207672119140625
-0.0104560852050781 0.0257759094238281 0.59930419921875 0.18963623046875
-0.0292167663574219 0.0389442443847656 0.28857421875 0.75665283203125
-0.000675201416015625 -0.0149669647216797 -0.36700439453125 0.85369873046875
0.00100421905517578 -0.0110893249511719 -0.6173095703125 0.33575439453125
0.0311183929443359 0.0154571533203125 0.035186767578125 0.065338134765625
0.0426559448242188 -0.00307464599609375 0.69134521484375 -0.290771484375
0.0158863067626953 -0.00125885009765625 0.3516845703125 -0.85162353515625
-0.0192012786865234 0.0178108215332031 -0.46417236328125 -0.6512451171875
-0.0198993682861328 0.0271377563476563 -0.62310791015625 0.00231933593749993
0.0128536224365234 0.0154314041137695 -0.3740234375 0.3009033203125
0.0246486663818359 -0.0114650726318359 -0.030120849609375 0.30072021484375
-0.00559234619140625 -0.0136899948120117 0.17401123046875 0.133087158203125
-0.00761795043945312 -0.0238895416259766 -0.133590698242188 -0.158493041992188
0.0277462005615234 -0.0128517150878906 0.10980224609375 -0.28668212890625
0.0287609100341797 -0.0017852783203125 0.39971923828125 -0.2100830078125
-0.00438690185546875 0.0306930541992188 0.6015625 0.18963623046875
-0.0281982421875 0.0478935241699219 0.28900146484375 0.75994873046875
-0.00226926803588867 -0.00781917572021484 -0.3638916015625 0.8536376953125
-0.00403594970703125 -0.0114583969116211 -0.61346435546875 0.335205078125
0.0282440185546875 0.0129375457763672 0.0392608642578125 0.0654640197753906
0.0381698608398438 -0.0009765625 0.69500732421875 -0.2978515625
0.0103330612182617 0.00484275817871094 0.3505859375 -0.85589599609375
-0.0193424224853516 0.0278778076171875 -0.466796875 -0.651123046875
-0.0130500793457031 0.0294113159179687 -0.62445068359375 0.00280761718749999
0.0186882019042969 0.0119113922119141 -0.3734130859375 0.300567626953125
0.0277614593505859 -0.0152664184570313 -0.02899169921875 0.296875
-0.00756168365478516 -0.0166091918945312 0.173858642578125 0.133453369140625
-0.0157585144042969 -0.00169086456298828 -0.134567260742188 -0.185028076171875
0.0143842697143555 0.0127067565917969 0.0989990234375 -0.30499267578125
0.00989627838134766 0.00754642486572266 0.4071044921875 -0.234466552734375
-0.0269565582275391 0.0143470764160156 0.625 0.14306640625
-0.0337409973144531 0.0120334625244141 0.333740234375 0.7218017578125
0.0141258239746094 -0.0412635803222656 -0.31048583984375 0.8458251953125
0.0316371917724609 -0.0211620330810547 -0.58831787109375 0.3458251953125
0.0629043579101562 0.0194320678710937 0.048126220703125 0.0678215026855469
0.0719528198242188 -0.00702667236328125 0.71795654296875 -0.28192138671875
0.0357208251953125 -0.0247039794921875 0.4005126953125 -0.8626708984375
-0.0220813751220703 -0.00859260559082031 -0.42608642578125 -0.694580078125
-0.0382194519042969 0.0160598754882813 -0.61297607421875 -0.0380859375000001
-0.00253486633300781 0.02130126953125 -0.376800537109375 0.280242919921875
0.0127925872802734 0.00875377655029297 -0.039825439453125 0.283416748046875
-0.0184345245361328 0.00747299194335938 0.170120239257813 0.1121826171875
-0.0142908096313477 -0.00313472747802734 -0.135498046875 -0.18267822265625
0.0120649337768555 0.0124006271362305 0.097198486328125 -0.3018798828125
0.00652027130126953 0.008819580078125 0.40032958984375 -0.22845458984375
-0.0283107757568359 0.0133514404296875 0.6158447265625 0.1478271484375
-0.0323638916015625 0.010711669921875 0.3248291015625 0.723876953125
0.0165252685546875 -0.0418014526367188 -0.3184814453125 0.84552001953125
0.0308799743652344 -0.0204982757568359 -0.59197998046875 0.34368896484375
0.0601730346679688 0.0207252502441406 0.0406646728515625 0.0668373107910156
0.0721893310546875 -0.00701141357421875 0.711669921875 -0.27752685546875
0.0354576110839844 -0.0275115966796875 0.395263671875 -0.852783203125
-0.0222206115722656 -0.0120277404785156 -0.42816162109375 -0.6820068359375
-0.0410614013671875 0.0169105529785156 -0.61383056640625 -0.03216552734375
-0.00663375854492187 0.0215167999267578 -0.377197265625 0.285491943359375
0.00993251800537109 0.010249137878418 -0.0372314453125 0.28778076171875
-0.0182456970214844 0.00708198547363281 0.170974731445313 0.118545532226563
-0.0116147994995117 -0.00335884094238281 -0.13189697265625 -0.177261352539063
0.00907611846923828 0.0125751495361328 0.101165771484375 -0.297454833984375
0.00604248046875 0.00955486297607422 0.4007568359375 -0.22509765625
-0.0267658233642578 0.0120277404785156 0.6129150390625 0.158203125
-0.0332126617431641 0.0103569030761719 0.31781005859375 0.7322998046875
0.0155105590820313 -0.0418243408203125 -0.325927734375 0.851318359375
0.0288448333740234 -0.0197868347167969 -0.59930419921875 0.34576416015625
0.0571327209472656 0.0208702087402344 0.0351905822753906 0.0651359558105469
0.070404052734375 -0.00572967529296875 0.7022705078125 -0.280517578125
0.0353431701660156 -0.02667236328125 0.38262939453125 -0.857177734375
-0.0227069854736328 -0.0121726989746094 -0.44000244140625 -0.6773681640625
-0.0402641296386719 0.014434814453125 -0.61859130859375 -0.0229492187500001
-0.00603675842285156 0.0223674774169922 -0.3792724609375 0.2918701171875
0.00869846343994141 0.00903892517089844 -0.040435791015625 0.29217529296875
-0.0135173797607422 0.00409603118896484 0.16937255859375 0.12127685546875
-0.0088491439819336 -0.00821590423583984 -0.131271362304687 -0.17242431640625
0.0107660293579102 0.008331298828125 0.100311279296875 -0.29351806640625
0.00686359405517578 0.00895404815673828 0.39794921875 -0.2166748046875
-0.0247344970703125 0.0148239135742187 0.6048583984375 0.16845703125
-0.0307960510253906 0.0146293640136719 0.30474853515625 0.740234375
0.0113601684570312 -0.0385055541992188 -0.338134765625 0.85174560546875
0.02313232421875 -0.0174083709716797 -0.60693359375 0.34185791015625
0.0508346557617188 0.0203208923339844 0.031341552734375 0.0633201599121094
0.0642547607421875 -0.00426101684570313 0.6973876953125 -0.2806396484375
0.0314979553222656 -0.0223560333251953 0.373779296875 -0.849609375
-0.0228099822998047 -0.00798988342285157 -0.4437255859375 -0.67034912109375
-0.0365562438964844 0.0190658569335938 -0.61871337890625 -0.0169067382812501
-0.00448036193847656 0.0221748352050781 -0.3792724609375 0.294891357421875
0.0111989974975586 0.00615692138671875 -0.03717041015625 0.294586181640625
-0.0121994018554688 0.00137138366699219 0.172012329101563 0.126724243164063
-0.00749778747558594 -0.0125350952148438 -0.130126953125 -0.16705322265625
0.012629508972168 0.00321197509765625 0.104461669921875 -0.290191650390625
0.0115823745727539 0.00686931610107422 0.3985595703125 -0.2149658203125
-0.0214290618896484 0.0167484283447266 0.6011962890625 0.1761474609375
-0.0301532745361328 0.0200519561767578 0.2996826171875 0.746826171875
0.00934600830078125 -0.0326728820800781 -0.34576416015625 0.8529052734375
0.0150470733642578 -0.0151853561401367 -0.61212158203125 0.34002685546875
0.0433273315429688 0.0183067321777344 0.0301055908203125 0.0652084350585938
0.0562973022460937 -0.00310897827148438 0.69158935546875 -0.28350830078125
0.0256881713867188 -0.0155849456787109 0.36383056640625 -0.84820556640625
-0.0198764801025391 -0.00143623352050781 -0.45391845703125 -0.6612548828125
-0.0320301055908203 0.0201683044433594 -0.62298583984375 -0.00732421874999997
0.000465393066406249 0.020263671875 -0.3797607421875 0.30072021484375
0.012333869934082 0.000307083129882813 -0.03607177734375 0.298431396484375
-0.0101213455200195 -0.00310325622558594 0.17083740234375 0.129653930664063
-0.00735664367675782 -0.0179157257080078 -0.1307373046875 -0.1639404296875
0.0163908004760742 -0.00216102600097656 0.105560302734375 -0.2879638671875
0.015899658203125 0.00390625 0.3963623046875 -0.20916748046875
-0.0141372680664063 0.0226860046386719 0.60076904296875 0.18377685546875
-0.0296764373779297 0.0304088592529297 0.29254150390625 0.755126953125
0.00518417358398438 -0.0244827270507813 -0.35650634765625 0.853515625
0.00862026214599609 -0.0132865905761719 -0.61737060546875 0.339599609375
0.0368156433105469 0.0167465209960938 0.0303878784179688 0.0641708374023438
0.0490036010742188 -0.00242233276367188 0.6883544921875 -0.2869873046875
0.0201129913330078 -0.00902938842773438 0.35479736328125 -0.84967041015625
-0.0204658508300781 0.00928878784179688 -0.46246337890625 -0.65362548828125
-0.024871826171875 0.0210342407226562 -0.62493896484375 -0.000488281249999907
0.00601291656494141 0.0170154571533203 -0.37774658203125 0.301910400390625
0.0174808502197266 -0.00423812866210938 -0.033416748046875 0.300994873046875
-0.00781869888305664 -0.0084991455078125 0.171875 0.13189697265625
-0.00852394104003906 -0.0216350555419922 -0.130752563476563 -0.1612548828125
0.0232181549072266 -0.00754737854003906 0.10809326171875 -0.28802490234375
0.0223140716552734 0.00141716003417969 0.398529052734375 -0.20721435546875
-0.0111503601074219 0.0253753662109375 0.598876953125 0.18853759765625
-0.0279617309570312 0.0392608642578125 0.28790283203125 0.75836181640625
-0.00168800354003906 -0.0152349472045898 -0.3658447265625 0.852294921875
0.00122356414794922 -0.00993728637695313 -0.618896484375 0.33453369140625
0.0308341979980469 0.0145702362060547 0.0342483520507812 0.0648612976074219
0.0401191711425781 -0.00151443481445312 0.68878173828125 -0.2904052734375
0.0157251358032227 -0.00139141082763672 0.3525390625 -0.85003662109375
-0.0190811157226562 0.0183944702148438 -0.4649658203125 -0.6490478515625
-0.0199337005615234 0.0267467498779297 -0.6209716796875 0.00262451171874987
0.0120048522949219 0.0141773223876953 -0.374969482421875 0.302154541015625
0.0234317779541016 -0.0102996826171875 -0.030242919921875 0.2998046875
-0.00603103637695312 -0.0138130187988281 0.174697875976563 0.134170532226563
-0.00793266296386719 -0.0253467559814453 -0.1334228515625 -0.15972900390625
0.0285530090332031 -0.0131626129150391 0.1085205078125 -0.288299560546875
0.0280799865722656 -0.00173377990722656 0.39984130859375 -0.209259033203125
-0.00457763671875 0.0310344696044922 0.60211181640625 0.188720703125
-0.0259170532226562 0.0479583740234375 0.28887939453125 0.7593994140625
-0.0030670166015625 -0.00924491882324219 -0.36370849609375 0.85296630859375
-0.00320720672607422 -0.010685920715332 -0.6153564453125 0.3341064453125
0.0269222259521484 0.0118808746337891 0.0389823913574219 0.06549072265625
0.0371551513671875 -0.00236892700195313 0.6937255859375 -0.29534912109375
0.0111808776855469 0.00495338439941406 0.351806640625 -0.85540771484375
-0.0189743041992188 0.0270118713378906 -0.4649658203125 -0.65167236328125
-0.0137119293212891 0.0294456481933594 -0.62152099609375 0.00262451171875003
0.0185890197753906 0.0114803314208984 -0.374267578125 0.3016357421875
0.027130126953125 -0.0158119201660156 -0.02996826171875 0.298187255859375
-0.00733566284179688 -0.0164146423339844 0.174575805664063 0.1351318359375
-0.0165157318115234 -0.000592231750488284 -0.13519287109375 -0.185043334960938
0.0148191452026367 0.0133476257324219 0.098388671875 -0.305877685546875
0.0100126266479492 0.00787067413330078 0.4061279296875 -0.233642578125
-0.0256996154785156 0.0139446258544922 0.625244140625 0.14361572265625
-0.0310230255126953 0.012451171875 0.33392333984375 0.7213134765625
0.0148277282714844 -0.0409355163574219 -0.3079833984375 0.848876953125
0.0312786102294922 -0.0214080810546875 -0.58782958984375 0.3441162109375
0.0607795715332031 0.0207481384277344 0.0454788208007813 0.0663833618164063
0.0726776123046875 -0.00656890869140625 0.71917724609375 -0.28076171875
0.0362701416015625 -0.0268669128417969 0.40277099609375 -0.8651123046875
-0.0207672119140625 -0.0102291107177734 -0.4259033203125 -0.6942138671875
-0.0390090942382812 0.0171470642089844 -0.614013671875 -0.0386352539062499
-0.00126457214355469 0.0200881958007812 -0.37701416015625 0.281097412109375
0.0121440887451172 0.00876617431640625 -0.03948974609375 0.2840576171875
-0.0195121765136719 0.00707054138183594 0.170425415039063 0.113067626953125
-0.0157909393310547 -0.00419425964355469 -0.137100219726562 -0.183731079101563
0.0113773345947266 0.0128793716430664 0.0968017578125 -0.304046630859375
0.00692462921142578 0.00986003875732422 0.400390625 -0.23046875
-0.0286121368408203 0.0133380889892578 0.61761474609375 0.14862060546875
-0.0339794158935547 0.00975418090820313 0.3250732421875 0.72509765625
0.016265869140625 -0.0435981750488281 -0.3187255859375 0.8450927734375
0.0300331115722656 -0.0207500457763672 -0.59393310546875 0.34344482421875
0.0611381530761719 0.0218620300292969 0.0402641296386719 0.0657501220703125
0.072906494140625 -0.008392333984375 0.711181640625 -0.27764892578125
0.0361900329589844 -0.0279159545898438 0.3963623046875 -0.85382080078125
-0.0220508575439453 -0.0124988555908203 -0.42926025390625 -0.6842041015625
-0.0402984619140625 0.0159530639648438 -0.61370849609375 -0.0304565429687501
-0.00569915771484375 0.0204868316650391 -0.376495361328125 0.28643798828125
0.0101337432861328 0.0103511810302734 -0.037445068359375 0.288360595703125
-0.0179576873779297 0.00686264038085938 0.170639038085937 0.121337890625
-0.0109996795654297 -0.00220680236816406 -0.132766723632813 -0.177688598632813
0.00971126556396484 0.0125112533569336 0.100433349609375 -0.2991943359375
0.00355052947998047 0.00994873046875 0.40167236328125 -0.224761962890625
-0.0277271270751953 0.0135822296142578 0.61517333984375 0.15924072265625
-0.0316581726074219 0.00895309448242188 0.31976318359375 0.7352294921875
0.0159645080566406 -0.0419883728027344 -0.325927734375 0.852294921875
0.0278778076171875 -0.0167827606201172 -0.6024169921875 0.34368896484375
0.0577049255371094 0.0211219787597656 0.034942626953125 0.0650444030761719
0.071441650390625 -0.00559234619140625 0.70428466796875 -0.2799072265625
0.0350971221923828 -0.0273323059082031 0.384521484375 -0.857421875
-0.0226612091064453 -0.0121059417724609 -0.439453125 -0.678955078125
-0.03936767578125 0.0153427124023438 -0.61834716796875 -0.02301025390625
-0.00605964660644531 0.0228042602539063 -0.38067626953125 0.29351806640625
0.00728321075439453 0.00803422927856445 -0.040008544921875 0.29364013671875
-0.0142087936401367 0.00500011444091797 0.170257568359375 0.12176513671875
-0.0107355117797852 -0.00823688507080078 -0.132858276367188 -0.172012329101563
0.0106382369995117 0.00908660888671875 0.0987548828125 -0.2945556640625
0.00600957870483398 0.00785398483276367 0.398712158203125 -0.216766357421875
-0.0254096984863281 0.0151596069335938 0.60565185546875 0.168701171875
-0.0311183929443359 0.0144634246826172 0.309326171875 0.74053955078125
0.0145149230957031 -0.0384101867675781 -0.3406982421875 0.85125732421875
0.0218315124511719 -0.0164756774902344 -0.60906982421875 0.3416748046875
0.0515556335449219 0.0207672119140625 0.02978515625 0.0637397766113281
0.0641517639160156 -0.00593948364257812 0.697021484375 -0.2781982421875
0.0308570861816406 -0.0247077941894531 0.3765869140625 -0.84820556640625
-0.0207862854003906 -0.00860977172851562 -0.44110107421875 -0.6697998046875
-0.0354537963867188 0.0170440673828125 -0.6207275390625 -0.01568603515625
-0.0054168701171875 0.0211124420166016 -0.3792724609375 0.2955322265625
0.00920581817626953 0.00631046295166016 -0.036163330078125 0.294525146484375
-0.0116329193115234 0.00172710418701172 0.173049926757813 0.128662109375
-0.0073394775390625 -0.0119457244873047 -0.130340576171875 -0.168563842773438
0.0116329193115234 0.005462646484375 0.1038818359375 -0.29180908203125
0.0108480453491211 0.00664997100830078 0.39959716796875 -0.2149658203125
-0.0208168029785156 0.0185737609863281 0.60406494140625 0.175048828125
-0.0310573577880859 0.0186557769775391 0.30267333984375 0.74761962890625
0.0104274749755859 -0.0323467254638672 -0.34844970703125 0.85443115234375
0.0150899887084961 -0.0141391754150391 -0.61590576171875 0.33953857421875
0.0447807312011719 0.01776123046875 0.029296875 0.0651664733886719
0.0559616088867188 -0.0055694580078125 0.6905517578125 -0.28125
0.0256843566894531 -0.0176239013671875 0.36419677734375 -0.85009765625
-0.0201015472412109 -0.00113677978515625 -0.45526123046875 -0.66131591796875
-0.0328159332275391 0.0207920074462891 -0.623046875 -0.00848388671875012
0.000795364379882813 0.0204582214355469 -0.379852294921875 0.301483154296875
0.0127706527709961 0.0016326904296875 -0.036956787109375 0.29998779296875
-0.00845241546630859 -0.00387144088745117 0.171829223632813 0.132659912109375
-0.00637149810791016 -0.0171337127685547 -0.130462646484375 -0.163040161132812
0.0165653228759766 -0.00241184234619141 0.10498046875 -0.289886474609375
0.0157890319824219 0.00498104095458984 0.39739990234375 -0.209228515625
-0.0154228210449219 0.0243663787841797 0.60113525390625 0.184326171875
-0.0290851593017578 0.0296039581298828 0.2950439453125 0.75433349609375
0.00592422485351563 -0.0242347717285156 -0.3563232421875 0.8536376953125
0.00660228729248047 -0.0125598907470703 -0.61773681640625 0.33697509765625
0.0358810424804688 0.0175590515136719 0.0290870666503906 0.0633773803710938
0.0490379333496094 -0.00312423706054688 0.68927001953125 -0.2872314453125
0.0225753784179688 -0.01031494140625 0.35699462890625 -0.85015869140625
-0.0195884704589844 0.00796127319335938 -0.4625244140625 -0.65673828125
-0.0255298614501953 0.023101806640625 -0.62469482421875 -0.000305175781249904
0.00638294219970703 0.0162830352783203 -0.377532958984375 0.30438232421875
0.0172796249389648 -0.00451946258544922 -0.033782958984375 0.30010986328125
-0.0069427490234375 -0.00884151458740234 0.171340942382813 0.135452270507812
-0.0090484619140625 -0.0210819244384766 -0.135162353515625 -0.16162109375
0.0214748382568359 -0.00677680969238281 0.106536865234375 -0.287384033203125
0.0208320617675781 0.00268745422363281 0.39764404296875 -0.208740234375
-0.0112037658691406 0.0266799926757813 0.60052490234375 0.190185546875
-0.0270957946777344 0.0385398864746094 0.29083251953125 0.75714111328125
0.00168991088867187 -0.0180530548095703 -0.36529541015625 0.85186767578125
-0.000312805175781249 -0.0102205276489258 -0.6192626953125 0.33282470703125
0.0292758941650391 0.0154190063476562 0.0328140258789063 0.063201904296875
0.0433235168457031 -0.00189208984375 0.69287109375 -0.28717041015625
0.0163860321044922 0.000255584716796875 0.35205078125 -0.8521728515625
-0.0184650421142578 0.0190010070800781 -0.46490478515625 -0.6513671875
-0.0193061828613281 0.0272541046142578 -0.62176513671875 0.00146484375000001
0.0140619277954102 0.0137796401977539 -0.374237060546875 0.303253173828125
0.0222549438476563 -0.00908088684082031 -0.031402587890625 0.300262451171875
-0.00685405731201172 -0.0114955902099609 0.173431396484375 0.136337280273438
-0.00860023498535156 -0.0247516632080078 -0.134368896484375 -0.159988403320312
0.0288715362548828 -0.0127410888671875 0.108154296875 -0.289794921875
0.0267143249511719 -0.00162315368652344 0.400543212890625 -0.210723876953125
-0.00509262084960937 0.0313720703125 0.60467529296875 0.18878173828125
-0.0243072509765625 0.0477638244628906 0.2923583984375 0.76116943359375
-0.00220489501953125 -0.00968265533447266 -0.36480712890625 0.8521728515625
-0.00362300872802734 -0.00982093811035156 -0.61590576171875 0.33319091796875
0.0262165069580078 0.0133228302001953 0.0362586975097656 0.0644607543945313
0.0378379821777344 -0.0015716552734375 0.69384765625 -0.2940673828125
0.0115537643432617 0.00416946411132812 0.35333251953125 -0.8563232421875
-0.0176639556884766 0.0261726379394531 -0.467041015625 -0.65289306640625
-0.0124797821044922 0.0295009613037109 -0.62255859375 0.000976562499999894
0.0184516906738281 0.0118694305419922 -0.37445068359375 0.300933837890625
0.0274372100830078 -0.0173969268798828 -0.029571533203125 0.298187255859375
-0.00641250610351562 -0.0162744522094727 0.174224853515625 0.134963989257813
-0.016758918762207 0.000239372253417972 -0.136260986328125 -0.18817138671875
0.0139894485473633 0.0123128890991211 0.09942626953125 -0.3104248046875
0.00715970993041992 0.00846195220947266 0.4078369140625 -0.235687255859375
-0.0263576507568359 0.0149440765380859 0.62823486328125 0.14410400390625
-0.030975341796875 0.0123672485351562 0.339111328125 0.7232666015625
0.0154228210449219 -0.0414848327636719 -0.31103515625 0.85009765625
0.0305023193359375 -0.0193614959716797 -0.59075927734375 0.34625244140625
0.0605049133300781 0.0205345153808594 0.0459442138671875 0.0650787353515625
0.0721664428710937 -0.0072174072265625 0.7193603515625 -0.2794189453125
0.0371360778808594 -0.0252914428710938 0.404052734375 -0.86724853515625
-0.0213375091552734 -0.0101985931396484 -0.4273681640625 -0.695556640625
-0.0378265380859375 0.0165519714355469 -0.61431884765625 -0.0374145507812499
-0.00218009948730469 0.0194835662841797 -0.378387451171875 0.282989501953125
0.0118122100830078 0.00859546661376953 -0.03973388671875 0.285064697265625
-0.0198135375976563 0.00842094421386719 0.170089721679688 0.11541748046875
-0.0150184631347656 -0.00155067443847656 -0.13763427734375 -0.183807373046875
0.0116653442382813 0.0140161514282227 0.095916748046875 -0.306121826171875
0.00426292419433594 0.00948905944824219 0.39947509765625 -0.2327880859375
-0.0288105010986328 0.0136699676513672 0.6214599609375 0.1490478515625
-0.0326442718505859 0.00874900817871094 0.32806396484375 0.72552490234375
0.0168647766113281 -0.0443000793457031 -0.31854248046875 0.8477783203125
0.0300502777099609 -0.0191001892089844 -0.59722900390625 0.344970703125
0.0589714050292969 0.0216255187988281 0.0385093688964844 0.0655364990234375
0.073883056640625 -0.00788116455078125 0.7135009765625 -0.27484130859375
0.0372352600097656 -0.0296096801757813 0.3970947265625 -0.85546875
-0.0200710296630859 -0.0136585235595703 -0.4307861328125 -0.6861572265625
-0.0405426025390625 0.0171089172363281 -0.6142578125 -0.0307617187500001
-0.00627326965332031 0.02142333984375 -0.37744140625 0.28778076171875
0.00924110412597656 0.0099334716796875 -0.037261962890625 0.2894287109375
-0.0182304382324219 0.00786209106445312 0.171798706054687 0.12139892578125
-0.0110921859741211 -0.00229263305664062 -0.132904052734375 -0.179092407226562
0.00955486297607422 0.0141134262084961 0.10040283203125 -0.301055908203125
0.00470352172851563 0.0103139877319336 0.4022216796875 -0.227264404296875
-0.0272064208984375 0.0134105682373047 0.61639404296875 0.15899658203125
-0.0324249267578125 0.00904083251953126 0.32037353515625 0.73651123046875
0.0159149169921875 -0.0434989929199219 -0.32373046875 0.854248046875
0.0276985168457031 -0.0174846649169922 -0.6043701171875 0.34576416015625
0.0567626953125 0.0227088928222656 0.0337181091308594 0.0635948181152344
0.0706863403320313 -0.00725555419921875 0.70452880859375 -0.2783203125
0.035980224609375 -0.0287971496582031 0.38555908203125 -0.8570556640625
-0.021484375 -0.0129890441894531 -0.44085693359375 -0.6798095703125
-0.0390968322753906 0.01611328125 -0.62139892578125 -0.0252075195312499
-0.00690650939941406 0.0223636627197266 -0.379058837890625 0.29229736328125
0.00844049453735352 0.00866079330444336 -0.039947509765625 0.295074462890625
-0.0136384963989258 0.00586700439453125 0.169891357421875 0.12359619140625
-0.0115909576416016 -0.00691032409667969 -0.134765625 -0.174102783203125
0.0107583999633789 0.00828456878662109 0.100433349609375 -0.29736328125
0.00492572784423828 0.00954532623291016 0.3978271484375 -0.219512939453125
-0.0263633728027344 0.0160636901855469 0.61083984375 0.169189453125
-0.029083251953125 0.0125522613525391 0.3096923828125 0.740966796875
0.0147552490234375 -0.0400161743164063 -0.33892822265625 0.85205078125
0.0215167999267578 -0.0160655975341797 -0.6131591796875 0.34356689453125
0.0498504638671875 0.0216636657714844 0.0288429260253906 0.0631065368652344
0.0630607604980469 -0.00500106811523438 0.697265625 -0.27874755859375
0.0318584442138672 -0.0241413116455078 0.37713623046875 -0.85211181640625
-0.0209503173828125 -0.00968360900878906 -0.44482421875 -0.67230224609375
-0.0359725952148438 0.0173759460449219 -0.62188720703125 -0.01763916015625
-0.00514030456542969 0.0205421447753906 -0.37969970703125 0.2967529296875
0.00971794128417969 0.00494575500488281 -0.036041259765625 0.298126220703125
-0.012425422668457 0.00237083435058594 0.17236328125 0.129837036132813
-0.00764656066894531 -0.0117454528808594 -0.13275146484375 -0.168594360351562
0.0109987258911133 0.00349235534667969 0.102264404296875 -0.2913818359375
0.0100069046020508 0.00638389587402344 0.398712158203125 -0.215667724609375
-0.0216999053955078 0.0196437835693359 0.60650634765625 0.17767333984375
-0.029266357421875 0.0192356109619141 0.3048095703125 0.74810791015625
0.00927162170410156 -0.0321559906005859 -0.3470458984375 0.85418701171875
0.0157060623168945 -0.0128307342529297 -0.6180419921875 0.34124755859375
0.0408248901367188 0.0196037292480469 0.0268516540527344 0.0628433227539063
0.0570297241210937 -0.00368881225585938 0.69219970703125 -0.2823486328125
0.0264530181884766 -0.0164813995361328 0.36492919921875 -0.85235595703125
-0.0202980041503906 -0.0023956298828125 -0.45513916015625 -0.662353515625
-0.0333652496337891 0.0196990966796875 -0.62408447265625 -0.00744628906250001
0.000314712524414063 0.0183582305908203 -0.380767822265625 0.30267333984375
0.0114345550537109 -0.000575065612792969 -0.037506103515625 0.303253173828125
-0.0107765197753906 -0.003753662109375 0.171539306640625 0.132980346679688
-0.00789833068847656 -0.0159683227539063 -0.131622314453125 -0.16583251953125
0.0187110900878906 -0.000995635986328125 0.103179931640625 -0.292694091796875
0.0156517028808594 0.00560379028320312 0.3978271484375 -0.211456298828125
-0.0177135467529297 0.0231781005859375 0.6051025390625 0.1845703125
-0.0278244018554687 0.0278835296630859 0.298828125 0.75677490234375
0.00645065307617187 -0.0244503021240234 -0.35906982421875 0.855224609375
0.00745964050292969 -0.010930061340332 -0.62103271484375 0.3377685546875
0.0356330871582031 0.0163040161132813 0.0272026062011719 0.0618476867675781
0.0490951538085938 -0.0027923583984375 0.68939208984375 -0.284423828125
0.0226821899414063 -0.0102119445800781 0.3592529296875 -0.851806640625
-0.0197830200195312 0.00771522521972656 -0.4625244140625 -0.65771484375
-0.0243911743164063 0.0230503082275391 -0.62506103515625 -0.000244140624999927
0.00586986541748047 0.0158395767211914 -0.378326416015625 0.304229736328125
0.0167999267578125 -0.00481986999511719 -0.03302001953125 0.302825927734375
-0.0085306167602539 -0.00783967971801758 0.172317504882812 0.135879516601563
-0.00752639770507813 -0.0207672119140625 -0.134124755859375 -0.163543701171875
0.0228710174560547 -0.00749969482421875 0.1064453125 -0.29254150390625
0.0216407775878906 0.00112152099609375 0.39996337890625 -0.2083740234375
-0.0113391876220703 0.0276374816894531 0.604248046875 0.18878173828125
-0.0277938842773438 0.0378189086914063 0.2943115234375 0.761474609375
0.00290489196777344 -0.0177993774414062 -0.36663818359375 0.853759765625
-0.00143241882324219 -0.00898265838623047 -0.622802734375 0.333984375
0.0308780670166016 0.0156497955322266 0.0328369140625 0.0640296936035156
0.0426864624023438 -0.00245285034179688 0.69183349609375 -0.2900390625
0.0168380737304688 -0.00198936462402344 0.35394287109375 -0.8541259765625
-0.0188503265380859 0.0173263549804687 -0.46563720703125 -0.651123046875
-0.0191287994384766 0.0273094177246094 -0.62322998046875 0.00134277343750007
0.0116157531738281 0.0145463943481445 -0.37677001953125 0.303009033203125
0.0223808288574219 -0.0116672515869141 -0.031585693359375 0.301971435546875
-0.0074920654296875 -0.0120925903320313 0.173385620117188 0.137771606445313
-0.00918006896972656 -0.0227088928222656 -0.136642456054688 -0.162353515625
0.0270614624023437 -0.0127944946289062 0.1072998046875 -0.29205322265625
0.0260677337646484 -0.0005035400390625 0.400482177734375 -0.212646484375
-0.006439208984375 0.0321712493896484 0.60699462890625 0.18975830078125
-0.0246772766113281 0.0483360290527344 0.294189453125 0.76214599609375
-0.00168323516845703 -0.0104780197143555 -0.3648681640625 0.85601806640625
-0.00504684448242188 -0.00891494750976563 -0.62030029296875 0.3350830078125
0.0250511169433594 0.0130386352539063 0.0370445251464844 0.0646400451660156
0.0382041931152344 -0.00223541259765625 0.69622802734375 -0.29345703125
0.0121946334838867 0.00346279144287109 0.35260009765625 -0.85791015625
-0.0165061950683594 0.0270843505859375 -0.467529296875 -0.65478515625
-0.0129165649414063 0.0287246704101563 -0.623046875 0.00305175781250004
0.0187778472900391 0.0110111236572266 -0.37420654296875 0.302154541015625
0.0277957916259766 -0.0173168182373047 -0.02984619140625 0.300506591796875
-0.00766658782958984 -0.0152196884155273 0.1749267578125 0.1361083984375
-0.0182228088378906 -0.00077247619628906 -0.137374877929687 -0.187973022460938
0.0142574310302734 0.0116024017333984 0.096954345703125 -0.311981201171875
0.00798988342285156 0.00960063934326172 0.408447265625 -0.23809814453125
-0.0272426605224609 0.0152664184570313 0.632080078125 0.14178466796875
-0.0304889678955078 0.0129280090332031 0.34149169921875 0.72650146484375
0.0168609619140625 -0.0432586669921875 -0.3094482421875 0.85260009765625
0.0287933349609375 -0.0189952850341797 -0.5936279296875 0.34832763671875
0.0590438842773438 0.022613525390625 0.0449447631835938 0.0662994384765625
0.07391357421875 -0.00827789306640625 0.7230224609375 -0.282958984375
0.0377311706542969 -0.026824951171875 0.404052734375 -0.869873046875
-0.0191917419433594 -0.00916099548339844 -0.43023681640625 -0.69818115234375
-0.0370559692382812 0.0180435180664063 -0.6171875 -0.03863525390625
-0.0017242431640625 0.0192852020263672 -0.379608154296875 0.2823486328125
0.0124177932739258 0.00961971282958984 -0.0399169921875 0.28765869140625
-0.0199527740478516 0.00879096984863281 0.16998291015625 0.115997314453125
-0.0171823501586914 -0.00114250183105469 -0.138900756835937 -0.18524169921875
0.0116062164306641 0.0151996612548828 0.09619140625 -0.309051513671875
0.00471210479736328 0.0099039077758789 0.400360107421875 -0.232513427734375
-0.0309085845947266 0.0139255523681641 0.6226806640625 0.14990234375
-0.0299015045166016 0.0101680755615234 0.33251953125 0.728271484375
0.0176658630371094 -0.0454673767089844 -0.3206787109375 0.85015869140625
0.0297203063964844 -0.0179157257080078 -0.59918212890625 0.3450927734375
0.0575637817382812 0.0224609375 0.0380020141601563 0.0653114318847656
0.0734939575195313 -0.00797271728515625 0.714111328125 -0.27685546875
0.0378036499023438 -0.0298690795898438 0.39886474609375 -0.85931396484375
-0.0199623107910156 -0.0135211944580078 -0.43035888671875 -0.68914794921875
-0.0383872985839844 0.0165634155273438 -0.61767578125 -0.031005859375
-0.00676918029785156 0.0214939117431641 -0.376129150390625 0.288665771484375
0.0100803375244141 0.00950050354003906 -0.037109375 0.292724609375
-0.0194091796875 0.00736427307128906 0.172775268554688 0.121719360351563
-0.0127897262573242 -0.00240135192871094 -0.133331298828125 -0.181106567382812
0.00949478149414063 0.0127134323120117 0.099365234375 -0.303741455078125
0.0054922103881836 0.011566162109375 0.404571533203125 -0.2303466796875
-0.0301685333251953 0.0158729553222656 0.62164306640625 0.15765380859375
-0.0312938690185547 0.00741386413574218 0.32574462890625 0.73858642578125
0.0174598693847656 -0.0441360473632813 -0.32550048828125 0.8565673828125
0.0263576507568359 -0.0166397094726563 -0.60540771484375 0.34576416015625
0.0554466247558594 0.0225868225097656 0.0319366455078125 0.0636482238769531
0.0701217651367188 -0.00696563720703125 0.7060546875 -0.28094482421875
0.0363426208496094 -0.0290718078613281 0.38720703125 -0.861083984375
-0.0207366943359375 -0.0143051147460938 -0.4434814453125 -0.6820068359375
-0.0401573181152344 0.0163230895996094 -0.62176513671875 -0.0241699218749999
-0.00567054748535156 0.021148681640625 -0.380706787109375 0.292572021484375
0.00749349594116211 0.00831127166748047 -0.03948974609375 0.29644775390625
-0.0143518447875977 0.00783252716064453 0.171661376953125 0.124725341796875
-0.010676383972168 -0.00728130340576172 -0.135025024414063 -0.174560546875
0.0115699768066406 0.0112333297729492 0.0987548828125 -0.298980712890625
0.00451374053955078 0.0093221664428711 0.399566650390625 -0.220611572265625
-0.0256195068359375 0.0167388916015625 0.61431884765625 0.169677734375
-0.0290203094482422 0.0127468109130859 0.31427001953125 0.74462890625
0.0140228271484375 -0.0403251647949219 -0.340087890625 0.85711669921875
0.0203189849853516 -0.0148811340332031 -0.61334228515625 0.3421630859375
0.0485496520996094 0.0216255187988281 0.0280380249023438 0.0624275207519531
0.064605712890625 -0.00502395629882813 0.6993408203125 -0.278076171875
0.0331916809082031 -0.0249176025390625 0.3782958984375 -0.8538818359375
-0.020111083984375 -0.0103836059570312 -0.4454345703125 -0.67388916015625
-0.0396881103515625 0.0179290771484375 -0.62353515625 -0.0158691406250001
-0.00512313842773437 0.02044677734375 -0.381439208984375 0.299346923828125
0.0107259750366211 0.00452518463134766 -0.0362548828125 0.300811767578125
-0.0131692886352539 0.00339698791503906 0.173904418945313 0.129379272460938
-0.00700664520263672 -0.0103778839111328 -0.132003784179687 -0.1705322265625
0.0119466781616211 0.00489139556884766 0.1019287109375 -0.296417236328125
0.00764179229736328 0.00515079498291016 0.400390625 -0.216949462890625
-0.0208702087402344 0.0189666748046875 0.61114501953125 0.17645263671875
-0.0295352935791016 0.0189285278320313 0.3065185546875 0.7506103515625
0.0103092193603516 -0.0331954956054688 -0.34820556640625 0.85809326171875
0.0126533508300781 -0.0128536224365234 -0.6175537109375 0.343017578125
0.0418548583984375 0.0218238830566406 0.02606201171875 0.0636329650878906
0.0577812194824219 -0.00466537475585938 0.6962890625 -0.28240966796875
0.0271224975585938 -0.0181522369384766 0.36737060546875 -0.854736328125
-0.0197200775146484 -0.00230789184570313 -0.4599609375 -0.66455078125
-0.0317573547363281 0.0202102661132813 -0.62579345703125 -0.0049438476562499
-0.000755310058593749 0.0185966491699219 -0.381378173828125 0.303680419921875
0.0112447738647461 0.000352859497070313 -0.034759521484375 0.30218505859375
-0.0108356475830078 -0.00376701354980469 0.17181396484375 0.134979248046875
-0.00805377960205078 -0.0165510177612305 -0.135238647460938 -0.166854858398438
0.0167322158813477 -0.00217533111572266 0.104461669921875 -0.2938232421875
0.0143508911132812 0.00354480743408203 0.39971923828125 -0.213287353515625
-0.016510009765625 0.0229358673095703 0.609375 0.18328857421875
-0.0257606506347656 0.0272655487060547 0.30096435546875 0.75787353515625
0.00597381591796875 -0.0265960693359375 -0.35687255859375 0.85882568359375
0.00553989410400391 -0.0101194381713867 -0.62353515625 0.34112548828125
0.0349979400634766 0.0183696746826172 0.0284156799316406 0.0633125305175781
0.0492744445800781 -0.00313568115234375 0.6910400390625 -0.2864990234375
0.0225620269775391 -0.0110950469970703 0.3597412109375 -0.85540771484375
-0.0181961059570313 0.00839996337890625 -0.46490478515625 -0.6585693359375
-0.0254745483398438 0.0244655609130859 -0.6280517578125 0.000427246093750041
0.00598716735839844 0.0176944732666016 -0.37908935546875 0.305328369140625
0.0167703628540039 -0.00477123260498047 -0.034027099609375 0.306182861328125
-0.00830507278442383 -0.00841283798217774 0.172760009765625 0.137939453125
-0.00781631469726563 -0.0178356170654297 -0.136917114257812 -0.165435791015625
0.0232620239257813 -0.00697898864746094 0.10546875 -0.293182373046875
0.0211982727050781 0.000856399536132813 0.400543212890625 -0.211761474609375
-0.0136013031005859 0.0284404754638672 0.60736083984375 0.18927001953125
-0.0267257690429687 0.0366859436035156 0.29718017578125 0.76171875
0.00266838073730469 -0.0171842575073242 -0.3653564453125 0.85791015625
3.0517578124999E-05 -0.00921154022216797 -0.62445068359375 0.335693359375
0.0297813415527344 0.0180778503417969 0.0310745239257812 0.0613937377929687
0.0415420532226563 -0.00199508666992188 0.69427490234375 -0.28692626953125
0.0169486999511719 -0.00333499908447266 0.35552978515625 -0.85693359375
-0.0166196823120117 0.0153274536132812 -0.4674072265625 -0.6533203125
-0.0186882019042969 0.0285224914550781 -0.62451171875 0.00170898437500001
0.0119161605834961 0.013880729675293 -0.376617431640625 0.305267333984375
0.0221462249755859 -0.0124130249023438 -0.031463623046875 0.305206298828125
-0.00950431823730469 -0.0103292465209961 0.175094604492188 0.139175415039063
-0.00922012329101563 -0.0232143402099609 -0.1383056640625 -0.163970947265625
0.0284004211425781 -0.0123081207275391 0.10614013671875 -0.29461669921875
0.0257015228271484 -0.0010528564453125 0.40228271484375 -0.214019775390625
-0.00617218017578125 0.0323848724365234 0.6103515625 0.18798828125
-0.0237617492675781 0.0463371276855469 0.29815673828125 0.76385498046875
-0.000535011291503907 -0.0106000900268555 -0.3638916015625 0.8597412109375
-0.00469064712524414 -0.00709295272827149 -0.62164306640625 0.33740234375
0.0253028869628906 0.0147285461425781 0.0364303588867187 0.0636520385742188
0.0375900268554688 -0.00269317626953125 0.69781494140625 -0.29559326171875
0.011357307434082 0.00398540496826172 0.35394287109375 -0.85992431640625
-0.0150413513183594 0.0262680053710937 -0.47088623046875 -0.6552734375
-0.0127220153808594 0.0304908752441406 -0.62591552734375 0.00231933593750008
0.0194778442382813 0.0100002288818359 -0.3743896484375 0.303314208984375
0.0260028839111328 -0.0172958374023438 -0.02935791015625 0.302459716796875
-0.00908660888671875 -0.0151119232177734 0.17584228515625 0.136444091796875
-0.0183620452880859 0.00143241882324218 -0.140609741210937 -0.189987182617188
0.0137910842895508 0.0141410827636719 0.096893310546875 -0.31488037109375
0.00705909729003906 0.00944232940673828 0.40869140625 -0.24169921875
-0.0268173217773438 0.0156402587890625 0.6380615234375 0.141845703125
-0.0307636260986328 0.0120582580566406 0.346923828125 0.7293701171875
0.0170326232910156 -0.043487548828125 -0.30645751953125 0.8558349609375
0.0288581848144531 -0.0181427001953125 -0.594970703125 0.3497314453125
0.0611534118652344 0.0226020812988281 0.0432090759277344 0.0652275085449219
0.0738525390625 -0.00792694091796875 0.72357177734375 -0.28173828125
0.0380744934082031 -0.0286712646484375 0.40496826171875 -0.874755859375
-0.020355224609375 -0.0104637145996094 -0.4320068359375 -0.70013427734375
-0.037872314453125 0.0184898376464844 -0.619140625 -0.0370483398437499
-0.00313568115234375 0.0203514099121094 -0.37945556640625 0.28570556640625
0.0118722915649414 0.00763607025146484 -0.039215087890625 0.28948974609375
-0.0200881958007813 0.0104618072509766 0.17138671875 0.116409301757812
-0.015681266784668 -0.0015115737915039 -0.141433715820313 -0.186767578125
0.0115728378295898 0.0148324966430664 0.093780517578125 -0.311737060546875
0.00274562835693359 0.00919818878173828 0.40289306640625 -0.236114501953125
-0.0304088592529297 0.0140151977539063 0.6282958984375 0.147216796875
-0.0304355621337891 0.00907516479492187 0.33746337890625 0.7298583984375
0.017822265625 -0.0450057983398438 -0.31805419921875 0.8541259765625
0.0287609100341797 -0.0175189971923828 -0.60162353515625 0.3475341796875
0.0582351684570312 0.0230484008789062 0.0379219055175781 0.0654296875
0.072509765625 -0.00792694091796875 0.71728515625 -0.2784423828125
0.0399131774902344 -0.0310401916503906 0.40008544921875 -0.8631591796875
-0.0199909210205078 -0.0142650604248047 -0.43450927734375 -0.68927001953125
-0.0398712158203125 0.0165519714355469 -0.61834716796875 -0.0302734375
-0.00624656677246094 0.0208015441894531 -0.379180908203125 0.290008544921875
0.00978755950927734 0.00945377349853515 -0.035858154296875 0.293426513671875
-0.0194625854492187 0.00931930541992188 0.173629760742188 0.12298583984375
-0.0130147933959961 -0.0020294189453125 -0.13641357421875 -0.181716918945312
0.00969505310058594 0.013336181640625 0.0992431640625 -0.30633544921875
0.0024261474609375 0.0104141235351563 0.40447998046875 -0.231231689453125
-0.0293979644775391 0.0151309967041016 0.62432861328125 0.15643310546875
-0.0312767028808594 0.00809860229492188 0.3309326171875 0.7401123046875
0.017120361328125 -0.0461311340332031 -0.325439453125 0.86016845703125
0.0254745483398438 -0.0169029235839844 -0.61016845703125 0.34814453125
0.0553398132324219 0.0232048034667969 0.0323524475097656 0.0631065368652344
0.0696563720703125 -0.00696182250976563 0.711181640625 -0.2823486328125
0.0371780395507813 -0.0299758911132812 0.385986328125 -0.86669921875
-0.0202255249023438 -0.0132083892822266 -0.44488525390625 -0.68414306640625
-0.0389785766601563 0.0162734985351562 -0.62640380859375 -0.0224609375
-0.00615501403808593 0.0221576690673828 -0.38177490234375 0.2965087890625
0.00752925872802734 0.00851249694824219 -0.03936767578125 0.29913330078125
-0.0151042938232422 0.00687122344970703 0.171661376953125 0.126480102539063
-0.0105571746826172 -0.00681304931640625 -0.137069702148437 -0.176223754882813
0.0100231170654297 0.00924301147460938 0.097381591796875 -0.30242919921875
0.00411415100097656 0.00925254821777344 0.401580810546875 -0.223876953125
-0.0274906158447266 0.0181713104248047 0.61785888671875 0.167724609375
-0.0291538238525391 0.0125389099121094 0.31878662109375 0.74554443359375
0.0150032043457031 -0.0414924621582031 -0.33905029296875 0.86016845703125
0.0206718444824219 -0.0134201049804688 -0.61761474609375 0.3463134765625
0.0483169555664063 0.0226325988769531 0.0274314880371094 0.0619888305664062
0.0635147094726563 -0.00652313232421875 0.70294189453125 -0.28106689453125
0.0337047576904297 -0.0259323120117188 0.3790283203125 -0.859130859375
-0.0182628631591797 -0.00852584838867187 -0.4493408203125 -0.67523193359375
-0.0370140075683594 0.0189094543457031 -0.62554931640625 -0.01446533203125
-0.00412368774414063 0.0198135375976563 -0.380767822265625 0.299957275390625
0.00961399078369141 0.00490283966064453 -0.035369873046875 0.302642822265625
-0.0138368606567383 0.00418281555175781 0.173797607421875 0.131072998046875
-0.00725269317626953 -0.010345458984375 -0.134719848632813 -0.1719970703125
0.0128211975097656 0.0068359375 0.101715087890625 -0.2982177734375
0.00993442535400391 0.00897884368896484 0.4007568359375 -0.2191162109375
-0.0229034423828125 0.0188503265380859 0.6151123046875 0.1759033203125
-0.0265045166015625 0.0205287933349609 0.31268310546875 0.75433349609375
0.0106277465820312 -0.0348739624023438 -0.345947265625 0.86083984375
0.0119428634643555 -0.0109024047851562 -0.6224365234375 0.34478759765625
0.0419960021972656 0.0210075378417969 0.0249404907226563 0.0625801086425781
0.0574150085449219 -0.00473785400390625 0.69854736328125 -0.2843017578125
0.0271263122558594 -0.0189037322998047 0.36663818359375 -0.857421875
-0.0188446044921875 -0.00220680236816406 -0.46185302734375 -0.66656494140625
-0.0306262969970703 0.0206470489501953 -0.6287841796875 -0.00775146484374992
-6.29425048828113E-05 0.0195980072021484 -0.38189697265625 0.30615234375
0.011897087097168 0.00096893310546875 -0.03399658203125 0.306396484375
-0.00988197326660156 -0.00215339660644531 0.172821044921875 0.135726928710938
-0.00850105285644531 -0.0151147842407227 -0.134933471679688 -0.167877197265625
0.0175609588623047 -0.00135421752929688 0.102783203125 -0.297210693359375
0.0126161575317383 0.00506114959716797 0.400421142578125 -0.21673583984375
-0.0172786712646484 0.0254611968994141 0.61474609375 0.18292236328125
-0.0271816253662109 0.0278415679931641 0.307373046875 0.761474609375
0.00661277770996094 -0.0256214141845703 -0.35699462890625 0.862548828125
0.00616836547851563 -0.00931835174560547 -0.626953125 0.34234619140625
0.0338592529296875 0.0196266174316406 0.026885986328125 0.0627212524414062
0.0498504638671875 -0.00357437133789063 0.69549560546875 -0.287841796875
0.0212898254394531 -0.0125007629394531 0.35858154296875 -0.8599853515625
-0.0181446075439453 0.00729751586914063 -0.46856689453125 -0.65997314453125
-0.0251083374023438 0.0247707366943359 -0.63079833984375 0.00189208984375
0.00530529022216797 0.0163545608520508 -0.3792724609375 0.310089111328125
0.0164108276367187 -0.00631046295166016 -0.03173828125 0.307830810546875
-0.00946903228759766 -0.00603103637695312 0.175567626953125 0.138259887695313
-0.00863265991210938 -0.0195732116699219 -0.13775634765625 -0.1671142578125
0.0219764709472656 -0.00721549987792969 0.103759765625 -0.29541015625
0.0199012756347656 0.00133132934570313 0.3994140625 -0.213592529296875
-0.0123538970947266 0.029541015625 0.61279296875 0.18914794921875
-0.0243682861328125 0.0385284423828125 0.300537109375 0.76654052734375
0.00299072265625 -0.0178794860839844 -0.36370849609375 0.86126708984375
-0.000500679016113282 -0.00861883163452148 -0.627197265625 0.3387451171875
0.0277786254882813 0.0169658660888672 0.0304031372070312 0.0628623962402344
0.0416374206542969 -0.00265121459960938 0.69573974609375 -0.29119873046875
0.0179977416992188 -0.00394630432128906 0.35394287109375 -0.859619140625
-0.0177860260009766 0.0177040100097656 -0.47052001953125 -0.65692138671875
-0.0193576812744141 0.0272655487060547 -0.62933349609375 0.00384521484375011
0.0123910903930664 0.0143804550170898 -0.377532958984375 0.30767822265625
0.0219287872314453 -0.0121994018554688 -0.029541015625 0.3076171875
-0.00882911682128906 -0.0100851058959961 0.174514770507812 0.139846801757812
-0.00999069213867188 -0.0217247009277344 -0.138916015625 -0.163345336914063
0.0278663635253906 -0.0118980407714844 0.105926513671875 -0.29736328125
0.0250968933105469 -0.000425338745117188 0.403472900390625 -0.21722412109375
-0.00622367858886719 0.0324115753173828 0.6153564453125 0.18719482421875
-0.0231132507324219 0.0467033386230469 0.30279541015625 0.7672119140625
-0.000693321228027344 -0.012028694152832 -0.36260986328125 0.86370849609375
-0.00480318069458008 -0.0070948600769043 -0.6258544921875 0.337646484375
0.0243396759033203 0.0146350860595703 0.0343399047851562 0.0638084411621094
0.0374679565429688 -0.0036773681640625 0.699462890625 -0.29620361328125
0.0124368667602539 0.00263404846191406 0.3551025390625 -0.86480712890625
-0.0155391693115234 0.0257625579833984 -0.474365234375 -0.65802001953125
-0.0115566253662109 0.0314044952392578 -0.62701416015625 0.00360107421874997
0.0192356109619141 0.0108661651611328 -0.375579833984375 0.306182861328125
0.02679443359375 -0.0174369812011719 -0.028106689453125 0.305572509765625
-0.00820064544677735 -0.0133056640625 0.177444458007813 0.139389038085938
-0.0182342529296875 0.00184822082519531 -0.142410278320313 -0.191848754882812
0.0150909423828125 0.0128765106201172 0.095916748046875 -0.318328857421875
0.00656986236572266 0.00981044769287109 0.41064453125 -0.24664306640625
-0.0282001495361328 0.0175437927246094 0.64288330078125 0.1383056640625
-0.0303726196289062 0.0119514465332031 0.35015869140625 0.729736328125
0.0172309875488281 -0.0452117919921875 -0.30511474609375 0.8607177734375
0.0291481018066406 -0.0170841217041016 -0.5977783203125 0.354248046875
0.0599899291992188 0.0231552124023438 0.0428962707519531 0.0654640197753906
0.0743026733398438 -0.00963592529296875 0.72564697265625 -0.284912109375
0.0391578674316406 -0.0294227600097656 0.4033203125 -0.879638671875
-0.0192947387695312 -0.0115604400634766 -0.43475341796875 -0.7017822265625
-0.0372314453125 0.0191001892089844 -0.62078857421875 -0.0348510742187499
-0.00279045104980469 0.0201759338378906 -0.380401611328125 0.290252685546875
0.0128297805786133 0.0081796646118164 -0.03692626953125 0.29302978515625
-0.0197715759277344 0.0110893249511719 0.17376708984375 0.117950439453125
-0.0167303085327148 0.000466346740722655 -0.14453125 -0.186737060546875
0.0122528076171875 0.0139646530151367 0.092864990234375 -0.316314697265625
0.00328254699707031 0.0100250244140625 0.404296875 -0.241058349609375
-0.0296154022216797 0.0160140991210938 0.63226318359375 0.14581298828125
-0.0315933227539063 0.00843620300292968 0.34381103515625 0.7327880859375
0.018218994140625 -0.0472946166992188 -0.3148193359375 0.85772705078125
0.0278797149658203 -0.0172042846679688 -0.60516357421875 0.35235595703125
0.0584373474121094 0.0244789123535156 0.0359039306640625 0.0638618469238281
0.0731658935546875 -0.00885009765625 0.71966552734375 -0.28106689453125
0.03973388671875 -0.0319366455078125 0.398193359375 -0.8685302734375
-0.0190315246582031 -0.0151214599609375 -0.4383544921875 -0.69403076171875
-0.0390167236328125 0.0179405212402344 -0.62255859375 -0.0273437500000001
-0.00564956665039063 0.0207061767578125 -0.37969970703125 0.294342041015625
0.00915813446044922 0.00847339630126953 -0.03472900390625 0.2957763671875
-0.0200977325439453 0.0089111328125 0.174697875976563 0.12579345703125
-0.0135908126831055 -0.000855445861816408 -0.139846801757812 -0.183853149414063
0.00934314727783203 0.0131244659423828 0.096588134765625 -0.310882568359375
0.00299263000488281 0.0115489959716797 0.406585693359375 -0.235015869140625
-0.0291404724121094 0.0154685974121094 0.63232421875 0.15606689453125
-0.0301780700683594 0.00739479064941407 0.33642578125 0.7427978515625
0.0175094604492187 -0.0444259643554688 -0.32342529296875 0.865234375
0.0255699157714844 -0.0154705047607422 -0.61260986328125 0.3533935546875
0.0536575317382813 0.023223876953125 0.0301895141601562 0.0640640258789063
0.069854736328125 -0.00734329223632812 0.71026611328125 -0.28375244140625
0.0365829467773438 -0.0319633483886719 0.38720703125 -0.8719482421875
-0.0200748443603516 -0.0146121978759766 -0.44989013671875 -0.6865234375
-0.0389976501464844 0.0161476135253906 -0.6297607421875 -0.0208129882812499
-0.00634956359863281 0.0215167999267578 -0.38201904296875 0.300079345703125
0.006927490234375 0.00888729095458984 -0.037445068359375 0.3011474609375
-0.0156059265136719 0.00607967376708984 0.174636840820313 0.127334594726563
-0.012547492980957 -0.00488090515136719 -0.140121459960938 -0.177841186523437
0.00907516479492187 0.010563850402832 0.095184326171875 -0.306060791015625
0.00448036193847656 0.00931549072265625 0.40234375 -0.228057861328125
-0.0283527374267578 0.0170650482177734 0.62396240234375 0.16693115234375
-0.0287094116210938 0.0118503570556641 0.32366943359375 0.7491455078125
0.0148735046386719 -0.040496826171875 -0.337158203125 0.86578369140625
0.0196113586425781 -0.0136547088623047 -0.6204833984375 0.35040283203125
0.0477752685546875 0.0231552124023438 0.0265045166015625 0.0624923706054687
0.0652427673339844 -0.00592803955078125 0.7054443359375 -0.2813720703125
0.0333595275878906 -0.0275611877441406 0.3797607421875 -0.8629150390625
-0.0186920166015625 -0.01025390625 -0.45465087890625 -0.67706298828125
-0.0365371704101563 0.0201034545898438 -0.6300048828125 -0.0115356445312499
-0.00352287292480469 0.0219821929931641 -0.380767822265625 0.304443359375
0.0103006362915039 0.00377559661865234 -0.034271240234375 0.304534912109375
-0.0129880905151367 0.00549507141113281 0.1754150390625 0.132476806640625
-0.00803756713867188 -0.00916004180908203 -0.135986328125 -0.174850463867188
0.0126380920410156 0.00528717041015625 0.099090576171875 -0.302490234375
0.00742816925048828 0.00934982299804688 0.402374267578125 -0.223480224609375
-0.0224075317382813 0.0189762115478516 0.6195068359375 0.17523193359375
-0.0262527465820313 0.0183601379394531 0.31878662109375 0.75701904296875
0.0119438171386719 -0.0358619689941406 -0.34478759765625 0.865966796875
0.0115375518798828 -0.00964260101318359 -0.624755859375 0.34881591796875
0.0396575927734375 0.0232734680175781 0.0251121520996094 0.0615081787109375
0.057403564453125 -0.00555801391601563 0.6990966796875 -0.28607177734375
0.0296001434326172 -0.0227947235107422 0.36737060546875 -0.8646240234375
-0.019256591796875 -0.00225830078125 -0.46337890625 -0.6689453125
-0.0315341949462891 0.0219402313232422 -0.6317138671875 -0.00488281250000007
-0.000125885009765626 0.0185642242431641 -0.3802490234375 0.306976318359375
0.0126285552978516 0.000176429748535156 -0.0340576171875 0.309112548828125
-0.0104446411132813 -0.00184535980224609 0.174560546875 0.136550903320313
-0.00932884216308593 -0.0139064788818359 -0.138336181640625 -0.16876220703125
0.0173931121826172 -0.000272750854492188 0.102508544921875 -0.300506591796875
0.0131540298461914 0.00551700592041016 0.40142822265625 -0.219482421875
-0.0168724060058594 0.0257568359375 0.61883544921875 0.18145751953125
-0.0256824493408203 0.02880859375 0.313232421875 0.7650146484375
0.00638389587402344 -0.0274810791015625 -0.3551025390625 0.8671875
0.00428342819213867 -0.0085453987121582 -0.63043212890625 0.34552001953125
0.0322380065917969 0.0188827514648438 0.0265922546386719 0.0609207153320313
0.0502700805664063 -0.00393295288085938 0.697021484375 -0.29150390625
0.0231876373291016 -0.0129470825195312 0.35992431640625 -0.8634033203125
-0.0183334350585937 0.00768089294433594 -0.47430419921875 -0.66168212890625
-0.024444580078125 0.0240497589111328 -0.6322021484375 0.00543212890625012
0.00667858123779297 0.0154705047607422 -0.38140869140625 0.3116455078125
0.016627311706543 -0.006134033203125 -0.031982421875 0.3096923828125
-0.0101318359375 -0.00691986083984375 0.176834106445313 0.139984130859375
-0.0117378234863281 -0.0198593139648438 -0.139389038085938 -0.167922973632813
0.0214977264404297 -0.0065460205078125 0.101348876953125 -0.299652099609375
0.0200958251953125 0.00226402282714844 0.400482177734375 -0.219085693359375
-0.0114307403564453 0.0288181304931641 0.61785888671875 0.18682861328125
-0.0238037109375 0.0370101928710938 0.30615234375 0.7669677734375
0.00309371948242187 -0.0194530487060547 -0.36041259765625 0.865966796875
-0.00223827362060547 -0.00708293914794922 -0.6297607421875 0.3397216796875
0.0274639129638672 0.0179653167724609 0.0292892456054687 0.0609855651855469
0.0429611206054688 -0.0061187744140625 0.697998046875 -0.29638671875
0.0190219879150391 -0.00430107116699219 0.354736328125 -0.86517333984375
-0.0166654586791992 0.0166263580322266 -0.47705078125 -0.6578369140625
-0.0179958343505859 0.0270290374755859 -0.63232421875 0.00506591796875002
0.0119619369506836 0.0125818252563477 -0.37841796875 0.31036376953125
0.0208911895751953 -0.0121307373046875 -0.027069091796875 0.30938720703125
-0.00987720489501953 -0.0103731155395508 0.1788330078125 0.14105224609375
-0.0104293823242188 -0.0215244293212891 -0.14105224609375 -0.165359497070312
0.0276756286621094 -0.0132637023925781 0.10430908203125 -0.300567626953125
0.0242519378662109 0.00019073486328125 0.4031982421875 -0.219146728515625
-0.00609970092773438 0.0340290069580078 0.62066650390625 0.18548583984375
-0.0229949951171875 0.0461540222167969 0.30841064453125 0.770751953125
5.81741333007804E-05 -0.0131168365478516 -0.36114501953125 0.866943359375
-0.00567483901977539 -0.00606012344360352 -0.62811279296875 0.34197998046875
0.0236759185791016 0.0142078399658203 0.0341300964355469 0.0634422302246094
0.0373725891113281 -0.00501251220703125 0.70269775390625 -0.2982177734375
0.0136022567749023 0.00201988220214844 0.35394287109375 -0.8699951171875
-0.0149555206298828 0.0258064270019531 -0.47802734375 -0.6600341796875
-0.0101356506347656 0.0313472747802734 -0.630615234375 0.006591796875
0.0195293426513672 0.0109996795654297 -0.3773193359375 0.309906005859375
0.0277385711669922 -0.0184688568115234 -0.02728271484375 0.306549072265625
-0.00835037231445313 -0.0132350921630859 0.178176879882812 0.141082763671875
-0.0198097229003906 0.00255012512207031 -0.145126342773438 -0.191513061523437
0.0140790939331055 0.0130271911621094 0.09368896484375 -0.32196044921875
0.00590419769287109 0.00977420806884766 0.412445068359375 -0.250335693359375
-0.028778076171875 0.0180759429931641 0.64776611328125 0.13531494140625
-0.0293979644775391 0.0108375549316406 0.35992431640625 0.73455810546875
0.0180854797363281 -0.0451583862304688 -0.303955078125 0.866943359375
0.0283222198486328 -0.0163555145263672 -0.60205078125 0.358642578125
0.0590171813964844 0.0237655639648438 0.0420341491699219 0.0650596618652344
0.0737762451171875 -0.010009765625 0.72967529296875 -0.288818359375
0.0392494201660156 -0.0311965942382813 0.4013671875 -0.884765625
-0.0167360305786133 -0.0111379623413086 -0.44451904296875 -0.704833984375
-0.0370674133300781 0.0185585021972656 -0.6239013671875 -0.0332031250000001
-0.00233078002929688 0.0206203460693359 -0.380096435546875 0.292816162109375
0.0125885009765625 0.00770092010498047 -0.0352783203125 0.295166015625
-0.0205478668212891 0.0115833282470703 0.174774169921875 0.11962890625
-0.0174083709716797 0.00072669982910156 -0.14727783203125 -0.189773559570313
0.0127124786376953 0.0158557891845703 0.090057373046875 -0.319091796875
0.00198650360107422 0.0116052627563477 0.407073974609375 -0.246246337890625
-0.0314064025878906 0.0160350799560547 0.63818359375 0.1402587890625
-0.0303287506103516 0.00902938842773438 0.35089111328125 0.7349853515625
0.0184097290039062 -0.0482826232910156 -0.31292724609375 0.86627197265625
0.0276756286621094 -0.0162773132324219 -0.608642578125 0.35650634765625
0.0591049194335938 0.02386474609375 0.0352401733398438 0.0640754699707031
0.073577880859375 -0.0103836059570313 0.72186279296875 -0.285400390625
0.0400581359863281 -0.0324783325195313 0.394775390625 -0.8780517578125
-0.017974853515625 -0.0147285461425781 -0.44549560546875 -0.696533203125
-0.0402984619140625 0.0180931091308594 -0.62554931640625 -0.02557373046875
-0.00527000427246094 0.0208835601806641 -0.3804931640625 0.2984619140625
0.00980377197265625 0.00978469848632813 -0.034515380859375 0.29949951171875
-0.0202064514160156 0.0114231109619141 0.17730712890625 0.12664794921875
-0.013707160949707 0.000145912170410153 -0.141860961914063 -0.185287475585938
0.0109405517578125 0.0129413604736328 0.093994140625 -0.31439208984375
0.00222587585449219 0.0117397308349609 0.40655517578125 -0.240325927734375
-0.0305614471435547 0.0165004730224609 0.6358642578125 0.15185546875
-0.0301342010498047 0.00848007202148438 0.34307861328125 0.746337890625
0.0175209045410156 -0.0476570129394531 -0.31854248046875 0.87078857421875
0.0247993469238281 -0.014404296875 -0.61541748046875 0.35894775390625
0.054718017578125 0.0247459411621094 0.0306282043457031 0.0631752014160156
0.07025146484375 -0.00969314575195313 0.71295166015625 -0.28765869140625
0.0380821228027344 -0.0314712524414063 0.38433837890625 -0.8787841796875
-0.0187644958496094 -0.0147247314453125 -0.4564208984375 -0.68975830078125
-0.0389556884765625 0.0182456970214844 -0.6326904296875 -0.0177001953125001
-0.00600242614746094 0.0219707489013672 -0.38336181640625 0.302825927734375
0.00815629959106445 0.00823688507080078 -0.03558349609375 0.30499267578125
-0.0162954330444336 0.00780296325683594 0.176177978515625 0.127960205078125
-0.013737678527832 -0.00524616241455078 -0.142608642578125 -0.1800537109375
0.0111408233642578 0.0109195709228516 0.093353271484375 -0.309478759765625
0.00308895111083984 0.0110092163085938 0.4019775390625 -0.23211669921875
-0.0280094146728516 0.0188655853271484 0.62762451171875 0.1611328125
-0.0288753509521484 0.0126953125 0.3338623046875 0.750732421875
0.0150947570800781 -0.0435142517089844 -0.33447265625 0.8736572265625
0.0197601318359375 -0.0120773315429688 -0.623046875 0.354736328125
0.0477638244628906 0.024932861328125 0.0267982482910156 0.0623970031738281
0.0643653869628906 -0.00833892822265625 0.70843505859375 -0.28643798828125
0.0335292816162109 -0.0293846130371094 0.3768310546875 -0.87091064453125
-0.0179882049560547 -0.0101566314697266 -0.4622802734375 -0.67901611328125
-0.0360565185546875 0.0186805725097656 -0.63238525390625 -0.0105590820312501
-0.00502777099609375 0.0198631286621094 -0.38214111328125 0.306732177734375
0.00891494750976563 0.00446796417236328 -0.0318603515625 0.3082275390625
-0.0153217315673828 0.00427818298339843 0.178604125976563 0.133071899414063
-0.00926494598388672 -0.00907707214355469 -0.139404296875 -0.175811767578125
0.0137014389038086 0.00546455383300781 0.09893798828125 -0.306304931640625
0.00719690322875977 0.00808858871459961 0.403472900390625 -0.23004150390625
-0.0231876373291016 0.0214176177978516 0.6265869140625 0.1715087890625
-0.0267486572265625 0.0180187225341797 0.32647705078125 0.76165771484375
0.0128974914550781 -0.0368614196777344 -0.34283447265625 0.87255859375
0.0113019943237305 -0.00875091552734375 -0.628662109375 0.352783203125
0.0409393310546875 0.0233612060546875 0.0223274230957031 0.063018798828125
0.0572776794433594 -0.00578689575195313 0.702392578125 -0.29058837890625
0.0277996063232422 -0.0207767486572266 0.36541748046875 -0.8699951171875
-0.0178260803222656 -0.00408363342285156 -0.4705810546875 -0.671630859375
-0.0304927825927734 0.0220241546630859 -0.6373291015625 0.000427246093749907
0.000680923461914062 0.0199947357177734 -0.382232666015625 0.310577392578125
0.0112266540527344 -0.000698089599609375 -0.031707763671875 0.312774658203125
-0.0104513168334961 -0.00180721282958984 0.175994873046875 0.137451171875
-0.00963401794433594 -0.0138731002807617 -0.140655517578125 -0.170455932617187
0.01824951171875 -0.00147628784179687 0.099639892578125 -0.302978515625
0.0120019912719727 0.00600719451904297 0.40155029296875 -0.22479248046875
-0.0178432464599609 0.0255851745605469 0.62603759765625 0.17938232421875
-0.0259761810302734 0.0273799896240234 0.3192138671875 0.765625
0.00798797607421875 -0.0285434722900391 -0.35235595703125 0.87506103515625
0.00450563430786133 -0.00840330123901367 -0.63262939453125 0.3509521484375
0.0337963104248047 0.0212211608886719 0.0241661071777344 0.0613822937011719
0.0502395629882813 -0.00540542602539062 0.7008056640625 -0.2943115234375
0.0227832794189453 -0.013916015625 0.35858154296875 -0.87139892578125
-0.0168056488037109 0.00736618041992188 -0.47955322265625 -0.66522216796875
-0.0240268707275391 0.0257663726806641 -0.63720703125 0.0086669921875
0.00611114501953125 0.0162601470947266 -0.381256103515625 0.3157958984375
0.0154132843017578 -0.00691413879394531 -0.029022216796875 0.313720703125
-0.00959205627441406 -0.00605106353759765 0.177993774414063 0.138259887695313
-0.0094451904296875 -0.0185909271240234 -0.141799926757812 -0.167739868164063
0.0221652984619141 -0.00511360168457031 0.101898193359375 -0.302215576171875
0.0175600051879883 0.00216579437255859 0.40252685546875 -0.221099853515625
-0.0125694274902344 0.0299549102783203 0.62420654296875 0.1846923828125
-0.0237236022949219 0.03778076171875 0.31439208984375 0.77081298828125
0.003692626953125 -0.0190410614013672 -0.35931396484375 0.8709716796875
-0.00205755233764648 -0.00573301315307617 -0.63330078125 0.34722900390625
0.0261039733886719 0.0186443328857422 0.02734375 0.0618934631347656
0.0432891845703125 -0.00478363037109375 0.70166015625 -0.29705810546875
0.018890380859375 -0.00467681884765625 0.3533935546875 -0.8714599609375
-0.0156269073486328 0.017303466796875 -0.48126220703125 -0.6602783203125
-0.0165081024169922 0.0281696319580078 -0.63482666015625 0.00976562500000013
0.0128135681152344 0.014251708984375 -0.378265380859375 0.316192626953125
0.0202751159667969 -0.0125007629394531 -0.025665283203125 0.31298828125
-0.010157585144043 -0.0101184844970703 0.180465698242188 0.143035888671875
-0.0120582580566406 -0.0202960968017578 -0.144088745117188 -0.166046142578125
0.0287094116210938 -0.0128936767578125 0.103302001953125 -0.305755615234375
0.0240631103515625 -0.000280380249023438 0.405426025390625 -0.22467041015625
-0.00584793090820312 0.0346393585205078 0.62689208984375 0.18365478515625
-0.0218505859375 0.0457649230957031 0.3167724609375 0.77301025390625
-0.000445365905761717 -0.0131187438964844 -0.35791015625 0.87359619140625
-0.00684881210327148 -0.00436115264892578 -0.6314697265625 0.3472900390625
0.0241336822509766 0.0162105560302734 0.0338287353515625 0.0619621276855469
0.0383415222167969 -0.0047149658203125 0.7034912109375 -0.30255126953125
0.0137662887573242 0.00089263916015625 0.3525390625 -0.8773193359375
-0.0142745971679688 0.0259647369384766 -0.48468017578125 -0.66064453125
-0.0107555389404297 0.0313625335693359 -0.6343994140625 0.00903320312500007
0.0190372467041016 0.0113773345947266 -0.3773193359375 0.312957763671875
0.0252285003662109 -0.0189189910888672 -0.0252685546875 0.310546875
-0.00940895080566406 -0.0129880905151367 0.180694580078125 0.140167236328125
-0.0190238952636719 0.00372695922851563 -0.14910888671875 -0.193344116210938
0.0149421691894531 0.0137538909912109 0.091522216796875 -0.325408935546875
0.00582408905029297 0.00931739807128906 0.412109375 -0.2559814453125
-0.0309162139892578 0.0188331604003906 0.6529541015625 0.1319580078125
-0.0288066864013672 0.0110130310058594 0.36920166015625 0.7347412109375
0.0186424255371094 -0.0465621948242188 -0.2977294921875 0.87225341796875
0.0288887023925781 -0.0156059265136719 -0.60211181640625 0.36376953125
0.0589256286621094 0.0241203308105469 0.0426750183105469 0.0651473999023438
0.0738067626953125 -0.0107650756835938 0.73150634765625 -0.29278564453125
0.0382728576660156 -0.0312767028808594 0.399169921875 -0.89349365234375
-0.0177230834960937 -0.0100250244140625 -0.45013427734375 -0.7056884765625
-0.0360221862792969 0.0191612243652344 -0.6307373046875 -0.0284423828125001
-0.00102615356445313 0.0190849304199219 -0.378753662109375 0.297637939453125
0.0113468170166016 0.00718402862548828 -0.034637451171875 0.29742431640625
-0.0196514129638672 0.0124130249023438 0.177169799804688 0.119522094726563
-0.0166730880737305 0.00245952606201172 -0.147705078125 -0.189971923828125
0.012420654296875 0.0149202346801758 0.08795166015625 -0.322174072265625
0.00111579895019531 0.0108375549316406 0.406829833984375 -0.24853515625
-0.0310325622558594 0.0167484283447266 0.64593505859375 0.1370849609375
-0.0294589996337891 0.00801277160644531 0.3604736328125 0.7366943359375
0.019500732421875 -0.0499420166015625 -0.30859375 0.8719482421875
0.0269870758056641 -0.0165061950683594 -0.60888671875 0.363037109375
0.0580787658691406 0.0251541137695313 0.035614013671875 0.0643424987792969
0.0735626220703125 -0.0111007690429688 0.72357177734375 -0.28924560546875
0.0402374267578125 -0.033294677734375 0.39410400390625 -0.8824462890625
-0.0183868408203125 -0.0147514343261719 -0.45123291015625 -0.6959228515625
-0.0389213562011719 0.017364501953125 -0.63043212890625 -0.0225219726562499
-0.005096435546875 0.0199432373046875 -0.3778076171875 0.3011474609375
0.00900077819824219 0.00887680053710938 -0.030487060546875 0.3018798828125
-0.0196743011474609 0.0121345520019531 0.177947998046875 0.125701904296875
-0.013758659362793 0.00128459930419922 -0.1446533203125 -0.185989379882812
0.0104503631591797 0.0145559310913086 0.0924072265625 -0.3173828125
0.00294399261474609 0.0121526718139648 0.4049072265625 -0.245208740234375
-0.0313205718994141 0.0161628723144531 0.643310546875 0.1480712890625
-0.0295944213867188 0.00733757019042968 0.3538818359375 0.7479248046875
0.0187225341796875 -0.0478897094726563 -0.316162109375 0.8790283203125
0.0266284942626953 -0.0126438140869141 -0.616943359375 0.36328125
0.0544319152832031 0.0262527465820313 0.0298004150390625 0.0641746520996094
0.07183837890625 -0.0111007690429688 0.71630859375 -0.293701171875
0.0391616821289063 -0.0327720642089844 0.38006591796875 -0.8848876953125
-0.0203819274902344 -0.0148773193359375 -0.46453857421875 -0.68994140625
-0.0385627746582031 0.0189361572265625 -0.635986328125 -0.01251220703125
-0.00691795349121094 0.0210189819335937 -0.38409423828125 0.308349609375
0.007537841796875 0.00735902786254883 -0.033721923828125 0.308380126953125
-0.0173196792602539 0.0108165740966797 0.177444458007813 0.127716064453125
-0.0133323669433594 -0.00349712371826172 -0.146408081054688 -0.179306030273437
0.0114612579345703 0.0110340118408203 0.09185791015625 -0.31231689453125
0.00178050994873047 0.0102672576904297 0.402099609375 -0.2381591796875
-0.0283946990966797 0.0186614990234375 0.6337890625 0.158203125
-0.0277671813964844 0.0101108551025391 0.34027099609375 0.75225830078125
0.0160369873046875 -0.0441246032714844 -0.33026123046875 0.8768310546875
0.0201339721679688 -0.0122241973876953 -0.626220703125 0.36083984375
0.0484161376953125 0.0243072509765625 0.0258026123046875 0.0641975402832031
0.0633735656738281 -0.00804901123046875 0.709228515625 -0.29022216796875
0.0349235534667969 -0.0300273895263672 0.37353515625 -0.8782958984375
-0.0172920227050781 -0.012059211730957 -0.466552734375 -0.68035888671875
-0.0341281890869141 0.0198440551757813 -0.63494873046875 -0.00665283203124999
-0.00430679321289063 0.0203914642333984 -0.382171630859375 0.311187744140625
0.00866365432739258 0.00328493118286133 -0.02960205078125 0.308990478515625
-0.0143013000488281 0.00583171844482422 0.18157958984375 0.133331298828125
-0.0118684768676758 -0.00789451599121094 -0.141799926757812 -0.174148559570313
0.0122032165527344 0.00517940521240234 0.09552001953125 -0.3106689453125
0.00648880004882813 0.00729274749755859 0.404754638671875 -0.232818603515625
-0.0255317687988281 0.0238246917724609 0.63397216796875 0.16986083984375
-0.02850341796875 0.0177650451660156 0.33648681640625 0.76336669921875
0.0124359130859375 -0.0379600524902344 -0.3375244140625 0.88134765625
0.0140447616577148 -0.00712299346923828 -0.630126953125 0.35870361328125
0.0414047241210938 0.0241775512695313 0.022308349609375 0.0613479614257812
0.0588302612304687 -0.00669479370117187 0.70404052734375 -0.29608154296875
0.0290145874023438 -0.0236167907714844 0.3603515625 -0.87738037109375
-0.0192813873291016 -0.0037689208984375 -0.480224609375 -0.6719970703125
-0.0308055877685547 0.0224819183349609 -0.64105224609375 0.00396728515625011
0.00138282775878906 0.0177364349365234 -0.380401611328125 0.316070556640625
0.0115175247192383 -0.00102710723876953 -0.030487060546875 0.314666748046875
-0.0108060836791992 -0.000108718872070313 0.17816162109375 0.137741088867188
-0.0091238021850586 -0.0135354995727539 -0.140640258789063 -0.170700073242187
0.0176448822021484 -0.000722885131835938 0.097625732421875 -0.30743408203125
0.0116853713989258 0.00510311126708984 0.4031982421875 -0.23004150390625
-0.0192852020263672 0.0269584655761719 0.63018798828125 0.17474365234375
-0.024932861328125 0.0277023315429687 0.32794189453125 0.76861572265625
0.00854873657226563 -0.0276775360107422 -0.34747314453125 0.882080078125
0.00437736511230469 -0.00640964508056641 -0.6351318359375 0.3577880859375
0.0333595275878906 0.0227451324462891 0.0233497619628906 0.0614967346191406
0.0495262145996094 -0.00769424438476562 0.7001953125 -0.299560546875
0.0239925384521484 -0.0142707824707031 0.35394287109375 -0.87567138671875
-0.017329216003418 0.00655269622802734 -0.48651123046875 -0.666259765625
-0.0252513885498047 0.0244693756103516 -0.6392822265625 0.010009765625
0.00657939910888672 0.0157041549682617 -0.381256103515625 0.319793701171875
0.014042854309082 -0.00581550598144531 -0.0277099609375 0.31561279296875
-0.00910663604736328 -0.00301361083984375 0.179458618164063 0.141387939453125
-0.0107994079589844 -0.01763916015625 -0.145828247070313 -0.167984008789062
0.0234642028808594 -0.00612258911132813 0.09844970703125 -0.306243896484375
0.0189971923828125 0.000986099243164063 0.40435791015625 -0.227447509765625
-0.0118083953857422 0.0331516265869141 0.63104248046875 0.18121337890625
-0.0219612121582031 0.0372505187988281 0.32513427734375 0.77496337890625
0.00446510314941406 -0.0205459594726563 -0.352294921875 0.87890625
-0.00178146362304688 -0.00484848022460938 -0.63580322265625 0.35125732421875
0.0269832611083984 0.0201473236083984 0.0274543762207031 0.0607185363769531
0.04241943359375 -0.00582504272460938 0.70367431640625 -0.3009033203125
0.0182991027832031 -0.00782203674316406 0.34979248046875 -0.87921142578125
-0.0150279998779297 0.01580810546875 -0.4876708984375 -0.66143798828125
-0.0168399810791016 0.0290641784667969 -0.63787841796875 0.0146484374999999
0.0128679275512695 0.0140972137451172 -0.380523681640625 0.318267822265625
0.0225086212158203 -0.0127735137939453 -0.02313232421875 0.3133544921875
-0.00980377197265625 -0.00907421112060547 0.181549072265625 0.14239501953125
-0.0114345550537109 -0.0201683044433594 -0.146011352539063 -0.167633056640625
0.0286674499511719 -0.0131015777587891 0.09942626953125 -0.30865478515625
0.0244827270507813 0.00014495849609375 0.404571533203125 -0.228363037109375
-0.00616073608398437 0.0353279113769531 0.6334228515625 0.17791748046875
-0.0220184326171875 0.0458793640136719 0.32659912109375 0.773681640625
0.000444412231445312 -0.0131072998046875 -0.35504150390625 0.8797607421875
-0.00709438323974609 -0.00505256652832031 -0.63360595703125 0.35345458984375
0.0245800018310547 0.0172405242919922 0.0325889587402344 0.0614356994628906
0.0381584167480469 -0.00494766235351562 0.7069091796875 -0.3074951171875
0.0143213272094727 0.0006561279296875 0.34716796875 -0.8831787109375
-0.0139045715332031 0.0261631011962891 -0.49066162109375 -0.66107177734375
-0.0101757049560547 0.0319118499755859 -0.63720703125 0.013427734375
0.0189361572265625 0.0101966857910156 -0.377105712890625 0.317657470703125
0.0260887145996094 -0.0191478729248047 -0.02252197265625 0.31231689453125
-0.0102787017822266 -0.0107097625732422 0.182647705078125 0.141448974609375
-0.0192089080810547 0.00440025329589843 -0.151275634765625 -0.194412231445313
0.0146942138671875 0.0131902694702148 0.0877685546875 -0.329833984375
0.0055694580078125 0.0107965469360352 0.412750244140625 -0.260986328125
-0.0293865203857422 0.0198421478271484 0.6595458984375 0.1273193359375
-0.0288429260253906 0.0106430053710938 0.378173828125 0.73699951171875
0.017333984375 -0.0480270385742188 -0.29327392578125 0.88140869140625
0.0282192230224609 -0.014801025390625 -0.60418701171875 0.37103271484375
0.0600624084472656 0.0251197814941406 0.0413742065429688 0.0654411315917969
0.0736846923828125 -0.0117645263671875 0.7333984375 -0.29815673828125
0.0391197204589844 -0.0318641662597656 0.39471435546875 -0.90087890625
-0.0174627304077148 -0.0114173889160156 -0.457763671875 -0.707275390625
-0.0360679626464844 0.0208358764648438 -0.6317138671875 -0.02520751953125
-0.00299263000488281 0.0197944641113281 -0.381072998046875 0.302764892578125
0.0104990005493164 0.00650215148925781 -0.0311279296875 0.30120849609375
-0.0202884674072266 0.0130672454833984 0.179351806640625 0.119918823242188
-0.0190048217773438 0.00360107421875 -0.151626586914063 -0.190628051757812
0.0126180648803711 0.01605224609375 0.08587646484375 -0.325927734375
0.00138759613037109 0.0115337371826172 0.405517578125 -0.253692626953125
-0.0324592590332031 0.0179557800292969 0.6510009765625 0.13446044921875
-0.0277309417724609 0.00791740417480469 0.36688232421875 0.7376708984375
0.0209503173828125 -0.0502510070800781 -0.3035888671875 0.8780517578125
0.0277881622314453 -0.0142402648925781 -0.611083984375 0.36773681640625
0.0554962158203125 0.0253524780273438 0.0348358154296875 0.0647392272949219
0.073699951171875 -0.012054443359375 0.72576904296875 -0.29400634765625
0.0408935546875 -0.0341529846191406 0.38861083984375 -0.892333984375
-0.0182628631591797 -0.0152854919433594 -0.45892333984375 -0.69757080078125
-0.0387306213378906 0.0186996459960938 -0.63323974609375 -0.017822265625
-0.00493240356445313 0.0205860137939453 -0.378875732421875 0.30712890625
0.00813388824462891 0.00889015197753906 -0.029571533203125 0.305328369140625
-0.0202293395996094 0.0140476226806641 0.179794311523438 0.12615966796875
-0.0136823654174805 0.00137424468994141 -0.146697998046875 -0.186477661132813
0.0107612609863281 0.0135183334350586 0.089080810546875 -0.321990966796875
0.00115203857421875 0.0125694274902344 0.4085693359375 -0.24920654296875
-0.0305919647216797 0.0181350708007812 0.6485595703125 0.1434326171875
-0.0291175842285156 0.00725936889648437 0.36175537109375 0.74749755859375
0.0184707641601563 -0.0489234924316406 -0.3101806640625 0.885498046875
0.0237503051757813 -0.0123405456542969 -0.6195068359375 0.37042236328125
0.053955078125 0.0268173217773437 0.0284538269042969 0.0628318786621094
0.0707473754882812 -0.0102157592773438 0.71728515625 -0.2978515625
0.0386390686035156 -0.0354080200195312 0.3780517578125 -0.89129638671875
-0.0188217163085938 -0.0156631469726563 -0.4708251953125 -0.69061279296875
-0.0376930236816406 0.0183868408203125 -0.639892578125 -0.00976562499999998
-0.00508880615234375 0.0210838317871094 -0.381744384765625 0.313140869140625
0.00624465942382813 0.0078282356262207 -0.031158447265625 0.31109619140625
-0.0161314010620117 0.00999832153320313 0.180572509765625 0.12884521484375
-0.0136919021606445 -0.00211429595947265 -0.147659301757813 -0.18072509765625
0.0111017227172852 0.0117778778076172 0.088592529296875 -0.316497802734375
0.00180625915527344 0.0122890472412109 0.4031982421875 -0.242279052734375
-0.028717041015625 0.0195178985595703 0.64031982421875 0.15185546875
-0.0257530212402344 0.0115032196044922 0.35064697265625 0.75482177734375
0.0168075561523437 -0.04498291015625 -0.32672119140625 0.884521484375
0.0197181701660156 -0.0100212097167969 -0.62603759765625 0.36712646484375
0.0480384826660156 0.0255012512207031 0.0245704650878906 0.0624618530273438
0.065185546875 -0.00903701782226562 0.71270751953125 -0.29644775390625
0.035614013671875 -0.0302162170410156 0.368408203125 -0.8841552734375
-0.0176582336425781 -0.0115890502929688 -0.4755859375 -0.6810302734375
-0.0361747741699219 0.0207328796386719 -0.64068603515625 7.97282997526887E-17
-0.003570556640625 0.0200881958007813 -0.379669189453125 0.3145751953125
0.00884723663330078 0.00328636169433594 -0.02734375 0.314117431640625
-0.0157098770141602 0.00601959228515625 0.181365966796875 0.134353637695313
-0.0103521347045898 -0.00811481475830078 -0.146041870117188 -0.176467895507813
0.0148372650146484 0.00597572326660156 0.092315673828125 -0.31219482421875
0.00681114196777344 0.00910663604736328 0.403717041015625 -0.238372802734375
-0.0230674743652344 0.0235881805419922 0.63861083984375 0.16241455078125
-0.0247535705566406 0.019256591796875 0.3450927734375 0.763916015625
0.0115318298339844 -0.0397186279296875 -0.3328857421875 0.88763427734375
0.0119504928588867 -0.00841522216796875 -0.63153076171875 0.364501953125
0.0394134521484375 0.0237579345703125 0.02276611328125 0.0613861083984375
0.0567665100097656 -0.00902938842773438 0.70672607421875 -0.30224609375
0.0292301177978516 -0.0242195129394531 0.357177734375 -0.88580322265625
-0.0177898406982422 -0.00339508056640625 -0.48699951171875 -0.67083740234375
-0.0306587219238281 0.0233020782470703 -0.643310546875 0.00885009765624996
0.00108528137207031 0.0175952911376953 -0.3804931640625 0.32061767578125
0.0107297897338867 -0.00103282928466797 -0.02783203125 0.3201904296875
-0.0113706588745117 0.000555038452148438 0.182144165039062 0.138595581054688
-0.00980472564697266 -0.01263427734375 -0.145751953125 -0.172012329101562
0.0187320709228516 -0.000640869140625 0.095428466796875 -0.311676025390625
0.0100698471069336 0.00567722320556641 0.402557373046875 -0.234283447265625
-0.0184097290039062 0.0277347564697266 0.638671875 0.1712646484375
-0.0230979919433594 0.026092529296875 0.3382568359375 0.77069091796875
0.00851631164550781 -0.0291366577148438 -0.34088134765625 0.88861083984375
0.00483465194702148 -0.00583219528198242 -0.63629150390625 0.364990234375
0.0335922241210938 0.0220603942871094 0.0233840942382813 0.0616416931152344
0.0498771667480469 -0.00692367553710938 0.70379638671875 -0.30462646484375
0.0240097045898438 -0.0158119201660156 0.349609375 -0.8851318359375
-0.0154228210449219 0.00595569610595703 -0.49371337890625 -0.6651611328125
-0.0251007080078125 0.0265846252441406 -0.64398193359375 0.01617431640625
0.00744533538818359 0.0148344039916992 -0.381072998046875 0.323516845703125
0.0144748687744141 -0.00739479064941406 -0.024993896484375 0.318206787109375
-0.0101251602172852 -0.00415802001953125 0.183090209960938 0.141708374023438
-0.0114383697509766 -0.0168561935424805 -0.148422241210938 -0.168731689453125
0.0245742797851563 -0.00660896301269531 0.096221923828125 -0.310211181640625
0.0180511474609375 0.00281524658203125 0.403839111328125 -0.2318115234375
-0.0119571685791016 0.0318927764892578 0.636962890625 0.1768798828125
-0.0227432250976563 0.037353515625 0.3341064453125 0.7735595703125
0.00426483154296875 -0.0213298797607422 -0.35064697265625 0.88677978515625
-0.00158095359802246 -0.00232386589050293 -0.63751220703125 0.35760498046875
0.0267124176025391 0.0202007293701172 0.0287857055664063 0.0616035461425781
0.0426445007324219 -0.00579833984375 0.704833984375 -0.30657958984375
0.0182609558105469 -0.00760841369628906 0.34466552734375 -0.88494873046875
-0.0143928527832031 0.0163488388061523 -0.49713134765625 -0.66015625
-0.0156707763671875 0.0305137634277344 -0.64208984375 0.0191650390625
0.0131902694702148 0.0132198333740234 -0.377471923828125 0.32196044921875
0.0197277069091797 -0.0144863128662109 -0.020843505859375 0.317352294921875
-0.0103559494018555 -0.00796222686767578 0.182785034179688 0.142486572265625
-0.0126972198486328 -0.0197486877441406 -0.148788452148438 -0.168258666992188
0.0287723541259766 -0.0119571685791016 0.09808349609375 -0.31158447265625
0.0234260559082031 1.9073486328125E-06 0.406768798828125 -0.234100341796875
-0.00601577758789062 0.0361862182617188 0.64013671875 0.17578125
-0.0204124450683594 0.0456886291503906 0.33489990234375 0.77557373046875
0.00111103057861328 -0.0154685974121094 -0.3497314453125 0.88623046875
-0.00774478912353516 -0.00277233123779297 -0.6337890625 0.35845947265625
0.0225257873535156 0.0187320709228516 0.0333938598632812 0.0624923706054688
0.0378799438476563 -0.00664520263671875 0.70782470703125 -0.31378173828125
0.0147199630737305 0.00022125244140625 0.3458251953125 -0.8902587890625
-0.0127162933349609 0.0251541137695313 -0.4998779296875 -0.6602783203125
-0.00980567932128906 0.0329341888427734 -0.6419677734375 0.0180664062499999
0.0199718475341797 0.00937271118164063 -0.375640869140625 0.323455810546875
0.0250759124755859 -0.0197963714599609 -0.01910400390625 0.316009521484375
-0.0100650787353516 -0.0109453201293945 0.184799194335938 0.141815185546875
-0.0191440582275391 0.00544357299804687 -0.154449462890625 -0.194961547851563
0.0158672332763672 0.0131750106811523 0.084686279296875 -0.332366943359375
0.00519561767578125 0.0116729736328125 0.412078857421875 -0.26666259765625
-0.0290794372558594 0.020263671875 0.662353515625 0.11993408203125
-0.0272350311279297 0.00930595397949218 0.38909912109375 0.73590087890625
0.0188827514648438 -0.0483436584472656 -0.28497314453125 0.8875732421875
0.0282363891601563 -0.0131740570068359 -0.60498046875 0.3785400390625
0.0598068237304688 0.0257759094238281 0.0410346984863281 0.0660057067871094
0.0735626220703125 -0.013641357421875 0.73345947265625 -0.30633544921875
0.0396499633789063 -0.0341415405273438 0.390625 -0.90716552734375
-0.0173673629760742 -0.0113487243652344 -0.46710205078125 -0.70648193359375
-0.0359420776367188 0.0214462280273437 -0.63458251953125 -0.020263671875
-0.001251220703125 0.0203380584716797 -0.378204345703125 0.3074951171875
0.0109272003173828 0.00642585754394531 -0.02813720703125 0.303436279296875
-0.0213146209716797 0.0144252777099609 0.181488037109375 0.11920166015625
-0.02001953125 0.00319671630859375 -0.1549072265625 -0.191680908203125
0.0120391845703125 0.0151948928833008 0.081329345703125 -0.330291748046875
0.00182914733886719 0.0123958587646484 0.40472412109375 -0.25994873046875
-0.0302257537841797 0.01837158203125 0.656494140625 0.12786865234375
-0.0276298522949219 0.00759124755859376 0.37908935546875 0.73809814453125
0.0197372436523438 -0.0519638061523438 -0.29443359375 0.88507080078125
0.0272960662841797 -0.0132694244384766 -0.61151123046875 0.37567138671875
0.0577163696289063 0.0263519287109375 0.033355712890625 0.0642051696777344
0.072784423828125 -0.0134506225585938 0.72735595703125 -0.300537109375
0.0411376953125 -0.0359611511230469 0.38421630859375 -0.89788818359375
-0.0185413360595703 -0.0157585144042969 -0.46734619140625 -0.69659423828125
-0.0393333435058594 0.0195579528808594 -0.636474609375 -0.0136108398437501
-0.005126953125 0.0198745727539062 -0.378143310546875 0.310394287109375
0.00934123992919922 0.00804424285888672 -0.026641845703125 0.30706787109375
-0.0200214385986328 0.0159378051757813 0.184478759765625 0.12640380859375
-0.0152063369750977 0.00271320343017578 -0.150344848632812 -0.18621826171875
0.0113143920898438 0.013340950012207 0.085662841796875 -0.325225830078125
0.00185489654541016 0.012364387512207 0.405792236328125 -0.25714111328125
-0.0303554534912109 0.0183925628662109 0.653564453125 0.13702392578125
-0.0281620025634766 0.0068511962890625 0.3721923828125 0.748779296875
0.0201301574707031 -0.0498733520507812 -0.3016357421875 0.89251708984375
0.0253467559814453 -0.0114727020263672 -0.619140625 0.37841796875
0.0541534423828125 0.02685546875 0.0280303955078125 0.0631675720214844
0.0691490173339844 -0.0117568969726563 0.7177734375 -0.3050537109375
0.0382118225097656 -0.0361480712890625 0.3701171875 -0.89849853515625
-0.0175361633300781 -0.0165176391601562 -0.47943115234375 -0.68914794921875
-0.0375022888183594 0.0201301574707031 -0.642333984375 -0.00451660156249994
-0.00559425354003906 0.0198040008544922 -0.3828125 0.317474365234375
0.00606679916381836 0.00697231292724609 -0.02734375 0.31268310546875
-0.016169548034668 0.0121402740478516 0.182785034179688 0.12933349609375
-0.0137624740600586 -0.00249195098876953 -0.151473999023438 -0.1815185546875
0.0122137069702148 0.0100221633911133 0.087188720703125 -0.319549560546875
0.000574111938476563 0.011204719543457 0.402008056640625 -0.24847412109375
-0.0291271209716797 0.020843505859375 0.646728515625 0.1474609375
-0.0267715454101562 0.0107746124267578 0.361572265625 0.75482177734375
0.0176353454589844 -0.0463218688964844 -0.3177490234375 0.89154052734375
0.0195751190185547 -0.00943756103515625 -0.62628173828125 0.3736572265625
0.0470962524414063 0.0265388488769531 0.0237579345703125 0.06298828125
0.0644416809082031 -0.0098876953125 0.71282958984375 -0.302978515625
0.0372581481933594 -0.0317001342773438 0.3642578125 -0.8914794921875
-0.0175647735595703 -0.0108146667480469 -0.48443603515625 -0.68011474609375
-0.0339946746826172 0.0219936370849609 -0.64337158203125 0.00579833984374991
-0.00354194641113281 0.0200252532958984 -0.3798828125 0.3206787109375
0.00699901580810547 0.00411796569824219 -0.02392578125 0.31561279296875
-0.0151853561401367 0.0074615478515625 0.186141967773438 0.135162353515625
-0.0114955902099609 -0.005950927734375 -0.145767211914062 -0.176971435546875
0.0151786804199219 0.00559425354003906 0.089202880859375 -0.31683349609375
0.0065155029296875 0.00881004333496094 0.403778076171875 -0.245147705078125
-0.0233097076416016 0.0239582061767578 0.64288330078125 0.15802001953125
-0.0250225067138672 0.0186386108398438 0.35565185546875 0.76165771484375
0.0140342712402344 -0.0395393371582031 -0.3236083984375 0.89349365234375
0.0123510360717773 -0.00775909423828125 -0.63116455078125 0.37347412109375
0.0410690307617188 0.0248794555664062 0.0200080871582031 0.0605888366699219
0.0578231811523438 -0.00954055786132813 0.70751953125 -0.30810546875
0.0312767028808594 -0.0242195129394531 0.3526611328125 -0.8902587890625
-0.0161333084106445 -0.00482749938964844 -0.4952392578125 -0.669677734375
-0.029296875 0.0236492156982422 -0.645751953125 0.01446533203125
0.000415802001953124 0.0185413360595703 -0.37835693359375 0.32562255859375
0.00950717926025391 -0.00248527526855469 -0.02325439453125 0.3203125
-0.0118465423583984 0.00209236145019531 0.18499755859375 0.139373779296875
-0.00968265533447265 -0.0118064880371094 -0.1495361328125 -0.171035766601563
0.0180568695068359 -0.0010223388671875 0.089569091796875 -0.315673828125
0.0114173889160156 0.00745105743408203 0.40386962890625 -0.240142822265625
-0.018585205078125 0.0278530120849609 0.642822265625 0.164306640625
-0.0219783782958984 0.0265941619873047 0.34869384765625 0.77008056640625
0.00777435302734375 -0.0303936004638672 -0.33489990234375 0.8953857421875
0.00496387481689453 -0.00289630889892578 -0.6346435546875 0.37115478515625
0.0322933197021484 0.0226993560791016 0.0236625671386719 0.06072998046875
0.0502586364746094 -0.0087432861328125 0.70697021484375 -0.312255859375
0.0249176025390625 -0.0155067443847656 0.34259033203125 -0.8929443359375
-0.0149602890014648 0.00745868682861328 -0.5029296875 -0.66461181640625
-0.0213794708251953 0.0274219512939453 -0.64532470703125 0.0217895507812499
0.00758171081542969 0.0158023834228516 -0.377777099609375 0.329864501953125
0.0145587921142578 -0.0074310302734375 -0.02008056640625 0.322540283203125
-0.0105628967285156 -0.00217914581298828 0.186477661132813 0.14080810546875
-0.0129117965698242 -0.0168085098266602 -0.151153564453125 -0.168594360351563
0.0229358673095703 -0.00655174255371094 0.093414306640625 -0.3150634765625
0.0180892944335938 0.00394821166992188 0.401885986328125 -0.23681640625
-0.0110607147216797 0.0325527191162109 0.64306640625 0.17132568359375
-0.021087646484375 0.0369720458984375 0.3453369140625 0.77459716796875
0.00514793395996094 -0.0219821929931641 -0.34423828125 0.89422607421875
-0.0018153190612793 -0.00322437286376953 -0.63580322265625 0.3656005859375
0.0275135040283203 0.0198116302490234 0.0274009704589844 0.0607566833496094
0.0426673889160156 -0.00800704956054688 0.70672607421875 -0.3140869140625
0.0197105407714844 -0.00964546203613281 0.34100341796875 -0.8936767578125
-0.0138626098632812 0.015223503112793 -0.50494384765625 -0.65966796875
-0.0153636932373047 0.0312614440917969 -0.6466064453125 0.0241699218750001
0.0125827789306641 0.0113096237182617 -0.377716064453125 0.328857421875
0.02069091796875 -0.0137214660644531 -0.017791748046875 0.320037841796875
-0.0110101699829102 -0.00804901123046875 0.18768310546875 0.14202880859375
-0.0123043060302734 -0.0177001953125 -0.151901245117188 -0.168777465820313
0.0300617218017578 -0.0120849609375 0.094512939453125 -0.316253662109375
0.0243892669677734 -7.05718994140625E-05 0.405975341796875 -0.2391357421875
-0.00535964965820313 0.0372695922851563 0.64581298828125 0.169189453125
-0.0189933776855469 0.0457763671875 0.34539794921875 0.77716064453125
0.000979423522949217 -0.0161123275756836 -0.34295654296875 0.89337158203125
-0.00724935531616211 -0.00232172012329102 -0.63427734375 0.36505126953125
0.0235881805419922 0.0179786682128906 0.031524658203125 0.062469482421875
0.0372962951660156 -0.00652694702148437 0.7103271484375 -0.32000732421875
0.0141458511352539 -6.58035278320313E-05 0.33935546875 -0.89752197265625
-0.0125808715820313 0.0254535675048828 -0.50726318359375 -0.660400390625
-0.0087738037109375 0.0331592559814453 -0.64599609375 0.0249023437500001
0.0202732086181641 0.00914573669433594 -0.3740234375 0.327301025390625
0.0242042541503906 -0.0195751190185547 -0.016998291015625 0.318267822265625
-0.00935935974121094 -0.00973701477050781 0.187454223632813 0.141586303710938
-0.0199031829833984 0.00693321228027344 -0.15826416015625 -0.1944580078125
0.0155830383300781 0.0135478973388672 0.0814208984375 -0.335968017578125
0.0050048828125 0.0117902755737305 0.41082763671875 -0.2725830078125
-0.0288734436035156 0.0218753814697266 0.67010498046875 0.11285400390625
-0.0267009735107422 0.00958824157714844 0.399169921875 0.73406982421875
0.0186424255371094 -0.0496788024902344 -0.2767333984375 0.89019775390625
0.0292701721191406 -0.0135593414306641 -0.60400390625 0.3858642578125
0.0593452453613281 0.0259246826171875 0.039764404296875 0.066558837890625
0.0741500854492188 -0.0145645141601563 0.73358154296875 -0.31243896484375
0.0401802062988281 -0.0358848571777344 0.38226318359375 -0.91351318359375
-0.01617431640625 -0.0128173828125 -0.47528076171875 -0.70623779296875
-0.0342445373535156 0.0214328765869141 -0.64031982421875 -0.01348876953125
-0.00258255004882813 0.0204563140869141 -0.377777099609375 0.312225341796875
0.0114650726318359 0.00626945495605469 -0.025421142578125 0.3057861328125
-0.0191612243652344 0.0170688629150391 0.183670043945312 0.118423461914062
-0.0189800262451172 0.00303459167480469 -0.158309936523438 -0.190399169921875
0.0116710662841797 0.0149908065795898 0.07891845703125 -0.333282470703125
6.00814819335937E-05 0.0116920471191406 0.4031982421875 -0.268035888671875
-0.0327434539794922 0.0202007293701172 0.662109375 0.119873046875
-0.0274410247802734 0.00721931457519531 0.3907470703125 0.7373046875
0.0189857482910156 -0.0532302856445313 -0.2884521484375 0.8912353515625
0.0284748077392578 -0.0122966766357422 -0.6103515625 0.38214111328125
0.0583343505859375 0.0258636474609375 0.0327720642089844 0.0639572143554688
0.0739517211914063 -0.0129318237304688 0.72845458984375 -0.3072509765625
0.0400581359863281 -0.0386810302734375 0.37774658203125 -0.90350341796875
-0.0170574188232422 -0.0179157257080078 -0.4761962890625 -0.69464111328125
-0.0378570556640625 0.0205039978027344 -0.638671875 -0.00634765624999993
-0.00479888916015625 0.0217933654785156 -0.377349853515625 0.31658935546875
0.00880050659179688 0.00763702392578125 -0.02386474609375 0.30914306640625
-0.0199069976806641 0.0148792266845703 0.185348510742188 0.125686645507813
-0.0145711898803711 0.0037698745727539 -0.153701782226563 -0.186569213867188
0.0107240676879883 0.0142555236816406 0.08087158203125 -0.328857421875
0.000962257385253907 0.0136852264404297 0.405487060546875 -0.261322021484375
-0.0316791534423828 0.0195827484130859 0.65966796875 0.130126953125
-0.0268630981445313 0.00555610656738281 0.3828125 0.74591064453125
0.018768310546875 -0.0506439208984375 -0.293212890625 0.89599609375
0.0254783630371094 -0.0101547241210938 -0.61785888671875 0.38616943359375
0.0554656982421875 0.0269432067871094 0.028411865234375 0.0630912780761719
0.0712432861328125 -0.0132369995117188 0.71881103515625 -0.31109619140625
0.0381278991699219 -0.0366744995117188 0.3653564453125 -0.90399169921875
-0.0179710388183594 -0.0170650482177734 -0.48748779296875 -0.68798828125
-0.0373420715332031 0.0206947326660156 -0.64544677734375 0.0018920898437499
-0.00496101379394531 0.0216274261474609 -0.37841796875 0.32330322265625
0.00668954849243164 0.00628232955932617 -0.02337646484375 0.31463623046875
-0.016566276550293 0.0134086608886719 0.184494018554688 0.128372192382813
-0.0144290924072266 -0.00214672088623047 -0.154953002929688 -0.179092407226562
0.0125217437744141 0.0101861953735352 0.081390380859375 -0.32244873046875
0.00202560424804688 0.0118093490600586 0.4013671875 -0.253662109375
-0.0269298553466797 0.0224227905273438 0.65216064453125 0.140869140625
-0.0241928100585938 0.0114002227783203 0.37091064453125 0.75360107421875
0.016937255859375 -0.0476570129394531 -0.30975341796875 0.8984375
0.0198898315429688 -0.00843048095703125 -0.62579345703125 0.3817138671875
0.0474624633789063 0.0259628295898438 0.0236663818359375 0.0621147155761719
0.064056396484375 -0.0118904113769531 0.712158203125 -0.30859375
0.0342178344726563 -0.0319118499755859 0.3582763671875 -0.8992919921875
-0.016749382019043 -0.0108499526977539 -0.49261474609375 -0.67816162109375
-0.0337963104248047 0.0222415924072266 -0.64447021484375 0.0101928710937499
-0.00340652465820313 0.0193748474121094 -0.378021240234375 0.32733154296875
0.0087890625 0.00316238403320313 -0.02130126953125 0.31866455078125
-0.0155096054077148 0.010502815246582 0.188018798828125 0.13385009765625
-0.0109243392944336 -0.00504493713378906 -0.152297973632813 -0.17572021484375
0.0158472061157227 0.00463962554931641 0.087799072265625 -0.319671630859375
0.00714874267578125 0.00970554351806641 0.402099609375 -0.24859619140625
-0.0219802856445313 0.0261974334716797 0.6494140625 0.149658203125
-0.0236568450927734 0.0190544128417969 0.36767578125 0.761474609375
0.0136909484863281 -0.0402183532714844 -0.31951904296875 0.8985595703125
0.0126638412475586 -0.00557613372802734 -0.631591796875 0.38140869140625
0.0396919250488281 0.0245895385742188 0.0204658508300781 0.0623741149902344
0.0567626953125 -0.0108146667480469 0.7066650390625 -0.3157958984375
0.030975341796875 -0.0240726470947266 0.34478759765625 -0.89794921875
-0.0176200866699219 -0.00515937805175782 -0.50177001953125 -0.66717529296875
-0.0279464721679688 0.0254421234130859 -0.64764404296875 0.0202026367187501
0.000673294067382814 0.0181808471679687 -0.37945556640625 0.332122802734375
0.0112590789794922 -0.00172710418701172 -0.02093505859375 0.3226318359375
-0.0126924514770508 0.00379085540771484 0.185760498046875 0.138290405273438
-0.0118999481201172 -0.0105562210083008 -0.152130126953125 -0.1710205078125
0.0190315246582031 -0.000219345092773438 0.0880126953125 -0.318084716796875
0.0107917785644531 0.00792407989501953 0.4017333984375 -0.2449951171875
-0.0184764862060547 0.0286655426025391 0.6490478515625 0.15838623046875
-0.0220718383789063 0.0265331268310547 0.35858154296875 0.7705078125
0.00868034362792968 -0.0318660736083984 -0.32861328125 0.90191650390625
0.00435924530029297 -0.00307369232177734 -0.6341552734375 0.3779296875
0.0324039459228516 0.0218868255615234 0.0225296020507813 0.0620460510253906
0.0489158630371094 -0.00800323486328125 0.70452880859375 -0.31658935546875
0.0247974395751953 -0.0171108245849609 0.33734130859375 -0.89691162109375
-0.0143260955810547 0.00454139709472657 -0.51092529296875 -0.66082763671875
-0.0224189758300781 0.0273647308349609 -0.64849853515625 0.0275268554687499
0.00750255584716797 0.0160627365112305 -0.377655029296875 0.334442138671875
0.015131950378418 -0.00881195068359375 -0.017547607421875 0.32208251953125
-0.0108213424682617 -0.00144100189208984 0.189041137695313 0.1407470703125
-0.0117874145507813 -0.0142850875854492 -0.153427124023437 -0.168914794921875
0.0242042541503906 -0.00885391235351563 0.0906982421875 -0.317352294921875
0.0161905288696289 0.0027008056640625 0.401947021484375 -0.2431640625
-0.0111980438232422 0.0332260131835938 0.6480712890625 0.1639404296875
-0.0195426940917969 0.03662109375 0.35479736328125 0.77252197265625
0.00399589538574219 -0.0229568481445313 -0.33587646484375 0.90093994140625
-0.000433415174484253 -0.00020909309387207 -0.637451171875 0.37261962890625
0.0275669097900391 0.0218753814697266 0.0263595581054687 0.0617866516113281
0.04248046875 -0.0072021484375 0.70391845703125 -0.32037353515625
0.0200748443603516 -0.00822257995605469 0.3355712890625 -0.89727783203125
-0.0121526718139648 0.0154972076416016 -0.512451171875 -0.65582275390625
-0.0152378082275391 0.0308132171630859 -0.6485595703125 0.0282592773437499
0.0126628875732422 0.0122785568237305 -0.37713623046875 0.335235595703125
0.0202293395996094 -0.0145187377929688 -0.01397705078125 0.322509765625
-0.0111064910888672 -0.00538921356201172 0.188400268554688 0.142425537109375
-0.0139493942260742 -0.0168008804321289 -0.1552734375 -0.167953491210938
0.0294132232666016 -0.0139369964599609 0.090484619140625 -0.318817138671875
0.0228080749511719 -1.1444091796875E-05 0.4053955078125 -0.244598388671875
-0.00572967529296876 0.03729248046875 0.65118408203125 0.1619873046875
-0.0179290771484375 0.0454254150390625 0.3555908203125 0.7744140625
0.001007080078125 -0.0159578323364258 -0.3353271484375 0.90057373046875
-0.00721311569213867 -0.00132369995117187 -0.63446044921875 0.37359619140625
0.0233249664306641 0.0193634033203125 0.0307426452636719 0.0625991821289063
0.0377273559570313 -0.0069427490234375 0.70709228515625 -0.3267822265625
0.0162649154663086 -0.00188732147216797 0.33154296875 -0.90447998046875
-0.0115718841552734 0.0235710144042969 -0.513916015625 -0.65863037109375
-0.00874137878417969 0.0336818695068359 -0.64678955078125 0.0303955078124999
0.0211009979248047 0.00928115844726563 -0.37335205078125 0.33245849609375
0.0243434906005859 -0.0205574035644531 -0.012603759765625 0.319122314453125
-0.00964450836181641 -0.00953483581542969 0.189651489257813 0.141128540039063
-0.0189990997314453 0.00743484497070313 -0.161300659179688 -0.19378662109375
0.016937255859375 0.0129299163818359 0.076629638671875 -0.339691162109375
0.00555038452148438 0.0108394622802734 0.408416748046875 -0.27874755859375
-0.029296875 0.0220527648925781 0.6734619140625 0.10565185546875
-0.0275459289550781 0.00913429260253906 0.40869140625 0.7301025390625
0.0194244384765625 -0.0520973205566406 -0.26934814453125 0.89727783203125
0.0287113189697266 -0.0121059417724609 -0.601806640625 0.39251708984375
0.0586013793945313 0.0261459350585938 0.0394821166992188 0.0649299621582031
0.0733489990234375 -0.0145034790039062 0.7314453125 -0.32098388671875
0.0397071838378906 -0.0378952026367188 0.37347412109375 -0.91888427734375
-0.0162811279296875 -0.0137081146240234 -0.48480224609375 -0.70208740234375
-0.0344047546386719 0.0217380523681641 -0.638671875 -0.00701904296874995
-0.00138664245605469 0.0192527770996094 -0.374420166015625 0.31719970703125
0.0114336013793945 0.00619411468505859 -0.021881103515625 0.3074951171875
-0.0206584930419922 0.0178127288818359 0.186080932617188 0.117782592773438
-0.0187091827392578 0.00551795959472656 -0.161849975585937 -0.19012451171875
0.0142278671264648 0.0143775939941406 0.07354736328125 -0.33740234375
0.00070476531982422 0.0123414993286133 0.40264892578125 -0.2718505859375
-0.031951904296875 0.0204505920410156 0.66619873046875 0.11138916015625
-0.0278892517089844 0.00743675231933593 0.39971923828125 0.73406982421875
0.0199127197265625 -0.0530166625976563 -0.279296875 0.8951416015625
0.0282745361328125 -0.0121288299560547 -0.60821533203125 0.390625
0.0569610595703125 0.0256919860839844 0.0327377319335938 0.0632400512695313
0.0726165771484375 -0.0156021118164063 0.724853515625 -0.31536865234375
0.0406646728515625 -0.0389633178710938 0.37115478515625 -0.9097900390625
-0.0169219970703125 -0.0178565979003906 -0.4827880859375 -0.69403076171875
-0.0372734069824219 0.0213088989257813 -0.6395263671875 -0.000366210937500083
-0.00316619873046875 0.0206508636474609 -0.37457275390625 0.3206787109375
0.00909328460693359 0.00681018829345703 -0.0189208984375 0.31195068359375
-0.0196800231933594 0.0161590576171875 0.18695068359375 0.124374389648438
-0.015045166015625 0.00345134735107422 -0.156341552734375 -0.185699462890625
0.01171875 0.0137691497802734 0.077667236328125 -0.33026123046875
0.000718116760253905 0.012333869934082 0.40374755859375 -0.2672119140625
-0.0313396453857422 0.0218734741210938 0.66326904296875 0.1229248046875
-0.0263481140136719 0.00677680969238281 0.3946533203125 0.74261474609375
0.0187416076660156 -0.0523185729980469 -0.28607177734375 0.90240478515625
0.0260982513427734 -0.00954627990722656 -0.61651611328125 0.3927001953125
0.0545616149902344 0.0282211303710938 0.0274543762207031 0.0628128051757813
0.0709304809570313 -0.0146865844726563 0.71868896484375 -0.31817626953125
0.0378303527832031 -0.0377922058105469 0.35760498046875 -0.91162109375
-0.0177955627441406 -0.017333984375 -0.4951171875 -0.684814453125
-0.0364189147949219 0.0208206176757812 -0.64593505859375 0.0100708007812501
-0.00484466552734375 0.0213336944580078 -0.378082275390625 0.32666015625
0.00617837905883789 0.00677824020385742 -0.020172119140625 0.31634521484375
-0.0164527893066406 0.0136785507202148 0.185470581054688 0.127792358398438
-0.0144004821777344 0.000168800354003907 -0.157485961914062 -0.179031372070313
0.0134944915771484 0.00921058654785156 0.077392578125 -0.32635498046875
0.000984191894531249 0.0130348205566406 0.4019775390625 -0.260406494140625
-0.0290317535400391 0.0217266082763672 0.656982421875 0.13555908203125
-0.0244293212890625 0.00987815856933594 0.38214111328125 0.7508544921875
0.0167465209960938 -0.0485458374023437 -0.30078125 0.90325927734375
0.0192661285400391 -0.00676918029785156 -0.6248779296875 0.3905029296875
0.0481948852539062 0.0274200439453125 0.023101806640625 0.0626449584960938
0.0642547607421875 -0.0130119323730469 0.7132568359375 -0.31689453125
0.0349464416503906 -0.0355415344238281 0.35089111328125 -0.9033203125
-0.0181846618652344 -0.0134201049804688 -0.50042724609375 -0.67291259765625
-0.0336055755615234 0.0246620178222656 -0.64532470703125 0.0183715820312501
-0.00415611267089844 0.0206756591796875 -0.37762451171875 0.331634521484375
0.00917911529541016 0.00420379638671875 -0.017486572265625 0.3194580078125
-0.0147237777709961 0.00981903076171875 0.188613891601562 0.134445190429687
-0.0104923248291016 -0.00342178344726562 -0.153305053710938 -0.177963256835938
0.0151433944702148 0.00478649139404297 0.081512451171875 -0.32452392578125
0.00585269927978516 0.00970554351806641 0.40130615234375 -0.256866455078125
-0.0214805603027344 0.0259418487548828 0.65380859375 0.14227294921875
-0.0224380493164062 0.0163650512695313 0.37823486328125 0.7598876953125
0.0122718811035156 -0.0413665771484375 -0.30792236328125 0.9051513671875
0.0121326446533203 -0.00425243377685547 -0.62884521484375 0.388916015625
0.0389556884765625 0.0269813537597656 0.0199508666992188 0.0600090026855469
0.0572052001953125 -0.0106124877929687 0.70599365234375 -0.32080078125
0.0291042327880859 -0.0261631011962891 0.33746337890625 -0.903076171875
-0.0147686004638672 -0.00371932983398438 -0.51153564453125 -0.664794921875
-0.0277538299560547 0.0253963470458984 -0.6490478515625 0.0272827148437499
0.00174713134765625 0.0194015502929688 -0.376312255859375 0.336669921875
0.00982189178466797 -0.000879287719726563 -0.01507568359375 0.3253173828125
-0.0121574401855469 0.00281143188476563 0.189132690429688 0.139251708984375
-0.0126028060913086 -0.00877666473388672 -0.1539306640625 -0.170639038085938
0.0196418762207031 -0.000652313232421875 0.08477783203125 -0.32122802734375
0.0115604400634766 0.00743293762207031 0.401947021484375 -0.250762939453125
-0.016845703125 0.0315284729003906 0.65374755859375 0.15106201171875
-0.0212001800537109 0.0255336761474609 0.369873046875 0.76611328125
0.00952339172363281 -0.0316066741943359 -0.31866455078125 0.90447998046875
0.00680398941040039 -0.000360965728759766 -0.63360595703125 0.385986328125
0.0331668853759766 0.0234622955322266 0.0218086242675781 0.0610694885253906
0.0492019653320312 -0.00937271118164063 0.70306396484375 -0.32586669921875
0.0243911743164063 -0.0197963714599609 0.3297119140625 -0.90399169921875
-0.0144252777099609 0.00485038757324219 -0.51715087890625 -0.657470703125
-0.0209941864013672 0.0281009674072266 -0.649169921875 0.034423828125
0.00751972198486328 0.0153179168701172 -0.3748779296875 0.338531494140625
0.0150814056396484 -0.00728988647460938 -0.01416015625 0.3258056640625
-0.0103721618652344 0.000241279602050779 0.1907958984375 0.140792846679688
-0.0123395919799805 -0.0129365921020508 -0.156585693359375 -0.169189453125
0.0249366760253906 -0.00835990905761719 0.08514404296875 -0.32049560546875
0.017974853515625 0.00249290466308594 0.400115966796875 -0.24847412109375
-0.0104637145996094 0.0340747833251953 0.65283203125 0.15667724609375
-0.0179061889648437 0.0359230041503906 0.3646240234375 0.77093505859375
0.00618171691894531 -0.0236072540283203 -0.3289794921875 0.90667724609375
-0.000711262226104737 -0.00107061862945557 -0.63629150390625 0.38018798828125
0.0268325805664062 0.0206642150878906 0.0266227722167969 0.0606727600097656
0.0410194396972656 -0.00922012329101562 0.70513916015625 -0.32818603515625
0.0182819366455078 -0.010589599609375 0.324462890625 -0.90313720703125
-0.0121746063232422 0.0147829055786133 -0.52008056640625 -0.6541748046875
-0.0132331848144531 0.0306625366210938 -0.64691162109375 0.0369262695312499
0.0127830505371094 0.0085296630859375 -0.3719482421875 0.337982177734375
0.0197525024414063 -0.0153427124023438 -0.010711669921875 0.3243408203125
-0.0106258392333984 -0.00431537628173828 0.191238403320313 0.143112182617188
-0.0144109725952148 -0.0155620574951172 -0.1583251953125 -0.166412353515625
0.0298309326171875 -0.0134735107421875 0.087188720703125 -0.322021484375
0.0244007110595703 0.0019378662109375 0.40362548828125 -0.251068115234375
-0.00472259521484375 0.037841796875 0.65496826171875 0.1546630859375
-0.0173110961914063 0.045013427734375 0.366943359375 0.77288818359375
0.00110244750976563 -0.0165739059448242 -0.3271484375 0.906494140625
-0.00630092620849609 0.00107192993164062 -0.633544921875 0.381591796875
0.0232009887695313 0.0205287933349609 0.0313529968261719 0.0625
0.0368309020996094 -0.00928878784179688 0.70928955078125 -0.33392333984375
0.0143184661865234 -0.00216960906982422 0.32452392578125 -0.90997314453125
-0.0102787017822266 0.0244178771972656 -0.52386474609375 -0.65386962890625
-0.00679397583007812 0.0337715148925781 -0.64862060546875 0.0363159179687501
0.020233154296875 0.00870323181152344 -0.36981201171875 0.33624267578125
0.0255050659179688 -0.0215263366699219 -0.00997924804687497 0.3221435546875
-0.00922870635986328 -0.00772380828857422 0.192352294921875 0.139984130859375
-0.0190525054931641 0.00984573364257813 -0.165740966796875 -0.193359375
0.0180511474609375 0.013763427734375 0.07171630859375 -0.34210205078125
0.00443267822265625 0.0120086669921875 0.406646728515625 -0.284393310546875
-0.0280666351318359 0.0236492156982422 0.67840576171875 0.0982666015625
-0.0241031646728516 0.00912475585937501 0.419921875 0.72650146484375
0.0186233520507813 -0.0513534545898438 -0.25811767578125 0.89990234375
0.0291538238525391 -0.0106754302978516 -0.59881591796875 0.4012451171875
0.0596885681152344 0.0254974365234375 0.0401420593261719 0.0645065307617188
0.0726318359375 -0.0162734985351563 0.73199462890625 -0.3267822265625
0.0399322509765625 -0.0375633239746094 0.36688232421875 -0.92547607421875
-0.0166864395141602 -0.0145959854125977 -0.49237060546875 -0.6990966796875
-0.0337009429931641 0.023162841796875 -0.6405029296875 -0.00103759765624997
-0.00255966186523438 0.0201892852783203 -0.37322998046875 0.321807861328125
0.0108013153076172 0.00766277313232422 -0.01824951171875 0.308502197265625
-0.0200557708740234 0.0180606842041016 0.188369750976563 0.118438720703125
-0.0188312530517578 0.00690460205078125 -0.164810180664063 -0.190811157226562
0.0145416259765625 0.0151863098144531 0.06890869140625 -0.338287353515625
0.000526428222656251 0.0134801864624023 0.39959716796875 -0.27947998046875
-0.0321044921875 0.0215377807617188 0.66937255859375 0.1038818359375
-0.0262069702148438 0.00679588317871094 0.41094970703125 0.7293701171875
0.0206832885742188 -0.0540351867675781 -0.27008056640625 0.89813232421875
0.0275955200195313 -0.0112476348876953 -0.60699462890625 0.39923095703125
0.0583915710449219 0.0273513793945312 0.0325469970703125 0.0638160705566406
0.0730438232421875 -0.0162734985351562 0.72442626953125 -0.32208251953125
0.0401420593261719 -0.0411720275878906 0.36199951171875 -0.9150390625
-0.0162887573242188 -0.0170059204101562 -0.49267578125 -0.68878173828125
-0.0366592407226563 0.02215576171875 -0.64251708984375 0.00750732421875007
-0.00528907775878906 0.021270751953125 -0.370849609375 0.32525634765625
0.00814294815063477 0.00785970687866211 -0.014678955078125 0.31292724609375
-0.0190296173095703 0.0160808563232422 0.18975830078125 0.1234130859375
-0.0142068862915039 0.00501823425292969 -0.160797119140625 -0.185394287109375
0.0127220153808594 0.0134344100952148 0.073822021484375 -0.3341064453125
0.00155448913574219 0.0146188735961914 0.401641845703125 -0.275054931640625
-0.0293045043945313 0.0223503112792969 0.666015625 0.114013671875
-0.0260944366455078 0.00546073913574219 0.40509033203125 0.74005126953125
0.0182380676269531 -0.0537490844726563 -0.27545166015625 0.90606689453125
0.025482177734375 -0.00893974304199219 -0.61181640625 0.40057373046875
0.0553054809570313 0.0277595520019531 0.0267143249511719 0.0622940063476563
0.0713729858398438 -0.0157928466796875 0.71612548828125 -0.3258056640625
0.0384635925292969 -0.0388221740722656 0.3489990234375 -0.913818359375
-0.01812744140625 -0.0184707641601563 -0.50299072265625 -0.6796875
-0.0358734130859375 0.0207023620605469 -0.64892578125 0.015625
-0.00457382202148437 0.0212116241455078 -0.374114990234375 0.333770751953125
0.00699377059936523 0.00783252716064453 -0.015869140625 0.317108154296875
-0.0162267684936523 0.0153818130493164 0.18902587890625 0.127151489257813
-0.0120506286621094 0.00109481811523438 -0.161376953125 -0.179458618164063
0.0124883651733398 0.00914382934570313 0.07391357421875 -0.329498291015625
0.00121688842773438 0.0124597549438477 0.397064208984375 -0.26531982421875
-0.0289630889892578 0.0245800018310547 0.66070556640625 0.12579345703125
-0.0248813629150391 0.00955581665039062 0.39404296875 0.74859619140625
0.0175056457519531 -0.0491714477539063 -0.29034423828125 0.9061279296875
0.0195274353027344 -0.00747299194335938 -0.62225341796875 0.39776611328125
0.0462799072265625 0.0274200439453125 0.0229759216308594 0.0610122680664062
0.0642013549804687 -0.0143013000488281 0.709228515625 -0.3231201171875
0.0351638793945313 -0.0363311767578125 0.3421630859375 -0.908447265625
-0.016291618347168 -0.0119829177856445 -0.50885009765625 -0.670166015625
-0.0328369140625 0.0230464935302734 -0.64715576171875 0.0235595703125001
-0.00381660461425781 0.0200405120849609 -0.374481201171875 0.335601806640625
0.00835752487182617 0.00277853012084961 -0.014007568359375 0.321685791015625
-0.0144376754760742 0.0114612579345703 0.189849853515625 0.131881713867188
-0.0117025375366211 -0.00467109680175781 -0.15679931640625 -0.1739501953125
0.0155372619628906 0.00416183471679688 0.076904296875 -0.32470703125
0.00453758239746094 0.0109090805053711 0.39703369140625 -0.260406494140625
-0.0227565765380859 0.0276374816894531 0.65570068359375 0.13671875
-0.0216388702392578 0.0167255401611328 0.38653564453125 0.7564697265625
0.0138969421386719 -0.0413055419921875 -0.29864501953125 0.908935546875
0.0126638412475586 -0.00300216674804688 -0.6270751953125 0.3951416015625
0.0399856567382812 0.0267677307128906 0.0198745727539063 0.0612754821777344
0.0544776916503906 -0.011749267578125 0.7044677734375 -0.32757568359375
0.0281314849853516 -0.0281181335449219 0.328125 -0.9068603515625
-0.0151872634887695 -0.00503921508789062 -0.519287109375 -0.65960693359375
-0.0286235809326172 0.0250453948974609 -0.65093994140625 0.03253173828125
0.00233745574951172 0.0175552368164063 -0.3729248046875 0.341552734375
0.00964832305908203 -0.00115871429443359 -0.012237548828125 0.3258056640625
-0.0116558074951172 0.00494861602783203 0.190948486328125 0.135833740234375
-0.0124845504760742 -0.00710582733154297 -0.156982421875 -0.169403076171875
0.0192375183105469 -0.0026702880859375 0.079864501953125 -0.324005126953125
0.0115928649902344 0.00657558441162109 0.398284912109375 -0.256561279296875
-0.0171680450439453 0.0306549072265625 0.65771484375 0.1434326171875
-0.0200977325439453 0.0261726379394531 0.38067626953125 0.763427734375
0.00894927978515625 -0.0312976837158203 -0.308837890625 0.9105224609375
0.00596809387207031 -0.000738143920898438 -0.630859375 0.39111328125
0.0325469970703125 0.0236701965332031 0.0215721130371094 0.0619010925292969
0.0482063293457031 -0.00988006591796875 0.7008056640625 -0.33197021484375
0.0252037048339844 -0.0195770263671875 0.3231201171875 -0.906494140625
-0.0135936737060547 0.00557804107666015 -0.52703857421875 -0.65386962890625
-0.0195674896240234 0.0283069610595703 -0.64996337890625 0.03985595703125
0.00693607330322265 0.0153236389160156 -0.3704833984375 0.343719482421875
0.0137319564819336 -0.00807666778564453 -0.00894165039062501 0.326446533203125
-0.00986480712890625 0.00158596038818359 0.192977905273438 0.138626098632813
-0.0128469467163086 -0.0126523971557617 -0.159469604492188 -0.167449951171875
0.0251255035400391 -0.00779914855957031 0.082000732421875 -0.322540283203125
0.0166549682617187 0.00310420989990234 0.39935302734375 -0.255126953125
-0.01190185546875 0.0364608764648438 0.65576171875 0.14739990234375
-0.0187740325927734 0.0350551605224609 0.37420654296875 0.7677001953125
0.00469970703125 -0.0255985260009766 -0.3175048828125 0.9100341796875
-0.00208497047424316 0.000648617744445801 -0.631591796875 0.38885498046875
0.0264148712158203 0.0229644775390625 0.0265769958496094 0.06109619140625
0.0415077209472656 -0.00964736938476563 0.70263671875 -0.33563232421875
0.0182399749755859 -0.0114345550537109 0.31903076171875 -0.90771484375
-0.012324333190918 0.0147056579589844 -0.52899169921875 -0.64990234375
-0.0136814117431641 0.0320606231689453 -0.6474609375 0.0426025390625
0.0142698287963867 0.0113382339477539 -0.36981201171875 0.345550537109375
0.0209178924560547 -0.0146369934082031 -0.006195068359375 0.326385498046875
-0.0099639892578125 -0.00333595275878906 0.194091796875 0.139892578125
-0.0136613845825195 -0.0151138305664063 -0.159698486328125 -0.16583251953125
0.0293483734130859 -0.0149555206298828 0.082977294921875 -0.324188232421875
0.0232448577880859 0.00159645080566406 0.401458740234375 -0.257965087890625
-0.00514602661132813 0.0397682189941406 0.659912109375 0.147705078125
-0.016021728515625 0.0453681945800781 0.37884521484375 0.7689208984375
0.0018310546875 -0.0174131393432617 -0.31439208984375 0.91058349609375
-0.00609302520751953 0.00297689437866211 -0.6297607421875 0.388671875
0.023773193359375 0.0208225250244141 0.0301933288574219 0.0620307922363281
0.0359230041503906 -0.00844955444335938 0.706787109375 -0.34100341796875
0.0148553848266602 -0.00438785552978516 0.31622314453125 -0.9149169921875
-0.00954055786132813 0.0233898162841797 -0.53045654296875 -0.65020751953125
-0.00620841979980468 0.0338840484619141 -0.64892578125 0.04388427734375
0.0195560455322266 0.00773239135742188 -0.36810302734375 0.34234619140625
0.0246143341064453 -0.0205841064453125 -0.00683593749999999 0.323486328125
-0.00901126861572266 -0.00736331939697266 0.19439697265625 0.139938354492188
-0.0192794799804688 0.0107269287109375 -0.16668701171875 -0.192550659179688
0.0165634155273438 0.0122442245483398 0.067901611328125 -0.344482421875
0.00597763061523437 0.0121345520019531 0.40234375 -0.29010009765625
-0.0290336608886719 0.0246353149414062 0.67926025390625 0.088134765625
-0.0248088836669922 0.00872230529785157 0.43023681640625 0.7220458984375
0.0196418762207031 -0.0535087585449219 -0.250244140625 0.90234375
0.0289096832275391 -0.0116939544677734 -0.5946044921875 0.40972900390625
0.0584754943847656 0.0262184143066406 0.0397491455078125 0.064239501953125
0.0720596313476562 -0.0188064575195312 0.72955322265625 -0.33367919921875
0.0395355224609375 -0.0381927490234375 0.35931396484375 -0.93011474609375
-0.0163850784301758 -0.0150032043457031 -0.5 -0.69384765625
-0.0327339172363281 0.022918701171875 -0.64385986328125 0.00555419921875004
-0.0010986328125 0.0195217132568359 -0.36712646484375 0.326446533203125
0.0114030838012695 0.00608253479003906 -0.013763427734375 0.3096923828125
-0.0186138153076172 0.0201587677001953 0.189895629882813 0.115707397460938
-0.0170440673828125 0.00757122039794922 -0.168319702148438 -0.188613891601563
0.0147504806518555 0.0143356323242188 0.065032958984375 -0.340545654296875
0.0004119873046875 0.014033317565918 0.396514892578125 -0.28509521484375
-0.0307979583740234 0.0233039855957031 0.67230224609375 0.09619140625
-0.0250301361083984 0.00670814514160156 0.41998291015625 0.72491455078125
0.0209236145019531 -0.0556068420410156 -0.25982666015625 0.9012451171875
0.0290451049804688 -0.0100784301757813 -0.60150146484375 0.4051513671875
0.0574684143066406 0.0269546508789063 0.0316581726074219 0.0635147094726562
0.0705947875976563 -0.0169296264648438 0.720458984375 -0.32904052734375
0.0402030944824219 -0.0421714782714844 0.352294921875 -0.91912841796875
-0.0159358978271484 -0.0183677673339844 -0.5008544921875 -0.6844482421875
-0.0351676940917969 0.020294189453125 -0.6431884765625 0.012451171875
-0.00556182861328125 0.0215167999267578 -0.368377685546875 0.328216552734375
0.00866889953613281 0.0065155029296875 -0.011138916015625 0.312835693359375
-0.0183391571044922 0.0202598571777344 0.192520141601562 0.123199462890625
-0.013524055480957 0.00702667236328125 -0.163482666015625 -0.184417724609375
0.0135412216186523 0.0134706497192383 0.068939208984375 -0.335693359375
0.000996589660644532 0.014256477355957 0.399383544921875 -0.279541015625
-0.0305957794189453 0.0234336853027344 0.6702880859375 0.1058349609375
-0.0252723693847656 0.00542640686035156 0.41534423828125 0.73553466796875
0.0176315307617187 -0.0539894104003906 -0.26605224609375 0.9090576171875
0.0264453887939453 -0.00778770446777344 -0.60968017578125 0.40753173828125
0.0548019409179687 0.026763916015625 0.0270423889160156 0.0625686645507813
0.0685958862304688 -0.0157852172851563 0.71282958984375 -0.3338623046875
0.038238525390625 -0.0404014587402344 0.34112548828125 -0.9190673828125
-0.0158023834228516 -0.0185489654541016 -0.51202392578125 -0.67626953125
-0.0342884063720703 0.0214061737060547 -0.6480712890625 0.02093505859375
-0.00448036193847656 0.0209636688232422 -0.370513916015625 0.3369140625
0.0069880485534668 0.00575447082519531 -0.012847900390625 0.320159912109375
-0.014042854309082 0.0157613754272461 0.190658569335938 0.125961303710938
-0.0151300430297852 0.00247955322265625 -0.163223266601562 -0.178787231445313
0.0138349533081055 0.00895023345947266 0.070098876953125 -0.331512451171875
0.00100612640380859 0.012451171875 0.39691162109375 -0.269989013671875
-0.0276222229003906 0.0247097015380859 0.66204833984375 0.1192626953125
-0.0237293243408203 0.00925254821777344 0.404296875 0.74407958984375
0.0176010131835937 -0.0507888793945313 -0.2801513671875 0.9091796875
0.0190830230712891 -0.00537490844726563 -0.618896484375 0.40380859375
0.049346923828125 0.0274085998535156 0.0208168029785156 0.0610885620117187
0.0622367858886719 -0.0148086547851563 0.708740234375 -0.329345703125
0.0345458984375 -0.0366134643554688 0.3336181640625 -0.9097900390625
-0.0159692764282227 -0.0130100250244141 -0.51654052734375 -0.6658935546875
-0.0319309234619141 0.0236492156982422 -0.64898681640625 0.0321044921875001
-0.00330543518066406 0.0204296112060547 -0.368927001953125 0.339202880859375
0.00802373886108398 0.00332307815551758 -0.0087890625 0.321807861328125
-0.0140085220336914 0.0111923217773438 0.19268798828125 0.13153076171875
-0.0111885070800781 -0.000690460205078127 -0.16064453125 -0.174468994140625
0.0164957046508789 0.00482463836669922 0.07342529296875 -0.32928466796875
0.00523853302001953 0.0111494064331055 0.3939208984375 -0.26715087890625
-0.0211467742919922 0.0272884368896484 0.65911865234375 0.12896728515625
-0.0225791931152344 0.0148448944091797 0.397705078125 0.753173828125
0.0130958557128906 -0.0434761047363281 -0.28741455078125 0.9122314453125
0.0138082504272461 -0.00135326385498047 -0.6231689453125 0.40338134765625
0.0404090881347656 0.0274238586425781 0.0193138122558594 0.0601463317871094
0.0570106506347656 -0.0113563537597656 0.70263671875 -0.333740234375
0.0293998718261719 -0.028961181640625 0.321533203125 -0.91107177734375
-0.014521598815918 -0.00608730316162109 -0.5264892578125 -0.65618896484375
-0.0255012512207031 0.0253925323486328 -0.65081787109375 0.03863525390625
0.00147438049316406 0.0170955657958984 -0.369476318359375 0.344940185546875
0.0110626220703125 -0.00274944305419922 -0.00765991210937497 0.325164794921875
-0.0102300643920898 0.00746631622314453 0.193206787109375 0.13519287109375
-0.0126781463623047 -0.00808334350585938 -0.159988403320312 -0.168899536132813
0.0191822052001953 -0.000888824462890625 0.07574462890625 -0.325592041015625
0.0106067657470703 0.00724887847900391 0.396087646484375 -0.261444091796875
-0.0167522430419922 0.0310993194580078 0.659423828125 0.1351318359375
-0.0186901092529297 0.0252037048339844 0.39178466796875 0.75933837890625
0.00830459594726563 -0.0342388153076172 -0.29888916015625 0.91412353515625
0.00538444519042969 -0.000572681427001953 -0.62628173828125 0.400390625
0.0326728820800781 0.0239791870117188 0.0214042663574219 0.0593833923339844
0.0468864440917969 -0.0125694274902344 0.6988525390625 -0.33837890625
0.0236644744873047 -0.0202732086181641 0.31292724609375 -0.91033935546875
-0.0136985778808594 0.00313282012939453 -0.53546142578125 -0.6480712890625
-0.0194950103759766 0.0288162231445312 -0.6500244140625 0.0479125976562501
0.00655937194824219 0.0144205093383789 -0.368133544921875 0.3480224609375
0.0145492553710938 -0.00959587097167969 -0.00451660156249997 0.328216552734375
-0.00944137573242188 0.00142478942871094 0.195175170898438 0.137191772460938
-0.0142879486083984 -0.0123739242553711 -0.161956787109375 -0.167449951171875
0.0236568450927734 -0.00770187377929688 0.07757568359375 -0.325469970703125
0.0166244506835938 0.00321578979492188 0.397369384765625 -0.2615966796875
-0.0110187530517578 0.0343971252441406 0.65960693359375 0.1396484375
-0.0170440673828125 0.0355987548828125 0.38677978515625 0.7615966796875
0.00821304321289062 -0.0260009765625 -0.30731201171875 0.9132080078125
-0.00153088569641113 0.00282192230224609 -0.62701416015625 0.3970947265625
0.0256080627441406 0.0222682952880859 0.0253562927246094 0.0602607727050781
0.040557861328125 -0.00936126708984375 0.69989013671875 -0.341064453125
0.0185508728027344 -0.011566162109375 0.31024169921875 -0.9119873046875
-0.00943374633789063 0.0138673782348633 -0.53717041015625 -0.6466064453125
-0.0127906799316406 0.0330333709716797 -0.64959716796875 0.05126953125
0.0144987106323242 0.010533332824707 -0.366180419921875 0.347198486328125
0.0193576812744141 -0.0150547027587891 -0.00335693359375 0.326904296875
-0.00988292694091797 -0.00232601165771484 0.195556640625 0.139999389648437
-0.0138416290283203 -0.0134048461914062 -0.16253662109375 -0.165145874023437
0.0286579132080078 -0.0140476226806641 0.07867431640625 -0.326690673828125
0.0233001708984375 0.00083160400390625 0.39959716796875 -0.262115478515625
-0.00378799438476562 0.0392990112304688 0.66241455078125 0.13909912109375
-0.0152740478515625 0.0449028015136719 0.3896484375 0.765625
0.00245857238769531 -0.0189857482910156 -0.3045654296875 0.91400146484375
-0.00587272644042969 0.00245189666748047 -0.62432861328125 0.39495849609375
0.0233306884765625 0.0211143493652344 0.0295333862304687 0.0613632202148438
0.0362052917480469 -0.0096893310546875 0.70184326171875 -0.34686279296875
0.0153360366821289 -0.00592899322509766 0.3070068359375 -0.9169921875
-0.00958633422851563 0.0244426727294922 -0.5379638671875 -0.645751953125
-0.00503730773925781 0.0343093872070313 -0.64874267578125 0.0498657226562501
0.0199165344238281 0.00837326049804688 -0.36444091796875 0.34619140625
0.0242481231689453 -0.0224571228027344 -0.00131225585937498 0.324859619140625
-0.00869178771972656 -0.00715827941894531 0.19622802734375 0.138153076171875
-0.0193271636962891 0.0122032165527344 -0.169784545898437 -0.192031860351563
0.0174455642700195 0.011932373046875 0.062103271484375 -0.34625244140625
0.00526332855224609 0.01226806640625 0.40081787109375 -0.296234130859375
-0.0282459259033203 0.0247898101806641 0.68035888671875 0.0797119140625
-0.0246162414550781 0.00818443298339844 0.43804931640625 0.71728515625
0.0187644958496094 -0.0536575317382813 -0.24163818359375 0.904541015625
0.0293331146240234 -0.00869178771972656 -0.5914306640625 0.41485595703125
0.0600929260253906 0.0261001586914062 0.0379219055175781 0.063751220703125
0.0704116821289063 -0.0177459716796875 0.72515869140625 -0.34112548828125
0.0387458801269531 -0.0402565002441406 0.349365234375 -0.93243408203125
-0.0161628723144531 -0.015716552734375 -0.5074462890625 -0.69097900390625
-0.0319099426269531 0.023651123046875 -0.64288330078125 0.0142211914062501
-0.000289916992187502 0.0207538604736328 -0.365478515625 0.32958984375
0.011652946472168 0.00563335418701172 -0.011199951171875 0.311309814453125
-0.0178241729736328 0.0207691192626953 0.190750122070313 0.115676879882813
-0.0186882019042969 0.00929450988769531 -0.170639038085937 -0.186630249023438
0.0166702270507813 0.0143613815307617 0.059814453125 -0.342529296875
0.000608444213867187 0.0134353637695312 0.394287109375 -0.289337158203125
-0.0303077697753906 0.0233898162841797 0.67388916015625 0.0877685546875
-0.024566650390625 0.00568962097167969 0.4290771484375 0.7203369140625
0.0208358764648437 -0.0573806762695313 -0.25177001953125 0.90325927734375
0.0298671722412109 -0.0101203918457031 -0.599609375 0.41058349609375
0.0589141845703125 0.0273246765136719 0.0316352844238281 0.0635643005371094
0.069671630859375 -0.0194892883300781 0.7174072265625 -0.33612060546875
0.03961181640625 -0.04364013671875 0.34600830078125 -0.9207763671875
-0.0171623229980469 -0.0190105438232422 -0.50750732421875 -0.67974853515625
-0.0355987548828125 0.0215721130371094 -0.64324951171875 0.02081298828125
-0.00474739074707031 0.0221366882324219 -0.365753173828125 0.33404541015625
0.00902938842773438 0.00732231140136719 -0.00714111328125003 0.314544677734375
-0.0187797546386719 0.0201930999755859 0.194122314453125 0.1226806640625
-0.0144538879394531 0.00793552398681641 -0.166915893554687 -0.183303833007813
0.013188362121582 0.0129327774047852 0.063934326171875 -0.337127685546875
-0.00026226043701172 0.0147294998168945 0.393890380859375 -0.286041259765625
-0.0308856964111328 0.0240211486816406 0.672607421875 0.09844970703125
-0.0258102416992188 0.00650215148925781 0.42437744140625 0.73077392578125
0.0183143615722656 -0.0559654235839844 -0.2554931640625 0.91033935546875
0.0265178680419922 -0.00692176818847656 -0.60650634765625 0.41412353515625
0.0536537170410156 0.0269088745117188 0.0257110595703125 0.0611114501953125
0.0674972534179688 -0.0158729553222656 0.71051025390625 -0.338623046875
0.0376205444335938 -0.0424385070800781 0.33233642578125 -0.92181396484375
-0.0171852111816406 -0.0188484191894531 -0.51812744140625 -0.671630859375
-0.0343780517578125 0.0228919982910156 -0.64715576171875 0.0282592773437499
-0.00501060485839844 0.0217914581298828 -0.36810302734375 0.339141845703125
0.00677633285522461 0.00597333908081055 -0.00933837890625001 0.320343017578125
-0.0135087966918945 0.0171613693237305 0.193496704101563 0.124755859375
-0.0146265029907227 0.00275707244873047 -0.165481567382812 -0.177017211914063
0.013951301574707 0.00953388214111328 0.065948486328125 -0.3321533203125
0.00245761871337891 0.0121183395385742 0.394317626953125 -0.275360107421875
-0.0275020599365234 0.0250473022460938 0.6656494140625 0.109130859375
-0.0229377746582031 0.00899505615234375 0.41253662109375 0.7371826171875
0.0175437927246094 -0.0516319274902344 -0.27117919921875 0.9124755859375
0.0212192535400391 -0.00512313842773438 -0.6124267578125 0.41046142578125
0.0480804443359375 0.0273551940917969 0.0213279724121094 0.0610389709472656
0.0625190734863281 -0.0162773132324219 0.703369140625 -0.3353271484375
0.034149169921875 -0.03839111328125 0.324951171875 -0.9136962890625
-0.0158872604370117 -0.0157909393310547 -0.5233154296875 -0.6611328125
-0.0320014953613281 0.0233345031738281 -0.6470947265625 0.03759765625
-0.00371360778808594 0.0198173522949219 -0.366424560546875 0.344451904296875
0.00899887084960938 0.00228404998779297 -0.00521850585937499 0.32293701171875
-0.0141544342041016 0.0131130218505859 0.195709228515625 0.1304931640625
-0.0117149353027344 -0.00169086456298828 -0.161666870117188 -0.172897338867188
0.0159530639648438 0.00441741943359375 0.068817138671875 -0.3306884765625
0.00628471374511719 0.0127296447753906 0.3946533203125 -0.270965576171875
-0.0209159851074219 0.0280323028564453 0.6639404296875 0.120361328125
-0.0219917297363281 0.0165634155273438 0.40692138671875 0.74798583984375
0.01495361328125 -0.0446701049804688 -0.278076171875 0.91650390625
0.0136575698852539 -0.00199604034423828 -0.6197509765625 0.40826416015625
0.0396499633789063 0.0280952453613281 0.0201416015625 0.0618515014648438
0.056427001953125 -0.0134010314941406 0.697265625 -0.3408203125
0.0292129516601563 -0.0299282073974609 0.31341552734375 -0.9151611328125
-0.0152015686035156 -0.00471019744873047 -0.532470703125 -0.65069580078125
-0.0262622833251953 0.0261249542236328 -0.64923095703125 0.0476074218749999
0.00194931030273438 0.0183925628662109 -0.366058349609375 0.35028076171875
0.00964832305908203 -0.00232505798339844 -0.004669189453125 0.327484130859375
-0.0104150772094727 0.00528240203857422 0.194046020507813 0.134658813476563
-0.0121736526489258 -0.00608158111572265 -0.16119384765625 -0.16693115234375
0.0185279846191406 -0.00301170349121094 0.06988525390625 -0.32684326171875
0.0109472274780273 0.00768089294433594 0.39276123046875 -0.267181396484375
-0.0165042877197266 0.0328426361083984 0.66302490234375 0.12738037109375
-0.0185031890869141 0.0247573852539063 0.402099609375 0.753662109375
0.00990676879882812 -0.036712646484375 -0.289306640625 0.9189453125
0.00704193115234375 0.00138473510742188 -0.6217041015625 0.40655517578125
0.0328865051269531 0.0241508483886719 0.02001953125 0.0613517761230469
0.0473136901855469 -0.0126953125 0.69488525390625 -0.34326171875
0.0226840972900391 -0.0212535858154297 0.30322265625 -0.9110107421875
-0.0135068893432617 0.0031585693359375 -0.54095458984375 -0.64398193359375
-0.0188274383544922 0.0292720794677734 -0.65069580078125 0.0543212890625001
0.00732231140136719 0.0142450332641602 -0.36444091796875 0.3529052734375
0.0139055252075195 -0.0105886459350586 -0.000976562500000008 0.329559326171875
-0.00995826721191406 0.00277423858642578 0.197113037109375 0.137313842773438
-0.0139446258544922 -0.0118951797485352 -0.16387939453125 -0.164627075195313
0.0245819091796875 -0.00925445556640625 0.07269287109375 -0.3275146484375
0.0160799026489258 0.00514030456542969 0.39306640625 -0.265716552734375
-0.0102386474609375 0.0365638732910156 0.66412353515625 0.13323974609375
-0.0163650512695313 0.0353240966796875 0.39599609375 0.75982666015625
0.00667190551757812 -0.0271587371826172 -0.294921875 0.91680908203125
-0.000734567642211914 0.00354385375976563 -0.62518310546875 0.40191650390625
0.0263767242431641 0.0233287811279297 0.0249061584472656 0.0610694885253906
0.0386276245117188 -0.00921630859375 0.696533203125 -0.3480224609375
0.0185375213623047 -0.0123710632324219 0.30328369140625 -0.9119873046875
-0.0114583969116211 0.0144891738891602 -0.54052734375 -0.63885498046875
-0.0100536346435547 0.0324821472167969 -0.6507568359375 0.05731201171875
0.0148591995239258 0.0111379623413086 -0.3619384765625 0.35321044921875
0.01800537109375 -0.0139484405517578 0.00143432617187502 0.327667236328125
-0.00785207748413086 -0.000997066497802733 0.19744873046875 0.138519287109375
-0.0134916305541992 -0.0137271881103516 -0.165069580078125 -0.163177490234375
0.0289268493652344 -0.0138168334960938 0.0743408203125 -0.328521728515625
0.0229911804199219 0.00042724609375 0.39599609375 -0.2667236328125
-0.00379180908203125 0.040313720703125 0.66619873046875 0.1314697265625
-0.0136756896972656 0.0442085266113281 0.39910888671875 0.7593994140625
0.0031585693359375 -0.0196571350097656 -0.2943115234375 0.9156494140625
-0.00557565689086914 0.00386524200439453 -0.62359619140625 0.402587890625
0.0230541229248047 0.0207576751708984 0.0304298400878906 0.0609550476074219
0.0350608825683594 -0.00994491577148438 0.70001220703125 -0.35272216796875
0.0155820846557617 -0.00549507141113281 0.29833984375 -0.92120361328125
-0.00805473327636719 0.0237636566162109 -0.5445556640625 -0.64068603515625
-0.00413894653320312 0.0341262817382813 -0.64837646484375 0.0581665039062499
0.0208797454833984 0.008270263671875 -0.361846923828125 0.3497314453125
0.0238761901855469 -0.0222930908203125 0.00225830078125001 0.326507568359375
-0.0087890625 -0.00582695007324219 0.198867797851563 0.13739013671875
-0.0188064575195313 0.0128250122070312 -0.172470092773438 -0.190048217773437
0.0190372467041016 0.0125617980957031 0.057220458984375 -0.347381591796875
0.00554752349853516 0.0118570327758789 0.39630126953125 -0.299835205078125
-0.0263710021972656 0.0264110565185547 0.68304443359375 0.071533203125
-0.0233879089355469 0.00844573974609375 0.446044921875 0.71075439453125
0.0182647705078125 -0.0554351806640625 -0.22894287109375 0.9068603515625
0.0293502807617188 -0.00841331481933594 -0.585205078125 0.42071533203125
0.0603981018066406 0.0272178649902344 0.0387344360351563 0.0638389587402344
0.0697860717773438 -0.0199928283691406 0.72149658203125 -0.34722900390625
0.0382881164550781 -0.0415229797363281 0.3406982421875 -0.93341064453125
-0.0161819458007813 -0.0146913528442383 -0.51287841796875 -0.68157958984375
-0.0314350128173828 0.0233154296875 -0.64306640625 0.01910400390625
-0.00136184692382813 0.0188865661621094 -0.363128662109375 0.33282470703125
0.0104341506958008 0.00496673583984375 -0.00695800781249998 0.3114013671875
-0.0169677734375 0.0218372344970703 0.19287109375 0.114608764648438
-0.0173912048339844 0.00865459442138672 -0.173782348632813 -0.18585205078125
0.0152301788330078 0.0147600173950195 0.055816650390625 -0.343658447265625
-0.000134468078613282 0.0129404067993164 0.389312744140625 -0.293670654296875
-0.0300579071044922 0.0252628326416016 0.67431640625 0.0810546875
-0.0244121551513672 0.00547409057617187 0.43896484375 0.71258544921875
0.0196304321289063 -0.0583610534667969 -0.23870849609375 0.9046630859375
0.029510498046875 -0.00798606872558594 -0.59332275390625 0.41650390625
0.058074951171875 0.0280609130859375 0.0305709838867188 0.06402587890625
0.0696983337402344 -0.0192031860351563 0.71490478515625 -0.34130859375
0.0395545959472656 -0.0442581176757813 0.335205078125 -0.92279052734375
-0.01611328125 -0.0188484191894531 -0.513671875 -0.67340087890625
-0.0341701507568359 0.0222339630126953 -0.642822265625 0.0248413085937499
-0.00420951843261719 0.0201606750488281 -0.360504150390625 0.33831787109375
0.00879955291748047 0.00859546661376953 -0.00375366210937502 0.31439208984375
-0.0187149047851563 0.0214290618896484 0.195175170898438 0.120315551757813
-0.0136842727661133 0.00928020477294922 -0.168426513671875 -0.1820068359375
0.0135135650634766 0.0116910934448242 0.059783935546875 -0.339752197265625
0.000626564025878905 0.0158224105834961 0.39239501953125 -0.290435791015625
-0.0293540954589844 0.0266036987304687 0.673095703125 0.0909423828125
-0.0253982543945313 0.00555610656738281 0.4327392578125 0.72442626953125
0.0191917419433594 -0.0557594299316406 -0.2467041015625 0.91204833984375
0.0277538299560547 -0.00622749328613281 -0.60113525390625 0.42034912109375
0.0537338256835938 0.0276107788085938 0.0249977111816406 0.0614280700683594
0.0672569274902344 -0.0187797546386719 0.70465087890625 -0.34326171875
0.0379180908203125 -0.0421066284179688 0.32373046875 -0.92352294921875
-0.0180511474609375 -0.0184535980224609 -0.52581787109375 -0.66571044921875
-0.0332298278808594 0.0230140686035156 -0.64599609375 0.0357666015625001
-0.00411033630371094 0.0213565826416016 -0.36358642578125 0.34490966796875
0.00653934478759766 0.0058894157409668 -0.00460815429687503 0.32073974609375
-0.0135040283203125 0.0177593231201172 0.19573974609375 0.123275756835937
-0.0125551223754883 0.00371837615966797 -0.169052124023438 -0.175888061523437
0.0144500732421875 0.00830936431884766 0.06109619140625 -0.3348388671875
0.000600814819335937 0.012939453125 0.389556884765625 -0.279327392578125
-0.0280323028564453 0.0267696380615234 0.66741943359375 0.1016845703125
-0.0221824645996094 0.0108718872070313 0.4219970703125 0.732421875
0.0163078308105469 -0.0524139404296875 -0.26019287109375 0.9136962890625
0.0216560363769531 -0.00437736511230469 -0.60931396484375 0.4158935546875
0.0472831726074219 0.0271835327148438 0.020416259765625 0.0599632263183594
0.0608482360839844 -0.0160713195800781 0.69903564453125 -0.34124755859375
0.0342559814453125 -0.0383224487304688 0.3173828125 -0.91546630859375
-0.0162277221679688 -0.0147562026977539 -0.52996826171875 -0.65618896484375
-0.0296401977539063 0.0236606597900391 -0.64599609375 0.0436401367187501
-0.00376510620117187 0.0191707611083984 -0.361724853515625 0.34674072265625
0.00658988952636719 0.00335264205932617 -0.00173950195312498 0.324188232421875
-0.0129795074462891 0.0146608352661133 0.196807861328125 0.130767822265625
-0.0126428604125977 -0.000917434692382811 -0.164962768554688 -0.170791625976562
0.0155601501464844 0.00360107421875 0.063690185546875 -0.33050537109375
0.00436496734619141 0.0108518600463867 0.3897705078125 -0.277252197265625
-0.0218124389648438 0.0274639129638672 0.66461181640625 0.113037109375
-0.0220813751220703 0.0149478912353516 0.4156494140625 0.7408447265625
0.0147743225097656 -0.0458335876464844 -0.26611328125 0.91650390625
0.0147018432617188 0.000207901000976563 -0.6138916015625 0.4149169921875
0.0407218933105469 0.0253143310546875 0.0210189819335938 0.0609893798828125
0.0536880493164063 -0.0129127502441406 0.69354248046875 -0.34759521484375
0.0289020538330078 -0.0307445526123047 0.304443359375 -0.916015625
-0.0159225463867187 -0.00837993621826172 -0.53948974609375 -0.64385986328125
-0.0253028869628906 0.0263710021972656 -0.6502685546875 0.0511474609375001
0.000238418579101561 0.0185928344726563 -0.364105224609375 0.353363037109375
0.0103788375854492 -0.00294303894042969 -0.000762939453124972 0.327117919921875
-0.00914764404296875 0.00728321075439453 0.19671630859375 0.132415771484375
-0.0102853775024414 -0.00522518157958984 -0.16571044921875 -0.167526245117188
0.018585205078125 -0.00358772277832031 0.065765380859375 -0.32952880859375
0.01092529296875 0.00883197784423828 0.388519287109375 -0.272247314453125
-0.0151195526123047 0.0326156616210938 0.6639404296875 0.1190185546875
-0.0190563201904297 0.0256538391113281 0.41015625 0.75067138671875
0.0107536315917969 -0.0365371704101563 -0.27789306640625 0.9171142578125
0.00642490386962891 0.00255870819091797 -0.6170654296875 0.41290283203125
0.0328655242919922 0.0249900817871094 0.0209426879882812 0.0607032775878906
0.0456199645996094 -0.0133514404296875 0.6907958984375 -0.3482666015625
0.0232906341552734 -0.0222892761230469 0.29522705078125 -0.914794921875
-0.0117101669311523 0.00165843963623047 -0.54449462890625 -0.63836669921875
-0.0155830383300781 0.0293502807617188 -0.6484375 0.06072998046875
0.00655364990234375 0.0136623382568359 -0.36016845703125 0.354644775390625
0.0140161514282227 -0.0102071762084961 0.00189208984374997 0.32891845703125
-0.0101652145385742 0.00370693206787109 0.198318481445313 0.135604858398437
-0.0117645263671875 -0.0083608627319336 -0.166961669921875 -0.1632080078125
0.0247802734375 -0.00921630859375 0.06695556640625 -0.32965087890625
0.0168304443359375 0.00463199615478516 0.39019775390625 -0.26971435546875
-0.0100173950195312 0.03753662109375 0.6661376953125 0.12628173828125
-0.0142154693603516 0.0341472625732422 0.40618896484375 0.75439453125
0.00625419616699219 -0.0286140441894531 -0.286376953125 0.9166259765625
-0.00052189826965332 0.00242066383361816 -0.61956787109375 0.40997314453125
0.0259380340576172 0.0254249572753906 0.0240211486816406 0.0609130859375
0.039306640625 -0.0116424560546875 0.69232177734375 -0.35064697265625
0.0192928314208984 -0.0151920318603516 0.2908935546875 -0.91351318359375
-0.00993061065673828 0.0140981674194336 -0.5472412109375 -0.63250732421875
-0.0107707977294922 0.0324668884277344 -0.64794921875 0.06256103515625
0.0137109756469727 0.0120449066162109 -0.35736083984375 0.35516357421875
0.0185966491699219 -0.0163211822509766 0.00555419921875 0.328643798828125
-0.00929737091064453 -0.000644683837890624 0.199172973632813 0.138870239257813
-0.0133352279663086 -0.0116291046142578 -0.168228149414063 -0.162551879882812
0.0300025939941406 -0.0153560638427734 0.069671630859375 -0.329742431640625
0.0231857299804687 0.000535964965820313 0.392486572265625 -0.2713623046875
-0.003021240234375 0.0415802001953125 0.667724609375 0.12457275390625
-0.0133018493652344 0.043487548828125 0.40838623046875 0.7545166015625
0.00317573547363281 -0.0216102600097656 -0.28521728515625 0.92010498046875
-0.00435638427734375 0.00486993789672851 -0.6156005859375 0.40972900390625
0.0229568481445312 0.0221462249755859 0.0302581787109375 0.0621490478515625
0.034393310546875 -0.0102863311767578 0.69451904296875 -0.35821533203125
0.0145778656005859 -0.00578689575195313 0.28863525390625 -0.92095947265625
-0.00872039794921875 0.0227546691894531 -0.5504150390625 -0.63250732421875
-0.0035552978515625 0.0347137451171875 -0.64678955078125 0.0648193359374999
0.020477294921875 0.00712966918945312 -0.355987548828125 0.351776123046875
0.0223598480224609 -0.0233402252197266 0.00570678710937497 0.326202392578125
-0.00885963439941406 -0.00361728668212891 0.19970703125 0.135604858398437
-0.017430305480957 0.0137548446655273 -0.17425537109375 -0.187911987304688
0.0182247161865234 0.0114574432373047 0.05426025390625 -0.348724365234375
0.00493144989013672 0.0134181976318359 0.391265869140625 -0.3055419921875
-0.0278339385986328 0.0263442993164062 0.68304443359375 0.06500244140625
-0.0228118896484375 0.007293701171875 0.4560546875 0.70416259765625
0.0189552307128906 -0.0564804077148437 -0.218505859375 0.90728759765625
0.0299472808837891 -0.00880813598632813 -0.58148193359375 0.4241943359375
0.058685302734375 0.0271873474121094 0.0386199951171875 0.0640602111816406
0.0693893432617188 -0.0200004577636719 0.71771240234375 -0.35205078125
0.0375709533691406 -0.0419654846191406 0.33160400390625 -0.935791015625
-0.0154714584350586 -0.0162906646728516 -0.51898193359375 -0.67755126953125
-0.0294246673583984 0.0233993530273438 -0.64031982421875 0.0256347656250001
-0.000820159912109375 0.0187015533447266 -0.359161376953125 0.33612060546875
0.0101823806762695 0.00531673431396484 -0.0032958984375 0.311279296875
-0.0167331695556641 0.0215015411376953 0.1943359375 0.111801147460938
-0.0170145034790039 0.00983142852783203 -0.174652099609375 -0.18499755859375
0.0156269073486328 0.0128211975097656 0.05047607421875 -0.343902587890625
0.00101661682128906 0.0146093368530273 0.3868408203125 -0.298004150390625
-0.0294628143310547 0.0269069671630859 0.67706298828125 0.0723876953125
-0.0241928100585938 0.00598716735839844 0.44598388671875 0.7060546875
0.0202369689941406 -0.0584030151367188 -0.22955322265625 0.904296875
0.0301475524902344 -0.00851058959960938 -0.58892822265625 0.42449951171875
0.0565643310546875 0.027923583984375 0.0307655334472656 0.0635299682617188
0.0687370300292969 -0.0195465087890625 0.71014404296875 -0.3447265625
0.0401153564453125 -0.0450286865234375 0.32708740234375 -0.92352294921875
-0.0169639587402344 -0.0206756591796875 -0.5201416015625 -0.6668701171875
-0.0340213775634766 0.0241432189941406 -0.6400146484375 0.0316162109375001
-0.0045623779296875 0.0197124481201172 -0.356048583984375 0.341796875
0.00901699066162109 0.00777435302734375 -0.000793457031250012 0.314422607421875
-0.0164413452148438 0.0215682983398438 0.195770263671875 0.118621826171875
-0.0127391815185547 0.00958251953125 -0.170974731445312 -0.180908203125
0.0137491226196289 0.0119142532348633 0.054779052734375 -0.341033935546875
0.000577926635742188 0.0153436660766602 0.38751220703125 -0.2943115234375
-0.0289363861083984 0.0255489349365234 0.6728515625 0.081787109375
-0.0237884521484375 0.00485610961914063 0.4420166015625 0.7177734375
0.0189590454101563 -0.0575408935546875 -0.23529052734375 0.91217041015625
0.028228759765625 -0.00572967529296875 -0.59429931640625 0.42425537109375
0.0547828674316406 0.0284614562988281 0.0251579284667969 0.0622825622558594
0.066619873046875 -0.0191154479980469 0.70294189453125 -0.3485107421875
0.0368080139160156 -0.0430908203125 0.3162841796875 -0.92486572265625
-0.016448974609375 -0.0196323394775391 -0.53076171875 -0.6607666015625
-0.0323905944824219 0.0235233306884766 -0.64483642578125 0.0401611328124999
-0.00440406799316406 0.0208053588867188 -0.3594970703125 0.34771728515625
0.00649690628051758 0.00663042068481445 -0.00210571289062501 0.32122802734375
-0.0128326416015625 0.0191001892089844 0.196044921875 0.121047973632813
-0.0135564804077148 0.00605869293212891 -0.170913696289063 -0.174697875976563
0.0144338607788086 0.00927066802978516 0.056243896484375 -0.33551025390625
0.00138187408447266 0.0130300521850586 0.3856201171875 -0.283843994140625
-0.0261249542236328 0.0289173126220703 0.66802978515625 0.0924072265625
-0.0214042663574219 0.00834274291992187 0.43109130859375 0.725341796875
0.0173110961914063 -0.0544204711914063 -0.25006103515625 0.91302490234375
0.0215930938720703 -0.00249481201171875 -0.6043701171875 0.421142578125
0.0469512939453125 0.0281105041503906 0.0214195251464844 0.0608291625976563
0.0597877502441406 -0.0171585083007813 0.69525146484375 -0.3465576171875
0.0349693298339844 -0.0391311645507813 0.3076171875 -0.915771484375
-0.0163450241088867 -0.0149049758911133 -0.53662109375 -0.64849853515625
-0.0290584564208984 0.0256729125976563 -0.6456298828125 0.049072265625
-0.001922607421875 0.0199489593505859 -0.35711669921875 0.350067138671875
0.00748205184936524 0.00326824188232422 0.000762939453125021 0.3250732421875
-0.012486457824707 0.0151481628417969 0.199050903320312 0.128677368164063
-0.0108280181884766 0.00145816802978516 -0.166366577148438 -0.170364379882812
0.0137262344360352 0.00242710113525391 0.060791015625 -0.33160400390625
0.00568866729736328 0.0105390548706055 0.3876953125 -0.281158447265625
-0.0212287902832031 0.0297718048095703 0.6644287109375 0.10211181640625
-0.0195827484130859 0.01617431640625 0.42156982421875 0.7364501953125
0.0149116516113281 -0.0469207763671875 -0.25799560546875 0.9163818359375
0.015472412109375 -0.000784873962402344 -0.6097412109375 0.41973876953125
0.0398941040039063 0.0272293090820313 0.0190048217773438 0.0601654052734375
0.0511627197265625 -0.0154609680175781 0.6884765625 -0.3515625
0.0288295745849609 -0.0329799652099609 0.29473876953125 -0.91363525390625
-0.0144033432006836 -0.00768089294433593 -0.5433349609375 -0.6378173828125
-0.0217552185058594 0.0272178649902344 -0.6484375 0.058837890625
0.00183677673339844 0.0181446075439453 -0.358734130859375 0.355926513671875
0.00938510894775391 -0.00287246704101563 0.00430297851562501 0.328338623046875
-0.00863170623779297 0.00938987731933594 0.1976318359375 0.131607055664063
-0.0119609832763672 -0.00460529327392578 -0.16595458984375 -0.165985107421875
0.020111083984375 -0.00190544128417969 0.06134033203125 -0.330078125
0.0107507705688477 0.00776386260986328 0.38580322265625 -0.27783203125
-0.0153064727783203 0.0337009429931641 0.66668701171875 0.11279296875
-0.0170822143554687 0.0243511199951172 0.41925048828125 0.74261474609375
0.0107574462890625 -0.0380630493164062 -0.26885986328125 0.91827392578125
0.00739479064941406 0.00210666656494141 -0.6126708984375 0.418701171875
0.0329914093017578 0.0266647338867188 0.0187034606933594 0.0606346130371094
0.0463027954101563 -0.0141029357910156 0.68670654296875 -0.35479736328125
0.0229339599609375 -0.0222511291503906 0.285888671875 -0.91522216796875
-0.0128564834594727 0.00368404388427735 -0.5509033203125 -0.62884521484375
-0.0168647766113281 0.0292549133300781 -0.64862060546875 0.0671386718750001
0.00705146789550781 0.0143871307373047 -0.357269287109375 0.35870361328125
0.0142440795898438 -0.00935935974121094 0.00671386718749997 0.329437255859375
-0.00878143310546875 0.00394248962402344 0.200225830078125 0.134674072265625
-0.0125637054443359 -0.00817298889160156 -0.16851806640625 -0.162277221679687
0.0249366760253906 -0.00914573669433594 0.0628662109375 -0.32916259765625
0.0171680450439453 0.00299358367919922 0.387420654296875 -0.2733154296875
-0.00890731811523438 0.0379791259765625 0.666015625 0.11627197265625
-0.0146160125732422 0.0347690582275391 0.41473388671875 0.745361328125
0.00743293762207032 -0.0291175842285156 -0.27459716796875 0.9178466796875
0.000458002090454102 0.00375127792358398 -0.61212158203125 0.41534423828125
0.027679443359375 0.0251407623291016 0.0247764587402344 0.0606193542480469
0.0378570556640625 -0.011444091796875 0.687744140625 -0.3592529296875
0.0192165374755859 -0.01470947265625 0.284423828125 -0.91375732421875
-0.00894069671630859 0.0128717422485352 -0.5533447265625 -0.62548828125
-0.00975799560546875 0.0315055847167969 -0.64599609375 0.0715332031249999
0.0131368637084961 0.00952816009521484 -0.357086181640625 0.358734130859375
0.0179023742675781 -0.0168132781982422 0.00805664062499997 0.328704833984375
-0.0086216926574707 0.000478744506835938 0.200439453125 0.135299682617188
-0.015324592590332 -0.0106296539306641 -0.16900634765625 -0.161224365234375
0.0300827026367187 -0.0164127349853516 0.064971923828125 -0.33148193359375
0.0225410461425781 0.00157737731933594 0.388702392578125 -0.27716064453125
-0.00220489501953125 0.0420150756835938 0.66851806640625 0.115966796875
-0.0124702453613281 0.0430831909179688 0.4171142578125 0.7470703125
0.00405693054199219 -0.022125244140625 -0.27337646484375 0.9176025390625
-0.00268459320068359 0.00529909133911133 -0.610595703125 0.41412353515625
0.0237503051757813 0.02130126953125 0.0287742614746094 0.0617485046386719
0.0331516265869141 -0.0109844207763672 0.6903076171875 -0.364013671875
0.0150566101074219 -0.00740146636962891 0.28204345703125 -0.922119140625
-0.00820350646972656 0.0224323272705078 -0.55621337890625 -0.62628173828125
-0.00229835510253906 0.0347557067871094 -0.6451416015625 0.0697021484374999
0.0194797515869141 0.00639915466308594 -0.3525390625 0.355804443359375
0.0222053527832031 -0.0235118865966797 0.010467529296875 0.32586669921875
-0.00913906097412109 -0.00340747833251953 0.201797485351562 0.134078979492187
-0.0175457000732422 0.0147266387939453 -0.176254272460938 -0.186996459960937
0.0195655822753906 0.0112571716308594 0.048065185546875 -0.349578857421875
0.00564956665039062 0.0122966766357422 0.3870849609375 -0.310699462890625
-0.0258617401123047 0.0280838012695313 0.68109130859375 0.05633544921875
-0.0217571258544922 0.00754928588867188 0.4630126953125 0.6949462890625
0.0189666748046875 -0.0575103759765625 -0.2099609375 0.90411376953125
0.0316619873046875 -0.00704574584960938 -0.574951171875 0.42938232421875
0.0587654113769531 0.0275955200195313 0.0378227233886719 0.0635223388671875
0.0676612854003906 -0.0204544067382813 0.712158203125 -0.35455322265625
0.0376358032226563 -0.0423812866210938 0.3233642578125 -0.93426513671875
-0.0156850814819336 -0.0170574188232422 -0.5230712890625 -0.66998291015625
-0.0287952423095703 0.02398681640625 -0.6383056640625 0.0292968749999999
-0.000783920288085939 0.0199298858642578 -0.3536376953125 0.3389892578125
0.0106887817382813 0.00544929504394531 -0.00100708007812498 0.31201171875
-0.0159626007080078 0.0233783721923828 0.196029663085937 0.1109619140625
-0.0167751312255859 0.0112686157226563 -0.176849365234375 -0.182388305664062
0.0162372589111328 0.0129070281982422 0.047332763671875 -0.345458984375
0.000322341918945313 0.0134725570678711 0.382659912109375 -0.301483154296875
-0.0298137664794922 0.0262775421142578 0.676025390625 0.06414794921875
-0.0236606597900391 0.00576019287109375 0.453125 0.70001220703125
0.0189285278320313 -0.0604782104492187 -0.22186279296875 0.90423583984375
0.0315685272216797 -0.00746726989746094 -0.58154296875 0.42633056640625
0.0586738586425781 0.0275726318359375 0.0303955078125 0.0621566772460937
0.0677108764648438 -0.0208892822265625 0.70428466796875 -0.34991455078125
0.0384483337402344 -0.0455360412597656 0.31951904296875 -0.9246826171875
-0.0157337188720703 -0.0197334289550781 -0.52392578125 -0.6607666015625
-0.0329113006591797 0.0241641998291016 -0.6395263671875 0.03656005859375
-0.00416946411132812 0.0203742980957031 -0.354583740234375 0.34259033203125
0.00850772857666016 0.0076289176940918 0.00283813476562497 0.31365966796875
-0.0157432556152344 0.0241260528564453 0.198486328125 0.11767578125
-0.0126523971557617 0.0104093551635742 -0.171371459960938 -0.178024291992188
0.0144281387329102 0.0113000869750977 0.0506591796875 -0.34136962890625
0.00263595581054687 0.0147714614868164 0.384613037109375 -0.29803466796875
-0.0287399291992188 0.0259132385253906 0.67230224609375 0.07427978515625
-0.02301025390625 0.00547599792480469 0.4495849609375 0.7109375
0.0184402465820312 -0.0587844848632812 -0.22576904296875 0.90966796875
0.0296478271484375 -0.00539398193359375 -0.590087890625 0.4283447265625
0.0541305541992187 0.0298652648925781 0.0246658325195312 0.0613327026367188
0.0644035339355469 -0.0181388854980469 0.69573974609375 -0.35321044921875
0.0361175537109375 -0.0441665649414063 0.30816650390625 -0.9234619140625
-0.0166072845458984 -0.0197257995605469 -0.53466796875 -0.65301513671875
-0.0313873291015625 0.0233592987060547 -0.6427001953125 0.04571533203125
-0.0036773681640625 0.0207862854003906 -0.355438232421875 0.3492431640625
0.00739383697509766 0.00525665283203125 0.00268554687500002 0.32232666015625
-0.0116443634033203 0.0191249847412109 0.196990966796875 0.120391845703125
-0.0131120681762695 0.00723457336425781 -0.171112060546875 -0.172164916992188
0.0141801834106445 0.00961685180664063 0.04974365234375 -0.335601806640625
0.00202751159667969 0.0136022567749023 0.38177490234375 -0.288299560546875
-0.0252494812011719 0.0287513732910156 0.6689453125 0.08538818359375
-0.0191802978515625 0.00750732421875 0.43695068359375 0.718017578125
0.0167999267578125 -0.0546340942382813 -0.24139404296875 0.9112548828125
0.0221614837646484 -0.00319480895996094 -0.59716796875 0.4266357421875
0.0481147766113281 0.0291519165039063 0.0203666687011719 0.0618629455566406
0.0584716796875 -0.0182075500488281 0.6907958984375 -0.3515625
0.0328102111816406 -0.0403823852539063 0.302490234375 -0.91644287109375
-0.0158042907714844 -0.0157127380371094 -0.538330078125 -0.64215087890625
-0.0282764434814453 0.0248298645019531 -0.6441650390625 0.05584716796875
-0.00232887268066406 0.0196952819824219 -0.354644775390625 0.354583740234375
0.00862550735473633 0.00271415710449219 0.00427246093750003 0.3243408203125
-0.0115118026733398 0.0167207717895508 0.200851440429688 0.126022338867188
-0.0116376876831055 0.00135898590087891 -0.167129516601562 -0.167449951171875
0.0150918960571289 0.00413131713867188 0.05535888671875 -0.33355712890625
0.00478839874267578 0.0110187530517578 0.381622314453125 -0.285308837890625
-0.0215396881103516 0.0298843383789062 0.6658935546875 0.09600830078125
-0.0190067291259766 0.0152187347412109 0.4290771484375 0.7301025390625
0.0127601623535156 -0.0469627380371094 -0.2471923828125 0.91522216796875
0.0149297714233398 -0.000201225280761719 -0.60296630859375 0.42327880859375
0.0409126281738281 0.0280799865722656 0.0191917419433594 0.0612907409667969
0.0515594482421875 -0.0147323608398437 0.68621826171875 -0.35546875
0.0279388427734375 -0.0318393707275391 0.2884521484375 -0.91424560546875
-0.013361930847168 -0.00755882263183594 -0.547119140625 -0.63140869140625
-0.0218982696533203 0.0262660980224609 -0.64727783203125 0.06536865234375
0.00229454040527344 0.0172910690307617 -0.353851318359375 0.35968017578125
0.0092000961303711 -0.00193977355957031 0.00515747070312503 0.327392578125
-0.00798892974853515 0.00974750518798828 0.199508666992188 0.129791259765625
-0.0110158920288086 -0.0033416748046875 -0.168838500976563 -0.165008544921875
0.0199737548828125 -0.00406837463378906 0.056365966796875 -0.330810546875
0.0112838745117188 0.00777626037597656 0.383270263671875 -0.27899169921875
-0.0146350860595703 0.0340576171875 0.6663818359375 0.10302734375
-0.01531982421875 0.0223426818847656 0.42645263671875 0.7362060546875
0.0111160278320312 -0.0385475158691406 -0.25970458984375 0.918212890625
0.0092325210571289 0.004425048828125 -0.6083984375 0.422119140625
0.0331954956054688 0.0272789001464844 0.01995849609375 0.0595855712890625
0.046112060546875 -0.0132293701171875 0.68133544921875 -0.3582763671875
0.0242290496826172 -0.0231895446777344 0.28082275390625 -0.915771484375
-0.0125751495361328 0.00184059143066406 -0.55706787109375 -0.62493896484375
-0.0157127380371094 0.0304069519042969 -0.646240234375 0.0721435546874999
0.0072488784790039 0.0148353576660156 -0.35150146484375 0.363677978515625
0.0133962631225586 -0.00866413116455078 0.0103759765625 0.330047607421875
-0.00790262222290039 0.00437450408935547 0.201370239257812 0.1326904296875
-0.0120277404785156 -0.00824260711669922 -0.170074462890625 -0.159774780273438
0.0248870849609375 -0.0116558074951172 0.05914306640625 -0.331085205078125
0.0170793533325195 0.00488758087158203 0.38385009765625 -0.27899169921875
-0.00758743286132813 0.0380210876464844 0.6661376953125 0.10919189453125
-0.0138053894042969 0.0331268310546875 0.41998291015625 0.73919677734375
0.00819778442382813 -0.0312576293945313 -0.26507568359375 0.9166259765625
0.00181293487548828 0.00537776947021484 -0.6090087890625 0.41845703125
0.0281620025634766 0.0244712829589844 0.0231590270996094 0.0590400695800781
0.0375556945800781 -0.0116043090820312 0.68353271484375 -0.36102294921875
0.0185203552246094 -0.0160331726074219 0.27545166015625 -0.91522216796875
-0.0100431442260742 0.0143575668334961 -0.55718994140625 -0.6182861328125
-0.00772094726562501 0.0338134765625 -0.6436767578125 0.0752563476562501
0.012908935546875 0.0100364685058594 -0.351806640625 0.362335205078125
0.0194587707519531 -0.0165691375732422 0.010772705078125 0.32867431640625
-0.00705957412719727 0.00165510177612305 0.203231811523438 0.13348388671875
-0.0140209197998047 -0.0104398727416992 -0.171066284179688 -0.160781860351563
0.0304069519042969 -0.0163326263427734 0.060882568359375 -0.331390380859375
0.0222053527832031 0.000890731811523438 0.3856201171875 -0.2799072265625
-0.00219345092773437 0.041534423828125 0.668701171875 0.10821533203125
-0.0108413696289063 0.0418167114257813 0.4249267578125 0.74151611328125
0.00444602966308594 -0.0233669281005859 -0.26416015625 0.91729736328125
-0.00242948532104492 0.00648164749145508 -0.6051025390625 0.4189453125
0.0229816436767578 0.0225658416748047 0.0282325744628906 0.0615310668945312
0.0318450927734375 -0.0116024017333984 0.68548583984375 -0.366943359375
0.0147504806518555 -0.006805419921875 0.27593994140625 -0.9215087890625
-0.00739860534667969 0.0223903656005859 -0.557861328125 -0.61944580078125
-0.000698089599609374 0.0345191955566406 -0.64239501953125 0.0742797851562501
0.0195217132568359 0.00630378723144531 -0.348663330078125 0.35882568359375
0.0221405029296875 -0.0231990814208984 0.01263427734375 0.32635498046875
-0.00870609283447266 -0.00299644470214844 0.20269775390625 0.132217407226563
-0.0171833038330078 0.0159368515014648 -0.177581787109375 -0.184677124023438
0.0183429718017578 0.0100860595703125 0.044403076171875 -0.349700927734375
0.00609779357910156 0.0144290924072266 0.384490966796875 -0.31292724609375
-0.0250492095947266 0.0288009643554688 0.680908203125 0.050537109375
-0.0225925445556641 0.00654220581054687 0.46771240234375 0.68902587890625
0.0180625915527344 -0.0588607788085938 -0.20196533203125 0.90350341796875
0.0332832336425781 -0.00692176818847656 -0.569580078125 0.43157958984375
0.0597648620605469 0.0257301330566406 0.0370979309082031 0.0631866455078125
0.0672187805175781 -0.0213165283203125 0.70904541015625 -0.3583984375
0.0360336303710938 -0.0431900024414062 0.31585693359375 -0.93450927734375
-0.014338493347168 -0.0169086456298828 -0.5269775390625 -0.66485595703125
-0.0286750793457031 0.0241546630859375 -0.6373291015625 0.0353393554687501
0.000255584716796875 0.0186500549316406 -0.351287841796875 0.34136962890625
0.0101776123046875 0.00655174255371094 0.00320434570312502 0.3116455078125
-0.0146560668945313 0.0248508453369141 0.19586181640625 0.1102294921875
-0.016972541809082 0.0135221481323242 -0.178878784179687 -0.180694580078125
0.0161123275756836 0.0126419067382813 0.0428466796875 -0.34503173828125
0.000843048095703126 0.0136775970458984 0.3785400390625 -0.3056640625
-0.0282821655273437 0.0264854431152344 0.67388916015625 0.05914306640625
-0.0215015411376953 0.00383949279785157 0.45947265625 0.69403076171875
0.0212745666503906 -0.0616493225097656 -0.21173095703125 0.901611328125
0.0317573547363281 -0.00651741027832031 -0.57733154296875 0.43023681640625
0.0577774047851563 0.0293121337890625 0.0292320251464844 0.0631332397460938
0.0670280456542969 -0.0209083557128906 0.70001220703125 -0.35546875
0.0380439758300781 -0.0458946228027344 0.31268310546875 -0.92303466796875
-0.016326904296875 -0.0197563171386719 -0.52923583984375 -0.65496826171875
-0.0310764312744141 0.0233440399169922 -0.63671875 0.0421752929687501
-0.0026702880859375 0.0211105346679687 -0.3492431640625 0.34564208984375
0.00911808013916016 0.00573444366455078 0.00503540039062498 0.31304931640625
-0.0163402557373047 0.0243492126464844 0.198196411132812 0.117584228515625
-0.0119686126708984 0.0110950469970703 -0.173416137695312 -0.17724609375
0.0147285461425781 0.0112886428833008 0.0469970703125 -0.34130859375
0.00135993957519531 0.014256477355957 0.381134033203125 -0.301910400390625
-0.0272140502929688 0.0266189575195313 0.6715087890625 0.06854248046875
-0.0223407745361328 0.00360107421875 0.452880859375 0.70318603515625
0.0186996459960937 -0.061248779296875 -0.21759033203125 0.90911865234375
0.0296802520751953 -0.00466156005859375 -0.58251953125 0.4317626953125
0.0551338195800781 0.0298538208007812 0.0239944458007813 0.0618667602539063
0.0641326904296875 -0.0185928344726563 0.69256591796875 -0.35626220703125
0.0354232788085938 -0.0447463989257812 0.29998779296875 -0.92340087890625
-0.0155735015869141 -0.0206851959228516 -0.53826904296875 -0.6461181640625
-0.029937744140625 0.0242118835449219 -0.6414794921875 0.05157470703125
-0.00380706787109375 0.0206584930419922 -0.35174560546875 0.351318359375
0.00791501998901367 0.00572061538696289 0.00402832031250002 0.321258544921875
-0.0119705200195312 0.0190410614013672 0.197555541992188 0.119430541992188
-0.0127544403076172 0.00857353210449219 -0.174240112304688 -0.170150756835938
0.014470100402832 0.00897789001464844 0.047027587890625 -0.337310791015625
0.00250625610351563 0.0136470794677734 0.378753662109375 -0.290924072265625
-0.0252513885498047 0.0294780731201172 0.668212890625 0.07861328125
-0.0189723968505859 0.007476806640625 0.44287109375 0.71240234375
0.0169486999511719 -0.0554733276367187 -0.2325439453125 0.90875244140625
0.0236415863037109 -0.00264358520507813 -0.59246826171875 0.42901611328125
0.0466995239257812 0.0291671752929688 0.0203285217285156 0.0619277954101563
0.0589714050292969 -0.0183296203613281 0.68670654296875 -0.3533935546875
0.0323867797851563 -0.0411720275878906 0.29296875 -0.91619873046875
-0.0157403945922852 -0.0150947570800781 -0.5423583984375 -0.63690185546875
-0.0274162292480469 0.0254688262939453 -0.64111328125 0.0619506835937501
-0.00200843811035156 0.0193195343017578 -0.349853515625 0.356109619140625
0.00749063491821289 0.00233793258666992 0.00823974609374999 0.323486328125
-0.0103921890258789 0.0170669555664062 0.20062255859375 0.1258544921875
-0.00999069213867188 0.00112628936767578 -0.167327880859375 -0.1676025390625
0.0154218673706055 0.00352573394775391 0.05181884765625 -0.3330078125
0.00457382202148437 0.0111732482910156 0.3782958984375 -0.2879638671875
-0.0203495025634766 0.0301685333251953 0.66436767578125 0.091552734375
-0.0177650451660156 0.0142822265625 0.4366455078125 0.72088623046875
0.014190673828125 -0.0487442016601563 -0.240478515625 0.91448974609375
0.0168981552124023 0.000637054443359375 -0.59820556640625 0.42840576171875
0.0396575927734375 0.02874755859375 0.0197334289550781 0.0611190795898438
0.0517616271972656 -0.0147781372070313 0.67999267578125 -0.3572998046875
0.0274486541748047 -0.0339126586914063 0.27978515625 -0.9139404296875
-0.0144367218017578 -0.0052947998046875 -0.55267333984375 -0.62603759765625
-0.0232372283935547 0.0275173187255859 -0.64349365234375 0.0712280273437501
0.00226593017578125 0.0178394317626953 -0.350555419921875 0.360382080078125
0.010706901550293 -0.00200748443603516 0.00976562500000003 0.327392578125
-0.00727081298828125 0.00937843322753906 0.200302124023438 0.129470825195313
-0.0105600357055664 -0.00125408172607422 -0.16912841796875 -0.164077758789063
0.0194873809814453 -0.005096435546875 0.053985595703125 -0.33087158203125
0.0109462738037109 0.00857925415039063 0.379791259765625 -0.283172607421875
-0.0125331878662109 0.0346355438232422 0.66424560546875 0.09783935546875
-0.0145244598388672 0.0226726531982422 0.43328857421875 0.727294921875
0.00931549072265624 -0.0408515930175781 -0.25146484375 0.9146728515625
0.00942230224609375 0.00295543670654297 -0.60150146484375 0.42645263671875
0.0340442657470703 0.0268630981445313 0.0195579528808594 0.0609245300292969
0.0428047180175781 -0.0131034851074219 0.6766357421875 -0.36224365234375
0.0218467712402344 -0.0242366790771484 0.27392578125 -0.91656494140625
-0.0112581253051758 0.001983642578125 -0.55889892578125 -0.61712646484375
-0.0145797729492188 0.0288200378417969 -0.64349365234375 0.07879638671875
0.00796699523925781 0.0143232345581055 -0.35003662109375 0.362945556640625
0.0134420394897461 -0.00996971130371094 0.0133056640625 0.327972412109375
-0.00721931457519531 0.00549173355102539 0.203460693359375 0.132797241210938
-0.0123786926269531 -0.00597476959228516 -0.169677734375 -0.160079956054688
0.0262699127197266 -0.0106410980224609 0.05615234375 -0.330810546875
0.01617431640625 0.00293159484863281 0.379638671875 -0.28302001953125
-0.00655746459960938 0.0380821228027344 0.6658935546875 0.10302734375
-0.0117874145507813 0.0316829681396484 0.42828369140625 0.73345947265625
0.00616455078125 -0.0323276519775391 -0.25823974609375 0.91583251953125
0.00328969955444336 0.00615406036376953 -0.60296630859375 0.4208984375
0.0275478363037109 0.0259666442871094 0.024688720703125 0.0615272521972656
0.0369300842285156 -0.011962890625 0.68011474609375 -0.36474609375
0.0177783966064453 -0.0156421661376953 0.26898193359375 -0.91485595703125
-0.011627197265625 0.0129547119140625 -0.56182861328125 -0.61199951171875
-0.00800895690917969 0.0326271057128906 -0.639892578125 0.0805664062499999
0.0144386291503906 0.0107126235961914 -0.346832275390625 0.36517333984375
0.0188446044921875 -0.0170459747314453 0.013641357421875 0.32830810546875
-0.00699806213378906 0.00142431259155273 0.203140258789063 0.1319580078125
-0.0124855041503906 -0.0090188980102539 -0.172637939453125 -0.158096313476563
0.0292873382568359 -0.0180778503417969 0.05731201171875 -0.332000732421875
0.0227279663085938 0.00184249877929688 0.382843017578125 -0.28369140625
-0.0001983642578125 0.0427055358886719 0.66864013671875 0.1021728515625
-0.00922393798828125 0.0413551330566406 0.431396484375 0.73394775390625
0.00411415100097657 -0.0244941711425781 -0.25677490234375 0.9124755859375
-0.00147628784179687 0.00645971298217773 -0.59765625 0.42083740234375
0.0235309600830078 0.0241947174072266 0.0290412902832031 0.0619659423828125
0.0314254760742188 -0.0110855102539063 0.68182373046875 -0.36981201171875
0.014552116394043 -0.00776004791259766 0.26654052734375 -0.921630859375
-0.00689125061035156 0.0220775604248047 -0.56268310546875 -0.6153564453125
0.000476837158203123 0.0340843200683594 -0.6402587890625 0.0799560546875001
0.0203132629394531 0.00600624084472656 -0.34588623046875 0.36041259765625
0.0223903656005859 -0.0236988067626953 0.016021728515625 0.32513427734375
-0.00711154937744141 -0.00110673904418945 0.204833984375 0.132354736328125
-0.0179595947265625 0.0163211822509766 -0.180801391601563 -0.183670043945313
0.0186862945556641 0.010101318359375 0.040863037109375 -0.35009765625
0.00535774230957031 0.0130167007446289 0.380157470703125 -0.316131591796875
-0.0248680114746094 0.0287914276123047 0.67974853515625 0.0450439453125
-0.0207958221435547 0.00603485107421875 0.47259521484375 0.68267822265625
0.0175437927246094 -0.0605354309082031 -0.19464111328125 0.900634765625
0.0325679779052734 -0.00614166259765625 -0.56396484375 0.43365478515625
0.0587501525878906 0.028045654296875 0.0359458923339844 0.0633316040039063
0.0654296875 -0.0216140747070313 0.70306396484375 -0.3614501953125
0.0360260009765625 -0.0439720153808594 0.3094482421875 -0.9317626953125
-0.0152530670166016 -0.0179176330566406 -0.5302734375 -0.659912109375
-0.0277385711669922 0.0263347625732422 -0.63409423828125 0.0377807617187499
-0.00017547607421875 0.0181407928466797 -0.34722900390625 0.343841552734375
0.0106372833251953 0.00503158569335938 0.00433349609374999 0.311431884765625
-0.0141429901123047 0.0257854461669922 0.195831298828125 0.109664916992187
-0.0163145065307617 0.0127038955688477 -0.179244995117187 -0.179733276367188
0.0166988372802734 0.0134191513061523 0.03961181640625 -0.34619140625
0.000636100769042969 0.0146064758300781 0.3763427734375 -0.307281494140625
-0.027191162109375 0.0284023284912109 0.67303466796875 0.05133056640625
-0.0216922760009766 0.00388145446777344 0.46380615234375 0.68609619140625
0.0190467834472656 -0.0616798400878906 -0.20745849609375 0.89984130859375
0.0327892303466797 -0.00704002380371094 -0.5714111328125 0.4327392578125
0.0563926696777344 0.028961181640625 0.0293693542480469 0.0630607604980469
0.0669708251953125 -0.0225067138671875 0.69525146484375 -0.35479736328125
0.0359039306640625 -0.0471343994140625 0.30584716796875 -0.92303466796875
-0.0161304473876953 -0.0205554962158203 -0.5302734375 -0.6494140625
-0.0299034118652344 0.0247516632080078 -0.63519287109375 0.0446166992187499
-0.00410652160644531 0.0204391479492188 -0.34796142578125 0.347900390625
0.00837373733520508 0.00757694244384765 0.00726318359375001 0.3153076171875
-0.0153026580810547 0.0250129699707031 0.198104858398438 0.11614990234375
-0.0117387771606445 0.0127239227294922 -0.175262451171875 -0.17742919921875
0.0138921737670898 0.0106382369995117 0.0439453125 -0.342071533203125
0.00115203857421875 0.0160369873046875 0.376861572265625 -0.304107666015625
-0.0263957977294922 0.0280685424804688 0.67193603515625 0.06243896484375
-0.0219841003417969 0.00343513488769532 0.458984375 0.6961669921875
0.0197219848632812 -0.0609931945800781 -0.2099609375 0.90582275390625
0.0307102203369141 -0.00418663024902344 -0.57904052734375 0.43304443359375
0.0544471740722656 0.0297088623046875 0.0238037109375 0.0617713928222656
0.0636825561523438 -0.0199127197265625 0.68890380859375 -0.3583984375
0.0341415405273438 -0.0453033447265625 0.29449462890625 -0.9222412109375
-0.0161705017089844 -0.0216045379638672 -0.541015625 -0.64215087890625
-0.0299720764160156 0.0242252349853516 -0.6407470703125 0.0560302734375001
-0.004791259765625 0.0203208923339844 -0.349029541015625 0.354400634765625
0.00627708435058594 0.00633335113525391 0.00744628906250003 0.320098876953125
-0.0101184844970703 0.0209808349609375 0.1988525390625 0.118392944335938
-0.0117959976196289 0.00682640075683594 -0.175430297851563 -0.1700439453125
0.0155248641967773 0.00719738006591797 0.044403076171875 -0.33697509765625
0.00230026245117187 0.0151548385620117 0.374267578125 -0.29266357421875
-0.0238265991210938 0.0293521881103516 0.666748046875 0.0755615234375
-0.0200386047363281 0.00729751586914062 0.44915771484375 0.7059326171875
0.0168037414550781 -0.0563087463378906 -0.22705078125 0.90716552734375
0.0243129730224609 -0.00262069702148437 -0.58917236328125 0.42938232421875
0.0476837158203125 0.0296745300292969 0.0192794799804688 0.0625
0.0569038391113281 -0.0186042785644531 0.68255615234375 -0.35699462890625
0.0316619873046875 -0.0420265197753906 0.2882080078125 -0.91412353515625
-0.0159883499145508 -0.0164871215820313 -0.54461669921875 -0.6326904296875
-0.0264472961425781 0.0253181457519531 -0.64044189453125 0.0628051757812499
-0.00488471984863281 0.0177555084228516 -0.346954345703125 0.35693359375
0.00810098648071289 0.00312614440917969 0.01116943359375 0.32379150390625
-0.00948715209960938 0.0177955627441406 0.200973510742188 0.124984741210938
-0.00997257232666016 0.00223350524902344 -0.170379638671875 -0.167327880859375
0.0165300369262695 0.00164127349853516 0.048004150390625 -0.33416748046875
0.00575828552246094 0.0126991271972656 0.375396728515625 -0.291259765625
-0.0207862854003906 0.0312080383300781 0.6656494140625 0.0843505859375
-0.0179519653320313 0.0123882293701172 0.4427490234375 0.71624755859375
0.0133743286132812 -0.0488243103027344 -0.2322998046875 0.9102783203125
0.0179710388183594 0.00205802917480469 -0.59210205078125 0.43017578125
0.0398330688476563 0.0286788940429688 0.0178070068359375 0.0614738464355469
0.0499420166015625 -0.0136451721191406 0.67535400390625 -0.35870361328125
0.0272731781005859 -0.0326862335205078 0.275146484375 -0.9130859375
-0.0131502151489258 -0.00854206085205078 -0.5535888671875 -0.6187744140625
-0.0213413238525391 0.0280265808105469 -0.6405029296875 0.0727539062499999
0.0032196044921875 0.0169515609741211 -0.348968505859375 0.36346435546875
0.00925636291503906 -0.00373268127441406 0.011322021484375 0.328033447265625
-0.0062255859375 0.010594367980957 0.201644897460938 0.12725830078125
-0.00955867767333985 -0.00131607055664063 -0.171371459960938 -0.160354614257813
0.0198745727539063 -0.00493240356445313 0.05084228515625 -0.33050537109375
0.0105552673339844 0.0096435546875 0.373687744140625 -0.287628173828125
-0.0132179260253906 0.0345191955566406 0.6654052734375 0.0931396484375
-0.0153083801269531 0.0222244262695313 0.43927001953125 0.7213134765625
0.0110435485839844 -0.0390739440917969 -0.244140625 0.9132080078125
0.0119485855102539 0.00425338745117187 -0.5947265625 0.42791748046875
0.0335445404052734 0.0274600982666016 0.0196762084960938 0.0616455078125
0.043212890625 -0.0136222839355469 0.67333984375 -0.3629150390625
0.0227985382080078 -0.0247707366943359 0.26617431640625 -0.912353515625
-0.0125904083251953 0.00174999237060547 -0.560546875 -0.61236572265625
-0.0138626098632812 0.0298385620117187 -0.64080810546875 0.0801391601562499
0.00828266143798828 0.0139951705932617 -0.34564208984375 0.36492919921875
0.0130834579467773 -0.0105257034301758 0.016448974609375 0.329437255859375
-0.00649833679199219 0.00641155242919922 0.203323364257813 0.129348754882813
-0.0120925903320313 -0.00615119934082031 -0.172897338867187 -0.16070556640625
0.0257816314697266 -0.0110931396484375 0.051666259765625 -0.329864501953125
0.0174570083618164 0.00299644470214844 0.376953125 -0.283935546875
-0.00437545776367188 0.0388717651367187 0.6654052734375 0.0977783203125
-0.0115489959716797 0.03271484375 0.4324951171875 0.72589111328125
0.00639724731445312 -0.0325660705566406 -0.24920654296875 0.9139404296875
0.00381088256835938 0.00652647018432617 -0.59710693359375 0.42333984375
0.0277099609375 0.0260868072509766 0.0234603881835938 0.0593948364257813
0.0362968444824219 -0.0131111145019531 0.67559814453125 -0.36761474609375
0.0189666748046875 -0.0168647766113281 0.2646484375 -0.91278076171875
-0.00728416442871094 0.010615348815918 -0.56280517578125 -0.6065673828125
-0.00670242309570312 0.0324726104736328 -0.63818359375 0.0830078125
0.0142183303833008 0.00975894927978516 -0.34356689453125 0.3656005859375
0.0196437835693359 -0.0167312622070313 0.016326904296875 0.32635498046875
-0.00716876983642578 0.00249576568603516 0.206100463867188 0.131851196289062
-0.0128545761108398 -0.00710201263427734 -0.172927856445313 -0.157745361328125
0.0284538269042969 -0.0180168151855469 0.053985595703125 -0.3336181640625
0.0223369598388672 0.0013580322265625 0.37872314453125 -0.286712646484375
-0.000408172607421878 0.0430831909179688 0.6678466796875 0.0958251953125
-0.00851821899414062 0.0406570434570313 0.43682861328125 0.72564697265625
0.00433921813964843 -0.0262546539306641 -0.24957275390625 0.9117431640625
-0.00118684768676758 0.00765037536621094 -0.5943603515625 0.423583984375
0.0238246917724609 0.0239677429199219 0.0291328430175781 0.0611839294433594
0.0303611755371094 -0.0115165710449219 0.67803955078125 -0.3724365234375
0.0137062072753906 -0.00809097290039063 0.26318359375 -0.9178466796875
-0.00677490234375 0.0214405059814453 -0.56524658203125 -0.60919189453125
0.000511169433593751 0.0352745056152344 -0.63934326171875 0.08502197265625
0.0196075439453125 0.00677871704101563 -0.342681884765625 0.362335205078125
0.0219802856445312 -0.0235099792480469 0.017669677734375 0.325286865234375
-0.00687789916992187 -0.000729084014892578 0.205368041992188 0.131423950195313
-0.0170478820800781 0.0171270370483398 -0.181106567382813 -0.1822509765625
0.0184135437011719 0.00853729248046875 0.03887939453125 -0.349395751953125
0.00587177276611328 0.0124359130859375 0.376922607421875 -0.317901611328125
-0.0242671966552734 0.0298805236816406 0.6798095703125 0.03948974609375
-0.0199794769287109 0.00529861450195313 0.47711181640625 0.67498779296875
0.01934814453125 -0.0608253479003906 -0.18719482421875 0.89642333984375
0.0347328186035156 -0.00583267211914063 -0.56011962890625 0.43731689453125
0.0585098266601562 0.0281028747558594 0.0363960266113281 0.0632820129394531
0.0657539367675781 -0.0213851928710937 0.70013427734375 -0.36419677734375
0.0346031188964844 -0.0454368591308594 0.30615234375 -0.93170166015625
-0.0147914886474609 -0.0184211730957031 -0.5306396484375 -0.6549072265625
-0.0260581970214844 0.0245304107666016 -0.63336181640625 0.04217529296875
0.000402450561523439 0.0195579528808594 -0.343841552734375 0.344818115234375
0.0112218856811523 0.00626754760742188 0.00695800781249999 0.311004638671875
-0.0135173797607422 0.0259227752685547 0.1973876953125 0.109237670898438
-0.0154933929443359 0.0143222808837891 -0.180923461914063 -0.179763793945313
0.0165891647338867 0.0126590728759766 0.03692626953125 -0.346099853515625
0.00135421752929688 0.0150947570800781 0.37213134765625 -0.310150146484375
-0.0278263092041016 0.0288734436035156 0.672607421875 0.04638671875
-0.0198478698730469 0.00429344177246094 0.4691162109375 0.6796875
0.0190544128417969 -0.0633316040039063 -0.19903564453125 0.896484375
0.032379150390625 -0.00707626342773438 -0.56817626953125 0.43414306640625
0.0575447082519531 0.0300025939941406 0.0280265808105469 0.0627517700195313
0.0647392272949219 -0.0220756530761719 0.69268798828125 -0.356689453125
0.0360755920410156 -0.0489883422851562 0.3023681640625 -0.92138671875
-0.0152606964111328 -0.0210781097412109 -0.533935546875 -0.64288330078125
-0.0295543670654297 0.0233669281005859 -0.63397216796875 0.05035400390625
-0.00368881225585938 0.0202083587646484 -0.34332275390625 0.34832763671875
0.00802183151245117 0.00715970993041992 0.00949096679687498 0.31524658203125
-0.0142879486083984 0.0254421234130859 0.2008056640625 0.115463256835937
-0.0119123458862305 0.0133228302001953 -0.175247192382813 -0.1761474609375
0.0148305892944336 0.0107355117797852 0.040283203125 -0.341461181640625
0.00115394592285156 0.0165767669677734 0.37298583984375 -0.30615234375
-0.0262260437011719 0.0285625457763672 0.67034912109375 0.0587158203125
-0.0204410552978516 0.00264167785644532 0.46282958984375 0.6923828125
0.0192108154296875 -0.0625762939453125 -0.20281982421875 0.90447998046875
0.0304813385009766 -0.00528335571289063 -0.57489013671875 0.43572998046875
0.0556373596191406 0.0303688049316406 0.0228500366210938 0.0618057250976563
0.0623855590820313 -0.0199737548828125 0.6859130859375 -0.35919189453125
0.0344696044921875 -0.0465621948242188 0.28875732421875 -0.91986083984375
-0.0163364410400391 -0.0212669372558594 -0.54296875 -0.63592529296875
-0.0288276672363281 0.0228271484375 -0.6370849609375 0.0579833984375001
-0.00227928161621094 0.0206127166748047 -0.34576416015625 0.3558349609375
0.00656270980834961 0.00646066665649414 0.00973510742187497 0.320037841796875
-0.00888442993164063 0.021759033203125 0.1993408203125 0.118118286132813
-0.0117588043212891 0.00883865356445313 -0.174758911132813 -0.168411254882813
0.0163307189941406 0.00672721862792969 0.041046142578125 -0.337677001953125
0.00261592864990234 0.0141716003417969 0.37213134765625 -0.295623779296875
-0.0237026214599609 0.0304641723632812 0.6661376953125 0.0689697265625
-0.0194988250732422 0.00632667541503906 0.45281982421875 0.69879150390625
0.0168495178222656 -0.0569381713867188 -0.2188720703125 0.90521240234375
0.0252437591552734 -0.00148582458496094 -0.58319091796875 0.43212890625
0.0472793579101563 0.0294227600097656 0.0194053649902344 0.0607566833496094
0.0560302734375 -0.0185203552246094 0.6802978515625 -0.35797119140625
0.0312576293945313 -0.0422782897949219 0.2841796875 -0.91278076171875
-0.0152511596679688 -0.0158071517944336 -0.54620361328125 -0.62554931640625
-0.0250701904296875 0.0255241394042969 -0.638671875 0.0662231445312499
-0.00264739990234375 0.0197029113769531 -0.345306396484375 0.35821533203125
0.00750827789306641 0.00266075134277344 0.011932373046875 0.32342529296875
-0.00897026062011718 0.0187206268310547 0.201934814453125 0.1231689453125
-0.00991153717041016 0.00484180450439453 -0.17169189453125 -0.165115356445313
0.0167665481567383 0.0030670166015625 0.046051025390625 -0.333892822265625
0.00695514678955078 0.0126047134399414 0.37237548828125 -0.295562744140625
-0.0168952941894531 0.0312919616699219 0.6627197265625 0.07940673828125
-0.0156211853027344 0.013545036315918 0.4471435546875 0.70855712890625
0.0136909484863281 -0.0489501953125 -0.22650146484375 0.90716552734375
0.0188140869140625 0.00166702270507812 -0.58660888671875 0.43206787109375
0.0406990051269531 0.0280723571777344 0.0182723999023438 0.0618858337402344
0.0505905151367188 -0.0161781311035156 0.6722412109375 -0.36199951171875
0.0266838073730469 -0.0355720520019531 0.271240234375 -0.9100341796875
-0.0140542984008789 -0.00865554809570313 -0.55389404296875 -0.61505126953125
-0.0201911926269531 0.0268993377685547 -0.640380859375 0.07586669921875
0.00354385375976563 0.0164670944213867 -0.34674072265625 0.36492919921875
0.00959205627441406 -0.00464439392089844 0.015045166015625 0.32794189453125
-0.00642871856689453 0.0114917755126953 0.201980590820313 0.126083374023438
-0.0106058120727539 -0.000191688537597654 -0.172286987304688 -0.16204833984375
0.0206470489501953 -0.00455665588378906 0.046600341796875 -0.332061767578125
0.0103387832641602 0.00812149047851563 0.371826171875 -0.288238525390625
-0.0112571716308594 0.0353469848632813 0.6632080078125 0.08624267578125
-0.0136947631835938 0.0217075347900391 0.44232177734375 0.717041015625
0.0111541748046875 -0.0415496826171875 -0.2347412109375 0.91021728515625
0.0112752914428711 0.00401115417480469 -0.59136962890625 0.428466796875
0.0337543487548828 0.0287284851074219 0.0180244445800781 0.0616111755371094
0.0418777465820313 -0.0134048461914063 0.669677734375 -0.36474609375
0.0216884613037109 -0.0256881713867188 0.2628173828125 -0.90911865234375
-0.0116081237792969 0.0015411376953125 -0.561279296875 -0.607421875
-0.0129623413085937 0.02972412109375 -0.6383056640625 0.0844726562499999
0.00820159912109375 0.0143861770629883 -0.34375 0.36712646484375
0.0118236541748047 -0.0100250244140625 0.01812744140625 0.327667236328125
-0.00549650192260742 0.00674533843994141 0.203536987304688 0.12957763671875
-0.0120677947998047 -0.00568675994873047 -0.172561645507813 -0.158981323242188
0.0242347717285156 -0.0110454559326172 0.049163818359375 -0.330841064453125
0.0168819427490234 0.00471210479736328 0.3720703125 -0.287078857421875
-0.00571060180664062 0.0392799377441406 0.66375732421875 0.09307861328125
-0.00983238220214844 0.0302772521972656 0.4375 0.7203369140625
0.00786018371582031 -0.0330905914306641 -0.2435302734375 0.90838623046875
0.00566768646240234 0.00731992721557617 -0.59320068359375 0.4249267578125
0.0267486572265625 0.0264911651611328 0.0220603942871094 0.0617103576660156
0.0344371795654297 -0.0126495361328125 0.67218017578125 -0.368408203125
0.0182533264160156 -0.0159664154052734 0.2589111328125 -0.91217041015625
-0.00804805755615234 0.0122241973876953 -0.56378173828125 -0.6043701171875
-0.00708580017089843 0.0314807891845703 -0.63739013671875 0.0869750976562501
0.0143680572509766 0.00998783111572265 -0.3408203125 0.366180419921875
0.0171337127685547 -0.0174875259399414 0.018829345703125 0.326934814453125
-0.00596332550048828 0.00359249114990234 0.206268310546875 0.131195068359375
-0.0118980407714844 -0.00617313385009766 -0.173751831054688 -0.155548095703125
0.0299892425537109 -0.0175571441650391 0.050994873046875 -0.332061767578125
0.0227279663085938 0.00139045715332031 0.37530517578125 -0.288726806640625
0.000366210937500003 0.0427932739257812 0.6668701171875 0.09002685546875
-0.008636474609375 0.0399665832519531 0.4395751953125 0.72088623046875
0.00423431396484375 -0.0267333984375 -0.24212646484375 0.9114990234375
0.000299930572509765 0.0086970329284668 -0.590576171875 0.4239501953125
0.0240440368652344 0.0236091613769531 0.0272979736328125 0.0607376098632813
0.03033447265625 -0.0110187530517578 0.67327880859375 -0.373779296875
0.0143852233886719 -0.00894737243652344 0.25775146484375 -0.9173583984375
-0.00583076477050781 0.0208148956298828 -0.5650634765625 -0.60369873046875
0.00158309936523438 0.0344715118408203 -0.63800048828125 0.0880126953125001
0.0202102661132813 0.00599098205566406 -0.3399658203125 0.36279296875
0.0213527679443359 -0.0235614776611328 0.02069091796875 0.325164794921875
-0.00560474395751953 -0.000333309173583985 0.205352783203125 0.129898071289063
-0.0153255462646484 0.0179901123046875 -0.182098388671875 -0.182327270507812
0.0199337005615234 0.00852012634277344 0.035125732421875 -0.349517822265625
0.00557613372802734 0.0135517120361328 0.37445068359375 -0.32086181640625
-0.0230350494384766 0.0302848815917969 0.68145751953125 0.03448486328125
-0.0197963714599609 0.00469589233398437 0.4791259765625 0.6707763671875
0.018035888671875 -0.0626144409179688 -0.1834716796875 0.896240234375
0.0340728759765625 -0.00593185424804688 -0.556976318359375 0.436553955078125
0.0581855773925781 0.0290794372558594 0.0359344482421875 0.0644149780273437
0.0646896362304688 -0.0200767517089844 0.69879150390625 -0.36248779296875
0.034912109375 -0.0444183349609375 0.30157470703125 -0.9312744140625
-0.0133962631225586 -0.0174722671508789 -0.5340576171875 -0.6527099609375
-0.0257854461669922 0.0255374908447266 -0.63055419921875 0.0438842773437501
-0.000236511230468752 0.0195522308349609 -0.341949462890625 0.345916748046875
0.0111427307128906 0.00428295135498047 0.00888061523437503 0.311126708984375
-0.012786865234375 0.0274200439453125 0.1981201171875 0.108184814453125
-0.0145502090454102 0.0150527954101563 -0.18182373046875 -0.179550170898438
0.0167636871337891 0.0121641159057617 0.033935546875 -0.346099853515625
0.00144290924072266 0.0147027969360352 0.368255615234375 -0.312225341796875
-0.0262336730957031 0.0286865234375 0.6727294921875 0.0430908203125
-0.0202274322509766 0.00254058837890625 0.470947265625 0.6746826171875
0.0190086364746094 -0.0634727478027344 -0.19464111328125 0.8958740234375
0.0336589813232422 -0.00654411315917969 -0.564697265625 0.43560791015625
0.0581130981445312 0.0302810668945312 0.0289192199707031 0.0633811950683594
0.0645866394042969 -0.0201911926269531 0.6903076171875 -0.357177734375
0.0352210998535156 -0.0473518371582031 0.2999267578125 -0.92340087890625
-0.0150299072265625 -0.0216712951660156 -0.53448486328125 -0.64202880859375
-0.0281486511230469 0.0243663787841797 -0.6337890625 0.05047607421875
-0.00317955017089844 0.0202236175537109 -0.34320068359375 0.350494384765625
0.00825071334838867 0.00618457794189453 0.0103759765625 0.316070556640625
-0.0135555267333984 0.0268325805664063 0.201141357421875 0.11517333984375
-0.0114927291870117 0.0140018463134766 -0.1771240234375 -0.174835205078125
0.0152072906494141 0.00995922088623047 0.0380859375 -0.342041015625
0.00200557708740235 0.0154151916503906 0.370758056640625 -0.31005859375
-0.0253887176513672 0.0294017791748047 0.6702880859375 0.05303955078125
-0.020172119140625 0.0031280517578125 0.46612548828125 0.6876220703125
0.0186233520507813 -0.0628166198730469 -0.201904296875 0.90289306640625
0.0333499908447266 -0.00411605834960938 -0.5716552734375 0.43768310546875
0.0547409057617187 0.0307846069335937 0.0221138000488281 0.0627098083496094
0.0619583129882813 -0.0192718505859375 0.68304443359375 -0.36065673828125
0.0348968505859375 -0.0464668273925781 0.28704833984375 -0.9195556640625
-0.0160560607910156 -0.0215606689453125 -0.54522705078125 -0.633544921875
-0.0282955169677734 0.0246944427490234 -0.63604736328125 0.0618286132812499
-0.00359535217285156 0.0211772918701172 -0.345306396484375 0.35687255859375
0.00704097747802734 0.00540971755981445 0.010528564453125 0.321258544921875
-0.00807762145996094 0.0230331420898438 0.199935913085937 0.1177978515625
-0.0116024017333984 0.0102748870849609 -0.177352905273437 -0.169021606445313
0.0156536102294922 0.00680351257324219 0.037261962890625 -0.3382568359375
0.00107192993164063 0.0144529342651367 0.369110107421875 -0.29833984375
-0.0237655639648438 0.0308341979980469 0.66607666015625 0.0657958984375
-0.0175952911376953 0.00577354431152344 0.45684814453125 0.6943359375
0.0178413391113281 -0.0590744018554687 -0.21527099609375 0.903076171875
0.0258541107177734 -0.000410079956054688 -0.57720947265625 0.43359375
0.0467185974121094 0.0304031372070313 0.0185394287109375 0.0619087219238281
0.0565299987792969 -0.0179061889648438 0.67889404296875 -0.3592529296875
0.0289802551269531 -0.044097900390625 0.28009033203125 -0.91131591796875
-0.0141162872314453 -0.0164813995361328 -0.54779052734375 -0.62322998046875
-0.0250740051269531 0.0258884429931641 -0.63623046875 0.0694580078125
-0.00190162658691406 0.0185890197753906 -0.3438720703125 0.35888671875
0.00680017471313477 0.00275611877441406 0.01422119140625 0.324615478515625
-0.00980758666992188 0.0198993682861328 0.202896118164063 0.124359130859375
-0.00960636138916016 0.0042724609375 -0.172714233398438 -0.164443969726563
0.0165472030639648 0.0007476806640625 0.0430908203125 -0.335906982421875
0.00488185882568359 0.0122509002685547 0.370361328125 -0.295654296875
-0.0171222686767578 0.0342731475830078 0.66455078125 0.07452392578125
-0.0173368453979492 0.0124731063842773 0.450439453125 0.7037353515625
0.0146865844726563 -0.0509567260742188 -0.22161865234375 0.90777587890625
0.0195159912109375 0.00127029418945313 -0.5848388671875 0.43218994140625
0.0406227111816406 0.02874755859375 0.0164070129394531 0.0613861083984375
0.04931640625 -0.0147933959960938 0.67138671875 -0.3623046875
0.0270957946777344 -0.0345249176025391 0.267822265625 -0.91143798828125
-0.0134201049804687 -0.00879478454589844 -0.5587158203125 -0.61102294921875
-0.0200023651123047 0.0266914367675781 -0.63677978515625 0.0786132812499999
0.00262546539306641 0.0163488388061523 -0.343414306640625 0.367523193359375
0.00901603698730469 -0.00380897521972656 0.015716552734375 0.32720947265625
-0.00650596618652344 0.0127887725830078 0.204193115234375 0.126754760742188
-0.0103788375854492 -5.05447387695299E-05 -0.173599243164063 -0.159942626953125
0.0190887451171875 -0.00452804565429687 0.04400634765625 -0.333343505859375
0.0106306076049805 0.00827884674072266 0.369598388671875 -0.29168701171875
-0.011932373046875 0.0363426208496094 0.662841796875 0.08447265625
-0.0127983093261719 0.0211067199707031 0.4462890625 0.7108154296875
0.0111427307128906 -0.0443992614746094 -0.230712890625 0.9085693359375
0.0112237930297852 0.00457382202148438 -0.58685302734375 0.43115234375
0.0338935852050781 0.0279369354248047 0.018096923828125 0.0606193542480469
0.0412254333496094 -0.0139541625976563 0.66815185546875 -0.3675537109375
0.0208339691162109 -0.0254402160644531 0.26043701171875 -0.91009521484375
-0.0106468200683594 0.00067424774169922 -0.5625 -0.6031494140625
-0.01214599609375 0.0294761657714844 -0.63897705078125 0.0874023437500001
0.00780677795410156 0.0140790939331055 -0.3414306640625 0.368499755859375
0.0123834609985352 -0.00998210906982422 0.018341064453125 0.3272705078125
-0.00475740432739258 0.00863838195800781 0.20556640625 0.128707885742187
-0.0118646621704102 -0.00285434722900391 -0.172500610351563 -0.157012939453125
0.0239467620849609 -0.0112628936767578 0.046142578125 -0.332305908203125
0.0161972045898438 0.00514507293701172 0.371795654296875 -0.287872314453125
-0.00555801391601563 0.0395889282226563 0.6646728515625 0.08868408203125
-0.00897026062011719 0.0299129486083984 0.4422607421875 0.71636962890625
0.007232666015625 -0.0346565246582031 -0.23834228515625 0.9078369140625
0.00629281997680664 0.00660848617553711 -0.591064453125 0.4268798828125
0.0269641876220703 0.0267467498779297 0.0219841003417969 0.0612449645996094
0.0343303680419922 -0.0122604370117188 0.66900634765625 -0.3692626953125
0.0167655944824219 -0.0165252685546875 0.25799560546875 -0.910888671875
-0.00774192810058594 0.0117120742797852 -0.566162109375 -0.60015869140625
-0.00374221801757813 0.0321464538574219 -0.63555908203125 0.0872802734374999
0.0142555236816406 0.0109500885009766 -0.339874267578125 0.368133544921875
0.0184974670410156 -0.0166988372802734 0.021392822265625 0.3280029296875
-0.00475883483886719 0.00455713272094727 0.205947875976563 0.132431030273438
-0.0119514465332031 -0.00527858734130859 -0.173690795898438 -0.155685424804687
0.0284824371337891 -0.0174331665039063 0.048095703125 -0.333648681640625
0.02197265625 0.001220703125 0.37469482421875 -0.290191650390625
0.0014190673828125 0.0435028076171875 0.66741943359375 0.0848388671875
-0.00759506225585937 0.0390167236328125 0.4437255859375 0.71600341796875
0.00460243225097656 -0.0270977020263672 -0.237060546875 0.90887451171875
0.00116920471191406 0.00853490829467773 -0.58648681640625 0.42657470703125
0.0247344970703125 0.0253486633300781 0.0268745422363281 0.061004638671875
0.0299167633056641 -0.00958442687988281 0.6724853515625 -0.37432861328125
0.0136833190917969 -0.00921249389648438 0.25482177734375 -0.915771484375
-0.00575447082519531 0.0198020935058594 -0.56591796875 -0.600830078125
0.00146675109863282 0.0347423553466797 -0.635498046875 0.0893554687499999
0.0211677551269531 0.00567626953125 -0.3369140625 0.366851806640625
0.0212268829345703 -0.0242366790771484 0.02203369140625 0.32586669921875
-0.00511980056762695 0.00137805938720703 0.207229614257812 0.12945556640625
-0.0146102905273438 0.0184955596923828 -0.182281494140625 -0.182205200195313
0.0189189910888672 0.00936698913574219 0.032440185546875 -0.35137939453125
0.00694942474365235 0.0138387680053711 0.371917724609375 -0.3231201171875
-0.0220260620117188 0.0312786102294922 0.67730712890625 0.0299072265625
-0.0179634094238281 0.00555419921875 0.4827880859375 0.66705322265625
0.0184860229492187 -0.06463623046875 -0.17962646484375 0.89434814453125
0.0356063842773438 -0.00711822509765625 -0.5523681640625 0.439422607421875
0.0606422424316406 0.0284347534179688 0.0345306396484375 0.06390380859375
0.0644760131835937 -0.0213546752929687 0.6939697265625 -0.36395263671875
0.0349884033203125 -0.0467491149902344 0.300048828125 -0.9310302734375
-0.0139789581298828 -0.0184574127197266 -0.53515625 -0.64666748046875
-0.0240726470947266 0.0247669219970703 -0.63067626953125 0.04864501953125
8.77380371093733E-05 0.0190925598144531 -0.3411865234375 0.347381591796875
0.0098409652709961 0.00433540344238281 0.011199951171875 0.3133544921875
-0.01202392578125 0.0279617309570313 0.198379516601562 0.109405517578125
-0.014409065246582 0.0169801712036133 -0.183258056640625 -0.179916381835938
0.0173740386962891 0.0117816925048828 0.029693603515625 -0.34783935546875
0.00248432159423828 0.0162124633789063 0.36712646484375 -0.313995361328125
-0.0258960723876953 0.0295867919921875 0.6737060546875 0.04052734375
-0.0181179046630859 0.00257682800292969 0.47613525390625 0.670654296875
0.0196075439453125 -0.0654258728027344 -0.191162109375 0.89508056640625
0.0352096557617188 -0.0063323974609375 -0.5616455078125 0.43560791015625
0.0574607849121094 0.0309638977050781 0.0292930603027344 0.0647392272949219
0.0628623962402344 -0.0209541320800781 0.68951416015625 -0.35980224609375
0.0346145629882813 -0.0499038696289063 0.29510498046875 -0.9210205078125
-0.0149688720703125 -0.0208454132080078 -0.5361328125 -0.638916015625
-0.0285835266113281 0.0245494842529297 -0.63189697265625 0.0521240234375
-0.00190544128417969 0.0190505981445313 -0.33892822265625 0.351531982421875
0.0076756477355957 0.00524234771728516 0.012451171875 0.315643310546875
-0.0120220184326172 0.026092529296875 0.2017822265625 0.11676025390625
-0.0094461441040039 0.0146398544311523 -0.177413940429688 -0.17486572265625
0.015009880065918 0.0108728408813477 0.034210205078125 -0.343475341796875
0.00136470794677734 0.0166234970092773 0.37030029296875 -0.311981201171875
-0.0235424041748047 0.0298500061035156 0.671630859375 0.049560546875
-0.0201225280761719 0.00140571594238281 0.47021484375 0.68389892578125
0.0180549621582031 -0.0640411376953125 -0.19586181640625 0.90093994140625
0.0337181091308594 -0.00385475158691406 -0.567138671875 0.4390869140625
0.0555648803710938 0.0303993225097656 0.0218238830566406 0.0639533996582031
0.0606575012207031 -0.0202178955078125 0.68048095703125 -0.36260986328125
0.0331077575683594 -0.0484962463378906 0.28387451171875 -0.91937255859375
-0.0158042907714844 -0.0219326019287109 -0.54669189453125 -0.6295166015625
-0.0269584655761719 0.0236492156982422 -0.6370849609375 0.06402587890625
-0.00284576416015625 0.0199775695800781 -0.34234619140625 0.35723876953125
0.00629854202270508 0.0061640739440918 0.012451171875 0.3203125
-0.00846672058105469 0.0229663848876953 0.201400756835938 0.118576049804688
-0.0101613998413086 0.00991916656494141 -0.177474975585938 -0.1690673828125
0.0143976211547852 0.00745868682861328 0.036376953125 -0.339080810546875
0.00377655029296875 0.0162267684936523 0.36517333984375 -0.29833984375
-0.0222072601318359 0.0309715270996094 0.66668701171875 0.06231689453125
-0.0168132781982422 0.00504493713378906 0.4613037109375 0.69036865234375
0.0162162780761719 -0.0604171752929688 -0.20941162109375 0.90362548828125
0.0281600952148438 -0.00170707702636719 -0.578125 0.43438720703125
0.0472564697265625 0.0311431884765625 0.0189437866210938 0.0630760192871094
0.0556983947753906 -0.0160675048828125 0.67626953125 -0.3597412109375
0.0303688049316406 -0.0429916381835937 0.27520751953125 -0.9102783203125
-0.0156679153442383 -0.0166940689086914 -0.5516357421875 -0.61883544921875
-0.0234565734863281 0.0276927947998047 -0.634765625 0.0727539062499999
-0.000888824462890623 0.0203361511230469 -0.340118408203125 0.362030029296875
0.00707435607910156 0.00224590301513672 0.015472412109375 0.325439453125
-0.00812911987304688 0.0207347869873047 0.204269409179688 0.123184204101563
-0.00763654708862305 0.00459766387939453 -0.173110961914063 -0.165054321289062
0.0170278549194336 0.000340461730957031 0.0416259765625 -0.335540771484375
0.00600814819335938 0.0117216110229492 0.3663330078125 -0.29779052734375
-0.0178966522216797 0.034454345703125 0.664306640625 0.072509765625
-0.0157032012939453 0.0125293731689453 0.4556884765625 0.7010498046875
0.0145225524902344 -0.0527725219726563 -0.21612548828125 0.90521240234375
0.0199375152587891 0.00238418579101563 -0.58062744140625 0.43316650390625
0.04119873046875 0.0310134887695313 0.0175666809082031 0.0615730285644531
0.0473823547363281 -0.0141487121582031 0.6702880859375 -0.36309814453125
0.0265464782714844 -0.0362434387207031 0.264892578125 -0.9097900390625
-0.0122299194335937 -0.00964450836181641 -0.56036376953125 -0.60693359375
-0.0179882049560547 0.0266036987304687 -0.63787841796875 0.0814208984375001
0.00257968902587891 0.0155143737792969 -0.341339111328125 0.367034912109375
0.00994491577148438 -0.00338649749755859 0.015655517578125 0.3289794921875
-0.0054168701171875 0.0140857696533203 0.204086303710938 0.12823486328125
-0.00956344604492188 0.00106525421142578 -0.171981811523437 -0.159317016601563
0.0190258026123047 -0.00591087341308594 0.041259765625 -0.33367919921875
0.010624885559082 0.00913047790527344 0.3673095703125 -0.291961669921875
-0.00925827026367187 0.0366477966308594 0.6640625 0.07818603515625
-0.01287841796875 0.0192756652832031 0.44915771484375 0.70758056640625
0.0113601684570312 -0.0439605712890625 -0.22564697265625 0.90838623046875
0.0135736465454102 0.00487709045410156 -0.5860595703125 0.43048095703125
0.0340728759765625 0.029022216796875 0.0189018249511719 0.0621414184570313
0.0396957397460937 -0.0127449035644531 0.666259765625 -0.36895751953125
0.0198421478271484 -0.0272083282470703 0.2578125 -0.90936279296875
-0.0105867385864258 0.000917434692382815 -0.56524658203125 -0.60107421875
-0.0101299285888672 0.0294189453125 -0.63873291015625 0.0890502929687501
0.00893497467041016 0.0130529403686523 -0.33966064453125 0.369354248046875
0.0132408142089844 -0.0104446411132813 0.02203369140625 0.32916259765625
-0.0036001205444336 0.00882911682128906 0.206451416015625 0.129684448242188
-0.0106306076049805 -0.0024566650390625 -0.176605224609375 -0.15692138671875
0.0241336822509766 -0.0123062133789063 0.0447998046875 -0.333831787109375
0.0163259506225586 0.00635242462158203 0.36737060546875 -0.290191650390625
-0.00449752807617188 0.0393714904785156 0.66400146484375 0.0849609375
-0.0105819702148438 0.0293655395507813 0.4444580078125 0.7120361328125
0.0082855224609375 -0.0353469848632813 -0.233642578125 0.90545654296875
0.00650119781494141 0.00694513320922852 -0.5849609375 0.42822265625
0.0282058715820313 0.0276470184326172 0.0224761962890625 0.0622444152832031
0.0325851440429688 -0.00923538208007813 0.665771484375 -0.37042236328125
0.017247200012207 -0.0169296264648438 0.255126953125 -0.91070556640625
-0.0075836181640625 0.00881290435791016 -0.568359375 -0.59576416015625
-0.00261116027832032 0.0318965911865234 -0.63604736328125 0.0908203124999999
0.0138349533081055 0.00958919525146484 -0.338165283203125 0.367950439453125
0.0164632797241211 -0.0168342590332031 0.02471923828125 0.328125
-0.00501203536987305 0.00534963607788086 0.207122802734375 0.131011962890625
-0.0114774703979492 -0.00507450103759766 -0.17462158203125 -0.15570068359375
0.0286998748779297 -0.0171756744384766 0.045654296875 -0.33306884765625
0.0226955413818359 0.00173377990722656 0.371246337890625 -0.292633056640625
0.00276565551757812 0.0447654724121094 0.6683349609375 0.0819091796875
-0.00644302368164062 0.0381126403808594 0.44793701171875 0.71337890625
0.00424575805664063 -0.0288276672363281 -0.2322998046875 0.90765380859375
0.00284862518310547 0.0088043212890625 -0.5823974609375 0.42706298828125
0.0251197814941406 0.0258560180664062 0.026519775390625 0.0609626770019531
0.0285625457763672 -0.00999259948730469 0.67059326171875 -0.376708984375
0.0140085220336914 -0.00910186767578125 0.24993896484375 -0.9173583984375
-0.00592422485351562 0.0205478668212891 -0.56964111328125 -0.59783935546875
0.00328445434570313 0.0342273712158203 -0.63421630859375 0.0930786132812501
0.0201568603515625 0.00519943237304687 -0.33526611328125 0.36859130859375
0.0208873748779297 -0.023651123046875 0.024383544921875 0.325836181640625
-0.00475454330444336 0.00104808807373047 0.207199096679687 0.129989624023437
-0.0141716003417969 0.0189437866210938 -0.184234619140625 -0.181350708007813
0.0196933746337891 0.00935935974121094 0.029541015625 -0.35198974609375
0.00587558746337891 0.0119113922119141 0.369659423828125 -0.326202392578125
-0.0218467712402344 0.0307674407958984 0.67999267578125 0.02618408203125
-0.0191822052001953 0.00487136840820312 0.48675537109375 0.66375732421875
0.0182685852050781 -0.0640602111816406 -0.17657470703125 0.892822265625
0.0359992980957031 -0.00614166259765625 -0.5501708984375 0.4393310546875
0.0607872009277344 0.0291175842285156 0.0349807739257813 0.063201904296875
0.0633506774902344 -0.0209007263183594 0.69549560546875 -0.36505126953125
0.03424072265625 -0.0456809997558594 0.29595947265625 -0.93255615234375
-0.014129638671875 -0.0188446044921875 -0.5380859375 -0.64776611328125
-0.0231304168701172 0.0249710083007812 -0.63134765625 0.0486450195312499
-6.67572021484358E-05 0.0183029174804688 -0.341064453125 0.3497314453125
0.011866569519043 0.00461769104003906 0.010406494140625 0.3134765625
-0.00989532470703125 0.0289402008056641 0.1998291015625 0.109603881835938
-0.0139789581298828 0.0180435180664063 -0.18524169921875 -0.177047729492187
0.0172433853149414 0.0106210708618164 0.0279541015625 -0.34893798828125
0.00233745574951172 0.0157041549682617 0.36529541015625 -0.31658935546875
-0.0238456726074219 0.0307846069335938 0.67425537109375 0.0360107421875
-0.0179862976074219 0.00164413452148438 0.47821044921875 0.66705322265625
0.0188217163085937 -0.0670280456542969 -0.1888427734375 0.89453125
0.0357589721679688 -0.00506591796875 -0.55963134765625 0.43585205078125
0.0577545166015625 0.0309677124023438 0.0272636413574219 0.0640106201171875
0.0630950927734375 -0.0196723937988281 0.68792724609375 -0.3603515625
0.0352439880371094 -0.0485000610351563 0.292724609375 -0.919921875
-0.0150089263916016 -0.0203914642333984 -0.5379638671875 -0.63690185546875
-0.0243568420410156 0.024871826171875 -0.6312255859375 0.05426025390625
-0.00265312194824219 0.020843505859375 -0.339599609375 0.353851318359375
0.00788354873657227 0.00620460510253906 0.01483154296875 0.316009521484375
-0.0104808807373047 0.0282077789306641 0.202178955078125 0.114166259765625
-0.00968456268310547 0.0138931274414062 -0.179290771484375 -0.174758911132813
0.0144014358520508 0.00927257537841797 0.032257080078125 -0.344482421875
0.00208568572998047 0.0153160095214844 0.3668212890625 -0.312744140625
-0.0238742828369141 0.0304679870605469 0.67156982421875 0.04571533203125
-0.0182476043701172 0.000343322753906251 0.47314453125 0.67919921875
0.0177993774414062 -0.0660514831542969 -0.1920166015625 0.90008544921875
0.0348186492919922 -0.00426292419433594 -0.56549072265625 0.439697265625
0.0547561645507813 0.0311431884765625 0.0223884582519531 0.0625648498535156
0.0604324340820313 -0.0199546813964844 0.679931640625 -0.36248779296875
0.0331611633300781 -0.0482215881347656 0.28070068359375 -0.9207763671875
-0.0158863067626953 -0.0222396850585938 -0.54779052734375 -0.62890625
-0.0263614654541016 0.0240325927734375 -0.635009765625 0.0666503906250001
-0.0030517578125 0.0203571319580078 -0.340728759765625 0.3621826171875
0.0052952766418457 0.00531959533691406 0.014678955078125 0.32196044921875
-0.00684165954589844 0.0238742828369141 0.202621459960938 0.11895751953125
-0.0114421844482422 0.0123453140258789 -0.180404663085938 -0.168243408203125
0.0146570205688477 0.00622367858886719 0.03302001953125 -0.34002685546875
0.00211429595947266 0.0153093338012695 0.364959716796875 -0.303863525390625
-0.021820068359375 0.0309123992919922 0.665771484375 0.05926513671875
-0.0170230865478516 0.0041046142578125 0.464111328125 0.68939208984375
0.0177345275878906 -0.0619087219238281 -0.20660400390625 0.90283203125
0.0285396575927734 -3.814697265625E-05 -0.57354736328125 0.437744140625
0.0489006042480469 0.0322418212890625 0.0174369812011719 0.0627479553222656
0.0542030334472656 -0.0168647766113281 0.6741943359375 -0.3607177734375
0.030120849609375 -0.0427932739257812 0.2750244140625 -0.9095458984375
-0.015080451965332 -0.0173749923706055 -0.55035400390625 -0.61700439453125
-0.0225925445556641 0.025146484375 -0.63543701171875 0.0736694335937499
-0.00104522705078125 0.0196170806884766 -0.340423583984375 0.3648681640625
0.00739860534667969 0.00214052200317383 0.017852783203125 0.326507568359375
-0.00754928588867188 0.0222148895263672 0.20550537109375 0.123550415039063
-0.00758028030395508 0.00664186477661133 -0.172500610351562 -0.16522216796875
0.0164937973022461 0.00173187255859375 0.037841796875 -0.336944580078125
0.006561279296875 0.0120229721069336 0.366241455078125 -0.300445556640625
-0.0162334442138672 0.0337638854980469 0.66595458984375 0.06658935546875
-0.0154962539672852 0.0110235214233398 0.45977783203125 0.69781494140625
0.0149803161621094 -0.0540199279785156 -0.21173095703125 0.9052734375
0.0209732055664062 0.00283432006835937 -0.5772705078125 0.43316650390625
0.0412216186523437 0.03118896484375 0.0159378051757813 0.0620460510253906
0.0472908020019531 -0.0143814086914062 0.66815185546875 -0.365966796875
0.0244636535644531 -0.0364761352539063 0.2628173828125 -0.908935546875
-0.0133304595947266 -0.00906085968017578 -0.5594482421875 -0.60675048828125
-0.0176715850830078 0.0271167755126953 -0.63671875 0.0841674804687499
0.00227737426757813 0.016270637512207 -0.340057373046875 0.36968994140625
0.00951862335205078 -0.00316905975341797 0.018768310546875 0.32965087890625
-0.00373744964599609 0.0136241912841797 0.204849243164063 0.127578735351563
-0.00971412658691406 0.00157070159912109 -0.175186157226562 -0.158172607421875
0.0192031860351563 -0.00516700744628906 0.039703369140625 -0.334564208984375
0.0110654830932617 0.00887393951416016 0.3665771484375 -0.295257568359375
-0.00937652587890625 0.0358352661132813 0.66455078125 0.07525634765625
-0.011932373046875 0.0191764831542969 0.45367431640625 0.70452880859375
0.0103378295898437 -0.0455322265625 -0.22265625 0.906494140625
0.0145435333251953 0.00501251220703125 -0.58221435546875 0.433837890625
0.0359725952148438 0.0305519104003906 0.0168838500976563 0.0619468688964844
0.040740966796875 -0.0117645263671875 0.66650390625 -0.36773681640625
0.0204296112060547 -0.0261936187744141 0.25421142578125 -0.909912109375
-0.0106697082519531 0.000200271606445313 -0.565673828125 -0.59613037109375
-0.0087890625 0.0292549133300781 -0.63720703125 0.0918579101562499
0.00791549682617188 0.0132913589477539 -0.338409423828125 0.372589111328125
0.0128231048583984 -0.00899505615234375 0.023193359375 0.329925537109375
-0.00325965881347656 0.00996112823486328 0.208297729492188 0.129592895507813
-0.0105056762695313 -0.00200843811035156 -0.176528930664063 -0.157943725585938
0.0250110626220703 -0.0114879608154297 0.042633056640625 -0.334136962890625
0.0175447463989258 0.00420856475830078 0.36822509765625 -0.293182373046875
-0.00295257568359375 0.0403480529785156 0.66778564453125 0.08099365234375
-0.00904273986816406 0.0297985076904297 0.44915771484375 0.70892333984375
0.00820541381835937 -0.0368194580078125 -0.23004150390625 0.9085693359375
0.00860834121704102 0.005218505859375 -0.58502197265625 0.4285888671875
0.0269966125488281 0.0281543731689453 0.0214920043945312 0.0611801147460937
0.0340423583984375 -0.00965309143066406 0.6673583984375 -0.37213134765625
0.0155162811279297 -0.016657829284668 0.25177001953125 -0.91107177734375
-0.00846290588378906 0.0101518630981445 -0.5675048828125 -0.59283447265625
-0.0014495849609375 0.0316619873046875 -0.63299560546875 0.0946044921874999
0.0141277313232422 0.00961875915527344 -0.336151123046875 0.372222900390625
0.0182647705078125 -0.0170536041259766 0.025543212890625 0.330230712890625
-0.00393056869506836 0.00628519058227539 0.208328247070312 0.1307373046875
-0.0114469528198242 -0.00484371185302734 -0.175994873046875 -0.156448364257813
0.0283145904541016 -0.0190830230712891 0.043365478515625 -0.335235595703125
0.0227317810058594 0.00185203552246094 0.369293212890625 -0.29437255859375
0.00348281860351563 0.0443115234375 0.668212890625 0.07757568359375
-0.0071258544921875 0.0374526977539063 0.45233154296875 0.7078857421875
0.00351715087890625 -0.0301246643066406 -0.228271484375 0.9083251953125
0.00268363952636719 0.00792884826660156 -0.5787353515625 0.42730712890625
0.0252418518066406 0.0262317657470703 0.0267372131347656 0.0627899169921875
0.0283641815185547 -0.00913429260253906 0.6689453125 -0.3782958984375
0.0126676559448242 -0.0102176666259766 0.2491455078125 -0.9163818359375
-0.00487327575683593 0.0193004608154297 -0.5697021484375 -0.59417724609375
0.00450706481933594 0.0348320007324219 -0.6341552734375 0.0956420898437499
0.0212478637695313 0.00537109375 -0.33404541015625 0.3709716796875
0.0203952789306641 -0.0238552093505859 0.02587890625 0.326873779296875
-0.00415825843811035 0.0021514892578125 0.208541870117188 0.130477905273438
-0.0151100158691406 0.0201969146728516 -0.186447143554688 -0.181793212890625
0.0197334289550781 0.00864028930664063 0.02734375 -0.352996826171875
0.00552940368652344 0.012700080871582 0.367767333984375 -0.3287353515625
-0.0204257965087891 0.0314750671386719 0.680419921875 0.02313232421875
-0.0182590484619141 0.00307083129882813 0.48992919921875 0.66021728515625
0.0172615051269531 -0.0650901794433594 -0.17193603515625 0.8929443359375
0.0373992919921875 -0.00578689575195312 -0.549835205078125 0.44012451171875
0.0611915588378906 0.0304908752441406 0.0346603393554688 0.0650749206542969
0.0631599426269531 -0.0202484130859375 0.69342041015625 -0.36865234375
0.0337028503417969 -0.0460891723632812 0.2945556640625 -0.9339599609375
-0.0142307281494141 -0.0188369750976563 -0.54058837890625 -0.64373779296875
-0.0222301483154297 0.024688720703125 -0.6314697265625 0.0521240234374999
0.000467300415039063 0.018707275390625 -0.33929443359375 0.35284423828125
0.0109748840332031 0.00419235229492188 0.01324462890625 0.31475830078125
-0.0100669860839844 0.029266357421875 0.201690673828125 0.1097412109375
-0.014190673828125 0.0179080963134766 -0.185821533203125 -0.178436279296875
0.0169219970703125 0.0110864639282227 0.024993896484375 -0.350067138671875
0.00258731842041016 0.0157012939453125 0.363311767578125 -0.3204345703125
-0.0238113403320313 0.0316505432128906 0.67364501953125 0.0308837890625
-0.0182914733886719 2.28881835937464E-05 0.4844970703125 0.66510009765625
0.018341064453125 -0.0692710876464844 -0.18328857421875 0.89337158203125
0.0370597839355469 -0.00536727905273438 -0.55609130859375 0.439697265625
0.0583839416503906 0.0309906005859375 0.0266647338867188 0.0644760131835938
0.0617561340332031 -0.0197410583496094 0.68829345703125 -0.3623046875
0.0346603393554688 -0.0499534606933594 0.291015625 -0.92242431640625
-0.0142841339111328 -0.0226573944091797 -0.54071044921875 -0.63519287109375
-0.0261154174804687 0.0238494873046875 -0.63177490234375 0.0576171875000001
-0.00325965881347656 0.0210361480712891 -0.3377685546875 0.35491943359375
0.00917243957519531 0.00683498382568359 0.01629638671875 0.3187255859375
-0.0096893310546875 0.0289058685302734 0.203262329101563 0.116226196289063
-0.0088186264038086 0.0144586563110352 -0.179611206054688 -0.173782348632813
0.0142669677734375 0.00982189178466797 0.03021240234375 -0.345672607421875
0.00175189971923828 0.0165033340454102 0.365264892578125 -0.315521240234375
-0.0222034454345703 0.0298309326171875 0.6727294921875 0.042236328125
-0.0185184478759766 0.000816345214843754 0.47772216796875 0.677001953125
0.0181045532226562 -0.0670509338378906 -0.18817138671875 0.9002685546875
0.0348091125488281 -0.00373458862304688 -0.5633544921875 0.44158935546875
0.0553016662597656 0.0322608947753906 0.0215263366699219 0.0640029907226563
0.0603713989257813 -0.0188446044921875 0.6805419921875 -0.365234375
0.0329513549804688 -0.0479621887207031 0.279052734375 -0.92138671875
-0.0148906707763672 -0.0223140716552734 -0.5511474609375 -0.62628173828125
-0.0248584747314453 0.0234889984130859 -0.63555908203125 0.06768798828125
-0.00208091735839844 0.0204753875732422 -0.3406982421875 0.36431884765625
0.00586271286010742 0.0056157112121582 0.016510009765625 0.32391357421875
-0.00589752197265625 0.024505615234375 0.202728271484375 0.11895751953125
-0.00779914855957031 0.0110988616943359 -0.179092407226563 -0.168304443359375
0.015223503112793 0.0064544677734375 0.0318603515625 -0.3411865234375
0.0020284652709961 0.0152578353881836 0.36407470703125 -0.305877685546875
-0.0208320617675781 0.0335540771484375 0.66790771484375 0.05426025390625
-0.0159664154052734 0.00372314453125 0.46844482421875 0.68402099609375
0.0162849426269531 -0.0648841857910156 -0.20257568359375 0.90234375
0.0304718017578125 -0.000812530517578125 -0.57269287109375 0.43798828125
0.0503959655761719 0.0311927795410156 0.0174598693847656 0.0624885559082031
0.0528335571289063 -0.0174484252929688 0.67559814453125 -0.36114501953125
0.0294723510742187 -0.0439567565917969 0.2725830078125 -0.91326904296875
-0.0151166915893555 -0.0174465179443359 -0.55279541015625 -0.61749267578125
-0.0222892761230469 0.0264339447021484 -0.6363525390625 0.0780639648437499
-0.00147628784179687 0.0201606750488281 -0.3399658203125 0.3670654296875
0.00725841522216797 0.00183820724487305 0.02032470703125 0.3280029296875
-0.00588035583496094 0.0215244293212891 0.206085205078125 0.12347412109375
-0.00685977935791016 0.00548601150512695 -0.176223754882813 -0.164413452148437
0.016718864440918 -5.7220458984375E-06 0.03656005859375 -0.33770751953125
0.00654125213623047 0.0121212005615234 0.364288330078125 -0.30255126953125
-0.0168666839599609 0.0343208312988281 0.66754150390625 0.0631103515625
-0.0128726959228516 0.010441780090332 0.463623046875 0.69451904296875
0.0134696960449219 -0.0554695129394531 -0.20916748046875 0.9039306640625
0.0206127166748047 0.00196456909179688 -0.58001708984375 0.43829345703125
0.0423927307128906 0.0312995910644531 0.0173912048339844 0.0633735656738281
0.0472831726074219 -0.0139045715332031 0.66937255859375 -0.36669921875
0.0246620178222656 -0.0358428955078125 0.26025390625 -0.9122314453125
-0.0135393142700195 -0.010188102722168 -0.5616455078125 -0.6033935546875
-0.0156745910644531 0.0262584686279297 -0.6363525390625 0.087646484375
0.00293922424316406 0.0158271789550781 -0.340972900390625 0.37225341796875
0.00908946990966797 -0.00337696075439453 0.021759033203125 0.330413818359375
-0.00274467468261719 0.0137319564819336 0.206085205078125 0.12860107421875
-0.00970458984375 0.00280189514160156 -0.17486572265625 -0.159378051757812
0.0199947357177734 -0.00650787353515625 0.036346435546875 -0.334716796875
0.0109004974365234 0.00967979431152344 0.364776611328125 -0.29736328125
-0.00897979736328125 0.0370368957519531 0.66741943359375 0.0728759765625
-0.0119380950927734 0.0194644927978516 0.45758056640625 0.70074462890625
0.0101547241210938 -0.0464973449707031 -0.21966552734375 0.90753173828125
0.0160331726074219 0.00499439239501953 -0.58050537109375 0.434326171875
0.0358734130859375 0.0301742553710938 0.0181083679199219 0.0628814697265625
0.0400009155273438 -0.0125923156738281 0.66412353515625 -0.36962890625
0.0203456878662109 -0.0264015197753906 0.25091552734375 -0.91131591796875
-0.0108718872070312 -0.000217437744140626 -0.56988525390625 -0.59722900390625
-0.00924873352050782 0.0292606353759766 -0.63623046875 0.0958862304687499
0.0085906982421875 0.013789176940918 -0.337860107421875 0.374176025390625
0.0127372741699219 -0.0095977783203125 0.0252685546875 0.332244873046875
-0.00257968902587891 0.00983619689941406 0.208389282226563 0.130294799804688
-0.0100536346435547 -0.00172042846679687 -0.176620483398438 -0.157073974609375
0.023162841796875 -0.0125617980957031 0.03955078125 -0.33416748046875
0.0172805786132813 0.00399875640869141 0.366424560546875 -0.295074462890625
-0.00330352783203125 0.0408134460449219 0.66656494140625 0.07794189453125
-0.00926780700683594 0.0295276641845703 0.45318603515625 0.70623779296875
0.00716018676757812 -0.03887939453125 -0.22625732421875 0.9058837890625
0.00858497619628906 0.00710439682006836 -0.5826416015625 0.4296875
0.027191162109375 0.0294647216796875 0.0217247009277344 0.0618820190429688
0.0343742370605469 -0.0100612640380859 0.66632080078125 -0.37322998046875
0.0165300369262695 -0.0170764923095703 0.248779296875 -0.911376953125
-0.00761699676513672 0.0104770660400391 -0.57080078125 -0.59222412109375
-0.00194358825683594 0.0318527221679688 -0.63446044921875 0.09698486328125
0.0149383544921875 0.00830650329589844 -0.334991455078125 0.374267578125
0.0167436599731445 -0.0173749923706055 0.027313232421875 0.3306884765625
-0.00242090225219727 0.00672197341918945 0.210418701171875 0.131729125976562
-0.010319709777832 -0.00254154205322265 -0.177658081054687 -0.154647827148438
0.0283432006835937 -0.0175514221191406 0.04107666015625 -0.337249755859375
0.0232372283935547 0.00183486938476563 0.367218017578125 -0.29864501953125
0.00442886352539062 0.0440940856933594 0.6700439453125 0.0755615234375
-0.00537490844726563 0.0362014770507812 0.45751953125 0.70489501953125
0.00408554077148438 -0.0307559967041016 -0.224365234375 0.90850830078125
0.00362110137939453 0.00830221176147461 -0.57830810546875 0.43096923828125
0.0263328552246094 0.0266914367675781 0.0264854431152344 0.0620155334472656
0.0292873382568359 -0.00966644287109375 0.67010498046875 -0.38037109375
0.0126209259033203 -0.0101165771484375 0.24591064453125 -0.91693115234375
-0.00470924377441406 0.0196266174316406 -0.5732421875 -0.59149169921875
0.00543403625488281 0.0337772369384766 -0.63519287109375 0.097412109375
0.0213108062744141 0.00591087341308594 -0.333740234375 0.372772216796875
0.019927978515625 -0.0237407684326172 0.0279541015625 0.328857421875
-0.00192451477050781 0.00397634506225586 0.211013793945313 0.129226684570313
-0.0124664306640625 0.0210723876953125 -0.18780517578125 -0.180648803710937
0.0206069946289063 0.00844764709472656 0.024749755859375 -0.35540771484375
0.00627803802490234 0.0130472183227539 0.367156982421875 -0.33013916015625
-0.0202598571777344 0.0330944061279297 0.68255615234375 0.0181884765625
-0.0174636840820313 0.00314807891845703 0.49652099609375 0.6575927734375
0.017364501953125 -0.0666275024414063 -0.16845703125 0.896240234375
0.0383148193359375 -0.0058746337890625 -0.54718017578125 0.442962646484375
0.061370849609375 0.0306663513183594 0.0357208251953125 0.0651931762695313
0.0628738403320313 -0.0198516845703125 0.69561767578125 -0.37060546875
0.0345458984375 -0.0473098754882813 0.29180908203125 -0.93536376953125
-0.0144386291503906 -0.019378662109375 -0.5458984375 -0.64703369140625
-0.021087646484375 0.0253562927246094 -0.63348388671875 0.0541381835937499
0.00153732299804687 0.0179786682128906 -0.33758544921875 0.354095458984375
0.0118541717529297 0.00527763366699219 0.015533447265625 0.316375732421875
-0.00937843322753906 0.0297718048095703 0.203277587890625 0.11004638671875
-0.0130500793457031 0.0197277069091797 -0.18695068359375 -0.17742919921875
0.0182685852050781 0.0100841522216797 0.02203369140625 -0.350494384765625
0.000527381896972656 0.0166053771972656 0.361236572265625 -0.324249267578125
-0.0232315063476563 0.0324001312255859 0.6767578125 0.029052734375
-0.0181522369384766 -0.000490188598632814 0.48480224609375 0.66265869140625
0.0181655883789063 -0.0710601806640625 -0.1796875 0.89483642578125
0.0376319885253906 -0.00696182250976562 -0.554779052734375 0.442901611328125
0.0592155456542969 0.0316047668457031 0.0270957946777344 0.0655860900878906
0.0618209838867188 -0.0197982788085938 0.690185546875 -0.36370849609375
0.0331153869628906 -0.0498733520507813 0.2906494140625 -0.927001953125
-0.0142288208007812 -0.0227413177490234 -0.543701171875 -0.635009765625
-0.0256919860839844 0.0245132446289062 -0.63458251953125 0.0613403320312499
-0.00212478637695313 0.0189952850341797 -0.33856201171875 0.35906982421875
0.008148193359375 0.005706787109375 0.018218994140625 0.31988525390625
-0.00954627990722656 0.0290794372558594 0.204513549804688 0.116470336914063
-0.00828933715820313 0.0173978805541992 -0.182846069335938 -0.173690795898437
0.0147762298583984 0.00954627990722656 0.02703857421875 -0.3470458984375
0.000614166259765624 0.0172672271728516 0.36468505859375 -0.3189697265625
-0.022735595703125 0.0317611694335938 0.67413330078125 0.03948974609375
-0.0183506011962891 -0.0005340576171875 0.48333740234375 0.6744384765625
0.0181961059570313 -0.0682296752929688 -0.18511962890625 0.901611328125
0.03515625 -0.0052490234375 -0.5631103515625 0.44305419921875
0.0567512512207031 0.032135009765625 0.0211563110351563 0.0631370544433594
0.0590019226074219 -0.0181045532226563 0.67962646484375 -0.36712646484375
0.0326080322265625 -0.0488510131835938 0.277099609375 -0.92572021484375
-0.0160312652587891 -0.0226345062255859 -0.55487060546875 -0.6248779296875
-0.0251235961914063 0.0235214233398437 -0.637451171875 0.07135009765625
-0.0030670166015625 0.0216159820556641 -0.339385986328125 0.36590576171875
0.00691032409667969 0.00553083419799805 0.017578125 0.32598876953125
-0.00508499145507812 0.0245132446289063 0.2054443359375 0.118026733398438
-0.00732040405273438 0.0134000778198242 -0.181625366210938 -0.16943359375
0.0146236419677734 0.00713062286376953 0.027618408203125 -0.342254638671875
0.00145435333251953 0.0143089294433594 0.36175537109375 -0.309295654296875
-0.0201969146728516 0.0321006774902344 0.67047119140625 0.05157470703125
-0.0154886245727539 0.00326442718505859 0.47369384765625 0.6820068359375
0.0164756774902344 -0.0652008056640625 -0.1986083984375 0.902587890625
0.0292778015136719 -0.00054168701171875 -0.57098388671875 0.44091796875
0.0491065979003906 0.0324630737304688 0.0177536010742187 0.06353759765625
0.0540542602539063 -0.0164718627929688 0.67401123046875 -0.36370849609375
0.0289573669433594 -0.0438613891601563 0.2705078125 -0.91583251953125
-0.0154027938842773 -0.0173521041870117 -0.556640625 -0.61358642578125
-0.0213470458984375 0.0256481170654297 -0.63720703125 0.0798950195312501
-0.00213050842285156 0.0191402435302734 -0.339385986328125 0.36968994140625
0.00759458541870117 0.00208091735839844 0.022125244140625 0.32928466796875
-0.00510787963867188 0.0226039886474609 0.2081298828125 0.124557495117188
-0.00543642044067383 0.00735712051391601 -0.177703857421875 -0.165008544921875
0.0153493881225586 0.00161075592041016 0.0347900390625 -0.33917236328125
0.00658702850341797 0.012446403503418 0.363250732421875 -0.305908203125
-0.0156612396240234 0.0346698760986328 0.66851806640625 0.0606689453125
-0.014190673828125 0.00883865356445313 0.46722412109375 0.69281005859375
0.01251220703125 -0.0560722351074219 -0.20440673828125 0.9072265625
0.0227031707763672 0.00075531005859375 -0.57537841796875 0.43829345703125
0.0438385009765625 0.0321578979492188 0.0167236328125 0.0628395080566406
0.0466270446777344 -0.0149726867675781 0.66943359375 -0.36907958984375
0.0239181518554687 -0.0352706909179687 0.2562255859375 -0.91448974609375
-0.0120773315429687 -0.0102663040161133 -0.56744384765625 -0.6041259765625
-0.0157470703125 0.0267906188964844 -0.6383056640625 0.09051513671875
0.00351810455322265 0.0153579711914062 -0.337646484375 0.3743896484375
0.0101604461669922 -0.00285816192626953 0.024383544921875 0.334808349609375
-0.000330924987792968 0.0162410736083984 0.208755493164063 0.127914428710938
-0.00839757919311523 0.00403690338134766 -0.17718505859375 -0.16021728515625
0.0192985534667969 -0.00514602661132813 0.034912109375 -0.33740234375
0.0103778839111328 0.00841903686523438 0.36383056640625 -0.300689697265625
-0.00876235961914062 0.0381011962890625 0.6707763671875 0.06829833984375
-0.0100383758544922 0.0179805755615234 0.46319580078125 0.6988525390625
0.0099945068359375 -0.0483970642089844 -0.21490478515625 0.90911865234375
0.0161762237548828 0.00514411926269531 -0.57958984375 0.43548583984375
0.0351428985595703 0.0309371948242187 0.0175056457519531 0.0620346069335937
0.0395660400390625 -0.0126228332519531 0.6636962890625 -0.3714599609375
0.0205612182617188 -0.0267181396484375 0.25079345703125 -0.9144287109375
-0.0116920471191406 -0.000129699707031251 -0.572509765625 -0.595458984375
-0.0085601806640625 0.0296421051025391 -0.6385498046875 0.0974731445312499
0.00933361053466797 0.0130233764648438 -0.336334228515625 0.37689208984375
0.0116024017333984 -0.0105266571044922 0.02679443359375 0.334197998046875
-0.000254631042480469 0.0106821060180664 0.210250854492187 0.129974365234375
-0.0080409049987793 -0.00095844268798828 -0.178573608398437 -0.157943725585938
0.0251617431640625 -0.0122413635253906 0.036376953125 -0.337982177734375
0.0163383483886719 0.00412178039550781 0.36370849609375 -0.296966552734375
-0.000625610351562495 0.0423622131347656 0.66851806640625 0.0753173828125
-0.00786399841308594 0.0265579223632813 0.45904541015625 0.70489501953125
0.00801849365234375 -0.0389595031738281 -0.2208251953125 0.90753173828125
0.00930881500244141 0.00696563720703125 -0.5828857421875 0.43316650390625
0.0303955078125 0.0278491973876953 0.0209884643554688 0.0621910095214844
0.033355712890625 -0.00979042053222656 0.6673583984375 -0.37615966796875
0.0160808563232422 -0.0178699493408203 0.2474365234375 -0.9151611328125
-0.00675678253173828 0.00995159149169922 -0.5731201171875 -0.5914306640625
-0.000455856323242189 0.0311012268066406 -0.635498046875 0.09942626953125
0.0144157409667969 0.00938224792480468 -0.332489013671875 0.37701416015625
0.0168800354003906 -0.017730712890625 0.02850341796875 0.333221435546875
-0.000658035278320313 0.00778675079345703 0.211654663085938 0.130157470703125
-0.0102090835571289 -0.00281333923339844 -0.179290771484375 -0.156112670898438
0.0284233093261719 -0.0191974639892578 0.038238525390625 -0.33856201171875
0.0235157012939453 0.00226020812988281 0.36669921875 -0.299407958984375
0.00415420532226563 0.0453605651855469 0.67138671875 0.07177734375
-0.00516128540039063 0.0362129211425781 0.4608154296875 0.7044677734375
0.00371932983398437 -0.0325489044189453 -0.2220458984375 0.90838623046875
0.00498676300048828 0.00861978530883789 -0.57745361328125 0.43328857421875
0.0262165069580078 0.0267868041992188 0.0264549255371094 0.0633049011230469
0.028411865234375 -0.00848007202148438 0.6688232421875 -0.3809814453125
0.0125665664672852 -0.00957965850830078 0.24542236328125 -0.92156982421875
-0.00444412231445313 0.0193424224853516 -0.576416015625 -0.59222412109375
0.00561904907226562 0.0330410003662109 -0.63702392578125 0.10028076171875
0.0206623077392578 0.00565147399902344 -0.3328857421875 0.375091552734375
0.0215682983398437 -0.0237827301025391 0.02984619140625 0.33148193359375
-0.00171947479248047 0.00429153442382812 0.210830688476562 0.13055419921875
-0.0122909545898438 0.0225372314453125 -0.189468383789063 -0.181991577148438
0.0190696716308594 0.00762748718261719 0.021270751953125 -0.356475830078125
0.00591945648193359 0.0142898559570312 0.3660888671875 -0.334564208984375
-0.0195064544677734 0.0319805145263672 0.68426513671875 0.01446533203125
-0.0168743133544922 0.00307464599609375 0.50018310546875 0.65753173828125
0.0160942077636719 -0.0683784484863281 -0.1656494140625 0.89666748046875
0.0384635925292969 -0.0066375732421875 -0.546905517578125 0.445770263671875
0.0625419616699219 0.0313873291015625 0.0341987609863281 0.0651168823242188
0.0618705749511719 -0.01971435546875 0.69415283203125 -0.372802734375
0.0323982238769531 -0.04791259765625 0.29168701171875 -0.94091796875
-0.0151405334472656 -0.0193996429443359 -0.5478515625 -0.645751953125
-0.0215072631835938 0.0254344940185547 -0.63580322265625 0.0573730468750001
0.000585556030273439 0.0188713073730469 -0.339019775390625 0.35955810546875
0.0100870132446289 0.00400352478027344 0.017364501953125 0.319000244140625
-0.00811576843261719 0.0302791595458984 0.203887939453125 0.109527587890625
-0.0124588012695312 0.0208644866943359 -0.189483642578125 -0.178909301757813
0.0164279937744141 0.00948143005371094 0.019287109375 -0.353424072265625
0.00198459625244141 0.0153541564941406 0.3609619140625 -0.325408935546875
-0.0221424102783203 0.0319976806640625 0.6793212890625 0.02496337890625
-0.0176620483398437 -0.00204277038574219 0.492431640625 0.66064453125
0.0178375244140625 -0.071319580078125 -0.1767578125 0.897216796875
0.0374031066894531 -0.00708770751953125 -0.55487060546875 0.44384765625
0.0595283508300781 0.0328369140625 0.0265769958496094 0.0664710998535156
0.0643730163574219 -0.0207061767578125 0.68792724609375 -0.3670654296875
0.0336723327636719 -0.0512351989746094 0.28704833984375 -0.927734375
-0.0156955718994141 -0.0240764617919922 -0.54766845703125 -0.634033203125
-0.0250873565673828 0.0236549377441406 -0.6343994140625 0.0640869140625001
-0.00286865234375 0.0200862884521484 -0.337554931640625 0.3619384765625
0.00740575790405274 0.00648212432861328 0.018280029296875 0.322265625
-0.00936508178710937 0.0304794311523438 0.206527709960938 0.117431640625
-0.00736522674560547 0.0165338516235352 -0.184982299804687 -0.174636840820313
0.0140419006347656 0.00920009613037109 0.02471923828125 -0.34820556640625
0.00122737884521485 0.0165843963623047 0.363037109375 -0.322174072265625
-0.021270751953125 0.0314750671386719 0.67657470703125 0.03643798828125
-0.0171194076538086 -0.00193405151367188 0.488525390625 0.6729736328125
0.0172195434570312 -0.0704193115234375 -0.18170166015625 0.903076171875
0.0355415344238281 -0.00518798828125 -0.559539794921875 0.445648193359375
0.0575637817382813 0.0324172973632813 0.0216789245605469 0.0636711120605469
0.0604476928710937 -0.0176010131835938 0.6802978515625 -0.3695068359375
0.0309181213378906 -0.0492973327636719 0.27593994140625 -0.92901611328125
-0.0164394378662109 -0.0220184326171875 -0.55853271484375 -0.62371826171875
-0.0236110687255859 0.0243282318115234 -0.63885498046875 0.0748291015625
-0.0031890869140625 0.0203323364257813 -0.338134765625 0.36907958984375
0.00698995590209961 0.00505161285400391 0.021026611328125 0.32733154296875
-0.00417709350585938 0.0266647338867188 0.20697021484375 0.11907958984375
-0.00769710540771484 0.0135412216186523 -0.183929443359375 -0.169586181640625
0.0152177810668945 0.00466632843017578 0.025665283203125 -0.34429931640625
0.00274372100830078 0.0138425827026367 0.35992431640625 -0.312103271484375
-0.0198497772216797 0.0323276519775391 0.6724853515625 0.04730224609375
-0.0158042907714844 0.00174427032470703 0.47821044921875 0.6798095703125
0.01690673828125 -0.0669364929199219 -0.1976318359375 0.90533447265625
0.0306053161621094 -0.0007476806640625 -0.5728759765625 0.44427490234375
0.0512733459472656 0.0341682434082031 0.017120361328125 0.0642929077148438
0.0533103942871094 -0.0151100158691406 0.6734619140625 -0.3682861328125
0.0299186706542969 -0.0443954467773438 0.2696533203125 -0.92132568359375
-0.0141277313232422 -0.0187721252441406 -0.55999755859375 -0.6134033203125
-0.0204391479492188 0.0253543853759766 -0.6405029296875 0.0834350585937499
-0.00120353698730469 0.0196456909179687 -0.338897705078125 0.3729248046875
0.00654792785644531 0.00178670883178711 0.02313232421875 0.331787109375
-0.00321578979492188 0.0235576629638672 0.209320068359375 0.125396728515625
-0.00554180145263672 0.00791740417480469 -0.179244995117188 -0.164459228515625
0.0157680511474609 0.000383377075195313 0.030609130859375 -0.3408203125
0.00659656524658203 0.0110139846801758 0.361663818359375 -0.309417724609375
-0.0132389068603516 0.0340480804443359 0.6724853515625 0.05706787109375
-0.0149259567260742 0.00712871551513672 0.47412109375 0.69036865234375
0.0117759704589844 -0.0579185485839844 -0.202392578125 0.9078369140625
0.0243167877197266 0.00247955322265625 -0.57574462890625 0.4417724609375
0.0452995300292969 0.0326194763183594 0.0148391723632812 0.0630302429199219
0.0456619262695313 -0.0137367248535156 0.66961669921875 -0.37164306640625
0.0244789123535156 -0.0355148315429688 0.2581787109375 -0.9190673828125
-0.0120124816894531 -0.00844097137451172 -0.568359375 -0.60064697265625
-0.0149974822998047 0.0269069671630859 -0.6409912109375 0.0914916992187501
0.00427532196044922 0.0172891616821289 -0.33526611328125 0.37811279296875
0.00752115249633789 -0.00306463241577148 0.025115966796875 0.335693359375
-0.00112342834472656 0.0160760879516602 0.211746215820313 0.129470825195313
-0.00741386413574219 0.00351619720458984 -0.178482055664063 -0.16070556640625
0.0199508666992188 -0.00549507141113281 0.0335693359375 -0.33709716796875
0.0105409622192383 0.0101690292358398 0.3643798828125 -0.3035888671875
-0.0078125 0.0387687683105469 0.67218017578125 0.0655517578125
-0.0101289749145508 0.0170707702636719 0.46929931640625 0.6978759765625
0.0100669860839844 -0.0495262145996094 -0.21246337890625 0.91131591796875
0.0162134170532227 0.005401611328125 -0.580078125 0.440185546875
0.0368118286132812 0.031982421875 0.0162391662597656 0.0610504150390625
0.0396270751953125 -0.0117263793945313 0.66558837890625 -0.375
0.0202770233154297 -0.0272979736328125 0.24835205078125 -0.9171142578125
-0.00933074951171875 -0.000343322753906251 -0.576171875 -0.5948486328125
-0.00737380981445312 0.0291919708251953 -0.640380859375 0.0996704101562499
0.00808620452880859 0.0128269195556641 -0.335418701171875 0.38067626953125
0.0135822296142578 -0.00999546051025391 0.02899169921875 0.335479736328125
0.000328063964843749 0.0115118026733398 0.213287353515625 0.131134033203125
-0.00835895538330078 0.000624656677246093 -0.178802490234375 -0.158798217773438
0.0233840942382813 -0.0129432678222656 0.034149169921875 -0.3382568359375
0.0170307159423828 0.00451374053955078 0.364837646484375 -0.30255126953125
-0.000743865966796879 0.0429229736328125 0.67376708984375 0.068603515625
-0.00657272338867188 0.0260982513427734 0.4632568359375 0.701416015625
0.00630569458007813 -0.0422286987304687 -0.2178955078125 0.9088134765625
0.0120019912719727 0.00533771514892578 -0.58050537109375 0.4324951171875
0.0312480926513672 0.0290889739990234 0.0226173400878906 0.063507080078125
0.0328578948974609 -0.0101394653320312 0.66632080078125 -0.3768310546875
0.0161457061767578 -0.0195732116699219 0.244384765625 -0.9178466796875
-0.00685214996337891 0.00975704193115235 -0.57757568359375 -0.59130859375
-0.000150680541992186 0.0322818756103516 -0.63885498046875 0.103515625
0.0151395797729492 0.00816822052001953 -0.33294677734375 0.378997802734375
0.0156841278076172 -0.0178337097167969 0.031494140625 0.33563232421875
0.00154590606689453 0.00643539428710938 0.212432861328125 0.134017944335938
-0.010009765625 -0.000816345214843748 -0.180892944335938 -0.157012939453125
0.0284461975097656 -0.0194797515869141 0.036376953125 -0.34033203125
0.0236129760742188 0.0008544921875 0.367279052734375 -0.302642822265625
0.00652313232421875 0.0448379516601562 0.67584228515625 0.0673828125
-0.00384521484375 0.0342731475830078 0.4649658203125 0.7032470703125
0.00220489501953125 -0.033294677734375 -0.21722412109375 0.91094970703125
0.00550174713134766 0.00882339477539063 -0.578125 0.43499755859375
0.0274276733398438 0.0284633636474609 0.0270004272460938 0.0633659362792969
0.0277633666992188 -0.0078887939453125 0.67095947265625 -0.385009765625
0.0133838653564453 -0.0111865997314453 0.24383544921875 -0.92474365234375
-0.00460243225097656 0.0188560485839844 -0.57769775390625 -0.59112548828125
0.00720405578613281 0.0333671569824219 -0.63787841796875 0.10284423828125
0.0217609405517578 0.00445938110351563 -0.332427978515625 0.379791259765625
0.0191917419433594 -0.0248908996582031 0.032806396484375 0.33251953125
-5.26905059814451E-05 0.00409054756164551 0.213592529296875 0.12982177734375
-0.0126228332519531 0.0231914520263672 -0.191268920898438 -0.1822509765625
0.0206661224365234 0.00736236572265625 0.01953125 -0.358856201171875
0.00569057464599609 0.0133857727050781 0.3668212890625 -0.33697509765625
-0.0191726684570313 0.0328578948974609 0.68914794921875 0.012451171875
-0.0160541534423828 0.000350952148437498 0.50457763671875 0.65570068359375
0.0156021118164062 -0.0702896118164063 -0.16290283203125 0.8992919921875
0.0390205383300781 -0.00684738159179688 -0.545989990234375 0.4483642578125
0.0620651245117188 0.0319595336914063 0.0334434509277344 0.0666770935058594
0.0616073608398438 -0.0181159973144531 0.69549560546875 -0.376708984375
0.0329093933105469 -0.0476112365722656 0.2890625 -0.9447021484375
-0.0149517059326172 -0.0192298889160156 -0.55078125 -0.6451416015625
-0.0204944610595703 0.0257148742675781 -0.6383056640625 0.0612792968749999
0.00123977661132813 0.0181598663330078 -0.33880615234375 0.36248779296875
0.0108146667480469 0.00514793395996094 0.02044677734375 0.320770263671875
-0.006561279296875 0.0312271118164063 0.206085205078125 0.109848022460938
-0.0113182067871094 0.0208015441894531 -0.191452026367188 -0.17926025390625
0.0178909301757813 0.00904655456542969 0.016387939453125 -0.35504150390625
0.00189781188964844 0.0169010162353516 0.360015869140625 -0.32916259765625
-0.0202808380126953 0.0338325500488281 0.68304443359375 0.02081298828125
-0.0161600112915039 -0.00226497650146485 0.4976806640625 0.658447265625
0.0177078247070313 -0.0720443725585938 -0.1727294921875 0.89959716796875
0.0394859313964844 -0.00720596313476563 -0.55487060546875 0.446624755859375
0.06036376953125 0.0312843322753906 0.0261802673339844 0.0667495727539063
0.0618782043457031 -0.0192413330078125 0.69073486328125 -0.368896484375
0.0340156555175781 -0.0513916015625 0.2861328125 -0.93389892578125
-0.0138740539550781 -0.0235595703125 -0.5533447265625 -0.634521484375
-0.0236721038818359 0.0250740051269531 -0.6373291015625 0.0675048828125001
-0.00140571594238281 0.0191078186035156 -0.33740234375 0.3663330078125
0.00817680358886719 0.00608634948730469 0.0213623046875 0.324615478515625
-0.00794601440429687 0.0298671722412109 0.209136962890625 0.117599487304688
-0.00781345367431641 0.0165023803710938 -0.18701171875 -0.17633056640625
0.0150222778320313 0.00941658020019531 0.021942138671875 -0.350341796875
0.00217628479003906 0.0175952911376953 0.362335205078125 -0.32501220703125
-0.0210170745849609 0.0316505432128906 0.68157958984375 0.030517578125
-0.017913818359375 -0.00104713439941406 0.49298095703125 0.67059326171875
0.0176544189453125 -0.0715789794921875 -0.17626953125 0.90771484375
0.0368919372558594 -0.00433731079101563 -0.560516357421875 0.449462890625
0.0567741394042969 0.0351791381835937 0.0200843811035156 0.0658378601074219
0.0600051879882813 -0.0186386108398438 0.6829833984375 -0.37213134765625
0.0314292907714844 -0.0491867065429688 0.27325439453125 -0.93212890625
-0.0147552490234375 -0.0237617492675781 -0.5621337890625 -0.625
-0.0238246917724609 0.0244426727294922 -0.64276123046875 0.0769042968750001
-0.00250244140625 0.0203781127929688 -0.33917236328125 0.373870849609375
0.00667333602905273 0.0050206184387207 0.022125244140625 0.3299560546875
-0.00269889831542969 0.0262928009033203 0.209426879882813 0.1195068359375
-0.00857257843017578 0.0142450332641602 -0.185455322265625 -0.169036865234375
0.0149316787719727 0.00560569763183594 0.023590087890625 -0.34564208984375
0.00205898284912109 0.0161380767822266 0.361358642578125 -0.313507080078125
-0.0198841094970703 0.0338802337646484 0.67626953125 0.04425048828125
-0.0153474807739258 0.00287723541259765 0.4825439453125 0.679443359375
0.0147743225097656 -0.0675773620605469 -0.1934814453125 0.90966796875
0.0303573608398438 -0.00185775756835938 -0.5699462890625 0.4459228515625
0.0509147644042969 0.034332275390625 0.0173721313476563 0.0653419494628906
0.0536231994628906 -0.0158424377441406 0.6778564453125 -0.369873046875
0.0279273986816406 -0.0450401306152344 0.2685546875 -0.9241943359375
-0.0153579711914062 -0.0192089080810547 -0.56683349609375 -0.61407470703125
-0.0194282531738281 0.0250377655029297 -0.64154052734375 0.0860595703125
-0.000993728637695314 0.0189685821533203 -0.338531494140625 0.37646484375
0.00734567642211914 0.00179147720336914 0.02691650390625 0.333770751953125
-0.00304985046386719 0.022003173828125 0.211456298828125 0.124984741210938
-0.00443220138549805 0.00831842422485352 -0.181503295898438 -0.164794921875
0.0169296264648438 0.00113773345947266 0.027191162109375 -0.34344482421875
0.00653457641601562 0.0123624801635742 0.361785888671875 -0.312530517578125
-0.01397705078125 0.0353012084960938 0.6746826171875 0.05352783203125
-0.0128498077392578 0.0070638656616211 0.47821044921875 0.6885986328125
0.0116004943847656 -0.0591468811035156 -0.1990966796875 0.9111328125
0.0237178802490234 0.00135612487792969 -0.5758056640625 0.4439697265625
0.0452423095703125 0.0329856872558594 0.0155525207519531 0.0648231506347656
0.0475311279296875 -0.0134239196777344 0.67108154296875 -0.3746337890625
0.0256309509277344 -0.0371856689453125 0.25628662109375 -0.92266845703125
-0.0136289596557617 -0.0110940933227539 -0.5740966796875 -0.60186767578125
-0.0143203735351563 0.0262050628662109 -0.6439208984375 0.09588623046875
0.00342369079589844 0.0174808502197266 -0.335845947265625 0.38201904296875
0.00871944427490234 -0.00301218032836914 0.027618408203125 0.338531494140625
0.000341415405273439 0.0162773132324219 0.211669921875 0.129409790039063
-0.00589561462402344 0.00502729415893555 -0.180572509765625 -0.1610107421875
0.0186042785644531 -0.00720787048339844 0.028717041015625 -0.3411865234375
0.0100221633911133 0.00999546051025391 0.3623046875 -0.306427001953125
-0.00743865966796875 0.0378532409667969 0.676513671875 0.06256103515625
-0.00981712341308594 0.0174942016601562 0.4739990234375 0.6959228515625
0.0095367431640625 -0.0503005981445312 -0.207763671875 0.91424560546875
0.0183811187744141 0.00415420532226563 -0.58026123046875 0.44183349609375
0.0372352600097656 0.031829833984375 0.0171699523925781 0.06353759765625
0.040283203125 -0.0107307434082031 0.668212890625 -0.379638671875
0.0190849304199219 -0.0275154113769531 0.24609375 -0.92132568359375
-0.00913333892822266 -0.00123119354248047 -0.58099365234375 -0.5943603515625
-0.00675392150878906 0.0281143188476563 -0.6409912109375 0.1053466796875
0.0084218978881836 0.0137147903442383 -0.334991455078125 0.385528564453125
0.0127897262573242 -0.0108165740966797 0.0301513671875 0.33843994140625
0.001007080078125 0.0124807357788086 0.215438842773437 0.1314697265625
-0.00813102722167969 0.000431537628173828 -0.17889404296875 -0.158294677734375
0.0241584777832031 -0.0126209259033203 0.03228759765625 -0.341522216796875
0.017369270324707 0.00524997711181641 0.363037109375 -0.303802490234375
-0.000110626220703128 0.043304443359375 0.67578125 0.06805419921875
-0.00594139099121094 0.0258617401123047 0.46875 0.70172119140625
0.00570297241210937 -0.0427322387695313 -0.21636962890625 0.9122314453125
0.00963020324707031 0.00604629516601563 -0.5804443359375 0.438232421875
0.0305423736572266 0.0318450927734375 0.0216217041015625 0.0617599487304688
0.0329341888427734 -0.00942611694335938 0.6693115234375 -0.38177490234375
0.0148496627807617 -0.0170345306396484 0.24359130859375 -0.92218017578125
-0.00830364227294922 0.010960578918457 -0.5804443359375 -0.591064453125
0.000902175903320312 0.0313148498535156 -0.6412353515625 0.10504150390625
0.0140800476074219 0.00907611846923828 -0.333404541015625 0.3846435546875
0.0161914825439453 -0.0177574157714844 0.032958984375 0.33709716796875
0.00161886215209961 0.00866031646728515 0.216888427734375 0.133453369140625
-0.00843238830566406 -0.000520706176757814 -0.182281494140625 -0.155838012695313
0.0272674560546875 -0.0198097229003906 0.032470703125 -0.342620849609375
0.0233421325683594 0.001373291015625 0.365203857421875 -0.306976318359375
0.00685501098632812 0.0460433959960938 0.67950439453125 0.064453125
-0.00384521484375 0.0354385375976563 0.47027587890625 0.70086669921875
0.00217628479003906 -0.0345325469970703 -0.21612548828125 0.9136962890625
0.00582599639892578 0.00815439224243164 -0.57745361328125 0.43768310546875
0.0275726318359375 0.0273456573486328 0.0262718200683594 0.0630226135253906
0.0286617279052734 -0.00768852233886719 0.67236328125 -0.3876953125
0.01202392578125 -0.0107212066650391 0.2432861328125 -0.92828369140625
-0.00420379638671875 0.019256591796875 -0.58319091796875 -0.59014892578125
0.008453369140625 0.0321903228759766 -0.6395263671875 0.10760498046875
0.022308349609375 0.0059814453125 -0.331878662109375 0.382049560546875
0.0196437835693359 -0.0247421264648437 0.034332275390625 0.3358154296875
0.00128364562988281 0.00562906265258789 0.216796875 0.130905151367188
-0.0119647979736328 0.0236988067626953 -0.193572998046875 -0.182632446289062
0.0192184448242188 0.00681304931640625 0.014434814453125 -0.36138916015625
0.00583839416503906 0.0146846771240234 0.365478515625 -0.34002685546875
-0.0179977416992187 0.0334701538085938 0.69146728515625 0.0059814453125
-0.0169219970703125 0.00116729736328125 0.51263427734375 0.6531982421875
0.014892578125 -0.07073974609375 -0.1588134765625 0.90283203125
0.040130615234375 -0.00811767578125 -0.545745849609375 0.453857421875
0.0626602172851563 0.032684326171875 0.0346031188964844 0.0681114196777344
0.0619316101074219 -0.0195770263671875 0.69769287109375 -0.3802490234375
0.0335922241210938 -0.0489349365234375 0.2860107421875 -0.95068359375
-0.01397705078125 -0.0197715759277344 -0.55816650390625 -0.64349365234375
-0.0195407867431641 0.0242977142333984 -0.6407470703125 0.0653076171874999
0.00161933898925781 0.0188522338867188 -0.337493896484375 0.366241455078125
0.0110435485839844 0.00432300567626953 0.021820068359375 0.3238525390625
-0.00544166564941406 0.0313911437988281 0.208999633789063 0.109954833984375
-0.0106067657470703 0.0212879180908203 -0.194183349609375 -0.178558349609375
0.0170631408691406 0.0112218856811523 0.015411376953125 -0.357391357421875
0.00105190277099609 0.0163497924804688 0.358367919921875 -0.333648681640625
-0.0190544128417969 0.0338935852050781 0.68707275390625 0.0159912109375
-0.0164785385131836 -0.00106143951416016 0.5048828125 0.65771484375
0.0174560546875 -0.0743255615234375 -0.1700439453125 0.90374755859375
0.0392532348632813 -0.00785064697265625 -0.553131103515625 0.44940185546875
0.0605621337890625 0.0331001281738281 0.0274734497070312 0.0658149719238281
0.062347412109375 -0.0195045471191406 0.69207763671875 -0.37445068359375
0.0336647033691406 -0.0512275695800781 0.283203125 -0.93865966796875
-0.0158977508544922 -0.0228652954101563 -0.55828857421875 -0.63299560546875
-0.0221614837646484 0.0240936279296875 -0.639404296875 0.0700683593750001
-0.00261116027832031 0.019989013671875 -0.335693359375 0.37225341796875
0.00810956954956055 0.00553989410400391 0.024658203125 0.328338623046875
-0.00599288940429688 0.0310440063476563 0.2127685546875 0.117538452148438
-0.00669479370117188 0.0205593109130859 -0.187911987304688 -0.17572021484375
0.014164924621582 0.00866413116455078 0.018096923828125 -0.354461669921875
0.00168991088867188 0.0169839859008789 0.36065673828125 -0.32952880859375
-0.0204696655273438 0.0334186553955078 0.685546875 0.0269775390625
-0.0177001953125 -0.00275611877441406 0.5001220703125 0.66973876953125
0.015655517578125 -0.07305908203125 -0.17425537109375 0.9105224609375
0.0380058288574219 -0.0041351318359375 -0.56072998046875 0.452362060546875
0.0575714111328125 0.0346946716308594 0.0212440490722656 0.0663986206054687
0.0601615905761719 -0.0176467895507813 0.68402099609375 -0.37591552734375
0.0312347412109375 -0.0511436462402344 0.2734375 -0.9364013671875
-0.0158710479736328 -0.0231113433837891 -0.56866455078125 -0.624267578125
-0.0234794616699219 0.0244083404541016 -0.64385986328125 0.0819091796875001
-0.00285530090332031 0.0205783843994141 -0.33843994140625 0.378021240234375
0.00631952285766602 0.00543689727783203 0.02496337890625 0.333953857421875
-0.00143623352050781 0.02850341796875 0.210968017578125 0.11993408203125
-0.00697898864746094 0.0149784088134766 -0.186065673828125 -0.169784545898438
0.015167236328125 0.00642013549804688 0.01922607421875 -0.3489990234375
0.00190544128417969 0.0154199600219727 0.360382080078125 -0.317840576171875
-0.0174217224121094 0.0353317260742188 0.6800537109375 0.03900146484375
-0.0154581069946289 -0.000144958496093753 0.48980712890625 0.67803955078125
0.0134773254394531 -0.0691452026367188 -0.1876220703125 0.9127197265625
0.0309352874755859 -0.00153160095214844 -0.57080078125 0.4503173828125
0.0516242980957031 0.0346031188964844 0.0178031921386719 0.0647735595703125
0.0543136596679688 -0.0155220031738281 0.67919921875 -0.373779296875
0.0280914306640625 -0.0462799072265625 0.2650146484375 -0.92962646484375
-0.0152511596679688 -0.0187320709228516 -0.5723876953125 -0.6142578125
-0.0184822082519531 0.024322509765625 -0.643798828125 0.0897827148437501
-0.000343322753906251 0.0197010040283203 -0.336700439453125 0.379638671875
0.00586509704589844 0.00281572341918945 0.028228759765625 0.337158203125
-0.000652313232421875 0.0246715545654297 0.21429443359375 0.1253662109375
-0.00487709045410156 0.0103092193603516 -0.183380126953125 -0.16717529296875
0.0165348052978516 3.24249267578125E-05 0.024139404296875 -0.345428466796875
0.00593280792236328 0.012974739074707 0.3609619140625 -0.31634521484375
-0.0134429931640625 0.0358009338378906 0.67877197265625 0.04913330078125
-0.0129928588867187 0.00781822204589844 0.48480224609375 0.68914794921875
0.01080322265625 -0.0609512329101562 -0.19586181640625 0.91552734375
0.0241966247558594 0.00265121459960938 -0.57366943359375 0.44757080078125
0.0435791015625 0.0333595275878906 0.0159263610839844 0.0649642944335938
0.0479698181152344 -0.0126838684082031 0.67218017578125 -0.37957763671875
0.0238723754882813 -0.0368385314941406 0.25225830078125 -0.926025390625
-0.0131692886352539 -0.0116176605224609 -0.5804443359375 -0.6031494140625
-0.0140914916992187 0.0272312164306641 -0.64678955078125 0.0984497070312499
0.00340080261230469 0.0154838562011719 -0.33697509765625 0.385009765625
0.00866079330444336 -0.00492954254150391 0.0302734375 0.34088134765625
0.00108718872070313 0.0160655975341797 0.215744018554687 0.129119873046875
-0.00564098358154297 0.00553035736083984 -0.182662963867188 -0.161712646484375
0.0208339691162109 -0.00812339782714844 0.026885986328125 -0.343505859375
0.0120019912719727 0.00933265686035156 0.3614501953125 -0.3116455078125
-0.0049285888671875 0.0389213562011719 0.68023681640625 0.055419921875
-0.00988101959228516 0.0159578323364258 0.47979736328125 0.69525146484375
0.00710296630859375 -0.0522079467773438 -0.20477294921875 0.9168701171875
0.0185279846191406 0.00449562072753906 -0.57757568359375 0.446533203125
0.0375480651855469 0.0331268310546875 0.018310546875 0.0636558532714844
0.0401115417480469 -0.0103912353515625 0.6695556640625 -0.3836669921875
0.0197544097900391 -0.0286197662353516 0.24566650390625 -0.92755126953125
-0.0101327896118164 -0.000782966613769533 -0.58447265625 -0.59332275390625
-0.00629615783691406 0.0290775299072266 -0.64447021484375 0.1087646484375
0.0087738037109375 0.0130996704101563 -0.334075927734375 0.38922119140625
0.0124711990356445 -0.00979804992675781 0.0335693359375 0.342926025390625
0.00252914428710938 0.0130243301391602 0.217300415039063 0.1314697265625
-0.00729131698608398 0.00357484817504883 -0.1829833984375 -0.159988403320313
0.0235557556152344 -0.0138282775878906 0.02972412109375 -0.34222412109375
0.0166234970092773 0.00613307952880859 0.362884521484375 -0.307037353515625
0.000137329101562501 0.0431175231933594 0.678955078125 0.06451416015625
-0.00688743591308594 0.0257015228271484 0.4747314453125 0.69879150390625
0.00573348999023437 -0.0443038940429688 -0.21112060546875 0.91680908203125
0.0111789703369141 0.00724697113037109 -0.57965087890625 0.44183349609375
0.0306587219238281 0.0314655303955078 0.0214080810546875 0.0656585693359375
0.0334930419921875 -0.00842857360839844 0.67034912109375 -0.3853759765625
0.0153312683105469 -0.0193862915039063 0.24114990234375 -0.9273681640625
-0.00786113739013672 0.00966644287109375 -0.58819580078125 -0.589111328125
0.00217056274414062 0.0311183929443359 -0.6416015625 0.1104736328125
0.0149517059326172 0.00905990600585937 -0.333160400390625 0.388336181640625
0.0161247253417969 -0.01715087890625 0.0362548828125 0.34100341796875
0.000858783721923829 0.00693130493164063 0.220535278320312 0.1326904296875
-0.00802755355834961 0.00123739242553711 -0.18365478515625 -0.157470703125
0.0278301239013672 -0.0208473205566406 0.030181884765625 -0.344573974609375
0.0236148834228516 0.002685546875 0.36639404296875 -0.311065673828125
0.00778961181640625 0.0466156005859375 0.68231201171875 0.06134033203125
-0.00310325622558593 0.0340995788574219 0.47760009765625 0.7000732421875
0.00226593017578125 -0.0360794067382812 -0.21185302734375 0.9168701171875
0.00669670104980469 0.00879383087158203 -0.577392578125 0.44134521484375
0.0283031463623047 0.0295600891113281 0.0268173217773437 0.0637893676757813
0.0282745361328125 -0.00650978088378906 0.6737060546875 -0.39202880859375
0.0120630264282227 -0.0105733871459961 0.23651123046875 -0.93304443359375
-0.00402641296386719 0.0196037292480469 -0.5897216796875 -0.5892333984375
0.00907325744628907 0.0331439971923828 -0.64227294921875 0.111083984375
0.0221157073974609 0.00533294677734375 -0.331817626953125 0.38726806640625
0.0191593170166016 -0.0245094299316406 0.036651611328125 0.339019775390625
0.00226354598999023 0.00615262985229492 0.218490600585938 0.130508422851563
-0.0100479125976563 0.0254287719726562 -0.195648193359375 -0.183700561523438
0.0204715728759766 0.00892257690429688 0.01251220703125 -0.364959716796875
0.00542449951171875 0.0152168273925781 0.363128662109375 -0.343780517578125
-0.0172100067138672 0.0343837738037109 0.6951904296875 0.001220703125
-0.0168333053588867 -0.000506401062011717 0.5206298828125 0.65142822265625
0.014617919921875 -0.0725479125976562 -0.15399169921875 0.90625
0.0403366088867188 -0.0080413818359375 -0.546844482421875 0.4581298828125
0.063446044921875 0.0323333740234375 0.0337409973144531 0.0680809020996094
0.0632286071777344 -0.0192146301269531 0.70037841796875 -0.3858642578125
0.0316238403320313 -0.0482254028320313 0.28240966796875 -0.95703125
-0.0137767791748047 -0.0197200775146484 -0.56549072265625 -0.6436767578125
-0.0193405151367188 0.0247993469238281 -0.64300537109375 0.07000732421875
0.00120925903320312 0.0194244384765625 -0.33685302734375 0.37249755859375
0.0110082626342773 0.00369834899902344 0.024169921875 0.32794189453125
-0.0030670166015625 0.0319042205810547 0.210861206054687 0.11126708984375
-0.0118961334228516 0.022186279296875 -0.196441650390625 -0.179641723632813
0.0170459747314453 0.00981235504150391 0.011199951171875 -0.3603515625
0.00131797790527344 0.0155153274536133 0.358856201171875 -0.337371826171875
-0.0196189880371094 0.0336227416992188 0.692138671875 0.0106201171875
-0.0147733688354492 -0.00400066375732422 0.5106201171875 0.65570068359375
0.015533447265625 -0.0755462646484375 -0.1654052734375 0.9073486328125
0.0410385131835937 -0.0070648193359375 -0.5545654296875 0.45562744140625
0.0627326965332031 0.0328178405761719 0.0264053344726562 0.0678062438964844
0.0628738403320313 -0.0188331604003906 0.69281005859375 -0.3790283203125
0.0329322814941406 -0.0516471862792969 0.27886962890625 -0.94537353515625
-0.0147819519042969 -0.0244007110595703 -0.56488037109375 -0.6318359375
-0.0227184295654297 0.0241947174072266 -0.6435546875 0.07666015625
-0.0031890869140625 0.0204353332519531 -0.33575439453125 0.375823974609375
0.00806808471679688 0.00623464584350586 0.02691650390625 0.33038330078125
-0.0041046142578125 0.0326557159423828 0.214874267578125 0.117889404296875
-0.00663375854492188 0.0200691223144531 -0.191650390625 -0.176498413085937
0.0145883560180664 0.00924968719482422 0.015045166015625 -0.3572998046875
0.00152587890625 0.0164613723754883 0.35992431640625 -0.332733154296875
-0.0192775726318359 0.0327663421630859 0.689453125 0.02105712890625
-0.0163097381591797 -0.00280475616455078 0.5062255859375 0.667236328125
0.014739990234375 -0.0738601684570313 -0.1671142578125 0.91473388671875
0.0372886657714844 -0.00482940673828125 -0.560302734375 0.45672607421875
0.0589065551757812 0.0338172912597656 0.02203369140625 0.0660781860351563
0.0603599548339844 -0.0178451538085937 0.685791015625 -0.38287353515625
0.0311470031738281 -0.04998779296875 0.2674560546875 -0.94354248046875
-0.0156593322753906 -0.0237674713134766 -0.57562255859375 -0.62420654296875
-0.0216846466064453 0.0239849090576172 -0.64642333984375 0.0857543945312499
-0.00132369995117188 0.0202980041503906 -0.337005615234375 0.382415771484375
0.00579309463500976 0.0053858757019043 0.02886962890625 0.33685302734375
-0.000751495361328124 0.0269355773925781 0.215774536132813 0.120803833007812
-0.00571441650390625 0.0168027877807617 -0.189422607421875 -0.169586181640625
0.0157699584960938 0.00616455078125 0.015045166015625 -0.3526611328125
0.00139808654785156 0.0159921646118164 0.358856201171875 -0.323272705078125
-0.0162734985351563 0.0334339141845703 0.68426513671875 0.03448486328125
-0.014012336730957 0.00140094757080078 0.4970703125 0.67706298828125
0.01434326171875 -0.0710906982421875 -0.18408203125 0.9163818359375
0.0309638977050781 -0.00266075134277344 -0.5687255859375 0.45550537109375
0.0506858825683594 0.0342559814453125 0.0185127258300781 0.0664749145507812
0.0556411743164063 -0.0161552429199219 0.6805419921875 -0.37890625
0.0282020568847656 -0.0469551086425781 0.26123046875 -0.9368896484375
-0.0132904052734375 -0.01910400390625 -0.57794189453125 -0.61175537109375
-0.0177555084228516 0.0251045227050781 -0.64764404296875 0.09600830078125
-0.000686645507812501 0.0193939208984375 -0.337890625 0.386322021484375
0.00721597671508789 0.00194597244262695 0.031005859375 0.33917236328125
0.000301361083984377 0.0247421264648438 0.218185424804688 0.126174926757813
-0.00495243072509766 0.0110845565795898 -0.185470581054688 -0.166976928710937
0.0170879364013672 0.00106048583984375 0.021087646484375 -0.348876953125
0.00670909881591797 0.0137195587158203 0.35992431640625 -0.31878662109375
-0.0109405517578125 0.0365943908691406 0.68365478515625 0.044677734375
-0.0116987228393555 0.00610256195068359 0.49395751953125 0.6876220703125
0.0098114013671875 -0.0626754760742187 -0.1910400390625 0.9193115234375
0.025543212890625 0.00161170959472656 -0.5736083984375 0.453857421875
0.0448493957519531 0.0336837768554687 0.0158271789550781 0.0639762878417969
0.0468254089355469 -0.0128135681152344 0.6737060546875 -0.38336181640625
0.0238761901855469 -0.0375404357910156 0.24932861328125 -0.9344482421875
-0.0136709213256836 -0.0114603042602539 -0.58526611328125 -0.59967041015625
-0.0132617950439453 0.02703857421875 -0.64764404296875 0.1053466796875
0.00375652313232422 0.016209602355957 -0.336395263671875 0.391082763671875
0.00847339630126953 -0.00495243072509766 0.03436279296875 0.34375
0.00153350830078125 0.0178756713867188 0.218215942382813 0.1290283203125
-0.00589466094970703 0.00786209106445313 -0.184463500976563 -0.1611328125
0.0188236236572266 -0.00679206848144531 0.02386474609375 -0.3465576171875
0.0109615325927734 0.00934410095214844 0.360015869140625 -0.314788818359375
-0.00426101684570312 0.0398330688476563 0.68353271484375 0.05322265625
-0.00891780853271485 0.0158014297485352 0.48968505859375 0.6949462890625
0.00796127319335937 -0.0535774230957031 -0.2001953125 0.920654296875
0.0181694030761719 0.00363540649414063 -0.578857421875 0.45111083984375
0.0395278930664063 0.0320816040039063 0.017822265625 0.0652351379394531
0.0389556884765625 -0.0101776123046875 0.6702880859375 -0.38800048828125
0.0192451477050781 -0.0283870697021484 0.24041748046875 -0.93280029296875
-0.00952625274658203 -0.00151824951171875 -0.5931396484375 -0.59332275390625
-0.00508499145507813 0.0288639068603516 -0.64544677734375 0.11260986328125
0.00900459289550781 0.0130910873413086 -0.3338623046875 0.39422607421875
0.0115833282470703 -0.00990867614746094 0.03680419921875 0.344635009765625
0.00386714935302734 0.0126333236694336 0.220916748046875 0.132492065429688
-0.00761175155639648 0.00196123123168945 -0.185836791992187 -0.159194946289063
0.0236129760742187 -0.0139312744140625 0.025787353515625 -0.3448486328125
0.0171175003051758 0.00464630126953125 0.361968994140625 -0.311553955078125
0.0018463134765625 0.0428085327148438 0.6829833984375 0.057373046875
-0.00554847717285156 0.0252532958984375 0.4847412109375 0.69879150390625
0.00342941284179687 -0.0453720092773437 -0.2060546875 0.920166015625
0.0120601654052734 0.00704288482666016 -0.57891845703125 0.44622802734375
0.0315341949462891 0.0311355590820313 0.0225715637207031 0.0654830932617188
0.0334510803222656 -0.00865936279296875 0.67156982421875 -0.38922119140625
0.0157680511474609 -0.0186977386474609 0.2344970703125 -0.93206787109375
-0.00681209564208984 0.00980186462402344 -0.59381103515625 -0.58892822265625
0.00334358215332031 0.0309467315673828 -0.6448974609375 0.115478515625
0.0154781341552734 0.00927829742431641 -0.331329345703125 0.392730712890625
0.0157146453857422 -0.0176982879638672 0.039459228515625 0.343292236328125
0.00272274017333984 0.00800752639770508 0.22161865234375 0.132400512695312
-0.0076594352722168 0.00122261047363281 -0.18682861328125 -0.156845092773438
0.0286579132080078 -0.0206222534179688 0.02728271484375 -0.34735107421875
0.0238685607910156 0.0020294189453125 0.36444091796875 -0.3150634765625
0.00870895385742187 0.046173095703125 0.6884765625 0.0552978515625
-0.00310134887695313 0.0332393646240234 0.48553466796875 0.7003173828125
0.00196075439453125 -0.037078857421875 -0.20648193359375 0.92230224609375
0.00774192810058594 0.00902271270751953 -0.5767822265625 0.44659423828125
0.0293464660644531 0.0295639038085938 0.0273208618164063 0.0647087097167969
0.0292720794677734 -0.00600242614746094 0.672119140625 -0.39691162109375
0.0130338668823242 -0.0112209320068359 0.23577880859375 -0.9395751953125
-0.0032501220703125 0.0188083648681641 -0.59576416015625 -0.5894775390625
0.00963020324707031 0.0329971313476563 -0.64532470703125 0.115478515625
0.0214443206787109 0.005096435546875 -0.330718994140625 0.39306640625
0.01971435546875 -0.0252914428710938 0.0400390625 0.341552734375
0.00338983535766602 0.00549697875976563 0.221542358398438 0.13189697265625
-0.00908851623535156 0.0268707275390625 -0.199508666992187 -0.1846923828125
0.0203475952148437 0.00753402709960937 0.00711059570312501 -0.36676025390625
0.00658512115478516 0.0143957138061523 0.3614501953125 -0.35101318359375
-0.0168113708496094 0.0352210998535156 0.7015380859375 -0.0047607421875
-0.0152502059936523 -0.00118541717529297 0.52777099609375 0.64898681640625
0.0129623413085938 -0.0733566284179688 -0.14862060546875 0.91094970703125
0.0411262512207031 -0.00720977783203125 -0.54571533203125 0.46270751953125
0.0649948120117188 0.0321235656738281 0.03594970703125 0.0682792663574219
0.0632591247558594 -0.0191688537597656 0.6998291015625 -0.39019775390625
0.0323638916015625 -0.0500259399414063 0.27630615234375 -0.96307373046875
-0.0146274566650391 -0.0213909149169922 -0.57159423828125 -0.642578125
-0.0197563171386719 0.0251750946044922 -0.6466064453125 0.07574462890625
0.00272560119628906 0.018035888671875 -0.3360595703125 0.37713623046875
0.0113134384155273 0.00433254241943359 0.029449462890625 0.33050537109375
-0.00323867797851563 0.0333843231201172 0.21502685546875 0.110855102539062
-0.00977134704589844 0.0230083465576172 -0.198837280273437 -0.180099487304688
0.0179653167724609 0.00931549072265625 0.00537109375000002 -0.362701416015625
0.00050830841064453 0.0168991088867188 0.357269287109375 -0.342987060546875
-0.0180149078369141 0.0348796844482422 0.693603515625 0.00311279296875
-0.014185905456543 -0.00297260284423828 0.51983642578125 0.654052734375
0.0150985717773437 -0.078216552734375 -0.15948486328125 0.91131591796875
0.0419235229492188 -0.00871658325195313 -0.554290771484375 0.46136474609375
0.0631179809570313 0.0331153869628906 0.0276260375976563 0.0674400329589844
0.0624198913574219 -0.0196952819824219 0.693603515625 -0.3853759765625
0.0324440002441406 -0.0536384582519531 0.2738037109375 -0.95245361328125
-0.0154800415039063 -0.0246963500976563 -0.57159423828125 -0.63092041015625
-0.0212554931640625 0.0238590240478516 -0.6468505859375 0.0821533203125
-0.00323486328125 0.0199413299560547 -0.335479736328125 0.383056640625
0.00844478607177734 0.00443601608276367 0.0313720703125 0.334320068359375
-0.00276756286621094 0.0325489044189453 0.217391967773438 0.117538452148438
-0.0058441162109375 0.0224056243896484 -0.194915771484375 -0.175872802734375
0.0142145156860352 0.00754547119140625 0.01043701171875 -0.359832763671875
0.00121021270751953 0.0171089172363281 0.3604736328125 -0.337738037109375
-0.0198554992675781 0.0336837768554688 0.69281005859375 0.01507568359375
-0.0172119140625 -0.00431442260742188 0.5166015625 0.66510009765625
0.0126724243164062 -0.0760345458984375 -0.16290283203125 0.92095947265625
0.0395126342773438 -0.0043182373046875 -0.559295654296875 0.463348388671875
0.0602989196777344 0.0334663391113281 0.021453857421875 0.0659408569335938
0.0600471496582031 -0.0182533264160156 0.68682861328125 -0.38555908203125
0.0313072204589844 -0.0522842407226563 0.26080322265625 -0.95074462890625
-0.0148830413818359 -0.0245304107666016 -0.58135986328125 -0.62249755859375
-0.0225772857666016 0.0254173278808594 -0.6495361328125 0.0914916992187501
-0.00206565856933594 0.0206546783447266 -0.3370361328125 0.388427734375
0.00632238388061523 0.00508594512939453 0.03265380859375 0.3399658203125
0.000986099243164066 0.0281181335449219 0.2177734375 0.119796752929688
-0.00570392608642578 0.0167837142944336 -0.192611694335937 -0.170196533203125
0.015141487121582 0.00585460662841797 0.011810302734375 -0.35382080078125
0.0012969970703125 0.0163612365722656 0.358642578125 -0.32904052734375
-0.0160713195800781 0.0355491638183594 0.68817138671875 0.0289306640625
-0.0135421752929688 -0.00151729583740234 0.50579833984375 0.67413330078125
0.0143203735351563 -0.072113037109375 -0.1767578125 0.9202880859375
0.0324287414550781 -0.00202751159667969 -0.5694580078125 0.4573974609375
0.0529136657714844 0.03533935546875 0.018218994140625 0.0667991638183594
0.0546493530273438 -0.0152702331542969 0.6798095703125 -0.38629150390625
0.026214599609375 -0.0465774536132813 0.25732421875 -0.94287109375
-0.0135841369628906 -0.0196056365966797 -0.58453369140625 -0.6116943359375
-0.0179328918457031 0.0261821746826172 -0.650146484375 0.10272216796875
-0.000385284423828125 0.0185966491699219 -0.334564208984375 0.3927001953125
0.0074925422668457 0.00144433975219727 0.036041259765625 0.342529296875
-8.01086425781269E-05 0.0252971649169922 0.221725463867187 0.125457763671875
-0.003631591796875 0.0114850997924805 -0.18853759765625 -0.168624877929687
0.0180454254150391 -0.000429153442382813 0.017730712890625 -0.351287841796875
0.00430488586425781 0.0124588012695313 0.359466552734375 -0.3255615234375
-0.010833740234375 0.0356063842773438 0.6885986328125 0.03851318359375
-0.0133857727050781 0.00561618804931641 0.50146484375 0.6854248046875
0.00828170776367187 -0.0634231567382813 -0.18603515625 0.923828125
0.0258903503417969 0.00136947631835938 -0.5740966796875 0.45733642578125
0.047515869140625 0.032745361328125 0.0162429809570312 0.0653343200683594
0.0463485717773438 -0.0126457214355469 0.67364501953125 -0.38909912109375
0.0234107971191406 -0.0380706787109375 0.242431640625 -0.94122314453125
-0.0128965377807617 -0.0118322372436523 -0.59326171875 -0.59893798828125
-0.0132694244384766 0.0266361236572266 -0.65167236328125 0.11077880859375
0.00459766387939453 0.0159120559692383 -0.3350830078125 0.397247314453125
0.0104885101318359 -0.00353622436523438 0.038909912109375 0.34686279296875
0.00293731689453125 0.0182914733886719 0.220733642578125 0.129425048828125
-0.00533485412597656 0.0074315071105957 -0.189132690429688 -0.16107177734375
0.0184650421142578 -0.00596427917480469 0.019927978515625 -0.34857177734375
0.0123996734619141 0.00811004638671875 0.357666015625 -0.319244384765625
-0.00402069091796875 0.0403594970703125 0.68817138671875 0.045166015625
-0.00845718383789063 0.0141763687133789 0.496337890625 0.69512939453125
0.00611495971679687 -0.0552749633789063 -0.19482421875 0.92822265625
0.0191764831542969 0.00296592712402344 -0.57794189453125 0.457763671875
0.0397453308105469 0.0333518981933594 0.0174102783203125 0.0658683776855469
0.0400123596191406 -0.00902557373046875 0.67120361328125 -0.39410400390625
0.0189609527587891 -0.0294895172119141 0.23614501953125 -0.939208984375
-0.00965118408203125 -0.00207138061523438 -0.5994873046875 -0.59149169921875
-0.00453758239746094 0.0285625457763672 -0.65032958984375 0.12066650390625
0.00932693481445313 0.0130748748779297 -0.33056640625 0.400726318359375
0.0100641250610352 -0.0119152069091797 0.04180908203125 0.34759521484375
0.00401973724365234 0.0133085250854492 0.222579956054688 0.1314697265625
-0.00541162490844727 0.00404024124145508 -0.188949584960938 -0.159378051757812
0.0232219696044922 -0.0133819580078125 0.02130126953125 -0.348968505859375
0.0168876647949219 0.00498580932617188 0.3619384765625 -0.31622314453125
0.00274276733398437 0.0452423095703125 0.68780517578125 0.05047607421875
-0.00436210632324219 0.0231609344482422 0.4920654296875 0.696044921875
0.00273513793945312 -0.0467567443847656 -0.2000732421875 0.92462158203125
0.0119047164916992 0.00393104553222656 -0.578125 0.45062255859375
0.0328121185302734 0.0315055847167969 0.0227088928222656 0.0634689331054688
0.03240966796875 -0.00720977783203125 0.6724853515625 -0.39581298828125
0.0157604217529297 -0.0197792053222656 0.22998046875 -0.9388427734375
-0.00666522979736328 0.00919628143310547 -0.60015869140625 -0.585693359375
0.00160980224609375 0.0319976806640625 -0.6453857421875 0.1204833984375
0.0156688690185547 0.00826168060302734 -0.331756591796875 0.400482177734375
0.016448974609375 -0.0189170837402344 0.043914794921875 0.345977783203125
0.0022592544555664 0.00963401794433594 0.224716186523437 0.1329345703125
-0.00814723968505859 0.00225687026977539 -0.188613891601562 -0.158065795898438
0.0272731781005859 -0.0210609436035156 0.023162841796875 -0.34979248046875
0.0236091613769531 0.00231361389160156 0.3643798828125 -0.3179931640625
0.00988388061523437 0.0464668273925781 0.69189453125 0.048583984375
-0.00285720825195313 0.0328102111816406 0.49371337890625 0.69635009765625
0.00104141235351562 -0.0388374328613281 -0.19873046875 0.92681884765625
0.00844907760620117 0.00823497772216797 -0.57489013671875 0.45166015625
0.0294246673583984 0.0300426483154297 0.0271453857421875 0.0649795532226563
0.0289840698242188 -0.00668525695800781 0.6759033203125 -0.4033203125
0.0117664337158203 -0.010462760925293 0.2310791015625 -0.94647216796875
-0.00324821472167969 0.0178623199462891 -0.60040283203125 -0.5872802734375
0.0103855133056641 0.0323867797851563 -0.64727783203125 0.12298583984375
0.0207710266113281 0.00322341918945312 -0.329193115234375 0.398651123046875
0.0209236145019531 -0.0245513916015625 0.044891357421875 0.344512939453125
0.00407123565673828 0.00516271591186523 0.223968505859375 0.13055419921875
-0.00965690612792969 0.0264816284179688 -0.202392578125 -0.182327270507812
0.0201473236083984 0.007171630859375 0.001556396484375 -0.36944580078125
0.00590896606445312 0.0156526565551758 0.360015869140625 -0.35467529296875
-0.01470947265625 0.0345039367675781 0.7044677734375 -0.012451171875
-0.0150175094604492 -0.000898361206054687 0.53863525390625 0.6466064453125
0.0123825073242188 -0.0755691528320313 -0.1395263671875 0.91619873046875
0.0415687561035156 -0.00799560546875 -0.542694091796875 0.46807861328125
0.0666046142578125 0.0320205688476563 0.03509521484375 0.0684394836425781
0.0629768371582031 -0.0190582275390625 0.70086669921875 -0.39898681640625
0.0325546264648438 -0.0510520935058594 0.27099609375 -0.97003173828125
-0.0141468048095703 -0.0214462280273438 -0.58013916015625 -0.642822265625
-0.0170478820800781 0.0247573852539063 -0.65008544921875 0.0812377929687501
0.00261688232421875 0.0188426971435547 -0.332305908203125 0.382965087890625
0.0101051330566406 0.00456523895263672 0.032867431640625 0.33343505859375
-0.000970840454101562 0.0337543487548828 0.218460083007813 0.110458374023438
-0.00923538208007812 0.0234031677246094 -0.203964233398438 -0.179443359375
0.0172767639160156 0.00994682312011719 0.001129150390625 -0.36468505859375
0.00116920471191406 0.0180644989013672 0.356475830078125 -0.347259521484375
-0.0184383392333984 0.0349388122558594 0.69781494140625 -0.00360107421875
-0.015472412109375 -0.00480175018310547 0.52978515625 0.65216064453125
0.0140304565429687 -0.0780715942382813 -0.15032958984375 0.91729736328125
0.0416717529296875 -0.007904052734375 -0.552764892578125 0.46685791015625
0.0625801086425781 0.033111572265625 0.0286483764648438 0.0684471130371094
0.0620307922363281 -0.0201835632324219 0.69500732421875 -0.3922119140625
0.0325584411621094 -0.0530433654785156 0.26824951171875 -0.95819091796875
-0.0155067443847656 -0.0253791809082031 -0.57977294921875 -0.63018798828125
-0.0202732086181641 0.0244140625 -0.6490478515625 0.0874023437500001
-0.00247573852539063 0.0197906494140625 -0.33282470703125 0.387359619140625
0.00955486297607422 0.00597476959228516 0.036102294921875 0.3369140625
-0.00183677673339843 0.0334510803222656 0.2203369140625 0.117141723632813
-0.00452804565429688 0.0213890075683594 -0.197555541992188 -0.17779541015625
0.0140628814697266 0.00870895385742187 0.00521850585937503 -0.36138916015625
0.00168991088867188 0.0185298919677734 0.35772705078125 -0.343475341796875
-0.0178985595703125 0.0348320007324219 0.69769287109375 0.00848388671875
-0.0156650543212891 -0.00475311279296875 0.52496337890625 0.66156005859375
0.0122451782226563 -0.0766983032226563 -0.15582275390625 0.9232177734375
0.0401802062988281 -0.00611495971679687 -0.558837890625 0.470489501953125
0.0601730346679688 0.0342559814453125 0.0226402282714844 0.0671234130859375
0.0593795776367188 -0.0188331604003906 0.68695068359375 -0.3963623046875
0.0308494567871094 -0.0522689819335938 0.2554931640625 -0.95709228515625
-0.0149154663085938 -0.0246601104736328 -0.58978271484375 -0.62066650390625
-0.0210971832275391 0.0240497589111328 -0.65386962890625 0.09814453125
-0.00148391723632812 0.0210933685302734 -0.334014892578125 0.39630126953125
0.00648832321166992 0.00488471984863281 0.036529541015625 0.342529296875
0.00225639343261719 0.0294075012207031 0.220901489257812 0.1197509765625
-0.00557136535644531 0.0176677703857422 -0.196441650390625 -0.169937133789063
0.0158567428588867 0.00535488128662109 0.00753784179687501 -0.35626220703125
0.00191879272460938 0.0172548294067383 0.357666015625 -0.333984375
-0.0147819519042969 0.0361557006835938 0.69219970703125 0.02001953125
-0.0139303207397461 -0.000905036926269534 0.515869140625 0.673095703125
0.0105056762695312 -0.0734786987304688 -0.17218017578125 0.92718505859375
0.0332679748535156 -0.00405311584472656 -0.5667724609375 0.46685791015625
0.0538978576660156 0.0341720581054688 0.01776123046875 0.0675735473632812
0.0554466247558594 -0.0156211853027344 0.6824951171875 -0.39276123046875
0.02655029296875 -0.0472145080566406 0.25103759765625 -0.9501953125
-0.0153980255126953 -0.0193767547607422 -0.5931396484375 -0.6112060546875
-0.0170040130615234 0.025238037109375 -0.65216064453125 0.1068115234375
-0.000745773315429688 0.0185146331787109 -0.33331298828125 0.39935302734375
0.00735187530517578 0.00141525268554688 0.04095458984375 0.3463134765625
0.00301742553710937 0.0256099700927734 0.224441528320313 0.125228881835938
-0.00251007080078125 0.0129642486572266 -0.19122314453125 -0.166915893554687
0.0145692825317383 0.000956535339355469 0.01214599609375 -0.35174560546875
0.00650215148925781 0.0148468017578125 0.35797119140625 -0.3294677734375
-0.010101318359375 0.0382118225097656 0.69329833984375 0.0323486328125
-0.0115556716918945 0.00762557983398438 0.509765625 0.68194580078125
0.00866317749023438 -0.0650901794433594 -0.17462158203125 0.92919921875
0.0269184112548828 0.00017547607421875 -0.5731201171875 0.463134765625
0.048004150390625 0.0346755981445313 0.0168037414550781 0.0664405822753906
0.0475578308105469 -0.0131072998046875 0.67474365234375 -0.39703369140625
0.0230026245117187 -0.0387954711914063 0.2392578125 -0.9468994140625
-0.0115604400634766 -0.0119800567626953 -0.60137939453125 -0.5985107421875
-0.0114498138427734 0.0263557434082031 -0.652587890625 0.1190185546875
0.00430488586425781 0.0174379348754883 -0.332122802734375 0.406524658203125
0.00922584533691406 -0.0032196044921875 0.042327880859375 0.351043701171875
0.00431442260742188 0.0187206268310547 0.223312377929688 0.128082275390625
-0.00490617752075195 0.00804328918457031 -0.19073486328125 -0.162109375
0.0195140838623047 -0.00755119323730469 0.014251708984375 -0.35113525390625
0.0101490020751953 0.00985240936279297 0.359375 -0.32574462890625
-0.002166748046875 0.0405960083007813 0.692138671875 0.038330078125
-0.00722789764404297 0.0148200988769531 0.505859375 0.6915283203125
0.00549697875976562 -0.0569992065429688 -0.188232421875 0.931884765625
0.0176219940185547 0.004974365234375 -0.57598876953125 0.462158203125
0.0397186279296875 0.0335922241210938 0.0186653137207031 0.0660324096679688
0.0408706665039063 -0.0102005004882813 0.67193603515625 -0.40057373046875
0.0189781188964844 -0.0291843414306641 0.2294921875 -0.94708251953125
-0.009429931640625 -0.00133991241455078 -0.60650634765625 -0.59014892578125
-0.00485610961914062 0.0288734436035156 -0.65283203125 0.12579345703125
0.00870132446289063 0.0118083953857422 -0.33062744140625 0.4075927734375
0.0122346878051758 -0.0116281509399414 0.0465087890625 0.349365234375
0.00423049926757813 0.0136642456054688 0.227157592773438 0.1304931640625
-0.00591897964477539 0.00569820404052734 -0.191543579101563 -0.159759521484375
0.0240020751953125 -0.0154190063476563 0.0169677734375 -0.351226806640625
0.017913818359375 0.00639533996582031 0.3592529296875 -0.322357177734375
0.0037078857421875 0.042388916015625 0.69512939453125 0.04571533203125
-0.00395393371582031 0.022979736328125 0.4996337890625 0.69415283203125
0.002105712890625 -0.0474052429199219 -0.19598388671875 0.93206787109375
0.0131244659423828 0.0067901611328125 -0.57794189453125 0.45745849609375
0.0341091156005859 0.0314846038818359 0.0210151672363281 0.0650787353515625
0.0333995819091797 -0.00787162780761719 0.67333984375 -0.40679931640625
0.0142478942871094 -0.0196857452392578 0.22698974609375 -0.94696044921875
-0.00558757781982422 0.00892162322998047 -0.6090087890625 -0.58428955078125
0.00553321838378906 0.030120849609375 -0.6497802734375 0.1260986328125
0.0160045623779297 0.00893402099609375 -0.327850341796875 0.40582275390625
0.0152454376220703 -0.0188350677490234 0.04876708984375 0.34954833984375
0.00576257705688477 0.00851869583129883 0.227874755859375 0.132659912109375
-0.00660419464111328 0.00389289855957031 -0.19268798828125 -0.157913208007813
0.0272636413574219 -0.0205097198486328 0.017425537109375 -0.35150146484375
0.0234947204589844 0.00181770324707031 0.36328125 -0.324920654296875
0.0113296508789063 0.0467453002929687 0.69854736328125 0.04351806640625
-0.00182151794433594 0.0323925018310547 0.50421142578125 0.6951904296875
-0.000953674316406251 -0.0396270751953125 -0.19287109375 0.92962646484375
0.00913906097412109 0.00782680511474609 -0.57525634765625 0.4580078125
0.0307655334472656 0.0304374694824219 0.0270729064941406 0.0648269653320313
0.0287284851074219 -0.00632667541503906 0.67633056640625 -0.41094970703125
0.0125246047973633 -0.0119142532348633 0.22418212890625 -0.95086669921875
-0.00274085998535156 0.0182647705078125 -0.61016845703125 -0.5845947265625
0.0119647979736328 0.0321502685546875 -0.65020751953125 0.12890625
0.0224266052246094 0.00417709350585938 -0.327667236328125 0.40435791015625
0.0188140869140625 -0.0254917144775391 0.04937744140625 0.34759521484375
0.00524759292602539 0.00642585754394531 0.228607177734375 0.13067626953125
-0.00806999206542969 0.0277957916259766 -0.20697021484375 -0.18243408203125
0.0207710266113281 0.00651168823242187 -0.00308227539062498 -0.371856689453125
0.00486278533935547 0.0154752731323242 0.35955810546875 -0.36199951171875
-0.0145339965820313 0.0349178314208984 0.71002197265625 -0.0201416015625
-0.0156831741333008 -0.00174999237060547 0.54736328125 0.641357421875
0.0105209350585938 -0.077239990234375 -0.13336181640625 0.9228515625
0.0420303344726563 -0.00808334350585938 -0.541351318359375 0.4755859375
0.0662040710449219 0.0328636169433594 0.0356178283691406 0.0688705444335938
0.0629158020019531 -0.019378662109375 0.7012939453125 -0.40777587890625
0.0320053100585937 -0.0506591796875 0.2637939453125 -0.97552490234375
-0.0141639709472656 -0.0213088989257813 -0.59100341796875 -0.638427734375
-0.0173301696777344 0.0243663787841797 -0.65228271484375 0.08905029296875
0.00236701965332031 0.0188064575195313 -0.331878662109375 0.390380859375
0.0115385055541992 0.00375270843505859 0.038238525390625 0.33685302734375
0.00137901306152344 0.0343456268310547 0.221405029296875 0.109344482421875
-0.00820159912109375 0.0255661010742188 -0.20697021484375 -0.179962158203125
0.0173206329345703 0.00987148284912109 -0.00436401367187501 -0.36773681640625
0.000955581665039065 0.0179481506347656 0.3529052734375 -0.353057861328125
-0.0172767639160156 0.0348281860351563 0.7039794921875 -0.012939453125
-0.0164957046508789 -0.00524616241455078 0.5394287109375 0.6461181640625
0.0106048583984375 -0.0807037353515625 -0.142333984375 0.9215087890625
0.0418853759765625 -0.0088043212890625 -0.5499267578125 0.473419189453125
0.0655174255371094 0.0327987670898438 0.0287208557128906 0.0679779052734375
0.0634956359863281 -0.0207710266113281 0.69451904296875 -0.40057373046875
0.0316123962402344 -0.0551834106445313 0.26226806640625 -0.96783447265625
-0.0153846740722656 -0.0252304077148438 -0.59234619140625 -0.62982177734375
-0.0201854705810547 0.0240917205810547 -0.65142822265625 0.0947875976562499
-0.00100135803222656 0.0210361480712891 -0.33038330078125 0.394378662109375
0.00932121276855469 0.00597858428955078 0.040863037109375 0.340545654296875
-0.000967025756835941 0.0339775085449219 0.225067138671875 0.116363525390625
-0.0033111572265625 0.0230255126953125 -0.20062255859375 -0.177108764648437
0.0145998001098633 0.00823879241943359 -9.1552734374974E-05 -0.36346435546875
0.00146675109863281 0.0174293518066406 0.356689453125 -0.349609375
-0.0160408020019531 0.0342559814453125 0.7017822265625 -0.000427246093749998
-0.0162725448608398 -0.005401611328125 0.53369140625 0.6595458984375
0.0111007690429688 -0.0787353515625 -0.14697265625 0.92938232421875
0.0398025512695313 -0.00616836547851563 -0.55511474609375 0.47442626953125
0.0619964599609375 0.0338783264160156 0.0225791931152344 0.0672378540039063
0.060821533203125 -0.0189285278320313 0.68572998046875 -0.40362548828125
0.0295906066894531 -0.0523338317871094 0.24798583984375 -0.965576171875
-0.0151309967041016 -0.0248298645019531 -0.59942626953125 -0.6182861328125
-0.0183506011962891 0.0238933563232422 -0.65673828125 0.10498046875
-0.00181198120117187 0.0207576751708984 -0.33135986328125 0.402618408203125
0.00575780868530273 0.00564098358154297 0.0426025390625 0.345184326171875
0.00352859497070313 0.0280055999755859 0.223403930664063 0.119216918945313
-0.00424003601074219 0.0177688598632813 -0.19830322265625 -0.17059326171875
0.0164051055908203 0.00448226928710938 0.00140380859375003 -0.358917236328125
0.0016326904296875 0.01763916015625 0.35601806640625 -0.33770751953125
-0.0139083862304688 0.0364112854003906 0.697509765625 0.0128173828125
-0.0132465362548828 -0.00183773040771484 0.52325439453125 0.6693115234375
0.00924682617187499 -0.0743637084960938 -0.1636962890625 0.93048095703125
0.0335063934326172 -0.00318336486816406 -0.56524658203125 0.47357177734375
0.0554656982421875 0.0340957641601563 0.0187606811523437 0.067962646484375
0.055267333984375 -0.0160293579101563 0.680908203125 -0.40142822265625
0.0266952514648437 -0.048736572265625 0.243408203125 -0.95794677734375
-0.0150871276855469 -0.0209617614746094 -0.602783203125 -0.606201171875
-0.0164928436279297 0.0263710021972656 -0.65447998046875 0.114501953125
0.000663757324218748 0.0199604034423828 -0.32879638671875 0.405426025390625
0.00680398941040039 0.00254678726196289 0.0455322265625 0.34881591796875
0.00504302978515625 0.0243549346923828 0.228607177734375 0.124969482421875
-0.00218868255615234 0.0128660202026367 -0.194747924804688 -0.1673583984375
0.0145540237426758 -0.000298500061035156 0.00711059570312499 -0.3558349609375
0.00561809539794922 0.0147218704223633 0.354095458984375 -0.334808349609375
-0.008209228515625 0.0371780395507813 0.698486328125 0.0233154296875
-0.0115756988525391 0.00465774536132812 0.5201416015625 0.6788330078125
0.00775527954101562 -0.0652923583984375 -0.1685791015625 0.9356689453125
0.0284938812255859 0.000337600708007813 -0.56927490234375 0.47119140625
0.0480117797851563 0.0341835021972656 0.016754150390625 0.0665359497070313
0.0476608276367187 -0.0130043029785156 0.67474365234375 -0.40447998046875
0.0226249694824219 -0.0393218994140625 0.2308349609375 -0.95294189453125
-0.0136594772338867 -0.0115079879760742 -0.60943603515625 -0.5950927734375
-0.0102367401123047 0.025909423828125 -0.65484619140625 0.12506103515625
0.00329017639160156 0.0172691345214844 -0.329132080078125 0.412261962890625
0.00826787948608399 -0.00375461578369141 0.048004150390625 0.352142333984375
0.00783157348632813 0.0190200805664063 0.229217529296875 0.127914428710938
-0.00335693359375 0.00893688201904297 -0.194305419921875 -0.162094116210937
0.0179920196533203 -0.00808143615722656 0.00991821289062497 -0.354736328125
0.0120477676391602 0.010406494140625 0.356475830078125 -0.32958984375
-0.001312255859375 0.0407562255859375 0.69781494140625 0.03076171875
-0.00716304779052734 0.013941764831543 0.515380859375 0.68792724609375
0.00362777709960937 -0.057525634765625 -0.1787109375 0.93768310546875
0.0199851989746094 0.00296211242675781 -0.57275390625 0.4674072265625
0.0408744812011719 0.0345535278320313 0.0188980102539062 0.0657997131347656
0.0404739379882812 -0.0101966857910156 0.6715087890625 -0.40869140625
0.0187397003173828 -0.0290317535400391 0.22271728515625 -0.952880859375
-0.00807046890258789 -0.00206422805786133 -0.61529541015625 -0.5865478515625
-0.00379753112792969 0.0293369293212891 -0.65496826171875 0.13330078125
0.00908374786376953 0.0132617950439453 -0.327117919921875 0.41351318359375
0.0108222961425781 -0.0113019943237305 0.05096435546875 0.35296630859375
0.00718402862548828 0.013890266418457 0.22998046875 0.129974365234375
-0.00471258163452148 0.00512027740478516 -0.195571899414063 -0.159408569335937
0.0231590270996094 -0.0143241882324219 0.01324462890625 -0.35308837890625
0.0171594619750977 0.00454616546630859 0.3577880859375 -0.326263427734375
0.00545120239257812 0.0435638427734375 0.69989013671875 0.03533935546875
-0.00579452514648437 0.02337646484375 0.5118408203125 0.69073486328125
0.00135040283203125 -0.0483589172363281 -0.18609619140625 0.9359130859375
0.0131540298461914 0.00539398193359375 -0.57537841796875 0.46380615234375
0.0331268310546875 0.0312042236328125 0.0232124328613281 0.0652427673339844
0.0341815948486328 -0.00910377502441406 0.67205810546875 -0.41217041015625
0.0154933929443359 -0.0207443237304688 0.21929931640625 -0.95355224609375
-0.00606155395507812 0.00803422927856445 -0.61907958984375 -0.58154296875
0.00646400451660157 0.0308132171630859 -0.6522216796875 0.1361083984375
0.0145187377929688 0.00787448883056641 -0.324951171875 0.412689208984375
0.015228271484375 -0.0185031890869141 0.05389404296875 0.351806640625
0.00539493560791016 0.00942420959472656 0.231704711914063 0.131210327148438
-0.0058903694152832 0.00354290008544922 -0.195480346679687 -0.157257080078125
0.0273628234863281 -0.0218315124511719 0.013702392578125 -0.3546142578125
0.0225200653076172 0.00159645080566406 0.361053466796875 -0.3310546875
0.0129203796386719 0.0467185974121094 0.70245361328125 0.03302001953125
-0.00127601623535156 0.0312919616699219 0.513427734375 0.69134521484375
-0.0026702880859375 -0.0399627685546875 -0.185302734375 0.937255859375
0.00945186614990234 0.00721645355224609 -0.57110595703125 0.46417236328125
0.0310878753662109 0.0299396514892578 0.0286941528320313 0.0645408630371094
0.0292091369628906 -0.00669288635253906 0.675048828125 -0.41851806640625
0.0115203857421875 -0.0121593475341797 0.2171630859375 -0.95941162109375
-0.00175285339355469 0.0184326171875 -0.6177978515625 -0.5828857421875
0.0130233764648438 0.0311813354492188 -0.65216064453125 0.13690185546875
0.0220775604248047 0.00418663024902344 -0.3231201171875 0.4129638671875
0.0198402404785156 -0.0254859924316406 0.052825927734375 0.35052490234375
0.00680398941040039 0.00576877593994141 0.231719970703125 0.1295166015625
-0.00650596618652344 0.02825927734375 -0.210983276367187 -0.18218994140625
0.0198307037353516 0.00649642944335938 -0.00949096679687504 -0.3746337890625
0.00563240051269531 0.0151767730712891 0.35528564453125 -0.36834716796875
-0.01251220703125 0.0345592498779297 0.71270751953125 -0.03118896484375
-0.0148782730102539 -0.00364303588867188 0.55792236328125 0.638427734375
0.009002685546875 -0.0781936645507813 -0.12225341796875 0.92584228515625
0.0425949096679688 -0.00969314575195313 -0.537872314453125 0.48211669921875
0.0664138793945313 0.0327529907226563 0.0371856689453125 0.0682868957519531
0.0639457702636719 -0.0203018188476563 0.70037841796875 -0.4156494140625
0.0310173034667969 -0.0516395568847656 0.2532958984375 -0.984619140625
-0.0146598815917969 -0.0210075378417969 -0.59967041015625 -0.63519287109375
-0.0158634185791016 0.0248222351074219 -0.65472412109375 0.0964965820312499
0.00195503234863281 0.0194339752197266 -0.32635498046875 0.39678955078125
0.0119819641113281 0.00376510620117188 0.04327392578125 0.338592529296875
0.002288818359375 0.0334911346435547 0.224395751953125 0.108367919921875
-0.00702095031738281 0.0269069671630859 -0.210098266601562 -0.177520751953125
0.0174741744995117 0.00963401794433594 -0.00982666015625002 -0.37005615234375
0.00160598754882813 0.0175056457519531 0.3502197265625 -0.3599853515625
-0.0167999267578125 0.0364227294921875 0.70623779296875 -0.02154541015625
-0.0150995254516602 -0.00557422637939453 0.54864501953125 0.642822265625
0.0100326538085938 -0.0817642211914062 -0.133544921875 0.92474365234375
0.0422134399414062 -0.00872039794921875 -0.545745849609375 0.480438232421875
0.0656661987304688 0.0333251953125 0.0297355651855469 0.0677223205566406
0.0635490417480469 -0.0199203491210937 0.6934814453125 -0.40887451171875
0.0298309326171875 -0.0553207397460938 0.2508544921875 -0.972900390625
-0.0156154632568359 -0.0257720947265625 -0.5999755859375 -0.6243896484375
-0.0188484191894531 0.0254993438720703 -0.65399169921875 0.104736328125
-0.00146102905273438 0.0205650329589844 -0.32647705078125 0.40106201171875
0.00876188278198242 0.00651454925537109 0.0465087890625 0.34326171875
0.00196456909179687 0.0335159301757813 0.228500366210938 0.1141357421875
-0.00194358825683594 0.0240898132324219 -0.204986572265625 -0.176559448242187
0.0149364471435547 0.00908946990966797 -0.00491333007812499 -0.36590576171875
0.00107955932617187 0.0176429748535156 0.352569580078125 -0.35589599609375
-0.0154495239257813 0.0357398986816406 0.7052001953125 -0.00897216796875
-0.0164785385131836 -0.00635242462158203 0.5450439453125 0.65557861328125
0.00962066650390626 -0.0793838500976563 -0.13726806640625 0.9344482421875
0.0413589477539063 -0.00687026977539063 -0.551300048828125 0.483642578125
0.0625686645507813 0.0338058471679688 0.0225334167480469 0.0679283142089844
0.0611915588378906 -0.0185012817382813 0.685302734375 -0.41156005859375
0.0292930603027344 -0.0531234741210938 0.24066162109375 -0.97161865234375
-0.0159778594970703 -0.0245857238769531 -0.6103515625 -0.61444091796875
-0.0185832977294922 0.0234851837158203 -0.65777587890625 0.11468505859375
-0.00174713134765625 0.0210647583007813 -0.327392578125 0.408966064453125
0.00695371627807617 0.0061640739440918 0.045867919921875 0.347686767578125
0.00557327270507812 0.0282669067382813 0.22821044921875 0.117706298828125
-0.00377845764160156 0.0193386077880859 -0.203109741210938 -0.168487548828125
0.0145864486694336 0.00273799896240234 -0.00427246093749997 -0.362335205078125
0.000179290771484376 0.0179767608642578 0.35223388671875 -0.3448486328125
-0.0131416320800781 0.0366630554199219 0.70074462890625 0.003662109375
-0.0137624740600586 -0.00281524658203125 0.53515625 0.66278076171875
0.00759887695312499 -0.0751419067382813 -0.1531982421875 0.9361572265625
0.0350685119628906 -0.0030059814453125 -0.561676025390625 0.480987548828125
0.0545005798339844 0.0342788696289062 0.0189895629882813 0.0675849914550781
0.0549507141113281 -0.0163078308105469 0.68023681640625 -0.408447265625
0.0255546569824219 -0.0487289428710938 0.23480224609375 -0.9630126953125
-0.0149555206298828 -0.0203819274902344 -0.61212158203125 -0.6033935546875
-0.0157527923583984 0.0253715515136719 -0.65673828125 0.1234130859375
-0.000247955322265625 0.0193881988525391 -0.325836181640625 0.412109375
0.00653600692749023 0.00200271606445313 0.052642822265625 0.351043701171875
0.00670433044433594 0.0245838165283203 0.232498168945312 0.123428344726562
-0.000773429870605467 0.0146036148071289 -0.199508666992188 -0.16705322265625
0.0140628814697266 -0.00139617919921875 0.00244140625000002 -0.3583984375
0.00542068481445313 0.013702392578125 0.353118896484375 -0.339385986328125
-0.00821304321289063 0.0383491516113281 0.7001953125 0.01434326171875
-0.0104465484619141 0.00452804565429687 0.53216552734375 0.6741943359375
0.00551605224609375 -0.0675239562988281 -0.1600341796875 0.93890380859375
0.0273342132568359 0.000307083129882813 -0.56640625 0.47955322265625
0.0486679077148438 0.0335273742675781 0.0173492431640625 0.0664901733398438
0.049774169921875 -0.0134010314941406 0.67333984375 -0.412109375
0.0220909118652344 -0.0404281616210938 0.22198486328125 -0.96148681640625
-0.0124359130859375 -0.0131397247314453 -0.6177978515625 -0.59002685546875
-0.00909996032714844 0.0266666412353516 -0.65625 0.13507080078125
0.00422191619873047 0.0175390243530273 -0.325836181640625 0.4180908203125
0.00729799270629883 -0.00472497940063476 0.053985595703125 0.35736083984375
0.00840187072753906 0.017364501953125 0.233047485351562 0.127914428710937
-0.00208377838134766 0.00952434539794922 -0.19818115234375 -0.1607666015625
0.0188274383544922 -0.00947380065917969 0.00500488281250003 -0.356842041015625
0.0115346908569336 0.010004997253418 0.354644775390625 -0.335601806640625
-0.000900268554687504 0.0416717529296875 0.70147705078125 0.02301025390625
-0.00713253021240234 0.012054443359375 0.5260009765625 0.6834716796875
0.00258636474609375 -0.0578498840332031 -0.169189453125 0.94183349609375
0.0201587677001953 0.00204277038574219 -0.573486328125 0.47747802734375
0.0421600341796875 0.0339317321777344 0.0202064514160156 0.0666732788085938
0.0406494140625 -0.0107192993164063 0.67181396484375 -0.4169921875
0.0178794860839844 -0.0304698944091797 0.21331787109375 -0.9599609375
-0.00963592529296875 -0.00236892700195312 -0.625 -0.580810546875
-0.00240325927734375 0.0293445587158203 -0.65557861328125 0.14141845703125
0.0101261138916016 0.0131216049194336 -0.322357177734375 0.420684814453125
0.011570930480957 -0.0113086700439453 0.057098388671875 0.356048583984375
0.00859165191650391 0.0128412246704102 0.233993530273437 0.128509521484375
-0.00396490097045898 0.00803184509277344 -0.198455810546875 -0.156997680664063
0.0239582061767578 -0.0151138305664063 0.00534057617187501 -0.35589599609375
0.0175266265869141 0.00539875030517578 0.358184814453125 -0.335113525390625
0.00621795654296875 0.0447196960449219 0.70538330078125 0.03021240234375
-0.0027618408203125 0.0223522186279297 0.52203369140625 0.68804931640625
-9.53674316406279E-05 -0.04876708984375 -0.17645263671875 0.94244384765625
0.0140247344970703 0.00660800933837891 -0.57427978515625 0.47186279296875
0.0360183715820313 0.03240966796875 0.0238304138183594 0.0675315856933594
0.0342788696289063 -0.00766944885253906 0.67242431640625 -0.41851806640625
0.0149021148681641 -0.0197811126708984 0.20941162109375 -0.96099853515625
-0.00499916076660156 0.00895404815673828 -0.62872314453125 -0.57745361328125
0.00511550903320312 0.0305671691894531 -0.653076171875 0.14422607421875
0.0162353515625 0.00850486755371094 -0.31927490234375 0.4202880859375
0.0152854919433594 -0.0192127227783203 0.05963134765625 0.3544921875
0.00625133514404297 0.0111370086669922 0.236892700195313 0.131210327148438
-0.0045018196105957 0.00480270385742188 -0.199325561523437 -0.156982421875
0.0277690887451172 -0.0218791961669922 0.00802612304687502 -0.35882568359375
0.023284912109375 0.00279617309570313 0.35943603515625 -0.3369140625
0.0134201049804687 0.0469703674316406 0.7059326171875 0.02545166015625
-0.000286102294921873 0.0302619934082031 0.52435302734375 0.68634033203125
-0.00329208374023437 -0.0406761169433594 -0.175048828125 0.941650390625
0.00896644592285156 0.00819301605224609 -0.56939697265625 0.47100830078125
0.0322418212890625 0.0302810668945313 0.0297012329101562 0.0657691955566406
0.0302829742431641 -0.00691986083984375 0.67266845703125 -0.42791748046875
0.0113325119018555 -0.0122566223144531 0.20770263671875 -0.96490478515625
-0.00145912170410156 0.0181541442871094 -0.62689208984375 -0.578857421875
0.0134811401367188 0.0324459075927734 -0.6536865234375 0.14483642578125
0.0219554901123047 0.00400352478027344 -0.31884765625 0.418731689453125
0.0183792114257812 -0.0257644653320312 0.061187744140625 0.352691650390625
0.00670051574707031 0.00562810897827148 0.235809326171875 0.129867553710938
-0.00592041015625 0.0299568176269531 -0.21533203125 -0.18194580078125
0.0192108154296875 0.00591278076171875 -0.014892578125 -0.376434326171875
0.00539684295654297 0.0148763656616211 0.35308837890625 -0.3740234375
-0.0125846862792969 0.0369300842285156 0.71527099609375 -0.03955078125
-0.0149431228637695 -0.00340080261230468 0.569091796875 0.63214111328125
0.00697326660156249 -0.0796051025390625 -0.11297607421875 0.93035888671875
0.0441665649414063 -0.0102691650390625 -0.53350830078125 0.489105224609375
0.0684852600097656 0.0311546325683594 0.0372962951660156 0.0675048828125
0.0636138916015625 -0.0206336975097656 0.697021484375 -0.42486572265625
0.0303993225097656 -0.0525550842285156 0.24188232421875 -0.99267578125
-0.0147609710693359 -0.0209808349609375 -0.60992431640625 -0.630859375
-0.0147476196289062 0.0251541137695313 -0.65496826171875 0.1044921875
0.00257301330566406 0.0191364288330078 -0.32281494140625 0.403594970703125
0.0115795135498047 0.00589561462402344 0.04888916015625 0.340667724609375
0.00330162048339844 0.0342369079589844 0.22845458984375 0.106674194335938
-0.00602149963378907 0.0284690856933594 -0.21466064453125 -0.176834106445312
0.0158920288085938 0.00918197631835938 -0.015625 -0.370880126953125
0.00132942199707031 0.0193843841552734 0.345733642578125 -0.365509033203125
-0.0141525268554688 0.0351486206054688 0.7103271484375 -0.0284423828125
-0.0158119201660156 -0.00749874114990234 0.5595703125 0.6376953125
0.00827026367187501 -0.0840377807617188 -0.123291015625 0.9290771484375
0.0425033569335938 -0.00850677490234375 -0.543487548828125 0.489593505859375
0.0665473937988281 0.0326385498046875 0.0296478271484375 0.0704879760742188
0.0624961853027344 -0.0218544006347656 0.6907958984375 -0.41937255859375
0.0292892456054688 -0.0562019348144531 0.2408447265625 -0.97918701171875
-0.0146846771240234 -0.0261478424072266 -0.6090087890625 -0.61944580078125
-0.017730712890625 0.0234527587890625 -0.656005859375 0.11181640625
-0.00187873840332031 0.0213680267333984 -0.323089599609375 0.407562255859375
0.0092926025390625 0.00578022003173828 0.051361083984375 0.34552001953125
0.00210189819335937 0.0343132019042969 0.232025146484375 0.113739013671875
-0.000860214233398437 0.0253276824951172 -0.20806884765625 -0.175262451171875
0.0140590667724609 0.00843238830566406 -0.01043701171875 -0.3670654296875
0.000530242919921874 0.0201416015625 0.35003662109375 -0.361968994140625
-0.0141372680664062 0.0353775024414063 0.70947265625 -0.01861572265625
-0.0151996612548828 -0.00684928894042969 0.55413818359375 0.64776611328125
0.007415771484375 -0.0806808471679688 -0.12603759765625 0.938232421875
0.0413093566894531 -0.0076751708984375 -0.547454833984375 0.491729736328125
0.0643196105957031 0.0346641540527344 0.02227783203125 0.0669021606445313
0.0607757568359375 -0.0185661315917969 0.682861328125 -0.42242431640625
0.0275726318359375 -0.0554122924804688 0.22906494140625 -0.9766845703125
-0.0163288116455078 -0.0256385803222656 -0.6170654296875 -0.60870361328125
-0.0172195434570313 0.0232524871826172 -0.6612548828125 0.12353515625
-0.00255393981933594 0.0215587615966797 -0.322113037109375 0.41522216796875
0.00679492950439453 0.00539588928222656 0.052734375 0.3502197265625
0.00587081909179688 0.028778076171875 0.231857299804688 0.116409301757813
-0.00279045104980469 0.0206584930419922 -0.206298828125 -0.167526245117188
0.0159749984741211 0.00378322601318359 -0.00897216796874997 -0.36285400390625
0.0010986328125 0.0187473297119141 0.34808349609375 -0.3514404296875
-0.0111846923828125 0.0366630554199219 0.7060546875 -0.00567626953125
-0.0119304656982422 -0.00453948974609375 0.54443359375 0.65850830078125
0.0054931640625 -0.0762405395507813 -0.14300537109375 0.94049072265625
0.0352096557617188 -0.0030364990234375 -0.557342529296875 0.488525390625
0.057098388671875 0.0330543518066406 0.0199203491210937 0.0673370361328125
0.0547142028808594 -0.0152626037597656 0.67938232421875 -0.42041015625
0.0248451232910156 -0.0496177673339844 0.223876953125 -0.96893310546875
-0.0141944885253906 -0.0206737518310547 -0.62005615234375 -0.59765625
-0.0141677856445313 0.0256233215332031 -0.65936279296875 0.13311767578125
-0.000375747680664061 0.0199909210205078 -0.3212890625 0.418792724609375
0.00829029083251953 0.00164079666137695 0.058563232421875 0.353515625
0.00692939758300781 0.0257244110107422 0.235931396484375 0.12103271484375
0.000686645507812501 0.0131082534790039 -0.201751708984375 -0.164443969726563
0.0151920318603516 -0.000979423522949219 -0.00463867187499998 -0.35888671875
0.00555324554443359 0.014124870300293 0.351470947265625 -0.34759521484375
-0.005462646484375 0.039215087890625 0.7061767578125 0.0032958984375
-0.00983238220214844 0.00368309020996094 0.542724609375 0.66937255859375
0.00415802001953126 -0.0687599182128906 -0.1483154296875 0.94439697265625
0.0287628173828125 8.392333984375E-05 -0.5634765625 0.48565673828125
0.050689697265625 0.0346870422363281 0.0182266235351563 0.0662307739257813
0.0479812622070313 -0.013458251953125 0.67230224609375 -0.422119140625
0.0222816467285156 -0.0401153564453125 0.21026611328125 -0.96710205078125
-0.0135040283203125 -0.0119571685791016 -0.62744140625 -0.58441162109375
-0.00979995727539062 0.0259113311767578 -0.66058349609375 0.14447021484375
0.00539398193359375 0.0162801742553711 -0.321044921875 0.423675537109375
0.00974750518798828 -0.00392818450927734 0.06182861328125 0.355712890625
0.00849342346191406 0.0187168121337891 0.236190795898438 0.125869750976563
0.000225067138671876 0.0105342864990234 -0.201385498046875 -0.160171508789063
0.0177040100097656 -0.00844764709472656 -0.000823974609375024 -0.3580322265625
0.0108804702758789 0.0105466842651367 0.351806640625 -0.341827392578125
0.00171279907226563 0.0407600402832031 0.70440673828125 0.01318359375
-0.00629329681396484 0.0118885040283203 0.53668212890625 0.67803955078125
0.000625610351562504 -0.0602684020996094 -0.157958984375 0.94818115234375
0.0213432312011719 0.00335311889648438 -0.56640625 0.48291015625
0.043212890625 0.0332260131835938 0.0198974609375 0.0671806335449219
0.0396385192871094 -0.00964736938476562 0.66705322265625 -0.4267578125
0.0184345245361328 -0.0297298431396484 0.203857421875 -0.96588134765625
-0.00822019577026367 -0.00256633758544922 -0.63446044921875 -0.578369140625
-0.00196456909179688 0.0279426574707031 -0.65557861328125 0.1514892578125
0.00891399383544922 0.0125236511230469 -0.318572998046875 0.426666259765625
0.0108575820922852 -0.0113248825073242 0.065093994140625 0.357177734375
0.0105209350585938 0.012120246887207 0.239181518554688 0.127273559570313
-0.00404167175292969 0.00788784027099609 -0.203323364257813 -0.157196044921875
0.0215911865234375 -0.0170402526855469 -0.000915527343750021 -0.357940673828125
0.0174932479858398 0.00651931762695313 0.35418701171875 -0.339599609375
0.00885391235351563 0.0442161560058594 0.70648193359375 0.01873779296875
-0.00372314453125 0.0213298797607422 0.53350830078125 0.682861328125
-0.002685546875 -0.0518798828125 -0.162841796875 0.94647216796875
0.0144481658935547 0.00540542602539063 -0.56890869140625 0.47906494140625
0.0368194580078125 0.0312576293945313 0.0246162414550781 0.0648956298828125
0.0340042114257813 -0.00653839111328125 0.66998291015625 -0.42962646484375
0.0164031982421875 -0.0207023620605469 0.19915771484375 -0.96612548828125
-0.00469112396240234 0.00828218460083008 -0.63592529296875 -0.572265625
0.00731468200683594 0.0301914215087891 -0.651611328125 0.15374755859375
0.0152339935302734 0.00851631164550781 -0.31500244140625 0.427764892578125
0.0134525299072266 -0.0186710357666016 0.064544677734375 0.356689453125
0.0106363296508789 0.00831413269042969 0.240692138671875 0.12823486328125
-0.00456666946411133 0.00650930404663086 -0.2032470703125 -0.15496826171875
0.0273323059082031 -0.0227069854736328 0.00213623046875001 -0.35931396484375
0.0240612030029297 0.00272750854492188 0.354888916015625 -0.3419189453125
0.0142898559570313 0.0458259582519531 0.71026611328125 0.0157470703125
-0.000480651855468753 0.0295677185058594 0.53466796875 0.6810302734375
-0.00578689575195312 -0.0411224365234375 -0.16522216796875 0.946533203125
0.00920391082763672 0.00807857513427734 -0.56451416015625 0.47906494140625
0.0334720611572266 0.0305500030517578 0.0301933288574219 0.0664596557617188
0.0294628143310547 -0.00588607788085938 0.67144775390625 -0.4376220703125
0.0115232467651367 -0.0119600296020508 0.19476318359375 -0.97113037109375
-0.00163459777832031 0.0185489654541016 -0.6390380859375 -0.572265625
0.0142459869384766 0.0318965911865234 -0.653564453125 0.15362548828125
0.0219917297363281 0.00347137451171875 -0.314361572265625 0.425811767578125
0.019134521484375 -0.0256118774414063 0.066680908203125 0.354278564453125
0.00829935073852539 0.00645303726196289 0.239761352539063 0.126953125
-0.00372505187988282 0.0315284729003906 -0.2181396484375 -0.178817749023438
0.01947021484375 0.00622749328613281 -0.02215576171875 -0.375335693359375
0.00519943237304688 0.0167083740234375 0.34783935546875 -0.380340576171875
-0.0106315612792969 0.036224365234375 0.71697998046875 -0.0521240234375
-0.0152187347412109 -0.00437259674072266 0.57708740234375 0.6239013671875
0.0048828125 -0.0799026489257812 -0.10003662109375 0.9317626953125
0.0431556701660156 -0.0112037658691406 -0.528717041015625 0.496673583984375
0.0696067810058594 0.0321083068847656 0.037750244140625 0.0690650939941406
0.0637893676757813 -0.021209716796875 0.69378662109375 -0.4349365234375
0.0298690795898438 -0.0530548095703125 0.23052978515625 -0.9951171875
-0.0146598815917969 -0.0213890075683594 -0.62054443359375 -0.62371826171875
-0.0132999420166016 0.0246028900146484 -0.6561279296875 0.1151123046875
0.0032196044921875 0.0195236206054687 -0.317047119140625 0.410980224609375
0.0117044448852539 0.00310134887695312 0.05572509765625 0.342559814453125
0.00516510009765625 0.0347690582275391 0.23126220703125 0.105621337890625
-0.00466728210449219 0.0276584625244141 -0.21807861328125 -0.175888061523437
0.0171289443969727 0.00765705108642578 -0.022369384765625 -0.374603271484375
0.00152015686035156 0.0192985534667969 0.3427734375 -0.37109375
-0.0139122009277344 0.0366630554199219 0.71197509765625 -0.041259765625
-0.0154409408569336 -0.00862407684326172 0.56927490234375 0.62823486328125
0.00555419921875 -0.0821456909179688 -0.1116943359375 0.93414306640625
0.0438270568847656 -0.0102386474609375 -0.536102294921875 0.49444580078125
0.0672950744628906 0.0312004089355469 0.0311012268066406 0.0692558288574219
0.0627708435058594 -0.0223960876464844 0.68817138671875 -0.427490234375
0.0291976928710938 -0.0565948486328125 0.22894287109375 -0.9857177734375
-0.0148868560791016 -0.0255794525146484 -0.6202392578125 -0.61297607421875
-0.0177478790283203 0.0246410369873047 -0.65606689453125 0.122314453125
-0.00124549865722656 0.0211391448974609 -0.31536865234375 0.413970947265625
0.0105113983154297 0.00563144683837891 0.06005859375 0.346160888671875
0.00467872619628906 0.03460693359375 0.234970092773438 0.112258911132813
-0.000251770019531253 0.0248470306396484 -0.212554931640625 -0.173416137695312
0.0142393112182617 0.00816822052001953 -0.018035888671875 -0.36956787109375
0.000341415405273437 0.0195293426513672 0.345947265625 -0.368865966796875
-0.0134010314941406 0.0351905822753906 0.7105712890625 -0.0281982421875
-0.0151519775390625 -0.00739479064941406 0.5660400390625 0.64349365234375
0.00704193115234375 -0.08160400390625 -0.11334228515625 0.9410400390625
0.0408134460449219 -0.00749588012695312 -0.543731689453125 0.4971923828125
0.0651626586914063 0.0331611633300781 0.0243415832519531 0.0678672790527344
0.061065673828125 -0.0198936462402344 0.67779541015625 -0.4306640625
0.0275115966796875 -0.0550994873046875 0.21673583984375 -0.9827880859375
-0.01580810546875 -0.0257930755615234 -0.629150390625 -0.60150146484375
-0.0171661376953125 0.0248126983642578 -0.65777587890625 0.1343994140625
-0.00118255615234375 0.0211868286132813 -0.3167724609375 0.423309326171875
0.00729465484619141 0.00624513626098633 0.0595703125 0.353240966796875
0.00876998901367187 0.0286598205566406 0.235626220703125 0.114013671875
-0.0016021728515625 0.0213203430175781 -0.21075439453125 -0.166854858398438
0.0146169662475586 0.00478744506835938 -0.01507568359375 -0.36383056640625
0.0023193359375 0.0190830230712891 0.345062255859375 -0.3575439453125
-0.0101051330566406 0.0365676879882813 0.70745849609375 -0.0177001953125
-0.0131654739379883 -0.00516319274902344 0.5570068359375 0.65081787109375
0.00345611572265624 -0.0775833129882813 -0.1270751953125 0.9437255859375
0.0342731475830078 -0.00406837463378906 -0.552398681640625 0.49591064453125
0.0574722290039062 0.0342292785644531 0.0212745666503906 0.0681877136230469
0.0550689697265625 -0.017486572265625 0.67578125 -0.4288330078125
0.0234565734863281 -0.049896240234375 0.21136474609375 -0.9749755859375
-0.0147037506103516 -0.0205478668212891 -0.6314697265625 -0.58984375
-0.0130577087402344 0.0265274047851563 -0.6578369140625 0.1435546875
-0.000745773315429688 0.0199756622314453 -0.315826416015625 0.427398681640625
0.00715875625610352 0.000964641571044922 0.064178466796875 0.35565185546875
0.00804901123046875 0.0261363983154297 0.239761352539063 0.119171142578125
0.000646591186523439 0.0153779983520508 -0.20672607421875 -0.164703369140625
0.0146780014038086 -0.000604629516601562 -0.01043701171875 -0.360443115234375
0.00615692138671875 0.0159111022949219 0.34698486328125 -0.3524169921875
-0.00472259521484375 0.0388870239257813 0.70697021484375 -0.00811767578125
-0.010767936706543 0.00360679626464844 0.55487060546875 0.66168212890625
0.00341796874999999 -0.0692977905273438 -0.13519287109375 0.9449462890625
0.0299930572509766 -0.000154495239257813 -0.555908203125 0.493255615234375
0.051605224609375 0.0345535278320313 0.0200767517089844 0.0664787292480469
0.0489273071289062 -0.0145263671875 0.66546630859375 -0.431640625
0.020843505859375 -0.0427818298339844 0.2003173828125 -0.97125244140625
-0.0122404098510742 -0.0128965377807617 -0.63739013671875 -0.57855224609375
-0.00662040710449219 0.0258655548095703 -0.65802001953125 0.1534423828125
0.00421524047851563 0.0176906585693359 -0.31524658203125 0.431488037109375
0.00841712951660156 -0.00593662261962891 0.06805419921875 0.357208251953125
0.011138916015625 0.0184516906738281 0.24017333984375 0.122833251953125
0.000701904296875 0.0105085372924805 -0.204803466796875 -0.158401489257812
0.0174856185913086 -0.00845909118652344 -0.00762939453125 -0.3583984375
0.0106172561645508 0.0117321014404297 0.34893798828125 -0.349029541015625
0.003326416015625 0.040985107421875 0.70867919921875 -0.000976562499999998
-0.00622177124023437 0.0107746124267578 0.54937744140625 0.66986083984375
-0.0013580322265625 -0.0603828430175781 -0.14593505859375 0.95086669921875
0.0223941802978516 0.00151634216308594 -0.561187744140625 0.492095947265625
0.0440635681152344 0.0321044921875 0.0205841064453125 0.0669364929199219
0.041290283203125 -0.0105094909667969 0.663818359375 -0.43475341796875
0.0174827575683594 -0.0307865142822266 0.1900634765625 -0.97088623046875
-0.0075831413269043 -0.00271892547607422 -0.64349365234375 -0.5687255859375
-0.000473022460937502 0.0276870727539063 -0.65625 0.162353515625
0.00939750671386719 0.0134668350219727 -0.312469482421875 0.435516357421875
0.0111923217773438 -0.0114507675170898 0.07086181640625 0.35845947265625
0.0123586654663086 0.0137147903442383 0.242965698242188 0.124053955078125
-0.00141286849975586 0.00861978530883789 -0.2052001953125 -0.155288696289062
0.022552490234375 -0.0160446166992188 -0.00634765624999998 -0.358551025390625
0.0174102783203125 0.00494670867919922 0.348968505859375 -0.3447265625
0.0103340148925781 0.0452842712402344 0.70855712890625 0.0074462890625
-0.00210762023925781 0.0208625793457031 0.5423583984375 0.6741943359375
-0.00444793701171876 -0.0503501892089844 -0.1531982421875 0.94940185546875
0.0147724151611328 0.00513839721679688 -0.56304931640625 0.48651123046875
0.0376777648925781 0.0321044921875 0.0261764526367188 0.0659103393554688
0.0338115692138672 -0.00892066955566406 0.66448974609375 -0.43798828125
0.0126094818115234 -0.0196170806884766 0.18731689453125 -0.9705810546875
-0.00383949279785156 0.00778675079345703 -0.6451416015625 -0.56475830078125
0.0088653564453125 0.0294456481933594 -0.65399169921875 0.1630859375
0.0157203674316406 0.0071563720703125 -0.309783935546875 0.433258056640625
0.013580322265625 -0.0186061859130859 0.07293701171875 0.357574462890625
0.0111551284790039 0.00968742370605469 0.242401123046875 0.1265869140625
-0.00344371795654297 0.00704717636108398 -0.207443237304687 -0.154266357421875
0.0258865356445313 -0.0226402282714844 -0.00424194335937498 -0.36029052734375
0.0235366821289063 0.00223922729492188 0.3514404296875 -0.348297119140625
0.0167884826660156 0.0467529296875 0.71160888671875 0.0037841796875
0.000648498535156251 0.02880859375 0.54644775390625 0.67510986328125
-0.00545120239257813 -0.0424079895019531 -0.1533203125 0.95062255859375
0.0112333297729492 0.00732040405273438 -0.560333251953125 0.48681640625
0.0340213775634766 0.0308513641357422 0.0302162170410156 0.0653114318847656
0.0306053161621094 -0.00724220275878906 0.66778564453125 -0.44549560546875
0.0114202499389648 -0.0124120712280273 0.18426513671875 -0.97613525390625
0.000213623046875002 0.0182876586914063 -0.64599609375 -0.5628662109375
0.0158271789550781 0.0304679870605469 -0.65423583984375 0.16326904296875
0.0224647521972656 0.00366783142089844 -0.309844970703125 0.432464599609375
0.017486572265625 -0.0267524719238281 0.0736083984375 0.355804443359375
0.0103435516357422 0.00670337677001953 0.243209838867188 0.124862670898438
-0.00301361083984375 0.0316581726074219 -0.223831176757812 -0.177780151367187
0.0193290710449219 0.00667381286621094 -0.028594970703125 -0.377655029296875
0.0056924819946289 0.0162029266357422 0.341552734375 -0.386016845703125
-0.0100517272949219 0.0361137390136719 0.71514892578125 -0.06158447265625
-0.014277458190918 -0.00526046752929688 0.58740234375 0.61358642578125
0.00355529785156249 -0.0784149169921875 -0.0864868164062499 0.93450927734375
0.0435333251953125 -0.0111579895019531 -0.520538330078125 0.504669189453125
0.0707168579101563 0.0306167602539063 0.03857421875 0.0685081481933594
0.0646705627441406 -0.0214042663574219 0.6883544921875 -0.444091796875
0.0276985168457031 -0.0537261962890625 0.2181396484375 -1.00048828125
-0.0146141052246094 -0.0222759246826172 -0.626953125 -0.61480712890625
-0.0143699645996094 0.0243396759033203 -0.65338134765625 0.1236572265625
0.00290489196777344 0.0191307067871094 -0.31103515625 0.414794921875
0.0114717483520508 0.00375747680664062 0.061981201171875 0.341888427734375
0.00671005249023438 0.0343647003173828 0.232955932617187 0.101760864257812
-0.00365066528320313 0.0288257598876953 -0.222518920898438 -0.17327880859375
0.0169000625610352 0.00862884521484375 -0.02978515625 -0.37261962890625
0.00083160400390625 0.0200386047363281 0.337615966796875 -0.378448486328125
-0.0120277404785156 0.0359992980957031 0.71234130859375 -0.0533447265625
-0.0161237716674805 -0.00937557220458984 0.5799560546875 0.618408203125
0.00405120849609375 -0.0845947265625 -0.0994873046875 0.93328857421875
0.04315185546875 -0.0107803344726562 -0.529815673828125 0.50146484375
0.0676422119140625 0.0322303771972656 0.0298423767089844 0.0691299438476563
0.0632362365722656 -0.0226249694824219 0.6829833984375 -0.43914794921875
0.0284156799316406 -0.0572853088378906 0.21600341796875 -0.9874267578125
-0.0166110992431641 -0.0270366668701172 -0.62799072265625 -0.60272216796875
-0.0172214508056641 0.0245933532714844 -0.65478515625 0.1334228515625
-0.000133514404296874 0.0217323303222656 -0.30889892578125 0.421112060546875
0.00905990600585938 0.00668239593505859 0.06707763671875 0.3455810546875
0.00613784790039063 0.0337104797363281 0.237518310546875 0.108749389648438
0.000955581665039064 0.0256004333496094 -0.216110229492188 -0.169891357421875
0.0151519775390625 0.00817966461181641 -0.02557373046875 -0.3682861328125
0.00117301940917969 0.0194034576416016 0.340667724609375 -0.372955322265625
-0.0120735168457031 0.0353355407714844 0.71148681640625 -0.0419921875
-0.0159597396850586 -0.00951004028320313 0.57708740234375 0.63238525390625
0.00403594970703125 -0.0814285278320313 -0.102294921875 0.94158935546875
0.0412025451660156 -0.00956344604492188 -0.535186767578125 0.504425048828125
0.0651092529296875 0.0329856872558594 0.0252265930175781 0.0672035217285156
0.0614280700683594 -0.02032470703125 0.67413330078125 -0.4393310546875
0.0263023376464844 -0.0547714233398438 0.20281982421875 -0.98748779296875
-0.0166645050048828 -0.0257587432861328 -0.63629150390625 -0.5936279296875
-0.0165042877197266 0.0238685607910156 -0.6573486328125 0.14263916015625
-0.00078010559082031 0.0224800109863281 -0.31195068359375 0.427490234375
0.00765419006347656 0.00522708892822266 0.06707763671875 0.35089111328125
0.00958442687988281 0.0280208587646484 0.238204956054688 0.112564086914063
-0.000297546386718748 0.0221652984619141 -0.214111328125 -0.165390014648437
0.0141735076904297 0.00261688232421875 -0.023406982421875 -0.36468505859375
0.00156784057617187 0.0197010040283203 0.3394775390625 -0.363067626953125
-0.00988388061523438 0.0377693176269531 0.70819091796875 -0.02899169921875
-0.0129499435424805 -0.00544166564941406 0.5648193359375 0.64056396484375
0.00111389160156249 -0.0767974853515625 -0.1171875 0.9459228515625
0.0353355407714844 -0.00536346435546875 -0.546173095703125 0.501190185546875
0.0584487915039062 0.0347023010253906 0.0219535827636719 0.068145751953125
0.0548057556152344 -0.0173530578613281 0.6707763671875 -0.43829345703125
0.0222015380859375 -0.0521469116210937 0.20001220703125 -0.97637939453125
-0.0148792266845703 -0.0221328735351562 -0.6375732421875 -0.5828857421875
-0.0130100250244141 0.0251293182373047 -0.65704345703125 0.15289306640625
0.00101470947265625 0.0205001831054687 -0.308380126953125 0.432098388671875
0.00663900375366211 0.000708103179931641 0.071136474609375 0.353240966796875
0.009002685546875 0.0248146057128906 0.242538452148438 0.116073608398438
0.00276374816894531 0.0154685974121094 -0.208999633789063 -0.161300659179688
0.0140771865844727 -0.00159168243408203 -0.018035888671875 -0.3609619140625
0.00526905059814453 0.0157146453857422 0.34124755859375 -0.359832763671875
-0.0034332275390625 0.0380134582519531 0.70770263671875 -0.01751708984375
-0.00977802276611328 0.000823020935058592 0.5623779296875 0.6497802734375
-0.00143814086914062 -0.0684814453125 -0.123291015625 0.9481201171875
0.0286941528320313 -0.0016632080078125 -0.5516357421875 0.50079345703125
0.0516548156738281 0.032867431640625 0.0194854736328125 0.0658531188964844
0.0478897094726562 -0.0161552429199219 0.6619873046875 -0.44085693359375
0.0189743041992188 -0.04193115234375 0.18658447265625 -0.97418212890625
-0.012934684753418 -0.0124845504760742 -0.64617919921875 -0.5687255859375
-0.00685501098632813 0.0252227783203125 -0.65704345703125 0.1624755859375
0.00570487976074219 0.0166053771972656 -0.307403564453125 0.437713623046875
0.00781393051147461 -0.00510025024414063 0.07391357421875 0.357757568359375
0.0110321044921875 0.017730712890625 0.2435302734375 0.120071411132812
0.000335693359374999 0.0125226974487305 -0.209030151367187 -0.1558837890625
0.0177211761474609 -0.00846481323242188 -0.015350341796875 -0.35986328125
0.0101099014282227 0.0107517242431641 0.342010498046875 -0.353668212890625
0.00323104858398437 0.0417938232421875 0.70928955078125 -0.01129150390625
-0.00689601898193359 0.0101919174194336 0.559326171875 0.6612548828125
-0.00249099731445313 -0.0602760314941406 -0.13226318359375 0.9495849609375
0.0213775634765625 0.00205230712890625 -0.55535888671875 0.4993896484375
0.0450592041015625 0.03363037109375 0.0211601257324219 0.0671310424804688
0.0408172607421875 -0.0110206604003906 0.6591796875 -0.445068359375
0.0169792175292969 -0.0316886901855469 0.17877197265625 -0.97344970703125
-0.00808525085449219 -0.002655029296875 -0.65093994140625 -0.5604248046875
0.000572204589843751 0.0278701782226562 -0.65533447265625 0.1708984375
0.0105876922607422 0.0126142501831055 -0.305938720703125 0.43975830078125
0.0112085342407227 -0.0119724273681641 0.077117919921875 0.35833740234375
0.012568473815918 0.0132665634155273 0.24517822265625 0.12298583984375
-0.000985145568847657 0.00880146026611328 -0.208587646484375 -0.1546630859375
0.0208053588867188 -0.016204833984375 -0.012664794921875 -0.36016845703125
0.0179500579833984 0.006439208984375 0.34417724609375 -0.35223388671875
0.0104522705078125 0.04461669921875 0.7108154296875 -0.0054931640625
-0.00148391723632813 0.0189781188964844 0.5540771484375 0.6666259765625
-0.00600051879882813 -0.0507545471191406 -0.13970947265625 0.94915771484375
0.014887809753418 0.00669765472412109 -0.55694580078125 0.491729736328125
0.0384902954101563 0.0321197509765625 0.0252838134765625 0.0657081604003906
0.0349655151367188 -0.0091094970703125 0.6595458984375 -0.44732666015625
0.0135555267333984 -0.0216140747070313 0.17498779296875 -0.97369384765625
-0.00308465957641602 0.00869894027709961 -0.653564453125 -0.553955078125
0.0095977783203125 0.0304813385009766 -0.6522216796875 0.17254638671875
0.0145120620727539 0.00910091400146485 -0.30450439453125 0.43914794921875
0.014984130859375 -0.0204563140869141 0.07891845703125 0.3575439453125
0.0108804702758789 0.00874042510986328 0.245712280273438 0.122146606445313
-0.00198221206665039 0.0077204704284668 -0.209945678710937 -0.152862548828125
0.0261669158935547 -0.0230255126953125 -0.01025390625 -0.360504150390625
0.0223140716552734 0.00262069702148437 0.347015380859375 -0.35369873046875
0.0183753967285156 0.0465621948242188 0.71087646484375 -0.00738525390625
0.00107192993164062 0.0286026000976563 0.55633544921875 0.6650390625
-0.00759887695312501 -0.0419197082519531 -0.1390380859375 0.95098876953125
0.0114421844482422 0.00782966613769531 -0.554718017578125 0.49365234375
0.0350914001464844 0.0290489196777344 0.0316238403320313 0.0643806457519531
0.0294742584228516 -0.0075836181640625 0.6607666015625 -0.455078125
0.0117416381835938 -0.0123367309570313 0.17254638671875 -0.97906494140625
0.000673294067382814 0.01776123046875 -0.65399169921875 -0.55596923828125
0.0170364379882813 0.0297470092773438 -0.65179443359375 0.1728515625
0.0220165252685547 0.00349998474121094 -0.30255126953125 0.439178466796875
0.0174903869628906 -0.0267086029052734 0.080963134765625 0.35650634765625
0.011322021484375 0.00579261779785156 0.247024536132813 0.1221923828125
-0.00230216979980469 0.0320816040039063 -0.226486206054687 -0.174880981445313
0.0198650360107422 0.00602912902832031 -0.037109375 -0.37591552734375
0.00580406188964844 0.0177707672119141 0.336334228515625 -0.39111328125
-0.0081634521484375 0.0357246398925781 0.71575927734375 -0.07464599609375
-0.0150108337402344 -0.00679302215576172 0.595458984375 0.60296630859375
0.000228881835937492 -0.0798797607421875 -0.0731201171875 0.93218994140625
0.0441131591796875 -0.0112991333007813 -0.513763427734375 0.510467529296875
0.0702018737792969 0.0300254821777344 0.0387420654296875 0.0679244995117188
0.0637969970703125 -0.0231552124023438 0.68243408203125 -0.45257568359375
0.0272140502929688 -0.0537796020507813 0.20489501953125 -1.00311279296875
-0.0140590667724609 -0.0213222503662109 -0.6375732421875 -0.60650634765625
-0.0126533508300781 0.0248050689697266 -0.65374755859375 0.136962890625
0.0031585693359375 0.0196723937988281 -0.303192138671875 0.422332763671875
0.0105342864990234 0.00362110137939453 0.068756103515625 0.341705322265625
0.00802421569824219 0.0345230102539063 0.235763549804688 0.100753784179688
-0.002105712890625 0.0291862487792969 -0.225311279296875 -0.169937133789062
0.0173444747924805 0.00895404815673828 -0.03765869140625 -0.3729248046875
0.00115013122558594 0.0202159881591797 0.33123779296875 -0.3814697265625
-0.0103759765625 0.0353279113769531 0.7117919921875 -0.064697265625
-0.0159101486206055 -0.00987148284912109 0.586669921875 0.60748291015625
0.00251007080078126 -0.0841217041015625 -0.08612060546875 0.93499755859375
0.043670654296875 -0.0108222961425781 -0.522308349609375 0.5076904296875
0.0691947937011719 0.0321846008300781 0.0315208435058594 0.0674667358398438
0.063140869140625 -0.0233345031738281 0.67584228515625 -0.44525146484375
0.0266494750976563 -0.0576171875 0.20361328125 -0.9898681640625
-0.0153160095214844 -0.0258674621582031 -0.6376953125 -0.5926513671875
-0.0153408050537109 0.0251789093017578 -0.65185546875 0.14349365234375
-0.000686645507812502 0.0204296112060547 -0.3017578125 0.4261474609375
0.0100603103637695 0.00574588775634766 0.07275390625 0.347869873046875
0.0081329345703125 0.0340976715087891 0.241165161132813 0.107025146484375
0.00209426879882813 0.0262870788574219 -0.2203369140625 -0.1683349609375
0.0146713256835938 0.00693416595458984 -0.03216552734375 -0.36846923828125
0.000741958618164064 0.0209426879882813 0.334075927734375 -0.3778076171875
-0.0115013122558594 0.0357284545898438 0.71099853515625 -0.0533447265625
-0.0157690048217773 -0.00928878784179688 0.58367919921875 0.62017822265625
0.00104522705078125 -0.0817947387695313 -0.0875854492187499 0.941162109375
0.0419807434082031 -0.00940322875976563 -0.529937744140625 0.5108642578125
0.0656967163085938 0.0322952270507813 0.0265350341796875 0.0669097900390625
0.0604934692382813 -0.0223197937011719 0.667236328125 -0.44818115234375
0.0259857177734375 -0.0569801330566406 0.18988037109375 -0.98876953125
-0.0166568756103516 -0.0261745452880859 -0.64398193359375 -0.58233642578125
-0.01556396484375 0.0237693786621094 -0.65472412109375 0.15185546875
0.000301361083984376 0.0219707489013672 -0.3026123046875 0.435302734375
0.00694799423217774 0.00542068481445313 0.074554443359375 0.352020263671875
0.0103912353515625 0.0279884338378906 0.24078369140625 0.10821533203125
0.00189590454101563 0.0217342376708984 -0.217636108398438 -0.161758422851562
0.0145282745361328 0.00307559967041016 -0.03033447265625 -0.363525390625
0.00176620483398438 0.0204105377197266 0.332733154296875 -0.36865234375
-0.00747299194335938 0.0366058349609375 0.70623779296875 -0.0404052734375
-0.0136375427246094 -0.00698757171630859 0.57470703125 0.6318359375
-0.000762939453124998 -0.077056884765625 -0.10418701171875 0.94525146484375
0.0354804992675781 -0.00539779663085937 -0.538055419921875 0.508056640625
0.0596237182617188 0.0325202941894531 0.0216255187988281 0.0669708251953125
0.0536537170410156 -0.0173225402832031 0.66204833984375 -0.44549560546875
0.0227317810058594 -0.0515670776367188 0.18524169921875 -0.97918701171875
-0.0143852233886719 -0.0213127136230469 -0.6466064453125 -0.5712890625
-0.0116462707519531 0.0246639251708984 -0.65289306640625 0.16241455078125
0.000419616699218749 0.0197849273681641 -0.301116943359375 0.43646240234375
0.00794649124145508 0.00194120407104492 0.078704833984375 0.354736328125
0.0112133026123047 0.0254325866699219 0.24456787109375 0.113739013671875
0.00240230560302734 0.0161724090576172 -0.211563110351563 -0.160308837890625
0.0140371322631836 -0.00185775756835938 -0.023345947265625 -0.361724853515625
0.00635147094726562 0.017054557800293 0.336700439453125 -0.36431884765625
-0.004119873046875 0.0381126403808594 0.70703125 -0.029541015625
-0.0102148056030273 0.000291824340820312 0.57171630859375 0.6427001953125
-0.00275421142578125 -0.0692329406738281 -0.10943603515625 0.94866943359375
0.0296878814697266 -0.0015106201171875 -0.543792724609375 0.5067138671875
0.0514755249023438 0.0323982238769531 0.0201034545898438 0.0660743713378906
0.0484695434570313 -0.0150985717773438 0.65606689453125 -0.4478759765625
0.019683837890625 -0.0409965515136719 0.17376708984375 -0.9739990234375
-0.0114011764526367 -0.0133686065673828 -0.6513671875 -0.558837890625
-0.00544548034667968 0.0255031585693359 -0.654541015625 0.1729736328125
0.00535392761230469 0.017420768737793 -0.298614501953125 0.442626953125
0.00806379318237305 -0.00433969497680664 0.08099365234375 0.358917236328125
0.0126523971557617 0.0166606903076172 0.246353149414063 0.11712646484375
0.00285053253173828 0.0139217376708984 -0.211288452148437 -0.154296875
0.0162572860717773 -0.00722408294677734 -0.0224609375 -0.3597412109375
0.0107927322387695 0.0122241973876953 0.336212158203125 -0.359893798828125
0.00437545776367188 0.0399665832519531 0.7099609375 -0.0216064453125
-0.00728797912597656 0.00961112976074219 0.5692138671875 0.65185546875
-0.00527572631835938 -0.0597190856933594 -0.1199951171875 0.94976806640625
0.0233516693115234 0.00133132934570312 -0.548187255859375 0.5045166015625
0.045074462890625 0.0321235656738281 0.0227317810058594 0.0655593872070313
0.0416641235351562 -0.0112113952636719 0.6519775390625 -0.45306396484375
0.0159034729003906 -0.0316886901855469 0.1651611328125 -0.9752197265625
-0.00884819030761719 -0.00346183776855469 -0.658203125 -0.54962158203125
0.00171852111816406 0.0277385711669922 -0.65093994140625 0.18243408203125
0.0105390548706055 0.0114078521728516 -0.296722412109375 0.4444580078125
0.0111970901489258 -0.0124635696411133 0.086212158203125 0.35870361328125
0.0133562088012695 0.0118141174316406 0.24859619140625 0.119766235351563
6.77108764648428E-05 0.0106821060180664 -0.212890625 -0.151885986328125
0.0218162536621094 -0.0162448883056641 -0.020660400390625 -0.36016845703125
0.0164117813110352 0.00723171234130859 0.339080810546875 -0.3585205078125
0.0117568969726563 0.044036865234375 0.71044921875 -0.01611328125
-0.00168991088867187 0.0182914733886719 0.5634765625 0.65447998046875
-0.00681304931640625 -0.0503005981445313 -0.12652587890625 0.94903564453125
0.015812873840332 0.00473594665527344 -0.550567626953125 0.49871826171875
0.0386772155761719 0.0312919616699219 0.0259323120117188 0.0654296875
0.0350799560546875 -0.00908660888671875 0.65142822265625 -0.45526123046875
0.0138683319091797 -0.020477294921875 0.16033935546875 -0.9747314453125
-0.00259828567504883 0.00750875473022461 -0.6602783203125 -0.54498291015625
0.00977134704589843 0.0291061401367187 -0.6492919921875 0.18267822265625
0.0158023834228516 0.00816440582275391 -0.295379638671875 0.445159912109375
0.0143642425537109 -0.0182571411132813 0.086578369140625 0.35693359375
0.0131988525390625 0.0091705322265625 0.248703002929687 0.121383666992187
-0.000940799713134765 0.00816202163696289 -0.2127685546875 -0.150619506835938
0.0242824554443359 -0.0221443176269531 -0.01788330078125 -0.36053466796875
0.0226726531982422 0.00237846374511719 0.3419189453125 -0.35986328125
0.0188140869140625 0.0461807250976563 0.71282958984375 -0.01812744140625
0.00131034851074219 0.0272235870361328 0.5655517578125 0.6558837890625
-0.00954818725585937 -0.0424842834472656 -0.12713623046875 0.94952392578125
0.0129404067993164 0.00704097747802734 -0.546142578125 0.49859619140625
0.0361557006835938 0.0290641784667969 0.0322799682617188 0.0648231506347656
0.0307941436767578 -0.00755500793457031 0.65484619140625 -0.4632568359375
0.0114812850952148 -0.0122842788696289 0.1593017578125 -0.97918701171875
0.00140380859375 0.0171356201171875 -0.6607666015625 -0.54718017578125
0.017608642578125 0.0302391052246094 -0.6484375 0.1839599609375
0.0211200714111328 0.00337791442871094 -0.29443359375 0.443145751953125
0.0167808532714844 -0.0269851684570313 0.088165283203125 0.354827880859375
0.0124425888061523 0.00469875335693359 0.249710083007813 0.119796752929688
-0.000349044799804687 0.0331764221191406 -0.22991943359375 -0.171005249023437
0.0190467834472656 0.00583267211914062 -0.045501708984375 -0.3741455078125
0.00528526306152344 0.0166959762573242 0.328277587890625 -0.396392822265625
-0.0058135986328125 0.0347690582275391 0.71282958984375 -0.08636474609375
-0.0154037475585938 -0.00658035278320313 0.6009521484375 0.59173583984375
-0.00128936767578124 -0.0796585083007813 -0.0619506835937499 0.93109130859375
0.0432052612304687 -0.0121994018554688 -0.5052490234375 0.514251708984375
0.0712432861328125 0.0284423828125 0.0395545959472656 0.0667800903320313
0.0628166198730469 -0.0229835510253906 0.674560546875 -0.4595947265625
0.0258750915527344 -0.0547027587890625 0.19122314453125 -1.00225830078125
-0.0158596038818359 -0.0233783721923828 -0.6453857421875 -0.59478759765625
-0.0115489959716797 0.023834228515625 -0.64990234375 0.14422607421875
0.00380706787109375 0.0194721221923828 -0.29595947265625 0.4259033203125
0.0123729705810547 0.00294113159179688 0.076019287109375 0.34063720703125
0.0088348388671875 0.0318069458007813 0.238510131835938 0.0967559814453125
0.000396728515625003 0.0311222076416016 -0.228561401367188 -0.1673583984375
0.0159645080566406 0.00832843780517578 -0.0452880859375 -0.371826171875
0.000831604003906248 0.0187034606933594 0.325408935546875 -0.38739013671875
-0.0107650756835938 0.0361328125 0.7088623046875 -0.0753173828125
-0.0154657363891602 -0.00991535186767578 0.59423828125 0.595947265625
-0.000854492187500001 -0.0837631225585938 -0.0717163085937499 0.92987060546875
0.0433578491210937 -0.0123138427734375 -0.51177978515625 0.51336669921875
0.0697479248046875 0.0295944213867188 0.0318756103515625 0.0685653686523438
0.06158447265625 -0.022613525390625 0.66839599609375 -0.4547119140625
0.0256118774414063 -0.0581703186035156 0.1900634765625 -0.99078369140625
-0.0175933837890625 -0.0271205902099609 -0.642333984375 -0.5838623046875
-0.0140933990478516 0.0241241455078125 -0.64776611328125 0.15130615234375
-0.000196456909179687 0.0222930908203125 -0.294647216796875 0.431182861328125
0.0114297866821289 0.00463485717773438 0.077545166015625 0.3455810546875
0.00808334350585938 0.0345554351806641 0.243362426757812 0.102767944335937
0.00298690795898437 0.02734375 -0.223846435546875 -0.165603637695313
0.01336669921875 0.00850009918212891 -0.038238525390625 -0.3662109375
0.00191307067871094 0.0202236175537109 0.3272705078125 -0.3824462890625
-0.00966644287109375 0.0354232788085938 0.70709228515625 -0.0653076171875
-0.0149726867675781 -0.00988483428955078 0.59033203125 0.6109619140625
-0.000770568847656248 -0.0824356079101563 -0.07598876953125 0.93792724609375
0.041351318359375 -0.0103569030761719 -0.5201416015625 0.515411376953125
0.0677833557128906 0.033050537109375 0.0254478454589844 0.0680465698242188
0.0600814819335938 -0.0223770141601563 0.658203125 -0.45599365234375
0.023529052734375 -0.0565528869628906 0.17694091796875 -0.98590087890625
-0.0165615081787109 -0.0257854461669922 -0.65087890625 -0.57330322265625
-0.0140171051025391 0.0230503082275391 -0.6495361328125 0.16082763671875
0.000242233276367186 0.0219135284423828 -0.295379638671875 0.439117431640625
0.00688982009887695 0.00533676147460938 0.07904052734375 0.350006103515625
0.0112133026123047 0.0267658233642578 0.243011474609375 0.105453491210937
0.0043487548828125 0.0220584869384766 -0.2196044921875 -0.160171508789063
0.0131292343139648 0.00473594665527344 -0.03729248046875 -0.3621826171875
0.00121116638183594 0.0207176208496094 0.326019287109375 -0.3717041015625
-0.00713729858398437 0.0377845764160156 0.70556640625 -0.050048828125
-0.0133161544799805 -0.00781631469726563 0.581787109375 0.61993408203125
-0.00231933593749999 -0.0779266357421875 -0.0895996093749999 0.9425048828125
0.0349693298339844 -0.00638580322265625 -0.52978515625 0.515960693359375
0.0601692199707031 0.0318222045898438 0.0216484069824219 0.0671195983886719
0.054168701171875 -0.018218994140625 0.654052734375 -0.4522705078125
0.0206794738769531 -0.0509605407714844 0.17364501953125 -0.9776611328125
-0.0151214599609375 -0.0219898223876953 -0.652587890625 -0.5614013671875
-0.0123405456542969 0.0254840850830078 -0.6497802734375 0.172119140625
0.00184059143066406 0.0210037231445312 -0.293548583984375 0.441864013671875
0.00705766677856445 0.00060272216796875 0.08587646484375 0.35223388671875
0.0137290954589844 0.0243034362792969 0.247940063476562 0.111465454101562
0.00459671020507813 0.0184383392333984 -0.214981079101563 -0.155914306640625
0.0138893127441406 0.000257492065429688 -0.03253173828125 -0.36041259765625
0.00722503662109375 0.0183677673339844 0.329620361328125 -0.36834716796875
-0.00168991088867188 0.0374908447265625 0.70489501953125 -0.03948974609375
-0.0108327865600586 0.00159931182861328 0.5802001953125 0.63165283203125
-0.00421142578125 -0.0689735412597656 -0.09588623046875 0.94525146484375
0.0298614501953125 -0.00230979919433594 -0.53533935546875 0.510162353515625
0.0528984069824219 0.0321273803710938 0.0230178833007813 0.06573486328125
0.0481796264648437 -0.0165214538574219 0.647216796875 -0.4554443359375
0.0187644958496094 -0.0421714782714844 0.1617431640625 -0.976318359375
-0.0101728439331055 -0.0146713256835938 -0.65936279296875 -0.5489501953125
-0.00564765930175781 0.0261478424072266 -0.64898681640625 0.18212890625
0.00603866577148438 0.0180416107177734 -0.29241943359375 0.448333740234375
0.00744342803955078 -0.00406980514526367 0.087860107421875 0.356903076171875
0.0133304595947266 0.0165786743164063 0.249465942382813 0.113189697265625
0.00348377227783203 0.014307975769043 -0.215576171875 -0.15216064453125
0.0173149108886719 -0.00812625885009766 -0.02862548828125 -0.35809326171875
0.0115251541137695 0.0121679306030273 0.332611083984375 -0.364105224609375
0.0053558349609375 0.0395889282226563 0.70806884765625 -0.03125
-0.00603342056274414 0.00836944580078125 0.5743408203125 0.6405029296875
-0.00587081909179688 -0.0599327087402344 -0.10687255859375 0.9495849609375
0.0236873626708984 0.00232315063476562 -0.539093017578125 0.510345458984375
0.0470733642578125 0.0325050354003906 0.0227546691894531 0.0662727355957031
0.0414543151855469 -0.0108833312988281 0.64410400390625 -0.4598388671875
0.014862060546875 -0.0314769744873047 0.15167236328125 -0.9736328125
-0.00865030288696289 -0.00334882736206055 -0.66510009765625 -0.53955078125
0.00178718566894532 0.0280551910400391 -0.6478271484375 0.1888427734375
0.0105695724487305 0.0128726959228516 -0.289794921875 0.44903564453125
0.00958919525146484 -0.0134687423706055 0.09124755859375 0.3570556640625
0.014129638671875 0.0121345520019531 0.251541137695313 0.115432739257813
0.00126838684082031 0.0103511810302734 -0.214202880859375 -0.149032592773437
0.0190639495849609 -0.0153636932373047 -0.0252685546875 -0.35797119140625
0.0166053771972656 0.00802421569824219 0.33319091796875 -0.360382080078125
0.0118904113769531 0.0435829162597656 0.70672607421875 -0.02691650390625
-0.00218296051025391 0.0173492431640625 0.570556640625 0.64373779296875
-0.00974655151367188 -0.0506591796875 -0.11346435546875 0.94891357421875
0.015986442565918 0.00531673431396484 -0.5416259765625 0.50482177734375
0.04095458984375 0.0302581787109375 0.0272865295410156 0.0646133422851562
0.0350017547607422 -0.00925254821777344 0.64501953125 -0.46380615234375
0.0103206634521484 -0.0220966339111328 0.1490478515625 -0.973876953125
-0.00213336944580078 0.00784730911254883 -0.66485595703125 -0.53289794921875
0.0107631683349609 0.0281715393066406 -0.64459228515625 0.1917724609375
0.0159673690795898 0.00714492797851563 -0.287353515625 0.4481201171875
0.0126762390136719 -0.0198593139648438 0.095306396484375 0.355133056640625
0.0125484466552734 0.00770759582519531 0.253021240234375 0.1158447265625
0.000751495361328125 0.0085597038269043 -0.215682983398438 -0.147506713867188
0.024078369140625 -0.0234489440917969 -0.025543212890625 -0.35931396484375
0.0225143432617188 0.00253677368164063 0.33441162109375 -0.362945556640625
0.0190010070800781 0.0450935363769531 0.7103271484375 -0.02947998046875
0.00099945068359375 0.0256328582763672 0.5736083984375 0.64410400390625
-0.0113143920898438 -0.0425453186035156 -0.1141357421875 0.948486328125
0.0118780136108398 0.00737667083740234 -0.538177490234375 0.5050048828125
0.0360374450683594 0.0291213989257813 0.0314674377441406 0.0636787414550781
0.0305671691894531 -0.00675010681152344 0.6456298828125 -0.47015380859375
0.00985336303710938 -0.0129022598266602 0.14642333984375 -0.97991943359375
0.000761032104492187 0.0164928436279297 -0.6661376953125 -0.536376953125
0.0177154541015625 0.0296077728271484 -0.64471435546875 0.1920166015625
0.0202159881591797 0.00251007080078125 -0.287139892578125 0.4471435546875
0.0171108245849609 -0.0267543792724609 0.09576416015625 0.35345458984375
0.013249397277832 0.00567817687988281 0.2523193359375 0.114608764648438
0.00165367126464844 0.0336627960205078 -0.233001708984375 -0.16912841796875
0.0182209014892578 0.00614738464355469 -0.0511474609375 -0.372222900390625
0.00507736206054688 0.0196990966796875 0.322265625 -0.399444580078125
-0.00600814819335938 0.0358428955078125 0.70843505859375 -0.09716796875
-0.0145339965820313 -0.00718116760253906 0.6075439453125 0.5806884765625
-0.00365447998046875 -0.0789031982421875 -0.04876708984375 0.92462158203125
0.0439186096191406 -0.0128822326660156 -0.49749755859375 0.516754150390625
0.0713729858398438 0.028076171875 0.0400047302246094 0.0671958923339844
0.062835693359375 -0.0243339538574219 0.6656494140625 -0.466064453125
0.0252838134765625 -0.0543479919433594 0.177490234375 -1.0003662109375
-0.0153160095214844 -0.0231189727783203 -0.6494140625 -0.58282470703125
-0.0108890533447266 0.0237445831298828 -0.64556884765625 0.1524658203125
0.00337409973144531 0.0193500518798828 -0.28662109375 0.42987060546875
0.0104169845581055 0.00320720672607422 0.08258056640625 0.3397216796875
0.0110054016113281 0.0329170227050781 0.240142822265625 0.0931854248046875
0.00107002258300782 0.0301055908203125 -0.231002807617187 -0.164352416992188
0.0170583724975586 0.0085906982421875 -0.0513916015625 -0.368011474609375
0.00121307373046875 0.0208415985107422 0.31854248046875 -0.38922119140625
-0.0094146728515625 0.035308837890625 0.70343017578125 -0.08612060546875
-0.0155954360961914 -0.0108613967895508 0.60052490234375 0.58502197265625
-0.00287628173828124 -0.0830230712890625 -0.0597534179687499 0.92510986328125
0.0434913635253906 -0.01324462890625 -0.50482177734375 0.51605224609375
0.0698509216308594 0.0293464660644531 0.0326347351074219 0.067779541015625
0.0612564086914063 -0.02410888671875 0.65869140625 -0.4581298828125
0.0236244201660156 -0.058929443359375 0.17645263671875 -0.9881591796875
-0.0163726806640625 -0.0270252227783203 -0.6478271484375 -0.571533203125
-0.0142955780029297 0.0242443084716797 -0.6441650390625 0.161376953125
0.000722885131835936 0.0221004486083984 -0.285003662109375 0.433807373046875
0.00949382781982422 0.00591373443603516 0.085174560546875 0.34503173828125
0.0103721618652344 0.032989501953125 0.2454833984375 0.099334716796875
0.00505638122558594 0.0273056030273437 -0.22705078125 -0.16339111328125
0.0138101577758789 0.009002685546875 -0.0457763671875 -0.3656005859375
0.00129318237304687 0.0229415893554688 0.321258544921875 -0.38555908203125
-0.00918960571289063 0.0353622436523438 0.70379638671875 -0.07415771484375
-0.0171413421630859 -0.0107231140136719 0.59686279296875 0.5970458984375
-0.00284576416015624 -0.0818862915039063 -0.0616455078124999 0.932861328125
0.0420341491699219 -0.0108146667480469 -0.51092529296875 0.518218994140625
0.06640625 0.0304298400878906 0.0260696411132812 0.0673904418945313
0.0601272583007813 -0.021087646484375 0.651123046875 -0.46142578125
0.0237579345703125 -0.0559425354003906 0.16485595703125 -0.98406982421875
-0.0183582305908203 -0.0263843536376953 -0.656494140625 -0.56268310546875
-0.0138721466064453 0.0237064361572266 -0.646240234375 0.1702880859375
-0.000522613525390627 0.0227146148681641 -0.286712646484375 0.44061279296875
0.00748586654663086 0.00450325012207031 0.0867919921875 0.349029541015625
0.0135154724121094 0.0272331237792969 0.244888305664063 0.101760864257813
0.00359344482421875 0.022857666015625 -0.22332763671875 -0.156097412109375
0.0129146575927734 0.00413799285888672 -0.044158935546875 -0.360321044921875
0.0019989013671875 0.0212154388427734 0.320953369140625 -0.37481689453125
-0.00551986694335938 0.0365447998046875 0.70245361328125 -0.061279296875
-0.0140085220336914 -0.00605201721191406 0.58709716796875 0.60980224609375
-0.00426483154296876 -0.0759811401367188 -0.0777587890624999 0.93756103515625
0.0357246398925781 -0.00684356689453125 -0.521453857421875 0.516815185546875
0.0616226196289063 0.0327644348144531 0.0223350524902344 0.0671920776367188
0.0534515380859375 -0.0195503234863281 0.64794921875 -0.45941162109375
0.0200462341308594 -0.0503082275390625 0.15911865234375 -0.9765625
-0.0161533355712891 -0.0222854614257813 -0.6580810546875 -0.55023193359375
-0.0105266571044922 0.0233592987060547 -0.64385986328125 0.18121337890625
0.00189590454101562 0.0208778381347656 -0.284942626953125 0.44476318359375
0.00664806365966797 0.000813484191894531 0.092010498046875 0.350982666015625
0.0144004821777344 0.0237617492675781 0.250259399414063 0.106918334960938
0.00604629516601563 0.0163726806640625 -0.2181396484375 -0.153488159179688
0.0131864547729492 -0.000690460205078125 -0.03814697265625 -0.3580322265625
0.00719642639160156 0.0178318023681641 0.32220458984375 -0.373199462890625
0.000331878662109373 0.0377197265625 0.70367431640625 -0.0516357421875
-0.0105381011962891 -0.00137424468994141 0.585693359375 0.61859130859375
-0.00615310668945313 -0.0682945251464844 -0.0830078124999999 0.94110107421875
0.0297927856445312 -0.00445365905761719 -0.525360107421875 0.515106201171875
0.0540122985839844 0.0318870544433594 0.0216712951660156 0.0673027038574219
0.0474777221679688 -0.015655517578125 0.6387939453125 -0.46270751953125
0.0166435241699219 -0.0433464050292969 0.14794921875 -0.97174072265625
-0.0116004943847656 -0.0143146514892578 -0.66290283203125 -0.53900146484375
-0.00452804565429687 0.0250606536865234 -0.64349365234375 0.188720703125
0.00709056854248047 0.0174570083618164 -0.284698486328125 0.450469970703125
0.00702810287475586 -0.00455474853515625 0.093994140625 0.35528564453125
0.0151958465576172 0.0151815414428711 0.250595092773438 0.110382080078125
0.00530147552490235 0.0136270523071289 -0.217529296875 -0.148391723632813
0.01641845703125 -0.00889301300048828 -0.03515625 -0.356597900390625
0.0109214782714844 0.0128536224365234 0.324615478515625 -0.368377685546875
0.0068206787109375 0.0403289794921875 0.704345703125 -0.0433349609375
-0.00654983520507813 0.00717926025390625 0.5814208984375 0.62774658203125
-0.00861740112304687 -0.0586662292480469 -0.0931396484375 0.944580078125
0.0227069854736328 0.002044677734375 -0.531646728515625 0.513702392578125
0.0455207824707031 0.0307998657226563 0.0235176086425781 0.0660972595214844
0.0409355163574219 -0.0119056701660156 0.63671875 -0.4658203125
0.0149955749511719 -0.032196044921875 0.140869140625 -0.971435546875
-0.00762939453125 -0.00441884994506836 -0.6697998046875 -0.52862548828125
0.00268745422363281 0.0267601013183594 -0.64208984375 0.2000732421875
0.0111417770385742 0.0132884979248047 -0.281097412109375 0.45294189453125
0.00951385498046875 -0.012171745300293 0.09881591796875 0.353851318359375
0.0154361724853516 0.0116386413574219 0.253448486328125 0.112396240234375
0.00254249572753906 0.0119600296020508 -0.21820068359375 -0.145950317382813
0.0203952789306641 -0.0157890319824219 -0.032562255859375 -0.356292724609375
0.0161886215209961 0.00701427459716797 0.3265380859375 -0.363494873046875
0.014068603515625 0.0418243408203125 0.7064208984375 -0.03704833984375
-0.00185012817382813 0.0167942047119141 0.5770263671875 0.63134765625
-0.0113258361816406 -0.0504608154296875 -0.10076904296875 0.94390869140625
0.0149936676025391 0.00344944000244141 -0.534332275390625 0.509063720703125
0.0403175354003906 0.0299530029296875 0.0263214111328125 0.0648460388183594
0.0345802307128906 -0.00981903076171875 0.63677978515625 -0.470703125
0.0118904113769531 -0.0218048095703125 0.13616943359375 -0.9727783203125
-0.00276517868041992 0.00745248794555664 -0.67047119140625 -0.5234375
0.0119838714599609 0.0277786254882813 -0.638671875 0.199951171875
0.0159664154052734 0.00800895690917969 -0.2781982421875 0.45245361328125
0.0131206512451172 -0.0199985504150391 0.099212646484375 0.353057861328125
0.0141801834106445 0.00835323333740234 0.254653930664063 0.113616943359375
0.00188064575195312 0.00973796844482422 -0.218734741210937 -0.144241333007813
0.023101806640625 -0.0229129791259766 -0.031494140625 -0.357757568359375
0.0220012664794922 0.0030670166015625 0.329132080078125 -0.3663330078125
0.0219268798828125 0.044830322265625 0.70745849609375 -0.04022216796875
0.00141334533691406 0.0248432159423828 0.57879638671875 0.630615234375
-0.0124053955078125 -0.0411567687988281 -0.09967041015625 0.94439697265625
0.0120458602905273 0.00710487365722656 -0.52960205078125 0.5081787109375
0.0374069213867188 0.0292434692382813 0.0328330993652344 0.0633621215820313
0.0292510986328125 -0.0069732666015625 0.6376953125 -0.47515869140625
0.00978755950927734 -0.0124273300170898 0.1334228515625 -0.97857666015625
0.00185203552246094 0.0167474746704102 -0.6712646484375 -0.52520751953125
0.0194168090820313 0.0278110504150391 -0.64044189453125 0.20037841796875
0.0212478637695313 0.00275039672851563 -0.277984619140625 0.4505615234375
0.0157623291015625 -0.0276012420654297 0.101165771484375 0.352752685546875
0.0137004852294922 0.00393867492675781 0.254379272460938 0.112945556640625
0.00315284729003906 0.0333423614501953 -0.235214233398438 -0.16424560546875
0.0179462432861328 0.00565147399902344 -0.0577392578125 -0.368927001953125
0.00487136840820313 0.0192832946777344 0.3153076171875 -0.40008544921875
-0.00529861450195312 0.0351829528808594 0.704345703125 -0.10675048828125
-0.0159053802490234 -0.00810909271240235 0.61163330078125 0.5682373046875
-0.005584716796875 -0.0779647827148438 -0.037353515625 0.920654296875
0.0428047180175781 -0.0144882202148438 -0.4884033203125 0.518798828125
0.0718612670898438 0.0266036987304688 0.0405654907226563 0.0665245056152344
0.0606498718261719 -0.0246505737304688 0.65478515625 -0.47149658203125
0.0247421264648438 -0.0545921325683594 0.16510009765625 -0.99700927734375
-0.0148811340332031 -0.0238285064697266 -0.65234375 -0.57318115234375
-0.00890159606933594 0.0223312377929688 -0.63970947265625 0.1610107421875
0.0047149658203125 0.0198154449462891 -0.280975341796875 0.432647705078125
0.0113887786865234 0.00332355499267578 0.088104248046875 0.336700439453125
0.0121688842773437 0.0329036712646484 0.2408447265625 0.0909576416015625
0.002593994140625 0.0311698913574219 -0.2330322265625 -0.160995483398438
0.0164098739624023 0.00876712799072265 -0.058197021484375 -0.3660888671875
0.00181198120117187 0.0218429565429687 0.309600830078125 -0.393310546875
-0.00713729858398438 0.0355262756347656 0.69976806640625 -0.09564208984375
-0.0171318054199219 -0.0113134384155273 0.60296630859375 0.57421875
-0.00443267822265625 -0.0828704833984375 -0.0489501953125 0.92120361328125
0.0433082580566406 -0.0129318237304688 -0.496124267578125 0.51971435546875
0.0706100463867188 0.0295639038085937 0.0318603515625 0.066802978515625
0.06024169921875 -0.0249519348144531 0.650390625 -0.46258544921875
0.0236129760742188 -0.0586814880371094 0.163330078125 -0.98529052734375
-0.0166034698486328 -0.026611328125 -0.6514892578125 -0.5621337890625
-0.0124988555908203 0.0235157012939453 -0.6390380859375 0.16748046875
0.000192642211914062 0.0213451385498047 -0.278533935546875 0.4373779296875
0.00903701782226563 0.00507164001464844 0.092254638671875 0.34173583984375
0.010345458984375 0.0331268310546875 0.2469482421875 0.096405029296875
0.00631904602050781 0.0273075103759766 -0.22796630859375 -0.158889770507813
0.0124454498291016 0.00872135162353516 -0.0528564453125 -0.363037109375
0.00242805480957031 0.0226974487304688 0.31451416015625 -0.38995361328125
-0.00736618041992188 0.0357894897460937 0.70068359375 -0.083984375
-0.0173110961914063 -0.0116434097290039 0.599853515625 0.58453369140625
-0.0049896240234375 -0.0815353393554688 -0.0516967773437499 0.92901611328125
0.0422134399414062 -0.0112075805664062 -0.502197265625 0.52142333984375
0.0678253173828125 0.0299186706542969 0.0275230407714844 0.0670127868652344
0.0589408874511719 -0.0232467651367188 0.6392822265625 -0.46612548828125
0.0217552185058594 -0.0561676025390625 0.152099609375 -0.981201171875
-0.0166378021240234 -0.0265617370605469 -0.65728759765625 -0.55255126953125
-0.0132198333740234 0.0228214263916016 -0.64178466796875 0.179443359375
0.000665664672851563 0.0219573974609375 -0.278564453125 0.4444580078125
0.00717687606811523 0.0046391487121582 0.092315673828125 0.346160888671875
0.0145473480224609 0.0267601013183594 0.24676513671875 0.09991455078125
0.00574302673339844 0.0237388610839844 -0.2254638671875 -0.153305053710938
0.013361930847168 0.00539779663085938 -0.0501708984375 -0.3577880859375
0.0025634765625 0.0213222503662109 0.313323974609375 -0.379638671875
-0.00511932373046875 0.0360603332519531 0.699462890625 -0.07012939453125
-0.0140371322631836 -0.00853347778320313 0.593017578125 0.59625244140625
-0.00560760498046876 -0.0764389038085937 -0.0676269531250001 0.93157958984375
0.0356025695800781 -0.00699615478515625 -0.5123291015625 0.5196533203125
0.06121826171875 0.0317535400390625 0.0233802795410156 0.0669898986816406
0.0536918640136719 -0.0191993713378906 0.6376953125 -0.46392822265625
0.0191612243652344 -0.0506973266601563 0.1490478515625 -0.9730224609375
-0.0159492492675781 -0.0219612121582031 -0.66180419921875 -0.53997802734375
-0.008514404296875 0.0233688354492188 -0.63934326171875 0.18853759765625
0.00245857238769531 0.0211181640625 -0.2760009765625 0.44915771484375
0.00727272033691406 0.000701904296875 0.0990295410156249 0.34857177734375
0.0146427154541016 0.0235366821289063 0.250473022460938 0.104171752929688
0.00722312927246094 0.0186214447021484 -0.221725463867188 -0.151824951171875
0.0129413604736328 -0.0009918212890625 -0.042999267578125 -0.35400390625
0.00611305236816406 0.0175580978393555 0.31597900390625 -0.374969482421875
0.000679016113281254 0.0379676818847656 0.69964599609375 -0.060546875
-0.0106897354125977 -0.00144863128662109 0.588623046875 0.60723876953125
-0.008148193359375 -0.068511962890625 -0.0717773437500001 0.9364013671875
0.0296726226806641 -0.00329780578613281 -0.5157470703125 0.517425537109375
0.0542373657226562 0.0313529968261719 0.0216293334960938 0.0653953552246094
0.0476913452148438 -0.0170783996582031 0.630126953125 -0.46630859375
0.0179710388183594 -0.0431671142578125 0.135986328125 -0.969970703125
-0.012791633605957 -0.0132932662963867 -0.66595458984375 -0.526123046875
-0.00360870361328125 0.0256557464599609 -0.637451171875 0.19854736328125
0.00462436676025391 0.0157403945922852 -0.274444580078125 0.451507568359375
0.007537841796875 -0.00521755218505859 0.1005859375 0.35174560546875
0.0153436660766602 0.0159664154052734 0.252166748046875 0.107711791992188
0.0061483383178711 0.0153999328613281 -0.218399047851562 -0.1451416015625
0.015711784362793 -0.00681400299072266 -0.040740966796875 -0.354461669921875
0.0117568969726563 0.0134315490722656 0.318115234375 -0.369476318359375
0.008331298828125 0.0394172668457031 0.70062255859375 -0.05267333984375
-0.00807571411132813 0.00720787048339844 0.58477783203125 0.61492919921875
-0.0101470947265625 -0.0592384338378906 -0.0818481445312499 0.9390869140625
0.0225372314453125 0.00055694580078125 -0.520538330078125 0.516510009765625
0.0473060607910156 0.0317192077636719 0.0230522155761719 0.0651779174804688
0.0416259765625 -0.0125808715820313 0.62646484375 -0.469970703125
0.0134639739990234 -0.0319423675537109 0.12628173828125 -0.969970703125
-0.00748157501220703 -0.00347995758056641 -0.67169189453125 -0.51806640625
0.00515365600585937 0.0255069732666016 -0.63592529296875 0.20599365234375
0.0101766586303711 0.0135993957519531 -0.27227783203125 0.455108642578125
0.00968456268310547 -0.0120277404785156 0.10394287109375 0.352142333984375
0.0163002014160156 0.0109996795654297 0.254425048828125 0.107742309570313
0.00366401672363281 0.0116672515869141 -0.220428466796875 -0.142440795898438
0.020111083984375 -0.0165920257568359 -0.037689208984375 -0.354217529296875
0.0160942077636719 0.00965118408203125 0.32080078125 -0.36712646484375
0.0159263610839844 0.0415420532226563 0.70184326171875 -0.04644775390625
-0.00174999237060547 0.0160417556762695 0.5821533203125 0.61968994140625
-0.0118331909179687 -0.0501556396484375 -0.08837890625 0.94061279296875
0.0147371292114258 0.00332546234130859 -0.5230712890625 0.5103759765625
0.0409812927246094 0.0309982299804688 0.0277595520019531 0.0644111633300781
0.0327796936035156 -0.00920295715332031 0.62738037109375 -0.47430419921875
0.0124111175537109 -0.020660400390625 0.1236572265625 -0.96875
-0.00183439254760742 0.00666570663452148 -0.67352294921875 -0.51300048828125
0.0118274688720703 0.0266361236572266 -0.63287353515625 0.20855712890625
0.0154199600219727 0.0073394775390625 -0.271453857421875 0.455108642578125
0.0120353698730469 -0.0207481384277344 0.10638427734375 0.352569580078125
0.0143795013427734 0.00764656066894531 0.255584716796875 0.109954833984375
0.00339984893798828 0.0105085372924805 -0.221282958984375 -0.141128540039062
0.022674560546875 -0.0220432281494141 -0.0369873046875 -0.355560302734375
0.0215187072753906 0.003814697265625 0.323211669921875 -0.37017822265625
0.0220489501953125 0.0438308715820313 0.70391845703125 -0.05181884765625
0.00151252746582031 0.0236625671386719 0.58489990234375 0.61865234375
-0.0143165588378906 -0.041046142578125 -0.0889892578124999 0.94097900390625
0.0130853652954102 0.00607776641845703 -0.52069091796875 0.509857177734375
0.0376739501953125 0.0286445617675781 0.0333824157714844 0.0631217956542969
0.029754638671875 -0.0086212158203125 0.6290283203125 -0.4810791015625
0.00974178314208984 -0.01202392578125 0.11993408203125 -0.97393798828125
0.00236415863037109 0.0161609649658203 -0.67425537109375 -0.51300048828125
0.0197086334228516 0.0266780853271484 -0.6341552734375 0.20770263671875
0.0211391448974609 0.00193214416503906 -0.27020263671875 0.4530029296875
0.0153865814208984 -0.0268840789794922 0.107269287109375 0.349365234375
0.0145320892333984 0.00355720520019531 0.256195068359375 0.109161376953125
0.00520706176757812 0.0337486267089844 -0.237045288085938 -0.161819458007812
0.0191173553466797 0.00704002380371094 -0.062164306640625 -0.365692138671875
0.00634574890136719 0.0195751190185547 0.309112548828125 -0.4033203125
-0.00429725646972656 0.0347061157226563 0.69854736328125 -0.1153564453125
-0.0165767669677734 -0.00763702392578125 0.61419677734375 0.55572509765625
-0.00682830810546875 -0.0780105590820313 -0.0276489257812501 0.915283203125
0.043426513671875 -0.0138130187988281 -0.478912353515625 0.5211181640625
0.0717849731445313 0.0267791748046875 0.0400619506835938 0.0658721923828125
0.0609397888183594 -0.0243110656738281 0.64678955078125 -0.47430419921875
0.0230789184570312 -0.0539283752441406 0.1556396484375 -0.9921875
-0.0142230987548828 -0.0231647491455078 -0.65496826171875 -0.56182861328125
-0.00848007202148438 0.0223655700683594 -0.63519287109375 0.16729736328125
0.00421142578125 0.0178565979003906 -0.27215576171875 0.43310546875
0.0105142593383789 0.00270748138427734 0.09228515625 0.335052490234375
0.0125007629394531 0.0310211181640625 0.243301391601562 0.0880889892578125
0.00398063659667969 0.0303764343261719 -0.235946655273438 -0.157562255859375
0.0158519744873047 0.00853919982910156 -0.06378173828125 -0.363189697265625
0.00205039978027344 0.0218620300292969 0.305084228515625 -0.393524169921875
-0.00727653503417969 0.0347537994384766 0.69390869140625 -0.1055908203125
-0.0171995162963867 -0.0123414993286133 0.6053466796875 0.56182861328125
-0.00652313232421875 -0.0819168090820313 -0.0377197265625001 0.9139404296875
0.0423965454101563 -0.0133628845214844 -0.48760986328125 0.51898193359375
0.0701255798339844 0.0282745361328125 0.0314102172851563 0.0658988952636719
0.0599555969238281 -0.0248336791992187 0.64111328125 -0.4676513671875
0.0233154296875 -0.0586128234863281 0.15350341796875 -0.980224609375
-0.0171165466308594 -0.0270519256591797 -0.6539306640625 -0.5504150390625
-0.0120620727539062 0.0228500366210938 -0.633544921875 0.1749267578125
1.33514404296856E-05 0.0209884643554688 -0.27117919921875 0.43804931640625
0.00929641723632813 0.00408649444580078 0.096099853515625 0.3382568359375
0.0116863250732422 0.0318927764892578 0.246810913085938 0.0940704345703125
0.00819015502929688 0.0279388427734375 -0.23052978515625 -0.1571044921875
0.0138769149780273 0.00722503662109375 -0.057525634765625 -0.36004638671875
0.00322914123535156 0.0235843658447266 0.307525634765625 -0.38995361328125
-0.00618171691894531 0.034820556640625 0.69537353515625 -0.09271240234375
-0.0181312561035156 -0.0127353668212891 0.6024169921875 0.57257080078125
-0.00633239746093751 -0.0800857543945313 -0.042236328125 0.923583984375
0.0414924621582031 -0.0119705200195312 -0.493988037109375 0.52191162109375
0.0672454833984375 0.02850341796875 0.0280838012695313 0.0653724670410156
0.0581092834472656 -0.0225067138671875 0.63226318359375 -0.47021484375
0.0211219787597656 -0.056549072265625 0.14056396484375 -0.9765625
-0.0181083679199219 -0.0273189544677734 -0.660400390625 -0.5406494140625
-0.0118770599365234 0.022186279296875 -0.63494873046875 0.185791015625
0.00175666809082031 0.0222759246826172 -0.271209716796875 0.44451904296875
0.00621223449707031 0.00479555130004883 0.09722900390625 0.34423828125
0.0149936676025391 0.0250205993652344 0.248336791992188 0.096527099609375
0.00667572021484375 0.0245532989501953 -0.226547241210938 -0.151504516601562
0.0134363174438477 0.00468158721923828 -0.0562744140625 -0.354827880859375
0.003692626953125 0.0218467712402344 0.30731201171875 -0.378814697265625
-0.00307655334472656 0.0348339080810547 0.69427490234375 -0.078125
-0.0140695571899414 -0.0084238052368164 0.5955810546875 0.58380126953125
-0.00870513916015625 -0.074798583984375 -0.05572509765625 0.92803955078125
0.0351829528808594 -0.00786590576171875 -0.50225830078125 0.521026611328125
0.061370849609375 0.0308380126953125 0.022979736328125 0.0668106079101562
0.0524330139160156 -0.019378662109375 0.62786865234375 -0.466552734375
0.0187644958496094 -0.0511283874511719 0.1365966796875 -0.968994140625
-0.0166759490966797 -0.0226917266845703 -0.66290283203125 -0.52667236328125
-0.00940704345703125 0.0232524871826172 -0.633056640625 0.1937255859375
0.00324821472167969 0.0204658508300781 -0.26885986328125 0.44708251953125
0.00707721710205078 -0.000201225280761719 0.103118896484375 0.34698486328125
0.0157527923583984 0.0236701965332031 0.252456665039063 0.0999298095703125
0.00924110412597656 0.0192718505859375 -0.2222900390625 -0.149246215820312
0.0117740631103516 -0.000165939331054688 -0.05047607421875 -0.354156494140625
0.00687980651855469 0.0180072784423828 0.31097412109375 -0.37677001953125
0.00270843505859375 0.0343589782714844 0.6951904296875 -0.07061767578125
-0.0109186172485352 -0.00123023986816406 0.593017578125 0.595703125
-0.00955963134765624 -0.0688247680664063 -0.06201171875 0.92901611328125
0.0306587219238281 -0.00563430786132813 -0.5096435546875 0.519805908203125
0.0541038513183594 0.0305328369140625 0.0218009948730469 0.0658149719238281
0.0459022521972656 -0.0172386169433594 0.6207275390625 -0.46966552734375
0.0159492492675781 -0.0426139831542969 0.12432861328125 -0.96868896484375
-0.0124588012695313 -0.0147314071655273 -0.66827392578125 -0.5155029296875
-0.0021820068359375 0.0228080749511719 -0.633544921875 0.20361328125
0.00689315795898438 0.0164289474487305 -0.267913818359375 0.45452880859375
0.00611066818237305 -0.00530481338500977 0.105499267578125 0.34967041015625
0.0159997940063477 0.014714241027832 0.2547607421875 0.104202270507813
0.00745010375976563 0.0138788223266602 -0.221389770507812 -0.143295288085938
0.0158529281616211 -0.008392333984375 -0.0467529296875 -0.352264404296875
0.0110692977905273 0.0138483047485352 0.31158447265625 -0.37152099609375
0.0097198486328125 0.0381317138671875 0.69683837890625 -0.061767578125
-0.00728225708007813 0.00670289993286133 0.59002685546875 0.6029052734375
-0.0118560791015625 -0.0582160949707031 -0.07232666015625 0.93304443359375
0.0220584869384766 1.33514404296875E-05 -0.51397705078125 0.516876220703125
0.048004150390625 0.0293922424316406 0.0245246887207031 0.0640792846679688
0.0402107238769531 -0.0125160217285156 0.61773681640625 -0.47442626953125
0.0122547149658203 -0.0316829681396484 0.116943359375 -0.9639892578125
-0.00699281692504883 -0.00347375869750976 -0.6737060546875 -0.5068359375
0.00521469116210937 0.0249252319335938 -0.6304931640625 0.2132568359375
0.0100021362304688 0.0119514465332031 -0.265289306640625 0.456390380859375
0.0101184844970703 -0.0121183395385742 0.10906982421875 0.34906005859375
0.0164346694946289 0.0104475021362305 0.256973266601563 0.105499267578125
0.00567150115966797 0.0113534927368164 -0.2220458984375 -0.141082763671875
0.0191326141357422 -0.0157012939453125 -0.044525146484375 -0.351470947265625
0.0157175064086914 0.00944328308105469 0.313720703125 -0.36883544921875
0.0168190002441406 0.0415191650390625 0.6976318359375 -0.05670166015625
-0.00112724304199219 0.0144853591918945 0.5848388671875 0.60931396484375
-0.0126953125 -0.0496444702148438 -0.0785522460937501 0.93426513671875
0.0166139602661133 0.00321102142333984 -0.516265869140625 0.51177978515625
0.0412254333496094 0.0305404663085937 0.0288810729980469 0.0630035400390625
0.0345611572265625 -0.0103569030761719 0.61651611328125 -0.47845458984375
0.0106029510498047 -0.0214214324951172 0.11566162109375 -0.9644775390625
-0.00154733657836914 0.00654220581054688 -0.6744384765625 -0.501708984375
0.0128631591796875 0.0250682830810547 -0.62744140625 0.21490478515625
0.016021728515625 0.00781059265136719 -0.261993408203125 0.454864501953125
0.0130767822265625 -0.0196495056152344 0.111328125 0.34918212890625
0.0161676406860352 0.00713539123535156 0.257171630859375 0.107391357421875
0.00467300415039063 0.0110645294189453 -0.223770141601562 -0.139114379882813
0.0225334167480469 -0.0221748352050781 -0.041168212890625 -0.3525390625
0.0223598480224609 0.00452232360839844 0.3172607421875 -0.372283935546875
0.024078369140625 0.0430717468261719 0.6998291015625 -0.05853271484375
0.00171661376953125 0.0234107971191406 0.5885009765625 0.60748291015625
-0.0154609680175781 -0.0403327941894531 -0.07916259765625 0.93328857421875
0.0141887664794922 0.00579643249511719 -0.5123291015625 0.51275634765625
0.0376358032226563 0.0281753540039063 0.0333786010742188 0.0631523132324219
0.0300312042236328 -0.00766181945800781 0.6187744140625 -0.4847412109375
0.00898265838623047 -0.0129976272583008 0.10882568359375 -0.9686279296875
0.00234317779541016 0.0148506164550781 -0.6744384765625 -0.50213623046875
0.0207881927490234 0.0259342193603516 -0.62664794921875 0.21356201171875
0.0217437744140625 0.00208854675292969 -0.2623291015625 0.45343017578125
0.0150661468505859 -0.0284194946289063 0.11285400390625 0.34649658203125
0.0159225463867188 0.00412368774414063 0.255996704101563 0.105728149414063
0.00651741027832031 0.0334072113037109 -0.238311767578125 -0.158035278320312
0.0178813934326172 0.00712013244628906 -0.06805419921875 -0.362213134765625
0.00634956359863281 0.0199146270751953 0.302093505859375 -0.40283203125
-0.00345039367675781 0.0334949493408203 0.6937255859375 -0.12200927734375
-0.0158796310424805 -0.0097188949584961 0.6131591796875 0.54315185546875
-0.00897979736328124 -0.0762252807617188 -0.02001953125 0.908203125
0.043060302734375 -0.0150146484375 -0.471099853515625 0.519378662109375
0.072662353515625 0.0268020629882813 0.0400543212890625 0.0650215148925781
0.0592613220214844 -0.0247802734375 0.63568115234375 -0.4754638671875
0.0212898254394531 -0.0553550720214844 0.14410400390625 -0.986328125
-0.0162715911865234 -0.0238285064697266 -0.65716552734375 -0.552001953125
-0.0080718994140625 0.0215740203857422 -0.6263427734375 0.17279052734375
0.00533485412597656 0.0178623199462891 -0.263885498046875 0.43218994140625
0.0114316940307617 0.00200176239013672 0.098052978515625 0.33172607421875
0.0133094787597656 0.0305061340332031 0.243255615234375 0.086090087890625
0.00612831115722656 0.0327377319335938 -0.238189697265625 -0.155014038085937
0.015864372253418 0.00967788696289063 -0.067901611328125 -0.359039306640625
0.00274658203125 0.0232143402099609 0.297882080078125 -0.392791748046875
-0.00590896606445312 0.034515380859375 0.6903076171875 -0.11151123046875
-0.0175027847290039 -0.0116357803344727 0.6064453125 0.54986572265625
-0.008392333984375 -0.083221435546875 -0.0299072265625 0.90924072265625
0.0423507690429688 -0.0141754150390625 -0.479736328125 0.519317626953125
0.07147216796875 0.0280609130859375 0.0339851379394531 0.0666236877441406
0.0592727661132812 -0.0239791870117188 0.632568359375 -0.46917724609375
0.021453857421875 -0.056427001953125 0.143310546875 -0.9739990234375
-0.0176467895507813 -0.0280055999755859 -0.6549072265625 -0.5406494140625
-0.0118446350097656 0.0207424163818359 -0.62664794921875 0.17877197265625
0.00107002258300781 0.0214805603027344 -0.262298583984375 0.4361572265625
0.00810956954956055 0.00457191467285156 0.10174560546875 0.3350830078125
0.0131893157958984 0.0306587219238281 0.2489013671875 0.089874267578125
0.00952911376953125 0.0271797180175781 -0.231353759765625 -0.153579711914063
0.0135459899902344 0.00894069671630859 -0.0628662109375 -0.3570556640625
0.00262832641601563 0.0228595733642578 0.302276611328125 -0.39111328125
-0.00489616394042969 0.0337467193603516 0.689697265625 -0.1005859375
-0.0180187225341797 -0.0114345550537109 0.604248046875 0.562744140625
-0.00805664062499999 -0.0792999267578125 -0.0318603515625 0.91717529296875
0.0401115417480469 -0.0126495361328125 -0.4866943359375 0.522552490234375
0.0679206848144531 0.0277976989746094 0.0279273986816406 0.0657310485839844
0.0574684143066406 -0.0239143371582031 0.62322998046875 -0.471923828125
0.0187759399414062 -0.0555381774902344 0.1334228515625 -0.971435546875
-0.0185604095458984 -0.0270767211914062 -0.66143798828125 -0.5318603515625
-0.0113201141357422 0.0215072631835937 -0.62872314453125 0.18963623046875
0.00189399719238281 0.0217666625976562 -0.265106201171875 0.44439697265625
0.00716018676757813 0.00525522232055664 0.10162353515625 0.3406982421875
0.0161781311035156 0.0255756378173828 0.248580932617188 0.0927886962890625
0.007476806640625 0.0239353179931641 -0.2293701171875 -0.147659301757812
0.0129327774047852 0.00462245941162109 -0.06085205078125 -0.35308837890625
0.00478172302246094 0.0225601196289063 0.300872802734375 -0.38116455078125
-0.00301742553710937 0.0358734130859375 0.688232421875 -0.08612060546875
-0.015467643737793 -0.00962257385253906 0.59613037109375 0.5723876953125
-0.0101089477539063 -0.0741806030273438 -0.0478515625 0.919921875
0.0368270874023438 -0.00798416137695313 -0.49652099609375 0.5186767578125
0.0613594055175781 0.0299301147460938 0.0234375 0.0657844543457031
0.05084228515625 -0.0194969177246094 0.617919921875 -0.46942138671875
0.0182304382324219 -0.050994873046875 0.1268310546875 -0.9632568359375
-0.0150375366210937 -0.0223293304443359 -0.66302490234375 -0.518798828125
-0.00833320617675781 0.0224971771240234 -0.6263427734375 0.20068359375
0.00366020202636718 0.0200424194335937 -0.261383056640625 0.447662353515625
0.00672769546508789 -0.00072479248046875 0.108551025390625 0.3428955078125
0.0148334503173828 0.0223407745361328 0.2535400390625 0.099151611328125
0.00909614562988281 0.0173845291137695 -0.223129272460938 -0.144912719726563
0.0142641067504883 0.000187873840332031 -0.05560302734375 -0.3492431640625
0.00578880310058594 0.0176429748535156 0.30291748046875 -0.3770751953125
0.00278663635253906 0.0350532531738281 0.6883544921875 -0.0765380859375
-0.0115032196044922 -0.00319576263427734 0.59405517578125 0.5845947265625
-0.0111160278320312 -0.0661354064941406 -0.05462646484375 0.92156982421875
0.0294418334960937 -0.00516891479492188 -0.49945068359375 0.520172119140625
0.054962158203125 0.0296669006347656 0.0227394104003906 0.0640449523925781
0.04559326171875 -0.0168609619140625 0.61175537109375 -0.47125244140625
0.0149154663085938 -0.0414237976074219 0.11468505859375 -0.9578857421875
-0.0121574401855469 -0.0148029327392578 -0.6690673828125 -0.5037841796875
-0.00170707702636719 0.0231723785400391 -0.6263427734375 0.2117919921875
0.00577735900878906 0.0178127288818359 -0.2591552734375 0.454010009765625
0.00741958618164062 -0.0045619010925293 0.109771728515625 0.34576416015625
0.0158815383911133 0.0159263610839844 0.253692626953125 0.1005859375
0.00858020782470703 0.0141458511352539 -0.222259521484375 -0.140411376953125
0.0150575637817383 -0.00693321228027344 -0.05133056640625 -0.3480224609375
0.0116891860961914 0.0149936676025391 0.3067626953125 -0.37420654296875
0.0107383728027344 0.0379791259765625 0.6885986328125 -0.06817626953125
-0.00613641738891602 0.0042266845703125 0.59063720703125 0.59295654296875
-0.0138740539550781 -0.0574913024902344 -0.0642700195312501 0.92608642578125
0.0234909057617188 0.000230789184570312 -0.5052490234375 0.518768310546875
0.0481185913085938 0.0293693542480469 0.0242767333984375 0.0637016296386719
0.0394706726074219 -0.0125579833984375 0.61083984375 -0.47552490234375
0.0107517242431641 -0.032501220703125 0.108154296875 -0.9598388671875
-0.00818061828613281 -0.00578117370605469 -0.67327880859375 -0.4954833984375
0.00627899169921875 0.0238399505615234 -0.62249755859375 0.2178955078125
0.0112991333007813 0.0141162872314453 -0.257293701171875 0.4544677734375
0.00854301452636719 -0.0133886337280273 0.11456298828125 0.3460693359375
0.0179443359375 0.0100746154785156 0.25750732421875 0.103988647460938
0.00614738464355469 0.0125293731689453 -0.221450805664063 -0.138839721679688
0.0196685791015625 -0.0149288177490234 -0.047210693359375 -0.34783935546875
0.016387939453125 0.00882339477539063 0.30718994140625 -0.369476318359375
0.0174026489257812 0.0398139953613281 0.6923828125 -0.063720703125
-0.00203895568847656 0.0148086547851563 0.586181640625 0.598876953125
-0.0141830444335937 -0.0485153198242188 -0.0707397460937501 0.92669677734375
0.0169267654418945 0.00413131713867188 -0.50701904296875 0.51312255859375
0.0422630310058594 0.0294380187988281 0.0273590087890625 0.0626716613769531
0.0327587127685547 -0.00920295715332031 0.60870361328125 -0.47906494140625
0.0111312866210938 -0.0214290618896484 0.10394287109375 -0.95892333984375
-0.00169467926025391 0.00481462478637695 -0.67431640625 -0.491943359375
0.01348876953125 0.0255603790283203 -0.621337890625 0.2196044921875
0.0163650512695313 0.00855541229248047 -0.2552490234375 0.45574951171875
0.0112781524658203 -0.0197963714599609 0.115631103515625 0.345703125
0.0163135528564453 0.005767822265625 0.25653076171875 0.104751586914063
0.00463294982910156 0.0111722946166992 -0.2242431640625 -0.136581420898438
0.0222969055175781 -0.0227775573730469 -0.046875 -0.3489990234375
0.0222434997558594 0.00470924377441406 0.3099365234375 -0.374176025390625
0.0229034423828125 0.0431442260742188 0.6939697265625 -0.06573486328125
0.00159645080566406 0.0224056243896484 0.58843994140625 0.59619140625
-0.0153274536132813 -0.0398597717285156 -0.0695800781250001 0.92596435546875
0.0136556625366211 0.00496768951416016 -0.504302978515625 0.513916015625
0.0399513244628906 0.0271339416503906 0.0339927673339844 0.0616607666015625
0.0290069580078125 -0.00760078430175781 0.609619140625 -0.48699951171875
0.00860500335693359 -0.0128107070922852 0.1016845703125 -0.965087890625
0.00293159484863281 0.0142812728881836 -0.677001953125 -0.4920654296875
0.0203304290771484 0.0260448455810547 -0.62286376953125 0.21893310546875
0.0214214324951172 0.00198554992675781 -0.255859375 0.45404052734375
0.0139484405517578 -0.0275115966796875 0.11651611328125 0.34417724609375
0.0154218673706055 0.00300025939941406 0.257705688476563 0.10162353515625
0.00678253173828125 0.0344715118408203 -0.238906860351563 -0.156326293945313
0.0179500579833984 0.00631332397460938 -0.0711669921875 -0.359039306640625
0.00669670104980469 0.019744873046875 0.29638671875 -0.404693603515625
-0.00249099731445313 0.0330619812011719 0.68597412109375 -0.12567138671875
-0.0177993774414063 -0.00880813598632813 0.613037109375 0.532470703125
-0.00894927978515624 -0.0759963989257813 -0.0135498046875 0.8994140625
0.0429496765136719 -0.0154495239257812 -0.46368408203125 0.51788330078125
0.0718307495117188 0.025146484375 0.0391578674316406 0.0646514892578125
0.0593643188476563 -0.0238265991210938 0.6270751953125 -0.47711181640625
0.0222625732421875 -0.0549659729003906 0.1361083984375 -0.97967529296875
-0.0160732269287109 -0.0239391326904297 -0.65606689453125 -0.54241943359375
-0.00849533081054688 0.0212764739990234 -0.62158203125 0.17681884765625
0.00565147399902344 0.0191097259521484 -0.25714111328125 0.433441162109375
0.0108308792114258 0.00260162353515625 0.1002197265625 0.328887939453125
0.0159225463867187 0.0308685302734375 0.243820190429688 0.0828857421875
0.00705146789550781 0.0310821533203125 -0.237930297851563 -0.151016235351563
0.0165081024169922 0.0105562210083008 -0.072479248046875 -0.355560302734375
0.00347709655761719 0.0241165161132813 0.293243408203125 -0.395843505859375
-0.00564956665039062 0.0344047546386719 0.682861328125 -0.1177978515625
-0.0174474716186523 -0.0134391784667969 0.60546875 0.54150390625
-0.00978851318359375 -0.08056640625 -0.0229492187499999 0.90057373046875
0.0421333312988281 -0.015228271484375 -0.471832275390625 0.517669677734375
0.0709457397460938 0.0259017944335938 0.0327301025390625 0.0654754638671875
0.0577621459960938 -0.0244789123535156 0.62359619140625 -0.46942138671875
0.0202751159667969 -0.0579032897949219 0.13433837890625 -0.968994140625
-0.0178451538085937 -0.0272693634033203 -0.65533447265625 -0.5296630859375
-0.0104484558105469 0.0218925476074219 -0.6212158203125 0.1834716796875
0.001861572265625 0.0218944549560547 -0.256500244140625 0.436676025390625
0.00906562805175781 0.00388145446777344 0.103729248046875 0.332427978515625
0.0135631561279297 0.0307178497314453 0.248977661132813 0.0867156982421875
0.0108070373535156 0.0276966094970703 -0.232803344726563 -0.151046752929688
0.0133848190307617 0.00992107391357422 -0.0667724609375 -0.352752685546875
0.00301170349121094 0.0245990753173828 0.296173095703125 -0.392425537109375
-0.00431251525878906 0.0331592559814453 0.68365478515625 -0.10626220703125
-0.0178241729736328 -0.0126132965087891 0.603515625 0.552001953125
-0.00885772705078124 -0.078277587890625 -0.02557373046875 0.90838623046875
0.0399398803710938 -0.0139923095703125 -0.477142333984375 0.521087646484375
0.0678634643554688 0.0278701782226563 0.0268783569335938 0.0649833679199219
0.0571708679199219 -0.0223808288574219 0.61358642578125 -0.47344970703125
0.0185928344726562 -0.0561485290527344 0.12408447265625 -0.96502685546875
-0.0178508758544922 -0.0265693664550781 -0.66131591796875 -0.51947021484375
-0.00999069213867188 0.0205821990966797 -0.62237548828125 0.19403076171875
0.00203514099121094 0.0216522216796875 -0.257171630859375 0.44549560546875
0.00672626495361328 0.00437831878662109 0.1064453125 0.33758544921875
0.0164470672607422 0.0252571105957031 0.248886108398438 0.0897979736328125
0.00938987731933594 0.0244407653808594 -0.230392456054687 -0.144332885742188
0.0130987167358398 0.0062713623046875 -0.06390380859375 -0.3470458984375
0.00247764587402344 0.0244598388671875 0.29638671875 -0.381103515625
-0.00212287902832031 0.0347881317138672 0.6820068359375 -0.09307861328125
-0.0161314010620117 -0.00900459289550782 0.59552001953125 0.56341552734375
-0.010833740234375 -0.0743637084960937 -0.0400390625 0.91131591796875
0.0353012084960938 -0.009429931640625 -0.487823486328125 0.5201416015625
0.0621871948242188 0.028717041015625 0.0229530334472656 0.0645713806152344
0.0505752563476563 -0.0191497802734375 0.61041259765625 -0.4708251953125
0.0154228210449219 -0.05023193359375 0.119873046875 -0.9559326171875
-0.0159587860107422 -0.0224990844726563 -0.66229248046875 -0.51007080078125
-0.00623512268066406 0.0227565765380859 -0.61981201171875 0.20501708984375
0.00280952453613281 0.0198841094970703 -0.254302978515625 0.447509765625
0.00555038452148437 0.000689506530761719 0.111602783203125 0.33929443359375
0.0165004730224609 0.0225124359130859 0.252914428710938 0.0943603515625
0.0100870132446289 0.0167245864868164 -0.224853515625 -0.141830444335938
0.0127773284912109 -0.000577926635742187 -0.05865478515625 -0.345794677734375
0.00680732727050781 0.0194759368896484 0.297637939453125 -0.377593994140625
0.0027618408203125 0.0347976684570313 0.68359375 -0.08416748046875
-0.0127935409545898 -0.00319862365722656 0.59381103515625 0.57281494140625
-0.0116004943847656 -0.0650215148925781 -0.0445556640625 0.9156494140625
0.0283660888671875 -0.00489616394042969 -0.4921875 0.516815185546875
0.0550765991210938 0.0293655395507813 0.0222969055175781 0.0640335083007813
0.0466461181640625 -0.0151329040527344 0.60357666015625 -0.47216796875
0.0126380920410156 -0.0424766540527344 0.10870361328125 -0.95428466796875
-0.0119266510009766 -0.0145187377929687 -0.66741943359375 -0.49530029296875
-0.000978469848632811 0.0224437713623047 -0.6197509765625 0.215087890625
0.00767135620117188 0.0178241729736328 -0.252777099609375 0.45263671875
0.0059514045715332 -0.00477170944213867 0.1134033203125 0.34320068359375
0.018341064453125 0.0144119262695312 0.254562377929688 0.0974884033203125
0.00958728790283203 0.0144119262695313 -0.223037719726563 -0.138168334960938
0.0153694152832031 -0.00671291351318359 -0.056121826171875 -0.34527587890625
0.012721061706543 0.014404296875 0.30084228515625 -0.374176025390625
0.0102195739746094 0.0377120971679688 0.68572998046875 -0.0745849609375
-0.0080866813659668 0.00395584106445313 0.5906982421875 0.58062744140625
-0.014007568359375 -0.0574302673339844 -0.056396484375 0.9197998046875
0.0224399566650391 -0.000196456909179688 -0.49603271484375 0.517974853515625
0.0483894348144531 0.0287857055664063 0.0237617492675781 0.0635719299316406
0.0385055541992188 -0.0123481750488281 0.59967041015625 -0.47674560546875
0.0119304656982422 -0.0319690704345703 0.09814453125 -0.95001220703125
-0.00777339935302734 -0.0053415298461914 -0.67205810546875 -0.48681640625
0.00625038146972656 0.0235099792480469 -0.617919921875 0.22235107421875
0.0107841491699219 0.0125627517700195 -0.250274658203125 0.45635986328125
0.008026123046875 -0.0134048461914062 0.118438720703125 0.34197998046875
0.0178565979003906 0.0105667114257813 0.257827758789062 0.09991455078125
0.00751876831054688 0.0124530792236328 -0.223464965820313 -0.134933471679688
0.0180778503417969 -0.0131950378417969 -0.05230712890625 -0.34320068359375
0.0158967971801758 0.0101985931396484 0.303070068359375 -0.37158203125
0.0172271728515625 0.0399360656738281 0.68450927734375 -0.0703125
-0.00281810760498047 0.0145959854125977 0.58746337890625 0.5869140625
-0.0152397155761719 -0.0476913452148437 -0.0640869140624999 0.9207763671875
0.0157566070556641 0.00321769714355469 -0.498565673828125 0.51214599609375
0.0425071716308594 0.0280075073242188 0.0274887084960938 0.0632438659667969
0.0323314666748047 -0.00951957702636719 0.599853515625 -0.48004150390625
0.00942039489746094 -0.0224056243896484 0.09625244140625 -0.95318603515625
-0.00324821472167969 0.00482892990112305 -0.6719970703125 -0.48260498046875
0.0148944854736328 0.0243682861328125 -0.6153564453125 0.2237548828125
0.015589714050293 0.00767612457275391 -0.2493896484375 0.4539794921875
0.0100307464599609 -0.0203590393066406 0.11956787109375 0.341400146484375
0.0158529281616211 0.00615310668945313 0.25872802734375 0.0997772216796875
0.00719642639160156 0.0115280151367188 -0.223953247070313 -0.133407592773438
0.0216140747070312 -0.0210666656494141 -0.051666259765625 -0.346221923828125
0.0229072570800781 0.00570487976074219 0.305328369140625 -0.374481201171875
0.0241012573242188 0.0410842895507813 0.68817138671875 -0.0723876953125
0.001556396484375 0.0207099914550781 0.58892822265625 0.58624267578125
-0.0163993835449219 -0.0394630432128906 -0.0628662109375 0.91961669921875
0.0134811401367188 0.00496387481689453 -0.497161865234375 0.511383056640625
0.0391654968261719 0.0274391174316406 0.0331153869628906 0.0605888366699219
0.029632568359375 -0.00760269165039063 0.60235595703125 -0.487060546875
0.00792694091796875 -0.0129890441894531 0.091064453125 -0.9569091796875
0.00205039978027344 0.0134868621826172 -0.6748046875 -0.48297119140625
0.0208969116210937 0.0243606567382812 -0.61480712890625 0.22332763671875
0.0209827423095703 0.00237274169921875 -0.24749755859375 0.4542236328125
0.0138778686523438 -0.0281028747558594 0.1224365234375 0.340240478515625
0.0165796279907227 0.00252437591552734 0.256973266601563 0.100204467773438
0.00895118713378906 0.0327358245849609 -0.241439819335938 -0.153167724609375
0.0180244445800781 0.00799179077148438 -0.07574462890625 -0.3558349609375
0.00622940063476563 0.0209732055664062 0.290740966796875 -0.40509033203125
-0.00179481506347656 0.0326480865478516 0.6806640625 -0.132080078125
-0.01788330078125 -0.0101165771484375 0.61083984375 0.52392578125
-0.010498046875 -0.075531005859375 -0.00787353515625006 0.89227294921875
0.0430526733398438 -0.0157585144042969 -0.4578857421875 0.516143798828125
0.071990966796875 0.0241775512695313 0.0404548645019531 0.063507080078125
0.0591964721679687 -0.0246696472167969 0.619384765625 -0.477294921875
0.0190963745117188 -0.0533599853515625 0.12896728515625 -0.9737548828125
-0.0153999328613281 -0.0238780975341797 -0.65423583984375 -0.5328369140625
-0.00725364685058594 0.0196552276611328 -0.61480712890625 0.18060302734375
0.00513839721679688 0.0187015533447266 -0.252349853515625 0.43109130859375
0.0104246139526367 0.00304889678955078 0.1041259765625 0.325836181640625
0.015594482421875 0.0306358337402344 0.244338989257813 0.0807037353515625
0.0064544677734375 0.0310382843017578 -0.238525390625 -0.149444580078125
0.0163335800170898 0.0107927322387695 -0.075714111328125 -0.352203369140625
0.00358963012695313 0.0242881774902344 0.28778076171875 -0.394195556640625
-0.00489616394042969 0.0336418151855469 0.6776123046875 -0.12274169921875
-0.0186271667480469 -0.0134620666503906 0.60552978515625 0.53057861328125
-0.0110321044921875 -0.0803146362304688 -0.0177001953125001 0.8914794921875
0.0412406921386719 -0.0144615173339844 -0.464813232421875 0.514739990234375
0.0695037841796875 0.0260047912597656 0.0328445434570313 0.0649642944335938
0.0578575134277344 -0.0244598388671875 0.61676025390625 -0.46990966796875
0.0187263488769531 -0.0577735900878906 0.12835693359375 -0.96075439453125
-0.0178642272949219 -0.0271015167236328 -0.6539306640625 -0.52069091796875
-0.00935935974121094 0.0205421447753906 -0.61566162109375 0.18670654296875
0.00201797485351562 0.0216064453125 -0.248565673828125 0.4364013671875
0.00893211364746094 0.00469684600830078 0.107757568359375 0.33050537109375
0.0141277313232422 0.0299186706542969 0.248550415039063 0.085174560546875
0.0113277435302734 0.0281772613525391 -0.233261108398437 -0.147140502929688
0.0127973556518555 0.0109119415283203 -0.07073974609375 -0.348419189453125
0.00395011901855469 0.0250034332275391 0.290069580078125 -0.391845703125
-0.00481414794921875 0.0326156616210938 0.6761474609375 -0.110595703125
-0.0179824829101562 -0.0130138397216797 0.60296630859375 0.5430908203125
-0.0112075805664063 -0.077880859375 -0.0205078125 0.901123046875
0.0397071838378906 -0.0136299133300781 -0.471221923828125 0.5186767578125
0.0679435729980469 0.0275077819824219 0.0260581970214844 0.0648269653320313
0.0559921264648437 -0.0234146118164062 0.6055908203125 -0.47216796875
0.0182380676269531 -0.0551261901855469 0.116455078125 -0.95892333984375
-0.0173797607421875 -0.0269069671630859 -0.65911865234375 -0.51239013671875
-0.0099029541015625 0.0214176177978516 -0.61474609375 0.19677734375
0.000516891479492189 0.0209770202636719 -0.25054931640625 0.443695068359375
0.00583600997924805 0.00397491455078125 0.110321044921875 0.334716796875
0.01739501953125 0.0250682830810547 0.24896240234375 0.0880126953125
0.0110435485839844 0.0225868225097656 -0.23162841796875 -0.143035888671875
0.0138559341430664 0.00590038299560547 -0.069122314453125 -0.345977783203125
0.00307464599609375 0.0236606597900391 0.289154052734375 -0.381256103515625
-0.000501632690429686 0.0324611663818359 0.67608642578125 -0.09771728515625
-0.0151681900024414 -0.0107717514038086 0.59661865234375 0.55352783203125
-0.0128936767578125 -0.0734100341796875 -0.0354614257812501 0.90325927734375
0.035430908203125 -0.00907516479492188 -0.479827880859375 0.518768310546875
0.0618400573730469 0.0284347534179687 0.0240974426269531 0.0642166137695313
0.0506515502929688 -0.0199623107910156 0.6029052734375 -0.4696044921875
0.0149421691894531 -0.0503425598144531 0.1121826171875 -0.9515380859375
-0.0165138244628906 -0.0235633850097656 -0.6617431640625 -0.500244140625
-0.00588607788085937 0.0217247009277344 -0.61444091796875 0.20782470703125
0.00189018249511719 0.0205612182617187 -0.24774169921875 0.44708251953125
0.00495815277099609 -0.00041961669921875 0.1143798828125 0.335693359375
0.0170135498046875 0.0212440490722656 0.2537841796875 0.09210205078125
0.0115222930908203 0.0182037353515625 -0.2252197265625 -0.14080810546875
0.0129756927490234 0.00236701965332031 -0.062835693359375 -0.34228515625
0.00654411315917969 0.0194892883300781 0.292510986328125 -0.37689208984375
0.00380706787109375 0.0357170104980469 0.67718505859375 -0.08770751953125
-0.011927604675293 -0.00485515594482422 0.59332275390625 0.56207275390625
-0.0125236511230469 -0.06536865234375 -0.0403442382812499 0.90753173828125
0.0299186706542969 -0.00496864318847656 -0.48443603515625 0.515289306640625
0.0558586120605469 0.0287895202636719 0.0225257873535156 0.0629348754882812
0.0448799133300781 -0.017181396484375 0.5955810546875 -0.47308349609375
0.0132713317871094 -0.0414619445800781 0.101318359375 -0.94549560546875
-0.0134429931640625 -0.0145130157470703 -0.66571044921875 -0.4876708984375
-0.000144958496093749 0.0221157073974609 -0.61187744140625 0.21746826171875
0.00673103332519531 0.0169410705566406 -0.247528076171875 0.452880859375
0.00709438323974609 -0.00507831573486328 0.11724853515625 0.339874267578125
0.0193920135498047 0.0129299163818359 0.25543212890625 0.0970916748046875
0.00998401641845703 0.0158901214599609 -0.225128173828125 -0.135269165039063
0.0144462585449219 -0.00677394866943359 -0.059814453125 -0.341094970703125
0.0122137069702148 0.0149497985839844 0.295684814453125 -0.373138427734375
0.0125770568847656 0.0361328125 0.67889404296875 -0.0809326171875
-0.00876235961914063 0.00408029556274414 0.58935546875 0.57122802734375
-0.0150833129882812 -0.0556182861328125 -0.0494384765624999 0.911865234375
0.0228939056396484 -0.0015106201171875 -0.489898681640625 0.51348876953125
0.0494384765625 0.0300254821777344 0.0243110656738281 0.0626029968261719
0.0377235412597656 -0.0126152038574219 0.59130859375 -0.4757080078125
0.0106601715087891 -0.0316219329833984 0.0938110351562499 -0.945068359375
-0.00821590423583985 -0.0063943862915039 -0.66912841796875 -0.4769287109375
0.00621795654296875 0.0225086212158203 -0.6082763671875 0.22528076171875
0.0116090774536133 0.0128641128540039 -0.244415283203125 0.453765869140625
0.00788116455078125 -0.0134048461914063 0.121826171875 0.339599609375
0.0179481506347656 0.00955772399902344 0.257415771484375 0.09771728515625
0.00742053985595703 0.0121660232543945 -0.22479248046875 -0.132125854492188
0.0182628631591797 -0.014984130859375 -0.05743408203125 -0.3406982421875
0.0167131423950195 0.00993251800537109 0.295318603515625 -0.369110107421875
0.0180244445800781 0.0384407043457031 0.6810302734375 -0.0753173828125
-0.00336360931396484 0.0123109817504883 0.586669921875 0.5751953125
-0.0162849426269531 -0.0466117858886719 -0.0574340820312499 0.91314697265625
0.0166225433349609 0.00281524658203125 -0.4923095703125 0.511505126953125
0.0428276062011719 0.0275421142578125 0.0271034240722656 0.0628013610839844
0.0324878692626953 -0.00985145568847656 0.5916748046875 -0.4803466796875
0.00812339782714844 -0.0208473205566406 0.0902099609374999 -0.94342041015625
-0.00222229957580566 0.00324463844299316 -0.6697998046875 -0.47406005859375
0.0137615203857422 0.0233078002929688 -0.60662841796875 0.22723388671875
0.0160846710205078 0.00741481781005859 -0.24212646484375 0.4534912109375
0.0105648040771484 -0.0209331512451172 0.123687744140625 0.339599609375
0.0174236297607422 0.00586509704589844 0.259170532226563 0.098358154296875
0.00832366943359375 0.0102567672729492 -0.225875854492187 -0.131668090820313
0.0210685729980469 -0.0216560363769531 -0.054534912109375 -0.34295654296875
0.0235939025878906 0.00582313537597656 0.298675537109375 -0.373809814453125
0.0250434875488281 0.0405349731445313 0.6817626953125 -0.07708740234375
0.000846862792968748 0.0201892852783203 0.58880615234375 0.576904296875
-0.018951416015625 -0.0376167297363281 -0.0565185546875 0.9127197265625
0.0137643814086914 0.00431537628173828 -0.490081787109375 0.5093994140625
0.0385093688964844 0.0257377624511719 0.0327987670898437 0.0610885620117188
0.0290908813476563 -0.00798225402832031 0.593017578125 -0.48565673828125
0.00753879547119141 -0.0123071670532227 0.0865478515625001 -0.94976806640625
0.00277614593505859 0.0132341384887695 -0.67236328125 -0.47308349609375
0.0212440490722656 0.0242519378662109 -0.6075439453125 0.227294921875
0.0206642150878906 0.0025787353515625 -0.241943359375 0.4525146484375
0.0124626159667969 -0.0271224975585937 0.123779296875 0.33642578125
0.0169572830200195 0.00295639038085937 0.257095336914063 0.0967559814453125
0.0096893310546875 0.0335674285888672 -0.242019653320313 -0.151077270507813
0.0176372528076172 0.00815200805664063 -0.078399658203125 -0.35137939453125
0.00687408447265625 0.0208778381347656 0.2872314453125 -0.40386962890625
-0.00205802917480469 0.0314426422119141 0.67486572265625 -0.13629150390625
-0.0175695419311523 -0.010045051574707 0.60845947265625 0.5179443359375
-0.0110397338867187 -0.0739898681640625 -0.00512695312499994 0.8826904296875
0.0427360534667969 -0.015655517578125 -0.4517822265625 0.515045166015625
0.071258544921875 0.02374267578125 0.0396957397460938 0.0637435913085938
0.0572128295898438 -0.0245246887207031 0.61187744140625 -0.474609375
0.0183219909667969 -0.0534553527832031 0.124755859375 -0.96527099609375
-0.0161685943603516 -0.0238819122314453 -0.653564453125 -0.52642822265625
-0.00692558288574219 0.0199928283691406 -0.6083984375 0.1837158203125
0.00512504577636718 0.0195350646972656 -0.24627685546875 0.430755615234375
0.00999832153320313 0.00179576873779297 0.107635498046875 0.32318115234375
0.0160388946533203 0.030029296875 0.2435302734375 0.078826904296875
0.00913619995117188 0.0316276550292969 -0.240188598632813 -0.145843505859375
0.0154972076416016 0.00963211059570312 -0.077972412109375 -0.3494873046875
0.003692626953125 0.0254058837890625 0.28216552734375 -0.393768310546875
-0.00446510314941406 0.0326347351074219 0.67144775390625 -0.12603759765625
-0.0183734893798828 -0.014739990234375 0.60235595703125 0.52313232421875
-0.0111007690429687 -0.0775299072265625 -0.0148925781249999 0.8843994140625
0.0408363342285156 -0.0151443481445313 -0.459075927734375 0.514068603515625
0.0698127746582031 0.0257339477539063 0.0324745178222656 0.0650291442871094
0.0569686889648437 -0.0237045288085937 0.61004638671875 -0.46826171875
0.0182151794433594 -0.0564994812011719 0.122802734375 -0.9527587890625
-0.0172309875488281 -0.0284976959228516 -0.65087890625 -0.51318359375
-0.00911140441894531 0.0204982757568359 -0.6083984375 0.1903076171875
0.00182342529296875 0.0218181610107422 -0.24432373046875 0.4354248046875
0.00795936584472656 0.00294160842895508 0.11083984375 0.327911376953125
0.0147113800048828 0.0306129455566406 0.248611450195312 0.0842742919921875
0.0123729705810547 0.0258617401123047 -0.2337646484375 -0.1456298828125
0.0136642456054688 0.0106697082519531 -0.072235107421875 -0.3468017578125
0.00435447692871094 0.0244064331054687 0.285980224609375 -0.38970947265625
-0.00438117980957031 0.0315952301025391 0.672607421875 -0.11578369140625
-0.0189895629882813 -0.0138988494873047 0.600830078125 0.53253173828125
-0.0108566284179687 -0.0764846801757813 -0.01690673828125 0.8939208984375
0.0400543212890625 -0.0141983032226563 -0.463592529296875 0.51593017578125
0.0672607421875 0.0259857177734375 0.0265235900878906 0.0652313232421875
0.0551185607910156 -0.0231819152832031 0.59930419921875 -0.47021484375
0.0166549682617188 -0.054656982421875 0.111572265625 -0.95147705078125
-0.0174999237060547 -0.0278358459472656 -0.65673828125 -0.5035400390625
-0.00965690612792969 0.0199184417724609 -0.61041259765625 0.1995849609375
0.00202369689941406 0.0209274291992187 -0.244903564453125 0.4427490234375
0.00614738464355469 0.00388765335083008 0.111236572265625 0.33270263671875
0.0182952880859375 0.0244235992431641 0.249801635742187 0.0859375
0.0119972229003906 0.0243053436279297 -0.232650756835937 -0.13995361328125
0.012059211730957 0.00567722320556641 -0.07098388671875 -0.34136962890625
0.00525093078613281 0.0242176055908203 0.285614013671875 -0.380462646484375
0.000110626220703128 0.033294677734375 0.6715087890625 -0.1016845703125
-0.0157279968261719 -0.0109930038452148 0.59259033203125 0.54595947265625
-0.0141754150390625 -0.0725555419921875 -0.0311279296874999 0.89434814453125
0.03460693359375 -0.00924491882324219 -0.474761962890625 0.513519287109375
0.061065673828125 0.0286445617675781 0.0239639282226563 0.064697265625
0.0488700866699219 -0.0190353393554688 0.5950927734375 -0.46893310546875
0.0135574340820313 -0.0492019653320313 0.107177734375 -0.9453125
-0.0168304443359375 -0.0219211578369141 -0.65478515625 -0.49261474609375
-0.00606918334960938 0.0205421447753906 -0.60833740234375 0.209716796875
0.00286674499511719 0.0194587707519531 -0.24237060546875 0.445068359375
0.0064692497253418 -0.000302791595458984 0.116363525390625 0.334136962890625
0.0175247192382813 0.0191822052001953 0.252593994140625 0.0895233154296875
0.0136890411376953 0.0175991058349609 -0.226669311523438 -0.139816284179688
0.0132741928100586 0.001495361328125 -0.06549072265625 -0.339874267578125
0.00760841369628906 0.0192584991455078 0.2884521484375 -0.37725830078125
0.00435829162597656 0.0342674255371094 0.67230224609375 -0.09295654296875
-0.0131349563598633 -0.00393104553222656 0.59051513671875 0.553955078125
-0.0137100219726563 -0.0645179748535156 -0.0362548828125 0.90008544921875
0.0291671752929688 -0.00638961791992188 -0.478607177734375 0.513092041015625
0.0557746887207031 0.0294914245605469 0.0210494995117188 0.0622291564941406
0.0437507629394531 -0.0155143737792969 0.58819580078125 -0.46990966796875
0.0124130249023437 -0.0416297912597656 0.0968017578124999 -0.940185546875
-0.0121831893920898 -0.015629768371582 -0.6622314453125 -0.47955322265625
-6.10351562499984E-05 0.0209980010986328 -0.6068115234375 0.2193603515625
0.00671100616455078 0.0170364379882813 -0.24176025390625 0.449981689453125
0.00701808929443359 -0.00661659240722656 0.120574951171875 0.33551025390625
0.0205955505371094 0.0142250061035156 0.254837036132813 0.0933990478515625
0.0133676528930664 0.0149202346801758 -0.225982666015625 -0.132110595703125
0.0145111083984375 -0.00606727600097656 -0.0614013671875 -0.33734130859375
0.012913703918457 0.0170497894287109 0.28826904296875 -0.37310791015625
0.0122032165527344 0.0354995727539063 0.673583984375 -0.08392333984375
-0.00793266296386719 0.00386714935302734 0.58819580078125 0.562744140625
-0.0165672302246094 -0.0546836853027344 -0.04498291015625 0.902587890625
0.0233230590820312 -0.000997543334960938 -0.4815673828125 0.510589599609375
0.0483932495117188 0.0283546447753906 0.0235824584960937 0.0620765686035156
0.0384521484375 -0.0121650695800781 0.58526611328125 -0.47479248046875
0.0107612609863281 -0.0306243896484375 0.08856201171875 -0.93841552734375
-0.00880622863769531 -0.00606441497802734 -0.66497802734375 -0.4708251953125
0.00670814514160156 0.0220394134521484 -0.60455322265625 0.22894287109375
0.0106163024902344 0.0122604370117187 -0.239532470703125 0.455108642578125
0.00629520416259766 -0.0133380889892578 0.12451171875 0.337005615234375
0.017308235168457 0.00890922546386719 0.257034301757813 0.0946044921875
0.00967693328857422 0.0106058120727539 -0.225784301757813 -0.129867553710938
0.0189704895019531 -0.0124893188476563 -0.060638427734375 -0.337249755859375
0.0170497894287109 0.0107192993164062 0.293975830078125 -0.369659423828125
0.0199928283691406 0.0387420654296875 0.67431640625 -0.07928466796875
-0.00182437896728516 0.0129337310791016 0.58343505859375 0.56689453125
-0.0186500549316406 -0.0455703735351563 -0.0529785156250001 0.90386962890625
0.0165681838989258 0.00155067443847656 -0.486846923828125 0.50677490234375
0.0426368713378906 0.0293655395507812 0.0265045166015625 0.0607681274414063
0.0325202941894531 -0.00983619689941406 0.5850830078125 -0.4779052734375
0.00802421569824219 -0.0206222534179688 0.0844726562500001 -0.93902587890625
-0.00234603881835938 0.00469684600830078 -0.66650390625 -0.466552734375
0.0150699615478516 0.0228099822998047 -0.6026611328125 0.230224609375
0.0148649215698242 0.00678348541259766 -0.236785888671875 0.450439453125
0.00951766967773438 -0.0205345153808594 0.12774658203125 0.3365478515625
0.0178794860839844 0.00576019287109375 0.258438110351563 0.0967559814453125
0.00850772857666016 0.0104990005493164 -0.22607421875 -0.128890991210938
0.0213432312011719 -0.0201492309570313 -0.057373046875 -0.33880615234375
0.0220718383789063 0.005828857421875 0.29461669921875 -0.37322998046875
0.025726318359375 0.0396995544433594 0.67852783203125 -0.08172607421875
0.000734329223632811 0.0203399658203125 0.58636474609375 0.56640625
-0.0185089111328125 -0.0374984741210938 -0.05328369140625 0.9033203125
0.0136613845825195 0.00429153442382813 -0.48382568359375 0.50616455078125
0.0391502380371094 0.02532958984375 0.0325889587402344 0.0602684020996094
0.0284576416015625 -0.00819206237792969 0.5850830078125 -0.48284912109375
0.00704193115234375 -0.0119848251342773 0.0804443359374999 -0.94305419921875
0.0022726058959961 0.0125999450683594 -0.6668701171875 -0.46697998046875
0.0213108062744141 0.0233230590820313 -0.60308837890625 0.22857666015625
0.0205707550048828 0.00256156921386719 -0.23565673828125 0.45196533203125
0.011474609375 -0.026763916015625 0.126190185546875 0.3331298828125
0.0169715881347656 0.00279808044433594 0.257858276367188 0.094696044921875
0.011627197265625 0.0332527160644531 -0.24188232421875 -0.147705078125
0.0180301666259766 0.00787544250488281 -0.080108642578125 -0.347442626953125
0.0080413818359375 0.0214576721191406 0.282501220703125 -0.40142822265625
-0.00148582458496094 0.0305881500244141 0.66998291015625 -0.1390380859375
-0.0175561904907227 -0.0100040435791016 0.60760498046875 0.51092529296875
-0.0116195678710938 -0.0731277465820313 -0.00146484375000007 0.87750244140625
0.04205322265625 -0.0160865783691406 -0.445343017578125 0.511016845703125
0.0714340209960938 0.0246810913085938 0.0383110046386719 0.0632514953613281
0.0576133728027344 -0.0243263244628906 0.60565185546875 -0.47235107421875
0.0180397033691406 -0.0531158447265625 0.11834716796875 -0.95928955078125
-0.0167274475097656 -0.0229454040527344 -0.65008544921875 -0.5184326171875
-0.00590896606445313 0.0189933776855469 -0.606201171875 0.184814453125
0.00584220886230469 0.0180149078369141 -0.242279052734375 0.42877197265625
0.00860738754272461 0.00249052047729492 0.109100341796875 0.321044921875
0.0165977478027344 0.0296154022216797 0.243911743164062 0.0770721435546875
0.0107307434082031 0.0301017761230469 -0.240081787109375 -0.145156860351563
0.0164670944213867 0.0110673904418945 -0.08087158203125 -0.34326171875
0.005645751953125 0.02532958984375 0.278533935546875 -0.39202880859375
-0.00297164916992188 0.0324802398681641 0.66656494140625 -0.12957763671875
-0.0183849334716797 -0.0155296325683594 0.599609375 0.51409912109375
-0.0135345458984375 -0.076568603515625 -0.0115356445312501 0.878173828125
0.0408210754394531 -0.0154304504394531 -0.455322265625 0.510498046875
0.0691680908203125 0.0251312255859375 0.0313796997070313 0.0648422241210938
0.0560684204101563 -0.0252685546875 0.602294921875 -0.4656982421875
0.0173149108886719 -0.0572128295898437 0.12066650390625 -0.947509765625
-0.0184478759765625 -0.0283851623535156 -0.64837646484375 -0.50872802734375
-0.00868988037109375 0.0185813903808594 -0.60394287109375 0.19140625
0.00252151489257813 0.0206203460693359 -0.240264892578125 0.433319091796875
0.00788736343383789 0.0048823356628418 0.114349365234375 0.325042724609375
0.0149345397949219 0.0292434692382813 0.248260498046875 0.0823822021484375
0.0133094787597656 0.0269870758056641 -0.234878540039063 -0.1436767578125
0.0137138366699219 0.0102825164794922 -0.076141357421875 -0.342559814453125
0.00458526611328125 0.0265045166015625 0.2818603515625 -0.388580322265625
-0.00282096862792968 0.0315895080566406 0.66839599609375 -0.11724853515625
-0.0195083618164063 -0.0135574340820313 0.5977783203125 0.5279541015625
-0.0125503540039062 -0.0758209228515625 -0.013427734375 0.88671875
0.0401649475097656 -0.0142898559570312 -0.46026611328125 0.512664794921875
0.0671195983886719 0.0266189575195312 0.0259284973144531 0.0644149780273438
0.0556983947753906 -0.022125244140625 0.5928955078125 -0.46820068359375
0.0162734985351562 -0.0553779602050781 0.10748291015625 -0.94464111328125
-0.0175228118896484 -0.0271377563476563 -0.65447998046875 -0.49676513671875
-0.00963211059570313 0.0186138153076172 -0.605224609375 0.20166015625
0.00225257873535156 0.0212039947509766 -0.24053955078125 0.43927001953125
0.00597333908081055 0.00356578826904297 0.115692138671875 0.32989501953125
0.0187206268310547 0.0228843688964844 0.249496459960937 0.0842437744140625
0.0128898620605469 0.0232868194580078 -0.232009887695312 -0.13763427734375
0.012303352355957 0.00685310363769531 -0.072265625 -0.337615966796875
0.00496673583984375 0.0254306793212891 0.28363037109375 -0.380767822265625
0.00053596496582031 0.0322113037109375 0.6663818359375 -0.103759765625
-0.0161123275756836 -0.0120124816894531 0.59222412109375 0.5369873046875
-0.0135726928710938 -0.0721359252929688 -0.025634765625 0.88934326171875
0.0340843200683594 -0.00945472717285156 -0.470611572265625 0.511474609375
0.0611495971679687 0.0286064147949219 0.0225906372070312 0.0641250610351563
0.0486946105957031 -0.0188217163085938 0.58929443359375 -0.46685791015625
0.013641357421875 -0.0499343872070313 0.10491943359375 -0.93658447265625
-0.0168724060058594 -0.0236606597900391 -0.65478515625 -0.4871826171875
-0.0055084228515625 0.0201892852783203 -0.60235595703125 0.21051025390625
0.00272941589355469 0.0199794769287109 -0.238433837890625 0.444671630859375
0.00553274154663086 0.000656604766845703 0.118194580078125 0.330352783203125
0.0190982818603516 0.0208187103271484 0.25433349609375 0.087982177734375
0.0129880905151367 0.0171995162963867 -0.227157592773438 -0.137527465820313
0.0116186141967773 0.00209236145019531 -0.068267822265625 -0.3353271484375
0.00939750671386719 0.0205974578857422 0.2845458984375 -0.377349853515625
0.00510597229003906 0.0340385437011719 0.6669921875 -0.09521484375
-0.0126934051513672 -0.00550270080566406 0.58740234375 0.54852294921875
-0.0140342712402344 -0.06219482421875 -0.03350830078125 0.89111328125
0.0292205810546875 -0.00608253479003906 -0.47479248046875 0.51202392578125
0.0559883117675781 0.0269622802734375 0.0211601257324219 0.0636177062988281
0.0443038940429688 -0.0159835815429687 0.58123779296875 -0.46807861328125
0.0121994018554688 -0.0397987365722656 0.0943603515625001 -0.9322509765625
-0.0133800506591797 -0.0162019729614258 -0.6575927734375 -0.473876953125
-0.000333786010742189 0.0212039947509766 -0.601318359375 0.21923828125
0.00619029998779297 0.0164127349853516 -0.2362060546875 0.4483642578125
0.00569820404052734 -0.00468635559082031 0.12255859375 0.335235595703125
0.0186996459960938 0.0122890472412109 0.254913330078125 0.0916748046875
0.0117731094360352 0.0152778625488281 -0.224899291992188 -0.13116455078125
0.0143013000488281 -0.00627326965332031 -0.064483642578125 -0.334686279296875
0.013056755065918 0.0168313980102539 0.287445068359375 -0.371124267578125
0.0117263793945313 0.0356826782226563 0.66851806640625 -0.08721923828125
-0.00825881958007813 0.00359392166137695 0.58441162109375 0.55694580078125
-0.0167388916015625 -0.0547332763671875 -0.04150390625 0.896728515625
0.0223846435546875 -0.00111770629882813 -0.478729248046875 0.508026123046875
0.0490646362304688 0.0278549194335938 0.0222969055175781 0.0607566833496094
0.0383186340332031 -0.0107765197753906 0.58001708984375 -0.4716796875
0.00974655151367188 -0.0308799743652344 0.08538818359375 -0.933349609375
-0.00797462463378906 -0.00656461715698242 -0.66412353515625 -0.4642333984375
0.00700759887695312 0.0213432312011719 -0.5985107421875 0.22930908203125
0.0114021301269531 0.0115776062011719 -0.233551025390625 0.451568603515625
0.00778388977050781 -0.0126075744628906 0.125885009765625 0.3336181640625
0.0193099975585938 0.00797080993652344 0.256622314453125 0.093231201171875
0.0102710723876953 0.013279914855957 -0.22509765625 -0.129852294921875
0.0185203552246094 -0.0132522583007812 -0.061126708984375 -0.334716796875
0.0170564651489258 0.0102176666259766 0.289306640625 -0.369293212890625
0.0191764831542969 0.0369720458984375 0.6689453125 -0.0816650390625
-0.00351333618164063 0.0115175247192383 0.58258056640625 0.56085205078125
-0.0174407958984375 -0.0458564758300781 -0.04974365234375 0.89697265625
0.0164356231689453 0.000847816467285156 -0.481964111328125 0.5048828125
0.0418891906738281 0.0254974365234375 0.02825927734375 0.0611572265625
0.030792236328125 -0.00873184204101563 0.57818603515625 -0.47540283203125
0.00724029541015625 -0.0200653076171875 0.08123779296875 -0.9320068359375
-0.00485944747924805 0.00362920761108398 -0.66387939453125 -0.4599609375
0.0154151916503906 0.0229701995849609 -0.59710693359375 0.22943115234375
0.0161857604980469 0.00644683837890625 -0.234283447265625 0.44964599609375
0.00996971130371094 -0.0208396911621094 0.128143310546875 0.333343505859375
0.0181541442871094 0.00514793395996094 0.258941650390625 0.095123291015625
0.0113935470581055 0.0113983154296875 -0.226669311523438 -0.127395629882812
0.0207862854003906 -0.0204505920410156 -0.05914306640625 -0.335601806640625
0.0236110687255859 0.00593185424804688 0.2904052734375 -0.3717041015625
0.0248527526855469 0.0400848388671875 0.671875 -0.0843505859375
0.000766754150390627 0.0195102691650391 0.58441162109375 0.56072998046875
-0.0197830200195312 -0.0362968444824219 -0.0500488281249999 0.8983154296875
0.0130481719970703 0.00405788421630859 -0.478973388671875 0.50390625
0.0404548645019531 0.0255470275878906 0.0323524475097656 0.0597152709960938
0.0288600921630859 -0.0081787109375 0.580322265625 -0.48291015625
0.00754928588867188 -0.0126495361328125 0.0795898437500001 -0.9366455078125
0.00191974639892578 0.0129909515380859 -0.66619873046875 -0.4610595703125
0.0224113464355469 0.0221805572509766 -0.59564208984375 0.2294921875
0.0208988189697266 0.00169944763183594 -0.232086181640625 0.44989013671875
0.0124168395996094 -0.0261974334716797 0.1302490234375 0.33062744140625
0.0183811187744141 0.00226402282714844 0.25811767578125 0.092498779296875
0.0126399993896484 0.0331783294677734 -0.241500854492188 -0.147018432617188
0.0185661315917969 0.00827598571777344 -0.0819091796875 -0.3450927734375
0.00884628295898438 0.0217666625976563 0.279052734375 -0.40093994140625
-0.000761032104492185 0.0310573577880859 0.666015625 -0.1396484375
-0.0181407928466797 -0.0111904144287109 0.6029052734375 0.5050048828125
-0.0124664306640625 -0.0718612670898438 -0.000671386718749967 0.87158203125
0.0409202575683594 -0.0172843933105469 -0.443267822265625 0.5084228515625
0.0713043212890625 0.0234756469726563 0.0385971069335938 0.0636825561523438
0.0569953918457031 -0.0242156982421875 0.601318359375 -0.46875
0.0180435180664063 -0.0526885986328125 0.11822509765625 -0.9532470703125
-0.0158824920654297 -0.0249786376953125 -0.647216796875 -0.5155029296875
-0.00641441345214844 0.0193099975585938 -0.6024169921875 0.18408203125
0.00516700744628906 0.0184688568115234 -0.238922119140625 0.42755126953125
0.00957870483398438 0.00233745574951172 0.110992431640625 0.31768798828125
0.0168266296386719 0.0290145874023438 0.243789672851563 0.0758056640625
0.0114002227783203 0.0311126708984375 -0.241058349609375 -0.144058227539063
0.0164165496826172 0.0105247497558594 -0.083160400390625 -0.34210205078125
0.00471305847167969 0.0253257751464844 0.277008056640625 -0.39202880859375
-0.00300788879394531 0.0312328338623047 0.66192626953125 -0.13043212890625
-0.0189762115478516 -0.0156288146972656 0.59783935546875 0.5106201171875
-0.0129852294921875 -0.0760498046875 -0.0111694335937499 0.87188720703125
0.0395927429199219 -0.0155792236328125 -0.452484130859375 0.507049560546875
0.0692787170410156 0.0241241455078125 0.0310516357421875 0.0639915466308594
0.0542716979980469 -0.0231742858886719 0.5977783203125 -0.461181640625
0.0164031982421875 -0.0558433532714844 0.1181640625 -0.94268798828125
-0.0180263519287109 -0.0282001495361328 -0.64459228515625 -0.5030517578125
-0.00992965698242187 0.0182647705078125 -0.5999755859375 0.19122314453125
0.00177001953125 0.0210285186767578 -0.237274169921875 0.430450439453125
0.00768041610717773 0.00358963012695313 0.114410400390625 0.322509765625
0.0169639587402344 0.0287590026855469 0.248809814453125 0.0805816650390625
0.0148849487304687 0.0261211395263672 -0.234329223632812 -0.14263916015625
0.0129709243774414 0.0102987289428711 -0.07623291015625 -0.339996337890625
0.00477218627929688 0.0264034271240234 0.280487060546875 -0.387908935546875
-0.00168991088867188 0.0304412841796875 0.66192626953125 -0.1195068359375
-0.019439697265625 -0.0144329071044922 0.59515380859375 0.52264404296875
-0.0140533447265625 -0.0743484497070313 -0.01263427734375 0.880126953125
0.0398483276367188 -0.0137710571289063 -0.457366943359375 0.509765625
0.0684890747070313 0.0254974365234375 0.0256614685058594 0.0648307800292969
0.0550193786621094 -0.0215263366699219 0.58819580078125 -0.46417236328125
0.0161323547363281 -0.0547714233398438 0.10491943359375 -0.9393310546875
-0.0190582275390625 -0.0274543762207031 -0.65191650390625 -0.49432373046875
-0.00875473022460937 0.0187740325927734 -0.60076904296875 0.201904296875
0.00164222717285156 0.0212364196777344 -0.2376708984375 0.438568115234375
0.00542640686035156 0.00337696075439453 0.11651611328125 0.326507568359375
0.0192012786865234 0.0228424072265625 0.250045776367188 0.0845489501953125
0.0141868591308594 0.0236949920654297 -0.232254028320313 -0.136550903320313
0.0133380889892578 0.00782299041748047 -0.0748291015625 -0.3350830078125
0.00522422790527344 0.0251121520996094 0.279296875 -0.377716064453125
0.000713348388671874 0.0318775177001953 0.66290283203125 -0.10650634765625
-0.0157289505004883 -0.0109357833862305 0.5888671875 0.53240966796875
-0.0150070190429687 -0.0693511962890625 -0.0289916992187501 0.88275146484375
0.0339012145996094 -0.00945663452148438 -0.46612548828125 0.5093994140625
0.0614509582519531 0.0275917053222656 0.0224342346191406 0.0641937255859375
0.0484504699707031 -0.0190582275390625 0.58538818359375 -0.46270751953125
0.0126190185546875 -0.0488815307617188 0.10125732421875 -0.93115234375
-0.0172710418701172 -0.0233993530273438 -0.6505126953125 -0.48248291015625
-0.00566864013671875 0.0196113586425781 -0.60003662109375 0.211181640625
0.00362968444824218 0.0200786590576172 -0.23431396484375 0.442840576171875
0.00467061996459961 0.000382900238037109 0.12103271484375 0.329620361328125
0.0187568664550781 0.0200996398925781 0.254318237304688 0.087493896484375
0.0163726806640625 0.0168800354003906 -0.228271484375 -0.136337280273438
0.0134906768798828 0.0026397705078125 -0.068206787109375 -0.332794189453125
0.00857353210449219 0.0224037170410156 0.28271484375 -0.376129150390625
0.00659370422363281 0.0330715179443359 0.6649169921875 -0.09527587890625
-0.0139894485473633 -0.00457763671875 0.58721923828125 0.54449462890625
-0.0155715942382813 -0.0625648498535156 -0.0319824218749999 0.8870849609375
0.0281219482421875 -0.00716781616210937 -0.470977783203125 0.507415771484375
0.0545845031738281 0.0269813537597656 0.0222892761230469 0.0626678466796875
0.0434608459472656 -0.0156669616699219 0.57855224609375 -0.46478271484375
0.0112571716308594 -0.0404472351074219 0.09283447265625 -0.92822265625
-0.0125350952148438 -0.0158681869506836 -0.65557861328125 -0.47076416015625
0.000141143798828124 0.019683837890625 -0.59844970703125 0.22125244140625
0.00658798217773438 0.0163383483886719 -0.234649658203125 0.448089599609375
0.00539064407348633 -0.00411462783813477 0.123016357421875 0.332427978515625
0.0198688507080078 0.0126972198486328 0.255172729492188 0.08953857421875
0.014735221862793 0.0145606994628906 -0.225906372070313 -0.130722045898437
0.0152111053466797 -0.00588798522949219 -0.067138671875 -0.330902099609375
0.0132265090942383 0.016392707824707 0.284576416015625 -0.371185302734375
0.0130405426025391 0.0346202850341797 0.66522216796875 -0.0880126953125
-0.00976276397705078 0.00199604034423828 0.58282470703125 0.55084228515625
-0.0186004638671875 -0.0523300170898438 -0.0416259765625001 0.8897705078125
0.0217018127441406 -0.00160789489746094 -0.476043701171875 0.504058837890625
0.049041748046875 0.0281333923339844 0.0225563049316406 0.0623207092285156
0.0374565124511719 -0.0106925964355469 0.57379150390625 -0.46966552734375
0.0101909637451172 -0.0297126770019531 0.083740234375 -0.92535400390625
-0.00794267654418945 -0.00715923309326172 -0.6597900390625 -0.46148681640625
0.00701904296875 0.0203437805175781 -0.59625244140625 0.22900390625
0.0115261077880859 0.0115423202514648 -0.23236083984375 0.45013427734375
0.00640678405761719 -0.0122232437133789 0.1279296875 0.33270263671875
0.0195827484130859 0.00895500183105469 0.257720947265625 0.092437744140625
0.0126581192016602 0.0114269256591797 -0.225982666015625 -0.1270751953125
0.0195102691650391 -0.0129165649414063 -0.063720703125 -0.33282470703125
0.0178699493408203 0.0122928619384766 0.285980224609375 -0.367584228515625
0.0190238952636719 0.0378341674804687 0.6663818359375 -0.084228515625
-0.00397968292236328 0.0124635696411133 0.578125 0.5550537109375
-0.019317626953125 -0.0448646545410156 -0.0489501953124999 0.89227294921875
0.0169544219970703 0.00139045715332031 -0.47784423828125 0.50238037109375
0.0420417785644531 0.0265312194824219 0.0273857116699219 0.0613517761230469
0.0329074859619141 -0.00938796997070313 0.57391357421875 -0.4737548828125
0.00698471069335937 -0.0217170715332031 0.0809326171875001 -0.927001953125
-0.00289011001586914 0.00409579277038574 -0.6610107421875 -0.4566650390625
0.0149650573730469 0.0220146179199219 -0.59356689453125 0.2310791015625
0.0148868560791016 0.00706958770751953 -0.22869873046875 0.4493408203125
0.00925445556640625 -0.0203208923339844 0.129364013671875 0.330230712890625
0.0193634033203125 0.00408172607421875 0.257156372070313 0.0928802490234375
0.0115156173706055 0.0113096237182617 -0.22601318359375 -0.12603759765625
0.0211696624755859 -0.0195331573486328 -0.061065673828125 -0.333953857421875
0.0240573883056641 0.006805419921875 0.28985595703125 -0.370452880859375
0.0252838134765625 0.0389442443847656 0.6702880859375 -0.08697509765625
7.43865966796885E-05 0.0184249877929688 0.58135986328125 0.553955078125
-0.0205535888671875 -0.0351600646972656 -0.0489501953125 0.8909912109375
0.0125274658203125 0.00333499908447266 -0.475341796875 0.500274658203125
0.0403289794921875 0.0250968933105469 0.031341552734375 0.0589675903320313
0.0280895233154297 -0.00693130493164063 0.57501220703125 -0.4783935546875
0.00751018524169922 -0.01202392578125 0.07794189453125 -0.9305419921875
0.00173854827880859 0.0123538970947266 -0.66204833984375 -0.45758056640625
0.021331787109375 0.0215053558349609 -0.59161376953125 0.22955322265625
0.0210895538330078 0.00197219848632813 -0.229583740234375 0.447784423828125
0.0110454559326172 -0.025634765625 0.130706787109375 0.329132080078125
0.0175275802612305 0.00231266021728516 0.257705688476563 0.0920867919921875
0.0133342742919922 0.0337638854980469 -0.243560791015625 -0.145309448242188
0.0183925628662109 0.00876998901367188 -0.0831298828125 -0.34356689453125
0.00844001770019531 0.023040771484375 0.2769775390625 -0.399810791015625
0.000104904174804684 0.0306243896484375 0.66229248046875 -0.14190673828125
-0.0185489654541016 -0.0116024017333984 0.60198974609375 0.49993896484375
-0.013580322265625 -0.0718612670898438 -0.00256347656250008 0.8677978515625
0.0409469604492188 -0.0162429809570313 -0.441802978515625 0.503875732421875
0.072021484375 0.0224533081054688 0.0375328063964844 0.0625801086425781
0.0562171936035156 -0.0239181518554688 0.59619140625 -0.46673583984375
0.0174369812011719 -0.0521049499511719 0.117431640625 -0.94921875
-0.0164394378662109 -0.0244598388671875 -0.6439208984375 -0.51226806640625
-0.00748443603515625 0.0192699432373047 -0.5980224609375 0.18450927734375
0.00484848022460938 0.0189151763916016 -0.23468017578125 0.426239013671875
0.00848054885864258 0.00204324722290039 0.112701416015625 0.316986083984375
0.0171184539794922 0.0287513732910156 0.243881225585937 0.0751495361328125
0.012725830078125 0.0298805236816406 -0.241989135742188 -0.142242431640625
0.0175361633300781 0.0121307373046875 -0.08465576171875 -0.34027099609375
0.00504112243652344 0.0254135131835938 0.273284912109375 -0.390350341796875
-0.00177764892578125 0.0311965942382813 0.660400390625 -0.13104248046875
-0.0192165374755859 -0.0146694183349609 0.59442138671875 0.5057373046875
-0.0146560668945312 -0.0751724243164063 -0.010498046875 0.8671875
0.0392112731933594 -0.0150222778320313 -0.4482421875 0.504150390625
0.0696754455566406 0.0246925354003906 0.0307350158691406 0.0639991760253906
0.0555152893066406 -0.0234413146972656 0.5946044921875 -0.45843505859375
0.0157089233398437 -0.0545158386230469 0.1175537109375 -0.937255859375
-0.0184345245361328 -0.0287895202636719 -0.6407470703125 -0.501953125
-0.00830268859863281 0.01806640625 -0.59637451171875 0.1929931640625
0.00178909301757813 0.0200462341308594 -0.233856201171875 0.431182861328125
0.00736045837402344 0.00442695617675781 0.115875244140625 0.322113037109375
0.0177497863769531 0.0286159515380859 0.248977661132812 0.0805816650390625
0.0139484405517578 0.0274143218994141 -0.235977172851563 -0.141159057617188
0.0133180618286133 0.0107202529907227 -0.078125 -0.337371826171875
0.00579833984375 0.0264396667480469 0.277313232421875 -0.3878173828125
-0.00134468078613281 0.0310573577880859 0.66143798828125 -0.12030029296875
-0.0202846527099609 -0.0150012969970703 0.5924072265625 0.518798828125
-0.0144119262695312 -0.0738754272460938 -0.01361083984375 0.87591552734375
0.0379104614257812 -0.0139579772949219 -0.45477294921875 0.505523681640625
0.0665130615234375 0.0260772705078125 0.0252113342285156 0.0643424987792969
0.0546493530273438 -0.0221519470214844 0.58416748046875 -0.46148681640625
0.0149421691894531 -0.0531349182128906 0.1055908203125 -0.934814453125
-0.0189914703369141 -0.0277023315429688 -0.64697265625 -0.49078369140625
-0.00860595703125 0.0187149047851563 -0.59832763671875 0.20269775390625
0.001708984375 0.0216999053955078 -0.234283447265625 0.436981201171875
0.00551414489746094 0.00399971008300781 0.11871337890625 0.325531005859375
0.0203361511230469 0.022918701171875 0.249191284179688 0.083648681640625
0.0139617919921875 0.0221977233886719 -0.2333984375 -0.136444091796875
0.0133218765258789 0.00773429870605469 -0.0760498046875 -0.332611083984375
0.00625991821289063 0.0258522033691406 0.2769775390625 -0.376495361328125
0.00164413452148438 0.0316429138183594 0.6591796875 -0.1087646484375
-0.0176506042480469 -0.0124053955078125 0.5855712890625 0.5279541015625
-0.0160865783691406 -0.0692024230957031 -0.02728271484375 0.87725830078125
0.0323581695556641 -0.00998878479003906 -0.465057373046875 0.504364013671875
0.0598983764648438 0.0262527465820313 0.0210838317871094 0.0640525817871094
0.0483779907226562 -0.0185012817382812 0.5809326171875 -0.4600830078125
0.0129127502441406 -0.0483436584472656 0.10113525390625 -0.92724609375
-0.0170154571533203 -0.0230064392089844 -0.6480712890625 -0.4794921875
-0.00537681579589844 0.0189266204833984 -0.59521484375 0.212890625
0.003387451171875 0.0207233428955078 -0.23248291015625 0.4412841796875
0.00485420227050781 6.15119934082031E-05 0.122894287109375 0.327880859375
0.0201759338378906 0.0201454162597656 0.254302978515625 0.08624267578125
0.0158700942993164 0.0174503326416016 -0.226943969726562 -0.13458251953125
0.0123777389526367 0.00176906585693359 -0.069488525390625 -0.332611083984375
0.00905609130859375 0.0223350524902344 0.27984619140625 -0.373748779296875
0.0059051513671875 0.0324306488037109 0.6617431640625 -0.09747314453125
-0.0147733688354492 -0.00731849670410156 0.5836181640625 0.53839111328125
-0.0161552429199219 -0.0621223449707031 -0.030029296875 0.88165283203125
0.027496337890625 -0.00750923156738281 -0.470794677734375 0.503662109375
0.0550193786621094 0.0268325805664063 0.0206718444824219 0.0628471374511719
0.044097900390625 -0.0145416259765625 0.5743408203125 -0.46258544921875
0.011810302734375 -0.0397415161132813 0.09149169921875 -0.92364501953125
-0.0134468078613281 -0.0145559310913086 -0.6519775390625 -0.46697998046875
0.000970840454101563 0.0195064544677734 -0.5946044921875 0.22052001953125
0.00679206848144531 0.0165786743164063 -0.230987548828125 0.447235107421875
0.00451850891113281 -0.0053105354309082 0.124847412109375 0.3297119140625
0.0209484100341797 0.0132637023925781 0.254714965820313 0.089874267578125
0.0148820877075195 0.0148792266845703 -0.226364135742188 -0.1295166015625
0.0147008895874023 -0.00457668304443359 -0.0660400390625 -0.328216552734375
0.0137348175048828 0.0177383422851563 0.282196044921875 -0.36981201171875
0.0132102966308594 0.0339870452880859 0.66314697265625 -0.0904541015625
-0.00992202758789063 0.00218868255615234 0.57861328125 0.545654296875
-0.0177268981933594 -0.0524139404296875 -0.0408935546875 0.885498046875
0.0225410461425781 -0.00199127197265625 -0.47357177734375 0.501220703125
0.0480155944824219 0.0268974304199219 0.022216796875 0.0612983703613281
0.0371475219726563 -0.0107879638671875 0.57208251953125 -0.46649169921875
0.00976943969726563 -0.0301036834716797 0.0834350585937501 -0.92230224609375
-0.00967025756835937 -0.00685405731201172 -0.6568603515625 -0.45916748046875
0.0078277587890625 0.0205936431884766 -0.591796875 0.22900390625
0.0113897323608398 0.0121469497680664 -0.22845458984375 0.44873046875
0.00672626495361328 -0.0126914978027344 0.12969970703125 0.330963134765625
0.0195236206054688 0.00848770141601563 0.257492065429688 0.091461181640625
0.0140295028686523 0.0123491287231445 -0.227386474609375 -0.126998901367188
0.0182056427001953 -0.0115947723388672 -0.065093994140625 -0.32928466796875
0.019073486328125 0.01318359375 0.2843017578125 -0.369537353515625
0.0203094482421875 0.0374755859375 0.66510009765625 -0.084716796875
-0.00538253784179687 0.0102043151855469 0.57720947265625 0.55120849609375
-0.0191116333007812 -0.0427894592285156 -0.0504150390625 0.8856201171875
0.0158452987670898 0.00248146057128906 -0.4757080078125 0.497161865234375
0.0423583984375 0.0261306762695313 0.0255966186523438 0.0594253540039062
0.0320816040039063 -0.00887489318847656 0.571533203125 -0.47052001953125
0.00665855407714844 -0.0196971893310547 0.0811767578125001 -0.9212646484375
-0.00368881225585937 0.00191974639892578 -0.65814208984375 -0.45379638671875
0.0138702392578125 0.0213623046875 -0.59027099609375 0.229736328125
0.0158443450927734 0.00877761840820313 -0.2269287109375 0.447418212890625
0.00871086120605469 -0.0197486877441406 0.131500244140625 0.330352783203125
0.0202980041503906 0.00452804565429688 0.2578125 0.0914459228515625
0.0116071701049805 0.0106620788574219 -0.22802734375 -0.124114990234375
0.021209716796875 -0.0192012786865234 -0.0626220703125 -0.330810546875
0.0235404968261719 0.00725173950195313 0.286865234375 -0.37054443359375
0.0259666442871094 0.0372886657714844 0.6661376953125 -0.0869140625
-0.00146675109863281 0.01776123046875 0.57684326171875 0.5498046875
-0.0202236175537109 -0.034210205078125 -0.04827880859375 0.8878173828125
0.0117359161376953 0.00408363342285156 -0.474517822265625 0.49664306640625
0.0393905639648438 0.0252189636230469 0.0314521789550781 0.0589866638183594
0.0285091400146484 -0.00666618347167969 0.5711669921875 -0.475341796875
0.00616359710693359 -0.011505126953125 0.0775756835937501 -0.9278564453125
0.00274181365966797 0.0113744735717773 -0.65972900390625 -0.4544677734375
0.02142333984375 0.0209465026855469 -0.58929443359375 0.2301025390625
0.0206966400146484 0.00280380249023438 -0.226593017578125 0.44683837890625
0.00981903076171875 -0.0265789031982422 0.132568359375 0.326416015625
0.0193614959716797 0.00234413146972656 0.257171630859375 0.0914154052734375
0.0141353607177734 0.0323867797851563 -0.242645263671875 -0.145431518554688
0.0198650360107422 0.008514404296875 -0.083251953125 -0.3404541015625
0.00995445251464843 0.0238609313964844 0.27630615234375 -0.399688720703125
0.000219345092773436 0.0297527313232422 0.66094970703125 -0.14166259765625
-0.0195140838623047 -0.0116920471191406 0.5977783203125 0.49871826171875
-0.0138092041015625 -0.0686798095703125 -0.000244140624999922 0.8629150390625
0.040313720703125 -0.0154190063476563 -0.441436767578125 0.5018310546875
0.0706405639648438 0.0222930908203125 0.0361709594726563 0.0634307861328125
0.0554847717285156 -0.0222587585449219 0.59527587890625 -0.46246337890625
0.0175323486328125 -0.05230712890625 0.11761474609375 -0.94598388671875
-0.0167293548583984 -0.0244560241699219 -0.64007568359375 -0.51123046875
-0.00663375854492188 0.0176467895507813 -0.5968017578125 0.1826171875
0.00595474243164063 0.0181179046630859 -0.234588623046875 0.425933837890625
0.00857877731323242 0.00215625762939453 0.11328125 0.31585693359375
0.0182437896728516 0.0287685394287109 0.244491577148438 0.07586669921875
0.0125713348388672 0.0310802459716797 -0.2427978515625 -0.141632080078125
0.016484260559082 0.0121793746948242 -0.084808349609375 -0.338653564453125
0.00559234619140625 0.0258331298828125 0.27301025390625 -0.390411376953125
-0.00161361694335938 0.0303726196289063 0.65869140625 -0.13128662109375
-0.0195045471191406 -0.0161342620849609 0.59344482421875 0.50347900390625
-0.0131454467773438 -0.0748291015625 -0.0123291015624999 0.863525390625
0.0389060974121094 -0.0169639587402344 -0.4493408203125 0.500885009765625
0.0703811645507812 0.024139404296875 0.0305900573730469 0.0646018981933594
0.054473876953125 -0.0225028991699219 0.59222412109375 -0.4566650390625
0.0152206420898438 -0.05438232421875 0.1158447265625 -0.93426513671875
-0.0189800262451172 -0.0288772583007813 -0.63818359375 -0.4993896484375
-0.00890350341796875 0.017669677734375 -0.5968017578125 0.19158935546875
0.00131797790527344 0.0203189849853516 -0.233062744140625 0.43017578125
0.00640153884887695 0.00335264205932617 0.116729736328125 0.32049560546875
0.0173492431640625 0.0272369384765625 0.248153686523437 0.079742431640625
0.0171031951904297 0.0267295837402344 -0.2379150390625 -0.139678955078125
0.0148334503173828 0.0101795196533203 -0.07952880859375 -0.335357666015625
0.00633430480957031 0.0264663696289063 0.27581787109375 -0.38543701171875
-0.00196456909179687 0.0298824310302734 0.65777587890625 -0.1202392578125
-0.0199394226074219 -0.0149135589599609 0.5897216796875 0.5164794921875
-0.0141754150390625 -0.073486328125 -0.01483154296875 0.8719482421875
0.0390777587890625 -0.0140342712402344 -0.45458984375 0.5023193359375
0.0673446655273438 0.0244064331054688 0.0244026184082031 0.0633659362792969
0.0536842346191406 -0.0217399597167969 0.5830078125 -0.4591064453125
0.0153274536132812 -0.0544204711914063 0.10595703125 -0.93011474609375
-0.0190200805664062 -0.0280094146728516 -0.646484375 -0.48785400390625
-0.00986289978027344 0.0175075531005859 -0.59552001953125 0.202392578125
0.00198936462402344 0.0216903686523438 -0.2320556640625 0.437103271484375
0.00491619110107422 0.00414609909057617 0.119384765625 0.324188232421875
0.0195980072021484 0.0234966278076172 0.249923706054687 0.082275390625
0.0145626068115234 0.0237140655517578 -0.2342529296875 -0.13568115234375
0.0129098892211914 0.0071258544921875 -0.076171875 -0.330810546875
0.00723075866699219 0.0257492065429688 0.27587890625 -0.37628173828125
0.00129318237304687 0.0301036834716797 0.65765380859375 -0.1082763671875
-0.0174150466918945 -0.0119466781616211 0.5831298828125 0.52728271484375
-0.0158157348632813 -0.0681304931640625 -0.0264282226562501 0.874267578125
0.0319938659667969 -0.0103340148925781 -0.464019775390625 0.501129150390625
0.0596389770507813 0.0271682739257813 0.0204048156738281 0.064422607421875
0.0489234924316406 -0.0178642272949219 0.58056640625 -0.4569091796875
0.0119590759277344 -0.0476150512695313 0.1029052734375 -0.92462158203125
-0.0171680450439453 -0.0235538482666016 -0.6468505859375 -0.47906494140625
-0.00367927551269531 0.0184421539306641 -0.59423828125 0.2110595703125
0.00316429138183593 0.0211887359619141 -0.229705810546875 0.438079833984375
0.00371694564819336 -8.89301300048828E-05 0.123992919921875 0.326629638671875
0.0206375122070313 0.0200996398925781 0.25433349609375 0.0847625732421875
0.0163860321044922 0.0169153213500977 -0.228012084960937 -0.132171630859375
0.0139055252075195 0.0038909912109375 -0.0701904296875 -0.329254150390625
0.0094757080078125 0.0218982696533203 0.277740478515625 -0.373077392578125
0.00638580322265625 0.0309734344482422 0.65997314453125 -0.09881591796875
-0.0140171051025391 -0.00549602508544922 0.58062744140625 0.53631591796875
-0.0159263610839844 -0.0613479614257813 -0.03240966796875 0.87677001953125
0.0281791687011719 -0.00621986389160156 -0.46820068359375 0.50177001953125
0.0544776916503906 0.0264205932617188 0.0204200744628906 0.0620880126953125
0.0436248779296875 -0.0138816833496094 0.57293701171875 -0.45977783203125
0.0110893249511719 -0.0402030944824219 0.0911254882812499 -0.919921875
-0.0129413604736328 -0.01605224609375 -0.650634765625 -0.46600341796875
-0.000177383422851564 0.0189685821533203 -0.59197998046875 0.22113037109375
0.00662899017333984 0.0160837173461914 -0.22930908203125 0.44427490234375
0.00430965423583984 -0.00621604919433594 0.127166748046875 0.32867431640625
0.021240234375 0.0125274658203125 0.255538940429688 0.088104248046875
0.0163259506225586 0.0149402618408203 -0.227203369140625 -0.128692626953125
0.0148105621337891 -0.00404548645019531 -0.068389892578125 -0.3282470703125
0.0134763717651367 0.0167922973632812 0.28125 -0.3719482421875
0.0122203826904297 0.0334854125976563 0.66192626953125 -0.08917236328125
-0.00926494598388672 0.00112438201904297 0.57696533203125 0.54364013671875
-0.0185012817382813 -0.0519332885742188 -0.042236328125 0.88189697265625
0.0216636657714844 -0.00153541564941406 -0.473907470703125 0.497344970703125
0.0482597351074219 0.026031494140625 0.0223197937011719 0.0618019104003906
0.0375747680664062 -0.0120658874511719 0.5693359375 -0.46246337890625
0.00794792175292969 -0.0299205780029297 0.0854492187500001 -0.920654296875
-0.0092611312866211 -0.00720882415771484 -0.654541015625 -0.454833984375
0.00712776184082031 0.01959228515625 -0.59039306640625 0.22857666015625
0.00986576080322266 0.0126523971557617 -0.22552490234375 0.447113037109375
0.00634002685546875 -0.0114860534667969 0.130889892578125 0.32940673828125
0.0210399627685547 0.00842857360839844 0.257415771484375 0.090850830078125
0.0139579772949219 0.0138320922851563 -0.227783203125 -0.127197265625
0.0180931091308594 -0.0120429992675781 -0.066314697265625 -0.32843017578125
0.0189018249511719 0.0142650604248047 0.28326416015625 -0.369781494140625
0.018890380859375 0.0359077453613281 0.6629638671875 -0.0850830078125
-0.00438213348388672 0.00963973999023438 0.57366943359375 0.5484619140625
-0.0207366943359375 -0.0435371398925781 -0.0491943359374999 0.88104248046875
0.0160961151123047 0.00182533264160156 -0.477203369140625 0.4945068359375
0.0433692932128906 0.0254898071289063 0.0253715515136719 0.0607643127441406
0.0314388275146484 -0.00862884521484375 0.5703125 -0.46826171875
0.0072021484375 -0.0184288024902344 0.08026123046875 -0.917724609375
-0.0034639835357666 0.00236797332763672 -0.6544189453125 -0.4525146484375
0.0152969360351563 0.0197811126708984 -0.58551025390625 0.22918701171875
0.0152521133422852 0.00842952728271484 -0.2249755859375 0.446746826171875
0.00951957702636719 -0.0197620391845703 0.13330078125 0.328643798828125
0.0201797485351563 0.00414276123046875 0.2586669921875 0.0921630859375
0.0120477676391602 0.0104656219482422 -0.228271484375 -0.12445068359375
0.0211143493652344 -0.0189666748046875 -0.0633544921875 -0.329193115234375
0.0248203277587891 0.00729179382324219 0.286407470703125 -0.369903564453125
0.0262336730957031 0.03778076171875 0.66424560546875 -0.0882568359375
-0.00156974792480469 0.0182476043701172 0.574951171875 0.54620361328125
-0.0223674774169922 -0.03369140625 -0.0499267578125 0.88323974609375
0.0125961303710938 0.00341892242431641 -0.47265625 0.493621826171875
0.0392799377441406 0.0248985290527344 0.0304412841796875 0.0597763061523438
0.0282268524169922 -0.00632095336914063 0.57086181640625 -0.4725341796875
0.00643348693847656 -0.0109949111938477 0.077880859375 -0.92218017578125
0.00109100341796875 0.0110321044921875 -0.65643310546875 -0.451904296875
0.0211315155029297 0.0189762115478516 -0.58782958984375 0.2301025390625
0.0202293395996094 0.00244522094726563 -0.224884033203125 0.44482421875
0.0108470916748047 -0.0257987976074219 0.133819580078125 0.32647705078125
0.0195693969726562 0.00180244445800781 0.258956909179688 0.08990478515625
0.0166912078857422 0.0324478149414063 -0.244430541992187 -0.144332885742188
0.0198879241943359 0.00951004028320313 -0.0858154296875 -0.339202880859375
0.0103130340576172 0.0229454040527344 0.275054931640625 -0.39947509765625
-0.000320434570312502 0.0297946929931641 0.65936279296875 -0.14312744140625
-0.0200119018554688 -0.0129737854003906 0.59625244140625 0.497314453125
-0.0140419006347656 -0.069854736328125 -0.00280761718750005 0.86248779296875
0.04095458984375 -0.0175552368164063 -0.441192626953125 0.50128173828125
0.0705718994140625 0.0212783813476563 0.0353202819824219 0.0639114379882812
0.0559005737304688 -0.0228805541992188 0.5948486328125 -0.46087646484375
0.0160942077636719 -0.0513801574707031 0.119384765625 -0.94415283203125
-0.0164146423339844 -0.0253124237060547 -0.6390380859375 -0.5084228515625
-0.00568675994873047 0.0172300338745117 -0.59527587890625 0.1849365234375
0.00453567504882813 0.0180835723876953 -0.23260498046875 0.424713134765625
0.00823116302490234 0.00274324417114258 0.114898681640625 0.314971923828125
0.0185928344726563 0.0287189483642578 0.244537353515625 0.074798583984375
0.0142536163330078 0.0309333801269531 -0.243087768554688 -0.141433715820312
0.0177898406982422 0.0118751525878906 -0.085845947265625 -0.3359375
0.0068511962890625 0.0264244079589844 0.273681640625 -0.39013671875
-0.00165367126464844 0.0304546356201172 0.6568603515625 -0.13348388671875
-0.019012451171875 -0.0163078308105469 0.58978271484375 0.50238037109375
-0.0150909423828125 -0.0733108520507813 -0.0125732421875 0.86041259765625
0.0392951965332031 -0.0144844055175781 -0.44915771484375 0.499114990234375
0.0692253112792969 0.0252227783203125 0.0300025939941406 0.0648460388183594
0.0547065734863281 -0.0227470397949219 0.59100341796875 -0.45587158203125
0.0149307250976563 -0.0541610717773437 0.12091064453125 -0.934326171875
-0.0190334320068359 -0.0289592742919922 -0.6383056640625 -0.49755859375
-0.00753021240234375 0.0181541442871094 -0.59503173828125 0.19171142578125
0.00166130065917969 0.0210170745849609 -0.230621337890625 0.428955078125
0.00705957412719726 0.00445556640625 0.119720458984375 0.31927490234375
0.0181255340576172 0.0285224914550781 0.249496459960938 0.0797119140625
0.0179367065429688 0.0263290405273438 -0.238265991210938 -0.1400146484375
0.013763427734375 0.0107460021972656 -0.079010009765625 -0.334991455078125
0.00707054138183594 0.0273647308349609 0.275238037109375 -0.38427734375
-0.001190185546875 0.0298748016357422 0.658447265625 -0.122314453125
-0.0207042694091797 -0.0149955749511719 0.58935546875 0.515625
-0.0142593383789063 -0.072967529296875 -0.0157470703125 0.86895751953125
0.0378036499023438 -0.0145759582519531 -0.45538330078125 0.501739501953125
0.0667037963867187 0.0254592895507812 0.0248985290527344 0.0643577575683594
0.0532035827636719 -0.0201225280761719 0.58062744140625 -0.45611572265625
0.0144577026367187 -0.0525436401367188 0.10693359375 -0.9281005859375
-0.0197734832763672 -0.0276966094970703 -0.64361572265625 -0.487548828125
-0.00876235961914062 0.0168895721435547 -0.5947265625 0.201171875
0.00204849243164062 0.0211696624755859 -0.230865478515625 0.437103271484375
0.00452327728271484 0.00486278533935547 0.121063232421875 0.32440185546875
0.0207786560058594 0.0221347808837891 0.249984741210938 0.082763671875
0.0153541564941406 0.0222682952880859 -0.235183715820313 -0.134719848632812
0.0131511688232422 0.00816726684570312 -0.077911376953125 -0.3297119140625
0.00684547424316407 0.0265083312988281 0.276763916015625 -0.37493896484375
0.00168418884277344 0.0313758850097656 0.65692138671875 -0.108642578125
-0.01837158203125 -0.0140781402587891 0.581787109375 0.52557373046875
-0.016998291015625 -0.0671119689941406 -0.0287475585937499 0.87164306640625
0.0319728851318359 -0.00900840759277344 -0.463043212890625 0.500701904296875
0.0609855651855469 0.026611328125 0.0215034484863281 0.0636940002441406
0.0485649108886719 -0.0169677734375 0.57757568359375 -0.455078125
0.0113868713378906 -0.0458908081054687 0.10491943359375 -0.923583984375
-0.0176963806152344 -0.0241489410400391 -0.64453125 -0.478271484375
-0.00377464294433594 0.0179996490478516 -0.59161376953125 0.21087646484375
0.0030670166015625 0.0205669403076172 -0.22869873046875 0.43994140625
0.00458526611328125 0.000985145568847656 0.126922607421875 0.326416015625
0.0214309692382813 0.0198879241943359 0.256591796875 0.08709716796875
0.0169544219970703 0.0172138214111328 -0.230850219726563 -0.132156372070313
0.0122709274291992 0.00290107727050781 -0.07000732421875 -0.3289794921875
0.0109672546386719 0.0203132629394531 0.277740478515625 -0.372283935546875
0.00699806213378907 0.0314979553222656 0.65765380859375 -0.0985107421875
-0.0150871276855469 -0.00675106048583984 0.57830810546875 0.53277587890625
-0.017364501953125 -0.0599861145019531 -0.03436279296875 0.87518310546875
0.02655029296875 -0.007537841796875 -0.4688720703125 0.49859619140625
0.0538291931152344 0.0270423889160156 0.0188980102539063 0.062042236328125
0.0416717529296875 -0.0145721435546875 0.57098388671875 -0.458740234375
0.0100860595703125 -0.0392875671386719 0.0926513671874999 -0.91827392578125
-0.0128965377807617 -0.0171585083007813 -0.6473388671875 -0.4647216796875
0.000480651855468751 0.0184860229492188 -0.5919189453125 0.22021484375
0.00686454772949219 0.0171995162963867 -0.2293701171875 0.44476318359375
0.00483512878417969 -0.00443458557128906 0.1280517578125 0.329193115234375
0.0223236083984375 0.0137672424316406 0.255966186523438 0.089080810546875
0.0167264938354492 0.0149831771850586 -0.227859497070313 -0.128265380859375
0.0165939331054688 -0.004638671875 -0.069091796875 -0.32672119140625
0.0141925811767578 0.01861572265625 0.280487060546875 -0.3699951171875
0.0134220123291016 0.0335636138916016 0.6595458984375 -0.091064453125
-0.0115337371826172 0.000756263732910156 0.57586669921875 0.54241943359375
-0.0184211730957031 -0.0506172180175781 -0.04364013671875 0.88067626953125
0.02069091796875 -0.00156211853027344 -0.472747802734375 0.4967041015625
0.0484161376953125 0.0263710021972656 0.0201148986816406 0.0608062744140625
0.0373191833496094 -0.0103569030761719 0.56903076171875 -0.460693359375
0.00768089294433594 -0.0285415649414062 0.0854492187499999 -0.91839599609375
-0.00973796844482422 -0.00783824920654297 -0.65252685546875 -0.4564208984375
0.00767135620117188 0.0189685821533203 -0.58929443359375 0.227783203125
0.0101337432861328 0.0115461349487305 -0.22528076171875 0.44573974609375
0.00540351867675781 -0.0113992691040039 0.132598876953125 0.329132080078125
0.0220413208007813 0.00837516784667969 0.258651733398438 0.090057373046875
0.0158958435058594 0.0127334594726563 -0.227691650390625 -0.125457763671875
0.0188407897949219 -0.0110034942626953 -0.0660400390625 -0.326507568359375
0.0193881988525391 0.0138568878173828 0.28369140625 -0.367340087890625
0.0196571350097656 0.036285400390625 0.66119384765625 -0.08697509765625
-0.00551986694335938 0.00927829742431641 0.5732421875 0.54571533203125
-0.020050048828125 -0.0426292419433594 -0.051025390625 0.88092041015625
0.0159034729003906 0.00146484375 -0.473846435546875 0.492279052734375
0.0427932739257813 0.0250625610351563 0.0262565612792969 0.0598907470703125
0.0311832427978516 -0.008087158203125 0.56787109375 -0.46441650390625
0.00713920593261718 -0.0202598571777344 0.0824584960937501 -0.91607666015625
-0.00351929664611816 0.0028994083404541 -0.653076171875 -0.45184326171875
0.0162601470947266 0.0204734802246094 -0.58636474609375 0.23004150390625
0.0142841339111328 0.00781154632568359 -0.223663330078125 0.4471435546875
0.00742149353027344 -0.01885986328125 0.134735107421875 0.32830810546875
0.0216407775878906 0.00345611572265625 0.258529663085938 0.090667724609375
0.0149402618408203 0.010711669921875 -0.229766845703125 -0.123764038085938
0.0217208862304688 -0.0182151794433594 -0.0645751953125 -0.327880859375
0.0252418518066406 0.00857162475585938 0.2845458984375 -0.369232177734375
0.0266151428222656 0.0366401672363281 0.6624755859375 -0.08831787109375
-0.00119400024414062 0.0167560577392578 0.576416015625 0.5465087890625
-0.0219516754150391 -0.0344982147216797 -0.050048828125 0.87982177734375
0.0125274658203125 0.00337409973144531 -0.47314453125 0.493011474609375
0.03985595703125 0.0233078002929688 0.0303878784179688 0.0595588684082031
0.0290870666503906 -0.00555610656738281 0.569091796875 -0.469482421875
0.00577735900878906 -0.00963878631591797 0.0786743164062501 -0.9224853515625
0.00121116638183594 0.0110349655151367 -0.65667724609375 -0.45147705078125
0.0213909149169922 0.0192279815673828 -0.5860595703125 0.22882080078125
0.0189418792724609 0.00326347351074219 -0.221832275390625 0.44476318359375
0.00952529907226563 -0.0249481201171875 0.13592529296875 0.325775146484375
0.0201034545898437 0.00206565856933594 0.257659912109375 0.0894927978515625
0.0159511566162109 0.0324859619140625 -0.24591064453125 -0.143997192382813
0.0189476013183594 0.00963211059570313 -0.0867919921875 -0.3392333984375
0.0103092193603516 0.0235309600830078 0.274993896484375 -0.399169921875
0.000797271728515628 0.0292549133300781 0.65966796875 -0.1446533203125
-0.0198516845703125 -0.0130977630615234 0.59613037109375 0.4970703125
-0.0151138305664063 -0.0689773559570312 -0.00567626953125 0.86187744140625
0.0403671264648438 -0.0158195495605469 -0.44134521484375 0.498748779296875
0.0703964233398438 0.0223770141601563 0.0359764099121094 0.0631027221679688
0.0557060241699219 -0.0230484008789063 0.59515380859375 -0.45928955078125
0.0155220031738281 -0.0508575439453125 0.12109375 -0.94378662109375
-0.0172882080078125 -0.0259647369384766 -0.63818359375 -0.5103759765625
-0.00661468505859375 0.0165338516235352 -0.59503173828125 0.185546875
0.00390815734863281 0.0184612274169922 -0.231903076171875 0.425201416015625
0.00839424133300781 0.00263404846191406 0.117095947265625 0.315521240234375
0.0197162628173828 0.0289402008056641 0.24578857421875 0.074554443359375
0.0155448913574219 0.0301303863525391 -0.24481201171875 -0.140823364257812
0.0170631408691406 0.0113134384155273 -0.087188720703125 -0.3370361328125
0.0074615478515625 0.0264129638671875 0.272216796875 -0.391815185546875
-0.000404357910156248 0.030303955078125 0.6566162109375 -0.1334228515625
-0.0213279724121094 -0.01617431640625 0.58935546875 0.50115966796875
-0.0150299072265625 -0.07305908203125 -0.0152587890625001 0.86041259765625
0.0383338928222656 -0.0152397155761719 -0.44921875 0.498443603515625
0.0685081481933594 0.0238800048828125 0.0296707153320313 0.063934326171875
0.0548973083496094 -0.022247314453125 0.5899658203125 -0.45416259765625
0.0142097473144531 -0.0536041259765625 0.11968994140625 -0.9315185546875
-0.0191917419433594 -0.0295066833496094 -0.63726806640625 -0.49774169921875
-0.00789070129394531 0.0171747207641602 -0.59368896484375 0.1903076171875
0.0016632080078125 0.0207500457763672 -0.22930908203125 0.428436279296875
0.00612068176269531 0.00417280197143555 0.120941162109375 0.32049560546875
0.0199489593505859 0.0278778076171875 0.250885009765625 0.0789031982421875
0.0194492340087891 0.0263023376464844 -0.239486694335937 -0.139877319335938
0.0151519775390625 0.012455940246582 -0.081634521484375 -0.333465576171875
0.00708389282226562 0.0279979705810547 0.27618408203125 -0.386566162109375
-0.000555038452148436 0.0293483734130859 0.6583251953125 -0.12322998046875
-0.0201492309570313 -0.0160293579101563 0.58807373046875 0.513427734375
-0.0158309936523437 -0.0719757080078125 -0.0159912109374999 0.86834716796875
0.0378341674804688 -0.0132484436035156 -0.455535888671875 0.49896240234375
0.0670280456542969 0.0251197814941406 0.0245628356933594 0.0648384094238281
0.0534133911132813 -0.0208015441894531 0.58062744140625 -0.4559326171875
0.0141105651855469 -0.0520477294921875 0.1080322265625 -0.9302978515625
-0.0201816558837891 -0.0282726287841797 -0.642822265625 -0.4892578125
-0.00915908813476563 0.0160493850708008 -0.59442138671875 0.20196533203125
0.00226783752441406 0.0211830139160156 -0.2303466796875 0.43609619140625
0.00478506088256836 0.00434398651123047 0.123321533203125 0.3238525390625
0.0217628479003906 0.0224571228027344 0.251693725585938 0.081787109375
0.0172748565673828 0.0217056274414063 -0.236358642578125 -0.134674072265625
0.0152473449707031 0.00781536102294922 -0.0791015625 -0.3294677734375
0.00861930847167969 0.0274982452392578 0.276153564453125 -0.3759765625
0.00300025939941406 0.0308895111083984 0.6590576171875 -0.1094970703125
-0.0180492401123047 -0.0130023956298828 0.5811767578125 0.5234375
-0.0166969299316406 -0.0667762756347656 -0.0313720703125 0.8720703125
0.0326652526855469 -0.0103034973144531 -0.463775634765625 0.49774169921875
0.0608024597167969 0.0267410278320313 0.0205955505371094 0.063720703125
0.0476799011230469 -0.0177459716796875 0.579833984375 -0.45220947265625
0.0116157531738281 -0.0472373962402344 0.1055908203125 -0.9217529296875
-0.0180034637451172 -0.0244674682617188 -0.6439208984375 -0.47747802734375
-0.00517654418945313 0.0177936553955078 -0.59344482421875 0.21173095703125
0.00228309631347656 0.0200710296630859 -0.2291259765625 0.440704345703125
0.0031278133392334 0.000433921813964844 0.127899169921875 0.32696533203125
0.0222091674804688 0.0193119049072266 0.256668090820312 0.0850372314453125
0.0182971954345703 0.0158100128173828 -0.23248291015625 -0.132431030273437
0.0146512985229492 0.00243091583251953 -0.07379150390625 -0.328033447265625
0.0114898681640625 0.0230655670166016 0.27783203125 -0.373809814453125
0.00729560852050781 0.0309333801269531 0.65985107421875 -0.1016845703125
-0.015833854675293 -0.00690937042236328 0.57879638671875 0.53302001953125
-0.0176887512207031 -0.0583419799804688 -0.034912109375 0.87591552734375
0.0271167755126953 -0.00578880310058594 -0.46942138671875 0.497711181640625
0.05511474609375 0.0270462036132813 0.01922607421875 0.06231689453125
0.0425186157226563 -0.0141525268554687 0.572998046875 -0.45538330078125
0.009674072265625 -0.0388259887695313 0.09356689453125 -0.91888427734375
-0.0143060684204102 -0.0173091888427734 -0.6490478515625 -0.46533203125
0.00119400024414063 0.0184764862060547 -0.5926513671875 0.220947265625
0.00628376007080078 0.0168933868408203 -0.227081298828125 0.445037841796875
0.00382566452026367 -0.00513410568237305 0.130462646484375 0.328369140625
0.0241737365722656 0.0117015838623047 0.25640869140625 0.089324951171875
0.0176811218261719 0.0146141052246094 -0.230682373046875 -0.128555297851562
0.0165500640869141 -0.0042266845703125 -0.070159912109375 -0.326568603515625
0.0156364440917969 0.0188770294189453 0.27899169921875 -0.369720458984375
0.0125656127929688 0.0328826904296875 0.66070556640625 -0.0909423828125
-0.0104312896728516 8.39233398437478E-05 0.5762939453125 0.5416259765625
-0.0195083618164062 -0.0504531860351563 -0.043212890625 0.8778076171875
0.0212516784667969 -0.00223350524902344 -0.471832275390625 0.496002197265625
0.0485954284667969 0.0258369445800781 0.0216751098632813 0.0613059997558594
0.0378837585449219 -0.0110397338867188 0.5693359375 -0.459228515625
0.00786018371582031 -0.0289745330810547 0.087890625 -0.91680908203125
-0.00991249084472656 -0.00783348083496094 -0.6524658203125 -0.45733642578125
0.00802803039550781 0.0194187164306641 -0.58856201171875 0.22869873046875
0.0101633071899414 0.0129489898681641 -0.224609375 0.44781494140625
0.00447463989257813 -0.0128059387207031 0.13470458984375 0.328887939453125
0.0222988128662109 0.00726890563964844 0.259017944335938 0.089691162109375
0.015599250793457 0.0124979019165039 -0.230728149414063 -0.126251220703125
0.0190238952636719 -0.01116943359375 -0.067138671875 -0.3248291015625
0.0203876495361328 0.0135154724121094 0.283447265625 -0.36822509765625
0.0195865631103516 0.0347881317138672 0.6617431640625 -0.0869140625
-0.00589084625244141 0.0100278854370117 0.57305908203125 0.5458984375
-0.0212974548339844 -0.0406112670898437 -0.0528564453125 0.87969970703125
0.0168027877807617 0.00205039978027344 -0.47479248046875 0.491119384765625
0.0413932800292969 0.0254020690917969 0.02435302734375 0.0607070922851562
0.0317325592041016 -0.00742912292480469 0.5692138671875 -0.46246337890625
0.00626754760742188 -0.0186614990234375 0.0834350585937499 -0.915771484375
-0.00487041473388672 0.00124454498291016 -0.65338134765625 -0.45147705078125
0.0152168273925781 0.0203781127929688 -0.58587646484375 0.22918701171875
0.0153331756591797 0.00669097900390625 -0.222991943359375 0.446990966796875
0.00828742980957031 -0.0188255310058594 0.136932373046875 0.32696533203125
0.0221042633056641 0.00557327270507813 0.260223388671875 0.089813232421875
0.0147676467895508 0.010167121887207 -0.230377197265625 -0.124755859375
0.0221462249755859 -0.0168228149414063 -0.065399169921875 -0.327606201171875
0.0258846282958984 0.00813102722167969 0.28558349609375 -0.371429443359375
0.0266571044921875 0.0360603332519531 0.66290283203125 -0.08905029296875
-0.00242805480957031 0.0173425674438477 0.57366943359375 0.54644775390625
-0.0214691162109375 -0.0326728820800781 -0.0505981445312501 0.8795166015625
0.0120019912719727 0.00294399261474609 -0.47332763671875 0.490997314453125
0.0402603149414062 0.0244941711425781 0.0290756225585937 0.0597419738769531
0.0279273986816406 -0.00583648681640625 0.56988525390625 -0.4693603515625
0.00572490692138672 -0.0102825164794922 0.0810546875 -0.92266845703125
-9.91821289062506E-05 0.0105657577514648 -0.65576171875 -0.45166015625
0.0217056274414063 0.0190601348876953 -0.58642578125 0.2305908203125
0.0199317932128906 0.00275993347167969 -0.222320556640625 0.44549560546875
0.009613037109375 -0.0252723693847656 0.136932373046875 0.325439453125
0.0211219787597656 0.00130462646484375 0.258773803710938 0.08917236328125
0.0167217254638672 0.0319900512695313 -0.248092651367188 -0.143844604492188
0.0190467834472656 0.00932884216308594 -0.087493896484375 -0.338531494140625
0.0119590759277344 0.0238571166992188 0.275543212890625 -0.400299072265625
0.00102806091308594 0.0288600921630859 0.66229248046875 -0.1455078125
-0.0210342407226563 -0.0135898590087891 0.59674072265625 0.4967041015625
-0.015533447265625 -0.069305419921875 -0.00476074218749998 0.86065673828125
0.0386962890625 -0.0166816711425781 -0.44317626953125 0.498809814453125
0.0717086791992188 0.0230331420898438 0.0351333618164063 0.0643119812011719
0.0571708679199219 -0.0224189758300781 0.59442138671875 -0.45849609375
0.0156097412109375 -0.0514030456542969 0.12200927734375 -0.9459228515625
-0.0172634124755859 -0.0260639190673828 -0.6385498046875 -0.510498046875
-0.0065155029296875 0.0161266326904297 -0.5963134765625 0.18408203125
0.00434303283691406 0.0192852020263672 -0.230316162109375 0.425628662109375
0.007843017578125 0.00205564498901367 0.11859130859375 0.31658935546875
0.0205326080322266 0.0275554656982422 0.24688720703125 0.073699951171875
0.0164928436279297 0.029693603515625 -0.246795654296875 -0.14105224609375
0.0186309814453125 0.0125522613525391 -0.087646484375 -0.335784912109375
0.00855064392089844 0.0268917083740234 0.272247314453125 -0.39288330078125
-0.00126838684082031 0.0292758941650391 0.6580810546875 -0.13629150390625
-0.0211391448974609 -0.0173931121826172 0.58880615234375 0.50201416015625
-0.01580810546875 -0.0732803344726563 -0.0156860351562499 0.8607177734375
0.0385551452636719 -0.0150642395019531 -0.451873779296875 0.49737548828125
0.0682373046875 0.0240478515625 0.0291175842285156 0.0642204284667969
0.0546684265136719 -0.0223617553710938 0.5926513671875 -0.45263671875
0.014068603515625 -0.053955078125 0.11944580078125 -0.93328857421875
-0.0194034576416016 -0.0292873382568359 -0.63702392578125 -0.49822998046875
-0.00697231292724609 0.0161809921264648 -0.5938720703125 0.191162109375
0.00217819213867188 0.0219020843505859 -0.229522705078125 0.4300537109375
0.00504970550537109 0.00509405136108398 0.122894287109375 0.32049560546875
0.0203819274902344 0.0276203155517578 0.252426147460938 0.0794525146484375
0.0184822082519531 0.0260887145996094 -0.2408447265625 -0.140090942382812
0.0148143768310547 0.0117816925048828 -0.082916259765625 -0.333831787109375
0.007293701171875 0.0293750762939453 0.27569580078125 -0.3880615234375
-0.000652313232421873 0.02838134765625 0.65899658203125 -0.12469482421875
-0.0210361480712891 -0.0152130126953125 0.58746337890625 0.51483154296875
-0.0165481567382812 -0.0706787109375 -0.0167236328124999 0.869384765625
0.0374298095703125 -0.0136222839355469 -0.45648193359375 0.4998779296875
0.0669975280761719 0.0241241455078125 0.0227890014648438 0.0648078918457031
0.0538139343261719 -0.0202865600585938 0.581787109375 -0.45208740234375
0.01409912109375 -0.0515861511230469 0.11016845703125 -0.93121337890625
-0.020538330078125 -0.0291595458984375 -0.6435546875 -0.490234375
-0.00689888000488281 0.0164957046508789 -0.59490966796875 0.20050048828125
0.00193405151367188 0.0206871032714844 -0.230255126953125 0.438568115234375
0.00308847427368164 0.00528240203857422 0.12396240234375 0.32440185546875
0.0217666625976563 0.0227928161621094 0.252914428710938 0.0821533203125
0.0182037353515625 0.0220623016357422 -0.23858642578125 -0.135391235351563
0.0150880813598633 0.00969123840332031 -0.0792236328125 -0.329315185546875
0.00803756713867188 0.026031494140625 0.275115966796875 -0.378753662109375
0.00249290466308594 0.0297927856445312 0.6593017578125 -0.111083984375
-0.0190696716308594 -0.0146198272705078 0.58160400390625 0.52471923828125
-0.0179862976074219 -0.0661087036132813 -0.0310668945312501 0.8720703125
0.032440185546875 -0.00965690612792969 -0.465301513671875 0.49896240234375
0.0608634948730469 0.0267219543457031 0.0206489562988281 0.064117431640625
0.0475997924804687 -0.0167007446289063 0.58062744140625 -0.4515380859375
0.0110816955566406 -0.0465469360351562 0.10528564453125 -0.9229736328125
-0.0175971984863281 -0.0242462158203125 -0.64434814453125 -0.47808837890625
-0.00542259216308594 0.0161876678466797 -0.59320068359375 0.2115478515625
0.00228691101074219 0.0193138122558594 -0.227874755859375 0.4417724609375
0.00403356552124023 0.000818729400634766 0.129638671875 0.32647705078125
0.0227203369140625 0.0193424224853516 0.256866455078125 0.085418701171875
0.0198211669921875 0.0168933868408203 -0.233657836914062 -0.132217407226563
0.0142278671264648 0.00247097015380859 -0.0743408203125 -0.328338623046875
0.0118560791015625 0.0231075286865234 0.277740478515625 -0.373779296875
0.00749778747558594 0.0304889678955078 0.66162109375 -0.10308837890625
-0.0162792205810547 -0.00794506072998047 0.58154296875 0.53240966796875
-0.0169792175292969 -0.0581703186035156 -0.03533935546875 0.87664794921875
0.0265483856201172 -0.00602149963378906 -0.471710205078125 0.497039794921875
0.0543441772460938 0.0274238586425781 0.0184173583984375 0.0631637573242188
0.0432968139648437 -0.0133171081542969 0.5740966796875 -0.454345703125
0.00969696044921875 -0.0382881164550781 0.09588623046875 -0.919677734375
-0.0135345458984375 -0.0168609619140625 -0.64874267578125 -0.46710205078125
-0.001190185546875 0.0179443359375 -0.59222412109375 0.22088623046875
0.00615787506103516 0.0166664123535156 -0.225921630859375 0.4459228515625
0.00290346145629883 -0.00352668762207031 0.13226318359375 0.3284912109375
0.0232734680175781 0.0125770568847656 0.259262084960938 0.0889129638671875
0.0187911987304688 0.0138683319091797 -0.232955932617188 -0.128494262695313
0.0160608291625977 -0.00453472137451172 -0.07025146484375 -0.32708740234375
0.0165214538574219 0.0181312561035156 0.281036376953125 -0.369781494140625
0.0148353576660156 0.0320835113525391 0.662109375 -0.09234619140625
-0.0108880996704102 -0.000248908996582029 0.5771484375 0.54119873046875
-0.0198860168457031 -0.0495948791503906 -0.0452270507812499 0.879150390625
0.0194072723388672 -0.00214195251464844 -0.475799560546875 0.494903564453125
0.0476150512695313 0.0260086059570313 0.0197982788085938 0.0614776611328125
0.0365066528320313 -0.0106773376464844 0.56866455078125 -0.458984375
0.00750160217285156 -0.028472900390625 0.08740234375 -0.91796875
-0.0101938247680664 -0.00730991363525391 -0.65301513671875 -0.45721435546875
0.00728988647460937 0.0178146362304688 -0.590576171875 0.2291259765625
0.0109615325927734 0.0132474899291992 -0.223175048828125 0.448577880859375
0.00468063354492188 -0.0110139846801758 0.137725830078125 0.329071044921875
0.0215797424316406 0.00734138488769531 0.260482788085938 0.08984375
0.0175304412841797 0.0122079849243164 -0.232147216796875 -0.126220703125
0.0189132690429688 -0.0121059417724609 -0.069488525390625 -0.326446533203125
0.0215740203857422 0.0135078430175781 0.284881591796875 -0.368499755859375
0.0211830139160156 0.0335903167724609 0.66510009765625 -0.09002685546875
-0.00707054138183594 0.00937080383300781 0.57177734375 0.5462646484375
-0.0217971801757813 -0.0410385131835938 -0.052490234375 0.8802490234375
0.016179084777832 0.00225067138671875 -0.4771728515625 0.491455078125
0.0424728393554688 0.026397705078125 0.0239295959472656 0.0606269836425781
0.0313816070556641 -0.00775718688964844 0.56939697265625 -0.4617919921875
0.00579357147216797 -0.0175399780273438 0.0847778320312501 -0.91796875
-0.00359106063842773 0.00140762329101562 -0.65380859375 -0.4520263671875
0.0143241882324219 0.0187187194824219 -0.5875244140625 0.23028564453125
0.0155000686645508 0.00739955902099609 -0.223052978515625 0.4473876953125
0.00685691833496094 -0.0192012786865234 0.138397216796875 0.328125
0.0211124420166016 0.00482559204101562 0.261978149414063 0.090087890625
0.016728401184082 0.0101079940795898 -0.233062744140625 -0.12384033203125
0.0223274230957031 -0.0174846649169922 -0.065582275390625 -0.3272705078125
0.0264091491699219 0.00901603698730469 0.283905029296875 -0.37261962890625
0.0279350280761719 0.0362052917480469 0.666015625 -0.09185791015625
-0.00243282318115235 0.0170650482177734 0.575927734375 0.54644775390625
-0.0222911834716797 -0.0318393707275391 -0.05322265625 0.880126953125
0.0116996765136719 0.00337505340576172 -0.475128173828125 0.490081787109375
0.0391845703125 0.0243263244628906 0.0287284851074219 0.0593910217285156
0.0290756225585938 -0.00589942932128906 0.5701904296875 -0.46881103515625
0.00455665588378906 -0.00972652435302734 0.0808715820312501 -0.9248046875
0.000265121459960938 0.0112133026123047 -0.653076171875 -0.45318603515625
0.0222263336181641 0.0195255279541016 -0.58612060546875 0.23052978515625
0.0200176239013672 0.00336265563964844 -0.221771240234375 0.44622802734375
0.00922012329101562 -0.0263614654541016 0.139617919921875 0.325439453125
0.0206890106201172 0.00132560729980469 0.260604858398438 0.089508056640625
0.018341064453125 0.0317192077636719 -0.2509765625 -0.143661499023437
0.0208740234375 0.0100364685058594 -0.0888061523437499 -0.3394775390625
0.0115013122558594 0.0238723754882813 0.275390625 -0.40362548828125
0.000980377197265625 0.0284442901611328 0.6640625 -0.14581298828125
-0.0204582214355469 -0.0124874114990234 0.5982666015625 0.49652099609375
-0.01690673828125 -0.0677909851074219 -0.00671386718750001 0.86334228515625
0.0390739440917969 -0.0165519714355469 -0.445770263671875 0.499298095703125
0.0708999633789063 0.0225143432617188 0.0345001220703125 0.0654029846191406
0.056976318359375 -0.0220375061035156 0.5965576171875 -0.45892333984375
0.0154876708984375 -0.0506057739257813 0.12213134765625 -0.947998046875
-0.0178546905517578 -0.0259933471679688 -0.64154052734375 -0.5125732421875
-0.0053253173828125 0.0163917541503906 -0.597900390625 0.1849365234375
0.005859375 0.019256591796875 -0.231658935546875 0.427581787109375
0.00678777694702148 0.00311851501464844 0.120819091796875 0.31829833984375
0.0231800079345703 0.0275783538818359 0.248214721679688 0.0742340087890625
0.0154895782470703 0.0296821594238281 -0.249176025390625 -0.140151977539063
0.0185279846191406 0.012603759765625 -0.089569091796875 -0.336181640625
0.00766563415527343 0.0279979705810547 0.27325439453125 -0.393280029296875
-0.00076866149902344 0.0286006927490234 0.66046142578125 -0.1370849609375
-0.0218906402587891 -0.0171947479248047 0.59197998046875 0.50274658203125
-0.0165023803710938 -0.072784423828125 -0.01556396484375 0.86328125
0.0381278991699219 -0.0151290893554688 -0.45123291015625 0.496917724609375
0.0684356689453125 0.0233001708984375 0.0283660888671875 0.0660324096679687
0.054473876953125 -0.0217018127441406 0.59375 -0.451904296875
0.0136184692382812 -0.0530128479003906 0.1231689453125 -0.93548583984375
-0.0204696655273437 -0.0299453735351563 -0.638916015625 -0.5008544921875
-0.00796127319335938 0.0155515670776367 -0.59716796875 0.1942138671875
0.00113868713378906 0.0203971862792969 -0.228302001953125 0.4315185546875
0.00581693649291992 0.00495052337646484 0.124481201171875 0.320648193359375
0.0206470489501953 0.0277042388916016 0.25439453125 0.0781097412109375
0.0195980072021484 0.0262928009033203 -0.2430419921875 -0.13922119140625
0.0150232315063477 0.0120029449462891 -0.08392333984375 -0.333587646484375
0.0086822509765625 0.02825927734375 0.275848388671875 -0.389617919921875
-0.000907897949218748 0.0281696319580078 0.66278076171875 -0.12518310546875
-0.0223960876464844 -0.01708984375 0.59088134765625 0.51483154296875
-0.0160598754882812 -0.0704803466796875 -0.019775390625 0.87188720703125
0.0376777648925781 -0.0134849548339844 -0.45855712890625 0.4996337890625
0.0668563842773438 0.0247879028320313 0.0217819213867187 0.0654258728027344
0.0533714294433594 -0.0203018188476563 0.58441162109375 -0.45440673828125
0.0136146545410156 -0.0514373779296875 0.11029052734375 -0.933837890625
-0.0211238861083984 -0.0292320251464844 -0.64544677734375 -0.490234375
-0.00806903839111328 0.016423225402832 -0.59735107421875 0.20343017578125
0.00175094604492187 0.0212726593017578 -0.2294921875 0.438720703125
0.00340080261230469 0.00577878952026367 0.12701416015625 0.325164794921875
0.0223369598388672 0.0216407775878906 0.255462646484375 0.0811920166015625
0.0191402435302734 0.0222644805908203 -0.241424560546875 -0.133712768554687
0.0149526596069336 0.00890064239501953 -0.081298828125 -0.329803466796875
0.00937652587890625 0.0271339416503906 0.276092529296875 -0.379852294921875
0.00336647033691407 0.0291671752929688 0.6622314453125 -0.11328125
-0.0188255310058594 -0.0142879486083984 0.5831298828125 0.52349853515625
-0.0176620483398437 -0.0660781860351563 -0.03289794921875 0.8736572265625
0.0324649810791016 -0.00947189331054688 -0.468536376953125 0.497894287109375
0.0595169067382813 0.0265579223632813 0.0201148986816406 0.0647811889648438
0.0476799011230469 -0.0165596008300781 0.5811767578125 -0.4515380859375
0.00948333740234375 -0.0458831787109375 0.10760498046875 -0.9259033203125
-0.018798828125 -0.0266456604003906 -0.64862060546875 -0.48052978515625
-0.00509452819824219 0.0167427062988281 -0.59393310546875 0.212158203125
0.0028533935546875 0.0210857391357422 -0.226318359375 0.4432373046875
0.00305318832397461 0.00150609016418457 0.1334228515625 0.326568603515625
0.0242958068847656 0.018829345703125 0.259170532226562 0.0841522216796875
0.0194149017333984 0.0177936553955078 -0.23553466796875 -0.131866455078125
0.0151596069335938 0.00301456451416016 -0.07379150390625 -0.327484130859375
0.0122737884521484 0.0229206085205078 0.279388427734375 -0.376251220703125
0.00811767578125 0.0300540924072266 0.66375732421875 -0.10369873046875
-0.0171775817871094 -0.0083303451538086 0.58062744140625 0.5347900390625
-0.0180740356445313 -0.0596923828125 -0.0382690429687501 0.878173828125
0.0267524719238281 -0.00499725341796875 -0.471527099609375 0.499603271484375
0.0535621643066406 0.0256309509277344 0.0177688598632812 0.0631599426269531
0.0434341430664062 -0.013275146484375 0.57403564453125 -0.45562744140625
0.0088653564453125 -0.0376815795898438 0.0960083007812499 -0.92218017578125
-0.0139942169189453 -0.0178718566894531 -0.6497802734375 -0.46490478515625
0.00115966796875 0.0176944732666016 -0.59228515625 0.21978759765625
0.006622314453125 0.0181026458740234 -0.22662353515625 0.447235107421875
0.00205492973327637 -0.00424027442932129 0.134002685546875 0.32952880859375
0.0234699249267578 0.0123748779296875 0.260879516601563 0.0885009765625
0.0192031860351563 0.0139656066894531 -0.233352661132812 -0.12835693359375
0.0170116424560547 -0.00461006164550781 -0.072113037109375 -0.32672119140625
0.0166053771972656 0.0195503234863281 0.281494140625 -0.372161865234375
0.0145034790039063 0.0318412780761719 0.66448974609375 -0.095947265625
-0.0107431411743164 -0.000238418579101564 0.57720947265625 0.54180908203125
-0.0208320617675781 -0.0485153198242188 -0.04840087890625 0.8819580078125
0.0207786560058594 -0.00149154663085938 -0.476776123046875 0.495880126953125
0.0480995178222656 0.0264244079589844 0.0189399719238281 0.06195068359375
0.0376930236816406 -0.0101699829101563 0.571044921875 -0.4603271484375
0.00773429870605469 -0.0274238586425781 0.0878295898437499 -0.919921875
-0.0109596252441406 -0.00818061828613281 -0.6541748046875 -0.4595947265625
0.00787925720214844 0.0175590515136719 -0.591064453125 0.23175048828125
0.0104770660400391 0.0131855010986328 -0.22216796875 0.449371337890625
0.00409221649169922 -0.0110569000244141 0.1387939453125 0.33087158203125
0.0239582061767578 0.00645065307617188 0.26190185546875 0.089752197265625
0.017181396484375 0.0121774673461914 -0.234115600585938 -0.125015258789063
0.0196037292480469 -0.0110492706298828 -0.069244384765625 -0.327239990234375
0.0226783752441406 0.0130023956298828 0.282989501953125 -0.371490478515625
0.0208892822265625 0.0351009368896484 0.665771484375 -0.09124755859375
-0.00625896453857422 0.00921344757080078 0.5731201171875 0.54644775390625
-0.0213737487792969 -0.0392913818359375 -0.05377197265625 0.88134765625
0.0147571563720703 0.00191211700439453 -0.479339599609375 0.491424560546875
0.0428237915039063 0.0258369445800781 0.023345947265625 0.061248779296875
0.0310764312744141 -0.00730705261230469 0.5706787109375 -0.4620361328125
0.00569057464599609 -0.0168905258178711 0.08587646484375 -0.9208984375
-0.00539398193359375 0.00127935409545898 -0.65350341796875 -0.45220947265625
0.0157833099365234 0.0181064605712891 -0.588134765625 0.2313232421875
0.0149393081665039 0.00763511657714844 -0.2193603515625 0.448822021484375
0.00692176818847656 -0.0186748504638672 0.140777587890625 0.32830810546875
0.0215702056884766 0.00318527221679688 0.263442993164063 0.08831787109375
0.0170869827270508 0.0100030899047852 -0.234848022460937 -0.123184204101563
0.0225753784179688 -0.0177421569824219 -0.067291259765625 -0.327728271484375
0.0273838043212891 0.00784492492675781 0.28570556640625 -0.373779296875
0.0273551940917969 0.0357170104980469 0.66741943359375 -0.0928955078125
-0.00292778015136719 0.0167770385742188 0.57476806640625 0.546142578125
-0.0233230590820313 -0.0303573608398438 -0.0541992187500001 0.8807373046875
0.0115766525268555 0.00428867340087891 -0.47613525390625 0.490325927734375
0.0402870178222656 0.0235710144042969 0.0291404724121094 0.0596427917480469
0.0289878845214844 -0.00468635559082031 0.57135009765625 -0.46661376953125
0.00568675994873047 -0.0101289749145508 0.08184814453125 -0.92633056640625
-0.000280380249023438 0.0108623504638672 -0.65728759765625 -0.4552001953125
0.022430419921875 0.0196800231933594 -0.58880615234375 0.229736328125
0.0191745758056641 0.00267791748046875 -0.220458984375 0.447265625
0.00906181335449219 -0.0248126983642578 0.141204833984375 0.325897216796875
0.0225181579589844 0.00178909301757813 0.261276245117188 0.088592529296875
0.0192623138427734 0.0325469970703125 -0.252456665039063 -0.143280029296875
0.0203304290771484 0.00994110107421875 -0.0909423828125 -0.339691162109375
0.0128154754638672 0.0245704650878906 0.276092529296875 -0.405426025390625
0.0013885498046875 0.0278415679931641 0.66619873046875 -0.1484375
-0.0213947296142578 -0.0132961273193359 0.5999755859375 0.49822998046875
-0.0151710510253906 -0.0676536560058594 -0.00653076171875004 0.8658447265625
0.038177490234375 -0.0157470703125 -0.447845458984375 0.50054931640625
0.070526123046875 0.0222625732421875 0.0347213745117188 0.0647697448730469
0.056488037109375 -0.0221710205078125 0.599609375 -0.45904541015625
0.01513671875 -0.0507011413574219 0.12176513671875 -0.9532470703125
-0.0182666778564453 -0.0269107818603516 -0.64471435546875 -0.51275634765625
-0.00627994537353515 0.0155916213989258 -0.59857177734375 0.1875
0.00477027893066406 0.0188064575195313 -0.230865478515625 0.42938232421875
0.00752401351928711 0.00352573394775391 0.123992919921875 0.317596435546875
0.0222606658935547 0.0267925262451172 0.250274658203125 0.07464599609375
0.017791748046875 0.0289363861083984 -0.251617431640625 -0.139862060546875
0.0197010040283203 0.0123615264892578 -0.09124755859375 -0.337432861328125
0.0100631713867187 0.0278091430664062 0.27325439453125 -0.395843505859375
0.000131607055664059 0.0287494659423828 0.66375732421875 -0.13983154296875
-0.022705078125 -0.0180740356445312 0.59417724609375 0.502685546875
-0.0169601440429687 -0.0721817016601563 -0.0173339843750001 0.86663818359375
0.0385971069335938 -0.0168304443359375 -0.4564208984375 0.499847412109375
0.0690269470214844 0.0233116149902344 0.0289154052734375 0.0660552978515625
0.0554275512695313 -0.0209579467773438 0.595947265625 -0.45013427734375
0.0140304565429688 -0.0533638000488281 0.12286376953125 -0.9410400390625
-0.0199794769287109 -0.0304679870605469 -0.64373779296875 -0.5029296875
-0.00787639617919922 0.0153102874755859 -0.59930419921875 0.194091796875
0.000450134277343749 0.020294189453125 -0.2286376953125 0.433685302734375
0.00422191619873047 0.00505256652832031 0.128204345703125 0.3228759765625
0.0214920043945313 0.0271625518798828 0.25677490234375 0.07794189453125
0.0205307006835938 0.0261440277099609 -0.247314453125 -0.139404296875
0.0161342620849609 0.0130805969238281 -0.085235595703125 -0.334625244140625
0.00911521911621094 0.0290069580078125 0.27606201171875 -0.393035888671875
-0.00106620788574219 0.0285072326660156 0.66668701171875 -0.12939453125
-0.0226058959960938 -0.0177688598632812 0.5941162109375 0.516357421875
-0.0167388916015625 -0.0703201293945313 -0.0166625976562501 0.875732421875
0.0359725952148438 -0.0132942199707031 -0.460235595703125 0.50189208984375
0.0663414001464844 0.0241317749023438 0.023284912109375 0.0659828186035156
0.0540428161621094 -0.0203094482421875 0.58648681640625 -0.4537353515625
0.0126457214355469 -0.0504188537597656 0.1116943359375 -0.9385986328125
-0.0207691192626953 -0.0293560028076172 -0.64935302734375 -0.49261474609375
-0.00786304473876953 0.0159797668457031 -0.5992431640625 0.2049560546875
0.00121688842773437 0.0216217041015625 -0.227447509765625 0.44171142578125
0.00256109237670898 0.00542926788330078 0.129669189453125 0.324493408203125
0.0229835510253906 0.0222377777099609 0.258041381835938 0.081512451171875
0.0194854736328125 0.0217800140380859 -0.243377685546875 -0.134979248046875
0.0149755477905273 0.00894641876220703 -0.083221435546875 -0.329925537109375
0.0095977783203125 0.0268363952636719 0.276031494140625 -0.38177490234375
0.00160789489746094 0.0295734405517578 0.66510009765625 -0.1162109375
-0.0196399688720703 -0.01470947265625 0.5858154296875 0.52587890625
-0.0183868408203125 -0.0655097961425781 -0.03131103515625 0.8763427734375
0.0314788818359375 -0.00930213928222656 -0.469879150390625 0.5018310546875
0.0601119995117188 0.0258865356445313 0.0184974670410156 0.065643310546875
0.0491142272949219 -0.0162811279296875 0.58319091796875 -0.4530029296875
0.0112419128417969 -0.0457382202148438 0.10791015625 -0.930908203125
-0.0190162658691406 -0.0253391265869141 -0.6502685546875 -0.48175048828125
-0.00406551361083985 0.0165767669677734 -0.59783935546875 0.2139892578125
0.00281715393066406 0.0214805603027344 -0.226287841796875 0.4444580078125
0.00373482704162598 0.00100255012512207 0.135650634765625 0.3267822265625
0.0240726470947266 0.0189132690429688 0.260711669921875 0.0842132568359375
0.0219459533691406 0.0169239044189453 -0.23797607421875 -0.133438110351563
0.0149497985839844 0.00350570678710938 -0.0767822265625 -0.3277587890625
0.013031005859375 0.0220623016357422 0.280853271484375 -0.378082275390625
0.00838279724121094 0.0302104949951172 0.6668701171875 -0.1055908203125
-0.0149106979370117 -0.00737380981445313 0.58380126953125 0.53460693359375
-0.0188064575195312 -0.0571250915527344 -0.03521728515625 0.88201904296875
0.0269908905029297 -0.00485801696777344 -0.475128173828125 0.49859619140625
0.0531997680664063 0.0274505615234375 0.0196151733398438 0.0638275146484375
0.0436744689941406 -0.0122489929199219 0.5751953125 -0.4569091796875
0.00757598876953125 -0.0368614196777344 0.096923828125 -0.92578125
-0.0149631500244141 -0.01812744140625 -0.6533203125 -0.468017578125
0.000756263732910156 0.0173587799072266 -0.5968017578125 0.2235107421875
0.00549411773681641 0.017364501953125 -0.225189208984375 0.450592041015625
0.00300073623657227 -0.00235700607299805 0.13665771484375 0.328857421875
0.0241947174072266 0.0107440948486328 0.261489868164062 0.0883331298828125
0.0198402404785156 0.0132408142089844 -0.23736572265625 -0.1278076171875
0.0168609619140625 -0.00382614135742188 -0.07342529296875 -0.327117919921875
0.0189456939697266 0.0189838409423828 0.283050537109375 -0.376007080078125
0.0146903991699219 0.0318889617919922 0.66845703125 -0.09796142578125
-0.0121707916259766 2.19345092773421E-05 0.58026123046875 0.54278564453125
-0.02032470703125 -0.0482864379882813 -0.0460815429687501 0.884521484375
0.0201988220214844 -0.00146865844726563 -0.478424072265625 0.497344970703125
0.0482673645019531 0.0255966186523437 0.0199851989746094 0.0638694763183594
0.0379905700683594 -0.00962066650390625 0.5728759765625 -0.45867919921875
0.00714683532714844 -0.0270576477050781 0.0897216796875 -0.92730712890625
-0.0115566253662109 -0.0082082748413086 -0.65704345703125 -0.45867919921875
0.00749301910400391 0.0175571441650391 -0.59307861328125 0.232177734375
0.0102682113647461 0.0125017166137695 -0.222686767578125 0.451416015625
0.00479412078857422 -0.0103492736816406 0.142303466796875 0.33050537109375
0.0234107971191406 0.0068206787109375 0.263824462890625 0.08917236328125
0.0183258056640625 0.0118942260742188 -0.237075805664063 -0.1258544921875
0.0208606719970703 -0.0100898742675781 -0.07122802734375 -0.3272705078125
0.0224952697753906 0.0138950347900391 0.28350830078125 -0.373870849609375
0.0204544067382813 0.0337257385253906 0.66937255859375 -0.09271240234375
-0.00764369964599609 0.00738668441772461 0.5762939453125 0.5469970703125
-0.0218467712402344 -0.0396804809570313 -0.0555419921875001 0.884521484375
0.0143890380859375 0.00186443328857422 -0.481414794921875 0.4918212890625
0.0427017211914063 0.0261459350585938 0.02313232421875 0.0619468688964844
0.0315380096435547 -0.00742912292480469 0.5731201171875 -0.46234130859375
0.00594329833984375 -0.0176467895507813 0.0848388671875001 -0.9246826171875
-0.00563573837280273 0.00225448608398438 -0.65618896484375 -0.45782470703125
0.0154857635498047 0.0186576843261719 -0.5911865234375 0.23297119140625
0.014948844909668 0.00947952270507812 -0.221588134765625 0.451751708984375
0.00654792785644531 -0.0185432434082031 0.144073486328125 0.329925537109375
0.0228767395019531 0.00342178344726562 0.2652587890625 0.09014892578125
0.0189857482910156 0.0108242034912109 -0.237045288085938 -0.122756958007813
0.0226764678955078 -0.0183982849121094 -0.068695068359375 -0.328887939453125
0.0275154113769531 0.00874710083007813 0.287109375 -0.3768310546875
0.0284461975097656 0.0350856781005859 0.67230224609375 -0.0953369140625
-0.00437450408935547 0.016810417175293 0.57940673828125 0.5472412109375
-0.0229759216308594 -0.0309257507324219 -0.052978515625 0.88592529296875
0.0114221572875977 0.00331401824951172 -0.480804443359375 0.49310302734375
0.0396652221679688 0.0225448608398438 0.0280189514160156 0.0607070922851563
0.0289936065673828 -0.00559616088867188 0.57269287109375 -0.46966552734375
0.00572490692138672 -0.00949573516845703 0.0828857421875 -0.9320068359375
0.000308990478515624 0.0106287002563477 -0.66107177734375 -0.45782470703125
0.0224018096923828 0.0177383422851563 -0.59033203125 0.2335205078125
0.019287109375 0.00329017639160156 -0.221771240234375 0.450653076171875
0.009307861328125 -0.0247669219970703 0.14404296875 0.327728271484375
0.0226459503173828 0.000555038452148437 0.263351440429688 0.087646484375
0.0202713012695312 0.0318145751953125 -0.255599975585938 -0.14263916015625
0.0209102630615234 0.00944137573242188 -0.09283447265625 -0.340484619140625
0.0130672454833984 0.0252647399902344 0.275238037109375 -0.40802001953125
0.001129150390625 0.0281925201416016 0.66973876953125 -0.1514892578125
-0.0224418640136719 -0.0144023895263672 0.60455322265625 0.49725341796875
-0.0159034729003906 -0.0672760009765625 -0.00512695312499993 0.8712158203125
0.0391654968261719 -0.0160102844238281 -0.449371337890625 0.503692626953125
0.0720291137695313 0.0217437744140625 0.035125732421875 0.0654258728027344
0.0575599670410156 -0.021942138671875 0.601806640625 -0.460693359375
0.0148963928222656 -0.0497932434082031 0.1224365234375 -0.9576416015625
-0.0197200775146484 -0.0267791748046875 -0.65020751953125 -0.51641845703125
-0.00599479675292969 0.0161457061767578 -0.6031494140625 0.1893310546875
0.00417327880859375 0.0190353393554688 -0.229705810546875 0.43255615234375
0.00703096389770508 0.00397157669067383 0.12579345703125 0.318328857421875
0.0239028930664063 0.0263767242431641 0.252777099609375 0.07391357421875
0.0183334350585937 0.0299358367919922 -0.2554931640625 -0.139678955078125
0.0194816589355469 0.0124282836914062 -0.093902587890625 -0.337982177734375
0.00995826721191406 0.0276222229003906 0.2742919921875 -0.399658203125
-0.000400543212890625 0.0276069641113281 0.66766357421875 -0.14385986328125
-0.0225410461425781 -0.0177993774414063 0.5980224609375 0.503662109375
-0.0169601440429687 -0.07122802734375 -0.0158081054687499 0.8709716796875
0.0380935668945313 -0.0157470703125 -0.45782470703125 0.502105712890625
0.0685615539550781 0.0250320434570313 0.0287437438964844 0.0678024291992188
0.0548858642578125 -0.0212173461914063 0.59930419921875 -0.45404052734375
0.0137290954589844 -0.0535316467285156 0.121337890625 -0.94708251953125
-0.0213489532470703 -0.0306148529052734 -0.646484375 -0.5032958984375
-0.00799369812011719 0.0148897171020508 -0.60186767578125 0.1959228515625
0.00178718566894531 0.0219879150390625 -0.226043701171875 0.435699462890625
0.00470399856567383 0.00514984130859375 0.1319580078125 0.322906494140625
0.022491455078125 0.0271968841552734 0.258453369140625 0.0772247314453125
0.0220851898193359 0.0252971649169922 -0.249374389648438 -0.139389038085938
0.0164937973022461 0.0123691558837891 -0.088134765625 -0.3353271484375
0.0100879669189453 0.0278396606445312 0.276824951171875 -0.395477294921875
-1.33514404296899E-05 0.0269870758056641 0.66876220703125 -0.13238525390625
-0.0235652923583984 -0.0180110931396484 0.59832763671875 0.51611328125
-0.0173568725585938 -0.0699501037597656 -0.0169677734374999 0.87860107421875
0.03656005859375 -0.0130500793457031 -0.462860107421875 0.50396728515625
0.0663490295410156 0.0245361328125 0.0228233337402344 0.066619873046875
0.0546150207519531 -0.0197029113769531 0.5880126953125 -0.45751953125
0.0123214721679688 -0.0512847900390625 0.11102294921875 -0.9442138671875
-0.0213603973388672 -0.0294914245605469 -0.65277099609375 -0.49420166015625
-0.00841331481933594 0.0153961181640625 -0.60247802734375 0.207275390625
0.00145149230957031 0.0229263305664063 -0.227447509765625 0.444000244140625
0.00394248962402344 0.0056614875793457 0.1331787109375 0.326995849609375
0.0242519378662109 0.0217132568359375 0.259719848632813 0.0813446044921875
0.0210018157958984 0.0217723846435547 -0.246551513671875 -0.133636474609375
0.0154914855957031 0.00929737091064453 -0.08453369140625 -0.331268310546875
0.0110969543457031 0.0273265838623047 0.276275634765625 -0.385986328125
0.00285911560058594 0.0282840728759766 0.66900634765625 -0.11962890625
-0.0211505889892578 -0.0157680511474609 0.58966064453125 0.52630615234375
-0.0180854797363281 -0.0645370483398438 -0.03155517578125 0.88165283203125
0.0324325561523437 -0.00987625122070312 -0.472900390625 0.503509521484375
0.061553955078125 0.0267982482910156 0.0194206237792969 0.0656204223632813
0.0494422912597656 -0.01629638671875 0.58563232421875 -0.45458984375
0.0108604431152344 -0.0461082458496094 0.1077880859375 -0.935302734375
-0.0210628509521484 -0.0255393981933594 -0.65301513671875 -0.4830322265625
-0.00346183776855469 0.0150842666625977 -0.5989990234375 0.2169189453125
0.00188255310058594 0.0202751159667969 -0.225616455078125 0.447540283203125
0.00248336791992188 0.00153470039367676 0.137542724609375 0.328704833984375
0.0250911712646484 0.0176334381103516 0.264175415039063 0.0846405029296875
0.0232830047607422 0.0165157318115234 -0.241561889648438 -0.131484985351562
0.015934944152832 0.00402069091796875 -0.079376220703125 -0.32843017578125
0.0142421722412109 0.0228290557861328 0.2794189453125 -0.381744384765625
0.00779151916503907 0.0292186737060547 0.66986083984375 -0.10699462890625
-0.0173187255859375 -0.0084829330444336 0.58880615234375 0.5367431640625
-0.0200614929199219 -0.0571060180664063 -0.0369873046875001 0.88623046875
0.0262012481689453 -0.00612640380859375 -0.47662353515625 0.5010986328125
0.0541915893554688 0.0262527465820313 0.0183830261230469 0.065185546875
0.0443801879882813 -0.013702392578125 0.57684326171875 -0.457763671875
0.00907516479492188 -0.0377311706542969 0.0961303710937499 -0.9320068359375
-0.0162563323974609 -0.0173282623291016 -0.65594482421875 -0.469970703125
0.000833511352539062 0.0160608291625977 -0.5977783203125 0.2259521484375
0.00732040405273437 0.0187263488769531 -0.2247314453125 0.45098876953125
0.0037083625793457 -0.0040440559387207 0.14117431640625 0.331298828125
0.0250759124755859 0.0107746124267578 0.26544189453125 0.0871734619140625
0.0209102630615234 0.0134925842285156 -0.239471435546875 -0.128372192382813
0.0176506042480469 -0.00433731079101563 -0.075469970703125 -0.32781982421875
0.0188922882080078 0.0183315277099609 0.282196044921875 -0.378814697265625
0.0150699615478516 0.0316104888916016 0.67041015625 -0.10015869140625
-0.0129108428955078 -0.00108242034912109 0.58447265625 0.54388427734375
-0.0208969116210938 -0.048248291015625 -0.0452880859375 0.88983154296875
0.0207195281982422 -0.00214767456054688 -0.481170654296875 0.50030517578125
0.0486373901367188 0.0265464782714844 0.0197639465332031 0.0630874633789063
0.038116455078125 -0.0100479125976562 0.5740966796875 -0.46160888671875
0.00631141662597657 -0.0273113250732422 0.08746337890625 -0.9295654296875
-0.0111570358276367 -0.00818634033203125 -0.66217041015625 -0.46185302734375
0.00859451293945313 0.0167608261108398 -0.5963134765625 0.23529052734375
0.0104179382324219 0.0139579772949219 -0.22052001953125 0.455230712890625
0.00393581390380859 -0.01104736328125 0.1461181640625 0.330780029296875
0.0246734619140625 0.00621795654296875 0.266616821289063 0.088470458984375
0.0193233489990234 0.0116100311279297 -0.240676879882813 -0.12506103515625
0.0205478668212891 -0.0118083953857422 -0.074005126953125 -0.328826904296875
0.0243625640869141 0.0124683380126953 0.284942626953125 -0.376617431640625
0.0216903686523438 0.0333843231201172 0.67303466796875 -0.09564208984375
-0.0079808235168457 0.00749301910400391 0.579833984375 0.54833984375
-0.0227127075195313 -0.0374870300292969 -0.0540771484375001 0.8876953125
0.0145273208618164 0.00193119049072266 -0.485107421875 0.494110107421875
0.0427780151367188 0.0248985290527344 0.0234260559082031 0.0623092651367188
0.0330810546875 -0.00555419921875 0.5770263671875 -0.467041015625
0.00413322448730469 -0.0183887481689453 0.08624267578125 -0.93011474609375
-0.005889892578125 0.00211906433105469 -0.6632080078125 -0.45654296875
0.0158424377441406 0.0168848037719727 -0.59393310546875 0.23614501953125
0.015233039855957 0.00796413421630859 -0.21929931640625 0.45550537109375
0.00588226318359375 -0.0179386138916016 0.14642333984375 0.329345703125
0.0250129699707031 0.00321388244628906 0.267623901367188 0.0893402099609375
0.0190715789794922 0.0105991363525391 -0.240859985351562 -0.12335205078125
0.0229377746582031 -0.0182285308837891 -0.070953369140625 -0.32958984375
0.0278568267822266 0.00877189636230469 0.288970947265625 -0.37969970703125
0.0281295776367188 0.0356636047363281 0.67474365234375 -0.09930419921875
-0.00315189361572266 0.0166711807250977 0.58258056640625 0.5479736328125
-0.0232448577880859 -0.0294589996337891 -0.052001953125 0.89044189453125
0.0112152099609375 0.00411796569824219 -0.481658935546875 0.494598388671875
0.0399398803710938 0.0235366821289063 0.0283393859863281 0.0607872009277344
0.0296249389648438 -0.00523185729980469 0.575439453125 -0.47186279296875
0.00458621978759766 -0.00847578048706055 0.0828857421875 -0.93621826171875
-0.000970840454101562 0.00957584381103515 -0.6644287109375 -0.457763671875
0.0226860046386719 0.0181217193603516 -0.593994140625 0.23675537109375
0.0188827514648437 0.00240135192871094 -0.22027587890625 0.452178955078125
0.00867080688476563 -0.0244350433349609 0.148345947265625 0.328125
0.0238780975341797 -0.0002288818359375 0.2666015625 0.0886077880859375
0.0214633941650391 0.0311222076416016 -0.259033203125 -0.14178466796875
0.0216655731201172 0.00975990295410156 -0.095062255859375 -0.3427734375
0.0140495300292969 0.025238037109375 0.276275634765625 -0.41357421875
0.00140190124511719 0.0265312194824219 0.6732177734375 -0.15765380859375
-0.0222835540771484 -0.0140933990478516 0.60943603515625 0.498291015625
-0.0166168212890625 -0.0672988891601563 -0.00415039062499999 0.876708984375
0.0394515991210937 -0.0171241760253906 -0.4501953125 0.507598876953125
0.0710906982421875 0.0218353271484375 0.0334243774414063 0.0661659240722656
0.0564804077148437 -0.0228614807128906 0.603759765625 -0.465087890625
0.0147171020507812 -0.0496177673339844 0.11993408203125 -0.9639892578125
-0.0199031829833984 -0.0264797210693359 -0.65509033203125 -0.51690673828125
-0.0062255859375 0.0140457153320312 -0.60675048828125 0.19287109375
0.00514602661132812 0.0197067260742188 -0.22833251953125 0.4356689453125
0.00669527053833008 0.00400924682617187 0.12982177734375 0.3193359375
0.0238590240478516 0.0265579223632812 0.25653076171875 0.0739593505859375
0.0204677581787109 0.0295619964599609 -0.25738525390625 -0.138687133789063
0.0202350616455078 0.0122184753417969 -0.09576416015625 -0.33880615234375
0.00977134704589844 0.0288677215576172 0.273101806640625 -0.404022216796875
0.000345230102539062 0.0273265838623047 0.669921875 -0.1474609375
-0.0228042602539062 -0.0184803009033203 0.6021728515625 0.50299072265625
-0.0182647705078125 -0.0707321166992188 -0.01312255859375 0.875732421875
0.038665771484375 -0.0159416198730469 -0.458892822265625 0.506317138671875
0.0694046020507813 0.0242385864257812 0.0279083251953125 0.067169189453125
0.0557403564453125 -0.0215950012207031 0.59991455078125 -0.457275390625
0.0131340026855469 -0.052764892578125 0.11865234375 -0.953857421875
-0.0225334167480469 -0.0314788818359375 -0.652099609375 -0.5047607421875
-0.00811290740966797 0.0147552490234375 -0.6043701171875 0.200439453125
0.0012054443359375 0.0224494934082031 -0.22674560546875 0.44061279296875
0.00484752655029297 0.0051274299621582 0.134674072265625 0.322967529296875
0.0227642059326172 0.0262928009033203 0.2628173828125 0.077667236328125
0.02325439453125 0.0256900787353516 -0.252532958984375 -0.138534545898438
0.0171985626220703 0.0119466781616211 -0.090728759765625 -0.336395263671875
0.0105628967285156 0.0282478332519531 0.27667236328125 -0.4000244140625
0.000125885009765626 0.0277194976806641 0.67169189453125 -0.136962890625
-0.0241508483886719 -0.0177936553955078 0.6024169921875 0.51617431640625
-0.0179672241210937 -0.0694007873535156 -0.01470947265625 0.8831787109375
0.0364608764648438 -0.0143814086914063 -0.464111328125 0.507843017578125
0.0667533874511719 0.0247039794921875 0.0222434997558594 0.0667800903320313
0.0550193786621094 -0.0198936462402344 0.591064453125 -0.4600830078125
0.0122528076171875 -0.0511360168457031 0.107177734375 -0.94964599609375
-0.0225162506103516 -0.0298404693603516 -0.657470703125 -0.49505615234375
-0.00828456878662109 0.0138273239135742 -0.6063232421875 0.2105712890625
0.00117111206054688 0.0223312377929688 -0.22686767578125 0.4488525390625
0.00299692153930664 0.00579833984375 0.137298583984375 0.327911376953125
0.0257396697998047 0.0206222534179688 0.261764526367188 0.0798492431640625
0.0217971801757813 0.0217399597167969 -0.250335693359375 -0.132095336914062
0.0159940719604492 0.00862026214599609 -0.08795166015625 -0.3330078125
0.0106983184814453 0.0278835296630859 0.27630615234375 -0.3907470703125
0.00318527221679687 0.0279960632324219 0.67120361328125 -0.1241455078125
-0.0213069915771484 -0.01544189453125 0.59576416015625 0.5250244140625
-0.0188827514648438 -0.0643768310546875 -0.0297241210937499 0.88824462890625
0.0313930511474609 -0.0103015899658203 -0.473907470703125 0.50811767578125
0.0614547729492188 0.0271186828613281 0.0196418762207031 0.0658683776855469
0.0491294860839844 -0.0157012939453125 0.58734130859375 -0.45831298828125
0.0110435485839844 -0.046051025390625 0.1055908203125 -0.94122314453125
-0.0201435089111328 -0.0258884429931641 -0.66064453125 -0.4820556640625
-0.00402355194091797 0.0158901214599609 -0.6031494140625 0.2200927734375
0.00278091430664062 0.0218677520751953 -0.22381591796875 0.45111083984375
0.00243091583251953 0.00236177444458008 0.14141845703125 0.328765869140625
0.0248146057128906 0.0166549682617187 0.265945434570313 0.082672119140625
0.0221118927001953 0.0160884857177734 -0.245330810546875 -0.131149291992187
0.0158796310424805 0.00328826904296875 -0.080902099609375 -0.33050537109375
0.013702392578125 0.0237903594970703 0.278656005859375 -0.386077880859375
0.00835800170898437 0.0286674499511719 0.6719970703125 -0.1131591796875
-0.0176372528076172 -0.00886154174804688 0.5927734375 0.537109375
-0.0206031799316406 -0.0573616027832031 -0.03448486328125 0.8907470703125
0.0268840789794922 -0.00663185119628906 -0.479248046875 0.506103515625
0.0547523498535156 0.024871826171875 0.0172576904296875 0.0647048950195313
0.0439987182617188 -0.0135879516601563 0.57891845703125 -0.460693359375
0.00880813598632813 -0.0371856689453125 0.0937500000000001 -0.938720703125
-0.0168647766113281 -0.017608642578125 -0.662109375 -0.47039794921875
0.000307083129882813 0.0159444808959961 -0.6021728515625 0.23065185546875
0.00644302368164063 0.0192413330078125 -0.224273681640625 0.456024169921875
0.00228333473205566 -0.00384974479675293 0.1446533203125 0.332061767578125
0.0262336730957031 0.0100917816162109 0.267547607421875 0.0864715576171875
0.0217609405517578 0.0130233764648438 -0.2440185546875 -0.126602172851562
0.0184955596923828 -0.00371742248535156 -0.07818603515625 -0.329864501953125
0.0189495086669922 0.0197334289550781 0.2828369140625 -0.3839111328125
0.0159263610839844 0.0313949584960938 0.67523193359375 -0.10479736328125
-0.0138587951660156 -0.00132274627685547 0.5888671875 0.5443115234375
-0.022125244140625 -0.0474662780761719 -0.04376220703125 0.89532470703125
0.0204105377197266 -0.00116157531738281 -0.483917236328125 0.5045166015625
0.0489082336425781 0.0265464782714844 0.019073486328125 0.0634765625
0.0384330749511719 -0.0108680725097656 0.5784912109375 -0.46392822265625
0.00704574584960938 -0.0273456573486328 0.08612060546875 -0.936767578125
-0.0113382339477539 -0.00789070129394531 -0.66754150390625 -0.46246337890625
0.00789451599121094 0.0170774459838867 -0.5994873046875 0.2376708984375
0.0108757019042969 0.0141096115112305 -0.220855712890625 0.459381103515625
0.003692626953125 -0.0103273391723633 0.1494140625 0.331512451171875
0.0263195037841797 0.00609016418457031 0.269256591796875 0.0885009765625
0.0200786590576172 0.0109462738037109 -0.242523193359375 -0.123977661132813
0.0203895568847656 -0.0124492645263672 -0.07574462890625 -0.32916259765625
0.0233535766601563 0.0138454437255859 0.2857666015625 -0.38018798828125
0.0220527648925781 0.0332832336425781 0.67767333984375 -0.100341796875
-0.00856876373291015 0.00774812698364258 0.58416748046875 0.54864501953125
-0.0227279663085938 -0.0377120971679688 -0.0519409179687501 0.896240234375
0.0152978897094727 0.00134754180908203 -0.48565673828125 0.498809814453125
0.0433425903320313 0.0250968933105469 0.0230560302734375 0.0610809326171875
0.0318946838378906 -0.00598335266113281 0.57562255859375 -0.4693603515625
0.00542354583740234 -0.016810417175293 0.083984375 -0.93597412109375
-0.00504112243652344 0.00181674957275391 -0.66900634765625 -0.45806884765625
0.0155487060546875 0.0172290802001953 -0.59686279296875 0.2398681640625
0.0144739151000977 0.00812530517578125 -0.217864990234375 0.458740234375
0.00521087646484375 -0.0182456970214844 0.150848388671875 0.33038330078125
0.0251560211181641 0.00141143798828125 0.2706298828125 0.0886077880859375
0.0207595825195313 0.00959587097167969 -0.244003295898437 -0.122024536132813
0.0233993530273438 -0.0189228057861328 -0.073455810546875 -0.3314208984375
0.0290870666503906 0.00903892517089844 0.28668212890625 -0.38385009765625
0.0286140441894531 0.0348873138427734 0.6785888671875 -0.102783203125
-0.00513648986816406 0.0162668228149414 0.58795166015625 0.54803466796875
-0.0234146118164063 -0.0290431976318359 -0.0499267578125 0.89434814453125
0.0111923217773438 0.00458717346191406 -0.4837646484375 0.4996337890625
0.0405540466308594 0.0236053466796875 0.0283241271972656 0.0620498657226563
0.0296573638916016 -0.00566673278808594 0.57940673828125 -0.47528076171875
0.0047917366027832 -0.00860023498535156 0.0800170898437501 -0.942626953125
-0.00066852569580078 0.0105085372924805 -0.67144775390625 -0.458251953125
0.0220203399658203 0.018218994140625 -0.59710693359375 0.24005126953125
0.0189075469970703 0.00400733947753906 -0.219635009765625 0.4578857421875
0.00877952575683594 -0.0244979858398438 0.151641845703125 0.328155517578125
0.0244255065917969 -0.000532150268554687 0.26910400390625 0.0880889892578125
0.0215835571289063 0.0309982299804688 -0.261810302734375 -0.141616821289062
0.0217208862304688 0.00941658020019531 -0.098907470703125 -0.34405517578125
0.0144081115722656 0.0244388580322266 0.27508544921875 -0.41949462890625
0.00192070007324219 0.0280437469482422 0.6788330078125 -0.1630859375
-0.0231781005859375 -0.0145530700683594 0.61602783203125 0.4989013671875
-0.0176887512207031 -0.0678062438964844 0.000793457031249931 0.8822021484375
0.0387916564941406 -0.016143798828125 -0.45111083984375 0.51226806640625
0.072540283203125 0.0223388671875 0.0338401794433594 0.0674171447753906
0.0577812194824219 -0.0213890075683594 0.6060791015625 -0.46893310546875
0.0151634216308594 -0.0494117736816406 0.1162109375 -0.970947265625
-0.0202598571777344 -0.0269908905029297 -0.66168212890625 -0.51788330078125
-0.00486850738525391 0.0142345428466797 -0.60882568359375 0.19720458984375
0.00503158569335938 0.0199871063232422 -0.2255859375 0.440155029296875
0.0059962272644043 0.00425624847412109 0.135345458984375 0.320648193359375
0.0254306793212891 0.0270881652832031 0.25933837890625 0.072052001953125
0.0213222503662109 0.0298633575439453 -0.262252807617188 -0.136825561523438
0.0192775726318359 0.0119361877441406 -0.100830078125 -0.340972900390625
0.0109539031982422 0.0270347595214844 0.272308349609375 -0.409393310546875
-0.000545501708984374 0.0273761749267578 0.67694091796875 -0.15277099609375
-0.0237445831298828 -0.0187168121337891 0.6102294921875 0.50372314453125
-0.018157958984375 -0.07208251953125 -0.0106811523437501 0.88043212890625
0.0375785827636719 -0.015838623046875 -0.459808349609375 0.51080322265625
0.0695152282714844 0.0231094360351563 0.0280952453613281 0.0678901672363281
0.0554466247558594 -0.0220298767089844 0.6031494140625 -0.4609375
0.0130615234375 -0.0539398193359375 0.11553955078125 -0.95904541015625
-0.0239448547363281 -0.0303382873535156 -0.6595458984375 -0.50634765625
-0.00792217254638672 0.0140962600708008 -0.60675048828125 0.205322265625
0.000494003295898436 0.0226707458496094 -0.22589111328125 0.4453125
0.00511789321899414 0.00557327270507813 0.139068603515625 0.323577880859375
0.023406982421875 0.0265216827392578 0.263931274414063 0.076080322265625
0.0241737365722656 0.0251617431640625 -0.256057739257813 -0.13787841796875
0.0175018310546875 0.0121660232543945 -0.093536376953125 -0.337982177734375
0.0110816955566406 0.0293254852294922 0.276092529296875 -0.406646728515625
7.05718994140616E-05 0.0261993408203125 0.67645263671875 -0.1412353515625
-0.0249862670898438 -0.0185699462890625 0.60888671875 0.51641845703125
-0.0180854797363281 -0.0701675415039063 -0.0130615234375 0.88720703125
0.0365142822265625 -0.0135231018066406 -0.4649658203125 0.51318359375
0.0679244995117188 0.0247039794921875 0.0222320556640625 0.0671958923339844
0.0545654296875 -0.0202713012695313 0.59246826171875 -0.46417236328125
0.0124702453613281 -0.0515213012695313 0.10479736328125 -0.9556884765625
-0.0228843688964844 -0.0304126739501953 -0.66461181640625 -0.495849609375
-0.00855064392089844 0.0149068832397461 -0.60858154296875 0.21630859375
0.00128555297851562 0.0233173370361328 -0.225006103515625 0.451324462890625
0.00275945663452148 0.00611114501953125 0.140625 0.327850341796875
0.0266361236572266 0.0206680297851563 0.26611328125 0.0792999267578125
0.0231895446777344 0.0211982727050781 -0.252777099609375 -0.1309814453125
0.0165843963623047 0.00946235656738281 -0.09112548828125 -0.334075927734375
0.0113430023193359 0.027740478515625 0.276824951171875 -0.3953857421875
0.00275611877441406 0.0274734497070313 0.67645263671875 -0.1298828125
-0.0222625732421875 -0.0154285430908203 0.6011962890625 0.52679443359375
-0.0199470520019531 -0.0643081665039063 -0.02532958984375 0.89227294921875
0.0314655303955078 -0.00998878479003906 -0.47369384765625 0.5120849609375
0.0605316162109375 0.0256538391113281 0.0196304321289063 0.0665512084960938
0.0493278503417969 -0.0166244506835938 0.5899658203125 -0.4637451171875
0.0088348388671875 -0.0458030700683594 0.1011962890625 -0.94635009765625
-0.0226593017578125 -0.0257968902587891 -0.6671142578125 -0.4837646484375
-0.00507831573486328 0.0152206420898438 -0.60626220703125 0.2255859375
0.00206565856933594 0.0221309661865234 -0.222869873046875 0.456085205078125
0.00267124176025391 0.00197553634643555 0.14776611328125 0.33087158203125
0.0265426635742187 0.0177841186523437 0.269424438476563 0.0827178955078125
0.0237808227539063 0.0158920288085938 -0.248550415039063 -0.131057739257813
0.0171737670898438 0.00425148010253906 -0.084320068359375 -0.33209228515625
0.015777587890625 0.0232658386230469 0.27923583984375 -0.390289306640625
0.00975608825683594 0.0289134979248047 0.6787109375 -0.11871337890625
-0.0195560455322266 -0.00894546508789062 0.60089111328125 0.53717041015625
-0.0202980041503906 -0.0561370849609375 -0.0322265624999999 0.896728515625
0.0261154174804687 -0.00584793090820313 -0.479248046875 0.5101318359375
0.0549087524414063 0.0262451171875 0.0172233581542969 0.0662841796875
0.0453987121582031 -0.0127029418945313 0.58197021484375 -0.46441650390625
0.0078582763671875 -0.0371818542480469 0.0898437499999999 -0.9466552734375
-0.0174026489257812 -0.0179653167724609 -0.6708984375 -0.47174072265625
0.00142478942871094 0.0152206420898437 -0.60504150390625 0.23651123046875
0.00603866577148437 0.0194759368896484 -0.22222900390625 0.460205078125
0.0034027099609375 -0.0022280216217041 0.14776611328125 0.333282470703125
0.0274620056152344 0.0106124877929688 0.271133422851563 0.0853424072265625
0.0229282379150391 0.0133876800537109 -0.247161865234375 -0.125595092773438
0.0177001953125 -0.00561714172363281 -0.08026123046875 -0.330902099609375
0.0198249816894531 0.0195426940917969 0.279815673828125 -0.38775634765625
0.0162582397460938 0.0316390991210938 0.67803955078125 -0.1103515625
-0.0147638320922852 -0.00187206268310547 0.596923828125 0.54425048828125
-0.0221595764160156 -0.0463714599609375 -0.0399780273437499 0.89984130859375
0.0187091827392578 -0.000715255737304688 -0.483367919921875 0.508270263671875
0.0488319396972656 0.0250701904296875 0.0187835693359375 0.0648345947265625
0.0384750366210938 -0.0105438232421875 0.57977294921875 -0.46893310546875
0.00562286376953125 -0.0271568298339844 0.0850219726562501 -0.94451904296875
-0.0121707916259766 -0.00928497314453125 -0.674072265625 -0.46173095703125
0.00796222686767578 0.0165224075317383 -0.60186767578125 0.242919921875
0.0109767913818359 0.0142631530761719 -0.218719482421875 0.463104248046875
0.00332355499267578 -0.00994396209716797 0.154327392578125 0.332672119140625
0.0269927978515625 0.00619697570800781 0.2724609375 0.0869598388671875
0.0209007263183594 0.0107250213623047 -0.246475219726563 -0.123611450195313
0.0210857391357422 -0.0122585296630859 -0.078521728515625 -0.330322265625
0.0246543884277344 0.0138587951660156 0.285064697265625 -0.385284423828125
0.0218467712402344 0.0332393646240234 0.6810302734375 -0.1048583984375
-0.00927543640136719 0.0079183578491211 0.592529296875 0.5484619140625
-0.0247917175292969 -0.0365829467773438 -0.0481567382812499 0.8995361328125
0.0144891738891602 0.00292587280273438 -0.487548828125 0.5029296875
0.0432167053222656 0.0257720947265625 0.0231590270996094 0.0631752014160156
0.0333786010742188 -0.00662040710449219 0.57794189453125 -0.47265625
0.00498580932617188 -0.0170726776123047 0.0792236328125 -0.943359375
-0.00539875030517578 0.00158405303955078 -0.6746826171875 -0.458984375
0.0163908004760742 0.0161285400390625 -0.599365234375 0.24554443359375
0.0143327713012695 0.0079345703125 -0.21746826171875 0.460906982421875
0.0055694580078125 -0.0175266265869141 0.154632568359375 0.33154296875
0.0251064300537109 0.00324821472167969 0.273361206054688 0.08740234375
0.0219154357910156 0.00936317443847656 -0.248138427734375 -0.121353149414063
0.0236148834228516 -0.0192928314208984 -0.077484130859375 -0.332061767578125
0.0293445587158203 0.00901603698730469 0.28466796875 -0.38970947265625
0.0293846130371094 0.0346870422363281 0.68255615234375 -0.10894775390625
-0.00642681121826172 0.0166225433349609 0.5936279296875 0.54815673828125
-0.0235233306884766 -0.0286445617675781 -0.0474853515624999 0.9017333984375
0.0111265182495117 0.00374889373779297 -0.484039306640625 0.50445556640625
0.0393829345703125 0.0233802795410156 0.0281600952148438 0.0615310668945313
0.0292778015136719 -0.00469589233398438 0.57855224609375 -0.4793701171875
0.00525951385498047 -0.00795269012451172 0.0765380859374999 -0.9486083984375
-0.00083160400390625 0.0104169845581055 -0.67694091796875 -0.45867919921875
0.0231742858886719 0.0177459716796875 -0.5992431640625 0.2454833984375
0.0195884704589844 0.00422859191894531 -0.216766357421875 0.4615478515625
0.00916481018066406 -0.0241775512695313 0.155670166015625 0.328094482421875
0.0246124267578125 -0.000640869140625 0.270706176757813 0.0865020751953125
0.0235042572021484 0.0314655303955078 -0.266616821289063 -0.140350341796875
0.0219917297363281 0.00928306579589844 -0.10400390625 -0.34490966796875
0.0150794982910156 0.0250568389892578 0.27496337890625 -0.425689697265625
0.0018157958984375 0.0277233123779297 0.681396484375 -0.1710205078125
-0.0240039825439453 -0.0145130157470703 0.62286376953125 0.49737548828125
-0.0185966491699219 -0.0674324035644531 0.00482177734375009 0.887939453125
0.0383415222167969 -0.0164642333984375 -0.45074462890625 0.517791748046875
0.0725860595703125 0.022125244140625 0.0342369079589844 0.0685272216796875
0.0580215454101562 -0.0222358703613281 0.60784912109375 -0.47698974609375
0.0141029357910156 -0.0498199462890625 0.1114501953125 -0.97784423828125
-0.0219554901123047 -0.0280494689941406 -0.6712646484375 -0.51690673828125
-0.00556468963623047 0.0135927200317383 -0.61212158203125 0.2032470703125
0.00460433959960938 0.021148681640625 -0.22314453125 0.443878173828125
0.00621509552001953 0.00460290908813477 0.1383056640625 0.3211669921875
0.0259647369384766 0.0264720916748047 0.262252807617188 0.0717620849609375
0.0217094421386719 0.0303611755371094 -0.26593017578125 -0.13653564453125
0.0189647674560547 0.0122261047363281 -0.1033935546875 -0.34173583984375
0.0116863250732422 0.0274829864501953 0.27093505859375 -0.41522216796875
0.000373840332031247 0.0275783538818359 0.6796875 -0.16033935546875
-0.0248146057128906 -0.0182151794433594 0.61822509765625 0.50213623046875
-0.018218994140625 -0.0708160400390625 -0.00592041015625007 0.88677978515625
0.038909912109375 -0.0156822204589844 -0.461456298828125 0.5184326171875
0.070068359375 0.0230979919433594 0.0282630920410156 0.0685234069824219
0.0556983947753906 -0.0211944580078125 0.60321044921875 -0.46832275390625
0.0127792358398438 -0.0527496337890625 0.11077880859375 -0.9666748046875
-0.0237369537353516 -0.0304889678955078 -0.66790771484375 -0.5050048828125
-0.00791645050048828 0.0144624710083008 -0.61163330078125 0.211181640625
0.00186538696289062 0.0233192443847656 -0.222381591796875 0.449737548828125
0.00450992584228516 0.00635862350463867 0.144927978515625 0.325775146484375
0.0246295928955078 0.0258941650390625 0.267120361328125 0.0741119384765625
0.0250263214111328 0.0247573852539063 -0.2601318359375 -0.136093139648437
0.0170326232910156 0.0118513107299805 -0.097259521484375 -0.3385009765625
0.0119895935058594 0.0297870635986328 0.27545166015625 -0.40972900390625
0.000822067260742185 0.026763916015625 0.68060302734375 -0.1494140625
-0.0245399475097656 -0.0189113616943359 0.61688232421875 0.513671875
-0.0195503234863281 -0.0691947937011719 -0.00738525390625009 0.894775390625
0.0372581481933594 -0.0141944885253906 -0.465576171875 0.519378662109375
0.0678291320800781 0.0239639282226563 0.0221443176269531 0.0679435729980469
0.0556678771972656 -0.0203742980957031 0.59307861328125 -0.47064208984375
0.011505126953125 -0.0511131286621094 0.10113525390625 -0.9637451171875
-0.023956298828125 -0.030303955078125 -0.6734619140625 -0.49554443359375
-0.00866413116455078 0.012598991394043 -0.61077880859375 0.2208251953125
0.00209426879882812 0.0240459442138672 -0.222564697265625 0.457061767578125
0.00194883346557617 0.0070185661315918 0.144805908203125 0.328765869140625
0.0273475646972656 0.019500732421875 0.26898193359375 0.0776824951171875
0.0237140655517578 0.0209579467773438 -0.258056640625 -0.1317138671875
0.0162324905395508 0.00817012786865235 -0.0941162109375 -0.335662841796875
0.0131072998046875 0.0280933380126953 0.275726318359375 -0.400054931640625
0.00385093688964843 0.0273094177246094 0.67974853515625 -0.13623046875
-0.0223884582519531 -0.0153827667236328 0.60870361328125 0.52520751953125
-0.020294189453125 -0.0643844604492188 -0.0206298828125 0.89892578125
0.0303268432617187 -0.00950241088867188 -0.47576904296875 0.518157958984375
0.0617141723632813 0.0257186889648438 0.0193557739257812 0.0676498413085938
0.04998779296875 -0.0161590576171875 0.58978271484375 -0.46990966796875
0.0101089477539063 -0.0458106994628906 0.0974121093750001 -0.95672607421875
-0.0216770172119141 -0.0257968902587891 -0.6739501953125 -0.48199462890625
-0.00438308715820313 0.0147027969360352 -0.60882568359375 0.2305908203125
0.00267601013183594 0.0225467681884766 -0.220489501953125 0.459930419921875
0.00145697593688965 0.00232839584350586 0.151885986328125 0.330413818359375
0.0277328491210938 0.0171890258789062 0.272659301757812 0.081634521484375
0.0242958068847656 0.0145015716552734 -0.252029418945313 -0.13043212890625
0.0155515670776367 0.00299358367919922 -0.0883483886718749 -0.334381103515625
0.0167694091796875 0.0251312255859375 0.279815673828125 -0.398681640625
0.00933647155761719 0.0285453796386719 0.68170166015625 -0.12457275390625
-0.0191802978515625 -0.00844764709472657 0.607177734375 0.5347900390625
-0.0213470458984375 -0.0563583374023438 -0.0273437500000001 0.9017333984375
0.0263252258300781 -0.00481986999511719 -0.480316162109375 0.516754150390625
0.05621337890625 0.0256729125976562 0.0179939270019531 0.0658340454101563
0.044769287109375 -0.0141563415527344 0.58355712890625 -0.47015380859375
0.00851058959960937 -0.0371513366699219 0.0846557617187499 -0.953125
-0.0185813903808594 -0.0178432464599609 -0.6781005859375 -0.47100830078125
0.00023365020751953 0.0156688690185547 -0.607421875 0.24163818359375
0.00602149963378906 0.0200119018554688 -0.21917724609375 0.46612548828125
0.00328588485717773 -0.00205469131469727 0.152618408203125 0.333160400390625
0.0284290313720703 0.00939369201660156 0.273284912109375 0.0847015380859375
0.0235328674316406 0.0122261047363281 -0.250961303710938 -0.123565673828125
0.0181751251220703 -0.00406074523925781 -0.0858154296875 -0.332855224609375
0.0204982757568359 0.0185604095458984 0.282196044921875 -0.39300537109375
0.0145797729492187 0.0305747985839844 0.68310546875 -0.116455078125
-0.0154561996459961 -0.00120162963867188 0.60205078125 0.5435791015625
-0.02301025390625 -0.04693603515625 -0.03509521484375 0.906005859375
0.0197200775146484 -0.00214958190917969 -0.484619140625 0.5152587890625
0.0492095947265625 0.0257682800292969 0.0185394287109375 0.0650100708007813
0.0379409790039063 -0.0100631713867187 0.5799560546875 -0.4759521484375
0.00556182861328125 -0.0266590118408203 0.0791625976562499 -0.95263671875
-0.0130281448364258 -0.00871086120605469 -0.68121337890625 -0.4622802734375
0.00893497467041016 0.0151147842407227 -0.6038818359375 0.24859619140625
0.0110549926757813 0.013270378112793 -0.21539306640625 0.466156005859375
0.00335407257080078 -0.00967597961425781 0.157440185546875 0.333404541015625
0.0288429260253906 0.00420188903808594 0.276641845703125 0.0856170654296875
0.0228214263916016 0.0112171173095703 -0.250778198242188 -0.122039794921875
0.0217380523681641 -0.0141696929931641 -0.080780029296875 -0.331756591796875
0.0256900787353516 0.0140895843505859 0.2845458984375 -0.392333984375
0.0234966278076172 0.0332527160644531 0.6866455078125 -0.11260986328125
-0.00921440124511719 0.00709152221679687 0.59716796875 0.54833984375
-0.0251121520996094 -0.0369949340820312 -0.0435791015625001 0.9061279296875
0.0142078399658203 0.00340843200683594 -0.488067626953125 0.511688232421875
0.043212890625 0.0243110656738281 0.0236892700195313 0.0628089904785156
0.0329933166503906 -0.0061492919921875 0.5799560546875 -0.4796142578125
0.00543785095214844 -0.0156822204589844 0.0744628906249999 -0.95111083984375
-0.00652980804443359 0.00123834609985352 -0.68365478515625 -0.45574951171875
0.0159597396850586 0.0172300338745117 -0.60272216796875 0.25262451171875
0.014190673828125 0.00835990905761719 -0.2142333984375 0.466796875
0.00545978546142578 -0.0170803070068359 0.160491943359375 0.332000732421875
0.0265674591064453 0.0015106201171875 0.277938842773438 0.085113525390625
0.0224895477294922 0.00880622863769531 -0.2518310546875 -0.120880126953125
0.0236873626708984 -0.0186271667480469 -0.080596923828125 -0.33392333984375
0.0306739807128906 0.00826644897460938 0.285858154296875 -0.395294189453125
0.0292930603027344 0.0339679718017578 0.68719482421875 -0.11474609375
-0.00569438934326172 0.0152711868286133 0.60101318359375 0.54766845703125
-0.0249214172363281 -0.0279464721679688 -0.0408325195312499 0.90704345703125
0.0110330581665039 0.00489330291748047 -0.4847412109375 0.508697509765625
0.0399932861328125 0.0221633911132812 0.0274925231933594 0.0618972778320313
0.0293903350830078 -0.00510215759277344 0.5797119140625 -0.4854736328125
0.00487279891967773 -0.00741720199584961 0.071533203125 -0.95660400390625
-0.00138282775878906 0.0105104446411133 -0.68505859375 -0.45703125
0.0225906372070313 0.0167942047119141 -0.60101318359375 0.25091552734375
0.0201416015625 0.00414276123046875 -0.21319580078125 0.465728759765625
0.00658988952636719 -0.0244178771972656 0.160430908203125 0.329437255859375
0.0263080596923828 -0.00194358825683594 0.27545166015625 0.0843658447265625
0.0244083404541016 0.0313320159912109 -0.271469116210938 -0.13800048828125
0.0225009918212891 0.00903129577636719 -0.106048583984375 -0.34417724609375
0.0160942077636719 0.0248184204101563 0.27215576171875 -0.431549072265625
0.00281906127929687 0.0267581939697266 0.68408203125 -0.17803955078125
-0.0245189666748047 -0.0141315460205078 0.63238525390625 0.49578857421875
-0.0186614990234375 -0.0671043395996094 0.01287841796875 0.8934326171875
0.0386734008789063 -0.0174102783203125 -0.451080322265625 0.524505615234375
0.0726776123046875 0.0209197998046875 0.0350265502929688 0.0689544677734375
0.0581436157226563 -0.0228996276855469 0.60821533203125 -0.4825439453125
0.0137062072753906 -0.0499343872070313 0.10308837890625 -0.98675537109375
-0.0229415893554688 -0.0267715454101562 -0.67950439453125 -0.51434326171875
-0.00552272796630859 0.0140724182128906 -0.61602783203125 0.210693359375
0.004974365234375 0.0203361511230469 -0.222503662109375 0.44970703125
0.00569629669189453 0.00502967834472656 0.143798828125 0.321014404296875
0.0266742706298828 0.0264453887939453 0.264846801757813 0.0680694580078125
0.0218467712402344 0.0281200408935547 -0.270370483398438 -0.1341552734375
0.0206775665283203 0.01104736328125 -0.107757568359375 -0.342529296875
0.0122947692871094 0.0284442901611328 0.26983642578125 -0.420623779296875
0.00028038024902344 0.0267047882080078 0.68255615234375 -0.16949462890625
-0.0258426666259766 -0.0195331573486328 0.6260986328125 0.4986572265625
-0.0198783874511719 -0.0701370239257813 -0.000427246093750015 0.892578125
0.0373764038085938 -0.0148582458496094 -0.46026611328125 0.523956298828125
0.0701103210449219 0.02264404296875 0.0295143127441406 0.0694541931152344
0.0559654235839844 -0.0222740173339844 0.605224609375 -0.47509765625
0.0124969482421875 -0.05242919921875 0.10614013671875 -0.97479248046875
-0.0245571136474609 -0.0314998626708984 -0.676513671875 -0.50323486328125
-0.00824356079101563 0.0144491195678711 -0.61370849609375 0.21820068359375
0.00171661376953125 0.0238609313964844 -0.219940185546875 0.454376220703125
0.00469303131103516 0.00635957717895508 0.14959716796875 0.325225830078125
0.0256175994873047 0.0253334045410156 0.270431518554687 0.0723876953125
0.0263214111328125 0.0251255035400391 -0.264617919921875 -0.13385009765625
0.0176143646240234 0.0113201141357422 -0.101715087890625 -0.340057373046875
0.0123863220214844 0.0286331176757813 0.271026611328125 -0.417572021484375
0.000890731811523435 0.0269203186035156 0.68359375 -0.156005859375
-0.02618408203125 -0.0193328857421875 0.62420654296875 0.5130615234375
-0.0199737548828125 -0.0682334899902344 -0.000671386718749953 0.900390625
0.0368919372558594 -0.0140876770019531 -0.464874267578125 0.525848388671875
0.0676536560058594 0.0237922668457031 0.0225868225097656 0.0687980651855469
0.0554313659667969 -0.0205802917480469 0.59417724609375 -0.47833251953125
0.0107650756835937 -0.0513572692871094 0.0939941406250001 -0.9718017578125
-0.0256690979003906 -0.0306224822998047 -0.6834716796875 -0.4932861328125
-0.00909900665283203 0.0141115188598633 -0.61383056640625 0.22833251953125
0.00196075439453125 0.0230808258056641 -0.218963623046875 0.462158203125
0.00234794616699219 0.00681209564208984 0.151397705078125 0.32952880859375
0.0276660919189453 0.0189037322998047 0.271453857421875 0.075775146484375
0.024139404296875 0.0207424163818359 -0.2613525390625 -0.12890625
0.0165529251098633 0.00757980346679688 -0.099456787109375 -0.3360595703125
0.0136280059814453 0.0272121429443359 0.27374267578125 -0.407440185546875
0.00391006469726563 0.0270843505859375 0.68389892578125 -0.14508056640625
-0.0229949951171875 -0.0163402557373047 0.6175537109375 0.5238037109375
-0.0220718383789063 -0.063446044921875 -0.01513671875 0.90478515625
0.0319614410400391 -0.00987625122070312 -0.476348876953125 0.524749755859375
0.0624122619628906 0.0255699157714844 0.0190277099609375 0.067840576171875
0.0487861633300781 -0.0167274475097656 0.5916748046875 -0.4747314453125
0.00873184204101563 -0.0457000732421875 0.0898437500000001 -0.9620361328125
-0.0231113433837891 -0.0263214111328125 -0.6829833984375 -0.48095703125
-0.00464820861816406 0.0141201019287109 -0.61126708984375 0.23919677734375
0.00292587280273438 0.0229091644287109 -0.217254638671875 0.46630859375
0.00110411643981934 0.00358891487121582 0.15673828125 0.331024169921875
0.0280647277832031 0.0152034759521484 0.275802612304688 0.0791473388671875
0.0261325836181641 0.0147132873535156 -0.25787353515625 -0.126190185546875
0.0169515609741211 0.00254726409912109 -0.092681884765625 -0.334075927734375
0.0170936584472656 0.0234508514404297 0.277374267578125 -0.4039306640625
0.009918212890625 0.0284137725830078 0.68609619140625 -0.135009765625
-0.0211391448974609 -0.0102882385253906 0.6142578125 0.532958984375
-0.022918701171875 -0.0550155639648438 -0.0197753906250001 0.907470703125
0.0261096954345703 -0.0047149658203125 -0.478546142578125 0.522186279296875
0.05535888671875 0.0243110656738281 0.0188369750976563 0.0674362182617188
0.0448951721191406 -0.0144386291503906 0.58282470703125 -0.4786376953125
0.00751876831054688 -0.0374641418457031 0.0789794921874999 -0.9610595703125
-0.0180740356445313 -0.0172958374023438 -0.68634033203125 -0.46826171875
0.00151634216308594 0.0145950317382813 -0.609130859375 0.24847412109375
0.0071258544921875 0.019317626953125 -0.216217041015625 0.469390869140625
0.00179135799407959 -0.00154948234558105 0.15869140625 0.333251953125
0.0283336639404297 0.00828170776367188 0.276779174804688 0.083038330078125
0.0250587463378906 0.0117855072021484 -0.25482177734375 -0.122589111328125
0.0185909271240234 -0.00496864318847656 -0.089996337890625 -0.33172607421875
0.0212993621826172 0.0195980072021484 0.280029296875 -0.39984130859375
0.0163364410400391 0.0295181274414063 0.68829345703125 -0.12554931640625
-0.0159053802490234 -0.0013589859008789 0.612060546875 0.54150390625
-0.0238113403320312 -0.0470428466796875 -0.028564453125 0.9117431640625
0.0199699401855469 -0.00106430053710937 -0.48687744140625 0.51922607421875
0.0486640930175781 0.0246124267578125 0.0199012756347656 0.064971923828125
0.0391731262207031 -0.00976943969726562 0.5791015625 -0.4830322265625
0.00622367858886719 -0.0268402099609375 0.07147216796875 -0.9595947265625
-0.0128850936889648 -0.0087127685546875 -0.69134521484375 -0.46038818359375
0.00801372528076172 0.0152082443237305 -0.6068115234375 0.25653076171875
0.01153564453125 0.0148086547851563 -0.211700439453125 0.473114013671875
0.00245761871337891 -0.0100688934326172 0.164093017578125 0.33233642578125
0.0280418395996094 0.00434684753417969 0.278640747070313 0.082550048828125
0.0251483917236328 0.00964546203613281 -0.255722045898438 -0.119598388671875
0.0217456817626953 -0.0132846832275391 -0.086761474609375 -0.33367919921875
0.0254154205322266 0.0132923126220703 0.28167724609375 -0.396392822265625
0.0238857269287109 0.0315761566162109 0.690185546875 -0.11968994140625
-0.0104656219482422 0.00776958465576172 0.61053466796875 0.5458984375
-0.0243072509765625 -0.035064697265625 -0.0377807617187499 0.91375732421875
0.0139551162719727 0.00333213806152344 -0.4879150390625 0.517791748046875
0.0435371398925781 0.0240097045898438 0.0230827331542969 0.0642013549804688
0.0335521697998047 -0.00724220275878906 0.58074951171875 -0.48529052734375
0.00493335723876953 -0.0164871215820312 0.06793212890625 -0.95892333984375
-0.00719356536865234 0.00108766555786133 -0.69244384765625 -0.455078125
0.0167675018310547 0.0157604217529297 -0.60394287109375 0.2581787109375
0.0146522521972656 0.0100259780883789 -0.21051025390625 0.471221923828125
0.00452995300292969 -0.0167274475097656 0.16644287109375 0.332672119140625
0.0275802612304688 -0.000246047973632813 0.280044555664063 0.0841217041015625
0.0238552093505859 0.00842666625976563 -0.25494384765625 -0.117630004882813
0.0243797302246094 -0.0197086334228516 -0.084075927734375 -0.334381103515625
0.0312671661376953 0.00849723815917969 0.28369140625 -0.4027099609375
0.0297603607177734 0.0337772369384766 0.6920166015625 -0.12237548828125
-0.00613307952880859 0.0159397125244141 0.60943603515625 0.54473876953125
-0.0246829986572266 -0.0277290344238281 -0.03399658203125 0.91082763671875
0.0108051300048828 0.00472736358642578 -0.486663818359375 0.517578125
0.0404472351074219 0.0227622985839844 0.0278282165527344 0.0625152587890625
0.029998779296875 -0.00540733337402344 0.57952880859375 -0.49188232421875
0.00504302978515625 -0.00830268859863281 0.0626220703125001 -0.96484375
-0.00205612182617188 0.0104351043701172 -0.6949462890625 -0.45556640625
0.0225315093994141 0.0163173675537109 -0.60418701171875 0.25860595703125
0.0193653106689453 0.00421905517578125 -0.210174560546875 0.47186279296875
0.00748825073242187 -0.0247039794921875 0.165802001953125 0.3291015625
0.0270309448242188 -0.002716064453125 0.27960205078125 0.08367919921875
0.0255107879638672 0.0307350158691406 -0.274169921875 -0.13555908203125
0.0225467681884766 0.00884246826171875 -0.112640380859375 -0.34625244140625
0.0167675018310547 0.0246829986572266 0.2686767578125 -0.436370849609375
0.00233268737792969 0.0270195007324219 0.68804931640625 -0.18927001953125
-0.0254306793212891 -0.0148792266845703 0.63970947265625 0.49163818359375
-0.0194129943847656 -0.065582275390625 0.0215454101562501 0.89874267578125
0.0388145446777344 -0.01702880859375 -0.45086669921875 0.532012939453125
0.0724258422851563 0.0211944580078125 0.0357704162597656 0.0697479248046875
0.0583763122558594 -0.0230979919433594 0.60784912109375 -0.4906005859375
0.0131645202636719 -0.0499076843261719 0.0964965820312499 -0.9957275390625
-0.0232028961181641 -0.0271625518798828 -0.68939208984375 -0.51239013671875
-0.00574493408203125 0.0142650604248047 -0.61822509765625 0.2169189453125
0.00473403930664063 0.0214805603027344 -0.2176513671875 0.454681396484375
0.00633859634399414 0.00536060333251953 0.149322509765625 0.3204345703125
0.0277862548828125 0.0254096984863281 0.268295288085938 0.066864013671875
0.0252609252929688 0.0284099578857422 -0.275192260742188 -0.131805419921875
0.0211696624755859 0.0120925903320313 -0.11273193359375 -0.342926025390625
0.0135250091552734 0.0279083251953125 0.26605224609375 -0.428070068359375
0.000480651855468749 0.0263423919677734 0.68597412109375 -0.17864990234375
-0.0265541076660156 -0.0185260772705078 0.63372802734375 0.49432373046875
-0.0223197937011719 -0.0700569152832031 0.00946044921875002 0.90087890625
0.0373039245605469 -0.0155181884765625 -0.458984375 0.5311279296875
0.071624755859375 0.0223617553710938 0.0285110473632813 0.0697097778320313
0.0560417175292969 -0.0223579406738281 0.60406494140625 -0.482177734375
0.0112190246582031 -0.0535812377929687 0.0951538085937501 -0.982421875
-0.0252189636230469 -0.0324668884277344 -0.6864013671875 -0.49896240234375
-0.0090951919555664 0.0133438110351563 -0.61676025390625 0.2254638671875
0.00176429748535156 0.0240612030029297 -0.215667724609375 0.459136962890625
0.0041351318359375 0.00705337524414062 0.1551513671875 0.325439453125
0.0257568359375 0.0254249572753906 0.274093627929687 0.0700225830078125
0.0269718170166016 0.0241680145263672 -0.269424438476563 -0.13201904296875
0.0177345275878906 0.0113105773925781 -0.106597900390625 -0.3402099609375
0.0132713317871094 0.0285854339599609 0.2679443359375 -0.42364501953125
0.000501632690429686 0.0256290435791016 0.68695068359375 -0.1676025390625
-0.0272769927978516 -0.0187053680419922 0.6329345703125 0.50775146484375
-0.02105712890625 -0.0685272216796875 0.00744628906250008 0.90667724609375
0.0364494323730469 -0.0147552490234375 -0.46392822265625 0.53253173828125
0.0682487487792969 0.0229034423828125 0.0233421325683594 0.0691146850585938
0.0556526184082031 -0.0213661193847656 0.59393310546875 -0.48565673828125
0.0104408264160156 -0.0513916015625 0.0834960937500001 -0.97998046875
-0.0263042449951172 -0.0307159423828125 -0.69268798828125 -0.49005126953125
-0.00870990753173828 0.0138568878173828 -0.616455078125 0.23748779296875
0.00218963623046875 0.0242767333984375 -0.215576171875 0.46636962890625
0.00232696533203125 0.00744104385375976 0.1568603515625 0.328521728515625
0.0286788940429688 0.0189895629882813 0.274978637695313 0.0736083984375
0.0258636474609375 0.0216407775878906 -0.266036987304688 -0.1259765625
0.0169954299926758 0.00704383850097656 -0.10443115234375 -0.33660888671875
0.0139617919921875 0.0276947021484375 0.26995849609375 -0.413299560546875
0.00420379638671875 0.0269870758056641 0.6876220703125 -0.154052734375
-0.024200439453125 -0.0168781280517578 0.625732421875 0.518310546875
-0.0223274230957031 -0.063720703125 -0.00781250000000006 0.90985107421875
0.0306129455566406 -0.00882911682128906 -0.474517822265625 0.531982421875
0.0620460510253906 0.025634765625 0.0189018249511719 0.0677261352539063
0.0500907897949219 -0.0171394348144531 0.59185791015625 -0.48309326171875
0.00801849365234375 -0.0447845458984375 0.0825195312499999 -0.97161865234375
-0.0235443115234375 -0.0263633728027344 -0.6923828125 -0.477294921875
-0.00470066070556641 0.0134057998657227 -0.61334228515625 0.24609375
0.00310897827148437 0.0223445892333984 -0.21307373046875 0.470184326171875
0.00124788284301758 0.00306415557861328 0.162933349609375 0.33056640625
0.0294837951660156 0.0142726898193359 0.279296875 0.075347900390625
0.0268707275390625 0.0138530731201172 -0.26251220703125 -0.12408447265625
0.0164632797241211 0.00294113159179688 -0.097503662109375 -0.3359375
0.0173740386962891 0.0235137939453125 0.274383544921875 -0.4111328125
0.00943565368652344 0.0291728973388672 0.6895751953125 -0.1424560546875
-0.0223655700683594 -0.00964736938476563 0.6236572265625 0.52960205078125
-0.0225028991699219 -0.0551834106445313 -0.01123046875 0.91412353515625
0.0249500274658203 -0.004730224609375 -0.479736328125 0.53094482421875
0.0554313659667969 0.0247535705566406 0.0173454284667969 0.0678482055664063
0.0453987121582031 -0.014007568359375 0.58282470703125 -0.4854736328125
0.00673675537109375 -0.0366439819335937 0.07147216796875 -0.968017578125
-0.0198898315429688 -0.0179595947265625 -0.69586181640625 -0.46319580078125
0.00171470642089844 0.0141010284423828 -0.61114501953125 0.2564697265625
0.0057525634765625 0.0203285217285156 -0.21063232421875 0.47491455078125
0.00170457363128662 -0.0013120174407959 0.16534423828125 0.333770751953125
0.0286407470703125 0.00732612609863281 0.28106689453125 0.07855224609375
0.0259914398193359 0.0121517181396484 -0.259674072265625 -0.119430541992188
0.0188465118408203 -0.00523757934570313 -0.093231201171875 -0.33367919921875
0.0215549468994141 0.0188751220703125 0.277313232421875 -0.40606689453125
0.0165939331054688 0.0297737121582031 0.69171142578125 -0.13592529296875
-0.0161800384521484 -0.00208282470703125 0.62005615234375 0.5382080078125
-0.0244712829589844 -0.04486083984375 -0.0213623046874999 0.91900634765625
0.0195884704589844 -0.000886917114257813 -0.485260009765625 0.528228759765625
0.0506973266601563 0.0246849060058594 0.0204200744628906 0.0655784606933594
0.0385780334472656 -0.010772705078125 0.5794677734375 -0.489501953125
0.00576400756835938 -0.0260105133056641 0.06170654296875 -0.967041015625
-0.0132713317871094 -0.00750350952148437 -0.69793701171875 -0.4556884765625
0.00899410247802734 0.0149927139282227 -0.6082763671875 0.26544189453125
0.0118255615234375 0.0155525207519531 -0.207672119140625 0.478515625
0.00252342224121094 -0.00934982299804688 0.16949462890625 0.332275390625
0.0288658142089844 0.00274276733398438 0.282501220703125 0.080291748046875
0.0260963439941406 0.0103759765625 -0.258148193359375 -0.117172241210937
0.0214653015136719 -0.0126266479492188 -0.090728759765625 -0.3341064453125
0.0273609161376953 0.0123443603515625 0.28106689453125 -0.403411865234375
0.0236797332763672 0.0316791534423828 0.693359375 -0.13201904296875
-0.00957679748535156 0.00737953186035156 0.61639404296875 0.543212890625
-0.02490234375 -0.0353851318359375 -0.0297241210937501 0.91741943359375
0.0145626068115234 0.00378799438476563 -0.48638916015625 0.523773193359375
0.0439529418945313 0.0248298645019531 0.0241127014160156 0.06488037109375
0.0329685211181641 -0.00744438171386719 0.58050537109375 -0.49456787109375
0.00426864624023438 -0.015660285949707 0.0586547851562499 -0.96514892578125
-0.00759792327880859 0.000699996948242188 -0.70013427734375 -0.45147705078125
0.0165376663208008 0.0150699615478516 -0.6053466796875 0.26666259765625
0.0154256820678711 0.0098876953125 -0.20782470703125 0.476715087890625
0.00486946105957031 -0.0171518325805664 0.17108154296875 0.33135986328125
0.0278759002685547 -0.000432968139648438 0.283294677734375 0.079498291015625
0.0236434936523437 0.00736808776855469 -0.259628295898438 -0.11474609375
0.02447509765625 -0.0201663970947266 -0.089569091796875 -0.336181640625
0.0320320129394531 0.00765609741210938 0.28033447265625 -0.4083251953125
0.0301532745361328 0.0339775085449219 0.695068359375 -0.1328125
-0.00660037994384766 0.0162153244018555 0.62005615234375 0.5418701171875
-0.0249595642089844 -0.0260543823242187 -0.0273437500000001 0.919189453125
0.0109233856201172 0.00468826293945313 -0.483306884765625 0.52313232421875
0.0407829284667969 0.0224876403808594 0.0281715393066406 0.063720703125
0.0302696228027344 -0.00590324401855469 0.57977294921875 -0.50018310546875
0.0045318603515625 -0.00797033309936523 0.0542602539062499 -0.9730224609375
-0.00248146057128906 0.0101346969604492 -0.703857421875 -0.45123291015625
0.0229167938232422 0.0159893035888672 -0.60467529296875 0.265869140625
0.0208625793457031 0.00467491149902344 -0.207427978515625 0.4761962890625
0.00646591186523438 -0.0235958099365234 0.171722412109375 0.328277587890625
0.0268630981445313 -0.00421524047851563 0.28179931640625 0.0810546875
0.0276584625244141 0.0297966003417969 -0.279296875 -0.131484985351562
0.0233345031738281 0.00802803039550781 -0.118408203125 -0.345977783203125
0.0184307098388672 0.0245285034179688 0.264556884765625 -0.445343017578125
0.0038909912109375 0.0265369415283203 0.6875 -0.2005615234375
-0.0266304016113281 -0.0148944854736328 0.649169921875 0.48468017578125
-0.0209312438964844 -0.0652809143066406 0.0300292968750001 0.9027099609375
0.0394058227539063 -0.0167808532714844 -0.447113037109375 0.538360595703125
0.0726318359375 0.0200729370117188 0.0358085632324219 0.0696220397949219
0.0572547912597656 -0.0234565734863281 0.6048583984375 -0.49859619140625
0.0122718811035156 -0.0497970581054688 0.0852050781250001 -1.00091552734375
-0.0248661041259766 -0.0262355804443359 -0.6982421875 -0.50567626953125
-0.00743389129638672 0.0126638412475586 -0.618408203125 0.22698974609375
0.00592422485351563 0.0218257904052734 -0.212921142578125 0.45965576171875
0.00547409057617188 0.00555801391601563 0.1556396484375 0.31939697265625
0.0276355743408203 0.0243511199951172 0.270034790039062 0.0629730224609375
0.0250434875488281 0.0279941558837891 -0.27874755859375 -0.129669189453125
0.0204067230224609 0.0117835998535156 -0.1202392578125 -0.344085693359375
0.0144157409667969 0.0277996063232422 0.261810302734375 -0.4349365234375
1.90734863281474E-06 0.0252113342285156 0.68603515625 -0.18878173828125
-0.0272216796875 -0.0187759399414063 0.64312744140625 0.4896240234375
-0.0225677490234375 -0.0699996948242188 0.01751708984375 0.902587890625
0.0379447937011719 -0.0159530639648438 -0.455718994140625 0.53717041015625
0.0708999633789063 0.0226287841796875 0.0288619995117188 0.0703506469726563
0.0574913024902344 -0.0223960876464844 0.60028076171875 -0.49017333984375
0.0099945068359375 -0.0548019409179688 0.0856933593750001 -0.990234375
-0.0264015197753906 -0.0312175750732422 -0.69671630859375 -0.4949951171875
-0.00944995880126953 0.0140228271484375 -0.6153564453125 0.23406982421875
0.00260162353515625 0.0239067077636719 -0.209991455078125 0.463775634765625
0.00264644622802734 0.00694656372070312 0.160736083984375 0.324066162109375
0.0271720886230469 0.0241336822509766 0.278121948242187 0.06719970703125
0.0285968780517578 0.0231170654296875 -0.27239990234375 -0.128067016601563
0.0184650421142578 0.0101890563964844 -0.112030029296875 -0.341033935546875
0.0146980285644531 0.0276355743408203 0.264801025390625 -0.43035888671875
0.000305175781250002 0.0259017944335938 0.68865966796875 -0.1785888671875
-0.0277385711669922 -0.0185260772705078 0.6429443359375 0.50323486328125
-0.0215263366699219 -0.068389892578125 0.0177001953125 0.9107666015625
0.0368003845214844 -0.0147972106933594 -0.4603271484375 0.540802001953125
0.0681190490722656 0.022674560546875 0.0244636535644531 0.0696754455566406
0.0558052062988281 -0.022308349609375 0.59075927734375 -0.49212646484375
0.00969696044921874 -0.0515022277832031 0.0725708007812499 -0.98724365234375
-0.0270500183105469 -0.0301799774169922 -0.70172119140625 -0.48388671875
-0.00856494903564453 0.0131988525390625 -0.617919921875 0.244384765625
0.00235557556152344 0.0254058837890625 -0.209228515625 0.47149658203125
0.000921249389648438 0.00769710540771484 0.162872314453125 0.3270263671875
0.0302715301513672 0.0184879302978516 0.277801513671875 0.0705108642578125
0.0281352996826172 0.0203762054443359 -0.27032470703125 -0.12322998046875
0.0171880722045898 0.00778102874755859 -0.110321044921875 -0.33636474609375
0.0151481628417969 0.0271053314208984 0.267578125 -0.421630859375
0.00329208374023437 0.0271358489990234 0.6890869140625 -0.1641845703125
-0.0262622833251953 -0.0164089202880859 0.63629150390625 0.5140380859375
-0.0239486694335938 -0.0631942749023438 0.00390625000000003 0.9136962890625
0.0309715270996094 -0.00953102111816406 -0.4716796875 0.5396728515625
0.0629158020019531 0.0249671936035156 0.0196266174316406 0.0699272155761719
0.0504913330078125 -0.0177230834960938 0.58941650390625 -0.4921875
0.00846099853515625 -0.0447196960449219 0.07098388671875 -0.97576904296875
-0.0260372161865234 -0.0252494812011719 -0.70166015625 -0.47235107421875
-0.00331020355224609 0.0138721466064453 -0.614501953125 0.25543212890625
0.00216865539550781 0.0233993530273438 -0.20660400390625 0.476593017578125
0.00141572952270508 0.0049595832824707 0.169158935546875 0.3304443359375
0.0291824340820312 0.0136337280273437 0.28094482421875 0.0728607177734375
0.0271625518798828 0.0135555267333984 -0.265670776367188 -0.121719360351562
0.0164966583251953 0.00192737579345703 -0.102813720703125 -0.335601806640625
0.0174579620361328 0.0235977172851563 0.270904541015625 -0.41571044921875
0.00967025756835937 0.0278148651123047 0.69000244140625 -0.15380859375
-0.0225830078125 -0.00966644287109375 0.63568115234375 0.52362060546875
-0.0233116149902344 -0.0542106628417969 -0.00402832031249998 0.917236328125
0.02557373046875 -0.00657081604003906 -0.476348876953125 0.537841796875
0.0561256408691406 0.02410888671875 0.0176277160644531 0.0687980651855469
0.0449676513671875 -0.0145072937011719 0.58050537109375 -0.4930419921875
0.00593185424804688 -0.0376701354980469 0.0615844726562501 -0.97509765625
-0.0203742980957031 -0.0184898376464844 -0.7042236328125 -0.4603271484375
0.00191211700439453 0.0133733749389648 -0.6123046875 0.2650146484375
0.00717353820800781 0.0202846527099609 -0.205596923828125 0.48052978515625
0.00181472301483154 -0.000848889350891113 0.171600341796875 0.332794189453125
0.0300445556640625 0.00688934326171875 0.283233642578125 0.07659912109375
0.0272979736328125 0.0111618041992188 -0.262161254882813 -0.117156982421875
0.0185623168945313 -0.00535964965820313 -0.09942626953125 -0.334564208984375
0.0221824645996094 0.0191173553466797 0.272705078125 -0.41363525390625
0.01763916015625 0.0293006896972656 0.6949462890625 -0.14697265625
-0.0164079666137695 -0.00168609619140625 0.63128662109375 0.53192138671875
-0.0244522094726563 -0.0448341369628906 -0.0101318359375001 0.92169189453125
0.0204257965087891 -0.00169944763183594 -0.480194091796875 0.535858154296875
0.0504035949707031 0.0239143371582031 0.0198249816894531 0.0669631958007813
0.0388069152832031 -0.0113906860351563 0.5784912109375 -0.49993896484375
0.0050811767578125 -0.0266571044921875 0.0521240234375 -0.97186279296875
-0.0140867233276367 -0.00887012481689453 -0.708984375 -0.449951171875
0.00864887237548828 0.0147609710693359 -0.6092529296875 0.27435302734375
0.0111503601074219 0.0156936645507813 -0.2039794921875 0.4840087890625
0.00171518325805664 -0.00835657119750977 0.176025390625 0.332611083984375
0.0292491912841797 0.00201034545898438 0.284698486328125 0.077423095703125
0.0260219573974609 0.00917434692382813 -0.263076782226563 -0.115447998046875
0.0217189788818359 -0.0142650604248047 -0.09619140625 -0.33416748046875
0.0263919830322266 0.011474609375 0.2747802734375 -0.409942626953125
0.0248031616210937 0.0311870574951172 0.697265625 -0.14190673828125
-0.0118265151977539 0.007110595703125 0.62677001953125 0.5382080078125
-0.0257110595703125 -0.0354576110839844 -0.0203857421874999 0.92266845703125
0.0135593414306641 0.00174713134765625 -0.48583984375 0.531341552734375
0.0436820983886719 0.025238037109375 0.0237617492675781 0.0633049011230469
0.0329017639160156 -0.0073699951171875 0.57562255859375 -0.50189208984375
0.00530052185058594 -0.0142192840576172 0.0482788085937501 -0.973388671875
-0.00802135467529297 0.00158977508544922 -0.70965576171875 -0.444580078125
0.0180644989013672 0.0153522491455078 -0.60400390625 0.27490234375
0.0161190032958984 0.0111513137817383 -0.200958251953125 0.48236083984375
0.004791259765625 -0.0177478790283203 0.179412841796875 0.330047607421875
0.027862548828125 -0.00188827514648438 0.28839111328125 0.077392578125
0.0260334014892578 0.00749778747558594 -0.263137817382813 -0.112594604492187
0.0242290496826172 -0.0211009979248047 -0.094085693359375 -0.336090087890625
0.0334148406982422 0.00658416748046875 0.27899169921875 -0.415863037109375
0.0304317474365234 0.0324916839599609 0.6978759765625 -0.14410400390625
-0.00663280487060547 0.0157957077026367 0.62896728515625 0.53680419921875
-0.0257587432861328 -0.0257186889648438 -0.0189819335937501 0.92327880859375
0.0108451843261719 0.00487709045410156 -0.48126220703125 0.531158447265625
0.0413169860839844 0.0227813720703125 0.0292587280273438 0.0647010803222656
0.0295906066894531 -0.00560951232910156 0.5765380859375 -0.50933837890625
0.00403976440429687 -0.00790262222290039 0.04296875 -0.9761962890625
-0.00216960906982422 0.0108366012573242 -0.7117919921875 -0.44732666015625
0.0237216949462891 0.0139999389648438 -0.60479736328125 0.2764892578125
0.0200214385986328 0.0045318603515625 -0.201202392578125 0.48150634765625
0.00577354431152344 -0.0236797332763672 0.178466796875 0.327423095703125
0.0276203155517578 -0.00450897216796875 0.28515625 0.076873779296875
0.0274257659912109 0.0295085906982422 -0.282470703125 -0.127716064453125
0.0231552124023438 0.00795364379882813 -0.123504638671875 -0.344512939453125
0.0180282592773438 0.0238304138183594 0.257843017578125 -0.45147705078125
0.00329780578613281 0.0256080627441406 0.6888427734375 -0.2109375
-0.0280284881591797 -0.0144023895263672 0.65765380859375 0.4786376953125
-0.0222511291503906 -0.0655860900878906 0.0413818359375001 0.906005859375
0.037841796875 -0.0183181762695313 -0.443115234375 0.547882080078125
0.0735092163085938 0.0198440551757813 0.0368537902832031 0.0698966979980469
0.0579719543457031 -0.025482177734375 0.6011962890625 -0.5057373046875
0.0108566284179688 -0.0493927001953125 0.0731201171875001 -1.00787353515625
-0.0249729156494141 -0.0264949798583984 -0.70916748046875 -0.49945068359375
-0.00627613067626953 0.0134096145629883 -0.617919921875 0.2369384765625
0.00568199157714844 0.0219936370849609 -0.206024169921875 0.46435546875
0.00594091415405273 0.00608253479003906 0.161407470703125 0.317535400390625
0.0293121337890625 0.023040771484375 0.273223876953125 0.0592498779296875
0.0264377593994141 0.0284442901611328 -0.282562255859375 -0.124298095703125
0.0220413208007813 0.0100440979003906 -0.124420166015625 -0.342010498046875
0.0151920318603516 0.0271053314208984 0.256439208984375 -0.44085693359375
0.00139808654785156 0.0257854461669922 0.6865234375 -0.20123291015625
-0.0284614562988281 -0.0193653106689453 0.65130615234375 0.48126220703125
-0.0219039916992188 -0.0691337585449219 0.0307006835937501 0.90533447265625
0.0369796752929688 -0.0172271728515625 -0.452117919921875 0.546630859375
0.0710296630859375 0.0209503173828125 0.0298995971679688 0.0712203979492188
0.0566940307617188 -0.0233993530273438 0.597900390625 -0.4993896484375
0.00891876220703124 -0.0537109375 0.072998046875 -0.99456787109375
-0.0275135040283203 -0.0303401947021484 -0.70513916015625 -0.489501953125
-0.00797271728515625 0.0139427185058594 -0.615966796875 0.244140625
0.00255966186523437 0.0243453979492188 -0.203460693359375 0.468597412109375
0.00413179397583008 0.00807380676269531 0.1671142578125 0.321258544921875
0.0284328460693359 0.0225601196289062 0.278472900390625 0.0635223388671875
0.0289344787597656 0.0223579406738281 -0.276748657226563 -0.123703002929688
0.01849365234375 0.0105743408203125 -0.118316650390625 -0.339385986328125
0.0145282745361328 0.0286808013916016 0.260040283203125 -0.436920166015625
0.00123405456542969 0.0247154235839844 0.68988037109375 -0.18878173828125
-0.0295562744140625 -0.0189266204833984 0.65277099609375 0.49688720703125
-0.0224990844726562 -0.0675125122070313 0.0294189453124999 0.9132080078125
0.0352516174316406 -0.0144882202148438 -0.45721435546875 0.547943115234375
0.0686912536621094 0.0217742919921875 0.0237541198730469 0.0701217651367188
0.0558853149414063 -0.0220413208007813 0.58929443359375 -0.5009765625
0.00898742675781251 -0.0504264831542969 0.06024169921875 -0.99041748046875
-0.0274829864501953 -0.0294704437255859 -0.71136474609375 -0.477783203125
-0.0084075927734375 0.0127954483032227 -0.61639404296875 0.255615234375
0.0031280517578125 0.0255756378173828 -0.205474853515625 0.476165771484375
0.00180530548095703 0.00830507278442383 0.1685791015625 0.326263427734375
0.0306510925292969 0.0174331665039063 0.280914306640625 0.066253662109375
0.0280323028564453 0.0186767578125 -0.2745361328125 -0.120101928710938
0.0176467895507813 0.00730323791503906 -0.11602783203125 -0.33538818359375
0.0163803100585938 0.0272712707519531 0.262603759765625 -0.4266357421875
0.00518417358398437 0.0251598358154297 0.69091796875 -0.1778564453125
-0.0261878967285156 -0.0169525146484375 0.64300537109375 0.505615234375
-0.0241737365722656 -0.0622329711914063 0.0144042968749999 0.91778564453125
0.0304222106933594 -0.00922203063964844 -0.466461181640625 0.547088623046875
0.0633392333984375 0.0239334106445313 0.0200996398925781 0.0685653686523438
0.0498275756835938 -0.0183372497558594 0.58563232421875 -0.499755859375
0.00664520263671875 -0.0458602905273438 0.05926513671875 -0.98211669921875
-0.0255050659179688 -0.0261917114257813 -0.710205078125 -0.46478271484375
-0.00441551208496094 0.0144033432006836 -0.6126708984375 0.2655029296875
0.00295829772949219 0.0237312316894531 -0.201202392578125 0.47991943359375
0.000196933746337891 0.00392031669616699 0.1749267578125 0.326812744140625
0.0296859741210938 0.013397216796875 0.2847900390625 0.06781005859375
0.0293045043945313 0.0140895843505859 -0.268203735351563 -0.118255615234375
0.0173063278198242 0.00213050842285156 -0.108551025390625 -0.3348388671875
0.0185527801513672 0.022308349609375 0.264190673828125 -0.423004150390625
0.00969505310058594 0.0263290405273438 0.69329833984375 -0.16595458984375
-0.0225543975830078 -0.00867843627929687 0.64337158203125 0.51678466796875
-0.0230064392089844 -0.0536880493164063 0.01031494140625 0.91998291015625
0.0247459411621094 -0.00524520874023438 -0.472198486328125 0.54473876953125
0.0569992065429687 0.0238304138183594 0.0184211730957031 0.0682792663574219
0.0455818176269531 -0.0159988403320313 0.57635498046875 -0.50152587890625
0.00619125366210937 -0.0366439819335938 0.0469360351562501 -0.97784423828125
-0.0204601287841797 -0.0169277191162109 -0.71539306640625 -0.45123291015625
0.000433921813964844 0.0141878128051758 -0.6103515625 0.27520751953125
0.00630760192871094 0.0205535888671875 -0.20147705078125 0.48675537109375
0.00173449516296387 -0.00258755683898926 0.17803955078125 0.33013916015625
0.0303897857666016 0.00597381591796875 0.286529541015625 0.0718994140625
0.0275344848632813 0.0110359191894531 -0.266571044921875 -0.113525390625
0.0184688568115234 -0.00496482849121094 -0.104827880859375 -0.334381103515625
0.0224781036376953 0.0178260803222656 0.268646240234375 -0.419189453125
0.017181396484375 0.0283584594726563 0.6939697265625 -0.1571044921875
-0.0179424285888672 -0.00168609619140625 0.63873291015625 0.52642822265625
-0.025970458984375 -0.0435256958007813 6.10351562499827E-05 0.92694091796875
0.0191841125488281 -0.000316619873046875 -0.475830078125 0.54547119140625
0.0502433776855469 0.0233497619628906 0.0200843811035156 0.0670890808105469
0.0382804870605469 -0.0106010437011719 0.5726318359375 -0.5062255859375
0.00545120239257813 -0.0270500183105469 0.03973388671875 -0.97760009765625
-0.0148773193359375 -0.00795555114746094 -0.7191162109375 -0.4425048828125
0.00766372680664063 0.0144071578979492 -0.6075439453125 0.2838134765625
0.0113210678100586 0.01617431640625 -0.197021484375 0.485931396484375
0.00167083740234375 -0.00947284698486328 0.182037353515625 0.32806396484375
0.0295276641845703 0.00112342834472656 0.2886962890625 0.07305908203125
0.0272178649902344 0.00806808471679688 -0.26702880859375 -0.109756469726563
0.0222854614257813 -0.0155048370361328 -0.101409912109375 -0.33416748046875
0.02777099609375 0.0123825073242187 0.270599365234375 -0.418212890625
0.0249481201171875 0.0303268432617188 0.6962890625 -0.15283203125
-0.0104475021362305 0.00670528411865234 0.63665771484375 0.5318603515625
-0.0263309478759766 -0.0336856842041016 -0.00616455078124995 0.926513671875
0.0140266418457031 0.00206565856933594 -0.480377197265625 0.53924560546875
0.0445289611816406 0.0223159790039063 0.0248374938964844 0.065826416015625
0.0322628021240234 -0.00914192199707031 0.57318115234375 -0.51068115234375
0.00389862060546875 -0.0151357650756836 0.0354614257812499 -0.9761962890625
-0.00860881805419922 0.00181150436401367 -0.7186279296875 -0.4376220703125
0.0165596008300781 0.0134344100952148 -0.6058349609375 0.2845458984375
0.016326904296875 0.0110597610473633 -0.195770263671875 0.48724365234375
0.00349140167236328 -0.016331672668457 0.184234619140625 0.327301025390625
0.0285110473632813 -0.00218009948730469 0.289337158203125 0.07476806640625
0.0262126922607422 0.00775909423828125 -0.267776489257813 -0.108734130859375
0.0235233306884766 -0.0219383239746094 -0.0994873046875 -0.336029052734375
0.0327873229980469 0.00606918334960937 0.272064208984375 -0.4207763671875
0.0321865081787109 0.0320663452148438 0.6976318359375 -0.15606689453125
-0.00733566284179688 0.0161275863647461 0.63671875 0.52935791015625
-0.0260810852050781 -0.0249156951904297 -0.00653076171875001 0.926513671875
0.0105485916137695 0.00531959533691406 -0.47760009765625 0.539031982421875
0.0408859252929688 0.0211372375488281 0.029541015625 0.0634193420410156
0.0307579040527344 -0.00691986083984375 0.57293701171875 -0.51708984375
0.00471019744873047 -0.00763607025146484 0.03277587890625 -0.9830322265625
-0.00238609313964844 0.0105428695678711 -0.721435546875 -0.43878173828125
0.0241050720214844 0.0148181915283203 -0.605712890625 0.2860107421875
0.0206890106201172 0.00410842895507813 -0.19451904296875 0.486053466796875
0.00546836853027344 -0.0240478515625 0.184295654296875 0.3258056640625
0.0278911590576172 -0.00580406188964844 0.286773681640625 0.07379150390625
0.0294456481933594 0.0295257568359375 -0.285919189453125 -0.123199462890625
0.0243072509765625 0.00691032409667969 -0.129302978515625 -0.3438720703125
0.0177803039550781 0.0233516693115234 0.251251220703125 -0.455322265625
0.00341606140136719 0.0252723693847656 0.687744140625 -0.2235107421875
-0.0288619995117188 -0.0148944854736328 0.6656494140625 0.46929931640625
-0.0226097106933594 -0.0648956298828125 0.0537109375 0.90447998046875
0.0377769470214844 -0.0178909301757813 -0.4373779296875 0.553558349609375
0.0734710693359375 0.01812744140625 0.0367546081542969 0.06964111328125
0.0577201843261719 -0.0247573852539063 0.5955810546875 -0.51495361328125
0.00988388061523437 -0.0498123168945313 0.0570068359375001 -1.00933837890625
-0.0258197784423828 -0.0261516571044922 -0.717041015625 -0.49200439453125
-0.00633621215820312 0.0129127502441406 -0.61669921875 0.24542236328125
0.00563430786132812 0.0226173400878906 -0.200225830078125 0.466949462890625
0.00603294372558594 0.00614213943481445 0.168212890625 0.31500244140625
0.0303173065185547 0.0221214294433594 0.27618408203125 0.0564117431640625
0.0277023315429688 0.0267143249511719 -0.286590576171875 -0.11932373046875
0.0217704772949219 0.00945472717285156 -0.130523681640625 -0.34014892578125
0.0149917602539062 0.0269813537597656 0.250244140625 -0.44561767578125
0.0013427734375 0.0258884429931641 0.68560791015625 -0.21337890625
-0.02978515625 -0.0188674926757813 0.65899658203125 0.47467041015625
-0.0239372253417969 -0.0680313110351563 0.0418701171875 0.9052734375
0.0361442565917969 -0.0167198181152344 -0.44647216796875 0.5511474609375
0.070892333984375 0.0197677612304688 0.0298042297363281 0.0701103210449219
0.0562744140625 -0.0244255065917969 0.5926513671875 -0.50677490234375
0.00763702392578125 -0.0529632568359375 0.0612182617187499 -0.99652099609375
-0.0278091430664063 -0.0301780700683594 -0.71466064453125 -0.47894287109375
-0.00880622863769531 0.012507438659668 -0.61480712890625 0.2550048828125
0.00288200378417969 0.0254669189453125 -0.196380615234375 0.4720458984375
0.00412273406982422 0.00763511657714844 0.172882080078125 0.319580078125
0.0289173126220703 0.021820068359375 0.28143310546875 0.05889892578125
0.0296840667724609 0.0217552185058594 -0.279891967773437 -0.119705200195312
0.0182380676269531 0.0111827850341797 -0.124725341796875 -0.33917236328125
0.0156955718994141 0.0275859832763672 0.253509521484375 -0.4417724609375
0.00108718872070312 0.0252971649169922 0.6885986328125 -0.201416015625
-0.0299282073974609 -0.0188064575195313 0.66009521484375 0.48687744140625
-0.0234832763671875 -0.0665359497070313 0.0415649414062501 0.91473388671875
0.0355720520019531 -0.0149154663085938 -0.450775146484375 0.555206298828125
0.0699462890625 0.0207481384277344 0.0245361328125 0.0714187622070313
0.0549163818359375 -0.0231361389160156 0.58282470703125 -0.51031494140625
0.0070343017578125 -0.0510101318359375 0.04852294921875 -0.99310302734375
-0.0283107757568359 -0.0291976928710938 -0.720458984375 -0.46856689453125
-0.00897026062011719 0.0130491256713867 -0.61431884765625 0.265380859375
0.00323104858398437 0.0257072448730469 -0.197967529296875 0.48040771484375
0.00161027908325195 0.0082392692565918 0.174713134765625 0.32318115234375
0.0315570831298828 0.0158214569091797 0.283111572265625 0.061981201171875
0.0293865203857422 0.0189628601074219 -0.277618408203125 -0.113189697265625
0.0170536041259766 0.00686454772949219 -0.12152099609375 -0.33477783203125
0.01556396484375 0.0265598297119141 0.256439208984375 -0.432586669921875
0.00546646118164063 0.0255641937255859 0.687255859375 -0.18853759765625
-0.0273303985595703 -0.0163097381591797 0.65301513671875 0.5001220703125
-0.0253372192382812 -0.0613136291503906 0.0260009765624999 0.92041015625
0.0303058624267578 -0.0105648040771484 -0.4609375 0.553802490234375
0.0628395080566406 0.0234794616699219 0.0213623046875 0.0707321166992188
0.0509567260742188 -0.0185165405273438 0.57916259765625 -0.509521484375
0.005767822265625 -0.045562744140625 0.04541015625 -0.9862060546875
-0.0263347625732422 -0.0250968933105469 -0.720458984375 -0.45611572265625
-0.00444698333740234 0.0133752822875977 -0.61083984375 0.27459716796875
0.00378608703613281 0.0232620239257813 -0.195281982421875 0.48388671875
0.000779867172241211 0.00429320335388184 0.181488037109375 0.323822021484375
0.0305290222167969 0.0118217468261719 0.286712646484375 0.0648193359375
0.0284500122070313 0.0130939483642578 -0.272872924804688 -0.112625122070313
0.0173549652099609 0.000804901123046875 -0.113433837890625 -0.334075927734375
0.0192012786865234 0.0219535827636719 0.259002685546875 -0.428955078125
0.0113124847412109 0.0267105102539063 0.69097900390625 -0.1785888671875
-0.0242099761962891 -0.00831222534179688 0.65142822265625 0.5064697265625
-0.02557373046875 -0.0525970458984375 0.02099609375 0.92449951171875
0.0241298675537109 -0.00613975524902344 -0.464447021484375 0.553924560546875
0.0567741394042969 0.0228424072265625 0.0195121765136719 0.0691337585449219
0.0456390380859375 -0.0152587890625 0.57177734375 -0.50958251953125
0.00615310668945312 -0.0362396240234375 0.03485107421875 -0.98309326171875
-0.0216655731201172 -0.0170402526855469 -0.72222900390625 -0.4447021484375
0.000637054443359377 0.0136966705322266 -0.60797119140625 0.285400390625
0.00790023803710938 0.020172119140625 -0.192779541015625 0.488433837890625
0.000831186771392822 -0.000913619995117188 0.183837890625 0.32635498046875
0.031005859375 0.00521087646484375 0.287628173828125 0.0684814453125
0.0292472839355469 0.0100059509277344 -0.270523071289063 -0.107940673828125
0.017608642578125 -0.00760269165039063 -0.1104736328125 -0.33209228515625
0.0232753753662109 0.0168666839599609 0.26275634765625 -0.425140380859375
0.0175571441650391 0.027099609375 0.69342041015625 -0.1702880859375
-0.0175313949584961 -0.00111770629882813 0.648681640625 0.5164794921875
-0.0264511108398438 -0.0427398681640625 0.0128784179687499 0.92645263671875
0.018829345703125 -0.0003814697265625 -0.469970703125 0.550811767578125
0.0501937866210938 0.0228500366210938 0.0213623046875 0.0671920776367188
0.0398406982421875 -0.0109176635742188 0.56890869140625 -0.51409912109375
0.00421142578125 -0.0253067016601562 0.02569580078125 -0.97882080078125
-0.0153541564941406 -0.00743675231933594 -0.7244873046875 -0.43267822265625
0.00912666320800781 0.014373779296875 -0.6060791015625 0.29168701171875
0.0110063552856445 0.0171346664428711 -0.19036865234375 0.4915771484375
0.0020904541015625 -0.00823307037353516 0.188690185546875 0.325775146484375
0.0298042297363281 -0.000143051147460938 0.28961181640625 0.06903076171875
0.0273838043212891 0.00833511352539063 -0.269851684570313 -0.105148315429688
0.0216445922851563 -0.0151252746582031 -0.107635498046875 -0.3331298828125
0.0283851623535156 0.0117702484130859 0.26629638671875 -0.424560546875
0.0249481201171875 0.028717041015625 0.69586181640625 -0.16424560546875
-0.0117340087890625 0.00797462463378906 0.644775390625 0.52056884765625
-0.0273399353027344 -0.0323429107666016 0.00488281250000008 0.9285888671875
0.0137109756469727 0.00353431701660156 -0.474517822265625 0.54669189453125
0.044677734375 0.0238723754882813 0.0253677368164063 0.0660972595214844
0.0326328277587891 -0.00918197631835938 0.56622314453125 -0.51641845703125
0.0047760009765625 -0.0151882171630859 0.0214843750000001 -0.98016357421875
-0.00844764709472656 0.00116205215454102 -0.725830078125 -0.42926025390625
0.0172433853149414 0.0143327713012695 -0.60247802734375 0.2940673828125
0.0167388916015625 0.0097198486328125 -0.187652587890625 0.489654541015625
0.00320625305175781 -0.0167388916015625 0.190643310546875 0.325653076171875
0.0285758972167969 -0.00391197204589844 0.291046142578125 0.070648193359375
0.0280361175537109 0.00583457946777344 -0.270263671875 -0.104446411132812
0.0233783721923828 -0.0225429534912109 -0.105682373046875 -0.333831787109375
0.0328903198242188 0.00506210327148438 0.266510009765625 -0.426605224609375
0.0310459136962891 0.0311622619628906 0.69769287109375 -0.16754150390625
-0.00780487060546875 0.0160064697265625 0.64593505859375 0.52105712890625
-0.0267181396484375 -0.0234107971191406 0.0052490234374999 0.92889404296875
0.0112199783325195 0.00539207458496094 -0.471221923828125 0.54547119140625
0.0416755676269531 0.0213546752929688 0.0301933288574219 0.0642242431640625
0.0300006866455078 -0.0063323974609375 0.5675048828125 -0.52435302734375
0.00399112701416016 -0.00642061233520508 0.0169677734375 -0.98626708984375
-0.00264453887939453 0.0104894638061523 -0.73077392578125 -0.428955078125
0.0239086151123047 0.0142688751220703 -0.601318359375 0.29351806640625
0.0208778381347656 0.00419998168945312 -0.18719482421875 0.4886474609375
0.00482749938964844 -0.0233592987060547 0.190338134765625 0.321868896484375
0.02789306640625 -0.00580787658691406 0.28973388671875 0.069976806640625
0.0298843383789063 0.0287990570068359 -0.2894287109375 -0.11810302734375
0.0234279632568359 0.00651168823242187 -0.135986328125 -0.342071533203125
0.0190048217773438 0.0228958129882813 0.24456787109375 -0.461517333984375
0.00306892395019531 0.0254020690917969 0.68524169921875 -0.23565673828125
-0.0298385620117188 -0.0138721466064453 0.67205810546875 0.45867919921875
-0.02264404296875 -0.0638465881347656 0.0672607421875 0.90533447265625
0.0374565124511719 -0.0179595947265625 -0.429229736328125 0.559600830078125
0.07342529296875 0.0173492431640625 0.0367546081542969 0.0701942443847656
0.0582160949707031 -0.0259437561035156 0.5889892578125 -0.52166748046875
0.00974655151367188 -0.0495071411132813 0.0450439453125001 -1.012451171875
-0.0267314910888672 -0.0266704559326172 -0.7249755859375 -0.4813232421875
-0.00548076629638672 0.0126762390136719 -0.612548828125 0.25543212890625
0.0062713623046875 0.0224227905273437 -0.193115234375 0.47119140625
0.00608110427856445 0.00600481033325195 0.174041748046875 0.31170654296875
0.031097412109375 0.0215969085693359 0.2774658203125 0.0524139404296875
0.0283241271972656 0.0269145965576172 -0.288818359375 -0.114959716796875
0.0215740203857422 0.00913238525390625 -0.135589599609375 -0.33831787109375
0.0154247283935547 0.0264663696289063 0.243194580078125 -0.449737548828125
0.000724792480468751 0.0246238708496094 0.68145751953125 -0.224609375
-0.0306301116943359 -0.0188426971435547 0.66668701171875 0.4637451171875
-0.02593994140625 -0.0682525634765625 0.0530395507812501 0.90472412109375
0.0363082885742188 -0.0180015563964844 -0.4376220703125 0.558685302734375
0.0719070434570313 0.0196304321289063 0.031494140625 0.0711288452148438
0.0547027587890625 -0.0254364013671875 0.58636474609375 -0.51422119140625
0.00716781616210937 -0.0527153015136719 0.0466308593750001 -0.99981689453125
-0.0289497375488281 -0.0300922393798828 -0.720703125 -0.468994140625
-0.00787544250488281 0.0129384994506836 -0.6121826171875 0.26348876953125
0.00371170043945313 0.0252761840820313 -0.1910400390625 0.4744873046875
0.00379753112792969 0.00773525238037109 0.179595947265625 0.315399169921875
0.0294570922851563 0.0205650329589844 0.282745361328125 0.054595947265625
0.0321674346923828 0.0201911926269531 -0.283538818359375 -0.116119384765625
0.0181503295898438 0.00943565368652344 -0.130584716796875 -0.3370361328125
0.0161724090576172 0.0279636383056641 0.247039794921875 -0.446075439453125
0.00199508666992188 0.0249576568603516 0.68560791015625 -0.2135009765625
-0.030548095703125 -0.0180835723876953 0.66668701171875 0.4759521484375
-0.02520751953125 -0.0652999877929687 0.0529174804687499 0.9141845703125
0.0349521636962891 -0.0149555206298828 -0.44366455078125 0.55987548828125
0.0696144104003906 0.0206375122070313 0.0256195068359375 0.0708236694335938
0.054290771484375 -0.0233345031738281 0.57659912109375 -0.5169677734375
0.0073089599609375 -0.0508804321289063 0.0330810546874999 -0.99420166015625
-0.0294303894042969 -0.0289630889892578 -0.7269287109375 -0.4586181640625
-0.00837993621826172 0.013249397277832 -0.61016845703125 0.27545166015625
0.00352287292480469 0.0250606536865234 -0.190948486328125 0.48284912109375
0.00195026397705078 0.00809621810913086 0.181793212890625 0.319366455078125
0.0309829711914063 0.0150814056396484 0.284515380859375 0.05859375
0.0295429229736328 0.018280029296875 -0.279678344726563 -0.109893798828125
0.0176048278808594 0.00568008422851563 -0.126373291015625 -0.333099365234375
0.0167770385742188 0.0256252288818359 0.24932861328125 -0.437469482421875
0.00506973266601563 0.0250682830810547 0.6845703125 -0.200439453125
-0.0280780792236328 -0.01580810546875 0.65869140625 0.4873046875
-0.0266647338867188 -0.0606155395507812 0.0387573242187501 0.9168701171875
0.0306320190429687 -0.00956344604492188 -0.454193115234375 0.55975341796875
0.0620536804199219 0.0219650268554687 0.0219993591308594 0.0698738098144531
0.0492935180664063 -0.0190696716308594 0.57318115234375 -0.51727294921875
0.00481033325195313 -0.0445137023925781 0.03216552734375 -0.986572265625
-0.0273990631103516 -0.0251655578613281 -0.7276611328125 -0.4471435546875
-0.00411319732666016 0.0131416320800781 -0.60614013671875 0.28521728515625
0.004180908203125 0.0242824554443359 -0.18731689453125 0.486419677734375
0.00124073028564453 0.00417208671569824 0.187042236328125 0.3214111328125
0.0314750671386719 0.0111789703369141 0.28790283203125 0.06024169921875
0.0305995941162109 0.0115947723388672 -0.274673461914063 -0.108245849609375
0.0179958343505859 0.00120162963867188 -0.118499755859375 -0.33123779296875
0.0193328857421875 0.0221462249755859 0.253265380859375 -0.43426513671875
0.009246826171875 0.0260334014892578 0.69091796875 -0.189453125
-0.0239410400390625 -0.00900650024414062 0.658203125 0.498291015625
-0.0261421203613281 -0.0526199340820313 0.0341796875 0.92218017578125
0.0247020721435547 -0.00670814514160156 -0.458953857421875 0.559295654296875
0.056854248046875 0.022369384765625 0.019622802734375 0.0693321228027344
0.0444488525390625 -0.0164871215820313 0.564453125 -0.5185546875
0.00465774536132813 -0.0350284576416016 0.01751708984375 -0.9830322265625
-0.0224704742431641 -0.0170612335205078 -0.72857666015625 -0.433349609375
0.000938415527343751 0.0133771896362305 -0.60498046875 0.29302978515625
0.00759696960449219 0.0207710266113281 -0.185516357421875 0.49273681640625
0.000840187072753906 0.000152587890625 0.1890869140625 0.323211669921875
0.0309886932373047 0.00469589233398438 0.28948974609375 0.06488037109375
0.0297985076904297 0.00871467590332031 -0.2725830078125 -0.103912353515625
0.0182914733886719 -0.00646018981933594 -0.115936279296875 -0.329925537109375
0.0232830047607422 0.0169353485107422 0.255340576171875 -0.4296875
0.0179595947265625 0.0274543762207031 0.69122314453125 -0.1802978515625
-0.0178375244140625 -0.00121688842773438 0.65472412109375 0.50555419921875
-0.0274124145507813 -0.042022705078125 0.02496337890625 0.9254150390625
0.0187110900878906 -0.00064849853515625 -0.465057373046875 0.556671142578125
0.0502891540527344 0.0227813720703125 0.0228462219238281 0.0669975280761719
0.0391311645507812 -0.0119552612304687 0.561065673828125 -0.522308349609375
0.00403213500976562 -0.025054931640625 0.0120239257812501 -0.98052978515625
-0.0168066024780273 -0.00759124755859375 -0.7335205078125 -0.4239501953125
0.00862789154052734 0.0126819610595703 -0.601806640625 0.3023681640625
0.0117330551147461 0.0163249969482422 -0.18133544921875 0.493377685546875
0.00148725509643555 -0.00792503356933594 0.1947021484375 0.322967529296875
0.03125 -0.000789642333984375 0.292266845703125 0.06500244140625
0.0293750762939453 0.00704002380371094 -0.272201538085938 -0.102508544921875
0.0203723907470703 -0.0153312683105469 -0.112945556640625 -0.331207275390625
0.0284919738769531 0.0106315612792969 0.259674072265625 -0.428131103515625
0.0252094268798828 0.0284538269042969 0.69580078125 -0.177978515625
-0.011500358581543 0.00673866271972656 0.65216064453125 0.51287841796875
-0.0275039672851563 -0.0314617156982422 0.0150146484374999 0.928955078125
0.0147314071655273 0.00351715087890625 -0.4658203125 0.552703857421875
0.0447578430175781 0.0222244262695312 0.0258979797363281 0.06500244140625
0.0343036651611328 -0.00909614562988281 0.5611572265625 -0.524322509765625
0.00301361083984375 -0.014735221862793 0.0108642578124999 -0.97930908203125
-0.00952911376953125 0.00238513946533203 -0.732177734375 -0.41796875
0.0170841217041016 0.0134267807006836 -0.5972900390625 0.30389404296875
0.0167140960693359 0.0103292465209961 -0.1802978515625 0.493743896484375
0.00314426422119141 -0.0153074264526367 0.198272705078125 0.320526123046875
0.0301151275634766 -0.00473976135253906 0.292236328125 0.065765380859375
0.028167724609375 0.00517654418945313 -0.272903442382812 -0.0997161865234375
0.0227794647216797 -0.0225772857666016 -0.110687255859375 -0.332000732421875
0.0341110229492187 0.004608154296875 0.25982666015625 -0.432861328125
0.0320243835449219 0.0307636260986328 0.6953125 -0.17901611328125
-0.00781440734863281 0.0164680480957031 0.65338134765625 0.51153564453125
-0.0264091491699219 -0.0231800079345703 0.01690673828125 0.92706298828125
0.0112266540527344 0.00565242767333984 -0.463653564453125 0.550537109375
0.041839599609375 0.0202102661132813 0.0297584533691406 0.0641365051269531
0.0309085845947266 -0.00791358947753906 0.5606689453125 -0.53253173828125
0.00359344482421875 -0.00606203079223633 0.0053710937499999 -0.9859619140625
-0.00187873840332031 0.010706901550293 -0.73590087890625 -0.41900634765625
0.0241775512695313 0.0134811401367188 -0.59722900390625 0.30377197265625
0.0206928253173828 0.00481224060058594 -0.1795654296875 0.49114990234375
0.00539779663085937 -0.0224857330322266 0.196319580078125 0.318267822265625
0.0286884307861328 -0.00727653503417969 0.289825439453125 0.065704345703125
0.0312347412109375 0.0274391174316406 -0.291473388671875 -0.11346435546875
0.0228824615478516 0.00548553466796875 -0.1409912109375 -0.337005615234375
0.0196018218994141 0.0211982727050781 0.23724365234375 -0.46490478515625
0.00301742553710938 0.0239009857177734 0.68072509765625 -0.24627685546875
-0.0295295715332031 -0.0132942199707031 0.67718505859375 0.4459228515625
-0.0240745544433594 -0.0626220703125 0.0760498046875001 0.9013671875
0.0370063781738281 -0.0181694030761719 -0.420562744140625 0.561920166015625
0.0738677978515625 0.0165939331054687 0.038116455078125 0.0710678100585938
0.0567550659179688 -0.02667236328125 0.58221435546875 -0.5272216796875
0.0097808837890625 -0.049102783203125 0.02996826171875 -1.00921630859375
-0.0264835357666016 -0.0247440338134766 -0.7308349609375 -0.47235107421875
-0.00513744354248047 0.0120058059692383 -0.6075439453125 0.2645263671875
0.00731277465820312 0.021881103515625 -0.185943603515625 0.47174072265625
0.00660371780395508 0.00591707229614258 0.17755126953125 0.30731201171875
0.0321884155273437 0.0204296112060547 0.277969360351562 0.04840087890625
0.0295143127441406 0.0254611968994141 -0.291015625 -0.1102294921875
0.0217304229736328 0.00808143615722656 -0.141815185546875 -0.334503173828125
0.0175323486328125 0.0261402130126953 0.236083984375 -0.453155517578125
0.00183868408203125 0.0250358581542969 0.67803955078125 -0.2357177734375
-0.0317783355712891 -0.0177097320556641 0.67095947265625 0.4517822265625
-0.0257720947265625 -0.0668563842773438 0.06561279296875 0.9034423828125
0.035430908203125 -0.0172157287597656 -0.4287109375 0.560882568359375
0.0713119506835938 0.017913818359375 0.0321197509765625 0.0715103149414063
0.0548362731933594 -0.0256156921386719 0.579345703125 -0.52099609375
0.00737380981445313 -0.0523948669433594 0.0350341796875001 -0.99774169921875
-0.0297813415527344 -0.0289287567138672 -0.725830078125 -0.457763671875
-0.00772380828857422 0.0136470794677734 -0.6072998046875 0.27227783203125
0.00426864624023437 0.0246829986572266 -0.183013916015625 0.47760009765625
0.00460195541381836 0.00775575637817383 0.18280029296875 0.311798095703125
0.0303363800048828 0.0202522277832031 0.282501220703125 0.0496826171875
0.0315456390380859 0.0191421508789063 -0.2852783203125 -0.109283447265625
0.0179309844970703 0.0102729797363281 -0.1353759765625 -0.334197998046875
0.0157928466796875 0.0268878936767578 0.2413330078125 -0.45159912109375
0.00191307067871094 0.0240287780761719 0.67950439453125 -0.22454833984375
-0.031646728515625 -0.0168361663818359 0.67041015625 0.4649658203125
-0.0242576599121094 -0.0645751953125 0.0652465820312501 0.910400390625
0.0344371795654297 -0.0140438079833984 -0.43475341796875 0.5657958984375
0.0689163208007813 0.0187644958496094 0.0253219604492188 0.0706787109375
0.0544815063476563 -0.0235252380371094 0.56854248046875 -0.523193359375
0.00691223144531249 -0.0504608154296875 0.0204467773437501 -0.99176025390625
-0.0301952362060547 -0.0281944274902344 -0.732177734375 -0.44671630859375
-0.00775051116943359 0.0121612548828125 -0.60552978515625 0.2843017578125
0.00329399108886718 0.0256195068359375 -0.18267822265625 0.483795166015625
0.00222110748291016 0.00887298583984375 0.18634033203125 0.31524658203125
0.031402587890625 0.0130214691162109 0.28466796875 0.05401611328125
0.0309600830078125 0.0159492492675781 -0.28173828125 -0.10516357421875
0.0173358917236328 0.00554847717285156 -0.131866455078125 -0.329803466796875
0.0168876647949219 0.0250110626220703 0.240753173828125 -0.43988037109375
0.00523757934570312 0.0242557525634766 0.68109130859375 -0.21331787109375
-0.0288276672363281 -0.0150794982910156 0.66375732421875 0.478515625
-0.0274085998535156 -0.0596885681152344 0.051025390625 0.91400146484375
0.0290660858154297 -0.0101356506347656 -0.44439697265625 0.5625
0.0624351501464844 0.0210037231445313 0.0224456787109375 0.0707168579101562
0.0491676330566406 -0.0196304321289063 0.56524658203125 -0.52117919921875
0.00454330444335938 -0.0449104309082031 0.01727294921875 -0.9842529296875
-0.0275535583496094 -0.0234088897705078 -0.7296142578125 -0.43603515625
-0.00388431549072266 0.0130462646484375 -0.601318359375 0.29290771484375
0.00568389892578125 0.0242080688476563 -0.1787109375 0.487884521484375
-4.29153442382815E-05 0.00503730773925781 0.191253662109375 0.316070556640625
0.0316429138183594 0.0100612640380859 0.288909912109375 0.056182861328125
0.0306930541992188 0.00929832458496094 -0.2769775390625 -0.104888916015625
0.0173444747924805 0.000497817993164063 -0.12640380859375 -0.3284912109375
0.0198993682861328 0.0206890106201172 0.2452392578125 -0.438751220703125
0.0104808807373047 0.0253868103027344 0.6861572265625 -0.19964599609375
-0.0226154327392578 -0.00835418701171875 0.66510009765625 0.4874267578125
-0.0255126953125 -0.0516471862792969 0.0458984375000001 0.91900634765625
0.0253353118896484 -0.00595474243164063 -0.4478759765625 0.563720703125
0.0571670532226563 0.0208549499511719 0.0201301574707031 0.0684776306152344
0.0435867309570313 -0.0166473388671875 0.55682373046875 -0.523345947265625
0.0038909912109375 -0.0357933044433594 0.00579833984375002 -0.97998046875
-0.0221080780029297 -0.0169391632080078 -0.73486328125 -0.4219970703125
0.000635147094726563 0.0122156143188477 -0.599365234375 0.3031005859375
0.00943565368652344 0.0206203460693359 -0.177886962890625 0.493927001953125
-9.99271869659424E-05 0.000227063894271851 0.193756103515625 0.31732177734375
0.0312252044677734 0.00236320495605469 0.293243408203125 0.060638427734375
0.0305366516113281 0.00714683532714844 -0.275115966796875 -0.100067138671875
0.0182991027832031 -0.008514404296875 -0.120758056640625 -0.32666015625
0.0242977142333984 0.0162448883056641 0.2470703125 -0.433502197265625
0.0179500579833984 0.0270843505859375 0.68756103515625 -0.19256591796875
-0.0181255340576172 -0.00128555297851563 0.65875244140625 0.49554443359375
-0.0279808044433594 -0.0400810241699219 0.03668212890625 0.9227294921875
0.0189590454101562 -0.00152397155761719 -0.45513916015625 0.5633544921875
0.0500373840332031 0.0218505859375 0.0202789306640625 0.0676460266113281
0.0381202697753906 -0.0120964050292969 0.552703857421875 -0.52734375
0.002593994140625 -0.0250911712646484 -0.000671386718750076 -0.9783935546875
-0.0174322128295898 -0.00725746154785156 -0.73822021484375 -0.410888671875
0.0101528167724609 0.01275634765625 -0.5970458984375 0.30999755859375
0.0125484466552734 0.0165491104125977 -0.173065185546875 0.49530029296875
0.00160503387451172 -0.00948143005371094 0.19989013671875 0.318115234375
0.0317497253417969 -0.00203895568847656 0.29327392578125 0.062042236328125
0.0287895202636719 0.00533866882324219 -0.273345947265625 -0.0967254638671875
0.0200366973876953 -0.0164165496826172 -0.118438720703125 -0.32830810546875
0.0288238525390625 0.0117263793945313 0.25146484375 -0.43267822265625
0.0252895355224609 0.0271453857421875 0.68927001953125 -0.18707275390625
-0.0129947662353516 0.00674629211425781 0.65631103515625 0.49981689453125
-0.0270767211914062 -0.030548095703125 0.0269165039062501 0.9251708984375
0.0135812759399414 0.00326251983642578 -0.457611083984375 0.555877685546875
0.0451316833496094 0.0218696594238281 0.0260581970214844 0.0642890930175781
0.034332275390625 -0.00984764099121094 0.553131103515625 -0.52972412109375
0.00333786010742188 -0.0149717330932617 -0.00549316406250007 -0.979248046875
-0.00801372528076172 0.00181818008422852 -0.739013671875 -0.40814208984375
0.0160531997680664 0.0121498107910156 -0.59283447265625 0.312744140625
0.0176448822021484 0.0114326477050781 -0.1732177734375 0.493927001953125
0.002532958984375 -0.0162782669067383 0.201080322265625 0.31622314453125
0.0294666290283203 -0.00592041015625 0.292877197265625 0.06121826171875
0.0298175811767578 0.00356483459472656 -0.274734497070313 -0.0955657958984375
0.0237941741943359 -0.0229206085205078 -0.115753173828125 -0.330322265625
0.0334663391113281 0.00318527221679688 0.253021240234375 -0.435516357421875
0.0319709777832031 0.0293998718261719 0.68963623046875 -0.19134521484375
-0.00757598876953125 0.0164508819580078 0.65850830078125 0.5010986328125
-0.0261135101318359 -0.02227783203125 0.0301513671875001 0.92535400390625
0.0102405548095703 0.00595951080322266 -0.455963134765625 0.556396484375
0.0423240661621094 0.020233154296875 0.0308189392089844 0.0643119812011719
0.0304679870605469 -0.00800323486328125 0.55413818359375 -0.53839111328125
0.00370597839355469 -0.00670909881591797 -0.0097656249999999 -0.98370361328125
-0.00295639038085937 0.0115623474121094 -0.74127197265625 -0.4083251953125
0.0233612060546875 0.0128536224365234 -0.5919189453125 0.31134033203125
0.0207862854003906 0.00446701049804687 -0.172119140625 0.49444580078125
0.00391197204589844 -0.0228691101074219 0.20050048828125 0.31396484375
0.0281085968017578 -0.00767135620117187 0.291900634765625 0.06201171875
0.0315437316894531 0.0248985290527344 -0.293060302734375 -0.108245849609375
0.0237388610839844 0.00518035888671875 -0.14630126953125 -0.334808349609375
0.0190639495849609 0.0213279724121094 0.229400634765625 -0.46728515625
0.00391769409179688 0.0237827301025391 0.6732177734375 -0.25677490234375
-0.0303840637207031 -0.0137233734130859 0.681396484375 0.43438720703125
-0.0254974365234375 -0.0622100830078125 0.0875244140625 0.89794921875
0.0357475280761719 -0.0184745788574219 -0.4132080078125 0.56634521484375
0.0724716186523438 0.0148391723632812 0.0385513305664063 0.0697288513183594
0.0562896728515625 -0.0270156860351563 0.57379150390625 -0.5322265625
0.00877761840820312 -0.0485649108886719 0.0158081054687501 -1.006591796875
-0.0283946990966797 -0.0247535705566406 -0.73468017578125 -0.45745849609375
-0.00493907928466797 0.0122089385986328 -0.6019287109375 0.27166748046875
0.00736045837402344 0.0227775573730469 -0.17755126953125 0.472564697265625
0.00573253631591797 0.00716400146484375 0.18292236328125 0.30291748046875
0.0323696136474609 0.01849365234375 0.277313232421875 0.0440826416015625
0.0297470092773437 0.0246429443359375 -0.29156494140625 -0.1046142578125
0.0222988128662109 0.00815010070800781 -0.14544677734375 -0.33148193359375
0.0172710418701172 0.0244789123535156 0.227813720703125 -0.457550048828125
0.00206947326660156 0.0235424041748047 0.67034912109375 -0.24658203125
-0.0315608978271484 -0.0177555084228516 0.67401123046875 0.44122314453125
-0.0256614685058594 -0.064666748046875 0.0758666992187499 0.897216796875
0.035003662109375 -0.0178260803222656 -0.4222412109375 0.56573486328125
0.071563720703125 0.0163955688476563 0.0320053100585938 0.07122802734375
0.055511474609375 -0.0257720947265625 0.5693359375 -0.52593994140625
0.00564193725585938 -0.0519218444824219 0.01947021484375 -0.99676513671875
-0.0312271118164063 -0.0296077728271484 -0.73126220703125 -0.4471435546875
-0.00815582275390625 0.0124692916870117 -0.5999755859375 0.2796630859375
0.00470161437988281 0.0251483917236328 -0.175872802734375 0.476959228515625
0.00436782836914063 0.00898456573486328 0.18878173828125 0.307220458984375
0.0312080383300781 0.0186100006103516 0.283111572265625 0.046295166015625
0.0331974029541016 0.0192527770996094 -0.2869873046875 -0.1044921875
0.01812744140625 0.00792694091796875 -0.139923095703125 -0.330413818359375
0.0159721374511719 0.0261974334716797 0.230560302734375 -0.45428466796875
0.00221061706542969 0.0234165191650391 0.67578125 -0.23504638671875
-0.0321979522705078 -0.0175876617431641 0.67547607421875 0.4534912109375
-0.0266914367675781 -0.0634498596191406 0.0761108398437499 0.9066162109375
0.0329914093017578 -0.0144557952880859 -0.4273681640625 0.56689453125
0.0689048767089844 0.0187492370605469 0.027069091796875 0.0703125
0.0534248352050781 -0.0250396728515625 0.560333251953125 -0.52716064453125
0.00563812255859375 -0.0498428344726563 0.00665283203125002 -0.989501953125
-0.0310459136962891 -0.0280933380126953 -0.7359619140625 -0.4359130859375
-0.00807285308837891 0.0114555358886719 -0.599609375 0.2894287109375
0.00476837158203125 0.0252609252929688 -0.174285888671875 0.48443603515625
0.00229454040527344 0.00919723510742188 0.19012451171875 0.310455322265625
0.0327014923095703 0.0124149322509766 0.28594970703125 0.050689697265625
0.030426025390625 0.01629638671875 -0.28253173828125 -0.0997924804687499
0.0170822143554688 0.00478363037109375 -0.136932373046875 -0.325897216796875
0.0177898406982422 0.0237178802490234 0.234130859375 -0.444427490234375
0.00562286376953125 0.024200439453125 0.6756591796875 -0.22265625
-0.0289649963378906 -0.0137500762939453 0.66741943359375 0.46466064453125
-0.0281486511230469 -0.0582656860351563 0.0607299804687501 0.9091796875
0.0299282073974609 -0.0105304718017578 -0.436279296875 0.56646728515625
0.0620498657226563 0.0209808349609375 0.0231246948242188 0.07086181640625
0.049102783203125 -0.0206871032714844 0.557403564453125 -0.527008056640625
0.00455474853515625 -0.0436363220214844 0.00439453124999995 -0.98260498046875
-0.0280570983886719 -0.0237617492675781 -0.73431396484375 -0.42474365234375
-0.00401115417480469 0.0118141174316406 -0.59661865234375 0.30096435546875
0.00478935241699219 0.0241241455078125 -0.172149658203125 0.489166259765625
0.00121831893920898 0.00319337844848633 0.197021484375 0.3126220703125
0.0312156677246094 0.00897979736328125 0.289154052734375 0.051849365234375
0.0306282043457031 0.0110511779785156 -0.279129028320313 -0.0987396240234375
0.0174789428710938 -0.000859260559082031 -0.129974365234375 -0.32598876953125
0.0206966400146484 0.0210838317871094 0.237335205078125 -0.440521240234375
0.0116748809814453 0.0253314971923828 0.68084716796875 -0.21356201171875
-0.0246028900146484 -0.00829124450683594 0.6680908203125 0.47430419921875
-0.0259246826171875 -0.0499725341796875 0.0567626953125 0.914306640625
0.0239601135253906 -0.00515365600585938 -0.44134521484375 0.56610107421875
0.0567779541015625 0.0200767517089844 0.0211448669433594 0.0694732666015625
0.0439720153808594 -0.0175285339355469 0.548309326171875 -0.52593994140625
0.00386619567871094 -0.0345191955566406 -0.00567626953125002 -0.9771728515625
-0.0234413146972656 -0.0158157348632813 -0.73699951171875 -0.4117431640625
0.00156021118164062 0.0126533508300781 -0.59173583984375 0.30963134765625
0.00870323181152344 0.0199775695800781 -0.17041015625 0.49493408203125
0.000948607921600342 -9.52482223510742E-05 0.1998291015625 0.311767578125
0.0308609008789062 0.00199508666992187 0.2913818359375 0.05572509765625
0.0307826995849609 0.00699806213378906 -0.276779174804688 -0.095001220703125
0.0175800323486328 -0.00899124145507813 -0.126068115234375 -0.32476806640625
0.0237693786621094 0.0156974792480469 0.24127197265625 -0.437103271484375
0.0180625915527344 0.0255603790283203 0.68310546875 -0.20330810546875
-0.0192756652832031 -0.000732421875000001 0.6650390625 0.48455810546875
-0.027069091796875 -0.0394744873046875 0.0479125976562499 0.919677734375
0.0190296173095703 -0.00081634521484375 -0.44622802734375 0.56427001953125
0.0499000549316406 0.021484375 0.0225372314453125 0.0667495727539063
0.0375900268554688 -0.0131950378417969 0.54571533203125 -0.5311279296875
0.00297927856445313 -0.0249137878417969 -0.0145263671875001 -0.97607421875
-0.0167865753173828 -0.007568359375 -0.73944091796875 -0.40020751953125
0.00855445861816406 0.01226806640625 -0.58917236328125 0.31903076171875
0.0130786895751953 0.0162258148193359 -0.16607666015625 0.49615478515625
0.00161075592041016 -0.00759220123291016 0.20343017578125 0.312591552734375
0.0308380126953125 -0.00277328491210938 0.292877197265625 0.056640625
0.0298652648925781 0.00423431396484375 -0.275436401367188 -0.0916748046875
0.0200538635253906 -0.0165386199951172 -0.12261962890625 -0.32464599609375
0.0289554595947266 0.00864982604980469 0.2431640625 -0.435516357421875
0.0257301330566406 0.0278186798095703 0.68463134765625 -0.19970703125
-0.0133333206176758 0.00779438018798828 0.6605224609375 0.4874267578125
-0.0267696380615234 -0.02978515625 0.0382080078125 0.92108154296875
0.0127124786376953 0.00434684753417969 -0.4495849609375 0.56121826171875
0.0452728271484375 0.0199432373046875 0.0269126892089844 0.065948486328125
0.033111572265625 -0.00971221923828125 0.54327392578125 -0.535186767578125
0.00302791595458984 -0.0146942138671875 -0.0183715820312499 -0.9764404296875
-0.009307861328125 0.00194644927978516 -0.73980712890625 -0.3975830078125
0.0171957015991211 0.0123586654663086 -0.58538818359375 0.31964111328125
0.0168046951293945 0.00985622406005859 -0.163970947265625 0.49530029296875
0.0032958984375 -0.01654052734375 0.2056884765625 0.309844970703125
0.0298633575439453 -0.00568771362304687 0.293975830078125 0.056793212890625
0.0293827056884766 0.00283622741699219 -0.275299072265625 -0.0910186767578125
0.0215778350830078 -0.0241985321044922 -0.12109375 -0.326690673828125
0.0335464477539063 0.00359153747558594 0.246307373046875 -0.43878173828125
0.0327930450439453 0.0284881591796875 0.68597412109375 -0.2015380859375
-0.00798416137695312 0.0162181854248047 0.66229248046875 0.4874267578125
-0.0268402099609375 -0.0204010009765625 0.0411987304687501 0.921875
0.0108118057250977 0.00485038757324219 -0.4483642578125 0.55828857421875
0.0420684814453125 0.0183334350585938 0.0315093994140625 0.0639457702636719
0.0292510986328125 -0.00847816467285156 0.543243408203125 -0.54071044921875
0.00446891784667969 -0.00502490997314453 -0.0223999023437501 -0.9820556640625
-0.00220298767089844 0.0111236572265625 -0.7442626953125 -0.39776611328125
0.0237274169921875 0.0112743377685547 -0.587158203125 0.3194580078125
0.0220451354980469 0.00405502319335938 -0.16485595703125 0.493377685546875
0.0037841796875 -0.0229816436767578 0.206573486328125 0.308380126953125
0.0281162261962891 -0.00990867614746094 0.291656494140625 0.057159423828125
0.0338840484619141 0.0257968902587891 -0.292144775390625 -0.102813720703125
0.0236740112304688 0.00424003601074219 -0.150787353515625 -0.3311767578125
0.0198535919189453 0.0209217071533203 0.222564697265625 -0.4697265625
0.00481986999511719 0.023468017578125 0.66766357421875 -0.26544189453125
-0.0296669006347656 -0.0134544372558594 0.68194580078125 0.425048828125
-0.0257034301757812 -0.0605964660644531 0.0980834960937499 0.89227294921875
0.035064697265625 -0.0192642211914063 -0.40301513671875 0.56787109375
0.0721054077148437 0.0134811401367187 0.0396575927734375 0.0701980590820313
0.0558357238769531 -0.02752685546875 0.56353759765625 -0.5360107421875
0.00763320922851563 -0.0483932495117188 0.00427246093750008 -1.001953125
-0.0282459259033203 -0.0236473083496094 -0.73968505859375 -0.446044921875
-0.00577545166015625 0.0115365982055664 -0.595947265625 0.27789306640625
0.00763320922851563 0.022674560546875 -0.17010498046875 0.47247314453125
0.00590753555297852 0.0066227912902832 0.1856689453125 0.29840087890625
0.03173828125 0.0166873931884766 0.277267456054688 0.04144287109375
0.0310192108154297 0.0232372283935547 -0.29315185546875 -0.100799560546875
0.0211467742919922 0.00769805908203125 -0.15045166015625 -0.328887939453125
0.0164737701416016 0.0244178771972656 0.22161865234375 -0.45904541015625
0.00156402587890625 0.0227489471435547 0.66412353515625 -0.25537109375
-0.0326080322265625 -0.0184059143066406 0.67608642578125 0.4293212890625
-0.0275192260742187 -0.0646705627441406 0.0860595703124999 0.89111328125
0.0341129302978516 -0.0174331665039063 -0.4141845703125 0.5667724609375
0.0707855224609375 0.0172805786132813 0.0326385498046875 0.0709304809570312
0.0538787841796875 -0.0273284912109375 0.5621337890625 -0.528656005859375
0.00599288940429687 -0.0514144897460938 0.00836181640624992 -0.9910888671875
-0.0314311981201172 -0.0279788970947266 -0.73223876953125 -0.43463134765625
-0.00870227813720703 0.011204719543457 -0.59490966796875 0.2862548828125
0.00492668151855469 0.024658203125 -0.166778564453125 0.477569580078125
0.00372409820556641 0.00862503051757813 0.192352294921875 0.300811767578125
0.0311508178710938 0.0170269012451172 0.282745361328125 0.042144775390625
0.0331974029541016 0.0186786651611328 -0.286773681640625 -0.10089111328125
0.0190181732177734 0.00823783874511719 -0.14410400390625 -0.326324462890625
0.0165748596191406 0.0254859924316406 0.2244873046875 -0.45416259765625
0.00185585021972656 0.0235347747802734 0.66900634765625 -0.24383544921875
-0.0329818725585938 -0.0170822143554688 0.67718505859375 0.4422607421875
-0.0274505615234375 -0.063018798828125 0.0852050781250001 0.8990478515625
0.0331439971923828 -0.0159358978271484 -0.41900634765625 0.57086181640625
0.0685234069824219 0.0174598693847656 0.0270767211914063 0.0702972412109375
0.05377197265625 -0.0251388549804688 0.551239013671875 -0.53179931640625
0.00530242919921875 -0.0497703552246094 -0.00494384765624991 -0.9873046875
-0.0314273834228516 -0.0271701812744141 -0.73992919921875 -0.424072265625
-0.00774192810058593 0.0122909545898438 -0.5933837890625 0.29669189453125
0.00509071350097656 0.0251903533935547 -0.167510986328125 0.484832763671875
0.00232219696044922 0.00957965850830078 0.193939208984375 0.30645751953125
0.0321788787841797 0.0116691589355469 0.285888671875 0.045379638671875
0.0318546295166016 0.0151653289794922 -0.284210205078125 -0.095489501953125
0.0174264907836914 0.00454235076904297 -0.1409912109375 -0.3228759765625
0.0172080993652344 0.02410888671875 0.22711181640625 -0.44677734375
0.00603866577148438 0.0228233337402344 0.6697998046875 -0.2305908203125
-0.0289287567138672 -0.0143585205078125 0.66973876953125 0.45281982421875
-0.0277290344238281 -0.0572929382324219 0.0712280273437501 0.905517578125
0.0282440185546875 -0.00931739807128906 -0.42877197265625 0.56842041015625
0.06292724609375 0.0196380615234375 0.0234718322753906 0.0693511962890625
0.0489768981933594 -0.0205535888671875 0.547760009765625 -0.529388427734375
0.00385665893554687 -0.042938232421875 -0.00567626953124992 -0.97802734375
-0.0289077758789063 -0.0232791900634766 -0.73504638671875 -0.4127197265625
-0.00337409973144531 0.0116281509399414 -0.58966064453125 0.30804443359375
0.00613975524902344 0.0245819091796875 -0.164031982421875 0.489837646484375
0.000323772430419921 0.00461530685424805 0.200958251953125 0.305999755859375
0.0322036743164063 0.00737190246582031 0.289306640625 0.04766845703125
0.0322418212890625 0.00861167907714844 -0.278564453125 -0.0943145751953125
0.0174961090087891 -0.000614166259765625 -0.133148193359375 -0.322479248046875
0.0207767486572266 0.0210285186767578 0.22955322265625 -0.441558837890625
0.0109481811523438 0.0242061614990234 0.673095703125 -0.2213134765625
-0.0248680114746094 -0.00775337219238281 0.670654296875 0.46551513671875
-0.028289794921875 -0.0490608215332031 0.0653076171874999 0.90966796875
0.0236949920654297 -0.00579071044921875 -0.43304443359375 0.5693359375
0.0567054748535156 0.0200080871582031 0.0223731994628906 0.0686492919921875
0.0432395935058594 -0.0179557800292969 0.53924560546875 -0.531768798828125
0.00301361083984375 -0.0346393585205078 -0.0167236328125001 -0.97381591796875
-0.0236320495605469 -0.015106201171875 -0.73919677734375 -0.4013671875
0.00108528137207031 0.0124187469482422 -0.5867919921875 0.31573486328125
0.0098114013671875 0.0209808349609375 -0.162384033203125 0.492584228515625
0.00144839286804199 -0.000300884246826172 0.20343017578125 0.307769775390625
0.0308475494384766 0.00054168701171875 0.290618896484375 0.050872802734375
0.0316219329833984 0.00505828857421875 -0.276336669921875 -0.0897064208984375
0.0174798965454102 -0.00809955596923828 -0.130615234375 -0.320770263671875
0.0246639251708984 0.0153179168701172 0.233795166015625 -0.439453125
0.0181102752685547 0.0244350433349609 0.677001953125 -0.2130126953125
-0.0193576812744141 -0.0013885498046875 0.6646728515625 0.47235107421875
-0.0288429260253906 -0.0384483337402344 0.05712890625 0.9156494140625
0.0180377960205078 -0.000726699829101563 -0.4366455078125 0.564208984375
0.0505561828613281 0.0204238891601563 0.022613525390625 0.0654373168945313
0.0389442443847656 -0.0129737854003906 0.536041259765625 -0.535430908203125
0.00387382507324219 -0.0244560241699219 -0.0269165039062499 -0.97198486328125
-0.0162038803100586 -0.00696372985839844 -0.74212646484375 -0.38946533203125
0.00934123992919922 0.011479377746582 -0.58209228515625 0.3243408203125
0.013214111328125 0.0159740447998047 -0.157989501953125 0.49462890625
0.000601768493652343 -0.00752496719360351 0.207305908203125 0.307098388671875
0.0309562683105469 -0.00417137145996094 0.292449951171875 0.051544189453125
0.0308494567871094 0.00417900085449219 -0.275253295898438 -0.08807373046875
0.0196266174316406 -0.0168342590332031 -0.1279296875 -0.32208251953125
0.0291252136230469 0.00801849365234375 0.235382080078125 -0.436798095703125
0.0264320373535156 0.0270042419433594 0.681396484375 -0.2086181640625
-0.0135021209716797 0.00795841217041015 0.66302490234375 0.477294921875
-0.0277500152587891 -0.02789306640625 0.0502929687500001 0.9166259765625
0.0126848220825195 0.00363445281982422 -0.4420166015625 0.5614013671875
0.0440788269042969 0.0199775695800781 0.02716064453125 0.0647048950195312
0.0324859619140625 -0.0104694366455078 0.535797119140625 -0.537078857421875
0.0029296875 -0.0138835906982422 -0.0302124023437499 -0.9698486328125
-0.00905704498291016 0.00303363800048828 -0.74237060546875 -0.38604736328125
0.0177631378173828 0.0118160247802734 -0.58099365234375 0.3245849609375
0.0171346664428711 0.00994968414306641 -0.157196044921875 0.494354248046875
0.00255680084228516 -0.0156002044677734 0.20947265625 0.30596923828125
0.0299434661865234 -0.006500244140625 0.2938232421875 0.05279541015625
0.0304069519042969 0.0018463134765625 -0.276229858398438 -0.0857086181640625
0.0217647552490234 -0.0239086151123047 -0.124969482421875 -0.32452392578125
0.0334587097167969 0.00214576721191406 0.238128662109375 -0.441619873046875
0.0324783325195313 0.027923583984375 0.67974853515625 -0.21044921875
-0.00859260559082031 0.0157384872436523 0.6632080078125 0.47705078125
-0.0262546539306641 -0.0194263458251953 0.04974365234375 0.91522216796875
0.0103597640991211 0.00509929656982422 -0.438629150390625 0.5615234375
0.0418853759765625 0.0179481506347656 0.0309333801269531 0.0632209777832031
0.0303401947021484 -0.00835418701171875 0.534942626953125 -0.54437255859375
0.00420427322387695 -0.00504827499389649 -0.03369140625 -0.97772216796875
-0.00319099426269531 0.0113744735717773 -0.74359130859375 -0.38702392578125
0.0236759185791016 0.0114078521728516 -0.58056640625 0.325927734375
0.0219535827636719 0.00386619567871094 -0.157806396484375 0.493621826171875
0.00379371643066406 -0.0220699310302734 0.2093505859375 0.3031005859375
0.0287723541259766 -0.00947189331054688 0.29248046875 0.05401611328125
0.0345363616943359 0.0239448547363281 -0.294219970703125 -0.099090576171875
0.0235023498535156 0.00469970703125 -0.15399169921875 -0.327301025390625
0.0203914642333984 0.0203971862792969 0.21533203125 -0.4703369140625
0.00397491455078125 0.0226802825927734 0.65740966796875 -0.27325439453125
-0.0306377410888672 -0.0133934020996094 0.6810302734375 0.41229248046875
-0.0255546569824219 -0.0590782165527344 0.10650634765625 0.88543701171875
0.03460693359375 -0.0192413330078125 -0.39501953125 0.567626953125
0.07147216796875 0.0129318237304687 0.0404205322265625 0.0691490173339844
0.0554313659667969 -0.0285377502441406 0.55316162109375 -0.539459228515625
0.00654220581054688 -0.0481948852539063 -0.00549316406250011 -0.9962158203125
-0.0297107696533203 -0.0241985321044922 -0.73797607421875 -0.43719482421875
-0.00497150421142578 0.0104589462280273 -0.59039306640625 0.284912109375
0.00819587707519531 0.0222702026367188 -0.165191650390625 0.471038818359375
0.00556373596191406 0.00650835037231445 0.18841552734375 0.293212890625
0.0320663452148438 0.0172576904296875 0.277008056640625 0.036407470703125
0.0317745208740234 0.0218982696533203 -0.292449951171875 -0.094879150390625
0.0216464996337891 0.00668907165527344 -0.154083251953125 -0.32305908203125
0.0169525146484375 0.0238819122314453 0.214599609375 -0.459686279296875
0.00220298767089844 0.0215358734130859 0.65716552734375 -0.26336669921875
-0.0327625274658203 -0.0180301666259766 0.67584228515625 0.4200439453125
-0.0284309387207031 -0.0618629455566406 0.0962524414062501 0.88482666015625
0.0342731475830078 -0.0173149108886719 -0.404296875 0.56719970703125
0.0698127746582031 0.0153160095214844 0.03338623046875 0.0699691772460938
0.05364990234375 -0.0265083312988281 0.551605224609375 -0.53118896484375
0.00450515747070313 -0.0511894226074219 -0.00354003906250008 -0.98419189453125
-0.0321636199951172 -0.0281867980957031 -0.73431396484375 -0.4249267578125
-0.00831890106201172 0.0107202529907227 -0.58868408203125 0.2913818359375
0.00570106506347656 0.0246009826660156 -0.159149169921875 0.4754638671875
0.00411415100097656 0.00826120376586914 0.196502685546875 0.2967529296875
0.0313587188720703 0.01568603515625 0.282958984375 0.038604736328125
0.0336837768554688 0.0178928375244141 -0.287628173828125 -0.0950927734375
0.0190811157226563 0.00773811340332031 -0.148223876953125 -0.322967529296875
0.0169639587402344 0.0254859924316406 0.216827392578125 -0.456268310546875
0.00269889831542969 0.0224800109863281 0.660888671875 -0.251708984375
-0.0324878692626953 -0.0156078338623047 0.6767578125 0.4322509765625
-0.0273895263671875 -0.0606689453125 0.0927124023437499 0.89404296875
0.0323371887207031 -0.0149650573730469 -0.4107666015625 0.57098388671875
0.0668411254882813 0.0163841247558594 0.0279617309570312 0.0705413818359375
0.0519027709960938 -0.0257186889648438 0.54364013671875 -0.532135009765625
0.00352859497070313 -0.0482025146484375 -0.015625 -0.97979736328125
-0.0319499969482422 -0.0269203186035156 -0.7392578125 -0.41485595703125
-0.00801849365234375 0.0107393264770508 -0.58697509765625 0.3035888671875
0.00523948669433594 0.0252513885498047 -0.16021728515625 0.484619140625
0.00285530090332031 0.00954627990722656 0.198089599609375 0.300506591796875
0.0324382781982422 0.00990104675292969 0.285614013671875 0.041900634765625
0.0316905975341797 0.013824462890625 -0.284576416015625 -0.090850830078125
0.0174999237060547 0.00431728363037109 -0.145111083984375 -0.317840576171875
0.0180397033691406 0.0240097045898438 0.22076416015625 -0.4471435546875
0.00560760498046875 0.0222682952880859 0.6629638671875 -0.23828125
-0.0299148559570313 -0.0151500701904297 0.67095947265625 0.44256591796875
-0.0283126831054688 -0.0568199157714844 0.0806884765625 0.8995361328125
0.0289497375488281 -0.0102825164794922 -0.41949462890625 0.56890869140625
0.0626602172851563 0.018768310546875 0.0241165161132813 0.0686454772949219
0.0472335815429688 -0.02081298828125 0.54010009765625 -0.530853271484375
0.00337600708007812 -0.0418739318847656 -0.01727294921875 -0.971435546875
-0.0305881500244141 -0.0225601196289063 -0.73773193359375 -0.4019775390625
-0.00430011749267578 0.0117855072021484 -0.58184814453125 0.3115234375
0.00654220581054687 0.0242996215820313 -0.1578369140625 0.48681640625
0.00149250030517578 0.00560522079467773 0.2021484375 0.300872802734375
0.0322036743164063 0.00650787353515625 0.288787841796875 0.044281005859375
0.0340595245361328 0.00666427612304688 -0.280105590820313 -0.0891113281249999
0.0166645050048828 -0.00125408172607422 -0.137786865234375 -0.31915283203125
0.0209312438964844 0.019134521484375 0.223114013671875 -0.44189453125
0.0104541778564453 0.023040771484375 0.66650390625 -0.2294921875
-0.0254840850830078 -0.00859451293945312 0.66973876953125 0.4527587890625
-0.02764892578125 -0.0479583740234375 0.07562255859375 0.9007568359375
0.0242099761962891 -0.00558090209960938 -0.42413330078125 0.57061767578125
0.055511474609375 0.01837158203125 0.0224456787109375 0.0675811767578125
0.0430068969726563 -0.0182914733886719 0.52972412109375 -0.5322265625
0.00275611877441406 -0.0333003997802734 -0.029541015625 -0.96734619140625
-0.0241794586181641 -0.0149765014648437 -0.739501953125 -0.38763427734375
0.00151348114013672 0.0104398727416992 -0.5792236328125 0.32171630859375
0.00832176208496094 0.0191822052001953 -0.15496826171875 0.49200439453125
2.48998403549194E-05 0.000268995761871338 0.207275390625 0.303314208984375
0.0319900512695313 0.000673294067382812 0.290252685546875 0.04888916015625
0.0317363739013672 0.00407791137695313 -0.276824951171875 -0.08587646484375
0.0164737701416016 -0.00805091857910156 -0.13336181640625 -0.317413330078125
0.0249080657958984 0.0148353576660156 0.226593017578125 -0.441009521484375
0.0188560485839844 0.0237712860107422 0.66986083984375 -0.22052001953125
-0.0197391510009766 -0.000755310058593748 0.6668701171875 0.4613037109375
-0.0281639099121094 -0.037445068359375 0.0667724609374999 0.90753173828125
0.0190353393554688 -0.000597000122070313 -0.42974853515625 0.56878662109375
0.0499000549316406 0.0195198059082031 0.0248947143554688 0.0658683776855469
0.0382843017578125 -0.01458740234375 0.5272216796875 -0.536712646484375
0.00296211242675781 -0.0241794586181641 -0.03509521484375 -0.96649169921875
-0.0173282623291016 -0.0068817138671875 -0.741943359375 -0.37884521484375
0.00885677337646484 0.0108203887939453 -0.57586669921875 0.329833984375
0.0128440856933594 0.0154151916503906 -0.152374267578125 0.494598388671875
0.00113248825073242 -0.00733518600463867 0.21136474609375 0.301483154296875
0.0307750701904297 -0.00502204895019531 0.292510986328125 0.047576904296875
0.0300121307373047 0.00311279296875 -0.275238037109375 -0.0823059082031251
0.0186538696289062 -0.0172863006591797 -0.13092041015625 -0.317474365234375
0.0290622711181641 0.00865936279296875 0.22998046875 -0.4375
0.0252037048339844 0.0255470275878906 0.67266845703125 -0.21661376953125
-0.0139398574829102 0.00791168212890625 0.6644287109375 0.46673583984375
-0.0283203125 -0.0283546447753906 0.05926513671875 0.9107666015625
0.0126867294311523 0.00336933135986328 -0.4324951171875 0.56256103515625
0.0434608459472656 0.0185127258300781 0.0268707275390625 0.0644950866699219
0.0328216552734375 -0.0104026794433594 0.52679443359375 -0.5394287109375
0.00353813171386719 -0.0140724182128906 -0.03973388671875 -0.9644775390625
-0.00959968566894531 0.00288295745849609 -0.74224853515625 -0.37506103515625
0.0158452987670898 0.0103015899658203 -0.57366943359375 0.33148193359375
0.0175819396972656 0.00847053527832031 -0.151031494140625 0.493438720703125
0.00208377838134766 -0.0149898529052734 0.212890625 0.2996826171875
0.0293025970458984 -0.00867080688476563 0.293792724609375 0.049560546875
0.0307903289794922 0.00165176391601562 -0.275238037109375 -0.081298828125
0.0203113555908203 -0.0244827270507813 -0.128173828125 -0.320892333984375
0.0328884124755859 0.0008697509765625 0.231597900390625 -0.443084716796875
0.032501220703125 0.0271797180175781 0.6734619140625 -0.21954345703125
-0.00790309906005859 0.0161075592041016 0.6658935546875 0.46612548828125
-0.0263900756835938 -0.01904296875 0.05987548828125 0.90802001953125
0.0101089477539063 0.00600433349609375 -0.42913818359375 0.562744140625
0.0413551330566406 0.016998291015625 0.0317840576171875 0.062530517578125
0.0299644470214844 -0.00850105285644531 0.525390625 -0.545623779296875
0.00372505187988281 -0.00529670715332031 -0.04522705078125 -0.9698486328125
-0.00333595275878906 0.0107202529907227 -0.745361328125 -0.375732421875
0.0236587524414063 0.0104694366455078 -0.5728759765625 0.33050537109375
0.0220603942871094 0.00384521484375 -0.148773193359375 0.493804931640625
0.00390434265136719 -0.0226154327392578 0.211761474609375 0.297149658203125
0.0286426544189453 -0.0120468139648437 0.2921142578125 0.0499267578125
0.0340671539306641 0.0228271484375 -0.292205810546875 -0.09539794921875
0.0239639282226563 0.00361061096191406 -0.15625 -0.3236083984375
0.0199260711669922 0.0194435119628906 0.206756591796875 -0.4708251953125
0.004669189453125 0.0218334197998047 0.649658203125 -0.28094482421875
-0.0311374664306641 -0.0129928588867187 0.67950439453125 0.40252685546875
-0.0264396667480469 -0.0587692260742188 0.11529541015625 0.8768310546875
0.0337619781494141 -0.01898193359375 -0.38702392578125 0.56536865234375
0.0711898803710938 0.0121536254882812 0.0400505065917969 0.0691566467285156
0.0545387268066406 -0.027862548828125 0.54486083984375 -0.536895751953125
0.00713729858398437 -0.0473518371582031 -0.01519775390625 -0.990234375
-0.0296287536621094 -0.0239048004150391 -0.737548828125 -0.42449951171875
-0.00595378875732422 0.0103921890258789 -0.5833740234375 0.28863525390625
0.00922775268554687 0.0218296051025391 -0.158416748046875 0.46942138671875
0.00675821304321289 0.00674152374267578 0.190460205078125 0.288818359375
0.0330467224121094 0.0151100158691406 0.275619506835937 0.034149169921875
0.0320701599121094 0.0216770172119141 -0.292205810546875 -0.091522216796875
0.0208740234375 0.00691032409667969 -0.157623291015625 -0.3189697265625
0.01654052734375 0.0236434936523438 0.2071533203125 -0.4591064453125
0.00170135498046875 0.0222682952880859 0.64886474609375 -0.270263671875
-0.0336055755615234 -0.0170154571533203 0.675048828125 0.40704345703125
-0.0289154052734375 -0.0616226196289063 0.10174560546875 0.8785400390625
0.0338592529296875 -0.0168247222900391 -0.39715576171875 0.568115234375
0.0687980651855469 0.0152664184570312 0.0341377258300781 0.0702705383300781
0.0517807006835938 -0.02752685546875 0.544464111328125 -0.53076171875
0.00373077392578125 -0.0496444702148438 -0.01263427734375 -0.97808837890625
-0.0323600769042969 -0.0258064270019531 -0.735595703125 -0.4163818359375
-0.00778579711914063 0.0101699829101563 -0.5810546875 0.29534912109375
0.00480842590332031 0.0254402160644531 -0.1546630859375 0.474578857421875
0.00392723083496094 0.00896644592285156 0.197601318359375 0.291015625
0.0305500030517578 0.0147476196289063 0.282989501953125 0.036224365234375
0.0345706939697266 0.0173320770263672 -0.286468505859375 -0.09100341796875
0.0175409317016602 0.00665187835693359 -0.15032958984375 -0.316741943359375
0.0175418853759766 0.0251121520996094 0.21014404296875 -0.456024169921875
0.00161933898925781 0.0221576690673828 0.65277099609375 -0.259033203125
-0.0323715209960938 -0.0165805816650391 0.67608642578125 0.41961669921875
-0.0279960632324219 -0.0600204467773438 0.10308837890625 0.88543701171875
0.0309524536132812 -0.0154037475585937 -0.40081787109375 0.56951904296875
0.0665206909179688 0.0147666931152344 0.027557373046875 0.0711898803710937
0.0527458190917969 -0.0259552001953125 0.53472900390625 -0.53277587890625
0.00304031372070313 -0.0477142333984375 -0.02447509765625 -0.973388671875
-0.033447265625 -0.0267314910888672 -0.7379150390625 -0.40606689453125
-0.00776863098144531 0.0106468200683594 -0.57891845703125 0.3076171875
0.00652885437011719 0.024932861328125 -0.1546630859375 0.481781005859375
0.00104427337646484 0.00866365432739258 0.19854736328125 0.2947998046875
0.0331554412841797 0.00855445861816406 0.284423828125 0.0390625
0.031524658203125 0.0119571685791016 -0.28326416015625 -0.086578369140625
0.0172672271728516 0.00343608856201172 -0.147491455078125 -0.31494140625
0.0193576812744141 0.0230884552001953 0.213714599609375 -0.4478759765625
0.00543022155761719 0.0204391479492188 0.65673828125 -0.24664306640625
-0.0311832427978516 -0.0146331787109375 0.669677734375 0.4317626953125
-0.0279350280761719 -0.0548744201660156 0.0868530273437501 0.891845703125
0.0278224945068359 -0.00979042053222656 -0.41143798828125 0.56878662109375
0.0610313415527344 0.0183258056640625 0.0245628356933594 0.0695762634277344
0.0471420288085938 -0.0208740234375 0.530426025390625 -0.531280517578125
0.00182342529296875 -0.0420341491699219 -0.0274047851562499 -0.9658203125
-0.0300369262695313 -0.0226097106933594 -0.736328125 -0.39141845703125
-0.00391674041748047 0.0110321044921875 -0.57537841796875 0.315673828125
0.00724601745605469 0.0246410369873047 -0.151947021484375 0.485748291015625
0.000687599182128906 0.00541257858276367 0.2060546875 0.29608154296875
0.0317440032958984 0.00609779357910156 0.289947509765625 0.0401611328125
0.0325508117675781 0.00756072998046875 -0.278213500976562 -0.08526611328125
0.016514778137207 -0.000525474548339844 -0.139678955078125 -0.314208984375
0.020904541015625 0.0192985534667969 0.215972900390625 -0.443206787109375
0.0121040344238281 0.0218830108642578 0.65826416015625 -0.2353515625
-0.0249500274658203 -0.00714111328125 0.6689453125 0.44146728515625
-0.0272178649902344 -0.0470314025878906 0.0810546875 0.8951416015625
0.0217952728271484 -0.00618171691894531 -0.41387939453125 0.56793212890625
0.0554046630859375 0.0181007385253906 0.0222930908203125 0.0686531066894531
0.0418777465820313 -0.0184059143066406 0.5211181640625 -0.531707763671875
0.00205802917480469 -0.0323009490966797 -0.0380859375 -0.95928955078125
-0.0245876312255859 -0.0140304565429688 -0.73876953125 -0.37872314453125
0.00163841247558594 0.0106344223022461 -0.5733642578125 0.326171875
0.0102176666259766 0.0206508636474609 -0.1488037109375 0.49017333984375
0.00148105621337891 0.00155031681060791 0.20880126953125 0.2987060546875
0.0301303863525391 -0.00205802917480469 0.289794921875 0.044677734375
0.0317153930664063 0.00345230102539062 -0.27618408203125 -0.081878662109375
0.0171537399291992 -0.00961589813232422 -0.136077880859375 -0.31475830078125
0.0243511199951172 0.0134849548339844 0.21893310546875 -0.44049072265625
0.0179824829101563 0.0226478576660156 0.66168212890625 -0.228759765625
-0.0209083557128906 -0.000740051269531246 0.664794921875 0.449462890625
-0.0281333923339844 -0.0362434387207031 0.07281494140625 0.89990234375
0.0167236328125 -0.000349998474121094 -0.4202880859375 0.568115234375
0.0484771728515625 0.0185585021972656 0.0243568420410156 0.0656700134277344
0.0388526916503906 -0.0136871337890625 0.521148681640625 -0.53875732421875
0.00187301635742187 -0.0217342376708984 -0.0463867187500001 -0.95849609375
-0.0176925659179687 -0.00622367858886719 -0.74114990234375 -0.3695068359375
0.00883007049560547 0.010096549987793 -0.56707763671875 0.333251953125
0.0140743255615234 0.0162944793701172 -0.14599609375 0.491790771484375
-0.000559329986572265 -0.00862312316894531 0.212493896484375 0.296112060546875
0.0309772491455078 -0.00651741027832031 0.292236328125 0.045684814453125
0.0301513671875 0.000932693481445312 -0.27642822265625 -0.079620361328125
0.0174903869628906 -0.0182514190673828 -0.133392333984375 -0.31549072265625
0.0286045074462891 0.00770378112792969 0.222686767578125 -0.43890380859375
0.0252265930175781 0.0236129760742188 0.6634521484375 -0.22332763671875
-0.014256477355957 0.00727558135986328 0.6636962890625 0.45501708984375
-0.0281982421875 -0.0269222259521484 0.06719970703125 0.90081787109375
0.0119342803955078 0.00470924377441406 -0.42462158203125 0.56439208984375
0.0439529418945312 0.0190048217773437 0.0277099609375 0.0634956359863281
0.0322914123535156 -0.0108242034912109 0.51751708984375 -0.541900634765625
0.00311279296875 -0.0138559341430664 -0.048095703125 -0.95849609375
-0.00918388366699219 0.00214862823486328 -0.74169921875 -0.3648681640625
0.016387939453125 0.00978946685791015 -0.56494140625 0.3355712890625
0.0175971984863281 0.00919914245605469 -0.14312744140625 0.49139404296875
0.000797271728515624 -0.0137672424316406 0.2137451171875 0.295013427734375
0.0286960601806641 -0.0104789733886719 0.292388916015625 0.04608154296875
0.031494140625 0.000690460205078125 -0.2750244140625 -0.0788116455078125
0.0201816558837891 -0.0253505706787109 -0.1312255859375 -0.31658935546875
0.0328788757324219 0.000703811645507813 0.223785400390625 -0.443450927734375
0.0319557189941406 0.0256156921386719 0.66558837890625 -0.22552490234375
-0.00819683074951172 0.015873908996582 0.6636962890625 0.4549560546875
-0.0263481140136719 -0.0175991058349609 0.0684814453125 0.90167236328125
0.00980854034423828 0.00568103790283203 -0.4207763671875 0.561370849609375
0.040557861328125 0.0169219970703125 0.0315437316894531 0.0618667602539063
0.0291290283203125 -0.00987625122070313 0.5185546875 -0.547149658203125
0.00417852401733398 -0.00491189956665039 -0.0537109375000001 -0.96368408203125
-0.00390625 0.0113649368286133 -0.7447509765625 -0.3662109375
0.0228137969970703 0.009552001953125 -0.56591796875 0.3345947265625
0.0210247039794922 0.00393867492675781 -0.143524169921875 0.489990234375
0.00288772583007812 -0.0213890075683594 0.213592529296875 0.2923583984375
0.0279121398925781 -0.0123519897460938 0.2911376953125 0.04705810546875
0.0348110198974609 0.0215511322021484 -0.291839599609375 -0.0909423828125
0.0223960876464844 0.00325202941894531 -0.1585693359375 -0.319366455078125
0.0191783905029297 0.0188694000244141 0.200897216796875 -0.470001220703125
0.004638671875 0.0208988189697266 0.6422119140625 -0.28607177734375
-0.0323600769042969 -0.0120563507080078 0.6788330078125 0.392578125
-0.026641845703125 -0.0573501586914063 0.11993408203125 0.86907958984375
0.0332374572753906 -0.0184059143066406 -0.38116455078125 0.5643310546875
0.0702362060546875 0.0112838745117188 0.0399818420410156 0.0687065124511719
0.0540809631347656 -0.029022216796875 0.53692626953125 -0.5374755859375
0.00648117065429687 -0.0469894409179688 -0.0250244140625001 -0.98272705078125
-0.0294609069824219 -0.021575927734375 -0.73736572265625 -0.4169921875
-0.00635242462158203 0.0110311508178711 -0.5770263671875 0.291748046875
0.00885009765625 0.0213508605957031 -0.151031494140625 0.468292236328125
0.00583791732788086 0.00686168670654297 0.1925048828125 0.28363037109375
0.0330486297607422 0.0149517059326172 0.275497436523438 0.0319671630859375
0.0326881408691406 0.0209636688232422 -0.291656494140625 -0.0875244140625001
0.0202178955078125 0.00658035278320313 -0.159271240234375 -0.31610107421875
0.0161209106445313 0.0222568511962891 0.199676513671875 -0.4600830078125
0.00170516967773438 0.0215835571289062 0.6412353515625 -0.27618408203125
-0.0336685180664063 -0.0168056488037109 0.672607421875 0.39837646484375
-0.0279273986816406 -0.0602378845214844 0.10821533203125 0.87042236328125
0.033203125 -0.0168170928955078 -0.39007568359375 0.5638427734375
0.0694732666015625 0.0136947631835938 0.0339202880859375 0.069488525390625
0.0523757934570313 -0.0272254943847656 0.53509521484375 -0.53143310546875
0.00279617309570313 -0.049163818359375 -0.021728515625 -0.9688720703125
-0.0317268371582031 -0.0261821746826172 -0.73175048828125 -0.40631103515625
-0.00790977478027344 0.0100460052490234 -0.5733642578125 0.2982177734375
0.00565528869628906 0.0244369506835938 -0.14837646484375 0.471527099609375
0.00453519821166992 0.00846147537231445 0.198455810546875 0.285675048828125
0.0307769775390625 0.0141925811767578 0.28131103515625 0.03253173828125
0.0344429016113281 0.0157566070556641 -0.285186767578125 -0.08868408203125
0.0180873870849609 0.00743675231933594 -0.1533203125 -0.314727783203125
0.0176467895507813 0.0247135162353516 0.202362060546875 -0.456939697265625
0.00187110900878906 0.0212669372558594 0.64630126953125 -0.26422119140625
-0.0335140228271484 -0.01593017578125 0.6739501953125 0.41064453125
-0.0276069641113281 -0.0595664978027344 0.10858154296875 0.8782958984375
0.0303916931152344 -0.01519775390625 -0.3934326171875 0.5677490234375
0.0665206909179688 0.0146331787109375 0.0280036926269531 0.0698013305664063
0.0512542724609375 -0.0258827209472656 0.524627685546875 -0.53289794921875
0.00402069091796875 -0.0478477478027344 -0.0334472656250001 -0.96612548828125
-0.0322952270507812 -0.0258827209472656 -0.73797607421875 -0.3955078125
-0.00791454315185547 0.00995826721191406 -0.57354736328125 0.310791015625
0.00647163391113281 0.0250282287597656 -0.14892578125 0.478240966796875
0.00240612030029297 0.00953960418701172 0.202056884765625 0.290374755859375
0.0322551727294922 0.007965087890625 0.2835693359375 0.035858154296875
0.0331554412841797 0.01190185546875 -0.283447265625 -0.08331298828125
0.0171298980712891 0.00338172912597656 -0.149200439453125 -0.31121826171875
0.0171394348144531 0.0226612091064453 0.20745849609375 -0.446746826171875
0.00445938110351563 0.0207786560058594 0.64837646484375 -0.2518310546875
-0.0314369201660156 -0.0141487121582031 0.66522216796875 0.4217529296875
-0.028839111328125 -0.0537490844726562 0.0919799804687501 0.88433837890625
0.0274620056152344 -0.009765625 -0.40447998046875 0.567626953125
0.0611228942871094 0.0172271728515625 0.0250205993652344 0.0686492919921875
0.046905517578125 -0.0216178894042969 0.52288818359375 -0.53009033203125
0.001953125 -0.0407524108886719 -0.0333862304687499 -0.95806884765625
-0.0306243896484375 -0.02239990234375 -0.73486328125 -0.38226318359375
-0.00403690338134766 0.00938034057617188 -0.567626953125 0.31988525390625
0.0069122314453125 0.0233955383300781 -0.145599365234375 0.48297119140625
0.00124645233154297 0.00478553771972656 0.20770263671875 0.290985107421875
0.0316181182861328 0.00403213500976563 0.286102294921875 0.037506103515625
0.0330390930175781 0.00623512268066406 -0.27752685546875 -0.084075927734375
0.0162544250488281 -0.00269699096679688 -0.1431884765625 -0.31060791015625
0.0202922821044922 0.0172901153564453 0.210845947265625 -0.443328857421875
0.0115070343017578 0.0217208862304687 0.6513671875 -0.2403564453125
-0.0253505706787109 -0.00702476501464844 0.66754150390625 0.43084716796875
-0.0279121398925781 -0.045745849609375 0.0873413085937501 0.885986328125
0.0216350555419922 -0.00579071044921875 -0.4072265625 0.56866455078125
0.0548248291015625 0.0187644958496094 0.0230751037597656 0.0672683715820313
0.0418930053710937 -0.0180397033691406 0.51446533203125 -0.5328369140625
0.00232505798339844 -0.0323009490966797 -0.04632568359375 -0.95220947265625
-0.0252304077148438 -0.0141944885253906 -0.7373046875 -0.37066650390625
0.0013418197631836 0.0106639862060547 -0.56488037109375 0.32855224609375
0.00969123840332031 0.0191154479980469 -0.141754150390625 0.488006591796875
0.000556588172912598 0.000348865985870361 0.210205078125 0.29229736328125
0.0317001342773438 -0.00278282165527344 0.288665771484375 0.042694091796875
0.0331001281738281 0.00408935546875 -0.275482177734375 -0.07965087890625
0.0159511566162109 -0.0104398727416992 -0.138275146484375 -0.30902099609375
0.0245304107666016 0.0135326385498047 0.21343994140625 -0.441009521484375
0.0180988311767578 0.0227870941162109 0.65545654296875 -0.23431396484375
-0.0209598541259766 -0.000471115112304691 0.66558837890625 0.43994140625
-0.0273914337158203 -0.0348720550537109 0.0787963867187501 0.891357421875
0.0177021026611328 -0.000614166259765625 -0.4139404296875 0.56610107421875
0.0494766235351563 0.0184593200683594 0.0242080688476562 0.0650596618652344
0.037322998046875 -0.0139732360839844 0.511383056640625 -0.53662109375
0.00158882141113281 -0.0228176116943359 -0.0513305664062499 -0.9525146484375
-0.0182590484619141 -0.00613021850585937 -0.7391357421875 -0.36065673828125
0.00856590270996094 0.0104055404663086 -0.56134033203125 0.3377685546875
0.0137691497802734 0.0155105590820313 -0.139556884765625 0.489990234375
0.000479698181152343 -0.00771379470825195 0.2147216796875 0.29180908203125
0.0295829772949219 -0.00745582580566406 0.29046630859375 0.04193115234375
0.0314674377441406 0.00121498107910156 -0.27557373046875 -0.0755615234375
0.0190200805664063 -0.0177536010742187 -0.136199951171875 -0.309844970703125
0.0280933380126953 0.00755119323730469 0.217132568359375 -0.4371337890625
0.0269012451171875 0.0248756408691406 0.6583251953125 -0.2298583984375
-0.0149135589599609 0.00823688507080078 0.6614990234375 0.44476318359375
-0.0261249542236328 -0.024627685546875 0.07318115234375 0.8941650390625
0.0118722915649414 0.00292301177978516 -0.415985107421875 0.561279296875
0.0437355041503906 0.0174446105957031 0.0268135070800781 0.0637016296386719
0.0327491760253906 -0.0104522705078125 0.5108642578125 -0.54034423828125
0.00182533264160156 -0.0119571685791016 -0.0559692382812501 -0.9525146484375
-0.0094442367553711 0.00388813018798828 -0.73822021484375 -0.35589599609375
0.0164012908935547 0.00899410247802734 -0.558319091796875 0.33892822265625
0.0181674957275391 0.00979804992675781 -0.13818359375 0.489959716796875
0.00148105621337891 -0.0153064727783203 0.215576171875 0.289642333984375
0.028564453125 -0.0109691619873047 0.291290283203125 0.0438232421875
0.0309562683105469 -0.000780105590820313 -0.275146484375 -0.0749969482421876
0.0195636749267578 -0.025787353515625 -0.133758544921875 -0.31268310546875
0.0322608947753906 0.000764846801757813 0.217010498046875 -0.44378662109375
0.0320148468017578 0.0251121520996094 0.6583251953125 -0.2330322265625
-0.00870132446289063 0.0159549713134766 0.6627197265625 0.44561767578125
-0.02587890625 -0.0182456970214844 0.075927734375 0.89288330078125
0.00971031188964844 0.00583267211914063 -0.414886474609375 0.56195068359375
0.0406608581542969 0.0155830383300781 0.0311775207519531 0.0616569519042969
0.0293769836425781 -0.0098876953125 0.509765625 -0.5457763671875
0.00391960144042969 -0.00458860397338867 -0.0624999999999999 -0.95654296875
-0.00300693511962891 0.0119714736938477 -0.74224853515625 -0.3575439453125
0.0225315093994141 0.00873947143554688 -0.557952880859375 0.3382568359375
0.0209865570068359 0.00374603271484375 -0.1378173828125 0.487457275390625
0.002960205078125 -0.0224285125732422 0.21484375 0.2869873046875
0.0285778045654297 -0.0138893127441406 0.289794921875 0.0439453125
0.0348796844482422 0.0202407836914063 -0.291259765625 -0.088653564453125
0.0231075286865234 0.00301742553710938 -0.160675048828125 -0.314422607421875
0.0189208984375 0.0181407928466797 0.195892333984375 -0.46771240234375
0.0038299560546875 0.0207004547119141 0.63427734375 -0.28961181640625
-0.0309963226318359 -0.0120182037353516 0.6754150390625 0.3843994140625
-0.0258064270019531 -0.0563278198242187 0.1229248046875 0.8619384765625
0.03240966796875 -0.0174541473388672 -0.373260498046875 0.561431884765625
0.0692024230957031 0.0109901428222656 0.0401992797851563 0.0683517456054688
0.0541496276855469 -0.0281639099121094 0.5289306640625 -0.5367431640625
0.00538253784179688 -0.046478271484375 -0.03216552734375 -0.97412109375
-0.0298919677734375 -0.0223579406738281 -0.73480224609375 -0.40966796875
-0.00617313385009766 0.00933170318603516 -0.56866455078125 0.29376220703125
0.00872230529785157 0.0204944610595703 -0.14776611328125 0.464569091796875
0.00499820709228516 0.00611114501953125 0.192855834960937 0.2784423828125
0.0322513580322266 0.0131855010986328 0.2742919921875 0.0291900634765625
0.0318012237548828 0.0196418762207031 -0.290313720703125 -0.08404541015625
0.01971435546875 0.00571632385253906 -0.159942626953125 -0.310638427734375
0.0169887542724609 0.0216960906982422 0.19415283203125 -0.45806884765625
0.001068115234375 0.0203781127929688 0.6339111328125 -0.28033447265625
-0.0332908630371094 -0.0159282684326172 0.67041015625 0.3902587890625
-0.0281639099121094 -0.0593910217285156 0.11114501953125 0.86236572265625
0.0319881439208984 -0.0173702239990234 -0.38446044921875 0.562286376953125
0.0685386657714844 0.0133056640625 0.0337028503417969 0.0685386657714844
0.0522422790527344 -0.0270309448242188 0.528656005859375 -0.52978515625
0.00417327880859375 -0.0475273132324219 -0.02886962890625 -0.96319580078125
-0.0334453582763672 -0.0261287689208984 -0.728759765625 -0.39556884765625
-0.00751113891601562 0.00998687744140625 -0.5677490234375 0.3009033203125
0.00658416748046875 0.0244331359863281 -0.1456298828125 0.4676513671875
0.00387859344482422 0.00943183898925781 0.19964599609375 0.28143310546875
0.0318260192871094 0.0129032135009766 0.279754638671875 0.03009033203125
0.0343971252441406 0.0134849548339844 -0.2864990234375 -0.085906982421875
0.0170621871948242 0.00694751739501953 -0.15521240234375 -0.30987548828125
0.0173511505126953 0.0227470397949219 0.197052001953125 -0.45465087890625
0.00245285034179687 0.0200366973876953 0.63916015625 -0.267333984375
-0.0340213775634766 -0.0159111022949219 0.67059326171875 0.40155029296875
-0.0279731750488281 -0.0584564208984375 0.111328125 0.87060546875
0.0306644439697266 -0.0151138305664062 -0.38775634765625 0.563720703125
0.0652847290039063 0.0136871337890625 0.0283966064453125 0.0691566467285156
0.0509796142578125 -0.0259475708007813 0.518829345703125 -0.530914306640625
0.00272369384765625 -0.0472564697265625 -0.04046630859375 -0.95953369140625
-0.0330791473388672 -0.0249443054199219 -0.73345947265625 -0.38604736328125
-0.00876808166503906 0.00868558883666992 -0.56561279296875 0.313232421875
0.0066986083984375 0.0254573822021484 -0.144195556640625 0.476165771484375
0.00288295745849609 0.00897693634033203 0.201995849609375 0.2855224609375
0.0330047607421875 0.00677108764648438 0.28240966796875 0.03448486328125
0.0346508026123047 0.0106468200683594 -0.28204345703125 -0.08099365234375
0.0161533355712891 0.00343799591064453 -0.15130615234375 -0.3067626953125
0.0173606872558594 0.0208244323730469 0.200531005859375 -0.446807861328125
0.00619316101074219 0.0192852020263672 0.640380859375 -0.254638671875
-0.0311317443847656 -0.0142478942871094 0.66375732421875 0.41192626953125
-0.0287055969238281 -0.0527191162109375 0.0968017578125 0.87335205078125
0.0264968872070313 -0.00940132141113281 -0.3985595703125 0.56561279296875
0.06011962890625 0.016815185546875 0.0256919860839844 0.0683670043945312
0.0461158752441406 -0.0222320556640625 0.5145263671875 -0.52911376953125
0.00148391723632813 -0.0402641296386719 -0.04071044921875 -0.94970703125
-0.0303325653076172 -0.0211849212646484 -0.730224609375 -0.375732421875
-0.00441455841064453 0.0094747543334961 -0.561309814453125 0.321014404296875
0.00706863403320312 0.0234870910644531 -0.14117431640625 0.479827880859375
0.000947952270507812 0.00461578369140625 0.20794677734375 0.285308837890625
0.0319290161132813 0.00249671936035156 0.2852783203125 0.03546142578125
0.0336322784423828 0.00525093078613281 -0.27679443359375 -0.0803833007812501
0.0157003402709961 -0.00184726715087891 -0.145355224609375 -0.307159423828125
0.021026611328125 0.01806640625 0.204376220703125 -0.4443359375
0.0111064910888672 0.0207748413085938 0.6431884765625 -0.2449951171875
-0.0262565612792969 -0.00684738159179688 0.66314697265625 0.42144775390625
-0.0272712707519531 -0.045135498046875 0.0924072265625 0.8790283203125
0.0217971801757813 -0.00485038757324219 -0.40283203125 0.56475830078125
0.0539703369140625 0.0163421630859375 0.0231399536132813 0.0675048828125
0.0412788391113281 -0.0181922912597656 0.506103515625 -0.53033447265625
0.00120735168457031 -0.0312442779541016 -0.0528564453125001 -0.946533203125
-0.0249595642089844 -0.0137767791748047 -0.7327880859375 -0.363037109375
0.000617980957031251 0.010101318359375 -0.5574951171875 0.330078125
0.0103473663330078 0.0198402404785156 -0.136932373046875 0.4842529296875
-6.7681074142456E-05 0.000435411930084229 0.21038818359375 0.287689208984375
0.0313434600830078 -0.00347518920898438 0.287628173828125 0.03875732421875
0.032867431640625 0.00236129760742188 -0.274246215820312 -0.0755157470703125
0.0161428451538086 -0.00971889495849609 -0.1412353515625 -0.30712890625
0.0242881774902344 0.0129184722900391 0.20758056640625 -0.438934326171875
0.0173416137695313 0.02215576171875 0.64727783203125 -0.23724365234375
-0.0211677551269531 -8.39233398437463E-05 0.6622314453125 0.4305419921875
-0.0282936096191406 -0.0343990325927734 0.08404541015625 0.8834228515625
0.0177078247070313 -0.000286102294921875 -0.406982421875 0.56243896484375
0.0486259460449219 0.0166816711425781 0.0235939025878906 0.0639762878417969
0.0371551513671875 -0.0151596069335938 0.503814697265625 -0.534820556640625
0.00208282470703125 -0.0223541259765625 -0.0597534179687501 -0.9437255859375
-0.0179653167724609 -0.005401611328125 -0.734619140625 -0.35498046875
0.00885868072509766 0.00865364074707031 -0.55462646484375 0.338775634765625
0.0148019790649414 0.0152730941772461 -0.13330078125 0.48663330078125
-0.000412940979003907 -0.00684499740600586 0.214752197265625 0.2861328125
0.0302867889404297 -0.00855255126953125 0.289306640625 0.04071044921875
0.0315399169921875 -0.000486373901367188 -0.274688720703125 -0.0738677978515625
0.0171012878417969 -0.0185413360595703 -0.137115478515625 -0.30621337890625
0.0276165008544922 0.00616073608398437 0.20941162109375 -0.437408447265625
0.0261363983154297 0.0224742889404297 0.64935302734375 -0.233154296875
-0.0137434005737305 0.008026123046875 0.659423828125 0.4365234375
-0.0269603729248047 -0.0245323181152344 0.0769042968749999 0.8837890625
0.0124435424804688 0.00407505035400391 -0.41046142578125 0.559173583984375
0.04351806640625 0.0183258056640625 0.0276718139648437 0.062896728515625
0.0326766967773438 -0.0116939544677734 0.50311279296875 -0.538604736328125
0.00244045257568359 -0.0125637054443359 -0.0621337890624999 -0.9443359375
-0.00937461853027344 0.00323677062988281 -0.73663330078125 -0.34808349609375
0.0159530639648438 0.009033203125 -0.552032470703125 0.33978271484375
0.01776123046875 0.00855445861816406 -0.133453369140625 0.485015869140625
0.000531196594238282 -0.0156345367431641 0.216064453125 0.28436279296875
0.0293464660644531 -0.0117130279541016 0.290069580078125 0.04095458984375
0.0319118499755859 -0.001251220703125 -0.273818969726563 -0.0718231201171875
0.0189628601074219 -0.0252056121826172 -0.135284423828125 -0.309722900390625
0.0322055816650391 -0.0001373291015625 0.211273193359375 -0.44329833984375
0.0320358276367188 0.0240192413330078 0.65167236328125 -0.23834228515625
-0.00805759429931641 0.0157947540283203 0.65985107421875 0.43682861328125
-0.0252189636230469 -0.0154685974121094 0.0772705078125 0.8843994140625
0.0101480484008789 0.00581645965576172 -0.407470703125 0.558624267578125
0.0402641296386719 0.0153427124023438 0.0320930480957031 0.0614128112792969
0.0289783477783203 -0.0104026794433594 0.502105712890625 -0.54302978515625
0.00392532348632813 -0.00448274612426758 -0.0665893554687499 -0.94879150390625
-0.00326824188232422 0.0114870071411133 -0.73822021484375 -0.34991455078125
0.0225200653076172 0.00845909118652344 -0.551483154296875 0.339447021484375
0.0225849151611328 0.00240707397460938 -0.133209228515625 0.48480224609375
0.00331497192382813 -0.0216026306152344 0.215545654296875 0.281768798828125
0.0282783508300781 -0.0147533416748047 0.2886962890625 0.041351318359375
0.0352363586425781 0.0193824768066406 -0.2890625 -0.08544921875
0.0211067199707031 0.00269126892089844 -0.162200927734375 -0.311065673828125
0.0192699432373047 0.0177783966064453 0.189666748046875 -0.4671630859375
0.00441360473632813 0.020751953125 0.62725830078125 -0.2938232421875
-0.0315036773681641 -0.0120983123779297 0.670654296875 0.37615966796875
-0.0267219543457031 -0.0549392700195313 0.12457275390625 0.853759765625
0.0318489074707031 -0.0173683166503906 -0.368408203125 0.55877685546875
0.0684814453125 0.0105476379394531 0.0401725769042969 0.0676193237304688
0.0525970458984375 -0.02972412109375 0.5233154296875 -0.5341796875
0.0047760009765625 -0.0458488464355469 -0.0372314453125 -0.9683837890625
-0.0301532745361328 -0.0209102630615234 -0.73211669921875 -0.40228271484375
-0.00568151473999023 0.00838279724121094 -0.56304931640625 0.294677734375
0.00897789001464844 0.0203704833984375 -0.143157958984375 0.461700439453125
0.00622224807739258 0.00629997253417969 0.193328857421875 0.273605346679688
0.0316390991210938 0.0122051239013672 0.272674560546875 0.0274810791015625
0.0338211059570313 0.0176315307617188 -0.29046630859375 -0.08221435546875
0.0194110870361328 0.00513458251953125 -0.1617431640625 -0.30804443359375
0.0173263549804688 0.0220108032226563 0.189697265625 -0.4569091796875
0.00179481506347656 0.0206222534179688 0.627685546875 -0.283447265625
-0.0331001281738281 -0.0170269012451172 0.664306640625 0.3814697265625
-0.0273284912109375 -0.0582084655761719 0.11297607421875 0.85504150390625
0.0314712524414063 -0.0162467956542969 -0.37841796875 0.559661865234375
0.0666084289550781 0.0127906799316406 0.0341682434082031 0.067901611328125
0.0511054992675781 -0.0276298522949219 0.523040771484375 -0.526580810546875
0.00381851196289063 -0.0463066101074219 -0.0320434570312499 -0.95269775390625
-0.0331592559814453 -0.0248241424560547 -0.72607421875 -0.38934326171875
-0.00887107849121094 0.00899600982666016 -0.561309814453125 0.3013916015625
0.00734329223632813 0.0238018035888672 -0.14117431640625 0.465057373046875
0.00424003601074219 0.00747442245483399 0.199630737304687 0.277511596679687
0.0303783416748047 0.0108737945556641 0.2791748046875 0.029022216796875
0.0356597900390625 0.0137863159179688 -0.283935546875 -0.08251953125
0.0174322128295898 0.006439208984375 -0.15594482421875 -0.306060791015625
0.0170612335205078 0.023345947265625 0.191741943359375 -0.452484130859375
0.00215530395507813 0.0194778442382813 0.6314697265625 -0.27081298828125
-0.0341625213623047 -0.0161247253417969 0.666259765625 0.39483642578125
-0.0280303955078125 -0.0568161010742188 0.1142578125 0.8607177734375
0.0290126800537109 -0.01434326171875 -0.382781982421875 0.561309814453125
0.0645637512207031 0.0135002136230469 0.0273857116699219 0.0692176818847656
0.0499649047851563 -0.0266342163085938 0.512481689453125 -0.527679443359375
0.00265884399414063 -0.0465888977050781 -0.0435791015625001 -0.950927734375
-0.0332832336425781 -0.0242843627929688 -0.73004150390625 -0.38031005859375
-0.0094137191772461 0.00882911682128906 -0.5594482421875 0.314056396484375
0.00638198852539062 0.0242824554443359 -0.138885498046875 0.472564697265625
0.00242710113525391 0.00902843475341797 0.20123291015625 0.2816162109375
0.0319442749023437 0.00496673583984375 0.280410766601563 0.03271484375
0.0340557098388672 0.00989341735839844 -0.2811279296875 -0.0777587890625
0.0159893035888672 0.00307178497314453 -0.15252685546875 -0.30316162109375
0.0167255401611328 0.0221748352050781 0.196258544921875 -0.44464111328125
0.00559616088867187 0.0205020904541016 0.63275146484375 -0.25885009765625
-0.0306797027587891 -0.0143814086914062 0.65972900390625 0.40716552734375
-0.0285263061523438 -0.0521926879882813 0.0989379882812499 0.86785888671875
0.0269718170166016 -0.00891685485839844 -0.39306640625 0.561614990234375
0.0591049194335938 0.0157356262207031 0.0252494812011719 0.0681648254394531
0.0455665588378906 -0.0213394165039063 0.508148193359375 -0.52587890625
0.00105667114257813 -0.0402336120605469 -0.04449462890625 -0.94268798828125
-0.0315303802490234 -0.0207595825195312 -0.72943115234375 -0.36883544921875
-0.00462961196899414 0.00851345062255859 -0.555450439453125 0.322265625
0.00832557678222656 0.0225982666015625 -0.1363525390625 0.475555419921875
0.00103378295898437 0.0047459602355957 0.20733642578125 0.281646728515625
0.0304393768310547 0.00312614440917969 0.283416748046875 0.0340576171875
0.0336589813232422 0.00473403930664063 -0.275375366210937 -0.07830810546875
0.0148067474365234 -0.00248908996582031 -0.14508056640625 -0.30322265625
0.0211200714111328 0.0170078277587891 0.200714111328125 -0.439788818359375
0.0108737945556641 0.0204315185546875 0.6351318359375 -0.24853515625
-0.0260086059570313 -0.00674247741699219 0.659912109375 0.4161376953125
-0.0284309387207031 -0.0435752868652344 0.0948486328124999 0.869873046875
0.0226097106933594 -0.00503158569335938 -0.396881103515625 0.5601806640625
0.0528297424316406 0.0160293579101563 0.0225334167480469 0.0663909912109375
0.0416679382324219 -0.0188560485839844 0.501617431640625 -0.527252197265625
0.00191307067871094 -0.0321731567382812 -0.0552978515625 -0.93731689453125
-0.0240516662597656 -0.0136299133300781 -0.7286376953125 -0.35760498046875
0.000411033630371094 0.00888729095458984 -0.551788330078125 0.331390380859375
0.0108184814453125 0.0195522308349609 -0.134033203125 0.482666015625
0.000399976968765259 -0.000391721725463867 0.21099853515625 0.283172607421875
0.0304622650146484 -0.00511550903320313 0.286224365234375 0.0364990234375
0.0337390899658203 0.00142097473144531 -0.274139404296875 -0.072998046875
0.0160417556762695 -0.00988960266113281 -0.142364501953125 -0.30230712890625
0.0233402252197266 0.0127468109130859 0.203033447265625 -0.438446044921875
0.0172557830810547 0.0202846527099609 0.64080810546875 -0.24200439453125
-0.0203800201416016 -0.000494003295898438 0.6590576171875 0.4234619140625
-0.0272178649902344 -0.0332508087158203 0.08551025390625 0.876708984375
0.0157938003540039 -0.00028228759765625 -0.402923583984375 0.55950927734375
0.0477523803710937 0.0168190002441406 0.0240974426269531 0.0648155212402344
0.036895751953125 -0.0158157348632813 0.497222900390625 -0.532806396484375
0.001708984375 -0.0216941833496094 -0.0638427734375 -0.93646240234375
-0.0178375244140625 -0.00502777099609375 -0.7320556640625 -0.34710693359375
0.00760555267333984 0.00798368453979492 -0.5474853515625 0.33856201171875
0.0143499374389648 0.0150270462036133 -0.130157470703125 0.483612060546875
0.00105428695678711 -0.00654792785644531 0.21484375 0.281646728515625
0.0299720764160156 -0.00933074951171875 0.28851318359375 0.03790283203125
0.0323162078857422 -0.00114250183105469 -0.27386474609375 -0.07080078125
0.0170650482177734 -0.0176715850830078 -0.138214111328125 -0.304107666015625
0.0274639129638672 0.0051727294921875 0.206634521484375 -0.43670654296875
0.0251712799072266 0.0216789245605469 0.6439208984375 -0.237548828125
-0.0135602951049805 0.00760936737060547 0.6544189453125 0.4302978515625
-0.027130126953125 -0.0244770050048828 0.078125 0.87811279296875
0.0129308700561523 0.00343513488769531 -0.404083251953125 0.555908203125
0.0415420532226563 0.0165863037109375 0.0269432067871094 0.0623397827148438
0.0313262939453125 -0.0113296508789063 0.498046875 -0.535400390625
0.00259780883789062 -0.0121145248413086 -0.06793212890625 -0.93487548828125
-0.0101518630981445 0.00288486480712891 -0.73284912109375 -0.34283447265625
0.0154905319213867 0.00814628601074219 -0.545379638671875 0.3399658203125
0.0177478790283203 0.00933647155761719 -0.130157470703125 0.482696533203125
0.000813484191894531 -0.0142440795898438 0.21588134765625 0.280364990234375
0.0282211303710937 -0.0123100280761719 0.288177490234375 0.03863525390625
0.0318679809570313 -0.00261688232421875 -0.273239135742188 -0.069915771484375
0.018829345703125 -0.0254230499267578 -0.13671875 -0.305999755859375
0.0320777893066406 -0.000377655029296875 0.206390380859375 -0.441375732421875
0.0315742492675781 0.0227069854736328 0.6431884765625 -0.2393798828125
-0.00922203063964844 0.0167007446289063 0.65533447265625 0.42974853515625
-0.025299072265625 -0.0155754089355469 0.08026123046875 0.87835693359375
0.00980949401855469 0.00577449798583984 -0.4034423828125 0.55401611328125
0.0394935607910156 0.0154304504394531 0.0321083068847656 0.0612716674804688
0.0281028747558594 -0.0103168487548828 0.496551513671875 -0.541900634765625
0.00448799133300781 -0.00414800643920898 -0.0722045898437499 -0.9405517578125
-0.00431728363037109 0.0109405517578125 -0.7357177734375 -0.3421630859375
0.0224838256835938 0.00779914855957031 -0.545623779296875 0.33929443359375
0.0213222503662109 0.00336647033691406 -0.1290283203125 0.480804443359375
0.002838134765625 -0.0213260650634766 0.216140747070312 0.278900146484375
0.0277233123779297 -0.0151176452636719 0.287322998046875 0.040496826171875
0.0356483459472656 0.018463134765625 -0.28851318359375 -0.08447265625
0.0212249755859375 0.00238609313964844 -0.162109375 -0.308929443359375
0.0189685821533203 0.0172595977783203 0.1865234375 -0.466339111328125
0.00358200073242187 0.0194015502929688 0.622314453125 -0.29315185546875
-0.0316600799560547 -0.0126056671142578 0.666748046875 0.37176513671875
-0.0262374877929687 -0.0544853210449219 0.12652587890625 0.84698486328125
0.0309848785400391 -0.0179119110107422 -0.365142822265625 0.555145263671875
0.0676078796386719 0.010406494140625 0.0401115417480469 0.0666770935058594
0.0527229309082031 -0.02838134765625 0.51776123046875 -0.529541015625
0.00563430786132813 -0.045806884765625 -0.03875732421875 -0.959716796875
-0.0304431915283203 -0.0210094451904297 -0.72772216796875 -0.39654541015625
-0.00647735595703125 0.00844526290893555 -0.560028076171875 0.294403076171875
0.00943183898925781 0.0206317901611328 -0.141448974609375 0.4576416015625
0.00538349151611328 0.00639152526855469 0.192794799804688 0.2711181640625
0.0330619812011719 0.0111598968505859 0.271469116210938 0.0264892578125
0.0334987640380859 0.0168342590332031 -0.28839111328125 -0.07989501953125
0.0190830230712891 0.00594139099121094 -0.161346435546875 -0.30462646484375
0.0163097381591797 0.0216217041015625 0.18548583984375 -0.454833984375
0.00242996215820312 0.0198421478271484 0.62017822265625 -0.28564453125
-0.0343551635742188 -0.0151081085205078 0.6600341796875 0.37628173828125
-0.0290412902832031 -0.0575180053710937 0.11383056640625 0.84735107421875
0.0301990509033203 -0.0152053833007813 -0.375518798828125 0.556793212890625
0.0654296875 0.0119590759277344 0.0348434448242188 0.0684089660644531
0.0509452819824219 -0.0288963317871094 0.518035888671875 -0.52447509765625
0.00228500366210937 -0.0470046997070313 -0.0340576171875 -0.9488525390625
-0.0341663360595703 -0.0253620147705078 -0.72174072265625 -0.3875732421875
-0.00883197784423828 0.00847339630126953 -0.55804443359375 0.302001953125
0.00702667236328125 0.0241985321044922 -0.138824462890625 0.46185302734375
0.00387668609619141 0.00887107849121094 0.199172973632813 0.273193359375
0.0311145782470703 0.0118083953857422 0.277801513671875 0.0279388427734375
0.03570556640625 0.012542724609375 -0.282928466796875 -0.081085205078125
0.0166797637939453 0.00584030151367188 -0.15631103515625 -0.303314208984375
0.0170249938964844 0.0226383209228516 0.187286376953125 -0.452178955078125
0.00205421447753906 0.0200042724609375 0.62548828125 -0.27301025390625
-0.0338249206542969 -0.0152969360351562 0.66241455078125 0.38934326171875
-0.0264358520507813 -0.0554847717285156 0.114013671875 0.85595703125
0.0296134948730469 -0.0139999389648437 -0.3790283203125 0.55731201171875
0.0628662109375 0.0141143798828125 0.028228759765625 0.0674057006835938
0.05023193359375 -0.02691650390625 0.5064697265625 -0.52532958984375
0.00220108032226563 -0.0453643798828125 -0.0462646484375 -0.9454345703125
-0.0347652435302734 -0.0245628356933594 -0.72601318359375 -0.375244140625
-0.0079960823059082 0.00852632522583008 -0.55499267578125 0.313201904296875
0.00663185119628906 0.0245132446289063 -0.137237548828125 0.468780517578125
0.00255203247070313 0.00967884063720703 0.201385498046875 0.277999877929688
0.0325069427490234 0.00535392761230469 0.279388427734375 0.0306396484375
0.0326099395751953 0.00944900512695313 -0.280593872070312 -0.0758514404296875
0.0154399871826172 0.002899169921875 -0.15264892578125 -0.300994873046875
0.0179805755615234 0.0213890075683594 0.19305419921875 -0.44256591796875
0.00555229187011719 0.0197124481201172 0.62677001953125 -0.26171875
-0.0315303802490234 -0.0137462615966797 0.65631103515625 0.4005126953125
-0.0286712646484375 -0.0513343811035156 0.09954833984375 0.8614501953125
0.0260257720947266 -0.00857925415039063 -0.389068603515625 0.557586669921875
0.0586395263671875 0.0162391662597656 0.0240516662597656 0.0680999755859375
0.0463714599609375 -0.0226631164550781 0.505950927734375 -0.523406982421875
0.000961303710937502 -0.0394363403320313 -0.0469970703125 -0.93621826171875
-0.0304756164550781 -0.0203208923339844 -0.72491455078125 -0.36572265625
-0.00478649139404297 0.00850391387939453 -0.55029296875 0.32220458984375
0.00774002075195313 0.0236701965332031 -0.13409423828125 0.473175048828125
0.00129842758178711 0.0055384635925293 0.208572387695313 0.2769775390625
0.0309333801269531 0.00290489196777344 0.2823486328125 0.032958984375
0.0341949462890625 0.00351715087890625 -0.275726318359375 -0.0750732421874999
0.0137176513671875 -0.00230026245117188 -0.14508056640625 -0.300445556640625
0.0203056335449219 0.0162353515625 0.195098876953125 -0.44097900390625
0.00881576538085938 0.0197181701660156 0.6314697265625 -0.25042724609375
-0.0258560180664063 -0.00889968872070312 0.65753173828125 0.4107666015625
-0.0273628234863281 -0.042724609375 0.09381103515625 0.86383056640625
0.0217056274414062 -0.0044097900390625 -0.393890380859375 0.5572509765625
0.0535736083984375 0.0159416198730469 0.0225906372070313 0.0662841796875
0.0403861999511719 -0.0200042724609375 0.49639892578125 -0.523651123046875
0.00127983093261719 -0.0311107635498047 -0.05853271484375 -0.9324951171875
-0.0244655609130859 -0.0136795043945312 -0.725830078125 -0.35162353515625
0.000693321228027344 0.00716590881347656 -0.5460205078125 0.33160400390625
0.0119419097900391 0.0199661254882812 -0.129974365234375 0.4774169921875
-0.00127530097961426 0.00149619579315186 0.211166381835938 0.279922485351563
0.0306320190429688 -0.00504112243652344 0.284393310546875 0.036041259765625
0.0331039428710938 0.00113677978515625 -0.273147583007813 -0.071990966796875
0.0159807205200195 -0.00949478149414063 -0.142669677734375 -0.3009033203125
0.0241565704345703 0.0118427276611328 0.19921875 -0.435821533203125
0.0167331695556641 0.0217723846435547 0.63421630859375 -0.24261474609375
-0.0210342407226563 2.57586648367942E-18 0.6529541015625 0.4183349609375
-0.0264263153076172 -0.0329170227050781 0.0866088867187499 0.86871337890625
0.01495361328125 -5.43594360351563E-05 -0.39691162109375 0.555145263671875
0.0475234985351563 0.0172996520996094 0.0240440368652344 0.0641860961914063
0.0366096496582031 -0.0155906677246094 0.4935302734375 -0.52777099609375
0.00116539001464844 -0.0207157135009766 -0.0651245117187501 -0.93115234375
-0.0181312561035156 -0.0045928955078125 -0.7298583984375 -0.34307861328125
0.00842905044555664 0.00720977783203125 -0.54339599609375 0.337310791015625
0.014164924621582 0.0155115127563477 -0.1287841796875 0.479644775390625
0.000502109527587891 -0.0063018798828125 0.213485717773438 0.277252197265625
0.0297431945800781 -0.0105915069580078 0.28668212890625 0.03741455078125
0.0317192077636719 -0.00193977355957031 -0.27197265625 -0.0684967041015625
0.0170154571533203 -0.0190010070800781 -0.138153076171875 -0.301025390625
0.0286350250244141 0.00586318969726563 0.201751708984375 -0.43505859375
0.0250473022460938 0.0214176177978516 0.63751220703125 -0.23822021484375
-0.0148534774780273 0.00791168212890625 0.64923095703125 0.423583984375
-0.0267448425292969 -0.0220928192138672 0.08001708984375 0.86993408203125
0.0115633010864258 0.00314617156982422 -0.40032958984375 0.551605224609375
0.0417747497558594 0.0172920227050781 0.0274467468261719 0.0616531372070313
0.0321273803710937 -0.0112571716308594 0.4932861328125 -0.53289794921875
0.00237274169921875 -0.0115699768066406 -0.0683593750000001 -0.9312744140625
-0.012049674987793 0.00267410278320313 -0.72760009765625 -0.3369140625
0.0157556533813477 0.00662422180175781 -0.540679931640625 0.338592529296875
0.0178680419921875 0.007965087890625 -0.12744140625 0.479583740234375
0.00028228759765625 -0.0154314041137695 0.21771240234375 0.27532958984375
0.0287513732910156 -0.0145111083984375 0.2867431640625 0.0377197265625
0.0318794250488281 -0.00344085693359375 -0.271881103515625 -0.0675506591796875
0.0181007385253906 -0.0255527496337891 -0.135833740234375 -0.30401611328125
0.0319404602050781 -0.000841140747070313 0.203155517578125 -0.440765380859375
0.0321674346923828 0.0222072601318359 0.63580322265625 -0.2425537109375
-0.00865936279296875 0.0160531997680664 0.65032958984375 0.42327880859375
-0.0245723724365234 -0.0144023895263672 0.0798950195312499 0.8699951171875
0.0095510482788086 0.00617885589599609 -0.399749755859375 0.5504150390625
0.038604736328125 0.0145530700683594 0.0316696166992187 0.0608177185058594
0.0283908843994141 -0.0108509063720703 0.491729736328125 -0.538848876953125
0.00377511978149414 -0.00456714630126953 -0.0742187499999999 -0.9334716796875
-0.00419425964355469 0.0119285583496094 -0.7315673828125 -0.33831787109375
0.0224895477294922 0.00701713562011719 -0.5401611328125 0.33953857421875
0.0221290588378906 0.00356292724609375 -0.126708984375 0.478546142578125
0.00154685974121094 -0.0209407806396484 0.215835571289063 0.274688720703125
0.0276107788085938 -0.0160350799560547 0.286346435546875 0.038818359375
0.0363044738769531 0.0182914733886719 -0.287506103515625 -0.083343505859375
0.0210418701171875 0.00175285339355469 -0.1617431640625 -0.306427001953125
0.0189151763916016 0.0176658630371094 0.184967041015625 -0.46307373046875
0.0035247802734375 0.0191173553466797 0.615234375 -0.29486083984375
-0.0319805145263672 -0.0123844146728516 0.661865234375 0.36822509765625
-0.0258216857910156 -0.0535240173339844 0.12359619140625 0.8414306640625
0.0306873321533203 -0.0176105499267578 -0.36163330078125 0.550689697265625
0.0659713745117188 0.0104408264160156 0.03973388671875 0.0673866271972656
0.0519027709960938 -0.0300216674804688 0.5145263671875 -0.5269775390625
0.00541305541992188 -0.0441627502441406 -0.0389404296874999 -0.95330810546875
-0.0307388305664063 -0.0204143524169922 -0.72381591796875 -0.392822265625
-0.00645160675048828 0.00809669494628906 -0.5545654296875 0.29388427734375
0.00906562805175781 0.0208473205566406 -0.138916015625 0.455657958984375
0.00549173355102539 0.00665569305419922 0.19134521484375 0.267959594726563
0.0316162109375 0.0100231170654297 0.270675659179688 0.0261383056640625
0.0335845947265625 0.0163764953613281 -0.287200927734375 -0.078857421875
0.0198745727539063 0.00487327575683594 -0.16229248046875 -0.30340576171875
0.0164337158203125 0.0212993621826172 0.18377685546875 -0.453857421875
0.00207901000976563 0.0188274383544922 0.6151123046875 -0.286865234375
-0.0341053009033203 -0.016754150390625 0.6561279296875 0.37274169921875
-0.0280990600585938 -0.0556488037109375 0.11358642578125 0.844482421875
0.0304546356201172 -0.0156040191650391 -0.371917724609375 0.552001953125
0.0653610229492188 0.0123977661132813 0.0337409973144531 0.0680923461914063
0.0501747131347656 -0.0282058715820313 0.514373779296875 -0.520416259765625
0.00274276733398438 -0.0464935302734375 -0.0350341796874999 -0.94024658203125
-0.0328712463378906 -0.024871826171875 -0.71771240234375 -0.38201904296875
-0.00838470458984375 0.00837612152099609 -0.551666259765625 0.300994873046875
0.00637435913085938 0.0228023529052734 -0.1370849609375 0.45855712890625
0.00375080108642578 0.00797653198242188 0.19952392578125 0.270492553710938
0.0309085845947266 0.0093994140625 0.276382446289062 0.0268707275390625
0.0360984802246094 0.0114860534667969 -0.282012939453125 -0.080322265625
0.0162954330444336 0.00546550750732422 -0.15631103515625 -0.30230712890625
0.0166263580322266 0.0222721099853516 0.185089111328125 -0.45166015625
0.00157356262207031 0.0187644958496094 0.619873046875 -0.27398681640625
-0.0339775085449219 -0.0160923004150391 0.65777587890625 0.38482666015625
-0.0282363891601563 -0.0557518005371094 0.1121826171875 0.8494873046875
0.0292282104492187 -0.0140171051025391 -0.37628173828125 0.553375244140625
0.0623092651367188 0.0131950378417969 0.0276679992675781 0.0680427551269531
0.0498085021972656 -0.0278472900390625 0.5037841796875 -0.52099609375
0.00225448608398438 -0.0448951721191406 -0.0477294921875 -0.93634033203125
-0.0327396392822266 -0.0242538452148437 -0.72357177734375 -0.37139892578125
-0.0088653564453125 0.00720024108886719 -0.551300048828125 0.3118896484375
0.00750923156738281 0.0233879089355469 -0.13543701171875 0.46759033203125
0.00100135803222656 0.00878715515136719 0.200286865234375 0.274566650390625
0.0322990417480469 0.00416183471679688 0.278533935546875 0.030120849609375
0.034210205078125 0.00799369812011719 -0.278228759765625 -0.075286865234375
0.0144329071044922 0.00245952606201172 -0.152130126953125 -0.298431396484375
0.0168857574462891 0.0208187103271484 0.188232421875 -0.4420166015625
0.00549125671386719 0.0183181762695313 0.62158203125 -0.2606201171875
-0.0324497222900391 -0.01361083984375 0.6505126953125 0.3946533203125
-0.0281257629394531 -0.0495491027832031 0.0980834960937499 0.85406494140625
0.0246295928955078 -0.00876045227050781 -0.386749267578125 0.55230712890625
0.0574874877929688 0.0155830383300781 0.024444580078125 0.066802978515625
0.0458641052246094 -0.0223350524902344 0.502288818359375 -0.519805908203125
0.00178909301757813 -0.0387344360351563 -0.0483398437499999 -0.9306640625
-0.0310878753662109 -0.0195426940917969 -0.72015380859375 -0.35986328125
-0.00534248352050781 0.00760364532470703 -0.54638671875 0.32025146484375
0.00737571716308594 0.0234775543212891 -0.131988525390625 0.47021484375
0.000379562377929687 0.00559759140014648 0.207244873046875 0.274459838867188
0.0319290161132813 -0.000244140625 0.28216552734375 0.031524658203125
0.0343074798583984 0.00299263000488281 -0.273147583007813 -0.0744171142578125
0.015838623046875 -0.00185871124267578 -0.1463623046875 -0.29766845703125
0.0206661224365234 0.0163822174072266 0.192230224609375 -0.4390869140625
0.0102672576904297 0.0186500549316406 0.62628173828125 -0.252197265625
-0.0268611907958984 -0.00780868530273438 0.65155029296875 0.404052734375
-0.0272369384765625 -0.04119873046875 0.0946044921875 0.8572998046875
0.0209846496582031 -0.00461006164550781 -0.389312744140625 0.552978515625
0.0516242980957031 0.0162162780761719 0.0228118896484375 0.0653305053710938
0.0403289794921875 -0.0200614929199219 0.492950439453125 -0.521026611328125
0.00135231018066406 -0.0303916931152344 -0.0608520507812499 -0.925537109375
-0.0248394012451172 -0.0130691528320312 -0.72235107421875 -0.3477783203125
-0.000177860260009766 0.00770282745361328 -0.54241943359375 0.329986572265625
0.0103931427001953 0.0193920135498047 -0.129119873046875 0.4754638671875
0.000272274017333984 0.00123393535614014 0.209747314453125 0.276580810546875
0.0316410064697266 -0.00706100463867188 0.2835693359375 0.034759521484375
0.0339717864990234 -0.00041961669921875 -0.272262573242188 -0.070831298828125
0.0142974853515625 -0.0106649398803711 -0.141448974609375 -0.297576904296875
0.0231723785400391 0.0114479064941406 0.196563720703125 -0.43603515625
0.0179367065429688 0.0193653106689453 0.6287841796875 -0.24444580078125
-0.0214595794677734 -0.000944137573242187 0.64898681640625 0.4139404296875
-0.0266704559326172 -0.0314235687255859 0.0853271484375 0.862548828125
0.0164337158203125 0.000174522399902344 -0.394927978515625 0.55108642578125
0.0451278686523438 0.0158615112304688 0.024078369140625 0.0637588500976563
0.0346431732177734 -0.0162944793701172 0.489288330078125 -0.525634765625
0.00177574157714844 -0.0208892822265625 -0.0672607421874999 -0.92303466796875
-0.0187740325927734 -0.00525856018066406 -0.72357177734375 -0.34039306640625
0.00706958770751953 0.00813865661621094 -0.539093017578125 0.336273193359375
0.0142450332641602 0.014286994934082 -0.12713623046875 0.47705078125
0.0004119873046875 -0.00645160675048828 0.212966918945313 0.2757568359375
0.0300807952880859 -0.0100936889648438 0.2867431640625 0.035614013671875
0.0318222045898438 -0.00267791748046875 -0.27154541015625 -0.068267822265625
0.0160083770751953 -0.0183372497558594 -0.138031005859375 -0.29925537109375
0.0278224945068359 0.00531959533691406 0.200042724609375 -0.433929443359375
0.0247879028320313 0.0201492309570313 0.63287353515625 -0.2401123046875
-0.0147914886474609 0.00809478759765625 0.6446533203125 0.4180908203125
-0.0249710083007813 -0.0214939117431641 0.0789184570312501 0.864501953125
0.0118417739868164 0.00428199768066406 -0.3985595703125 0.545867919921875
0.0414047241210938 0.0159835815429688 0.0276870727539063 0.0622825622558594
0.0314750671386719 -0.0131816864013672 0.4891357421875 -0.52960205078125
0.00294589996337891 -0.0116996765136719 -0.0702514648437501 -0.9232177734375
-0.0116367340087891 0.00386524200439453 -0.72283935546875 -0.33526611328125
0.0161857604980469 0.00745582580566406 -0.535888671875 0.33843994140625
0.0179080963134766 0.00747871398925781 -0.12579345703125 0.477783203125
0.000370979309082031 -0.0145444869995117 0.215377807617188 0.273529052734375
0.0282745361328125 -0.0137767791748047 0.28680419921875 0.03692626953125
0.0320930480957031 -0.00408172607421875 -0.27117919921875 -0.0669403076171874
0.0180301666259766 -0.0251865386962891 -0.136810302734375 -0.30120849609375
0.0309429168701172 -0.00128936767578125 0.2003173828125 -0.43878173828125
0.0313816070556641 0.0215778350830078 0.63275146484375 -0.2431640625
-0.00890636444091797 0.0153427124023438 0.647216796875 0.42120361328125
-0.0245590209960938 -0.0146160125732422 0.08087158203125 0.86517333984375
0.00956821441650391 0.00639915466308594 -0.39715576171875 0.5469970703125
0.0386772155761719 0.0145721435546875 0.0315132141113281 0.0608711242675781
0.0282249450683594 -0.0115833282470703 0.488037109375 -0.53448486328125
0.00404596328735352 -0.00403499603271484 -0.07476806640625 -0.92852783203125
-0.00354480743408203 0.0109405517578125 -0.72662353515625 -0.3370361328125
0.0216217041015625 0.00648880004882813 -0.53753662109375 0.337432861328125
0.0223197937011719 0.00229072570800781 -0.1236572265625 0.47601318359375
0.0023193359375 -0.0202560424804688 0.214111328125 0.2711181640625
0.0269069671630859 -0.0175876617431641 0.284515380859375 0.037139892578125
0.0362358093261719 0.0174522399902344 -0.28692626953125 -0.08282470703125
0.0202007293701172 0.0016632080078125 -0.1605224609375 -0.304046630859375
0.0189075469970703 0.0167579650878906 0.180450439453125 -0.462158203125
0.00283241271972656 0.0182380676269531 0.61199951171875 -0.29437255859375
-0.0321216583251953 -0.0127162933349609 0.6571044921875 0.365234375
-0.0255622863769531 -0.0522689819335938 0.12310791015625 0.83636474609375
0.0311145782470703 -0.0171127319335938 -0.361328125 0.548828125
0.0648574829101563 0.00959014892578125 0.0390739440917969 0.0670623779296875
0.0515594482421875 -0.0293121337890625 0.512359619140625 -0.522125244140625
0.00511550903320313 -0.043670654296875 -0.0386962890624999 -0.9483642578125
-0.0308303833007813 -0.0210037231445312 -0.72021484375 -0.39227294921875
-0.00713539123535156 0.00718402862548828 -0.552093505859375 0.292572021484375
0.00878143310546875 0.0208263397216797 -0.138702392578125 0.45184326171875
0.00476217269897461 0.00753355026245117 0.192230224609375 0.265228271484375
0.0318851470947266 0.00961685180664063 0.270797729492187 0.0262451171875
0.0335655212402344 0.0161190032958984 -0.287078857421875 -0.0777282714843749
0.0189857482910156 0.00564956665039063 -0.161773681640625 -0.3011474609375
0.0165004730224609 0.0204734802246094 0.179412841796875 -0.451995849609375
0.000722885131835937 0.0184001922607422 0.6094970703125 -0.28594970703125
-0.0340576171875 -0.0168285369873047 0.65130615234375 0.37115478515625
-0.0269737243652344 -0.0547866821289063 0.1116943359375 0.837158203125
0.0300312042236328 -0.0144901275634766 -0.37127685546875 0.548370361328125
0.0640182495117188 0.0118179321289063 0.0337562561035156 0.0678367614746094
0.0505409240722656 -0.0281333923339844 0.511444091796875 -0.514923095703125
0.00255584716796875 -0.0463943481445313 -0.0364990234374999 -0.93682861328125
-0.0335521697998047 -0.0250740051269531 -0.7144775390625 -0.38031005859375
-0.00898361206054688 0.00707435607910156 -0.548980712890625 0.298492431640625
0.00624847412109375 0.0232658386230469 -0.1348876953125 0.457122802734375
0.00294876098632812 0.00864791870117187 0.198577880859375 0.268264770507813
0.0304603576660156 0.00973129272460938 0.276260375976562 0.0264739990234375
0.0364990234375 0.0118370056152344 -0.281051635742187 -0.0792388916015625
0.0157794952392578 0.00580215454101563 -0.156768798828125 -0.300537109375
0.0159950256347656 0.0222988128662109 0.18426513671875 -0.449249267578125
0.00129795074462891 0.0175485610961914 0.61602783203125 -0.27386474609375
-0.0337734222412109 -0.0155792236328125 0.65240478515625 0.382080078125
-0.026641845703125 -0.0544166564941406 0.11102294921875 0.8455810546875
0.0293712615966797 -0.01348876953125 -0.375335693359375 0.549652099609375
0.0612831115722656 0.0128898620605469 0.0282859802246094 0.0682258605957031
0.0497169494628906 -0.0268707275390625 0.49993896484375 -0.516082763671875
0.00382614135742187 -0.0444793701171875 -0.04705810546875 -0.93170166015625
-0.0336666107177734 -0.0237522125244141 -0.71966552734375 -0.36932373046875
-0.00985622406005859 0.00813007354736328 -0.5482177734375 0.312103271484375
0.00640296936035156 0.0236759185791016 -0.134765625 0.46484375
0.00165081024169922 0.009002685546875 0.199844360351562 0.27264404296875
0.0320606231689453 0.00332450866699219 0.277725219726563 0.02996826171875
0.0344963073730469 0.00690078735351562 -0.279067993164063 -0.074798583984375
0.0146074295043945 0.00327301025390625 -0.152313232421875 -0.296478271484375
0.0166683197021484 0.0205287933349609 0.1876220703125 -0.440399169921875
0.0040750503540039 0.0173330307006836 0.61907958984375 -0.26171875
-0.0314979553222656 -0.0145339965820312 0.64642333984375 0.39410400390625
-0.0283660888671875 -0.0492744445800781 0.0968627929687501 0.849853515625
0.0259513854980469 -0.00800895690917969 -0.385040283203125 0.549713134765625
0.0554771423339844 0.0158538818359375 0.0242271423339844 0.0671310424804688
0.044525146484375 -0.0233840942382813 0.5010986328125 -0.51483154296875
0.0019378662109375 -0.0383567810058594 -0.04736328125 -0.92425537109375
-0.0318069458007813 -0.0193309783935547 -0.7152099609375 -0.359130859375
-0.00546169281005859 0.00748252868652344 -0.5438232421875 0.319183349609375
0.00724029541015625 0.0221424102783203 -0.130523681640625 0.467803955078125
-0.000152111053466796 0.00568675994873047 0.2052001953125 0.272262573242188
0.0300178527832031 -0.000247955322265625 0.280563354492188 0.0306549072265625
0.0340423583984375 0.00131988525390625 -0.274398803710937 -0.075775146484375
0.0147504806518555 -0.00239181518554688 -0.146331787109375 -0.2965087890625
0.0211620330810547 0.0162429809570313 0.191925048828125 -0.437744140625
0.009368896484375 0.0185737609863281 0.62249755859375 -0.2518310546875
-0.0258274078369141 -0.00707244873046875 0.6473388671875 0.40301513671875
-0.0262451171875 -0.0413169860839844 0.0925292968749999 0.85272216796875
0.0215644836425781 -0.00514030456542969 -0.388336181640625 0.548583984375
0.0505752563476562 0.01513671875 0.0230293273925781 0.06573486328125
0.0400123596191406 -0.0198898315429688 0.49127197265625 -0.5166015625
0.000614166259765628 -0.0300464630126953 -0.0603027343749999 -0.92071533203125
-0.0261516571044922 -0.0138492584228516 -0.71923828125 -0.34661865234375
-9.20295715332032E-05 0.0080404281616211 -0.5394287109375 0.328338623046875
0.0106620788574219 0.018341064453125 -0.128936767578125 0.47125244140625
0.000186800956726074 0.00127923488616943 0.208724975585938 0.273590087890625
0.0302581787109375 -0.00725936889648438 0.284271240234375 0.03533935546875
0.0340232849121094 -0.00106239318847656 -0.271697998046875 -0.06982421875
0.01531982421875 -0.00951194763183594 -0.14166259765625 -0.2958984375
0.0228023529052734 0.0115032196044922 0.194793701171875 -0.43365478515625
0.0157890319824219 0.0197601318359375 0.62542724609375 -0.2454833984375
-0.0217609405517578 -0.000923156738281248 0.64471435546875 0.41143798828125
-0.0257797241210938 -0.0303993225097656 0.0833129882812501 0.858642578125
0.0166130065917969 0.000535011291503906 -0.394989013671875 0.54754638671875
0.0451393127441406 0.0164680480957031 0.0232162475585938 0.0640335083007813
0.0363693237304688 -0.0157470703125 0.48919677734375 -0.522918701171875
0.0017242431640625 -0.0200729370117188 -0.0665283203125 -0.9183349609375
-0.0191631317138672 -0.00486183166503906 -0.72064208984375 -0.33740234375
0.0075984001159668 0.00701808929443359 -0.535980224609375 0.336181640625
0.0139398574829102 0.0139656066894531 -0.12506103515625 0.473876953125
-0.000181198120117188 -0.00749826431274414 0.212142944335937 0.2725830078125
0.0293407440185547 -0.0113105773925781 0.2840576171875 0.036468505859375
0.0322380065917969 -0.00317764282226563 -0.271713256835938 -0.0681304931640625
0.0159397125244141 -0.0183372497558594 -0.138763427734375 -0.29681396484375
0.0267734527587891 0.00498008728027344 0.19793701171875 -0.433349609375
0.0243568420410156 0.0199050903320313 0.626953125 -0.2413330078125
-0.0153121948242188 0.00706768035888672 0.6402587890625 0.4169921875
-0.0250453948974609 -0.0218181610107422 0.0763549804687501 0.859619140625
0.0122232437133789 0.00477218627929688 -0.396820068359375 0.5438232421875
0.0404472351074219 0.0152549743652344 0.0273361206054687 0.06146240234375
0.0312118530273438 -0.0117683410644531 0.486358642578125 -0.52398681640625
0.00294017791748047 -0.0115461349487305 -0.0709838867187501 -0.91900634765625
-0.0100908279418945 0.00358200073242187 -0.721435546875 -0.33416748046875
0.0143089294433594 0.00679302215576172 -0.532623291015625 0.336334228515625
0.0182876586914063 0.00843238830566406 -0.12457275390625 0.473724365234375
0.000994682312011717 -0.0138330459594727 0.213302612304688 0.270858764648438
0.0276908874511719 -0.0144996643066406 0.285369873046875 0.036376953125
0.0322837829589844 -0.00528335571289063 -0.2706298828125 -0.066253662109375
0.0173206329345703 -0.0261287689208984 -0.136383056640625 -0.29937744140625
0.0309028625488281 -0.001220703125 0.198333740234375 -0.43719482421875
0.03045654296875 0.0214862823486328 0.62799072265625 -0.24444580078125
-0.009063720703125 0.0144157409667969 0.64306640625 0.41644287109375
-0.0235557556152344 -0.0142993927001953 0.0773925781249999 0.85906982421875
0.0103139877319336 0.00646114349365234 -0.394744873046875 0.541595458984375
0.0369606018066406 0.0143508911132813 0.0316047668457031 0.0607757568359375
0.0280075073242187 -0.0116500854492187 0.48681640625 -0.530029296875
0.0041048526763916 -0.00353074073791504 -0.0761108398437499 -0.92266845703125
-0.00412654876708984 0.0111722946166992 -0.72528076171875 -0.3341064453125
0.0211353302001953 0.00576591491699219 -0.53240966796875 0.33831787109375
0.0213451385498047 0.00226974487304688 -0.123748779296875 0.473114013671875
0.00217247009277344 -0.0210666656494141 0.21405029296875 0.26910400390625
0.0267086029052734 -0.0166282653808594 0.28448486328125 0.03765869140625
0.036102294921875 0.0153465270996094 -0.286041259765625 -0.0827331542968751
0.0199241638183594 0.00223350524902344 -0.161224365234375 -0.303436279296875
0.0177860260009766 0.0175571441650391 0.17962646484375 -0.4598388671875
0.00364494323730469 0.0179119110107422 0.608642578125 -0.29461669921875
-0.0323848724365234 -0.0128688812255859 0.65472412109375 0.36474609375
-0.0245513916015625 -0.0516395568847656 0.1207275390625 0.83392333984375
0.0306568145751953 -0.0163230895996094 -0.36126708984375 0.544189453125
0.0649299621582031 0.010009765625 0.0395278930664063 0.0672950744628906
0.0518951416015625 -0.0306777954101562 0.513519287109375 -0.5179443359375
0.00598526000976562 -0.0443153381347656 -0.03851318359375 -0.94622802734375
-0.0303192138671875 -0.020355224609375 -0.7177734375 -0.39129638671875
-0.0074152946472168 0.00719642639160156 -0.5489501953125 0.29052734375
0.009674072265625 0.0209121704101563 -0.136749267578125 0.4525146484375
0.00468301773071289 0.00704860687255859 0.191940307617188 0.26348876953125
0.0311737060546875 0.00909996032714844 0.27069091796875 0.0256500244140625
0.0345077514648438 0.0149383544921875 -0.286285400390625 -0.07818603515625
0.0184211730957031 0.00404930114746094 -0.16131591796875 -0.299163818359375
0.0156211853027344 0.020538330078125 0.178955078125 -0.45123291015625
0.00119209289550781 0.0180549621582031 0.607666015625 -0.28668212890625
-0.0341377258300781 -0.0163211822509766 0.6473388671875 0.37005615234375
-0.0263404846191406 -0.0550651550292969 0.108642578125 0.834716796875
0.0305557250976563 -0.0149402618408203 -0.370819091796875 0.543426513671875
0.0625648498535156 0.0125656127929688 0.0325164794921875 0.0675811767578125
0.0504379272460938 -0.0280342102050781 0.511260986328125 -0.513214111328125
0.00290298461914063 -0.0462493896484375 -0.0358886718749999 -0.9334716796875
-0.0330848693847656 -0.0246562957763672 -0.7125244140625 -0.37982177734375
-0.00871944427490234 0.00648832321166992 -0.54754638671875 0.297882080078125
0.00629425048828125 0.0226936340332031 -0.1357421875 0.45391845703125
0.00355625152587891 0.00889968872070313 0.197525024414063 0.265914916992188
0.0299453735351563 0.00836944580078125 0.275619506835938 0.026092529296875
0.0364112854003906 0.00947189331054687 -0.281463623046875 -0.079986572265625
0.0156316757202148 0.00565719604492188 -0.156341552734375 -0.299530029296875
0.0162525177001953 0.0209445953369141 0.1827392578125 -0.4468994140625
0.00130653381347656 0.0174188613891602 0.61151123046875 -0.27410888671875
-0.033782958984375 -0.0157623291015625 0.64935302734375 0.37969970703125
-0.0261688232421875 -0.0530891418457031 0.1082763671875 0.8419189453125
0.0284996032714844 -0.0133323669433594 -0.374786376953125 0.54449462890625
0.0603256225585938 0.0129585266113281 0.0281333923339844 0.0683479309082031
0.049407958984375 -0.0277366638183594 0.501800537109375 -0.514892578125
0.00323867797851563 -0.0440216064453125 -0.0469970703124999 -0.92901611328125
-0.0338649749755859 -0.0231399536132813 -0.71636962890625 -0.36767578125
-0.00915908813476563 0.00639820098876953 -0.545989990234375 0.308929443359375
0.00738525390625 0.0236072540283203 -0.13421630859375 0.462677001953125
0.00100326538085937 0.00934410095214844 0.199478149414063 0.2708740234375
0.0312938690185547 0.00262832641601562 0.277938842773438 0.0299224853515625
0.0340614318847656 0.00716781616210938 -0.277557373046875 -0.0744171142578125
0.0152730941772461 0.00255680084228516 -0.152313232421875 -0.29559326171875
0.0169925689697266 0.0203971862792969 0.186767578125 -0.439849853515625
0.00411319732666016 0.0174465179443359 0.614501953125 -0.2615966796875
-0.0320205688476562 -0.0146408081054687 0.6441650390625 0.3934326171875
-0.0255928039550781 -0.0481452941894531 0.095703125 0.84918212890625
0.0241947174072266 -0.00779533386230469 -0.3843994140625 0.5455322265625
0.0554428100585938 0.0156822204589844 0.0247840881347656 0.06707763671875
0.0438194274902344 -0.0221824645996094 0.498321533203125 -0.512847900390625
0.00139999389648437 -0.0379791259765625 -0.0466308593750001 -0.92303466796875
-0.0310707092285156 -0.0200366973876953 -0.7135009765625 -0.3582763671875
-0.00585460662841797 0.00611209869384766 -0.541656494140625 0.31793212890625
0.00849533081054688 0.0215511322021484 -0.131805419921875 0.466217041015625
-0.000284671783447265 0.00485467910766602 0.204879760742188 0.269729614257813
0.0304012298583984 -0.00103950500488281 0.280136108398438 0.0310821533203125
0.0345935821533203 0.00100898742675781 -0.273513793945313 -0.0746002197265624
0.0136394500732422 -0.00281715393066406 -0.145721435546875 -0.296722412109375
0.019378662109375 0.0167789459228516 0.189910888671875 -0.4365234375
0.00867080688476563 0.0174551010131836 0.61810302734375 -0.2525634765625
-0.0268707275390625 -0.00754928588867188 0.643310546875 0.40216064453125
-0.0258522033691406 -0.040008544921875 0.0908203125 0.85040283203125
0.0202503204345703 -0.00403976440429688 -0.38714599609375 0.5439453125
0.0502738952636719 0.015533447265625 0.02264404296875 0.0656623840332031
0.0389175415039062 -0.0201148986816406 0.489532470703125 -0.51397705078125
0.00131034851074219 -0.0299530029296875 -0.05877685546875 -0.9163818359375
-0.0264129638671875 -0.0122737884521484 -0.71734619140625 -0.34613037109375
-0.00117635726928711 0.00716876983642578 -0.538543701171875 0.32720947265625
0.0106487274169922 0.0191726684570313 -0.126861572265625 0.470489501953125
-0.000400543212890625 0.00149989128112793 0.207794189453125 0.2730712890625
0.0291500091552734 -0.00722312927246094 0.282958984375 0.0347900390625
0.0341777801513672 -0.0022125244140625 -0.2711181640625 -0.0704193115234375
0.0135154724121094 -0.0107059478759766 -0.142364501953125 -0.296966552734375
0.0223350524902344 0.0112762451171875 0.192840576171875 -0.4334716796875
0.0165672302246094 0.0189342498779297 0.620849609375 -0.24542236328125
-0.0216064453125 -0.000217437744140627 0.64208984375 0.4097900390625
-0.0243721008300781 -0.0318431854248047 0.0830078125000001 0.85491943359375
0.0156564712524414 0.000557899475097656 -0.39324951171875 0.542144775390625
0.04522705078125 0.0165252685546875 0.0241584777832031 0.0632057189941406
0.0350856781005859 -0.0164051055908203 0.48577880859375 -0.51763916015625
0.00215911865234375 -0.0207729339599609 -0.0665283203125 -0.915283203125
-0.0182304382324219 -0.00498008728027344 -0.71826171875 -0.337158203125
0.0062103271484375 0.00685596466064453 -0.534149169921875 0.3336181640625
0.0138254165649414 0.0140876770019531 -0.12481689453125 0.473297119140625
-0.00125312805175781 -0.00716114044189453 0.212020874023438 0.269989013671875
0.0278224945068359 -0.0126152038574219 0.28515625 0.035491943359375
0.033416748046875 -0.00462532043457031 -0.270645141601562 -0.0684051513671875
0.0162944793701172 -0.0188274383544922 -0.13934326171875 -0.29736328125
0.0268955230712891 0.00447845458984375 0.196868896484375 -0.43255615234375
0.0235118865966797 0.0188446044921875 0.62445068359375 -0.240966796875
-0.0150423049926758 0.00710105895996093 0.637451171875 0.41290283203125
-0.0244274139404297 -0.0215721130371094 0.07537841796875 0.85662841796875
0.011958122253418 0.00644111633300781 -0.396697998046875 0.53948974609375
0.0392074584960938 0.0151481628417969 0.0276222229003906 0.06195068359375
0.0306949615478516 -0.0121841430664062 0.48541259765625 -0.521209716796875
0.00299644470214844 -0.0112104415893555 -0.0687866210937501 -0.91436767578125
-0.0117368698120117 0.00449562072753906 -0.71722412109375 -0.33172607421875
0.0143547058105469 0.00539875030517578 -0.53143310546875 0.3355712890625
0.0182876586914063 0.0077972412109375 -0.1234130859375 0.471649169921875
0.000254631042480469 -0.0134830474853516 0.21380615234375 0.26788330078125
0.0277786254882813 -0.0154953002929688 0.28570556640625 0.03680419921875
0.0326023101806641 -0.00570869445800781 -0.270034790039062 -0.066375732421875
0.0167827606201172 -0.0254631042480469 -0.1375732421875 -0.298919677734375
0.0308856964111328 -0.00140953063964844 0.196685791015625 -0.437744140625
0.0296649932861328 0.0212879180908203 0.62542724609375 -0.2452392578125
-0.00992012023925781 0.0144472122192383 0.6397705078125 0.4150390625
-0.0224895477294922 -0.0138778686523438 0.0765991210937501 0.85565185546875
0.00979900360107422 0.00790309906005859 -0.394317626953125 0.5384521484375
0.0367851257324219 0.0131187438964844 0.0304145812988281 0.0602149963378906
0.0280036926269531 -0.0110149383544922 0.484649658203125 -0.527923583984375
0.00430083274841309 -0.00289034843444824 -0.0750732421874999 -0.92010498046875
-0.00482273101806641 0.0119562149047852 -0.72027587890625 -0.33160400390625
0.0206375122070313 0.00546836853027344 -0.531494140625 0.3349609375
0.0213813781738281 0.00217437744140625 -0.124298095703125 0.470672607421875
0.00255584716796875 -0.0195388793945312 0.212448120117188 0.26708984375
0.0266571044921875 -0.0178794860839844 0.28436279296875 0.037628173828125
0.0363502502441406 0.0153160095214844 -0.286529541015625 -0.08251953125
0.0203571319580078 0.00158882141113281 -0.161407470703125 -0.302642822265625
0.0178165435791016 0.0178451538085938 0.1800537109375 -0.45989990234375
0.00202178955078125 0.0164546966552734 0.6065673828125 -0.29486083984375
-0.0324497222900391 -0.0129108428955078 0.65057373046875 0.36480712890625
-0.0244674682617187 -0.0518531799316406 0.1187744140625 0.8310546875
0.0302696228027344 -0.0159435272216797 -0.361328125 0.542083740234375
0.0634422302246094 0.00928115844726563 0.038818359375 0.0678977966308594
0.05133056640625 -0.0304336547851563 0.51214599609375 -0.514862060546875
0.00525665283203125 -0.0437393188476562 -0.0369262695312499 -0.94293212890625
-0.0306758880615234 -0.01995849609375 -0.71502685546875 -0.3897705078125
-0.00732851028442383 0.00628137588500976 -0.548492431640625 0.289154052734375
0.00941848754882812 0.0207939147949219 -0.13800048828125 0.45001220703125
0.00360631942749023 0.00692462921142578 0.190185546875 0.263198852539063
0.0311717987060547 0.00655555725097656 0.27117919921875 0.0250396728515625
0.0348606109619141 0.0148887634277344 -0.287506103515625 -0.0784912109375
0.0176334381103516 0.00456619262695312 -0.161773681640625 -0.299041748046875
0.0164718627929687 0.0210590362548828 0.178924560546875 -0.45166015625
0.000466346740722655 0.0164327621459961 0.60693359375 -0.28509521484375
-0.0355300903320312 -0.0175018310546875 0.64495849609375 0.369384765625
-0.025115966796875 -0.0540809631347656 0.10595703125 0.83160400390625
0.0294570922851563 -0.0144271850585938 -0.370635986328125 0.54156494140625
0.0628280639648438 0.0125236511230469 0.0329818725585938 0.0683746337890625
0.0496788024902344 -0.0287094116210938 0.511260986328125 -0.509796142578125
0.00308990478515625 -0.0464859008789062 -0.0328369140624999 -0.9307861328125
-0.0339336395263672 -0.0239524841308594 -0.7100830078125 -0.38079833984375
-0.00978755950927734 0.00578880310058594 -0.54608154296875 0.297210693359375
0.00686836242675781 0.0231876373291016 -0.135589599609375 0.4525146484375
0.00379180908203125 0.00820350646972656 0.195846557617188 0.265213012695313
0.0288066864013672 0.00836181640625 0.274490356445313 0.0272674560546875
0.03662109375 0.00962448120117187 -0.2821044921875 -0.078887939453125
0.0155572891235352 0.00576686859130859 -0.1553955078125 -0.29876708984375
0.0162563323974609 0.0206584930419922 0.180511474609375 -0.4478759765625
0.00136470794677734 0.0163774490356445 0.6112060546875 -0.27490234375
-0.0337467193603516 -0.0163650512695313 0.64691162109375 0.38018798828125
-0.0254173278808594 -0.0526657104492188 0.10577392578125 0.84051513671875
0.0280742645263672 -0.0119094848632812 -0.37603759765625 0.543426513671875
0.0602073669433594 0.0137252807617188 0.0274810791015625 0.068328857421875
0.0473747253417969 -0.0268325805664063 0.501373291015625 -0.5108642578125
0.00352859497070313 -0.0437583923339844 -0.0435791015625 -0.9268798828125
-0.0334129333496094 -0.0229663848876953 -0.71527099609375 -0.36798095703125
-0.00999355316162109 0.00554752349853516 -0.54608154296875 0.307952880859375
0.0070953369140625 0.0237369537353516 -0.135009765625 0.46014404296875
0.00079822540283203 0.00906658172607422 0.198486328125 0.269180297851563
0.03082275390625 0.00197029113769531 0.278274536132813 0.0299224853515625
0.0342388153076172 0.00499534606933594 -0.277206420898438 -0.0747528076171876
0.0147085189819336 0.0020751953125 -0.15093994140625 -0.295989990234375
0.0164108276367188 0.0195045471191406 0.18505859375 -0.438934326171875
0.00335597991943359 0.0162439346313477 0.61199951171875 -0.26239013671875
-0.0309772491455078 -0.0140228271484375 0.64080810546875 0.39056396484375
-0.0263328552246094 -0.0479393005371094 0.0922851562499999 0.8443603515625
0.025390625 -0.00703811645507813 -0.386627197265625 0.5416259765625
0.0557136535644531 0.0150184631347656 0.0250473022460938 0.0674018859863281
0.0451545715332031 -0.0220565795898437 0.497955322265625 -0.508819580078125
0.00233840942382813 -0.0374565124511719 -0.0460815429687501 -0.9202880859375
-0.0310573577880859 -0.0197715759277344 -0.7127685546875 -0.3577880859375
-0.00596094131469727 0.00667142868041992 -0.542327880859375 0.315704345703125
0.00801658630371094 0.02215576171875 -0.132110595703125 0.46527099609375
0.000665187835693359 0.00531721115112305 0.20477294921875 0.268081665039063
0.0292434692382813 -0.000858306884765625 0.280975341796875 0.0304107666015625
0.0350437164306641 -0.000127792358398438 -0.27362060546875 -0.0731048583984374
0.0136165618896484 -0.00301170349121094 -0.14599609375 -0.29608154296875
0.0199394226074219 0.0157012939453125 0.188995361328125 -0.43597412109375
0.00919723510742188 0.0175800323486328 0.6175537109375 -0.2515869140625
-0.0267925262451172 -0.00871467590332031 0.64263916015625 0.40179443359375
-0.0254631042480469 -0.04010009765625 0.087646484375 0.84912109375
0.0205707550048828 -0.003448486328125 -0.390716552734375 0.541015625
0.0493354797363281 0.0149345397949219 0.0234222412109375 0.065643310546875
0.0402145385742188 -0.0205230712890625 0.49072265625 -0.510406494140625
0.00224494934082031 -0.0295543670654297 -0.0560913085937499 -0.91461181640625
-0.0265941619873047 -0.0126705169677734 -0.71343994140625 -0.34649658203125
-0.000163078308105469 0.00591754913330078 -0.53704833984375 0.32562255859375
0.0112876892089844 0.0182323455810547 -0.130523681640625 0.469451904296875
-0.000964522361755371 0.000469863414764404 0.2064208984375 0.271041870117188
0.0286407470703125 -0.00754165649414063 0.283416748046875 0.034698486328125
0.0339794158935547 -0.00136947631835937 -0.272079467773438 -0.0694122314453125
0.0137538909912109 -0.0103721618652344 -0.14154052734375 -0.29541015625
0.0243968963623047 0.0108280181884766 0.191925048828125 -0.434173583984375
0.0154447555541992 0.017547607421875 0.6195068359375 -0.24493408203125
-0.0226402282714844 -0.00196075439453125 0.63824462890625 0.41015625
-0.0248775482177734 -0.0305538177490234 0.0795898437499999 0.85345458984375
0.0164556503295898 0.00072479248046875 -0.394317626953125 0.54022216796875
0.0439491271972656 0.0153465270996094 0.0233001708984375 0.0633735656738281
0.0352249145507813 -0.0161590576171875 0.487884521484375 -0.514892578125
0.0030059814453125 -0.0201187133789063 -0.0642700195312499 -0.9130859375
-0.01885986328125 -0.00522041320800781 -0.7171630859375 -0.336669921875
0.00636672973632813 0.00608348846435547 -0.533050537109375 0.33251953125
0.0139713287353516 0.0134611129760742 -0.12664794921875 0.4716796875
0.000327587127685546 -0.0059962272644043 0.210464477539063 0.268356323242188
0.0277080535888672 -0.0135326385498047 0.284515380859375 0.035186767578125
0.0340633392333984 -0.00378990173339844 -0.26971435546875 -0.067626953125
0.0151538848876953 -0.0204200744628906 -0.137969970703125 -0.296539306640625
0.0264053344726563 0.00462150573730469 0.19342041015625 -0.43218994140625
0.0225601196289063 0.0192813873291016 0.62286376953125 -0.24169921875
-0.0152044296264648 0.00713157653808594 0.634033203125 0.41436767578125
-0.023284912109375 -0.0206298828125 0.0727539062500001 0.85455322265625
0.0124588012695313 0.0055084228515625 -0.39697265625 0.53753662109375
0.0387344360351562 0.0153427124023437 0.0281181335449219 0.061279296875
0.03057861328125 -0.0121383666992187 0.487884521484375 -0.51849365234375
0.00342464447021485 -0.0117349624633789 -0.0678100585937501 -0.91192626953125
-0.0118255615234375 0.00369930267333984 -0.71661376953125 -0.33428955078125
0.0136251449584961 0.00652694702148438 -0.53070068359375 0.335540771484375
0.0185279846191406 0.00853919982910156 -0.12554931640625 0.470733642578125
-0.000524520874023438 -0.0140190124511719 0.211029052734375 0.268218994140625
0.0276508331298828 -0.0168724060058594 0.28497314453125 0.0361328125
0.0324916839599609 -0.00670623779296875 -0.270797729492188 -0.0673065185546875
0.0166397094726563 -0.0261135101318359 -0.13665771484375 -0.29986572265625
0.0299587249755859 -0.00160789489746094 0.19537353515625 -0.436676025390625
0.0287513732910156 0.0201492309570312 0.622314453125 -0.2447509765625
-0.00964450836181641 0.0156393051147461 0.6357421875 0.41461181640625
-0.0224723815917969 -0.0124607086181641 0.07305908203125 0.854248046875
0.00886249542236328 0.00705909729003906 -0.39459228515625 0.53662109375
0.0360107421875 0.0131492614746094 0.0311393737792969 0.0602531433105469
0.0290794372558594 -0.0124835968017578 0.4857177734375 -0.52423095703125
0.00520515441894531 -0.00337314605712891 -0.0728149414062499 -0.91912841796875
-0.00492000579833985 0.0110311508178711 -0.7186279296875 -0.33465576171875
0.0205650329589844 0.00540351867675781 -0.531524658203125 0.332794189453125
0.0217685699462891 0.00197601318359375 -0.12481689453125 0.470123291015625
0.00249862670898438 -0.0204963684082031 0.211013793945313 0.265914916992188
0.0258464813232422 -0.0184803009033203 0.28369140625 0.037353515625
0.0372886657714844 0.0145683288574219 -0.286712646484375 -0.0822448730468751
0.01922607421875 0.00138282775878906 -0.161956787109375 -0.30438232421875
0.0174465179443359 0.0165014266967773 0.17889404296875 -0.461944580078125
0.00232791900634766 0.0169887542724609 0.6065673828125 -0.296875
-0.0325984954833984 -0.0131263732910156 0.649658203125 0.36480712890625
-0.0242500305175781 -0.0515632629394531 0.11517333984375 0.83184814453125
0.0311298370361328 -0.0154323577880859 -0.364166259765625 0.5396728515625
0.0629081726074219 0.00994110107421875 0.0395355224609375 0.068084716796875
0.05078125 -0.0302391052246094 0.51318359375 -0.514373779296875
0.0060272216796875 -0.0430831909179687 -0.0369262695312501 -0.94232177734375
-0.0318965911865234 -0.0199127197265625 -0.71478271484375 -0.39111328125
-0.00819873809814453 0.00647163391113281 -0.55029296875 0.287261962890625
0.00889396667480469 0.0198745727539063 -0.13909912109375 0.449676513671875
0.00397157669067383 0.00637054443359375 0.189987182617188 0.262619018554688
0.0310764312744141 0.00819587707519531 0.271621704101563 0.026275634765625
0.0353469848632812 0.0136146545410156 -0.286651611328125 -0.07867431640625
0.0178718566894531 0.0046844482421875 -0.16168212890625 -0.300079345703125
0.0154685974121094 0.0202426910400391 0.17822265625 -0.452392578125
0.000245094299316406 0.0166034698486328 0.6060791015625 -0.28692626953125
-0.0354347229003906 -0.0172958374023438 0.6444091796875 0.370849609375
-0.0251655578613281 -0.0545845031738281 0.102783203125 0.831787109375
0.0295162200927734 -0.0133800506591797 -0.37335205078125 0.539276123046875
0.0620231628417969 0.01312255859375 0.033966064453125 0.0682182312011719
0.0494270324707031 -0.0296630859375 0.5123291015625 -0.506378173828125
0.00325393676757812 -0.045257568359375 -0.0307006835937501 -0.93060302734375
-0.0344619750976563 -0.0246372222900391 -0.7078857421875 -0.3804931640625
-0.0103578567504883 0.00651454925537109 -0.548065185546875 0.295318603515625
0.00615310668945313 0.0229206085205078 -0.136627197265625 0.453704833984375
0.00344324111938477 0.00861120223999023 0.19561767578125 0.26422119140625
0.0293331146240234 0.00620079040527344 0.277236938476563 0.0269012451171875
0.0370559692382813 0.0079193115234375 -0.282470703125 -0.080780029296875
0.0154266357421875 0.00411224365234375 -0.156707763671875 -0.298736572265625
0.0158748626708984 0.0207958221435547 0.18206787109375 -0.448394775390625
-0.000230789184570312 0.0162906646728516 0.61083984375 -0.2747802734375
-0.0342884063720703 -0.0162162780761719 0.6455078125 0.38323974609375
-0.0260696411132812 -0.0532913208007813 0.103271484375 0.84033203125
0.0280685424804688 -0.0116119384765625 -0.377716064453125 0.54248046875
0.0599212646484375 0.0136871337890625 0.0281143188476563 0.0675926208496094
0.0481643676757813 -0.0280113220214844 0.50225830078125 -0.509368896484375
0.00289535522460937 -0.0446014404296875 -0.0423583984375 -0.92620849609375
-0.0340671539306641 -0.0233287811279297 -0.71490478515625 -0.3682861328125
-0.00993442535400391 0.00619792938232422 -0.545623779296875 0.306427001953125
0.00709724426269531 0.0227813720703125 -0.134979248046875 0.460723876953125
0.001556396484375 0.00939464569091797 0.1986083984375 0.269287109375
0.0305709838867188 0.000537872314453125 0.278579711914063 0.0301666259765625
0.0353469848632812 0.00505828857421875 -0.2794189453125 -0.074798583984375
0.0145835876464844 0.00239849090576172 -0.15234375 -0.295654296875
0.0163002014160156 0.0191001892089844 0.18505859375 -0.440765380859375
0.00391960144042969 0.0156049728393555 0.611328125 -0.2623291015625
-0.0316371917724609 -0.0149497985839844 0.6380615234375 0.39312744140625
-0.02581787109375 -0.047943115234375 0.0888061523437501 0.8453369140625
0.0251541137695313 -0.00667190551757813 -0.386688232421875 0.54107666015625
0.0552558898925781 0.0161628723144531 0.0240974426269531 0.0669746398925781
0.0451393127441406 -0.0228347778320313 0.501953125 -0.508697509765625
0.00199127197265625 -0.03753662109375 -0.04510498046875 -0.92071533203125
-0.0317134857177734 -0.0198993682861328 -0.71173095703125 -0.35980224609375
-0.0070195198059082 0.00584697723388672 -0.54248046875 0.316375732421875
0.00779342651367187 0.0216999053955078 -0.132659912109375 0.464813232421875
0.000202178955078125 0.00527858734130859 0.203933715820313 0.268280029296875
0.0294570922851563 -0.00254249572753906 0.281646728515625 0.0322265625
0.03570556640625 -0.00043487548828125 -0.27410888671875 -0.0751342773437499
0.0138111114501953 -0.003509521484375 -0.144805908203125 -0.29541015625
0.0193710327148438 0.0160312652587891 0.18841552734375 -0.437225341796875
0.00876617431640625 0.0162181854248047 0.61639404296875 -0.25262451171875
-0.026885986328125 -0.00885009765625 0.63970947265625 0.4007568359375
-0.0240211486816406 -0.0400543212890625 0.0830078125 0.84722900390625
0.0205631256103516 -0.00251579284667969 -0.390777587890625 0.5404052734375
0.0489463806152344 0.0157508850097656 0.0235214233398438 0.0665054321289063
0.0393791198730469 -0.0201072692871094 0.491790771484375 -0.50787353515625
0.00196075439453125 -0.0292377471923828 -0.0546875000000001 -0.91412353515625
-0.0268955230712891 -0.0131568908691406 -0.71575927734375 -0.34698486328125
-0.00125646591186523 0.00639963150024414 -0.53704833984375 0.326019287109375
0.0111083984375 0.0184593200683594 -0.129486083984375 0.468841552734375
-0.000288665294647217 0.000589370727539063 0.206832885742188 0.2703857421875
0.0298309326171875 -0.00960922241210938 0.284759521484375 0.03448486328125
0.0348529815673828 -0.00252723693847656 -0.272262573242188 -0.070709228515625
0.0131607055664062 -0.0105390548706055 -0.141937255859375 -0.29583740234375
0.0224361419677734 0.0103645324707031 0.19171142578125 -0.435455322265625
0.0156688690185547 0.0179443359375 0.6195068359375 -0.245849609375
-0.0213451385498047 -0.00180435180664062 0.6395263671875 0.41119384765625
-0.0249118804931641 -0.0294055938720703 0.07562255859375 0.853271484375
0.0164976119995117 0.00150966644287109 -0.39508056640625 0.538818359375
0.0435066223144531 0.0163421630859375 0.0228843688964844 0.0634765625
0.0345306396484375 -0.0166912078857422 0.4892578125 -0.512603759765625
0.00298309326171875 -0.0202560424804687 -0.0623168945312499 -0.91497802734375
-0.0197029113769531 -0.00360870361328125 -0.71710205078125 -0.338134765625
0.0059208869934082 0.00528526306152344 -0.53448486328125 0.3328857421875
0.0144481658935547 0.0138587951660156 -0.1263427734375 0.471405029296875
-0.000240802764892578 -0.00649452209472656 0.210906982421875 0.26904296875
0.0281581878662109 -0.0131797790527344 0.28546142578125 0.036102294921875
0.0335273742675781 -0.00524711608886719 -0.270782470703125 -0.068267822265625
0.0147476196289062 -0.0195064544677734 -0.137939453125 -0.2972412109375
0.0267200469970703 0.00470924377441406 0.194488525390625 -0.4332275390625
0.0225658416748047 0.0185966491699219 0.6212158203125 -0.242919921875
-0.016230583190918 0.00641441345214843 0.6346435546875 0.415771484375
-0.0222511291503906 -0.0209808349609375 0.06866455078125 0.8533935546875
0.0114717483520508 0.00589752197265625 -0.399139404296875 0.534332275390625
0.0384788513183594 0.01519775390625 0.0270233154296875 0.0615730285644531
0.0305213928222656 -0.0131282806396484 0.489013671875 -0.51611328125
0.00276851654052734 -0.0104742050170898 -0.06591796875 -0.912841796875
-0.0118474960327148 0.00393295288085938 -0.71630859375 -0.3336181640625
0.0137519836425781 0.00515174865722656 -0.5308837890625 0.331878662109375
0.0186614990234375 0.00913429260253906 -0.125457763671875 0.47039794921875
0.000207901000976562 -0.013946533203125 0.211380004882813 0.267959594726563
0.0265617370605469 -0.0167407989501953 0.286285400390625 0.036529541015625
0.0339145660400391 -0.00712013244628906 -0.272216796875 -0.0673980712890625
0.0161361694335938 -0.0260658264160156 -0.13671875 -0.299102783203125
0.0297946929931641 -0.00200843811035156 0.1944580078125 -0.437408447265625
0.0289421081542969 0.0197868347167969 0.6229248046875 -0.24554443359375
-0.010737419128418 0.0146999359130859 0.6365966796875 0.41436767578125
-0.0217094421386719 -0.0125522613525391 0.0699462890624999 0.85357666015625
0.0101385116577148 0.00709247589111328 -0.39581298828125 0.532501220703125
0.03564453125 0.0131607055664063 0.0310707092285156 0.0603599548339844
0.0273571014404297 -0.0131988525390625 0.487213134765625 -0.521636962890625
0.00482082366943359 -0.00434207916259766 -0.0714111328125 -0.917236328125
-0.00491714477539063 0.0118036270141602 -0.71966552734375 -0.33489990234375
0.0199413299560547 0.00521659851074219 -0.53143310546875 0.3321533203125
0.0212268829345703 0.00225257873535156 -0.124603271484375 0.470062255859375
0.00195693969726563 -0.0204372406005859 0.211761474609375 0.265396118164063
0.0257949829101563 -0.0197982788085938 0.284881591796875 0.0380859375
0.0377998352050781 0.0136146545410156 -0.2882080078125 -0.0825500488281251
0.0189094543457031 0.0007171630859375 -0.161346435546875 -0.304718017578125
0.0177268981933594 0.0166378021240234 0.178985595703125 -0.4644775390625
0.00126934051513672 0.0161943435668945 0.6058349609375 -0.29736328125
-0.0330677032470703 -0.0136089324951172 0.64935302734375 0.3658447265625
-0.022705078125 -0.0516357421875 0.112548828125 0.83343505859375
0.0313358306884766 -0.0151309967041016 -0.36578369140625 0.539093017578125
0.0625457763671875 0.0101318359375 0.0390815734863281 0.0683746337890625
0.0510673522949219 -0.0317230224609375 0.516265869140625 -0.513336181640625
0.00649642944335938 -0.0435523986816406 -0.0343017578124999 -0.94384765625
-0.0306663513183594 -0.0200691223144531 -0.71588134765625 -0.393798828125
-0.00872802734375 0.00607061386108399 -0.551971435546875 0.28656005859375
0.00880241394042969 0.0211105346679688 -0.1407470703125 0.44970703125
0.00394582748413086 0.00719070434570313 0.189285278320313 0.262786865234375
0.0305385589599609 0.00671577453613281 0.272048950195313 0.0259857177734375
0.0350284576416016 0.0130672454833984 -0.288421630859375 -0.07879638671875
0.0170059204101563 0.00511455535888672 -0.163055419921875 -0.301177978515625
0.0151157379150391 0.0193042755126953 0.177337646484375 -0.453643798828125
-0.000489234924316407 0.0158061981201172 0.60638427734375 -0.28790283203125
-0.0347137451171875 -0.0177021026611328 0.64312744140625 0.37091064453125
-0.0248794555664063 -0.0550651550292969 0.10064697265625 0.8348388671875
0.0299034118652344 -0.0127086639404297 -0.374542236328125 0.538116455078125
0.0609169006347656 0.0130691528320312 0.0335731506347656 0.0682945251464844
0.0499458312988281 -0.02923583984375 0.515960693359375 -0.5064697265625
0.00336837768554688 -0.0458602905273438 -0.0299682617187501 -0.93206787109375
-0.0338993072509766 -0.0246677398681641 -0.710693359375 -0.38134765625
-0.0112590789794922 0.00507545471191406 -0.549957275390625 0.29559326171875
0.0061798095703125 0.0235805511474609 -0.138397216796875 0.45391845703125
0.00276708602905273 0.00845432281494141 0.196121215820313 0.2650146484375
0.0293903350830078 0.006103515625 0.277389526367188 0.0277557373046875
0.0367355346679687 0.00741195678710937 -0.283538818359375 -0.08050537109375
0.0139293670654297 0.00470352172851563 -0.157318115234375 -0.2994384765625
0.0148487091064453 0.0211315155029297 0.1798095703125 -0.4501953125
-0.000652313232421875 0.0165233612060547 0.61114501953125 -0.2767333984375
-0.0357208251953125 -0.0175704956054688 0.64501953125 0.3831787109375
-0.0242843627929688 -0.0525779724121094 0.1009521484375 0.840576171875
0.0285015106201172 -0.0109348297119141 -0.378875732421875 0.53912353515625
0.0583305358886719 0.0130195617675781 0.0276870727539063 0.0684852600097656
0.0477638244628906 -0.0280799865722656 0.504669189453125 -0.5069580078125
0.00356292724609375 -0.0430755615234375 -0.0413818359375 -0.9285888671875
-0.0345897674560547 -0.0235691070556641 -0.71527099609375 -0.37274169921875
-0.0108318328857422 0.00611495971679687 -0.5469970703125 0.305694580078125
0.00657463073730469 0.0230865478515625 -0.136566162109375 0.460601806640625
0.000720024108886719 0.00971603393554688 0.198348999023438 0.268646240234375
0.0307216644287109 0.00049591064453125 0.280044555664062 0.03057861328125
0.0352096557617188 0.00411605834960938 -0.28076171875 -0.0750732421875
0.0136966705322266 0.00225925445556641 -0.151947021484375 -0.2967529296875
0.0161399841308594 0.0194225311279297 0.185455322265625 -0.441925048828125
0.00257110595703125 0.0153369903564453 0.61279296875 -0.26318359375
-0.0322990417480469 -0.0149269104003906 0.6375732421875 0.39447021484375
-0.0252723693847656 -0.0468978881835938 0.0859985351562499 0.84698486328125
0.0242557525634766 -0.00582122802734375 -0.38848876953125 0.539886474609375
0.0540618896484375 0.0166168212890625 0.0241050720214844 0.0672340393066406
0.0438461303710938 -0.0236892700195313 0.502838134765625 -0.507049560546875
0.00228118896484375 -0.0372695922851563 -0.0416870117187501 -0.920654296875
-0.0313396453857422 -0.0197906494140625 -0.7120361328125 -0.35980224609375
-0.00761604309082031 0.00622749328613281 -0.54217529296875 0.315521240234375
0.00767326354980469 0.0232048034667969 -0.1331787109375 0.464263916015625
-0.000554561614990234 0.00499486923217774 0.203964233398437 0.269363403320313
0.0291481018066406 -0.00274085998535156 0.282623291015625 0.03143310546875
0.0361900329589844 -0.0006256103515625 -0.27569580078125 -0.07574462890625
0.012939453125 -0.00326633453369141 -0.14508056640625 -0.298126220703125
0.0193939208984375 0.0160102844238281 0.188873291015625 -0.438934326171875
0.00850486755371094 0.0160207748413086 0.614990234375 -0.2532958984375
-0.0273952484130859 -0.00881004333496094 0.64056396484375 0.4034423828125
-0.0237655639648438 -0.0389556884765625 0.081787109375 0.8485107421875
0.0211296081542969 -0.00279998779296875 -0.39337158203125 0.540618896484375
0.047943115234375 0.0162239074707031 0.0227279663085938 0.0662040710449219
0.0403594970703125 -0.0211029052734375 0.494354248046875 -0.509918212890625
0.00189399719238281 -0.0298709869384766 -0.0535888671875 -0.91552734375
-0.0267715454101562 -0.0123634338378906 -0.71502685546875 -0.34930419921875
-0.00189924240112305 0.00577831268310547 -0.5391845703125 0.323638916015625
0.0107841491699219 0.0186405181884766 -0.128997802734375 0.46966552734375
-0.00151646137237549 0.00145900249481201 0.206161499023438 0.270736694335938
0.0288543701171875 -0.010040283203125 0.2860107421875 0.03497314453125
0.0353126525878906 -0.00403594970703125 -0.272903442382813 -0.0719146728515625
0.0132331848144531 -0.0110664367675781 -0.14227294921875 -0.296417236328125
0.0219936370849609 0.00984764099121094 0.192779541015625 -0.43603515625
0.0148906707763672 0.017425537109375 0.6197509765625 -0.24664306640625
-0.0219917297363281 -0.00226020812988281 0.63787841796875 0.41143798828125
-0.0235652923583984 -0.03009033203125 0.07476806640625 0.855224609375
0.0158023834228516 0.00167655944824219 -0.3983154296875 0.53839111328125
0.0433120727539063 0.0161819458007813 0.0239028930664062 0.0640678405761719
0.0347347259521484 -0.0176181793212891 0.492401123046875 -0.511566162109375
0.00256538391113281 -0.0194454193115234 -0.0593872070312501 -0.91552734375
-0.0191459655761719 -0.00437545776367187 -0.7171630859375 -0.34075927734375
0.0048985481262207 0.00531435012817383 -0.535858154296875 0.331695556640625
0.0148210525512695 0.013707160949707 -0.12786865234375 0.471099853515625
-0.000576496124267578 -0.00466680526733398 0.210006713867187 0.268508911132813
0.0278606414794922 -0.0135784149169922 0.28680419921875 0.03582763671875
0.0333538055419922 -0.00646400451660156 -0.273086547851563 -0.0697784423828125
0.0153713226318359 -0.0187110900878906 -0.139190673828125 -0.298065185546875
0.0256671905517578 0.00320625305175781 0.195709228515625 -0.43402099609375
0.0219326019287109 0.0187969207763672 0.62188720703125 -0.2437744140625
-0.0155906677246094 0.00557708740234375 0.6329345703125 0.4171142578125
-0.0224819183349609 -0.0205135345458984 0.06500244140625 0.855712890625
0.0116691589355469 0.00628185272216797 -0.400787353515625 0.533935546875
0.0384864807128906 0.015899658203125 0.0269622802734375 0.0620841979980469
0.0303993225097656 -0.0144977569580078 0.490264892578125 -0.515716552734375
0.00398063659667969 -0.010249137878418 -0.064208984375 -0.91522216796875
-0.0120840072631836 0.00412368774414062 -0.71746826171875 -0.33642578125
0.0127143859863281 0.00538921356201172 -0.53302001953125 0.333404541015625
0.0183238983154297 0.00846672058105469 -0.126068115234375 0.470855712890625
0.000846862792968751 -0.0137462615966797 0.211135864257813 0.266921997070313
0.0271530151367187 -0.0175075531005859 0.287017822265625 0.0372314453125
0.0338916778564453 -0.0081787109375 -0.272918701171875 -0.0673065185546876
0.0157623291015625 -0.0262641906738281 -0.136444091796875 -0.300628662109375
0.0300540924072266 -0.00132369995117188 0.195281982421875 -0.43927001953125
0.0290927886962891 0.0192832946777344 0.623291015625 -0.2462158203125
-0.0101404190063477 0.013737678527832 0.634765625 0.415771484375
-0.0206775665283203 -0.0131778717041016 0.0692749023437499 0.8570556640625
0.00990200042724609 0.00687789916992188 -0.39825439453125 0.53338623046875
0.0352973937988281 0.0136566162109375 0.031982421875 0.0610160827636719
0.0270767211914062 -0.0132389068603516 0.4896240234375 -0.521209716796875
0.00486850738525391 -0.00333786010742188 -0.069580078125 -0.91961669921875
-0.00516033172607422 0.0115842819213867 -0.7203369140625 -0.3358154296875
0.0197734832763672 0.00398826599121094 -0.533477783203125 0.33251953125
0.0218048095703125 0.00255775451660156 -0.125762939453125 0.47003173828125
0.00114059448242187 -0.0203208923339844 0.210922241210938 0.264923095703125
0.0261745452880859 -0.0208892822265625 0.28631591796875 0.0386962890625
0.0380706787109375 0.012481689453125 -0.29083251953125 -0.0854797363281249
0.0188217163085938 0.00109481811523438 -0.16253662109375 -0.30584716796875
0.0169477462768555 0.0161237716674805 0.179656982421875 -0.46630859375
0.00113677978515625 0.0149784088134766 0.60870361328125 -0.2994384765625
-0.0335693359375 -0.0140876770019531 0.6505126953125 0.3677978515625
-0.0225181579589844 -0.0521278381347656 0.1102294921875 0.83660888671875
0.0303459167480469 -0.0144100189208984 -0.368560791015625 0.5386962890625
0.0620880126953125 0.0105857849121094 0.0404129028320313 0.068206787109375
0.0507888793945313 -0.0317420959472656 0.519744873046875 -0.51324462890625
0.00591659545898438 -0.0435447692871094 -0.0332641601562499 -0.94549560546875
-0.0314846038818359 -0.0199775695800781 -0.71990966796875 -0.396240234375
-0.00870752334594727 0.00536060333251953 -0.55401611328125 0.288665771484375
0.008575439453125 0.0195255279541016 -0.14105224609375 0.450653076171875
0.00461435317993164 0.00762701034545898 0.190353393554687 0.262954711914063
0.0313510894775391 0.00681114196777344 0.275543212890625 0.0269012451171875
0.0361900329589844 0.0123519897460938 -0.2900390625 -0.07940673828125
0.0170068740844727 0.00521087646484375 -0.162841796875 -0.301727294921875
0.0158042907714844 0.020355224609375 0.178253173828125 -0.456878662109375
-0.000990867614746094 0.0156850814819336 0.60791015625 -0.28955078125
-0.0355720520019531 -0.018524169921875 0.6431884765625 0.3731689453125
-0.0239715576171875 -0.0550346374511719 0.09814453125 0.83697509765625
0.0296592712402344 -0.0128040313720703 -0.378692626953125 0.539581298828125
0.0606460571289063 0.0130996704101563 0.0332069396972656 0.0683670043945313
0.0495071411132813 -0.0288848876953125 0.5184326171875 -0.506378173828125
0.00370407104492188 -0.0459976196289062 -0.0291748046874999 -0.9371337890625
-0.0347099304199219 -0.0238189697265625 -0.7122802734375 -0.38641357421875
-0.010493278503418 0.00524616241455078 -0.55316162109375 0.2952880859375
0.00601577758789062 0.0227165222167969 -0.139404296875 0.454864501953125
0.00166416168212891 0.00909709930419922 0.19683837890625 0.26519775390625
0.0290279388427734 0.00599098205566406 0.280075073242188 0.026275634765625
0.0375785827636719 0.00683212280273438 -0.285980224609375 -0.0809936523437499
0.0144748687744141 0.005462646484375 -0.15777587890625 -0.30145263671875
0.0155086517333984 0.0210475921630859 0.181640625 -0.453765869140625
-0.000506401062011717 0.0157861709594727 0.6121826171875 -0.27850341796875
-0.0358009338378906 -0.0179557800292969 0.645263671875 0.3837890625
-0.0242271423339844 -0.0526161193847656 0.0986328125 0.843017578125
0.0286216735839844 -0.0108528137207031 -0.3824462890625 0.540924072265625
0.0584564208984375 0.0130195617675781 0.0282974243164063 0.0684089660644531
0.0477104187011719 -0.0284042358398437 0.507965087890625 -0.509185791015625
0.00370407104492187 -0.0440406799316406 -0.03997802734375 -0.932861328125
-0.0350971221923828 -0.0228900909423828 -0.71826171875 -0.37322998046875
-0.0109415054321289 0.00497341156005859 -0.54876708984375 0.307830810546875
0.00674629211425782 0.0231285095214844 -0.137969970703125 0.463226318359375
0.000411987304687499 0.00937938690185547 0.198776245117188 0.268783569335938
0.0303554534912109 0.0002593994140625 0.282073974609375 0.030120849609375
0.0365524291992188 0.002685546875 -0.2822265625 -0.07635498046875
0.0136280059814453 0.00216102600097656 -0.1529541015625 -0.299041748046875
0.0162467956542969 0.0197906494140625 0.18524169921875 -0.44464111328125
0.0020456314086914 0.0142049789428711 0.6146240234375 -0.26727294921875
-0.0330104827880859 -0.0159263610839844 0.6414794921875 0.3963623046875
-0.0247840881347656 -0.0471000671386719 0.0849609375000001 0.85040283203125
0.0259628295898438 -0.006866455078125 -0.392791748046875 0.541046142578125
0.0527076721191406 0.0157241821289063 0.0239448547363281 0.068206787109375
0.0434761047363281 -0.0247879028320313 0.506622314453125 -0.507843017578125
0.0012664794921875 -0.0367240905761719 -0.0414428710937499 -0.9246826171875
-0.0321693420410156 -0.0200042724609375 -0.71441650390625 -0.36553955078125
-0.0080723762512207 0.00480175018310547 -0.54461669921875 0.3160400390625
0.00809288024902344 0.0223751068115234 -0.134979248046875 0.4669189453125
-0.000740528106689453 0.00617504119873047 0.205322265625 0.26953125
0.0292835235595703 -0.00384140014648437 0.285308837890625 0.032135009765625
0.0356712341308594 -0.00158309936523438 -0.278671264648437 -0.0753021240234375
0.0117406845092773 -0.00366592407226563 -0.14642333984375 -0.2982177734375
0.0187206268310547 0.0148830413818359 0.188568115234375 -0.43963623046875
0.00745773315429687 0.0160684585571289 0.6175537109375 -0.25634765625
-0.0281105041503906 -0.00960350036621094 0.6407470703125 0.40509033203125
-0.0235519409179687 -0.039093017578125 0.0799560546875 0.851806640625
0.0206623077392578 -0.00206184387207031 -0.39483642578125 0.53912353515625
0.0478363037109375 0.0175514221191406 0.0226249694824219 0.0654067993164063
0.0392646789550781 -0.0216903686523437 0.49810791015625 -0.50927734375
0.00241470336914063 -0.0302181243896484 -0.052001953125 -0.9217529296875
-0.0268058776855469 -0.0120067596435547 -0.7177734375 -0.35089111328125
-0.0015869140625 0.00562572479248047 -0.541748046875 0.325164794921875
0.0100231170654297 0.0190982818603516 -0.131988525390625 0.47186279296875
-0.00145018100738525 0.000641822814941406 0.206924438476563 0.27178955078125
0.0293922424316406 -0.00971603393554688 0.28753662109375 0.034912109375
0.03521728515625 -0.00487899780273438 -0.276275634765625 -0.0710906982421875
0.0129413604736328 -0.0121526718139648 -0.143218994140625 -0.298858642578125
0.0225982666015625 0.009918212890625 0.19287109375 -0.43902587890625
0.0145502090454102 0.0167722702026367 0.62060546875 -0.2476806640625
-0.0223827362060547 -0.00142288208007813 0.6370849609375 0.41363525390625
-0.0224971771240234 -0.0296249389648438 0.0721435546875 0.8587646484375
0.0165920257568359 0.00145626068115234 -0.402496337890625 0.537567138671875
0.0423774719238281 0.0160675048828125 0.0241584777832031 0.0639801025390625
0.0348415374755859 -0.0177249908447266 0.49420166015625 -0.5118408203125
0.00290870666503906 -0.0200672149658203 -0.0593872070312499 -0.91973876953125
-0.0194034576416016 -0.00415611267089844 -0.72003173828125 -0.34185791015625
0.00530338287353516 0.00459671020507813 -0.538909912109375 0.33233642578125
0.0148248672485352 0.0131998062133789 -0.12786865234375 0.47369384765625
-0.000762939453125 -0.00595235824584961 0.209945678710938 0.269989013671875
0.0291080474853516 -0.0153026580810547 0.28839111328125 0.03668212890625
0.03448486328125 -0.00647926330566406 -0.275558471679688 -0.0694732666015625
0.0142612457275391 -0.0190086364746094 -0.138427734375 -0.300750732421875
0.0250797271728516 0.00458717346191406 0.1944580078125 -0.4368896484375
0.0231113433837891 0.0182571411132813 0.62353515625 -0.244873046875
-0.016326904296875 0.00644207000732422 0.63262939453125 0.42022705078125
-0.0215778350830078 -0.019683837890625 0.0640869140625 0.85931396484375
0.0119714736938477 0.00609779357910156 -0.40484619140625 0.533050537109375
0.0380058288574219 0.0154609680175781 0.0268974304199219 0.0629234313964844
0.0301628112792969 -0.0147476196289062 0.492950439453125 -0.515472412109375
0.00328540802001953 -0.0107564926147461 -0.06402587890625 -0.91900634765625
-0.012537956237793 0.00487136840820312 -0.720458984375 -0.33843994140625
0.0140933990478516 0.00520133972167969 -0.5361328125 0.331756591796875
0.0182552337646484 0.00816154479980469 -0.126983642578125 0.472503662109375
0.00042724609375 -0.0133094787597656 0.211273193359375 0.2684326171875
0.026611328125 -0.0187301635742188 0.289154052734375 0.0377197265625
0.0341606140136719 -0.00905418395996094 -0.27398681640625 -0.068389892578125
0.0160694122314453 -0.0274486541748047 -0.138275146484375 -0.3028564453125
0.0301895141601563 -0.00239181518554688 0.194976806640625 -0.44256591796875
0.0273799896240234 0.0198554992675781 0.6259765625 -0.24853515625
-0.0108060836791992 0.0137853622436523 0.6361083984375 0.4197998046875
-0.0205783843994141 -0.0123863220214844 0.0648803710937501 0.85888671875
0.0091705322265625 0.00804805755615235 -0.4007568359375 0.53302001953125
0.0351085662841797 0.0135040283203125 0.0310554504394531 0.0612297058105469
0.0269088745117188 -0.0137062072753906 0.4927978515625 -0.521240234375
0.00508260726928711 -0.00293493270874023 -0.0701904296875 -0.92352294921875
-0.00456905364990234 0.0129022598266602 -0.72406005859375 -0.33880615234375
0.0194606781005859 0.0039215087890625 -0.5357666015625 0.33404541015625
0.0215320587158203 0.00255584716796875 -0.1260986328125 0.471954345703125
0.00192832946777344 -0.0196361541748047 0.210739135742188 0.266265869140625
0.0254344940185547 -0.02093505859375 0.288055419921875 0.03912353515625
0.0373191833496094 0.0122451782226563 -0.29315185546875 -0.085418701171875
0.0182094573974609 0.000577926635742188 -0.164764404296875 -0.307861328125
0.0169277191162109 0.0161848068237305 0.17926025390625 -0.469207763671875
0.00108528137207031 0.0159130096435547 0.61181640625 -0.30120849609375
-0.0342826843261719 -0.0141773223876953 0.65277099609375 0.36907958984375
-0.022796630859375 -0.0510520935058594 0.11053466796875 0.84063720703125
0.0303211212158203 -0.0147151947021484 -0.371307373046875 0.541595458984375
0.0617904663085938 0.0105247497558594 0.0392875671386719 0.0687179565429688
0.0508346557617188 -0.0327415466308594 0.5238037109375 -0.515777587890625
0.00679397583007812 -0.0438423156738281 -0.0330200195312499 -0.952392578125
-0.0322589874267578 -0.0207252502441406 -0.720703125 -0.3985595703125
-0.00821304321289063 0.0043034553527832 -0.55645751953125 0.2911376953125
0.00961685180664063 0.0189037322998047 -0.1412353515625 0.453582763671875
0.00489044189453125 0.00781917572021484 0.191452026367188 0.264739990234375
0.0298061370849609 0.00561141967773438 0.277755737304688 0.025787353515625
0.0361557006835938 0.0119209289550781 -0.29248046875 -0.08056640625
0.0172328948974609 0.00389957427978516 -0.163665771484375 -0.303680419921875
0.0146312713623047 0.0205612182617188 0.177703857421875 -0.459686279296875
-0.00112724304199219 0.0150318145751953 0.61053466796875 -0.2935791015625
-0.0369491577148438 -0.0188331604003906 0.6484375 0.37298583984375
-0.0240020751953125 -0.0536651611328125 0.0954589843750001 0.84307861328125
0.0309009552001953 -0.0126876831054687 -0.38232421875 0.539947509765625
0.0612068176269531 0.0136833190917969 0.0339126586914063 0.0683097839355469
0.0498924255371094 -0.0306930541992188 0.523101806640625 -0.5089111328125
0.00341796875 -0.0450859069824219 -0.0297851562499999 -0.94061279296875
-0.0347137451171875 -0.0243911743164063 -0.71600341796875 -0.3861083984375
-0.0121526718139648 0.00516796112060547 -0.555908203125 0.296173095703125
0.00697517395019531 0.0216846466064453 -0.13958740234375 0.4571533203125
0.00201511383056641 0.00932025909423828 0.198715209960937 0.266387939453125
0.028839111328125 0.00553131103515625 0.282379150390625 0.026947021484375
0.0373725891113281 0.0061187744140625 -0.288055419921875 -0.082122802734375
0.0148649215698242 0.00413131713867188 -0.15838623046875 -0.303558349609375
0.0160236358642578 0.0210590362548828 0.18157958984375 -0.456634521484375
-0.00047779083251953 0.0146102905273438 0.6134033203125 -0.2806396484375
-0.0356369018554688 -0.0185165405273437 0.64862060546875 0.38543701171875
-0.0239524841308594 -0.0538177490234375 0.09759521484375 0.84808349609375
0.0284938812255859 -0.0106067657470703 -0.385467529296875 0.542938232421875
0.0580940246582031 0.0148124694824219 0.029083251953125 0.0691680908203125
0.0473518371582031 -0.0296287536621094 0.5135498046875 -0.509521484375
0.00337982177734375 -0.0439987182617188 -0.0390014648437501 -0.93603515625
-0.0350208282470703 -0.0238113403320313 -0.720947265625 -0.37591552734375
-0.0110702514648438 0.0052032470703125 -0.55401611328125 0.307891845703125
0.00712966918945312 0.0225124359130859 -0.137054443359375 0.465850830078125
0.000344276428222657 0.00966453552246094 0.2001953125 0.2698974609375
0.0303573608398438 -0.000944137573242188 0.284942626953125 0.0306396484375
0.0363578796386719 0.0026702880859375 -0.285797119140625 -0.07635498046875
0.0134401321411133 0.00162220001220703 -0.154571533203125 -0.300201416015625
0.0162582397460938 0.0197525024414062 0.1842041015625 -0.44781494140625
0.00184440612792969 0.0153141021728516 0.6162109375 -0.26861572265625
-0.0336284637451172 -0.0156574249267578 0.64111328125 0.39801025390625
-0.0248222351074219 -0.0470352172851563 0.0831298828125 0.85345458984375
0.0257606506347656 -0.00622940063476563 -0.394134521484375 0.54290771484375
0.0529365539550781 0.0158042907714844 0.0248527526855469 0.0672073364257813
0.044830322265625 -0.0237960815429688 0.510406494140625 -0.508453369140625
0.00168991088867188 -0.0375328063964844 -0.0405273437500001 -0.93011474609375
-0.0333347320556641 -0.0197410583496094 -0.71954345703125 -0.366455078125
-0.0072488784790039 0.00510025024414063 -0.549072265625 0.3160400390625
0.00690650939941406 0.0222721099853516 -0.13525390625 0.468658447265625
8.91685485839847E-05 0.00483846664428711 0.2056884765625 0.268966674804688
0.0285606384277344 -0.00338554382324219 0.28729248046875 0.0313720703125
0.035675048828125 -0.0036773681640625 -0.280502319335938 -0.0756835937499999
0.0134096145629883 -0.00363540649414062 -0.149017333984375 -0.301177978515625
0.0190715789794922 0.0158042907714844 0.18878173828125 -0.444488525390625
0.00773334503173828 0.0157041549682617 0.61981201171875 -0.25958251953125
-0.0291576385498047 -0.00949668884277344 0.642333984375 0.4051513671875
-0.0235824584960938 -0.0394248962402344 0.0781250000000001 0.8572998046875
0.0207481384277344 -0.00223159790039062 -0.397186279296875 0.542083740234375
0.0473670959472656 0.0150604248046875 0.0237617492675781 0.0672988891601563
0.0395584106445313 -0.0220794677734375 0.501129150390625 -0.511566162109375
0.003143310546875 -0.029022216796875 -0.05181884765625 -0.9246826171875
-0.02886962890625 -0.0128173828125 -0.72064208984375 -0.353515625
-0.00172042846679688 0.0049128532409668 -0.545135498046875 0.326141357421875
0.0114326477050781 0.0183773040771484 -0.131927490234375 0.4732666015625
-0.00181102752685547 0.00158751010894775 0.208145141601563 0.271942138671875
0.0299015045166016 -0.0107975006103516 0.289154052734375 0.035614013671875
0.0360946655273438 -0.00577163696289063 -0.278167724609375 -0.0722198486328125
0.013545036315918 -0.0112056732177734 -0.14508056640625 -0.30035400390625
0.0223121643066406 0.0104236602783203 0.19305419921875 -0.442352294921875
0.0143222808837891 0.0167646408081055 0.6229248046875 -0.2515869140625
-0.0236225128173828 -0.00323295593261719 0.64117431640625 0.41534423828125
-0.0227603912353516 -0.0293045043945313 0.0708007812499999 0.86376953125
0.0163812637329102 0.00325775146484375 -0.404541015625 0.53759765625
0.0423393249511719 0.016632080078125 0.0236892700195313 0.0650634765625
0.0347461700439453 -0.0185012817382813 0.4976806640625 -0.513671875
0.00372886657714844 -0.0193443298339844 -0.0614013671874999 -0.9228515625
-0.0205307006835938 -0.00348281860351563 -0.7237548828125 -0.34564208984375
0.00540018081665039 0.00442171096801758 -0.541748046875 0.334808349609375
0.0153350830078125 0.0134592056274414 -0.12835693359375 0.47613525390625
-0.00138330459594727 -0.00630998611450195 0.212020874023438 0.271148681640625
0.0287876129150391 -0.0152912139892578 0.291778564453125 0.03656005859375
0.0347995758056641 -0.00760459899902344 -0.276947021484375 -0.0706634521484375
0.0127201080322266 -0.0199031829833984 -0.140533447265625 -0.301483154296875
0.0256767272949219 0.00460052490234375 0.19598388671875 -0.439971923828125
0.0218124389648438 0.016937255859375 0.62628173828125 -0.24847412109375
-0.0166635513305664 0.00537490844726562 0.63763427734375 0.4205322265625
-0.0212249755859375 -0.0207939147949219 0.0617675781250001 0.86309814453125
0.0127191543579102 0.00606536865234375 -0.40667724609375 0.534454345703125
0.0377044677734375 0.0159149169921875 0.0275230407714844 0.0620880126953125
0.0305423736572266 -0.0154838562011719 0.497528076171875 -0.51806640625
0.00369644165039062 -0.0108232498168945 -0.0626831054687501 -0.9228515625
-0.0119724273681641 0.00509166717529297 -0.723876953125 -0.340087890625
0.0126228332519531 0.00361251831054687 -0.539703369140625 0.336395263671875
0.0184059143066406 0.00859832763671875 -0.128692626953125 0.474456787109375
-0.000586509704589844 -0.0138607025146484 0.213394165039062 0.268661499023438
0.0262584686279297 -0.0186386108398438 0.2913818359375 0.037322998046875
0.0341129302978516 -0.0104866027832031 -0.275909423828125 -0.0689544677734376
0.0156230926513672 -0.0274639129638672 -0.13897705078125 -0.3043212890625
0.0294761657714844 -0.001373291015625 0.1954345703125 -0.44537353515625
0.0283203125 0.019287109375 0.62701416015625 -0.251220703125
-0.0102100372314453 0.0133190155029297 0.6387939453125 0.4200439453125
-0.0194110870361328 -0.0130252838134766 0.0652465820312499 0.864501953125
0.00932216644287109 0.008636474609375 -0.403533935546875 0.533416748046875
0.0336875915527344 0.0135669708251953 0.0308685302734375 0.0617866516113281
0.026031494140625 -0.0148105621337891 0.497467041015625 -0.523101806640625
0.00552177429199219 -0.00258111953735352 -0.0706176757812499 -0.9271240234375
-0.00550079345703125 0.0122060775756836 -0.72650146484375 -0.3404541015625
0.0195522308349609 0.00411605834960938 -0.538421630859375 0.3355712890625
0.0218505859375 0.00243759155273438 -0.127349853515625 0.474761962890625
0.0016021728515625 -0.0197219848632813 0.212539672851562 0.266693115234375
0.0259838104248047 -0.0217266082763672 0.291595458984375 0.03887939453125
0.0387382507324219 0.0109291076660156 -0.297454833984375 -0.08624267578125
0.0185966491699219 0.00161933898925781 -0.16650390625 -0.310028076171875
0.0163402557373047 0.0162649154663086 0.17852783203125 -0.475311279296875
0.000549316406249999 0.0155954360961914 0.6138916015625 -0.30731201171875
-0.0342559814453125 -0.0150070190429688 0.6568603515625 0.369873046875
-0.0218849182128906 -0.0520896911621094 0.11163330078125 0.845703125
0.0313949584960938 -0.0137996673583984 -0.373046875 0.544525146484375
0.0610618591308594 0.01171875 0.0407333374023438 0.0690116882324219
0.0498695373535156 -0.0329856872558594 0.5263671875 -0.5174560546875
0.00647354125976562 -0.0441932678222656 -0.0350952148437501 -0.9580078125
-0.0322055816650391 -0.0204086303710938 -0.727783203125 -0.3990478515625
-0.00991630554199219 0.00460910797119141 -0.5618896484375 0.2911376953125
0.0100860595703125 0.0195350646972656 -0.141815185546875 0.457550048828125
0.00392770767211914 0.00836324691772461 0.191909790039062 0.26580810546875
0.0301322937011719 0.00362777709960937 0.280136108398438 0.0261077880859375
0.0368919372558594 0.0105705261230469 -0.296295166015625 -0.07989501953125
0.016850471496582 0.00383853912353516 -0.165863037109375 -0.305633544921875
0.0144462585449219 0.0201225280761719 0.17724609375 -0.464599609375
-0.00139141082763672 0.0158929824829102 0.6121826171875 -0.2977294921875
-0.0365371704101563 -0.0199508666992187 0.65179443359375 0.37506103515625
-0.0236549377441406 -0.0541572570800781 0.0992431640624999 0.84820556640625
0.0300998687744141 -0.0109310150146484 -0.382659912109375 0.543670654296875
0.0603446960449219 0.0140151977539063 0.0345687866210938 0.0691719055175781
0.0482139587402344 -0.0311126708984375 0.526123046875 -0.511322021484375
0.00460433959960938 -0.0461502075195313 -0.0283813476562501 -0.9461669921875
-0.0349178314208984 -0.0235500335693359 -0.72271728515625 -0.38818359375
-0.0119409561157227 0.00415515899658203 -0.5599365234375 0.29925537109375
0.00726890563964844 0.0232715606689453 -0.140167236328125 0.462158203125
0.00221729278564453 0.00962924957275391 0.199447631835937 0.267410278320313
0.0295600891113281 0.00408363342285156 0.284515380859375 0.0269775390625
0.0380630493164063 0.00499725341796875 -0.29217529296875 -0.0816650390625001
0.0141839981079102 0.00488090515136719 -0.160614013671875 -0.305877685546875
0.0152683258056641 0.0213909149169922 0.18017578125 -0.460205078125
-0.001312255859375 0.0147781372070313 0.61669921875 -0.2867431640625
-0.0368309020996094 -0.018157958984375 0.65234375 0.3885498046875
-0.0240020751953125 -0.0537490844726563 0.0989990234375 0.85504150390625
0.0287094116210938 -0.00979804992675781 -0.387725830078125 0.544097900390625
0.0583648681640625 0.0141677856445313 0.0288543701171875 0.0694046020507813
0.0472145080566406 -0.0305519104003906 0.5157470703125 -0.5133056640625
0.00359725952148438 -0.0437774658203125 -0.0419921875000001 -0.94232177734375
-0.035430908203125 -0.0235252380371094 -0.7264404296875 -0.37860107421875
-0.01141357421875 0.00400352478027343 -0.555999755859375 0.310791015625
0.00686454772949219 0.023773193359375 -0.138916015625 0.46929931640625
-9.0599060058594E-05 0.00977706909179687 0.201690673828125 0.270477294921875
0.0302658081054688 -0.00106620788574219 0.287445068359375 0.030029296875
0.037078857421875 0.00193405151367188 -0.28839111328125 -0.07659912109375
0.0127754211425781 0.00102615356445313 -0.156768798828125 -0.301727294921875
0.0161304473876953 0.0190544128417969 0.18389892578125 -0.451507568359375
0.00205898284912109 0.0153894424438477 0.61968994140625 -0.27325439453125
-0.0345211029052734 -0.0160980224609375 0.6453857421875 0.40057373046875
-0.023834228515625 -0.0474967956542969 0.0845336914062499 0.85931396484375
0.0255107879638672 -0.0050811767578125 -0.397491455078125 0.543609619140625
0.0530471801757813 0.0154838562011719 0.0257911682128906 0.0674858093261719
0.0432777404785156 -0.0258369445800781 0.513763427734375 -0.510162353515625
0.00240325927734375 -0.0383491516113281 -0.0429077148437501 -0.935791015625
-0.0327587127685547 -0.0194911956787109 -0.723388671875 -0.3675537109375
-0.00784730911254883 0.00440073013305664 -0.552459716796875 0.320037841796875
0.0086517333984375 0.0217037200927734 -0.135040283203125 0.472137451171875
-0.00076913833618164 0.00653839111328125 0.207260131835938 0.2703857421875
0.0294055938720703 -0.005340576171875 0.290557861328125 0.0308837890625
0.0365676879882813 -0.00392913818359375 -0.2838134765625 -0.07635498046875
0.0125522613525391 -0.00331783294677734 -0.1510009765625 -0.30303955078125
0.0182914733886719 0.0155525207519531 0.18756103515625 -0.448394775390625
0.00697612762451172 0.0149173736572266 0.622802734375 -0.263427734375
-0.0298347473144531 -0.0109233856201172 0.64703369140625 0.40899658203125
-0.02294921875 -0.0395584106445313 0.0786132812500001 0.86181640625
0.0214576721191406 -0.000909805297851563 -0.401397705078125 0.543182373046875
0.0468788146972656 0.0168685913085938 0.0229148864746094 0.0661125183105469
0.0390396118164063 -0.0232391357421875 0.50494384765625 -0.512603759765625
0.00320625305175782 -0.0307407379150391 -0.05224609375 -0.92999267578125
-0.0282611846923828 -0.0122795104980469 -0.726806640625 -0.3543701171875
-0.00201988220214844 0.00450325012207031 -0.548797607421875 0.329742431640625
0.0105266571044922 0.0177974700927734 -0.13177490234375 0.476318359375
-0.00180816650390625 0.000821113586425781 0.210220336914063 0.2738037109375
0.0282077789306641 -0.0113887786865234 0.292327880859375 0.034149169921875
0.0361671447753906 -0.00713348388671875 -0.281280517578125 -0.0724487304687499
0.0127029418945312 -0.011754035949707 -0.146820068359375 -0.30340576171875
0.0219936370849609 0.0102252960205078 0.193084716796875 -0.44561767578125
0.0138750076293945 0.0158710479736328 0.62774658203125 -0.25579833984375
-0.0236530303955078 -0.00267219543457031 0.6441650390625 0.4176025390625
-0.0220355987548828 -0.0299396514892578 0.0711669921875 0.86761474609375
0.0164995193481445 0.00318050384521484 -0.406768798828125 0.541168212890625
0.0422630310058594 0.0161972045898438 0.0244636535644531 0.064208984375
0.0338630676269531 -0.0183029174804687 0.503448486328125 -0.516876220703125
0.00264739990234375 -0.0196857452392578 -0.0612182617187499 -0.92987060546875
-0.0200138092041016 -0.00371170043945313 -0.73046875 -0.3465576171875
0.00447845458984375 0.00394487380981445 -0.545867919921875 0.337646484375
0.0141286849975586 0.0138101577758789 -0.1292724609375 0.479095458984375
-0.00118827819824219 -0.00551843643188477 0.214645385742187 0.272308349609375
0.028533935546875 -0.0164203643798828 0.29400634765625 0.036376953125
0.0358619689941406 -0.00870132446289062 -0.2808837890625 -0.0701446533203125
0.0141506195068359 -0.0203590393066406 -0.142791748046875 -0.30377197265625
0.0258903503417969 0.0040283203125 0.194580078125 -0.445037841796875
0.0219821929931641 0.0175094604492188 0.62890625 -0.2520751953125
-0.0174064636230469 0.00514125823974609 0.64080810546875 0.423583984375
-0.0205726623535156 -0.0201416015625 0.0625610351562499 0.86895751953125
0.0123472213745117 0.00664997100830078 -0.410430908203125 0.537750244140625
0.0372810363769531 0.0160903930664063 0.0275421142578125 0.0633544921875
0.0300273895263672 -0.0160884857177734 0.502044677734375 -0.521148681640625
0.00359916687011719 -0.0102748870849609 -0.065673828125 -0.9293212890625
-0.0128183364868164 0.00510597229003906 -0.72943115234375 -0.3419189453125
0.012725830078125 0.00371932983398438 -0.541656494140625 0.33831787109375
0.0184249877929688 0.00853347778320313 -0.12744140625 0.478302001953125
-0.00105953216552734 -0.013178825378418 0.215179443359375 0.269927978515625
0.0269107818603516 -0.0198440551757813 0.2945556640625 0.037353515625
0.0348758697509766 -0.0113716125488281 -0.280532836914063 -0.0692901611328125
0.0156574249267578 -0.0271110534667969 -0.141143798828125 -0.306793212890625
0.0294437408447266 -0.00193977355957031 0.19598388671875 -0.4493408203125
0.0280647277832031 0.0187549591064453 0.63006591796875 -0.25469970703125
-0.011591911315918 0.0133304595947266 0.6419677734375 0.42071533203125
-0.0191001892089844 -0.0125465393066406 0.0640869140625001 0.8682861328125
0.00946426391601563 0.00830936431884766 -0.40716552734375 0.53759765625
0.0333919525146484 0.0135726928710937 0.031982421875 0.0614395141601563
0.0257701873779297 -0.0153865814208984 0.499969482421875 -0.526458740234375
0.00509023666381836 -0.00303745269775391 -0.07110595703125 -0.9339599609375
-0.00541877746582031 0.0129508972167969 -0.732177734375 -0.341552734375
0.0193805694580078 0.00340461730957031 -0.54150390625 0.337646484375
0.0222949981689453 0.0023193359375 -0.1282958984375 0.47808837890625
0.0011138916015625 -0.0200119018554688 0.215179443359375 0.2686767578125
0.0255870819091797 -0.0228195190429688 0.293426513671875 0.038726806640625
0.0393104553222656 0.00933837890625 -0.300811767578125 -0.085693359375
0.0182075500488281 0.000856399536132813 -0.169677734375 -0.31268310546875
0.0175914764404297 0.0164108276367188 0.177215576171875 -0.48004150390625
0.000288963317871093 0.0152101516723633 0.61590576171875 -0.31280517578125
-0.0359382629394531 -0.0148658752441406 0.66339111328125 0.37103271484375
-0.021820068359375 -0.0523643493652344 0.1141357421875 0.85186767578125
0.0314559936523438 -0.0138988494873047 -0.37652587890625 0.546722412109375
0.0617256164550781 0.0107231140136719 0.0414848327636719 0.0693473815917969
0.0491828918457031 -0.0343780517578125 0.529998779296875 -0.522735595703125
0.00574111938476563 -0.044342041015625 -0.0376586914062501 -0.96484375
-0.0315895080566406 -0.0199985504150391 -0.73492431640625 -0.40087890625
-0.0100135803222656 0.00476646423339844 -0.5650634765625 0.295654296875
0.00867652893066407 0.0195159912109375 -0.142364501953125 0.4605712890625
0.00403308868408203 0.00754308700561523 0.194961547851563 0.26629638671875
0.0301895141601562 0.00380516052246094 0.284332275390625 0.025848388671875
0.0365180969238281 0.00884246826171875 -0.2994384765625 -0.080352783203125
0.0163087844848633 0.0037994384765625 -0.169342041015625 -0.308502197265625
0.0144176483154297 0.0200996398925781 0.1767578125 -0.469818115234375
-0.00202655792236328 0.0146570205688477 0.61370849609375 -0.30145263671875
-0.0386848449707031 -0.02020263671875 0.65606689453125 0.376220703125
-0.0236358642578125 -0.053955078125 0.10003662109375 0.854736328125
0.0303993225097656 -0.0121021270751953 -0.386199951171875 0.5467529296875
0.0601806640625 0.0141258239746094 0.03564453125 0.0689163208007812
0.0483360290527344 -0.0318374633789063 0.530303955078125 -0.516448974609375
0.00338363647460938 -0.0460014343261719 -0.0322875976562499 -0.95367431640625
-0.0357513427734375 -0.0248603820800781 -0.7269287109375 -0.39056396484375
-0.0120077133178711 0.00438117980957031 -0.56256103515625 0.30401611328125
0.00639152526855469 0.0233364105224609 -0.139862060546875 0.46490478515625
0.00171852111816406 0.0095367431640625 0.202194213867187 0.268218994140625
0.0289592742919922 0.00419235229492188 0.28790283203125 0.025238037109375
0.0383224487304688 0.00426101684570313 -0.295013427734375 -0.0816650390625
0.0149650573730469 0.00424003601074219 -0.164459228515625 -0.307647705078125
0.0149192810058594 0.0211372375488281 0.179412841796875 -0.465789794921875
-0.00218677520751953 0.0146970748901367 0.6195068359375 -0.29071044921875
-0.0380935668945312 -0.0195159912109375 0.657470703125 0.38714599609375
-0.022613525390625 -0.053436279296875 0.0997924804687501 0.86077880859375
0.0290584564208984 -0.00975418090820313 -0.38861083984375 0.54998779296875
0.0577125549316406 0.0142097473144531 0.0297584533691406 0.0693855285644531
0.0473289489746094 -0.0307731628417969 0.519500732421875 -0.518463134765625
0.003204345703125 -0.0442657470703125 -0.04400634765625 -0.94805908203125
-0.0358734130859375 -0.0226554870605469 -0.732421875 -0.37908935546875
-0.0117597579956055 0.0037078857421875 -0.560516357421875 0.314300537109375
0.00729179382324219 0.0229606628417969 -0.1383056640625 0.4742431640625
0.000230789184570314 0.00994205474853516 0.203414916992188 0.271682739257813
0.0290813446044922 -0.00238037109375 0.290740966796875 0.02880859375
0.0357131958007813 0.00104904174804688 -0.29193115234375 -0.074737548828125
0.0135993957519531 0.000667572021484375 -0.1605224609375 -0.304351806640625
0.0152835845947266 0.0200748443603516 0.183258056640625 -0.456787109375
0.00171375274658203 0.0138273239135742 0.62127685546875 -0.27783203125
-0.0348644256591797 -0.016693115234375 0.65167236328125 0.401123046875
-0.0233345031738281 -0.0474929809570313 0.0843505859374999 0.86651611328125
0.0257854461669922 -0.00513458251953125 -0.400634765625 0.54791259765625
0.0534629821777344 0.0172004699707031 0.0259475708007813 0.0675392150878906
0.0424995422363281 -0.0254364013671875 0.517578125 -0.5174560546875
0.00234222412109375 -0.0377769470214844 -0.0436401367187501 -0.94146728515625
-0.0341224670410156 -0.0191383361816406 -0.730712890625 -0.36871337890625
-0.00857734680175781 0.00434589385986328 -0.55615234375 0.323760986328125
0.00819206237792969 0.0222854614257813 -0.1368408203125 0.4771728515625
-0.0012812614440918 0.00618934631347656 0.210418701171875 0.270919799804688
0.0287361145019531 -0.00638771057128906 0.293914794921875 0.031036376953125
0.0377540588378906 -0.00445175170898438 -0.2874755859375 -0.076751708984375
0.0120563507080078 -0.00477409362792969 -0.15386962890625 -0.30511474609375
0.0184364318847656 0.0163993835449219 0.186309814453125 -0.453094482421875
0.00586795806884766 0.0147256851196289 0.6270751953125 -0.26922607421875
-0.0293903350830078 -0.0112705230712891 0.649658203125 0.4093017578125
-0.0227584838867187 -0.0395965576171875 0.07977294921875 0.8671875
0.0210247039794922 -0.00180435180664063 -0.40252685546875 0.54718017578125
0.0471420288085938 0.016632080078125 0.0238914489746094 0.0665397644042969
0.0379714965820313 -0.0233497619628906 0.507049560546875 -0.518096923828125
0.00222015380859375 -0.0304889678955078 -0.0567626953125 -0.9378662109375
-0.0266914367675781 -0.0118217468261719 -0.73297119140625 -0.35760498046875
-0.00386476516723633 0.00456380844116211 -0.55224609375 0.333282470703125
0.0112705230712891 0.0187091827392578 -0.1307373046875 0.48077392578125
-0.0015709400177002 0.00107383728027344 0.211227416992188 0.273681640625
0.0283565521240234 -0.0135421752929687 0.297149658203125 0.033660888671875
0.0369720458984375 -0.00846481323242188 -0.285552978515625 -0.071868896484375
0.0119724273681641 -0.0124187469482422 -0.149078369140625 -0.304412841796875
0.0220069885253906 0.0107936859130859 0.190887451171875 -0.450836181640625
0.0135307312011719 0.0152864456176758 0.62841796875 -0.262451171875
-0.0246334075927734 -0.00299453735351563 0.6495361328125 0.4178466796875
-0.0224170684814453 -0.0300502777099609 0.0726318359375 0.8743896484375
0.0172023773193359 0.00334262847900391 -0.409332275390625 0.5452880859375
0.0412025451660156 0.0169792175292969 0.02490234375 0.0648155212402344
0.0337657928466797 -0.020660400390625 0.504669189453125 -0.5223388671875
0.00266647338867188 -0.0210552215576172 -0.06201171875 -0.93536376953125
-0.0210437774658203 -0.00382041931152344 -0.73529052734375 -0.34796142578125
0.00472879409790039 0.00341558456420898 -0.548065185546875 0.3406982421875
0.0148324966430664 0.0140447616577148 -0.13006591796875 0.483673095703125
-0.00126028060913086 -0.00537300109863281 0.216705322265625 0.27117919921875
0.0279865264892578 -0.0171012878417969 0.296875 0.035614013671875
0.0361671447753906 -0.009857177734375 -0.284149169921875 -0.0694580078125
0.0138988494873047 -0.0205783843994141 -0.14508056640625 -0.30712890625
0.0255298614501953 0.00477027893066406 0.194244384765625 -0.45062255859375
0.0213413238525391 0.0169410705566406 0.63153076171875 -0.25689697265625
-0.0178375244140625 0.00519371032714844 0.64434814453125 0.4246826171875
-0.0210037231445312 -0.0201148986816406 0.0648193359375 0.8753662109375
0.011591911315918 0.00770092010498047 -0.41290283203125 0.54058837890625
0.0362396240234375 0.0156402587890625 0.0280609130859375 0.0629539489746094
0.0285434722900391 -0.0161876678466797 0.5052490234375 -0.526702880859375
0.00369071960449219 -0.0105695724487305 -0.06787109375 -0.9366455078125
-0.0130176544189453 0.00476837158203125 -0.735595703125 -0.3411865234375
0.0125865936279297 0.00325107574462891 -0.544586181640625 0.340789794921875
0.0189304351806641 0.00863838195800781 -0.127227783203125 0.4837646484375
-4.76837158203098E-06 -0.0142450332641602 0.2178955078125 0.2698974609375
0.0257911682128906 -0.0207901000976562 0.297576904296875 0.03680419921875
0.03582763671875 -0.0128898620605469 -0.2830810546875 -0.06866455078125
0.0148258209228516 -0.0275535583496094 -0.14361572265625 -0.309173583984375
0.0309028625488281 -0.00159645080566406 0.194091796875 -0.455230712890625
0.0274372100830078 0.0176753997802734 0.63201904296875 -0.259521484375
-0.0125541687011719 0.0128097534179688 0.6485595703125 0.42291259765625
-0.0188941955566406 -0.0126667022705078 0.065673828125 0.8748779296875
0.00950241088867188 0.00817203521728515 -0.407806396484375 0.54034423828125
0.0333099365234375 0.0140171051025391 0.03253173828125 0.062103271484375
0.0264377593994141 -0.016510009765625 0.503631591796875 -0.531097412109375
0.00483894348144531 -0.00348043441772461 -0.0731811523437501 -0.94061279296875
-0.00598907470703125 0.0131902694702148 -0.73919677734375 -0.34417724609375
0.0185718536376953 0.00341987609863281 -0.54620361328125 0.34136962890625
0.0228691101074219 0.00251007080078125 -0.127197265625 0.482208251953125
0.00132560729980469 -0.0201835632324219 0.217361450195312 0.268447875976563
0.0261745452880859 -0.0241889953613281 0.296539306640625 0.0379638671875
0.0395355224609375 0.0089874267578125 -0.3052978515625 -0.0852355957031251
0.0187644958496094 0.000207901000976563 -0.173187255859375 -0.314666748046875
0.0170402526855469 0.0169744491577148 0.175323486328125 -0.486114501953125
-9.15527343749994E-05 0.0146970748901367 0.61859130859375 -0.318603515625
-0.0366668701171875 -0.0161933898925781 0.67095947265625 0.36993408203125
-0.0212631225585937 -0.0530471801757813 0.11651611328125 0.85992431640625
0.0320911407470703 -0.0134525299072266 -0.377655029296875 0.55413818359375
0.0621719360351562 0.0104255676269531 0.0424308776855469 0.069488525390625
0.04986572265625 -0.0344696044921875 0.53277587890625 -0.52899169921875
0.0054168701171875 -0.0457000732421875 -0.0423583984375001 -0.971435546875
-0.0335731506347656 -0.0196208953857422 -0.7432861328125 -0.40185546875
-0.0101947784423828 0.00385665893554688 -0.56915283203125 0.30029296875
0.0100803375244141 0.0196666717529297 -0.14227294921875 0.4654541015625
0.00419378280639649 0.00853347778320313 0.197174072265625 0.26666259765625
0.0309810638427734 0.00353050231933594 0.287506103515625 0.02349853515625
0.0376968383789062 0.00841903686523438 -0.304229736328125 -0.07928466796875
0.0164995193481445 0.00406932830810547 -0.173065185546875 -0.31024169921875
0.0144691467285156 0.0205574035644531 0.17462158203125 -0.475341796875
-0.00276374816894531 0.0141057968139648 0.616943359375 -0.30950927734375
-0.0384635925292969 -0.0202522277832031 0.6611328125 0.3763427734375
-0.0237770080566406 -0.0545883178710938 0.103271484375 0.860595703125
0.0311393737792969 -0.0105876922607422 -0.387115478515625 0.550994873046875
0.0599327087402344 0.0146217346191406 0.0358123779296875 0.070404052734375
0.0476646423339844 -0.0328903198242188 0.533782958984375 -0.52044677734375
0.0029754638671875 -0.045440673828125 -0.0368652343750001 -0.96160888671875
-0.0364952087402344 -0.0231437683105469 -0.7353515625 -0.3896484375
-0.0125236511230469 0.0035400390625 -0.5662841796875 0.30780029296875
0.00684547424316406 0.0234203338623047 -0.139892578125 0.469390869140625
0.00159835815429688 0.00947189331054688 0.204147338867187 0.269256591796875
0.0279808044433594 0.00250434875488281 0.29022216796875 0.024505615234375
0.0394935607910156 0.00281524658203125 -0.299835205078125 -0.079986572265625
0.0140447616577148 0.00409317016601563 -0.168060302734375 -0.30963134765625
0.0147895812988281 0.0220050811767578 0.17742919921875 -0.472259521484375
-0.00224208831787109 0.0138921737670898 0.62103271484375 -0.29815673828125
-0.038177490234375 -0.0191574096679688 0.66455078125 0.388427734375
-0.0229644775390625 -0.0539016723632812 0.102294921875 0.8670654296875
0.0288047790527344 -0.00984001159667969 -0.39117431640625 0.55419921875
0.0582160949707031 0.0143890380859375 0.0306510925292969 0.0690460205078125
0.0462379455566406 -0.0316505432128906 0.521881103515625 -0.523712158203125
0.0040283203125 -0.0441970825195312 -0.0484008789062501 -0.95556640625
-0.0361480712890625 -0.0224838256835938 -0.74127197265625 -0.37847900390625
-0.0137004852294922 0.00476646423339844 -0.5640869140625 0.320556640625
0.0076904296875 0.0238857269287109 -0.1376953125 0.47723388671875
0.000192642211914062 0.0099935531616211 0.206253051757812 0.27264404296875
0.0296630859375 -0.00379180908203125 0.2940673828125 0.027008056640625
0.0375251770019531 -0.00048065185546875 -0.296630859375 -0.076019287109375
0.0120134353637695 0.00174903869628906 -0.1627197265625 -0.305938720703125
0.01593017578125 0.0191364288330078 0.181915283203125 -0.4630126953125
0.00115585327148438 0.0147686004638672 0.6239013671875 -0.28485107421875
-0.0354995727539063 -0.0181045532226563 0.65643310546875 0.39996337890625
-0.0223197937011719 -0.0483245849609375 0.08734130859375 0.8731689453125
0.0266056060791016 -0.00493049621582031 -0.401763916015625 0.55316162109375
0.0537223815917969 0.0167808532714844 0.0272026062011719 0.0674629211425781
0.0431327819824219 -0.0262069702148438 0.521148681640625 -0.522216796875
0.001953125 -0.03790283203125 -0.05108642578125 -0.94964599609375
-0.0342235565185547 -0.0193901062011719 -0.737548828125 -0.36859130859375
-0.00927162170410156 0.00425815582275391 -0.5601806640625 0.32904052734375
0.00850677490234375 0.0221767425537109 -0.135284423828125 0.480499267578125
-0.000780582427978516 0.00679349899291992 0.213150024414063 0.273712158203125
0.0291786193847656 -0.00734519958496094 0.297332763671875 0.02972412109375
0.03802490234375 -0.00603103637695312 -0.29156494140625 -0.07562255859375
0.0116605758666992 -0.0045928955078125 -0.156982421875 -0.306793212890625
0.0191764831542969 0.0161628723144531 0.18670654296875 -0.4598388671875
0.00605869293212891 0.0141525268554688 0.62823486328125 -0.27337646484375
-0.0302810668945313 -0.0112133026123047 0.657470703125 0.40863037109375
-0.0228118896484375 -0.0403251647949219 0.0841064453125001 0.87591552734375
0.0210857391357422 -0.000911712646484375 -0.404937744140625 0.55145263671875
0.0467453002929688 0.0171089172363281 0.0250511169433594 0.0667877197265625
0.037078857421875 -0.0247383117675781 0.510772705078125 -0.523040771484375
0.00231742858886719 -0.0301780700683594 -0.0618896484375 -0.94415283203125
-0.0275592803955078 -0.0119266510009766 -0.74017333984375 -0.354736328125
-0.00439310073852539 0.00280475616455078 -0.555419921875 0.33905029296875
0.0118007659912109 0.0179386138916016 -0.132904052734375 0.48663330078125
-0.000694513320922851 0.00207459926605225 0.21563720703125 0.274810791015625
0.0285301208496094 -0.0134201049804688 0.2999267578125 0.03265380859375
0.037078857421875 -0.00904464721679688 -0.288909912109375 -0.0708618164062501
0.012364387512207 -0.0127573013305664 -0.15234375 -0.30767822265625
0.0224552154541016 0.00981330871582031 0.18841552734375 -0.457366943359375
0.0130300521850586 0.0141782760620117 0.632080078125 -0.26898193359375
-0.0242500305175781 -0.00427055358886719 0.65673828125 0.4189453125
-0.0214004516601563 -0.0302467346191406 0.074462890625 0.8834228515625
0.0168743133544922 0.00337791442871094 -0.4112548828125 0.54986572265625
0.0411300659179687 0.0173225402832031 0.0263175964355469 0.0652427673339844
0.0337314605712891 -0.0210285186767578 0.5089111328125 -0.5267333984375
0.00328254699707031 -0.0210399627685547 -0.06744384765625 -0.945068359375
-0.0217914581298828 -0.00332832336425781 -0.744140625 -0.3455810546875
0.00423336029052734 0.0030817985534668 -0.55218505859375 0.346588134765625
0.0153369903564453 0.0143022537231445 -0.127838134765625 0.487457275390625
-0.000851154327392578 -0.00521564483642578 0.218658447265625 0.272872924804688
0.0273761749267578 -0.0187244415283203 0.30157470703125 0.03485107421875
0.0361328125 -0.0122604370117188 -0.288665771484375 -0.0693359375
0.0146350860595703 -0.0210590362548828 -0.14813232421875 -0.30902099609375
0.0253734588623047 0.00376129150390625 0.193206787109375 -0.45654296875
0.0207729339599609 0.0159740447998047 0.63519287109375 -0.26361083984375
-0.0189914703369141 0.00417900085449218 0.65277099609375 0.423095703125
-0.0194988250732422 -0.0206050872802734 0.0667724609375 0.882568359375
0.0130805969238281 0.00727558135986328 -0.413818359375 0.545562744140625
0.0362052917480469 0.0167427062988281 0.0291976928710937 0.0636062622070313
0.0284004211425781 -0.0170764923095703 0.50799560546875 -0.531768798828125
0.00342941284179688 -0.0120992660522461 -0.0728149414062499 -0.9443359375
-0.0125980377197266 0.005401611328125 -0.74395751953125 -0.3428955078125
0.0123577117919922 0.00275802612304688 -0.54840087890625 0.347442626953125
0.0195236206054688 0.00745010375976563 -0.126708984375 0.4874267578125
-0.001190185546875 -0.0141763687133789 0.2208251953125 0.270584106445313
0.0263595581054687 -0.0220298767089844 0.301361083984375 0.035614013671875
0.0356903076171875 -0.0145683288574219 -0.28704833984375 -0.06817626953125
0.0141391754150391 -0.0283203125 -0.146881103515625 -0.312347412109375
0.0302028656005859 -0.00195121765136719 0.19256591796875 -0.460479736328125
0.0282840728759766 0.0179862976074219 0.635498046875 -0.2662353515625
-0.0129327774047852 0.0128984451293945 0.65570068359375 0.42291259765625
-0.0184211730957031 -0.0124111175537109 0.06964111328125 0.8809814453125
0.00997638702392578 0.00856876373291016 -0.410308837890625 0.54541015625
0.0338897705078125 0.0136260986328125 0.0340652465820312 0.0616798400878906
0.0247611999511719 -0.0161838531494141 0.504913330078125 -0.535247802734375
0.00568580627441406 -0.00349283218383789 -0.0786132812499999 -0.94732666015625
-0.00577831268310547 0.0134305953979492 -0.7454833984375 -0.3438720703125
0.0188236236572266 0.00367927551269531 -0.54949951171875 0.34686279296875
0.0225505828857422 0.0023193359375 -0.1263427734375 0.487701416015625
0.000984191894531249 -0.0201492309570313 0.220443725585938 0.269744873046875
0.0256290435791016 -0.0244712829589844 0.300628662109375 0.0374755859375
0.0394630432128906 0.00833892822265625 -0.309783935546875 -0.0837097167968749
0.018280029296875 0.000738143920898437 -0.177581787109375 -0.317779541015625
0.0168094635009766 0.0166835784912109 0.171966552734375 -0.493377685546875
-0.00133514404296875 0.0139589309692383 0.62109375 -0.327880859375
-0.0376052856445313 -0.0154571533203125 0.6766357421875 0.368408203125
-0.0210685729980469 -0.0535850524902344 0.121337890625 0.865234375
0.0310020446777344 -0.0137062072753906 -0.377777099609375 0.558013916015625
0.0612144470214844 0.0109977722167969 0.0431709289550781 0.0692863464355469
0.0488739013671875 -0.0362777709960937 0.53387451171875 -0.5361328125
0.00563430786132812 -0.0450668334960938 -0.04852294921875 -0.981201171875
-0.0335655212402344 -0.0196132659912109 -0.753662109375 -0.40057373046875
-0.0109090805053711 0.00424003601074219 -0.5731201171875 0.3072509765625
0.0100059509277344 0.0197772979736328 -0.139404296875 0.471954345703125
0.00342941284179688 0.00789260864257813 0.201080322265625 0.267684936523438
0.0308170318603516 0.00177383422851562 0.29046630859375 0.02227783203125
0.0390167236328125 0.00700759887695313 -0.308441162109375 -0.0775756835937499
0.0166225433349609 0.00334358215332031 -0.1773681640625 -0.31170654296875
0.0156879425048828 0.0209407806396484 0.17156982421875 -0.482940673828125
-0.00288486480712891 0.0140676498413086 0.6202392578125 -0.3160400390625
-0.0396080017089844 -0.0215835571289063 0.6695556640625 0.37451171875
-0.0231094360351562 -0.0557022094726562 0.10821533203125 0.86761474609375
0.0316600799560547 -0.0118217468261719 -0.3890380859375 0.5577392578125
0.0599288940429688 0.0139808654785156 0.036529541015625 0.0684356689453125
0.046844482421875 -0.033355712890625 0.5355224609375 -0.529327392578125
0.0037078857421875 -0.0464439392089844 -0.043701171875 -0.97003173828125
-0.0373878479003906 -0.0250930786132812 -0.744140625 -0.389404296875
-0.0127420425415039 0.00404739379882812 -0.5709228515625 0.31512451171875
0.00746726989746094 0.0229167938232422 -0.137725830078125 0.475189208984375
0.00147819519042969 0.0106267929077148 0.20843505859375 0.27093505859375
0.0289192199707031 0.00188255310058594 0.294891357421875 0.02142333984375
0.0391998291015625 0.00116348266601563 -0.3043212890625 -0.0790100097656251
0.0134735107421875 0.00512504577636719 -0.170745849609375 -0.31256103515625
0.0157432556152344 0.0222721099853516 0.174530029296875 -0.478240966796875
-0.00317478179931641 0.0131950378417969 0.6259765625 -0.30657958984375
-0.0399093627929688 -0.0197372436523438 0.67169189453125 0.38641357421875
-0.0236129760742188 -0.0544166564941406 0.10784912109375 0.875
0.0299053192138672 -0.0105533599853516 -0.392059326171875 0.5601806640625
0.0583572387695313 0.0138206481933594 0.0313644409179688 0.0692634582519531
0.0455780029296875 -0.0327186584472656 0.525299072265625 -0.52996826171875
0.0018310546875 -0.04522705078125 -0.05718994140625 -0.96478271484375
-0.0373115539550781 -0.022369384765625 -0.751220703125 -0.37750244140625
-0.0135402679443359 0.0034332275390625 -0.5672607421875 0.32659912109375
0.00747489929199218 0.0245265960693359 -0.136383056640625 0.48291015625
0.000454902648925782 0.0105504989624023 0.210205078125 0.274093627929688
0.0302276611328125 -0.00353431701660156 0.29840087890625 0.02496337890625
0.0379371643066406 -0.00151443481445313 -0.300628662109375 -0.073455810546875
0.011866569519043 0.000787734985351563 -0.16754150390625 -0.30877685546875
0.0156841278076172 0.0195503234863281 0.179718017578125 -0.4697265625
0.000854492187499999 0.0128793716430664 0.62738037109375 -0.29449462890625
-0.0373039245605469 -0.0173263549804688 0.6644287109375 0.398681640625
-0.02349853515625 -0.0477027893066406 0.09466552734375 0.8809814453125
0.0264606475830078 -0.004486083984375 -0.40386962890625 0.55712890625
0.0526390075683594 0.0172233581542969 0.02899169921875 0.06890869140625
0.0421867370605469 -0.0282974243164062 0.522369384765625 -0.5291748046875
0.00172042846679688 -0.0389938354492188 -0.0549316406250001 -0.95709228515625
-0.0347900390625 -0.0191516876220703 -0.7471923828125 -0.36639404296875
-0.00841331481933594 0.00374841690063476 -0.56207275390625 0.33575439453125
0.00867652893066406 0.0224437713623047 -0.132781982421875 0.486328125
-0.000982761383056641 0.00813961029052734 0.216201782226563 0.27276611328125
0.0296306610107422 -0.00869560241699219 0.301483154296875 0.026611328125
0.0377998352050781 -0.0071563720703125 -0.2965087890625 -0.073516845703125
0.0117416381835938 -0.00403594970703125 -0.16107177734375 -0.308319091796875
0.0189151763916016 0.0155715942382813 0.183349609375 -0.4666748046875
0.00675678253173828 0.013392448425293 0.63104248046875 -0.283447265625
-0.0322093963623047 -0.0112590789794922 0.6673583984375 0.4078369140625
-0.0217857360839844 -0.0395011901855469 0.0899658203124999 0.88385009765625
0.0227584838867188 -0.000719070434570312 -0.40679931640625 0.557281494140625
0.0471763610839844 0.0170097351074219 0.0258522033691406 0.0671577453613281
0.0371017456054688 -0.0244560241699219 0.51336669921875 -0.53167724609375
0.00262260437011719 -0.0308856964111328 -0.0684204101562499 -0.9532470703125
-0.0288352966308594 -0.0108509063720703 -0.75 -0.35394287109375
-0.00336623191833496 0.00365161895751953 -0.558837890625 0.346771240234375
0.0116748809814453 0.0193462371826172 -0.129150390625 0.49151611328125
-0.00115513801574707 0.00210952758789063 0.219009399414063 0.274444580078125
0.0286273956298828 -0.0146942138671875 0.3040771484375 0.03167724609375
0.0365447998046875 -0.0103225708007813 -0.294097900390625 -0.0697326660156251
0.0120477676391602 -0.0130367279052734 -0.15753173828125 -0.309967041015625
0.0221786499023438 0.0101642608642578 0.18701171875 -0.463897705078125
0.0131387710571289 0.0146083831787109 0.63427734375 -0.2762451171875
-0.0257720947265625 -0.00368118286132813 0.66314697265625 0.41729736328125
-0.0206470489501953 -0.0299263000488281 0.08013916015625 0.88836669921875
0.0185966491699219 0.00360298156738281 -0.41143798828125 0.558197021484375
0.0406112670898438 0.0172576904296875 0.0268478393554688 0.0641746520996094
0.0328617095947266 -0.0213108062744141 0.510223388671875 -0.53399658203125
0.00196456909179688 -0.0214595794677734 -0.07476806640625 -0.95166015625
-0.0220947265625 -0.00285530090332032 -0.75262451171875 -0.34515380859375
0.0042722225189209 0.00384998321533203 -0.555694580078125 0.354034423828125
0.0148134231567383 0.0150384902954102 -0.126068115234375 0.494049072265625
-0.00116062164306641 -0.00603771209716797 0.221954345703125 0.27398681640625
0.0276470184326172 -0.0180225372314453 0.3056640625 0.0311279296875
0.0364952087402344 -0.0133476257324219 -0.293121337890625 -0.068084716796875
0.0130081176757813 -0.0219230651855469 -0.1533203125 -0.311126708984375
0.0262413024902344 0.00403785705566406 0.190338134765625 -0.462066650390625
0.02056884765625 0.0178165435791016 0.63812255859375 -0.271484375
-0.0190563201904297 0.00403404235839844 0.65869140625 0.4217529296875
-0.0194187164306641 -0.0200538635253906 0.0724487304687499 0.89007568359375
0.0138216018676758 0.00791358947753906 -0.414520263671875 0.551971435546875
0.037139892578125 0.0156936645507812 0.0296287536621094 0.0633392333984375
0.0273704528808594 -0.0182418823242188 0.508575439453125 -0.538543701171875
0.00250244140625 -0.0113334655761719 -0.0819091796875 -0.95050048828125
-0.0136728286743164 0.00542449951171875 -0.7532958984375 -0.33917236328125
0.0126981735229492 0.00198459625244141 -0.552032470703125 0.355865478515625
0.019927978515625 0.00761604309082031 -0.12542724609375 0.494049072265625
-0.000989913940429688 -0.0131731033325195 0.225296020507813 0.271728515625
0.0258903503417969 -0.0227909088134766 0.30450439453125 0.033203125
0.0369377136230469 -0.0154228210449219 -0.29241943359375 -0.066650390625
0.013427734375 -0.0278511047363281 -0.15234375 -0.3145751953125
0.0306720733642578 -0.00329971313476562 0.190338134765625 -0.466583251953125
0.0269489288330078 0.0175323486328125 0.63818359375 -0.27606201171875
-0.0134763717651367 0.0125255584716797 0.66259765625 0.4227294921875
-0.0183506011962891 -0.0126495361328125 0.0738525390624999 0.88787841796875
0.0100908279418945 0.00959491729736328 -0.41265869140625 0.551300048828125
0.0333766937255859 0.0141181945800781 0.0340385437011719 0.06170654296875
0.0245876312255859 -0.017791748046875 0.50732421875 -0.54412841796875
0.00514411926269531 -0.00365495681762695 -0.0852661132812501 -0.95672607421875
-0.00584888458251953 0.0131330490112305 -0.7554931640625 -0.34112548828125
0.0186653137207031 0.00266265869140625 -0.554656982421875 0.353759765625
0.0237216949462891 0.00214576721191406 -0.12335205078125 0.492431640625
0.00126457214355469 -0.0195217132568359 0.224166870117187 0.269882202148437
0.0248966217041016 -0.0258712768554688 0.30450439453125 0.035369873046875
0.0400886535644531 0.00608444213867188 -0.314666748046875 -0.081329345703125
0.0177803039550781 -0.000570297241210937 -0.1829833984375 -0.31915283203125
0.0173683166503906 0.0171575546264648 0.16912841796875 -0.50030517578125
-0.00109291076660156 0.0143241882324219 0.62158203125 -0.33648681640625
-0.0389633178710938 -0.0167694091796875 0.68536376953125 0.36553955078125
-0.0213966369628906 -0.0528564453125 0.129638671875 0.87225341796875
0.0313758850097656 -0.0131683349609375 -0.37689208984375 0.56536865234375
0.0610580444335938 0.0114707946777344 0.0446701049804688 0.0697555541992187
0.0476417541503906 -0.0370254516601563 0.536407470703125 -0.546234130859375
0.00490951538085937 -0.0450286865234375 -0.05755615234375 -0.987548828125
-0.0340576171875 -0.0193138122558594 -0.76214599609375 -0.39715576171875
-0.0112457275390625 0.00353622436523437 -0.57672119140625 0.3154296875
0.0105304718017578 0.0203533172607422 -0.137451171875 0.477874755859375
0.00364589691162109 0.00893783569335938 0.205535888671875 0.268508911132813
0.0311622619628906 0.00212287902832031 0.29498291015625 0.019195556640625
0.0390281677246094 0.0063323974609375 -0.31268310546875 -0.0750122070312501
0.0159282684326172 0.0030059814453125 -0.18304443359375 -0.314605712890625
0.01470947265625 0.0213146209716797 0.169219970703125 -0.4898681640625
-0.00414466857910156 0.0130395889282227 0.62176513671875 -0.32623291015625
-0.0415153503417969 -0.0206947326660156 0.6783447265625 0.37213134765625
-0.023773193359375 -0.0555305480957031 0.11602783203125 0.873779296875
0.0315780639648438 -0.0117893218994141 -0.38751220703125 0.56622314453125
0.0598602294921875 0.0147285461425781 0.0374870300292969 0.069488525390625
0.0464706420898438 -0.0340385437011719 0.537139892578125 -0.538818359375
0.00302886962890625 -0.0472373962402344 -0.0516357421875 -0.97589111328125
-0.0386085510253906 -0.0232582092285156 -0.755615234375 -0.3868408203125
-0.0134420394897461 0.00322437286376953 -0.573974609375 0.32330322265625
0.00719070434570313 0.0231895446777344 -0.134674072265625 0.481109619140625
0.00193309783935547 0.00994586944580078 0.212265014648437 0.269088745117187
0.0292987823486328 0.00107192993164063 0.29937744140625 0.019317626953125
0.0401382446289063 0.0004425048828125 -0.3096923828125 -0.0766601562499999
0.0132026672363281 0.00421714782714844 -0.1766357421875 -0.314178466796875
0.0158214569091797 0.0212364196777344 0.17138671875 -0.486602783203125
-0.00350379943847656 0.0135307312011719 0.6265869140625 -0.3155517578125
-0.0401229858398438 -0.0204887390136719 0.6800537109375 0.38409423828125
-0.0235671997070312 -0.0540504455566406 0.1153564453125 0.88140869140625
0.0300121307373047 -0.0102043151855469 -0.3917236328125 0.56597900390625
0.0574798583984375 0.0147857666015625 0.0331001281738281 0.0695724487304688
0.0454788208007813 -0.0330390930175781 0.52496337890625 -0.538330078125
0.001708984375 -0.0447845458984375 -0.0646362304687499 -0.97247314453125
-0.0385284423828125 -0.0226249694824219 -0.760009765625 -0.37615966796875
-0.0135860443115234 0.00389862060546875 -0.5712890625 0.33502197265625
0.00802230834960938 0.0234260559082031 -0.133209228515625 0.48968505859375
-0.000183105468749999 0.0105485916137695 0.215576171875 0.274017333984375
0.0292873382568359 -0.00486564636230469 0.30218505859375 0.02301025390625
0.0379600524902344 -0.00304031372070313 -0.305633544921875 -0.07110595703125
0.0120763778686523 0.0010986328125 -0.171966552734375 -0.310546875
0.0165042877197266 0.0202808380126953 0.176666259765625 -0.476348876953125
0.000345230102539063 0.0136175155639648 0.62921142578125 -0.3016357421875
-0.037933349609375 -0.0177078247070312 0.675537109375 0.39593505859375
-0.0237159729003906 -0.0486679077148438 0.1009521484375 0.887939453125
0.0268840789794922 -0.00520896911621094 -0.402587890625 0.56549072265625
0.0529365539550781 0.0171661376953125 0.0278549194335938 0.0682716369628906
0.0415916442871094 -0.028289794921875 0.52392578125 -0.538299560546875
0.000522613525390628 -0.0383758544921875 -0.065673828125 -0.9656982421875
-0.0355339050292969 -0.0181655883789062 -0.757568359375 -0.36572265625
-0.00954914093017578 0.00328540802001953 -0.56573486328125 0.3428955078125
0.00931167602539063 0.0221977233886719 -0.13018798828125 0.491729736328125
-0.00173473358154297 0.00651359558105469 0.221282958984375 0.273452758789063
0.0288219451904297 -0.00795173645019531 0.3048095703125 0.0250244140625
0.0384902954101563 -0.00873565673828125 -0.301239013671875 -0.07196044921875
0.0104608535766602 -0.00398635864257813 -0.166473388671875 -0.312530517578125
0.0188922882080078 0.0159053802490234 0.178863525390625 -0.471649169921875
0.00556850433349609 0.0135955810546875 0.6336669921875 -0.292724609375
-0.0329627990722656 -0.0111255645751953 0.6739501953125 0.40478515625
-0.0225334167480469 -0.0401039123535156 0.09490966796875 0.890380859375
0.0214881896972656 -0.00057220458984375 -0.40728759765625 0.5654296875
0.0470733642578125 0.0173759460449219 0.0267257690429687 0.0668411254882813
0.0369606018066406 -0.025604248046875 0.514129638671875 -0.53839111328125
0.00264358520507812 -0.0309925079345703 -0.07684326171875 -0.9593505859375
-0.0288467407226562 -0.0109653472900391 -0.76080322265625 -0.34942626953125
-0.00398755073547363 0.00219392776489258 -0.5614013671875 0.35406494140625
0.0120716094970703 0.0185585021972656 -0.1256103515625 0.497528076171875
-0.00135469436645508 0.00166630744934082 0.223480224609375 0.274307250976563
0.0284843444824219 -0.0149326324462891 0.30780029296875 0.0284423828125
0.0374870300292969 -0.0117378234863281 -0.29913330078125 -0.067138671875
0.0117177963256836 -0.012669563293457 -0.16278076171875 -0.31231689453125
0.0228328704833984 0.0096588134765625 0.1844482421875 -0.470947265625
0.0129899978637695 0.0137042999267578 0.63787841796875 -0.286865234375
-0.0264701843261719 -0.00400543212890625 0.673828125 0.4156494140625
-0.0211296081542969 -0.0306072235107422 0.08746337890625 0.896484375
0.0184173583984375 0.0039215087890625 -0.411376953125 0.563232421875
0.0413131713867188 0.017120361328125 0.0281333923339844 0.064300537109375
0.0321197509765625 -0.0214691162109375 0.510498046875 -0.544219970703125
0.00214958190917969 -0.0209999084472656 -0.083984375 -0.95965576171875
-0.0219783782958984 -0.00249481201171875 -0.76165771484375 -0.34161376953125
0.00368046760559082 0.00240683555603027 -0.559112548828125 0.3623046875
0.0163984298706055 0.0137214660644531 -0.12384033203125 0.499664306640625
-0.00185298919677734 -0.0056915283203125 0.22747802734375 0.274139404296875
0.0269451141357422 -0.0200328826904297 0.3092041015625 0.028961181640625
0.0364761352539063 -0.0147933959960938 -0.298065185546875 -0.065704345703125
0.0120525360107422 -0.0220603942871094 -0.158172607421875 -0.3138427734375
0.0264320373535156 0.00309562683105469 0.186859130859375 -0.469696044921875
0.0202980041503906 0.0162506103515625 0.63848876953125 -0.27984619140625
-0.0192184448242188 0.00401496887207031 0.66943359375 0.42236328125
-0.0193424224853516 -0.0204620361328125 0.0795288085937501 0.89892578125
0.0128097534179688 0.00781440734863281 -0.415435791015625 0.560150146484375
0.036773681640625 0.0165557861328125 0.0307464599609375 0.0628890991210938
0.0273971557617188 -0.0191440582275391 0.509613037109375 -0.5465087890625
0.00414466857910156 -0.0106477737426758 -0.08770751953125 -0.95721435546875
-0.013361930847168 0.00626277923583984 -0.76202392578125 -0.33795166015625
0.0122995376586914 0.00226593017578125 -0.5550537109375 0.361480712890625
0.0204524993896484 0.00727653503417969 -0.121490478515625 0.497772216796875
-0.000934600830078126 -0.0131721496582031 0.229049682617188 0.273040771484375
0.0253677368164062 -0.0233097076416016 0.3094482421875 0.030364990234375
0.0361137390136719 -0.0160903930664063 -0.296875 -0.064697265625
0.0135726928710937 -0.0291271209716797 -0.15594482421875 -0.31610107421875
0.0306110382080078 -0.00363922119140625 0.18719482421875 -0.47479248046875
0.0275173187255859 0.0164031982421875 0.64044189453125 -0.28472900390625
-0.0131330490112305 0.0126399993896484 0.669677734375 0.42034912109375
-0.0175971984863281 -0.0129718780517578 0.0817871093749999 0.89715576171875
0.0106687545776367 0.00937938690185547 -0.41192626953125 0.5589599609375
0.0328521728515625 0.0141220092773438 0.03497314453125 0.0610237121582031
0.0244960784912109 -0.0181827545166016 0.507568359375 -0.55291748046875
0.00578451156616211 -0.00300073623657227 -0.0943603515624999 -0.96295166015625
-0.00509738922119141 0.0141925811767578 -0.76641845703125 -0.3375244140625
0.0187625885009766 0.00164794921875 -0.55499267578125 0.361663818359375
0.0237083435058594 0.00192832946777344 -0.120269775390625 0.499053955078125
0.000295639038085936 -0.0201644897460938 0.227890014648438 0.270126342773438
0.0246067047119141 -0.0266284942626953 0.308013916015625 0.03228759765625
0.0392570495605469 0.00538253784179688 -0.318939208984375 -0.078948974609375
0.018585205078125 0.00018310546875 -0.188873291015625 -0.32049560546875
0.0175142288208008 0.0165281295776367 0.163177490234375 -0.50653076171875
-0.00229740142822266 0.01300048828125 0.62213134765625 -0.3482666015625
-0.0390167236328125 -0.0167922973632813 0.69549560546875 0.36083984375
-0.0221633911132813 -0.0546417236328125 0.1385498046875 0.87908935546875
0.0322551727294922 -0.0134620666503906 -0.37432861328125 0.57147216796875
0.0603294372558594 0.0106658935546875 0.0460739135742188 0.0680198669433594
0.0475425720214844 -0.038482666015625 0.53729248046875 -0.553955078125
0.00533676147460937 -0.0461196899414062 -0.0679931640625 -0.99517822265625
-0.0341091156005859 -0.0189628601074219 -0.77520751953125 -0.394775390625
-0.0106592178344727 0.00351428985595703 -0.5787353515625 0.3245849609375
0.0102825164794922 0.0203952789306641 -0.13323974609375 0.483612060546875
0.00382614135742188 0.00882911682128906 0.209747314453125 0.267990112304688
0.0299091339111328 0.000379562377929688 0.29779052734375 0.0155029296875
0.0382843017578125 0.00392913818359375 -0.318267822265625 -0.0726318359375
0.0161218643188477 0.00331783294677734 -0.18841552734375 -0.315948486328125
0.0159111022949219 0.0204124450683594 0.162261962890625 -0.4970703125
-0.00477504730224609 0.0146389007568359 0.62261962890625 -0.337646484375
-0.0417213439941406 -0.0207176208496094 0.6868896484375 0.367919921875
-0.0235443115234375 -0.05615234375 0.12261962890625 0.8809814453125
0.0322093963623047 -0.0117263793945312 -0.38653564453125 0.5723876953125
0.0601959228515625 0.0146255493164063 0.0393943786621094 0.0688819885253906
0.0457344055175781 -0.0352821350097656 0.537933349609375 -0.546844482421875
0.00211715698242187 -0.0471038818359375 -0.0609741210937501 -0.98486328125
-0.0380668640136719 -0.0227508544921875 -0.7662353515625 -0.3836669921875
-0.0139484405517578 0.00280189514160156 -0.57537841796875 0.3323974609375
0.00864601135253906 0.0235919952392578 -0.1307373046875 0.485504150390625
0.00167751312255859 0.0104732513427734 0.218353271484375 0.269287109375
0.029876708984375 0.000293731689453125 0.3028564453125 0.015472412109375
0.0394439697265625 -0.000339508056640625 -0.313629150390625 -0.07476806640625
0.0135622024536133 0.00393581390380859 -0.182830810546875 -0.315399169921875
0.0160102844238281 0.0215625762939453 0.166229248046875 -0.493743896484375
-0.00422096252441406 0.013371467590332 0.6263427734375 -0.326416015625
-0.0422821044921875 -0.0200996398925781 0.68853759765625 0.38092041015625
-0.0237503051757812 -0.0544624328613281 0.12548828125 0.88824462890625
0.0306053161621094 -0.0101356506347656 -0.3902587890625 0.57421875
0.0577354431152344 0.0147018432617188 0.0342178344726563 0.0691719055175781
0.0448455810546875 -0.0338096618652344 0.524810791015625 -0.5484619140625
0.001220703125 -0.0462684631347656 -0.07373046875 -0.97833251953125
-0.0391273498535156 -0.0217437744140625 -0.77197265625 -0.37042236328125
-0.0134735107421875 0.00315284729003906 -0.573486328125 0.34368896484375
0.00868797302246094 0.0242366790771484 -0.12933349609375 0.496307373046875
2.95639038085945E-05 0.0113811492919922 0.219635009765625 0.272720336914063
0.0296630859375 -0.0054931640625 0.30657958984375 0.01959228515625
0.0379219055175781 -0.00400924682617188 -0.310394287109375 -0.069183349609375
0.0117311477661133 -0.000288009643554688 -0.17779541015625 -0.3111572265625
0.0163898468017578 0.0192737579345703 0.1712646484375 -0.483917236328125
-0.000394821166992187 0.0133390426635742 0.62908935546875 -0.31329345703125
-0.0397720336914063 -0.0177421569824219 0.68359375 0.39288330078125
-0.0231056213378906 -0.0482826232910156 0.10968017578125 0.89569091796875
0.0269393920898438 -0.00454902648925781 -0.40228271484375 0.57342529296875
0.0535163879394531 0.0163002014160156 0.02886962890625 0.06689453125
0.0406608581542969 -0.0294876098632813 0.52294921875 -0.54571533203125
0.000476837158203121 -0.0392684936523438 -0.0753173828125 -0.9747314453125
-0.0358123779296875 -0.0181922912597656 -0.76837158203125 -0.358154296875
-0.0104188919067383 0.00317859649658203 -0.568359375 0.35345458984375
0.00937461853027344 0.0219879150390625 -0.1253662109375 0.4986572265625
-0.00126361846923828 0.00744009017944336 0.22686767578125 0.27276611328125
0.0287799835205078 -0.00911140441894531 0.308074951171875 0.020050048828125
0.0378456115722656 -0.009521484375 -0.306060791015625 -0.068939208984375
0.0109643936157227 -0.00515365600585938 -0.1729736328125 -0.31268310546875
0.0195636749267578 0.0147876739501953 0.1759033203125 -0.48028564453125
0.0059814453125 0.0133275985717773 0.63409423828125 -0.30389404296875
-0.0335407257080078 -0.0101509094238281 0.6832275390625 0.400146484375
-0.0214424133300781 -0.0395774841308594 0.10479736328125 0.8974609375
0.0224132537841797 -0.00051116943359375 -0.4049072265625 0.572265625
0.0462074279785156 0.0170135498046875 0.0283851623535156 0.0661849975585938
0.0359611511230469 -0.0265274047851563 0.51361083984375 -0.549407958984375
0.00137710571289062 -0.0298748016357422 -0.0867309570312501 -0.96710205078125
-0.0297698974609375 -0.0105628967285156 -0.7713623046875 -0.34722900390625
-0.00384354591369629 0.00289011001586914 -0.56353759765625 0.36273193359375
0.0137367248535156 0.0196342468261719 -0.121368408203125 0.504364013671875
-0.000901699066162109 0.0018848180770874 0.227523803710938 0.2747802734375
0.0275421142578125 -0.0162811279296875 0.311614990234375 0.023773193359375
0.0379295349121094 -0.0129776000976563 -0.3038330078125 -0.0645751953125
0.0106048583984375 -0.0134449005126953 -0.1673583984375 -0.3125
0.0225334167480469 0.0104141235351563 0.17779541015625 -0.477783203125
0.0123586654663086 0.0142860412597656 0.63677978515625 -0.29583740234375
-0.02764892578125 -0.00342559814453125 0.681640625 0.41143798828125
-0.0208244323730469 -0.0307674407958984 0.09600830078125 0.903076171875
0.0181293487548828 0.00388908386230469 -0.4112548828125 0.572021484375
0.0415229797363281 0.017608642578125 0.0295982360839844 0.064605712890625
0.0308265686035156 -0.0224342346191406 0.51153564453125 -0.553955078125
0.00270843505859375 -0.0205364227294922 -0.0938720703124999 -0.96514892578125
-0.0226058959960937 -0.00238609313964844 -0.77203369140625 -0.33807373046875
0.00380182266235352 0.00258851051330566 -0.5596923828125 0.3707275390625
0.0165386199951172 0.0143842697143555 -0.118377685546875 0.507232666015625
-0.00135183334350586 -0.00483369827270508 0.231842041015625 0.273345947265625
0.0264835357666016 -0.0209999084472656 0.31329345703125 0.026641845703125
0.0374679565429688 -0.0158576965332031 -0.301788330078125 -0.0621337890624999
0.0121192932128906 -0.0219211578369141 -0.16424560546875 -0.31610107421875
0.0268688201904297 0.00426673889160156 0.181915283203125 -0.476165771484375
0.0203151702880859 0.0152492523193359 0.639892578125 -0.29107666015625
-0.0211734771728516 0.00413131713867187 0.67791748046875 0.4169921875
-0.0189037322998047 -0.0198593139648438 0.0889892578125 0.90509033203125
0.0140485763549805 0.00846481323242187 -0.41375732421875 0.56640625
0.0359268188476563 0.0170478820800781 0.0313339233398437 0.0624008178710938
0.0271091461181641 -0.0190906524658203 0.51019287109375 -0.55853271484375
0.00331401824951172 -0.0104408264160156 -0.0985107421875 -0.966796875
-0.0139074325561523 0.00644779205322266 -0.77288818359375 -0.33172607421875
0.0114030838012695 0.00124549865722656 -0.555511474609375 0.37359619140625
0.0205516815185547 0.00795173645019531 -0.117095947265625 0.5054931640625
-0.000102043151855468 -0.0137262344360352 0.233505249023438 0.271072387695313
0.0257358551025391 -0.0259189605712891 0.31353759765625 0.02728271484375
0.0358963012695313 -0.0182151794433594 -0.301788330078125 -0.0618591308593749
0.0133743286132813 -0.0289802551269531 -0.162139892578125 -0.31829833984375
0.029510498046875 -0.00353240966796875 0.183319091796875 -0.482421875
0.0279769897460937 0.0168285369873047 0.641357421875 -0.29443359375
-0.0140457153320312 0.0122690200805664 0.67938232421875 0.4163818359375
-0.0178070068359375 -0.0129280090332031 0.08831787109375 0.90167236328125
0.0114078521728516 0.00945186614990234 -0.41015625 0.56549072265625
0.0327911376953125 0.0142745971679688 0.0367469787597656 0.0611724853515625
0.0232524871826172 -0.0184307098388672 0.5072021484375 -0.561492919921875
0.00539207458496094 -0.00340509414672852 -0.1043701171875 -0.97119140625
-0.00530624389648438 0.0141191482543945 -0.7752685546875 -0.3338623046875
0.0196609497070313 0.000631332397460937 -0.557342529296875 0.37127685546875
0.0241527557373047 0.000894546508789062 -0.116912841796875 0.505279541015625
0.000452041625976562 -0.0204677581787109 0.233413696289063 0.269439697265625
0.02423095703125 -0.02850341796875 0.312255859375 0.028656005859375
0.0397567749023438 0.00328445434570313 -0.324066162109375 -0.07513427734375
0.0184917449951172 -0.000883102416992188 -0.19671630859375 -0.320526123046875
0.0164432525634766 0.0170888900756836 0.156982421875 -0.51434326171875
-0.00203323364257813 0.0130910873413086 0.6219482421875 -0.360107421875
-0.0407066345214844 -0.0162734985351563 0.70281982421875 0.3544921875
-0.0221290588378906 -0.0534324645996094 0.1492919921875 0.88433837890625
0.0327224731445313 -0.0133934020996094 -0.37213134765625 0.58038330078125
0.0617828369140625 0.0100593566894531 0.0477981567382813 0.0682296752929688
0.04522705078125 -0.0393218994140625 0.53515625 -0.56396484375
0.0037841796875 -0.0466232299804688 -0.0805053710937501 -1.002197265625
-0.0350284576416016 -0.0185699462890625 -0.784912109375 -0.38690185546875
-0.0120334625244141 0.00287628173828125 -0.57965087890625 0.3343505859375
0.0121746063232422 0.0194950103759766 -0.127716064453125 0.488677978515625
0.00404930114746094 0.00914287567138672 0.2159423828125 0.26654052734375
0.0301780700683594 -0.000562667846679688 0.30218505859375 0.01220703125
0.0396461486816406 0.00244903564453125 -0.322845458984375 -0.068389892578125
0.0151586532592773 0.00227642059326172 -0.195037841796875 -0.3160400390625
0.0165653228759766 0.0207595825195313 0.157318115234375 -0.50372314453125
-0.00519180297851563 0.013885498046875 0.62005615234375 -0.34954833984375
-0.0441055297851563 -0.0205955505371094 0.6962890625 0.36285400390625
-0.0239791870117187 -0.0561141967773438 0.134521484375 0.88800048828125
0.0325431823730469 -0.0116462707519531 -0.38397216796875 0.58026123046875
0.0607757568359375 0.014495849609375 0.0397529602050781 0.0698776245117188
0.0449676513671875 -0.0359764099121094 0.53369140625 -0.557342529296875
0.00186920166015625 -0.04766845703125 -0.07501220703125 -0.99188232421875
-0.0386123657226563 -0.0225372314453125 -0.776611328125 -0.37548828125
-0.0147771835327148 0.00276756286621094 -0.5762939453125 0.34136962890625
0.00911903381347656 0.0227756500244141 -0.125244140625 0.49267578125
0.00222396850585937 0.010401725769043 0.223236083984375 0.268417358398438
0.0284233093261719 -4.1961669921875E-05 0.306732177734375 0.01055908203125
0.03973388671875 -0.0019378662109375 -0.320037841796875 -0.0701904296874999
0.0134563446044922 0.00394916534423828 -0.1903076171875 -0.314300537109375
0.0172443389892578 0.0212001800537109 0.160888671875 -0.49993896484375
-0.00337028503417969 0.0126943588256836 0.62591552734375 -0.33880615234375
-0.0433692932128906 -0.0187301635742188 0.69873046875 0.37274169921875
-0.0234184265136719 -0.0552291870117187 0.13580322265625 0.89422607421875
0.0310707092285156 -0.00994491577148438 -0.3863525390625 0.58172607421875
0.0581588745117188 0.0140609741210938 0.0356407165527344 0.0682754516601563
0.0433273315429688 -0.0348472595214844 0.52349853515625 -0.55950927734375
0.000297546386718745 -0.0460548400878906 -0.0872192382812499 -0.98492431640625
-0.0386848449707031 -0.0214271545410156 -0.7821044921875 -0.36376953125
-0.0142126083374023 0.00247955322265625 -0.57342529296875 0.35400390625
0.00946044921875 0.0240383148193359 -0.123199462890625 0.500213623046875
0.000208854675292969 0.0107631683349609 0.225784301757813 0.271286010742188
0.0295944213867187 -0.00695610046386719 0.310699462890625 0.014739990234375
0.0386924743652344 -0.00545501708984375 -0.314971923828125 -0.0648193359374999
0.0120182037353516 -0.000409126281738281 -0.184600830078125 -0.312225341796875
0.0168437957763672 0.0198802947998047 0.165985107421875 -0.49078369140625
-0.000429153442382812 0.012516975402832 0.62933349609375 -0.32342529296875
-0.0403518676757813 -0.0176658630371094 0.69305419921875 0.3875732421875
-0.0243148803710938 -0.0475807189941406 0.12005615234375 0.900390625
0.0270729064941406 -0.00446128845214844 -0.39776611328125 0.58245849609375
0.05291748046875 0.0168533325195313 0.0315361022949219 0.0670700073242188
0.039306640625 -0.0304298400878906 0.52191162109375 -0.558502197265625
0.000560760498046877 -0.0389213562011719 -0.0865478515624999 -0.97857666015625
-0.0359344482421875 -0.0180702209472656 -0.77764892578125 -0.3544921875
-0.00976085662841797 0.00336551666259765 -0.56689453125 0.36279296875
0.0109596252441406 0.023223876953125 -0.118682861328125 0.50555419921875
-0.000798702239990235 0.00796937942504883 0.230667114257813 0.27154541015625
0.0286407470703125 -0.0110321044921875 0.31219482421875 0.015869140625
0.0382919311523438 -0.0110359191894531 -0.31024169921875 -0.066009521484375
0.0106163024902344 -0.00476360321044922 -0.178009033203125 -0.312225341796875
0.019805908203125 0.016510009765625 0.16845703125 -0.4879150390625
0.00408458709716797 0.0132675170898438 0.63287353515625 -0.31439208984375
-0.0345573425292969 -0.0107994079589844 0.6939697265625 0.39630126953125
-0.0221939086914063 -0.040283203125 0.115234375 0.903564453125
0.0220775604248047 -0.000522613525390625 -0.40191650390625 0.58026123046875
0.04644775390625 0.0179176330566406 0.0293464660644531 0.0651702880859375
0.0349349975585938 -0.0281143188476563 0.512786865234375 -0.559234619140625
0.000204086303710938 -0.0315151214599609 -0.0991210937499999 -0.972900390625
-0.0300998687744141 -0.0110530853271484 -0.78143310546875 -0.33837890625
-0.00513410568237305 0.0016632080078125 -0.56341552734375 0.37261962890625
0.0137481689453125 0.0201358795166016 -0.11419677734375 0.509490966796875
-0.00183892250061035 0.00261545181274414 0.234603881835938 0.273529052734375
0.0277633666992187 -0.01708984375 0.315582275390625 0.02008056640625
0.0375900268554688 -0.0139999389648438 -0.307525634765625 -0.060821533203125
0.0107021331787109 -0.0144681930541992 -0.173675537109375 -0.3134765625
0.0232772827148438 0.00905799865722656 0.171234130859375 -0.4859619140625
0.0131378173828125 0.0142011642456055 0.638671875 -0.30810546875
-0.0285682678222656 -0.00416374206542969 0.6890869140625 0.4056396484375
-0.0205402374267578 -0.0303668975830078 0.10675048828125 0.9091796875
0.0189094543457031 0.00447654724121094 -0.4066162109375 0.57940673828125
0.0414657592773438 0.0166244506835938 0.0294761657714844 0.0637435913085938
0.0302772521972656 -0.0230197906494141 0.50701904296875 -0.56414794921875
0.00266456604003906 -0.020233154296875 -0.10723876953125 -0.96929931640625
-0.0221691131591797 -0.00155448913574218 -0.782470703125 -0.32928466796875
0.00457000732421875 0.00114917755126953 -0.559173583984375 0.38079833984375
0.0175666809082031 0.0126838684082031 -0.112518310546875 0.5128173828125
-0.0018916130065918 -0.00581169128417969 0.238113403320313 0.27099609375
0.0264663696289063 -0.0213832855224609 0.31805419921875 0.021881103515625
0.0360488891601563 -0.0172653198242188 -0.307037353515625 -0.0589294433593749
0.0102310180664063 -0.0223941802978516 -0.17120361328125 -0.315948486328125
0.0274581909179688 0.00243568420410156 0.175140380859375 -0.484100341796875
0.0201759338378906 0.0147609710693359 0.63970947265625 -0.3037109375
-0.0207977294921875 0.0050048828125 0.68829345703125 0.4114990234375
-0.0194873809814453 -0.019989013671875 0.0981445312500001 0.91143798828125
0.015528678894043 0.00797080993652344 -0.4117431640625 0.57611083984375
0.0364265441894531 0.0164031982421875 0.0318984985351562 0.0620460510253906
0.025726318359375 -0.0209732055664063 0.50738525390625 -0.56744384765625
0.00418186187744141 -0.0109462738037109 -0.11138916015625 -0.97119140625
-0.0143747329711914 0.00700759887695313 -0.7828369140625 -0.32513427734375
0.0113840103149414 0.00105857849121094 -0.5555419921875 0.38360595703125
0.0204181671142578 0.00731849670410156 -0.110321044921875 0.5111083984375
-0.00153923034667969 -0.0139560699462891 0.239532470703125 0.269271850585938
0.0245990753173828 -0.0262851715087891 0.317230224609375 0.02362060546875
0.0356826782226562 -0.01971435546875 -0.30621337890625 -0.0574645996093749
0.0125293731689453 -0.0298252105712891 -0.168914794921875 -0.31951904296875
0.0304851531982422 -0.004119873046875 0.1759033203125 -0.48870849609375
0.0275897979736328 0.016387939453125 0.64117431640625 -0.30633544921875
-0.0140790939331055 0.0124330520629883 0.6900634765625 0.41070556640625
-0.0165109634399414 -0.0136260986328125 0.101806640625 0.90966796875
0.0115633010864258 0.0100688934326172 -0.4080810546875 0.57452392578125
0.0331344604492188 0.0141029357910156 0.038055419921875 0.0602874755859375
0.0220260620117188 -0.0192508697509766 0.5052490234375 -0.57232666015625
0.00568962097167969 -0.00349569320678711 -0.118408203125 -0.97491455078125
-0.00501346588134766 0.0140199661254883 -0.78619384765625 -0.323974609375
0.0190792083740234 0.00123977661132813 -0.557159423828125 0.380218505859375
0.0244846343994141 0.000707626342773437 -0.1107177734375 0.51080322265625
0.000431060791015624 -0.0209541320800781 0.23809814453125 0.268844604492188
0.0234966278076172 -0.0295619964599609 0.3167724609375 0.02508544921875
0.0406761169433594 0.00254058837890625 -0.32916259765625 -0.06951904296875
0.0170145034790039 -0.00137519836425781 -0.2034912109375 -0.319580078125
0.0179462432861328 0.0163478851318359 0.14697265625 -0.521820068359375
-0.00214004516601563 0.0135202407836914 0.61810302734375 -0.3740234375
-0.0419998168945313 -0.0148735046386719 0.711669921875 0.347412109375
-0.0221786499023438 -0.0541267395019531 0.16265869140625 0.88787841796875
0.0330886840820313 -0.0135440826416016 -0.3656005859375 0.58782958984375
0.0607452392578125 0.00979232788085938 0.0484352111816406 0.0668563842773438
0.0446815490722656 -0.0397911071777344 0.53057861328125 -0.5762939453125
0.00339508056640625 -0.0464439392089844 -0.0952758789062499 -1.00433349609375
-0.0349025726318359 -0.0186729431152344 -0.79486083984375 -0.3775634765625
-0.0118741989135742 0.00256633758544922 -0.57952880859375 0.3450927734375
0.0124835968017578 0.020904541015625 -0.120941162109375 0.49383544921875
0.00465202331542969 0.00940799713134766 0.220596313476563 0.264450073242188
0.0291690826416016 -0.000452041625976563 0.30511474609375 0.00701904296875
0.039459228515625 0.00287628173828125 -0.327545166015625 -0.063873291015625
0.0150527954101563 0.00260639190673828 -0.2027587890625 -0.31634521484375
0.0158157348632813 0.0208072662353516 0.148651123046875 -0.51019287109375
-0.00393009185791016 0.0131502151489258 0.6175537109375 -0.36212158203125
-0.0451164245605469 -0.0196609497070312 0.7047119140625 0.35369873046875
-0.0246505737304688 -0.0566215515136719 0.1466064453125 0.8907470703125
0.0329074859619141 -0.011932373046875 -0.37738037109375 0.58770751953125
0.0601654052734375 0.0136260986328125 0.0429458618164063 0.06884765625
0.0433082580566406 -0.0375709533691406 0.529296875 -0.5684814453125
0.00168991088867187 -0.0478401184082031 -0.0890502929687501 -0.992919921875
-0.0390586853027344 -0.0225028991699219 -0.7869873046875 -0.36669921875
-0.0148077011108398 0.00251388549804687 -0.574951171875 0.3536376953125
0.0100002288818359 0.0238533020019531 -0.11932373046875 0.498504638671875
0.00295734405517578 0.0107660293579102 0.227096557617187 0.265548706054688
0.0278358459472656 -0.00159835815429688 0.308929443359375 0.0064697265625
0.0402641296386719 -0.00423049926757813 -0.324188232421875 -0.06463623046875
0.0131149291992188 0.00335979461669922 -0.19708251953125 -0.313568115234375
0.0164241790771484 0.0212268829345703 0.152191162109375 -0.5048828125
-0.00482940673828125 0.0125732421875 0.6226806640625 -0.351318359375
-0.0445022583007813 -0.0195732116699219 0.70611572265625 0.365478515625
-0.0238723754882812 -0.054718017578125 0.14776611328125 0.89788818359375
0.0311450958251953 -0.008697509765625 -0.3824462890625 0.59002685546875
0.0573616027832031 0.0147628784179688 0.0370407104492188 0.0673484802246094
0.0417060852050781 -0.0361862182617188 0.51885986328125 -0.56890869140625
0.00100326538085938 -0.0464973449707031 -0.1016845703125 -0.9896240234375
-0.0402717590332031 -0.0210494995117187 -0.7916259765625 -0.35394287109375
-0.0146217346191406 0.00308036804199219 -0.5728759765625 0.3658447265625
0.0095367431640625 0.0238456726074219 -0.115203857421875 0.5064697265625
0.000287055969238282 0.0117654800415039 0.230911254882813 0.270370483398438
0.0291404724121094 -0.00811958312988281 0.312530517578125 0.00958251953125
0.0390205383300781 -0.0069122314453125 -0.318939208984375 -0.059600830078125
0.0113334655761719 -0.000379562377929688 -0.192291259765625 -0.311737060546875
0.0171585083007812 0.0198936462402344 0.156494140625 -0.497344970703125
-0.00133514404296875 0.0125160217285156 0.62713623046875 -0.3375244140625
-0.0409278869628906 -0.0167884826660156 0.70257568359375 0.37744140625
-0.0238151550292969 -0.0491867065429687 0.13232421875 0.90460205078125
0.0284500122070313 -0.00477218627929688 -0.3924560546875 0.5906982421875
0.0534706115722656 0.0167083740234375 0.0326385498046875 0.066986083984375
0.0390472412109375 -0.0307884216308594 0.5174560546875 -0.5679931640625
0.000576019287109375 -0.0392036437988281 -0.1005859375 -0.9835205078125
-0.037078857421875 -0.0170936584472656 -0.788330078125 -0.34197998046875
-0.0109968185424805 0.0030679702758789 -0.56719970703125 0.37420654296875
0.0113868713378906 0.0222034454345703 -0.113494873046875 0.510162353515625
-0.00135660171508789 0.0068821907043457 0.235885620117188 0.269073486328125
0.0285453796386719 -0.0112190246582031 0.314727783203125 0.01116943359375
0.0387496948242187 -0.013275146484375 -0.31561279296875 -0.0609130859375
0.00989913940429688 -0.00579738616943359 -0.185943603515625 -0.313232421875
0.0199260711669922 0.0155277252197266 0.1597900390625 -0.49566650390625
0.00402641296386719 0.0125007629394531 0.6317138671875 -0.32843017578125
-0.0347537994384766 -0.0108318328857422 0.7017822265625 0.38677978515625
-0.0217323303222656 -0.040985107421875 0.12774658203125 0.9061279296875
0.0237350463867188 -0.000797271728515625 -0.39617919921875 0.58758544921875
0.0467262268066406 0.0163307189941406 0.0309486389160156 0.0640411376953125
0.0347194671630859 -0.0281543731689453 0.5074462890625 -0.5682373046875
0.00107574462890625 -0.0312080383300781 -0.11431884765625 -0.975341796875
-0.0300502777099609 -0.0103168487548828 -0.79046630859375 -0.32916259765625
-0.00424742698669434 0.00218057632446289 -0.5614013671875 0.384246826171875
0.0146656036376953 0.0187721252441406 -0.109588623046875 0.514923095703125
-0.0021660327911377 0.00228619575500488 0.239212036132812 0.271270751953125
0.0276336669921875 -0.0179157257080078 0.318511962890625 0.015228271484375
0.037994384765625 -0.0156326293945312 -0.311279296875 -0.0560302734375
0.00932884216308594 -0.0139694213867188 -0.18170166015625 -0.314697265625
0.0231227874755859 0.00897789001464844 0.164886474609375 -0.49200439453125
0.0120668411254883 0.0136337280273438 0.6361083984375 -0.32122802734375
-0.0287952423095703 -0.00291633605957031 0.69976806640625 0.39801025390625
-0.0202178955078125 -0.0308074951171875 0.1197509765625 0.91448974609375
0.0192146301269531 0.00392341613769531 -0.4017333984375 0.58673095703125
0.0411148071289063 0.0159950256347656 0.0314369201660156 0.0631179809570313
0.0294647216796875 -0.0241870880126953 0.50372314453125 -0.57244873046875
0.00133895874023437 -0.0206699371337891 -0.12115478515625 -0.9736328125
-0.0215206146240234 -0.00155258178710938 -0.7923583984375 -0.31939697265625
0.00241494178771973 0.00127053260803223 -0.556671142578125 0.39227294921875
0.0182018280029297 0.0128707885742188 -0.10504150390625 0.51611328125
-0.00296115875244141 -0.00491905212402344 0.24395751953125 0.26849365234375
0.0260066986083984 -0.0226383209228516 0.320037841796875 0.01605224609375
0.0365562438964844 -0.0187644958496094 -0.310760498046875 -0.05413818359375
0.0106334686279297 -0.023162841796875 -0.17755126953125 -0.3157958984375
0.0278244018554687 0.00255203247070312 0.1676025390625 -0.490966796875
0.0204830169677734 0.01458740234375 0.63848876953125 -0.31640625
-0.0225849151611328 0.00490188598632813 0.69586181640625 0.40338134765625
-0.018646240234375 -0.0213203430175781 0.11297607421875 0.91448974609375
0.0154943466186523 0.00896930694580078 -0.4056396484375 0.58258056640625
0.0363235473632813 0.0160636901855469 0.0344696044921875 0.0609512329101563
0.0251235961914063 -0.0205974578857422 0.50335693359375 -0.5775146484375
0.00362777709960938 -0.0101566314697266 -0.12408447265625 -0.97442626953125
-0.0138034820556641 0.00627708435058594 -0.7918701171875 -0.3153076171875
0.0119295120239258 0.000654220581054688 -0.5540771484375 0.39306640625
0.0214767456054687 0.00667381286621094 -0.103851318359375 0.518218994140625
-0.00154590606689453 -0.0145225524902344 0.245452880859375 0.267501831054688
0.0241203308105469 -0.0282802581787109 0.31976318359375 0.018218994140625
0.0357551574707031 -0.0215415954589844 -0.3111572265625 -0.052520751953125
0.0117931365966797 -0.0308418273925781 -0.17608642578125 -0.31939697265625
0.0313854217529297 -0.00469398498535156 0.168212890625 -0.49639892578125
0.0273799896240234 0.0158958435058594 0.6392822265625 -0.3194580078125
-0.0150375366210938 0.0124959945678711 0.69891357421875 0.40252685546875
-0.0161914825439453 -0.0126857757568359 0.11279296875 0.912109375
0.0136880874633789 0.00998306274414063 -0.40313720703125 0.58135986328125
0.0339603424072266 0.0138740539550781 0.0388870239257812 0.059661865234375
0.0212631225585938 -0.0201168060302734 0.5009765625 -0.5828857421875
0.00496482849121094 -0.00375080108642578 -0.13275146484375 -0.978515625
-0.00505638122558594 0.0152158737182617 -0.7957763671875 -0.316162109375
0.0188941955566406 -0.000425338745117188 -0.55401611328125 0.391326904296875
0.0248832702636719 0.00057220458984375 -0.103851318359375 0.517181396484375
-0.00049018859863281 -0.0214424133300781 0.244430541992188 0.266250610351563
0.0231418609619141 -0.0296077728271484 0.32025146484375 0.0186767578125
0.0404701232910156 0.000453948974609375 -0.3333740234375 -0.064422607421875
0.0164766311645508 -0.000885963439941406 -0.211151123046875 -0.3182373046875
0.0181961059570313 0.0157451629638672 0.1373291015625 -0.5279541015625
-0.00283718109130859 0.0136594772338867 0.61114501953125 -0.38623046875
-0.0425758361816406 -0.0153846740722656 0.72052001953125 0.33721923828125
-0.0223236083984375 -0.0547370910644531 0.17620849609375 0.88739013671875
0.0340633392333984 -0.0132331848144531 -0.35784912109375 0.594970703125
0.0609855651855469 0.0100517272949219 0.0496292114257813 0.0655059814453125
0.0429115295410156 -0.0406150817871094 0.52459716796875 -0.58526611328125
0.00297927856445313 -0.0463218688964844 -0.11163330078125 -1.0089111328125
-0.035400390625 -0.0175437927246094 -0.80670166015625 -0.36627197265625
-0.012451171875 0.00220489501953125 -0.57568359375 0.35711669921875
0.0134334564208984 0.0192050933837891 -0.11309814453125 0.49920654296875
0.00487279891967773 0.00829172134399414 0.226181030273437 0.261703491210937
0.0303401947021484 -0.00224876403808594 0.307159423828125 0.00115966796875
0.0389633178710938 -0.00020599365234375 -0.330841064453125 -0.0574951171875001
0.0150089263916016 0.00290489196777344 -0.21014404296875 -0.313568115234375
0.0165004730224609 0.0205440521240234 0.138397216796875 -0.515655517578125
-0.00535392761230469 0.0130529403686523 0.6129150390625 -0.37493896484375
-0.0453300476074219 -0.0197181701660156 0.71234130859375 0.34259033203125
-0.0246467590332031 -0.0555953979492188 0.16094970703125 0.89300537109375
0.0329952239990234 -0.0122661590576172 -0.37060546875 0.59539794921875
0.0612907409667969 0.0125389099121094 0.0429039001464844 0.0665740966796875
0.0421524047851563 -0.037261962890625 0.52362060546875 -0.57806396484375
0.000209808349609376 -0.0478324890136719 -0.10546875 -0.99627685546875
-0.040191650390625 -0.0215682983398438 -0.79620361328125 -0.3551025390625
-0.0145998001098633 0.00174331665039063 -0.57177734375 0.36407470703125
0.0104217529296875 0.0235233306884766 -0.110382080078125 0.50079345703125
0.00246810913085938 0.0101089477539063 0.23388671875 0.2628173828125
0.027740478515625 -0.00232124328613281 0.3114013671875 0.000732421875
0.0394973754882813 -0.00518798828125 -0.3280029296875 -0.05926513671875
0.0125932693481445 0.00255298614501953 -0.204315185546875 -0.31439208984375
0.0167045593261719 0.0210037231445313 0.141265869140625 -0.512237548828125
-0.00503826141357422 0.0133447647094727 0.61773681640625 -0.362548828125
-0.0449676513671875 -0.0188789367675781 0.71478271484375 0.354248046875
-0.0239715576171875 -0.0552635192871094 0.162109375 0.89996337890625
0.0320243835449219 -0.0103416442871094 -0.373291015625 0.59515380859375
0.0577354431152344 0.0133285522460937 0.0374946594238281 0.0668182373046875
0.0400733947753906 -0.036407470703125 0.51092529296875 -0.58001708984375
0.000251770019531255 -0.046630859375 -0.11724853515625 -0.9903564453125
-0.0404815673828125 -0.0206298828125 -0.80120849609375 -0.34320068359375
-0.0149803161621094 0.00208091735839843 -0.56842041015625 0.37750244140625
0.0102519989013672 0.0231761932373047 -0.107757568359375 0.510833740234375
0.000889778137207032 0.0115728378295898 0.235870361328125 0.266220092773438
0.0289363861083984 -0.0084381103515625 0.314453125 0.004364013671875
0.0390586853027344 -0.00858688354492188 -0.32232666015625 -0.053497314453125
0.0106983184814453 -0.000603675842285156 -0.198883056640625 -0.310791015625
0.0177135467529297 0.0191783905029297 0.148406982421875 -0.504058837890625
-0.00108718872070313 0.0132865905761719 0.62152099609375 -0.35003662109375
-0.0419731140136719 -0.0172080993652344 0.70806884765625 0.3685302734375
-0.023681640625 -0.0489578247070313 0.1455078125 0.90765380859375
0.0285568237304688 -0.00440406799316406 -0.38604736328125 0.59759521484375
0.0534477233886719 0.0168342590332031 0.0331344604492187 0.0657806396484375
0.0371017456054688 -0.0317001342773438 0.51007080078125 -0.57867431640625
-0.0010833740234375 -0.039337158203125 -0.11822509765625 -0.98590087890625
-0.0369911193847656 -0.0163421630859375 -0.7960205078125 -0.33233642578125
-0.0107307434082031 0.00212860107421875 -0.56353759765625 0.38568115234375
0.0110988616943359 0.0225410461425781 -0.10443115234375 0.5133056640625
-0.00122451782226563 0.00739336013793945 0.243209838867188 0.266265869140625
0.0278339385986328 -0.0120944976806641 0.31842041015625 0.005859375
0.0383338928222656 -0.0136985778808594 -0.31915283203125 -0.0544128417968749
0.00997066497802734 -0.00591373443603516 -0.192535400390625 -0.31158447265625
0.0207366943359375 0.0144577026367188 0.1505126953125 -0.500335693359375
0.00423049926757813 0.0128307342529297 0.62744140625 -0.3397216796875
-0.0370101928710938 -0.0113334655761719 0.70947265625 0.37689208984375
-0.0216026306152344 -0.0414199829101563 0.14190673828125 0.9095458984375
0.0243511199951172 -0.00159835815429687 -0.388427734375 0.596435546875
0.0458869934082031 0.0163955688476563 0.0307693481445313 0.064483642578125
0.0320091247558594 -0.0285758972167969 0.5009765625 -0.57965087890625
-0.000402450561523435 -0.0318527221679688 -0.1300048828125 -0.9764404296875
-0.0299148559570313 -0.00980949401855468 -0.799072265625 -0.3173828125
-0.00428700447082519 0.00264692306518555 -0.557830810546875 0.3946533203125
0.0152740478515625 0.0186004638671875 -0.100189208984375 0.518035888671875
-0.0012657642364502 0.00321340560913086 0.245468139648438 0.268020629882813
0.0276947021484375 -0.0196743011474609 0.322418212890625 0.00860595703125
0.0374984741210938 -0.0178909301757813 -0.316253662109375 -0.05035400390625
0.00843524932861328 -0.0147504806518555 -0.1878662109375 -0.312652587890625
0.0236797332763672 0.008575439453125 0.156219482421875 -0.49847412109375
0.0118570327758789 0.0129966735839844 0.63043212890625 -0.33306884765625
-0.0301704406738281 -0.0026092529296875 0.70916748046875 0.3875732421875
-0.0205554962158203 -0.0302543640136719 0.133544921875 0.91583251953125
0.0204715728759766 0.0041961669921875 -0.394775390625 0.5947265625
0.0417098999023438 0.0163917541503906 0.0323677062988281 0.0622596740722656
0.0281848907470703 -0.0248203277587891 0.49664306640625 -0.5831298828125
0.000923156738281251 -0.0209846496582031 -0.13671875 -0.9771728515625
-0.0228557586669922 -0.00122261047363281 -0.80047607421875 -0.30963134765625
0.00315356254577637 0.00107645988464355 -0.554046630859375 0.403900146484375
0.0184040069580078 0.0129966735839844 -0.097015380859375 0.520782470703125
-0.00221109390258789 -0.00506782531738281 0.249786376953125 0.265716552734375
0.0251674652099609 -0.0241527557373047 0.32275390625 0.0108642578125
0.0366554260253906 -0.0198936462402344 -0.314422607421875 -0.047637939453125
0.00999259948730469 -0.0227432250976563 -0.1839599609375 -0.314605712890625
0.0275077819824219 0.00234413146972656 0.15826416015625 -0.49688720703125
0.0203380584716797 0.0138492584228516 0.63482666015625 -0.3282470703125
-0.0222015380859375 0.00488853454589843 0.70721435546875 0.39453125
-0.0184745788574219 -0.0209827423095703 0.1265869140625 0.9163818359375
0.0162925720214844 0.00813007354736328 -0.3992919921875 0.5902099609375
0.0361480712890625 0.0164642333984375 0.0361671447753906 0.0595855712890625
0.0231761932373047 -0.0214042663574219 0.4954833984375 -0.58642578125
0.00330638885498047 -0.009857177734375 -0.1409912109375 -0.976806640625
-0.0136470794677734 0.00792503356933594 -0.80126953125 -0.30328369140625
0.0115108489990234 -0.000367164611816406 -0.55010986328125 0.404937744140625
0.0222930908203125 0.00625228881835938 -0.09539794921875 0.52239990234375
-0.00123023986816406 -0.0132665634155273 0.249603271484375 0.265411376953125
0.0238056182861328 -0.028411865234375 0.322113037109375 0.01239013671875
0.0351676940917969 -0.0222663879394531 -0.3138427734375 -0.04718017578125
0.0102272033691406 -0.0305900573730469 -0.18304443359375 -0.317901611328125
0.0308952331542969 -0.00428390502929688 0.15911865234375 -0.5023193359375
0.0282535552978516 0.0149612426757812 0.6348876953125 -0.33209228515625
-0.0153675079345703 0.0129795074462891 0.70697021484375 0.393798828125
-0.0156621932983398 -0.0128335952758789 0.127685546875 0.9140625
0.0139045715332031 0.0100412368774414 -0.39495849609375 0.58880615234375
0.0330924987792969 0.0145587921142578 0.0394134521484375 0.0577468872070312
0.0202617645263672 -0.0199527740478516 0.4927978515625 -0.59295654296875
0.00472593307495117 -0.00380373001098633 -0.14862060546875 -0.978759765625
-0.00484275817871093 0.0155630111694336 -0.804443359375 -0.30523681640625
0.0181846618652344 -0.00157356262207031 -0.54986572265625 0.4036865234375
0.0257549285888672 0.000207901000976563 -0.094482421875 0.51971435546875
-0.000396728515625002 -0.0207729339599609 0.24932861328125 0.263442993164063
0.0227317810058594 -0.0309677124023438 0.322601318359375 0.013336181640625
0.0393524169921875 -0.000545501708984375 -0.336212158203125 -0.0582275390625
0.0168848037719727 -0.00226593017578125 -0.217559814453125 -0.31512451171875
0.0175666809082031 0.0159835815429688 0.126434326171875 -0.531219482421875
-0.00349140167236328 0.0132055282592773 0.603515625 -0.40020751953125
-0.0435752868652344 -0.0149154663085937 0.725341796875 0.3236083984375
-0.0228347778320312 -0.053985595703125 0.19140625 0.888671875
0.03338623046875 -0.0139408111572266 -0.350341796875 0.60009765625
0.0606575012207031 0.00956344604492188 0.0511627197265625 0.0643806457519531
0.0416793823242188 -0.0412063598632813 0.51617431640625 -0.59613037109375
0.00200653076171875 -0.04681396484375 -0.12841796875 -1.0069580078125
-0.0365257263183594 -0.0169754028320312 -0.81201171875 -0.35302734375
-0.0127954483032227 0.00258827209472656 -0.57110595703125 0.3685302734375
0.0130901336669922 0.0194988250732422 -0.104156494140625 0.500396728515625
0.00586128234863281 0.00985050201416016 0.230300903320313 0.258255004882813
0.0290737152099609 -0.00332069396972656 0.309112548828125 -0.005126953125
0.0387191772460938 -0.000370025634765625 -0.334991455078125 -0.05157470703125
0.0146207809448242 0.00186061859130859 -0.2169189453125 -0.310882568359375
0.0161914825439453 0.0201148986816406 0.128997802734375 -0.52166748046875
-0.00563907623291016 0.0132980346679688 0.604736328125 -0.38714599609375
-0.0475082397460937 -0.019561767578125 0.718994140625 0.33221435546875
-0.0252799987792969 -0.0560111999511719 0.17657470703125 0.89215087890625
0.0336837768554688 -0.0134124755859375 -0.36083984375 0.60052490234375
0.0605087280273438 0.0126152038574219 0.0448226928710938 0.0652580261230469
0.0408782958984375 -0.0383338928222656 0.51593017578125 -0.58721923828125
0.00023651123046875 -0.0475883483886719 -0.12139892578125 -0.9967041015625
-0.0407142639160156 -0.0209541320800781 -0.80364990234375 -0.34271240234375
-0.0148086547851562 0.00167083740234375 -0.56634521484375 0.37615966796875
0.0113868713378906 0.0227813720703125 -0.101531982421875 0.504791259765625
0.00301742553710937 0.0107364654541016 0.238235473632813 0.258590698242188
0.0279541015625 -0.00405311584472656 0.313201904296875 -0.00579833984375
0.0393829345703125 -0.00686264038085938 -0.3304443359375 -0.053131103515625
0.0120506286621094 0.00278091430664063 -0.21063232421875 -0.3094482421875
0.0164604187011719 0.0208930969238281 0.133148193359375 -0.517364501953125
-0.00566196441650391 0.012542724609375 0.61199951171875 -0.377685546875
-0.0463714599609375 -0.0194053649902344 0.72186279296875 0.34332275390625
-0.0248336791992188 -0.0548934936523438 0.17706298828125 0.89788818359375
0.0325679779052734 -0.0100193023681641 -0.36676025390625 0.6033935546875
0.05712890625 0.0126762390136719 0.0385894775390625 0.0651130676269531
0.0392913818359375 -0.0362510681152344 0.503173828125 -0.58868408203125
-0.00135421752929687 -0.0467872619628906 -0.134033203125 -0.98797607421875
-0.0410194396972656 -0.0194320678710937 -0.807861328125 -0.328369140625
-0.0157051086425781 0.00216579437255859 -0.5631103515625 0.3865966796875
0.0113716125488281 0.0234851837158203 -0.0986328125 0.514007568359375
0.00102996826171875 0.0116243362426758 0.242507934570313 0.262664794921875
0.02850341796875 -0.00864601135253906 0.317230224609375 -0.00244140625
0.0382537841796875 -0.0106849670410156 -0.326080322265625 -0.047088623046875
0.0118579864501953 -0.00034332275390625 -0.2071533203125 -0.30853271484375
0.0183067321777344 0.0193367004394531 0.13714599609375 -0.507659912109375
-0.0016164779663086 0.0125665664672852 0.614501953125 -0.36138916015625
-0.0441207885742188 -0.0160675048828125 0.71734619140625 0.35626220703125
-0.0236854553222656 -0.0493316650390625 0.16156005859375 0.90631103515625
0.0289440155029297 -0.00491905212402344 -0.376708984375 0.60284423828125
0.0537796020507813 0.0157890319824219 0.0348930358886719 0.0642433166503906
0.0359687805175781 -0.0316848754882813 0.5018310546875 -0.58770751953125
-0.00139236450195313 -0.0388259887695313 -0.134033203125 -0.9833984375
-0.0375747680664063 -0.0158424377441406 -0.8028564453125 -0.31915283203125
-0.0115928649902344 0.00178337097167969 -0.557098388671875 0.396484375
0.0124530792236328 0.0221881866455078 -0.096038818359375 0.516632080078125
-0.00126886367797851 0.00786018371582031 0.246826171875 0.261825561523438
0.0272789001464844 -0.0133762359619141 0.320892333984375 -0.000518798828125001
0.038970947265625 -0.0157279968261719 -0.3221435546875 -0.0482788085937501
0.00893688201904297 -0.00692653656005859 -0.199432373046875 -0.310028076171875
0.0202884674072266 0.0138950347900391 0.140350341796875 -0.50506591796875
0.00464344024658203 0.0129060745239258 0.620361328125 -0.3533935546875
-0.0369796752929688 -0.0101089477539063 0.71722412109375 0.3653564453125
-0.0222892761230469 -0.0410232543945312 0.15655517578125 0.90777587890625
0.0243377685546875 -0.000524520874023438 -0.38177490234375 0.60125732421875
0.0466842651367188 0.0160446166992188 0.0336189270019531 0.06268310546875
0.0318164825439453 -0.0281791687011719 0.4925537109375 -0.58837890625
0.000692367553710939 -0.0307960510253906 -0.1468505859375 -0.97607421875
-0.0310459136962891 -0.00764656066894531 -0.80572509765625 -0.303955078125
-0.0053563117980957 0.00195407867431641 -0.553070068359375 0.405731201171875
0.0152683258056641 0.0182819366455078 -0.091278076171875 0.521636962890625
-0.00155472755432129 0.00268340110778809 0.249801635742188 0.262939453125
0.0259418487548828 -0.0207042694091797 0.32305908203125 0.00311279296875
0.0371856689453125 -0.0195465087890625 -0.31829833984375 -0.044464111328125
0.00824928283691406 -0.014984130859375 -0.195709228515625 -0.31060791015625
0.0240039825439453 0.00861740112304688 0.145050048828125 -0.502777099609375
0.0119256973266602 0.0126638412475586 0.624267578125 -0.3455810546875
-0.0304145812988281 -0.00236511230468751 0.71551513671875 0.37799072265625
-0.0206146240234375 -0.0306415557861328 0.14862060546875 0.91473388671875
0.0212154388427734 0.00543403625488281 -0.38629150390625 0.60076904296875
0.0408973693847656 0.0167160034179688 0.0340995788574219 0.0601119995117188
0.0268344879150391 -0.0250205993652344 0.4881591796875 -0.5938720703125
0.00132179260253906 -0.0208015441894531 -0.1552734375 -0.97479248046875
-0.0225543975830078 -0.000232696533203122 -0.80670166015625 -0.29522705078125
0.00340819358825684 0.000206232070922852 -0.546295166015625 0.41461181640625
0.0189857482910156 0.0128250122070313 -0.088104248046875 0.524932861328125
-0.00252056121826172 -0.00486850738525391 0.254531860351563 0.26141357421875
0.0239849090576172 -0.0258731842041016 0.325042724609375 0.00469970703125
0.0356712341308594 -0.0213546752929688 -0.31695556640625 -0.0415344238281251
0.00886344909667969 -0.0232334136962891 -0.191802978515625 -0.3133544921875
0.0273799896240234 0.00179672241210938 0.148345947265625 -0.50140380859375
0.0200901031494141 0.0136775970458984 0.62786865234375 -0.3402099609375
-0.0231113433837891 0.00547409057617187 0.7125244140625 0.38232421875
-0.0175704956054687 -0.0211677551269531 0.1407470703125 0.9161376953125
0.0157232284545898 0.00874042510986328 -0.39239501953125 0.59710693359375
0.036529541015625 0.0160636901855469 0.0373611450195313 0.0587196350097656
0.0231342315673828 -0.0212135314941406 0.48773193359375 -0.5966796875
0.00200366973876953 -0.0105342864990234 -0.15960693359375 -0.97430419921875
-0.0126066207885742 0.00801372528076172 -0.8070068359375 -0.28851318359375
0.0112781524658203 -5.53131103515625E-05 -0.544219970703125 0.41436767578125
0.0227222442626953 0.00535964965820312 -0.0872802734375 0.5247802734375
-0.00224876403808594 -0.0131711959838867 0.254547119140625 0.260589599609375
0.0230827331542969 -0.0292110443115234 0.325592041015625 0.006011962890625
0.0348186492919922 -0.023773193359375 -0.316619873046875 -0.04156494140625
0.0104217529296875 -0.0311317443847656 -0.190093994140625 -0.31536865234375
0.0313606262207031 -0.00580215454101563 0.14837646484375 -0.507110595703125
0.0271434783935547 0.0145835876464844 0.6279296875 -0.345703125
-0.0157051086425781 0.0136308670043945 0.71527099609375 0.380126953125
-0.0153131484985352 -0.0134763717651367 0.142822265625 0.9140625
0.0145034790039063 0.00984382629394531 -0.38671875 0.594970703125
0.0331459045410156 0.013763427734375 0.0412712097167969 0.0563201904296875
0.0187835693359375 -0.0201187133789063 0.48486328125 -0.6024169921875
0.00488948822021484 -0.00302553176879883 -0.16583251953125 -0.9781494140625
-0.0045318603515625 0.0156021118164062 -0.80975341796875 -0.29034423828125
0.0181465148925781 -0.00203704833984375 -0.54510498046875 0.4154052734375
0.0259895324707031 -0.0005645751953125 -0.08575439453125 0.5240478515625
-0.000686645507812499 -0.0204906463623047 0.255035400390625 0.25823974609375
0.0210704803466797 -0.0317497253417969 0.324493408203125 0.007720947265625
0.0405654907226562 -0.00225067138671875 -0.33868408203125 -0.0505065917968751
0.0155124664306641 -0.00129795074462891 -0.22430419921875 -0.311676025390625
0.0192756652832031 0.0161819458007813 0.115875244140625 -0.534942626953125
-0.00343227386474609 0.0134963989257813 0.595947265625 -0.41033935546875
-0.04364013671875 -0.0143661499023437 0.729248046875 0.3099365234375
-0.0226364135742187 -0.054046630859375 0.20574951171875 0.88409423828125
0.0338916778564453 -0.0155277252197266 -0.340576171875 0.60504150390625
0.0602455139160156 0.00865936279296875 0.0515861511230469 0.0615272521972656
0.0396614074707031 -0.0423507690429688 0.50457763671875 -0.603515625
0.00165939331054687 -0.0457954406738281 -0.14739990234375 -1.00146484375
-0.0366172790527344 -0.0160446166992188 -0.8193359375 -0.33782958984375
-0.0137519836425781 0.00235176086425781 -0.5635986328125 0.3773193359375
0.01409912109375 0.0196208953857422 -0.09539794921875 0.503509521484375
0.00529670715332031 0.0091705322265625 0.235870361328125 0.253524780273438
0.0291786193847656 -0.00377655029296875 0.3095703125 -0.010162353515625
0.0379295349121094 -0.00316238403320313 -0.336700439453125 -0.0440673828125
0.0154447555541992 0.00152969360351563 -0.223175048828125 -0.306396484375
0.0169391632080078 0.0199909210205078 0.117645263671875 -0.522613525390625
-0.00598907470703125 0.0133428573608398 0.5968017578125 -0.40020751953125
-0.0487556457519531 -0.0185470581054687 0.72265625 0.31878662109375
-0.0243988037109375 -0.0557708740234375 0.1915283203125 0.8883056640625
0.0329437255859375 -0.0126285552978516 -0.35247802734375 0.6058349609375
0.0602912902832031 0.0119895935058594 0.0437965393066406 0.0633659362792969
0.0394554138183594 -0.0381050109863281 0.506591796875 -0.5955810546875
-0.00287246704101562 -0.0478630065917969 -0.138427734375 -0.99163818359375
-0.0407943725585938 -0.0197486877441406 -0.80865478515625 -0.328369140625
-0.0150318145751953 0.00244426727294922 -0.5618896484375 0.385498046875
0.0120639801025391 0.022247314453125 -0.093109130859375 0.50701904296875
0.00233840942382813 0.0100679397583008 0.242813110351563 0.255172729492188
0.0268363952636719 -0.00398063659667969 0.314300537109375 -0.01239013671875
0.0392265319824219 -0.007781982421875 -0.332977294921875 -0.046875
0.0130271911621094 0.00301074981689453 -0.21759033203125 -0.306121826171875
0.0173492431640625 0.0210380554199219 0.120513916015625 -0.51953125
-0.00565052032470703 0.0131912231445313 0.60205078125 -0.3865966796875
-0.0472412109375 -0.0173568725585938 0.72650146484375 0.32928466796875
-0.0247421264648437 -0.0546875 0.189697265625 0.89410400390625
0.0322513580322266 -0.0103187561035156 -0.35693359375 0.60650634765625
0.0575904846191406 0.0139808654785156 0.0395011901855469 0.0633316040039063
0.0376663208007813 -0.0375595092773437 0.49273681640625 -0.5960693359375
-0.00172042846679688 -0.0465431213378906 -0.15087890625 -0.986572265625
-0.0407638549804688 -0.0183258056640625 -0.81396484375 -0.31414794921875
-0.0152778625488281 0.00220584869384766 -0.556182861328125 0.39825439453125
0.0122566223144531 0.0233192443847656 -0.0898437500000001 0.513885498046875
0.00132274627685547 0.0124006271362305 0.246307373046875 0.258148193359375
0.0275287628173828 -0.0102710723876953 0.318603515625 -0.0078125
0.0378379821777344 -0.010894775390625 -0.3277587890625 -0.0417785644531249
0.00989532470703125 0.000424385070800781 -0.21142578125 -0.305084228515625
0.01824951171875 0.0181808471679688 0.126708984375 -0.510772705078125
-0.00181484222412109 0.0121526718139648 0.60626220703125 -0.373779296875
-0.0441436767578125 -0.0156669616699219 0.72052001953125 0.34161376953125
-0.0245285034179687 -0.0484199523925781 0.17657470703125 0.90264892578125
0.0287628173828125 -0.00571823120117188 -0.36761474609375 0.60760498046875
0.0530014038085938 0.0156745910644531 0.0354766845703125 0.0631752014160156
0.0340709686279297 -0.0329093933105469 0.49169921875 -0.59552001953125
-0.00265121459960938 -0.0388259887695313 -0.15093994140625 -0.979248046875
-0.0377120971679688 -0.0141143798828125 -0.80859375 -0.304931640625
-0.0113849639892578 0.00155925750732422 -0.54925537109375 0.406646728515625
0.0133724212646484 0.0211677551269531 -0.08551025390625 0.51885986328125
-0.00061798095703125 0.00806570053100586 0.252548217773438 0.255874633789063
0.0264358520507813 -0.0147342681884766 0.320159912109375 -0.007415771484375
0.0367050170898438 -0.0177001953125 -0.325042724609375 -0.04144287109375
0.00826120376586914 -0.00583124160766602 -0.205780029296875 -0.305450439453125
0.0208511352539062 0.0141887664794922 0.129608154296875 -0.508392333984375
0.00372028350830078 0.0130748748779297 0.6116943359375 -0.36553955078125
-0.03802490234375 -0.00965118408203125 0.720703125 0.3538818359375
-0.0218505859375 -0.0406379699707031 0.17138671875 0.90472412109375
0.0258426666259766 -0.000574111938476563 -0.3712158203125 0.60546875
0.0464553833007812 0.0166168212890625 0.0335159301757812 0.0613822937011719
0.0304889678955078 -0.0289535522460938 0.48175048828125 -0.595458984375
-0.00167655944824219 -0.0303916931152344 -0.16278076171875 -0.97210693359375
-0.0312290191650391 -0.00722694396972656 -0.80908203125 -0.289306640625
-0.00575590133666992 0.00196361541748047 -0.545379638671875 0.4166259765625
0.0161018371582031 0.0180473327636719 -0.08062744140625 0.52435302734375
-0.00175166130065918 0.00268745422363281 0.255416870117188 0.258438110351563
0.0258522033691406 -0.0213623046875 0.324737548828125 -0.00335693359375
0.0365066528320313 -0.0197563171386719 -0.320709228515625 -0.036407470703125
0.00788402557373047 -0.0152244567871094 -0.202484130859375 -0.30743408203125
0.0236015319824219 0.00807571411132813 0.13470458984375 -0.505645751953125
0.0116033554077148 0.0123767852783203 0.61505126953125 -0.35748291015625
-0.0315418243408203 -0.00259590148925781 0.72137451171875 0.36358642578125
-0.0197296142578125 -0.0308303833007812 0.1636962890625 0.91162109375
0.0209083557128906 0.00334930419921875 -0.37701416015625 0.60565185546875
0.0418701171875 0.0167579650878906 0.0342521667480469 0.0585289001464844
0.0252876281738281 -0.0251293182373047 0.476806640625 -0.60052490234375
0.00110435485839844 -0.0211830139160156 -0.1683349609375 -0.96929931640625
-0.0220203399658203 0.00032806396484375 -0.8114013671875 -0.2818603515625
0.00269007682800293 -0.000109195709228516 -0.5389404296875 0.42401123046875
0.0197277069091797 0.0116786956787109 -0.0777587890625 0.524658203125
-0.00258255004882813 -0.00448131561279297 0.258529663085938 0.256515502929688
0.0248851776123047 -0.0258102416992188 0.3253173828125 -0.0013427734375
0.0353622436523437 -0.0222587585449219 -0.3192138671875 -0.035186767578125
0.00753211975097656 -0.0231552124023437 -0.198028564453125 -0.308929443359375
0.0270023345947266 0.00173377990722656 0.137786865234375 -0.505126953125
0.0195884704589844 0.0135688781738281 0.61859130859375 -0.351806640625
-0.0227680206298828 0.00589752197265625 0.71746826171875 0.36865234375
-0.0165596008300781 -0.0208072662353516 0.15460205078125 0.9141845703125
0.0170497894287109 0.00697994232177734 -0.381103515625 0.6015625
0.0364952087402344 0.0157852172851562 0.0375633239746094 0.0563011169433594
0.0215854644775391 -0.0212993621826172 0.47650146484375 -0.604248046875
0.00283622741699219 -0.0102214813232422 -0.17596435546875 -0.96923828125
-0.0123977661132813 0.00799560546875 -0.81146240234375 -0.2757568359375
0.0117006301879883 -0.00153446197509766 -0.537322998046875 0.4239501953125
0.0235557556152344 0.00513267517089844 -0.0755615234374999 0.5257568359375
-0.00256729125976563 -0.0128421783447266 0.260818481445313 0.254135131835937
0.0219497680664063 -0.0301990509033203 0.32672119140625 0.000244140624999998
0.0334682464599609 -0.0257339477539063 -0.318084716796875 -0.0349426269531251
0.00848960876464844 -0.0308742523193359 -0.19598388671875 -0.3131103515625
0.0307102203369141 -0.00616455078125 0.138946533203125 -0.510009765625
0.0277652740478516 0.0140228271484375 0.62054443359375 -0.35565185546875
-0.0158634185791016 0.0141277313232422 0.7188720703125 0.3690185546875
-0.0143747329711914 -0.013117790222168 0.158203125 0.91119384765625
0.0140600204467773 0.00915145874023438 -0.37774658203125 0.5999755859375
0.0331745147705078 0.0135211944580078 0.0407905578613281 0.054443359375
0.0173912048339844 -0.0204849243164063 0.474365234375 -0.60931396484375
0.00505447387695313 -0.00267696380615234 -0.18280029296875 -0.97393798828125
-0.00366497039794922 0.0159788131713867 -0.81536865234375 -0.27581787109375
0.0177879333496094 -0.00251388549804688 -0.53643798828125 0.42431640625
0.0265846252441406 -0.00125694274902344 -0.076080322265625 0.525177001953125
-0.000709533691406251 -0.0209197998046875 0.25970458984375 0.253082275390625
0.0204105377197266 -0.0328712463378906 0.325653076171875 0.001708984375
0.0390357971191406 -0.00307083129882813 -0.3397216796875 -0.04327392578125
0.0147514343261719 -0.00151348114013672 -0.2310791015625 -0.30633544921875
0.0186004638671875 0.0148544311523438 0.104248046875 -0.535797119140625
-0.00308895111083984 0.0135326385498047 0.58502197265625 -0.42041015625
-0.0445899963378906 -0.0131607055664063 0.731201171875 0.2965087890625
-0.0233840942382813 -0.054168701171875 0.2178955078125 0.87890625
0.0343399047851563 -0.0154342651367188 -0.33099365234375 0.606201171875
0.0602836608886719 0.00809860229492188 0.0529670715332031 0.060760498046875
0.0375137329101563 -0.0421066284179688 0.49420166015625 -0.609375
1.90734863281231E-05 -0.0459442138671875 -0.16180419921875 -0.99542236328125
-0.0364913940429688 -0.0153007507324219 -0.82086181640625 -0.323974609375
-0.0136890411376953 0.0019989013671875 -0.557281494140625 0.38763427734375
0.0142784118652344 0.0189018249511719 -0.086944580078125 0.504302978515625
0.00564384460449219 0.008392333984375 0.239852905273438 0.248672485351563
0.0278339385986328 -0.00526046752929688 0.30987548828125 -0.01568603515625
0.0382804870605469 -0.00359344482421875 -0.33740234375 -0.038238525390625
0.0138721466064453 0.00196743011474609 -0.23016357421875 -0.30218505859375
0.0169792175292969 0.0192813873291016 0.105560302734375 -0.5252685546875
-0.007110595703125 0.0121326446533203 0.5869140625 -0.40679931640625
-0.0475234985351563 -0.0171661376953125 0.72430419921875 0.3052978515625
-0.0263481140136719 -0.0556564331054687 0.204833984375 0.88104248046875
0.0338935852050781 -0.0130424499511719 -0.34161376953125 0.6085205078125
0.0599403381347656 0.0111122131347656 0.0455131530761719 0.06170654296875
0.0372505187988281 -0.038818359375 0.49542236328125 -0.60308837890625
-0.001708984375 -0.0469207763671875 -0.152587890625 -0.9857177734375
-0.0398330688476563 -0.0185813903808594 -0.812744140625 -0.3128662109375
-0.0159835815429688 0.00163555145263672 -0.55352783203125 0.393157958984375
0.0117740631103516 0.0220832824707031 -0.082550048828125 0.50701904296875
0.00369930267333984 0.0104246139526367 0.247634887695313 0.249237060546875
0.0268421173095703 -0.00530624389648438 0.31414794921875 -0.01824951171875
0.0389289855957031 -0.00945281982421875 -0.332489013671875 -0.039825439453125
0.0116090774536133 0.00312709808349609 -0.223968505859375 -0.30194091796875
0.0175151824951172 0.0208644866943359 0.110076904296875 -0.521392822265625
-0.00581836700439453 0.0128612518310547 0.59033203125 -0.3970947265625
-0.0481300354003906 -0.0165214538574219 0.72735595703125 0.31585693359375
-0.0246429443359375 -0.0545310974121094 0.20465087890625 0.8907470703125
0.0320930480957031 -0.0109844207763672 -0.34661865234375 0.61065673828125
0.0567054748535156 0.0133399963378906 0.0405349731445313 0.0606498718261719
0.0363121032714844 -0.0383682250976563 0.4840087890625 -0.60223388671875
-0.00241470336914062 -0.0456886291503906 -0.16510009765625 -0.97857666015625
-0.0412216186523438 -0.0181007385253906 -0.81591796875 -0.30047607421875
-0.0166749954223633 0.00175380706787109 -0.549346923828125 0.40655517578125
0.0130119323730469 0.0227012634277344 -0.080352783203125 0.517181396484375
0.00179195404052734 0.0118827819824219 0.249420166015625 0.252120971679688
0.0276737213134766 -0.0110530853271484 0.318450927734375 -0.014862060546875
0.0371513366699219 -0.0122528076171875 -0.32830810546875 -0.034515380859375
0.0103292465209961 -0.000632286071777344 -0.218719482421875 -0.300689697265625
0.0180587768554688 0.0197257995605469 0.115386962890625 -0.51300048828125
-0.00269508361816406 0.0122137069702148 0.59783935546875 -0.38427734375
-0.0447959899902344 -0.0143203735351562 0.72369384765625 0.32977294921875
-0.0241737365722656 -0.0484886169433594 0.18902587890625 0.89691162109375
0.0296516418457031 -0.00592613220214844 -0.35711669921875 0.61138916015625
0.052978515625 0.0147056579589844 0.0365982055664063 0.0612106323242188
0.0334300994873047 -0.0321140289306641 0.4815673828125 -0.601806640625
-0.00221633911132812 -0.0387077331542969 -0.16644287109375 -0.97283935546875
-0.0372810363769531 -0.0138015747070313 -0.8118896484375 -0.2904052734375
-0.0120182037353516 0.00138759613037109 -0.54248046875 0.416107177734375
0.0145339965820313 0.021209716796875 -0.0763854980468749 0.518951416015625
-0.000632286071777343 0.00809907913208008 0.255523681640625 0.251327514648438
0.0262775421142578 -0.0151958465576172 0.320587158203125 -0.012542724609375
0.0378074645996094 -0.0181465148925781 -0.325042724609375 -0.0342407226562499
0.00836658477783203 -0.00565958023071289 -0.211700439453125 -0.30133056640625
0.0211620330810547 0.0136947631835938 0.119384765625 -0.510498046875
0.00239086151123047 0.0112237930297852 0.60430908203125 -0.3741455078125
-0.0393409729003906 -0.00946044921875 0.72576904296875 0.3380126953125
-0.021942138671875 -0.0406684875488281 0.1859130859375 0.899169921875
0.0259628295898437 -0.000995635986328125 -0.362060546875 0.6094970703125
0.0464019775390625 0.0158462524414063 0.0343399047851562 0.0593986511230469
0.0282745361328125 -0.0295677185058594 0.472412109375 -0.604248046875
-0.001953125 -0.0297966003417969 -0.1759033203125 -0.96728515625
-0.0303573608398438 -0.00720787048339843 -0.81304931640625 -0.27508544921875
-0.00488138198852539 0.000508785247802733 -0.535552978515625 0.424560546875
0.0168619155883789 0.017512321472168 -0.073089599609375 0.52288818359375
-0.00155305862426758 0.00254082679748535 0.258544921875 0.253936767578125
0.0239982604980469 -0.0224246978759766 0.324188232421875 -0.009765625
0.0354728698730469 -0.0219192504882813 -0.322235107421875 -0.0306396484375
0.00683498382568359 -0.0144872665405273 -0.20843505859375 -0.302032470703125
0.0236988067626953 0.00803565979003906 0.124237060546875 -0.507171630859375
0.0110702514648437 0.0114612579345703 0.60601806640625 -0.3673095703125
-0.0314044952392578 -0.00118255615234375 0.72283935546875 0.34869384765625
-0.0197277069091797 -0.0305652618408203 0.17803955078125 0.9061279296875
0.0213985443115234 0.00351333618164062 -0.365966796875 0.60931396484375
0.0411872863769531 0.0151176452636719 0.0352516174316406 0.0581207275390625
0.0235214233398438 -0.0248432159423828 0.46685791015625 -0.6053466796875
0.00089454650878906 -0.0207118988037109 -0.185791015625 -0.9637451171875
-0.02166748046875 0.000249862670898435 -0.81396484375 -0.2664794921875
0.00231122970581055 -0.000376224517822266 -0.532073974609375 0.432891845703125
0.0201740264892578 0.0107631683349609 -0.0697021484375 0.527252197265625
-0.002685546875 -0.00458145141601563 0.262786865234375 0.251174926757813
0.0223903656005859 -0.0262603759765625 0.326080322265625 -0.00872802734375
0.0359725952148438 -0.0234527587890625 -0.320404052734375 -0.029388427734375
0.00687980651855469 -0.0226650238037109 -0.204742431640625 -0.305908203125
0.0279369354248047 0.000823974609375 0.126953125 -0.506744384765625
0.0187854766845703 0.0124187469482422 0.60943603515625 -0.36334228515625
-0.0235614776611328 0.00602149963378906 0.7213134765625 0.35626220703125
-0.0163917541503906 -0.0214481353759766 0.16839599609375 0.90863037109375
0.0179538726806641 0.00833702087402344 -0.37139892578125 0.60430908203125
0.0358543395996094 0.0148658752441406 0.0383148193359375 0.0553245544433594
0.0210514068603516 -0.0208683013916016 0.46527099609375 -0.60955810546875
0.00311279296875 -0.00968742370605469 -0.1907958984375 -0.96441650390625
-0.0116844177246094 0.008819580078125 -0.81317138671875 -0.2620849609375
0.00999736785888672 -0.00136756896972656 -0.52685546875 0.43353271484375
0.0242786407470703 0.0045928955078125 -0.06622314453125 0.524261474609375
-0.00249004364013672 -0.0133705139160156 0.263778686523438 0.2501220703125
0.0210151672363281 -0.0311565399169922 0.32623291015625 -0.006988525390625
0.0342636108398438 -0.0268821716308594 -0.320220947265625 -0.028411865234375
0.00762557983398437 -0.0312538146972656 -0.202392578125 -0.30889892578125
0.0305385589599609 -0.00718307495117188 0.12847900390625 -0.5125732421875
0.0266284942626953 0.0132274627685547 0.61053466796875 -0.3662109375
-0.0164728164672852 0.0145416259765625 0.72308349609375 0.3544921875
-0.0144748687744141 -0.0134286880493164 0.171630859375 0.9068603515625
0.0156230926513672 0.00906753540039063 -0.3682861328125 0.60272216796875
0.0335273742675781 0.01312255859375 0.0424652099609375 0.0539665222167969
0.0170402526855469 -0.0199203491210938 0.464111328125 -0.6148681640625
0.00541591644287109 -0.00315189361572266 -0.197509765625 -0.96630859375
-0.00368022918701172 0.0161705017089844 -0.8192138671875 -0.26007080078125
0.0175590515136719 -0.00283050537109375 -0.5301513671875 0.432037353515625
0.0266075134277344 -0.00183296203613281 -0.0673828124999999 0.525238037109375
-0.00161170959472656 -0.0207595825195313 0.263046264648438 0.24847412109375
0.0191535949707031 -0.0332374572753906 0.325164794921875 -0.0047607421875
0.0387191772460938 -0.00519943237304688 -0.340087890625 -0.037506103515625
0.0145683288574219 -0.00175857543945312 -0.236358642578125 -0.301239013671875
0.0193653106689453 0.0154552459716797 0.093994140625 -0.535675048828125
-0.00359725952148437 0.0127840042114258 0.5733642578125 -0.42803955078125
-0.0454826354980469 -0.0118484497070313 0.73260498046875 0.2835693359375
-0.0232963562011719 -0.0541191101074219 0.232177734375 0.87176513671875
0.034759521484375 -0.0154075622558594 -0.32073974609375 0.60784912109375
0.0589942932128906 0.00729751586914062 0.0527000427246094 0.0585060119628906
0.0357933044433594 -0.0422630310058594 0.4820556640625 -0.6134033203125
-0.000484466552734373 -0.0452766418457031 -0.17620849609375 -0.9892578125
-0.036468505859375 -0.01446533203125 -0.82427978515625 -0.307373046875
-0.0135164260864258 0.00144672393798828 -0.54852294921875 0.393707275390625
0.0149345397949219 0.0184574127197266 -0.07598876953125 0.503570556640625
0.00581693649291992 0.00855541229248047 0.2430419921875 0.242523193359375
0.027801513671875 -0.00600433349609375 0.3095703125 -0.022247314453125
0.0378646850585938 -0.0047149658203125 -0.338226318359375 -0.030517578125
0.0138931274414063 0.00179290771484375 -0.233856201171875 -0.29693603515625
0.0170822143554688 0.0189456939697266 0.0946655273437499 -0.523345947265625
-0.00605297088623047 0.0125255584716797 0.57452392578125 -0.41766357421875
-0.0493659973144531 -0.0161705017089844 0.72491455078125 0.2923583984375
-0.0254707336425781 -0.0557174682617188 0.217041015625 0.8759765625
0.0336971282958984 -0.0134315490722656 -0.33148193359375 0.608642578125
0.0590095520019531 0.0112380981445313 0.0461273193359375 0.0602607727050781
0.0357322692871094 -0.0383682250976563 0.48394775390625 -0.60791015625
-0.003570556640625 -0.046478271484375 -0.16845703125 -0.976806640625
-0.0415077209472656 -0.0184059143066406 -0.81121826171875 -0.299072265625
-0.0157384872436523 0.00234317779541016 -0.541900634765625 0.401641845703125
0.012359619140625 0.0215263366699219 -0.0743408203125 0.505645751953125
0.00403690338134766 0.0109634399414063 0.250091552734375 0.243820190429688
0.0258941650390625 -0.00498771667480469 0.3123779296875 -0.023895263671875
0.0385818481445313 -0.0104751586914063 -0.3338623046875 -0.0330810546875
0.011937141418457 0.00256633758544922 -0.22894287109375 -0.29705810546875
0.0181713104248047 0.0198249816894531 0.0986328125 -0.522003173828125
-0.00679874420166016 0.0127372741699219 0.5799560546875 -0.40643310546875
-0.0483322143554688 -0.0156707763671875 0.72894287109375 0.30267333984375
-0.0250244140625 -0.0542793273925781 0.2156982421875 0.880859375
0.0331516265869141 -0.0114994049072266 -0.33648681640625 0.61065673828125
0.0568389892578125 0.0122032165527344 0.0415992736816406 0.0603523254394531
0.0339393615722656 -0.0377273559570312 0.470947265625 -0.6064453125
-0.00362777709960937 -0.0452690124511719 -0.179931640625 -0.97021484375
-0.040863037109375 -0.0169410705566406 -0.8162841796875 -0.28631591796875
-0.0168266296386719 0.00185108184814453 -0.53936767578125 0.41357421875
0.0128250122070313 0.0225353240966797 -0.0704345703125 0.516387939453125
0.00237655639648437 0.011845588684082 0.252151489257813 0.2467041015625
0.0260334014892578 -0.0114536285400391 0.31585693359375 -0.020416259765625
0.0371475219726563 -0.0132675170898437 -0.328857421875 -0.02764892578125
0.00935745239257812 -0.000401496887207031 -0.22283935546875 -0.295196533203125
0.0184173583984375 0.0185623168945313 0.1041259765625 -0.512115478515625
-0.0032815933227539 0.0120267868041992 0.58624267578125 -0.39337158203125
-0.0457687377929688 -0.0132522583007812 0.72412109375 0.31591796875
-0.0248336791992188 -0.0489082336425781 0.20147705078125 0.89031982421875
0.0301551818847656 -0.00601768493652344 -0.3486328125 0.61163330078125
0.0524024963378906 0.0148086547851563 0.0371475219726563 0.0590744018554688
0.0322437286376953 -0.0324668884277344 0.46917724609375 -0.60589599609375
-0.0023651123046875 -0.0378913879394531 -0.18023681640625 -0.96435546875
-0.0381126403808594 -0.0128822326660156 -0.81085205078125 -0.27508544921875
-0.0122776031494141 0.00170040130615234 -0.531951904296875 0.423431396484375
0.0146694183349609 0.0201587677001953 -0.066986083984375 0.518463134765625
0.000762939453124999 0.00793695449829102 0.2581787109375 0.2449951171875
0.0241966247558594 -0.0150928497314453 0.319549560546875 -0.01922607421875
0.035736083984375 -0.0203971862792969 -0.324859619140625 -0.0277099609374999
0.00698995590209961 -0.00432777404785156 -0.21759033203125 -0.296417236328125
0.0207786560058594 0.0129661560058594 0.108306884765625 -0.50921630859375
0.00202369689941406 0.0117597579956055 0.59161376953125 -0.38287353515625
-0.0391693115234375 -0.00876235961914062 0.724609375 0.32537841796875
-0.0218124389648437 -0.040130615234375 0.1961669921875 0.89312744140625
0.0262413024902344 -0.00123023986816406 -0.351318359375 0.61114501953125
0.0461387634277344 0.014892578125 0.034942626953125 0.0583877563476563
0.0272293090820313 -0.0287494659423828 0.46051025390625 -0.60540771484375
-0.00231170654296875 -0.0290336608886719 -0.19122314453125 -0.95794677734375
-0.0308303833007813 -0.00573539733886719 -0.81207275390625 -0.26123046875
-0.00630950927734375 0.000295162200927735 -0.5269775390625 0.432159423828125
0.0170755386352539 0.0155601501464844 -0.0611877441406249 0.5223388671875
-0.000976324081420898 0.00216412544250488 0.261459350585938 0.247451782226563
0.0232219696044922 -0.0223045349121094 0.32281494140625 -0.015167236328125
0.0352554321289063 -0.0225067138671875 -0.320953369140625 -0.024627685546875
0.00570774078369141 -0.0141086578369141 -0.214141845703125 -0.29815673828125
0.0231361389160156 0.00763702392578125 0.11328125 -0.508056640625
0.00974750518798828 0.0115776062011719 0.5950927734375 -0.375244140625
-0.0314083099365234 -0.000598907470703129 0.723388671875 0.3358154296875
-0.0196628570556641 -0.0307693481445312 0.18890380859375 0.89801025390625
0.0221710205078125 0.00363922119140625 -0.3564453125 0.60980224609375
0.0411758422851563 0.0156631469726563 0.0354537963867188 0.0556449890136719
0.0227642059326172 -0.0239772796630859 0.45635986328125 -0.61077880859375
0.000185012817382812 -0.0194644927978516 -0.19927978515625 -0.95550537109375
-0.0211601257324219 0.00132560729980469 -0.81317138671875 -0.25128173828125
0.00149333477020264 -0.000719785690307617 -0.51995849609375 0.439605712890625
0.0204696655273438 0.0099334716796875 -0.059326171875 0.524749755859375
-0.00220561027526856 -0.00435566902160645 0.266403198242187 0.244949340820313
0.0220947265625 -0.0278434753417969 0.3253173828125 -0.01373291015625
0.0335369110107422 -0.0253734588623047 -0.319976806640625 -0.0225219726562499
0.00586318969726562 -0.0228595733642578 -0.21063232421875 -0.300872802734375
0.0271701812744141 -0.000392913818359375 0.115966796875 -0.50634765625
0.0186786651611328 0.0118942260742188 0.59893798828125 -0.3720703125
-0.0233783721923828 0.00658988952636719 0.720458984375 0.3428955078125
-0.0168895721435547 -0.0208969116210938 0.18121337890625 0.9013671875
0.0196743011474609 0.0072174072265625 -0.3609619140625 0.6063232421875
0.0364913940429688 0.0152702331542969 0.0382003784179687 0.0533103942871094
0.0187301635742188 -0.0209274291992188 0.45391845703125 -0.61328125
0.00203227996826172 -0.00914859771728516 -0.20416259765625 -0.9530029296875
-0.0123891830444336 0.00910758972167969 -0.8143310546875 -0.2476806640625
0.0100173950195313 -0.00266933441162109 -0.518280029296875 0.4405517578125
0.0235366821289063 0.00469017028808594 -0.056610107421875 0.523834228515625
-0.00257968902587891 -0.0126714706420898 0.267303466796875 0.242919921875
0.019744873046875 -0.031219482421875 0.324737548828125 -0.011932373046875
0.0328617095947266 -0.0275611877441406 -0.31939697265625 -0.0214233398437501
0.00671005249023438 -0.0306529998779297 -0.208587646484375 -0.303802490234375
0.0304965972900391 -0.00687217712402344 0.116424560546875 -0.511993408203125
0.0264053344726563 0.0126628875732422 0.60015869140625 -0.37506103515625
-0.0158157348632813 0.0148324966430664 0.72222900390625 0.33966064453125
-0.0139274597167969 -0.0139913558959961 0.18377685546875 0.8980712890625
0.015960693359375 0.00896072387695313 -0.35882568359375 0.60284423828125
0.0331687927246094 0.013153076171875 0.0430984497070313 0.050933837890625
0.0155448913574219 -0.0204601287841797 0.45086669921875 -0.619384765625
0.00493764877319336 -0.00265312194824219 -0.2115478515625 -0.95684814453125
-0.00297164916992187 0.0159969329833984 -0.81781005859375 -0.2469482421875
0.0168609619140625 -0.00377559661865234 -0.519073486328125 0.44061279296875
0.0264873504638672 -0.00262451171875 -0.057647705078125 0.52349853515625
-0.00176239013671875 -0.0209732055664063 0.265869140625 0.242263793945313
0.0179595947265625 -0.0340938568115234 0.325286865234375 -0.011077880859375
0.0388069152832031 -0.00569534301757812 -0.339630126953125 -0.030975341796875
0.014918327331543 -0.00115108489990234 -0.240386962890625 -0.295440673828125
0.0191230773925781 0.0149707794189453 0.08203125 -0.53363037109375
-0.00445747375488281 0.0126380920410156 0.5616455078125 -0.433258056640625
-0.045074462890625 -0.0116310119628906 0.7291259765625 0.2713623046875
-0.0234260559082031 -0.053497314453125 0.24267578125 0.86126708984375
0.0341758728027344 -0.0161838531494141 -0.310302734375 0.60589599609375
0.058990478515625 0.00788497924804688 0.0531578063964844 0.056976318359375
0.0343132019042969 -0.0410270690917969 0.46905517578125 -0.61505126953125
-0.000934600830078126 -0.0443305969238281 -0.18829345703125 -0.9754638671875
-0.0360221862792969 -0.0139236450195313 -0.82135009765625 -0.29437255859375
-0.0139083862304688 0.0022735595703125 -0.5394287109375 0.400421142578125
0.0158176422119141 0.0173587799072266 -0.0686645507812499 0.501556396484375
0.00592994689941406 0.00911140441894531 0.244720458984375 0.236953735351563
0.0272502899169922 -0.00668525695800781 0.306976318359375 -0.027618408203125
0.0366668701171875 -0.00594711303710937 -0.337066650390625 -0.0252990722656249
0.0136184692382812 0.00256156921386719 -0.238037109375 -0.291015625
0.017974853515625 0.0187911987304687 0.0857849121093751 -0.52325439453125
-0.00677108764648438 0.0120620727539063 0.561309814453125 -0.422515869140625
-0.049041748046875 -0.0148963928222656 0.7222900390625 0.2784423828125
-0.02587890625 -0.0551567077636719 0.22650146484375 0.8653564453125
0.0343074798583984 -0.014373779296875 -0.32232666015625 0.60748291015625
0.059112548828125 0.0114822387695313 0.0464897155761719 0.0580978393554688
0.0344810485839844 -0.0390625 0.47271728515625 -0.6090087890625
-0.00397109985351563 -0.0450897216796875 -0.1788330078125 -0.9677734375
-0.0412826538085938 -0.0165977478027344 -0.81097412109375 -0.28314208984375
-0.0172128677368164 0.00242424011230469 -0.531829833984375 0.40765380859375
0.0140323638916016 0.0206565856933594 -0.06500244140625 0.50543212890625
0.00376033782958984 0.00993156433105469 0.251510620117188 0.2374267578125
0.0254611968994141 -0.00584030151367187 0.311004638671875 -0.02874755859375
0.0375404357910156 -0.0119895935058594 -0.333465576171875 -0.026641845703125
0.0112419128417969 0.00381946563720703 -0.23388671875 -0.29168701171875
0.0183696746826172 0.0202426910400391 0.0879821777343751 -0.519744873046875
-0.00635242462158203 0.0129432678222656 0.5682373046875 -0.41180419921875
-0.0485763549804688 -0.0145149230957031 0.7255859375 0.2890625
-0.0254440307617188 -0.0538673400878906 0.22735595703125 0.8714599609375
0.0323410034179687 -0.011566162109375 -0.3251953125 0.6099853515625
0.0560798645019531 0.0120582580566406 0.0402641296386719 0.0575828552246094
0.0325393676757813 -0.0365447998046875 0.4598388671875 -0.608154296875
-0.00397109985351563 -0.0436782836914063 -0.1915283203125 -0.95989990234375
-0.0414657592773438 -0.015899658203125 -0.814208984375 -0.27166748046875
-0.0165719985961914 0.00187397003173828 -0.528533935546875 0.418670654296875
0.0138225555419922 0.0213947296142578 -0.0616455078125 0.511627197265625
0.00229263305664062 0.0120811462402344 0.255599975585938 0.240997314453125
0.0253829956054687 -0.0129184722900391 0.31451416015625 -0.0255126953125
0.0360488891601563 -0.0146064758300781 -0.32781982421875 -0.021484375
0.00915050506591797 0.000818252563476563 -0.22796630859375 -0.28985595703125
0.0194015502929688 0.0177268981933594 0.09490966796875 -0.51068115234375
-0.00335884094238281 0.011683464050293 0.57305908203125 -0.39984130859375
-0.0462684631347656 -0.0132827758789063 0.72235107421875 0.30218505859375
-0.0243377685546875 -0.0482902526855469 0.21380615234375 0.88079833984375
0.0302200317382813 -0.00652694702148438 -0.33721923828125 0.6099853515625
0.0525321960449219 0.0147285461425781 0.0362396240234375 0.0575904846191406
0.0299739837646484 -0.0325107574462891 0.4586181640625 -0.60675048828125
-0.00400161743164063 -0.0371627807617188 -0.19085693359375 -0.9542236328125
-0.0374755859375 -0.0123519897460938 -0.80877685546875 -0.2625732421875
-0.0126457214355469 0.000806808471679689 -0.520965576171875 0.427886962890625
0.0145645141601562 0.019775390625 -0.058746337890625 0.5162353515625
-0.000265598297119141 0.0080714225769043 0.260421752929688 0.239532470703125
0.0236988067626953 -0.0161972045898438 0.31756591796875 -0.02423095703125
0.0360260009765625 -0.0207786560058594 -0.32415771484375 -0.02252197265625
0.00750160217285156 -0.00554323196411133 -0.22210693359375 -0.291412353515625
0.0214061737060547 0.0133075714111328 0.0977783203125 -0.508514404296875
0.00226116180419922 0.0117816925048828 0.57843017578125 -0.39019775390625
-0.03851318359375 -0.00742721557617187 0.72332763671875 0.313232421875
-0.022216796875 -0.0399971008300781 0.20928955078125 0.88165283203125
0.0262680053710938 -0.00191497802734375 -0.34197998046875 0.61029052734375
0.0462226867675781 0.0159111022949219 0.0352668762207031 0.0555572509765625
0.025421142578125 -0.0283336639404297 0.44757080078125 -0.60736083984375
-0.002166748046875 -0.0288295745849609 -0.20391845703125 -0.947265625
-0.0295619964599609 -0.00551605224609375 -0.81097412109375 -0.24737548828125
-0.00680351257324219 -0.000811576843261718 -0.5164794921875 0.4368896484375
0.0182552337646484 0.0149459838867187 -0.052825927734375 0.519500732421875
-0.00111055374145508 0.00333428382873535 0.2633056640625 0.240493774414063
0.022552490234375 -0.0230922698974609 0.321563720703125 -0.020751953125
0.0345420837402344 -0.0237159729003906 -0.320526123046875 -0.01873779296875
0.00555038452148437 -0.0135860443115234 -0.2177734375 -0.291748046875
0.024871826171875 0.00638961791992188 0.101959228515625 -0.506134033203125
0.00938892364501953 0.0110092163085938 0.58380126953125 -0.38311767578125
-0.0323677062988281 -0.000581741333007814 0.721923828125 0.32135009765625
-0.0187263488769531 -0.0305213928222656 0.20147705078125 0.88995361328125
0.0225582122802734 0.00245475769042969 -0.347412109375 0.60888671875
0.0412864685058594 0.0148086547851563 0.0350799560546875 0.0537033081054688
0.0214824676513672 -0.0237026214599609 0.44403076171875 -0.61285400390625
0.000219345092773436 -0.0184574127197266 -0.21173095703125 -0.94384765625
-0.0217113494873047 0.00221633911132813 -0.81195068359375 -0.239013671875
0.00145065784454346 -0.00155937671661377 -0.511138916015625 0.445892333984375
0.0202579498291016 0.0101432800292969 -0.04986572265625 0.522064208984375
-0.00223684310913086 -0.00386500358581543 0.268112182617188 0.238494873046875
0.0211143493652344 -0.0274753570556641 0.3233642578125 -0.01885986328125
0.0329971313476563 -0.0258445739746094 -0.319854736328125 -0.01568603515625
0.00561332702636719 -0.0220108032226563 -0.21514892578125 -0.295166015625
0.0270729064941406 0.000597000122070313 0.106048583984375 -0.505157470703125
0.0177154541015625 0.0117473602294922 0.58782958984375 -0.37799072265625
-0.0237655639648438 0.006378173828125 0.72003173828125 0.33026123046875
-0.0169754028320313 -0.0212955474853516 0.19073486328125 0.89312744140625
0.0197849273681641 0.00665855407714844 -0.35040283203125 0.6043701171875
0.03582763671875 0.0154304504394531 0.0377693176269531 0.0512313842773438
0.0171642303466797 -0.0212841033935547 0.44342041015625 -0.6156005859375
0.00238704681396484 -0.00983428955078125 -0.21661376953125 -0.94476318359375
-0.0112228393554688 0.00944042205810547 -0.8116455078125 -0.233642578125
0.00913047790527344 -0.00276947021484375 -0.507080078125 0.446014404296875
0.0247211456298828 0.00336837768554688 -0.047576904296875 0.522491455078125
-0.00280666351318359 -0.012913703918457 0.2684326171875 0.237319946289063
0.0192165374755859 -0.0315818786621094 0.3236083984375 -0.017120361328125
0.0316867828369141 -0.0288581848144531 -0.3193359375 -0.016021728515625
0.00611114501953125 -0.0302886962890625 -0.212982177734375 -0.298919677734375
0.0301513671875 -0.00799942016601563 0.107208251953125 -0.50994873046875
0.0255298614501953 0.0123748779296875 0.5870361328125 -0.3822021484375
-0.015925407409668 0.0140810012817383 0.7208251953125 0.328857421875
-0.0134553909301758 -0.013641357421875 0.19580078125 0.89031982421875
0.0167055130004883 0.00844001770019531 -0.34722900390625 0.603271484375
0.0322628021240234 0.0127735137939453 0.0426139831542969 0.0495071411132813
0.0143089294433594 -0.0200481414794922 0.440185546875 -0.620361328125
0.00528717041015625 -0.00293636322021484 -0.22296142578125 -0.94671630859375
-0.00266170501708984 0.0162019729614258 -0.814697265625 -0.2325439453125
0.0166559219360352 -0.00412178039550781 -0.507843017578125 0.444915771484375
0.0270767211914063 -0.00281715393066406 -0.04791259765625 0.52166748046875
-0.0018310546875 -0.0198440551757812 0.26788330078125 0.236618041992188
0.0168972015380859 -0.0341033935546875 0.323211669921875 -0.015777587890625
0.0371894836425781 -0.00717544555664063 -0.338470458984375 -0.0247802734375
0.0143899917602539 -0.00142955780029297 -0.243743896484375 -0.28997802734375
0.0190658569335938 0.0141181945800781 0.072113037109375 -0.531036376953125
-0.00493335723876953 0.0133571624755859 0.548004150390625 -0.43817138671875
-0.0460014343261719 -0.0106773376464844 0.7264404296875 0.25897216796875
-0.0240707397460937 -0.0530471801757813 0.24951171875 0.85028076171875
0.0342674255371094 -0.0158462524414062 -0.3016357421875 0.604248046875
0.0585174560546875 0.00742721557617188 0.0527534484863281 0.0536537170410156
0.0337791442871094 -0.0407905578613281 0.45745849609375 -0.6148681640625
-0.00135040283203125 -0.0438919067382813 -0.199462890625 -0.9647216796875
-0.0370521545410156 -0.0125236511230469 -0.81829833984375 -0.28057861328125
-0.0145444869995117 0.00287151336669922 -0.528839111328125 0.40435791015625
0.0158786773681641 0.0173063278198242 -0.06097412109375 0.49822998046875
0.00582122802734375 0.00846624374389648 0.245742797851563 0.2315673828125
0.0260467529296875 -0.00714874267578125 0.304962158203125 -0.031951904296875
0.0371322631835938 -0.00708389282226563 -0.3349609375 -0.0198364257812501
0.0132560729980469 0.00241947174072266 -0.240936279296875 -0.2855224609375
0.0183849334716797 0.0188312530517578 0.073333740234375 -0.520233154296875
-0.00662517547607422 0.0130348205566406 0.54913330078125 -0.427398681640625
-0.0491142272949219 -0.0148239135742188 0.71807861328125 0.2681884765625
-0.0260467529296875 -0.0546951293945312 0.234375 0.8565673828125
0.0345916748046875 -0.0146007537841797 -0.31201171875 0.60540771484375
0.0578842163085938 0.0107765197753906 0.0463981628417969 0.0556564331054688
0.0335006713867188 -0.0371170043945313 0.45989990234375 -0.6112060546875
-0.00361251831054687 -0.0445022583007813 -0.18988037109375 -0.955810546875
-0.0404434204101563 -0.0169219970703125 -0.8076171875 -0.271484375
-0.0168018341064453 0.00220298767089844 -0.523193359375 0.412872314453125
0.0138320922851563 0.0208835601806641 -0.05706787109375 0.500396728515625
0.00471401214599609 0.0106334686279297 0.253799438476563 0.231414794921875
0.0255012512207031 -0.007720947265625 0.30865478515625 -0.03436279296875
0.0362968444824219 -0.0122222900390625 -0.331756591796875 -0.020660400390625
0.0111141204833984 0.00422763824462891 -0.237396240234375 -0.286773681640625
0.0188484191894531 0.0195522308349609 0.0784912109375 -0.515838623046875
-0.00738239288330078 0.0118732452392578 0.555755615234375 -0.417022705078125
-0.0482063293457031 -0.0142250061035156 0.72271728515625 0.2764892578125
-0.0260581970214844 -0.0537910461425781 0.236328125 0.86163330078125
0.0329971313476563 -0.0120201110839844 -0.31610107421875 0.60833740234375
0.0561943054199219 0.0120353698730469 0.0406913757324219 0.0562019348144531
0.0314559936523438 -0.0364761352539063 0.44671630859375 -0.60736083984375
-0.0034942626953125 -0.042816162109375 -0.20196533203125 -0.948486328125
-0.0408058166503906 -0.01507568359375 -0.8114013671875 -0.25701904296875
-0.0168399810791016 0.00312232971191406 -0.51885986328125 0.423858642578125
0.0137901306152344 0.0205917358398438 -0.053802490234375 0.5096435546875
0.00198173522949219 0.0111675262451172 0.256423950195313 0.235076904296875
0.0245132446289063 -0.013397216796875 0.312286376953125 -0.03009033203125
0.0355758666992188 -0.0151405334472656 -0.326141357421875 -0.016387939453125
0.00892829895019531 0.000459671020507813 -0.2310791015625 -0.284637451171875
0.0188503265380859 0.0182209014892578 0.0855407714843751 -0.507354736328125
-0.00438976287841797 0.0121574401855469 0.56195068359375 -0.403167724609375
-0.0456962585449219 -0.011749267578125 0.71875 0.2906494140625
-0.0248069763183594 -0.0475692749023438 0.22186279296875 0.87158203125
0.0301437377929688 -0.00673675537109375 -0.32794189453125 0.60833740234375
0.0515861511230469 0.0138435363769531 0.0355491638183594 0.0549583435058594
0.0291881561279297 -0.0316238403320313 0.44537353515625 -0.60870361328125
-0.00407028198242187 -0.0362815856933594 -0.20068359375 -0.94366455078125
-0.037811279296875 -0.0112190246582031 -0.806396484375 -0.24755859375
-0.012669563293457 0.000264167785644529 -0.5126953125 0.431732177734375
0.0153102874755859 0.0191001892089844 -0.049835205078125 0.511199951171875
0.000112056732177735 0.00728273391723633 0.261215209960938 0.233566284179687
0.0237255096435547 -0.0168228149414063 0.3148193359375 -0.028472900390625
0.0345363616943359 -0.0215644836425781 -0.323150634765625 -0.0163879394531251
0.00597524642944336 -0.00494670867919922 -0.226348876953125 -0.28607177734375
0.0212860107421875 0.0130481719970703 0.087921142578125 -0.5059814453125
0.00157260894775391 0.011296272277832 0.5673828125 -0.39532470703125
-0.0389633178710938 -0.00681304931640626 0.71978759765625 0.30145263671875
-0.0215797424316406 -0.0406036376953125 0.2156982421875 0.87396240234375
0.0270481109619141 -0.00254058837890625 -0.33172607421875 0.60699462890625
0.0458412170410156 0.0150489807128906 0.0339431762695313 0.0538558959960937
0.0244293212890625 -0.0278835296630859 0.436279296875 -0.607666015625
-0.00333595275878906 -0.0275611877441406 -0.21307373046875 -0.93310546875
-0.0306205749511719 -0.00547981262207031 -0.8076171875 -0.23370361328125
-0.00632143020629883 -0.000385761260986329 -0.506317138671875 0.44000244140625
0.0185050964355469 0.0154247283935547 -0.046234130859375 0.51593017578125
-0.00021982192993164 0.00303816795349121 0.2646484375 0.23565673828125
0.0207881927490234 -0.0238571166992187 0.318756103515625 -0.02459716796875
0.0327873229980469 -0.0240211486816406 -0.317779541015625 -0.01239013671875
0.00473690032958984 -0.0127086639404297 -0.22235107421875 -0.28692626953125
0.0248470306396484 0.00661087036132812 0.0929565429687501 -0.504150390625
0.00988483428955078 0.0116500854492188 0.5714111328125 -0.388671875
-0.0319728851318359 0.000787734985351564 0.71826171875 0.31085205078125
-0.0193729400634766 -0.0308361053466797 0.2086181640625 0.8798828125
0.0234851837158203 0.00334358215332031 -0.33526611328125 0.6065673828125
0.0406379699707031 0.0149345397949219 0.0350112915039063 0.0509300231933594
0.0198097229003906 -0.0231533050537109 0.431640625 -0.613525390625
1.33514404296872E-05 -0.0179939270019531 -0.22137451171875 -0.93414306640625
-0.021820068359375 0.00185775756835938 -0.8084716796875 -0.22479248046875
0.000565409660339355 -0.0018763542175293 -0.50115966796875 0.449310302734375
0.0208358764648438 0.00931167602539063 -0.04278564453125 0.5179443359375
-0.00184965133666992 -0.00414919853210449 0.268234252929688 0.232421875
0.0206222534179688 -0.0288295745849609 0.321929931640625 -0.0244140625
0.0329971313476563 -0.0263957977294922 -0.31878662109375 -0.0114746093749999
0.00420951843261719 -0.0225028991699219 -0.21771240234375 -0.289703369140625
0.0261821746826172 -0.000942230224609375 0.09539794921875 -0.50244140625
0.0166969299316406 0.0108861923217773 0.5762939453125 -0.38311767578125
-0.0230579376220703 0.00855064392089844 0.7169189453125 0.31658935546875
-0.0159778594970703 -0.0214481353759766 0.20220947265625 0.88232421875
0.0197429656982422 0.00617599487304688 -0.3402099609375 0.60260009765625
0.034576416015625 0.0155544281005859 0.0388145446777344 0.0494651794433594
0.016876220703125 -0.0206050872802734 0.431640625 -0.6160888671875
0.00239276885986328 -0.00897693634033203 -0.22491455078125 -0.9327392578125
-0.0114831924438477 0.00897598266601563 -0.80865478515625 -0.22039794921875
0.00912761688232422 -0.00289154052734375 -0.4974365234375 0.450225830078125
0.0242996215820312 0.00237083435058594 -0.040679931640625 0.51763916015625
-0.00258827209472656 -0.0125789642333984 0.270843505859375 0.231292724609375
0.0172920227050781 -0.0319690704345703 0.321929931640625 -0.0218505859375
0.0310230255126953 -0.0294952392578125 -0.317779541015625 -0.011077880859375
0.00477409362792969 -0.0302028656005859 -0.216339111328125 -0.29290771484375
0.0304450988769531 -0.007965087890625 0.09698486328125 -0.5091552734375
0.0261650085449219 0.0114822387695312 0.57611083984375 -0.38629150390625
-0.0159778594970703 0.0153331756591797 0.71893310546875 0.31640625
-0.0135936737060547 -0.014561653137207 0.20477294921875 0.8802490234375
0.0163421630859375 0.00750541687011719 -0.3375244140625 0.6007080078125
0.0330600738525391 0.0127582550048828 0.0424079895019531 0.0474853515625
0.0133762359619141 -0.0190448760986328 0.42938232421875 -0.6199951171875
0.00482416152954102 -0.00205087661743164 -0.23193359375 -0.93389892578125
-0.00212287902832031 0.0168600082397461 -0.8111572265625 -0.219970703125
0.0157403945922852 -0.00538921356201172 -0.498382568359375 0.4482421875
0.0268802642822266 -0.00422859191894531 -0.04010009765625 0.517181396484375
-0.0016937255859375 -0.0201129913330078 0.269287109375 0.229904174804687
0.0159530639648437 -0.035308837890625 0.321563720703125 -0.02081298828125
0.0370407104492188 -0.00818252563476563 -0.336181640625 -0.019287109375
0.0135183334350586 -0.00128364562988281 -0.24664306640625 -0.283966064453125
0.0195121765136719 0.0140762329101563 0.064300537109375 -0.526580810546875
-0.00468826293945313 0.0130414962768555 0.536712646484375 -0.440521240234375
-0.04595947265625 -0.00995254516601563 0.7205810546875 0.24761962890625
-0.0231208801269531 -0.0535316467285156 0.25445556640625 0.83953857421875
0.0336151123046875 -0.0169677734375 -0.2933349609375 0.59979248046875
0.0582046508789062 0.00716400146484375 0.0520248413085938 0.0528602600097656
0.0317039489746094 -0.0396652221679688 0.447509765625 -0.61285400390625
-0.001800537109375 -0.0431709289550781 -0.206787109375 -0.95220947265625
-0.03656005859375 -0.0119171142578125 -0.8115234375 -0.2679443359375
-0.0152931213378906 0.0020456314086914 -0.51824951171875 0.408447265625
0.0167989730834961 0.0161151885986328 -0.053436279296875 0.494171142578125
0.00679636001586914 0.0084991455078125 0.2464599609375 0.226165771484375
0.0255031585693359 -0.00774955749511719 0.303497314453125 -0.0360107421875
0.0359535217285156 -0.00925064086914063 -0.33355712890625 -0.0134887695312501
0.0127391815185547 0.00210094451904297 -0.2451171875 -0.280029296875
0.0181846618652344 0.0191116333007813 0.066436767578125 -0.515472412109375
-0.00748252868652344 0.0122232437133789 0.53741455078125 -0.429718017578125
-0.0493431091308594 -0.0135459899902344 0.7135009765625 0.257080078125
-0.0257186889648437 -0.0538482666015625 0.2415771484375 0.84613037109375
0.0345745086669922 -0.0148544311523438 -0.30352783203125 0.60107421875
0.0578994750976562 0.0107841491699219 0.0464744567871094 0.0544509887695313
0.0312919616699219 -0.0366058349609375 0.44921875 -0.60882568359375
-0.00445556640625 -0.0436172485351563 -0.1982421875 -0.94305419921875
-0.0396499633789063 -0.0147819519042969 -0.80377197265625 -0.26007080078125
-0.0172967910766602 0.00256061553955078 -0.514678955078125 0.41339111328125
0.0144805908203125 0.019500732421875 -0.05169677734375 0.497772216796875
0.00442600250244141 0.0102996826171875 0.253738403320313 0.22607421875
0.0241012573242188 -0.00805854797363281 0.306976318359375 -0.03704833984375
0.0364456176757813 -0.0134811401367188 -0.32879638671875 -0.015777587890625
0.0109739303588867 0.00396156311035156 -0.23919677734375 -0.280059814453125
0.0191192626953125 0.0197086334228516 0.0687255859375 -0.5118408203125
-0.00708580017089844 0.0124959945678711 0.5439453125 -0.419586181640625
-0.049468994140625 -0.0134086608886719 0.717529296875 0.26556396484375
-0.0258102416992188 -0.0532073974609375 0.24163818359375 0.85186767578125
0.0321502685546875 -0.0119495391845703 -0.30889892578125 0.60400390625
0.0550689697265625 0.0113754272460938 0.0399589538574219 0.0542755126953125
0.0304145812988281 -0.0350837707519531 0.4375 -0.6068115234375
-0.00469589233398438 -0.0416526794433594 -0.20953369140625 -0.9344482421875
-0.0395126342773437 -0.014556884765625 -0.80706787109375 -0.2454833984375
-0.0163145065307617 0.000864982604980468 -0.5087890625 0.42626953125
0.0140533447265625 0.0202426910400391 -0.046630859375 0.50506591796875
0.00287055969238281 0.0114479064941406 0.257354736328125 0.229476928710937
0.0245780944824219 -0.0133209228515625 0.310638427734375 -0.0343017578125
0.0344409942626953 -0.0166091918945312 -0.32281494140625 -0.010589599609375
0.00821685791015625 0.000165939331054687 -0.234161376953125 -0.278060913085938
0.0187969207763672 0.0182399749755859 0.07672119140625 -0.50469970703125
-0.00425910949707031 0.0112762451171875 0.54864501953125 -0.40570068359375
-0.0457229614257813 -0.0120582580566406 0.71368408203125 0.28118896484375
-0.0245513916015625 -0.0481185913085937 0.22808837890625 0.8603515625
0.0303821563720703 -0.00686073303222656 -0.32073974609375 0.60516357421875
0.0513496398925781 0.0140380859375 0.0366134643554688 0.0544662475585938
0.0276298522949219 -0.0311069488525391 0.43511962890625 -0.606201171875
-0.00413894653320313 -0.0356025695800781 -0.20819091796875 -0.93115234375
-0.0371322631835938 -0.0102806091308594 -0.80035400390625 -0.236328125
-0.0130176544189453 0.001556396484375 -0.500823974609375 0.433349609375
0.0162487030029297 0.0181427001953125 -0.043701171875 0.5084228515625
0.000657558441162109 0.007720947265625 0.262313842773438 0.227279663085937
0.0219058990478516 -0.0170173645019531 0.312835693359375 -0.032257080078125
0.033966064453125 -0.0229873657226562 -0.32061767578125 -0.0106506347656251
0.00567340850830078 -0.00420045852661133 -0.227310180664063 -0.279434204101563
0.0213813781738281 0.0124588012695313 0.080535888671875 -0.50262451171875
0.00166511535644531 0.0119209289550781 0.555877685546875 -0.3961181640625
-0.0388717651367188 -0.005828857421875 0.71575927734375 0.28924560546875
-0.0213737487792969 -0.0395469665527344 0.22235107421875 0.86285400390625
0.0276298522949219 -0.00287628173828125 -0.322998046875 0.60394287109375
0.0457916259765625 0.0152168273925781 0.0342788696289062 0.0521774291992188
0.0235786437988281 -0.0270004272460937 0.42584228515625 -0.6065673828125
-0.00166893005371094 -0.0275440216064453 -0.22064208984375 -0.92144775390625
-0.0296363830566406 -0.00427627563476562 -0.80224609375 -0.2218017578125
-0.00778722763061523 0.000782489776611329 -0.496673583984375 0.443145751953125
0.0190563201904297 0.0142745971679688 -0.03997802734375 0.511810302734375
-0.0011371374130249 0.00190067291259766 0.265228271484375 0.229202270507813
0.0204925537109375 -0.0240077972412109 0.31683349609375 -0.0294189453125
0.0334110260009766 -0.0250606536865234 -0.31732177734375 -0.00833129882812498
0.00420761108398438 -0.0124778747558594 -0.22406005859375 -0.28173828125
0.0233249664306641 0.00661468505859375 0.083587646484375 -0.499755859375
0.00910282135009766 0.0106592178344727 0.56005859375 -0.390594482421875
-0.03143310546875 0.00101661682128906 0.7135009765625 0.30108642578125
-0.0188522338867188 -0.0316791534423828 0.21575927734375 0.86920166015625
0.0234718322753906 0.00227165222167969 -0.32769775390625 0.60235595703125
0.0404701232910156 0.016204833984375 0.0351486206054688 0.0501708984375
0.0196380615234375 -0.0230770111083984 0.4215087890625 -0.6107177734375
0.000406265258789064 -0.0181045532226563 -0.22918701171875 -0.91943359375
-0.0206165313720703 0.00265121459960937 -0.8021240234375 -0.21356201171875
0.000382423400878906 -0.0018613338470459 -0.490692138671875 0.450653076171875
0.0214023590087891 0.00851821899414062 -0.03350830078125 0.514129638671875
-0.0026400089263916 -0.00363874435424805 0.2691650390625 0.226913452148438
0.0188179016113281 -0.0281715393066406 0.318023681640625 -0.028564453125
0.0321216583251953 -0.0281867980957031 -0.31646728515625 -0.00448608398437507
0.00423812866210937 -0.0214309692382813 -0.220703125 -0.284759521484375
0.0274009704589844 -0.000650405883789063 0.08758544921875 -0.4998779296875
0.0170993804931641 0.0107498168945313 0.564697265625 -0.38641357421875
-0.0238533020019531 0.00804710388183593 0.71160888671875 0.305419921875
-0.0166511535644531 -0.0223026275634766 0.20709228515625 0.8724365234375
0.0205345153808594 0.00585174560546875 -0.3319091796875 0.59912109375
0.0360488891601563 0.0152931213378906 0.0379905700683594 0.0476837158203125
0.0155773162841797 -0.0190753936767578 0.4207763671875 -0.614990234375
0.00232219696044922 -0.00899124145507813 -0.231201171875 -0.9193115234375
-0.0109701156616211 0.009429931640625 -0.8009033203125 -0.20965576171875
0.00813198089599609 -0.00388288497924805 -0.487335205078125 0.450897216796875
0.0242938995361328 0.00226211547851562 -0.0347900390625 0.513336181640625
-0.00292682647705078 -0.0130395889282227 0.269378662109375 0.2255859375
0.0178012847900391 -0.0310039520263672 0.319122314453125 -0.026763916015625
0.0305442810058594 -0.029541015625 -0.315673828125 -0.00506591796875001
0.00484085083007812 -0.0282611846923828 -0.2197265625 -0.28741455078125
0.0291652679443359 -0.00806427001953125 0.087188720703125 -0.50543212890625
0.0246849060058594 0.0110626220703125 0.565185546875 -0.38995361328125
-0.0161666870117188 0.0153694152832031 0.7135009765625 0.3040771484375
-0.0123434066772461 -0.0147666931152344 0.21026611328125 0.86956787109375
0.0181980133056641 0.00746536254882813 -0.3294677734375 0.59637451171875
0.0320301055908203 0.0125961303710938 0.0418014526367188 0.0459365844726563
0.0123710632324219 -0.0181598663330078 0.41827392578125 -0.6180419921875
0.00524759292602539 -0.0019984245300293 -0.24090576171875 -0.919921875
-0.00183868408203125 0.0164337158203125 -0.80535888671875 -0.20947265625
0.0152454376220703 -0.00559234619140625 -0.488616943359375 0.4488525390625
0.0266571044921875 -0.00445365905761719 -0.033599853515625 0.513702392578125
-0.0024261474609375 -0.0196514129638672 0.268234252929688 0.22467041015625
0.0150394439697266 -0.03509521484375 0.318572998046875 -0.025360107421875
0.0363044738769531 -0.009185791015625 -0.33355712890625 -0.01531982421875
0.0135974884033203 -0.000614166259765625 -0.24810791015625 -0.278106689453125
0.0194606781005859 0.0141239166259766 0.055816650390625 -0.522003173828125
-0.00484752655029297 0.0130767822265625 0.526397705078125 -0.44189453125
-0.045654296875 -0.00930786132812501 0.71270751953125 0.23797607421875
-0.0235061645507813 -0.0525398254394531 0.2579345703125 0.82989501953125
0.0336570739746094 -0.0166378021240234 -0.2867431640625 0.59539794921875
0.0571365356445313 0.00706100463867188 0.0517578125 0.0501213073730469
0.02978515625 -0.0394172668457031 0.43743896484375 -0.61041259765625
-0.00281143188476562 -0.0433540344238281 -0.2135009765625 -0.93902587890625
-0.0347747802734375 -0.0115089416503906 -0.80706787109375 -0.25872802734375
-0.0142278671264648 0.00165557861328125 -0.51019287109375 0.408935546875
0.0159912109375 0.0155887603759766 -0.048828125 0.488861083984375
0.00722551345825195 0.00841856002807617 0.246200561523438 0.221755981445313
0.0247135162353516 -0.00795555114746094 0.300384521484375 -0.03875732421875
0.0352516174316406 -0.00947189331054687 -0.329864501953125 -0.00927734374999999
0.0122804641723633 0.00260448455810547 -0.246139526367188 -0.273696899414062
0.0181808471679687 0.01910400390625 0.058685302734375 -0.51177978515625
-0.00767898559570313 0.0131721496582031 0.5267333984375 -0.43115234375
-0.0497474670410156 -0.0128746032714844 0.707275390625 0.2476806640625
-0.0260391235351563 -0.0546340942382812 0.24407958984375 0.834228515625
0.0338382720947266 -0.0143814086914063 -0.297119140625 0.59600830078125
0.0578689575195313 0.0107650756835938 0.0459671020507813 0.0522651672363281
0.0303688049316406 -0.0360794067382812 0.438720703125 -0.60498046875
-0.00478744506835937 -0.0431022644042969 -0.20294189453125 -0.93035888671875
-0.0396995544433594 -0.014892578125 -0.79620361328125 -0.2498779296875
-0.0177516937255859 0.0010833740234375 -0.5042724609375 0.415130615234375
0.0139904022216797 0.0184726715087891 -0.0452880859375 0.491912841796875
0.00434970855712891 0.0101518630981445 0.252883911132813 0.221466064453125
0.02294921875 -0.00769424438476563 0.3037109375 -0.040191650390625
0.035736083984375 -0.0151939392089844 -0.326629638671875 -0.0114440917968749
0.0101852416992188 0.00347995758056641 -0.240280151367187 -0.274795532226563
0.0190582275390625 0.0189838409423828 0.062408447265625 -0.50799560546875
-0.00701618194580078 0.0120954513549805 0.532440185546875 -0.419403076171875
-0.0488166809082031 -0.0122871398925781 0.710205078125 0.2587890625
-0.0249443054199219 -0.0532417297363281 0.2451171875 0.840087890625
0.032440185546875 -0.0124778747558594 -0.30084228515625 0.59832763671875
0.054962158203125 0.0111846923828125 0.0394401550292969 0.0526885986328125
0.0287818908691406 -0.0351638793945313 0.4266357421875 -0.6041259765625
-0.00458908081054687 -0.0414237976074219 -0.214599609375 -0.9232177734375
-0.039886474609375 -0.01348876953125 -0.80078125 -0.2366943359375
-0.017359733581543 0.00178337097167969 -0.501007080078125 0.42559814453125
0.0152721405029297 0.0188083648681641 -0.041534423828125 0.501373291015625
0.00289630889892578 0.0111932754516602 0.255630493164063 0.225051879882813
0.0234107971191406 -0.0138092041015625 0.30816650390625 -0.038177490234375
0.0339488983154297 -0.0169448852539063 -0.3216552734375 -0.00613403320312493
0.00821352005004883 0.000220298767089844 -0.235748291015625 -0.273147583007813
0.0187969207763672 0.017669677734375 0.06866455078125 -0.5003662109375
-0.00459957122802734 0.011988639831543 0.53717041015625 -0.407501220703125
-0.0463371276855469 -0.0101814270019531 0.70794677734375 0.27069091796875
-0.0239372253417969 -0.047271728515625 0.2313232421875 0.8502197265625
0.0310153961181641 -0.00783920288085938 -0.312255859375 0.600341796875
0.0506820678710938 0.0143280029296875 0.0359077453613281 0.0524482727050781
0.0265541076660156 -0.0295772552490234 0.4256591796875 -0.60333251953125
-0.00422096252441406 -0.0350780487060547 -0.2154541015625 -0.91815185546875
-0.0363807678222656 -0.0102005004882813 -0.794189453125 -0.22784423828125
-0.0132303237915039 0.00123214721679687 -0.492889404296875 0.435546875
0.0159397125244141 0.0175724029541016 -0.038360595703125 0.504241943359375
0.00121879577636719 0.00831317901611328 0.26116943359375 0.22222900390625
0.0216598510742187 -0.0172100067138672 0.310150146484375 -0.036834716796875
0.032745361328125 -0.0232906341552734 -0.318450927734375 -0.00671386718750003
0.00602579116821289 -0.00355291366577148 -0.2293701171875 -0.275360107421875
0.0211315155029297 0.0132293701171875 0.072052001953125 -0.49932861328125
0.00161647796630859 0.0121583938598633 0.544158935546875 -0.397369384765625
-0.0395622253417969 -0.00526046752929688 0.70831298828125 0.27886962890625
-0.0214767456054688 -0.0400352478027344 0.2275390625 0.8505859375
0.0274543762207031 -0.00271797180175781 -0.31512451171875 0.5986328125
0.0442695617675781 0.0141143798828125 0.0342750549316406 0.0507278442382813
0.0226593017578125 -0.0258998870849609 0.415771484375 -0.6033935546875
-0.00233268737792969 -0.0261287689208984 -0.2242431640625 -0.90887451171875
-0.0286293029785156 -0.00382804870605469 -0.7933349609375 -0.21405029296875
-0.00775241851806641 -0.000734806060791014 -0.487213134765625 0.442596435546875
0.0181922912597656 0.0135269165039063 -0.0346069335937501 0.506744384765625
-0.000433683395385742 0.00285744667053223 0.264190673828125 0.22430419921875
0.0199260711669922 -0.0240039825439453 0.31365966796875 -0.03302001953125
0.0322303771972656 -0.0260028839111328 -0.314544677734375 -0.00375366210937497
0.00412845611572266 -0.0120487213134766 -0.2261962890625 -0.276336669921875
0.0240802764892578 0.00640678405761719 0.07647705078125 -0.495574951171875
0.00850486755371094 0.0107212066650391 0.54913330078125 -0.39166259765625
-0.0322418212890625 0.00157356262207031 0.70831298828125 0.29052734375
-0.0179519653320313 -0.0307788848876953 0.22015380859375 0.85845947265625
0.0235862731933594 0.00109100341796875 -0.321044921875 0.59869384765625
0.0394210815429687 0.0157203674316406 0.0342254638671875 0.0489921569824219
0.0186862945556641 -0.0220985412597656 0.411865234375 -0.606689453125
7.24792480468759E-05 -0.0174102783203125 -0.235107421875 -0.90875244140625
-0.0202560424804688 0.00360679626464843 -0.7945556640625 -0.20404052734375
6.07967376708985E-05 -0.00230717658996582 -0.48065185546875 0.450714111328125
0.0216922760009766 0.00856971740722656 -0.029876708984375 0.50836181640625
-0.00229001045227051 -0.00386857986450195 0.26806640625 0.22222900390625
0.018768310546875 -0.0290489196777344 0.316314697265625 -0.0316162109375
0.0314311981201172 -0.0284099578857422 -0.313446044921875 -0.00186157226562503
0.00355148315429687 -0.0202007293701172 -0.2227783203125 -0.279052734375
0.0276107788085938 -0.0008697509765625 0.078460693359375 -0.494110107421875
0.016514778137207 0.0111579895019531 0.552703857421875 -0.38739013671875
-0.0238571166992187 0.00845146179199219 0.70660400390625 0.29632568359375
-0.0152244567871094 -0.0221710205078125 0.21160888671875 0.8603515625
0.0202865600585937 0.00550079345703125 -0.32562255859375 0.5936279296875
0.0350894927978516 0.0145721435546875 0.0371322631835938 0.0464897155761719
0.0147190093994141 -0.0183010101318359 0.410888671875 -0.610595703125
0.00277614593505859 -0.00866460800170898 -0.2373046875 -0.90570068359375
-0.0106353759765625 0.00995826721191406 -0.79425048828125 -0.1993408203125
0.00845766067504883 -0.00359582901000977 -0.4774169921875 0.4515380859375
0.0247421264648438 0.00113487243652344 -0.02850341796875 0.509033203125
-0.00309371948242187 -0.0123262405395508 0.270401000976563 0.220855712890625
0.0158863067626953 -0.0319576263427734 0.31622314453125 -0.029876708984375
0.02960205078125 -0.0303592681884766 -0.313323974609375 -0.00128173828125002
0.00391960144042968 -0.0283069610595703 -0.221588134765625 -0.283050537109375
0.0298938751220703 -0.00742721557617188 0.07958984375 -0.500152587890625
0.0236625671386719 0.0110530853271484 0.55364990234375 -0.39190673828125
-0.0157451629638672 0.0153160095214844 0.707275390625 0.29498291015625
-0.0120382308959961 -0.0149984359741211 0.21539306640625 0.85894775390625
0.0178661346435547 0.007080078125 -0.3221435546875 0.593505859375
0.0317440032958984 0.0127010345458984 0.0410003662109375 0.0443191528320313
0.0108089447021484 -0.0180435180664063 0.40771484375 -0.6151123046875
0.00498390197753906 -0.00178861618041992 -0.2454833984375 -0.9075927734375
-0.000778198242187502 0.0159988403320313 -0.798828125 -0.19891357421875
0.0140857696533203 -0.00536727905273438 -0.478973388671875 0.450408935546875
0.0274600982666016 -0.00547027587890625 -0.0283203125000001 0.508087158203125
-0.00197601318359375 -0.0198440551757813 0.268814086914063 0.220001220703125
0.0141277313232422 -0.0347156524658203 0.316864013671875 -0.028411865234375
0.035675048828125 -0.0092926025390625 -0.330963134765625 -0.0113525390625
0.0132169723510742 -0.000438690185546875 -0.249343872070312 -0.272750854492187
0.0195960998535156 0.0134944915771484 0.04840087890625 -0.5174560546875
-0.00546646118164062 0.0131607055664063 0.51507568359375 -0.441375732421875
-0.0453605651855469 -0.00851440429687499 0.70635986328125 0.23052978515625
-0.0229644775390625 -0.0520973205566406 0.26031494140625 0.81988525390625
0.034088134765625 -0.0169124603271484 -0.28045654296875 0.58880615234375
0.0566215515136719 0.0075836181640625 0.0506973266601563 0.0485382080078125
0.0291900634765625 -0.0378532409667969 0.428466796875 -0.6053466796875
-0.00198745727539062 -0.0411262512207031 -0.21661376953125 -0.926513671875
-0.0346698760986328 -0.0109481811523438 -0.80078125 -0.2501220703125
-0.0155801773071289 0.0019073486328125 -0.502471923828125 0.407379150390625
0.0172872543334961 0.0153360366821289 -0.043975830078125 0.485382080078125
0.00715875625610352 0.00838041305541992 0.244964599609375 0.217041015625
0.0240745544433594 -0.00793647766113281 0.297882080078125 -0.04205322265625
0.0342502593994141 -0.00944709777832031 -0.328521728515625 -0.00543212890624996
0.0134181976318359 0.00313568115234375 -0.246551513671875 -0.269302368164063
0.0182113647460938 0.0182456970214844 0.0526123046875 -0.50653076171875
-0.00780391693115234 0.013026237487793 0.5166015625 -0.4283447265625
-0.0485267639160156 -0.0127830505371094 0.7000732421875 0.240966796875
-0.0250892639160156 -0.0540962219238281 0.24688720703125 0.82464599609375
0.0343494415283203 -0.0149803161621094 -0.290771484375 0.5914306640625
0.0571098327636719 0.01123046875 0.0444145202636719 0.0502510070800781
0.0296249389648437 -0.0353927612304688 0.42999267578125 -0.6005859375
-0.00437545776367188 -0.0424385070800781 -0.2047119140625 -0.91845703125
-0.0392799377441406 -0.014007568359375 -0.790283203125 -0.2423095703125
-0.0177268981933594 0.00133895874023438 -0.495452880859375 0.41400146484375
0.0144062042236328 0.0184001922607422 -0.041046142578125 0.488311767578125
0.00449657440185547 0.0106277465820313 0.250930786132813 0.215835571289063
0.0221061706542969 -0.007904052734375 0.300872802734375 -0.04241943359375
0.0353736877441406 -0.0151405334472656 -0.3243408203125 -0.00708007812500001
0.0102367401123047 0.00437259674072266 -0.241943359375 -0.2696533203125
0.0191364288330078 0.0192165374755859 0.0568847656250001 -0.503143310546875
-0.00784587860107422 0.0122509002685547 0.522186279296875 -0.4202880859375
-0.0490798950195312 -0.0122489929199219 0.7039794921875 0.2503662109375
-0.0247421264648438 -0.0528793334960938 0.248779296875 0.8297119140625
0.0333728790283203 -0.0124988555908203 -0.29547119140625 0.592529296875
0.0549163818359375 0.0121688842773438 0.0386390686035156 0.0504188537597656
0.0279159545898437 -0.0341510772705078 0.4189453125 -0.5997314453125
-0.00487518310546875 -0.0404319763183594 -0.21783447265625 -0.91033935546875
-0.0393524169921875 -0.0126113891601562 -0.7940673828125 -0.22821044921875
-0.0180606842041016 0.00104331970214844 -0.49066162109375 0.425689697265625
0.0153484344482422 0.0183734893798828 -0.036834716796875 0.495819091796875
0.00272846221923828 0.0111713409423828 0.254852294921875 0.220062255859375
0.0229835510253906 -0.0132637023925781 0.304656982421875 -0.0399169921875
0.0338153839111328 -0.0172576904296875 -0.319244384765625 -0.00225830078125003
0.00874614715576172 0.00151681900024414 -0.23626708984375 -0.268341064453125
0.0192947387695313 0.0169925689697266 0.062713623046875 -0.49566650390625
-0.00508308410644531 0.0124874114990234 0.52764892578125 -0.406402587890625
-0.0456428527832031 -0.00997924804687499 0.70001220703125 0.2630615234375
-0.0238151550292969 -0.0467910766601563 0.23394775390625 0.83782958984375
0.0313835144042969 -0.00781059265136719 -0.30633544921875 0.59478759765625
0.0504112243652344 0.0150413513183594 0.0348281860351563 0.050750732421875
0.0253009796142578 -0.0288829803466797 0.41748046875 -0.60040283203125
-0.0040740966796875 -0.034515380859375 -0.21600341796875 -0.9058837890625
-0.0351390838623047 -0.00909614562988282 -0.78753662109375 -0.22015380859375
-0.0139627456665039 0.0005645751953125 -0.4842529296875 0.433441162109375
0.0158271789550781 0.0165243148803711 -0.034271240234375 0.498016357421875
0.000494956970214843 0.0084538459777832 0.260513305664063 0.218246459960938
0.0208473205566406 -0.0173988342285156 0.3076171875 -0.038543701171875
0.0330924987792969 -0.0233993530273438 -0.315338134765625 -0.00247192382812504
0.00530385971069336 -0.00278759002685547 -0.231781005859375 -0.269729614257813
0.0208740234375 0.0122051239013672 0.0668945312500001 -0.493194580078125
0.00129604339599609 0.0119733810424805 0.533782958984375 -0.39910888671875
-0.0397453308105469 -0.0042572021484375 0.70263671875 0.27301025390625
-0.0206832885742187 -0.0399093627929688 0.2291259765625 0.84234619140625
0.0275192260742188 -0.0036163330078125 -0.30975341796875 0.5926513671875
0.0448265075683594 0.0153007507324219 0.0336647033691406 0.0491485595703125
0.0213565826416016 -0.0247573852539063 0.40838623046875 -0.599853515625
-0.00261878967285156 -0.0262889862060547 -0.22796630859375 -0.8978271484375
-0.0282020568847656 -0.00298881530761718 -0.7884521484375 -0.20538330078125
-0.00829601287841797 1.14440917968747E-05 -0.47723388671875 0.44189453125
0.0187397003173828 0.0134315490722656 -0.028564453125 0.5015869140625
-0.000548839569091796 0.00360965728759766 0.263565063476563 0.219711303710938
0.0199871063232422 -0.0243854522705078 0.310821533203125 -0.036041259765625
0.0314064025878906 -0.0263690948486328 -0.312347412109375 -0.00122070312499999
0.00328540802001953 -0.0116462707519531 -0.227493286132813 -0.271133422851563
0.0241050720214844 0.00687408447265625 0.070220947265625 -0.490692138671875
0.00861549377441406 0.0113000869750977 0.5401611328125 -0.3922119140625
-0.0323581695556641 0.00158119201660156 0.70159912109375 0.28192138671875
-0.0183353424072266 -0.0311374664306641 0.2216796875 0.84954833984375
0.0241584777832031 0.00119972229003906 -0.31494140625 0.5941162109375
0.03961181640625 0.0151290893554688 0.0339698791503906 0.046905517578125
0.0177536010742188 -0.0214557647705078 0.40325927734375 -0.60284423828125
9.53674316406209E-06 -0.0166788101196289 -0.23663330078125 -0.89605712890625
-0.0205192565917969 0.00353240966796875 -0.7886962890625 -0.1971435546875
-0.000762701034545898 -0.00298976898193359 -0.47222900390625 0.44915771484375
0.0213546752929688 0.00713920593261719 -0.024261474609375 0.50390625
-0.00209474563598633 -0.00419902801513672 0.266006469726563 0.217117309570313
0.0175933837890625 -0.0281772613525391 0.312957763671875 -0.03497314453125
0.0304946899414063 -0.0283031463623047 -0.311767578125 0.00222778320312505
0.00327110290527344 -0.0198554992675781 -0.222900390625 -0.274642944335938
0.0257778167724609 -0.000627517700195313 0.0730285644531249 -0.4901123046875
0.0157155990600586 0.0106649398803711 0.544097900390625 -0.38690185546875
-0.0231819152832031 0.00841712951660156 0.69921875 0.28863525390625
-0.0151538848876953 -0.0220375061035156 0.21514892578125 0.8519287109375
0.0210628509521484 0.00537109375 -0.319091796875 0.58880615234375
0.0351905822753906 0.0148048400878906 0.0360641479492188 0.0449638366699219
0.0140008926391602 -0.0175199508666992 0.40203857421875 -0.6064453125
0.00193023681640625 -0.00781774520874023 -0.2392578125 -0.8944091796875
-0.00940799713134766 0.0104274749755859 -0.78692626953125 -0.1915283203125
0.0066838264465332 -0.00444889068603516 -0.470672607421875 0.4503173828125
0.0242462158203125 0.000520706176757813 -0.023529052734375 0.503753662109375
-0.002777099609375 -0.0124845504760742 0.267974853515625 0.215835571289063
0.0158348083496094 -0.0323848724365234 0.313568115234375 -0.0328369140625
0.029693603515625 -0.0313205718994141 -0.309844970703125 0.00201416015625004
0.00330352783203125 -0.0273571014404297 -0.223251342773438 -0.278244018554688
0.0288105010986328 -0.00763893127441406 0.073486328125 -0.49560546875
0.0228443145751953 0.0106391906738281 0.541473388671875 -0.39105224609375
-0.0158090591430664 0.0153007507324219 0.700439453125 0.2874755859375
-0.0114545822143555 -0.0145187377929688 0.216796875 0.84820556640625
0.0185089111328125 0.00640678405761719 -0.31646728515625 0.58599853515625
0.0311660766601563 0.013336181640625 0.0404624938964844 0.0416984558105469
0.0102262496948242 -0.0172910690307617 0.40020751953125 -0.61004638671875
0.00571250915527344 -0.00177669525146484 -0.24615478515625 -0.89520263671875
-0.000652313232421875 0.016871452331543 -0.79180908203125 -0.19049072265625
0.0132646560668945 -0.00565624237060547 -0.470733642578125 0.44879150390625
0.0268459320068359 -0.00507545471191406 -0.02325439453125 0.50347900390625
-0.00299453735351563 -0.0194911956787109 0.267410278320313 0.2156982421875
0.0132522583007813 -0.0344009399414063 0.313720703125 -0.030609130859375
0.0345268249511719 -0.0103168487548828 -0.32843017578125 -0.00921630859375002
0.0134391784667969 -0.000576972961425781 -0.248397827148437 -0.26898193359375
0.0193977355957031 0.0144500732421875 0.0434570312499999 -0.511444091796875
-0.00531005859375 0.0131292343139648 0.50445556640625 -0.4395751953125
-0.0452156066894531 -0.008270263671875 0.69940185546875 0.22576904296875
-0.0221214294433594 -0.0520553588867187 0.26031494140625 0.80938720703125
0.0339698791503906 -0.01678466796875 -0.2767333984375 0.58331298828125
0.0559844970703125 0.00712966918945313 0.0491752624511719 0.0484771728515625
0.028564453125 -0.0370750427246094 0.4212646484375 -0.6026611328125
-0.00273513793945312 -0.0410537719726563 -0.21527099609375 -0.91400146484375
-0.0342273712158203 -0.0108470916748047 -0.79205322265625 -0.24261474609375
-0.0153341293334961 0.00227642059326172 -0.49456787109375 0.405731201171875
0.01715087890625 0.0150909423828125 -0.041534423828125 0.4815673828125
0.00564956665039062 0.00780963897705078 0.243759155273438 0.213516235351562
0.0234909057617188 -0.00792884826660156 0.294464111328125 -0.04315185546875
0.0338592529296875 -0.0110378265380859 -0.326171875 -0.00360107421874994
0.012451171875 0.00339984893798828 -0.246688842773438 -0.265487670898437
0.0181961059570313 0.0187721252441406 0.047454833984375 -0.50250244140625
-0.00858020782470703 0.0128641128540039 0.507720947265625 -0.427978515625
-0.0491523742675781 -0.0108985900878906 0.69281005859375 0.23419189453125
-0.0254173278808594 -0.0527000427246094 0.2471923828125 0.81524658203125
0.0344963073730469 -0.0145816802978516 -0.28936767578125 0.58587646484375
0.055877685546875 0.0109901428222656 0.0427742004394531 0.0496101379394531
0.0275211334228516 -0.0345630645751953 0.42291259765625 -0.59417724609375
-0.00374984741210937 -0.0418167114257812 -0.20648193359375 -0.90728759765625
-0.0380935668945313 -0.0135421752929688 -0.7821044921875 -0.23541259765625
-0.0180721282958984 0.00127410888671875 -0.489715576171875 0.413787841796875
0.0150394439697266 0.0174722671508789 -0.03851318359375 0.483245849609375
0.00508880615234375 0.0106649398803711 0.250396728515625 0.213714599609375
0.0224285125732422 -0.00823402404785156 0.29754638671875 -0.044158935546875
0.0344009399414063 -0.0156478881835938 -0.322479248046875 -0.00497436523437506
0.0102834701538086 0.00496101379394531 -0.24163818359375 -0.264602661132813
0.0178756713867188 0.0181789398193359 0.052398681640625 -0.498809814453125
-0.00824642181396484 0.0122661590576172 0.51312255859375 -0.418792724609375
-0.0486717224121094 -0.0113716125488281 0.69677734375 0.24627685546875
-0.0239334106445312 -0.0521583557128906 0.24853515625 0.8223876953125
0.0333385467529297 -0.0125064849853516 -0.29254150390625 0.5863037109375
0.0536689758300781 0.0124855041503906 0.038116455078125 0.0498085021972656
0.0264110565185547 -0.0325813293457031 0.4127197265625 -0.59478759765625
-0.00426101684570313 -0.0394744873046875 -0.21844482421875 -0.90057373046875
-0.0384445190429687 -0.0131568908691406 -0.784423828125 -0.22125244140625
-0.0186023712158203 0.00127410888671875 -0.48480224609375 0.42279052734375
0.0152988433837891 0.0183544158935547 -0.03338623046875 0.490081787109375
0.00286388397216797 0.0105686187744141 0.253128051757813 0.216842651367188
0.0216789245605469 -0.0134544372558594 0.3028564453125 -0.041778564453125
0.0323753356933594 -0.0180492401123047 -0.317138671875 -0.000549316406249993
0.00860357284545898 0.00107002258300781 -0.235580444335938 -0.26348876953125
0.0193767547607422 0.0172119140625 0.0594482421875 -0.490966796875
-0.00516033172607422 0.0117053985595703 0.519500732421875 -0.4053955078125
-0.0453300476074219 -0.00977706909179687 0.69256591796875 0.2578125
-0.0233497619628906 -0.0471229553222656 0.23480224609375 0.82958984375
0.0306320190429688 -0.00850486755371094 -0.3017578125 0.58868408203125
0.0505142211914062 0.0139656066894531 0.034088134765625 0.0489006042480469
0.0250148773193359 -0.0281963348388672 0.40985107421875 -0.5943603515625
-0.00370597839355469 -0.0336112976074219 -0.2176513671875 -0.8955078125
-0.0358200073242188 -0.00788879394531249 -0.78143310546875 -0.21502685546875
-0.014470100402832 0.000568389892578123 -0.47784423828125 0.432647705078125
0.0162172317504883 0.016749382019043 -0.0307617187500001 0.49285888671875
0.000728607177734375 0.00849008560180664 0.258682250976563 0.214218139648438
0.0204429626464844 -0.0165519714355469 0.305419921875 -0.0404052734375
0.0320796966552734 -0.0233917236328125 -0.31317138671875 -6.10351562500633E-05
0.00553178787231445 -0.00349712371826172 -0.231094360351563 -0.265548706054688
0.021820068359375 0.0129489898681641 0.0616455078124999 -0.488311767578125
0.000643730163574219 0.0116004943847656 0.523956298828125 -0.3975830078125
-0.0391807556152344 -0.00506591796874999 0.6959228515625 0.26690673828125
-0.0207901000976563 -0.0390625 0.22808837890625 0.8319091796875
0.0273227691650391 -0.00282096862792969 -0.30712890625 0.5877685546875
0.0441703796386719 0.0147972106933594 0.0319175720214844 0.0472793579101562
0.0200004577636719 -0.024169921875 0.400146484375 -0.594970703125
-0.00294113159179688 -0.0253791809082031 -0.22784423828125 -0.88665771484375
-0.0277462005615234 -0.00259590148925781 -0.77960205078125 -0.1998291015625
-0.00882816314697266 -0.000894546508789062 -0.47119140625 0.4398193359375
0.0179767608642578 0.0123977661132813 -0.02490234375 0.497955322265625
0.000226974487304688 0.00365662574768066 0.262847900390625 0.215957641601563
0.0186004638671875 -0.0245895385742187 0.30902099609375 -0.038665771484375
0.0303211212158203 -0.0269222259521484 -0.3092041015625 0.00225830078124995
0.00391578674316406 -0.0109968185424805 -0.227386474609375 -0.267822265625
0.024322509765625 0.00615310668945312 0.064208984375 -0.487884521484375
0.008056640625 0.010045051574707 0.529510498046875 -0.3895263671875
-0.0317630767822266 0.00173568725585937 0.69439697265625 0.27703857421875
-0.0176467895507813 -0.0305023193359375 0.22210693359375 0.83917236328125
0.0241107940673828 0.000888824462890625 -0.31085205078125 0.5880126953125
0.0388298034667969 0.0149765014648438 0.0329513549804688 0.0461959838867188
0.0167179107666016 -0.0204429626464844 0.39715576171875 -0.5977783203125
-0.00020122528076172 -0.0157327651977539 -0.23602294921875 -0.88623046875
-0.0187416076660156 0.00485038757324218 -0.78057861328125 -0.19097900390625
-0.000575065612792969 -0.00220155715942383 -0.466033935546875 0.4483642578125
0.0218181610107422 0.00674247741699219 -0.021728515625 0.499053955078125
-0.00249505043029785 -0.00408506393432617 0.264129638671875 0.213027954101562
0.0165538787841797 -0.0287342071533203 0.3106689453125 -0.0355224609375
0.0293674468994141 -0.0293674468994141 -0.308624267578125 0.00476074218750002
0.00348854064941406 -0.0179824829101563 -0.224609375 -0.26995849609375
0.0271816253662109 -0.000171661376953125 0.06805419921875 -0.486083984375
0.0160665512084961 0.0106477737426758 0.533233642578125 -0.386749267578125
-0.0232295989990234 0.0087432861328125 0.69158935546875 0.28369140625
-0.0143547058105469 -0.0218009948730469 0.2149658203125 0.84283447265625
0.0208740234375 0.00507736206054688 -0.31549072265625 0.582763671875
0.0343151092529297 0.0153827667236328 0.0351982116699219 0.0440902709960938
0.0137271881103516 -0.0173559188842773 0.395751953125 -0.60150146484375
0.00380420684814453 -0.00741338729858398 -0.240234375 -0.8814697265625
-0.0104150772094727 0.0111503601074219 -0.78021240234375 -0.188232421875
0.00725460052490234 -0.00422525405883789 -0.463958740234375 0.447113037109375
0.0232143402099609 0.000232696533203125 -0.021697998046875 0.4986572265625
-0.00291061401367188 -0.0120382308959961 0.265960693359375 0.212478637695313
0.0149555206298828 -0.031951904296875 0.3106689453125 -0.035064697265625
0.0284061431884766 -0.0320968627929688 -0.30865478515625 0.00463867187500004
0.00372886657714844 -0.0270805358886719 -0.22418212890625 -0.273696899414063
0.0290489196777344 -0.00765228271484375 0.0685424804687499 -0.491668701171875
0.0225105285644531 0.0108795166015625 0.5345458984375 -0.389129638671875
-0.0155172348022461 0.0158786773681641 0.6934814453125 0.28118896484375
-0.0108585357666016 -0.0150556564331055 0.21649169921875 0.84002685546875
0.0181064605712891 0.00593948364257813 -0.31280517578125 0.58001708984375
0.0312957763671875 0.0131721496582031 0.0392227172851563 0.0415077209472656
0.00986766815185547 -0.0160636901855469 0.39251708984375 -0.6046142578125
0.0059208869934082 -0.000744819641113281 -0.24664306640625 -0.88507080078125
-0.000680923461914061 0.0173273086547852 -0.7838134765625 -0.186767578125
0.0126438140869141 -0.00605201721191406 -0.4632568359375 0.448211669921875
0.0259456634521484 -0.00635528564453125 -0.020416259765625 0.49908447265625
-0.00275993347167969 -0.0192356109619141 0.266555786132813 0.21197509765625
0.0127601623535156 -0.0347175598144531 0.311126708984375 -0.032196044921875
0.0343189239501953 -0.0111751556396484 -0.326568603515625 -0.00628662109375
0.0131998062133789 -0.000463485717773438 -0.249755859375 -0.265762329101562
0.0197505950927734 0.0141201019287109 0.0400390625 -0.50811767578125
-0.0066690444946289 0.0132980346679688 0.497344970703125 -0.43701171875
-0.045166015625 -0.00727462768554687 0.69085693359375 0.22332763671875
-0.0231666564941406 -0.0525054931640625 0.25927734375 0.80072021484375
0.0339145660400391 -0.0169925689697266 -0.2745361328125 0.57708740234375
0.0557403564453125 0.00796890258789062 0.0473899841308594 0.0471687316894531
0.0271453857421875 -0.0357742309570313 0.41595458984375 -0.59552001953125
-0.00134658813476563 -0.0399818420410156 -0.214599609375 -0.90399169921875
-0.0335197448730469 -0.00993537902832031 -0.785888671875 -0.2384033203125
-0.0155754089355469 0.00140857696533203 -0.487884521484375 0.404327392578125
0.016571044921875 0.0135364532470703 -0.038726806640625 0.475677490234375
0.00726556777954102 0.00777006149291992 0.2418212890625 0.210189819335938
0.0229511260986328 -0.00808906555175781 0.292938232421875 -0.044158935546875
0.0332145690917969 -0.0111255645751953 -0.322998046875 -0.00140380859375003
0.0125188827514648 0.00387477874755859 -0.246414184570313 -0.261138916015625
0.0183830261230469 0.0185413360595703 0.04443359375 -0.497100830078125
-0.00840377807617187 0.0130205154418945 0.499359130859375 -0.425537109375
-0.0493659973144531 -0.0107192993164063 0.6861572265625 0.23187255859375
-0.0244636535644531 -0.0529975891113281 0.24517822265625 0.80810546875
0.0343246459960937 -0.0148181915283203 -0.2852783203125 0.58038330078125
0.0561256408691406 0.01190185546875 0.0418510437011719 0.0493392944335938
0.0276908874511719 -0.0326995849609375 0.41766357421875 -0.5894775390625
-0.00428009033203125 -0.0411911010742188 -0.20660400390625 -0.89599609375
-0.038116455078125 -0.0127067565917969 -0.7762451171875 -0.23095703125
-0.0183982849121094 0.00211524963378906 -0.482666015625 0.411712646484375
0.014613151550293 0.0161724090576172 -0.035980224609375 0.478179931640625
0.00467872619628906 0.00979995727539063 0.248794555664063 0.21044921875
0.0209617614746094 -0.00839424133300781 0.296142578125 -0.044921875
0.0336856842041016 -0.0156478881835938 -0.31915283203125 -0.001617431640625
0.00979328155517578 0.00405120849609375 -0.241973876953125 -0.261306762695313
0.0190105438232422 0.0192413330078125 0.046905517578125 -0.49359130859375
-0.00774383544921875 0.0132904052734375 0.505889892578125 -0.414886474609375
-0.0478858947753906 -0.0108146667480469 0.68853759765625 0.24267578125
-0.0246353149414062 -0.0525169372558594 0.24603271484375 0.81329345703125
0.0323638916015625 -0.0128002166748047 -0.28948974609375 0.58026123046875
0.0532112121582031 0.0132560729980469 0.037109375 0.0483322143554688
0.0261020660400391 -0.0309257507324219 0.40692138671875 -0.58929443359375
-0.00417709350585937 -0.0390701293945313 -0.216552734375 -0.89031982421875
-0.0379066467285156 -0.0128173828125 -0.7791748046875 -0.218994140625
-0.01873779296875 0.00197792053222656 -0.47857666015625 0.421905517578125
0.0152597427368164 0.0175342559814453 -0.0317077636718751 0.48681640625
0.00252437591552734 0.0105714797973633 0.251876831054688 0.212875366210938
0.0221118927001953 -0.0140571594238281 0.300384521484375 -0.042877197265625
0.0322246551513672 -0.0186519622802734 -0.31390380859375 0.00186157226562495
0.00819253921508789 0.00183582305908203 -0.23687744140625 -0.260208129882813
0.0191516876220703 0.0174484252929687 0.054595947265625 -0.485595703125
-0.00519275665283203 0.0118865966796875 0.51220703125 -0.403839111328125
-0.0458564758300781 -0.00904846191406251 0.6871337890625 0.2552490234375
-0.0227508544921875 -0.046783447265625 0.23406982421875 0.82354736328125
0.0309963226318359 -0.00830459594726562 -0.3001708984375 0.5828857421875
0.0492820739746094 0.0151214599609375 0.03289794921875 0.0481529235839844
0.0239543914794922 -0.0266551971435547 0.40496826171875 -0.58892822265625
-0.00362014770507812 -0.0330219268798828 -0.21697998046875 -0.8863525390625
-0.0348224639892578 -0.00865364074707031 -0.77337646484375 -0.2091064453125
-0.0141067504882813 0.000801086425781252 -0.47271728515625 0.43048095703125
0.0163307189941406 0.0155820846557617 -0.028045654296875 0.489288330078125
0.00051736831665039 0.00787210464477539 0.257064819335938 0.211318969726562
0.0199222564697266 -0.0177516937255859 0.302978515625 -0.04150390625
0.0311698913574219 -0.0242862701416016 -0.311248779296875 0.00195312500000001
0.00484704971313477 -0.00219535827636719 -0.230972290039063 -0.262008666992188
0.0217838287353516 0.0120964050292969 0.057769775390625 -0.48388671875
0.000392913818359375 0.0113544464111328 0.51580810546875 -0.3935546875
-0.0394554138183594 -0.00472259521484376 0.68817138671875 0.263671875
-0.0198440551757813 -0.0402183532714844 0.22747802734375 0.8248291015625
0.0273494720458984 -0.00432777404785156 -0.3038330078125 0.58056640625
0.0442848205566406 0.01611328125 0.0304374694824219 0.0465927124023438
0.0205230712890625 -0.0235271453857422 0.3970947265625 -0.58831787109375
-0.00204849243164062 -0.0246238708496094 -0.2281494140625 -0.876953125
-0.0276546478271484 -0.00271034240722656 -0.77325439453125 -0.19537353515625
-0.00905418395996094 0.000138282775878905 -0.466094970703125 0.43902587890625
0.0183143615722656 0.0118694305419922 -0.024017333984375 0.493621826171875
-0.000683307647705078 0.00270223617553711 0.260177612304688 0.21246337890625
0.0184707641601563 -0.0246696472167969 0.3065185546875 -0.03851318359375
0.0306186676025391 -0.0272159576416016 -0.306182861328125 0.00445556640624998
0.00436782836914063 -0.0105171203613281 -0.228042602539063 -0.264022827148438
0.0237045288085938 0.00619125366210938 0.0609130859375 -0.481781005859375
0.00752639770507813 0.0107030868530273 0.522308349609375 -0.386627197265625
-0.0321369171142578 0.00242424011230469 0.6873779296875 0.27276611328125
-0.0173225402832031 -0.0309696197509766 0.2220458984375 0.8314208984375
0.0245628356933594 0.000707626342773438 -0.3087158203125 0.57977294921875
0.0394248962402344 0.01513671875 0.0313644409179688 0.0446815490722656
0.0168952941894531 -0.0198040008544922 0.39306640625 -0.59088134765625
0.000204086303710937 -0.0159111022949219 -0.23419189453125 -0.8748779296875
-0.0189495086669922 0.00391769409179688 -0.7716064453125 -0.18792724609375
-0.00126123428344727 -0.00259017944335938 -0.459228515625 0.44464111328125
0.0215435028076172 0.00657844543457031 -0.020416259765625 0.493988037109375
-0.00255107879638672 -0.00361847877502441 0.263351440429688 0.210845947265625
0.0170402526855469 -0.0283412933349609 0.309326171875 -0.036651611328125
0.0289745330810547 -0.0297870635986328 -0.305389404296875 0.00689697265624997
0.00321006774902344 -0.0188789367675781 -0.225601196289063 -0.267303466796875
0.0263195037841797 -0.000993728637695313 0.065216064453125 -0.481536865234375
0.0154781341552734 0.010502815246582 0.526214599609375 -0.38287353515625
-0.0230274200439453 0.00937652587890626 0.68524169921875 0.27935791015625
-0.0142784118652344 -0.022979736328125 0.21356201171875 0.83404541015625
0.0203666687011719 0.00454521179199219 -0.31201171875 0.5770263671875
0.0345306396484375 0.0150184631347656 0.0339813232421875 0.0419387817382813
0.0124654769897461 -0.0163297653198242 0.39031982421875 -0.59521484375
0.00336217880249023 -0.00721645355224609 -0.2379150390625 -0.87359619140625
-0.00970458984375 0.0104513168334961 -0.7738037109375 -0.18304443359375
0.00601911544799805 -0.0044093132019043 -0.456878662109375 0.44561767578125
0.0235805511474609 0.0001068115234375 -0.0197448730468749 0.493896484375
-0.00250053405761719 -0.0118818283081055 0.263565063476563 0.209609985351563
0.0140323638916016 -0.0322952270507813 0.309417724609375 -0.035491943359375
0.0271511077880859 -0.0316944122314453 -0.3065185546875 0.005889892578125
0.00316429138183594 -0.0265102386474609 -0.223983764648438 -0.26983642578125
0.0288486480712891 -0.00750160217285156 0.06414794921875 -0.48638916015625
0.0226669311523437 0.0108585357666016 0.525177001953125 -0.387176513671875
-0.0162334442138672 0.0156822204589844 0.6864013671875 0.2779541015625
-0.0111179351806641 -0.0156526565551758 0.2149658203125 0.83203125
0.0183277130126953 0.00571441650390625 -0.30938720703125 0.5740966796875
0.0308456420898438 0.0135059356689453 0.0376243591308594 0.0403518676757813
0.00947189331054688 -0.0146074295043945 0.38861083984375 -0.59881591796875
0.00580263137817383 -0.000902175903320313 -0.24542236328125 -0.87445068359375
-0.000572204589843749 0.0166702270507813 -0.77679443359375 -0.183837890625
0.0124959945678711 -0.00586891174316406 -0.458160400390625 0.44525146484375
0.0273685455322266 -0.00628471374511719 -0.018829345703125 0.4945068359375
-0.002655029296875 -0.0185565948486328 0.263137817382813 0.20855712890625
0.0121097564697266 -0.0337982177734375 0.3095703125 -0.0335693359375
0.0340709686279297 -0.0114154815673828 -0.324859619140625 -0.00494384765625001
0.012908935546875 0.000555992126464844 -0.248626708984375 -0.261795043945313
0.0202865600585938 0.0138092041015625 0.03717041015625 -0.502166748046875
-0.00638198852539062 0.0130109786987305 0.49072265625 -0.43341064453125
-0.0450973510742188 -0.00769805908203125 0.68365478515625 0.22100830078125
-0.0219306945800781 -0.0526161193847656 0.255859375 0.79559326171875
0.0333271026611328 -0.0172519683837891 -0.27423095703125 0.57135009765625
0.0553398132324219 0.00888442993164063 0.0464553833007813 0.0457649230957031
0.0270156860351563 -0.0347957611083984 0.4124755859375 -0.58807373046875
-0.0017852783203125 -0.0389480590820313 -0.21282958984375 -0.89678955078125
-0.0329360961914063 -0.00967025756835938 -0.77838134765625 -0.23748779296875
-0.0162734985351563 0.000279426574707034 -0.48492431640625 0.400634765625
0.0171747207641602 0.0133647918701172 -0.0384521484375 0.4715576171875
0.00644159317016602 0.00788259506225586 0.240310668945313 0.208511352539063
0.0223827362060547 -0.00842666625976563 0.291229248046875 -0.044586181640625
0.0325260162353516 -0.0122699737548828 -0.321044921875 0.000518798828125054
0.0125598907470703 0.00380420684814453 -0.245681762695312 -0.258209228515625
0.0182743072509766 0.0179080963134766 0.04248046875 -0.492034912109375
-0.00868701934814453 0.0128927230834961 0.49298095703125 -0.420867919921875
-0.0483512878417969 -0.0108909606933594 0.67852783203125 0.23040771484375
-0.0237159729003906 -0.05322265625 0.240966796875 0.8016357421875
0.0340213775634766 -0.0147457122802734 -0.2847900390625 0.57366943359375
0.0550193786621094 0.0122261047363281 0.0409889221191406 0.0477333068847656
0.0271511077880859 -0.0319900512695313 0.41461181640625 -0.583984375
-0.00379180908203125 -0.0396919250488281 -0.2034912109375 -0.88885498046875
-0.0365486145019531 -0.0127334594726563 -0.767822265625 -0.2276611328125
-0.0190162658691406 0.00129318237304688 -0.47955322265625 0.408966064453125
0.0150613784790039 0.0168771743774414 -0.0346374511718749 0.473724365234375
0.00434017181396484 0.010432243347168 0.24761962890625 0.208023071289063
0.0209178924560547 -0.00779914855957031 0.29461669921875 -0.045562744140625
0.0328903198242188 -0.0170173645019531 -0.318145751953125 -0.000823974609375068
0.0101232528686523 0.00513553619384766 -0.241622924804688 -0.258285522460937
0.0185928344726563 0.0187225341796875 0.044830322265625 -0.488006591796875
-0.00854682922363281 0.0126781463623047 0.498748779296875 -0.41278076171875
-0.0487174987792969 -0.010650634765625 0.6820068359375 0.2398681640625
-0.0239067077636719 -0.0524368286132812 0.2432861328125 0.8079833984375
0.0324287414550781 -0.0128993988037109 -0.28948974609375 0.57568359375
0.0526390075683594 0.0132102966308594 0.0360145568847656 0.0475540161132813
0.0254192352294922 -0.029876708984375 0.4049072265625 -0.584228515625
-0.00508499145507812 -0.038543701171875 -0.2137451171875 -0.88128662109375
-0.0371780395507813 -0.0114364624023437 -0.77081298828125 -0.21478271484375
-0.0183486938476563 0.00143814086914063 -0.47406005859375 0.418365478515625
0.0147371292114258 0.0171670913696289 -0.0304565429687501 0.4814453125
0.00255107879638672 0.0112695693969727 0.249679565429688 0.2103271484375
0.0210952758789063 -0.0144252777099609 0.298583984375 -0.042877197265625
0.0321311950683594 -0.0195236206054687 -0.31207275390625 0.00289916992187495
0.00847434997558594 0.00195026397705078 -0.236053466796875 -0.25738525390625
0.0195465087890625 0.0165615081787109 0.051544189453125 -0.481964111328125
-0.0062246322631836 0.0119237899780273 0.50408935546875 -0.400177001953125
-0.0444412231445313 -0.00918579101562499 0.67913818359375 0.25286865234375
-0.0221099853515625 -0.047271728515625 0.2294921875 0.814697265625
0.03076171875 -0.00814437866210937 -0.29766845703125 0.57586669921875
0.0494880676269531 0.0156974792480469 0.0317878723144531 0.0464401245117188
0.0242652893066406 -0.0259323120117188 0.40216064453125 -0.58331298828125
-0.00430870056152343 -0.0318012237548828 -0.2137451171875 -0.8760986328125
-0.0341587066650391 -0.00877571105957031 -0.76641845703125 -0.20880126953125
-0.01531982421875 0.000620841979980467 -0.4678955078125 0.426300048828125
0.0160713195800781 0.0149612426757813 -0.027587890625 0.485504150390625
0.000287055969238282 0.0079813003540039 0.255172729492188 0.208908081054688
0.0190582275390625 -0.0174140930175781 0.300872802734375 -0.04193115234375
0.0314445495605469 -0.0241184234619141 -0.308624267578125 0.00387573242187504
0.00577354431152344 -0.00196266174316406 -0.231063842773437 -0.25921630859375
0.0213680267333984 0.0124530792236328 0.054443359375 -0.479827880859375
-2.00271606445324E-05 0.0111932754516602 0.511322021484375 -0.391815185546875
-0.038360595703125 -0.00393295288085938 0.6807861328125 0.2615966796875
-0.0202713012695312 -0.0390625 0.22430419921875 0.817626953125
0.0282497406005859 -0.00408172607421875 -0.30291748046875 0.5750732421875
0.0434684753417969 0.0165443420410156 0.0296669006347656 0.0461273193359375
0.0194435119628906 -0.0216884613037109 0.392333984375 -0.5838623046875
-0.00174331665039063 -0.0237846374511719 -0.2232666015625 -0.86810302734375
-0.0268287658691406 -0.0022125244140625 -0.7672119140625 -0.195068359375
-0.00942707061767578 -0.000995635986328127 -0.46136474609375 0.435546875
0.0189437866210938 0.0113525390625 -0.02294921875 0.4896240234375
-0.000561475753784179 0.00377607345581055 0.258468627929688 0.211105346679688
0.0170307159423828 -0.0245857238769531 0.3057861328125 -0.038665771484375
0.0304393768310547 -0.0272846221923828 -0.3050537109375 0.00622558593749999
0.00370502471923828 -0.0105867385864258 -0.227432250976563 -0.260345458984375
0.0235042572021484 0.006988525390625 0.058135986328125 -0.4779052734375
0.00664901733398438 0.0107021331787109 0.51611328125 -0.384918212890625
-0.0317153930664063 0.00196838378906249 0.6802978515625 0.27191162109375
-0.0165042877197266 -0.0304946899414062 0.21826171875 0.82574462890625
0.0241489410400391 0.000606536865234375 -0.30670166015625 0.57391357421875
0.038543701171875 0.0159797668457031 0.0299758911132813 0.0435981750488281
0.0157184600830078 -0.0183620452880859 0.3875732421875 -0.586669921875
0.00114536285400391 -0.0155563354492188 -0.23248291015625 -0.86572265625
-0.0184116363525391 0.00459671020507813 -0.7659912109375 -0.18499755859375
-0.00161957740783691 -0.00232958793640137 -0.4559326171875 0.442169189453125
0.0214157104492188 0.00535392761230469 -0.018585205078125 0.490814208984375
-0.00161552429199219 -0.00404977798461914 0.2618408203125 0.209030151367188
0.0163383483886719 -0.0288219451904297 0.306640625 -0.038482666015625
0.0285682678222656 -0.0300426483154297 -0.304290771484375 0.00836181640624995
0.00353240966796875 -0.0181179046630859 -0.224685668945312 -0.263397216796875
0.0266513824462891 -0.000577926635742188 0.060943603515625 -0.4764404296875
0.0149822235107422 0.0101652145385742 0.51959228515625 -0.380523681640625
-0.0233592987060547 0.00907707214355469 0.67816162109375 0.27685546875
-0.0136547088623047 -0.0227985382080078 0.2110595703125 0.82598876953125
0.0208625793457031 0.00420761108398438 -0.3109130859375 0.57122802734375
0.0335350036621094 0.0151786804199219 0.0325126647949219 0.0408554077148438
0.0119209289550781 -0.0145587921142578 0.38824462890625 -0.590087890625
0.00377225875854492 -0.00615549087524414 -0.23681640625 -0.8648681640625
-0.00836181640625 0.0110464096069336 -0.765625 -0.181396484375
0.00518083572387695 -0.00416421890258789 -0.452117919921875 0.441864013671875
0.0241870880126953 -0.000711441040039063 -0.01800537109375 0.489898681640625
-0.00306320190429688 -0.0115718841552734 0.262344360351563 0.207061767578125
0.0131340026855469 -0.0323810577392578 0.306671142578125 -0.03631591796875
0.0268974304199219 -0.0328598022460938 -0.303375244140625 0.00775146484374993
0.00330924987792969 -0.0261669158935547 -0.22320556640625 -0.266693115234375
0.0289363861083984 -0.00751876831054688 0.060791015625 -0.482452392578125
0.022186279296875 0.0111083984375 0.5186767578125 -0.383636474609375
-0.0157136917114258 0.0156030654907227 0.67803955078125 0.2757568359375
-0.0104150772094727 -0.0162229537963867 0.21295166015625 0.826171875
0.0192394256591797 0.00498008728027344 -0.30889892578125 0.56817626953125
0.0306625366210938 0.0135669708251953 0.0368766784667969 0.0392265319824219
0.00858116149902344 -0.0137014389038086 0.3853759765625 -0.59295654296875
0.00587177276611328 -0.000761032104492188 -0.24200439453125 -0.86676025390625
-1.14440917968749E-05 0.0159015655517578 -0.77081298828125 -0.18072509765625
0.0118227005004883 -0.00567722320556641 -0.453033447265625 0.44183349609375
0.0258388519287109 -0.00693893432617188 -0.017547607421875 0.48992919921875
-0.00251960754394531 -0.0188694000244141 0.26190185546875 0.20709228515625
0.0118331909179688 -0.0337905883789063 0.307342529296875 -0.03466796875
0.0336856842041016 -0.0115947723388672 -0.32257080078125 -0.00311279296875004
0.0136833190917969 0.000688552856445313 -0.248336791992187 -0.259963989257813
0.0206985473632813 0.0140666961669922 0.03558349609375 -0.49859619140625
-0.00648307800292969 0.0130681991577148 0.48565673828125 -0.428863525390625
-0.0450630187988281 -0.00736618041992186 0.67852783203125 0.22125244140625
-0.0218544006347656 -0.0524635314941406 0.25408935546875 0.79095458984375
0.0331935882568359 -0.0175571441650391 -0.27374267578125 0.56488037109375
0.0546684265136719 0.00933837890625 0.0455780029296875 0.0443077087402344
0.0259227752685547 -0.0339412689208984 0.4090576171875 -0.58428955078125
-0.00136184692382813 -0.0381813049316406 -0.2078857421875 -0.88787841796875
-0.0329208374023437 -0.00988388061523438 -0.77325439453125 -0.23486328125
-0.0171279907226563 0.000550270080566405 -0.481964111328125 0.3990478515625
0.0170383453369141 0.013545036315918 -0.037872314453125 0.467742919921875
0.00535154342651367 0.00851821899414063 0.238296508789062 0.208114624023438
0.0209884643554687 -0.00830650329589844 0.289459228515625 -0.04473876953125
0.0321445465087891 -0.0118274688720703 -0.31915283203125 0.00143432617187501
0.0124588012695313 0.00477886199951172 -0.2452392578125 -0.25567626953125
0.0189723968505859 0.0179004669189453 0.040435791015625 -0.48907470703125
-0.0092926025390625 0.0127325057983398 0.488800048828125 -0.41851806640625
-0.0480880737304688 -0.0110816955566406 0.6722412109375 0.22943115234375
-0.0235595703125 -0.0533790588378906 0.238525390625 0.79638671875
0.0340290069580078 -0.0143871307373047 -0.28466796875 0.568359375
0.0548553466796875 0.0128669738769531 0.0390853881835938 0.0459861755371094
0.0262184143066406 -0.0309867858886719 0.41278076171875 -0.57879638671875
-0.00284576416015625 -0.038970947265625 -0.20062255859375 -0.8812255859375
-0.0361061096191406 -0.0127525329589844 -0.76202392578125 -0.228271484375
-0.0189304351806641 0.00144577026367187 -0.4752197265625 0.4063720703125
0.0149364471435547 0.0153217315673828 -0.034912109375 0.471954345703125
0.00548744201660156 0.0095510482788086 0.244094848632813 0.206375122070313
0.0199546813964844 -0.00897979736328125 0.29351806640625 -0.046173095703125
0.0329189300537109 -0.0167655944824219 -0.316162109375 -0.000335693359374945
0.00992107391357422 0.00491523742675781 -0.240371704101563 -0.25592041015625
0.0195026397705078 0.0185604095458984 0.0440673828124999 -0.483734130859375
-0.00913143157958985 0.0125093460083008 0.496185302734375 -0.408233642578125
-0.0482063293457031 -0.0105781555175781 0.67523193359375 0.2401123046875
-0.0236320495605469 -0.0522422790527344 0.24041748046875 0.8018798828125
0.0327415466308594 -0.0132770538330078 -0.288818359375 0.57025146484375
0.0524826049804688 0.0144233703613281 0.0341453552246094 0.0463027954101563
0.0247955322265625 -0.0292377471923828 0.40264892578125 -0.57672119140625
-0.00414657592773437 -0.0378379821777344 -0.2099609375 -0.87591552734375
-0.0364990234375 -0.0107192993164063 -0.76715087890625 -0.21417236328125
-0.019287109375 0.0015411376953125 -0.470733642578125 0.416229248046875
0.0161752700805664 0.0161676406860352 -0.032135009765625 0.479583740234375
0.00310802459716797 0.0112447738647461 0.248580932617188 0.209503173828125
0.0203189849853516 -0.0140266418457031 0.29632568359375 -0.04473876953125
0.030364990234375 -0.0198097229003906 -0.310699462890625 0.00418090820312494
0.0077519416809082 0.00300741195678711 -0.235641479492187 -0.255477905273438
0.0189151763916016 0.0168476104736328 0.0491943359375 -0.478668212890625
-0.00607585906982422 0.0115489959716797 0.501068115234375 -0.395904541015625
-0.0452537536621094 -0.00930404663085937 0.6737060546875 0.25262451171875
-0.0223770141601563 -0.0472373962402344 0.226806640625 0.810546875
0.0306873321533203 -0.00789451599121094 -0.29974365234375 0.57122802734375
0.0490646362304687 0.0162811279296875 0.0309371948242188 0.0465278625488281
0.0235309600830078 -0.0248336791992188 0.3994140625 -0.57843017578125
-0.00394821166992188 -0.0304737091064453 -0.20880126953125 -0.8699951171875
-0.0346088409423828 -0.00852394104003907 -0.76019287109375 -0.20635986328125
-0.0146675109863281 0.000444412231445315 -0.46539306640625 0.423614501953125
0.0160207748413086 0.0154933929443359 -0.0277099609375 0.481689453125
0.000257015228271484 0.00821781158447266 0.25262451171875 0.207855224609375
0.0186100006103516 -0.0172920227050781 0.299774169921875 -0.0421142578125
0.0301322937011719 -0.0255050659179688 -0.307159423828125 0.00393676757812497
0.00578403472900391 -0.00187444686889648 -0.230667114257813 -0.25738525390625
0.0217342376708984 0.0123767852783203 0.05316162109375 -0.4771728515625
-0.00113487243652344 0.0111293792724609 0.5059814453125 -0.388671875
-0.0385360717773437 -0.00432968139648438 0.67449951171875 0.26116943359375
-0.0188827514648438 -0.039581298828125 0.22119140625 0.81268310546875
0.0266284942626953 -0.00430107116699219 -0.30218505859375 0.5692138671875
0.0434646606445313 0.0165519714355469 0.0282325744628906 0.0444908142089844
0.019012451171875 -0.0210971832275391 0.3912353515625 -0.57867431640625
-0.00109672546386719 -0.0231647491455078 -0.219970703125 -0.861572265625
-0.0265674591064453 -0.002899169921875 -0.75885009765625 -0.1929931640625
-0.00998687744140625 -0.0009002685546875 -0.45806884765625 0.430694580078125
0.0185470581054688 0.0105419158935547 -0.02294921875 0.485870361328125
-0.000633716583251953 0.00324368476867676 0.2568359375 0.209426879882813
0.0184879302978516 -0.0244388580322266 0.304229736328125 -0.040679931640625
0.0299434661865234 -0.0284519195556641 -0.303863525390625 0.00735473632812495
0.00387001037597656 -0.00968360900878906 -0.227218627929688 -0.25823974609375
0.0242290496826172 0.00686073303222656 0.056060791015625 -0.474609375
0.00666713714599609 0.0109186172485352 0.511383056640625 -0.382476806640625
-0.0310211181640625 0.00345039367675781 0.67242431640625 0.270263671875
-0.0158920288085937 -0.0315876007080078 0.2158203125 0.8209228515625
0.0239162445068359 -0.000370025634765625 -0.30816650390625 0.56915283203125
0.03826904296875 0.0165824890136719 0.029266357421875 0.0418777465820313
0.0153884887695313 -0.0177993774414063 0.3863525390625 -0.581787109375
0.00197219848632812 -0.0149898529052734 -0.22967529296875 -0.8597412109375
-0.0177097320556641 0.00414276123046875 -0.7607421875 -0.18585205078125
-0.00192046165466309 -0.00243544578552246 -0.45166015625 0.43914794921875
0.0212764739990234 0.00565719604492187 -0.0185546875 0.486907958984375
-0.00225448608398438 -0.00342702865600586 0.2607421875 0.206558227539063
0.0153121948242188 -0.0285453796386719 0.30450439453125 -0.037994384765625
0.0279960632324219 -0.0313053131103516 -0.302734375 0.00903320312499996
0.00373077392578125 -0.0180683135986328 -0.224868774414062 -0.261077880859375
0.025848388671875 -0.000329971313476562 0.059112548828125 -0.473876953125
0.0149173736572266 0.0112028121948242 0.514984130859375 -0.376800537109375
-0.0238971710205078 0.00930976867675781 0.67047119140625 0.27655029296875
-0.0126476287841797 -0.0232162475585937 0.2083740234375 0.82232666015625
0.0204887390136719 0.0044708251953125 -0.31317138671875 0.56536865234375
0.0336818695068359 0.0156078338623047 0.031707763671875 0.0411796569824219
0.0120792388916016 -0.0141582489013672 0.38543701171875 -0.58416748046875
0.0044403076171875 -0.00572538375854492 -0.2318115234375 -0.8582763671875
-0.008087158203125 0.0103940963745117 -0.76104736328125 -0.18072509765625
0.00511932373046875 -0.00538110733032227 -0.450103759765625 0.43817138671875
0.0240020751953125 -0.0005645751953125 -0.016754150390625 0.48785400390625
-0.00316238403320312 -0.0117959976196289 0.260696411132813 0.206283569335937
0.0129661560058594 -0.0310211181640625 0.3062744140625 -0.03662109375
0.0264968872070313 -0.0323333740234375 -0.302459716796875 0.00860595703125001
0.0033416748046875 -0.0250358581542969 -0.223724365234375 -0.265518188476563
0.0286884307861328 -0.00732803344726563 0.059539794921875 -0.47845458984375
0.0219135284423828 0.0111560821533203 0.516143798828125 -0.381256103515625
-0.0156831741333008 0.0160541534423828 0.6717529296875 0.2755126953125
-0.0100116729736328 -0.0158576965332031 0.21002197265625 0.818603515625
0.0194435119628906 0.0047607421875 -0.30889892578125 0.5638427734375
0.0304050445556641 0.0143947601318359 0.0361900329589844 0.0393028259277344
0.0087738037109375 -0.0134201049804688 0.3831787109375 -0.5882568359375
0.00609970092773438 8.53538513183594E-05 -0.23779296875 -0.8594970703125
-9.15527343749981E-05 0.0177230834960938 -0.7626953125 -0.17962646484375
0.011418342590332 -0.00681495666503906 -0.449920654296875 0.43914794921875
0.02734375 -0.00716590881347656 -0.017669677734375 0.4869384765625
-0.00250816345214844 -0.0182781219482422 0.260513305664063 0.204818725585938
0.0107688903808594 -0.0340900421142578 0.3062744140625 -0.03570556640625
0.0324897766113281 -0.0123825073242188 -0.321746826171875 -0.00280761718749993
0.0141735076904297 0.00122833251953125 -0.248077392578125 -0.256851196289063
0.0203952789306641 0.0151557922363281 0.0361328125 -0.496429443359375
-0.00751399993896484 0.0131282806396484 0.4840087890625 -0.426025390625
-0.0452919006347656 -0.00652694702148437 0.672119140625 0.2216796875
-0.0211257934570312 -0.0529518127441406 0.24981689453125 0.78802490234375
0.0332107543945312 -0.0182476043701172 -0.276153564453125 0.5611572265625
0.0541038513183594 0.0109901428222656 0.0428581237792969 0.0448455810546875
0.0260143280029297 -0.0320453643798828 0.40863037109375 -0.578125
-0.000453948974609377 -0.0380287170410156 -0.205322265625 -0.88470458984375
-0.0322742462158203 -0.009796142578125 -0.76763916015625 -0.2352294921875
-0.0175361633300781 0.00137805938720703 -0.478668212890625 0.396942138671875
0.016657829284668 0.012812614440918 -0.03863525390625 0.4676513671875
0.00685214996337891 0.00759172439575195 0.236557006835937 0.206344604492187
0.0215854644775391 -0.00800704956054688 0.2894287109375 -0.045196533203125
0.0317115783691406 -0.0127887725830078 -0.317596435546875 0.00140380859375004
0.0126533508300781 0.00374412536621094 -0.244949340820312 -0.254058837890625
0.0192527770996094 0.0177993774414063 0.03924560546875 -0.485687255859375
-0.00925827026367188 0.013737678527832 0.48468017578125 -0.414276123046875
-0.04766845703125 -0.0108909606933594 0.6676025390625 0.23175048828125
-0.0238723754882813 -0.0542068481445312 0.23394775390625 0.79388427734375
0.0332813262939453 -0.0147323608398438 -0.28656005859375 0.56451416015625
0.0546302795410156 0.0139312744140625 0.0383987426757813 0.0456657409667969
0.0258712768554687 -0.0293102264404297 0.41253662109375 -0.5732421875
-0.00262069702148437 -0.0390357971191406 -0.19586181640625 -0.87677001953125
-0.036651611328125 -0.0119857788085938 -0.75775146484375 -0.2305908203125
-0.0198650360107422 0.00127029418945312 -0.4755859375 0.40301513671875
0.0143756866455078 0.0160760879516602 -0.034271240234375 0.468994140625
0.00519657135009766 0.00992488861083984 0.24285888671875 0.205780029296875
0.0196151733398437 -0.00814437866210937 0.292236328125 -0.04638671875
0.0329704284667969 -0.0175895690917969 -0.31439208984375 0.000823974609374977
0.0102033615112305 0.00489139556884766 -0.24102783203125 -0.255508422851562
0.019256591796875 0.0190029144287109 0.042022705078125 -0.481231689453125
-0.00879192352294922 0.0131473541259766 0.491180419921875 -0.40509033203125
-0.0481376647949219 -0.0106315612792969 0.67071533203125 0.23980712890625
-0.0216598510742188 -0.0531768798828125 0.235595703125 0.7991943359375
0.0330104827880859 -0.0128307342529297 -0.28997802734375 0.56500244140625
0.0515060424804688 0.0146522521972656 0.0330467224121094 0.0460472106933594
0.0246353149414063 -0.0272445678710938 0.40185546875 -0.5726318359375
-0.00350570678710938 -0.0366401672363281 -0.20513916015625 -0.86871337890625
-0.0359039306640625 -0.0113525390625 -0.75982666015625 -0.21514892578125
-0.018585205078125 0.001953125 -0.469146728515625 0.41375732421875
0.0150175094604492 0.0165834426879883 -0.03204345703125 0.47662353515625
0.00323486328125 0.0121002197265625 0.245635986328125 0.207733154296875
0.02008056640625 -0.01324462890625 0.296539306640625 -0.044189453125
0.0301151275634766 -0.0212059020996094 -0.309326171875 0.00485229492187497
0.00897312164306641 0.00277328491210938 -0.235382080078125 -0.252822875976562
0.02001953125 0.0169277191162109 0.048370361328125 -0.4761962890625
-0.00592327117919922 0.0123786926269531 0.495819091796875 -0.39300537109375
-0.0447769165039063 -0.009002685546875 0.668701171875 0.253662109375
-0.0213584899902344 -0.0474472045898437 0.22186279296875 0.80804443359375
0.0306758880615234 -0.00777626037597656 -0.298828125 0.56573486328125
0.0482177734375 0.0165824890136719 0.0294189453125 0.0449905395507813
0.0228157043457031 -0.0228424072265625 0.40045166015625 -0.5721435546875
-0.00262069702148438 -0.0316638946533203 -0.20562744140625 -0.86505126953125
-0.0331592559814453 -0.00847053527832032 -0.755615234375 -0.207275390625
-0.0151166915893555 0.000831604003906251 -0.463165283203125 0.42041015625
0.0166101455688477 0.0145196914672852 -0.02923583984375 0.47906494140625
0.000914573669433593 0.00888538360595703 0.25103759765625 0.206985473632813
0.0176544189453125 -0.0169677734375 0.29852294921875 -0.042510986328125
0.0300254821777344 -0.0247726440429688 -0.305511474609375 0.00466918945312505
0.00554227828979492 -0.00155973434448242 -0.229476928710937 -0.255477905273438
0.02117919921875 0.0129623413085938 0.05303955078125 -0.47265625
-0.000168800354003907 0.012660026550293 0.502410888671875 -0.38482666015625
-0.0388069152832031 -0.00304412841796875 0.66986083984375 0.26287841796875
-0.0190696716308594 -0.0409164428710938 0.216796875 0.8087158203125
0.0286235809326172 -0.00292778015136719 -0.303466796875 0.5638427734375
0.0427513122558594 0.0172348022460937 0.0272789001464844 0.0434646606445313
0.0183944702148438 -0.0198478698730469 0.39154052734375 -0.57293701171875
-0.000843048095703123 -0.0231170654296875 -0.21673583984375 -0.857421875
-0.0265464782714844 -0.00145721435546874 -0.75299072265625 -0.19384765625
-0.0106353759765625 -0.00117874145507812 -0.45556640625 0.430206298828125
0.0189990997314453 0.0103015899658203 -0.02215576171875 0.483795166015625
-0.000413417816162109 0.00283551216125488 0.253463745117188 0.209609985351563
0.0166549682617188 -0.0238075256347656 0.302581787109375 -0.040191650390625
0.0287380218505859 -0.0288963317871094 -0.301971435546875 0.00704956054687505
0.00439834594726562 -0.00880718231201172 -0.227035522460938 -0.25689697265625
0.0241680145263672 0.00570106506347656 0.05426025390625 -0.471832275390625
0.00583744049072266 0.0113105773925781 0.5074462890625 -0.3792724609375
-0.0323371887207031 0.00279426574707032 0.6688232421875 0.2711181640625
-0.0158348083496094 -0.0317268371582031 0.2122802734375 0.81585693359375
0.0258560180664062 -0.00043487548828125 -0.30889892578125 0.56439208984375
0.0380897521972656 0.0173912048339844 0.0277137756347656 0.0419731140136719
0.0143136978149414 -0.0167350769042969 0.3868408203125 -0.576171875
0.00149345397949219 -0.0139122009277344 -0.22479248046875 -0.85498046875
-0.0176620483398438 0.00360679626464844 -0.7559814453125 -0.1837158203125
-0.00285029411315918 -0.00198698043823242 -0.44989013671875 0.43585205078125
0.0220355987548828 0.00448417663574219 -0.0211181640625 0.4862060546875
-0.00249218940734863 -0.00266194343566895 0.257797241210938 0.206344604492188
0.0151538848876953 -0.0289287567138672 0.3048095703125 -0.037841796875
0.0272903442382813 -0.0311985015869141 -0.30059814453125 0.010498046875
0.00309848785400391 -0.0173816680908203 -0.223739624023437 -0.26031494140625
0.0271873474121094 -0.000463485717773438 0.058349609375 -0.470428466796875
0.0143566131591797 0.011199951171875 0.51190185546875 -0.37359619140625
-0.0232181549072266 0.00950813293457031 0.66571044921875 0.2772216796875
-0.0125617980957031 -0.0237789154052734 0.20245361328125 0.81781005859375
0.0211315155029297 0.00418853759765625 -0.311798095703125 0.56097412109375
0.0340480804443359 0.0164585113525391 0.0301475524902344 0.0398330688476563
0.0114498138427734 -0.0138139724731445 0.384765625 -0.57733154296875
0.00417947769165039 -0.00683689117431641 -0.22796630859375 -0.85443115234375
-0.00802516937255859 0.0113344192504883 -0.75494384765625 -0.18084716796875
0.00493335723876953 -0.00367259979248047 -0.447479248046875 0.437652587890625
0.0239067077636719 -0.00202178955078125 -0.0191345214843751 0.4847412109375
-0.00221824645996094 -0.0118350982666016 0.259429931640625 0.206588745117188
0.0132656097412109 -0.0314598083496094 0.305023193359375 -0.036834716796875
0.0256996154785156 -0.0333404541015625 -0.302398681640625 0.009429931640625
0.00290679931640625 -0.0250473022460938 -0.223251342773438 -0.262069702148438
0.0282382965087891 -0.00648117065429688 0.057769775390625 -0.475433349609375
0.0214290618896484 0.0118808746337891 0.510833740234375 -0.377227783203125
-0.0156641006469727 0.0160150527954102 0.66815185546875 0.2760009765625
-0.00998783111572266 -0.0161952972412109 0.20684814453125 0.815673828125
0.0192012786865234 0.00461769104003906 -0.3104248046875 0.55804443359375
0.0306549072265625 0.0142593383789063 0.0342025756835938 0.0386161804199219
0.00815677642822266 -0.0121355056762695 0.38201904296875 -0.58148193359375
0.00714445114135742 0.000362396240234375 -0.2354736328125 -0.8541259765625
0.000751495361328124 0.0170278549194336 -0.7581787109375 -0.18035888671875
0.0107307434082031 -0.00587940216064453 -0.447845458984375 0.435577392578125
0.0258464813232422 -0.00730514526367188 -0.0179443359375 0.4857177734375
-0.00274467468261719 -0.0178089141845703 0.258651733398438 0.204269409179687
0.0117607116699219 -0.0336685180664063 0.304931640625 -0.03521728515625
0.0332450866699219 -0.0120887756347656 -0.320892333984375 -0.00247192382812497
0.0136804580688477 0.00134372711181641 -0.248016357421875 -0.257537841796875
0.0203132629394531 0.0139293670654297 0.034515380859375 -0.49285888671875
-0.00664424896240234 0.0126094818115234 0.481414794921875 -0.422149658203125
-0.0448341369628906 -0.00653457641601563 0.6693115234375 0.22381591796875
-0.0208320617675781 -0.0530319213867188 0.24444580078125 0.7852783203125
0.0338287353515625 -0.0173759460449219 -0.27825927734375 0.558258056640625
0.0534477233886719 0.0102424621582031 0.0425033569335938 0.0452232360839844
0.0262470245361328 -0.0307559967041016 0.4105224609375 -0.57415771484375
-0.000152587890625001 -0.0374298095703125 -0.19964599609375 -0.88031005859375
-0.0313968658447266 -0.00955009460449218 -0.7650146484375 -0.2359619140625
-0.0176486968994141 0.00117301940917968 -0.478424072265625 0.393829345703125
0.0163755416870117 0.012080192565918 -0.039703369140625 0.4654541015625
0.00585651397705078 0.00863409042358398 0.23553466796875 0.2059326171875
0.0209598541259766 -0.008636474609375 0.28955078125 -0.0443115234375
0.0308437347412109 -0.0133895874023438 -0.317718505859375 0.00250244140625006
0.013066291809082 0.00418663024902344 -0.244827270507812 -0.252761840820313
0.0188655853271484 0.0186519622802734 0.0377197265625 -0.4844970703125
-0.00830173492431641 0.0134620666503906 0.48358154296875 -0.411468505859375
-0.0478057861328125 -0.0106239318847656 0.6646728515625 0.2337646484375
-0.0228919982910156 -0.0533294677734375 0.229736328125 0.791748046875
0.0336246490478516 -0.0155391693115234 -0.288909912109375 0.560150146484375
0.0546722412109375 0.0135917663574219 0.0366172790527344 0.0456123352050781
0.0264492034912109 -0.0283184051513672 0.4119873046875 -0.568603515625
-0.00321578979492188 -0.0384559631347656 -0.19134521484375 -0.874755859375
-0.03570556640625 -0.0121231079101563 -0.7548828125 -0.2303466796875
-0.0198898315429687 0.0011749267578125 -0.4725341796875 0.401092529296875
0.0142135620117187 0.0152673721313477 -0.03607177734375 0.468505859375
0.00451946258544922 0.0106239318847656 0.2425537109375 0.205184936523438
0.0196590423583984 -0.00776481628417969 0.292388916015625 -0.046356201171875
0.0320587158203125 -0.0182857513427734 -0.314239501953125 0.00115966796874995
0.0105667114257813 0.00560665130615234 -0.240158081054688 -0.253097534179687
0.0194263458251953 0.0196342468261719 0.041412353515625 -0.479461669921875
-0.0103435516357422 0.0130777359008789 0.488372802734375 -0.403656005859375
-0.0476722717285156 -0.010162353515625 0.66754150390625 0.2421875
-0.0228614807128906 -0.0525627136230469 0.2313232421875 0.7977294921875
0.0330848693847656 -0.0131969451904297 -0.29290771484375 0.56317138671875
0.0518112182617188 0.0152397155761719 0.0318794250488281 0.0457229614257813
0.0250053405761719 -0.0266742706298828 0.40179443359375 -0.5694580078125
-0.00302505493164062 -0.0370597839355469 -0.20135498046875 -0.86676025390625
-0.0359153747558594 -0.0106964111328125 -0.75653076171875 -0.21636962890625
-0.0197048187255859 0.000774383544921878 -0.46820068359375 0.410797119140625
0.0150480270385742 0.0152835845947266 -0.031524658203125 0.47607421875
0.00267982482910156 0.0113744735717773 0.245773315429687 0.208084106445312
0.0197868347167969 -0.0135765075683594 0.29632568359375 -0.04443359375
0.0301303863525391 -0.0209541320800781 -0.30908203125 0.00460815429687504
0.00886821746826172 0.00291919708251953 -0.235015869140625 -0.252792358398437
0.0198898315429688 0.0177021026611328 0.04815673828125 -0.472869873046875
-0.00625133514404297 0.012242317199707 0.495880126953125 -0.39105224609375
-0.04510498046875 -0.00861740112304688 0.6646728515625 0.255615234375
-0.0209503173828125 -0.0469856262207031 0.21746826171875 0.8072509765625
0.0308971405029297 -0.00887298583984375 -0.30224609375 0.5635986328125
0.0493812561035156 0.0169143676757813 0.0275917053222656 0.045196533203125
0.0222034454345703 -0.0228176116943359 0.4005126953125 -0.56781005859375
-0.00179290771484375 -0.0298080444335937 -0.20037841796875 -0.86199951171875
-0.0327091217041016 -0.00792884826660156 -0.7506103515625 -0.2083740234375
-0.0158796310424805 0.000324249267578124 -0.462493896484375 0.4190673828125
0.0166387557983398 0.0134038925170898 -0.029449462890625 0.477935791015625
-0.000307083129882812 0.00795841217041015 0.249847412109375 0.207061767578125
0.0181636810302734 -0.0164871215820313 0.298858642578125 -0.042236328125
0.0295982360839844 -0.0259418487548828 -0.304443359375 0.00463867187499994
0.0059666633605957 -0.00132083892822266 -0.229873657226563 -0.255050659179687
0.0224514007568359 0.0127487182617188 0.051116943359375 -0.4697265625
-0.000986099243164062 0.0119524002075195 0.501678466796875 -0.38153076171875
-0.0381851196289063 -0.00412750244140625 0.664794921875 0.2646484375
-0.0189018249511719 -0.0405540466308594 0.2137451171875 0.80963134765625
0.0277328491210938 -0.00502967834472656 -0.3067626953125 0.56134033203125
0.0430145263671875 0.0176773071289063 0.02618408203125 0.0438575744628906
0.0190963745117188 -0.0201244354248047 0.39117431640625 -0.569580078125
-0.000322341918945313 -0.0233154296875 -0.21112060546875 -0.852783203125
-0.0253372192382813 -0.00179290771484375 -0.7501220703125 -0.19549560546875
-0.0107631683349609 -0.000607490539550781 -0.4556884765625 0.427764892578125
0.0186977386474609 0.0102672576904297 -0.023406982421875 0.480804443359375
-0.000428676605224609 0.00429224967956543 0.253707885742188 0.208221435546875
0.0155792236328125 -0.0229148864746094 0.302032470703125 -0.03973388671875
0.0282039642333984 -0.0293731689453125 -0.301849365234375 0.00860595703124995
0.00419712066650391 -0.00936222076416016 -0.2264404296875 -0.256271362304688
0.0242938995361328 0.00723838806152344 0.054412841796875 -0.4683837890625
0.00563335418701172 0.0117120742797852 0.505157470703125 -0.3743896484375
-0.0316810607910156 0.002716064453125 0.66455078125 0.27362060546875
-0.0158348083496094 -0.0315532684326172 0.2071533203125 0.81414794921875
0.0243759155273438 -0.0004425048828125 -0.310333251953125 0.55999755859375
0.03857421875 0.0176506042480469 0.0269889831542969 0.0418624877929688
0.0152549743652344 -0.0156688690185547 0.3878173828125 -0.57135009765625
0.00213241577148438 -0.0137825012207031 -0.21966552734375 -0.8536376953125
-0.0171308517456055 0.00514316558837891 -0.7515869140625 -0.1868896484375
-0.00325345993041992 -0.00250935554504395 -0.44873046875 0.432769775390625
0.0208835601806641 0.00468063354492188 -0.021453857421875 0.484130859375
-0.00183224678039551 -0.00331830978393555 0.257034301757813 0.20587158203125
0.0152454376220703 -0.02777099609375 0.303619384765625 -0.03778076171875
0.0270843505859375 -0.0314350128173828 -0.30108642578125 0.00915527343750006
0.00398445129394531 -0.0166378021240234 -0.223846435546875 -0.258438110351563
0.0266952514648438 0.000329971313476563 0.057891845703125 -0.468780517578125
0.0128593444824219 0.0114650726318359 0.508392333984375 -0.370697021484375
-0.0229148864746094 0.00980377197265625 0.6627197265625 0.2799072265625
-0.012176513671875 -0.0234794616699219 0.200439453125 0.81671142578125
0.0213451385498047 0.00260353088378906 -0.314788818359375 0.556396484375
0.0332012176513672 0.0169925689697266 0.0302276611328125 0.0394439697265625
0.0116472244262695 -0.0135746002197266 0.38580322265625 -0.575927734375
0.00554418563842773 -0.0053257942199707 -0.22265625 -0.8516845703125
-0.00737762451171875 0.0113229751586914 -0.7509765625 -0.18408203125
0.00517845153808594 -0.00463581085205078 -0.447357177734375 0.433807373046875
0.0245761871337891 -0.000881195068359375 -0.01953125 0.4827880859375
-0.0030975341796875 -0.0108118057250977 0.257247924804688 0.205093383789063
0.0128555297851563 -0.0319385528564453 0.304290771484375 -0.036224365234375
0.0260295867919922 -0.0334568023681641 -0.301239013671875 0.008880615234375
0.00397300720214844 -0.0252952575683594 -0.222763061523437 -0.262191772460938
0.0292301177978516 -0.00758552551269531 0.057037353515625 -0.472900390625
0.0207233428955078 0.0118007659912109 0.5074462890625 -0.375518798828125
-0.0163154602050781 0.0153303146362305 0.66314697265625 0.27752685546875
-0.00934410095214843 -0.0168685913085938 0.2010498046875 0.8155517578125
0.019622802734375 0.00412750244140625 -0.312957763671875 0.554656982421875
0.0301494598388672 0.0148811340332031 0.0329475402832031 0.037384033203125
0.008087158203125 -0.0116767883300781 0.38427734375 -0.5789794921875
0.00707197189331055 0.000942230224609375 -0.228759765625 -0.8526611328125
0.00137042999267578 0.0174875259399414 -0.75592041015625 -0.18157958984375
0.010035514831543 -0.00618839263916016 -0.448028564453125 0.432373046875
0.0261058807373047 -0.00778579711914063 -0.01922607421875 0.482666015625
-0.0030670166015625 -0.0179576873779297 0.257064819335938 0.204376220703125
0.0108985900878906 -0.0335865020751953 0.30535888671875 -0.03436279296875
0.0321598052978516 -0.0132637023925781 -0.3212890625 -0.00292968750000002
0.0135002136230469 0.00128841400146484 -0.248489379882813 -0.255889892578125
0.0201587677001953 0.0140724182128906 0.033416748046875 -0.491058349609375
-0.00760650634765625 0.0138559341430664 0.480010986328125 -0.419921875
-0.0450210571289063 -0.00749969482421876 0.66607666015625 0.22760009765625
-0.0201339721679688 -0.0527496337890625 0.24139404296875 0.78802490234375
0.0336933135986328 -0.0171279907226563 -0.282073974609375 0.55712890625
0.0537910461425781 0.0112686157226563 0.0404586791992188 0.0443267822265625
0.0259208679199219 -0.0305385589599609 0.41290283203125 -0.57110595703125
-6.10351562500037E-05 -0.036163330078125 -0.195556640625 -0.88037109375
-0.0310783386230469 -0.00952911376953125 -0.762939453125 -0.23944091796875
-0.0177764892578125 0.001617431640625 -0.478912353515625 0.39227294921875
0.0163412094116211 0.0121536254882813 -0.040008544921875 0.46466064453125
0.00612640380859375 0.00883197784423828 0.236175537109375 0.207061767578125
0.0209674835205078 -0.00825309753417969 0.288970947265625 -0.04412841796875
0.0304088592529297 -0.013427734375 -0.317779541015625 0.00234985351562495
0.0131454467773438 0.00509071350097656 -0.245529174804688 -0.252471923828125
0.0196304321289063 0.0180244445800781 0.0377197265625 -0.4835205078125
-0.00944805145263672 0.014073371887207 0.483184814453125 -0.40972900390625
-0.0473670959472656 -0.0114898681640625 0.6610107421875 0.23565673828125
-0.0214767456054688 -0.0536994934082031 0.2265625 0.79351806640625
0.0338516235351562 -0.015869140625 -0.292510986328125 0.557281494140625
0.0539932250976563 0.0153770446777344 0.0346755981445313 0.0454444885253906
0.0262870788574219 -0.0273685455322266 0.4149169921875 -0.5655517578125
-0.00217819213867187 -0.0381126403808594 -0.1851806640625 -0.87347412109375
-0.0348014831542969 -0.0119419097900391 -0.75164794921875 -0.2318115234375
-0.0201187133789063 0.000844955444335937 -0.4727783203125 0.399383544921875
0.0144252777099609 0.014430046081543 -0.0361328125 0.467498779296875
0.00440788269042969 0.00945758819580078 0.241500854492188 0.2061767578125
0.0195903778076172 -0.00769233703613281 0.293975830078125 -0.0452880859375
0.0307064056396484 -0.0180912017822266 -0.314788818359375 0.000579833984374976
0.0112447738647461 0.00739860534667969 -0.241012573242188 -0.252944946289062
0.0199337005615234 0.0191612243652344 0.040496826171875 -0.47894287109375
-0.0103263854980469 0.01385498046875 0.4884033203125 -0.400177001953125
-0.0474967956542969 -0.00896072387695313 0.6644287109375 0.2469482421875
-0.021087646484375 -0.0533981323242187 0.22882080078125 0.79827880859375
0.0331096649169922 -0.0134963989257813 -0.29656982421875 0.558197021484375
0.0522232055664063 0.0158805847167969 0.0305061340332031 0.0454978942871094
0.0243816375732422 -0.0257034301757813 0.40594482421875 -0.56500244140625
-0.002899169921875 -0.03570556640625 -0.19561767578125 -0.86590576171875
-0.0352554321289063 -0.0113868713378906 -0.75299072265625 -0.21856689453125
-0.0208988189697266 0.00112152099609375 -0.468780517578125 0.410430908203125
0.0145883560180664 0.0157594680786133 -0.031768798828125 0.474853515625
0.00263118743896484 0.0116424560546875 0.2447509765625 0.208724975585938
0.0191516876220703 -0.0135231018066406 0.296783447265625 -0.042510986328125
0.030059814453125 -0.0210132598876953 -0.308685302734375 0.00549316406249994
0.00869035720825195 0.00388050079345703 -0.235427856445313 -0.252914428710938
0.0206279754638672 0.0178012847900391 0.047088623046875 -0.472991943359375
-0.00654220581054688 0.0124988555908203 0.4937744140625 -0.38824462890625
-0.0449180603027344 -0.00838088989257812 0.662353515625 0.25799560546875
-0.0198936462402344 -0.0489692687988281 0.21466064453125 0.80804443359375
0.0313949584960938 -0.00844192504882813 -0.305206298828125 0.560516357421875
0.0489959716796875 0.0174369812011719 0.026702880859375 0.0452499389648437
0.0232601165771484 -0.0217075347900391 0.40069580078125 -0.5657958984375
-0.00116920471191406 -0.0295619964599609 -0.19598388671875 -0.86273193359375
-0.0324134826660156 -0.00776481628417968 -0.75042724609375 -0.21075439453125
-0.0162229537963867 0.000798225402832029 -0.46258544921875 0.4180908203125
0.0156574249267578 0.0137910842895508 -0.02978515625 0.478546142578125
-0.000155925750732422 0.00869274139404297 0.249435424804687 0.20709228515625
0.0178699493408203 -0.0165309906005859 0.2994384765625 -0.04302978515625
0.0289859771728516 -0.0260791778564453 -0.305084228515625 0.00588989257812493
0.00549554824829101 -0.00148200988769531 -0.22998046875 -0.254287719726562
0.0222511291503906 0.0133686065673828 0.0498046875 -0.47113037109375
-0.00187492370605469 0.0117101669311523 0.50018310546875 -0.378814697265625
-0.0389366149902344 -0.00344085693359375 0.66265869140625 0.26806640625
-0.0180816650390625 -0.0410957336425781 0.2100830078125 0.81005859375
0.027496337890625 -0.00427436828613281 -0.31005859375 0.55853271484375
0.0428581237792969 0.0184059143066406 0.0251045227050781 0.0440483093261719
0.0186920166015625 -0.0180091857910156 0.39263916015625 -0.56549072265625
-0.000715255737304689 -0.0230522155761719 -0.20440673828125 -0.853271484375
-0.0245761871337891 -0.00178337097167969 -0.74896240234375 -0.197509765625
-0.0106143951416016 -0.000186920166015624 -0.45550537109375 0.4234619140625
0.0184688568115234 0.00953483581542969 -0.024566650390625 0.48333740234375
-0.00101041793823242 0.00314903259277344 0.254043579101563 0.209197998046875
0.0163555145263672 -0.0240573883056641 0.303009033203125 -0.039215087890625
0.0276336669921875 -0.0299701690673828 -0.301513671875 0.00787353515624994
0.00425434112548828 -0.00820159912109375 -0.226882934570312 -0.255645751953125
0.0253200531005859 0.00637245178222656 0.05419921875 -0.466949462890625
0.00548362731933594 0.0114307403564453 0.503753662109375 -0.3731689453125
-0.0318012237548828 0.00328445434570313 0.6614990234375 0.2763671875
-0.0145912170410156 -0.03228759765625 0.20379638671875 0.81634521484375
0.0248146057128906 -0.000268936157226563 -0.315765380859375 0.5576171875
0.0380897521972656 0.018096923828125 0.0251731872558594 0.0408515930175781
0.0149097442626953 -0.015538215637207 0.388671875 -0.56927490234375
0.00209712982177734 -0.0137405395507813 -0.21502685546875 -0.85235595703125
-0.0164766311645508 0.00513362884521484 -0.7493896484375 -0.189697265625
-0.00431227684020996 -0.00275707244873047 -0.451385498046875 0.432861328125
0.0214118957519531 0.00496101379394531 -0.022491455078125 0.4844970703125
-0.00296330451965332 -0.00292873382568359 0.25555419921875 0.205947875976563
0.0145950317382813 -0.0285091400146484 0.30474853515625 -0.0372314453125
0.0269641876220703 -0.0314712524414063 -0.301116943359375 0.00939941406249995
0.00409126281738281 -0.0169353485107422 -0.2249755859375 -0.25860595703125
0.0265769958496094 -9.1552734375E-05 0.056671142578125 -0.467498779296875
0.0124874114990234 0.0122718811035156 0.5079345703125 -0.3682861328125
-0.0240077972412109 0.00945091247558593 0.66162109375 0.28338623046875
-0.0114002227783203 -0.0248775482177734 0.19488525390625 0.81793212890625
0.0213222503662109 0.00248336791992188 -0.318939208984375 0.555450439453125
0.033782958984375 0.0167407989501953 0.0272102355957031 0.0398025512695313
0.011286735534668 -0.011815071105957 0.3885498046875 -0.57061767578125
0.00458383560180664 -0.00417566299438477 -0.21746826171875 -0.8505859375
-0.00749397277832031 0.0119380950927734 -0.75030517578125 -0.1845703125
0.00380706787109375 -0.00496149063110352 -0.44854736328125 0.4324951171875
0.02325439453125 -0.00172615051269531 -0.0211181640625 0.48419189453125
-0.00312137603759765 -0.0106792449951172 0.256851196289063 0.204605102539063
0.0129776000976562 -0.0316867828369141 0.305694580078125 -0.0361328125
0.0254611968994141 -0.0337295532226562 -0.301300048828125 0.00955200195312504
0.00366973876953125 -0.0243568420410156 -0.224502563476563 -0.262130737304687
0.0291290283203125 -0.00608634948730469 0.05621337890625 -0.472015380859375
0.0205154418945312 0.0124568939208984 0.507781982421875 -0.3709716796875
-0.016021728515625 0.0161657333374023 0.6607666015625 0.28082275390625
-0.00863075256347656 -0.0178890228271484 0.1968994140625 0.81512451171875
0.0196781158447266 0.00400924682617188 -0.31610107421875 0.55120849609375
0.0303573608398438 0.0153961181640625 0.0318069458007813 0.0376663208007813
0.00815773010253906 -0.0105495452880859 0.38714599609375 -0.57568359375
0.00759983062744141 0.00100278854370117 -0.2239990234375 -0.8529052734375
0.00226116180419922 0.0171890258789062 -0.75244140625 -0.18353271484375
0.0105810165405273 -0.00591945648193359 -0.449127197265625 0.43145751953125
0.0259742736816406 -0.00739669799804688 -0.01898193359375 0.4825439453125
-0.0025634765625 -0.0172262191772461 0.256591796875 0.204498291015625
0.0105171203613281 -0.0326652526855469 0.305572509765625 -0.0345458984375
0.0309429168701172 -0.0131912231445313 -0.321380615234375 -0.00378417968749993
0.0137624740600586 0.00199699401855469 -0.248443603515625 -0.256973266601563
0.020111083984375 0.0137977600097656 0.033111572265625 -0.491241455078125
-0.00754642486572266 0.0144386291503906 0.48046875 -0.418243408203125
-0.0443496704101562 -0.00653839111328126 0.66552734375 0.23077392578125
-0.0194969177246094 -0.0537223815917969 0.23809814453125 0.78759765625
0.0344371795654297 -0.0172042846679688 -0.2867431640625 0.5557861328125
0.0551872253417969 0.0122528076171875 0.0401763916015625 0.0442848205566406
0.0253734588623047 -0.0293560028076172 0.41448974609375 -0.56878662109375
-0.000232696533203123 -0.0367431640625 -0.19073486328125 -0.8802490234375
-0.0316791534423828 -0.00977134704589844 -0.76177978515625 -0.2420654296875
-0.0182514190673828 0.00146484375 -0.48114013671875 0.391357421875
0.0168628692626953 0.0116500854492187 -0.0401611328125 0.4656982421875
0.00681400299072266 0.00896835327148438 0.234298706054688 0.2078857421875
0.0207595825195312 -0.00892829895019531 0.290863037109375 -0.044403076171875
0.0310001373291016 -0.0133953094482422 -0.317596435546875 0.003204345703125
0.0141944885253906 0.00558662414550781 -0.2457275390625 -0.254013061523437
0.0199851989746094 0.0184593200683594 0.0364990234375 -0.483154296875
-0.0101222991943359 0.0142536163330078 0.483306884765625 -0.406646728515625
-0.0487174987792969 -0.0102157592773438 0.65911865234375 0.2403564453125
-0.0223197937011719 -0.0550308227539063 0.22296142578125 0.79595947265625
0.0352783203125 -0.0155525207519531 -0.297027587890625 0.556121826171875
0.0548439025878906 0.0158500671386719 0.0343551635742188 0.0457305908203125
0.0264720916748047 -0.026885986328125 0.4176025390625 -0.564208984375
-0.00172042846679688 -0.036529541015625 -0.18072509765625 -0.87396240234375
-0.0340137481689453 -0.0119590759277344 -0.75238037109375 -0.236572265625
-0.0205287933349609 0.000656127929687504 -0.474090576171875 0.398773193359375
0.0149927139282227 0.0147027969360352 -0.039825439453125 0.468414306640625
0.00421905517578125 0.0106573104858398 0.241043090820312 0.206497192382813
0.0194683074951172 -0.00755691528320313 0.29388427734375 -0.04534912109375
0.0312900543212891 -0.0182266235351562 -0.314849853515625 0.00131225585937497
0.0103235244750977 0.00639820098876953 -0.241119384765625 -0.253662109375
0.0208282470703125 0.0191402435302734 0.0404052734375 -0.478179931640625
-0.0102577209472656 0.0134677886962891 0.48681640625 -0.398468017578125
-0.0477371215820313 -0.0102882385253906 0.66351318359375 0.24920654296875
-0.021484375 -0.0538520812988281 0.22344970703125 0.79986572265625
0.0343532562255859 -0.0130672454833984 -0.30108642578125 0.557708740234375
0.0516166687011719 0.0162887573242188 0.0296401977539063 0.0461463928222656
0.0249862670898438 -0.0253639221191406 0.4071044921875 -0.56329345703125
-0.00154685974121093 -0.0347957611083984 -0.1920166015625 -0.86669921875
-0.0344867706298828 -0.0114116668701172 -0.75518798828125 -0.22222900390625
-0.0207099914550781 0.00106048583984375 -0.47052001953125 0.40850830078125
0.0145902633666992 0.0145959854125977 -0.033721923828125 0.475830078125
0.00212001800537109 0.0120315551757813 0.244659423828125 0.20977783203125
0.0196704864501953 -0.0138568878173828 0.298187255859375 -0.044189453125
0.0292472839355469 -0.0216827392578125 -0.3106689453125 0.00503540039062501
0.00859642028808594 0.00336265563964844 -0.235671997070313 -0.251113891601563
0.0211029052734375 0.0180416107177734 0.04718017578125 -0.473663330078125
-0.00730991363525391 0.0128631591796875 0.494232177734375 -0.38531494140625
-0.0448722839355469 -0.00774383544921875 0.65966796875 0.262451171875
-0.0203399658203125 -0.0482559204101562 0.21044921875 0.81036376953125
0.0314445495605469 -0.00908660888671875 -0.309906005859375 0.559112548828125
0.0479812622070313 0.0189476013183594 0.0244827270507813 0.0441207885742187
0.0220756530761719 -0.0202598571777344 0.40435791015625 -0.5628662109375
-0.00170707702636719 -0.0298748016357422 -0.193115234375 -0.861572265625
-0.0318126678466797 -0.00888252258300781 -0.74884033203125 -0.2132568359375
-0.0170106887817383 -0.000261306762695311 -0.46435546875 0.41680908203125
0.0160636901855469 0.0141010284423828 -0.0308837890625 0.479583740234375
0.000547409057617187 0.00938796997070313 0.24920654296875 0.207656860351563
0.0175876617431641 -0.0168685913085938 0.30010986328125 -0.04327392578125
0.0279216766357422 -0.0268611907958984 -0.306549072265625 0.00567626953125001
0.00604677200317383 -0.000756263732910156 -0.2301025390625 -0.25537109375
0.0226631164550781 0.0119895935058594 0.048553466796875 -0.46978759765625
-0.00324440002441406 0.0135393142700195 0.499725341796875 -0.3773193359375
-0.0379219055175781 -0.00274658203125001 0.66064453125 0.27044677734375
-0.0171394348144531 -0.0411758422851563 0.20745849609375 0.81060791015625
0.0275192260742188 -0.00407028198242188 -0.314666748046875 0.5570068359375
0.0431556701660156 0.0180397033691406 0.023040771484375 0.0433540344238281
0.0180740356445313 -0.0175075531005859 0.39422607421875 -0.56365966796875
0.000165939331054688 -0.0217456817626953 -0.20306396484375 -0.855224609375
-0.0256233215332031 -0.00141334533691406 -0.74871826171875 -0.199462890625
-0.0107803344726563 -0.001434326171875 -0.45770263671875 0.42425537109375
0.0186653137207031 0.00983238220214844 -0.026336669921875 0.483123779296875
-0.00159835815429688 0.0054020881652832 0.252029418945313 0.209304809570313
0.0175323486328125 -0.0242214202880859 0.3046875 -0.039337158203125
0.0271015167236328 -0.0295600891113281 -0.3028564453125 0.00827026367187496
0.00530338287353516 -0.0081019401550293 -0.227798461914062 -0.255706787109375
0.024658203125 0.00681495666503906 0.052703857421875 -0.468170166015625
0.00500679016113281 0.0119476318359375 0.501495361328125 -0.37066650390625
-0.0315208435058594 0.00289726257324219 0.66180419921875 0.27972412109375
-0.0145664215087891 -0.0328197479248047 0.20111083984375 0.8177490234375
0.0250282287597656 0.000408172607421875 -0.318634033203125 0.55743408203125
0.039306640625 0.0183334350585938 0.0247230529785156 0.0411338806152344
0.0146427154541016 -0.013361930847168 0.3902587890625 -0.56658935546875
0.00283908843994141 -0.0133571624755859 -0.210693359375 -0.8525390625
-0.0160140991210938 0.00436496734619141 -0.7493896484375 -0.19293212890625
-0.00420713424682617 -0.00347733497619629 -0.45208740234375 0.432373046875
0.0208034515380859 0.0045623779296875 -0.021514892578125 0.484222412109375
-0.00183498859405518 -0.00202500820159912 0.255096435546875 0.207687377929687
0.0144138336181641 -0.0277576446533203 0.30499267578125 -0.03680419921875
0.0260162353515625 -0.0319652557373047 -0.30157470703125 0.00961303710937497
0.00360965728759765 -0.0160007476806641 -0.225906372070313 -0.25836181640625
0.0277557373046875 0.000215530395507813 0.057373046875 -0.46722412109375
0.0124912261962891 0.0122137069702148 0.5079345703125 -0.366790771484375
-0.0244522094726563 0.00956535339355468 0.658447265625 0.2847900390625
-0.0121917724609375 -0.0246047973632813 0.19122314453125 0.82135009765625
0.0215663909912109 0.00227546691894531 -0.32281494140625 0.5526123046875
0.0327301025390625 0.0176792144775391 0.0265121459960938 0.0404739379882813
0.0113239288330078 -0.0108451843261719 0.39080810546875 -0.5687255859375
0.00530099868774414 -0.00461292266845703 -0.214111328125 -0.85125732421875
-0.00580978393554688 0.010798454284668 -0.749755859375 -0.18829345703125
0.00285029411315918 -0.00421309471130371 -0.4510498046875 0.432403564453125
0.0241069793701172 -0.00240516662597656 -0.020843505859375 0.484283447265625
-0.00260257720947266 -0.010711669921875 0.255523681640625 0.20635986328125
0.0130863189697266 -0.0314483642578125 0.305877685546875 -0.0362548828125
0.0246238708496094 -0.0348663330078125 -0.302459716796875 0.00942993164062494
0.00356292724609375 -0.0243167877197266 -0.225112915039063 -0.26226806640625
0.0301246643066406 -0.0064544677734375 0.055999755859375 -0.47265625
0.0201053619384766 0.0118789672851563 0.507293701171875 -0.370361328125
-0.016362190246582 0.0165643692016602 0.6600341796875 0.28350830078125
-0.00905990600585937 -0.0182991027832031 0.194091796875 0.819091796875
0.0192432403564453 0.00273895263671875 -0.32080078125 0.55072021484375
0.0308933258056641 0.0163688659667969 0.0302085876464844 0.0365867614746094
0.0080118179321289 -0.00961589813232422 0.38916015625 -0.572998046875
0.00823783874511719 0.00157499313354492 -0.22021484375 -0.85211181640625
0.00271415710449219 0.0179519653320313 -0.7530517578125 -0.187255859375
0.0105094909667969 -0.00553512573242188 -0.44976806640625 0.4307861328125
0.0259323120117187 -0.00792503356933594 -0.020660400390625 0.484039306640625
-0.00226974487304688 -0.0175628662109375 0.25653076171875 0.2052001953125
0.0106410980224609 -0.0333156585693359 0.306915283203125 -0.03424072265625
0.0315971374511719 -0.0135498046875 -0.323394775390625 -0.00204467773437507
0.0136022567749023 0.00265979766845703 -0.25091552734375 -0.256011962890625
0.0213470458984375 0.0140876770019531 0.03253173828125 -0.4918212890625
-0.00807762145996094 0.0142059326171875 0.48004150390625 -0.418731689453125
-0.0449142456054688 -0.00685882568359374 0.66571044921875 0.2335205078125
-0.0200157165527344 -0.0551986694335938 0.2369384765625 0.7918701171875
0.0348796844482422 -0.0175437927246094 -0.289947509765625 0.55462646484375
0.0548629760742188 0.0130043029785156 0.039154052734375 0.044708251953125
0.0253868103027344 -0.0277462005615234 0.41754150390625 -0.56787109375
0.00123214721679688 -0.0363922119140625 -0.18719482421875 -0.883056640625
-0.030029296875 -0.00919723510742187 -0.76373291015625 -0.24530029296875
-0.0194625854492187 0.00143241882324219 -0.48211669921875 0.39208984375
0.016082763671875 0.0121927261352539 -0.041412353515625 0.4669189453125
0.00602912902832031 0.00964832305908203 0.23486328125 0.20806884765625
0.020263671875 -0.00848007202148438 0.292510986328125 -0.0450439453125
0.0298576354980469 -0.0143566131591797 -0.319366455078125 0.00317382812499994
0.0137090682983398 0.00651741027832031 -0.247894287109375 -0.253387451171875
0.0198478698730469 0.0176849365234375 0.0361328125 -0.48382568359375
-0.0111732482910156 0.0142841339111328 0.483612060546875 -0.40673828125
-0.0486869812011719 -0.0113372802734375 0.66015625 0.24346923828125
-0.0209388732910156 -0.0556755065917969 0.22064208984375 0.79876708984375
0.0346469879150391 -0.0154876708984375 -0.301361083984375 0.556396484375
0.0555305480957031 0.0159568786621094 0.0327186584472656 0.0456123352050781
0.0260791778564453 -0.0253067016601563 0.420166015625 -0.5634765625
-0.00164794921875 -0.0372428894042969 -0.1783447265625 -0.8756103515625
-0.0341129302978516 -0.0125236511230469 -0.75250244140625 -0.23895263671875
-0.0210914611816406 0.00162506103515625 -0.47808837890625 0.398223876953125
0.0140666961669922 0.0143442153930664 -0.037384033203125 0.47021484375
0.00370979309082031 0.0113849639892578 0.2418212890625 0.208541870117187
0.0195770263671875 -0.00749015808105469 0.295074462890625 -0.04510498046875
0.0299110412597656 -0.0186080932617188 -0.31549072265625 0.00238037109375006
0.0106420516967773 0.00691699981689453 -0.242660522460937 -0.25469970703125
0.0206718444824219 0.0192890167236328 0.040557861328125 -0.479644775390625
-0.0112800598144531 0.0145797729492188 0.489288330078125 -0.397857666015625
-0.0487174987792969 -0.00983810424804687 0.6634521484375 0.25311279296875
-0.0211639404296875 -0.0546188354492188 0.2222900390625 0.80499267578125
0.0332431793212891 -0.0143337249755859 -0.30517578125 0.5577392578125
0.0522651672363281 0.0173721313476563 0.0280685424804688 0.0450782775878906
0.0241050720214844 -0.0241622924804688 0.40948486328125 -0.56298828125
-0.0016937255859375 -0.0346832275390625 -0.1873779296875 -0.86920166015625
-0.0336704254150391 -0.0115299224853516 -0.7557373046875 -0.22467041015625
-0.0209846496582031 0.00164794921875 -0.47222900390625 0.407745361328125
0.0147466659545898 0.0146951675415039 -0.0338134765625 0.477294921875
0.00238895416259766 0.0122823715209961 0.2445068359375 0.210891723632813
0.0198001861572266 -0.0129814147949219 0.30010986328125 -0.044219970703125
0.0290050506591797 -0.021728515625 -0.311187744140625 0.00564575195312506
0.00953006744384766 0.00408554077148438 -0.238204956054688 -0.252853393554687
0.02081298828125 0.0181789398193359 0.046539306640625 -0.471710205078125
-0.0078573226928711 0.0130100250244141 0.49493408203125 -0.384979248046875
-0.0462875366210938 -0.009033203125 0.66082763671875 0.26593017578125
-0.0195770263671875 -0.0480461120605469 0.208251953125 0.8131103515625
0.0309543609619141 -0.00801277160644531 -0.31365966796875 0.559814453125
0.0475921630859375 0.0185508728027344 0.0248908996582031 0.0450782775878906
0.0230064392089844 -0.019989013671875 0.40765380859375 -0.56256103515625
-0.000425338745117189 -0.0287322998046875 -0.189453125 -0.8643798828125
-0.0310630798339844 -0.00746345520019531 -0.74969482421875 -0.217041015625
-0.0177059173583984 0.000619888305664063 -0.4661865234375 0.415771484375
0.0155344009399414 0.0136814117431641 -0.031982421875 0.481689453125
0.000544548034667969 0.00957393646240234 0.248779296875 0.209396362304688
0.017791748046875 -0.0166835784912109 0.3016357421875 -0.041961669921875
0.027923583984375 -0.0272884368896484 -0.3074951171875 0.00576782226562498
0.00669431686401367 1.81198120117188E-05 -0.232131958007813 -0.25457763671875
0.0232753753662109 0.0123367309570313 0.049468994140625 -0.471099853515625
-0.00234222412109375 0.0122766494750977 0.50006103515625 -0.3759765625
-0.0395698547363281 -0.00362777709960937 0.66070556640625 0.2755126953125
-0.0177345275878906 -0.0412673950195313 0.2041015625 0.81463623046875
0.0275096893310547 -0.00477027893066406 -0.318511962890625 0.556884765625
0.0424041748046875 0.0193939208984375 0.0223197937011719 0.0433998107910156
0.018280029296875 -0.0165634155273438 0.3994140625 -0.564208984375
0.00123786926269531 -0.0214595794677734 -0.19891357421875 -0.85552978515625
-0.0246868133544922 -0.00201606750488281 -0.7496337890625 -0.20263671875
-0.0117998123168945 -3.05175781249974E-05 -0.45916748046875 0.425537109375
0.0190372467041016 0.00935173034667969 -0.026336669921875 0.484527587890625
-0.000534534454345703 0.00455951690673828 0.253707885742188 0.21002197265625
0.0167675018310547 -0.0235176086425781 0.305816650390625 -0.039703369140625
0.0276031494140625 -0.0306034088134766 -0.30426025390625 0.00814819335937496
0.00490045547485351 -0.00757789611816406 -0.228546142578125 -0.255294799804688
0.0249557495117188 0.00732612609863281 0.052764892578125 -0.46661376953125
0.00546646118164063 0.0122718811035156 0.503265380859375 -0.36871337890625
-0.0319156646728516 0.00340461730957032 0.66107177734375 0.28375244140625
-0.0139007568359375 -0.0333061218261719 0.19818115234375 0.82025146484375
0.0246543884277344 -0.000263214111328125 -0.321868896484375 0.55706787109375
0.038238525390625 0.0184555053710938 0.0226669311523438 0.0401420593261719
0.0142431259155273 -0.0131139755249023 0.39556884765625 -0.56689453125
0.00316619873046875 -0.0124845504760742 -0.206787109375 -0.8533935546875
-0.0148048400878906 0.00514411926269532 -0.75177001953125 -0.194091796875
-0.00479936599731445 -0.00255346298217774 -0.455047607421875 0.43310546875
0.0214195251464844 0.00360107421875 -0.02349853515625 0.48675537109375
-0.00243377685546875 -0.00254249572753906 0.25604248046875 0.207305908203125
0.0152359008789063 -0.0282936096191406 0.307891845703125 -0.03765869140625
0.0265541076660156 -0.0326824188232422 -0.3028564453125 0.00994873046874998
0.00476455688476563 -0.0154180526733398 -0.227020263671875 -0.258819580078125
0.0282402038574219 0.000202178955078125 0.0556640625 -0.468231201171875
0.0131759643554687 0.0120792388916016 0.508544921875 -0.3670654296875
-0.0238513946533203 0.00974655151367188 0.6573486328125 0.289794921875
-0.0111351013183594 -0.0252456665039063 0.192626953125 0.8231201171875
0.0230598449707031 0.00166893005371094 -0.327117919921875 0.552490234375
0.0340137481689453 0.0188312530517578 0.0259132385253906 0.0391464233398438
0.010777473449707 -0.0109272003173828 0.39208984375 -0.5689697265625
0.00599479675292969 -0.00474786758422852 -0.21044921875 -0.85400390625
-0.00652027130126953 0.0110340118408203 -0.751708984375 -0.1898193359375
0.0029299259185791 -0.00371599197387695 -0.45159912109375 0.433441162109375
0.0231113433837891 -0.00258064270019531 -0.02166748046875 0.486358642578125
-0.00289535522460938 -0.0102834701538086 0.2576904296875 0.206161499023438
0.0124053955078125 -0.0308628082275391 0.308319091796875 -0.03680419921875
0.0249843597412109 -0.0348167419433594 -0.303955078125 0.01068115234375
0.00400924682617188 -0.0238475799560547 -0.22625732421875 -0.262680053710938
0.0306549072265625 -0.00705528259277344 0.0546875 -0.471832275390625
0.0198898315429687 0.0131855010986328 0.5076904296875 -0.369110107421875
-0.0164823532104492 0.0161514282226562 0.66009521484375 0.28741455078125
-0.0088043212890625 -0.0184478759765625 0.19171142578125 0.8201904296875
0.0196762084960937 0.00371551513671875 -0.32611083984375 0.54998779296875
0.0304698944091797 0.0157470703125 0.0295562744140625 0.0374794006347656
0.00812339782714844 -0.00851821899414063 0.39141845703125 -0.572021484375
0.00837612152099609 0.00168848037719727 -0.2174072265625 -0.8544921875
0.00231266021728516 0.0174713134765625 -0.754150390625 -0.1885986328125
0.00909900665283203 -0.00579261779785156 -0.4521484375 0.43243408203125
0.0264072418212891 -0.00899124145507813 -0.020477294921875 0.485137939453125
-0.00288200378417969 -0.0174560546875 0.257293701171875 0.206924438476563
0.0106163024902344 -0.0336894989013672 0.308685302734375 -0.034576416015625
