TRXV5
3
4
4
9
string Extension=J
integer IsArchMeasurement=1
integer IsSpherical=1
string Generator=SPM
string GeneratorVersion=1.3.1 Dev
double ArchRadius=0.449999988079071
integer FrequencyAxisIndex=0
integer AzimuthAxisIndex=1
integer ElevationAxisIndex=2
Frequency
5 201 700000000 800000000 LIN
Azimuth
7 8 0 2.74889357189107 LIN
Elevation
7 15 -2.74889357189107 2.74889357189107 LIN
Polar H Real Part
13
Polar H Imaginary Part
14
Polar V Real Part
13
Polar V Imaginary Part
14
Polar H Magnitude (dB)
12 0xC0000002 0 1
Polar H Phase
7 0xC0000003 0 1
Polar V Magnitude (dB)
12 0xC0000002 2 3
Polar V Phase
7 0xC0000003 2 3
0.0302791595458984 0.00414085388183594 -0.21240234375 -0.210525512695312
0.00179481506347656 0.0127840042114258 0.027740478515625 -0.345855712890625
0.00106430053710937 0.0270252227783203 0.377716064453125 -0.29541015625
-0.016230583190918 0.0073709487915039 0.63006591796875 0.06878662109375
-0.0255699157714844 -0.0373992919921875 0.3309326171875 0.6204833984375
0.0209579467773438 -0.058013916015625 -0.27471923828125 0.760498046875
0.0481491088867188 -0.00358200073242188 -0.4801025390625 0.330535888671875
0.0593910217285156 0.0269012451171875 0.0205802917480469 0.0511283874511719
0.0538368225097656 -0.01556396484375 0.60235595703125 -0.275146484375
0.0304241180419922 -0.0293521881103516 0.3868408203125 -0.78192138671875
-0.0112228393554687 -0.02862548828125 -0.377197265625 -0.67938232421875
-0.0133018493652344 -0.0112314224243164 -0.615234375 -0.075927734375
0.00132369995117188 0.0201148986816406 -0.381500244140625 0.27252197265625
-0.00476741790771484 0.00661087036132813 -0.00250244140625002 0.308380126953125
0.0187225341796875 0.00116157531738281 0.225982666015625 0.16973876953125
0.0311431884765625 0.00533103942871094 -0.212387084960938 -0.2017822265625
-0.000631332397460938 0.0126476287841797 0.024810791015625 -0.3438720703125
-0.000446319580078124 0.0280170440673828 0.372650146484375 -0.29461669921875
-0.0165987014770508 0.00801467895507813 0.62506103515625 0.0635986328125
-0.0257186889648437 -0.0372886657714844 0.33636474609375 0.6126708984375
0.0205726623535156 -0.0564651489257813 -0.2691650390625 0.7642822265625
0.0472297668457031 -0.00240325927734375 -0.486419677734375 0.336822509765625
0.0577392578125 0.0257377624511719 0.006378173828125 0.0537033081054688
0.0522270202636719 -0.0137557983398438 0.597900390625 -0.26568603515625
0.0334281921386719 -0.0281257629394531 0.39495849609375 -0.77545166015625
-0.0105609893798828 -0.0280666351318359 -0.3671875 -0.68353271484375
-0.0156316757202148 -0.01031494140625 -0.61846923828125 -0.0835571289062501
-0.00162506103515625 0.0203189849853516 -0.387603759765625 0.269500732421875
-0.00933933258056641 0.00844573974609375 -0.00308227539062503 0.30859375
0.0190677642822266 0.00222587585449219 0.225631713867188 0.174468994140625
0.0324802398681641 0.00614547729492188 -0.211639404296875 -0.196136474609375
0.000275611877441406 0.010859489440918 0.02691650390625 -0.33966064453125
0.000600814819335938 0.0289249420166016 0.372467041015625 -0.291961669921875
-0.0165195465087891 0.00889492034912109 0.6226806640625 0.06671142578125
-0.0244808197021484 -0.0328464508056641 0.334228515625 0.61688232421875
0.019866943359375 -0.0504722595214844 -0.2738037109375 0.76947021484375
0.0412178039550781 -8.7738037109375E-05 -0.492034912109375 0.341949462890625
0.0512313842773438 0.0279197692871094 -0.00217437744140624 0.0543403625488281
0.0497550964355469 -0.0115699768066406 0.58941650390625 -0.26251220703125
0.0311031341552734 -0.0224971771240234 0.39471435546875 -0.77423095703125
-0.0104236602783203 -0.0240230560302734 -0.36431884765625 -0.68634033203125
-0.0139884948730469 -0.0089569091796875 -0.6197509765625 -0.08453369140625
-0.000814437866210938 0.0220470428466797 -0.3912353515625 0.26702880859375
-0.0086064338684082 0.00752592086791992 -0.00390624999999997 0.3114013671875
0.0211563110351563 0.00220108032226563 0.22454833984375 0.178970336914062
0.0336418151855469 0.00446319580078125 -0.211151123046875 -0.19085693359375
0.00458145141601562 0.00897312164306641 0.031036376953125 -0.336151123046875
0.003387451171875 0.0265579223632813 0.373291015625 -0.289794921875
-0.0125026702880859 0.0109939575195312 0.6240234375 0.07391357421875
-0.0245018005371094 -0.0271701812744141 0.32781982421875 0.62237548828125
0.0174293518066406 -0.0433082580566406 -0.2818603515625 0.76959228515625
0.0345211029052734 0.00534439086914063 -0.500762939453125 0.342010498046875
0.0429763793945313 0.0267982482910156 -0.005096435546875 0.0555305480957031
0.0432319641113281 -0.00815582275390625 0.582275390625 -0.26507568359375
0.0281848907470703 -0.016326904296875 0.384765625 -0.7745361328125
-0.00986289978027343 -0.0179100036621094 -0.37249755859375 -0.68255615234375
-0.0106973648071289 -0.00745773315429687 -0.62384033203125 -0.07940673828125
0.00222587585449219 0.0204219818115234 -0.393463134765625 0.272491455078125
-0.00463771820068359 0.00553369522094727 -0.00106811523437499 0.31365966796875
0.0223731994628906 0.000904083251953125 0.22320556640625 0.18426513671875
0.0339584350585937 0.00153350830078125 -0.20965576171875 -0.18780517578125
0.00991249084472656 0.00465583801269531 0.03363037109375 -0.334136962890625
0.00865936279296875 0.022857666015625 0.375396728515625 -0.2861328125
-0.00992584228515625 0.0128021240234375 0.622802734375 0.08050537109375
-0.0223655700683594 -0.0195407867431641 0.3194580078125 0.62762451171875
0.0142059326171875 -0.0343761444091797 -0.2928466796875 0.77294921875
0.0250205993652344 0.00958824157714844 -0.50634765625 0.34124755859375
0.0322818756103516 0.0259990692138672 -0.00820541381835938 0.0565834045410156
0.0314731597900391 -0.0062408447265625 0.5794677734375 -0.26953125
0.0235824584960938 -0.00868606567382813 0.3763427734375 -0.77777099609375
-0.00766944885253906 -0.00817108154296875 -0.3809814453125 -0.67919921875
-0.00674772262573242 -0.00427389144897461 -0.62664794921875 -0.0759887695312501
0.0068511962890625 0.0181961059570312 -0.393157958984375 0.273681640625
-0.000473499298095703 0.00204944610595703 0.000213623046875027 0.315460205078125
0.0232276916503906 -0.00223159790039063 0.2216796875 0.188095092773438
0.0364151000976563 -0.00140762329101563 -0.209671020507813 -0.188613891601563
0.0142984390258789 -8.96453857421875E-05 0.0361328125 -0.333953857421875
0.0150966644287109 0.0199661254882813 0.37957763671875 -0.285614013671875
-0.004913330078125 0.0183963775634766 0.6231689453125 0.08447265625
-0.0204353332519531 -0.00976371765136719 0.31634521484375 0.63232421875
0.00988197326660156 -0.0262508392333984 -0.3004150390625 0.769287109375
0.0163040161132813 0.0132427215576172 -0.508575439453125 0.340179443359375
0.0206985473632813 0.0259513854980469 -0.007659912109375 0.0557365417480469
0.0212726593017578 -0.00477027893066406 0.5748291015625 -0.271484375
0.018890380859375 -0.000324249267578125 0.36285400390625 -0.78228759765625
-0.00690364837646484 0.000694751739501953 -0.390625 -0.67572021484375
-0.00178098678588867 -0.00139081478118897 -0.62725830078125 -0.0704345703125001
0.0139198303222656 0.0153055191040039 -0.3902587890625 0.279327392578125
0.0059809684753418 -0.00118398666381836 0.000610351562499987 0.31890869140625
0.0249576568603516 -0.00486373901367188 0.221847534179687 0.190414428710938
0.037322998046875 -0.00250625610351562 -0.2091064453125 -0.189865112304687
0.020660400390625 -0.00514411926269531 0.040252685546875 -0.334869384765625
0.0224037170410156 0.015655517578125 0.384033203125 -0.284149169921875
-0.00122833251953125 0.02044677734375 0.6239013671875 0.0885009765625
-0.0203628540039063 -0.00185585021972656 0.3099365234375 0.63641357421875
0.0056304931640625 -0.0183925628662109 -0.3067626953125 0.7672119140625
0.00689506530761719 0.0155439376831055 -0.507537841796875 0.33489990234375
0.0111446380615234 0.0235652923583984 -0.00220870971679688 0.0557899475097656
0.0116405487060547 -0.00230979919433594 0.571533203125 -0.277099609375
0.0120153427124023 0.00564289093017578 0.3526611328125 -0.78497314453125
-0.0056924819946289 0.0100641250610352 -0.39984130859375 -0.67034912109375
0.00450754165649414 0.00149393081665039 -0.627197265625 -0.06341552734375
0.0210018157958984 0.0126056671142578 -0.386322021484375 0.2833251953125
0.0127162933349609 -0.00547885894775391 0.001617431640625 0.320037841796875
0.0261669158935547 -0.00649642944335938 0.221923828125 0.1922607421875
0.036590576171875 -0.004180908203125 -0.207748413085938 -0.1943359375
0.0260257720947266 -0.00918197631835937 0.040771484375 -0.336700439453125
0.0277748107910156 0.0124301910400391 0.3857421875 -0.28277587890625
0.0042572021484375 0.0226173400878906 0.62664794921875 0.09271240234375
-0.0190830230712891 0.00417709350585937 0.30584716796875 0.63653564453125
0.00160503387451172 -0.0134859085083008 -0.313232421875 0.7630615234375
-0.000868797302246095 0.0172243118286133 -0.505523681640625 0.3297119140625
0.00457191467285156 0.0228137969970703 0.00510025024414062 0.0554428100585938
0.00250816345214844 -0.00283002853393555 0.57391357421875 -0.28253173828125
0.00753974914550781 0.0106868743896484 0.34320068359375 -0.790283203125
-0.00347614288330078 0.0163640975952148 -0.40716552734375 -0.66912841796875
0.00898170471191406 0.00270271301269531 -0.6239013671875 -0.06036376953125
0.0265617370605469 0.0110282897949219 -0.382904052734375 0.285980224609375
0.0191669464111328 -0.00917625427246094 0.00170898437500003 0.31781005859375
0.0267581939697266 -0.008697509765625 0.222671508789063 0.188400268554688
0.0302391052246094 0.0026092529296875 -0.213592529296875 -0.2109375
0.00185966491699219 0.0110597610473633 0.0250244140625 -0.3485107421875
0.00228691101074218 0.0270957946777344 0.37799072265625 -0.295562744140625
-0.01654052734375 0.00612258911132812 0.63201904296875 0.06951904296875
-0.0261116027832031 -0.0385475158691406 0.3302001953125 0.6217041015625
0.0216484069824219 -0.0589523315429687 -0.2774658203125 0.76300048828125
0.048248291015625 -0.00464248657226563 -0.483489990234375 0.3291015625
0.0591049194335938 0.0274238586425781 0.0198326110839844 0.0515670776367188
0.0525474548339844 -0.0163307189941406 0.60504150390625 -0.27569580078125
0.0316333770751953 -0.0293102264404297 0.39105224609375 -0.7833251953125
-0.0109996795654297 -0.0284824371337891 -0.37542724609375 -0.68206787109375
-0.0143604278564453 -0.0115575790405273 -0.618896484375 -0.0778808593750001
0.000297546386718749 0.0197505950927734 -0.383026123046875 0.274322509765625
-0.00699567794799805 0.00846195220947266 -0.00155639648437501 0.309600830078125
0.0194625854492188 0.00144767761230469 0.229156494140625 0.1693115234375
0.0301990509033203 0.0051727294921875 -0.212738037109375 -0.203872680664063
0.00120639801025391 0.0123128890991211 0.025054931640625 -0.343414306640625
0.000982284545898437 0.0287761688232422 0.372650146484375 -0.296112060546875
-0.0176372528076172 0.00732040405273437 0.62750244140625 0.065673828125
-0.0265045166015625 -0.0366592407226563 0.3341064453125 0.61627197265625
0.021728515625 -0.056427001953125 -0.274169921875 0.76702880859375
0.0475120544433594 -0.002960205078125 -0.48846435546875 0.336456298828125
0.0570220947265625 0.0278739929199219 0.00588989257812501 0.0528297424316406
0.0532455444335938 -0.0128021240234375 0.59893798828125 -0.2657470703125
0.0325717926025391 -0.0273952484130859 0.39935302734375 -0.776123046875
-0.0110282897949219 -0.0280284881591797 -0.3675537109375 -0.688232421875
-0.0150117874145508 -0.0110559463500977 -0.62017822265625 -0.08477783203125
-0.00187301635742187 0.0215015411376953 -0.3895263671875 0.270660400390625
-0.00856971740722656 0.00896549224853516 -0.00292968749999999 0.310821533203125
0.0198688507080078 0.00200271606445313 0.226272583007813 0.174606323242188
0.0315628051757813 0.00503730773925781 -0.211639404296875 -0.196762084960937
0.00219058990478516 0.0114164352416992 0.02459716796875 -0.339996337890625
0.0001373291015625 0.0286521911621094 0.372802734375 -0.294677734375
-0.0160865783691406 0.00971698760986328 0.62457275390625 0.06829833984375
-0.0251960754394531 -0.0335807800292969 0.33270263671875 0.62060546875
0.0208473205566406 -0.0515403747558594 -0.277099609375 0.771484375
0.0416183471679688 0.00112152099609375 -0.496673583984375 0.3421630859375
0.0504684448242188 0.0274505615234375 -0.00371170043945312 0.0553970336914063
0.048675537109375 -0.00980758666992188 0.5928955078125 -0.261474609375
0.0321807861328125 -0.0225658416748047 0.3995361328125 -0.77655029296875
-0.0106754302978516 -0.0237655639648438 -0.3642578125 -0.69073486328125
-0.0145254135131836 -0.00905990600585938 -0.62274169921875 -0.0870971679687501
-0.00163650512695313 0.0208816528320313 -0.39471435546875 0.269317626953125
-0.00867795944213867 0.00795221328735352 -0.003662109375 0.312652587890625
0.0210666656494141 0.00176620483398438 0.225830078125 0.181625366210938
0.0336704254150391 0.00362205505371094 -0.212326049804688 -0.192138671875
0.00449609756469727 0.0079197883605957 0.028900146484375 -0.338348388671875
0.00407981872558594 0.0268611907958984 0.372039794921875 -0.289794921875
-0.0138950347900391 0.0114564895629883 0.62371826171875 0.07415771484375
-0.023529052734375 -0.0265121459960937 0.32403564453125 0.6273193359375
0.0195045471191406 -0.0434532165527344 -0.28790283203125 0.77435302734375
0.0348281860351563 0.00452613830566406 -0.504486083984375 0.3409423828125
0.0412101745605469 0.028106689453125 -0.00685501098632812 0.0556373596191406
0.0412445068359375 -0.00718307495117187 0.58746337890625 -0.263671875
0.0287380218505859 -0.0152111053466797 0.38983154296875 -0.77691650390625
-0.00961017608642578 -0.0170526504516602 -0.37225341796875 -0.685791015625
-0.0107784271240234 -0.00714492797851562 -0.62579345703125 -0.0795288085937499
0.00291061401367188 0.0195388793945312 -0.393890380859375 0.272308349609375
-0.0058903694152832 0.00636434555053711 -0.00228881835937503 0.31475830078125
0.0223827362060547 0.00116729736328125 0.22454833984375 0.1856689453125
0.0344963073730469 0.00214767456054688 -0.211776733398437 -0.18817138671875
0.00913143157958984 0.00466728210449219 0.033966064453125 -0.335174560546875
0.00916099548339843 0.0238475799560547 0.375640869140625 -0.28802490234375
-0.0105686187744141 0.0142087936401367 0.62322998046875 0.08148193359375
-0.0231132507324219 -0.0188198089599609 0.3187255859375 0.6318359375
0.0145225524902344 -0.0352935791015625 -0.297119140625 0.77410888671875
0.0260467529296875 0.0084686279296875 -0.511199951171875 0.340179443359375
0.0313911437988281 0.0267410278320313 -0.00954818725585937 0.0557861328125
0.0318775177001953 -0.00603866577148438 0.58258056640625 -0.26776123046875
0.0230579376220703 -0.00820159912109375 0.38055419921875 -0.78021240234375
-0.00769186019897461 -0.00751829147338867 -0.38079833984375 -0.68292236328125
-0.00647401809692383 -0.00458574295043945 -0.626953125 -0.07635498046875
0.00657367706298828 0.0173578262329102 -0.395477294921875 0.27679443359375
-0.000598311424255371 0.00176322460174561 -0.000122070312499994 0.31787109375
0.0231170654296875 -0.000825881958007812 0.223648071289063 0.189117431640625
0.0355873107910156 -0.000736236572265625 -0.2108154296875 -0.189407348632813
0.0153131484985352 0.000411033630371094 0.034423828125 -0.336944580078125
0.0163059234619141 0.0202369689941406 0.378448486328125 -0.28668212890625
-0.00590705871582031 0.0182743072509766 0.62451171875 0.08441162109375
-0.0209255218505859 -0.0104579925537109 0.317626953125 0.63519287109375
0.0106048583984375 -0.0270576477050781 -0.30230712890625 0.77288818359375
0.0161285400390625 0.0119428634643555 -0.513092041015625 0.33892822265625
0.0201740264892578 0.0260334014892578 -0.00872802734374999 0.0564994812011719
0.0207500457763672 -0.00447273254394531 0.57818603515625 -0.27032470703125
0.0179805755615234 -0.0008392333984375 0.36822509765625 -0.782470703125
-0.00659275054931641 0.00132226943969727 -0.39080810546875 -0.679443359375
-0.00165307521820068 -0.00123369693756104 -0.629638671875 -0.0714721679687501
0.0133819580078125 0.0159521102905273 -0.392669677734375 0.28155517578125
0.00618457794189453 -0.000941276550292969 -0.000396728515625035 0.320892333984375
0.0243434906005859 -0.00465965270996094 0.22503662109375 0.192352294921875
0.0373001098632813 -0.00225448608398438 -0.210006713867187 -0.191375732421875
0.0207710266113281 -0.00514602661132813 0.040283203125 -0.335906982421875
0.0224514007568359 0.0165176391601563 0.381988525390625 -0.283416748046875
-0.000837326049804688 0.0201396942138672 0.62548828125 0.089599609375
-0.0206661224365234 -0.00177192687988281 0.3095703125 0.638671875
0.00617218017578125 -0.019683837890625 -0.309326171875 0.7689208984375
0.00643157958984375 0.0161323547363281 -0.512054443359375 0.333831787109375
0.00956344604492187 0.024627685546875 -0.00353240966796876 0.0562934875488281
0.0104560852050781 -0.00245475769042969 0.57574462890625 -0.27630615234375
0.0128765106201172 0.00706386566162109 0.35577392578125 -0.78643798828125
-0.00494098663330078 0.0106754302978516 -0.399658203125 -0.6751708984375
0.00457954406738281 0.00136804580688477 -0.630126953125 -0.0650634765624999
0.0206432342529297 0.0123882293701172 -0.38922119140625 0.2847900390625
0.0125627517700195 -0.00547409057617188 0.00119018554687497 0.321136474609375
0.0265045166015625 -0.00683021545410156 0.223907470703125 0.192047119140625
0.03704833984375 -0.00544357299804688 -0.209991455078125 -0.1949462890625
0.0261058807373047 -0.00862503051757813 0.041229248046875 -0.337371826171875
0.0277481079101563 0.0119800567626953 0.388214111328125 -0.283355712890625
0.00339126586914062 0.0224933624267578 0.6270751953125 0.09576416015625
-0.0191745758056641 0.00308418273925781 0.30291748046875 0.6402587890625
0.00137805938720703 -0.013819694519043 -0.317138671875 0.76617431640625
-0.000204086303710936 0.0177993774414063 -0.510101318359375 0.329803466796875
0.00231552124023437 0.0229473114013672 0.00481033325195313 0.0553245544433594
0.00237154960632324 -0.00260758399963379 0.5771484375 -0.28179931640625
0.00751495361328125 0.0122489929199219 0.34771728515625 -0.79205322265625
-0.00311946868896484 0.0171566009521484 -0.4073486328125 -0.671875
0.00894641876220703 0.00272560119628906 -0.62750244140625 -0.0598754882812499
0.0265140533447266 0.0105152130126953 -0.384521484375 0.28680419921875
0.0186710357666016 -0.00958633422851563 0.00186157226562497 0.32000732421875
0.0256328582763672 -0.00893974304199219 0.22442626953125 0.190032958984375
0.0310802459716797 0.00253105163574219 -0.215408325195313 -0.212432861328125
0.00268459320068359 0.0118894577026367 0.023590087890625 -0.350311279296875
0.00305938720703125 0.0276432037353516 0.380462646484375 -0.296966552734375
-0.0171689987182617 0.00695514678955078 0.63409423828125 0.0714111328125
-0.0259819030761719 -0.0388336181640625 0.33099365234375 0.62652587890625
0.02276611328125 -0.0593338012695312 -0.28167724609375 0.767578125
0.0496559143066406 -0.004302978515625 -0.4879150390625 0.32904052734375
0.0598678588867188 0.0279693603515625 0.0183067321777344 0.0510749816894531
0.0521163940429688 -0.0142822265625 0.6097412109375 -0.2752685546875
0.0315418243408203 -0.0293655395507812 0.3955078125 -0.786865234375
-0.0106849670410156 -0.0279808044433594 -0.37835693359375 -0.6885986328125
-0.0145797729492188 -0.0108871459960938 -0.623291015625 -0.0785522460937501
0.00102043151855469 0.0212993621826172 -0.387786865234375 0.27752685546875
-0.00712966918945313 0.00838851928710937 -0.00137329101562502 0.3111572265625
0.0191688537597656 0.00116729736328125 0.230865478515625 0.171463012695313
0.0306797027587891 0.00398063659667969 -0.215438842773438 -0.204788208007813
0.001434326171875 0.0129728317260742 0.02374267578125 -0.34716796875
0.000602722167968749 0.0297908782958984 0.374298095703125 -0.298614501953125
-0.0185642242431641 0.00922966003417969 0.6298828125 0.06591796875
-0.0264244079589844 -0.0375709533691406 0.33575439453125 0.62152099609375
0.0222892761230469 -0.0573768615722656 -0.27630615234375 0.770751953125
0.0480308532714844 -0.00288772583007813 -0.494476318359375 0.337677001953125
0.057342529296875 0.0285606384277344 0.00439071655273438 0.0541229248046875
0.0522384643554688 -0.0127105712890625 0.60418701171875 -0.2659912109375
0.0338573455810547 -0.0264682769775391 0.40240478515625 -0.7799072265625
-0.0107841491699219 -0.0276603698730469 -0.36724853515625 -0.69232177734375
-0.016291618347168 -0.0108604431152344 -0.62542724609375 -0.0858154296875001
-0.00154495239257813 0.0205268859863281 -0.39288330078125 0.27337646484375
-0.00905132293701172 0.00896358489990234 -0.00436401367187503 0.313079833984375
0.0195903778076172 0.00159645080566406 0.230392456054688 0.176071166992188
0.0314369201660156 0.004547119140625 -0.214401245117187 -0.196456909179687
0.000718116760253905 0.0117664337158203 0.02301025390625 -0.342254638671875
0.00161170959472656 0.0282154083251953 0.37310791015625 -0.296142578125
-0.0176448822021484 0.00942802429199219 0.6265869140625 0.068359375
-0.0260810852050781 -0.0330638885498047 0.3333740234375 0.62591552734375
0.0216255187988281 -0.0518112182617188 -0.28057861328125 0.7781982421875
0.0424003601074219 0.00127410888671875 -0.50335693359375 0.3427734375
0.0512237548828125 0.0289344787597656 -0.00402450561523437 0.0547714233398437
0.0477561950683594 -0.00977325439453125 0.5972900390625 -0.26324462890625
0.0316123962402344 -0.0224819183349609 0.40496826171875 -0.778564453125
-0.0108966827392578 -0.0242710113525391 -0.36639404296875 -0.69744873046875
-0.0141334533691406 -0.00967121124267578 -0.627685546875 -0.0870361328124999
-0.00154685974121094 0.0209770202636719 -0.3968505859375 0.271453857421875
-0.0088653564453125 0.00829029083251953 -0.00366210937500002 0.31414794921875
0.0219497680664062 0.00164794921875 0.228729248046875 0.181549072265625
0.03253173828125 0.00310134887695313 -0.213897705078125 -0.192962646484375
0.00579738616943359 0.00911140441894531 0.028778076171875 -0.33978271484375
0.00439453125 0.0273494720458984 0.374237060546875 -0.292236328125
-0.0149641036987305 0.0116405487060547 0.62677001953125 0.07562255859375
-0.0247039794921875 -0.0270862579345703 0.324462890625 0.63116455078125
0.0195388793945312 -0.0438957214355469 -0.290771484375 0.779541015625
0.0355148315429688 0.00498580932617188 -0.510345458984375 0.342315673828125
0.0419273376464844 0.0284080505371094 -0.00754547119140625 0.0554656982421875
0.0407485961914063 -0.00617218017578125 0.59124755859375 -0.26544189453125
0.0287036895751953 -0.0154209136962891 0.3944091796875 -0.780029296875
-0.00878524780273438 -0.0166730880737305 -0.3743896484375 -0.69036865234375
-0.0117015838623047 -0.00673484802246094 -0.62884521484375 -0.0823364257812499
0.00140762329101563 0.0191650390625 -0.397979736328125 0.274139404296875
-0.00622081756591797 0.00628089904785156 -0.00268554687499998 0.31756591796875
0.022430419921875 0.000440597534179688 0.226516723632813 0.186599731445313
0.0346775054931641 0.00165367126464844 -0.213226318359375 -0.190170288085938
0.00908088684082031 0.00435924530029297 0.032623291015625 -0.338775634765625
0.00941085815429687 0.0231285095214844 0.376800537109375 -0.289520263671875
-0.0106029510498047 0.0146656036376953 0.62640380859375 0.08038330078125
-0.0223293304443359 -0.0191898345947266 0.31854248046875 0.63623046875
0.0157585144042969 -0.0355491638183594 -0.30010986328125 0.7803955078125
0.0265312194824219 0.00906181335449219 -0.515289306640625 0.3414306640625
0.0312271118164063 0.0272655487060547 -0.00984954833984375 0.056304931640625
0.0313701629638672 -0.00476455688476562 0.5849609375 -0.26654052734375
0.0241508483886719 -0.00717544555664062 0.3848876953125 -0.78271484375
-0.00753450393676758 -0.00785112380981445 -0.38232421875 -0.68743896484375
-0.00739383697509766 -0.00446891784667969 -0.63238525390625 -0.0767822265625
0.00778007507324219 0.0178546905517578 -0.39776611328125 0.279388427734375
-0.00036168098449707 0.00274300575256348 -0.00158691406249998 0.319366455078125
0.0234775543212891 -0.00139236450195313 0.226455688476563 0.19134521484375
0.0357627868652344 -0.00099945068359375 -0.21270751953125 -0.19012451171875
0.0151748657226562 -0.000123023986816406 0.03485107421875 -0.33856201171875
0.0165462493896484 0.0200271606445313 0.37939453125 -0.28924560546875
-0.00577545166015625 0.0192050933837891 0.62603759765625 0.08636474609375
-0.0223350524902344 -0.0103168487548828 0.31597900390625 0.63897705078125
0.0119705200195312 -0.0267086029052734 -0.30523681640625 0.7779541015625
0.0164766311645508 0.0121574401855469 -0.516754150390625 0.338653564453125
0.0209503173828125 0.0263748168945313 -0.009124755859375 0.0559463500976563
0.0203437805175781 -0.00322341918945313 0.58062744140625 -0.26971435546875
0.0193386077880859 0.000156402587890625 0.3717041015625 -0.787109375
-0.00558233261108398 0.00129795074462891 -0.3924560546875 -0.6845703125
-0.00107133388519287 -0.000851273536682129 -0.63372802734375 -0.0711669921874999
0.0145196914672852 0.0149240493774414 -0.3963623046875 0.283966064453125
0.00663995742797851 -0.000781059265136719 -0.000396728515624996 0.322509765625
0.0254058837890625 -0.00503158569335938 0.226058959960938 0.19403076171875
0.0362548828125 -0.003387451171875 -0.212081909179687 -0.191848754882813
0.0205287933349609 -0.00441932678222656 0.037384033203125 -0.338623046875
0.0227680206298828 0.0166110992431641 0.383087158203125 -0.287078857421875
-0.00133705139160156 0.0215129852294922 0.6282958984375 0.09033203125
-0.0211124420166016 -0.00301742553710938 0.3104248046875 0.64312744140625
0.00680160522460937 -0.0192184448242188 -0.31402587890625 0.77532958984375
0.00705718994140625 0.016026496887207 -0.517730712890625 0.335235595703125
0.010650634765625 0.0260448455810547 -0.00433349609375 0.055267333984375
0.00988101959228515 -0.00237464904785156 0.57940673828125 -0.2755126953125
0.0133495330810547 0.00759601593017578 0.36053466796875 -0.7889404296875
-0.004974365234375 0.0107231140136719 -0.4017333984375 -0.680419921875
0.00423431396484375 0.00121831893920898 -0.63330078125 -0.06414794921875
0.0211906433105469 0.0133743286132812 -0.39154052734375 0.287139892578125
0.0126857757568359 -0.004852294921875 0.001251220703125 0.32440185546875
0.0259151458740234 -0.00750732421875 0.225830078125 0.19427490234375
0.0365104675292969 -0.004791259765625 -0.210830688476563 -0.195388793945312
0.0266914367675781 -0.00828933715820312 0.04071044921875 -0.339813232421875
0.0293807983398438 0.0131568908691406 0.389007568359375 -0.2860107421875
0.00272560119628906 0.0232887268066406 0.63006591796875 0.09521484375
-0.019989013671875 0.00300216674804688 0.30413818359375 0.64599609375
0.00229358673095703 -0.0132589340209961 -0.32025146484375 0.77105712890625
-0.000698089599609375 0.0174112319946289 -0.514862060546875 0.32958984375
0.00266075134277344 0.0235023498535156 0.003814697265625 0.0545616149902344
0.00231194496154785 -0.00145959854125977 0.5799560546875 -0.28216552734375
0.00772190093994141 0.0116033554077148 0.35003662109375 -0.79638671875
-0.00351715087890625 0.0168190002441406 -0.409912109375 -0.67755126953125
0.00889778137207031 0.00274562835693359 -0.63238525390625 -0.0611572265625001
0.0263233184814453 0.0105361938476563 -0.388214111328125 0.29034423828125
0.0189857482910156 -0.00879859924316406 0.000305175781250028 0.322723388671875
0.0254764556884766 -0.00937652587890625 0.22625732421875 0.191085815429688
0.0303325653076172 0.0024566650390625 -0.218536376953125 -0.212600708007812
0.00277996063232422 0.0128087997436523 0.02093505859375 -0.35296630859375
0.00213432312011719 0.02740478515625 0.37982177734375 -0.301116943359375
-0.0183067321777344 0.00742149353027343 0.63818359375 0.07086181640625
-0.0262260437011719 -0.0397987365722656 0.33245849609375 0.63165283203125
0.0230827331542969 -0.0603713989257813 -0.2845458984375 0.77362060546875
0.0483818054199219 -0.00367355346679688 -0.4931640625 0.3314208984375
0.0607948303222656 0.0290031433105469 0.0178909301757813 0.0514450073242188
0.0525665283203125 -0.0139122009277344 0.614013671875 -0.27630615234375
0.0316810607910156 -0.0287284851074219 0.39794921875 -0.79266357421875
-0.0108051300048828 -0.0279788970947266 -0.379150390625 -0.69146728515625
-0.0144281387329102 -0.0105495452880859 -0.6287841796875 -0.0780029296875
0.00126266479492187 0.0197734832763672 -0.38922119140625 0.278961181640625
-0.00780963897705078 0.00816059112548828 -0.00225830078125001 0.314117431640625
0.0191230773925781 0.00108909606933594 0.2333984375 0.172897338867188
0.0305900573730469 0.00402069091796875 -0.217910766601563 -0.205978393554687
0.000991821289062499 0.0131645202636719 0.020721435546875 -0.350250244140625
0.000642776489257811 0.0291538238525391 0.374267578125 -0.301849365234375
-0.0197582244873047 0.00789451599121094 0.634765625 0.06512451171875
-0.0274734497070313 -0.0381965637207031 0.33721923828125 0.6268310546875
0.0231246948242188 -0.0575447082519531 -0.2784423828125 0.7786865234375
0.0483665466308594 -0.00251007080078125 -0.499481201171875 0.338714599609375
0.0583152770996094 0.0297584533691406 0.00382232666015625 0.0524864196777344
0.0525627136230469 -0.0112342834472656 0.60687255859375 -0.2666015625
0.0336170196533203 -0.0268802642822266 0.40740966796875 -0.78436279296875
-0.00995635986328125 -0.0282669067382813 -0.3707275390625 -0.697998046875
-0.0158901214599609 -0.0111579895019531 -0.629638671875 -0.08538818359375
-0.00163078308105469 0.02154541015625 -0.39581298828125 0.274383544921875
-0.00949954986572266 0.00944423675537109 -0.00357055664062503 0.315887451171875
0.0198040008544922 0.000829696655273438 0.233535766601563 0.177780151367188
0.0318584442138672 0.00376319885253906 -0.216964721679687 -0.198226928710938
0.00106334686279297 0.0124731063842773 0.021942138671875 -0.3450927734375
0.00136566162109375 0.0296993255615234 0.372894287109375 -0.299163818359375
-0.0172977447509766 0.00998497009277344 0.6290283203125 0.06793212890625
-0.0264568328857422 -0.03387451171875 0.3338623046875 0.63153076171875
0.0215492248535156 -0.0527801513671875 -0.2841796875 0.784423828125
0.0431365966796875 0.00145721435546875 -0.506317138671875 0.34326171875
0.0514297485351562 0.0302352905273437 -0.00446319580078124 0.0553207397460938
0.0483360290527344 -0.00860977172851563 0.6021728515625 -0.2640380859375
0.0330638885498047 -0.0218505859375 0.4078369140625 -0.782958984375
-0.00903511047363281 -0.0240726470947266 -0.368896484375 -0.70123291015625
-0.015324592590332 -0.0101814270019531 -0.633056640625 -0.0871582031249999
-0.0019073486328125 0.0200042724609375 -0.3990478515625 0.273681640625
-0.00918769836425781 0.00917911529541016 -0.00338745117187502 0.317230224609375
0.0211524963378906 0.00126457214355469 0.2301025390625 0.1826171875
0.0333461761474609 0.00358772277832031 -0.216766357421875 -0.194107055664063
0.00507831573486328 0.00943183898925781 0.026123046875 -0.342010498046875
0.00457763671875 0.0274620056152344 0.375640869140625 -0.295562744140625
-0.0157594680786133 0.0112504959106445 0.62860107421875 0.0758056640625
-0.0245494842529297 -0.0277557373046875 0.32672119140625 0.63671875
0.0197334289550781 -0.045135498046875 -0.29302978515625 0.78582763671875
0.0355949401855469 0.00554656982421875 -0.51513671875 0.34283447265625
0.0419578552246094 0.0290946960449219 -0.00949478149414062 0.0541725158691406
0.0400505065917969 -0.00559234619140625 0.594970703125 -0.26629638671875
0.0287933349609375 -0.0149860382080078 0.39654541015625 -0.7845458984375
-0.00969982147216797 -0.0173826217651367 -0.37799072265625 -0.6944580078125
-0.0114555358886719 -0.00760459899902344 -0.63446044921875 -0.0812377929687501
0.00153923034667969 0.0201129913330078 -0.400390625 0.27691650390625
-0.00583934783935547 0.00677156448364258 -0.00201416015624998 0.319915771484375
0.0229682922363281 -9.1552734375E-05 0.228866577148438 0.188095092773438
0.0350131988525391 0.00127792358398438 -0.215240478515625 -0.1900634765625
0.00973892211914063 0.00521755218505859 0.030303955078125 -0.340606689453125
0.0095367431640625 0.0234375 0.377227783203125 -0.293212890625
-0.0110321044921875 0.015380859375 0.6292724609375 0.08050537109375
-0.0237712860107422 -0.0192584991455078 0.32000732421875 0.64208984375
0.0157928466796875 -0.0364341735839844 -0.3057861328125 0.78656005859375
0.0262794494628906 0.00883674621582031 -0.521942138671875 0.342376708984375
0.0309696197509766 0.0288925170898438 -0.0112380981445313 0.0553474426269531
0.0308170318603516 -0.00387191772460938 0.59014892578125 -0.26849365234375
0.0239753723144531 -0.00667572021484375 0.38787841796875 -0.788818359375
-0.00612974166870117 -0.00731563568115234 -0.38568115234375 -0.6922607421875
-0.00770807266235352 -0.00391387939453125 -0.63775634765625 -0.0771484375
0.00766086578369141 0.0172224044799805 -0.40240478515625 0.282318115234375
-0.000329017639160156 0.00309395790100098 -0.00134277343750001 0.3223876953125
0.0243949890136719 -0.00238037109375 0.228775024414063 0.191802978515625
0.0361404418945313 -0.0017547607421875 -0.215484619140625 -0.19134521484375
0.0151834487915039 0.00046539306640625 0.0335693359375 -0.33966064453125
0.0164813995361328 0.0198478698730469 0.381622314453125 -0.291290283203125
-0.00625896453857422 0.0175437927246094 0.62982177734375 0.085693359375
-0.0216541290283203 -0.0103302001953125 0.31756591796875 0.643310546875
0.0116519927978516 -0.0275535583496094 -0.30950927734375 0.78521728515625
0.0168123245239258 0.0129508972167969 -0.52288818359375 0.338531494140625
0.0205345153808594 0.0268268585205078 -0.0105743408203125 0.0550994873046875
0.0190753936767578 -0.00151443481445313 0.58447265625 -0.27130126953125
0.0187454223632812 0.00043487548828125 0.37493896484375 -0.79266357421875
-0.00613546371459961 0.00177860260009766 -0.39434814453125 -0.68914794921875
-0.0022733211517334 -0.00165152549743652 -0.63897705078125 -0.0711669921875001
0.0145149230957031 0.0153350830078125 -0.398345947265625 0.2857666015625
0.00631809234619141 -0.00102090835571289 -0.000335693359374975 0.325653076171875
0.0245532989501953 -0.00466156005859375 0.22943115234375 0.195022583007813
0.0366172790527344 -0.00330352783203125 -0.215194702148438 -0.1927490234375
0.0213375091552734 -0.00469779968261719 0.03668212890625 -0.341400146484375
0.0231437683105469 0.0160560607910156 0.383819580078125 -0.290069580078125
-0.00152587890625 0.0221519470214844 0.6300048828125 0.08966064453125
-0.0215206146240234 -0.00209999084472657 0.31072998046875 0.6495361328125
0.00721168518066406 -0.0200843811035156 -0.31634521484375 0.78192138671875
0.00774192810058594 0.0155258178710937 -0.52276611328125 0.335784912109375
0.01141357421875 0.0253829956054688 -0.00501632690429688 0.055908203125
0.0102758407592773 -0.00161075592041016 0.585205078125 -0.27862548828125
0.0131082534790039 0.00741195678710938 0.36383056640625 -0.79461669921875
-0.00429630279541016 0.0113534927368164 -0.405517578125 -0.6842041015625
0.00363850593566895 0.000874042510986328 -0.63922119140625 -0.0661621093749999
0.0206718444824219 0.0126934051513672 -0.396026611328125 0.2891845703125
0.0127534866333008 -0.00556755065917969 0.001007080078125 0.325714111328125
0.0263462066650391 -0.00714302062988281 0.228256225585937 0.195648193359375
0.0370712280273437 -0.00547027587890625 -0.214630126953125 -0.197021484375
0.0258121490478516 -0.009033203125 0.038604736328125 -0.3416748046875
0.0299835205078125 0.0125999450683594 0.390228271484375 -0.2882080078125
0.00209426879882813 0.0235004425048828 0.6331787109375 0.09539794921875
-0.0202312469482422 0.0041961669921875 0.305419921875 0.65142822265625
0.00327968597412109 -0.0138654708862305 -0.32275390625 0.77606201171875
-0.000582695007324218 0.0171527862548828 -0.520294189453125 0.32879638671875
0.00207901000976562 0.0243759155273438 0.00306320190429687 0.0547065734863281
0.00106018781661987 0.000162184238433838 0.58551025390625 -0.28302001953125
0.00818157196044922 0.0134382247924805 0.35394287109375 -0.80047607421875
-0.00290107727050781 0.0177192687988281 -0.41241455078125 -0.681640625
0.00850200653076172 0.0022883415222168 -0.6358642578125 -0.0599365234375
0.0272083282470703 0.0107517242431641 -0.389617919921875 0.29345703125
0.0196590423583984 -0.00908088684082031 0.00186157226562501 0.325592041015625
0.0262470245361328 -0.00879859924316406 0.228775024414063 0.19207763671875
0.0293140411376953 0.00265121459960938 -0.222091674804688 -0.21392822265625
0.00269889831542969 0.0118227005004883 0.0201416015625 -0.355377197265625
0.00308609008789063 0.0282020568847656 0.3822021484375 -0.30450439453125
-0.0182170867919922 0.00728607177734375 0.6416015625 0.0697021484375
-0.0273475646972656 -0.0395278930664063 0.33477783203125 0.636474609375
0.0247421264648438 -0.05987548828125 -0.28509521484375 0.782470703125
0.0499420166015625 -0.004119873046875 -0.49786376953125 0.333953857421875
0.0601654052734375 0.0300750732421875 0.0175209045410156 0.0510673522949219
0.0520591735839844 -0.0127754211425781 0.6181640625 -0.28057861328125
0.0327491760253906 -0.0289306640625 0.40106201171875 -0.79803466796875
-0.00984764099121094 -0.0283432006835938 -0.3831787109375 -0.6971435546875
-0.0157384872436523 -0.0115766525268555 -0.63433837890625 -0.0761718749999999
0.000297546386718751 0.0194206237792969 -0.39202880859375 0.2840576171875
-0.00621271133422852 0.00868368148803711 -0.000946044921875006 0.317108154296875
0.0183601379394531 0.00115013122558594 0.236907958984375 0.172195434570312
0.0304546356201172 0.004180908203125 -0.220901489257813 -0.20599365234375
0.000493049621582033 0.0132989883422852 0.019439697265625 -0.353240966796875
0.00112533569335938 0.0289726257324219 0.375 -0.3045654296875
-0.0193824768066406 0.00830459594726563 0.6376953125 0.06365966796875
-0.0285453796386719 -0.0380821228027344 0.339599609375 0.63214111328125
0.0232925415039063 -0.0585289001464844 -0.28021240234375 0.78704833984375
0.0477561950683594 -0.0030059814453125 -0.50323486328125 0.341278076171875
0.0592384338378906 0.0311012268066406 0.00413894653320313 0.0530624389648437
0.0516357421875 -0.0113143920898437 0.6112060546875 -0.2708740234375
0.03466796875 -0.0257110595703125 0.408203125 -0.7911376953125
-0.00934028625488281 -0.0273036956787109 -0.37579345703125 -0.703857421875
-0.0168466567993164 -0.0111465454101563 -0.63519287109375 -0.0845336914062499
-0.000967025756835939 0.0212821960449219 -0.3961181640625 0.281524658203125
-0.0105609893798828 0.0109291076660156 -0.00357055664062502 0.320068359375
0.0203132629394531 0.00100898742675781 0.235122680664063 0.177230834960937
0.0313377380371094 0.00375175476074219 -0.219833374023437 -0.199615478515625
0.00259685516357422 0.0121335983276367 0.021087646484375 -0.3477783203125
0.00239181518554687 0.0290660858154297 0.3740234375 -0.303497314453125
-0.0175876617431641 0.010589599609375 0.63507080078125 0.066650390625
-0.0278053283691406 -0.0338859558105469 0.33795166015625 0.63702392578125
0.022125244140625 -0.0526466369628906 -0.2841796875 0.79150390625
0.0436058044433594 0.000797271728515625 -0.512176513671875 0.34619140625
0.0520782470703125 0.0311965942382813 -0.00587463378906249 0.0532913208007813
0.0473251342773438 -0.00864028930664063 0.60748291015625 -0.2664794921875
0.032562255859375 -0.0216846466064453 0.41021728515625 -0.7896728515625
-0.00972747802734375 -0.0245246887207031 -0.3724365234375 -0.704833984375
-0.0165395736694336 -0.0100831985473633 -0.63958740234375 -0.0835571289062499
-0.00147056579589844 0.0227012634277344 -0.40283203125 0.27740478515625
-0.0105476379394531 0.0083608627319336 -0.00283813476562497 0.320404052734375
0.0218658447265625 0.00124931335449219 0.233154296875 0.1826171875
0.0336475372314453 0.00230789184570312 -0.21923828125 -0.193679809570312
0.00470066070556641 0.0103254318237305 0.025665283203125 -0.3458251953125
0.00509071350097656 0.0278415679931641 0.376739501953125 -0.2996826171875
-0.0160675048828125 0.0124826431274414 0.6337890625 0.07305908203125
-0.0259628295898438 -0.0284786224365234 0.33062744140625 0.64251708984375
0.0198898315429687 -0.044342041015625 -0.2945556640625 0.79425048828125
0.0354270935058594 0.00473403930664062 -0.519439697265625 0.345977783203125
0.0419960021972656 0.0305633544921875 -0.0090179443359375 0.055084228515625
0.0391464233398438 -0.00554656982421875 0.60003662109375 -0.26947021484375
0.0301322937011719 -0.0152473449707031 0.399658203125 -0.7921142578125
-0.00880622863769531 -0.0160255432128906 -0.38177490234375 -0.702392578125
-0.0126791000366211 -0.00757694244384766 -0.6400146484375 -0.0798339843749999
0.00193405151367187 0.0198535919189453 -0.40386962890625 0.282958984375
-0.00502824783325195 0.00676298141479492 -0.000457763671875025 0.32275390625
0.0230178833007813 0.000375747680664062 0.23309326171875 0.189498901367188
0.0345935821533203 0.000314712524414062 -0.2197265625 -0.191864013671875
0.00970458984375 0.00617218017578125 0.029144287109375 -0.343658447265625
0.0102958679199219 0.0242042541503906 0.378509521484375 -0.29571533203125
-0.0107831954956055 0.0153408050537109 0.6331787109375 0.07916259765625
-0.0239295959472656 -0.0188407897949219 0.322998046875 0.6485595703125
0.0164375305175781 -0.0365028381347656 -0.30657958984375 0.7955322265625
0.0268707275390625 0.0100193023681641 -0.524871826171875 0.345611572265625
0.0317878723144531 0.0291862487792969 -0.0117759704589844 0.0553512573242188
0.0310916900634766 -0.00352668762207031 0.592529296875 -0.271728515625
0.0256118774414063 -0.0065460205078125 0.39056396484375 -0.79608154296875
-0.00754976272583008 -0.00640678405761719 -0.38946533203125 -0.69781494140625
-0.00850963592529297 -0.00411796569824218 -0.64288330078125 -0.07550048828125
0.00643348693847656 0.0174503326416016 -0.4041748046875 0.285797119140625
-0.00111150741577148 0.00393056869506836 0.000579833984375017 0.324615478515625
0.023345947265625 -0.00189018249511719 0.232437133789063 0.192718505859375
0.0357856750488281 -0.00130462646484375 -0.219696044921875 -0.191848754882812
0.015568733215332 0.000491142272949219 0.031463623046875 -0.343994140625
0.0164222717285156 0.0200767517089844 0.38018798828125 -0.2978515625
-0.0070343017578125 0.0186653137207031 0.6328125 0.08599853515625
-0.0218296051025391 -0.0098724365234375 0.32049560546875 0.6485595703125
0.0113506317138672 -0.0279426574707031 -0.31060791015625 0.79193115234375
0.0167655944824219 0.0131769180297852 -0.527557373046875 0.34320068359375
0.0196990966796875 0.0282211303710937 -0.0121994018554688 0.05572509765625
0.0187492370605469 -0.00162696838378906 0.5897216796875 -0.27447509765625
0.0198421478271484 0.00174331665039063 0.37713623046875 -0.79840087890625
-0.00482273101806641 0.00211954116821289 -0.4007568359375 -0.6943359375
-0.00231623649597168 -0.000354766845703125 -0.6444091796875 -0.07061767578125
0.0138339996337891 0.0153045654296875 -0.39971923828125 0.28948974609375
0.00645685195922852 -0.000151157379150391 -0.000274658203124977 0.328521728515625
0.0247783660888672 -0.00549507141113281 0.232559204101563 0.19512939453125
0.0362014770507813 -0.0038604736328125 -0.217605590820313 -0.19342041015625
0.0207157135009766 -0.003631591796875 0.03515625 -0.343902587890625
0.0243473052978516 0.0159473419189453 0.386138916015625 -0.293548583984375
-0.00230216979980469 0.0223922729492188 0.6348876953125 0.08905029296875
-0.0215549468994141 -0.00258445739746093 0.31304931640625 0.65277099609375
0.00765609741210937 -0.0202293395996094 -0.3175048828125 0.7894287109375
0.0071258544921875 0.0163211822509766 -0.527252197265625 0.34002685546875
0.00968551635742187 0.0268592834472656 -0.00631332397460938 0.0551986694335938
0.00997161865234375 -0.000207901000976563 0.5880126953125 -0.2813720703125
0.0142097473144531 0.00890254974365234 0.36614990234375 -0.79986572265625
-0.00427055358886719 0.0114507675170898 -0.4083251953125 -0.6888427734375
0.00354552268981934 0.00129246711730957 -0.64306640625 -0.0630493164062499
0.0214576721191406 0.0133953094482422 -0.39776611328125 0.29388427734375
0.012873649597168 -0.00465202331542969 0.00143432617187499 0.329010009765625
0.0262870788574219 -0.00860023498535156 0.23223876953125 0.1966552734375
0.0360183715820313 -0.00634384155273437 -0.216781616210938 -0.197860717773438
0.0273761749267578 -0.00779914855957031 0.036529541015625 -0.34521484375
0.0293350219726563 0.0135231018066406 0.39044189453125 -0.293670654296875
0.00255966186523438 0.024749755859375 0.63671875 0.09423828125
-0.0209712982177734 0.00334548950195312 0.3076171875 0.656005859375
0.00288009643554687 -0.013972282409668 -0.32476806640625 0.7861328125
0.000469207763671875 0.0172414779663086 -0.524993896484375 0.333160400390625
0.00257110595703125 0.0249462127685547 0.00241851806640625 0.0541038513183594
0.000414341688156128 0.000235229730606079 0.5889892578125 -0.2855224609375
0.00836658477783203 0.0134258270263672 0.35626220703125 -0.80670166015625
-0.00253486633300781 0.0183525085449219 -0.4197998046875 -0.68634033203125
0.00782394409179688 0.00198698043823242 -0.64312744140625 -0.0591430664062501
0.0275287628173828 0.0111732482910156 -0.39300537109375 0.2962646484375
0.0192451477050781 -0.00883102416992188 0.00350952148437503 0.328033447265625
0.025787353515625 -0.00950050354003906 0.233535766601563 0.194320678710938
0.0297126770019531 0.00177764892578125 -0.225509643554688 -0.21478271484375
0.00238037109375 0.0128116607666016 0.01715087890625 -0.3599853515625
0.00463676452636719 0.0286445617675781 0.380218505859375 -0.30841064453125
-0.0185928344726563 0.00816917419433593 0.64605712890625 0.06646728515625
-0.0277481079101563 -0.0393486022949219 0.337890625 0.64276123046875
0.0234375 -0.061187744140625 -0.2840576171875 0.79132080078125
0.0504379272460938 -0.00436782836914063 -0.50262451171875 0.3370361328125
0.061004638671875 0.0300674438476563 0.0173225402832031 0.0514678955078125
0.0530014038085938 -0.0132827758789063 0.62176513671875 -0.2840576171875
0.0329742431640625 -0.028717041015625 0.40252685546875 -0.80560302734375
-0.0100040435791016 -0.0283298492431641 -0.3917236328125 -0.703125
-0.0164403915405273 -0.0115928649902344 -0.63873291015625 -0.0754394531249999
0.00116729736328125 0.01971435546875 -0.39459228515625 0.28729248046875
-0.00827789306640625 0.00951957702636719 0.000152587890624968 0.3204345703125
0.0192108154296875 -0.000440597534179688 0.241165161132812 0.173110961914063
0.0312538146972656 0.00303459167480469 -0.2255859375 -0.207275390625
0.00140953063964844 0.0134239196777344 0.01763916015625 -0.35430908203125
0.00119781494140625 0.0293483734130859 0.374481201171875 -0.30865478515625
-0.0193538665771484 0.00881195068359375 0.64306640625 0.06201171875
-0.0279426574707031 -0.0378799438476562 0.3448486328125 0.63629150390625
0.0241851806640625 -0.0593299865722656 -0.2806396484375 0.7938232421875
0.0489883422851563 -0.00245285034179688 -0.50799560546875 0.346435546875
0.0584678649902344 0.0314903259277344 0.00238800048828125 0.0539436340332031
0.0519485473632812 -0.0107879638671875 0.61566162109375 -0.2750244140625
0.0339851379394531 -0.0270538330078125 0.4117431640625 -0.7994384765625
-0.00906944274902344 -0.0281772613525391 -0.381103515625 -0.70660400390625
-0.0171632766723633 -0.0111494064331055 -0.64178466796875 -0.0816650390625
-0.00203704833984375 0.0207691192626953 -0.399566650390625 0.283782958984375
-0.0100421905517578 0.0115518569946289 -0.00122070312499999 0.32073974609375
0.0205631256103516 0.00226974487304687 0.239456176757813 0.177764892578125
0.0307140350341797 0.0033721923828125 -0.2244873046875 -0.199600219726562
0.00114059448242187 0.0131216049194336 0.0169677734375 -0.350677490234375
0.00300025939941406 0.0293292999267578 0.373626708984375 -0.30682373046875
-0.0184612274169922 0.0109176635742188 0.638916015625 0.06207275390625
-0.0278205871582031 -0.0336132049560547 0.34039306640625 0.64288330078125
0.0228271484375 -0.0537910461425781 -0.28460693359375 0.80169677734375
0.0437965393066406 0.0013275146484375 -0.514892578125 0.352630615234375
0.0518684387207031 0.0313529968261719 -0.00612258911132812 0.0547904968261719
0.0479202270507813 -0.00721359252929688 0.61090087890625 -0.2694091796875
0.0336589813232422 -0.0211238861083984 0.41180419921875 -0.79791259765625
-0.00949478149414063 -0.0236072540283203 -0.37957763671875 -0.71044921875
-0.0162849426269531 -0.00988960266113281 -0.64471435546875 -0.0834960937499999
-0.000791549682617186 0.0207977294921875 -0.40478515625 0.2830810546875
-0.00984287261962891 0.00953102111816406 -0.00204467773437499 0.32232666015625
0.0211734771728516 0.00163078308105469 0.236282348632813 0.184555053710938
0.0339241027832031 0.00179862976074219 -0.2232666015625 -0.19500732421875
0.00485706329345703 0.00988006591796875 0.022735595703125 -0.347320556640625
0.0059814453125 0.0279808044433594 0.37457275390625 -0.303619384765625
-0.0160226821899414 0.0128755569458008 0.63677978515625 0.07183837890625
-0.0265445709228516 -0.0278530120849609 0.33489990234375 0.6461181640625
0.0204658508300781 -0.0455856323242188 -0.29541015625 0.80126953125
0.0360069274902344 0.00431442260742188 -0.5234375 0.351165771484375
0.0431098937988281 0.0308341979980469 -0.0107879638671875 0.0553817749023437
0.0397529602050781 -0.00493240356445313 0.60272216796875 -0.2725830078125
0.0304336547851563 -0.0140419006347656 0.4010009765625 -0.801025390625
-0.00823211669921875 -0.0167503356933594 -0.38897705078125 -0.70709228515625
-0.0134792327880859 -0.00761032104492188 -0.6470947265625 -0.0762329101562501
0.00185585021972656 0.0199737548828125 -0.406158447265625 0.288482666015625
-0.00656747817993164 0.00847864151000977 0.00112915039062502 0.3267822265625
0.0225257873535156 -0.00017547607421875 0.235733032226562 0.188720703125
0.0342655181884766 0.000623703002929687 -0.222137451171875 -0.192276000976563
0.00950527191162109 0.00575065612792969 0.0252685546875 -0.34625244140625
0.0108833312988281 0.0244770050048828 0.37725830078125 -0.30059814453125
-0.0113401412963867 0.0161190032958984 0.637939453125 0.078369140625
-0.0251216888427734 -0.0188770294189453 0.327880859375 0.6517333984375
0.0172920227050781 -0.03759765625 -0.305419921875 0.8023681640625
0.0272254943847656 0.00899696350097656 -0.530059814453125 0.3494873046875
0.0317344665527344 0.0303955078125 -0.0124320983886719 0.0555763244628906
0.0298538208007812 -0.00365066528320312 0.59783935546875 -0.2752685546875
0.0245704650878906 -0.00669288635253906 0.39080810546875 -0.8028564453125
-0.00557565689086914 -0.00689411163330078 -0.3953857421875 -0.701171875
-0.00894260406494141 -0.004302978515625 -0.65081787109375 -0.0726318359374999
0.00719261169433594 0.0181007385253906 -0.40582275390625 0.2900390625
-0.00072479248046875 0.0039360523223877 0.00173950195312497 0.328155517578125
0.0244598388671875 -0.00215721130371094 0.236404418945313 0.193679809570312
0.0367317199707031 -0.00212860107421875 -0.222915649414063 -0.192245483398437
0.0154409408569336 0.000189781188964844 0.02886962890625 -0.3458251953125
0.0181427001953125 0.0194091796875 0.381011962890625 -0.29931640625
-0.00662040710449219 0.0198764801025391 0.63848876953125 0.08294677734375
-0.02239990234375 -0.0102787017822266 0.32452392578125 0.6544189453125
0.0129776000976563 -0.0285091400146484 -0.3128662109375 0.801513671875
0.0175933837890625 0.0131149291992187 -0.532623291015625 0.347198486328125
0.0213356018066406 0.0287570953369141 -0.0120964050292969 0.0556182861328125
0.0187549591064453 -0.00136184692382813 0.59234619140625 -0.27752685546875
0.0202255249023437 0.00206184387207031 0.37872314453125 -0.8052978515625
-0.00443840026855469 0.00303792953491211 -0.40679931640625 -0.69915771484375
-0.00211083889007568 -0.00153756141662598 -0.65057373046875 -0.0669555664062499
0.0143213272094727 0.0159320831298828 -0.403106689453125 0.29644775390625
0.00641250610351563 -5.7220458984375E-06 0.00289916992187497 0.331024169921875
0.0248680114746094 -0.00508499145507813 0.235549926757813 0.195770263671875
0.0363731384277344 -0.00416946411132813 -0.220626831054688 -0.1944580078125
0.0214252471923828 -0.00428199768066406 0.031829833984375 -0.34649658203125
0.024932861328125 0.0155220031738281 0.385345458984375 -0.29833984375
-0.00287055969238281 0.0219192504882813 0.64093017578125 0.0869140625
-0.0219211578369141 -0.0023040771484375 0.31854248046875 0.6580810546875
0.00808906555175781 -0.0212650299072266 -0.3184814453125 0.7978515625
0.00809097290039063 0.0161609649658203 -0.533172607421875 0.34320068359375
0.0107460021972656 0.0266857147216797 -0.00658035278320313 0.055633544921875
0.00863170623779297 0.000608921051025391 0.5924072265625 -0.2845458984375
0.0141410827636719 0.00890731811523438 0.36749267578125 -0.80694580078125
-0.00240230560302734 0.0112819671630859 -0.41632080078125 -0.6937255859375
0.00292110443115234 0.0015561580657959 -0.65142822265625 -0.05975341796875
0.0217170715332031 0.0117931365966797 -0.40032958984375 0.297576904296875
0.0126028060913086 -0.00421619415283203 0.00286865234375004 0.332244873046875
0.0266304016113281 -0.00838851928710938 0.236373901367187 0.196151733398438
0.0358200073242188 -0.00611495971679688 -0.220687866210938 -0.1978759765625
0.0272331237792969 -0.00791358947753906 0.03314208984375 -0.3485107421875
0.0301551818847656 0.0128040313720703 0.39031982421875 -0.296234130859375
0.00147628784179688 0.0250244140625 0.6395263671875 0.09149169921875
-0.0207901000976563 0.00381278991699219 0.3134765625 0.66156005859375
0.00326919555664063 -0.0147628784179687 -0.3240966796875 0.79449462890625
7.62939453125005E-06 0.0176601409912109 -0.528900146484375 0.339447021484375
0.00225067138671875 0.0267486572265625 0.00122451782226562 0.0547103881835938
0.000195741653442383 0.00165605545043945 0.59320068359375 -0.2899169921875
0.00940132141113281 0.0146245956420898 0.3575439453125 -0.81549072265625
-0.00201416015625 0.0184173583984375 -0.42462158203125 -0.6925048828125
0.00746297836303711 0.00265216827392578 -0.64764404296875 -0.0574340820312501
0.0276126861572266 0.0095672607421875 -0.394378662109375 0.30340576171875
0.0190773010253906 -0.00868034362792969 0.00466918945312503 0.3319091796875
0.0254707336425781 -0.0101184844970703 0.2359619140625 0.19366455078125
0.0306854248046875 0.00168991088867188 -0.229034423828125 -0.215560913085938
0.00328445434570313 0.0125875473022461 0.013916015625 -0.360443115234375
0.00444984436035156 0.0280094146728516 0.380615234375 -0.3133544921875
-0.0209503173828125 0.00642585754394531 0.65130615234375 0.06292724609375
-0.0296249389648438 -0.040679931640625 0.344970703125 0.64532470703125
0.023590087890625 -0.062652587890625 -0.2835693359375 0.79937744140625
0.0510635375976563 -0.00518417358398438 -0.507232666015625 0.343780517578125
0.0617790222167969 0.0306358337402344 0.0159683227539063 0.051177978515625
0.05157470703125 -0.0113182067871094 0.62628173828125 -0.28912353515625
0.0350513458251953 -0.0283145904541016 0.40155029296875 -0.81573486328125
-0.00999641418457032 -0.0275497436523438 -0.39886474609375 -0.70660400390625
-0.0174894332885742 -0.0118122100830078 -0.64544677734375 -0.071044921875
0.00133323669433594 0.0203762054443359 -0.395599365234375 0.294464111328125
-0.00805759429931641 0.0105657577514648 0.00344848632812503 0.322235107421875
0.0201168060302734 -0.00120162963867187 0.244720458984375 0.17132568359375
0.0304336547851563 0.00210952758789063 -0.22735595703125 -0.206512451171875
0.00161457061767578 0.0140914916992188 0.013092041015625 -0.35845947265625
0.00220108032226563 0.0296154022216797 0.373870849609375 -0.314910888671875
-0.0193862915039063 0.00890350341796875 0.6461181640625 0.0596923828125
-0.0294723510742187 -0.0372047424316406 0.3511962890625 0.6424560546875
0.0246353149414063 -0.0605010986328125 -0.278564453125 0.80426025390625
0.0501480102539063 -0.00219345092773438 -0.5098876953125 0.3525390625
0.0578994750976563 0.0320663452148438 0.00352859497070313 0.0530662536621094
0.05255126953125 -0.0104522705078125 0.61773681640625 -0.2789306640625
0.0360260009765625 -0.0261344909667969 0.41217041015625 -0.8084716796875
-0.0093231201171875 -0.0258846282958984 -0.38916015625 -0.71063232421875
-0.0173139572143555 -0.011134147644043 -0.64678955078125 -0.0785522460937499
-0.00268936157226562 0.0219917297363281 -0.39935302734375 0.29150390625
-0.0106449127197266 0.011296272277832 0.000335693359375001 0.32537841796875
0.0211048126220703 0.00130462646484375 0.241867065429688 0.177413940429688
0.0321331024169922 0.00282478332519531 -0.228469848632812 -0.198501586914063
0.00205326080322266 0.0135879516601562 0.0125732421875 -0.3546142578125
0.0040283203125 0.0287971496582031 0.373321533203125 -0.31182861328125
-0.0199317932128906 0.0110378265380859 0.64459228515625 0.06231689453125
-0.0292263031005859 -0.0340938568115234 0.3472900390625 0.64617919921875
0.0226173400878906 -0.0550689697265625 -0.28271484375 0.8114013671875
0.0439453125 0.00023651123046875 -0.51898193359375 0.357177734375
0.0528411865234375 0.0323867797851563 -0.00711441040039062 0.0550994873046875
0.0488510131835938 -0.0066070556640625 0.614990234375 -0.273681640625
0.0342655181884766 -0.0220775604248047 0.4139404296875 -0.8060302734375
-0.00803375244140625 -0.0238418579101563 -0.386474609375 -0.715087890625
-0.0166893005371094 -0.0114660263061523 -0.65069580078125 -0.0789184570312501
-0.0011444091796875 0.0213432312011719 -0.406005859375 0.288909912109375
-0.0104598999023438 0.0109977722167969 0.000701904296874969 0.326507568359375
0.0206317901611328 0.000131607055664062 0.241897583007813 0.183517456054688
0.0317173004150391 0.000597000122070313 -0.228759765625 -0.195526123046875
0.00531959533691406 0.00939083099365234 0.017303466796875 -0.351531982421875
0.00701141357421875 0.0284748077392578 0.37371826171875 -0.309600830078125
-0.0162239074707031 0.0132341384887695 0.64385986328125 0.0692138671875
-0.0271587371826172 -0.0276756286621094 0.34088134765625 0.64996337890625
0.0211982727050781 -0.0464324951171875 -0.2930908203125 0.81243896484375
0.0363197326660156 0.00494003295898438 -0.5281982421875 0.355621337890625
0.0419464111328125 0.0322532653808594 -0.0114707946777344 0.0556869506835937
0.0404167175292969 -0.00441360473632813 0.6055908203125 -0.27862548828125
0.0316658020019531 -0.0142784118652344 0.4002685546875 -0.807373046875
-0.00741863250732422 -0.0158815383911133 -0.39532470703125 -0.70758056640625
-0.0136680603027344 -0.00774860382080078 -0.65576171875 -0.0722045898437501
0.00225257873535156 0.0194511413574219 -0.407318115234375 0.2952880859375
-0.00663375854492187 0.00642585754394531 0.00244140624999999 0.330322265625
0.0222148895263672 -0.000532150268554688 0.2412109375 0.188735961914062
0.0346641540527344 0.000827789306640625 -0.224929809570313 -0.191421508789062
0.00884723663330078 0.00584983825683594 0.02130126953125 -0.34893798828125
0.0114555358886719 0.0238571166992188 0.37799072265625 -0.306549072265625
-0.0118513107299805 0.017033576965332 0.64190673828125 0.07470703125
-0.0259666442871094 -0.0183277130126953 0.3338623046875 0.65777587890625
0.0177650451660156 -0.0380477905273438 -0.3048095703125 0.81329345703125
0.0272674560546875 0.008636474609375 -0.53521728515625 0.35595703125
0.0323677062988281 0.0296592712402344 -0.0138435363769531 0.0568733215332031
0.0295314788818359 -0.00268363952636719 0.6005859375 -0.281982421875
0.0259666442871094 -0.0051422119140625 0.392578125 -0.8104248046875
-0.00632333755493164 -0.00639772415161133 -0.405029296875 -0.70587158203125
-0.00823211669921875 -0.00379705429077149 -0.65606689453125 -0.0684204101562499
0.00826263427734375 0.0183086395263672 -0.408294677734375 0.29559326171875
-0.00251579284667969 0.0051426887512207 0.00457763671874999 0.3316650390625
0.0229530334472656 -0.00160598754882813 0.240341186523437 0.194229125976563
0.0352935791015625 -0.0034332275390625 -0.225540161132813 -0.19244384765625
0.0150947570800781 0.000553131103515625 0.025238037109375 -0.349456787109375
0.0196323394775391 0.0207691192626953 0.3802490234375 -0.303375244140625
-0.00879859924316406 0.0202751159667969 0.6439208984375 0.07940673828125
-0.0231990814208984 -0.0107269287109375 0.3299560546875 0.659423828125
0.0119895935058594 -0.0305709838867188 -0.31158447265625 0.81195068359375
0.017125129699707 0.0137300491333008 -0.5360107421875 0.3516845703125
0.0198936462402344 0.029510498046875 -0.0126724243164062 0.056549072265625
0.0194187164306641 -0.000539779663085938 0.59649658203125 -0.28466796875
0.0211143493652344 0.00177192687988281 0.37957763671875 -0.81341552734375
-0.00435805320739746 0.00383996963500977 -0.41326904296875 -0.70306396484375
-0.00284767150878906 -0.000775575637817383 -0.6572265625 -0.06396484375
0.0152387619018555 0.0151309967041016 -0.404144287109375 0.301544189453125
0.00529146194458008 0.000234127044677734 0.00482177734374998 0.33612060546875
0.02606201171875 -0.00522041320800781 0.23944091796875 0.196548461914063
0.0369033813476563 -0.00472640991210938 -0.225112915039063 -0.194656372070313
0.0220184326171875 -0.0046234130859375 0.028472900390625 -0.35125732421875
0.0264816284179688 0.0160846710205078 0.384613037109375 -0.302703857421875
-0.00220870971679688 0.0232906341552734 0.64404296875 0.0855712890625
-0.0228214263916016 -0.0016632080078125 0.32476806640625 0.6636962890625
0.00748443603515625 -0.0219593048095703 -0.31744384765625 0.80865478515625
0.00844287872314453 0.0165185928344727 -0.53765869140625 0.348358154296875
0.0110435485839844 0.028656005859375 -0.00838088989257812 0.0547943115234375
0.00765419006347656 0.00115633010864258 0.59686279296875 -0.291259765625
0.0146760940551758 0.00964069366455078 0.3658447265625 -0.81781005859375
-0.00329971313476563 0.0117998123168945 -0.4241943359375 -0.6971435546875
0.00331878662109375 0.0011141300201416 -0.65814208984375 -0.05694580078125
0.0230979919433594 0.0133113861083984 -0.399993896484375 0.3056640625
0.0122299194335938 -0.00333023071289062 0.00671386718750001 0.33489990234375
0.0271511077880859 -0.00729179382324219 0.24176025390625 0.195480346679688
0.0357551574707031 -0.00644683837890625 -0.224822998046875 -0.19805908203125
0.0276660919189453 -0.00819015502929688 0.030609130859375 -0.352081298828125
0.0313644409179688 0.0125293731689453 0.38970947265625 -0.302642822265625
0.00211906433105469 0.0255069732666016 0.64593505859375 0.08953857421875
-0.0209827423095703 0.00420379638671875 0.3184814453125 0.66680908203125
0.00310039520263672 -0.0137672424316406 -0.3221435546875 0.802734375
-0.000755310058593748 0.0186061859130859 -0.532958984375 0.3433837890625
0.00167274475097656 0.0263671875 0.00045394897460937 0.0546989440917969
0.00035327672958374 0.000963449478149414 0.59619140625 -0.29534912109375
0.0101184844970703 0.0143260955810547 0.35736083984375 -0.822509765625
-0.00202178955078125 0.0172948837280273 -0.43194580078125 -0.69488525390625
0.00626564025878906 0.00344753265380859 -0.6546630859375 -0.0518798828125001
0.0269050598144531 0.0100955963134766 -0.3953857421875 0.309844970703125
0.0198345184326172 -0.00831031799316406 0.00668334960937497 0.335052490234375
0.0263957977294922 -0.0107917785644531 0.240509033203125 0.19342041015625
0.0295886993408203 0.000608444213867188 -0.234375 -0.214019775390625
0.00275707244873047 0.0142860412597656 0.010498046875 -0.364166259765625
0.00537490844726563 0.0285282135009766 0.379302978515625 -0.321563720703125
-0.0191192626953125 0.00887680053710938 0.655517578125 0.05816650390625
-0.0308876037597656 -0.0409164428710938 0.3525390625 0.65106201171875
0.0236549377441406 -0.063751220703125 -0.28082275390625 0.809814453125
0.0519752502441406 -0.00499343872070313 -0.50982666015625 0.350189208984375
0.0625190734863281 0.030303955078125 0.0158271789550781 0.0502090454101562
0.0526390075683594 -0.0111236572265625 0.626708984375 -0.29693603515625
0.0333213806152344 -0.0284767150878906 0.39862060546875 -0.8248291015625
-0.00911140441894531 -0.0280170440673828 -0.4073486328125 -0.7091064453125
-0.0172300338745117 -0.0105047225952148 -0.6522216796875 -0.06561279296875
0.000896453857421877 0.0193824768066406 -0.3956298828125 0.302154541015625
-0.00786638259887695 0.00872230529785156 0.00720214843749997 0.32635498046875
0.0193805694580078 -0.000421524047851562 0.248611450195313 0.171859741210937
0.0312957763671875 0.00133132934570312 -0.234085083007813 -0.207717895507812
0.00120162963867188 0.0147123336791992 0.00833129882812503 -0.36163330078125
0.00295257568359375 0.0297966003417969 0.37396240234375 -0.321868896484375
-0.0189189910888672 0.00947380065917969 0.64984130859375 0.0535888671875
-0.0297355651855469 -0.0384445190429688 0.35614013671875 0.6455078125
0.0247116088867188 -0.0615043640136719 -0.2763671875 0.8148193359375
0.0498275756835938 -0.0042877197265625 -0.515228271484375 0.356842041015625
0.0597419738769531 0.0326919555664063 0.00223922729492188 0.0531425476074219
0.0525970458984375 -0.0104789733886719 0.62274169921875 -0.28656005859375
0.0361137390136719 -0.0267066955566406 0.410400390625 -0.8177490234375
-0.0103225708007812 -0.0290641784667969 -0.39849853515625 -0.71533203125
-0.0172901153564453 -0.0120115280151367 -0.65447998046875 -0.07171630859375
-0.000541687011718752 0.0227794647216797 -0.40240478515625 0.29681396484375
-0.0100612640380859 0.012176513671875 0.00482177734374999 0.329925537109375
0.0190830230712891 -3.24249267578125E-05 0.247512817382813 0.177200317382813
0.0308513641357422 0.00191116333007813 -0.231582641601563 -0.199691772460937
0.0029449462890625 0.0131187438964844 0.00857543945312497 -0.35784912109375
0.00465965270996094 0.0295600891113281 0.372894287109375 -0.3170166015625
-0.0179519653320312 0.0118446350097656 0.6474609375 0.056884765625
-0.0301094055175781 -0.0342025756835937 0.35504150390625 0.64996337890625
0.0234870910644531 -0.0561294555664063 -0.2796630859375 0.8204345703125
0.0439033508300781 0.00106048583984375 -0.52178955078125 0.364227294921875
0.0540046691894531 0.0327644348144531 -0.00798797607421874 0.0557174682617188
0.0478858947753906 -0.00835800170898438 0.61767578125 -0.28326416015625
0.0363311767578125 -0.0214271545410156 0.40997314453125 -0.8172607421875
-0.00930404663085937 -0.0234928131103516 -0.3961181640625 -0.7169189453125
-0.0185337066650391 -0.009979248046875 -0.656982421875 -0.0736083984375001
-0.00185775756835938 0.0215740203857422 -0.406707763671875 0.296417236328125
-0.0100679397583008 0.0126609802246094 0.00427246093749998 0.3299560546875
0.0213241577148438 0.000484466552734375 0.246292114257813 0.182586669921875
0.0338172912597656 0.000455856323242188 -0.23193359375 -0.193191528320313
0.00528526306152344 0.00985050201416016 0.01214599609375 -0.35540771484375
0.00854682922363281 0.0271282196044922 0.373199462890625 -0.314697265625
-0.0157966613769531 0.0143852233886719 0.64752197265625 0.0640869140625
-0.028167724609375 -0.026885986328125 0.34832763671875 0.655029296875
0.0215187072753906 -0.0475120544433594 -0.29205322265625 0.8231201171875
0.0353813171386719 0.00429916381835938 -0.530853271484375 0.363739013671875
0.042694091796875 0.0329132080078125 -0.0128707885742187 0.0550880432128906
0.0387611389160156 -0.00493240356445312 0.6103515625 -0.2852783203125
0.0320701599121094 -0.0126056671142578 0.4002685546875 -0.81719970703125
-0.00710582733154297 -0.0160598754882813 -0.40594482421875 -0.71197509765625
-0.0139999389648437 -0.00715446472167969 -0.6600341796875 -0.0681152343750001
0.00284385681152344 0.0200958251953125 -0.407135009765625 0.30059814453125
-0.00793075561523438 0.00906753540039062 0.00604248046874997 0.332183837890625
0.0232696533203125 -0.000537872314453125 0.244644165039063 0.188369750976563
0.0350074768066406 -0.000705718994140625 -0.232589721679687 -0.192276000976563
0.0106039047241211 0.00526332855224609 0.01776123046875 -0.353271484375
0.0127143859863281 0.02447509765625 0.375579833984375 -0.3115234375
-0.0126113891601562 0.0170717239379883 0.6466064453125 0.07061767578125
-0.0260448455810547 -0.0185661315917969 0.341796875 0.6612548828125
0.0177383422851563 -0.0391769409179688 -0.300537109375 0.823974609375
0.0267047882080078 0.00935935974121094 -0.53753662109375 0.36236572265625
0.0326519012451172 0.0305824279785156 -0.0140113830566406 0.0551033020019531
0.0314998626708984 -0.00204658508300781 0.60491943359375 -0.28778076171875
0.0261745452880859 -0.00618934631347656 0.38922119140625 -0.82080078125
-0.00634002685546875 -0.00698137283325195 -0.41363525390625 -0.709228515625
-0.00944709777832031 -0.00404834747314453 -0.66485595703125 -0.0641479492187498
0.00893497467041016 0.016998291015625 -0.408294677734375 0.30426025390625
-0.00166988372802734 0.00514793395996094 0.00668334960937497 0.33404541015625
0.0256233215332031 -0.00301551818847656 0.24493408203125 0.192230224609375
0.0358047485351563 -0.0030059814453125 -0.230239868164062 -0.192138671875
0.0158138275146484 0.000935554504394531 0.020599365234375 -0.353118896484375
0.0203456878662109 0.0196685791015625 0.38067626953125 -0.3106689453125
-0.00786781311035156 0.0215320587158203 0.648681640625 0.07452392578125
-0.0245513916015625 -0.0103092193603516 0.33868408203125 0.66412353515625
0.0130233764648437 -0.0301303863525391 -0.30712890625 0.82000732421875
0.0179252624511719 0.0133953094482422 -0.5386962890625 0.35986328125
0.0195140838623047 0.0300102233886719 -0.0138587951660156 0.0567741394042969
0.0191268920898438 7.05718994140625E-05 0.599609375 -0.29144287109375
0.019775390625 0.00208473205566406 0.3759765625 -0.8248291015625
-0.00436878204345703 0.00356769561767578 -0.423095703125 -0.70391845703125
-0.00489616394042969 -0.00136423110961914 -0.6650390625 -0.05670166015625
0.0141658782958984 0.0138578414916992 -0.4044189453125 0.308197021484375
0.00576162338256836 0.000745773315429688 0.00823974609374998 0.338165283203125
0.0252838134765625 -0.00571060180664063 0.244918823242187 0.194869995117187
0.0374908447265625 -0.00531768798828125 -0.23065185546875 -0.194244384765625
0.0213508605957031 -0.00411224365234375 0.023406982421875 -0.354522705078125
0.0274219512939453 0.0160903930664063 0.385406494140625 -0.31005859375
-0.00211143493652344 0.0242900848388672 0.65081787109375 0.078369140625
-0.0223579406738281 -0.00110435485839844 0.33111572265625 0.6676025390625
0.00904083251953125 -0.022003173828125 -0.31390380859375 0.81854248046875
0.00859355926513672 0.0155935287475586 -0.539886474609375 0.356414794921875
0.0106048583984375 0.0284709930419922 -0.00800323486328125 0.0563850402832031
0.00723600387573242 0.00182580947875977 0.5970458984375 -0.29632568359375
0.0153703689575195 0.00977516174316406 0.36553955078125 -0.8253173828125
-0.00148963928222656 0.0129299163818359 -0.43304443359375 -0.70013427734375
0.00298905372619629 0.000378131866455078 -0.6632080078125 -0.0500488281249999
0.0221767425537109 0.0115604400634766 -0.4014892578125 0.313140869140625
0.0140857696533203 -0.00426578521728516 0.00924682617187501 0.339508056640625
0.0257053375244141 -0.00974464416503906 0.245849609375 0.197067260742188
0.0358085632324219 -0.00807952880859375 -0.229156494140625 -0.197616577148438
0.0281963348388672 -0.00790977478027344 0.025146484375 -0.354400634765625
0.0323772430419922 0.0122661590576172 0.389404296875 -0.309051513671875
0.00288009643554687 0.0253009796142578 0.65191650390625 0.0838623046875
-0.0224742889404297 0.00629615783691406 0.32666015625 0.66961669921875
0.00382709503173828 -0.0159587860107422 -0.3199462890625 0.81427001953125
-0.000146865844726561 0.0184268951416016 -0.53704833984375 0.35009765625
0.00254058837890625 0.0277309417724609 0.00130462646484374 0.0551986694335938
-0.000502586364746094 0.00234508514404297 0.59918212890625 -0.30279541015625
0.0104207992553711 0.0154094696044922 0.352783203125 -0.83209228515625
-0.000314712524414063 0.0196952819824219 -0.442626953125 -0.69586181640625
0.00789690017700195 0.00372982025146484 -0.66192626953125 -0.0468749999999999
0.0285148620605469 0.00909996032714844 -0.3968505859375 0.31561279296875
0.0205364227294922 -0.008209228515625 0.010650634765625 0.338531494140625
0.0263729095458984 -0.0109539031982422 0.246231079101562 0.193984985351563
0.0291233062744141 0.000478744506835938 -0.239837646484375 -0.214080810546875
0.00436973571777344 0.0131702423095703 0.00341796875 -0.368438720703125
0.00472831726074219 0.0284156799316406 0.378265380859375 -0.326019287109375
-0.0201549530029297 0.0103034973144531 0.66046142578125 0.0516357421875
-0.0326499938964844 -0.0395660400390625 0.3612060546875 0.653564453125
0.0238075256347656 -0.0648078918457031 -0.27642822265625 0.82073974609375
0.0523948669433594 -0.00566864013671875 -0.51312255859375 0.35845947265625
0.0625228881835938 0.0314712524414063 0.0149650573730469 0.0507049560546875
0.051483154296875 -0.0101737976074219 0.6302490234375 -0.3031005859375
0.035186767578125 -0.028961181640625 0.3984375 -0.83612060546875
-0.0107631683349609 -0.0292530059814453 -0.4173583984375 -0.7105712890625
-0.0188121795654297 -0.0110282897949219 -0.6600341796875 -0.0602416992187499
0.00242996215820312 0.0211067199707031 -0.395660400390625 0.309234619140625
-0.00745964050292969 0.0109186172485352 0.010406494140625 0.329681396484375
0.0195484161376953 -0.00193023681640625 0.255157470703125 0.168792724609375
0.0289993286132813 0.00182151794433594 -0.23895263671875 -0.2054443359375
0.00164127349853515 0.0136995315551758 0.00289916992187499 -0.36419677734375
0.00312232971191406 0.0296745300292969 0.36956787109375 -0.326690673828125
-0.02020263671875 0.00997734069824219 0.6556396484375 0.0477294921875
-0.0315437316894531 -0.0388107299804688 0.36480712890625 0.64862060546875
0.0240516662597656 -0.0630073547363281 -0.269775390625 0.8250732421875
0.0499725341796875 -0.0027008056640625 -0.516326904296875 0.367706298828125
0.0613441467285156 0.0324974060058594 0.00185394287109376 0.0541419982910156
0.0523223876953125 -0.0103874206542969 0.6273193359375 -0.294189453125
0.0366363525390625 -0.0263595581054687 0.40643310546875 -0.82843017578125
-0.00806808471679688 -0.0282573699951172 -0.4090576171875 -0.71636962890625
-0.0182876586914063 -0.0118789672851563 -0.6610107421875 -0.0661621093749999
-0.00072479248046875 0.0198955535888672 -0.402313232421875 0.3045654296875
-0.0108442306518555 0.0121192932128906 0.00640869140625001 0.330169677734375
0.0198841094970703 -0.000764846801757813 0.253448486328125 0.175323486328125
0.0320510864257813 0.00279045104980469 -0.238311767578125 -0.197738647460938
0.000944137573242189 0.0138444900512695 0.00317382812500002 -0.36224365234375
0.00464820861816406 0.0302066802978516 0.369384765625 -0.324462890625
-0.01910400390625 0.0132732391357422 0.65374755859375 0.04962158203125
-0.0303630828857422 -0.0349388122558594 0.3634033203125 0.65216064453125
0.0226974487304687 -0.0579185485839844 -0.2742919921875 0.83038330078125
0.0435562133789063 -0.0004119873046875 -0.524505615234375 0.372772216796875
0.0538978576660156 0.0323028564453125 -0.00801086425781249 0.0558547973632813
0.0480270385742188 -0.00719451904296875 0.61993408203125 -0.2896728515625
0.0342731475830078 -0.0206489562988281 0.40673828125 -0.8280029296875
-0.00865554809570312 -0.0237979888916016 -0.40521240234375 -0.72113037109375
-0.0177364349365234 -0.0111236572265625 -0.66595458984375 -0.06976318359375
-0.00162315368652344 0.0202198028564453 -0.407958984375 0.304656982421875
-0.00964069366455078 0.0114564895629883 0.00680541992187501 0.33251953125
0.0212154388427734 -4.76837158203125E-05 0.250869750976563 0.18048095703125
0.0327281951904297 0.00106239318847656 -0.237548828125 -0.19305419921875
0.00581169128417969 0.0100126266479492 0.00769042968749998 -0.358673095703125
0.00797271728515625 0.0273094177246094 0.371002197265625 -0.3216552734375
-0.016697883605957 0.0153608322143555 0.65032958984375 0.05731201171875
-0.028717041015625 -0.0274028778076172 0.35723876953125 0.6588134765625
0.0212326049804688 -0.048370361328125 -0.2843017578125 0.83258056640625
0.0382308959960937 0.005096435546875 -0.5338134765625 0.370941162109375
0.0449714660644531 0.0322990417480469 -0.0120620727539063 0.0556297302246094
0.0390853881835937 -0.0030059814453125 0.61236572265625 -0.29254150390625
0.0322132110595703 -0.0142555236816406 0.395263671875 -0.8287353515625
-0.00664043426513672 -0.015629768371582 -0.4168701171875 -0.71405029296875
-0.0141315460205078 -0.00699615478515625 -0.66619873046875 -0.0610961914062499
0.00371170043945313 0.0196723937988281 -0.4091796875 0.310577392578125
-0.00656032562255859 0.0097503662109375 0.00909423828124998 0.334564208984375
0.0227336883544922 -0.00176048278808594 0.249862670898438 0.187149047851563
0.0350914001464844 -0.00138473510742187 -0.235000610351562 -0.189773559570313
0.0101356506347656 0.00557422637939453 0.012054443359375 -0.35626220703125
0.0119285583496094 0.0249881744384766 0.374267578125 -0.318267822265625
-0.0132999420166016 0.0195903778076172 0.6524658203125 0.06390380859375
-0.0266036987304688 -0.0189476013183594 0.35003662109375 0.66302490234375
0.0180206298828125 -0.0398025512695313 -0.2940673828125 0.83428955078125
0.0273494720458984 0.00905990600585937 -0.5389404296875 0.369598388671875
0.0332889556884766 0.0316829681396484 -0.01458740234375 0.0556449890136719
0.0302848815917969 -0.00160598754882813 0.606201171875 -0.29583740234375
0.0270805358886719 -0.00540351867675781 0.38665771484375 -0.8319091796875
-0.00658130645751953 -0.00687694549560547 -0.4239501953125 -0.7117919921875
-0.00994205474853516 -0.00424003601074219 -0.669677734375 -0.0576171874999999
0.00810050964355469 0.0178947448730469 -0.407562255859375 0.313079833984375
-0.00205850601196289 0.00481843948364258 0.011138916015625 0.338897705078125
0.0237045288085938 -0.00516128540039063 0.250503540039063 0.191482543945312
0.0360107421875 -0.00455474853515625 -0.2357177734375 -0.190872192382813
0.0164346694946289 0.00116348266601563 0.014495849609375 -0.355194091796875
0.0199356079101563 0.0210704803466797 0.3770751953125 -0.317413330078125
-0.00726509094238281 0.0210418701171875 0.652099609375 0.06817626953125
-0.0253543853759766 -0.00932884216308594 0.34716796875 0.66754150390625
0.0131931304931641 -0.0298557281494141 -0.30120849609375 0.8328857421875
0.018890380859375 0.0135402679443359 -0.541961669921875 0.366546630859375
0.0222721099853516 0.0302696228027344 -0.0134391784667969 0.0578536987304688
0.0175666809082031 0.00260639190673828 0.6011962890625 -0.29876708984375
0.0211734771728516 0.00260543823242188 0.3719482421875 -0.83197021484375
-0.0027470588684082 0.00316500663757324 -0.4351806640625 -0.70684814453125
-0.00397396087646484 -0.00138473510742188 -0.669677734375 -0.0510864257812499
0.0161724090576172 0.0149974822998047 -0.40509033203125 0.3173828125
0.00563240051269531 0.000477313995361328 0.010650634765625 0.341766357421875
0.0247726440429688 -0.00708961486816406 0.250595092773438 0.194747924804688
0.0367813110351562 -0.00616836547851563 -0.23419189453125 -0.192306518554687
0.0226287841796875 -0.00600433349609375 0.018798828125 -0.356170654296875
0.0273513793945313 0.0146160125732422 0.38165283203125 -0.3157958984375
-0.00317573547363282 0.0240631103515625 0.6541748046875 0.07318115234375
-0.0234375 -0.0012359619140625 0.33990478515625 0.67047119140625
0.008270263671875 -0.0214157104492188 -0.30743408203125 0.83062744140625
0.00846290588378906 0.0167207717895508 -0.54107666015625 0.36248779296875
0.0110511779785156 0.0294513702392578 -0.00751876831054687 0.0572586059570312
0.00724220275878906 0.00295305252075195 0.60028076171875 -0.30419921875
0.0160026550292969 0.00966644287109375 0.35992431640625 -0.83563232421875
-0.00210380554199219 0.0118436813354492 -0.44573974609375 -0.70123291015625
0.00227952003479004 0.000777006149291992 -0.67181396484375 -0.04498291015625
0.0229377746582031 0.01123046875 -0.402618408203125 0.3204345703125
0.0126876831054688 -0.00372982025146484 0.011566162109375 0.341766357421875
0.0258140563964844 -0.0105113983154297 0.250274658203125 0.196365356445313
0.036163330078125 -0.00839614868164063 -0.235641479492187 -0.196304321289063
0.0289249420166016 -0.00912857055664063 0.01947021484375 -0.360107421875
0.0324554443359375 0.0123977661132813 0.38739013671875 -0.313995361328125
0.00170516967773438 0.0267715454101563 0.65606689453125 0.0780029296875
-0.0224685668945313 0.00463485717773437 0.33489990234375 0.67279052734375
0.00471210479736328 -0.0175676345825195 -0.31597900390625 0.8250732421875
0.000371932983398437 0.0188522338867187 -0.538330078125 0.359283447265625
0.00213050842285156 0.0279541015625 0.000373840332031247 0.0551567077636719
-0.00112628936767578 0.00397396087646484 0.6014404296875 -0.30999755859375
0.0110750198364258 0.0169544219970703 0.34991455078125 -0.84161376953125
0.000518798828125002 0.0187034606933594 -0.45196533203125 -0.69781494140625
0.00643301010131836 0.00164556503295898 -0.66522216796875 -0.0404052734374999
0.0282478332519531 0.00885200500488281 -0.3946533203125 0.322113037109375
0.0195140838623047 -0.00910186767578125 0.013580322265625 0.3416748046875
0.0254383087158203 -0.0109767913818359 0.250595092773438 0.1920166015625
0.0298824310302734 0.00139617919921875 -0.2442626953125 -0.211105346679688
0.00337600708007812 0.0135116577148438 -0.00247192382812497 -0.372222900390625
0.00695419311523438 0.0287704467773438 0.37689208984375 -0.33111572265625
-0.0204429626464844 0.0103473663330078 0.6650390625 0.045166015625
-0.033203125 -0.0388717651367188 0.36993408203125 0.65435791015625
0.0250167846679688 -0.0641403198242188 -0.2681884765625 0.83160400390625
0.0506324768066406 -0.00589752197265625 -0.513519287109375 0.3656005859375
0.0635147094726563 0.0334014892578125 0.0160255432128906 0.0518722534179688
0.0521774291992188 -0.0109977722167969 0.63226318359375 -0.3138427734375
0.0342941284179688 -0.0281219482421875 0.39166259765625 -0.8431396484375
-0.00753021240234375 -0.0296878814697266 -0.4302978515625 -0.711669921875
-0.0180454254150391 -0.00939178466796875 -0.66387939453125 -0.0507202148437499
0.00141143798828125 0.0212612152099609 -0.392913818359375 0.316009521484375
-0.00824832916259765 0.0131778717041016 0.013427734375 0.330657958984375
0.0198230743408203 -0.00222015380859375 0.259170532226563 0.16796875
0.0292453765869141 0.00109672546386719 -0.244842529296875 -0.204071044921875
0.00309658050537109 0.0152196884155273 -0.00363159179687503 -0.365966796875
0.00439453125 0.0295753479003906 0.369415283203125 -0.335113525390625
-0.0232772827148438 0.00944137573242188 0.6610107421875 0.04010009765625
-0.0337486267089844 -0.0378646850585938 0.37640380859375 0.64794921875
0.0233306884765625 -0.0625419616699219 -0.26220703125 0.8343505859375
0.049468994140625 -0.00265121459960938 -0.51739501953125 0.3743896484375
0.0616607666015625 0.0340423583984375 5.34057617187508E-05 0.0542526245117188
0.0523490905761719 -0.00945281982421875 0.6248779296875 -0.30023193359375
0.0377273559570313 -0.0257225036621094 0.4005126953125 -0.83941650390625
-0.0108833312988281 -0.0299205780029297 -0.42041015625 -0.7176513671875
-0.0199260711669922 -0.0110626220703125 -0.666015625 -0.0579833984375
6.10351562499977E-05 0.0223541259765625 -0.40252685546875 0.3145751953125
-0.0107822418212891 0.0121641159057617 0.0113525390625 0.333465576171875
0.0196418762207031 -0.00163459777832031 0.255416870117188 0.173599243164063
0.0308094024658203 0.00236320495605469 -0.243408203125 -0.194488525390625
0.00210285186767578 0.0134477615356445 -0.00146484375000003 -0.362518310546875
0.00452995300292969 0.0299320220947266 0.366302490234375 -0.332733154296875
-0.0190410614013672 0.0131797790527344 0.65692138671875 0.041748046875
-0.0314998626708984 -0.0328140258789063 0.374267578125 0.6536865234375
0.0225830078125 -0.0571632385253906 -0.26800537109375 0.83990478515625
0.0452766418457031 0.00054931640625 -0.5277099609375 0.379913330078125
0.0542411804199219 0.0329627990722656 -0.00891113281249999 0.055419921875
0.0468330383300781 -0.00653076171875 0.619384765625 -0.2998046875
0.0365257263183594 -0.0216064453125 0.40087890625 -0.83660888671875
-0.00964164733886719 -0.0245742797851563 -0.41802978515625 -0.72198486328125
-0.0192222595214844 -0.00890350341796875 -0.67047119140625 -0.05926513671875
-0.00131034851074219 0.0213336944580078 -0.407073974609375 0.311676025390625
-0.0091552734375 0.0129547119140625 0.012298583984375 0.33544921875
0.0218963623046875 0.000396728515625 0.255783081054688 0.180191040039063
0.0322818756103516 0.00017547607421875 -0.241744995117188 -0.189773559570312
0.00621891021728516 0.00984668731689453 0.00262451171874997 -0.36090087890625
0.00741195678710937 0.0260276794433594 0.367034912109375 -0.32769775390625
-0.0170040130615234 0.016016960144043 0.6544189453125 0.0501708984375
-0.0281906127929687 -0.0268821716308594 0.36639404296875 0.6590576171875
0.0211181640625 -0.04742431640625 -0.2781982421875 0.84521484375
0.0374069213867188 0.0037994384765625 -0.53399658203125 0.378814697265625
0.0435905456542969 0.0331497192382813 -0.0135765075683594 0.057342529296875
0.0394973754882813 -0.00360488891601563 0.61444091796875 -0.301025390625
0.03228759765625 -0.0146827697753906 0.39044189453125 -0.83795166015625
-0.00727748870849609 -0.016143798828125 -0.428466796875 -0.7142333984375
-0.0156240463256836 -0.00626850128173828 -0.6728515625 -0.05133056640625
0.003631591796875 0.0203762054443359 -0.406951904296875 0.316864013671875
-0.00740718841552734 0.00969600677490234 0.01373291015625 0.338043212890625
0.0245857238769531 -0.00444793701171875 0.25537109375 0.184173583984375
0.0354766845703125 -0.00128555297851563 -0.24139404296875 -0.18878173828125
0.0110311508178711 0.00640678405761719 0.00738525390624998 -0.36016845703125
0.0140800476074219 0.0243930816650391 0.371002197265625 -0.32415771484375
-0.0123958587646484 0.0195045471191406 0.653564453125 0.0565185546875
-0.02691650390625 -0.0192794799804687 0.35986328125 0.6671142578125
0.0184516906738281 -0.039215087890625 -0.2872314453125 0.84600830078125
0.0270004272460938 0.00914764404296875 -0.5394287109375 0.37921142578125
0.0336380004882813 0.0327110290527344 -0.0142250061035156 0.0564994812011719
0.0284938812255859 -0.00153923034667969 0.606201171875 -0.3026123046875
0.0269680023193359 -0.004119873046875 0.37896728515625 -0.83984375
-0.0049901008605957 -0.00719213485717773 -0.43597412109375 -0.71112060546875
-0.0114221572875977 -0.00343227386474609 -0.6759033203125 -0.0475463867187499
0.00664710998535156 0.0180244445800781 -0.406219482421875 0.321868896484375
-0.00100374221801758 0.00690078735351563 0.01593017578125 0.340667724609375
0.0239849090576172 -0.0037078857421875 0.25323486328125 0.189605712890625
0.035980224609375 -0.00564193725585938 -0.24029541015625 -0.188186645507813
0.0164022445678711 0.00248813629150391 0.00970458984375 -0.359100341796875
0.0188713073730469 0.0198135375976563 0.37432861328125 -0.324493408203125
-0.00763511657714844 0.0220870971679688 0.65765380859375 0.06134033203125
-0.0267181396484375 -0.00938224792480469 0.35638427734375 0.66827392578125
0.0126094818115234 -0.0310726165771484 -0.29449462890625 0.84332275390625
0.0176181793212891 0.0143318176269531 -0.54254150390625 0.376129150390625
0.0229415893554688 0.0319938659667969 -0.0134506225585937 0.0569000244140625
0.0188198089599609 0.00156211853027344 0.6021728515625 -0.30523681640625
0.0229244232177734 0.00331497192382813 0.36639404296875 -0.84161376953125
-0.00177121162414551 0.00252938270568848 -0.447998046875 -0.705322265625
-0.00562667846679687 -0.00116920471191406 -0.6759033203125 -0.0433349609375001
0.0170583724975586 0.0160837173461914 -0.40203857421875 0.32525634765625
0.00555086135864258 0.00148916244506836 0.015594482421875 0.34332275390625
0.0250701904296875 -0.00922775268554688 0.255203247070313 0.193817138671875
0.0360069274902344 -0.0066680908203125 -0.2403564453125 -0.189926147460937
0.0216617584228516 -0.0042724609375 0.013763427734375 -0.358428955078125
0.0263862609863281 0.0160198211669922 0.378875732421875 -0.32244873046875
-0.00238227844238281 0.0253696441650391 0.65765380859375 0.066162109375
-0.0243930816650391 -0.00167083740234375 0.34979248046875 0.673095703125
0.0098724365234375 -0.0226840972900391 -0.302001953125 0.8375244140625
0.0080251693725586 0.0172500610351563 -0.5426025390625 0.370758056640625
0.0115318298339844 0.0295391082763672 -0.00791549682617188 0.0545196533203125
0.00704574584960938 0.00449132919311523 0.602294921875 -0.31182861328125
0.0160989761352539 0.0125551223754883 0.3533935546875 -0.8453369140625
-0.000838279724121093 0.0118904113769531 -0.45513916015625 -0.70147705078125
0.00167262554168701 0.000417709350585937 -0.67376708984375 -0.0348510742187501
0.0226325988769531 0.0108509063720703 -0.399688720703125 0.32806396484375
0.0132293701171875 -0.00354862213134766 0.018829345703125 0.345458984375
0.0246658325195313 -0.0103263854980469 0.255828857421875 0.192230224609375
0.0356292724609375 -0.00952911376953125 -0.238983154296875 -0.19415283203125
0.0288372039794922 -0.00941276550292969 0.015289306640625 -0.360992431640625
0.03387451171875 0.01025390625 0.38470458984375 -0.319305419921875
0.00234794616699219 0.0268783569335937 0.66070556640625 0.070556640625
-0.0232715606689453 0.00473785400390625 0.34368896484375 0.67529296875
0.00544452667236328 -0.0172319412231445 -0.30963134765625 0.8345947265625
0.000650405883789061 0.0195350646972656 -0.539276123046875 0.366851806640625
0.00289535522460937 0.0296211242675781 -0.000373840332031246 0.0548439025878906
-0.00150442123413086 0.00481843948364258 0.60150146484375 -0.3160400390625
0.010981559753418 0.0171852111816406 0.34222412109375 -0.85003662109375
0.000118255615234373 0.0187091827392578 -0.46563720703125 -0.69744873046875
0.00747251510620117 0.00385761260986328 -0.67340087890625 -0.02978515625
0.0300254821777344 0.00768089294433594 -0.394622802734375 0.332855224609375
0.0195522308349609 -0.00902366638183594 0.01751708984375 0.343048095703125
0.0249614715576172 -0.0113563537597656 0.255355834960938 0.190475463867188
0.0277614593505859 0.000406265258789063 -0.250823974609375 -0.207611083984375
0.00285911560058594 0.0119447708129883 -0.00625610351562502 -0.3704833984375
0.0069427490234375 0.0307064056396484 0.36962890625 -0.339111328125
-0.0207157135009766 0.0103416442871094 0.66802978515625 0.03704833984375
-0.03564453125 -0.040191650390625 0.380126953125 0.65521240234375
0.0246124267578125 -0.0675926208496094 -0.25860595703125 0.83746337890625
0.050018310546875 -0.00806045532226563 -0.513153076171875 0.3736572265625
0.0660476684570313 0.034088134765625 0.0150680541992188 0.05267333984375
0.0506744384765625 -0.0132904052734375 0.6331787109375 -0.32293701171875
0.0354232788085938 -0.02923583984375 0.38555908203125 -0.8555908203125
-0.0105628967285156 -0.0314197540283203 -0.44305419921875 -0.7093505859375
-0.0191135406494141 -0.0107688903808594 -0.66925048828125 -0.04193115234375
0.00263023376464844 0.0196247100830078 -0.392059326171875 0.326171875
-0.00737857818603515 0.0135259628295898 0.017425537109375 0.33233642578125
0.0194721221923828 -0.00118827819824219 0.263031005859375 0.166473388671875
0.0292205810546875 0.000701904296875 -0.24945068359375 -0.201568603515625
-0.000493049621582032 0.0140199661254883 -0.00866699218749998 -0.368621826171875
0.00673866271972656 0.0300693511962891 0.363311767578125 -0.340179443359375
-0.0201911926269531 0.0113544464111328 0.66436767578125 0.0322265625
-0.0316696166992188 -0.0374984741210938 0.38372802734375 0.64892578125
0.0230369567871094 -0.0641250610351562 -0.25238037109375 0.84381103515625
0.0507278442382813 -0.00399017333984375 -0.515838623046875 0.381622314453125
0.0615043640136719 0.0329704284667969 -0.000419616699218742 0.0565643310546875
0.0524215698242187 -0.0088043212890625 0.62432861328125 -0.3143310546875
0.0378189086914063 -0.0280799865722656 0.39093017578125 -0.84674072265625
-0.00898170471191406 -0.0291805267333984 -0.4302978515625 -0.71612548828125
-0.0198192596435547 -0.0130653381347656 -0.671142578125 -0.0487060546875001
-0.00156593322753906 0.0204486846923828 -0.40032958984375 0.3203125
-0.0122337341308594 0.0138359069824219 0.0162353515625 0.335052490234375
0.0194492340087891 -0.002227783203125 0.261962890625 0.169052124023438
0.0314121246337891 0.000577926635742188 -0.247390747070312 -0.194381713867188
0.00329399108886719 0.0118904113769531 -0.00970458984374998 -0.361907958984375
0.00578498840332031 0.0299434661865234 0.361846923828125 -0.338134765625
-0.0185527801513672 0.0136432647705078 0.66033935546875 0.0341796875
-0.0343265533447266 -0.0336704254150391 0.3818359375 0.6539306640625
0.0229377746582031 -0.0579986572265625 -0.25787353515625 0.85040283203125
0.045989990234375 0.00070953369140625 -0.523773193359375 0.38671875
0.0531997680664063 0.0333633422851563 -0.00768661499023438 0.0567855834960938
0.0478363037109375 -0.0046539306640625 0.61920166015625 -0.30810546875
0.0368270874023438 -0.0204734802246094 0.3927001953125 -0.84613037109375
-0.00988006591796875 -0.0237140655517578 -0.4288330078125 -0.71881103515625
-0.0182838439941406 -0.00813484191894531 -0.6749267578125 -0.051025390625
-0.000555038452148437 0.0227603912353516 -0.40472412109375 0.321136474609375
-0.00953388214111328 0.0124588012695313 0.016876220703125 0.33489990234375
0.0218849182128906 -0.00168228149414063 0.259445190429688 0.176666259765625
0.0353965759277344 -0.00127029418945312 -0.24774169921875 -0.18841552734375
0.00660324096679688 0.00922298431396484 -0.00549316406249999 -0.360565185546875
0.00905609130859375 0.0269203186035156 0.3642578125 -0.33270263671875
-0.0177898406982422 0.0158138275146484 0.65960693359375 0.04266357421875
-0.0295448303222656 -0.0268650054931641 0.3759765625 0.6605224609375
0.0216255187988281 -0.0481948852539063 -0.2664794921875 0.8531494140625
0.0361518859863281 0.0037689208984375 -0.532806396484375 0.386932373046875
0.0454864501953125 0.0329742431640625 -0.0111656188964844 0.0563735961914063
0.0378608703613281 -0.00330352783203125 0.6131591796875 -0.30975341796875
0.0312213897705078 -0.0139541625976563 0.381103515625 -0.84466552734375
-0.00970649719238281 -0.016139030456543 -0.43865966796875 -0.7120361328125
-0.0147018432617187 -0.00589752197265625 -0.677490234375 -0.0421142578125001
0.00371932983398437 0.0198841094970703 -0.404571533203125 0.324981689453125
-0.00569915771484375 0.0101261138916016 0.0177001953125 0.339080810546875
0.0231761932373047 -0.00429153442382812 0.260894775390625 0.181564331054688
0.0337181091308594 -0.00398635864257813 -0.245849609375 -0.185211181640625
0.0101871490478516 0.00537967681884766 3.05175781250045E-05 -0.357940673828125
0.0130290985107422 0.0241584777832031 0.366455078125 -0.332550048828125
-0.0123653411865234 0.0188426971435547 0.65826416015625 0.05023193359375
-0.0279273986816406 -0.0189704895019531 0.37060546875 0.66546630859375
0.0191841125488281 -0.0414848327636719 -0.27777099609375 0.8531494140625
0.0276279449462891 0.008148193359375 -0.541259765625 0.38787841796875
0.0339450836181641 0.0344791412353516 -0.0154304504394531 0.0564193725585937
0.0295085906982422 -0.000593185424804688 0.60693359375 -0.31317138671875
0.0286827087402344 -0.00458717346191406 0.3741455078125 -0.85015869140625
-0.00472593307495117 -0.00810813903808594 -0.44873046875 -0.708740234375
-0.0101528167724609 -0.00373744964599609 -0.68017578125 -0.0367431640624999
0.00976181030273438 0.0191211700439453 -0.40362548828125 0.32965087890625
0.000317096710205078 0.00674295425415039 0.0196533203125 0.34210205078125
0.0243282318115234 -0.00562667846679688 0.259033203125 0.186065673828125
0.0363807678222656 -0.00490188598632813 -0.246536254882813 -0.1864013671875
0.0177173614501953 0.000463485717773438 0.00201416015624998 -0.361083984375
0.0203037261962891 0.0179309844970703 0.3709716796875 -0.330535888671875
-0.00855827331542969 0.0214691162109375 0.659423828125 0.055419921875
-0.0269489288330078 -0.00944137573242188 0.36505126953125 0.6690673828125
0.0122241973876953 -0.0336647033691406 -0.28485107421875 0.85015869140625
0.0188140869140625 0.0128459930419922 -0.541900634765625 0.383544921875
0.0213203430175781 0.03009033203125 -0.012725830078125 0.0556755065917969
0.0175838470458984 0.00228500366210938 0.60272216796875 -0.31396484375
0.0216999053955078 0.00275230407714844 0.356689453125 -0.8524169921875
-0.00239944458007813 0.00307321548461914 -0.45892333984375 -0.70330810546875
-0.00505399703979492 -0.00160646438598633 -0.6806640625 -0.0341186523437499
0.0154495239257812 0.0177040100097656 -0.400726318359375 0.33251953125
0.00570440292358399 0.001495361328125 0.020172119140625 0.345550537109375
0.0256919860839844 -0.00846481323242188 0.260971069335938 0.19073486328125
0.03656005859375 -0.00843048095703125 -0.2449951171875 -0.185836791992187
0.0215511322021484 -0.004486083984375 0.00665283203125003 -0.36151123046875
0.0275669097900391 0.014495849609375 0.37518310546875 -0.330291748046875
-0.00308418273925781 0.0255336761474609 0.664306640625 0.05902099609375
-0.0242366790771484 0.000883102416992191 0.3585205078125 0.6710205078125
0.00696372985839844 -0.0233345031738281 -0.29248046875 0.8466796875
0.00868415832519531 0.0178165435791016 -0.539825439453125 0.381561279296875
0.0100345611572266 0.0303382873535156 -0.00870132446289062 0.0565605163574219
0.005889892578125 0.00563907623291016 0.5980224609375 -0.32025146484375
0.0168542861938477 0.0115470886230469 0.34454345703125 -0.85626220703125
9.53674316406258E-05 0.0136337280273438 -0.467529296875 -0.69598388671875
0.0014498233795166 0.0011601448059082 -0.6807861328125 -0.0269165039062499
0.0222969055175781 0.0106334686279297 -0.3973388671875 0.33685302734375
0.0141086578369141 -0.00163364410400391 0.023284912109375 0.345794677734375
0.0263633728027344 -0.0118427276611328 0.25921630859375 0.189437866210938
0.0355606079101563 -0.00803756713867188 -0.243698120117188 -0.191909790039062
0.0292854309082031 -0.011138916015625 0.00830078125 -0.36151123046875
0.0320339202880859 0.0123252868652344 0.38177490234375 -0.328399658203125
0.00165367126464844 0.0255699157714844 0.66278076171875 0.06353759765625
-0.02532958984375 0.00558662414550782 0.35382080078125 0.67498779296875
0.00521278381347656 -0.0177040100097656 -0.297607421875 0.843017578125
0.000314712524414063 0.0191974639892578 -0.538299560546875 0.375244140625
0.002685546875 0.0308513641357422 -0.00140762329101562 0.0546226501464844
-0.00328445434570313 0.00433206558227539 0.6009521484375 -0.3262939453125
0.0110988616943359 0.0153665542602539 0.3349609375 -0.85955810546875
0.0012969970703125 0.0196151733398438 -0.47662353515625 -0.69525146484375
0.00580501556396484 0.00303888320922852 -0.67681884765625 -0.02099609375
0.0282077789306641 0.00891494750976562 -0.391204833984375 0.340240478515625
0.0203971862792969 -0.00779342651367188 0.023284912109375 0.34478759765625
0.0238361358642578 -0.0151481628417969 0.2620849609375 0.188446044921875
0.0282459259033203 -0.00143051147460938 -0.255111694335938 -0.204666137695313
0.00389480590820313 0.0131149291992188 -0.014984130859375 -0.371429443359375
0.00707435607910156 0.0281581878662109 0.36474609375 -0.3441162109375
-0.0211009979248047 0.0115280151367188 0.66888427734375 0.0284423828125
-0.0336647033691406 -0.0377616882324219 0.390380859375 0.65032958984375
0.0234146118164063 -0.0665359497070313 -0.24627685546875 0.84521484375
0.05072021484375 -0.0063934326171875 -0.509429931640625 0.382965087890625
0.0644264221191406 0.0312347412109375 0.0152359008789063 0.0516395568847656
0.0507850646972656 -0.01068115234375 0.62823486328125 -0.3311767578125
0.0346202850341797 -0.0294532775878906 0.373779296875 -0.8626708984375
-0.0110664367675781 -0.0294151306152344 -0.45269775390625 -0.70587158203125
-0.0194034576416016 -0.0100727081298828 -0.6705322265625 -0.03118896484375
0.00188064575195313 0.0202083587646484 -0.387298583984375 0.3323974609375
-0.00774383544921875 0.0132131576538086 0.02410888671875 0.33551025390625
0.0188026428222656 -0.00165748596191406 0.265945434570313 0.162261962890625
0.0297164916992187 1.9073486328125E-05 -0.255599975585938 -0.197860717773438
0.00278663635253906 0.0134096145629883 -0.0184326171875 -0.368560791015625
0.00483131408691406 0.0298957824707031 0.359161376953125 -0.34429931640625
-0.0208988189697266 0.0125198364257813 0.66412353515625 0.0211181640625
-0.0343055725097656 -0.0391654968261719 0.3966064453125 0.6463623046875
0.0224342346191406 -0.0648231506347656 -0.24188232421875 0.8519287109375
0.0495033264160156 -0.00452041625976563 -0.513916015625 0.39019775390625
0.0623435974121094 0.0325164794921875 0.000713348388671878 0.0549392700195312
0.0531539916992188 -0.00995635986328125 0.623779296875 -0.32049560546875
0.0362434387207031 -0.0281791687011719 0.382080078125 -0.85455322265625
-0.0105133056640625 -0.0290565490722656 -0.44287109375 -0.7127685546875
-0.0214729309082031 -0.0103492736816406 -0.67510986328125 -0.03753662109375
-0.000205993652343748 0.0215682983398437 -0.394866943359375 0.32843017578125
-0.00948524475097656 0.0138759613037109 0.021392822265625 0.33587646484375
0.0187358856201172 -0.00182151794433594 0.265365600585938 0.167434692382813
0.0304813385009766 5.340576171875E-05 -0.251739501953125 -0.18914794921875
0.00368213653564453 0.0139503479003906 -0.015350341796875 -0.363861083984375
0.00617027282714844 0.0299015045166016 0.35638427734375 -0.343902587890625
-0.0200176239013672 0.0154933929443359 0.66107177734375 0.024658203125
-0.0342235565185547 -0.0323886871337891 0.3936767578125 0.651123046875
0.0219001770019531 -0.0573005676269531 -0.24420166015625 0.85797119140625
0.0448646545410156 -1.52587890625E-05 -0.522430419921875 0.397491455078125
0.0561485290527344 0.0325050354003906 -0.00920104980468749 0.0573616027832031
0.0457878112792969 -0.00583267211914063 0.61663818359375 -0.31744384765625
0.0371475219726563 -0.0225944519042969 0.3839111328125 -0.85455322265625
-0.00789070129394531 -0.0233364105224609 -0.44232177734375 -0.7154541015625
-0.0209732055664063 -0.00953292846679688 -0.6761474609375 -0.04010009765625
0.000883102416992186 0.0217075347900391 -0.39892578125 0.328948974609375
-0.00943470001220703 0.0145807266235352 0.021820068359375 0.33941650390625
0.0218830108642578 -0.00222015380859375 0.264663696289063 0.174346923828125
0.0327529907226563 -0.00104141235351563 -0.251998901367188 -0.183563232421875
0.00667858123779297 0.00974464416503906 -0.010589599609375 -0.3631591796875
0.00876998901367187 0.0283603668212891 0.360015869140625 -0.34112548828125
-0.0174026489257812 0.0179214477539063 0.659423828125 0.03204345703125
-0.0316219329833984 -0.0267677307128906 0.38616943359375 0.657958984375
0.0210151672363281 -0.0504264831542969 -0.25634765625 0.8590087890625
0.0389747619628906 0.00331497192382813 -0.5302734375 0.397674560546875
0.0446739196777344 0.0328636169433594 -0.0126495361328125 0.0574531555175781
0.0386276245117188 -0.00273513793945312 0.60894775390625 -0.319580078125
0.0335712432861328 -0.0157470703125 0.3712158203125 -0.85296630859375
-0.00784492492675781 -0.0169353485107422 -0.45220947265625 -0.7095947265625
-0.0172452926635742 -0.00666046142578125 -0.678955078125 -0.0332031249999999
0.00407981872558594 0.0205039978027344 -0.398773193359375 0.334625244140625
-0.00662422180175781 0.0109930038452148 0.023468017578125 0.342132568359375
0.0226802825927734 -0.00388336181640625 0.263107299804688 0.179641723632812
0.0335655212402344 -0.00310516357421875 -0.250579833984375 -0.181472778320312
0.0106697082519531 0.00565910339355469 -0.005859375 -0.36041259765625
0.0134944915771484 0.0230903625488281 0.3626708984375 -0.336761474609375
-0.0121002197265625 0.0190505981445312 0.661376953125 0.03875732421875
-0.0285568237304688 -0.0168972015380859 0.38037109375 0.662109375
0.0181922912597656 -0.0415229797363281 -0.26727294921875 0.8604736328125
0.0298328399658203 0.00810432434082031 -0.53668212890625 0.3958740234375
0.0326251983642578 0.0337562561035156 -0.0146331787109375 0.0562782287597656
0.0280933380126953 0.000646591186523438 0.60418701171875 -0.32147216796875
0.0289840698242188 -0.00460433959960938 0.363037109375 -0.85723876953125
-0.00493907928466797 -0.00747585296630859 -0.4588623046875 -0.7059326171875
-0.0115776062011719 -0.00334739685058594 -0.68341064453125 -0.02764892578125
0.00895309448242187 0.0182533264160156 -0.399017333984375 0.337677001953125
0.00109243392944336 0.00671672821044922 0.024688720703125 0.343475341796875
0.023712158203125 -0.00659751892089844 0.263351440429688 0.183822631835938
0.0347042083740234 -0.00650405883789063 -0.249237060546875 -0.18115234375
0.0153951644897461 0.000523567199707031 -0.003082275390625 -0.36065673828125
0.0215244293212891 0.018402099609375 0.3653564453125 -0.337249755859375
-0.008148193359375 0.0242938995361328 0.66265869140625 0.04388427734375
-0.0264778137207031 -0.00883674621582031 0.37548828125 0.66522216796875
0.0134868621826172 -0.0314826965332031 -0.27435302734375 0.85784912109375
0.0188713073730469 0.0130729675292969 -0.53924560546875 0.39263916015625
0.0233745574951172 0.0317535400390625 -0.0137786865234375 0.0576438903808594
0.0172739028930664 0.00193119049072266 0.5992431640625 -0.32403564453125
0.0228919982910156 0.00346183776855469 0.34814453125 -0.85791015625
-0.0029456615447998 0.00208616256713867 -0.47161865234375 -0.70037841796875
-0.005767822265625 -0.00122833251953125 -0.68341064453125 -0.0219726562500001
0.0168027877807617 0.0146932601928711 -0.395782470703125 0.341064453125
0.00660181045532227 0.00121927261352539 0.026885986328125 0.348175048828125
0.024078369140625 -0.00991249084472656 0.263473510742188 0.187637329101562
0.0349941253662109 -0.00725936889648438 -0.249893188476562 -0.183334350585938
0.0214920043945313 -0.00541114807128906 0.00131225585937503 -0.3619384765625
0.0269203186035156 0.0133438110351563 0.37042236328125 -0.335601806640625
-0.00189590454101562 0.0260276794433594 0.66436767578125 0.048583984375
-0.0242958068847656 0.000398635864257815 0.371337890625 0.67034912109375
0.00980567932128906 -0.0233974456787109 -0.28131103515625 0.85504150390625
0.00829029083251953 0.0153465270996094 -0.538604736328125 0.388885498046875
0.0108184814453125 0.0307559967041016 -0.00799179077148438 0.0567283630371094
0.00755453109741211 0.00550365447998047 0.5980224609375 -0.3294677734375
0.0176887512207031 0.0116977691650391 0.33563232421875 -0.8631591796875
-0.000251770019531249 0.0129804611206055 -0.481689453125 -0.69305419921875
0.000930607318878174 0.000777482986450195 -0.68402099609375 -0.0153198242187501
0.0226669311523438 0.0116329193115234 -0.390869140625 0.3460693359375
0.0128927230834961 -0.00294017791748047 0.0277099609375 0.347991943359375
0.0250015258789063 -0.0116653442382813 0.2645263671875 0.1873779296875
0.034576416015625 -0.0100936889648438 -0.248886108398437 -0.187530517578125
0.0279636383056641 -0.0107860565185547 0.000488281249999999 -0.36181640625
0.0346641540527344 0.0104408264160156 0.3759765625 -0.33319091796875
0.00240325927734375 0.0286197662353516 0.66656494140625 0.05303955078125
-0.0239200592041016 0.00597381591796875 0.36517333984375 0.671875
0.00450706481933594 -0.0172643661499023 -0.28948974609375 0.85223388671875
0.000175476074218749 0.0186538696289063 -0.535369873046875 0.3841552734375
0.00382423400878906 0.0310325622558594 -0.000377655029296879 0.0569915771484375
-0.0018916130065918 0.00730037689208984 0.5985107421875 -0.3353271484375
0.0126819610595703 0.0179214477539062 0.32391357421875 -0.86590576171875
0.00202369689941406 0.0188083648681641 -0.4881591796875 -0.68878173828125
0.00608682632446289 0.00239849090576172 -0.68035888671875 -0.00830078125
0.0296745300292969 0.00732040405273438 -0.385894775390625 0.348175048828125
0.0197010040283203 -0.00732803344726563 0.02850341796875 0.347259521484375
0.0247020721435547 -0.0133171081542969 0.264053344726563 0.185409545898438
0.0305404663085938 -0.00266075134277344 -0.256423950195313 -0.200363159179687
0.00127792358398437 0.0128650665283203 -0.022430419921875 -0.37066650390625
0.00722122192382813 0.0275211334228516 0.3587646484375 -0.351898193359375
-0.0187721252441406 0.0127582550048828 0.6690673828125 0.02069091796875
-0.0357208251953125 -0.0386848449707031 0.39862060546875 0.6480712890625
0.0217323303222656 -0.0673103332519531 -0.23504638671875 0.85101318359375
0.0518455505371094 -0.00492477416992188 -0.502960205078125 0.389251708984375
0.0668182373046875 0.0329818725585938 0.0135421752929688 0.0503425598144531
0.0526504516601563 -0.0111579895019531 0.62310791015625 -0.34130859375
0.0340061187744141 -0.0280094146728516 0.3623046875 -0.86676025390625
-0.0103397369384766 -0.0270042419433594 -0.46533203125 -0.69915771484375
-0.0206089019775391 -0.0076904296875 -0.67474365234375 -0.0236816406250001
0.00118064880371094 0.0200576782226563 -0.3824462890625 0.339599609375
-0.00554084777832031 0.0143842697143555 0.028961181640625 0.33477783203125
0.0203781127929688 -0.00413322448730469 0.269149780273437 0.15631103515625
0.0322818756103516 -0.00060272216796875 -0.25836181640625 -0.192825317382812
0.0002593994140625 0.0162696838378906 -0.026397705078125 -0.367523193359375
0.00534629821777343 0.0321807861328125 0.3551025390625 -0.351715087890625
-0.0189800262451172 0.0146446228027344 0.6654052734375 0.01129150390625
-0.0356559753417969 -0.0364151000976562 0.405029296875 0.64031982421875
0.0226097106933594 -0.0638999938964844 -0.22845458984375 0.85455322265625
0.0480117797851563 -0.003509521484375 -0.51324462890625 0.39886474609375
0.0640792846679688 0.0336761474609375 0.000782012939453126 0.0562210083007812
0.0514793395996094 -0.00979232788085938 0.61895751953125 -0.330322265625
0.0380630493164062 -0.0289802551269531 0.37139892578125 -0.86163330078125
-0.0115509033203125 -0.0288944244384766 -0.4539794921875 -0.70513916015625
-0.0189609527587891 -0.0120792388916016 -0.67529296875 -0.0274658203125001
0.0004425048828125 0.0211296081542969 -0.389404296875 0.334686279296875
-0.0111732482910156 0.0138559341430664 0.026763916015625 0.337066650390625
0.0200862884521484 -0.00262260437011719 0.267913818359375 0.162933349609375
0.0306034088134766 -0.00127410888671875 -0.255950927734375 -0.18499755859375
0.00397300720214844 0.0151243209838867 -0.02154541015625 -0.365325927734375
0.00755119323730468 0.0303287506103516 0.349945068359375 -0.348876953125
-0.0189113616943359 0.0160675048828125 0.6610107421875 0.01422119140625
-0.0339622497558594 -0.0329647064208984 0.4044189453125 0.64447021484375
0.0210189819335937 -0.0595588684082031 -0.23126220703125 0.86322021484375
0.046234130859375 -0.001373291015625 -0.516326904296875 0.407470703125
0.054901123046875 0.0315895080566406 -0.0102996826171875 0.0574874877929687
0.0471229553222656 -0.00518417358398438 0.6138916015625 -0.3243408203125
0.03900146484375 -0.0224571228027344 0.37408447265625 -0.86126708984375
-0.0106544494628906 -0.0260372161865234 -0.45440673828125 -0.709716796875
-0.0201797485351563 -0.00823783874511719 -0.68084716796875 -0.0286865234374999
-0.00139808654785156 0.0219612121582031 -0.395751953125 0.333770751953125
-0.00936794281005859 0.0127296447753906 0.026885986328125 0.3404541015625
0.0211448669433594 -0.00310707092285156 0.2672119140625 0.168838500976562
0.031982421875 -0.00376510620117187 -0.255386352539063 -0.17822265625
0.00667762756347656 0.0126895904541016 -0.017303466796875 -0.360931396484375
0.00833511352539063 0.0276374816894531 0.35308837890625 -0.34674072265625
-0.0166339874267578 0.0176887512207031 0.660400390625 0.02215576171875
-0.0302906036376953 -0.0235557556152344 0.3955078125 0.65167236328125
0.0204811096191406 -0.0533256530761719 -0.24273681640625 0.86566162109375
0.0363845825195313 0.00430679321289063 -0.525634765625 0.405029296875
0.0470695495605469 0.0349082946777344 -0.0140914916992187 0.0584831237792969
0.0389480590820312 -0.00107192993164062 0.60406494140625 -0.3287353515625
0.0336322784423828 -0.0145435333251953 0.3603515625 -0.860107421875
-0.00752735137939454 -0.0163030624389648 -0.4630126953125 -0.7044677734375
-0.0157232284545898 -0.00548458099365234 -0.68096923828125 -0.0195312500000001
0.005340576171875 0.0204086303710937 -0.395111083984375 0.341522216796875
-0.00435161590576172 0.0120124816894531 0.028076171875 0.34161376953125
0.0206127166748047 -0.00572967529296875 0.26739501953125 0.175048828125
0.0342559814453125 -0.00372886657714844 -0.256851196289063 -0.177474975585938
0.0114450454711914 0.00528621673583984 -0.012603759765625 -0.359710693359375
0.0125598907470703 0.02215576171875 0.357147216796875 -0.343048095703125
-0.0105857849121094 0.0195732116699219 0.6588134765625 0.03155517578125
-0.0286369323730469 -0.0150203704833984 0.3892822265625 0.65594482421875
0.0157737731933594 -0.0414161682128906 -0.25567626953125 0.86663818359375
0.0285072326660156 0.00745391845703125 -0.53375244140625 0.404022216796875
0.0342025756835938 0.0337543487548828 -0.0142707824707031 0.0587692260742188
0.0295486450195313 -0.000844955444335938 0.60125732421875 -0.32965087890625
0.0309238433837891 -0.00497817993164063 0.348876953125 -0.85906982421875
-0.00260066986083984 -0.00612974166870117 -0.4705810546875 -0.69635009765625
-0.0108251571655273 -0.00423336029052734 -0.68585205078125 -0.0172729492187501
0.00914764404296875 0.0181903839111328 -0.3966064453125 0.34381103515625
-0.000903606414794922 0.00806856155395508 0.030364990234375 0.343994140625
0.0226879119873047 -0.00680351257324219 0.269607543945313 0.178604125976562
0.0341815948486328 -0.00852203369140625 -0.255950927734375 -0.177886962890625
0.0149478912353516 0.00192832946777344 -0.00906372070312499 -0.36114501953125
0.023193359375 0.0181064605712891 0.3612060546875 -0.341827392578125
-0.00835227966308594 0.0241374969482422 0.66265869140625 0.033447265625
-0.0270824432373047 -0.00888442993164063 0.38525390625 0.6610107421875
0.0140018463134766 -0.0323333740234375 -0.2618408203125 0.8643798828125
0.0183963775634766 0.0135040283203125 -0.533447265625 0.401336669921875
0.0233268737792969 0.0336322784423828 -0.0157966613769531 0.0577964782714844
0.0175743103027344 0.00520133972167969 0.59576416015625 -0.331787109375
0.0255279541015625 0.00200080871582031 0.3363037109375 -0.864013671875
-0.00364780426025391 0.00520896911621094 -0.48199462890625 -0.69281005859375
-0.00368714332580566 -0.000295639038085937 -0.68658447265625 -0.0101318359374999
0.0188350677490234 0.0156784057617188 -0.391754150390625 0.34942626953125
0.00651121139526367 0.00361728668212891 0.03375244140625 0.346221923828125
0.0245456695556641 -0.0108051300048828 0.267105102539062 0.181732177734375
0.0360794067382813 -0.0091705322265625 -0.256027221679687 -0.178665161132813
0.0219326019287109 -0.00614356994628906 -0.00527954101562496 -0.361358642578125
0.02783203125 0.0116214752197266 0.362884521484375 -0.339813232421875
-0.00173377990722656 0.0263309478759766 0.6629638671875 0.03875732421875
-0.0253639221191406 -0.000965118408203125 0.38092041015625 0.6641845703125
0.00712203979492187 -0.0239086151123047 -0.26922607421875 0.86102294921875
0.00712776184082031 0.0180892944335938 -0.5352783203125 0.39617919921875
0.0118179321289063 0.0333995819091797 -0.0094451904296875 0.0569686889648438
0.00762939453125 0.00631904602050781 0.5938720703125 -0.34051513671875
0.0190982818603516 0.0106830596923828 0.32476806640625 -0.8673095703125
0.00127124786376953 0.0116367340087891 -0.4921875 -0.68756103515625
0.0023338794708252 0.0014655590057373 -0.68560791015625 -0.00518798828125008
0.0222873687744141 0.00872993469238281 -0.386566162109375 0.352081298828125
0.0148019790649414 -0.00354385375976563 0.0340576171875 0.348785400390625
0.0240802764892578 -0.0124053955078125 0.268936157226563 0.18328857421875
0.0342273712158203 -0.00913429260253906 -0.25506591796875 -0.183364868164062
0.0258884429931641 -0.0106277465820313 -0.005859375 -0.364013671875
0.0327529907226563 0.00960731506347656 0.369232177734375 -0.341400146484375
0.00168609619140625 0.029449462890625 0.6658935546875 0.04364013671875
-0.0249767303466797 0.00749397277832032 0.3751220703125 0.669921875
0.00494003295898437 -0.0188159942626953 -0.27496337890625 0.859619140625
0.00123214721679687 0.0198478698730469 -0.532501220703125 0.392547607421875
0.00233840942382812 0.0335140228271484 0.000156402587890622 0.0565605163574219
-0.00133705139160156 0.00793361663818359 0.5924072265625 -0.34637451171875
0.0140590667724609 0.0148754119873047 0.3138427734375 -0.87286376953125
0.00101661682128906 0.0193614959716797 -0.49908447265625 -0.68389892578125
0.00583887100219727 0.00267362594604492 -0.68084716796875 -0.00201416015625009
0.0310077667236328 0.00651168823242188 -0.379791259765625 0.35662841796875
0.0197429656982422 -0.0081329345703125 0.035614013671875 0.34820556640625
0.0267333984375 -0.0153827667236328 0.267242431640625 0.181243896484375
0.0281467437744141 -0.00152778625488281 -0.261581420898438 -0.195877075195313
0.00214385986328125 0.0123195648193359 -0.030426025390625 -0.3709716796875
0.00610160827636719 0.0278453826904297 0.350433349609375 -0.3565673828125
-0.0217952728271484 0.015838623046875 0.66754150390625 0.00927734375
-0.0366020202636719 -0.036407470703125 0.4091796875 0.6424560546875
0.0211181640625 -0.0661582946777344 -0.2208251953125 0.85107421875
0.0528907775878906 -0.00561141967773438 -0.4998779296875 0.397552490234375
0.0674781799316406 0.0306510925292969 0.01593017578125 0.0512428283691406
0.051300048828125 -0.0135879516601563 0.61883544921875 -0.3480224609375
0.0376129150390625 -0.0304756164550781 0.35028076171875 -0.8699951171875
-0.00963211059570312 -0.0311508178710938 -0.47509765625 -0.6923828125
-0.0199413299560547 -0.0100879669189453 -0.6727294921875 -0.0095825195312499
0.00438117980957031 0.0200023651123047 -0.3760986328125 0.34600830078125
-0.00651836395263672 0.0122346878051758 0.03558349609375 0.3319091796875
0.0224647521972656 -0.00604057312011719 0.27288818359375 0.1517333984375
0.0271701812744141 -0.000337600708007813 -0.263137817382813 -0.185531616210937
0.00267887115478516 0.0133495330810547 -0.0294189453125 -0.365386962890625
0.00514793395996094 0.0293636322021484 0.344390869140625 -0.3555908203125
-0.0208797454833984 0.0131702423095703 0.66357421875 -0.000122070312499999
-0.0365829467773437 -0.0349540710449219 0.41436767578125 0.6376953125
0.0201759338378906 -0.0691108703613281 -0.2166748046875 0.85784912109375
0.0514297485351563 -0.00522613525390625 -0.507537841796875 0.406494140625
0.0652847290039063 0.0331916809082031 0.00242996215820312 0.054534912109375
0.0507125854492188 -0.00701141357421875 0.6146240234375 -0.33929443359375
0.0382614135742188 -0.0259323120117188 0.36029052734375 -0.8646240234375
-0.00726890563964844 -0.0276985168457031 -0.46441650390625 -0.69769287109375
-0.0216693878173828 -0.00940132141113281 -0.67437744140625 -0.0164184570312501
-0.00112724304199219 0.0201587677001953 -0.384246826171875 0.34649658203125
-0.00888824462890625 0.0154237747192383 0.02947998046875 0.335906982421875
0.0201950073242188 -0.00435829162597656 0.271560668945313 0.158721923828125
0.0305938720703125 -0.000898361206054688 -0.259841918945313 -0.182266235351563
0.00389289855957031 0.0154275894165039 -0.0272216796875 -0.364715576171875
0.00830650329589844 0.0290145874023438 0.344024658203125 -0.3541259765625
-0.0215549468994141 0.0170345306396484 0.6595458984375 0.004638671875
-0.0372047424316406 -0.0314559936523438 0.408203125 0.64013671875
0.0194854736328125 -0.0583953857421875 -0.22015380859375 0.86669921875
0.0440635681152344 -0.0024871826171875 -0.512237548828125 0.413665771484375
0.0546493530273438 0.031982421875 -0.00893020629882812 0.0567512512207031
0.0450325012207031 -0.005035400390625 0.60577392578125 -0.33428955078125
0.0351829528808594 -0.0230178833007813 0.359619140625 -0.8656005859375
-0.0100727081298828 -0.0258579254150391 -0.461181640625 -0.70184326171875
-0.0207653045654297 -0.00939369201660157 -0.67840576171875 -0.0177001953125
0.00131034851074219 0.0223712921142578 -0.3883056640625 0.341552734375
-0.00906085968017578 0.0160655975341797 0.03253173828125 0.336212158203125
0.0205821990966797 -0.0029754638671875 0.272842407226563 0.162857055664063
0.0319423675537109 -0.00233840942382813 -0.261672973632813 -0.175537109375
0.00399303436279297 0.0111312866210938 -0.024078369140625 -0.358917236328125
0.0113658905029297 0.0268898010253906 0.347015380859375 -0.350341796875
-0.016265869140625 0.0204582214355469 0.65789794921875 0.013916015625
-0.0320663452148438 -0.0240116119384766 0.4039306640625 0.64617919921875
0.022125244140625 -0.0530967712402344 -0.23095703125 0.87158203125
0.0361709594726563 0.00424575805664063 -0.52093505859375 0.413482666015625
0.0461616516113281 0.03314208984375 -0.0121307373046875 0.0591239929199219
0.036956787109375 -0.001220703125 0.6007080078125 -0.3372802734375
0.0339756011962891 -0.0133342742919922 0.35150146484375 -0.86474609375
-0.00760841369628906 -0.0173301696777344 -0.47271728515625 -0.6932373046875
-0.0176925659179688 -0.00630950927734375 -0.68011474609375 -0.01239013671875
0.0064239501953125 0.0214061737060547 -0.38909912109375 0.345916748046875
-0.00489711761474609 0.0121746063232422 0.0360107421875 0.342376708984375
0.02197265625 -0.0037689208984375 0.270065307617187 0.170684814453125
0.0330924987792969 -0.00369834899902344 -0.258087158203125 -0.172897338867188
0.00904273986816406 0.00665664672851562 -0.020782470703125 -0.3602294921875
0.0126056671142578 0.0212726593017578 0.347625732421875 -0.346893310546875
-0.0122184753417969 0.0256366729736328 0.65826416015625 0.02056884765625
-0.0291843414306641 -0.0157337188720703 0.39801025390625 0.653076171875
0.0184211730957031 -0.0435981750488281 -0.24298095703125 0.870849609375
0.0295181274414063 0.0073699951171875 -0.528717041015625 0.41162109375
0.0360679626464844 0.0328712463378906 -0.0165443420410156 0.0581398010253906
0.0296249389648438 0.00232505798339844 0.59173583984375 -0.33746337890625
0.0312957763671875 -0.00627899169921875 0.33941650390625 -0.86724853515625
-0.00655603408813476 -0.00795984268188477 -0.48040771484375 -0.6893310546875
-0.0122756958007813 -0.00104141235351562 -0.68292236328125 -0.00683593749999994
0.0118331909179688 0.0180606842041016 -0.3876953125 0.3515625
-0.00229310989379883 0.00711536407470703 0.03546142578125 0.343170166015625
0.023040771484375 -0.00855255126953125 0.27032470703125 0.178192138671875
0.0338058471679687 -0.00776863098144531 -0.256561279296875 -0.173385620117187
0.0172595977783203 0.00017547607421875 -0.016998291015625 -0.35888671875
0.0222606658935547 0.0154743194580078 0.3538818359375 -0.347869873046875
-0.0101490020751953 0.0247097015380859 0.660400390625 0.025146484375
-0.0296154022216797 -0.0046844482421875 0.39495849609375 0.655029296875
0.0115203857421875 -0.0340499877929688 -0.24847412109375 0.86602783203125
0.0191230773925781 0.0106830596923828 -0.529632568359375 0.4085693359375
0.0218238830566406 0.0325870513916016 -0.0114784240722656 0.05780029296875
0.0152158737182617 0.00451564788818359 0.5911865234375 -0.33978271484375
0.0247154235839844 0.00110626220703125 0.32568359375 -0.8681640625
-0.00321602821350098 0.00383663177490234 -0.49169921875 -0.68731689453125
-0.00781869888305664 -0.00110483169555664 -0.68603515625 -0.000366210937499885
0.0171995162963867 0.0107698440551758 -0.38482666015625 0.35406494140625
0.005767822265625 0.00343704223632812 0.03619384765625 0.346954345703125
0.0236415863037109 -0.0128650665283203 0.26983642578125 0.176528930664062
0.03564453125 -0.00983428955078125 -0.2589111328125 -0.172882080078125
0.0196647644042969 -0.00588417053222656 -0.0155029296875 -0.361785888671875
0.0292911529541016 0.0128879547119141 0.35845947265625 -0.34210205078125
-0.00264930725097656 0.0273056030273438 0.662841796875 0.027587890625
-0.0262393951416016 0.00179290771484375 0.3892822265625 0.6600341796875
0.00957679748535157 -0.0264091491699219 -0.25604248046875 0.8636474609375
0.00777721405029297 0.016118049621582 -0.52972412109375 0.402496337890625
0.0124263763427734 0.0332851409912109 -0.00842666625976563 0.0577964782714844
0.0081782341003418 0.0068511962890625 0.5875244140625 -0.3455810546875
0.0214595794677734 0.0127506256103516 0.310791015625 -0.87054443359375
-0.000175476074218749 0.0115070343017578 -0.4989013671875 -0.678955078125
-0.00254225730895996 0.000595331192016601 -0.684814453125 0.00469970703125007
0.0258903503417969 0.0111865997314453 -0.3822021484375 0.359588623046875
0.0143280029296875 -0.00211238861083984 0.038055419921875 0.347198486328125
0.0250988006591797 -0.0126285552978516 0.271682739257813 0.176651000976563
0.0348014831542969 -0.00894546508789063 -0.257186889648438 -0.180953979492188
0.028106689453125 -0.0133991241455078 -0.012115478515625 -0.361541748046875
0.0340442657470703 0.00910377502441406 0.361724853515625 -0.3436279296875
0.00317955017089844 0.0303955078125 0.663330078125 0.0364990234375
-0.0219345092773437 0.0092620849609375 0.383056640625 0.66253662109375
0.00476455688476563 -0.0176372528076172 -0.2630615234375 0.8583984375
0.000457763671874999 0.0204067230224609 -0.527435302734375 0.398834228515625
0.002960205078125 0.0317897796630859 0.00144577026367187 0.0542755126953125
-0.00218868255615234 0.00996112823486328 0.588134765625 -0.35052490234375
0.0152359008789062 0.0177841186523438 0.30181884765625 -0.8724365234375
0.00180625915527344 0.0177345275878906 -0.51019287109375 -0.6748046875
0.0069117546081543 0.00266170501708984 -0.6812744140625 0.0108032226562499
0.0289802551269531 0.00606155395507812 -0.372833251953125 0.36187744140625
0.0203266143798828 -0.00832748413085937 0.0411376953125 0.34661865234375
0.0234642028808594 -0.0148639678955078 0.2705078125 0.174530029296875
0.0278358459472656 -0.0013885498046875 -0.267562866210938 -0.190292358398437
0.00267410278320313 0.0137958526611328 -0.035980224609375 -0.368621826171875
0.00751304626464844 0.0266914367675781 0.3443603515625 -0.355438232421875
-0.0192737579345703 0.014251708984375 0.66314697265625 -0.001220703125
-0.0363960266113281 -0.0350685119628906 0.41632080078125 0.6356201171875
0.0207633972167969 -0.0678863525390625 -0.21002197265625 0.853515625
0.0520057678222656 -0.00646209716796875 -0.49560546875 0.40350341796875
0.06689453125 0.0308609008789062 0.0149650573730469 0.0513992309570313
0.051055908203125 -0.0101585388183594 0.61151123046875 -0.3551025390625
0.035675048828125 -0.028717041015625 0.338134765625 -0.8726806640625
-0.0111656188964844 -0.0292587280273437 -0.48260498046875 -0.68231201171875
-0.0215187072753906 -0.00997734069824219 -0.67071533203125 -0.000122070312499894
0.00411796569824219 0.0194034576416016 -0.370330810546875 0.350067138671875
-0.00702381134033203 0.0152387619018555 0.03857421875 0.333404541015625
0.0176067352294922 -0.00502395629882813 0.273834228515625 0.149459838867188
0.0292339324951172 0.000207901000976563 -0.264007568359375 -0.18280029296875
0.00171566009521484 0.0156154632568359 -0.036285400390625 -0.36297607421875
0.0068206787109375 0.0288181304931641 0.33795166015625 -0.357757568359375
-0.0200271606445313 0.0166721343994141 0.6602783203125 -0.0067138671875
-0.0382423400878906 -0.0349807739257813 0.42041015625 0.62799072265625
0.0218849182128906 -0.0668220520019531 -0.2042236328125 0.861083984375
0.0505599975585938 -0.00565338134765625 -0.499725341796875 0.4130859375
0.0643081665039063 0.0328254699707031 -0.000278472900390622 0.0558967590332031
0.0498809814453125 -0.00844573974609375 0.60699462890625 -0.34576416015625
0.0371322631835938 -0.02734375 0.3472900390625 -0.86651611328125
-0.0104236602783203 -0.0295181274414063 -0.47314453125 -0.6878662109375
-0.0234661102294922 -0.0101566314697266 -0.673095703125 -0.00567626953124998
0.00257110595703125 0.0196170806884766 -0.37738037109375 0.346343994140625
-0.00850582122802735 0.0172128677368164 0.03717041015625 0.335540771484375
0.0187664031982422 -0.00469779968261719 0.274566650390625 0.154083251953125
0.0308914184570313 -0.00152969360351563 -0.263076782226562 -0.174774169921875
0.004364013671875 0.0140380859375 -0.0369873046875 -0.36016845703125
0.00666618347167968 0.0301685333251953 0.3367919921875 -0.35638427734375
-0.0195255279541016 0.0167865753173828 0.65576171875 -0.00396728515625
-0.03643798828125 -0.031646728515625 0.41986083984375 0.63372802734375
0.0198173522949219 -0.0614814758300781 -0.20513916015625 0.8670654296875
0.044189453125 -0.00172805786132813 -0.507232666015625 0.41693115234375
0.0569953918457031 0.0346031188964844 -0.00731277465820312 0.0576057434082031
0.0472068786621094 -0.00440597534179688 0.60015869140625 -0.339111328125
0.0362014770507812 -0.021820068359375 0.3511962890625 -0.86785888671875
-0.00812911987304687 -0.0246829986572266 -0.471435546875 -0.69403076171875
-0.0221958160400391 -0.00731468200683594 -0.67803955078125 -0.00811767578125006
0.00168800354003906 0.0205364227294922 -0.381683349609375 0.347625732421875
-0.00829124450683593 0.0159635543823242 0.038360595703125 0.337615966796875
0.0214042663574219 -0.00494003295898438 0.272308349609375 0.158294677734375
0.0315780639648438 -0.00274085998535156 -0.260833740234375 -0.169143676757813
0.00596237182617187 0.0109157562255859 -0.032562255859375 -0.3594970703125
0.0101032257080078 0.0244407653808594 0.33758544921875 -0.352508544921875
-0.0175418853759766 0.0195999145507813 0.65899658203125 0.00567626953125
-0.0334091186523438 -0.0248565673828125 0.4129638671875 0.63946533203125
0.0193099975585938 -0.0521202087402344 -0.21630859375 0.869140625
0.0374298095703125 0.00255966186523438 -0.514129638671875 0.418060302734375
0.0469245910644531 0.0338630676269531 -0.0122451782226563 0.0565299987792969
0.037322998046875 -0.0009765625 0.59320068359375 -0.3431396484375
0.0341224670410156 -0.0147800445556641 0.33880615234375 -0.86639404296875
-0.00767135620117187 -0.0180091857910156 -0.480224609375 -0.68603515625
-0.018524169921875 -0.00635528564453125 -0.67950439453125 -0.000854492187500006
0.00460433959960938 0.0199184417724609 -0.380889892578125 0.3525390625
-0.0045928955078125 0.0121641159057617 0.04052734375 0.339752197265625
0.0217037200927734 -0.00542259216308594 0.273971557617187 0.164962768554687
0.0324344635009766 -0.00573348999023438 -0.260147094726563 -0.16705322265625
0.0105409622192383 0.00566959381103516 -0.026153564453125 -0.358245849609375
0.0156917572021484 0.0221290588378906 0.341552734375 -0.349822998046875
-0.0120639801025391 0.022125244140625 0.6573486328125 0.0111083984375
-0.0308322906494141 -0.0153675079345703 0.40521240234375 0.647216796875
0.0171394348144531 -0.0420608520507813 -0.2283935546875 0.87066650390625
0.0282306671142578 0.00737762451171875 -0.52325439453125 0.415863037109375
0.0346775054931641 0.0336780548095703 -0.0144309997558594 0.0564765930175781
0.0276641845703125 0.00211906433105469 0.5869140625 -0.3414306640625
0.0301704406738281 -0.00436973571777344 0.32781982421875 -0.86767578125
-0.00535058975219727 -0.00820064544677734 -0.48883056640625 -0.68121337890625
-0.0117158889770508 -0.00257301330566406 -0.6805419921875 0.00451660156250014
0.00960922241210937 0.0162801742553711 -0.381744384765625 0.355743408203125
-0.000246524810791015 0.008331298828125 0.041717529296875 0.341796875
0.0223484039306641 -0.00803947448730469 0.27313232421875 0.170745849609375
0.0346336364746094 -0.007537841796875 -0.259841918945312 -0.167465209960937
0.0152950286865234 0.000392913818359375 -0.024078369140625 -0.357086181640625
0.0219974517822266 0.0172119140625 0.343536376953125 -0.351104736328125
-0.00762939453125 0.0248603820800781 0.65777587890625 0.01531982421875
-0.0282936096191406 -0.00676345825195313 0.4013671875 0.6494140625
0.0132560729980469 -0.0344352722167969 -0.233642578125 0.86785888671875
0.0193805694580078 0.0137844085693359 -0.5262451171875 0.4130859375
0.0242080688476562 0.0327873229980469 -0.0137252807617188 0.0588493347167969
0.0164756774902344 0.00512123107910156 0.5831298828125 -0.3465576171875
0.0255088806152344 0.00201606750488281 0.31207275390625 -0.86895751953125
-0.000980854034423828 0.0022881031036377 -0.5 -0.67431640625
-0.00766563415527344 -0.000265121459960937 -0.683349609375 0.0113525390625
0.0172710418701172 0.0143041610717773 -0.376708984375 0.36163330078125
0.00684356689453125 0.0040593147277832 0.04278564453125 0.34588623046875
0.0229454040527344 -0.0124282836914063 0.273529052734375 0.174087524414063
0.0341987609863281 -0.00873374938964844 -0.260498046875 -0.16876220703125
0.0207614898681641 -0.00543403625488281 -0.021575927734375 -0.35687255859375
0.0280666351318359 0.0124759674072266 0.35272216796875 -0.347564697265625
-0.00343132019042968 0.0285758972167969 0.65936279296875 0.02081298828125
-0.0264205932617188 0.00185775756835937 0.396240234375 0.652587890625
0.00907325744628906 -0.0244216918945313 -0.24261474609375 0.86639404296875
0.00896453857421875 0.017033576965332 -0.523681640625 0.409637451171875
0.0122413635253906 0.0322723388671875 -0.00823593139648437 0.0579872131347656
0.00708293914794922 0.00848579406738281 0.58074951171875 -0.3507080078125
0.0200824737548828 0.0111465454101563 0.3017578125 -0.8714599609375
0.00126361846923828 0.0131158828735352 -0.5067138671875 -0.6712646484375
-0.000128507614135742 0.00201082229614258 -0.68310546875 0.0170288085937501
0.0237865447998047 0.00950431823730469 -0.374420166015625 0.365936279296875
0.0134048461914063 -0.00375938415527344 0.04315185546875 0.346405029296875
0.0232734680175781 -0.0134811401367188 0.274383544921875 0.175186157226562
0.0331840515136719 -0.0117416381835937 -0.259674072265625 -0.17340087890625
0.0272712707519531 -0.0110626220703125 -0.018707275390625 -0.36029052734375
0.0342140197753906 0.00738334655761719 0.354156494140625 -0.3482666015625
0.00265693664550781 0.0309734344482422 0.66278076171875 0.02496337890625
-0.0254592895507813 0.00779914855957031 0.39190673828125 0.65704345703125
0.00418853759765625 -0.0188083648681641 -0.25 0.86358642578125
0.0029754638671875 0.0195693969726563 -0.52044677734375 0.405670166015625
0.00429534912109375 0.0332469940185547 -0.000740051269531244 0.0547904968261719
-0.00213527679443359 0.0103921890258789 0.58123779296875 -0.35693359375
0.0159149169921875 0.0176563262939453 0.289794921875 -0.875732421875
0.00226020812988281 0.0194320678710938 -0.5167236328125 -0.66571044921875
0.00504064559936523 0.00223779678344727 -0.67730712890625 0.0225830078125
0.0294685363769531 0.00704765319824219 -0.36798095703125 0.365509033203125
0.0188236236572266 -0.00710296630859375 0.04425048828125 0.345703125
0.0233669281005859 -0.0148429870605469 0.273696899414063 0.170608520507813
0.0290508270263672 -0.00103569030761719 -0.269363403320313 -0.183822631835937
0.0032501220703125 0.0133790969848633 -0.043609619140625 -0.365631103515625
0.00869560241699219 0.0266494750976563 0.33642578125 -0.359588623046875
-0.0204544067382813 0.0148506164550781 0.65948486328125 -0.00750732421875
-0.0378189086914063 -0.0346946716308594 0.42144775390625 0.62579345703125
0.020233154296875 -0.0697212219238281 -0.19903564453125 0.85455322265625
0.0509185791015625 -0.00880813598632813 -0.48779296875 0.405792236328125
0.0660247802734375 0.03094482421875 0.0143280029296875 0.0511550903320313
0.0491828918457031 -0.0101318359375 0.6033935546875 -0.361083984375
0.0350131988525391 -0.0289936065673828 0.32891845703125 -0.87432861328125
-0.0122871398925781 -0.0293045043945313 -0.48834228515625 -0.67266845703125
-0.0213527679443359 -0.00908088684082032 -0.668212890625 0.009765625
0.00361251831054687 0.0201454162597656 -0.363128662109375 0.3544921875
-0.00450897216796875 0.0158071517944336 0.042724609375 0.33123779296875
0.0161752700805664 -0.00552940368652344 0.275100708007813 0.144088745117187
0.0286197662353516 -0.00227928161621094 -0.266448974609375 -0.179458618164062
0.00223445892333984 0.0159053802490234 -0.044525146484375 -0.36260986328125
0.00784111022949218 0.0284500122070313 0.330230712890625 -0.3592529296875
-0.021209716796875 0.0171470642089844 0.65625 -0.01324462890625
-0.0374107360839844 -0.0335502624511719 0.42523193359375 0.6217041015625
0.0200576782226562 -0.0676956176757813 -0.1904296875 0.8577880859375
0.0488853454589844 -0.00694656372070313 -0.494049072265625 0.41851806640625
0.0629768371582031 0.0321388244628906 0.00147628784179688 0.05560302734375
0.051239013671875 -0.00793838500976563 0.6011962890625 -0.35174560546875
0.0377044677734375 -0.0281257629394531 0.33734130859375 -0.8692626953125
-0.0102195739746094 -0.0277481079101563 -0.47967529296875 -0.67864990234375
-0.023681640625 -0.00876808166503906 -0.6722412109375 0.00250244140624999
0.00103759765625 0.0205516815185547 -0.37005615234375 0.35296630859375
-0.00852680206298828 0.016789436340332 0.041412353515625 0.334442138671875
0.0180988311767578 -0.0030975341796875 0.2738037109375 0.15045166015625
0.0285282135009766 -0.00188636779785156 -0.26531982421875 -0.170242309570312
0.00205612182617187 0.0135774612426758 -0.0413818359375 -0.359405517578125
0.00766372680664063 0.0296688079833984 0.328399658203125 -0.358367919921875
-0.0191268920898437 0.0174541473388672 0.65301513671875 -0.01287841796875
-0.0356407165527344 -0.0295295715332031 0.4248046875 0.6258544921875
0.0204734802246094 -0.0618324279785156 -0.19451904296875 0.86590576171875
0.0431556701660156 -0.00041961669921875 -0.50140380859375 0.420806884765625
0.0571937561035156 0.0343475341796875 -0.008544921875 0.0560264587402344
0.0460472106933594 -0.0044403076171875 0.59405517578125 -0.34564208984375
0.0369186401367188 -0.023162841796875 0.3392333984375 -0.8670654296875
-0.00965309143066406 -0.0247058868408203 -0.478759765625 -0.68304443359375
-0.0221309661865234 -0.00697517395019532 -0.6729736328125 0.00128173828124992
0.00093841552734375 0.0206127166748047 -0.37603759765625 0.35235595703125
-0.00779438018798828 0.0166358947753906 0.041839599609375 0.335662841796875
0.0195579528808594 -0.00309944152832031 0.2738037109375 0.15667724609375
0.0301742553710938 -0.00376129150390625 -0.263671875 -0.16607666015625
0.00497913360595703 0.0102739334106445 -0.03680419921875 -0.355072021484375
0.00929069519042969 0.0263462066650391 0.331787109375 -0.3544921875
-0.0171890258789063 0.0202293395996094 0.65252685546875 -0.0030517578125
-0.0333766937255859 -0.023223876953125 0.41845703125 0.6317138671875
0.0194015502929688 -0.0532646179199219 -0.20489501953125 0.8677978515625
0.03839111328125 0.00324630737304687 -0.50946044921875 0.421783447265625
0.0469169616699219 0.033447265625 -0.0134010314941406 0.0573844909667969
0.0369110107421875 -0.00185775756835937 0.58758544921875 -0.34765625
0.033935546875 -0.0155754089355469 0.32464599609375 -0.86614990234375
-0.00664138793945313 -0.0180568695068359 -0.48736572265625 -0.67657470703125
-0.016291618347168 -0.00509929656982422 -0.6767578125 0.00781250000000006
0.00511360168457031 0.0203990936279297 -0.37518310546875 0.359130859375
-0.0039825439453125 0.0135917663574219 0.043548583984375 0.33770751953125
0.0212497711181641 -0.006378173828125 0.274337768554688 0.160690307617188
0.0317630767822266 -0.00541877746582031 -0.26275634765625 -0.163314819335938
0.0108499526977539 0.00507259368896484 -0.032196044921875 -0.354888916015625
0.0137977600097656 0.0218849182128906 0.3341064453125 -0.353912353515625
-0.0123729705810547 0.0233306884765625 0.65435791015625 0.004150390625
-0.0309391021728516 -0.0148792266845703 0.41064453125 0.63812255859375
0.0177497863769531 -0.0433769226074219 -0.216552734375 0.8714599609375
0.0297088623046875 0.00886917114257813 -0.512908935546875 0.423828125
0.0360755920410156 0.0334320068359375 -0.0153770446777344 0.0577812194824219
0.0279064178466797 0.00253677368164063 0.58013916015625 -0.34735107421875
0.0305938720703125 -0.00601959228515625 0.31414794921875 -0.86822509765625
-0.00436162948608399 -0.0079655647277832 -0.49505615234375 -0.67205810546875
-0.0115385055541992 -0.00258827209472656 -0.677490234375 0.0125122070312501
0.0107088088989258 0.0164566040039063 -0.375457763671875 0.360504150390625
0.000602722167968749 0.00901317596435547 0.046142578125 0.340087890625
0.0215435028076172 -0.00907707214355469 0.273712158203125 0.165420532226563
0.0325908660888672 -0.00766181945800781 -0.263580322265625 -0.163131713867188
0.0151824951171875 -0.000505447387695313 -0.0299072265625 -0.355316162109375
0.0204715728759766 0.0156497955322266 0.336822509765625 -0.3521728515625
-0.00661659240722657 0.0260753631591797 0.6522216796875 0.0087890625
-0.0286273956298828 -0.00560188293457031 0.41009521484375 0.6417236328125
0.0127124786376953 -0.0339584350585938 -0.2235107421875 0.86920166015625
0.0186347961425781 0.0120582580566406 -0.5169677734375 0.419158935546875
0.0242748260498047 0.0343074798583984 -0.0133285522460938 0.0572738647460938
0.0174856185913086 0.00537967681884766 0.5767822265625 -0.35186767578125
0.0261058807373047 0.00268936157226563 0.3011474609375 -0.86798095703125
-0.00150704383850098 0.00173401832580566 -0.50567626953125 -0.666259765625
-0.00781488418579102 -0.000264167785644532 -0.67877197265625 0.0216064453125
0.0170173645019531 0.013275146484375 -0.371124267578125 0.365875244140625
0.00826406478881836 0.00279331207275391 0.04730224609375 0.344512939453125
0.0220851898193359 -0.0111083984375 0.274551391601563 0.1695556640625
0.0334892272949219 -0.00976371765136719 -0.262542724609375 -0.164276123046875
0.0203628540039063 -0.00660514831542969 -0.02606201171875 -0.35540771484375
0.0280303955078125 0.0103187561035156 0.342041015625 -0.351898193359375
-0.000377655029296878 0.0297431945800781 0.6566162109375 0.01336669921875
-0.0253772735595703 0.00431442260742188 0.40185546875 0.6475830078125
0.00896835327148438 -0.0260086059570312 -0.2303466796875 0.86444091796875
0.00839138031005859 0.016566276550293 -0.518463134765625 0.414642333984375
0.0130405426025391 0.0324974060058594 -0.00795745849609374 0.0567169189453125
0.00683498382568359 0.00816488265991211 0.573486328125 -0.35650634765625
0.0207157135009766 0.0107021331787109 0.28985595703125 -0.8712158203125
0.000790596008300781 0.013035774230957 -0.5155029296875 -0.65972900390625
-0.000446915626525879 0.0014413595199585 -0.67877197265625 0.0257568359375
0.0242729187011719 0.00940704345703125 -0.36578369140625 0.36798095703125
0.0140752792358398 -0.00192642211914063 0.049163818359375 0.344390869140625
0.0224475860595703 -0.0146408081054688 0.27587890625 0.169158935546875
0.0339317321777344 -0.0114517211914063 -0.262710571289062 -0.169952392578125
0.0272998809814453 -0.0104522705078125 -0.024566650390625 -0.358306884765625
0.0336532592773438 0.00749588012695313 0.347625732421875 -0.348785400390625
0.00394439697265625 0.0314693450927734 0.6588134765625 0.01617431640625
-0.0239086151123047 0.00841331481933593 0.3966064453125 0.651123046875
0.0044708251953125 -0.0189743041992188 -0.23919677734375 0.8609619140625
0.00118827819824219 0.0201454162597656 -0.5152587890625 0.410186767578125
0.00473403930664062 0.0329303741455078 -0.000762939453124999 0.055816650390625
-0.00235748291015625 0.00983047485351563 0.57452392578125 -0.36260986328125
0.0166492462158203 0.0173730850219727 0.27716064453125 -0.8765869140625
0.00393867492675781 0.0198078155517578 -0.52294921875 -0.65716552734375
0.00421309471130371 0.00324010848999023 -0.6749267578125 0.03131103515625
0.030670166015625 0.00481986999511719 -0.3614501953125 0.37017822265625
0.0209064483642578 -0.00763893127441406 0.04962158203125 0.34320068359375
0.0221881866455078 -0.0156021118164063 0.275497436523438 0.167404174804688
0.0267906188964844 -0.00230789184570312 -0.270751953125 -0.178207397460938
0.00372505187988281 0.0122509002685547 -0.047821044921875 -0.3607177734375
0.00778770446777344 0.0281944274902344 0.328338623046875 -0.35986328125
-0.0205497741699219 0.0163631439208984 0.65399169921875 -0.015380859375
-0.0376129150390625 -0.0360260009765625 0.425537109375 0.6209716796875
0.0194549560546875 -0.0695762634277344 -0.189453125 0.85107421875
0.0507926940917969 -0.00650405883789063 -0.482879638671875 0.411163330078125
0.0660171508789063 0.030517578125 0.0140151977539063 0.0495109558105469
0.0490951538085938 -0.00905990600585938 0.59613037109375 -0.36456298828125
0.0358085632324219 -0.0293731689453125 0.31597900390625 -0.873291015625
-0.0114593505859375 -0.0287933349609375 -0.49285888671875 -0.66400146484375
-0.0222244262695313 -0.0083465576171875 -0.6632080078125 0.0175170898437501
0.00363540649414063 0.0198802947998047 -0.356597900390625 0.358856201171875
-0.00423717498779297 0.0166721343994141 0.0479736328125 0.3304443359375
0.0173120498657227 -0.00545406341552734 0.276657104492188 0.139450073242188
0.0287494659423828 -0.00189781188964844 -0.268951416015625 -0.17364501953125
0.00167465209960937 0.0162868499755859 -0.048828125 -0.3577880859375
0.00689697265625 0.0305976867675781 0.321685791015625 -0.36285400390625
-0.0205478668212891 0.0169792175292969 0.64935302734375 -0.0208740234375
-0.0370674133300781 -0.0315475463867187 0.43212890625 0.61383056640625
0.02093505859375 -0.0679206848144531 -0.17889404296875 0.8575439453125
0.0476150512695313 -0.00545883178710938 -0.487457275390625 0.419219970703125
0.0651969909667969 0.0332450866699219 -0.000320434570312493 0.0550804138183594
0.0492210388183594 -0.0074615478515625 0.591552734375 -0.3526611328125
0.0363349914550781 -0.0282859802246094 0.32586669921875 -0.86767578125
-0.0106086730957031 -0.0293331146240234 -0.48455810546875 -0.66961669921875
-0.0258197784423828 -0.00838851928710937 -0.669677734375 0.0117797851562501
0.00132179260253906 0.0206756591796875 -0.362701416015625 0.3558349609375
-0.00746440887451172 0.016632080078125 0.043731689453125 0.332183837890625
0.0179996490478516 -0.00495529174804688 0.275588989257813 0.146270751953125
0.0291233062744141 -0.00209999084472656 -0.265060424804688 -0.164016723632812
0.00371932983398437 0.0136051177978516 -0.04571533203125 -0.35467529296875
0.00690269470214844 0.0286941528320312 0.321990966796875 -0.3592529296875
-0.01873779296875 0.0199680328369141 0.6474609375 -0.01690673828125
-0.03662109375 -0.028106689453125 0.42877197265625 0.6177978515625
0.0201263427734375 -0.0633277893066406 -0.18328857421875 0.8629150390625
0.0450706481933594 -0.00262451171875 -0.493133544921875 0.42657470703125
0.0580902099609375 0.0341911315917969 -0.0096435546875 0.0571365356445313
0.0473670959472656 -0.00461196899414063 0.58734130859375 -0.34869384765625
0.0378341674804687 -0.0223159790039062 0.3280029296875 -0.86572265625
-0.00866508483886719 -0.0251312255859375 -0.48486328125 -0.6712646484375
-0.0212364196777344 -0.00734710693359375 -0.6705322265625 0.0108032226562499
0.00221633911132813 0.0214443206787109 -0.369232177734375 0.35552978515625
-0.00753593444824219 0.0164089202880859 0.045806884765625 0.332855224609375
0.0193367004394531 -0.00433921813964844 0.274612426757813 0.150283813476563
0.0331230163574219 -0.00387001037597656 -0.263351440429688 -0.16070556640625
0.00587177276611328 0.010289192199707 -0.043426513671875 -0.352569580078125
0.0104961395263672 0.0258808135986328 0.3238525390625 -0.35784912109375
-0.0169296264648437 0.0216064453125 0.64794921875 -0.0086669921875
-0.0341110229492187 -0.0218467712402344 0.4215087890625 0.6259765625
0.0187339782714844 -0.0544166564941406 -0.19677734375 0.86663818359375
0.0383682250976563 0.0023651123046875 -0.5023193359375 0.42620849609375
0.0488471984863281 0.034698486328125 -0.0132522583007812 0.0566482543945313
0.0368232727050781 -0.000637054443359375 0.5797119140625 -0.3514404296875
0.0357666015625 -0.0151824951171875 0.31439208984375 -0.86492919921875
-0.00678253173828125 -0.0168056488037109 -0.49267578125 -0.66729736328125
-0.0186996459960937 -0.003509521484375 -0.67266845703125 0.01727294921875
0.00626373291015625 0.0188236236572266 -0.36767578125 0.3594970703125
-0.00295066833496094 0.0147209167480469 0.047882080078125 0.336669921875
0.0203762054443359 -0.00674057006835938 0.275238037109375 0.1573486328125
0.0309867858886719 -0.00558280944824219 -0.265213012695313 -0.159072875976563
0.00941276550292969 0.00381088256835938 -0.037109375 -0.35101318359375
0.0154953002929688 0.0208320617675781 0.326568603515625 -0.352996826171875
-0.0117378234863281 0.02386474609375 0.64892578125 -0.0048828125
-0.0316429138183594 -0.0124874114990234 0.4161376953125 0.6298828125
0.015289306640625 -0.0442008972167969 -0.20489501953125 0.86566162109375
0.0283451080322266 0.00749969482421875 -0.5076904296875 0.423828125
0.0373191833496094 0.0334701538085938 -0.0141792297363281 0.0580291748046875
0.0278186798095703 0.00233078002929688 0.57281494140625 -0.35296630859375
0.0307102203369141 -0.00634002685546875 0.30419921875 -0.865234375
-0.00492143630981445 -0.00687122344970703 -0.5010986328125 -0.6624755859375
-0.0117778778076172 -0.00159168243408203 -0.6748046875 0.02288818359375
0.0112781524658203 0.0167255401611328 -0.36798095703125 0.36309814453125
0.000755786895751953 0.0087289810180664 0.049346923828125 0.340057373046875
0.0211181640625 -0.00826644897460938 0.275436401367188 0.160110473632813
0.0339221954345703 -0.00834274291992188 -0.26385498046875 -0.159439086914062
0.0145711898803711 1.33514404296875E-05 -0.03509521484375 -0.3515625
0.0194187164306641 0.0156936645507813 0.328765869140625 -0.352874755859375
-0.00559616088867188 0.0266170501708984 0.65118408203125 0.000793457031250002
-0.0273075103759766 -0.00370216369628907 0.41192626953125 0.63592529296875
0.0130844116210938 -0.0351104736328125 -0.21258544921875 0.865966796875
0.0188770294189453 0.0131778717041016 -0.5120849609375 0.422698974609375
0.0264453887939453 0.0339241027832031 -0.0134811401367188 0.0576553344726563
0.0165500640869141 0.00783538818359375 0.5687255859375 -0.35443115234375
0.0256290435791016 0.00324821472167969 0.29229736328125 -0.8663330078125
-0.000745415687561035 0.00209009647369385 -0.5098876953125 -0.65478515625
-0.00755023956298828 -0.00026416778564453 -0.67529296875 0.0295410156249999
0.0176506042480469 0.0145473480224609 -0.36285400390625 0.368621826171875
0.00658798217773438 0.0028996467590332 0.0521240234375 0.341766357421875
0.0206661224365234 -0.0124950408935547 0.276962280273438 0.165206909179688
0.0346031188964844 -0.0114727020263672 -0.264190673828125 -0.159255981445313
0.0219669342041016 -0.00636672973632813 -0.032989501953125 -0.35357666015625
0.0264301300048828 0.0109577178955078 0.33538818359375 -0.35211181640625
-0.000980377197265624 0.0291213989257812 0.654052734375 0.00469970703125
-0.0259227752685547 0.00260162353515625 0.406982421875 0.6390380859375
0.00889778137207031 -0.0263633728027344 -0.219482421875 0.86187744140625
0.00945377349853516 0.017216682434082 -0.511383056640625 0.418426513671875
0.0133075714111328 0.0344429016113281 -0.00837326049804688 0.0572700500488281
0.00645160675048828 0.0112934112548828 0.5645751953125 -0.3590087890625
0.0226097106933594 0.0116062164306641 0.27734375 -0.87060546875
0.00202846527099609 0.0110635757446289 -0.51934814453125 -0.64971923828125
-0.00244665145874023 0.00169587135314941 -0.67364501953125 0.0341186523437499
0.0242042541503906 0.00878334045410156 -0.360015869140625 0.370513916015625
0.0140790939331055 -0.002410888671875 0.051544189453125 0.34234619140625
0.0205116271972656 -0.01507568359375 0.276901245117188 0.163604736328125
0.0318622589111328 -0.0121307373046875 -0.26287841796875 -0.16455078125
0.0268840789794922 -0.0115871429443359 -0.029327392578125 -0.35467529296875
0.0333042144775391 0.00724411010742188 0.34051513671875 -0.351470947265625
0.00441741943359375 0.0317001342773438 0.653564453125 0.0072021484375
-0.0251102447509766 0.0100479125976562 0.40179443359375 0.641357421875
0.00541877746582031 -0.0198764801025391 -0.2265625 0.85882568359375
0.00231552124023437 0.0207538604736328 -0.507720947265625 0.4124755859375
0.00459861755371094 0.0329303741455078 -8.39233398437474E-05 0.0557022094726563
-0.00211906433105469 0.010737419128418 0.5670166015625 -0.367431640625
0.0168676376342773 0.0169496536254883 0.26800537109375 -0.87335205078125
0.003448486328125 0.0183582305908203 -0.52789306640625 -0.643798828125
0.00292730331420898 0.0017707347869873 -0.66876220703125 0.0390014648437499
0.0295028686523438 0.00372314453125 -0.3541259765625 0.373748779296875
0.0205116271972656 -0.00843238830566406 0.053497314453125 0.340240478515625
0.0207614898681641 -0.0162982940673828 0.276824951171875 0.16156005859375
0.0266876220703125 -0.00334358215332031 -0.270278930664063 -0.176193237304688
0.00267791748046875 0.0144014358520508 -0.053192138671875 -0.358306884765625
0.00864601135253906 0.0265960693359375 0.321014404296875 -0.360931396484375
-0.0195789337158203 0.0154685974121094 0.65057373046875 -0.0230712890625
-0.0369415283203125 -0.0327491760253906 0.4287109375 0.61273193359375
0.0182952880859375 -0.07025146484375 -0.17633056640625 0.8486328125
0.0516357421875 -0.00710678100585938 -0.4752197265625 0.413330078125
0.0673179626464844 0.0310173034667969 0.0143623352050781 0.0514030456542969
0.0501899719238281 -0.0094757080078125 0.59130859375 -0.36700439453125
0.0363883972167969 -0.0296134948730469 0.3082275390625 -0.8697509765625
-0.0123558044433594 -0.0279979705810547 -0.49786376953125 -0.65325927734375
-0.0232315063476562 -0.00972557067871094 -0.6597900390625 0.02471923828125
0.00404548645019531 0.0179252624511719 -0.3477783203125 0.36041259765625
-0.00464916229248047 0.015437126159668 0.04962158203125 0.32696533203125
0.0166969299316406 -0.00573539733886719 0.275772094726563 0.135665893554688
0.0291557312011719 -0.00185203552246094 -0.270126342773438 -0.167495727539063
0.00158596038818359 0.0160026550292969 -0.054168701171875 -0.354522705078125
0.00694656372070313 0.0289478302001953 0.315399169921875 -0.360321044921875
-0.0196800231933594 0.0172405242919922 0.64453125 -0.02734375
-0.0385169982910156 -0.0317878723144531 0.4332275390625 0.60699462890625
0.0193367004394531 -0.0679359436035156 -0.17059326171875 0.8536376953125
0.0474967956542969 -0.00798416137695313 -0.481231689453125 0.421783447265625
0.0649070739746094 0.0323715209960937 0.00115966796875001 0.0534896850585938
0.0482177734375 -0.00709915161132813 0.58477783203125 -0.356689453125
0.0372848510742188 -0.0279808044433594 0.3150634765625 -0.8626708984375
-0.0122947692871094 -0.0287227630615234 -0.48797607421875 -0.6611328125
-0.0228958129882813 -0.00751876831054687 -0.66064453125 0.0180053710937499
0.00210952758789063 0.0206394195556641 -0.356414794921875 0.356109619140625
-0.00634193420410156 0.0167932510375977 0.047821044921875 0.3306884765625
0.0179195404052734 -0.00446891784667969 0.276519775390625 0.14080810546875
0.029083251953125 -0.00212669372558594 -0.26776123046875 -0.161300659179688
0.00225353240966797 0.0140562057495117 -0.0521240234375 -0.353515625
0.00660133361816406 0.0282649993896484 0.31439208984375 -0.3587646484375
-0.0181427001953125 0.0192775726318359 0.6419677734375 -0.02532958984375
-0.0382766723632813 -0.0278472900390625 0.43084716796875 0.6112060546875
0.0187873840332031 -0.0621566772460938 -0.17327880859375 0.86053466796875
0.0430374145507813 -0.00159835815429688 -0.48724365234375 0.427398681640625
0.0570564270019531 0.0338096618652344 -0.00931930541992188 0.0566978454589844
0.0456924438476563 -0.00347518920898438 0.579833984375 -0.354248046875
0.0370063781738281 -0.0223541259765625 0.31683349609375 -0.86151123046875
-0.0101776123046875 -0.0248260498046875 -0.48583984375 -0.662109375
-0.0225486755371094 -0.00721168518066406 -0.66571044921875 0.01751708984375
0.00259971618652344 0.0210075378417969 -0.36065673828125 0.355926513671875
-0.00603771209716797 0.0171947479248047 0.048583984375 0.329986572265625
0.0195198059082031 -0.00543403625488281 0.274566650390625 0.14703369140625
0.030029296875 -0.00441741943359375 -0.2657470703125 -0.155838012695313
0.00432491302490234 0.0108461380004883 -0.04736328125 -0.3487548828125
0.011138916015625 0.024749755859375 0.31573486328125 -0.356292724609375
-0.0163669586181641 0.0211734771728516 0.64300537109375 -0.01593017578125
-0.0348834991455078 -0.0211372375488281 0.42437744140625 0.6185302734375
0.0174522399902344 -0.0536231994628906 -0.18341064453125 0.8614501953125
0.0373420715332031 0.00324249267578125 -0.495819091796875 0.428436279296875
0.0478973388671875 0.0343475341796875 -0.0131378173828125 0.0565681457519531
0.0368766784667969 -0.00051116943359375 0.57147216796875 -0.353515625
0.0353546142578125 -0.0151710510253906 0.3065185546875 -0.8623046875
-0.00618839263916016 -0.0175628662109375 -0.49462890625 -0.6583251953125
-0.0187244415283203 -0.00427055358886718 -0.66815185546875 0.0238037109375001
0.00597381591796875 0.0190582275390625 -0.359710693359375 0.361236572265625
-0.00296401977539062 0.0139751434326172 0.05096435546875 0.33233642578125
0.019500732421875 -0.00703048706054688 0.27606201171875 0.15191650390625
0.0323028564453125 -0.00614166259765625 -0.264266967773438 -0.152603149414063
0.0108308792114258 0.00504493713378906 -0.041534423828125 -0.34771728515625
0.0147686004638672 0.0214729309082031 0.318511962890625 -0.353729248046875
-0.0111675262451172 0.0245494842529297 0.6422119140625 -0.0106201171875
-0.0308799743652344 -0.0130405426025391 0.42010498046875 0.62310791015625
0.0158233642578125 -0.0452079772949219 -0.1951904296875 0.86376953125
0.0286445617675781 0.00893402099609375 -0.500396728515625 0.426727294921875
0.0368576049804687 0.0338706970214844 -0.0157012939453125 0.0585594177246094
0.0276718139648438 0.00454902648925781 0.5662841796875 -0.35491943359375
0.0310802459716797 -0.00759506225585938 0.2955322265625 -0.86456298828125
-0.00451898574829102 -0.00742721557617187 -0.5037841796875 -0.651123046875
-0.0128583908081055 -0.00205039978027344 -0.670166015625 0.0294189453125001
0.0102443695068359 0.0163812637329102 -0.3599853515625 0.36602783203125
0.00167655944824219 0.0102605819702148 0.0546875 0.33642578125
0.0202198028564453 -0.00987625122070312 0.27435302734375 0.157333374023438
0.0320701599121094 -0.00879669189453125 -0.263809204101563 -0.154754638671875
0.0142345428466797 -0.000662803649902344 -0.040985107421875 -0.3477783203125
0.0210819244384766 0.0153789520263672 0.323699951171875 -0.352935791015625
-0.00612258911132812 0.0259609222412109 0.64501953125 -0.004638671875
-0.0280532836914062 -0.00465774536132813 0.41571044921875 0.62762451171875
0.0121307373046875 -0.0363807678222656 -0.203857421875 0.8612060546875
0.0190620422363281 0.0133571624755859 -0.503570556640625 0.42315673828125
0.0240573883056641 0.0336208343505859 -0.0135116577148438 0.05767822265625
0.0162773132324219 0.00699234008789063 0.5606689453125 -0.358856201171875
0.0266914367675781 0.0027313232421875 0.28155517578125 -0.86151123046875
-0.000780582427978516 0.0032804012298584 -0.513671875 -0.64617919921875
-0.00780582427978516 -0.000354290008544921 -0.67083740234375 0.0366210937499999
0.0172023773193359 0.0126857757568359 -0.3555908203125 0.368682861328125
0.00823688507080078 0.00435876846313477 0.054901123046875 0.339996337890625
0.0188255310058594 -0.0135746002197266 0.27642822265625 0.159515380859375
0.0328369140625 -0.0106945037841797 -0.264572143554688 -0.156326293945312
0.0208892822265625 -0.00697517395019531 -0.035614013671875 -0.348876953125
0.0277137756347656 0.01031494140625 0.327423095703125 -0.352325439453125
-0.000518798828125003 0.0296573638916016 0.646240234375 -0.000671386718749998
-0.02642822265625 0.00390434265136718 0.409912109375 0.63177490234375
0.00881767272949219 -0.0267410278320313 -0.2103271484375 0.85980224609375
0.00919342041015625 0.0171947479248047 -0.503204345703125 0.420135498046875
0.0146255493164063 0.0336761474609375 -0.00820541381835938 0.0570869445800781
0.00676918029785156 0.010493278503418 0.559478759765625 -0.36309814453125
0.0216293334960938 0.0110416412353516 0.268310546875 -0.865478515625
0.0023345947265625 0.0116996765136719 -0.52252197265625 -0.63909912109375
-0.00153601169586182 0.00163483619689941 -0.6695556640625 0.04376220703125
0.0245304107666016 0.00824737548828125 -0.351409912109375 0.373199462890625
0.0152597427368164 -0.00219535827636719 0.05718994140625 0.33929443359375
0.0209484100341797 -0.0159378051757813 0.27655029296875 0.160247802734375
0.0335826873779297 -0.0128402709960937 -0.265228271484375 -0.160491943359375
0.0250968933105469 -0.0117835998535156 -0.035186767578125 -0.349853515625
0.0331459045410156 0.0056915283203125 0.33282470703125 -0.352813720703125
0.003997802734375 0.0311546325683594 0.6494140625 0.00335693359375
-0.0244979858398438 0.0110626220703125 0.40435791015625 0.6358642578125
0.00528717041015625 -0.0205059051513672 -0.21478271484375 0.856201171875
0.00273704528808594 0.0195465087890625 -0.5018310546875 0.415313720703125
0.00550460815429687 0.0334510803222656 -0.000900268554687494 0.0544242858886719
-0.00115394592285156 0.0125141143798828 0.5589599609375 -0.367462158203125
0.0174236297607422 0.0176353454589844 0.25714111328125 -0.86981201171875
0.00358009338378906 0.0181522369384766 -0.53021240234375 -0.63519287109375
0.00352811813354492 0.00359630584716797 -0.66522216796875 0.0455932617187499
0.0303821563720703 0.00359916687011719 -0.346710205078125 0.375274658203125
0.0203800201416016 -0.00809478759765625 0.05755615234375 0.33929443359375
0.0200614929199219 -0.0157337188720703 0.276596069335937 0.158157348632813
0.0273971557617188 -0.00301361083984375 -0.271209716796875 -0.170150756835938
0.00413990020751953 0.0133113861083984 -0.05615234375 -0.35400390625
0.00945854187011719 0.0263023376464844 0.31524658203125 -0.359710693359375
-0.0192928314208984 0.0163345336914063 0.6439208984375 -0.02630615234375
-0.0381851196289063 -0.0322761535644531 0.431396484375 0.60528564453125
0.0182456970214844 -0.0697669982910156 -0.16845703125 0.8446044921875
0.0492095947265625 -0.00678634643554688 -0.471343994140625 0.41412353515625
0.0666122436523438 0.0315399169921875 0.0144577026367188 0.0503044128417969
0.0495567321777344 -0.00867843627929688 0.58270263671875 -0.36883544921875
0.0359001159667969 -0.0302467346191406 0.29925537109375 -0.8658447265625
-0.0122947692871094 -0.0286140441894531 -0.4976806640625 -0.64422607421875
-0.0228271484375 -0.00757789611816406 -0.65411376953125 0.03173828125
0.00447654724121093 0.0187664031982422 -0.3424072265625 0.360992431640625
-0.00358295440673828 0.0158100128173828 0.052276611328125 0.32464599609375
0.0163002014160156 -0.00542736053466797 0.2760009765625 0.130874633789063
0.0268898010253906 -0.00281143188476563 -0.2685546875 -0.164077758789063
0.00240325927734375 0.0156307220458984 -0.05670166015625 -0.349273681640625
0.00640487670898438 0.0281982421875 0.30865478515625 -0.36041259765625
-0.0194873809814453 0.0180778503417969 0.63848876953125 -0.0311279296875
-0.0386810302734375 -0.0314064025878906 0.4346923828125 0.5994873046875
0.0188369750976563 -0.0688133239746094 -0.16363525390625 0.8485107421875
0.0482711791992187 -0.005767822265625 -0.474151611328125 0.4227294921875
0.0642013549804688 0.0332832336425781 -0.000198364257812498 0.0539817810058594
0.0507469177246094 -0.0063934326171875 0.5775146484375 -0.359375
0.0373268127441406 -0.0279769897460938 0.30902099609375 -0.85980224609375
-0.011627197265625 -0.0287322998046875 -0.48858642578125 -0.649658203125
-0.0242633819580078 -0.007293701171875 -0.65716552734375 0.02520751953125
0.00248336791992188 0.0203895568847656 -0.349273681640625 0.357513427734375
-0.00646591186523438 0.016901969909668 0.050750732421875 0.32598876953125
0.0164566040039063 -0.00480270385742188 0.27532958984375 0.13739013671875
0.0279273986816406 -0.00198554992675781 -0.2666015625 -0.155715942382813
0.00247955322265625 0.014042854309082 -0.054168701171875 -0.347076416015625
0.00747489929199219 0.0277519226074219 0.30718994140625 -0.35772705078125
-0.0185508728027344 0.0190677642822266 0.635009765625 -0.029052734375
-0.0366325378417969 -0.0270195007324219 0.43280029296875 0.60296630859375
0.0179595947265625 -0.063201904296875 -0.16558837890625 0.85406494140625
0.0442695617675781 -0.00182342529296875 -0.481414794921875 0.42791748046875
0.0569305419921875 0.0326499938964844 -0.00833511352539063 0.0563011169433594
0.0442771911621094 -0.00324249267578125 0.572021484375 -0.35333251953125
0.0374259948730469 -0.0224113464355469 0.3092041015625 -0.85888671875
-0.0105037689208984 -0.0231685638427734 -0.48956298828125 -0.6541748046875
-0.023345947265625 -0.007415771484375 -0.66107177734375 0.0231323242187499
0.00317192077636719 0.0201587677001953 -0.354034423828125 0.35845947265625
-0.00545310974121094 0.0177249908447266 0.05126953125 0.32757568359375
0.0171966552734375 -0.00506210327148438 0.2744140625 0.143447875976562
0.0303554534912109 -0.00406074523925781 -0.26617431640625 -0.151611328125
0.00592899322509766 0.0104045867919922 -0.05029296875 -0.3453369140625
0.0103168487548828 0.0254249572753906 0.309326171875 -0.3548583984375
-0.0151443481445313 0.0225601196289062 0.63604736328125 -0.0220947265625
-0.0341091156005859 -0.0205554962158203 0.4256591796875 0.61016845703125
0.0170669555664063 -0.0551948547363281 -0.17633056640625 0.85675048828125
0.035797119140625 0.00275039672851563 -0.489410400390625 0.42919921875
0.0483055114746094 0.0337905883789062 -0.0115432739257813 0.0571670532226563
0.03680419921875 0.00136184692382812 0.5643310546875 -0.3551025390625
0.0350742340087891 -0.0160446166992188 0.29742431640625 -0.857666015625
-0.00676059722900391 -0.0167093276977539 -0.4969482421875 -0.6480712890625
-0.0189361572265625 -0.0039215087890625 -0.662353515625 0.0311889648437499
0.00576210021972656 0.0186595916748047 -0.35382080078125 0.36285400390625
-0.00297641754150391 0.0135316848754883 0.054901123046875 0.3302001953125
0.0182418823242187 -0.00733184814453125 0.273880004882813 0.148941040039063
0.030914306640625 -0.00608634948730469 -0.26470947265625 -0.149032592773437
0.00916290283203125 0.00482654571533203 -0.046051025390625 -0.34405517578125
0.0145893096923828 0.0209827423095703 0.31365966796875 -0.35272216796875
-0.0111122131347656 0.025238037109375 0.6373291015625 -0.01495361328125
-0.0316181182861328 -0.0127944946289062 0.41998291015625 0.6148681640625
0.0150260925292969 -0.0458412170410156 -0.18585205078125 0.8585205078125
0.0272445678710938 0.0076904296875 -0.49566650390625 0.428192138671875
0.037353515625 0.0351753234863281 -0.0146865844726562 0.0573844909667969
0.0279083251953125 0.00409889221191406 0.558929443359375 -0.356048583984375
0.0310649871826172 -0.00653457641601562 0.2880859375 -0.8599853515625
-0.004364013671875 -0.0075063705444336 -0.50555419921875 -0.64312744140625
-0.0136604309082031 -0.00177478790283203 -0.6651611328125 0.035888671875
0.010894775390625 0.0165348052978516 -0.352752685546875 0.366607666015625
0.00208377838134766 0.0096282958984375 0.05657958984375 0.333587646484375
0.0202465057373047 -0.0103588104248047 0.275360107421875 0.153213500976563
0.0322132110595703 -0.00793075561523438 -0.264358520507812 -0.148330688476563
0.0137691497802734 -0.000664710998535156 -0.044036865234375 -0.343719482421875
0.021209716796875 0.0160446166992188 0.315673828125 -0.352203369140625
-0.00658035278320312 0.0274257659912109 0.6383056640625 -0.01043701171875
-0.028961181640625 -0.00277900695800782 0.41845703125 0.6177978515625
0.0123748779296875 -0.0367622375488281 -0.194091796875 0.8563232421875
0.019073486328125 0.0133132934570313 -0.498321533203125 0.426177978515625
0.0248966217041016 0.0348758697509766 -0.0138740539550781 0.057281494140625
0.0176868438720703 0.00821304321289063 0.554351806640625 -0.359375
0.0269927978515625 0.00288772583007812 0.2757568359375 -0.85955810546875
-0.000841140747070313 0.00266194343566895 -0.516357421875 -0.6358642578125
-0.00760602951049805 0.000823497772216796 -0.6646728515625 0.0415039062500001
0.0179176330566406 0.0120697021484375 -0.3499755859375 0.370880126953125
0.00824928283691406 0.00432968139648438 0.057403564453125 0.336456298828125
0.020172119140625 -0.0130577087402344 0.276626586914063 0.156295776367188
0.0329494476318359 -0.0108451843261719 -0.264678955078125 -0.15155029296875
0.0201282501220703 -0.00603103637695312 -0.0406494140625 -0.34527587890625
0.0276603698730469 0.010009765625 0.3214111328125 -0.35107421875
-0.00102806091308594 0.0305023193359375 0.640625 -0.0057373046875
-0.025360107421875 0.005340576171875 0.41058349609375 0.625244140625
0.00818634033203125 -0.0274448394775391 -0.20111083984375 0.8565673828125
0.00977516174316406 0.0166215896606445 -0.498504638671875 0.419952392578125
0.0143051147460938 0.0340709686279297 -0.0084075927734375 0.0561676025390625
0.00691127777099609 0.0108232498168945 0.552947998046875 -0.3638916015625
0.0225086212158203 0.0105152130126953 0.26153564453125 -0.8612060546875
0.0021657943725586 0.011012077331543 -0.52398681640625 -0.63055419921875
-0.00183391571044922 0.00230598449707031 -0.66339111328125 0.04840087890625
0.0237140655517578 0.00787162780761719 -0.34503173828125 0.3731689453125
0.0144262313842773 -0.00161266326904297 0.05877685546875 0.337158203125
0.0197486877441406 -0.0150394439697266 0.276275634765625 0.156204223632812
0.03240966796875 -0.0120105743408203 -0.264068603515625 -0.156173706054687
0.02459716796875 -0.0114173889160156 -0.037506103515625 -0.347747802734375
0.0325412750244141 0.00618934631347656 0.325225830078125 -0.3504638671875
0.00457191467285157 0.0316257476806641 0.64263916015625 -0.000549316406249998
-0.0243072509765625 0.0113468170166016 0.40631103515625 0.62835693359375
0.00502586364746094 -0.0207176208496094 -0.2069091796875 0.85235595703125
0.0019378662109375 0.020751953125 -0.49627685546875 0.41546630859375
0.00670242309570312 0.0338344573974609 -0.000446319580078123 0.0548439025878906
-0.00154876708984375 0.0136299133300781 0.55322265625 -0.370452880859375
0.0176410675048828 0.0165081024169922 0.24908447265625 -0.864013671875
0.00399208068847656 0.0179996490478516 -0.53240966796875 -0.62628173828125
0.00300359725952148 0.00262308120727539 -0.65972900390625 0.0515747070312501
0.0298728942871094 0.00435256958007813 -0.337860107421875 0.375274658203125
0.0211048126220703 -0.00782966613769531 0.06060791015625 0.336029052734375
0.0191097259521484 -0.016754150390625 0.27716064453125 0.153839111328125
0.0263347625732422 -0.00304031372070313 -0.27044677734375 -0.166656494140625
0.00228595733642578 0.0136537551879883 -0.059814453125 -0.350250244140625
0.00876235961914063 0.0264015197753906 0.30889892578125 -0.359039306640625
-0.0182476043701172 0.0177803039550781 0.6373291015625 -0.03131103515625
-0.0381851196289062 -0.0314750671386719 0.4310302734375 0.59942626953125
0.0177536010742187 -0.0703887939453125 -0.16351318359375 0.83782958984375
0.0492362976074219 -0.00709152221679688 -0.464874267578125 0.4136962890625
0.0663566589355469 0.0304222106933594 0.0134849548339844 0.0493392944335938
0.0489921569824219 -0.00802993774414063 0.576171875 -0.36749267578125
0.0356636047363281 -0.0295066833496094 0.29150390625 -0.8599853515625
-0.0113601684570313 -0.0274658203125 -0.49786376953125 -0.6353759765625
-0.0221633911132813 -0.00578117370605468 -0.6475830078125 0.0354003906250001
0.00518226623535156 0.0183773040771484 -0.335418701171875 0.359405517578125
-0.00202369689941406 0.0157651901245117 0.05401611328125 0.322235107421875
0.0155477523803711 -0.00603485107421875 0.274490356445312 0.12847900390625
0.0271167755126953 -0.00380325317382813 -0.26849365234375 -0.159988403320313
0.00170707702636719 0.0158901214599609 -0.05926513671875 -0.3465576171875
0.00667381286621093 0.0280418395996094 0.3028564453125 -0.35894775390625
-0.0199508666992187 0.0184669494628906 0.632080078125 -0.03436279296875
-0.038482666015625 -0.0299568176269531 0.4346923828125 0.59197998046875
0.0180091857910156 -0.0684547424316406 -0.157470703125 0.84222412109375
0.0481147766113281 -0.00560379028320313 -0.469573974609375 0.420074462890625
0.0652999877929688 0.0310554504394531 -0.000503540039062499 0.0530853271484375
0.0498085021972656 -0.0060577392578125 0.570068359375 -0.35882568359375
0.0384178161621094 -0.0287551879882813 0.3001708984375 -0.85540771484375
-0.0109767913818359 -0.028594970703125 -0.4884033203125 -0.64141845703125
-0.0236358642578125 -0.0072021484375 -0.65167236328125 0.0288085937499999
0.00211143493652344 0.019989013671875 -0.3433837890625 0.35760498046875
-0.00647735595703125 0.0171756744384766 0.05322265625 0.3238525390625
0.0158319473266602 -0.00477886199951172 0.273910522460937 0.134689331054687
0.028167724609375 -0.00226020812988281 -0.265853881835938 -0.152923583984375
0.0016326904296875 0.0141925811767578 -0.057586669921875 -0.34283447265625
0.00745201110839844 0.0268344879150391 0.301910400390625 -0.35638427734375
-0.0185832977294922 0.0213737487792969 0.630126953125 -0.0306396484375
-0.0373725891113281 -0.0259628295898437 0.4329833984375 0.5970458984375
0.0190353393554687 -0.0621986389160156 -0.1591796875 0.84820556640625
0.043792724609375 -0.00106048583984375 -0.475555419921875 0.42706298828125
0.0589218139648437 0.0341300964355469 -0.0088348388671875 0.0563087463378906
0.0450325012207031 -0.00265884399414062 0.56512451171875 -0.3544921875
0.0371208190917969 -0.0232429504394531 0.30389404296875 -0.85321044921875
-0.00990486145019531 -0.0232124328613281 -0.48919677734375 -0.6475830078125
-0.0234508514404297 -0.00612640380859375 -0.65509033203125 0.0277099609375001
0.00238037109375 0.0199146270751953 -0.348419189453125 0.35845947265625
-0.00510215759277344 0.017237663269043 0.053436279296875 0.325714111328125
0.0168819427490234 -0.00506019592285156 0.2738037109375 0.139984130859375
0.0295066833496094 -0.00500297546386719 -0.265213012695313 -0.147659301757813
0.00541114807128906 0.0106058120727539 -0.0540771484375 -0.34063720703125
0.00964927673339844 0.0250873565673828 0.303009033203125 -0.352813720703125
-0.0145835876464844 0.0228519439697266 0.63104248046875 -0.02484130859375
-0.0340938568115234 -0.0193214416503906 0.42730712890625 0.60247802734375
0.0180625915527344 -0.0542945861816406 -0.1697998046875 0.85107421875
0.0359115600585937 0.00329971313476562 -0.48370361328125 0.428375244140625
0.0474510192871094 0.0343246459960937 -0.013336181640625 0.0564041137695313
0.0374336242675781 0.00106048583984375 0.557861328125 -0.356170654296875
0.0342769622802734 -0.0160026550292969 0.29150390625 -0.8519287109375
-0.00698566436767578 -0.0167179107666016 -0.4971923828125 -0.639892578125
-0.0199871063232422 -0.00388336181640625 -0.6563720703125 0.0344238281249999
0.00531196594238281 0.0185585021972656 -0.3482666015625 0.363311767578125
-0.00204277038574219 0.0149955749511719 0.05615234375 0.327972412109375
0.01873779296875 -0.00854873657226563 0.274429321289063 0.147140502929688
0.0291042327880859 -0.0058746337890625 -0.26348876953125 -0.14520263671875
0.00966835021972656 0.00599479675292969 -0.04925537109375 -0.339385986328125
0.0148296356201172 0.0206356048583984 0.3062744140625 -0.351593017578125
-0.0103511810302734 0.0262966156005859 0.6298828125 -0.01708984375
-0.0316600799560547 -0.0109176635742188 0.4210205078125 0.61029052734375
0.0150833129882812 -0.0456657409667969 -0.18011474609375 0.85406494140625
0.0280971527099609 0.00892066955566406 -0.48931884765625 0.427581787109375
0.0355758666992188 0.03466796875 -0.0151939392089844 0.0571632385253906
0.0276718139648438 0.00544357299804688 0.55126953125 -0.355743408203125
0.03167724609375 -0.00688934326171875 0.28131103515625 -0.85345458984375
-0.00416469573974609 -0.0078582763671875 -0.50592041015625 -0.6341552734375
-0.0146398544311523 -0.00201225280761719 -0.65863037109375 0.0409545898437499
0.0124063491821289 0.014887809753418 -0.34661865234375 0.367095947265625
0.0027780532836914 0.00921726226806641 0.05731201171875 0.33062744140625
0.0184650421142578 -0.00973892211914063 0.273880004882813 0.149948120117188
0.0313262939453125 -0.00905990600585938 -0.264266967773437 -0.145339965820313
0.0132875442504883 6.96182250976563E-05 -0.0462646484375 -0.3414306640625
0.0214118957519531 0.01605224609375 0.3095703125 -0.351470947265625
-0.00509452819824219 0.0287895202636719 0.63177490234375 -0.01373291015625
-0.0276699066162109 -0.00214004516601562 0.41680908203125 0.61474609375
0.0111122131347656 -0.0364418029785156 -0.18597412109375 0.8502197265625
0.0184478759765625 0.0133705139160156 -0.4925537109375 0.42352294921875
0.0264911651611328 0.0348796844482422 -0.0139923095703125 0.0585594177246094
0.0177402496337891 0.00853347778320313 0.54827880859375 -0.357391357421875
0.0277633666992188 0.00191116333007813 0.26739501953125 -0.85430908203125
-0.00034785270690918 0.00220012664794922 -0.51495361328125 -0.62744140625
-0.00785589218139648 0.000228404998779296 -0.65899658203125 0.0472412109375001
0.017268180847168 0.0118646621704102 -0.343505859375 0.36993408203125
0.00890541076660156 0.00331974029541016 0.059906005859375 0.333648681640625
0.0183563232421875 -0.0127277374267578 0.274932861328125 0.153594970703125
0.0321331024169922 -0.0109500885009766 -0.263931274414063 -0.146896362304688
0.0194320678710938 -0.00607109069824219 -0.04315185546875 -0.341064453125
0.0268764495849609 0.0107917785644531 0.31494140625 -0.350677490234375
0.000947952270507811 0.0298786163330078 0.63458251953125 -0.0076904296875
-0.0254898071289063 0.00475120544433594 0.41180419921875 0.6195068359375
0.0089263916015625 -0.0283260345458984 -0.1932373046875 0.8497314453125
0.0105190277099609 0.0175371170043945 -0.492919921875 0.420684814453125
0.0161399841308594 0.0347347259521484 -0.00892257690429688 0.0556716918945312
0.00728321075439453 0.0118417739868164 0.545013427734375 -0.36358642578125
0.0229606628417969 0.0104389190673828 0.2552490234375 -0.85614013671875
0.00235176086425781 0.0114994049072266 -0.52294921875 -0.62255859375
-0.00197863578796387 0.00239896774291992 -0.65789794921875 0.0532836914062501
0.0237026214599609 0.00719642639160156 -0.33837890625 0.3739013671875
0.014984130859375 -0.00234222412109375 0.060394287109375 0.33441162109375
0.0196037292480469 -0.0156230926513672 0.277069091796875 0.153594970703125
0.0317153930664063 -0.0131378173828125 -0.263031005859375 -0.1527099609375
0.0252857208251953 -0.0112686157226563 -0.04132080078125 -0.34429931640625
0.0313072204589844 0.0062408447265625 0.321197509765625 -0.350006103515625
0.00497055053710937 0.0325603485107422 0.63763427734375 -0.00537109375
-0.0235824584960938 0.0111064910888672 0.4058837890625 0.62066650390625
0.00485801696777344 -0.0207271575927734 -0.2020263671875 0.84637451171875
0.00243949890136719 0.0200843811035156 -0.489959716796875 0.414306640625
0.00574874877929687 0.0348701477050781 -0.00164794921875 0.05401611328125
-0.00201034545898438 0.0143642425537109 0.546112060546875 -0.369598388671875
0.01824951171875 0.016937255859375 0.24566650390625 -0.85833740234375
0.00485610961914062 0.0177211761474609 -0.52960205078125 -0.61761474609375
0.00252842903137207 0.00381278991699219 -0.65325927734375 0.0570068359375
0.0299167633056641 0.00381851196289062 -0.33270263671875 0.375579833984375
0.0209808349609375 -0.00753402709960937 0.0615234375 0.334503173828125
0.0184001922607422 -0.0170650482177734 0.275970458984375 0.15142822265625
0.0257568359375 -0.00237464904785156 -0.269989013671875 -0.162582397460937
0.00304889678955078 0.0147504806518555 -0.061737060546875 -0.346771240234375
0.00889396667480469 0.0264415740966797 0.304595947265625 -0.355987548828125
-0.0183353424072266 0.0177173614501953 0.63201904296875 -0.03277587890625
-0.0382041931152344 -0.031280517578125 0.42913818359375 0.5936279296875
0.0181961059570312 -0.0704727172851563 -0.15765380859375 0.83209228515625
0.0487251281738281 -0.00789260864257813 -0.459991455078125 0.412994384765625
0.0665550231933594 0.0302238464355469 0.01287841796875 0.0502166748046875
0.0493812561035156 -0.005950927734375 0.5701904296875 -0.3663330078125
0.0348796844482422 -0.0308666229248047 0.28765869140625 -0.85504150390625
-0.0112400054931641 -0.0285739898681641 -0.496337890625 -0.6282958984375
-0.02288818359375 -0.00633621215820313 -0.6417236328125 0.0390014648437501
0.00458908081054687 0.0186061859130859 -0.3310546875 0.3599853515625
-0.00252342224121094 0.0150299072265625 0.055938720703125 0.320892333984375
0.014984130859375 -0.00575160980224609 0.274658203125 0.126541137695313
0.0265674591064453 -0.00156784057617188 -0.26812744140625 -0.155914306640625
0.00125312805175781 0.0163450241088867 -0.061065673828125 -0.34234619140625
0.00667190551757812 0.0281791687011719 0.297637939453125 -0.357177734375
-0.0188350677490234 0.0188083648681641 0.6270751953125 -0.03704833984375
-0.0377120971679688 -0.0302619934082031 0.434326171875 0.58819580078125
0.0173301696777344 -0.0689277648925781 -0.15264892578125 0.8367919921875
0.0480461120605469 -0.00683212280273438 -0.464111328125 0.420867919921875
0.0646743774414063 0.0328826904296875 -5.72204589843722E-05 0.0530624389648438
0.048797607421875 -0.00534820556640625 0.5648193359375 -0.35870361328125
0.0382843017578125 -0.0280265808105469 0.2965087890625 -0.84893798828125
-0.0111503601074219 -0.0276603698730469 -0.48828125 -0.63580322265625
-0.0234909057617188 -0.00667762756347656 -0.6458740234375 0.03179931640625
0.00377655029296875 0.019622802734375 -0.33868408203125 0.35614013671875
-0.00480842590332031 0.0169878005981445 0.05474853515625 0.323150634765625
0.0143756866455078 -0.00552654266357422 0.273666381835938 0.131362915039063
0.0282974243164062 -0.00265693664550781 -0.264755249023438 -0.148956298828125
0.00233745574951172 0.0146646499633789 -0.059661865234375 -0.339324951171875
0.00783157348632813 0.0287513732910156 0.297119140625 -0.3541259765625
-0.0176010131835937 0.0202693939208984 0.62396240234375 -0.03594970703125
-0.03729248046875 -0.0255699157714844 0.43182373046875 0.59161376953125
0.0172386169433594 -0.0633049011230469 -0.1544189453125 0.84259033203125
0.0426483154296875 -0.00214767456054688 -0.472869873046875 0.42578125
0.0570487976074219 0.0335159301757813 -0.00974655151367187 0.055633544921875
0.0435218811035156 -0.0020904541015625 0.55975341796875 -0.352691650390625
0.0376319885253906 -0.0231246948242188 0.29595947265625 -0.849609375
-0.0100631713867188 -0.02349853515625 -0.48602294921875 -0.63909912109375
-0.0223941802978516 -0.006378173828125 -0.64892578125 0.0327148437500001
0.00335121154785156 0.0198192596435547 -0.342926025390625 0.35650634765625
-0.00473213195800781 0.0177593231201172 0.05413818359375 0.322113037109375
0.0168724060058594 -0.00606727600097656 0.27294921875 0.13818359375
0.0299854278564453 -0.00421333312988281 -0.265167236328125 -0.145217895507812
0.00542354583740234 0.0119476318359375 -0.056060791015625 -0.3397216796875
0.0103607177734375 0.0249652862548828 0.29931640625 -0.351593017578125
-0.014617919921875 0.0227279663085938 0.62628173828125 -0.026611328125
-0.0345916748046875 -0.0183010101318359 0.42529296875 0.597412109375
0.0169601440429688 -0.0557708740234375 -0.16558837890625 0.8468017578125
0.0358505249023437 0.00298690795898437 -0.480072021484375 0.42681884765625
0.0473480224609375 0.0347785949707031 -0.0130195617675781 0.0554313659667969
0.0369033813476563 0.00189590454101563 0.552398681640625 -0.355010986328125
0.0360755920410156 -0.0156631469726563 0.2860107421875 -0.8465576171875
-0.00764083862304688 -0.0163516998291016 -0.497314453125 -0.63299560546875
-0.0198326110839844 -0.00393104553222656 -0.6512451171875 0.0391235351562499
0.006744384765625 0.0190658569335938 -0.344024658203125 0.362274169921875
-0.00174522399902344 0.0141887664794922 0.0572509765625 0.327178955078125
0.0179996490478516 -0.00831985473632813 0.273269653320313 0.143234252929688
0.0301761627197266 -0.00674057006835938 -0.263046264648438 -0.141632080078125
0.00892448425292969 0.00618457794189453 -0.052032470703125 -0.3365478515625
0.0148639678955078 0.0202064514160156 0.303070068359375 -0.349761962890625
-0.0106143951416016 0.0255413055419922 0.625732421875 -0.0198974609375
-0.030853271484375 -0.0103950500488281 0.4185791015625 0.60455322265625
0.0150947570800781 -0.0468788146972656 -0.1768798828125 0.84765625
0.0283164978027344 0.00888824462890625 -0.48541259765625 0.427398681640625
0.0371856689453125 0.0348320007324219 -0.0157623291015625 0.0570602416992188
0.0275096893310547 0.00622177124023438 0.547393798828125 -0.35626220703125
0.0316009521484375 -0.00718498229980469 0.27618408203125 -0.84930419921875
-0.00407791137695313 -0.00779581069946289 -0.50372314453125 -0.62664794921875
-0.013707160949707 -0.00123405456542969 -0.6527099609375 0.0464477539062501
0.010981559753418 0.0155372619628906 -0.34173583984375 0.3663330078125
0.00316143035888672 0.00918102264404297 0.060211181640625 0.327667236328125
0.0176219940185547 -0.0104598999023438 0.274169921875 0.148040771484375
0.0312747955322266 -0.00989151000976562 -0.2628173828125 -0.141571044921875
0.0139369964599609 0.000316619873046875 -0.0472412109375 -0.33685302734375
0.0204257965087891 0.0153064727783203 0.305816650390625 -0.349395751953125
-0.00451850891113282 0.0292816162109375 0.6263427734375 -0.01531982421875
-0.0281524658203125 -0.0020599365234375 0.41448974609375 0.60699462890625
0.0115814208984375 -0.0370597839355469 -0.181640625 0.846435546875
0.0184421539306641 0.013763427734375 -0.4866943359375 0.423614501953125
0.0254898071289063 0.0349578857421875 -0.0149078369140625 0.05694580078125
0.0174617767333984 0.00925827026367188 0.54327392578125 -0.357391357421875
0.0270252227783203 0.00144577026367188 0.26312255859375 -0.8485107421875
-0.0006256103515625 0.00200724601745605 -0.5130615234375 -0.62158203125
-0.00806236267089844 0.00116443634033203 -0.654296875 0.0498657226562499
0.0178890228271484 0.0109329223632813 -0.338287353515625 0.368804931640625
0.008697509765625 0.00360584259033203 0.061676025390625 0.33184814453125
0.0185317993164063 -0.0135040283203125 0.275070190429688 0.150161743164063
0.0316982269287109 -0.010772705078125 -0.262664794921875 -0.144424438476563
0.01934814453125 -0.00532341003417969 -0.045196533203125 -0.3380126953125
0.0263404846191406 0.0101718902587891 0.30975341796875 -0.347503662109375
0.00073432922363281 0.0309619903564453 0.6279296875 -0.01104736328125
-0.0257701873779297 0.00631523132324219 0.4114990234375 0.61334228515625
0.00775146484375 -0.0280971527099609 -0.1893310546875 0.844970703125
0.00972938537597656 0.0176773071289063 -0.48834228515625 0.418853759765625
0.0159435272216797 0.0349712371826172 -0.00954437255859374 0.0555763244628906
0.00753116607666016 0.012725830078125 0.54046630859375 -0.361328125
0.0230655670166016 0.00976371765136719 0.2518310546875 -0.8515625
0.00158596038818359 0.00989532470703125 -0.52252197265625 -0.61480712890625
-0.00204777717590332 0.00227570533752441 -0.65167236328125 0.05474853515625
0.0245189666748047 0.00760459899902344 -0.3333740234375 0.37322998046875
0.0146322250366211 -0.00144100189208984 0.063446044921875 0.332000732421875
0.0174884796142578 -0.0153913497924805 0.275588989257813 0.151962280273438
0.0310249328613281 -0.0124931335449219 -0.264144897460938 -0.148391723632813
0.0238704681396484 -0.0107955932617188 -0.04486083984375 -0.339202880859375
0.0326385498046875 0.00623703002929688 0.31494140625 -0.34686279296875
0.00586700439453125 0.03228759765625 0.63037109375 -0.00738525390625
-0.0233325958251953 0.0117416381835937 0.4053955078125 0.61492919921875
0.00499916076660156 -0.0214710235595703 -0.19671630859375 0.8411865234375
0.00180625915527344 0.0213165283203125 -0.485382080078125 0.41485595703125
0.007415771484375 0.03521728515625 -0.00159454345703125 0.0536727905273438
-0.000825881958007813 0.0148601531982422 0.53875732421875 -0.368011474609375
0.0188503265380859 0.0162582397460938 0.23846435546875 -0.85406494140625
0.00445747375488281 0.0176048278808594 -0.52978515625 -0.60992431640625
0.00295448303222656 0.00346922874450684 -0.6483154296875 0.0600585937499999
0.0309162139892578 0.00432968139648438 -0.328704833984375 0.374908447265625
0.0209636688232422 -0.00762748718261719 0.063751220703125 0.33148193359375
0.0176048278808594 -0.0170497894287109 0.276519775390625 0.149368286132813
0.0252571105957031 -0.002960205078125 -0.268447875976562 -0.161117553710938
0.00230693817138672 0.0148763656616211 -0.063140869140625 -0.344207763671875
0.00842094421386719 0.0264072418212891 0.30145263671875 -0.353118896484375
-0.0173530578613281 0.0183315277099609 0.62823486328125 -0.032958984375
-0.0385665893554688 -0.0298042297363281 0.42681884765625 0.59039306640625
0.0159111022949219 -0.070159912109375 -0.15582275390625 0.8287353515625
0.0485649108886719 -0.00668716430664063 -0.457244873046875 0.411651611328125
0.0666847229003906 0.0315589904785156 0.0122108459472656 0.0488739013671875
0.0496482849121094 -0.00638198852539062 0.56512451171875 -0.36578369140625
0.0356712341308594 -0.0300331115722656 0.28350830078125 -0.85162353515625
-0.0117874145507812 -0.0284309387207031 -0.49468994140625 -0.6231689453125
-0.0231819152832031 -0.00624275207519531 -0.63848876953125 0.0410766601562501
0.00507926940917969 0.0182361602783203 -0.327545166015625 0.358428955078125
-0.00229072570800781 0.0158929824829102 0.055633544921875 0.318878173828125
0.013153076171875 -0.00569248199462891 0.272537231445313 0.1246337890625
0.0260601043701172 -0.00222396850585938 -0.267623901367188 -0.153762817382813
0.000527381896972655 0.0154228210449219 -0.06341552734375 -0.339569091796875
0.00684547424316406 0.0286140441894531 0.29534912109375 -0.352752685546875
-0.0177402496337891 0.0190658569335938 0.623291015625 -0.0379638671875
-0.0380630493164063 -0.0286750793457031 0.43243408203125 0.58404541015625
0.0168571472167969 -0.0689239501953125 -0.1513671875 0.8333740234375
0.0476646423339844 -0.00548171997070313 -0.462677001953125 0.41949462890625
0.0649223327636719 0.0326194763183594 -0.000659942626953126 0.0539016723632812
0.0487098693847656 -0.004119873046875 0.560546875 -0.355865478515625
0.0382003784179688 -0.027618408203125 0.29425048828125 -0.845947265625
-0.0113506317138672 -0.0278110504150391 -0.48638916015625 -0.6309814453125
-0.0248641967773438 -0.0066375732421875 -0.64263916015625 0.0344238281250001
0.00302314758300781 0.0197505950927734 -0.334686279296875 0.356292724609375
-0.00449752807617187 0.0169677734375 0.055419921875 0.32080078125
0.0145664215087891 -0.00555419921875 0.272750854492188 0.13018798828125
0.0279254913330078 -0.00269126892089844 -0.26495361328125 -0.146316528320313
0.00251388549804688 0.014007568359375 -0.06036376953125 -0.3363037109375
0.00756263732910156 0.0283565521240234 0.294158935546875 -0.353240966796875
-0.0174388885498047 0.0210418701171875 0.6204833984375 -0.03460693359375
-0.0360450744628906 -0.0244102478027344 0.4305419921875 0.58837890625
0.0176315307617188 -0.0631294250488281 -0.1522216796875 0.83868408203125
0.0431785583496094 -0.00095367431640625 -0.4683837890625 0.426239013671875
0.0570220947265625 0.0347404479980469 -0.00942993164062499 0.0548019409179688
0.0443992614746094 -0.00043487548828125 0.55523681640625 -0.352203369140625
0.0377616882324219 -0.0235443115234375 0.2952880859375 -0.843994140625
-0.00994110107421875 -0.0243988037109375 -0.487060546875 -0.63446044921875
-0.0234565734863281 -0.00513076782226563 -0.64630126953125 0.034423828125
0.00339698791503906 0.0199489593505859 -0.338775634765625 0.356231689453125
-0.00475597381591797 0.0173854827880859 0.055511474609375 0.321624755859375
0.0157365798950195 -0.00611686706542969 0.271530151367188 0.136383056640625
0.0291652679443359 -0.00505447387695313 -0.264190673828125 -0.142547607421875
0.00398921966552734 0.0114860534667969 -0.056549072265625 -0.335174560546875
0.0104274749755859 0.0250205993652344 0.29510498046875 -0.3499755859375
-0.0139713287353516 0.0233154296875 0.62030029296875 -0.0262451171875
-0.0339908599853516 -0.0182209014892578 0.42327880859375 0.59417724609375
0.016448974609375 -0.0556144714355469 -0.16241455078125 0.84173583984375
0.0361747741699219 0.004119873046875 -0.476348876953125 0.426239013671875
0.0480842590332031 0.0350418090820313 -0.0142288208007812 0.0565299987792969
0.0375289916992188 0.00247573852539063 0.54766845703125 -0.35382080078125
0.0354499816894531 -0.0158462524414063 0.28424072265625 -0.84393310546875
-0.00713062286376953 -0.0164365768432617 -0.49664306640625 -0.6265869140625
-0.01959228515625 -0.00321197509765625 -0.64642333984375 0.041748046875
0.00614356994628906 0.0176963806152344 -0.340057373046875 0.361785888671875
-0.000977516174316407 0.0139122009277344 0.05810546875 0.324737548828125
0.0155344009399414 -0.00805854797363281 0.27166748046875 0.14141845703125
0.0293846130371094 -0.00626373291015625 -0.2626953125 -0.1392822265625
0.00884819030761719 0.00601387023925781 -0.052947998046875 -0.3328857421875
0.0145950317382813 0.0211830139160156 0.298828125 -0.346343994140625
-0.00924110412597656 0.0265007019042969 0.62060546875 -0.0206298828125
-0.0305881500244141 -0.0110015869140625 0.41864013671875 0.6014404296875
0.0146217346191406 -0.0462188720703125 -0.17169189453125 0.8438720703125
0.0279445648193359 0.00903892517089844 -0.48358154296875 0.425048828125
0.03778076171875 0.0352134704589844 -0.0161705017089844 0.0567550659179688
0.0278892517089844 0.00642967224121094 0.542022705078125 -0.3538818359375
0.0318870544433594 -0.00671958923339844 0.27337646484375 -0.84588623046875
-0.00445699691772461 -0.0071868896484375 -0.50201416015625 -0.62225341796875
-0.0143556594848633 -0.000221252441406253 -0.6488037109375 0.04473876953125
0.0109767913818359 0.0148487091064453 -0.33782958984375 0.3646240234375
0.00389957427978516 0.00881862640380859 0.060455322265625 0.326751708984375
0.0171327590942383 -0.00988006591796875 0.273330688476563 0.146194458007813
0.0310878753662109 -0.00919914245605469 -0.2625732421875 -0.140060424804688
0.012537956237793 0.000662803649902344 -0.048553466796875 -0.3333740234375
0.0202980041503906 0.0156898498535156 0.30047607421875 -0.34710693359375
-0.00455665588378906 0.0288734436035156 0.62261962890625 -0.01593017578125
-0.0275611877441406 -0.00153350830078125 0.415283203125 0.60491943359375
0.011810302734375 -0.0374832153320313 -0.1800537109375 0.84185791015625
0.0187282562255859 0.0138034820556641 -0.485321044921875 0.42230224609375
0.0263862609863281 0.0349388122558594 -0.0149192810058594 0.0560111999511719
0.0177726745605469 0.00912666320800781 0.537811279296875 -0.354705810546875
0.028045654296875 0.0020751953125 0.26116943359375 -0.84442138671875
-9.56058502197267E-05 0.00159966945648193 -0.51129150390625 -0.616455078125
-0.00845909118652344 0.0012664794921875 -0.650634765625 0.05267333984375
0.0173492431640625 0.0114002227783203 -0.334869384765625 0.3682861328125
0.00979804992675781 0.00430870056152344 0.062103271484375 0.329437255859375
0.0174961090087891 -0.0127973556518555 0.274063110351563 0.149551391601563
0.0312404632568359 -0.0116939544677734 -0.261688232421875 -0.142044067382813
0.0186824798583984 -0.00594329833984375 -0.046173095703125 -0.33599853515625
0.026885986328125 0.0109634399414063 0.306610107421875 -0.34552001953125
0.00185585021972656 0.0316028594970703 0.62481689453125 -0.0120849609375
-0.0248985290527344 0.00667762756347656 0.40850830078125 0.6080322265625
0.00820732116699219 -0.0288734436035156 -0.18548583984375 0.84039306640625
0.0102081298828125 0.0181140899658203 -0.485198974609375 0.418670654296875
0.0158958435058594 0.0356407165527344 -0.00965499877929688 0.0555267333984375
0.00816917419433594 0.0134525299072266 0.535247802734375 -0.360595703125
0.0234107971191406 0.0104351043701172 0.24884033203125 -0.84613037109375
0.00252342224121094 0.0106887817382813 -0.51904296875 -0.609375
-0.00284290313720703 0.00289154052734375 -0.6480712890625 0.0576782226562501
0.0241012573242188 0.00715446472167969 -0.33062744140625 0.371826171875
0.0158376693725586 -0.00199317932128906 0.06353759765625 0.330596923828125
0.0170011520385742 -0.0158681869506836 0.274505615234375 0.150466918945313
0.0304355621337891 -0.0128383636474609 -0.262435913085938 -0.146209716796875
0.0240993499755859 -0.00995826721191406 -0.044158935546875 -0.336151123046875
0.0325660705566406 0.00638961791992188 0.311798095703125 -0.345306396484375
0.00657844543457031 0.033203125 0.62725830078125 -0.00848388671875
-0.0225124359130859 0.013031005859375 0.40460205078125 0.6116943359375
0.00477027893066406 -0.0227870941162109 -0.19384765625 0.83551025390625
0.00300025939941406 0.0206413269042969 -0.48382568359375 0.412750244140625
0.00745391845703125 0.0355873107910156 -0.00258636474609375 0.0533561706542969
-0.000834465026855469 0.015172004699707 0.5357666015625 -0.365814208984375
0.0189437866210938 0.0166816711425781 0.2371826171875 -0.8485107421875
0.00547027587890625 0.0165367126464844 -0.52728271484375 -0.60528564453125
0.00247478485107422 0.0038902759552002 -0.64349365234375 0.0624389648437499
0.0299167633056641 0.00324440002441406 -0.32379150390625 0.374053955078125
0.0217914581298828 -0.00782012939453125 0.065338134765625 0.329254150390625
0.016596794128418 -0.0167160034179688 0.274978637695312 0.147705078125
0.0254058837890625 -0.00328826904296875 -0.268508911132813 -0.158859252929688
0.00279426574707031 0.0150041580200195 -0.063262939453125 -0.340728759765625
0.00860023498535156 0.0263633728027344 0.297576904296875 -0.35162353515625
-0.0172576904296875 0.0187320709228516 0.622314453125 -0.03350830078125
-0.0378265380859375 -0.0301284790039063 0.42596435546875 0.58721923828125
0.0163650512695313 -0.070648193359375 -0.15325927734375 0.82513427734375
0.0485420227050781 -0.00666046142578125 -0.45428466796875 0.410675048828125
0.066925048828125 0.0323600769042969 0.0117874145507813 0.0489730834960938
0.0491485595703125 -0.00636672973632813 0.5615234375 -0.36395263671875
0.0354576110839844 -0.0299720764160156 0.28314208984375 -0.84881591796875
-0.0122756958007813 -0.0278148651123047 -0.493408203125 -0.61883544921875
-0.0235481262207031 -0.00616836547851562 -0.63446044921875 0.0429687500000001
0.00592994689941406 0.0178489685058594 -0.323577880859375 0.35662841796875
-0.00172233581542969 0.0160322189331055 0.057342529296875 0.316436767578125
0.0125188827514648 -0.005828857421875 0.272140502929688 0.123519897460938
0.025848388671875 -0.00275039672851563 -0.266632080078125 -0.151718139648438
0.00119304656982422 0.0159683227539063 -0.063873291015625 -0.337127685546875
0.00663185119628906 0.0289325714111328 0.2908935546875 -0.3514404296875
-0.0180988311767578 0.0203285217285156 0.61822509765625 -0.03662109375
-0.0375480651855469 -0.0281829833984375 0.4307861328125 0.5809326171875
0.0167884826660156 -0.0689964294433594 -0.1475830078125 0.83062744140625
0.0474967956542969 -0.00583267211914063 -0.460601806640625 0.4180908203125
0.0651397705078125 0.032928466796875 -0.00099945068359375 0.05291748046875
0.0492019653320313 -0.00410079956054688 0.55633544921875 -0.35479736328125
0.0382347106933594 -0.0284423828125 0.29254150390625 -0.84124755859375
-0.0116825103759766 -0.0286502838134766 -0.485595703125 -0.62640380859375
-0.0250873565673828 -0.00583076477050781 -0.6378173828125 0.0351562500000001
0.00305557250976563 0.018646240234375 -0.330963134765625 0.354034423828125
-0.00397872924804687 0.0172290802001953 0.0552978515625 0.319244384765625
0.0130176544189453 -0.00624656677246094 0.27130126953125 0.129806518554688
0.0268135070800781 -0.00302696228027344 -0.26446533203125 -0.144561767578125
0.00181102752685547 0.0146102905273438 -0.06201171875 -0.332977294921875
0.00704193115234375 0.0280818939208984 0.290985107421875 -0.34954833984375
-0.0167713165283203 0.0215473175048828 0.61529541015625 -0.03515625
-0.0367927551269531 -0.0247535705566406 0.42767333984375 0.5865478515625
0.0173072814941406 -0.0635108947753906 -0.14849853515625 0.83447265625
0.0435447692871094 -0.00113296508789063 -0.466339111328125 0.42340087890625
0.0583152770996094 0.0335350036621094 -0.0104103088378906 0.0553741455078125
0.0443954467773438 -0.000225067138671875 0.551422119140625 -0.34930419921875
0.0386314392089844 -0.0230636596679687 0.29205322265625 -0.8414306640625
-0.0103645324707031 -0.0236377716064453 -0.484375 -0.6282958984375
-0.0242366790771484 -0.00556182861328125 -0.64178466796875 0.0341796875
0.002777099609375 0.0196094512939453 -0.337432861328125 0.356353759765625
-0.00406455993652344 0.0167951583862305 0.055633544921875 0.31903076171875
0.0145578384399414 -0.00603866577148438 0.271530151367188 0.13525390625
0.0285720825195313 -0.00483131408691406 -0.262603759765625 -0.14019775390625
0.00497722625732422 0.0118741989135742 -0.05731201171875 -0.331939697265625
0.01025390625 0.0253047943115234 0.292205810546875 -0.347564697265625
-0.0140609741210937 0.0231895446777344 0.61614990234375 -0.02606201171875
-0.0335235595703125 -0.0177268981933594 0.4228515625 0.59112548828125
0.0170974731445313 -0.0565528869628906 -0.1583251953125 0.83642578125
0.0368118286132813 0.0036468505859375 -0.474456787109375 0.424407958984375
0.0485572814941406 0.0353431701660156 -0.0143585205078125 0.0561294555664063
0.0372467041015625 0.00285720825195313 0.54571533203125 -0.35089111328125
0.0351371765136719 -0.0155429840087891 0.2828369140625 -0.83953857421875
-0.0071096420288086 -0.0169878005981445 -0.4932861328125 -0.62213134765625
-0.0192222595214844 -0.00268745422363281 -0.64276123046875 0.0413818359374999
0.00666713714599609 0.0174198150634766 -0.33599853515625 0.35980224609375
-0.000130653381347656 0.0144062042236328 0.058929443359375 0.322845458984375
0.0162734985351563 -0.00760841369628906 0.271728515625 0.140472412109375
0.0308818817138672 -0.006195068359375 -0.260986328125 -0.13775634765625
0.00843667984008789 0.00621843338012695 -0.053497314453125 -0.330535888671875
0.0141658782958984 0.0207614898681641 0.294342041015625 -0.34454345703125
-0.00898933410644531 0.0269355773925781 0.6175537109375 -0.02032470703125
-0.0305404663085937 -0.0106868743896484 0.4161376953125 0.59832763671875
0.014404296875 -0.0466690063476563 -0.172119140625 0.83856201171875
0.0282535552978516 0.00928878784179687 -0.479278564453125 0.423492431640625
0.0371818542480469 0.0354881286621094 -0.0165214538574219 0.0562896728515625
0.0273342132568359 0.00669288635253906 0.538360595703125 -0.351287841796875
0.0318698883056641 -0.006683349609375 0.27276611328125 -0.840087890625
-0.00441265106201172 -0.00836515426635742 -0.50042724609375 -0.61798095703125
-0.0150156021118164 -0.000465393066406251 -0.6458740234375 0.0472412109374999
0.0104150772094727 0.0145778656005859 -0.334686279296875 0.3636474609375
0.00428199768066406 0.00997161865234375 0.0606689453125 0.32427978515625
0.0167369842529297 -0.0102472305297852 0.272430419921875 0.144577026367188
0.0300807952880859 -0.00928306579589844 -0.2613525390625 -0.137664794921875
0.0130500793457031 0.000858306884765625 -0.05072021484375 -0.332305908203125
0.0202789306640625 0.0159740447998047 0.29901123046875 -0.34454345703125
-0.00378608703613281 0.0294265747070312 0.61749267578125 -0.015380859375
-0.0273876190185547 -0.00135993957519531 0.41265869140625 0.6015625
0.0109672546386719 -0.0377578735351562 -0.177001953125 0.83648681640625
0.0194549560546875 0.0132904052734375 -0.48193359375 0.420318603515625
0.0269737243652344 0.0358047485351563 -0.015777587890625 0.0557403564453125
0.0177440643310547 0.0110359191894531 0.533905029296875 -0.35247802734375
0.0278949737548828 0.00188255310058594 0.2584228515625 -0.83953857421875
-0.00118660926818848 0.00155985355377197 -0.50933837890625 -0.60986328125
-0.008819580078125 0.0010986328125 -0.6453857421875 0.0523681640625
0.0184173583984375 0.0103340148925781 -0.331756591796875 0.367340087890625
0.00980758666992187 0.00345325469970703 0.06298828125 0.328704833984375
0.0166740417480469 -0.0135660171508789 0.273223876953125 0.147064208984375
0.0306663513183594 -0.0109062194824219 -0.261825561523438 -0.140090942382812
0.0182285308837891 -0.00548362731933594 -0.04791259765625 -0.332855224609375
0.0263156890869141 0.0108718872070313 0.304779052734375 -0.343780517578125
0.00172996520996094 0.0312824249267578 0.6202392578125 -0.01190185546875
-0.0251693725585938 0.007110595703125 0.40728759765625 0.60565185546875
0.00795745849609375 -0.0292911529541016 -0.1846923828125 0.8348388671875
0.0103034973144531 0.0180263519287109 -0.482177734375 0.416015625
0.0162849426269531 0.036163330078125 -0.0104522705078125 0.0550460815429688
0.00786209106445313 0.0138349533081055 0.53106689453125 -0.35894775390625
0.0236320495605469 0.00951766967773437 0.2471923828125 -0.8414306640625
0.00216197967529297 0.0108652114868164 -0.51776123046875 -0.60552978515625
-0.00280332565307617 0.00313687324523926 -0.644287109375 0.06011962890625
0.0244693756103516 0.00728988647460938 -0.325714111328125 0.370391845703125
0.0161190032958984 -0.00182247161865234 0.06341552734375 0.328399658203125
0.0165748596191406 -0.0153474807739258 0.2742919921875 0.149139404296875
0.0304489135742188 -0.0122184753417969 -0.262603759765625 -0.144271850585937
0.0237045288085938 -0.0102806091308594 -0.04608154296875 -0.333648681640625
0.0320663452148438 0.00654411315917969 0.309417724609375 -0.34320068359375
0.0067901611328125 0.0339183807373047 0.6229248046875 -0.00787353515625
-0.0229740142822266 0.0125808715820312 0.402587890625 0.60888671875
0.00432014465332031 -0.0227241516113281 -0.1905517578125 0.83056640625
0.00323295593261719 0.0211009979248047 -0.48114013671875 0.411041259765625
0.00908660888671875 0.0358772277832031 -0.00357437133789063 0.0533523559570313
-9.05990600585939E-05 0.0163373947143555 0.530853271484375 -0.365264892578125
0.0194587707519531 0.0159206390380859 0.2373046875 -0.84368896484375
0.00495815277099609 0.0171785354614258 -0.526123046875 -0.600830078125
0.00203084945678711 0.0044093132019043 -0.64013671875 0.0634765625
0.0301284790039063 0.00267982482910156 -0.32086181640625 0.371551513671875
0.021636962890625 -0.0074005126953125 0.0643310546875 0.327301025390625
0.0163393020629883 -0.0163354873657227 0.273880004882812 0.146163940429687
0.0252037048339844 -0.00349807739257813 -0.26788330078125 -0.157028198242187
0.00253677368164063 0.0146322250366211 -0.063751220703125 -0.337677001953125
0.00920295715332031 0.0273704528808594 0.296539306640625 -0.34912109375
-0.0166568756103516 0.01898193359375 0.6197509765625 -0.03265380859375
-0.0374794006347656 -0.0290679931640625 0.4229736328125 0.58563232421875
0.015594482421875 -0.0722274780273438 -0.15325927734375 0.82110595703125
0.0489501953125 -0.00655364990234375 -0.45330810546875 0.40869140625
0.0667800903320313 0.0332984924316406 0.0110130310058594 0.0489311218261719
0.0482711791992188 -0.00487518310546875 0.558624267578125 -0.3629150390625
0.03643798828125 -0.029693603515625 0.2835693359375 -0.84442138671875
-0.0122928619384766 -0.0276126861572266 -0.49029541015625 -0.616943359375
-0.0231895446777344 -0.00555610656738281 -0.63238525390625 0.04302978515625
0.00577163696289062 0.0176582336425781 -0.321075439453125 0.355316162109375
-0.00139236450195313 0.0157222747802734 0.057159423828125 0.315765380859375
0.0124349594116211 -0.00592803955078125 0.270858764648438 0.122665405273438
0.0266914367675781 -0.00275993347167969 -0.26556396484375 -0.149810791015625
0.00141811370849609 0.0168390274047852 -0.064910888671875 -0.334228515625
0.00694084167480469 0.0287532806396484 0.29058837890625 -0.34979248046875
-0.0171318054199219 0.0201282501220703 0.61474609375 -0.03521728515625
-0.0371627807617188 -0.0288848876953125 0.4281005859375 0.58026123046875
0.0165138244628906 -0.0685157775878906 -0.14776611328125 0.82476806640625
0.0482978820800781 -0.00403976440429688 -0.458465576171875 0.41546630859375
0.0649261474609375 0.0338821411132813 -0.002288818359375 0.052642822265625
0.0496025085449219 -0.002655029296875 0.55426025390625 -0.35205078125
0.0391502380371094 -0.0283851623535156 0.2921142578125 -0.8389892578125
-0.01068115234375 -0.02850341796875 -0.48150634765625 -0.622802734375
-0.0245227813720703 -0.00574684143066407 -0.6358642578125 0.0355834960937499
0.00368690490722656 0.0185489654541016 -0.329437255859375 0.353271484375
-0.00277900695800781 0.0176982879638672 0.056396484375 0.316741943359375
0.012913703918457 -0.00511074066162109 0.27081298828125 0.128448486328125
0.0269851684570312 -0.00271797180175781 -0.262939453125 -0.143798828125
0.00139522552490234 0.0158462524414063 -0.062591552734375 -0.330902099609375
0.00791740417480469 0.0287113189697266 0.2882080078125 -0.3468017578125
-0.0163974761962891 0.0222835540771484 0.61181640625 -0.03411865234375
-0.0359649658203125 -0.0242996215820312 0.42620849609375 0.585205078125
0.0166282653808594 -0.0639114379882813 -0.14892578125 0.8309326171875
0.0431404113769531 -0.0002899169921875 -0.46484375 0.421142578125
0.0573234558105469 0.0349082946777344 -0.0108489990234375 0.0555038452148438
0.0451622009277344 6.103515625E-05 0.5506591796875 -0.347137451171875
0.0381698608398438 -0.0238571166992187 0.29229736328125 -0.83746337890625
-0.00998878479003906 -0.0239696502685547 -0.4815673828125 -0.62615966796875
-0.0240917205810547 -0.0045928955078125 -0.63812255859375 0.03643798828125
0.00437355041503906 0.0184879302978516 -0.3333740234375 0.354217529296875
-0.00304317474365234 0.0170450210571289 0.05645751953125 0.318267822265625
0.0140447616577148 -0.0056610107421875 0.270736694335938 0.134429931640625
0.0296211242675781 -0.00477027893066406 -0.261276245117188 -0.138290405273437
0.00440311431884766 0.012171745300293 -0.058807373046875 -0.33026123046875
0.00999069213867187 0.0253372192382812 0.29107666015625 -0.344207763671875
-0.0136661529541016 0.0249881744384766 0.61334228515625 -0.0272216796875
-0.0340709686279297 -0.0170478820800781 0.421142578125 0.58978271484375
0.0163421630859375 -0.0567741394042969 -0.158447265625 0.83294677734375
0.0368118286132813 0.00415802001953125 -0.473388671875 0.422149658203125
0.0487098693847656 0.0360031127929688 -0.0147476196289062 0.0563163757324219
0.0368576049804688 0.00337982177734375 0.5421142578125 -0.348785400390625
0.035247802734375 -0.0157470703125 0.2811279296875 -0.836669921875
-0.00772380828857422 -0.0166330337524414 -0.49041748046875 -0.62017822265625
-0.0200843811035156 -0.00224685668945313 -0.640625 0.04327392578125
0.0068206787109375 0.0170869827270508 -0.334136962890625 0.358428955078125
-0.000234603881835939 0.0138339996337891 0.05902099609375 0.32110595703125
0.0156955718994141 -0.00683403015136719 0.271041870117188 0.139251708984375
0.0289230346679687 -0.00699043273925781 -0.2606201171875 -0.136154174804688
0.0088348388671875 0.00652122497558594 -0.054595947265625 -0.32867431640625
0.0150890350341797 0.0212211608886719 0.293212890625 -0.342498779296875
-0.00848960876464844 0.0274791717529297 0.6146240234375 -0.01934814453125
-0.0301494598388672 -0.00988960266113281 0.4151611328125 0.5958251953125
0.0147361755371094 -0.0479240417480469 -0.17095947265625 0.83404541015625
0.0279693603515625 0.00931739807128906 -0.478851318359375 0.422637939453125
0.0378341674804688 0.0359840393066406 -0.0169525146484375 0.05615234375
0.0275325775146484 0.0075531005859375 0.536651611328125 -0.3502197265625
0.0318546295166016 -0.00745964050292969 0.270751953125 -0.835693359375
-0.00476837158203125 -0.0072789192199707 -0.49652099609375 -0.61444091796875
-0.0155277252197266 -0.000295639038085937 -0.6429443359375 0.0477905273437499
0.0116672515869141 0.0143709182739258 -0.33221435546875 0.3619384765625
0.00477981567382813 0.00957584381103516 0.061737060546875 0.32391357421875
0.0156021118164063 -0.00962734222412109 0.271255493164063 0.144195556640625
0.0297260284423828 -0.00910186767578125 -0.261367797851563 -0.136611938476562
0.0123729705810547 0.00089263916015625 -0.051025390625 -0.328643798828125
0.0201950073242188 0.0164966583251953 0.297210693359375 -0.34228515625
-0.0030517578125 0.0292587280273438 0.61431884765625 -0.0155029296875
-0.0265941619873047 -0.00113868713378906 0.41131591796875 0.59881591796875
0.0118293762207031 -0.0379066467285156 -0.177978515625 0.83367919921875
0.0194549560546875 0.0138835906982422 -0.482147216796875 0.41839599609375
0.02679443359375 0.036468505859375 -0.0159454345703125 0.0559844970703125
0.0180835723876953 0.0106544494628906 0.53289794921875 -0.3515625
0.0281047821044922 0.00157546997070313 0.2591552734375 -0.83538818359375
-0.00114262104034424 0.00155544281005859 -0.5064697265625 -0.6082763671875
-0.00945186614990234 0.00173091888427734 -0.6417236328125 0.0535888671875001
0.0184135437011719 0.0107231140136719 -0.328033447265625 0.366302490234375
0.0105400085449219 0.00386238098144531 0.063690185546875 0.32720947265625
0.0164947509765625 -0.0125312805175781 0.273086547851563 0.1475830078125
0.0307197570800781 -0.0116386413574219 -0.261459350585938 -0.138702392578125
0.0186672210693359 -0.00522232055664063 -0.04833984375 -0.329559326171875
0.02581787109375 0.0110740661621094 0.301300048828125 -0.341064453125
0.00274658203125 0.0323219299316406 0.616943359375 -0.01177978515625
-0.0240154266357422 0.00658798217773437 0.404296875 0.60504150390625
0.00831413269042969 -0.0301494598388672 -0.18414306640625 0.831787109375
0.0111789703369141 0.0181999206542969 -0.48052978515625 0.4146728515625
0.0167808532714844 0.0367584228515625 -0.0109519958496094 0.0549163818359375
0.00870895385742187 0.0148658752441406 0.53094482421875 -0.35540771484375
0.0233230590820313 0.00915336608886719 0.24822998046875 -0.83868408203125
0.00219249725341797 0.0108489990234375 -0.5145263671875 -0.60302734375
-0.00237584114074707 0.00395393371582031 -0.6396484375 0.0592651367187499
0.0241909027099609 0.00726318359375 -0.3243408203125 0.370330810546875
0.0165596008300781 -0.00235080718994141 0.064239501953125 0.328216552734375
0.0157470703125 -0.0154008865356445 0.273757934570313 0.147857666015625
0.0303611755371094 -0.013275146484375 -0.261978149414063 -0.1429443359375
0.0235366821289063 -0.00955581665039063 -0.0472412109375 -0.33148193359375
0.0314884185791016 0.00644683837890625 0.306976318359375 -0.340484619140625
0.00698471069335938 0.0339584350585938 0.6197509765625 -0.00701904296875
-0.0225753784179688 0.0125846862792969 0.40179443359375 0.60638427734375
0.00534629821777344 -0.0240211486816406 -0.1915283203125 0.82830810546875
0.00378036499023438 0.0215663909912109 -0.479583740234375 0.40814208984375
0.00909423828125 0.0365333557128906 -0.00416183471679687 0.052734375
-0.000205039978027344 0.0167198181152344 0.5299072265625 -0.361236572265625
0.01995849609375 0.0158863067626953 0.23577880859375 -0.84130859375
0.0044708251953125 0.0170755386352539 -0.52178955078125 -0.59698486328125
0.00221014022827148 0.00420260429382324 -0.6365966796875 0.0635375976562501
0.0299606323242188 0.00262451171875 -0.317901611328125 0.37115478515625
0.0224723815917969 -0.00804328918457031 0.064910888671875 0.327239990234375
0.0152320861816406 -0.016087532043457 0.273086547851563 0.146835327148438
0.0250453948974609 -0.00302886962890625 -0.267425537109375 -0.155181884765625
0.00262355804443359 0.0162591934204102 -0.064239501953125 -0.33624267578125
0.00967025756835938 0.0275745391845703 0.295135498046875 -0.346710205078125
-0.0160980224609375 0.0198631286621094 0.61773681640625 -0.02984619140625
-0.0372200012207031 -0.029754638671875 0.4202880859375 0.5869140625
0.0152511596679688 -0.0721511840820313 -0.15460205078125 0.8177490234375
0.0491676330566406 -0.00583267211914063 -0.4537353515625 0.4058837890625
0.0680999755859375 0.0324630737304688 0.00983428955078125 0.0491943359375
0.048828125 -0.00429916381835938 0.557586669921875 -0.36041259765625
0.0366554260253906 -0.0297584533691406 0.28515625 -0.8394775390625
-0.0120697021484375 -0.0276527404785156 -0.4881591796875 -0.61468505859375
-0.0238914489746094 -0.00508880615234375 -0.6298828125 0.0426635742187501
0.00516986846923828 0.0171613693237305 -0.319610595703125 0.353515625
-0.000721931457519532 0.0150880813598633 0.05792236328125 0.31536865234375
0.0119714736938477 -0.00550079345703125 0.271194458007813 0.12261962890625
0.0255947113037109 -0.00263023376464844 -0.26531982421875 -0.148605346679687
0.00196743011474609 0.0174741744995117 -0.065399169921875 -0.331878662109375
0.0074920654296875 0.0289173126220703 0.2901611328125 -0.347747802734375
-0.0166759490966797 0.0206832885742188 0.6141357421875 -0.034423828125
-0.037445068359375 -0.0275421142578125 0.42529296875 0.5814208984375
0.0167007446289063 -0.0697364807128906 -0.14697265625 0.82135009765625
0.0477828979492188 -0.00370407104492188 -0.458221435546875 0.41387939453125
0.0648040771484375 0.0334281921386719 -0.00214004516601562 0.0522727966308594
0.0489654541015625 -0.00220870971679688 0.553192138671875 -0.3485107421875
0.0382766723632813 -0.0290718078613281 0.29412841796875 -0.83538818359375
-0.0105609893798828 -0.0276050567626953 -0.480224609375 -0.622314453125
-0.0251865386962891 -0.00580596923828125 -0.6324462890625 0.03546142578125
0.00341224670410156 0.0191707611083984 -0.326690673828125 0.35284423828125
-0.00296497344970703 0.0169029235839844 0.05572509765625 0.31719970703125
0.0128698348999023 -0.00471019744873047 0.270309448242188 0.127944946289062
0.0275115966796875 -0.00330734252929688 -0.262619018554688 -0.142364501953125
0.00144577026367187 0.0165643692016602 -0.063720703125 -0.328277587890625
0.00787544250488281 0.0293979644775391 0.287384033203125 -0.3448486328125
-0.0155792236328125 0.0220928192138672 0.60980224609375 -0.03350830078125
-0.0358924865722656 -0.02410888671875 0.42547607421875 0.5848388671875
0.0170631408691406 -0.0647621154785156 -0.15130615234375 0.82940673828125
0.0437355041503906 0.00072479248046875 -0.4649658203125 0.42083740234375
0.058349609375 0.0353279113769531 -0.0109672546386719 0.0551185607910156
0.0448837280273438 0.00162506103515625 0.54833984375 -0.3465576171875
0.0378303527832031 -0.0230255126953125 0.29339599609375 -0.8349609375
-0.00983428955078125 -0.0236454010009766 -0.47906494140625 -0.6259765625
-0.0239067077636719 -0.00454902648925781 -0.63580322265625 0.0346069335937499
0.00352096557617188 0.0186367034912109 -0.333404541015625 0.3531494140625
-0.0025482177734375 0.0168466567993164 0.05633544921875 0.318084716796875
0.0140142440795898 -0.00641345977783203 0.269973754882813 0.133697509765625
0.0290412902832031 -0.00491905212402344 -0.260955810546875 -0.137802124023438
0.00407123565673828 0.0122594833374023 -0.05859375 -0.327728271484375
0.0107536315917969 0.0265922546386719 0.28973388671875 -0.343353271484375
-0.0126571655273438 0.0242958068847656 0.611572265625 -0.0242919921875
-0.0335750579833984 -0.0179862976074219 0.41827392578125 0.58966064453125
0.0155372619628906 -0.0572128295898438 -0.15924072265625 0.83001708984375
0.0366897583007813 0.00494384765625 -0.47320556640625 0.419189453125
0.0484733581542969 0.0360450744628906 -0.0159492492675781 0.0544242858886719
0.0368766784667969 0.00404739379882813 0.540863037109375 -0.34637451171875
0.0354499816894531 -0.01641845703125 0.28289794921875 -0.8328857421875
-0.00739860534667969 -0.0167398452758789 -0.48809814453125 -0.61749267578125
-0.0207099914550781 -0.0016021728515625 -0.63751220703125 0.04302978515625
0.00625228881835938 0.0177745819091797 -0.332366943359375 0.356292724609375
-2.09808349609386E-05 0.0133075714111328 0.058624267578125 0.320953369140625
0.0142889022827148 -0.00665569305419922 0.269683837890625 0.138687133789063
0.0290737152099609 -0.00659561157226563 -0.260055541992188 -0.13543701171875
0.00856304168701172 0.00792598724365234 -0.05487060546875 -0.326934814453125
0.0141239166259766 0.0225257873535156 0.29248046875 -0.3408203125
-0.00754547119140625 0.0275802612304687 0.609619140625 -0.01910400390625
-0.0299720764160156 -0.0100879669189453 0.41156005859375 0.595947265625
0.0145187377929687 -0.0479087829589844 -0.1700439453125 0.83197021484375
0.0289764404296875 0.0100898742675781 -0.478546142578125 0.420135498046875
0.037872314453125 0.0363121032714844 -0.0178108215332031 0.0560836791992188
0.0276966094970703 0.00808143615722656 0.536376953125 -0.3485107421875
0.0331497192382813 -0.00750160217285156 0.27374267578125 -0.83367919921875
-0.00449991226196289 -0.00822305679321289 -0.4947509765625 -0.61248779296875
-0.0149936676025391 0.00029468536376953 -0.6402587890625 0.0468139648437501
0.0119972229003906 0.0144109725952148 -0.3309326171875 0.360809326171875
0.00424289703369141 0.00948333740234375 0.06121826171875 0.32391357421875
0.0149784088134766 -0.00952720642089844 0.271087646484375 0.143173217773438
0.0303306579589844 -0.0100669860839844 -0.260162353515625 -0.135726928710938
0.0126543045043945 0.00182628631591797 -0.051910400390625 -0.327392578125
0.0204544067382812 0.0171642303466797 0.295745849609375 -0.340545654296875
-0.00275230407714844 0.0304679870605469 0.61273193359375 -0.012939453125
-0.02752685546875 -0.000764846801757813 0.40765380859375 0.5999755859375
0.0120124816894531 -0.0389022827148438 -0.17828369140625 0.83062744140625
0.0194206237792969 0.0146064758300781 -0.481414794921875 0.41619873046875
0.0276527404785156 0.0371971130371094 -0.016754150390625 0.0564155578613281
0.0181427001953125 0.0121784210205078 0.53094482421875 -0.349639892578125
0.0281314849853516 0.00154304504394531 0.259521484375 -0.83428955078125
-0.000966191291809082 0.00216352939605713 -0.504150390625 -0.60540771484375
-0.00949001312255859 0.00272750854492188 -0.63995361328125 0.0528564453125001
0.0185470581054688 0.00998687744140625 -0.326812744140625 0.364654541015625
0.0105524063110352 0.00369644165039063 0.063385009765625 0.325927734375
0.015925407409668 -0.0122776031494141 0.271835327148438 0.146804809570313
0.0312156677246094 -0.0107955932617188 -0.260482788085938 -0.136886596679687
0.0183830261230469 -0.003936767578125 -0.048797607421875 -0.32733154296875
0.0265140533447266 0.0123271942138672 0.299163818359375 -0.33929443359375
0.00373268127441406 0.0316886901855469 0.61346435546875 -0.00970458984375
-0.0244731903076172 0.00667572021484375 0.40460205078125 0.60321044921875
0.007965087890625 -0.0298995971679688 -0.1845703125 0.8289794921875
0.0116500854492187 0.0184288024902344 -0.482025146484375 0.411468505859375
0.0173263549804687 0.0363044738769531 -0.0119667053222656 0.0542755126953125
0.0082540512084961 0.0153160095214844 0.5281982421875 -0.353912353515625
0.0247707366943359 0.0095977783203125 0.2496337890625 -0.83477783203125
0.00237178802490234 0.0111598968505859 -0.51446533203125 -0.6021728515625
-0.00350809097290039 0.00399661064147949 -0.63848876953125 0.05743408203125
0.0243148803710938 0.00594139099121094 -0.322784423828125 0.367706298828125
0.0172128677368164 -0.00203227996826172 0.0650634765625 0.3267822265625
0.0156726837158203 -0.0142459869384766 0.273284912109375 0.146987915039063
0.0302581787109375 -0.0124721527099609 -0.26116943359375 -0.141586303710937
0.0235691070556641 -0.00893211364746094 -0.046112060546875 -0.330291748046875
0.0313854217529297 0.00809860229492188 0.3052978515625 -0.3377685546875
0.00794410705566406 0.0340461730957031 0.61798095703125 -0.0062255859375
-0.0218868255615234 0.0127220153808594 0.397705078125 0.607177734375
0.00431442260742188 -0.0242919921875 -0.19207763671875 0.82513427734375
0.00429916381835937 0.0214748382568359 -0.47869873046875 0.407928466796875
0.00923919677734375 0.0374107360839844 -0.00483322143554687 0.0530052185058594
8.39233398437499E-05 0.0178775787353516 0.529388427734375 -0.358428955078125
0.0202293395996094 0.0156707763671875 0.2374267578125 -0.838134765625
0.00440120697021484 0.0170326232910156 -0.5208740234375 -0.59637451171875
0.00197649002075195 0.00442075729370117 -0.6346435546875 0.0622558593750001
0.0305099487304688 0.00158119201660156 -0.317047119140625 0.370086669921875
0.0225296020507813 -0.00786399841308594 0.065582275390625 0.32666015625
0.0148582458496094 -0.0159883499145508 0.273147583007813 0.144973754882813
0.0248813629150391 -0.00264549255371094 -0.267364501953125 -0.15576171875
0.00217437744140625 0.0158109664916992 -0.064971923828125 -0.335235595703125
0.00929832458496094 0.0279178619384766 0.2947998046875 -0.345977783203125
-0.0153293609619141 0.0197772979736328 0.616455078125 -0.02911376953125
-0.0368843078613281 -0.0293388366699219 0.42138671875 0.58795166015625
0.016387939453125 -0.0730438232421875 -0.1546630859375 0.81689453125
0.0494651794433594 -0.00574874877929688 -0.455902099609375 0.405975341796875
0.0678634643554688 0.0340194702148438 0.0101699829101563 0.0492362976074219
0.0491752624511719 -0.0036163330078125 0.557891845703125 -0.357635498046875
0.0366287231445313 -0.0305213928222656 0.2867431640625 -0.84161376953125
-0.011810302734375 -0.02740478515625 -0.48736572265625 -0.61590576171875
-0.0248737335205078 -0.00490379333496093 -0.63031005859375 0.0415039062500001
0.00543022155761719 0.0177555084228516 -0.319610595703125 0.35345458984375
-0.000829696655273439 0.0149459838867188 0.0574951171875 0.31561279296875
0.0109386444091797 -0.0054168701171875 0.27154541015625 0.122604370117187
0.0261974334716797 -0.00264739990234375 -0.265960693359375 -0.148971557617187
0.001556396484375 0.0171127319335938 -0.065093994140625 -0.332489013671875
0.008087158203125 0.0296001434326172 0.28814697265625 -0.345550537109375
-0.0167827606201172 0.0209693908691406 0.61126708984375 -0.03326416015625
-0.0372581481933594 -0.0282325744628906 0.42425537109375 0.5826416015625
0.0160751342773438 -0.0705795288085937 -0.14923095703125 0.82159423828125
0.048828125 -0.00411605834960938 -0.458984375 0.412445068359375
0.0653762817382813 0.0346832275390625 -0.00280380249023437 0.0524787902832031
0.0493965148925781 -0.00145339965820313 0.553192138671875 -0.34759521484375
0.0388450622558594 -0.0284919738769531 0.295166015625 -0.8341064453125
-0.0109481811523437 -0.0279102325439453 -0.4793701171875 -0.620361328125
-0.025115966796875 -0.00519561767578125 -0.63262939453125 0.0351562499999999
0.00313186645507812 0.0184078216552734 -0.327667236328125 0.35125732421875
-0.00311756134033203 0.0171222686767578 0.05596923828125 0.31640625
0.0122299194335938 -0.00551128387451172 0.270858764648438 0.128219604492188
0.0272140502929688 -0.00310325622558594 -0.26202392578125 -0.141937255859375
0.00229167938232422 0.0167446136474609 -0.063323974609375 -0.32843017578125
0.00754928588867187 0.0291500091552734 0.287200927734375 -0.343353271484375
-0.0154304504394531 0.022430419921875 0.6092529296875 -0.0313720703125
-0.0362739562988281 -0.0242385864257812 0.42376708984375 0.585205078125
0.0168190002441406 -0.0648574829101563 -0.15167236328125 0.82757568359375
0.04364013671875 0.00069427490234375 -0.46588134765625 0.419219970703125
0.0584526062011719 0.0362358093261719 -0.0116310119628906 0.0552787780761719
0.0451011657714844 0.00146102905273438 0.54718017578125 -0.3426513671875
0.0391807556152344 -0.0231895446777344 0.29541015625 -0.833740234375
-0.00954818725585938 -0.0235309600830078 -0.47735595703125 -0.626220703125
-0.0248069763183594 -0.00423240661621094 -0.6357421875 0.0342407226562501
0.00345993041992188 0.0182704925537109 -0.3302001953125 0.352081298828125
-0.00293159484863281 0.016789436340332 0.05609130859375 0.318145751953125
0.0134487152099609 -0.00565338134765625 0.26953125 0.134368896484375
0.0282745361328125 -0.00505256652832031 -0.261856079101563 -0.137588500976563
0.00378608703613281 0.013092041015625 -0.05859375 -0.32672119140625
0.01068115234375 0.0266990661621094 0.28936767578125 -0.3399658203125
-0.0116500854492188 0.0248298645019531 0.6097412109375 -0.02362060546875
-0.0335521697998047 -0.0175457000732422 0.41766357421875 0.59075927734375
0.0162544250488281 -0.0575599670410156 -0.16204833984375 0.83062744140625
0.0378456115722656 0.00519180297851563 -0.474395751953125 0.41986083984375
0.0502395629882813 0.0369300842285156 -0.0156059265136719 0.0559539794921875
0.0379295349121094 0.00510025024414063 0.542388916015625 -0.344146728515625
0.0369110107421875 -0.0156745910644531 0.2850341796875 -0.83209228515625
-0.00768756866455078 -0.0163173675537109 -0.48675537109375 -0.619140625
-0.0204811096191406 -0.00162887573242187 -0.6368408203125 0.0413818359375
0.00664138793945313 0.0181236267089844 -0.330413818359375 0.35589599609375
0.000908851623535156 0.01416015625 0.05914306640625 0.321014404296875
0.0138607025146484 -0.00726127624511719 0.270843505859375 0.139572143554688
0.0290813446044922 -0.0064697265625 -0.259445190429688 -0.134628295898437
0.00859308242797852 0.00783443450927734 -0.054229736328125 -0.3250732421875
0.0155010223388672 0.0219802856445313 0.291534423828125 -0.338653564453125
-0.00719451904296875 0.0273971557617188 0.6097412109375 -0.01678466796875
-0.0299320220947266 -0.00992965698242187 0.4107666015625 0.59759521484375
0.0143966674804688 -0.048583984375 -0.17236328125 0.83203125
0.0287876129150391 0.0100536346435547 -0.47955322265625 0.418304443359375
0.0390548706054688 0.0369644165039063 -0.0182991027832031 0.0557365417480469
0.0281963348388672 0.00915145874023438 0.53582763671875 -0.34661865234375
0.0322132110595703 -0.00779151916503906 0.27520751953125 -0.8321533203125
-0.00368928909301758 -0.00771617889404297 -0.49273681640625 -0.613525390625
-0.0156574249267578 0.000712394714355471 -0.638671875 0.0479736328124999
0.0113792419433594 0.0142478942871094 -0.329742431640625 0.36260986328125
0.00546073913574219 0.00896072387695313 0.061431884765625 0.3231201171875
0.0147714614868164 -0.00988388061523438 0.271835327148438 0.143905639648438
0.0303001403808594 -0.00917243957519531 -0.260635375976563 -0.134918212890625
0.0131864547729492 0.002716064453125 -0.05230712890625 -0.32684326171875
0.021026611328125 0.0168361663818359 0.295684814453125 -0.339111328125
-0.00206184387207031 0.031005859375 0.611328125 -0.01123046875
-0.0267963409423828 -0.000455856323242186 0.40618896484375 0.60009765625
0.0111579895019531 -0.0392684936523438 -0.17950439453125 0.8291015625
0.0207862854003906 0.0147056579589844 -0.48187255859375 0.414825439453125
0.0285148620605469 0.0375289916992188 -0.0177803039550781 0.0561904907226563
0.0182685852050781 0.0123443603515625 0.529693603515625 -0.34619140625
0.0285587310791016 0.00063323974609375 0.26220703125 -0.83197021484375
-0.000847339630126953 0.00212991237640381 -0.5025634765625 -0.606689453125
-0.00950336456298828 0.00245094299316406 -0.63909912109375 0.0538940429687499
0.0183563232421875 0.0109024047851563 -0.326690673828125 0.36395263671875
0.0111474990844727 0.00342559814453125 0.062896728515625 0.3271484375
0.0145635604858398 -0.0129127502441406 0.272247314453125 0.147430419921875
0.0298919677734375 -0.0116024017333984 -0.260482788085938 -0.13751220703125
0.0183658599853516 -0.00384902954101563 -0.049072265625 -0.327423095703125
0.0268516540527344 0.0113754272460938 0.299163818359375 -0.336578369140625
0.00366973876953125 0.0325202941894531 0.6121826171875 -0.0078125
-0.0245647430419922 0.00674819946289062 0.4002685546875 0.6048583984375
0.00767707824707032 -0.0311946868896484 -0.18572998046875 0.82781982421875
0.0124759674072266 0.0189151763916016 -0.482147216796875 0.411773681640625
0.017822265625 0.0370674133300781 -0.0131072998046875 0.0546646118164063
0.00885391235351563 0.0161142349243164 0.528289794921875 -0.3502197265625
0.0246658325195313 0.00970840454101563 0.250732421875 -0.83404541015625
0.00287246704101563 0.0109806060791016 -0.51220703125 -0.59942626953125
-0.00306606292724609 0.00474739074707031 -0.638671875 0.0593261718750001
0.0245475769042969 0.00458717346191406 -0.3216552734375 0.367523193359375
0.0175838470458984 -0.00259017944335937 0.064453125 0.3272705078125
0.0151300430297852 -0.0146245956420898 0.272903442382813 0.147705078125
0.0306510925292969 -0.01318359375 -0.260955810546875 -0.141357421875
0.0239086151123047 -0.00907135009765625 -0.046600341796875 -0.329437255859375
0.0317859649658203 0.00817298889160156 0.30462646484375 -0.336669921875
0.00801658630371094 0.0348186492919922 0.61712646484375 -0.00439453125
-0.0222568511962891 0.0140380859375 0.39666748046875 0.60833740234375
0.00414085388183594 -0.0248928070068359 -0.19439697265625 0.82452392578125
0.00430488586425781 0.0218963623046875 -0.479736328125 0.406524658203125
0.00936508178710937 0.0370140075683594 -0.005157470703125 0.0536727905273438
0.001190185546875 0.0183773040771484 0.5291748046875 -0.356536865234375
0.0198211669921875 0.0151081085205078 0.23956298828125 -0.837646484375
0.005523681640625 0.0162935256958008 -0.51849365234375 -0.5965576171875
0.00167369842529297 0.00548696517944336 -0.6337890625 0.0625000000000001
0.0300788879394531 0.00160408020019531 -0.3155517578125 0.3681640625
0.0227890014648438 -0.00770378112792969 0.06561279296875 0.3265380859375
0.0146589279174805 -0.0157909393310547 0.273681640625 0.145355224609375
0.0254096984863281 -0.00306129455566406 -0.267547607421875 -0.15472412109375
0.0021810531616211 0.0161809921264648 -0.065032958984375 -0.33447265625
0.0101890563964844 0.0281028747558594 0.295196533203125 -0.3446044921875
-0.0144538879394531 0.0200977325439453 0.61676025390625 -0.02691650390625
-0.0371055603027344 -0.0296592712402344 0.4193115234375 0.59075927734375
0.0156326293945312 -0.0724105834960938 -0.157470703125 0.81640625
0.0502395629882812 -0.00497055053710937 -0.455810546875 0.4041748046875
0.0680809020996094 0.0341758728027344 0.00887298583984375 0.0490913391113281
0.0499496459960938 -0.00291061401367187 0.559295654296875 -0.3568115234375
0.0363922119140625 -0.0301437377929688 0.2906494140625 -0.8397216796875
-0.0115432739257812 -0.0272064208984375 -0.48577880859375 -0.61590576171875
-0.0240230560302734 -0.004547119140625 -0.62939453125 0.0402832031250001
0.00537300109863281 0.0167007446289063 -0.319366455078125 0.35321044921875
-0.000633239746093749 0.0148544311523437 0.05804443359375 0.31597900390625
0.010380744934082 -0.00518703460693359 0.271591186523438 0.123931884765625
0.0261917114257813 -0.00218009948730469 -0.264999389648438 -0.148666381835938
0.000726699829101561 0.0179634094238281 -0.06549072265625 -0.3316650390625
0.00730133056640625 0.0300827026367187 0.2894287109375 -0.344207763671875
-0.0158901214599609 0.0213222503662109 0.61273193359375 -0.03216552734375
-0.0374832153320313 -0.0279426574707031 0.42266845703125 0.58392333984375
0.0167388916015625 -0.0714111328125 -0.150146484375 0.82293701171875
0.0493698120117188 -0.00304412841796875 -0.460662841796875 0.41314697265625
0.0673103332519531 0.0358963012695313 -0.00351715087890625 0.0534286499023438
0.0508460998535156 -0.000980377197265625 0.55462646484375 -0.346099853515625
0.0394859313964844 -0.0285758972167969 0.298583984375 -0.83587646484375
-0.0110435485839844 -0.0280265808105469 -0.47808837890625 -0.6220703125
-0.0257167816162109 -0.00384140014648438 -0.6331787109375 0.0341796874999999
0.00323295593261719 0.0179843902587891 -0.326934814453125 0.350982666015625
-0.00214576721191406 0.0166158676147461 0.0555419921875 0.317657470703125
0.0118827819824219 -0.00454044342041016 0.271133422851563 0.128158569335938
0.0264816284179688 -0.00289154052734375 -0.26263427734375 -0.141494750976563
0.00245761871337891 0.0161113739013672 -0.063079833984375 -0.327789306640625
0.00819587707519531 0.0298843383789063 0.28778076171875 -0.3436279296875
-0.014404296875 0.0226249694824219 0.60919189453125 -0.02972412109375
-0.0348491668701172 -0.0235271453857422 0.42181396484375 0.58721923828125
0.0164947509765625 -0.0656318664550781 -0.15283203125 0.82806396484375
0.0448417663574219 0.00011444091796875 -0.4686279296875 0.417755126953125
0.0597801208496094 0.0369682312011719 -0.0118827819824219 0.0553054809570313
0.0455284118652344 0.00248336791992188 0.550384521484375 -0.3427734375
0.0391426086425781 -0.0229759216308594 0.298583984375 -0.8326416015625
-0.00901603698730469 -0.0241451263427734 -0.47637939453125 -0.6243896484375
-0.0254878997802734 -0.00311088562011718 -0.6361083984375 0.0337524414062501
0.00331878662109375 0.0180721282958984 -0.330291748046875 0.352294921875
-0.00220203399658203 0.0164709091186523 0.055999755859375 0.319305419921875
0.0131168365478516 -0.00529956817626953 0.271469116210938 0.134140014648438
0.02801513671875 -0.00467109680175781 -0.261444091796875 -0.137451171875
0.00476932525634766 0.013157844543457 -0.05859375 -0.32659912109375
0.0112972259521484 0.0266590118408203 0.289581298828125 -0.340423583984375
-0.0119266510009766 0.0249233245849609 0.6094970703125 -0.02008056640625
-0.0328617095947266 -0.0170669555664062 0.417236328125 0.5921630859375
0.0159454345703125 -0.0576972961425781 -0.1629638671875 0.83013916015625
0.0377540588378906 0.00498199462890625 -0.476104736328125 0.419036865234375
0.0505867004394531 0.0377311706542969 -0.0170173645019531 0.0556259155273438
0.0379486083984375 0.00570297241210938 0.542938232421875 -0.34332275390625
0.0370521545410156 -0.0158462524414062 0.287109375 -0.83233642578125
-0.00682735443115234 -0.0158481597900391 -0.48516845703125 -0.61865234375
-0.0205249786376953 -0.00169754028320313 -0.6357421875 0.0396728515625001
0.00647830963134766 0.0166177749633789 -0.329864501953125 0.357452392578125
0.0008697509765625 0.0145864486694336 0.059234619140625 0.321685791015625
0.0142412185668945 -0.00697708129882813 0.272003173828125 0.139968872070312
0.0298194885253906 -0.00710487365722656 -0.260223388671875 -0.13348388671875
0.00843286514282226 0.00860929489135742 -0.054779052734375 -0.325286865234375
0.0152416229248047 0.023101806640625 0.292755126953125 -0.33807373046875
-0.00709342956542969 0.0278358459472656 0.61083984375 -0.01593017578125
-0.0304660797119141 -0.00963783264160156 0.41033935546875 0.59979248046875
0.014434814453125 -0.0496177673339844 -0.17388916015625 0.83160400390625
0.0295829772949219 0.0111064910888672 -0.481536865234375 0.418975830078125
0.0392990112304688 0.0373687744140625 -0.0193595886230469 0.0557365417480469
0.0281486511230469 0.00899124145507813 0.537200927734375 -0.344207763671875
0.0326118469238281 -0.00775527954101562 0.27685546875 -0.8331298828125
-0.00415992736816406 -0.00782060623168945 -0.49365234375 -0.6136474609375
-0.015955924987793 0.000813484191894534 -0.6400146484375 0.04608154296875
0.0119171142578125 0.0133781433105469 -0.330413818359375 0.36138916015625
0.00564432144165039 0.00817728042602539 0.060821533203125 0.3238525390625
0.0141468048095703 -0.0102577209472656 0.272369384765625 0.144302368164063
0.0309123992919922 -0.00946044921875 -0.260162353515625 -0.135055541992187
0.013493537902832 0.00277900695800781 -0.0518798828125 -0.325592041015625
0.0211524963378906 0.0176029205322266 0.294891357421875 -0.3375244140625
-0.00177192687988281 0.0311088562011719 0.611083984375 -0.0108642578125
-0.0271892547607422 -0.00107765197753906 0.406494140625 0.6029052734375
0.0109634399414063 -0.0398406982421875 -0.18255615234375 0.83062744140625
0.0200538635253906 0.0143852233886719 -0.4825439453125 0.413543701171875
0.0285873413085938 0.0381736755371094 -0.0186424255371094 0.0561256408691406
0.0189437866210938 0.0133018493652344 0.53265380859375 -0.346221923828125
0.0287055969238281 0.00144195556640625 0.2635498046875 -0.8323974609375
-0.00037527084350586 0.00197410583496094 -0.50140380859375 -0.6087646484375
-0.0101280212402344 0.00333118438720703 -0.6397705078125 0.0516967773437499
0.0186138153076172 0.00991630554199219 -0.325714111328125 0.36309814453125
0.0113296508789063 0.00307750701904297 0.06304931640625 0.327850341796875
0.0137710571289063 -0.0123958587646484 0.273895263671875 0.147979736328125
0.0307350158691406 -0.0109176635742188 -0.260818481445313 -0.136734008789063
0.0188121795654297 -0.00375556945800781 -0.049102783203125 -0.3272705078125
0.0268573760986328 0.0125656127929688 0.3001708984375 -0.335479736328125
0.00369834899902344 0.0324878692626953 0.614013671875 -0.00640869140625
-0.0239295959472656 0.00655364990234375 0.40069580078125 0.60833740234375
0.00750541687011719 -0.0322399139404297 -0.1875 0.8275146484375
0.0116539001464844 0.0187664031982422 -0.485626220703125 0.41107177734375
0.0183944702148437 0.0382728576660156 -0.0139122009277344 0.0555000305175781
0.00920772552490234 0.016514778137207 0.530670166015625 -0.350189208984375
0.0248088836669922 0.00939369201660156 0.251953125 -0.8341064453125
0.00221633911132812 0.0101842880249023 -0.51031494140625 -0.6021728515625
-0.00347518920898437 0.00566720962524414 -0.63739013671875 0.0570068359375001
0.0243492126464844 0.00483894348144531 -0.3214111328125 0.3673095703125
0.017852783203125 -0.00240325927734375 0.065216064453125 0.32745361328125
0.0147819519042969 -0.0135297775268555 0.274185180664063 0.148452758789063
0.0299644470214844 -0.0128993988037109 -0.261367797851563 -0.141128540039062
0.0233821868896484 -0.00848960876464844 -0.04705810546875 -0.328704833984375
0.0326118469238281 0.00767707824707031 0.30499267578125 -0.336944580078125
0.00947952270507813 0.034271240234375 0.61651611328125 -0.0028076171875
-0.0221214294433594 0.0131607055664063 0.39520263671875 0.611083984375
0.00402259826660156 -0.0256900787353516 -0.19549560546875 0.8255615234375
0.00368881225585938 0.0220813751220703 -0.482635498046875 0.40460205078125
0.0103645324707031 0.0378532409667969 -0.00667190551757812 0.05291748046875
0.0016937255859375 0.0192470550537109 0.53082275390625 -0.356689453125
0.0201339721679687 0.0151348114013672 0.24285888671875 -0.8365478515625
0.00438117980957031 0.016871452331543 -0.51910400390625 -0.59814453125
0.00162601470947266 0.00542926788330078 -0.6346435546875 0.06158447265625
0.0301036834716797 0.00135612487792969 -0.316192626953125 0.3695068359375
0.02337646484375 -0.0092926025390625 0.0654296875 0.32757568359375
0.0141487121582031 -0.0156116485595703 0.274154663085938 0.146041870117188
0.0254383087158203 -0.00274658203125 -0.266952514648438 -0.154632568359375
0.00229549407958984 0.0166234970092773 -0.064208984375 -0.333892822265625
0.0102882385253906 0.0278511047363281 0.296051025390625 -0.34490966796875
-0.0144824981689453 0.0202465057373047 0.6182861328125 -0.0250244140625
-0.0379714965820312 -0.0294418334960938 0.4189453125 0.59259033203125
0.0147552490234375 -0.0739974975585937 -0.15814208984375 0.8211669921875
0.0502052307128906 -0.00421142578125 -0.45953369140625 0.404144287109375
0.06951904296875 0.0348625183105469 0.00855636596679687 0.0495491027832031
0.0501747131347656 -0.00228118896484375 0.56085205078125 -0.354888916015625
0.0372848510742187 -0.0295944213867187 0.29193115234375 -0.840087890625
-0.0112628936767578 -0.0278491973876953 -0.484619140625 -0.61865234375
-0.0239524841308594 -0.00352668762207031 -0.63055419921875 0.04107666015625
0.00523853302001953 0.0169906616210938 -0.320037841796875 0.354217529296875
-0.000492095947265624 0.0147600173950195 0.05706787109375 0.316925048828125
0.0110902786254883 -0.00434780120849609 0.272369384765625 0.1241455078125
0.0259151458740234 -0.00215339660644531 -0.26531982421875 -0.148178100585938
0.00156307220458985 0.0174369812011719 -0.06536865234375 -0.33038330078125
0.0085601806640625 0.0292243957519531 0.28973388671875 -0.3446044921875
-0.0151824951171875 0.0211124420166016 0.61376953125 -0.03173828125
-0.0374488830566406 -0.0283088684082031 0.42388916015625 0.58782958984375
0.0158538818359375 -0.0717849731445313 -0.153076171875 0.8240966796875
0.0502662658691406 -0.0027008056640625 -0.464508056640625 0.412139892578125
0.067474365234375 0.0366973876953125 -0.00422286987304687 0.0535316467285156
0.0509223937988281 0.000217437744140625 0.55706787109375 -0.346221923828125
0.0396232604980469 -0.02777099609375 0.30206298828125 -0.83740234375
-0.0116443634033203 -0.0281734466552734 -0.4771728515625 -0.6240234375
-0.0255317687988281 -0.00442123413085937 -0.6341552734375 0.03399658203125
0.00304412841796875 0.0188217163085938 -0.326416015625 0.352447509765625
-0.0018606185913086 0.0166635513305664 0.0562744140625 0.31805419921875
0.0116491317749023 -0.00512599945068359 0.271804809570313 0.129257202148438
0.0269088745117188 -0.00258064270019531 -0.263778686523438 -0.140975952148438
0.00256061553955078 0.0171403884887695 -0.063934326171875 -0.32818603515625
0.00942611694335938 0.0304527282714844 0.2894287109375 -0.34356689453125
-0.0139274597167969 0.0227108001708984 0.61053466796875 -0.027099609375
-0.0357513427734375 -0.0240249633789062 0.4202880859375 0.590087890625
0.01617431640625 -0.0664634704589844 -0.1551513671875 0.83026123046875
0.045166015625 0.00084686279296875 -0.47027587890625 0.419586181640625
0.0606231689453125 0.0385208129882813 -0.0143051147460938 0.0557365417480469
0.0451507568359375 0.0023956298828125 0.5518798828125 -0.339813232421875
0.039703369140625 -0.0239067077636719 0.30126953125 -0.83477783203125
-0.0099945068359375 -0.0240955352783203 -0.4774169921875 -0.62860107421875
-0.0248603820800781 -0.00333595275878906 -0.6373291015625 0.0329589843749999
0.00372695922851563 0.0176982879638672 -0.3311767578125 0.352630615234375
-0.00155735015869141 0.0169153213500977 0.055450439453125 0.321014404296875
0.0131978988647461 -0.00581550598144531 0.27203369140625 0.135498046875
0.0285453796386719 -0.00470542907714844 -0.262741088867188 -0.136932373046875
0.00473117828369141 0.01422119140625 -0.05914306640625 -0.327301025390625
0.0114536285400391 0.0272006988525391 0.29180908203125 -0.3402099609375
-0.0105400085449219 0.0257568359375 0.6109619140625 -0.020263671875
-0.0328750610351563 -0.0178451538085938 0.4154052734375 0.5980224609375
0.0158119201660156 -0.0590553283691406 -0.1654052734375 0.83209228515625
0.0381126403808594 0.00561141967773438 -0.4775390625 0.419281005859375
0.0508079528808594 0.0376167297363281 -0.0178298950195313 0.055633544921875
0.0388908386230469 0.0060577392578125 0.54486083984375 -0.342010498046875
0.037017822265625 -0.0161972045898438 0.2911376953125 -0.83453369140625
-0.00689506530761719 -0.0166120529174805 -0.48583984375 -0.62158203125
-0.0206851959228516 -0.00191497802734375 -0.63818359375 0.0403442382812501
0.00728511810302734 0.0164623260498047 -0.3321533203125 0.3577880859375
0.000922203063964845 0.0133790969848633 0.05908203125 0.3231201171875
0.013340950012207 -0.00678443908691406 0.27239990234375 0.13995361328125
0.0291118621826172 -0.00652503967285156 -0.26104736328125 -0.135040283203125
0.00816154479980469 0.0090789794921875 -0.055328369140625 -0.325775146484375
0.0160274505615234 0.0240554809570313 0.294158935546875 -0.338775634765625
-0.00620841979980469 0.0283565521240234 0.61163330078125 -0.01422119140625
-0.0294723510742188 -0.00961112976074219 0.41009521484375 0.60174560546875
0.0142059326171875 -0.0509109497070313 -0.17578125 0.8348388671875
0.030487060546875 0.0104084014892578 -0.4835205078125 0.41845703125
0.0402679443359375 0.038177490234375 -0.0200233459472656 0.0557403564453125
0.0295734405517578 0.00998687744140625 0.53826904296875 -0.3438720703125
0.0334358215332031 -0.00799179077148438 0.27923583984375 -0.8350830078125
-0.00437211990356445 -0.00745391845703125 -0.49310302734375 -0.61663818359375
-0.0160398483276367 0.00153923034667969 -0.64117431640625 0.0456542968750001
0.0116662979125977 0.0132722854614258 -0.329742431640625 0.361663818359375
0.00596046447753906 0.00898170471191406 0.061614990234375 0.324981689453125
0.0136899948120117 -0.00867366790771484 0.273452758789063 0.144561767578125
0.0302772521972656 -0.0101852416992188 -0.260818481445313 -0.135284423828125
0.0140972137451172 0.00191593170166016 -0.0523681640625 -0.326019287109375
0.0220508575439453 0.0173759460449219 0.29425048828125 -0.337371826171875
-0.00118637084960937 0.0308914184570312 0.61248779296875 -0.0089111328125
-0.0266685485839844 -0.00129318237304687 0.4071044921875 0.607177734375
0.0109901428222656 -0.0418624877929688 -0.18292236328125 0.83197021484375
0.0211696624755859 0.0146064758300781 -0.487518310546875 0.415191650390625
0.0288200378417969 0.0376853942871094 -0.0185165405273437 0.0558242797851563
0.0194549560546875 0.0142002105712891 0.533905029296875 -0.3447265625
0.0294036865234375 0.00118255615234375 0.2672119140625 -0.833740234375
-0.000509023666381836 0.00177979469299316 -0.500732421875 -0.6092529296875
-0.0106372833251953 0.00372314453125 -0.64105224609375 0.0526733398437499
0.0179080963134766 0.00966453552246094 -0.326995849609375 0.3646240234375
0.0122995376586914 0.00313663482666016 0.063720703125 0.328399658203125
0.014582633972168 -0.0114316940307617 0.274368286132813 0.148101806640625
0.0304698944091797 -0.0119438171386719 -0.261550903320313 -0.137466430664063
0.019256591796875 -0.00255012512207031 -0.049652099609375 -0.3272705078125
0.0275745391845703 0.0130023956298828 0.301727294921875 -0.33673095703125
0.00517463684082031 0.0331954956054688 0.61566162109375 -0.0045166015625
-0.0239353179931641 0.0065765380859375 0.399169921875 0.6116943359375
0.00707435607910156 -0.0325279235839844 -0.188720703125 0.8292236328125
0.0123004913330078 0.0194416046142578 -0.485565185546875 0.409820556640625
0.018524169921875 0.0385055541992187 -0.0142631530761719 0.0557518005371094
0.00946235656738281 0.0176944732666016 0.53125 -0.34954833984375
0.0246219635009766 0.00937271118164063 0.256591796875 -0.8355712890625
0.00198078155517578 0.0112237930297852 -0.51043701171875 -0.6053466796875
-0.00251007080078125 0.00571250915527344 -0.63958740234375 0.0568847656249999
0.0242290496826172 0.00531768798828125 -0.32171630859375 0.36737060546875
0.0184307098388672 -0.00309562683105469 0.065032958984375 0.329498291015625
0.0143089294433594 -0.0138940811157227 0.27557373046875 0.148239135742188
0.0308723449707031 -0.0117778778076172 -0.2618408203125 -0.140625
0.0239582061767578 -0.007965087890625 -0.047637939453125 -0.328887939453125
0.0325508117675781 0.00739288330078125 0.30535888671875 -0.33526611328125
0.00922203063964844 0.0349693298339844 0.61712646484375 0.00103759765625
-0.0224552154541016 0.0135822296142578 0.39556884765625 0.61474609375
0.00361442565917969 -0.0271415710449219 -0.1964111328125 0.82647705078125
0.00552558898925781 0.0218429565429687 -0.4833984375 0.405517578125
0.0108070373535156 0.038177490234375 -0.006195068359375 0.052520751953125
0.00179290771484375 0.0193805694580078 0.531524658203125 -0.353759765625
0.0197734832763672 0.0153331756591797 0.24298095703125 -0.83953857421875
0.00530719757080078 0.0167770385742188 -0.51922607421875 -0.6002197265625
0.00136280059814453 0.00589275360107422 -0.63525390625 0.0614624023437501
0.0310192108154297 0.00178146362304688 -0.31512451171875 0.3699951171875
0.0230331420898438 -0.00853347778320313 0.066986083984375 0.3280029296875
0.0145158767700195 -0.014923095703125 0.275726318359375 0.1463623046875
0.0251979827880859 -0.00227165222167969 -0.269577026367188 -0.155853271484375
0.00231552124023438 0.0182018280029297 -0.06573486328125 -0.334869384765625
0.011077880859375 0.0296459197998047 0.298004150390625 -0.343780517578125
-0.0138626098632813 0.0199642181396484 0.6209716796875 -0.02410888671875
-0.0369758605957031 -0.0294227600097656 0.4190673828125 0.59637451171875
0.0145187377929687 -0.0739898681640625 -0.16015625 0.8233642578125
0.0516777038574219 -0.004669189453125 -0.461761474609375 0.406097412109375
0.0702667236328125 0.0360984802246094 0.00804901123046876 0.0498809814453125
0.0510749816894531 -0.00111007690429688 0.56536865234375 -0.356689453125
0.0378456115722656 -0.0309181213378906 0.29534912109375 -0.8466796875
-0.0117244720458984 -0.0287456512451172 -0.48681640625 -0.62237548828125
-0.0243911743164063 -0.00373268127441407 -0.63385009765625 0.0397949218749999
0.0057821273803711 0.0163936614990234 -0.321014404296875 0.355804443359375
1.43051147460939E-05 0.0145969390869141 0.0577392578125 0.3182373046875
0.0105915069580078 -0.00506973266601563 0.27423095703125 0.124801635742187
0.0250625610351563 -0.0029754638671875 -0.265655517578125 -0.147415161132813
0.00132942199707031 0.01885986328125 -0.066314697265625 -0.332672119140625
0.00888252258300781 0.0307693481445312 0.291351318359375 -0.34674072265625
-0.014892578125 0.0211753845214844 0.61590576171875 -0.0294189453125
-0.0378189086914063 -0.02874755859375 0.4246826171875 0.59136962890625
0.015899658203125 -0.073028564453125 -0.1551513671875 0.8272705078125
0.0505332946777344 -0.003082275390625 -0.467041015625 0.413604736328125
0.068572998046875 0.0372314453125 -0.00589370727539062 0.0535850524902344
0.0512466430664063 0.000713348388671875 0.560791015625 -0.34600830078125
0.0401077270507813 -0.0293159484863281 0.30615234375 -0.83984375
-0.0116710662841797 -0.0281295776367188 -0.478271484375 -0.6290283203125
-0.0262413024902344 -0.00364112854003907 -0.63623046875 0.03314208984375
0.00289154052734375 0.0179634094238281 -0.327911376953125 0.35382080078125
-0.00140857696533203 0.0159454345703125 0.055633544921875 0.320526123046875
0.0106801986694336 -0.00445079803466797 0.274551391601563 0.13006591796875
0.0268840789794922 -0.00284194946289063 -0.265045166015625 -0.140975952148438
0.00254058837890625 0.0178146362304688 -0.063812255859375 -0.328704833984375
0.00906753540039063 0.030792236328125 0.289276123046875 -0.343780517578125
-0.013671875 0.0234432220458984 0.613525390625 -0.02752685546875
-0.0363006591796875 -0.0242919921875 0.42279052734375 0.5960693359375
0.0154151916503906 -0.0675926208496094 -0.1575927734375 0.8328857421875
0.0465316772460938 0.0011444091796875 -0.472869873046875 0.41973876953125
0.0615730285644531 0.0382003784179688 -0.0140876770019531 0.0557441711425781
0.0465660095214844 0.003265380859375 0.554718017578125 -0.341705322265625
0.0402984619140625 -0.023193359375 0.3048095703125 -0.8389892578125
-0.0102043151855469 -0.0236873626708984 -0.4776611328125 -0.63067626953125
-0.0250625610351563 -0.00305557250976563 -0.64019775390625 0.0341796874999999
0.00345706939697265 0.0174446105957031 -0.331817626953125 0.354461669921875
-0.000694274902343749 0.016749382019043 0.056396484375 0.32257080078125
0.0121707916259766 -0.00458431243896484 0.273788452148437 0.135772705078125
0.0278396606445313 -0.00465011596679688 -0.263076782226562 -0.136764526367188
0.00480079650878906 0.0146856307983398 -0.0595703125 -0.327362060546875
0.0117683410644531 0.0283489227294922 0.292083740234375 -0.340301513671875
-0.0108871459960937 0.0253372192382813 0.6138916015625 -0.02020263671875
-0.0331268310546875 -0.0182476043701172 0.41705322265625 0.6007080078125
0.0146713256835938 -0.06005859375 -0.16815185546875 0.83599853515625
0.0392532348632813 0.00564956665039063 -0.48114013671875 0.42022705078125
0.051239013671875 0.039154052734375 -0.0180778503417969 0.0564079284667969
0.0382308959960938 0.00740814208984375 0.546844482421875 -0.342498779296875
0.037384033203125 -0.0158843994140625 0.2928466796875 -0.8355712890625
-0.00712871551513672 -0.0154571533203125 -0.48736572265625 -0.6253662109375
-0.0205917358398438 -0.000755310058593752 -0.6407470703125 0.03900146484375
0.00643157958984375 0.0159263610839844 -0.33221435546875 0.3583984375
0.00134944915771484 0.0132045745849609 0.0587158203125 0.324615478515625
0.0128078460693359 -0.00660991668701172 0.27410888671875 0.140731811523437
0.0291652679443359 -0.00690269470214844 -0.262924194335938 -0.134841918945313
0.00952911376953125 0.00903892517089844 -0.055419921875 -0.325836181640625
0.0167350769042969 0.0232982635498047 0.29534912109375 -0.339630126953125
-0.00595855712890625 0.0282840728759766 0.61370849609375 -0.01177978515625
-0.0301036834716797 -0.0104522705078125 0.409912109375 0.60821533203125
0.0132064819335938 -0.0514945983886719 -0.178955078125 0.83648681640625
0.0306186676025391 0.0106277465820313 -0.488067626953125 0.4189453125
0.0409507751464844 0.0393638610839844 -0.0208168029785156 0.0565567016601563
0.0296821594238281 0.0111827850341797 0.541961669921875 -0.343780517578125
0.0336151123046875 -0.00717735290527344 0.2845458984375 -0.840087890625
-0.0041356086730957 -0.00719404220581055 -0.49420166015625 -0.61920166015625
-0.0153913497924805 0.00214958190917969 -0.642578125 0.0455322265625001
0.0115470886230469 0.013524055480957 -0.33154296875 0.362457275390625
0.00654983520507812 0.0084538459777832 0.06170654296875 0.327178955078125
0.0133609771728516 -0.00846195220947266 0.2750244140625 0.14544677734375
0.0299205780029297 -0.00935745239257813 -0.26263427734375 -0.135391235351563
0.0138683319091797 0.00386428833007813 -0.052093505859375 -0.3275146484375
0.0225162506103516 0.0180320739746094 0.29791259765625 -0.338653564453125
-0.000774383544921873 0.0319404602050781 0.615234375 -0.0091552734375
-0.0264148712158203 -0.00112724304199219 0.406005859375 0.611572265625
0.0097198486328125 -0.0419120788574219 -0.18487548828125 0.8359375
0.02197265625 0.0147933959960937 -0.48822021484375 0.417083740234375
0.0299224853515625 0.03875732421875 -0.0199546813964844 0.0572166442871094
0.0196590423583984 0.0151844024658203 0.536529541015625 -0.345184326171875
0.0297966003417969 0.00118064880371094 0.27130126953125 -0.83795166015625
-0.000629663467407227 0.00223278999328613 -0.5028076171875 -0.61260986328125
-0.0102462768554688 0.003326416015625 -0.64385986328125 0.0507202148437501
0.0177478790283203 0.0090179443359375 -0.3272705078125 0.366302490234375
0.0127325057983398 0.00230121612548828 0.064178466796875 0.330535888671875
0.013763427734375 -0.0115900039672852 0.277175903320313 0.149429321289063
0.0304737091064453 -0.0114192962646484 -0.263168334960938 -0.137405395507813
0.0186519622802734 -0.00272560119628906 -0.049713134765625 -0.3282470703125
0.0284252166748047 0.0124988555908203 0.30181884765625 -0.33758544921875
0.00509452819824219 0.0338211059570313 0.6175537109375 -0.00396728515625
-0.0240840911865234 0.00635147094726562 0.40081787109375 0.61639404296875
0.0070037841796875 -0.0339164733886719 -0.1934814453125 0.83331298828125
0.0122146606445313 0.019134521484375 -0.4906005859375 0.4114990234375
0.0193748474121094 0.03955078125 -0.0152664184570313 0.0554313659667969
0.00983810424804687 0.0184440612792969 0.53472900390625 -0.349029541015625
0.0252952575683594 0.00948143005371094 0.25872802734375 -0.84075927734375
0.00228977203369141 0.0108213424682617 -0.51263427734375 -0.6060791015625
-0.00358438491821289 0.00575923919677734 -0.64263916015625 0.0575561523437501
0.0244655609130859 0.00487136840820313 -0.322784423828125 0.36956787109375
0.0187969207763672 -0.0033721923828125 0.065521240234375 0.331268310546875
0.0133953094482422 -0.0133228302001953 0.27740478515625 0.149765014648438
0.0302181243896484 -0.0126609802246094 -0.262680053710938 -0.14178466796875
0.0241966247558594 -0.00776481628417969 -0.04791259765625 -0.329254150390625
0.0334644317626953 0.0082855224609375 0.306640625 -0.335906982421875
0.01007080078125 0.0352897644042969 0.61944580078125 0.000244140625000002
-0.0225601196289063 0.0130348205566406 0.39520263671875 0.61785888671875
0.00317764282226562 -0.0271148681640625 -0.2001953125 0.83038330078125
0.00531578063964844 0.0225868225097656 -0.48760986328125 0.40655517578125
0.0122337341308594 0.0394821166992188 -0.007476806640625 0.0542221069335938
0.00154304504394531 0.0200061798095703 0.534759521484375 -0.35382080078125
0.0210151672363281 0.0162563323974609 0.24884033203125 -0.84332275390625
0.00457572937011719 0.0173959732055664 -0.51910400390625 -0.604248046875
0.00123929977416992 0.00716018676757812 -0.63800048828125 0.060791015625
0.0302619934082031 0.000494003295898438 -0.31683349609375 0.37060546875
0.0245361328125 -0.0087127685546875 0.066436767578125 0.329742431640625
0.0134563446044922 -0.0150480270385742 0.277130126953125 0.1468505859375
0.0258731842041016 -0.00238227844238281 -0.271499633789063 -0.155776977539062
0.00338172912597656 0.017242431640625 -0.0662841796875 -0.33697509765625
0.0113639831542969 0.0293712615966797 0.29803466796875 -0.34613037109375
-0.0127067565917969 0.0201568603515625 0.62322998046875 -0.02435302734375
-0.0372314453125 -0.0304527282714844 0.42327880859375 0.60211181640625
0.0150909423828125 -0.0759811401367188 -0.16131591796875 0.82965087890625
0.0527267456054688 -0.00511932373046875 -0.46539306640625 0.409576416015625
0.0719985961914063 0.0363540649414063 0.00712585449218751 0.0499839782714844
0.0517539978027344 -0.000823974609375 0.56793212890625 -0.35797119140625
0.0388679504394531 -0.0302238464355469 0.298583984375 -0.8521728515625
-0.0117530822753906 -0.0283851623535156 -0.4886474609375 -0.62591552734375
-0.0248908996582031 -0.00357437133789063 -0.637939453125 0.03973388671875
0.00558662414550781 0.0161771774291992 -0.3223876953125 0.356689453125
0.000564575195312499 0.0139904022216797 0.059051513671875 0.32073974609375
0.0103797912597656 -0.00480365753173828 0.276931762695313 0.12493896484375
0.0259437561035156 -0.00260543823242188 -0.269775390625 -0.148880004882812
0.00216484069824219 0.0192298889160156 -0.06695556640625 -0.3341064453125
0.00920486450195312 0.0318260192871094 0.29266357421875 -0.34674072265625
-0.0143966674804687 0.0214672088623047 0.619140625 -0.02886962890625
-0.0375823974609375 -0.0290641784667969 0.4268798828125 0.59686279296875
0.0145263671875 -0.0743789672851562 -0.1551513671875 0.83392333984375
0.0515632629394531 -0.002899169921875 -0.47039794921875 0.416412353515625
0.0703582763671875 0.0372161865234375 -0.0059814453125 0.0534248352050781
0.0523490905761719 0.0015411376953125 0.56231689453125 -0.34674072265625
0.0405158996582031 -0.0289192199707031 0.30706787109375 -0.84649658203125
-0.0111465454101563 -0.0280895233154297 -0.48052978515625 -0.63134765625
-0.0264511108398438 -0.00451850891113281 -0.63995361328125 0.0339965820312501
0.00285911560058594 0.0177326202392578 -0.32904052734375 0.356597900390625
-0.00128459930419922 0.0161418914794922 0.056793212890625 0.32330322265625
0.0111017227172852 -0.00401878356933594 0.27685546875 0.131332397460938
0.0269832611083984 -0.003204345703125 -0.26611328125 -0.141921997070313
0.00247955322265625 0.0184307098388672 -0.06549072265625 -0.330291748046875
0.0099639892578125 0.0305042266845703 0.29095458984375 -0.345489501953125
-0.013214111328125 0.023468017578125 0.61737060546875 -0.02734375
-0.0357284545898438 -0.0241622924804687 0.42633056640625 0.60040283203125
0.0154914855957031 -0.0685501098632813 -0.15960693359375 0.83636474609375
0.0459709167480469 0.0009307861328125 -0.477325439453125 0.421966552734375
0.0619850158691406 0.0390472412109375 -0.0151863098144531 0.0560836791992188
0.0468215942382812 0.0038909912109375 0.557647705078125 -0.34332275390625
0.0397682189941406 -0.0235557556152344 0.3076171875 -0.8450927734375
-0.0101375579833984 -0.0236721038818359 -0.47991943359375 -0.6358642578125
-0.0251846313476562 -0.00231552124023437 -0.64398193359375 0.03411865234375
0.00348854064941406 0.0176181793212891 -0.334197998046875 0.357635498046875
-0.00196075439453125 0.015594482421875 0.05731201171875 0.324371337890625
0.0125522613525391 -0.00488948822021484 0.274978637695313 0.136734008789063
0.0282974243164063 -0.00510978698730469 -0.266250610351563 -0.137466430664063
0.00530052185058594 0.0147953033447266 -0.060546875 -0.330169677734375
0.0124149322509766 0.0284690856933594 0.292633056640625 -0.34149169921875
-0.00996971130371094 0.0260276794433594 0.617919921875 -0.01690673828125
-0.0338649749755859 -0.0183773040771484 0.42059326171875 0.60675048828125
0.014404296875 -0.0610618591308594 -0.168701171875 0.84014892578125
0.0396537780761719 0.0062713623046875 -0.484405517578125 0.422637939453125
0.0534515380859375 0.0386924743652344 -0.0189437866210937 0.0566291809082031
0.0398521423339844 0.0078887939453125 0.5501708984375 -0.34478759765625
0.0381088256835938 -0.0165367126464844 0.29632568359375 -0.8436279296875
-0.00706195831298828 -0.0163516998291016 -0.48883056640625 -0.62860107421875
-0.0217094421386719 0.000160217285156254 -0.64569091796875 0.0397338867187499
0.00636386871337891 0.0161228179931641 -0.332794189453125 0.3604736328125
0.00224590301513672 0.0129728317260742 0.060302734375 0.3277587890625
0.0127153396606445 -0.00705146789550781 0.27606201171875 0.141998291015625
0.0293254852294922 -0.00703811645507813 -0.264862060546875 -0.135162353515625
0.00958538055419922 0.00945758819580078 -0.057037353515625 -0.328643798828125
0.0168933868408203 0.0236225128173828 0.29595947265625 -0.339263916015625
-0.004669189453125 0.0282840728759766 0.616943359375 -0.010986328125
-0.0304126739501953 -0.0104789733886719 0.4134521484375 0.61279296875
0.0128822326660156 -0.0520820617675781 -0.179931640625 0.8433837890625
0.0310573577880859 0.0100975036621094 -0.490447998046875 0.421905517578125
0.0418815612792969 0.0398216247558594 -0.0212821960449219 0.056854248046875
0.0305805206298828 0.0120906829833984 0.544281005859375 -0.345428466796875
0.0342960357666016 -0.00800514221191406 0.28582763671875 -0.8421630859375
-0.00470542907714844 -0.00770902633666992 -0.4962158203125 -0.62158203125
-0.0165376663208008 0.00235843658447266 -0.64630126953125 0.0468139648437499
0.0117740631103516 0.0131063461303711 -0.331787109375 0.364776611328125
0.0062255859375 0.00810527801513672 0.063262939453125 0.329315185546875
0.0130071640014648 -0.00838279724121094 0.277786254882813 0.146636962890625
0.0297031402587891 -0.0100994110107422 -0.264892578125 -0.135162353515625
0.0143814086914063 0.003265380859375 -0.053375244140625 -0.32861328125
0.0226020812988281 0.0184078216552734 0.299407958984375 -0.341033935546875
0.000802993774414062 0.0313091278076172 0.61798095703125 -0.00628662109375
-0.0273170471191406 -0.0015411376953125 0.40911865234375 0.61700439453125
0.00991821289062499 -0.0429267883300781 -0.18682861328125 0.84051513671875
0.0226192474365234 0.0145721435546875 -0.49365234375 0.418670654296875
0.0309333801269531 0.0398521423339844 -0.0201797485351562 0.0572967529296875
0.0202846527099609 0.0152435302734375 0.540496826171875 -0.347015380859375
0.0300960540771484 0.000637054443359375 0.27337646484375 -0.8424072265625
-0.000849246978759766 0.00206005573272705 -0.505615234375 -0.61627197265625
-0.0112476348876953 0.00426387786865234 -0.64801025390625 0.05279541015625
0.0177688598632813 0.00905609130859375 -0.328460693359375 0.36932373046875
0.0128755569458008 0.00221061706542969 0.065216064453125 0.33251953125
0.0133686065673828 -0.0112113952636719 0.279159545898437 0.150238037109375
0.0308456420898438 -0.0114345550537109 -0.264404296875 -0.137680053710938
0.0199718475341797 -0.00302886962890625 -0.05078125 -0.32940673828125
0.0295906066894531 0.0131874084472656 0.304351806640625 -0.33880615234375
0.0062103271484375 0.0340690612792969 0.61993408203125 -0.00274658203125
-0.0239009857177734 0.00694656372070313 0.4044189453125 0.6202392578125
0.00639533996582031 -0.0343379974365234 -0.194091796875 0.8380126953125
0.0138759613037109 0.0195255279541016 -0.4927978515625 0.41461181640625
0.0205268859863281 0.0393753051757813 -0.0155906677246094 0.0556983947753906
0.0109939575195312 0.0186100006103516 0.538238525390625 -0.351654052734375
0.0259037017822266 0.00943183898925781 0.2635498046875 -0.84539794921875
0.00238513946533203 0.0107803344726563 -0.51507568359375 -0.611083984375
-0.00389385223388672 0.00646734237670899 -0.64617919921875 0.0577392578125
0.0245552062988281 0.00420951843261719 -0.32354736328125 0.37225341796875
0.0192604064941406 -0.00352668762207031 0.066925048828125 0.333404541015625
0.0136680603027344 -0.0139570236206055 0.280548095703125 0.150543212890625
0.0297412872314453 -0.0133438110351562 -0.2652587890625 -0.141876220703125
0.0250644683837891 -0.00806617736816406 -0.049041748046875 -0.3314208984375
0.0345363616943359 0.00858116149902344 0.308990478515625 -0.33740234375
0.01116943359375 0.0362777709960938 0.62359619140625 -0.000183105468749998
-0.0222358703613281 0.0126457214355469 0.3983154296875 0.6234130859375
0.00240898132324219 -0.0278167724609375 -0.20025634765625 0.83428955078125
0.00609397888183594 0.0226535797119141 -0.491973876953125 0.409027099609375
0.0131416320800781 0.0391998291015625 -0.00848388671875 0.053985595703125
0.00208282470703125 0.0206451416015625 0.538177490234375 -0.3568115234375
0.0211563110351563 0.0156822204589844 0.25079345703125 -0.847900390625
0.00469970703125 0.01763916015625 -0.52276611328125 -0.60638427734375
0.00113916397094727 0.00747108459472656 -0.6409912109375 0.0620727539062499
0.0303802490234375 0.000940322875976563 -0.31915283203125 0.37310791015625
0.0242424011230469 -0.0100021362304688 0.0677490234375 0.332427978515625
0.0134029388427734 -0.0147552490234375 0.279983520507813 0.147506713867188
0.0253009796142578 -0.00164604187011719 -0.273712158203125 -0.1563720703125
0.00336837768554688 0.0179595947265625 -0.067840576171875 -0.339385986328125
0.0117340087890625 0.0294914245605469 0.299957275390625 -0.3497314453125
-0.012664794921875 0.0201568603515625 0.62823486328125 -0.0240478515625
-0.0380439758300781 -0.0302658081054687 0.42645263671875 0.60675048828125
0.0138473510742187 -0.0769805908203125 -0.16302490234375 0.83404541015625
0.0530281066894531 -0.004852294921875 -0.468994140625 0.411865234375
0.0728912353515625 0.0374374389648438 0.00635147094726562 0.0510177612304688
0.0526847839355469 -0.0002288818359375 0.57147216796875 -0.359619140625
0.0386505126953125 -0.0312232971191406 0.30035400390625 -0.85797119140625
-0.0122432708740234 -0.0282058715820313 -0.492431640625 -0.629150390625
-0.0252208709716797 -0.00306320190429688 -0.64031982421875 0.04144287109375
0.00518131256103516 0.0161638259887695 -0.322509765625 0.360748291015625
0.000582695007324219 0.0136919021606445 0.060333251953125 0.3232421875
0.00957965850830078 -0.00406742095947266 0.279067993164063 0.125030517578125
0.0263118743896484 -0.00211524963378906 -0.270263671875 -0.149063110351562
0.00269699096679688 0.0197849273681641 -0.068145751953125 -0.3348388671875
0.0106792449951172 0.0310955047607422 0.29412841796875 -0.349578857421875
-0.0140514373779297 0.0211467742919922 0.62396240234375 -0.029052734375
-0.0379791259765625 -0.0296096801757812 0.43048095703125 0.6011962890625
0.0145263671875 -0.0743484497070312 -0.15447998046875 0.83917236328125
0.0524330139160156 -0.00297164916992188 -0.4736328125 0.421051025390625
0.071441650390625 0.0381927490234375 -0.00608062744140624 0.0545845031738281
0.0529022216796875 0.0023345947265625 0.56622314453125 -0.35064697265625
0.0409889221191406 -0.0294418334960938 0.31036376953125 -0.8521728515625
-0.0112495422363281 -0.0279140472412109 -0.4852294921875 -0.63604736328125
-0.0262260437011719 -0.00304985046386719 -0.6441650390625 0.0361328124999999
0.00292587280273438 0.0177707672119141 -0.330078125 0.35791015625
-0.002166748046875 0.0162630081176758 0.058624267578125 0.325286865234375
0.0108747482299805 -0.00368785858154297 0.278915405273438 0.131301879882813
0.027496337890625 -0.00311088562011719 -0.268829345703125 -0.141860961914063
0.00283241271972656 0.0182456970214844 -0.067169189453125 -0.332000732421875
0.0103893280029297 0.0312938690185547 0.2918701171875 -0.34814453125
-0.0120258331298828 0.0242385864257813 0.6195068359375 -0.0272216796875
-0.0361862182617188 -0.0248069763183594 0.43060302734375 0.6044921875
0.0145263671875 -0.0703277587890625 -0.158203125 0.843505859375
0.0469245910644531 0.00051116943359375 -0.480865478515625 0.425689697265625
0.0630836486816406 0.0386466979980469 -0.0155181884765625 0.0563430786132813
0.0485572814941406 0.00526809692382813 0.561798095703125 -0.34619140625
0.0406494140625 -0.0248756408691406 0.30999755859375 -0.8494873046875
-0.00977516174316406 -0.0237445831298828 -0.4844970703125 -0.63909912109375
-0.0256118774414063 -0.00115776062011719 -0.6480712890625 0.03607177734375
0.00374603271484375 0.0171899795532227 -0.334228515625 0.359130859375
-0.00047779083251953 0.0161037445068359 0.058837890625 0.326751708984375
0.0117969512939453 -0.00417613983154297 0.27899169921875 0.136688232421875
0.0283641815185547 -0.00524520874023438 -0.268325805664063 -0.13739013671875
0.00612449645996094 0.0150632858276367 -0.06207275390625 -0.3310546875
0.0132579803466797 0.0286178588867188 0.294189453125 -0.344207763671875
-0.0095062255859375 0.0253505706787109 0.62164306640625 -0.01806640625
-0.0337638854980469 -0.0183753967285156 0.42279052734375 0.6103515625
0.0140037536621094 -0.0616836547851562 -0.16796875 0.84710693359375
0.0409317016601562 0.00532913208007813 -0.48834228515625 0.42724609375
0.0535697937011719 0.0401115417480469 -0.0194740295410156 0.0570144653320312
0.0408515930175781 0.00863265991210937 0.554962158203125 -0.34881591796875
0.0386810302734375 -0.0167808532714844 0.29833984375 -0.8492431640625
-0.00683879852294922 -0.0168256759643555 -0.4942626953125 -0.6314697265625
-0.0222682952880859 0.000562667846679685 -0.6505126953125 0.042724609375
0.00655364990234375 0.0159616470336914 -0.335113525390625 0.363311767578125
0.00197601318359375 0.0133514404296875 0.061767578125 0.32958984375
0.0127058029174805 -0.00604343414306641 0.279373168945313 0.142364501953125
0.0290870666503906 -0.00721549987792969 -0.266555786132813 -0.134796142578125
0.00930309295654297 0.0094451904296875 -0.05780029296875 -0.329559326171875
0.0187168121337891 0.0241413116455078 0.297454833984375 -0.3436279296875
-0.00484085083007812 0.0290412902832031 0.6214599609375 -0.01202392578125
-0.0306129455566406 -0.00982856750488281 0.4169921875 0.6181640625
0.0128631591796875 -0.0524864196777344 -0.179931640625 0.84954833984375
0.0321044921875 0.0106830596923828 -0.493927001953125 0.42559814453125
0.0431938171386719 0.0402679443359375 -0.0224723815917969 0.0575942993164063
0.0310878753662109 0.0125885009765625 0.5482177734375 -0.34698486328125
0.035308837890625 -0.00780105590820312 0.28778076171875 -0.85089111328125
-0.00344944000244141 -0.00763845443725586 -0.50006103515625 -0.62615966796875
-0.0161371231079102 0.00280857086181641 -0.65179443359375 0.046142578125
0.0116739273071289 0.0130481719970703 -0.33367919921875 0.369232177734375
0.00677061080932617 0.00815677642822266 0.064666748046875 0.33172607421875
0.0131692886352539 -0.00821685791015625 0.2806396484375 0.146331787109375
0.030303955078125 -0.01019287109375 -0.2669677734375 -0.134979248046875
0.0146350860595703 0.00325489044189453 -0.054931640625 -0.33050537109375
0.0231800079345703 0.0188884735107422 0.299774169921875 -0.341827392578125
0.000799179077148435 0.0314807891845703 0.62200927734375 -0.0062255859375
-0.0264949798583984 -0.00144767761230469 0.4130859375 0.62115478515625
0.00873184204101563 -0.0435523986816406 -0.18792724609375 0.8470458984375
0.0235462188720703 0.0156459808349609 -0.49676513671875 0.422882080078125
0.0323333740234375 0.0398674011230469 -0.0209197998046875 0.0580711364746094
0.0204658508300781 0.015777587890625 0.543121337890625 -0.34881591796875
0.0308647155761719 0.00108718872070313 0.27569580078125 -0.8497314453125
-0.000653505325317383 0.00263595581054688 -0.5106201171875 -0.62005615234375
-0.009979248046875 0.00527572631835937 -0.6512451171875 0.0537109375
0.0182094573974609 0.00898933410644531 -0.32855224609375 0.373931884765625
0.0130271911621094 0.00158309936523438 0.066650390625 0.335357666015625
0.0129489898681641 -0.0109748840332031 0.281982421875 0.150421142578125
0.0302886962890625 -0.0121498107910156 -0.267288208007813 -0.13690185546875
0.0190982818603516 -0.00293159484863281 -0.052490234375 -0.33184814453125
0.0296821594238281 0.0128993988037109 0.30462646484375 -0.34130859375
0.00672531127929688 0.0337696075439453 0.62603759765625 -0.0035400390625
-0.0241508483886719 0.00646209716796875 0.4068603515625 0.62554931640625
0.0049285888671875 -0.03515625 -0.19464111328125 0.844482421875
0.0132884979248047 0.0191097259521484 -0.4976806640625 0.417236328125
0.0215682983398438 0.0400505065917969 -0.0168838500976562 0.0565910339355469
0.0108394622802734 0.019195556640625 0.54248046875 -0.353485107421875
0.0262298583984375 0.00913619995117188 0.264404296875 -0.85162353515625
0.00320339202880859 0.0113544464111328 -0.51837158203125 -0.61297607421875
-0.00461864471435547 0.00661230087280273 -0.651123046875 0.0607299804687499
0.0248622894287109 0.00505828857421875 -0.324798583984375 0.3763427734375
0.0195579528808594 -0.0042724609375 0.0693359375 0.335784912109375
0.0132617950439453 -0.0129499435424805 0.282562255859375 0.150482177734375
0.0303401947021484 -0.0130710601806641 -0.267654418945312 -0.141311645507813
0.0253314971923828 -0.00826454162597656 -0.050323486328125 -0.33319091796875
0.0352058410644531 0.00922012329101563 0.308837890625 -0.34033203125
0.0122184753417969 0.0358543395996094 0.626953125 -0.000244140624999998
-0.0223102569580078 0.0128021240234375 0.40362548828125 0.62945556640625
0.00189971923828125 -0.0283660888671875 -0.2000732421875 0.84088134765625
0.00621604919433594 0.0223312377929688 -0.494354248046875 0.4136962890625
0.0137825012207031 0.0401077270507813 -0.00899505615234375 0.0552177429199219
0.00268936157226562 0.0219440460205078 0.54168701171875 -0.359130859375
0.022125244140625 0.0161838531494141 0.25244140625 -0.85528564453125
0.00544929504394531 0.0180854797363281 -0.52813720703125 -0.60955810546875
0.00048065185546875 0.00775909423828125 -0.64617919921875 0.0640869140625
0.0303707122802734 0.00026702880859375 -0.31781005859375 0.376220703125
0.0250110626220703 -0.00996971130371094 0.06964111328125 0.334991455078125
0.0127401351928711 -0.0149745941162109 0.28302001953125 0.149139404296875
0.0253982543945312 -0.00262451171875 -0.275497436523438 -0.155685424804688
0.00355720520019531 0.0176010131835938 -0.070343017578125 -0.34039306640625
0.013153076171875 0.0299358367919922 0.3011474609375 -0.350860595703125
-0.0127830505371094 0.0201377868652344 0.63287353515625 -0.0264892578125
-0.0389556884765625 -0.0306663513183594 0.43194580078125 0.6116943359375
0.0130157470703125 -0.0772857666015625 -0.1602783203125 0.84259033203125
0.0535888671875 -0.0052032470703125 -0.47100830078125 0.41693115234375
0.0745391845703125 0.0373306274414063 0.00537872314453125 0.0516166687011719
0.0533103942871094 0.000850677490234375 0.57464599609375 -0.36346435546875
0.0393218994140625 -0.0320892333984375 0.30126953125 -0.8663330078125
-0.0126323699951172 -0.0277004241943359 -0.49859619140625 -0.6326904296875
-0.0257358551025391 -0.00306320190429687 -0.6453857421875 0.043701171875
0.00504207611083984 0.0169095993041992 -0.322845458984375 0.365447998046875
0.000255584716796874 0.0137176513671875 0.06280517578125 0.32647705078125
0.00962352752685547 -0.00383281707763672 0.28314208984375 0.125640869140625
0.0263557434082031 -0.00203704833984375 -0.274017333984375 -0.148269653320313
0.001556396484375 0.0194549560546875 -0.069915771484375 -0.337158203125
0.0106582641601562 0.0312347412109375 0.29486083984375 -0.352691650390625
-0.0129623413085938 0.0215587615966797 0.628173828125 -0.03021240234375
-0.0374641418457031 -0.0290031433105469 0.43743896484375 0.6070556640625
0.0140380859375 -0.0756912231445312 -0.1552734375 0.8466796875
0.0524253845214844 -0.0041656494140625 -0.47698974609375 0.424957275390625
0.072479248046875 0.0374603271484375 -0.00672912597656249 0.055450439453125
0.0532264709472656 0.00207138061523438 0.57098388671875 -0.35491943359375
0.0417251586914063 -0.0301322937011719 0.31103515625 -0.86181640625
-0.0115261077880859 -0.0282440185546875 -0.49029541015625 -0.6385498046875
-0.0269374847412109 -0.00262260437011718 -0.64910888671875 0.0386962890625001
0.00293540954589844 0.0169572830200195 -0.3309326171875 0.363006591796875
-0.000795364379882811 0.0158443450927734 0.06024169921875 0.32818603515625
0.00944709777832031 -0.00362873077392578 0.282958984375 0.13092041015625
0.02716064453125 -0.00324630737304688 -0.271820068359375 -0.141510009765625
0.00315093994140625 0.0182781219482422 -0.068450927734375 -0.334564208984375
0.0119762420654297 0.0315113067626953 0.293060302734375 -0.350372314453125
-0.0114269256591797 0.0239696502685547 0.6265869140625 -0.02801513671875
-0.0377311706542969 -0.0249786376953125 0.434326171875 0.60943603515625
0.0137252807617187 -0.0701904296875 -0.1563720703125 0.8519287109375
0.0488166809082031 0.00061798095703125 -0.484375 0.431640625
0.0648269653320313 0.03936767578125 -0.0162506103515625 0.0570907592773438
0.0488128662109375 0.00548553466796875 0.564453125 -0.3497314453125
0.0413551330566406 -0.0246429443359375 0.3101806640625 -0.8602294921875
-0.00979995727539063 -0.0244102478027344 -0.4910888671875 -0.64263916015625
-0.0260601043701172 -0.00118637084960938 -0.653076171875 0.0385131835937501
0.00316715240478516 0.0169048309326172 -0.334808349609375 0.36456298828125
-0.000729560852050782 0.0152339935302734 0.061553955078125 0.329803466796875
0.0110712051391602 -0.00446128845214844 0.2818603515625 0.136871337890625
0.0274333953857422 -0.00521278381347656 -0.270492553710938 -0.136993408203125
0.00502395629882813 0.0155868530273438 -0.064697265625 -0.332550048828125
0.0140609741210937 0.0289821624755859 0.295135498046875 -0.346923828125
-0.00948143005371094 0.0264472961425781 0.6259765625 -0.0186767578125
-0.034576416015625 -0.0184707641601563 0.43121337890625 0.616943359375
0.0137710571289062 -0.0624732971191406 -0.16754150390625 0.854248046875
0.0413932800292969 0.005828857421875 -0.49114990234375 0.431243896484375
0.0554771423339844 0.0405654907226563 -0.0208206176757812 0.0580558776855469
0.0413780212402344 0.00902557373046875 0.55731201171875 -0.350311279296875
0.039398193359375 -0.0173759460449219 0.2999267578125 -0.85931396484375
-0.00683784484863281 -0.0168828964233398 -0.501220703125 -0.63543701171875
-0.0219993591308594 0.000352859497070309 -0.65350341796875 0.0452880859374999
0.00693130493164063 0.0158147811889648 -0.334381103515625 0.368133544921875
0.00205516815185547 0.0131492614746094 0.063507080078125 0.33203125
0.0120525360107422 -0.00621223449707031 0.282745361328125 0.143280029296875
0.0296688079833984 -0.00733184814453125 -0.269577026367188 -0.134368896484375
0.00980186462402344 0.00917816162109375 -0.060272216796875 -0.33123779296875
0.0182838439941406 0.0240802764892578 0.29840087890625 -0.345062255859375
-0.0046539306640625 0.0284519195556641 0.6265869140625 -0.01348876953125
-0.0307350158691406 -0.0106620788574219 0.42340087890625 0.622802734375
0.0111579895019531 -0.0536346435546875 -0.17840576171875 0.85699462890625
0.0332221984863281 0.0107955932617188 -0.497039794921875 0.42950439453125
0.0436744689941406 0.0403594970703125 -0.0233306884765625 0.0587043762207031
0.0325412750244141 0.0133075714111328 0.5511474609375 -0.350677490234375
0.0358772277832031 -0.00852203369140625 0.2900390625 -0.86016845703125
-0.00378608703613281 -0.00730228424072266 -0.50787353515625 -0.6295166015625
-0.0166854858398438 0.00245952606201172 -0.65606689453125 0.0505981445312499
0.0116119384765625 0.0127153396606445 -0.334442138671875 0.3721923828125
0.00736761093139648 0.00733327865600586 0.066162109375 0.33489990234375
0.0122861862182617 -0.00826072692871094 0.284393310546875 0.14630126953125
0.0305404663085937 -0.0107212066650391 -0.270492553710938 -0.135116577148438
0.0154333114624023 0.00389289855957031 -0.056976318359375 -0.3323974609375
0.0245132446289063 0.0185871124267578 0.3001708984375 -0.345703125
0.00244331359863281 0.0318088531494141 0.62725830078125 -0.0084228515625
-0.0279788970947266 -0.0014495849609375 0.42022705078125 0.6258544921875
0.00852584838867188 -0.044586181640625 -0.186767578125 0.85296630859375
0.0240039825439453 0.0150661468505859 -0.499359130859375 0.427734375
0.0339088439941406 0.0405387878417969 -0.0218505859375 0.0584259033203125
0.021484375 0.0164642333984375 0.5469970703125 -0.353546142578125
0.0312042236328125 0.000957489013671875 0.27606201171875 -0.8570556640625
5.9843063354492E-05 0.00256848335266113 -0.51715087890625 -0.62408447265625
-0.0105800628662109 0.006103515625 -0.656494140625 0.0564575195312499
0.0178680419921875 0.00906181335449219 -0.32952880859375 0.375823974609375
0.0130767822265625 0.0020599365234375 0.069061279296875 0.33880615234375
0.0124273300170898 -0.0112342834472656 0.285675048828125 0.15069580078125
0.0304203033447266 -0.0122261047363281 -0.270004272460938 -0.136764526367188
0.0201225280761719 -0.00262260437011719 -0.054351806640625 -0.33355712890625
0.03143310546875 0.0129737854003906 0.305755615234375 -0.345001220703125
0.00775146484375 0.0345344543457031 0.6295166015625 -0.0040283203125
-0.0252838134765625 0.00732612609863281 0.41363525390625 0.6304931640625
0.00500106811523438 -0.0360565185546875 -0.1947021484375 0.8525390625
0.0143032073974609 0.0191116333007812 -0.50115966796875 0.4227294921875
0.0230331420898438 0.0400543212890625 -0.0177040100097656 0.0573501586914063
0.0119075775146484 0.0204257965087891 0.54510498046875 -0.35736083984375
0.0265903472900391 0.00922393798828125 0.26385498046875 -0.85943603515625
0.00306510925292969 0.0112762451171875 -0.5240478515625 -0.6165771484375
-0.00430536270141601 0.00805377960205078 -0.6553955078125 0.06341552734375
0.0246944427490234 0.00438117980957031 -0.3238525390625 0.37939453125
0.01947021484375 -0.00519752502441406 0.06988525390625 0.338409423828125
0.0129051208496094 -0.012822151184082 0.285888671875 0.150970458984375
0.0303688049316406 -0.0144710540771484 -0.270584106445313 -0.141326904296875
0.0265312194824219 -0.007904052734375 -0.05218505859375 -0.335357666015625
0.0364952087402344 0.00804519653320313 0.311065673828125 -0.342803955078125
0.0126228332519531 0.0363883972167969 0.63201904296875 -0.000976562499999998
-0.0232372283935547 0.0127964019775391 0.4078369140625 0.63360595703125
0.00137901306152344 -0.0296764373779297 -0.20098876953125 0.848388671875
0.00781631469726563 0.0218029022216797 -0.4979248046875 0.41693115234375
0.0147590637207031 0.0391998291015625 -0.009429931640625 0.0553245544433594
0.00361824035644531 0.0220832824707031 0.5462646484375 -0.36236572265625
0.0232639312744141 0.0153789520263672 0.25115966796875 -0.8636474609375
0.00579452514648438 0.0180912017822266 -0.53436279296875 -0.6123046875
0.000516414642333984 0.00835037231445313 -0.651611328125 0.06707763671875
0.0302257537841797 -0.000562667846679687 -0.31854248046875 0.3804931640625
0.024566650390625 -0.0104122161865234 0.0718994140625 0.337615966796875
0.0122175216674805 -0.0144834518432617 0.286590576171875 0.14801025390625
0.0249843597412109 -0.00321197509765625 -0.2796630859375 -0.155044555664062
0.00403785705566406 0.0189285278320312 -0.073028564453125 -0.34326171875
0.0135269165039063 0.0297451019287109 0.302642822265625 -0.356201171875
-0.0118408203125 0.0208911895751953 0.638916015625 -0.02899169921875
-0.0394439697265625 -0.030792236328125 0.43963623046875 0.615234375
0.012725830078125 -0.0786285400390625 -0.1595458984375 0.85101318359375
0.0546989440917969 -0.00564193725585938 -0.47381591796875 0.4228515625
0.0757369995117188 0.037078857421875 0.00547790527343751 0.0518226623535156
0.05450439453125 0.0002593994140625 0.5777587890625 -0.36993408203125
0.039947509765625 -0.0322647094726563 0.300537109375 -0.87725830078125
-0.0117359161376953 -0.0285854339599609 -0.5052490234375 -0.634765625
-0.0254020690917969 -0.00194358825683593 -0.6510009765625 0.0490112304687501
0.00529384613037109 0.0159950256347656 -0.32269287109375 0.369354248046875
0.000715255737304687 0.0135078430175781 0.065765380859375 0.329132080078125
0.00964736938476562 -0.00327873229980469 0.28656005859375 0.124969482421875
0.0258502960205078 -0.00253486633300781 -0.277328491210937 -0.148208618164063
0.00265121459960937 0.0200271606445313 -0.073760986328125 -0.339996337890625
0.0116157531738281 0.0319671630859375 0.29412841796875 -0.356201171875
-0.0124225616455078 0.0214080810546875 0.63311767578125 -0.03302001953125
-0.0392303466796875 -0.0297164916992188 0.4442138671875 0.610107421875
0.0129241943359375 -0.0772552490234375 -0.151123046875 0.85394287109375
0.05413818359375 -0.00431442260742188 -0.478302001953125 0.431549072265625
0.0743255615234375 0.0383682250976563 -0.00738906860351562 0.0554084777832031
0.0547676086425781 0.00191116333007813 0.5743408203125 -0.3592529296875
0.0419540405273438 -0.0312957763671875 0.3096923828125 -0.87030029296875
-0.0113449096679687 -0.0284786224365234 -0.4976806640625 -0.64306640625
-0.0270404815673828 -0.00201225280761719 -0.65423583984375 0.041748046875
0.00259208679199219 0.0176792144775391 -0.3299560546875 0.368499755859375
-0.000958442687988283 0.0157041549682617 0.063018798828125 0.330902099609375
0.00987148284912109 -0.00273418426513672 0.2862548828125 0.13043212890625
0.0267772674560547 -0.00370979309082031 -0.275253295898438 -0.140777587890625
0.00381660461425781 0.0185451507568359 -0.071990966796875 -0.3360595703125
0.0126514434814453 0.0317974090576172 0.2928466796875 -0.35491943359375
-0.0107650756835937 0.0235919952392578 0.62982177734375 -0.0303955078125
-0.0379829406738281 -0.0253715515136719 0.4423828125 0.61285400390625
0.0130386352539063 -0.0717239379882813 -0.15460205078125 0.860107421875
0.0486717224121094 -0.000274658203125 -0.486358642578125 0.436920166015625
0.0665283203125 0.039642333984375 -0.0168113708496094 0.057891845703125
0.0500907897949219 0.00555419921875 0.5670166015625 -0.35516357421875
0.0419158935546875 -0.0253982543945313 0.30810546875 -0.869873046875
-0.01025390625 -0.02362060546875 -0.4976806640625 -0.64483642578125
-0.0257511138916016 -0.000946044921875 -0.65826416015625 0.0424194335937499
0.00344085693359375 0.017268180847168 -0.335723876953125 0.3682861328125
-0.000270843505859374 0.0149335861206055 0.064239501953125 0.332611083984375
0.0107154846191406 -0.00407886505126953 0.28497314453125 0.136016845703125
0.0287017822265625 -0.00583457946777344 -0.274673461914062 -0.136245727539063
0.00640773773193359 0.0151042938232422 -0.066436767578125 -0.3348388671875
0.0152034759521484 0.0283470153808594 0.29638671875 -0.351287841796875
-0.00786972045898437 0.0268516540527344 0.63018798828125 -0.02227783203125
-0.0348300933837891 -0.0179691314697266 0.436279296875 0.6212158203125
0.0118141174316406 -0.0639114379882813 -0.16473388671875 0.86376953125
0.0421180725097656 0.005096435546875 -0.494537353515625 0.435546875
0.0567665100097656 0.0405769348144531 -0.0215568542480469 0.0581092834472656
0.0427017211914063 0.00974655151367188 0.5611572265625 -0.35595703125
0.039886474609375 -0.0173377990722656 0.29791259765625 -0.8665771484375
-0.00692939758300781 -0.0166587829589844 -0.50689697265625 -0.6390380859375
-0.0226879119873047 0.00195121765136719 -0.65948486328125 0.0494384765625
0.00703907012939453 0.0157785415649414 -0.3359375 0.373016357421875
0.00236034393310547 0.0119686126708984 0.06658935546875 0.335723876953125
0.0118541717529297 -0.0047454833984375 0.286376953125 0.141845703125
0.0296382904052734 -0.00769996643066406 -0.273239135742188 -0.133514404296875
0.0110721588134766 0.0096282958984375 -0.06317138671875 -0.333892822265625
0.0188980102539063 0.0237312316894531 0.298553466796875 -0.3489990234375
-0.0036773681640625 0.028839111328125 0.63214111328125 -0.0164794921875
-0.0308723449707031 -0.0102252960205078 0.431396484375 0.62762451171875
0.0101966857910156 -0.0548248291015625 -0.17706298828125 0.8671875
0.0336971282958984 0.0102939605712891 -0.4998779296875 0.4366455078125
0.0459060668945313 0.04083251953125 -0.0237312316894531 0.058868408203125
0.0325107574462891 0.0133628845214844 0.555419921875 -0.35723876953125
0.035400390625 -0.0087890625 0.2890625 -0.86883544921875
-0.00347661972045898 -0.00786352157592773 -0.51336669921875 -0.6324462890625
-0.0173635482788086 0.00386905670166016 -0.66180419921875 0.0545654296875001
0.0118246078491211 0.0125274658203125 -0.33367919921875 0.378448486328125
0.00776147842407227 0.00684738159179688 0.069854736328125 0.336944580078125
0.0126686096191406 -0.00782966613769531 0.288665771484375 0.14599609375
0.0304737091064453 -0.0105037689208984 -0.272750854492188 -0.133621215820312
0.0155420303344727 0.00372409820556641 -0.05914306640625 -0.333984375
0.0250740051269531 0.0177383422851563 0.301055908203125 -0.348846435546875
0.00232887268066406 0.0320034027099609 0.63275146484375 -0.01080322265625
-0.0274124145507812 -0.000711441040039061 0.4259033203125 0.63079833984375
0.00734329223632812 -0.0456962585449219 -0.183349609375 0.8626708984375
0.0245857238769531 0.0150260925292969 -0.502960205078125 0.43280029296875
0.0345458984375 0.0410842895507813 -0.0227813720703125 0.0593109130859375
0.0221729278564453 0.0172309875488281 0.55010986328125 -0.358856201171875
0.0317916870117188 0.000244140625 0.2744140625 -0.86834716796875
0.000350236892700195 0.00315713882446289 -0.52349853515625 -0.627197265625
-0.0106744766235352 0.00573825836181641 -0.661865234375 0.06170654296875
0.0181140899658203 0.00874900817871094 -0.329986572265625 0.381103515625
0.0133256912231445 0.00126457214355469 0.072357177734375 0.34088134765625
0.013087272644043 -0.010441780090332 0.28985595703125 0.150238037109375
0.0307865142822266 -0.01275634765625 -0.273544311523437 -0.136566162109375
0.0205192565917969 -0.00254058837890625 -0.0565185546875 -0.335052490234375
0.0311450958251953 0.0129814147949219 0.30535888671875 -0.348297119140625
0.00838088989257813 0.0344371795654297 0.6358642578125 -0.008056640625
-0.0255832672119141 0.00702476501464844 0.421630859375 0.6351318359375
0.00399398803710938 -0.0367774963378906 -0.19171142578125 0.8603515625
0.0154361724853516 0.0195178985595703 -0.503936767578125 0.42852783203125
0.0236473083496094 0.0408821105957031 -0.0175552368164063 0.0576820373535156
0.0129871368408203 0.0205364227294922 0.5472412109375 -0.362396240234375
0.0272789001464844 0.00879287719726563 0.26361083984375 -0.86798095703125
0.00316524505615234 0.0118770599365234 -0.5318603515625 -0.6192626953125
-0.0042881965637207 0.00796890258789063 -0.6597900390625 0.0675659179687499
0.0245761871337891 0.00382232666015625 -0.32501220703125 0.38397216796875
0.0200958251953125 -0.00597763061523437 0.074371337890625 0.342193603515625
0.0127706527709961 -0.0133266448974609 0.29022216796875 0.150848388671875
0.0302944183349609 -0.0138702392578125 -0.273956298828125 -0.140701293945312
0.0265293121337891 -0.00830078125 -0.05517578125 -0.337158203125
0.0370063781738281 0.00826644897460938 0.310272216796875 -0.348358154296875
0.01409912109375 0.0363616943359375 0.63824462890625 -0.0028076171875
-0.0232028961181641 0.0126075744628906 0.415283203125 0.6392822265625
0.000635147094726564 -0.0300731658935547 -0.19879150390625 0.8575439453125
0.00789070129394531 0.0223903656005859 -0.50103759765625 0.422760009765625
0.0155143737792969 0.0403060913085938 -0.0100173950195312 0.0562858581542969
0.00414657592773438 0.0235538482666016 0.5477294921875 -0.367340087890625
0.0227146148681641 0.0151329040527344 0.251220703125 -0.87188720703125
0.00623512268066406 0.0183792114257813 -0.540283203125 -0.614990234375
0.00112533569335938 0.00906848907470703 -0.65692138671875 0.0710449218750001
0.0306301116943359 -0.00103950500488281 -0.318878173828125 0.386962890625
0.0255565643310547 -0.0113754272460938 0.074615478515625 0.341094970703125
0.0125312805175781 -0.0144195556640625 0.291290283203125 0.1478271484375
0.0255851745605469 -0.0029449462890625 -0.283294677734375 -0.153778076171875
0.00507736206054688 0.0187053680419922 -0.077117919921875 -0.345245361328125
0.0144729614257812 0.0303897857666016 0.3011474609375 -0.3609619140625
-0.0109577178955078 0.0210628509521484 0.6439208984375 -0.0321044921875
-0.0404548645019531 -0.0311241149902344 0.447021484375 0.62078857421875
0.0103073120117187 -0.0801239013671875 -0.154541015625 0.8583984375
0.055267333984375 -0.00632858276367188 -0.475067138671875 0.43096923828125
0.0779800415039063 0.036712646484375 0.00480270385742188 0.0534210205078125
0.0561981201171875 2.288818359375E-05 0.58038330078125 -0.375732421875
0.0403785705566406 -0.0328369140625 0.2965087890625 -0.88629150390625
-0.0126552581787109 -0.0283012390136719 -0.51324462890625 -0.63702392578125
-0.0254974365234375 -0.001495361328125 -0.6580810546875 0.0538940429687501
0.00522708892822266 0.0156164169311523 -0.3223876953125 0.37554931640625
0.000917434692382811 0.0132198333740234 0.068603515625 0.332366943359375
0.00932979583740234 -0.00340843200683594 0.2899169921875 0.12353515625
0.0260791778564453 -0.0036773681640625 -0.28155517578125 -0.14715576171875
0.00284957885742188 0.020843505859375 -0.077056884765625 -0.341705322265625
0.0128097534179688 0.0319633483886719 0.29473876953125 -0.3612060546875
-0.0118999481201172 0.0216903686523438 0.6396484375 -0.0369873046875
-0.0402946472167969 -0.0294609069824219 0.45263671875 0.616455078125
0.0111236572265625 -0.077850341796875 -0.14813232421875 0.86395263671875
0.0546302795410156 -0.00452423095703125 -0.481475830078125 0.437652587890625
0.0756072998046875 0.0379486083984375 -0.0077362060546875 0.0558433532714844
0.0558319091796875 0.00279617309570313 0.57672119140625 -0.3665771484375
0.0422897338867188 -0.0311622619628906 0.30633544921875 -0.87969970703125
-0.0121955871582031 -0.0289649963378906 -0.50634765625 -0.64508056640625
-0.0275516510009766 -0.00130462646484375 -0.66070556640625 0.0473022460937499
0.00297641754150391 0.0172395706176758 -0.33001708984375 0.3729248046875
-0.000692367553710938 0.0155496597290039 0.066375732421875 0.333099365234375
0.00988960266113281 -0.00317764282226563 0.290313720703125 0.128814697265625
0.0272769927978516 -0.00404167175292969 -0.278182983398437 -0.13934326171875
0.003814697265625 0.0193691253662109 -0.074676513671875 -0.337921142578125
0.0132255554199219 0.0317420959472656 0.29388427734375 -0.359466552734375
-0.0108718872070313 0.0237655639648438 0.6346435546875 -0.03656005859375
-0.0382537841796875 -0.0246810913085937 0.45050048828125 0.6187744140625
0.0113906860351563 -0.0728225708007813 -0.14996337890625 0.868896484375
0.0498275756835938 -0.0008392333984375 -0.4869384765625 0.44366455078125
0.06805419921875 0.039337158203125 -0.0169830322265625 0.0589752197265625
0.0503997802734375 0.00589370727539063 0.57012939453125 -0.3602294921875
0.0417060852050781 -0.0260391235351563 0.30828857421875 -0.87969970703125
-0.0100059509277344 -0.0246696472167969 -0.5059814453125 -0.64666748046875
-0.0263786315917969 -0.000448226928710942 -0.66473388671875 0.0471801757812499
0.00367164611816406 0.0183029174804688 -0.334503173828125 0.374542236328125
-0.000127792358398437 0.014739990234375 0.06756591796875 0.335418701171875
0.0107631683349609 -0.00391960144042969 0.290771484375 0.13555908203125
0.0290622711181641 -0.00625991821289062 -0.278472900390625 -0.135391235351563
0.00643348693847656 0.0152244567871094 -0.070648193359375 -0.3369140625
0.0159549713134766 0.0291271209716797 0.29541015625 -0.3570556640625
-0.00746345520019531 0.0267753601074219 0.6361083984375 -0.027099609375
-0.0351181030273438 -0.0190372467041016 0.44512939453125 0.62530517578125
0.0111465454101563 -0.0645980834960938 -0.16180419921875 0.8726806640625
0.0434150695800781 0.00408554077148438 -0.495635986328125 0.444122314453125
0.0588264465332031 0.0406379699707031 -0.0211677551269531 0.0591011047363281
0.0433845520019531 0.0101814270019531 0.56341552734375 -0.3634033203125
0.0397071838378906 -0.0175628662109375 0.29534912109375 -0.876708984375
-0.00682163238525391 -0.0166511535644531 -0.51519775390625 -0.64105224609375
-0.0225143432617188 0.00216293334960937 -0.66461181640625 0.05487060546875
0.00665283203125 0.0156869888305664 -0.334197998046875 0.37982177734375
0.00220108032226563 0.0120639801025391 0.071533203125 0.337249755859375
0.0118808746337891 -0.00613594055175781 0.291107177734375 0.141448974609375
0.0297985076904297 -0.00890350341796875 -0.276260375976563 -0.131622314453125
0.0111865997314453 0.0104045867919922 -0.06622314453125 -0.3359375
0.0202503204345703 0.0245819091796875 0.297393798828125 -0.3548583984375
-0.00233078002929688 0.0297718048095703 0.63641357421875 -0.02008056640625
-0.0322704315185547 -0.0104312896728516 0.439697265625 0.63177490234375
0.00988769531250001 -0.0566482543945313 -0.1724853515625 0.8741455078125
0.0345878601074219 0.00982856750488281 -0.501312255859375 0.442626953125
0.04730224609375 0.0409774780273438 -0.0239105224609375 0.0593490600585938
0.0335502624511719 0.0138912200927734 0.557647705078125 -0.3631591796875
0.0360984802246094 -0.00919342041015625 0.28485107421875 -0.878173828125
-0.00375223159790039 -0.00690937042236328 -0.52178955078125 -0.63482666015625
-0.0170164108276367 0.00481414794921875 -0.66729736328125 0.06097412109375
0.0120840072631836 0.0118074417114258 -0.333099365234375 0.38330078125
0.00770950317382813 0.00702047348022461 0.0733642578125 0.33978271484375
0.0118598937988281 -0.00741672515869141 0.29254150390625 0.145538330078125
0.0303554534912109 -0.0107440948486328 -0.277084350585938 -0.133255004882813
0.0161733627319336 0.00367832183837891 -0.063262939453125 -0.336669921875
0.0262050628662109 0.018096923828125 0.301177978515625 -0.354248046875
0.00367164611816406 0.0321903228759766 0.6392822265625 -0.0147705078125
-0.0280323028564453 -0.000474929809570316 0.43316650390625 0.634521484375
0.00643157958984375 -0.0463523864746094 -0.18084716796875 0.8717041015625
0.0249767303466797 0.0145015716552734 -0.50506591796875 0.43975830078125
0.0358924865722656 0.0405731201171875 -0.0237083435058594 0.059234619140625
0.0233039855957031 0.0184993743896484 0.55291748046875 -0.3643798828125
0.0322799682617188 0.000646591186523438 0.2720947265625 -0.87713623046875
0.00025177001953125 0.00264239311218262 -0.53326416015625 -0.62896728515625
-0.0110092163085938 0.00720405578613281 -0.666259765625 0.06640625
0.0191631317138672 0.00761222839355469 -0.329132080078125 0.387939453125
0.0138130187988281 0.000491142272949219 0.074676513671875 0.34295654296875
0.0122003555297852 -0.0103282928466797 0.29412841796875 0.148773193359375
0.0307941436767578 -0.0128440856933594 -0.277130126953125 -0.135543823242188
0.0212440490722656 -0.00301742553710938 -0.060211181640625 -0.33807373046875
0.0325565338134766 0.0122451782226563 0.30645751953125 -0.353271484375
0.00973320007324219 0.0343799591064453 0.640380859375 -0.01031494140625
-0.024932861328125 0.00732994079589843 0.4288330078125 0.64044189453125
0.00294876098632813 -0.0370597839355469 -0.18621826171875 0.86871337890625
0.0158176422119141 0.0188674926757813 -0.504974365234375 0.435546875
0.0256500244140625 0.0407257080078125 -0.0186653137207031 0.058685302734375
0.0127277374267578 0.0209140777587891 0.54913330078125 -0.370086669921875
0.0280666351318359 0.00875473022460938 0.25970458984375 -0.87939453125
0.00383567810058594 0.0117959976196289 -0.5401611328125 -0.62005615234375
-0.00443744659423828 0.00884819030761719 -0.66424560546875 0.072509765625
0.0248126983642578 0.00360870361328125 -0.323486328125 0.390838623046875
0.0201969146728516 -0.00584220886230469 0.077880859375 0.344573974609375
0.0122852325439453 -0.01220703125 0.2947998046875 0.14971923828125
0.0304985046386719 -0.0145988464355469 -0.277923583984375 -0.139923095703125
0.0260753631591797 -0.0086669921875 -0.058349609375 -0.339752197265625
0.0383338928222656 0.0081024169921875 0.31158447265625 -0.352386474609375
0.0150146484375 0.0362167358398438 0.642822265625 -0.0062255859375
-0.0230007171630859 0.0131797790527344 0.4244384765625 0.64263916015625
-0.000911712646484372 -0.030303955078125 -0.194091796875 0.86431884765625
0.00785446166992187 0.0218772888183594 -0.50238037109375 0.4300537109375
0.0175552368164063 0.0404014587402344 -0.0104637145996094 0.0574073791503906
0.00479698181152344 0.0234107971191406 0.55126953125 -0.3741455078125
0.0227489471435547 0.0146446228027344 0.2490234375 -0.8819580078125
0.00625038146972656 0.0184192657470703 -0.5498046875 -0.6173095703125
0.00142574310302734 0.00913619995117188 -0.66253662109375 0.0771484375000001
0.0311717987060547 -0.000795364379882813 -0.317718505859375 0.391387939453125
0.0254459381103516 -0.0122013092041016 0.078460693359375 0.34307861328125
0.0122280120849609 -0.0139598846435547 0.295379638671875 0.147247314453125
0.0254993438720703 -0.00329208374023437 -0.287750244140625 -0.151519775390625
0.00548744201660156 0.0182228088378906 -0.080902099609375 -0.347442626953125
0.0161838531494141 0.0296001434326172 0.30023193359375 -0.366729736328125
-0.0106620788574219 0.0204830169677734 0.6490478515625 -0.0380859375
-0.0414657592773438 -0.0303192138671875 0.4569091796875 0.62158203125
0.00974273681640624 -0.08099365234375 -0.14849853515625 0.86767578125
0.0565071105957031 -0.00732421875 -0.47674560546875 0.43890380859375
0.0803298950195313 0.0362319946289063 0.00537872314453125 0.0530624389648438
0.056884765625 0.000370025634765625 0.58258056640625 -0.38397216796875
0.0403327941894531 -0.0337982177734375 0.29339599609375 -0.89715576171875
-0.012786865234375 -0.0284271240234375 -0.5235595703125 -0.63995361328125
-0.0261211395263672 -0.000667572021484376 -0.66015625 0.0615234374999999
0.00594902038574219 0.0163297653198242 -0.3211669921875 0.381011962890625
0.00132179260253906 0.0134077072143555 0.0721435546875 0.334686279296875
0.00883674621582031 -0.00385951995849609 0.29571533203125 0.1217041015625
0.0253658294677734 -0.00389289855957031 -0.28607177734375 -0.14532470703125
0.00327491760253906 0.0204353332519531 -0.0816650390625 -0.34356689453125
0.0136070251464844 0.0319957733154297 0.294281005859375 -0.367401123046875
-0.0116901397705078 0.0219764709472656 0.64385986328125 -0.04168701171875
-0.0411376953125 -0.0293540954589844 0.46331787109375 0.61846923828125
0.0097503662109375 -0.0792312622070313 -0.14190673828125 0.87152099609375
0.0552825927734375 -0.00616073608398437 -0.48199462890625 0.445953369140625
0.0771636962890625 0.0377273559570312 -0.00801467895507812 0.056671142578125
0.0573883056640625 0.0028839111328125 0.577880859375 -0.37213134765625
0.0427398681640625 -0.0327796936035156 0.30328369140625 -0.891845703125
-0.0119590759277344 -0.0287342071533203 -0.5164794921875 -0.6451416015625
-0.027679443359375 -0.000774383544921873 -0.66552734375 0.05517578125
0.00348281860351562 0.0169105529785156 -0.328826904296875 0.380035400390625
-0.00120067596435547 0.015263557434082 0.07098388671875 0.336029052734375
0.0096902847290039 -0.00285530090332031 0.295013427734375 0.1278076171875
0.0274772644042969 -0.00399971008300781 -0.282928466796875 -0.1376953125
0.00503158569335938 0.0188655853271484 -0.078887939453125 -0.340545654296875
0.0142440795898438 0.0321178436279297 0.2923583984375 -0.3646240234375
-0.0096282958984375 0.0243778228759766 0.64251708984375 -0.03973388671875
-0.0396461486816406 -0.0245323181152344 0.46063232421875 0.61981201171875
0.0104522705078125 -0.0735931396484375 -0.145263671875 0.87799072265625
0.0505180358886719 -0.00107955932617188 -0.490570068359375 0.452178955078125
0.0692329406738281 0.0389022827148438 -0.0180587768554688 0.0598258972167969
0.0521430969238281 0.00615692138671875 0.57232666015625 -0.3681640625
0.0420074462890625 -0.0268669128417969 0.30322265625 -0.89105224609375
-0.0110225677490234 -0.0245399475097656 -0.51654052734375 -0.64886474609375
-0.0266666412353516 0.000911712646484374 -0.66845703125 0.0533447265624999
0.00347518920898438 0.0178146362304688 -0.333709716796875 0.38031005859375
0.000242233276367188 0.0147800445556641 0.071441650390625 0.33795166015625
0.0106945037841797 -0.00362110137939453 0.2945556640625 0.134368896484375
0.0287685394287109 -0.00634765625 -0.281219482421875 -0.13360595703125
0.00693225860595703 0.0153713226318359 -0.073974609375 -0.338958740234375
0.0170078277587891 0.0289783477783203 0.29400634765625 -0.3629150390625
-0.00646591186523437 0.0267086029052734 0.6414794921875 -0.03167724609375
-0.03594970703125 -0.018035888671875 0.4559326171875 0.62841796875
0.0099945068359375 -0.0660324096679688 -0.15625 0.88092041015625
0.0437393188476562 0.003936767578125 -0.496337890625 0.451141357421875
0.0601158142089844 0.0401763916015625 -0.0217819213867187 0.0600471496582031
0.0442428588867188 0.00968551635742188 0.5654296875 -0.36883544921875
0.0404586791992188 -0.0195083618164063 0.29229736328125 -0.88787841796875
-0.00756168365478516 -0.017303466796875 -0.5244140625 -0.6416015625
-0.0222358703613281 0.00297164916992188 -0.6707763671875 0.0626220703124999
0.00610923767089844 0.0151157379150391 -0.332611083984375 0.384857177734375
0.00292682647705078 0.0121707916259766 0.0745849609375 0.33990478515625
0.0114688873291016 -0.00588703155517578 0.295501708984375 0.139434814453125
0.0295658111572266 -0.00933265686035156 -0.281341552734375 -0.130859375
0.0113754272460938 0.00983238220214844 -0.069915771484375 -0.3377685546875
0.0208797454833984 0.0236358642578125 0.29730224609375 -0.359405517578125
-0.00194740295410156 0.029693603515625 0.641357421875 -0.0250244140625
-0.0325565338134766 -0.0096435546875 0.4486083984375 0.6341552734375
0.0075836181640625 -0.0562362670898438 -0.1658935546875 0.8826904296875
0.0343742370605469 0.00935554504394531 -0.503143310546875 0.451202392578125
0.0483322143554688 0.0413970947265625 -0.0246162414550781 0.0603675842285156
0.0346431732177734 0.0143051147460938 0.55908203125 -0.37005615234375
0.03643798828125 -0.00918960571289063 0.28179931640625 -0.88824462890625
-0.00384140014648438 -0.00805854797363281 -0.53240966796875 -0.635498046875
-0.0167779922485352 0.005401611328125 -0.6728515625 0.0674438476562501
0.012298583984375 0.0123472213745117 -0.331787109375 0.389190673828125
0.0076899528503418 0.00607442855834961 0.078338623046875 0.342376708984375
0.0113191604614258 -0.00716686248779297 0.296722412109375 0.144195556640625
0.0303897857666016 -0.0117626190185547 -0.28143310546875 -0.13177490234375
0.0163640975952148 0.00329494476318359 -0.0667724609375 -0.33831787109375
0.0274848937988281 0.0179996490478516 0.300201416015625 -0.359283447265625
0.00433731079101562 0.0321292877197266 0.6439208984375 -0.01910400390625
-0.0289573669433594 -0.00113105773925782 0.4444580078125 0.6376953125
0.00527191162109375 -0.0463600158691406 -0.17474365234375 0.8804931640625
0.0259323120117188 0.0144100189208984 -0.5072021484375 0.449432373046875
0.0376777648925781 0.0410118103027344 -0.0242843627929687 0.0601806640625
0.0233726501464844 0.0178050994873047 0.55438232421875 -0.370697021484375
0.0324611663818359 0.000349044799804687 0.2689208984375 -0.88751220703125
0.000283718109130859 0.00296378135681152 -0.5416259765625 -0.629150390625
-0.0104055404663086 0.00751686096191406 -0.67315673828125 0.0722656249999999
0.0185279846191406 0.00723457336425781 -0.327667236328125 0.39385986328125
0.0138511657714844 0.000107765197753906 0.079071044921875 0.346466064453125
0.0120887756347656 -0.010406494140625 0.298370361328125 0.14788818359375
0.030487060546875 -0.0138301849365234 -0.281005859375 -0.133880615234375
0.0219955444335938 -0.00324821472167969 -0.06402587890625 -0.33984375
0.0335636138916016 0.01177978515625 0.305450439453125 -0.35894775390625
0.0101890563964844 0.0341625213623047 0.64593505859375 -0.016357421875
-0.0257434844970703 0.0071868896484375 0.43756103515625 0.64385986328125
0.00174713134765625 -0.0379066467285156 -0.18084716796875 0.87799072265625
0.0165443420410156 0.0188388824462891 -0.506195068359375 0.442779541015625
0.0268783569335938 0.0401191711425781 -0.0191879272460937 0.0596809387207031
0.0139007568359375 0.0220222473144531 0.552093505859375 -0.37579345703125
0.0284004211425781 0.009002685546875 0.25506591796875 -0.8897705078125
0.00433158874511719 0.0118579864501953 -0.55078125 -0.6217041015625
-0.00444412231445312 0.00954818725585938 -0.670166015625 0.07904052734375
0.0252704620361328 0.00266265869140625 -0.3218994140625 0.39642333984375
0.0198135375976563 -0.00681686401367188 0.08245849609375 0.346588134765625
0.0123300552368164 -0.0126047134399414 0.299346923828125 0.147705078125
0.0307178497314453 -0.0150299072265625 -0.281219482421875 -0.1376953125
0.0265235900878906 -0.00859451293945313 -0.062408447265625 -0.341827392578125
0.0385894775390625 0.00782394409179688 0.311492919921875 -0.358184814453125
0.0155715942382812 0.0369911193847656 0.64801025390625 -0.0111083984375
-0.0236263275146484 0.01361083984375 0.4327392578125 0.6473388671875
-0.000860214233398437 -0.0312404632568359 -0.1888427734375 0.87408447265625
0.00882339477539063 0.0222911834716797 -0.504791259765625 0.43792724609375
0.0189094543457031 0.0404052734375 -0.0113639831542969 0.0575370788574219
0.00539016723632813 0.0244178771972656 0.552215576171875 -0.381439208984375
0.0240573883056641 0.0157222747802734 0.2437744140625 -0.89178466796875
0.00634765625 0.0182628631591797 -0.55853271484375 -0.61749267578125
0.00122642517089844 0.00947761535644531 -0.66650390625 0.0831298828125001
0.0310001373291016 -0.000860214233398438 -0.316192626953125 0.3975830078125
0.0249233245849609 -0.0133056640625 0.083831787109375 0.34637451171875
0.0116329193115234 -0.0136899948120117 0.30023193359375 0.145904541015625
0.0253410339355469 -0.00426292419433594 -0.29168701171875 -0.149871826171875
0.00585365295410156 0.0187435150146484 -0.085418701171875 -0.3482666015625
0.0167312622070313 0.0292892456054688 0.299224853515625 -0.371978759765625
-0.0101966857910156 0.0206508636474609 0.65423583984375 -0.04449462890625
-0.042083740234375 -0.03131103515625 0.4697265625 0.62457275390625
0.00820922851562499 -0.0815277099609375 -0.14306640625 0.87701416015625
0.056427001953125 -0.00738525390625 -0.4776611328125 0.4464111328125
0.0813827514648438 0.0350875854492187 0.00446701049804688 0.053741455078125
0.0584373474121094 0.00031280517578125 0.58441162109375 -0.3917236328125
0.0406532287597656 -0.0338325500488281 0.2860107421875 -0.9073486328125
-0.0134181976318359 -0.0285568237304688 -0.53485107421875 -0.6387939453125
-0.0269813537597656 0.00029373168945312 -0.6668701171875 0.0693969726562501
0.00646305084228516 0.015812873840332 -0.3175048828125 0.3873291015625
0.00142288208007812 0.0130558013916016 0.07763671875 0.33660888671875
0.00811004638671875 -0.00374698638916016 0.299072265625 0.119232177734375
0.026275634765625 -0.00328445434570313 -0.289764404296875 -0.14202880859375
0.00446510314941406 0.0205173492431641 -0.085784912109375 -0.34442138671875
0.0150299072265625 0.0317344665527344 0.29217529296875 -0.3739013671875
-0.0107860565185547 0.0223102569580078 0.64801025390625 -0.04840087890625
-0.0413398742675781 -0.0294723510742188 0.4739990234375 0.616943359375
0.0084381103515625 -0.0792999267578125 -0.13360595703125 0.8817138671875
0.0559120178222656 -0.00640106201171875 -0.481048583984375 0.4537353515625
0.0790023803710938 0.0366058349609375 -0.00856781005859374 0.0577621459960937
0.0580902099609375 0.00279998779296875 0.578125 -0.3826904296875
0.042816162109375 -0.0333442687988281 0.29730224609375 -0.90032958984375
-0.0116977691650391 -0.0287685394287109 -0.52752685546875 -0.646728515625
-0.0278472900390625 0.000278472900390624 -0.67010498046875 0.06231689453125
0.00313568115234375 0.0177764892578125 -0.327392578125 0.3857421875
-0.000640869140625 0.0149383544921875 0.075592041015625 0.338775634765625
0.00951957702636719 -0.00314426422119141 0.2994384765625 0.12481689453125
0.0270938873291016 -0.00461959838867188 -0.286773681640625 -0.1356201171875
0.00522422790527344 0.0195140838623047 -0.0838623046875 -0.34130859375
0.0153846740722656 0.0314311981201172 0.29150390625 -0.370025634765625
-0.00890922546386719 0.0242576599121094 0.645263671875 -0.04681396484375
-0.0404167175292969 -0.0241165161132813 0.470947265625 0.62200927734375
0.008819580078125 -0.0749435424804688 -0.13775634765625 0.88677978515625
0.0514564514160156 -0.00148773193359375 -0.489593505859375 0.46014404296875
0.0713882446289063 0.0382461547851563 -0.0186500549316406 0.0596923828125
0.0529899597167969 0.0067291259765625 0.57293701171875 -0.377197265625
0.0426597595214844 -0.0266990661621094 0.29705810546875 -0.9012451171875
-0.0101337432861328 -0.0247001647949219 -0.52593994140625 -0.64813232421875
-0.0267925262451172 0.00133514404296875 -0.673095703125 0.0615234375
0.00275325775146484 0.0171298980712891 -0.331787109375 0.387420654296875
0.000278472900390624 0.0147342681884766 0.076324462890625 0.340789794921875
0.00996017456054687 -0.00332832336425781 0.2984619140625 0.131317138671875
0.0285053253173828 -0.00577926635742188 -0.285736083984375 -0.13134765625
0.00736522674560547 0.0148334503173828 -0.078216552734375 -0.34100341796875
0.0172748565673828 0.0284366607666016 0.293060302734375 -0.367279052734375
-0.00612640380859375 0.0267124176025391 0.64727783203125 -0.03668212890625
-0.0373878479003906 -0.0181236267089844 0.46563720703125 0.62921142578125
0.00828933715820312 -0.06719970703125 -0.14697265625 0.89007568359375
0.0443191528320313 0.00368118286132813 -0.4962158203125 0.459808349609375
0.061920166015625 0.0395965576171875 -0.0222015380859375 0.0613517761230469
0.0453834533691406 0.0105171203613281 0.56463623046875 -0.3787841796875
0.0404815673828125 -0.0189704895019531 0.28472900390625 -0.897705078125
-0.00779056549072265 -0.016383171081543 -0.53619384765625 -0.640625
-0.0231418609619141 0.00391578674316406 -0.67498779296875 0.068359375
0.00655078887939453 0.0158071517944336 -0.330078125 0.393280029296875
0.00324058532714844 0.0109167098999023 0.079681396484375 0.342437744140625
0.0110368728637695 -0.00507736206054688 0.30023193359375 0.136749267578125
0.0289039611816406 -0.00839614868164063 -0.2840576171875 -0.12835693359375
0.0113449096679688 0.0092620849609375 -0.075286865234375 -0.33941650390625
0.0225181579589844 0.0235862731933594 0.295166015625 -0.3660888671875
-0.000524520874023436 0.0297355651855469 0.64813232421875 -0.03045654296875
-0.0334739685058594 -0.0100059509277344 0.45916748046875 0.6358642578125
0.00648117065429687 -0.0577163696289063 -0.158447265625 0.89044189453125
0.035552978515625 0.00849151611328125 -0.50360107421875 0.4605712890625
0.0503120422363281 0.0394668579101563 -0.0251388549804688 0.0608291625976562
0.0349998474121094 0.0145053863525391 0.559326171875 -0.377044677734375
0.0374946594238281 -0.0106391906738281 0.2750244140625 -0.898681640625
-0.00406789779663086 -0.00715208053588867 -0.5428466796875 -0.635009765625
-0.0166645050048828 0.00600337982177734 -0.67877197265625 0.0764160156249999
0.012242317199707 0.0124073028564453 -0.32916259765625 0.39630126953125
0.00853586196899414 0.00618124008178711 0.082305908203125 0.345123291015625
0.0115499496459961 -0.00766277313232422 0.30120849609375 0.141021728515625
0.0305690765380859 -0.0120182037353516 -0.284759521484375 -0.12969970703125
0.0167436599731445 0.00324440002441406 -0.0718994140625 -0.340545654296875
0.0272235870361328 0.0179176330566406 0.298828125 -0.365478515625
0.00548744201660156 0.0316104888916016 0.64691162109375 -0.02716064453125
-0.0288772583007813 -0.00115966796875 0.455078125 0.638916015625
0.00374221801757813 -0.0474891662597656 -0.167236328125 0.88861083984375
0.0262413024902344 0.0135307312011719 -0.5068359375 0.455902099609375
0.0391197204589844 0.0397529602050781 -0.0235481262207031 0.0613136291503906
0.0248355865478516 0.0187244415283203 0.5556640625 -0.380462646484375
0.0330677032470703 -0.000883102416992188 0.2606201171875 -0.8973388671875
-6.60419464111328E-05 0.00354218482971191 -0.55267333984375 -0.62744140625
-0.0102739334106445 0.00817108154296875 -0.6767578125 0.0816040039062501
0.0188522338867187 0.00718879699707031 -0.32513427734375 0.399993896484375
0.0139636993408203 -0.000411033630371094 0.08416748046875 0.34857177734375
0.0112390518188477 -0.0102376937866211 0.303192138671875 0.144500732421875
0.0302944183349609 -0.0135593414306641 -0.28558349609375 -0.1307373046875
0.0217761993408203 -0.00375556945800781 -0.0679931640625 -0.341888427734375
0.0341987609863281 0.0121364593505859 0.303009033203125 -0.36480712890625
0.0112628936767578 0.0348682403564453 0.6517333984375 -0.01995849609375
-0.0266494750976563 0.00844573974609375 0.448486328125 0.64471435546875
0.00104904174804687 -0.0385398864746094 -0.17449951171875 0.88763427734375
0.0167636871337891 0.0186309814453125 -0.50811767578125 0.451080322265625
0.02813720703125 0.04022216796875 -0.0185127258300781 0.0604515075683594
0.0142612457275391 0.0223121643066406 0.55255126953125 -0.3837890625
0.0284557342529297 0.00821304321289063 0.248291015625 -0.89813232421875
0.00418376922607422 0.012578010559082 -0.56219482421875 -0.62188720703125
-0.00519275665283203 0.0102024078369141 -0.6744384765625 0.0874633789062499
0.0253505706787109 0.00268363952636719 -0.320465087890625 0.403411865234375
0.0201683044433594 -0.00791168212890625 0.087371826171875 0.3486328125
0.0118312835693359 -0.0122280120849609 0.3038330078125 0.146087646484375
0.02996826171875 -0.0153179168701172 -0.2864990234375 -0.136444091796875
0.0271854400634766 -0.00912666320800781 -0.06658935546875 -0.343353271484375
0.0401420593261719 0.00620269775390625 0.310333251953125 -0.36322021484375
0.0168266296386719 0.0361099243164063 0.65570068359375 -0.0184326171875
-0.0240097045898438 0.0137138366699219 0.44451904296875 0.6473388671875
-0.00240325927734375 -0.0316925048828125 -0.18194580078125 0.88299560546875
0.00927352905273438 0.0209178924560547 -0.504058837890625 0.447418212890625
0.0199508666992188 0.0401382446289062 -0.0106849670410156 0.0590896606445313
0.00657081604003906 0.0248374938964844 0.55279541015625 -0.3909912109375
0.0239753723144531 0.0146446228027344 0.23809814453125 -0.9014892578125
0.00665664672851563 0.0190620422363281 -0.5689697265625 -0.61572265625
0.00252532958984375 0.0105171203613281 -0.670654296875 0.0924072265624999
0.0301055908203125 -0.00224876403808594 -0.313232421875 0.404815673828125
0.02532958984375 -0.0138187408447266 0.087493896484375 0.34722900390625
0.0115547180175781 -0.0130195617675781 0.3046875 0.143707275390625
0.0253658294677734 -0.00446510314941406 -0.295684814453125 -0.1466064453125
0.00562095642089844 0.0192317962646484 -0.091339111328125 -0.349395751953125
0.0172710418701172 0.0296363830566406 0.295562744140625 -0.37744140625
-0.00943374633789062 0.0212535858154297 0.65667724609375 -0.05224609375
-0.0431022644042969 -0.0302963256835938 0.4796142578125 0.62445068359375
0.00550842285156251 -0.0826187133789063 -0.13250732421875 0.885009765625
0.0564613342285156 -0.0089263916015625 -0.474884033203125 0.4560546875
0.082672119140625 0.0350265502929688 0.00444412231445314 0.0548591613769531
0.0588226318359375 0.000400543212890625 0.58258056640625 -0.39971923828125
0.0404930114746094 -0.0350837707519531 0.27923583984375 -0.91717529296875
-0.0132293701171875 -0.0284347534179687 -0.546142578125 -0.63665771484375
-0.0262737274169922 0.000854492187500006 -0.66815185546875 0.0773315429687499
0.00571060180664062 0.0158443450927734 -0.315338134765625 0.393951416015625
0.00130271911621094 0.012603759765625 0.0826416015625 0.337677001953125
0.00801372528076172 -0.00266075134277344 0.302978515625 0.116119384765625
0.0256404876708984 -0.00377655029296875 -0.293243408203125 -0.14007568359375
0.004486083984375 0.0210704803466797 -0.091461181640625 -0.345703125
0.0159206390380859 0.0312423706054688 0.289398193359375 -0.376678466796875
-0.010223388671875 0.02093505859375 0.65252685546875 -0.0560302734375
-0.0430831909179687 -0.0300254821777344 0.484130859375 0.61724853515625
0.00647735595703126 -0.08111572265625 -0.12615966796875 0.8880615234375
0.0555763244628906 -0.006927490234375 -0.47857666015625 0.461578369140625
0.0810165405273438 0.0361480712890625 -0.00867843627929687 0.0583534240722656
0.0593681335449219 0.00220489501953125 0.5780029296875 -0.388671875
0.0420989990234375 -0.0333786010742188 0.28717041015625 -0.91168212890625
-0.0125980377197266 -0.0293827056884766 -0.53778076171875 -0.6434326171875
-0.0282211303710937 0.000684738159179685 -0.67236328125 0.07061767578125
0.00313377380371094 0.0174007415771484 -0.322021484375 0.392578125
-0.000589370727539063 0.0151157379150391 0.080596923828125 0.33978271484375
0.0093994140625 -0.00256156921386719 0.303619384765625 0.12164306640625
0.0278129577636719 -0.00432014465332031 -0.2901611328125 -0.133209228515625
0.00526237487792969 0.0194377899169922 -0.089447021484375 -0.3426513671875
0.015838623046875 0.0304775238037109 0.286834716796875 -0.376068115234375
-0.00878524780273438 0.0240802764892578 0.648681640625 -0.0533447265625
-0.0406455993652344 -0.0246620178222656 0.4833984375 0.62237548828125
0.00650024414062501 -0.0749282836914063 -0.128662109375 0.89312744140625
0.0519599914550781 -0.00265884399414063 -0.48663330078125 0.468475341796875
0.0732040405273438 0.03765869140625 -0.0178794860839844 0.0607147216796875
0.0540008544921875 0.0062255859375 0.57183837890625 -0.38519287109375
0.0425796508789063 -0.0280265808105469 0.28948974609375 -0.909912109375
-0.0108623504638672 -0.0240631103515625 -0.53643798828125 -0.64630126953125
-0.0269699096679687 0.00149154663085937 -0.6773681640625 0.0704956054687499
0.00355815887451172 0.0171775817871094 -0.327911376953125 0.393157958984375
0.000358581542968751 0.0144882202148438 0.081085205078125 0.34088134765625
0.0107336044311523 -0.0032958984375 0.3028564453125 0.128631591796875
0.0288848876953125 -0.00655174255371094 -0.28900146484375 -0.12841796875
0.00766754150390625 0.0154838562011719 -0.084747314453125 -0.341796875
0.0188121795654297 0.0279998779296875 0.289642333984375 -0.372894287109375
-0.00480461120605469 0.0268459320068359 0.65020751953125 -0.04437255859375
-0.0373382568359375 -0.0184059143066406 0.476318359375 0.6287841796875
0.00648498535156251 -0.0675506591796875 -0.13812255859375 0.89593505859375
0.04473876953125 0.00268936157226563 -0.4951171875 0.46917724609375
0.0630264282226563 0.0386962890625 -0.0223159790039063 0.0611648559570312
0.0457420349121094 0.00992584228515625 0.563232421875 -0.38677978515625
0.0409317016601563 -0.0201683044433594 0.276611328125 -0.90802001953125
-0.00771045684814453 -0.0167713165283203 -0.54656982421875 -0.6396484375
-0.0226478576660156 0.00496101379394532 -0.6783447265625 0.0794677734375001
0.00750255584716797 0.0154790878295898 -0.3267822265625 0.3985595703125
0.00274753570556641 0.0110263824462891 0.084564208984375 0.343658447265625
0.0109758377075195 -0.00497245788574219 0.30517578125 0.134918212890625
0.0290088653564453 -0.00950050354003906 -0.2880859375 -0.125244140625
0.0113487243652344 0.00909805297851563 -0.08026123046875 -0.340789794921875
0.0234603881835938 0.0225028991699219 0.2933349609375 -0.3707275390625
-0.000202178955078128 0.0290317535400391 0.64996337890625 -0.0390625
-0.03350830078125 -0.00955581665039063 0.4693603515625 0.63616943359375
0.0048370361328125 -0.0581855773925781 -0.1494140625 0.8992919921875
0.0363845825195313 0.00797271728515625 -0.502166748046875 0.46759033203125
0.0515022277832031 0.04046630859375 -0.0249595642089844 0.0619583129882813
0.0363388061523438 0.0149307250976563 0.558868408203125 -0.387481689453125
0.0375328063964844 -0.0111808776855469 0.26470947265625 -0.9091796875
-0.00363492965698242 -0.00738620758056641 -0.55389404296875 -0.63177490234375
-0.0171308517456055 0.00715827941894531 -0.678955078125 0.0852050781250001
0.0120229721069336 0.0116758346557617 -0.324615478515625 0.403228759765625
0.00777816772460938 0.0057368278503418 0.087890625 0.346160888671875
0.0115175247192383 -0.00680446624755859 0.305511474609375 0.13836669921875
0.0296497344970703 -0.0122776031494141 -0.288787841796875 -0.126251220703125
0.0168313980102539 0.00278282165527344 -0.077301025390625 -0.34136962890625
0.0290393829345703 0.0160274505615234 0.295135498046875 -0.37060546875
0.00610733032226563 0.0320186614990234 0.65325927734375 -0.0322265625
-0.0298233032226562 -0.000108718872070315 0.46710205078125 0.63916015625
0.00262069702148438 -0.0485916137695313 -0.1561279296875 0.896240234375
0.0265121459960938 0.0131435394287109 -0.50579833984375 0.46435546875
0.0409507751464844 0.039947509765625 -0.0237579345703125 0.0622291564941406
0.0257701873779297 0.0190391540527344 0.553924560546875 -0.3880615234375
0.0331020355224609 -0.00164985656738281 0.2515869140625 -0.90692138671875
0.000477075576782227 0.00257611274719238 -0.56353759765625 -0.625
-0.0105199813842773 0.00848674774169922 -0.6793212890625 0.0907592773437499
0.0186977386474609 0.00683403015136719 -0.321197509765625 0.4058837890625
0.0137462615966797 -0.00110530853271484 0.09033203125 0.349517822265625
0.0116720199584961 -0.0101518630981445 0.307891845703125 0.14227294921875
0.0304012298583984 -0.0141563415527344 -0.288787841796875 -0.127716064453125
0.0218009948730469 -0.00390243530273438 -0.07421875 -0.342864990234375
0.0350170135498047 0.0109672546386719 0.300872802734375 -0.36968994140625
0.0128307342529297 0.0343818664550781 0.65582275390625 -0.02862548828125
-0.0265865325927734 0.0082550048828125 0.46160888671875 0.64459228515625
-0.0010986328125 -0.0389823913574219 -0.16339111328125 0.89349365234375
0.0168495178222656 0.0176639556884766 -0.504730224609375 0.459625244140625
0.0293388366699219 0.0401077270507813 -0.0187530517578125 0.0606842041015625
0.0158004760742188 0.0228729248046875 0.55169677734375 -0.393341064453125
0.0292510986328125 0.00827217102050781 0.2401123046875 -0.90631103515625
0.00481128692626953 0.0121564865112305 -0.57318115234375 -0.61785888671875
-0.00397014617919922 0.0102825164794922 -0.67681884765625 0.0975341796874999
0.0256576538085938 0.00175666809082031 -0.31610107421875 0.409454345703125
0.0195388793945313 -0.00831222534179688 0.092041015625 0.3494873046875
0.0118045806884766 -0.0120582580566406 0.308349609375 0.142242431640625
0.0298881530761719 -0.0159702301025391 -0.29010009765625 -0.1331787109375
0.02728271484375 -0.00907325744628906 -0.072052001953125 -0.344879150390625
0.0406723022460938 0.00545883178710938 0.306854248046875 -0.368804931640625
0.0181121826171875 0.036041259765625 0.659423828125 -0.0250244140625
-0.0240402221679688 0.0142974853515625 0.45538330078125 0.64752197265625
-0.00424957275390625 -0.0315456390380859 -0.1732177734375 0.89154052734375
0.0096588134765625 0.0214309692382813 -0.503082275390625 0.45538330078125
0.0208320617675781 0.0404853820800781 -0.0111923217773438 0.0593910217285156
0.00736427307128906 0.0252647399902344 0.550262451171875 -0.399261474609375
0.0250434875488281 0.0147285461425781 0.227783203125 -0.91064453125
0.00801277160644531 0.0190048217773438 -0.57958984375 -0.6129150390625
0.00235557556152344 0.0102710723876953 -0.67254638671875 0.1011962890625
0.0304298400878906 -0.00270652770996094 -0.3099365234375 0.410125732421875
0.0253543853759766 -0.0146598815917969 0.09307861328125 0.348907470703125
0.0114450454711914 -0.0131597518920898 0.30950927734375 0.139923095703125
0.02520751953125 -0.00483322143554688 -0.29925537109375 -0.143585205078125
0.0060882568359375 0.0190448760986328 -0.09796142578125 -0.349700927734375
0.0181179046630859 0.0283870697021484 0.291839599609375 -0.383148193359375
-0.00846099853515625 0.0211410522460938 0.66094970703125 -0.05975341796875
-0.0444068908691406 -0.0303726196289063 0.4915771484375 0.62158203125
0.003326416015625 -0.0827789306640625 -0.12054443359375 0.8907470703125
0.057525634765625 -0.0100669860839844 -0.471343994140625 0.46429443359375
0.0844573974609375 0.0332870483398438 0.00487136840820313 0.0555458068847656
0.0599098205566406 -0.0001220703125 0.578857421875 -0.4093017578125
0.0401535034179688 -0.0356216430664063 0.26690673828125 -0.92742919921875
-0.0139198303222656 -0.0289516448974609 -0.55615234375 -0.6322021484375
-0.0256538391113281 0.00160408020019531 -0.6707763671875 0.08746337890625
0.00586509704589843 0.0154485702514648 -0.310211181640625 0.399993896484375
0.00144004821777344 0.0119609832763672 0.088348388671875 0.337646484375
0.00853538513183594 -0.00233936309814453 0.306182861328125 0.111663818359375
0.0259609222412109 -0.00418853759765625 -0.297027587890625 -0.1357421875
0.00435829162597656 0.0213088989257813 -0.09765625 -0.34686279296875
0.0170516967773438 0.0307521820068359 0.2845458984375 -0.38348388671875
-0.00937843322753906 0.0217247009277344 0.65594482421875 -0.06329345703125
-0.0435523986816406 -0.0284461975097656 0.49713134765625 0.61639404296875
0.0046844482421875 -0.08123779296875 -0.114013671875 0.895263671875
0.056793212890625 -0.00815200805664062 -0.476287841796875 0.471649169921875
0.0818405151367188 0.0349884033203125 -0.00819778442382812 0.0587081909179688
0.0597076416015625 0.0012664794921875 0.57525634765625 -0.39947509765625
0.0427474975585938 -0.0352516174316406 0.27740478515625 -0.91998291015625
-0.0127220153808594 -0.0281734466552734 -0.54864501953125 -0.63958740234375
-0.0274543762207031 0.00204277038574218 -0.67401123046875 0.0804443359375
0.00335979461669922 0.0174198150634766 -0.3184814453125 0.397857666015625
-0.000255584716796876 0.0143489837646484 0.08697509765625 0.34039306640625
0.00919437408447265 -0.00274658203125 0.306549072265625 0.1182861328125
0.0274391174316406 -0.00534820556640625 -0.293548583984375 -0.129119873046875
0.00639724731445313 0.019195556640625 -0.095001220703125 -0.34295654296875
0.0176677703857422 0.0305538177490234 0.284210205078125 -0.381256103515625
-0.00816154479980469 0.0240707397460937 0.6529541015625 -0.0618896484375
-0.0420799255371094 -0.02386474609375 0.49517822265625 0.61920166015625
0.00443267822265625 -0.0752639770507813 -0.116943359375 0.90081787109375
0.0518646240234375 -0.0037841796875 -0.483184814453125 0.4774169921875
0.0740203857421875 0.0368270874023438 -0.0179557800292969 0.0616836547851563
0.0554313659667969 0.00580978393554688 0.57061767578125 -0.39605712890625
0.0427932739257813 -0.0284271240234375 0.27716064453125 -0.919189453125
-0.0112686157226562 -0.02459716796875 -0.550537109375 -0.6441650390625
-0.0267696380615234 0.0023040771484375 -0.678955078125 0.0814208984375001
0.00446891784667969 0.0167560577392578 -0.32293701171875 0.400177001953125
0.000457763671874999 0.0137996673583984 0.087158203125 0.34259033203125
0.0104789733886719 -0.002655029296875 0.30706787109375 0.123931884765625
0.0281181335449219 -0.00764846801757813 -0.2921142578125 -0.124176025390625
0.00752067565917969 0.0158281326293945 -0.09027099609375 -0.342376708984375
0.0196857452392578 0.027008056640625 0.2869873046875 -0.378021240234375
-0.00455856323242187 0.0259742736816406 0.6533203125 -0.052978515625
-0.0377388000488281 -0.0176239013671875 0.48895263671875 0.6270751953125
0.00406646728515626 -0.0677337646484375 -0.1278076171875 0.90228271484375
0.0447158813476563 0.00200653076171875 -0.492218017578125 0.4775390625
0.064605712890625 0.038238525390625 -0.0225448608398437 0.0629005432128906
0.0470542907714844 0.00963973999023438 0.561798095703125 -0.395538330078125
0.040771484375 -0.0204620361328125 0.2647705078125 -0.9169921875
-0.00763511657714843 -0.0166807174682617 -0.55816650390625 -0.63458251953125
-0.0226383209228516 0.0049285888671875 -0.679443359375 0.08929443359375
0.00736331939697266 0.0149545669555664 -0.32183837890625 0.405242919921875
0.00353336334228516 0.00984954833984375 0.090362548828125 0.344573974609375
0.0106468200683594 -0.00503063201904297 0.30780029296875 0.129608154296875
0.0292472839355469 -0.0100822448730469 -0.291473388671875 -0.12127685546875
0.0121603012084961 0.00954246520996094 -0.08587646484375 -0.341796875
0.0238609313964844 0.0219230651855469 0.28936767578125 -0.375518798828125
0.00156211853027344 0.0293006896972656 0.6544189453125 -0.0467529296875
-0.0343418121337891 -0.00830078125 0.482666015625 0.6331787109375
0.0033111572265625 -0.0580635070800781 -0.138671875 0.90484619140625
0.0367393493652344 0.0070648193359375 -0.497467041015625 0.4788818359375
0.0532417297363281 0.0391159057617188 -0.0246658325195312 0.0628509521484375
0.0372314453125 0.0144271850585937 0.55633544921875 -0.395965576171875
0.0370559692382813 -0.0116233825683594 0.25555419921875 -0.91796875
-0.00317955017089844 -0.0075383186340332 -0.565185546875 -0.62841796875
-0.017186164855957 0.00725936889648437 -0.68206787109375 0.09521484375
0.0121145248413086 0.0116004943847656 -0.32037353515625 0.408660888671875
0.00765275955200195 0.00517940521240234 0.093231201171875 0.346343994140625
0.0107574462890625 -0.00770854949951172 0.310028076171875 0.134002685546875
0.0302410125732422 -0.0126380920410156 -0.2919921875 -0.122039794921875
0.0169286727905273 0.00298976898193359 -0.082855224609375 -0.342010498046875
0.0292186737060547 0.0155448913574219 0.292388916015625 -0.375457763671875
0.00658798217773437 0.0316829681396484 0.6558837890625 -0.041015625
-0.0298213958740234 0.00030136108398437 0.47802734375 0.63934326171875
0.00101852416992187 -0.0480766296386719 -0.1466064453125 0.90423583984375
0.0274486541748047 0.0123481750488281 -0.50152587890625 0.474365234375
0.0416984558105469 0.0394554138183594 -0.0237693786621094 0.0633583068847656
0.0271873474121094 0.0185604095458984 0.551727294921875 -0.39715576171875
0.0337581634521484 -0.00168609619140625 0.2421875 -0.9158935546875
0.00124144554138184 0.00264835357666016 -0.57672119140625 -0.62005615234375
-0.00980949401855469 0.0101222991943359 -0.68109130859375 0.10150146484375
0.0184078216552734 0.00664710998535156 -0.3160400390625 0.413299560546875
0.0139970779418945 -0.00159168243408203 0.096343994140625 0.349578857421875
0.010711669921875 -0.00962638854980469 0.311676025390625 0.1376953125
0.0293292999267578 -0.014495849609375 -0.291900634765625 -0.1241455078125
0.0226058959960937 -0.0048675537109375 -0.080718994140625 -0.34344482421875
0.0355453491210937 0.00927734375 0.297149658203125 -0.374603271484375
0.0135002136230469 0.0336570739746094 0.65826416015625 -0.03814697265625
-0.0266437530517578 0.00836944580078125 0.47247314453125 0.643310546875
-0.00226974487304687 -0.0389175415039063 -0.15460205078125 0.9005126953125
0.0183162689208984 0.0174732208251953 -0.501861572265625 0.469451904296875
0.0310287475585937 0.0392990112304688 -0.01953125 0.0623130798339844
0.0164909362792969 0.0228004455566406 0.54803466796875 -0.4019775390625
0.0300273895263672 0.00736618041992188 0.23052978515625 -0.916015625
0.00546169281005859 0.0116796493530273 -0.58294677734375 -0.61181640625
-0.00313663482666016 0.0109882354736328 -0.67926025390625 0.108154296875
0.0247287750244141 0.00108528137207031 -0.30975341796875 0.415985107421875
0.0197372436523438 -0.00869941711425781 0.0986328125 0.350433349609375
0.0115375518798828 -0.0120935440063477 0.3131103515625 0.1385498046875
0.0292530059814453 -0.0161571502685547 -0.29315185546875 -0.1285400390625
0.0274410247802734 -0.0108051300048828 -0.078338623046875 -0.34527587890625
0.0413627624511719 0.00490570068359375 0.30291748046875 -0.375152587890625
0.0189895629882812 0.0353965759277344 0.66204833984375 -0.03350830078125
-0.0238666534423828 0.0146408081054688 0.4678955078125 0.64569091796875
-0.00548934936523438 -0.0323028564453125 -0.16082763671875 0.89849853515625
0.0102329254150391 0.0205287933349609 -0.5 0.463043212890625
0.0223770141601563 0.0397796630859375 -0.0112648010253906 0.0604629516601563
0.00867462158203125 0.0261592864990234 0.549285888671875 -0.40814208984375
0.0253334045410156 0.0139427185058594 0.2176513671875 -0.9188232421875
0.00824165344238281 0.0189094543457031 -0.590576171875 -0.60882568359375
0.00279808044433594 0.0115032196044922 -0.6751708984375 0.11163330078125
0.030792236328125 -0.00333786010742188 -0.304534912109375 0.41644287109375
0.025054931640625 -0.015289306640625 0.10015869140625 0.349517822265625
0.0109481811523438 -0.0134782791137695 0.31317138671875 0.1358642578125
0.0257396697998047 -0.00452041625976563 -0.30316162109375 -0.138336181640625
0.00635719299316406 0.0188217163085938 -0.104217529296875 -0.347869873046875
0.01995849609375 0.0279655456542969 0.28765869140625 -0.389862060546875
-0.0081024169921875 0.0201549530029297 0.66131591796875 -0.06939697265625
-0.0452919006347656 -0.02899169921875 0.5020751953125 0.6162109375
0.00131988525390626 -0.0828628540039062 -0.10833740234375 0.89569091796875
0.057647705078125 -0.0113868713378906 -0.467071533203125 0.471771240234375
0.0865478515625 0.0325469970703125 0.00486373901367188 0.0556831359863281
0.060638427734375 -0.0007171630859375 0.5740966796875 -0.41973876953125
0.039825439453125 -0.0370635986328125 0.2542724609375 -0.93304443359375
-0.0143375396728516 -0.0287227630615234 -0.56781005859375 -0.626708984375
-0.0255031585693359 0.00299072265624999 -0.67205810546875 0.0983886718750001
0.00560379028320313 0.0155544281005859 -0.304412841796875 0.40570068359375
0.00133705139160156 0.0117559432983398 0.093658447265625 0.33746337890625
0.00889301300048828 -0.00226593017578125 0.309051513671875 0.107330322265625
0.0259304046630859 -0.004119873046875 -0.300140380859375 -0.132293701171875
0.00490379333496094 0.0203781127929688 -0.10400390625 -0.345245361328125
0.0176029205322266 0.0300846099853516 0.279052734375 -0.38818359375
-0.00951385498046875 0.0210628509521484 0.6566162109375 -0.07421875
-0.0449867248535156 -0.0272560119628906 0.50750732421875 0.6103515625
0.00211334228515624 -0.0815277099609375 -0.1011962890625 0.8990478515625
0.0566215515136719 -0.00933837890625 -0.4716796875 0.47998046875
0.0839767456054687 0.03375244140625 -0.00820541381835937 0.0594749450683594
0.0606803894042969 0.0010223388671875 0.56982421875 -0.40948486328125
0.0425682067871094 -0.0353240966796875 0.26531982421875 -0.92852783203125
-0.0138759613037109 -0.0287895202636719 -0.55999755859375 -0.63360595703125
-0.0281524658203125 0.0033111572265625 -0.67529296875 0.0911865234374999
0.00315380096435547 0.0168495178222656 -0.311553955078125 0.404327392578125
-0.000511169433593751 0.0147781372070312 0.092132568359375 0.33990478515625
0.00915431976318359 -0.00224494934082031 0.310394287109375 0.113067626953125
0.0269546508789062 -0.00577545166015625 -0.297088623046875 -0.125213623046875
0.00576972961425781 0.01910400390625 -0.1019287109375 -0.34228515625
0.0182704925537109 0.0301685333251953 0.279052734375 -0.385986328125
-0.0076141357421875 0.0233554840087891 0.65447998046875 -0.0711669921875
-0.0427665710449219 -0.0229034423828125 0.50701904296875 0.61468505859375
0.0029754638671875 -0.0760879516601563 -0.1026611328125 0.904541015625
0.0522880554199219 -0.00549697875976563 -0.47900390625 0.485931396484375
0.0764541625976563 0.034820556640625 -0.0172309875488281 0.0628318786621094
0.055877685546875 0.00497817993164063 0.5650634765625 -0.40478515625
0.0429611206054688 -0.0297966003417969 0.2645263671875 -0.92486572265625
-0.011138916015625 -0.024261474609375 -0.5609130859375 -0.6375732421875
-0.0267543792724609 0.00339126586914062 -0.67919921875 0.0919189453125001
0.00404548645019531 0.0170612335205078 -0.31634521484375 0.405242919921875
9.53674316407143E-07 0.0139589309692383 0.0931396484375 0.342437744140625
0.0103540420532227 -0.00276374816894531 0.31024169921875 0.11956787109375
0.0281867980957031 -0.00748062133789063 -0.2967529296875 -0.120025634765625
0.0085906982421875 0.0149564743041992 -0.097412109375 -0.34112548828125
0.0208377838134766 0.0268421173095703 0.280975341796875 -0.384307861328125
-0.00356101989746093 0.0259342193603516 0.65509033203125 -0.06317138671875
-0.0389480590820313 -0.0166435241699219 0.50152587890625 0.62176513671875
0.00310897827148438 -0.0672988891601563 -0.11474609375 0.9080810546875
0.0455703735351563 0.000522613525390625 -0.486907958984375 0.48724365234375
0.0663185119628906 0.0364875793457031 -0.0224647521972656 0.0628547668457031
0.0481834411621094 0.00934600830078125 0.5576171875 -0.4039306640625
0.0409889221191406 -0.0219764709472656 0.25250244140625 -0.92498779296875
-0.00773811340332032 -0.0166740417480469 -0.56988525390625 -0.62872314453125
-0.0226936340332031 0.00577163696289062 -0.6798095703125 0.10003662109375
0.00715446472167969 0.0146045684814453 -0.315521240234375 0.41143798828125
0.00341224670410156 0.009857177734375 0.09722900390625 0.34344482421875
0.00985050201416016 -0.00483131408691406 0.312591552734375 0.12481689453125
0.0282363891601563 -0.0111598968505859 -0.295074462890625 -0.1173095703125
0.0124626159667969 0.00921916961669922 -0.091522216796875 -0.340911865234375
0.0246181488037109 0.02154541015625 0.284271240234375 -0.38165283203125
0.00208663940429688 0.0293483734130859 0.65625 -0.05450439453125
-0.0348911285400391 -0.00849533081054687 0.494140625 0.62957763671875
0.00203704833984376 -0.0586967468261719 -0.12646484375 0.90997314453125
0.0367164611816406 0.00615692138671875 -0.49298095703125 0.48553466796875
0.0544776916503906 0.0378913879394531 -0.0244560241699219 0.0642852783203125
0.0379867553710938 0.0137901306152344 0.553131103515625 -0.4051513671875
0.0378227233886719 -0.0122146606445313 0.24334716796875 -0.92547607421875
-0.00345373153686523 -0.0074620246887207 -0.577392578125 -0.6226806640625
-0.0160503387451172 0.00762176513671875 -0.68206787109375 0.10638427734375
0.0122270584106445 0.0110454559326172 -0.31341552734375 0.415435791015625
0.00783681869506836 0.00467586517333984 0.0992126464843749 0.346771240234375
0.0103597640991211 -0.00653743743896484 0.3133544921875 0.129730224609375
0.0294055938720703 -0.0129318237304688 -0.29541015625 -0.118194580078125
0.0170440673828125 0.00223445892333984 -0.088897705078125 -0.341552734375
0.0297794342041016 0.0153217315673828 0.2867431640625 -0.38043212890625
0.00840377807617187 0.0317115783691406 0.657958984375 -0.05096435546875
-0.0302295684814453 0.000280380249023441 0.4913330078125 0.63519287109375
-0.000877380371093752 -0.0483474731445313 -0.134521484375 0.9078369140625
0.0277633666992187 0.0122356414794922 -0.496490478515625 0.48260498046875
0.0433349609375 0.0387496948242188 -0.0237960815429687 0.0637626647949219
0.02813720703125 0.0187034606933594 0.546142578125 -0.407318115234375
0.0342273712158203 -0.00282669067382813 0.2294921875 -0.921630859375
0.00133895874023438 0.00314903259277344 -0.58673095703125 -0.61468505859375
-0.00897884368896484 0.0100040435791016 -0.6810302734375 0.1116943359375
0.0186977386474609 0.0057373046875 -0.310089111328125 0.417938232421875
0.0136175155639648 -0.00227928161621094 0.10205078125 0.350128173828125
0.0110387802124023 -0.00986480712890625 0.314971923828125 0.133056640625
0.0295085906982422 -0.0154666900634766 -0.296173095703125 -0.120391845703125
0.0220794677734375 -0.00612068176269531 -0.0869140625 -0.34405517578125
0.0356674194335937 0.00867080688476562 0.291900634765625 -0.38006591796875
0.0150890350341797 0.0332050323486328 0.66046142578125 -0.04510498046875
-0.0264492034912109 0.00838279724121094 0.48443603515625 0.639892578125
-0.00356674194335937 -0.0394668579101563 -0.14208984375 0.90716552734375
0.0181713104248047 0.0164203643798828 -0.497955322265625 0.477569580078125
0.031982421875 0.0388450622558594 -0.0186424255371094 0.0627593994140625
0.0183296203613281 0.0222721099853516 0.5439453125 -0.4112548828125
0.0300769805908203 0.00704193115234375 0.21942138671875 -0.922607421875
0.00581550598144531 0.0113601684570313 -0.5941162109375 -0.6063232421875
-0.00246906280517578 0.0113010406494141 -0.6805419921875 0.1180419921875
0.0252323150634766 0.000337600708007813 -0.304656982421875 0.42144775390625
0.0194549560546875 -0.00959205627441406 0.105621337890625 0.350677490234375
0.0105123519897461 -0.0114355087280273 0.316558837890625 0.133087158203125
0.0293598175048828 -0.0162773132324219 -0.297119140625 -0.1243896484375
0.0274181365966797 -0.0108890533447266 -0.084716796875 -0.344940185546875
0.0416946411132813 0.00323867797851563 0.299102783203125 -0.38055419921875
0.020416259765625 0.0350093841552734 0.66558837890625 -0.0433349609375
-0.0243415832519531 0.0156593322753906 0.47857666015625 0.64202880859375
-0.00675392150878907 -0.0321331024169922 -0.15045166015625 0.9031982421875
0.0103244781494141 0.0204620361328125 -0.494476318359375 0.4716796875
0.0238227844238281 0.0391807556152344 -0.0113105773925781 0.0609664916992188
0.00951004028320313 0.0257835388183594 0.54412841796875 -0.415863037109375
0.0259590148925781 0.0146980285644531 0.20556640625 -0.92535400390625
0.00884819030761719 0.0185832977294922 -0.6038818359375 -0.60101318359375
0.00318241119384766 0.0113363265991211 -0.676025390625 0.12237548828125
0.031280517578125 -0.00423240661621094 -0.29815673828125 0.421722412109375
0.024444580078125 -0.0159263610839844 0.10577392578125 0.349334716796875
0.0100479125976563 -0.0123462677001953 0.317108154296875 0.131561279296875
0.0250015258789063 -0.00480270385742188 -0.3052978515625 -0.134185791015625
0.00603294372558593 0.0189018249511719 -0.110076904296875 -0.347686767578125
0.0208110809326172 0.0273952484130859 0.281219482421875 -0.39361572265625
-0.00788688659667969 0.0202503204345703 0.662841796875 -0.077880859375
-0.0457382202148438 -0.0284881591796875 0.51617431640625 0.612548828125
-0.00111389160156251 -0.0831222534179687 -0.0944213867187499 0.8968505859375
0.057220458984375 -0.0128822326660156 -0.46087646484375 0.478668212890625
0.086822509765625 0.030487060546875 0.00496292114257813 0.0560760498046875
0.0614776611328125 -0.0016021728515625 0.56866455078125 -0.42938232421875
0.0395240783691406 -0.037628173828125 0.240234375 -0.94036865234375
-0.0142402648925781 -0.028411865234375 -0.57855224609375 -0.6199951171875
-0.025543212890625 0.00331878662109375 -0.66937255859375 0.1083984375
0.00597476959228516 0.0153522491455078 -0.298065185546875 0.410919189453125
0.00109481811523437 0.0113039016723633 0.10015869140625 0.33697509765625
0.00882339477539063 -0.00150871276855469 0.312347412109375 0.1019287109375
0.0256671905517578 -0.00434684753417969 -0.30291748046875 -0.126251220703125
0.00536155700683594 0.0209217071533203 -0.110076904296875 -0.343475341796875
0.0188827514648437 0.0290966033935547 0.273956298828125 -0.392730712890625
-0.00877571105957031 0.0213565826416016 0.65606689453125 -0.08282470703125
-0.0456352233886719 -0.0268135070800781 0.51947021484375 0.60504150390625
8.3923339843743E-05 -0.08111572265625 -0.0868530273437501 0.89996337890625
0.0569572448730469 -0.0104446411132813 -0.464324951171875 0.489227294921875
0.0851669311523438 0.0323028564453125 -0.00804138183593749 0.0605049133300781
0.0612716674804688 0.00052642822265625 0.564697265625 -0.41619873046875
0.042755126953125 -0.0358619689941406 0.2509765625 -0.9342041015625
-0.0136814117431641 -0.0286388397216797 -0.57183837890625 -0.6258544921875
-0.0274181365966797 0.00344467163085937 -0.6741943359375 0.10198974609375
0.00345516204833984 0.0164670944213867 -0.3043212890625 0.408721923828125
-0.00021648406982422 0.0142402648925781 0.0975341796875 0.3387451171875
0.00878715515136719 -0.00185775756835937 0.312835693359375 0.107421875
0.0270519256591797 -0.00538825988769531 -0.300018310546875 -0.119903564453125
0.00672531127929688 0.0187397003173828 -0.108062744140625 -0.340606689453125
0.0195579528808594 0.0291271209716797 0.27197265625 -0.391632080078125
-0.00657463073730468 0.0236320495605469 0.65374755859375 -0.08135986328125
-0.0432777404785156 -0.0233421325683594 0.51812744140625 0.60870361328125
0.000823974609374995 -0.0754928588867188 -0.0889282226562501 0.90753173828125
0.0521240234375 -0.00573348999023437 -0.47235107421875 0.493682861328125
0.0773696899414062 0.0338058471679688 -0.0173072814941406 0.0631942749023438
0.0567169189453125 0.00451278686523438 0.558624267578125 -0.413330078125
0.0427017211914063 -0.0304794311523438 0.25177001953125 -0.9334716796875
-0.0120048522949219 -0.0243396759033203 -0.57086181640625 -0.630126953125
-0.0261936187744141 0.00500297546386718 -0.6796875 0.10333251953125
0.00387954711914062 0.0166587829589844 -0.309814453125 0.41033935546875
0.000444412231445311 0.0138216018676758 0.099365234375 0.340667724609375
0.0098876953125 -0.00253963470458984 0.3131103515625 0.114013671875
0.02789306640625 -0.00745964050292969 -0.299346923828125 -0.115386962890625
0.00813484191894531 0.0157194137573242 -0.1026611328125 -0.340179443359375
0.0212440490722656 0.0256690979003906 0.275054931640625 -0.387725830078125
-0.00298309326171875 0.0257854461669922 0.65594482421875 -0.07208251953125
-0.0393600463867188 -0.0165672302246094 0.5118408203125 0.61676025390625
0.000797271728515618 -0.068450927734375 -0.10125732421875 0.9107666015625
0.0455665588378906 6.103515625E-05 -0.48114013671875 0.495147705078125
0.0672035217285156 0.0354270935058594 -0.0214157104492188 0.0639266967773438
0.0488510131835938 0.00873947143554688 0.55291748046875 -0.414215087890625
0.0404739379882812 -0.0218429565429687 0.23974609375 -0.93017578125
-0.00804710388183594 -0.0165739059448242 -0.58026123046875 -0.62030029296875
-0.0221786499023438 0.00594902038574219 -0.67950439453125 0.1112060546875
0.00722122192382813 0.0146427154541016 -0.30914306640625 0.4149169921875
0.00317955017089844 0.00996971130371094 0.10308837890625 0.343780517578125
0.0102548599243164 -0.00463771820068359 0.314910888671875 0.120513916015625
0.0286483764648438 -0.0110893249511719 -0.296783447265625 -0.112640380859375
0.012547492980957 0.00864219665527344 -0.098876953125 -0.339752197265625
0.0256309509277344 0.0202980041503906 0.27874755859375 -0.38690185546875
0.00242424011230469 0.0277233123779297 0.65765380859375 -0.0654296875
-0.0350131988525391 -0.00794982910156251 0.5054931640625 0.62420654296875
-6.86645507812482E-05 -0.0580787658691406 -0.11236572265625 0.91363525390625
0.0367698669433594 0.00571823120117187 -0.48681640625 0.49383544921875
0.0556678771972656 0.0369758605957031 -0.0240135192871094 0.0644035339355469
0.0387496948242188 0.0136566162109375 0.54559326171875 -0.413238525390625
0.0377960205078125 -0.0125617980957031 0.228515625 -0.92822265625
-0.00363349914550781 -0.00701284408569336 -0.58770751953125 -0.6141357421875
-0.0164260864257813 0.00905418395996094 -0.679443359375 0.116943359375
0.0122594833374023 0.0103540420532227 -0.307708740234375 0.419219970703125
0.00800371170043945 0.00400733947753906 0.105712890625 0.345916748046875
0.0104084014892578 -0.00619792938232422 0.317291259765625 0.124969482421875
0.0289497375488281 -0.0138454437255859 -0.29803466796875 -0.1134033203125
0.0170183181762695 0.00230121612548828 -0.095245361328125 -0.341156005859375
0.0309734344482422 0.0140590667724609 0.281219482421875 -0.385162353515625
0.009124755859375 0.0312461853027344 0.6583251953125 -0.05975341796875
-0.0305824279785156 0.00184440612792969 0.5015869140625 0.6273193359375
-0.00244140625 -0.0483322143554688 -0.12078857421875 0.911865234375
0.0272331237792969 0.0113658905029297 -0.491729736328125 0.4893798828125
0.0441131591796875 0.0377006530761719 -0.0230064392089844 0.0645790100097656
0.0288028717041016 0.0186271667480469 0.54052734375 -0.414703369140625
0.0349464416503906 -0.00291633605957031 0.21563720703125 -0.92864990234375
0.00146102905273437 0.00338959693908691 -0.59613037109375 -0.60577392578125
-0.00908660888671875 0.0107011795043945 -0.681396484375 0.1243896484375
0.0183696746826172 0.00594711303710938 -0.30322265625 0.423370361328125
0.0136775970458984 -0.00249385833740234 0.10894775390625 0.34912109375
0.00999069213867188 -0.00936031341552734 0.318359375 0.128082275390625
0.0291423797607422 -0.015960693359375 -0.2987060546875 -0.11541748046875
0.0225601196289063 -0.00574493408203125 -0.09259033203125 -0.342254638671875
0.0370407104492188 0.0071868896484375 0.286865234375 -0.38555908203125
0.015533447265625 0.0326728820800781 0.662841796875 -0.05535888671875
-0.0267791748046875 0.009124755859375 0.49591064453125 0.6326904296875
-0.00506973266601562 -0.038970947265625 -0.12799072265625 0.90985107421875
0.0184555053710938 0.0162944793701172 -0.491180419921875 0.48590087890625
0.0336875915527344 0.0375900268554688 -0.0178718566894531 0.0636138916015625
0.0181941986083984 0.0224170684814453 0.538848876953125 -0.4197998046875
0.0306529998779297 0.0066375732421875 0.2034912109375 -0.92706298828125
0.00552558898925781 0.012176513671875 -0.6041259765625 -0.5977783203125
-0.00247669219970703 0.0117158889770508 -0.67974853515625 0.130615234375
0.0251693725585938 0.000560760498046875 -0.29718017578125 0.426300048828125
0.0194149017333984 -0.0101947784423828 0.110992431640625 0.35009765625
0.0111761093139648 -0.011805534362793 0.320068359375 0.128997802734375
0.0283565521240234 -0.0169124603271484 -0.298858642578125 -0.11993408203125
0.0269393920898438 -0.0119457244873047 -0.09100341796875 -0.343963623046875
0.0425186157226563 0.00246429443359375 0.292694091796875 -0.384368896484375
0.0213890075683594 0.0339145660400391 0.6640625 -0.05255126953125
-0.0246219635009766 0.0157585144042969 0.49005126953125 0.6358642578125
-0.00884246826171875 -0.0317192077636719 -0.1373291015625 0.9071044921875
0.0107555389404297 0.0204086303710938 -0.489715576171875 0.480194091796875
0.0254173278808594 0.0384750366210938 -0.0106697082519531 0.0613670349121094
0.0100460052490234 0.0261764526367188 0.5386962890625 -0.42486572265625
0.0267887115478516 0.0137672424316406 0.19183349609375 -0.9288330078125
0.00917434692382812 0.0183544158935547 -0.61212158203125 -0.5921630859375
0.00353050231933594 0.0123825073242188 -0.6729736328125 0.135498046875
0.0306587219238281 -0.00502586364746094 -0.291656494140625 0.426300048828125
0.0237884521484375 -0.0172996520996094 0.111846923828125 0.3480224609375
0.0105562210083008 -0.0126237869262695 0.3201904296875 0.126190185546875
0.0246505737304687 -0.00513267517089844 -0.30828857421875 -0.12872314453125
0.00687408447265625 0.0176963806152344 -0.116455078125 -0.34423828125
0.0204715728759766 0.0256919860839844 0.27490234375 -0.397979736328125
-0.00641632080078125 0.0197715759277344 0.66204833984375 -0.09002685546875
-0.0470924377441406 -0.0276451110839844 0.5240478515625 0.60406494140625
-0.00246429443359374 -0.0826568603515625 -0.0807495117187501 0.8970947265625
0.0570716857910156 -0.013153076171875 -0.454254150390625 0.486419677734375
0.0877227783203125 0.0291213989257812 0.00539016723632813 0.056671142578125
0.0622062683105469 -0.00244522094726563 0.5615234375 -0.437835693359375
0.0403633117675781 -0.0375480651855469 0.225830078125 -0.943115234375
-0.0153312683105469 -0.0284748077392578 -0.588134765625 -0.60772705078125
-0.0247955322265625 0.00390434265136718 -0.66790771484375 0.11962890625
0.00617599487304688 0.0151891708374023 -0.288421630859375 0.414093017578125
0.00136566162109375 0.0115604400634766 0.105316162109375 0.335296630859375
0.00814104080200195 -0.00143003463745117 0.313873291015625 0.097442626953125
0.0257511138916016 -0.00497817993164063 -0.305267333984375 -0.122344970703125
0.00561332702636719 0.0198040008544922 -0.116119384765625 -0.341705322265625
0.0189094543457031 0.0292758941650391 0.267730712890625 -0.39715576171875
-0.00793647766113282 0.0205879211425781 0.65496826171875 -0.093017578125
-0.0464401245117187 -0.0266380310058594 0.52850341796875 0.59625244140625
-0.0018463134765625 -0.0811538696289063 -0.0735473632812501 0.900634765625
0.0564727783203125 -0.0117874145507813 -0.4586181640625 0.49407958984375
0.0856399536132813 0.0307464599609375 -0.00773239135742187 0.061065673828125
0.0625724792480469 -0.000720977783203125 0.558197021484375 -0.425506591796875
0.0416946411132813 -0.0365486145019531 0.23785400390625 -0.93646240234375
-0.014434814453125 -0.0285911560058594 -0.580078125 -0.61724853515625
-0.0267772674560547 0.00416946411132812 -0.67205810546875 0.11370849609375
0.00409507751464844 0.0172500610351563 -0.298797607421875 0.4127197265625
-0.000462532043457032 0.0137453079223633 0.104339599609375 0.33648681640625
0.00887870788574219 -0.00120830535888672 0.3153076171875 0.10235595703125
0.0266304016113281 -0.00635910034179688 -0.30126953125 -0.115478515625
0.0064239501953125 0.0189800262451172 -0.113800048828125 -0.338836669921875
0.0201606750488281 0.0283031463623047 0.267578125 -0.39447021484375
-0.00569343566894531 0.0229434967041016 0.6531982421875 -0.0897216796875
-0.0442237854003906 -0.0221633911132812 0.5267333984375 0.6009521484375
-0.00148010253906251 -0.0756301879882813 -0.0754394531249999 0.9088134765625
0.0524787902832031 -0.00669479370117188 -0.464874267578125 0.500244140625
0.078125 0.0318984985351563 -0.0175743103027344 0.0640029907226563
0.0575790405273437 0.0039520263671875 0.55206298828125 -0.4197998046875
0.042327880859375 -0.0313529968261719 0.23638916015625 -0.9351806640625
-0.0114974975585937 -0.0241661071777344 -0.58038330078125 -0.6192626953125
-0.0257701873779297 0.00561332702636719 -0.67669677734375 0.113037109375
0.00462818145751953 0.0163669586181641 -0.303558349609375 0.41455078125
-0.000488281249999999 0.0132684707641602 0.10504150390625 0.3389892578125
0.00982379913330078 -0.00216960906982422 0.3148193359375 0.1090087890625
0.0279045104980469 -0.00842094421386719 -0.30084228515625 -0.110076904296875
0.0087890625 0.0148477554321289 -0.10919189453125 -0.33746337890625
0.0216064453125 0.0249557495117188 0.2685546875 -0.390106201171875
-0.00224685668945312 0.0258102416992188 0.654296875 -0.08038330078125
-0.0397224426269531 -0.0156784057617187 0.522705078125 0.60845947265625
-0.00037002563476563 -0.0675239562988281 -0.08660888671875 0.9127197265625
0.0459213256835938 -0.0009918212890625 -0.473175048828125 0.50091552734375
0.0687904357910156 0.0348968505859375 -0.0214729309082031 0.0643310546875
0.0497322082519531 0.008544921875 0.545654296875 -0.421417236328125
0.0408096313476563 -0.0233116149902344 0.22613525390625 -0.93316650390625
-0.00797176361083984 -0.0170774459838867 -0.5888671875 -0.6112060546875
-0.0208568572998047 0.00729179382324219 -0.6759033203125 0.12188720703125
0.00753879547119141 0.0138893127441406 -0.301544189453125 0.420074462890625
0.00300121307373047 0.00923919677734375 0.1085205078125 0.341644287109375
0.00979900360107422 -0.00434684753417969 0.31719970703125 0.1143798828125
0.0287303924560547 -0.0109882354736328 -0.299163818359375 -0.10723876953125
0.0128412246704102 0.00845241546630859 -0.10516357421875 -0.338348388671875
0.0256824493408203 0.0196609497070313 0.27178955078125 -0.38970947265625
0.00336265563964844 0.0274181365966797 0.655029296875 -0.07470703125
-0.035736083984375 -0.00694656372070312 0.51678466796875 0.61688232421875
-0.002532958984375 -0.0580329895019531 -0.09747314453125 0.9156494140625
0.0373382568359375 0.00470733642578125 -0.4810791015625 0.499176025390625
0.0569801330566406 0.0354957580566406 -0.0241355895996094 0.0652427673339844
0.0394630432128906 0.0131263732910156 0.53900146484375 -0.423095703125
0.0386085510253906 -0.0128822326660156 0.2161865234375 -0.9324951171875
-0.00373220443725586 -0.00720548629760742 -0.5960693359375 -0.60400390625
-0.0154752731323242 0.00949478149414063 -0.67803955078125 0.1298828125
0.0123987197875977 0.0110397338867188 -0.299468994140625 0.42425537109375
0.00818586349487305 0.00351572036743164 0.1119384765625 0.343536376953125
0.0100059509277344 -0.00670719146728516 0.319305419921875 0.119384765625
0.02911376953125 -0.0133533477783203 -0.30035400390625 -0.107940673828125
0.0169687271118164 0.00152397155761719 -0.101715087890625 -0.338409423828125
0.0311832427978516 0.0128917694091797 0.275726318359375 -0.3892822265625
0.00963211059570313 0.0303440093994141 0.6571044921875 -0.070068359375
-0.0306587219238281 0.00200271606445312 0.511474609375 0.62066650390625
-0.00331497192382813 -0.0479736328125 -0.10601806640625 0.91204833984375
0.0277595520019531 0.01025390625 -0.483245849609375 0.496795654296875
0.045440673828125 0.0367050170898437 -0.0230827331542969 0.0653457641601563
0.0302276611328125 0.0184059143066406 0.53521728515625 -0.422271728515625
0.0346164703369141 -0.00383377075195312 0.20263671875 -0.93017578125
0.00175380706787109 0.0026545524597168 -0.60595703125 -0.5960693359375
-0.00887203216552734 0.0112724304199219 -0.6761474609375 0.134033203125
0.0190029144287109 0.00538444519042969 -0.295654296875 0.427825927734375
0.0136289596557617 -0.00364303588867187 0.114501953125 0.346923828125
0.0104503631591797 -0.00890827178955078 0.321502685546875 0.122100830078125
0.0292129516601562 -0.0157985687255859 -0.300933837890625 -0.11029052734375
0.0223140716552734 -0.00576591491699219 -0.09918212890625 -0.3406982421875
0.0375251770019531 0.00630569458007813 0.279449462890625 -0.388458251953125
0.0165748596191406 0.0324382781982422 0.66107177734375 -0.06549072265625
-0.0266914367675781 0.0104141235351563 0.50732421875 0.62591552734375
-0.0067901611328125 -0.0381889343261719 -0.11358642578125 0.90948486328125
0.0189380645751953 0.0160923004150391 -0.484588623046875 0.49322509765625
0.0341949462890625 0.0369606018066406 -0.0182342529296875 0.0641632080078125
0.0198535919189453 0.0223636627197266 0.53271484375 -0.426055908203125
0.0307331085205078 0.00630378723144531 0.18963623046875 -0.92852783203125
0.006317138671875 0.0115680694580078 -0.6116943359375 -0.58612060546875
-0.00130558013916016 0.0122404098510742 -0.67437744140625 0.14117431640625
0.0252761840820313 -8.0108642578125E-05 -0.28900146484375 0.431854248046875
0.0192127227783203 -0.0103816986083984 0.11798095703125 0.347198486328125
0.00995826721191406 -0.0115509033203125 0.3223876953125 0.1229248046875
0.0289783477783203 -0.0168533325195312 -0.3018798828125 -0.114227294921875
0.0265159606933594 -0.0122814178466797 -0.097442626953125 -0.342681884765625
0.0429344177246094 0.00078582763671875 0.285797119140625 -0.389129638671875
0.0225658416748047 0.0329513549804688 0.663818359375 -0.06201171875
-0.0237388610839844 0.0168857574462891 0.50225830078125 0.62872314453125
-0.00952339172363281 -0.0309829711914062 -0.12225341796875 0.9071044921875
0.0108203887939453 0.0191764831542969 -0.4818115234375 0.48565673828125
0.0264129638671875 0.0376472473144531 -0.0107612609863281 0.0619125366210938
0.0113792419433594 0.0260505676269531 0.532440185546875 -0.433013916015625
0.0269622802734375 0.0133342742919922 0.17608642578125 -0.93206787109375
0.00967597961425781 0.0186710357666016 -0.62109375 -0.58203125
0.00487136840820313 0.0123109817504883 -0.669921875 0.144287109375
0.0305118560791016 -0.005340576171875 -0.283447265625 0.430145263671875
0.023651123046875 -0.0183982849121094 0.11773681640625 0.34686279296875
0.00966835021972656 -0.0125846862792969 0.32257080078125 0.12060546875
0.0252017974853516 -0.00549507141113281 -0.31036376953125 -0.123443603515625
0.00702857971191406 0.0178451538085937 -0.12274169921875 -0.343231201171875
0.0211639404296875 0.0254421234130859 0.268524169921875 -0.4005126953125
-0.00624656677246094 0.0194931030273437 0.6578369140625 -0.09771728515625
-0.0476455688476563 -0.0273933410644531 0.532470703125 0.59564208984375
-0.00469970703125 -0.0822906494140625 -0.06756591796875 0.8974609375
0.0562362670898438 -0.0143508911132813 -0.446258544921875 0.49102783203125
0.088165283203125 0.0272369384765625 0.00617218017578126 0.0567207336425781
0.0628929138183594 -0.00299453735351563 0.553802490234375 -0.44189453125
0.0393409729003906 -0.0387802124023438 0.2130126953125 -0.94488525390625
-0.0148906707763672 -0.0277748107910156 -0.59619140625 -0.60089111328125
-0.0245761871337891 0.00407028198242188 -0.663330078125 0.12982177734375
0.00558948516845703 0.0153999328613281 -0.28265380859375 0.417694091796875
0.00124073028564453 0.0106782913208008 0.11175537109375 0.332733154296875
0.00849390029907227 -0.00150442123413086 0.315826416015625 0.09088134765625
0.0257244110107422 -0.00562667846679687 -0.307037353515625 -0.116668701171875
0.00562858581542969 0.0203456878662109 -0.1221923828125 -0.338775634765625
0.0199756622314453 0.0277881622314453 0.261383056640625 -0.3988037109375
-0.006805419921875 0.0204296112060547 0.6534423828125 -0.1019287109375
-0.0465316772460938 -0.0259780883789062 0.5357666015625 0.5877685546875
-0.0039520263671875 -0.0808029174804688 -0.0602416992187501 0.90032958984375
0.0558624267578125 -0.01226806640625 -0.450439453125 0.4993896484375
0.086181640625 0.0286788940429688 -0.00773239135742188 0.0611381530761719
0.0625572204589844 -0.00127410888671875 0.5504150390625 -0.4312744140625
0.0421943664550781 -0.0370979309082031 0.22308349609375 -0.93902587890625
-0.0146408081054688 -0.0281829833984375 -0.5869140625 -0.607421875
-0.0260524749755859 0.00449371337890626 -0.66925048828125 0.12200927734375
0.00375938415527344 0.016352653503418 -0.290252685546875 0.4161376953125
-0.000750541687011718 0.0132226943969727 0.10870361328125 0.33514404296875
0.00881004333496094 -0.00109672546386719 0.3157958984375 0.096923828125
0.0267677307128906 -0.00600814819335937 -0.30328369140625 -0.110443115234375
0.00678634643554688 0.0188560485839844 -0.119293212890625 -0.33636474609375
0.0202713012695313 0.0272903442382813 0.2586669921875 -0.397705078125
-0.005462646484375 0.0227279663085938 0.6507568359375 -0.099609375
-0.0443038940429688 -0.0213546752929687 0.536865234375 0.59161376953125
-0.00308990478515625 -0.0751266479492188 -0.062744140625 0.90765380859375
0.0513954162597656 -0.0076141357421875 -0.456787109375 0.5054931640625
0.0787734985351563 0.0308456420898438 -0.0164833068847656 0.0641365051269531
0.0582542419433594 0.003631591796875 0.5452880859375 -0.427642822265625
0.0419464111328125 -0.0320701599121094 0.22357177734375 -0.93585205078125
-0.011871337890625 -0.0243701934814453 -0.588134765625 -0.6085205078125
-0.0251750946044922 0.00536727905273437 -0.67193603515625 0.12548828125
0.00484466552734375 0.0165882110595703 -0.295196533203125 0.416961669921875
0.00031566619873047 0.0126142501831055 0.1102294921875 0.33721923828125
0.00928401947021485 -0.00208568572998047 0.31646728515625 0.10357666015625
0.0269336700439453 -0.00777244567871094 -0.3018798828125 -0.104949951171875
0.00945091247558594 0.0148992538452148 -0.11468505859375 -0.335113525390625
0.0229034423828125 0.0243434906005859 0.261383056640625 -0.39373779296875
-0.00160408020019531 0.0245800018310547 0.65283203125 -0.09014892578125
-0.0407028198242188 -0.014739990234375 0.5303955078125 0.59979248046875
-0.00334548950195312 -0.0676498413085937 -0.07366943359375 0.91033935546875
0.0452003479003906 -0.00203704833984375 -0.464996337890625 0.50714111328125
0.0689430236816406 0.0327529907226563 -0.02069091796875 0.0649909973144531
0.0503196716308594 0.00716400146484375 0.538177490234375 -0.426239013671875
0.0402259826660156 -0.0239944458007813 0.21038818359375 -0.9349365234375
-0.00778770446777344 -0.0171051025390625 -0.59698486328125 -0.60260009765625
-0.0211925506591797 0.00747299194335938 -0.6727294921875 0.13177490234375
0.00730514526367188 0.014531135559082 -0.294708251953125 0.422943115234375
0.00320625305175781 0.00941944122314453 0.113372802734375 0.33990478515625
0.00975131988525391 -0.00382709503173828 0.318023681640625 0.1092529296875
0.0281715393066406 -0.0114536285400391 -0.3004150390625 -0.10247802734375
0.0129251480102539 0.00813770294189453 -0.110595703125 -0.335174560546875
0.0264301300048828 0.0189552307128906 0.26507568359375 -0.391937255859375
0.00379180908203125 0.0268783569335938 0.65478515625 -0.083740234375
-0.0358123779296875 -0.00651931762695312 0.524658203125 0.60845947265625
-0.00383758544921874 -0.0581512451171875 -0.0836181640625001 0.91375732421875
0.0367698669433594 0.0037384033203125 -0.472137451171875 0.506317138671875
0.0578193664550781 0.0341758728027344 -0.0231437683105469 0.065521240234375
0.0412940979003906 0.0125312805175781 0.530487060546875 -0.426544189453125
0.0382423400878906 -0.0139923095703125 0.20001220703125 -0.93292236328125
-0.00370407104492187 -0.00697708129882812 -0.601806640625 -0.59259033203125
-0.0152273178100586 0.0098276138305664 -0.6737060546875 0.13812255859375
0.0119848251342773 0.0103187561035156 -0.291473388671875 0.4276123046875
0.00739622116088867 0.00326633453369141 0.116943359375 0.34075927734375
0.00957965850830078 -0.00578212738037109 0.320953369140625 0.1141357421875
0.0288906097412109 -0.0140438079833984 -0.30157470703125 -0.1025390625
0.0172567367553711 0.00152015686035156 -0.107421875 -0.336212158203125
0.0315933227539063 0.0120487213134766 0.26806640625 -0.392822265625
0.0104408264160156 0.0299339294433594 0.656005859375 -0.0792236328125
-0.0311393737792969 0.00197410583496093 0.52142333984375 0.61212158203125
-0.0052490234375 -0.0477867126464844 -0.09326171875 0.91357421875
0.0276851654052734 0.0094146728515625 -0.4757080078125 0.50360107421875
0.0467529296875 0.0350494384765625 -0.0222511291503906 0.0659599304199219
0.0305042266845703 0.0177021026611328 0.52734375 -0.42755126953125
0.0347709655761719 -0.00411224365234375 0.18853759765625 -0.93048095703125
0.00191879272460938 0.00243544578552246 -0.6114501953125 -0.58538818359375
-0.00810813903808594 0.0118141174316406 -0.6728515625 0.14471435546875
0.0181941986083984 0.00444412231445313 -0.28900146484375 0.429595947265625
0.0129623413085938 -0.00356960296630859 0.120758056640625 0.344451904296875
0.0103235244750977 -0.00899505615234375 0.32293701171875 0.1168212890625
0.0285377502441406 -0.0164966583251953 -0.302032470703125 -0.10546875
0.0213356018066406 -0.00644874572753906 -0.10546875 -0.33795166015625
0.0371437072753906 0.00540542602539063 0.273834228515625 -0.391265869140625
0.0169277191162109 0.0319747924804688 0.65789794921875 -0.07452392578125
-0.0265178680419922 0.0102615356445312 0.51556396484375 0.61700439453125
-0.00786972045898437 -0.0381698608398438 -0.1014404296875 0.90985107421875
0.0184040069580078 0.01446533203125 -0.475830078125 0.498077392578125
0.0349349975585937 0.0356483459472656 -0.01763916015625 0.0644950866699219
0.0207786560058594 0.0228080749511719 0.524261474609375 -0.432464599609375
0.0313243865966797 0.00549507141113281 0.1759033203125 -0.93096923828125
0.00613021850585938 0.0118503570556641 -0.620361328125 -0.57611083984375
-0.000781059265136718 0.0123491287231445 -0.6715087890625 0.1502685546875
0.0243930816650391 -0.0007476806640625 -0.282073974609375 0.433197021484375
0.0182361602783203 -0.0110702514648438 0.1224365234375 0.3447265625
0.0100173950195313 -0.0103607177734375 0.323944091796875 0.116943359375
0.0279026031494141 -0.0178966522216797 -0.303009033203125 -0.109405517578125
0.0259037017822266 -0.012908935546875 -0.10308837890625 -0.340301513671875
0.0425796508789063 -0.00041961669921875 0.27838134765625 -0.390838623046875
0.0226249694824219 0.0328006744384766 0.66131591796875 -0.0714111328125
-0.0240650177001953 0.0165233612060547 0.51068115234375 0.62078857421875
-0.0109634399414062 -0.0309581756591797 -0.10919189453125 0.90460205078125
0.0111770629882813 0.0185718536376953 -0.475494384765625 0.4913330078125
0.0269432067871094 0.0364761352539063 -0.0100517272949219 0.0623092651367188
0.0131950378417969 0.0255813598632813 0.52301025390625 -0.438812255859375
0.0276412963867188 0.01251220703125 0.164794921875 -0.93310546875
0.0104694366455078 0.0180301666259766 -0.62738037109375 -0.5706787109375
0.00509166717529297 0.0126590728759766 -0.66552734375 0.15447998046875
0.02984619140625 -0.00606536865234375 -0.274993896484375 0.43438720703125
0.0228366851806641 -0.0185070037841797 0.1231689453125 0.343414306640625
0.009979248046875 -0.0114831924438477 0.324432373046875 0.115631103515625
0.0249500274658203 -0.00556564331054688 -0.310638427734375 -0.11865234375
0.00675010681152344 0.0181064605712891 -0.127593994140625 -0.337738037109375
0.0215034484863281 0.024505615234375 0.26153564453125 -0.401947021484375
-0.00610160827636719 0.01873779296875 0.65545654296875 -0.10589599609375
-0.0485496520996094 -0.0265312194824219 0.53912353515625 0.58636474609375
-0.00666046142578126 -0.0806350708007813 -0.0552368164062501 0.89453125
0.0562210083007813 -0.0157852172851563 -0.43768310546875 0.4945068359375
0.0887908935546875 0.0254669189453125 0.00556564331054688 0.056671142578125
0.0629692077636719 -0.00399398803710937 0.5452880859375 -0.447998046875
0.039154052734375 -0.0391082763671875 0.197509765625 -0.9427490234375
-0.01580810546875 -0.027801513671875 -0.59991455078125 -0.586669921875
-0.0239887237548828 0.00527572631835937 -0.65826416015625 0.139404296875
0.00638294219970703 0.0142822265625 -0.275054931640625 0.417388916015625
0.000853538513183593 0.0110530853271484 0.1156005859375 0.330078125
0.00798177719116211 -0.000665187835693359 0.315521240234375 0.086181640625
0.0260238647460938 -0.00519371032714844 -0.308624267578125 -0.111083984375
0.0062713623046875 0.0198707580566406 -0.1275634765625 -0.33489990234375
0.0206661224365234 0.026611328125 0.253997802734375 -0.40081787109375
-0.0065765380859375 0.0205917358398437 0.64971923828125 -0.1099853515625
-0.0477333068847656 -0.0245475769042969 0.54296875 0.57781982421875
-0.0055389404296875 -0.0793228149414063 -0.0483398437500001 0.8966064453125
0.0548210144042969 -0.0131759643554688 -0.443023681640625 0.5035400390625
0.08673095703125 0.0271987915039063 -0.00712203979492187 0.0611801147460938
0.063323974609375 -0.00186538696289062 0.541595458984375 -0.437225341796875
0.041259765625 -0.0378570556640625 0.20928955078125 -0.9375
-0.0151596069335938 -0.0273380279541016 -0.59466552734375 -0.59478759765625
-0.0263519287109375 0.0051727294921875 -0.66302490234375 0.1312255859375
0.00358009338378906 0.0157604217529297 -0.283111572265625 0.41815185546875
-0.00110149383544922 0.0126333236694336 0.1138916015625 0.33135986328125
0.0086817741394043 -0.000246047973632813 0.31585693359375 0.091796875
0.0259284973144531 -0.00666046142578125 -0.30450439453125 -0.105377197265625
0.0069732666015625 0.0182399749755859 -0.124542236328125 -0.33221435546875
0.0203628540039063 0.0266094207763672 0.2532958984375 -0.399627685546875
-0.00462722778320313 0.0220909118652344 0.64678955078125 -0.10736083984375
-0.0449028015136719 -0.0204505920410156 0.54364013671875 0.58135986328125
-0.0052947998046875 -0.074737548828125 -0.0498046875 0.902099609375
0.0509452819824219 -0.0088958740234375 -0.449249267578125 0.510406494140625
0.0790786743164063 0.0286636352539063 -0.0168571472167969 0.0647506713867187
0.0584831237792969 0.00195693969726562 0.53564453125 -0.4337158203125
0.0415725708007813 -0.0322418212890625 0.2091064453125 -0.937255859375
-0.0125331878662109 -0.0233631134033203 -0.5943603515625 -0.5977783203125
-0.0244121551513672 0.00662612915039062 -0.66778564453125 0.134033203125
0.00387287139892578 0.0162839889526367 -0.287567138671875 0.419403076171875
0.000432968139648439 0.0120687484741211 0.115203857421875 0.33343505859375
0.00899505615234375 -0.00160598754882813 0.31689453125 0.097076416015625
0.0269985198974609 -0.00870895385742188 -0.302734375 -0.100006103515625
0.00910568237304687 0.0142793655395508 -0.119903564453125 -0.33099365234375
0.0231266021728516 0.0230827331542969 0.2545166015625 -0.3951416015625
-0.00153732299804687 0.0240230560302734 0.64825439453125 -0.09820556640625
-0.0405044555664063 -0.0138092041015625 0.53924560546875 0.58990478515625
-0.0051727294921875 -0.0665092468261719 -0.0607910156250001 0.90692138671875
0.0443878173828125 -0.00242233276367187 -0.456695556640625 0.511260986328125
0.070068359375 0.0312576293945313 -0.0205726623535156 0.0649833679199219
0.0508003234863281 0.00717544555664063 0.52899169921875 -0.432647705078125
0.0400581359863281 -0.0243682861328125 0.19775390625 -0.93365478515625
-0.00809478759765625 -0.0167045593261719 -0.60308837890625 -0.588134765625
-0.0209293365478516 0.00832939147949219 -0.6673583984375 0.14117431640625
0.00745868682861328 0.0132284164428711 -0.2855224609375 0.425262451171875
0.00270462036132813 0.00893783569335938 0.118896484375 0.33673095703125
0.00975990295410156 -0.00307846069335937 0.318389892578125 0.10382080078125
0.0274658203125 -0.0121860504150391 -0.3013916015625 -0.098052978515625
0.0130949020385742 0.00774097442626953 -0.11517333984375 -0.33148193359375
0.0274276733398437 0.0178356170654297 0.25787353515625 -0.39349365234375
0.00456428527832031 0.026824951171875 0.64898681640625 -0.09210205078125
-0.0362358093261719 -0.0062255859375 0.53314208984375 0.5982666015625
-0.0050048828125 -0.0570297241210938 -0.0723876953125 0.9110107421875
0.0361137390136719 0.00326156616210938 -0.464141845703125 0.50958251953125
0.0581092834472656 0.032470703125 -0.0230445861816406 0.0663604736328125
0.0417671203613281 0.0125160217285156 0.522308349609375 -0.432373046875
0.037872314453125 -0.0146598815917969 0.18572998046875 -0.93280029296875
-0.00365352630615234 -0.00745868682861328 -0.60809326171875 -0.58184814453125
-0.0148410797119141 0.010380744934082 -0.66876220703125 0.1474609375
0.0118780136108398 0.00929164886474609 -0.283538818359375 0.429046630859375
0.00764703750610351 0.00271844863891602 0.121612548828125 0.338165283203125
0.00988674163818359 -0.00579929351806641 0.321044921875 0.1080322265625
0.0276775360107422 -0.0150012969970703 -0.302215576171875 -0.097412109375
0.0166959762573242 0.000944137573242188 -0.1126708984375 -0.33258056640625
0.0318622589111328 0.0108394622802734 0.260955810546875 -0.39300537109375
0.0114250183105469 0.0287342071533203 0.6529541015625 -0.08746337890625
-0.0310268402099609 0.00299263000488281 0.5286865234375 0.60284423828125
-0.0067901611328125 -0.0470237731933594 -0.0797119140625001 0.90875244140625
0.0273361206054687 0.00873184204101562 -0.4671630859375 0.507049560546875
0.0467109680175781 0.0337028503417969 -0.0215225219726563 0.0662307739257812
0.0309505462646484 0.0172481536865234 0.5191650390625 -0.43310546875
0.0350856781005859 -0.00456047058105469 0.1728515625 -0.9295654296875
0.00158905982971191 0.00286960601806641 -0.6173095703125 -0.57366943359375
-0.00739383697509766 0.0116853713989258 -0.66729736328125 0.15283203125
0.0178012847900391 0.00366020202636719 -0.278717041015625 0.43212890625
0.0127296447753906 -0.00448036193847656 0.125030517578125 0.340728759765625
0.00892734527587891 -0.00865745544433594 0.32391357421875 0.111358642578125
0.0279026031494141 -0.0166854858398437 -0.302703857421875 -0.0995788574218749
0.0215854644775391 -0.00631141662597656 -0.11053466796875 -0.333984375
0.0375595092773437 0.00473403930664062 0.2666015625 -0.392333984375
0.0174636840820313 0.0302410125732422 0.65496826171875 -0.0830078125
-0.02703857421875 0.0111236572265625 0.52276611328125 0.60784912109375
-0.0090179443359375 -0.0374679565429688 -0.08831787109375 0.906982421875
0.0184955596923828 0.0145473480224609 -0.4671630859375 0.502288818359375
0.0355682373046875 0.0351638793945313 -0.0173912048339844 0.0653877258300781
0.0214595794677734 0.0222759246826172 0.515625 -0.4371337890625
0.0313701629638672 0.00482940673828125 0.16156005859375 -0.9293212890625
0.00730228424072266 0.0109462738037109 -0.62548828125 -0.56512451171875
-0.00108242034912109 0.0128955841064453 -0.66473388671875 0.16046142578125
0.0236568450927734 -0.001800537109375 -0.273284912109375 0.435150146484375
0.0179195404052734 -0.0116443634033203 0.12774658203125 0.34088134765625
0.00962448120117187 -0.0100460052490234 0.325164794921875 0.111602783203125
0.0270137786865234 -0.0181789398193359 -0.304473876953125 -0.104827880859375
0.0261440277099609 -0.012481689453125 -0.108612060546875 -0.3365478515625
0.0417938232421875 -0.00131607055664063 0.27166748046875 -0.39312744140625
0.0232448577880859 0.0312938690185547 0.65863037109375 -0.07891845703125
-0.0239582061767578 0.0176963806152344 0.51800537109375 0.6103515625
-0.0123214721679688 -0.0297565460205078 -0.09686279296875 0.90411376953125
0.0115871429443359 0.0184001922607422 -0.46575927734375 0.495849609375
0.0278701782226563 0.0358161926269531 -0.00933837890625 0.063018798828125
0.0136375427246094 0.0251617431640625 0.51544189453125 -0.4439697265625
0.0275497436523438 0.0121059417724609 0.1494140625 -0.92987060546875
0.0108489990234375 0.0179538726806641 -0.6319580078125 -0.55963134765625
0.00525665283203125 0.0125207901000977 -0.65911865234375 0.16326904296875
0.0295143127441406 -0.00629425048828125 -0.26690673828125 0.43524169921875
0.0223178863525391 -0.0190048217773438 0.12841796875 0.33990478515625
0.00902557373046875 -0.0113964080810547 0.324859619140625 0.10882568359375
0.0241298675537109 -0.00607109069824219 -0.310760498046875 -0.1134033203125
0.00727272033691406 0.0179252624511719 -0.13189697265625 -0.332275390625
0.0218524932861328 0.0231952667236328 0.253387451171875 -0.401611328125
-0.00527763366699219 0.0179805755615234 0.65093994140625 -0.113037109375
-0.0484657287597656 -0.0249900817871094 0.546630859375 0.57391357421875
-0.00859832763671876 -0.0806808471679688 -0.0435791015625 0.8880615234375
0.0557289123535156 -0.0153465270996094 -0.430877685546875 0.497772216796875
0.0895919799804688 0.0244140625 0.00619125366210938 0.0566558837890625
0.0628318786621094 -0.0048828125 0.535369873046875 -0.451202392578125
0.0378456115722656 -0.0394058227539063 0.1839599609375 -0.93902587890625
-0.0159206390380859 -0.0276470184326172 -0.60455322265625 -0.57733154296875
-0.0240249633789063 0.00466537475585938 -0.65155029296875 0.14752197265625
0.00669193267822266 0.0139856338500977 -0.267242431640625 0.41778564453125
0.000513076782226563 0.0103168487548828 0.119598388671875 0.3260498046875
0.00791072845458984 0.000240802764892578 0.3150634765625 0.080352783203125
0.0252113342285156 -0.00601959228515625 -0.308013916015625 -0.10614013671875
0.00627899169921875 0.0193939208984375 -0.131072998046875 -0.331207275390625
0.0208606719970703 0.0251674652099609 0.24664306640625 -0.401123046875
-0.00562286376953125 0.019195556640625 0.64495849609375 -0.11773681640625
-0.0482139587402344 -0.023681640625 0.54876708984375 0.56787109375
-0.0075836181640625 -0.078765869140625 -0.0364990234374999 0.8936767578125
0.0548782348632813 -0.0141944885253906 -0.433563232421875 0.50537109375
0.0866622924804687 0.0250701904296875 -0.00702667236328124 0.061676025390625
0.0633888244628906 -0.0030670166015625 0.532196044921875 -0.44000244140625
0.0403099060058594 -0.0388870239257813 0.19732666015625 -0.93450927734375
-0.0152778625488281 -0.0272808074951172 -0.59722900390625 -0.58380126953125
-0.0251598358154297 0.00586318969726562 -0.6556396484375 0.13946533203125
0.004119873046875 0.0159873962402344 -0.274383544921875 0.418701171875
-0.000807762145996095 0.0126571655273438 0.1182861328125 0.327789306640625
0.00885581970214844 -1.1444091796875E-05 0.315338134765625 0.08636474609375
0.0263996124267578 -0.00659942626953125 -0.303741455078125 -0.10003662109375
0.00736808776855469 0.0182285308837891 -0.128662109375 -0.328460693359375
0.0215835571289063 0.025787353515625 0.24578857421875 -0.3984375
-0.00462532043457031 0.0216732025146484 0.641357421875 -0.11456298828125
-0.0454635620117188 -0.0198707580566406 0.54669189453125 0.57305908203125
-0.00709533691406251 -0.07305908203125 -0.03765869140625 0.8984375
0.05145263671875 -0.00928878784179688 -0.441253662109375 0.511566162109375
0.0790328979492188 0.027008056640625 -0.0158843994140625 0.0642166137695313
0.0587425231933594 0.00131988525390625 0.5262451171875 -0.436248779296875
0.0411872863769531 -0.0330772399902344 0.1943359375 -0.93377685546875
-0.0124835968017578 -0.0232200622558594 -0.5987548828125 -0.58587646484375
-0.0236301422119141 0.00696945190429688 -0.66082763671875 0.1407470703125
0.00427150726318359 0.0158233642578125 -0.279876708984375 0.420257568359375
-8.58306884765622E-05 0.013035774230957 0.118743896484375 0.329498291015625
0.00905132293701172 -0.000966072082519531 0.316131591796875 0.09259033203125
0.0267772674560547 -0.00884056091308594 -0.30242919921875 -0.09552001953125
0.00917816162109375 0.0138559341430664 -0.124542236328125 -0.32781982421875
0.0229015350341797 0.0228061676025391 0.2481689453125 -0.396087646484375
-0.000511169433593751 0.0238723754882813 0.6434326171875 -0.10711669921875
-0.0416412353515625 -0.0132179260253906 0.54534912109375 0.5811767578125
-0.00646591186523438 -0.0656547546386719 -0.0487060546875001 0.90130615234375
0.0441055297851563 -0.00288772583007813 -0.4483642578125 0.51177978515625
0.0697822570800781 0.0296173095703125 -0.0203361511230469 0.0652694702148438
0.0508193969726563 0.00644302368164063 0.520233154296875 -0.435760498046875
0.039459228515625 -0.0248069763183594 0.18438720703125 -0.92919921875
-0.00839900970458985 -0.015777587890625 -0.6070556640625 -0.57647705078125
-0.0202484130859375 0.00840377807617187 -0.66021728515625 0.14959716796875
0.00668621063232422 0.0135679244995117 -0.2772216796875 0.42401123046875
0.00271129608154297 0.00913333892822266 0.1229248046875 0.332427978515625
0.00942039489746094 -0.00278472900390625 0.318084716796875 0.0985107421875
0.0272655487060547 -0.0122909545898438 -0.300933837890625 -0.09228515625
0.012969970703125 0.00800704956054688 -0.1201171875 -0.327911376953125
0.0269508361816406 0.0174293518066406 0.250701904296875 -0.39324951171875
0.00532722473144531 0.0260295867919922 0.64642333984375 -0.09979248046875
-0.0359611511230469 -0.00480651855468751 0.53826904296875 0.5867919921875
-0.00659942626953125 -0.055816650390625 -0.0601806640625 0.9046630859375
0.0354499816894531 0.00251007080078125 -0.455047607421875 0.5120849609375
0.058441162109375 0.0310096740722656 -0.0231819152832031 0.0657424926757813
0.0422019958496094 0.0111160278320312 0.512451171875 -0.435150146484375
0.0375480651855469 -0.0148468017578125 0.17352294921875 -0.9290771484375
-0.00385379791259766 -0.00735139846801758 -0.612548828125 -0.569580078125
-0.0137414932250977 0.0103635787963867 -0.661865234375 0.155029296875
0.0124311447143555 0.00896072387695313 -0.276885986328125 0.429229736328125
0.0073390007019043 0.00251388549804688 0.12646484375 0.33416748046875
0.00976943969726563 -0.00499057769775391 0.3204345703125 0.10205078125
0.0278358459472656 -0.0147876739501953 -0.301361083984375 -0.092529296875
0.0165023803710938 0.000359535217285156 -0.117767333984375 -0.329010009765625
0.0317649841308594 0.00975799560546875 0.25421142578125 -0.394195556640625
0.0105800628662109 0.0285015106201172 0.64886474609375 -0.0955810546875
-0.031219482421875 0.00343132019042968 0.535888671875 0.592041015625
-0.00862121582031249 -0.0462799072265625 -0.068115234375 0.90325927734375
0.0275306701660156 0.00864791870117187 -0.45843505859375 0.508270263671875
0.0473861694335938 0.0327529907226563 -0.0217933654785156 0.0657463073730469
0.0324687957763672 0.0162734985351563 0.50933837890625 -0.436676025390625
0.0348052978515625 -0.00484848022460938 0.1622314453125 -0.92633056640625
0.00250649452209473 0.00224137306213379 -0.62005615234375 -0.56170654296875
-0.00707721710205078 0.0118980407714844 -0.66058349609375 0.1627197265625
0.0177783966064453 0.00386619567871094 -0.272247314453125 0.43157958984375
0.0125713348388672 -0.00407505035400391 0.1295166015625 0.33642578125
0.00969982147216797 -0.00755596160888672 0.323211669921875 0.105743408203125
0.0280208587646484 -0.0165500640869141 -0.3031005859375 -0.094940185546875
0.0214176177978516 -0.006866455078125 -0.114776611328125 -0.330078125
0.0374755859375 0.00364303588867188 0.259307861328125 -0.393585205078125
0.0184783935546875 0.0292034149169922 0.6497802734375 -0.09027099609375
-0.0270023345947266 0.0112762451171875 0.527587890625 0.59765625
-0.0101661682128906 -0.0371322631835938 -0.0771484375000001 0.9014892578125
0.0184345245361328 0.0136375427246094 -0.459014892578125 0.504425048828125
0.036834716796875 0.0330123901367188 -0.0173912048339844 0.0645942687988281
0.0221290588378906 0.0218696594238281 0.506317138671875 -0.44091796875
0.0309658050537109 0.00390434265136719 0.1490478515625 -0.92657470703125
0.00687313079833984 0.0105924606323242 -0.6278076171875 -0.5528564453125
9.2506408691406E-05 0.0123710632324219 -0.6573486328125 0.167724609375
0.0234508514404297 -0.00181961059570313 -0.264984130859375 0.434295654296875
0.0174493789672852 -0.0122642517089844 0.132080078125 0.338043212890625
0.00931835174560547 -0.0100126266479492 0.32525634765625 0.106170654296875
0.0274791717529297 -0.0178642272949219 -0.303955078125 -0.099761962890625
0.0254573822021484 -0.0139045715332031 -0.11285400390625 -0.33294677734375
0.0420989990234375 -0.002197265625 0.264373779296875 -0.3939208984375
0.0236339569091797 0.0303268432617188 0.65447998046875 -0.0872802734375
-0.0235004425048828 0.0168857574462891 0.523681640625 0.600830078125
-0.0127124786376953 -0.0295238494873047 -0.0855712890624999 0.89935302734375
0.0107364654541016 0.0180587768554688 -0.457489013671875 0.49920654296875
0.0285587310791016 0.0338764190673828 -0.00956726074218749 0.062744140625
0.0152053833007812 0.0251064300537109 0.5054931640625 -0.446197509765625
0.0287265777587891 0.0119037628173828 0.13641357421875 -0.9267578125
0.0105676651000977 0.0169668197631836 -0.63604736328125 -0.54754638671875
0.00595474243164063 0.0121774673461914 -0.65289306640625 0.171875
0.0286521911621094 -0.00727272033691406 -0.25909423828125 0.433929443359375
0.0212306976318359 -0.0195846557617188 0.1328125 0.3372802734375
0.00855922698974609 -0.0106029510498047 0.324432373046875 0.104278564453125
0.0243492126464844 -0.00601959228515625 -0.3106689453125 -0.10870361328125
0.00736236572265625 0.0173473358154297 -0.136138916015625 -0.3297119140625
0.0228157043457031 0.0227718353271484 0.248291015625 -0.401031494140625
-0.00539207458496094 0.0179843902587891 0.64422607421875 -0.11944580078125
-0.0490379333496094 -0.0245361328125 0.5494384765625 0.56494140625
-0.00998687744140624 -0.07794189453125 -0.03521728515625 0.88189697265625
0.0542564392089844 -0.0164680480957031 -0.4222412109375 0.49774169921875
0.0893402099609375 0.0226821899414063 0.00619125366210938 0.0562820434570313
0.06304931640625 -0.00595855712890625 0.52569580078125 -0.45245361328125
0.0371513366699219 -0.0394058227539063 0.17230224609375 -0.934326171875
-0.0162277221679687 -0.0271892547607422 -0.60565185546875 -0.5633544921875
-0.0232563018798828 0.00575828552246094 -0.64385986328125 0.154541015625
0.00596714019775391 0.0139398574829102 -0.259368896484375 0.417083740234375
0.000310897827148438 0.0106239318847656 0.123138427734375 0.321502685546875
0.00765085220336914 0.000134944915771484 0.3134765625 0.07659912109375
0.0249176025390625 -0.00668144226074219 -0.30706787109375 -0.100982666015625
0.00572967529296875 0.0193004608154297 -0.13623046875 -0.32635498046875
0.0211219787597656 0.0246906280517578 0.239501953125 -0.39990234375
-0.00561332702636719 0.0187644958496094 0.63848876953125 -0.124267578125
-0.0481758117675781 -0.0224418640136719 0.5509033203125 0.557220458984375
-0.00868225097656249 -0.0775985717773438 -0.02777099609375 0.8863525390625
0.0541801452636719 -0.0142669677734375 -0.42584228515625 0.506256103515625
0.0870895385742187 0.0236663818359375 -0.00609970092773437 0.0610809326171875
0.0634574890136719 -0.00341796875 0.52276611328125 -0.44305419921875
0.0398025512695313 -0.0386581420898438 0.18438720703125 -0.93011474609375
-0.01513671875 -0.0271205902099609 -0.5986328125 -0.57147216796875
-0.0248908996582031 0.005767822265625 -0.64971923828125 0.14788818359375
0.00390338897705078 0.0159273147583008 -0.267181396484375 0.417877197265625
-0.000666618347167968 0.0132026672363281 0.121612548828125 0.324554443359375
0.00808906555175781 0.000209808349609375 0.314697265625 0.081939697265625
0.0260639190673828 -0.00698471069335938 -0.303375244140625 -0.0951232910156251
0.00687789916992187 0.0180931091308594 -0.132781982421875 -0.323455810546875
0.021209716796875 0.0239734649658203 0.23883056640625 -0.398834228515625
-0.00379180908203125 0.0206375122070313 0.63653564453125 -0.12103271484375
-0.0459136962890625 -0.01885986328125 0.5516357421875 0.5626220703125
-0.00812530517578124 -0.0722732543945313 -0.0274658203125 0.89312744140625
0.0499114990234375 -0.00988006591796875 -0.431488037109375 0.5118408203125
0.0788116455078125 0.0260391235351563 -0.0155830383300781 0.0647697448730469
0.0591926574707031 0.0005645751953125 0.51641845703125 -0.437896728515625
0.0402145385742188 -0.0330772399902344 0.18450927734375 -0.92822265625
-0.0131053924560547 -0.0234050750732422 -0.5997314453125 -0.57373046875
-0.0243930816650391 0.00758171081542969 -0.653564453125 0.1475830078125
0.00456333160400391 0.0154275894165039 -0.272186279296875 0.419708251953125
0.000185012817382813 0.0119314193725586 0.12255859375 0.325927734375
0.00849437713623047 -0.000939846038818359 0.315399169921875 0.08795166015625
0.0264148712158203 -0.00950241088867188 -0.30218505859375 -0.09112548828125
0.00955486297607422 0.0138330459594727 -0.128173828125 -0.32269287109375
0.0229778289794922 0.0216236114501953 0.241302490234375 -0.39581298828125
-5.53131103515607E-05 0.0232658386230469 0.6387939453125 -0.113525390625
-0.0411453247070313 -0.0127754211425781 0.54632568359375 0.5709228515625
-0.00753402709960938 -0.0649261474609375 -0.0385131835937499 0.8961181640625
0.0439414978027344 -0.00333786010742187 -0.440185546875 0.51373291015625
0.0695838928222656 0.0288352966308594 -0.01983642578125 0.0653114318847656
0.051513671875 0.00572586059570313 0.51080322265625 -0.436248779296875
0.039215087890625 -0.0254936218261719 0.17218017578125 -0.925048828125
-0.00911045074462891 -0.0162019729614258 -0.60614013671875 -0.56634521484375
-0.0198860168457031 0.00939750671386719 -0.6533203125 0.15631103515625
0.00652503967285156 0.0129022598266602 -0.269989013671875 0.423736572265625
0.00276422500610352 0.00836515426635742 0.126068115234375 0.327606201171875
0.00853395462036133 -0.00281810760498047 0.317718505859375 0.093994140625
0.0270881652832031 -0.0115814208984375 -0.30145263671875 -0.0879516601562501
0.0123796463012695 0.00735569000244141 -0.124481201171875 -0.32342529296875
0.0271511077880859 0.0161037445068359 0.243133544921875 -0.39263916015625
0.0064544677734375 0.0254936218261719 0.6405029296875 -0.10736083984375
-0.0360565185546875 -0.00447463989257813 0.5399169921875 0.577392578125
-0.00817108154296876 -0.0555381774902344 -0.0489501953125 0.90032958984375
0.0354499816894531 0.00223922729492188 -0.446563720703125 0.513458251953125
0.0587997436523438 0.0298728942871094 -0.0225296020507813 0.0658760070800781
0.0418663024902344 0.011444091796875 0.50494384765625 -0.43719482421875
0.0370101928710938 -0.0158462524414063 0.16363525390625 -0.923828125
-0.00345039367675781 -0.00716066360473633 -0.61480712890625 -0.5579833984375
-0.0134782791137695 0.0104951858520508 -0.65447998046875 0.162841796875
0.0121068954467773 0.00939273834228516 -0.267333984375 0.42742919921875
0.00620317459106445 0.00256776809692383 0.129364013671875 0.330902099609375
0.00950717926025391 -0.00455856323242188 0.3199462890625 0.097564697265625
0.0272407531738281 -0.0145606994628906 -0.300537109375 -0.088623046875
0.0163402557373047 -0.000104904174804688 -0.12164306640625 -0.32464599609375
0.0319385528564453 0.00904464721679688 0.246063232421875 -0.3936767578125
0.0120792388916016 0.0273780822753906 0.6441650390625 -0.102294921875
-0.0309391021728516 0.00336647033691406 0.53790283203125 0.58135986328125
-0.00917816162109375 -0.0451507568359375 -0.0578002929687501 0.8978271484375
0.0273704528808594 0.007354736328125 -0.4498291015625 0.5108642578125
0.0475311279296875 0.0314292907714844 -0.0211219787597656 0.0666961669921875
0.0324001312255859 0.0162467956542969 0.500091552734375 -0.437347412109375
0.0347843170166016 -0.00617599487304688 0.1507568359375 -0.91986083984375
0.00207352638244629 0.00276255607604981 -0.62115478515625 -0.5504150390625
-0.00667285919189453 0.0116939544677734 -0.65338134765625 0.16839599609375
0.0177974700927734 0.00327491760253906 -0.26300048828125 0.43115234375
0.0114812850952148 -0.00509548187255859 0.13287353515625 0.332916259765625
0.00924110412597656 -0.00742053985595703 0.3223876953125 0.100830078125
0.0270042419433594 -0.0176868438720703 -0.302703857421875 -0.0907592773437501
0.0208911895751953 -0.007171630859375 -0.118743896484375 -0.32568359375
0.0366897583007813 0.00183868408203125 0.252593994140625 -0.39324951171875
0.0183620452880859 0.0289096832275391 0.6468505859375 -0.09765625
-0.0262813568115234 0.0106983184814453 0.5322265625 0.5860595703125
-0.0110054016113281 -0.0358810424804688 -0.0662841796874999 0.89599609375
0.018157958984375 0.0136203765869141 -0.451446533203125 0.506988525390625
0.0369224548339844 0.0324325561523438 -0.0165023803710937 0.0657196044921875
0.0228652954101563 0.0210914611816406 0.49798583984375 -0.441619873046875
0.0315685272216797 0.00391387939453125 0.1380615234375 -0.92022705078125
0.00724506378173828 0.0102291107177734 -0.630126953125 -0.54132080078125
0.000213623046875 0.0125179290771484 -0.64996337890625 0.1746826171875
0.0234909057617188 -0.00280189514160156 -0.256378173828125 0.433502197265625
0.0167427062988281 -0.0131139755249023 0.13531494140625 0.3333740234375
0.00881481170654297 -0.00936126708984375 0.323638916015625 0.10052490234375
0.0262851715087891 -0.0184040069580078 -0.303558349609375 -0.0952758789062501
0.0250225067138672 -0.013824462890625 -0.11749267578125 -0.327728271484375
0.0417098999023438 -0.00279998779296875 0.258758544921875 -0.393768310546875
0.0244083404541016 0.02923583984375 0.648193359375 -0.09442138671875
-0.024261474609375 0.0174751281738281 0.5269775390625 0.5914306640625
-0.0141239166259766 -0.0289173126220703 -0.0748901367187499 0.8934326171875
0.0107297897338867 0.0172767639160156 -0.44915771484375 0.500457763671875
0.0289306640625 0.0332698822021484 -0.00896072387695312 0.0624275207519531
0.0151653289794922 0.0252208709716797 0.497222900390625 -0.44671630859375
0.0280513763427734 0.0106830596923828 0.1258544921875 -0.9205322265625
0.0106019973754883 0.0166854858398437 -0.63812255859375 -0.53607177734375
0.00662803649902344 0.0124588012695313 -0.64483642578125 0.17779541015625
0.0280170440673828 -0.00816726684570313 -0.25140380859375 0.43310546875
0.0210151672363281 -0.0197734832763672 0.13629150390625 0.33197021484375
0.00883388519287109 -0.0104398727416992 0.323455810546875 0.09893798828125
0.0242824554443359 -0.00638198852539063 -0.309112548828125 -0.10406494140625
0.00732994079589844 0.0173921585083008 -0.137725830078125 -0.324462890625
0.0219707489013672 0.0208053588867188 0.24151611328125 -0.399139404296875
-0.00475406646728515 0.0169916152954102 0.639404296875 -0.12481689453125
-0.0490951538085938 -0.023468017578125 0.54998779296875 0.55645751953125
-0.0109939575195313 -0.07757568359375 -0.025390625 0.87451171875
0.0538482666015625 -0.0170211791992188 -0.4141845703125 0.498687744140625
0.0885009765625 0.0206375122070313 0.00621414184570313 0.0555610656738281
0.0624008178710938 -0.00620269775390625 0.517333984375 -0.453216552734375
0.0366325378417969 -0.0400314331054688 0.1634521484375 -0.9290771484375
-0.0156841278076172 -0.0269756317138672 -0.60565185546875 -0.55218505859375
-0.0234794616699219 0.00532341003417968 -0.63775634765625 0.15716552734375
0.00588130950927734 0.0137090682983398 -0.253448486328125 0.41595458984375
0.000115394592285156 0.0100154876708984 0.125885009765625 0.318817138671875
0.00750970840454101 -0.000326156616210937 0.3121337890625 0.07196044921875
0.0251369476318359 -0.00596046447753906 -0.306121826171875 -0.09771728515625
0.00606346130371094 0.0186672210693359 -0.139068603515625 -0.322174072265625
0.0213565826416016 0.0237655639648438 0.234649658203125 -0.398834228515625
-0.00575828552246094 0.0184230804443359 0.6336669921875 -0.127685546875
-0.0493125915527344 -0.0215530395507812 0.553375244140625 0.548187255859375
-0.0102157592773438 -0.0762786865234375 -0.0183105468750001 0.8768310546875
0.0528526306152344 -0.0150413513183594 -0.419036865234375 0.50543212890625
0.0858383178710938 0.0222702026367188 -0.00696945190429687 0.0606460571289063
0.0637397766113281 -0.00472259521484375 0.51312255859375 -0.443389892578125
0.0389366149902344 -0.0386772155761719 0.1719970703125 -0.9251708984375
-0.0157375335693359 -0.0272464752197266 -0.59881591796875 -0.5616455078125
-0.0242671966552734 0.00613021850585938 -0.64288330078125 0.15240478515625
0.00360202789306641 0.0157909393310547 -0.260711669921875 0.413970947265625
-0.00126361846923828 0.0123376846313477 0.123992919921875 0.321044921875
0.00871753692626953 0.000266075134277344 0.312713623046875 0.0777587890625
0.0254096984863281 -0.007720947265625 -0.30194091796875 -0.09130859375
0.00732231140136719 0.0174398422241211 -0.1356201171875 -0.319183349609375
0.0210800170898438 0.0234661102294922 0.233062744140625 -0.3968505859375
-0.00372505187988281 0.0205192565917969 0.63177490234375 -0.12518310546875
-0.0452537536621094 -0.0182762145996094 0.553314208984375 0.5518798828125
-0.00870513916015625 -0.0708847045898438 -0.02001953125 0.884521484375
0.049285888671875 -0.0103721618652344 -0.42413330078125 0.511627197265625
0.0790634155273438 0.0238876342773438 -0.0150032043457031 0.0639991760253906
0.0586585998535156 -3.4332275390625E-05 0.50946044921875 -0.438232421875
0.0404739379882813 -0.0337600708007813 0.17413330078125 -0.92169189453125
-0.0124588012695312 -0.0226974487304688 -0.5999755859375 -0.56304931640625
-0.0229816436767578 0.00743865966796875 -0.64556884765625 0.15228271484375
0.00410175323486328 0.0158157348632813 -0.26373291015625 0.41912841796875
-0.000271797180175782 0.0122203826904297 0.125396728515625 0.322113037109375
0.00880146026611328 -0.000329017639160156 0.313629150390625 0.084136962890625
0.0263500213623047 -0.00886726379394531 -0.30145263671875 -0.08636474609375
0.00876140594482422 0.0123434066772461 -0.131561279296875 -0.318817138671875
0.0234870910644531 0.0201358795166016 0.235382080078125 -0.393768310546875
-0.000143051147460936 0.0223217010498047 0.63330078125 -0.1173095703125
-0.0421943664550781 -0.0118026733398438 0.548370361328125 0.561431884765625
-0.00951004028320312 -0.0636558532714844 -0.0289306640625 0.8876953125
0.0424537658691406 -0.00469589233398438 -0.432281494140625 0.514801025390625
0.0696258544921875 0.0267982482910156 -0.0194778442382813 0.0655174255371094
0.0517807006835937 0.0057373046875 0.502166748046875 -0.438232421875
0.0385284423828125 -0.025146484375 0.16253662109375 -0.9190673828125
-0.00819873809814453 -0.0152511596679688 -0.60858154296875 -0.5537109375
-0.0186386108398438 0.00975990295410156 -0.645751953125 0.16094970703125
0.00717639923095703 0.0132837295532227 -0.263153076171875 0.422271728515625
0.00221014022827148 0.00776863098144531 0.128204345703125 0.32440185546875
0.0094451904296875 -0.00245380401611328 0.315643310546875 0.0892333984375
0.0269737243652344 -0.0119762420654297 -0.29998779296875 -0.0841674804687499
0.0124540328979492 0.00682353973388672 -0.127899169921875 -0.318572998046875
0.0267620086669922 0.0149517059326172 0.23876953125 -0.391693115234375
0.00600242614746094 0.0238246917724609 0.63568115234375 -0.1112060546875
-0.0362358093261719 -0.00438690185546875 0.5428466796875 0.5689697265625
-0.00891494750976562 -0.0545082092285156 -0.04144287109375 0.892333984375
0.0350704193115234 0.00177574157714844 -0.438995361328125 0.514007568359375
0.0587310791015625 0.0289802551269531 -0.0220413208007813 0.066070556640625
0.0427703857421875 0.00983047485351563 0.495330810546875 -0.43829345703125
0.0372505187988281 -0.0166053771972656 0.15338134765625 -0.91748046875
-0.00362920761108399 -0.00738430023193359 -0.6131591796875 -0.54730224609375
-0.0135297775268555 0.0107583999633789 -0.646728515625 0.16754150390625
0.0120763778686523 0.00834941864013672 -0.26055908203125 0.42620849609375
0.00714492797851563 0.00151157379150391 0.132415771484375 0.32586669921875
0.0089263916015625 -0.00466060638427734 0.3187255859375 0.093719482421875
0.0265674591064453 -0.0151176452636719 -0.300079345703125 -0.08453369140625
0.0165023803710938 0.000189781188964844 -0.123565673828125 -0.321136474609375
0.0314846038818359 0.00815963745117188 0.24102783203125 -0.39178466796875
0.0125160217285156 0.0267677307128906 0.63604736328125 -0.10565185546875
-0.0310916900634766 0.00432777404785156 0.537841796875 0.57147216796875
-0.00955581665039063 -0.0443305969238281 -0.05126953125 0.8912353515625
0.0268363952636719 0.00724983215332031 -0.441925048828125 0.50927734375
0.0474472045898438 0.0301475524902344 -0.0207862854003906 0.0668296813964844
0.0333366394042969 0.0158348083496094 0.49200439453125 -0.438507080078125
0.0339622497558594 -0.00630378723144531 0.1395263671875 -0.913818359375
0.00266599655151367 0.00232934951782227 -0.62213134765625 -0.53955078125
-0.00633621215820312 0.0121479034423828 -0.6453857421875 0.17279052734375
0.0171537399291992 0.00244998931884766 -0.256072998046875 0.42919921875
0.011296272277832 -0.00559711456298828 0.13494873046875 0.32879638671875
0.00944137573242188 -0.00704193115234375 0.32147216796875 0.096405029296875
0.0267410278320312 -0.0164871215820313 -0.30145263671875 -0.08612060546875
0.0200710296630859 -0.00746917724609375 -0.122222900390625 -0.321319580078125
0.0362739562988281 0.001220703125 0.246826171875 -0.39166259765625
0.0186882019042969 0.0277957916259766 0.6409912109375 -0.10125732421875
-0.0275230407714844 0.0114116668701172 0.5343017578125 0.57781982421875
-0.0126914978027344 -0.0353126525878906 -0.05743408203125 0.8892822265625
0.0182991027832031 0.0128746032714844 -0.4444580078125 0.505645751953125
0.0373039245605469 0.0317573547363281 -0.0159873962402344 0.0646018981933594
0.0239009857177734 0.0200977325439453 0.489959716796875 -0.442413330078125
0.0315799713134766 0.00336647033691406 0.1282958984375 -0.9119873046875
0.00742721557617187 0.0110721588134766 -0.62811279296875 -0.52972412109375
0.000758171081542969 0.0130167007446289 -0.6419677734375 0.1793212890625
0.0226860046386719 -0.00342750549316406 -0.250396728515625 0.431365966796875
0.0162792205810547 -0.0132131576538086 0.137664794921875 0.32916259765625
0.00809907913208008 -0.00870227813720703 0.3232421875 0.097259521484375
0.0260410308837891 -0.0187397003173828 -0.30218505859375 -0.09100341796875
0.0250453948974609 -0.0135421752929688 -0.120330810546875 -0.32403564453125
0.041015625 -0.004364013671875 0.25274658203125 -0.392730712890625
0.0243644714355469 0.0284156799316406 0.64361572265625 -0.099609375
-0.0239009857177734 0.0180683135986328 0.53070068359375 0.5814208984375
-0.0149765014648437 -0.0274600982666016 -0.0664062500000001 0.8873291015625
0.0106744766235352 0.0170307159423828 -0.441925048828125 0.49835205078125
0.0294055938720703 0.0323619842529297 -0.00910186767578125 0.0628700256347656
0.0162792205810547 0.0245437622070313 0.48834228515625 -0.447906494140625
0.0281791687011719 0.0102672576904297 0.11651611328125 -0.915283203125
0.0115814208984375 0.0165939331054688 -0.63604736328125 -0.523681640625
0.00659370422363281 0.011932373046875 -0.63720703125 0.18304443359375
0.0277957916259766 -0.00792121887207031 -0.244415283203125 0.43060302734375
0.0198535919189453 -0.0201873779296875 0.138519287109375 0.32763671875
0.00879573822021484 -0.0103120803833008 0.323028564453125 0.0946044921875
0.0239963531494141 -0.00675773620605469 -0.30767822265625 -0.100433349609375
0.00682544708251953 0.016728401184082 -0.140533447265625 -0.320068359375
0.0218067169189453 0.0200176239013672 0.235809326171875 -0.3985595703125
-0.00520896911621094 0.0171031951904297 0.6334228515625 -0.129150390625
-0.0488739013671875 -0.0225486755371094 0.5501708984375 0.546722412109375
-0.0126190185546875 -0.075103759765625 -0.0206298828124999 0.8662109375
0.0527534484863281 -0.0169754028320313 -0.40777587890625 0.49603271484375
0.0880355834960938 0.0203857421875 0.0055084228515625 0.0561904907226563
0.0633926391601563 -0.00671768188476563 0.509765625 -0.45367431640625
0.0370407104492188 -0.0403213500976563 0.156494140625 -0.922607421875
-0.0160331726074219 -0.0255908966064453 -0.60357666015625 -0.5435791015625
-0.0222682952880859 0.00536346435546875 -0.63079833984375 0.16082763671875
0.00612258911132812 0.0135612487792969 -0.247314453125 0.4129638671875
-5.05447387695306E-05 0.00967311859130859 0.127685546875 0.314208984375
0.00751972198486328 0.00127553939819336 0.310394287109375 0.068450927734375
0.0243759155273437 -0.00635337829589844 -0.304779052734375 -0.093719482421875
0.00646018981933594 0.0187320709228516 -0.139801025390625 -0.316741943359375
0.0221328735351563 0.0230903625488281 0.229278564453125 -0.39727783203125
-0.00511455535888672 0.0173635482788086 0.62799072265625 -0.131591796875
-0.0482406616210938 -0.0212860107421875 0.55438232421875 0.54010009765625
-0.010894775390625 -0.0748977661132813 -0.0126953124999999 0.8702392578125
0.051849365234375 -0.014892578125 -0.4122314453125 0.50396728515625
0.0856704711914063 0.0215835571289063 -0.00575637817382813 0.0609283447265625
0.0632858276367187 -0.00453948974609375 0.50628662109375 -0.442840576171875
0.0392494201660156 -0.0389480590820312 0.16522216796875 -0.91864013671875
-0.0145664215087891 -0.0266971588134766 -0.598388671875 -0.552490234375
-0.0236167907714844 0.006500244140625 -0.6346435546875 0.15472412109375
0.00360774993896485 0.0146036148071289 -0.255096435546875 0.412933349609375
-0.00141048431396484 0.0121421813964844 0.125091552734375 0.317413330078125
0.00811243057250977 0.000964641571044922 0.31097412109375 0.074432373046875
0.0254478454589844 -0.00675010681152344 -0.300262451171875 -0.087860107421875
0.00672721862792968 0.017974853515625 -0.138580322265625 -0.314849853515625
0.0215511322021484 0.0225620269775391 0.228118896484375 -0.39532470703125
-0.00355148315429687 0.0198707580566406 0.62353515625 -0.13037109375
-0.0462265014648438 -0.017120361328125 0.552276611328125 0.545257568359375
-0.0101737976074219 -0.0699958801269531 -0.0136718749999999 0.87591552734375
0.048858642578125 -0.0104598999023438 -0.416900634765625 0.50994873046875
0.0788650512695313 0.0230789184570313 -0.0152587890625 0.064208984375
0.0592918395996094 -0.000820159912109375 0.501495361328125 -0.4376220703125
0.0392112731933594 -0.0338134765625 0.16650390625 -0.91619873046875
-0.0128593444824219 -0.0233325958251953 -0.59771728515625 -0.55426025390625
-0.0224971771240234 0.00734519958496093 -0.63873291015625 0.1568603515625
0.00407886505126953 0.0142679214477539 -0.260284423828125 0.414520263671875
-0.000828742980957032 0.0115299224853516 0.126678466796875 0.318389892578125
0.00879287719726562 -0.000265121459960937 0.311279296875 0.0797119140625
0.0260200500488281 -0.00954818725585938 -0.2998046875 -0.08349609375
0.00935268402099609 0.0125522613525391 -0.134002685546875 -0.31488037109375
0.0239124298095703 0.0200099945068359 0.229583740234375 -0.3919677734375
-0.000221252441406251 0.0220794677734375 0.6279296875 -0.11859130859375
-0.0421943664550781 -0.0108795166015625 0.549835205078125 0.551849365234375
-0.009521484375 -0.0618057250976563 -0.02520751953125 0.88189697265625
0.0418128967285156 -0.00529098510742188 -0.424072265625 0.511993408203125
0.0682830810546875 0.025665283203125 -0.0193367004394531 0.0648231506347656
0.0511512756347656 0.0048980712890625 0.494659423828125 -0.437591552734375
0.0392303466796875 -0.0262908935546875 0.15478515625 -0.912353515625
-0.00862979888916015 -0.0162458419799805 -0.6064453125 -0.544189453125
-0.0186290740966797 0.00876235961914062 -0.63800048828125 0.16461181640625
0.00660324096679687 0.0121774673461914 -0.257659912109375 0.418548583984375
0.0016942024230957 0.00736713409423828 0.130615234375 0.320465087890625
0.00911140441894531 -0.00200557708740234 0.314117431640625 0.085418701171875
0.0266170501708984 -0.0112857818603516 -0.2982177734375 -0.080474853515625
0.0117635726928711 0.00625419616699219 -0.129425048828125 -0.3145751953125
0.0267581939697266 0.0142898559570313 0.233245849609375 -0.390106201171875
0.005889892578125 0.0237541198730469 0.629638671875 -0.11334228515625
-0.0367164611816406 -0.00331878662109376 0.54278564453125 0.5601806640625
-0.0105056762695313 -0.0529899597167969 -0.0352783203124999 0.88311767578125
0.03533935546875 0.00101470947265625 -0.43304443359375 0.511322021484375
0.059173583984375 0.027099609375 -0.0218048095703125 0.0664100646972656
0.0423583984375 0.0103797912597656 0.48828125 -0.437225341796875
0.0369224548339844 -0.0166244506835938 0.14605712890625 -0.91156005859375
-0.00305652618408203 -0.00734138488769531 -0.6112060546875 -0.537353515625
-0.0122804641723633 0.0102729797363281 -0.63751220703125 0.17041015625
0.0111484527587891 0.00828742980957031 -0.25494384765625 0.424896240234375
0.00559377670288086 0.00171184539794922 0.133209228515625 0.321990966796875
0.00900936126708984 -0.00416660308837891 0.31658935546875 0.090301513671875
0.0264148712158203 -0.0147762298583984 -0.29876708984375 -0.0808715820312499
0.0161466598510742 0.000222206115722656 -0.126617431640625 -0.316009521484375
0.0312290191650391 0.008056640625 0.235107421875 -0.39031982421875
0.0126743316650391 0.0253982543945313 0.6322021484375 -0.10931396484375
-0.0313262939453125 0.00411605834960937 0.53900146484375 0.5638427734375
-0.0113410949707031 -0.04339599609375 -0.0433349609375 0.8829345703125
0.0267524719238281 0.00755691528320313 -0.435821533203125 0.50628662109375
0.0477752685546875 0.0293235778808594 -0.0207901000976562 0.0663223266601563
0.0339126586914063 0.015533447265625 0.483428955078125 -0.43695068359375
0.0342674255371094 -0.00646591186523438 0.13397216796875 -0.906982421875
0.00304341316223145 0.00171518325805664 -0.620361328125 -0.52911376953125
-0.00561904907226563 0.0116615295410156 -0.636962890625 0.1761474609375
0.0168304443359375 0.00223922729492188 -0.249725341796875 0.425567626953125
0.0114297866821289 -0.00580692291259766 0.137725830078125 0.325164794921875
0.00922203063964844 -0.00671195983886719 0.31884765625 0.092132568359375
0.0265064239501953 -0.0173969268798828 -0.300201416015625 -0.083221435546875
0.0198802947998047 -0.00763511657714844 -0.124603271484375 -0.317596435546875
0.03668212890625 0.000751495361328125 0.241058349609375 -0.389862060546875
0.01934814453125 0.0269126892089844 0.6341552734375 -0.1064453125
-0.0272312164306641 0.0120830535888672 0.533935546875 0.57000732421875
-0.0124492645263672 -0.0339622497558594 -0.0510253906249999 0.88128662109375
0.0179672241210938 0.0123176574707031 -0.43817138671875 0.50469970703125
0.0375823974609375 0.0296516418457031 -0.0171470642089844 0.064666748046875
0.0248641967773438 0.0196094512939453 0.48162841796875 -0.44097900390625
0.0315933227539063 0.00262832641601563 0.1220703125 -0.90594482421875
0.00759124755859375 0.0102128982543945 -0.62799072265625 -0.5194091796875
0.00199699401855469 0.0123310089111328 -0.63543701171875 0.18182373046875
0.0221138000488281 -0.00331497192382813 -0.24493408203125 0.429595947265625
0.015782356262207 -0.0129756927490234 0.139556884765625 0.32513427734375
0.00929546356201172 -0.00884628295898438 0.321044921875 0.09393310546875
0.0257301330566406 -0.0182571411132813 -0.302032470703125 -0.08746337890625
0.0238552093505859 -0.0144443511962891 -0.122711181640625 -0.319671630859375
0.0411949157714844 -0.0051422119140625 0.246978759765625 -0.3902587890625
0.0248966217041016 0.0277099609375 0.63824462890625 -0.10272216796875
-0.0233135223388672 0.017181396484375 0.527587890625 0.5732421875
-0.0155658721923828 -0.0271530151367188 -0.0599365234375 0.87921142578125
0.0109434127807617 0.0156793594360352 -0.43463134765625 0.497314453125
0.0289516448974609 0.0316390991210938 -0.00881958007812499 0.0620536804199219
0.0167179107666016 0.0238666534423828 0.48114013671875 -0.446990966796875
0.0284023284912109 0.0101490020751953 0.1090087890625 -0.9068603515625
0.0115480422973633 0.0164051055908203 -0.63427734375 -0.515625
0.00725555419921875 0.0117483139038086 -0.631591796875 0.18524169921875
0.0271892547607422 -0.00844764709472656 -0.238861083984375 0.428253173828125
0.0192794799804688 -0.0199432373046875 0.140625 0.324554443359375
0.00885581970214844 -0.00963973999023438 0.320770263671875 0.091156005859375
0.0238685607910156 -0.00584983825683594 -0.30645751953125 -0.0977172851562499
0.00673294067382813 0.0165700912475586 -0.142333984375 -0.31646728515625
0.0222625732421875 0.0202102661132813 0.233184814453125 -0.394927978515625
-0.00466346740722656 0.0148887634277344 0.6273193359375 -0.13055419921875
-0.050048828125 -0.0218658447265625 0.549652099609375 0.5391845703125
-0.0132827758789062 -0.0747528076171875 -0.0155639648437499 0.8583984375
0.0528297424316406 -0.0168380737304688 -0.401947021484375 0.493408203125
0.0879058837890625 0.0181045532226563 0.00603485107421875 0.0553054809570313
0.0633201599121094 -0.00793838500976563 0.50213623046875 -0.452301025390625
0.0364799499511719 -0.0401649475097656 0.15081787109375 -0.91461181640625
-0.0167350769042969 -0.0265693664550781 -0.60205078125 -0.53607177734375
-0.0211238861083984 0.0056915283203125 -0.62353515625 0.16357421875
0.00636863708496094 0.0124521255493164 -0.24267578125 0.4102783203125
-9.34600830078134E-05 0.00985527038574219 0.1278076171875 0.311614990234375
0.00768804550170898 0.00141811370849609 0.307464599609375 0.066375732421875
0.0238132476806641 -0.00639915466308594 -0.303009033203125 -0.0907897949218749
0.00575637817382812 0.0184860229492188 -0.1424560546875 -0.314056396484375
0.0209331512451172 0.0224056243896484 0.225341796875 -0.394317626953125
-0.0048675537109375 0.0176429748535156 0.62384033203125 -0.13519287109375
-0.0490226745605469 -0.0208244323730469 0.552398681640625 0.53399658203125
-0.0124435424804687 -0.0739822387695313 -0.00732421875000006 0.862548828125
0.0520172119140625 -0.0153083801269531 -0.40447998046875 0.50146484375
0.0850448608398438 0.0199661254882813 -0.00681304931640625 0.0609474182128906
0.062957763671875 -0.00518035888671875 0.498291015625 -0.4407958984375
0.0390815734863281 -0.0396156311035156 0.15972900390625 -0.9100341796875
-0.0149955749511719 -0.0264911651611328 -0.59515380859375 -0.54339599609375
-0.0233020782470703 0.00725364685058594 -0.62725830078125 0.157470703125
0.00368690490722656 0.014378547668457 -0.251190185546875 0.4100341796875
-0.00106430053710938 0.011444091796875 0.126678466796875 0.31365966796875
0.0083165168762207 0.00167083740234375 0.308502197265625 0.071380615234375
0.0248546600341797 -0.00715255737304688 -0.29998779296875 -0.085693359375
0.00647544860839844 0.01788330078125 -0.139434814453125 -0.311004638671875
0.021942138671875 0.0222187042236328 0.223419189453125 -0.393798828125
-0.00334548950195313 0.019195556640625 0.61993408203125 -0.132080078125
-0.0457344055175781 -0.017242431640625 0.5528564453125 0.53594970703125
-0.0109634399414062 -0.068023681640625 -0.00860595703125006 0.868408203125
0.0480575561523438 -0.0107917785644531 -0.412750244140625 0.506622314453125
0.078826904296875 0.0224151611328125 -0.0149040222167969 0.0633697509765625
0.0594978332519531 -0.000713348388671875 0.49432373046875 -0.434722900390625
0.0384750366210937 -0.0336723327636719 0.158935546875 -0.90887451171875
-0.0126972198486328 -0.0226249694824219 -0.5955810546875 -0.54595947265625
-0.0221366882324219 0.00745773315429688 -0.6318359375 0.15936279296875
0.00445652008056641 0.0144948959350586 -0.253173828125 0.41241455078125
-0.00121688842773438 0.0108928680419922 0.1278076171875 0.31488037109375
0.00927543640136719 0.000133514404296875 0.30987548828125 0.077972412109375
0.0262317657470703 -0.00991630554199219 -0.298553466796875 -0.0804748535156251
0.00868606567382813 0.0123252868652344 -0.135589599609375 -0.310394287109375
0.0232601165771484 0.0190792083740234 0.225189208984375 -0.39013671875
0.000457763671874999 0.0211582183837891 0.62359619140625 -0.12335205078125
-0.0416450500488281 -0.0107688903808594 0.548583984375 0.545257568359375
-0.0105667114257813 -0.06097412109375 -0.0194702148437501 0.8726806640625
0.0414695739746094 -0.00533294677734375 -0.420623779296875 0.509063720703125
0.06915283203125 0.0244712829589844 -0.0195846557617188 0.06524658203125
0.0515480041503906 0.00315093994140625 0.48760986328125 -0.43548583984375
0.0380401611328125 -0.0259780883789063 0.14837646484375 -0.9053955078125
-0.00895023345947265 -0.015873908996582 -0.60272216796875 -0.53582763671875
-0.0178375244140625 0.00990676879882813 -0.63189697265625 0.16650390625
0.00631904602050781 0.0121870040893555 -0.2545166015625 0.41741943359375
0.00156402587890625 0.0072021484375 0.13177490234375 0.3179931640625
0.00921440124511719 -0.00164318084716797 0.31170654296875 0.083221435546875
0.0257434844970703 -0.0121994018554687 -0.296722412109375 -0.07843017578125
0.0119724273681641 0.00626277923583984 -0.131744384765625 -0.311004638671875
0.0270309448242187 0.0132808685302734 0.22943115234375 -0.388397216796875
0.00668144226074219 0.0221195220947266 0.6229248046875 -0.116943359375
-0.03662109375 -0.0032501220703125 0.542877197265625 0.552825927734375
-0.0109901428222656 -0.0522689819335938 -0.0303955078125001 0.87628173828125
0.0338592529296875 0.00091552734375 -0.425994873046875 0.50860595703125
0.0583267211914063 0.0263175964355469 -0.0221633911132813 0.0657119750976563
0.0433235168457031 0.00947952270507813 0.481170654296875 -0.43365478515625
0.0366744995117188 -0.0172195434570313 0.13861083984375 -0.9033203125
-0.0034027099609375 -0.00748395919799805 -0.609375 -0.53009033203125
-0.0112781524658203 0.0107583999633789 -0.63128662109375 0.171875
0.0103826522827148 0.00710964202880859 -0.2506103515625 0.41900634765625
0.00599956512451172 0.00134992599487305 0.13555908203125 0.31903076171875
0.00955390930175781 -0.00347805023193359 0.316131591796875 0.08746337890625
0.0265693664550781 -0.0150070190429688 -0.29736328125 -0.0781249999999999
0.0158119201660156 -0.00122356414794922 -0.12896728515625 -0.311309814453125
0.0308475494384766 0.00696182250976563 0.232177734375 -0.38690185546875
0.0128669738769531 0.0245571136474609 0.6248779296875 -0.1141357421875
-0.0317935943603516 0.00528144836425781 0.538726806640625 0.556915283203125
-0.0112991333007813 -0.0423126220703125 -0.0386962890625 0.87738037109375
0.0257663726806641 0.00640487670898438 -0.430877685546875 0.506011962890625
0.0481681823730469 0.0283203125 -0.0208511352539063 0.0659255981445313
0.0338058471679688 0.0148429870605469 0.47760009765625 -0.43603515625
0.0344409942626953 -0.00703811645507812 0.12744140625 -0.89910888671875
0.00219488143920898 0.00235152244567871 -0.61669921875 -0.521484375
-0.00481891632080078 0.0113077163696289 -0.63018798828125 0.17828369140625
0.0165157318115234 0.00259685516357422 -0.246307373046875 0.423065185546875
0.0101146697998047 -0.00610923767089844 0.138275146484375 0.321319580078125
0.00927543640136719 -0.00611400604248047 0.31756591796875 0.089324951171875
0.0259475708007813 -0.0166912078857422 -0.29852294921875 -0.0804443359375
0.0189628601074219 -0.00765419006347656 -0.1259765625 -0.31329345703125
0.0362167358398438 -0.000568389892578125 0.237640380859375 -0.387176513671875
0.0191593170166016 0.0253314971923828 0.6302490234375 -0.10906982421875
-0.0271186828613281 0.0123004913330078 0.53369140625 0.56097412109375
-0.0137310028076172 -0.0340995788574219 -0.0455932617187501 0.87353515625
0.0172300338745117 0.012451171875 -0.432281494140625 0.5003662109375
0.0373725891113281 0.0294265747070312 -0.0162239074707031 0.0647239685058594
0.0253868103027344 0.0191440582275391 0.475189208984375 -0.439483642578125
0.0317897796630859 0.00216293334960938 0.11578369140625 -0.899169921875
0.00783538818359375 0.00976371765136719 -0.62408447265625 -0.511474609375
0.00163459777832031 0.0115985870361328 -0.62860107421875 0.1842041015625
0.0216827392578125 -0.00385475158691406 -0.23974609375 0.424896240234375
0.0149164199829102 -0.0132694244384766 0.140411376953125 0.32122802734375
0.00881195068359375 -0.00827217102050781 0.319305419921875 0.090240478515625
0.0257129669189453 -0.0182857513427734 -0.300018310546875 -0.08447265625
0.0233860015869141 -0.0148715972900391 -0.124542236328125 -0.316253662109375
0.0401382446289062 -0.0059967041015625 0.242828369140625 -0.3878173828125
0.0251312255859375 0.0258293151855469 0.63311767578125 -0.10601806640625
-0.0233058929443359 0.0186138153076172 0.52838134765625 0.5665283203125
-0.0155792236328125 -0.0262775421142578 -0.0557861328125001 0.87078857421875
0.010380744934082 0.0164976119995117 -0.429473876953125 0.49468994140625
0.0298385620117187 0.0294475555419922 -0.00867080688476562 0.0621795654296875
0.0174102783203125 0.023406982421875 0.474212646484375 -0.445587158203125
0.0287227630615234 0.00863456726074219 0.10345458984375 -0.8995361328125
0.0114717483520508 0.0161371231079102 -0.6314697265625 -0.5078125
0.007843017578125 0.0119419097900391 -0.62457275390625 0.18621826171875
0.0267601013183594 -0.00877761840820313 -0.234832763671875 0.42437744140625
0.0186786651611328 -0.0207080841064453 0.14111328125 0.320556640625
0.00855636596679688 -0.00900459289550781 0.319061279296875 0.08843994140625
0.0236606597900391 -0.00668525695800781 -0.30499267578125 -0.09521484375
0.00650310516357422 0.0164661407470703 -0.14385986328125 -0.313079833984375
0.0219440460205078 0.0188064575195313 0.2298583984375 -0.393707275390625
-0.00456428527832031 0.0151205062866211 0.62353515625 -0.13128662109375
-0.0493316650390625 -0.0214080810546875 0.547821044921875 0.53271484375
-0.0138320922851562 -0.0738906860351563 -0.0111083984375 0.85284423828125
0.0516128540039063 -0.0167427062988281 -0.399658203125 0.490509033203125
0.0867996215820313 0.0177993774414063 0.00556182861328126 0.0558662414550781
0.0635528564453125 -0.00774002075195313 0.496795654296875 -0.448394775390625
0.0363349914550781 -0.0412521362304688 0.1456298828125 -0.90887451171875
-0.0161533355712891 -0.0263175964355469 -0.5987548828125 -0.53021240234375
-0.0204200744628906 0.00574111938476563 -0.6177978515625 0.16339111328125
0.00560283660888672 0.0128316879272461 -0.239959716796875 0.40728759765625
-0.000788688659667968 0.00928688049316406 0.128326416015625 0.30963134765625
0.00725126266479492 0.00139379501342773 0.306304931640625 0.0650634765625
0.0244178771972656 -0.00652122497558594 -0.3018798828125 -0.0898132324218751
0.0054779052734375 0.0179290771484375 -0.14300537109375 -0.309967041015625
0.0207080841064453 0.0205039978027344 0.22216796875 -0.391693115234375
-0.00536537170410156 0.0161018371582031 0.61724853515625 -0.13421630859375
-0.0478363037109375 -0.0205955505371094 0.552581787109375 0.52740478515625
-0.0131759643554688 -0.07171630859375 -0.00457763671874995 0.85675048828125
0.0510177612304688 -0.0157012939453125 -0.4029541015625 0.499359130859375
0.0854415893554688 0.0193328857421875 -0.00675964355468749 0.0602836608886719
0.0636444091796875 -0.00540924072265625 0.492950439453125 -0.43804931640625
0.0392608642578125 -0.0399551391601563 0.1561279296875 -0.905029296875
-0.0148353576660156 -0.0267963409423828 -0.5919189453125 -0.53759765625
-0.0227222442626953 0.00618362426757813 -0.62274169921875 0.15887451171875
0.00261878967285156 0.014674186706543 -0.247406005859375 0.407012939453125
-0.00211429595947266 0.0115385055541992 0.12762451171875 0.311065673828125
0.00789403915405273 0.0012664794921875 0.30780029296875 0.0693359375
0.0251121520996094 -0.00792884826660156 -0.298583984375 -0.0838317871093751
0.00616455078125 0.0166740417480469 -0.140106201171875 -0.3067626953125
0.0208854675292969 0.0204296112060547 0.22076416015625 -0.39031982421875
-0.00323295593261719 0.0183143615722656 0.6165771484375 -0.1318359375
-0.0459518432617188 -0.0161514282226562 0.55133056640625 0.53167724609375
-0.01165771484375 -0.06671142578125 -0.00683593749999993 0.86236572265625
0.047393798828125 -0.0108909606933594 -0.40997314453125 0.5045166015625
0.0783462524414063 0.0221633911132813 -0.0144767761230469 0.0629196166992187
0.059417724609375 -0.0016937255859375 0.489898681640625 -0.432373046875
0.0389595031738281 -0.0343971252441406 0.1553955078125 -0.9034423828125
-0.0126876831054688 -0.0223217010498047 -0.59149169921875 -0.53900146484375
-0.0209617614746094 0.00698089599609375 -0.6265869140625 0.1597900390625
0.00450992584228516 0.0148229598999023 -0.2490234375 0.4083251953125
-0.00116825103759766 0.0108966827392578 0.128082275390625 0.3126220703125
0.00886917114257813 0.00048065185546875 0.308258056640625 0.0755615234375
0.0255336761474609 -0.0100288391113281 -0.296661376953125 -0.078765869140625
0.00844478607177734 0.0124855041503906 -0.13653564453125 -0.30810546875
0.0231857299804688 0.0177326202392578 0.223724365234375 -0.3883056640625
0.000690460205078126 0.0199565887451172 0.6180419921875 -0.12371826171875
-0.0415573120117188 -0.0104255676269531 0.545562744140625 0.5390625
-0.01123046875 -0.0604591369628906 -0.0172119140625 0.8671875
0.0419044494628906 -0.00543594360351563 -0.416351318359375 0.505279541015625
0.0694465637207031 0.0238990783691406 -0.0197830200195312 0.0651588439941406
0.0519027709960937 0.00355148315429688 0.482391357421875 -0.4320068359375
0.0382499694824219 -0.0263824462890625 0.14532470703125 -0.89801025390625
-0.00841522216796875 -0.0156421661376953 -0.59930419921875 -0.53070068359375
-0.0180625915527344 0.00957870483398438 -0.62481689453125 0.1658935546875
0.00655174255371094 0.0113096237182617 -0.248870849609375 0.413238525390625
0.000798702239990234 0.00751113891601563 0.13201904296875 0.314056396484375
0.00899696350097656 -0.00118446350097656 0.310546875 0.081146240234375
0.0259685516357422 -0.0118789672851563 -0.295196533203125 -0.076080322265625
0.0112085342407227 0.00611782073974609 -0.13201904296875 -0.3067626953125
0.0260887145996094 0.0126724243164062 0.22637939453125 -0.385406494140625
0.00618934631347656 0.0220088958740234 0.6201171875 -0.11737060546875
-0.0367546081542969 -0.0030364990234375 0.540496826171875 0.547271728515625
-0.0112991333007812 -0.0509681701660156 -0.0295410156249999 0.87091064453125
0.0338764190673828 0.00105094909667969 -0.422821044921875 0.506256103515625
0.0584945678710937 0.0259475708007812 -0.021728515625 0.0656242370605469
0.0430526733398438 0.0091400146484375 0.476226806640625 -0.43231201171875
0.0361442565917969 -0.0176239013671875 0.1351318359375 -0.8988037109375
-0.00336742401123047 -0.00748729705810547 -0.60546875 -0.52410888671875
-0.0121803283691406 0.0106220245361328 -0.6258544921875 0.17205810546875
0.0107250213623047 0.0077972412109375 -0.246368408203125 0.417083740234375
0.00531101226806641 0.00121498107910156 0.13531494140625 0.31512451171875
0.00899505615234375 -0.00328826904296875 0.313385009765625 0.084930419921875
0.0258197784423828 -0.0154876708984375 -0.2962646484375 -0.076629638671875
0.015233039855957 -0.000896453857421875 -0.129669189453125 -0.308807373046875
0.03082275390625 0.00573158264160156 0.2281494140625 -0.38494873046875
0.0127735137939453 0.0237655639648438 0.62158203125 -0.11419677734375
-0.0319385528564453 0.00431251525878906 0.538055419921875 0.55096435546875
-0.0120429992675781 -0.0417671203613281 -0.03656005859375 0.86895751953125
0.0257663726806641 0.00696372985839844 -0.4266357421875 0.501800537109375
0.0480804443359375 0.0273323059082031 -0.0212326049804687 0.0660629272460938
0.0349998474121094 0.0141849517822266 0.47259521484375 -0.43109130859375
0.0343017578125 -0.007843017578125 0.12322998046875 -0.8946533203125
0.00256490707397461 0.00161409378051758 -0.6142578125 -0.514892578125
-0.00487518310546875 0.0117168426513672 -0.62548828125 0.1781005859375
0.0163545608520508 0.00222492218017578 -0.24285888671875 0.42034912109375
0.00935173034667969 -0.00620841979980469 0.138031005859375 0.31854248046875
0.00930118560791016 -0.00558185577392578 0.316192626953125 0.087921142578125
0.0254058837890625 -0.0169868469238281 -0.296966552734375 -0.078948974609375
0.0193653106689453 -0.00822639465332031 -0.126556396484375 -0.310455322265625
0.0358161926269531 -0.0006103515625 0.23297119140625 -0.38470458984375
0.0191669464111328 0.0250034332275391 0.6241455078125 -0.1102294921875
-0.0272731781005859 0.0130176544189453 0.532806396484375 0.555206298828125
-0.0143451690673828 -0.0325851440429688 -0.0457763671875001 0.865966796875
0.0169754028320313 0.0119724273681641 -0.428070068359375 0.498992919921875
0.0381698608398438 0.0284652709960938 -0.01611328125 0.0646018981933594
0.0249881744384766 0.0193881988525391 0.469024658203125 -0.4364013671875
0.0311565399169922 0.00188064575195313 0.1123046875 -0.89190673828125
0.00772953033447266 0.00955772399902344 -0.6204833984375 -0.50543212890625
0.00192070007324219 0.0127582550048828 -0.622314453125 0.1834716796875
0.0216293334960938 -0.00373077392578125 -0.237091064453125 0.421295166015625
0.0145025253295898 -0.0143966674804688 0.141754150390625 0.31927490234375
0.00896263122558594 -0.00776576995849609 0.318359375 0.088653564453125
0.0258693695068359 -0.0180492401123047 -0.298736572265625 -0.082916259765625
0.0220985412597656 -0.0140285491943359 -0.126312255859375 -0.3128662109375
0.0396614074707031 -0.00685501098632813 0.24029541015625 -0.386199951171875
0.0248146057128906 0.0249118804931641 0.6280517578125 -0.10675048828125
-0.0236682891845703 0.0188426971435547 0.527801513671875 0.55963134765625
-0.0163898468017578 -0.0250129699707031 -0.05340576171875 0.8656005859375
0.0101509094238281 0.0160436630249023 -0.426605224609375 0.49346923828125
0.0294990539550781 0.0289878845214844 -0.00958251953124999 0.0621871948242187
0.0178508758544922 0.0225601196289063 0.468597412109375 -0.44287109375
0.0283527374267578 0.00835037231445312 0.1009521484375 -0.893310546875
0.0112733840942383 0.0157365798950195 -0.62884521484375 -0.50042724609375
0.00738239288330078 0.0112743377685547 -0.6182861328125 0.1878662109375
0.0262317657470703 -0.008819580078125 -0.229827880859375 0.423004150390625
0.0183963775634766 -0.0207939147949219 0.141387939453125 0.318023681640625
0.00877141952514648 -0.00870990753173828 0.317840576171875 0.085784912109375
0.0237979888916016 -0.00664901733398437 -0.303924560546875 -0.0933837890625
0.00660991668701172 0.0158395767211914 -0.14373779296875 -0.309600830078125
0.0214157104492188 0.0183582305908203 0.22662353515625 -0.390472412109375
-0.00422286987304688 0.0142812728881836 0.6187744140625 -0.13348388671875
-0.0494117736816406 -0.0207481384277344 0.54638671875 0.52923583984375
-0.0135116577148438 -0.0720977783203125 -0.0130615234375 0.8470458984375
0.0512428283691406 -0.016693115234375 -0.395721435546875 0.487335205078125
0.0873031616210937 0.0175094604492187 0.00513076782226563 0.0557861328125
0.0628128051757813 -0.00826644897460938 0.49212646484375 -0.44610595703125
0.0354576110839844 -0.041168212890625 0.143310546875 -0.90460205078125
-0.0163135528564453 -0.0263919830322266 -0.59381103515625 -0.5244140625
-0.0208759307861328 0.0057525634765625 -0.61212158203125 0.16400146484375
0.00500106811523438 0.0128183364868164 -0.23712158203125 0.4041748046875
-0.00181245803833008 0.00843572616577148 0.1287841796875 0.306732177734375
0.00766181945800781 0.00176477432250977 0.3043212890625 0.062469482421875
0.0238075256347656 -0.00680923461914063 -0.300018310546875 -0.086883544921875
0.00563430786132812 0.0181026458740234 -0.1436767578125 -0.30657958984375
0.0206069946289063 0.0209083557128906 0.2191162109375 -0.388824462890625
-0.00558376312255859 0.0157575607299805 0.614501953125 -0.13568115234375
-0.0490303039550781 -0.0195770263671875 0.548187255859375 0.522216796875
-0.0130844116210938 -0.0714645385742188 -0.00384521484374997 0.8505859375
0.0503883361816406 -0.0154876708984375 -0.399749755859375 0.49554443359375
0.0842666625976562 0.0185928344726562 -0.00685882568359374 0.0601158142089844
0.0634651184082031 -0.00608444213867188 0.48870849609375 -0.435211181640625
0.038330078125 -0.0404586791992188 0.1529541015625 -0.898193359375
-0.0155582427978516 -0.0267925262451172 -0.58709716796875 -0.53228759765625
-0.0216407775878906 0.00624847412109375 -0.61676025390625 0.158203125
0.00332260131835938 0.0138912200927734 -0.244384765625 0.404022216796875
-0.00250720977783203 0.0113391876220703 0.12689208984375 0.308837890625
0.00902938842773438 0.00139045715332031 0.30548095703125 0.06829833984375
0.0247039794921875 -0.00786972045898437 -0.29705810546875 -0.0812683105468749
0.00604820251464844 0.0165472030639648 -0.14080810546875 -0.3043212890625
0.0214824676513672 0.0204696655273438 0.21844482421875 -0.38763427734375
-0.00294303894042969 0.0178318023681641 0.6109619140625 -0.1334228515625
-0.0462303161621094 -0.0160179138183594 0.548583984375 0.526397705078125
-0.01251220703125 -0.0664749145507813 -0.00506591796875006 0.85540771484375
0.0469245910644531 -0.0109443664550781 -0.405487060546875 0.501434326171875
0.0778732299804688 0.0205230712890625 -0.0162200927734375 0.0631790161132813
0.0593795776367188 -0.00146865844726563 0.484710693359375 -0.4290771484375
0.0391349792480469 -0.0339469909667969 0.153564453125 -0.8970947265625
-0.0124320983886719 -0.02288818359375 -0.5889892578125 -0.53155517578125
-0.0217666625976563 0.00782012939453126 -0.62054443359375 0.15960693359375
0.00302791595458984 0.0142278671264648 -0.247406005859375 0.4063720703125
-0.00180149078369141 0.0111503601074219 0.128143310546875 0.310028076171875
0.00830078125 0.000463008880615234 0.306304931640625 0.0743408203125
0.0248031616210937 -0.0103759765625 -0.294891357421875 -0.07757568359375
0.00806617736816406 0.0121192932128906 -0.136810302734375 -0.30523681640625
0.0228614807128906 0.0166034698486328 0.220947265625 -0.384613037109375
0.00113677978515625 0.0192794799804687 0.614501953125 -0.12420654296875
-0.0420188903808594 -0.0102195739746094 0.54486083984375 0.53387451171875
-0.0116310119628906 -0.0597686767578125 -0.01617431640625 0.860595703125
0.0410652160644531 -0.0053253173828125 -0.4136962890625 0.502899169921875
0.0690574645996094 0.0228996276855469 -0.0205039978027344 0.0641937255859375
0.0524063110351562 0.00367355346679688 0.477874755859375 -0.42962646484375
0.0377388000488281 -0.0273971557617188 0.14404296875 -0.8931884765625
-0.00878429412841797 -0.0149726867675781 -0.59552001953125 -0.52484130859375
-0.0165634155273437 0.00899887084960938 -0.62054443359375 0.16741943359375
0.00650691986083985 0.0118837356567383 -0.24658203125 0.4097900390625
0.000180721282958985 0.00695466995239258 0.131805419921875 0.31268310546875
0.00949287414550781 -0.000632286071777344 0.30914306640625 0.079376220703125
0.0257492065429688 -0.0120449066162109 -0.29443359375 -0.0750732421875
0.0115594863891602 0.00649833679199219 -0.133056640625 -0.30511474609375
0.0263252258300781 0.0116462707519531 0.22357177734375 -0.381744384765625
0.00544357299804688 0.02191162109375 0.61529541015625 -0.11907958984375
-0.0369300842285156 -0.002960205078125 0.540802001953125 0.54302978515625
-0.0118026733398437 -0.0502281188964844 -0.02685546875 0.86370849609375
0.0331668853759766 -0.000402450561523438 -0.420318603515625 0.502593994140625
0.0581283569335938 0.0245132446289063 -0.022125244140625 0.0653190612792969
0.0435638427734375 0.008270263671875 0.472259521484375 -0.4293212890625
0.0363731384277344 -0.0173263549804687 0.13348388671875 -0.89044189453125
-0.00343656539916992 -0.00774049758911133 -0.600830078125 -0.51788330078125
-0.0114870071411133 0.0107936859130859 -0.62152099609375 0.17413330078125
0.0105991363525391 0.00718021392822266 -0.24420166015625 0.414215087890625
0.00511884689331055 0.00124216079711914 0.13525390625 0.31329345703125
0.00947093963623047 -0.00306034088134766 0.311737060546875 0.08404541015625
0.0262126922607422 -0.0151329040527344 -0.29498291015625 -0.07586669921875
0.0148506164550781 -0.000967979431152344 -0.1302490234375 -0.306396484375
0.0304527282714844 0.00531005859375 0.226531982421875 -0.381988525390625
0.0127201080322266 0.0229969024658203 0.61663818359375 -0.11444091796875
-0.0310726165771484 0.00501251220703125 0.53558349609375 0.54534912109375
-0.0128746032714844 -0.0414009094238281 -0.0353393554687499 0.8619384765625
0.0253829956054687 0.00633049011230469 -0.42401123046875 0.499420166015625
0.0481033325195313 0.0262336730957031 -0.0213203430175781 0.0657577514648438
0.0345478057861328 0.0137462615966797 0.4693603515625 -0.4285888671875
0.0345573425292969 -0.0077972412109375 0.1217041015625 -0.88873291015625
0.00267338752746582 0.00189399719238281 -0.6104736328125 -0.51031494140625
-0.00448322296142578 0.0121145248413086 -0.619873046875 0.17779541015625
0.0161533355712891 0.00194740295410156 -0.24005126953125 0.41680908203125
0.00869607925415039 -0.00596237182617188 0.138580322265625 0.31585693359375
0.00897979736328125 -0.005523681640625 0.314605712890625 0.08587646484375
0.0258655548095703 -0.0174160003662109 -0.29620361328125 -0.077056884765625
0.0185394287109375 -0.00843620300292969 -0.127471923828125 -0.307861328125
0.0354232788085938 -0.00139999389648438 0.230224609375 -0.383270263671875
0.0195732116699219 0.0243778228759766 0.62255859375 -0.10955810546875
-0.0268192291259766 0.0130825042724609 0.52996826171875 0.55072021484375
-0.0148906707763672 -0.0318794250488281 -0.0423583984374999 0.8614501953125
0.0167388916015625 0.0121011734008789 -0.42523193359375 0.495941162109375
0.0374641418457031 0.0275650024414063 -0.0165786743164063 0.0642547607421875
0.0255813598632813 0.0183219909667969 0.465728759765625 -0.43231201171875
0.0319118499755859 0.000926971435546875 0.10919189453125 -0.886474609375
0.00827217102050781 0.00974369049072266 -0.61639404296875 -0.5006103515625
0.00257110595703125 0.0119838714599609 -0.61846923828125 0.1846923828125
0.0214595794677734 -0.00389480590820313 -0.233642578125 0.4190673828125
0.0139999389648437 -0.0144052505493164 0.14093017578125 0.315765380859375
0.00894832611083984 -0.00737285614013672 0.3165283203125 0.087066650390625
0.0252666473388672 -0.0182723999023437 -0.297393798828125 -0.08148193359375
0.0224704742431641 -0.0147895812988281 -0.12677001953125 -0.309326171875
0.0393791198730469 -0.00699234008789063 0.238555908203125 -0.38323974609375
0.0249671936035156 0.0241756439208984 0.625 -0.108642578125
-0.0236968994140625 0.0183334350585938 0.52569580078125 0.554351806640625
-0.0165977478027344 -0.024566650390625 -0.0517578124999999 0.85748291015625
0.0103006362915039 0.0156154632568359 -0.423309326171875 0.48980712890625
0.0299510955810547 0.0282649993896484 -0.00918960571289062 0.0621871948242187
0.0176982879638672 0.0219936370849609 0.46636962890625 -0.437835693359375
0.0284862518310547 0.00807571411132813 0.0985107421875001 -0.88739013671875
0.0110654830932617 0.0158185958862305 -0.624267578125 -0.4952392578125
0.00785446166992188 0.0109348297119141 -0.61181640625 0.18768310546875
0.0257053375244141 -0.00925064086914062 -0.22802734375 0.418792724609375
0.0177669525146484 -0.0209083557128906 0.14202880859375 0.3157958984375
0.00859403610229492 -0.00797653198242188 0.316558837890625 0.083770751953125
0.0232677459716797 -0.00603675842285156 -0.302093505859375 -0.0934143066406249
0.00594520568847656 0.01617431640625 -0.14404296875 -0.30743408203125
0.0213947296142578 0.0176544189453125 0.22528076171875 -0.38836669921875
-0.00445175170898437 0.0135307312011719 0.61602783203125 -0.13287353515625
-0.0494918823242188 -0.0203361511230469 0.543609619140625 0.5244140625
-0.0140304565429687 -0.0714569091796875 -0.0117187499999999 0.84228515625
0.0507583618164063 -0.0164642333984375 -0.3956298828125 0.486083984375
0.0868148803710938 0.0164337158203125 0.00406646728515626 0.0558204650878906
0.0631103515625 -0.00841140747070312 0.489288330078125 -0.441619873046875
0.03594970703125 -0.0410003662109375 0.141845703125 -0.8984375
-0.0162334442138672 -0.0266990661621094 -0.59161376953125 -0.5196533203125
-0.0201969146728516 0.00626182556152344 -0.60858154296875 0.1630859375
0.00437736511230469 0.0130825042724609 -0.23626708984375 0.401519775390625
-0.00229167938232422 0.00884437561035156 0.12847900390625 0.3048095703125
0.00958442687988281 0.00170040130615234 0.303009033203125 0.06219482421875
0.0235919952392578 -0.00649261474609375 -0.2994384765625 -0.0868225097656251
0.00478935241699219 0.0180702209472656 -0.143402099609375 -0.304656982421875
0.0207653045654297 0.0195903778076172 0.21759033203125 -0.385772705078125
-0.00499534606933594 0.0151176452636719 0.61126708984375 -0.134765625
-0.0489044189453125 -0.0188369750976562 0.548187255859375 0.519622802734375
-0.01336669921875 -0.0709686279296875 -0.003173828125 0.84600830078125
0.0500259399414063 -0.0156021118164063 -0.398651123046875 0.494537353515625
0.0835113525390625 0.0180892944335938 -0.00786972045898437 0.0605087280273438
0.0634803771972656 -0.006439208984375 0.486175537109375 -0.433197021484375
0.0374107360839844 -0.0403327941894531 0.15216064453125 -0.8935546875
-0.0146121978759766 -0.0266628265380859 -0.58453369140625 -0.52825927734375
-0.0210056304931641 0.00626182556152344 -0.61260986328125 0.157958984375
0.00339794158935547 0.0142621994018555 -0.242584228515625 0.40130615234375
-0.00319671630859375 0.0114374160766602 0.126678466796875 0.307037353515625
0.00895881652832031 0.00175762176513672 0.30377197265625 0.0670166015625
0.0242195129394531 -0.00787162780761719 -0.295654296875 -0.0799560546875
0.00627803802490234 0.0156593322753906 -0.141693115234375 -0.302276611328125
0.0207500457763672 0.0196380615234375 0.21673583984375 -0.386474609375
-0.00319862365722656 0.0162458419799805 0.60845947265625 -0.1318359375
-0.0460662841796875 -0.0158424377441406 0.5469970703125 0.52288818359375
-0.012359619140625 -0.0652961730957031 -0.00701904296875006 0.85009765625
0.0459365844726563 -0.0109748840332031 -0.4041748046875 0.498992919921875
0.0779495239257813 0.0206756591796875 -0.0163803100585937 0.0632476806640625
0.0591621398925781 -0.0019683837890625 0.480682373046875 -0.4267578125
0.0387763977050781 -0.03509521484375 0.15277099609375 -0.89154052734375
-0.0124359130859375 -0.0219650268554688 -0.58428955078125 -0.52972412109375
-0.0212192535400391 0.00732421875 -0.61737060546875 0.15899658203125
0.00379753112792969 0.0144472122192383 -0.24560546875 0.40252685546875
-0.00202178955078125 0.010554313659668 0.1278076171875 0.308441162109375
0.00889682769775391 0.00107097625732422 0.304473876953125 0.07281494140625
0.0248146057128906 -0.00993728637695312 -0.29473876953125 -0.07635498046875
0.00844573974609375 0.0125751495361328 -0.13665771484375 -0.3017578125
0.022552490234375 0.0159091949462891 0.218353271484375 -0.38226318359375
0.00086212158203125 0.0187873840332031 0.61163330078125 -0.1251220703125
-0.0424041748046875 -0.00944519042968749 0.542572021484375 0.53106689453125
-0.0123405456542969 -0.0583534240722656 -0.01507568359375 0.85546875
0.0403861999511719 -0.00521469116210937 -0.4117431640625 0.500823974609375
0.0691146850585938 0.0224533081054688 -0.0203590393066406 0.0650520324707031
0.0519332885742188 0.00228500366210938 0.475250244140625 -0.4267578125
0.0383491516113281 -0.0277519226074219 0.141845703125 -0.887451171875
-0.00841426849365234 -0.0163860321044922 -0.59130859375 -0.52197265625
-0.0164766311645508 0.0091104507446289 -0.6151123046875 0.164794921875
0.00600910186767578 0.0115394592285156 -0.2445068359375 0.40777587890625
3.6239624023438E-05 0.00670433044433594 0.13238525390625 0.309661865234375
0.00937461853027344 -0.000355720520019531 0.30767822265625 0.078399658203125
0.0254745483398438 -0.0126533508300781 -0.293609619140625 -0.074493408203125
0.0102214813232422 0.00611782073974609 -0.133331298828125 -0.302764892578125
0.0260162353515625 0.0108890533447266 0.22332763671875 -0.38055419921875
0.00644874572753906 0.0206813812255859 0.6131591796875 -0.11944580078125
-0.0370712280273438 -0.00238800048828126 0.537322998046875 0.538818359375
-0.0125465393066406 -0.0486259460449219 -0.0270385742187501 0.8590087890625
0.0327224731445312 0.000545501708984375 -0.419219970703125 0.5010986328125
0.0586204528808594 0.0243072509765625 -0.0226669311523438 0.0651893615722656
0.0432624816894531 0.00784683227539063 0.469146728515625 -0.426513671875
0.0358161926269531 -0.0177726745605469 0.13330078125 -0.88623046875
-0.00310754776000977 -0.00728559494018555 -0.5982666015625 -0.515625
-0.0106086730957031 0.00989055633544922 -0.6170654296875 0.17138671875
0.00952529907226563 0.00669670104980469 -0.242218017578125 0.410614013671875
0.00421619415283203 0.00051569938659668 0.135528564453125 0.31182861328125
0.00896549224853516 -0.00253677368164063 0.309814453125 0.08258056640625
0.0259971618652344 -0.0155143737792969 -0.293701171875 -0.0743408203125
0.0146064758300781 -0.000462532043457031 -0.130462646484375 -0.303497314453125
0.0298233032226563 0.00449562072753906 0.225311279296875 -0.380828857421875
0.0131149291992188 0.0223445892333984 0.6160888671875 -0.11346435546875
-0.0313148498535156 0.00600814819335937 0.533447265625 0.541748046875
-0.0132980346679688 -0.0401802062988281 -0.0350952148437499 0.857666015625
0.0248279571533203 0.00695610046386719 -0.421661376953125 0.496307373046875
0.047607421875 0.0255622863769531 -0.0216789245605469 0.0658531188964844
0.0352058410644531 0.0129623413085938 0.465606689453125 -0.42584228515625
0.0340442657470703 -0.00745010375976562 0.12152099609375 -0.88201904296875
0.00267457962036133 0.00136089324951172 -0.603515625 -0.50531005859375
-0.00415134429931641 0.0118694305419922 -0.6153564453125 0.177734375
0.0154972076416016 0.00168991088867188 -0.23797607421875 0.413299560546875
0.00858211517333984 -0.00664091110229492 0.138885498046875 0.314544677734375
0.00907993316650391 -0.00488471984863281 0.313385009765625 0.084930419921875
0.0250453948974609 -0.0173816680908203 -0.2957763671875 -0.07550048828125
0.0184268951416016 -0.00783538818359375 -0.12835693359375 -0.304840087890625
0.0351676940917969 -0.002349853515625 0.229217529296875 -0.381103515625
0.0193500518798828 0.0231533050537109 0.61859130859375 -0.1107177734375
-0.0268020629882813 0.0131340026855469 0.528167724609375 0.547637939453125
-0.0149383544921875 -0.0306034088134766 -0.0440063476562501 0.85595703125
0.0164813995361328 0.0119876861572266 -0.42315673828125 0.492401123046875
0.036407470703125 0.0268135070800781 -0.0166587829589844 0.0642318725585938
0.0263290405273437 0.0177383422851562 0.463531494140625 -0.430206298828125
0.0311393737792969 0.000394821166992188 0.10968017578125 -0.88299560546875
0.00772666931152344 0.00933933258056641 -0.6126708984375 -0.4974365234375
0.00254535675048828 0.0118522644042969 -0.61407470703125 0.1832275390625
0.0210857391357422 -0.00379753112792969 -0.23248291015625 0.415191650390625
0.0135955810546875 -0.0140810012817383 0.14117431640625 0.314117431640625
0.00890445709228516 -0.00680637359619141 0.315032958984375 0.085052490234375
0.0248508453369141 -0.0185470581054688 -0.29705810546875 -0.080078125
0.0211277008056641 -0.0146961212158203 -0.126190185546875 -0.306915283203125
0.0394630432128906 -0.00772857666015625 0.23602294921875 -0.380828857421875
0.0248985290527344 0.0240631103515625 0.62158203125 -0.10784912109375
-0.0236835479736328 0.0187168121337891 0.524810791015625 0.552032470703125
-0.0168781280517578 -0.0236740112304688 -0.0519409179687501 0.85345458984375
0.00955390930175781 0.0158796310424805 -0.422332763671875 0.48834228515625
0.02947998046875 0.0283184051513672 -0.00973892211914063 0.0616836547851563
0.0190544128417969 0.0217113494873047 0.46246337890625 -0.43475341796875
0.0284328460693359 0.00769424438476563 0.0982666015625001 -0.8824462890625
0.0120000839233398 0.0146150588989258 -0.61895751953125 -0.490478515625
0.008056640625 0.0114850997924805 -0.60858154296875 0.1868896484375
0.0253238677978516 -0.00906181335449219 -0.226409912109375 0.415008544921875
0.0168361663818359 -0.0212879180908203 0.141510009765625 0.313385009765625
0.00963115692138672 -0.00858497619628906 0.314788818359375 0.083892822265625
0.0233154296875 -0.00689506530761719 -0.302459716796875 -0.091400146484375
0.00599384307861328 0.0163345336914063 -0.143402099609375 -0.3056640625
0.0214443206787109 0.0169696807861328 0.22503662109375 -0.386962890625
-0.0046243667602539 0.0129861831665039 0.61334228515625 -0.13177490234375
-0.0491828918457031 -0.0203819274902344 0.541107177734375 0.523162841796875
-0.01416015625 -0.0700454711914063 -0.01263427734375 0.839599609375
0.0503425598144531 -0.0167427062988281 -0.394561767578125 0.48291015625
0.0859527587890625 0.0162887573242187 0.00407791137695313 0.0558357238769531
0.063751220703125 -0.00860595703125 0.487060546875 -0.4393310546875
0.0351982116699219 -0.0411415100097656 0.1412353515625 -0.8944091796875
-0.0162429809570313 -0.026458740234375 -0.58673095703125 -0.51837158203125
-0.0195808410644531 0.00544929504394531 -0.605712890625 0.1630859375
0.00457286834716797 0.0121383666992188 -0.234710693359375 0.396881103515625
-0.00255298614501953 0.00896453857421875 0.127838134765625 0.30291748046875
0.00905323028564453 0.00233364105224609 0.30267333984375 0.061767578125
0.023529052734375 -0.00691413879394531 -0.2987060546875 -0.0861206054687499
0.0046844482421875 0.0184917449951172 -0.14373779296875 -0.302154541015625
0.0203628540039062 0.0189361572265625 0.218017578125 -0.384796142578125
-0.00480461120605469 0.0144205093383789 0.60919189453125 -0.13458251953125
-0.0488815307617188 -0.018829345703125 0.544036865234375 0.517303466796875
-0.0133323669433594 -0.0695915222167969 -0.00531005859375005 0.84051513671875
0.0492095947265625 -0.0150833129882812 -0.397613525390625 0.48968505859375
0.084136962890625 0.017822265625 -0.00753402709960937 0.0599746704101563
0.06396484375 -0.0065765380859375 0.484832763671875 -0.430267333984375
0.03753662109375 -0.0401153564453125 0.154296875 -0.8885498046875
-0.0153045654296875 -0.0263442993164063 -0.58099365234375 -0.526611328125
-0.0215377807617187 0.00567436218261719 -0.60906982421875 0.15631103515625
0.00278854370117188 0.0140571594238281 -0.2415771484375 0.39813232421875
-0.00400352478027344 0.0106430053710938 0.12640380859375 0.305419921875
0.00861978530883789 0.00256824493408203 0.303192138671875 0.066864013671875
0.0233325958251953 -0.00801849365234375 -0.29583740234375 -0.0792236328125
0.00558948516845703 0.0160846710205078 -0.14166259765625 -0.29974365234375
0.0210170745849609 0.0187892913818359 0.21673583984375 -0.384521484375
-0.00358295440673828 0.0158395767211914 0.6058349609375 -0.13104248046875
-0.0460624694824219 -0.0144844055175781 0.544921875 0.52093505859375
-0.0126457214355469 -0.0642738342285156 -0.00677490234374993 0.8455810546875
0.0460357666015625 -0.0106468200683594 -0.4027099609375 0.497222900390625
0.0776138305664063 0.0197906494140625 -0.01690673828125 0.0633659362792969
0.0590248107910156 -0.00226974487304688 0.479522705078125 -0.42352294921875
0.0377731323242188 -0.0351409912109375 0.15264892578125 -0.88726806640625
-0.0124301910400391 -0.0227737426757813 -0.58197021484375 -0.52630615234375
-0.0198516845703125 0.00738143920898437 -0.61383056640625 0.1568603515625
0.00385761260986328 0.0138759613037109 -0.244232177734375 0.399078369140625
-0.00306892395019531 0.0103349685668945 0.127532958984375 0.307098388671875
0.00915813446044922 0.00154590606689453 0.30340576171875 0.073211669921875
0.0253257751464844 -0.0101490020751953 -0.294464111328125 -0.07550048828125
0.0066823959350586 0.0119295120239258 -0.136962890625 -0.2998046875
0.0226211547851563 0.0156764984130859 0.21832275390625 -0.38006591796875
0.000904083251953123 0.0184249877929688 0.610595703125 -0.1239013671875
-0.0418243408203125 -0.00906753540039063 0.539947509765625 0.528350830078125
-0.0119171142578125 -0.0573539733886719 -0.0168457031250001 0.851806640625
0.0403633117675781 -0.0052642822265625 -0.412139892578125 0.498046875
0.0681495666503906 0.0218467712402344 -0.0207481384277344 0.0641212463378906
0.052032470703125 0.00267410278320312 0.472259521484375 -0.423980712890625
0.037750244140625 -0.0272178649902344 0.140380859375 -0.8843994140625
-0.00816154479980469 -0.0151910781860352 -0.5897216796875 -0.520751953125
-0.0160036087036133 0.00892257690429687 -0.6146240234375 0.164794921875
0.00593662261962891 0.011845588684082 -0.243743896484375 0.4034423828125
-0.000276088714599609 0.00658082962036133 0.131927490234375 0.30853271484375
0.0089263916015625 -0.0001373291015625 0.306976318359375 0.077850341796875
0.0257167816162109 -0.0124435424804688 -0.29229736328125 -0.073394775390625
0.0102014541625977 0.00604820251464844 -0.133544921875 -0.29986572265625
0.0254325866699219 0.0104007720947266 0.22222900390625 -0.378997802734375
0.00647735595703125 0.0201282501220703 0.612548828125 -0.11761474609375
-0.0365333557128906 -0.00228118896484375 0.535491943359375 0.53692626953125
-0.0121841430664062 -0.0481338500976563 -0.0289916992187499 0.85400390625
0.0333175659179688 0.000270843505859375 -0.4171142578125 0.49884033203125
0.0578117370605469 0.0236434936523438 -0.0232429504394531 0.0654945373535156
0.0442008972167969 0.00777053833007813 0.46856689453125 -0.4227294921875
0.0359306335449219 -0.0188789367675781 0.1334228515625 -0.88153076171875
-0.00319623947143555 -0.0074000358581543 -0.5933837890625 -0.5120849609375
-0.0106229782104492 0.0102424621582031 -0.61468505859375 0.17132568359375
0.00950717926025391 0.00729084014892578 -0.2406005859375 0.4088134765625
0.00416016578674316 0.0014958381652832 0.134521484375 0.3104248046875
0.00961971282958984 -0.00211238861083984 0.308990478515625 0.081787109375
0.0249996185302734 -0.0151023864746094 -0.29400634765625 -0.07342529296875
0.014216423034668 -0.000733375549316406 -0.13128662109375 -0.301300048828125
0.0297012329101563 0.00337028503417969 0.224639892578125 -0.3782958984375
0.0126934051513672 0.0210494995117188 0.613037109375 -0.11358642578125
-0.0313320159912109 0.00555229187011718 0.53143310546875 0.539886474609375
-0.0136451721191406 -0.0392303466796875 -0.03680419921875 0.8515625
0.0247383117675781 0.00661849975585938 -0.421783447265625 0.495086669921875
0.0477294921875 0.0249481201171875 -0.0217170715332031 0.065185546875
0.0347709655761719 0.0127677917480469 0.46392822265625 -0.423187255859375
0.0334300994873047 -0.00894737243652344 0.1202392578125 -0.87725830078125
0.00264787673950195 0.00125312805175781 -0.601806640625 -0.50360107421875
-0.00407791137695313 0.011754035949707 -0.61199951171875 0.17626953125
0.0149250030517578 0.00133419036865234 -0.237457275390625 0.409423828125
0.00820255279541016 -0.0069432258605957 0.137725830078125 0.31219482421875
0.00972747802734375 -0.00463581085205078 0.312347412109375 0.084228515625
0.0251712799072266 -0.0173091888427734 -0.294525146484375 -0.07470703125
0.0174646377563477 -0.00827980041503906 -0.128662109375 -0.302947998046875
0.0346431732177734 -0.00302314758300781 0.228240966796875 -0.379302978515625
0.0183277130126953 0.0224475860595703 0.616943359375 -0.10980224609375
-0.0270462036132813 0.0130786895751953 0.526824951171875 0.5458984375
-0.0149631500244141 -0.0298748016357422 -0.046142578125 0.8509521484375
0.0163707733154297 0.0118322372436523 -0.423095703125 0.4910888671875
0.0372543334960937 0.026123046875 -0.0173683166503906 0.063629150390625
0.0259590148925781 0.0175380706787109 0.461669921875 -0.427978515625
0.0311737060546875 0.000408172607421875 0.1107177734375 -0.87615966796875
0.00786781311035156 0.00899219512939453 -0.60870361328125 -0.4945068359375
0.00265312194824219 0.0115652084350586 -0.6104736328125 0.181396484375
0.0201530456542969 -0.00440025329589844 -0.2315673828125 0.413116455078125
0.0124654769897461 -0.0145225524902344 0.140625 0.3128662109375
0.010523796081543 -0.00597095489501953 0.31402587890625 0.08392333984375
0.0250968933105469 -0.0188007354736328 -0.2962646484375 -0.079559326171875
0.021820068359375 -0.0148391723632813 -0.127166748046875 -0.30450439453125
0.0392303466796875 -0.00822067260742188 0.23541259765625 -0.380035400390625
0.0246067047119141 0.0233154296875 0.6207275390625 -0.10675048828125
-0.0239677429199219 0.0182609558105469 0.522369384765625 0.549957275390625
-0.0168571472167969 -0.023651123046875 -0.052734375 0.84967041015625
0.00920677185058594 0.0154333114624023 -0.420867919921875 0.484039306640625
0.0295124053955078 0.0267066955566406 -0.0107078552246094 0.06231689453125
0.0182380676269531 0.0210895538330078 0.46075439453125 -0.433837890625
0.0285568237304688 0.00728034973144531 0.0979003906250001 -0.87969970703125
0.0115270614624023 0.0149936676025391 -0.6148681640625 -0.48974609375
0.00852584838867188 0.0111217498779297 -0.60504150390625 0.184814453125
0.0246467590332031 -0.0089874267578125 -0.226409912109375 0.41259765625
0.0168704986572266 -0.0211391448974609 0.14190673828125 0.311920166015625
0.00970840454101563 -0.00695228576660156 0.3140869140625 0.082550048828125
0.0231246948242188 -0.00703620910644531 -0.3021240234375 -0.092376708984375
0.00553226470947266 0.0155315399169922 -0.144012451171875 -0.303558349609375
0.0203304290771484 0.0164546966552734 0.22515869140625 -0.3846435546875
-0.00498008728027344 0.012115478515625 0.61309814453125 -0.130859375
-0.049346923828125 -0.0198211669921875 0.5400390625 0.52349853515625
-0.0142784118652344 -0.0695037841796875 -0.0153198242187501 0.8355712890625
0.0501937866210938 -0.0163154602050781 -0.3939208984375 0.4805908203125
0.0856781005859375 0.016143798828125 0.00334548950195313 0.0556144714355469
0.0631866455078125 -0.00932693481445312 0.48724365234375 -0.436431884765625
0.0355644226074219 -0.0418167114257813 0.14434814453125 -0.89068603515625
-0.016082763671875 -0.025054931640625 -0.58416748046875 -0.51861572265625
-0.0196189880371094 0.00531005859375 -0.60369873046875 0.15948486328125
0.00397872924804688 0.0119171142578125 -0.2337646484375 0.397064208984375
-0.00275135040283203 0.00857877731323242 0.12750244140625 0.3028564453125
0.00902366638183594 0.00282001495361328 0.300750732421875 0.061553955078125
0.0235366821289063 -0.00676155090332031 -0.297760009765625 -0.085052490234375
0.00450515747070313 0.0180511474609375 -0.143829345703125 -0.30072021484375
0.0205020904541016 0.0187625885009766 0.21728515625 -0.38311767578125
-0.00550079345703125 0.0128593444824219 0.6083984375 -0.134521484375
-0.0493583679199219 -0.0179405212402344 0.54400634765625 0.51629638671875
-0.0134353637695312 -0.0688438415527344 -0.00646972656250003 0.83856201171875
0.0499000549316406 -0.0152854919433594 -0.397552490234375 0.488525390625
0.0840835571289063 0.0171127319335938 -0.00933837890624999 0.0599174499511719
0.0636024475097656 -0.0072784423828125 0.482940673828125 -0.42523193359375
0.0374336242675781 -0.0406837463378906 0.15277099609375 -0.88720703125
-0.0146961212158203 -0.0259494781494141 -0.57757568359375 -0.52484130859375
-0.0214023590087891 0.00628852844238282 -0.6092529296875 0.1544189453125
0.00221824645996094 0.0137567520141602 -0.241912841796875 0.39520263671875
-0.00412750244140625 0.0113277435302734 0.125946044921875 0.30523681640625
0.00919914245605469 0.00216007232666016 0.3028564453125 0.06671142578125
0.0245361328125 -0.00791168212890625 -0.295379638671875 -0.07965087890625
0.00546836853027344 0.0161800384521484 -0.1416015625 -0.29876708984375
0.0209846496582031 0.0181961059570313 0.21661376953125 -0.382232666015625
-0.00346183776855469 0.0156755447387695 0.6053466796875 -0.1307373046875
-0.0463485717773438 -0.014892578125 0.544281005859375 0.52105712890625
-0.0130691528320313 -0.0638847351074219 -0.00848388671875005 0.8421630859375
0.0454673767089844 -0.0104942321777344 -0.403961181640625 0.4932861328125
0.0771408081054688 0.0193023681640625 -0.0171470642089844 0.0628738403320313
0.0591583251953125 -0.002777099609375 0.477691650390625 -0.42193603515625
0.0384712219238281 -0.0348396301269531 0.15338134765625 -0.88458251953125
-0.0125331878662109 -0.0225830078125 -0.5772705078125 -0.52593994140625
-0.0201759338378906 0.00674247741699219 -0.611083984375 0.15472412109375
0.00331020355224609 0.012934684753418 -0.24517822265625 0.39801025390625
-0.0035552978515625 0.0101079940795898 0.1268310546875 0.306060791015625
0.0102510452270508 0.00171852111816406 0.303253173828125 0.0731201171875
0.0248813629150391 -0.00964927673339844 -0.2933349609375 -0.074798583984375
0.00711441040039063 0.011988639831543 -0.137237548828125 -0.2987060546875
0.0224952697753906 0.0148754119873047 0.21832275390625 -0.37921142578125
0.000135421752929686 0.0179500579833984 0.60845947265625 -0.12359619140625
-0.0424919128417969 -0.00867843627929688 0.537841796875 0.52740478515625
-0.0123138427734375 -0.05706787109375 -0.01947021484375 0.84930419921875
0.0401077270507813 -0.0048065185546875 -0.4122314453125 0.496124267578125
0.0683403015136719 0.0218353271484375 -0.0212478637695312 0.0643081665039063
0.0526771545410156 0.00182723999023438 0.472412109375 -0.420135498046875
0.0370674133300781 -0.0274276733398437 0.143310546875 -0.88140869140625
-0.00827217102050781 -0.0158290863037109 -0.58502197265625 -0.5189208984375
-0.0156030654907227 0.00928401947021484 -0.61248779296875 0.16253662109375
0.00567722320556641 0.0107717514038086 -0.24346923828125 0.40179443359375
-0.000758647918701172 0.00695276260375977 0.130157470703125 0.3079833984375
0.00965118408203125 -0.000407218933105469 0.30584716796875 0.07745361328125
0.0247344970703125 -0.0123500823974609 -0.29278564453125 -0.07293701171875
0.0096445083618164 0.00534725189208984 -0.13385009765625 -0.29827880859375
0.0245285034179688 0.0101661682128906 0.2220458984375 -0.37738037109375
0.00639152526855469 0.0193996429443359 0.60968017578125 -0.11663818359375
-0.0374221801757813 -0.00183486938476563 0.53448486328125 0.53607177734375
-0.0128974914550781 -0.0480995178222656 -0.0302124023437501 0.852294921875
0.0327415466308594 0.00104713439941406 -0.41912841796875 0.495208740234375
0.0578880310058594 0.0236091613769531 -0.0236740112304687 0.0654029846191406
0.0443000793457031 0.00732040405273438 0.468475341796875 -0.419921875
0.0352363586425781 -0.0187911987304687 0.13421630859375 -0.87884521484375
-0.00296211242675781 -0.00739049911499023 -0.5908203125 -0.50982666015625
-0.0100955963134766 0.00969696044921875 -0.612060546875 0.16839599609375
0.00983715057373047 0.00701713562011719 -0.240936279296875 0.405517578125
0.00286436080932617 0.000410556793212891 0.134429931640625 0.30987548828125
0.00968647003173828 -0.00190925598144531 0.30889892578125 0.08184814453125
0.0252513885498047 -0.0155735015869141 -0.293243408203125 -0.0722351074218751
0.0128726959228516 -0.00177097320556641 -0.13092041015625 -0.299835205078125
0.0295028686523438 0.00366401672363281 0.223297119140625 -0.376922607421875
0.0124130249023438 0.0211868286132813 0.613037109375 -0.1129150390625
-0.0313873291015625 0.00681114196777344 0.529571533203125 0.539642333984375
-0.0135765075683594 -0.0388374328613281 -0.0375366210937499 0.851318359375
0.0241298675537109 0.00641250610351563 -0.422088623046875 0.493011474609375
0.0477828979492188 0.0247230529785156 -0.0225334167480469 0.0653076171875
0.0351047515869141 0.0125102996826172 0.463226318359375 -0.42047119140625
0.0336990356445312 -0.00897789001464844 0.12371826171875 -0.87579345703125
0.00287175178527832 0.00140738487243652 -0.59832763671875 -0.502685546875
-0.00364971160888672 0.0110864639282227 -0.61041259765625 0.174072265625
0.0149040222167969 0.00190353393554688 -0.237030029296875 0.40802001953125
0.00748062133789063 -0.00616359710693359 0.1383056640625 0.311370849609375
0.00946331024169922 -0.00416851043701172 0.311614990234375 0.084014892578125
0.0251102447509766 -0.0177421569824219 -0.294586181640625 -0.0752563476562501
0.017303466796875 -0.00830841064453125 -0.128662109375 -0.301605224609375
0.0348567962646484 -0.00323867797851562 0.228668212890625 -0.376678466796875
0.0189113616943359 0.0222930908203125 0.6146240234375 -0.10888671875
-0.0272769927978516 0.0133495330810547 0.52392578125 0.544219970703125
-0.0150222778320313 -0.0293312072753906 -0.0455322265625001 0.84893798828125
0.0156688690185547 0.012089729309082 -0.423980712890625 0.48626708984375
0.0378303527832031 0.0249290466308594 -0.0180854797363281 0.0639572143554688
0.0265769958496094 0.0167121887207031 0.461395263671875 -0.42376708984375
0.0307903289794922 -0.0002593994140625 0.110595703125 -0.87640380859375
0.00784397125244141 0.00927925109863281 -0.60455322265625 -0.494140625
0.00277328491210938 0.011256217956543 -0.6083984375 0.1812744140625
0.0203533172607422 -0.0044708251953125 -0.230560302734375 0.41131591796875
0.0116863250732422 -0.0148258209228516 0.140472412109375 0.311981201171875
0.0100173950195313 -0.00542449951171875 0.313140869140625 0.084503173828125
0.0248126983642578 -0.018707275390625 -0.29608154296875 -0.079986572265625
0.0206584930419922 -0.0146541595458984 -0.12689208984375 -0.3038330078125
0.0387344360351563 -0.0090179443359375 0.23577880859375 -0.377532958984375
0.0243797302246094 0.0223598480224609 0.61767578125 -0.10662841796875
-0.0244350433349609 0.0191173553466797 0.520751953125 0.548858642578125
-0.0170879364013672 -0.0231170654296875 -0.05487060546875 0.846923828125
0.00934505462646484 0.0157871246337891 -0.421630859375 0.482269287109375
0.0296459197998047 0.0264930725097656 -0.0107688903808594 0.0620536804199219
0.0191707611083984 0.02093505859375 0.460479736328125 -0.430633544921875
0.0283317565917969 0.00663375854492188 0.10040283203125 -0.87506103515625
0.0115852355957031 0.014622688293457 -0.61175537109375 -0.4881591796875
0.008758544921875 0.0113887786865234 -0.60418701171875 0.18389892578125
0.0249137878417969 -0.0092620849609375 -0.224395751953125 0.410797119140625
0.0152873992919922 -0.0207252502441406 0.14129638671875 0.31121826171875
0.00946044921875 -0.00682735443115234 0.313751220703125 0.08203125
0.0229816436767578 -0.00721549987792969 -0.302032470703125 -0.0920410156250001
0.00519466400146484 0.015411376953125 -0.144622802734375 -0.302398681640625
0.0206356048583984 0.0159206390380859 0.224761962890625 -0.383819580078125
-0.00451755523681641 0.0121488571166992 0.61260986328125 -0.12969970703125
-0.0496063232421875 -0.0191650390625 0.540496826171875 0.523834228515625
-0.0147476196289063 -0.0693740844726563 -0.01702880859375 0.83441162109375
0.0496597290039063 -0.0163002014160156 -0.395538330078125 0.479888916015625
0.0861740112304688 0.0150070190429688 0.0028228759765625 0.0556983947753906
0.0639419555664063 -0.00951004028320312 0.485443115234375 -0.433837890625
0.0356330871582031 -0.0417442321777344 0.14422607421875 -0.8905029296875
-0.0151729583740234 -0.0258693695068359 -0.581787109375 -0.51763916015625
-0.0194950103759766 0.00513267517089843 -0.60272216796875 0.15826416015625
0.00441551208496094 0.0127239227294922 -0.23486328125 0.394256591796875
-0.0032496452331543 0.00874662399291992 0.127410888671875 0.30242919921875
0.00869083404541016 0.00254344940185547 0.300872802734375 0.062255859375
0.0240955352783203 -0.00708580017089844 -0.2979736328125 -0.085052490234375
0.00420379638671875 0.0173864364624023 -0.144683837890625 -0.299957275390625
0.0197944641113281 0.0176429748535156 0.2178955078125 -0.3831787109375
-0.00563621520996094 0.0130271911621094 0.6072998046875 -0.13262939453125
-0.0493583679199219 -0.0181312561035156 0.54290771484375 0.518341064453125
-0.0138359069824219 -0.0680084228515625 -0.00994873046874991 0.83697509765625
0.04998779296875 -0.0146446228027344 -0.398406982421875 0.48760986328125
0.0838699340820312 0.0164718627929688 -0.0097808837890625 0.0607261657714844
0.0638999938964844 -0.00756072998046875 0.4835205078125 -0.42510986328125
0.0382270812988281 -0.0413589477539063 0.15484619140625 -0.88507080078125
-0.0152053833007813 -0.0260734558105469 -0.57489013671875 -0.52630615234375
-0.0209140777587891 0.00602912902832031 -0.60772705078125 0.154296875
0.00206661224365234 0.0128688812255859 -0.24139404296875 0.3941650390625
-0.00440025329589844 0.0108184814453125 0.12548828125 0.30517578125
0.00941085815429688 0.00305747985839844 0.302642822265625 0.06658935546875
0.0239009857177734 -0.00754165649414063 -0.29449462890625 -0.080322265625
0.00511837005615235 0.0155715942382813 -0.1414794921875 -0.29791259765625
0.0202007293701172 0.0173587799072266 0.216033935546875 -0.38043212890625
-0.00350856781005859 0.0152769088745117 0.6060791015625 -0.13031005859375
-0.0467147827148438 -0.0141029357910156 0.543487548828125 0.521148681640625
-0.0134696960449219 -0.0631904602050781 -0.00970458984374997 0.84222412109375
0.045440673828125 -0.0100936889648438 -0.405792236328125 0.494537353515625
0.0771026611328125 0.0193328857421875 -0.0179824829101562 0.0634918212890625
0.0601768493652344 -0.00315475463867188 0.478240966796875 -0.41937255859375
0.0379066467285156 -0.0352668762207031 0.15496826171875 -0.88330078125
-0.0122032165527344 -0.0222759246826172 -0.57550048828125 -0.5279541015625
-0.0192031860351563 0.007080078125 -0.6107177734375 0.1533203125
0.00294685363769531 0.0131559371948242 -0.24462890625 0.39520263671875
-0.00294113159179688 0.0102081298828125 0.126983642578125 0.306121826171875
0.00926971435546875 0.00239372253417969 0.30267333984375 0.07257080078125
0.0245723724365234 -0.0101871490478516 -0.29461669921875 -0.0746154785156249
0.00668430328369141 0.0120410919189453 -0.137542724609375 -0.297332763671875
0.0220832824707031 0.0143013000488281 0.217620849609375 -0.37939453125
0.000169754028320311 0.0170631408691406 0.607666015625 -0.12109375
-0.0424690246582031 -0.0084381103515625 0.540313720703125 0.526519775390625
-0.0127639770507812 -0.0559768676757812 -0.02081298828125 0.84735107421875
0.0396804809570313 -0.005096435546875 -0.413970947265625 0.494232177734375
0.0684127807617187 0.0214691162109375 -0.0226211547851563 0.064361572265625
0.0529975891113281 0.0015716552734375 0.47283935546875 -0.419342041015625
0.0371932983398438 -0.0278472900390625 0.1461181640625 -0.87933349609375
-0.00752353668212891 -0.0163049697875977 -0.583984375 -0.5185546875
-0.0159263610839844 0.00870037078857422 -0.61065673828125 0.16168212890625
0.00577163696289063 0.0108585357666016 -0.2440185546875 0.400665283203125
-0.00135660171508789 0.00662899017333984 0.130859375 0.308441162109375
0.0101900100708008 0.000436782836914063 0.3057861328125 0.078125
0.0252571105957031 -0.0127124786376953 -0.292816162109375 -0.07275390625
0.00902080535888672 0.00572490692138672 -0.133758544921875 -0.297698974609375
0.0249176025390625 0.00926399230957031 0.22198486328125 -0.376129150390625
0.00586509704589844 0.0191307067871094 0.61065673828125 -0.11688232421875
-0.0373420715332031 -0.000961303710937493 0.533203125 0.535980224609375
-0.0133590698242188 -0.0476722717285156 -0.0310668945312501 0.8515625
0.0327816009521484 0.000873565673828125 -0.419586181640625 0.4940185546875
0.0584526062011719 0.0227088928222656 -0.0246963500976562 0.0656623840332031
0.0446701049804688 0.00685501098632813 0.467620849609375 -0.41827392578125
0.0358200073242188 -0.0193862915039063 0.1353759765625 -0.87689208984375
-0.00246429443359375 -0.00725746154785156 -0.58843994140625 -0.51080322265625
-0.0101642608642578 0.0101699829101563 -0.610595703125 0.1668701171875
0.00839805603027344 0.00629186630249023 -0.24102783203125 0.404266357421875
0.00306248664855957 0.00173020362854004 0.13397216796875 0.309326171875
0.0102500915527344 -0.00131988525390625 0.308807373046875 0.0811767578125
0.0251674652099609 -0.0157947540283203 -0.293243408203125 -0.073028564453125
0.0130033493041992 -0.00126457214355469 -0.130340576171875 -0.29931640625
0.0294322967529297 0.00264549255371094 0.224151611328125 -0.375885009765625
0.0120162963867188 0.0207042694091797 0.61328125 -0.1119384765625
-0.0319404602050781 0.00629806518554687 0.5302734375 0.53955078125
-0.0144157409667969 -0.0380783081054688 -0.0410766601562501 0.849365234375
0.0240898132324219 0.00625991821289062 -0.422760009765625 0.491485595703125
0.0472145080566406 0.0240135192871094 -0.0232391357421875 0.0654258728027344
0.0358734130859375 0.0116310119628906 0.464324951171875 -0.41802978515625
0.0340442657470703 -0.00907707214355469 0.124267578125 -0.8746337890625
0.00326991081237793 0.000560998916625977 -0.5958251953125 -0.50250244140625
-0.00348377227783203 0.0109748840332031 -0.61090087890625 0.17303466796875
0.0145254135131836 0.00118732452392578 -0.237274169921875 0.406951904296875
0.00707101821899414 -0.00675725936889648 0.13763427734375 0.3116455078125
0.0103626251220703 -0.00407123565673828 0.31158447265625 0.084014892578125
0.0246753692626953 -0.0173454284667969 -0.29486083984375 -0.0743408203125
0.0170736312866211 -0.00863075256347656 -0.128570556640625 -0.300384521484375
0.0339584350585938 -0.00352287292480469 0.229217529296875 -0.376617431640625
0.0187721252441406 0.0219707489013672 0.6143798828125 -0.10870361328125
-0.0267353057861328 0.0137710571289063 0.52349853515625 0.54449462890625
-0.0153064727783203 -0.0291538238525391 -0.048828125 0.8466796875
0.0154666900634766 0.0118064880371094 -0.425445556640625 0.486663818359375
0.0379257202148438 0.0249977111816406 -0.01904296875 0.0646400451660156
0.0267200469970703 0.0169105529785156 0.461822509765625 -0.42327880859375
0.0303173065185547 -0.0003509521484375 0.11334228515625 -0.87451171875
0.00755596160888672 0.00951766967773438 -0.60382080078125 -0.49420166015625
0.00299549102783203 0.0112133026123047 -0.60748291015625 0.17919921875
0.0193233489990234 -0.00414466857910156 -0.231964111328125 0.40948486328125
0.011383056640625 -0.0142784118652344 0.14013671875 0.312713623046875
0.0106287002563477 -0.00549411773681641 0.313720703125 0.084625244140625
0.0246200561523438 -0.0181941986083984 -0.2967529296875 -0.07965087890625
0.0205249786376953 -0.0150508880615234 -0.127777099609375 -0.302642822265625
0.0378074645996094 -0.00913238525390625 0.235198974609375 -0.376800537109375
0.0236454010009766 0.0217266082763672 0.61846923828125 -0.1053466796875
-0.0241947174072266 0.01922607421875 0.519317626953125 0.548431396484375
-0.0180015563964844 -0.0222415924072266 -0.0579833984375 0.8458251953125
0.00915431976318359 0.0155935287475586 -0.422119140625 0.481109619140625
0.0291461944580078 0.0252285003662109 -0.0113296508789063 0.0620193481445313
0.019073486328125 0.0203647613525391 0.460205078125 -0.428070068359375
0.0284404754638672 0.00621604919433594 0.1011962890625 -0.87554931640625
0.0112199783325195 0.0149154663085938 -0.60992431640625 -0.48931884765625
0.00885581970214844 0.0112390518188477 -0.60272216796875 0.1817626953125
0.0238380432128906 -0.00965309143066406 -0.22601318359375 0.408935546875
0.0157260894775391 -0.0211067199707031 0.140960693359375 0.311126708984375
0.0101146697998047 -0.00666713714599609 0.31304931640625 0.081939697265625
0.0231513977050781 -0.00682640075683594 -0.30267333984375 -0.092193603515625
0.00402355194091797 0.0158843994140625 -0.14532470703125 -0.30255126953125
0.0207538604736328 0.0148544311523438 0.2271728515625 -0.3837890625
-0.00498676300048828 0.0114011764526367 0.6146240234375 -0.1285400390625
-0.049560546875 -0.0191001892089844 0.5384521484375 0.524017333984375
-0.0146751403808594 -0.0686454772949219 -0.0205078124999999 0.83380126953125
0.0500221252441406 -0.0158920288085938 -0.397430419921875 0.47869873046875
0.0865402221679688 0.015350341796875 0.00220870971679688 0.0564041137695313
0.0636825561523438 -0.010101318359375 0.487823486328125 -0.432525634765625
0.0352325439453125 -0.042205810546875 0.14739990234375 -0.89105224609375
-0.0153980255126953 -0.0259342193603516 -0.5811767578125 -0.52032470703125
-0.0193443298339844 0.00489616394042969 -0.60382080078125 0.15704345703125
0.00412368774414062 0.0115766525268555 -0.2362060546875 0.3929443359375
-0.00388956069946289 0.00849580764770508 0.126708984375 0.303375244140625
0.00964927673339844 0.00301456451416016 0.3016357421875 0.061370849609375
0.0233078002929688 -0.00675392150878906 -0.299530029296875 -0.0860900878906251
0.003631591796875 0.017578125 -0.14385986328125 -0.29913330078125
0.0191001892089844 0.0175857543945313 0.21893310546875 -0.382720947265625
-0.00603485107421875 0.012516975402832 0.6099853515625 -0.13165283203125
-0.0496063232421875 -0.0178718566894531 0.5430908203125 0.518402099609375
-0.0141334533691406 -0.0674972534179688 -0.0122680664062501 0.83770751953125
0.0497322082519531 -0.0147323608398438 -0.401214599609375 0.485809326171875
0.0844497680664062 0.016265869140625 -0.0104446411132812 0.0602340698242188
0.0646324157714844 -0.00766754150390625 0.48419189453125 -0.421966552734375
0.037109375 -0.0408859252929688 0.15850830078125 -0.88531494140625
-0.0144805908203125 -0.0264167785644531 -0.57354736328125 -0.52752685546875
-0.0211048126220703 0.00641250610351562 -0.60858154296875 0.15203857421875
0.00225162506103516 0.0129594802856445 -0.242828369140625 0.392608642578125
-0.00520992279052734 0.0115976333618164 0.1253662109375 0.305938720703125
0.0100173950195313 0.00325107574462891 0.302703857421875 0.067352294921875
0.0237197875976563 -0.0081024169921875 -0.295989990234375 -0.079925537109375
0.00381660461425781 0.0156650543212891 -0.14178466796875 -0.297210693359375
0.0200042724609375 0.017303466796875 0.217010498046875 -0.381103515625
-0.00394153594970703 0.0148162841796875 0.60699462890625 -0.12939453125
-0.0471382141113281 -0.0137100219726562 0.542938232421875 0.5220947265625
-0.0137786865234375 -0.0630531311035156 -0.01409912109375 0.843505859375
0.0455474853515625 -0.0103187561035156 -0.40789794921875 0.492828369140625
0.0778350830078125 0.0182952880859375 -0.0190391540527344 0.0633773803710938
0.0601654052734375 -0.00367355346679688 0.478546142578125 -0.417205810546875
0.0381813049316406 -0.0361671447753906 0.1585693359375 -0.88397216796875
-0.0121307373046875 -0.0224514007568359 -0.57379150390625 -0.52923583984375
-0.0193977355957031 0.00734329223632812 -0.611572265625 0.15185546875
0.00296497344970703 0.0127763748168945 -0.247100830078125 0.39520263671875
-0.00433063507080078 0.0103769302368164 0.127532958984375 0.306854248046875
0.00986385345458984 0.00203323364257813 0.303985595703125 0.07366943359375
0.0243301391601563 -0.0105609893798828 -0.29437255859375 -0.0764465332031251
0.00619411468505859 0.011845588684082 -0.13909912109375 -0.297027587890625
0.0216197967529297 0.0140914916992187 0.21942138671875 -0.378936767578125
0.000487327575683594 0.0163469314575195 0.6094970703125 -0.120361328125
-0.0418624877929688 -0.0085296630859375 0.5389404296875 0.5296630859375
-0.013214111328125 -0.0562667846679688 -0.02435302734375 0.84796142578125
0.0403518676757812 -0.00442123413085938 -0.415435791015625 0.49298095703125
0.0686302185058594 0.0206298828125 -0.0236015319824219 0.06451416015625
0.0531120300292969 0.00202178955078125 0.47308349609375 -0.417236328125
0.0372314453125 -0.0291404724121094 0.14739990234375 -0.88116455078125
-0.00850677490234375 -0.0161943435668945 -0.5791015625 -0.52154541015625
-0.0152778625488281 0.0089273452758789 -0.61102294921875 0.1597900390625
0.00444602966308594 0.0101728439331055 -0.245361328125 0.399932861328125
-0.00144624710083008 0.00628376007080078 0.1309814453125 0.309478759765625
0.0106773376464844 -2.00271606445313E-05 0.30584716796875 0.078369140625
0.0247840881347656 -0.0130672454833984 -0.29327392578125 -0.0726318359375
0.00913429260253906 0.00506496429443359 -0.13397216796875 -0.29718017578125
0.0248317718505859 0.00853919982910156 0.223358154296875 -0.376434326171875
0.00601005554199219 0.0183506011962891 0.61181640625 -0.1158447265625
-0.0373611450195313 -0.000988006591796875 0.534576416015625 0.537261962890625
-0.0137557983398437 -0.0470466613769531 -0.03436279296875 0.8507080078125
0.0325908660888672 0.001800537109375 -0.422515869140625 0.4945068359375
0.0580368041992187 0.02227783203125 -0.0255393981933594 0.0656509399414063
0.0442466735839844 0.00688552856445312 0.467864990234375 -0.417022705078125
0.0353126525878906 -0.019866943359375 0.13751220703125 -0.878662109375
-0.00351428985595703 -0.00782966613769531 -0.58807373046875 -0.5140380859375
-0.0101451873779297 0.00939178466796875 -0.61224365234375 0.1669921875
0.00886344909667969 0.00643348693847656 -0.242706298828125 0.401824951171875
0.00244140625 0.000196456909179687 0.134124755859375 0.310394287109375
0.0108461380004883 -0.000828742980957031 0.3095703125 0.081512451171875
0.0242938995361328 -0.0150394439697266 -0.29443359375 -0.072723388671875
0.0130891799926758 -0.0016326904296875 -0.13140869140625 -0.298004150390625
0.0288829803466797 0.00207710266113281 0.22589111328125 -0.375946044921875
0.0123367309570313 0.0197544097900391 0.6134033203125 -0.1104736328125
-0.0325069427490234 0.00710487365722656 0.5291748046875 0.54254150390625
-0.0136833190917969 -0.0382919311523438 -0.04241943359375 0.85040283203125
0.0245361328125 0.0070953369140625 -0.4254150390625 0.4910888671875
0.0472373962402344 0.0237197875976563 -0.0242652893066406 0.0657005310058594
0.0361785888671875 0.011566162109375 0.464447021484375 -0.417572021484375
0.0338687896728516 -0.00951957702636719 0.1268310546875 -0.87567138671875
0.00303363800048828 0.00117754936218262 -0.59503173828125 -0.5054931640625
-0.00294399261474609 0.0110082626342773 -0.611572265625 0.1719970703125
0.0135746002197266 0.00130558013916016 -0.23785400390625 0.405548095703125
0.00679874420166016 -0.0061497688293457 0.137176513671875 0.312957763671875
0.0107316970825195 -0.00364303588867188 0.312591552734375 0.084716796875
0.0247249603271484 -0.0175323486328125 -0.296173095703125 -0.0747985839843751
0.0169849395751953 -0.00839328765869141 -0.12872314453125 -0.29998779296875
0.0336551666259766 -0.00409126281738281 0.229461669921875 -0.375640869140625
0.0190467834472656 0.0205974578857422 0.61663818359375 -0.1070556640625
-0.0276355743408203 0.0136184692382812 0.524078369140625 0.5452880859375
-0.0160846710205078 -0.0291080474853516 -0.0526733398437499 0.84814453125
0.015995979309082 0.0123491287231445 -0.427703857421875 0.486602783203125
0.037567138671875 0.0245246887207031 -0.0205802917480469 0.0649871826171875
0.0267734527587891 0.0164585113525391 0.463775634765625 -0.42095947265625
0.0308609008789063 -0.000659942626953125 0.115966796875 -0.87451171875
0.00762271881103516 0.00888729095458984 -0.6011962890625 -0.498046875
0.00293731689453125 0.0108222961425781 -0.608642578125 0.17742919921875
0.0193939208984375 -0.00450325012207031 -0.232818603515625 0.407989501953125
0.010869026184082 -0.0144176483154297 0.140106201171875 0.312896728515625
0.0107965469360352 -0.00540447235107422 0.313934326171875 0.085052490234375
0.0239582061767578 -0.0185146331787109 -0.2974853515625 -0.078857421875
0.0203895568847656 -0.0147724151611328 -0.127532958984375 -0.302978515625
0.038330078125 -0.00973129272460938 0.23675537109375 -0.37640380859375
0.0235500335693359 0.0214366912841797 0.62091064453125 -0.105712890625
-0.0248203277587891 0.0195884704589844 0.51885986328125 0.549957275390625
-0.0181827545166016 -0.0218887329101563 -0.05999755859375 0.845947265625
0.00852680206298828 0.0157604217529297 -0.42626953125 0.480072021484375
0.0296096801757813 0.0252552032470703 -0.0130538940429687 0.0619277954101562
0.0200023651123047 0.0196933746337891 0.46160888671875 -0.42510986328125
0.0284481048583984 0.00596237182617188 0.10345458984375 -0.8753662109375
0.0117292404174805 0.0147504806518555 -0.6085205078125 -0.48980712890625
0.00906181335449219 0.0112028121948242 -0.60333251953125 0.1796875
0.0241069793701172 -0.00954818725585938 -0.2271728515625 0.40875244140625
0.0151691436767578 -0.0209827423095703 0.141021728515625 0.31195068359375
0.00995826721191406 -0.00639629364013672 0.314483642578125 0.08197021484375
0.0230808258056641 -0.00678825378417969 -0.303009033203125 -0.091064453125
0.00416278839111328 0.0149555206298828 -0.14483642578125 -0.302886962890625
0.0201377868652344 0.0150928497314453 0.2279052734375 -0.38531494140625
-0.00465679168701172 0.0113382339477539 0.61676025390625 -0.12921142578125
-0.0501022338867188 -0.0193672180175781 0.541534423828125 0.527923583984375
-0.0154685974121094 -0.0674591064453125 -0.0211181640625 0.83642578125
0.0502471923828125 -0.0152740478515625 -0.39874267578125 0.47833251953125
0.085906982421875 0.0143814086914063 0.00157546997070312 0.0566177368164063
0.0639801025390625 -0.0108871459960938 0.4892578125 -0.432037353515625
0.0351333618164063 -0.0432167053222656 0.149169921875 -0.89117431640625
-0.0151653289794922 -0.0274372100830078 -0.5792236328125 -0.52276611328125
-0.0198307037353516 0.00483894348144532 -0.60504150390625 0.15679931640625
0.00342845916748047 0.0109100341796875 -0.23779296875 0.391876220703125
-0.00449848175048828 0.0087127685546875 0.126617431640625 0.304046630859375
0.00919818878173828 0.00338935852050781 0.302032470703125 0.062744140625
0.0230464935302734 -0.00686454772949219 -0.30145263671875 -0.085601806640625
0.00287818908691406 0.0176506042480469 -0.144927978515625 -0.30029296875
0.0185985565185547 0.0167350769042969 0.220245361328125 -0.38427734375
-0.00604915618896484 0.0126218795776367 0.61248779296875 -0.13238525390625
-0.04815673828125 -0.0178909301757813 0.544464111328125 0.520477294921875
-0.015289306640625 -0.0673141479492188 -0.01422119140625 0.838623046875
0.0494842529296875 -0.0146865844726563 -0.403289794921875 0.488250732421875
0.084564208984375 0.0155715942382812 -0.0103111267089844 0.0605316162109375
0.0643119812011719 -0.00794219970703125 0.486236572265625 -0.421875
0.0373916625976563 -0.0421638488769531 0.1597900390625 -0.8887939453125
-0.0153312683105469 -0.0273590087890625 -0.5728759765625 -0.52874755859375
-0.0208015441894531 0.00565910339355469 -0.61004638671875 0.1507568359375
0.00198459625244141 0.0132131576538086 -0.243988037109375 0.392852783203125
-0.00492572784423828 0.011754035949707 0.12603759765625 0.30596923828125
0.0102777481079102 0.00289821624755859 0.303253173828125 0.068572998046875
0.0233726501464844 -0.00885772705078125 -0.296875 -0.080322265625
0.00346851348876953 0.0164947509765625 -0.14208984375 -0.2982177734375
0.0198459625244141 0.0164260864257813 0.218841552734375 -0.381439208984375
-0.00350475311279297 0.0142087936401367 0.61016845703125 -0.12847900390625
-0.0469017028808594 -0.0142440795898438 0.544219970703125 0.5233154296875
-0.0135612487792969 -0.0630760192871094 -0.0156860351562499 0.8447265625
0.0461883544921875 -0.0106124877929688 -0.409576416015625 0.492950439453125
0.0773468017578125 0.0186386108398438 -0.0198097229003906 0.0643348693847656
0.060455322265625 -0.0046844482421875 0.481414794921875 -0.4171142578125
0.0388946533203125 -0.0364189147949219 0.1597900390625 -0.88629150390625
-0.0128974914550781 -0.0232524871826172 -0.5731201171875 -0.53033447265625
-0.0194339752197266 0.00701904296875 -0.6136474609375 0.150146484375
0.00224113464355469 0.0126008987426758 -0.248626708984375 0.395355224609375
-0.00444889068603516 0.0099639892578125 0.12750244140625 0.309539794921875
0.0103731155395508 0.00243759155273438 0.30474853515625 0.073394775390625
0.0248603820800781 -0.0101222991943359 -0.29571533203125 -0.0755615234374999
0.00559234619140625 0.0114593505859375 -0.137664794921875 -0.297454833984375
0.0218486785888672 0.0134906768798828 0.221221923828125 -0.37835693359375
-0.000565528869628908 0.0159397125244141 0.61260986328125 -0.1202392578125
-0.0435905456542969 -0.00838088989257812 0.5394287109375 0.53271484375
-0.0130805969238281 -0.0556106567382813 -0.0261230468750001 0.8486328125
0.0402679443359375 -0.004669189453125 -0.417816162109375 0.4942626953125
0.0686492919921875 0.0205154418945313 -0.0229644775390625 0.0642013549804688
0.0544052124023437 -5.7220458984375E-05 0.476165771484375 -0.4171142578125
0.0377464294433594 -0.0284423828125 0.14837646484375 -0.8814697265625
-0.00905895233154297 -0.0164556503295898 -0.57989501953125 -0.52301025390625
-0.0151166915893555 0.00841903686523438 -0.61322021484375 0.15887451171875
0.00441169738769531 0.0110836029052734 -0.24737548828125 0.39837646484375
-0.00196409225463867 0.00673484802246094 0.1312255859375 0.310333251953125
0.0109214782714844 0.00138187408447266 0.306549072265625 0.078399658203125
0.0237617492675781 -0.013702392578125 -0.294342041015625 -0.0736083984375001
0.00902080535888672 0.00504016876220703 -0.134857177734375 -0.2969970703125
0.0251331329345703 0.00825881958007813 0.22454833984375 -0.376007080078125
0.00571346282958984 0.0175437927246094 0.6142578125 -0.11456298828125
-0.0375823974609375 -0.001007080078125 0.534881591796875 0.5396728515625
-0.012908935546875 -0.0466651916503906 -0.0357666015624999 0.85382080078125
0.0325851440429688 0.00123977661132813 -0.423797607421875 0.493621826171875
0.0583610534667969 0.0220527648925781 -0.0252304077148437 0.0656318664550781
0.0452842712402344 0.00608062744140625 0.46978759765625 -0.416656494140625
0.0350131988525391 -0.0198593139648438 0.14141845703125 -0.88037109375
-0.00264596939086914 -0.00803184509277344 -0.586181640625 -0.51507568359375
-0.0104055404663086 0.00969028472900391 -0.61370849609375 0.1649169921875
0.00843238830566406 0.00735807418823242 -0.24346923828125 0.401763916015625
0.00174880027770996 0.000972747802734375 0.134918212890625 0.311614990234375
0.0101099014282227 -0.00118446350097656 0.3109130859375 0.0816650390625
0.0244064331054688 -0.0155277252197266 -0.296600341796875 -0.07305908203125
0.0120143890380859 -0.00112724304199219 -0.131500244140625 -0.29840087890625
0.0294303894042969 0.00183868408203125 0.226226806640625 -0.3763427734375
0.0113983154296875 0.0194644927978516 0.61700439453125 -0.11138916015625
-0.0321102142333984 0.00724983215332031 0.53021240234375 0.541717529296875
-0.0144157409667969 -0.037353515625 -0.0455322265625001 0.8519287109375
0.0234260559082031 0.00695419311523437 -0.4278564453125 0.490936279296875
0.0480575561523438 0.0238037109375 -0.0248908996582031 0.06591796875
0.0358352661132813 0.0113143920898437 0.46734619140625 -0.41650390625
0.0335521697998047 -0.0103092193603516 0.128662109375 -0.87646484375
0.00285077095031738 0.000863790512084961 -0.59320068359375 -0.506591796875
-0.00254249572753906 0.0105171203613281 -0.6126708984375 0.17041015625
0.0134601593017578 0.0001373291015625 -0.240203857421875 0.40570068359375
0.00609922409057617 -0.00673484802246094 0.138275146484375 0.313079833984375
0.0111761093139648 -0.00327777862548828 0.3135986328125 0.08502197265625
0.0243968963623047 -0.0180797576904297 -0.2982177734375 -0.07513427734375
0.0164737701416016 -0.00869274139404297 -0.129913330078125 -0.300750732421875
0.0343265533447266 -0.00457191467285156 0.231109619140625 -0.3763427734375
0.0186576843261719 0.0205078125 0.61932373046875 -0.107666015625
-0.0277442932128906 0.0145149230957031 0.52484130859375 0.54833984375
-0.0161552429199219 -0.0287094116210938 -0.0558471679687499 0.8504638671875
0.0160684585571289 0.0115213394165039 -0.430206298828125 0.488006591796875
0.0379638671875 0.0239143371582031 -0.0195388793945312 0.0656547546386719
0.0278358459472656 0.0169715881347656 0.464813232421875 -0.418975830078125
0.0306472778320313 -0.00125503540039062 0.11834716796875 -0.87646484375
0.00803470611572266 0.00884819030761719 -0.60113525390625 -0.497314453125
0.00394535064697266 0.01080322265625 -0.609619140625 0.17584228515625
0.0194969177246094 -0.00533103942871094 -0.234893798828125 0.408355712890625
0.0110359191894531 -0.0141725540161133 0.141693115234375 0.313812255859375
0.0109596252441406 -0.00451755523681641 0.315399169921875 0.084625244140625
0.0240535736083984 -0.0187759399414063 -0.2991943359375 -0.079986572265625
0.0195121765136719 -0.0152225494384766 -0.12738037109375 -0.302459716796875
0.03814697265625 -0.00999832153320313 0.23883056640625 -0.376739501953125
0.0233993530273438 0.0209598541259766 0.6224365234375 -0.10400390625
-0.0258331298828125 0.0197925567626953 0.520355224609375 0.5523681640625
-0.0184307098388672 -0.0213050842285156 -0.06231689453125 0.84716796875
0.00899505615234375 0.0161066055297852 -0.428680419921875 0.4803466796875
0.0298099517822266 0.0246829986572266 -0.0133323669433594 0.0618171691894531
0.0190811157226563 0.0187053680419922 0.46295166015625 -0.42510986328125
0.0287055969238281 0.00527000427246094 0.1063232421875 -0.87652587890625
0.0115146636962891 0.0153417587280273 -0.6090087890625 -0.4927978515625
0.00933551788330078 0.0102138519287109 -0.60540771484375 0.17974853515625
0.0235042572021484 -0.0102767944335938 -0.22869873046875 0.408111572265625
0.0138225555419922 -0.0209426879882812 0.14093017578125 0.3126220703125
0.0111904144287109 -0.00603485107421875 0.31488037109375 0.0828857421875
0.0227108001708984 -0.00674247741699219 -0.305450439453125 -0.0924987792968751
0.00331401824951172 0.0158939361572266 -0.146240234375 -0.30328369140625
0.0202770233154297 0.0148715972900391 0.229736328125 -0.385162353515625
-0.00508975982666016 0.0103359222412109 0.61968994140625 -0.12774658203125
-0.051025390625 -0.0185127258300781 0.5418701171875 0.52996826171875
-0.0150566101074219 -0.0688934326171875 -0.02197265625 0.8392333984375
0.0504570007324219 -0.0166168212890625 -0.401885986328125 0.482421875
0.086578369140625 0.0138702392578125 0.00158691406250001 0.0568122863769531
0.0646209716796875 -0.0107154846191406 0.49127197265625 -0.432098388671875
0.0348129272460938 -0.0429916381835938 0.15142822265625 -0.89508056640625
-0.0163497924804687 -0.0260810852050781 -0.58099365234375 -0.5255126953125
-0.0180263519287109 0.00416755676269532 -0.60845947265625 0.156005859375
0.00355339050292969 0.0116329193115234 -0.2401123046875 0.393798828125
-0.00406932830810547 0.00959682464599609 0.12835693359375 0.305694580078125
0.0102415084838867 0.00321578979492188 0.303680419921875 0.06298828125
0.0224285125732422 -0.00743293762207031 -0.302886962890625 -0.085540771484375
0.00184822082519531 0.0179176330566406 -0.146148681640625 -0.30010986328125
0.0194072723388672 0.0160160064697266 0.22210693359375 -0.3846435546875
-0.00685691833496094 0.0117731094360352 0.6146240234375 -0.1328125
-0.0504226684570312 -0.0180015563964844 0.547027587890625 0.524139404296875
-0.0148124694824219 -0.0666275024414063 -0.01556396484375 0.841552734375
0.0496597290039063 -0.01470947265625 -0.406951904296875 0.48907470703125
0.0855331420898438 0.0164031982421875 -0.0112495422363281 0.06146240234375
0.0653457641601563 -0.00874710083007813 0.488616943359375 -0.42242431640625
0.0378875732421875 -0.042144775390625 0.1611328125 -0.89007568359375
-0.0150909423828125 -0.0264034271240234 -0.5731201171875 -0.53192138671875
-0.0199108123779297 0.00551414489746094 -0.61260986328125 0.14996337890625
0.00196743011474609 0.013275146484375 -0.246612548828125 0.3935546875
-0.00566387176513672 0.0113439559936523 0.127105712890625 0.30810546875
0.00983238220214844 0.00367355346679688 0.305023193359375 0.068328857421875
0.0246067047119141 -0.00783348083496094 -0.299713134765625 -0.0808410644531249
0.00358200073242187 0.0161533355712891 -0.1435546875 -0.297607421875
0.0193939208984375 0.0157241821289063 0.22088623046875 -0.383331298828125
-0.00379371643066406 0.0131416320800781 0.61297607421875 -0.12939453125
-0.0472335815429688 -0.0136909484863281 0.546112060546875 0.527069091796875
-0.014007568359375 -0.0623245239257813 -0.0178222656250001 0.84686279296875
0.0455970764160156 -0.010162353515625 -0.412567138671875 0.495330810546875
0.0780181884765625 0.0182571411132813 -0.0202827453613281 0.0655784606933594
0.0611038208007813 -0.00441360473632813 0.483489990234375 -0.418060302734375
0.0381965637207031 -0.0366134643554688 0.1624755859375 -0.8892822265625
-0.0121498107910156 -0.0231094360351562 -0.57476806640625 -0.53387451171875
-0.0179901123046875 0.00617027282714843 -0.61492919921875 0.1512451171875
0.00232791900634766 0.0125026702880859 -0.250335693359375 0.3963623046875
-0.00505638122558594 0.0109348297119141 0.1278076171875 0.30975341796875
0.0104255676269531 0.00278091430664063 0.306121826171875 0.073974609375
0.0241870880126953 -0.0101356506347656 -0.2969970703125 -0.07672119140625
0.00502586364746094 0.0117349624633789 -0.139862060546875 -0.298126220703125
0.0214214324951172 0.0126972198486328 0.222320556640625 -0.380645751953125
-5.24520874023444E-05 0.0152111053466797 0.61328125 -0.12188720703125
-0.0436477661132813 -0.00835037231445312 0.54119873046875 0.533599853515625
-0.0126457214355469 -0.0556755065917969 -0.0275268554687501 0.85211181640625
0.0404129028320313 -0.00487136840820313 -0.420257568359375 0.495697021484375
0.0692253112792969 0.0199050903320312 -0.0244178771972656 0.0656967163085938
0.0536575317382813 0.000858306884765625 0.47686767578125 -0.417694091796875
0.0375480651855469 -0.0293426513671875 0.15240478515625 -0.8843994140625
-0.00832557678222656 -0.0166225433349609 -0.58123779296875 -0.5252685546875
-0.0151824951171875 0.00771141052246094 -0.61419677734375 0.15924072265625
0.00391292572021484 0.0102310180664063 -0.247802734375 0.39935302734375
-0.00180578231811523 0.00742053985595703 0.13238525390625 0.31134033203125
0.0116853713989258 0.000457763671875 0.30963134765625 0.078216552734375
0.0246753692626953 -0.0130939483642578 -0.2967529296875 -0.072509765625
0.00854682922363281 0.00576543807983398 -0.1353759765625 -0.298675537109375
0.0246295928955078 0.00737190246582031 0.225677490234375 -0.378509521484375
0.00456333160400391 0.0170841217041016 0.61737060546875 -0.11474609375
-0.0383033752441406 -0.000247955322265621 0.53662109375 0.541046142578125
-0.0134506225585938 -0.0470008850097656 -0.0392456054687501 0.8564453125
0.0323410034179688 0.000638961791992188 -0.4288330078125 0.4962158203125
0.0587501525878906 0.0213165283203125 -0.0274238586425781 0.0661354064941406
0.0454139709472656 0.0055999755859375 0.471588134765625 -0.417144775390625
0.0357170104980469 -0.019805908203125 0.14019775390625 -0.884033203125
-0.00251960754394531 -0.00830268859863281 -0.58636474609375 -0.5179443359375
-0.00944423675537109 0.00872325897216797 -0.61553955078125 0.16461181640625
0.00905895233154297 0.00641441345214844 -0.245452880859375 0.403839111328125
0.00189697742462158 0.00101554393768311 0.135498046875 0.31298828125
0.0117416381835937 -0.000243186950683594 0.3116455078125 0.08197021484375
0.0241584777832031 -0.0156135559082031 -0.298095703125 -0.0730895996093749
0.0122823715209961 -0.00164699554443359 -0.133575439453125 -0.29913330078125
0.0286827087402344 0.00158882141113281 0.227874755859375 -0.379364013671875
0.0117263793945313 0.0184593200683594 0.6201171875 -0.113037109375
-0.0328636169433594 0.007049560546875 0.533203125 0.547210693359375
-0.0151557922363281 -0.0368194580078125 -0.0473632812499999 0.8533935546875
0.0245399475097656 0.00645637512207031 -0.431640625 0.49176025390625
0.0476455688476562 0.0225372314453125 -0.0262641906738281 0.0658531188964844
0.0364990234375 0.01068115234375 0.46929931640625 -0.41741943359375
0.0341472625732422 -0.0111541748046875 0.13037109375 -0.87994384765625
0.00289463996887207 0.000432968139648437 -0.5963134765625 -0.509521484375
-0.00304889678955078 0.0104875564575195 -0.61444091796875 0.17047119140625
0.0137090682983398 0.000400543212890625 -0.24169921875 0.40704345703125
0.00618267059326172 -0.00596857070922852 0.139068603515625 0.31451416015625
0.0115690231323242 -0.00339889526367188 0.314727783203125 0.084442138671875
0.02410888671875 -0.0178432464599609 -0.298583984375 -0.075347900390625
0.016240119934082 -0.00844001770019531 -0.13043212890625 -0.301116943359375
0.0332832336425781 -0.005523681640625 0.2327880859375 -0.377899169921875
0.0187206268310547 0.0207080841064453 0.62298583984375 -0.10821533203125
-0.0283088684082031 0.0146045684814453 0.5284423828125 0.55010986328125
-0.0167884826660156 -0.0282249450683594 -0.0562133789062501 0.85302734375
0.0154285430908203 0.0112876892089844 -0.433197021484375 0.48773193359375
0.0374870300292969 0.0234870910644531 -0.0208053588867188 0.0656623840332031
0.0275478363037109 0.0155277252197266 0.4666748046875 -0.42059326171875
0.0312042236328125 -0.00127220153808594 0.11767578125 -0.87908935546875
0.00806856155395508 0.00867319107055664 -0.6016845703125 -0.501953125
0.004058837890625 0.0110301971435547 -0.6123046875 0.1754150390625
0.0188961029052734 -0.00482749938964844 -0.234588623046875 0.408966064453125
0.0105276107788086 -0.0142307281494141 0.14202880859375 0.315521240234375
0.0113191604614258 -0.00474262237548828 0.316253662109375 0.0855712890625
0.0233936309814453 -0.0193500518798828 -0.30108642578125 -0.07977294921875
0.0195407867431641 -0.0149002075195313 -0.128936767578125 -0.30340576171875
0.0373611450195313 -0.0110435485839844 0.2392578125 -0.377655029296875
0.0240612030029297 0.0208816528320312 0.62567138671875 -0.10418701171875
-0.0244903564453125 0.0200309753417969 0.52252197265625 0.5537109375
-0.018707275390625 -0.0209064483642578 -0.06634521484375 0.8509521484375
0.00876235961914063 0.0158500671386719 -0.4312744140625 0.48260498046875
0.0294647216796875 0.0235919952392578 -0.0132865905761719 0.063873291015625
0.0198459625244141 0.0191059112548828 0.46612548828125 -0.42535400390625
0.0283679962158203 0.00587844848632812 0.10833740234375 -0.8800048828125
0.0120019912719727 0.0150661468505859 -0.6104736328125 -0.49554443359375
0.0092153549194336 0.0101938247680664 -0.60699462890625 0.17926025390625
0.0229911804199219 -0.0103321075439453 -0.229766845703125 0.40924072265625
0.0138168334960937 -0.0213871002197266 0.142486572265625 0.314208984375
0.011408805847168 -0.00580406188964844 0.3160400390625 0.083343505859375
0.0228424072265625 -0.00751304626464844 -0.307861328125 -0.092742919921875
0.00285148620605469 0.015528678894043 -0.14739990234375 -0.303375244140625
0.0196247100830078 0.0142555236816406 0.230133056640625 -0.387359619140625
-0.00615024566650391 0.00935268402099609 0.62384033203125 -0.13177490234375
-0.0514755249023437 -0.0190849304199219 0.5460205078125 0.532379150390625
-0.0156059265136719 -0.0679779052734375 -0.0249633789062499 0.8431396484375
0.0506019592285156 -0.0155220031738281 -0.4046630859375 0.483123779296875
0.08709716796875 0.0135650634765625 -0.000434875488281245 0.0575637817382813
0.06573486328125 -0.0117530822753906 0.49462890625 -0.43341064453125
0.035064697265625 -0.0439796447753906 0.154296875 -0.89984130859375
-0.0158271789550781 -0.0269374847412109 -0.5826416015625 -0.52813720703125
-0.0176849365234375 0.00457572937011719 -0.611572265625 0.1556396484375
0.00266075134277344 0.0107126235961914 -0.240936279296875 0.39483642578125
-0.00566005706787109 0.00987529754638672 0.12921142578125 0.307281494140625
0.0106868743896484 0.00383853912353516 0.305908203125 0.0621337890625
0.0224323272705078 -0.00699615478515625 -0.30511474609375 -0.08673095703125
0.00242424011230469 0.0182971954345703 -0.14727783203125 -0.301300048828125
0.0185184478759766 0.0150890350341797 0.222320556640625 -0.386993408203125
-0.00616741180419922 0.0114021301269531 0.61773681640625 -0.1334228515625
-0.0510902404785156 -0.0166816711425781 0.548370361328125 0.527130126953125
-0.0154151916503906 -0.0668754577636719 -0.0176391601562499 0.84649658203125
0.0504341125488281 -0.0145187377929687 -0.40985107421875 0.49261474609375
0.0849380493164063 0.015533447265625 -0.011505126953125 0.0622940063476563
0.0652275085449219 -0.00944137573242187 0.490966796875 -0.42364501953125
0.0375785827636719 -0.0428314208984375 0.16387939453125 -0.89605712890625
-0.0152931213378906 -0.0268268585205078 -0.57550048828125 -0.53582763671875
-0.0201492309570313 0.00398826599121094 -0.615234375 0.14984130859375
0.000624656677246092 0.012451171875 -0.248779296875 0.394775390625
-0.00618267059326172 0.0114736557006836 0.127685546875 0.309814453125
0.0117931365966797 0.00359249114990234 0.30682373046875 0.06719970703125
0.0239543914794922 -0.00860023498535156 -0.301300048828125 -0.08038330078125
0.00319099426269531 0.0163202285766602 -0.145599365234375 -0.299652099609375
0.0193386077880859 0.0155200958251953 0.221466064453125 -0.38531494140625
-0.00404167175292969 0.0128717422485352 0.61639404296875 -0.13043212890625
-0.0482826232910156 -0.013092041015625 0.54998779296875 0.529998779296875
-0.0139274597167969 -0.0609855651855469 -0.01898193359375 0.8514404296875
0.0458259582519531 -0.01068115234375 -0.415374755859375 0.498260498046875
0.0788345336914063 0.0178070068359375 -0.0212669372558594 0.0654411315917969
0.0612106323242188 -0.00511932373046875 0.4871826171875 -0.417877197265625
0.0384597778320313 -0.0373153686523438 0.1650390625 -0.89349365234375
-0.0121879577636719 -0.0230522155761719 -0.57769775390625 -0.536376953125
-0.0188980102539063 0.00645065307617187 -0.61895751953125 0.15185546875
0.00215435028076172 0.0128965377807617 -0.25213623046875 0.397918701171875
-0.00499629974365234 0.01031494140625 0.13037109375 0.311370849609375
0.0121431350708008 0.00214958190917969 0.308349609375 0.07293701171875
0.0242996215820313 -0.0105209350585938 -0.299896240234375 -0.076324462890625
0.00513648986816406 0.0117645263671875 -0.1412353515625 -0.298858642578125
0.0209369659423828 0.0118541717529297 0.22515869140625 -0.38214111328125
-0.000265121459960937 0.0150737762451172 0.6187744140625 -0.1221923828125
-0.0433769226074219 -0.00757217407226562 0.5455322265625 0.537261962890625
-0.0145225524902344 -0.0547561645507813 -0.0285034179687499 0.85809326171875
0.0399398803710938 -0.00509262084960938 -0.424560546875 0.499603271484375
0.0695724487304688 0.0194549560546875 -0.0243453979492187 0.0663948059082031
0.0547332763671875 -2.6702880859375E-05 0.480865478515625 -0.41925048828125
0.0374870300292969 -0.0297966003417969 0.15386962890625 -0.8896484375
-0.00790309906005859 -0.0163459777832031 -0.58343505859375 -0.52996826171875
-0.0152034759521484 0.00779533386230469 -0.6190185546875 0.15936279296875
0.0036773681640625 0.0100736618041992 -0.2506103515625 0.4022216796875
-0.00284814834594727 0.00723886489868164 0.132659912109375 0.31317138671875
0.0112686157226563 0.000585556030273438 0.311614990234375 0.0784912109375
0.0245494842529297 -0.0141754150390625 -0.29925537109375 -0.072479248046875
0.00762557983398438 0.00574350357055664 -0.136383056640625 -0.298126220703125
0.0244503021240234 0.00718116760253906 0.2264404296875 -0.38018798828125
0.00461006164550781 0.0169286727905273 0.62091064453125 -0.11761474609375
-0.0387039184570313 -0.000583648681640619 0.54071044921875 0.54388427734375
-0.0144271850585938 -0.0460853576660156 -0.03814697265625 0.86065673828125
0.0320224761962891 0.00143241882324219 -0.43048095703125 0.49755859375
0.0591049194335937 0.0213508605957031 -0.0273208618164063 0.0675506591796875
0.0459709167480469 0.00440597534179688 0.476165771484375 -0.417327880859375
0.0354423522949219 -0.0213432312011719 0.143310546875 -0.88873291015625
-0.00269985198974609 -0.00818490982055664 -0.59014892578125 -0.52081298828125
-0.0091104507446289 0.00984573364257813 -0.61968994140625 0.16546630859375
0.00844717025756836 0.00628280639648438 -0.246795654296875 0.404266357421875
0.00057142972946167 0.000909209251403809 0.1365966796875 0.314300537109375
0.0123043060302734 -0.00136947631835938 0.3145751953125 0.082122802734375
0.0249977111816406 -0.0157489776611328 -0.300262451171875 -0.0732421875
0.0115890502929687 -0.00118255615234375 -0.13482666015625 -0.300567626953125
0.0290641784667969 0.000152587890625 0.2296142578125 -0.3797607421875
0.0114555358886719 0.0182228088378906 0.62298583984375 -0.11279296875
-0.0339603424072266 0.00803947448730469 0.535675048828125 0.5491943359375
-0.0151100158691406 -0.0371894836425781 -0.0475463867187499 0.85736083984375
0.0239963531494141 0.00709915161132813 -0.43389892578125 0.495452880859375
0.0481224060058594 0.0219879150390625 -0.0261077880859375 0.0669136047363281
0.0369453430175781 0.010284423828125 0.47161865234375 -0.419097900390625
0.0331897735595703 -0.0110130310058594 0.1328125 -0.8843994140625
0.00345420837402344 0.000264406204223633 -0.59686279296875 -0.51287841796875
-0.00252437591552734 0.00963783264160156 -0.617431640625 0.1707763671875
0.0137367248535156 0.000521659851074219 -0.243560791015625 0.408843994140625
0.00529766082763672 -0.00668191909790039 0.140380859375 0.316680908203125
0.011897087097168 -0.00314617156982422 0.31793212890625 0.08428955078125
0.0244827270507813 -0.0179958343505859 -0.301513671875 -0.074432373046875
0.0144939422607422 -0.00807857513427734 -0.1324462890625 -0.302001953125
0.0332794189453125 -0.00621414184570313 0.23443603515625 -0.37847900390625
0.0177841186523438 0.0194072723388672 0.626953125 -0.110107421875
-0.0283203125 0.0149078369140625 0.530609130859375 0.553314208984375
-0.0169792175292969 -0.0273303985595703 -0.0586547851562499 0.857421875
0.0159387588500977 0.0118236541748047 -0.43609619140625 0.4920654296875
0.0379905700683594 0.022674560546875 -0.0215568542480469 0.0658683776855469
0.0280685424804688 0.0155124664306641 0.468902587890625 -0.42181396484375
0.0312404632568359 -0.00206375122070313 0.11981201171875 -0.884765625
0.00894737243652344 0.00841236114501953 -0.6048583984375 -0.5029296875
0.00406169891357422 0.0100784301757813 -0.61480712890625 0.1785888671875
0.0190334320068359 -0.00543022155761719 -0.23638916015625 0.410064697265625
0.00928974151611328 -0.0145730972290039 0.142974853515625 0.31732177734375
0.0115938186645508 -0.00450897216796875 0.319671630859375 0.084228515625
0.0239677429199219 -0.0196571350097656 -0.30303955078125 -0.078643798828125
0.0191879272460938 -0.0148582458496094 -0.130859375 -0.304595947265625
0.0376014709472656 -0.0116615295410156 0.240875244140625 -0.381317138671875
0.0236396789550781 0.020355224609375 0.62945556640625 -0.10711669921875
-0.0256328582763672 0.0208377838134766 0.526885986328125 0.557098388671875
-0.0193977355957031 -0.0212001800537109 -0.06744384765625 0.85601806640625
0.00938034057617188 0.0155773162841797 -0.43475341796875 0.48388671875
0.0298023223876953 0.0233116149902344 -0.0140113830566406 0.063323974609375
0.0205707550048828 0.0183315277099609 0.46929931640625 -0.426910400390625
0.0284767150878906 0.00574874877929688 0.1099853515625 -0.88458251953125
0.0120925903320313 0.0146903991699219 -0.6112060546875 -0.49810791015625
0.00948429107666015 0.0101079940795898 -0.61138916015625 0.179931640625
0.023284912109375 -0.0105838775634766 -0.231719970703125 0.4107666015625
0.0136146545410156 -0.0213489532470703 0.143951416015625 0.316070556640625
0.0118331909179688 -0.00596427917480469 0.3192138671875 0.082122802734375
0.0230598449707031 -0.00773048400878906 -0.31085205078125 -0.091949462890625
0.00177764892578125 0.0162754058837891 -0.148895263671875 -0.3057861328125
0.0190792083740234 0.0135688781738281 0.232269287109375 -0.3917236328125
-0.00596904754638672 0.010045051574707 0.62744140625 -0.1337890625
-0.0522956848144531 -0.0179405212402344 0.550140380859375 0.534393310546875
-0.0169792175292969 -0.0682907104492188 -0.02532958984375 0.8486328125
0.0510711669921875 -0.0160789489746094 -0.409576416015625 0.487518310546875
0.0888900756835938 0.0133514404296875 0.000461578369140627 0.0583534240722656
0.0650596618652344 -0.0119285583496094 0.495941162109375 -0.43536376953125
0.0351104736328125 -0.0460014343261719 0.1536865234375 -0.90411376953125
-0.0160789489746094 -0.0269966125488281 -0.58538818359375 -0.53155517578125
-0.0181827545166016 0.00415802001953125 -0.61285400390625 0.1578369140625
0.00250911712646484 0.0115289688110352 -0.2435302734375 0.39715576171875
-0.00523567199707031 0.00937747955322266 0.12982177734375 0.3084716796875
0.0110330581665039 0.00372219085693359 0.307159423828125 0.061767578125
0.0233078002929687 -0.00767135620117187 -0.306854248046875 -0.0850219726562501
0.00153732299804688 0.0192508697509766 -0.148162841796875 -0.3017578125
0.0180473327636719 0.0148849487304688 0.223297119140625 -0.389373779296875
-0.00622177124023437 0.0114831924438477 0.62274169921875 -0.1348876953125
-0.0515098571777344 -0.0177040100097656 0.55438232421875 0.5279541015625
-0.0156364440917969 -0.066925048828125 -0.01763916015625 0.8529052734375
0.0496559143066406 -0.0144004821777344 -0.411712646484375 0.494049072265625
0.0849227905273438 0.0150299072265625 -0.0136146545410156 0.0613555908203125
0.0660324096679687 -0.0103340148925781 0.493377685546875 -0.427581787109375
0.0381011962890625 -0.0426750183105469 0.16400146484375 -0.90228271484375
-0.0149326324462891 -0.0272254943847656 -0.58056640625 -0.53936767578125
-0.0195159912109375 0.00452041625976563 -0.62017822265625 0.15093994140625
0.000528335571289062 0.013270378112793 -0.24951171875 0.39739990234375
-0.00640964508056641 0.0111503601074219 0.130035400390625 0.31134033203125
0.0116405487060547 0.00369739532470703 0.3094482421875 0.0675048828125
0.0240287780761719 -0.00879859924316406 -0.3040771484375 -0.079559326171875
0.00216960906982422 0.0163984298706055 -0.147003173828125 -0.299835205078125
0.0192031860351563 0.0146865844726563 0.222259521484375 -0.388336181640625
-0.00501537322998047 0.0124959945678711 0.62060546875 -0.1337890625
-0.0495376586914063 -0.013458251953125 0.554534912109375 0.531707763671875
-0.0148124694824219 -0.0610923767089844 -0.01666259765625 0.8558349609375
0.0466194152832031 -0.00912857055664063 -0.4183349609375 0.501861572265625
0.0793304443359375 0.0165634155273438 -0.0216255187988281 0.0661735534667969
0.0613059997558594 -0.00577926635742187 0.489898681640625 -0.420501708984375
0.0379791259765625 -0.0371665954589844 0.16485595703125 -0.89874267578125
-0.0131607055664062 -0.0230617523193359 -0.5794677734375 -0.5394287109375
-0.0190849304199219 0.00605583190917968 -0.62200927734375 0.152587890625
0.000855445861816406 0.0119333267211914 -0.253021240234375 0.399078369140625
-0.00569725036621094 0.0112590789794922 0.130401611328125 0.313079833984375
0.0119819641113281 0.00255393981933594 0.310638427734375 0.072967529296875
0.0244579315185547 -0.0113449096679688 -0.303009033203125 -0.0752258300781251
0.00470733642578125 0.0119247436523438 -0.14300537109375 -0.30035400390625
0.0212993621826172 0.0130367279052734 0.224609375 -0.384796142578125
-0.00104427337646484 0.0144062042236328 0.62408447265625 -0.125732421875
-0.0443649291992188 -0.00675201416015626 0.549285888671875 0.537994384765625
-0.0140419006347656 -0.0547866821289063 -0.0303955078124999 0.8623046875
0.0407600402832031 -0.00482177734375 -0.42626953125 0.502716064453125
0.0694541931152344 0.0184822082519531 -0.0252304077148437 0.0677604675292969
0.0543098449707031 -0.000324249267578125 0.480682373046875 -0.419586181640625
0.0374488830566406 -0.0300674438476563 0.15423583984375 -0.895751953125
-0.00889110565185547 -0.0168313980102539 -0.58673095703125 -0.5321044921875
-0.0156354904174805 0.00775718688964844 -0.62158203125 0.159912109375
0.00427818298339844 0.00979232788085938 -0.25152587890625 0.40460205078125
-0.00283908843994141 0.006988525390625 0.1348876953125 0.315185546875
0.0125102996826172 0.00141716003417969 0.31243896484375 0.078521728515625
0.0238990783691406 -0.0148239135742188 -0.30157470703125 -0.0712280273437501
0.00760650634765625 0.00548219680786133 -0.138092041015625 -0.30029296875
0.0251903533935547 0.00685882568359375 0.22808837890625 -0.382537841796875
0.00500583648681641 0.0168476104736328 0.624267578125 -0.11865234375
-0.0397872924804688 -1.52587890625034E-05 0.54498291015625 0.546478271484375
-0.0140914916992188 -0.0457077026367188 -0.0395507812500001 0.865966796875
0.0326328277587891 0.00147247314453125 -0.4344482421875 0.50286865234375
0.0584487915039063 0.02069091796875 -0.0276374816894531 0.068115234375
0.0459403991699219 0.0045166015625 0.477996826171875 -0.41973876953125
0.0357551574707031 -0.021759033203125 0.1427001953125 -0.8936767578125
-0.00359487533569336 -0.00820016860961914 -0.59295654296875 -0.5234375
-0.00900363922119141 0.00955486297607422 -0.623046875 0.16534423828125
0.0076751708984375 0.00609779357910156 -0.248260498046875 0.40667724609375
-0.0001106858253479 0.000764429569244385 0.139678955078125 0.317626953125
0.012934684753418 2.6702880859375E-05 0.316497802734375 0.082183837890625
0.0239772796630859 -0.0162277221679688 -0.30206298828125 -0.07275390625
0.0103940963745117 -0.000774383544921875 -0.137176513671875 -0.301422119140625
0.0285453796386719 -0.000751495361328125 0.230987548828125 -0.382843017578125
0.0112695693969727 0.0171852111816406 0.62750244140625 -0.11492919921875
-0.0334587097167969 0.00812721252441407 0.539398193359375 0.55120849609375
-0.0154953002929688 -0.0368270874023438 -0.0504760742187499 0.86541748046875
0.0241909027099609 0.00718498229980469 -0.438568115234375 0.4998779296875
0.0485992431640625 0.0218276977539063 -0.0267219543457031 0.06817626953125
0.0362319946289063 0.00907135009765625 0.47418212890625 -0.422149658203125
0.0340137481689453 -0.010772705078125 0.13262939453125 -0.88861083984375
0.00264978408813477 0.000136375427246094 -0.60107421875 -0.5155029296875
-0.00252151489257813 0.0105981826782227 -0.620361328125 0.171875
0.0128993988037109 0.00107288360595703 -0.244232177734375 0.410980224609375
0.00557565689086914 -0.00641918182373047 0.141632080078125 0.317626953125
0.011566162109375 -0.00295352935791016 0.318817138671875 0.0841064453125
0.0232372283935547 -0.0182647705078125 -0.303985595703125 -0.074066162109375
0.0147781372070313 -0.00876140594482422 -0.134368896484375 -0.302398681640625
0.0327434539794922 -0.00718116760253906 0.23443603515625 -0.381927490234375
0.018341064453125 0.0197982788085937 0.6312255859375 -0.111572265625
-0.0287857055664063 0.0156593322753906 0.535400390625 0.55548095703125
-0.0173416137695313 -0.0277881622314453 -0.0595703125 0.86212158203125
0.0147218704223633 0.0121488571166992 -0.439727783203125 0.494232177734375
0.0377731323242187 0.0220794677734375 -0.0216560363769531 0.0675621032714844
0.0280513763427734 0.0153102874755859 0.47137451171875 -0.423370361328125
0.0314998626708984 -0.00226211547851563 0.12042236328125 -0.88934326171875
0.00815534591674805 0.00830841064453125 -0.60772705078125 -0.50555419921875
0.00339984893798828 0.0101423263549805 -0.618408203125 0.17803955078125
0.0183753967285156 -0.00507545471191406 -0.23895263671875 0.4124755859375
0.00877094268798828 -0.0151271820068359 0.14617919921875 0.318695068359375
0.0123844146728516 -0.00537300109863281 0.320709228515625 0.08441162109375
0.0235481262207031 -0.0194873809814453 -0.30682373046875 -0.0797119140625
0.0182361602783203 -0.0147113800048828 -0.1329345703125 -0.305328369140625
0.0375709533691406 -0.0126113891601563 0.241058349609375 -0.384002685546875
0.0239677429199219 0.0193824768066406 0.63385009765625 -0.10736083984375
-0.0258121490478516 0.0213737487792969 0.5294189453125 0.55902099609375
-0.0189037322998047 -0.0201873779296875 -0.0673217773437501 0.86181640625
0.00852394104003906 0.0154056549072266 -0.43792724609375 0.488128662109375
0.0306739807128906 0.0224151611328125 -0.0147209167480469 0.0651092529296875
0.0198440551757813 0.0179195404052734 0.471405029296875 -0.428985595703125
0.0279808044433594 0.00568008422851563 0.1083984375 -0.88983154296875
0.0119123458862305 0.014622688293457 -0.61328125 -0.5010986328125
0.010127067565918 0.00990104675292969 -0.61297607421875 0.1815185546875
0.0227413177490234 -0.009124755859375 -0.23162841796875 0.412322998046875
0.0130958557128906 -0.021636962890625 0.146026611328125 0.317596435546875
0.011845588684082 -0.00672149658203125 0.321441650390625 0.08184814453125
0.0214023590087891 -0.007080078125 -0.31402587890625 -0.0909423828124999
0.00222015380859375 0.0178203582763672 -0.152374267578125 -0.30517578125
0.019317626953125 0.0127449035644531 0.232574462890625 -0.395263671875
-0.00624275207519531 0.00890350341796875 0.63214111328125 -0.13751220703125
-0.0523948669433594 -0.0177421569824219 0.5557861328125 0.537567138671875
-0.0161666870117187 -0.06829833984375 -0.0226440429687499 0.8565673828125
0.0516815185546875 -0.0159835815429687 -0.4110107421875 0.491485595703125
0.0884246826171875 0.0120620727539063 -0.000534057617187495 0.0596199035644531
0.0660743713378906 -0.0122947692871094 0.498687744140625 -0.439697265625
0.035491943359375 -0.0447540283203125 0.15234375 -0.91162109375
-0.0161666870117187 -0.0271224975585938 -0.59173583984375 -0.53375244140625
-0.0190982818603516 0.00401878356933593 -0.61895751953125 0.16094970703125
0.00269031524658203 0.0123357772827148 -0.243011474609375 0.399749755859375
-0.00644397735595703 0.00944042205810547 0.133544921875 0.312103271484375
0.0118770599365234 0.00379753112792969 0.311065673828125 0.06072998046875
0.0221900939941406 -0.00885772705078125 -0.311309814453125 -0.085693359375
0.00103759765625 0.018829345703125 -0.15277099609375 -0.30242919921875
0.0188522338867188 0.0148029327392578 0.22528076171875 -0.39404296875
-0.00690937042236328 0.00942325592041016 0.62542724609375 -0.1390380859375
-0.0524330139160156 -0.0169258117675781 0.560028076171875 0.529632568359375
-0.0153694152832031 -0.0670089721679688 -0.0147094726562501 0.85650634765625
0.0504989624023438 -0.0149421691894531 -0.41522216796875 0.500640869140625
0.0856781005859375 0.0140228271484375 -0.0131721496582031 0.0634841918945313
0.0673713684082031 -0.0106315612792969 0.49639892578125 -0.4296875
0.0364913940429688 -0.0436210632324219 0.1622314453125 -0.90667724609375
-0.0151252746582031 -0.0272274017333984 -0.58355712890625 -0.53997802734375
-0.0201740264892578 0.00399017333984375 -0.622802734375 0.1553955078125
0.000667572021484374 0.0129690170288086 -0.25213623046875 0.3995361328125
-0.00761985778808594 0.0123825073242188 0.1317138671875 0.31427001953125
0.0125312805175781 0.00394248962402344 0.312744140625 0.066192626953125
0.0238780975341797 -0.00904273986816406 -0.306610107421875 -0.0789489746093749
0.00217533111572266 0.0165424346923828 -0.14874267578125 -0.301361083984375
0.0190372467041016 0.0147514343261719 0.2237548828125 -0.391021728515625
-0.00493335723876953 0.0118093490600586 0.62420654296875 -0.1370849609375
-0.0478286743164063 -0.0124778747558594 0.56097412109375 0.5340576171875
-0.0146942138671875 -0.0621261596679688 -0.016845703125 0.8641357421875
0.0469398498535156 -0.0105361938476563 -0.42059326171875 0.506439208984375
0.0805740356445313 0.0174713134765625 -0.0228958129882812 0.0666465759277344
0.0621337890625 -0.0054931640625 0.490570068359375 -0.424468994140625
0.0374031066894531 -0.0390739440917969 0.16314697265625 -0.90478515625
-0.0123786926269531 -0.0240249633789062 -0.584716796875 -0.54266357421875
-0.0189971923828125 0.00499343872070312 -0.62701416015625 0.1552734375
0.000815391540527343 0.0131244659423828 -0.2557373046875 0.403106689453125
-0.00766277313232422 0.0107011795043945 0.134033203125 0.31463623046875
0.0129213333129883 0.00332260131835938 0.3135986328125 0.072052001953125
0.0238723754882813 -0.0112209320068359 -0.306182861328125 -0.0742187499999999
0.00385856628417969 0.0124282836914063 -0.145751953125 -0.300689697265625
0.0210170745849609 0.0113029479980469 0.225189208984375 -0.387725830078125
-0.00143241882324219 0.0144844055175781 0.62689208984375 -0.12969970703125
-0.0439949035644531 -0.00759124755859375 0.5556640625 0.5418701171875
-0.0141410827636719 -0.0542869567871094 -0.0277709960937501 0.8690185546875
0.0406646728515625 -0.00506973266601563 -0.42974853515625 0.505889892578125
0.0704727172851563 0.0179519653320313 -0.0265922546386719 0.0670166015625
0.0545082092285156 -0.00060272216796875 0.48614501953125 -0.424468994140625
0.0385475158691406 -0.0306968688964844 0.151611328125 -0.902099609375
-0.00858688354492187 -0.0166950225830078 -0.5921630859375 -0.534423828125
-0.0147581100463867 0.00755977630615235 -0.62615966796875 0.16259765625
0.00329875946044922 0.0101137161254883 -0.253570556640625 0.40667724609375
-0.0034947395324707 0.0069584846496582 0.137725830078125 0.316986083984375
0.0124673843383789 0.000628471374511719 0.316162109375 0.076904296875
0.0236606597900391 -0.0140285491943359 -0.304534912109375 -0.0714111328125
0.0068049430847168 0.0070042610168457 -0.141998291015625 -0.30145263671875
0.0231781005859375 0.00613975524902344 0.22894287109375 -0.38623046875
0.00506305694580078 0.015934944152832 0.6292724609375 -0.1220703125
-0.0396575927734375 0.000236511230468755 0.5513916015625 0.548309326171875
-0.0139579772949219 -0.0450477600097656 -0.04046630859375 0.8714599609375
0.0334529876708984 0.00126075744628906 -0.43743896484375 0.506988525390625
0.0594406127929688 0.0193901062011719 -0.0285072326660156 0.068878173828125
0.0468177795410156 0.00382232666015625 0.480194091796875 -0.423736572265625
0.0356292724609375 -0.0215225219726563 0.14141845703125 -0.8992919921875
-0.0023183822631836 -0.00859403610229492 -0.5975341796875 -0.5269775390625
-0.00846099853515625 0.00858592987060547 -0.62725830078125 0.16912841796875
0.00743579864501953 0.00659704208374023 -0.249725341796875 0.410736083984375
0.000127613544464111 0.000418722629547119 0.141754150390625 0.318511962890625
0.0125226974487305 -0.000688552856445313 0.319976806640625 0.079742431640625
0.023773193359375 -0.0167560577392578 -0.30645751953125 -0.070953369140625
0.0104074478149414 -0.00137996673583984 -0.1380615234375 -0.3026123046875
0.0277423858642578 -0.000322341918945313 0.23016357421875 -0.386688232421875
0.0112771987915039 0.0170669555664063 0.6314697265625 -0.1192626953125
-0.0331993103027344 0.0077800750732422 0.54669189453125 0.5545654296875
-0.0157814025878906 -0.0361862182617188 -0.0496215820312499 0.87139892578125
0.0244102478027344 0.00648117065429688 -0.440704345703125 0.503753662109375
0.0487709045410156 0.0206336975097656 -0.0274009704589844 0.0684928894042969
0.0372314453125 0.00925064086914063 0.476898193359375 -0.4232177734375
0.0337734222412109 -0.0120964050292969 0.13177490234375 -0.89678955078125
0.00331950187683106 -6.12735748291016E-05 -0.60443115234375 -0.519775390625
-0.00202655792236328 0.00978946685791016 -0.62567138671875 0.173828125
0.0130119323730469 0.000820159912109375 -0.244781494140625 0.414154052734375
0.0045933723449707 -0.00587797164916992 0.14459228515625 0.32061767578125
0.0130109786987305 -0.00355815887451172 0.323333740234375 0.082611083984375
0.0235500335693359 -0.0185108184814453 -0.306732177734375 -0.072418212890625
0.0147819519042969 -0.00838947296142578 -0.136566162109375 -0.304412841796875
0.0333614349365234 -0.00751495361328125 0.236785888671875 -0.38800048828125
0.0172920227050781 0.0189113616943359 0.63385009765625 -0.1143798828125
-0.0299530029296875 0.0166091918945313 0.540435791015625 0.559173583984375
-0.0177497863769531 -0.0265159606933594 -0.0567626953124999 0.87115478515625
0.0174007415771484 0.0122394561767578 -0.441680908203125 0.499359130859375
0.0392990112304688 0.0219688415527344 -0.0238189697265625 0.0676994323730469
0.0279064178466797 0.0140571594238281 0.474945068359375 -0.42724609375
0.0305614471435547 -0.0025634765625 0.11846923828125 -0.89605712890625
0.00868368148803711 0.00852823257446289 -0.612060546875 -0.509765625
0.00396728515625 0.0101804733276367 -0.6224365234375 0.18048095703125
0.0180721282958984 -0.00561904907226563 -0.239654541015625 0.416717529296875
0.0097808837890625 -0.0136566162109375 0.14776611328125 0.3206787109375
0.0125713348388672 -0.00432014465332031 0.324005126953125 0.0828857421875
0.0228786468505859 -0.0199794769287109 -0.30975341796875 -0.0770263671875
0.0180130004882813 -0.0142555236816406 -0.13623046875 -0.30657958984375
0.0373954772949219 -0.0134239196777344 0.2430419921875 -0.387298583984375
0.024169921875 0.0189113616943359 0.63861083984375 -0.111572265625
-0.0265769958496094 0.0213680267333984 0.53619384765625 0.56292724609375
-0.0205917358398438 -0.0194549560546875 -0.0663452148437501 0.86517333984375
0.00909709930419922 0.0161895751953125 -0.440399169921875 0.492584228515625
0.0305976867675781 0.0223655700683594 -0.0151824951171875 0.0657882690429688
0.0205764770507813 0.0179710388183594 0.472686767578125 -0.43243408203125
0.0282783508300781 0.00381088256835938 0.10687255859375 -0.8970947265625
0.0116004943847656 0.0136747360229492 -0.61968994140625 -0.50372314453125
0.00976657867431641 0.0100002288818359 -0.61859130859375 0.1834716796875
0.0229949951171875 -0.0111618041992188 -0.23272705078125 0.4171142578125
0.0128421783447266 -0.0213642120361328 0.147369384765625 0.32012939453125
0.0127477645874023 -0.00595760345458984 0.32354736328125 0.08135986328125
0.0219993591308594 -0.00709724426269531 -0.31719970703125 -0.088958740234375
0.00178909301757812 0.0177288055419922 -0.154815673828125 -0.30682373046875
0.0192127227783203 0.0122547149658203 0.23309326171875 -0.399017333984375
-0.00806474685668945 0.00850629806518555 0.63763427734375 -0.140869140625
-0.0534744262695312 -0.0180320739746094 0.56439208984375 0.53839111328125
-0.0166893005371094 -0.0677337646484375 -0.0197753906250001 0.86187744140625
0.05126953125 -0.0161018371582031 -0.41192626953125 0.49871826171875
0.0893020629882813 0.0106735229492188 -0.0011749267578125 0.0605392456054688
0.0666122436523438 -0.0136451721191406 0.501129150390625 -0.444061279296875
0.0347404479980469 -0.0452880859375 0.14874267578125 -0.91845703125
-0.0162734985351563 -0.02679443359375 -0.5970458984375 -0.53485107421875
-0.0185756683349609 0.00362586975097656 -0.62310791015625 0.16375732421875
0.00188922882080078 0.0113496780395508 -0.24493408203125 0.404693603515625
-0.00716972351074219 0.010594367980957 0.136322021484375 0.31304931640625
0.0124568939208984 0.003509521484375 0.31365966796875 0.0582275390625
0.022613525390625 -0.00749015808105469 -0.31378173828125 -0.0831298828125001
0.000469207763671874 0.0188217163085938 -0.155364990234375 -0.304595947265625
0.0182914733886719 0.0150356292724609 0.225189208984375 -0.397613525390625
-0.00748920440673828 0.0104904174804688 0.631103515625 -0.14373779296875
-0.0525131225585937 -0.0161857604980469 0.568603515625 0.53167724609375
-0.0153312683105469 -0.0660552978515625 -0.0119628906249999 0.86639404296875
0.0522804260253906 -0.0147438049316406 -0.41607666015625 0.50604248046875
0.0872650146484375 0.0125503540039063 -0.0135574340820312 0.0648841857910156
0.0677528381347656 -0.0112991333007812 0.4976806640625 -0.434112548828125
0.0371513366699219 -0.04473876953125 0.15899658203125 -0.91473388671875
-0.0156993865966797 -0.0271034240722656 -0.59027099609375 -0.54345703125
-0.0198612213134766 0.00452423095703125 -0.6275634765625 0.15863037109375
-0.000102043151855469 0.0130071640014648 -0.25146484375 0.404754638671875
-0.00718402862548828 0.0123472213745117 0.13507080078125 0.315216064453125
0.0123023986816406 0.00340366363525391 0.31524658203125 0.0640869140625
0.0230426788330078 -0.00948333740234375 -0.31085205078125 -0.076324462890625
0.00159263610839844 0.01806640625 -0.15301513671875 -0.302764892578125
0.0189266204833984 0.0140914916992187 0.223236083984375 -0.396636962890625
-0.00520992279052734 0.0113697052001953 0.62939453125 -0.14129638671875
-0.050384521484375 -0.0120964050292969 0.5692138671875 0.53564453125
-0.0160675048828125 -0.0614738464355469 -0.01220703125 0.8714599609375
0.0472564697265625 -0.0106124877929688 -0.42181396484375 0.511566162109375
0.0810165405273438 0.01544189453125 -0.0227241516113281 0.0672531127929688
0.0628395080566406 -0.006134033203125 0.49334716796875 -0.42877197265625
0.0381240844726562 -0.0395736694335937 0.16192626953125 -0.9122314453125
-0.0131645202636719 -0.0241889953613281 -0.58953857421875 -0.5460205078125
-0.019256591796875 0.00568008422851563 -0.63006591796875 0.16033935546875
0.00034332275390625 0.0122880935668945 -0.25531005859375 0.40606689453125
-0.00714588165283203 0.0116405487060547 0.13714599609375 0.3173828125
0.0134248733520508 0.00262546539306641 0.31719970703125 0.070770263671875
0.0235061645507812 -0.0116920471191406 -0.3092041015625 -0.073028564453125
0.00366878509521484 0.0133943557739258 -0.149261474609375 -0.301605224609375
0.0200958251953125 0.0105438232421875 0.225189208984375 -0.39251708984375
-0.00168228149414063 0.0132732391357422 0.6329345703125 -0.1337890625
-0.0451622009277344 -0.00606536865234375 0.56414794921875 0.54205322265625
-0.0147628784179687 -0.0542526245117187 -0.02435302734375 0.87506103515625
0.0411605834960938 -0.00488662719726563 -0.430633544921875 0.514068603515625
0.0708465576171875 0.0174636840820313 -0.0267791748046875 0.0687294006347656
0.05487060546875 -0.00209808349609375 0.48748779296875 -0.4295654296875
0.0374908447265625 -0.0324668884277344 0.14874267578125 -0.91015625
-0.00834274291992188 -0.0164794921875 -0.59967041015625 -0.53631591796875
-0.0145425796508789 0.0072784423828125 -0.6304931640625 0.1669921875
0.00321102142333984 0.00974845886230469 -0.253387451171875 0.41107177734375
-0.00413656234741211 0.00735664367675781 0.140960693359375 0.318817138671875
0.0134744644165039 0.000841140747070312 0.3197021484375 0.076446533203125
0.0235424041748047 -0.0146522521972656 -0.308868408203125 -0.07012939453125
0.00589418411254883 0.00681018829345703 -0.144561767578125 -0.301605224609375
0.0236949920654297 0.00506210327148438 0.227935791015625 -0.3912353515625
0.00415325164794922 0.0152587890625 0.63409423828125 -0.1258544921875
-0.0397109985351563 0.00103759765624999 0.557464599609375 0.549285888671875
-0.0158729553222656 -0.0461196899414062 -0.0361938476562501 0.8782958984375
0.0338668823242188 0.00131988525390625 -0.436920166015625 0.512969970703125
0.0602264404296875 0.0191497802734375 -0.0292434692382812 0.0699844360351563
0.0474929809570313 0.00365829467773438 0.481964111328125 -0.4305419921875
0.0354957580566406 -0.0219306945800781 0.14111328125 -0.90789794921875
-0.00291061401367188 -0.00883674621582031 -0.60321044921875 -0.52728271484375
-0.00885391235351563 0.00870323181152344 -0.6300048828125 0.17462158203125
0.00739336013793945 0.00593185424804687 -0.2513427734375 0.415496826171875
0.000564098358154297 0.00160205364227295 0.144378662109375 0.3203125
0.0136165618896484 -0.000761985778808594 0.322509765625 0.079132080078125
0.0230064392089844 -0.0168857574462891 -0.30908203125 -0.0697631835937499
0.00946807861328125 -0.000853538513183594 -0.142059326171875 -0.303466796875
0.0275535583496094 -0.001617431640625 0.232513427734375 -0.390655517578125
0.0120077133178711 0.0175495147705078 0.636962890625 -0.1219482421875
-0.0345993041992188 0.00890159606933593 0.552154541015625 0.5550537109375
-0.0168380737304688 -0.0355567932128906 -0.043701171875 0.87884521484375
0.0247631072998047 0.00692176818847656 -0.4415283203125 0.5091552734375
0.0486373901367188 0.0205039978027344 -0.028839111328125 0.0699310302734375
0.0375938415527344 0.00920867919921875 0.477142333984375 -0.42950439453125
0.0337448120117188 -0.0122947692871094 0.12811279296875 -0.90435791015625
0.00256562232971191 0.00059819221496582 -0.61187744140625 -0.518798828125
-0.001617431640625 0.0100994110107422 -0.62957763671875 0.179931640625
0.0122795104980469 0.000622749328613281 -0.24542236328125 0.4173583984375
0.00433063507080078 -0.00597333908081055 0.148590087890625 0.321990966796875
0.0138921737670898 -0.00276374816894531 0.325531005859375 0.08148193359375
0.0237102508544922 -0.0192356109619141 -0.310699462890625 -0.07110595703125
0.0138406753540039 -0.00828933715820313 -0.139312744140625 -0.3057861328125
0.0324039459228516 -0.00814056396484375 0.236480712890625 -0.390960693359375
0.0182304382324219 0.0181674957275391 0.63922119140625 -0.11883544921875
-0.0297470092773437 0.0159034729003906 0.547943115234375 0.5609130859375
-0.0187740325927734 -0.0265235900878906 -0.0552978515624999 0.87506103515625
0.0162286758422852 0.0126409530639648 -0.4439697265625 0.504913330078125
0.0385665893554688 0.0211639404296875 -0.023345947265625 0.0687255859375
0.0289173126220703 0.0133590698242187 0.47625732421875 -0.43212890625
0.0309238433837891 -0.00378227233886719 0.11767578125 -0.90338134765625
0.00845909118652344 0.00852394104003906 -0.61883544921875 -0.50982666015625
0.00501537322998047 0.0103397369384766 -0.6268310546875 0.184814453125
0.0178794860839844 -0.00505638122558594 -0.238739013671875 0.42071533203125
0.00863456726074219 -0.0145807266235352 0.1512451171875 0.322784423828125
0.0129013061523437 -0.00490856170654297 0.327911376953125 0.08203125
0.022613525390625 -0.0195560455322266 -0.312225341796875 -0.0754089355468751
0.0170230865478516 -0.0150222778320313 -0.13787841796875 -0.30755615234375
0.0366935729980469 -0.0143508911132813 0.2418212890625 -0.39190673828125
0.0230388641357422 0.0185375213623047 0.64453125 -0.11669921875
-0.0266361236572266 0.0218391418457031 0.5435791015625 0.5654296875
-0.0204353332519531 -0.0192375183105469 -0.0635986328125 0.8739013671875
0.00850677490234375 0.0162277221679687 -0.442840576171875 0.49908447265625
0.0307064056396484 0.0219612121582031 -0.0159263610839844 0.0663528442382813
0.0210895538330078 0.0172328948974609 0.475738525390625 -0.437652587890625
0.0282039642333984 0.003814697265625 0.10577392578125 -0.90252685546875
0.0120058059692383 0.0142097473144531 -0.6253662109375 -0.50360107421875
0.010711669921875 0.00954437255859375 -0.622314453125 0.18768310546875
0.0221061706542969 -0.0116043090820313 -0.233001708984375 0.42059326171875
0.0119132995605469 -0.0215187072753906 0.152252197265625 0.32196044921875
0.0128612518310547 -0.00615310668945313 0.327423095703125 0.079376220703125
0.0222454071044922 -0.00717353820800781 -0.321258544921875 -0.0877380371093749
0.00105094909667969 0.017608642578125 -0.159637451171875 -0.307159423828125
0.019805908203125 0.0108509063720703 0.231689453125 -0.405120849609375
-0.00726842880249024 0.00841712951660156 0.6416015625 -0.1474609375
-0.0538215637207031 -0.0161514282226563 0.572021484375 0.537841796875
-0.0179519653320312 -0.0675239562988281 -0.01654052734375 0.87115478515625
0.0527572631835938 -0.0170822143554688 -0.41204833984375 0.504638671875
0.0889739990234375 0.010894775390625 -0.00145721435546874 0.0611572265625
0.0660514831542969 -0.0143394470214844 0.50262451171875 -0.450531005859375
0.035064697265625 -0.0472755432128906 0.14520263671875 -0.9281005859375
-0.0161170959472656 -0.0284137725830078 -0.60491943359375 -0.53662109375
-0.0192089080810547 0.0040740966796875 -0.62677001953125 0.167724609375
0.00120258331298828 0.0111160278320313 -0.2445068359375 0.408935546875
-0.00646209716796875 0.0107145309448242 0.141571044921875 0.31512451171875
0.0133781433105469 0.00343036651611328 0.3173828125 0.057708740234375
0.0229949951171875 -0.007354736328125 -0.319061279296875 -0.08099365234375
0.000572204589843748 0.0201339721679688 -0.159637451171875 -0.305389404296875
0.01824951171875 0.0142993927001953 0.224212646484375 -0.40277099609375
-0.00829696655273438 0.00925731658935547 0.63653564453125 -0.14984130859375
-0.0528793334960938 -0.0155067443847656 0.5750732421875 0.531494140625
-0.0168342590332031 -0.0662651062011719 -0.00738525390624999 0.87139892578125
0.0515480041503906 -0.0157966613769531 -0.417205810546875 0.513763427734375
0.0876693725585938 0.012054443359375 -0.0136451721191406 0.0661544799804688
0.0672187805175781 -0.0129508972167969 0.499481201171875 -0.44036865234375
0.0370712280273438 -0.0448341369628906 0.15606689453125 -0.92340087890625
-0.0156421661376953 -0.0278301239013672 -0.5970458984375 -0.544189453125
-0.0201416015625 0.00424003601074219 -0.6318359375 0.1624755859375
0.000603675842285157 0.0130481719970703 -0.25140380859375 0.409393310546875
-0.00766563415527344 0.0132026672363281 0.138916015625 0.31744384765625
0.0133790969848633 0.00341415405273438 0.31884765625 0.06243896484375
0.0233993530273438 -0.00926399230957031 -0.31475830078125 -0.0753479003906249
0.00119781494140625 0.0182476043701172 -0.157135009765625 -0.302978515625
0.0173721313476563 0.0136795043945313 0.222869873046875 -0.40069580078125
-0.00621891021728516 0.0112428665161133 0.6326904296875 -0.14666748046875
-0.0506057739257813 -0.0110664367675781 0.57696533203125 0.53662109375
-0.0160865783691406 -0.0618743896484375 -0.00793457031249996 0.877685546875
0.0471534729003906 -0.0112113952636719 -0.423614501953125 0.519927978515625
0.0811996459960938 0.0147857666015625 -0.0231704711914063 0.0688438415527344
0.0632171630859375 -0.00734710693359375 0.495574951171875 -0.434783935546875
0.0376358032226563 -0.0405082702636719 0.15679931640625 -0.9207763671875
-0.0127582550048828 -0.0238132476806641 -0.59814453125 -0.54534912109375
-0.01910400390625 0.0052642822265625 -0.6358642578125 0.16375732421875
0.000391960144042969 0.0131216049194336 -0.2542724609375 0.41168212890625
-0.00658893585205078 0.0116395950317383 0.14068603515625 0.318389892578125
0.0137395858764648 0.00188159942626953 0.320465087890625 0.068634033203125
0.023284912109375 -0.0116806030273437 -0.31268310546875 -0.07080078125
0.00260257720947266 0.0132980346679688 -0.152740478515625 -0.302825927734375
0.0204639434814453 0.0100917816162109 0.22515869140625 -0.396881103515625
-0.00124645233154297 0.0133743286132812 0.6370849609375 -0.1397705078125
-0.0451698303222656 -0.00611495971679688 0.57073974609375 0.54339599609375
-0.0167655944824219 -0.0544281005859375 -0.0208129882812501 0.883544921875
0.0408821105957031 -0.00500869750976563 -0.431915283203125 0.5196533203125
0.072021484375 0.0167312622070313 -0.0270156860351562 0.0689163208007813
0.0559654235839844 -0.00226593017578125 0.488555908203125 -0.43548583984375
0.0367813110351563 -0.0324668884277344 0.14581298828125 -0.9173583984375
-0.00875473022460938 -0.0176105499267578 -0.60626220703125 -0.53607177734375
-0.014735221862793 0.00720500946044922 -0.63421630859375 0.17230224609375
0.00281143188476563 0.00929737091064453 -0.25225830078125 0.41534423828125
-0.00466346740722656 0.00722455978393555 0.144500732421875 0.321319580078125
0.0136842727661133 0.00069427490234375 0.322845458984375 0.073272705078125
0.0235786437988281 -0.0142955780029297 -0.3116455078125 -0.067535400390625
0.00559186935424805 0.0063929557800293 -0.147796630859375 -0.303192138671875
0.0237350463867188 0.00409698486328125 0.22833251953125 -0.396087646484375
0.00434780120849609 0.01519775390625 0.63916015625 -0.13201904296875
-0.0405616760253906 0.00221252441406251 0.566650390625 0.55169677734375
-0.015838623046875 -0.0447845458984375 -0.0302734375 0.88543701171875
0.0340728759765625 0.000612258911132812 -0.438751220703125 0.52056884765625
0.0602455139160156 0.0185661315917969 -0.0298690795898437 0.0710983276367187
0.0477218627929688 0.002685546875 0.483917236328125 -0.434600830078125
0.0352249145507813 -0.0231132507324219 0.13751220703125 -0.91583251953125
-0.00254249572753906 -0.00948905944824219 -0.61199951171875 -0.5306396484375
-0.00873041152954102 0.00872468948364258 -0.6346435546875 0.1788330078125
0.00677824020385742 0.00596380233764649 -0.250579833984375 0.418853759765625
-0.000636577606201172 0.00141596794128418 0.148773193359375 0.32183837890625
0.0135965347290039 -0.00108718872070313 0.32568359375 0.076812744140625
0.0235614776611328 -0.0170879364013672 -0.313079833984375 -0.0672302246093749
0.00907516479492187 -0.0005340576171875 -0.145660400390625 -0.30523681640625
0.0276012420654297 -0.00206375122070313 0.230712890625 -0.395904541015625
0.0118007659912109 0.0169582366943359 0.6412353515625 -0.1287841796875
-0.0345783233642578 0.0103111267089844 0.5621337890625 0.5550537109375
-0.0166244506835937 -0.0354766845703125 -0.0423583984374999 0.88568115234375
0.0255451202392578 0.00628662109375 -0.444366455078125 0.51593017578125
0.0497894287109375 0.0190086364746094 -0.0284652709960937 0.0709304809570313
0.0376205444335938 0.00836944580078125 0.479644775390625 -0.4332275390625
0.0337638854980469 -0.0131874084472656 0.12554931640625 -0.9124755859375
0.00343060493469238 0.000194072723388672 -0.61920166015625 -0.5208740234375
-0.00187301635742188 0.00957679748535156 -0.63482666015625 0.18359375
0.0120944976806641 0.000522613525390625 -0.247161865234375 0.4222412109375
0.00370073318481445 -0.00597763061523438 0.15185546875 0.324493408203125
0.0140628814697266 -0.00407123565673828 0.32940673828125 0.079925537109375
0.0233249664306641 -0.0183601379394531 -0.314727783203125 -0.0696105957031251
0.0134725570678711 -0.00827598571777344 -0.142791748046875 -0.306304931640625
0.031951904296875 -0.00942611694335938 0.2374267578125 -0.395477294921875
0.0174169540405273 0.0174055099487305 0.64483642578125 -0.12542724609375
-0.0292148590087891 0.0174007415771484 0.55548095703125 0.56109619140625
-0.0188579559326172 -0.0261516571044922 -0.0513916015624999 0.8846435546875
0.0167999267578125 0.0120086669921875 -0.445343017578125 0.51312255859375
0.0391883850097656 0.0202445983886719 -0.0236396789550781 0.0699043273925781
0.0287647247314453 0.013153076171875 0.47833251953125 -0.437408447265625
0.0307426452636719 -0.00358200073242188 0.115234375 -0.912109375
0.00864028930664063 0.00787925720214844 -0.6258544921875 -0.5115966796875
0.00532054901123047 0.00970458984375 -0.631103515625 0.18994140625
0.0178489685058594 -0.00552177429199219 -0.24005126953125 0.425079345703125
0.00819683074951172 -0.0143756866455078 0.15545654296875 0.324310302734375
0.0142898559570313 -0.005645751953125 0.331878662109375 0.079742431640625
0.0219631195068359 -0.0196285247802734 -0.316436767578125 -0.074066162109375
0.0177230834960938 -0.0149745941162109 -0.142486572265625 -0.309234619140625
0.03717041015625 -0.0139083862304688 0.2427978515625 -0.3968505859375
0.0237274169921875 0.0181827545166016 0.64776611328125 -0.12176513671875
-0.0262985229492187 0.0234889984130859 0.55096435546875 0.565185546875
-0.0206317901611328 -0.0192222595214844 -0.0604248046875 0.88214111328125
0.00885772705078125 0.0162267684936523 -0.443267822265625 0.505401611328125
0.0309963226318359 0.0208740234375 -0.0157852172851563 0.06787109375
0.0208892822265625 0.0167388916015625 0.47662353515625 -0.4422607421875
0.0287952423095703 0.0038299560546875 0.1016845703125 -0.91131591796875
0.0123348236083984 0.014246940612793 -0.6331787109375 -0.5052490234375
0.0110044479370117 0.00957965850830078 -0.62689208984375 0.19378662109375
0.0229263305664063 -0.011322021484375 -0.233062744140625 0.424896240234375
0.0125617980957031 -0.0213966369628906 0.15618896484375 0.323638916015625
0.0139303207397461 -0.00585460662841797 0.331207275390625 0.077606201171875
0.0218429565429688 -0.00783920288085938 -0.325592041015625 -0.084930419921875
0.000898361206054688 0.0190410614013672 -0.162933349609375 -0.308807373046875
0.0187721252441406 0.0120010375976562 0.23077392578125 -0.4100341796875
-0.00731229782104492 0.00686788558959961 0.6456298828125 -0.15277099609375
-0.05419921875 -0.015777587890625 0.58123779296875 0.5386962890625
-0.0180015563964844 -0.067138671875 -0.00958251953124999 0.876708984375
0.052459716796875 -0.0176277160644531 -0.41229248046875 0.51116943359375
0.0901870727539063 0.009674072265625 -0.00135803222656249 0.0627098083496094
0.0666122436523438 -0.0163116455078125 0.50244140625 -0.4566650390625
0.033294677734375 -0.0471153259277344 0.138427734375 -0.9361572265625
-0.0176544189453125 -0.027740478515625 -0.61248779296875 -0.535400390625
-0.0185489654541016 0.00275039672851563 -0.63140869140625 0.1754150390625
0.00113296508789063 0.0113906860351562 -0.244171142578125 0.4140625
-0.00789356231689453 0.0104761123657227 0.145233154296875 0.316619873046875
0.0142765045166016 0.00278949737548828 0.3201904296875 0.0552978515625
0.0222721099853516 -0.00809097290039063 -0.32244873046875 -0.078125
-0.000730514526367185 0.0211830139160156 -0.1636962890625 -0.30548095703125
0.0176162719726563 0.0135231018066406 0.222869873046875 -0.409515380859375
-0.00782489776611328 0.00906276702880859 0.64019775390625 -0.15643310546875
-0.0543975830078125 -0.0142478942871094 0.585205078125 0.5302734375
-0.0170974731445313 -0.0655326843261719 -0.00189208984374993 0.879150390625
0.05194091796875 -0.0155868530273438 -0.417694091796875 0.520904541015625
0.088714599609375 0.0107345581054688 -0.0143508911132812 0.0666465759277344
0.0670356750488281 -0.0139350891113281 0.498779296875 -0.446533203125
0.0360679626464844 -0.0465888977050781 0.15008544921875 -0.93310546875
-0.0163555145263672 -0.0280799865722656 -0.60528564453125 -0.54278564453125
-0.0197849273681641 0.00393295288085937 -0.63519287109375 0.16937255859375
0.000101089477539064 0.0133724212646484 -0.251739501953125 0.415283203125
-0.00830078125 0.0133914947509766 0.14312744140625 0.31884765625
0.0138149261474609 0.00323963165283203 0.32196044921875 0.058990478515625
0.0228538513183594 -0.00924110412597656 -0.318389892578125 -0.0711669921875
0.000881195068359374 0.0184726715087891 -0.160369873046875 -0.303436279296875
0.0184478759765625 0.0131320953369141 0.221405029296875 -0.405426025390625
-0.00528907775878906 0.0112085342407227 0.6373291015625 -0.15533447265625
-0.0510101318359375 -0.0106315612792969 0.58544921875 0.53521728515625
-0.0167922973632812 -0.0617408752441406 -0.00335693359375007 0.88543701171875
0.0479621887207031 -0.0110130310058594 -0.422393798828125 0.5277099609375
0.0810317993164063 0.013702392578125 -0.0236740112304687 0.0703887939453125
0.0630455017089844 -0.00922393798828125 0.494598388671875 -0.4420166015625
0.0374908447265625 -0.0411033630371094 0.15118408203125 -0.9293212890625
-0.0138626098632813 -0.0243282318115234 -0.60650634765625 -0.54571533203125
-0.0188312530517578 0.00543594360351563 -0.6390380859375 0.1702880859375
2.47955322265633E-05 0.0129175186157227 -0.254791259765625 0.417083740234375
-0.00719547271728516 0.0122413635253906 0.14532470703125 0.32000732421875
0.0142040252685547 0.00201034545898438 0.3231201171875 0.066009521484375
0.0231723785400391 -0.0117130279541016 -0.316802978515625 -0.0673828125000001
0.00191211700439453 0.014613151550293 -0.156036376953125 -0.30340576171875
0.0205307006835938 0.0101718902587891 0.222991943359375 -0.402984619140625
-0.000896453857421874 0.0127067565917969 0.6419677734375 -0.14703369140625
-0.0461959838867188 -0.00464248657226562 0.58038330078125 0.54278564453125
-0.0166397094726562 -0.0536994934082031 -0.01251220703125 0.89019775390625
0.041748046875 -0.005767822265625 -0.43115234375 0.528350830078125
0.0721206665039063 0.0154571533203125 -0.0273590087890625 0.0712661743164063
0.0559196472167969 -0.00390625 0.48870849609375 -0.43975830078125
0.0359306335449219 -0.0334129333496094 0.13995361328125 -0.9246826171875
-0.00814151763916016 -0.0169944763183594 -0.61346435546875 -0.53704833984375
-0.0151824951171875 0.00645732879638672 -0.6385498046875 0.17889404296875
0.00256538391113281 0.00995063781738281 -0.251922607421875 0.421142578125
-0.00481224060058594 0.00802278518676758 0.148712158203125 0.322265625
0.0149459838867187 0.000252723693847656 0.326263427734375 0.07098388671875
0.0235023498535156 -0.0136337280273438 -0.315460205078125 -0.065032958984375
0.00586557388305664 0.00677156448364258 -0.152496337890625 -0.303985595703125
0.0235557556152344 0.00396919250488281 0.227783203125 -0.401702880859375
0.0041055679321289 0.0145225524902344 0.64337158203125 -0.140380859375
-0.0405197143554688 0.00254058837890625 0.57525634765625 0.5501708984375
-0.0165443420410156 -0.0446319580078125 -0.0260009765625 0.8939208984375
0.0337276458740234 0.000570297241210938 -0.438018798828125 0.528045654296875
0.06134033203125 0.0171585083007813 -0.0297164916992187 0.0716018676757812
0.0471305847167969 0.00189971923828125 0.483673095703125 -0.44158935546875
0.0352935791015625 -0.0238380432128906 0.13031005859375 -0.92449951171875
-0.00298309326171875 -0.00887203216552734 -0.6182861328125 -0.52838134765625
-0.00838279724121094 0.00816917419433594 -0.6368408203125 0.18536376953125
0.00636482238769531 0.00558090209960938 -0.248779296875 0.425201416015625
-0.000692129135131836 0.00198996067047119 0.1533203125 0.32293701171875
0.0142040252685547 -0.00185298919677734 0.329620361328125 0.073486328125
0.0235462188720703 -0.0173377990722656 -0.316741943359375 -0.064697265625
0.00839853286743164 -3.814697265625E-06 -0.14984130859375 -0.304595947265625
0.0275039672851563 -0.00300216674804688 0.229827880859375 -0.4000244140625
0.0111236572265625 0.0167922973632813 0.64569091796875 -0.13482666015625
-0.0348854064941406 0.0112018585205078 0.5706787109375 0.55535888671875
-0.0171051025390625 -0.0355072021484375 -0.0364379882812501 0.89227294921875
0.0253658294677734 0.00654029846191406 -0.443389892578125 0.52581787109375
0.0503807067871094 0.0186805725097656 -0.0285491943359375 0.07232666015625
0.0384445190429688 0.0067901611328125 0.48095703125 -0.440460205078125
0.0330886840820313 -0.0131931304931641 0.11944580078125 -0.920654296875
0.0035407543182373 0.000260829925537109 -0.62646484375 -0.52008056640625
-0.00100421905517578 0.00923061370849609 -0.6358642578125 0.19073486328125
0.0113763809204102 0.000565528869628906 -0.243988037109375 0.42767333984375
0.00374174118041992 -0.0063939094543457 0.156951904296875 0.325164794921875
0.0148334503173828 -0.00320720672607422 0.33251953125 0.0775146484375
0.023101806640625 -0.0191669464111328 -0.31964111328125 -0.06494140625
0.0122575759887695 -0.00723743438720703 -0.14697265625 -0.30621337890625
0.03216552734375 -0.00981330871582031 0.23480224609375 -0.400726318359375
0.0177192687988281 0.0167751312255859 0.648681640625 -0.13134765625
-0.0298423767089844 0.0178489685058594 0.565673828125 0.5601806640625
-0.019317626953125 -0.0253868103027344 -0.0441894531250001 0.89068603515625
0.0168476104736328 0.012054443359375 -0.44488525390625 0.521392822265625
0.0394783020019531 0.0194320678710937 -0.02386474609375 0.0714797973632813
0.0291175842285156 0.0123462677001953 0.47772216796875 -0.44317626953125
0.0305118560791016 -0.00449180603027344 0.10772705078125 -0.91845703125
0.00967597961425781 0.00864219665527344 -0.6339111328125 -0.51214599609375
0.00507164001464844 0.00927829742431641 -0.6348876953125 0.19610595703125
0.0165061950683594 -0.00600242614746094 -0.23834228515625 0.429901123046875
0.0081014633178711 -0.0140132904052734 0.16021728515625 0.325408935546875
0.0144844055175781 -0.00505256652832031 0.33502197265625 0.07647705078125
0.0221633911132813 -0.0198764801025391 -0.32147216796875 -0.0704345703125
0.0161914825439453 -0.0146846771240234 -0.146514892578125 -0.309295654296875
0.0355072021484375 -0.0162925720214844 0.241546630859375 -0.40277099609375
0.0235805511474609 0.017822265625 0.6513671875 -0.1273193359375
-0.0264968872070313 0.0237140655517578 0.56182861328125 0.56500244140625
-0.0208873748779297 -0.0182075500488281 -0.05419921875 0.888427734375
0.00932216644287109 0.016789436340332 -0.443450927734375 0.514892578125
0.0309638977050781 0.0199394226074219 -0.0155906677246094 0.0692710876464844
0.0220794677734375 0.0160064697265625 0.477294921875 -0.4490966796875
0.0274810791015625 0.00395584106445313 0.09613037109375 -0.92010498046875
0.0130167007446289 0.0142383575439453 -0.6419677734375 -0.5029296875
0.0112924575805664 0.00939750671386719 -0.62921142578125 0.19927978515625
0.0217704772949219 -0.0114269256591797 -0.230743408203125 0.430084228515625
0.0107040405273438 -0.0215244293212891 0.160858154296875 0.32452392578125
0.0149326324462891 -0.00618267059326172 0.334808349609375 0.074005126953125
0.0220870971679687 -0.00734519958496094 -0.329345703125 -0.081817626953125
0.000310897827148439 0.0200977325439453 -0.16790771484375 -0.308746337890625
0.0181503295898438 0.0103130340576172 0.22784423828125 -0.41650390625
-0.00824546813964844 0.00730752944946289 0.64849853515625 -0.1610107421875
-0.0552291870117187 -0.0153312683105469 0.59075927734375 0.53631591796875
-0.0194854736328125 -0.0662193298339844 -0.00280761718750007 0.88140869140625
0.0525131225585937 -0.0180244445800781 -0.41119384765625 0.52008056640625
0.090789794921875 0.00762176513671875 -0.000789642333984374 0.0637016296386719
0.0666007995605469 -0.0171928405761719 0.50146484375 -0.462799072265625
0.033416748046875 -0.0480270385742188 0.13116455078125 -0.94415283203125
-0.0173244476318359 -0.0281524658203125 -0.6199951171875 -0.5350341796875
-0.0185832977294922 0.00355911254882813 -0.6329345703125 0.18096923828125
0.00207901000976562 0.0107488632202148 -0.242462158203125 0.4195556640625
-0.00681114196777344 0.0120611190795898 0.150726318359375 0.316925048828125
0.0146036148071289 0.00239753723144531 0.32342529296875 0.05169677734375
0.0219211578369141 -0.00825309753417969 -0.325439453125 -0.0765075683593749
-0.00022697448730469 0.0210189819335937 -0.1678466796875 -0.305816650390625
0.0175104141235352 0.0129070281982422 0.219573974609375 -0.413055419921875
-0.00875759124755859 0.00817441940307617 0.64300537109375 -0.16558837890625
-0.0546531677246094 -0.0137062072753906 0.595703125 0.52911376953125
-0.0179824829101562 -0.0658531188964844 0.00598144531249998 0.8846435546875
0.0520515441894531 -0.0165061950683594 -0.4149169921875 0.5279541015625
0.0893325805664063 0.009429931640625 -0.0133705139160156 0.0677070617675781
0.0672798156738281 -0.0148506164550781 0.49810791015625 -0.4542236328125
0.0359458923339844 -0.0467758178710938 0.1429443359375 -0.940673828125
-0.0160655975341797 -0.0282993316650391 -0.61474609375 -0.5416259765625
-0.0198307037353516 0.00341606140136718 -0.6375732421875 0.17657470703125
-0.000824928283691405 0.0127973556518555 -0.24920654296875 0.41839599609375
-0.00820064544677734 0.0135746002197266 0.148529052734375 0.31939697265625
0.0149736404418945 0.00250434875488281 0.324554443359375 0.05657958984375
0.0230674743652344 -0.00940322875976562 -0.3212890625 -0.068939208984375
0.00061988830566406 0.0193939208984375 -0.165924072265625 -0.303009033203125
0.0181159973144531 0.0126934051513672 0.219757080078125 -0.410430908203125
-0.00648403167724609 0.0107011795043945 0.64068603515625 -0.16192626953125
-0.0518226623535156 -0.00962829589843749 0.593994140625 0.53314208984375
-0.0178375244140625 -0.0606117248535156 0.00549316406250003 0.8909912109375
0.0477409362792969 -0.0114288330078125 -0.4210205078125 0.535797119140625
0.0823287963867188 0.0116348266601563 -0.0228500366210938 0.0715408325195312
0.0628242492675781 -0.00995254516601562 0.49395751953125 -0.4482421875
0.0367240905761719 -0.0417633056640625 0.14251708984375 -0.93817138671875
-0.0127353668212891 -0.0253944396972656 -0.61505126953125 -0.54510498046875
-0.0188007354736328 0.00477790832519531 -0.6409912109375 0.1766357421875
-0.00043964385986328 0.0127811431884766 -0.2523193359375 0.422088623046875
-0.0072183609008789 0.0129537582397461 0.150177001953125 0.32049560546875
0.014735221862793 0.00157642364501953 0.32598876953125 0.0628662109375
0.0232658386230469 -0.0114974975585938 -0.320220947265625 -0.0643310546875
0.00246810913085937 0.0150327682495117 -0.160858154296875 -0.302947998046875
0.0196857452392578 0.00868415832519531 0.22076416015625 -0.407806396484375
-0.00154685974121094 0.012115478515625 0.64453125 -0.153564453125
-0.0462303161621094 -0.00351715087890625 0.59014892578125 0.539794921875
-0.017181396484375 -0.05316162109375 -0.00518798828124992 0.89544677734375
0.0418510437011719 -0.00597000122070313 -0.429931640625 0.537384033203125
0.072540283203125 0.014495849609375 -0.0275497436523437 0.0722579956054688
0.055938720703125 -0.00504684448242188 0.488067626953125 -0.448272705078125
0.0363388061523438 -0.0336799621582031 0.1329345703125 -0.93450927734375
-0.00905036926269531 -0.0178279876708984 -0.621337890625 -0.534912109375
-0.0141830444335937 0.00703239440917968 -0.64080810546875 0.185791015625
0.00211429595947266 0.0103893280029297 -0.249725341796875 0.426300048828125
-0.00469303131103515 0.00829458236694336 0.15399169921875 0.32269287109375
0.0150842666625977 -0.000262260437011719 0.32958984375 0.06768798828125
0.0235252380371094 -0.0139656066894531 -0.31903076171875 -0.0611572265624999
0.00543737411499023 0.0082850456237793 -0.15704345703125 -0.30401611328125
0.0228080749511719 0.00362014770507812 0.2235107421875 -0.406005859375
0.00439643859863281 0.014277458190918 0.6456298828125 -0.14776611328125
-0.0410614013671875 0.00365829467773437 0.58489990234375 0.5498046875
-0.0169181823730469 -0.0438308715820313 -0.01678466796875 0.8997802734375
0.0343723297119141 0.00128364562988281 -0.438720703125 0.53570556640625
0.0617828369140625 0.0159721374511719 -0.0300064086914063 0.07366943359375
0.0479698181152344 0.0007781982421875 0.48321533203125 -0.447021484375
0.0352401733398438 -0.0242424011230469 0.12347412109375 -0.9302978515625
-0.00276279449462891 -0.00915622711181641 -0.6278076171875 -0.5267333984375
-0.00775241851806641 0.00850105285644531 -0.64178466796875 0.1915283203125
0.00617504119873047 0.00570440292358398 -0.246917724609375 0.429351806640625
-0.000823736190795899 0.0020897388458252 0.158355712890625 0.323577880859375
0.0152988433837891 -0.00166702270507813 0.332550048828125 0.071502685546875
0.023223876953125 -0.0168476104736328 -0.320068359375 -0.059814453125
0.00852823257446289 0.000544548034667969 -0.1541748046875 -0.305419921875
0.0272426605224609 -0.003753662109375 0.226593017578125 -0.405975341796875
0.0111398696899414 0.0154094696044922 0.64886474609375 -0.14251708984375
-0.0354881286621094 0.0113868713378906 0.58148193359375 0.5543212890625
-0.0173625946044922 -0.0339202880859375 -0.0274658203124999 0.89947509765625
0.0257167816162109 0.00684928894042969 -0.44091796875 0.53253173828125
0.0506362915039063 0.0174484252929688 -0.0290679931640625 0.0734786987304688
0.0386238098144531 0.0067138671875 0.479095458984375 -0.446380615234375
0.0331630706787109 -0.0140266418457031 0.11212158203125 -0.92730712890625
0.00337100028991699 7.29560852050781E-05 -0.6348876953125 -0.5174560546875
-0.00102615356445313 0.00903892517089844 -0.63873291015625 0.1978759765625
0.0114812850952148 0.000340461730957031 -0.242431640625 0.431427001953125
0.00287723541259766 -0.00612926483154297 0.1624755859375 0.32525634765625
0.0152807235717773 -0.00419425964355469 0.3355712890625 0.073822021484375
0.0222797393798828 -0.0196914672851563 -0.322052001953125 -0.061767578125
0.013087272644043 -0.00705528259277344 -0.15228271484375 -0.306365966796875
0.0314922332763672 -0.0102367401123047 0.231109619140625 -0.406463623046875
0.0177860260009766 0.0172042846679688 0.65130615234375 -0.138916015625
-0.0303840637207031 0.0192222595214844 0.57525634765625 0.557861328125
-0.0196132659912109 -0.0252647399902344 -0.03814697265625 0.89691162109375
0.0171670913696289 0.0117340087890625 -0.443115234375 0.528106689453125
0.039764404296875 0.0180549621582031 -0.0231399536132813 0.072296142578125
0.0294246673583984 0.0119915008544922 0.47607421875 -0.45166015625
0.0306625366210938 -0.00507545471191406 0.1005859375 -0.92535400390625
0.00880050659179688 0.00832462310791016 -0.640869140625 -0.507568359375
0.00502586364746094 0.009613037109375 -0.6357421875 0.203857421875
0.0167322158813477 -0.00629997253417969 -0.235076904296875 0.4342041015625
0.00737285614013672 -0.0144672393798828 0.16546630859375 0.3258056640625
0.0145149230957031 -0.00599765777587891 0.33795166015625 0.07342529296875
0.0217761993408203 -0.0203590393066406 -0.324432373046875 -0.0667724609375
0.0153427124023438 -0.0138387680053711 -0.15093994140625 -0.308685302734375
0.03631591796875 -0.0168724060058594 0.2388916015625 -0.4078369140625
0.0229454040527344 0.0162410736083984 0.65338134765625 -0.13720703125
-0.0266494750976563 0.0246009826660156 0.57012939453125 0.56353759765625
-0.0216827392578125 -0.0175037384033203 -0.04595947265625 0.8948974609375
0.00945472717285156 0.0160484313964844 -0.44073486328125 0.5216064453125
0.0311527252197266 0.0188465118408203 -0.0156898498535156 0.0698204040527344
0.0206050872802734 0.0156707763671875 0.475860595703125 -0.4569091796875
0.0279140472412109 0.00269508361816406 0.08843994140625 -0.92718505859375
0.0134143829345703 0.0137882232666016 -0.64892578125 -0.5013427734375
0.0110673904418945 0.00849533081054688 -0.63177490234375 0.20660400390625
0.02142333984375 -0.0121688842773438 -0.230194091796875 0.433929443359375
0.0107421875 -0.0220623016357422 0.16668701171875 0.325531005859375
0.0144720077514648 -0.00717830657958984 0.338226318359375 0.070465087890625
0.0208625793457031 -0.00788688659667969 -0.33270263671875 -0.077239990234375
9.15527343749986E-05 0.0202960968017578 -0.172760009765625 -0.307342529296875
0.0182971954345703 0.00974464416503906 0.224578857421875 -0.420928955078125
-0.00834321975708008 0.00639915466308594 0.65081787109375 -0.1708984375
-0.0556068420410156 -0.0136985778808594 0.5999755859375 0.531494140625
-0.0204505920410156 -0.0665969848632812 0.00616455078124994 0.8890380859375
0.0530281066894531 -0.0187034606933594 -0.4083251953125 0.527374267578125
0.091644287109375 0.00598907470703125 -0.00078964233398437 0.0646896362304688
0.066650390625 -0.0185737609863281 0.499908447265625 -0.46917724609375
0.0315818786621094 -0.0487289428710938 0.1209716796875 -0.94842529296875
-0.0176658630371094 -0.0280303955078125 -0.62921142578125 -0.5321044921875
-0.0191192626953125 0.00276565551757812 -0.63494873046875 0.18927001953125
0.00101852416992188 0.0116281509399414 -0.237640380859375 0.425018310546875
-0.00788116455078125 0.0118627548217773 0.155242919921875 0.31683349609375
0.0148191452026367 0.00174045562744141 0.32525634765625 0.047515869140625
0.0218448638916016 -0.00776481628417969 -0.328216552734375 -0.071014404296875
-0.000511169433593752 0.02215576171875 -0.1728515625 -0.3040771484375
0.0173721313476563 0.0122585296630859 0.217559814453125 -0.41876220703125
-0.00917530059814453 0.00829219818115234 0.6448974609375 -0.17291259765625
-0.055084228515625 -0.0117301940917969 0.603271484375 0.5250244140625
-0.0200309753417969 -0.0651016235351563 0.015380859375 0.8907470703125
0.0525321960449219 -0.0173110961914062 -0.411346435546875 0.535614013671875
0.0901260375976563 0.007904052734375 -0.0142135620117188 0.0694541931152344
0.06756591796875 -0.0154380798339844 0.49725341796875 -0.460784912109375
0.0364570617675781 -0.0480003356933594 0.13275146484375 -0.946044921875
-0.0170841217041016 -0.0283336639404297 -0.62200927734375 -0.5390625
-0.0203418731689453 0.00424003601074219 -0.6397705078125 0.18389892578125
-0.000315666198730469 0.0130443572998047 -0.245635986328125 0.423980712890625
-0.00917243957519531 0.0137672424316406 0.15325927734375 0.319488525390625
0.0154085159301758 0.00209426879882813 0.326904296875 0.052764892578125
0.0223712921142578 -0.00980567932128906 -0.324798583984375 -0.064788818359375
0.000427246093750001 0.01922607421875 -0.169708251953125 -0.302032470703125
0.0169286727905273 0.0118894577026367 0.21527099609375 -0.417388916015625
-0.00588607788085938 0.00961017608642578 0.64227294921875 -0.16986083984375
-0.0525894165039062 -0.00870513916015626 0.6058349609375 0.53094482421875
-0.0182533264160156 -0.0599594116210937 0.01519775390625 0.89599609375
0.0482673645019531 -0.0119247436523438 -0.417236328125 0.54241943359375
0.0825042724609375 0.0112991333007813 -0.0228195190429687 0.0723037719726563
0.0627555847167969 -0.0108299255371094 0.491912841796875 -0.455780029296875
0.0361137390136719 -0.0423965454101563 0.1346435546875 -0.94476318359375
-0.0136947631835938 -0.0240497589111328 -0.623291015625 -0.540771484375
-0.0180606842041016 0.00472450256347656 -0.6429443359375 0.184326171875
0.000308990478515624 0.0126495361328125 -0.248504638671875 0.425750732421875
-0.00796985626220703 0.012934684753418 0.15545654296875 0.3212890625
0.0157070159912109 0.00160789489746094 0.32843017578125 0.058746337890625
0.0229434967041016 -0.0114784240722656 -0.3231201171875 -0.059173583984375
0.0022897720336914 0.0161561965942383 -0.166473388671875 -0.302764892578125
0.0198249816894531 0.00895118713378906 0.21795654296875 -0.413055419921875
-0.00169754028320313 0.0118827819824219 0.644775390625 -0.1617431640625
-0.0471229553222656 -0.00262451171875001 0.6002197265625 0.5380859375
-0.0179824829101563 -0.0527610778808594 0.00286865234374994 0.90252685546875
0.0423431396484375 -0.00667190551757813 -0.42584228515625 0.544830322265625
0.0731277465820313 0.0128250122070313 -0.0269012451171875 0.07373046875
0.056396484375 -0.00555038452148438 0.485687255859375 -0.454559326171875
0.0363578796386719 -0.0347251892089844 0.12457275390625 -0.939453125
-0.00847721099853516 -0.0171356201171875 -0.63031005859375 -0.53076171875
-0.0143442153930664 0.00695610046386718 -0.64251708984375 0.19287109375
0.00233936309814453 0.0106945037841797 -0.24627685546875 0.42962646484375
-0.00543785095214844 0.00897693634033203 0.159881591796875 0.32220458984375
0.0159130096435547 -0.000514030456542969 0.332275390625 0.063934326171875
0.0228176116943359 -0.0139923095703125 -0.32171630859375 -0.0572509765625
0.00502729415893555 0.00865888595581055 -0.161651611328125 -0.30224609375
0.0229110717773438 0.00295448303222656 0.221405029296875 -0.412078857421875
0.00409603118896484 0.0138769149780273 0.648193359375 -0.15679931640625
-0.0412788391113281 0.00454330444335937 0.59649658203125 0.546142578125
-0.0176353454589844 -0.0436859130859375 -0.00976562500000007 0.905029296875
0.0338172912597656 7.82012939453125E-05 -0.435028076171875 0.5443115234375
0.0619544982910156 0.01470947265625 -0.0295257568359375 0.0738525390625
0.0475196838378906 0.000682830810546875 0.48101806640625 -0.454620361328125
0.0342445373535156 -0.0241374969482422 0.115478515625 -0.93768310546875
-0.00257968902587891 -0.009307861328125 -0.6348876953125 -0.5228271484375
-0.00763797760009766 0.00827360153198242 -0.6427001953125 0.19793701171875
0.00609827041625976 0.0060272216796875 -0.244781494140625 0.435333251953125
-0.00158274173736572 0.00168490409851074 0.16400146484375 0.322998046875
0.0157203674316406 -0.00258731842041016 0.3363037109375 0.066925048828125
0.0223464965820313 -0.0165348052978516 -0.32403564453125 -0.057220458984375
0.00758266448974609 0.00138092041015625 -0.1585693359375 -0.304229736328125
0.0263957977294922 -0.00449180603027344 0.22369384765625 -0.41168212890625
0.0113439559936523 0.0149497985839844 0.65087890625 -0.1529541015625
-0.0354843139648437 0.01220703125 0.59136962890625 0.5498046875
-0.0186290740966797 -0.0330600738525391 -0.02032470703125 0.90576171875
0.0260753631591797 0.00597572326660156 -0.440216064453125 0.53948974609375
0.0512847900390625 0.0159416198730469 -0.0285263061523437 0.0744476318359375
0.0385780334472656 0.0049591064453125 0.477783203125 -0.454345703125
0.0329437255859375 -0.0143299102783203 0.1041259765625 -0.93414306640625
0.00382900238037109 -0.000427484512329102 -0.64288330078125 -0.5157470703125
-0.00118827819824219 0.00940799713134766 -0.6397705078125 0.20635986328125
0.0115766525268555 1.52587890625E-05 -0.239501953125 0.4378662109375
0.00332212448120117 -0.00561332702636719 0.167999267578125 0.3255615234375
0.0161733627319336 -0.00465011596679688 0.3388671875 0.069366455078125
0.0221843719482422 -0.0196685791015625 -0.324798583984375 -0.058258056640625
0.0124883651733398 -0.00727367401123047 -0.15631103515625 -0.30615234375
0.0316867828369141 -0.0114555358886719 0.229156494140625 -0.4124755859375
0.0179615020751953 0.0157279968261719 0.6552734375 -0.146484375
-0.0299263000488281 0.0203723907470703 0.5855712890625 0.5557861328125
-0.0204601287841797 -0.0241374969482422 -0.0266113281249999 0.9034423828125
0.0169963836669922 0.0120096206665039 -0.44122314453125 0.535369873046875
0.03936767578125 0.0167160034179688 -0.0239181518554688 0.0731658935546875
0.0298862457275391 0.0110130310058594 0.47503662109375 -0.458953857421875
0.0307979583740234 -0.00519943237304688 0.09210205078125 -0.93017578125
0.00935840606689453 0.0080404281616211 -0.6495361328125 -0.50439453125
0.00563573837280273 0.00864887237548828 -0.6385498046875 0.212158203125
0.0158548355102539 -0.00666522979736328 -0.23333740234375 0.440826416015625
0.00779056549072266 -0.0143699645996094 0.17138671875 0.32513427734375
0.01556396484375 -0.00658321380615234 0.341278076171875 0.0694580078125
0.0209732055664063 -0.0199871063232422 -0.327789306640625 -0.0623779296875
0.0151300430297852 -0.0152835845947266 -0.15582275390625 -0.3082275390625
0.0346508026123047 -0.0180530548095703 0.236083984375 -0.412445068359375
0.0233688354492188 0.0159435272216797 0.658447265625 -0.1461181640625
-0.0267372131347656 0.0253925323486328 0.5810546875 0.56109619140625
-0.021881103515625 -0.0170001983642578 -0.03875732421875 0.9019775390625
0.0102176666259766 0.0160551071166992 -0.438568115234375 0.529022216796875
0.0314426422119141 0.0183963775634766 -0.0154037475585937 0.0714492797851563
0.0212268829345703 0.0150089263916016 0.47442626953125 -0.46331787109375
0.0274105072021484 0.00193023681640625 0.08001708984375 -0.9324951171875
0.0142841339111328 0.014216423034668 -0.65753173828125 -0.49798583984375
0.0113401412963867 0.00812911987304688 -0.63323974609375 0.21636962890625
0.0209617614746094 -0.0118236541748047 -0.22540283203125 0.4393310546875
0.0105552673339844 -0.0217170715332031 0.171661376953125 0.325103759765625
0.0151853561401367 -0.00812816619873047 0.341278076171875 0.06671142578125
0.0214405059814453 -0.0077362060546875 -0.335235595703125 -0.07244873046875
0.000579833984374998 0.0211887359619141 -0.178680419921875 -0.30615234375
0.0174579620361328 0.0104207992553711 0.2210693359375 -0.424896240234375
-0.00859355926513672 0.00616979598999023 0.65130615234375 -0.1800537109375
-0.0562019348144531 -0.0125808715820313 0.6109619140625 0.52679443359375
-0.0214271545410156 -0.065032958984375 0.0173950195312501 0.89154052734375
0.0535392761230469 -0.0187187194824219 -0.40460205078125 0.533782958984375
0.0917587280273438 0.00518035888671875 -0.000900268554687497 0.0662689208984375
0.0672264099121094 -0.0187911987304688 0.4971923828125 -0.477874755859375
0.0322990417480469 -0.048980712890625 0.112060546875 -0.9552001953125
-0.0181121826171875 -0.0273094177246094 -0.63812255859375 -0.52618408203125
-0.0181732177734375 0.0030517578125 -0.63494873046875 0.19781494140625
0.00107860565185547 0.0117721557617188 -0.2349853515625 0.428131103515625
-0.00802230834960937 0.0127906799316406 0.1602783203125 0.31671142578125
0.0158586502075195 0.00169181823730469 0.3284912109375 0.04388427734375
0.0216827392578125 -0.00728225708007813 -0.331207275390625 -0.0661010742187501
0.000106811523437498 0.0226821899414062 -0.177337646484375 -0.302825927734375
0.0170364379882813 0.0114116668701172 0.213623046875 -0.424346923828125
-0.00915813446044922 0.00805377960205078 0.6458740234375 -0.18267822265625
-0.0556182861328125 -0.0115242004394531 0.61492919921875 0.519775390625
-0.0203399658203125 -0.0645561218261719 0.0253906250000001 0.8951416015625
0.0522537231445313 -0.0180168151855469 -0.406097412109375 0.5428466796875
0.0894317626953125 0.00634002685546875 -0.0131072998046875 0.0699996948242187
0.0674819946289063 -0.0179824829101563 0.49407958984375 -0.468475341796875
0.0344924926757813 -0.0483551025390625 0.12200927734375 -0.95111083984375
-0.0174560546875 -0.0285148620605469 -0.6307373046875 -0.53515625
-0.0207252502441406 0.00349617004394531 -0.6405029296875 0.19244384765625
-0.00138664245605469 0.0127477645874023 -0.242156982421875 0.42913818359375
-0.00864219665527344 0.0149593353271484 0.16046142578125 0.319091796875
0.015660285949707 0.00177764892578125 0.329437255859375 0.048370361328125
0.0229167938232422 -0.00946617126464844 -0.32635498046875 -0.059844970703125
0.00027656555175781 0.0208721160888672 -0.17559814453125 -0.30181884765625
0.017399787902832 0.0118122100830078 0.211029052734375 -0.421234130859375
-0.00652027130126953 0.0097503662109375 0.6424560546875 -0.1787109375
-0.0522613525390625 -0.00708770751953125 0.61529541015625 0.52508544921875
-0.0195503234863281 -0.0599174499511719 0.02618408203125 0.90008544921875
0.0490646362304688 -0.0132827758789063 -0.4129638671875 0.550933837890625
0.0831756591796875 0.00926971435546875 -0.02252197265625 0.0730209350585938
0.0639991760253906 -0.0126762390136719 0.488800048828125 -0.46112060546875
0.0354347229003906 -0.0436248779296875 0.12518310546875 -0.94952392578125
-0.0134963989257812 -0.0255641937255859 -0.6318359375 -0.53521728515625
-0.0187549591064453 0.00488090515136719 -0.6446533203125 0.1932373046875
-0.000336647033691406 0.0130395889282227 -0.246337890625 0.431884765625
-0.00797557830810547 0.0139560699462891 0.160797119140625 0.3201904296875
0.0162410736083984 0.0006103515625 0.3316650390625 0.054595947265625
0.0224151611328125 -0.0116863250732422 -0.326568603515625 -0.054473876953125
0.00222206115722656 0.0162982940673828 -0.17041015625 -0.3017578125
0.0191783905029297 0.0077972412109375 0.21356201171875 -0.419158935546875
-0.00191307067871094 0.011749267578125 0.6474609375 -0.17266845703125
-0.04718017578125 -0.00177383422851563 0.608642578125 0.531494140625
-0.0187454223632813 -0.05181884765625 0.0133056640624999 0.90643310546875
0.0430221557617187 -0.00622177124023438 -0.421844482421875 0.552001953125
0.0730514526367187 0.010986328125 -0.0272903442382812 0.074737548828125
0.0559883117675781 -0.00676727294921875 0.480804443359375 -0.461639404296875
0.0354995727539063 -0.0352592468261719 0.113525390625 -0.94586181640625
-0.0100383758544922 -0.0178623199462891 -0.63824462890625 -0.52728271484375
-0.014739990234375 0.00641822814941406 -0.64306640625 0.20159912109375
0.00235557556152344 0.0104351043701172 -0.243499755859375 0.43682861328125
-0.00542354583740234 0.00916099548339844 0.164764404296875 0.322265625
0.0161170959472656 -0.00130081176757813 0.333770751953125 0.05950927734375
0.0217666625976563 -0.0146980285644531 -0.3248291015625 -0.052825927734375
0.00507926940917969 0.00943660736083984 -0.166748046875 -0.30096435546875
0.0219764709472656 0.00225257873535156 0.21722412109375 -0.41607666015625
0.00453090667724609 0.0135841369628906 0.6484375 -0.165771484375
-0.0410652160644531 0.00635910034179687 0.60699462890625 0.5400390625
-0.0184707641601563 -0.0432510375976562 0.00140380859375003 0.90875244140625
0.03558349609375 -6.866455078125E-05 -0.43023681640625 0.552490234375
0.0625648498535156 0.0134353637695313 -0.0291519165039062 0.0762176513671875
0.0472488403320313 -0.00138473510742188 0.477325439453125 -0.46197509765625
0.0346050262451172 -0.0256156921386719 0.1036376953125 -0.9434814453125
-0.00324440002441406 -0.00908470153808594 -0.644287109375 -0.51751708984375
-0.0085291862487793 0.00759792327880859 -0.64337158203125 0.20947265625
0.00577163696289062 0.00550651550292969 -0.239501953125 0.439727783203125
-0.00165867805480957 0.00207841396331787 0.169281005859375 0.323455810546875
0.0154361724853516 -0.00299358367919922 0.3377685546875 0.062103271484375
0.0223865509033203 -0.0168437957763672 -0.3262939453125 -0.0522155761718749
0.00798892974853515 0.00228595733642578 -0.164031982421875 -0.302978515625
0.0259304046630859 -0.005584716796875 0.220306396484375 -0.416961669921875
0.0111541748046875 0.0139255523681641 0.65130615234375 -0.16107177734375
-0.03515625 0.0138282775878906 0.60223388671875 0.54608154296875
-0.0185623168945313 -0.0324764251708984 -0.00915527343750004 0.910400390625
0.0260391235351562 0.00590896606445312 -0.435546875 0.54779052734375
0.0509033203125 0.0152626037597656 -0.02862548828125 0.0762939453125
0.0384750366210938 0.00476455688476563 0.47393798828125 -0.4613037109375
0.0326576232910156 -0.014984130859375 0.0938110351562499 -0.9375
0.00370478630065918 -0.000723838806152344 -0.6514892578125 -0.50946044921875
-0.000892639160156251 0.00881862640380859 -0.64154052734375 0.214111328125
0.0104255676269531 1.43051147460938E-05 -0.23480224609375 0.44281005859375
0.00274562835693359 -0.00536823272705078 0.17376708984375 0.324249267578125
0.0161628723144531 -0.00497817993164063 0.3408203125 0.065032958984375
0.0219364166259766 -0.0190486907958984 -0.32794189453125 -0.053741455078125
0.0119705200195313 -0.00578975677490234 -0.16162109375 -0.30462646484375
0.0299663543701172 -0.0120162963867188 0.224456787109375 -0.418853759765625
0.0172796249389648 0.0154800415039063 0.65570068359375 -0.156982421875
-0.0291080474853516 0.0209999084472656 0.59564208984375 0.55181884765625
-0.0205440521240234 -0.0231552124023438 -0.0175170898437499 0.908935546875
0.0174703598022461 0.0111398696899414 -0.436431884765625 0.54327392578125
0.0403823852539063 0.0158500671386719 -0.0232772827148438 0.074127197265625
0.0287818908691406 0.0102081298828125 0.471405029296875 -0.464874267578125
0.0300159454345703 -0.0058135986328125 0.080810546875 -0.9359130859375
0.010340690612793 0.0079202651977539 -0.65753173828125 -0.4998779296875
0.00575399398803711 0.00864315032958984 -0.6383056640625 0.2196044921875
0.0158958435058594 -0.00589275360107422 -0.228668212890625 0.44512939453125
0.00678825378417969 -0.0137948989868164 0.17730712890625 0.324127197265625
0.0160408020019531 -0.00738048553466797 0.343414306640625 0.065277099609375
0.0208473205566406 -0.0200691223144531 -0.33135986328125 -0.057861328125
0.0152168273925781 -0.0135879516601562 -0.1614990234375 -0.307159423828125
0.0345382690429688 -0.0178852081298828 0.23187255859375 -0.418243408203125
0.0236148834228516 0.0154056549072266 0.6585693359375 -0.15509033203125
-0.0262603759765625 0.0266437530517578 0.59002685546875 0.5537109375
-0.0224475860595703 -0.0153484344482422 -0.0274658203125 0.90692138671875
0.010406494140625 0.0165004730224609 -0.43609619140625 0.53778076171875
0.0313014984130859 0.016448974609375 -0.0153045654296875 0.0722427368164063
0.0215682983398438 0.0148544311523438 0.469818115234375 -0.46942138671875
0.0280647277832031 0.00149917602539063 0.0712890625 -0.93792724609375
0.0147285461425781 0.0141439437866211 -0.66632080078125 -0.49261474609375
0.0115146636962891 0.00775814056396484 -0.6331787109375 0.2218017578125
0.0205936431884766 -0.0126972198486328 -0.22320556640625 0.444427490234375
0.0101470947265625 -0.0225563049316406 0.177093505859375 0.32379150390625
0.0155096054077148 -0.00753307342529297 0.343017578125 0.061859130859375
0.0208072662353516 -0.00803375244140625 -0.33807373046875 -0.06854248046875
-3.81469726562498E-05 0.0223751068115234 -0.18316650390625 -0.304656982421875
0.0173969268798828 0.00912666320800781 0.216461181640625 -0.430145263671875
-0.00898170471191406 0.00581932067871094 0.650634765625 -0.18804931640625
-0.0562019348144531 -0.0112495422363281 0.62200927734375 0.5196533203125
-0.0211601257324219 -0.0650825500488281 0.0278930664062499 0.89404296875
0.0523757934570312 -0.0192604064941406 -0.39581298828125 0.542236328125
0.0921707153320313 0.0028839111328125 -0.000465393066406239 0.0653495788574219
0.0659942626953125 -0.0206222534179688 0.492340087890625 -0.483856201171875
0.031280517578125 -0.0510520935058594 0.10137939453125 -0.96240234375
-0.0180339813232422 -0.02801513671875 -0.6446533203125 -0.52154541015625
-0.0186634063720703 0.00214767456054688 -0.63421630859375 0.2054443359375
0.00064373016357422 0.0106067657470703 -0.23193359375 0.434417724609375
-0.00888252258300781 0.0125255584716797 0.16693115234375 0.3143310546875
0.0160093307495117 0.000384330749511719 0.32830810546875 0.038970947265625
0.022247314453125 -0.00798416137695313 -0.334991455078125 -0.06121826171875
-0.000133514404296875 0.0246067047119141 -0.182708740234375 -0.301239013671875
0.0185604095458984 0.0119132995605469 0.207489013671875 -0.4290771484375
-0.00974559783935547 0.00735569000244141 0.6466064453125 -0.1937255859375
-0.0556831359863281 -0.0108833312988281 0.62310791015625 0.51373291015625
-0.0214462280273437 -0.0639457702636719 0.0360107421875001 0.8963623046875
0.0528411865234375 -0.0181007385253906 -0.401885986328125 0.550750732421875
0.0905075073242188 0.00473785400390625 -0.011688232421875 0.0707855224609375
0.0670738220214844 -0.0190315246582031 0.48883056640625 -0.474609375
0.0334014892578125 -0.0484657287597656 0.113525390625 -0.9569091796875
-0.0175418853759766 -0.0282859802246094 -0.63818359375 -0.52838134765625
-0.0212173461914063 0.003143310546875 -0.640869140625 0.20025634765625
-0.00167369842529297 0.0137605667114258 -0.236724853515625 0.43389892578125
-0.00983619689941406 0.014765739440918 0.164703369140625 0.317474365234375
0.0152721405029297 0.00058746337890625 0.331298828125 0.043426513671875
0.0219936370849609 -0.00818824768066406 -0.329437255859375 -0.0558776855468751
-0.000308990478515627 0.0216007232666016 -0.180877685546875 -0.297882080078125
0.0165529251098633 0.0115623474121094 0.206573486328125 -0.425933837890625
-0.00652027130126953 0.00925827026367188 0.64361572265625 -0.189697265625
-0.052093505859375 -0.00558090209960937 0.62347412109375 0.51617431640625
-0.0205574035644531 -0.0587959289550781 0.03619384765625 0.90118408203125
0.0482292175292969 -0.0131645202636719 -0.408294677734375 0.5584716796875
0.0830612182617188 0.0078125 -0.0213394165039063 0.07464599609375
0.0636520385742188 -0.0133628845214844 0.48358154296875 -0.4696044921875
0.0345649719238281 -0.0450363159179688 0.11102294921875 -0.9541015625
-0.0144462585449219 -0.0249481201171875 -0.63885498046875 -0.52947998046875
-0.0190219879150391 0.00503921508789063 -0.64251708984375 0.20184326171875
-0.000878334045410155 0.0123109817504883 -0.240753173828125 0.43597412109375
-0.0079507827758789 0.01385498046875 0.16632080078125 0.3189697265625
0.0165557861328125 -0.000804901123046875 0.33111572265625 0.04840087890625
0.0222644805908203 -0.011260986328125 -0.3280029296875 -0.049560546875
0.00227832794189453 0.0171566009521484 -0.176666259765625 -0.2991943359375
0.0182914733886719 0.00649261474609375 0.208282470703125 -0.422882080078125
-0.00224876403808594 0.0109395980834961 0.6458740234375 -0.1806640625
-0.047088623046875 0.00153732299804688 0.61956787109375 0.5255126953125
-0.0181465148925781 -0.0507965087890625 0.025390625 0.90838623046875
0.0421676635742187 -0.00782012939453125 -0.418731689453125 0.55987548828125
0.0732269287109375 0.0100631713867188 -0.0255279541015625 0.075531005859375
0.0556793212890625 -0.00774765014648437 0.478515625 -0.467132568359375
0.0343742370605469 -0.0365791320800781 0.10211181640625 -0.94915771484375
-0.009033203125 -0.0181121826171875 -0.6451416015625 -0.52044677734375
-0.0147485733032227 0.00646591186523438 -0.6414794921875 0.20916748046875
0.00131320953369141 0.0100297927856445 -0.23828125 0.44091796875
-0.00478649139404297 0.0108814239501953 0.17120361328125 0.321685791015625
0.0165424346923828 -0.00189876556396484 0.3358154296875 0.054931640625
0.0223197937011719 -0.0145359039306641 -0.32647705078125 -0.04644775390625
0.00495719909667969 0.00871181488037109 -0.172576904296875 -0.2996826171875
0.0204734802246094 0.00151443481445313 0.2138671875 -0.4205322265625
0.00355625152587891 0.0132350921630859 0.6483154296875 -0.17315673828125
-0.0419158935546875 0.00604248046875 0.61553955078125 0.5355224609375
-0.017974853515625 -0.0418128967285156 0.01220703125 0.912109375
0.0351829528808594 -0.000293731689453125 -0.425018310546875 0.558746337890625
0.061767578125 0.0130691528320313 -0.0289077758789063 0.0767135620117188
0.0471611022949219 -0.0013885498046875 0.473175048828125 -0.46875
0.0340042114257813 -0.0264015197753906 0.09423828125 -0.94696044921875
-0.00265407562255859 -0.0100717544555664 -0.65325927734375 -0.51080322265625
-0.00826215744018555 0.00813913345336914 -0.6419677734375 0.2171630859375
0.00657224655151367 0.00609636306762695 -0.235443115234375 0.44268798828125
-0.00125455856323242 0.00255012512207031 0.175201416015625 0.3211669921875
0.0162105560302734 -0.00327682495117188 0.34063720703125 0.05780029296875
0.0216827392578125 -0.0163116455078125 -0.3282470703125 -0.0467834472656251
0.00787830352783203 0.00350427627563477 -0.16961669921875 -0.30108642578125
0.0243053436279297 -0.00581169128417969 0.21417236328125 -0.421783447265625
0.0101747512817383 0.0140647888183594 0.6510009765625 -0.1688232421875
-0.03662109375 0.0146217346191406 0.61083984375 0.5386962890625
-0.0199546813964844 -0.0317058563232422 0.00415039062500007 0.9129638671875
0.0273151397705078 0.005218505859375 -0.430694580078125 0.555999755859375
0.0513839721679688 0.013214111328125 -0.026611328125 0.0782470703125
0.0377082824707031 0.00406646728515625 0.46856689453125 -0.46868896484375
0.0313987731933594 -0.0160312652587891 0.08245849609375 -0.9427490234375
0.00367426872253418 -0.000352621078491211 -0.6580810546875 -0.50323486328125
-0.000516891479492188 0.0084075927734375 -0.6402587890625 0.22271728515625
0.0109834671020508 0.000142097473144531 -0.23004150390625 0.446563720703125
0.00207328796386719 -0.00593471527099609 0.177459716796875 0.322784423828125
0.0158195495605469 -0.00634193420410156 0.343353271484375 0.061370849609375
0.0218429565429688 -0.0186824798583984 -0.329193115234375 -0.048583984375
0.0112228393554687 -0.00528240203857422 -0.166229248046875 -0.303558349609375
0.0300483703613281 -0.0137290954589844 0.2205810546875 -0.42144775390625
0.0175437927246094 0.0150537490844727 0.655029296875 -0.16668701171875
-0.0290756225585938 0.0220260620117188 0.60455322265625 0.54571533203125
-0.0188083648681641 -0.0222187042236328 -0.00805664062500002 0.91265869140625
0.0178070068359375 0.0115070343017578 -0.432586669921875 0.55120849609375
0.0400161743164063 0.0146331787109375 -0.02337646484375 0.07574462890625
0.0285453796386719 0.0107784271240234 0.46661376953125 -0.471954345703125
0.0304527282714844 -0.006744384765625 0.0689086914062499 -0.94195556640625
0.00973320007324219 0.00790977478027344 -0.66461181640625 -0.49273681640625
0.00638818740844727 0.00681352615356445 -0.63690185546875 0.2279052734375
0.0151443481445313 -0.00631046295166016 -0.225341796875 0.447723388671875
0.00642967224121094 -0.0139894485473633 0.18121337890625 0.3231201171875
0.0154485702514648 -0.0082855224609375 0.344940185546875 0.06005859375
0.0219745635986328 -0.0205650329589844 -0.33251953125 -0.0535888671875
0.0146989822387695 -0.0127553939819336 -0.166168212890625 -0.3046875
0.0335273742675781 -0.0193824768066406 0.226776123046875 -0.424530029296875
0.0230712890625 0.0146942138671875 0.6591796875 -0.1649169921875
-0.0259132385253906 0.0283565521240234 0.60015869140625 0.548095703125
-0.0232391357421875 -0.014984130859375 -0.017578125 0.90826416015625
0.0107650756835937 0.0180416107177734 -0.429779052734375 0.54681396484375
0.031402587890625 0.0155181884765625 -0.0151748657226562 0.072662353515625
0.0222930908203125 0.0141105651855469 0.466064453125 -0.477020263671875
0.028350830078125 0.00164413452148438 0.0579223632812499 -0.94342041015625
0.0152149200439453 0.013728141784668 -0.6712646484375 -0.48590087890625
0.0124273300170898 0.0068817138671875 -0.63165283203125 0.23077392578125
0.0200729370117188 -0.0126266479492188 -0.2178955078125 0.44891357421875
0.00988197326660156 -0.0216770172119141 0.182220458984375 0.32275390625
0.0160846710205078 -0.00911331176757813 0.344940185546875 0.057373046875
0.0221309661865234 -0.00626945495605469 -0.341278076171875 -0.06268310546875
0.000158309936523437 0.0240039825439453 -0.188751220703125 -0.30084228515625
0.0169582366943359 0.00934028625488281 0.21014404296875 -0.435760498046875
-0.00880241394042969 0.00582313537597656 0.6488037109375 -0.19915771484375
-0.0561141967773438 -0.00963592529296876 0.6282958984375 0.51251220703125
-0.0221290588378906 -0.0653038024902344 0.0386962890625001 0.89715576171875
0.0531234741210938 -0.0200996398925781 -0.391571044921875 0.54766845703125
0.0920791625976563 0.0008392333984375 0.00122833251953126 0.0665626525878906
0.0667648315429688 -0.0212364196777344 0.487060546875 -0.49212646484375
0.0311012268066406 -0.0501785278320313 0.0898437500000001 -0.96099853515625
-0.0176410675048828 -0.0280590057373047 -0.65313720703125 -0.51318359375
-0.0185432434082031 0.00351333618164063 -0.63409423828125 0.2137451171875
0.000352859497070314 0.012660026550293 -0.2261962890625 0.436614990234375
-0.00802993774414063 0.013239860534668 0.170074462890625 0.313018798828125
0.0151290893554688 0.00158405303955078 0.329315185546875 0.0325927734375
0.0211467742919922 -0.00824546813964844 -0.337554931640625 -0.055084228515625
-6.86645507812492E-05 0.0260181427001953 -0.1878662109375 -0.2994384765625
0.0151777267456055 0.0109748840332031 0.19989013671875 -0.4332275390625
-0.0105991363525391 0.00842857360839844 0.6431884765625 -0.20111083984375
-0.0551071166992187 -0.00909423828124999 0.63128662109375 0.5064697265625
-0.02093505859375 -0.0636520385742188 0.0477294921875 0.89697265625
0.0529937744140625 -0.0199050903320313 -0.395721435546875 0.55633544921875
0.0898666381835938 0.0032196044921875 -0.013641357421875 0.0717620849609375
0.0656471252441406 -0.0197296142578125 0.482757568359375 -0.480133056640625
0.0325355529785156 -0.050140380859375 0.1002197265625 -0.96044921875
-0.0183887481689453 -0.0281295776367187 -0.64483642578125 -0.5228271484375
-0.0195770263671875 0.00419044494628906 -0.63885498046875 0.20849609375
-0.00135421752929687 0.0132274627685547 -0.232666015625 0.4375
-0.00853729248046875 0.0149135589599609 0.169830322265625 0.31622314453125
0.0164451599121094 -9.5367431640625E-06 0.3326416015625 0.03912353515625
0.0223407745361328 -0.00891304016113281 -0.331451416015625 -0.048370361328125
-0.000524520874023436 0.0222854614257813 -0.185943603515625 -0.2974853515625
0.0169906616210938 0.0100345611572266 0.201812744140625 -0.430023193359375
-0.00725030899047851 0.00781106948852539 0.6419677734375 -0.20025634765625
-0.0533447265625 -0.00545120239257814 0.6324462890625 0.5084228515625
-0.0218124389648438 -0.0580482482910156 0.0465698242187501 0.90338134765625
0.0496368408203125 -0.0149269104003906 -0.4007568359375 0.564208984375
0.082672119140625 0.00543212890625 -0.0211334228515625 0.0744552612304688
0.06268310546875 -0.0145378112792969 0.478912353515625 -0.474822998046875
0.0335655212402344 -0.0437812805175781 0.102294921875 -0.95709228515625
-0.0148124694824219 -0.0240306854248047 -0.64617919921875 -0.5245361328125
-0.0195999145507813 0.00586128234863282 -0.64404296875 0.20904541015625
-0.00153827667236328 0.013585090637207 -0.23687744140625 0.438995361328125
-0.0077829360961914 0.0146541595458984 0.172027587890625 0.316680908203125
0.0183429718017578 -0.00118446350097656 0.33502197265625 0.045379638671875
0.0225009918212891 -0.011322021484375 -0.329925537109375 -0.0441284179687499
0.00250434875488281 0.0183658599853516 -0.1812744140625 -0.29693603515625
0.0178146362304687 0.00757598876953125 0.203369140625 -0.426849365234375
-0.00355720520019531 0.009857177734375 0.64410400390625 -0.19171142578125
-0.0465545654296875 0.000900268554687505 0.6251220703125 0.51898193359375
-0.020294189453125 -0.049102783203125 0.0363769531250001 0.91082763671875
0.0423927307128906 -0.00890350341796875 -0.4095458984375 0.5638427734375
0.0731277465820313 0.0089569091796875 -0.0253067016601563 0.0765609741210938
0.0552406311035156 -0.00841140747070313 0.473388671875 -0.473968505859375
0.0340576171875 -0.0364990234375 0.0908813476562501 -0.95416259765625
-0.008544921875 -0.0179939270019531 -0.6524658203125 -0.51519775390625
-0.0137996673583984 0.00560951232910157 -0.6402587890625 0.2183837890625
0.000460624694824219 0.0106725692749023 -0.232452392578125 0.443817138671875
-0.00609207153320313 0.0103874206542969 0.1748046875 0.31878662109375
0.0159082412719727 -0.00208473205566406 0.33819580078125 0.049285888671875
0.022552490234375 -0.0135707855224609 -0.329345703125 -0.042877197265625
0.00631809234619141 0.0109081268310547 -0.1759033203125 -0.297210693359375
0.0208473205566406 0.000658035278320313 0.208221435546875 -0.42596435546875
0.00233650207519531 0.0125913619995117 0.64813232421875 -0.1832275390625
-0.0417709350585938 0.00668334960937501 0.62261962890625 0.5274658203125
-0.0197944641113281 -0.0414657592773438 0.02374267578125 0.91546630859375
0.0362892150878906 -0.000934600830078125 -0.418212890625 0.56549072265625
0.0608291625976562 0.00948333740234375 -0.0280227661132812 0.0790557861328125
0.0472831726074219 -0.00334930419921875 0.46636962890625 -0.474822998046875
0.0316829681396484 -0.0267314910888672 0.0833740234375 -0.950439453125
-0.00299835205078125 -0.0106143951416016 -0.65704345703125 -0.5047607421875
-0.00638961791992187 0.00783014297485352 -0.64031982421875 0.22698974609375
0.00482463836669922 0.0062255859375 -0.229217529296875 0.44854736328125
-0.00127148628234863 0.00319910049438477 0.1805419921875 0.320037841796875
0.0165634155273438 -0.00295448303222656 0.341888427734375 0.0521240234375
0.0215835571289063 -0.0168094635009766 -0.329315185546875 -0.041656494140625
0.00763559341430664 0.00376367568969727 -0.173553466796875 -0.298583984375
0.0254650115966797 -0.0070648193359375 0.209197998046875 -0.425018310546875
0.0107488632202148 0.012354850769043 0.65057373046875 -0.1788330078125
-0.0338420867919922 0.017242431640625 0.619384765625 0.53143310546875
-0.0190486907958984 -0.0303764343261719 0.01385498046875 0.91485595703125
0.0266838073730469 0.00484085083007813 -0.4237060546875 0.5633544921875
0.0511627197265625 0.0123977661132813 -0.0266494750976563 0.0774002075195313
0.0378303527832031 0.00308609008789062 0.4652099609375 -0.473541259765625
0.0315799713134766 -0.0155811309814453 0.0716552734375 -0.94525146484375
0.00489139556884766 -0.000528335571289063 -0.66552734375 -0.49615478515625
-0.000631332397460937 0.00881671905517578 -0.6383056640625 0.2315673828125
0.00984954833984375 0.000605583190917969 -0.22491455078125 0.450714111328125
0.00162458419799805 -0.00580072402954101 0.1832275390625 0.32012939453125
0.0168046951293945 -0.00692558288574219 0.34521484375 0.054412841796875
0.0219497680664063 -0.0185127258300781 -0.332550048828125 -0.043853759765625
0.00990200042724609 -0.00412654876708984 -0.1724853515625 -0.3009033203125
0.0284023284912109 -0.0142383575439453 0.2138671875 -0.425567626953125
0.0169467926025391 0.0152320861816406 0.65374755859375 -0.17523193359375
-0.0298309326171875 0.0243453979492188 0.6134033203125 0.5379638671875
-0.0214366912841797 -0.0218353271484375 0.00280761718749996 0.9141845703125
0.0179424285888672 0.0107498168945313 -0.4267578125 0.55731201171875
0.0400466918945312 0.0136375427246094 -0.0214080810546875 0.076934814453125
0.0295257568359375 0.00895881652832031 0.462310791015625 -0.47723388671875
0.0304145812988281 -0.00609588623046875 0.0576171874999999 -0.9451904296875
0.010066032409668 0.00741195678710938 -0.67120361328125 -0.48614501953125
0.00565052032470703 0.00767326354980469 -0.635009765625 0.23773193359375
0.0149765014648437 -0.00682258605957031 -0.218414306640625 0.452056884765625
0.00637912750244141 -0.0129690170288086 0.187713623046875 0.32049560546875
0.0168132781982422 -0.00885295867919922 0.34759521484375 0.055084228515625
0.0207099914550781 -0.0202388763427734 -0.334442138671875 -0.048004150390625
0.0131425857543945 -0.0114269256591797 -0.171875 -0.302703857421875
0.0329475402832031 -0.0204696655273438 0.22149658203125 -0.42852783203125
0.0222854614257812 0.0138893127441406 0.6588134765625 -0.17340087890625
-0.0240764617919922 0.0277099609375 0.6092529296875 0.54119873046875
-0.0224113464355469 -0.0145683288574219 -0.00787353515624992 0.91070556640625
0.0122013092041016 0.0156049728393555 -0.425537109375 0.551605224609375
0.0314350128173828 0.0138607025146484 -0.0130386352539063 0.0743179321289063
0.0211925506591797 0.0129184722900391 0.461181640625 -0.483551025390625
0.0272750854492188 0.00191307067871094 0.0463867187499999 -0.94378662109375
0.0154218673706055 0.012608528137207 -0.679443359375 -0.480224609375
0.0124788284301758 0.00757503509521484 -0.63092041015625 0.23968505859375
0.0193729400634766 -0.0111522674560547 -0.213134765625 0.4521484375
0.00866889953613281 -0.0224628448486328 0.1873779296875 0.3192138671875
0.0178813934326172 -0.01068115234375 0.347015380859375 0.052093505859375
0.0218582153320313 -0.00775909423828125 -0.34002685546875 -0.0567321777343751
0.00135231018066406 0.0236454010009766 -0.192291259765625 -0.297760009765625
0.016963005065918 0.00817775726318359 0.20440673828125 -0.437896728515625
-0.00975513458251953 0.00606346130371094 0.6455078125 -0.20697021484375
-0.0571861267089844 -0.00839614868164063 0.63525390625 0.50439453125
-0.0234107971191406 -0.0626296997070313 0.0512695312499999 0.89483642578125
0.0533256530761719 -0.0207901000976563 -0.385467529296875 0.5513916015625
0.0910720825195313 -0.00032806396484375 0.0018310546875 0.0680580139160156
0.0654678344726563 -0.0227241516113281 0.4813232421875 -0.49737548828125
0.0299072265625 -0.0509757995605469 0.0759277343750001 -0.963134765625
-0.0185813903808594 -0.0278968811035156 -0.65875244140625 -0.50494384765625
-0.0188522338867187 0.00283432006835937 -0.63104248046875 0.223876953125
-0.000325202941894531 0.0118112564086914 -0.21954345703125 0.43963623046875
-0.00793170928955078 0.0131721496582031 0.176239013671875 0.310699462890625
0.0173759460449219 0.000710487365722656 0.33074951171875 0.029052734375
0.0221843719482422 -0.00748062133789063 -0.337677001953125 -0.0516052246093749
0.00109100341796875 0.0261726379394531 -0.1922607421875 -0.295257568359375
0.0155658721923828 0.0113735198974609 0.195465087890625 -0.435302734375
-0.0119333267211914 0.00740909576416015 0.6409912109375 -0.210205078125
-0.0559539794921875 -0.00713348388671876 0.63861083984375 0.49749755859375
-0.0229835510253906 -0.0612068176269531 0.0593872070312499 0.89666748046875
0.0535621643066406 -0.0205497741699219 -0.38763427734375 0.562042236328125
0.088897705078125 0.001495361328125 -0.010833740234375 0.0725479125976563
0.0655860900878906 -0.019805908203125 0.4771728515625 -0.48492431640625
0.0326499938964844 -0.050384521484375 0.0888671874999999 -0.960693359375
-0.0174942016601563 -0.0271110534667969 -0.6527099609375 -0.51568603515625
-0.0210990905761719 0.00394439697265625 -0.63525390625 0.2181396484375
-0.00125503540039063 0.0141134262084961 -0.2293701171875 0.441619873046875
-0.00969409942626953 0.0152254104614258 0.175079345703125 0.313751220703125
0.0162868499755859 6.38961791992188E-05 0.33148193359375 0.0341796875
0.0206222534179688 -0.00845718383789063 -0.33245849609375 -0.044769287109375
0.00137519836425781 0.0243778228759766 -0.190338134765625 -0.29266357421875
0.015376091003418 0.0100412368774414 0.194732666015625 -0.433837890625
-0.00893592834472656 0.00889205932617188 0.6395263671875 -0.20880126953125
-0.0528373718261719 -0.00352096557617188 0.63848876953125 0.50006103515625
-0.021209716796875 -0.0556793212890625 0.05950927734375 0.9033203125
0.0489158630371094 -0.015411376953125 -0.39373779296875 0.56817626953125
0.0831527709960938 0.00382232666015625 -0.020416259765625 0.0768585205078125
0.0641860961914062 -0.0155906677246094 0.47119140625 -0.4803466796875
0.0336761474609375 -0.0457954406738281 0.0896606445312501 -0.957275390625
-0.0153408050537109 -0.0250797271728516 -0.65179443359375 -0.5162353515625
-0.0182056427001953 0.0045623779296875 -0.63885498046875 0.21820068359375
-0.0027313232421875 0.0140666961669922 -0.23138427734375 0.4423828125
-0.00816631317138672 0.0146560668945313 0.1768798828125 0.31536865234375
0.0170402526855469 -0.00125885009765625 0.333831787109375 0.041229248046875
0.022247314453125 -0.0114955902099609 -0.330108642578125 -0.0398254394531251
0.00326156616210938 0.0194625854492188 -0.18621826171875 -0.293487548828125
0.0174274444580078 0.00580692291259766 0.19781494140625 -0.42999267578125
-0.00333786010742187 0.0111856460571289 0.64373779296875 -0.19921875
-0.0468978881835937 0.00220870971679687 0.6337890625 0.50982666015625
-0.02032470703125 -0.0492973327636719 0.04730224609375 0.909423828125
0.0434532165527344 -0.008941650390625 -0.403076171875 0.5704345703125
0.0720367431640625 0.00644683837890625 -0.0250473022460937 0.0782699584960938
0.0550956726074219 -0.00906753540039063 0.4654541015625 -0.47747802734375
0.0332794189453125 -0.0362739562988281 0.0800170898437501 -0.95233154296875
-0.00965499877929687 -0.0178012847900391 -0.6600341796875 -0.50543212890625
-0.0139999389648437 0.00544452667236328 -0.6385498046875 0.22711181640625
0.00118350982666016 0.0106000900268555 -0.227203369140625 0.446807861328125
-0.00561237335205078 0.0095977783203125 0.180450439453125 0.3160400390625
0.0165243148803711 -0.00226211547851562 0.33770751953125 0.0447998046875
0.0224361419677734 -0.0141220092773437 -0.329833984375 -0.03668212890625
0.00433826446533203 0.0117225646972656 -0.180877685546875 -0.29498291015625
0.0204067230224609 -0.000286102294921875 0.200439453125 -0.429229736328125
0.00372600555419922 0.0112218856811523 0.6436767578125 -0.1932373046875
-0.041046142578125 0.008514404296875 0.63006591796875 0.5179443359375
-0.0207901000976563 -0.0387802124023437 0.03546142578125 0.913818359375
0.0352516174316406 -0.00123977661132812 -0.41131591796875 0.5711669921875
0.0626258850097656 0.00963973999023438 -0.0272750854492187 0.0784683227539063
0.0467185974121094 -0.00307083129882812 0.460693359375 -0.478759765625
0.032958984375 -0.0274848937988281 0.0722656250000001 -0.95074462890625
-0.00210094451904297 -0.00932693481445313 -0.66595458984375 -0.49786376953125
-0.00774478912353516 0.0077815055847168 -0.63726806640625 0.2333984375
0.00526237487792969 0.0065922737121582 -0.2239990234375 0.4498291015625
-0.00215411186218262 0.00312042236328125 0.18524169921875 0.315399169921875
0.0167016983032227 -0.00513744354248047 0.34161376953125 0.04791259765625
0.0222358703613281 -0.0173587799072266 -0.33056640625 -0.035369873046875
0.00697088241577149 0.00365209579467773 -0.17779541015625 -0.295806884765625
0.0242137908935547 -0.00739097595214844 0.204010009765625 -0.429534912109375
0.00978946685791015 0.0123147964477539 0.6478271484375 -0.1890869140625
-0.0349521636962891 0.0171546936035156 0.62518310546875 0.5228271484375
-0.0196800231933594 -0.0292472839355469 0.0249633789062501 0.91314697265625
0.0275688171386719 0.00515174865722656 -0.41510009765625 0.568115234375
0.0500564575195313 0.0109100341796875 -0.0259170532226562 0.0793075561523438
0.0384292602539063 0.00348663330078125 0.458221435546875 -0.480316162109375
0.0311050415039062 -0.0161952972412109 0.057861328125 -0.94610595703125
0.00465822219848633 -0.00123262405395508 -0.67059326171875 -0.48760986328125
-0.000965118408203125 0.00820541381835938 -0.6341552734375 0.2398681640625
0.00872611999511719 -0.000336170196533203 -0.2205810546875 0.453033447265625
0.00121951103210449 -0.0043022632598877 0.188507080078125 0.318695068359375
0.016514778137207 -0.00794410705566406 0.345794677734375 0.05035400390625
0.0226707458496094 -0.0190525054931641 -0.332611083984375 -0.03741455078125
0.0106058120727539 -0.00497627258300781 -0.176483154296875 -0.29815673828125
0.0284786224365234 -0.0142288208007813 0.20916748046875 -0.428070068359375
0.016118049621582 0.0132980346679688 0.65081787109375 -0.185546875
-0.028472900390625 0.0235137939453125 0.62066650390625 0.5274658203125
-0.0212593078613281 -0.0208835601806641 0.01519775390625 0.91278076171875
0.0186729431152344 0.0109786987304688 -0.41693115234375 0.563232421875
0.0388870239257813 0.012054443359375 -0.0212554931640625 0.077423095703125
0.0289192199707031 0.00914955139160156 0.456390380859375 -0.482269287109375
0.0290927886962891 -0.00668525695800781 0.04681396484375 -0.94464111328125
0.010920524597168 0.00578022003173828 -0.67724609375 -0.477783203125
0.00668764114379883 0.00692176818847656 -0.6319580078125 0.24639892578125
0.0140018463134766 -0.00629711151123047 -0.211700439453125 0.4552001953125
0.00436878204345703 -0.0132369995117188 0.193084716796875 0.3179931640625
0.0167827606201172 -0.00955677032470703 0.34814453125 0.04876708984375
0.0206222534179688 -0.0194110870361328 -0.336029052734375 -0.0420227050781251
0.0142583847045898 -0.0117712020874023 -0.176025390625 -0.298797607421875
0.0328941345214844 -0.0205535888671875 0.215423583984375 -0.430938720703125
0.02142333984375 0.0142192840576172 0.65484619140625 -0.1824951171875
-0.0240802764892578 0.0289688110351562 0.61517333984375 0.53271484375
-0.0220222473144531 -0.0120429992675781 0.00531005859374998 0.91290283203125
0.0118598937988281 0.0161037445068359 -0.41650390625 0.556976318359375
0.0309219360351563 0.0133056640625 -0.0130081176757813 0.0740280151367188
0.0221652984619141 0.0121898651123047 0.454833984375 -0.487579345703125
0.0264644622802734 -0.000127792358398438 0.03582763671875 -0.94476318359375
0.0151100158691406 0.0128078460693359 -0.68377685546875 -0.47149658203125
0.0129661560058594 0.00574684143066406 -0.62689208984375 0.2469482421875
0.0183486938476563 -0.0121479034423828 -0.207275390625 0.4534912109375
0.00860977172851562 -0.0212688446044922 0.192779541015625 0.31689453125
0.0177173614501953 -0.00958061218261719 0.34857177734375 0.04705810546875
0.0216922760009766 -0.00698280334472656 -0.3409423828125 -0.051361083984375
0.0030670166015625 0.0253562927246094 -0.19732666015625 -0.295806884765625
0.016148567199707 0.00833606719970703 0.1968994140625 -0.439727783203125
-0.010920524597168 0.00508594512939453 0.643310546875 -0.2127685546875
-0.0564308166503906 -0.00709915161132813 0.64080810546875 0.494140625
-0.0242576599121094 -0.0622329711914063 0.0612182617187499 0.8916015625
0.0517997741699219 -0.0225563049316406 -0.376556396484375 0.55621337890625
0.0892410278320313 -0.00199127197265625 0.00383377075195314 0.068115234375
0.0658416748046875 -0.0244026184082031 0.472412109375 -0.5003662109375
0.0285224914550781 -0.0500297546386719 0.0656738281249999 -0.96148681640625
-0.0198173522949219 -0.0273418426513672 -0.66351318359375 -0.49658203125
-0.0167617797851562 0.0028076171875 -0.6263427734375 0.2310791015625
-0.000102996826171875 0.013157844543457 -0.214080810546875 0.441497802734375
-0.00912952423095703 0.0129203796386719 0.181854248046875 0.307373046875
0.0165491104125977 -0.000802993774414063 0.330413818359375 0.02545166015625
0.0228805541992188 -0.00707054138183594 -0.3375244140625 -0.045562744140625
0.00230979919433594 0.0265178680419922 -0.19647216796875 -0.29034423828125
0.0145502090454102 0.00945949554443359 0.19134521484375 -0.43670654296875
-0.0105781555175781 0.006683349609375 0.63568115234375 -0.21820068359375
-0.0550384521484375 -0.00634765624999999 0.6427001953125 0.4881591796875
-0.0243911743164062 -0.0600090026855469 0.0700683593750001 0.89471435546875
0.0534286499023438 -0.02117919921875 -0.3809814453125 0.56536865234375
0.0885391235351563 -0.00125885009765625 -0.00983428955078125 0.0722427368164063
0.0655136108398438 -0.0202255249023438 0.469390869140625 -0.491729736328125
0.0315475463867187 -0.0498542785644531 0.07635498046875 -0.958740234375
-0.0178413391113281 -0.0277519226074219 -0.65716552734375 -0.5047607421875
-0.0194606781005859 0.00343704223632813 -0.6317138671875 0.2236328125
-0.00235748291015625 0.0142374038696289 -0.221099853515625 0.442596435546875
-0.00972366333007812 0.0154380798339844 0.17864990234375 0.31048583984375
0.0162572860717773 -0.000746726989746094 0.33197021484375 0.029052734375
0.0222816467285156 -0.00695037841796875 -0.33184814453125 -0.0386962890625
0.0026397705078125 0.0243625640869141 -0.19287109375 -0.289459228515625
0.0142412185668945 0.00923919677734375 0.18804931640625 -0.436492919921875
-0.00726985931396484 0.0093221664428711 0.63360595703125 -0.214111328125
-0.0519218444824219 -0.00197601318359376 0.644775390625 0.49066162109375
-0.0227813720703125 -0.0536575317382813 0.06927490234375 0.89874267578125
0.0481605529785156 -0.0167503356933594 -0.38616943359375 0.572265625
0.081634521484375 0.00276947021484375 -0.0188217163085937 0.0767974853515625
0.0618171691894531 -0.0163040161132812 0.466064453125 -0.484466552734375
0.0325431823730469 -0.0454292297363281 0.079345703125 -0.9561767578125
-0.0147686004638672 -0.0240669250488281 -0.6561279296875 -0.508544921875
-0.0189952850341797 0.00397682189941406 -0.63421630859375 0.225830078125
-0.000959396362304687 0.0126419067382813 -0.224212646484375 0.4444580078125
-0.0089263916015625 0.0140237808227539 0.18060302734375 0.3128662109375
0.0165596008300781 -0.00248146057128906 0.334381103515625 0.036163330078125
0.0231475830078125 -0.00831413269042969 -0.331787109375 -0.0346069335937501
0.00132369995117187 0.0201892852783203 -0.18841552734375 -0.289459228515625
0.017003059387207 0.00567436218261719 0.190704345703125 -0.431396484375
-0.00382328033447266 0.0114097595214844 0.63836669921875 -0.20782470703125
-0.046051025390625 0.00323104858398437 0.64068603515625 0.49835205078125
-0.0199508666992188 -0.0483283996582031 0.05810546875 0.90765380859375
0.0440788269042969 -0.00944137573242188 -0.3955078125 0.57489013671875
0.0720291137695312 0.00551605224609375 -0.0230712890625 0.0784835815429687
0.0538597106933594 -0.00978851318359375 0.456787109375 -0.48297119140625
0.0325279235839844 -0.0379791259765625 0.0667114257812501 -0.95050048828125
-0.00841903686523438 -0.0178585052490234 -0.662353515625 -0.49676513671875
-0.0149707794189453 0.00531673431396484 -0.632568359375 0.2330322265625
5.62667846679693E-05 0.0110549926757812 -0.22271728515625 0.448638916015625
-0.00625324249267578 0.0109739303588867 0.184814453125 0.313446044921875
0.0167999267578125 -0.00305652618408203 0.339080810546875 0.0394287109375
0.0241127014160156 -0.0131893157958984 -0.327880859375 -0.031097412109375
0.00423622131347656 0.0127506256103516 -0.185577392578125 -0.2913818359375
0.0192317962646484 0.000375747680664063 0.193817138671875 -0.430938720703125
0.00219535827636719 0.0120611190795898 0.64227294921875 -0.20068359375
-0.0424690246582031 0.010040283203125 0.63623046875 0.508056640625
-0.0202827453613281 -0.0388221740722656 0.04583740234375 0.9105224609375
0.0353736877441406 -0.00262832641601563 -0.40277099609375 0.57611083984375
0.0612869262695313 0.0084228515625 -0.026123046875 0.079376220703125
0.0467681884765625 -0.00369644165039063 0.455657958984375 -0.4835205078125
0.0325775146484375 -0.0280132293701172 0.05877685546875 -0.948974609375
-0.00226306915283203 -0.00947475433349609 -0.66754150390625 -0.4888916015625
-0.00821065902709961 0.00671815872192383 -0.63250732421875 0.23968505859375
0.00582218170166016 0.00637626647949219 -0.219451904296875 0.452056884765625
-0.00385904312133789 0.003814697265625 0.189605712890625 0.312744140625
0.017207145690918 -0.00615406036376953 0.3416748046875 0.042999267578125
0.02203369140625 -0.0163917541503906 -0.331268310546875 -0.029754638671875
0.00754261016845703 0.00531482696533203 -0.1812744140625 -0.29266357421875
0.0236930847167969 -0.00795936584472656 0.19598388671875 -0.431488037109375
0.0097494125366211 0.0118703842163086 0.64288330078125 -0.197021484375
-0.0341777801513672 0.0189285278320312 0.63134765625 0.51263427734375
-0.0198612213134766 -0.0288505554199219 0.035888671875 0.91326904296875
0.0277748107910156 0.00464439392089844 -0.407470703125 0.5716552734375
0.0501480102539062 0.00997161865234375 -0.0248031616210937 0.0793914794921875
0.0369529724121094 0.00149154663085938 0.44989013671875 -0.48272705078125
0.0308437347412109 -0.0173130035400391 0.047119140625 -0.94549560546875
0.00498199462890625 -3.67164611816406E-05 -0.67462158203125 -0.479248046875
-0.00172948837280273 0.00801277160644531 -0.629638671875 0.245849609375
0.00911521911621094 0.000738143920898438 -0.213287353515625 0.455108642578125
0.00120949745178223 -0.00430130958557129 0.19354248046875 0.31341552734375
0.0173578262329102 -0.00707912445068359 0.3458251953125 0.04461669921875
0.0214347839355469 -0.0177764892578125 -0.332489013671875 -0.031219482421875
0.0108451843261719 -0.00333023071289063 -0.18072509765625 -0.2940673828125
0.0285320281982422 -0.0153980255126953 0.2015380859375 -0.432373046875
0.0167570114135742 0.0125837326049805 0.6466064453125 -0.19439697265625
-0.0283794403076172 0.0250053405761719 0.6258544921875 0.52008056640625
-0.0217437744140625 -0.0191612243652344 0.0261230468749999 0.91192626953125
0.0177421569824219 0.0107479095458984 -0.410400390625 0.56793212890625
0.0403480529785156 0.01190185546875 -0.02020263671875 0.07720947265625
0.0289058685302734 0.00720787048339844 0.44903564453125 -0.48565673828125
0.0290622711181641 -0.00694465637207031 0.0349731445312499 -0.94158935546875
0.00924968719482422 0.00574684143066406 -0.67913818359375 -0.4686279296875
0.00509071350097656 0.00691032409667969 -0.62664794921875 0.25225830078125
0.0137720108032227 -0.00720024108886719 -0.207061767578125 0.457000732421875
0.00491523742675781 -0.014317512512207 0.196441650390625 0.312591552734375
0.0153884887695313 -0.00859165191650391 0.346588134765625 0.04345703125
0.0216579437255859 -0.0186862945556641 -0.33587646484375 -0.036376953125
0.0131521224975586 -0.0112199783325195 -0.179107666015625 -0.2962646484375
0.0302371978759766 -0.0205364227294922 0.20928955078125 -0.432464599609375
0.0230197906494141 0.0121479034423828 0.6507568359375 -0.19189453125
-0.0240421295166016 0.0300559997558594 0.6224365234375 0.52471923828125
-0.0222606658935547 -0.0123271942138672 0.0156250000000001 0.908935546875
0.0108966827392578 0.0144796371459961 -0.4100341796875 0.560455322265625
0.0310745239257812 0.0120697021484375 -0.0127792358398438 0.0762557983398438
0.0209636688232422 0.0119571685791016 0.448150634765625 -0.49237060546875
0.0263938903808594 -0.00110435485839844 0.0244140625 -0.94122314453125
0.0149898529052734 0.0120210647583008 -0.68896484375 -0.46356201171875
0.0119543075561523 0.00558662414550781 -0.62310791015625 0.2550048828125
0.0183849334716797 -0.0121192932128906 -0.199066162109375 0.454498291015625
0.00788497924804688 -0.0199375152587891 0.1981201171875 0.31304931640625
0.0169534683227539 -0.0108366012573242 0.34930419921875 0.042449951171875
0.0211620330810547 -0.004730224609375 -0.341766357421875 -0.0433654785156249
0.00234222412109375 0.0256786346435547 -0.199462890625 -0.28955078125
0.0153360366821289 0.00679111480712891 0.19140625 -0.442626953125
-0.00928115844726563 0.00475215911865234 0.6370849609375 -0.22320556640625
-0.0561561584472656 -0.00639343261718751 0.64599609375 0.4871826171875
-0.0247993469238281 -0.0613212585449219 0.07110595703125 0.88604736328125
0.0528831481933594 -0.0219192504882813 -0.371246337890625 0.56005859375
0.089569091796875 -0.00507354736328125 0.00344848632812501 0.0677947998046875
0.0660209655761719 -0.0234870910644531 0.466522216796875 -0.503936767578125
0.0264015197753906 -0.0492401123046875 0.0522460937500001 -0.96112060546875
-0.0197696685791016 -0.0268993377685547 -0.66851806640625 -0.49176025390625
-0.0194034576416016 0.00344467163085938 -0.61962890625 0.2364501953125
0.000304222106933594 0.0145463943481445 -0.206146240234375 0.4405517578125
-0.00764751434326172 0.0143508911132813 0.18231201171875 0.30401611328125
0.0160894393920898 1.33514404296875E-05 0.328765869140625 0.019989013671875
0.0242824554443359 -0.00728607177734375 -0.337860107421875 -0.0413818359375001
0.0026702880859375 0.0280838012695313 -0.20025634765625 -0.286590576171875
0.0123624801635742 0.00932216644287109 0.18267822265625 -0.439605712890625
-0.00993728637695313 0.00806522369384766 0.63232421875 -0.22491455078125
-0.0533332824707031 -0.004486083984375 0.648193359375 0.47894287109375
-0.0213394165039062 -0.0590476989746094 0.0806884765624999 0.890380859375
0.0502510070800781 -0.0206069946289063 -0.37188720703125 0.56982421875
0.0894775390625 -0.00141143798828125 -0.00952911376953125 0.0756378173828125
0.0651321411132813 -0.0204963684082031 0.461639404296875 -0.492279052734375
0.0306053161621094 -0.0514678955078125 0.0662841796875001 -0.95574951171875
-0.0187263488769531 -0.0285606384277344 -0.6580810546875 -0.49761962890625
-0.0193653106689453 0.00342369079589844 -0.626953125 0.2294921875
-0.00148677825927734 0.0157241821289063 -0.21697998046875 0.442718505859375
-0.00872421264648438 0.0181674957275391 0.183319091796875 0.307403564453125
0.0170888900756836 -0.00176620483398438 0.33209228515625 0.0262451171875
0.0225086212158203 -0.008026123046875 -0.334014892578125 -0.033843994140625
0.00139427185058594 0.0245933532714844 -0.19561767578125 -0.286102294921875
0.0136070251464844 0.0100584030151367 0.1826171875 -0.437835693359375
-0.0108556747436523 0.00901985168457031 0.63043212890625 -0.224609375
-0.0514144897460938 -0.000556945800781241 0.64996337890625 0.479736328125
-0.0223655700683594 -0.0552940368652344 0.07818603515625 0.8974609375
0.0470123291015625 -0.0171699523925781 -0.37939453125 0.57537841796875
0.0830001831054688 -0.000732421875 -0.0174179077148437 0.0774993896484375
0.0602798461914063 -0.0189247131347656 0.455413818359375 -0.487762451171875
0.0303001403808594 -0.0450439453125 0.0671386718749999 -0.95489501953125
-0.0144100189208984 -0.0244331359863281 -0.6610107421875 -0.5
-0.0184383392333984 0.00470733642578125 -0.631103515625 0.2325439453125
-0.00267696380615234 0.0150794982910156 -0.21875 0.446563720703125
-0.00788402557373047 0.014918327331543 0.184417724609375 0.30712890625
0.0172548294067383 -0.00199031829833984 0.33404541015625 0.030853271484375
0.0246906280517578 -0.0100498199462891 -0.329925537109375 -0.02899169921875
0.00575828552246094 0.0216331481933594 -0.191009521484375 -0.287261962890625
0.0168390274047852 0.00516223907470703 0.1859130859375 -0.432861328125
-0.00379848480224609 0.0103340148925781 0.63482666015625 -0.2149658203125
-0.0473060607910156 0.00451278686523439 0.64447021484375 0.49017333984375
-0.0191879272460938 -0.0455169677734375 0.0662841796874999 0.9027099609375
0.0424995422363281 -0.0106468200683594 -0.38604736328125 0.5789794921875
0.0730972290039063 0.00310516357421875 -0.0242843627929687 0.0796966552734375
0.0535125732421875 -0.0107955932617188 0.452880859375 -0.485809326171875
0.0331649780273438 -0.0365257263183594 0.0577392578124999 -0.94744873046875
-0.0105323791503906 -0.0183200836181641 -0.66619873046875 -0.48876953125
-0.0141973495483398 0.00573253631591797 -0.62811279296875 0.24017333984375
0.000634193420410157 0.0101900100708008 -0.212799072265625 0.447052001953125
-0.00622081756591797 0.0120401382446289 0.189422607421875 0.309661865234375
0.0173969268798828 -0.00512790679931641 0.337371826171875 0.035247802734375
0.0224189758300781 -0.0130615234375 -0.32830810546875 -0.02362060546875
0.00505447387695312 0.0128316879272461 -0.18865966796875 -0.2880859375
0.0187416076660156 -0.000354766845703125 0.187469482421875 -0.432098388671875
0.00345897674560547 0.011962890625 0.63818359375 -0.2081298828125
-0.0401191711425781 0.01287841796875 0.64166259765625 0.49755859375
-0.0209503173828125 -0.0374755859375 0.0566406250000001 0.9075927734375
0.0355987548828125 -0.00299072265625 -0.39544677734375 0.577392578125
0.0621261596679688 0.00742721557617188 -0.0245437622070313 0.0812149047851563
0.048492431640625 -0.00593948364257813 0.446136474609375 -0.48541259765625
0.0313987731933594 -0.0272102355957031 0.0473022460937499 -0.9488525390625
-0.00127792358398438 -0.0113039016723633 -0.6712646484375 -0.47930908203125
-0.00757217407226562 0.00781106948852539 -0.62786865234375 0.24603271484375
0.0041961669921875 0.00811672210693359 -0.212158203125 0.453857421875
-0.0020453929901123 0.00312113761901855 0.19232177734375 0.311370849609375
0.0164375305175781 -0.00687789916992187 0.340057373046875 0.039459228515625
0.0228633880615234 -0.0136699676513672 -0.32867431640625 -0.02587890625
0.00815296173095703 0.00700569152832031 -0.186859130859375 -0.289764404296875
0.0234889984130859 -0.007354736328125 0.192779541015625 -0.432464599609375
0.00893974304199219 0.0121183395385742 0.63763427734375 -0.2056884765625
-0.0336551666259766 0.0175247192382812 0.63623046875 0.50408935546875
-0.0202865600585938 -0.0273170471191406 0.0455932617187501 0.90545654296875
0.0277843475341797 0.00369453430175781 -0.39892578125 0.57501220703125
0.0496597290039063 0.00800704956054688 -0.0256881713867187 0.0796890258789062
0.0393600463867188 0.00235366821289063 0.443145751953125 -0.483917236328125
0.0310287475585937 -0.0196475982666016 0.037841796875 -0.9427490234375
0.00527572631835938 -0.000550746917724609 -0.6778564453125 -0.47113037109375
-0.000103473663330079 0.00790214538574219 -0.624755859375 0.25390625
0.00904941558837891 0.000428199768066406 -0.205474853515625 0.45623779296875
-0.000943660736083985 -0.00532293319702148 0.1964111328125 0.3099365234375
0.0201015472412109 -0.00696563720703125 0.344482421875 0.040130615234375
0.022125244140625 -0.0183429718017578 -0.331756591796875 -0.026275634765625
0.0120105743408203 -0.00376510620117188 -0.18402099609375 -0.28863525390625
0.0251960754394531 -0.0156078338623047 0.1966552734375 -0.435150146484375
0.0157613754272461 0.0136251449584961 0.64373779296875 -0.20013427734375
-0.0259151458740234 0.0266189575195313 0.62994384765625 0.5096435546875
-0.0195903778076172 -0.0190200805664063 0.03424072265625 0.9061279296875
0.0195350646972656 0.00940895080566406 -0.40216064453125 0.5706787109375
0.0394477844238281 0.0108375549316406 -0.0185394287109375 0.077484130859375
0.0279178619384766 0.00821685791015625 0.441009521484375 -0.490234375
0.0282230377197266 -0.00755882263183594 0.0264892578125 -0.939208984375
0.0110311508178711 0.00606727600097656 -0.68255615234375 -0.4630126953125
0.00809144973754883 0.00687980651855469 -0.62255859375 0.25958251953125
0.0134096145629883 -0.00574016571044922 -0.201202392578125 0.457000732421875
0.00422382354736328 -0.0146808624267578 0.20159912109375 0.31072998046875
0.0160083770751953 -0.0121326446533203 0.34686279296875 0.03857421875
0.0211391448974609 -0.0173244476318359 -0.334136962890625 -0.032073974609375
0.0136404037475586 -0.00889301300048828 -0.182769775390625 -0.293548583984375
0.0294933319091797 -0.0231342315673828 0.204193115234375 -0.435699462890625
0.0223026275634766 0.0125293731689453 0.64794921875 -0.1976318359375
-0.0238857269287109 0.0302085876464844 0.6268310546875 0.513427734375
-0.0218486785888672 -0.0112724304199219 0.02685546875 0.9044189453125
0.0121879577636719 0.0156984329223633 -0.39923095703125 0.563720703125
0.0286426544189453 0.0122051239013672 -0.0115585327148437 0.07586669921875
0.0208511352539062 0.0121822357177734 0.438568115234375 -0.49456787109375
0.0272636413574219 0.000146865844726563 0.010986328125 -0.93994140625
0.016148567199707 0.0121555328369141 -0.69134521484375 -0.45172119140625
0.0113210678100586 0.00501823425292969 -0.61785888671875 0.26220703125
0.0172004699707031 -0.0121316909790039 -0.19476318359375 0.4556884765625
0.00624275207519531 -0.0221118927001953 0.202178955078125 0.30950927734375
0.0158414840698242 -0.0116157531738281 0.34600830078125 0.038238525390625
0.022552490234375 -0.00580406188964844 -0.341400146484375 -0.041046142578125
0.00346565246582031 0.0251312255859375 -0.2030029296875 -0.28607177734375
0.0151557922363281 0.00614738464355469 0.184906005859375 -0.4442138671875
-0.0105419158935547 0.00739288330078125 0.63299560546875 -0.22955322265625
-0.0555229187011719 -0.005615234375 0.64874267578125 0.47552490234375
-0.023834228515625 -0.0594711303710938 0.0796508789062501 0.88232421875
0.0517578125 -0.0227279663085938 -0.361328125 0.56005859375
0.0887222290039063 -0.006317138671875 0.00385284423828126 0.0686531066894531
0.0632209777832031 -0.0245819091796875 0.45782470703125 -0.505584716796875
0.0269699096679688 -0.0519294738769531 0.0466308593749999 -0.9566650390625
-0.0194435119628906 -0.0282230377197266 -0.6676025390625 -0.48138427734375
-0.0185756683349609 0.00268745422363281 -0.616455078125 0.2412109375
-0.00123214721679688 0.0146207809448242 -0.2025146484375 0.442840576171875
-0.00802993774414063 0.0162868499755859 0.187225341796875 0.29888916015625
0.0174732208251953 -0.00208950042724609 0.327484130859375 0.01568603515625
0.0230560302734375 -0.00663375854492188 -0.335906982421875 -0.0355834960937501
0.00267219543457031 0.0292091369628906 -0.20257568359375 -0.28314208984375
0.0143356323242188 0.0101890563964844 0.17779541015625 -0.4407958984375
-0.0121088027954102 0.00700664520263672 0.6268310546875 -0.233154296875
-0.0545616149902344 -0.00397491455078124 0.6505126953125 0.46856689453125
-0.02423095703125 -0.0584068298339844 0.0884399414062499 0.8848876953125
0.0518112182617188 -0.0216445922851563 -0.364990234375 0.56982421875
0.0875015258789063 -0.005279541015625 -0.00962066650390625 0.0736083984375
0.0643119812011719 -0.0230369567871094 0.4542236328125 -0.495086669921875
0.0292625427246094 -0.0509185791015625 0.0535888671875 -0.95513916015625
-0.0177860260009766 -0.0278224945068359 -0.66015625 -0.4881591796875
-0.0188941955566406 0.003204345703125 -0.62115478515625 0.23638916015625
-0.0021209716796875 0.0143013000488281 -0.209197998046875 0.443603515625
-0.00904273986816406 0.0168371200561523 0.185638427734375 0.302581787109375
0.0187644958496094 -0.00297164916992188 0.32977294921875 0.022216796875
0.023193359375 -0.00746536254882812 -0.33319091796875 -0.030487060546875
0.00295639038085938 0.0256404876708984 -0.199371337890625 -0.28131103515625
0.0145797729492188 0.00841617584228516 0.176422119140625 -0.43682861328125
-0.00881671905517578 0.00819778442382813 0.62579345703125 -0.230224609375
-0.0512008666992188 0.00052642822265626 0.65155029296875 0.4715576171875
-0.0209808349609375 -0.0537185668945313 0.0870361328125 0.891357421875
0.0480728149414062 -0.0172004699707031 -0.370361328125 0.57794189453125
0.0807952880859375 0 -0.0182266235351562 0.0778427124023437
0.0614814758300781 -0.0176963806152344 0.450439453125 -0.488433837890625
0.0293540954589844 -0.0442085266113281 0.0573120117187501 -0.95050048828125
-0.0152511596679687 -0.0245246887207031 -0.66192626953125 -0.48931884765625
-0.0173625946044922 0.00518608093261719 -0.62384033203125 0.23681640625
-0.00205802917480469 0.0157032012939453 -0.21270751953125 0.446136474609375
-0.00716781616210937 0.0159235000610352 0.18768310546875 0.304534912109375
0.0173063278198242 -0.00291156768798828 0.332427978515625 0.027099609375
0.0222797393798828 -0.0108146667480469 -0.3306884765625 -0.024444580078125
0.00349807739257813 0.0219612121582031 -0.196090698242188 -0.279876708984375
0.0158958435058594 0.004150390625 0.178955078125 -0.434478759765625
-0.0052032470703125 0.00904178619384765 0.62841796875 -0.2232666015625
-0.0461845397949219 0.00490188598632813 0.6488037109375 0.480712890625
-0.0206108093261719 -0.0461006164550781 0.07672119140625 0.89581298828125
0.0436744689941406 -0.0116958618164063 -0.37908935546875 0.57855224609375
0.0709304809570313 0.0027008056640625 -0.0228118896484375 0.079559326171875
0.0536651611328125 -0.0105133056640625 0.443572998046875 -0.488372802734375
0.0310554504394531 -0.0366134643554688 0.0470581054687499 -0.94525146484375
-0.0102386474609375 -0.0185890197753906 -0.66790771484375 -0.48193359375
-0.0135650634765625 0.0061798095703125 -0.6231689453125 0.2459716796875
0.000601768493652343 0.0114202499389648 -0.2099609375 0.4501953125
-0.00503253936767578 0.0113391876220703 0.193328857421875 0.305023193359375
0.0166034698486328 -0.00524997711181641 0.3355712890625 0.032958984375
0.0236282348632812 -0.0125102996826172 -0.327606201171875 -0.021575927734375
0.00623130798339844 0.0151348114013672 -0.19110107421875 -0.282318115234375
0.0184364318847656 -0.00106048583984375 0.18182373046875 -0.433135986328125
0.000760078430175782 0.0110883712768555 0.6290283203125 -0.216064453125
-0.0387725830078125 0.0121688842773437 0.64337158203125 0.48828125
-0.0205497741699219 -0.0358428955078125 0.06494140625 0.90362548828125
0.0355682373046875 -0.00381851196289063 -0.38543701171875 0.57757568359375
0.0612106323242188 0.00567245483398438 -0.0249710083007812 0.0808334350585938
0.0454292297363281 -0.00521469116210937 0.439788818359375 -0.48760986328125
0.0307331085205078 -0.0278720855712891 0.036376953125 -0.9444580078125
-0.00232982635498047 -0.0111637115478516 -0.6729736328125 -0.47039794921875
-0.00856542587280273 0.00593805313110352 -0.6219482421875 0.25213623046875
0.00457954406738281 0.00728893280029297 -0.2066650390625 0.453094482421875
-0.00235295295715332 0.00422167778015137 0.197174072265625 0.305389404296875
0.0172739028930664 -0.00747299194335938 0.33935546875 0.033416748046875
0.0223140716552734 -0.0165386199951172 -0.32928466796875 -0.0205078125
0.00875186920166016 0.00534868240356445 -0.190185546875 -0.28448486328125
0.0222682952880859 -0.00691795349121094 0.18487548828125 -0.432525634765625
0.00884532928466797 0.0111598968505859 0.633544921875 -0.21209716796875
-0.0338973999023438 0.0196380615234375 0.6380615234375 0.49322509765625
-0.0194549560546875 -0.0277423858642578 0.0546875 0.9024658203125
0.0278396606445313 0.00250434875488281 -0.39306640625 0.5762939453125
0.0498809814453125 0.00759506225585938 -0.023345947265625 0.0819931030273437
0.0376815795898437 0.00095367431640625 0.435821533203125 -0.486572265625
0.0303516387939453 -0.0174026489257813 0.0262451171875001 -0.937744140625
0.00435805320739746 -0.00246739387512207 -0.678466796875 -0.46026611328125
0.000195503234863281 0.00651311874389648 -0.62109375 0.2589111328125
0.00927734375 0.00099945068359375 -0.201507568359375 0.45648193359375
0.000840187072753906 -0.00364518165588379 0.19964599609375 0.306915283203125
0.01776123046875 -0.00923919677734375 0.34423828125 0.036468505859375
0.0219554901123047 -0.0166740417480469 -0.331512451171875 -0.022491455078125
0.0113315582275391 -0.00131607055664063 -0.1878662109375 -0.28704833984375
0.0259380340576172 -0.0156154632568359 0.1884765625 -0.433013916015625
0.0149679183959961 0.0123939514160156 0.63739013671875 -0.20880126953125
-0.0275955200195312 0.0251636505126953 0.63330078125 0.5009765625
-0.0213871002197266 -0.0175628662109375 0.0433959960937499 0.9031982421875
0.0195465087890625 0.00868606567382813 -0.394287109375 0.57196044921875
0.0388374328613281 0.00918960571289063 -0.01812744140625 0.0785675048828125
0.0282649993896484 0.00772857666015625 0.433990478515625 -0.491729736328125
0.02880859375 -0.00723648071289063 0.0150146484375001 -0.935546875
0.0112066268920898 0.00619316101074219 -0.68475341796875 -0.4508056640625
0.00558567047119141 0.00653600692749024 -0.61651611328125 0.2647705078125
0.0133810043334961 -0.00592231750488281 -0.195220947265625 0.4566650390625
0.00524520874023437 -0.0128183364868164 0.204132080078125 0.306549072265625
0.0166378021240234 -0.0105342864990234 0.3453369140625 0.035675048828125
0.0211200714111328 -0.0181083679199219 -0.33416748046875 -0.025604248046875
0.0139589309692383 -0.0103826522827148 -0.186187744140625 -0.288909912109375
0.0286083221435547 -0.0216541290283203 0.19683837890625 -0.437225341796875
0.0210208892822266 0.0111103057861328 0.64007568359375 -0.206298828125
-0.0228481292724609 0.0329704284667969 0.62835693359375 0.50494384765625
-0.0214023590087891 -0.00931167602539062 0.03399658203125 0.9022216796875
0.0118093490600586 0.0142698287963867 -0.3934326171875 0.56549072265625
0.0300197601318359 0.0107688903808594 -0.0104827880859375 0.0757827758789063
0.0214519500732422 0.01190185546875 0.43206787109375 -0.49676513671875
0.0266342163085938 8.20159912109375E-05 0.00415039062500002 -0.93548583984375
0.015380859375 0.0114212036132813 -0.69085693359375 -0.44525146484375
0.011845588684082 0.00468063354492188 -0.61065673828125 0.265625
0.0166721343994141 -0.0121793746948242 -0.18829345703125 0.45660400390625
0.006927490234375 -0.0201702117919922 0.205780029296875 0.305328369140625
0.0165290832519531 -0.0112142562866211 0.346435546875 0.033111572265625
0.0247554779052734 -0.00647735595703125 -0.338226318359375 -0.036376953125
0.00156211853027344 0.0260639190673828 -0.205841064453125 -0.283203125
0.0131664276123047 0.00848865509033203 0.1793212890625 -0.44219970703125
-0.0115938186645508 0.00737667083740234 0.62872314453125 -0.2354736328125
-0.0562057495117188 -0.003631591796875 0.6497802734375 0.46710205078125
-0.0273628234863281 -0.0601806640625 0.0887451171875001 0.87994384765625
0.0513191223144531 -0.0242347717285156 -0.353790283203125 0.561981201171875
0.0888290405273438 -0.00887298583984375 0.00422286987304688 0.0685310363769531
0.0647964477539063 -0.0258026123046875 0.44915771484375 -0.505828857421875
0.0246620178222656 -0.0523147583007813 0.03704833984375 -0.95184326171875
-0.0194301605224609 -0.0289192199707031 -0.6693115234375 -0.4715576171875
-0.0169057846069336 0.00178718566894531 -0.611328125 0.24481201171875
-0.00068950653076172 0.012446403503418 -0.196533203125 0.4449462890625
-0.00717258453369141 0.0144824981689453 0.189697265625 0.296600341796875
0.0178508758544922 -0.00116157531738281 0.32440185546875 0.013763427734375
0.0236091613769531 -0.00667190551757812 -0.334686279296875 -0.0314025878906249
0.00237274169921875 0.0291595458984375 -0.205612182617188 -0.279571533203125
0.0131282806396484 0.00669288635253906 0.173187255859375 -0.437835693359375
-0.0116434097290039 0.0075540542602539 0.62115478515625 -0.23699951171875
-0.0534477233886719 -0.00156021118164063 0.65081787109375 0.4593505859375
-0.025238037109375 -0.057647705078125 0.0942993164062501 0.8802490234375
0.0526695251464844 -0.0242195129394531 -0.3572998046875 0.571533203125
0.0872421264648438 -0.0050506591796875 -0.01031494140625 0.0731735229492188
0.0641632080078125 -0.02215576171875 0.447509765625 -0.494476318359375
0.0304527282714844 -0.0509605407714844 0.0458984374999999 -0.9462890625
-0.0194187164306641 -0.0286464691162109 -0.66070556640625 -0.48114013671875
-0.0181732177734375 0.00249671936035156 -0.61541748046875 0.24169921875
-0.00205898284912109 0.0145883560180664 -0.20428466796875 0.443603515625
-0.00937652587890625 0.0183162689208984 0.189910888671875 0.298309326171875
0.0162315368652344 -0.00244235992431641 0.328704833984375 0.0159912109375
0.0251369476318359 -0.00631332397460937 -0.329071044921875 -0.0242919921875
0.00349044799804688 0.0258693695068359 -0.200942993164063 -0.275146484375
0.0150489807128906 0.00829792022705078 0.170440673828125 -0.43701171875
-0.0102567672729492 0.00902557373046875 0.62152099609375 -0.23492431640625
-0.0540351867675781 0.00208282470703126 0.654052734375 0.46417236328125
-0.0227813720703125 -0.053741455078125 0.0965576171875 0.8837890625
0.0489883422851563 -0.0176963806152344 -0.36090087890625 0.57794189453125
0.0784530639648438 -0.00138092041015625 -0.015838623046875 0.077606201171875
0.0585746765136719 -0.0206260681152344 0.4439697265625 -0.4901123046875
0.0302963256835937 -0.0438880920410156 0.0494384765625 -0.9443359375
-0.0173454284667969 -0.0235404968261719 -0.66412353515625 -0.482421875
-0.0183658599853516 0.0031585693359375 -0.61968994140625 0.240478515625
-0.00157737731933594 0.0136384963989258 -0.208953857421875 0.44561767578125
-0.00715541839599609 0.0174551010131836 0.19183349609375 0.2977294921875
0.0181331634521484 -0.00372695922851563 0.33172607421875 0.024505615234375
0.0225963592529297 -0.00881004333496094 -0.325042724609375 -0.0203857421875
0.0054168701171875 0.0208301544189453 -0.19744873046875 -0.2813720703125
0.014190673828125 0.00270748138427734 0.174407958984375 -0.4332275390625
-0.00335884094238281 0.0113763809204102 0.62310791015625 -0.225341796875
-0.0438423156738281 0.00524520874023437 0.64862060546875 0.47259521484375
-0.022491455078125 -0.0439262390136719 0.0841064453124999 0.8919677734375
0.0406112670898438 -0.0123519897460938 -0.37030029296875 0.5806884765625
0.070709228515625 0.00151824951171875 -0.0225296020507813 0.078521728515625
0.0541877746582031 -0.0128364562988281 0.437225341796875 -0.488739013671875
0.0294418334960938 -0.0349693298339844 0.036376953125 -0.94097900390625
-0.0103702545166016 -0.0178794860839844 -0.67034912109375 -0.4727783203125
-0.0126962661743164 0.00465011596679687 -0.6162109375 0.2515869140625
0.00193214416503906 0.012272834777832 -0.20404052734375 0.44891357421875
-0.00501155853271484 0.0130491256713867 0.19342041015625 0.30029296875
0.0160799026489258 -0.00446510314941406 0.333892822265625 0.0283203125
0.0247783660888672 -0.011383056640625 -0.32733154296875 -0.018707275390625
0.00702285766601563 0.0132827758789063 -0.1929931640625 -0.2816162109375
0.017094612121582 -0.000536918640136719 0.177947998046875 -0.432586669921875
0.00164890289306641 0.0123796463012695 0.62548828125 -0.22174072265625
-0.0382423400878906 0.0111732482910156 0.64453125 0.4798583984375
-0.0215415954589844 -0.0365066528320313 0.0704345703125001 0.89605712890625
0.037078857421875 -0.00341033935546875 -0.3814697265625 0.57757568359375
0.060302734375 0.00380706787109375 -0.0228195190429687 0.0797882080078125
0.0460281372070313 -0.0046844482421875 0.43353271484375 -0.48822021484375
0.0299091339111328 -0.0263557434082031 0.0303955078124999 -0.9385986328125
-0.00171470642089844 -0.010650634765625 -0.6727294921875 -0.4639892578125
-0.00531721115112305 0.0055079460144043 -0.61846923828125 0.25732421875
0.00569581985473633 0.00593280792236328 -0.203704833984375 0.45196533203125
-0.00415134429931641 0.00523948669433594 0.197479248046875 0.301300048828125
0.0150747299194336 -0.00940036773681641 0.33917236328125 0.031097412109375
0.0235424041748047 -0.0144615173339844 -0.33050537109375 -0.0164794921875
0.00819540023803711 0.00591897964477539 -0.188873291015625 -0.28045654296875
0.0217037200927734 -0.00737762451171875 0.178802490234375 -0.431915283203125
0.00612258911132813 0.0111713409423828 0.62652587890625 -0.21636962890625
-0.0338153839111328 0.0190658569335938 0.640380859375 0.4830322265625
-0.0184230804443359 -0.0263023376464844 0.060302734375 0.8978271484375
0.0270767211914063 0.001861572265625 -0.384033203125 0.578857421875
0.0475311279296875 0.0066375732421875 -0.0252304077148437 0.082183837890625
0.0378761291503906 -0.000507354736328125 0.43121337890625 -0.488922119140625
0.0287857055664063 -0.0178813934326172 0.0163574218749999 -0.9344482421875
0.00503635406494141 -0.00433254241943359 -0.68145751953125 -0.4539794921875
0.00086832046508789 0.00714969635009766 -0.61529541015625 0.26275634765625
0.00951194763183594 0.00114727020263672 -0.195770263671875 0.456512451171875
-0.00116944313049316 -0.00406503677368164 0.201904296875 0.303985595703125
0.0175704956054688 -0.00869464874267578 0.340179443359375 0.031982421875
0.0241527557373047 -0.0175399780273438 -0.3314208984375 -0.017364501953125
0.0126819610595703 -0.00156784057617188 -0.188720703125 -0.2823486328125
0.0243587493896484 -0.0136985778808594 0.183868408203125 -0.436309814453125
0.0145063400268555 0.0136241912841797 0.63189697265625 -0.21337890625
-0.0251579284667969 0.0283451080322266 0.6331787109375 0.493408203125
-0.0211830139160156 -0.0168361663818359 0.05169677734375 0.89471435546875
0.0185127258300781 0.00874710083007813 -0.387451171875 0.572265625
0.0385246276855469 0.00690460205078125 -0.0185012817382812 0.0788116455078125
0.0276260375976563 0.00752067565917969 0.430023193359375 -0.491851806640625
0.0282974243164063 -0.00633621215820313 0.0103759765624999 -0.92987060546875
0.0115184783935547 0.0062408447265625 -0.685546875 -0.44476318359375
0.00835609436035156 0.0045466423034668 -0.613525390625 0.26806640625
0.0118141174316406 -0.00567340850830078 -0.189239501953125 0.45501708984375
0.0027923583984375 -0.0112590789794922 0.207763671875 0.3017578125
0.0154199600219727 -0.0116252899169922 0.34442138671875 0.03033447265625
0.0207138061523438 -0.0179824829101563 -0.333648681640625 -0.022247314453125
0.0127115249633789 -0.00935935974121094 -0.187835693359375 -0.285064697265625
0.0267524719238281 -0.0226688385009766 0.186767578125 -0.436248779296875
0.0188407897949219 0.0095367431640625 0.63629150390625 -0.21160888671875
-0.0219669342041016 0.0333137512207031 0.63037109375 0.493896484375
-0.0220775604248047 -0.00659751892089844 0.042724609375 0.89739990234375
0.0136737823486328 0.0140199661254883 -0.38671875 0.5654296875
0.0288295745849609 0.00833702087402344 -0.00954437255859375 0.0747222900390625
0.0230541229248047 0.0108566284179687 0.425201416015625 -0.49639892578125
0.0269222259521484 0.000322341918945313 -0.00366210937500008 -0.93060302734375
0.0150480270385742 0.0116233825683594 -0.69183349609375 -0.43682861328125
0.013031005859375 0.0056304931640625 -0.6068115234375 0.27264404296875
0.0169095993041992 -0.00994396209716797 -0.18511962890625 0.45477294921875
0.00599288940429687 -0.0201740264892578 0.207977294921875 0.302276611328125
0.0165958404541016 -0.0129575729370117 0.344451904296875 0.0277099609375
0.0230445861816406 -0.00438690185546875 -0.33917236328125 -0.031890869140625
0.00402450561523437 0.0262565612792969 -0.205764770507812 -0.279800415039063
0.0136594772338867 0.0085306167602539 0.174957275390625 -0.443389892578125
-0.0131244659423828 0.00506019592285156 0.62188720703125 -0.237060546875
-0.0528030395507812 -0.00285339355468751 0.64862060546875 0.456787109375
-0.024688720703125 -0.0560150146484375 0.0947875976562501 0.87109375
0.0508193969726563 -0.0237617492675781 -0.34844970703125 0.561279296875
0.0872268676757813 -0.00720977783203125 0.00617218017578126 0.0682182312011719
0.0626945495605469 -0.0264511108398438 0.4429931640625 -0.507293701171875
0.0234565734863281 -0.0518379211425781 0.0301513671875001 -0.94696044921875
-0.0181465148925781 -0.0272636413574219 -0.66961669921875 -0.46661376953125
-0.019134521484375 0.00106048583984375 -0.606201171875 0.248779296875
0.000603675842285155 0.0136756896972656 -0.1954345703125 0.442138671875
-0.00794410705566406 0.0156154632568359 0.191680908203125 0.293701171875
0.0162687301635742 -0.00111675262451172 0.324066162109375 0.009002685546875
0.0247440338134766 -0.00470733642578125 -0.336395263671875 -0.0246276855468749
0.00266265869140625 0.0292339324951172 -0.206375122070312 -0.274398803710938
0.0135307312011719 0.00992107391357422 0.167083740234375 -0.441864013671875
-0.0135059356689453 0.00751972198486328 0.61553955078125 -0.23992919921875
-0.0515899658203125 -0.00249481201171876 0.6507568359375 0.4537353515625
-0.026580810546875 -0.0557441711425781 0.1011962890625 0.8763427734375
0.0468673706054688 -0.0239219665527344 -0.34991455078125 0.56719970703125
0.0847320556640625 -0.006103515625 -0.00807189941406249 0.0744094848632812
0.0617942810058594 -0.0224761962890625 0.441741943359375 -0.49505615234375
0.0305976867675781 -0.0510940551757813 0.04022216796875 -0.9400634765625
-0.0173149108886719 -0.0266513824462891 -0.6610107421875 -0.47686767578125
-0.0208358764648438 0.002349853515625 -0.61114501953125 0.2418212890625
-0.000491142272949218 0.013066291809082 -0.199188232421875 0.443115234375
-0.00872230529785156 0.0187110900878906 0.190155029296875 0.29638671875
0.0161905288696289 -0.0057830810546875 0.325714111328125 0.0150146484375
0.0212135314941406 -0.00793075561523438 -0.328704833984375 -0.019378662109375
0.00370407104492187 0.0279140472412109 -0.20489501953125 -0.2752685546875
0.0135059356689453 0.00767421722412109 0.16448974609375 -0.435516357421875
-0.0107259750366211 0.00798892974853516 0.61260986328125 -0.23748779296875
-0.0506973266601563 0.00236129760742188 0.65283203125 0.4537353515625
-0.0245018005371094 -0.0531692504882812 0.10198974609375 0.8807373046875
0.0481796264648437 -0.0177574157714844 -0.35565185546875 0.57696533203125
0.0791702270507813 -0.00380706787109375 -0.016876220703125 0.07733154296875
0.0602607727050781 -0.0181350708007813 0.43804931640625 -0.488372802734375
0.0299720764160156 -0.0457572937011719 0.04241943359375 -0.94061279296875
-0.0160446166992188 -0.0241527557373047 -0.663818359375 -0.47467041015625
-0.0184211730957031 0.00425529479980469 -0.61102294921875 0.24456787109375
-0.00223064422607422 0.0168828964233398 -0.202789306640625 0.448333740234375
-0.00603389739990234 0.0165214538574219 0.18890380859375 0.2960205078125
0.0164299011230469 -0.00418186187744141 0.3289794921875 0.021270751953125
0.0245552062988281 -0.0102977752685547 -0.32940673828125 -0.01629638671875
0.00626373291015625 0.0232181549072266 -0.196731567382812 -0.276077270507813
0.0141925811767578 0.00309848785400391 0.169769287109375 -0.435882568359375
-0.00662136077880859 0.0112676620483398 0.61566162109375 -0.2279052734375
-0.0462417602539063 0.00656127929687501 0.647705078125 0.4600830078125
-0.0219764709472656 -0.0437583923339844 0.09173583984375 0.88580322265625
0.0433502197265625 -0.0130691528320312 -0.36376953125 0.57720947265625
0.0704727172851563 -0.00136566162109375 -0.0214157104492187 0.0812835693359375
0.0526847839355469 -0.0148696899414063 0.43017578125 -0.489105224609375
0.0303115844726563 -0.0382843017578125 0.031005859375 -0.9337158203125
-0.00852775573730469 -0.0196189880371094 -0.66766357421875 -0.46661376953125
-0.0143775939941406 0.00537300109863281 -0.6124267578125 0.25372314453125
0.00088214874267578 0.0119619369506836 -0.2005615234375 0.4473876953125
-0.00374507904052734 0.0129127502441406 0.197357177734375 0.298919677734375
0.0150585174560547 -0.00519657135009766 0.330718994140625 0.0257568359375
0.0255584716796875 -0.0123558044433594 -0.323486328125 -0.0132446289062499
0.00864982604980469 0.0164699554443359 -0.1925048828125 -0.275222778320313
0.0159616470336914 0.000512123107910156 0.17352294921875 -0.431304931640625
0.000776290893554687 0.011296272277832 0.61944580078125 -0.22509765625
-0.0391311645507813 0.0141754150390625 0.64361572265625 0.46978759765625
-0.0194282531738281 -0.0358543395996094 0.0786132812500001 0.89007568359375
0.0356407165527344 -0.00590896606445313 -0.37347412109375 0.5794677734375
0.0588531494140625 0.00231552124023438 -0.0240859985351563 0.0807418823242188
0.0454292297363281 -0.0050811767578125 0.428497314453125 -0.485198974609375
0.0289363861083984 -0.0257930755615234 0.02069091796875 -0.93585205078125
-0.00149059295654297 -0.00938796997070313 -0.67315673828125 -0.4583740234375
-0.00749015808105469 0.00304651260375977 -0.6131591796875 0.26129150390625
0.00463342666625976 0.00699281692504883 -0.1971435546875 0.45306396484375
-0.00281095504760742 0.00589799880981445 0.201019287109375 0.296356201171875
0.0179901123046875 -0.00823020935058594 0.337493896484375 0.02581787109375
0.0228939056396484 -0.0172290802001953 -0.325347900390625 -0.009185791015625
0.0115451812744141 0.00630950927734375 -0.194625854492188 -0.276687622070313
0.0196189880371094 -0.00620460510253906 0.174072265625 -0.432220458984375
0.00769996643066406 0.0109891891479492 0.62139892578125 -0.2205810546875
-0.0307197570800781 0.0208778381347656 0.64007568359375 0.47412109375
-0.0199985504150391 -0.0254096984863281 0.0662841796875001 0.89251708984375
0.0281352996826172 0.00216293334960938 -0.3787841796875 0.57891845703125
0.0483283996582031 0.00573348999023438 -0.0239028930664062 0.0824127197265625
0.0366783142089844 0.00194931030273437 0.4232177734375 -0.48797607421875
0.0281810760498047 -0.0203475952148438 0.0161743164062499 -0.9302978515625
0.0052952766418457 -0.00328254699707031 -0.67938232421875 -0.44720458984375
-0.00142288208007812 0.00662517547607422 -0.6085205078125 0.2635498046875
0.00827455520629883 0.00163650512695313 -0.1907958984375 0.454681396484375
0.000849246978759766 -0.00232052803039551 0.20623779296875 0.29925537109375
0.0176982879638672 -0.011322021484375 0.34027099609375 0.029571533203125
0.0220794677734375 -0.0185871124267578 -0.327392578125 -0.018157958984375
0.0126047134399414 -4.9591064453125E-05 -0.190719604492188 -0.27886962890625
0.0232601165771484 -0.0141773223876953 0.1793212890625 -0.43475341796875
0.0133953094482422 0.0140914916992188 0.627685546875 -0.21661376953125
-0.0253067016601563 0.0280323028564453 0.63568115234375 0.48248291015625
-0.0213375091552734 -0.0145511627197266 0.0617065429687499 0.8912353515625
0.0200119018554688 0.00911521911621094 -0.3770751953125 0.57342529296875
0.0378761291503906 0.00613021850585938 -0.0188140869140625 0.0795669555664063
0.0254173278808594 0.00517654418945313 0.423583984375 -0.491546630859375
0.0286808013916016 -0.00708961486816406 0.00109863281250006 -0.926025390625
0.0107173919677734 0.0054473876953125 -0.68365478515625 -0.43695068359375
0.00787878036499023 0.00535821914672852 -0.60711669921875 0.27044677734375
0.0126810073852539 -0.00496101379394531 -0.184173583984375 0.45574951171875
0.00569915771484375 -0.0128498077392578 0.20849609375 0.29791259765625
0.0169458389282227 -0.0103940963745117 0.343017578125 0.0283203125
0.0224781036376953 -0.0177326202392578 -0.33038330078125 -0.0191650390625
0.0116806030273438 -0.00837039947509766 -0.190673828125 -0.280548095703125
0.0267391204833984 -0.0225639343261719 0.1845703125 -0.435211181640625
0.0181446075439453 0.0118808746337891 0.6317138671875 -0.21600341796875
-0.0196971893310547 0.0340023040771484 0.63067626953125 0.48797607421875
-0.0222797393798828 -0.00687980651855468 0.04901123046875 0.89056396484375
0.0136642456054688 0.0130548477172852 -0.37933349609375 0.567138671875
0.029022216796875 0.00747299194335938 -0.0103912353515625 0.0763626098632813
0.0207366943359375 0.0109844207763672 0.41949462890625 -0.49493408203125
0.0232753753662109 -0.00162315368652344 -0.0090332031250001 -0.92510986328125
0.0162019729614258 0.0104379653930664 -0.68841552734375 -0.43023681640625
0.0110130310058594 0.00443172454833984 -0.6026611328125 0.27459716796875
0.0173368453979492 -0.0102663040161133 -0.18017578125 0.45263671875
0.00398063659667969 -0.0187263488769531 0.210662841796875 0.295654296875
0.0167655944824219 -0.014714241027832 0.34307861328125 0.0245361328125
0.0241508483886719 -0.00679206848144531 -0.336090087890625 -0.029510498046875
0.00450325012207031 0.0281791687011719 -0.207473754882813 -0.276214599609375
0.0133647918701172 0.00676631927490234 0.167388916015625 -0.444061279296875
-0.0132579803466797 0.006622314453125 0.61663818359375 -0.2421875
-0.0536079406738281 -0.00159835815429688 0.64666748046875 0.4527587890625
-0.0257225036621094 -0.0567169189453125 0.09637451171875 0.86639404296875
0.0511283874511719 -0.024169921875 -0.343658447265625 0.558502197265625
0.08465576171875 -0.0081787109375 0.00481033325195314 0.0688018798828125
0.0618476867675781 -0.0252838134765625 0.43798828125 -0.501556396484375
0.0238380432128906 -0.0517425537109375 0.0232543945312499 -0.9403076171875
-0.0200958251953125 -0.0280780792236328 -0.66632080078125 -0.4576416015625
-0.0182914733886719 0.00197982788085938 -0.5994873046875 0.24932861328125
-0.000905990600585938 0.0144233703613281 -0.189788818359375 0.43817138671875
-0.00638675689697266 0.0170097351074219 0.192779541015625 0.29083251953125
0.016383171081543 -0.00384044647216797 0.32318115234375 0.0072021484375
0.0261650085449219 -0.00700187683105469 -0.331085205078125 -0.023956298828125
0.00452995300292969 0.0301437377929688 -0.207916259765625 -0.27154541015625
0.0135116577148438 0.00923824310302734 0.162261962890625 -0.437744140625
-0.0135974884033203 0.00645637512207032 0.61175537109375 -0.243896484375
-0.0526885986328125 -0.000350952148437495 0.6514892578125 0.4449462890625
-0.023956298828125 -0.0550880432128906 0.10577392578125 0.8690185546875
0.0498695373535156 -0.0249481201171875 -0.345458984375 0.5670166015625
0.0843048095703125 -0.006683349609375 -0.00754547119140624 0.0744247436523438
0.0616493225097656 -0.0251045227050781 0.4345703125 -0.494110107421875
0.0264549255371094 -0.0493392944335938 0.0345458984375001 -0.9385986328125
-0.0177898406982422 -0.0275974273681641 -0.66217041015625 -0.465576171875
-0.0214042663574219 0.00217056274414063 -0.6063232421875 0.24627685546875
-0.00216102600097656 0.0165643692016602 -0.196807861328125 0.442291259765625
-0.00783729553222656 0.0177555084228516 0.19256591796875 0.292694091796875
0.0174970626831055 -0.00470924377441406 0.325531005859375 0.014495849609375
0.0258464813232422 -0.00745201110839844 -0.327056884765625 -0.0175476074218751
0.00489616394042969 0.0262432098388672 -0.20489501953125 -0.2708740234375
0.0124444961547852 0.00940322875976563 0.160186767578125 -0.435546875
-0.010838508605957 0.00837898254394531 0.608642578125 -0.24169921875
-0.0485267639160156 0.00402832031249999 0.65179443359375 0.447509765625
-0.0226631164550781 -0.0504417419433594 0.1051025390625 0.8746337890625
0.0481491088867188 -0.0189552307128906 -0.351806640625 0.57684326171875
0.0785293579101562 -0.00370025634765625 -0.0183258056640625 0.0787124633789063
0.0575485229492188 -0.0188217163085938 0.4324951171875 -0.48834228515625
0.02801513671875 -0.0455665588378906 0.0385131835937499 -0.9365234375
-0.0149803161621094 -0.0242176055908203 -0.66064453125 -0.46954345703125
-0.0175619125366211 0.00349235534667969 -0.6087646484375 0.2471923828125
-0.0023651123046875 0.0156984329223633 -0.2008056640625 0.442169189453125
-0.00799751281738281 0.0165185928344727 0.193389892578125 0.2933349609375
0.0168495178222656 -0.004364013671875 0.327850341796875 0.0179443359375
0.0238018035888672 -0.00931930541992187 -0.326385498046875 -0.0137329101562499
0.00463485717773438 0.0227832794189453 -0.2003173828125 -0.270248413085938
0.0127859115600586 0.00468254089355469 0.164154052734375 -0.43292236328125
-0.00660037994384766 0.00880241394042969 0.613525390625 -0.23492431640625
-0.0432167053222656 0.00736618041992187 0.6497802734375 0.45794677734375
-0.0212783813476563 -0.0427665710449219 0.09320068359375 0.8804931640625
0.0411758422851563 -0.0106315612792969 -0.36004638671875 0.57757568359375
0.0692787170410156 -0.0005035400390625 -0.0194473266601562 0.0792922973632813
0.0523262023925781 -0.0135917663574219 0.42657470703125 -0.487457275390625
0.0293769836425781 -0.0373420715332031 0.0269775390624999 -0.93121337890625
-0.00820350646972656 -0.0187244415283203 -0.665771484375 -0.46026611328125
-0.0140542984008789 0.00528526306152343 -0.605712890625 0.256103515625
9.53674316406262E-05 0.0131025314331055 -0.19659423828125 0.447845458984375
-0.00458908081054688 0.0126867294311523 0.1976318359375 0.29486083984375
0.0168294906616211 -0.00524425506591797 0.33148193359375 0.02288818359375
0.0231437683105469 -0.0127849578857422 -0.324310302734375 -0.010528564453125
0.00734043121337891 0.0160665512084961 -0.195465087890625 -0.270980834960938
0.0156679153442383 -0.000440597534179688 0.166900634765625 -0.430511474609375
8.01086425781249E-05 0.0101594924926758 0.61419677734375 -0.2264404296875
-0.0372314453125 0.0136909484863281 0.64251708984375 0.46441650390625
-0.0197525024414063 -0.0336875915527344 0.082275390625 0.88580322265625
0.0357818603515625 -0.00442123413085938 -0.3670654296875 0.578369140625
0.0585556030273438 0.00258255004882813 -0.0218658447265625 0.080291748046875
0.0450096130371094 -0.00720977783203125 0.42413330078125 -0.487396240234375
0.0292015075683594 -0.0291919708251953 0.0180053710937499 -0.92913818359375
-0.002044677734375 -0.0108785629272461 -0.67022705078125 -0.4510498046875
-0.00838470458984375 0.00651073455810547 -0.60687255859375 0.26275634765625
0.00461483001708984 0.00867128372192383 -0.194549560546875 0.451141357421875
-0.00168991088867188 0.00635194778442383 0.20123291015625 0.295379638671875
0.0162067413330078 -0.00726985931396484 0.33648681640625 0.025787353515625
0.0226860046386719 -0.0151786804199219 -0.325103759765625 -0.00970458984374996
0.00921916961669922 0.00886058807373047 -0.194686889648438 -0.274017333984375
0.0199565887451172 -0.00737762451171875 0.16827392578125 -0.432464599609375
0.00721931457519531 0.0114555358886719 0.61859130859375 -0.22296142578125
-0.0321636199951172 0.0214977264404297 0.637939453125 0.470947265625
-0.0188865661621094 -0.0246086120605469 0.0713500976562499 0.88702392578125
0.0269145965576172 0.000402450561523437 -0.3739013671875 0.57501220703125
0.0478401184082031 0.004638671875 -0.0204620361328125 0.08087158203125
0.0362510681152344 -0.000335693359375 0.419189453125 -0.487579345703125
0.0279827117919922 -0.0172443389892578 0.00708007812500002 -0.92340087890625
0.00488853454589844 -0.00285530090332031 -0.677490234375 -0.4403076171875
-0.00106334686279297 0.00692176818847656 -0.6043701171875 0.26800537109375
0.00799942016601563 0.00164365768432617 -0.1878662109375 0.453033447265625
-9.84668731689451E-05 -0.00264382362365723 0.20721435546875 0.296234130859375
0.016688346862793 -0.00953769683837891 0.33984375 0.026031494140625
0.0232067108154297 -0.0176067352294922 -0.32598876953125 -0.00982666015625002
0.0115852355957031 0.000152587890625 -0.19146728515625 -0.275711059570313
0.0236339569091797 -0.0155563354492188 0.17486572265625 -0.4324951171875
0.0147180557250977 0.0110025405883789 0.62127685546875 -0.22198486328125
-0.0240135192871094 0.0281524658203125 0.6339111328125 0.4764404296875
-0.0192508697509766 -0.0150852203369141 0.0618896484374999 0.8858642578125
0.0189762115478516 0.00703620910644531 -0.37506103515625 0.57159423828125
0.0355110168457031 0.0066375732421875 -0.0162811279296875 0.08001708984375
0.0270404815673828 0.00603103637695313 0.4158935546875 -0.489837646484375
0.0269107818603516 -0.007904052734375 -0.00341796874999999 -0.92047119140625
0.0107355117797852 0.00437450408935547 -0.68218994140625 -0.43231201171875
0.00686120986938477 0.00492429733276367 -0.60107421875 0.27276611328125
0.0126285552978516 -0.00418567657470703 -0.18359375 0.454742431640625
0.00369834899902344 -0.0120449066162109 0.210205078125 0.2945556640625
0.0157032012939453 -0.0122060775756836 0.340850830078125 0.02557373046875
0.02252197265625 -0.0182895660400391 -0.3304443359375 -0.014190673828125
0.0155677795410156 -0.00773143768310547 -0.19134521484375 -0.278518676757813
0.0261878967285156 -0.0216178894042969 0.181365966796875 -0.435546875
0.0195884704589844 0.0111885070800781 0.626220703125 -0.21856689453125
-0.0198516845703125 0.0324478149414063 0.6312255859375 0.48260498046875
-0.0207004547119141 -0.00789833068847656 0.05328369140625 0.88470458984375
0.012782096862793 0.0129690170288086 -0.37579345703125 0.56451416015625
0.0273914337158203 0.00749397277832031 -0.00861358642578125 0.07586669921875
0.0203590393066406 0.0103569030761719 0.41607666015625 -0.49444580078125
0.0248298645019531 -0.00160026550292969 -0.01495361328125 -0.91827392578125
0.015894889831543 0.00985050201416016 -0.68829345703125 -0.42230224609375
0.012690544128418 0.00427818298339844 -0.59619140625 0.274658203125
0.0164642333984375 -0.00979804992675781 -0.17633056640625 0.453033447265625
0.00611114501953125 -0.0202655792236328 0.211029052734375 0.294281005859375
0.0165548324584961 -0.0148801803588867 0.3416748046875 0.022918701171875
0.0245323181152344 -0.00805091857910156 -0.335235595703125 -0.0269775390625
0.00629615783691406 0.0290184020996094 -0.209518432617188 -0.2716064453125
0.0116405487060547 0.0072479248046875 0.16607666015625 -0.439910888671875
-0.0142898559570313 0.00513839721679687 0.611328125 -0.244873046875
-0.0531082153320313 -0.000823974609375012 0.64727783203125 0.4464111328125
-0.0236053466796875 -0.0551795959472656 0.0986328125000001 0.8612060546875
0.0510711669921875 -0.0253334045410156 -0.33917236328125 0.557098388671875
0.0844650268554688 -0.00911712646484375 0.00512313842773438 0.0686492919921875
0.0619277954101563 -0.0256881713867188 0.434326171875 -0.501708984375
0.0230445861816406 -0.0505828857421875 0.02032470703125 -0.936767578125
-0.0201950073242187 -0.0267219543457031 -0.66363525390625 -0.45391845703125
-0.0196628570556641 0.001434326171875 -0.59600830078125 0.25238037109375
-0.00037860870361328 0.0157613754272461 -0.188568115234375 0.437744140625
-0.00640487670898438 0.0176353454589844 0.19317626953125 0.28717041015625
0.0167484283447266 -0.00525665283203125 0.321014404296875 0.0074462890625
0.0252876281738281 -0.00705909729003906 -0.33160400390625 -0.020233154296875
0.00572776794433593 0.0308036804199219 -0.208572387695312 -0.2685546875
0.0104026794433594 0.0103416442871094 0.157806396484375 -0.43701171875
-0.015162467956543 0.00657176971435547 0.6065673828125 -0.2454833984375
-0.05450439453125 -0.00022125244140625 0.649658203125 0.43817138671875
-0.0230712890625 -0.0536460876464844 0.1064453125 0.86279296875
0.0494537353515625 -0.0252799987792969 -0.3414306640625 0.564697265625
0.0818710327148438 -0.0068817138671875 -0.00645446777343749 0.0736160278320313
0.0605812072753906 -0.023193359375 0.431610107421875 -0.4923095703125
0.0261154174804687 -0.0493431091308594 0.0309448242187499 -0.93231201171875
-0.0193119049072266 -0.0265178680419922 -0.65802001953125 -0.462158203125
-0.019927978515625 0.00275421142578125 -0.60076904296875 0.24658203125
-0.000876426696777343 0.0159235000610352 -0.195770263671875 0.43890380859375
-0.00786399841308594 0.0188560485839844 0.195526123046875 0.2904052734375
0.0169963836669922 -0.00454330444335937 0.3243408203125 0.01214599609375
0.0253677368164063 -0.0095367431640625 -0.326171875 -0.015472412109375
0.00575447082519531 0.0287132263183594 -0.205902099609375 -0.266830444335938
0.0132722854614258 0.00832843780517578 0.156585693359375 -0.43524169921875
-0.0117530822753906 0.00871944427490234 0.60467529296875 -0.24322509765625
-0.0477867126464844 0.00310134887695313 0.65045166015625 0.4412841796875
-0.0213699340820313 -0.0500831604003906 0.10870361328125 0.86761474609375
0.0465812683105469 -0.0196914672851563 -0.3463134765625 0.57452392578125
0.0769195556640625 -0.00353240966796875 -0.0159149169921875 0.07879638671875
0.0584297180175781 -0.0194244384765625 0.426513671875 -0.48516845703125
0.0277137756347656 -0.0464286804199219 0.03314208984375 -0.9312744140625
-0.0149497985839844 -0.0250873565673828 -0.65850830078125 -0.4622802734375
-0.0180072784423828 0.00320625305175781 -0.60406494140625 0.2476806640625
-0.00206756591796875 0.0157670974731445 -0.196868896484375 0.442657470703125
-0.0072174072265625 0.0178489685058594 0.19537353515625 0.291595458984375
0.0168485641479492 -0.00439643859863281 0.326446533203125 0.017120361328125
0.027313232421875 -0.011138916015625 -0.323486328125 -0.0113525390625
0.00662803649902344 0.0239944458007813 -0.202804565429688 -0.268585205078125
0.0132541656494141 0.00438499450683594 0.1622314453125 -0.43121337890625
-0.00633525848388672 0.0104999542236328 0.6083984375 -0.23431396484375
-0.0445480346679687 0.00721740722656249 0.64495849609375 0.44964599609375
-0.02001953125 -0.0417060852050781 0.09600830078125 0.873779296875
0.0417900085449219 -0.0108909606933594 -0.355712890625 0.57525634765625
0.0683059692382813 -0.0024566650390625 -0.0191726684570312 0.0781478881835937
0.0514793395996094 -0.0131988525390625 0.42132568359375 -0.486358642578125
0.0291252136230469 -0.0369110107421875 0.0242309570312501 -0.9261474609375
-0.00993537902832031 -0.0185604095458984 -0.66400146484375 -0.4532470703125
-0.0139741897583008 0.00473213195800781 -0.602294921875 0.2569580078125
0.000693321228027344 0.0129537582397461 -0.19390869140625 0.4466552734375
-0.00438594818115234 0.0137920379638672 0.198822021484375 0.290740966796875
0.017155647277832 -0.00674915313720703 0.330474853515625 0.02032470703125
0.0249195098876953 -0.0127124786376953 -0.32183837890625 -0.00765991210937496
0.00775051116943359 0.0156011581420898 -0.197006225585938 -0.268814086914063
0.0163030624389648 -0.00217533111572266 0.164886474609375 -0.430511474609375
-0.00122642517089844 0.010685920715332 0.61041259765625 -0.229736328125
-0.0376625061035156 0.0157012939453125 0.642333984375 0.45703125
-0.0196590423583984 -0.0330982208251953 0.0832519531250001 0.879150390625
0.0345211029052734 -0.006500244140625 -0.362060546875 0.57623291015625
0.0586090087890625 0.00209426879882813 -0.0219039916992188 0.0811767578125
0.0440292358398438 -0.00715255737304688 0.4188232421875 -0.486572265625
0.0285987854003906 -0.0276107788085938 0.0118408203125 -0.9215087890625
-0.00234031677246094 -0.00990581512451172 -0.668701171875 -0.4437255859375
-0.00762939453125 0.00588083267211914 -0.60205078125 0.263916015625
0.00507926940917969 0.00971889495849609 -0.190582275390625 0.44757080078125
-0.00277423858642578 0.00533866882324219 0.202850341796875 0.2918701171875
0.016510009765625 -0.00940799713134766 0.332794189453125 0.0233154296875
0.0244770050048828 -0.0164508819580078 -0.32379150390625 -0.00531005859374996
0.0116205215454102 0.00830459594726562 -0.194610595703125 -0.270339965820313
0.0190410614013672 -0.00864982604980469 0.166107177734375 -0.429351806640625
0.00691986083984375 0.0112504959106445 0.6129150390625 -0.22576904296875
-0.0303707122802734 0.0214576721191406 0.63653564453125 0.46337890625
-0.0183811187744141 -0.0235729217529297 0.07550048828125 0.8809814453125
0.0269889831542969 0.0001220703125 -0.36785888671875 0.573974609375
0.0462074279785156 0.00403594970703125 -0.0218124389648437 0.081268310546875
0.0360679626464844 -0.000339508056640625 0.413543701171875 -0.4853515625
0.0287456512451172 -0.0173435211181641 0.00323486328125 -0.9190673828125
0.00542879104614258 -0.00295162200927734 -0.67340087890625 -0.43670654296875
-0.000946044921875 0.00520849227905273 -0.59930419921875 0.26904296875
0.00785732269287109 0.00155115127563477 -0.1851806640625 0.452056884765625
-0.00064074993133545 -0.00206267833709717 0.20697021484375 0.292388916015625
0.0170812606811523 -0.0119380950927734 0.337799072265625 0.0247802734375
0.0241050720214844 -0.0173835754394531 -0.325225830078125 -0.00701904296874994
0.0135946273803711 -0.00066375732421875 -0.193374633789063 -0.2716064453125
0.0222072601318359 -0.0159282684326172 0.171142578125 -0.431304931640625
0.0134687423706055 0.0114850997924805 0.6201171875 -0.221923828125
-0.0244216918945313 0.0280132293701172 0.63067626953125 0.47052001953125
-0.0198097229003906 -0.0148830413818359 0.0645141601562501 0.88055419921875
0.0191078186035156 0.00779914855957031 -0.3709716796875 0.56793212890625
0.0355148315429687 0.00534820556640625 -0.0164794921875 0.0790328979492187
0.028472900390625 0.00571060180664063 0.412994384765625 -0.488067626953125
0.0270404815673828 -0.00996589660644531 -0.00793457031250002 -0.91802978515625
0.0109748840332031 0.00404548645019531 -0.67974853515625 -0.4271240234375
0.00605535507202149 0.00552511215209961 -0.59625244140625 0.27557373046875
0.0119619369506836 -0.00418853759765625 -0.17755126953125 0.453460693359375
0.00300979614257812 -0.0111274719238281 0.21063232421875 0.291961669921875
0.015507698059082 -0.0128459930419922 0.33978271484375 0.024017333984375
0.0240573883056641 -0.0182857513427734 -0.32916259765625 -0.0122070312500001
0.0158071517944336 -0.00618171691894531 -0.1927490234375 -0.274398803710938
0.0247688293457031 -0.0218486785888672 0.178009033203125 -0.432037353515625
0.0186004638671875 0.0110454559326172 0.62139892578125 -0.219970703125
-0.0202064514160156 0.0330219268798828 0.6309814453125 0.4739990234375
-0.0197162628173828 -0.00587844848632812 0.0547485351562499 0.88140869140625
0.0131454467773438 0.0109395980834961 -0.36962890625 0.56341552734375
0.0281772613525391 0.00717926025390625 -0.00730895996093751 0.0768661499023438
0.0201377868652344 0.00995254516601563 0.4114990234375 -0.493438720703125
0.0244865417480469 -0.00185966491699219 -0.0190429687499999 -0.914794921875
0.0160112380981445 0.00937557220458985 -0.685302734375 -0.4200439453125
0.0111083984375 0.00323963165283203 -0.5911865234375 0.27618408203125
0.0164213180541992 -0.00853538513183594 -0.1717529296875 0.452484130859375
0.00554847717285156 -0.0177936553955078 0.211944580078125 0.291900634765625
0.0154628753662109 -0.0129508972167969 0.3388671875 0.02154541015625
0.0260391235351563 -0.00615310668945313 -0.33245849609375 -0.0255126953125
0.00643157958984375 0.0288410186767578 -0.209396362304687 -0.268814086914063
0.0123071670532227 0.00606441497802734 0.16229248046875 -0.440185546875
-0.0134620666503906 0.00522804260253906 0.608642578125 -0.2451171875
-0.0509681701660156 -0.0017852783203125 0.6466064453125 0.44049072265625
-0.0230064392089844 -0.0540542602539063 0.09979248046875 0.857666015625
0.0494537353515625 -0.0241889953613281 -0.336669921875 0.554962158203125
0.0838775634765625 -0.009002685546875 0.00510787963867187 0.0682144165039062
0.06011962890625 -0.0270843505859375 0.43023681640625 -0.499725341796875
0.0230674743652344 -0.0493278503417969 0.0145263671875 -0.93231201171875
-0.0202980041503906 -0.0255794525146484 -0.6624755859375 -0.4512939453125
-0.0182075500488281 0.00116157531738281 -0.5926513671875 0.2532958984375
0.000559806823730469 0.0168294906616211 -0.184600830078125 0.436676025390625
-0.00612640380859375 0.0174789428710938 0.1939697265625 0.2847900390625
0.0173616409301758 -0.00407600402832031 0.32049560546875 0.004730224609375
0.0248184204101563 -0.00734901428222656 -0.32830810546875 -0.018829345703125
0.00487327575683594 0.0313682556152344 -0.208251953125 -0.26727294921875
0.0118303298950195 0.00925827026367188 0.155670166015625 -0.436309814453125
-0.0140886306762695 0.00672435760498047 0.60009765625 -0.24566650390625
-0.0507926940917969 0.00181198120117188 0.6474609375 0.4334716796875
-0.0234565734863281 -0.052276611328125 0.10791015625 0.85797119140625
0.0511093139648438 -0.0236053466796875 -0.33709716796875 0.56414794921875
0.0815582275390625 -0.00788116455078125 -0.00628662109374999 0.074188232421875
0.061920166015625 -0.0231246948242187 0.42742919921875 -0.48980712890625
0.0260238647460937 -0.0491943359375 0.027099609375 -0.92999267578125
-0.0196933746337891 -0.0284976959228516 -0.656494140625 -0.458740234375
-0.0198822021484375 0.00128936767578125 -0.59808349609375 0.24652099609375
-0.00151443481445313 0.0162019729614258 -0.19207763671875 0.436676025390625
-0.00753593444824219 0.0200881958007813 0.194091796875 0.28717041015625
0.0165615081787109 -0.00472927093505859 0.322113037109375 0.008697509765625
0.0254535675048828 -0.00870323181152344 -0.324676513671875 -0.0147705078125
0.00574111938476563 0.0284404754638672 -0.204925537109375 -0.2642822265625
0.0116348266601563 0.00778865814208984 0.153289794921875 -0.432525634765625
-0.0111856460571289 0.00789260864257813 0.60040283203125 -0.24493408203125
-0.0479774475097656 0.00373458862304687 0.64898681640625 0.43634033203125
-0.0211067199707031 -0.0476570129394531 0.10858154296875 0.86419677734375
0.0457916259765625 -0.0176849365234375 -0.3426513671875 0.57220458984375
0.07647705078125 -0.00445556640625 -0.0139999389648438 0.0787277221679688
0.0574188232421875 -0.0195350646972656 0.424835205078125 -0.484771728515625
0.0268745422363281 -0.0462760925292969 0.0297851562500001 -0.927001953125
-0.0148754119873047 -0.0246181488037109 -0.65679931640625 -0.46014404296875
-0.0183868408203125 0.00457000732421875 -0.60150146484375 0.2486572265625
-0.000382423400878907 0.0165300369262695 -0.195556640625 0.439971923828125
-0.00660133361816407 0.0200042724609375 0.196258544921875 0.28814697265625
0.0168180465698242 -0.00611782073974609 0.32415771484375 0.01641845703125
0.0247077941894531 -0.00967788696289063 -0.322021484375 -0.00842285156250006
0.00638198852539062 0.0246715545654297 -0.20050048828125 -0.265655517578125
0.0133638381958008 0.00367355346679688 0.157135009765625 -0.43212890625
-0.00766277313232422 0.0108671188354492 0.60595703125 -0.2386474609375
-0.0415992736816406 0.00830841064453125 0.6434326171875 0.445068359375
-0.0210304260253906 -0.0414047241210937 0.0972290039062501 0.87060546875
0.0413932800292969 -0.0134429931640625 -0.350830078125 0.57293701171875
0.0672492980957031 -0.00265884399414063 -0.019500732421875 0.0806045532226563
0.0535049438476563 -0.0125007629394531 0.417755126953125 -0.482696533203125
0.0265884399414063 -0.0371513366699219 0.01849365234375 -0.92254638671875
-0.0101222991943359 -0.0173492431640625 -0.66070556640625 -0.45068359375
-0.0139341354370117 0.00506114959716797 -0.59820556640625 0.2579345703125
0.000981330871582032 0.0137004852294922 -0.192413330078125 0.4451904296875
-0.00482749938964844 0.0133447647094727 0.200439453125 0.288665771484375
0.0171165466308594 -0.00620841979980469 0.329742431640625 0.019317626953125
0.0242824554443359 -0.0136909484863281 -0.321746826171875 -0.00628662109374994
0.00867462158203125 0.0187702178955078 -0.198654174804688 -0.265594482421875
0.0158185958862305 -0.001495361328125 0.161041259765625 -0.4298095703125
0.0010519027709961 0.0109291076660156 0.60784912109375 -0.23175048828125
-0.0361976623535156 0.0142784118652344 0.64166259765625 0.4541015625
-0.0195941925048828 -0.0306015014648437 0.0879516601562499 0.87591552734375
0.0354957580566406 -0.00572967529296875 -0.3585205078125 0.57415771484375
0.0573883056640625 -0.000232696533203125 -0.0214157104492188 0.0815505981445313
0.0449562072753906 -0.00666046142578125 0.41473388671875 -0.482177734375
0.0275859832763672 -0.0274639129638672 0.0117797851562499 -0.9200439453125
-0.00282669067382812 -0.0116195678710938 -0.66571044921875 -0.4410400390625
-0.00753259658813476 0.00374031066894531 -0.59771728515625 0.263427734375
0.00386714935302734 0.00895595550537109 -0.189056396484375 0.44805908203125
-0.00349998474121094 0.00612306594848633 0.20513916015625 0.29022216796875
0.0157918930053711 -0.00836658477783203 0.331451416015625 0.02313232421875
0.0251502990722656 -0.0153446197509766 -0.322540283203125 -0.00354003906249997
0.0115203857421875 0.00806522369384766 -0.19573974609375 -0.26727294921875
0.0175065994262695 -0.00727176666259766 0.16253662109375 -0.427764892578125
0.0063772201538086 0.00994586944580078 0.6103515625 -0.22821044921875
-0.0300502777099609 0.0215320587158203 0.63525390625 0.45928955078125
-0.0196208953857422 -0.0230960845947266 0.0756225585937499 0.87432861328125
0.0277023315429688 0.00199508666992188 -0.3642578125 0.5709228515625
0.0462074279785156 0.00223541259765625 -0.02117919921875 0.0817337036132813
0.0348186492919922 -0.000699996948242188 0.41143798828125 -0.48333740234375
0.0278854370117188 -0.0175647735595703 0.0015869140625 -0.91558837890625
0.00419497489929199 -0.00270724296569824 -0.671630859375 -0.43359375
-0.000263214111328125 0.00569057464599609 -0.594970703125 0.269775390625
0.00833845138549805 0.00282573699951172 -0.184051513671875 0.448638916015625
-0.00049901008605957 -0.00240468978881836 0.207733154296875 0.2904052734375
0.0157289505004883 -0.0106048583984375 0.336395263671875 0.02398681640625
0.0237102508544922 -0.0175437927246094 -0.3238525390625 -0.00390624999999997
0.0135726928710937 0.000713348388671875 -0.193756103515625 -0.269454956054687
0.0220088958740234 -0.0150241851806641 0.1671142578125 -0.43145751953125
0.0120067596435547 0.0123805999755859 0.61724853515625 -0.224609375
-0.0237751007080078 0.0295619964599609 0.63037109375 0.46551513671875
-0.0186901092529297 -0.0128383636474609 0.0657348632812501 0.87652587890625
0.0195407867431641 0.0061187744140625 -0.36749267578125 0.56817626953125
0.0352058410644531 0.0042724609375 -0.0157623291015625 0.0806732177734375
0.0281257629394531 0.00507736206054688 0.4110107421875 -0.4854736328125
0.0259056091308594 -0.008575439453125 -0.01031494140625 -0.91064453125
0.0104312896728516 0.00436782836914063 -0.6768798828125 -0.42388916015625
0.006866455078125 0.00588417053222656 -0.5931396484375 0.2744140625
0.0122308731079102 -0.00369071960449219 -0.17633056640625 0.449493408203125
0.00396537780761719 -0.0105819702148438 0.212005615234375 0.28955078125
0.0161867141723633 -0.0130109786987305 0.337615966796875 0.022216796875
0.0235958099365234 -0.0176525115966797 -0.3277587890625 -0.00872802734374999
0.0153579711914063 -0.00637626647949219 -0.1932373046875 -0.271240234375
0.0243492126464844 -0.0218391418457031 0.1761474609375 -0.43157958984375
0.0174331665039062 0.0111370086669922 0.61749267578125 -0.22381591796875
-0.0195770263671875 0.0335865020751953 0.62689208984375 0.47125244140625
-0.0215072631835937 -0.00593376159667969 0.05645751953125 0.875
0.0112237930297852 0.0126256942749023 -0.36553955078125 0.560455322265625
0.0271854400634766 0.00639915466308594 -0.007904052734375 0.0770111083984375
0.0210895538330078 0.00951957702636719 0.40838623046875 -0.489898681640625
0.02398681640625 -0.00166893005371094 -0.0197143554687499 -0.90985107421875
0.0158901214599609 0.0101194381713867 -0.68475341796875 -0.41455078125
0.0135717391967773 0.00387477874755859 -0.58935546875 0.2779541015625
0.0164632797241211 -0.0103816986083984 -0.170562744140625 0.4495849609375
0.00543403625488281 -0.0184268951416016 0.213104248046875 0.289154052734375
0.0158348083496094 -0.014897346496582 0.33758544921875 0.019317626953125
0.0278491973876953 -0.00762939453125 -0.332061767578125 -0.02252197265625
0.00667572021484375 0.0286216735839844 -0.210159301757813 -0.267135620117188
0.0105562210083008 0.00731658935546875 0.16070556640625 -0.438385009765625
-0.015070915222168 0.00611305236816406 0.60552978515625 -0.24420166015625
-0.0516128540039063 0.000965118408203114 0.64312744140625 0.4375
-0.0234146118164063 -0.0520591735839844 0.1009521484375 0.85235595703125
0.0496635437011719 -0.0255203247070313 -0.333465576171875 0.554412841796875
0.083343505859375 -0.009246826171875 0.00604248046875001 0.06951904296875
0.0604820251464844 -0.025970458984375 0.42938232421875 -0.497314453125
0.0230941772460937 -0.050262451171875 0.0148315429687499 -0.92852783203125
-0.0190830230712891 -0.0276718139648437 -0.66070556640625 -0.44793701171875
-0.0189895629882813 -0.000469207763671874 -0.59033203125 0.25244140625
0.000425338745117188 0.0164299011230469 -0.183380126953125 0.43408203125
-0.00719642639160156 0.0172576904296875 0.194305419921875 0.2823486328125
0.0163955688476563 -0.00485134124755859 0.31829833984375 0.003997802734375
0.0280513763427734 -0.00696754455566406 -0.32879638671875 -0.0164794921875
0.00710296630859375 0.0307159423828125 -0.209243774414062 -0.263046264648438
0.0111055374145508 0.00973796844482422 0.1527099609375 -0.4354248046875
-0.0156383514404297 0.00711345672607421 0.5989990234375 -0.24542236328125
-0.0511589050292969 0.000820159912109375 0.6458740234375 0.430908203125
-0.0221595764160156 -0.0517654418945313 0.109375 0.85406494140625
0.0495643615722656 -0.0244598388671875 -0.3345947265625 0.56085205078125
0.080657958984375 -0.0080718994140625 -0.00689697265624999 0.074981689453125
0.0601806640625 -0.0241050720214844 0.426544189453125 -0.488433837890625
0.025115966796875 -0.0498390197753906 0.0245361328125 -0.9273681640625
-0.0186290740966797 -0.0277290344238281 -0.65411376953125 -0.45806884765625
-0.0206813812255859 0.00299835205078125 -0.594482421875 0.247802734375
-0.00086498260498047 0.0166454315185547 -0.189788818359375 0.43731689453125
-0.00777626037597656 0.0190219879150391 0.194366455078125 0.285797119140625
0.0160369873046875 -0.00564384460449219 0.3212890625 0.009918212890625
0.0271224975585937 -0.00823593139648437 -0.322479248046875 -0.01165771484375
0.00698280334472657 0.0283222198486328 -0.206680297851563 -0.262588500976563
0.0115852355957031 0.00860881805419922 0.151611328125 -0.43243408203125
-0.0109891891479492 0.00798416137695313 0.59912109375 -0.2462158203125
-0.0474815368652344 0.00426864624023438 0.6456298828125 0.43243408203125
-0.0206985473632813 -0.0473175048828125 0.1094970703125 0.85986328125
0.0466384887695313 -0.0198554992675781 -0.34051513671875 0.56976318359375
0.0755233764648438 -0.00611114501953125 -0.0157241821289062 0.079254150390625
0.0577964782714844 -0.0190162658691406 0.422637939453125 -0.481964111328125
0.0262985229492188 -0.0439186096191406 0.0294799804687499 -0.92266845703125
-0.0152797698974609 -0.0242042541503906 -0.65496826171875 -0.45855712890625
-0.0174684524536133 0.00268745422363281 -0.59814453125 0.24945068359375
-0.00178337097167969 0.015625 -0.1925048828125 0.439971923828125
-0.00626945495605469 0.0187416076660156 0.195587158203125 0.286651611328125
0.0159311294555664 -0.00687885284423828 0.32318115234375 0.0146484375
0.0273609161376953 -0.01007080078125 -0.32159423828125 -0.00674438476562494
0.00727272033691406 0.0244770050048828 -0.202926635742187 -0.261016845703125
0.012547492980957 0.00598812103271484 0.154266357421875 -0.4295654296875
-0.00708198547363281 0.0102500915527344 0.6025390625 -0.2373046875
-0.0426101684570313 0.00873184204101562 0.64263916015625 0.44171142578125
-0.01983642578125 -0.0412330627441406 0.0983276367187499 0.86529541015625
0.041412353515625 -0.0136070251464844 -0.3485107421875 0.57098388671875
0.0664901733398438 -0.00212478637695313 -0.0189437866210937 0.0806121826171875
0.0509033203125 -0.01361083984375 0.41552734375 -0.479766845703125
0.0265617370605469 -0.0360450744628906 0.01873779296875 -0.9183349609375
-0.009185791015625 -0.0175447463989258 -0.659912109375 -0.4466552734375
-0.0146894454956055 0.00385761260986328 -0.59552001953125 0.258056640625
0.00118350982666016 0.0154638290405273 -0.189239501953125 0.442901611328125
-0.00522804260253906 0.0134000778198242 0.199462890625 0.2869873046875
0.0174236297607422 -0.00706100463867187 0.326568603515625 0.0181884765625
0.0257797241210938 -0.0137767791748047 -0.319091796875 -0.00430297851562495
0.00901126861572266 0.0167636871337891 -0.198623657226563 -0.263290405273437
0.0140180587768555 -0.000199317932128906 0.1572265625 -0.42822265625
-0.000331878662109375 0.0104951858520508 0.6036376953125 -0.23345947265625
-0.0351753234863281 0.0162734985351563 0.63970947265625 0.44879150390625
-0.018951416015625 -0.0313663482666016 0.0877685546875001 0.87255859375
0.0344429016113281 -0.00618553161621094 -0.35693359375 0.572265625
0.0559539794921875 0.000194549560546875 -0.02130126953125 0.0811767578125
0.0436820983886719 -0.00702667236328125 0.412017822265625 -0.48199462890625
0.0276470184326172 -0.0274410247802734 0.00897216796875003 -0.91546630859375
-0.00353813171386719 -0.0104837417602539 -0.66302490234375 -0.4412841796875
-0.00858068466186524 0.00522470474243164 -0.59576416015625 0.265380859375
0.0033574104309082 0.00857162475585938 -0.186859130859375 0.44537353515625
-0.00219202041625977 0.00688743591308594 0.204132080078125 0.28704833984375
0.0158672332763672 -0.00909519195556641 0.331817626953125 0.021270751953125
0.0251865386962891 -0.0157966613769531 -0.320465087890625 -0.00262451171875004
0.0116071701049805 0.00946807861328125 -0.197189331054687 -0.264190673828125
0.0171222686767578 -0.00781059265136719 0.1611328125 -0.42828369140625
0.005615234375 0.0115642547607422 0.606689453125 -0.22900390625
-0.0286769866943359 0.0234432220458984 0.6337890625 0.4549560546875
-0.0194263458251953 -0.0233211517333984 0.07598876953125 0.8736572265625
0.0264644622802734 0.000141143798828125 -0.36370849609375 0.57098388671875
0.0451126098632812 0.00298690795898437 -0.019927978515625 0.0814590454101563
0.0353202819824219 -0.00104141235351563 0.408111572265625 -0.48223876953125
0.0271701812744141 -0.0179710388183594 -0.000488281250000092 -0.910888671875
0.00450372695922852 -0.00378990173339844 -0.67041015625 -0.4310302734375
-0.00041818618774414 0.00597333908081055 -0.59228515625 0.27020263671875
0.00799894332885742 0.00372600555419922 -0.181732177734375 0.447906494140625
0.000420331954956055 -0.00252676010131836 0.207916259765625 0.288299560546875
0.0153846740722656 -0.0116777420043945 0.3343505859375 0.02142333984375
0.0251998901367188 -0.0177631378173828 -0.3228759765625 -0.00228881835937496
0.0136098861694336 0.000893592834472656 -0.19482421875 -0.267105102539062
0.020477294921875 -0.0153732299804688 0.1651611328125 -0.429229736328125
0.0123100280761719 0.0118265151977539 0.613037109375 -0.22686767578125
-0.0219345092773438 0.0294055938720703 0.6307373046875 0.4630126953125
-0.0190563201904297 -0.0128555297851562 0.06732177734375 0.87371826171875
0.0176010131835938 0.00595474243164063 -0.36517333984375 0.56536865234375
0.0351753234863281 0.00362014770507813 -0.0155105590820313 0.0794143676757813
0.0275764465332031 0.00604820251464844 0.407257080078125 -0.48175048828125
0.0255317687988281 -0.00823402404785156 -0.00970458984374996 -0.9075927734375
0.0108242034912109 0.00403690338134766 -0.67559814453125 -0.4197998046875
0.00613307952880859 0.00452136993408203 -0.5902099609375 0.27545166015625
0.0133581161499023 -0.002716064453125 -0.174560546875 0.449432373046875
0.00334930419921875 -0.0102787017822266 0.2115478515625 0.288604736328125
0.0167226791381836 -0.0126323699951172 0.33642578125 0.02197265625
0.0241355895996094 -0.0185337066650391 -0.3240966796875 -0.00744628906250005
0.0162200927734375 -0.00684928894042969 -0.194366455078125 -0.269927978515625
0.0243644714355469 -0.0210323333740234 0.170013427734375 -0.4312744140625
0.0175466537475586 0.0107097625732422 0.61419677734375 -0.22161865234375
-0.0169639587402344 0.0328655242919922 0.62548828125 0.46661376953125
-0.0202140808105469 -0.00597953796386719 0.056884765625 0.87152099609375
0.0114717483520508 0.0116872787475586 -0.36517333984375 0.55889892578125
0.0263423919677734 0.00562477111816406 -0.00707244873046874 0.0767822265625
0.0206756591796875 0.0101871490478516 0.405181884765625 -0.48974609375
0.0245075225830078 -0.000865936279296875 -0.02294921875 -0.90594482421875
0.0163230895996094 0.00860881805419922 -0.67999267578125 -0.41351318359375
0.011509895324707 0.00330543518066406 -0.5855712890625 0.27740478515625
0.0158443450927734 -0.00956058502197266 -0.170806884765625 0.4505615234375
0.00562286376953125 -0.018798828125 0.21197509765625 0.286407470703125
0.0154304504394531 -0.0137052536010742 0.337493896484375 0.019927978515625
0.0274219512939453 -0.00778770446777344 -0.331329345703125 -0.0219726562500001
0.00836563110351563 0.029388427734375 -0.209579467773438 -0.264190673828125
0.0102453231811523 0.00726795196533203 0.157684326171875 -0.438201904296875
-0.0147790908813477 0.00532722473144531 0.60247802734375 -0.2462158203125
-0.0515632629394531 0.000278472900390626 0.6414794921875 0.4368896484375
-0.0238304138183594 -0.0522918701171875 0.10125732421875 0.85040283203125
0.0486183166503906 -0.02587890625 -0.3316650390625 0.552276611328125
0.0820999145507813 -0.0103073120117188 0.00594711303710938 0.0689735412597656
0.0602569580078125 -0.0261917114257812 0.42718505859375 -0.496551513671875
0.0222282409667969 -0.0492324829101563 0.0159301757812499 -0.9251708984375
-0.0198345184326172 -0.0282306671142578 -0.65869140625 -0.44757080078125
-0.0188140869140625 0.00106239318847656 -0.5887451171875 0.25146484375
0.000558853149414064 0.0152807235717773 -0.183380126953125 0.435882568359375
-0.00702953338623047 0.0174036026000977 0.195648193359375 0.2816162109375
0.0164928436279297 -0.00618553161621094 0.318450927734375 0.004364013671875
0.0280895233154297 -0.00708198547363281 -0.326568603515625 -0.0171203613281249
0.00692367553710937 0.0307407379150391 -0.209716796875 -0.262298583984375
0.0105266571044922 0.00876998901367188 0.1510009765625 -0.434051513671875
-0.0151166915893555 0.00767230987548828 0.59722900390625 -0.24853515625
-0.0505638122558594 0.00151824951171876 0.6448974609375 0.427734375
-0.0227088928222656 -0.052337646484375 0.10821533203125 0.85107421875
0.0501480102539062 -0.0242462158203125 -0.333251953125 0.56158447265625
0.0811386108398438 -0.00823974609375 -0.00622558593749999 0.074462890625
0.0599632263183594 -0.0245018005371094 0.424591064453125 -0.485382080078125
0.0248641967773438 -0.0495834350585938 0.02764892578125 -0.9229736328125
-0.0190200805664062 -0.0283260345458984 -0.65179443359375 -0.45556640625
-0.0204448699951172 0.00116348266601562 -0.594482421875 0.24761962890625
-0.00131416320800781 0.0184555053710938 -0.18963623046875 0.436492919921875
-0.00707054138183594 0.0205440521240234 0.194427490234375 0.28424072265625
0.0158777236938477 -0.00454425811767578 0.32196044921875 0.008453369140625
0.0273780822753906 -0.00806045532226563 -0.3228759765625 -0.01025390625
0.00789070129394531 0.0291290283203125 -0.207443237304688 -0.260330200195313
0.01141357421875 0.00887966156005859 0.1494140625 -0.4306640625
-0.0122652053833008 0.00917720794677735 0.59515380859375 -0.24615478515625
-0.0474891662597656 0.00470733642578124 0.644775390625 0.430419921875
-0.0213508605957031 -0.0468215942382813 0.10992431640625 0.85748291015625
0.0460166931152344 -0.0205230712890625 -0.33856201171875 0.567626953125
0.0742721557617188 -0.0057373046875 -0.014556884765625 0.0795974731445313
0.0572319030761719 -0.0193557739257813 0.420257568359375 -0.47979736328125
0.0266456604003906 -0.0446128845214844 0.0279541015625 -0.92034912109375
-0.0149784088134766 -0.0237045288085938 -0.6512451171875 -0.45635986328125
-0.0183620452880859 0.00310134887695313 -0.59613037109375 0.24957275390625
-0.000129699707031249 0.0172595977783203 -0.193359375 0.438720703125
-0.0067596435546875 0.0182132720947266 0.1961669921875 0.28558349609375
0.0153779983520508 -0.00602054595947266 0.323333740234375 0.0150146484375
0.0273456573486328 -0.0110893249511719 -0.3197021484375 -0.00619506835937497
0.00836563110351563 0.0246849060058594 -0.202865600585938 -0.260543823242188
0.0114660263061523 0.00486850738525391 0.152191162109375 -0.42889404296875
-0.00729942321777344 0.00955486297607422 0.5997314453125 -0.23883056640625
-0.0411224365234375 0.00969314575195313 0.64141845703125 0.4393310546875
-0.0184898376464844 -0.0394325256347656 0.09954833984375 0.86322021484375
0.0412940979003906 -0.0141448974609375 -0.34783935546875 0.57122802734375
0.0647315979003906 -0.00304794311523437 -0.0184783935546875 0.079864501953125
0.051300048828125 -0.0128746032714844 0.414215087890625 -0.480621337890625
0.0274467468261719 -0.0374565124511719 0.01824951171875 -0.91448974609375
-0.0097198486328125 -0.0190525054931641 -0.65838623046875 -0.4456787109375
-0.0139894485473633 0.00458621978759765 -0.59356689453125 0.25836181640625
0.00180435180664062 0.0140962600708008 -0.1905517578125 0.443206787109375
-0.00544166564941406 0.0138177871704102 0.20025634765625 0.285888671875
0.0163297653198242 -0.00728702545166016 0.327178955078125 0.01763916015625
0.0264167785644531 -0.0127735137939453 -0.31829833984375 -0.00280761718749996
0.00990009307861328 0.0175647735595703 -0.199234008789063 -0.260971069335937
0.0133876800537109 -0.0004425048828125 0.15618896484375 -0.426513671875
-0.00142955780029297 0.00979423522949219 0.60205078125 -0.232177734375
-0.0351390838623047 0.0159664154052734 0.6361083984375 0.44818115234375
-0.01873779296875 -0.0308113098144531 0.0883178710937501 0.8690185546875
0.0348281860351562 -0.00714874267578125 -0.356201171875 0.57098388671875
0.055450439453125 0.000728607177734375 -0.0198593139648437 0.0812149047851563
0.0439529418945313 -0.00743484497070313 0.40924072265625 -0.479248046875
0.02685546875 -0.0277805328369141 0.00842285156250006 -0.913818359375
-0.00338935852050781 -0.0114431381225586 -0.66131591796875 -0.438720703125
-0.00723123550415039 0.00500679016113281 -0.5924072265625 0.26416015625
0.00547122955322266 0.00903701782226563 -0.185516357421875 0.44488525390625
-0.00157690048217773 0.00642633438110352 0.203857421875 0.284759521484375
0.016179084777832 -0.00988483428955078 0.330596923828125 0.020416259765625
0.0267486572265625 -0.0161514282226563 -0.319305419921875 -0.00137329101562503
0.0118637084960937 0.00967025756835937 -0.197921752929687 -0.262908935546875
0.0162858963012695 -0.00746250152587891 0.15948486328125 -0.427703857421875
0.00528526306152344 0.0108489990234375 0.6053466796875 -0.228759765625
-0.0276050567626953 0.0226840972900391 0.63287353515625 0.45306396484375
-0.0180435180664063 -0.0214595794677734 0.0783691406250001 0.87152099609375
0.0263195037841797 -0.0006561279296875 -0.361572265625 0.56939697265625
0.0444679260253906 0.00267410278320313 -0.0203628540039062 0.0809478759765625
0.0362472534179688 -0.00067138671875 0.408203125 -0.479461669921875
0.0267658233642578 -0.017608642578125 -0.000488281250000037 -0.907958984375
0.0046687126159668 -0.00369930267333984 -0.66839599609375 -0.427978515625
-0.00031423568725586 0.00482654571533203 -0.59185791015625 0.27001953125
0.00836086273193359 0.00327682495117188 -0.18048095703125 0.447998046875
0.00110721588134766 -0.00127410888671875 0.208465576171875 0.286224365234375
0.0156707763671875 -0.0111618041992188 0.334869384765625 0.021453857421875
0.0260086059570313 -0.0186767578125 -0.321319580078125 -0.00271606445312506
0.0142173767089844 0.00149631500244141 -0.195297241210938 -0.265182495117187
0.0199642181396484 -0.0151214599609375 0.1630859375 -0.428314208984375
0.0118846893310547 0.011052131652832 0.60906982421875 -0.22509765625
-0.0219860076904297 0.0298881530761719 0.6292724609375 0.45794677734375
-0.0173797607421875 -0.0121927261352539 0.06671142578125 0.87139892578125
0.0190677642822266 0.00713729858398438 -0.36383056640625 0.5631103515625
0.0338287353515625 0.00399971008300781 -0.0148239135742187 0.0789794921875
0.0279483795166016 0.00541496276855469 0.406219482421875 -0.483612060546875
0.0260124206542969 -0.00753021240234375 -0.01123046875 -0.9056396484375
0.0107440948486328 0.00353336334228516 -0.67315673828125 -0.41961669921875
0.00597953796386719 0.00453567504882813 -0.58746337890625 0.27490234375
0.0116348266601563 -0.00295543670654297 -0.174774169921875 0.44793701171875
0.00292778015136719 -0.00969314575195312 0.21246337890625 0.285369873046875
0.0153436660766602 -0.0137300491333008 0.335693359375 0.020751953125
0.0254192352294922 -0.0185661315917969 -0.323883056640625 -0.00613403320312505
0.0170307159423828 -0.00664615631103516 -0.194488525390625 -0.266830444335938
0.0236492156982422 -0.0211448669433594 0.169708251953125 -0.4305419921875
0.0181846618652344 0.0104732513427734 0.61224365234375 -0.2227783203125
-0.0174465179443359 0.0343513488769531 0.62322998046875 0.46435546875
-0.0188541412353516 -0.00562095642089844 0.05743408203125 0.8704833984375
0.0119724273681641 0.012202262878418 -0.36248779296875 0.558135986328125
0.0246963500976563 0.006072998046875 -0.00744628906249999 0.0765914916992188
0.0205459594726563 0.0088958740234375 0.404571533203125 -0.4879150390625
0.0246849060058594 -0.00144386291503906 -0.0227050781249999 -0.90399169921875
0.0163478851318359 0.00792884826660156 -0.67999267578125 -0.4122314453125
0.0113544464111328 0.00274944305419922 -0.58294677734375 0.276611328125
0.0170574188232422 -0.0077667236328125 -0.168731689453125 0.4468994140625
0.00514507293701172 -0.0165281295776367 0.214324951171875 0.285675048828125
0.0158042907714844 -0.0145397186279297 0.336273193359375 0.018463134765625
0.0266876220703125 -0.00771331787109375 -0.330108642578125 -0.0206298828125
0.00837516784667969 0.0282878875732422 -0.209869384765625 -0.262252807617188
0.0104665756225586 0.00847434997558594 0.1563720703125 -0.437652587890625
-0.0158586502075195 0.00658512115478516 0.60162353515625 -0.24432373046875
-0.0508193969726562 0.000629425048828122 0.64178466796875 0.43402099609375
-0.0220680236816406 -0.0526351928710938 0.0997314453124999 0.85015869140625
0.0498466491699219 -0.0260391235351563 -0.330902099609375 0.550567626953125
0.080902099609375 -0.010467529296875 0.00585556030273438 0.0690193176269531
0.0591201782226562 -0.0258750915527344 0.426361083984375 -0.495513916015625
0.0223350524902344 -0.0490303039550781 0.0147705078125001 -0.92388916015625
-0.0201950073242187 -0.0284900665283203 -0.65765380859375 -0.44793701171875
-0.0190925598144531 0.000823974609375004 -0.589111328125 0.25201416015625
0.000645637512207031 0.0157451629638672 -0.1815185546875 0.434844970703125
-0.00704288482666016 0.0173482894897461 0.195587158203125 0.280410766601563
0.0160589218139648 -0.00598430633544922 0.31842041015625 0.003875732421875
0.0278167724609375 -0.00714302062988281 -0.327728271484375 -0.0145568847656251
0.0078125 0.0306777954101563 -0.210433959960938 -0.260406494140625
0.0108203887939453 0.00960636138916016 0.148895263671875 -0.4334716796875
-0.0150413513183594 0.00790500640869141 0.5960693359375 -0.24755859375
-0.0484580993652344 0.00186538696289063 0.64422607421875 0.42840576171875
-0.0216827392578125 -0.0499916076660156 0.10894775390625 0.84954833984375
0.050079345703125 -0.0252456665039063 -0.333892822265625 0.559295654296875
0.0795669555664063 -0.009307861328125 -0.00577545166015624 0.0748062133789063
0.0600929260253906 -0.0236740112304687 0.42266845703125 -0.485260009765625
0.0232124328613281 -0.0484809875488281 0.0274047851562501 -0.9205322265625
-0.0191917419433594 -0.0273284912109375 -0.6517333984375 -0.45452880859375
-0.0197639465332031 0.00244903564453125 -0.59259033203125 0.24871826171875
-0.000970840454101563 0.0176563262939453 -0.189666748046875 0.4344482421875
-0.00706863403320312 0.0203971862792969 0.1951904296875 0.283721923828125
0.0157365798950195 -0.00579738616943359 0.321014404296875 0.009124755859375
0.0278415679931641 -0.0092620849609375 -0.32122802734375 -0.00994873046875001
0.00842666625976562 0.0295238494873047 -0.207656860351563 -0.258132934570313
0.0104713439941406 0.00952720642089844 0.14923095703125 -0.4302978515625
-0.0130491256713867 0.00875377655029297 0.59429931640625 -0.2467041015625
-0.0463294982910156 0.00494384765625 0.64410400390625 0.4307861328125
-0.0212326049804687 -0.0457077026367188 0.10906982421875 0.85699462890625
0.0461082458496094 -0.0203437805175781 -0.3370361328125 0.56719970703125
0.0740585327148438 -0.00699615478515625 -0.0151138305664063 0.0790557861328125
0.0573387145996094 -0.0191802978515625 0.419464111328125 -0.4793701171875
0.0269432067871094 -0.0441703796386719 0.0270385742187499 -0.92071533203125
-0.0163612365722656 -0.0242462158203125 -0.65179443359375 -0.4561767578125
-0.019012451171875 0.00327110290527344 -0.5955810546875 0.24951171875
-0.00140571594238281 0.0169782638549805 -0.1925048828125 0.4373779296875
-0.00634956359863281 0.0190639495849609 0.1964111328125 0.284423828125
0.0152139663696289 -0.00706100463867187 0.322174072265625 0.014068603515625
0.0283546447753906 -0.0116710662841797 -0.319915771484375 -0.00375366210937495
0.00876617431640625 0.025146484375 -0.20489501953125 -0.259857177734375
0.0113620758056641 0.00565910339355469 0.1502685546875 -0.42852783203125
-0.00785541534423828 0.00950908660888672 0.5994873046875 -0.23724365234375
-0.0404930114746094 0.0103302001953125 0.6397705078125 0.4390869140625
-0.01910400390625 -0.0394325256347656 0.0975341796875001 0.8614501953125
0.0419464111328125 -0.0139427185058594 -0.34832763671875 0.5689697265625
0.0648765563964844 -0.00302886962890625 -0.018768310546875 0.0807342529296875
0.0513687133789063 -0.0140228271484375 0.414459228515625 -0.47772216796875
0.0273323059082031 -0.0367813110351563 0.0196533203124999 -0.91473388671875
-0.00989532470703126 -0.0190334320068359 -0.65631103515625 -0.44482421875
-0.0151491165161133 0.00393199920654297 -0.593505859375 0.25750732421875
0.00121021270751953 0.0148344039916992 -0.1890869140625 0.44195556640625
-0.00459575653076172 0.0143003463745117 0.201324462890625 0.285247802734375
0.0162353515625 -0.00829505920410156 0.326263427734375 0.017852783203125
0.0273475646972656 -0.0135364532470703 -0.317352294921875 -0.00170898437500005
0.0111160278320313 0.0180683135986328 -0.200149536132812 -0.260009765625
0.0132589340209961 -3.71932983398438E-05 0.1552734375 -0.42657470703125
-0.00204277038574219 0.0103330612182617 0.602294921875 -0.2333984375
-0.0344257354736328 0.0172119140625 0.63568115234375 0.44647216796875
-0.0180683135986328 -0.0311203002929688 0.0864868164062501 0.8680419921875
0.0345134735107422 -0.00677490234375 -0.354736328125 0.56707763671875
0.0545883178710938 -0.000713348388671875 -0.020477294921875 0.0819854736328125
0.0439834594726562 -0.00675201416015625 0.409759521484375 -0.477752685546875
0.0263729095458984 -0.0275077819824219 0.00915527343749995 -0.91302490234375
-0.00255393981933594 -0.0113506317138672 -0.660888671875 -0.43695068359375
-0.00715494155883789 0.00506114959716797 -0.59161376953125 0.263427734375
0.00435924530029297 0.0102148056030273 -0.185272216796875 0.44622802734375
-0.00219249725341797 0.00764846801757812 0.204864501953125 0.2852783203125
0.0158443450927734 -0.0102567672729492 0.32965087890625 0.020111083984375
0.0276699066162109 -0.0163822174072266 -0.319366455078125 0.000518798828124989
0.0129404067993164 0.00980567932128906 -0.197647094726562 -0.262374877929688
0.0164098739624023 -0.00745296478271484 0.15673828125 -0.4271240234375
0.00497055053710938 0.0105781555175781 0.6046142578125 -0.23016357421875
-0.0273303985595703 0.0231266021728516 0.63275146484375 0.4522705078125
-0.0176067352294922 -0.0207080841064453 0.0755615234375 0.86895751953125
0.0269069671630859 -9.918212890625E-05 -0.36090087890625 0.56707763671875
0.0433197021484375 0.00110244750976563 -0.0199813842773438 0.0816802978515625
0.0359611511230469 -0.00114059448242188 0.40679931640625 -0.477447509765625
0.026885986328125 -0.0177745819091797 -0.00158691406250009 -0.908447265625
0.00490093231201172 -0.00378084182739258 -0.66717529296875 -0.42889404296875
-0.000747203826904297 0.00441265106201172 -0.59088134765625 0.26861572265625
0.00841617584228516 0.00471067428588867 -0.1800537109375 0.446014404296875
0.000763297080993652 -0.00065314769744873 0.208648681640625 0.285888671875
0.0152711868286133 -0.012451171875 0.3343505859375 0.0218505859375
0.0260753631591797 -0.0189533233642578 -0.32086181640625 -0.00149536132812495
0.0151948928833008 0.00135421752929688 -0.1959228515625 -0.263900756835938
0.0199909210205078 -0.0148391723632813 0.161956787109375 -0.427215576171875
0.0115556716918945 0.0102005004882813 0.60760498046875 -0.22589111328125
-0.0214023590087891 0.0306453704833984 0.6270751953125 0.4580078125
-0.016880989074707 -0.0125436782836914 0.06634521484375 0.869384765625
0.0186367034912109 0.0061187744140625 -0.36309814453125 0.56353759765625
0.033599853515625 0.00320816040039063 -0.015106201171875 0.0795211791992188
0.0284843444824219 0.00525856018066406 0.404754638671875 -0.4814453125
0.0255393981933594 -0.00789451599121094 -0.0108642578125 -0.90399169921875
0.0114402770996094 0.00311088562011719 -0.6732177734375 -0.42010498046875
0.0060114860534668 0.00373983383178711 -0.58636474609375 0.27545166015625
0.0128927230834961 -0.00272560119628906 -0.173858642578125 0.447357177734375
0.003875732421875 -0.00944137573242187 0.2127685546875 0.2850341796875
0.0159244537353516 -0.0144119262695313 0.3355712890625 0.019989013671875
0.0257930755615234 -0.0190639495849609 -0.324798583984375 -0.00396728515624994
0.0175914764404297 -0.00572013854980469 -0.19549560546875 -0.266098022460938
0.0220508575439453 -0.0206584930419922 0.1683349609375 -0.4300537109375
0.0165605545043945 0.0110044479370117 0.610595703125 -0.223876953125
-0.0172119140625 0.0347080230712891 0.6224365234375 0.46282958984375
-0.017974853515625 -0.005035400390625 0.0576171874999999 0.86688232421875
0.012333869934082 0.011016845703125 -0.362548828125 0.557525634765625
0.0252704620361328 0.00475502014160156 -0.0075225830078125 0.0773162841796875
0.0211582183837891 0.00942420959472656 0.40411376953125 -0.486785888671875
0.0243339538574219 -0.00112342834472656 -0.02191162109375 -0.90411376953125
0.0156192779541016 0.00734424591064453 -0.677490234375 -0.41107177734375
0.0117597579956055 0.00311088562011719 -0.58282470703125 0.2772216796875
0.0154380798339844 -0.00905609130859375 -0.16729736328125 0.44580078125
0.00534820556640625 -0.0171327590942383 0.214141845703125 0.283172607421875
0.0149908065795898 -0.0161170959472656 0.336456298828125 0.0172119140625
0.0297164916992187 -0.00827789306640625 -0.33154296875 -0.019500732421875
0.00966835021972656 0.0297718048095703 -0.212020874023438 -0.262313842773438
0.0105676651000977 0.00767421722412109 0.154510498046875 -0.43701171875
-0.0155191421508789 0.00665283203125 0.60174560546875 -0.24713134765625
-0.0499000549316406 0.0013427734375 0.640869140625 0.4351806640625
-0.022003173828125 -0.0517311096191406 0.09979248046875 0.84857177734375
0.0491752624511719 -0.0261650085449219 -0.3302001953125 0.55029296875
0.080902099609375 -0.0104598999023438 0.00635528564453125 0.0698738098144531
0.0593643188476562 -0.0259666442871094 0.425628662109375 -0.49542236328125
0.02197265625 -0.0493927001953125 0.0156860351562499 -0.92510986328125
-0.0198440551757813 -0.0283145904541016 -0.65716552734375 -0.44775390625
-0.0192852020263672 0.000501632690429685 -0.58819580078125 0.2520751953125
0.000962257385253908 0.0169801712036133 -0.18310546875 0.4346923828125
-0.00732231140136719 0.0187110900878906 0.196914672851563 0.280609130859375
0.0157785415649414 -0.00586128234863281 0.318939208984375 0.004119873046875
0.0290794372558594 -0.00832557678222656 -0.32708740234375 -0.014495849609375
0.00872421264648438 0.0315170288085937 -0.210723876953125 -0.259506225585937
0.0100650787353516 0.0102453231811523 0.148712158203125 -0.4332275390625
-0.0158376693725586 0.00741291046142578 0.59710693359375 -0.2491455078125
-0.0491790771484375 0.002532958984375 0.6434326171875 0.42816162109375
-0.0217094421386719 -0.0503807067871094 0.1060791015625 0.85125732421875
0.0483932495117188 -0.0247840881347656 -0.3336181640625 0.560150146484375
0.0801010131835938 -0.00958251953125 -0.00611877441406249 0.0764617919921875
0.059814453125 -0.0239334106445313 0.42291259765625 -0.48394775390625
0.0246543884277344 -0.0483207702636719 0.02716064453125 -0.9215087890625
-0.0187835693359375 -0.0271930694580078 -0.65032958984375 -0.455810546875
-0.0212249755859375 0.00170707702636719 -0.593505859375 0.24896240234375
-0.000480651855468748 0.0183525085449219 -0.1898193359375 0.436279296875
-0.00803947448730469 0.0207023620605469 0.195281982421875 0.282470703125
0.0163173675537109 -0.00663661956787109 0.32122802734375 0.0089111328125
0.0286407470703125 -0.009185791015625 -0.3221435546875 -0.00811767578124997
0.00902938842773438 0.0301113128662109 -0.208587646484375 -0.258392333984375
0.00981330871582031 0.00917911529541016 0.146392822265625 -0.431121826171875
-0.0127248764038086 0.00984954833984375 0.59564208984375 -0.2464599609375
-0.0460777282714844 0.0052947998046875 0.6453857421875 0.428466796875
-0.0202484130859375 -0.0455856323242188 0.1077880859375 0.8568115234375
0.0469245910644531 -0.020660400390625 -0.33819580078125 0.5677490234375
0.0737838745117188 -0.00766754150390625 -0.0147933959960938 0.0795974731445313
0.0567588806152344 -0.0195236206054688 0.419189453125 -0.479034423828125
0.0259056091308594 -0.0437126159667969 0.02813720703125 -0.91961669921875
-0.0158863067626953 -0.0242023468017578 -0.651123046875 -0.45623779296875
-0.0184974670410156 0.00250816345214844 -0.595458984375 0.24993896484375
0.000364303588867187 0.0181312561035156 -0.192138671875 0.438690185546875
-0.00659942626953125 0.0196418762207031 0.196624755859375 0.28424072265625
0.0158119201660156 -0.00700473785400391 0.32330322265625 0.014862060546875
0.0292720794677734 -0.0119037628173828 -0.319488525390625 -0.00433349609375
0.00944328308105468 0.0251655578613281 -0.20501708984375 -0.258956909179688
0.0104436874389648 0.00529670715332031 0.149658203125 -0.427734375
-0.00825309753417969 0.0100212097167969 0.59820556640625 -0.23956298828125
-0.0399284362792969 0.00999450683593751 0.6412353515625 0.4373779296875
-0.0184211730957031 -0.0393028259277344 0.09649658203125 0.86151123046875
0.0412750244140625 -0.0138359069824219 -0.34674072265625 0.5689697265625
0.0642585754394531 -0.0043487548828125 -0.0186080932617187 0.0805282592773438
0.0512771606445312 -0.0135307312011719 0.41363525390625 -0.4775390625
0.0263862609863281 -0.0363731384277344 0.0187377929687501 -0.91461181640625
-0.0105171203613281 -0.0185928344726563 -0.65618896484375 -0.447265625
-0.0141506195068359 0.00384807586669922 -0.594482421875 0.25677490234375
0.00213336944580078 0.0148677825927734 -0.188323974609375 0.442138671875
-0.00495052337646484 0.0148773193359375 0.2017822265625 0.284271240234375
0.016474723815918 -0.00892162322998047 0.3270263671875 0.017303466796875
0.0282974243164063 -0.0141544342041016 -0.31744384765625 -0.000396728515624968
0.0117244720458984 0.0181961059570313 -0.200637817382813 -0.259597778320312
0.0133962631225586 -0.000316619873046875 0.1524658203125 -0.426666259765625
-0.00189495086669922 0.00978755950927734 0.60198974609375 -0.2337646484375
-0.0329303741455078 0.0168647766113281 0.63690185546875 0.44744873046875
-0.0174369812011719 -0.0304374694824219 0.0848999023437501 0.8687744140625
0.0345344543457031 -0.00731658935546875 -0.3546142578125 0.57086181640625
0.0537033081054687 -0.00116729736328125 -0.0206298828125 0.0819091796875
0.0433349609375 -0.00790786743164063 0.409912109375 -0.47711181640625
0.0260868072509766 -0.0266952514648438 0.0100708007812499 -0.91131591796875
-0.00341320037841797 -0.0113801956176758 -0.65863037109375 -0.43963623046875
-0.00721931457519531 0.00478458404541016 -0.59051513671875 0.2630615234375
0.0045318603515625 0.00974559783935547 -0.186004638671875 0.446075439453125
-0.00186729431152344 0.00761890411376953 0.20538330078125 0.28546142578125
0.0162563323974609 -0.0104398727416992 0.330108642578125 0.019500732421875
0.0274753570556641 -0.0169696807861328 -0.318756103515625 0.000854492187500016
0.0137786865234375 0.010014533996582 -0.198989868164063 -0.260482788085938
0.0157661437988281 -0.00689888000488281 0.156219482421875 -0.426116943359375
0.00428390502929687 0.0113096237182617 0.604248046875 -0.22900390625
-0.0267429351806641 0.0238780975341797 0.63348388671875 0.45196533203125
-0.0169792175292969 -0.02008056640625 0.07550048828125 0.86920166015625
0.025726318359375 -0.00055694580078125 -0.36004638671875 0.5665283203125
0.0423736572265625 0.000949859619140625 -0.0197525024414063 0.0817413330078125
0.0353584289550781 -0.000507354736328125 0.40582275390625 -0.478363037109375
0.0259170532226563 -0.0179233551025391 -0.000427246093750004 -0.90911865234375
0.00437760353088379 -0.00432300567626953 -0.66461181640625 -0.43048095703125
-0.00139093399047852 0.00482320785522461 -0.592041015625 0.269775390625
0.00896263122558594 0.00473976135253906 -0.1800537109375 0.446685791015625
0.00114154815673828 -0.000369429588317871 0.210052490234375 0.2855224609375
0.0156974792480469 -0.0122613906860352 0.334320068359375 0.021087646484375
0.0268726348876953 -0.0192031860351563 -0.321807861328125 0.00045776367187496
0.0154705047607422 0.00128364562988281 -0.196319580078125 -0.26275634765625
0.01885986328125 -0.0145702362060547 0.160675048828125 -0.42877197265625
0.0115318298339844 0.0110235214233398 0.60772705078125 -0.22601318359375
-0.0203933715820312 0.0298748016357422 0.6263427734375 0.4580078125
-0.0172901153564453 -0.0108757019042969 0.0661621093749999 0.8697509765625
0.0185985565185547 0.00559616088867188 -0.3634033203125 0.56365966796875
0.0328769683837891 0.00346946716308594 -0.0148162841796875 0.0800552368164063
0.0273113250732422 0.0048065185546875 0.40570068359375 -0.480072021484375
0.0255031585693359 -0.00821304321289063 -0.01153564453125 -0.9063720703125
0.0112075805664063 0.00336265563964844 -0.67266845703125 -0.4202880859375
0.00526332855224609 0.00362443923950195 -0.58697509765625 0.27423095703125
0.0133571624755859 -0.00257301330566406 -0.17364501953125 0.448760986328125
0.00346946716308594 -0.00904750823974609 0.214569091796875 0.28411865234375
0.0146083831787109 -0.0147180557250977 0.33642578125 0.019775390625
0.0260772705078125 -0.0194492340087891 -0.323944091796875 -0.00292968749999994
0.0183677673339844 -0.0057525634765625 -0.19677734375 -0.265411376953125
0.0221385955810547 -0.0207805633544922 0.166656494140625 -0.42987060546875
0.0168266296386719 0.01116943359375 0.61083984375 -0.224853515625
-0.0167236328125 0.0347270965576172 0.62335205078125 0.4622802734375
-0.0179119110107422 -0.00448036193847656 0.0565185546874999 0.86883544921875
0.0116643905639648 0.0109376907348633 -0.362152099609375 0.555511474609375
0.0240116119384766 0.00477981567382813 -0.00682830810546875 0.0774765014648438
0.0201416015625 0.00846481323242188 0.4053955078125 -0.485687255859375
0.0238132476806641 -0.000696182250976563 -0.02056884765625 -0.90447998046875
0.015894889831543 0.00833415985107422 -0.67791748046875 -0.41265869140625
0.0113430023193359 0.00286674499511719 -0.5814208984375 0.277099609375
0.0167465209960937 -0.00872135162353515 -0.16680908203125 0.446746826171875
0.00528144836425781 -0.0171241760253906 0.214202880859375 0.283782958984375
0.0155782699584961 -0.0149803161621094 0.33685302734375 0.017669677734375
0.0297870635986328 -0.00848770141601563 -0.3311767578125 -0.01849365234375
0.00989723205566406 0.0298309326171875 -0.212646484375 -0.261322021484375
0.00963973999023438 0.00796127319335938 0.1546630859375 -0.43853759765625
-0.0158357620239258 0.00632762908935547 0.60162353515625 -0.24810791015625
-0.0491447448730469 0.00141906738281251 0.6422119140625 0.4364013671875
-0.0222587585449219 -0.0505256652832031 0.0980834960937501 0.84942626953125
0.0485267639160156 -0.0259475708007813 -0.33258056640625 0.55078125
0.0803070068359375 -0.012054443359375 0.00664520263671875 0.0703277587890625
0.0598068237304687 -0.0265998840332031 0.427764892578125 -0.494384765625
0.0219192504882813 -0.0492477416992187 0.01568603515625 -0.924560546875
-0.0208797454833984 -0.0280227661132813 -0.6568603515625 -0.4488525390625
-0.0197677612304688 0.000200271606445314 -0.59039306640625 0.25341796875
0.0017385482788086 0.0171394348144531 -0.1842041015625 0.434326171875
-0.00657081604003906 0.0189800262451172 0.197219848632812 0.280136108398438
0.0162019729614258 -0.00681781768798828 0.3199462890625 0.0040283203125
0.0295295715332031 -0.00928497314453125 -0.32696533203125 -0.013336181640625
0.00991058349609375 0.0313529968261719 -0.212188720703125 -0.258407592773438
0.00884819030761719 0.00981521606445313 0.14642333984375 -0.435546875
-0.0154008865356445 0.00765132904052734 0.5970458984375 -0.250732421875
-0.0488319396972656 0.00328826904296874 0.64398193359375 0.4281005859375
-0.0215950012207031 -0.0499038696289063 0.1072998046875 0.8509521484375
0.049041748046875 -0.0249290466308594 -0.33319091796875 0.559783935546875
0.07891845703125 -0.00991058349609375 -0.00640106201171875 0.0748443603515625
0.0610198974609375 -0.0243148803710938 0.42474365234375 -0.4840087890625
0.0238380432128906 -0.0482978820800781 0.0260009765624999 -0.923583984375
-0.019073486328125 -0.0279045104980469 -0.65081787109375 -0.4578857421875
-0.0206756591796875 0.00104522705078125 -0.59368896484375 0.24908447265625
-8.7738037109374E-05 0.0177268981933594 -0.189788818359375 0.4366455078125
-0.00692367553710937 0.0211448669433594 0.196624755859375 0.28314208984375
0.0157098770141602 -0.00711345672607422 0.32177734375 0.00830078125
0.0299510955810547 -0.0105609893798828 -0.322265625 -0.00775146484374998
0.00963592529296875 0.0300807952880859 -0.209762573242188 -0.256622314453125
0.00917434692382813 0.00944042205810547 0.14715576171875 -0.43084716796875
-0.0132474899291992 0.00930500030517578 0.59619140625 -0.246337890625
-0.0447959899902344 0.00592803955078124 0.64581298828125 0.4293212890625
-0.0193557739257812 -0.0448799133300781 0.10797119140625 0.857177734375
0.0457191467285156 -0.0203628540039063 -0.3389892578125 0.5673828125
0.0722732543945313 -0.00705718994140625 -0.0145492553710938 0.0791168212890625
0.0577468872070313 -0.0198249816894531 0.4200439453125 -0.47802734375
0.0255355834960938 -0.0431404113769531 0.02862548828125 -0.92010498046875
-0.0155735015869141 -0.0243949890136719 -0.6513671875 -0.4573974609375
-0.0187797546386719 0.00277519226074219 -0.5950927734375 0.2496337890625
-0.000314712524414064 0.0182037353515625 -0.19268798828125 0.439605712890625
-0.00663375854492188 0.0193576812744141 0.197998046875 0.28436279296875
0.0161657333374023 -0.00770092010498047 0.324462890625 0.0140380859375
0.0297069549560547 -0.0129356384277344 -0.319610595703125 -0.00302124023437495
0.0101222991943359 0.0257453918457031 -0.205780029296875 -0.257354736328125
0.0106172561645508 0.00642585754394531 0.14837646484375 -0.428466796875
-0.00841808319091797 0.0102319717407227 0.598876953125 -0.24078369140625
-0.0395317077636719 0.0114326477050781 0.64056396484375 0.439697265625
-0.0175704956054687 -0.0374488830566406 0.09490966796875 0.86456298828125
0.0403633117675781 -0.0143089294433594 -0.348876953125 0.569580078125
0.0637092590332031 -0.00467681884765625 -0.018646240234375 0.0811309814453125
0.0512847900390625 -0.0144920349121094 0.41412353515625 -0.47637939453125
0.0264625549316406 -0.0361251831054688 0.0198974609374999 -0.91522216796875
-0.0100746154785156 -0.0186443328857422 -0.6572265625 -0.44757080078125
-0.014439582824707 0.00336170196533203 -0.5947265625 0.25701904296875
0.00208091735839844 0.0156192779541016 -0.18890380859375 0.441925048828125
-0.0050811767578125 0.0152721405029297 0.202423095703125 0.284912109375
0.0159273147583008 -0.00870895385742188 0.327667236328125 0.017791748046875
0.0289878845214844 -0.0149383544921875 -0.318115234375 0.000885009765624929
0.0117702484130859 0.0186405181884766 -0.2025146484375 -0.258209228515625
0.0124416351318359 0.000904083251953125 0.1534423828125 -0.42578125
-0.00202369689941406 0.0108404159545898 0.6014404296875 -0.2337646484375
-0.0329418182373047 0.0171527862548828 0.635498046875 0.44677734375
-0.0168933868408203 -0.0292701721191406 0.08465576171875 0.86834716796875
0.0343112945556641 -0.00711631774902344 -0.35565185546875 0.569580078125
0.0538787841796875 -0.00111770629882813 -0.0205841064453125 0.0818023681640625
0.0436134338378906 -0.0079498291015625 0.410186767578125 -0.476348876953125
0.0263519287109375 -0.0263919830322266 0.01214599609375 -0.91351318359375
-0.00282001495361328 -0.0113010406494141 -0.66131591796875 -0.44219970703125
-0.00786972045898438 0.00479030609130859 -0.59368896484375 0.26409912109375
0.00529956817626953 0.0103578567504883 -0.186065673828125 0.445556640625
-0.00182628631591797 0.00789785385131836 0.205963134765625 0.28472900390625
0.0151357650756836 -0.0106992721557617 0.33160400390625 0.0196533203125
0.02880859375 -0.0173053741455078 -0.319091796875 0.00119018554687504
0.0143585205078125 0.0105609893798828 -0.199676513671875 -0.261260986328125
0.0152673721313477 -0.00698757171630859 0.15545654296875 -0.426910400390625
0.00439739227294922 0.01116943359375 0.604736328125 -0.229736328125
-0.0260829925537109 0.0240421295166016 0.632080078125 0.45123291015625
-0.0167484283447266 -0.0195159912109375 0.0751953125000001 0.87030029296875
0.0261878967285156 -0.00111579895019531 -0.3614501953125 0.5687255859375
0.0425338745117188 0.00067138671875 -0.0194625854492188 0.0821456909179688
0.0361900329589844 -0.000919342041015625 0.4080810546875 -0.47735595703125
0.0262947082519531 -0.0164146423339844 0.000183105468750077 -0.91064453125
0.00439977645874023 -0.00413370132446289 -0.66741943359375 -0.43145751953125
-0.000454664230346679 0.00432610511779785 -0.5909423828125 0.26983642578125
0.00955677032470703 0.00453567504882813 -0.180633544921875 0.446929931640625
0.000699281692504883 -0.000568866729736328 0.2105712890625 0.284912109375
0.0153903961181641 -0.0130157470703125 0.335357666015625 0.020843505859375
0.0270290374755859 -0.0190696716308594 -0.321533203125 0.000366210937499929
0.0167140960693359 0.00241279602050781 -0.197784423828125 -0.26263427734375
0.0183334350585938 -0.0145626068115234 0.158599853515625 -0.42938232421875
0.0110282897949219 0.011505126953125 0.60858154296875 -0.22601318359375
-0.0194969177246094 0.0306053161621094 0.62750244140625 0.4583740234375
-0.0165500640869141 -0.0107631683349609 0.0634765624999999 0.8701171875
0.0186176300048828 0.00571823120117188 -0.3641357421875 0.56317138671875
0.0320091247558594 0.00308990478515625 -0.014617919921875 0.0802536010742188
0.0277576446533203 0.00401115417480469 0.404998779296875 -0.480194091796875
0.0251426696777344 -0.00836372375488281 -0.0102539062500001 -0.90692138671875
0.0111484527587891 0.00256919860839844 -0.67132568359375 -0.42242431640625
0.00557136535644531 0.00360965728759766 -0.58599853515625 0.27496337890625
0.0133295059204102 -0.00133705139160156 -0.175079345703125 0.449737548828125
0.00293827056884766 -0.00885200500488281 0.21478271484375 0.284515380859375
0.0149335861206055 -0.0144472122192383 0.338165283203125 0.020172119140625
0.0268497467041016 -0.0201950073242187 -0.32476806640625 -0.00299072265624997
0.0185146331787109 -0.00542449951171875 -0.197067260742188 -0.264068603515625
0.0224056243896484 -0.0203399658203125 0.165740966796875 -0.43109130859375
0.0164928436279297 0.0113945007324219 0.61199951171875 -0.22430419921875
-0.0162467956542969 0.0353775024414063 0.62298583984375 0.46319580078125
-0.0177936553955078 -0.00342941284179688 0.05615234375 0.87066650390625
0.011601448059082 0.0109624862670898 -0.363861083984375 0.556549072265625
0.0238151550292969 0.00439262390136719 -0.00801849365234374 0.0773239135742188
0.02099609375 0.00796699523925781 0.40594482421875 -0.485382080078125
0.0238876342773438 -0.0005340576171875 -0.02166748046875 -0.90478515625
0.0158843994140625 0.00741767883300781 -0.6778564453125 -0.4144287109375
0.0111722946166992 0.00344371795654297 -0.58221435546875 0.27716064453125
0.0174016952514648 -0.00850963592529297 -0.168426513671875 0.446807861328125
0.00490951538085938 -0.0169010162353516 0.214752197265625 0.283477783203125
0.015202522277832 -0.0156850814819336 0.33721923828125 0.01654052734375
0.0306797027587891 -0.00985908508300781 -0.332489013671875 -0.018035888671875
0.0105209350585938 0.0299263000488281 -0.214630126953125 -0.260360717773437
0.00966930389404297 0.00826644897460938 0.153717041015625 -0.437835693359375
-0.0168361663818359 0.00639057159423828 0.60308837890625 -0.2470703125
-0.0498085021972656 0.00223922729492187 0.644287109375 0.43560791015625
-0.020843505859375 -0.04986572265625 0.0977783203124999 0.8519287109375
0.0496482849121094 -0.0264129638671875 -0.331695556640625 0.551666259765625
0.0797805786132813 -0.011383056640625 0.00668334960937501 0.0703964233398438
0.0596542358398438 -0.0269050598144531 0.427764892578125 -0.494293212890625
0.0217552185058594 -0.0487709045410156 0.01617431640625 -0.92620849609375
-0.0199241638183594 -0.0281333923339844 -0.65960693359375 -0.45062255859375
-0.0196189880371094 -0.000299453735351563 -0.59063720703125 0.253662109375
0.00217914581298828 0.0171728134155273 -0.184234619140625 0.43731689453125
-0.00667381286621094 0.0195655822753906 0.198226928710938 0.281021118164063
0.0151767730712891 -0.00671958923339844 0.320343017578125 0.003448486328125
0.0309219360351563 -0.00981521606445313 -0.328338623046875 -0.0119018554687501
0.0101833343505859 0.0322818756103516 -0.21337890625 -0.257644653320313
0.00897884368896484 0.0102081298828125 0.146392822265625 -0.43475341796875
-0.0164127349853516 0.00774192810058594 0.59765625 -0.2510986328125
-0.0484123229980469 0.00334167480468749 0.6463623046875 0.42767333984375
-0.0209274291992188 -0.0489006042480469 0.1068115234375 0.855224609375
0.0491752624511719 -0.0251502990722656 -0.334320068359375 0.560394287109375
0.0785903930664063 -0.010162353515625 -0.00531005859374999 0.0764007568359375
0.0601005554199219 -0.0249671936035156 0.4248046875 -0.48406982421875
0.0239143371582031 -0.0482063293457031 0.0270385742187501 -0.92431640625
-0.0194911956787109 -0.0282363891601563 -0.65325927734375 -0.46002197265625
-0.0214252471923828 0.00062370300292969 -0.59588623046875 0.24951171875
0.000747680664062501 0.0188751220703125 -0.1904296875 0.43890380859375
-0.00677108764648438 0.0211505889892578 0.197723388671875 0.2838134765625
0.0162343978881836 -0.00747108459472656 0.32373046875 0.00872802734375
0.0307807922363281 -0.0107440948486328 -0.323211669921875 -0.00619506835937502
0.0109138488769531 0.0302143096923828 -0.210861206054688 -0.256515502929688
0.008941650390625 0.0099029541015625 0.1456298828125 -0.431365966796875
-0.0135650634765625 0.00854969024658203 0.5968017578125 -0.24737548828125
-0.0447349548339844 0.00597381591796876 0.6474609375 0.431884765625
-0.0188941955566406 -0.0441741943359375 0.10675048828125 0.85870361328125
0.0458259582519531 -0.0204238891601563 -0.34027099609375 0.5682373046875
0.0723419189453125 -0.00762939453125 -0.014434814453125 0.0802383422851563
0.0577049255371094 -0.0201530456542969 0.422119140625 -0.47821044921875
0.0256843566894531 -0.0432548522949219 0.0291137695312501 -0.92242431640625
-0.0162944793701172 -0.0249423980712891 -0.65216064453125 -0.45989990234375
-0.0190925598144531 0.00237655639648437 -0.598388671875 0.250244140625
0.000633239746093752 0.0184268951416016 -0.19268798828125 0.439697265625
-0.00596237182617188 0.0198192596435547 0.20068359375 0.284088134765625
0.0155916213989258 -0.00761508941650391 0.3258056640625 0.01373291015625
0.0301780700683594 -0.0130863189697266 -0.321014404296875 -0.00183105468750005
0.0109767913818359 0.0256671905517578 -0.20751953125 -0.257583618164063
0.00999069213867188 0.00622463226318359 0.148345947265625 -0.429412841796875
-0.00874519348144531 0.0101652145385742 0.6004638671875 -0.24090576171875
-0.0392990112304688 0.0110549926757813 0.64300537109375 0.439697265625
-0.01788330078125 -0.0370292663574219 0.0965576171874999 0.86383056640625
0.04022216796875 -0.0142974853515625 -0.347900390625 0.569580078125
0.0630531311035156 -0.004913330078125 -0.01885986328125 0.0815200805664062
0.0518951416015625 -0.0146141052246094 0.415130615234375 -0.4769287109375
0.0264892578125 -0.0357398986816406 0.0191650390625 -0.91864013671875
-0.0102920532226562 -0.0192050933837891 -0.6585693359375 -0.4503173828125
-0.0150356292724609 0.00343513488769531 -0.59600830078125 0.25921630859375
0.00251483917236328 0.0152702331542969 -0.188812255859375 0.444305419921875
-0.00470447540283203 0.0147590637207031 0.203857421875 0.285247802734375
0.0150938034057617 -0.00922679901123047 0.3291015625 0.017791748046875
0.0295944213867187 -0.0154762268066406 -0.31927490234375 0.00158691406249994
0.0126018524169922 0.0183143615722656 -0.203704833984375 -0.257720947265625
0.0127201080322266 0.000108718872070313 0.151824951171875 -0.428375244140625
-0.0026235580444336 0.0105304718017578 0.6029052734375 -0.23468017578125
-0.0319423675537109 0.0176906585693359 0.63885498046875 0.4466552734375
-0.0161094665527344 -0.0290679931640625 0.0852050781250001 0.87030029296875
0.0340995788574219 -0.00768852233886719 -0.35638427734375 0.571044921875
0.0528984069824219 -0.00212478637695313 -0.0206069946289062 0.0824508666992187
0.0441856384277344 -0.00774002075195312 0.411529541015625 -0.4769287109375
0.0268650054931641 -0.0261497497558594 0.0113525390625 -0.915283203125
-0.00403118133544922 -0.0120849609375 -0.66143798828125 -0.4415283203125
-0.0078125 0.0039057731628418 -0.59417724609375 0.26483154296875
0.00575733184814453 0.0109462738037109 -0.186431884765625 0.44781494140625
-0.00126981735229492 0.00829696655273438 0.20751953125 0.28472900390625
0.0155658721923828 -0.0113887786865234 0.332000732421875 0.01947021484375
0.0288200378417969 -0.0184345245361328 -0.320159912109375 0.00268554687499997
0.0149068832397461 0.0108718872070313 -0.200653076171875 -0.259857177734375
0.0151185989379883 -0.00669288635253906 0.154144287109375 -0.428253173828125
0.00392818450927734 0.0107402801513672 0.606689453125 -0.23193359375
-0.0255393981933594 0.024078369140625 0.63421630859375 0.45263671875
-0.0163288116455078 -0.0193061828613281 0.0748291015625001 0.87200927734375
0.0255966186523438 -0.00128173828125 -0.36175537109375 0.567626953125
0.0417633056640625 0.00045013427734375 -0.0197372436523437 0.0819473266601563
0.0360107421875 -0.0020294189453125 0.408233642578125 -0.477447509765625
0.0263957977294922 -0.0166511535644531 -0.000122070312500036 -0.91070556640625
0.00409150123596191 -0.00378704071044922 -0.66748046875 -0.43231201171875
-0.00108146667480469 0.00432229042053223 -0.59185791015625 0.27093505859375
0.00945091247558594 0.00436115264892578 -0.182159423828125 0.450164794921875
0.000987648963928223 0.000394523143768311 0.212310791015625 0.28497314453125
0.0151529312133789 -0.0133609771728516 0.337066650390625 0.02081298828125
0.0280017852783203 -0.0199718475341797 -0.322113037109375 0.00177001953124996
0.0173130035400391 0.00228595733642578 -0.199432373046875 -0.261154174804688
0.0175724029541016 -0.0144519805908203 0.15936279296875 -0.4293212890625
0.0113000869750977 0.0122060775756836 0.60986328125 -0.228759765625
-0.0192985534667969 0.0305709838867187 0.6304931640625 0.45794677734375
-0.0168180465698242 -0.0100183486938477 0.0634155273437499 0.872802734375
0.0183792114257813 0.00593948364257812 -0.3642578125 0.56451416015625
0.0314121246337891 0.00228500366210938 -0.0147933959960938 0.080810546875
0.0277290344238281 0.00399398803710938 0.407562255859375 -0.480804443359375
0.0252552032470703 -0.0076446533203125 -0.0103759765624999 -0.9102783203125
0.0109767913818359 0.00280094146728516 -0.67340087890625 -0.4237060546875
0.0055241584777832 0.00383090972900391 -0.58868408203125 0.27581787109375
0.0137271881103516 -0.00163745880126953 -0.17510986328125 0.450775146484375
0.00371789932250977 -0.00859785079956055 0.21539306640625 0.28546142578125
0.0150232315063477 -0.0149602890014648 0.338226318359375 0.019866943359375
0.0279369354248047 -0.0208683013916016 -0.325836181640625 -0.00164794921875003
0.0194034576416016 -0.0054779052734375 -0.19842529296875 -0.262603759765625
0.0215797424316406 -0.0208835601806641 0.1654052734375 -0.430877685546875
0.0164260864257813 0.01129150390625 0.61328125 -0.22601318359375
-0.0148887634277344 0.0352783203125 0.62457275390625 0.46502685546875
-0.0170888900756836 -0.002532958984375 0.054931640625 0.87286376953125
0.0113000869750977 0.0101299285888672 -0.365570068359375 0.558349609375
0.0231609344482422 0.00358963012695312 -0.008270263671875 0.0778884887695313
0.0203018188476563 0.00838470458984375 0.405731201171875 -0.48541259765625
0.0241107940673828 -0.000133514404296875 -0.01934814453125 -0.9085693359375
0.0154895782470703 0.00786781311035156 -0.68017578125 -0.4156494140625
0.0104093551635742 0.0017242431640625 -0.58343505859375 0.27838134765625
0.0173835754394531 -0.00766181945800781 -0.169891357421875 0.4493408203125
0.00544834136962891 -0.0166149139404297 0.21728515625 0.28326416015625
0.0153675079345703 -0.0158777236938477 0.33856201171875 0.0159912109375
0.031341552734375 -0.0106525421142578 -0.333709716796875 -0.016876220703125
0.0114116668701172 0.0303707122802734 -0.215316772460938 -0.259307861328125
0.00938892364501953 0.00806045532226563 0.152313232421875 -0.439971923828125
-0.0164985656738281 0.00614261627197266 0.606689453125 -0.24993896484375
-0.0492935180664063 0.00231170654296875 0.64813232421875 0.43707275390625
-0.0212898254394531 -0.0499267578125 0.0987548828124999 0.85589599609375
0.0488510131835938 -0.02734375 -0.3316650390625 0.5540771484375
0.0792312622070313 -0.0119552612304688 0.00699615478515626 0.0713577270507813
0.0597572326660156 -0.0269012451171875 0.42816162109375 -0.494476318359375
0.0222511291503906 -0.0480804443359375 0.0164794921875001 -0.929931640625
-0.0209236145019531 -0.02789306640625 -0.66162109375 -0.45330810546875
-0.0200958251953125 0.000417709350585941 -0.5924072265625 0.2545166015625
0.00268268585205078 0.0168695449829102 -0.1829833984375 0.43902587890625
-0.00578880310058594 0.019866943359375 0.201202392578125 0.281524658203125
0.0157146453857422 -0.00674915313720703 0.322113037109375 0.00286865234375
0.0313529968261719 -0.0105304718017578 -0.329254150390625 -0.0107116699218749
0.0104045867919922 0.03265380859375 -0.215087890625 -0.257217407226563
0.00859165191650391 0.0102300643920898 0.144866943359375 -0.43658447265625
-0.0167989730834961 0.00802707672119141 0.5985107421875 -0.2529296875
-0.0480079650878906 0.00284576416015625 0.649658203125 0.42901611328125
-0.0203933715820313 -0.0490264892578125 0.10638427734375 0.85540771484375
0.0491256713867188 -0.0258598327636719 -0.33551025390625 0.56298828125
0.078033447265625 -0.011383056640625 -0.00542449951171875 0.0769577026367188
0.0602340698242188 -0.0246849060058594 0.426971435546875 -0.486083984375
0.0241050720214844 -0.0480995178222656 0.025634765625 -0.9290771484375
-0.0194454193115234 -0.0282630920410156 -0.65576171875 -0.46112060546875
-0.0211887359619141 0.00122833251953125 -0.596923828125 0.25067138671875
0.0005950927734375 0.0192279815673828 -0.191162109375 0.440826416015625
-0.00684738159179687 0.0217323303222656 0.200103759765625 0.284912109375
0.015599250793457 -0.00811386108398437 0.325103759765625 0.008026123046875
0.0307464599609375 -0.0116596221923828 -0.32415771484375 -0.00503540039062503
0.0109577178955078 0.030609130859375 -0.212554931640625 -0.256851196289063
0.00948810577392578 0.0102682113647461 0.145416259765625 -0.43389892578125
-0.0139226913452148 0.00917816162109375 0.59918212890625 -0.25079345703125
-0.0436935424804688 0.00670623779296874 0.65057373046875 0.43133544921875
-0.0189704895019531 -0.0446624755859375 0.106689453125 0.8623046875
0.0457763671875 -0.0213203430175781 -0.34136962890625 0.56982421875
0.071624755859375 -0.007568359375 -0.014434814453125 0.0805130004882812
0.0578804016113281 -0.0201644897460938 0.423004150390625 -0.478729248046875
0.026123046875 -0.0434226989746094 0.0283813476562499 -0.9263916015625
-0.0162296295166016 -0.0251331329345703 -0.65460205078125 -0.462646484375
-0.0197296142578125 0.00207710266113282 -0.6005859375 0.25177001953125
0.00118255615234375 0.0181808471679687 -0.19268798828125 0.4423828125
-0.00627899169921875 0.0211944580078125 0.201934814453125 0.285186767578125
0.0153179168701172 -0.00798892974853516 0.327484130859375 0.01324462890625
0.0310611724853516 -0.0145473480224609 -0.3218994140625 -0.000457763671875012
0.0120620727539063 0.0261039733886719 -0.209213256835937 -0.2564697265625
0.0106515884399414 0.00674819946289062 0.146728515625 -0.43096923828125
-0.00861167907714844 0.010004997253418 0.60223388671875 -0.2415771484375
-0.0383186340332031 0.010955810546875 0.6466064453125 0.44097900390625
-0.01708984375 -0.0369300842285156 0.09619140625 0.86871337890625
0.0412483215332031 -0.014617919921875 -0.3487548828125 0.571533203125
0.0627861022949219 -0.00464248657226563 -0.0186614990234375 0.081878662109375
0.0516891479492187 -0.0142745971679687 0.418304443359375 -0.479766845703125
0.026611328125 -0.0355987548828125 0.01763916015625 -0.922119140625
-0.0105056762695313 -0.0192737579345703 -0.66033935546875 -0.45135498046875
-0.01495361328125 0.00328350067138672 -0.59637451171875 0.2603759765625
0.00329494476318359 0.0157203674316406 -0.189544677734375 0.4476318359375
-0.00402069091796875 0.0160303115844727 0.20648193359375 0.285919189453125
0.016016960144043 -0.00921440124511719 0.330810546875 0.017303466796875
0.0302085876464844 -0.0164680480957031 -0.32000732421875 0.00271606445312504
0.0132999420166016 0.0183601379394531 -0.20513916015625 -0.257156372070313
0.0117015838623047 0.000512123107910156 0.150146484375 -0.429595947265625
-0.002838134765625 0.0110559463500977 0.604736328125 -0.238037109375
-0.0318679809570313 0.0175457000732422 0.64111328125 0.4482421875
-0.0159969329833984 -0.0281467437744141 0.0848388671874999 0.87451171875
0.0333118438720703 -0.00792121887207031 -0.35723876953125 0.573486328125
0.053131103515625 -0.00239181518554688 -0.0208587646484375 0.0831985473632812
0.0437164306640625 -0.008148193359375 0.413726806640625 -0.478118896484375
0.0262660980224609 -0.0267238616943359 0.0101318359375001 -0.9202880859375
-0.00321674346923828 -0.0119314193725586 -0.66455078125 -0.44354248046875
-0.00846099853515625 0.00453805923461914 -0.59637451171875 0.2669677734375
0.00626087188720703 0.0112819671630859 -0.186187744140625 0.449188232421875
-0.00189018249511719 0.0086817741394043 0.2100830078125 0.285430908203125
0.0152921676635742 -0.0115518569946289 0.334747314453125 0.019195556640625
0.0294513702392578 -0.0192470550537109 -0.320709228515625 0.00451660156249997
0.0153093338012695 0.010920524597168 -0.203155517578125 -0.2593994140625
0.0148410797119141 -0.00662136077880859 0.154083251953125 -0.430084228515625
0.00374221801757812 0.0107965469360352 0.6083984375 -0.23284912109375
-0.0255222320556641 0.0248069763183594 0.637939453125 0.45343017578125
-0.015106201171875 -0.0189495086669922 0.0748901367187499 0.87542724609375
0.0258464813232422 -0.000942230224609375 -0.3631591796875 0.5709228515625
0.0415763854980469 -0.000377655029296875 -0.0193023681640625 0.0834808349609375
0.0359077453613281 -0.00281906127929688 0.41033935546875 -0.479583740234375
0.0263957977294922 -0.0164756774902344 0.000183105468749959 -0.91448974609375
0.0041501522064209 -0.00423383712768555 -0.6712646484375 -0.43475341796875
-0.00119209289550781 0.00465822219848633 -0.5955810546875 0.27191162109375
0.0103254318237305 0.00438308715820312 -0.182891845703125 0.450225830078125
0.000667750835418701 0.000136137008666992 0.214141845703125 0.286346435546875
0.0155124664306641 -0.0135698318481445 0.338623046875 0.0196533203125
0.0289096832275391 -0.0210227966308594 -0.323822021484375 0.00354003906249998
0.018157958984375 0.00250434875488281 -0.2015380859375 -0.260467529296875
0.0178871154785156 -0.0139846801757813 0.15789794921875 -0.431365966796875
0.0103979110717773 0.0115156173706055 0.613037109375 -0.22967529296875
-0.0184383392333984 0.0312404632568359 0.63238525390625 0.4617919921875
-0.0149297714233398 -0.00977420806884765 0.0644531250000001 0.87628173828125
0.0183658599853516 0.00528335571289062 -0.3663330078125 0.56683349609375
0.0307121276855469 0.00197029113769531 -0.0144500732421875 0.0816421508789063
0.0276927947998047 0.00414085388183594 0.407989501953125 -0.482421875
0.0250625610351563 -0.00731849670410156 -0.0107421875000001 -0.9127197265625
0.0110082626342773 0.00241470336914063 -0.676513671875 -0.42498779296875
0.00592422485351563 0.00353097915649414 -0.591064453125 0.2789306640625
0.0142383575439453 -0.00209903717041016 -0.17523193359375 0.452911376953125
0.00390720367431641 -0.00840330123901367 0.218048095703125 0.285614013671875
0.0149478912353516 -0.0156831741333008 0.340301513671875 0.01861572265625
0.0282096862792969 -0.0218658447265625 -0.3270263671875 -0.000244140625000065
0.0204277038574219 -0.00510787963867188 -0.200592041015625 -0.263092041015625
0.0208377838134766 -0.0202045440673828 0.16455078125 -0.433258056640625
0.0160255432128906 0.0111179351806641 0.614501953125 -0.2276611328125
-0.0145492553710937 0.0358352661132812 0.629150390625 0.46612548828125
-0.0167875289916992 -0.00271797180175781 0.05499267578125 0.876708984375
0.0113096237182617 0.00979900360107422 -0.3648681640625 0.55987548828125
0.0223045349121094 0.00370407104492188 -0.00765228271484374 0.078643798828125
0.0199546813964844 0.00795173645019531 0.40673828125 -0.487548828125
0.0240230560302734 0.000244140625 -0.0211181640625 -0.9100341796875
0.0155372619628906 0.00798606872558594 -0.68194580078125 -0.41778564453125
0.0106039047241211 0.00240230560302734 -0.58721923828125 0.28021240234375
0.0173549652099609 -0.00769329071044922 -0.169708251953125 0.451416015625
0.00612831115722656 -0.0161342620849609 0.218292236328125 0.283477783203125
0.0152645111083984 -0.0164852142333984 0.33990478515625 0.0167236328125
0.0316867828369141 -0.0113868713378906 -0.334747314453125 -0.0150756835937501
0.0123043060302734 0.0302371978759766 -0.217666625976563 -0.2593994140625
0.00912094116210938 0.00897598266601563 0.1527099609375 -0.442352294921875
-0.0169382095336914 0.00643444061279297 0.60870361328125 -0.25238037109375
-0.0479049682617188 0.00314712524414062 0.652587890625 0.43865966796875
-0.0208816528320313 -0.0489120483398438 0.101806640625 0.8603515625
0.0492591857910156 -0.0276260375976563 -0.33404541015625 0.558563232421875
0.0792617797851563 -0.01287841796875 0.00737762451171875 0.0715408325195312
0.0600433349609375 -0.0268592834472656 0.4307861328125 -0.496002197265625
0.02142333984375 -0.0485954284667969 0.01318359375 -0.93621826171875
-0.0210399627685547 -0.0280017852783203 -0.66571044921875 -0.4554443359375
-0.0214614868164063 0.000173568725585941 -0.59478759765625 0.25787353515625
0.00219345092773437 0.0173969268798828 -0.18487548828125 0.442169189453125
-0.0058441162109375 0.0196857452392578 0.204376220703125 0.281524658203125
0.0156059265136719 -0.00805473327636719 0.325103759765625 0.00238037109375
0.0317859649658203 -0.0121040344238281 -0.330352783203125 -0.0101318359374999
0.0117607116699219 0.0331764221191406 -0.217529296875 -0.256759643554687
0.00889873504638672 0.0110387802124023 0.143707275390625 -0.438873291015625
-0.0170574188232422 0.00803565979003906 0.603759765625 -0.2548828125
-0.0471725463867188 0.00334930419921874 0.65338134765625 0.42889404296875
-0.0198097229003906 -0.0490608215332031 0.1092529296875 0.860595703125
0.0493278503417969 -0.025970458984375 -0.33660888671875 0.5650634765625
0.0771102905273438 -0.010955810546875 -0.00562286376953125 0.0770034790039063
0.06048583984375 -0.0251083374023438 0.42852783203125 -0.487762451171875
0.0249404907226562 -0.0479660034179688 0.02728271484375 -0.93212890625
-0.0193538665771484 -0.0285301208496094 -0.65960693359375 -0.46270751953125
-0.0215911865234375 0.00100898742675781 -0.5994873046875 0.254150390625
0.00107383728027344 0.0192794799804688 -0.19036865234375 0.44244384765625
-0.00612068176269531 0.0221080780029297 0.2025146484375 0.284637451171875
0.0150661468505859 -0.0079498291015625 0.32720947265625 0.007354736328125
0.0316581726074219 -0.0130672454833984 -0.32598876953125 -0.00329589843750002
0.0121631622314453 0.0312919616699219 -0.21539306640625 -0.254669189453125
0.0092325210571289 0.0108785629272461 0.144073486328125 -0.435455322265625
-0.0147562026977539 0.00912857055664063 0.60137939453125 -0.2540283203125
-0.0434188842773438 0.00696182250976563 0.65411376953125 0.43316650390625
-0.0184555053710938 -0.0438117980957031 0.109619140625 0.866455078125
0.0459823608398438 -0.0212669372558594 -0.34173583984375 0.57391357421875
0.0718154907226563 -0.00879669189453125 -0.0143280029296875 0.0805206298828125
0.0579605102539063 -0.0204505920410156 0.425018310546875 -0.482879638671875
0.0257377624511719 -0.0430259704589844 0.0264282226562499 -0.93115234375
-0.0165882110595703 -0.0252418518066406 -0.65924072265625 -0.46258544921875
-0.0193443298339844 0.00200080871582032 -0.6024169921875 0.25408935546875
0.000852584838867187 0.0184917449951172 -0.193634033203125 0.44635009765625
-0.00598526000976562 0.0201606750488281 0.203857421875 0.2860107421875
0.0155057907104492 -0.00888442993164062 0.3297119140625 0.012115478515625
0.0317802429199219 -0.0155124664306641 -0.323883056640625 0.00131225585937498
0.0123348236083984 0.0264110565185547 -0.211029052734375 -0.25628662109375
0.00962734222412109 0.00615024566650391 0.145721435546875 -0.431854248046875
-0.00972175598144531 0.00990104675292969 0.605224609375 -0.24530029296875
-0.0377426147460937 0.0118331909179688 0.65106201171875 0.44183349609375
-0.0169868469238281 -0.0370674133300781 0.0970458984375 0.87493896484375
0.0408248901367187 -0.0155982971191406 -0.34991455078125 0.575439453125
0.062469482421875 -0.006134033203125 -0.0184402465820312 0.0829620361328125
0.0518264770507813 -0.0150566101074219 0.418548583984375 -0.481292724609375
0.0262641906738281 -0.0347900390625 0.01776123046875 -0.9263916015625
-0.01055908203125 -0.0192794799804688 -0.66326904296875 -0.4549560546875
-0.0153207778930664 0.00361919403076172 -0.6009521484375 0.2646484375
0.00329399108886719 0.015934944152832 -0.18890380859375 0.44989013671875
-0.00411701202392578 0.0157985687255859 0.208648681640625 0.285919189453125
0.0161323547363281 -0.0099945068359375 0.33294677734375 0.015869140625
0.0308876037597656 -0.0173358917236328 -0.322296142578125 0.00390624999999997
0.0141677856445313 0.0188007354736328 -0.207275390625 -0.2569580078125
0.0122890472412109 0.00131320953369141 0.1495361328125 -0.431365966796875
-0.00282573699951172 0.0104284286499023 0.60809326171875 -0.240966796875
-0.0313949584960937 0.0180397033691406 0.64495849609375 0.44879150390625
-0.0149154663085938 -0.0277976989746094 0.08526611328125 0.87847900390625
0.0340557098388672 -0.00822067260742188 -0.35845947265625 0.57574462890625
0.0521392822265625 -0.00326919555664062 -0.0197906494140625 0.0831756591796875
0.04449462890625 -0.00846099853515625 0.41546630859375 -0.482452392578125
0.0269546508789063 -0.0260257720947266 0.00744628906249998 -0.923583984375
-0.00383663177490234 -0.0121231079101563 -0.66912841796875 -0.44610595703125
-0.00883293151855469 0.00401878356933594 -0.60113525390625 0.26983642578125
0.00599098205566406 0.0111122131347656 -0.187591552734375 0.45343017578125
-0.00219249725341797 0.00874567031860352 0.213043212890625 0.28594970703125
0.0149707794189453 -0.0113868713378906 0.337921142578125 0.017486572265625
0.0301704406738281 -0.0203323364257813 -0.3228759765625 0.00613403320312498
0.0161666870117188 0.0112924575805664 -0.206100463867187 -0.258514404296875
0.014068603515625 -0.0060272216796875 0.152069091796875 -0.433135986328125
0.00351333618164063 0.0110807418823242 0.61236572265625 -0.23553466796875
-0.0245285034179688 0.0252933502197266 0.64202880859375 0.4544677734375
-0.0149822235107422 -0.0186252593994141 0.0772705078125 0.880859375
0.025665283203125 -0.00140571594238281 -0.36334228515625 0.5755615234375
0.0403404235839844 -0.00101470947265625 -0.0192184448242187 0.0835494995117188
0.0358009338378906 -0.00307846069335938 0.4114990234375 -0.481231689453125
0.0265140533447266 -0.0163993835449219 -0.00164794921875004 -0.92022705078125
0.00414037704467773 -0.00514888763427734 -0.674560546875 -0.437744140625
-0.00104236602783203 0.00442361831665039 -0.59698486328125 0.27557373046875
0.0111989974975586 0.00507640838623047 -0.18157958984375 0.453857421875
0.00108850002288818 0.000357985496520996 0.21673583984375 0.28643798828125
0.0152463912963867 -0.0144443511962891 0.340545654296875 0.019134521484375
0.0290851593017578 -0.0224971771240234 -0.325439453125 0.00503540039062497
0.0187778472900391 0.00258827209472656 -0.202835083007813 -0.26068115234375
0.0175561904907227 -0.0128803253173828 0.156463623046875 -0.431365966796875
0.0108299255371094 0.0114822387695313 0.614990234375 -0.2333984375
-0.0180320739746094 0.0316886901855469 0.6365966796875 0.4620361328125
-0.0153465270996094 -0.00945758819580078 0.0650634765625 0.88006591796875
0.0181102752685547 0.00516319274902344 -0.36785888671875 0.56982421875
0.0300216674804688 0.00133514404296875 -0.0146408081054687 0.0822372436523437
0.0279197692871094 0.00347137451171875 0.409820556640625 -0.48486328125
0.0258884429931641 -0.0073699951171875 -0.01177978515625 -0.9166259765625
0.0116357803344727 0.00257778167724609 -0.6800537109375 -0.4273681640625
0.00507450103759766 0.00357198715209961 -0.59356689453125 0.27984619140625
0.014251708984375 -0.00183010101318359 -0.175201416015625 0.455657958984375
0.003631591796875 -0.00840091705322266 0.22015380859375 0.28509521484375
0.0149965286254883 -0.0154170989990234 0.3426513671875 0.01824951171875
0.0288257598876953 -0.0232486724853516 -0.328338623046875 0.00170898437500001
0.0212020874023438 -0.00549697875976563 -0.203643798828125 -0.262115478515625
0.0207290649414063 -0.0201263427734375 0.163787841796875 -0.43505859375
0.0162734985351563 0.0114860534667969 0.61883544921875 -0.23138427734375
-0.0138015747070312 0.0363388061523438 0.63336181640625 0.4666748046875
-0.0161066055297852 -0.00181865692138672 0.05560302734375 0.8807373046875
0.0107364654541016 0.0108623504638672 -0.36651611328125 0.5633544921875
0.0218963623046875 0.00250816345214844 -0.00753784179687499 0.078765869140625
0.0199165344238281 0.00781631469726563 0.409576416015625 -0.49005126953125
0.0249118804931641 -2.09808349609375E-05 -0.0237426757812501 -0.9168701171875
0.0158777236938477 0.00791168212890625 -0.68634033203125 -0.41839599609375
0.0103559494018555 0.00201320648193359 -0.5875244140625 0.2825927734375
0.0182037353515625 -0.00796127319335938 -0.1690673828125 0.45404052734375
0.00578594207763672 -0.0161905288696289 0.22125244140625 0.284271240234375
0.0149555206298828 -0.0166244506835937 0.341949462890625 0.01544189453125
0.0327053070068359 -0.0125999450683594 -0.3375244140625 -0.013427734375
0.0123062133789063 0.0305347442626953 -0.220809936523438 -0.258560180664063
0.00912189483642578 0.00944042205810547 0.1497802734375 -0.445465087890625
-0.0172510147094727 0.00686359405517578 0.6116943359375 -0.25714111328125
-0.0481529235839844 0.00319290161132813 0.6573486328125 0.43853759765625
-0.0206947326660156 -0.0488700866699219 0.1033935546875 0.8658447265625
0.0497093200683594 -0.0278167724609375 -0.335052490234375 0.561981201171875
0.0790786743164063 -0.013275146484375 0.00775146484375001 0.0721893310546875
0.0601654052734375 -0.0283546447753906 0.433197021484375 -0.500885009765625
0.02178955078125 -0.0482406616210938 0.0120239257812499 -0.94195556640625
-0.0218963623046875 -0.0288200378417969 -0.6705322265625 -0.45562744140625
-0.0209331512451172 -9.15527343750042E-05 -0.5975341796875 0.2626953125
0.00305080413818359 0.0172586441040039 -0.183837890625 0.44537353515625
-0.005828857421875 0.0206584930419922 0.205780029296875 0.282684326171875
0.0161943435668945 -0.00830745697021485 0.327484130859375 0.00048828125
0.0328350067138672 -0.0129299163818359 -0.33331298828125 -0.00738525390625
0.0121574401855469 0.0335636138916016 -0.220443725585937 -0.256210327148437
0.00887870788574219 0.0112876892089844 0.14190673828125 -0.44085693359375
-0.0176486968994141 0.00730133056640625 0.60650634765625 -0.25921630859375
-0.0468254089355469 0.00419998168945313 0.65966796875 0.43060302734375
-0.0196609497070312 -0.0482444763183594 0.111328125 0.8662109375
0.0496406555175781 -0.0260009765625 -0.337890625 0.56976318359375
0.07763671875 -0.0114212036132813 -0.00466156005859375 0.0778274536132813
0.0616035461425781 -0.0266532897949219 0.428955078125 -0.491363525390625
0.0238609313964844 -0.0479927062988281 0.02337646484375 -0.93951416015625
-0.0198993682861328 -0.0286178588867188 -0.6646728515625 -0.4639892578125
-0.0225028991699219 0.0011749267578125 -0.6031494140625 0.257568359375
0.00171661376953125 0.0193634033203125 -0.1903076171875 0.447052001953125
-0.00614356994628906 0.0227203369140625 0.205230712890625 0.285491943359375
0.0157985687255859 -0.00840854644775391 0.329803466796875 0.0054931640625
0.0321521759033203 -0.0140857696533203 -0.327178955078125 -0.00198364257812505
0.0126438140869141 0.0312614440917969 -0.218048095703125 -0.254837036132813
0.00853252410888672 0.0108394622802734 0.14324951171875 -0.439453125
-0.014887809753418 0.0094146728515625 0.60504150390625 -0.25738525390625
-0.042938232421875 0.00774383544921875 0.6610107421875 0.43328857421875
-0.017974853515625 -0.0429534912109375 0.11151123046875 0.8721923828125
0.0458946228027344 -0.0215606689453125 -0.34228515625 0.57696533203125
0.0712356567382813 -0.0090484619140625 -0.0143051147460937 0.0819931030273438
0.0577354431152344 -0.0209274291992188 0.425750732421875 -0.48565673828125
0.0254898071289062 -0.04315185546875 0.0245971679687499 -0.93719482421875
-0.0168838500976563 -0.0258140563964844 -0.66436767578125 -0.46514892578125
-0.0201778411865234 0.00248336791992188 -0.60528564453125 0.2584228515625
0.00211143493652344 0.0190296173095703 -0.194549560546875 0.4493408203125
-0.00575637817382813 0.0212135314941406 0.207183837890625 0.2862548828125
0.0155496597290039 -0.00917530059814453 0.331390380859375 0.01141357421875
0.0322360992431641 -0.0157070159912109 -0.325103759765625 0.00329589843750006
0.01361083984375 0.0269317626953125 -0.214065551757812 -0.254867553710938
0.00974750518798828 0.00707244873046875 0.145355224609375 -0.43499755859375
-0.00995635986328125 0.00986671447753906 0.60845947265625 -0.25
-0.0378913879394531 0.0126113891601563 0.6571044921875 0.4410400390625
-0.0160408020019531 -0.0357780456542969 0.0997314453125001 0.87896728515625
0.041168212890625 -0.0157051086425781 -0.351318359375 0.57928466796875
0.0622825622558594 -0.006103515625 -0.0180206298828125 0.08355712890625
0.0522651672363281 -0.0152969360351563 0.42047119140625 -0.484649658203125
0.0266151428222656 -0.0354804992675781 0.0135498046874999 -0.932861328125
-0.0113468170166016 -0.0193672180175781 -0.6685791015625 -0.45635986328125
-0.0156946182250977 0.003692626953125 -0.60235595703125 0.2674560546875
0.00367069244384765 0.0161724090576172 -0.189666748046875 0.4539794921875
-0.00407981872558594 0.0162372589111328 0.211944580078125 0.286651611328125
0.0155000686645508 -0.0103111267089844 0.335968017578125 0.015045166015625
0.0316905975341797 -0.0189151763916016 -0.323577880859375 0.0069580078125
0.0146980285644531 0.0195140838623047 -0.210556030273438 -0.25604248046875
0.0112953186035156 0.000986099243164063 0.1488037109375 -0.4339599609375
-0.00357341766357422 0.0110664367675781 0.61181640625 -0.2440185546875
-0.0309104919433594 0.0185317993164063 0.651611328125 0.450439453125
-0.0151634216308594 -0.0270175933837891 0.08819580078125 0.88458251953125
0.0344715118408203 -0.00801467895507813 -0.35919189453125 0.58013916015625
0.0514335632324219 -0.00336837768554688 -0.0197906494140625 0.084136962890625
0.0444221496582031 -0.00944137573242188 0.41558837890625 -0.485076904296875
0.0269756317138672 -0.0263652801513672 0.0053100585937499 -0.93048095703125
-0.00396823883056641 -0.0126619338989258 -0.67437744140625 -0.44720458984375
-0.00863504409790039 0.0040583610534668 -0.60137939453125 0.27301025390625
0.00656604766845703 0.0115776062011719 -0.18548583984375 0.4576416015625
-0.00120925903320313 0.0091400146484375 0.215850830078125 0.287017822265625
0.0148582458496094 -0.0121116638183594 0.339752197265625 0.016326904296875
0.0306015014648438 -0.0211582183837891 -0.325042724609375 0.00787353515625002
0.0168638229370117 0.0112180709838867 -0.208023071289063 -0.258132934570313
0.01397705078125 -0.00647163391113281 0.15057373046875 -0.433837890625
0.00295352935791016 0.0110139846801758 0.6143798828125 -0.2408447265625
-0.0229473114013672 0.0251846313476563 0.64788818359375 0.455322265625
-0.0146064758300781 -0.0178413391113281 0.0774536132812499 0.88623046875
0.0256309509277344 -0.00160789489746094 -0.36553955078125 0.5780029296875
0.0398979187011719 -0.001800537109375 -0.0193099975585938 0.0847702026367187
0.0357398986816406 -0.00275039672851563 0.41229248046875 -0.485443115234375
0.0264949798583984 -0.0169811248779297 -0.00256347656250005 -0.926513671875
0.00360321998596191 -0.00421714782714844 -0.6805419921875 -0.43798828125
-0.00130033493041992 0.00458383560180664 -0.60076904296875 0.27911376953125
0.0101699829101563 0.00446796417236328 -0.18109130859375 0.4573974609375
0.00160419940948486 0.000635385513305664 0.21954345703125 0.28717041015625
0.0152864456176758 -0.0140695571899414 0.3431396484375 0.017578125
0.0296382904052734 -0.0233573913574219 -0.326904296875 0.00756835937500003
0.01995849609375 0.00273323059082031 -0.206527709960938 -0.260498046875
0.0174312591552734 -0.0140113830566406 0.15582275390625 -0.435699462890625
0.0101509094238281 0.0120525360107422 0.61798095703125 -0.237548828125
-0.0174999237060547 0.0315780639648437 0.64385986328125 0.46142578125
-0.0147609710693359 -0.0085296630859375 0.06732177734375 0.88671875
0.0175933837890625 0.00449371337890625 -0.3682861328125 0.573974609375
0.0300350189208984 0.000713348388671875 -0.0150527954101562 0.0829238891601563
0.0282077789306641 0.00252532958984375 0.41082763671875 -0.488372802734375
0.0259170532226563 -0.00679206848144531 -0.0140380859375 -0.923095703125
0.0108432769775391 0.00209903717041016 -0.68450927734375 -0.4283447265625
0.0048518180847168 0.00296354293823242 -0.59564208984375 0.2852783203125
0.0155763626098633 -0.00160980224609375 -0.174774169921875 0.459197998046875
0.00421905517578125 -0.00823354721069336 0.223785400390625 0.28643798828125
0.0151786804199219 -0.0168533325195313 0.3460693359375 0.016143798828125
0.0291862487792969 -0.02435302734375 -0.33038330078125 0.00390624999999995
0.0218067169189453 -0.00479316711425781 -0.205841064453125 -0.261825561523438
0.0200958251953125 -0.0199317932128906 0.162445068359375 -0.437042236328125
0.0157051086425781 0.010676383972168 0.6209716796875 -0.2364501953125
-0.0129890441894531 0.0369529724121094 0.6376953125 0.466064453125
-0.0157804489135742 -0.00146007537841797 0.0585327148437499 0.8865966796875
0.0111074447631836 0.0100717544555664 -0.36700439453125 0.567138671875
0.0208339691162109 0.00207138061523438 -0.00691986083984375 0.0796966552734375
0.0201282501220703 0.00774765014648438 0.40960693359375 -0.493743896484375
0.024444580078125 -0.0001068115234375 -0.0265502929687501 -0.92144775390625
0.0154886245727539 0.00777530670166016 -0.69256591796875 -0.420166015625
0.0100269317626953 0.00194072723388672 -0.59197998046875 0.28802490234375
0.0182342529296875 -0.00788688659667969 -0.167816162109375 0.457122802734375
0.00618934631347656 -0.0157909393310547 0.224578857421875 0.284332275390625
0.014704704284668 -0.0173416137695313 0.345550537109375 0.013702392578125
0.0332851409912109 -0.0137538909912109 -0.340484619140625 -0.01153564453125
0.0140762329101563 0.0317554473876953 -0.22357177734375 -0.258331298828125
0.00941658020019531 0.00949668884277344 0.148956298828125 -0.448394775390625
-0.0184612274169922 0.00658035278320313 0.615478515625 -0.262939453125
-0.0474014282226563 0.0035552978515625 0.66412353515625 0.438232421875
-0.0190315246582031 -0.0486373901367188 0.1058349609375 0.870361328125
0.0494766235351563 -0.0280990600585938 -0.33477783203125 0.56573486328125
0.0785064697265625 -0.0139999389648437 0.00773620605468751 0.073516845703125
0.059600830078125 -0.0293731689453125 0.433197021484375 -0.504608154296875
0.0220947265625 -0.0486030578613281 0.00799560546875009 -0.9482421875
-0.0212764739990234 -0.0291099548339844 -0.6776123046875 -0.45660400390625
-0.0211143493652344 0.00042152404785156 -0.60003662109375 0.265869140625
0.00403022766113281 0.0179615020751953 -0.183319091796875 0.4495849609375
-0.00573921203613281 0.0208644866943359 0.21063232421875 0.28302001953125
0.0155763626098633 -0.00897026062011719 0.329254150390625 -0.000946044921875001
0.0333824157714844 -0.0134563446044922 -0.33477783203125 -0.00494384765624996
0.0133171081542969 0.0334033966064453 -0.224044799804687 -0.254318237304688
0.0082550048828125 0.0118093490600586 0.140380859375 -0.44451904296875
-0.0176448822021484 0.00852203369140625 0.60833740234375 -0.26507568359375
-0.0464248657226563 0.00500488281249999 0.66558837890625 0.42938232421875
-0.0189971923828125 -0.0479087829589844 0.11456298828125 0.871337890625
0.0494651794433594 -0.0269241333007813 -0.337158203125 0.5750732421875
0.076812744140625 -0.0120468139648438 -0.00431823730468749 0.0784378051757813
0.0609016418457031 -0.0266151428222656 0.429962158203125 -0.495513916015625
0.0241470336914062 -0.0480308532714844 0.0186157226562501 -0.9461669921875
-0.0203380584716797 -0.0294666290283203 -0.67034912109375 -0.46490478515625
-0.0226421356201172 0.0015106201171875 -0.60516357421875 0.2628173828125
0.00211143493652344 0.0198707580566406 -0.18994140625 0.45135498046875
-0.00603675842285156 0.0231533050537109 0.209625244140625 0.286407470703125
0.0149459838867187 -0.00890159606933594 0.33282470703125 0.004425048828125
0.0330257415771484 -0.0151004791259766 -0.330047607421875 -0.000213623046875066
0.0133934020996094 0.0311565399169922 -0.220809936523438 -0.253952026367188
0.00844383239746094 0.011235237121582 0.140045166015625 -0.44134521484375
-0.0147342681884766 0.00964069366455078 0.607666015625 -0.261474609375
-0.0432052612304687 0.00812149047851563 0.66705322265625 0.43365478515625
-0.017425537109375 -0.0424575805664063 0.11712646484375 0.87762451171875
0.0467147827148438 -0.0224342346191406 -0.341552734375 0.583251953125
0.0705490112304688 -0.00971221923828125 -0.0144729614257812 0.0828170776367188
0.0580596923828125 -0.0218009948730469 0.42498779296875 -0.489013671875
0.0258941650390625 -0.0429878234863281 0.02044677734375 -0.942138671875
-0.0171222686767578 -0.0249843597412109 -0.67352294921875 -0.4666748046875
-0.0203342437744141 0.00223922729492187 -0.607666015625 0.26220703125
0.00179100036621094 0.0197620391845703 -0.1929931640625 0.454376220703125
-0.00517463684082031 0.0217494964599609 0.210113525390625 0.286773681640625
0.0154924392700195 -0.00912761688232422 0.33563232421875 0.00885009765625
0.0323028564453125 -0.0173225402832031 -0.3275146484375 0.00561523437499999
0.0148448944091797 0.0266056060791016 -0.216812133789062 -0.255218505859375
0.00915431976318359 0.00767803192138672 0.143646240234375 -0.438751220703125
-0.0107135772705078 0.0101518630981445 0.61199951171875 -0.2542724609375
-0.0372734069824219 0.012176513671875 0.6632080078125 0.44219970703125
-0.0150566101074219 -0.0354347229003906 0.10577392578125 0.88592529296875
0.0403709411621094 -0.0157546997070313 -0.351806640625 0.5836181640625
0.0610809326171875 -0.00692367553710937 -0.0180130004882813 0.084136962890625
0.0522232055664063 -0.0161666870117188 0.42059326171875 -0.48956298828125
0.0271034240722656 -0.0357551574707031 0.01177978515625 -0.9373779296875
-0.0109081268310547 -0.0197772979736328 -0.67535400390625 -0.45703125
-0.0152854919433594 0.0032644271850586 -0.60626220703125 0.2711181640625
0.00411796569824219 0.0161495208740234 -0.18817138671875 0.458526611328125
-0.00295448303222656 0.0166339874267578 0.214874267578125 0.287445068359375
0.0154514312744141 -0.0107851028442383 0.338531494140625 0.012603759765625
0.0318698883056641 -0.0193538665771484 -0.32586669921875 0.00833129882812498
0.0165309906005859 0.0195102691650391 -0.212753295898438 -0.254959106445312
0.0113372802734375 0.00193214416503906 0.147064208984375 -0.4359130859375
-0.00381088256835938 0.0115442276000977 0.61431884765625 -0.2496337890625
-0.0303688049316406 0.0188865661621094 0.6588134765625 0.44989013671875
-0.0147323608398438 -0.0269756317138672 0.0925292968750001 0.89056396484375
0.0340900421142578 -0.00855827331542969 -0.358642578125 0.58612060546875
0.0511932373046875 -0.00461959838867188 -0.0198822021484375 0.0855560302734375
0.0445175170898438 -0.00941085815429688 0.417755126953125 -0.488861083984375
0.0271091461181641 -0.0266819000244141 0.00128173828124996 -0.93609619140625
-0.00395393371582031 -0.0119037628173828 -0.6822509765625 -0.4483642578125
-0.00866270065307617 0.0042109489440918 -0.60491943359375 0.27886962890625
0.00746440887451172 0.0119142532348633 -0.185394287109375 0.4609375
-0.000587463378906249 0.00981712341308594 0.219085693359375 0.28717041015625
0.0150566101074219 -0.0127067565917969 0.34234619140625 0.014923095703125
0.0310916900634766 -0.0233078002929688 -0.32684326171875 0.01104736328125
0.0177326202392578 0.0113754272460937 -0.211212158203125 -0.25701904296875
0.0143947601318359 -0.00576686859130859 0.149169921875 -0.437652587890625
0.00327968597412109 0.0114221572875977 0.61859130859375 -0.24639892578125
-0.0227890014648438 0.0258941650390625 0.6527099609375 0.455322265625
-0.0134449005126953 -0.0175762176513672 0.0821533203125 0.8916015625
0.0263996124267578 -0.0022125244140625 -0.36505126953125 0.58319091796875
0.0397872924804688 -0.00148391723632813 -0.0186309814453125 0.0852508544921875
0.0363426208496094 -0.00349807739257813 0.41473388671875 -0.489044189453125
0.0273170471191406 -0.0169334411621094 -0.00836181640625002 -0.93194580078125
0.00363302230834961 -0.00502824783325195 -0.68731689453125 -0.4398193359375
-0.00200438499450684 0.00404572486877441 -0.601806640625 0.28460693359375
0.0120477676391602 0.00491905212402344 -0.180206298828125 0.46197509765625
0.00122344493865967 0.0015723705291748 0.22430419921875 0.287445068359375
0.0148029327392578 -0.0145092010498047 0.34674072265625 0.015533447265625
0.0299148559570313 -0.0247592926025391 -0.328338623046875 0.00997924804687505
0.0208034515380859 0.00175666809082031 -0.20953369140625 -0.2593994140625
0.0170488357543945 -0.0137968063354492 0.154693603515625 -0.439056396484375
0.0104398727416992 0.0118627548217773 0.61932373046875 -0.24334716796875
-0.0170078277587891 0.0319156646728516 0.64923095703125 0.462158203125
-0.0139551162719727 -0.00878047943115234 0.0717163085937499 0.89361572265625
0.0177688598632813 0.00425148010253906 -0.36785888671875 0.57904052734375
0.0288925170898437 0.00067901611328125 -0.0145416259765625 0.08343505859375
0.0281162261962891 0.00236701965332031 0.411651611328125 -0.493927001953125
0.0265045166015625 -0.0072784423828125 -0.0192260742187501 -0.9268798828125
0.0105180740356445 0.00248336791992188 -0.690673828125 -0.428955078125
0.00493669509887695 0.00307130813598633 -0.5982666015625 0.2886962890625
0.0160732269287109 -0.00142002105712891 -0.173980712890625 0.46435546875
0.0039219856262207 -0.0075078010559082 0.227264404296875 0.28704833984375
0.0147514343261719 -0.016718864440918 0.348358154296875 0.014495849609375
0.0285263061523438 -0.025238037109375 -0.3316650390625 0.00677490234374994
0.0217456817626953 -0.00549888610839844 -0.208724975585938 -0.261184692382813
0.0202598571777344 -0.0197830200195313 0.16064453125 -0.44091796875
0.015660285949707 0.0113897323608398 0.62322998046875 -0.23992919921875
-0.0126419067382813 0.0373954772949219 0.6451416015625 0.46710205078125
-0.0152225494384766 -0.000649452209472659 0.0609130859374999 0.89324951171875
0.0106382369995117 0.0105485916137695 -0.36798095703125 0.57244873046875
0.0204429626464844 0.001556396484375 -0.00646209716796874 0.0806350708007813
0.02069091796875 0.00721549987792969 0.41168212890625 -0.498626708984375
0.0243797302246094 0.00048828125 -0.0298461914062501 -0.92718505859375
0.0155410766601562 0.00786781311035156 -0.6983642578125 -0.42010498046875
0.0106124877929688 0.00172710418701172 -0.5936279296875 0.2919921875
0.0188560485839844 -0.00801658630371094 -0.1668701171875 0.46258544921875
0.00578880310058594 -0.0158987045288086 0.22857666015625 0.285614013671875
0.0145130157470703 -0.0182247161865234 0.34814453125 0.01129150390625
0.0331096649169922 -0.0152206420898438 -0.342803955078125 -0.00756835937500006
0.0152778625488281 0.0307693481445313 -0.22723388671875 -0.257293701171875
0.00889205932617188 0.00977325439453125 0.14630126953125 -0.450836181640625
-0.0185108184814453 0.00788497924804688 0.6180419921875 -0.26849365234375
-0.0471649169921875 0.00324630737304688 0.67083740234375 0.43682861328125
-0.0193595886230469 -0.0477294921875 0.1114501953125 0.87750244140625
0.0498847961425781 -0.0282211303710938 -0.3333740234375 0.57318115234375
0.0784835815429687 -0.0146408081054687 0.00940704345703125 0.074493408203125
0.0600204467773437 -0.0298881530761719 0.434051513671875 -0.51104736328125
0.0216560363769531 -0.0492897033691406 0.00231933593750001 -0.95513916015625
-0.0225582122802734 -0.0282573699951172 -0.685546875 -0.45782470703125
-0.0217990875244141 0.000560760498046877 -0.6033935546875 0.27130126953125
0.00442695617675781 0.0181903839111328 -0.1812744140625 0.456695556640625
-0.0054168701171875 0.0222110748291016 0.21429443359375 0.283172607421875
0.0154514312744141 -0.00923633575439453 0.333831787109375 -0.003936767578125
0.0335483551025391 -0.0160350799560547 -0.33782958984375 -0.00213623046874994
0.0146865844726562 0.0338172912597656 -0.227798461914063 -0.255340576171875
0.00834751129150391 0.0114707946777344 0.138763427734375 -0.44842529296875
-0.0184230804443359 0.00847244262695312 0.61138916015625 -0.271240234375
-0.0462684631347656 0.00540924072265625 0.6732177734375 0.4296875
-0.0183753967285156 -0.0469551086425781 0.119384765625 0.87652587890625
0.05023193359375 -0.0271644592285156 -0.33746337890625 0.580810546875
0.0771026611328125 -0.0129928588867188 -0.00372314453124999 0.0794754028320313
0.061279296875 -0.0276527404785156 0.431915283203125 -0.500213623046875
0.0238494873046875 -0.0485038757324219 0.0123291015624999 -0.9542236328125
-0.0218124389648437 -0.0289306640625 -0.6778564453125 -0.46600341796875
-0.0227870941162109 0.00106430053710937 -0.60821533203125 0.2662353515625
0.00238037109375 0.0197563171386719 -0.188140869140625 0.457275390625
-0.00570106506347656 0.0235576629638672 0.21356201171875 0.28564453125
0.0152063369750977 -0.00911045074462891 0.336151123046875 0.001190185546875
0.0332889556884766 -0.0168113708496094 -0.33203125 0.00296020507812505
0.014312744140625 0.0319232940673828 -0.2247314453125 -0.253890991210938
0.00863552093505859 0.0121870040893555 0.137451171875 -0.4442138671875
-0.0155038833618164 0.00913810729980469 0.6099853515625 -0.26983642578125
-0.0425262451171875 0.00804519653320313 0.67584228515625 0.4312744140625
-0.0164260864257813 -0.0418739318847656 0.121337890625 0.88336181640625
0.0467567443847656 -0.022613525390625 -0.34173583984375 0.5872802734375
0.0705184936523437 -0.010040283203125 -0.0133132934570312 0.0837860107421875
0.0576133728027344 -0.0226593017578125 0.4266357421875 -0.494537353515625
0.0257225036621094 -0.0439186096191406 0.0171508789062499 -0.95013427734375
-0.0176486968994141 -0.0254917144775391 -0.6805419921875 -0.4683837890625
-0.0198516845703125 0.00217437744140625 -0.6112060546875 0.26934814453125
0.00303840637207031 0.0194053649902344 -0.192657470703125 0.45867919921875
-0.00507354736328125 0.0221462249755859 0.215423583984375 0.287322998046875
0.0152130126953125 -0.00987434387207031 0.3375244140625 0.007293701171875
0.0329608917236328 -0.0188179016113281 -0.329620361328125 0.00790405273437496
0.0155010223388672 0.0273685455322266 -0.219940185546875 -0.25433349609375
0.009368896484375 0.00834846496582031 0.141204833984375 -0.443145751953125
-0.0106878280639648 0.0101642608642578 0.615234375 -0.25958251953125
-0.0362968444824219 0.0123252868652344 0.6708984375 0.44091796875
-0.0150985717773438 -0.0356903076171875 0.1092529296875 0.89105224609375
0.0416526794433594 -0.0173072814941406 -0.35205078125 0.59027099609375
0.062225341796875 -0.00696563720703125 -0.0175399780273437 0.0841293334960938
0.0523414611816406 -0.017303466796875 0.4208984375 -0.494293212890625
0.0268516540527344 -0.035736083984375 0.00494384765624999 -0.9456787109375
-0.0115890502929688 -0.0199947357177734 -0.685791015625 -0.45721435546875
-0.0162296295166016 0.00363254547119141 -0.60833740234375 0.27685546875
0.00446224212646484 0.0165061950683594 -0.187530517578125 0.463104248046875
-0.00360965728759766 0.0167064666748047 0.22003173828125 0.286895751953125
0.0154094696044922 -0.0109195709228516 0.3414306640625 0.010284423828125
0.0315074920654297 -0.0217838287353516 -0.328277587890625 0.011810302734375
0.0165672302246094 0.0197334289550781 -0.216949462890625 -0.25469970703125
0.0113372802734375 0.00148296356201172 0.143890380859375 -0.441162109375
-0.00483512878417969 0.0116891860961914 0.615478515625 -0.25592041015625
-0.0296230316162109 0.0189933776855469 0.66650390625 0.451416015625
-0.0132102966308594 -0.0262508392333984 0.0978393554687499 0.89642333984375
0.0339374542236328 -0.00917434692382812 -0.3594970703125 0.59075927734375
0.0498733520507813 -0.00496673583984375 -0.0189666748046875 0.0856170654296875
0.0442962646484375 -0.0107536315917969 0.4173583984375 -0.49371337890625
0.0268974304199219 -0.0271587371826172 -0.0032348632812501 -0.94439697265625
-0.00417041778564453 -0.0125722885131836 -0.689208984375 -0.44866943359375
-0.00968647003173828 0.00421333312988281 -0.60791015625 0.2845458984375
0.0079803466796875 0.011530876159668 -0.1842041015625 0.465423583984375
-0.00075531005859375 0.00984668731689453 0.224090576171875 0.28717041015625
0.0152711868286133 -0.0124301910400391 0.34588623046875 0.011932373046875
0.0312347412109375 -0.0239524841308594 -0.32940673828125 0.01324462890625
0.0185546875 0.0115680694580078 -0.215469360351563 -0.256179809570313
0.0142326354980469 -0.00612068176269531 0.147003173828125 -0.441314697265625
0.003204345703125 0.0115242004394531 0.62115478515625 -0.251708984375
-0.0218658447265625 0.02569580078125 0.66156005859375 0.45538330078125
-0.012639045715332 -0.0165481567382812 0.0879516601562499 0.89727783203125
0.0261001586914062 -0.00265693664550781 -0.36358642578125 0.58905029296875
0.0395660400390625 -0.0022125244140625 -0.0186538696289063 0.0854721069335938
0.0361289978027344 -0.00448226928710937 0.41363525390625 -0.493865966796875
0.0266380310058594 -0.0170841217041016 -0.011962890625 -0.9417724609375
0.0039219856262207 -0.00478887557983398 -0.69378662109375 -0.4393310546875
-0.00272989273071289 0.00448465347290039 -0.605224609375 0.289306640625
0.0116205215454102 0.00474739074707031 -0.1802978515625 0.46759033203125
0.00199794769287109 0.000873088836669922 0.22760009765625 0.2872314453125
0.0148086547851562 -0.0159454345703125 0.3499755859375 0.013427734375
0.0300674438476563 -0.0258655548095703 -0.3310546875 0.012451171875
0.0210685729980469 0.00341033935546875 -0.213836669921875 -0.259033203125
0.0162878036499023 -0.0138158798217773 0.151763916015625 -0.442169189453125
0.0103054046630859 0.0116920471191406 0.6240234375 -0.249267578125
-0.0160388946533203 0.0322189331054688 0.65740966796875 0.4605712890625
-0.0131816864013672 -0.00751399993896484 0.0748291015625 0.89984130859375
0.0179271697998047 0.00497817993164063 -0.36676025390625 0.586181640625
0.0281581878662109 -0.000249862670898438 -0.013427734375 0.0849609375
0.0272712707519531 0.00164413452148438 0.41326904296875 -0.498077392578125
0.0260505676269531 -0.00692176818847656 -0.02191162109375 -0.9361572265625
0.0110130310058594 0.00236988067626953 -0.69927978515625 -0.428955078125
0.0048828125 0.00321817398071289 -0.60107421875 0.2940673828125
0.0160303115844727 -0.00153636932373047 -0.17279052734375 0.4678955078125
0.00453090667724609 -0.00781774520874023 0.231353759765625 0.286346435546875
0.0148477554321289 -0.0172863006591797 0.351226806640625 0.0120849609375
0.0295944213867188 -0.0266666412353516 -0.33514404296875 0.00891113281249999
0.0235404968261719 -0.00497245788574219 -0.2117919921875 -0.260360717773438
0.0195236206054688 -0.0197792053222656 0.15850830078125 -0.443756103515625
0.0155239105224609 0.0113601684570313 0.62744140625 -0.24713134765625
-0.0111618041992188 0.0371170043945313 0.65283203125 0.4674072265625
-0.0144023895263672 -1.43051147460916E-05 0.06610107421875 0.89923095703125
0.0112733840942383 0.00999164581298828 -0.3682861328125 0.5787353515625
0.0200920104980469 0.00141334533691406 -0.00574493408203125 0.0813751220703125
0.0202617645263672 0.00683021545410156 0.41143798828125 -0.502532958984375
0.0247611999511719 0.0001068115234375 -0.0365600585937501 -0.93524169921875
0.0155525207519531 0.00770092010498047 -0.70599365234375 -0.42071533203125
0.0110607147216797 0.00141620635986328 -0.59686279296875 0.2977294921875
0.0198287963867187 -0.00794029235839844 -0.16583251953125 0.4664306640625
0.00609111785888672 -0.0159416198730469 0.23193359375 0.285064697265625
0.0145339965820313 -0.0188274383544922 0.351318359375 0.009796142578125
0.0337696075439453 -0.0163116455078125 -0.34454345703125 -0.00512695312499998
0.0164337158203125 0.0315361022949219 -0.23114013671875 -0.255783081054687
0.00852012634277344 0.00944137573242188 0.143463134765625 -0.455413818359375
-0.0191555023193359 0.00725936889648438 0.61895751953125 -0.2750244140625
-0.0463523864746094 0.00437545776367187 0.6795654296875 0.4351806640625
-0.0183830261230469 -0.0480232238769531 0.11859130859375 0.88372802734375
0.049835205078125 -0.0292816162109375 -0.3319091796875 0.57818603515625
0.07696533203125 -0.0159225463867188 0.00931549072265626 0.074066162109375
0.06103515625 -0.0305366516113281 0.4339599609375 -0.516632080078125
0.0220603942871094 -0.0495223999023438 -0.00402832031249989 -0.96270751953125
-0.0224971771240234 -0.0284214019775391 -0.6927490234375 -0.45526123046875
-0.0224514007568359 -0.000476837158203124 -0.60516357421875 0.2789306640625
0.00462150573730469 0.0178585052490234 -0.18011474609375 0.460205078125
-0.00498771667480469 0.0222988128662109 0.21856689453125 0.28289794921875
0.0154838562011719 -0.00955390930175781 0.335296630859375 -0.00616455078125
0.0340080261230469 -0.0168819427490234 -0.33984375 0.000549316406249948
0.0161857604980469 0.0334835052490234 -0.230941772460937 -0.253448486328125
0.00800132751464844 0.0126199722290039 0.13482666015625 -0.451507568359375
-0.0193729400634766 0.00808143615722656 0.61376953125 -0.27667236328125
-0.046142578125 0.00504302978515625 0.68328857421875 0.42657470703125
-0.0177268981933594 -0.0472145080566406 0.126708984375 0.88262939453125
0.0500717163085937 -0.0283279418945312 -0.334716796875 0.58782958984375
0.0762939453125 -0.013763427734375 -0.00334930419921875 0.0800933837890625
0.0612907409667969 -0.0282363891601562 0.431304931640625 -0.50653076171875
0.0242919921875 -0.0489006042480469 0.00744628906249991 -0.95977783203125
-0.0218315124511719 -0.0286979675292969 -0.68743896484375 -0.4637451171875
-0.0229473114013672 0.000577926635742187 -0.60955810546875 0.2745361328125
0.00235939025878906 0.0199813842773437 -0.18609619140625 0.462188720703125
-0.00475120544433594 0.0242214202880859 0.218414306640625 0.286407470703125
0.0150966644287109 -0.00955009460449219 0.338104248046875 -0.001739501953125
0.0332183837890625 -0.0172996520996094 -0.3350830078125 0.00561523437500005
0.0159702301025391 0.0321788787841797 -0.228652954101562 -0.252166748046875
0.00862312316894531 0.0114736557006836 0.1351318359375 -0.44903564453125
-0.0157470703125 0.0100612640380859 0.61260986328125 -0.2745361328125
-0.0420303344726563 0.00857925415039063 0.6829833984375 0.42852783203125
-0.0158805847167969 -0.0424842834472656 0.12774658203125 0.8896484375
0.0466194152832031 -0.023162841796875 -0.34033203125 0.594970703125
0.0703659057617188 -0.01104736328125 -0.0125274658203125 0.08441162109375
0.0581130981445312 -0.0232582092285156 0.427032470703125 -0.4998779296875
0.0258026123046875 -0.0441436767578125 0.00872802734374994 -0.95916748046875
-0.0180168151855469 -0.0254631042480469 -0.6866455078125 -0.4658203125
-0.0210342407226562 0.00269126892089844 -0.6136474609375 0.2755126953125
0.003662109375 0.0190238952636719 -0.189910888671875 0.46392822265625
-0.00461387634277344 0.0229129791259766 0.219390869140625 0.28753662109375
0.0150699615478516 -0.0114364624023438 0.341644287109375 0.004302978515625
0.0334796905517578 -0.0206127166748047 -0.33245849609375 0.011688232421875
0.0159683227539063 0.0271244049072266 -0.22412109375 -0.2525634765625
0.00930309295654297 0.00751590728759766 0.137481689453125 -0.44610595703125
-0.0107851028442383 0.0107641220092773 0.61688232421875 -0.26800537109375
-0.0358619689941406 0.0128288269042969 0.6795654296875 0.44000244140625
-0.0139732360839844 -0.0352287292480469 0.11614990234375 0.89569091796875
0.0414199829101562 -0.0170822143554687 -0.349365234375 0.59796142578125
0.0609016418457031 -0.0086517333984375 -0.0170974731445313 0.085479736328125
0.0526695251464844 -0.0179595947265625 0.420806884765625 -0.500213623046875
0.0261268615722656 -0.0367279052734375 -0.0012817382812499 -0.95355224609375
-0.0117874145507813 -0.0194015502929688 -0.69183349609375 -0.45556640625
-0.015833854675293 0.00335121154785156 -0.61187744140625 0.28460693359375
0.00541782379150391 0.0165548324584961 -0.18475341796875 0.46868896484375
-0.00239372253417969 0.0177650451660156 0.224090576171875 0.28680419921875
0.0145015716552734 -0.01226806640625 0.345245361328125 0.00689697265625
0.0321331024169922 -0.0224475860595703 -0.330291748046875 0.015106201171875
0.0184173583984375 0.0198459625244141 -0.220870971679687 -0.253890991210938
0.0112428665161133 0.00183868408203125 0.141632080078125 -0.445953369140625
-0.00461387634277344 0.0109424591064453 0.61993408203125 -0.26171875
-0.0285606384277344 0.0195102691650391 0.673828125 0.4482421875
-0.0125560760498047 -0.0267372131347656 0.10491943359375 0.90191650390625
0.0340919494628906 -0.00946426391601562 -0.3590087890625 0.5975341796875
0.0505256652832031 -0.00513458251953125 -0.0193862915039062 0.0869140625
0.0445175170898438 -0.0112533569335938 0.417388916015625 -0.5
0.02783203125 -0.027069091796875 -0.00964355468749997 -0.950439453125
-0.00462055206298828 -0.012669563293457 -0.6973876953125 -0.4476318359375
-0.00948715209960937 0.00389862060546875 -0.61041259765625 0.29052734375
0.00783252716064453 0.0111274719238281 -0.18212890625 0.471038818359375
-0.000457763671875001 0.0104303359985352 0.228179931640625 0.287322998046875
0.0146474838256836 -0.0143156051635742 0.349365234375 0.0093994140625
0.0308647155761719 -0.0259056091308594 -0.33099365234375 0.016143798828125
0.0196743011474609 0.0109996795654297 -0.21923828125 -0.255081176757813
0.014002799987793 -0.00620365142822266 0.144287109375 -0.445037841796875
0.00329399108886719 0.011631965637207 0.62371826171875 -0.25830078125
-0.0210399627685547 0.0260105133056641 0.67047119140625 0.4534912109375
-0.0120677947998047 -0.0170841217041016 0.09539794921875 0.9044189453125
0.0262565612792969 -0.00284767150878906 -0.3623046875 0.595703125
0.0388221740722656 -0.00259780883789062 -0.0182037353515625 0.0870742797851563
0.0361709594726563 -0.00482559204101563 0.414154052734375 -0.5010986328125
0.02716064453125 -0.0169677734375 -0.0209350585937499 -0.9464111328125
0.00340461730957031 -0.00450372695922852 -0.70294189453125 -0.43798828125
-0.00226068496704102 0.00443029403686523 -0.60760498046875 0.296875
0.0122900009155273 0.00467967987060547 -0.17596435546875 0.4732666015625
0.00230312347412109 0.00112247467041016 0.233123779296875 0.2872314453125
0.0151700973510742 -0.0162391662597656 0.352630615234375 0.0103759765625
0.0305690765380859 -0.0271987915039063 -0.333740234375 0.01556396484375
0.0221614837646484 0.00308990478515625 -0.216934204101562 -0.256973266601563
0.0165414810180664 -0.0137300491333008 0.149627685546875 -0.445953369140625
0.00940799713134766 0.0114803314208984 0.62603759765625 -0.2567138671875
-0.0147705078125 0.0328693389892578 0.6651611328125 0.459716796875
-0.0124664306640625 -0.0070648193359375 0.08221435546875 0.90478515625
0.0175695419311523 0.00383090972900391 -0.36669921875 0.5926513671875
0.0277805328369141 -0.0003662109375 -0.0127944946289062 0.0849380493164063
0.0273990631103516 0.0008392333984375 0.41278076171875 -0.50482177734375
0.0263442993164063 -0.00780487060546875 -0.0318603515625 -0.9427490234375
0.0107908248901367 0.00220108032226563 -0.707763671875 -0.42926025390625
0.00525188446044922 0.00333976745605469 -0.60333251953125 0.30035400390625
0.0167570114135742 -0.00205326080322266 -0.169891357421875 0.472991943359375
0.00444936752319336 -0.00754547119140625 0.23681640625 0.285858154296875
0.0141735076904297 -0.017120361328125 0.355377197265625 0.008544921875
0.0294094085693359 -0.0283927917480469 -0.337005615234375 0.01300048828125
0.0239295959472656 -0.00538444519042969 -0.21533203125 -0.259323120117188
0.0197792053222656 -0.0197696685791016 0.15557861328125 -0.44891357421875
0.0152511596679688 0.0108089447021484 0.6295166015625 -0.255126953125
-0.0101165771484375 0.0375633239746094 0.66156005859375 0.4642333984375
-0.0129070281982422 -0.000121116638183593 0.07342529296875 0.9049072265625
0.0112438201904297 0.00942039489746094 -0.3665771484375 0.584716796875
0.0191555023193359 0.000822067260742187 -0.00485992431640625 0.081878662109375
0.0210552215576172 0.00638961791992187 0.410186767578125 -0.50830078125
0.0248641967773438 0.000347137451171875 -0.0422363281250001 -0.940673828125
0.0166234970092773 0.00677585601806641 -0.7144775390625 -0.41900634765625
0.0105314254760742 0.00174140930175781 -0.59814453125 0.305419921875
0.0198783874511719 -0.00786590576171875 -0.163665771484375 0.47222900390625
0.00644302368164062 -0.0159034729003906 0.238311767578125 0.284149169921875
0.0144577026367187 -0.0195980072021484 0.3546142578125 0.0057373046875
0.0335464477539063 -0.017791748046875 -0.346649169921875 -0.000885009765625068
0.0168190002441406 0.0312156677246094 -0.235580444335938 -0.253082275390625
0.00969886779785156 0.00995731353759766 0.138641357421875 -0.459503173828125
-0.0189781188964844 0.00783348083496093 0.620849609375 -0.2835693359375
-0.0467414855957031 0.00512313842773438 0.68988037109375 0.43182373046875
-0.0181427001953125 -0.04791259765625 0.12762451171875 0.88922119140625
0.0503463745117188 -0.0297470092773438 -0.3294677734375 0.585205078125
0.0768508911132813 -0.0162734985351563 0.009674072265625 0.0750885009765625
0.0602836608886719 -0.0314750671386719 0.4315185546875 -0.523345947265625
0.0216102600097656 -0.0497932434082031 -0.01446533203125 -0.96905517578125
-0.0231475830078125 -0.0286178588867187 -0.70208740234375 -0.45306396484375
-0.0222492218017578 0.000516891479492189 -0.607666015625 0.2867431640625
0.00551033020019531 0.0176181793212891 -0.176025390625 0.464813232421875
-0.00387191772460938 0.0228500366210938 0.224456787109375 0.28204345703125
0.0149784088134766 -0.0101032257080078 0.33843994140625 -0.0087890625
0.0338039398193359 -0.0176162719726563 -0.342681884765625 0.00549316406249992
0.0171012878417969 0.0338668823242188 -0.234512329101562 -0.2515869140625
0.0083770751953125 0.0123167037963867 0.132598876953125 -0.4544677734375
-0.0192604064941406 0.00901412963867187 0.61444091796875 -0.28546142578125
-0.0457611083984375 0.00565338134765626 0.69000244140625 0.4232177734375
-0.017333984375 -0.046844482421875 0.13507080078125 0.88812255859375
0.0502204895019531 -0.0291328430175781 -0.33056640625 0.59320068359375
0.07598876953125 -0.01458740234375 -0.00290679931640625 0.0814285278320313
0.0615997314453125 -0.0295524597167969 0.4295654296875 -0.514556884765625
0.0238227844238281 -0.0489578247070313 -0.00183105468750005 -0.96624755859375
-0.0217075347900391 -0.0284385681152344 -0.69439697265625 -0.46197509765625
-0.0232028961181641 0.00121688842773438 -0.61175537109375 0.28070068359375
0.00362396240234375 0.0201988220214844 -0.18377685546875 0.465972900390625
-0.00440216064453125 0.0251388549804687 0.22381591796875 0.2847900390625
0.0151243209838867 -0.0102481842041016 0.341278076171875 -0.004852294921875
0.0338459014892578 -0.0187053680419922 -0.336944580078125 0.010498046875
0.0173110961914063 0.0318241119384766 -0.233123779296875 -0.249771118164063
0.00840282440185547 0.0117254257202148 0.130401611328125 -0.45220947265625
-0.0160236358642578 0.0102500915527344 0.6146240234375 -0.2825927734375
-0.04180908203125 0.00854873657226563 0.69207763671875 0.4249267578125
-0.0156211853027344 -0.0418548583984375 0.134033203125 0.8953857421875
0.0463676452636719 -0.0241508483886719 -0.33648681640625 0.60260009765625
0.0690879821777344 -0.01202392578125 -0.0119552612304688 0.08465576171875
0.0580940246582031 -0.0248069763183594 0.42559814453125 -0.508026123046875
0.0255851745605469 -0.0440711975097656 -0.00103759765624995 -0.963134765625
-0.0181293487548828 -0.0257472991943359 -0.69622802734375 -0.462646484375
-0.0213756561279297 0.00238609313964844 -0.61572265625 0.283935546875
0.00438117980957031 0.0192298889160156 -0.185638427734375 0.468536376953125
-0.00454139709472656 0.0227680206298828 0.2255859375 0.28546142578125
0.0146274566650391 -0.0105199813842773 0.344146728515625 0.000305175781249999
0.0331783294677734 -0.0214004516601563 -0.334136962890625 0.01507568359375
0.0172672271728516 0.0271930694580078 -0.227645874023438 -0.250381469726562
0.00996780395507813 0.00787925720214844 0.134033203125 -0.449249267578125
-0.0116729736328125 0.0104255676269531 0.61907958984375 -0.27630615234375
-0.0353355407714844 0.0138740539550781 0.688232421875 0.43408203125
-0.0135173797607422 -0.03472900390625 0.12432861328125 0.90216064453125
0.0410842895507813 -0.017669677734375 -0.34552001953125 0.60394287109375
0.0603218078613281 -0.0092315673828125 -0.0163955688476562 0.0870132446289062
0.0521316528320313 -0.0189743041992188 0.41912841796875 -0.506683349609375
0.0265579223632813 -0.0365409851074219 -0.0114135742187501 -0.95758056640625
-0.0127105712890625 -0.0195446014404297 -0.70220947265625 -0.45184326171875
-0.0165939331054688 0.00355243682861328 -0.611328125 0.29119873046875
0.00587368011474609 0.0164585113525391 -0.1824951171875 0.473480224609375
-0.00230216979980469 0.0179157257080078 0.22991943359375 0.28558349609375
0.0145807266235352 -0.0124320983886719 0.348114013671875 0.003448486328125
0.0317707061767578 -0.0241546630859375 -0.33251953125 0.019073486328125
0.0189838409423828 0.0190544128417969 -0.224319458007813 -0.251022338867188
0.0109739303588867 0.00248622894287109 0.1370849609375 -0.447662353515625
-0.00467205047607422 0.0115766525268555 0.6207275390625 -0.27069091796875
-0.0285720825195313 0.0195789337158203 0.68450927734375 0.44476318359375
-0.0118370056152344 -0.0254898071289063 0.11224365234375 0.90728759765625
0.0337543487548828 -0.0101394653320313 -0.35546875 0.6043701171875
0.0496063232421875 -0.00556564331054688 -0.0185623168945313 0.0874481201171875
0.0448570251464844 -0.0119438171386719 0.4140625 -0.50701904296875
0.0273189544677734 -0.02691650390625 -0.0187988281250001 -0.95654296875
-0.00445175170898438 -0.0123996734619141 -0.70562744140625 -0.44549560546875
-0.0095367431640625 0.00410366058349609 -0.61187744140625 0.29876708984375
0.00904941558837891 0.0116472244262695 -0.17926025390625 0.4761962890625
0.000394821166992188 0.0101470947265625 0.233551025390625 0.28582763671875
0.0142784118652344 -0.0142374038696289 0.352142333984375 0.0062255859375
0.0315704345703125 -0.0269813537597656 -0.333251953125 0.0212402343749999
0.0208168029785156 0.0109405517578125 -0.222976684570313 -0.253372192382813
0.0135498046875 -0.00561046600341797 0.13916015625 -0.4483642578125
0.00261497497558594 0.0115861892700195 0.62506103515625 -0.26641845703125
-0.0204792022705078 0.0265235900878906 0.6800537109375 0.44879150390625
-0.0112676620483398 -0.0159330368041992 0.1025390625 0.90936279296875
0.0254955291748047 -0.00361824035644531 -0.36163330078125 0.6029052734375
0.0381660461425781 -0.00365829467773438 -0.016937255859375 0.087554931640625
0.0365486145019531 -0.00569534301757812 0.41168212890625 -0.50830078125
0.0273494720458984 -0.0174827575683594 -0.0299072265625001 -0.95294189453125
0.00369977951049805 -0.00490760803222656 -0.71136474609375 -0.4359130859375
-0.00206542015075684 0.00387382507324219 -0.60919189453125 0.3057861328125
0.0126256942749023 0.00439548492431641 -0.173370361328125 0.47833251953125
0.00320148468017578 0.00175142288208008 0.238189697265625 0.2869873046875
0.0139884948730469 -0.0177326202392578 0.35565185546875 0.006072998046875
0.0301570892333984 -0.0288047790527344 -0.335784912109375 0.02093505859375
0.0235462188720703 0.00238609313964844 -0.221572875976563 -0.255111694335937
0.015772819519043 -0.0132846832275391 0.144989013671875 -0.450347900390625
0.00920677185058594 0.0117387771606445 0.62762451171875 -0.26434326171875
-0.0140762329101562 0.0325908660888672 0.67474365234375 0.4552001953125
-0.0117635726928711 -0.00759220123291016 0.0909423828125 0.91180419921875
0.0188579559326172 0.00357437133789062 -0.36395263671875 0.60009765625
0.0265922546386719 -0.00117683410644531 -0.0128250122070313 0.085968017578125
0.0282516479492188 0.000612258911132812 0.41046142578125 -0.51025390625
0.0269107818603516 -0.00825881958007813 -0.0377197265625 -0.94793701171875
0.0110454559326172 0.00236415863037109 -0.71624755859375 -0.425048828125
0.0047297477722168 0.00337982177734375 -0.60516357421875 0.309326171875
0.0164299011230469 -0.00246334075927734 -0.165740966796875 0.478485107421875
0.00531435012817383 -0.00829124450683594 0.2415771484375 0.28411865234375
0.0142879486083984 -0.0183010101318359 0.357666015625 0.004425048828125
0.0295143127441406 -0.0299110412597656 -0.339202880859375 0.017303466796875
0.0250148773193359 -0.00587654113769531 -0.220367431640625 -0.257247924804688
0.0192184448242187 -0.0199031829833984 0.152191162109375 -0.45196533203125
0.0159101486206055 0.0108156204223633 0.63116455078125 -0.2615966796875
-0.009185791015625 0.0385627746582031 0.66876220703125 0.46124267578125
-0.0126104354858398 0.000844001770019532 0.0820922851562499 0.91241455078125
0.0116758346557617 0.00912284851074219 -0.36236572265625 0.59271240234375
0.0179004669189453 0.000402450561523438 -0.00457000732421874 0.0827255249023438
0.0207939147949219 0.00531387329101563 0.408905029296875 -0.51763916015625
0.0259742736816406 0.00025177001953125 -0.0497436523437499 -0.94610595703125
0.0163021087646484 0.00639533996582031 -0.723388671875 -0.41656494140625
0.0102052688598633 0.00132846832275391 -0.5987548828125 0.3123779296875
0.0204429626464844 -0.00848007202148438 -0.158966064453125 0.475799560546875
0.00673866271972657 -0.0158557891845703 0.24346923828125 0.283233642578125
0.0133171081542969 -0.0201225280761719 0.357452392578125 0.001953125
0.0338172912597656 -0.0192451477050781 -0.34930419921875 0.00408935546874996
0.0182876586914063 0.0314998626708984 -0.239349365234375 -0.251358032226562
0.00944900512695312 0.0102558135986328 0.133331298828125 -0.46331787109375
-0.0192546844482422 0.00761032104492188 0.6204833984375 -0.29364013671875
-0.0454597473144531 0.00554275512695313 0.6990966796875 0.4268798828125
-0.0178146362304687 -0.0481147766113281 0.1351318359375 0.8931884765625
0.0500259399414063 -0.030517578125 -0.32598876953125 0.591552734375
0.0764007568359375 -0.0171737670898438 0.0113372802734375 0.0748291015625
0.0601387023925781 -0.0330085754394531 0.429229736328125 -0.529632568359375
0.0208892822265625 -0.0498313903808594 -0.0231933593749999 -0.97454833984375
-0.0233364105224609 -0.0282249450683594 -0.71124267578125 -0.44866943359375
-0.0228385925292969 0.000431060791015622 -0.60809326171875 0.2938232421875
0.0061492919921875 0.0176448822021484 -0.171234130859375 0.47137451171875
-0.0025787353515625 0.0229473114013672 0.229278564453125 0.280853271484375
0.0147571563720703 -0.0118246078491211 0.34161376953125 -0.013580322265625
0.0334014892578125 -0.0201435089111328 -0.34393310546875 0.00930786132812503
0.0185451507568359 0.0331020355224609 -0.239425659179688 -0.24871826171875
0.00857162475585937 0.0128269195556641 0.127777099609375 -0.459564208984375
-0.0194320678710938 0.00924873352050782 0.6148681640625 -0.295166015625
-0.0448150634765625 0.00637817382812501 0.69976806640625 0.4161376953125
-0.0167884826660156 -0.0472259521484375 0.1446533203125 0.89251708984375
0.0499420166015625 -0.0300216674804688 -0.3267822265625 0.6015625
0.0755462646484375 -0.015899658203125 -0.0015716552734375 0.081390380859375
0.0608978271484375 -0.0307464599609375 0.4261474609375 -0.520416259765625
0.0231819152832031 -0.0492210388183594 -0.0117187499999999 -0.97222900390625
-0.0233936309814453 -0.0290985107421875 -0.7039794921875 -0.45880126953125
-0.0235691070556641 0.00166702270507812 -0.61285400390625 0.29010009765625
0.00440025329589844 0.0199775695800781 -0.1783447265625 0.471923828125
-0.00383186340332031 0.025054931640625 0.228424072265625 0.283294677734375
0.01434326171875 -0.0115995407104492 0.3446044921875 -0.00860595703125
0.0326156616210938 -0.0211601257324219 -0.33929443359375 0.015228271484375
0.0181522369384766 0.0325851440429688 -0.236679077148437 -0.246749877929688
0.00885200500488281 0.011932373046875 0.125457763671875 -0.4566650390625
-0.0164079666137695 0.0101528167724609 0.61383056640625 -0.2919921875
-0.0405311584472656 0.00946807861328124 0.700927734375 0.41912841796875
-0.0150184631347656 -0.0418281555175781 0.1451416015625 0.8985595703125
0.0459823608398438 -0.0252418518066406 -0.33294677734375 0.60894775390625
0.0696144104003906 -0.0128860473632813 -0.0102310180664062 0.0857772827148438
0.0579681396484375 -0.0262184143066406 0.422088623046875 -0.51422119140625
0.02532958984375 -0.0445175170898438 -0.0123901367187499 -0.9698486328125
-0.0192241668701172 -0.02532958984375 -0.70562744140625 -0.459228515625
-0.0220050811767578 0.00306129455566406 -0.61651611328125 0.291259765625
0.00487709045410156 0.0193252563476562 -0.181732177734375 0.47491455078125
-0.00278854370117188 0.0232582092285156 0.229949951171875 0.28369140625
0.0148677825927734 -0.0116729736328125 0.346588134765625 -0.0040283203125
0.0334415435791016 -0.0230293273925781 -0.335418701171875 0.01971435546875
0.0188808441162109 0.0273170471191406 -0.23284912109375 -0.24835205078125
0.00884246826171875 0.00845623016357422 0.129669189453125 -0.45361328125
-0.0123558044433594 0.0110845565795898 0.61834716796875 -0.28533935546875
-0.0347976684570313 0.0140361785888672 0.69769287109375 0.4283447265625
-0.0127811431884766 -0.0349006652832031 0.133544921875 0.90631103515625
0.0411415100097656 -0.0188865661621094 -0.34295654296875 0.61016845703125
0.0601539611816406 -0.0106620788574219 -0.01507568359375 0.0874176025390625
0.0523452758789063 -0.0199851989746094 0.415557861328125 -0.514892578125
0.0263404846191406 -0.0370368957519531 -0.01971435546875 -0.96484375
-0.0120315551757812 -0.0198478698730469 -0.70928955078125 -0.44854736328125
-0.0173282623291016 0.00411033630371094 -0.61236572265625 0.29998779296875
0.00694084167480469 0.0159444808959961 -0.1768798828125 0.478515625
-0.00197029113769531 0.0181064605712891 0.23468017578125 0.28424072265625
0.0146913528442383 -0.0135030746459961 0.351043701171875 -0.00103759765625
0.0319671630859375 -0.0250663757324219 -0.333740234375 0.023345947265625
0.0201511383056641 0.0192432403564453 -0.228591918945313 -0.249420166015625
0.0108890533447266 0.00255680084228516 0.13238525390625 -0.452362060546875
-0.00468826293945313 0.0111255645751953 0.62127685546875 -0.2802734375
-0.0272941589355469 0.0202674865722656 0.6929931640625 0.43975830078125
-0.0115013122558594 -0.0257015228271484 0.12164306640625 0.912109375
0.0338459014892578 -0.0110244750976563 -0.35101318359375 0.61297607421875
0.04852294921875 -0.00682830810546875 -0.0175628662109375 0.0881195068359375
0.0443649291992188 -0.0137786865234375 0.411773681640625 -0.513580322265625
0.0273094177246094 -0.0279712677001953 -0.02911376953125 -0.96087646484375
-0.00419712066650391 -0.0127553939819336 -0.7135009765625 -0.44061279296875
-0.0100812911987305 0.00418376922607422 -0.6114501953125 0.30621337890625
0.00968360900878906 0.0110139846801758 -0.17425537109375 0.481292724609375
0.00108432769775391 0.0104389190673828 0.238922119140625 0.283660888671875
0.0142555236816406 -0.0148382186889648 0.354736328125 0.000183105468749999
0.0312747955322266 -0.0280437469482422 -0.334930419921875 0.0255126953125
0.0213184356689453 0.0105972290039063 -0.226776123046875 -0.25042724609375
0.0136404037475586 -0.0053863525390625 0.136138916015625 -0.451385498046875
0.00248336791992187 0.0113019943237305 0.62469482421875 -0.27606201171875
-0.019439697265625 0.0269775390625 0.68731689453125 0.4451904296875
-0.0105152130126953 -0.0157232284545898 0.11181640625 0.913818359375
0.0264301300048828 -0.00397872924804688 -0.3564453125 0.60986328125
0.0371589660644531 -0.00392913818359375 -0.0164413452148437 0.0881423950195313
0.0361480712890625 -0.00604248046875 0.40899658203125 -0.514892578125
0.0274333953857422 -0.0172958374023438 -0.0394287109375 -0.9571533203125
0.00319051742553711 -0.00450801849365234 -0.7198486328125 -0.43060302734375
-0.00268650054931641 0.00413203239440918 -0.60955810546875 0.312744140625
0.0132675170898438 0.00413703918457031 -0.168304443359375 0.482208251953125
0.00311040878295898 0.00184011459350586 0.2442626953125 0.284149169921875
0.0142412185668945 -0.0173664093017578 0.35784912109375 0.00146484375
0.0294094085693359 -0.0305023193359375 -0.336456298828125 0.0250244140624999
0.0239620208740234 0.00215721130371094 -0.2252197265625 -0.252105712890625
0.0166540145874023 -0.0130081176757813 0.140625 -0.4539794921875
0.0095815658569336 0.0117063522338867 0.62762451171875 -0.27362060546875
-0.0129489898681641 0.0332775115966797 0.6829833984375 0.4512939453125
-0.0103302001953125 -0.00737094879150391 0.09906005859375 0.9154052734375
0.0182895660400391 0.00347137451171875 -0.359619140625 0.60614013671875
0.0264720916748047 -0.00115585327148438 -0.0112533569335938 0.0863037109375
0.0281772613525391 8.96453857421875E-05 0.40753173828125 -0.517425537109375
0.0273628234863281 -0.00766754150390625 -0.05169677734375 -0.95220947265625
0.0106449127197266 0.00236606597900391 -0.72589111328125 -0.41973876953125
0.00477027893066406 0.0035090446472168 -0.60516357421875 0.3172607421875
0.0178298950195313 -0.00307655334472656 -0.16058349609375 0.4835205078125
0.00559520721435547 -0.0076441764831543 0.24749755859375 0.282318115234375
0.0138320922851563 -0.0194606781005859 0.35986328125 0.000518798828124999
0.02911376953125 -0.0312061309814453 -0.341094970703125 0.021728515625
0.0256767272949219 -0.0056610107421875 -0.22442626953125 -0.25408935546875
0.0188865661621094 -0.0200748443603516 0.147369384765625 -0.457489013671875
0.0150842666625977 0.0109834671020508 0.6326904296875 -0.27081298828125
-0.00812149047851562 0.0385551452636719 0.6781005859375 0.45635986328125
-0.0115165710449219 0.000891685485839843 0.0904541015625 0.91510009765625
0.0114021301269531 0.00902271270751953 -0.3597412109375 0.5985107421875
0.0175056457519531 0.000176429748535156 -0.003692626953125 0.0832901000976563
0.0204372406005859 0.00457572937011719 0.4071044921875 -0.522308349609375
0.025970458984375 0.000173568725585937 -0.0608520507812499 -0.95233154296875
0.0168209075927734 0.00668716430664063 -0.73095703125 -0.41192626953125
0.00989055633544922 0.00159358978271484 -0.5987548828125 0.32122802734375
0.0208950042724609 -0.009185791015625 -0.154754638671875 0.48150634765625
0.00689888000488281 -0.0162334442138672 0.247467041015625 0.281158447265625
0.0133991241455078 -0.0209789276123047 0.359832763671875 -0.00299072265625
0.0338077545166016 -0.0211772918701172 -0.35076904296875 0.00915527343749999
0.0194873809814453 0.0314388275146484 -0.243865966796875 -0.247589111328125
0.00913906097412109 0.0106163024902344 0.128753662109375 -0.465667724609375
-0.0199680328369141 0.00823974609375 0.6207275390625 -0.30426025390625
-0.0457954406738281 0.00570297241210938 0.70721435546875 0.41839599609375
-0.01812744140625 -0.0476493835449219 0.1474609375 0.89471435546875
0.049652099609375 -0.0319175720214844 -0.31903076171875 0.59747314453125
0.07598876953125 -0.01812744140625 0.011962890625 0.0757293701171875
0.05926513671875 -0.0333175659179688 0.4241943359375 -0.537384033203125
0.02093505859375 -0.0501480102539063 -0.0362548828124999 -0.97857666015625
-0.0241336822509766 -0.0283432006835937 -0.72015380859375 -0.4439697265625
-0.0227489471435547 0.000953674316406252 -0.60577392578125 0.3040771484375
0.00692176818847656 0.0174093246459961 -0.1661376953125 0.47503662109375
-0.00266456604003906 0.0234317779541016 0.234161376953125 0.27789306640625
0.0146694183349609 -0.0118904113769531 0.343170166015625 -0.01904296875
0.0333042144775391 -0.0211334228515625 -0.34521484375 0.01470947265625
0.0190238952636719 0.0335025787353516 -0.243743896484375 -0.245468139648437
0.00899314880371094 0.0129728317260742 0.122344970703125 -0.4619140625
-0.0197792053222656 0.0103664398193359 0.61444091796875 -0.30499267578125
-0.0437774658203125 0.00724029541015625 0.7080078125 0.4114990234375
-0.0160789489746094 -0.0466423034667969 0.15521240234375 0.89532470703125
0.0492057800292969 -0.0307731628417969 -0.32171630859375 0.60736083984375
0.0750350952148438 -0.01641845703125 -0.000801086425781241 0.0817108154296875
0.0600433349609375 -0.0315284729003906 0.421783447265625 -0.5264892578125
0.0232887268066406 -0.050018310546875 -0.0224609374999999 -0.97564697265625
-0.0228633880615234 -0.0287933349609375 -0.71258544921875 -0.4525146484375
-0.0240345001220703 0.00225639343261718 -0.61175537109375 0.299560546875
0.00489044189453125 0.0200004577636719 -0.173614501953125 0.476287841796875
-0.00272560119628906 0.0257091522216797 0.234298706054688 0.280990600585938
0.0143556594848633 -0.011962890625 0.346221923828125 -0.014251708984375
0.0327396392822266 -0.022308349609375 -0.3404541015625 0.0202941894531249
0.0192356109619141 0.03204345703125 -0.240951538085938 -0.24444580078125
0.00913333892822266 0.0124988555908203 0.120361328125 -0.458404541015625
-0.0163230895996094 0.0103549957275391 0.61309814453125 -0.30206298828125
-0.0403709411621094 0.0101737976074219 0.710205078125 0.41485595703125
-0.0143661499023438 -0.0418281555175781 0.1539306640625 0.90093994140625
0.0458755493164063 -0.0256576538085938 -0.32684326171875 0.615234375
0.0689620971679688 -0.0138702392578125 -0.00990295410156249 0.0858917236328125
0.0580902099609375 -0.0266304016113281 0.41986083984375 -0.52105712890625
0.0251502990722656 -0.0451583862304687 -0.0216674804687499 -0.974853515625
-0.0192699432373047 -0.0253620147705078 -0.7137451171875 -0.453125
-0.0207500457763672 0.00342559814453125 -0.61541748046875 0.30035400390625
0.00512123107910156 0.0193805694580078 -0.175018310546875 0.478912353515625
-0.002227783203125 0.0242137908935547 0.235931396484375 0.281890869140625
0.0148735046386719 -0.0119686126708984 0.34857177734375 -0.008880615234375
0.0323429107666016 -0.0249004364013672 -0.33758544921875 0.024749755859375
0.0199165344238281 0.0275936126708984 -0.237533569335938 -0.244949340820312
0.00938606262207031 0.00775241851806641 0.122955322265625 -0.45654296875
-0.0114984512329102 0.0108871459960938 0.61822509765625 -0.29388427734375
-0.0338363647460938 0.0144767761230469 0.70562744140625 0.42266845703125
-0.0121288299560547 -0.0347652435302734 0.144775390625 0.9078369140625
0.0414009094238281 -0.0193290710449219 -0.3370361328125 0.6181640625
0.0588607788085938 -0.0108184814453125 -0.0144500732421875 0.08782958984375
0.0520706176757813 -0.0211448669433594 0.410369873046875 -0.5213623046875
0.0265083312988281 -0.037353515625 -0.03265380859375 -0.97039794921875
-0.0130233764648437 -0.0193843841552734 -0.71905517578125 -0.443115234375
-0.0164041519165039 0.00403308868408203 -0.61090087890625 0.30938720703125
0.006622314453125 0.0161914825439453 -0.1722412109375 0.4830322265625
-0.000623703002929689 0.0190563201904297 0.2408447265625 0.282440185546875
0.0141782760620117 -0.0144243240356445 0.352630615234375 -0.006500244140625
0.0322685241699219 -0.0271472930908203 -0.335357666015625 0.028228759765625
0.0212173461914063 0.0194416046142578 -0.232833862304687 -0.246078491210938
0.0108509063720703 0.00224590301513672 0.12713623046875 -0.455108642578125
-0.00495052337646484 0.0112800598144531 0.6202392578125 -0.2894287109375
-0.0263462066650391 0.0206890106201172 0.699462890625 0.4315185546875
-0.0111808776855469 -0.0250949859619141 0.13311767578125 0.91424560546875
0.0341815948486328 -0.01177978515625 -0.34405517578125 0.619384765625
0.0481109619140625 -0.007568359375 -0.0167160034179688 0.0889892578125
0.0447196960449219 -0.0137672424316406 0.407470703125 -0.51995849609375
0.0275211334228516 -0.0277862548828125 -0.0422363281250001 -0.96612548828125
-0.00492954254150391 -0.0125398635864258 -0.72271728515625 -0.4332275390625
-0.0100021362304688 0.00451087951660156 -0.60894775390625 0.31683349609375
0.0105009078979492 0.010955810546875 -0.16876220703125 0.48480224609375
0.000792503356933594 0.0107660293579102 0.2447509765625 0.281402587890625
0.0143013000488281 -0.0158510208129883 0.356781005859375 -0.00457763671875
0.0313167572021484 -0.0302791595458984 -0.335784912109375 0.0303955078124999
0.0224781036376953 0.0106258392333984 -0.230728149414063 -0.247222900390625
0.0131044387817383 -0.00524139404296875 0.129058837890625 -0.4554443359375
0.00286483764648438 0.0122957229614258 0.625 -0.28570556640625
-0.0182323455810547 0.0277481079101563 0.69622802734375 0.43682861328125
-0.00982284545898438 -0.0164690017700195 0.12237548828125 0.91619873046875
0.0259532928466797 -0.00441741943359375 -0.3524169921875 0.6180419921875
0.0366897583007813 -0.00432968139648438 -0.01568603515625 0.0892333984375
0.0355644226074219 -0.00737380981445313 0.405548095703125 -0.5205078125
0.0275936126708984 -0.0183334350585938 -0.051025390625 -0.961181640625
0.00313234329223633 -0.00453281402587891 -0.72833251953125 -0.42376708984375
-0.00285577774047852 0.00424718856811523 -0.6072998046875 0.3209228515625
0.0141277313232422 0.00442123413085938 -0.163482666015625 0.487548828125
0.00420117378234863 0.00160479545593262 0.248870849609375 0.28131103515625
0.0136432647705078 -0.0185012817382813 0.36029052734375 -0.003448486328125
0.0289955139160156 -0.0316371917724609 -0.3375244140625 0.0299072265625
0.0249671936035156 0.00109291076660156 -0.229843139648438 -0.24969482421875
0.0160541534423828 -0.0132484436035156 0.13458251953125 -0.4560546875
0.00924777984619141 0.0118169784545898 0.6273193359375 -0.2840576171875
-0.0117511749267578 0.0334968566894531 0.69305419921875 0.4442138671875
-0.00960445404052735 -0.00669193267822266 0.11077880859375 0.9185791015625
0.0177402496337891 0.00333404541015625 -0.3546142578125 0.613037109375
0.0252265930175781 -0.00183868408203125 -0.0102767944335938 0.0866775512695313
0.0274467468261719 -0.000629425048828125 0.40374755859375 -0.524932861328125
0.0273933410644531 -0.00831222534179688 -0.0606689453125001 -0.957275390625
0.0109386444091797 0.00176906585693359 -0.73504638671875 -0.41375732421875
0.00459146499633789 0.00295925140380859 -0.6024169921875 0.32708740234375
0.0179119110107422 -0.00324058532714844 -0.1563720703125 0.48858642578125
0.00612926483154297 -0.00728702545166016 0.252609252929688 0.279937744140625
0.0133438110351563 -0.0198326110839844 0.362518310546875 -0.005157470703125
0.0286788940429687 -0.0326175689697266 -0.341552734375 0.026885986328125
0.0266685485839844 -0.00659751892089844 -0.228179931640625 -0.25115966796875
0.0187149047851563 -0.0196628570556641 0.1405029296875 -0.459381103515625
0.0154829025268555 0.0106039047241211 0.63201904296875 -0.281005859375
-0.00727462768554688 0.03900146484375 0.68792724609375 0.4508056640625
-0.0102033615112305 0.00132369995117188 0.10040283203125 0.91815185546875
0.0119504928588867 0.00893306732177734 -0.355224609375 0.6063232421875
0.0165643692016602 0.000364303588867188 -0.00245666503906249 0.0831298828125
0.0205039978027344 0.00434684753417969 0.401397705078125 -0.5284423828125
0.0264396667480469 1.1444091796875E-05 -0.0731201171874999 -0.9560546875
0.0164384841918945 0.00736522674560547 -0.739501953125 -0.40533447265625
0.0103368759155273 0.00149440765380859 -0.59716796875 0.3302001953125
0.0210208892822266 -0.00970840454101563 -0.149932861328125 0.48590087890625
0.00747013092041016 -0.0155553817749023 0.253494262695313 0.278045654296875
0.0133037567138672 -0.0211219787597656 0.36212158203125 -0.008026123046875
0.0329494476318359 -0.0225925445556641 -0.352142333984375 0.0146484375
0.0209159851074219 0.0312671661376953 -0.24774169921875 -0.244049072265625
0.00884437561035156 0.010563850402832 0.122406005859375 -0.469879150390625
-0.0200843811035156 0.00864410400390625 0.6185302734375 -0.31396484375
-0.0447006225585938 0.00617980957031249 0.71429443359375 0.41033935546875
-0.0167961120605469 -0.0474624633789063 0.158447265625 0.89666748046875
0.0490760803222656 -0.0328025817871094 -0.31231689453125 0.6046142578125
0.0746841430664063 -0.0190811157226563 0.0130996704101563 0.0759506225585938
0.0587539672851563 -0.0350303649902344 0.41851806640625 -0.5443115234375
0.0205192565917969 -0.0511398315429687 -0.04852294921875 -0.9818115234375
-0.0242500305175781 -0.0280666351318359 -0.72833251953125 -0.43572998046875
-0.0234928131103516 0.00104331970214844 -0.603759765625 0.31201171875
0.00790882110595703 0.0169973373413086 -0.159149169921875 0.478759765625
-0.00165176391601562 0.0237846374511719 0.240158081054688 0.275009155273438
0.0130167007446289 -0.0125465393066406 0.34417724609375 -0.024261474609375
0.0332717895507813 -0.0222625732421875 -0.346893310546875 0.0195617675781249
0.0206489562988281 0.032684326171875 -0.247161865234375 -0.241287231445313
0.00912666320800781 0.0129604339599609 0.1151123046875 -0.46490478515625
-0.0198307037353516 0.00998687744140625 0.61236572265625 -0.31427001953125
-0.0439949035644531 0.00714111328125 0.71502685546875 0.4031982421875
-0.0161094665527344 -0.0466041564941406 0.16741943359375 0.89666748046875
0.0490646362304687 -0.0315628051757813 -0.315185546875 0.6141357421875
0.0740585327148438 -0.0175399780273438 0.000656127929687498 0.0823287963867187
0.0601654052734375 -0.032440185546875 0.417205810546875 -0.5343017578125
0.0232315063476563 -0.0507469177246094 -0.0369873046874999 -0.97900390625
-0.023345947265625 -0.0288219451904297 -0.7208251953125 -0.444091796875
-0.02410888671875 0.00243949890136719 -0.610107421875 0.30902099609375
0.00525474548339844 0.0197734832763672 -0.167144775390625 0.47967529296875
-0.00206375122070312 0.0258769989013672 0.239028930664063 0.27734375
0.0139532089233398 -0.0130405426025391 0.34808349609375 -0.019561767578125
0.0325641632080078 -0.0239028930664063 -0.340728759765625 0.0251464843749999
0.0208091735839844 0.0314464569091797 -0.245513916015625 -0.239883422851563
0.00864219665527344 0.0128049850463867 0.114044189453125 -0.4608154296875
-0.0165300369262695 0.0109806060791016 0.61138916015625 -0.3116455078125
-0.03948974609375 0.0107650756835937 0.7171630859375 0.40460205078125
-0.0143699645996094 -0.0420417785644531 0.16717529296875 0.9005126953125
0.0461387634277344 -0.0268974304199219 -0.31982421875 0.62115478515625
0.06732177734375 -0.0144729614257813 -0.00858306884765624 0.0866241455078125
0.0575447082519531 -0.02801513671875 0.41217041015625 -0.527099609375
0.024749755859375 -0.0456352233886719 -0.03509521484375 -0.97576904296875
-0.0198154449462891 -0.0252475738525391 -0.7227783203125 -0.4454345703125
-0.0215549468994141 0.00331878662109375 -0.61309814453125 0.308837890625
0.00597763061523437 0.0198154449462891 -0.169586181640625 0.483612060546875
-0.00119972229003907 0.0235214233398438 0.2413330078125 0.27838134765625
0.0138654708862305 -0.0131969451904297 0.349822998046875 -0.013885498046875
0.0325946807861328 -0.0263118743896484 -0.338165283203125 0.03125
0.0213756561279297 0.0270290374755859 -0.240707397460937 -0.241912841796875
0.00970172882080078 0.00856113433837891 0.1171875 -0.45855712890625
-0.0119380950927734 0.0117301940917969 0.61566162109375 -0.30450439453125
-0.0327625274658203 0.0147037506103516 0.71270751953125 0.41424560546875
-0.0114994049072266 -0.0346088409423828 0.1551513671875 0.9100341796875
0.041107177734375 -0.0200614929199219 -0.33111572265625 0.623046875
0.0584526062011719 -0.0111465454101563 -0.0127639770507812 0.0881500244140625
0.0515556335449219 -0.0222396850585938 0.406982421875 -0.527008056640625
0.0263481140136719 -0.0373954772949219 -0.04412841796875 -0.97149658203125
-0.0139522552490234 -0.0196914672851563 -0.72698974609375 -0.4354248046875
-0.0170230865478516 0.00469875335693359 -0.60894775390625 0.31884765625
0.00754070281982422 0.0160369873046875 -0.165557861328125 0.488433837890625
-0.000131607055664062 0.0192527770996094 0.245330810546875 0.278289794921875
0.013859748840332 -0.0147123336791992 0.354278564453125 -0.010711669921875
0.0312480926513672 -0.0284137725830078 -0.33538818359375 0.033416748046875
0.0227203369140625 0.0186214447021484 -0.2371826171875 -0.2423095703125
0.0110435485839844 0.00251102447509766 0.120758056640625 -0.45806884765625
-0.00490474700927734 0.0117626190185547 0.61981201171875 -0.29913330078125
-0.025238037109375 0.0211448669433594 0.7088623046875 0.4244384765625
-0.01007080078125 -0.0258636474609375 0.1436767578125 0.91632080078125
0.0339603424072266 -0.0130577087402344 -0.33831787109375 0.62493896484375
0.0472564697265625 -0.00809478759765625 -0.0156936645507813 0.0896377563476563
0.0439949035644531 -0.0150337219238281 0.402679443359375 -0.5277099609375
0.0274009704589844 -0.0286178588867188 -0.053955078125 -0.9686279296875
-0.00525951385498047 -0.0122041702270508 -0.73040771484375 -0.42547607421875
-0.0100975036621094 0.00455284118652344 -0.60797119140625 0.3253173828125
0.0107040405273438 0.010401725769043 -0.162994384765625 0.490203857421875
0.00223159790039063 0.0112504959106445 0.250015258789063 0.278350830078125
0.0131435394287109 -0.0162811279296875 0.358184814453125 -0.009185791015625
0.0303840637207031 -0.0312881469726563 -0.33642578125 0.036163330078125
0.0234088897705078 0.0100975036621094 -0.2353515625 -0.243743896484375
0.0129880905151367 -0.00547695159912109 0.123992919921875 -0.458251953125
0.002166748046875 0.0115699768066406 0.62200927734375 -0.29534912109375
-0.0173625946044922 0.0275039672851563 0.70452880859375 0.43023681640625
-0.00913715362548828 -0.0161876678466797 0.13330078125 0.91802978515625
0.0256481170654297 -0.00489616394042969 -0.34356689453125 0.62384033203125
0.0355987548828125 -0.00545883178710938 -0.0145111083984375 0.0888748168945313
0.0351905822753906 -0.00769805908203125 0.39910888671875 -0.526336669921875
0.0279121398925781 -0.0178108215332031 -0.0640258789062499 -0.96405029296875
0.0034332275390625 -0.00562763214111328 -0.7359619140625 -0.41644287109375
-0.00220060348510742 0.00409412384033203 -0.605224609375 0.33123779296875
0.0141286849975586 0.00409793853759766 -0.156219482421875 0.490936279296875
0.00396561622619629 0.00168728828430176 0.25469970703125 0.278640747070313
0.0130767822265625 -0.0188846588134766 0.361907958984375 -0.008758544921875
0.0290374755859375 -0.0330009460449219 -0.33843994140625 0.03533935546875
0.0265750885009766 0.000848770141601562 -0.233505249023438 -0.245864868164063
0.0156621932983398 -0.013331413269043 0.130279541015625 -0.459136962890625
0.0100946426391602 0.0111808776855469 0.6248779296875 -0.2928466796875
-0.0106945037841797 0.0339546203613281 0.7005615234375 0.43780517578125
-0.00865316390991211 -0.00627517700195313 0.1214599609375 0.92059326171875
0.0183486938476563 0.00214767456054688 -0.347900390625 0.61962890625
0.0247535705566406 -0.00194358825683594 -0.0093994140625 0.08758544921875
0.02764892578125 -0.001312255859375 0.397918701171875 -0.531585693359375
0.0273933410644531 -0.00841140747070313 -0.07476806640625 -0.9583740234375
0.0111541748046875 0.00117778778076172 -0.74072265625 -0.405517578125
0.00488519668579102 0.00340604782104492 -0.60107421875 0.3367919921875
0.0183086395263672 -0.00352668762207031 -0.14947509765625 0.490386962890625
0.00550174713134766 -0.00745534896850586 0.258346557617188 0.276580810546875
0.0125484466552734 -0.0208148956298828 0.364410400390625 -0.010162353515625
0.0280990600585938 -0.0338935852050781 -0.342132568359375 0.032012939453125
0.0269737243652344 -0.00680160522460938 -0.23248291015625 -0.248809814453125
0.0185813903808594 -0.0197658538818359 0.134613037109375 -0.46246337890625
0.0156450271606445 0.0106925964355469 0.6292724609375 -0.29132080078125
-0.0054473876953125 0.0380287170410156 0.6959228515625 0.442626953125
-0.00916862487792969 0.00153446197509766 0.112548828125 0.92059326171875
0.0114822387695312 0.00831317901611328 -0.34844970703125 0.61358642578125
0.0158605575561523 -0.00025177001953125 -0.00128936767578124 0.0843353271484375
0.0198745727539063 0.00385284423828125 0.396697998046875 -0.53680419921875
0.0269889831542969 -0.000646591186523438 -0.0841674804687499 -0.95904541015625
0.0168952941894531 0.0065765380859375 -0.746826171875 -0.3978271484375
0.0103445053100586 0.00111865997314453 -0.594970703125 0.3388671875
0.0207977294921875 -0.0101757049560547 -0.143402099609375 0.489990234375
0.00755691528320313 -0.0157899856567383 0.2587890625 0.2750244140625
0.0123119354248047 -0.0222187042236328 0.363677978515625 -0.013916015625
0.0323009490966797 -0.024017333984375 -0.3529052734375 0.0205383300781251
0.0223941802978516 0.0301361083984375 -0.250946044921875 -0.23974609375
0.00897407531738281 0.0107355117797852 0.115478515625 -0.47119140625
-0.0202598571777344 0.00867462158203125 0.61395263671875 -0.32318115234375
-0.0440139770507812 0.00656890869140624 0.72137451171875 0.40106201171875
-0.0165863037109375 -0.0477867126464844 0.168701171875 0.89581298828125
0.0487785339355469 -0.0337486267089844 -0.30487060546875 0.60858154296875
0.0745010375976563 -0.0197067260742188 0.0146484375 0.075408935546875
0.058319091796875 -0.036407470703125 0.41131591796875 -0.54852294921875
0.0198173522949219 -0.0508918762207031 -0.0627441406249999 -0.9815673828125
-0.0251197814941406 -0.0280532836914062 -0.73516845703125 -0.426513671875
-0.0228939056396484 0.00157737731933593 -0.601318359375 0.32110595703125
0.00737380981445313 0.017059326171875 -0.152801513671875 0.482086181640625
-0.000705718994140623 0.0241565704345703 0.245635986328125 0.27081298828125
0.0128965377807617 -0.0128841400146484 0.3450927734375 -0.03045654296875
0.0329456329345703 -0.0239181518554688 -0.346282958984375 0.024932861328125
0.0220947265625 0.0332813262939453 -0.251251220703125 -0.236648559570313
0.00916481018066406 0.013153076171875 0.107421875 -0.466522216796875
-0.0201911926269531 0.0104866027832031 0.609130859375 -0.3233642578125
-0.0426216125488281 0.00751876831054687 0.72161865234375 0.3927001953125
-0.0154953002929687 -0.0466270446777344 0.1781005859375 0.8946533203125
0.0489578247070313 -0.0333518981933594 -0.30694580078125 0.61749267578125
0.0725784301757813 -0.0189208984375 0.00173187255859375 0.0823287963867188
0.0593032836914062 -0.0346908569335938 0.410369873046875 -0.539947509765625
0.0219917297363281 -0.0508308410644531 -0.0498046875 -0.9786376953125
-0.0241413116455078 -0.0284347534179687 -0.72808837890625 -0.43408203125
-0.024139404296875 0.00236320495605468 -0.60565185546875 0.316162109375
0.00624275207519531 0.0193977355957031 -0.1600341796875 0.48358154296875
-0.000976562500000003 0.0258998870849609 0.2445068359375 0.273330688476563
0.0129213333129883 -0.0138311386108398 0.34759521484375 -0.025146484375
0.0322685241699219 -0.0249004364013672 -0.34088134765625 0.0307617187499999
0.0224819183349609 0.0305595397949219 -0.24871826171875 -0.235198974609375
0.00939750671386719 0.0127038955688477 0.107879638671875 -0.463104248046875
-0.0171966552734375 0.0111770629882812 0.6075439453125 -0.3218994140625
-0.0382499694824219 0.0113639831542969 0.72357177734375 0.39532470703125
-0.0135154724121094 -0.041351318359375 0.17919921875 0.9019775390625
0.0457191467285156 -0.0278358459472656 -0.3125 0.62548828125
0.0664787292480469 -0.0153045654296875 -0.0076904296875 0.0865097045898438
0.0564804077148438 -0.0288619995117188 0.405975341796875 -0.533782958984375
0.0245475769042969 -0.0450019836425781 -0.0488281250000001 -0.97662353515625
-0.0196266174316406 -0.025299072265625 -0.7291259765625 -0.43670654296875
-0.0225963592529297 0.00387382507324218 -0.6083984375 0.31903076171875
0.00613975524902344 0.0184535980224609 -0.16265869140625 0.486480712890625
-0.000782012939453125 0.0243206024169922 0.246246337890625 0.274826049804688
0.0130453109741211 -0.0138645172119141 0.350311279296875 -0.019927978515625
0.0319576263427734 -0.0277957916259766 -0.33758544921875 0.03631591796875
0.0231971740722656 0.0264892578125 -0.244461059570313 -0.236495971679688
0.00990867614746094 0.00847721099853516 0.110992431640625 -0.46026611328125
-0.0115804672241211 0.0114545822143555 0.61163330078125 -0.31304931640625
-0.0323810577392578 0.015289306640625 0.7191162109375 0.40582275390625
-0.0110874176025391 -0.0350131988525391 0.16741943359375 0.90972900390625
0.0405807495117188 -0.0211067199707031 -0.32208251953125 0.627685546875
0.0573844909667969 -0.0120429992675781 -0.0121841430664062 0.08892822265625
0.0506629943847656 -0.0234107971191406 0.398590087890625 -0.532806396484375
0.0264434814453125 -0.0382308959960937 -0.0567016601562501 -0.9716796875
-0.0134849548339844 -0.0194263458251953 -0.73297119140625 -0.4271240234375
-0.0169200897216797 0.0045938491821289 -0.60577392578125 0.32861328125
0.00855922698974609 0.0161542892456055 -0.159576416015625 0.489959716796875
0.000827789306640627 0.0188026428222656 0.251388549804688 0.274932861328125
0.0129299163818359 -0.0153179168701172 0.355072021484375 -0.016632080078125
0.0308895111083984 -0.0298748016357422 -0.334991455078125 0.0391845703125
0.0241909027099609 0.0185966491699219 -0.240814208984375 -0.237930297851563
0.0111427307128906 0.00213527679443359 0.115081787109375 -0.459564208984375
-0.00487518310546875 0.0125532150268555 0.6156005859375 -0.309814453125
-0.0244808197021484 0.0212650299072266 0.71630859375 0.41424560546875
-0.0094146728515625 -0.0262088775634766 0.154541015625 0.91650390625
0.0337963104248047 -0.0135402679443359 -0.33026123046875 0.630615234375
0.0462493896484375 -0.0088043212890625 -0.0142135620117187 0.0898818969726563
0.0432853698730469 -0.0159339904785156 0.3948974609375 -0.53167724609375
0.0271377563476563 -0.0289192199707031 -0.0672607421874999 -0.96923828125
-0.00584888458251953 -0.0125026702880859 -0.73846435546875 -0.4178466796875
-0.0100421905517578 0.00503063201904297 -0.60382080078125 0.3336181640625
0.0108041763305664 0.010930061340332 -0.155792236328125 0.493011474609375
0.00255584716796875 0.0107765197753906 0.254974365234375 0.274215698242188
0.0134716033935547 -0.0174560546875 0.3587646484375 -0.01458740234375
0.0296821594238281 -0.0328636169433594 -0.336822509765625 0.041168212890625
0.0247077941894531 0.00967216491699219 -0.23846435546875 -0.240005493164062
0.0131368637084961 -0.00501823425292969 0.117218017578125 -0.459716796875
0.00204563140869141 0.011286735534668 0.61956787109375 -0.30584716796875
-0.0163116455078125 0.028045654296875 0.711669921875 0.4208984375
-0.00796985626220703 -0.0155172348022461 0.14459228515625 0.91839599609375
0.0257415771484375 -0.00550079345703125 -0.33740234375 0.62774658203125
0.0350341796875 -0.00580978393554688 -0.0134735107421875 0.0897674560546875
0.0352935791015625 -0.00873184204101563 0.391326904296875 -0.533782958984375
0.0275440216064453 -0.0197658538818359 -0.076416015625 -0.9647216796875
0.00353813171386719 -0.00518131256103516 -0.74322509765625 -0.40899658203125
-0.00252199172973633 0.00419116020202637 -0.60076904296875 0.3389892578125
0.0147504806518555 0.00328159332275391 -0.15045166015625 0.494659423828125
0.00432920455932617 0.00224995613098145 0.259490966796875 0.273284912109375
0.0120658874511719 -0.019317626953125 0.363128662109375 -0.0152587890625
0.0280895233154297 -0.0348434448242188 -0.337646484375 0.040771484375
0.0269565582275391 -7.62939453125E-06 -0.2371826171875 -0.24139404296875
0.0148792266845703 -0.0134820938110352 0.12274169921875 -0.460418701171875
0.00930118560791016 0.0110883712768555 0.6214599609375 -0.304443359375
-0.00949478149414062 0.0336341857910156 0.70758056640625 0.42584228515625
-0.00812101364135742 -0.00629997253417969 0.13433837890625 0.9202880859375
0.0179462432861328 0.0013275146484375 -0.3419189453125 0.6226806640625
0.0241031646728516 -0.00271034240722656 -0.00781249999999999 0.087738037109375
0.0269927978515625 -0.00205230712890625 0.391937255859375 -0.53668212890625
0.0270519256591797 -0.00894737243652344 -0.0876464843749999 -0.95977783203125
0.0109291076660156 0.00112056732177734 -0.74755859375 -0.39813232421875
0.00438475608825684 0.00298690795898437 -0.59576416015625 0.34515380859375
0.0182838439941406 -0.00356674194335938 -0.14361572265625 0.49542236328125
0.00686264038085938 -0.00795173645019531 0.262741088867188 0.27197265625
0.0120563507080078 -0.0213394165039063 0.364532470703125 -0.01702880859375
0.0278892517089844 -0.0353240966796875 -0.34197998046875 0.0383300781250001
0.0286045074462891 -0.00775146484375 -0.236480712890625 -0.24395751953125
0.01806640625 -0.0204658508300781 0.126983642578125 -0.465118408203125
0.0156126022338867 0.0106668472290039 0.62579345703125 -0.3009033203125
-0.0044403076171875 0.0384635925292969 0.7022705078125 0.43353271484375
-0.00796127319335938 0.000806808471679688 0.12493896484375 0.92041015625
0.0113058090209961 0.00710487365722656 -0.3408203125 0.61834716796875
0.0148239135742188 -0.000659942626953125 -0.000579833984374995 0.0844955444335938
0.0196552276611328 0.00288772583007813 0.390228271484375 -0.542144775390625
0.0269927978515625 -0.00148773193359375 -0.0996704101562501 -0.958740234375
0.0168428421020508 0.00610733032226563 -0.75347900390625 -0.38787841796875
0.0101823806762695 0.00122928619384766 -0.5909423828125 0.34747314453125
0.0216751098632813 -0.0105113983154297 -0.136322021484375 0.49188232421875
0.00819873809814453 -0.0159034729003906 0.2635498046875 0.269912719726563
0.0118560791015625 -0.0226821899414063 0.364410400390625 -0.019744873046875
0.0318794250488281 -0.0251255035400391 -0.352264404296875 0.0256652832031251
0.0241603851318359 0.0309066772460937 -0.253738403320313 -0.235015869140625
0.00949573516845703 0.0112981796264648 0.108673095703125 -0.47210693359375
-0.0203437805175781 0.00899887084960938 0.61138916015625 -0.3309326171875
-0.0426826477050781 0.00670242309570312 0.72760009765625 0.39105224609375
-0.0163955688476563 -0.0476188659667969 0.17974853515625 0.89459228515625
0.0482406616210938 -0.0343437194824219 -0.29876708984375 0.611328125
0.0727081298828125 -0.0207595825195313 0.0155181884765625 0.0757064819335938
0.0571174621582031 -0.0371742248535156 0.404632568359375 -0.5545654296875
0.0195465087890625 -0.0518150329589844 -0.0748291015625001 -0.980224609375
-0.0256080627441406 -0.0270175933837891 -0.73931884765625 -0.4183349609375
-0.0234832763671875 0.00158500671386719 -0.5966796875 0.3292236328125
0.00867557525634766 0.0171566009521484 -0.146148681640625 0.48583984375
-1.14440917968738E-05 0.0244121551513672 0.24920654296875 0.266357421875
0.0124664306640625 -0.0132589340209961 0.3446044921875 -0.035858154296875
0.0323276519775391 -0.0257511138916016 -0.34625244140625 0.030517578125
0.0242271423339844 0.0322971343994141 -0.25372314453125 -0.2330322265625
0.00866794586181641 0.0133304595947266 0.10247802734375 -0.46728515625
-0.0200481414794922 0.0111579895019531 0.60504150390625 -0.33251953125
-0.0415115356445313 0.00859069824218749 0.728759765625 0.3818359375
-0.0146331787109375 -0.0467987060546875 0.1900634765625 0.893310546875
0.0476951599121094 -0.0338020324707031 -0.29888916015625 0.62103271484375
0.0721282958984375 -0.0193557739257813 0.00290679931640625 0.0823211669921875
0.0583457946777344 -0.0350685119628906 0.402557373046875 -0.544464111328125
0.0216712951660156 -0.0516700744628906 -0.06341552734375 -0.97894287109375
-0.0245304107666016 -0.0281085968017578 -0.73504638671875 -0.42596435546875
-0.0249099731445313 0.0028533935546875 -0.60150146484375 0.3248291015625
0.00706100463867188 0.0188980102539063 -0.15496826171875 0.4869384765625
-0.000175476074218752 0.0261802673339844 0.249404907226562 0.268508911132813
0.0127468109130859 -0.0138263702392578 0.347747802734375 -0.03057861328125
0.0316200256347656 -0.0264568328857422 -0.340606689453125 0.0364990234375
0.0234336853027344 0.0300807952880859 -0.251129150390625 -0.231521606445313
0.00967025756835938 0.0122861862182617 0.101104736328125 -0.464111328125
-0.0172405242919922 0.0116567611694336 0.60345458984375 -0.33056640625
-0.037506103515625 0.0106849670410156 0.7315673828125 0.3865966796875
-0.0127296447753906 -0.0415267944335938 0.1890869140625 0.8988037109375
0.0447120666503906 -0.0289115905761719 -0.304931640625 0.63037109375
0.0654945373535156 -0.0164337158203125 -0.00592803955078124 0.0870285034179688
0.0553779602050781 -0.0303993225097656 0.399169921875 -0.537567138671875
0.0239067077636719 -0.046630859375 -0.0602416992187501 -0.97509765625
-0.0204944610595703 -0.0250415802001953 -0.73480224609375 -0.42913818359375
-0.0218791961669922 0.00390625 -0.60369873046875 0.32745361328125
0.00702476501464844 0.0189666748046875 -0.155548095703125 0.490142822265625
0.00041007995605469 0.0237026214599609 0.250137329101563 0.269989013671875
0.0130205154418945 -0.0144805908203125 0.3514404296875 -0.024993896484375
0.0314712524414063 -0.0292148590087891 -0.337127685546875 0.04119873046875
0.0237026214599609 0.0258522033691406 -0.246734619140625 -0.232147216796875
0.00974655151367188 0.00878524780273438 0.1043701171875 -0.461181640625
-0.0124473571777344 0.0125751495361328 0.6080322265625 -0.32275390625
-0.0312538146972656 0.0157108306884766 0.725341796875 0.394775390625
-0.0101585388183594 -0.0345458984375 0.17791748046875 0.9071044921875
0.0403289794921875 -0.0216255187988281 -0.31494140625 0.63287353515625
0.0570259094238281 -0.0129814147949219 -0.0110092163085938 0.0884475708007812
0.0500068664550781 -0.0232696533203125 0.3946533203125 -0.5382080078125
0.0254440307617188 -0.0386810302734375 -0.07012939453125 -0.97149658203125
-0.013397216796875 -0.0192127227783203 -0.7392578125 -0.41741943359375
-0.0169343948364258 0.00490283966064453 -0.6009521484375 0.335693359375
0.00874805450439453 0.015345573425293 -0.151763916015625 0.493255615234375
0.00158309936523437 0.0189533233642578 0.254959106445313 0.269622802734375
0.0129776000976563 -0.0163259506225586 0.355743408203125 -0.022064208984375
0.0301513671875 -0.0315876007080078 -0.334381103515625 0.0441589355468749
0.0252227783203125 0.0178318023681641 -0.243453979492188 -0.233047485351562
0.0111017227172852 0.00268936157226563 0.10882568359375 -0.460235595703125
-0.00519466400146484 0.0119132995605469 0.6116943359375 -0.3175048828125
-0.0231246948242187 0.0211238861083984 0.72137451171875 0.40374755859375
-0.00854110717773438 -0.0258464813232422 0.166259765625 0.91497802734375
0.0336170196533203 -0.0145549774169922 -0.32373046875 0.63336181640625
0.0458717346191406 -0.009368896484375 -0.0131301879882812 0.0900497436523438
0.0431327819824219 -0.0171279907226563 0.3892822265625 -0.53662109375
0.0270595550537109 -0.0294361114501953 -0.0787353515625 -0.96923828125
-0.00538158416748047 -0.0126714706420898 -0.74261474609375 -0.407958984375
-0.0100479125976563 0.00487899780273437 -0.59893798828125 0.34271240234375
0.0116539001464844 0.00984382629394531 -0.1484375 0.49713134765625
0.00340557098388672 0.0107431411743164 0.259765625 0.269866943359375
0.0123786926269531 -0.0177497863769531 0.35980224609375 -0.02020263671875
0.0288639068603516 -0.0344047546386719 -0.335693359375 0.046630859375
0.0265293121337891 0.00832176208496094 -0.2413330078125 -0.235076904296875
0.0125160217285156 -0.00551986694335938 0.111083984375 -0.4613037109375
0.00212955474853516 0.0116739273071289 0.615478515625 -0.31427001953125
-0.0151596069335937 0.0276393890380859 0.71551513671875 0.408447265625
-0.00694179534912109 -0.0165729522705078 0.15679931640625 0.91796875
0.0256767272949219 -0.00658226013183594 -0.328857421875 0.63238525390625
0.0336532592773438 -0.00620079040527344 -0.0124130249023438 0.0899505615234375
0.0349922180175781 -0.0099029541015625 0.3856201171875 -0.5372314453125
0.0275783538818359 -0.0195941925048828 -0.08966064453125 -0.96185302734375
0.00321483612060547 -0.00575160980224609 -0.74884033203125 -0.39837646484375
-0.00234079360961914 0.00454425811767578 -0.596435546875 0.34765625
0.0152587890625 0.00303745269775391 -0.143218994140625 0.496429443359375
0.00520038604736328 0.00104570388793945 0.263992309570313 0.26898193359375
0.0116138458251953 -0.02056884765625 0.362640380859375 -0.019500732421875
0.0275611877441406 -0.0361175537109375 -0.33795166015625 0.047332763671875
0.0275955200195312 -0.000152587890625 -0.240386962890625 -0.237899780273437
0.0148820877075195 -0.0135688781738281 0.1141357421875 -0.46295166015625
0.00939083099365234 0.0111370086669922 0.619384765625 -0.3118896484375
-0.00760650634765625 0.0328788757324219 0.7132568359375 0.416748046875
-0.00685834884643555 -0.00653791427612305 0.1458740234375 0.92071533203125
0.0175447463989258 0.00134849548339844 -0.33148193359375 0.6285400390625
0.0229282379150391 -0.00307655334472656 -0.006561279296875 0.0873794555664063
0.0264739990234375 -0.00222015380859375 0.3824462890625 -0.541015625
0.0279598236083984 -0.00993919372558594 -0.09912109375 -0.95733642578125
0.0115623474121094 0.000835418701171875 -0.752197265625 -0.38818359375
0.00435066223144531 0.00296401977539063 -0.59185791015625 0.35418701171875
0.0184764862060547 -0.00445556640625 -0.136260986328125 0.4970703125
0.00679874420166016 -0.00817728042602539 0.267013549804688 0.266616821289063
0.011199951171875 -0.0218772888183594 0.364471435546875 -0.021728515625
0.0268058776855469 -0.0365028381347656 -0.341766357421875 0.04376220703125
0.0294876098632812 -0.00860023498535156 -0.238876342773438 -0.238632202148438
0.0174617767333984 -0.020416259765625 0.122283935546875 -0.466827392578125
0.0150384902954102 0.0101299285888672 0.62213134765625 -0.310302734375
-0.00300979614257813 0.0378036499023438 0.70892333984375 0.423095703125
-0.00652408599853516 0.000735282897949218 0.13458251953125 0.9207763671875
0.010563850402832 0.00705337524414063 -0.3333740234375 0.62255859375
0.014033317565918 -0.000285148620605469 0.00112152099609375 0.0844268798828125
0.0196762084960938 0.00310325622558594 0.383209228515625 -0.545196533203125
0.0270481109619141 -0.00244522094726563 -0.11077880859375 -0.9559326171875
0.0168466567993164 0.00543498992919922 -0.758544921875 -0.37908935546875
0.0103073120117187 0.000754356384277344 -0.58709716796875 0.35601806640625
0.0217838287353516 -0.0114707946777344 -0.12939453125 0.4932861328125
0.00801277160644531 -0.0167436599731445 0.26849365234375 0.265350341796875
0.0110721588134766 -0.0230484008789063 0.36444091796875 -0.025238037109375
0.0313777923583984 -0.0269870758056641 -0.350921630859375 0.0313110351562499
0.0253143310546875 0.0289726257324219 -0.256393432617188 -0.230621337890625
0.00973892211914063 0.0109548568725586 0.101837158203125 -0.47296142578125
-0.0208053588867188 0.00987625122070312 0.60516357421875 -0.33929443359375
-0.041778564453125 0.00715255737304688 0.73095703125 0.380615234375
-0.0154647827148437 -0.0475044250488281 0.190185546875 0.89019775390625
0.047332763671875 -0.0359725952148438 -0.28924560546875 0.61444091796875
0.0717086791992187 -0.0214920043945312 0.0162277221679688 0.0750198364257813
0.0558204650878906 -0.0379371643066406 0.396148681640625 -0.558197021484375
0.0186691284179688 -0.0515785217285156 -0.088623046875 -0.9769287109375
-0.025360107421875 -0.0267372131347656 -0.74505615234375 -0.407958984375
-0.0232753753662109 0.00233650207519531 -0.58966064453125 0.33685302734375
0.00916957855224609 0.0161590576171875 -0.138916015625 0.48626708984375
0.00147819519042969 0.0239467620849609 0.253265380859375 0.261978149414062
0.0111207962036133 -0.014470100402832 0.3441162109375 -0.04107666015625
0.0314769744873047 -0.0272178649902344 -0.345306396484375 0.0361633300781251
0.0245723724365234 0.0306549072265625 -0.256378173828125 -0.226715087890625
0.00945186614990234 0.0132217407226563 0.09576416015625 -0.466766357421875
-0.0194206237792969 0.0114860534667969 0.59686279296875 -0.3409423828125
-0.0409049987792969 0.00852203369140626 0.73101806640625 0.37164306640625
-0.014312744140625 -0.0469436645507812 0.20013427734375 0.8896484375
0.0473251342773437 -0.0354728698730469 -0.29046630859375 0.6243896484375
0.0707931518554688 -0.0196380615234375 0.003875732421875 0.0822830200195312
0.0573921203613281 -0.035919189453125 0.394195556640625 -0.5479736328125
0.0216789245605469 -0.05181884765625 -0.0747680664062499 -0.9747314453125
-0.0246601104736328 -0.027008056640625 -0.7386474609375 -0.41583251953125
-0.0247039794921875 0.00335693359375 -0.59521484375 0.33160400390625
0.00817298889160156 0.0184383392333984 -0.146881103515625 0.4886474609375
0.0010223388671875 0.0258960723876953 0.252655029296875 0.264251708984375
0.0120582580566406 -0.0149173736572266 0.347869873046875 -0.03619384765625
0.031707763671875 -0.0281276702880859 -0.3389892578125 0.04193115234375
0.0250282287597656 0.0295486450195312 -0.253509521484375 -0.225662231445312
0.00965785980224609 0.0124483108520508 0.094970703125 -0.464324951171875
-0.0169563293457031 0.0112924575805664 0.597412109375 -0.33868408203125
-0.0369300842285156 0.0114212036132812 0.73236083984375 0.375
-0.0125923156738281 -0.0413322448730469 0.20050048828125 0.8956298828125
0.044036865234375 -0.029632568359375 -0.29376220703125 0.6336669921875
0.0642318725585938 -0.016998291015625 -0.00541687011718749 0.0878219604492188
0.054718017578125 -0.0310935974121094 0.3905029296875 -0.542724609375
0.0236549377441406 -0.0468978881835938 -0.0731811523437501 -0.9742431640625
-0.0207691192626953 -0.0247650146484375 -0.73992919921875 -0.41790771484375
-0.0222511291503906 0.00454330444335937 -0.59893798828125 0.3343505859375
0.00817680358886719 0.0178852081298828 -0.14849853515625 0.490631103515625
0.00116348266601562 0.0234947204589844 0.25469970703125 0.264846801757813
0.011958122253418 -0.0143566131591797 0.350799560546875 -0.03118896484375
0.0314292907714844 -0.0308456420898438 -0.335845947265625 0.04656982421875
0.0254287719726563 0.0248012542724609 -0.249649047851563 -0.227279663085937
0.00971412658691406 0.00835323333740234 0.09771728515625 -0.46148681640625
-0.0118827819824219 0.0121040344238281 0.602294921875 -0.3309326171875
-0.0298862457275391 0.0150356292724609 0.72857666015625 0.38433837890625
-0.00969314575195313 -0.0351905822753906 0.18902587890625 0.90350341796875
0.0394935607910156 -0.0231895446777344 -0.306640625 0.63525390625
0.0560836791992188 -0.0133628845214844 -0.00947570800781249 0.0892410278320313
0.0492362976074219 -0.0242080688476562 0.385009765625 -0.542388916015625
0.0245475769042969 -0.0388908386230469 -0.0823974609375 -0.9671630859375
-0.0138702392578125 -0.0188503265380859 -0.7449951171875 -0.40753173828125
-0.0164384841918945 0.00571346282958985 -0.5948486328125 0.3448486328125
0.00939750671386719 0.0150279998779297 -0.145263671875 0.495025634765625
0.00214576721191406 0.0186195373535156 0.259140014648438 0.264816284179688
0.0121059417724609 -0.0164966583251953 0.35418701171875 -0.02764892578125
0.0294971466064453 -0.0328922271728516 -0.3333740234375 0.049957275390625
0.0257148742675781 0.0170116424560547 -0.246246337890625 -0.228958129882813
0.0109586715698242 0.00234031677246094 0.1015625 -0.460357666015625
-0.00536251068115235 0.0117359161376953 0.60589599609375 -0.3267822265625
-0.0220470428466797 0.0212841033935547 0.72509765625 0.39404296875
-0.007904052734375 -0.0260353088378906 0.177734375 0.91107177734375
0.032958984375 -0.0143909454345703 -0.31353759765625 0.63702392578125
0.0441322326660156 -0.009521484375 -0.0115432739257812 0.089996337890625
0.0426673889160156 -0.0173377990722656 0.380706787109375 -0.54046630859375
0.0263195037841797 -0.0295448303222656 -0.0914306640624999 -0.965576171875
-0.00532054901123047 -0.0130109786987305 -0.747802734375 -0.398193359375
-0.0103998184204102 0.00493812561035156 -0.59381103515625 0.34979248046875
0.0124664306640625 0.00988101959228516 -0.141204833984375 0.4976806640625
0.00345706939697266 0.0101604461669922 0.263031005859375 0.264450073242188
0.0105152130126953 -0.0178508758544922 0.358612060546875 -0.02581787109375
0.0280532836914063 -0.03546142578125 -0.334228515625 0.05096435546875
0.0269184112548828 0.00796699523925781 -0.24395751953125 -0.230377197265625
0.0127439498901367 -0.00555706024169922 0.103973388671875 -0.459930419921875
0.00205421447753906 0.0120677947998047 0.608642578125 -0.32293701171875
-0.0136699676513672 0.0276432037353516 0.72161865234375 0.400390625
-0.0064849853515625 -0.0164871215820313 0.168701171875 0.91552734375
0.0253639221191406 -0.00732612609863281 -0.3212890625 0.63531494140625
0.0330963134765625 -0.00637435913085938 -0.0100936889648437 0.0900650024414063
0.0338802337646484 -0.0104427337646484 0.37744140625 -0.541107177734375
0.0275382995605469 -0.0194072723388672 -0.10198974609375 -0.96087646484375
0.00308990478515625 -0.00597667694091797 -0.75238037109375 -0.3887939453125
-0.00253677368164063 0.00448703765869141 -0.58941650390625 0.35546875
0.0155000686645508 0.00289440155029297 -0.13580322265625 0.49853515625
0.00576305389404297 0.00120258331298828 0.266616821289063 0.263778686523438
0.011260986328125 -0.0209789276123047 0.3629150390625 -0.027313232421875
0.0261726379394531 -0.0372200012207031 -0.3370361328125 0.0521240234375
0.0286388397216797 -0.00103569030761719 -0.242172241210938 -0.232635498046875
0.0146827697753906 -0.0129785537719727 0.110076904296875 -0.46234130859375
0.00957679748535156 0.0117435455322266 0.6109619140625 -0.320068359375
-0.00688934326171875 0.0329742431640625 0.716796875 0.40576171875
-0.0060577392578125 -0.00750970840454102 0.15631103515625 0.9173583984375
0.0175638198852539 0.000631332397460937 -0.32379150390625 0.63311767578125
0.0219898223876953 -0.0037078857421875 -0.00612640380859374 0.0880508422851562
0.0259742736816406 -0.00309562683105469 0.375518798828125 -0.544647216796875
0.0277347564697266 -0.0100879669189453 -0.11212158203125 -0.95550537109375
0.0115146636962891 0.000321388244628906 -0.75604248046875 -0.37750244140625
0.00515604019165039 0.00288009643554687 -0.58551025390625 0.360107421875
0.0185413360595703 -0.00488662719726562 -0.127960205078125 0.4979248046875
0.00732278823852539 -0.00824832916259766 0.270828247070313 0.26116943359375
0.0106391906738281 -0.0225238800048828 0.364105224609375 -0.02813720703125
0.0260581970214844 -0.0375938415527344 -0.340301513671875 0.0492248535156251
0.0297298431396484 -0.00884246826171875 -0.242019653320312 -0.234344482421875
0.0174140930175781 -0.0197677612304687 0.1146240234375 -0.46575927734375
0.0146684646606445 0.009918212890625 0.6165771484375 -0.31866455078125
-0.00200271606445313 0.0379180908203125 0.71466064453125 0.41094970703125
-0.00598907470703125 0.0012507438659668 0.145751953125 0.9178466796875
0.0117597579956055 0.0066680908203125 -0.32470703125 0.62530517578125
0.0128440856933594 -0.000658035278320313 0.00196838378906251 0.0846481323242188
0.0196781158447266 0.0024871826171875 0.37396240234375 -0.5496826171875
0.0270099639892578 -0.00237083435058594 -0.122802734375 -0.9541015625
0.0167131423950195 0.00548362731933594 -0.76251220703125 -0.36785888671875
0.0106477737426758 0.00100421905517578 -0.579345703125 0.363037109375
0.0220623016357422 -0.0116405487060547 -0.122039794921875 0.495330810546875
0.00797367095947266 -0.0168828964233398 0.272750854492188 0.260238647460938
0.0101604461669922 -0.0231819152832031 0.363006591796875 -0.030731201171875
0.0314235687255859 -0.0277805328369141 -0.3494873046875 0.03619384765625
0.0263042449951172 0.0284690856933594 -0.258514404296875 -0.224624633789063
0.0104875564575195 0.0109491348266602 0.0963134765625 -0.4710693359375
-0.0205821990966797 0.00949668884277344 0.598388671875 -0.3466796875
-0.0408287048339844 0.00800704956054688 0.73388671875 0.36932373046875
-0.0154304504394531 -0.0478515625 0.20111083984375 0.88665771484375
0.04620361328125 -0.0361061096191406 -0.281005859375 0.61492919921875
0.0706100463867188 -0.0222930908203125 0.0169754028320312 0.0751113891601562
0.0548973083496094 -0.0387992858886719 0.388580322265625 -0.56060791015625
0.0178375244140625 -0.0521011352539063 -0.0993652343750001 -0.97259521484375
-0.0255661010742187 -0.0265083312988281 -0.7470703125 -0.397216796875
-0.0231990814208984 0.00226974487304688 -0.5828857421875 0.3427734375
0.0102033615112305 0.0154695510864258 -0.1324462890625 0.485260009765625
0.00181198120117188 0.0234031677246094 0.25628662109375 0.255706787109375
0.0113306045532227 -0.0145492553710938 0.342529296875 -0.04510498046875
0.0304050445556641 -0.028594970703125 -0.34393310546875 0.0408935546875
0.0264339447021484 0.0302753448486328 -0.25738525390625 -0.221435546875
0.0097503662109375 0.0125808715820313 0.088714599609375 -0.46612548828125
-0.0208301544189453 0.0112152099609375 0.59246826171875 -0.34710693359375
-0.0397834777832031 0.0087738037109375 0.7342529296875 0.3612060546875
-0.0143890380859375 -0.0470542907714844 0.2099609375 0.88409423828125
0.0466537475585938 -0.0359077453613281 -0.2818603515625 0.625732421875
0.069366455078125 -0.0206375122070313 0.00496673583984375 0.0816116333007813
0.0570068359375 -0.0362625122070313 0.3856201171875 -0.5501708984375
0.0206222534179688 -0.0516433715820313 -0.0881347656250001 -0.970947265625
-0.0246772766113281 -0.0272502899169922 -0.74066162109375 -0.4058837890625
-0.0238914489746094 0.00360298156738282 -0.58819580078125 0.33905029296875
0.00874137878417969 0.018341064453125 -0.139404296875 0.487274169921875
0.001678466796875 0.0258445739746094 0.255661010742188 0.258865356445313
0.0115194320678711 -0.0146408081054687 0.346160888671875 -0.040802001953125
0.0302219390869141 -0.0292034149169922 -0.3372802734375 0.0460510253906249
0.026458740234375 0.0283851623535156 -0.255584716796875 -0.221221923828125
0.00975608825683594 0.0125017166137695 0.088958740234375 -0.462493896484375
-0.0172281265258789 0.0122013092041016 0.5904541015625 -0.345703125
-0.0357170104980469 0.0115280151367187 0.73480224609375 0.36370849609375
-0.0120468139648437 -0.0419769287109375 0.2095947265625 0.89056396484375
0.0434074401855469 -0.0306663513183594 -0.2864990234375 0.634521484375
0.0636749267578125 -0.0174980163574219 -0.0042877197265625 0.0866622924804688
0.0533676147460938 -0.0316047668457031 0.38287353515625 -0.543426513671875
0.0229835510253906 -0.0464668273925781 -0.0857543945312499 -0.9677734375
-0.0206871032714844 -0.0244674682617188 -0.74285888671875 -0.40789794921875
-0.0221405029296875 0.00471305847167969 -0.5921630859375 0.3404541015625
0.00830078125 0.0178070068359375 -0.140777587890625 0.4903564453125
0.00215339660644531 0.0231552124023437 0.2564697265625 0.259765625
0.010951042175293 -0.0152082443237305 0.349945068359375 -0.03564453125
0.0292205810546875 -0.0320110321044922 -0.33477783203125 0.051483154296875
0.0259189605712891 0.0235614776611328 -0.251907348632813 -0.22259521484375
0.010284423828125 0.00848960876464844 0.09246826171875 -0.46051025390625
-0.0125799179077148 0.0129499435424805 0.59576416015625 -0.338134765625
-0.0290393829345703 0.0155563354492188 0.7314453125 0.3726806640625
-0.00898170471191406 -0.0348854064941406 0.19842529296875 0.8980712890625
0.038909912109375 -0.0234489440917969 -0.296875 0.63702392578125
0.0546722412109375 -0.01348876953125 -0.00876617431640625 0.0887832641601563
0.0487518310546875 -0.0255546569824219 0.37652587890625 -0.5450439453125
0.0241851806640625 -0.0389862060546875 -0.0950927734375 -0.96319580078125
-0.0139884948730469 -0.0191020965576172 -0.7454833984375 -0.39886474609375
-0.0164670944213867 0.00529575347900391 -0.58734130859375 0.34832763671875
0.0106973648071289 0.0139293670654297 -0.1368408203125 0.49505615234375
0.0032806396484375 0.0182590484619141 0.2618408203125 0.259170532226563
0.0108871459960938 -0.0168962478637695 0.352783203125 -0.03289794921875
0.0281734466552734 -0.0342140197753906 -0.331390380859375 0.054534912109375
0.0266380310058594 0.0159111022949219 -0.248031616210937 -0.222946166992188
0.0113277435302734 0.00243091583251953 0.094970703125 -0.4593505859375
-0.00536727905273437 0.011962890625 0.599609375 -0.33331298828125
-0.0209293365478516 0.0208492279052734 0.7279052734375 0.38214111328125
-0.00691986083984375 -0.0261631011962891 0.18841552734375 0.9056396484375
0.0319709777832031 -0.0164928436279297 -0.3056640625 0.63720703125
0.0432815551757813 -0.0103492736816406 -0.0109329223632812 0.0894088745117188
0.0411643981933594 -0.0181770324707031 0.37274169921875 -0.542144775390625
0.0263099670410156 -0.0305004119873047 -0.10418701171875 -0.96038818359375
-0.00539875030517578 -0.0126142501831055 -0.74896240234375 -0.3880615234375
-0.00950813293457031 0.00533866882324219 -0.5863037109375 0.3546142578125
0.0122079849243164 0.00911426544189453 -0.13323974609375 0.496673583984375
0.00447368621826172 0.0101747512817383 0.26611328125 0.258560180664063
0.0105876922607422 -0.0182819366455078 0.35638427734375 -0.03167724609375
0.0269584655761719 -0.0360107421875 -0.33154296875 0.057037353515625
0.0273857116699219 0.00741195678710938 -0.245880126953125 -0.225143432617187
0.0126495361328125 -0.00534820556640625 0.09796142578125 -0.4598388671875
0.00194740295410156 0.011448860168457 0.60205078125 -0.33038330078125
-0.0128097534179688 0.0269489288330078 0.7232666015625 0.38861083984375
-0.00566387176513672 -0.0163507461547852 0.17803955078125 0.9090576171875
0.0248184204101563 -0.00753593444824219 -0.3094482421875 0.63690185546875
0.0312862396240234 -0.00647926330566406 -0.0095062255859375 0.089874267578125
0.0338687896728516 -0.0110149383544922 0.368927001953125 -0.5439453125
0.0264129638671875 -0.0203132629394531 -0.11383056640625 -0.95599365234375
0.00350856781005859 -0.00569391250610352 -0.75469970703125 -0.3782958984375
-0.00201988220214844 0.00449085235595703 -0.58343505859375 0.3612060546875
0.0157461166381836 0.00189495086669922 -0.127777099609375 0.497589111328125
0.0054774284362793 0.00118494033813477 0.270599365234375 0.258071899414062
0.00995254516601562 -0.0209484100341797 0.36077880859375 -0.0316162109375
0.0254974365234375 -0.038330078125 -0.334747314453125 0.056915283203125
0.0293483734130859 -0.00218772888183594 -0.244735717773438 -0.227920532226562
0.015106201171875 -0.0130138397216797 0.101043701171875 -0.46087646484375
0.00940895080566406 0.01104736328125 0.60723876953125 -0.32794189453125
-0.00526046752929688 0.0327987670898438 0.7186279296875 0.39532470703125
-0.00478410720825195 -0.00701427459716797 0.16705322265625 0.9129638671875
0.0168600082397461 0.000715255737304688 -0.3153076171875 0.634033203125
0.0214366912841797 -0.00327873229980469 -0.00481414794921876 0.0876998901367188
0.0254573822021484 -0.00368499755859375 0.36798095703125 -0.54681396484375
0.0272197723388672 -0.0106697082519531 -0.1224365234375 -0.9495849609375
0.0107593536376953 0.000445365905761719 -0.7589111328125 -0.36712646484375
0.00492954254150391 0.00230598449707031 -0.57794189453125 0.366455078125
0.0194416046142578 -0.00546455383300781 -0.12066650390625 0.49700927734375
0.0079193115234375 -0.00905132293701172 0.2738037109375 0.255783081054688
0.010223388671875 -0.02252197265625 0.362457275390625 -0.033966064453125
0.0244178771972656 -0.0386848449707031 -0.33892822265625 0.0540771484375001
0.0305709838867188 -0.0107440948486328 -0.243331909179687 -0.228668212890625
0.0169963836669922 -0.0202159881591797 0.10894775390625 -0.4649658203125
0.0148754119873047 0.0098724365234375 0.61029052734375 -0.32586669921875
-0.000198364257812498 0.0375137329101563 0.71624755859375 0.40228271484375
-0.00497579574584961 0.000456809997558593 0.15765380859375 0.91302490234375
0.0104913711547852 0.00552654266357422 -0.3154296875 0.627197265625
0.0123519897460938 -0.000798225402832031 0.00253295898437501 0.0838394165039063
0.0190296173095703 0.0015106201171875 0.367919921875 -0.552642822265625
0.0273056030273438 -0.00280952453613281 -0.13482666015625 -0.9481201171875
0.0169277191162109 0.00539016723632812 -0.76397705078125 -0.35687255859375
0.0105772018432617 0.000884056091308594 -0.57366943359375 0.36968994140625
0.0220985412597656 -0.0121803283691406 -0.1146240234375 0.49603271484375
0.00815963745117188 -0.0169582366943359 0.27520751953125 0.254425048828125
0.00956535339355469 -0.0235157012939453 0.362396240234375 -0.036468505859375
0.0294456481933594 -0.0291194915771484 -0.346893310546875 0.040985107421875
0.0272254943847656 0.0269393920898438 -0.2589111328125 -0.218658447265625
0.0108680725097656 0.0107946395874023 0.0897216796875 -0.471343994140625
-0.020721435546875 0.0101413726806641 0.5914306640625 -0.3514404296875
-0.0396766662597656 0.0077972412109375 0.73486328125 0.35968017578125
-0.0147743225097656 -0.0475654602050781 0.210693359375 0.8800048828125
0.0453414916992188 -0.0370826721191406 -0.272216796875 0.61614990234375
0.0695381164550781 -0.022430419921875 0.0179519653320313 0.07415771484375
0.0539474487304688 -0.0386848449707031 0.37933349609375 -0.56109619140625
0.0179443359375 -0.0518684387207031 -0.11077880859375 -0.96478271484375
-0.0261154174804688 -0.0258903503417969 -0.748046875 -0.38702392578125
-0.0230751037597656 0.0026092529296875 -0.57763671875 0.34869384765625
0.0105667114257813 0.0148983001708984 -0.123748779296875 0.485565185546875
0.00284385681152344 0.0231380462646484 0.258132934570313 0.250747680664063
0.0105619430541992 -0.0149555206298828 0.34149169921875 -0.050628662109375
0.0297431945800781 -0.0301513671875 -0.341644287109375 0.0460205078125
0.0275669097900391 0.0298137664794922 -0.259490966796875 -0.21710205078125
0.00927829742431641 0.0127620697021484 0.08209228515625 -0.4642333984375
-0.0205173492431641 0.0117053985595703 0.58465576171875 -0.353271484375
-0.0386123657226563 0.00853729248046875 0.73553466796875 0.3505859375
-0.0132827758789062 -0.0468521118164062 0.2169189453125 0.8797607421875
0.0449371337890625 -0.035736083984375 -0.27301025390625 0.6251220703125
0.0681190490722656 -0.0211563110351562 0.0061492919921875 0.0812911987304688
0.0550613403320313 -0.0369644165039063 0.377655029296875 -0.55084228515625
0.020233154296875 -0.0515098571777344 -0.0970458984374999 -0.96343994140625
-0.024749755859375 -0.0266685485839844 -0.74359130859375 -0.39654541015625
-0.0240230560302734 0.00339126586914063 -0.58251953125 0.34478759765625
0.00928974151611328 0.0174388885498047 -0.1317138671875 0.487548828125
0.00258255004882813 0.0248832702636719 0.257919311523438 0.2530517578125
0.00986003875732422 -0.0151195526123047 0.344635009765625 -0.045806884765625
0.0295867919921875 -0.0304965972900391 -0.334808349609375 0.0509033203125
0.0272846221923828 0.0272731781005859 -0.256149291992188 -0.215927124023438
0.00981616973876953 0.0125770568847656 0.08154296875 -0.46136474609375
-0.0168018341064453 0.0124368667602539 0.58416748046875 -0.35205078125
-0.0346794128417969 0.0109729766845703 0.73583984375 0.35223388671875
-0.0114555358886719 -0.0422286987304687 0.2178955078125 0.88458251953125
0.042724609375 -0.03094482421875 -0.27935791015625 0.6334228515625
0.0628280639648438 -0.0176467895507813 -0.0027618408203125 0.0865707397460938
0.0527420043945313 -0.0322685241699219 0.374298095703125 -0.5443115234375
0.0218582153320313 -0.0470161437988281 -0.0960693359375 -0.96270751953125
-0.0206050872802734 -0.0235023498535156 -0.74298095703125 -0.3973388671875
-0.0214748382568359 0.00490188598632812 -0.58551025390625 0.34649658203125
0.00931262969970703 0.017003059387207 -0.134429931640625 0.49090576171875
0.00275039672851563 0.0233936309814453 0.26031494140625 0.254150390625
0.0108184814453125 -0.015721321105957 0.347198486328125 -0.04083251953125
0.0284690856933594 -0.0326385498046875 -0.33154296875 0.056121826171875
0.0279808044433594 0.0228652954101562 -0.251785278320313 -0.216201782226562
0.00994110107421875 0.00908756256103516 0.085968017578125 -0.45849609375
-0.0119342803955078 0.0122461318969727 0.59124755859375 -0.34466552734375
-0.0276966094970703 0.0150184631347656 0.7327880859375 0.36285400390625
-0.0085906982421875 -0.0350894927978516 0.20751953125 0.893310546875
0.0380592346191406 -0.0242424011230469 -0.2882080078125 0.6358642578125
0.0533714294433594 -0.0144119262695313 -0.00708007812499999 0.0887985229492188
0.0472526550292969 -0.0256843566894531 0.36810302734375 -0.544830322265625
0.0244865417480469 -0.0401763916015625 -0.1053466796875 -0.9569091796875
-0.0142230987548828 -0.0188426971435547 -0.74615478515625 -0.38763427734375
-0.0165195465087891 0.00520801544189453 -0.58074951171875 0.354248046875
0.0105934143066406 0.0143308639526367 -0.130889892578125 0.493988037109375
0.00390625 0.0178489685058594 0.264556884765625 0.253387451171875
0.0101299285888672 -0.0175437927246094 0.35211181640625 -0.0379638671875
0.0272483825683594 -0.0354804992675781 -0.32891845703125 0.058990478515625
0.0279121398925781 0.0148048400878906 -0.248703002929688 -0.217864990234375
0.0109052658081055 0.0023651123046875 0.0889892578125 -0.457000732421875
-0.00574779510498047 0.0120000839233398 0.5914306640625 -0.34027099609375
-0.0193576812744141 0.0205135345458984 0.7296142578125 0.3717041015625
-0.00640487670898438 -0.0264339447021484 0.19708251953125 0.9005126953125
0.031585693359375 -0.0164661407470703 -0.2960205078125 0.63836669921875
0.0424919128417969 -0.0107231140136719 -0.00982666015625001 0.089752197265625
0.040283203125 -0.0187759399414063 0.363525390625 -0.543731689453125
0.0253791809082031 -0.0304164886474609 -0.11358642578125 -0.95355224609375
-0.00539779663085938 -0.0127973556518555 -0.75079345703125 -0.37774658203125
-0.00984382629394531 0.00490283966064453 -0.580078125 0.36181640625
0.0127191543579102 0.00879955291748047 -0.126983642578125 0.495574951171875
0.00510597229003906 0.00986194610595703 0.268508911132813 0.252822875976563
0.0100784301757812 -0.0192966461181641 0.355316162109375 -0.036712646484375
0.0259284973144531 -0.0376472473144531 -0.3302001953125 0.0607604980468749
0.0290374755859375 0.00584220886230469 -0.247100830078125 -0.219940185546875
0.0126829147338867 -0.0052337646484375 0.091094970703125 -0.457489013671875
0.00207042694091797 0.012059211730957 0.59564208984375 -0.33587646484375
-0.0113201141357422 0.0265254974365234 0.72576904296875 0.3775634765625
-0.00453376770019531 -0.0172672271728516 0.1865234375 0.903564453125
0.0242691040039063 -0.00871658325195313 -0.30328369140625 0.63812255859375
0.0304718017578125 -0.00689888000488281 -0.008880615234375 0.0893783569335938
0.0328807830810547 -0.0118064880371094 0.360565185546875 -0.544036865234375
0.0268688201904297 -0.0210895538330078 -0.1248779296875 -0.949462890625
0.00321006774902344 -0.00584602355957031 -0.7557373046875 -0.36822509765625
-0.00215435028076172 0.00443267822265625 -0.57568359375 0.36712646484375
0.0167694091796875 0.00179862976074219 -0.121429443359375 0.497344970703125
0.00643491744995117 0.000481605529785156 0.272216796875 0.25250244140625
0.00921058654785156 -0.0214290618896484 0.358978271484375 -0.03662109375
0.0241355895996094 -0.0389938354492188 -0.331939697265625 0.061492919921875
0.0299663543701172 -0.00295829772949219 -0.246429443359375 -0.222061157226562
0.014373779296875 -0.0137758255004883 0.096405029296875 -0.4603271484375
0.00924301147460938 0.0106821060180664 0.59942626953125 -0.33367919921875
-0.00461387634277344 0.0324249267578125 0.720703125 0.38446044921875
-0.00406885147094727 -0.00799798965454102 0.175537109375 0.907470703125
0.016636848449707 -0.000325202941894531 -0.30548095703125 0.63446044921875
0.0198135375976563 -0.0034027099609375 -0.003082275390625 0.087738037109375
0.0247440338134766 -0.00429534912109375 0.358856201171875 -0.5482177734375
0.0271663665771484 -0.0112342834472656 -0.13482666015625 -0.94476318359375
0.0116777420043945 0.000448226928710938 -0.75762939453125 -0.35626220703125
0.00522899627685547 0.00218057632446289 -0.57135009765625 0.37115478515625
0.0191192626953125 -0.00613021850585938 -0.11370849609375 0.49658203125
0.00785446166992188 -0.00925827026367188 0.276153564453125 0.25
0.00887680053710938 -0.0230388641357422 0.3607177734375 -0.03948974609375
0.0233230590820312 -0.0396690368652344 -0.336395263671875 0.05877685546875
0.0309333801269531 -0.0110492706298828 -0.244766235351563 -0.224044799804688
0.0169506072998047 -0.0200023651123047 0.10205078125 -0.4639892578125
0.0151195526123047 0.0101194381713867 0.60308837890625 -0.33258056640625
0.001007080078125 0.03656005859375 0.71588134765625 0.39093017578125
-0.00385069847106934 -0.000199317932128906 0.1641845703125 0.90716552734375
0.0108070373535156 0.00529384613037109 -0.3060302734375 0.62872314453125
0.0115623474121094 -0.000454902648925781 0.0045928955078125 0.0838394165039063
0.0182132720947266 0.00135993957519531 0.3587646484375 -0.55279541015625
0.0270442962646484 -0.00404930114746094 -0.14556884765625 -0.94195556640625
0.0170392990112305 0.00435447692871094 -0.7645263671875 -0.3480224609375
0.0105390548706055 -5.340576171875E-05 -0.56634521484375 0.37249755859375
0.0222415924072266 -0.0128803253173828 -0.10675048828125 0.495086669921875
0.00891304016113281 -0.017608642578125 0.27740478515625 0.2489013671875
0.00834846496582031 -0.023834228515625 0.3607177734375 -0.041351318359375
0.0290184020996094 -0.0311832427978516 -0.3446044921875 0.045074462890625
0.0280513763427734 0.0256805419921875 -0.259078979492188 -0.213775634765625
0.0108785629272461 0.0101375579833984 0.0836181640625 -0.4671630859375
-0.0203685760498047 0.0102462768554687 0.5828857421875 -0.357421875
-0.0389671325683594 0.00752639770507813 0.7340087890625 0.348388671875
-0.0137939453125 -0.0483512878417969 0.21600341796875 0.8726806640625
0.0434303283691406 -0.0375442504882813 -0.26397705078125 0.61468505859375
0.0676383972167969 -0.0231704711914062 0.0192184448242188 0.0732803344726562
0.052703857421875 -0.03936767578125 0.371307373046875 -0.560150146484375
0.0168609619140625 -0.0518417358398438 -0.118408203125 -0.95849609375
-0.0255870819091797 -0.0266227722167969 -0.74700927734375 -0.37725830078125
-0.0228004455566406 0.00275421142578125 -0.5693359375 0.35321044921875
0.0107746124267578 0.01422119140625 -0.1182861328125 0.484771728515625
0.00290870666503906 0.0226783752441406 0.259933471679688 0.24517822265625
0.0100622177124023 -0.0153627395629883 0.3377685546875 -0.053497314453125
0.0288066864013672 -0.030517578125 -0.3387451171875 0.0498046875
0.0282173156738281 0.0284900665283203 -0.259017944335938 -0.211334228515625
0.0102109909057617 0.0125274658203125 0.077728271484375 -0.462432861328125
-0.0198440551757813 0.0125560760498047 0.57659912109375 -0.35906982421875
-0.0371360778808594 0.00829696655273438 0.73358154296875 0.3397216796875
-0.0129814147949219 -0.0469589233398438 0.2254638671875 0.87255859375
0.0437240600585938 -0.0363044738769531 -0.264892578125 0.62432861328125
0.0667228698730469 -0.0213241577148438 0.007171630859375 0.0807418823242188
0.0545120239257813 -0.0379142761230469 0.370758056640625 -0.551300048828125
0.0188751220703125 -0.0513229370117188 -0.10699462890625 -0.958251953125
-0.0256137847900391 -0.0267086029052734 -0.7427978515625 -0.38623046875
-0.0233211517333984 0.00388717651367187 -0.57525634765625 0.34844970703125
0.00953102111816406 0.016657829284668 -0.12542724609375 0.48516845703125
0.00297164916992187 0.0242671966552734 0.2593994140625 0.247909545898438
0.00949192047119141 -0.0153779983520508 0.34228515625 -0.05023193359375
0.0283260345458984 -0.0318851470947266 -0.332611083984375 0.055389404296875
0.0285587310791016 0.0263729095458984 -0.25592041015625 -0.20989990234375
0.0094451904296875 0.0125179290771484 0.076019287109375 -0.459014892578125
-0.0172967910766602 0.0119667053222656 0.5758056640625 -0.3555908203125
-0.0333061218261719 0.0109062194824219 0.7357177734375 0.34295654296875
-0.0109100341796875 -0.042327880859375 0.22528076171875 0.8760986328125
0.0414466857910156 -0.0318450927734375 -0.2705078125 0.63189697265625
0.060821533203125 -0.0180702209472656 -0.00171661376953126 0.0861282348632813
0.0519638061523438 -0.0327415466308594 0.366485595703125 -0.543975830078125
0.0212326049804688 -0.0470085144042969 -0.105712890625 -0.956787109375
-0.0215015411376953 -0.0233058929443359 -0.74365234375 -0.38909912109375
-0.0213184356689453 0.00523567199707031 -0.57568359375 0.35003662109375
0.00986385345458984 0.0164222717285156 -0.127044677734375 0.489013671875
0.0034027099609375 0.0221691131591797 0.261886596679688 0.248748779296875
0.00982666015625 -0.0158634185791016 0.3453369140625 -0.044647216796875
0.0276336669921875 -0.0339908599853516 -0.3289794921875 0.059906005859375
0.0286331176757812 0.0220298767089844 -0.251968383789063 -0.212127685546875
0.010310173034668 0.0082082748413086 0.0797729492187501 -0.45654296875
-0.0124225616455078 0.0123443603515625 0.5806884765625 -0.3487548828125
-0.0268993377685547 0.0151119232177734 0.7313232421875 0.3533935546875
-0.00792312622070313 -0.0354347229003906 0.21502685546875 0.88616943359375
0.03717041015625 -0.0247421264648438 -0.2799072265625 0.63543701171875
0.0517997741699219 -0.0151100158691406 -0.00625610351562499 0.0877761840820313
0.04620361328125 -0.0265541076660156 0.359954833984375 -0.544647216796875
0.0239219665527344 -0.0400466918945313 -0.1142578125 -0.950439453125
-0.0144119262695312 -0.0185565948486328 -0.7464599609375 -0.3775634765625
-0.0159568786621094 0.00598430633544922 -0.5726318359375 0.35784912109375
0.011052131652832 0.0132455825805664 -0.12371826171875 0.492401123046875
0.00414848327636719 0.0171699523925781 0.2659912109375 0.248397827148438
0.00941181182861328 -0.0170011520385742 0.3492431640625 -0.042510986328125
0.0264320373535156 -0.0366058349609375 -0.326202392578125 0.063629150390625
0.0293922424316406 0.0137805938720703 -0.249176025390625 -0.213119506835937
0.0111122131347656 0.00202274322509766 0.0838623046875 -0.45416259765625
-0.00554180145263672 0.0118427276611328 0.58404541015625 -0.3443603515625
-0.0191440582275391 0.020172119140625 0.728515625 0.3623046875
-0.00561141967773438 -0.0266799926757813 0.20452880859375 0.8946533203125
0.0308017730712891 -0.0166606903076172 -0.2879638671875 0.63763427734375
0.0414886474609375 -0.0102958679199219 -0.00807952880859376 0.08917236328125
0.0396308898925781 -0.0189895629882812 0.355987548828125 -0.54278564453125
0.0252037048339844 -0.0307693481445312 -0.12322998046875 -0.94720458984375
-0.00602340698242188 -0.0126743316650391 -0.7493896484375 -0.36798095703125
-0.00959491729736328 0.00466823577880859 -0.572021484375 0.36492919921875
0.0141744613647461 0.00812816619873047 -0.11865234375 0.494476318359375
0.00528812408447266 0.00905799865722656 0.270034790039063 0.247512817382813
0.00893402099609375 -0.0191688537597656 0.3529052734375 -0.041351318359375
0.0245094299316406 -0.0385551452636719 -0.327423095703125 0.06549072265625
0.0290870666503906 0.004974365234375 -0.247940063476563 -0.214508056640625
0.0123672485351563 -0.00560855865478516 0.08648681640625 -0.456085205078125
0.00207996368408203 0.0116844177246094 0.58782958984375 -0.34130859375
-0.0104351043701172 0.02581787109375 0.724365234375 0.3677978515625
-0.00422763824462891 -0.0172996520996094 0.1944580078125 0.89703369140625
0.0230903625488281 -0.00907707214355469 -0.29461669921875 0.63623046875
0.0304145812988281 -0.00703048706054688 -0.00707244873046875 0.089385986328125
0.0317192077636719 -0.0122833251953125 0.3525390625 -0.54364013671875
0.0266475677490234 -0.0210380554199219 -0.13214111328125 -0.9429931640625
0.00352954864501953 -0.00594043731689453 -0.75518798828125 -0.35931396484375
-0.00175142288208008 0.0045924186706543 -0.56854248046875 0.37054443359375
0.0165939331054687 0.000834465026855469 -0.114959716796875 0.495361328125
0.00696563720703125 -0.00022125244140625 0.2735595703125 0.247039794921875
0.00836181640625 -0.0217494964599609 0.35687255859375 -0.041046142578125
0.0233421325683594 -0.0405502319335937 -0.328857421875 0.065765380859375
0.0304126739501953 -0.00426864624023438 -0.246444702148438 -0.216705322265625
0.014582633972168 -0.0140542984008789 0.090972900390625 -0.45867919921875
0.00927448272705078 0.0108280181884766 0.59051513671875 -0.3399658203125
-0.00337982177734375 0.0314044952392578 0.71990966796875 0.37353515625
-0.00359773635864258 -0.00822353363037109 0.182373046875 0.89971923828125
0.0161066055297852 -0.001434326171875 -0.2967529296875 0.63397216796875
0.0191364288330078 -0.00378608703613281 -0.00272369384765624 0.0866622924804688
0.0241584777832031 -0.00489044189453125 0.350677490234375 -0.54766845703125
0.0271358489990234 -0.0116977691650391 -0.1427001953125 -0.93701171875
0.0113458633422852 0.000155448913574219 -0.759033203125 -0.34832763671875
0.00496578216552734 0.0027923583984375 -0.563232421875 0.37481689453125
0.0200252532958984 -0.00720024108886719 -0.107452392578125 0.495086669921875
0.00864696502685547 -0.0100898742675781 0.277587890625 0.244293212890625
0.00778007507324219 -0.0227394104003906 0.358734130859375 -0.0433349609375
0.0219345092773437 -0.0407600402832031 -0.33331298828125 0.062957763671875
0.0317153930664063 -0.0123062133789062 -0.245468139648438 -0.21844482421875
0.0168361663818359 -0.0198001861572266 0.09674072265625 -0.461151123046875
0.0148468017578125 0.00918865203857422 0.59466552734375 -0.3359375
0.00218963623046875 0.0359687805175781 0.71685791015625 0.38177490234375
-0.00284266471862793 -0.000626564025878907 0.173828125 0.90203857421875
0.0101947784423828 0.00479412078857422 -0.29742431640625 0.6278076171875
0.0108537673950195 -0.00136756896972656 0.00468444824218751 0.0831680297851563
0.0177192687988281 0.000518798828125 0.350006103515625 -0.55169677734375
0.0268115997314453 -0.00388336181640625 -0.15289306640625 -0.93505859375
0.0173244476318359 0.00397014617919922 -0.7626953125 -0.338623046875
0.0107288360595703 0.000542640686035156 -0.558319091796875 0.378021240234375
0.0224666595458984 -0.0132808685302734 -0.1005859375 0.492401123046875
0.00871086120605469 -0.0178852081298828 0.278457641601562 0.242904663085938
0.0078582763671875 -0.0239353179931641 0.357452392578125 -0.04644775390625
0.0278415679931641 -0.0315017700195313 -0.342376708984375 0.0496826171875
0.0287818908691406 0.0247058868408203 -0.259323120117188 -0.208480834960938
0.0102214813232422 0.0104990005493164 0.0789794921875 -0.465362548828125
-0.0207710266113281 0.0100631713867188 0.576416015625 -0.3597412109375
-0.0375747680664063 0.00741958618164063 0.7308349609375 0.33892822265625
-0.0131263732910156 -0.0477752685546875 0.2225341796875 0.86676025390625
0.0429534912109375 -0.0378036499023438 -0.25732421875 0.61279296875
0.0671005249023438 -0.023345947265625 0.0202407836914063 0.0731277465820313
0.0520210266113281 -0.039581298828125 0.363006591796875 -0.55987548828125
0.0159454345703125 -0.0519828796386719 -0.12628173828125 -0.95166015625
-0.0261650085449219 -0.0259265899658203 -0.7464599609375 -0.37017822265625
-0.0223159790039063 0.00288963317871094 -0.56182861328125 0.354705810546875
0.0121011734008789 0.0135774612426758 -0.1124267578125 0.481781005859375
0.00486183166503906 0.0219230651855469 0.260330200195313 0.239593505859375
0.00871467590332031 -0.0155525207519531 0.335784912109375 -0.057952880859375
0.0275077819824219 -0.0315952301025391 -0.337188720703125 0.053436279296875
0.028472900390625 0.0269756317138672 -0.258880615234375 -0.20648193359375
0.010218620300293 0.0131111145019531 0.07244873046875 -0.459869384765625
-0.0205135345458984 0.0116367340087891 0.57037353515625 -0.362060546875
-0.0362625122070313 0.00859451293945313 0.732421875 0.33001708984375
-0.0128898620605469 -0.0470008850097656 0.2314453125 0.86517333984375
0.0434074401855469 -0.0369682312011719 -0.25726318359375 0.62261962890625
0.0655746459960938 -0.0222015380859375 0.00775146484374999 0.0809249877929687
0.0527534484863281 -0.037872314453125 0.36309814453125 -0.548919677734375
0.0183982849121094 -0.0519485473632813 -0.1136474609375 -0.94903564453125
-0.0253505706787109 -0.0259437561035156 -0.73895263671875 -0.37884521484375
-0.02362060546875 0.00390815734863281 -0.56781005859375 0.35064697265625
0.0102624893188477 0.0158329010009766 -0.119049072265625 0.483612060546875
0.00382804870605469 0.0243453979492188 0.260482788085938 0.241958618164063
0.00897216796875 -0.0152873992919922 0.33935546875 -0.05352783203125
0.0271492004394531 -0.0325889587402344 -0.33001708984375 0.05859375
0.0289974212646484 0.0252952575683594 -0.2567138671875 -0.206390380859375
0.010096549987793 0.0124330520629883 0.0716552734375 -0.45538330078125
-0.0170211791992188 0.0123672485351562 0.56951904296875 -0.3599853515625
-0.0323886871337891 0.0106754302978516 0.732421875 0.33349609375
-0.0102043151855469 -0.0426673889160156 0.23187255859375 0.86907958984375
0.0405464172363281 -0.0315399169921875 -0.26287841796875 0.63079833984375
0.0601577758789063 -0.01861572265625 -0.00122833251953125 0.0856552124023438
0.0503883361816406 -0.032806396484375 0.35955810546875 -0.5443115234375
0.021148681640625 -0.0464515686035156 -0.11236572265625 -0.94830322265625
-0.0209102630615234 -0.0234794616699219 -0.74151611328125 -0.38134765625
-0.0208053588867188 0.00492477416992187 -0.56982421875 0.3521728515625
0.00995731353759766 0.0162200927734375 -0.121856689453125 0.486907958984375
0.00431632995605468 0.0218009948730469 0.26220703125 0.242645263671875
0.00879573822021484 -0.0163288116455078 0.342620849609375 -0.049072265625
0.0263023376464844 -0.0353279113769531 -0.32666015625 0.0631103515625
0.0294132232666016 0.0203514099121094 -0.252517700195312 -0.206649780273438
0.0107707977294922 0.00834751129150391 0.075103759765625 -0.453094482421875
-0.0127754211425781 0.0125150680541992 0.57421875 -0.35284423828125
-0.025634765625 0.0147361755371094 0.728759765625 0.34356689453125
-0.0079498291015625 -0.035675048828125 0.2213134765625 0.87750244140625
0.0365562438964844 -0.0254325866699219 -0.27264404296875 0.6328125
0.0511550903320313 -0.0147819519042969 -0.00508880615234375 0.0877761840820312
0.0450668334960938 -0.0266227722167969 0.35162353515625 -0.54425048828125
0.0229721069335938 -0.0397109985351563 -0.1221923828125 -0.9429931640625
-0.013397216796875 -0.0189323425292969 -0.74481201171875 -0.36981201171875
-0.0159358978271484 0.0060892105102539 -0.565673828125 0.36077880859375
0.0115327835083008 0.0123863220214844 -0.117156982421875 0.490447998046875
0.00459480285644531 0.0168237686157227 0.267440795898438 0.243209838867188
0.00863456726074219 -0.0177764892578125 0.346466064453125 -0.045440673828125
0.0246353149414063 -0.0372848510742188 -0.3245849609375 0.0659179687500001
0.0293827056884766 0.012603759765625 -0.249160766601563 -0.2080078125
0.0113964080810547 0.00194549560546875 0.07855224609375 -0.452850341796875
-0.00597000122070312 0.0122337341308594 0.576904296875 -0.34649658203125
-0.0175952911376953 0.0199756622314453 0.726806640625 0.35205078125
-0.00467872619628906 -0.0268878936767578 0.21026611328125 0.88604736328125
0.0298748016357422 -0.0172538757324219 -0.28082275390625 0.635009765625
0.0395545959472656 -0.0112380981445312 -0.00762939453124999 0.0888671875
0.0389137268066406 -0.0196990966796875 0.347930908203125 -0.5423583984375
0.0247764587402344 -0.0310192108154297 -0.130126953125 -0.93939208984375
-0.00597953796386719 -0.0125398635864258 -0.74749755859375 -0.36053466796875
-0.00910282135009766 0.00473499298095703 -0.56500244140625 0.3668212890625
0.0137529373168945 0.00796127319335938 -0.11328125 0.4923095703125
0.00583696365356445 0.00871658325195313 0.270904541015625 0.2425537109375
0.00786972045898438 -0.0192050933837891 0.35028076171875 -0.04510498046875
0.0233573913574219 -0.0392112731933594 -0.324310302734375 0.06915283203125
0.0301589965820312 0.0038604736328125 -0.247894287109375 -0.209732055664063
0.0124826431274414 -0.00576019287109375 0.08294677734375 -0.453887939453125
0.00175857543945312 0.0114717483520508 0.5806884765625 -0.34307861328125
-0.00963783264160156 0.0253963470458984 0.7237548828125 0.358642578125
-0.00404739379882812 -0.0180740356445312 0.1995849609375 0.88958740234375
0.0223617553710938 -0.00966835021972656 -0.28662109375 0.635498046875
0.0291061401367187 -0.00715827941894531 -0.00643157958984375 0.0880966186523438
0.0308132171630859 -0.0125789642333984 0.345703125 -0.543914794921875
0.0264072418212891 -0.0210895538330078 -0.14007568359375 -0.9339599609375
0.00315666198730469 -0.00556516647338867 -0.75115966796875 -0.34844970703125
-0.00167655944824219 0.00414133071899414 -0.56060791015625 0.37176513671875
0.0166492462158203 0.000679969787597656 -0.10894775390625 0.4931640625
0.00759506225585938 -0.000342845916748047 0.275390625 0.240798950195313
0.00784873962402344 -0.0220375061035156 0.353790283203125 -0.04522705078125
0.021514892578125 -0.0412025451660156 -0.326171875 0.069122314453125
0.030914306640625 -0.00488471984863281 -0.2467041015625 -0.211715698242188
0.0141963958740234 -0.0136537551879883 0.08660888671875 -0.45489501953125
0.00899314880371094 0.0105772018432617 0.584716796875 -0.342041015625
-0.00240325927734375 0.0304603576660156 0.7191162109375 0.36395263671875
-0.00265312194824219 -0.00915241241455078 0.1890869140625 0.89404296875
0.0158662796020508 -0.00126361846923828 -0.2900390625 0.63140869140625
0.0188217163085938 -0.00352668762207031 -0.00164031982421875 0.086151123046875
0.0239009857177734 -0.00469779968261719 0.343536376953125 -0.544952392578125
0.0266265869140625 -0.0120639801025391 -0.1492919921875 -0.9293212890625
0.0112380981445313 -0.000362396240234375 -0.75665283203125 -0.3385009765625
0.00480413436889648 0.00263881683349609 -0.555419921875 0.377288818359375
0.0194683074951172 -0.0074920654296875 -0.100616455078125 0.49224853515625
0.00798702239990234 -0.0103235244750977 0.277969360351563 0.239181518554688
0.006683349609375 -0.0235748291015625 0.3563232421875 -0.046783447265625
0.0209312438964844 -0.040679931640625 -0.33050537109375 0.066436767578125
0.0315513610839844 -0.0134296417236328 -0.245513916015625 -0.2138671875
0.0165176391601563 -0.0201396942138672 0.092071533203125 -0.4578857421875
0.0144424438476563 0.0100641250610352 0.58880615234375 -0.34088134765625
0.00280570983886719 0.0343742370605469 0.71539306640625 0.37200927734375
-0.00242948532104492 -0.00122618675231934 0.179931640625 0.895263671875
0.00971221923828125 0.00418376922607422 -0.291015625 0.62548828125
0.00969123840332031 -0.000710487365722656 0.00634002685546875 0.0822372436523438
0.0168685913085938 0.000448226928710938 0.34356689453125 -0.551727294921875
0.0266265869140625 -0.00405693054199219 -0.16204833984375 -0.92706298828125
0.0169353485107422 0.00409603118896484 -0.7598876953125 -0.32916259765625
0.0103044509887695 -0.000239372253417969 -0.549713134765625 0.38018798828125
0.0217075347900391 -0.0138721466064453 -0.0939025878906249 0.489715576171875
0.00890731811523438 -0.0184822082519531 0.278976440429688 0.237030029296875
0.00752449035644531 -0.0239467620849609 0.35491943359375 -0.0494384765625
0.0262641906738281 -0.032562255859375 -0.33929443359375 0.05224609375
0.0296230316162109 0.0234565734863281 -0.258544921875 -0.20526123046875
0.0101547241210938 0.0102024078369141 0.074676513671875 -0.461883544921875
-0.0204334259033203 0.0103206634521484 0.56878662109375 -0.36279296875
-0.0369148254394531 0.00690841674804688 0.72821044921875 0.33245849609375
-0.0135383605957031 -0.0481224060058594 0.2254638671875 0.86053466796875
0.0421676635742188 -0.0382270812988281 -0.25067138671875 0.6092529296875
0.0657310485839844 -0.0230789184570313 0.0200958251953125 0.0721511840820313
0.0509529113769531 -0.0401039123535156 0.3558349609375 -0.5576171875
0.0165138244628906 -0.0513229370117188 -0.133056640625 -0.94329833984375
-0.0264244079589844 -0.0251598358154297 -0.742431640625 -0.36163330078125
-0.0219841003417969 0.00301361083984375 -0.554595947265625 0.35736083984375
0.0116672515869141 0.0134353637695313 -0.107330322265625 0.479522705078125
0.00419044494628906 0.0211811065673828 0.261322021484375 0.235183715820312
0.00854110717773438 -0.0163507461547852 0.3336181640625 -0.060638427734375
0.0264301300048828 -0.0326900482177734 -0.3343505859375 0.0562744140624999
0.0295505523681641 0.0256576538085937 -0.258499145507812 -0.203292846679688
0.0102424621582031 0.0124855041503906 0.068450927734375 -0.45635986328125
-0.0196933746337891 0.0124607086181641 0.562744140625 -0.3641357421875
-0.0355377197265625 0.00783157348632812 0.72906494140625 0.32476806640625
-0.0121994018554687 -0.047454833984375 0.2352294921875 0.8592529296875
0.0420570373535156 -0.0379142761230469 -0.2530517578125 0.62042236328125
0.0651168823242188 -0.022064208984375 0.00815582275390625 0.0801010131835938
0.0516738891601563 -0.0382614135742188 0.356903076171875 -0.547637939453125
0.0175857543945313 -0.0513687133789063 -0.11871337890625 -0.9429931640625
-0.0253715515136719 -0.0261344909667969 -0.73724365234375 -0.37078857421875
-0.0232982635498047 0.00348663330078125 -0.56109619140625 0.352691650390625
0.0109901428222656 0.0152750015258789 -0.114410400390625 0.48138427734375
0.00360679626464844 0.0231056213378906 0.261627197265625 0.238433837890625
0.00795745849609375 -0.0156059265136719 0.33685302734375 -0.05609130859375
0.0257091522216797 -0.0335140228271484 -0.327789306640625 0.0618896484375001
0.0295963287353516 0.0234737396240234 -0.25628662109375 -0.201751708984375
0.00983810424804687 0.0118646621704102 0.0675048828125 -0.4534912109375
-0.0174636840820313 0.0125751495361328 0.563232421875 -0.3612060546875
-0.0310420989990234 0.0102672576904297 0.7301025390625 0.32623291015625
-0.0096893310546875 -0.0426597595214844 0.2349853515625 0.86346435546875
0.0395584106445313 -0.032501220703125 -0.25775146484375 0.62738037109375
0.058990478515625 -0.0188560485839844 -0.000610351562500005 0.0846633911132813
0.0493736267089844 -0.0331268310546875 0.3526611328125 -0.54144287109375
0.0204887390136719 -0.0468406677246094 -0.11700439453125 -0.9410400390625
-0.0208396911621094 -0.0226707458496094 -0.73797607421875 -0.37158203125
-0.0207557678222656 0.00517654418945312 -0.5628662109375 0.3546142578125
0.0103845596313477 0.0149631500244141 -0.117034912109375 0.484588623046875
0.00433731079101563 0.0213127136230469 0.263092041015625 0.238677978515625
0.00832653045654297 -0.0159025192260742 0.340362548828125 -0.05169677734375
0.0247955322265625 -0.0361366271972656 -0.323944091796875 0.06658935546875
0.0300407409667969 0.0190963745117188 -0.2518310546875 -0.202392578125
0.0106105804443359 0.00804615020751953 0.070648193359375 -0.45062255859375
-0.0122108459472656 0.0118551254272461 0.56744384765625 -0.35491943359375
-0.0247459411621094 0.0140132904052734 0.72698974609375 0.33544921875
-0.00746917724609375 -0.03607177734375 0.2247314453125 0.873046875
0.0347156524658203 -0.0253162384033203 -0.26654052734375 0.63067626953125
0.0504570007324219 -0.0148963928222656 -0.00533294677734375 0.0870361328125
0.0443267822265625 -0.0270195007324219 0.346221923828125 -0.541900634765625
0.0225410461425781 -0.03985595703125 -0.123779296875 -0.93475341796875
-0.0145101547241211 -0.0175590515136719 -0.74188232421875 -0.3616943359375
-0.015742301940918 0.00535869598388672 -0.56060791015625 0.362579345703125
0.0121555328369141 0.0123472213745117 -0.113006591796875 0.48760986328125
0.00527286529541015 0.0163040161132813 0.267135620117188 0.238327026367187
0.00835037231445313 -0.0174369812011719 0.343902587890625 -0.04949951171875
0.02410888671875 -0.0383338928222656 -0.321044921875 0.0691223144531249
0.0304412841796875 0.0111885070800781 -0.248825073242188 -0.204483032226563
0.0117120742797852 0.00240802764892578 0.074798583984375 -0.449676513671875
-0.00541114807128907 0.0117855072021484 0.5701904296875 -0.3486328125
-0.0169582366943359 0.0189399719238281 0.72247314453125 0.34466552734375
-0.00479507446289062 -0.0272941589355469 0.21435546875 0.8809814453125
0.0292396545410156 -0.0175743103027344 -0.2750244140625 0.63226318359375
0.0394477844238281 -0.01080322265625 -0.00634765624999999 0.0884552001953125
0.0381278991699219 -0.0196304321289063 0.343048095703125 -0.540130615234375
0.0241031646728516 -0.0309276580810547 -0.1357421875 -0.93255615234375
-0.00581932067871094 -0.01177978515625 -0.74493408203125 -0.35211181640625
-0.0094308853149414 0.005279541015625 -0.557464599609375 0.367767333984375
0.0141448974609375 0.00642967224121094 -0.1103515625 0.489105224609375
0.00658321380615234 0.00805521011352539 0.270889282226563 0.237380981445313
0.00726127624511719 -0.0199432373046875 0.34893798828125 -0.047698974609375
0.0215072631835938 -0.04095458984375 -0.3214111328125 0.071197509765625
0.0306282043457031 0.00223541259765625 -0.246322631835938 -0.205734252929687
0.0121021270751953 -0.00606536865234375 0.0770263671875 -0.450408935546875
0.00133514404296875 0.0108098983764648 0.57452392578125 -0.347900390625
-0.008453369140625 0.0249423980712891 0.7198486328125 0.35107421875
-0.0030364990234375 -0.0186271667480469 0.20220947265625 0.88360595703125
0.0218963623046875 -0.0100498199462891 -0.28094482421875 0.63238525390625
0.0282745361328125 -0.00732612609863281 -0.00603485107421876 0.0885162353515625
0.0307102203369141 -0.0124664306640625 0.33905029296875 -0.5404052734375
0.0258960723876953 -0.0203475952148438 -0.1446533203125 -0.92791748046875
0.00341558456420898 -0.00664234161376953 -0.7490234375 -0.34429931640625
-0.00159788131713867 0.00417971611022949 -0.552734375 0.3741455078125
0.0167608261108398 -0.000786781311035156 -0.102935791015625 0.490234375
0.00738620758056641 -0.000699043273925781 0.275360107421875 0.235687255859375
0.00764274597167969 -0.0213890075683594 0.351898193359375 -0.048431396484375
0.0207443237304687 -0.0414390563964844 -0.323699951171875 0.0717163085937501
0.0314464569091797 -0.00703239440917969 -0.245895385742188 -0.208023071289063
0.0144729614257812 -0.0135717391967773 0.08172607421875 -0.4525146484375
0.00845909118652344 0.0109291076660156 0.57666015625 -0.3460693359375
-0.00148391723632813 0.0301380157470703 0.7158203125 0.35870361328125
-0.00209236145019531 -0.00930118560791016 0.19171142578125 0.8868408203125
0.0146446228027344 -0.00207710266113281 -0.28497314453125 0.6304931640625
0.0183563232421875 -0.0036468505859375 -0.0016632080078125 0.0858230590820313
0.0235958099365234 -0.00479698181152344 0.337249755859375 -0.545166015625
0.0264167785644531 -0.0114173889160156 -0.154541015625 -0.92138671875
0.0111494064331055 -0.000957489013671875 -0.75250244140625 -0.3328857421875
0.00506448745727539 0.00232839584350586 -0.548675537109375 0.3787841796875
0.0198955535888672 -0.00765228271484375 -0.09637451171875 0.488983154296875
0.00873851776123047 -0.0107841491699219 0.278900146484375 0.23406982421875
0.00644874572753906 -0.0230426788330078 0.352813720703125 -0.050506591796875
0.0197639465332031 -0.0421600341796875 -0.327911376953125 0.0697021484375001
0.0321903228759766 -0.0138931274414063 -0.244522094726562 -0.210479736328125
0.0160121917724609 -0.0198554992675781 0.088134765625 -0.455230712890625
0.0139551162719727 0.00921726226806641 0.582763671875 -0.34417724609375
0.00358963012695313 0.0338172912597656 0.71197509765625 0.3651123046875
-0.00216639041900635 -0.0018470287322998 0.18389892578125 0.888427734375
0.00949764251708984 0.00429439544677734 -0.28497314453125 0.62200927734375
0.0089426040649414 -0.00115489959716797 0.00676727294921875 0.081451416015625
0.0167779922485352 -0.000112533569335938 0.337127685546875 -0.54931640625
0.0262508392333984 -0.00468826293945313 -0.1656494140625 -0.919189453125
0.0163278579711914 0.00396251678466797 -0.75701904296875 -0.32220458984375
0.0104827880859375 2.57492065429687E-05 -0.543487548828125 0.381622314453125
0.0223007202148438 -0.0144386291503906 -0.0909423828125 0.486663818359375
0.00877571105957031 -0.0186634063720703 0.279861450195313 0.232101440429688
0.00558853149414063 -0.0247802734375 0.352630615234375 -0.05230712890625
0.0255508422851563 -0.0337352752685547 -0.336639404296875 0.0543212890625
0.0303096771240234 0.0221729278564453 -0.256988525390625 -0.200653076171875
0.0111160278320313 0.00969505310058594 0.071746826171875 -0.4583740234375
-0.0200462341308594 0.00991630554199219 0.562286376953125 -0.363433837890625
-0.0356788635253906 0.0063323974609375 0.72637939453125 0.32415771484375
-0.0132789611816406 -0.0481491088867188 0.22760009765625 0.8541259765625
0.0409355163574219 -0.0386238098144531 -0.24560546875 0.60760498046875
0.0643310546875 -0.0233535766601563 0.02056884765625 0.0713272094726563
0.0495452880859375 -0.0394325256347656 0.352081298828125 -0.5543212890625
0.014892578125 -0.0509223937988281 -0.13653564453125 -0.93511962890625
-0.0254573822021484 -0.0251350402832031 -0.74029541015625 -0.35760498046875
-0.0221328735351562 0.00262260437011719 -0.54827880859375 0.356353759765625
0.012359619140625 0.0123815536499023 -0.103240966796875 0.4764404296875
0.00478172302246094 0.0200023651123047 0.261001586914062 0.23065185546875
0.00796890258789063 -0.0158014297485352 0.330108642578125 -0.062530517578125
0.0253219604492187 -0.0333499908447266 -0.331573486328125 0.05902099609375
0.0300178527832031 0.0243377685546875 -0.256973266601563 -0.198745727539063
0.010279655456543 0.0118303298950195 0.0653076171875001 -0.452911376953125
-0.0198612213134766 0.0122756958007813 0.557342529296875 -0.36456298828125
-0.0343894958496094 0.007720947265625 0.72686767578125 0.3177490234375
-0.0119476318359375 -0.0483627319335937 0.236328125 0.8514404296875
0.0410957336425781 -0.0373115539550781 -0.24822998046875 0.6171875
0.0637893676757812 -0.0222053527832031 0.009033203125 0.07916259765625
0.0514450073242187 -0.0382156372070313 0.351104736328125 -0.54412841796875
0.0176773071289063 -0.050872802734375 -0.12274169921875 -0.9361572265625
-0.0254383087158203 -0.0254936218261719 -0.7347412109375 -0.3662109375
-0.0230808258056641 0.00411415100097656 -0.554840087890625 0.352783203125
0.0100793838500977 0.0143632888793945 -0.109832763671875 0.47802734375
0.00405311584472656 0.0221786499023438 0.259750366210938 0.233535766601562
0.0075531005859375 -0.0157241821289063 0.334014892578125 -0.058685302734375
0.0253410339355469 -0.0349941253662109 -0.3248291015625 0.0643310546874999
0.0297889709472656 0.0229835510253906 -0.254318237304688 -0.197799682617187
0.0105733871459961 0.0114107131958008 0.064178466796875 -0.44970703125
-0.01666259765625 0.0122299194335938 0.55560302734375 -0.362030029296875
-0.0302352905273438 0.00965118408203125 0.72882080078125 0.3197021484375
-0.00973892211914063 -0.0428543090820313 0.23675537109375 0.85711669921875
0.0386009216308594 -0.0328369140625 -0.2509765625 0.62384033203125
0.0575294494628906 -0.0184135437011719 0.00046539306640625 0.0846481323242188
0.0482521057128906 -0.0329742431640625 0.346649169921875 -0.538177490234375
0.0199737548828125 -0.0469207763671875 -0.1221923828125 -0.9332275390625
-0.0210533142089844 -0.0225067138671875 -0.73602294921875 -0.36639404296875
-0.0204544067382813 0.00519752502441406 -0.5570068359375 0.3543701171875
0.0106220245361328 0.0142841339111328 -0.11322021484375 0.481170654296875
0.00497627258300781 0.0206508636474609 0.262893676757813 0.234146118164063
0.007598876953125 -0.0162954330444336 0.33746337890625 -0.05438232421875
0.0239448547363281 -0.0370597839355469 -0.321136474609375 0.06829833984375
0.0306015014648438 0.0172843933105469 -0.25054931640625 -0.198165893554688
0.0107831954956055 0.00749397277832031 0.067047119140625 -0.4481201171875
-0.0126314163208008 0.0125226974487305 0.55975341796875 -0.3555908203125
-0.0239753723144531 0.0133285522460937 0.72344970703125 0.32952880859375
-0.00660324096679688 -0.0359077453613281 0.227294921875 0.865234375
0.0345458984375 -0.0251903533935547 -0.26171875 0.62689208984375
0.0486373901367187 -0.015106201171875 -0.00376892089843749 0.0863113403320313
0.0438613891601563 -0.0274162292480469 0.3414306640625 -0.539306640625
0.0221633911132812 -0.0393257141113281 -0.12908935546875 -0.92816162109375
-0.0146026611328125 -0.0180339813232422 -0.737548828125 -0.35546875
-0.0155048370361328 0.00532913208007812 -0.55291748046875 0.3624267578125
0.012110710144043 0.0105018615722656 -0.109283447265625 0.484039306640625
0.00575828552246094 0.0151786804199219 0.267532348632813 0.233444213867188
0.00723648071289062 -0.0176963806152344 0.341705322265625 -0.05169677734375
0.02264404296875 -0.0385513305664063 -0.318817138671875 0.0719604492187501
0.0301094055175781 0.00954818725585938 -0.247512817382813 -0.2000732421875
0.0108118057250977 0.00165176391601562 0.071685791015625 -0.446014404296875
-0.00529670715332031 0.0121221542358398 0.56488037109375 -0.3515625
-0.0162010192871094 0.0182514190673828 0.72015380859375 0.33953857421875
-0.00437355041503906 -0.0278358459472656 0.21728515625 0.87286376953125
0.0280704498291016 -0.0177154541015625 -0.2691650390625 0.62799072265625
0.0382881164550781 -0.0111846923828125 -0.00630950927734375 0.0874099731445313
0.0374832153320313 -0.0199928283691406 0.338043212890625 -0.537567138671875
0.0237560272216797 -0.0309410095214844 -0.13885498046875 -0.92633056640625
-0.00627994537353516 -0.0123748779296875 -0.741943359375 -0.34649658203125
-0.00889205932617188 0.00571441650390625 -0.550689697265625 0.368896484375
0.0144824981689453 0.00627899169921875 -0.10589599609375 0.48590087890625
0.00653457641601563 0.00739574432373047 0.271408081054688 0.233200073242188
0.0069732666015625 -0.0195560455322266 0.345550537109375 -0.0494384765625
0.0212554931640625 -0.0410041809082031 -0.319366455078125 0.073486328125
0.0312633514404297 0.00093841552734375 -0.246200561523437 -0.201248168945312
0.0119657516479492 -0.00513744354248047 0.075042724609375 -0.44708251953125
0.00151538848876953 0.0108413696289063 0.5684814453125 -0.3489990234375
-0.00816917419433594 0.0232582092285156 0.71783447265625 0.34442138671875
-0.00244140625 -0.0187397003173828 0.2054443359375 0.87744140625
0.0209312438964844 -0.00975227355957031 -0.2747802734375 0.6297607421875
0.0277576446533203 -0.00751876831054688 -0.005401611328125 0.0876235961914063
0.0301227569580078 -0.0124092102050781 0.33380126953125 -0.538116455078125
0.0257282257080078 -0.0211868286132813 -0.14752197265625 -0.920654296875
0.00342798233032227 -0.00605392456054688 -0.74560546875 -0.33721923828125
-0.00171709060668945 0.0040125846862793 -0.548004150390625 0.374053955078125
0.017913818359375 -0.000745773315429688 -0.0994873046875 0.487060546875
0.00731372833251953 -0.00143051147460937 0.273910522460938 0.231918334960938
0.00602531433105469 -0.0220108032226562 0.349578857421875 -0.050201416015625
0.0196456909179687 -0.0421409606933594 -0.3211669921875 0.0740966796875
0.0317478179931641 -0.00796699523925781 -0.24530029296875 -0.203781127929687
0.0140113830566406 -0.013737678527832 0.0797119140625 -0.44879150390625
0.00843429565429688 0.0106573104858398 0.5714111328125 -0.3463134765625
-0.000652313232421878 0.0286407470703125 0.712158203125 0.3525390625
-0.00149345397949219 -0.00948333740234375 0.1966552734375 0.8802490234375
0.0135822296142578 -0.00247287750244141 -0.27862548828125 0.62640380859375
0.0170383453369141 -0.00356292724609375 -0.000427246093749991 0.0851364135742188
0.0224132537841797 -0.00544166564941406 0.33184814453125 -0.541046142578125
0.0262870788574219 -0.0123615264892578 -0.1590576171875 -0.91510009765625
0.0103626251220703 -0.000430107116699219 -0.74957275390625 -0.32666015625
0.0053706169128418 0.0021367073059082 -0.541473388671875 0.379669189453125
0.0200576782226563 -0.00862312316894531 -0.09234619140625 0.48736572265625
0.00867271423339844 -0.0113134384155273 0.278305053710938 0.2293701171875
0.00565338134765625 -0.0224075317382812 0.34979248046875 -0.0531005859375
0.0186576843261719 -0.0422248840332031 -0.32476806640625 0.072357177734375
0.0326290130615234 -0.0158672332763672 -0.2440185546875 -0.205963134765625
0.0160694122314453 -0.020263671875 0.084136962890625 -0.45208740234375
0.0138521194458008 0.00890159606933594 0.57537841796875 -0.34515380859375
0.00486373901367187 0.0334300994873047 0.709228515625 0.3572998046875
-0.00123536586761475 -0.00216352939605713 0.1854248046875 0.880859375
0.00810527801513672 0.00356292724609375 -0.27923583984375 0.619873046875
0.00825738906860352 -0.00130081176757813 0.00689697265625 0.0813522338867188
0.0161676406860352 0.000967979431152344 0.33123779296875 -0.547088623046875
0.0258541107177734 -0.00490188598632812 -0.16943359375 -0.9124755859375
0.0173540115356445 0.00359535217285156 -0.75518798828125 -0.3179931640625
0.0103883743286133 -0.000579833984375 -0.536102294921875 0.38232421875
0.0220088958740234 -0.0149497985839844 -0.085052490234375 0.484619140625
0.00879669189453125 -0.0194072723388672 0.279022216796875 0.22802734375
0.00551414489746094 -0.0241470336914063 0.349456787109375 -0.05523681640625
0.0240898132324219 -0.0341072082519531 -0.333770751953125 0.056365966796875
0.0307960510253906 0.0208530426025391 -0.255950927734375 -0.197647094726562
0.00983047485351563 0.00939369201660156 0.06866455078125 -0.45513916015625
-0.0203456878662109 0.0106449127197266 0.55755615234375 -0.363861083984375
-0.0348949432373047 0.00614929199218749 0.72137451171875 0.3211669921875
-0.0126762390136719 -0.049072265625 0.23046875 0.8472900390625
0.0397300720214844 -0.038055419921875 -0.24188232421875 0.6033935546875
0.0629119873046875 -0.0232810974121094 0.0210113525390625 0.0709304809570313
0.0484848022460938 -0.039093017578125 0.347747802734375 -0.550689697265625
0.0148391723632813 -0.0504112243652344 -0.13726806640625 -0.92852783203125
-0.0265216827392578 -0.0247821807861328 -0.736083984375 -0.35003662109375
-0.0215721130371094 0.00263595581054687 -0.544097900390625 0.355316162109375
0.0126733779907227 0.0116043090820313 -0.100250244140625 0.473724365234375
0.00501632690429688 0.0193939208984375 0.260177612304688 0.226638793945313
0.00692081451416015 -0.016087532043457 0.328765869140625 -0.064788818359375
0.0241947174072266 -0.0345306396484375 -0.328643798828125 0.06134033203125
0.0305843353271484 0.0230083465576172 -0.255477905273437 -0.19561767578125
0.0101165771484375 0.0121784210205078 0.063140869140625 -0.45013427734375
-0.0203971862792969 0.0111598968505859 0.551239013671875 -0.3648681640625
-0.0336170196533203 0.00713539123535156 0.72271728515625 0.31207275390625
-0.0108566284179687 -0.0477676391601563 0.23779296875 0.8470458984375
0.0397300720214844 -0.036651611328125 -0.2427978515625 0.61181640625
0.0624847412109375 -0.021728515625 0.0098724365234375 0.0787277221679688
0.0499305725097656 -0.0377731323242188 0.3465576171875 -0.541168212890625
0.0167579650878906 -0.0505027770996094 -0.125732421875 -0.92633056640625
-0.0252285003662109 -0.0257720947265625 -0.73028564453125 -0.36065673828125
-0.022705078125 0.004058837890625 -0.548614501953125 0.35284423828125
0.0111293792724609 0.013737678527832 -0.106536865234375 0.47412109375
0.00515174865722656 0.0213909149169922 0.260284423828125 0.229888916015625
0.0070037841796875 -0.0152559280395508 0.331878662109375 -0.060272216796875
0.0240097045898438 -0.0357093811035156 -0.32232666015625 0.06585693359375
0.0309658050537109 0.0210590362548828 -0.252548217773438 -0.194183349609375
0.0105123519897461 0.0113697052001953 0.06256103515625 -0.446929931640625
-0.0172901153564453 0.0122356414794922 0.55126953125 -0.363128662109375
-0.0299282073974609 0.00918769836425781 0.7230224609375 0.315185546875
-0.00945281982421875 -0.0435600280761719 0.2371826171875 0.85198974609375
0.0375747680664063 -0.0326881408691406 -0.24896240234375 0.6207275390625
0.056304931640625 -0.0183639526367188 0.001007080078125 0.0832366943359375
0.0481834411621094 -0.0330429077148438 0.343994140625 -0.5345458984375
0.0190200805664063 -0.0457420349121094 -0.12408447265625 -0.928466796875
-0.0215072631835938 -0.0230579376220703 -0.73193359375 -0.36322021484375
-0.0206394195556641 0.00497055053710937 -0.55029296875 0.35296630859375
0.0110769271850586 0.0135402679443359 -0.108612060546875 0.478973388671875
0.00506591796875 0.0195732116699219 0.262741088867188 0.2305908203125
0.00661373138427734 -0.0163536071777344 0.3350830078125 -0.05535888671875
0.0224609375 -0.0377655029296875 -0.319244384765625 0.07080078125
0.0308952331542969 0.0163898468017578 -0.249526977539062 -0.194869995117187
0.0105037689208984 0.00775241851806641 0.066009521484375 -0.44427490234375
-0.0128049850463867 0.0120639801025391 0.556304931640625 -0.356231689453125
-0.0230598449707031 0.0130653381347656 0.7210693359375 0.3228759765625
-0.006072998046875 -0.0367393493652344 0.2276611328125 0.8623046875
0.0330085754394531 -0.0256137847900391 -0.25775146484375 0.62353515625
0.0474815368652344 -0.0150375366210938 -0.00351715087890625 0.0857696533203125
0.0431251525878906 -0.0276336669921875 0.33648681640625 -0.53594970703125
0.0219764709472656 -0.0394515991210938 -0.13189697265625 -0.9207763671875
-0.0141963958740234 -0.0179653167724609 -0.734619140625 -0.35101318359375
-0.0155258178710938 0.00523757934570313 -0.546783447265625 0.36328125
0.0117473602294922 0.009796142578125 -0.105804443359375 0.482818603515625
0.00547409057617187 0.0146732330322266 0.266708374023438 0.229156494140625
0.00732994079589844 -0.0180263519287109 0.33905029296875 -0.053497314453125
0.0205459594726563 -0.0391845703125 -0.316131591796875 0.073150634765625
0.0305042266845703 0.0085601806640625 -0.246170043945312 -0.19677734375
0.0108137130737305 0.00165748596191406 0.07086181640625 -0.443756103515625
-0.00557422637939453 0.0118417739868164 0.55853271484375 -0.351837158203125
-0.0151424407958984 0.0172948837280273 0.7176513671875 0.33380126953125
-0.00321388244628906 -0.0282001495361328 0.21710205078125 0.8680419921875
0.0270557403564453 -0.0181694030761719 -0.26605224609375 0.62652587890625
0.0375633239746094 -0.0105018615722656 -0.00591278076171874 0.086517333984375
0.0368194580078125 -0.0196990966796875 0.33282470703125 -0.534759521484375
0.0237960815429688 -0.0306339263916016 -0.141357421875 -0.91790771484375
-0.00596332550048828 -0.0123786926269531 -0.73822021484375 -0.34271240234375
-0.00813722610473633 0.00507307052612305 -0.545623779296875 0.369293212890625
0.0140972137451172 0.00510692596435547 -0.102691650390625 0.48406982421875
0.00677061080932617 0.00689029693603516 0.270095825195313 0.229278564453125
0.00617599487304687 -0.0196685791015625 0.34381103515625 -0.052703857421875
0.0196571350097656 -0.0414390563964844 -0.3157958984375 0.0753479003906251
0.0317573547363281 0.000246047973632813 -0.24444580078125 -0.198272705078125
0.012059211730957 -0.00540351867675781 0.0714721679687499 -0.443878173828125
0.00126457214355469 0.010772705078125 0.56298828125 -0.3492431640625
-0.00722503662109375 0.0231113433837891 0.714599609375 0.337890625
-0.00196456909179688 -0.0190219879150391 0.20794677734375 0.8721923828125
0.0206718444824219 -0.0104637145996094 -0.270751953125 0.62506103515625
0.0265102386474609 -0.00708770751953125 -0.00440216064453124 0.08642578125
0.0295677185058594 -0.0125923156738281 0.330902099609375 -0.53570556640625
0.0247726440429688 -0.0212345123291016 -0.15142822265625 -0.91241455078125
0.00344133377075195 -0.00624227523803711 -0.7421875 -0.33331298828125
-0.00149202346801758 0.0031740665435791 -0.5416259765625 0.3739013671875
0.0176105499267578 -0.00133895874023438 -0.095733642578125 0.48370361328125
0.00845956802368164 -0.00266313552856445 0.274078369140625 0.227249145507813
0.00504493713378906 -0.0212249755859375 0.346405029296875 -0.0523681640625
0.0180206298828125 -0.0424041748046875 -0.31756591796875 0.0759582519531249
0.0321369171142578 -0.008758544921875 -0.2435302734375 -0.199935913085938
0.0133342742919922 -0.0137472152709961 0.076751708984375 -0.44537353515625
0.00823783874511719 0.00992488861083985 0.5660400390625 -0.34747314453125
0.000181198120117184 0.0286331176757813 0.710205078125 0.34625244140625
-0.00091838836669922 -0.0105342864990234 0.197265625 0.87530517578125
0.0129604339599609 -0.00257110595703125 -0.27276611328125 0.62322998046875
0.0161542892456055 -0.00322341918945313 1.52587890625072E-05 0.0843582153320313
0.0213031768798828 -0.00585365295410156 0.328033447265625 -0.53802490234375
0.0258522033691406 -0.0121135711669922 -0.159912109375 -0.90863037109375
0.0106611251831055 -0.00102806091308594 -0.74517822265625 -0.32244873046875
0.00560188293457031 0.00151443481445313 -0.535614013671875 0.37896728515625
0.0203113555908203 -0.00933456420898438 -0.08929443359375 0.483795166015625
0.00837326049804688 -0.0112857818603516 0.277374267578125 0.225234985351563
0.00472259521484375 -0.0236377716064453 0.34765625 -0.05438232421875
0.017578125 -0.0425338745117188 -0.32208251953125 0.0738220214843749
0.0327072143554688 -0.0166854858398438 -0.242630004882812 -0.202438354492188
0.0158329010009766 -0.0198898315429688 0.081512451171875 -0.448974609375
0.0138864517211914 0.00873756408691406 0.57012939453125 -0.3443603515625
0.00544357299804688 0.0324516296386719 0.70556640625 0.35357666015625
-0.000807046890258789 -0.00313997268676758 0.1868896484375 0.877685546875
0.00756454467773438 0.00342798233032227 -0.2757568359375 0.61724853515625
0.00796985626220703 -0.000947475433349609 0.00728607177734375 0.0805282592773437
0.0154581069946289 0.000362396240234375 0.326690673828125 -0.542938232421875
0.0256290435791016 -0.00577354431152344 -0.17034912109375 -0.90496826171875
0.0164394378662109 0.00323677062988281 -0.75115966796875 -0.3121337890625
0.0107545852661133 -0.000605583190917969 -0.531280517578125 0.382232666015625
0.0222854614257813 -0.0152397155761719 -0.082733154296875 0.48150634765625
0.00829696655273437 -0.0195560455322266 0.277816772460938 0.223846435546875
0.00449180603027343 -0.0245037078857422 0.346954345703125 -0.057281494140625
0.0235004425048828 -0.0351428985595703 -0.331573486328125 0.058013916015625
0.0308952331542969 0.0195941925048828 -0.25433349609375 -0.194137573242187
0.00982952117919922 0.00980758666992188 0.067230224609375 -0.4521484375
-0.0202884674072266 0.0104274749755859 0.55438232421875 -0.363494873046875
-0.0344314575195313 0.00525093078613281 0.71826171875 0.31658935546875
-0.0120315551757812 -0.0485687255859375 0.2286376953125 0.8427734375
0.0389213562011719 -0.038360595703125 -0.2388916015625 0.59991455078125
0.0621871948242188 -0.0231208801269531 0.0212020874023437 0.0703048706054688
0.0479393005371094 -0.0394401550292969 0.343994140625 -0.54718017578125
0.01446533203125 -0.0506324768066406 -0.1380615234375 -0.921875
-0.0259590148925781 -0.0245304107666016 -0.731689453125 -0.34820556640625
-0.0211925506591797 0.002655029296875 -0.5396728515625 0.35400390625
0.0123500823974609 0.0106325149536133 -0.0980834960937501 0.47064208984375
0.00537109375 0.0192108154296875 0.259353637695313 0.22412109375
0.00624179840087891 -0.0161628723144531 0.325408935546875 -0.06488037109375
0.0231666564941406 -0.0351486206054688 -0.326080322265625 0.062713623046875
0.0309123992919922 0.0216026306152344 -0.25347900390625 -0.192581176757813
0.0105800628662109 0.0113306045532227 0.061553955078125 -0.447509765625
-0.0204238891601563 0.0114421844482422 0.54705810546875 -0.3638916015625
-0.0327281951904297 0.00561332702636719 0.71893310546875 0.30767822265625
-0.0107688903808594 -0.047637939453125 0.23651123046875 0.84027099609375
0.0382881164550781 -0.0372200012207031 -0.2410888671875 0.6097412109375
0.0611610412597656 -0.0216941833496094 0.00960540771484376 0.0777969360351563
0.0494461059570313 -0.0379905700683594 0.341827392578125 -0.537139892578125
0.0173988342285156 -0.0507888793945313 -0.12652587890625 -0.9210205078125
-0.0255393981933594 -0.0249366760253906 -0.72705078125 -0.3564453125
-0.0228214263916016 0.00354194641113281 -0.54376220703125 0.350616455078125
0.0102462768554688 0.0132389068603516 -0.104095458984375 0.47174072265625
0.00487709045410156 0.0214214324951172 0.259613037109375 0.226531982421875
0.0069742202758789 -0.015925407409668 0.329742431640625 -0.0615234375
0.0226173400878906 -0.035919189453125 -0.319915771484375 0.067779541015625
0.0310840606689453 0.0198326110839844 -0.251785278320313 -0.191635131835938
0.010258674621582 0.0112895965576172 0.061859130859375 -0.44342041015625
-0.0177650451660156 0.0124759674072266 0.546844482421875 -0.361114501953125
-0.0290088653564453 0.00882530212402344 0.718505859375 0.31109619140625
-0.00884628295898438 -0.0434303283691406 0.2371826171875 0.8458251953125
0.036529541015625 -0.0322799682617188 -0.2457275390625 0.61712646484375
0.0550613403320313 -0.01812744140625 0.000938415527343754 0.08306884765625
0.0472755432128906 -0.0330619812011719 0.339996337890625 -0.53155517578125
0.0199089050292969 -0.0460968017578125 -0.1251220703125 -0.91973876953125
-0.0217380523681641 -0.0224895477294922 -0.72772216796875 -0.35845947265625
-0.0195846557617188 0.0048370361328125 -0.54681396484375 0.352783203125
0.0110855102539063 0.012598991394043 -0.107025146484375 0.47509765625
0.00518608093261719 0.0190162658691406 0.260467529296875 0.226913452148438
0.00614261627197266 -0.016571044921875 0.332611083984375 -0.056488037109375
0.0213661193847656 -0.0379409790039063 -0.317047119140625 0.07122802734375
0.0308761596679688 0.0148849487304688 -0.24810791015625 -0.1923828125
0.0101852416992188 0.00763988494873047 0.06402587890625 -0.44110107421875
-0.0129871368408203 0.0120124816894531 0.5523681640625 -0.355224609375
-0.0228424072265625 0.0120658874511719 0.71575927734375 0.320556640625
-0.0057373046875 -0.0367660522460937 0.22821044921875 0.85394287109375
0.0320205688476563 -0.0257587432861328 -0.25384521484375 0.61944580078125
0.0463523864746094 -0.0146369934082031 -0.00331878662109375 0.0850677490234375
0.0427818298339844 -0.0274124145507812 0.332855224609375 -0.53118896484375
0.0212898254394531 -0.0391006469726563 -0.1328125 -0.91497802734375
-0.01434326171875 -0.0179214477539063 -0.730224609375 -0.34771728515625
-0.0158596038818359 0.00525093078613281 -0.54241943359375 0.361114501953125
0.0122833251953125 0.0102729797363281 -0.10345458984375 0.479583740234375
0.00583934783935547 0.0143260955810547 0.265151977539063 0.2257080078125
0.00626182556152344 -0.0179481506347656 0.337310791015625 -0.05426025390625
0.0196800231933594 -0.0394783020019531 -0.313262939453125 0.074554443359375
0.0307598114013672 0.00736427307128906 -0.244384765625 -0.194488525390625
0.0103836059570313 0.00200176239013672 0.068359375 -0.4403076171875
-0.00618934631347656 0.0114583969116211 0.554473876953125 -0.3505859375
-0.0149602890014648 0.0170373916625977 0.71282958984375 0.33001708984375
-0.00362396240234375 -0.0284061431884766 0.21783447265625 0.86236572265625
0.0267429351806641 -0.0181121826171875 -0.26214599609375 0.6224365234375
0.0361480712890625 -0.0109138488769531 -0.00521850585937499 0.0866470336914063
0.0355491638183594 -0.0200309753417969 0.3297119140625 -0.53021240234375
0.0231685638427734 -0.0304584503173828 -0.14276123046875 -0.9112548828125
-0.00624942779541015 -0.0122270584106445 -0.73406982421875 -0.33984375
-0.00861835479736328 0.00497865676879883 -0.540435791015625 0.36700439453125
0.0145721435546875 0.00461578369140625 -0.09954833984375 0.48114013671875
0.00716590881347656 0.00603342056274414 0.269134521484375 0.224899291992188
0.00573158264160156 -0.0195083618164062 0.340301513671875 -0.05377197265625
0.0186233520507813 -0.041534423828125 -0.3140869140625 0.0761413574218749
0.031158447265625 -0.000762939453125 -0.243148803710938 -0.195465087890625
0.0114755630493164 -0.00579071044921875 0.0704650878906251 -0.44134521484375
0.00104808807373047 0.010894775390625 0.558013916015625 -0.347747802734375
-0.00639533996582031 0.0220851898193359 0.70916748046875 0.3358154296875
-0.00182914733886719 -0.0195884704589844 0.20806884765625 0.8675537109375
0.0196075439453125 -0.00993156433105469 -0.2681884765625 0.6221923828125
0.0255584716796875 -0.00731086730957031 -0.00405120849609374 0.0858535766601563
0.0287666320800781 -0.0123195648193359 0.32684326171875 -0.530731201171875
0.0249156951904297 -0.0218105316162109 -0.14959716796875 -0.90692138671875
0.00333642959594726 -0.00626754760742188 -0.7374267578125 -0.330810546875
-0.00146913528442383 0.00390267372131348 -0.53680419921875 0.37225341796875
0.0174112319946289 -0.00250434875488281 -0.0950927734375 0.48077392578125
0.00759220123291016 -0.00284481048583984 0.272994995117188 0.224136352539062
0.00504302978515625 -0.0209884643554688 0.3436279296875 -0.054412841796875
0.0168952941894531 -0.0433540344238281 -0.315673828125 0.077972412109375
0.0319366455078125 -0.0102863311767578 -0.241668701171875 -0.197097778320313
0.013554573059082 -0.0129175186157227 0.0758056640625 -0.442779541015625
0.00779533386230469 0.0101203918457031 0.56170654296875 -0.34661865234375
0.000616073608398436 0.0273456573486328 0.70556640625 0.34375
-0.000269889831542968 -0.0113840103149414 0.1961669921875 0.87030029296875
0.0119876861572266 -0.00216102600097656 -0.27130126953125 0.61822509765625
0.01507568359375 -0.00340080261230469 0.000732421875000007 0.0833892822265625
0.0213336944580078 -0.00560569763183594 0.324462890625 -0.53448486328125
0.0258445739746094 -0.0121250152587891 -0.16094970703125 -0.90216064453125
0.0114965438842773 -0.000848770141601563 -0.7410888671875 -0.31988525390625
0.00599384307861328 0.00189638137817383 -0.53131103515625 0.376312255859375
0.0200729370117188 -0.00937843322753906 -0.08758544921875 0.480255126953125
0.00865077972412109 -0.0125455856323242 0.276092529296875 0.222259521484375
0.00437164306640625 -0.0227909088134766 0.345367431640625 -0.05609130859375
0.0161399841308594 -0.0431594848632813 -0.319122314453125 0.075225830078125
0.0320644378662109 -0.0179100036621094 -0.2408447265625 -0.199508666992188
0.0154399871826172 -0.0201206207275391 0.079681396484375 -0.44580078125
0.0136632919311523 0.00891780853271484 0.56536865234375 -0.34405517578125
0.00619316101074219 0.0312480926513672 0.70220947265625 0.34930419921875
-8.46385955810546E-05 -0.00389981269836426 0.1878662109375 0.8717041015625
0.00726699829101562 0.00323247909545898 -0.27301025390625 0.61431884765625
0.00688314437866211 -0.000654220581054688 0.00795745849609375 0.0802764892578125
0.0153017044067383 -0.0004425048828125 0.32373046875 -0.539947509765625
0.0258808135986328 -0.00508308410644531 -0.17120361328125 -0.899169921875
0.0163745880126953 0.00345706939697266 -0.74566650390625 -0.31005859375
0.0107593536376953 -0.000886917114257812 -0.5272216796875 0.378997802734375
0.0221958160400391 -0.0160598754882813 -0.080902099609375 0.477569580078125
0.00878715515136719 -0.0201320648193359 0.277099609375 0.219985961914063
0.00393867492675781 -0.0245552062988281 0.344696044921875 -0.05828857421875
0.0218467712402344 -0.0357589721679688 -0.329315185546875 0.0591430664062499
0.0315265655517578 0.0179252624511719 -0.252395629882813 -0.19268798828125
0.0103025436401367 0.00946044921875 0.067626953125 -0.450592041015625
-0.0206718444824219 0.0101966857910156 0.54931640625 -0.3638916015625
-0.033660888671875 0.00467681884765625 0.71435546875 0.31512451171875
-0.0119056701660156 -0.049102783203125 0.23040771484375 0.83966064453125
0.0381813049316406 -0.0377388000488281 -0.2381591796875 0.59661865234375
0.0610923767089844 -0.0223350524902344 0.0216941833496094 0.0699996948242188
0.0475997924804688 -0.03863525390625 0.34100341796875 -0.543121337890625
0.0148696899414063 -0.0505599975585938 -0.13916015625 -0.91741943359375
-0.0257663726806641 -0.0244312286376953 -0.7286376953125 -0.34552001953125
-0.0206871032714844 0.0028839111328125 -0.535736083984375 0.354248046875
0.0120058059692383 0.0100135803222656 -0.09649658203125 0.46759033203125
0.00558853149414063 0.0184516906738281 0.258148193359375 0.22076416015625
0.00582408905029297 -0.0156784057617188 0.32470703125 -0.066497802734375
0.0223655700683594 -0.0356025695800781 -0.323822021484375 0.063446044921875
0.0311241149902344 0.0202255249023438 -0.252349853515625 -0.19036865234375
0.0101947784423828 0.0112981796264648 0.060791015625 -0.445068359375
-0.0205078125 0.01141357421875 0.5438232421875 -0.3631591796875
-0.0320110321044922 0.00580596923828125 0.7152099609375 0.3050537109375
-0.0106010437011719 -0.048095703125 0.23748779296875 0.8367919921875
0.0381507873535156 -0.0368118286132813 -0.23846435546875 0.60675048828125
0.0599021911621094 -0.0212821960449219 0.00960540771484376 0.0777740478515625
0.0483589172363281 -0.0376548767089844 0.34088134765625 -0.534149169921875
0.016754150390625 -0.0501708984375 -0.12493896484375 -0.91607666015625
-0.0247821807861328 -0.0248661041259766 -0.7237548828125 -0.356201171875
-0.0221290588378906 0.00367164611816406 -0.5401611328125 0.349578857421875
0.010899543762207 0.0131397247314453 -0.103118896484375 0.469696044921875
0.00521469116210937 0.0206661224365234 0.258346557617188 0.223159790039063
0.00604534149169922 -0.0162525177001953 0.328094482421875 -0.062591552734375
0.0210380554199219 -0.0361366271972656 -0.3182373046875 0.0684814453124999
0.0305385589599609 0.018157958984375 -0.249237060546875 -0.189697265625
0.0100908279418945 0.0107574462890625 0.060699462890625 -0.441864013671875
-0.0180625915527344 0.0126781463623047 0.542236328125 -0.362060546875
-0.0280780792236328 0.0079498291015625 0.71612548828125 0.3096923828125
-0.00873565673828125 -0.0439872741699219 0.23626708984375 0.84259033203125
0.03546142578125 -0.0320053100585938 -0.24407958984375 0.61492919921875
0.0543785095214844 -0.0182113647460938 0.0013885498046875 0.0822219848632813
0.0460472106933594 -0.0328025817871094 0.337127685546875 -0.528106689453125
0.0195541381835938 -0.0457420349121094 -0.12542724609375 -0.9171142578125
-0.0205440521240234 -0.0227222442626953 -0.72393798828125 -0.3575439453125
-0.0195446014404297 0.00414848327636719 -0.5428466796875 0.35235595703125
0.0108928680419922 0.0120306015014648 -0.105133056640625 0.473541259765625
0.00598907470703125 0.0190563201904297 0.260543823242188 0.22430419921875
0.00588512420654297 -0.0162572860717773 0.3314208984375 -0.057708740234375
0.0202865600585937 -0.0388031005859375 -0.313751220703125 0.0733642578125
0.0305252075195313 0.0135021209716797 -0.246063232421875 -0.189971923828125
0.0101280212402344 0.00734901428222656 0.06304931640625 -0.43804931640625
-0.0126953125 0.0120668411254883 0.547821044921875 -0.354888916015625
-0.0218982696533203 0.0117435455322266 0.71356201171875 0.31829833984375
-0.00555038452148438 -0.0370445251464844 0.22833251953125 0.85235595703125
0.0315704345703125 -0.0249671936035156 -0.25250244140625 0.6171875
0.0454902648925781 -0.0142478942871094 -0.00204467773437499 0.08447265625
0.0412178039550781 -0.027191162109375 0.332122802734375 -0.52899169921875
0.0214080810546875 -0.03875732421875 -0.134033203125 -0.908447265625
-0.0143356323242188 -0.0176048278808594 -0.727294921875 -0.34625244140625
-0.0148830413818359 0.00462818145751953 -0.539459228515625 0.360107421875
0.0125217437744141 0.00880813598632813 -0.100982666015625 0.475982666015625
0.00531196594238281 0.0132713317871094 0.264389038085938 0.222930908203125
0.00518035888671875 -0.0179328918457031 0.335601806640625 -0.055206298828125
0.018463134765625 -0.040313720703125 -0.3118896484375 0.075042724609375
0.0312366485595703 0.00599098205566406 -0.243133544921875 -0.1917724609375
0.0107574462890625 0.00168228149414063 0.06756591796875 -0.438201904296875
-0.00654029846191407 0.0116052627563477 0.55047607421875 -0.35003662109375
-0.0145587921142578 0.0156764984130859 0.7098388671875 0.32757568359375
-0.00286293029785156 -0.0293235778808594 0.21795654296875 0.85992431640625
0.0262508392333984 -0.0174369812011719 -0.25982666015625 0.6197509765625
0.0352783203125 -0.0107612609863281 -0.00444793701171875 0.0854873657226563
0.0352859497070313 -0.02008056640625 0.32806396484375 -0.526031494140625
0.0233993530273437 -0.0300445556640625 -0.14080810546875 -0.90704345703125
-0.0066375732421875 -0.012272834777832 -0.7318115234375 -0.337890625
-0.00806903839111328 0.00400829315185547 -0.53704833984375 0.36468505859375
0.0147180557250977 0.00379371643066406 -0.0982666015625 0.478240966796875
0.00651264190673828 0.00585174560546875 0.267684936523438 0.222625732421875
0.00475311279296875 -0.019317626953125 0.338531494140625 -0.0543212890625
0.0175247192382813 -0.0423164367675781 -0.311553955078125 0.0775756835937499
0.0313358306884766 -0.00266265869140625 -0.241729736328125 -0.192840576171875
0.0124998092651367 -0.00577163696289063 0.070220947265625 -0.43853759765625
-1.62124633789052E-05 0.0111808776855469 0.556396484375 -0.348175048828125
-0.00593376159667969 0.0215873718261719 0.7061767578125 0.33294677734375
-0.000444412231445312 -0.0200920104980469 0.20709228515625 0.86395263671875
0.0190849304199219 -0.0101356506347656 -0.2664794921875 0.61968994140625
0.0249671936035156 -0.00687980651855469 -0.00363922119140625 0.0856781005859375
0.0280170440673828 -0.0125579833984375 0.3236083984375 -0.5264892578125
0.0249557495117187 -0.0214557647705078 -0.1510009765625 -0.90045166015625
0.00248575210571289 -0.0062708854675293 -0.73406982421875 -0.327392578125
-0.00140976905822754 0.00296854972839355 -0.53369140625 0.3702392578125
0.0170221328735352 -0.00338554382324219 -0.09332275390625 0.478668212890625
0.00829553604125977 -0.00322484970092773 0.272109985351563 0.22161865234375
0.00418281555175781 -0.0214595794677734 0.342864990234375 -0.05438232421875
0.0154647827148438 -0.0433883666992188 -0.313629150390625 0.077850341796875
0.0320758819580078 -0.0114765167236328 -0.240234375 -0.195571899414062
0.0128326416015625 -0.0132541656494141 0.0745849609375 -0.440643310546875
0.00715446472167969 0.00963973999023438 0.55767822265625 -0.345947265625
0.00137901306152343 0.0262660980224609 0.7032470703125 0.34027099609375
-6.67572021484339E-06 -0.0112133026123047 0.19525146484375 0.86688232421875
0.0119113922119141 -0.00229549407958984 -0.269775390625 0.61553955078125
0.0143308639526367 -0.0032196044921875 0.0006866455078125 0.0835342407226563
0.02081298828125 -0.00509452819824219 0.322906494140625 -0.531494140625
0.0250911712646484 -0.0119304656982422 -0.16094970703125 -0.89703369140625
0.0107660293579102 -0.000906944274902344 -0.7398681640625 -0.3175048828125
0.0052790641784668 0.00118017196655273 -0.527984619140625 0.374786376953125
0.0196743011474609 -0.0104045867919922 -0.0865478515625 0.47686767578125
0.00796127319335938 -0.0132379531860352 0.2752685546875 0.21954345703125
0.00386428833007812 -0.0232791900634766 0.343231201171875 -0.05731201171875
0.0153427124023438 -0.044158935546875 -0.31787109375 0.0762329101562499
0.0325565338134766 -0.0194587707519531 -0.239898681640625 -0.197891235351562
0.0145359039306641 -0.0200786590576172 0.0790405273437501 -0.444091796875
0.0123634338378906 0.00845623016357422 0.562744140625 -0.343505859375
0.0067901611328125 0.0300960540771484 0.69915771484375 0.34625244140625
0.000138282775878906 -0.00419020652770996 0.1865234375 0.868896484375
0.00586318969726563 0.00360250473022461 -0.271240234375 0.61041259765625
0.00610637664794922 -0.000687122344970703 0.00823974609375001 0.0795211791992188
0.0148715972900391 -8.48770141601562E-05 0.321868896484375 -0.534759521484375
0.025390625 -0.00587844848632813 -0.17071533203125 -0.89422607421875
0.016362190246582 0.00321578979492188 -0.742919921875 -0.3087158203125
0.0104656219482422 -0.000720977783203125 -0.522491455078125 0.378173828125
0.0225009918212891 -0.0169239044189453 -0.079681396484375 0.47479248046875
0.00865364074707031 -0.0202693939208984 0.27630615234375 0.2176513671875
0.00391197204589844 -0.0242786407470703 0.3427734375 -0.059112548828125
0.0203361511230469 -0.0356521606445313 -0.328765869140625 0.0604248046874999
0.0312957763671875 0.0168590545654297 -0.251068115234375 -0.1910400390625
0.0105791091918945 0.00849723815917969 0.066070556640625 -0.448883056640625
-0.0208263397216797 0.0102005004882813 0.546630859375 -0.36297607421875
-0.0329456329345703 0.00435638427734375 0.7117919921875 0.31329345703125
-0.0115852355957031 -0.0489120483398438 0.228515625 0.8358154296875
0.0379409790039063 -0.03704833984375 -0.23681640625 0.5946044921875
0.059722900390625 -0.0219917297363281 0.0214881896972656 0.0697784423828125
0.0470314025878906 -0.0394515991210938 0.34027099609375 -0.540496826171875
0.0144081115722656 -0.0499725341796875 -0.13739013671875 -0.91387939453125
-0.0257740020751953 -0.0240440368652344 -0.72601318359375 -0.346435546875
-0.0216236114501953 0.00209617614746093 -0.533050537109375 0.352294921875
0.0126943588256836 0.00951766967773438 -0.0965576171875 0.4664306640625
0.00489234924316406 0.0176200866699219 0.256851196289063 0.218231201171875
0.00515365600585938 -0.0161209106445313 0.32305908203125 -0.06683349609375
0.0203170776367187 -0.0362739562988281 -0.322723388671875 0.06439208984375
0.0311737060546875 0.0189781188964844 -0.251083374023438 -0.18896484375
0.0103178024291992 0.0114021301269531 0.059234619140625 -0.44354248046875
-0.0207405090332031 0.0113964080810547 0.542083740234375 -0.363494873046875
-0.0311145782470703 0.00516700744628907 0.71197509765625 0.30401611328125
-0.0101776123046875 -0.0478248596191406 0.23553466796875 0.8350830078125
0.03759765625 -0.0369834899902344 -0.23779296875 0.60333251953125
0.0590896606445313 -0.0211715698242188 0.0103607177734375 0.0764999389648438
0.0480537414550781 -0.0372962951660156 0.3392333984375 -0.530914306640625
0.0165786743164063 -0.0495376586914063 -0.123779296875 -0.9127197265625
-0.0248641967773438 -0.0252914428710938 -0.72021484375 -0.35516357421875
-0.0220775604248047 0.00293922424316407 -0.53863525390625 0.347564697265625
0.0111417770385742 0.011509895324707 -0.10272216796875 0.46832275390625
0.00511550903320312 0.0202274322509766 0.2579345703125 0.221511840820313
0.00482463836669922 -0.0157403945922852 0.32696533203125 -0.06256103515625
0.0196342468261719 -0.0371665954589844 -0.316741943359375 0.068817138671875
0.0313491821289063 0.0170269012451172 -0.248275756835937 -0.18756103515625
0.0101795196533203 0.0110254287719727 0.058807373046875 -0.440216064453125
-0.0180339813232422 0.0121383666992188 0.5408935546875 -0.360504150390625
-0.0277462005615234 0.00698471069335938 0.71337890625 0.30712890625
-0.00744247436523438 -0.0440330505371094 0.235595703125 0.84088134765625
0.0352401733398438 -0.0319252014160156 -0.24322509765625 0.61163330078125
0.0536231994628906 -0.0176429748535156 0.00151824951171875 0.08160400390625
0.0461196899414062 -0.0326194763183594 0.336822509765625 -0.525390625
0.0187835693359375 -0.0452995300292969 -0.125 -0.910888671875
-0.0209236145019531 -0.02227783203125 -0.7208251953125 -0.35662841796875
-0.0199069976806641 0.00458145141601562 -0.5413818359375 0.349273681640625
0.0114421844482422 0.0114622116088867 -0.104827880859375 0.471221923828125
0.00559806823730469 0.0182876586914063 0.259414672851563 0.221450805664062
0.00518226623535156 -0.0164127349853516 0.33026123046875 -0.058868408203125
0.0196609497070313 -0.039031982421875 -0.31317138671875 0.073333740234375
0.0312786102294922 0.0123081207275391 -0.244949340820313 -0.18927001953125
0.0106697082519531 0.00774288177490234 0.063079833984375 -0.437713623046875
-0.0132236480712891 0.0120754241943359 0.545623779296875 -0.355010986328125
-0.0208778381347656 0.0107421875 0.7103271484375 0.31671142578125
-0.00464630126953125 -0.0375900268554687 0.2265625 0.85052490234375
0.0307273864746094 -0.0253944396972656 -0.251220703125 0.6151123046875
0.044830322265625 -0.0144996643066406 -0.0030975341796875 0.083709716796875
0.0409126281738281 -0.0265121459960938 0.32940673828125 -0.524688720703125
0.0209732055664062 -0.038421630859375 -0.13232421875 -0.90679931640625
-0.0142059326171875 -0.0177326202392578 -0.72540283203125 -0.34686279296875
-0.0150537490844727 0.00454521179199219 -0.536224365234375 0.358306884765625
0.0119113922119141 0.008148193359375 -0.099884033203125 0.474609375
0.00583076477050781 0.0131340026855469 0.264846801757813 0.221588134765625
0.00523567199707031 -0.017913818359375 0.333892822265625 -0.05621337890625
0.0175094604492188 -0.0409736633300781 -0.31048583984375 0.076171875
0.0310764312744141 0.0048370361328125 -0.241928100585938 -0.1893310546875
0.0107288360595703 0.00181865692138672 0.06744384765625 -0.436248779296875
-0.00705432891845703 0.0113019943237305 0.54986572265625 -0.35064697265625
-0.0135316848754883 0.0153446197509766 0.70867919921875 0.3272705078125
-0.00252723693847656 -0.0296516418457031 0.216796875 0.8577880859375
0.0247783660888672 -0.0177288055419922 -0.26007080078125 0.6173095703125
0.0347385406494141 -0.0103492736816406 -0.00457000732421875 0.0851364135742187
0.035186767578125 -0.0199737548828125 0.325775146484375 -0.524200439453125
0.0230045318603516 -0.0299243927001953 -0.1422119140625 -0.90496826171875
-0.00594425201416016 -0.0118684768676758 -0.7283935546875 -0.33758544921875
-0.00800085067749023 0.00390052795410156 -0.535919189453125 0.36474609375
0.0146512985229492 0.00281047821044922 -0.096954345703125 0.475860595703125
0.00615835189819336 0.00491857528686523 0.267379760742188 0.220169067382813
0.00440788269042969 -0.0192050933837891 0.337310791015625 -0.0550537109375
0.0160293579101562 -0.0428009033203125 -0.310882568359375 0.0793151855468751
0.0314521789550781 -0.00351715087890625 -0.239837646484375 -0.1915283203125
0.0121707916259766 -0.00574302673339844 0.069488525390625 -0.437469482421875
-0.000242233276367187 0.0110197067260742 0.55218505859375 -0.347198486328125
-0.00594902038574219 0.0208892822265625 0.70538330078125 0.3314208984375
8.20159912109367E-05 -0.0210037231445313 0.2047119140625 0.86297607421875
0.0186843872070313 -0.00954437255859375 -0.26495361328125 0.6156005859375
0.0234184265136719 -0.00674819946289063 -0.003265380859375 0.0848541259765625
0.0274314880371094 -0.0130348205566406 0.323883056640625 -0.524627685546875
0.0245800018310547 -0.0212688446044922 -0.1507568359375 -0.8992919921875
0.00254106521606445 -0.00613260269165039 -0.73150634765625 -0.3277587890625
-0.00161981582641602 0.0030219554901123 -0.531585693359375 0.36993408203125
0.0169668197631836 -0.00348091125488281 -0.092010498046875 0.476287841796875
0.00775909423828125 -0.00346517562866211 0.270477294921875 0.220016479492187
0.00402641296386719 -0.0217056274414063 0.3406982421875 -0.055694580078125
0.0145034790039062 -0.0436363220214844 -0.3123779296875 0.079498291015625
0.0318660736083984 -0.0126972198486328 -0.238815307617187 -0.1932373046875
0.0131454467773438 -0.0132608413696289 0.073760986328125 -0.438385009765625
0.00693511962890625 0.00992488861083984 0.556304931640625 -0.345367431640625
0.00214004516601562 0.0250930786132813 0.6993408203125 0.33990478515625
0.000783920288085937 -0.0119056701660156 0.19537353515625 0.8648681640625
0.0114278793334961 -0.0016326904296875 -0.2705078125 0.61444091796875
0.0135927200317383 -0.00333595275878906 0.00104522705078124 0.0823440551757812
0.0203170776367188 -0.00553512573242188 0.322509765625 -0.52862548828125
0.0250797271728516 -0.0122928619384766 -0.15911865234375 -0.892822265625
0.0107412338256836 -0.00111579895019531 -0.73492431640625 -0.3167724609375
0.00588083267211914 0.00146341323852539 -0.525146484375 0.3746337890625
0.0195140838623047 -0.0111865997314453 -0.0841674804687499 0.475860595703125
0.00796031951904297 -0.0130577087402344 0.274673461914063 0.216461181640625
0.00328254699707032 -0.0231895446777344 0.34210205078125 -0.057586669921875
0.013702392578125 -0.044158935546875 -0.316070556640625 0.0772399902343749
0.0324115753173828 -0.0205326080322266 -0.238800048828125 -0.195785522460938
0.0151767730712891 -0.0200366973876953 0.079254150390625 -0.44061279296875
0.0125370025634766 0.00888538360595703 0.5577392578125 -0.34381103515625
0.00677490234375 0.0299663543701172 0.69757080078125 0.34552001953125
0.000779628753662109 -0.00469970703125 0.186279296875 0.86578369140625
0.00570869445800781 0.00438451766967773 -0.2708740234375 0.6080322265625
0.00511407852172852 -0.000675201416015625 0.00778961181640626 0.0787277221679688
0.0143003463745117 -0.000570297241210938 0.321197509765625 -0.53277587890625
0.0254478454589844 -0.00469207763671875 -0.17059326171875 -0.89306640625
0.0167217254638672 0.003326416015625 -0.7401123046875 -0.308837890625
0.010869026184082 -0.00144386291503906 -0.520263671875 0.377471923828125
0.0221786499023438 -0.0177555084228516 -0.078582763671875 0.472747802734375
0.00850105285644531 -0.0207023620605469 0.275177001953125 0.215896606445313
0.00287437438964844 -0.0238323211669922 0.341217041015625 -0.06024169921875
0.0194435119628906 -0.0372161865234375 -0.327392578125 0.0611877441406249
0.0312137603759766 0.0161361694335938 -0.249725341796875 -0.190231323242187
0.0100622177124023 0.00845813751220703 0.0653991699218751 -0.4466552734375
-0.0212059020996094 0.0104789733886719 0.545989990234375 -0.362518310546875
-0.0322837829589844 0.00324249267578124 0.7109375 0.31341552734375
-0.0107612609863281 -0.0498046875 0.225830078125 0.8359375
0.0367355346679688 -0.036651611328125 -0.2359619140625 0.5921630859375
0.0595779418945312 -0.0227317810058594 0.022125244140625 0.0686531066894531
0.0464706420898438 -0.03863525390625 0.33953857421875 -0.5377197265625
0.0145530700683594 -0.049957275390625 -0.13812255859375 -0.91033935546875
-0.0256919860839844 -0.0242919921875 -0.72454833984375 -0.34735107421875
-0.0214366912841797 0.00163078308105469 -0.532867431640625 0.349945068359375
0.012415885925293 0.00848674774169922 -0.095123291015625 0.464447021484375
0.00526905059814453 0.0173816680908203 0.256271362304688 0.216766357421875
0.00437736511230469 -0.0156946182250977 0.322235107421875 -0.066680908203125
0.0194091796875 -0.0368309020996094 -0.321563720703125 0.064910888671875
0.0310077667236328 0.0181198120117188 -0.2493896484375 -0.187911987304688
0.0100326538085938 0.0110158920288086 0.059295654296875 -0.441253662109375
-0.0214443206787109 0.0117263793945313 0.539825439453125 -0.36285400390625
-0.0307769775390625 0.00354957580566406 0.7100830078125 0.30523681640625
-0.00947952270507813 -0.0490913391113281 0.23583984375 0.83563232421875
0.0366973876953125 -0.0356369018554688 -0.23834228515625 0.60186767578125
0.0581092834472656 -0.0202255249023438 0.0100631713867187 0.0763931274414063
0.0471000671386719 -0.0371360778808594 0.33978271484375 -0.527923583984375
0.0173568725585937 -0.0494270324707031 -0.12530517578125 -0.91033935546875
-0.0247344970703125 -0.0245342254638672 -0.71807861328125 -0.3564453125
-0.0225181579589844 0.00306892395019531 -0.537445068359375 0.346710205078125
0.0111083984375 0.0111589431762695 -0.101715087890625 0.4661865234375
0.0050811767578125 0.01947021484375 0.25628662109375 0.21966552734375
0.00488185882568359 -0.0162782669067383 0.325408935546875 -0.062286376953125
0.0191574096679688 -0.0384025573730469 -0.315704345703125 0.069580078125
0.0312156677246094 0.0159950256347656 -0.247329711914063 -0.186721801757812
0.00982666015625 0.010894775390625 0.059844970703125 -0.4375
-0.0185661315917969 0.0124263763427734 0.53973388671875 -0.361419677734375
-0.0272254943847656 0.00654029846191406 0.71270751953125 0.306884765625
-0.00730514526367188 -0.0450782775878906 0.2344970703125 0.84051513671875
0.0344085693359375 -0.0312232971191406 -0.24249267578125 0.6083984375
0.05224609375 -0.0176582336425781 0.00112152099609376 0.081298828125
0.0456008911132812 -0.0324134826660156 0.33673095703125 -0.52252197265625
0.0195503234863281 -0.0448646545410156 -0.1220703125 -0.91058349609375
-0.0205116271972656 -0.0220718383789063 -0.7193603515625 -0.357666015625
-0.0203037261962891 0.00384330749511718 -0.540008544921875 0.34893798828125
0.0110902786254883 0.0107955932617188 -0.104248046875 0.46905517578125
0.00513839721679688 0.0178565979003906 0.258575439453125 0.220458984375
0.00434017181396484 -0.017024040222168 0.32928466796875 -0.058837890625
0.0179290771484375 -0.0396652221679688 -0.3128662109375 0.07440185546875
0.0309944152832031 0.0113315582275391 -0.24334716796875 -0.187088012695313
0.00997543334960938 0.00741004943847656 0.062713623046875 -0.436279296875
-0.0140600204467773 0.0121231079101563 0.5430908203125 -0.3544921875
-0.0206489562988281 0.00945091247558594 0.70965576171875 0.31646728515625
-0.00391769409179688 -0.0380401611328125 0.2255859375 0.84954833984375
0.0297298431396484 -0.0250034332275391 -0.252685546875 0.61199951171875
0.0437507629394531 -0.0141372680664063 -0.00263214111328124 0.0835647583007812
0.0402641296386719 -0.0268402099609375 0.32977294921875 -0.5223388671875
0.0213775634765625 -0.0386543273925781 -0.13055419921875 -0.90350341796875
-0.0140914916992187 -0.0175819396972656 -0.7218017578125 -0.34661865234375
-0.0147485733032227 0.00389862060546875 -0.535003662109375 0.357330322265625
0.012089729309082 0.00753307342529297 -0.101318359375 0.472869873046875
0.00571060180664063 0.0128679275512695 0.262664794921875 0.219558715820313
0.00490951538085938 -0.0176734924316406 0.33355712890625 -0.056976318359375
0.0163917541503906 -0.0405540466308594 -0.309051513671875 0.0772705078124999
0.0306911468505859 0.00352287292480469 -0.240371704101563 -0.188552856445313
0.0108108520507813 0.00136756896972656 0.06640625 -0.434112548828125
-0.00707435607910156 0.0116176605224609 0.5474853515625 -0.349700927734375
-0.0132732391357422 0.0138235092163086 0.70660400390625 0.326904296875
-0.00161552429199219 -0.0297031402587891 0.21539306640625 0.8560791015625
0.0240974426269531 -0.0174293518066406 -0.25927734375 0.61553955078125
0.0335407257080078 -0.0102519989013672 -0.00482940673828124 0.084747314453125
0.0344047546386719 -0.0203723907470703 0.326263427734375 -0.52081298828125
0.0230236053466797 -0.0300045013427734 -0.13958740234375 -0.90216064453125
-0.00572586059570313 -0.0126066207885742 -0.72515869140625 -0.337646484375
-0.00847721099853516 0.00380754470825196 -0.533905029296875 0.36199951171875
0.0145978927612305 0.00211906433105469 -0.097442626953125 0.474334716796875
0.00640392303466797 0.00401735305786133 0.265899658203125 0.21844482421875
0.00389289855957031 -0.0194892883300781 0.33673095703125 -0.055511474609375
0.0149917602539063 -0.0434722900390625 -0.3096923828125 0.079742431640625
0.0312137603759766 -0.00519180297851563 -0.238998413085937 -0.1910400390625
0.0116004943847656 -0.00530719757080078 0.069427490234375 -0.4346923828125
4.19616699218749E-05 0.0108613967895508 0.5513916015625 -0.34625244140625
-0.00480842590332031 0.0197372436523438 0.70318603515625 0.33087158203125
-2.86102294921877E-05 -0.020477294921875 0.20477294921875 0.8609619140625
0.0174484252929688 -0.00975704193115234 -0.265625 0.6151123046875
0.0229434967041016 -0.00645065307617188 -0.00370025634765625 0.083892822265625
0.0271759033203125 -0.0129795074462891 0.32415771484375 -0.5225830078125
0.0242118835449219 -0.0211238861083984 -0.14813232421875 -0.896240234375
0.0029454231262207 -0.00642061233520508 -0.72998046875 -0.3284912109375
-0.00134539604187012 0.00295495986938477 -0.53021240234375 0.366668701171875
0.017420768737793 -0.00429534912109375 -0.09161376953125 0.474517822265625
0.0072474479675293 -0.00466060638427734 0.2705078125 0.217987060546875
0.00382232666015625 -0.0214614868164063 0.340179443359375 -0.0562744140625
0.013214111328125 -0.0443458557128906 -0.31170654296875 0.08038330078125
0.0320663452148438 -0.0142040252685547 -0.238052368164063 -0.192413330078125
0.0134143829345703 -0.0132331848144531 0.07470703125 -0.437347412109375
0.00661468505859375 0.0100822448730469 0.55364990234375 -0.344970703125
0.00160598754882812 0.0252265930175781 0.69927978515625 0.3377685546875
0.00121116638183594 -0.0122394561767578 0.19512939453125 0.8648681640625
0.0107660293579102 -0.00224208831787109 -0.2689208984375 0.61236572265625
0.0126686096191406 -0.00259971618652344 0.000656127929687503 0.0811691284179687
0.0198287963867188 -0.00592041015625 0.321502685546875 -0.526092529296875
0.0254402160644531 -0.0121803283691406 -0.15869140625 -0.892578125
0.0107040405273438 -0.00120925903320312 -0.73406982421875 -0.31884765625
0.00544309616088867 0.00038909912109375 -0.524658203125 0.373443603515625
0.0194358825683594 -0.0113525390625 -0.084503173828125 0.473876953125
0.00867366790771485 -0.0132951736450195 0.273284912109375 0.21514892578125
0.002716064453125 -0.0231285095214844 0.341217041015625 -0.058135986328125
0.0124015808105469 -0.0443458557128906 -0.314666748046875 0.078033447265625
0.0326976776123047 -0.0214862823486328 -0.237136840820312 -0.194259643554688
0.0144138336181641 -0.0195484161376953 0.080413818359375 -0.440338134765625
0.0118122100830078 0.00827884674072266 0.556488037109375 -0.3426513671875
0.00727653503417969 0.0288887023925781 0.6959228515625 0.3450927734375
0.00086069107055664 -0.00494146347045898 0.184814453125 0.8663330078125
0.00542163848876953 0.00351572036743164 -0.26953125 0.60723876953125
0.00436091423034668 -0.000251293182373047 0.00821685791015625 0.0782089233398438
0.0136957168579102 -0.000123023986816406 0.321502685546875 -0.529937744140625
0.0248146057128906 -0.00536727905273438 -0.16925048828125 -0.88970947265625
0.0166835784912109 0.00278854370117188 -0.73712158203125 -0.3089599609375
0.0103769302368164 -0.00177478790283203 -0.519805908203125 0.373870849609375
0.0224075317382813 -0.0181236267089844 -0.07818603515625 0.471588134765625
0.0086669921875 -0.0209426879882813 0.274154663085938 0.214187622070313
0.00269126892089844 -0.0240554809570313 0.3408203125 -0.060638427734375
0.0181007385253906 -0.0372505187988281 -0.32720947265625 0.06170654296875
0.0309314727783203 0.0142478942871094 -0.249252319335938 -0.189804077148438
0.0104227066040039 0.00867271423339844 0.0660400390625 -0.445526123046875
-0.0219993591308594 0.0101604461669922 0.54595947265625 -0.361419677734375
-0.0318470001220703 0.00231170654296875 0.71014404296875 0.3140869140625
-0.0103187561035156 -0.0502090454101563 0.22430419921875 0.83941650390625
0.0363311767578125 -0.0361557006835938 -0.23736572265625 0.5916748046875
0.0579795837402344 -0.0213661193847656 0.0220146179199219 0.0688133239746094
0.0465278625488281 -0.0380706787109375 0.3409423828125 -0.535400390625
0.0143585205078125 -0.0494728088378906 -0.1346435546875 -0.911376953125
-0.025726318359375 -0.0236110687255859 -0.72369384765625 -0.34912109375
-0.0212078094482422 0.00130271911621094 -0.53216552734375 0.348419189453125
0.0124797821044922 0.00782489776611328 -0.09619140625 0.463531494140625
0.00533676147460938 0.0168085098266602 0.256195068359375 0.216934204101563
0.00411891937255859 -0.015711784362793 0.322845458984375 -0.066436767578125
0.0180435180664063 -0.0372581481933594 -0.32183837890625 0.0658569335937499
0.030914306640625 0.0164813995361328 -0.24835205078125 -0.187286376953125
0.0101318359375 0.0110197067260742 0.05999755859375 -0.440704345703125
-0.0218353271484375 0.0115890502929687 0.540618896484375 -0.36236572265625
-0.0310440063476562 0.00360298156738282 0.71142578125 0.30670166015625
-0.00947952270507813 -0.0493888854980469 0.23345947265625 0.835693359375
0.0368576049804688 -0.0354461669921875 -0.23748779296875 0.60113525390625
0.0570907592773438 -0.0196952819824219 0.00963592529296874 0.0760421752929688
0.047698974609375 -0.0367088317871094 0.340179443359375 -0.527099609375
0.0165786743164063 -0.0491294860839844 -0.1226806640625 -0.910888671875
-0.0246448516845703 -0.0246639251708984 -0.71826171875 -0.35809326171875
-0.0222244262695313 0.00249862670898438 -0.537078857421875 0.345611572265625
0.011256217956543 0.00984573364257813 -0.101898193359375 0.466522216796875
0.00510406494140625 0.0186882019042969 0.255828857421875 0.218994140625
0.00422191619873047 -0.0160846710205078 0.326416015625 -0.063018798828125
0.0178680419921875 -0.0382347106933594 -0.3154296875 0.0704040527343749
0.0303878784179687 0.0146503448486328 -0.246780395507813 -0.1856689453125
0.00975704193115234 0.0111780166625977 0.06109619140625 -0.436553955078125
-0.0189895629882812 0.0123863220214844 0.539398193359375 -0.358856201171875
-0.0270423889160156 0.00562858581542969 0.71160888671875 0.30975341796875
-0.0065460205078125 -0.0451316833496094 0.23333740234375 0.843505859375
0.0336589813232422 -0.0310325622558594 -0.24261474609375 0.608642578125
0.0515594482421875 -0.0169410705566406 0.00156402587890626 0.080780029296875
0.0446586608886719 -0.0323219299316406 0.3375244140625 -0.52008056640625
0.0190544128417969 -0.0447540283203125 -0.12103271484375 -0.91033935546875
-0.0206127166748047 -0.0225105285644531 -0.7177734375 -0.3592529296875
-0.0204010009765625 0.00358390808105469 -0.539154052734375 0.34844970703125
0.0112228393554688 0.00971126556396484 -0.10430908203125 0.468902587890625
0.005706787109375 0.0174627304077148 0.25799560546875 0.219650268554687
0.00411796569824219 -0.0162010192871094 0.329132080078125 -0.058868408203125
0.016632080078125 -0.0401954650878906 -0.3116455078125 0.0746154785156249
0.0306835174560547 0.00959014892578125 -0.242034912109375 -0.18658447265625
0.00972461700439453 0.00721359252929688 0.064605712890625 -0.43603515625
-0.0141258239746094 0.0119752883911133 0.54443359375 -0.353240966796875
-0.0206470489501953 0.00913047790527344 0.70928955078125 0.31707763671875
-0.00411605834960938 -0.038726806640625 0.22308349609375 0.851318359375
0.0296001434326172 -0.0249786376953125 -0.25299072265625 0.61199951171875
0.0426864624023437 -0.0140037536621094 -0.00304412841796874 0.08331298828125
0.0405235290527344 -0.0268630981445313 0.33038330078125 -0.51959228515625
0.0213127136230469 -0.0383033752441406 -0.12799072265625 -0.9036865234375
-0.013951301574707 -0.0173635482788086 -0.7216796875 -0.34881591796875
-0.015045166015625 0.00419998168945312 -0.53448486328125 0.35546875
0.0128259658813477 0.00675296783447266 -0.101043701171875 0.472503662109375
0.00604343414306641 0.0127029418945313 0.262603759765625 0.219085693359375
0.00383949279785156 -0.017669677734375 0.333160400390625 -0.05645751953125
0.0150260925292969 -0.041595458984375 -0.308685302734375 0.0776977539062501
0.0313606262207031 0.00276756286621094 -0.2401123046875 -0.188247680664063
0.0105228424072266 0.00165271759033203 0.067626953125 -0.433807373046875
-0.00742816925048828 0.0120401382446289 0.54693603515625 -0.3515625
-0.0129871368408203 0.0135746002197266 0.70587158203125 0.32757568359375
-0.000890731811523438 -0.0304775238037109 0.2132568359375 0.85772705078125
0.0235557556152344 -0.0166492462158203 -0.2603759765625 0.61419677734375
0.0329074859619141 -0.00930404663085938 -0.00521850585937501 0.0834732055664063
0.0340442657470703 -0.0195732116699219 0.326629638671875 -0.519744873046875
0.0233631134033203 -0.0299186706542969 -0.1392822265625 -0.902587890625
-0.00553321838378906 -0.0121135711669922 -0.724853515625 -0.33978271484375
-0.00846481323242188 0.00328922271728516 -0.532562255859375 0.360687255859375
0.0145025253295898 0.00168609619140625 -0.0970458984375 0.47467041015625
0.00679159164428711 0.00426197052001953 0.266586303710937 0.217971801757812
0.00283622741699219 -0.0190315246582031 0.3365478515625 -0.055145263671875
0.0130386352539063 -0.0432891845703125 -0.30914306640625 0.0805664062500001
0.0316619873046875 -0.00575447082519531 -0.23870849609375 -0.190231323242188
0.0113182067871094 -0.00592803955078125 0.069915771484375 -0.43524169921875
-0.000700950622558593 0.0112886428833008 0.5504150390625 -0.34613037109375
-0.00460433959960938 0.0184173583984375 0.70306396484375 0.334716796875
0.000198364257812502 -0.0216026306152344 0.203125 0.863525390625
0.0171518325805664 -0.00962066650390625 -0.26666259765625 0.614501953125
0.021636962890625 -0.00605201721191406 -0.00394439697265625 0.0839462280273438
0.0266208648681641 -0.0127468109130859 0.32427978515625 -0.52032470703125
0.0247344970703125 -0.0208663940429688 -0.14703369140625 -0.896728515625
0.00287342071533203 -0.00622940063476563 -0.7294921875 -0.32904052734375
-0.00134539604187012 0.00234675407409668 -0.5294189453125 0.36669921875
0.017247200012207 -0.00510883331298828 -0.091796875 0.47454833984375
0.00737714767456055 -0.00468206405639648 0.270309448242188 0.21728515625
0.0026397705078125 -0.0217342376708984 0.339691162109375 -0.055511474609375
0.0125274658203125 -0.0443649291992188 -0.3111572265625 0.0811767578124999
0.0321197509765625 -0.0153846740722656 -0.237533569335938 -0.191986083984375
0.012272834777832 -0.0135583877563477 0.07513427734375 -0.43609619140625
0.00633811950683594 0.0102806091308594 0.554656982421875 -0.346282958984375
0.00234603881835937 0.0235881805419922 0.69805908203125 0.3409423828125
0.00123310089111328 -0.0129871368408203 0.193603515625 0.86737060546875
0.0101957321166992 -0.00149726867675781 -0.2701416015625 0.61090087890625
0.0124683380126953 -0.00234222412109375 0.000419616699218755 0.0816192626953125
0.019989013671875 -0.0064849853515625 0.323211669921875 -0.52386474609375
0.0254707336425781 -0.0124301910400391 -0.1566162109375 -0.8916015625
0.0107364654541016 -0.000895500183105469 -0.73162841796875 -0.3187255859375
0.00549793243408203 0.000433921813964844 -0.524444580078125 0.3721923828125
0.019927978515625 -0.0123043060302734 -0.08392333984375 0.473724365234375
0.0079030990600586 -0.0148916244506836 0.273590087890625 0.21429443359375
0.00209426879882813 -0.0229911804199219 0.340850830078125 -0.057830810546875
0.0115127563476562 -0.0447463989257813 -0.314208984375 0.0790405273437501
0.0328960418701172 -0.0229320526123047 -0.236724853515625 -0.193679809570313
0.0145339965820312 -0.0195598602294922 0.080078125 -0.44073486328125
0.0116481781005859 0.0085287094116211 0.55780029296875 -0.342437744140625
0.00749588012695313 0.0277976989746094 0.6934814453125 0.34686279296875
0.00140714645385742 -0.00536727905273438 0.1827392578125 0.86883544921875
0.00436115264892578 0.0037236213684082 -0.27069091796875 0.60516357421875
0.00353908538818359 0.000184535980224609 0.00805664062499999 0.07745361328125
0.0131025314331055 -0.000429153442382812 0.32135009765625 -0.52789306640625
0.0253887176513672 -0.00525665283203125 -0.16705322265625 -0.89080810546875
0.0168313980102539 0.00324535369873047 -0.73638916015625 -0.31024169921875
0.0109148025512695 -0.001739501953125 -0.5196533203125 0.372528076171875
0.0220317840576172 -0.0190601348876953 -0.078521728515625 0.471466064453125
0.00860977172851563 -0.0218124389648438 0.273895263671875 0.21221923828125
0.00192642211914063 -0.0237369537353516 0.34002685546875 -0.06097412109375
0.0163955688476563 -0.0376358032226563 -0.327606201171875 0.061859130859375
0.0305213928222656 0.0137004852294922 -0.248779296875 -0.189468383789063
0.0101356506347656 0.00853729248046875 0.066986083984375 -0.4461669921875
-0.0223464965820313 0.01055908203125 0.54656982421875 -0.363189697265625
-0.0321693420410156 0.00158119201660156 0.71240234375 0.31494140625
-0.00979232788085937 -0.0505905151367188 0.22344970703125 0.83929443359375
0.0360908508300781 -0.0361518859863281 -0.23828125 0.59075927734375
0.0575904846191406 -0.0211219787597656 0.0215301513671875 0.0681877136230469
0.0456924438476563 -0.0383949279785156 0.34234619140625 -0.535552978515625
0.014312744140625 -0.0490875244140625 -0.13458251953125 -0.91168212890625
-0.0260105133056641 -0.0239658355712891 -0.72412109375 -0.35015869140625
-0.0218467712402344 0.000551223754882812 -0.53216552734375 0.346923828125
0.0123004913330078 0.00700759887695313 -0.09661865234375 0.464385986328125
0.00548171997070312 0.016261100769043 0.257080078125 0.215545654296875
0.00341320037841797 -0.0154571533203125 0.322723388671875 -0.06781005859375
0.0175132751464844 -0.0376625061035156 -0.321563720703125 0.0662841796875001
0.0306110382080078 0.015655517578125 -0.2484130859375 -0.186996459960937
0.00904560089111328 0.0109920501708984 0.060791015625 -0.44091796875
-0.0220470428466797 0.0122089385986328 0.5401611328125 -0.362823486328125
-0.0307426452636719 0.00289726257324219 0.7120361328125 0.3072509765625
-0.00885772705078125 -0.0502471923828125 0.2335205078125 0.83868408203125
0.0359230041503906 -0.035491943359375 -0.2401123046875 0.60052490234375
0.0564460754394531 -0.01947021484375 0.0100021362304688 0.0757293701171875
0.046722412109375 -0.0367698669433594 0.3414306640625 -0.52484130859375
0.0176849365234375 -0.0493125915527344 -0.1219482421875 -0.91326904296875
-0.0249423980712891 -0.0247478485107422 -0.71685791015625 -0.3607177734375
-0.0227813720703125 0.00241470336914062 -0.5377197265625 0.345062255859375
0.0111942291259766 0.00977611541748047 -0.10284423828125 0.467254638671875
0.00518989562988281 0.0189208984375 0.256072998046875 0.217971801757813
0.00324630737304688 -0.0163040161132813 0.326507568359375 -0.063140869140625
0.0161056518554688 -0.0384330749511719 -0.31561279296875 0.0705261230468751
0.0309848785400391 0.0138759613037109 -0.2457275390625 -0.186370849609375
0.00944709777832031 0.0111837387084961 0.06005859375 -0.436676025390625
-0.0194644927978516 0.0123062133789062 0.539886474609375 -0.360870361328125
-0.0267486572265625 0.00454521179199218 0.713623046875 0.30963134765625
-0.00595474243164062 -0.0457344055175781 0.23223876953125 0.84515380859375
0.0336017608642578 -0.0305671691894531 -0.2454833984375 0.60833740234375
0.0505714416503906 -0.0166473388671875 0.00142669677734375 0.0804595947265625
0.0444221496582031 -0.0323562622070313 0.3377685546875 -0.51922607421875
0.0192794799804687 -0.0443916320800781 -0.11932373046875 -0.91058349609375
-0.0203666687011719 -0.0220241546630859 -0.7177734375 -0.36083984375
-0.0199241638183594 0.00347137451171875 -0.539459228515625 0.347198486328125
0.0111207962036133 0.00922584533691406 -0.10498046875 0.4698486328125
0.00595378875732422 0.0165386199951172 0.258056640625 0.21881103515625
0.00316524505615234 -0.0162286758422852 0.32977294921875 -0.058349609375
0.0155792236328125 -0.0408172607421875 -0.311767578125 0.075103759765625
0.0309066772460937 0.00905036926269531 -0.242752075195312 -0.186798095703125
0.0097494125366211 0.00747013092041016 0.063201904296875 -0.436309814453125
-0.0150995254516602 0.0119991302490234 0.54595947265625 -0.353515625
-0.0202884674072266 0.00879859924316406 0.7099609375 0.31854248046875
-0.003143310546875 -0.0392341613769531 0.22332763671875 0.85382080078125
0.0292434692382813 -0.0242252349853516 -0.25360107421875 0.6123046875
0.0419692993164063 -0.0136833190917969 -0.00237274169921874 0.08258056640625
0.03936767578125 -0.0266227722167969 0.332244873046875 -0.517974853515625
0.0214309692382813 -0.038421630859375 -0.1279296875 -0.90478515625
-0.0139741897583008 -0.0173397064208984 -0.72149658203125 -0.34954833984375
-0.0156879425048828 0.00409698486328125 -0.5352783203125 0.354461669921875
0.0121793746948242 0.00621128082275391 -0.101104736328125 0.471343994140625
0.00588321685791016 0.0116376876831055 0.262741088867188 0.217697143554688
0.00337028503417969 -0.0177497863769531 0.333709716796875 -0.05682373046875
0.0139846801757812 -0.0425872802734375 -0.30914306640625 0.078369140625
0.0304718017578125 0.00125694274902344 -0.239974975585937 -0.188507080078125
0.0103054046630859 0.00122356414794922 0.0683593750000001 -0.433624267578125
-0.00843620300292969 0.011871337890625 0.547698974609375 -0.35052490234375
-0.0126485824584961 0.0132913589477539 0.70587158203125 0.328125
-0.000867843627929685 -0.0311412811279297 0.21246337890625 0.8597412109375
0.0228233337402344 -0.0168037414550781 -0.26116943359375 0.6143798828125
0.0321941375732422 -0.00978660583496094 -0.00519561767578124 0.083831787109375
0.0335273742675781 -0.019927978515625 0.3287353515625 -0.519012451171875
0.0232334136962891 -0.0302085876464844 -0.13714599609375 -0.90130615234375
-0.00602912902832031 -0.0115480422973633 -0.72509765625 -0.34088134765625
-0.00851058959960938 0.00377321243286133 -0.5343017578125 0.3597412109375
0.0145692825317383 0.00108051300048828 -0.098297119140625 0.473419189453125
0.00639963150024414 0.00381946563720703 0.266403198242188 0.216705322265625
0.00352287292480469 -0.0194110870361328 0.3375244140625 -0.055694580078125
0.0130729675292969 -0.0439643859863281 -0.309295654296875 0.080902099609375
0.0313930511474609 -0.00724983215332031 -0.238189697265625 -0.189895629882812
0.0110349655151367 -0.00565242767333984 0.07122802734375 -0.43499755859375
-0.00102615356445313 0.010594367980957 0.552581787109375 -0.3480224609375
-0.00485610961914063 0.0184364318847656 0.70416259765625 0.33331298828125
0.000572204589843748 -0.0221805572509766 0.20208740234375 0.86505126953125
0.0158786773681641 -0.00909996032714844 -0.2674560546875 0.61480712890625
0.0211086273193359 -0.00567817687988281 -0.00389862060546875 0.0833358764648438
0.0262832641601563 -0.0128650665283203 0.3267822265625 -0.51947021484375
0.0248661041259766 -0.020416259765625 -0.14617919921875 -0.89678955078125
0.00312519073486328 -0.00614595413208008 -0.7281494140625 -0.33367919921875
-0.00135636329650879 0.00223183631896973 -0.52978515625 0.364501953125
0.0171937942504883 -0.00570297241210937 -0.0909423828125 0.47491455078125
0.00710868835449219 -0.00538778305053711 0.270034790039062 0.215957641601562
0.00251579284667969 -0.0214385986328125 0.340728759765625 -0.056182861328125
0.0106391906738281 -0.0449104309082031 -0.31109619140625 0.081329345703125
0.03118896484375 -0.0162105560302734 -0.23687744140625 -0.192001342773438
0.012664794921875 -0.0126724243164063 0.074371337890625 -0.436187744140625
0.00600242614746094 0.0104799270629883 0.554443359375 -0.345245361328125
0.00293540954589844 0.0232315063476562 0.6995849609375 0.34124755859375
0.00201606750488281 -0.0135107040405273 0.192138671875 0.86865234375
0.0101184844970703 -0.00157546997070312 -0.2705078125 0.6119384765625
0.0111112594604492 -0.00228404998779297 0.000450134277343751 0.0814208984375
0.0187225341796875 -0.00626754760742188 0.32403564453125 -0.52325439453125
0.0254497528076172 -0.0121536254882813 -0.15521240234375 -0.89306640625
0.0108833312988281 -0.00101852416992187 -0.73138427734375 -0.32159423828125
0.00531625747680664 0.000342845916748047 -0.523956298828125 0.370849609375
0.0192203521728516 -0.0127048492431641 -0.085052490234375 0.473297119140625
0.00781059265136719 -0.0142307281494141 0.272598266601562 0.213134765625
0.00166702270507812 -0.0227947235107422 0.34124755859375 -0.057952880859375
0.00943756103515624 -0.0450210571289063 -0.3148193359375 0.0793762207031249
0.0316314697265625 -0.0234832763671875 -0.23626708984375 -0.193405151367187
0.0151214599609375 -0.0199356079101563 0.080078125 -0.43988037109375
0.0115518569946289 0.0091094970703125 0.558746337890625 -0.343505859375
0.00799942016601562 0.0269279479980469 0.69573974609375 0.34796142578125
0.00249099731445313 -0.00635194778442383 0.1829833984375 0.869873046875
0.0042412281036377 0.00435185432434082 -0.2711181640625 0.6048583984375
0.00253152847290039 0.00061345100402832 0.00809478759765626 0.07757568359375
0.0127687454223633 -0.00070953369140625 0.324005126953125 -0.52752685546875
0.0257415771484375 -0.00539398193359375 -0.1666259765625 -0.8907470703125
0.0162849426269531 0.00303745269775391 -0.7362060546875 -0.31207275390625
0.0106563568115234 -0.00189685821533203 -0.520660400390625 0.3734130859375
0.0214881896972656 -0.0194950103759766 -0.077911376953125 0.472503662109375
0.00829124450683594 -0.0223522186279297 0.273712158203125 0.211700439453125
0.000917434692382811 -0.0234718322753906 0.339874267578125 -0.060394287109375
0.0151405334472656 -0.0377311706542969 -0.327667236328125 0.0631103515625
0.0301570892333984 0.0126972198486328 -0.24853515625 -0.18939208984375
0.00982093811035156 0.00904941558837891 0.0684814453125 -0.44610595703125
-0.0229511260986328 0.0101852416992187 0.5482177734375 -0.363922119140625
-0.0322780609130859 0.000486373901367183 0.71490478515625 0.31658935546875
-0.00946044921875 -0.0513839721679687 0.2252197265625 0.844482421875
0.0352210998535156 -0.0356559753417969 -0.2398681640625 0.59259033203125
0.0568885803222656 -0.0200042724609375 0.0219345092773438 0.0682830810546875
0.0456695556640625 -0.0387802124023438 0.343902587890625 -0.5350341796875
0.0145034790039063 -0.0492820739746094 -0.132568359375 -0.9144287109375
-0.0257968902587891 -0.0242633819580078 -0.72564697265625 -0.35260009765625
-0.0224742889404297 0.000942230224609377 -0.534820556640625 0.349639892578125
0.0121822357177734 0.00673580169677734 -0.0953369140625 0.4654541015625
0.00552463531494141 0.0167760848999023 0.256423950195313 0.214691162109375
0.00221633911132813 -0.0163936614990234 0.32415771484375 -0.068084716796875
0.015472412109375 -0.0382919311523438 -0.32269287109375 0.067108154296875
0.0305042266845703 0.0145492553710937 -0.24859619140625 -0.187240600585937
0.0095977783203125 0.0113182067871094 0.061614990234375 -0.4423828125
-0.0227127075195313 0.0120525360107422 0.54278564453125 -0.3665771484375
-0.0303707122802734 0.00181198120117188 0.71435546875 0.308349609375
-0.00822448730468749 -0.0507011413574219 0.23248291015625 0.84228515625
0.0358009338378906 -0.034881591796875 -0.24053955078125 0.60125732421875
0.055999755859375 -0.0195045471191406 0.0101242065429687 0.0752182006835938
0.0463943481445313 -0.0366477966308594 0.34405517578125 -0.523590087890625
0.0172920227050781 -0.0494918823242188 -0.1199951171875 -0.912841796875
-0.0250415802001953 -0.0243396759033203 -0.71923828125 -0.36181640625
-0.0238571166992188 0.00171279907226562 -0.539581298828125 0.345245361328125
0.0106258392333984 0.00881195068359375 -0.102447509765625 0.469085693359375
0.00499343872070312 0.0179805755615234 0.257431030273438 0.217987060546875
0.00214004516601562 -0.0163021087646484 0.327423095703125 -0.06439208984375
0.0153045654296875 -0.0388679504394531 -0.31591796875 0.07208251953125
0.0307750701904297 0.0123062133789063 -0.245986938476563 -0.185791015625
0.00937461853027344 0.0105619430541992 0.05999755859375 -0.43804931640625
-0.019775390625 0.0122470855712891 0.542724609375 -0.36236572265625
-0.0261478424072266 0.00397300720214844 0.71417236328125 0.31158447265625
-0.005584716796875 -0.0459671020507813 0.2327880859375 0.8480224609375
0.0326938629150391 -0.0298442840576172 -0.2445068359375 0.607666015625
0.0500068664550781 -0.0161018371582031 0.00155639648437501 0.08056640625
0.0440788269042969 -0.0320968627929688 0.339447021484375 -0.519195556640625
0.019805908203125 -0.0454368591308594 -0.11883544921875 -0.911865234375
-0.0208473205566406 -0.0224781036376953 -0.7197265625 -0.36376953125
-0.0207481384277344 0.00258255004882813 -0.541290283203125 0.346893310546875
0.0110673904418945 0.00835514068603516 -0.10540771484375 0.470367431640625
0.00569438934326172 0.0162878036499023 0.258377075195313 0.218246459960938
0.00301074981689453 -0.016505241394043 0.331695556640625 -0.059783935546875
0.0143852233886719 -0.0407829284667969 -0.312896728515625 0.0765075683593749
0.0302085876464844 0.00741958618164063 -0.242355346679688 -0.186294555664062
0.00971698760986328 0.00717353820800781 0.0640869140625 -0.435638427734375
-0.0155868530273438 0.0127496719360352 0.5469970703125 -0.355377197265625
-0.0204277038574219 0.00827789306640625 0.71246337890625 0.3193359375
-0.00288009643554688 -0.04034423828125 0.22308349609375 0.85614013671875
0.029052734375 -0.0239772796630859 -0.255615234375 0.61322021484375
0.0414314270019531 -0.0125656127929687 -0.00276947021484375 0.0825271606445312
0.0388946533203125 -0.0262413024902344 0.332550048828125 -0.518402099609375
0.0212860107421875 -0.0382652282714844 -0.12823486328125 -0.90570068359375
-0.0139226913452148 -0.0171957015991211 -0.72454833984375 -0.3536376953125
-0.0154075622558594 0.00380802154541016 -0.537261962890625 0.355133056640625
0.0123624801635742 0.00567245483398438 -0.1009521484375 0.474151611328125
0.00594711303710938 0.0112705230712891 0.26287841796875 0.216796875
0.002532958984375 -0.0178585052490234 0.335113525390625 -0.0576171875
0.0120887756347656 -0.0425224304199219 -0.3095703125 0.0801391601562501
0.0306777954101563 0.000286102294921875 -0.239547729492187 -0.187835693359375
0.0101232528686523 0.00165557861328125 0.0682373046875 -0.434906005859375
-0.00855255126953125 0.0120325088500977 0.550323486328125 -0.352294921875
-0.0127201080322266 0.0124998092651367 0.70965576171875 0.33074951171875
-0.000463485717773439 -0.0318374633789063 0.21343994140625 0.86480712890625
0.0230197906494141 -0.0163612365722656 -0.26336669921875 0.61572265625
0.0310287475585937 -0.00889778137207031 -0.00534820556640624 0.083740234375
0.0330924987792969 -0.0198822021484375 0.32916259765625 -0.517730712890625
0.0238933563232422 -0.0296077728271484 -0.1358642578125 -0.904052734375
-0.00595855712890625 -0.0117864608764648 -0.72698974609375 -0.343505859375
-0.00902652740478515 0.00299644470214844 -0.535308837890625 0.3599853515625
0.0143804550170898 0.000307083129882813 -0.0966796875 0.475372314453125
0.00651025772094727 0.00323963165283203 0.26666259765625 0.216720581054687
0.00211143493652344 -0.0196495056152344 0.337890625 -0.0565185546875
0.0109443664550781 -0.0444526672363281 -0.309295654296875 0.08251953125
0.0304393768310547 -0.00884437561035156 -0.238174438476562 -0.189437866210938
0.0112705230712891 -0.00576019287109375 0.0712890625 -0.43505859375
-0.00118541717529297 0.011383056640625 0.5531005859375 -0.349029541015625
-0.00452423095703125 0.0169839859008789 0.70489501953125 0.335693359375
0.00109100341796875 -0.0227813720703125 0.2010498046875 0.86785888671875
0.0159330368041992 -0.00861930847167969 -0.2686767578125 0.61553955078125
0.0209426879882812 -0.00549125671386719 -0.00466156005859376 0.0839157104492188
0.0257320404052734 -0.0125370025634766 0.327362060546875 -0.519195556640625
0.0249214172363281 -0.0205039978027344 -0.14581298828125 -0.900146484375
0.00326442718505859 -0.00636863708496094 -0.7313232421875 -0.33502197265625
-0.00156915187835693 0.00153863430023193 -0.53179931640625 0.364349365234375
0.0172548294067383 -0.00631427764892578 -0.091644287109375 0.475433349609375
0.00709724426269531 -0.00563812255859375 0.270172119140625 0.215728759765625
0.00152778625488281 -0.021759033203125 0.341217041015625 -0.05712890625
0.00912857055664063 -0.0446052551269531 -0.311309814453125 0.082489013671875
0.0317916870117188 -0.0173416137695313 -0.236923217773438 -0.191299438476562
0.0131587982177734 -0.0127248764038086 0.075958251953125 -0.43609619140625
0.00515556335449219 0.0100221633911133 0.55560302734375 -0.346893310546875
0.0023040771484375 0.0223217010498047 0.701416015625 0.34259033203125
0.00257301330566406 -0.0141744613647461 0.192626953125 0.87225341796875
0.00938987731933594 -0.00135517120361328 -0.27252197265625 0.61199951171875
0.00977039337158203 -0.00223064422607422 0.000694274902343759 0.0813217163085938
0.0186767578125 -0.00617790222167969 0.325592041015625 -0.5235595703125
0.0255832672119141 -0.0122356414794922 -0.15447998046875 -0.89556884765625
0.0105695724487305 -0.00080108642578125 -0.73492431640625 -0.323486328125
0.00546026229858399 1.43051147460938E-05 -0.526336669921875 0.369842529296875
0.0194339752197266 -0.0133781433105469 -0.084991455078125 0.474700927734375
0.00739860534667969 -0.015289306640625 0.273773193359375 0.2132568359375
0.000888824462890625 -0.0227012634277344 0.342620849609375 -0.059112548828125
0.0087738037109375 -0.0446510314941406 -0.314788818359375 0.08056640625
0.0315017700195312 -0.0252037048339844 -0.236312866210938 -0.193283081054687
0.0149936676025391 -0.0192470550537109 0.0809326171875 -0.440643310546875
0.0110712051391602 0.0085296630859375 0.558441162109375 -0.344207763671875
0.00810432434082031 0.0265960693359375 0.697998046875 0.349365234375
0.00261640548706055 -0.00681638717651367 0.18206787109375 0.87347412109375
0.00377273559570313 0.0049901008605957 -0.27276611328125 0.606201171875
0.00175642967224121 0.00090944766998291 0.00765228271484374 0.0778045654296875
0.012476921081543 9.72747802734375E-05 0.32537841796875 -0.5267333984375
0.0254650115966797 -0.00515937805175781 -0.16552734375 -0.8935546875
0.0165882110595703 0.00376510620117188 -0.73974609375 -0.3143310546875
0.0105772018432617 -0.00256252288818359 -0.522064208984375 0.373077392578125
0.0215129852294922 -0.0204277038574219 -0.0782470703125 0.472015380859375
0.0081634521484375 -0.0230903625488281 0.274673461914063 0.211822509765625
0.000551223754882811 -0.023956298828125 0.341705322265625 -0.062286376953125
0.0135498046875 -0.0385246276855469 -0.32861328125 0.064788818359375
0.03045654296875 0.0104045867919922 -0.249160766601563 -0.189483642578125
0.00958824157714844 0.00821876525878906 0.0676269531250001 -0.449493408203125
-0.0229148864746094 0.0110721588134766 0.549468994140625 -0.36639404296875
-0.0315818786621094 -0.000223159790039066 0.71673583984375 0.317626953125
-0.00900650024414063 -0.0526008605957031 0.22564697265625 0.8477783203125
0.0354537963867188 -0.0347099304199219 -0.24053955078125 0.59527587890625
0.0562019348144531 -0.0200042724609375 0.0217208862304687 0.0687294006347656
0.0451469421386719 -0.0382499694824219 0.34588623046875 -0.5357666015625
0.0146217346191406 -0.0491523742675781 -0.132080078125 -0.9173583984375
-0.0258235931396484 -0.0241069793701172 -0.72882080078125 -0.35528564453125
-0.0226364135742188 0.00119400024414062 -0.536651611328125 0.3497314453125
0.0120439529418945 0.00609397888183594 -0.095947265625 0.465484619140625
0.00528144836425781 0.0161571502685547 0.257736206054688 0.214752197265625
0.00147628784179688 -0.0163354873657227 0.32525634765625 -0.06927490234375
0.0139846801757813 -0.0380821228027344 -0.323272705078125 0.068756103515625
0.0300655364990234 0.0130596160888672 -0.248443603515625 -0.186737060546875
0.00954532623291016 0.0109996795654297 0.06121826171875 -0.44342041015625
-0.023162841796875 0.0129528045654297 0.54522705078125 -0.36590576171875
-0.0305118560791016 0.00148200988769531 0.71783447265625 0.31036376953125
-0.00754547119140626 -0.0510673522949219 0.2335205078125 0.84686279296875
0.0351982116699219 -0.0344009399414063 -0.24102783203125 0.60430908203125
0.0550460815429688 -0.0186996459960938 0.00949096679687501 0.0751190185546875
0.0461463928222656 -0.0368118286132813 0.3460693359375 -0.52642822265625
0.017425537109375 -0.0493354797363281 -0.12060546875 -0.9180908203125
-0.0242271423339844 -0.0247707366943359 -0.72259521484375 -0.36444091796875
-0.02337646484375 0.00203132629394532 -0.542266845703125 0.345001220703125
0.0102691650390625 0.00831985473632813 -0.1024169921875 0.468231201171875
0.00455760955810547 0.0174770355224609 0.257568359375 0.217193603515625
0.00226306915283203 -0.0156822204589844 0.3297119140625 -0.06451416015625
0.0136451721191406 -0.0389633178710937 -0.317138671875 0.0732116699218749
0.0302104949951172 0.0115985870361328 -0.246917724609375 -0.185806274414063
0.0093231201171875 0.0108003616333008 0.061431884765625 -0.440704345703125
-0.0206813812255859 0.0130805969238281 0.5433349609375 -0.36492919921875
-0.0261802673339844 0.00327110290527343 0.71942138671875 0.31201171875
-0.00558090209960937 -0.0472869873046875 0.23553466796875 0.8529052734375
0.0327930450439453 -0.0305900573730469 -0.246826171875 0.61175537109375
0.0491104125976563 -0.0159111022949219 0.000816345214843753 0.0800704956054688
0.0438041687011719 -0.0322532653808594 0.343048095703125 -0.52020263671875
0.0202407836914062 -0.0452003479003906 -0.11932373046875 -0.9163818359375
-0.0203933715820312 -0.0225162506103516 -0.7227783203125 -0.36474609375
-0.0211849212646484 0.00323867797851563 -0.543853759765625 0.3472900390625
0.0107192993164062 0.00799465179443359 -0.105804443359375 0.47174072265625
0.00464344024658203 0.015995979309082 0.25970458984375 0.217849731445313
0.00239276885986328 -0.0168733596801758 0.332305908203125 -0.060821533203125
0.0127792358398438 -0.0414237976074219 -0.313446044921875 0.077972412109375
0.0301170349121094 0.00661468505859375 -0.243453979492188 -0.186508178710937
0.00949764251708984 0.00728988647460938 0.06378173828125 -0.4371337890625
-0.0158824920654297 0.0124654769897461 0.548858642578125 -0.357147216796875
-0.0201854705810547 0.00709915161132812 0.7169189453125 0.3209228515625
-0.0023345947265625 -0.0407752990722656 0.22314453125 0.86004638671875
0.0277748107910156 -0.0232486724853516 -0.255615234375 0.61407470703125
0.040679931640625 -0.0120735168457031 -0.00344848632812499 0.0821914672851563
0.0391578674316406 -0.0264854431152344 0.335601806640625 -0.520538330078125
0.0215492248535156 -0.0385017395019531 -0.12884521484375 -0.91131591796875
-0.0141201019287109 -0.0180625915527344 -0.7265625 -0.355224609375
-0.0159921646118164 0.00340557098388672 -0.539642333984375 0.3548583984375
0.0116071701049805 0.00495529174804688 -0.100860595703125 0.47515869140625
0.00521278381347656 0.0107011795043945 0.26348876953125 0.217071533203125
0.00176048278808594 -0.0180454254150391 0.336395263671875 -0.058380126953125
0.010986328125 -0.0423126220703125 -0.310821533203125 0.0814208984375
0.0298500061035156 -0.00048065185546875 -0.240188598632812 -0.187408447265625
0.00987529754638672 0.00211811065673828 0.06915283203125 -0.435302734375
-0.00968456268310547 0.012237548828125 0.552093505859375 -0.354095458984375
-0.011866569519043 0.0112218856811523 0.71258544921875 0.3309326171875
0.000280380249023437 -0.0323772430419922 0.21490478515625 0.86883544921875
0.0226268768310547 -0.0158557891845703 -0.2630615234375 0.617919921875
0.0306129455566406 -0.00785446166992188 -0.00560760498046875 0.0835647583007813
0.0328884124755859 -0.0200557708740234 0.332855224609375 -0.520233154296875
0.0230216979980469 -0.0300064086914063 -0.136962890625 -0.90863037109375
-0.00574588775634766 -0.0120429992675781 -0.729736328125 -0.34539794921875
-0.00921916961669922 0.00333595275878906 -0.53692626953125 0.3612060546875
0.0138177871704102 -0.000185012817382813 -0.0971374511718751 0.476318359375
0.00578451156616211 0.00300168991088867 0.267425537109375 0.216537475585937
0.0011749267578125 -0.0194377899169922 0.3388671875 -0.057952880859375
0.00977706909179688 -0.0449676513671875 -0.310821533203125 0.0838623046874999
0.0301074981689453 -0.00942611694335938 -0.237960815429688 -0.189208984375
0.0110101699829102 -0.00543689727783203 0.071807861328125 -0.435821533203125
-0.00214958190917969 0.0112409591674805 0.555572509765625 -0.350799560546875
-0.00437736511230469 0.0167398452758789 0.70892333984375 0.3360595703125
0.00242233276367188 -0.0237541198730469 0.20306396484375 0.8724365234375
0.0157957077026367 -0.00770854949951172 -0.2679443359375 0.61773681640625
0.0200634002685547 -0.00509834289550781 -0.0044708251953125 0.0835494995117188
0.0256328582763672 -0.0127487182617188 0.33013916015625 -0.520538330078125
0.0248527526855469 -0.0217113494873047 -0.1470947265625 -0.90386962890625
0.00337505340576172 -0.00625276565551758 -0.73480224609375 -0.3358154296875
-0.00183343887329102 0.00187599658966064 -0.5338134765625 0.36700439453125
0.0166826248168945 -0.00764274597167969 -0.091796875 0.47711181640625
0.00643301010131836 -0.00630664825439453 0.271499633789063 0.214462280273438
0.000720977783203127 -0.0216560363769531 0.3427734375 -0.058197021484375
0.00772857666015625 -0.0450210571289063 -0.312286376953125 0.0836181640625
0.0311107635498047 -0.0183792114257812 -0.236953735351563 -0.190567016601562
0.0119686126708984 -0.0132074356079102 0.07476806640625 -0.437835693359375
0.0052947998046875 0.0109138488769531 0.557403564453125 -0.348175048828125
0.00280189514160156 0.0216941833496094 0.70526123046875 0.34552001953125
0.00288867950439453 -0.0143556594848633 0.19427490234375 0.87774658203125
0.00892543792724609 -0.000630378723144531 -0.27301025390625 0.6136474609375
0.00947761535644531 -0.0008544921875 0.000617980957031253 0.0813369750976563
0.0181121826171875 -0.00564956665039062 0.3270263671875 -0.525146484375
0.026123046875 -0.0124397277832031 -0.15625 -0.900390625
0.0104866027832031 -0.000558853149414063 -0.738525390625 -0.3245849609375
0.00483942031860352 0.000274181365966797 -0.527618408203125 0.3717041015625
0.0195655822753906 -0.0141944885253906 -0.084625244140625 0.476409912109375
0.00786876678466797 -0.0152044296264648 0.2738037109375 0.2127685546875
0.000167846679687501 -0.0226650238037109 0.345245361328125 -0.060211181640625
0.00713348388671874 -0.0455055236816406 -0.3154296875 0.082000732421875
0.0312709808349609 -0.02618408203125 -0.23675537109375 -0.193145751953125
0.0149707794189453 -0.019866943359375 0.08074951171875 -0.441253662109375
0.0104827880859375 0.00932693481445313 0.56182861328125 -0.3472900390625
0.00832748413085938 0.0253849029541016 0.70196533203125 0.3507080078125
0.00280570983886719 -0.00742292404174805 0.183837890625 0.87908935546875
0.00338029861450195 0.00568389892578125 -0.2738037109375 0.609375
0.000713944435119629 0.00147569179534912 0.00759887695312501 0.0778350830078125
0.0124959945678711 -0.00018310546875 0.3267822265625 -0.52947998046875
0.0253448486328125 -0.0053863525390625 -0.165283203125 -0.8956298828125
0.0166454315185547 0.00317478179931641 -0.74188232421875 -0.3157958984375
0.00965023040771484 -0.00236034393310547 -0.52276611328125 0.374969482421875
0.0215320587158203 -0.0208644866943359 -0.07830810546875 0.4737548828125
0.00766944885253906 -0.0236759185791016 0.27569580078125 0.210952758789063
0.00011444091796875 -0.0246200561523438 0.343231201171875 -0.0626220703125
0.0120010375976563 -0.038238525390625 -0.330352783203125 0.066436767578125
0.0300674438476563 0.0104331970214844 -0.250198364257812 -0.1900634765625
0.00895214080810547 0.00897979736328125 0.067535400390625 -0.450042724609375
-0.0240325927734375 0.0116348266601562 0.5528564453125 -0.369720458984375
-0.0312557220458984 -0.000627517700195306 0.7230224609375 0.3194580078125
-0.00877761840820313 -0.052886962890625 0.22705078125 0.85400390625
0.03546142578125 -0.0348739624023438 -0.240234375 0.5982666015625
0.0558280944824219 -0.0192413330078125 0.0222015380859375 0.0678291320800781
0.0448493957519531 -0.0383682250976563 0.349334716796875 -0.537322998046875
0.0152778625488281 -0.0499458312988281 -0.13531494140625 -0.92291259765625
-0.0260868072509766 -0.0248908996582031 -0.73382568359375 -0.356689453125
-0.0227222442626953 0.000799179077148433 -0.538909912109375 0.350616455078125
0.0119762420654297 0.00495052337646484 -0.096343994140625 0.46942138671875
0.00499629974365235 0.0157241821289063 0.259262084960937 0.214019775390625
0.00106334686279297 -0.015751838684082 0.3277587890625 -0.06982421875
0.012451171875 -0.0378875732421875 -0.324951171875 0.070587158203125
0.0292129516601563 0.0123920440673828 -0.25042724609375 -0.186935424804688
0.00938510894775391 0.0113353729248047 0.059722900390625 -0.444580078125
-0.0240020751953125 0.0125675201416016 0.546417236328125 -0.369903564453125
-0.0305137634277344 0.000139236450195316 0.72314453125 0.3101806640625
-0.0075531005859375 -0.0525436401367188 0.23553466796875 0.853515625
0.0348796844482422 -0.034759521484375 -0.24249267578125 0.6068115234375
0.0542755126953125 -0.0179557800292969 0.00997161865234375 0.0750503540039063
0.0465278625488281 -0.0366287231445313 0.3470458984375 -0.52801513671875
0.0175971984863281 -0.0495262145996094 -0.12109375 -0.9210205078125
-0.0247688293457031 -0.0245399475097656 -0.72821044921875 -0.36724853515625
-0.0232315063476563 0.00201797485351563 -0.544525146484375 0.34674072265625
0.0107698440551758 0.00713253021240234 -0.102569580078125 0.470947265625
0.00462722778320313 0.0177383422851563 0.258834838867188 0.216354370117188
0.000379562377929687 -0.0160179138183594 0.3306884765625 -0.066497802734375
0.0120162963867188 -0.0395469665527344 -0.318023681640625 0.0750732421875
0.0289955139160156 0.010711669921875 -0.247268676757813 -0.185516357421875
0.0091094970703125 0.0110378265380859 0.06036376953125 -0.442169189453125
-0.0208320617675781 0.0132923126220703 0.54620361328125 -0.3687744140625
-0.0265369415283203 0.00226211547851562 0.72296142578125 0.31365966796875
-0.00519180297851563 -0.0472984313964844 0.23614501953125 0.85699462890625
0.0323867797851563 -0.0292720794677734 -0.2464599609375 0.61480712890625
0.0489845275878906 -0.0146865844726562 0.000671386718750009 0.0805587768554688
0.0438385009765625 -0.0323486328125 0.343902587890625 -0.522308349609375
0.0199394226074219 -0.0447616577148438 -0.12152099609375 -0.92132568359375
-0.0208396911621094 -0.0222129821777344 -0.72857666015625 -0.36920166015625
-0.0216064453125 0.00272369384765625 -0.547149658203125 0.35015869140625
0.010279655456543 0.00691509246826172 -0.104644775390625 0.474273681640625
0.00433349609375 0.0154409408569336 0.260391235351563 0.217086791992188
0.00110435485839844 -0.0166254043579102 0.334014892578125 -0.06158447265625
0.0111274719238281 -0.0411949157714844 -0.314666748046875 0.0796813964843749
0.0294189453125 0.00575828552246094 -0.244232177734375 -0.18634033203125
0.00981998443603516 0.00767993927001953 0.06500244140625 -0.43890380859375
-0.0165767669677734 0.0131320953369141 0.54974365234375 -0.361602783203125
-0.0195808410644531 0.00620651245117188 0.720947265625 0.32293701171875
-0.00203704833984375 -0.0415000915527344 0.226318359375 0.86590576171875
0.0285491943359375 -0.0227851867675781 -0.25634765625 0.6168212890625
0.0405502319335938 -0.0115699768066406 -0.00327301025390625 0.0817642211914063
0.0384101867675781 -0.0268478393554688 0.337066650390625 -0.522064208984375
0.0223007202148438 -0.0386848449707031 -0.12957763671875 -0.91656494140625
-0.0141105651855469 -0.0168943405151367 -0.7314453125 -0.35797119140625
-0.0160140991210938 0.003509521484375 -0.540496826171875 0.35821533203125
0.0119991302490234 0.00467109680175781 -0.10101318359375 0.477935791015625
0.00541114807128906 0.0104694366455078 0.264785766601563 0.216659545898437
0.000526428222656249 -0.0181045532226563 0.337677001953125 -0.059539794921875
0.00915908813476562 -0.0430488586425781 -0.311920166015625 0.0823669433593751
0.0297298431396484 -0.00172615051269531 -0.241683959960938 -0.187286376953125
0.00929546356201172 0.00178337097167969 0.06768798828125 -0.437896728515625
-0.0100221633911133 0.0125055313110352 0.553375244140625 -0.357147216796875
-0.0123863220214844 0.0104312896728516 0.71636962890625 0.33245849609375
0.000593185424804686 -0.0329093933105469 0.216552734375 0.87445068359375
0.0223007202148438 -0.0157680511474609 -0.26458740234375 0.621337890625
0.029266357421875 -0.00760650634765625 -0.0057373046875 0.0840301513671875
0.0323162078857422 -0.0196361541748047 0.333953857421875 -0.52178955078125
0.0234107971191406 -0.0300369262695313 -0.13818359375 -0.9149169921875
-0.00582695007324219 -0.0123558044433594 -0.73370361328125 -0.3487548828125
-0.00891685485839844 0.00304031372070313 -0.53997802734375 0.363922119140625
0.0142736434936523 -0.00130081176757813 -0.0958251953125001 0.47998046875
0.00546550750732422 0.00213003158569336 0.268936157226563 0.2156982421875
0.00030517578125 -0.0196323394775391 0.34136962890625 -0.058624267578125
0.00780868530273438 -0.0443305969238281 -0.31219482421875 0.08514404296875
0.0298271179199219 -0.0104560852050781 -0.239181518554688 -0.18963623046875
0.0110816955566406 -0.00571727752685547 0.07196044921875 -0.43902587890625
-0.00215339660644531 0.0116806030273438 0.556976318359375 -0.353912353515625
-0.00369453430175781 0.0163087844848633 0.71380615234375 0.337646484375
0.00214004516601563 -0.0242786407470703 0.2064208984375 0.87945556640625
0.0153541564941406 -0.00815200805664063 -0.2706298828125 0.62060546875
0.0186843872070312 -0.00420188903808594 -0.00453948974609376 0.0835189819335937
0.0256538391113281 -0.0126018524169922 0.3314208984375 -0.522705078125
0.0250072479248047 -0.0213565826416016 -0.14788818359375 -0.90911865234375
0.00367164611816406 -0.00653886795043945 -0.73876953125 -0.339599609375
-0.00220990180969238 0.00244808197021484 -0.536407470703125 0.369720458984375
0.0162153244018555 -0.00807380676269531 -0.091033935546875 0.47900390625
0.00617361068725586 -0.00645256042480469 0.273361206054688 0.214889526367188
-9.53674316406205E-06 -0.0220050811767578 0.344818115234375 -0.0594482421875
0.00616073608398438 -0.0449485778808594 -0.31341552734375 0.0860595703125
0.0300712585449219 -0.0199050903320313 -0.238052368164062 -0.190902709960938
0.012791633605957 -0.0135116577148438 0.07635498046875 -0.44000244140625
0.00474643707275391 0.0110387802124023 0.56005859375 -0.351837158203125
0.00305747985839844 0.0208988189697266 0.71002197265625 0.3446044921875
0.00357246398925781 -0.0152883529663086 0.19696044921875 0.88275146484375
0.00883197784423828 -0.000603675842285156 -0.274169921875 0.61798095703125
0.00792503356933594 -0.000537395477294922 -0.000236511230468748 0.0822067260742187
0.017608642578125 -0.00544166564941406 0.328704833984375 -0.527252197265625
0.0259723663330078 -0.01239013671875 -0.1563720703125 -0.9036865234375
0.0116605758666992 -0.000696182250976563 -0.7415771484375 -0.3272705078125
0.00488185882568359 -0.000155448913574219 -0.52850341796875 0.37396240234375
0.0192813873291016 -0.0147380828857422 -0.08367919921875 0.478546142578125
0.00743579864501953 -0.0166473388671875 0.27532958984375 0.212127685546875
-0.000602722167968749 -0.0228252410888672 0.345245361328125 -0.061676025390625
0.005889892578125 -0.0452842712402344 -0.316864013671875 0.0839233398437499
0.0308513641357422 -0.0274944305419922 -0.237564086914062 -0.193328857421875
0.0145206451416016 -0.0196056365966797 0.08099365234375 -0.444976806640625
0.0101900100708008 0.00936031341552734 0.564208984375 -0.34991455078125
0.00856399536132813 0.0248641967773438 0.7056884765625 0.35205078125
0.00343799591064453 -0.0076761245727539 0.1861572265625 0.88446044921875
0.00265979766845703 0.00590991973876953 -0.27410888671875 0.6119384765625
0.000221371650695801 0.00170505046844482 0.0074615478515625 0.0773239135742188
0.0116052627563477 0.000267982482910156 0.32830810546875 -0.531585693359375
0.0266742706298828 -0.00570487976074219 -0.1671142578125 -0.900146484375
0.0168933868408203 0.00341510772705078 -0.74847412109375 -0.31787109375
0.0102596282958984 -0.00244426727294922 -0.524627685546875 0.37542724609375
0.0215263366699219 -0.021697998046875 -0.07745361328125 0.474700927734375
0.00720787048339844 -0.0237579345703125 0.2769775390625 0.211395263671875
-0.00149345397949219 -0.0231227874755859 0.3443603515625 -0.064697265625
0.0115928649902344 -0.0384292602539063 -0.33160400390625 0.068572998046875
0.0288486480712891 0.00925445556640625 -0.252151489257813 -0.188796997070313
0.00933551788330078 0.0097198486328125 0.067138671875 -0.45391845703125
-0.0242500305175781 0.0121097564697266 0.554168701171875 -0.374267578125
-0.0310897827148438 -0.00155448913574218 0.72796630859375 0.31878662109375
-0.00835800170898438 -0.054168701171875 0.2320556640625 0.8604736328125
0.0347328186035156 -0.0351600646972656 -0.240966796875 0.60186767578125
0.0552101135253906 -0.0181732177734375 0.0216331481933594 0.0684776306152344
0.0447273254394531 -0.0385780334472656 0.34954833984375 -0.540985107421875
0.0157203674316406 -0.0503387451171875 -0.13885498046875 -0.9285888671875
-0.0260753631591797 -0.0248241424560547 -0.7393798828125 -0.3572998046875
-0.0229911804199219 0.000293731689453123 -0.540802001953125 0.3551025390625
0.011509895324707 0.00437355041503906 -0.095123291015625 0.473480224609375
0.00483036041259766 0.0154590606689453 0.261489868164063 0.21380615234375
0.000144958496093749 -0.0164480209350586 0.329315185546875 -0.072509765625
0.0111198425292969 -0.0389823913574219 -0.326171875 0.073211669921875
0.0292949676513672 0.0117645263671875 -0.251708984375 -0.186676025390625
0.00980186462402344 0.0115594863891602 0.0611572265625 -0.44744873046875
-0.0245075225830078 0.0131149291992188 0.548492431640625 -0.374969482421875
-0.0305118560791016 -0.000570297241210942 0.72943115234375 0.31036376953125
-0.00783538818359375 -0.05316162109375 0.23919677734375 0.85626220703125
0.0353507995605469 -0.0337905883789063 -0.2430419921875 0.610107421875
0.0540199279785156 -0.0173377990722656 0.0101547241210937 0.07513427734375
0.0455131530761719 -0.0365829467773438 0.348480224609375 -0.53076171875
0.017822265625 -0.0499305725097656 -0.12469482421875 -0.92657470703125
-0.0251140594482422 -0.0245342254638672 -0.73223876953125 -0.36798095703125
-0.0245189666748047 0.00253105163574219 -0.54559326171875 0.351654052734375
0.0100545883178711 0.00657081604003906 -0.101898193359375 0.473236083984375
0.00455474853515625 0.0172262191772461 0.260910034179688 0.217422485351563
0.00023651123046875 -0.0159435272216797 0.3330078125 -0.068603515625
0.0108718872070313 -0.0394439697265625 -0.320526123046875 0.077423095703125
0.0286331176757813 0.00958061218261719 -0.249588012695313 -0.185653686523438
0.00944614410400391 0.011073112487793 0.0609130859375 -0.44549560546875
-0.0218257904052734 0.0132083892822266 0.548187255859375 -0.371307373046875
-0.0266819000244141 0.00162696838378906 0.72900390625 0.31427001953125
-0.00521469116210938 -0.0482940673828125 0.2396240234375 0.86297607421875
0.0324115753173828 -0.0294113159179687 -0.24798583984375 0.61993408203125
0.0480422973632812 -0.01416015625 0.000991821289062508 0.080657958984375
0.0433731079101563 -0.0318603515625 0.344940185546875 -0.525604248046875
0.0194549560546875 -0.0454788208007813 -0.12322998046875 -0.92657470703125
-0.0205287933349609 -0.0226097106933594 -0.734619140625 -0.3695068359375
-0.021240234375 0.00287055969238282 -0.547698974609375 0.35296630859375
0.0101003646850586 0.00662422180175781 -0.10296630859375 0.477630615234375
0.00429439544677735 0.0154848098754883 0.262725830078125 0.217041015625
0.000380516052246095 -0.0165681838989258 0.3360595703125 -0.064361572265625
0.00976943969726562 -0.0408897399902344 -0.31561279296875 0.08209228515625
0.0287094116210938 0.00492095947265625 -0.245773315429688 -0.185440063476563
0.00926876068115234 0.007720947265625 0.06365966796875 -0.4407958984375
-0.01678466796875 0.0140876770019531 0.552215576171875 -0.365264892578125
-0.0195083618164063 0.00576591491699218 0.72802734375 0.3233642578125
-0.00159454345703125 -0.0419883728027344 0.23175048828125 0.8717041015625
0.0280113220214844 -0.0227222442626953 -0.2559814453125 0.622802734375
0.0392303466796875 -0.0112190246582031 -0.00347137451171874 0.0824203491210938
0.0386390686035156 -0.0267219543457031 0.3397216796875 -0.526123046875
0.0219306945800781 -0.0394096374511719 -0.13238525390625 -0.922119140625
-0.0137157440185547 -0.0181293487548828 -0.7359619140625 -0.35858154296875
-0.0167989730834961 0.00369453430175782 -0.54315185546875 0.360687255859375
0.0114898681640625 0.00420379638671875 -0.099090576171875 0.481231689453125
0.00544929504394531 0.0104503631591797 0.267547607421875 0.21600341796875
0.000997543334960939 -0.0180072784423828 0.340301513671875 -0.061798095703125
0.007293701171875 -0.042816162109375 -0.313507080078125 0.0847473144531249
0.0284671783447266 -0.00262832641601563 -0.242843627929687 -0.187744140625
0.00986862182617188 0.00172805786132813 0.068572998046875 -0.441253662109375
-0.0103302001953125 0.0132274627685547 0.556640625 -0.361785888671875
-0.011993408203125 0.00945758819580078 0.72467041015625 0.3319091796875
0.00102806091308593 -0.0337791442871094 0.22119140625 0.8817138671875
0.0222816467285156 -0.0149517059326172 -0.26446533203125 0.6251220703125
0.0289287567138672 -0.0069732666015625 -0.00588226318359374 0.0836868286132813
0.0325107574462891 -0.0197715759277344 0.335357666015625 -0.52459716796875
0.0237369537353516 -0.0308570861816406 -0.14166259765625 -0.91851806640625
-0.00560379028320312 -0.0119380950927734 -0.741943359375 -0.34954833984375
-0.0100564956665039 0.00279331207275391 -0.540740966796875 0.366302490234375
0.0134773254394531 -0.00226306915283203 -0.0958251953125001 0.482696533203125
0.00559854507446289 0.00175619125366211 0.271316528320313 0.215316772460937
-0.000238418579101561 -0.0197429656982422 0.343414306640625 -0.060882568359375
0.00613021850585938 -0.0442428588867188 -0.312774658203125 0.088104248046875
0.0288410186767578 -0.0115699768066406 -0.241073608398438 -0.189422607421875
0.0105314254760742 -0.00550746917724609 0.070465087890625 -0.4410400390625
-0.00271415710449219 0.0120010375976563 0.559661865234375 -0.357574462890625
-0.00303459167480469 0.0148811340332031 0.72021484375 0.3380126953125
0.00266647338867188 -0.0249691009521484 0.20953369140625 0.88525390625
0.015141487121582 -0.00717258453369141 -0.27008056640625 0.6258544921875
0.0180988311767578 -0.00365638732910156 -0.00478363037109375 0.0837936401367187
0.0254173278808594 -0.0120601654052734 0.3314208984375 -0.52618408203125
0.0252914428710938 -0.0210247039794922 -0.15106201171875 -0.9129638671875
0.00339460372924805 -0.00599002838134766 -0.74560546875 -0.34002685546875
-0.00213515758514404 0.00153136253356934 -0.537841796875 0.371551513671875
0.0165767669677734 -0.00840950012207031 -0.090301513671875 0.482025146484375
0.00617551803588867 -0.00667715072631836 0.275146484375 0.213851928710938
-0.000661849975585939 -0.0217037200927734 0.34625244140625 -0.0614013671875
0.00494384765625 -0.0452079772949219 -0.3148193359375 0.088592529296875
0.0293655395507813 -0.021148681640625 -0.240081787109375 -0.190811157226563
0.0123777389526367 -0.0125617980957031 0.0737609863281249 -0.44293212890625
0.00507831573486328 0.0115938186645508 0.562103271484375 -0.35614013671875
0.00331687927246094 0.0202159881591797 0.7156982421875 0.34576416015625
0.00341892242431641 -0.0160484313964844 0.19976806640625 0.888671875
0.00822925567626953 0.000395298004150391 -0.2728271484375 0.6217041015625
0.00706720352172852 -0.000106334686279297 1.52587890625046E-05 0.0815277099609375
0.0174417495727539 -0.00558757781982422 0.33038330078125 -0.530792236328125
0.0264244079589844 -0.0127429962158203 -0.1588134765625 -0.909912109375
0.0119972229003906 -0.000287055969238281 -0.7479248046875 -0.3284912109375
0.00471162796020508 1.43051147460938E-05 -0.5323486328125 0.3753662109375
0.0186824798583984 -0.0158119201660156 -0.083953857421875 0.48052978515625
0.00722980499267578 -0.0165395736694336 0.277664184570313 0.211654663085938
-0.00128173828125 -0.0229129791259766 0.347076416015625 -0.0633544921875
0.0043792724609375 -0.045196533203125 -0.317626953125 0.0871887207031249
0.0299701690673828 -0.0286655426025391 -0.239273071289063 -0.192611694335938
0.0140361785888672 -0.0193099975585938 0.07989501953125 -0.44586181640625
0.00994205474853516 0.0101051330566406 0.56671142578125 -0.35418701171875
0.00859451293945313 0.0246047973632813 0.7119140625 0.35101318359375
0.00371599197387695 -0.00875139236450195 0.1900634765625 0.89080810546875
0.00286388397216797 0.00646448135375977 -0.27508544921875 0.614990234375
-0.0010225772857666 0.0027766227722168 0.00702667236328125 0.0778350830078125
0.0112447738647461 4.67300415039063E-05 0.32940673828125 -0.536468505859375
0.0262050628662109 -0.0057373046875 -0.17144775390625 -0.9072265625
0.0179100036621094 0.00298309326171875 -0.75311279296875 -0.3199462890625
0.0102319717407227 -0.00253105163574219 -0.5267333984375 0.37774658203125
0.0212001800537109 -0.0225124359130859 -0.076629638671875 0.477783203125
0.00662040710449219 -0.02471923828125 0.278839111328125 0.209854125976563
-0.00172805786132813 -0.0235939025878906 0.346466064453125 -0.06634521484375
0.00960159301757813 -0.0381813049316406 -0.334442138671875 0.071014404296875
0.0282878875732422 0.00890541076660156 -0.253860473632813 -0.189071655273438
0.00939655303955078 0.00946331024169922 0.0650634765625 -0.45703125
-0.0248165130615234 0.0123710632324219 0.557373046875 -0.381134033203125
-0.03192138671875 -0.00162696838378906 0.73614501953125 0.32000732421875
-0.00848770141601563 -0.0542259216308594 0.2369384765625 0.865234375
0.0353050231933594 -0.0346183776855469 -0.2410888671875 0.60589599609375
0.0547065734863281 -0.0178337097167969 0.0222206115722656 0.0686073303222656
0.0442581176757813 -0.0383071899414063 0.351226806640625 -0.54534912109375
0.01483154296875 -0.0506401062011719 -0.14056396484375 -0.9346923828125
-0.0259151458740234 -0.0248069763183594 -0.74700927734375 -0.3587646484375
-0.0241603851318359 0.00115776062011719 -0.5440673828125 0.3575439453125
0.0110206604003906 0.00446319580078125 -0.0943603515625 0.476348876953125
0.00477504730224609 0.0149698257446289 0.264190673828125 0.213836669921875
-0.000791549682617187 -0.0156402587890625 0.331787109375 -0.074615478515625
0.00915145874023438 -0.0385665893554687 -0.327667236328125 0.0747985839843749
0.0286102294921875 0.0108184814453125 -0.254318237304688 -0.186508178710938
0.009735107421875 0.0115718841552734 0.0594482421875 -0.450836181640625
-0.0249671936035156 0.0137710571289062 0.5523681640625 -0.380889892578125
-0.03076171875 -0.000854492187500001 0.7362060546875 0.3074951171875
-0.00720596313476563 -0.053985595703125 0.24456787109375 0.86419677734375
0.0345478057861328 -0.0338687896728516 -0.2427978515625 0.6162109375
0.0535354614257812 -0.0168113708496094 0.00940704345703126 0.0750961303710938
0.0456733703613281 -0.0368499755859375 0.350311279296875 -0.535614013671875
0.0177230834960938 -0.050628662109375 -0.12872314453125 -0.93450927734375
-0.0252780914306641 -0.024932861328125 -0.740234375 -0.3699951171875
-0.0246009826660156 0.00238037109375 -0.54962158203125 0.3551025390625
0.00998783111572266 0.00631046295166016 -0.100067138671875 0.478057861328125
0.00414085388183594 0.0169610977172852 0.262771606445313 0.21612548828125
-0.000462532043457033 -0.0157747268676758 0.335418701171875 -0.071014404296875
0.0083770751953125 -0.0390472412109375 -0.321441650390625 0.0792236328125
0.0284748077392578 0.00928688049316406 -0.251846313476563 -0.185104370117188
0.00875473022460938 0.0115470886230469 0.0584716796875 -0.447509765625
-0.0223121643066406 0.0144863128662109 0.5504150390625 -0.3773193359375
-0.0264339447021484 0.000862121582031252 0.73876953125 0.31256103515625
-0.00434494018554687 -0.0496902465820313 0.244140625 0.87091064453125
0.0323085784912109 -0.0292835235595703 -0.246826171875 0.623291015625
0.0475883483886719 -0.0139541625976563 0.000518798828125007 0.0808258056640625
0.0427742004394531 -0.0320854187011719 0.346527099609375 -0.52923583984375
0.0202140808105469 -0.046142578125 -0.12786865234375 -0.93389892578125
-0.0205574035644531 -0.0223503112792969 -0.74114990234375 -0.3699951171875
-0.0219478607177734 0.00319862365722656 -0.55059814453125 0.356719970703125
0.00944900512695313 0.0064697265625 -0.102935791015625 0.4801025390625
0.00462532043457031 0.0150299072265625 0.264938354492188 0.216598510742187
-0.00073719024658203 -0.0161828994750977 0.338897705078125 -0.06634521484375
0.00775146484375 -0.0413475036621094 -0.31719970703125 0.0854492187500001
0.0285472869873047 0.003997802734375 -0.248336791992188 -0.185928344726562
0.0090646743774414 0.00823211669921875 0.06182861328125 -0.44415283203125
-0.0177497863769531 0.0139503479003906 0.5557861328125 -0.37115478515625
-0.0199089050292969 0.0050201416015625 0.73443603515625 0.32122802734375
-0.00146102905273438 -0.0428733825683594 0.23480224609375 0.87921142578125
0.0284061431884766 -0.0223827362060547 -0.2576904296875 0.6273193359375
0.0387115478515625 -0.0104598999023437 -0.003326416015625 0.0823974609375
0.0384750366210937 -0.0261993408203125 0.339996337890625 -0.529449462890625
0.0226097106933594 -0.0394477844238281 -0.13653564453125 -0.92724609375
-0.01385498046875 -0.0176334381103516 -0.74359130859375 -0.35931396484375
-0.0170316696166992 0.00351905822753907 -0.54669189453125 0.36651611328125
0.0107440948486328 0.00307273864746094 -0.098541259765625 0.48529052734375
0.00521278381347656 0.00957107543945313 0.27008056640625 0.216339111328125
-0.00157737731933594 -0.0178089141845703 0.342041015625 -0.06427001953125
0.00683212280273437 -0.0422515869140625 -0.315185546875 0.0876770019531251
0.0282211303710937 -0.00373077392578125 -0.244735717773438 -0.187103271484375
0.00991058349609375 0.00215816497802734 0.067657470703125 -0.443817138671875
-0.0103645324707031 0.0138578414916992 0.559600830078125 -0.3670654296875
-0.0123424530029297 0.00964832305908203 0.73126220703125 0.33203125
0.000993728637695313 -0.0349102020263672 0.22357177734375 0.88763427734375
0.0220718383789063 -0.0148239135742188 -0.26593017578125 0.62994384765625
0.0289688110351562 -0.00661468505859375 -0.00645446777343751 0.0837631225585938
0.0316219329833984 -0.0198440551757813 0.33648681640625 -0.528900146484375
0.0242118835449219 -0.0307598114013672 -0.14593505859375 -0.9248046875
-0.00496101379394531 -0.0119075775146484 -0.74700927734375 -0.34979248046875
-0.0103464126586914 0.00268268585205078 -0.545257568359375 0.370819091796875
0.0130147933959961 -0.00215244293212891 -0.0938415527343749 0.48638916015625
0.00575351715087891 0.00205469131469727 0.273590087890625 0.214614868164063
-0.00145721435546875 -0.0197505950927734 0.346221923828125 -0.063507080078125
0.00460433959960938 -0.0439376831054688 -0.314971923828125 0.09033203125
0.028289794921875 -0.0126800537109375 -0.242767333984375 -0.1884765625
0.0112504959106445 -0.00580215454101563 0.069976806640625 -0.4434814453125
-0.00336265563964844 0.0127286911010742 0.5621337890625 -0.36334228515625
-0.00337028503417969 0.0144720077514648 0.72857666015625 0.3382568359375
0.0028076171875 -0.0259838104248047 0.2156982421875 0.89068603515625
0.0153589248657227 -0.00690460205078125 -0.2708740234375 0.630126953125
0.0172901153564453 -0.00255393981933594 -0.0050201416015625 0.084197998046875
0.0247268676757813 -0.0120811462402344 0.33465576171875 -0.53045654296875
0.0261993408203125 -0.0217971801757813 -0.1556396484375 -0.9195556640625
0.00337600708007813 -0.00589561462402344 -0.7523193359375 -0.3402099609375
-0.00217533111572266 0.00151193141937256 -0.541473388671875 0.376220703125
0.0155601501464844 -0.00940132141113281 -0.087860107421875 0.4852294921875
0.0057525634765625 -0.00759744644165039 0.277328491210938 0.21307373046875
-0.00205039978027344 -0.0212020874023438 0.348541259765625 -0.0634765625
0.00358200073242188 -0.044586181640625 -0.3155517578125 0.091461181640625
0.0285911560058594 -0.0213451385498047 -0.242523193359375 -0.1903076171875
0.0124111175537109 -0.0128097534179688 0.07440185546875 -0.445526123046875
0.00382709503173828 0.0122261047363281 0.56500244140625 -0.3619384765625
0.0035858154296875 0.0197601318359375 0.72265625 0.34429931640625
0.00423431396484375 -0.0167703628540039 0.2032470703125 0.897216796875
0.00867557525634766 0.000578403472900391 -0.27435302734375 0.62744140625
0.00629425048828125 0.000797748565673828 5.40586270386984E-18 0.0819931030273438
0.0173873901367188 -0.00594329833984375 0.3309326171875 -0.5345458984375
0.0261001586914063 -0.0129890441894531 -0.1646728515625 -0.9158935546875
0.0118799209594727 -0.000414848327636719 -0.7557373046875 -0.32916259765625
0.004730224609375 -0.000520706176757813 -0.53485107421875 0.38092041015625
0.0184326171875 -0.0164756774902344 -0.08111572265625 0.4854736328125
0.00664138793945313 -0.0170497894287109 0.280227661132813 0.211105346679688
-0.00263023376464844 -0.0220928192138672 0.3492431640625 -0.066619873046875
0.00284194946289062 -0.0449142456054687 -0.319549560546875 0.0891723632812499
0.0291461944580078 -0.0295543670654297 -0.241592407226563 -0.192123413085938
0.0139827728271484 -0.0194969177246094 0.079498291015625 -0.4501953125
0.00989818572998047 0.00974655151367188 0.56817626953125 -0.35986328125
0.0090179443359375 0.0237560272216797 0.71905517578125 0.3531494140625
0.00460052490234375 -0.00929546356201172 0.1937255859375 0.89776611328125
0.00284862518310547 0.00671243667602539 -0.27471923828125 0.6220703125
-0.00216889381408691 0.00368452072143555 0.0075225830078125 0.07769775390625
0.0114231109619141 0.000192642211914062 0.3304443359375 -0.53985595703125
0.0266361236572266 -0.00599288940429688 -0.17449951171875 -0.91253662109375
0.0176181793212891 0.003143310546875 -0.759521484375 -0.3193359375
0.0101718902587891 -0.00306606292724609 -0.5301513671875 0.383056640625
0.0206584930419922 -0.0233440399169922 -0.075958251953125 0.482940673828125
0.00644111633300781 -0.0251808166503906 0.28125 0.209503173828125
-0.00302314758300781 -0.0231151580810547 0.34869384765625 -0.069854736328125
0.00770568847656251 -0.037750244140625 -0.335968017578125 0.0751953125000001
0.0270309448242188 0.00843429565429688 -0.256790161132813 -0.188140869140625
0.00894355773925781 0.00952816009521484 0.063751220703125 -0.459808349609375
-0.0257205963134766 0.0131607055664063 0.55889892578125 -0.387420654296875
-0.0320034027099609 -0.00214576721191406 0.743896484375 0.3160400390625
-0.00804901123046875 -0.055389404296875 0.2430419921875 0.872314453125
0.0346927642822266 -0.0339241027832031 -0.2393798828125 0.61053466796875
0.0543251037597656 -0.0170822143554688 0.0219535827636719 0.0679779052734375
0.0441055297851563 -0.0384292602539063 0.3516845703125 -0.551300048828125
0.015167236328125 -0.0510215759277344 -0.14691162109375 -0.9398193359375
-0.0263137817382813 -0.0246829986572266 -0.7532958984375 -0.35711669921875
-0.0241737365722656 0.0015716552734375 -0.546966552734375 0.36419677734375
0.010676383972168 0.00293064117431641 -0.09124755859375 0.4788818359375
0.00489234924316406 0.0148200988769531 0.265838623046875 0.212478637695313
-0.00173091888427734 -0.0155181884765625 0.33367919921875 -0.07745361328125
0.0077667236328125 -0.0384483337402344 -0.330230712890625 0.0788574218750001
0.0285415649414062 0.0105056762695313 -0.256134033203125 -0.18621826171875
0.00908851623535156 0.0121316909790039 0.0574035644531249 -0.45501708984375
-0.0253963470458984 0.0140132904052734 0.552703857421875 -0.3876953125
-0.0309829711914062 -0.00139617919921875 0.744384765625 0.30743408203125
-0.00713348388671875 -0.0553665161132812 0.25079345703125 0.871337890625
0.0345821380615234 -0.0334415435791016 -0.24066162109375 0.62005615234375
0.0533828735351563 -0.015838623046875 0.0100326538085938 0.0752182006835938
0.0449485778808594 -0.0369606018066406 0.35101318359375 -0.54071044921875
0.017181396484375 -0.0510063171386719 -0.13446044921875 -0.9390869140625
-0.0250148773193359 -0.0250930786132812 -0.748779296875 -0.3682861328125
-0.0247993469238281 0.00246238708496094 -0.55133056640625 0.3599853515625
0.00970554351806641 0.00576591491699219 -0.098541259765625 0.48248291015625
0.00432586669921875 0.0166645050048828 0.266586303710938 0.215316772460938
-0.00144863128662109 -0.0157766342163086 0.337646484375 -0.073822021484375
0.00693130493164062 -0.0385322570800781 -0.323699951171875 0.08428955078125
0.0276298522949219 0.00866889953613281 -0.25390625 -0.184112548828125
0.00870895385742188 0.0113382339477539 0.056915283203125 -0.450347900390625
-0.0224037170410156 0.0145492553710937 0.552215576171875 -0.385467529296875
-0.0266456604003906 -0.000101089477539066 0.745361328125 0.31024169921875
-0.00446701049804688 -0.0499687194824219 0.2520751953125 0.8756103515625
0.0323581695556641 -0.0287418365478516 -0.24639892578125 0.62847900390625
0.0468368530273437 -0.01287841796875 0.00109100341796875 0.0813446044921875
0.0428543090820313 -0.0321617126464844 0.347900390625 -0.534759521484375
0.0198135375976562 -0.046600341796875 -0.1331787109375 -0.93804931640625
-0.0206394195556641 -0.0230731964111328 -0.74981689453125 -0.36944580078125
-0.0226345062255859 0.00354766845703125 -0.551971435546875 0.361419677734375
0.00961399078369141 0.00534915924072266 -0.0997619628906249 0.4853515625
0.00472164154052734 0.0150842666625977 0.268157958984375 0.215576171875
-0.00197219848632812 -0.0158615112304688 0.3404541015625 -0.069915771484375
0.00649642944335937 -0.040985107421875 -0.3187255859375 0.0887145996093751
0.0282669067382813 0.0039520263671875 -0.250778198242188 -0.185775756835938
0.00892543792724609 0.00799274444580078 0.06060791015625 -0.4473876953125
-0.0175952911376953 0.0145263671875 0.5577392578125 -0.378082275390625
-0.0202999114990234 0.00414276123046875 0.74273681640625 0.31982421875
-0.00133514404296875 -0.0441436767578125 0.24346923828125 0.8856201171875
0.0278587341308594 -0.02239990234375 -0.25579833984375 0.63275146484375
0.0383491516113281 -0.00953292846679688 -0.0032958984375 0.0826873779296875
0.0382499694824219 -0.0264968872070313 0.3399658203125 -0.535064697265625
0.0218315124511719 -0.0393257141113281 -0.142578125 -0.93426513671875
-0.014312744140625 -0.0177059173583984 -0.7520751953125 -0.360107421875
-0.0174932479858398 0.00359153747558593 -0.550323486328125 0.37091064453125
0.0110702514648438 0.00221633911132812 -0.0954589843749999 0.488006591796875
0.00470829010009766 0.00921344757080078 0.2720947265625 0.21484375
-0.00221538543701172 -0.0170917510986328 0.344757080078125 -0.067718505859375
0.004669189453125 -0.0415534973144531 -0.31622314453125 0.091217041015625
0.0276470184326172 -0.00472259521484375 -0.246612548828125 -0.186752319335938
0.0102853775024414 0.00226116180419922 0.065185546875 -0.446868896484375
-0.0105743408203125 0.0144939422607422 0.560211181640625 -0.37347412109375
-0.0121755599975586 0.00862407684326172 0.740234375 0.32769775390625
0.00156402587890625 -0.0357551574707031 0.23162841796875 0.893798828125
0.02215576171875 -0.0149383544921875 -0.26263427734375 0.6361083984375
0.0284099578857422 -0.00551033020019531 -0.00599670410156251 0.0842666625976562
0.0312747955322266 -0.0195465087890625 0.336669921875 -0.533477783203125
0.0241565704345703 -0.0311431884765625 -0.15106201171875 -0.93084716796875
-0.00499534606933594 -0.0120296478271484 -0.75579833984375 -0.34991455078125
-0.0100135803222656 0.00315570831298828 -0.546234130859375 0.376922607421875
0.0128202438354492 -0.00262737274169922 -0.090789794921875 0.489349365234375
0.00539731979370117 0.000883102416992187 0.2763671875 0.213851928710937
-0.00242042541503906 -0.0183982849121094 0.347442626953125 -0.066680908203125
0.00353622436523437 -0.0435905456542969 -0.315887451171875 0.0942382812499999
0.0276908874511719 -0.0134029388427734 -0.24560546875 -0.187850952148438
0.0103702545166016 -0.00486278533935547 0.068572998046875 -0.447509765625
-0.00375747680664063 0.0132942199707031 0.5633544921875 -0.37030029296875
-0.00354671478271484 0.0145349502563477 0.734130859375 0.33514404296875
0.003570556640625 -0.0267772674560547 0.2222900390625 0.89892578125
0.014735221862793 -0.00671863555908203 -0.27008056640625 0.6356201171875
0.0168466567993164 -0.00213718414306641 -0.00455474853515626 0.0843582153320313
0.0240898132324219 -0.0126819610595703 0.3333740234375 -0.534454345703125
0.0251655578613281 -0.0223636627197266 -0.1610107421875 -0.9256591796875
0.00348377227783203 -0.00627613067626953 -0.75872802734375 -0.339111328125
-0.00266170501708984 0.0018925666809082 -0.5419921875 0.380859375
0.0155553817749023 -0.0102300643920898 -0.0863037109375 0.48944091796875
0.00549697875976563 -0.00784730911254883 0.280059814453125 0.212570190429687
-0.00263023376464844 -0.0209083557128906 0.350677490234375 -0.067535400390625
0.00215530395507813 -0.0445594787597656 -0.3170166015625 0.095245361328125
0.0281925201416016 -0.0229396820068359 -0.244598388671875 -0.1895751953125
0.0120687484741211 -0.0124940872192383 0.07183837890625 -0.448822021484375
0.00348663330078125 0.012171745300293 0.565673828125 -0.3680419921875
0.00402259826660156 0.0187549591064453 0.73126220703125 0.343505859375
0.0039215087890625 -0.0175895690917969 0.21185302734375 0.9041748046875
0.00839948654174805 0.00176811218261719 -0.272216796875 0.63250732421875
0.00600099563598633 0.0020298957824707 0.000205993652343755 0.0824432373046875
0.0170707702636719 -0.00595378875732422 0.330810546875 -0.539581298828125
0.0261573791503906 -0.0128307342529297 -0.1705322265625 -0.921630859375
0.0118942260742188 -0.00141143798828125 -0.76324462890625 -0.32830810546875
0.00472068786621094 -0.000424861907958984 -0.535919189453125 0.386474609375
0.0177631378173828 -0.0173892974853516 -0.079376220703125 0.48883056640625
0.00653457641601562 -0.0179824829101563 0.283172607421875 0.209686279296875
-0.00297355651855469 -0.0221500396728516 0.35186767578125 -0.069488525390625
0.00133514404296875 -0.0442161560058594 -0.321197509765625 0.09307861328125
0.0278778076171875 -0.0303115844726563 -0.244186401367188 -0.191513061523437
0.0138263702392578 -0.0193920135498047 0.07733154296875 -0.45404052734375
0.00930690765380859 0.0111503601074219 0.57061767578125 -0.36614990234375
0.00911712646484375 0.0233917236328125 0.72625732421875 0.35009765625
0.00441360473632813 -0.0101633071899414 0.202392578125 0.9029541015625
0.00256156921386719 0.00768709182739258 -0.27313232421875 0.62713623046875
-0.00241184234619141 0.0055699348449707 0.0073394775390625 0.0776748657226563
0.0104436874389648 0.000486373901367188 0.331329345703125 -0.545196533203125
0.0268173217773438 -0.0056610107421875 -0.1812744140625 -0.91796875
0.0184326171875 0.00329971313476562 -0.768798828125 -0.31988525390625
0.00987625122070313 -0.00232887268066406 -0.53179931640625 0.38818359375
0.0202808380126953 -0.0240612030029297 -0.0732421875 0.486419677734375
0.00591278076171875 -0.0256004333496094 0.2840576171875 0.20782470703125
-0.00395584106445312 -0.0233612060546875 0.35076904296875 -0.072418212890625
0.00682449340820312 -0.0376968383789063 -0.33807373046875 0.078521728515625
0.0273342132568359 0.00726509094238281 -0.259323120117188 -0.186798095703125
0.00953102111816406 0.00919532775878906 0.061065673828125 -0.46343994140625
-0.0254058837890625 0.0131950378417969 0.559783935546875 -0.3939208984375
-0.0330123901367188 -0.00345420837402343 0.7540283203125 0.31182861328125
-0.00829696655273437 -0.056915283203125 0.25177001953125 0.87725830078125
0.0354576110839844 -0.0340080261230469 -0.237060546875 0.61773681640625
0.0543098449707031 -0.0164756774902344 0.0224037170410156 0.0685005187988281
0.0438041687011719 -0.0385513305664063 0.350616455078125 -0.555938720703125
0.0146141052246094 -0.0512847900390625 -0.15350341796875 -0.946044921875
-0.0261573791503906 -0.0247020721435547 -0.76202392578125 -0.355712890625
-0.0240287780761719 0.00193595886230469 -0.547698974609375 0.37030029296875
0.0104446411132813 0.00314426422119141 -0.087371826171875 0.483428955078125
0.00428009033203125 0.0147552490234375 0.270095825195313 0.210708618164063
-0.00246715545654297 -0.0148258209228516 0.335784912109375 -0.0814208984375
0.0065765380859375 -0.0377616882324219 -0.33123779296875 0.0824279785156249
0.0276584625244141 0.0101814270019531 -0.258956909179688 -0.184280395507813
0.00882053375244141 0.0120019912719727 0.05511474609375 -0.457489013671875
-0.0257625579833984 0.0153560638427734 0.553466796875 -0.394317626953125
-0.0313224792480469 -0.00250244140625 0.75323486328125 0.30401611328125
-0.00748825073242187 -0.0556259155273438 0.26165771484375 0.876953125
0.0340290069580078 -0.0331363677978516 -0.23785400390625 0.62664794921875
0.0533256530761719 -0.0155868530273438 0.0097808837890625 0.0757369995117188
0.0442352294921875 -0.0374221801757813 0.3494873046875 -0.546600341796875
0.0176124572753906 -0.0513038635253906 -0.1422119140625 -0.9456787109375
-0.0253772735595703 -0.0252189636230469 -0.75732421875 -0.36669921875
-0.0252590179443359 0.0024566650390625 -0.552581787109375 0.367034912109375
0.0088958740234375 0.00554752349853516 -0.0947265625 0.485260009765625
0.00395298004150391 0.0172548294067383 0.26934814453125 0.2137451171875
-0.00274848937988281 -0.014984130859375 0.33953857421875 -0.077362060546875
0.00611114501953125 -0.0380935668945313 -0.3250732421875 0.0877685546875001
0.0274257659912109 0.00781059265136719 -0.25604248046875 -0.183639526367187
0.00969314575195313 0.0115413665771484 0.05548095703125 -0.45440673828125
-0.0225791931152344 0.0157909393310547 0.553466796875 -0.392608642578125
-0.0274200439453125 0.00017356872558594 0.75347900390625 0.30517578125
-0.0047149658203125 -0.0519180297851562 0.26055908203125 0.8812255859375
0.0325298309326172 -0.0289897918701172 -0.243408203125 0.6341552734375
0.0468521118164063 -0.0126838684082031 0.000526428222656259 0.080841064453125
0.0422706604003906 -0.0329322814941406 0.345550537109375 -0.540924072265625
0.0196647644042969 -0.0471305847167969 -0.14288330078125 -0.9444580078125
-0.0212287902832031 -0.0223598480224609 -0.75897216796875 -0.36822509765625
-0.0228767395019531 0.00371360778808594 -0.554534912109375 0.36944580078125
0.00896930694580078 0.00557422637939453 -0.09716796875 0.487701416015625
0.00389575958251953 0.0148391723632813 0.27197265625 0.213836669921875
-0.0034942626953125 -0.0153083801269531 0.3427734375 -0.0740966796875
0.00455474853515625 -0.0401763916015625 -0.32012939453125 0.09295654296875
0.0271873474121094 0.00314140319824219 -0.252410888671875 -0.18402099609375
0.00938034057617188 0.00773048400878906 0.058013916015625 -0.451263427734375
-0.0177230834960937 0.0159072875976563 0.5584716796875 -0.3853759765625
-0.0199375152587891 0.00400733947753906 0.7508544921875 0.31683349609375
-0.00160980224609375 -0.045501708984375 0.2515869140625 0.8907470703125
0.0276985168457031 -0.0224761962890625 -0.254150390625 0.63897705078125
0.0386848449707031 -0.00841140747070313 -0.00367736816406249 0.0831069946289062
0.036956787109375 -0.0265731811523438 0.3394775390625 -0.53997802734375
0.0216255187988281 -0.0403022766113281 -0.14959716796875 -0.9384765625
-0.0141448974609375 -0.0178241729736328 -0.76025390625 -0.3572998046875
-0.0181350708007812 0.00357627868652344 -0.549957275390625 0.376251220703125
0.0101385116577148 0.00175952911376953 -0.09197998046875 0.492279052734375
0.00433826446533203 0.00915050506591797 0.275741577148438 0.21337890625
-0.00312328338623047 -0.0165815353393555 0.346710205078125 -0.071014404296875
0.00329971313476562 -0.0421676635742188 -0.31695556640625 0.09521484375
0.0269718170166016 -0.00504112243652344 -0.250198364257813 -0.185043334960938
0.0098867416381836 0.00299930572509766 0.06243896484375 -0.4501953125
-0.0110960006713867 0.0151166915893555 0.56280517578125 -0.3826904296875
-0.012446403503418 0.00745010375976562 0.74810791015625 0.3262939453125
0.00185394287109375 -0.03643798828125 0.23992919921875 0.89862060546875
0.0221424102783203 -0.0144577026367188 -0.26123046875 0.64178466796875
0.0274868011474609 -0.00478363037109375 -0.0061798095703125 0.0848388671875
0.031341552734375 -0.0194339752197266 0.33544921875 -0.539947509765625
0.0242996215820312 -0.0319080352783203 -0.15899658203125 -0.93585205078125
-0.00489616394042969 -0.0117063522338867 -0.76470947265625 -0.34783935546875
-0.0103282928466797 0.00338935852050781 -0.546417236328125 0.382537841796875
0.0121755599975586 -0.00336265563964844 -0.0872802734375 0.492584228515625
0.00513124465942383 0.00136899948120117 0.279830932617188 0.2125244140625
-0.00272369384765625 -0.0185604095458984 0.35003662109375 -0.0706787109375
0.00185775756835938 -0.04345703125 -0.316680908203125 0.0985412597656251
0.0267143249511719 -0.0139331817626953 -0.24737548828125 -0.186752319335937
0.0110807418823242 -0.00491142272949219 0.06591796875 -0.45098876953125
-0.00365543365478516 0.0138320922851563 0.5654296875 -0.37835693359375
-0.00347518920898437 0.0134048461914062 0.745849609375 0.33258056640625
0.00342750549316406 -0.0274658203125 0.23126220703125 0.90570068359375
0.0149011611938477 -0.00635910034179688 -0.26629638671875 0.64178466796875
0.0161819458007813 -0.00111579895019531 -0.00528717041015626 0.0847549438476562
0.0237350463867188 -0.0126399993896484 0.3330078125 -0.541290283203125
0.0256519317626953 -0.0230846405029297 -0.169189453125 -0.93182373046875
0.00391244888305664 -0.00634193420410156 -0.76715087890625 -0.33782958984375
-0.00316119194030762 0.00151753425598144 -0.5426025390625 0.3873291015625
0.0151481628417969 -0.0109548568725586 -0.08209228515625 0.49365234375
0.00519800186157226 -0.00833940505981445 0.28338623046875 0.210968017578125
-0.00362586975097656 -0.0209503173828125 0.352691650390625 -0.070953369140625
0.000274658203125004 -0.0436172485351563 -0.318756103515625 0.0993652343749999
0.0263690948486328 -0.0238399505615234 -0.2470703125 -0.18804931640625
0.0124311447143555 -0.0129632949829102 0.070404052734375 -0.452850341796875
0.00352287292480469 0.0125303268432617 0.56866455078125 -0.37628173828125
0.00383377075195313 0.0181255340576172 0.74017333984375 0.3389892578125
0.00528526306152344 -0.0183372497558594 0.22052001953125 0.90716552734375
0.00787925720214844 0.00224828720092773 -0.269287109375 0.6395263671875
0.00552082061767578 0.00298738479614258 0.000373840332031258 0.0818710327148438
0.0164947509765625 -0.00508975982666016 0.331329345703125 -0.54376220703125
0.0268115997314453 -0.013427734375 -0.177978515625 -0.927001953125
0.0122556686401367 -0.00108242034912109 -0.77197265625 -0.32562255859375
0.003631591796875 -0.000350475311279297 -0.537567138671875 0.391876220703125
0.0172023773193359 -0.0178260803222656 -0.0760498046875 0.492706298828125
0.00554084777832031 -0.0179500579833984 0.285980224609375 0.2081298828125
-0.00503158569335937 -0.022003173828125 0.35308837890625 -0.0736083984375
5.34057617187456E-05 -0.0436058044433594 -0.32208251953125 0.0975341796875
0.0267353057861328 -0.0313453674316406 -0.246368408203125 -0.190414428710938
0.0143089294433594 -0.0196590423583984 0.076080322265625 -0.4566650390625
0.0095672607421875 0.0117177963256836 0.57257080078125 -0.37493896484375
0.00960540771484375 0.0220737457275391 0.73590087890625 0.3468017578125
0.00493526458740234 -0.0109233856201172 0.21075439453125 0.91082763671875
0.0018763542175293 0.00784540176391602 -0.2711181640625 0.63397216796875
-0.00332784652709961 0.00575542449951172 0.00728607177734376 0.0784225463867188
0.0102062225341797 0.000211715698242187 0.3292236328125 -0.54962158203125
0.0267601013183594 -0.00680160522460938 -0.189208984375 -0.92291259765625
0.0180397033691406 0.00266456604003906 -0.7779541015625 -0.3175048828125
0.0104560852050781 -0.00234603881835938 -0.532470703125 0.3951416015625
0.0191688537597656 -0.02545166015625 -0.0692138671875 0.4891357421875
0.00538444519042969 -0.0260505676269531 0.287811279296875 0.206573486328125
-0.00448989868164063 -0.02276611328125 0.3531494140625 -0.075897216796875
0.0049285888671875 -0.0367240905761719 -0.338958740234375 0.083160400390625
0.0270729064941406 0.00716972351074219 -0.262680053710938 -0.186065673828125
0.00891304016113281 0.00973892211914063 0.056243896484375 -0.467315673828125
-0.0261058807373047 0.014678955078125 0.55963134765625 -0.40240478515625
-0.0325813293457031 -0.00395584106445313 0.76177978515625 0.306640625
-0.00917816162109375 -0.0570945739746094 0.26361083984375 0.88427734375
0.0349216461181641 -0.0344696044921875 -0.234130859375 0.6226806640625
0.0543022155761719 -0.0160446166992188 0.0227394104003906 0.0677871704101562
0.043670654296875 -0.0388603210449219 0.34906005859375 -0.564453125
0.0154037475585938 -0.0516242980957031 -0.16290283203125 -0.95111083984375
-0.0268383026123047 -0.0246505737304688 -0.77227783203125 -0.3536376953125
-0.025177001953125 0.0023040771484375 -0.54840087890625 0.377777099609375
0.00994586944580078 0.00228595733642578 -0.084991455078125 0.48687744140625
0.00380611419677734 0.0144786834716797 0.272811889648438 0.20953369140625
-0.00418281555175781 -0.0146265029907227 0.337249755859375 -0.0853271484375
0.00519561767578125 -0.0372695922851563 -0.332855224609375 0.08740234375
0.0271701812744141 0.0093231201171875 -0.262130737304688 -0.1827392578125
0.00935459136962891 0.0119609832763672 0.0519714355468749 -0.460662841796875
-0.0259304046630859 0.0158824920654297 0.55328369140625 -0.402984619140625
-0.0322952270507813 -0.00335121154785156 0.76263427734375 0.299072265625
-0.00696563720703125 -0.0574722290039063 0.270751953125 0.8800048828125
0.0345802307128906 -0.0335960388183594 -0.23443603515625 0.63287353515625
0.0530509948730469 -0.0150184631347656 0.010040283203125 0.0755157470703125
0.0442047119140625 -0.0381317138671875 0.349395751953125 -0.551422119140625
0.0167579650878906 -0.0522804260253906 -0.15252685546875 -0.94921875
-0.0259437561035156 -0.0246162414550781 -0.766845703125 -0.36358642578125
-0.0253887176513672 0.00316810607910156 -0.553436279296875 0.3731689453125
0.00839090347290039 0.00467205047607422 -0.090301513671875 0.4888916015625
0.00313091278076172 0.016657829284668 0.273239135742188 0.211593627929688
-0.00367832183837891 -0.0150146484375 0.341278076171875 -0.082275390625
0.00475311279296875 -0.0380210876464844 -0.326019287109375 0.0924377441406249
0.0264606475830078 0.0072174072265625 -0.259490966796875 -0.181106567382812
0.00894355773925781 0.0119304656982422 0.050994873046875 -0.457489013671875
-0.0230579376220703 0.0166492462158203 0.55352783203125 -0.40216064453125
-0.0269622802734375 -0.000816345214843748 0.76300048828125 0.3011474609375
-0.00493240356445313 -0.0527992248535156 0.27020263671875 0.8870849609375
0.0320949554443359 -0.0287990570068359 -0.2396240234375 0.64202880859375
0.0463600158691406 -0.0117340087890625 0.00126647949218751 0.0816497802734375
0.0419425964355469 -0.0331993103027344 0.343841552734375 -0.546112060546875
0.0193824768066406 -0.0475425720214844 -0.1502685546875 -0.94903564453125
-0.0212593078613281 -0.0221843719482422 -0.76708984375 -0.36248779296875
-0.0230007171630859 0.00391960144042969 -0.55419921875 0.37615966796875
0.00847148895263672 0.00419139862060547 -0.09222412109375 0.492462158203125
0.00355815887451172 0.0147542953491211 0.274673461914063 0.212203979492188
-0.00400638580322265 -0.015355110168457 0.343963623046875 -0.077392578125
0.0034027099609375 -0.0397377014160156 -0.321563720703125 0.0972900390625
0.0263080596923828 0.00280570983886719 -0.256332397460938 -0.181976318359375
0.00942039489746094 0.00901317596435547 0.0552978515625 -0.45489501953125
-0.0180549621582031 0.0167407989501953 0.55877685546875 -0.395111083984375
-0.0208110809326172 0.00249862670898437 0.76068115234375 0.31103515625
-0.00128936767578125 -0.0455894470214844 0.2633056640625 0.897216796875
0.0279903411865234 -0.0219764709472656 -0.24957275390625 0.64520263671875
0.0378227233886719 -0.00798797607421875 -0.00293731689453124 0.0836563110351563
0.0365867614746094 -0.0268630981445313 0.337646484375 -0.545989990234375
0.0217437744140625 -0.0407600402832031 -0.1597900390625 -0.94415283203125
-0.0143604278564453 -0.0176792144775391 -0.7711181640625 -0.353759765625
-0.0187473297119141 0.00407218933105469 -0.55035400390625 0.382415771484375
0.00954532623291016 0.00121402740478516 -0.088287353515625 0.495880126953125
0.00404930114746094 0.00923538208007813 0.279449462890625 0.211395263671875
-0.0036764144897461 -0.0166969299316406 0.34808349609375 -0.075439453125
0.00183486938476562 -0.0407829284667969 -0.317413330078125 0.0999450683593751
0.0261936187744141 -0.00555801391601563 -0.252838134765625 -0.183609008789063
0.00954246520996094 0.00267696380615234 0.059356689453125 -0.453369140625
-0.0122203826904297 0.0153713226318359 0.56292724609375 -0.3900146484375
-0.0124855041503906 0.00745487213134766 0.75653076171875 0.32098388671875
0.00166702270507813 -0.0374984741210937 0.25103759765625 0.90435791015625
0.0217533111572266 -0.0136680603027344 -0.25726318359375 0.649169921875
0.0271739959716797 -0.00430488586425781 -0.00557708740234375 0.0847930908203125
0.0309677124023438 -0.0195713043212891 0.33392333984375 -0.544830322265625
0.0240669250488281 -0.0321941375732422 -0.168701171875 -0.939453125
-0.00540351867675781 -0.0123023986816406 -0.77374267578125 -0.34375
-0.0107326507568359 0.00348186492919922 -0.547637939453125 0.3890380859375
0.0118026733398438 -0.00359725952148438 -0.0838623046875 0.496978759765625
0.00437283515930176 0.000746488571166992 0.2828369140625 0.209930419921875
-0.00406837463378906 -0.0179290771484375 0.3516845703125 -0.075286865234375
0.000282287597656254 -0.0421791076660156 -0.317901611328125 0.102264404296875
0.0260410308837891 -0.0146350860595703 -0.251022338867188 -0.184249877929687
0.0104179382324219 -0.00469684600830078 0.063385009765625 -0.45306396484375
-0.00398159027099609 0.0145492553710937 0.56707763671875 -0.38592529296875
-0.00321292877197266 0.0124568939208984 0.7532958984375 0.3272705078125
0.0034942626953125 -0.0279922485351563 0.24212646484375 0.90899658203125
0.0149517059326172 -0.00588417053222656 -0.26251220703125 0.6495361328125
0.0155258178710937 0.000411033630371094 -0.00457000732421875 0.0846481323242188
0.0236930847167969 -0.0121040344238281 0.330322265625 -0.547698974609375
0.0260581970214844 -0.0232524871826172 -0.17767333984375 -0.9366455078125
0.00394773483276367 -0.00664472579956055 -0.7781982421875 -0.33447265625
-0.00278902053833008 0.00254154205322266 -0.542877197265625 0.39385986328125
0.0140790939331055 -0.0111284255981445 -0.078460693359375 0.496795654296875
0.00480794906616211 -0.00876522064208985 0.286529541015625 0.20916748046875
-0.00484848022460937 -0.0194225311279297 0.355010986328125 -0.076202392578125
-0.000453948974609375 -0.0429496765136719 -0.31927490234375 0.103485107421875
0.0260238647460937 -0.0243396759033203 -0.250076293945312 -0.18597412109375
0.0119619369506836 -0.0129232406616211 0.067626953125 -0.456085205078125
0.00354766845703125 0.0126247406005859 0.567138671875 -0.38543701171875
0.00417709350585938 0.0175991058349609 0.748779296875 0.336181640625
0.00429534912109375 -0.0191459655761719 0.22967529296875 0.9129638671875
0.00805282592773438 0.00198698043823242 -0.2667236328125 0.646240234375
0.00496673583984375 0.00396537780761719 0.000183105468750009 0.0829086303710938
0.0161895751953125 -0.00510978698730469 0.32928466796875 -0.55194091796875
0.0268611907958984 -0.0139656066894531 -0.1876220703125 -0.93133544921875
0.0122919082641602 -0.00125789642333984 -0.78173828125 -0.323486328125
0.00472593307495117 4.29153442382813E-05 -0.537689208984375 0.3985595703125
0.0165195465087891 -0.0185565948486328 -0.06988525390625 0.4957275390625
0.00454521179199219 -0.0183887481689453 0.290069580078125 0.20526123046875
-0.00540351867675781 -0.0217113494873047 0.35443115234375 -0.077545166015625
-0.00085067749023437 -0.0429801940917969 -0.32269287109375 0.101104736328125
0.0266323089599609 -0.0322628021240234 -0.249191284179688 -0.188690185546875
0.0138092041015625 -0.0194339752197266 0.07208251953125 -0.46051025390625
0.00964450836181641 0.012054443359375 0.5714111328125 -0.3834228515625
0.00955581665039063 0.0214195251464844 0.7442626953125 0.34234619140625
0.00531291961669922 -0.0117130279541016 0.22186279296875 0.916015625
0.00242137908935547 0.00883197784423828 -0.26751708984375 0.64019775390625
-0.00319004058837891 0.00668239593505859 0.00786590576171876 0.0785293579101563
0.0104637145996094 0.000804901123046875 0.328033447265625 -0.55645751953125
0.0272903442382813 -0.006561279296875 -0.19842529296875 -0.92919921875
0.0186061859130859 0.00271224975585938 -0.7852783203125 -0.31280517578125
0.00952529907226563 -0.00248527526855469 -0.532012939453125 0.400909423828125
0.0190582275390625 -0.02587890625 -0.065948486328125 0.49298095703125
0.00448417663574219 -0.0267257690429688 0.29058837890625 0.204376220703125
-0.00625801086425781 -0.0225086212158203 0.353668212890625 -0.08062744140625
0.00478744506835937 -0.0358352661132812 -0.33966064453125 0.0884094238281249
0.0260581970214844 0.00676918029785156 -0.265335083007813 -0.183609008789063
0.00983905792236328 0.00932025909423828 0.05218505859375 -0.47161865234375
-0.0267086029052734 0.0152301788330078 0.557830810546875 -0.411773681640625
-0.0334453582763672 -0.003662109375 0.77093505859375 0.30023193359375
-0.00906753540039062 -0.0586814880371094 0.2750244140625 0.88623046875
0.0347900390625 -0.0341281890869141 -0.229736328125 0.628173828125
0.0540199279785156 -0.0152168273925781 0.022491455078125 0.0681190490722656
0.0421218872070313 -0.0391502380371094 0.3465576171875 -0.56854248046875
0.0137557983398438 -0.0525741577148437 -0.17626953125 -0.95501708984375
-0.0266189575195313 -0.0240135192871094 -0.78106689453125 -0.34722900390625
-0.0254001617431641 0.00261688232421875 -0.54736328125 0.38519287109375
0.00949859619140625 0.00211238861083984 -0.079010009765625 0.489776611328125
0.00407600402832031 0.0139522552490234 0.276702880859375 0.206741333007813
-0.0046539306640625 -0.0139532089233398 0.337921142578125 -0.090728759765625
0.00409317016601563 -0.0363082885742188 -0.333221435546875 0.09283447265625
0.0264263153076172 0.00933265686035156 -0.26544189453125 -0.180740356445312
0.00937747955322265 0.0128698348999023 0.04705810546875 -0.464599609375
-0.0263633728027344 0.0167484283447266 0.551910400390625 -0.411468505859375
-0.0323200225830078 -0.00267219543457032 0.7706298828125 0.2908935546875
-0.00778579711914063 -0.0579452514648438 0.282470703125 0.884521484375
0.0342426300048828 -0.0333194732666016 -0.23016357421875 0.638916015625
0.0530853271484375 -0.0146026611328125 0.010040283203125 0.0761184692382813
0.04461669921875 -0.0378341674804688 0.344390869140625 -0.558380126953125
0.0162086486816406 -0.0520057678222656 -0.16339111328125 -0.95550537109375
-0.0257892608642578 -0.0250072479248047 -0.7767333984375 -0.35638427734375
-0.0263195037841797 0.00366020202636719 -0.55126953125 0.380584716796875
0.00825929641723633 0.00444269180297852 -0.0860595703125 0.492095947265625
0.00318527221679688 0.0161857604980469 0.275833129882813 0.209823608398438
-0.00488948822021484 -0.0139732360839844 0.34112548828125 -0.086700439453125
0.0031280517578125 -0.0373802185058594 -0.326568603515625 0.09808349609375
0.0263462066650391 0.00743484497070312 -0.26226806640625 -0.178634643554688
0.0092010498046875 0.0122699737548828 0.04656982421875 -0.460479736328125
-0.0233955383300781 0.0173797607421875 0.55206298828125 -0.41058349609375
-0.0276451110839844 -0.000968933105468753 0.772705078125 0.2940673828125
-0.00489425659179688 -0.0534820556640625 0.28265380859375 0.890869140625
0.0324954986572266 -0.0286636352539063 -0.234375 0.64727783203125
0.0469818115234375 -0.011688232421875 0.00177001953125 0.0818557739257813
0.0416069030761719 -0.0328941345214844 0.341400146484375 -0.55206298828125
0.0193138122558594 -0.0479278564453125 -0.16021728515625 -0.95379638671875
-0.0218715667724609 -0.0218029022216797 -0.7767333984375 -0.35986328125
-0.0230484008789063 0.00440979003906249 -0.555267333984375 0.3828125
0.00772714614868164 0.00423049926757813 -0.08837890625 0.49578857421875
0.00287342071533203 0.0151834487915039 0.278244018554687 0.20947265625
-0.00516510009765625 -0.0138359069824219 0.345733642578125 -0.083160400390625
0.00200653076171875 -0.0392303466796875 -0.32220458984375 0.102874755859375
0.0260086059570312 0.00197410583496094 -0.25860595703125 -0.180068969726563
0.00985431671142578 0.00896549224853516 0.051239013671875 -0.45703125
-0.0189228057861328 0.0172004699707031 0.557830810546875 -0.404022216796875
-0.0207347869873047 0.00270843505859375 0.768310546875 0.30316162109375
-0.00153350830078125 -0.0463485717773438 0.2733154296875 0.901123046875
0.0272388458251953 -0.0222434997558594 -0.2457275390625 0.65203857421875
0.0378303527832031 -0.00768661499023438 -0.00314331054687501 0.0839767456054688
0.0366706848144531 -0.0268974304199219 0.334136962890625 -0.553070068359375
0.0217933654785156 -0.040985107421875 -0.17041015625 -0.94769287109375
-0.0144081115722656 -0.0178012847900391 -0.78106689453125 -0.3480224609375
-0.0175800323486328 0.0045318603515625 -0.5482177734375 0.3909912109375
0.00931167602539063 0.000565528869628906 -0.082550048828125 0.498504638671875
0.00370407104492187 0.00881385803222656 0.2828369140625 0.209381103515625
-0.00539684295654297 -0.0160074234008789 0.3494873046875 -0.079437255859375
0.0013427734375 -0.0400581359863281 -0.31878662109375 0.1051025390625
0.0254993438720703 -0.00603485107421875 -0.255813598632813 -0.181015014648438
0.00992393493652344 0.00262928009033203 0.054962158203125 -0.457275390625
-0.0119905471801758 0.0164194107055664 0.56103515625 -0.398834228515625
-0.0121755599975586 0.00659370422363281 0.765869140625 0.31329345703125
0.00136947631835937 -0.0380287170410156 0.2628173828125 0.90960693359375
0.0219879150390625 -0.0135669708251953 -0.25262451171875 0.654052734375
0.0268783569335938 -0.003021240234375 -0.00556945800781251 0.0852890014648438
0.0301628112792969 -0.0198898315429688 0.3302001953125 -0.552337646484375
0.0230808258056641 -0.032379150390625 -0.1787109375 -0.9443359375
-0.00560569763183594 -0.0126113891601563 -0.7833251953125 -0.3387451171875
-0.0105705261230469 0.0034637451171875 -0.547760009765625 0.397613525390625
0.0115861892700195 -0.00409507751464844 -0.079254150390625 0.501129150390625
0.00367879867553711 0.000966548919677734 0.286529541015625 0.207794189453125
-0.00555229187011719 -0.0170249938964844 0.3526611328125 -0.080108642578125
-0.000350952148437503 -0.0414047241210938 -0.318328857421875 0.108245849609375
0.0255794525146484 -0.0158805847167969 -0.253753662109375 -0.182510375976563
0.0109777450561523 -0.00455760955810547 0.058380126953125 -0.457611083984375
-0.00409317016601562 0.015131950378418 0.5633544921875 -0.3953857421875
-0.00368022918701172 0.0120630264282227 0.76116943359375 0.31982421875
0.00374031066894531 -0.0292129516601563 0.25213623046875 0.913818359375
0.0154314041137695 -0.00517368316650391 -0.25762939453125 0.65509033203125
0.016291618347168 0.000600814819335938 -0.00428009033203125 0.0856246948242188
0.0228366851806641 -0.0120868682861328 0.328125 -0.552642822265625
0.0255012512207031 -0.0232772827148437 -0.18780517578125 -0.9390869140625
0.0034480094909668 -0.00692415237426758 -0.786376953125 -0.32879638671875
-0.00253629684448242 0.00159168243408203 -0.54278564453125 0.402191162109375
0.0136985778808594 -0.0117664337158203 -0.073516845703125 0.499725341796875
0.00362110137939453 -0.00893211364746094 0.290863037109375 0.206085205078125
-0.00649642944335938 -0.0193004608154297 0.35516357421875 -0.080718994140625
-0.00220108032226563 -0.0421066284179687 -0.318756103515625 0.1092529296875
0.0252170562744141 -0.0252532958984375 -0.252731323242188 -0.184219360351563
0.0121564865112305 -0.0124282836914063 0.0630493164062499 -0.459869384765625
0.00336551666259766 0.0142555236816406 0.56732177734375 -0.39385986328125
0.00381851196289063 0.0169258117675781 0.75775146484375 0.32904052734375
0.00481986999511718 -0.0200538635253906 0.24224853515625 0.91766357421875
0.00822257995605469 0.00221490859985352 -0.2618408203125 0.6527099609375
0.00479793548583984 0.00504016876220703 0.000572204589843741 0.0832901000976562
0.0157241821289063 -0.00478458404541016 0.324615478515625 -0.557708740234375
0.02734375 -0.0140953063964844 -0.19915771484375 -0.93450927734375
0.012664794921875 -0.00175762176513672 -0.7900390625 -0.31683349609375
0.00440406799316406 2.6702880859375E-05 -0.537322998046875 0.40728759765625
0.0164222717285156 -0.0191688537597656 -0.065704345703125 0.499053955078125
0.00398063659667969 -0.0189380645751953 0.293212890625 0.2037353515625
-0.00641059875488281 -0.0209903717041016 0.355743408203125 -0.0830078125
-0.0023345947265625 -0.0419769287109375 -0.32281494140625 0.10797119140625
0.0253868103027344 -0.0335788726806641 -0.25244140625 -0.185989379882812
0.0135707855224609 -0.0191078186035156 0.067962646484375 -0.463836669921875
0.00923442840576172 0.0129070281982422 0.57012939453125 -0.39239501953125
0.00934791564941406 0.0214252471923828 0.75439453125 0.33642578125
0.00514793395996094 -0.0125436782836914 0.23333740234375 0.9195556640625
0.00225162506103516 0.00893402099609375 -0.26214599609375 0.6474609375
-0.00372552871704102 0.00759553909301758 0.0084228515625 0.0788650512695313
0.00983428955078125 0.00114536285400391 0.32403564453125 -0.5631103515625
0.0268115997314453 -0.00718116760253906 -0.209716796875 -0.93280029296875
0.0185012817382813 0.00248527526855469 -0.79510498046875 -0.30792236328125
0.00917434692382812 -0.00265407562255859 -0.531280517578125 0.4090576171875
0.017822265625 -0.0262413024902344 -0.060546875 0.49554443359375
0.00379562377929687 -0.0268344879150391 0.2938232421875 0.201568603515625
-0.0066680908203125 -0.0213031768798828 0.355194091796875 -0.08575439453125
0.00283432006835938 -0.0357894897460937 -0.339813232421875 0.094635009765625
0.0258655548095703 0.00624656677246094 -0.268539428710938 -0.180679321289063
0.00985813140869141 0.0105342864990234 0.048736572265625 -0.473602294921875
-0.0266761779785156 0.0166721343994141 0.55615234375 -0.422332763671875
-0.0337200164794922 -0.00418472290039063 0.77850341796875 0.2923583984375
-0.0102882385253906 -0.0596504211425781 0.28778076171875 0.89105224609375
0.0345439910888672 -0.0339279174804688 -0.2222900390625 0.63433837890625
0.0540084838867188 -0.0150489807128906 0.0234107971191406 0.0682563781738281
0.0423736572265625 -0.0391883850097656 0.34124755859375 -0.575927734375
0.0136833190917969 -0.0528793334960938 -0.18634033203125 -0.9560546875
-0.0271587371826172 -0.0239677429199219 -0.7904052734375 -0.3408203125
-0.0249176025390625 0.00227737426757812 -0.5445556640625 0.393218994140625
0.00909519195556641 0.00166034698486328 -0.0721435546875 0.49432373046875
0.00331592559814453 0.0142736434936523 0.27960205078125 0.203445434570313
-0.00575065612792969 -0.0129404067993164 0.338531494140625 -0.09600830078125
0.00250625610351562 -0.0357513427734375 -0.33331298828125 0.099151611328125
0.0256309509277344 0.00866889953613281 -0.267562866210938 -0.177627563476563
0.00970840454101562 0.0131072998046875 0.042633056640625 -0.466827392578125
-0.0263824462890625 0.0180931091308594 0.549530029296875 -0.423919677734375
-0.0324554443359375 -0.00324630737304687 0.77862548828125 0.28302001953125
-0.00830078124999999 -0.0583839416503906 0.29425048828125 0.8873291015625
0.0344276428222656 -0.0337162017822266 -0.22503662109375 0.64410400390625
0.0529441833496094 -0.013702392578125 0.0100631713867188 0.0766677856445313
0.0438957214355469 -0.0377426147460938 0.34002685546875 -0.56640625
0.015899658203125 -0.052581787109375 -0.17449951171875 -0.95672607421875
-0.0262680053710938 -0.02496337890625 -0.78424072265625 -0.35101318359375
-0.0258579254150391 0.00366592407226563 -0.551605224609375 0.388916015625
0.00693273544311524 0.00409889221191406 -0.079925537109375 0.496185302734375
0.00321292877197266 0.0161819458007813 0.279067993164063 0.207168579101563
-0.00569725036621094 -0.0129337310791016 0.3424072265625 -0.092376708984375
0.00188446044921875 -0.0371665954589844 -0.326690673828125 0.10272216796875
0.0263786315917969 0.00632858276367188 -0.26544189453125 -0.17620849609375
0.00989246368408203 0.0122451782226563 0.041107177734375 -0.4639892578125
-0.0242671966552734 0.0185890197753906 0.54803466796875 -0.419036865234375
-0.0282020568847656 -0.00160026550292969 0.78033447265625 0.2857666015625
-0.00519180297851562 -0.0541534423828125 0.29522705078125 0.89208984375
0.0321636199951172 -0.0284919738769531 -0.22857666015625 0.65423583984375
0.0464019775390625 -0.0107269287109375 0.0017852783203125 0.0821914672851563
0.0414810180664063 -0.0327873229980469 0.336517333984375 -0.55804443359375
0.0185623168945312 -0.0479698181152344 -0.17401123046875 -0.95452880859375
-0.0220489501953125 -0.0223712921142578 -0.7860107421875 -0.35150146484375
-0.0232181549072266 0.00418281555175782 -0.5523681640625 0.3919677734375
0.00729799270629883 0.00378990173339844 -0.081298828125 0.49981689453125
0.00333595275878906 0.0143470764160156 0.281951904296875 0.206085205078125
-0.0058746337890625 -0.0139446258544922 0.34661865234375 -0.08807373046875
0.0014495849609375 -0.0380439758300781 -0.32159423828125 0.1085205078125
0.0256175994873047 0.000860214233398437 -0.261276245117188 -0.17742919921875
0.00974178314208985 0.00873756408691406 0.0462646484375 -0.460693359375
-0.0184917449951172 0.01800537109375 0.554168701171875 -0.413818359375
-0.0214729309082031 0.00216293334960938 0.77764892578125 0.29541015625
-0.00165176391601563 -0.0475196838378906 0.28814697265625 0.90264892578125
0.0277328491210938 -0.0218753814697266 -0.23858642578125 0.65802001953125
0.0378150939941406 -0.00679779052734375 -0.00276184082031249 0.083831787109375
0.0362739562988281 -0.0270843505859375 0.3299560546875 -0.558563232421875
0.0211563110351563 -0.0416259765625 -0.1824951171875 -0.94921875
-0.0148143768310547 -0.0178031921386719 -0.7894287109375 -0.3421630859375
-0.0177078247070313 0.0045928955078125 -0.548004150390625 0.399688720703125
0.00848817825317383 0.000593185424804688 -0.077178955078125 0.502838134765625
0.00336742401123047 0.00925540924072266 0.286163330078125 0.20538330078125
-0.00595378875732422 -0.0144596099853516 0.349822998046875 -0.08514404296875
-0.000923156738281252 -0.0394744873046875 -0.31817626953125 0.111236572265625
0.0246658325195313 -0.00682640075683594 -0.259170532226562 -0.1783447265625
0.010350227355957 0.00283432006835938 0.051116943359375 -0.460784912109375
-0.011601448059082 0.0171699523925781 0.55828857421875 -0.409759521484375
-0.0126104354858398 0.00605010986328125 0.7735595703125 0.30523681640625
0.0010833740234375 -0.0391921997070313 0.275390625 0.91131591796875
0.0215072631835938 -0.0138759613037109 -0.24658203125 0.66094970703125
0.02679443359375 -0.0028533935546875 -0.00505828857421874 0.0861740112304688
0.0299396514892578 -0.0198516845703125 0.32562255859375 -0.55816650390625
0.0236530303955078 -0.0331020355224609 -0.18988037109375 -0.9462890625
-0.00573825836181641 -0.0121231079101563 -0.79119873046875 -0.33331298828125
-0.0111217498779297 0.0035562515258789 -0.545196533203125 0.40423583984375
0.010869026184082 -0.00470066070556641 -0.073577880859375 0.50457763671875
0.00291967391967773 0.000669240951538086 0.289825439453125 0.204193115234375
-0.00610065460205078 -0.0162038803100586 0.35333251953125 -0.08575439453125
-0.00184249877929688 -0.0411338806152344 -0.317901611328125 0.114227294921875
0.0245780944824219 -0.0156612396240234 -0.257232666015625 -0.179519653320312
0.0106573104858398 -0.00486564636230469 0.0533447265625 -0.461273193359375
-0.00388431549072266 0.0160493850708008 0.56292724609375 -0.40704345703125
-0.00403118133544922 0.0111284255981445 0.772216796875 0.31243896484375
0.0035247802734375 -0.0302410125732422 0.2637939453125 0.9171142578125
0.0150279998779297 -0.00503349304199219 -0.25146484375 0.6610107421875
0.0152378082275391 0.00181198120117188 -0.00358581542968749 0.08563232421875
0.0231552124023438 -0.0128078460693359 0.322540283203125 -0.55859375
0.0257301330566406 -0.0239849090576172 -0.2000732421875 -0.94378662109375
0.00409221649169922 -0.0068511962890625 -0.79559326171875 -0.3218994140625
-0.00312662124633789 0.00230908393859863 -0.54071044921875 0.410247802734375
0.0126972198486328 -0.0119943618774414 -0.06634521484375 0.50360107421875
0.0031585693359375 -0.00960540771484375 0.294158935546875 0.20196533203125
-0.00694084167480469 -0.018798828125 0.35662841796875 -0.0859375
-0.00330352783203125 -0.0411567687988281 -0.318817138671875 0.11480712890625
0.0242118835449219 -0.0257091522216797 -0.255828857421875 -0.18145751953125
0.0124168395996094 -0.0127677917480469 0.058013916015625 -0.46295166015625
0.0032491683959961 0.0144405364990234 0.5648193359375 -0.405029296875
0.00420761108398438 0.0160007476806641 0.76544189453125 0.32061767578125
0.00499725341796875 -0.0213088989257812 0.25360107421875 0.9210205078125
0.00850534439086914 0.00295257568359375 -0.25506591796875 0.65960693359375
0.00497055053710938 0.00590705871582031 0.00121307373046875 0.0829849243164063
0.0159339904785156 -0.00496292114257813 0.31964111328125 -0.56402587890625
0.0265941619873047 -0.015380859375 -0.2113037109375 -0.93756103515625
0.0126304626464844 -0.00164985656738281 -0.7978515625 -0.30914306640625
0.00423383712768555 -0.000297784805297852 -0.534088134765625 0.4146728515625
0.0152873992919922 -0.0193405151367187 -0.059112548828125 0.501678466796875
0.00308609008789063 -0.0189800262451172 0.296722412109375 0.199127197265625
-0.007537841796875 -0.0188541412353516 0.356719970703125 -0.088897705078125
-0.00330352783203125 -0.0419044494628906 -0.32318115234375 0.112640380859375
0.024322509765625 -0.0333938598632813 -0.254852294921875 -0.18310546875
0.0137195587158203 -0.0195827484130859 0.062713623046875 -0.466461181640625
0.00911521911621094 0.0128049850463867 0.56866455078125 -0.40228271484375
0.00979232788085937 0.0199108123779297 0.76239013671875 0.32867431640625
0.00572776794433594 -0.0137271881103516 0.2447509765625 0.923828125
0.00300788879394531 0.00928020477294922 -0.2567138671875 0.65362548828125
-0.00391101837158203 0.00930690765380859 0.00850677490234375 0.078765869140625
0.00967216491699219 0.00114917755126953 0.31951904296875 -0.56903076171875
0.0273094177246094 -0.00799560546875 -0.221923828125 -0.93408203125
0.0196342468261719 0.00245857238769531 -0.802978515625 -0.2994384765625
0.00962543487548828 -0.00283718109130859 -0.52911376953125 0.417510986328125
0.0168533325195313 -0.0266342163085938 -0.053924560546875 0.49945068359375
0.00280570983886719 -0.0269489288330078 0.297576904296875 0.198028564453125
-0.00775909423828125 -0.0207843780517578 0.355682373046875 -0.090850830078125
0.00170707702636718 -0.0350151062011719 -0.33929443359375 0.100433349609375
0.02532958984375 0.00592994689941406 -0.271743774414063 -0.177444458007813
0.0102815628051758 0.0104265213012695 0.042449951171875 -0.475738525390625
-0.0264530181884766 0.0176506042480469 0.551177978515625 -0.431915283203125
-0.0341835021972656 -0.00460815429687501 0.78594970703125 0.28094482421875
-0.00983810424804687 -0.059783935546875 0.30242919921875 0.88916015625
0.0343418121337891 -0.0344696044921875 -0.21551513671875 0.63983154296875
0.0537681579589844 -0.0149574279785156 0.0235633850097656 0.0685768127441406
0.042144775390625 -0.0399055480957031 0.33642578125 -0.582763671875
0.0125999450683594 -0.0528831481933594 -0.20037841796875 -0.957763671875
-0.0277900695800781 -0.0240020751953125 -0.80023193359375 -0.33184814453125
-0.0255928039550781 0.003173828125 -0.542205810546875 0.4005126953125
0.0078272819519043 0.00116539001464844 -0.066741943359375 0.49639892578125
0.00327873229980469 0.0137424468994141 0.283111572265625 0.1995849609375
-0.00702953338623047 -0.012059211730957 0.33819580078125 -0.10089111328125
0.00152397155761719 -0.0349845886230469 -0.332550048828125 0.10467529296875
0.0254135131835938 0.00811004638671875 -0.2708740234375 -0.174285888671875
0.0100927352905273 0.0129003524780273 0.036376953125 -0.46917724609375
-0.0273208618164062 0.0190010070800781 0.545257568359375 -0.432159423828125
-0.0330677032470703 -0.00353240966796875 0.78717041015625 0.27252197265625
-0.00908279418945312 -0.0597457885742188 0.30718994140625 0.887451171875
0.0347194671630859 -0.0336227416992188 -0.21661376953125 0.64837646484375
0.05291748046875 -0.0134201049804687 0.011383056640625 0.0765609741210938
0.0431251525878906 -0.038177490234375 0.3345947265625 -0.571533203125
0.01580810546875 -0.0533866882324219 -0.1868896484375 -0.9573974609375
-0.0265979766845703 -0.0245170593261719 -0.79437255859375 -0.3414306640625
-0.0262699127197266 0.00462532043457031 -0.54840087890625 0.3974609375
0.00666379928588867 0.00354194641113281 -0.072296142578125 0.498046875
0.00287723541259766 0.0157413482666016 0.28350830078125 0.20245361328125
-0.00693893432617188 -0.0119142532348633 0.342803955078125 -0.097930908203125
0.000965118408203125 -0.0359268188476562 -0.32574462890625 0.10968017578125
0.0254268646240234 0.0062408447265625 -0.267822265625 -0.172531127929688
0.00972938537597656 0.0122461318969727 0.03662109375 -0.465240478515625
-0.0238742828369141 0.0195541381835937 0.544891357421875 -0.429351806640625
-0.0287075042724609 -0.00170707702636719 0.78741455078125 0.27520751953125
-0.00572967529296875 -0.05523681640625 0.3104248046875 0.89239501953125
0.0313968658447266 -0.0291767120361328 -0.22113037109375 0.65869140625
0.0467948913574219 -0.0102195739746094 0.00193023681640626 0.0822372436523438
0.0410270690917969 -0.0335197448730469 0.32958984375 -0.5657958984375
0.0179367065429687 -0.0484275817871094 -0.18609619140625 -0.95703125
-0.0225334167480469 -0.0215187072753906 -0.79461669921875 -0.3433837890625
-0.0235767364501953 0.005401611328125 -0.54931640625 0.39923095703125
0.00675344467163086 0.0036773681640625 -0.075286865234375 0.50274658203125
0.00221920013427734 0.0140533447265625 0.2847900390625 0.20330810546875
-0.00668907165527343 -0.0125408172607422 0.34588623046875 -0.093231201171875
-0.000419616699218753 -0.0374565124511719 -0.3214111328125 0.11431884765625
0.0248394012451172 0.00121688842773438 -0.264633178710938 -0.173233032226563
0.0102500915527344 0.00887012481689453 0.04058837890625 -0.463592529296875
-0.0183658599853516 0.0191574096679688 0.551513671875 -0.4234619140625
-0.0214900970458984 0.00200271606445313 0.78387451171875 0.28448486328125
-0.00201797485351563 -0.0488548278808594 0.29913330078125 0.90234375
0.0276737213134766 -0.0221996307373047 -0.23046875 0.662841796875
0.0377311706542969 -0.00662612915039063 -0.00269317626953124 0.0846481323242188
0.0357551574707031 -0.0274238586425781 0.32464599609375 -0.5648193359375
0.0207977294921875 -0.0427436828613281 -0.19622802734375 -0.94921875
-0.0148334503173828 -0.0173377990722656 -0.79644775390625 -0.33319091796875
-0.0184364318847656 0.005523681640625 -0.544036865234375 0.4072265625
0.00797414779663086 6.62803649902344E-05 -0.0711975097656249 0.504547119140625
0.00255966186523438 0.00871801376342773 0.289794921875 0.201873779296875
-0.00689506530761719 -0.0137205123901367 0.350616455078125 -0.0919189453125
-0.0016632080078125 -0.0381546020507813 -0.31719970703125 0.1170654296875
0.0239849090576172 -0.00655174255371094 -0.261184692382813 -0.174697875976562
0.0106306076049805 0.00369167327880859 0.045166015625 -0.463348388671875
-0.0117626190185547 0.0181865692138672 0.55377197265625 -0.418548583984375
-0.0127954483032227 0.00601291656494141 0.7822265625 0.29541015625
0.000835418701171872 -0.0402030944824219 0.28839111328125 0.91107177734375
0.0221614837646484 -0.0137920379638672 -0.23883056640625 0.6666259765625
0.0268936157226563 -0.00171089172363281 -0.00487518310546874 0.0864105224609375
0.0294742584228516 -0.0202007293701172 0.32037353515625 -0.56439208984375
0.0231437683105469 -0.0339546203613281 -0.205322265625 -0.9483642578125
-0.00551891326904297 -0.0125322341918945 -0.79931640625 -0.322998046875
-0.010981559753418 0.00430107116699219 -0.5428466796875 0.412811279296875
0.0103511810302734 -0.00526332855224609 -0.06732177734375 0.506378173828125
0.00272107124328613 0.000322103500366211 0.293609619140625 0.199432373046875
-0.00714874267578125 -0.0151615142822266 0.353668212890625 -0.091339111328125
-0.00286865234375 -0.0403785705566406 -0.316619873046875 0.11956787109375
0.0234508514404297 -0.0163497924804688 -0.259902954101563 -0.176788330078125
0.0109729766845703 -0.00455951690673828 0.04718017578125 -0.46429443359375
-0.00435543060302734 0.0161561965942383 0.557586669921875 -0.415863037109375
-0.00389671325683594 0.0111513137817383 0.7777099609375 0.302490234375
0.00310325622558594 -0.0309505462646484 0.27886962890625 0.91748046875
0.0148200988769531 -0.00497341156005859 -0.24432373046875 0.66827392578125
0.0157060623168945 0.00214576721191406 -0.00363922119140624 0.0860519409179688
0.0228996276855469 -0.0119075775146484 0.31646728515625 -0.56524658203125
0.0253372192382813 -0.0246620178222656 -0.21539306640625 -0.94384765625
0.0045313835144043 -0.00688600540161133 -0.8045654296875 -0.31243896484375
-0.00296282768249512 0.0025172233581543 -0.53717041015625 0.41693115234375
0.0121755599975586 -0.0126562118530273 -0.0604248046875 0.5054931640625
0.00224208831787109 -0.00976848602294922 0.296356201171875 0.198577880859375
-0.00804996490478515 -0.0171480178833008 0.356353759765625 -0.091766357421875
-0.00440216064453125 -0.040435791015625 -0.317779541015625 0.12030029296875
0.0232391357421875 -0.0263004302978516 -0.2584228515625 -0.178268432617187
0.0120439529418945 -0.0122451782226563 0.052276611328125 -0.465911865234375
0.00407600402832031 0.0150594711303711 0.5609130859375 -0.413177490234375
0.00427913665771484 0.0154457092285156 0.774169921875 0.31134033203125
0.00499153137207031 -0.0223636627197266 0.2698974609375 0.92205810546875
0.00851297378540039 0.00328731536865234 -0.2486572265625 0.66558837890625
0.00449371337890625 0.00697183609008789 0.00110626220703125 0.08355712890625
0.0154085159301758 -0.00438213348388672 0.31396484375 -0.56964111328125
0.0262241363525391 -0.0147895812988281 -0.2235107421875 -0.93829345703125
0.0128240585327148 -0.00198745727539063 -0.80670166015625 -0.30133056640625
0.00423789024353027 -0.000280618667602539 -0.53173828125 0.42236328125
0.0143032073974609 -0.0207767486572266 -0.052734375 0.503936767578125
0.00213050842285156 -0.0192928314208984 0.300323486328125 0.195404052734375
-0.0080413818359375 -0.0186538696289063 0.357147216796875 -0.094635009765625
-0.00457000732421875 -0.0399971008300781 -0.32159423828125 0.118988037109375
0.0231513977050781 -0.0346450805664063 -0.25787353515625 -0.180007934570313
0.0136165618896484 -0.0194721221923828 0.056243896484375 -0.46978759765625
0.00986099243164063 0.0131559371948242 0.56439208984375 -0.41180419921875
0.00938987731933594 0.0199413299560547 0.771240234375 0.318115234375
0.00557994842529297 -0.0145254135131836 0.26080322265625 0.92279052734375
0.00240898132324219 0.00939178466796875 -0.249755859375 0.65948486328125
-0.00386333465576172 0.0104389190673828 0.009033203125 0.0790252685546875
0.00918674468994141 0.00133228302001953 0.3138427734375 -0.57659912109375
0.0270481109619141 -0.00837135314941406 -0.23590087890625 -0.935302734375
0.0187892913818359 0.00185966491699219 -0.81170654296875 -0.2900390625
0.00989818572998047 -0.00319099426269531 -0.52685546875 0.425048828125
0.0162487030029297 -0.0277252197265625 -0.046173095703125 0.5008544921875
0.00151824951171875 -0.0275726318359375 0.30157470703125 0.193603515625
-0.00885391235351563 -0.0190696716308594 0.35546875 -0.09710693359375
0.000841140747070312 -0.0337238311767578 -0.3382568359375 0.10638427734375
0.0246868133544922 0.00533294677734375 -0.274337768554688 -0.173095703125
0.0105371475219727 0.0101871490478516 0.035919189453125 -0.4775390625
-0.0263519287109375 0.0185070037841797 0.547119140625 -0.44189453125
-0.0343399047851563 -0.00471115112304687 0.7923583984375 0.2708740234375
-0.0110397338867187 -0.0605621337890625 0.31494140625 0.88763427734375
0.0342197418212891 -0.0342273712158203 -0.20703125 0.6435546875
0.0539398193359375 -0.0137596130371094 0.0239334106445313 0.0677032470703125
0.0409927368164063 -0.0394554138183594 0.3291015625 -0.586669921875
0.0124664306640625 -0.0535507202148438 -0.21295166015625 -0.9578857421875
-0.0279960632324219 -0.0236835479736328 -0.8035888671875 -0.32269287109375
-0.0256805419921875 0.00345802307128906 -0.537872314453125 0.409027099609375
0.00768375396728516 0.000909328460693359 -0.0606689453125 0.497100830078125
0.00286293029785156 0.0142374038696289 0.285614013671875 0.195159912109375
-0.00701236724853516 -0.0108842849731445 0.337158203125 -0.107330322265625
0.000650405883789065 -0.0339546203613281 -0.33160400390625 0.110504150390625
0.0254268646240234 0.00780677795410156 -0.274032592773438 -0.170501708984375
0.0104875564575195 0.0129518508911133 0.030303955078125 -0.47119140625
-0.0267887115478516 0.0201339721679688 0.540252685546875 -0.4423828125
-0.0334835052490234 -0.00411796569824218 0.7913818359375 0.2611083984375
-0.00921249389648438 -0.0599098205566406 0.32220458984375 0.8857421875
0.0335102081298828 -0.0340576171875 -0.20867919921875 0.654296875
0.0534133911132813 -0.0125885009765625 0.0116806030273437 0.0764999389648437
0.0425033569335938 -0.03826904296875 0.32891845703125 -0.57672119140625
0.0140380859375 -0.0530433654785156 -0.20037841796875 -0.9576416015625
-0.0269012451171875 -0.0239524841308594 -0.801513671875 -0.3341064453125
-0.0261344909667969 0.00476646423339844 -0.543548583984375 0.404266357421875
0.00628662109375 0.00328159332275391 -0.066314697265625 0.49957275390625
0.00352287292480469 0.0167741775512695 0.28564453125 0.19805908203125
-0.00762748718261719 -0.0106315612792969 0.341949462890625 -0.103485107421875
-0.000244140625 -0.0348167419433594 -0.323883056640625 0.1148681640625
0.0250453948974609 0.006072998046875 -0.270309448242188 -0.1690673828125
0.0106372833251953 0.01251220703125 0.030670166015625 -0.467254638671875
-0.0237216949462891 0.0205478668212891 0.53997802734375 -0.43829345703125
-0.0287342071533203 -0.00198173522949218 0.79376220703125 0.2646484375
-0.00662612915039063 -0.0558929443359375 0.3236083984375 0.8917236328125
0.0316486358642578 -0.0289516448974609 -0.2135009765625 0.663330078125
0.0460395812988281 -0.0098419189453125 0.00240325927734376 0.082275390625
0.0403327941894531 -0.0338516235351563 0.3253173828125 -0.5706787109375
0.0172119140625 -0.049041748046875 -0.19891357421875 -0.95526123046875
-0.0226802825927734 -0.0212841033935547 -0.8017578125 -0.33367919921875
-0.0238361358642578 0.0048980712890625 -0.546051025390625 0.407135009765625
0.00585317611694336 0.00281429290771484 -0.067230224609375 0.503265380859375
0.00219249725341797 0.0141086578369141 0.287567138671875 0.198760986328125
-0.00750255584716797 -0.0114250183105469 0.34521484375 -0.098876953125
-0.0010528564453125 -0.0369224548339844 -0.319976806640625 0.119903564453125
0.0242843627929688 -4.1961669921875E-05 -0.267135620117188 -0.170013427734375
0.0102777481079102 0.00893688201904297 0.034576416015625 -0.4658203125
-0.01904296875 0.0198822021484375 0.545166015625 -0.433441162109375
-0.0219097137451172 0.00147438049316406 0.79119873046875 0.27520751953125
-0.00304412841796875 -0.0494117736816406 0.31329345703125 0.90203857421875
0.0273857116699219 -0.0214786529541016 -0.22265625 0.66656494140625
0.0375328063964844 -0.00584030151367188 -0.00206756591796876 0.0850906372070313
0.0352821350097656 -0.0273628234863281 0.31732177734375 -0.5693359375
0.0197601318359375 -0.0419845581054688 -0.20947265625 -0.9495849609375
-0.0153255462646484 -0.0174388885498047 -0.8033447265625 -0.32305908203125
-0.0182666778564453 0.00521659851074219 -0.54046630859375 0.414825439453125
0.00715065002441406 -0.00060272216796875 -0.062957763671875 0.5064697265625
0.00252819061279297 0.00819301605224609 0.29229736328125 0.1966552734375
-0.00759506225585938 -0.0125885009765625 0.349761962890625 -0.097442626953125
-0.00236129760742187 -0.0380058288574219 -0.31561279296875 0.123291015625
0.0234909057617188 -0.0075225830078125 -0.263870239257813 -0.17095947265625
0.0107269287109375 0.002960205078125 0.0382080078125 -0.463775634765625
-0.0116863250732422 0.0190505981445313 0.548614501953125 -0.427886962890625
-0.013554573059082 0.00560474395751953 0.78863525390625 0.28411865234375
0.00040435791015625 -0.0413017272949219 0.30328369140625 0.910888671875
0.0218505859375 -0.0137214660644531 -0.2296142578125 0.67156982421875
0.0265293121337891 -0.001434326171875 -0.00440216064453124 0.0866546630859375
0.0294170379638672 -0.0200443267822266 0.31402587890625 -0.5701904296875
0.0230731964111328 -0.0338268280029297 -0.21832275390625 -0.94696044921875
-0.00587940216064453 -0.0125761032104492 -0.806640625 -0.31280517578125
-0.0109243392944336 0.00423431396484375 -0.537322998046875 0.4215087890625
0.00916767120361328 -0.00542163848876953 -0.058990478515625 0.50628662109375
0.00238323211669922 0.000487327575683594 0.29693603515625 0.195831298828125
-0.00903129577636719 -0.0140438079833984 0.352752685546875 -0.0965576171875
-0.00423812866210938 -0.039031982421875 -0.315216064453125 0.125457763671875
0.0228347778320313 -0.0170040130615234 -0.2615966796875 -0.172225952148438
0.0112533569335938 -0.00468921661376953 0.04229736328125 -0.465423583984375
-0.00385665893554688 0.0175342559814453 0.55303955078125 -0.4256591796875
-0.00414752960205078 0.0101327896118164 0.7857666015625 0.2908935546875
0.00383949279785157 -0.0319671630859375 0.29388427734375 0.9154052734375
0.015049934387207 -0.00503158569335937 -0.2353515625 0.67181396484375
0.0155439376831055 0.00292682647705078 -0.0030670166015625 0.0863265991210938
0.02191162109375 -0.0120811462402344 0.3095703125 -0.57098388671875
0.0246257781982422 -0.0254859924316406 -0.22662353515625 -0.943359375
0.00429058074951172 -0.00672006607055664 -0.8115234375 -0.30242919921875
-0.00282430648803711 0.00254392623901367 -0.53302001953125 0.42608642578125
0.0115747451782227 -0.0135354995727539 -0.054168701171875 0.50634765625
0.00237560272216797 -0.00942325592041016 0.299652099609375 0.193267822265625
-0.00835227966308593 -0.0159492492675781 0.3555908203125 -0.09814453125
-0.00573348999023438 -0.0391502380371094 -0.31536865234375 0.1265869140625
0.0225296020507813 -0.0264606475830078 -0.26068115234375 -0.173965454101562
0.0119962692260742 -0.0122013092041016 0.045867919921875 -0.4671630859375
0.00365447998046875 0.0157947540283203 0.554901123046875 -0.422760009765625
0.00363731384277344 0.0149497985839844 0.78131103515625 0.30029296875
0.00504302978515625 -0.0226993560791016 0.2823486328125 0.921142578125
0.00807428359985352 0.00359964370727539 -0.2403564453125 0.6693115234375
0.00433826446533203 0.00775432586669922 0.00148773193359376 0.0839385986328125
0.0150728225708008 -0.00447463989257813 0.30712890625 -0.5736083984375
0.0263080596923828 -0.0163021087646484 -0.23773193359375 -0.93658447265625
0.0127429962158203 -0.00173377990722656 -0.81280517578125 -0.29095458984375
0.0043330192565918 0.000345468521118164 -0.526641845703125 0.429931640625
0.0135765075683594 -0.0207977294921875 -0.0464782714843749 0.50506591796875
0.00175666809082031 -0.0197467803955078 0.302642822265625 0.191131591796875
-0.00969982147216797 -0.0170583724975586 0.35595703125 -0.100433349609375
-0.00517654418945312 -0.0396537780761719 -0.319915771484375 0.12554931640625
0.0223560333251953 -0.0347690582275391 -0.260482788085938 -0.175765991210938
0.01348876953125 -0.0194644927978516 0.051910400390625 -0.472808837890625
0.00979900360107422 0.0134449005126953 0.559173583984375 -0.420684814453125
0.0100555419921875 0.0189151763916016 0.77764892578125 0.3084716796875
0.00567150115966797 -0.0155515670776367 0.27362060546875 0.92364501953125
0.00311660766601563 0.0101165771484375 -0.2401123046875 0.663818359375
-0.00370407104492187 0.0116462707519531 0.0092315673828125 0.0793914794921875
0.00915145874023438 0.00168609619140625 0.30682373046875 -0.58038330078125
0.0266571044921875 -0.00872039794921875 -0.24871826171875 -0.93292236328125
0.0197029113769531 0.00161170959472656 -0.8170166015625 -0.2803955078125
0.0098724365234375 -0.00248432159423828 -0.5216064453125 0.432373046875
0.0154170989990234 -0.0278129577636719 -0.039215087890625 0.50201416015625
0.00117301940917969 -0.0276031494140625 0.304229736328125 0.18988037109375
-0.00993728637695312 -0.0186195373535156 0.354339599609375 -0.103057861328125
0.000148773193359378 -0.0325489044189453 -0.3359375 0.112518310546875
0.0237293243408203 0.00543785095214844 -0.275543212890625 -0.16845703125
0.0107526779174805 0.0101118087768555 0.02996826171875 -0.478179931640625
-0.0264244079589844 0.0195140838623047 0.53887939453125 -0.450286865234375
-0.0353164672851563 -0.00472640991210938 0.79718017578125 0.257080078125
-0.0115509033203125 -0.061309814453125 0.32830810546875 0.88385009765625
0.0333919525146484 -0.0342979431152344 -0.19757080078125 0.646240234375
0.0540657043457031 -0.0138587951660156 0.0241470336914063 0.067901611328125
0.0403709411621094 -0.0396995544433594 0.32183837890625 -0.592041015625
0.011199951171875 -0.0534248352050781 -0.22882080078125 -0.95404052734375
-0.0288276672363281 -0.0230064392089844 -0.8116455078125 -0.311279296875
-0.0254631042480469 0.00470924377441406 -0.53277587890625 0.415557861328125
0.00705575942993164 0.00107955932617188 -0.05230712890625 0.498260498046875
0.00268459320068359 0.0140256881713867 0.288055419921875 0.19073486328125
-0.00826740264892578 -0.00971317291259766 0.3358154296875 -0.113739013671875
0.000249862670898435 -0.0338764190673828 -0.32958984375 0.117034912109375
0.0249729156494141 0.00726318359375 -0.275238037109375 -0.165252685546875
0.0111398696899414 0.0129232406616211 0.02386474609375 -0.47149658203125
-0.0264072418212891 0.0211334228515625 0.531494140625 -0.45074462890625
-0.0335865020751953 -0.00415802001953124 0.7972412109375 0.24859619140625
-0.0102500915527344 -0.0608863830566406 0.33465576171875 0.88214111328125
0.0334339141845703 -0.0336341857910156 -0.199462890625 0.65673828125
0.0526084899902344 -0.0128097534179688 0.0124359130859375 0.0767440795898437
0.04205322265625 -0.0383453369140625 0.32073974609375 -0.58099365234375
0.0138320922851563 -0.0535316467285156 -0.21435546875 -0.9539794921875
-0.0270347595214844 -0.0237579345703125 -0.805908203125 -0.32061767578125
-0.0268535614013672 0.00527763366699218 -0.538543701171875 0.4114990234375
0.00582408905029297 0.00358104705810547 -0.05914306640625 0.50079345703125
0.00234222412109375 0.0162277221679688 0.288543701171875 0.193817138671875
-0.00790596008300781 -0.00966072082519531 0.340545654296875 -0.10888671875
-0.000934600830078128 -0.0337677001953125 -0.323089599609375 0.1209716796875
0.0243492126464844 0.00532913208007813 -0.272384643554688 -0.164505004882813
0.0112142562866211 0.0126914978027344 0.023223876953125 -0.46826171875
-0.0236968994140625 0.0219364166259766 0.53167724609375 -0.44744873046875
-0.0295162200927734 -0.00157356262207032 0.7984619140625 0.25201416015625
-0.00689315795898438 -0.0566940307617188 0.3360595703125 0.8885498046875
0.0315151214599609 -0.029022216796875 -0.20391845703125 0.66571044921875
0.0467720031738281 -0.00922393798828125 0.003326416015625 0.0827560424804688
0.0395965576171875 -0.0332679748535156 0.31842041015625 -0.575439453125
0.0163612365722656 -0.049224853515625 -0.21392822265625 -0.9522705078125
-0.0227642059326172 -0.0212650299072266 -0.805908203125 -0.323486328125
-0.0236301422119141 0.00573348999023437 -0.539642333984375 0.4150390625
0.00574731826782227 0.00346660614013672 -0.06103515625 0.5040283203125
0.00203418731689453 0.0136823654174805 0.290435791015625 0.1937255859375
-0.00800609588623047 -0.0101404190063477 0.343719482421875 -0.1055908203125
-0.00203323364257813 -0.0360488891601563 -0.318023681640625 0.125213623046875
0.0235538482666016 0.000284194946289063 -0.269088745117188 -0.164459228515625
0.0110654830932617 0.0090017318725586 0.02685546875 -0.466339111328125
-0.0178489685058594 0.0208415985107422 0.538116455078125 -0.441802978515625
-0.0219631195068359 0.001068115234375 0.79339599609375 0.262451171875
-0.0028839111328125 -0.0500946044921875 0.32891845703125 0.8973388671875
0.0267086029052734 -0.0214500427246094 -0.2132568359375 0.67010498046875
0.0371131896972656 -0.0048065185546875 -0.00112915039062499 0.0851058959960938
0.0349693298339844 -0.0275382995605469 0.3101806640625 -0.5743408203125
0.0199203491210938 -0.0431365966796875 -0.222900390625 -0.947021484375
-0.0153112411499023 -0.0170745849609375 -0.80859375 -0.3115234375
-0.0178413391113281 0.00591659545898437 -0.534210205078125 0.421234130859375
0.00652599334716797 8.58306884765625E-06 -0.055389404296875 0.5074462890625
0.00232601165771484 0.00888156890869141 0.2950439453125 0.191650390625
-0.00841426849365235 -0.0117588043212891 0.347930908203125 -0.10308837890625
-0.00400924682617187 -0.0367774963378906 -0.31292724609375 0.129058837890625
0.0227470397949219 -0.00767707824707031 -0.265762329101563 -0.165771484375
0.0110025405883789 0.00266456604003906 0.03204345703125 -0.465240478515625
-0.0118198394775391 0.0197010040283203 0.541839599609375 -0.437255859375
-0.0133829116821289 0.00492954254150391 0.7938232421875 0.2716064453125
9.91821289062514E-05 -0.0422821044921875 0.3167724609375 0.90826416015625
0.0215435028076172 -0.01348876953125 -0.22021484375 0.67462158203125
0.0265445709228516 -0.000635147094726563 -0.00379180908203124 0.0862350463867188
0.0288715362548828 -0.0196151733398438 0.3057861328125 -0.5728759765625
0.0220794677734375 -0.0343494415283203 -0.2303466796875 -0.94342041015625
-0.00547218322753906 -0.0120620727539062 -0.81298828125 -0.30169677734375
-0.0107936859130859 0.00532817840576172 -0.532562255859375 0.428497314453125
0.00902557373046875 -0.00595855712890625 -0.0518798828125 0.5079345703125
0.00136220455169678 -2.36034393310547E-05 0.29888916015625 0.19024658203125
-0.00855159759521485 -0.0131902694702148 0.35162353515625 -0.102813720703125
-0.00539016723632812 -0.0381622314453125 -0.312591552734375 0.13214111328125
0.0222415924072266 -0.0173244476318359 -0.264556884765625 -0.1671142578125
0.011958122253418 -0.00562381744384766 0.03546142578125 -0.466461181640625
-0.0036163330078125 0.0182876586914063 0.54449462890625 -0.434234619140625
-0.00433635711669922 0.0102663040161133 0.78997802734375 0.27899169921875
0.00311851501464844 -0.0330429077148438 0.3070068359375 0.9134521484375
0.0156002044677734 -0.00510501861572266 -0.2252197265625 0.67523193359375
0.0153837203979492 0.00404167175292969 -0.00254821777343749 0.0863800048828125
0.0216789245605469 -0.0120162963867187 0.3023681640625 -0.57440185546875
0.0242576599121094 -0.0257377624511719 -0.239501953125 -0.93798828125
0.00356340408325195 -0.00733375549316406 -0.814208984375 -0.2904052734375
-0.00268983840942383 0.00352001190185547 -0.527435302734375 0.432525634765625
0.0105400085449219 -0.0131893157958984 -0.046844482421875 0.50726318359375
0.000540733337402344 -0.00907802581787109 0.302032470703125 0.18902587890625
-0.0087594985961914 -0.0147724151611328 0.352996826171875 -0.103973388671875
-0.00591278076171875 -0.0381813049316406 -0.31280517578125 0.132537841796875
0.0205154418945313 -0.0272655487060547 -0.262680053710937 -0.169418334960937
0.0121393203735352 -0.0127887725830078 0.039947509765625 -0.4688720703125
0.0037851333618164 0.0165786743164062 0.5489501953125 -0.43206787109375
0.00347709655761719 0.0145015716552734 0.78607177734375 0.28631591796875
0.00522994995117188 -0.0237846374511719 0.29852294921875 0.91729736328125
0.00888824462890625 0.00331497192382812 -0.2296142578125 0.67510986328125
0.00477981567382812 0.00879669189453125 0.00206756591796876 0.0844039916992187
0.0147037506103516 -0.00466537475585938 0.29949951171875 -0.578125
0.0259838104248047 -0.0166358947753906 -0.2506103515625 -0.9326171875
0.0123004913330078 -0.00175380706787109 -0.81805419921875 -0.2794189453125
0.00424838066101074 0.000329732894897461 -0.520538330078125 0.4375
0.0129528045654297 -0.0214633941650391 -0.0381774902343751 0.504730224609375
0.000410079956054688 -0.0194492340087891 0.304840087890625 0.1861572265625
-0.00997066497802734 -0.015568733215332 0.3544921875 -0.10614013671875
-0.00639724731445312 -0.0379257202148438 -0.3175048828125 0.1309814453125
0.0206718444824219 -0.0346794128417969 -0.262359619140625 -0.171096801757812
0.0136642456054687 -0.0202751159667969 0.04437255859375 -0.4735107421875
0.0101690292358398 0.0141839981079102 0.552093505859375 -0.4298095703125
0.0100612640380859 0.0177402496337891 0.7818603515625 0.2947998046875
0.00488662719726562 -0.0159530639648438 0.2884521484375 0.92132568359375
0.0035247802734375 0.0100345611572266 -0.2313232421875 0.66668701171875
-0.00386714935302734 0.0127582550048828 0.0101089477539062 0.07952880859375
0.00856590270996094 0.00186443328857422 0.2987060546875 -0.5833740234375
0.026519775390625 -0.0093231201171875 -0.26116943359375 -0.9300537109375
0.0192737579345703 0.00157546997070312 -0.82269287109375 -0.270263671875
0.00998973846435547 -0.00240421295166016 -0.515289306640625 0.437896728515625
0.0145263671875 -0.0280303955078125 -0.032745361328125 0.501800537109375
8.39233398437529E-05 -0.0275802612304688 0.305633544921875 0.183837890625
-0.0103921890258789 -0.0171546936035156 0.35302734375 -0.10870361328125
-0.00151443481445313 -0.0323905944824219 -0.3326416015625 0.118682861328125
0.0241146087646484 0.00530624389648438 -0.277847290039063 -0.164291381835937
0.0114269256591797 0.00918865203857422 0.0218505859375 -0.47772216796875
-0.026214599609375 0.0206413269042969 0.53070068359375 -0.458740234375
-0.0352592468261719 -0.00475692749023437 0.79937744140625 0.245849609375
-0.0126914978027344 -0.0620193481445313 0.33929443359375 0.876953125
0.0336742401123047 -0.0342750549316406 -0.1890869140625 0.64898681640625
0.0535087585449219 -0.0143775939941406 0.02471923828125 0.0678215026855469
0.0400886535644531 -0.039306640625 0.31146240234375 -0.59466552734375
0.0105438232421875 -0.0533676147460938 -0.23944091796875 -0.9483642578125
-0.0283241271972656 -0.0225791931152344 -0.8134765625 -0.298583984375
-0.025177001953125 0.00494194030761719 -0.5255126953125 0.42120361328125
0.0068964958190918 0.000557899475097656 -0.045379638671875 0.496246337890625
0.00200271606445313 0.0142345428466797 0.289947509765625 0.18487548828125
-0.0083770751953125 -0.00849723815917969 0.33306884765625 -0.11810302734375
-0.00130462646484375 -0.0318603515625 -0.32586669921875 0.1229248046875
0.0245265960693359 0.00654411315917969 -0.277694702148438 -0.16070556640625
0.0109739303588867 0.0127582550048828 0.015655517578125 -0.47125244140625
-0.0257987976074219 0.0223045349121094 0.52301025390625 -0.457489013671875
-0.0341796875 -0.00474929809570312 0.79803466796875 0.23443603515625
-0.011077880859375 -0.0611724853515625 0.3475341796875 0.875
0.0335273742675781 -0.0338115692138672 -0.189453125 0.6588134765625
0.052764892578125 -0.0128211975097656 0.0126113891601562 0.0763092041015625
0.04119873046875 -0.0389556884765625 0.31219482421875 -0.58331298828125
0.0123443603515625 -0.0536880493164063 -0.22698974609375 -0.948486328125
-0.0277366638183594 -0.0225620269775391 -0.8095703125 -0.30950927734375
-0.0262584686279297 0.00629806518554687 -0.531707763671875 0.418212890625
0.00513648986816406 0.00316333770751953 -0.05084228515625 0.499267578125
0.00230693817138672 0.0160665512084961 0.289886474609375 0.1888427734375
-0.00857830047607422 -0.00842761993408203 0.3375244140625 -0.11505126953125
-0.0024566650390625 -0.0334186553955078 -0.319488525390625 0.126739501953125
0.0237312316894531 0.00490570068359375 -0.2742919921875 -0.159408569335938
0.0113239288330078 0.0117740631103516 0.017669677734375 -0.468109130859375
-0.0231723785400391 0.0221767425537109 0.523101806640625 -0.453643798828125
-0.0292854309082031 -0.00243186950683593 0.80023193359375 0.2398681640625
-0.00777816772460938 -0.0572624206542969 0.3492431640625 0.88079833984375
0.0306205749511719 -0.0294723510742187 -0.1939697265625 0.667236328125
0.046478271484375 -0.00938796997070312 0.00311279296875001 0.0826568603515625
0.0387306213378906 -0.0340538024902344 0.30810546875 -0.57635498046875
0.0156631469726563 -0.0493850708007812 -0.22418212890625 -0.946533203125
-0.0228214263916016 -0.0210304260253906 -0.81036376953125 -0.3101806640625
-0.0234699249267578 0.00638198852539063 -0.533172607421875 0.42041015625
0.00498390197753906 0.00307941436767578 -0.05303955078125 0.503662109375
0.00225925445556641 0.0139884948730469 0.292449951171875 0.188018798828125
-0.00884437561035156 -0.00927257537841797 0.34149169921875 -0.11138916015625
-0.00274467468261719 -0.0347118377685547 -0.3131103515625 0.13128662109375
0.02301025390625 -0.000461578369140625 -0.270233154296875 -0.160400390625
0.0112524032592773 0.00860309600830078 0.02001953125 -0.465545654296875
-0.0182323455810547 0.0219974517822266 0.531341552734375 -0.4500732421875
-0.0222244262695312 0.000530242919921875 0.79736328125 0.24798583984375
-0.00397872924804688 -0.0518112182617187 0.3414306640625 0.8922119140625
0.0265102386474609 -0.0220279693603516 -0.2041015625 0.6734619140625
0.0369873046875 -0.00530624389648438 -0.000709533691406249 0.0852890014648438
0.0343055725097656 -0.0278797149658203 0.3013916015625 -0.57672119140625
0.0185394287109375 -0.0423011779785156 -0.23492431640625 -0.9407958984375
-0.0146846771240234 -0.016754150390625 -0.81231689453125 -0.29840087890625
-0.0182151794433594 0.00671005249023438 -0.527435302734375 0.4278564453125
0.00577354431152344 -9.82284545898438E-05 -0.0487060546875 0.50634765625
0.00162887573242188 0.00881862640380859 0.29583740234375 0.18695068359375
-0.00893211364746093 -0.0101661682128906 0.34521484375 -0.1082763671875
-0.00440597534179688 -0.0355415344238281 -0.309814453125 0.134063720703125
0.0214691162109375 -0.00810813903808594 -0.267105102539063 -0.16131591796875
0.0118503570556641 0.00249862670898438 0.025421142578125 -0.46453857421875
-0.011322021484375 0.020416259765625 0.532989501953125 -0.44598388671875
-0.0135984420776367 0.00481128692626953 0.79461669921875 0.258544921875
-0.000595092773437497 -0.0425453186035156 0.3299560546875 0.9012451171875
0.0214004516601563 -0.0133171081542969 -0.21075439453125 0.6766357421875
0.0269660949707031 0.000417709350585938 -0.002593994140625 0.086944580078125
0.0283355712890625 -0.0195236206054688 0.29638671875 -0.57586669921875
0.0213813781738281 -0.035003662109375 -0.2454833984375 -0.93817138671875
-0.00583171844482422 -0.0118570327758789 -0.81561279296875 -0.2889404296875
-0.010711669921875 0.00539875030517578 -0.524627685546875 0.43438720703125
0.00811433792114258 -0.00642538070678711 -0.044464111328125 0.5067138671875
0.000743567943572998 0.000172078609466553 0.29986572265625 0.184844970703125
-0.00955772399902344 -0.0116453170776367 0.348358154296875 -0.107879638671875
-0.00622177124023437 -0.037078857421875 -0.308868408203125 0.136627197265625
0.0209159851074219 -0.0179481506347656 -0.265594482421875 -0.162857055664063
0.0113153457641602 -0.00448322296142578 0.0286865234375 -0.4664306640625
-0.00329017639160156 0.0185680389404297 0.53741455078125 -0.44281005859375
-0.00434398651123047 0.00935649871826172 0.7901611328125 0.265869140625
0.00238609313964844 -0.0336647033691406 0.3212890625 0.9071044921875
0.0153989791870117 -0.00486278533935547 -0.2156982421875 0.67840576171875
0.0156259536743164 0.00481796264648438 -0.0015716552734375 0.0865097045898438
0.0215625762939453 -0.0124721527099609 0.29400634765625 -0.57818603515625
0.0242099761962891 -0.0254039764404297 -0.254150390625 -0.93194580078125
0.00406646728515625 -0.00694847106933594 -0.82000732421875 -0.2779541015625
-0.00255203247070313 0.00320053100585937 -0.52008056640625 0.439422607421875
0.0102424621582031 -0.0135469436645508 -0.03863525390625 0.5059814453125
0.000284194946289063 -0.00943183898925781 0.303497314453125 0.183319091796875
-0.00964736938476562 -0.0134992599487305 0.350982666015625 -0.109771728515625
-0.00653457641601563 -0.0374526977539063 -0.3096923828125 0.1383056640625
0.0199546813964844 -0.0269775390625 -0.264053344726563 -0.16485595703125
0.012547492980957 -0.0128517150878906 0.03363037109375 -0.46868896484375
0.00402069091796875 0.0169553756713867 0.53912353515625 -0.4403076171875
0.003265380859375 0.0136594772338867 0.7884521484375 0.27496337890625
0.00412368774414063 -0.0248222351074219 0.311767578125 0.9114990234375
0.00894737243652344 0.00419712066650391 -0.22076416015625 0.67572021484375
0.00488471984863281 0.0102548599243164 0.00279998779296875 0.083831787109375
0.0145092010498047 -0.00384616851806641 0.29046630859375 -0.58294677734375
0.0253944396972656 -0.0172405242919922 -0.26361083984375 -0.9278564453125
0.0130090713500977 -0.00236892700195313 -0.82171630859375 -0.26702880859375
0.00512075424194336 4.72068786621094E-05 -0.5140380859375 0.442413330078125
0.0119361877441406 -0.0213832855224609 -0.0311584472656251 0.503265380859375
-0.000158309936523437 -0.0196571350097656 0.306671142578125 0.180419921875
-0.0101652145385742 -0.0148286819458008 0.35211181640625 -0.11083984375
-0.00696945190429688 -0.0372352600097656 -0.31353759765625 0.135772705078125
0.019439697265625 -0.0353736877441406 -0.263046264648438 -0.1671142578125
0.0136833190917969 -0.0197582244873047 0.036865234375 -0.473388671875
0.0102519989013672 0.0143098831176758 0.5435791015625 -0.437347412109375
0.00902557373046875 0.0173206329345703 0.7835693359375 0.2822265625
0.00533390045166016 -0.0169572830200195 0.30133056640625 0.9151611328125
0.0036773681640625 0.0107240676879883 -0.22052001953125 0.6688232421875
-0.00377464294433594 0.0137863159179688 0.010498046875 0.07916259765625
0.00836277008056641 0.00233316421508789 0.29119873046875 -0.58709716796875
0.0264415740966797 -0.00958442687988281 -0.2755126953125 -0.924072265625
0.0195064544677734 0.001708984375 -0.82550048828125 -0.2576904296875
0.00945949554443359 -0.00264549255371094 -0.50860595703125 0.445098876953125
0.013702392578125 -0.0287055969238281 -0.025634765625 0.501556396484375
-0.00152206420898437 -0.0278224945068359 0.30670166015625 0.178070068359375
-0.0106925964355469 -0.0161962509155273 0.349945068359375 -0.113494873046875
-0.00200462341308593 -0.0308990478515625 -0.328948974609375 0.124298095703125
0.0231151580810547 0.00438499450683594 -0.277664184570313 -0.159286499023438
0.0115795135498047 0.00937843322753906 0.01611328125 -0.47772216796875
-0.0255870819091797 0.0215682983398437 0.52056884765625 -0.464752197265625
-0.0359687805175781 -0.00486373901367187 0.799072265625 0.232421875
-0.0133285522460938 -0.0626106262207031 0.352783203125 0.869384765625
0.0327434539794922 -0.0345306396484375 -0.1793212890625 0.64910888671875
0.0533981323242187 -0.0132789611816406 0.0247306823730469 0.0677528381347656
0.0387153625488281 -0.0396919250488281 0.30426025390625 -0.59521484375
0.00925445556640625 -0.0528373718261719 -0.25006103515625 -0.939453125
-0.0291023254394531 -0.0218677520751953 -0.81549072265625 -0.2864990234375
-0.0252132415771484 0.0054931640625 -0.5167236328125 0.426910400390625
0.00619697570800781 -4.9591064453125E-05 -0.03875732421875 0.494110107421875
0.00267314910888672 0.0142545700073242 0.29058837890625 0.179443359375
-0.00890350341796875 -0.00658798217773438 0.32977294921875 -0.122467041015625
-0.00161933898925781 -0.0318431854248047 -0.322509765625 0.1275634765625
0.0233821868896484 0.00639915466308594 -0.277633666992188 -0.155685424804688
0.0117063522338867 0.0121917724609375 0.01104736328125 -0.470611572265625
-0.0258140563964844 0.0228919982910156 0.51422119140625 -0.465301513671875
-0.0346698760986328 -0.00378036499023437 0.79931640625 0.2237548828125
-0.0113182067871094 -0.0619430541992188 0.35943603515625 0.86798095703125
0.0330848693847656 -0.0331993103027344 -0.1812744140625 0.658203125
0.0521507263183594 -0.0127944946289063 0.0128860473632813 0.0767135620117188
0.040191650390625 -0.0384483337402344 0.30352783203125 -0.58447265625
0.0116081237792969 -0.0529670715332031 -0.2388916015625 -0.9405517578125
-0.0279884338378906 -0.0225753784179688 -0.81146240234375 -0.29718017578125
-0.0260429382324219 0.00681686401367188 -0.523468017578125 0.422332763671875
0.00442266464233398 0.00262308120727539 -0.04400634765625 0.4970703125
0.00236225128173828 0.0165815353393555 0.29034423828125 0.183074951171875
-0.00875711441040039 -0.0075688362121582 0.3343505859375 -0.120025634765625
-0.00247764587402344 -0.0321979522705078 -0.314727783203125 0.1314697265625
0.0232391357421875 0.00469970703125 -0.274429321289063 -0.155059814453125
0.0118551254272461 0.0114336013793945 0.011322021484375 -0.4656982421875
-0.0225448608398437 0.0233783721923828 0.514892578125 -0.46185302734375
-0.0293216705322266 -0.00172615051269532 0.80218505859375 0.2261962890625
-0.00852584838867188 -0.0576515197753906 0.35980224609375 0.87347412109375
0.0300769805908203 -0.0288581848144531 -0.18475341796875 0.66748046875
0.046051025390625 -0.00851821899414063 0.004180908203125 0.0830841064453125
0.0380783081054688 -0.0338363647460938 0.2999267578125 -0.57891845703125
0.0149269104003906 -0.0487747192382813 -0.237060546875 -0.9403076171875
-0.0226268768310547 -0.0205726623535156 -0.8111572265625 -0.29901123046875
-0.0237159729003906 0.0067596435546875 -0.52581787109375 0.425323486328125
0.00459766387939453 0.00247430801391602 -0.046142578125 0.50146484375
0.00185394287109375 0.0140008926391602 0.292266845703125 0.183074951171875
-0.00879955291748047 -0.0079803466796875 0.33807373046875 -0.11572265625
-0.00382041931152344 -0.0337715148925781 -0.309844970703125 0.13604736328125
0.0228443145751953 -0.000505447387695312 -0.270904541015625 -0.155227661132813
0.0110893249511719 0.00832462310791016 0.01422119140625 -0.46356201171875
-0.0174999237060547 0.0221099853515625 0.521087646484375 -0.45489501953125
-0.0222740173339844 0.00185394287109375 0.7977294921875 0.2369384765625
-0.00490570068359375 -0.0517616271972656 0.35101318359375 0.88525390625
0.0265007019042969 -0.0218620300292969 -0.1923828125 0.6724853515625
0.0370597839355469 -0.00443649291992188 3.05175781250049E-05 0.0851593017578125
0.0337600708007813 -0.0275859832763672 0.292236328125 -0.57830810546875
0.0175552368164063 -0.0432968139648438 -0.2469482421875 -0.93292236328125
-0.0150794982910156 -0.0164957046508789 -0.81573486328125 -0.2882080078125
-0.0173349380493164 0.00709152221679688 -0.519622802734375 0.43255615234375
0.00541877746582031 -0.000168800354003906 -0.041778564453125 0.503662109375
0.0014958381652832 0.00842189788818359 0.296539306640625 0.181243896484375
-0.00916385650634765 -0.00940227508544922 0.34228515625 -0.113861083984375
-0.00526046752929688 -0.0348758697509766 -0.305816650390625 0.1395263671875
0.0206985473632813 -0.00885963439941406 -0.266799926757813 -0.157012939453125
0.0117053985595703 0.00238895416259766 0.019622802734375 -0.464874267578125
-0.0108089447021484 0.0213050842285156 0.5245361328125 -0.451019287109375
-0.0136480331420898 0.00474929809570313 0.79644775390625 0.24554443359375
-0.00106048583984375 -0.0435905456542969 0.34234619140625 0.89324951171875
0.0211067199707031 -0.0133094787597656 -0.20086669921875 0.676513671875
0.0272579193115234 4.9591064453125E-05 -0.00235748291015625 0.0872650146484375
0.0280780792236328 -0.0202274322509766 0.2880859375 -0.57659912109375
0.0207023620605469 -0.0339717864990234 -0.25445556640625 -0.93072509765625
-0.00567531585693359 -0.0120258331298828 -0.81768798828125 -0.27740478515625
-0.0104236602783203 0.00573825836181641 -0.516876220703125 0.437713623046875
0.0072021484375 -0.00593757629394531 -0.0367431640625 0.504791259765625
0.00054621696472168 0.00016474723815918 0.30059814453125 0.178802490234375
-0.00916290283203125 -0.0102787017822266 0.3450927734375 -0.11309814453125
-0.00620269775390625 -0.0354118347167969 -0.304901123046875 0.1417236328125
0.0201091766357422 -0.0174674987792969 -0.26605224609375 -0.157974243164063
0.0115251541137695 -0.00614833831787109 0.022003173828125 -0.464813232421875
-0.003509521484375 0.0196399688720703 0.52716064453125 -0.448974609375
-0.00481748580932617 0.00870609283447266 0.7919921875 0.25146484375
0.002410888671875 -0.0343112945556641 0.33245849609375 0.89947509765625
0.0147161483764648 -0.00485134124755859 -0.20758056640625 0.6768798828125
0.0160989761352539 0.00554847717285156 -0.00126647949218749 0.0869369506835938
0.0212478637695313 -0.0123214721679688 0.2841796875 -0.57952880859375
0.0235748291015625 -0.0257434844970703 -0.26568603515625 -0.9249267578125
0.00392055511474609 -0.00691080093383789 -0.8204345703125 -0.265869140625
-0.0026094913482666 0.00315976142883301 -0.51226806640625 0.44287109375
0.00923633575439453 -0.0132436752319336 -0.031463623046875 0.50396728515625
-0.000440597534179687 -0.00917911529541016 0.303924560546875 0.177581787109375
-0.00989055633544922 -0.0120449066162109 0.347747802734375 -0.11370849609375
-0.00754547119140625 -0.0360488891601563 -0.305419921875 0.143341064453125
0.0194892883300781 -0.0270519256591797 -0.264083862304688 -0.1600341796875
0.0127964019775391 -0.0134878158569336 0.027069091796875 -0.466461181640625
0.00431156158447265 0.0173549652099609 0.530303955078125 -0.447174072265625
0.00313854217529297 0.0130491256713867 0.78985595703125 0.2615966796875
0.00417709350585937 -0.0258541107177734 0.3238525390625 0.90460205078125
0.00884914398193359 0.00378894805908203 -0.210205078125 0.67559814453125
0.00529098510742188 0.0100193023681641 0.0035247802734375 0.0839691162109375
0.01434326171875 -0.00383567810058594 0.28125 -0.583740234375
0.0251560211181641 -0.0170783996582031 -0.2728271484375 -0.91949462890625
0.0132179260253906 -0.00278186798095703 -0.82318115234375 -0.25616455078125
0.00483846664428711 -0.000300884246826172 -0.505859375 0.44744873046875
0.0107784271240234 -0.0209007263183594 -0.023895263671875 0.501678466796875
-0.000856399536132814 -0.0189895629882813 0.306427001953125 0.1746826171875
-0.0101690292358398 -0.0133876800537109 0.348724365234375 -0.116973876953125
-0.0075225830078125 -0.0360298156738281 -0.3096923828125 0.14105224609375
0.0186080932617187 -0.0352058410644531 -0.263778686523438 -0.161895751953125
0.0132331848144531 -0.0199298858642578 0.030853271484375 -0.4716796875
0.0100479125976563 0.0148143768310547 0.534759521484375 -0.4444580078125
0.00918102264404297 0.0162649154663086 0.785400390625 0.26934814453125
0.0056610107421875 -0.0181427001953125 0.312744140625 0.90740966796875
0.00405406951904297 0.0111246109008789 -0.21160888671875 0.66943359375
-0.00309658050537109 0.014430046081543 0.0108184814453125 0.07977294921875
0.00848293304443359 0.00256681442260742 0.2821044921875 -0.58685302734375
0.0256671905517578 -0.0097198486328125 -0.28582763671875 -0.91571044921875
0.0193347930908203 0.000844955444335938 -0.82489013671875 -0.24603271484375
0.00959682464599609 -0.00337600708007813 -0.501861572265625 0.448822021484375
0.0123577117919922 -0.0277595520019531 -0.018646240234375 0.4993896484375
-0.001861572265625 -0.0271873474121094 0.3076171875 0.172698974609375
-0.0109186172485352 -0.0144538879394531 0.3458251953125 -0.119140625
-0.00201225280761719 -0.030181884765625 -0.324371337890625 0.12933349609375
0.0224475860595703 0.00401496887207031 -0.277847290039063 -0.154083251953125
0.0117998123168945 0.00856494903564453 0.00936889648437498 -0.4742431640625
-0.0254230499267578 0.0224628448486328 0.511322021484375 -0.468780517578125
-0.0359840393066406 -0.00435256958007813 0.79754638671875 0.218505859375
-0.0139350891113281 -0.06341552734375 0.3626708984375 0.85980224609375
0.0325431823730469 -0.0341682434082031 -0.1705322265625 0.64666748046875
0.0531768798828125 -0.0137252807617188 0.025238037109375 0.0663986206054688
0.0383529663085938 -0.0397224426269531 0.2945556640625 -0.59527587890625
0.00925064086914062 -0.0528450012207031 -0.2598876953125 -0.93121337890625
-0.0280799865722656 -0.0213279724121094 -0.8155517578125 -0.274169921875
-0.0246982574462891 0.00546836853027343 -0.510345458984375 0.429595947265625
0.00552511215209961 0.000104427337646484 -0.03131103515625 0.4920654296875
0.00158119201660156 0.0147819519042969 0.290771484375 0.175323486328125
-0.00858068466186523 -0.00556135177612305 0.3267822265625 -0.12701416015625
-0.002532958984375 -0.0308399200439453 -0.31787109375 0.132476806640625
0.0230445861816406 0.00593948364257813 -0.277374267578125 -0.1512451171875
0.0122842788696289 0.011322021484375 0.00262451171874998 -0.46661376953125
-0.0250320434570313 0.0238323211669922 0.505035400390625 -0.46954345703125
-0.0348930358886719 -0.00356674194335938 0.79791259765625 0.20953369140625
-0.0127296447753906 -0.0625038146972656 0.36920166015625 0.85784912109375
0.0318584442138672 -0.0337314605712891 -0.17083740234375 0.65594482421875
0.0525894165039063 -0.0116767883300781 0.0128631591796875 0.076019287109375
0.0395240783691406 -0.0389633178710938 0.29522705078125 -0.58453369140625
0.0113372802734375 -0.0529708862304687 -0.2469482421875 -0.9324951171875
-0.0279197692871094 -0.0220813751220703 -0.81170654296875 -0.28521728515625
-0.0256271362304687 0.00642585754394531 -0.516387939453125 0.427398681640625
0.00416183471679688 0.00254726409912109 -0.03826904296875 0.493743896484375
0.00157928466796875 0.0164003372192383 0.291168212890625 0.1781005859375
-0.0091562271118164 -0.00586509704589844 0.331268310546875 -0.123748779296875
-0.0035247802734375 -0.0307121276855469 -0.310272216796875 0.13580322265625
0.0228214263916016 0.00364875793457031 -0.274185180664063 -0.150482177734375
0.0120973587036133 0.0118083953857422 0.00488281249999996 -0.46282958984375
-0.0218887329101563 0.0244655609130859 0.5045166015625 -0.46630859375
-0.0299072265625 -0.00227546691894532 0.798095703125 0.21148681640625
-0.00975799560546875 -0.0586585998535156 0.37054443359375 0.86553955078125
0.0295372009277344 -0.0288848876953125 -0.17364501953125 0.6651611328125
0.0457000732421875 -0.00889205932617188 0.00474548339843751 0.0823593139648437
0.0372657775878906 -0.0336380004882812 0.29071044921875 -0.57818603515625
0.014068603515625 -0.0488090515136719 -0.2469482421875 -0.9300537109375
-0.0235023498535156 -0.0193328857421875 -0.81201171875 -0.2874755859375
-0.0235652923583984 0.00746917724609375 -0.5172119140625 0.430267333984375
0.00394725799560547 0.00245547294616699 -0.039459228515625 0.498260498046875
0.00164413452148437 0.0138759613037109 0.292510986328125 0.177703857421875
-0.00873231887817383 -0.00649833679199219 0.334808349609375 -0.120513916015625
-0.00484085083007812 -0.0328693389892578 -0.3056640625 0.14111328125
0.0223636627197266 -0.000934600830078125 -0.270828247070313 -0.150604248046875
0.0114755630493164 0.00790119171142578 0.00762939453125003 -0.4617919921875
-0.0176105499267578 0.0227890014648437 0.510040283203125 -0.459716796875
-0.0226211547851563 0.00052070617675781 0.79815673828125 0.222900390625
-0.00610733032226562 -0.0519981384277344 0.3621826171875 0.87591552734375
0.0264797210693359 -0.0217132568359375 -0.18414306640625 0.6717529296875
0.0373573303222656 -0.003662109375 0.000129699707031256 0.0847625732421875
0.0327186584472656 -0.0276317596435547 0.28302001953125 -0.5770263671875
0.0174598693847656 -0.0428276062011719 -0.25616455078125 -0.9249267578125
-0.0155792236328125 -0.0163049697875977 -0.8135986328125 -0.27484130859375
-0.0172595977783203 0.00683784484863281 -0.512054443359375 0.437469482421875
0.00529003143310547 -0.000405311584472656 -0.034820556640625 0.501190185546875
0.000560283660888673 0.00807571411132813 0.29730224609375 0.17608642578125
-0.00962162017822265 -0.00788593292236328 0.338043212890625 -0.118072509765625
-0.00601005554199219 -0.0334701538085938 -0.301300048828125 0.143829345703125
0.0205898284912109 -0.00908470153808594 -0.267044067382812 -0.15203857421875
0.0115146636962891 0.00199413299560547 0.0120544433593749 -0.461395263671875
-0.0102405548095703 0.0213985443115234 0.513946533203125 -0.455780029296875
-0.0140628814697266 0.00419330596923828 0.79412841796875 0.233642578125
-0.00139236450195312 -0.044189453125 0.3525390625 0.8841552734375
0.0209026336669922 -0.013214111328125 -0.19232177734375 0.67596435546875
0.0267162322998047 0.000982284545898438 -0.00169372558593749 0.0866851806640625
0.027587890625 -0.0199851989746094 0.27862548828125 -0.57623291015625
0.0200691223144531 -0.0344810485839844 -0.26483154296875 -0.92144775390625
-0.0064239501953125 -0.0114002227783203 -0.81591796875 -0.2681884765625
-0.0103769302368164 0.00570011138916016 -0.50872802734375 0.442138671875
0.00726556777954101 -0.00631284713745117 -0.0318603515625 0.502777099609375
-6.47306442260742E-05 0.00113177299499512 0.30035400390625 0.174346923828125
-0.0096120834350586 -0.00882148742675781 0.34124755859375 -0.117431640625
-0.00711822509765625 -0.0341548919677734 -0.29998779296875 0.1456298828125
0.0191078186035156 -0.0175380706787109 -0.265121459960937 -0.1534423828125
0.0118293762207031 -0.00583362579345703 0.01531982421875 -0.461578369140625
-0.00222015380859375 0.0199298858642578 0.51727294921875 -0.4525146484375
-0.00484800338745117 0.00863504409790039 0.79156494140625 0.24053955078125
0.00148391723632813 -0.0355110168457031 0.3421630859375 0.890380859375
0.0150480270385742 -0.00447845458984375 -0.19732666015625 0.67620849609375
0.0158853530883789 0.00556087493896484 -0.000320434570312494 0.0869674682617188
0.0205574035644531 -0.0119476318359375 0.27520751953125 -0.57794189453125
0.0228748321533203 -0.0257606506347656 -0.27508544921875 -0.9158935546875
0.00399971008300781 -0.00708961486816406 -0.81866455078125 -0.2548828125
-0.00238442420959473 0.00275063514709473 -0.50421142578125 0.446319580078125
0.00848579406738281 -0.0136594772338867 -0.0245361328125 0.501953125
-0.000788688659667969 -0.00909900665283203 0.3037109375 0.17230224609375
-0.00967597961425781 -0.010890007019043 0.344085693359375 -0.118499755859375
-0.00805854797363282 -0.0348358154296875 -0.300933837890625 0.1468505859375
0.0179729461669922 -0.0278396606445313 -0.264541625976563 -0.154678344726562
0.0122079849243164 -0.0132417678833008 0.020111083984375 -0.464141845703125
0.00503158569335938 0.017974853515625 0.521240234375 -0.450958251953125
0.00311660766601562 0.0124540328979492 0.7879638671875 0.24884033203125
0.00399017333984375 -0.0266532897949219 0.33489990234375 0.89581298828125
0.00914192199707031 0.00389003753662109 -0.199951171875 0.6741943359375
0.00597763061523438 0.0111589431762695 0.00372314453124999 0.0836944580078125
0.0136737823486328 -0.00391769409179688 0.27276611328125 -0.58258056640625
0.0247745513916016 -0.0169773101806641 -0.28302001953125 -0.9097900390625
0.0128974914550781 -0.00262451171875 -0.82159423828125 -0.2454833984375
0.00459671020507813 0.000567436218261719 -0.49761962890625 0.44976806640625
0.00996589660644531 -0.0215549468994141 -0.01702880859375 0.499053955078125
-0.00194358825683594 -0.0192832946777344 0.306671142578125 0.1695556640625
-0.0103006362915039 -0.0119056701660156 0.344757080078125 -0.121490478515625
-0.00838661193847656 -0.0350265502929688 -0.30474853515625 0.14532470703125
0.0169715881347656 -0.035736083984375 -0.264389038085938 -0.157745361328125
0.0136928558349609 -0.0200080871582031 0.0245361328125 -0.469818115234375
0.0109376907348633 0.0157623291015625 0.525482177734375 -0.449920654296875
0.00943279266357422 0.0164604187011719 0.78497314453125 0.2567138671875
0.00482368469238281 -0.0192050933837891 0.32513427734375 0.89935302734375
0.00442314147949219 0.0106983184814453 -0.20233154296875 0.66851806640625
-0.00280380249023437 0.0155849456787109 0.011810302734375 0.0790328979492188
0.00882530212402344 0.00233650207519531 0.27264404296875 -0.58782958984375
0.0254402160644531 -0.0100994110107422 -0.293701171875 -0.90625
0.0190353393554688 0.00119590759277344 -0.8240966796875 -0.23370361328125
0.00974655151367188 -0.00352668762207031 -0.493133544921875 0.452972412109375
0.0107784271240234 -0.0278854370117187 -0.01092529296875 0.495758056640625
-0.00268173217773438 -0.0265178680419922 0.307464599609375 0.16717529296875
-0.0113239288330078 -0.0130538940429688 0.342742919921875 -0.12322998046875
-0.00367546081542969 -0.0293064117431641 -0.320159912109375 0.133148193359375
0.0220050811767578 0.00313568115234375 -0.277099609375 -0.149002075195312
0.0119619369506836 0.00895309448242188 0.00271606445312502 -0.47137451171875
-0.0249977111816406 0.0230388641357422 0.500244140625 -0.47149658203125
-0.0363082885742188 -0.00437927246093749 0.79583740234375 0.207763671875
-0.0147933959960937 -0.0628471374511719 0.3707275390625 0.850830078125
0.03192138671875 -0.0338191986083984 -0.16204833984375 0.6439208984375
0.0531539916992188 -0.0126876831054688 0.0254859924316406 0.066558837890625
0.0380973815917969 -0.039031982421875 0.28619384765625 -0.59393310546875
0.00875091552734375 -0.05181884765625 -0.2674560546875 -0.92120361328125
-0.0288524627685547 -0.0214691162109375 -0.81280517578125 -0.263916015625
-0.0242443084716797 0.00548362731933594 -0.502227783203125 0.4322509765625
0.00494146347045898 0.000302314758300781 -0.025604248046875 0.48748779296875
0.0014333724975586 0.0144500732421875 0.28948974609375 0.169769287109375
-0.00855398178100586 -0.00487565994262695 0.32269287109375 -0.129730224609375
-0.00318527221679687 -0.0293655395507813 -0.313995361328125 0.1356201171875
0.0227489471435547 0.00570487976074219 -0.276351928710938 -0.146163940429687
0.0117788314819336 0.0108528137207031 -0.000518798828124973 -0.464630126953125
-0.0244178771972656 0.0246143341064453 0.49420166015625 -0.472076416015625
-0.0350875854492188 -0.00364685058593751 0.793701171875 0.1990966796875
-0.0135078430175781 -0.0624160766601562 0.3770751953125 0.84954833984375
0.031890869140625 -0.0337696075439453 -0.16253662109375 0.65472412109375
0.0518989562988281 -0.0120124816894531 0.0138473510742188 0.075469970703125
0.03851318359375 -0.0382003784179688 0.28570556640625 -0.58392333984375
0.0104598999023438 -0.0522117614746094 -0.255126953125 -0.92266845703125
-0.0277919769287109 -0.0212554931640625 -0.81048583984375 -0.27484130859375
-0.0253486633300781 0.00716209411621093 -0.508331298828125 0.429840087890625
0.00351691246032715 0.00273990631103516 -0.033355712890625 0.491485595703125
0.00148677825927734 0.0161828994750977 0.290130615234375 0.173065185546875
-0.00936126708984375 -0.00516605377197266 0.326751708984375 -0.126373291015625
-0.00447463989257813 -0.0304756164550781 -0.30572509765625 0.1395263671875
0.0221652984619141 0.00396347045898438 -0.274246215820313 -0.145751953125
0.0121421813964844 0.0110616683959961 -0.00244140625 -0.46014404296875
-0.0217857360839844 0.0247974395751953 0.495269775390625 -0.46966552734375
-0.0298576354980469 -0.00189971923828125 0.79638671875 0.20025634765625
-0.00998306274414062 -0.058624267578125 0.3782958984375 0.853515625
0.0295696258544922 -0.0290069580078125 -0.166259765625 0.6627197265625
0.0464286804199219 -0.00775909423828125 0.00545501708984375 0.0821762084960938
0.0365943908691406 -0.0335273742675781 0.28411865234375 -0.57763671875
0.0131492614746094 -0.0482025146484375 -0.2559814453125 -0.92236328125
-0.0230255126953125 -0.0192756652832031 -0.80987548828125 -0.27716064453125
-0.0225315093994141 0.00751686096191406 -0.50933837890625 0.4310302734375
0.00388383865356445 0.00276637077331543 -0.033660888671875 0.49395751953125
0.00167942047119141 0.0144414901733398 0.291900634765625 0.173004150390625
-0.00894355773925781 -0.00559234619140625 0.331085205078125 -0.123077392578125
-0.00482559204101562 -0.0318679809570313 -0.30108642578125 0.143829345703125
0.0210208892822266 -0.000799179077148437 -0.269500732421875 -0.146469116210938
0.0121030807495117 0.00760841369628906 0.00238037109374999 -0.45928955078125
-0.0167064666748047 0.0238590240478516 0.500762939453125 -0.463623046875
-0.0234355926513672 0.00041961669921875 0.7943115234375 0.21099853515625
-0.00632858276367188 -0.052947998046875 0.37054443359375 0.86553955078125
0.0255279541015625 -0.0217189788818359 -0.17474365234375 0.6680908203125
0.0369758605957031 -0.00383758544921875 0.001434326171875 0.0850143432617188
0.0325183868408203 -0.0273418426513672 0.27557373046875 -0.57537841796875
0.01641845703125 -0.0424652099609375 -0.2652587890625 -0.91400146484375
-0.0153284072875977 -0.016301155090332 -0.81072998046875 -0.26519775390625
-0.0171432495117188 0.00737667083740234 -0.504302978515625 0.438079833984375
0.00425982475280762 -0.000307798385620117 -0.02978515625 0.497283935546875
0.000722885131835938 0.00878047943115234 0.296112060546875 0.170745849609375
-0.009033203125 -0.00610065460205078 0.335052490234375 -0.121337890625
-0.00657081604003907 -0.0323333740234375 -0.296844482421875 0.146820068359375
0.0196323394775391 -0.00902175903320312 -0.266998291015625 -0.147018432617187
0.0122127532958984 0.00110816955566406 0.00711059570312496 -0.458740234375
-0.00981330871582031 0.0224151611328125 0.504486083984375 -0.458831787109375
-0.0139265060424805 0.00438499450683594 0.79217529296875 0.22174072265625
-0.00253677368164063 -0.0443077087402344 0.36114501953125 0.8748779296875
0.0208263397216797 -0.0131397247314453 -0.1829833984375 0.67254638671875
0.0271034240722656 0.00111198425292969 -0.00162506103515625 0.0865936279296875
0.0267562866210938 -0.0202274322509766 0.2698974609375 -0.57562255859375
0.0195732116699219 -0.0343914031982422 -0.27276611328125 -0.91217041015625
-0.00580120086669922 -0.0115957260131836 -0.81329345703125 -0.2567138671875
-0.0103893280029297 0.00560855865478516 -0.500823974609375 0.443145751953125
0.00640583038330078 -0.0063629150390625 -0.0252685546875 0.49755859375
-0.000153124332427978 0.000675976276397705 0.299713134765625 0.16986083984375
-0.0100059509277344 -0.00836467742919922 0.3375244140625 -0.1217041015625
-0.00765609741210937 -0.0334224700927734 -0.296142578125 0.1490478515625
0.0183868408203125 -0.018096923828125 -0.264999389648437 -0.149246215820313
0.0118312835693359 -0.00564002990722656 0.00973510742187498 -0.458709716796875
-0.00241470336914063 0.0203437805175781 0.50830078125 -0.456085205078125
-0.00479698181152344 0.00785160064697266 0.7872314453125 0.2301025390625
0.000621795654296878 -0.0362434387207031 0.35125732421875 0.88128662109375
0.0151453018188477 -0.00449943542480469 -0.1876220703125 0.673583984375
0.0167236328125 0.00726127624511719 -0.000549316406249999 0.086273193359375
0.0201072692871094 -0.0118732452392578 0.26788330078125 -0.57550048828125
0.0226936340332031 -0.0261116027832031 -0.2830810546875 -0.90533447265625
0.00441503524780274 -0.00671625137329102 -0.8160400390625 -0.2430419921875
-0.00210642814636231 0.00288605690002441 -0.495880126953125 0.447784423828125
0.00750732421875 -0.0133724212646484 -0.01837158203125 0.49713134765625
-0.00150537490844727 -0.00827789306640625 0.302337646484375 0.16693115234375
-0.0101633071899414 -0.00934314727783203 0.340240478515625 -0.12249755859375
-0.00859832763671875 -0.034149169921875 -0.296356201171875 0.15008544921875
0.0168323516845703 -0.0272674560546875 -0.263015747070313 -0.150588989257812
0.0123767852783203 -0.0136089324951172 0.016021728515625 -0.46136474609375
0.00532913208007812 0.0183658599853516 0.51202392578125 -0.454345703125
0.00319671630859375 0.0126781463623047 0.7847900390625 0.2381591796875
0.00359535217285156 -0.0274391174316406 0.34075927734375 0.8876953125
0.00907230377197266 0.00373744964599609 -0.19073486328125 0.6705322265625
0.00610733032226563 0.0110073089599609 0.0043487548828125 0.0835647583007813
0.0133886337280273 -0.00379276275634766 0.26446533203125 -0.58013916015625
0.0244560241699219 -0.0169868469238281 -0.2923583984375 -0.899658203125
0.0128278732299805 -0.00292015075683594 -0.8203125 -0.2342529296875
0.00508451461791992 5.86509704589844E-05 -0.490631103515625 0.45196533203125
0.00929069519042969 -0.0213661193847656 -0.0117797851562499 0.494415283203125
-0.00244140625 -0.0184593200683594 0.30596923828125 0.164215087890625
-0.00998973846435547 -0.0103244781494141 0.34088134765625 -0.124420166015625
-0.00875473022460937 -0.0339603424072266 -0.299774169921875 0.14874267578125
0.0157318115234375 -0.0357551574707031 -0.263153076171875 -0.153640747070313
0.0132293701171875 -0.0207595825195313 0.019317626953125 -0.467437744140625
0.0109643936157227 0.0158042907714844 0.514312744140625 -0.453338623046875
0.00909900665283203 0.0157442092895508 0.7808837890625 0.24566650390625
0.00427436828613281 -0.0196285247802734 0.333251953125 0.88958740234375
0.00414085388183594 0.0113248825073242 -0.19268798828125 0.6651611328125
-0.001800537109375 0.0157880783081055 0.0119705200195313 0.0782928466796875
0.00769853591918945 0.002716064453125 0.2642822265625 -0.5853271484375
0.0253257751464844 -0.00995445251464844 -0.3013916015625 -0.8966064453125
0.0191154479980469 0.000345230102539063 -0.824462890625 -0.22442626953125
0.010127067565918 -0.00259876251220703 -0.48455810546875 0.454437255859375
0.0108356475830078 -0.0284309387207031 -0.00515747070312501 0.491851806640625
-0.00378608703613281 -0.0262241363525391 0.306915283203125 0.16265869140625
-0.010960578918457 -0.0115623474121094 0.3387451171875 -0.126739501953125
-0.00392913818359375 -0.027984619140625 -0.31561279296875 0.135498046875
0.0211658477783203 0.00394439697265625 -0.275375366210938 -0.145904541015625
0.0116548538208008 0.008331298828125 -0.00122070312499999 -0.467132568359375
-0.0239200592041016 0.0236606597900391 0.493255615234375 -0.47357177734375
-0.0359992980957031 -0.00445556640625 0.78985595703125 0.197509765625
-0.0153846740722656 -0.0633430480957031 0.37744140625 0.84185791015625
0.0316047668457031 -0.0334129333496094 -0.15545654296875 0.64117431640625
0.0528526306152344 -0.0125961303710937 0.0255165100097656 0.0659523010253906
0.0368881225585938 -0.0385589599609375 0.279052734375 -0.59039306640625
0.00714874267578125 -0.0518341064453125 -0.2735595703125 -0.91082763671875
-0.0283985137939453 -0.0203266143798828 -0.810302734375 -0.25457763671875
-0.0238285064697266 0.00610542297363281 -0.495758056640625 0.4337158203125
0.00392365455627441 0.000175714492797852 -0.021697998046875 0.484039306640625
0.00159072875976562 0.0146312713623047 0.28759765625 0.16552734375
-0.00893115997314453 -0.00356960296630859 0.318511962890625 -0.13153076171875
-0.00385475158691406 -0.0288486480712891 -0.30914306640625 0.13885498046875
0.0214118957519531 0.00563240051269531 -0.274581909179688 -0.14276123046875
0.0121297836303711 0.0107498168945313 -0.00570678710937496 -0.460845947265625
-0.0239391326904297 0.0256557464599609 0.485443115234375 -0.473358154296875
-0.0350875854492187 -0.00454902648925782 0.78887939453125 0.18658447265625
-0.01397705078125 -0.06231689453125 0.38348388671875 0.839111328125
0.0308189392089844 -0.0332584381103516 -0.15655517578125 0.65032958984375
0.0519371032714844 -0.0114364624023437 0.0137710571289062 0.0759735107421875
0.0378341674804688 -0.03790283203125 0.27996826171875 -0.581787109375
0.009613037109375 -0.0519943237304688 -0.26043701171875 -0.91204833984375
-0.0272541046142578 -0.0205326080322266 -0.80596923828125 -0.26507568359375
-0.0244598388671875 0.00732994079589844 -0.501312255859375 0.4293212890625
0.00379729270935059 0.00291776657104492 -0.02734375 0.4873046875
0.00123214721679687 0.0165529251098633 0.288055419921875 0.1693115234375
-0.00900459289550781 -0.00398159027099609 0.322967529296875 -0.12982177734375
-0.00460624694824218 -0.0290470123291016 -0.301666259765625 0.142608642578125
0.021026611328125 0.00370597839355469 -0.272369384765625 -0.14117431640625
0.0122995376586914 0.0100803375244141 -0.00488281249999999 -0.457244873046875
-0.0212497711181641 0.0256881713867188 0.48651123046875 -0.46929931640625
-0.0305728912353516 -0.00226783752441406 0.7901611328125 0.19195556640625
-0.0108489990234375 -0.0585403442382813 0.3836669921875 0.84552001953125
0.0288333892822266 -0.0281734466552734 -0.15948486328125 0.6588134765625
0.0460624694824219 -0.00799560546875 0.00556182861328125 0.0819015502929688
0.0360794067382813 -0.0325279235839844 0.276611328125 -0.57403564453125
0.0125656127929687 -0.0483283996582031 -0.25909423828125 -0.91094970703125
-0.0226058959960937 -0.0190811157226563 -0.8067626953125 -0.2684326171875
-0.0223312377929688 0.00750923156738281 -0.502044677734375 0.4320068359375
0.00298571586608887 0.00249719619750977 -0.02978515625 0.49017333984375
0.00126934051513672 0.0144758224487305 0.290130615234375 0.1676025390625
-0.00890254974365234 -0.00377082824707031 0.32696533203125 -0.125091552734375
-0.00582695007324218 -0.0313205718994141 -0.29669189453125 0.146392822265625
0.0201606750488281 -0.00117874145507812 -0.268356323242187 -0.142135620117188
0.0115690231323242 0.00682926177978516 -0.000122070312500025 -0.454803466796875
-0.0164585113525391 0.0243778228759766 0.49237060546875 -0.464569091796875
-0.0230159759521484 4.57763671874999E-05 0.78948974609375 0.20123291015625
-0.00649642944335938 -0.0529518127441406 0.377197265625 0.85626220703125
0.0256633758544922 -0.0213336944580078 -0.16754150390625 0.66400146484375
0.0371818542480469 -0.00337600708007813 0.00152587890625 0.0842819213867188
0.0319404602050781 -0.0268707275390625 0.2674560546875 -0.57403564453125
0.0154037475585938 -0.0420570373535156 -0.2705078125 -0.90570068359375
-0.0152015686035156 -0.0151605606079102 -0.80780029296875 -0.2557373046875
-0.0170383453369141 0.00757408142089843 -0.497589111328125 0.43878173828125
0.0037839412689209 -0.000945806503295898 -0.023956298828125 0.493194580078125
0.000826835632324219 0.00913715362548828 0.294708251953125 0.166748046875
-0.00904750823974609 -0.00521755218505859 0.3310546875 -0.123992919921875
-0.00666999816894531 -0.0315742492675781 -0.2921142578125 0.1490478515625
0.0189704895019531 -0.00897216796875 -0.265365600585938 -0.1429443359375
0.0117349624633789 0.000676155090332031 0.00418090820312495 -0.454925537109375
-0.00948333740234375 0.0232410430908203 0.496124267578125 -0.46124267578125
-0.0143356323242188 0.00385570526123047 0.78717041015625 0.21209716796875
-0.0029296875 -0.0453605651855469 0.3668212890625 0.8651123046875
0.0201339721679688 -0.0135669708251953 -0.1756591796875 0.66864013671875
0.0275516510009766 0.00203323364257813 -0.000762939453125006 0.086273193359375
0.0260124206542969 -0.0197734832763672 0.26544189453125 -0.5731201171875
0.0191822052001953 -0.0341415405273438 -0.27838134765625 -0.90155029296875
-0.00567054748535156 -0.0115985870361328 -0.81097412109375 -0.248779296875
-0.00989055633544922 0.00597763061523438 -0.493377685546875 0.444854736328125
0.0052952766418457 -0.00620031356811524 -0.0209655761718749 0.492828369140625
-0.000411033630371094 0.000828146934509277 0.29742431640625 0.164703369140625
-0.00926780700683594 -0.00646209716796875 0.333526611328125 -0.123504638671875
-0.00789642333984375 -0.0321712493896484 -0.29107666015625 0.15191650390625
0.0172290802001953 -0.0179271697998047 -0.263381958007812 -0.144454956054688
0.0112733840942383 -0.00664997100830078 0.00714111328125004 -0.45709228515625
-0.001800537109375 0.0214996337890625 0.499420166015625 -0.45758056640625
-0.00531911849975586 0.00786018371582031 0.78363037109375 0.2183837890625
0.000366210937500002 -0.0362281799316406 0.35760498046875 0.8719482421875
0.0147428512573242 -0.00450038909912109 -0.18133544921875 0.671142578125
0.0168333053588867 0.00695419311523438 0.000228881835937495 0.0858612060546875
0.0199966430664063 -0.0116291046142578 0.26043701171875 -0.5745849609375
0.0216121673583984 -0.0255699157714844 -0.28802490234375 -0.89569091796875
0.00411272048950195 -0.00639867782592773 -0.81298828125 -0.236328125
-0.00199055671691894 0.00333166122436524 -0.4901123046875 0.44842529296875
0.00688076019287109 -0.0133686065673828 -0.01483154296875 0.493865966796875
-0.00189828872680664 -0.00824975967407227 0.30084228515625 0.16290283203125
-0.0101175308227539 -0.008575439453125 0.33636474609375 -0.1241455078125
-0.00917625427246094 -0.0329551696777344 -0.291748046875 0.15228271484375
0.01611328125 -0.0276527404785156 -0.261947631835938 -0.1461181640625
0.0124483108520508 -0.0141534805297852 0.0107421875 -0.459381103515625
0.00539588928222656 0.0187473297119141 0.5020751953125 -0.455718994140625
0.00308990478515625 0.0116729736328125 0.780029296875 0.22625732421875
0.00270652770996094 -0.0281658172607422 0.34918212890625 0.87762451171875
0.00915622711181641 0.00413703918457031 -0.18408203125 0.66845703125
0.00655078887939453 0.0121822357177734 0.00479888916015624 0.0833358764648438
0.0136222839355469 -0.00356578826904297 0.25860595703125 -0.5777587890625
0.0232868194580078 -0.0167884826660156 -0.29632568359375 -0.891357421875
0.0131368637084961 -0.00276660919189453 -0.8140869140625 -0.22509765625
0.00467920303344726 0.00018310546875 -0.482391357421875 0.451507568359375
0.00880813598632813 -0.0213527679443359 -0.007537841796875 0.489501953125
-0.00283050537109375 -0.0176467895507813 0.30419921875 0.1602783203125
-0.0104217529296875 -0.00905990600585937 0.3359375 -0.126739501953125
-0.00906562805175782 -0.0326309204101563 -0.294891357421875 0.150421142578125
0.0143890380859375 -0.0353584289550781 -0.26239013671875 -0.148696899414063
0.0131168365478516 -0.0207366943359375 0.015380859375 -0.462005615234375
0.0114908218383789 0.0165014266967773 0.506500244140625 -0.454376220703125
0.00918960571289062 0.0152750015258789 0.77911376953125 0.23419189453125
0.00335311889648437 -0.0203380584716797 0.3392333984375 0.88018798828125
0.00443458557128906 0.0111360549926758 -0.18695068359375 0.6629638671875
-0.00188159942626953 0.0160636901855469 0.0128936767578125 0.0789871215820313
0.00760841369628906 0.00253105163574219 0.257568359375 -0.58404541015625
0.0258045196533203 -0.0104045867919922 -0.30767822265625 -0.8865966796875
0.0197792053222656 0.000688552856445313 -0.819091796875 -0.2144775390625
0.0106525421142578 -0.0033721923828125 -0.477142333984375 0.4537353515625
0.00917243957519531 -0.0286693572998047 -0.001983642578125 0.487091064453125
-0.00448417663574219 -0.0258197784423828 0.30426025390625 0.1580810546875
-0.0106973648071289 -0.010563850402832 0.334503173828125 -0.1292724609375
-0.00380706787109375 -0.0272083282470703 -0.3109130859375 0.13775634765625
0.0205078125 0.00352859497070313 -0.27325439453125 -0.141983032226562
0.011540412902832 0.00725364685058594 -0.00384521484375001 -0.463836669921875
-0.0235004425048828 0.0238857269287109 0.48223876953125 -0.47320556640625
-0.0359420776367188 -0.00431442260742187 0.78546142578125 0.189208984375
-0.0163230895996094 -0.0628128051757813 0.37933349609375 0.831787109375
0.03076171875 -0.0329437255859375 -0.14837646484375 0.63543701171875
0.0532264709472656 -0.0116348266601563 0.0250892639160156 0.0656852722167969
0.0360870361328125 -0.03802490234375 0.2738037109375 -0.58758544921875
0.00726699829101562 -0.05108642578125 -0.276123046875 -0.90185546875
-0.0280742645263672 -0.0200347900390625 -0.80657958984375 -0.24835205078125
-0.0237445831298828 0.00626945495605469 -0.48919677734375 0.432647705078125
0.00378823280334473 0.000539302825927734 -0.018218994140625 0.479461669921875
0.00104999542236328 0.0147628784179688 0.286590576171875 0.1610107421875
-0.00868368148803711 -0.00258827209472656 0.31463623046875 -0.133880615234375
-0.00424957275390625 -0.0273685455322266 -0.30462646484375 0.140655517578125
0.0211448669433594 0.00501251220703125 -0.273162841796875 -0.138916015625
0.0122346878051758 0.0100345611572266 -0.00939941406249997 -0.4573974609375
-0.0230045318603516 0.0255813598632812 0.47723388671875 -0.473541259765625
-0.0350494384765625 -0.0040740966796875 0.785400390625 0.17987060546875
-0.0145301818847656 -0.0628547668457031 0.38800048828125 0.8299560546875
0.0305309295654297 -0.0331439971923828 -0.148681640625 0.64581298828125
0.0516128540039062 -0.010589599609375 0.0138397216796875 0.0748062133789062
0.0369911193847656 -0.0371665954589844 0.2734375 -0.57708740234375
0.00963211059570313 -0.0517616271972656 -0.26519775390625 -0.90338134765625
-0.0270099639892578 -0.0198917388916016 -0.801513671875 -0.25830078125
-0.0247249603271484 0.00770378112792969 -0.495330810546875 0.429443359375
0.00182080268859863 0.00254583358764648 -0.023529052734375 0.48333740234375
0.00116062164306641 0.01654052734375 0.286346435546875 0.164703369140625
-0.00777482986450195 -0.00215911865234375 0.319732666015625 -0.1314697265625
-0.00526237487792969 -0.0281181335449219 -0.29705810546875 0.144775390625
0.0204448699951172 0.00336456298828125 -0.270248413085938 -0.137496948242187
0.0124406814575195 0.00957393646240234 -0.00833129882812504 -0.452972412109375
-0.0201778411865234 0.0262966156005859 0.4776611328125 -0.469818115234375
-0.0304813385009766 -0.00205612182617187 0.7855224609375 0.18182373046875
-0.0114288330078125 -0.0594940185546875 0.38739013671875 0.8360595703125
0.0286159515380859 -0.0281696319580078 -0.15411376953125 0.656494140625
0.0457649230957031 -0.00737762451171875 0.00592803955078126 0.08160400390625
0.0350456237792969 -0.0324535369873047 0.26953125 -0.57098388671875
0.0125007629394531 -0.0478973388671875 -0.26312255859375 -0.90234375
-0.0223274230957031 -0.018707275390625 -0.80255126953125 -0.2603759765625
-0.0219745635986328 0.00793266296386718 -0.495513916015625 0.430450439453125
0.00178337097167969 0.00226163864135742 -0.025054931640625 0.4859619140625
0.000446319580078125 0.0150041580200195 0.288421630859375 0.1646728515625
-0.00861930847167969 -0.00296926498413086 0.322662353515625 -0.126739501953125
-0.00565910339355469 -0.0295372009277344 -0.29144287109375 0.14849853515625
0.0193290710449219 -0.00112342834472656 -0.266464233398438 -0.138259887695312
0.0117921829223633 0.00645542144775391 -0.004302978515625 -0.45147705078125
-0.0159397125244141 0.0255012512207031 0.483062744140625 -0.465911865234375
-0.0234699249267578 -0.000198364257812504 0.783935546875 0.19305419921875
-0.00783538818359375 -0.0531768798828125 0.3807373046875 0.84613037109375
0.0253925323486328 -0.0212593078613281 -0.16168212890625 0.66082763671875
0.0374908447265625 -0.00282669067382813 0.0016021728515625 0.0842208862304687
0.0313072204589844 -0.0267677307128906 0.26190185546875 -0.57073974609375
0.0154991149902344 -0.0415229797363281 -0.2744140625 -0.89520263671875
-0.0150718688964844 -0.0153284072875977 -0.8056640625 -0.2489013671875
-0.0166807174682617 0.00731372833251953 -0.4906005859375 0.438934326171875
0.00335860252380371 -0.000361442565917969 -0.02069091796875 0.488555908203125
0.000361442565917968 0.00936603546142578 0.2923583984375 0.162078857421875
-0.00856828689575195 -0.00384616851806641 0.326812744140625 -0.125274658203125
-0.0074462890625 -0.0305805206298828 -0.287261962890625 0.151611328125
0.0173206329345703 -0.00907802581787109 -0.2630615234375 -0.140090942382813
0.0116844177246094 0.000611305236816406 -0.000488281250000037 -0.451141357421875
-0.00871658325195313 0.0233917236328125 0.487701416015625 -0.461578369140625
-0.0149021148681641 0.00342369079589844 0.781982421875 0.20135498046875
-0.00339508056640625 -0.0457954406738281 0.37152099609375 0.8564453125
0.0203647613525391 -0.0125064849853516 -0.16839599609375 0.66424560546875
0.0274219512939453 0.00283241271972656 0.000114440917968761 0.0861663818359375
0.0254058837890625 -0.0194511413574219 0.25775146484375 -0.56829833984375
0.0189361572265625 -0.0337314605712891 -0.283447265625 -0.89263916015625
-0.00531673431396484 -0.0109767913818359 -0.8065185546875 -0.23919677734375
-0.00927066802978516 0.00599575042724609 -0.487060546875 0.443023681640625
0.00490474700927734 -0.00574064254760742 -0.017425537109375 0.488739013671875
-0.000554561614990234 0.00110626220703125 0.295928955078125 0.16046142578125
-0.00901126861572266 -0.00510025024414062 0.3299560546875 -0.125640869140625
-0.00888442993164062 -0.0316810607910156 -0.28656005859375 0.15313720703125
0.0164966583251953 -0.0183258056640625 -0.261032104492187 -0.141036987304688
0.0117902755737305 -0.00647258758544922 0.00366210937499995 -0.452728271484375
-0.00130844116210938 0.021514892578125 0.4913330078125 -0.459136962890625
-0.00546360015869141 0.00717830657958984 0.781005859375 0.20892333984375
-0.000213623046874996 -0.037078857421875 0.36346435546875 0.86236572265625
0.0145072937011719 -0.00434684753417969 -0.17449951171875 0.666748046875
0.0168619155883789 0.00753307342529297 0.000762939453125003 0.0857009887695313
0.0192718505859375 -0.0109329223632813 0.255126953125 -0.571044921875
0.0213451385498047 -0.0256004333496094 -0.29205322265625 -0.88494873046875
0.00382661819458008 -0.00641012191772461 -0.80938720703125 -0.22906494140625
-0.00221347808837891 0.00345063209533691 -0.482421875 0.446990966796875
0.0059814453125 -0.013427734375 -0.00994873046875005 0.48760986328125
-0.00217342376708984 -0.00783109664916992 0.29901123046875 0.15966796875
-0.00952339172363281 -0.00635433197021484 0.33209228515625 -0.126678466796875
-0.00955009460449219 -0.0312156677246094 -0.2864990234375 0.154205322265625
0.0147209167480469 -0.0276985168457031 -0.260940551757812 -0.14324951171875
0.0121097564697266 -0.0142812728881836 0.00759887695312501 -0.45501708984375
0.00620269775390625 0.0187568664550781 0.492950439453125 -0.456024169921875
0.00290966033935547 0.0108776092529297 0.77581787109375 0.2191162109375
0.00191116333007813 -0.0282306671142578 0.353515625 0.86798095703125
0.00951099395751953 0.00410079956054688 -0.1766357421875 0.6627197265625
0.00685882568359375 0.0127773284912109 0.00537109375 0.0834426879882813
0.0132474899291992 -0.00317573547363281 0.25189208984375 -0.5736083984375
0.0236148834228516 -0.0174160003662109 -0.30126953125 -0.88079833984375
0.0133581161499023 -0.00185775756835938 -0.81109619140625 -0.21734619140625
0.00457906723022461 -0.0001068115234375 -0.4774169921875 0.45086669921875
0.00746917724609375 -0.0207710266113281 -0.00332641601562504 0.486175537109375
-0.00376510620117188 -0.0173368453979492 0.301483154296875 0.15557861328125
-0.0097646713256836 -0.00842475891113281 0.331878662109375 -0.12823486328125
-0.00946807861328125 -0.0319099426269531 -0.290435791015625 0.15301513671875
0.0136013031005859 -0.0347766876220703 -0.259979248046875 -0.145339965820312
0.0131378173828125 -0.0210285186767578 0.01123046875 -0.4586181640625
0.0113992691040039 0.0162467956542969 0.49609375 -0.454925537109375
0.00806808471679688 0.0148763656616211 0.77197265625 0.22540283203125
0.00313377380371094 -0.0217437744140625 0.34442138671875 0.87091064453125
0.00415706634521484 0.010310173034668 -0.178955078125 0.65802001953125
-0.000928878784179688 0.0174083709716797 0.0125503540039063 0.0785980224609375
0.00727748870849609 0.0032658576965332 0.25189208984375 -0.58050537109375
0.02435302734375 -0.00999069213867188 -0.3104248046875 -0.87640380859375
0.0199413299560547 0.0003204345703125 -0.814453125 -0.20672607421875
0.0102415084838867 -0.00313568115234375 -0.471923828125 0.452911376953125
0.00837516784667969 -0.0282306671142578 0.00234985351562503 0.482177734375
-0.00551033020019531 -0.0250930786132813 0.3021240234375 0.15411376953125
-0.0103111267089844 -0.00881004333496094 0.33050537109375 -0.131134033203125
-0.00455665588378907 -0.0266742706298828 -0.3065185546875 0.139923095703125
0.0195846557617187 0.003082275390625 -0.2723388671875 -0.138748168945312
0.0113639831542969 0.00744438171386719 -0.00674438476562503 -0.459869384765625
-0.0228404998779297 0.0244350433349609 0.474639892578125 -0.472137451171875
-0.0363273620605469 -0.00488281249999999 0.7783203125 0.1815185546875
-0.016937255859375 -0.0636177062988281 0.3826904296875 0.82293701171875
0.0305423736572266 -0.0329780578613281 -0.1435546875 0.63275146484375
0.0526237487792969 -0.010955810546875 0.0250778198242188 0.0657615661621094
0.0356864929199219 -0.03741455078125 0.268798828125 -0.5828857421875
0.00693893432617188 -0.0510482788085938 -0.279052734375 -0.89093017578125
-0.02801513671875 -0.0195579528808594 -0.8011474609375 -0.24114990234375
-0.0235176086425781 0.00608062744140625 -0.483001708984375 0.4310302734375
0.00310873985290527 0.000404834747314453 -0.016754150390625 0.474365234375
0.00117206573486328 0.0153007507324219 0.28436279296875 0.15838623046875
-0.00806427001953125 -0.000916481018066408 0.310638427734375 -0.135009765625
-0.00459098815917969 -0.0269432067871094 -0.2998046875 0.14215087890625
0.0199508666992188 0.00553131103515625 -0.271484375 -0.134963989257813
0.0123233795166016 0.0100612640380859 -0.012481689453125 -0.452392578125
-0.0227622985839844 0.0263767242431641 0.469818115234375 -0.471893310546875
-0.0353965759277344 -0.00373458862304687 0.77783203125 0.1722412109375
-0.0159645080566406 -0.0631866455078125 0.3905029296875 0.8204345703125
0.0301628112792969 -0.0324497222900391 -0.14471435546875 0.64111328125
0.0518074035644531 -0.0101776123046875 0.0140609741210938 0.0745010375976563
0.0359344482421875 -0.037078857421875 0.268798828125 -0.57366943359375
0.00944137573242187 -0.050537109375 -0.26885986328125 -0.8919677734375
-0.0265026092529297 -0.0200786590576172 -0.796875 -0.252685546875
-0.0243282318115234 0.00733757019042969 -0.4892578125 0.426300048828125
0.0020291805267334 0.00294995307922363 -0.021881103515625 0.479461669921875
0.00082874298095703 0.0170230865478516 0.28533935546875 0.1611328125
-0.00811433792114258 -0.000968456268310548 0.315704345703125 -0.132904052734375
-0.0060577392578125 -0.0274906158447266 -0.29302978515625 0.14617919921875
0.0198612213134766 0.00323677062988281 -0.268264770507813 -0.133880615234375
0.0118169784545898 0.00938320159912109 -0.011260986328125 -0.450469970703125
-0.0196399688720703 0.0261325836181641 0.468994140625 -0.4686279296875
-0.0313262939453125 -0.00253677368164062 0.7777099609375 0.17657470703125
-0.0120468139648438 -0.0594635009765625 0.3907470703125 0.8275146484375
0.0281867980957031 -0.0278701782226563 -0.14892578125 0.6502685546875
0.0459213256835938 -0.00643539428710938 0.00610351562500001 0.0806198120117188
0.0348949432373047 -0.0318794250488281 0.2655029296875 -0.56683349609375
0.0118331909179688 -0.04718017578125 -0.266845703125 -0.89288330078125
-0.0221614837646484 -0.0181827545166016 -0.7974853515625 -0.25347900390625
-0.0219821929931641 0.00831413269042969 -0.489227294921875 0.43017578125
0.00148487091064453 0.00274348258972168 -0.02288818359375 0.481231689453125
0.000316619873046877 0.0149192810058594 0.286773681640625 0.16033935546875
-0.00853490829467773 -0.00133180618286133 0.319549560546875 -0.12847900390625
-0.00697898864746094 -0.0284538269042969 -0.287109375 0.14971923828125
0.0186977386474609 -0.00166893005371094 -0.264877319335938 -0.1357421875
0.0115776062011719 0.00607776641845703 -0.00659179687500004 -0.446868896484375
-0.0147190093994141 0.0257396697998047 0.47607421875 -0.46435546875
-0.0233936309814453 0.000440597534179687 0.77825927734375 0.18682861328125
-0.00825881958007813 -0.05401611328125 0.382568359375 0.8380126953125
0.0246906280517578 -0.0207538604736328 -0.156005859375 0.6556396484375
0.037017822265625 -0.00193405151367188 0.00180053710937501 0.0837249755859375
0.0303554534912109 -0.0262069702148438 0.2581787109375 -0.5675048828125
0.0154991149902344 -0.0412712097167969 -0.2763671875 -0.8858642578125
-0.0146026611328125 -0.0150051116943359 -0.8009033203125 -0.24212646484375
-0.016026496887207 0.0072479248046875 -0.48419189453125 0.43695068359375
0.00276851654052734 -0.00043797492980957 -0.0174560546875 0.48321533203125
-0.000261306762695312 0.00930500030517578 0.2906494140625 0.15960693359375
-0.00798702239990234 -0.00276565551757813 0.3226318359375 -0.127197265625
-0.00797271728515625 -0.0293197631835938 -0.283294677734375 0.152435302734375
0.0167560577392578 -0.00899982452392578 -0.261398315429688 -0.136932373046875
0.0114622116088867 -1.33514404296875E-05 -0.00262451171874999 -0.447296142578125
-0.00816154479980469 0.0243644714355469 0.479644775390625 -0.460296630859375
-0.0149021148681641 0.00364875793457031 0.77630615234375 0.1951904296875
-0.0044708251953125 -0.0465126037597656 0.37384033203125 0.847412109375
0.0206470489501953 -0.0128097534179688 -0.1636962890625 0.65936279296875
0.0271453857421875 0.00275039672851563 0.000175476074218751 0.0855789184570313
0.0253696441650391 -0.0186138153076172 0.25341796875 -0.5653076171875
0.0183258056640625 -0.0336017608642578 -0.28509521484375 -0.8843994140625
-0.00520896911621094 -0.0111598968505859 -0.8018798828125 -0.23358154296875
-0.00898075103759766 0.00533199310302734 -0.481964111328125 0.442169189453125
0.00429916381835937 -0.00588464736938477 -0.01434326171875 0.484954833984375
-0.00175881385803223 0.00175631046295166 0.294097900390625 0.157440185546875
-0.00827407836914063 -0.00428438186645508 0.3253173828125 -0.12744140625
-0.00891304016113281 -0.0310268402099609 -0.28173828125 0.1546630859375
0.0152816772460938 -0.0173797607421875 -0.259628295898437 -0.138259887695313
0.0114011764526367 -0.00738811492919922 -9.15527343749757E-05 -0.448394775390625
-0.00113105773925781 0.0212955474853516 0.4822998046875 -0.45721435546875
-0.00586223602294922 0.00675392150878906 0.77374267578125 0.2025146484375
-0.00105667114257813 -0.0379676818847656 0.3658447265625 0.8525390625
0.0147418975830078 -0.00392246246337891 -0.16925048828125 0.66131591796875
0.01715087890625 0.00783729553222656 0.00164794921875 0.0859222412109375
0.0197906494140625 -0.0109615325927734 0.250244140625 -0.56707763671875
0.0206279754638672 -0.0252418518066406 -0.2933349609375 -0.87640380859375
0.00456666946411133 -0.00661325454711914 -0.80450439453125 -0.22137451171875
-0.00163578987121582 0.00317239761352539 -0.4771728515625 0.444915771484375
0.00608539581298828 -0.0129222869873047 -0.00750732421875003 0.484405517578125
-0.00318050384521484 -0.00672817230224609 0.296661376953125 0.15545654296875
-0.00928497314453125 -0.00631141662597656 0.328765869140625 -0.128021240234375
-0.00964546203613281 -0.0305538177490234 -0.282440185546875 0.155853271484375
0.0130596160888672 -0.0275325775146484 -0.258010864257813 -0.139739990234375
0.0121173858642578 -0.0147304534912109 0.00579833984374996 -0.451995849609375
0.00645828247070313 0.0191326141357422 0.48492431640625 -0.45550537109375
0.00227260589599609 0.0111465454101562 0.770263671875 0.21160888671875
0.00197792053222656 -0.0296916961669922 0.35540771484375 0.85821533203125
0.00917148590087891 0.00449371337890625 -0.1728515625 0.66107177734375
0.007476806640625 0.0135250091552734 0.00572967529296876 0.0826873779296875
0.0128059387207031 -0.00328159332275391 0.24658203125 -0.57135009765625
0.0232620239257813 -0.0173454284667969 -0.3028564453125 -0.87091064453125
0.0129146575927734 -0.00275611877441406 -0.8070068359375 -0.2103271484375
0.00512933731079102 -0.000348567962646484 -0.469818115234375 0.4510498046875
0.0068206787109375 -0.0206069946289063 -0.00143432617187497 0.481231689453125
-0.00492191314697265 -0.0167055130004883 0.299530029296875 0.15203857421875
-0.0100317001342773 -0.00685691833496094 0.328277587890625 -0.129913330078125
-0.00941848754882812 -0.0309009552001953 -0.28533935546875 0.15362548828125
0.011993408203125 -0.0350742340087891 -0.25775146484375 -0.14190673828125
0.0127105712890625 -0.0212783813476563 0.00946044921875004 -0.456329345703125
0.0127706527709961 0.0169687271118164 0.488525390625 -0.45477294921875
0.00791645050048828 0.0138635635375977 0.76715087890625 0.21875
0.0026702880859375 -0.0219650268554688 0.34686279296875 0.8621826171875
0.0042724609375 0.0110158920288086 -0.17413330078125 0.654541015625
-0.00107288360595703 0.0174188613891602 0.0125198364257812 0.0780258178710938
0.0071263313293457 0.00327110290527344 0.24658203125 -0.57598876953125
0.0244102478027344 -0.0104522705078125 -0.31195068359375 -0.8668212890625
0.0197067260742188 0.000713348388671875 -0.8092041015625 -0.20166015625
0.0102729797363281 -0.003509521484375 -0.46685791015625 0.45086669921875
0.00775527954101562 -0.0278282165527344 0.00393676757812498 0.47821044921875
-0.00586509704589844 -0.0247306823730469 0.30120849609375 0.1512451171875
-0.00980377197265625 -0.00798702239990234 0.327056884765625 -0.132781982421875
-0.00507354736328125 -0.0256175994873047 -0.302276611328125 0.14111328125
0.0188121795654297 0.0029144287109375 -0.27020263671875 -0.136062622070312
0.0109920501708984 0.00692558288574219 -0.00979614257812495 -0.455718994140625
-0.0220165252685547 0.0250282287597656 0.46795654296875 -0.470703125
-0.0361557006835938 -0.00452423095703125 0.77337646484375 0.175537109375
-0.0172157287597656 -0.0635185241699219 0.38311767578125 0.81536865234375
0.0299396514892578 -0.0323047637939453 -0.13958740234375 0.62689208984375
0.0532455444335938 -0.0109825134277344 0.0253524780273437 0.0654983520507813
0.0347709655761719 -0.0367622375488281 0.264892578125 -0.58001708984375
0.00638961791992188 -0.0503730773925781 -0.2799072265625 -0.883544921875
-0.0273475646972656 -0.0187911987304687 -0.79534912109375 -0.235595703125
-0.0235099792480469 0.00607872009277343 -0.477752685546875 0.42938232421875
0.00273799896240234 0.000404119491577148 -0.01446533203125 0.470794677734375
0.000784873962402345 0.0152482986450195 0.282562255859375 0.15557861328125
-0.00799798965454102 -0.000293731689453124 0.307769775390625 -0.136260986328125
-0.00519752502441406 -0.0257530212402344 -0.295806884765625 0.14288330078125
0.0199604034423828 0.00555610656738281 -0.268798828125 -0.133514404296875
0.0117177963256836 0.00928974151611328 -0.01287841796875 -0.448974609375
-0.0219154357910156 0.0265369415283203 0.461273193359375 -0.470184326171875
-0.0354232788085938 -0.00382232666015625 0.77203369140625 0.1661376953125
-0.0158424377441406 -0.0630760192871094 0.3902587890625 0.8118896484375
0.0300025939941406 -0.03216552734375 -0.14093017578125 0.63836669921875
0.0517082214355469 -0.009674072265625 0.0144195556640625 0.074188232421875
0.036651611328125 -0.0364723205566406 0.26312255859375 -0.56842041015625
0.0081787109375 -0.0504722595214844 -0.267822265625 -0.88525390625
-0.0265026092529297 -0.0197219848632813 -0.7926025390625 -0.24627685546875
-0.0239276885986328 0.00744819641113281 -0.4853515625 0.424591064453125
0.00131130218505859 0.00242280960083008 -0.019500732421875 0.4742431640625
0.000789642333984376 0.0170965194702148 0.283660888671875 0.15838623046875
-0.00778436660766601 -0.000351905822753906 0.31219482421875 -0.13275146484375
-0.00640869140625 -0.027008056640625 -0.28887939453125 0.14666748046875
0.0184230804443359 0.00377464294433594 -0.26605224609375 -0.132339477539063
0.0115489959716797 0.00840950012207031 -0.013671875 -0.445648193359375
-0.0189723968505859 0.0272598266601563 0.464080810546875 -0.4683837890625
-0.0308914184570313 -0.00261878967285156 0.7734375 0.17041015625
-0.012939453125 -0.0597000122070313 0.39190673828125 0.81787109375
0.0281963348388672 -0.0269699096679688 -0.14544677734375 0.64581298828125
0.0456695556640625 -0.00650405883789063 0.006561279296875 0.080963134765625
0.0342502593994141 -0.0316562652587891 0.259765625 -0.56280517578125
0.0119056701660156 -0.0467147827148437 -0.2667236328125 -0.88421630859375
-0.0218925476074219 -0.0176544189453125 -0.79205322265625 -0.24835205078125
-0.0211544036865234 0.00845718383789063 -0.485565185546875 0.42633056640625
0.000995635986328125 0.00278878211975098 -0.02178955078125 0.477142333984375
8.86917114257803E-05 0.0156984329223633 0.284637451171875 0.157867431640625
-0.0075230598449707 -0.000407695770263671 0.315948486328125 -0.1298828125
-0.00683975219726563 -0.0278091430664063 -0.28314208984375 0.150421142578125
0.017308235168457 -0.00111675262451172 -0.262496948242188 -0.132720947265625
0.0110225677490234 0.00554466247558594 -0.00851440429687505 -0.44366455078125
-0.0147628784179687 0.0257530212402344 0.468719482421875 -0.462158203125
-0.023834228515625 -0.000507354736328123 0.77252197265625 0.17987060546875
-0.00885772705078124 -0.0542564392089844 0.38262939453125 0.82757568359375
0.0244235992431641 -0.0208091735839844 -0.15228271484375 0.6502685546875
0.0371055603027344 -0.00183486938476562 0.00199127197265625 0.0838851928710938
0.0295867919921875 -0.0258235931396484 0.2537841796875 -0.5631103515625
0.0144462585449219 -0.0408287048339844 -0.2763671875 -0.87750244140625
-0.0141983032226563 -0.0147771835327148 -0.79376220703125 -0.23773193359375
-0.0162076950073242 0.00723934173583985 -0.48101806640625 0.4344482421875
0.00224041938781738 -0.000491857528686523 -0.0150146484375 0.479766845703125
-0.000311851501464844 0.0100393295288086 0.2880859375 0.156005859375
-0.00798988342285156 -0.00175619125366211 0.32012939453125 -0.12841796875
-0.00813484191894531 -0.0288982391357422 -0.279052734375 0.153350830078125
0.0162496566772461 -0.00866889953613281 -0.259017944335938 -0.134918212890625
0.0111513137817383 -0.000402450561523437 -0.00469970703125004 -0.444061279296875
-0.00797843933105469 0.0240726470947266 0.472259521484375 -0.45751953125
-0.0148773193359375 0.00309085845947265 0.771484375 0.18756103515625
-0.00473785400390626 -0.0470466613769531 0.37408447265625 0.838134765625
0.0200119018554688 -0.0126285552978516 -0.15911865234375 0.65545654296875
0.0270595550537109 0.00299263000488281 0.000213623046875005 0.0851211547851563
0.0247516632080078 -0.0182685852050781 0.248779296875 -0.56103515625
0.0183830261230469 -0.0331840515136719 -0.2864990234375 -0.874755859375
-0.00551414489746094 -0.0112342834472656 -0.79632568359375 -0.226806640625
-0.00893306732177735 0.00557708740234375 -0.47625732421875 0.439422607421875
0.00413274765014648 -0.00568103790283203 -0.012298583984375 0.480133056640625
-0.00231719017028809 0.00185346603393555 0.291656494140625 0.154449462890625
-0.00793170928955078 -0.00366401672363281 0.322509765625 -0.128173828125
-0.009033203125 -0.0296115875244141 -0.2774658203125 0.1552734375
0.0142478942871094 -0.0176677703857422 -0.25738525390625 -0.13525390625
0.0116214752197266 -0.00716018676757813 -0.00103759765624998 -0.445281982421875
-0.000329971313476564 0.0224838256835937 0.475341796875 -0.456146240234375
-0.00607681274414063 0.00701999664306641 0.767578125 0.19744873046875
-0.00164031982421875 -0.0379638671875 0.36517333984375 0.84478759765625
0.014369010925293 -0.00389671325683594 -0.16424560546875 0.6575927734375
0.0169410705566406 0.00812149047851563 0.000671386718750003 0.0846939086914063
0.0192584991455078 -0.0107307434082031 0.24493408203125 -0.56329345703125
0.0204963684082031 -0.0247535705566406 -0.29376220703125 -0.86907958984375
0.00449514389038086 -0.00611686706542969 -0.7987060546875 -0.21630859375
-0.00240564346313477 0.0029911994934082 -0.472381591796875 0.44384765625
0.00496959686279297 -0.0129899978637695 -0.00625610351562497 0.480224609375
-0.00342702865600586 -0.00738286972045899 0.2947998046875 0.152374267578125
-0.00829029083251953 -0.00552654266357422 0.324981689453125 -0.128448486328125
-0.00972938537597656 -0.0296649932861328 -0.278533935546875 0.1556396484375
0.012908935546875 -0.0266742706298828 -0.256072998046875 -0.13763427734375
0.0115718841552734 -0.0151700973510742 0.00329589843749998 -0.44757080078125
0.00653457641601562 0.0194263458251953 0.477874755859375 -0.454071044921875
0.00169849395751953 0.0104789733886719 0.76483154296875 0.2064208984375
0.00113677978515625 -0.0295467376708984 0.35748291015625 0.849853515625
0.00924205780029297 0.00417423248291016 -0.16729736328125 0.6561279296875
0.00724315643310547 0.0137100219726563 0.00604248046875 0.08282470703125
0.0123329162597656 -0.00258541107177734 0.24285888671875 -0.56719970703125
0.0226459503173828 -0.017303466796875 -0.3048095703125 -0.8624267578125
0.0130681991577148 -0.00245952606201172 -0.79986572265625 -0.2064208984375
0.00491523742675781 -0.000308036804199219 -0.46624755859375 0.446380615234375
0.006317138671875 -0.0201950073242188 0.000854492187500013 0.4764404296875
-0.00446128845214844 -0.0166444778442383 0.297271728515625 0.14971923828125
-0.00953865051269531 -0.00621795654296875 0.32476806640625 -0.1302490234375
-0.00980758666992188 -0.0295791625976563 -0.28125 0.154754638671875
0.0115375518798828 -0.0344963073730469 -0.25543212890625 -0.139923095703125
0.0120944976806641 -0.0217800140380859 0.00759887695312504 -0.4521484375
0.0124835968017578 0.0171260833740234 0.4820556640625 -0.452545166015625
0.00741100311279297 0.0136260986328125 0.76239013671875 0.2127685546875
0.00178146362304687 -0.0229377746582031 0.34765625 0.8533935546875
0.00408172607421875 0.0107526779174805 -0.1697998046875 0.6488037109375
-0.000658988952636719 0.0173807144165039 0.01239013671875 0.0773468017578125
0.00795793533325195 0.00347423553466797 0.2437744140625 -0.571044921875
0.0240116119384766 -0.0102214813232422 -0.31304931640625 -0.8612060546875
0.020172119140625 0.000516891479492188 -0.8031005859375 -0.19744873046875
0.0102853775024414 -0.00331401824951172 -0.46075439453125 0.448760986328125
0.00719642639160156 -0.0277748107910156 0.00521850585937496 0.47332763671875
-0.0058135986328125 -0.0235671997070313 0.298126220703125 0.148162841796875
-0.00962257385253906 -0.00684547424316406 0.323822021484375 -0.133087158203125
-0.00537681579589844 -0.0247993469238281 -0.298431396484375 0.140869140625
0.0180644989013672 0.00372886657714844 -0.268096923828125 -0.13409423828125
0.0109138488769531 0.00644874572753906 -0.010009765625 -0.45294189453125
-0.0213832855224609 0.0251731872558594 0.46209716796875 -0.4697265625
-0.0366172790527344 -0.00481796264648437 0.7674560546875 0.16943359375
-0.0180091857910156 -0.0639877319335938 0.38238525390625 0.8070068359375
0.0297508239746094 -0.0325107574462891 -0.1370849609375 0.62237548828125
0.0528221130371094 -0.010101318359375 0.0249443054199219 0.0653190612792969
0.0348434448242188 -0.0361442565917969 0.2613525390625 -0.57537841796875
0.0064544677734375 -0.0493316650390625 -0.27935791015625 -0.87530517578125
-0.0268096923828125 -0.0190601348876953 -0.79095458984375 -0.231201171875
-0.0230712890625 0.00623321533203125 -0.4755859375 0.4256591796875
0.00211918354034424 0.000426411628723145 -0.013031005859375 0.467193603515625
0.000452995300292968 0.0156517028808594 0.280471801757813 0.153045654296875
-0.00762319564819336 0.000889778137207033 0.3055419921875 -0.13616943359375
-0.00538444519042969 -0.0246353149414063 -0.2919921875 0.143768310546875
0.018157958984375 0.00577545166015625 -0.267440795898438 -0.131027221679687
0.0111970901489258 0.00952720642089844 -0.01605224609375 -0.444854736328125
-0.0212478637695312 0.0270271301269531 0.45635986328125 -0.46875
-0.0350017547607422 -0.00390243530273437 0.76708984375 0.1634521484375
-0.0163154602050781 -0.0632820129394531 0.3892822265625 0.80694580078125
0.0296249389648438 -0.0311241149902344 -0.13836669921875 0.63226318359375
0.0518569946289062 -0.00886154174804687 0.014434814453125 0.0742340087890625
0.035675048828125 -0.035980224609375 0.26226806640625 -0.56524658203125
0.00853729248046876 -0.049468994140625 -0.26837158203125 -0.87786865234375
-0.0258808135986328 -0.0192356109619141 -0.7864990234375 -0.2435302734375
-0.0232925415039062 0.00729179382324219 -0.4810791015625 0.42376708984375
0.000626325607299805 0.00292849540710449 -0.018157958984375 0.469696044921875
0.00092315673828125 0.0171003341674805 0.280441284179688 0.155899047851563
-0.00704097747802734 0.000337600708007812 0.30902099609375 -0.13299560546875
-0.00647735595703125 -0.0254592895507813 -0.284820556640625 0.14739990234375
0.0179023742675781 0.00326347351074219 -0.264175415039063 -0.12982177734375
0.0113544464111328 0.00811672210693359 -0.013671875 -0.44317626953125
-0.0186805725097656 0.0270557403564453 0.4581298828125 -0.466217041015625
-0.0307941436767578 -0.00274848937988282 0.76727294921875 0.16510009765625
-0.0130767822265625 -0.0598869323730469 0.39068603515625 0.81170654296875
0.0272560119628906 -0.0267562866210937 -0.14154052734375 0.64227294921875
0.0457954406738281 -0.005706787109375 0.00639343261718749 0.0808486938476563
0.0340003967285156 -0.0308303833007812 0.258270263671875 -0.558837890625
0.011627197265625 -0.0461997985839844 -0.26629638671875 -0.87640380859375
-0.0217189788818359 -0.0175495147705078 -0.78753662109375 -0.24542236328125
-0.0209121704101563 0.00834274291992188 -0.48223876953125 0.425079345703125
0.000707626342773437 0.00296211242675781 -0.01983642578125 0.473388671875
-0.000589370727539062 0.0153532028198242 0.282501220703125 0.156005859375
-0.00696754455566406 0.000144481658935546 0.313262939453125 -0.129058837890625
-0.0073394775390625 -0.0267181396484375 -0.279739379882813 0.1513671875
0.0171127319335938 -0.00133323669433594 -0.260528564453125 -0.130828857421875
0.0109691619873047 0.00548648834228516 -0.009033203125 -0.43975830078125
-0.0134792327880859 0.0262107849121094 0.462921142578125 -0.4609375
-0.0240726470947266 -0.000360488891601562 0.7655029296875 0.17547607421875
-0.00919342041015625 -0.0538406372070312 0.38323974609375 0.8223876953125
0.0245647430419922 -0.0200271606445312 -0.14990234375 0.6463623046875
0.0375404357910156 -0.00133514404296875 0.0026702880859375 0.0836029052734375
0.0299911499023438 -0.0257015228271484 0.250885009765625 -0.558868408203125
0.014404296875 -0.0398101806640625 -0.275634765625 -0.8709716796875
-0.014460563659668 -0.0146703720092773 -0.7891845703125 -0.233642578125
-0.0156574249267578 0.00745487213134766 -0.4769287109375 0.431671142578125
0.00198554992675781 -0.000310540199279785 -0.015594482421875 0.475616455078125
-0.000833511352539062 0.00981712341308594 0.285980224609375 0.15325927734375
-0.00742864608764649 -0.00107002258300781 0.317291259765625 -0.128936767578125
-0.00785255432128906 -0.0280838012695313 -0.275161743164063 0.153594970703125
0.0146732330322266 -0.00830841064453125 -0.257568359375 -0.132369995117188
0.0108709335327148 -2.47955322265625E-05 -0.00601196289062498 -0.44091796875
-0.00794601440429688 0.0241298675537109 0.466094970703125 -0.456512451171875
-0.0154848098754883 0.00231647491455078 0.7645263671875 0.1851806640625
-0.00537872314453125 -0.0465774536132813 0.37518310546875 0.8316650390625
0.0196266174316406 -0.0120029449462891 -0.15631103515625 0.65130615234375
0.0276508331298828 0.00359153747558594 0.000228881835937498 0.084930419921875
0.0244178771972656 -0.0181961059570313 0.246124267578125 -0.558013916015625
0.0177288055419922 -0.0331478118896484 -0.2855224609375 -0.86669921875
-0.00477313995361328 -0.0103645324707031 -0.79168701171875 -0.22479248046875
-0.00902652740478516 0.00517749786376953 -0.473876953125 0.437042236328125
0.00322866439819336 -0.00569009780883789 -0.010955810546875 0.476348876953125
-0.00222325325012207 0.00231742858886719 0.2891845703125 0.152130126953125
-0.00790786743164063 -0.00280857086181641 0.319732666015625 -0.1282958984375
-0.00882911682128906 -0.0287990570068359 -0.274276733398438 0.155563354492188
0.0135688781738281 -0.0174465179443359 -0.254653930664063 -0.133987426757813
0.0109052658081055 -0.00785923004150391 -0.00308227539062501 -0.441162109375
0.000286102294921873 0.0223541259765625 0.470062255859375 -0.4547119140625
-0.00630426406860352 0.00667476654052734 0.76287841796875 0.1910400390625
-0.00170516967773438 -0.0390205383300781 0.3658447265625 0.836181640625
0.0144948959350586 -0.00372028350830078 -0.16168212890625 0.6522216796875
0.0178966522216797 0.00930595397949219 0.00122833251953126 0.0846633911132813
0.0187397003173828 -0.0105113983154297 0.24212646484375 -0.557769775390625
0.0203208923339844 -0.0253562927246094 -0.29443359375 -0.8603515625
0.00506305694580078 -0.00634288787841797 -0.7935791015625 -0.2139892578125
-0.00152254104614258 0.00284695625305176 -0.46905517578125 0.44012451171875
0.00434970855712891 -0.013005256652832 -0.00424194335937501 0.474853515625
-0.00376987457275391 -0.00616264343261719 0.291961669921875 0.15069580078125
-0.00824165344238281 -0.00425243377685547 0.322509765625 -0.129150390625
-0.010040283203125 -0.0291748046875 -0.274337768554688 0.156021118164062
0.0114974975585937 -0.0264167785644531 -0.253921508789063 -0.135223388671875
0.0116863250732422 -0.0152139663696289 0.00167846679687495 -0.444671630859375
0.0071258544921875 0.0192909240722656 0.472412109375 -0.4521484375
0.001708984375 0.00977420806884766 0.7586669921875 0.2017822265625
0.000568389892578125 -0.0303325653076172 0.358154296875 0.84320068359375
0.00888156890869141 0.00478267669677734 -0.1644287109375 0.65216064453125
0.00808906555175781 0.0146217346191406 0.00531005859374999 0.0826950073242188
0.0125455856323242 -0.00294303894042969 0.2396240234375 -0.5609130859375
0.0223541259765625 -0.0165958404541016 -0.3037109375 -0.85546875
0.0131072998046875 -0.00288105010986328 -0.7955322265625 -0.20330810546875
0.00544643402099609 -0.000704288482666016 -0.4622802734375 0.44476318359375
0.00551795959472656 -0.0201435089111328 0.00131225585937495 0.472503662109375
-0.00488853454589844 -0.0156736373901367 0.2945556640625 0.147674560546875
-0.00814676284790039 -0.0048513412475586 0.321990966796875 -0.1312255859375
-0.0101318359375 -0.0290241241455078 -0.27801513671875 0.154876708984375
0.0103015899658203 -0.0342617034912109 -0.253997802734375 -0.13726806640625
0.0120410919189453 -0.0216407775878906 0.00558471679687497 -0.4493408203125
0.0130395889282227 0.0174951553344727 0.476898193359375 -0.450469970703125
0.00773334503173828 0.0131750106811523 0.75543212890625 0.2088623046875
0.00142478942871094 -0.0229072570800781 0.34918212890625 0.8463134765625
0.00467777252197266 0.0110893249511719 -0.1666259765625 0.64532470703125
9.7274780273438E-05 0.0183868408203125 0.0124740600585937 0.0773239135742188
0.00754499435424805 0.003204345703125 0.23968505859375 -0.56744384765625
0.0238170623779297 -0.00995445251464844 -0.311767578125 -0.8514404296875
0.0195789337158203 -5.7220458984375E-06 -0.79840087890625 -0.1939697265625
0.0104026794433594 -0.00369453430175781 -0.45733642578125 0.444854736328125
0.00663948059082032 -0.0268383026123047 0.00625610351562498 0.468505859375
-0.00658988952636719 -0.0236358642578125 0.29571533203125 0.14508056640625
-0.00881290435791016 -0.00571250915527344 0.319671630859375 -0.133453369140625
-0.00559806823730469 -0.0236740112304687 -0.295501708984375 0.1407470703125
0.0168294906616211 0.00430202484130859 -0.265457153320313 -0.13226318359375
0.0109996795654297 0.00633335113525391 -0.00994873046875001 -0.450286865234375
-0.020751953125 0.0255870819091797 0.45843505859375 -0.465850830078125
-0.036346435546875 -0.00438308715820313 0.76202392578125 0.16839599609375
-0.0189094543457031 -0.0641708374023438 0.38433837890625 0.80194091796875
0.0298938751220703 -0.0309867858886719 -0.13519287109375 0.61895751953125
0.0527801513671875 -0.009521484375 0.02557373046875 0.0641326904296875
0.0344734191894531 -0.0359039306640625 0.2589111328125 -0.57086181640625
0.00650405883789063 -0.0495834350585938 -0.27691650390625 -0.8702392578125
-0.0265369415283203 -0.0184345245361328 -0.786865234375 -0.23065185546875
-0.0222263336181641 0.00564002990722656 -0.47210693359375 0.423583984375
0.00129842758178711 1.49011611938477E-05 -0.014434814453125 0.46429443359375
0.000448226928710937 0.0153312683105469 0.279052734375 0.152206420898438
-0.00642919540405273 0.00115966796875 0.303375244140625 -0.136566162109375
-0.00553131103515625 -0.0240592956542969 -0.289337158203125 0.14361572265625
0.0181713104248047 0.00519561767578125 -0.264923095703125 -0.129150390625
0.0113000869750977 0.00885677337646485 -0.015411376953125 -0.4432373046875
-0.0203819274902344 0.0267524719238281 0.451873779296875 -0.46502685546875
-0.0356216430664063 -0.00458526611328125 0.76068115234375 0.16015625
-0.0172271728515625 -0.0628585815429688 0.390625 0.80084228515625
0.029510498046875 -0.0310516357421875 -0.136962890625 0.62921142578125
0.0514183044433594 -0.00896072387695313 0.0145492553710937 0.0736083984375
0.0352935791015625 -0.0351409912109375 0.26025390625 -0.561065673828125
0.00811004638671875 -0.0491180419921875 -0.26708984375 -0.872802734375
-0.0252456665039062 -0.0192184448242187 -0.783935546875 -0.2410888671875
-0.0232772827148438 0.00822067260742188 -0.47784423828125 0.419891357421875
0.000818729400634766 0.00304579734802246 -0.01800537109375 0.466888427734375
0.000909805297851561 0.0174827575683594 0.278060913085938 0.154708862304688
-0.00644683837890625 0.00133228302001953 0.306549072265625 -0.133056640625
-0.00649452209472656 -0.02398681640625 -0.28271484375 0.147613525390625
0.0175056457519531 0.00351524353027344 -0.26153564453125 -0.127838134765625
0.01104736328125 0.00811767578125 -0.014007568359375 -0.439208984375
-0.0178985595703125 0.0274410247802734 0.45330810546875 -0.463226318359375
-0.0311946868896484 -0.00249290466308593 0.76190185546875 0.1629638671875
-0.0139236450195312 -0.0600242614746094 0.3892822265625 0.80535888671875
0.0278759002685547 -0.0268135070800781 -0.13970947265625 0.636474609375
0.0460281372070313 -0.0055999755859375 0.00614929199218749 0.0804824829101562
0.0332965850830078 -0.0306835174560547 0.255218505859375 -0.55450439453125
0.0114974975585938 -0.0451278686523438 -0.26470947265625 -0.8717041015625
-0.0211315155029297 -0.0174808502197266 -0.78326416015625 -0.24212646484375
-0.0210247039794922 0.00864791870117188 -0.4791259765625 0.422210693359375
0.000535726547241211 0.00321269035339355 -0.02032470703125 0.4710693359375
-0.000202178955078124 0.0152349472045898 0.280105590820313 0.15447998046875
-0.00701284408569336 0.000747203826904297 0.311248779296875 -0.12994384765625
-0.00728225708007812 -0.0256843566894531 -0.275909423828125 0.151046752929688
0.0165805816650391 -0.000885009765625 -0.257781982421875 -0.1297607421875
0.0112543106079102 0.00501346588134766 -0.00982666015625002 -0.437896728515625
-0.0132102966308594 0.0267238616943359 0.457855224609375 -0.457763671875
-0.0241584777832031 -0.000789642333984372 0.76019287109375 0.1729736328125
-0.00933074951171875 -0.0543632507324219 0.38360595703125 0.81640625
0.0243816375732422 -0.0191555023193359 -0.14678955078125 0.6424560546875
0.0375442504882813 -0.0011749267578125 0.00178527832031251 0.0834503173828125
0.0297584533691406 -0.0248661041259766 0.250213623046875 -0.554351806640625
0.0148544311523438 -0.0399513244628906 -0.27618408203125 -0.86492919921875
-0.0135002136230469 -0.0139999389648437 -0.78594970703125 -0.23028564453125
-0.0152864456176758 0.00707244873046875 -0.473358154296875 0.42889404296875
0.000835061073303223 -0.000238716602325439 -0.014862060546875 0.472198486328125
-0.00130748748779297 0.0107383728027344 0.283843994140625 0.15228271484375
-0.00733089447021484 -0.00060558319091797 0.315460205078125 -0.128326416015625
-0.0082855224609375 -0.0266685485839844 -0.272293090820313 0.15374755859375
0.0146589279174805 -0.008819580078125 -0.254623413085938 -0.130828857421875
0.0105819702148438 -0.00064849853515625 -0.00503540039062495 -0.438568115234375
-0.00640106201171875 0.024810791015625 0.46160888671875 -0.45281982421875
-0.0160646438598633 0.00297737121582032 0.7603759765625 0.1827392578125
-0.00664138793945313 -0.0471038818359375 0.37384033203125 0.8258056640625
0.0196208953857422 -0.0112323760986328 -0.1544189453125 0.646240234375
0.0278759002685547 0.00397872924804688 0.000335693359374993 0.0850143432617188
0.0243473052978516 -0.0176868438720703 0.24407958984375 -0.553375244140625
0.0171852111816406 -0.0324935913085938 -0.2828369140625 -0.8619384765625
-0.00451087951660156 -0.0105800628662109 -0.787109375 -0.2230224609375
-0.00865411758422851 0.00531387329101563 -0.4708251953125 0.435302734375
0.00208806991577148 -0.00535106658935547 -0.010772705078125 0.473968505859375
-0.00199246406555176 0.00239300727844238 0.287139892578125 0.150726318359375
-0.00735235214233399 -0.00211715698242187 0.316986083984375 -0.12774658203125
-0.00937843322753906 -0.0277214050292969 -0.270980834960938 0.1551513671875
0.0125217437744141 -0.0172901153564453 -0.253204345703125 -0.132232666015625
0.0110855102539063 -0.00805377960205078 -0.00204467773437501 -0.438629150390625
0.000608444213867186 0.0220069885253906 0.465362548828125 -0.451171875
-0.00663566589355469 0.00619411468505859 0.755859375 0.18963623046875
-0.00251007080078125 -0.0392112731933594 0.364501953125 0.83135986328125
0.0145463943481445 -0.00298309326171875 -0.15869140625 0.64801025390625
0.0178089141845703 0.00938034057617188 0.00110626220703125 0.08514404296875
0.0187282562255859 -0.0103874206542969 0.23992919921875 -0.5557861328125
0.0201454162597656 -0.0240764617919922 -0.29150390625 -0.85540771484375
0.00536346435546875 -0.00644540786743164 -0.7891845703125 -0.211669921875
-0.000789403915405273 0.00314784049987793 -0.465576171875 0.437835693359375
0.00366592407226563 -0.0123805999755859 -0.00634765625000005 0.47186279296875
-0.0036001205444336 -0.00670909881591797 0.290191650390625 0.14910888671875
-0.00768852233886719 -0.00353145599365234 0.319122314453125 -0.1290283203125
-0.0103473663330078 -0.0276622772216797 -0.271636962890625 0.15673828125
0.0108890533447266 -0.0262126922607422 -0.251266479492188 -0.133895874023438
0.0111684799194336 -0.0156373977661133 0.00103759765625003 -0.44146728515625
0.00782585144042969 0.0195980072021484 0.46710205078125 -0.448944091796875
0.00105762481689453 0.00971603393554688 0.75299072265625 0.19927978515625
-0.00025367736816406 -0.0309200286865234 0.3575439453125 0.83673095703125
0.00915908813476563 0.00483512878417969 -0.1632080078125 0.6473388671875
0.00750732421875 0.0148334503173828 0.0053558349609375 0.0820083618164063
0.0120067596435547 -0.00227928161621094 0.23828125 -0.557342529296875
0.0223178863525391 -0.0164108276367187 -0.30108642578125 -0.84967041015625
0.0138044357299805 -0.00329303741455078 -0.7904052734375 -0.20111083984375
0.00562381744384766 -0.000261306762695313 -0.460784912109375 0.440643310546875
0.00495719909667969 -0.0201568603515625 0.000701904296875044 0.469024658203125
-0.00547504425048828 -0.0148372650146484 0.292266845703125 0.145751953125
-0.00799131393432617 -0.00399303436279297 0.319366455078125 -0.130584716796875
-0.00984764099121094 -0.027740478515625 -0.274871826171875 0.154769897460938
0.00957870483398438 -0.0335903167724609 -0.250900268554688 -0.135711669921875
0.0111789703369141 -0.0214767456054688 0.00524902343749996 -0.4456787109375
0.0139789581298828 0.0177364349365234 0.470977783203125 -0.446929931640625
0.00743389129638672 0.0125627517700195 0.75091552734375 0.2060546875
0.0009918212890625 -0.0242748260498047 0.34808349609375 0.8399658203125
0.00467777252197266 0.0113210678100586 -0.1634521484375 0.64166259765625
0.000501632690429688 0.0182914733886719 0.0124282836914062 0.0776596069335937
0.00678396224975586 0.00394821166992188 0.23785400390625 -0.56365966796875
0.0236454010009766 -0.0100135803222656 -0.31060791015625 -0.84613037109375
0.0200347900390625 0.000431060791015625 -0.7950439453125 -0.1915283203125
0.0104217529296875 -0.00407600402832031 -0.454437255859375 0.443359375
0.00575828552246094 -0.0270252227783203 0.00656127929687496 0.46539306640625
-0.00703239440917969 -0.0226287841796875 0.29388427734375 0.144195556640625
-0.00807476043701172 -0.00565433502197266 0.3177490234375 -0.133514404296875
-0.00543403625488281 -0.0228843688964844 -0.2930908203125 0.1407470703125
0.0162239074707031 0.00424861907958984 -0.263763427734375 -0.131454467773438
0.0107860565185547 0.00563430786132813 -0.00946044921874996 -0.44683837890625
-0.0206146240234375 0.0256824493408203 0.4549560546875 -0.463531494140625
-0.036712646484375 -0.00513076782226563 0.75677490234375 0.16632080078125
-0.0188941955566406 -0.0637092590332031 0.379638671875 0.797607421875
0.0298175811767578 -0.0307865142822266 -0.134521484375 0.61517333984375
0.0535621643066406 -0.0085296630859375 0.0249748229980469 0.0647087097167969
0.0344085693359375 -0.0354690551757813 0.2586669921875 -0.5675048828125
0.00646209716796875 -0.0486030578613281 -0.27490234375 -0.86566162109375
-0.0260906219482422 -0.0182704925537109 -0.78240966796875 -0.22845458984375
-0.0225353240966797 0.00563812255859375 -0.470794677734375 0.420379638671875
0.000840544700622559 0.000727593898773193 -0.013336181640625 0.460479736328125
0.000149726867675781 0.0158481597900391 0.27587890625 0.151168823242188
-0.00592470169067383 0.00209856033325195 0.301300048828125 -0.13531494140625
-0.00517463684082031 -0.0227012634277344 -0.286895751953125 0.144195556640625
0.0172224044799805 0.00590229034423828 -0.262954711914063 -0.12890625
0.010371208190918 0.00811100006103516 -0.014678955078125 -0.44146728515625
-0.0204372406005859 0.0274028778076172 0.448486328125 -0.462890625
-0.03533935546875 -0.00508117675781251 0.75714111328125 0.15826416015625
-0.0173530578613281 -0.0640373229980469 0.38763427734375 0.79541015625
0.0289058685302734 -0.0301704406738281 -0.13427734375 0.62493896484375
0.0517616271972656 -0.00799179077148438 0.0141143798828125 0.0736465454101563
0.03564453125 -0.0344657897949219 0.25927734375 -0.55731201171875
0.008392333984375 -0.0486526489257813 -0.263671875 -0.8660888671875
-0.0251388549804688 -0.0195407867431641 -0.7799072265625 -0.24029541015625
-0.0223789215087891 0.00718307495117188 -0.477264404296875 0.417510986328125
-0.00034785270690918 0.00307035446166992 -0.019683837890625 0.464080810546875
0.0004730224609375 0.0169878005981445 0.2762451171875 0.153579711914063
-0.00585460662841797 0.00250387191772461 0.305328369140625 -0.133758544921875
-0.00667190551757812 -0.0238285064697266 -0.2796630859375 0.147552490234375
0.0166158676147461 0.00433921813964844 -0.259857177734375 -0.127517700195313
0.0110902786254883 0.00780200958251953 -0.013458251953125 -0.43768310546875
-0.0167789459228516 0.0277595520019531 0.448944091796875 -0.459808349609375
-0.0311107635498047 -0.00250625610351562 0.759033203125 0.1611328125
-0.0139350891113281 -0.0599517822265625 0.3890380859375 0.801513671875
0.0275402069091797 -0.0252189636230469 -0.1378173828125 0.63330078125
0.0460243225097656 -0.00438690185546875 0.00530242919921875 0.0800552368164063
0.0332145690917969 -0.0304031372070313 0.255218505859375 -0.551605224609375
0.0114707946777344 -0.045135498046875 -0.263916015625 -0.86590576171875
-0.0205802917480469 -0.0176792144775391 -0.7808837890625 -0.2413330078125
-0.0205459594726563 0.00815391540527344 -0.477325439453125 0.419586181640625
-7.62939453125003E-05 0.00367259979248047 -0.020263671875 0.467193603515625
-0.000492095947265625 0.0159130096435547 0.277557373046875 0.153274536132813
-0.00660896301269531 0.00238466262817383 0.309051513671875 -0.129791259765625
-0.0071563720703125 -0.0252780914306641 -0.27398681640625 0.150314331054688
0.0156755447387695 -0.000965118408203125 -0.25555419921875 -0.128341674804687
0.0103931427001953 0.00431728363037109 -0.00988769531249998 -0.434967041015625
-0.0129642486572266 0.0267620086669922 0.455413818359375 -0.4549560546875
-0.0245304107666016 -0.00056648254394531 0.7568359375 0.17218017578125
-0.0102005004882812 -0.054534912109375 0.38092041015625 0.81365966796875
0.0240612030029297 -0.0189952850341797 -0.147705078125 0.63922119140625
0.0378837585449219 0.00028228759765625 0.00187683105468751 0.0831375122070313
0.0293998718261719 -0.0241966247558594 0.24786376953125 -0.5504150390625
0.0142593383789063 -0.0394172668457031 -0.27252197265625 -0.8609619140625
-0.0131387710571289 -0.0141115188598633 -0.781494140625 -0.23004150390625
-0.0155553817749023 0.00702095031738281 -0.472747802734375 0.42608642578125
0.00081324577331543 0.00015568733215332 -0.015594482421875 0.46954345703125
-0.00115966796875 0.010584831237793 0.28192138671875 0.151214599609375
-0.00630092620849609 0.00014972686767578 0.31231689453125 -0.12884521484375
-0.00826072692871094 -0.0258445739746094 -0.269973754882813 0.15301513671875
0.0134096145629883 -0.00805091857910156 -0.252761840820313 -0.130340576171875
0.0104751586914063 -0.000902175903320313 -0.00518798828125002 -0.435150146484375
-0.00628280639648438 0.0248031616210937 0.459075927734375 -0.450042724609375
-0.0156488418579102 0.00205039978027344 0.755126953125 0.18218994140625
-0.00596237182617188 -0.0473442077636719 0.37200927734375 0.81982421875
0.0190887451171875 -0.0111541748046875 -0.15252685546875 0.641845703125
0.0280570983886719 0.00440788269042969 7.62939453125777E-06 0.0846939086914063
0.0244083404541016 -0.0174503326416016 0.243194580078125 -0.5496826171875
0.0172615051269531 -0.0325393676757813 -0.281005859375 -0.85577392578125
-0.00370025634765625 -0.0104007720947266 -0.7830810546875 -0.2215576171875
-0.00852680206298828 0.00538921356201172 -0.470245361328125 0.4302978515625
0.00242042541503906 -0.00549793243408203 -0.010955810546875 0.46978759765625
-0.00222921371459961 0.00293803215026856 0.28533935546875 0.1494140625
-0.00632667541503906 -0.00139045715332031 0.314666748046875 -0.1285400390625
-0.00892448425292969 -0.0262031555175781 -0.268280029296875 0.155105590820313
0.0114517211914063 -0.0168266296386719 -0.251205444335938 -0.131744384765625
0.0108451843261719 -0.00767421722412109 -0.00201416015624998 -0.436614990234375
0.00153923034667969 0.0220832824707031 0.462249755859375 -0.447235107421875
-0.00677585601806641 0.00581979751586914 0.75250244140625 0.1884765625
-0.0029296875 -0.0393257141113281 0.3646240234375 0.8270263671875
0.0138559341430664 -0.00290393829345703 -0.15765380859375 0.64459228515625
0.0181694030761719 0.00992012023925781 0.000671386718750002 0.0850601196289063
0.017913818359375 -0.00963211059570313 0.239501953125 -0.5511474609375
0.0199050903320313 -0.0244598388671875 -0.28973388671875 -0.8509521484375
0.00560283660888672 -0.00600004196166992 -0.78564453125 -0.2120361328125
-0.000922918319702148 0.00253415107727051 -0.464630126953125 0.43585205078125
0.00341033935546875 -0.0124168395996094 -0.00610351562500005 0.46923828125
-0.00425624847412109 -0.00591325759887695 0.2890625 0.14739990234375
-0.00707530975341797 -0.00250101089477539 0.317291259765625 -0.12884521484375
-0.00997161865234375 -0.0264263153076172 -0.2685546875 0.1556396484375
0.0100688934326172 -0.0260429382324219 -0.249237060546875 -0.132904052734375
0.0102472305297852 -0.0156211853027344 0.00173950195312504 -0.439117431640625
0.00805854797363281 0.0201206207275391 0.464508056640625 -0.44659423828125
0.00158500671386719 0.0095062255859375 0.7490234375 0.19720458984375
-0.000797271728515625 -0.0306415557861328 0.3558349609375 0.83270263671875
0.00895404815673828 0.00475311279296875 -0.1605224609375 0.64349365234375
0.00792407989501953 0.0148897171020508 0.00564575195312501 0.0819473266601563
0.0125436782836914 -0.00223350524902344 0.236358642578125 -0.555328369140625
0.021942138671875 -0.0163784027099609 -0.2974853515625 -0.84490966796875
0.0135946273803711 -0.00319385528564453 -0.78631591796875 -0.20111083984375
0.00551986694335938 -0.000538349151611328 -0.4599609375 0.4383544921875
0.00456428527832031 -0.0199031829833984 -9.15527343749896E-05 0.466033935546875
-0.0056304931640625 -0.0149345397949219 0.290191650390625 0.1446533203125
-0.00739812850952148 -0.00365400314331055 0.3172607421875 -0.130828857421875
-0.0100574493408203 -0.0267505645751953 -0.271987915039062 0.154861450195313
0.00864219665527344 -0.032745361328125 -0.249496459960937 -0.135040283203125
0.0111160278320313 -0.0219955444335938 0.00634765625 -0.44317626953125
0.01409912109375 0.0177555084228516 0.469635009765625 -0.445526123046875
0.006866455078125 0.0127372741699219 0.7459716796875 0.20379638671875
0.000583648681640626 -0.0241603851318359 0.347900390625 0.834716796875
0.00432395935058594 0.0111112594604492 -0.16119384765625 0.63702392578125
0.000213623046875002 0.0190486907958984 0.01239013671875 0.07757568359375
0.00658655166625977 0.00391149520874023 0.236083984375 -0.56005859375
0.0231723785400391 -0.0100727081298828 -0.308837890625 -0.8409423828125
0.0206356048583984 0.0002899169921875 -0.7908935546875 -0.19110107421875
0.010228157043457 -0.00449466705322266 -0.45318603515625 0.43914794921875
0.00591468811035156 -0.0268020629882812 0.0062255859375 0.463134765625
-0.00718498229980469 -0.0222339630126953 0.291473388671875 0.142730712890625
-0.00780296325683594 -0.00476741790771484 0.315399169921875 -0.133087158203125
-0.00559425354003906 -0.0216808319091797 -0.291259765625 0.14117431640625
0.0164318084716797 0.00460720062255859 -0.261810302734375 -0.131271362304687
0.00960445404052734 0.00542163848876953 -0.00866699218750004 -0.445068359375
-0.01947021484375 0.0264225006103516 0.45306396484375 -0.460540771484375
-0.03717041015625 -0.00561141967773438 0.75341796875 0.16778564453125
-0.0199356079101563 -0.0642433166503906 0.3785400390625 0.79559326171875
0.0300769805908203 -0.0298252105712891 -0.135009765625 0.613037109375
0.053497314453125 -0.0082550048828125 0.0240211486816406 0.064788818359375
0.0340042114257813 -0.0345058441162109 0.2596435546875 -0.56396484375
0.00646209716796875 -0.0481071472167969 -0.2723388671875 -0.862548828125
-0.0255451202392578 -0.0189666748046875 -0.78173828125 -0.229736328125
-0.0225086212158203 0.00528144836425781 -0.471527099609375 0.41839599609375
0.000340521335601807 0.000582337379455566 -0.014862060546875 0.458709716796875
-0.000792503356933593 0.0162782669067383 0.274871826171875 0.150253295898438
-0.00557756423950195 0.00262212753295899 0.300079345703125 -0.13629150390625
-0.00589752197265625 -0.02215576171875 -0.284637451171875 0.14349365234375
0.0169153213500977 0.00638008117675781 -0.260833740234375 -0.128814697265625
0.0103750228881836 0.00751209259033203 -0.013153076171875 -0.43878173828125
-0.0199184417724609 0.0275955200195313 0.447418212890625 -0.461395263671875
-0.0362548828125 -0.00466537475585937 0.7528076171875 0.15966796875
-0.0178756713867187 -0.0636367797851562 0.3839111328125 0.79425048828125
0.0297107696533203 -0.0300254821777344 -0.135009765625 0.6219482421875
0.0523567199707031 -0.00806808471679688 0.0142288208007813 0.07403564453125
0.0348739624023438 -0.0337123870849609 0.25823974609375 -0.554534912109375
0.00888824462890625 -0.0481796264648437 -0.259765625 -0.8660888671875
-0.0243873596191406 -0.0192413330078125 -0.7774658203125 -0.2418212890625
-0.0234451293945312 0.00724601745605469 -0.4783935546875 0.413970947265625
-0.000759363174438476 0.00345778465270996 -0.020233154296875 0.46185302734375
-0.000114440917968749 0.0179634094238281 0.275238037109375 0.153488159179688
-0.00570583343505859 0.00273227691650391 0.304351806640625 -0.1328125
-0.00667762756347656 -0.0224189758300781 -0.27734375 0.146240234375
0.0163745880126953 0.00444793701171875 -0.258392333984375 -0.127365112304687
0.0103702545166016 0.00746059417724609 -0.012237548828125 -0.435791015625
-0.0171585083007812 0.0277500152587891 0.44708251953125 -0.456878662109375
-0.03143310546875 -0.00284576416015625 0.7528076171875 0.16180419921875
-0.0141448974609375 -0.0605545043945312 0.38714599609375 0.79949951171875
0.0273113250732422 -0.0251617431640625 -0.13946533203125 0.63116455078125
0.0466194152832031 -0.00389480590820313 0.005584716796875 0.0802383422851563
0.0336189270019531 -0.0295276641845703 0.256195068359375 -0.5482177734375
0.011810302734375 -0.0447845458984375 -0.25921630859375 -0.86346435546875
-0.0204830169677734 -0.0174942016601563 -0.77642822265625 -0.24176025390625
-0.0202999114990234 0.00757026672363282 -0.478302001953125 0.4180908203125
-0.00057077407836914 0.00349950790405273 -0.0208740234375 0.4647216796875
-0.000408172607421875 0.0161113739013672 0.276351928710938 0.153366088867188
-0.00581598281860352 0.00246524810791016 0.308074951171875 -0.1290283203125
-0.00728225708007813 -0.0243415832519531 -0.272079467773438 0.150650024414062
0.01507568359375 -0.000452995300292969 -0.25433349609375 -0.128280639648438
0.0101394653320313 0.00406646728515625 -0.00900268554687499 -0.433837890625
-0.0124759674072266 0.0264244079589844 0.453826904296875 -0.45245361328125
-0.0243644714355469 -0.00135993957519531 0.752197265625 0.171630859375
-0.0106620788574219 -0.0552978515625 0.3797607421875 0.80914306640625
0.0243701934814453 -0.0188369750976563 -0.14691162109375 0.63763427734375
0.0383491516113281 8.0108642578125E-05 0.0016937255859375 0.083587646484375
0.0291481018066406 -0.0238494873046875 0.24774169921875 -0.54730224609375
0.0146980285644531 -0.0392189025878906 -0.269775390625 -0.85760498046875
-0.0129966735839844 -0.014500617980957 -0.77978515625 -0.23089599609375
-0.0154609680175781 0.00677871704101562 -0.47259521484375 0.4239501953125
0.000535279512405396 0.000315427780151367 -0.01611328125 0.46685791015625
-0.00195026397705078 0.0113449096679688 0.280059814453125 0.151504516601563
-0.00574493408203125 0.00127220153808594 0.311187744140625 -0.127471923828125
-0.00883674621582031 -0.0246772766113281 -0.267715454101563 0.15228271484375
0.0133247375488281 -0.00772953033447266 -0.251190185546875 -0.1302490234375
0.0102119445800781 -0.00131797790527344 -0.00405883789062501 -0.433685302734375
-0.00577545166015625 0.0249538421630859 0.456298828125 -0.450225830078125
-0.0158519744873047 0.0020294189453125 0.75115966796875 0.1815185546875
-0.00640487670898437 -0.0481605529785156 0.37158203125 0.8187255859375
0.0195102691650391 -0.0110626220703125 -0.15380859375 0.6400146484375
0.0289134979248047 0.00523567199707031 -0.000473022460937494 0.0848617553710937
0.0243434906005859 -0.0164222717285156 0.244293212890625 -0.546417236328125
0.0173358917236328 -0.0319004058837891 -0.27838134765625 -0.85430908203125
-0.00382614135742188 -0.0105447769165039 -0.78082275390625 -0.22369384765625
-0.00819301605224609 0.00520086288452148 -0.4691162109375 0.42828369140625
0.00169897079467773 -0.00567293167114258 -0.012939453125 0.4678955078125
-0.00240731239318848 0.00335454940795898 0.28375244140625 0.149200439453125
-0.00642251968383789 0.000127792358398437 0.313690185546875 -0.127044677734375
-0.00946998596191406 -0.0257034301757813 -0.265945434570313 0.154861450195312
0.0108909606933594 -0.0160455703735352 -0.24896240234375 -0.131240844726563
0.0102396011352539 -0.00839996337890625 -0.00100708007812504 -0.434783935546875
0.00160408020019531 0.0229911804199219 0.460723876953125 -0.445648193359375
-0.00707292556762695 0.00541257858276367 0.74774169921875 0.18896484375
-0.00336456298828125 -0.0403861999511719 0.36212158203125 0.82501220703125
0.0144672393798828 -0.00339698791503906 -0.15875244140625 0.64105224609375
0.0185222625732422 0.00994110107421875 0.000816345214843748 0.084747314453125
0.0178813934326172 -0.00959587097167969 0.240020751953125 -0.54644775390625
0.0199527740478516 -0.0239372253417969 -0.28741455078125 -0.848388671875
0.00573015213012695 -0.00666093826293945 -0.78204345703125 -0.21221923828125
-0.000548601150512695 0.00213992595672607 -0.46392822265625 0.431884765625
0.00298500061035156 -0.0120325088500977 -0.00769042968749996 0.4664306640625
-0.00424432754516602 -0.00488662719726562 0.2862548828125 0.147674560546875
-0.00620555877685547 -0.00237798690795898 0.3160400390625 -0.128936767578125
-0.0104923248291016 -0.0262374877929688 -0.266586303710937 0.155487060546875
0.0098419189453125 -0.0254287719726563 -0.247787475585938 -0.133331298828125
0.0100278854370117 -0.0159196853637695 0.00213623046874996 -0.43792724609375
0.00863265991210938 0.0199222564697266 0.46258544921875 -0.443603515625
0.000666618347167968 0.00927734375 0.744140625 0.19757080078125
-0.00167274475097656 -0.031524658203125 0.35430908203125 0.82989501953125
0.00884056091308594 0.00513076782226563 -0.16094970703125 0.64117431640625
0.00907611846923828 0.0154714584350586 0.00565338134765626 0.0821075439453125
0.0118446350097656 -0.00165367126464844 0.23822021484375 -0.551239013671875
0.0225410461425781 -0.0159950256347656 -0.295166015625 -0.84375
0.0141630172729492 -0.00255680084228516 -0.78485107421875 -0.202392578125
0.00533056259155273 -0.00107622146606445 -0.459228515625 0.436279296875
0.00434684753417969 -0.0195941925048828 -0.00100708007812495 0.464324951171875
-0.00600051879882813 -0.0145492553710938 0.289794921875 0.144927978515625
-0.00696706771850586 -0.00253200531005859 0.316253662109375 -0.130218505859375
-0.00985145568847656 -0.0262947082519531 -0.270050048828125 0.1539306640625
0.00764274597167969 -0.0323429107666016 -0.247451782226563 -0.135025024414062
0.0111408233642578 -0.022369384765625 0.00750732421875003 -0.441375732421875
0.0146350860595703 0.0181255340576172 0.46600341796875 -0.4417724609375
0.00668144226074219 0.0122261047363281 0.74365234375 0.20440673828125
-4.386901855469E-05 -0.0245857238769531 0.34442138671875 0.833251953125
0.00457763671875 0.0118827819824219 -0.1627197265625 0.63336181640625
0.00127410888671875 0.0192184448242188 0.0127716064453125 0.0769500732421875
0.00701236724853516 0.00439357757568359 0.2371826171875 -0.556060791015625
0.0234699249267578 -0.00983810424804688 -0.3046875 -0.83929443359375
0.02056884765625 0.00048065185546875 -0.7880859375 -0.19146728515625
0.0107202529907227 -0.00402259826660156 -0.4547119140625 0.436431884765625
0.00499534606933594 -0.0264053344726563 0.00268554687500002 0.46142578125
-0.00724983215332031 -0.0219554901123047 0.290008544921875 0.143096923828125
-0.00690078735351563 -0.00391626358032226 0.31414794921875 -0.132965087890625
-0.0060882568359375 -0.0208454132080078 -0.288909912109375 0.14117431640625
0.0150938034057617 0.0053558349609375 -0.260772705078125 -0.131576538085938
0.00910472869873047 0.00590133666992188 -0.00738525390625005 -0.444854736328125
-0.0189456939697266 0.0265865325927734 0.4515380859375 -0.457550048828125
-0.0374412536621094 -0.00532913208007812 0.7503662109375 0.16839599609375
-0.0196304321289062 -0.0646553039550781 0.37725830078125 0.79425048828125
0.0302753448486328 -0.0295047760009766 -0.13623046875 0.6097412109375
0.0540275573730469 -0.00783538818359375 0.024688720703125 0.0652542114257813
0.0344219207763672 -0.0343246459960938 0.2606201171875 -0.561859130859375
0.0064849853515625 -0.0478401184082031 -0.269287109375 -0.863037109375
-0.0245399475097656 -0.0188350677490234 -0.77911376953125 -0.231689453125
-0.0222644805908203 0.00571823120117187 -0.47210693359375 0.415924072265625
0.000194787979125976 0.00146794319152832 -0.015838623046875 0.45709228515625
-0.000298500061035157 0.0165243148803711 0.273452758789063 0.150619506835938
-0.00522375106811523 0.0039067268371582 0.299224853515625 -0.1351318359375
-0.00589370727539063 -0.0208797454833984 -0.283294677734375 0.143157958984375
0.0160160064697266 0.00637245178222656 -0.258926391601563 -0.129104614257813
0.0102739334106445 0.00809001922607422 -0.013336181640625 -0.436737060546875
-0.0191688537597656 0.0282840728759766 0.44671630859375 -0.457794189453125
-0.0361213684082031 -0.0043487548828125 0.748291015625 0.1597900390625
-0.018035888671875 -0.063873291015625 0.38372802734375 0.791748046875
0.0296344757080078 -0.0297660827636719 -0.13751220703125 0.61968994140625
0.0526008605957031 -0.00693130493164063 0.01361083984375 0.073699951171875
0.0351829528808594 -0.0330657958984375 0.26007080078125 -0.5523681640625
0.00889205932617188 -0.0478363037109375 -0.25762939453125 -0.86199951171875
-0.0241851806640625 -0.0193099975585938 -0.77490234375 -0.24041748046875
-0.0225906372070313 0.00691032409667969 -0.4783935546875 0.412139892578125
-0.00107169151306152 0.0039825439453125 -0.0220947265625 0.461029052734375
-0.000244140624999998 0.0185737609863281 0.273361206054688 0.152908325195313
-0.00491094589233398 0.00348615646362305 0.303924560546875 -0.132537841796875
-0.00684356689453125 -0.0217418670654297 -0.27642822265625 0.146743774414063
0.0158472061157227 0.00549602508544922 -0.256637573242187 -0.126861572265625
0.0100536346435547 0.00707340240478515 -0.010986328125 -0.435272216796875
-0.0162754058837891 0.0273361206054687 0.447845458984375 -0.455596923828125
-0.0317821502685547 -0.00325202941894532 0.75189208984375 0.16192626953125
-0.0150718688964844 -0.0611190795898437 0.38519287109375 0.798583984375
0.0281906127929688 -0.0247020721435547 -0.13922119140625 0.62872314453125
0.0464630126953125 -0.00363922119140625 0.0054931640625 0.0805206298828125
0.0335979461669922 -0.0290317535400391 0.25640869140625 -0.545928955078125
0.0116310119628906 -0.0442390441894531 -0.2568359375 -0.8634033203125
-0.0201683044433594 -0.0174293518066406 -0.77490234375 -0.24383544921875
-0.0203971862792969 0.00761604309082031 -0.478271484375 0.414337158203125
-0.000800132751464844 0.00392293930053711 -0.022705078125 0.463836669921875
-0.000783920288085938 0.0162801742553711 0.27545166015625 0.153350830078125
-0.00583171844482422 0.00307989120483398 0.306854248046875 -0.129119873046875
-0.00774192810058594 -0.0226268768310547 -0.270614624023438 0.1500244140625
0.0148296356201172 -7.34329223632813E-05 -0.252105712890625 -0.12847900390625
0.00973987579345703 0.00388050079345703 -0.00680541992187504 -0.433074951171875
-0.0116138458251953 0.0268974304199219 0.45208740234375 -0.44989013671875
-0.0245895385742188 -0.000778198242187495 0.7486572265625 0.17266845703125
-0.0114212036132812 -0.0553512573242188 0.37664794921875 0.8099365234375
0.0240898132324219 -0.0179653167724609 -0.146240234375 0.6346435546875
0.038604736328125 0.000415802001953125 0.00138092041015625 0.0838241577148438
0.0290985107421875 -0.0236854553222656 0.2496337890625 -0.544891357421875
0.0146141052246094 -0.0387039184570313 -0.264892578125 -0.85614013671875
-0.0125303268432617 -0.0148439407348633 -0.77667236328125 -0.2318115234375
-0.0151653289794922 0.00651168823242188 -0.472503662109375 0.42108154296875
7.26580619812011E-05 0.000869870185852051 -0.0185546875 0.466949462890625
-0.00173664093017578 0.0112695693969727 0.278396606445313 0.150222778320313
-0.00560474395751953 0.00111246109008789 0.31005859375 -0.127593994140625
-0.0089874267578125 -0.0237979888916016 -0.265731811523438 0.152099609375
0.012476921081543 -0.00716781616210938 -0.249191284179688 -0.129409790039063
0.0099334716796875 -0.00155258178710938 -0.00360107421874996 -0.43365478515625
-0.005096435546875 0.0251502990722656 0.45513916015625 -0.44720458984375
-0.0160589218139648 0.00210762023925781 0.7479248046875 0.18109130859375
-0.00727462768554687 -0.0482444763183594 0.369384765625 0.8162841796875
0.0198135375976563 -0.0106048583984375 -0.15435791015625 0.63775634765625
0.0291004180908203 0.00601959228515625 -0.000167846679687504 0.0857009887695312
0.0240345001220703 -0.0164718627929688 0.2452392578125 -0.544769287109375
0.0176429748535156 -0.0313320159912109 -0.27496337890625 -0.85369873046875
-0.00323867797851562 -0.0106658935546875 -0.77825927734375 -0.2242431640625
-0.00854110717773438 0.00515127182006836 -0.471160888671875 0.425537109375
0.00104665756225586 -0.00454044342041016 -0.01446533203125 0.465850830078125
-0.00305962562561035 0.00362300872802734 0.282135009765625 0.14935302734375
-0.00565671920776367 0.00045490264892578 0.3128662109375 -0.127197265625
-0.00932884216308594 -0.0247478485107422 -0.264923095703125 0.154251098632813
0.0104618072509766 -0.014988899230957 -0.248153686523437 -0.130691528320313
0.00917434692382813 -0.00880336761474609 0.000122070312499985 -0.434478759765625
0.00257110595703125 0.0231399536132813 0.458282470703125 -0.44366455078125
-0.00714826583862305 0.00545930862426758 0.7454833984375 0.1876220703125
-0.00414657592773437 -0.0405616760253906 0.36029052734375 0.82293701171875
0.0138988494873047 -0.00235557556152344 -0.15850830078125 0.6385498046875
0.018341064453125 0.0103797912597656 0.000465393066406258 0.0849685668945313
0.0177459716796875 -0.00894355773925781 0.24151611328125 -0.54534912109375
0.0201358795166016 -0.0235137939453125 -0.28533935546875 -0.84503173828125
0.00672435760498047 -0.00643539428710938 -0.78070068359375 -0.21356201171875
-0.00124669075012207 0.00216424465179443 -0.466400146484375 0.428802490234375
0.00270366668701172 -0.0115985870361328 -0.00799560546875 0.46435546875
-0.00461626052856445 -0.00489282608032226 0.2852783203125 0.147247314453125
-0.00602293014526367 -0.0015420913696289 0.315460205078125 -0.127838134765625
-0.0100479125976563 -0.0247611999511719 -0.264801025390625 0.154617309570313
0.00853729248046875 -0.0252094268798828 -0.246078491210938 -0.1322021484375
0.0096139907836914 -0.0155153274536133 0.00402832031249999 -0.436126708984375
0.00954627990722656 0.0199317932128906 0.46160888671875 -0.44097900390625
0.000184059143066406 0.00915145874023437 0.741455078125 0.19622802734375
-0.00199127197265625 -0.0324573516845703 0.35125732421875 0.82806396484375
0.00901889801025391 0.00527763366699219 -0.1612548828125 0.637939453125
0.00904273986816406 0.0154333114624023 0.0051116943359375 0.0820159912109375
0.0117940902709961 -0.00179386138916016 0.238677978515625 -0.548492431640625
0.0224056243896484 -0.0160980224609375 -0.29107666015625 -0.842529296875
0.0143823623657227 -0.0028076171875 -0.78216552734375 -0.20391845703125
0.0062255859375 -0.000792503356933594 -0.460784912109375 0.4327392578125
0.00383758544921875 -0.0195636749267578 -0.002349853515625 0.463165283203125
-0.00618171691894531 -0.013850212097168 0.28765869140625 0.14495849609375
-0.00609493255615234 -0.00262641906738281 0.31524658203125 -0.129669189453125
-0.00972175598144531 -0.0255241394042969 -0.268508911132812 0.15380859375
0.00711441040039063 -0.0317401885986328 -0.245651245117187 -0.134353637695313
0.0105304718017578 -0.0225257873535156 0.00753784179687496 -0.44097900390625
0.0150871276855469 0.0179538726806641 0.464752197265625 -0.44091796875
0.00602245330810547 0.0125722885131836 0.7393798828125 0.205322265625
-0.000370025634765623 -0.0251998901367188 0.34326171875 0.832275390625
0.00418853759765625 0.0118370056152344 -0.16278076171875 0.63153076171875
0.00138664245605469 0.0205287933349609 0.0121536254882813 0.0775375366210938
0.00699424743652344 0.00467777252197266 0.237884521484375 -0.55462646484375
0.0231075286865234 -0.00998115539550781 -0.30133056640625 -0.8385009765625
0.0211639404296875 0.00029754638671875 -0.7867431640625 -0.19366455078125
0.010838508605957 -0.00495052337646484 -0.454345703125 0.433807373046875
0.00461387634277344 -0.0259914398193359 0.00262451171874995 0.459075927734375
-0.00750923156738281 -0.0210990905761719 0.287811279296875 0.142547607421875
-0.00690698623657227 -0.00378513336181641 0.313262939453125 -0.1319580078125
-0.00607490539550781 -0.0198783874511719 -0.288604736328125 0.13983154296875
0.0150346755981445 0.00574874877929688 -0.259567260742188 -0.1314697265625
0.00933361053466797 0.00531578063964844 -0.00567626953125003 -0.443572998046875
-0.0190639495849609 0.0262050628662109 0.452056884765625 -0.4564208984375
-0.0370674133300781 -0.00611495971679687 0.7496337890625 0.1689453125
-0.0201301574707031 -0.0646934509277344 0.3753662109375 0.79437255859375
0.0302085876464844 -0.0289459228515625 -0.1357421875 0.607666015625
0.0543937683105469 -0.00771713256835938 0.0246849060058594 0.0652732849121094
0.0341072082519531 -0.0336685180664063 0.261505126953125 -0.560302734375
0.0070648193359375 -0.0479507446289063 -0.2650146484375 -0.8631591796875
-0.0249900817871094 -0.0189762115478516 -0.77838134765625 -0.233154296875
-0.02197265625 0.00518226623535157 -0.474639892578125 0.413421630859375
-0.000604152679443359 0.00161576271057129 -0.017669677734375 0.4571533203125
-0.000227928161621092 0.0169239044189453 0.27252197265625 0.151275634765625
-0.00425624847412109 0.00385928153991699 0.29901123046875 -0.13525390625
-0.00572013854980469 -0.019989013671875 -0.282806396484375 0.14312744140625
0.0155210494995117 0.00784873962402344 -0.257980346679688 -0.128646850585938
0.00933361053466797 0.00810527801513672 -0.0103759765625 -0.437835693359375
-0.0186061859130859 0.0276165008544922 0.446807861328125 -0.457305908203125
-0.0361824035644531 -0.00510406494140624 0.74798583984375 0.16015625
-0.0186843872070313 -0.0647773742675781 0.38128662109375 0.79290771484375
0.0297031402587891 -0.0285720825195313 -0.13775634765625 0.6192626953125
0.0528678894042969 -0.00650405883789063 0.0135955810546875 0.0742874145507813
0.0352439880371094 -0.0326042175292969 0.261627197265625 -0.5513916015625
0.00897979736328125 -0.0477523803710938 -0.254638671875 -0.86431884765625
-0.0239772796630859 -0.0192527770996094 -0.7747802734375 -0.24298095703125
-0.0228042602539063 0.00659561157226562 -0.480133056640625 0.410797119140625
-0.00120902061462402 0.00360274314880371 -0.022674560546875 0.460357666015625
-0.000375747680664063 0.0184955596923828 0.271957397460938 0.154144287109375
-0.00465965270996094 0.00390195846557617 0.303802490234375 -0.13214111328125
-0.00662612915039063 -0.020599365234375 -0.27459716796875 0.146438598632812
0.0148115158081055 0.00565052032470703 -0.255340576171875 -0.127792358398437
0.00965118408203125 0.00721359252929688 -0.00942993164062499 -0.434173583984375
-0.0162544250488281 0.0277347564697266 0.446197509765625 -0.45477294921875
-0.0311641693115234 -0.00394439697265625 0.74920654296875 0.1640625
-0.0159873962402344 -0.0615348815917969 0.383056640625 0.7978515625
0.0273952484130859 -0.0244503021240234 -0.14056396484375 0.62744140625
0.0474929809570313 -0.0027923583984375 0.00534820556640625 0.080841064453125
0.033966064453125 -0.0287456512451172 0.258514404296875 -0.54400634765625
0.0118331909179687 -0.0441551208496094 -0.2532958984375 -0.8634033203125
-0.019287109375 -0.0178031921386719 -0.775634765625 -0.245361328125
-0.0203418731689453 0.00766563415527344 -0.480255126953125 0.412994384765625
-0.00131988525390625 0.00393295288085938 -0.0239868164062499 0.464019775390625
-0.000910758972167969 0.0165386199951172 0.2740478515625 0.153274536132813
-0.00471639633178711 0.00363874435424805 0.307159423828125 -0.128875732421875
-0.00783920288085938 -0.0220470428466797 -0.269378662109375 0.1497802734375
0.0138645172119141 0.000644683837890625 -0.252548217773437 -0.129135131835938
0.00947761535644531 0.00397109985351563 -0.00555419921874996 -0.431549072265625
-0.0110664367675781 0.0269317626953125 0.45263671875 -0.448577880859375
-0.0247859954833984 -0.00139808654785157 0.7479248046875 0.17388916015625
-0.0112037658691406 -0.05560302734375 0.3756103515625 0.80914306640625
0.0242481231689453 -0.0182685852050781 -0.14862060546875 0.63330078125
0.0389595031738281 0.000637054443359375 0.00132751464843749 0.08282470703125
0.0295047760009766 -0.0229301452636719 0.250244140625 -0.54302978515625
0.0148544311523438 -0.0384674072265625 -0.2640380859375 -0.85577392578125
-0.0119714736938477 -0.0148935317993164 -0.7777099609375 -0.23455810546875
-0.0148181915283203 0.00624179840087891 -0.47442626953125 0.419036865234375
-0.000598609447479248 0.000665426254272461 -0.019195556640625 0.46380615234375
-0.00173282623291016 0.0113248825073242 0.277969360351563 0.1510009765625
-0.00449800491333008 0.00193595886230469 0.310821533203125 -0.12689208984375
-0.00845527648925781 -0.0231437683105469 -0.265548706054688 0.151321411132812
0.0126476287841797 -0.00629425048828125 -0.2481689453125 -0.130111694335937
0.00976181030273438 -0.0014190673828125 -0.00125122070312503 -0.432159423828125
-0.00441360473632813 0.025543212890625 0.455718994140625 -0.44439697265625
-0.0166969299316406 0.0017547607421875 0.74591064453125 0.1832275390625
-0.007568359375 -0.0487289428710938 0.364990234375 0.81732177734375
0.0196437835693359 -0.0100727081298828 -0.15472412109375 0.6370849609375
0.029449462890625 0.00582695007324219 -0.000740051269531245 0.0851974487304688
0.0236282348632813 -0.0162029266357422 0.246337890625 -0.543182373046875
0.0178108215332031 -0.031097412109375 -0.27325439453125 -0.85357666015625
-0.00298690795898437 -0.0106658935546875 -0.77734375 -0.22705078125
-0.00819826126098633 0.00459909439086914 -0.47222900390625 0.424530029296875
0.000842094421386719 -0.00470161437988281 -0.01495361328125 0.466064453125
-0.00254940986633301 0.00430607795715332 0.2808837890625 0.149444580078125
-0.00480508804321289 0.000554084777832032 0.31298828125 -0.126617431640625
-0.00958824157714844 -0.0242023468017578 -0.263320922851563 0.15399169921875
0.0101222991943359 -0.0148305892944336 -0.246688842773438 -0.131591796875
0.00900363922119141 -0.00847339630126953 0.00106811523437502 -0.433502197265625
0.00284194946289062 0.0230922698974609 0.458251953125 -0.442291259765625
-0.00741243362426758 0.00502490997314453 0.744384765625 0.19012451171875
-0.00469207763671875 -0.0410194396972656 0.3577880859375 0.82366943359375
0.0145368576049805 -0.00168895721435547 -0.1591796875 0.63800048828125
0.01934814453125 0.0108833312988281 0.00054168701171875 0.0848159790039062
0.0179634094238281 -0.00892257690429688 0.2430419921875 -0.544891357421875
0.0201511383056641 -0.023468017578125 -0.28094482421875 -0.84735107421875
0.00671529769897461 -0.006805419921875 -0.78204345703125 -0.215576171875
-0.000863313674926758 0.00243544578552246 -0.468109130859375 0.427978515625
0.00216293334960938 -0.0118598937988281 -0.010833740234375 0.464202880859375
-0.00475406646728516 -0.00498676300048828 0.28472900390625 0.148193359375
-0.0045628547668457 -0.00126981735229492 0.315185546875 -0.12725830078125
-0.00960159301757812 -0.0238151550292969 -0.264053344726562 0.154495239257813
0.00806427001953125 -0.0241813659667969 -0.24462890625 -0.133346557617188
0.00965118408203125 -0.0159139633178711 0.00643920898437503 -0.436187744140625
0.00966835021972656 0.0205154418945312 0.461944580078125 -0.44146728515625
0.000295639038085937 0.00898551940917969 0.73944091796875 0.1990966796875
-0.00223159790039063 -0.0327072143554688 0.3509521484375 0.827880859375
0.00931739807128906 0.00573444366455078 -0.16253662109375 0.63677978515625
0.00999164581298828 0.0157241821289063 0.00508117675781249 0.0826644897460937
0.0124835968017578 -0.00107192993164063 0.239227294921875 -0.547882080078125
0.0222530364990234 -0.0159835815429688 -0.28887939453125 -0.84234619140625
0.0155124664306641 -0.00317478179931641 -0.78253173828125 -0.20501708984375
0.00576353073120117 -0.000958919525146484 -0.462615966796875 0.432586669921875
0.00343704223632812 -0.0186653137207031 -0.00326538085937499 0.46197509765625
-0.00569438934326172 -0.0135726928710937 0.28582763671875 0.145294189453125
-0.00552940368652344 -0.00168323516845703 0.315673828125 -0.129150390625
-0.00954627990722656 -0.0245590209960937 -0.2669677734375 0.153335571289063
0.00741958618164063 -0.0312004089355469 -0.244033813476563 -0.135421752929687
0.00996780395507813 -0.0224819183349609 0.00936889648437502 -0.439971923828125
0.0152549743652344 0.0178871154785156 0.46453857421875 -0.438995361328125
0.00592708587646484 0.0116806030273438 0.7366943359375 0.2071533203125
-0.000988006591796876 -0.0258579254150391 0.340576171875 0.8323974609375
0.00480079650878906 0.0123767852783203 -0.16400146484375 0.63140869140625
0.00182914733886719 0.0194416046142578 0.0120620727539063 0.0778656005859375
0.00707530975341797 0.00490093231201172 0.239593505859375 -0.55230712890625
0.0237445831298828 -0.00927734375 -0.298583984375 -0.83758544921875
0.0217056274414063 0.000135421752929688 -0.786376953125 -0.1961669921875
0.0109748840332031 -0.00443458557128906 -0.458953857421875 0.433380126953125
0.00466156005859375 -0.0257530212402344 0.0013427734375 0.4581298828125
-0.00780296325683594 -0.0207939147949219 0.2879638671875 0.14288330078125
-0.00579023361206055 -0.00268983840942383 0.313568115234375 -0.1309814453125
-0.00587272644042969 -0.0188999176025391 -0.287994384765625 0.13983154296875
0.0141916275024414 0.00605392456054688 -0.258438110351563 -0.131973266601562
0.00858688354492188 0.00505828857421875 -0.00451660156249995 -0.445220947265625
-0.0182628631591797 0.0268421173095703 0.452178955078125 -0.4560546875
-0.0378761291503906 -0.00580596923828125 0.74798583984375 0.17047119140625
-0.0211753845214844 -0.0649986267089844 0.37432861328125 0.7965087890625
0.03033447265625 -0.0286197662353516 -0.1376953125 0.60833740234375
0.0548820495605469 -0.0070953369140625 0.024200439453125 0.0655403137207031
0.0341777801513672 -0.0335235595703125 0.26409912109375 -0.5589599609375
0.00726699829101562 -0.0474624633789062 -0.26324462890625 -0.8651123046875
-0.0245208740234375 -0.0193500518798828 -0.77789306640625 -0.2353515625
-0.0221157073974609 0.00523567199707031 -0.4775390625 0.4127197265625
-0.000929474830627441 0.00131964683532715 -0.0186767578125 0.457611083984375
-0.00033283233642578 0.0171184539794922 0.272109985351563 0.151275634765625
-0.0041661262512207 0.00435876846313476 0.299468994140625 -0.135162353515625
-0.0058746337890625 -0.0196418762207031 -0.282470703125 0.14300537109375
0.0155792236328125 0.00778770446777344 -0.258392333984375 -0.13006591796875
0.00860595703125 0.00797700881958008 -0.00942993164062499 -0.43780517578125
-0.0184268951416016 0.0284538269042969 0.44818115234375 -0.4561767578125
-0.0364875793457031 -0.00506973266601563 0.74749755859375 0.16375732421875
-0.0193405151367187 -0.0654335021972656 0.38079833984375 0.7943115234375
0.0304145812988281 -0.0279731750488281 -0.13775634765625 0.61859130859375
0.0537185668945313 -0.0057525634765625 0.0139312744140625 0.0743484497070313
0.0353736877441406 -0.0322837829589844 0.264434814453125 -0.551177978515625
0.00958251953125 -0.0473060607910156 -0.25244140625 -0.86370849609375
-0.0236968994140625 -0.0193939208984375 -0.77618408203125 -0.24609375
-0.0230178833007813 0.0059814453125 -0.4833984375 0.40966796875
-0.00190973281860352 0.00421929359436035 -0.023895263671875 0.45953369140625
-0.000198364257812499 0.0188217163085938 0.272506713867188 0.153945922851563
-0.00406932830810547 0.00454139709472656 0.303802490234375 -0.1318359375
-0.00654411315917969 -0.0201244354248047 -0.275054931640625 0.146591186523438
0.0144147872924805 0.00578022003173828 -0.255508422851563 -0.128158569335937
0.00931835174560547 0.00687408447265625 -0.00897216796875001 -0.434814453125
-0.0155258178710937 0.0282382965087891 0.44842529296875 -0.453704833984375
-0.0321273803710938 -0.00407981872558594 0.75054931640625 0.16595458984375
-0.0159568786621094 -0.0617866516113281 0.3818359375 0.80072021484375
0.0278224945068359 -0.0236091613769531 -0.140380859375 0.62750244140625
0.0477676391601563 -0.0025177001953125 0.00531005859375001 0.0802841186523438
0.0332736968994141 -0.0278854370117187 0.2593994140625 -0.544586181640625
0.0122337341308594 -0.04345703125 -0.25054931640625 -0.86553955078125
-0.0189189910888672 -0.0176792144775391 -0.7757568359375 -0.24835205078125
-0.0201435089111328 0.00661468505859375 -0.4840087890625 0.41253662109375
-0.00214290618896484 0.00437450408935547 -0.026214599609375 0.4637451171875
-0.000993728637695311 0.0169801712036133 0.273681640625 0.153167724609375
-0.00412249565124512 0.00434732437133789 0.3074951171875 -0.12908935546875
-0.00799369812011719 -0.0215797424316406 -0.269561767578125 0.149215698242188
0.0133304595947266 0.00139141082763672 -0.251510620117188 -0.128875732421875
0.00919151306152344 0.00366497039794922 -0.00503540039062501 -0.433074951171875
-0.0111808776855469 0.0278701782226563 0.452972412109375 -0.4471435546875
-0.0246047973632813 -0.00168609619140625 0.746826171875 0.17486572265625
-0.01220703125 -0.0562629699707031 0.37408447265625 0.81085205078125
0.0238685607910156 -0.0173225402832031 -0.149658203125 0.6337890625
0.0402488708496094 0.00136184692382813 0.00144958496093751 0.0834426879882813
0.02923583984375 -0.0228042602539063 0.25274658203125 -0.543670654296875
0.01495361328125 -0.03857421875 -0.2607421875 -0.85858154296875
-0.0114717483520508 -0.0148143768310547 -0.7772216796875 -0.2366943359375
-0.0148487091064453 0.00679874420166015 -0.47955322265625 0.417449951171875
-0.000564992427825928 0.000829875469207764 -0.02130126953125 0.46588134765625
-0.00201225280761719 0.012293815612793 0.27825927734375 0.152099609375
-0.00425100326538086 0.00258445739746094 0.31097412109375 -0.12738037109375
-0.0084991455078125 -0.0212955474853516 -0.265167236328125 0.151763916015625
0.0113620758056641 -0.00640869140625 -0.247283935546875 -0.130630493164063
0.00861358642578125 -0.0019378662109375 -0.000915527343749966 -0.43377685546875
-0.00405693054199219 0.0253543853759766 0.45538330078125 -0.444549560546875
-0.0163784027099609 0.00187873840332032 0.74603271484375 0.184326171875
-0.00817108154296875 -0.0493545532226563 0.36614990234375 0.8182373046875
0.0199756622314453 -0.00985527038574219 -0.15631103515625 0.63641357421875
0.0299434661865234 0.00580406188964844 7.62939453124424E-06 0.08551025390625
0.0240039825439453 -0.0157604217529297 0.24761962890625 -0.54241943359375
0.0179271697998047 -0.0311107635498047 -0.27008056640625 -0.85614013671875
-0.00248146057128906 -0.0106935501098633 -0.7799072265625 -0.22882080078125
-0.00749731063842773 0.00407695770263672 -0.475128173828125 0.4241943359375
0.000428199768066406 -0.00393486022949219 -0.016693115234375 0.46630859375
-0.00321102142333984 0.00455188751220703 0.280914306640625 0.150314331054688
-0.0048670768737793 0.00170469284057617 0.313323974609375 -0.126495361328125
-0.00902938842773438 -0.0235919952392578 -0.263107299804688 0.153762817382813
0.0095529556274414 -0.0148391723632812 -0.24566650390625 -0.132400512695313
0.00899219512939453 -0.0091552734375 0.00311279296875005 -0.435089111328125
0.00352859497070312 0.022979736328125 0.460479736328125 -0.4410400390625
-0.00812053680419922 0.0050959587097168 0.74310302734375 0.19305419921875
-0.00510025024414063 -0.0412025451660156 0.35711669921875 0.82476806640625
0.0146884918212891 -0.00209236145019531 -0.1619873046875 0.6378173828125
0.0193080902099609 0.0112018585205078 0.000808715820312506 0.0851669311523438
0.0180816650390625 -0.00798416137695313 0.244903564453125 -0.544403076171875
0.0201320648193359 -0.023834228515625 -0.2783203125 -0.84832763671875
0.00744295120239258 -0.00696468353271484 -0.782470703125 -0.21832275390625
-0.000437736511230469 0.00183582305908203 -0.47113037109375 0.42724609375
0.0013885498046875 -0.0113897323608398 -0.01239013671875 0.464752197265625
-0.00471019744873047 -0.00393533706665039 0.284423828125 0.148040771484375
-0.00432133674621582 -0.000893115997314454 0.315765380859375 -0.12744140625
-0.00951957702636719 -0.023284912109375 -0.263336181640625 0.1544189453125
0.00782966613769531 -0.0234298706054688 -0.244155883789062 -0.13348388671875
0.00947666168212891 -0.016087532043457 0.00695800781249998 -0.4373779296875
0.0103664398193359 0.020538330078125 0.462860107421875 -0.43804931640625
0.000533103942871094 0.0083928108215332 0.73980712890625 0.20172119140625
-0.00318717956542969 -0.0331020355224609 0.3485107421875 0.83135986328125
0.00907802581787109 0.00567245483398437 -0.16485595703125 0.6373291015625
0.0101661682128906 0.0156459808349609 0.00458526611328125 0.0827407836914063
0.0123462677001953 -0.0011444091796875 0.24176025390625 -0.548370361328125
0.0224227905273438 -0.0153427124023437 -0.2872314453125 -0.844970703125
0.0156536102294922 -0.00255966186523438 -0.78387451171875 -0.20758056640625
0.0055689811706543 -0.00146389007568359 -0.46697998046875 0.430023193359375
0.00275611877441406 -0.0186767578125 -0.00488281249999998 0.4619140625
-0.00635623931884765 -0.013340950012207 0.2862548828125 0.145660400390625
-0.00481462478637695 -0.00155115127563477 0.315032958984375 -0.128692626953125
-0.00918197631835937 -0.0233726501464844 -0.267181396484375 0.153045654296875
0.00587844848632813 -0.0308647155761719 -0.243728637695313 -0.135986328125
0.0100288391113281 -0.0229473114013672 0.010101318359375 -0.44097900390625
0.0163536071777344 0.0176753997802734 0.465667724609375 -0.438690185546875
0.00591182708740234 0.0116958618164062 0.73834228515625 0.20819091796875
-0.00139808654785156 -0.0263271331787109 0.33990478515625 0.83453369140625
0.00481319427490234 0.0120201110839844 -0.1656494140625 0.6312255859375
0.00225067138671875 0.0197582244873047 0.0119705200195313 0.0783309936523437
0.00673389434814453 0.00564193725585938 0.242218017578125 -0.554168701171875
0.0237102508544922 -0.009246826171875 -0.29638671875 -0.84014892578125
0.0216636657714844 -0.000440597534179687 -0.78607177734375 -0.19891357421875
0.0106115341186523 -0.00423431396484375 -0.46087646484375 0.4317626953125
0.00383758544921875 -0.0253162384033203 -0.000885009765625035 0.458526611328125
-0.0074462890625 -0.0204792022705078 0.287353515625 0.143951416015625
-0.00486230850219727 -0.00198936462402344 0.312957763671875 -0.131134033203125
-0.00596427917480469 -0.0175189971923828 -0.2880859375 0.141143798828125
0.0138874053955078 0.00634002685546875 -0.258651733398438 -0.132644653320312
0.00786828994750977 0.00522804260253906 -0.00274658203125 -0.446014404296875
-0.0180873870849609 0.0268363952636719 0.455291748046875 -0.4569091796875
-0.0375709533691406 -0.00670242309570313 0.74847412109375 0.171142578125
-0.0216140747070313 -0.0658607482910156 0.37384033203125 0.80084228515625
0.0312328338623047 -0.0286064147949219 -0.13848876953125 0.6099853515625
0.0557708740234375 -0.00676345825195312 0.024261474609375 0.0658378601074219
0.035003662109375 -0.0326023101806641 0.265350341796875 -0.55975341796875
0.00719070434570312 -0.0477027893066406 -0.26226806640625 -0.8668212890625
-0.0239467620849609 -0.0197124481201172 -0.78125 -0.23822021484375
-0.0219898223876953 0.00523567199707031 -0.480224609375 0.41339111328125
-0.000973343849182129 0.00196671485900879 -0.019989013671875 0.4583740234375
-2.09808349609391E-05 0.0178279876708984 0.272537231445313 0.15216064453125
-0.00338363647460937 0.00516653060913086 0.3009033203125 -0.134674072265625
-0.00599288940429688 -0.0182914733886719 -0.282379150390625 0.143341064453125
0.0147724151611328 0.00865364074707031 -0.257980346679688 -0.130905151367188
0.00882053375244141 0.00785350799560547 -0.007476806640625 -0.440643310546875
-0.0179386138916016 0.0284748077392578 0.450531005859375 -0.45648193359375
-0.0366973876953125 -0.00558090209960937 0.74969482421875 0.163330078125
-0.0200576782226563 -0.0655174255371094 0.3818359375 0.798095703125
0.0307731628417969 -0.0281772613525391 -0.13995361328125 0.62005615234375
0.0543556213378906 -0.00525665283203125 0.0129623413085938 0.0747756958007813
0.0357475280761719 -0.0321197509765625 0.266632080078125 -0.550018310546875
0.00982284545898438 -0.0477027893066406 -0.250244140625 -0.86895751953125
-0.0229530334472656 -0.0199985504150391 -0.77716064453125 -0.24920654296875
-0.023162841796875 0.00579261779785157 -0.48681640625 0.410308837890625
-0.00200271606445312 0.0046086311340332 -0.02520751953125 0.4609375
-0.000492095947265626 0.0195693969726563 0.272018432617188 0.154373168945313
-0.00343799591064453 0.00503826141357422 0.305206298828125 -0.13226318359375
-0.00623130798339844 -0.0194740295410156 -0.274627685546875 0.147354125976563
0.0145959854125977 0.00679206848144531 -0.25506591796875 -0.1292724609375
0.0089874267578125 0.00697135925292969 -0.00680541992187504 -0.43707275390625
-0.0154170989990234 0.0283489227294922 0.448211669921875 -0.45477294921875
-0.0321006774902344 -0.00415229797363282 0.75048828125 0.16839599609375
-0.0165023803710938 -0.0625228881835938 0.3814697265625 0.8023681640625
0.0285968780517578 -0.0229454040527344 -0.14361572265625 0.62847900390625
0.0482139587402344 -0.00303268432617188 0.0051422119140625 0.0807418823242187
0.0338096618652344 -0.0275363922119141 0.26226806640625 -0.5439453125
0.0122642517089844 -0.0435523986816406 -0.2496337890625 -0.86798095703125
-0.0188770294189453 -0.0186309814453125 -0.77789306640625 -0.25042724609375
-0.0201873779296875 0.00665473937988281 -0.48681640625 0.41314697265625
-0.00211310386657715 0.00418925285339356 -0.0277099609375 0.46502685546875
-0.00133419036865234 0.0171079635620117 0.27349853515625 0.15435791015625
-0.00380659103393555 0.0047755241394043 0.30859375 -0.12957763671875
-0.00709724426269531 -0.0209159851074219 -0.269012451171875 0.150604248046875
0.0127296447753906 0.00211906433105469 -0.25103759765625 -0.1297607421875
0.00856590270996094 0.00371932983398438 -0.003204345703125 -0.434539794921875
-0.0103588104248047 0.0275726318359375 0.45428466796875 -0.448516845703125
-0.0252189636230469 -0.00131797790527344 0.74920654296875 0.17767333984375
-0.0126304626464844 -0.0567131042480469 0.37469482421875 0.81341552734375
0.0251121520996094 -0.0174560546875 -0.1510009765625 0.6341552734375
0.0400924682617188 0.00215530395507813 0.000953674316406253 0.0838394165039063
0.029327392578125 -0.0221443176269531 0.254730224609375 -0.543365478515625
0.0158767700195313 -0.0383415222167969 -0.260986328125 -0.8614501953125
-0.0113945007324219 -0.0150203704833984 -0.7796630859375 -0.2401123046875
-0.0145673751831055 0.00634479522705078 -0.482421875 0.41845703125
-0.00115716457366943 0.0012664794921875 -0.02288818359375 0.465850830078125
-0.00188255310058594 0.0119342803955078 0.277450561523438 0.15283203125
-0.00339579582214355 0.00307059288024902 0.31256103515625 -0.1275634765625
-0.00834274291992188 -0.0216407775878906 -0.264801025390625 0.151840209960937
0.0111942291259766 -0.00593757629394531 -0.247467041015625 -0.131790161132813
0.00824117660522461 -0.00249719619750977 0.00109863281249998 -0.434906005859375
-0.0030975341796875 0.0249881744384766 0.458160400390625 -0.4439697265625
-0.0164499282836914 0.001007080078125 0.7470703125 0.18572998046875
-0.009063720703125 -0.0502700805664063 0.36529541015625 0.8221435546875
0.0203895568847656 -0.00965118408203125 -0.1575927734375 0.6373291015625
0.0300540924072266 0.00632286071777344 -0.000717163085937494 0.0858383178710938
0.02459716796875 -0.0153923034667969 0.24871826171875 -0.542205810546875
0.0186576843261719 -0.0313434600830078 -0.26873779296875 -0.8582763671875
-0.00243186950683594 -0.0111560821533203 -0.78179931640625 -0.2313232421875
-0.00744915008544922 0.00432968139648437 -0.4801025390625 0.42333984375
-0.000345468521118164 -0.00390028953552246 -0.019317626953125 0.4676513671875
-0.00375986099243164 0.00466728210449219 0.281707763671875 0.150665283203125
-0.00352883338928223 0.0020744800567627 0.314727783203125 -0.126617431640625
-0.00972938537597656 -0.02227783203125 -0.262496948242188 0.15411376953125
0.00896930694580078 -0.0135946273803711 -0.245452880859375 -0.1329345703125
0.00906848907470703 -0.00898838043212891 0.00390624999999999 -0.436126708984375
0.00352859497070312 0.0231285095214844 0.46124267578125 -0.440948486328125
-0.00783205032348633 0.00458097457885742 0.74639892578125 0.19525146484375
-0.00575637817382812 -0.0417137145996094 0.35845947265625 0.82879638671875
0.0139169692993164 -0.00169086456298828 -0.16259765625 0.63861083984375
0.0200462341308594 0.0118255615234375 3.81469726562425E-05 0.0856399536132813
0.0180644989013672 -0.00836563110351563 0.24627685546875 -0.5440673828125
0.0207710266113281 -0.0232696533203125 -0.27764892578125 -0.85321044921875
0.00731468200683594 -0.00691461563110352 -0.78460693359375 -0.22113037109375
-0.000578999519348145 0.00180709362030029 -0.4742431640625 0.427825927734375
0.00160694122314453 -0.0108537673950195 -0.0140380859375 0.4658203125
-0.00507926940917969 -0.00368595123291016 0.28411865234375 0.149139404296875
-0.0036931037902832 -0.000108718872070313 0.316253662109375 -0.127288818359375
-0.00952529907226562 -0.0220966339111328 -0.263275146484375 0.155319213867188
0.00702857971191406 -0.0229740142822266 -0.244277954101563 -0.13470458984375
0.00859546661376953 -0.016627311706543 0.00793457031250004 -0.4390869140625
0.0108833312988281 0.0208358764648438 0.46405029296875 -0.440155029296875
-0.000584125518798827 0.00805854797363281 0.7421875 0.20281982421875
-0.00372314453125 -0.0338058471679687 0.3485107421875 0.8336181640625
0.00968265533447266 0.00642204284667969 -0.16522216796875 0.6368408203125
0.00994777679443359 0.0163002014160156 0.0050506591796875 0.0831069946289063
0.0117530822753906 -0.000108718872070312 0.243255615234375 -0.548309326171875
0.0226230621337891 -0.0154266357421875 -0.28729248046875 -0.8475341796875
0.0159206390380859 -0.00371742248535156 -0.785888671875 -0.2109375
0.00636959075927734 -0.00223731994628906 -0.469573974609375 0.431976318359375
0.00287437438964844 -0.0185565948486328 -0.00683593750000002 0.4637451171875
-0.00659847259521484 -0.0125484466552734 0.287017822265625 0.14617919921875
-0.00409770011901856 -0.00115394592285156 0.31671142578125 -0.1292724609375
-0.00886154174804687 -0.0227870941162109 -0.266189575195313 0.153564453125
0.00632476806640625 -0.0305213928222656 -0.243545532226563 -0.136444091796875
0.00962257385253906 -0.0237388610839844 0.011016845703125 -0.44293212890625
0.0166492462158203 0.0185565948486328 0.468414306640625 -0.437744140625
0.00586605072021484 0.0118808746337891 0.73846435546875 0.20880126953125
-0.00281143188476562 -0.0267257690429687 0.34063720703125 0.8369140625
0.00488662719726563 0.0125713348388672 -0.16680908203125 0.6304931640625
0.00260353088378906 0.0201930999755859 0.0122222900390625 0.0781936645507813
0.00636768341064453 0.00569057464599609 0.2435302734375 -0.553436279296875
0.0240707397460938 -0.00881767272949219 -0.2962646484375 -0.843994140625
0.0223217010498047 -0.000356674194335937 -0.78973388671875 -0.20062255859375
0.0109930038452148 -0.00503063201904297 -0.46368408203125 0.432220458984375
0.00362014770507813 -0.0252418518066406 -0.00225830078125003 0.4593505859375
-0.00799179077148438 -0.0203323364257813 0.28790283203125 0.144256591796875
-0.00438976287841797 -0.00160622596740723 0.31451416015625 -0.131591796875
-0.00522232055664063 -0.0171422958374023 -0.288299560546875 0.140869140625
0.0135173797607422 0.00713729858398438 -0.259689331054688 -0.13421630859375
0.00835657119750976 0.00545072555541992 -0.00399780273437495 -0.4495849609375
-0.0173854827880859 0.0263805389404297 0.456817626953125 -0.458953857421875
-0.0378341674804688 -0.00693893432617187 0.7523193359375 0.17449951171875
-0.0215644836425781 -0.0662269592285156 0.37530517578125 0.8043212890625
0.0314826965332031 -0.0277919769287109 -0.14111328125 0.6114501953125
0.0567169189453125 -0.00617218017578125 0.0246047973632813 0.0659408569335938
0.0353889465332031 -0.0327682495117188 0.26800537109375 -0.5616455078125
0.00817489624023437 -0.0466766357421875 -0.2607421875 -0.87237548828125
-0.0239906311035156 -0.0198230743408203 -0.78515625 -0.24267578125
-0.0220870971679687 0.00495147705078125 -0.485107421875 0.415679931640625
-0.00154781341552734 0.00217354297637939 -0.02142333984375 0.461456298828125
-0.000349044799804689 0.0180454254150391 0.273391723632812 0.152969360351563
-0.00311040878295898 0.00586509704589844 0.30230712890625 -0.1356201171875
-0.00536918640136719 -0.017481803894043 -0.281982421875 0.1441650390625
0.0144453048706055 0.00961589813232422 -0.259033203125 -0.130935668945312
0.00764131546020508 0.00720405578613281 -0.00772094726562504 -0.44244384765625
-0.0173053741455078 0.0279827117919922 0.4515380859375 -0.459442138671875
-0.03704833984375 -0.00566101074218749 0.75244140625 0.16595458984375
-0.0206947326660156 -0.0662117004394531 0.38262939453125 0.8016357421875
0.0312843322753906 -0.0284690856933594 -0.14007568359375 0.62237548828125
0.0553627014160156 -0.00557708740234375 0.0136795043945313 0.0751419067382812
0.03582763671875 -0.0317611694335938 0.268280029296875 -0.552703857421875
0.0104637145996094 -0.0469017028808594 -0.2498779296875 -0.8743896484375
-0.022796630859375 -0.0200366973876953 -0.78070068359375 -0.251220703125
-0.0226325988769531 0.00590896606445313 -0.490814208984375 0.41162109375
-0.00259542465209961 0.00515604019165039 -0.0272216796875 0.4639892578125
-0.000358581542968752 0.0198497772216797 0.273406982421875 0.155563354492188
-0.00260829925537109 0.00547170639038086 0.30615234375 -0.133392333984375
-0.00659942626953125 -0.0177402496337891 -0.27490234375 0.147842407226562
0.0141448974609375 0.00732994079589844 -0.25537109375 -0.129730224609375
0.00803136825561523 0.0073390007019043 -0.00668334960937496 -0.438629150390625
-0.0147457122802734 0.0283775329589844 0.45166015625 -0.455535888671875
-0.0326309204101563 -0.00439262390136719 0.752197265625 0.168701171875
-0.0172271728515625 -0.0630340576171875 0.38311767578125 0.807861328125
0.0286121368408203 -0.0231418609619141 -0.1434326171875 0.63079833984375
0.0492286682128906 -0.00236892700195313 0.0059661865234375 0.0812530517578125
0.0340900421142578 -0.0278415679931641 0.263702392578125 -0.545989990234375
0.0131149291992188 -0.0443115234375 -0.2489013671875 -0.8719482421875
-0.0181083679199219 -0.0180816650390625 -0.78167724609375 -0.25274658203125
-0.0201511383056641 0.00615882873535156 -0.49114990234375 0.413482666015625
-0.0030522346496582 0.00466728210449219 -0.02825927734375 0.46600341796875
-0.00127220153808594 0.0180168151855469 0.274932861328125 0.155471801757813
-0.00308322906494141 0.00532293319702148 0.309722900390625 -0.13006591796875
-0.00730705261230469 -0.0194187164306641 -0.269302368164063 0.150909423828125
0.0124006271362305 0.00238895416259766 -0.25213623046875 -0.131515502929687
0.00792074203491211 0.00314617156982422 -0.00283813476562496 -0.437744140625
-0.0101737976074219 0.0276756286621094 0.45770263671875 -0.4478759765625
-0.0252704620361328 -0.00248336791992188 0.75103759765625 0.1783447265625
-0.013153076171875 -0.0573272705078125 0.37548828125 0.81756591796875
0.0251502990722656 -0.0169143676757813 -0.15167236328125 0.63641357421875
0.04034423828125 0.00242233276367188 0.000923156738281245 0.0845565795898438
0.0298557281494141 -0.0225925445556641 0.257293701171875 -0.545928955078125
0.0154647827148437 -0.0381851196289063 -0.2589111328125 -0.86639404296875
-0.0112667083740234 -0.0155649185180664 -0.78369140625 -0.24298095703125
-0.0149660110473633 0.00606536865234375 -0.48638916015625 0.4207763671875
-0.00163567066192627 0.00187385082244873 -0.023345947265625 0.467742919921875
-0.00182247161865234 0.0127887725830078 0.2779541015625 0.153472900390625
-0.00349187850952149 0.00307178497314453 0.31396484375 -0.128692626953125
-0.00839805603027344 -0.0205440521240234 -0.264434814453125 0.152740478515625
0.0109434127807617 -0.00509834289550781 -0.247787475585937 -0.132110595703125
0.00784873962402344 -0.00199317932128906 0.00146484375000005 -0.438018798828125
-0.00294685363769531 0.0253353118896484 0.46002197265625 -0.445892333984375
-0.0167217254638672 0.00109577178955078 0.75006103515625 0.18743896484375
-0.00953292846679687 -0.0498733520507813 0.36669921875 0.82684326171875
0.0206508636474609 -0.00955390930175781 -0.1591796875 0.6397705078125
0.0309829711914063 0.00671768188476563 -0.00128173828125001 0.086029052734375
0.0243034362792969 -0.0154514312744141 0.251190185546875 -0.544158935546875
0.0185031890869141 -0.0308895111083984 -0.26806640625 -0.862548828125
-0.00177669525146484 -0.0119638442993164 -0.7860107421875 -0.23370361328125
-0.00791549682617188 0.00377368927001953 -0.484100341796875 0.42578125
-0.000632286071777344 -0.00411295890808105 -0.019744873046875 0.46868896484375
-0.00328540802001953 0.00512790679931641 0.28179931640625 0.151824951171875
-0.00328969955444336 0.00259494781494141 0.315521240234375 -0.127197265625
-0.00899887084960938 -0.0214424133300781 -0.264053344726563 0.154876708984375
0.00876903533935547 -0.0134496688842773 -0.245803833007812 -0.1336669921875
0.00841426849365234 -0.00897026062011719 0.00723266601562499 -0.437591552734375
0.00417709350585937 0.02313232421875 0.465240478515625 -0.4432373046875
-0.00825738906860352 0.00505256652832031 0.74700927734375 0.1956787109375
-0.00639724731445313 -0.0429000854492187 0.3599853515625 0.83056640625
0.0150966644287109 -0.00117301940917969 -0.1632080078125 0.6409912109375
0.0203208923339844 0.0122108459472656 -8.39233398437581E-05 0.085968017578125
0.0179958343505859 -0.00810813903808594 0.247406005859375 -0.5458984375
0.0210933685302734 -0.0232772827148438 -0.278076171875 -0.858154296875
0.00841665267944336 -0.00697898864746094 -0.78802490234375 -0.22369384765625
-0.000350773334503174 0.000998616218566895 -0.4781494140625 0.429656982421875
0.000653266906738281 -0.0105524063110352 -0.0152587890625 0.468414306640625
-0.00446367263793945 -0.00328254699707031 0.28533935546875 0.149444580078125
-0.00313210487365723 0.000943660736083985 0.318572998046875 -0.12799072265625
-0.00947952270507813 -0.0217609405517578 -0.263656616210938 0.155776977539063
0.00683212280273438 -0.0225429534912109 -0.244491577148437 -0.135726928710938
0.00867652893066406 -0.0168619155883789 0.00912475585937496 -0.440948486328125
0.0118389129638672 0.0206718444824219 0.4661865234375 -0.44122314453125
-0.000831604003906251 0.0080265998840332 0.74432373046875 0.20465087890625
-0.00415611267089844 -0.0342941284179688 0.3504638671875 0.83917236328125
0.00944328308105469 0.00684452056884766 -0.164794921875 0.6395263671875
0.0107841491699219 0.0162820816040039 0.00475311279296875 0.0834884643554688
0.0119647979736328 -0.000477790832519531 0.24554443359375 -0.54962158203125
0.0227584838867188 -0.0156078338623047 -0.28692626953125 -0.852294921875
0.0159492492675781 -0.00374221801757812 -0.7906494140625 -0.2130126953125
0.00617265701293945 -0.00222396850585938 -0.473358154296875 0.43280029296875
0.00200271606445313 -0.0183258056640625 -0.00784301757812496 0.46533203125
-0.00630283355712891 -0.0123662948608398 0.287445068359375 0.146575927734375
-0.00362539291381836 -0.000665664672851562 0.31732177734375 -0.130096435546875
-0.00881576538085938 -0.0228843688964844 -0.26654052734375 0.153823852539062
0.00569343566894532 -0.0299873352050781 -0.243972778320313 -0.137802124023437
0.00920486450195312 -0.0235061645507813 0.013580322265625 -0.445831298828125
0.0170249938964844 0.0184707641601563 0.47027587890625 -0.43914794921875
0.00542926788330078 0.0111207962036133 0.7413330078125 0.2113037109375
-0.00329208374023438 -0.0271892547607422 0.34130859375 0.84063720703125
0.00504589080810547 0.0131139755249023 -0.167236328125 0.63330078125
0.00281524658203125 0.0201625823974609 0.01226806640625 0.0783920288085938
0.00636959075927734 0.00594854354858398 0.245086669921875 -0.553924560546875
0.0237922668457031 -0.00900459289550781 -0.29547119140625 -0.8482666015625
0.0223503112792969 -0.000612258911132813 -0.79400634765625 -0.20355224609375
0.0109682083129883 -0.00521373748779297 -0.468505859375 0.43402099609375
0.00286865234375 -0.0250453948974609 -0.00335693359375004 0.461212158203125
-0.00767135620117187 -0.0207653045654297 0.288421630859375 0.144866943359375
-0.00355267524719238 -0.00145959854125977 0.315460205078125 -0.13287353515625
-0.00560474395751953 -0.0162525177001953 -0.289337158203125 0.142578125
0.0134305953979492 0.00784969329833984 -0.259979248046875 -0.13482666015625
0.00786733627319336 0.00524568557739258 -0.00225830078125004 -0.45172119140625
-0.0164947509765625 0.0265674591064453 0.45941162109375 -0.460418701171875
-0.0385208129882813 -0.00760650634765625 0.7572021484375 0.1744384765625
-0.0225410461425781 -0.06683349609375 0.37841796875 0.808837890625
0.0314826965332031 -0.0275955200195313 -0.1402587890625 0.61431884765625
0.0572128295898437 -0.00648117065429688 0.0246810913085938 0.0664596557617188
0.0353775024414063 -0.0335121154785156 0.270751953125 -0.56463623046875
0.00809097290039063 -0.0466995239257813 -0.26458740234375 -0.876708984375
-0.0231800079345703 -0.0201778411865234 -0.78900146484375 -0.24188232421875
-0.0226974487304688 0.00431442260742188 -0.48876953125 0.417633056640625
-0.00205540657043457 0.0025629997253418 -0.021881103515625 0.462310791015625
-0.000146865844726561 0.0178699493408203 0.275192260742188 0.153579711914063
-0.0025334358215332 0.00598669052124024 0.30389404296875 -0.13739013671875
-0.00569915771484375 -0.0171279907226563 -0.282745361328125 0.145111083984375
0.0145711898803711 0.00922584533691406 -0.259323120117187 -0.132156372070313
0.00768041610717773 0.00786495208740234 -0.00637817382812495 -0.4447021484375
-0.0169143676757812 0.0288658142089844 0.453155517578125 -0.461334228515625
-0.0368232727050781 -0.00614166259765625 0.755615234375 0.16705322265625
-0.0214042663574219 -0.0668258666992188 0.3851318359375 0.80548095703125
0.0315055847167969 -0.0273170471191406 -0.14013671875 0.6246337890625
0.0556907653808594 -0.00477218627929688 0.0132675170898437 0.0750885009765625
0.036712646484375 -0.0314903259277344 0.27008056640625 -0.554443359375
0.0105667114257813 -0.0470733642578125 -0.25091552734375 -0.87835693359375
-0.0226478576660156 -0.0200271606445312 -0.78753662109375 -0.252685546875
-0.0234107971191406 0.00555419921875 -0.49407958984375 0.4150390625
-0.00244951248168945 0.004974365234375 -0.028289794921875 0.467010498046875
7.62939453124999E-06 0.0197410583496094 0.275009155273438 0.156341552734375
-0.00256204605102539 0.00618362426757813 0.3072509765625 -0.135345458984375
-0.00673961639404297 -0.0170936584472656 -0.27557373046875 0.1492919921875
0.0136995315551758 0.00788974761962891 -0.256439208984375 -0.130966186523438
0.00837802886962891 0.00752782821655273 -0.00598144531250002 -0.44256591796875
-0.0139198303222656 0.0279445648193359 0.453216552734375 -0.45965576171875
-0.0326175689697266 -0.00463294982910157 0.75738525390625 0.16912841796875
-0.0182991027832031 -0.0639152526855469 0.3858642578125 0.81103515625
0.0292816162109375 -0.0228424072265625 -0.1439208984375 0.63311767578125
0.0496063232421875 -0.00216293334960938 0.00563812255859375 0.08203125
0.0345649719238281 -0.0273933410644531 0.265472412109375 -0.54803466796875
0.0138282775878906 -0.0440406799316406 -0.2506103515625 -0.8775634765625
-0.0181427001953125 -0.0191936492919922 -0.788818359375 -0.25445556640625
-0.0207862854003906 0.00644302368164063 -0.49627685546875 0.415496826171875
-0.00305557250976563 0.00525045394897461 -0.02984619140625 0.46893310546875
-0.000864028930664061 0.0181522369384766 0.2762451171875 0.155181884765625
-0.00223875045776367 0.00507354736328125 0.311431884765625 -0.131195068359375
-0.00719070434570312 -0.0188331604003906 -0.270050048828125 0.152099609375
0.0125560760498047 0.00354766845703125 -0.252548217773438 -0.131454467773438
0.00792884826660156 0.00339078903198242 -0.00198364257812498 -0.4403076171875
-0.0090179443359375 0.0274982452392578 0.45947265625 -0.452545166015625
-0.0258293151855469 -0.00252532958984376 0.75665283203125 0.17987060546875
-0.0140304565429688 -0.0583915710449219 0.37847900390625 0.822021484375
0.0257949829101563 -0.0162181854248047 -0.15252685546875 0.6392822265625
0.0408859252929688 0.00226211547851563 0.00111389160156251 0.0849227905273438
0.0299053192138672 -0.0219745635986328 0.259002685546875 -0.548614501953125
0.0161476135253906 -0.0382232666015625 -0.2608642578125 -0.87164306640625
-0.0107421875 -0.0156917572021484 -0.7901611328125 -0.24383544921875
-0.0150918960571289 0.00572586059570312 -0.4903564453125 0.422943115234375
-0.00179564952850342 0.00201117992401123 -0.023712158203125 0.472381591796875
-0.00149631500244141 0.0129795074462891 0.280029296875 0.154067993164063
-0.00246524810791016 0.00407171249389649 0.31414794921875 -0.130157470703125
-0.00799751281738281 -0.0198898315429688 -0.265594482421875 0.154052734375
0.0102767944335938 -0.00432491302490234 -0.24853515625 -0.132904052734375
0.00731754302978516 -0.00232934951782227 0.00210571289062505 -0.440704345703125
-0.00223350524902344 0.0253791809082031 0.463134765625 -0.446746826171875
-0.0174474716186523 0.000975608825683593 0.75518798828125 0.18768310546875
-0.0104942321777344 -0.0514907836914063 0.37054443359375 0.8309326171875
0.0200481414794922 -0.00896263122558594 -0.15771484375 0.64459228515625
0.0316276550292969 0.00740814208984375 -0.000755310058593741 0.0867156982421875
0.0245304107666016 -0.0146369934082031 0.252960205078125 -0.546844482421875
0.0191268920898438 -0.0312080383300781 -0.26983642578125 -0.86822509765625
-0.00138378143310547 -0.0115175247192383 -0.79193115234375 -0.2344970703125
-0.00812959671020508 0.00384187698364258 -0.486053466796875 0.428070068359375
-0.000637292861938477 -0.0037534236907959 -0.020751953125 0.47296142578125
-0.00290870666503906 0.00517559051513672 0.283660888671875 0.151824951171875
-0.0023808479309082 0.00254511833190918 0.317352294921875 -0.128662109375
-0.00864410400390625 -0.0204200744628906 -0.263748168945313 0.155975341796875
0.00849628448486328 -0.0126504898071289 -0.247268676757812 -0.134231567382813
0.00762081146240234 -0.0093994140625 0.00570678710937497 -0.44134521484375
0.00470924377441406 0.0235309600830078 0.466522216796875 -0.44500732421875
-0.00841856002807617 0.00418472290039062 0.75189208984375 0.19586181640625
-0.00673675537109375 -0.0432319641113281 0.3614501953125 0.838134765625
0.015681266784668 -0.000622749328613281 -0.1617431640625 0.6434326171875
0.0208835601806641 0.0120468139648438 0.000488281250000007 0.0865325927734375
0.0187492370605469 -0.00770187377929687 0.25042724609375 -0.550384521484375
0.0214633941650391 -0.0233573913574219 -0.27972412109375 -0.8629150390625
0.00825262069702148 -0.00804328918457031 -0.79461669921875 -0.22509765625
-0.000403940677642822 0.000916182994842529 -0.483306884765625 0.432525634765625
0.000712394714355468 -0.0103349685668945 -0.014984130859375 0.469970703125
-0.00445270538330078 -0.00316238403320312 0.286285400390625 0.150238037109375
-0.00289130210876465 0.000885725021362304 0.319091796875 -0.12908935546875
-0.00892829895019531 -0.0216579437255859 -0.264389038085938 0.156600952148437
0.00628471374511719 -0.0221996307373047 -0.24462890625 -0.136749267578125
0.00831699371337891 -0.016749382019043 0.00897216796874999 -0.443878173828125
0.0119037628173828 0.0211429595947266 0.4691162109375 -0.44329833984375
-0.000375270843505859 0.00784444808959961 0.74664306640625 0.205322265625
-0.00509071350097656 -0.0342350006103516 0.35235595703125 0.84130859375
0.00978755950927734 0.00685882568359375 -0.166015625 0.64337158203125
0.0115022659301758 0.0170106887817383 0.00518798828124999 0.0837631225585938
0.0121021270751953 -0.000475883483886719 0.24755859375 -0.551666259765625
0.0237026214599609 -0.0151824951171875 -0.2872314453125 -0.8590087890625
0.0172185897827148 -0.00385284423828125 -0.79473876953125 -0.2152099609375
0.00650358200073242 -0.00215435028076172 -0.477691650390625 0.435943603515625
0.00194740295410156 -0.0174274444580078 -0.00741577148437497 0.46795654296875
-0.00693893432617188 -0.0119295120239258 0.2889404296875 0.147247314453125
-0.00270295143127441 -0.00029611587524414 0.31903076171875 -0.131317138671875
-0.0087432861328125 -0.021270751953125 -0.266952514648438 0.156097412109375
0.00476837158203125 -0.0301036834716797 -0.24432373046875 -0.13848876953125
0.00898170471191406 -0.0239467620849609 0.012451171875 -0.44866943359375
0.0180511474609375 0.0177631378173828 0.472137451171875 -0.44140625
0.00505447387695313 0.0108852386474609 0.7445068359375 0.2117919921875
-0.00413322448730469 -0.0277004241943359 0.343994140625 0.84521484375
0.00524520874023437 0.0133266448974609 -0.16839599609375 0.63763427734375
0.0036773681640625 0.021209716796875 0.0119857788085938 0.07952880859375
0.00689888000488281 0.00526905059814453 0.247100830078125 -0.5574951171875
0.0249576568603516 -0.00918197631835938 -0.29644775390625 -0.85418701171875
0.0234088897705078 -0.00120735168457031 -0.79931640625 -0.20458984375
0.0109739303588867 -0.00589084625244141 -0.47149658203125 0.437896728515625
0.00322723388671875 -0.0250892639160156 -0.00408935546875005 0.464141845703125
-0.00783729553222656 -0.0194206237792969 0.2896728515625 0.14501953125
-0.00327825546264648 -0.00117993354797363 0.317047119140625 -0.13299560546875
-0.00495624542236328 -0.015477180480957 -0.290130615234375 0.14471435546875
0.0137825012207031 0.00852489471435547 -0.262908935546875 -0.135589599609375
0.00739479064941406 0.00540590286254883 -0.00241088867187501 -0.455169677734375
-0.0163860321044922 0.0263252258300781 0.462646484375 -0.465545654296875
-0.0398902893066406 -0.006561279296875 0.76202392578125 0.17474365234375
-0.023406982421875 -0.0675048828125 0.38134765625 0.81414794921875
0.0323524475097656 -0.0277576446533203 -0.13885498046875 0.61810302734375
0.0587539672851562 -0.00551986694335938 0.0248222351074219 0.0666732788085938
0.0358390808105469 -0.0330047607421875 0.27203369140625 -0.569580078125
0.00848388671875 -0.0468254089355469 -0.26666259765625 -0.883544921875
-0.0240421295166016 -0.0203323364257812 -0.7978515625 -0.24462890625
-0.0227870941162109 0.00420570373535156 -0.49420166015625 0.42279052734375
-0.00261497497558594 0.00293684005737305 -0.0213623046875 0.465972900390625
-0.000251770019531249 0.0188350677490234 0.27655029296875 0.154495239257813
-0.0022740364074707 0.00657463073730469 0.305694580078125 -0.140350341796875
-0.00472164154052734 -0.015620231628418 -0.28399658203125 0.147064208984375
0.0143318176269531 0.0107154846191406 -0.261688232421875 -0.132827758789063
0.00806474685668945 0.00741434097290039 -0.00653076171874997 -0.448974609375
-0.0167102813720703 0.0289878845214844 0.455474853515625 -0.4639892578125
-0.0379791259765625 -0.00682449340820312 0.760498046875 0.16583251953125
-0.0222129821777344 -0.0671005249023438 0.388671875 0.81085205078125
0.0318031311035156 -0.0272560119628906 -0.1397705078125 0.62896728515625
0.0567359924316406 -0.0049896240234375 0.0138626098632812 0.0760345458984375
0.037017822265625 -0.0315704345703125 0.271697998046875 -0.55810546875
0.0108871459960938 -0.047576904296875 -0.25494384765625 -0.8853759765625
-0.0224628448486328 -0.0211906433105469 -0.7940673828125 -0.2552490234375
-0.0229129791259766 0.00580596923828125 -0.499786376953125 0.418243408203125
-0.00338888168334961 0.00595712661743164 -0.02801513671875 0.469879150390625
-0.000303268432617187 0.0208606719970703 0.276504516601563 0.156661987304688
-0.00233221054077148 0.00652122497558594 0.3095703125 -0.135833740234375
-0.00632762908935547 -0.016270637512207 -0.276229858398438 0.15069580078125
0.0131454467773438 0.00906753540039063 -0.258163452148438 -0.131637573242188
0.00742769241333008 0.00688838958740234 -0.00634765624999996 -0.445709228515625
-0.0139541625976563 0.0284423828125 0.456085205078125 -0.462066650390625
-0.0330867767333984 -0.00460624694824219 0.7623291015625 0.1689453125
-0.0189437866210938 -0.0640869140625 0.39166259765625 0.81744384765625
0.0292472839355469 -0.0227909088134766 -0.14404296875 0.63787841796875
0.0505027770996094 -0.0023345947265625 0.00550842285156251 0.0825958251953125
0.0350685119628906 -0.0277976989746094 0.26715087890625 -0.5511474609375
0.0132408142089844 -0.0438232421875 -0.25238037109375 -0.88458251953125
-0.0180568695068359 -0.0195293426513672 -0.794189453125 -0.25701904296875
-0.020904541015625 0.00632667541503906 -0.500396728515625 0.421234130859375
-0.00307893753051758 0.0056920051574707 -0.029266357421875 0.47125244140625
-0.00131034851074219 0.0183315277099609 0.278030395507813 0.15594482421875
-0.00185441970825195 0.00617361068725586 0.312347412109375 -0.1331787109375
-0.00700759887695313 -0.0177516937255859 -0.270477294921875 0.15423583984375
0.0124979019165039 0.00364112854003906 -0.2540283203125 -0.132644653320313
0.00735235214233399 0.00318431854248047 -0.00234985351562502 -0.444793701171875
-0.00910377502441407 0.0282497406005859 0.462432861328125 -0.455108642578125
-0.0260829925537109 -0.00223159790039063 0.76031494140625 0.1787109375
-0.0148468017578125 -0.0594406127929687 0.3824462890625 0.82904052734375
0.0259799957275391 -0.0161991119384766 -0.15057373046875 0.64471435546875
0.0422782897949219 0.00257110595703125 0.0018310546875 0.0853118896484375
0.0303573608398437 -0.0222434997558594 0.259857177734375 -0.55126953125
0.016632080078125 -0.038421630859375 -0.263916015625 -0.8778076171875
-0.0103616714477539 -0.0165023803710937 -0.79669189453125 -0.2459716796875
-0.0152359008789062 0.00579357147216797 -0.49517822265625 0.427398681640625
-0.00239706039428711 0.00279355049133301 -0.0248107910156249 0.4742431640625
-0.00255298614501953 0.0137395858764648 0.282012939453125 0.154022216796875
-0.00174283981323242 0.00451183319091797 0.316864013671875 -0.131805419921875
-0.00784492492675781 -0.0183753967285156 -0.266220092773437 0.156585693359375
0.0101251602172852 -0.00354290008544922 -0.2510986328125 -0.133941650390625
0.00695991516113281 -0.00220489501953125 0.00170898437500001 -0.444000244140625
-0.00159072875976562 0.0258121490478516 0.465576171875 -0.452239990234375
-0.0182552337646484 -0.00015830993652344 0.75927734375 0.18963623046875
-0.011260986328125 -0.05169677734375 0.3739013671875 0.83734130859375
0.0210132598876953 -0.00819587707519531 -0.15826416015625 0.6480712890625
0.0323448181152344 0.00683212280273438 -0.00053405761718749 0.0874786376953125
0.024505615234375 -0.0151233673095703 0.254364013671875 -0.5509033203125
0.018798828125 -0.0315666198730469 -0.27276611328125 -0.8746337890625
-0.000923156738281251 -0.0119094848632812 -0.7999267578125 -0.23583984375
-0.00791311264038086 0.00370359420776367 -0.49273681640625 0.4322509765625
-0.000507831573486328 -0.00323295593261719 -0.021331787109375 0.474365234375
-0.00369739532470703 0.00578641891479492 0.28564453125 0.152587890625
-0.00108718872070312 0.00330042839050293 0.3193359375 -0.13018798828125
-0.00878715515136719 -0.0197010040283203 -0.264556884765625 0.158004760742188
0.00818157196044922 -0.0121974945068359 -0.248367309570312 -0.13531494140625
0.00737094879150391 -0.0093393325805664 0.00582885742187503 -0.44622802734375
0.005462646484375 0.0235576629638672 0.469512939453125 -0.449737548828125
-0.00847339630126953 0.00400733947753906 0.75750732421875 0.19720458984375
-0.00770187377929688 -0.0430221557617188 0.3662109375 0.84405517578125
0.0155706405639648 -0.000710487365722656 -0.1639404296875 0.64923095703125
0.0212249755859375 0.01190185546875 0.000213623046874994 0.0871124267578125
0.0183391571044922 -0.00789451599121094 0.25054931640625 -0.551788330078125
0.0216331481933594 -0.0232582092285156 -0.281982421875 -0.86865234375
0.00876808166503906 -0.00814485549926758 -0.8013916015625 -0.22698974609375
-0.000635385513305664 0.000572383403778076 -0.488311767578125 0.4364013671875
0.000477790832519531 -0.0101680755615234 -0.01513671875 0.4735107421875
-0.00488567352294922 -0.00304555892944336 0.2889404296875 0.1507568359375
-0.00204896926879883 0.00115597248077393 0.3211669921875 -0.131622314453125
-0.00852584838867188 -0.0199604034423828 -0.264495849609375 0.158065795898437
0.00611114501953125 -0.0216312408447266 -0.246597290039063 -0.13653564453125
0.00785160064697266 -0.0171833038330078 0.00979614257812501 -0.4486083984375
0.0129032135009766 0.0205249786376953 0.471649169921875 -0.4471435546875
-0.000346660614013673 0.00779819488525391 0.75323486328125 0.20562744140625
-0.0059967041015625 -0.0355567932128906 0.356689453125 0.84912109375
0.0104637145996094 0.00730133056640625 -0.16607666015625 0.6475830078125
0.0117254257202148 0.0160770416259766 0.00531768798828124 0.084228515625
0.0122280120849609 -2.38418579101563E-05 0.24761962890625 -0.556304931640625
0.0236225128173828 -0.0152988433837891 -0.28973388671875 -0.86383056640625
0.0178565979003906 -0.00382423400878906 -0.80267333984375 -0.21368408203125
0.00621318817138672 -0.00256156921386719 -0.482635498046875 0.439605712890625
0.000986099243164062 -0.0185642242431641 -0.00848388671875003 0.470550537109375
-0.00726890563964844 -0.0114898681640625 0.29071044921875 0.147705078125
-0.00187957286834717 0.000748991966247559 0.3206787109375 -0.1331787109375
-0.00861930847167969 -0.0208911895751953 -0.268234252929688 0.156692504882813
0.00494956970214844 -0.0287399291992188 -0.24658203125 -0.139572143554688
0.00786018371582031 -0.0236301422119141 0.012908935546875 -0.4530029296875
0.0187950134277344 0.0180149078369141 0.47576904296875 -0.445892333984375
0.00522136688232422 0.0106744766235352 0.75 0.21429443359375
-0.00460052490234375 -0.0283756256103516 0.34771728515625 0.84991455078125
0.00491905212402344 0.0137977600097656 -0.16705322265625 0.640869140625
0.00400733947753906 0.0207958221435547 0.01214599609375 0.0796661376953125
0.0067296028137207 0.00591135025024414 0.2484130859375 -0.561279296875
0.0244064331054688 -0.00915718078613281 -0.30108642578125 -0.86126708984375
0.0239028930664063 -0.000970840454101563 -0.80499267578125 -0.20599365234375
0.0112972259521484 -0.00629615783691406 -0.4761962890625 0.4412841796875
0.00235939025878906 -0.0244808197021484 -0.00256347656250003 0.46661376953125
-0.00793266296386718 -0.0193252563476563 0.2923583984375 0.14569091796875
-0.00203442573547363 -0.000940322875976562 0.318359375 -0.1348876953125
-0.00532245635986328 -0.0144996643066406 -0.291259765625 0.147003173828125
0.0136203765869141 0.00957107543945313 -0.264373779296875 -0.134796142578125
0.0074925422668457 0.00534820556640625 -0.00372314453124998 -0.460113525390625
-0.0162391662597656 0.0272407531738281 0.46319580078125 -0.470611572265625
-0.0396499633789063 -0.00704956054687499 0.7677001953125 0.1732177734375
-0.024658203125 -0.068145751953125 0.388916015625 0.81854248046875
0.0321979522705078 -0.0275535583496094 -0.14013671875 0.62353515625
0.0592765808105469 -0.00643157958984375 0.0253715515136719 0.0671234130859375
0.0361442565917969 -0.0331497192382813 0.27301025390625 -0.57366943359375
0.00855255126953125 -0.0482673645019531 -0.269287109375 -0.8885498046875
-0.0236396789550781 -0.0210456848144531 -0.80560302734375 -0.24249267578125
-0.0230846405029297 0.00468254089355469 -0.4976806640625 0.427764892578125
-0.00268077850341797 0.00383758544921875 -0.021636962890625 0.470306396484375
5.72204589843592E-06 0.0188961029052734 0.27935791015625 0.153518676757813
-0.000852584838867187 0.006500244140625 0.306915283203125 -0.14208984375
-0.00506305694580078 -0.0146722793579102 -0.28399658203125 0.149993896484375
0.013916015625 0.0109720230102539 -0.263809204101562 -0.132827758789063
0.00729703903198242 0.00777530670166016 -0.00833129882812502 -0.453460693359375
-0.0160503387451172 0.0283737182617187 0.45635986328125 -0.47027587890625
-0.0388908386230469 -0.00638198852539063 0.7672119140625 0.16424560546875
-0.0229835510253906 -0.0680465698242188 0.39691162109375 0.8165283203125
0.0324993133544922 -0.0268135070800781 -0.13922119140625 0.63446044921875
0.0573539733886719 -0.00524520874023437 0.0140151977539063 0.076934814453125
0.0367507934570313 -0.0319900512695313 0.2720947265625 -0.56341552734375
0.0113067626953125 -0.0478248596191406 -0.258056640625 -0.892822265625
-0.0223045349121094 -0.02191162109375 -0.80096435546875 -0.253662109375
-0.0236530303955078 0.0055694580078125 -0.503570556640625 0.4248046875
-0.00342178344726563 0.00600910186767578 -0.02764892578125 0.472686767578125
-0.000823974609375 0.0211410522460938 0.278793334960938 0.156478881835938
-0.00120782852172852 0.00636482238769531 0.31231689453125 -0.13885498046875
-0.00545692443847656 -0.01580810546875 -0.2769775390625 0.152847290039063
0.0133390426635742 0.00928020477294922 -0.260467529296875 -0.131683349609375
0.00740194320678711 0.0070347785949707 -0.00787353515624999 -0.44952392578125
-0.0135059356689453 0.0285053253173828 0.457855224609375 -0.467010498046875
-0.0338249206542969 -0.00506591796874999 0.7672119140625 0.1669921875
-0.0192832946777344 -0.0645675659179688 0.3968505859375 0.821533203125
0.0304832458496094 -0.0226154327392578 -0.14154052734375 0.640869140625
0.0510902404785156 -0.00229644775390625 0.00609588623046875 0.0828170776367188
0.0351352691650391 -0.0274982452392578 0.2684326171875 -0.557342529296875
0.0137062072753906 -0.0444488525390625 -0.2576904296875 -0.89056396484375
-0.0178279876708984 -0.0196933746337891 -0.8021240234375 -0.25701904296875
-0.0204086303710938 0.00582122802734375 -0.505157470703125 0.42462158203125
-0.00328826904296875 0.00625705718994141 -0.028289794921875 0.47564697265625
-0.000261306762695313 0.0193252563476563 0.280776977539063 0.156509399414063
-0.00107717514038086 0.00584268569946289 0.31512451171875 -0.135162353515625
-0.00646781921386719 -0.0175180435180664 -0.27142333984375 0.156814575195312
0.0119514465332031 0.00451946258544922 -0.255523681640625 -0.132965087890625
0.00709629058837891 0.0035552978515625 -0.00283813476562503 -0.44952392578125
-0.008331298828125 0.0279140472412109 0.463470458984375 -0.46160888671875
-0.0266819000244141 -0.00300216674804688 0.7669677734375 0.17913818359375
-0.0158920288085938 -0.0592079162597656 0.38848876953125 0.8331298828125
0.0260906219482422 -0.0160408020019531 -0.150390625 0.64801025390625
0.0426177978515625 0.003143310546875 0.00227355957031249 0.0855636596679688
0.0303134918212891 -0.0219497680664062 0.259552001953125 -0.555877685546875
0.0172805786132812 -0.0384483337402344 -0.267822265625 -0.88330078125
-0.0102481842041016 -0.0162878036499023 -0.804931640625 -0.2454833984375
-0.0155391693115234 0.00574779510498047 -0.49932861328125 0.433197021484375
-0.00261020660400391 0.00268673896789551 -0.023651123046875 0.479034423828125
-0.00229740142822266 0.0144081115722656 0.284820556640625 0.154937744140625
-0.00140810012817383 0.00409793853759766 0.318359375 -0.134063720703125
-0.007720947265625 -0.0179367065429688 -0.266067504882812 0.1580810546875
0.0100030899047852 -0.00291061401367187 -0.252578735351563 -0.134002685546875
0.00761985778808594 -0.00212621688842773 0.00134277343750004 -0.448760986328125
-0.00140190124511719 0.0257701873779297 0.46685791015625 -0.45623779296875
-0.0182094573974609 0.00028419494628906 0.7652587890625 0.188232421875
-0.0121688842773437 -0.0524368286132812 0.38104248046875 0.841552734375
0.0217075347900391 -0.00784873962402344 -0.15631103515625 0.6513671875
0.03277587890625 0.00712776184082031 -0.000488281249999989 0.087677001953125
0.0249538421630859 -0.0157546997070313 0.25537109375 -0.555389404296875
0.0200462341308594 -0.0311870574951172 -0.27935791015625 -0.87908935546875
-0.000751495361328125 -0.0133228302001953 -0.80706787109375 -0.2371826171875
-0.00808811187744141 0.0033421516418457 -0.496551513671875 0.43798828125
-0.00154972076416016 -0.00226974487304687 -0.019134521484375 0.478973388671875
-0.00374221801757813 0.00612163543701172 0.288330078125 0.15325927734375
-0.00104689598083496 0.00324869155883789 0.32110595703125 -0.1334228515625
-0.00854873657226562 -0.0201377868652344 -0.264633178710938 0.16058349609375
0.00780677795410156 -0.0116472244262695 -0.2510986328125 -0.135391235351562
0.00694465637207031 -0.00977039337158203 0.00411987304687497 -0.449249267578125
0.00659370422363281 0.0229682922363281 0.469696044921875 -0.4539794921875
-0.00923633575439453 0.00403213500976563 0.7623291015625 0.195556640625
-0.0092926025390625 -0.0441322326660156 0.37109375 0.8477783203125
0.0161495208740234 -0.000302314758300781 -0.16168212890625 0.65380859375
0.0219707489013672 0.0114192962646484 0.000907897949218753 0.0880355834960938
0.0185737609863281 -0.00773429870605469 0.252044677734375 -0.5570068359375
0.0221481323242188 -0.0234661102294922 -0.28704833984375 -0.87579345703125
0.00942897796630859 -0.00903034210205078 -0.81109619140625 -0.22540283203125
-0.000167250633239746 0.000565290451049805 -0.49163818359375 0.441802978515625
0.0004119873046875 -0.0100746154785156 -0.014068603515625 0.477630615234375
-0.00513267517089844 -0.00216770172119141 0.290740966796875 0.15087890625
-0.00134634971618652 0.00124406814575195 0.323577880859375 -0.1337890625
-0.00852584838867188 -0.0200405120849609 -0.265182495117188 0.160537719726562
0.00599288940429688 -0.02093505859375 -0.248779296875 -0.136978149414063
0.00741195678710938 -0.0170583724975586 0.00772094726562498 -0.451171875
0.0139980316162109 0.0203800201416016 0.472503662109375 -0.450775146484375
-0.00124263763427734 0.00728368759155273 0.76007080078125 0.20465087890625
-0.0065460205078125 -0.0357627868652344 0.36248779296875 0.8526611328125
0.0100135803222656 0.00760459899902344 -0.16412353515625 0.65155029296875
0.0118675231933594 0.0165691375732422 0.00634765624999999 0.0850601196289062
0.0124292373657227 -1.23977661132812E-05 0.248443603515625 -0.560333251953125
0.0243816375732422 -0.0156230926513672 -0.2958984375 -0.87005615234375
0.0182838439941406 -0.005035400390625 -0.8126220703125 -0.21551513671875
0.00641012191772461 -0.00300312042236328 -0.485015869140625 0.444793701171875
0.00150489807128906 -0.0172042846679688 -0.00805664062499998 0.47503662109375
-0.00660991668701172 -0.0115213394165039 0.29345703125 0.147674560546875
-0.00108444690704346 0.000371396541595459 0.321990966796875 -0.135772705078125
-0.00875473022460938 -0.0205402374267578 -0.268035888671875 0.158737182617188
0.00422477722167968 -0.0289402008056641 -0.247894287109375 -0.139907836914063
0.00746726989746094 -0.0237312316894531 0.012481689453125 -0.45697021484375
0.0189628601074219 0.0178718566894531 0.47711181640625 -0.45135498046875
0.00535488128662109 0.010096549987793 0.75518798828125 0.2125244140625
-0.00558090209960937 -0.0293865203857422 0.35443115234375 0.85626220703125
0.00585556030273438 0.0146760940551758 -0.1658935546875 0.64495849609375
0.00455665588378906 0.0209579467773438 0.0131988525390625 0.0801467895507813
0.00692176818847656 0.0059514045715332 0.24798583984375 -0.56500244140625
0.0251979827880859 -0.00936317443847656 -0.30535888671875 -0.86749267578125
0.0246562957763672 -0.00243949890136719 -0.81329345703125 -0.20452880859375
0.012110710144043 -0.00639438629150391 -0.48065185546875 0.446075439453125
0.00217247009277344 -0.0250453948974609 -0.00323486328125004 0.47149658203125
-0.00845909118652344 -0.0187892913818359 0.294525146484375 0.14544677734375
-0.00166761875152588 -0.00120449066162109 0.321563720703125 -0.13800048828125
-0.00451183319091797 -0.0134963989257812 -0.29119873046875 0.151123046875
0.013859748840332 0.00967884063720703 -0.266921997070313 -0.13568115234375
0.00601720809936523 0.00547027587890625 -0.00573730468750002 -0.464080810546875
-0.0159053802490234 0.0273704528808594 0.464385986328125 -0.476898193359375
-0.0401992797851563 -0.00730514526367188 0.774658203125 0.17083740234375
-0.0250701904296875 -0.0694160461425781 0.39471435546875 0.8240966796875
0.0333251953125 -0.0272655487060547 -0.13604736328125 0.628173828125
0.0601234436035156 -0.00662994384765625 0.0257492065429688 0.0672645568847656
0.0360946655273438 -0.033172607421875 0.2705078125 -0.57763671875
0.00890731811523438 -0.0483741760253906 -0.2764892578125 -0.895751953125
-0.0232028961181641 -0.0215492248535156 -0.8131103515625 -0.24169921875
-0.0230941772460938 0.00430107116699218 -0.50140380859375 0.434844970703125
-0.00330853462219238 0.00386190414428711 -0.0196228027343751 0.47381591796875
0.00034332275390625 0.0197200775146484 0.281646728515625 0.153045654296875
-0.000606536865234376 0.00685262680053711 0.30914306640625 -0.145782470703125
-0.0043182373046875 -0.0144433975219727 -0.284942626953125 0.15350341796875
0.0142354965209961 0.0117254257202148 -0.265579223632813 -0.13299560546875
0.00704622268676758 0.00776052474975586 -0.010833740234375 -0.45849609375
-0.0153083801269531 0.0290813446044922 0.458953857421875 -0.476470947265625
-0.0393028259277344 -0.00694656372070313 0.77398681640625 0.1614990234375
-0.0244255065917969 -0.0682907104492188 0.40374755859375 0.81982421875
0.0329532623291016 -0.0272483825683594 -0.13720703125 0.6380615234375
0.0585174560546875 -0.00563812255859375 0.0149154663085938 0.0768814086914063
0.0372314453125 -0.0316505432128906 0.2720947265625 -0.56915283203125
0.0114364624023437 -0.0485992431640625 -0.26483154296875 -0.896240234375
-0.0223617553710938 -0.0220298767089844 -0.810546875 -0.25360107421875
-0.0238132476806641 0.00519561767578126 -0.506927490234375 0.430084228515625
-0.00383281707763672 0.00695228576660156 -0.024932861328125 0.4764404296875
-6.29425048828116E-05 0.0217571258544922 0.281463623046875 0.156005859375
-0.000548362731933594 0.00740814208984375 0.312286376953125 -0.14202880859375
-0.00519943237304688 -0.0149192810058594 -0.27691650390625 0.155670166015625
0.0136508941650391 0.0103292465209961 -0.262344360351563 -0.130935668945313
0.00650310516357422 0.00694131851196289 -0.00955200195312497 -0.455230712890625
-0.0130138397216797 0.0291996002197266 0.458099365234375 -0.474334716796875
-0.0346813201904297 -0.00525474548339844 0.7744140625 0.1650390625
-0.0205802917480469 -0.0651626586914063 0.40557861328125 0.82672119140625
0.0300426483154297 -0.0227184295654297 -0.139892578125 0.64630126953125
0.0520706176757813 -0.00200271606445313 0.00621795654296876 0.083221435546875
0.0350456237792969 -0.0279407501220703 0.2664794921875 -0.56243896484375
0.0145492553710937 -0.0449867248535156 -0.26446533203125 -0.896240234375
-0.0183982849121094 -0.0203742980957031 -0.810302734375 -0.2532958984375
-0.0204086303710938 0.00554084777832031 -0.5067138671875 0.4320068359375
-0.0034480094909668 0.00645208358764648 -0.026336669921875 0.478668212890625
-0.000970840454101563 0.0197010040283203 0.28375244140625 0.1561279296875
9.0599060058594E-05 0.00653743743896484 0.3162841796875 -0.138641357421875
-0.0064239501953125 -0.0162668228149414 -0.271575927734375 0.159042358398437
0.0118989944458008 0.00480747222900391 -0.25799560546875 -0.13250732421875
0.00685453414916992 0.00364780426025391 -0.00595092773437496 -0.451629638671875
-0.00801467895507813 0.0278549194335937 0.46502685546875 -0.468109130859375
-0.027740478515625 -0.00302886962890625 0.77471923828125 0.17633056640625
-0.0169830322265625 -0.0599594116210938 0.39691162109375 0.839111328125
0.0268096923828125 -0.0159549713134766 -0.14813232421875 0.6529541015625
0.04327392578125 0.00224685668945312 0.00231170654296875 0.0858993530273437
0.0306072235107422 -0.0222930908203125 0.259765625 -0.56146240234375
0.0173377990722656 -0.0389900207519531 -0.2740478515625 -0.88995361328125
-0.010157585144043 -0.0172128677368164 -0.8125 -0.24224853515625
-0.015498161315918 0.005218505859375 -0.50225830078125 0.438568115234375
-0.00322079658508301 0.00290632247924805 -0.021728515625 0.48187255859375
-0.00200080871582031 0.014592170715332 0.287750244140625 0.15325927734375
-0.000713825225830078 0.00455760955810547 0.320556640625 -0.13690185546875
-0.00707340240478516 -0.0174579620361328 -0.266403198242188 0.161483764648438
0.00981998443603516 -0.00290584564208984 -0.254119873046875 -0.133331298828125
0.0063624382019043 -0.00170040130615234 -0.00119018554687496 -0.45245361328125
-0.00118446350097656 0.0261249542236328 0.4669189453125 -0.463623046875
-0.0189590454101563 0.000209808349609375 0.7720947265625 0.18505859375
-0.0133247375488281 -0.0528106689453125 0.38787841796875 0.84735107421875
0.0221347808837891 -0.00787162780761719 -0.15618896484375 0.6572265625
0.0334682464599609 0.00673294067382813 8.39233398437483E-05 0.088348388671875
0.0249576568603516 -0.0147018432617188 0.2562255859375 -0.561431884765625
0.0200290679931641 -0.0314445495605469 -0.2855224609375 -0.884521484375
-0.0004119873046875 -0.0129108428955078 -0.81561279296875 -0.23309326171875
-0.00798940658569336 0.00315523147583008 -0.498931884765625 0.444580078125
-0.00145816802978516 -0.00231552124023437 -0.017913818359375 0.483489990234375
-0.00370216369628906 0.00658369064331055 0.2906494140625 0.1522216796875
-0.000708341598510742 0.00368046760559082 0.323333740234375 -0.13677978515625
-0.00778388977050781 -0.0181789398193359 -0.26434326171875 0.16278076171875
0.00765895843505859 -0.0115194320678711 -0.252548217773438 -0.135543823242188
0.00689029693603516 -0.00991058349609375 0.00198364257812495 -0.4534912109375
0.0064697265625 0.0233421325683594 0.47235107421875 -0.45977783203125
-0.00923919677734375 0.00329208374023438 0.7689208984375 0.19232177734375
-0.00997161865234375 -0.0446434020996094 0.37982177734375 0.852783203125
0.0162067413330078 -0.000168800354003906 -0.1593017578125 0.65911865234375
0.0225257873535156 0.0121955871582031 0.00147247314453126 0.0883026123046875
0.0188636779785156 -0.00719261169433594 0.250213623046875 -0.561798095703125
0.0224838256835938 -0.0237216949462891 -0.29254150390625 -0.880615234375
0.00963878631591797 -0.00936698913574219 -0.8177490234375 -0.22369384765625
-0.000412732362747192 0.000119417905807495 -0.495513916015625 0.447296142578125
0.000241279602050782 -0.00990676879882813 -0.012939453125 0.48089599609375
-0.00532674789428711 -0.00233745574951172 0.293914794921875 0.149505615234375
-5.8293342590332E-05 0.00125110149383545 0.324554443359375 -0.137176513671875
-0.00784492492675781 -0.0192165374755859 -0.265029907226563 0.164031982421875
0.00584030151367188 -0.0206470489501953 -0.250640869140625 -0.136993408203125
0.00716876983642578 -0.0169525146484375 0.00531005859375002 -0.45654296875
0.0142841339111328 0.0201549530029297 0.47467041015625 -0.45843505859375
-0.00113916397094727 0.00729608535766601 0.7642822265625 0.20135498046875
-0.00786972045898438 -0.0366554260253906 0.37066650390625 0.85821533203125
0.0104455947875977 0.00791358947753906 -0.1617431640625 0.65771484375
0.012786865234375 0.0172033309936523 0.00614929199218751 0.085418701171875
0.0122413635253906 0.000321388244628906 0.24786376953125 -0.56622314453125
0.024871826171875 -0.0159435272216797 -0.3028564453125 -0.87713623046875
0.0183773040771484 -0.00555801391601563 -0.82037353515625 -0.21051025390625
0.0072169303894043 -0.0032811164855957 -0.490081787109375 0.452239990234375
0.00113296508789063 -0.0172519683837891 -0.00634765625000002 0.477783203125
-0.007171630859375 -0.0112295150756836 0.295806884765625 0.146087646484375
-0.000866293907165527 0.000450372695922852 0.324066162109375 -0.13873291015625
-0.00779914855957031 -0.019317626953125 -0.268539428710938 0.162857055664062
0.00377464294433594 -0.0283737182617188 -0.25018310546875 -0.139328002929687
0.00714874267578125 -0.0243740081787109 0.010772705078125 -0.4609375
0.020233154296875 0.017608642578125 0.476898193359375 -0.456787109375
0.00459194183349609 0.0105504989624023 0.76190185546875 0.20904541015625
-0.00646781921386719 -0.0294017791748047 0.3616943359375 0.86102294921875
0.00653839111328125 0.014923095703125 -0.16375732421875 0.64971923828125
0.00461006164550781 0.0208492279052734 0.0135498046875 0.080352783203125
0.00716781616210937 0.00669145584106445 0.24871826171875 -0.57049560546875
0.0257949829101563 -0.00925064086914063 -0.31158447265625 -0.8712158203125
0.025054931640625 -0.00232315063476563 -0.8231201171875 -0.2008056640625
0.0113201141357422 -0.00681209564208984 -0.481658935546875 0.4530029296875
0.00142288208007812 -0.0248737335205078 -0.00103759765625002 0.474334716796875
-0.00866127014160156 -0.0191249847412109 0.296844482421875 0.144622802734375
-0.00128042697906494 -0.000873208045959473 0.322265625 -0.140960693359375
-0.00435161590576172 -0.0133886337280273 -0.291778564453125 0.153594970703125
0.0139398574829102 0.0103034973144531 -0.269210815429688 -0.134429931640625
0.00622749328613281 0.00571918487548828 -0.00939941406249999 -0.469085693359375
-0.0149040222167969 0.0271892547607422 0.464599609375 -0.48431396484375
-0.0415534973144531 -0.00756072998046875 0.780517578125 0.1676025390625
-0.0272674560546875 -0.069091796875 0.40570068359375 0.82763671875
0.0340499877929688 -0.02752685546875 -0.13446044921875 0.6314697265625
0.061065673828125 -0.00774002075195313 0.0265769958496094 0.0670356750488281
0.0359611511230469 -0.0337142944335938 0.2711181640625 -0.58514404296875
0.0094757080078125 -0.048187255859375 -0.284912109375 -0.90167236328125
-0.0230884552001953 -0.0213832855224609 -0.822509765625 -0.23712158203125
-0.0236454010009766 0.00375175476074219 -0.5047607421875 0.442352294921875
-0.00320267677307129 0.00407958030700684 -0.01806640625 0.476898193359375
0.0004425048828125 0.0198936462402344 0.28436279296875 0.15252685546875
0.00029134750366211 0.00695371627807617 0.309478759765625 -0.1494140625
-0.00449180603027344 -0.0133066177368164 -0.285125732421875 0.15606689453125
0.0142974853515625 0.0121984481811523 -0.268081665039063 -0.13140869140625
0.00684499740600586 0.00760078430175781 -0.012481689453125 -0.462738037109375
-0.0148696899414063 0.0291500091552734 0.458648681640625 -0.483642578125
-0.0397453308105469 -0.00658035278320312 0.78179931640625 0.15960693359375
-0.0258827209472656 -0.068878173828125 0.41265869140625 0.8226318359375
0.0333480834960938 -0.0273342132568359 -0.13348388671875 0.64306640625
0.0592460632324219 -0.00542068481445313 0.01568603515625 0.0771255493164063
0.0377464294433594 -0.0322494506835938 0.27044677734375 -0.574462890625
0.0117835998535156 -0.0484085083007813 -0.27166748046875 -0.9031982421875
-0.0226306915283203 -0.0225067138671875 -0.81976318359375 -0.2491455078125
-0.0238170623779297 0.00547409057617188 -0.51019287109375 0.437652587890625
-0.00443410873413086 0.00755643844604492 -0.023468017578125 0.481689453125
-0.000772476196289061 0.0215053558349609 0.28466796875 0.1552734375
-8.34465026855468E-05 0.00736427307128906 0.313690185546875 -0.1466064453125
-0.00529289245605469 -0.0139551162719727 -0.277359008789063 0.159835815429687
0.0137615203857422 0.0101385116577148 -0.265029907226563 -0.130325317382812
0.00640392303466797 0.00748586654663086 -0.013671875 -0.459716796875
-0.0120830535888672 0.0297050476074219 0.458526611328125 -0.480926513671875
-0.0352096557617188 -0.00481414794921875 0.781494140625 0.160888671875
-0.0227127075195313 -0.0656280517578125 0.41461181640625 0.83087158203125
0.0316295623779297 -0.0221118927001953 -0.13702392578125 0.6517333984375
0.0532035827636719 -0.00222015380859375 0.00678253173828126 0.083984375
0.0351638793945313 -0.0282745361328125 0.26611328125 -0.567626953125
0.0142440795898438 -0.0447463989257812 -0.27081298828125 -0.90277099609375
-0.0178203582763672 -0.0214099884033203 -0.82061767578125 -0.252685546875
-0.0213031768798828 0.0061492919921875 -0.51080322265625 0.441131591796875
-0.00437688827514648 0.00659513473510742 -0.023651123046875 0.484283447265625
-0.000753402709960938 0.019561767578125 0.286834716796875 0.15545654296875
0.000447750091552734 0.00664997100830078 0.3177490234375 -0.142913818359375
-0.00613975524902344 -0.0156698226928711 -0.271209716796875 0.16265869140625
0.0121860504150391 0.00554943084716797 -0.260818481445313 -0.131561279296875
0.00635099411010742 0.00385189056396484 -0.00836181640624998 -0.45709228515625
-0.00681686401367188 0.028167724609375 0.464324951171875 -0.473876953125
-0.0279388427734375 -0.003448486328125 0.779052734375 0.17205810546875
-0.0184707641601562 -0.0601425170898438 0.40570068359375 0.841552734375
0.0279445648193359 -0.0156135559082031 -0.14459228515625 0.65740966796875
0.0438499450683594 0.00232315063476562 0.00236511230468751 0.0875625610351563
0.0306243896484375 -0.0222663879394531 0.25823974609375 -0.5675048828125
0.0173606872558594 -0.0395927429199219 -0.2822265625 -0.8970947265625
-0.0103340148925781 -0.0175991058349609 -0.82275390625 -0.23956298828125
-0.0155353546142578 0.0050506591796875 -0.50384521484375 0.44671630859375
-0.00364279747009277 0.00397443771362305 -0.019256591796875 0.485198974609375
-0.00236892700195313 0.0150308609008789 0.2906494140625 0.15325927734375
0.000413894653320313 0.00482654571533203 0.321502685546875 -0.140716552734375
-0.00711917877197266 -0.016575813293457 -0.26708984375 0.1649169921875
0.010188102722168 -0.00206947326660156 -0.2574462890625 -0.133407592773437
0.0061945915222168 -0.00246620178222656 -0.00421142578124999 -0.45782470703125
-5.91278076171881E-05 0.0258197784423828 0.467681884765625 -0.468841552734375
-0.0186996459960938 -0.000175476074218748 0.7783203125 0.18212890625
-0.0140266418457031 -0.0534439086914062 0.39825439453125 0.850830078125
0.0229396820068359 -0.00767898559570312 -0.15020751953125 0.662353515625
0.0337429046630859 0.00720024108886719 0.000892639160156247 0.0890655517578125
0.0251884460449219 -0.0154342651367188 0.25469970703125 -0.5660400390625
0.0205249786376953 -0.0322818756103516 -0.291015625 -0.8909912109375
-0.000629425048828125 -0.0139360427856445 -0.8248291015625 -0.2308349609375
-0.00854921340942383 0.00316047668457031 -0.5013427734375 0.451416015625
-0.00169217586517334 -0.00203835964202881 -0.0157470703125 0.48651123046875
-0.00373744964599609 0.00712060928344727 0.293548583984375 0.151123046875
-0.000187873840332031 0.00320816040039063 0.3243408203125 -0.140411376953125
-0.0076904296875 -0.01837158203125 -0.265060424804688 0.166061401367188
0.00741386413574219 -0.0110492706298828 -0.25482177734375 -0.1348876953125
0.00542831420898438 -0.0101947784423828 2.84099760860004E-17 -0.45855712890625
0.00731849670410156 0.0230751037597656 0.471038818359375 -0.467437744140625
-0.00978279113769531 0.00327205657958985 0.77581787109375 0.1884765625
-0.0114326477050781 -0.0455169677734375 0.38836669921875 0.85821533203125
0.0168867111206055 0.000402450561523438 -0.15533447265625 0.6639404296875
0.0233306884765625 0.0120048522949219 0.00215148925781251 0.0883560180664063
0.0189609527587891 -0.00798606872558594 0.2496337890625 -0.5672607421875
0.0225753784179688 -0.0244693756103516 -0.30126953125 -0.8856201171875
0.00948333740234375 -0.00987434387207031 -0.8277587890625 -0.21978759765625
-0.000652492046356201 -9.42349433898926E-05 -0.498077392578125 0.45465087890625
1.04904174804679E-05 -0.00903892517089844 -0.00942993164062502 0.485260009765625
-0.00524044036865234 -0.00190162658691406 0.295989990234375 0.148956298828125
-6.60419464111326E-05 0.00176501274108887 0.326873779296875 -0.140533447265625
-0.00723457336425781 -0.0179901123046875 -0.265045166015625 0.166427612304688
0.00548744201660156 -0.0203189849853516 -0.253463745117188 -0.137054443359375
0.00591754913330078 -0.017359733581543 0.00350952148437497 -0.461090087890625
0.0149021148681641 0.0198326110839844 0.475372314453125 -0.465850830078125
-0.00134658813476563 0.00673818588256836 0.7728271484375 0.19915771484375
-0.00880050659179688 -0.0366744995117188 0.37982177734375 0.863037109375
0.0109138488769531 0.00881671905517578 -0.15740966796875 0.6612548828125
0.0138282775878906 0.0172319412231445 0.0067138671875 0.08636474609375
0.0122947692871094 5.81741333007812E-05 0.24639892578125 -0.5711669921875
0.0248889923095703 -0.0162696838378906 -0.31085205078125 -0.880859375
0.0190906524658203 -0.00547027587890625 -0.82843017578125 -0.20855712890625
0.00601863861083984 -0.00324916839599609 -0.491668701171875 0.459503173828125
-0.000165939331054686 -0.0168447494506836 -0.00372314453124999 0.482574462890625
-0.00663471221923828 -0.011199951171875 0.2989501953125 0.14593505859375
-0.000221014022827148 0.000157088041305542 0.32550048828125 -0.142486572265625
-0.00728607177734375 -0.0193576812744141 -0.268585205078125 0.165878295898438
0.00350761413574219 -0.0279617309570313 -0.252777099609375 -0.138809204101562
0.00697135925292968 -0.0246715545654297 0.00756835937500002 -0.465667724609375
0.0211620330810547 0.01690673828125 0.478271484375 -0.4639892578125
0.00401496887207031 0.00960636138916016 0.770263671875 0.20660400390625
-0.00748252868652343 -0.0299205780029297 0.369140625 0.86529541015625
0.00629997253417969 0.0144691467285156 -0.159912109375 0.656005859375
0.005615234375 0.0210113525390625 0.0139694213867188 0.0809783935546875
0.00724411010742188 0.00638771057128906 0.244873046875 -0.5762939453125
0.0257797241210938 -0.0101299285888672 -0.3209228515625 -0.87615966796875
0.0257606506347656 -0.00289726257324219 -0.8316650390625 -0.1986083984375
0.0115842819213867 -0.00696468353271484 -0.48577880859375 0.46038818359375
0.00179100036621094 -0.0244197845458984 0.00143432617187502 0.47930908203125
-0.00867080688476563 -0.0188140869140625 0.300048828125 0.143402099609375
-0.000427961349487305 -0.000732362270355225 0.32379150390625 -0.144744873046875
-0.00399684906005859 -0.0125226974487305 -0.29150390625 0.158050537109375
0.0138092041015625 0.011387825012207 -0.272201538085938 -0.133621215820312
0.00529861450195313 0.00536680221557617 -0.0140380859375 -0.474884033203125
-0.0148239135742187 0.0275249481201172 0.46270751953125 -0.490478515625
-0.0419425964355469 -0.00734329223632812 0.7884521484375 0.16168212890625
-0.0286140441894531 -0.0695304870605469 0.415771484375 0.83026123046875
0.0341701507568359 -0.0276203155517578 -0.12847900390625 0.6378173828125
0.0613517761230469 -0.0075836181640625 0.0269355773925781 0.06805419921875
0.0361862182617188 -0.0338249206542969 0.26824951171875 -0.59063720703125
0.00962829589843751 -0.0493125915527344 -0.29339599609375 -0.9058837890625
-0.0238304138183594 -0.0221672058105469 -0.8331298828125 -0.23284912109375
-0.0239410400390625 0.00423431396484375 -0.50360107421875 0.4501953125
-0.00341320037841797 0.00488042831420898 -0.01373291015625 0.481719970703125
0.000246047973632812 0.0206851959228516 0.287994384765625 0.150360107421875
0.000758171081542969 0.00731229782104492 0.31036376953125 -0.15362548828125
-0.00353908538818359 -0.0130653381347656 -0.284637451171875 0.16064453125
0.0143842697143555 0.0127725601196289 -0.270309448242188 -0.130661010742187
0.00640726089477539 0.00790882110595703 -0.01715087890625 -0.467315673828125
-0.0146942138671875 0.0295085906982422 0.4578857421875 -0.49127197265625
-0.040679931640625 -0.00680923461914063 0.7880859375 0.15191650390625
-0.0274429321289062 -0.0694541931152344 0.42333984375 0.826904296875
0.0338630676269531 -0.0273647308349609 -0.1278076171875 0.64874267578125
0.0600700378417969 -0.00640106201171875 0.0157470703125 0.0777359008789063
0.0374603271484375 -0.0322532653808594 0.26751708984375 -0.580078125
0.0118942260742187 -0.0496025085449219 -0.2818603515625 -0.908203125
-0.0223197937011719 -0.0224037170410156 -0.8291015625 -0.2452392578125
-0.0241184234619141 0.00514602661132813 -0.5118408203125 0.44744873046875
-0.00436592102050781 0.0078587532043457 -0.018951416015625 0.484619140625
0.000581741333007813 0.0222759246826172 0.2880859375 0.1536865234375
0.000571250915527343 0.00799894332885742 0.31494140625 -0.150390625
-0.00412750244140625 -0.0136890411376953 -0.277359008789063 0.163772583007812
0.0136451721191406 0.010746955871582 -0.267410278320313 -0.128631591796875
0.00636386871337891 0.00732135772705078 -0.017242431640625 -0.463226318359375
-0.0120429992675781 0.0290145874023437 0.459014892578125 -0.487945556640625
-0.0357780456542969 -0.00485610961914062 0.7884521484375 0.15521240234375
-0.0240249633789062 -0.0657615661621094 0.4263916015625 0.8323974609375
0.0314788818359375 -0.0222187042236328 -0.13104248046875 0.65625
0.0532798767089844 -0.00321578979492188 0.00759887695312501 0.0848846435546875
0.0349712371826172 -0.0281963348388672 0.26300048828125 -0.5726318359375
0.0148200988769531 -0.0456733703613281 -0.28216552734375 -0.90850830078125
-0.0180130004882812 -0.0216236114501953 -0.829345703125 -0.24652099609375
-0.0209083557128906 0.00580596923828125 -0.51104736328125 0.4483642578125
-0.00454998016357422 0.00800609588623047 -0.02032470703125 0.488250732421875
-0.000494003295898436 0.0205669403076172 0.290252685546875 0.153228759765625
0.000431060791015625 0.00705480575561524 0.31842041015625 -0.146942138671875
-0.00540828704833985 -0.0154008865356445 -0.271072387695313 0.166839599609375
0.0121984481811523 0.00633621215820313 -0.263458251953125 -0.130935668945313
0.00597906112670898 0.00349950790405273 -0.01129150390625 -0.461669921875
-0.0067901611328125 0.0279350280761719 0.4647216796875 -0.4814453125
-0.0280055999755859 -0.00321578979492187 0.78765869140625 0.16748046875
-0.0198898315429687 -0.0605735778808594 0.41571044921875 0.8436279296875
0.0275936126708984 -0.0159797668457031 -0.13885498046875 0.663818359375
0.0447540283203125 0.00164031982421875 0.00360870361328125 0.08721923828125
0.0308513641357422 -0.0231456756591797 0.25726318359375 -0.57305908203125
0.0174293518066406 -0.0399703979492187 -0.29022216796875 -0.8994140625
-0.0104255676269531 -0.0181770324707031 -0.83209228515625 -0.23321533203125
-0.0160045623779297 0.0054473876953125 -0.507354736328125 0.45574951171875
-0.00312995910644531 0.00372529029846191 -0.01593017578125 0.489471435546875
-0.00174999237060547 0.0154533386230469 0.293426513671875 0.151641845703125
0.000549793243408204 0.00542926788330078 0.32257080078125 -0.145172119140625
-0.00656414031982422 -0.0154962539672852 -0.266189575195313 0.168670654296875
0.00992679595947266 -0.00186729431152344 -0.259506225585938 -0.132003784179687
0.00613212585449219 -0.00235414505004883 -0.008514404296875 -0.46197509765625
8.01086425781263E-05 0.0262584686279297 0.467926025390625 -0.47772216796875
-0.0193576812744141 -0.0001678466796875 0.78570556640625 0.17608642578125
-0.0158424377441406 -0.0538139343261719 0.40899658203125 0.85400390625
0.0233287811279297 -0.00791549682617188 -0.14666748046875 0.66839599609375
0.0346775054931641 0.00664520263671875 0.00146484375000001 0.0891876220703125
0.0252304077148438 -0.0153884887695313 0.250732421875 -0.5716552734375
0.0209503173828125 -0.0327320098876953 -0.3017578125 -0.89544677734375
-0.000378608703613282 -0.0140953063964844 -0.83349609375 -0.22467041015625
-0.00827598571777344 0.00290107727050781 -0.5032958984375 0.459716796875
-0.00284242630004883 -0.0020599365234375 -0.012725830078125 0.49090576171875
-0.00322246551513672 0.00730466842651367 0.296875 0.149658203125
0.000109672546386719 0.00390195846557617 0.32501220703125 -0.145294189453125
-0.00627994537353516 -0.0170507431030273 -0.264251708984375 0.1705322265625
0.00771617889404297 -0.0107259750366211 -0.257186889648438 -0.133880615234375
0.00553417205810547 -0.00983238220214844 -0.00479125976562505 -0.463043212890625
0.00771141052246094 0.0230121612548828 0.470489501953125 -0.476165771484375
-0.00978851318359375 0.00335502624511719 0.78363037109375 0.18463134765625
-0.0123977661132813 -0.0454750061035156 0.40020751953125 0.86004638671875
0.0169591903686523 0.00014495849609375 -0.15020751953125 0.66986083984375
0.0240669250488281 0.0113143920898438 0.00272369384765626 0.0899124145507813
0.0187358856201172 -0.0076141357421875 0.24542236328125 -0.57305908203125
0.0235195159912109 -0.02520751953125 -0.3106689453125 -0.8890380859375
0.0103225708007813 -0.0101585388183594 -0.8358154296875 -0.21484375
-0.000660061836242676 0.000418484210968017 -0.4969482421875 0.46466064453125
-0.000928878784179688 -0.00968837738037109 -0.00567626953124996 0.4906005859375
-0.00513076782226563 -0.00172615051269531 0.300323486328125 0.1473388671875
0.000658512115478516 0.0016632080078125 0.32696533203125 -0.145111083984375
-0.00749778747558594 -0.0176448822021484 -0.264389038085938 0.170623779296875
0.00465774536132812 -0.0199413299560547 -0.255340576171875 -0.135894775390625
0.00598526000976562 -0.0174474716186523 -0.00057983398437498 -0.466888427734375
0.0156917572021484 0.0200347900390625 0.474212646484375 -0.473419189453125
-0.00131797790527344 0.00648117065429688 0.78082275390625 0.19354248046875
-0.00994873046875 -0.03802490234375 0.3914794921875 0.865234375
0.0120506286621094 0.00792026519775391 -0.15234375 0.66754150390625
0.0140018463134766 0.0170450210571289 0.00727844238281249 0.0866165161132813
0.0124568939208984 0.000284194946289063 0.24298095703125 -0.576904296875
0.024810791015625 -0.0165252685546875 -0.31939697265625 -0.88433837890625
0.0193881988525391 -0.00671768188476563 -0.83721923828125 -0.20330810546875
0.00628662109375 -0.00400209426879883 -0.492889404296875 0.468658447265625
0.000565528869628905 -0.0169677734375 0.000457763671875042 0.48541259765625
-0.00729656219482422 -0.0108499526977539 0.30230712890625 0.1436767578125
0.000842511653900146 0.000565290451049805 0.326629638671875 -0.14703369140625
-0.00679206848144531 -0.0181255340576172 -0.267684936523438 0.169189453125
0.00335502624511718 -0.0274734497070313 -0.255599975585938 -0.138015747070312
0.005615234375 -0.0250949859619141 0.00262451171875 -0.47125244140625
0.0219345092773438 0.0169143676757813 0.47784423828125 -0.471832275390625
0.00454330444335938 0.00983619689941406 0.776611328125 0.201171875
-0.00904273986816406 -0.0299568176269531 0.38214111328125 0.86846923828125
0.00726604461669922 0.0149803161621094 -0.15594482421875 0.660400390625
0.005889892578125 0.0212230682373047 0.0148773193359375 0.0812759399414063
0.00686550140380859 0.00688791275024414 0.242919921875 -0.58154296875
0.0263805389404297 -0.0104007720947266 -0.33123779296875 -0.88018798828125
0.0259208679199219 -0.00321197509765625 -0.8387451171875 -0.19378662109375
0.0114297866821289 -0.00776195526123047 -0.486114501953125 0.46856689453125
0.00113487243652344 -0.0241527557373047 0.00503540039062503 0.48126220703125
-0.00917816162109375 -0.0184326171875 0.30303955078125 0.141876220703125
0.000425279140472412 -0.00020909309387207 0.324951171875 -0.150054931640625
-0.00348472595214844 -0.0123319625854492 -0.2904052734375 0.162933349609375
0.0138473510742187 0.0114240646362305 -0.275054931640625 -0.131484985351563
0.0057063102722168 0.00627708435058594 -0.01849365234375 -0.47772216796875
-0.0140705108642578 0.0275001525878906 0.4613037109375 -0.499908447265625
-0.0426826477050781 -0.00752639770507813 0.79541015625 0.1553955078125
-0.0302391052246094 -0.0692367553710938 0.4283447265625 0.8309326171875
0.0345115661621094 -0.0276718139648438 -0.12225341796875 0.642822265625
0.0618438720703125 -0.00756454467773438 0.0277290344238281 0.0676651000976563
0.0365219116210938 -0.0340995788574219 0.2645263671875 -0.5963134765625
0.00925445556640624 -0.0494346618652344 -0.30474853515625 -0.90948486328125
-0.0234298706054688 -0.0223617553710938 -0.84051513671875 -0.225830078125
-0.0237140655517578 0.00393295288085938 -0.504547119140625 0.459930419921875
-0.00311708450317383 0.0055384635925293 -0.00961303710937504 0.48541259765625
0.000741958618164061 0.0207309722900391 0.29168701171875 0.149139404296875
0.0012211799621582 0.00781536102294922 0.3109130859375 -0.15869140625
-0.00336647033691406 -0.0122337341308594 -0.284423828125 0.16455078125
0.0146522521972656 0.0135841369628906 -0.273696899414063 -0.127960205078125
0.00595235824584961 0.00854063034057617 -0.0230712890625 -0.469512939453125
-0.0143222808837891 0.0291824340820313 0.4549560546875 -0.498992919921875
-0.0414543151855469 -0.00701141357421875 0.79571533203125 0.14483642578125
-0.0287933349609375 -0.0697250366210938 0.435791015625 0.82891845703125
0.0344276428222656 -0.0266056060791016 -0.1226806640625 0.65283203125
0.0607185363769531 -0.006561279296875 0.0163345336914062 0.077667236328125
0.0375633239746094 -0.0336380004882813 0.263671875 -0.58587646484375
0.0118522644042969 -0.0497093200683594 -0.2911376953125 -0.9097900390625
-0.0230617523193359 -0.0235385894775391 -0.837890625 -0.238037109375
-0.0247554779052734 0.00561141967773437 -0.51092529296875 0.455902099609375
-0.00402259826660156 0.00779342651367187 -0.015899658203125 0.48773193359375
0.000236511230468752 0.0223617553710937 0.291351318359375 0.151153564453125
0.00170612335205078 0.00779342651367188 0.31536865234375 -0.15509033203125
-0.0035858154296875 -0.0126857757568359 -0.276382446289063 0.167877197265625
0.0135669708251953 0.0110940933227539 -0.270538330078125 -0.127151489257812
0.00620174407958984 0.00773477554321289 -0.021759033203125 -0.467010498046875
-0.0113945007324219 0.0294818878173828 0.455535888671875 -0.496185302734375
-0.0360908508300781 -0.00529861450195313 0.79486083984375 0.14959716796875
-0.0255355834960937 -0.06597900390625 0.43853759765625 0.83367919921875
0.0322589874267578 -0.0227108001708984 -0.12481689453125 0.66253662109375
0.0545845031738281 -0.00333023071289063 0.00833129882812501 0.0853042602539063
0.0350704193115234 -0.0291461944580078 0.26055908203125 -0.5806884765625
0.0149345397949219 -0.04632568359375 -0.2947998046875 -0.91009521484375
-0.0180282592773437 -0.0221424102783203 -0.8394775390625 -0.239501953125
-0.0218448638916016 0.00573539733886719 -0.5108642578125 0.459564208984375
-0.00509786605834961 0.00816726684570313 -0.016021728515625 0.491363525390625
-0.000644683837890625 0.0207576751708984 0.293182373046875 0.1514892578125
0.00107955932617187 0.0068202018737793 0.3189697265625 -0.151275634765625
-0.0048675537109375 -0.0145387649536133 -0.2705078125 0.170852661132813
0.0124082565307617 0.00670528411865234 -0.266403198242188 -0.12823486328125
0.00577116012573242 0.00414037704467773 -0.017669677734375 -0.4647216796875
-0.00634193420410156 0.0285434722900391 0.46136474609375 -0.490325927734375
-0.0288333892822266 -0.00291252136230468 0.79461669921875 0.15887451171875
-0.0211753845214844 -0.06103515625 0.42877197265625 0.84552001953125
0.0281715393066406 -0.0160255432128906 -0.1328125 0.66766357421875
0.0450210571289063 0.0014801025390625 0.0041656494140625 0.0876388549804687
0.0304355621337891 -0.0227394104003906 0.25225830078125 -0.57830810546875
0.0175666809082031 -0.0407333374023438 -0.30242919921875 -0.90460205078125
-0.0096435546875 -0.0189113616943359 -0.83917236328125 -0.2294921875
-0.0163030624389648 0.00497913360595703 -0.505157470703125 0.464752197265625
-0.00330209732055664 0.00464200973510742 -0.010498046875 0.493896484375
-0.00159740447998047 0.0158138275146484 0.297027587890625 0.148956298828125
0.00189590454101562 0.00538301467895508 0.322967529296875 -0.150360107421875
-0.00626850128173828 -0.0149173736572266 -0.26544189453125 0.1722412109375
0.00962162017822266 -0.0013275146484375 -0.262039184570313 -0.13055419921875
0.00486612319946289 -0.00245380401611328 -0.0125732421875 -0.466583251953125
0.000623703002929688 0.0259227752685547 0.4652099609375 -0.486968994140625
-0.0199470520019531 -0.000316619873046876 0.79266357421875 0.16851806640625
-0.0171966552734375 -0.0540580749511719 0.42120361328125 0.85369873046875
0.0240192413330078 -0.00774192810058594 -0.14013671875 0.67218017578125
0.0351524353027344 0.00629806518554688 0.00201416015625 0.0898513793945312
0.0247764587402344 -0.0159969329833984 0.2470703125 -0.5765380859375
0.020904541015625 -0.0330638885498047 -0.31292724609375 -0.8988037109375
0.000276565551757812 -0.0149936676025391 -0.8431396484375 -0.218505859375
-0.00842571258544922 0.00302410125732422 -0.50360107421875 0.469818115234375
-0.00209629535675049 -0.00138115882873535 -0.00747680664062505 0.494140625
-0.00352048873901367 0.00792884826660156 0.300750732421875 0.14642333984375
0.00172233581542969 0.00376296043395996 0.326171875 -0.14959716796875
-0.00618171691894531 -0.0168437957763672 -0.263031005859375 0.174423217773438
0.00762271881103516 -0.0100326538085938 -0.260574340820313 -0.13262939453125
0.00471687316894531 -0.00983810424804687 -0.00927734374999995 -0.467498779296875
0.00843238830566406 0.0231723785400391 0.468414306640625 -0.484405517578125
-0.0102453231811523 0.00376987457275391 0.7894287109375 0.17669677734375
-0.0134391784667969 -0.0457229614257813 0.411865234375 0.861572265625
0.0175819396972656 0.000509262084960938 -0.14453125 0.67486572265625
0.0243301391601562 0.0119132995605469 0.00295257568359376 0.0897064208984375
0.0184745788574219 -0.00786781311035156 0.24298095703125 -0.579345703125
0.0232830047607422 -0.0252265930175781 -0.322265625 -0.89422607421875
0.0100221633911133 -0.0108146667480469 -0.84429931640625 -0.207275390625
-0.00069737434387207 0.000106871128082275 -0.497650146484375 0.473114013671875
-0.000903129577636719 -0.00845527648925781 -0.00192260742187504 0.49334716796875
-0.00526142120361328 -0.000852108001708985 0.302978515625 0.14434814453125
0.00141191482543945 0.00227451324462891 0.32769775390625 -0.149505615234375
-0.00660610198974609 -0.0171785354614258 -0.26287841796875 0.174530029296875
0.00421905517578125 -0.0194053649902344 -0.258331298828125 -0.133865356445313
0.00478935241699219 -0.0175657272338867 -0.00527954101562501 -0.469940185546875
0.0160617828369141 0.0194911956787109 0.47161865234375 -0.481842041015625
-0.00199556350708008 0.00639963150024414 0.78704833984375 0.18621826171875
-0.0118980407714844 -0.0374984741210938 0.40301513671875 0.8680419921875
0.0122604370117187 0.00845432281494141 -0.147216796875 0.6727294921875
0.0142307281494141 0.0168895721435547 0.00862121582031249 0.0859603881835938
0.0123910903930664 0.000455856323242188 0.23828125 -0.582763671875
0.0253963470458984 -0.0170745849609375 -0.33209228515625 -0.88690185546875
0.0197925567626953 -0.00726699829101563 -0.84564208984375 -0.19549560546875
0.00605058670043945 -0.00394487380981445 -0.492218017578125 0.4759521484375
-9.34600830078119E-05 -0.0164985656738281 0.00436401367187498 0.488311767578125
-0.00700569152832031 -0.0106954574584961 0.305450439453125 0.14178466796875
0.00151920318603516 0.000355958938598633 0.327056884765625 -0.151031494140625
-0.00687217712402344 -0.0181140899658203 -0.266693115234375 0.173629760742188
0.00231361389160156 -0.026885986328125 -0.258193969726563 -0.135101318359375
0.005401611328125 -0.0251960754394531 -0.000823974609375031 -0.47686767578125
0.0221748352050781 0.0165462493896484 0.474700927734375 -0.48211669921875
0.00396919250488281 0.0096435546875 0.78466796875 0.1942138671875
-0.0101528167724609 -0.0301227569580078 0.3936767578125 0.87103271484375
0.00746726989746094 0.0153322219848633 -0.14849853515625 0.66705322265625
0.00647544860839844 0.0213527679443359 0.0152053833007812 0.0814743041992188
0.00727462768554687 0.00640535354614258 0.23992919921875 -0.5882568359375
0.0270214080810547 -0.0110721588134766 -0.34130859375 -0.8837890625
0.0266857147216797 -0.00424957275390625 -0.8482666015625 -0.18524169921875
0.011204719543457 -0.00819778442382813 -0.48675537109375 0.47723388671875
0.0005035400390625 -0.0238132476806641 0.00836181640625004 0.484832763671875
-0.00970840454101563 -0.018218994140625 0.306304931640625 0.139556884765625
0.000983178615570069 -0.000403881072998047 0.325469970703125 -0.15350341796875
-0.00260066986083984 -0.0108509063720703 -0.289825439453125 0.16668701171875
0.0146589279174805 0.0124502182006836 -0.277877807617188 -0.129058837890625
0.00522136688232422 0.00582170486450195 -0.0244140625 -0.482269287109375
-0.01422119140625 0.0274658203125 0.4588623046875 -0.508270263671875
-0.0432929992675781 -0.00714874267578124 0.801513671875 0.14556884765625
-0.0319786071777344 -0.0694046020507813 0.4415283203125 0.83099365234375
0.0348567962646484 -0.0278110504150391 -0.1153564453125 0.6466064453125
0.0626869201660156 -0.00829315185546875 0.0285720825195313 0.0676383972167969
0.036163330078125 -0.034423828125 0.25885009765625 -0.6029052734375
0.00914382934570313 -0.0503273010253906 -0.31597900390625 -0.910888671875
-0.0237617492675781 -0.0233592987060547 -0.85076904296875 -0.21697998046875
-0.0235309600830078 0.00464439392089843 -0.502655029296875 0.468658447265625
-0.00360012054443359 0.00577497482299805 -0.00405883789062503 0.48907470703125
0.00111961364746094 0.0213871002197266 0.294586181640625 0.145477294921875
0.00152063369750977 0.0076756477355957 0.3104248046875 -0.162994384765625
-0.00297164916992187 -0.0118131637573242 -0.283111572265625 0.169769287109375
0.0147819519042969 0.0146217346191406 -0.276901245117188 -0.125930786132812
0.00549125671386719 0.00825262069702148 -0.027252197265625 -0.473785400390625
-0.0127735137939453 0.0296230316162109 0.451904296875 -0.507598876953125
-0.0419921875 -0.00619888305664062 0.7998046875 0.13665771484375
-0.030609130859375 -0.0687522888183594 0.44915771484375 0.82843017578125
0.0349559783935547 -0.0276317596435547 -0.115478515625 0.6573486328125
0.0611114501953125 -0.00773239135742188 0.0174942016601563 0.077423095703125
0.0374221801757813 -0.033538818359375 0.2598876953125 -0.5914306640625
0.0115242004394531 -0.0508499145507813 -0.304931640625 -0.9130859375
-0.0228195190429688 -0.0232067108154297 -0.84710693359375 -0.2298583984375
-0.0246601104736328 0.00580215454101562 -0.509979248046875 0.46661376953125
-0.00483560562133789 0.00858020782470703 -0.00912475585937501 0.491241455078125
0.000926971435546875 0.0231151580810547 0.294891357421875 0.149078369140625
0.0019841194152832 0.00723409652709961 0.314666748046875 -0.160552978515625
-0.00367450714111328 -0.0125856399536133 -0.275222778320313 0.17315673828125
0.0145187377929688 0.0120954513549805 -0.273651123046875 -0.12542724609375
0.00544881820678711 0.0077667236328125 -0.026947021484375 -0.47039794921875
-0.0104522705078125 0.0303096771240234 0.452728271484375 -0.5052490234375
-0.0369453430175781 -0.00452423095703125 0.8009033203125 0.14044189453125
-0.0268363952636719 -0.0666275024414063 0.45159912109375 0.83367919921875
0.0325412750244141 -0.0225238800048828 -0.11865234375 0.6673583984375
0.0551223754882813 -0.00385284423828125 0.00913238525390624 0.08514404296875
0.035003662109375 -0.0288314819335938 0.2545166015625 -0.58538818359375
0.0147285461425781 -0.0471000671386719 -0.30609130859375 -0.91302490234375
-0.0183372497558594 -0.0222454071044922 -0.848388671875 -0.23138427734375
-0.0213241577148438 0.00658607482910156 -0.510040283203125 0.46807861328125
-0.00425624847412109 0.00829172134399414 -0.011260986328125 0.495819091796875
-0.000312805175781248 0.0209770202636719 0.296356201171875 0.148193359375
0.00163888931274414 0.0072932243347168 0.319183349609375 -0.15679931640625
-0.00490856170654297 -0.01397705078125 -0.26849365234375 0.176116943359375
0.0122919082641602 0.00690460205078125 -0.268890380859375 -0.126998901367188
0.00509452819824219 0.00416421890258789 -0.0221862792968749 -0.469451904296875
-0.00563812255859375 0.0287990570068359 0.458831787109375 -0.49822998046875
-0.0296401977539063 -0.00202560424804688 0.80084228515625 0.15020751953125
-0.0229911804199219 -0.0606422424316406 0.44268798828125 0.84588623046875
0.0290203094482422 -0.0164623260498047 -0.1268310546875 0.671142578125
0.0459785461425781 0.000331878662109375 0.00478363037109376 0.0878982543945313
0.0303573608398438 -0.023345947265625 0.24755859375 -0.58441162109375
0.0171012878417969 -0.0413055419921875 -0.31536865234375 -0.90606689453125
-0.0100975036621094 -0.0191936492919922 -0.84881591796875 -0.21917724609375
-0.0160179138183594 0.00503253936767578 -0.5054931640625 0.475189208984375
-0.00381851196289063 0.00485420227050781 -0.00588989257812503 0.497100830078125
-0.00122547149658203 0.0164899826049805 0.299774169921875 0.14642333984375
0.00165271759033203 0.00531482696533203 0.322479248046875 -0.1556396484375
-0.00582695007324219 -0.0144615173339844 -0.263458251953125 0.177032470703125
0.0105504989624023 -0.000339508056640625 -0.26434326171875 -0.1280517578125
0.00524997711181641 -0.00177907943725586 -0.01995849609375 -0.46905517578125
0.00175857543945313 0.026092529296875 0.461883544921875 -0.49505615234375
-0.0202884674072266 -7.24792480468725E-05 0.799560546875 0.15972900390625
-0.0193214416503906 -0.0537452697753906 0.4332275390625 0.8546142578125
0.0242595672607422 -0.00855064392089844 -0.13385009765625 0.67718505859375
0.0350761413574219 0.00621986389160156 0.00301361083984376 0.090057373046875
0.0249786376953125 -0.0158309936523438 0.24176025390625 -0.58209228515625
0.0208511352539063 -0.0335407257080078 -0.32501220703125 -0.89996337890625
0.000294685363769531 -0.015498161315918 -0.84942626953125 -0.20892333984375
-0.00831699371337891 0.00256061553955078 -0.5023193359375 0.478546142578125
-0.0026710033416748 -0.000661134719848633 -0.00216674804687505 0.49749755859375
-0.00342607498168945 0.0083003044128418 0.303253173828125 0.144195556640625
0.00148940086364746 0.0036475658416748 0.325653076171875 -0.154266357421875
-0.00643444061279297 -0.0162124633789063 -0.261871337890625 0.178512573242188
0.00749969482421875 -0.00950717926025391 -0.262893676757812 -0.129806518554688
0.00426864624023438 -0.00993537902832031 -0.014617919921875 -0.470855712890625
0.00913810729980469 0.0226612091064453 0.466094970703125 -0.4925537109375
-0.0104427337646484 0.00310897827148438 0.79644775390625 0.16815185546875
-0.0151824951171875 -0.0457000732421875 0.4263916015625 0.86114501953125
0.0181293487548828 0.000286102294921875 -0.1380615234375 0.67803955078125
0.0253105163574219 0.0114974975585938 0.00375366210937499 0.0904388427734375
0.0183448791503906 -0.00738716125488281 0.2373046875 -0.5850830078125
0.0244140625 -0.0258750915527344 -0.33502197265625 -0.89605712890625
0.0104246139526367 -0.0116825103759766 -0.85162353515625 -0.198974609375
-0.000976383686065674 -0.000362753868103027 -0.496612548828125 0.483978271484375
-0.00117397308349609 -0.00878715515136719 0.00262451171875 0.496246337890625
-0.00518465042114258 -0.000936508178710937 0.306243896484375 0.142730712890625
0.00112640857696533 0.00195944309234619 0.327880859375 -0.15447998046875
-0.0065155029296875 -0.0170097351074219 -0.26116943359375 0.179931640625
0.00420379638671875 -0.0191192626953125 -0.260879516601563 -0.1319580078125
0.00418281555175781 -0.0182838439941406 -0.010955810546875 -0.473541259765625
0.0171623229980469 0.0193710327148438 0.468597412109375 -0.4886474609375
-0.00236606597900391 0.00656223297119141 0.7933349609375 0.17901611328125
-0.0130844116210937 -0.0374221801757813 0.41680908203125 0.86724853515625
0.0131969451904297 0.00847339630126953 -0.140869140625 0.6768798828125
0.0152759552001953 0.0161972045898438 0.00920867919921876 0.0870208740234375
0.0124416351318359 0.000238418579101563 0.2349853515625 -0.58831787109375
0.0259380340576172 -0.0176963806152344 -0.3438720703125 -0.88885498046875
0.0201530456542969 -0.0081787109375 -0.85382080078125 -0.18853759765625
0.00584554672241211 -0.0041956901550293 -0.4901123046875 0.4859619140625
-0.000244140624999998 -0.0159711837768555 0.00964355468750004 0.492431640625
-0.00774002075195312 -0.0102720260620117 0.3087158203125 0.1380615234375
0.00175607204437256 0.00067293643951416 0.32696533203125 -0.156585693359375
-0.00643253326416016 -0.0172233581542969 -0.265121459960938 0.17791748046875
0.00235366821289062 -0.0261993408203125 -0.260391235351563 -0.133926391601562
0.00457954406738282 -0.0247077941894531 -0.00714111328124996 -0.479461669921875
0.0225334167480469 0.0162391662597656 0.47247314453125 -0.48883056640625
0.00361251831054688 0.00932025909423828 0.79132080078125 0.186279296875
-0.0110950469970703 -0.0300464630126953 0.4066162109375 0.8701171875
0.00793170928955078 0.0156612396240234 -0.14276123046875 0.6715087890625
0.00676918029785156 0.0214633941650391 0.0160064697265625 0.082183837890625
0.00751256942749023 0.0062708854675293 0.234375 -0.5928955078125
0.0273227691650391 -0.0112266540527344 -0.35400390625 -0.88421630859375
0.0266876220703125 -0.0050201416015625 -0.8580322265625 -0.17706298828125
0.0110054016113281 -0.00846958160400391 -0.485626220703125 0.487579345703125
1.14440917968755E-05 -0.0235671997070313 0.0146484375 0.48883056640625
-0.00927066802978516 -0.0173025131225586 0.309967041015625 0.13623046875
0.00141727924346924 -0.000805139541625977 0.32427978515625 -0.15887451171875
-0.00244235992431641 -0.0105962753295898 -0.2874755859375 0.171173095703125
0.0143213272094727 0.0129623413085938 -0.280288696289063 -0.1260986328125
0.00474214553833008 0.00687599182128906 -0.030364990234375 -0.48443603515625
-0.01318359375 0.0279083251953125 0.45245361328125 -0.518341064453125
-0.0441474914550781 -0.00571441650390625 0.80609130859375 0.13677978515625
-0.0336341857910156 -0.0688133239746094 0.45440673828125 0.827880859375
0.0354690551757813 -0.0285301208496094 -0.107421875 0.6500244140625
0.0632858276367188 -0.00991058349609375 0.0294532775878906 0.0674209594726563
0.0354957580566406 -0.0350532531738281 0.25396728515625 -0.6075439453125
0.00903701782226563 -0.05120849609375 -0.32977294921875 -0.91162109375
-0.0241775512695313 -0.0233154296875 -0.85736083984375 -0.2066650390625
-0.0238151550292969 0.00522994995117188 -0.500396728515625 0.4783935546875
-0.00392532348632813 0.00630855560302734 0.000854492187500038 0.4906005859375
0.00134468078613281 0.0215587615966797 0.297271728515625 0.142608642578125
0.00178384780883789 0.00782585144042969 0.309234619140625 -0.16851806640625
-0.00231647491455078 -0.0110940933227539 -0.280166625976563 0.174789428710938
0.0152654647827148 0.0144557952880859 -0.279296875 -0.122665405273438
0.00528526306152344 0.00830698013305664 -0.0362548828125 -0.47705078125
-0.012481689453125 0.0295352935791016 0.447235107421875 -0.515960693359375
-0.0429229736328125 -0.00572967529296875 0.80523681640625 0.126708984375
-0.032318115234375 -0.0684814453125 0.461181640625 0.82672119140625
0.0352859497070313 -0.0275306701660156 -0.10772705078125 0.65997314453125
0.0615158081054688 -0.00862884521484375 0.0184402465820312 0.0780410766601563
0.0367431640625 -0.0339431762695313 0.25238037109375 -0.59698486328125
0.010986328125 -0.0510940551757813 -0.318603515625 -0.91436767578125
-0.0232753753662109 -0.0237102508544922 -0.8529052734375 -0.21826171875
-0.0245227813720703 0.00614738464355469 -0.507110595703125 0.47674560546875
-0.00436210632324219 0.0087890625 -0.00479125976562501 0.494781494140625
0.00136756896972656 0.0232048034667969 0.29754638671875 0.144805908203125
0.00256490707397461 0.00803136825561523 0.31396484375 -0.166168212890625
-0.00297641754150391 -0.0119409561157227 -0.272491455078125 0.177032470703125
0.0146694183349609 0.0128316879272461 -0.275405883789063 -0.121322631835937
0.00530242919921875 0.00826358795166016 -0.0340576171875 -0.474456787109375
-0.00982475280761719 0.0298290252685547 0.447265625 -0.51324462890625
-0.0384483337402344 -0.00426864624023438 0.80670166015625 0.1307373046875
-0.0289764404296875 -0.0662841796875 0.46539306640625 0.83099365234375
0.0328044891357422 -0.0234088897705078 -0.1103515625 0.6697998046875
0.0550880432128906 -0.00460052490234375 0.00993347167968751 0.0849075317382813
0.0351333618164063 -0.0299835205078125 0.25006103515625 -0.59027099609375
0.0145606994628906 -0.0474319458007813 -0.31732177734375 -0.9132080078125
-0.0182647705078125 -0.0228080749511719 -0.85577392578125 -0.222412109375
-0.0223045349121094 0.00647544860839843 -0.5069580078125 0.477996826171875
-0.00376701354980469 0.00854158401489258 -0.00646972656250004 0.49749755859375
0.000387191772460935 0.0216388702392578 0.299835205078125 0.1448974609375
0.00244283676147461 0.00759553909301758 0.317901611328125 -0.162628173828125
-0.00425338745117187 -0.0128936767578125 -0.266021728515625 0.180145263671875
0.0125303268432617 0.00768566131591797 -0.271026611328125 -0.123733520507812
0.00453519821166992 0.00382280349731445 -0.029083251953125 -0.4718017578125
-0.00462532043457031 0.0280189514160156 0.453887939453125 -0.507537841796875
-0.02947998046875 -0.00277900695800781 0.8046875 0.1424560546875
-0.0242996215820313 -0.0606727600097656 0.456298828125 0.84307861328125
0.0294284820556641 -0.0161342620849609 -0.1181640625 0.67596435546875
0.046478271484375 0.000423431396484375 0.00562286376953126 0.0884552001953125
0.0304126739501953 -0.0232906341552734 0.241943359375 -0.58935546875
0.0174179077148437 -0.0423393249511719 -0.3282470703125 -0.905517578125
-0.0102005004882812 -0.0199298858642578 -0.8577880859375 -0.20947265625
-0.0155715942382813 0.00535964965820312 -0.502227783203125 0.4842529296875
-0.0040135383605957 0.0053553581237793 -0.00018310546874999 0.4986572265625
-0.00127792358398438 0.0162515640258789 0.303466796875 0.142669677734375
0.00223207473754883 0.00503444671630859 0.321380615234375 -0.160858154296875
-0.00494289398193359 -0.0142221450805664 -0.261444091796875 0.181304931640625
0.00957393646240235 2.86102294921875E-06 -0.267364501953125 -0.125640869140625
0.00429034233093262 -0.00162386894226074 -0.02471923828125 -0.47332763671875
0.00274085998535156 0.0258884429931641 0.457611083984375 -0.502227783203125
-0.0208568572998047 -0.00018501281738281 0.8045654296875 0.15155029296875
-0.0206146240234375 -0.0540885925292969 0.44769287109375 0.85321044921875
0.0243682861328125 -0.00828170776367188 -0.12347412109375 0.6806640625
0.0360984802246094 0.00531005859375 0.00389099121093751 0.0903167724609375
0.0249271392822266 -0.0159244537353516 0.23675537109375 -0.58892822265625
0.0208454132080078 -0.0350360870361328 -0.3369140625 -0.9022216796875
-2.002716064453E-05 -0.0159387588500977 -0.85906982421875 -0.1986083984375
-0.00868415832519531 0.00309181213378906 -0.49774169921875 0.48895263671875
-0.00288200378417969 -0.000541925430297851 0.00402832031249999 0.50048828125
-0.0035552978515625 0.00845861434936523 0.30621337890625 0.14031982421875
0.00217676162719727 0.00370907783508301 0.3248291015625 -0.159576416015625
-0.00528335571289063 -0.0151815414428711 -0.259353637695313 0.183258056640625
0.00731658935546875 -0.00928974151611328 -0.265243530273438 -0.12750244140625
0.0042266845703125 -0.00958919525146484 -0.021514892578125 -0.47442626953125
0.0100021362304688 0.0225276947021484 0.460296630859375 -0.499664306640625
-0.011749267578125 0.00345802307128906 0.8017578125 0.1595458984375
-0.0168418884277344 -0.0457496643066406 0.43963623046875 0.86138916015625
0.0188331604003906 4.1961669921875E-05 -0.12811279296875 0.6820068359375
0.0253715515136719 0.0110530853271484 0.0051116943359375 0.0904006958007813
0.0183353424072266 -0.008819580078125 0.23291015625 -0.59112548828125
0.0240936279296875 -0.0268974304199219 -0.34771728515625 -0.89471435546875
0.0104951858520508 -0.0121068954467773 -0.86004638671875 -0.18731689453125
-0.00106042623519897 -0.000761806964874267 -0.494354248046875 0.493072509765625
-0.000888347625732422 -0.00851917266845703 0.00885009765625004 0.498077392578125
-0.00560951232910156 -0.00076770782470703 0.309356689453125 0.138275146484375
0.0026237964630127 0.00230216979980469 0.3267822265625 -0.16009521484375
-0.00582695007324218 -0.0159854888916016 -0.258834838867188 0.183395385742187
0.00457000732421875 -0.0183963775634766 -0.263015747070313 -0.128753662109375
0.00362968444824219 -0.0174379348754883 -0.017059326171875 -0.476043701171875
0.0170879364013672 0.0190238952636719 0.463836669921875 -0.497161865234375
-0.00258588790893555 0.00677585601806641 0.7991943359375 0.16949462890625
-0.0141220092773438 -0.0376434326171875 0.42974853515625 0.8658447265625
0.0137128829956055 0.00860404968261719 -0.1314697265625 0.67999267578125
0.0142402648925781 0.0162830352783203 0.00952911376953125 0.0874404907226562
0.0119848251342773 -0.00051116943359375 0.22735595703125 -0.59405517578125
0.0259666442871094 -0.0185661315917969 -0.35675048828125 -0.8873291015625
0.0202159881591797 -0.0087127685546875 -0.86419677734375 -0.17803955078125
0.00575542449951172 -0.00504255294799805 -0.486785888671875 0.4971923828125
-0.000848770141601562 -0.0157232284545898 0.015228271484375 0.494720458984375
-0.00792407989501953 -0.00950145721435547 0.311370849609375 0.135101318359375
0.00244474411010742 -0.000207424163818359 0.326202392578125 -0.161834716796875
-0.00611114501953125 -0.0169601440429688 -0.26226806640625 0.18206787109375
0.00215530395507812 -0.0260200500488281 -0.2625732421875 -0.13165283203125
0.00362586975097656 -0.0245552062988281 -0.013702392578125 -0.481964111328125
0.0233135223388672 0.0150146484375 0.467681884765625 -0.49713134765625
0.00395965576171875 0.00907135009765625 0.79534912109375 0.177490234375
-0.0123462677001953 -0.0303192138671875 0.4197998046875 0.8697509765625
0.00892448425292969 0.015660285949707 -0.13421630859375 0.67474365234375
0.00682640075683594 0.0213050842285156 0.0172195434570312 0.0813980102539063
0.00771379470825195 0.00725317001342773 0.2279052734375 -0.5982666015625
0.0274372100830078 -0.0121669769287109 -0.364990234375 -0.8848876953125
0.0272331237792969 -0.00654792785644531 -0.86260986328125 -0.166748046875
0.0111913681030273 -0.00938129425048828 -0.480987548828125 0.497772216796875
-0.000230789184570312 -0.0234813690185547 0.021148681640625 0.490203857421875
-0.0100135803222656 -0.0178165435791016 0.3123779296875 0.13250732421875
0.00214898586273193 -0.000999808311462402 0.324493408203125 -0.164886474609375
-0.00185394287109375 -0.010157585144043 -0.28375244140625 0.17578125
0.0146474838256836 0.0132293701171875 -0.282318115234375 -0.12237548828125
0.0043487548828125 0.0062565803527832 -0.037628173828125 -0.4864501953125
-0.0123500823974609 0.0274696350097656 0.4439697265625 -0.524261474609375
-0.0450325012207031 -0.00627517700195313 0.810302734375 0.12548828125
-0.0355606079101562 -0.0677986145019531 0.4674072265625 0.8236083984375
0.0359230041503906 -0.0287246704101563 -0.0983886718749999 0.650390625
0.0632858276367188 -0.0103759765625 0.0298614501953125 0.0670318603515625
0.0353965759277344 -0.0351715087890625 0.2462158203125 -0.61285400390625
0.00856399536132813 -0.0518150329589844 -0.3426513671875 -0.90948486328125
-0.0243854522705078 -0.0238075256347656 -0.86309814453125 -0.196044921875
-0.0242271423339844 0.00476455688476563 -0.496978759765625 0.4874267578125
-0.00293540954589844 0.00671625137329102 0.00735473632812505 0.49334716796875
0.00127029418945312 0.0213642120361328 0.299896240234375 0.13818359375
0.00277614593505859 0.00848960876464844 0.307281494140625 -0.173614501953125
-0.00211715698242188 -0.0100202560424805 -0.277816772460938 0.1783447265625
0.0154438018798828 0.0149593353271484 -0.280197143554688 -0.1195068359375
0.00533008575439453 0.0087428092956543 -0.041168212890625 -0.478607177734375
-0.0112380981445312 0.0295753479003906 0.4398193359375 -0.52264404296875
-0.0435447692871094 -0.00498580932617187 0.808349609375 0.1162109375
-0.0346488952636719 -0.0682411193847656 0.4744873046875 0.822509765625
0.0349502563476563 -0.0277118682861328 -0.0988769531249999 0.66204833984375
0.0616798400878906 -0.00905990600585937 0.01898193359375 0.0771636962890625
0.0366783142089844 -0.0345993041992188 0.24676513671875 -0.60247802734375
0.0114326477050781 -0.051666259765625 -0.32989501953125 -0.9111328125
-0.0233898162841797 -0.0247135162353516 -0.85943603515625 -0.20843505859375
-0.0248889923095703 0.00631904602050781 -0.502410888671875 0.483978271484375
-0.00435352325439453 0.00885105133056641 0.00140380859375003 0.495147705078125
0.00120925903320312 0.0237026214599609 0.299468994140625 0.141082763671875
0.00258493423461914 0.00853347778320313 0.312347412109375 -0.17059326171875
-0.00245571136474609 -0.0108852386474609 -0.26947021484375 0.181167602539062
0.015080451965332 0.0128984451293945 -0.278289794921875 -0.118576049804688
0.00510931015014649 0.00798606872558594 -0.040435791015625 -0.475372314453125
-0.00922775268554688 0.0293560028076172 0.4404296875 -0.5206298828125
-0.0386695861816406 -0.00387954711914063 0.810302734375 0.12030029296875
-0.0306510925292969 -0.0655784606933594 0.4776611328125 0.82763671875
0.0332756042480469 -0.0236358642578125 -0.1015625 0.6712646484375
0.055145263671875 -0.0049591064453125 0.010894775390625 0.0848312377929688
0.0339488983154297 -0.0297050476074219 0.2418212890625 -0.5936279296875
0.014617919921875 -0.0480918884277344 -0.330810546875 -0.91119384765625
-0.0184154510498047 -0.02264404296875 -0.8603515625 -0.20989990234375
-0.02239990234375 0.00621414184570313 -0.502838134765625 0.48681640625
-0.00397968292236328 0.00934219360351563 0.000122070312499956 0.5
0.000570297241210938 0.0221195220947266 0.300811767578125 0.14093017578125
0.00284099578857422 0.00775051116943359 0.315032958984375 -0.167205810546875
-0.00351333618164063 -0.0126886367797852 -0.263381958007813 0.18450927734375
0.0133543014526367 0.00787544250488281 -0.2725830078125 -0.120513916015625
0.00432491302490234 0.00470733642578125 -0.0361328125 -0.473175048828125
-0.00375175476074219 0.0282154083251953 0.4468994140625 -0.5147705078125
-0.0308723449707031 -0.00201797485351562 0.80731201171875 0.1312255859375
-0.0260848999023438 -0.0605621337890625 0.4698486328125 0.83856201171875
0.0300445556640625 -0.0170364379882813 -0.10870361328125 0.6776123046875
0.0461654663085938 -0.000598907470703125 0.00646972656249999 0.0884246826171875
0.0298404693603516 -0.0238704681396484 0.234375 -0.59368896484375
0.0172119140625 -0.0430908203125 -0.3411865234375 -0.90399169921875
-0.010284423828125 -0.0204029083251953 -0.8621826171875 -0.1982421875
-0.0160293579101563 0.00560760498046875 -0.496673583984375 0.491607666015625
-0.00384235382080078 0.00566387176513672 0.00515747070312498 0.50189208984375
-0.00108528137207031 0.0165815353393555 0.305328369140625 0.13848876953125
0.00327110290527344 0.00484132766723633 0.319671630859375 -0.1661376953125
-0.00471115112304687 -0.0131311416625977 -0.258148193359375 0.185379028320313
0.00972270965576172 0.000263214111328125 -0.269012451171875 -0.122482299804688
0.00368237495422363 -0.0019078254699707 -0.032318115234375 -0.473419189453125
0.00335502624511719 0.0258636474609375 0.449951171875 -0.509735107421875
-0.0216655731201172 0.000310897827148441 0.80718994140625 0.141357421875
-0.0218009948730469 -0.0536079406738281 0.46142578125 0.848388671875
0.0251197814941406 -0.00851821899414063 -0.1156005859375 0.68353271484375
0.0366783142089844 0.0054473876953125 0.0052490234375 0.0904617309570312
0.0248565673828125 -0.0162105560302734 0.2294921875 -0.59075927734375
0.0205459594726563 -0.0355987548828125 -0.35174560546875 -0.8975830078125
-0.000212669372558595 -0.0164012908935547 -0.8641357421875 -0.1878662109375
-0.00855922698974609 0.0026392936706543 -0.4931640625 0.496917724609375
-0.00269079208374023 -0.000371694564819335 0.00982666015625 0.50140380859375
-0.0031595230102539 0.00915718078613281 0.308746337890625 0.135986328125
0.00276112556457519 0.00381875038146973 0.322662353515625 -0.16552734375
-0.00483512878417969 -0.0149803161621094 -0.255722045898437 0.186874389648437
0.00690937042236328 -0.0089101791381836 -0.266632080078125 -0.123733520507813
0.00320339202880859 -0.00984382629394531 -0.0272216796875 -0.47479248046875
0.0106487274169922 0.0218334197998047 0.454132080078125 -0.507568359375
-0.0116806030273438 0.00321292877197266 0.80487060546875 0.14764404296875
-0.0181312561035156 -0.0451774597167969 0.45196533203125 0.8560791015625
0.0193920135498047 -0.000165939331054688 -0.12066650390625 0.6834716796875
0.0255336761474609 0.0107460021972656 0.00664520263671874 0.0909423828125
0.0182952880859375 -0.00800132751464844 0.22418212890625 -0.59161376953125
0.0239791870117188 -0.0275459289550781 -0.3592529296875 -0.89251708984375
0.0106925964355469 -0.0133066177368164 -0.8656005859375 -0.17730712890625
-0.00109332799911499 -0.000895321369171142 -0.48809814453125 0.501068115234375
-0.00162267684936523 -0.00719594955444336 0.01483154296875 0.499603271484375
-0.0060725212097168 -2.28881835937504E-05 0.311492919921875 0.134033203125
0.00271987915039063 0.00192904472351074 0.324798583984375 -0.165618896484375
-0.00587272644042969 -0.0155534744262695 -0.25640869140625 0.1883544921875
0.00376224517822266 -0.0174713134765625 -0.265274047851563 -0.1260986328125
0.00293922424316406 -0.01776123046875 -0.02490234375 -0.478057861328125
0.0181903839111328 0.0182933807373047 0.458343505859375 -0.5048828125
-0.0029149055480957 0.0059666633605957 0.80328369140625 0.15899658203125
-0.0156211853027344 -0.0371284484863281 0.4422607421875 0.86151123046875
0.0143356323242188 0.00883007049560547 -0.12274169921875 0.6820068359375
0.0155935287475586 0.016387939453125 0.0100784301757813 0.087188720703125
0.0123929977416992 8.58306884765625E-05 0.22021484375 -0.59686279296875
0.0256576538085938 -0.0198440551757813 -0.36895751953125 -0.88531494140625
0.0202255249023438 -0.0100784301757813 -0.8670654296875 -0.16510009765625
0.00572299957275391 -0.00497674942016602 -0.4825439453125 0.50518798828125
-0.00107002258300781 -0.0157880783081055 0.023040771484375 0.495452880859375
-0.00795459747314453 -0.00915813446044922 0.31365966796875 0.131134033203125
0.00247645378112793 0.000291109085083008 0.323486328125 -0.1668701171875
-0.00520706176757812 -0.016331672668457 -0.259857177734375 0.186264038085938
0.0010528564453125 -0.0251388549804688 -0.26483154296875 -0.128768920898438
0.00321197509765625 -0.0248260498046875 -0.021270751953125 -0.48382568359375
0.0236854553222656 0.0151081085205078 0.461181640625 -0.505126953125
0.00353240966796875 0.00979042053222656 0.8013916015625 0.166015625
-0.0141849517822266 -0.0304279327392578 0.43365478515625 0.86505126953125
0.00950336456298828 0.0152406692504883 -0.12445068359375 0.6759033203125
0.00732421875 0.0213146209716797 0.0180740356445313 0.0814285278320313
0.00718927383422852 0.00705957412719727 0.22015380859375 -0.6029052734375
0.0267829895019531 -0.01300048828125 -0.37890625 -0.88226318359375
0.0270881652832031 -0.00682258605957031 -0.86944580078125 -0.15350341796875
0.0109395980834961 -0.00932121276855469 -0.477935791015625 0.50457763671875
-0.000480651855468751 -0.0232162475585938 0.026336669921875 0.490631103515625
-0.0101213455200195 -0.0172119140625 0.314300537109375 0.12847900390625
0.00229096412658691 -0.000466585159301758 0.321746826171875 -0.1685791015625
-0.00150871276855469 -0.00975513458251953 -0.28076171875 0.1817626953125
0.0146207809448242 0.0139360427856445 -0.28399658203125 -0.119049072265625
0.00436639785766602 0.00626754760742188 -0.0445251464843751 -0.48779296875
-0.0116519927978516 0.027984619140625 0.43829345703125 -0.53143310546875
-0.0452194213867188 -0.00520706176757813 0.8114013671875 0.113525390625
-0.0375595092773438 -0.067413330078125 0.4803466796875 0.81646728515625
0.0357856750488281 -0.0289573669433594 -0.089599609375 0.650634765625
0.0635032653808594 -0.0110321044921875 0.0304336547851563 0.0665092468261719
0.0348625183105469 -0.0353660583496094 0.237548828125 -0.61541748046875
0.00776290893554687 -0.0522918701171875 -0.35467529296875 -0.90472412109375
-0.0251235961914063 -0.0242328643798828 -0.865966796875 -0.1824951171875
-0.0240478515625 0.00543022155761719 -0.48980712890625 0.49603271484375
-0.00310611724853516 0.00719213485717773 0.014373779296875 0.492156982421875
0.00224685668945313 0.0216464996337891 0.30157470703125 0.134033203125
0.0031123161315918 0.00844335556030273 0.30419921875 -0.178985595703125
-0.00132942199707031 -0.0103836059570313 -0.27435302734375 0.18328857421875
0.0163249969482422 0.0155048370361328 -0.28192138671875 -0.1156005859375
0.00552940368652344 0.00883769989013672 -0.049102783203125 -0.479339599609375
-0.0110206604003906 0.0296497344970703 0.43328857421875 -0.529754638671875
-0.0439338684082031 -0.00438308715820312 0.81005859375 0.10540771484375
-0.0359115600585937 -0.0675811767578125 0.48626708984375 0.8135986328125
0.0356101989746094 -0.0281143188476562 -0.08892822265625 0.661865234375
0.0618133544921875 -0.00991058349609375 0.0194168090820313 0.0772781372070313
0.0361213684082031 -0.0341873168945313 0.2386474609375 -0.60479736328125
0.010528564453125 -0.0522079467773438 -0.3446044921875 -0.90704345703125
-0.0237655639648438 -0.0247783660888672 -0.8642578125 -0.19403076171875
-0.025421142578125 0.00715446472167968 -0.496429443359375 0.49310302734375
-0.00379848480224609 0.0101461410522461 0.00848388671875003 0.49639892578125
0.00173568725585938 0.0239238739013672 0.30120849609375 0.1365966796875
0.00345420837402344 0.00846290588378906 0.308929443359375 -0.176361083984375
-0.00196075439453125 -0.010493278503418 -0.266036987304688 0.185836791992187
0.0153694152832031 0.0133810043334961 -0.2794189453125 -0.114837646484375
0.00496387481689453 0.00798559188842773 -0.04766845703125 -0.4761962890625
-0.00810050964355469 0.0289878845214844 0.43231201171875 -0.527984619140625
-0.0387344360351562 -0.00339889526367188 0.81182861328125 0.107421875
-0.0323028564453125 -0.0647087097167969 0.48895263671875 0.82000732421875
0.0333328247070313 -0.0235652923583984 -0.0919189453124999 0.67218017578125
0.055633544921875 -0.00602340698242187 0.0118484497070313 0.0843276977539062
0.0341529846191406 -0.0302352905273438 0.23388671875 -0.59765625
0.0138092041015625 -0.0488090515136719 -0.34405517578125 -0.90594482421875
-0.0189342498779297 -0.0233860015869141 -0.8651123046875 -0.1966552734375
-0.0214500427246094 0.00623321533203125 -0.497039794921875 0.49530029296875
-0.00425815582275391 0.00936794281005859 0.00735473632812503 0.5001220703125
0.000835418701171877 0.0218029022216797 0.3031005859375 0.136016845703125
0.00388240814208984 0.00748443603515625 0.313079833984375 -0.1722412109375
-0.00326633453369141 -0.0121707916259766 -0.259429931640625 0.188720703125
0.0130577087402344 0.0084228515625 -0.274795532226563 -0.116409301757813
0.00371837615966797 0.00446128845214844 -0.041839599609375 -0.474273681640625
-0.0032958984375 0.0280437469482422 0.439666748046875 -0.52191162109375
-0.0312824249267578 -0.00202560424804688 0.81134033203125 0.1202392578125
-0.0275421142578125 -0.0597953796386719 0.48248291015625 0.83258056640625
0.030181884765625 -0.0164642333984375 -0.09881591796875 0.6785888671875
0.0465621948242187 -0.00063323974609375 0.00792694091796876 0.0885086059570313
0.0298709869384766 -0.0239906311035156 0.22613525390625 -0.59564208984375
0.0166473388671875 -0.0435371398925781 -0.353515625 -0.89990234375
-0.0103168487548828 -0.0202312469482422 -0.86602783203125 -0.183837890625
-0.0166902542114258 0.0055856704711914 -0.490814208984375 0.50042724609375
-0.00368309020996094 0.00598001480102539 0.011505126953125 0.501251220703125
-0.000984191894531248 0.0179176330566406 0.306610107421875 0.1337890625
0.00336265563964844 0.00526285171508789 0.31683349609375 -0.17132568359375
-0.00415420532226563 -0.0129566192626953 -0.254486083984375 0.190399169921875
0.00968742370605469 0.00108528137207031 -0.270614624023438 -0.118331909179688
0.00392842292785644 -0.00150442123413086 -0.03863525390625 -0.474700927734375
0.00412559509277344 0.0255813598632812 0.443634033203125 -0.518157958984375
-0.0220890045166016 0.000631332397460938 0.80999755859375 0.12933349609375
-0.0235061645507813 -0.0527839660644531 0.471923828125 0.84246826171875
0.0252361297607422 -0.008636474609375 -0.105712890625 0.68218994140625
0.0365943908691406 0.00510406494140625 0.00581359863281249 0.0900650024414063
0.0242729187011719 -0.0160255432128906 0.22015380859375 -0.594482421875
0.0205001831054688 -0.0361480712890625 -0.36529541015625 -0.893310546875
-0.000219345092773439 -0.0168952941894531 -0.86865234375 -0.17510986328125
-0.00858402252197266 0.00297784805297851 -0.48760986328125 0.506134033203125
-0.00276088714599609 0.000232696533203125 0.0172119140625 0.501129150390625
-0.00288486480712891 0.00917816162109375 0.310272216796875 0.131378173828125
0.00317788124084473 0.00417780876159668 0.320037841796875 -0.170684814453125
-0.00424575805664062 -0.0146551132202148 -0.252166748046875 0.19122314453125
0.00664234161376953 -0.00744438171386719 -0.268341064453125 -0.12060546875
0.00266933441162109 -0.00919437408447266 -0.035491943359375 -0.47650146484375
0.0108604431152344 0.0215244293212891 0.447174072265625 -0.51458740234375
-0.0118856430053711 0.00294208526611328 0.8079833984375 0.1380615234375
-0.0202560424804688 -0.0444450378417969 0.46539306640625 0.84967041015625
0.0197601318359375 -0.000110626220703125 -0.111328125 0.68524169921875
0.0260200500488281 0.0102424621582031 0.00739288330078125 0.0898590087890625
0.0177841186523438 -0.00808143615722656 0.21539306640625 -0.59625244140625
0.0236949920654297 -0.0282001495361328 -0.37347412109375 -0.8873291015625
0.0105628967285156 -0.0138130187988281 -0.870849609375 -0.164794921875
-0.00144290924072266 -0.00142109394073486 -0.481048583984375 0.5093994140625
-0.00189638137817383 -0.00745916366577148 0.021331787109375 0.500091552734375
-0.00537014007568359 0.000389575958251953 0.313446044921875 0.129669189453125
0.00348782539367676 0.00174212455749512 0.3223876953125 -0.170928955078125
-0.00520992279052734 -0.0148029327392578 -0.252914428710938 0.191253662109375
0.00357627868652344 -0.0169525146484375 -0.266647338867188 -0.12237548828125
0.00212192535400391 -0.0172615051269531 -0.030426025390625 -0.47967529296875
0.0189018249511719 0.0178089141845703 0.44915771484375 -0.512542724609375
-0.00354385375976562 0.0060272216796875 0.805908203125 0.14752197265625
-0.0168876647949219 -0.0365982055664063 0.45574951171875 0.85650634765625
0.0145282745361328 0.00855255126953125 -0.1124267578125 0.684326171875
0.0154695510864258 0.0161409378051758 0.0113143920898438 0.0866317749023437
0.0121059417724609 0.000470161437988281 0.2130126953125 -0.600341796875
0.0259475708007812 -0.0201950073242188 -0.384033203125 -0.88134765625
0.0205478668212891 -0.0107822418212891 -0.87200927734375 -0.15447998046875
0.00558805465698242 -0.00588035583496094 -0.477264404296875 0.514678955078125
-0.00117301940917969 -0.0153837203979492 0.028076171875 0.495941162109375
-0.00811004638671875 -0.00860261917114258 0.31524658203125 0.12677001953125
0.00292730331420898 0.000703811645507813 0.32208251953125 -0.172332763671875
-0.00504684448242187 -0.0151691436767578 -0.25543212890625 0.190017700195312
0.00115013122558594 -0.0240669250488281 -0.266143798828125 -0.124435424804687
0.00240516662597656 -0.0242080688476562 -0.02789306640625 -0.48492431640625
0.0247707366943359 0.0148448944091797 0.454559326171875 -0.5118408203125
0.00328159332275391 0.00914669036865234 0.803955078125 0.1552734375
-0.0152797698974609 -0.0289306640625 0.44659423828125 0.85931396484375
0.010345458984375 0.0156517028808594 -0.1151123046875 0.67633056640625
0.00794792175292969 0.0207920074462891 0.0188751220703125 0.081146240234375
0.00725603103637695 0.00698184967041015 0.21185302734375 -0.6053466796875
0.0271091461181641 -0.0137996673583984 -0.3905029296875 -0.87744140625
0.0273113250732422 -0.00819969177246094 -0.873046875 -0.14068603515625
0.010594367980957 -0.00960826873779297 -0.470977783203125 0.514739990234375
-0.000295639038085939 -0.0225925445556641 0.032196044921875 0.49090576171875
-0.0101308822631836 -0.0170001983642578 0.315887451171875 0.123443603515625
0.00311684608459473 -0.000936269760131836 0.32012939453125 -0.175018310546875
-0.00100994110107422 -0.00932121276855469 -0.276596069335938 0.18463134765625
0.0149679183959961 0.0144634246826172 -0.284942626953125 -0.1143798828125
0.00404167175292969 0.0068364143371582 -0.051727294921875 -0.486541748046875
-0.01116943359375 0.0274448394775391 0.429229736328125 -0.535247802734375
-0.0458564758300781 -0.00442504882812501 0.8125 0.1029052734375
-0.0389366149902344 -0.0659408569335938 0.49139404296875 0.80841064453125
0.0360298156738281 -0.0288619995117188 -0.0797119140625001 0.64959716796875
0.0629806518554688 -0.0116424560546875 0.0305671691894531 0.0656204223632813
0.0344390869140625 -0.0354728698730469 0.22906494140625 -0.61785888671875
0.00709915161132812 -0.0526237487792969 -0.3680419921875 -0.89862060546875
-0.0252895355224609 -0.0237998962402344 -0.867431640625 -0.16973876953125
-0.0246315002441406 0.00527191162109375 -0.48321533203125 0.5042724609375
-0.00309324264526367 0.0076289176940918 0.020751953125 0.491302490234375
0.00218772888183594 0.0220050811767578 0.302520751953125 0.129119873046875
0.00378704071044922 0.00873708724975586 0.30072021484375 -0.183197021484375
-0.000130653381347657 -0.00952434539794922 -0.270111083984375 0.187149047851563
0.016204833984375 0.0156850814819336 -0.283294677734375 -0.111907958984375
0.00431156158447266 0.00951099395751953 -0.05657958984375 -0.47900390625
-0.00981903076171875 0.0289707183837891 0.422760009765625 -0.535552978515625
-0.044219970703125 -0.00440597534179688 0.810791015625 0.09356689453125
-0.037750244140625 -0.06634521484375 0.49755859375 0.8055419921875
0.0359649658203125 -0.028594970703125 -0.07952880859375 0.661376953125
0.0618896484375 -0.0108642578125 0.0202255249023437 0.0764083862304688
0.0353164672851563 -0.0341606140136719 0.227783203125 -0.6063232421875
0.00979995727539062 -0.0527534484863281 -0.35626220703125 -0.90118408203125
-0.0241336822509766 -0.0248317718505859 -0.86578369140625 -0.1807861328125
-0.0249195098876953 0.00635719299316407 -0.489990234375 0.500732421875
-0.00349903106689453 0.010380744934082 0.014312744140625 0.496124267578125
0.00205230712890625 0.0241909027099609 0.302520751953125 0.13165283203125
0.00320005416870117 0.00828742980957031 0.305999755859375 -0.17999267578125
-0.0015106201171875 -0.00961399078369141 -0.261398315429688 0.1888427734375
0.0150527954101562 0.0143852233886719 -0.279678344726563 -0.111099243164063
0.00471305847167969 0.00852060317993164 -0.054443359375 -0.4752197265625
-0.007781982421875 0.0288105010986328 0.42291259765625 -0.5322265625
-0.0394058227539063 -0.00260925292968749 0.8111572265625 0.09588623046875
-0.0342216491699219 -0.0635604858398438 0.50006103515625 0.8133544921875
0.0342006683349609 -0.0239181518554688 -0.0830078125 0.67156982421875
0.0554466247558594 -0.00636672973632812 0.0118637084960938 0.0841522216796875
0.0334014892578125 -0.0302371978759766 0.225830078125 -0.599609375
0.0129280090332031 -0.0493965148925781 -0.35687255859375 -0.90087890625
-0.0193748474121094 -0.0233936309814453 -0.8662109375 -0.1824951171875
-0.0223369598388672 0.00706291198730469 -0.490203857421875 0.502777099609375
-0.00395011901855469 0.0102148056030273 0.01483154296875 0.4996337890625
0.00073432922363281 0.0221443176269531 0.30462646484375 0.131805419921875
0.00400590896606445 0.00747442245483398 0.310150146484375 -0.1767578125
-0.00267887115478516 -0.0114078521728516 -0.254745483398438 0.191970825195312
0.013300895690918 0.00891971588134765 -0.274887084960938 -0.112594604492188
0.00380706787109375 0.00475645065307617 -0.0506591796875 -0.47406005859375
-0.00194740295410156 0.0279884338378906 0.4307861328125 -0.525726318359375
-0.0316028594970703 -0.00147056579589844 0.81085205078125 0.10809326171875
-0.0288200378417969 -0.0586891174316406 0.49249267578125 0.82379150390625
0.0301132202148438 -0.0168533325195313 -0.0902099609375 0.67755126953125
0.0473556518554687 -0.00172042846679688 0.00827789306640626 0.0880126953125
0.029083251953125 -0.0242958068847656 0.2176513671875 -0.5987548828125
0.01666259765625 -0.0445404052734375 -0.36663818359375 -0.89215087890625
-0.0108661651611328 -0.0208587646484375 -0.86761474609375 -0.17279052734375
-0.0158109664916992 0.00570964813232422 -0.48480224609375 0.5084228515625
-0.00311279296875 0.00662708282470703 0.018829345703125 0.5013427734375
-0.000789642333984377 0.0172672271728516 0.3077392578125 0.12982177734375
0.00448989868164063 0.00575351715087891 0.314605712890625 -0.176116943359375
-0.00378704071044922 -0.0123462677001953 -0.250808715820313 0.19287109375
0.0105447769165039 0.00161933898925781 -0.271102905273438 -0.114517211914062
0.00229597091674805 -0.00138115882873535 -0.045928955078125 -0.47467041015625
0.00401115417480469 0.0244770050048828 0.433746337890625 -0.523773193359375
-0.0222244262695313 0.000942230224609375 0.8099365234375 0.11761474609375
-0.0243339538574219 -0.0521812438964844 0.48590087890625 0.83587646484375
0.0259914398193359 -0.00872611999511719 -0.0955200195312499 0.6822509765625
0.0361709594726563 0.00365447998046875 0.00659179687500001 0.09027099609375
0.0236930847167969 -0.0164070129394531 0.21295166015625 -0.59698486328125
0.0200233459472656 -0.0370140075683594 -0.37640380859375 -0.8863525390625
-0.000266075134277344 -0.0171756744384766 -0.8701171875 -0.16351318359375
-0.00843191146850586 0.00322580337524414 -0.478546142578125 0.51361083984375
-0.00215494632720947 0.00123763084411621 0.0220947265625 0.5018310546875
-0.00286960601806641 0.00986480712890625 0.311248779296875 0.126983642578125
0.00347375869750977 0.00439977645874023 0.316619873046875 -0.174774169921875
-0.00379276275634766 -0.0137300491333008 -0.248092651367188 0.194717407226562
0.00648593902587891 -0.00719213485717773 -0.269241333007813 -0.117095947265625
0.00230312347412109 -0.00915718078613281 -0.04248046875 -0.47576904296875
0.0118732452392578 0.0213851928710938 0.43780517578125 -0.521697998046875
-0.0123805999755859 0.0037078857421875 0.808837890625 0.1268310546875
-0.0209999084472656 -0.044158935546875 0.47674560546875 0.84033203125
0.0202083587646484 -0.00070953369140625 -0.10125732421875 0.6842041015625
0.0257949829101563 0.0100040435791016 0.008148193359375 0.0894546508789063
0.0176219940185547 -0.00890922546386719 0.2073974609375 -0.5982666015625
0.0224628448486328 -0.0292091369628906 -0.3848876953125 -0.8807373046875
0.0101814270019531 -0.0148811340332031 -0.87261962890625 -0.1513671875
-0.000889778137207031 -0.000653088092803955 -0.4739990234375 0.51739501953125
-0.00192499160766602 -0.00658750534057617 0.0278625488281249 0.49920654296875
-0.00541925430297852 0.000590801239013673 0.314666748046875 0.12530517578125
0.00362801551818848 0.00204849243164063 0.31884765625 -0.17498779296875
-0.00391864776611328 -0.014892578125 -0.247467041015625 0.194320678710938
0.00294017791748047 -0.0158319473266602 -0.267318725585938 -0.118408203125
0.00209236145019531 -0.017298698425293 -0.038543701171875 -0.478790283203125
0.0192451477050781 0.0170154571533203 0.44122314453125 -0.518310546875
-0.00373935699462891 0.00657463073730469 0.8057861328125 0.1356201171875
-0.0181541442871094 -0.0362129211425781 0.46844482421875 0.84857177734375
0.0155420303344727 0.00837326049804688 -0.1043701171875 0.68304443359375
0.015960693359375 0.0159320831298828 0.0127029418945312 0.08636474609375
0.012242317199707 5.81741333007813E-05 0.2054443359375 -0.6007080078125
0.0257511138916016 -0.0211887359619141 -0.3941650390625 -0.8746337890625
0.0198535919189453 -0.0119609832763672 -0.8724365234375 -0.1402587890625
0.00605201721191406 -0.00583124160766602 -0.469146728515625 0.52069091796875
-0.00159549713134766 -0.0149927139282227 0.034820556640625 0.49407958984375
-0.00792217254638672 -0.00854921340942383 0.316436767578125 0.121063232421875
0.00335693359375 0.00053858757019043 0.31829833984375 -0.176849365234375
-0.00471973419189453 -0.01507568359375 -0.251327514648438 0.193832397460937
0.00118446350097656 -0.0234832763671875 -0.267166137695313 -0.121292114257813
0.00148200988769531 -0.0244102478027344 -0.03607177734375 -0.485107421875
0.0254650115966797 0.0134849548339844 0.445343017578125 -0.515960693359375
0.00287914276123047 0.00905895233154297 0.8031005859375 0.143798828125
-0.0168209075927734 -0.0284786224365234 0.457763671875 0.85107421875
0.0108737945556641 0.0155830383300781 -0.10546875 0.67626953125
0.00802230834960937 0.0211544036865234 0.0198135375976563 0.0807647705078125
0.00725317001342773 0.00673961639404297 0.20330810546875 -0.6064453125
0.0270404815673828 -0.0144901275634766 -0.40399169921875 -0.86798095703125
0.0269756317138672 -0.00952339172363281 -0.874267578125 -0.12835693359375
0.0108070373535156 -0.00988388061523438 -0.463409423828125 0.519866943359375
-0.00112342834472656 -0.0224399566650391 0.039459228515625 0.48980712890625
-0.010157585144043 -0.0157079696655273 0.31689453125 0.11932373046875
0.00370311737060547 -0.000582456588745117 0.31591796875 -0.17950439453125
-0.000305652618408203 -0.00835561752319336 -0.271621704101563 0.188278198242188
0.0155525207519531 0.0144882202148437 -0.28497314453125 -0.11090087890625
0.00348377227783203 0.00727462768554688 -0.0596923828125 -0.48406982421875
-0.0105724334716797 0.0272026062011719 0.419586181640625 -0.53936767578125
-0.0463638305664063 -0.00355911254882813 0.810546875 0.09136962890625
-0.0406150817871094 -0.0650520324707031 0.50048828125 0.79730224609375
0.03570556640625 -0.02972412109375 -0.07177734375 0.64788818359375
0.0630378723144531 -0.0126762390136719 0.0311470031738281 0.0650405883789063
0.0338287353515625 -0.0355873107910156 0.2198486328125 -0.6168212890625
0.0067138671875 -0.0528602600097656 -0.37969970703125 -0.8887939453125
-0.0256748199462891 -0.0238132476806641 -0.86907958984375 -0.156982421875
-0.0240955352783203 0.0059814453125 -0.47479248046875 0.508758544921875
-0.00308704376220703 0.00744438171386719 0.0260009765625 0.4896240234375
0.003021240234375 0.0223503112792969 0.303131103515625 0.123870849609375
0.0040278434753418 0.00845098495483398 0.296783447265625 -0.18695068359375
0.000267982482910156 -0.00904083251953125 -0.265304565429688 0.190139770507813
0.0167140960693359 0.016505241394043 -0.283172607421875 -0.10736083984375
0.00381278991699219 0.00944709777832031 -0.062225341796875 -0.477203369140625
-0.00938796997070312 0.0289840698242188 0.41363525390625 -0.539093017578125
-0.0443611145019531 -0.00341415405273437 0.808349609375 0.0836181640625
-0.0391006469726563 -0.0649604797363281 0.50958251953125 0.79681396484375
0.0357513427734375 -0.0289649963378906 -0.07183837890625 0.65899658203125
0.0615386962890625 -0.0113563537597656 0.0205917358398438 0.0755081176757813
0.0345573425292969 -0.0346317291259766 0.22119140625 -0.607177734375
0.0090789794921875 -0.0532112121582031 -0.36669921875 -0.893310546875
-0.0250453948974609 -0.0250320434570313 -0.86602783203125 -0.1685791015625
-0.0247230529785156 0.00731468200683593 -0.481109619140625 0.50830078125
-0.00344276428222656 0.010798454284668 0.02056884765625 0.493927001953125
0.00210189819335938 0.0250129699707031 0.302947998046875 0.127288818359375
0.00453853607177734 0.00844001770019531 0.3016357421875 -0.185089111328125
-0.000745773315429687 -0.00952434539794922 -0.2559814453125 0.192855834960938
0.0152177810668945 0.0148735046386719 -0.279815673828125 -0.107284545898437
0.00389671325683594 0.00840854644775391 -0.06109619140625 -0.47344970703125
-0.00664329528808594 0.029571533203125 0.41424560546875 -0.53594970703125
-0.0392799377441406 -0.00231170654296875 0.81005859375 0.08441162109375
-0.0353355407714844 -0.0626678466796875 0.510498046875 0.80181884765625
0.0333480834960938 -0.0242557525634766 -0.07318115234375 0.669189453125
0.0551681518554688 -0.00788116455078125 0.013336181640625 0.0838394165039063
0.0329380035400391 -0.0298824310302734 0.2156982421875 -0.60064697265625
0.0123710632324219 -0.0499382019042969 -0.36602783203125 -0.89105224609375
-0.0190315246582031 -0.0232048034667969 -0.86810302734375 -0.17059326171875
-0.0218639373779297 0.00699615478515625 -0.481414794921875 0.508544921875
-0.00385951995849609 0.010502815246582 0.018951416015625 0.497467041015625
0.00106048583984375 0.0224800109863281 0.305267333984375 0.127166748046875
0.00419330596923828 0.0078887939453125 0.30535888671875 -0.181182861328125
-0.00202465057373047 -0.0108041763305664 -0.25018310546875 0.1944580078125
0.0132932662963867 0.00966930389404297 -0.275146484375 -0.108657836914063
0.00253820419311523 0.00486421585083008 -0.0577392578125 -0.471923828125
-0.0017242431640625 0.0270652770996094 0.421722412109375 -0.5308837890625
-0.0318508148193359 -0.000913619995117182 0.8099365234375 0.0963134765625
-0.0303878784179688 -0.0580406188964844 0.5035400390625 0.81146240234375
0.0311260223388672 -0.0174770355224609 -0.080810546875 0.67584228515625
0.0464744567871094 -0.00208663940429688 0.00926971435546875 0.0867233276367187
0.0284652709960938 -0.0239429473876953 0.2088623046875 -0.5985107421875
0.0157546997070313 -0.0442428588867188 -0.37774658203125 -0.884765625
-0.0107307434082031 -0.0210361480712891 -0.86865234375 -0.15826416015625
-0.0161285400390625 0.00542640686035156 -0.47650146484375 0.516357421875
-0.00307369232177734 0.0070643424987793 0.02496337890625 0.498870849609375
-0.000461578369140624 0.0176162719726563 0.308074951171875 0.124847412109375
0.00478029251098633 0.00559186935424805 0.310302734375 -0.17926025390625
-0.00247287750244141 -0.0115079879760742 -0.245208740234375 0.195907592773437
0.0101289749145508 0.00170993804931641 -0.271270751953125 -0.111297607421875
0.00229716300964356 -0.0011441707611084 -0.053131103515625 -0.47430419921875
0.00538825988769531 0.0239982604980469 0.424774169921875 -0.527191162109375
-0.0227298736572266 0.0011138916015625 0.80841064453125 0.10577392578125
-0.026611328125 -0.0511741638183594 0.49609375 0.8245849609375
0.0260391235351563 -0.00885200500488281 -0.08624267578125 0.68267822265625
0.036529541015625 0.00416946411132813 0.00724029541015625 0.0895538330078125
0.0229587554931641 -0.0164985656738281 0.20361328125 -0.597412109375
0.0194969177246094 -0.0379142761230469 -0.3876953125 -0.87890625
-0.000370025634765625 -0.0185394287109375 -0.869873046875 -0.149169921875
-0.00920295715332031 0.00314807891845703 -0.470428466796875 0.518646240234375
-0.00222086906433105 0.00139260292053223 0.02978515625 0.500579833984375
-0.00266170501708984 0.00971031188964844 0.311492919921875 0.12139892578125
0.00439453125 0.00353050231933594 0.313201904296875 -0.179107666015625
-0.00316810607910156 -0.013178825378418 -0.242904663085938 0.197647094726562
0.00608444213867188 -0.00682306289672852 -0.269515991210937 -0.112594604492188
0.00157833099365234 -0.00885677337646485 -0.048431396484375 -0.474334716796875
0.0126113891601562 0.0201320648193359 0.430084228515625 -0.525115966796875
-0.0126447677612305 0.00333499908447266 0.80615234375 0.1162109375
-0.0225791931152344 -0.0431976318359375 0.4881591796875 0.8326416015625
0.0203323364257813 -0.00023651123046875 -0.0915527343750001 0.68115234375
0.0260543823242188 0.00969123840332031 0.0088043212890625 0.0892257690429688
0.0175409317016602 -0.00781822204589844 0.19866943359375 -0.59722900390625
0.0228347778320312 -0.0298290252685547 -0.39422607421875 -0.87261962890625
0.0104131698608398 -0.015350341796875 -0.87005615234375 -0.1383056640625
-0.000891447067260742 -0.00134932994842529 -0.467498779296875 0.52264404296875
-0.00164651870727539 -0.00656747817993164 0.0343017578125 0.49725341796875
-0.0057988166809082 0.000903606414794922 0.314910888671875 0.11944580078125
0.00423741340637207 0.00178790092468262 0.31439208984375 -0.179534912109375
-0.00361728668212891 -0.0135831832885742 -0.243240356445313 0.19696044921875
0.00304412841796875 -0.0150527954101563 -0.267013549804688 -0.114715576171875
0.000975608825683593 -0.0174579620361328 -0.04559326171875 -0.4775390625
0.0198726654052734 0.0167236328125 0.43109130859375 -0.522430419921875
-0.00367975234985352 0.0062713623046875 0.80511474609375 0.124267578125
-0.0189781188964844 -0.0351982116699219 0.47833251953125 0.83734130859375
0.0156469345092773 0.00800991058349609 -0.0947265624999999 0.68060302734375
0.0162372589111328 0.0155344009399414 0.0133438110351562 0.0856857299804687
0.0114231109619141 0.00101184844970703 0.19586181640625 -0.600830078125
0.0255012512207031 -0.021697998046875 -0.4058837890625 -0.865478515625
0.0199565887451172 -0.0126838684082031 -0.87335205078125 -0.12652587890625
0.00564765930175781 -0.00594472885131836 -0.46148681640625 0.52569580078125
-0.00145339965820313 -0.0148439407348633 0.041046142578125 0.492919921875
-0.00824975967407227 -0.00855112075805664 0.31671142578125 0.1160888671875
0.00394701957702637 0.000340461730957031 0.313812255859375 -0.180694580078125
-0.00331306457519531 -0.0146808624267578 -0.246780395507813 0.196014404296875
0.000368118286132813 -0.0226764678955078 -0.26739501953125 -0.117050170898438
0.00138473510742188 -0.0237293243408203 -0.04229736328125 -0.482940673828125
0.0256309509277344 0.0121059417724609 0.435577392578125 -0.52130126953125
0.00262069702148438 0.00887870788574219 0.80328369140625 0.13232421875
-0.0177135467529297 -0.0274162292480469 0.47039794921875 0.84320068359375
0.0110254287719727 0.014927864074707 -0.09429931640625 0.6728515625
0.00887870788574219 0.0204982757568359 0.0208053588867188 0.079742431640625
0.00685358047485351 0.00826454162597656 0.1943359375 -0.60699462890625
0.02667236328125 -0.0153980255126953 -0.41485595703125 -0.86090087890625
0.0270957946777344 -0.00992012023925781 -0.87384033203125 -0.11639404296875
0.00979804992675781 -0.00993633270263672 -0.45452880859375 0.525604248046875
-0.00107955932617188 -0.0221443176269531 0.045745849609375 0.4873046875
-0.0106143951416016 -0.0158939361572266 0.31829833984375 0.113983154296875
0.00360202789306641 -0.000651359558105469 0.312164306640625 -0.1832275390625
0.000691890716552733 -0.00865650177001953 -0.26690673828125 0.190444946289062
0.0161409378051758 0.0159263610839844 -0.284454345703125 -0.10699462890625
0.00282096862792969 0.00741481781005859 -0.065155029296875 -0.483489990234375
-0.00889778137207031 0.0267410278320312 0.410125732421875 -0.542510986328125
-0.046295166015625 -0.00228118896484375 0.80615234375 0.0799560546875
-0.0416412353515625 -0.0629653930664063 0.50982666015625 0.78753662109375
0.03582763671875 -0.0296707153320313 -0.0626220703125 0.64373779296875
0.0622901916503906 -0.0129432678222656 0.03167724609375 0.0642623901367188
0.0332145690917969 -0.0351142883300781 0.21160888671875 -0.61651611328125
0.00561141967773437 -0.052642822265625 -0.38873291015625 -0.88043212890625
-0.0258541107177734 -0.0237712860107422 -0.86810302734375 -0.14385986328125
-0.0242633819580078 0.00594329833984375 -0.4664306640625 0.51446533203125
-0.00307607650756836 0.00809907913208008 0.0317382812499999 0.488189697265625
0.0024871826171875 0.0226860046386719 0.302825927734375 0.119873046875
0.00484514236450195 0.0083165168762207 0.292388916015625 -0.1898193359375
0.000598430633544922 -0.00814485549926758 -0.259994506835938 0.192642211914063
0.0175876617431641 0.0173244476318359 -0.282867431640625 -0.103729248046875
0.00400066375732422 0.00956630706787109 -0.069549560546875 -0.475189208984375
-0.008880615234375 0.0282573699951172 0.4039306640625 -0.54248046875
-0.0442047119140625 -0.00247955322265624 0.8052978515625 0.07220458984375
-0.0396575927734375 -0.0636711120605469 0.51708984375 0.78570556640625
0.0362510681152344 -0.0290412902832031 -0.0628662109375 0.6533203125
0.0615653991699219 -0.0119400024414062 0.0214920043945313 0.0745697021484375
0.0341033935546875 -0.0340423583984375 0.21319580078125 -0.606201171875
0.0087432861328125 -0.0536460876464844 -0.376953125 -0.88323974609375
-0.0246295928955078 -0.0252723693847656 -0.8653564453125 -0.15570068359375
-0.0243263244628906 0.00687980651855469 -0.473663330078125 0.512481689453125
-0.00327968597412109 0.0103015899658203 0.025970458984375 0.491485595703125
0.00221633911132813 0.0243110656738281 0.302581787109375 0.12261962890625
0.00490951538085938 0.00853586196899414 0.2969970703125 -0.18780517578125
0.000179290771484376 -0.00897884368896484 -0.252365112304688 0.194671630859375
0.0158891677856445 0.0152463912963867 -0.279159545898438 -0.10284423828125
0.00362110137939453 0.00912952423095703 -0.069427490234375 -0.471832275390625
-0.00611495971679688 0.0282325744628906 0.40496826171875 -0.538177490234375
-0.0395126342773438 -0.00114059448242187 0.80645751953125 0.07470703125
-0.0365371704101563 -0.0611419677734375 0.517578125 0.79095458984375
0.034149169921875 -0.0241107940673828 -0.0648193359375 0.66497802734375
0.0547981262207031 -0.0080718994140625 0.013885498046875 0.0827178955078125
0.0322933197021484 -0.0303668975830078 0.2093505859375 -0.5987548828125
0.0112495422363281 -0.0501365661621094 -0.37615966796875 -0.88323974609375
-0.0194129943847656 -0.0239639282226563 -0.86566162109375 -0.156982421875
-0.0214920043945313 0.00717353820800781 -0.473907470703125 0.513916015625
-0.00379657745361328 0.0104970932006836 0.026031494140625 0.495574951171875
0.00143241882324219 0.0222530364990234 0.304779052734375 0.122161865234375
0.00487518310546875 0.00738620758056641 0.3011474609375 -0.183868408203125
-0.000997543334960938 -0.0106592178344727 -0.244735717773438 0.19677734375
0.0137500762939453 0.0100593566894531 -0.275009155273437 -0.105026245117188
0.00267362594604492 0.00477170944213867 -0.064208984375 -0.470672607421875
-0.00113296508789062 0.0263519287109375 0.41070556640625 -0.53338623046875
-0.0318393707275391 -0.000186920166015622 0.807861328125 0.08624267578125
-0.0316314697265625 -0.0558662414550781 0.51336669921875 0.8009033203125
0.0313053131103516 -0.0172824859619141 -0.0718994140625 0.67108154296875
0.0464630126953125 -0.0021514892578125 0.00994873046875 0.0862274169921875
0.0280971527099609 -0.0233268737792969 0.20135498046875 -0.5968017578125
0.0147438049316406 -0.0447311401367188 -0.387451171875 -0.87481689453125
-0.0108108520507812 -0.0216331481933594 -0.867431640625 -0.14691162109375
-0.0159826278686523 0.00525379180908203 -0.468109130859375 0.518798828125
-0.00308370590209961 0.00719928741455078 0.031494140625 0.495330810546875
-0.000141143798828125 0.0176753997802734 0.3082275390625 0.1199951171875
0.00507307052612305 0.00591897964477539 0.30548095703125 -0.18255615234375
-0.00192165374755859 -0.0112237930297852 -0.240097045898438 0.197662353515625
0.0104751586914063 0.00324249267578125 -0.271347045898438 -0.107620239257812
0.00228714942932129 -0.00116133689880371 -0.05999755859375 -0.471282958984375
0.00521087646484375 0.0230674743652344 0.41461181640625 -0.529998779296875
-0.0223369598388672 0.00184249877929688 0.8070068359375 0.0970458984375
-0.0271034240722656 -0.0495109558105469 0.50494384765625 0.814453125
0.0265693664550781 -0.00920677185058594 -0.0769653320312499 0.67767333984375
0.0368003845214844 0.00338363647460938 0.00820159912109375 0.0889511108398438
0.0228538513183594 -0.0155467987060547 0.19390869140625 -0.5960693359375
0.0186691284179687 -0.0378341674804688 -0.3955078125 -0.86962890625
-0.00110626220703125 -0.0185337066650391 -0.86773681640625 -0.13787841796875
-0.00886726379394531 0.00305461883544922 -0.46240234375 0.523529052734375
-0.00146365165710449 0.00120258331298828 0.0352783203125 0.496490478515625
-0.00241374969482422 0.0100212097167969 0.31097412109375 0.1171875
0.00469493865966797 0.00403213500976563 0.30816650390625 -0.1826171875
-0.0027008056640625 -0.012481689453125 -0.237823486328125 0.199127197265625
0.0063624382019043 -0.00539779663085938 -0.268692016601563 -0.109390258789062
0.00108528137207031 -0.00847005844116211 -0.0556640625 -0.4727783203125
0.0130023956298828 0.0196399688720703 0.4188232421875 -0.526519775390625
-0.0128650665283203 0.00396728515625 0.8026123046875 0.1048583984375
-0.0234603881835938 -0.0421981811523438 0.49615478515625 0.8216552734375
0.0207958221435547 -0.000471115112304687 -0.081298828125 0.67938232421875
0.0261344909667969 0.00955390930175781 0.00920867919921876 0.088348388671875
0.0174369812011719 -0.00768566131591797 0.19073486328125 -0.59747314453125
0.0222511291503906 -0.0303707122802734 -0.40545654296875 -0.862060546875
0.010035514831543 -0.0161075592041016 -0.86846923828125 -0.12548828125
-0.00121259689331055 -0.00139391422271729 -0.458831787109375 0.527923583984375
-0.00205564498901367 -0.00606250762939453 0.039276123046875 0.49456787109375
-0.00552177429199219 0.00174140930175781 0.313873291015625 0.114654541015625
0.00428295135498047 0.0016639232635498 0.310516357421875 -0.181854248046875
-0.00295925140380859 -0.0135841369628906 -0.237991333007813 0.19940185546875
0.00254917144775391 -0.0148820877075195 -0.266586303710938 -0.112213134765625
0.000400543212890626 -0.016357421875 -0.05242919921875 -0.47589111328125
0.0208053588867188 0.0154151916503906 0.421875 -0.52471923828125
-0.00422143936157227 0.00635910034179688 0.800537109375 0.11376953125
-0.0204906463623047 -0.0340251922607422 0.48785400390625 0.82672119140625
0.0166845321655273 0.00748443603515625 -0.0854492187500001 0.677490234375
0.0160675048828125 0.0153942108154297 0.01409912109375 0.0847702026367188
0.0115222930908203 0.000512123107910156 0.18743896484375 -0.598876953125
0.0248870849609375 -0.0228347778320313 -0.4156494140625 -0.85662841796875
0.0194664001464844 -0.0134830474853516 -0.87017822265625 -0.114501953125
0.0050959587097168 -0.00601625442504883 -0.45257568359375 0.530548095703125
-0.00167179107666016 -0.014317512512207 0.046630859375 0.489349365234375
-0.00831794738769531 -0.00743627548217774 0.31591796875 0.11102294921875
0.00432014465332031 -0.000177145004272461 0.309295654296875 -0.18438720703125
-0.00303745269775391 -0.0136728286743164 -0.241546630859375 0.198104858398438
0.000318527221679685 -0.0217056274414063 -0.267471313476563 -0.114181518554687
0.000116348266601565 -0.0235099792480469 -0.049285888671875 -0.481109619140625
0.0258541107177734 0.0114154815673828 0.42633056640625 -0.525054931640625
0.00245380401611328 0.00844478607177734 0.7998046875 0.12176513671875
-0.0183811187744141 -0.0271110534667969 0.47808837890625 0.83135986328125
0.0114822387695313 0.0145807266235352 -0.0853271484374999 0.6705322265625
0.00918388366699219 0.0204753875732422 0.0211410522460938 0.0795822143554687
0.00714683532714844 0.00719738006591797 0.1878662109375 -0.60491943359375
0.0258083343505859 -0.0160903930664062 -0.4234619140625 -0.8515625
0.0265731811523438 -0.0113925933837891 -0.8720703125 -0.1044921875
0.0102672576904297 -0.0107612609863281 -0.44805908203125 0.5313720703125
-0.00183868408203125 -0.0216236114501953 0.050079345703125 0.48565673828125
-0.0110807418823242 -0.0149946212768555 0.316986083984375 0.109130859375
0.00397706031799316 -0.000699758529663086 0.307891845703125 -0.18634033203125
0.00179481506347656 -0.00835800170898438 -0.26190185546875 0.191665649414062
0.0164165496826172 0.0159940719604492 -0.283599853515625 -0.10369873046875
0.00254440307617187 0.00768518447875977 -0.071136474609375 -0.480072021484375
-0.00879096984863281 0.0262832641601562 0.40130615234375 -0.542144775390625
-0.046173095703125 -0.00223159790039062 0.80194091796875 0.0711669921875
-0.0424423217773438 -0.0617027282714844 0.517578125 0.77685546875
0.0363044738769531 -0.0296363830566406 -0.05596923828125 0.63958740234375
0.0621757507324219 -0.0132637023925781 0.0319137573242188 0.0631103515625
0.0329570770263672 -0.0348072052001953 0.20489501953125 -0.614990234375
0.00545120239257813 -0.0530319213867188 -0.3956298828125 -0.870849609375
-0.0260372161865234 -0.0246505737304688 -0.8642578125 -0.13262939453125
-0.0243301391601563 0.00559616088867188 -0.45947265625 0.5169677734375
-0.00291919708251953 0.00821161270141602 0.036346435546875 0.484344482421875
0.00247001647949219 0.0229568481445313 0.301361083984375 0.115753173828125
0.00552558898925781 0.00856685638427734 0.28814697265625 -0.19183349609375
0.000998497009277345 -0.00857734680175781 -0.255233764648438 0.194290161132812
0.0175743103027344 0.0176525115966797 -0.281402587890625 -0.10089111328125
0.00306510925292969 0.0101203918457031 -0.075225830078125 -0.471893310546875
-0.00870704650878906 0.0275535583496094 0.3946533203125 -0.54296875
-0.0447654724121094 -0.00200653076171874 0.80059814453125 0.061767578125
-0.0410118103027344 -0.0622406005859375 0.52337646484375 0.77484130859375
0.0359687805175781 -0.0289649963378906 -0.0546874999999999 0.6507568359375
0.0607986450195313 -0.0126113891601563 0.0215911865234375 0.074493408203125
0.0332298278808594 -0.0342788696289063 0.20513916015625 -0.6031494140625
0.00696182250976562 -0.0537223815917969 -0.383544921875 -0.874755859375
-0.0249233245849609 -0.0255622863769531 -0.86236572265625 -0.1458740234375
-0.0246715545654297 0.00703239440917969 -0.4664306640625 0.514556884765625
-0.00337409973144531 0.0109262466430664 0.0301513671875 0.488800048828125
0.00284576416015625 0.0247707366943359 0.30181884765625 0.118896484375
0.00512123107910156 0.00829124450683594 0.2935791015625 -0.18939208984375
0.000394821166992188 -0.0084986686706543 -0.246780395507813 0.195999145507812
0.0165834426879883 0.0154886245727539 -0.278121948242188 -0.0998687744140625
0.00352764129638672 0.00912570953369141 -0.074676513671875 -0.4688720703125
-0.00561714172363281 0.0276851654052734 0.395538330078125 -0.540008544921875
-0.0395584106445313 -0.00139236450195312 0.80255126953125 0.0665283203125
-0.0370445251464844 -0.0595169067382813 0.5244140625 0.7811279296875
0.0337657928466797 -0.0243167877197266 -0.05743408203125 0.65972900390625
0.0551834106445313 -0.00826263427734375 0.0143661499023438 0.0824508666992188
0.0320186614990234 -0.0299205780029297 0.19970703125 -0.596923828125
0.0107994079589844 -0.0508689880371094 -0.38507080078125 -0.87396240234375
-0.0200634002685547 -0.0239315032958984 -0.86187744140625 -0.146728515625
-0.0215034484863281 0.0071258544921875 -0.4671630859375 0.51715087890625
-0.00301074981689453 0.0105609893798828 0.029632568359375 0.49188232421875
0.00213623046875 0.0230979919433594 0.3038330078125 0.118377685546875
0.00499963760375976 0.00785160064697266 0.29742431640625 -0.1866455078125
-0.000116348266601562 -0.00992012023925781 -0.240447998046875 0.1983642578125
0.0139589309692383 0.0111770629882812 -0.274002075195313 -0.1024169921875
0.00250387191772461 0.00582551956176758 -0.069610595703125 -0.468109130859375
-0.000324249267578127 0.0263710021972656 0.403076171875 -0.535430908203125
-0.0324478149414063 8.20159912109337E-05 0.803466796875 0.07672119140625
-0.0328826904296875 -0.0550346374511719 0.51922607421875 0.79254150390625
0.0312690734863281 -0.0176906585693359 -0.06396484375 0.66754150390625
0.0461044311523438 -0.00308990478515625 0.0103073120117188 0.0862045288085938
0.0279178619384766 -0.0234737396240234 0.19384765625 -0.59490966796875
0.0150070190429688 -0.0454063415527344 -0.39398193359375 -0.8653564453125
-0.011077880859375 -0.0220718383789062 -0.86431884765625 -0.1357421875
-0.0156784057617188 0.00594902038574219 -0.46038818359375 0.523162841796875
-0.00271940231323242 0.00727701187133789 0.0364990234375 0.4931640625
-0.000183105468749999 0.0184974670410156 0.3070068359375 0.115325927734375
0.00555992126464844 0.00627565383911133 0.30133056640625 -0.18548583984375
-0.00120735168457031 -0.010930061340332 -0.235885620117187 0.198989868164063
0.0103235244750977 0.00359821319580078 -0.269638061523438 -0.10382080078125
0.0015794038772583 -0.000738263130187988 -0.06451416015625 -0.4686279296875
0.00587272644042969 0.0226421356201172 0.40576171875 -0.530517578125
-0.0223808288574219 0.00171661376953125 0.802734375 0.08624267578125
-0.0281257629394531 -0.0488777160644531 0.51116943359375 0.8037109375
0.0268745422363281 -0.00944137573242187 -0.07061767578125 0.67352294921875
0.0367355346679688 0.00298690795898438 0.00885009765625001 0.0880355834960938
0.0230636596679688 -0.0153465270996094 0.18792724609375 -0.5931396484375
0.0181732177734375 -0.0386466979980469 -0.4014892578125 -0.85906982421875
-0.00112533569335938 -0.0193920135498047 -0.86383056640625 -0.1263427734375
-0.00843048095703125 0.00265216827392578 -0.4559326171875 0.526336669921875
-0.00233840942382813 0.00157284736633301 0.0391845703125 0.4945068359375
-0.00216007232666016 0.0105829238891602 0.30999755859375 0.113861083984375
0.00499439239501953 0.0041356086730957 0.304443359375 -0.184661865234375
-0.00181770324707031 -0.0120649337768555 -0.233200073242187 0.200759887695313
0.00651645660400391 -0.00419712066650391 -0.268341064453125 -0.1065673828125
0.000220298767089845 -0.00832700729370117 -0.06182861328125 -0.470062255859375
0.0136928558349609 0.0185565948486328 0.4091796875 -0.528533935546875
-0.013031005859375 0.00377464294433594 0.79901123046875 0.0946044921875
-0.0240898132324219 -0.0406723022460938 0.50390625 0.80859375
0.0215282440185547 -0.000780105590820313 -0.0739135742187501 0.674072265625
0.0260868072509766 0.0088348388671875 0.0101318359375 0.0873565673828125
0.0170135498046875 -0.00793266296386719 0.18267822265625 -0.5938720703125
0.0214023590087891 -0.0310630798339844 -0.4114990234375 -0.85308837890625
0.00994873046875 -0.0167789459228516 -0.864501953125 -0.11474609375
-0.00156152248382568 -0.000849723815917969 -0.4503173828125 0.53076171875
-0.00181198120117188 -0.00604724884033203 0.04449462890625 0.491180419921875
-0.00549745559692383 0.00218629837036133 0.31317138671875 0.1107177734375
0.00501060485839844 0.00167989730834961 0.306915283203125 -0.184814453125
-0.00181674957275391 -0.0132265090942383 -0.233062744140625 0.200515747070313
0.00330924987792969 -0.0128746032714844 -0.266006469726563 -0.108856201171875
-0.000777244567871093 -0.0155649185180664 -0.058349609375 -0.47283935546875
0.0207042694091797 0.0142288208007813 0.413055419921875 -0.527587890625
-0.00418949127197266 0.00699090957641601 0.79876708984375 0.10528564453125
-0.0212383270263672 -0.0331649780273437 0.49298095703125 0.81591796875
0.0163402557373047 0.00780010223388672 -0.0781860351562499 0.673095703125
0.0166759490966797 0.0149717330932617 0.0141220092773437 0.0844802856445313
0.011357307434082 0.000932693481445313 0.17999267578125 -0.5977783203125
0.0243816375732422 -0.0231685638427734 -0.4217529296875 -0.845947265625
0.0195484161376953 -0.0136566162109375 -0.86553955078125 -0.1048583984375
0.00472354888916016 -0.00617647171020508 -0.444793701171875 0.53314208984375
-0.00195789337158203 -0.0141410827636719 0.050750732421875 0.487701416015625
-0.0086216926574707 -0.00706052780151367 0.315216064453125 0.107177734375
0.00454044342041016 0.000129222869873047 0.30517578125 -0.186767578125
-0.00217056274414062 -0.0139598846435547 -0.2366943359375 0.199874877929688
0.000469207763671874 -0.0202293395996094 -0.2666015625 -0.11151123046875
-0.000463485717773439 -0.0232372283935547 -0.053863525390625 -0.47906494140625
0.0257625579833984 0.0105152130126953 0.415863037109375 -0.52587890625
0.00235891342163086 0.00868988037109375 0.79669189453125 0.11236572265625
-0.0193901062011719 -0.0257530212402344 0.4857177734375 0.82073974609375
0.012272834777832 0.0144491195678711 -0.07904052734375 0.66668701171875
0.00960922241210938 0.0205097198486328 0.020660400390625 0.0782012939453125
0.00695323944091797 0.00781488418579102 0.17877197265625 -0.603515625
0.0253810882568359 -0.0170040130615234 -0.43011474609375 -0.8404541015625
0.0264606475830078 -0.0124111175537109 -0.86944580078125 -0.09429931640625
0.00943851470947265 -0.0104913711547852 -0.440765380859375 0.5343017578125
-0.00218963623046875 -0.0214099884033203 0.055450439453125 0.481964111328125
-0.0111303329467773 -0.0143575668334961 0.31549072265625 0.10443115234375
0.0045924186706543 -0.000879764556884766 0.30352783203125 -0.18829345703125
0.0023040771484375 -0.00794124603271485 -0.257247924804688 0.192581176757813
0.0170707702636719 0.0169582366943359 -0.28192138671875 -0.10064697265625
0.00225639343261719 0.00774860382080078 -0.076904296875 -0.476043701171875
-0.00845718383789062 0.0257835388183594 0.394256591796875 -0.5428466796875
-0.046051025390625 -0.00163269042968751 0.79791259765625 0.063232421875
-0.0429801940917969 -0.059906005859375 0.52105712890625 0.76483154296875
0.0364875793457031 -0.030181884765625 -0.0494995117187499 0.63507080078125
0.0622978210449219 -0.0141181945800781 0.0311965942382813 0.062774658203125
0.0323333740234375 -0.0344467163085938 0.19769287109375 -0.61199951171875
0.005035400390625 -0.0535545349121094 -0.40057373046875 -0.86102294921875
-0.0267086029052734 -0.0243682861328125 -0.85888671875 -0.1259765625
-0.0238857269287109 0.00571823120117188 -0.451416015625 0.517303466796875
-0.00270175933837891 0.00833606719970703 0.04052734375 0.48114013671875
0.00310516357421875 0.0231971740722656 0.3011474609375 0.111572265625
0.00624561309814453 0.00875377655029297 0.284210205078125 -0.193511962890625
0.00209474563598633 -0.00786876678466797 -0.25030517578125 0.195053100585937
0.0184383392333984 0.0180835723876953 -0.280181884765625 -0.09759521484375
0.00313186645507812 0.0102567672729492 -0.0791015625 -0.46844482421875
-0.00785255432128907 0.02728271484375 0.387054443359375 -0.542999267578125
-0.0446205139160156 -0.0012664794921875 0.79559326171875 0.05487060546875
-0.0415496826171875 -0.0600967407226562 0.52764892578125 0.763916015625
0.0356101989746094 -0.0289726257324219 -0.04833984375 0.64532470703125
0.0604019165039063 -0.0128021240234375 0.0214462280273438 0.0738067626953125
0.0336055755615234 -0.0337715148925781 0.197998046875 -0.600830078125
0.00658798217773437 -0.0540046691894531 -0.39013671875 -0.86505126953125
-0.0248241424560547 -0.0251598358154297 -0.85687255859375 -0.13458251953125
-0.0245285034179687 0.00716590881347656 -0.457763671875 0.5157470703125
-0.00336647033691406 0.0108566284179687 0.0341796875 0.4859619140625
0.00365066528320312 0.0249614715576172 0.30035400390625 0.114898681640625
0.00601434707641602 0.0087127685546875 0.288360595703125 -0.19134521484375
0.00165081024169922 -0.00857257843017578 -0.242095947265625 0.19708251953125
0.0165271759033203 0.0160236358642578 -0.276412963867188 -0.0971832275390626
0.00312995910644531 0.0094003677368164 -0.078887939453125 -0.46612548828125
-0.00514030456542968 0.0273017883300781 0.3878173828125 -0.540191650390625
-0.0399017333984375 -0.00091934204101563 0.79791259765625 0.0572509765625
-0.0379600524902344 -0.0578193664550781 0.529052734375 0.7691650390625
0.0339260101318359 -0.0245857238769531 -0.05267333984375 0.655029296875
0.0545005798339844 -0.00866317749023438 0.014495849609375 0.0816497802734375
0.0319366455078125 -0.0296211242675781 0.1943359375 -0.594482421875
0.0100898742675781 -0.0502204895019531 -0.38818359375 -0.8624267578125
-0.01983642578125 -0.0241584777832031 -0.857666015625 -0.13818359375
-0.0211544036865234 0.00700950622558594 -0.457916259765625 0.516693115234375
-0.00322818756103516 0.011077880859375 0.0341796875 0.489349365234375
0.0020751953125 0.0232505798339844 0.302276611328125 0.1138916015625
0.0058598518371582 0.00806903839111328 0.292877197265625 -0.188629150390625
0.000293731689453124 -0.00991630554199219 -0.235992431640625 0.198974609375
0.0143032073974609 0.0117130279541016 -0.272735595703125 -0.099578857421875
0.00181770324707031 0.00601005554199219 -0.0739746093749999 -0.464599609375
-0.000175476074218748 0.0252056121826172 0.393402099609375 -0.5345458984375
-0.0320091247558594 0.00035476684570312 0.7978515625 0.06842041015625
-0.0336875915527344 -0.0538482666015625 0.5220947265625 0.78045654296875
0.031707763671875 -0.0181465148925781 -0.05810546875 0.66107177734375
0.0462493896484375 -0.00279617309570312 0.010711669921875 0.0853729248046875
0.0273857116699219 -0.0234317779541016 0.18731689453125 -0.59185791015625
0.01385498046875 -0.0455513000488281 -0.3983154296875 -0.85614013671875
-0.0116500854492187 -0.0222530364990234 -0.858154296875 -0.12628173828125
-0.0158634185791016 0.0053558349609375 -0.4527587890625 0.524200439453125
-0.00249052047729492 0.00684690475463867 0.039093017578125 0.488861083984375
0.000160217285156249 0.0181179046630859 0.305267333984375 0.112152099609375
0.00580835342407227 0.00608110427856445 0.29669189453125 -0.18682861328125
-0.000664710998535157 -0.0107202529907227 -0.2310791015625 0.19989013671875
0.0108404159545898 0.00459003448486328 -0.268875122070313 -0.101394653320312
0.000998079776763916 -0.000356554985046387 -0.070648193359375 -0.466644287109375
0.00626754760742188 0.0217094421386719 0.397674560546875 -0.531524658203125
-0.0226154327392578 0.00241661071777344 0.79638671875 0.07867431640625
-0.0287704467773437 -0.0473060607910156 0.51544189453125 0.7919921875
0.0268821716308594 -0.0102100372314453 -0.0638427734375001 0.6676025390625
0.0368080139160156 0.003082275390625 0.008636474609375 0.0873794555664062
0.0224761962890625 -0.0157604217529297 0.18157958984375 -0.58984375
0.0175285339355469 -0.0390701293945313 -0.408203125 -0.84954833984375
-0.00117874145507812 -0.0192699432373047 -0.8603515625 -0.11749267578125
-0.00899124145507813 0.00268268585205078 -0.4478759765625 0.52703857421875
-0.00177216529846191 0.00166893005371094 0.043426513671875 0.489471435546875
-0.00221729278564453 0.0106639862060547 0.3087158203125 0.109466552734375
0.00566530227661133 0.00430631637573242 0.29986572265625 -0.186553955078125
-0.00126743316650391 -0.0121879577636719 -0.228179931640625 0.200439453125
0.00662088394165039 -0.00355195999145508 -0.266616821289063 -0.103561401367188
0.000383377075195312 -0.00747442245483398 -0.06585693359375 -0.467987060546875
0.01336669921875 0.0177192687988281 0.402374267578125 -0.52838134765625
-0.0128164291381836 0.00406646728515625 0.79534912109375 0.0875244140625
-0.0253677368164062 -0.0396041870117188 0.50616455078125 0.79840087890625
0.0221691131591797 -0.00144195556640625 -0.0678710937500001 0.66943359375
0.0263805389404297 0.00934028625488281 0.0105056762695313 0.0870361328125
0.0167837142944336 -0.00746917724609375 0.17706298828125 -0.59149169921875
0.0205211639404297 -0.0317745208740234 -0.41607666015625 -0.8427734375
0.00922870635986328 -0.0173110961914063 -0.86126708984375 -0.10638427734375
-0.00120401382446289 -0.00187134742736816 -0.443115234375 0.531219482421875
-0.00194311141967773 -0.0055241584777832 0.048248291015625 0.48785400390625
-0.00522804260253906 0.00256013870239258 0.311553955078125 0.107025146484375
0.00544118881225586 0.00174999237060547 0.3018798828125 -0.18682861328125
-0.00106525421142578 -0.0131826400756836 -0.228836059570313 0.200958251953125
0.00283145904541015 -0.012150764465332 -0.264633178710938 -0.105987548828125
-0.00113487243652344 -0.0150966644287109 -0.062835693359375 -0.471588134765625
0.020172119140625 0.0136547088623047 0.405181884765625 -0.526702880859375
-0.00478601455688477 0.00638198852539063 0.79315185546875 0.0963134765625
-0.0219478607177734 -0.0319557189941406 0.49749755859375 0.80572509765625
0.017176628112793 0.00690174102783203 -0.0697631835937499 0.6673583984375
0.01678466796875 0.0151271820068359 0.0145645141601563 0.0841598510742188
0.0117454528808594 0.000927925109863281 0.173095703125 -0.594970703125
0.0232200622558594 -0.0237617492675781 -0.4266357421875 -0.83587646484375
0.0184040069580078 -0.0145854949951172 -0.86309814453125 -0.0954589843750002
0.00479269027709961 -0.00679636001586914 -0.43841552734375 0.533843994140625
-0.00176811218261719 -0.0138473510742188 0.05303955078125 0.482879638671875
-0.00858163833618164 -0.00618410110473633 0.3128662109375 0.10333251953125
0.00456428527832031 0.000532627105712891 0.30194091796875 -0.188140869140625
-0.000738143920898438 -0.0137577056884766 -0.232315063476563 0.199691772460937
0.000185012817382813 -0.0194282531738281 -0.264862060546875 -0.10888671875
-0.00154876708984375 -0.0221691131591797 -0.059600830078125 -0.476226806640625
0.0255374908447266 0.0100460052490234 0.407623291015625 -0.5240478515625
0.0026397705078125 0.00887203216552734 0.7918701171875 0.1043701171875
-0.0195827484130859 -0.0247554779052734 0.4906005859375 0.8089599609375
0.0127735137939453 0.0143346786499023 -0.07305908203125 0.660888671875
0.00961112976074219 0.0200729370117188 0.0209884643554688 0.0780258178710938
0.0070338249206543 0.00790071487426758 0.17254638671875 -0.59979248046875
0.02496337890625 -0.0174674987792969 -0.43402099609375 -0.83154296875
0.0255336761474609 -0.0126800537109375 -0.8619384765625 -0.0834960937500002
0.00951671600341797 -0.0106992721557617 -0.43194580078125 0.534393310546875
-0.0016937255859375 -0.0210323333740234 0.057037353515625 0.478546142578125
-0.0107288360595703 -0.0142927169799805 0.31402587890625 0.101104736328125
0.00475549697875977 -0.000530719757080078 0.29864501953125 -0.190338134765625
0.00323390960693359 -0.00835704803466797 -0.252151489257813 0.193313598632813
0.0174312591552734 0.017207145690918 -0.280670166015625 -0.09844970703125
0.00249004364013672 0.00807619094848633 -0.081512451171875 -0.471923828125
-0.00813484191894531 0.0246353149414063 0.38543701171875 -0.542327880859375
-0.0460090637207031 -0.00130844116210938 0.79058837890625 0.05810546875
-0.0429801940917969 -0.0585594177246094 0.52197265625 0.75457763671875
0.0371322631835938 -0.030059814453125 -0.0452880859375 0.62969970703125
0.06158447265625 -0.014190673828125 0.0308494567871094 0.0622634887695313
0.0321788787841797 -0.0340766906738281 0.19134521484375 -0.6082763671875
0.00369644165039062 -0.0535430908203125 -0.40313720703125 -0.85125732421875
-0.0263347625732422 -0.0250148773193359 -0.85321044921875 -0.115478515625
-0.0239486694335938 0.00549888610839843 -0.444091796875 0.519775390625
-0.00210857391357422 0.00816011428833008 0.04302978515625 0.477386474609375
0.00324440002441406 0.0228633880615234 0.2989501953125 0.108642578125
0.00654029846191406 0.00822257995605469 0.279739379882813 -0.195022583007813
0.00313568115234375 -0.00801372528076172 -0.24566650390625 0.19525146484375
0.0179977416992188 0.0189437866210938 -0.279617309570313 -0.095672607421875
0.00267887115478516 0.0104141235351563 -0.082794189453125 -0.46514892578125
-0.0075531005859375 0.0263347625732422 0.379791259765625 -0.540740966796875
-0.0440788269042969 -0.00075531005859375 0.79058837890625 0.0487060546875
-0.0423507690429688 -0.0591812133789063 0.5291748046875 0.75238037109375
0.03643798828125 -0.0295372009277344 -0.0445556640625 0.63916015625
0.0600242614746094 -0.0133285522460938 0.0212631225585938 0.0734481811523438
0.0329055786132813 -0.0333671569824219 0.192626953125 -0.5977783203125
0.00596237182617187 -0.0536231994628906 -0.39263916015625 -0.85650634765625
-0.0254058837890625 -0.0256671905517578 -0.85125732421875 -0.12841796875
-0.0244598388671875 0.00744819641113281 -0.450164794921875 0.51666259765625
-0.00260162353515625 0.0112886428833008 0.038726806640625 0.482421875
0.00383949279785156 0.0248584747314453 0.298736572265625 0.111419677734375
0.00649833679199219 0.00834894180297852 0.28472900390625 -0.19140625
0.00211715698242188 -0.00875616073608399 -0.237548828125 0.197311401367187
0.0176029205322266 0.0163555145263672 -0.275360107421875 -0.0948638916015625
0.00229835510253906 0.00997638702392578 -0.083648681640625 -0.462066650390625
-0.00467872619628907 0.0268211364746094 0.37939453125 -0.5391845703125
-0.0395355224609375 -0.000129699707031248 0.790771484375 0.0511474609375
-0.0382652282714844 -0.0567588806152344 0.5323486328125 0.75909423828125
0.0344429016113281 -0.0245513916015625 -0.04638671875 0.64886474609375
0.0545883178710937 -0.00833892822265625 0.0145034790039063 0.0808334350585938
0.0313854217529297 -0.0290851593017578 0.18865966796875 -0.59033203125
0.00928878784179687 -0.0507125854492187 -0.39373779296875 -0.85308837890625
-0.0210094451904297 -0.0243244171142578 -0.85162353515625 -0.129638671875
-0.0218887329101562 0.00689888000488282 -0.450439453125 0.518951416015625
-0.00306320190429688 0.01092529296875 0.036865234375 0.484710693359375
0.00203132629394531 0.0239639282226563 0.300537109375 0.111358642578125
0.00604867935180664 0.00781822204589844 0.2889404296875 -0.188995361328125
0.00138378143310547 -0.00951576232910156 -0.23046875 0.198593139648438
0.0151281356811523 0.0123519897460938 -0.270584106445313 -0.0977783203124999
0.0016937255859375 0.00630378723144531 -0.077606201171875 -0.460906982421875
0.000251770019531248 0.0241527557373047 0.387115478515625 -0.533477783203125
-0.0321712493896484 0.00126838684082031 0.78936767578125 0.06182861328125
-0.0340347290039063 -0.0517234802246094 0.52532958984375 0.7694091796875
0.031341552734375 -0.0182647705078125 -0.0534057617187501 0.65692138671875
0.0458984375 -0.00298309326171875 0.011016845703125 0.0845870971679688
0.0273818969726563 -0.0230007171630859 0.181884765625 -0.5887451171875
0.0124740600585938 -0.0455360412597656 -0.402587890625 -0.84429931640625
-0.0119152069091797 -0.0226039886474609 -0.852783203125 -0.11859130859375
-0.0156478881835937 0.00567722320556641 -0.444976806640625 0.523681640625
-0.00210046768188477 0.00753593444824219 0.042327880859375 0.48583984375
9.15527343750007E-05 0.0187931060791016 0.304229736328125 0.108306884765625
0.00672531127929688 0.00599098205566406 0.293182373046875 -0.18768310546875
0.000583648681640625 -0.0106477737426758 -0.225906372070312 0.199264526367188
0.0111322402954102 0.0049896240234375 -0.267303466796875 -0.0992584228515625
0.000755488872528076 0.000487446784973144 -0.0738220214843749 -0.4619140625
0.00662612915039063 0.0205440521240234 0.389892578125 -0.52923583984375
-0.0228805541992188 0.00229263305664062 0.789794921875 0.07269287109375
-0.0299720764160156 -0.0458946228027344 0.5179443359375 0.78125
0.0270576477050781 -0.009979248046875 -0.0576171874999999 0.6617431640625
0.0363426208496094 0.00232315063476563 0.0092620849609375 0.0869293212890625
0.0222797393798828 -0.0153255462646484 0.1761474609375 -0.58514404296875
0.0158653259277344 -0.0384407043457031 -0.4102783203125 -0.84088134765625
-0.00153350830078125 -0.0196743011474609 -0.8548583984375 -0.1094970703125
-0.00881767272949219 0.00204277038574219 -0.440093994140625 0.5286865234375
-0.00172197818756103 0.0021592378616333 0.046142578125 0.4871826171875
-0.00225639343261719 0.0114240646362305 0.30657958984375 0.10595703125
0.00639057159423828 0.00419425964355469 0.29608154296875 -0.188323974609375
0.000286102294921874 -0.0120620727539063 -0.22412109375 0.200454711914062
0.00695228576660156 -0.00304698944091797 -0.265243530273438 -0.101669311523438
-0.000389575958251953 -0.00677061080932617 -0.070037841796875 -0.463348388671875
0.0138492584228516 0.0170564651489258 0.392852783203125 -0.5260009765625
-0.0128822326660156 0.00443077087402344 0.78948974609375 0.08062744140625
-0.025390625 -0.0384979248046875 0.50909423828125 0.7874755859375
0.0225753784179687 -0.0014190673828125 -0.06298828125 0.66326904296875
0.0264949798583984 0.0085601806640625 0.0110015869140625 0.0866165161132813
0.0166587829589844 -0.00686931610107422 0.17144775390625 -0.587158203125
0.0197162628173828 -0.0318183898925781 -0.4210205078125 -0.83184814453125
0.00867843627929687 -0.0178985595703125 -0.85577392578125 -0.0985717773437501
-0.00105011463165283 -0.00197970867156982 -0.435577392578125 0.531494140625
-0.0015711784362793 -0.00564146041870117 0.050689697265625 0.48455810546875
-0.0048985481262207 0.00283241271972656 0.30963134765625 0.103546142578125
0.00602912902832031 0.00195455551147461 0.297760009765625 -0.187744140625
-0.000316619873046874 -0.0129165649414063 -0.223602294921875 0.200439453125
0.00379562377929688 -0.0115690231323242 -0.263519287109375 -0.104324340820312
-0.00132465362548828 -0.01470947265625 -0.066741943359375 -0.4669189453125
0.0205745697021484 0.0126953125 0.396881103515625 -0.524627685546875
-0.00420570373535156 0.00673151016235352 0.787109375 0.0899658203125
-0.0221748352050781 -0.0303573608398438 0.5009765625 0.7955322265625
0.0179424285888672 0.00753211975097656 -0.0648193359375001 0.66058349609375
0.0168008804321289 0.0147361755371094 0.0146942138671875 0.0828781127929688
0.0115814208984375 0.00123405456542969 0.16693115234375 -0.59014892578125
0.0225696563720703 -0.0237026214599609 -0.42999267578125 -0.82745361328125
0.0183353424072266 -0.0153179168701172 -0.85650634765625 -0.0864257812500001
0.00448036193847656 -0.00697660446166992 -0.4307861328125 0.533111572265625
-0.00210952758789062 -0.0138330459594727 0.056365966796875 0.479217529296875
-0.00847291946411133 -0.00561714172363281 0.31146240234375 0.100189208984375
0.00592422485351563 -3.86238098144531E-05 0.297393798828125 -0.189239501953125
-0.00051116943359375 -0.0135412216186523 -0.227203369140625 0.199493408203125
0.000499725341796875 -0.0182056427001953 -0.263656616210938 -0.106231689453125
-0.00191688537597656 -0.0220623016357422 -0.0629577636718751 -0.4716796875
0.0253486633300781 0.00919342041015625 0.399383544921875 -0.5245361328125
0.00221490859985352 0.00845098495483398 0.78558349609375 0.0986328125
-0.0206489562988281 -0.0230941772460938 0.492431640625 0.7994384765625
0.0134048461914063 0.0144147872924805 -0.06689453125 0.6544189453125
0.00934982299804687 0.019866943359375 0.021209716796875 0.076873779296875
0.00674533843994141 0.00805997848510742 0.166748046875 -0.5975341796875
0.0238723754882813 -0.0176067352294922 -0.43902587890625 -0.82098388671875
0.0249767303466797 -0.0132217407226563 -0.85736083984375 -0.0754394531249999
0.00901031494140625 -0.0113296508789063 -0.42425537109375 0.535491943359375
-0.00226974487304688 -0.0205287933349609 0.060821533203125 0.475372314453125
-0.010767936706543 -0.0129289627075195 0.312225341796875 0.097137451171875
0.00499916076660156 -0.00034332275390625 0.294647216796875 -0.191558837890625
0.00365161895751953 -0.00791788101196289 -0.247802734375 0.192840576171875
0.0186309814453125 0.0173683166503906 -0.279571533203125 -0.096954345703125
0.00208711624145508 0.00871658325195313 -0.084930419921875 -0.469024658203125
-0.00809097290039063 0.0237007141113281 0.378173828125 -0.53955078125
-0.0455894470214844 -0.00099945068359376 0.78485107421875 0.052734375
-0.0432472229003906 -0.05694580078125 0.52301025390625 0.7454833984375
0.0368461608886719 -0.0301513671875 -0.04168701171875 0.62255859375
0.0609130859375 -0.0140113830566406 0.0304412841796875 0.0618629455566406
0.0320472717285156 -0.0332889556884766 0.1866455078125 -0.6033935546875
0.00281524658203126 -0.0534591674804688 -0.406494140625 -0.84228515625
-0.0264911651611328 -0.0246963500976563 -0.84893798828125 -0.10986328125
-0.0240459442138672 0.00556373596191406 -0.43865966796875 0.517486572265625
-0.00203847885131836 0.00843620300292969 0.045196533203125 0.473480224609375
0.00360870361328125 0.0235252380371094 0.296630859375 0.105987548828125
0.00691413879394531 0.00891017913818359 0.27642822265625 -0.195053100585937
0.00345659255981445 -0.00707054138183594 -0.241500854492188 0.194046020507812
0.0189990997314453 0.0187091827392578 -0.277664184570313 -0.0941619873046875
0.00238132476806641 0.0107440948486328 -0.086090087890625 -0.461761474609375
-0.00773429870605468 0.0255527496337891 0.3729248046875 -0.53887939453125
-0.0447883605957031 -0.000396728515625003 0.7835693359375 0.044189453125
-0.0425949096679687 -0.0576400756835938 0.5289306640625 0.742431640625
0.0365104675292969 -0.0291862487792969 -0.0414428710937501 0.63232421875
0.0602149963378906 -0.0132598876953125 0.020538330078125 0.0724563598632813
0.0323257446289063 -0.0329437255859375 0.188232421875 -0.5928955078125
0.00535964965820312 -0.0537910461425781 -0.3946533203125 -0.84649658203125
-0.0255775451660156 -0.0256309509277344 -0.8460693359375 -0.12091064453125
-0.0240268707275391 0.00695419311523437 -0.445068359375 0.515869140625
-0.00268459320068359 0.011077880859375 0.04010009765625 0.479156494140625
0.00343513488769531 0.0255966186523438 0.29681396484375 0.10882568359375
0.00715780258178711 0.00851869583129883 0.28082275390625 -0.192214965820313
0.00317907333374023 -0.0082392692565918 -0.233551025390625 0.1964111328125
0.0179386138916016 0.0174274444580078 -0.273696899414063 -0.09356689453125
0.00214672088623047 0.0101461410522461 -0.085296630859375 -0.458892822265625
-0.00428962707519531 0.0256557464599609 0.372100830078125 -0.535858154296875
-0.039276123046875 0.000137329101562495 0.78515625 0.04608154296875
-0.0384597778320313 -0.0550041198730469 0.531982421875 0.74786376953125
0.0342426300048828 -0.0243358612060547 -0.0426025390625 0.6427001953125
0.0543441772460938 -0.0087127685546875 0.01422119140625 0.0806427001953125
0.0308876037597656 -0.0284938812255859 0.18463134765625 -0.58709716796875
0.0087127685546875 -0.0508003234863281 -0.39459228515625 -0.844482421875
-0.0202903747558594 -0.0244770050048828 -0.8470458984375 -0.12298583984375
-0.0211677551269531 0.00696563720703125 -0.4453125 0.51812744140625
-0.00281810760498047 0.0114459991455078 0.038970947265625 0.481719970703125
0.00291252136230469 0.0239429473876953 0.298858642578125 0.108184814453125
0.0061497688293457 0.00792264938354492 0.28521728515625 -0.18951416015625
0.00191497802734375 -0.00961589813232422 -0.22698974609375 0.1982421875
0.0154733657836914 0.0126743316650391 -0.269668579101563 -0.0956878662109375
0.00152063369750976 0.00648641586303711 -0.081085205078125 -0.4571533203125
0.000198364257812502 0.02392578125 0.3792724609375 -0.5306396484375
-0.0317745208740234 0.0016021728515625 0.78326416015625 0.05743408203125
-0.0343589782714844 -0.0506095886230469 0.52685546875 0.76080322265625
0.031890869140625 -0.0180854797363281 -0.04736328125 0.65032958984375
0.0459175109863281 -0.00347137451171875 0.010986328125 0.083526611328125
0.0270843505859375 -0.0223350524902344 0.17608642578125 -0.583740234375
0.0119132995605469 -0.0458106994628906 -0.40423583984375 -0.83416748046875
-0.0113887786865234 -0.022735595703125 -0.8463134765625 -0.11126708984375
-0.0163154602050781 0.00578594207763672 -0.4393310546875 0.523193359375
-0.00223827362060547 0.00767087936401367 0.04473876953125 0.483245849609375
0.000837326049804686 0.0193939208984375 0.30230712890625 0.10638427734375
0.00610828399658203 0.00573062896728516 0.288909912109375 -0.1888427734375
0.00119304656982422 -0.0104751586914063 -0.221694946289063 0.198593139648437
0.0117893218994141 0.00527763366699219 -0.26556396484375 -0.0976104736328125
0.00077211856842041 0.000591456890106201 -0.07818603515625 -0.458526611328125
0.00654029846191406 0.0204086303710938 0.383880615234375 -0.5272216796875
-0.0222148895263672 0.00218391418457031 0.78515625 0.067626953125
-0.0299453735351563 -0.0443496704101562 0.5181884765625 0.77001953125
0.0272483825683594 -0.0101757049560547 -0.05419921875 0.65570068359375
0.0367050170898438 0.0023345947265625 0.00951385498046875 0.0860214233398438
0.0215606689453125 -0.0151767730712891 0.16973876953125 -0.58251953125
0.0156097412109375 -0.039276123046875 -0.413818359375 -0.8299560546875
-0.00207901000976563 -0.0207786560058594 -0.84967041015625 -0.1014404296875
-0.00918483734130859 0.00194549560546875 -0.43524169921875 0.528533935546875
-0.00189828872680664 0.00184333324432373 0.047821044921875 0.483154296875
-0.00147819519042969 0.0114669799804688 0.305023193359375 0.103057861328125
0.00637960433959961 0.00446128845214844 0.292388916015625 -0.187652587890625
0.000558853149414063 -0.0114679336547852 -0.220169067382813 0.199783325195313
0.00789880752563477 -0.00221824645996094 -0.263931274414063 -0.100357055664063
-0.001129150390625 -0.00697422027587891 -0.0723876953125 -0.46148681640625
0.0135869979858398 0.0162544250488281 0.387054443359375 -0.52520751953125
-0.0134267807006836 0.00448036193847656 0.7841796875 0.07574462890625
-0.0261764526367188 -0.0370292663574219 0.51043701171875 0.7784423828125
0.0227756500244141 -0.00100326538085938 -0.05859375 0.65576171875
0.0261020660400391 0.00885009765625 0.0107879638671875 0.0863571166992188
0.0166177749633789 -0.00639724731445312 0.16650390625 -0.58251953125
0.0192241668701172 -0.0314903259277344 -0.423095703125 -0.82354736328125
0.00859260559082031 -0.0179862976074219 -0.84912109375 -0.0907592773437499
-0.00186967849731445 -0.00204682350158691 -0.429443359375 0.532196044921875
-0.00202751159667969 -0.00478839874267578 0.052490234375 0.4810791015625
-0.00444698333740234 0.0028376579284668 0.30718994140625 0.1004638671875
0.00621747970581055 0.0020599365234375 0.2940673828125 -0.188018798828125
0.000397682189941407 -0.0130386352539063 -0.219772338867188 0.200180053710938
0.00386905670166016 -0.0108852386474609 -0.262054443359375 -0.101898193359375
-0.00202560424804688 -0.0138711929321289 -0.0714111328125 -0.463836669921875
0.0200614929199219 0.0117683410644531 0.390289306640625 -0.522796630859375
-0.00449323654174805 0.00617790222167969 0.78179931640625 0.08660888671875
-0.022369384765625 -0.0291519165039062 0.50262451171875 0.7857666015625
0.0177555084228516 0.00728988647460938 -0.06085205078125 0.65496826171875
0.0167980194091797 0.0146207809448242 0.0147857666015625 0.0823745727539062
0.0115537643432617 0.00110149383544922 0.16400146484375 -0.58697509765625
0.0213794708251953 -0.0242271423339844 -0.43377685546875 -0.81610107421875
0.0180149078369141 -0.0161952972412109 -0.851806640625 -0.0810546874999999
0.00446033477783203 -0.00704097747802734 -0.42401123046875 0.533477783203125
-0.00232028961181641 -0.0130758285522461 0.057891845703125 0.476318359375
-0.00847721099853516 -0.00509977340698242 0.3092041015625 0.096954345703125
0.00628900527954102 0.000688552856445313 0.29290771484375 -0.18951416015625
-0.000188827514648438 -0.0134172439575195 -0.223281860351563 0.199127197265625
0.00092029571533203 -0.0173587799072266 -0.262420654296875 -0.105300903320312
-0.00217628479003906 -0.0207080841064453 -0.06756591796875 -0.4703369140625
0.0256576538085938 0.00819587707519531 0.39306640625 -0.52288818359375
0.00158929824829102 0.00806331634521484 0.77996826171875 0.09320068359375
-0.0206508636474609 -0.0229587554931641 0.49395751953125 0.79022216796875
0.0139799118041992 0.0137319564819336 -0.06292724609375 0.64959716796875
0.00953865051269531 0.0193443298339844 0.0215301513671875 0.0765304565429688
0.00724077224731445 0.00837373733520508 0.16162109375 -0.590576171875
0.0233497619628906 -0.017822265625 -0.439453125 -0.81170654296875
0.0251197814941406 -0.0136795043945313 -0.8504638671875 -0.0695800781250002
0.0087127685546875 -0.0112819671630859 -0.418365478515625 0.53472900390625
-0.00221824645996094 -0.0201492309570313 0.0628662109375 0.47027587890625
-0.0109100341796875 -0.0124588012695313 0.309600830078125 0.0946044921875
0.00563240051269531 -0.000698089599609375 0.290924072265625 -0.19134521484375
0.0045933723449707 -0.00738430023193359 -0.244232177734375 0.192916870117187
0.019256591796875 0.0181980133056641 -0.278289794921875 -0.0948333740234375
0.00128746032714844 0.00970077514648438 -0.0868225097656249 -0.465545654296875
-0.00807571411132813 0.0233993530273437 0.372528076171875 -0.537384033203125
-0.0461311340332031 -0.000965118408203127 0.77984619140625 0.0489501953125
-0.0435562133789062 -0.0553779602050781 0.5250244140625 0.73760986328125
0.0370368957519531 -0.0302467346191406 -0.03985595703125 0.6195068359375
0.0611152648925781 -0.0141754150390625 0.0307159423828125 0.0609855651855469
0.0311374664306641 -0.0336265563964844 0.18218994140625 -0.59991455078125
0.0019683837890625 -0.0530509948730469 -0.4073486328125 -0.8328857421875
-0.0272922515869141 -0.0244331359863281 -0.843017578125 -0.10516357421875
-0.0235233306884766 0.00542831420898437 -0.433197021484375 0.516998291015625
-0.00253772735595703 0.00881004333496094 0.045806884765625 0.471343994140625
0.00362777709960938 0.0235996246337891 0.295501708984375 0.103607177734375
0.00593852996826172 0.00883007049560547 0.272811889648438 -0.194671630859375
0.00441360473632813 -0.00706624984741211 -0.237274169921875 0.193496704101562
0.0204849243164062 0.0191440582275391 -0.27630615234375 -0.09295654296875
0.00198078155517578 0.0113801956176758 -0.0889892578125 -0.457794189453125
-0.00735282897949219 0.0251293182373047 0.36724853515625 -0.536834716796875
-0.0441207885742188 -7.24792480468725E-05 0.77789306640625 0.03961181640625
-0.0422248840332031 -0.0555038452148438 0.52960205078125 0.73431396484375
0.0367012023925781 -0.029144287109375 -0.0379638671874999 0.6285400390625
0.0597991943359375 -0.0136566162109375 0.0212326049804688 0.0719985961914063
0.0319309234619141 -0.0325813293457031 0.18353271484375 -0.58978271484375
0.00413131713867188 -0.0534172058105469 -0.3953857421875 -0.8397216796875
-0.0258045196533203 -0.0257053375244141 -0.84112548828125 -0.11669921875
-0.024627685546875 0.00726890563964844 -0.440399169921875 0.515411376953125
-0.00333976745605469 0.0113010406494141 0.040679931640625 0.47509765625
0.00400161743164062 0.026092529296875 0.295074462890625 0.10662841796875
0.00685596466064453 0.00885581970214844 0.27801513671875 -0.192642211914063
0.00425434112548828 -0.00814008712768555 -0.228546142578125 0.1956787109375
0.0184669494628906 0.0172595977783203 -0.272369384765625 -0.0922088623046875
0.00153732299804688 0.0106792449951172 -0.087890625 -0.457305908203125
-0.00432968139648438 0.0240592956542969 0.367828369140625 -0.53253173828125
-0.0395774841308594 0.000453948974609379 0.77947998046875 0.04278564453125
-0.0388450622558594 -0.0533218383789063 0.53363037109375 0.74078369140625
0.0350818634033203 -0.0246429443359375 -0.0387573242187501 0.63720703125
0.05377197265625 -0.00893783569335938 0.0138397216796875 0.08001708984375
0.0307331085205078 -0.0287265777587891 0.18133544921875 -0.5833740234375
0.0075225830078125 -0.0501823425292969 -0.39532470703125 -0.83770751953125
-0.0209617614746094 -0.0249176025390625 -0.843017578125 -0.11785888671875
-0.0211830139160156 0.00739479064941406 -0.440216064453125 0.516632080078125
-0.00287628173828125 0.011042594909668 0.040924072265625 0.4788818359375
0.00228691101074219 0.0239791870117188 0.296630859375 0.10552978515625
0.0070338249206543 0.00859785079956055 0.281219482421875 -0.18914794921875
0.00259208679199219 -0.00966167449951172 -0.22344970703125 0.19708251953125
0.0160512924194336 0.0134038925170898 -0.26837158203125 -0.0944061279296875
0.00100564956665039 0.00722932815551758 -0.0846862792968749 -0.45452880859375
0.000648498535156248 0.0224838256835937 0.3734130859375 -0.52899169921875
-0.0317668914794922 0.000785827636718747 0.77923583984375 0.05419921875
-0.0343284606933594 -0.0495109558105469 0.52587890625 0.7515869140625
0.0309295654296875 -0.01849365234375 -0.046630859375 0.6435546875
0.045196533203125 -0.00384902954101563 0.01123046875 0.0839920043945313
0.0267295837402344 -0.021392822265625 0.17193603515625 -0.57989501953125
0.0111579895019531 -0.0454864501953125 -0.40472412109375 -0.82757568359375
-0.0127582550048828 -0.0230770111083984 -0.8433837890625 -0.10626220703125
-0.0158710479736328 0.00529766082763672 -0.433929443359375 0.522674560546875
-0.00223398208618164 0.00725460052490234 0.045501708984375 0.4793701171875
0.000844955444335938 0.01947021484375 0.300933837890625 0.10369873046875
0.00760221481323242 0.00639867782592773 0.285980224609375 -0.18798828125
0.00201988220214844 -0.0104856491088867 -0.217910766601563 0.198104858398438
0.0117340087890625 0.00606346130371094 -0.265106201171875 -0.0967254638671875
-0.000645279884338379 0.00144875049591064 -0.079864501953125 -0.45574951171875
0.006561279296875 0.0202121734619141 0.378570556640625 -0.525360107421875
-0.0222492218017578 0.00263023376464843 0.77960205078125 0.06463623046875
-0.0295944213867188 -0.0432624816894531 0.51898193359375 0.76275634765625
0.0275020599365234 -0.0104560852050781 -0.05120849609375 0.6500244140625
0.0362434387207031 0.002349853515625 0.00879669189453125 0.0860519409179688
0.0211696624755859 -0.0147914886474609 0.1678466796875 -0.578125
0.0144844055175781 -0.0392265319824219 -0.4139404296875 -0.82293701171875
-0.00287628173828125 -0.0207538604736328 -0.8431396484375 -0.0968017578125
-0.0083308219909668 0.00165700912475586 -0.429168701171875 0.52679443359375
-0.00243759155273438 0.00180339813232422 0.049468994140625 0.4798583984375
-0.00145912170410156 0.0114707946777344 0.302978515625 0.101287841796875
0.00626659393310547 0.00427532196044922 0.288604736328125 -0.187774658203125
0.00185394287109375 -0.0119428634643555 -0.216400146484375 0.198654174804688
0.0084691047668457 -0.00137996673583984 -0.261947631835938 -0.098236083984375
-0.00187158584594727 -0.00564241409301758 -0.0760498046875 -0.4576416015625
0.0132331848144531 0.016453742980957 0.38092041015625 -0.522064208984375
-0.0126180648803711 0.00432205200195313 0.7772216796875 0.07098388671875
-0.0261688232421875 -0.0361404418945313 0.51055908203125 0.76971435546875
0.0232257843017578 -0.00185775756835938 -0.05523681640625 0.65155029296875
0.0263080596923828 0.00806617736816406 0.0100173950195312 0.0858154296875
0.0169076919555664 -0.00667667388916016 0.1630859375 -0.5782470703125
0.0191135406494141 -0.0315113067626953 -0.423095703125 -0.81524658203125
0.00836944580078125 -0.0181255340576172 -0.84442138671875 -0.0866699218749998
-0.0019071102142334 -0.00222229957580566 -0.425201416015625 0.530670166015625
-0.00158548355102539 -0.00502347946166992 0.05352783203125 0.4776611328125
-0.00495815277099609 0.00380992889404297 0.305877685546875 0.099029541015625
0.00681829452514649 0.00190162658691406 0.290802001953125 -0.187774658203125
0.00159740447998047 -0.012507438659668 -0.215118408203125 0.198989868164063
0.00437259674072266 -0.00978660583496094 -0.26080322265625 -0.101409912109375
-0.00218677520751953 -0.0135965347290039 -0.07354736328125 -0.4608154296875
0.0195293426513672 0.0117568969726563 0.385101318359375 -0.5211181640625
-0.00463676452636719 0.00687932968139649 0.77630615234375 0.08160400390625
-0.0226306915283203 -0.0283317565917969 0.5028076171875 0.776123046875
0.0179405212402344 0.00704574584960938 -0.05914306640625 0.64935302734375
0.0172815322875977 0.0146293640136719 0.0149078369140625 0.082244873046875
0.0116119384765625 0.00166130065917969 0.15985107421875 -0.58251953125
0.0210704803466797 -0.0241584777832031 -0.431396484375 -0.8087158203125
0.0171642303466797 -0.0160255432128906 -0.8460693359375 -0.07568359375
0.00432300567626953 -0.00741434097290039 -0.418853759765625 0.533416748046875
-0.00240230560302734 -0.0126819610595703 0.059967041015625 0.472686767578125
-0.00762128829956055 -0.00455188751220703 0.30670166015625 0.09478759765625
0.0066533088684082 0.000642299652099609 0.28936767578125 -0.189697265625
0.000994682312011719 -0.0137882232666016 -0.2193603515625 0.198089599609375
0.00128078460693359 -0.0161495208740234 -0.26031494140625 -0.10333251953125
-0.00287246704101562 -0.0204868316650391 -0.0694580078125 -0.46661376953125
0.0252265930175781 0.007415771484375 0.38861083984375 -0.51806640625
0.00151348114013672 0.00840091705322266 0.77471923828125 0.089111328125
-0.0208187103271484 -0.0217170715332031 0.494384765625 0.78143310546875
0.0145349502563477 0.0140714645385742 -0.05938720703125 0.64398193359375
0.00973892211914063 0.0196552276611328 0.0208206176757813 0.0764236450195313
0.00743818283081055 0.00797224044799805 0.15814208984375 -0.58709716796875
0.0221881866455078 -0.0181598663330078 -0.44000244140625 -0.8048095703125
0.0242633819580078 -0.0142345428466797 -0.84674072265625 -0.0648803710937501
0.00830936431884766 -0.0115175247192383 -0.41314697265625 0.533599853515625
-0.002655029296875 -0.0200099945068359 0.063690185546875 0.46734619140625
-0.0111265182495117 -0.012537956237793 0.308013916015625 0.091949462890625
0.00601530075073242 -0.000870227813720703 0.287506103515625 -0.191375732421875
0.00538206100463867 -0.00740623474121094 -0.240676879882812 0.191497802734375
0.0199947357177734 0.0184345245361328 -0.277313232421875 -0.0943603515625
0.00132465362548828 0.0105915069580078 -0.087921142578125 -0.463104248046875
-0.00782585144042969 0.0226516723632813 0.36724853515625 -0.53436279296875
-0.0454444885253906 -0.000236511230468745 0.77410888671875 0.04559326171875
-0.0434417724609375 -0.0544548034667969 0.52313232421875 0.72900390625
0.0377235412597656 -0.0299186706542969 -0.03704833984375 0.61248779296875
0.0609855651855469 -0.0146369934082031 0.0295677185058594 0.0613136291503906
0.0314617156982422 -0.0331878662109375 0.17987060546875 -0.59600830078125
0.0017852783203125 -0.0522956848144531 -0.4052734375 -0.8272705078125
-0.0266780853271484 -0.0245628356933594 -0.83746337890625 -0.100341796875
-0.0239295959472656 0.00544929504394531 -0.428985595703125 0.516265869140625
-0.00284194946289062 0.00914096832275391 0.047637939453125 0.468292236328125
0.0040283203125 0.0238914489746094 0.292938232421875 0.10125732421875
0.00792789459228516 0.00864887237548828 0.269119262695313 -0.194473266601562
0.00569772720336914 -0.00760602951049805 -0.234451293945313 0.192916870117188
0.0201988220214844 0.0200710296630859 -0.275070190429687 -0.0914611816406251
0.00221061706542969 0.0120563507080078 -0.09149169921875 -0.455780029296875
-0.00756263732910157 0.0245819091796875 0.362396240234375 -0.5323486328125
-0.0436363220214844 -0.000408172607421869 0.77386474609375 0.03759765625
-0.0422706604003906 -0.0542106628417969 0.52886962890625 0.72821044921875
0.0368194580078125 -0.0295677185058594 -0.0352783203125 0.62298583984375
0.0587272644042969 -0.0129241943359375 0.0204620361328125 0.0719833374023438
0.0322933197021484 -0.0322742462158203 0.18145751953125 -0.58502197265625
0.003814697265625 -0.0528602600097656 -0.39642333984375 -0.8299560546875
-0.0259475708007813 -0.0261783599853516 -0.83648681640625 -0.11328125
-0.0239543914794922 0.00681877136230469 -0.43536376953125 0.513153076171875
-0.00263404846191406 0.0111904144287109 0.0413818359375 0.4727783203125
0.00355148315429687 0.0258083343505859 0.29302978515625 0.10540771484375
0.00776290893554688 0.00883769989013672 0.274749755859375 -0.1923828125
0.00548124313354492 -0.00792837142944336 -0.225799560546875 0.194793701171875
0.0197296142578125 0.0179347991943359 -0.2716064453125 -0.0913848876953126
0.00162029266357422 0.011256217956543 -0.09075927734375 -0.453125
-0.00480079650878907 0.0239639282226563 0.363739013671875 -0.530609130859375
-0.0389900207519531 0.000438690185546879 0.77435302734375 0.03948974609375
-0.0389060974121094 -0.0519485473632813 0.5316162109375 0.73480224609375
0.0351943969726563 -0.0255622863769531 -0.03778076171875 0.63067626953125
0.0537223815917969 -0.00806808471679688 0.0135269165039063 0.07965087890625
0.0305004119873047 -0.0278911590576172 0.17816162109375 -0.577880859375
0.00771331787109375 -0.0499229431152344 -0.396240234375 -0.82928466796875
-0.0210189819335938 -0.0250415802001953 -0.8370361328125 -0.1138916015625
-0.0213184356689453 0.00677871704101562 -0.435760498046875 0.516693115234375
-0.002166748046875 0.0108785629272461 0.040435791015625 0.475189208984375
0.00271987915039062 0.0239238739013672 0.2943115234375 0.10479736328125
0.00777435302734375 0.00814008712768555 0.279678344726562 -0.189559936523437
0.00420856475830078 -0.00983715057373047 -0.2200927734375 0.197097778320312
0.0166034698486328 0.0137701034545898 -0.265945434570313 -0.093902587890625
0.000780105590820313 0.00769662857055664 -0.085418701171875 -0.4522705078125
-5.72204589843653E-06 0.02197265625 0.369537353515625 -0.526763916015625
-0.0318202972412109 0.00119209289550781 0.77227783203125 0.04949951171875
-0.0340690612792969 -0.048248291015625 0.52508544921875 0.74371337890625
0.0311622619628906 -0.0185413360595703 -0.043212890625 0.638671875
0.0454940795898438 -0.0031890869140625 0.0101089477539062 0.0829238891601563
0.0268707275390625 -0.0219936370849609 0.16961669921875 -0.57659912109375
0.0107307434082031 -0.0451774597167969 -0.40411376953125 -0.821044921875
-0.0131607055664062 -0.0234622955322266 -0.83819580078125 -0.10321044921875
-0.0156574249267578 0.00538253784179687 -0.4298095703125 0.5206298828125
-0.00232696533203125 0.00784921646118164 0.04583740234375 0.4761962890625
0.00148200988769531 0.0199928283691406 0.29766845703125 0.1016845703125
0.00783681869506836 0.00606489181518555 0.282501220703125 -0.188262939453125
0.00278282165527344 -0.0103473663330078 -0.215103149414063 0.196563720703125
0.0128259658813477 0.00663375854492188 -0.263214111328125 -0.0963134765625
-0.000740289688110352 0.00166094303131104 -0.082305908203125 -0.452880859375
0.00622749328613281 0.0188636779785156 0.372711181640625 -0.521270751953125
-0.0226268768310547 0.00282669067382813 0.7750244140625 0.0604248046875
-0.0298194885253906 -0.042022705078125 0.51690673828125 0.75469970703125
0.028350830078125 -0.0106182098388672 -0.04840087890625 0.64398193359375
0.03619384765625 0.00229644775390625 0.00860595703125 0.0851364135742188
0.0222187042236328 -0.0141448974609375 0.16461181640625 -0.57403564453125
0.0139312744140625 -0.03875732421875 -0.41424560546875 -0.81500244140625
-0.00279426574707031 -0.0208854675292969 -0.838134765625 -0.0933227539062498
-0.00964641571044922 0.0013427734375 -0.42529296875 0.52545166015625
-0.00184535980224609 0.00212633609771729 0.049774169921875 0.477447509765625
-0.00150966644287109 0.0126638412475586 0.3009033203125 0.099609375
0.00752592086791992 0.00378990173339844 0.285980224609375 -0.18731689453125
0.00228977203369141 -0.0115947723388672 -0.212722778320313 0.197372436523437
0.00898170471191406 -0.00125503540039063 -0.260986328125 -0.0975494384765625
-0.0020604133605957 -0.00567770004272461 -0.078826904296875 -0.455108642578125
0.0135498046875 0.0144376754760742 0.377410888671875 -0.518310546875
-0.0128135681152344 0.00472831726074219 0.773193359375 0.0706787109375
-0.0259571075439453 -0.0347690582275391 0.50921630859375 0.76141357421875
0.0230140686035156 -0.00248336791992188 -0.05242919921875 0.6453857421875
0.0263252258300781 0.00810432434082031 0.009918212890625 0.085235595703125
0.0164394378662109 -0.00627708435058594 0.16094970703125 -0.57379150390625
0.017547607421875 -0.0318775177001953 -0.42279052734375 -0.80670166015625
0.00804710388183594 -0.0182762145996094 -0.838623046875 -0.083984375
-0.00305342674255371 -0.00276112556457519 -0.420013427734375 0.528656005859375
-0.00183200836181641 -0.00484228134155274 0.0533447265625 0.47430419921875
-0.00510835647583008 0.00422954559326172 0.303619384765625 0.09722900390625
0.00701713562011719 0.00207614898681641 0.28802490234375 -0.187774658203125
0.00235462188720703 -0.0128307342529297 -0.213241577148438 0.197906494140625
0.00496578216552734 -0.00881099700927734 -0.259689331054688 -0.100051879882812
-0.0025787353515625 -0.0127077102661133 -0.07464599609375 -0.45843505859375
0.0195960998535156 0.0104713439941406 0.381072998046875 -0.51849365234375
-0.00440597534179688 0.00669956207275391 0.77203369140625 0.07916259765625
-0.0227012634277344 -0.0272617340087891 0.50177001953125 0.76873779296875
0.0182628631591797 0.00604438781738281 -0.05633544921875 0.64508056640625
0.0173406600952148 0.014434814453125 0.0141143798828125 0.0815582275390625
0.0113382339477539 0.00186347961425781 0.15606689453125 -0.57928466796875
0.0200271606445313 -0.0247764587402344 -0.43194580078125 -0.8011474609375
0.0167789459228516 -0.0165157318115234 -0.84014892578125 -0.07281494140625
0.0041651725769043 -0.00756692886352539 -0.415069580078125 0.5311279296875
-0.00180244445800781 -0.0129232406616211 0.06121826171875 0.469879150390625
-0.00776195526123047 -0.00405502319335937 0.304779052734375 0.0936279296875
0.00654411315917969 0.000625133514404297 0.287261962890625 -0.1888427734375
0.00208282470703125 -0.0128383636474609 -0.215713500976563 0.196975708007812
0.00237274169921875 -0.0155506134033203 -0.25970458984375 -0.1026611328125
-0.00343132019042969 -0.0193099975585938 -0.071014404296875 -0.46368408203125
0.0251121520996094 0.00667762756347656 0.38360595703125 -0.5167236328125
0.00174808502197266 0.00897693634033203 0.7701416015625 0.0860595703125
-0.0206756591796875 -0.0203857421875 0.49420166015625 0.77392578125
0.0147256851196289 0.0127887725830078 -0.05816650390625 0.6378173828125
0.00932693481445313 0.0195522308349609 0.0206375122070312 0.0757980346679688
0.00677204132080078 0.00874042510986328 0.15533447265625 -0.582763671875
0.0223560333251953 -0.0183010101318359 -0.4405517578125 -0.79608154296875
0.0233669281005859 -0.0148601531982422 -0.84149169921875 -0.06195068359375
0.00846195220947266 -0.0119743347167969 -0.408721923828125 0.531646728515625
-0.00239944458007812 -0.0197372436523438 0.06390380859375 0.465301513671875
-0.0101613998413086 -0.0118865966796875 0.305450439453125 0.09039306640625
0.00650644302368164 -0.00104093551635742 0.2847900390625 -0.191070556640625
0.00637245178222656 -0.00819635391235352 -0.23907470703125 0.190841674804687
0.0207138061523438 0.0185623168945312 -0.27569580078125 -0.0940704345703125
0.000884056091308593 0.0106964111328125 -0.090423583984375 -0.46002197265625
-0.00803756713867188 0.0221004486083984 0.365081787109375 -0.531280517578125
-0.0449867248535156 -0.000457763671874997 0.77197265625 0.04364013671875
-0.042724609375 -0.053375244140625 0.5213623046875 0.7257080078125
0.0376243591308594 -0.0301742553710937 -0.0369873046875 0.607666015625
0.060394287109375 -0.0143013000488281 0.0293045043945312 0.0611038208007813
0.0311908721923828 -0.0324592590332031 0.17779541015625 -0.5924072265625
0.00127029418945313 -0.0530204772949219 -0.40545654296875 -0.8214111328125
-0.0272884368896484 -0.0253772735595703 -0.8321533203125 -0.0995483398437499
-0.0241031646728516 0.00515937805175781 -0.428070068359375 0.5142822265625
-0.00251865386962891 0.00892543792724609 0.0467529296875 0.466094970703125
0.00493621826171875 0.0241012573242188 0.2913818359375 0.1005859375
0.00802803039550781 0.00875234603881836 0.267852783203125 -0.193130493164063
0.00629711151123047 -0.00776195526123047 -0.231826782226562 0.192169189453125
0.0209712982177734 0.0200786590576172 -0.2738037109375 -0.0915374755859375
0.00160884857177735 0.0126857757568359 -0.0909423828125 -0.45416259765625
-0.00746345520019531 0.0238533020019531 0.3583984375 -0.530853271484375
-0.0443267822265625 -0.000335693359375002 0.76837158203125 0.03704833984375
-0.0422401428222656 -0.0533981323242188 0.52740478515625 0.72222900390625
0.0373191833496094 -0.0294380187988281 -0.0359497070312499 0.6192626953125
0.0596961975097656 -0.0123558044433594 0.020355224609375 0.0718994140625
0.0329036712646484 -0.0309429168701172 0.17852783203125 -0.5804443359375
0.00352859497070313 -0.05279541015625 -0.39508056640625 -0.82489013671875
-0.0265522003173828 -0.0258960723876953 -0.83197021484375 -0.11151123046875
-0.0242919921875 0.00705909729003906 -0.43280029296875 0.512786865234375
-0.00285434722900391 0.0116910934448242 0.0404052734375 0.47052001953125
0.00393486022949218 0.0261020660400391 0.291168212890625 0.103424072265625
0.00823688507080078 0.00917339324951172 0.272109985351563 -0.191757202148438
0.0057220458984375 -0.00833368301391602 -0.22369384765625 0.193191528320313
0.0199680328369141 0.018585205078125 -0.2703857421875 -0.0908966064453125
0.00121498107910156 0.0113306045532227 -0.09326171875 -0.450927734375
-0.00483512878417969 0.0233249664306641 0.358978271484375 -0.527191162109375
-0.0390243530273438 0.000717163085937508 0.7705078125 0.0396728515625
-0.0384368896484375 -0.0510826110839844 0.52862548828125 0.72735595703125
0.0353279113769531 -0.0249557495117187 -0.0377197265625 0.62664794921875
0.0530471801757813 -0.00864410400390625 0.0137252807617188 0.0791549682617188
0.0301132202148437 -0.0270137786865234 0.17572021484375 -0.57427978515625
0.0060882568359375 -0.0502853393554688 -0.39508056640625 -0.822265625
-0.0209407806396484 -0.0253334045410156 -0.8321533203125 -0.1114501953125
-0.021148681640625 0.00672721862792968 -0.4326171875 0.5145263671875
-0.00259017944335937 0.0115489959716797 0.03961181640625 0.474761962890625
0.00368881225585938 0.0245285034179688 0.292724609375 0.1036376953125
0.00848388671875 0.00880241394042969 0.276840209960938 -0.189178466796875
0.00432205200195313 -0.00916290283203125 -0.216995239257813 0.19482421875
0.0178604125976563 0.013916015625 -0.26531982421875 -0.0933685302734375
-0.0001220703125 0.00884056091308594 -0.087371826171875 -0.450042724609375
-2.28881835937524E-05 0.0219841003417969 0.365325927734375 -0.523345947265625
-0.0319252014160156 0.000970840454101559 0.77032470703125 0.04962158203125
-0.0343818664550781 -0.0478019714355469 0.5238037109375 0.73773193359375
0.0322761535644531 -0.0185317993164062 -0.04388427734375 0.6353759765625
0.0451126098632812 -0.00302505493164062 0.0101852416992188 0.0826568603515625
0.0263824462890625 -0.0213680267333984 0.16943359375 -0.57342529296875
0.0100746154785156 -0.0447349548339844 -0.4051513671875 -0.81365966796875
-0.0130748748779297 -0.0237579345703125 -0.83349609375 -0.0991210937500001
-0.0160741806030273 0.00466442108154297 -0.427032470703125 0.520904541015625
-0.00239849090576172 0.00766897201538086 0.0458984375 0.474212646484375
0.00198745727539062 0.0200786590576172 0.2972412109375 0.100830078125
0.00843477249145508 0.00600719451904297 0.280288696289063 -0.187225341796875
0.00429630279541015 -0.0106210708618164 -0.213119506835937 0.195236206054688
0.0136699676513672 0.00770854949951172 -0.262222290039063 -0.0955047607421875
-0.00125622749328613 0.00254940986633301 -0.082061767578125 -0.45062255859375
0.005828857421875 0.01788330078125 0.3707275390625 -0.51873779296875
-0.02203369140625 0.00296592712402344 0.77056884765625 0.06005859375
-0.0294609069824219 -0.0407905578613281 0.5164794921875 0.7496337890625
0.0286617279052734 -0.0107898712158203 -0.0473022460937501 0.640625
0.0363845825195313 0.00213623046875 0.00904083251953125 0.0850372314453125
0.0222492218017578 -0.0141983032226563 0.16363525390625 -0.570556640625
0.01336669921875 -0.0384788513183594 -0.41278076171875 -0.8095703125
-0.00328254699707031 -0.0213241577148438 -0.83489990234375 -0.0916748046875001
-0.00908088684082031 0.00144195556640625 -0.4229736328125 0.52374267578125
-0.00151073932647705 0.00213062763214111 0.050262451171875 0.47491455078125
-0.000946044921875 0.0131826400756836 0.299224853515625 0.0985107421875
0.00775957107543945 0.00429201126098633 0.28411865234375 -0.18682861328125
0.00340175628662109 -0.0119705200195313 -0.21099853515625 0.196151733398437
0.0105171203613281 -3.814697265625E-05 -0.259872436523438 -0.0980072021484375
-0.00217294692993164 -0.00477743148803711 -0.080169677734375 -0.452484130859375
0.0130033493041992 0.0144147872924805 0.373443603515625 -0.517242431640625
-0.013157844543457 0.004486083984375 0.76995849609375 0.06829833984375
-0.0256900787353516 -0.0337085723876953 0.50933837890625 0.75726318359375
0.0232067108154297 -0.00228500366210937 -0.05340576171875 0.640625
0.0264015197753906 0.00815200805664063 0.0100250244140625 0.0850601196289063
0.0165195465087891 -0.00643062591552734 0.158447265625 -0.57098388671875
0.0175857543945313 -0.0318546295166016 -0.42181396484375 -0.802734375
0.0076446533203125 -0.0192718505859375 -0.83331298828125 -0.0815429687499999
-0.00247001647949219 -0.00272035598754883 -0.4188232421875 0.527801513671875
-0.0023493766784668 -0.0043494701385498 0.054840087890625 0.473297119140625
-0.00433492660522461 0.00459384918212891 0.301422119140625 0.09588623046875
0.00764751434326172 0.00237131118774414 0.284942626953125 -0.187286376953125
0.00328922271728516 -0.012974739074707 -0.210494995117187 0.19610595703125
0.00596857070922851 -0.00847482681274414 -0.259124755859375 -0.100051879882812
-0.00295925140380859 -0.0122604370117188 -0.076751708984375 -0.455078125
0.0192527770996094 0.00979995727539063 0.37664794921875 -0.5155029296875
-0.0045623779296875 0.0063629150390625 0.76739501953125 0.0780029296875
-0.0228805541992188 -0.02593994140625 0.50067138671875 0.76312255859375
0.01904296875 0.00602531433105469 -0.0541992187500001 0.63897705078125
0.0175495147705078 0.0150051116943359 0.013885498046875 0.0815505981445313
0.0121097564697266 0.00214195251464844 0.15478515625 -0.57379150390625
0.0196819305419922 -0.0243740081787109 -0.42926025390625 -0.7962646484375
0.0164070129394531 -0.0176334381103516 -0.83544921875 -0.0693969726562498
0.00362539291381836 -0.00755739212036133 -0.412078857421875 0.530029296875
-0.00177288055419922 -0.0121364593505859 0.059814453125 0.467864990234375
-0.00773763656616211 -0.00411272048950195 0.303558349609375 0.0924072265625
0.00776290893554687 0.000637531280517578 0.28460693359375 -0.1883544921875
0.00333213806152344 -0.0133962631225586 -0.21429443359375 0.19512939453125
0.00342464447021484 -0.0150423049926758 -0.258987426757813 -0.102951049804687
-0.00354766845703125 -0.0185890197753906 -0.072601318359375 -0.460296630859375
0.0243797302246094 0.00579452514648438 0.381134033203125 -0.513702392578125
0.00165271759033203 0.00889682769775391 0.76568603515625 0.08673095703125
-0.021026611328125 -0.0198860168457031 0.49237060546875 0.767822265625
0.0147933959960938 0.0130233764648438 -0.05657958984375 0.63262939453125
0.00985145568847656 0.0195903778076172 0.0201950073242187 0.07537841796875
0.00734996795654297 0.00892448425292969 0.154052734375 -0.580078125
0.0214195251464844 -0.0181465148925781 -0.43975830078125 -0.7906494140625
0.023406982421875 -0.0156841278076172 -0.8365478515625 -0.0595703125000001
0.00805091857910156 -0.0120868682861328 -0.406097412109375 0.530029296875
-0.00292396545410156 -0.0195713043212891 0.063690185546875 0.462738037109375
-0.0105218887329102 -0.0107135772705078 0.303680419921875 0.090118408203125
0.00651741027832031 -0.000362396240234375 0.283233642578125 -0.189910888671875
0.00731325149536133 -0.0077061653137207 -0.236129760742188 0.188690185546875
0.0214920043945313 0.0191516876220703 -0.27496337890625 -0.0935974121093751
0.000477790832519532 0.0109405517578125 -0.092132568359375 -0.458282470703125
-0.00864219665527344 0.0214271545410156 0.3621826171875 -0.528564453125
-0.0453529357910156 -0.000160217285156253 0.76519775390625 0.0439453125
-0.0424423217773437 -0.0521583557128906 0.5181884765625 0.7210693359375
0.0378990173339844 -0.0304412841796875 -0.03680419921875 0.6043701171875
0.06036376953125 -0.014129638671875 0.0293464660644531 0.0604934692382812
0.031524658203125 -0.0320510864257813 0.177734375 -0.587890625
0.00110626220703124 -0.0516586303710938 -0.403564453125 -0.81781005859375
-0.0279884338378906 -0.0254173278808594 -0.82928466796875 -0.0981445312499998
-0.0249786376953125 0.00495147705078125 -0.424835205078125 0.51458740234375
-0.00219297409057617 0.00865793228149414 0.046722412109375 0.463958740234375
0.00473213195800781 0.0247688293457031 0.290008544921875 0.10003662109375
0.00865936279296875 0.00936985015869141 0.266525268554688 -0.193191528320313
0.00703525543212891 -0.00845050811767578 -0.229171752929688 0.190826416015625
0.0221691131591797 0.0211982727050781 -0.273025512695313 -0.09130859375
0.00149345397949219 0.0133514404296875 -0.094146728515625 -0.451629638671875
-0.00792884826660156 0.0232563018798828 0.356964111328125 -0.52752685546875
-0.0442123413085938 -0.000110626220703125 0.76593017578125 0.036865234375
-0.0412979125976563 -0.0526771545410156 0.52581787109375 0.7176513671875
0.0376968383789063 -0.0299034118652344 -0.0367431640625 0.61279296875
0.0592803955078125 -0.0128211975097656 0.0199813842773438 0.072113037109375
0.0318794250488281 -0.0311393737792969 0.177490234375 -0.57861328125
0.00286483764648438 -0.0526084899902344 -0.393310546875 -0.8201904296875
-0.0271549224853516 -0.0263195037841797 -0.82757568359375 -0.11077880859375
-0.0249080657958984 0.00592231750488281 -0.4310302734375 0.5115966796875
-0.00252437591552735 0.0114822387695313 0.0401611328125 0.47003173828125
0.0049285888671875 0.0258636474609375 0.289947509765625 0.102996826171875
0.00901603698730469 0.00925254821777344 0.271011352539062 -0.190231323242188
0.00625896453857422 -0.00791454315185547 -0.220932006835938 0.19183349609375
0.0209312438964844 0.0192832946777344 -0.26873779296875 -0.091033935546875
0.0013580322265625 0.0120954513549805 -0.093292236328125 -0.44854736328125
-0.00483512878417969 0.0231342315673828 0.3563232421875 -0.523590087890625
-0.0390243530273438 0.000339508056640633 0.76568603515625 0.03985595703125
-0.0379219055175781 -0.0506820678710938 0.52728271484375 0.723388671875
0.0360565185546875 -0.0253639221191406 -0.03717041015625 0.6229248046875
0.0540275573730469 -0.00872802734375 0.0127487182617188 0.07904052734375
0.0301647186279297 -0.0273723602294922 0.1749267578125 -0.5716552734375
0.00589370727539063 -0.0496826171875 -0.39227294921875 -0.8199462890625
-0.0221576690673828 -0.0248165130615234 -0.82818603515625 -0.11065673828125
-0.0212650299072266 0.00671195983886719 -0.430450439453125 0.513336181640625
-0.00303173065185547 0.0112791061401367 0.041168212890625 0.47308349609375
0.00362205505371094 0.0251979827880859 0.29205322265625 0.102874755859375
0.0088043212890625 0.00790119171142578 0.274459838867187 -0.188186645507812
0.00516128540039063 -0.00951290130615234 -0.215438842773438 0.193435668945312
0.0179080963134766 0.0145034790039063 -0.26495361328125 -0.0935211181640625
0.000234603881835937 0.00903701782226563 -0.08770751953125 -0.447235107421875
9.7274780273438E-05 0.0210590362548828 0.36358642578125 -0.520294189453125
-0.0315055847167969 0.00135993957519531 0.76568603515625 0.0479736328125
-0.0342826843261719 -0.046295166015625 0.52252197265625 0.73321533203125
0.0325813293457031 -0.0187721252441406 -0.0445556640625001 0.6297607421875
0.0453262329101563 -0.0034027099609375 0.00981140136718751 0.082855224609375
0.0262851715087891 -0.0209579467773438 0.1683349609375 -0.56817626953125
0.00912094116210938 -0.0454483032226563 -0.4017333984375 -0.80950927734375
-0.0130138397216797 -0.0235519409179688 -0.82958984375 -0.0985717773437499
-0.0164613723754883 0.00442123413085938 -0.42559814453125 0.519805908203125
-0.0020604133605957 0.00852012634277344 0.045806884765625 0.4732666015625
0.00186920166015625 0.0203571319580078 0.294708251953125 0.100433349609375
0.00820398330688477 0.00610542297363281 0.279510498046875 -0.186660766601563
0.00504016876220703 -0.0111656188964844 -0.210861206054687 0.193695068359375
0.0145511627197266 0.00809097290039062 -0.26177978515625 -0.0957794189453125
-0.00110840797424316 0.00287103652954102 -0.08355712890625 -0.449066162109375
0.00578403472900391 0.0173826217651367 0.36749267578125 -0.516021728515625
-0.0225372314453125 0.00283432006835938 0.767333984375 0.05926513671875
-0.029510498046875 -0.0399971008300781 0.5140380859375 0.74603271484375
0.0288810729980469 -0.0112934112548828 -0.0482177734375 0.635498046875
0.0357589721679688 0.00310897827148438 0.00824737548828126 0.0848312377929688
0.0216293334960937 -0.0136833190917969 0.16265869140625 -0.56585693359375
0.0127716064453125 -0.0383529663085938 -0.410400390625 -0.8050537109375
-0.00378608703613281 -0.0218524932861328 -0.83099365234375 -0.0909423828124999
-0.00938796997070313 0.00153827667236328 -0.422149658203125 0.522552490234375
-0.0025327205657959 0.00217342376708984 0.0491943359375 0.473602294921875
-0.00122451782226563 0.0130605697631836 0.297821044921875 0.098175048828125
0.00835895538330078 0.00428390502929688 0.2825927734375 -0.18548583984375
0.00384616851806641 -0.0115900039672852 -0.2088623046875 0.194808959960937
0.0103845596313477 9.72747802734375E-05 -0.258987426757813 -0.097930908203125
-0.00225424766540527 -0.00426650047302246 -0.080352783203125 -0.451324462890625
0.0124359130859375 0.0140752792358398 0.371429443359375 -0.51422119140625
-0.0130109786987305 0.005035400390625 0.76531982421875 0.068359375
-0.0258808135986328 -0.0325164794921875 0.50494384765625 0.75323486328125
0.0243644714355469 -0.00254631042480469 -0.05303955078125 0.63702392578125
0.0259246826171875 0.00864982604980469 0.00986480712890625 0.0848159790039063
0.0168037414550781 -0.00598526000976563 0.158447265625 -0.5672607421875
0.0167598724365234 -0.0317230224609375 -0.42059326171875 -0.7977294921875
0.00670242309570313 -0.0194778442382813 -0.83221435546875 -0.0802001953125001
-0.00270915031433105 -0.00366902351379395 -0.415618896484375 0.527679443359375
-0.00178289413452148 -0.00483560562133789 0.05401611328125 0.470672607421875
-0.00431060791015625 0.00470972061157227 0.299560546875 0.095245361328125
0.00806474685668945 0.00236797332763672 0.284454345703125 -0.18634033203125
0.00384616851806641 -0.0130729675292969 -0.208236694335938 0.194564819335938
0.0066986083984375 -0.00793790817260742 -0.2578125 -0.100479125976563
-0.00345420837402344 -0.0112857818603516 -0.078277587890625 -0.453094482421875
0.0188694000244141 0.00917625427246094 0.3741455078125 -0.510833740234375
-0.00519943237304688 0.00645017623901367 0.764892578125 0.07659912109375
-0.0220127105712891 -0.0251789093017578 0.4979248046875 0.76007080078125
0.0191020965576172 0.00560760498046875 -0.05657958984375 0.63494873046875
0.0168123245239258 0.0140810012817383 0.0137405395507813 0.0811004638671875
0.0112533569335938 0.00255775451660156 0.15362548828125 -0.57147216796875
0.0186252593994141 -0.0237922668457031 -0.42755126953125 -0.79205322265625
0.0161294937133789 -0.0172567367553711 -0.8314208984375 -0.0696411132812501
0.00310134887695312 -0.00751972198486328 -0.411590576171875 0.528289794921875
-0.0023345947265625 -0.0122737884521484 0.05950927734375 0.466888427734375
-0.007293701171875 -0.0030817985534668 0.301849365234375 0.09185791015625
0.00820255279541016 0.000260829925537109 0.283538818359375 -0.188018798828125
0.00397872924804687 -0.0138645172119141 -0.212356567382813 0.193405151367187
0.00377082824707031 -0.0142545700073242 -0.25787353515625 -0.10205078125
-0.00422286987304687 -0.0182209014892578 -0.07489013671875 -0.458709716796875
0.0238475799560547 0.00493621826171875 0.376800537109375 -0.51177978515625
0.0013737678527832 0.00798273086547852 0.76141357421875 0.08587646484375
-0.0201702117919922 -0.0185317993164063 0.4910888671875 0.76251220703125
0.0152988433837891 0.0123624801635742 -0.05615234375 0.6292724609375
0.00930976867675781 0.01934814453125 0.0201950073242187 0.0753860473632813
0.00662040710449219 0.00943183898925781 0.153564453125 -0.57672119140625
0.020599365234375 -0.0181789398193359 -0.4368896484375 -0.78546142578125
0.0224342346191406 -0.0159854888916016 -0.83209228515625 -0.0596923828125
0.00798988342285156 -0.0117349624633789 -0.405670166015625 0.528472900390625
-0.002960205078125 -0.0185813903808594 0.062591552734375 0.462158203125
-0.0100622177124023 -0.010655403137207 0.302642822265625 0.089630126953125
0.00762414932250977 -0.00101470947265625 0.28143310546875 -0.18951416015625
0.00747489929199219 -0.00805425643920898 -0.234375 0.187026977539063
0.0218925476074219 0.0190258026123047 -0.274520874023438 -0.0940399169921875
0.000327110290527344 0.0116481781005859 -0.092376708984375 -0.45660400390625
-0.00905990600585938 0.0208835601806641 0.3603515625 -0.52606201171875
-0.045074462890625 -0.000766754150390619 0.76519775390625 0.0450439453125
-0.0421333312988281 -0.0510482788085938 0.517578125 0.716064453125
0.0382499694824219 -0.0307197570800781 -0.03717041015625 0.60009765625
0.0604286193847656 -0.0142478942871094 0.02838134765625 0.0613288879394531
0.0313777923583984 -0.0308589935302734 0.1773681640625 -0.58514404296875
0.000316619873046874 -0.0520591735839844 -0.4017333984375 -0.81353759765625
-0.0280437469482422 -0.0250988006591797 -0.8248291015625 -0.0966186523437501
-0.0244808197021484 0.00499153137207032 -0.424346923828125 0.51336669921875
-0.00286388397216797 0.0089874267578125 0.045745849609375 0.462921142578125
0.00502204895019531 0.0249671936035156 0.288330078125 0.099884033203125
0.00946044921875 0.008941650390625 0.265045166015625 -0.192474365234375
0.00754404067993164 -0.00846052169799805 -0.228179931640625 0.188888549804688
0.0225067138671875 0.0205135345458984 -0.271881103515625 -0.0911407470703124
0.00127696990966797 0.0134315490722656 -0.094085693359375 -0.449920654296875
-0.00839614868164063 0.0230503082275391 0.354339599609375 -0.5255126953125
-0.0438423156738281 6.86645507812444E-05 0.76177978515625 0.0364990234375
-0.0413284301757812 -0.0516319274902344 0.523681640625 0.7154541015625
0.0382919311523438 -0.0293045043945312 -0.03753662109375 0.60980224609375
0.0591201782226562 -0.0121994018554687 0.019317626953125 0.0715713500976563
0.0325508117675781 -0.0309009552001953 0.1793212890625 -0.5751953125
0.00245285034179688 -0.0521774291992188 -0.39111328125 -0.816650390625
-0.0271854400634766 -0.0264835357666016 -0.82476806640625 -0.10986328125
-0.0244674682617188 0.00654983520507813 -0.43048095703125 0.51055908203125
-0.0023193359375 0.0121240615844727 0.040130615234375 0.467742919921875
0.0047607421875 0.0267162322998047 0.288970947265625 0.1036376953125
0.00994110107421875 0.00867080688476563 0.269577026367188 -0.190185546875
0.00680923461914063 -0.00870132446289063 -0.220748901367188 0.190048217773437
0.0217037200927734 0.0190162658691406 -0.268814086914063 -0.0907135009765625
0.00107669830322266 0.0128908157348633 -0.092864990234375 -0.447021484375
-0.00573348999023438 0.0225372314453125 0.3543701171875 -0.5230712890625
-0.0391883850097656 0.00129699707031249 0.762939453125 0.03985595703125
-0.0384483337402344 -0.0499763488769531 0.524658203125 0.72003173828125
0.0364303588867188 -0.0252799987792969 -0.0382690429687499 0.62005615234375
0.0535125732421875 -0.00835037231445312 0.0126800537109375 0.0787277221679688
0.0303115844726563 -0.0266132354736328 0.17449951171875 -0.56878662109375
0.00571823120117188 -0.0495834350585937 -0.39080810546875 -0.81756591796875
-0.0219383239746094 -0.0258121490478516 -0.82525634765625 -0.11041259765625
-0.0219955444335938 0.00574874877929687 -0.4300537109375 0.513580322265625
-0.00259780883789063 0.0113792419433594 0.03961181640625 0.471649169921875
0.00399589538574219 0.0248012542724609 0.29010009765625 0.102447509765625
0.00876855850219727 0.00825643539428711 0.274215698242188 -0.186233520507813
0.00656032562255859 -0.00984287261962891 -0.213882446289063 0.19171142578125
0.0196800231933594 0.0146102905273437 -0.264801025390625 -0.09326171875
-0.000545501708984376 0.00913715362548828 -0.087799072265625 -0.44598388671875
-0.000959396362304688 0.0203838348388672 0.36199951171875 -0.517303466796875
-0.0317630767822266 0.00102615356445313 0.763427734375 0.0496826171875
-0.0339012145996094 -0.0449562072753906 0.51910400390625 0.73077392578125
0.0329170227050781 -0.0191249847412109 -0.0449218749999999 0.627197265625
0.0452003479003906 -0.00316238403320312 0.0096893310546875 0.0824661254882813
0.0262622833251953 -0.020599365234375 0.167236328125 -0.565673828125
0.00902557373046875 -0.0450592041015625 -0.4000244140625 -0.80743408203125
-0.0140113830566406 -0.0242538452148437 -0.82562255859375 -0.0998535156250001
-0.016575813293457 0.00441551208496094 -0.42449951171875 0.518157958984375
-0.00241661071777344 0.00835514068603516 0.0450439453125 0.471954345703125
0.00163459777832031 0.0204696655273438 0.293060302734375 0.099700927734375
0.00909996032714844 0.00620841979980469 0.277664184570313 -0.186126708984375
0.00552082061767578 -0.0111093521118164 -0.209014892578125 0.192901611328125
0.0152196884155273 0.00798702239990235 -0.260757446289063 -0.09625244140625
-0.00115180015563965 0.00351238250732422 -0.085693359375 -0.447113037109375
0.00521278381347656 0.016606330871582 0.367431640625 -0.512969970703125
-0.02252197265625 0.00255584716796875 0.76483154296875 0.0596923828125
-0.0288925170898438 -0.0393142700195312 0.5125732421875 0.7412109375
0.0291271209716797 -0.0107803344726563 -0.04913330078125 0.63226318359375
0.0361557006835938 0.00264358520507813 0.00798797607421875 0.0850372314453125
0.0220432281494141 -0.0138359069824219 0.16180419921875 -0.56585693359375
0.0115737915039062 -0.0384292602539063 -0.40887451171875 -0.80072021484375
-0.00423622131347656 -0.0219764709472656 -0.82830810546875 -0.09075927734375
-0.00975322723388672 0.00115013122558594 -0.41925048828125 0.52117919921875
-0.00166511535644531 0.00253772735595703 0.049102783203125 0.473114013671875
-0.000323295593261717 0.0138187408447266 0.2962646484375 0.0975341796875
0.00930595397949219 0.00457096099853516 0.281051635742188 -0.184600830078125
0.00434207916259766 -0.0123310089111328 -0.206756591796875 0.193069458007812
0.0117301940917969 0.000799179077148438 -0.258895874023438 -0.0977783203125
-0.00264430046081543 -0.00307059288024902 -0.08087158203125 -0.447601318359375
0.0117006301879883 0.0124988555908203 0.36920166015625 -0.51214599609375
-0.0136985778808594 0.0041799545288086 0.7628173828125 0.0677490234375
-0.0254898071289063 -0.0322761535644531 0.5045166015625 0.7489013671875
0.0242767333984375 -0.0030670166015625 -0.0536499023437501 0.6326904296875
0.0261249542236328 0.00837516784667969 0.00862884521484376 0.0848541259765625
0.0167417526245117 -0.00498390197753906 0.15728759765625 -0.5631103515625
0.0155181884765625 -0.0314769744873047 -0.41741943359375 -0.79571533203125
0.00600051879882813 -0.0197868347167969 -0.828125 -0.0806884765625
-0.0033116340637207 -0.00308656692504883 -0.41552734375 0.52410888671875
-0.00192070007324219 -0.00489282608032227 0.05364990234375 0.469146728515625
-0.00365829467773438 0.0055537223815918 0.299102783203125 0.094940185546875
0.00872945785522461 0.00203990936279297 0.282623291015625 -0.185699462890625
0.00431346893310547 -0.0133552551269531 -0.206069946289063 0.192764282226562
0.00769281387329102 -0.00685262680053711 -0.257644653320313 -0.100433349609375
-0.00345039367675781 -0.0105152130126953 -0.07861328125 -0.45294189453125
0.0184135437011719 0.00878143310546875 0.373046875 -0.509918212890625
-0.00438785552978516 0.00669193267822266 0.76031494140625 0.077392578125
-0.0218296051025391 -0.0250778198242188 0.4959716796875 0.75469970703125
0.0196914672851563 0.00560569763183594 -0.0557861328125 0.63079833984375
0.0175247192382813 0.0140571594238281 0.0134429931640625 0.080902099609375
0.0115890502929688 0.00186347961425781 0.15301513671875 -0.56744384765625
0.018341064453125 -0.0242290496826172 -0.42620849609375 -0.788818359375
0.0155277252197266 -0.0178394317626953 -0.82940673828125 -0.0682983398437502
0.00326681137084961 -0.00727558135986328 -0.41107177734375 0.5264892578125
-0.00246429443359375 -0.0118265151977539 0.058319091796875 0.46539306640625
-0.00731468200683594 -0.00338125228881836 0.30023193359375 0.0916748046875
0.00832653045654297 0.000168800354003906 0.2816162109375 -0.186676025390625
0.00475788116455078 -0.0137081146240234 -0.210830688476563 0.191940307617188
0.00479412078857422 -0.0136651992797852 -0.2572021484375 -0.10284423828125
-0.00433731079101562 -0.0178356170654297 -0.07635498046875 -0.4580078125
0.0232429504394531 0.00481796264648438 0.376312255859375 -0.50933837890625
0.00102996826171875 0.00896739959716797 0.75933837890625 0.08538818359375
-0.0203628540039063 -0.0180530548095703 0.4881591796875 0.76007080078125
0.0160198211669922 0.0124750137329102 -0.05670166015625 0.62518310546875
0.0102596282958984 0.0191364288330078 0.0189743041992187 0.0758056640625
0.00705814361572266 0.00943851470947265 0.15191650390625 -0.573486328125
0.0201072692871094 -0.0183982849121094 -0.43505859375 -0.7822265625
0.0222434997558594 -0.0160274505615234 -0.830078125 -0.0584716796874999
0.00709247589111328 -0.0125818252563477 -0.405120849609375 0.527740478515625
-0.00299453735351562 -0.018768310546875 0.061614990234375 0.46014404296875
-0.00974750518798828 -0.0101308822631836 0.300872802734375 0.089111328125
0.00816869735717773 -0.000489711761474609 0.2796630859375 -0.18841552734375
0.00864124298095703 -0.00823688507080078 -0.233612060546875 0.1865234375
0.0228958129882813 0.0190544128417969 -0.274505615234375 -0.0948333740234375
2.67028808593763E-05 0.0121450424194336 -0.0936584472656249 -0.45526123046875
-0.00914382934570313 0.0208892822265625 0.35992431640625 -0.524383544921875
-0.0452804565429688 -0.000755310058593749 0.7637939453125 0.0447998046875
-0.0416984558105469 -0.0507011413574219 0.51513671875 0.71368408203125
0.0390434265136719 -0.0308265686035156 -0.0393066406250001 0.5982666015625
0.0605316162109375 -0.0139236450195313 0.0275077819824219 0.0608253479003906
0.0317592620849609 -0.0308017730712891 0.17755126953125 -0.583740234375
-0.000274658203125 -0.0514259338378906 -0.39862060546875 -0.8125
-0.0281639099121094 -0.02545166015625 -0.8233642578125 -0.098388671875
-0.0250301361083984 0.00452613830566406 -0.42303466796875 0.512908935546875
-0.00219821929931641 0.00915813446044922 0.04425048828125 0.463714599609375
0.00494766235351563 0.0246257781982422 0.28717041015625 0.100006103515625
0.0100307464599609 0.0096883773803711 0.26519775390625 -0.192291259765625
0.00795269012451172 -0.00842142105102539 -0.226943969726562 0.187850952148437
0.0233211517333984 0.0211696624755859 -0.272918701171875 -0.092498779296875
0.000822067260742187 0.0142726898193359 -0.0947265625 -0.449066162109375
-0.0086212158203125 0.0226936340332031 0.355133056640625 -0.522613525390625
-0.0433197021484375 -0.000820159912109385 0.75982666015625 0.0384521484375
-0.0409126281738281 -0.0514259338378906 0.5206298828125 0.71270751953125
0.0384559631347656 -0.0294609069824219 -0.03900146484375 0.60784912109375
0.0593833923339844 -0.012054443359375 0.0189743041992188 0.0719833374023437
0.0322399139404297 -0.0303668975830078 0.17919921875 -0.57275390625
0.00193405151367187 -0.0520401000976563 -0.3875732421875 -0.81646728515625
-0.0270977020263672 -0.0264339447021484 -0.8226318359375 -0.1087646484375
-0.0250358581542969 0.00632095336914063 -0.4296875 0.509368896484375
-0.00279903411865235 0.011876106262207 0.038238525390625 0.468048095703125
0.00531768798828125 0.0267353057861328 0.287811279296875 0.10308837890625
0.00978279113769531 0.00897407531738281 0.269012451171875 -0.190185546875
0.00754451751708984 -0.00922870635986328 -0.219161987304688 0.188980102539063
0.0225734710693359 0.0190658569335938 -0.269149780273438 -0.0914459228515625
0.00161170959472656 0.0137414932250977 -0.093841552734375 -0.447418212890625
-0.00565910339355469 0.0220050811767578 0.356201171875 -0.5208740234375
-0.0391082763671875 0.000385284423828121 0.76171875 0.0396728515625
-0.0372238159179688 -0.0485610961914062 0.523681640625 0.7183837890625
0.0370140075683594 -0.0257301330566406 -0.0387573242187499 0.61767578125
0.0538520812988281 -0.00810623168945313 0.0123977661132813 0.0793838500976563
0.0298748016357422 -0.0263080596923828 0.17462158203125 -0.5657958984375
0.00522613525390624 -0.0491676330566406 -0.38848876953125 -0.81298828125
-0.0218181610107422 -0.0260486602783203 -0.8240966796875 -0.11077880859375
-0.0221576690673828 0.00623512268066406 -0.430572509765625 0.51123046875
-0.00274562835693359 0.01141357421875 0.038299560546875 0.47088623046875
0.00400352478027344 0.0256481170654297 0.289703369140625 0.10205078125
0.00967121124267578 0.00832653045654297 0.27288818359375 -0.18670654296875
0.00745868682861328 -0.0102558135986328 -0.213134765625 0.190597534179688
0.0199241638183594 0.0154685974121094 -0.26446533203125 -0.0940399169921875
0.000418663024902344 0.0103683471679687 -0.089599609375 -0.446075439453125
-0.00135040283203125 0.0202159881591797 0.3619384765625 -0.5157470703125
-0.0319252014160156 0.000846862792968747 0.76220703125 0.051513671875
-0.0330276489257813 -0.04473876953125 0.5189208984375 0.7294921875
0.0333538055419922 -0.0190238952636719 -0.0443115234375 0.623779296875
0.0454177856445313 -0.00299072265625 0.00912475585937501 0.0820693969726563
0.0266551971435547 -0.0200634002685547 0.16900634765625 -0.5643310546875
0.00850296020507813 -0.0447959899902344 -0.3978271484375 -0.8052978515625
-0.0144557952880859 -0.0239505767822266 -0.82513427734375 -0.10040283203125
-0.0162773132324219 0.00408363342285156 -0.424407958984375 0.516815185546875
-0.00240087509155274 0.00860786437988281 0.0440673828125 0.47198486328125
0.0020599365234375 0.0207843780517578 0.292816162109375 0.099761962890625
0.00945854187011719 0.00636863708496094 0.27783203125 -0.185562133789062
0.00657749176025391 -0.0112724304199219 -0.20806884765625 0.190811157226562
0.0162830352783203 0.00885581970214844 -0.26104736328125 -0.096527099609375
-0.00149679183959961 0.00480556488037109 -0.08538818359375 -0.446502685546875
0.00437831878662109 0.0167465209960938 0.365234375 -0.512542724609375
-0.0230503082275391 0.00274085998535156 0.76300048828125 0.0609130859375
-0.0293159484863281 -0.0386199951171875 0.5089111328125 0.740234375
0.0297164916992188 -0.0113391876220703 -0.0509033203125 0.62908935546875
0.0363616943359375 0.00261688232421875 0.007720947265625 0.0849227905273438
0.0215721130371094 -0.0132274627685547 0.162689208984375 -0.5616455078125
0.0117263793945313 -0.0382194519042969 -0.4072265625 -0.7994384765625
-0.00430870056152343 -0.0220527648925781 -0.825927734375 -0.0916748046875001
-0.0098867416381836 0.000905990600585936 -0.41973876953125 0.5205078125
-0.00231337547302246 0.00274467468261719 0.04742431640625 0.471923828125
-0.000305175781249999 0.0135841369628906 0.2950439453125 0.097015380859375
0.00914287567138672 0.00458240509033203 0.280792236328125 -0.184127807617188
0.00560665130615234 -0.0128602981567383 -0.206558227539062 0.191665649414063
0.0127496719360352 0.00109958648681641 -0.259002685546875 -0.0986022949218751
-0.00318288803100586 -0.00269556045532227 -0.083221435546875 -0.447662353515625
0.0111675262451172 0.012934684753418 0.369049072265625 -0.510650634765625
-0.0130672454833984 0.00416755676269531 0.7606201171875 0.06829833984375
-0.0250587463378906 -0.0315055847167969 0.50457763671875 0.74853515625
0.0244503021240234 -0.00336837768554688 -0.05548095703125 0.63092041015625
0.0264339447021484 0.00850296020507813 0.00854492187500001 0.0847320556640625
0.0166521072387695 -0.00496387481689453 0.158294677734375 -0.561737060546875
0.0151500701904297 -0.0310802459716797 -0.4146728515625 -0.79058837890625
0.00604248046875 -0.0197887420654297 -0.82708740234375 -0.0802612304687501
-0.00291967391967773 -0.0040130615234375 -0.415069580078125 0.52294921875
-0.00233125686645508 -0.00441932678222656 0.052764892578125 0.469573974609375
-0.00346899032592773 0.00564956665039063 0.297882080078125 0.0953369140625
0.00937747955322266 0.00208091735839844 0.281890869140625 -0.18475341796875
0.00553321838378906 -0.0131464004516602 -0.205841064453125 0.191909790039062
0.0087890625 -0.00674057006835937 -0.257049560546875 -0.101409912109375
-0.00361824035644531 -0.00973033905029297 -0.07958984375 -0.451416015625
0.0179405212402344 0.00849151611328125 0.3729248046875 -0.50787353515625
-0.00532865524291992 0.00663423538208008 0.760009765625 0.07843017578125
-0.0223045349121094 -0.0245418548583984 0.494873046875 0.752685546875
0.0200614929199219 0.00516510009765625 -0.0560302734375 0.6285400390625
0.0171480178833008 0.0145406723022461 0.0135345458984375 0.081207275390625
0.0119943618774414 0.00246524810791016 0.154296875 -0.56494140625
0.0172977447509766 -0.0239810943603516 -0.4246826171875 -0.78509521484375
0.0151481628417969 -0.0174722671508789 -0.82562255859375 -0.0701904296874999
0.00303459167480469 -0.0079965591430664 -0.409820556640625 0.526336669921875
-0.00199127197265625 -0.0120067596435547 0.056854248046875 0.464569091796875
-0.00660514831542969 -0.00205087661743164 0.29925537109375 0.09112548828125
0.00878381729125977 0.000368595123291016 0.281158447265625 -0.18634033203125
0.00515651702880859 -0.0138931274414063 -0.209075927734375 0.190567016601563
0.00594043731689453 -0.0135507583618164 -0.256912231445313 -0.10302734375
-0.00415229797363281 -0.016575813293457 -0.076263427734375 -0.456939697265625
0.0228443145751953 0.00452041625976562 0.3751220703125 -0.506103515625
0.000678062438964844 0.00850152969360352 0.7572021484375 0.08538818359375
-0.0199699401855469 -0.0175018310546875 0.4859619140625 0.75701904296875
0.0160112380981445 0.0117616653442383 -0.0592041015625 0.62298583984375
0.0102443695068359 0.0198993682861328 0.0191116333007812 0.0755081176757813
0.00709152221679688 0.00956058502197266 0.15411376953125 -0.571044921875
0.0194587707519531 -0.0180721282958984 -0.433837890625 -0.7816162109375
0.0215988159179688 -0.0161857604980469 -0.8280029296875 -0.05908203125
0.00722980499267578 -0.0125198364257813 -0.406768798828125 0.527557373046875
-0.00264739990234375 -0.0186653137207031 0.060394287109375 0.460205078125
-0.00962257385253906 -0.00965690612792969 0.29949951171875 0.088958740234375
0.00872516632080078 -0.0013427734375 0.279586791992187 -0.18804931640625
0.00895881652832031 -0.0081634521484375 -0.233367919921875 0.18475341796875
0.0233554840087891 0.0192108154296875 -0.2750244140625 -0.0955352783203125
0.00025177001953125 0.0128946304321289 -0.093505859375 -0.45526123046875
-0.0103855133056641 0.0203781127929687 0.360076904296875 -0.522552490234375
-0.0454597473144531 -0.000644683837890627 0.76300048828125 0.046630859375
-0.0410728454589844 -0.0499610900878906 0.51287841796875 0.7154541015625
0.0399322509765625 -0.0310134887695312 -0.0408935546875 0.59619140625
0.0611915588378906 -0.0126266479492187 0.0279312133789062 0.0615386962890625
0.0322303771972656 -0.0304718017578125 0.1785888671875 -0.58123779296875
-0.000755310058593749 -0.0504608154296875 -0.39599609375 -0.81256103515625
-0.0290298461914062 -0.0255546569824219 -0.82318115234375 -0.0987548828125
-0.0245571136474609 0.00451660156250001 -0.425048828125 0.513031005859375
-0.0024261474609375 0.00890159606933594 0.0433349609375 0.464599609375
0.005462646484375 0.0254802703857422 0.287200927734375 0.100341796875
0.0104207992553711 0.00905227661132813 0.264617919921875 -0.191085815429688
0.0092315673828125 -0.00851249694824219 -0.227294921875 0.186126708984375
0.0250644683837891 0.0211296081542969 -0.273452758789063 -0.0930328369140626
0.00101757049560547 0.0149917602539063 -0.096099853515625 -0.448944091796875
-0.00927162170410156 0.0217781066894531 0.35540771484375 -0.5225830078125
-0.0438461303710938 -0.000591278076171885 0.76019287109375 0.03985595703125
-0.040252685546875 -0.0501785278320313 0.52044677734375 0.71234130859375
0.0394325256347656 -0.0298919677734375 -0.04095458984375 0.6060791015625
0.0598297119140625 -0.0120277404785156 0.0180892944335938 0.0713119506835938
0.0323219299316406 -0.0300750732421875 0.1805419921875 -0.571044921875
0.00180816650390625 -0.0518989562988281 -0.38714599609375 -0.81494140625
-0.0277004241943359 -0.0261478424072266 -0.822998046875 -0.1109619140625
-0.0256710052490234 0.00605964660644531 -0.430877685546875 0.509613037109375
-0.00314426422119141 0.0126428604125977 0.038787841796875 0.468170166015625
0.00513076782226562 0.0269126892089844 0.286285400390625 0.10333251953125
0.0105562210083008 0.00916194915771485 0.269363403320313 -0.188888549804688
0.00883007049560547 -0.00929069519042969 -0.218917846679688 0.188034057617188
0.0234355926513672 0.0196723937988281 -0.269271850585938 -0.0916748046874999
0.000907897949218749 0.0145578384399414 -0.094512939453125 -0.444000244140625
-0.00644302368164063 0.02191162109375 0.355133056640625 -0.519287109375
-0.0393257141113281 0.000751495361328117 0.76141357421875 0.04193115234375
-0.0373077392578125 -0.0481529235839844 0.52264404296875 0.71832275390625
0.0376319885253906 -0.025848388671875 -0.04180908203125 0.6163330078125
0.0539131164550781 -0.00790786743164063 0.0114364624023438 0.0791244506835938
0.0308628082275391 -0.0261592864990234 0.1767578125 -0.5655517578125
0.00482559204101562 -0.0492897033691406 -0.3875732421875 -0.81365966796875
-0.0229053497314453 -0.0260658264160156 -0.82354736328125 -0.11297607421875
-0.0229415893554687 0.00568580627441406 -0.432586669921875 0.511932373046875
-0.0030660629272461 0.0115385055541992 0.03759765625 0.471771240234375
0.00412368774414062 0.0261783599853516 0.288238525390625 0.102783203125
0.0101490020751953 0.00787067413330078 0.273544311523438 -0.186477661132813
0.00759506225585938 -0.0105886459350586 -0.212356567382812 0.189346313476563
0.0209503173828125 0.0154590606689453 -0.265274047851563 -0.0954895019531249
5.05447387695304E-05 0.0112724304199219 -0.090362548828125 -0.445770263671875
-0.00209426879882813 0.020111083984375 0.361236572265625 -0.514617919921875
-0.032073974609375 0.000942230224609375 0.76129150390625 0.04986572265625
-0.0324745178222656 -0.0443496704101562 0.5157470703125 0.7279052734375
0.034332275390625 -0.0197525024414063 -0.04705810546875 0.6226806640625
0.0456008911132812 -0.00240325927734375 0.008514404296875 0.08270263671875
0.0268440246582031 -0.0201759338378906 0.1683349609375 -0.56195068359375
0.00838470458984375 -0.0444107055664062 -0.39617919921875 -0.80426025390625
-0.0144710540771484 -0.0243911743164063 -0.8238525390625 -0.10186767578125
-0.0169868469238281 0.00401973724365234 -0.42535400390625 0.51690673828125
-0.00282526016235352 0.00858545303344727 0.042999267578125 0.473297119140625
0.00246429443359375 0.0215015411376953 0.292236328125 0.10015869140625
0.00986194610595703 0.00632381439208984 0.277389526367188 -0.185379028320313
0.00713443756103515 -0.011469841003418 -0.207763671875 0.189971923828125
0.0176506042480469 0.00893211364746094 -0.261428833007813 -0.09716796875
-0.00121688842773437 0.00526094436645508 -0.0856323242187499 -0.44586181640625
0.00408744812011719 0.0166950225830078 0.365447998046875 -0.51025390625
-0.0233802795410156 0.00253868103027344 0.76202392578125 0.06182861328125
-0.0286903381347656 -0.0378646850585938 0.50750732421875 0.737548828125
0.0303821563720703 -0.01177978515625 -0.0517578125 0.6268310546875
0.0361175537109375 0.0029449462890625 0.007110595703125 0.0850372314453125
0.0218868255615234 -0.0130195617675781 0.164337158203125 -0.5604248046875
0.0112113952636719 -0.0380859375 -0.40557861328125 -0.799560546875
-0.00452041625976563 -0.0217876434326172 -0.825439453125 -0.0916137695312499
-0.0104398727416992 0.000904083251953124 -0.420684814453125 0.520843505859375
-0.00229406356811523 0.00267553329467773 0.045989990234375 0.471832275390625
-5.43594360351573E-05 0.0142507553100586 0.29449462890625 0.097259521484375
0.00962352752685547 0.00399303436279297 0.280471801757813 -0.184112548828125
0.00667190551757812 -0.0135660171508789 -0.205551147460938 0.190673828125
0.0124931335449219 0.00157546997070313 -0.2589111328125 -0.0997161865234375
-0.00272107124328613 -0.00239944458007813 -0.0821533203125 -0.446990966796875
0.0106096267700195 0.0120630264282227 0.3690185546875 -0.5087890625
-0.013087272644043 0.00409317016601563 0.7603759765625 0.06982421875
-0.0249595642089844 -0.0312404632568359 0.50146484375 0.7457275390625
0.0253372192382813 -0.00282859802246094 -0.0569458007812501 0.6285400390625
0.0266742706298828 0.0090484619140625 0.00814056396484374 0.0846099853515625
0.0164928436279297 -0.00520038604736328 0.158660888671875 -0.5604248046875
0.0144691467285156 -0.0306720733642578 -0.41497802734375 -0.791259765625
0.00519943237304687 -0.0200157165527344 -0.8255615234375 -0.0811767578124998
-0.0029757022857666 -0.00322151184082031 -0.41650390625 0.524383544921875
-0.00225973129272461 -0.0047144889831543 0.051361083984375 0.469635009765625
-0.00299930572509766 0.00593185424804688 0.2969970703125 0.095672607421875
0.0102596282958984 0.00203895568847656 0.28228759765625 -0.1844482421875
0.00596809387207031 -0.0136775970458984 -0.205596923828125 0.19012451171875
0.009368896484375 -0.00732135772705078 -0.257644653320313 -0.1016845703125
-0.00401401519775391 -0.00932407379150391 -0.078277587890625 -0.450836181640625
0.0169439315795898 0.00795650482177734 0.37213134765625 -0.506134033203125
-0.00562477111816406 0.00652170181274414 0.75872802734375 0.08050537109375
-0.0217494964599609 -0.0239143371582031 0.49298095703125 0.75250244140625
0.0211982727050781 0.00501823425292969 -0.0595703125 0.6265869140625
0.0167484283447266 0.0149145126342773 0.0124435424804688 0.0815811157226563
0.0115194320678711 0.0029754638671875 0.15521240234375 -0.56396484375
0.0173377990722656 -0.0234012603759766 -0.42291259765625 -0.7862548828125
0.0146503448486328 -0.0181446075439453 -0.82666015625 -0.0704956054687499
0.00274515151977539 -0.00815677642822266 -0.411773681640625 0.5267333984375
-0.00215625762939453 -0.0121126174926758 0.054931640625 0.46551513671875
-0.00599575042724609 -0.00251007080078125 0.29840087890625 0.091156005859375
0.00921916961669922 0.000105857849121094 0.281707763671875 -0.18536376953125
0.00628471374511719 -0.0143747329711914 -0.2083740234375 0.189956665039062
0.00653171539306641 -0.0133180618286133 -0.257858276367188 -0.104202270507812
-0.00436878204345703 -0.0161266326904297 -0.0771484375 -0.4554443359375
0.0222549438476563 0.00457000732421875 0.37603759765625 -0.505859375
0.00103378295898437 0.00826406478881836 0.7572021484375 0.08770751953125
-0.0199661254882813 -0.01678466796875 0.48486328125 0.75830078125
0.0166969299316406 0.011199951171875 -0.061279296875 0.62127685546875
0.0102596282958984 0.0194168090820313 0.0184173583984375 0.0754776000976563
0.00737094879150391 0.00955867767333984 0.15374755859375 -0.569580078125
0.0188846588134766 -0.0179214477539063 -0.4317626953125 -0.78204345703125
0.0214462280273437 -0.0166893005371094 -0.82635498046875 -0.059814453125
0.00702953338623047 -0.0125560760498047 -0.405548095703125 0.526519775390625
-0.00276947021484375 -0.0183334350585938 0.06005859375 0.46099853515625
-0.00925827026367187 -0.00874423980712891 0.2989501953125 0.088592529296875
0.00874996185302734 -0.000838279724121094 0.28009033203125 -0.187881469726563
0.0100193023681641 -0.00896167755126953 -0.2330322265625 0.184463500976562
0.0247917175292969 0.0196418762207031 -0.276504516601563 -0.0957183837890625
-0.000183105468749999 0.0131187438964844 -0.094512939453125 -0.45538330078125
-0.0110645294189453 0.0200824737548828 0.363677978515625 -0.5235595703125
-0.0456428527832031 -0.00096893310546875 0.764892578125 0.04754638671875
-0.0408821105957031 -0.0496444702148438 0.51214599609375 0.71533203125
0.0400924682617188 -0.0307540893554687 -0.0438232421875001 0.5963134765625
0.0614967346191406 -0.0132102966308594 0.0271186828613281 0.0610237121582031
0.0320968627929688 -0.0300617218017578 0.18182373046875 -0.58203125
-0.00084304809570312 -0.0512123107910156 -0.39581298828125 -0.81231689453125
-0.0290241241455078 -0.0262184143066406 -0.82373046875 -0.10040283203125
-0.0257549285888672 0.004547119140625 -0.4273681640625 0.512939453125
-0.00236606597900391 0.00960636138916016 0.043060302734375 0.466400146484375
0.00571441650390625 0.0262355804443359 0.286712646484375 0.100677490234375
0.0115318298339844 0.00917434692382813 0.264801025390625 -0.191680908203125
0.00912284851074219 -0.00904369354248047 -0.226593017578125 0.185409545898438
0.0251483917236328 0.0217819213867188 -0.274459838867188 -0.0931854248046874
0.00130176544189453 0.0157814025878906 -0.09600830078125 -0.448089599609375
-0.00977897644042969 0.0222721099853516 0.356414794921875 -0.522369384765625
-0.0438385009765625 -0.00079727172851563 0.76116943359375 0.04095458984375
-0.040435791015625 -0.0506706237792969 0.51885986328125 0.71392822265625
0.0403175354003906 -0.0303993225097656 -0.04119873046875 0.60626220703125
0.0597457885742188 -0.0116119384765625 0.0177078247070313 0.0718841552734375
0.0321445465087891 -0.0295982360839844 0.18212890625 -0.5712890625
0.00143051147460937 -0.0511550903320313 -0.38446044921875 -0.81573486328125
-0.0284309387207031 -0.0268707275390625 -0.8226318359375 -0.11187744140625
-0.0255146026611328 0.00578689575195312 -0.433746337890625 0.511474609375
-0.00302600860595703 0.0118532180786133 0.0374755859375 0.470184326171875
0.00579261779785157 0.0272140502929688 0.286041259765625 0.102874755859375
0.0111455917358398 0.00962448120117188 0.269577026367187 -0.189193725585938
0.00953388214111328 -0.00978279113769531 -0.218231201171875 0.186920166015625
0.0241775512695313 0.019622802734375 -0.269973754882812 -0.09344482421875
0.000899314880371093 0.0145158767700195 -0.095245361328125 -0.445770263671875
-0.00737953186035156 0.0209217071533203 0.3560791015625 -0.519775390625
-0.0397720336914063 0.000282287597656254 0.76263427734375 0.04248046875
-0.0366897583007813 -0.0476531982421875 0.52227783203125 0.71905517578125
0.0380363464355469 -0.0258445739746094 -0.04290771484375 0.6163330078125
0.0541801452636719 -0.00821685791015625 0.0115814208984375 0.079498291015625
0.030792236328125 -0.0255565643310547 0.1773681640625 -0.56451416015625
0.00440216064453126 -0.0489311218261719 -0.38604736328125 -0.81475830078125
-0.0232334136962891 -0.0261058807373047 -0.82464599609375 -0.11273193359375
-0.022613525390625 0.00587081909179688 -0.4329833984375 0.5128173828125
-0.00282382965087891 0.0114412307739258 0.036712646484375 0.47357177734375
0.00488090515136719 0.0261631011962891 0.28857421875 0.103302001953125
0.0107889175415039 0.00817775726318359 0.27423095703125 -0.186691284179687
0.00820350646972656 -0.0110883712768555 -0.21185302734375 0.188888549804688
0.0218696594238281 0.0152378082275391 -0.266036987304688 -0.0955352783203125
-7.53402709960948E-05 0.0118513107299805 -0.090728759765625 -0.44586181640625
-0.00225448608398438 0.0194988250732422 0.36181640625 -0.51446533203125
-0.032379150390625 0.00134468078613281 0.76239013671875 0.0537109375
-0.0328712463378906 -0.0440597534179688 0.51605224609375 0.72869873046875
0.0346908569335938 -0.0199508666992188 -0.0492553710937499 0.62261962890625
0.0457077026367188 -0.00235366821289063 0.00844573974609376 0.0827102661132813
0.0270900726318359 -0.0202369689941406 0.1710205078125 -0.5628662109375
0.00759506225585937 -0.0445175170898437 -0.3939208984375 -0.80706787109375
-0.0149803161621094 -0.0243988037109375 -0.825439453125 -0.1005859375
-0.0172224044799805 0.00428485870361328 -0.42730712890625 0.51812744140625
-0.00238418579101563 0.00851678848266602 0.04278564453125 0.47454833984375
0.00275039672851562 0.0218448638916016 0.292236328125 0.099884033203125
0.00992488861083984 0.00636863708496094 0.277603149414063 -0.1845703125
0.00792312622070313 -0.0116558074951172 -0.207168579101562 0.1893310546875
0.0175571441650391 0.00845527648925781 -0.26220703125 -0.097442626953125
-0.00199079513549805 0.0055241584777832 -0.086669921875 -0.446258544921875
0.00381851196289062 0.0159435272216797 0.366973876953125 -0.51031494140625
-0.0228366851806641 0.00241470336914062 0.7620849609375 0.06292724609375
-0.0285911560058594 -0.03741455078125 0.50701904296875 0.739013671875
0.030670166015625 -0.0119113922119141 -0.05328369140625 0.62664794921875
0.0367050170898438 0.00315093994140625 0.00680541992187501 0.0849990844726563
0.0221996307373047 -0.0124988555908203 0.165313720703125 -0.560699462890625
0.0103836059570313 -0.0378570556640625 -0.40435791015625 -0.80035400390625
-0.0045013427734375 -0.0230541229248047 -0.82708740234375 -0.0931396484374999
-0.0109090805053711 0.00116920471191406 -0.423370361328125 0.5225830078125
-0.00252962112426758 0.00308990478515625 0.045166015625 0.474029541015625
0.000144958496093748 0.0140104293823242 0.294464111328125 0.09820556640625
0.0103673934936523 0.00423145294189453 0.28173828125 -0.184906005859375
0.00751495361328125 -0.0135784149169922 -0.205795288085938 0.189682006835937
0.0138950347900391 0.0008544921875 -0.260040283203125 -0.100357055664062
-0.00299596786499023 -0.00158047676086426 -0.083251953125 -0.44854736328125
0.00989913940429688 0.0122718811035156 0.370880126953125 -0.50897216796875
-0.0138845443725586 0.0038299560546875 0.7618408203125 0.0723876953125
-0.02490234375 -0.0306606292724609 0.5 0.74822998046875
0.024932861328125 -0.00380897521972656 -0.0584716796875 0.62689208984375
0.0266132354736328 0.00885200500488281 0.0082550048828125 0.0850830078125
0.0164318084716797 -0.00444889068603516 0.1607666015625 -0.5604248046875
0.0140972137451172 -0.0305404663085938 -0.41326904296875 -0.79412841796875
0.00561714172363281 -0.01983642578125 -0.82623291015625 -0.0823364257812499
-0.00347638130187988 -0.00339818000793457 -0.4171142578125 0.525421142578125
-0.0025944709777832 -0.00443553924560547 0.049774169921875 0.47259521484375
-0.00325345993041992 0.00661516189575195 0.2969970703125 0.09588623046875
0.0097808837890625 0.00147247314453125 0.28338623046875 -0.184326171875
0.00764274597167969 -0.0145597457885742 -0.205322265625 0.189498901367188
0.0104074478149414 -0.00649642944335938 -0.258438110351563 -0.102432250976562
-0.00358200073242188 -0.00922679901123047 -0.079681396484375 -0.450958251953125
0.0169124603271484 0.00780391693115234 0.37286376953125 -0.505889892578125
-0.00543928146362305 0.00583696365356445 0.75921630859375 0.08013916015625
-0.0217075347900391 -0.0230197906494141 0.49493408203125 0.75396728515625
0.0207595825195313 0.00441169738769531 -0.0603027343750001 0.62762451171875
0.0176029205322266 0.0153141021728516 0.0121688842773437 0.0815582275390625
0.0118999481201172 0.00329208374023437 0.1571044921875 -0.5655517578125
0.0166530609130859 -0.0235958099365234 -0.4232177734375 -0.78863525390625
0.0144443511962891 -0.0179004669189453 -0.8282470703125 -0.0718383789062501
0.00221443176269531 -0.00853204727172852 -0.413299560546875 0.528228759765625
-0.00270938873291016 -0.0115194320678711 0.055145263671875 0.467193603515625
-0.0058445930480957 -0.00162982940673828 0.2991943359375 0.091156005859375
0.00984382629394531 0.000315666198730469 0.282684326171875 -0.185394287109375
0.00709247589111328 -0.0153970718383789 -0.208358764648438 0.1888427734375
0.00701808929443359 -0.0127849578857422 -0.258804321289063 -0.10479736328125
-0.00357151031494141 -0.0150537490844727 -0.077728271484375 -0.4556884765625
0.0211887359619141 0.00404548645019531 0.376800537109375 -0.50567626953125
0.000143051147460938 0.00837087631225586 0.7576904296875 0.08905029296875
-0.0200290679931641 -0.0171108245849609 0.4849853515625 0.75958251953125
0.0169830322265625 0.0109920501708984 -0.0615234375 0.62005615234375
0.00999641418457031 0.0196151733398438 0.0183258056640625 0.0759353637695313
0.00723743438720703 0.0101957321166992 0.1551513671875 -0.56884765625
0.0186176300048828 -0.0178794860839844 -0.42987060546875 -0.78143310546875
0.0213108062744141 -0.0165233612060547 -0.829345703125 -0.06097412109375
0.00675392150878906 -0.0121135711669922 -0.40838623046875 0.52825927734375
-0.00299453735351562 -0.018096923828125 0.058319091796875 0.46282958984375
-0.00876331329345703 -0.00913619995117187 0.299530029296875 0.088775634765625
0.00988197326660156 -0.000829696655273438 0.280548095703125 -0.18743896484375
0.0103988647460938 -0.00956916809082031 -0.233810424804687 0.183914184570313
0.025421142578125 0.0196685791015625 -0.277297973632812 -0.0963592529296875
0.000323295593261719 0.0141134262084961 -0.094512939453125 -0.456390380859375
-0.0112514495849609 0.0199604034423828 0.3623046875 -0.52496337890625
-0.046417236328125 -0.000392913818359377 0.765380859375 0.04864501953125
-0.0399551391601563 -0.0497245788574219 0.5142822265625 0.7171630859375
0.0415267944335938 -0.0320320129394531 -0.043212890625 0.59698486328125
0.0618247985839844 -0.0128250122070313 0.0262260437011719 0.0618247985839844
0.0325241088867188 -0.0302391052246094 0.18341064453125 -0.58306884765625
-0.000949859619140623 -0.0510177612304688 -0.39501953125 -0.814697265625
-0.0297622680664063 -0.0265483856201172 -0.826904296875 -0.10223388671875
-0.02581787109375 0.00486564636230469 -0.429107666015625 0.51495361328125
-0.00314617156982422 0.00943565368652344 0.04156494140625 0.467864990234375
0.00638580322265625 0.02685546875 0.28717041015625 0.099884033203125
0.0120277404785156 0.00937843322753906 0.265716552734375 -0.191146850585937
0.0104780197143555 -0.00999736785888672 -0.227066040039063 0.185287475585937
0.0262737274169922 0.0217514038085938 -0.275405883789063 -0.0940399169921875
0.000553131103515626 0.0163745880126953 -0.09716796875 -0.45013427734375
-0.0103321075439453 0.0213279724121094 0.356842041015625 -0.522735595703125
-0.0448455810546875 -0.000473022460937495 0.76397705078125 0.04083251953125
-0.03936767578125 -0.0499191284179688 0.519287109375 0.7144775390625
0.0409889221191406 -0.0313529968261719 -0.04327392578125 0.605224609375
0.0605239868164063 -0.0113563537597656 0.0181350708007813 0.0720901489257813
0.0335445404052734 -0.02935791015625 0.18310546875 -0.57208251953125
0.000759124755859373 -0.0513153076171875 -0.3868408203125 -0.81939697265625
-0.0280647277832031 -0.0272941589355469 -0.8250732421875 -0.112060546875
-0.0259132385253906 0.00596809387207031 -0.4354248046875 0.512969970703125
-0.00325393676757813 0.0125236511230469 0.03765869140625 0.471923828125
0.00580406188964844 0.0282077789306641 0.28753662109375 0.10430908203125
0.0117378234863281 0.00916481018066406 0.270248413085938 -0.18963623046875
0.00973892211914063 -0.0103721618652344 -0.218765258789063 0.187286376953125
0.025299072265625 0.0195789337158203 -0.272048950195313 -0.093536376953125
0.000748634338378907 0.0157566070556641 -0.096221923828125 -0.448272705078125
-0.00745201110839844 0.0213470458984375 0.357940673828125 -0.519744873046875
-0.0402259826660156 7.24792480468808E-05 0.76513671875 0.04296875
-0.0368881225585937 -0.0472564697265625 0.52294921875 0.72064208984375
0.0383682250976563 -0.0261421203613281 -0.0443115234375 0.616455078125
0.0544776916503906 -0.00717544555664063 0.0106582641601562 0.0801010131835938
0.0311622619628906 -0.0251064300537109 0.17901611328125 -0.565185546875
0.00399398803710937 -0.0484428405761719 -0.38653564453125 -0.81597900390625
-0.0234928131103516 -0.0257358551025391 -0.8271484375 -0.11370849609375
-0.0234355926513672 0.00549888610839843 -0.435028076171875 0.514312744140625
-0.00301170349121094 0.0121097564697266 0.037109375 0.475341796875
0.00519943237304688 0.0265922546386719 0.28955078125 0.103424072265625
0.0111942291259766 0.0081634521484375 0.274505615234375 -0.186065673828125
0.009185791015625 -0.0115165710449219 -0.2127685546875 0.189071655273438
0.0223217010498047 0.0158138275146484 -0.267242431640625 -0.0960845947265625
-0.000111579895019532 0.0123605728149414 -0.090972900390625 -0.44671630859375
-0.00285720825195312 0.0196342468261719 0.363189697265625 -0.51544189453125
-0.0327205657958984 0.00112342834472657 0.764404296875 0.05303955078125
-0.032257080078125 -0.0437126159667969 0.5169677734375 0.7318115234375
0.03558349609375 -0.019744873046875 -0.04901123046875 0.62359619140625
0.0458602905273438 -0.00283432006835938 0.00724029541015625 0.0830307006835938
0.0274639129638672 -0.0193405151367188 0.172119140625 -0.56243896484375
0.00747299194335938 -0.0440788269042969 -0.3939208984375 -0.80828857421875
-0.0154190063476562 -0.0246601104736328 -0.82562255859375 -0.10162353515625
-0.0177688598632813 0.00459098815917969 -0.429473876953125 0.520965576171875
-0.0031280517578125 0.00856542587280274 0.04217529296875 0.47711181640625
0.00335884094238281 0.0214557647705078 0.292388916015625 0.100830078125
0.0113105773925781 0.00575923919677734 0.278762817382813 -0.185745239257813
0.00831413269042969 -0.0123691558837891 -0.207901000976563 0.188323974609375
0.0186882019042969 0.00884437561035156 -0.263916015625 -0.0981903076171875
-0.000981807708740234 0.0063323974609375 -0.08770751953125 -0.447479248046875
0.00255012512207031 0.0166053771972656 0.368011474609375 -0.50994873046875
-0.0235843658447266 0.00259590148925781 0.76495361328125 0.06256103515625
-0.0281448364257812 -0.0370254516601563 0.5084228515625 0.742919921875
0.0315017700195313 -0.0119552612304687 -0.05548095703125 0.6275634765625
0.036895751953125 0.00343704223632813 0.00640869140625 0.0848236083984375
0.022247314453125 -0.0121707916259766 0.16693115234375 -0.560455322265625
0.0102691650390625 -0.0370140075683594 -0.40472412109375 -0.8026123046875
-0.00553321838378906 -0.0230522155761719 -0.8282470703125 -0.0944213867187499
-0.0107002258300781 0.000848770141601562 -0.425018310546875 0.523956298828125
-0.00273466110229492 0.00278544425964355 0.045806884765625 0.475738525390625
0.000520706176757811 0.0146512985229492 0.29510498046875 0.098175048828125
0.0114641189575195 0.00404739379882812 0.282318115234375 -0.184295654296875
0.00819015502929688 -0.0141201019287109 -0.205734252929688 0.189071655273438
0.0146627426147461 0.00159072875976563 -0.26190185546875 -0.101211547851563
-0.00348305702209473 -0.000314474105834961 -0.0843505859375001 -0.44921875
0.00970077514648438 0.0128698348999023 0.372467041015625 -0.508636474609375
-0.0138587951660156 0.00459861755371094 0.76446533203125 0.07177734375
-0.0243663787841797 -0.0303745269775391 0.50201416015625 0.74908447265625
0.0264568328857422 -0.00423049926757812 -0.059326171875 0.62872314453125
0.0271129608154297 0.00896835327148438 0.00711059570312499 0.0857620239257813
0.0171041488647461 -0.00472736358642578 0.160980224609375 -0.560150146484375
0.0141735076904297 -0.0306663513183594 -0.41326904296875 -0.7955322265625
0.00503349304199219 -0.020416259765625 -0.829345703125 -0.0817260742187498
-0.00432324409484863 -0.0032954216003418 -0.42034912109375 0.52667236328125
-0.0025632381439209 -0.00395298004150391 0.0494079589843751 0.474151611328125
-0.00274658203125 0.00630903244018555 0.298126220703125 0.09515380859375
0.0111665725708008 0.00163173675537109 0.284698486328125 -0.185302734375
0.00748062133789062 -0.0150785446166992 -0.205154418945313 0.18927001953125
0.0105180740356445 -0.00714969635009766 -0.259918212890625 -0.103073120117187
-0.0035862922668457 -0.00801658630371094 -0.0814208984375 -0.451751708984375
0.0160560607910156 0.00799751281738281 0.3743896484375 -0.50640869140625
-0.00591182708740234 0.00645112991333008 0.76153564453125 0.0819091796875
-0.0209693908691406 -0.0225925445556641 0.4949951171875 0.75604248046875
0.0214023590087891 0.00397109985351563 -0.06353759765625 0.62646484375
0.0180397033691406 0.0152931213378906 0.0116424560546875 0.0817031860351563
0.011775016784668 0.00356006622314453 0.1561279296875 -0.564208984375
0.0167102813720703 -0.0226230621337891 -0.421875 -0.78851318359375
0.0143299102783203 -0.0185928344726563 -0.8304443359375 -0.0723266601562498
0.00193881988525391 -0.00802850723266601 -0.415008544921875 0.52996826171875
-0.00282669067382813 -0.0117149353027344 0.054107666015625 0.469329833984375
-0.0061039924621582 -0.00185966491699219 0.299774169921875 0.09130859375
0.0109643936157227 0.000136375427246094 0.282745361328125 -0.185943603515625
0.00712013244628906 -0.0157909393310547 -0.209304809570313 0.188446044921875
0.00841712951660156 -0.0125951766967773 -0.260284423828125 -0.1055908203125
-0.00469398498535156 -0.0150814056396484 -0.077972412109375 -0.456695556640625
0.0208168029785156 0.00392341613769531 0.37811279296875 -0.5069580078125
0.000683307647705079 0.00833320617675781 0.76031494140625 0.08966064453125
-0.0191802978515625 -0.0156517028808594 0.48443603515625 0.7591552734375
0.0175933837890625 0.0108985900878906 -0.0628662109375 0.62188720703125
0.0106220245361328 0.0192356109619141 0.018280029296875 0.0758514404296875
0.00722217559814453 0.0104808807373047 0.156494140625 -0.56939697265625
0.0181236267089844 -0.017364501953125 -0.4307861328125 -0.782958984375
0.0207347869873047 -0.0173473358154297 -0.83154296875 -0.0621337890624999
0.00591850280761719 -0.0120687484741211 -0.4097900390625 0.530975341796875
-0.00311470031738281 -0.0186824798583984 0.05859375 0.464599609375
-0.00824642181396484 -0.00881481170654297 0.30010986328125 0.0899658203125
0.00996971130371094 -0.00163173675537109 0.280792236328125 -0.188369750976563
0.0109891891479492 -0.0101032257080078 -0.234649658203125 0.184722900390625
0.0265064239501953 0.0199775695800781 -0.2796630859375 -0.0966033935546875
0.000987052917480468 0.0149707794189453 -0.095062255859375 -0.45855712890625
-0.0114574432373047 0.0203533172607422 0.364349365234375 -0.52557373046875
-0.0464248657226563 -0.000549316406249998 0.7694091796875 0.04931640625
-0.0400199890136719 -0.0493621826171875 0.51580810546875 0.719482421875
0.0415496826171875 -0.0326652526855469 -0.04376220703125 0.599609375
0.0619697570800781 -0.0134696960449219 0.0265541076660156 0.0627174377441406
0.0325336456298828 -0.0295372009277344 0.182861328125 -0.58441162109375
-0.00160598754882813 -0.0510063171386719 -0.39727783203125 -0.8182373046875
-0.0301761627197266 -0.0267276763916016 -0.83087158203125 -0.1011962890625
-0.0267333984375 0.00473785400390625 -0.429962158203125 0.519378662109375
-0.00313186645507813 0.0102367401123047 0.041839599609375 0.47052001953125
0.00650787353515625 0.0263423919677734 0.2886962890625 0.1011962890625
0.011937141418457 0.00904941558837891 0.266998291015625 -0.193206787109375
0.011347770690918 -0.0100202560424805 -0.227981567382813 0.185089111328125
0.0277786254882813 0.0215396881103516 -0.277420043945313 -0.0944519042968749
0.000769615173339845 0.0171394348144531 -0.0984802246093749 -0.45245361328125
-0.0112552642822266 0.0215587615966797 0.35931396484375 -0.525665283203125
-0.0455398559570313 -0.00035476684570313 0.76849365234375 0.0408935546875
-0.0391807556152344 -0.0493583679199219 0.52264404296875 0.71710205078125
0.0417404174804688 -0.0318527221679688 -0.0439453125 0.6087646484375
0.0611724853515625 -0.0114860534667969 0.017333984375 0.0730438232421875
0.0336475372314453 -0.0293064117431641 0.18463134765625 -0.572998046875
0.000995635986328121 -0.051177978515625 -0.38702392578125 -0.82281494140625
-0.0288753509521484 -0.0270061492919922 -0.82989501953125 -0.11322021484375
-0.0265102386474609 0.00623321533203125 -0.437469482421875 0.516571044921875
-0.00337409973144531 0.0125274658203125 0.03759765625 0.474578857421875
0.00691795349121094 0.0281829833984375 0.288421630859375 0.1043701171875
0.0117568969726563 0.00911045074462891 0.271469116210938 -0.1907958984375
0.0107526779174805 -0.0103311538696289 -0.219375610351562 0.187088012695313
0.0262012481689453 0.0201168060302734 -0.273666381835938 -0.093536376953125
0.00104236602783203 0.0163516998291016 -0.0979614257812501 -0.450469970703125
-0.0088043212890625 0.0215091705322266 0.359100341796875 -0.521759033203125
-0.0403938293457031 -1.52587890624944E-05 0.76849365234375 0.04296875
-0.0358963012695313 -0.0476417541503906 0.525146484375 0.72235107421875
0.0395622253417969 -0.0268516540527344 -0.04595947265625 0.61883544921875
0.0546531677246094 -0.0074615478515625 0.0107955932617188 0.081085205078125
0.0313453674316406 -0.0253334045410156 0.18048095703125 -0.56793212890625
0.00352096557617188 -0.0479583740234375 -0.3875732421875 -0.82037353515625
-0.0233325958251953 -0.0267257690429687 -0.82965087890625 -0.1121826171875
-0.0234737396240234 0.00651741027832031 -0.43792724609375 0.519012451171875
-0.00277328491210937 0.0117549896240234 0.037322998046875 0.479034423828125
0.00564384460449219 0.0266799926757812 0.2904052734375 0.103759765625
0.01220703125 0.0081014633178711 0.275604248046875 -0.1881103515625
0.0103321075439453 -0.0119504928588867 -0.213958740234375 0.1885986328125
0.0235137939453125 0.0155620574951172 -0.268997192382813 -0.0963287353515625
-6.38961791992201E-05 0.012965202331543 -0.092071533203125 -0.448089599609375
-0.00367355346679687 0.0201644897460938 0.365509033203125 -0.516021728515625
-0.0326652526855469 0.00133514404296876 0.76904296875 0.0538330078125
-0.032440185546875 -0.0430107116699219 0.51947021484375 0.7335205078125
0.0354804992675781 -0.0208168029785156 -0.05133056640625 0.62408447265625
0.0466880798339844 -0.00258636474609375 0.00714111328125001 0.0839462280273437
0.0271015167236328 -0.0193042755126953 0.17352294921875 -0.56463623046875
0.0068359375 -0.0438804626464844 -0.396728515625 -0.81060791015625
-0.0157318115234375 -0.0250835418701172 -0.83160400390625 -0.10345458984375
-0.0180778503417969 0.00403976440429688 -0.43170166015625 0.52337646484375
-0.00271224975585938 0.00884056091308594 0.040740966796875 0.479766845703125
0.00388908386230469 0.0228328704833984 0.29364013671875 0.101287841796875
0.011754035949707 0.00634384155273437 0.280349731445313 -0.186752319335938
0.00963020324707031 -0.0138025283813477 -0.208938598632813 0.189224243164063
0.0203132629394531 0.00904655456542969 -0.265380859375 -0.099578857421875
-0.00110244750976562 0.00705146789550781 -0.088897705078125 -0.4478759765625
0.00216293334960937 0.0157861709594727 0.371246337890625 -0.512603759765625
-0.0240230560302734 0.00229263305664063 0.7681884765625 0.06463623046875
-0.0274772644042969 -0.0369148254394531 0.51171875 0.7447509765625
0.0320644378662109 -0.0130558013916016 -0.0572509765625 0.62799072265625
0.0375099182128906 0.0032958984375 0.00571441650390625 0.085968017578125
0.0223922729492188 -0.0119476318359375 0.16656494140625 -0.5625
0.010040283203125 -0.0374755859375 -0.4061279296875 -0.8070068359375
-0.00606155395507812 -0.0232791900634766 -0.83294677734375 -0.0933837890625
-0.0111274719238281 0.000498771667480467 -0.427154541015625 0.527801513671875
-0.00271224975585938 0.0030062198638916 0.0457763671875 0.47845458984375
0.000967979431152343 0.014984130859375 0.296051025390625 0.098602294921875
0.0117006301879883 0.00380229949951172 0.2833251953125 -0.185791015625
0.00892257690429687 -0.0145626068115234 -0.206863403320312 0.190170288085938
0.0159177780151367 0.00124359130859375 -0.263702392578125 -0.1015625
-0.00276947021484375 0.000212430953979492 -0.0843505859375 -0.450042724609375
0.00893402099609375 0.0121440887451172 0.37310791015625 -0.5107421875
-0.0145330429077148 0.00456809997558594 0.76788330078125 0.07269287109375
-0.0240421295166016 -0.0296516418457031 0.50384521484375 0.75164794921875
0.0268325805664063 -0.00421333312988281 -0.0609741210937501 0.63037109375
0.0270347595214844 0.00930023193359375 0.00721740722656251 0.0861282348632813
0.0171728134155273 -0.00439643859863281 0.16259765625 -0.56304931640625
0.0135555267333984 -0.0301742553710938 -0.4141845703125 -0.7982177734375
0.00432205200195313 -0.0213260650634766 -0.83319091796875 -0.0826416015624999
-0.00461244583129883 -0.00363349914550781 -0.423431396484375 0.53082275390625
-0.00316786766052246 -0.00372004508972168 0.048980712890625 0.47650146484375
-0.00186920166015625 0.00693607330322266 0.29888916015625 0.0963134765625
0.0118846893310547 0.00186634063720703 0.28570556640625 -0.1856689453125
0.00821876525878906 -0.0160465240478516 -0.2056884765625 0.188583374023437
0.0121898651123047 -0.00592041015625 -0.262054443359375 -0.1041259765625
-0.00357866287231445 -0.0080876350402832 -0.08050537109375 -0.45428466796875
0.0153417587280273 0.00803184509277344 0.37603759765625 -0.50823974609375
-0.00635623931884766 0.00605297088623047 0.766845703125 0.08172607421875
-0.0206947326660156 -0.022705078125 0.4957275390625 0.7581787109375
0.0217514038085938 0.00352096557617187 -0.0629272460937499 0.62939453125
0.0180625915527344 0.0148468017578125 0.0118637084960938 0.0828018188476563
0.011479377746582 0.0038299560546875 0.15936279296875 -0.56475830078125
0.0160045623779297 -0.0227813720703125 -0.42431640625 -0.792724609375
0.01409912109375 -0.0192642211914063 -0.83349609375 -0.072509765625
0.00166845321655273 -0.00826025009155274 -0.418182373046875 0.53472900390625
-0.00275707244873047 -0.0111484527587891 0.05462646484375 0.472137451171875
-0.00573825836181641 -0.0016322135925293 0.30072021484375 0.09234619140625
0.0106821060180664 -0.000454902648925781 0.284820556640625 -0.18731689453125
0.00786304473876953 -0.016688346862793 -0.20965576171875 0.188323974609375
0.00879859924316406 -0.012725830078125 -0.262802124023438 -0.106765747070313
-0.00432777404785156 -0.0148048400878906 -0.0788574218750001 -0.459014892578125
0.0207538604736328 0.00367355346679688 0.380615234375 -0.5074462890625
0.000292301177978515 0.00807905197143555 0.76348876953125 0.0899658203125
-0.0185356140136719 -0.015716552734375 0.4866943359375 0.7642822265625
0.0179538726806641 0.0102081298828125 -0.06396484375 0.62322998046875
0.0111675262451172 0.0201129913330078 0.0178070068359375 0.076629638671875
0.00760746002197266 0.0107574462890625 0.15826416015625 -0.57135009765625
0.0173368453979492 -0.0169544219970703 -0.4305419921875 -0.78680419921875
0.0210247039794922 -0.0172958374023438 -0.83587646484375 -0.0629882812500001
0.00543975830078125 -0.0128374099731445 -0.41192626953125 0.533172607421875
-0.00348854064941406 -0.01873779296875 0.0565185546875 0.467376708984375
-0.00855302810668945 -0.00841569900512695 0.300872802734375 0.0892333984375
0.0103883743286133 -0.00144386291503906 0.282470703125 -0.189361572265625
0.0112504959106445 -0.0103349685668945 -0.235137939453125 0.184829711914062
0.027679443359375 0.0192584991455078 -0.282562255859375 -0.096771240234375
0.000619888305664063 0.0158185958862305 -0.09759521484375 -0.46063232421875
-0.0130405426025391 0.0200252532958984 0.366241455078125 -0.529388427734375
-0.0467491149902344 -0.000572204589843751 0.7735595703125 0.04736328125
-0.0401992797851563 -0.0483741760253906 0.518798828125 0.72119140625
0.0424652099609375 -0.0329704284667969 -0.04541015625 0.60064697265625
0.0633926391601563 -0.0123138427734375 0.0260162353515625 0.0631370544433594
0.0327091217041016 -0.0295886993408203 0.1837158203125 -0.5872802734375
-0.00166702270507812 -0.050506591796875 -0.40032958984375 -0.821044921875
-0.0303707122802734 -0.0262374877929688 -0.835693359375 -0.10162353515625
-0.0266819000244141 0.00526237487792968 -0.432464599609375 0.52447509765625
-0.0030059814453125 0.0104808807373047 0.0430908203125 0.473968505859375
0.00705146789550781 0.0269012451171875 0.289794921875 0.1014404296875
0.0131912231445313 0.00851631164550781 0.267562866210938 -0.194168090820313
0.0113058090209961 -0.010955810546875 -0.228713989257813 0.185928344726563
0.0282363891601563 0.0212478637695313 -0.280105590820313 -0.0938873291015625
0.00137233734130859 0.0174360275268555 -0.098846435546875 -0.453857421875
-0.0113544464111328 0.0220394134521484 0.36053466796875 -0.52667236328125
-0.0462760925292969 -0.00013351440429688 0.7733154296875 0.04119873046875
-0.0386543273925781 -0.0497856140136719 0.52587890625 0.71929931640625
0.0417976379394531 -0.0323944091796875 -0.044189453125 0.61004638671875
0.061065673828125 -0.0117721557617188 0.0169448852539063 0.0733489990234375
0.0334262847900391 -0.0291786193847656 0.1846923828125 -0.5767822265625
0.000438690185546875 -0.0515213012695313 -0.38897705078125 -0.8251953125
-0.0295753479003906 -0.0271244049072266 -0.8343505859375 -0.11163330078125
-0.0278301239013672 0.00642204284667968 -0.4388427734375 0.520965576171875
-0.00332450866699219 0.0131664276123047 0.03765869140625 0.47796630859375
0.00681304931640625 0.0286693572998047 0.290069580078125 0.103515625
0.0131044387817383 0.00911998748779297 0.273086547851563 -0.192626953125
0.0110626220703125 -0.0112524032592773 -0.22064208984375 0.187881469726563
0.0272884368896484 0.0199871063232422 -0.27606201171875 -0.09429931640625
0.000816345214843748 0.0168552398681641 -0.098846435546875 -0.4508056640625
-0.00872421264648437 0.0214920043945313 0.360107421875 -0.52642822265625
-0.0409889221191406 0.000640869140625008 0.77325439453125 0.041015625
-0.0360794067382812 -0.0473518371582031 0.52777099609375 0.724853515625
0.0400047302246094 -0.0275688171386719 -0.0471801757812499 0.62066650390625
0.0554618835449219 -0.0072479248046875 0.0104446411132813 0.0811996459960938
0.0322914123535156 -0.0252590179443359 0.18096923828125 -0.57000732421875
0.00356292724609375 -0.048095703125 -0.39129638671875 -0.822998046875
-0.0243911743164063 -0.0266208648681641 -0.8359375 -0.11334228515625
-0.0243988037109375 0.00558090209960937 -0.43939208984375 0.5235595703125
-0.00315570831298828 0.0121173858642578 0.037567138671875 0.4814453125
0.00625801086425781 0.0271797180175781 0.292327880859375 0.103973388671875
0.0126476287841797 0.00821685791015625 0.27734375 -0.189468383789063
0.0103292465209961 -0.0128393173217773 -0.214248657226563 0.188934326171875
0.0243740081787109 0.0160751342773438 -0.272048950195313 -0.096649169921875
-4.29153442382815E-05 0.0133190155029297 -0.093994140625 -0.450225830078125
-0.00455474853515625 0.0192203521728516 0.36688232421875 -0.519775390625
-0.0342197418212891 0.000967025756835939 0.77508544921875 0.05279541015625
-0.0317001342773438 -0.0426483154296875 0.521240234375 0.73736572265625
0.03656005859375 -0.0204963684082031 -0.05133056640625 0.62689208984375
0.0474052429199219 -0.00225448608398438 0.00724029541015625 0.0842666625976563
0.0273590087890625 -0.0185260772705078 0.17291259765625 -0.56646728515625
0.00656890869140625 -0.0436553955078125 -0.3984375 -0.815185546875
-0.0161590576171875 -0.0255393981933594 -0.8370361328125 -0.10205078125
-0.0184478759765625 0.00422859191894531 -0.43365478515625 0.528106689453125
-0.00343513488769531 0.00937175750732422 0.041473388671875 0.481842041015625
0.00462913513183594 0.0227165222167969 0.296173095703125 0.1015625
0.0130910873413086 0.00524139404296875 0.28155517578125 -0.1883544921875
0.00992012023925781 -0.0141754150390625 -0.208953857421875 0.1900634765625
0.0209884643554688 0.00893402099609375 -0.2684326171875 -0.0987091064453125
-0.00203657150268555 0.00798416137695313 -0.090423583984375 -0.451568603515625
0.00210094451904297 0.0165042877197266 0.372039794921875 -0.515899658203125
-0.0238075256347656 0.00222206115722657 0.772705078125 0.06390380859375
-0.0277938842773438 -0.0370674133300781 0.51544189453125 0.74639892578125
0.0323200225830078 -0.0134754180908203 -0.0562744140625 0.63128662109375
0.0378913879394531 0.00382614135742188 0.00541687011718749 0.08599853515625
0.0227184295654297 -0.0112113952636719 0.167724609375 -0.56451416015625
0.0101547241210937 -0.0376396179199219 -0.40887451171875 -0.80999755859375
-0.00625038146972656 -0.0232830047607422 -0.83709716796875 -0.0927734374999999
-0.0118398666381836 0.000870704650878909 -0.430267333984375 0.532318115234375
-0.00238251686096191 0.00368046760559082 0.045867919921875 0.48223876953125
0.00143051147460937 0.0151796340942383 0.2978515625 0.0987548828125
0.0128917694091797 0.00344085693359375 0.284423828125 -0.187286376953125
0.0094442367553711 -0.0155525207519531 -0.20745849609375 0.190017700195313
0.0165128707885742 0.00163745880126953 -0.266036987304688 -0.100967407226563
-0.00300741195678711 0.000245332717895508 -0.085845947265625 -0.453094482421875
0.00869178771972656 0.012272834777832 0.37542724609375 -0.514068603515625
-0.0144166946411133 0.00413703918457031 0.773193359375 0.0718994140625
-0.0237007141113281 -0.0293960571289062 0.50732421875 0.75390625
0.0274333953857422 -0.00504684448242188 -0.0615844726562501 0.632568359375
0.0269355773925781 0.00914192199707031 0.00726318359375 0.08612060546875
0.0177593231201172 -0.00478172302246094 0.16290283203125 -0.56671142578125
0.0135822296142578 -0.0299930572509766 -0.4171142578125 -0.801025390625
0.00403213500976563 -0.0207538604736328 -0.83868408203125 -0.0828857421875
-0.00435924530029297 -0.00358128547668457 -0.42608642578125 0.536224365234375
-0.00240612030029297 -0.00410985946655273 0.049713134765625 0.48028564453125
-0.00168180465698242 0.00747299194335938 0.300994873046875 0.0968017578125
0.0124597549438477 0.00122642517089844 0.286529541015625 -0.187347412109375
0.00915336608886719 -0.0164194107055664 -0.207351684570313 0.189682006835938
0.0133132934570312 -0.00673103332519531 -0.264389038085938 -0.104019165039063
-0.00394582748413086 -0.00705623626708984 -0.0830078125 -0.455169677734375
0.0152606964111328 0.00764751434326172 0.378143310546875 -0.511077880859375
-0.00628757476806641 0.00641059875488281 0.76873779296875 0.0819091796875
-0.0209579467773437 -0.0222072601318359 0.499755859375 0.7596435546875
0.0225429534912109 0.00289726257324219 -0.0625 0.630859375
0.018585205078125 0.0152969360351562 0.0107803344726562 0.08294677734375
0.0119972229003906 0.00408077239990234 0.1590576171875 -0.56829833984375
0.0160312652587891 -0.0226573944091797 -0.42724609375 -0.79595947265625
0.0138378143310547 -0.0194568634033203 -0.840087890625 -0.0717773437499999
0.00117731094360351 -0.00840234756469727 -0.420257568359375 0.537994384765625
-0.00300884246826172 -0.0118341445922852 0.05615234375 0.4755859375
-0.005218505859375 -0.000867366790771485 0.30181884765625 0.09210205078125
0.011631965637207 -0.000458717346191406 0.2862548828125 -0.1890869140625
0.00925731658935547 -0.0172872543334961 -0.2099609375 0.189254760742188
0.0101852416992188 -0.0129585266113281 -0.2645263671875 -0.106613159179688
-0.00394344329833984 -0.0134649276733398 -0.080352783203125 -0.46136474609375
0.0204944610595703 0.00353813171386719 0.381805419921875 -0.51025390625
-0.000956058502197266 0.00814533233642578 0.77001953125 0.09130859375
-0.0187511444091797 -0.015625 0.49163818359375 0.7664794921875
0.0183792114257813 0.0100555419921875 -0.064697265625 0.6260986328125
0.0109653472900391 0.0205211639404297 0.016998291015625 0.076873779296875
0.00719356536865234 0.0110597610473633 0.15869140625 -0.57293701171875
0.0169296264648438 -0.017420768737793 -0.4342041015625 -0.79132080078125
0.0205268859863281 -0.0178165435791016 -0.8394775390625 -0.0617675781249999
0.00526237487792969 -0.0131702423095703 -0.41607666015625 0.5394287109375
-0.00305938720703125 -0.0184955596923828 0.05859375 0.46966552734375
-0.0078730583190918 -0.00824928283691406 0.3028564453125 0.089752197265625
0.0106906890869141 -0.00220966339111328 0.2828369140625 -0.191436767578125
0.0122184753417969 -0.011469841003418 -0.236358642578125 0.1865234375
0.0285072326660156 0.0205821990966797 -0.284820556640625 -0.096099853515625
0.000828742980957031 0.0164899826049805 -0.0997314453125 -0.46392822265625
-0.0129642486572266 0.0201702117919922 0.3663330078125 -0.532806396484375
-0.0478630065917969 -0.00102615356445313 0.77825927734375 0.04693603515625
-0.0405235290527344 -0.0497207641601563 0.5255126953125 0.72509765625
0.04376220703125 -0.0339279174804688 -0.0446777343750001 0.60296630859375
0.0636749267578125 -0.0123825073242188 0.0257949829101563 0.0627021789550781
0.0328578948974609 -0.0295352935791016 0.1837158203125 -0.58941650390625
-0.00240325927734375 -0.0503311157226562 -0.40460205078125 -0.82373046875
-0.0309410095214844 -0.0264167785644531 -0.84124755859375 -0.0994873046875
-0.0268993377685547 0.00560569763183593 -0.434295654296875 0.528594970703125
-0.00370883941650391 0.00981903076171875 0.04327392578125 0.477142333984375
0.00711631774902344 0.0276870727539063 0.29180908203125 0.10101318359375
0.0134134292602539 0.00836181640625 0.269119262695313 -0.197784423828125
0.0122737884521484 -0.0121889114379883 -0.229110717773437 0.188522338867187
0.0293083190917969 0.0210437774658203 -0.282440185546875 -0.0939636230468749
0.00181007385253906 0.0184288024902344 -0.101715087890625 -0.456695556640625
-0.0120506286621094 0.0224628448486328 0.36248779296875 -0.53106689453125
-0.0456504821777344 0.000125885009765631 0.7767333984375 0.03753662109375
-0.0388107299804688 -0.0497665405273437 0.5328369140625 0.7227783203125
0.0431785583496094 -0.0331840515136719 -0.0443115234375 0.61285400390625
0.0621910095214844 -0.0113677978515625 0.0169143676757813 0.0741348266601563
0.0342979431152344 -0.0284843444824219 0.18450927734375 -0.580810546875
-0.000270843505859377 -0.0512161254882813 -0.3936767578125 -0.82708740234375
-0.0302047729492188 -0.0281143188476562 -0.84039306640625 -0.11090087890625
-0.0272445678710938 0.00589179992675782 -0.4412841796875 0.526611328125
-0.00328922271728516 0.0125579833984375 0.038848876953125 0.482086181640625
0.00796890258789063 0.0285720825195313 0.291961669921875 0.1041259765625
0.013300895690918 0.00848960876464844 0.273406982421875 -0.19439697265625
0.011845588684082 -0.0120458602905273 -0.221084594726562 0.189727783203125
0.0281085968017578 0.0198192596435547 -0.27947998046875 -0.093841552734375
0.00077056884765625 0.0179653167724609 -0.10186767578125 -0.453582763671875
-0.00939369201660156 0.0215587615966797 0.36102294921875 -0.52801513671875
-0.04144287109375 0.000717163085937498 0.77899169921875 0.03985595703125
-0.0355072021484375 -0.0469627380371094 0.53277587890625 0.728759765625
0.0403900146484375 -0.0286216735839844 -0.0459594726562501 0.62298583984375
0.0564651489257813 -0.00840377807617188 0.0111618041992188 0.0815658569335938
0.0325069427490234 -0.0244388580322266 0.17999267578125 -0.5731201171875
0.00296401977539062 -0.0482673645019531 -0.39361572265625 -0.82769775390625
-0.0240936279296875 -0.0266819000244141 -0.8414306640625 -0.111083984375
-0.025054931640625 0.006103515625 -0.441375732421875 0.529296875
-0.00365257263183594 0.0129175186157227 0.038238525390625 0.485260009765625
0.00662040710449219 0.027435302734375 0.294036865234375 0.103485107421875
0.0136356353759766 0.00743961334228516 0.2784423828125 -0.191726684570313
0.0109100341796875 -0.0138444900512695 -0.214630126953125 0.191009521484375
0.0260448455810547 0.0151729583740234 -0.274185180664063 -0.0963134765625
-5.53131103515614E-05 0.0140247344970703 -0.09637451171875 -0.451904296875
-0.00427055358886719 0.0205211639404297 0.368804931640625 -0.524444580078125
-0.0333595275878906 0.00100326538085937 0.77716064453125 0.05047607421875
-0.031524658203125 -0.0428199768066406 0.52685546875 0.7398681640625
0.0372390747070313 -0.0220069885253906 -0.051025390625 0.6307373046875
0.0480308532714844 -0.00226974487304688 0.00701904296875001 0.0851516723632813
0.0281295776367188 -0.0188655853271484 0.17352294921875 -0.5701904296875
0.00578689575195312 -0.0435791015625 -0.4027099609375 -0.81768798828125
-0.0167350769042969 -0.0260944366455078 -0.842529296875 -0.10101318359375
-0.0187911987304688 0.00428962707519532 -0.435546875 0.533477783203125
-0.00284385681152344 0.00933265686035156 0.0444946289062501 0.485565185546875
0.00458145141601563 0.0231208801269531 0.297698974609375 0.101287841796875
0.0130853652954102 0.00499629974365234 0.28277587890625 -0.190948486328125
0.0102462768554688 -0.0155277252197266 -0.20977783203125 0.1905517578125
0.022186279296875 0.00905799865722656 -0.2716064453125 -0.0990447998046875
-0.00178241729736328 0.0079503059387207 -0.091644287109375 -0.45257568359375
0.00128746032714844 0.0165891647338867 0.37298583984375 -0.5201416015625
-0.0248451232910156 0.00242042541503907 0.77813720703125 0.06072998046875
-0.0271377563476562 -0.0367012023925781 0.52069091796875 0.74957275390625
0.0333652496337891 -0.0145797729492187 -0.0577392578125 0.6343994140625
0.0381011962890625 0.00357437133789063 0.00510406494140625 0.0870895385742188
0.0230236053466797 -0.0111045837402344 0.167724609375 -0.5679931640625
0.0091705322265625 -0.03668212890625 -0.41339111328125 -0.81158447265625
-0.00633049011230469 -0.0234909057617188 -0.841796875 -0.0917968749999999
-0.012298583984375 0.00136280059814453 -0.431304931640625 0.537139892578125
-0.00269317626953125 0.0036318302154541 0.0478515625 0.486053466796875
0.00216579437255859 0.0155849456787109 0.29937744140625 0.097442626953125
0.0132226943969727 0.00341987609863281 0.286285400390625 -0.1890869140625
0.0101432800292969 -0.0161094665527344 -0.207168579101563 0.191162109375
0.017578125 0.000932693481445312 -0.268661499023438 -0.10076904296875
-0.00298428535461426 0.00103759765625 -0.08941650390625 -0.45635986328125
0.00843429565429688 0.0121746063232422 0.375579833984375 -0.51739501953125
-0.0150079727172852 0.00409698486328125 0.7772216796875 0.0703125
-0.0233669281005859 -0.0299568176269531 0.5113525390625 0.75732421875
0.0275993347167969 -0.00559616088867188 -0.06024169921875 0.635498046875
0.0281772613525391 0.00928878784179688 0.00691986083984374 0.08673095703125
0.0173768997192383 -0.00368595123291016 0.162353515625 -0.56890869140625
0.0122642517089844 -0.0297393798828125 -0.42169189453125 -0.80419921875
0.00412178039550781 -0.0216941833496094 -0.8441162109375 -0.0803833007812501
-0.0054011344909668 -0.00325202941894531 -0.42706298828125 0.54107666015625
-0.00245356559753418 -0.00367069244384766 0.05181884765625 0.4837646484375
-0.00166034698486328 0.00748300552368164 0.3023681640625 0.09564208984375
0.0126686096191406 0.00123500823974609 0.288360595703125 -0.189605712890625
0.00998497009277344 -0.017399787902832 -0.207183837890625 0.190643310546875
0.0137414932250977 -0.00661182403564453 -0.2669677734375 -0.103851318359375
-0.00416707992553711 -0.00657987594604492 -0.08526611328125 -0.4578857421875
0.0141029357910156 0.0076904296875 0.37786865234375 -0.515289306640625
-0.00674104690551758 0.00606727600097656 0.77618408203125 0.08001708984375
-0.0204830169677734 -0.0219230651855469 0.50457763671875 0.7640380859375
0.0231094360351562 0.00301170349121094 -0.06219482421875 0.6334228515625
0.0193939208984375 0.0155773162841797 0.0110931396484375 0.0836868286132812
0.0120439529418945 0.00424003601074219 0.158447265625 -0.572509765625
0.0148048400878906 -0.0222854614257813 -0.43084716796875 -0.798828125
0.0128803253173828 -0.0195255279541016 -0.84515380859375 -0.07000732421875
0.00131320953369141 -0.00832843780517578 -0.421844482421875 0.544036865234375
-0.00311470031738281 -0.0114002227783203 0.057159423828125 0.47900390625
-0.00510358810424805 -0.00102758407592773 0.304107666015625 0.092041015625
0.0121545791625977 -0.000880241394042969 0.287200927734375 -0.1912841796875
0.00998687744140625 -0.017730712890625 -0.210968017578125 0.1898193359375
0.0107440948486328 -0.0132122039794922 -0.267410278320313 -0.106430053710938
-0.00422477722167969 -0.0130214691162109 -0.08270263671875 -0.4638671875
0.01922607421875 0.00362586975097656 0.38311767578125 -0.51409912109375
-7.91549682617196E-05 0.00878715515136719 0.77374267578125 0.08648681640625
-0.0186882019042969 -0.0147972106933594 0.49688720703125 0.767333984375
0.0188961029052734 0.00903701782226563 -0.0640869140625 0.62847900390625
0.0114898681640625 0.0202713012695313 0.017303466796875 0.077484130859375
0.00791358947753906 0.0115680694580078 0.158447265625 -0.57757568359375
0.0171318054199219 -0.0165090560913086 -0.43939208984375 -0.79266357421875
0.0208377838134766 -0.0177783966064453 -0.8450927734375 -0.0587768554687501
0.00524330139160156 -0.0124235153198242 -0.4158935546875 0.542724609375
-0.00372123718261719 -0.0185642242431641 0.058929443359375 0.474151611328125
-0.00766801834106445 -0.00813627243041992 0.3045654296875 0.089324951171875
0.0117530822753906 -0.00232601165771484 0.2847900390625 -0.1929931640625
0.0123662948608398 -0.0123739242553711 -0.236846923828125 0.189010620117187
0.030120849609375 0.0201129913330078 -0.28851318359375 -0.096160888671875
0.00147914886474609 0.0166110992431641 -0.1029052734375 -0.464935302734375
-0.0137672424316406 0.0207309722900391 0.36614990234375 -0.537109375
-0.0481376647949219 0.000125885009765625 0.78399658203125 0.0428466796875
-0.0399551391601563 -0.0491142272949219 0.53216552734375 0.72674560546875
0.0441322326660156 -0.0347137451171875 -0.0444335937499999 0.6065673828125
0.064666748046875 -0.0135688781738281 0.0263442993164063 0.0635795593261719
0.0340595245361328 -0.0297374725341797 0.1834716796875 -0.594482421875
-0.00334930419921875 -0.0505104064941406 -0.41021728515625 -0.8282470703125
-0.0313167572021484 -0.0267505645751953 -0.8489990234375 -0.0969238281250001
-0.0285778045654297 0.00568199157714844 -0.436248779296875 0.534942626953125
-0.00303936004638672 0.0106573104858398 0.04632568359375 0.48193359375
0.00783157348632812 0.0271587371826172 0.294189453125 0.100006103515625
0.0144939422607422 0.00824546813964844 0.27001953125 -0.199478149414063
0.0123939514160156 -0.012415885925293 -0.230072021484375 0.19024658203125
0.0305500030517578 0.021636962890625 -0.285614013671875 -0.0928649902343751
0.00117111206054687 0.0192508697509766 -0.10455322265625 -0.45916748046875
-0.0129013061523438 0.0224552154541016 0.36090087890625 -0.53753662109375
-0.0464286804199219 0.000564575195312495 0.7825927734375 0.03497314453125
-0.0384063720703125 -0.0489463806152344 0.53619384765625 0.72406005859375
0.042816162109375 -0.033935546875 -0.04193115234375 0.6175537109375
0.0633010864257813 -0.011688232421875 0.0171279907226563 0.0746536254882813
0.0346221923828125 -0.0288448333740234 0.1846923828125 -0.58428955078125
-0.000881195068359371 -0.050750732421875 -0.39898681640625 -0.83233642578125
-0.0308456420898438 -0.0277214050292969 -0.8458251953125 -0.1090087890625
-0.0276851654052734 0.00652694702148437 -0.44195556640625 0.532958984375
-0.00368976593017578 0.0133676528930664 0.040771484375 0.485382080078125
0.00793075561523437 0.0291767120361328 0.294342041015625 0.10308837890625
0.0142955780029297 0.00818061828613281 0.275421142578125 -0.197708129882813
0.011713981628418 -0.0129890441894531 -0.221893310546875 0.19140625
0.0297756195068359 0.0198326110839844 -0.2813720703125 -0.092987060546875
0.00171852111816406 0.0183963775634766 -0.1051025390625 -0.45538330078125
-0.0102558135986328 0.0216693878173828 0.36175537109375 -0.535369873046875
-0.0413246154785156 0.000328063964843742 0.78363037109375 0.036376953125
-0.0352783203125 -0.0469398498535156 0.5394287109375 0.72705078125
0.0409736633300781 -0.0295448303222656 -0.0433349609375 0.62664794921875
0.0571098327636719 -0.00775146484375 0.0108108520507813 0.082275390625
0.0323238372802734 -0.0252857208251953 0.17938232421875 -0.57684326171875
0.00228118896484375 -0.0485610961914063 -0.40020751953125 -0.8311767578125
-0.0254478454589844 -0.0272941589355469 -0.8477783203125 -0.107666015625
-0.0251922607421875 0.00664901733398437 -0.4425048828125 0.5355224609375
-0.00390052795410156 0.0127716064453125 0.04083251953125 0.488677978515625
0.00741958618164062 0.0280075073242188 0.2957763671875 0.102264404296875
0.0140476226806641 0.00762176513671875 0.279541015625 -0.1939697265625
0.011265754699707 -0.0146093368530273 -0.215255737304688 0.19207763671875
0.027130126953125 0.0152359008789063 -0.277801513671875 -0.0953674316406249
0.000136375427246095 0.0149440765380859 -0.0997314453125 -0.454498291015625
-0.00525665283203125 0.0204429626464844 0.36822509765625 -0.529327392578125
-0.0343418121337891 0.0015106201171875 0.7838134765625 0.0482177734375
-0.0315284729003906 -0.0431175231933594 0.534423828125 0.74078369140625
0.0377616882324219 -0.0226173400878906 -0.0496826171875 0.63214111328125
0.0482826232910156 -0.0023345947265625 0.0066680908203125 0.0857620239257813
0.0282707214355469 -0.0188407897949219 0.1722412109375 -0.57342529296875
0.006011962890625 -0.0432815551757812 -0.4097900390625 -0.82037353515625
-0.0170459747314453 -0.02587890625 -0.8482666015625 -0.0975952148437499
-0.0198764801025391 0.00421524047851563 -0.436737060546875 0.540985107421875
-0.0034027099609375 0.00941276550292969 0.04571533203125 0.489654541015625
0.00539970397949219 0.0229625701904297 0.29888916015625 0.1002197265625
0.0136032104492188 0.00553512573242188 0.283782958984375 -0.1932373046875
0.0104808807373047 -0.0156316757202148 -0.210525512695312 0.192153930664062
0.0233249664306641 0.00894737243652344 -0.274124145507813 -0.0981750488281251
-0.000831604003906249 0.0092315673828125 -0.0948486328125 -0.4566650390625
0.000835418701171876 0.0165557861328125 0.3731689453125 -0.5244140625
-0.0248565673828125 0.00258255004882813 0.7830810546875 0.05828857421875
-0.0276107788085938 -0.0367012023925781 0.527099609375 0.75445556640625
0.0333805084228516 -0.0153217315673828 -0.0560302734374999 0.638671875
0.0391960144042969 0.00376510620117188 0.00545501708984374 0.0875167846679688
0.0234260559082031 -0.0112934112548828 0.16693115234375 -0.57177734375
0.008941650390625 -0.036956787109375 -0.41717529296875 -0.81591796875
-0.00707817077636719 -0.0237159729003906 -0.849365234375 -0.0892944335937502
-0.0124721527099609 0.00155067443847656 -0.43328857421875 0.5435791015625
-0.00298070907592773 0.00393509864807129 0.048675537109375 0.489105224609375
0.00219058990478515 0.015660285949707 0.30224609375 0.097564697265625
0.0136194229125977 0.00233173370361328 0.28668212890625 -0.19232177734375
0.0105733871459961 -0.0167093276977539 -0.207656860351563 0.1925048828125
0.0183582305908203 0.00145912170410156 -0.271896362304688 -0.100830078125
-0.00289726257324219 0.00184130668640137 -0.092041015625 -0.457550048828125
0.00709247589111328 0.0126638412475586 0.3760986328125 -0.520660400390625
-0.0152988433837891 0.00423049926757812 0.7833251953125 0.0672607421875
-0.0232524871826172 -0.0293350219726562 0.51910400390625 0.76080322265625
0.0283527374267578 -0.00649452209472656 -0.0594482421875001 0.63909912109375
0.0284996032714844 0.00916862487792969 0.00717926025390626 0.0875167846679687
0.0173187255859375 -0.00340461730957031 0.16143798828125 -0.572998046875
0.0124340057373047 -0.0297317504882812 -0.42803955078125 -0.8079833984375
0.00374794006347656 -0.0219459533691406 -0.84991455078125 -0.0781249999999999
-0.00554656982421875 -0.00329303741455078 -0.42535400390625 0.547607421875
-0.00293850898742676 -0.00411772727966309 0.05487060546875 0.488128662109375
-0.00102806091308594 0.00767230987548828 0.3043212890625 0.09454345703125
0.0134134292602539 0.000264167785644531 0.2886962890625 -0.191925048828125
0.00993156433105469 -0.0179309844970703 -0.208724975585938 0.192413330078125
0.0147056579589844 -0.00693988800048828 -0.270416259765625 -0.103057861328125
-0.0041656494140625 -0.00606012344360352 -0.089202880859375 -0.460601806640625
0.0141763687133789 0.00798892974853516 0.379486083984375 -0.519805908203125
-0.00708913803100586 0.0067439079284668 0.7799072265625 0.076904296875
-0.0202350616455078 -0.0217475891113281 0.5106201171875 0.76629638671875
0.0240192413330078 0.00137901306152344 -0.0606689453125001 0.63787841796875
0.0190505981445312 0.0151996612548828 0.0113372802734375 0.0843505859375
0.0124149322509766 0.00477027893066406 0.15814208984375 -0.57470703125
0.0153713226318359 -0.0223789215087891 -0.4361572265625 -0.80145263671875
0.01287841796875 -0.0206146240234375 -0.8504638671875 -0.0665283203125
0.000667572021484375 -0.00834369659423828 -0.4219970703125 0.549591064453125
-0.00354957580566406 -0.0105142593383789 0.05859375 0.48248291015625
-0.00455427169799805 -0.000751972198486327 0.30572509765625 0.091033935546875
0.0128870010375977 -0.00120639801025391 0.28875732421875 -0.194183349609375
0.0102443695068359 -0.0186729431152344 -0.211517333984375 0.192092895507813
0.0116472244262695 -0.0132179260253906 -0.270538330078125 -0.105865478515625
-0.00420761108398437 -0.0125513076782227 -0.0858154296875 -0.466217041015625
0.0193824768066406 0.00351524353027344 0.382843017578125 -0.518646240234375
0.000588893890380859 0.0087733268737793 0.77911376953125 0.08514404296875
-0.0182647705078125 -0.0148506164550781 0.50335693359375 0.77130126953125
0.0196151733398437 0.00834846496582031 -0.0625 0.631103515625
0.0121307373046875 0.0202846527099609 0.0170059204101562 0.0783920288085938
0.00833892822265625 0.0113182067871094 0.15771484375 -0.5797119140625
0.0164518356323242 -0.016444206237793 -0.44439697265625 -0.79608154296875
0.0205459594726563 -0.0182228088378906 -0.8526611328125 -0.0568847656249999
0.00517845153808594 -0.012578010559082 -0.41717529296875 0.55047607421875
-0.00379371643066406 -0.0176353454589844 0.061737060546875 0.477264404296875
-0.00755405426025391 -0.0080108642578125 0.306793212890625 0.0880126953125
0.012324333190918 -0.00220394134521484 0.2850341796875 -0.1954345703125
0.0127449035644531 -0.012385368347168 -0.237136840820313 0.190887451171875
0.0308952331542969 0.0188446044921875 -0.291168212890625 -0.09442138671875
0.000928878784179688 0.0174350738525391 -0.1060791015625 -0.467742919921875
-0.0148372650146484 0.0212078094482422 0.36553955078125 -0.54302978515625
-0.0483551025390625 0.000598907470703115 0.79052734375 0.037353515625
-0.0398292541503906 -0.0494613647460937 0.5389404296875 0.7264404296875
0.0444564819335938 -0.0359840393066406 -0.04119873046875 0.60992431640625
0.0652427673339844 -0.013458251953125 0.0261154174804688 0.0648040771484375
0.0338935852050781 -0.0296726226806641 0.180419921875 -0.59820556640625
-0.00400161743164063 -0.0503120422363281 -0.416015625 -0.8314208984375
-0.0319404602050781 -0.0265083312988281 -0.85345458984375 -0.0910644531250001
-0.0281410217285156 0.006103515625 -0.43597412109375 0.542816162109375
-0.00343704223632812 0.0110435485839844 0.049774169921875 0.48486328125
0.00860023498535156 0.0277652740478516 0.296142578125 0.0989990234375
0.0145797729492188 0.00789833068847656 0.27001953125 -0.203369140625
0.0129556655883789 -0.0132427215576172 -0.230377197265625 0.192001342773438
0.0310840606689453 0.0205898284912109 -0.289398193359375 -0.090911865234375
0.00214004516601563 0.0196437835693359 -0.11004638671875 -0.4605712890625
-0.0137653350830078 0.02288818359375 0.361663818359375 -0.541595458984375
-0.0473175048828125 0.000366210937499991 0.7884521484375 0.02935791015625
-0.0382843017578125 -0.0486183166503906 0.54522705078125 0.72406005859375
0.0437889099121094 -0.0352821350097656 -0.0403442382812499 0.6204833984375
0.0635528564453125 -0.0122909545898438 0.0168380737304688 0.0755767822265625
0.0354232788085938 -0.0289726257324219 0.1815185546875 -0.58807373046875
-0.00144577026367188 -0.0503959655761719 -0.40692138671875 -0.83502197265625
-0.0307483673095703 -0.0274944305419922 -0.85430908203125 -0.10443115234375
-0.0282478332519531 0.00756835937499999 -0.4432373046875 0.539703369140625
-0.00296497344970703 0.0139484405517578 0.044403076171875 0.490325927734375
0.00841331481933594 0.0297927856445313 0.29705810546875 0.102020263671875
0.0147771835327148 0.00841426849365234 0.275619506835938 -0.200424194335937
0.0121011734008789 -0.0134172439575195 -0.222305297851563 0.193130493164062
0.0307464599609375 0.0198631286621094 -0.28546142578125 -0.09100341796875
0.00113868713378906 0.0187759399414063 -0.108154296875 -0.45770263671875
-0.0105571746826172 0.0226936340332031 0.360809326171875 -0.539520263671875
-0.0423202514648438 0.000896453857421883 0.7882080078125 0.0318603515625
-0.0362434387207031 -0.0470314025878906 0.54656982421875 0.73077392578125
0.0414657592773437 -0.030609130859375 -0.0426025390625 0.63006591796875
0.0575485229492188 -0.00835418701171875 0.00997161865234375 0.082977294921875
0.0326404571533203 -0.0249042510986328 0.17730712890625 -0.580322265625
0.00217819213867188 -0.0479202270507813 -0.40606689453125 -0.8331298828125
-0.02606201171875 -0.0273151397705078 -0.85333251953125 -0.10260009765625
-0.0248317718505859 0.00705909729003906 -0.44317626953125 0.543121337890625
-0.00346946716308594 0.0131807327270508 0.044219970703125 0.4932861328125
0.00774192810058594 0.0277023315429688 0.29852294921875 0.101470947265625
0.0144939422607422 0.00625419616699219 0.27972412109375 -0.197372436523438
0.0111007690429687 -0.0150442123413086 -0.21484375 0.194915771484375
0.0284461975097656 0.0151882171630859 -0.281219482421875 -0.0941162109375
0.000126838684082032 0.0152864456176758 -0.10443115234375 -0.456634521484375
-0.00569534301757812 0.0206184387207031 0.36669921875 -0.53411865234375
-0.0338687896728516 0.00183486938476563 0.78912353515625 0.044677734375
-0.0312004089355469 -0.0431709289550781 0.541259765625 0.74298095703125
0.0388107299804688 -0.0236625671386719 -0.047607421875 0.63641357421875
0.0481910705566406 -0.00288772583007813 0.00676727294921876 0.0859909057617188
0.0290374755859375 -0.0186710357666016 0.170654296875 -0.57745361328125
0.0051727294921875 -0.0437812805175781 -0.41619873046875 -0.8248291015625
-0.0175247192382813 -0.0257205963134766 -0.8546142578125 -0.0916137695312499
-0.0199756622314453 0.00493049621582031 -0.437347412109375 0.5479736328125
-0.00316143035888672 0.0104084014892578 0.04876708984375 0.49365234375
0.00558853149414063 0.0231552124023438 0.301910400390625 0.0985107421875
0.0141305923461914 0.00487232208251953 0.284149169921875 -0.196868896484375
0.0110292434692383 -0.0162630081176758 -0.211029052734375 0.194381713867187
0.0240058898925781 0.00884819030761719 -0.27734375 -0.0973358154296875
-0.00117874145507812 0.00982952117919922 -0.099334716796875 -0.457794189453125
0.000268936157226564 0.0164089202880859 0.372894287109375 -0.529937744140625
-0.0252151489257813 0.00287437438964844 0.78924560546875 0.05322265625
-0.0272407531738281 -0.0367088317871094 0.53314208984375 0.7537841796875
0.0342063903808594 -0.0155124664306641 -0.0516967773437499 0.64202880859375
0.0389595031738281 0.00287246704101563 0.00552368164062501 0.0886001586914063
0.0239067077636719 -0.0116386413574219 0.164794921875 -0.5762939453125
0.00894546508789063 -0.0364036560058594 -0.425537109375 -0.81884765625
-0.00744819641113281 -0.0241069793701172 -0.85626220703125 -0.0841064453125
-0.0133066177368164 0.00122356414794922 -0.432037353515625 0.552337646484375
-0.00287795066833496 0.00335693359375 0.0520935058593751 0.492401123046875
0.00260448455810547 0.016240119934082 0.30401611328125 0.09674072265625
0.014373779296875 0.00265979766845703 0.287109375 -0.196441650390625
0.0106754302978516 -0.0184249877929688 -0.208023071289063 0.195083618164062
0.0198459625244141 0.00124549865722656 -0.275283813476563 -0.0991821289062501
-0.00257611274719238 0.00280642509460449 -0.095733642578125 -0.459716796875
0.00696659088134766 0.0127115249633789 0.37493896484375 -0.527740478515625
-0.0154790878295898 0.00473499298095703 0.788818359375 0.06329345703125
-0.0231609344482422 -0.0294361114501953 0.527099609375 0.76025390625
0.0290088653564453 -0.0076141357421875 -0.05548095703125 0.64324951171875
0.0292129516601563 0.00968742370605469 0.00739288330078125 0.0884017944335937
0.0176887512207031 -0.00364303588867188 0.1588134765625 -0.57635498046875
0.0120601654052734 -0.0293998718261719 -0.435791015625 -0.809814453125
0.00377273559570312 -0.0217018127441406 -0.857177734375 -0.0734863281250001
-0.0059051513671875 -0.00358486175537109 -0.427398681640625 0.5556640625
-0.00324058532714844 -0.00321054458618164 0.0574951171875 0.489715576171875
-0.000998973846435547 0.00800514221191406 0.30682373046875 0.09320068359375
0.0143070220947266 9.63211059570313E-05 0.290679931640625 -0.1959228515625
0.0101737976074219 -0.0192432403564453 -0.208358764648438 0.19464111328125
0.0153675079345703 -0.00755405426025391 -0.273422241210938 -0.102447509765625
-0.00431251525878906 -0.00545787811279297 -0.09283447265625 -0.462738037109375
0.0136795043945313 0.00866317749023438 0.380401611328125 -0.525238037109375
-0.00681829452514648 0.00637197494506836 0.78582763671875 0.07061767578125
-0.0201072692871094 -0.0217761993408203 0.51824951171875 0.76544189453125
0.0243816375732422 0.00051116943359375 -0.05816650390625 0.6422119140625
0.0198097229003906 0.0152626037597656 0.010955810546875 0.084716796875
0.0127153396606445 0.00494575500488281 0.155517578125 -0.5797119140625
0.0149211883544922 -0.0222740173339844 -0.44403076171875 -0.80340576171875
0.0129222869873047 -0.0203571319580078 -0.85858154296875 -0.06317138671875
0.000249862670898438 -0.00810527801513672 -0.421051025390625 0.556732177734375
-0.00348091125488281 -0.0106716156005859 0.06201171875 0.485870361328125
-0.00431418418884277 -0.000729560852050782 0.307891845703125 0.089813232421875
0.0132312774658203 -0.00182342529296875 0.28924560546875 -0.197509765625
0.01025390625 -0.0198478698730469 -0.2109375 0.193206787109375
0.0125312805175781 -0.0135068893432617 -0.273468017578125 -0.105117797851563
-0.00385189056396485 -0.0127773284912109 -0.09075927734375 -0.46832275390625
0.0184803009033203 0.0039825439453125 0.38262939453125 -0.523651123046875
-0.00021219253540039 0.0087742805480957 0.784912109375 0.081298828125
-0.0183162689208984 -0.0152568817138672 0.51202392578125 0.77301025390625
0.0201511383056641 0.0077667236328125 -0.06036376953125 0.6341552734375
0.0118350982666016 0.0204124450683594 0.0173797607421875 0.0787277221679688
0.00879669189453125 0.0118169784545898 0.15399169921875 -0.58551025390625
0.0164070129394531 -0.0157909393310547 -0.452392578125 -0.79803466796875
0.0198650360107422 -0.0186424255371094 -0.85760498046875 -0.05072021484375
0.00521087646484375 -0.012782096862793 -0.416595458984375 0.559326171875
-0.00387001037597656 -0.018218994140625 0.064544677734375 0.480621337890625
-0.00709390640258789 -0.0075531005859375 0.308746337890625 0.0869140625
0.012664794921875 -0.00305652618408203 0.28662109375 -0.19964599609375
0.0121965408325195 -0.014063835144043 -0.237258911132813 0.1934814453125
0.0320987701416016 0.0193138122558594 -0.294342041015625 -0.092193603515625
0.00187301635742187 0.0185890197753906 -0.11065673828125 -0.469635009765625
-0.0152091979980469 0.0215320587158203 0.36456298828125 -0.548492431640625
-0.0499343872070313 0.000694274902343753 0.79412841796875 0.03363037109375
-0.0400466918945312 -0.0490150451660156 0.5462646484375 0.72760009765625
0.0451278686523438 -0.0373420715332031 -0.0379638671875 0.6129150390625
0.0657310485839844 -0.0141716003417969 0.0264968872070313 0.0656089782714844
0.03466796875 -0.0296268463134766 0.17694091796875 -0.60321044921875
-0.00410461425781251 -0.0495071411132813 -0.42486572265625 -0.83294677734375
-0.0332565307617187 -0.0267887115478516 -0.859619140625 -0.08642578125
-0.0292034149169922 0.00644493103027344 -0.435333251953125 0.5494384765625
-0.00326633453369141 0.0113143920898438 0.054168701171875 0.488494873046875
0.00919914245605469 0.0276947021484375 0.298553466796875 0.097412109375
0.0150413513183594 0.00764083862304688 0.269775390625 -0.206436157226563
0.0130653381347656 -0.0141782760620117 -0.229888916015625 0.194610595703125
0.0328197479248047 0.0205421447753906 -0.2923583984375 -0.0903625488281249
0.00249671936035156 0.0200710296630859 -0.113555908203125 -0.462310791015625
-0.0135822296142578 0.0232200622558594 0.359954833984375 -0.548309326171875
-0.0475654602050781 0.000938415527343749 0.79302978515625 0.02508544921875
-0.0390892028808594 -0.0491294860839844 0.55426025390625 0.72491455078125
0.0444145202636719 -0.036376953125 -0.0355224609375 0.62432861328125
0.0651359558105469 -0.012237548828125 0.0172958374023438 0.0757675170898437
0.0346965789794922 -0.0295257568359375 0.17999267578125 -0.5927734375
-0.00214767456054687 -0.0504264831542969 -0.41387939453125 -0.8363037109375
-0.0319881439208984 -0.0277175903320313 -0.85986328125 -0.0986938476562501
-0.0292835235595703 0.00755310058593751 -0.44134521484375 0.54815673828125
-0.00380897521972656 0.0135011672973633 0.047943115234375 0.49151611328125
0.00884056091308594 0.02972412109375 0.2994384765625 0.100189208984375
0.0153369903564453 0.00767230987548828 0.275146484375 -0.204910278320313
0.0128631591796875 -0.0149612426757813 -0.2210693359375 0.195205688476563
0.0320510864257813 0.0189971923828125 -0.2880859375 -0.089874267578125
0.00151824951171875 0.0194969177246094 -0.113525390625 -0.458343505859375
-0.0105381011962891 0.0228023529052734 0.35870361328125 -0.543609619140625
-0.0422134399414063 0.00105667114257813 0.79473876953125 0.02691650390625
-0.0355606079101563 -0.0470352172851563 0.55645751953125 0.73223876953125
0.0425834655761719 -0.0317535400390625 -0.0377197265625 0.63372802734375
0.0589752197265625 -0.00948715209960938 0.0103302001953125 0.083587646484375
0.0332260131835938 -0.0255947113037109 0.17431640625 -0.58636474609375
0.000915527343749996 -0.0476493835449219 -0.41436767578125 -0.8348388671875
-0.0259647369384766 -0.0271415710449219 -0.8592529296875 -0.0984497070312499
-0.0259437561035156 0.00819587707519531 -0.44091796875 0.549591064453125
-0.00332260131835937 0.0133981704711914 0.0469970703125 0.49652099609375
0.00857353210449219 0.0275764465332031 0.300506591796875 0.099456787109375
0.0161857604980469 0.00664901733398438 0.28045654296875 -0.20166015625
0.0121164321899414 -0.0159778594970703 -0.214614868164062 0.197036743164063
0.0297641754150391 0.0150375366210938 -0.283843994140625 -0.092987060546875
0.000192642211914063 0.0163726806640625 -0.108612060546875 -0.458282470703125
-0.00662422180175781 0.0210189819335938 0.366851806640625 -0.539154052734375
-0.0353431701660156 0.001739501953125 0.79351806640625 0.03717041015625
-0.0311775207519531 -0.0424995422363281 0.55133056640625 0.7421875
0.0389404296875 -0.0248374938964844 -0.0441284179687499 0.63970947265625
0.0500411987304688 -0.00301361083984375 0.00728607177734376 0.0869216918945313
0.0284862518310547 -0.0188369750976562 0.16729736328125 -0.582275390625
0.00433731079101562 -0.0423927307128906 -0.42340087890625 -0.82470703125
-0.0181388854980469 -0.0255813598632812 -0.86004638671875 -0.0876464843750001
-0.0209064483642578 0.00585174560546875 -0.4339599609375 0.55682373046875
-0.00359249114990234 0.0101432800292969 0.052978515625 0.49639892578125
0.00638961791992188 0.0234909057617188 0.304107666015625 0.097412109375
0.0155572891235352 0.0045928955078125 0.284149169921875 -0.20001220703125
0.0112762451171875 -0.0176105499267578 -0.210128784179688 0.1968994140625
0.0251255035400391 0.00863456726074219 -0.27984619140625 -0.0953369140625
-0.00150299072265625 0.0104846954345703 -0.103485107421875 -0.4600830078125
-0.000246047973632813 0.0171222686767578 0.36962890625 -0.5360107421875
-0.0253887176513672 0.00289726257324218 0.7938232421875 0.04766845703125
-0.0274238586425781 -0.036590576171875 0.54217529296875 0.75335693359375
0.0345478057861328 -0.0170650482177734 -0.0478515625 0.64349365234375
0.0404891967773437 0.003265380859375 0.00566101074218751 0.0892257690429688
0.0240535736083984 -0.0116825103759766 0.16204833984375 -0.5797119140625
0.00806808471679688 -0.0362586975097656 -0.43304443359375 -0.81976318359375
-0.00793075561523438 -0.0244770050048828 -0.861572265625 -0.0777587890624999
-0.0136175155639648 0.00143718719482422 -0.4307861328125 0.56072998046875
-0.00273680686950684 0.00432920455932617 0.056427001953125 0.49627685546875
0.00292301177978516 0.0160560607910156 0.3072509765625 0.093994140625
0.0151176452636719 0.00174617767333984 0.28778076171875 -0.20037841796875
0.0107345581054687 -0.0195331573486328 -0.207778930664063 0.197479248046875
0.0207309722900391 0.000490188598632813 -0.277847290039063 -0.097747802734375
-0.00217938423156738 0.00267910957336426 -0.09912109375 -0.461944580078125
0.00671100616455078 0.0124645233154297 0.374969482421875 -0.53326416015625
-0.0158052444458008 0.00495052337646484 0.7926025390625 0.056884765625
-0.0233211517333984 -0.0294876098632812 0.53485107421875 0.7620849609375
0.0293369293212891 -0.00761985778808594 -0.05322265625 0.64495849609375
0.0301933288574219 0.00922775268554688 0.00732421875 0.0888900756835937
0.0187835693359375 -0.00339698791503906 0.1571044921875 -0.58172607421875
0.0115375518798828 -0.0291595458984375 -0.44244384765625 -0.81024169921875
0.00259017944335938 -0.0222282409667969 -0.862060546875 -0.0662231445312499
-0.00623893737792969 -0.00321197509765625 -0.42462158203125 0.56219482421875
-0.00333023071289062 -0.00368595123291016 0.0596923828125 0.494110107421875
-0.000191211700439454 0.00783300399780273 0.309173583984375 0.09161376953125
0.0146121978759766 0.000306129455566406 0.290618896484375 -0.20001220703125
0.0103836059570312 -0.0205612182617188 -0.208145141601563 0.196853637695313
0.01593017578125 -0.00721931457519531 -0.277008056640625 -0.1002197265625
-0.00369167327880859 -0.00466537475585938 -0.09735107421875 -0.464599609375
0.0129404067993164 0.00835227966308594 0.377410888671875 -0.529815673828125
-0.00695705413818359 0.00620841979980469 0.79150390625 0.0670166015625
-0.0204811096191406 -0.0223541259765625 0.52850341796875 0.7684326171875
0.0242538452148438 0.000255584716796875 -0.05474853515625 0.6453857421875
0.0196208953857422 0.0154342651367187 0.0113754272460937 0.0850448608398438
0.0132713317871094 0.00500679016113281 0.15191650390625 -0.5830078125
0.0140800476074219 -0.0216236114501953 -0.4537353515625 -0.80413818359375
0.0126361846923828 -0.0204906463623047 -0.864013671875 -0.0573730468750001
0.000177383422851563 -0.00837612152099609 -0.42071533203125 0.565673828125
-0.00401592254638672 -0.0112905502319336 0.0657653808593749 0.49005126953125
-0.00362253189086914 -0.000478267669677734 0.310943603515625 0.088531494140625
0.013850212097168 -0.0018463134765625 0.2894287109375 -0.200469970703125
0.010223388671875 -0.0207576751708984 -0.211441040039063 0.196258544921875
0.0131196975708008 -0.0136823654174805 -0.276458740234375 -0.10308837890625
-0.00372314453125 -0.0120677947998047 -0.094818115234375 -0.46990966796875
0.0187416076660156 0.00465011596679688 0.38189697265625 -0.52960205078125
-7.20024108886716E-05 0.00874042510986328 0.7901611328125 0.07427978515625
-0.0179672241210938 -0.0147266387939453 0.518310546875 0.77239990234375
0.0198307037353516 0.00656318664550781 -0.05718994140625 0.63787841796875
0.0126781463623047 0.0201702117919922 0.017791748046875 0.079345703125
0.00840568542480469 0.0124721527099609 0.15087890625 -0.5894775390625
0.016352653503418 -0.0155458450317383 -0.4605712890625 -0.798828125
0.0196933746337891 -0.0188198089599609 -0.86456298828125 -0.0444946289062501
0.00418663024902344 -0.0125637054443359 -0.41619873046875 0.565673828125
-0.0047607421875 -0.0181541442871094 0.068756103515625 0.48419189453125
-0.00754976272583008 -0.00710868835449219 0.310943603515625 0.084716796875
0.0131034851074219 -0.00377941131591797 0.286834716796875 -0.2027587890625
0.0131816864013672 -0.0150146484375 -0.236724853515625 0.196762084960938
0.0337600708007813 0.0185451507568359 -0.297607421875 -0.09014892578125
0.00229454040527344 0.0188694000244141 -0.117279052734375 -0.471771240234375
-0.0150012969970703 0.0224552154541016 0.362213134765625 -0.554931640625
-0.0498466491699219 0.00101089477539062 0.79937744140625 0.02685546875
-0.0400657653808594 -0.0490264892578125 0.5545654296875 0.72686767578125
0.0455589294433594 -0.0386962890625 -0.0340576171875001 0.61602783203125
0.0659065246582031 -0.0151596069335938 0.0267829895019531 0.0650520324707031
0.0353202819824219 -0.0300636291503906 0.17327880859375 -0.60882568359375
-0.00474166870117187 -0.0492515563964844 -0.4342041015625 -0.83465576171875
-0.0336627960205078 -0.0264816284179687 -0.86663818359375 -0.0792236328124999
-0.0286693572998047 0.00705337524414063 -0.434326171875 0.559600830078125
-0.00353145599365234 0.0109958648681641 0.056488037109375 0.491119384765625
0.00969696044921875 0.0280418395996094 0.300628662109375 0.09515380859375
0.0157909393310547 0.00727367401123047 0.269989013671875 -0.21044921875
0.0129966735839844 -0.0151281356811523 -0.230361938476562 0.198211669921875
0.0345611572265625 0.0198745727539063 -0.29638671875 -0.087005615234375
0.00252342224121094 0.0206298828125 -0.119537353515625 -0.463134765625
-0.0143795013427734 0.0241851806640625 0.357574462890625 -0.5538330078125
-0.048126220703125 0.00172805786132813 0.79815673828125 0.017578125
-0.0387916564941406 -0.0492019653320312 0.5633544921875 0.7254638671875
0.0444908142089844 -0.0376701354980469 -0.0333251953125 0.62640380859375
0.0651130676269531 -0.0138969421386719 0.0173873901367188 0.076019287109375
0.03558349609375 -0.0299720764160156 0.17462158203125 -0.5975341796875
-0.00228118896484375 -0.0500373840332031 -0.42327880859375 -0.83795166015625
-0.0320339202880859 -0.0280342102050781 -0.8653564453125 -0.0927734375000002
-0.0290660858154297 0.00799560546875 -0.43902587890625 0.556549072265625
-0.00382232666015625 0.0141792297363281 0.052520751953125 0.496795654296875
0.0101318359375 0.0304908752441406 0.30242919921875 0.099334716796875
0.0160121917724609 0.00735569000244141 0.27520751953125 -0.208633422851563
0.0126104354858398 -0.0154361724853516 -0.221328735351562 0.19921875
0.0327091217041016 0.0186538696289063 -0.292266845703125 -0.0870361328125
0.00166702270507812 0.0202217102050781 -0.117919921875 -0.461181640625
-0.0106143951416016 0.024169921875 0.35723876953125 -0.550872802734375
-0.0433197021484375 0.0017852783203125 0.79901123046875 0.019775390625
-0.0358123779296875 -0.047088623046875 0.56494140625 0.73150634765625
0.0427627563476562 -0.0335884094238281 -0.03265380859375 0.63543701171875
0.059112548828125 -0.0096282958984375 0.0108108520507813 0.0832595825195313
0.0337963104248047 -0.0251007080078125 0.169921875 -0.59039306640625
0.000400543212890629 -0.0471611022949219 -0.422607421875 -0.8359375
-0.0269603729248047 -0.0276527404785156 -0.866455078125 -0.09149169921875
-0.0262317657470703 0.00815582275390625 -0.440277099609375 0.560333251953125
-0.00363445281982422 0.0135288238525391 0.0521240234374999 0.499298095703125
0.00895309448242188 0.0286464691162109 0.3028564453125 0.097686767578125
0.0160608291625977 0.00623226165771484 0.280288696289062 -0.205825805664062
0.0119838714599609 -0.0172195434570313 -0.215255737304688 0.200180053710937
0.0302467346191406 0.0148868560791016 -0.287139892578125 -0.090423583984375
0.000754356384277343 0.0164194107055664 -0.11474609375 -0.46075439453125
-0.00645828247070312 0.0212345123291016 0.364410400390625 -0.546234130859375
-0.0349502563476563 0.00248146057128906 0.799560546875 0.03094482421875
-0.0312576293945312 -0.0429039001464844 0.5606689453125 0.741455078125
0.03936767578125 -0.0269699096679688 -0.03973388671875 0.643310546875
0.0503158569335938 -0.00359725952148438 0.00734710693359376 0.0877838134765625
0.0290203094482422 -0.0182647705078125 0.16400146484375 -0.5855712890625
0.00429534912109375 -0.0426101684570312 -0.43194580078125 -0.8248291015625
-0.0186386108398437 -0.0265560150146484 -0.86578369140625 -0.0808105468749999
-0.0202445983886719 0.00620460510253906 -0.43408203125 0.565185546875
-0.00379276275634766 0.00998973846435547 0.05755615234375 0.500946044921875
0.00708580017089843 0.0239505767822266 0.306915283203125 0.095306396484375
0.0158271789550781 0.00355434417724609 0.284271240234375 -0.204559326171875
0.0112705230712891 -0.0185947418212891 -0.210922241210938 0.199554443359375
0.0260238647460938 0.007568359375 -0.28387451171875 -0.093414306640625
-0.00102043151855469 0.0108280181884766 -0.108795166015625 -0.46160888671875
3.43322753906257E-05 0.0179271697998047 0.3685302734375 -0.54248046875
-0.0257701873779297 0.00304603576660156 0.79901123046875 0.04254150390625
-0.0271110534667969 -0.0366706848144531 0.55194091796875 0.75238037109375
0.0345592498779297 -0.0182876586914063 -0.044677734375 0.6483154296875
0.04107666015625 0.00235366821289063 0.0057220458984375 0.089813232421875
0.0241966247558594 -0.0117015838623047 0.15704345703125 -0.582763671875
0.00780487060546875 -0.0363960266113281 -0.44366455078125 -0.8197021484375
-0.00827217102050781 -0.0247058868408203 -0.8677978515625 -0.0725708007812501
-0.0130739212036133 0.0017385482788086 -0.42901611328125 0.56976318359375
-0.00374174118041992 0.00445032119750977 0.06097412109375 0.49822998046875
0.00371456146240234 0.0165119171142578 0.30926513671875 0.09246826171875
0.0151090621948242 0.00189590454101563 0.287994384765625 -0.203704833984375
0.0110187530517578 -0.0199642181396484 -0.207733154296875 0.200637817382813
0.0218524932861328 0.0003662109375 -0.281219482421875 -0.09600830078125
-0.0025627613067627 0.00384974479675293 -0.10467529296875 -0.4625244140625
0.00666141510009766 0.0132999420166016 0.372039794921875 -0.53948974609375
-0.0157432556152344 0.00462818145751953 0.7991943359375 0.0504150390625
-0.0229740142822266 -0.0290718078613281 0.5440673828125 0.75933837890625
0.0300617218017578 -0.00980949401855469 -0.04718017578125 0.65069580078125
0.0304698944091797 0.00913238525390625 0.00726318359375001 0.0896453857421875
0.0188236236572266 -0.00366783142089844 0.15289306640625 -0.58349609375
0.0109481811523438 -0.0292816162109375 -0.4520263671875 -0.8126220703125
0.0027008056640625 -0.0234451293945313 -0.8690185546875 -0.06072998046875
-0.00674962997436523 -0.00303268432617188 -0.42401123046875 0.57159423828125
-0.00342965126037598 -0.00300192832946777 0.064453125 0.497772216796875
0.000104904174804687 0.0082097053527832 0.31146240234375 0.089447021484375
0.015345573425293 -0.00114631652832031 0.290191650390625 -0.2039794921875
0.0106658935546875 -0.0209732055664062 -0.207275390625 0.200241088867187
0.0174617767333984 -0.00734424591064453 -0.2796630859375 -0.0984649658203125
-0.00352954864501953 -0.00458860397338867 -0.100921630859375 -0.46661376953125
0.0132331848144531 0.00866317749023438 0.376983642578125 -0.536956787109375
-0.00663471221923828 0.00664663314819336 0.7967529296875 0.06103515625
-0.0200023651123047 -0.0215263366699219 0.5361328125 0.766845703125
0.0245494842529297 -0.00114250183105469 -0.0516357421875 0.64727783203125
0.0208339691162109 0.0152168273925781 0.01165771484375 0.0860977172851563
0.0138912200927734 0.00456333160400391 0.14794921875 -0.58734130859375
0.0138397216796875 -0.0218143463134766 -0.4605712890625 -0.8065185546875
0.0121746063232422 -0.0212135314941406 -0.86920166015625 -0.0492553710937502
-2.24113464355475E-05 -0.00770664215087891 -0.4176025390625 0.57366943359375
-0.004180908203125 -0.0109195709228516 0.06903076171875 0.4921875
-0.00289702415466309 -0.000162839889526368 0.312347412109375 0.085357666015625
0.0144243240356445 -0.00320053100585937 0.289459228515625 -0.204986572265625
0.0102005004882813 -0.0215740203857422 -0.211227416992188 0.19903564453125
0.0142946243286133 -0.0142240524291992 -0.280242919921875 -0.10107421875
-0.00469970703125 -0.0114297866821289 -0.099761962890625 -0.471221923828125
0.0178985595703125 0.00462150573730469 0.378387451171875 -0.535308837890625
1.6212463378907E-05 0.00873136520385742 0.79815673828125 0.07025146484375
-0.0180721282958984 -0.0148048400878906 0.52777099609375 0.77276611328125
0.0202655792236328 0.00588798522949219 -0.05291748046875 0.64111328125
0.0137271881103516 0.0204753875732422 0.0178070068359375 0.0794906616210938
0.00891399383544922 0.0117778778076172 0.147216796875 -0.59234619140625
0.0159902572631836 -0.015843391418457 -0.469970703125 -0.8004150390625
0.0196495056152344 -0.0195636749267578 -0.86944580078125 -0.0384521484375
0.00383472442626953 -0.0128421783447266 -0.41278076171875 0.57427978515625
-0.00514030456542969 -0.0182113647460938 0.07366943359375 0.487335205078125
-0.00704050064086914 -0.00743913650512695 0.313568115234375 0.082275390625
0.0137395858764648 -0.00420379638671875 0.2862548828125 -0.207977294921875
0.0129842758178711 -0.0155611038208008 -0.236602783203125 0.200103759765625
0.0344486236572266 0.0174465179443359 -0.30133056640625 -0.0865478515625
0.00213241577148437 0.0194644927978516 -0.123626708984375 -0.47381591796875
-0.0157012939453125 0.0224704742431641 0.35791015625 -0.561065673828125
-0.0498504638671875 0.00111770629882812 0.80340576171875 0.0172119140625
-0.0411262512207031 -0.0487823486328125 0.56585693359375 0.7254638671875
0.0444374084472656 -0.0401725769042969 -0.03076171875 0.6199951171875
0.067108154296875 -0.0160102844238281 0.0265846252441406 0.0655632019042969
0.0354118347167969 -0.0302085876464844 0.16815185546875 -0.6124267578125
-0.0054931640625 -0.0491943359375 -0.44384765625 -0.83331298828125
-0.0344219207763672 -0.0273284912109375 -0.873291015625 -0.0711669921875001
-0.0290546417236328 0.00737762451171875 -0.428955078125 0.5679931640625
-0.00329113006591797 0.0116901397705078 0.062042236328125 0.494873046875
0.0108451843261719 0.0281715393066406 0.303558349609375 0.0924072265625
0.0164737701416016 0.00657081604003906 0.268936157226563 -0.215255737304688
0.0133552551269531 -0.015167236328125 -0.228851318359375 0.2010498046875
0.035369873046875 0.0200004577636719 -0.29833984375 -0.084564208984375
0.00339889526367188 0.0210037231445313 -0.124725341796875 -0.4654541015625
-0.0146636962890625 0.0247421264648438 0.3536376953125 -0.56024169921875
-0.0486793518066406 0.00181961059570313 0.802490234375 0.00970458984375
-0.0394134521484375 -0.0490951538085938 0.57342529296875 0.722900390625
0.0445518493652344 -0.0393409729003906 -0.02777099609375 0.62896728515625
0.06536865234375 -0.0142250061035156 0.0178604125976563 0.0767745971679688
0.0351638793945312 -0.0298843383789062 0.16937255859375 -0.60150146484375
-0.00296783447265625 -0.0501708984375 -0.43316650390625 -0.83660888671875
-0.0333595275878906 -0.0284194946289063 -0.87237548828125 -0.0814208984374999
-0.0289344787597656 0.00891304016113281 -0.4351806640625 0.56536865234375
-0.00411128997802734 0.0141220092773438 0.0587158203125 0.499755859375
0.0106163024902344 0.0298233032226562 0.303955078125 0.095703125
0.0165548324584961 0.0066070556640625 0.274246215820312 -0.212539672851562
0.0130300521850586 -0.0169897079467773 -0.22076416015625 0.201980590820313
0.0345382690429687 0.0173282623291016 -0.2950439453125 -0.084014892578125
0.00238037109375 0.0207252502441406 -0.123321533203125 -0.461151123046875
-0.0106964111328125 0.0244884490966797 0.3546142578125 -0.556884765625
-0.0435981750488281 0.00179290771484375 0.80413818359375 0.0108642578125
-0.0358848571777344 -0.0472450256347656 0.57696533203125 0.72686767578125
0.0427589416503906 -0.03460693359375 -0.028564453125 0.63812255859375
0.059906005859375 -0.0103759765625 0.0106201171875 0.0845870971679688
0.0340480804443359 -0.0248241424560547 0.16546630859375 -0.5946044921875
0.0001678466796875 -0.0471229553222656 -0.4329833984375 -0.8345947265625
-0.0276355743408203 -0.0273380279541016 -0.8714599609375 -0.08416748046875
-0.0260276794433594 0.00808334350585938 -0.43695068359375 0.56719970703125
-0.00386905670166016 0.0140743255615234 0.057830810546875 0.502044677734375
0.00955963134765625 0.0283870697021484 0.30560302734375 0.095001220703125
0.0167207717895508 0.00540637969970703 0.2794189453125 -0.2100830078125
0.0122337341308594 -0.0181465148925781 -0.213638305664062 0.203323364257813
0.0314826965332031 0.0139961242675781 -0.290191650390625 -0.08685302734375
0.00141716003417969 0.0170621871948242 -0.119415283203125 -0.46246337890625
-0.006256103515625 0.0221290588378906 0.361175537109375 -0.553070068359375
-0.0352783203125 0.00238800048828125 0.804443359375 0.02288818359375
-0.0317001342773438 -0.04254150390625 0.56939697265625 0.73907470703125
0.0392036437988281 -0.0279273986816406 -0.0336303710937499 0.64593505859375
0.05108642578125 -0.0044403076171875 0.008056640625 0.0883636474609375
0.0296916961669922 -0.0189971923828125 0.15777587890625 -0.591064453125
0.0032958984375 -0.0424652099609375 -0.44293212890625 -0.82659912109375
-0.0190849304199219 -0.0264778137207031 -0.8709716796875 -0.0728759765624999
-0.0205879211425781 0.00616073608398437 -0.42987060546875 0.57269287109375
-0.00414848327636719 0.010772705078125 0.063018798828125 0.50244140625
0.00777626037597656 0.0243034362792969 0.30865478515625 0.092010498046875
0.0166168212890625 0.00324058532714844 0.28399658203125 -0.208953857421875
0.0115432739257813 -0.0196628570556641 -0.209075927734375 0.202377319335938
0.0271263122558594 0.00712776184082031 -0.286834716796875 -0.08990478515625
-0.000423431396484374 0.0116195678710938 -0.11358642578125 -0.46234130859375
-0.00042724609375 0.0183010101318359 0.364501953125 -0.548675537109375
-0.0262336730957031 0.00391960144042969 0.8052978515625 0.03436279296875
-0.0275535583496094 -0.0364036560058594 0.5615234375 0.752197265625
0.0351753234863281 -0.0197334289550781 -0.0383300781249999 0.65020751953125
0.0404319763183594 0.00142669677734375 0.00611114501953126 0.0906143188476563
0.0248737335205078 -0.0117855072021484 0.152587890625 -0.588134765625
0.00792694091796875 -0.0358810424804688 -0.45245361328125 -0.81951904296875
-0.00924491882324219 -0.0246829986572266 -0.87347412109375 -0.0626220703124999
-0.0135030746459961 0.00191974639892578 -0.42608642578125 0.57684326171875
-0.00352954864501953 0.00461912155151367 0.0655517578125001 0.502197265625
0.00429725646972656 0.0165891647338867 0.31201171875 0.0894775390625
0.0155467987060547 0.00117397308349609 0.287200927734375 -0.208099365234375
0.0109710693359375 -0.0210170745849609 -0.207382202148437 0.202682495117188
0.0228614807128906 -0.0003814697265625 -0.2847900390625 -0.092926025390625
-0.00190806388854981 0.00401091575622559 -0.110931396484375 -0.463531494140625
0.00637626647949219 0.0137367248535156 0.368865966796875 -0.54498291015625
-0.0160741806030273 0.00483226776123047 0.803466796875 0.04296875
-0.0227947235107422 -0.028839111328125 0.55548095703125 0.76055908203125
0.0300178527832031 -0.0107269287109375 -0.043701171875 0.65325927734375
0.0310573577880859 0.00776863098144531 0.00797271728515624 0.0899581909179688
0.0190601348876953 -0.00317001342773437 0.14788818359375 -0.58843994140625
0.0107021331787109 -0.0288143157958984 -0.46160888671875 -0.8116455078125
0.00232124328613281 -0.0230121612548828 -0.8734130859375 -0.0517578125
-0.00647830963134766 -0.00284099578857422 -0.4195556640625 0.580322265625
-0.00397753715515137 -0.00252842903137207 0.070159912109375 0.500091552734375
0.000516891479492188 0.00836515426635742 0.313934326171875 0.08624267578125
0.0152349472045898 -0.000951766967773437 0.289276123046875 -0.208831787109375
0.0106220245361328 -0.0220527648925781 -0.2061767578125 0.20172119140625
0.0183353424072266 -0.00861740112304688 -0.28277587890625 -0.096282958984375
-0.00388026237487793 -0.00373363494873047 -0.10760498046875 -0.468658447265625
0.0125331878662109 0.00890541076660156 0.373687744140625 -0.544281005859375
-0.0071263313293457 0.00632238388061523 0.8017578125 0.05255126953125
-0.0194969177246094 -0.0215568542480469 0.54693603515625 0.7664794921875
0.0246829986572266 -0.00228691101074219 -0.0450439453125 0.65081787109375
0.0209598541259766 0.0139923095703125 0.0120010375976563 0.0864334106445313
0.0142307281494141 0.00510025024414063 0.14312744140625 -0.5904541015625
0.0137691497802734 -0.0215225219726563 -0.47100830078125 -0.80419921875
0.0111942291259766 -0.0216484069824219 -0.87493896484375 -0.0400390625000001
-0.000603675842285156 -0.00771665573120117 -0.414794921875 0.58349609375
-0.00472450256347656 -0.0112419128417969 0.07452392578125 0.496002197265625
-0.00353002548217773 0.000241041183471679 0.31585693359375 0.082550048828125
0.0147056579589844 -0.00322532653808594 0.288909912109375 -0.20953369140625
0.01123046875 -0.0226345062255859 -0.210037231445312 0.201095581054688
0.0148906707763672 -0.014775276184082 -0.283721923828125 -0.0986328125
-0.00387954711914063 -0.0106115341186523 -0.1051025390625 -0.474334716796875
0.0180339813232422 0.00500297546386719 0.37542724609375 -0.543548583984375
-0.000574111938476563 0.00843238830566406 0.8013916015625 0.06280517578125
-0.0174903869628906 -0.0146141052246094 0.5406494140625 0.7711181640625
0.0202293395996094 0.00450515747070313 -0.0487060546875 0.644775390625
0.0137748718261719 0.0196037292480469 0.0187149047851562 0.0803909301757813
0.009979248046875 0.0123500823974609 0.14117431640625 -0.59564208984375
0.0158176422119141 -0.0158090591430664 -0.4769287109375 -0.7987060546875
0.0188369750976563 -0.0196399688720703 -0.8756103515625 -0.02886962890625
0.00410270690917969 -0.0125846862792969 -0.409912109375 0.58245849609375
-0.00522232055664062 -0.0174932479858398 0.07891845703125 0.4903564453125
-0.00717544555664063 -0.00736188888549804 0.315216064453125 0.0804443359375
0.0144290924072266 -0.00449752807617188 0.2855224609375 -0.211395263671875
0.0129280090332031 -0.0168590545654297 -0.23468017578125 0.203460693359375
0.0356483459472656 0.0171012878417969 -0.303863525390625 -0.08258056640625
0.00277328491210937 0.0197677612304688 -0.12799072265625 -0.472625732421875
-0.0160388946533203 0.0234165191650391 0.353759765625 -0.56707763671875
-0.0500030517578125 0.00245666503906249 0.80694580078125 0.00848388671875
-0.0410041809082031 -0.0492668151855469 0.57623291015625 0.72161865234375
0.045013427734375 -0.0419921875 -0.02386474609375 0.62042236328125
0.0677452087402344 -0.017120361328125 0.0266838073730469 0.0661697387695313
0.0354690551757813 -0.0308074951171875 0.161865234375 -0.6162109375
-0.00567245483398438 -0.0489044189453125 -0.455322265625 -0.8331298828125
-0.0351676940917969 -0.0266151428222656 -0.87750244140625 -0.0593872070312498
-0.0292453765869141 0.00810623168945313 -0.4237060546875 0.57611083984375
-0.00319957733154297 0.0116987228393555 0.06903076171875 0.4954833984375
0.0118694305419922 0.0276470184326172 0.305816650390625 0.0887451171875
0.0170373916625977 0.00596332550048828 0.2672119140625 -0.219802856445313
0.0131015777587891 -0.0175819396972656 -0.227066040039063 0.204132080078125
0.0365676879882813 0.0184326171875 -0.30120849609375 -0.080596923828125
0.00372886657714844 0.0219326019287109 -0.131805419921875 -0.465301513671875
-0.0145454406738281 0.0252132415771484 0.34918212890625 -0.56658935546875
-0.0486373901367188 0.00244903564453124 0.80487060546875 0.00030517578125
-0.0405082702636719 -0.048736572265625 0.5833740234375 0.7181396484375
0.0447998046875 -0.0412750244140625 -0.02117919921875 0.6307373046875
0.0665969848632813 -0.0159835815429688 0.0179595947265625 0.0775222778320313
0.0362319946289063 -0.0303421020507813 0.16400146484375 -0.60272216796875
-0.00352859497070312 -0.0495872497558594 -0.44415283203125 -0.8353271484375
-0.0343723297119141 -0.0276985168457031 -0.87579345703125 -0.0728149414062501
-0.0296478271484375 0.00899887084960937 -0.43157958984375 0.5736083984375
-0.00387859344482422 0.0141754150390625 0.06402587890625 0.50201416015625
0.0114669799804688 0.0297298431396484 0.3062744140625 0.09222412109375
0.0172252655029297 0.00579166412353516 0.27276611328125 -0.216964721679688
0.0128107070922852 -0.0171804428100586 -0.219940185546875 0.2049560546875
0.0352287292480469 0.0170631408691406 -0.297637939453125 -0.0802307128906251
0.00304985046386719 0.02130126953125 -0.12982177734375 -0.46295166015625
-0.0116500854492188 0.0249423980712891 0.34906005859375 -0.56439208984375
-0.0433387756347656 0.00254058837890625 0.8057861328125 0.00274658203125
-0.0365791320800781 -0.0472602844238281 0.585205078125 0.72412109375
0.0425148010253906 -0.0365219116210937 -0.02276611328125 0.6407470703125
0.0601768493652344 -0.0111427307128906 0.0119552612304688 0.0851287841796875
0.0342178344726562 -0.0255565643310547 0.15899658203125 -0.59771728515625
-8.39233398437451E-05 -0.0465621948242188 -0.4434814453125 -0.83319091796875
-0.028656005859375 -0.0271072387695313 -0.87750244140625 -0.073974609375
-0.0264987945556641 0.00860595703125 -0.429443359375 0.5762939453125
-0.00421142578125 0.0144014358520508 0.062042236328125 0.50445556640625
0.01031494140625 0.0283451080322266 0.308441162109375 0.092193603515625
0.0168380737304688 0.00530624389648438 0.27813720703125 -0.214340209960938
0.0121078491210938 -0.0189056396484375 -0.212432861328125 0.206619262695313
0.0323371887207031 0.0127983093261719 -0.293670654296875 -0.083404541015625
0.00202751159667969 0.0173234939575195 -0.1251220703125 -0.461456298828125
-0.00687026977539063 0.0226593017578125 0.35595703125 -0.55743408203125
-0.0364418029785156 0.00274276733398437 0.80859375 0.01287841796875
-0.0319252014160156 -0.0429916381835938 0.58038330078125 0.7374267578125
0.0391159057617188 -0.02960205078125 -0.02716064453125 0.64764404296875
0.0515174865722656 -0.00527572631835938 0.00835418701171876 0.0892333984375
0.0297451019287109 -0.0197219848632813 0.15264892578125 -0.5943603515625
0.00284194946289063 -0.0420036315917969 -0.45269775390625 -0.8248291015625
-0.0197029113769531 -0.0259933471679688 -0.87786865234375 -0.0610351562500002
-0.0205459594726563 0.00657844543457031 -0.42388916015625 0.5814208984375
-0.00406455993652344 0.0109052658081055 0.0682373046875 0.504547119140625
0.00815963745117188 0.0245532989501953 0.311065673828125 0.088897705078125
0.0163125991821289 0.00232601165771484 0.2828369140625 -0.213897705078125
0.0114059448242187 -0.0202102661132812 -0.207168579101563 0.205459594726563
0.0283927917480469 0.00666999816894531 -0.290069580078125 -0.0868530273437501
0.00051403045654297 0.0115537643432617 -0.120758056640625 -0.463104248046875
-0.000535964965820312 0.0185317993164063 0.361053466796875 -0.554534912109375
-0.0260810852050781 0.00383186340332032 0.80877685546875 0.025390625
-0.0274238586425781 -0.0364189147949219 0.572021484375 0.7471923828125
0.0349216461181641 -0.02093505859375 -0.03338623046875 0.6531982421875
0.04205322265625 0.0013427734375 0.00713348388671875 0.0911407470703125
0.0246810913085938 -0.0121192932128906 0.14654541015625 -0.59222412109375
0.00658798217773438 -0.035736083984375 -0.46282958984375 -0.81549072265625
-0.00946044921875 -0.0251445770263672 -0.876953125 -0.0522460937500001
-0.013981819152832 0.00290107727050781 -0.42095947265625 0.58544921875
-0.00387954711914063 0.00465202331542969 0.07220458984375 0.50457763671875
0.00473594665527344 0.0165615081787109 0.3138427734375 0.08624267578125
0.0163202285766602 0.000123977661132813 0.28631591796875 -0.21307373046875
0.0110950469970703 -0.0219001770019531 -0.205108642578125 0.205856323242188
0.0235710144042969 -0.000936508178710937 -0.28704833984375 -0.08990478515625
-0.00196695327758789 0.00507593154907227 -0.11669921875 -0.465118408203125
0.00590610504150391 0.0147371292114258 0.3651123046875 -0.552947998046875
-0.0163583755493164 0.00517654418945313 0.80706787109375 0.03228759765625
-0.0228614807128906 -0.0290641784667969 0.56634521484375 0.7550048828125
0.0294437408447266 -0.0121669769287109 -0.03753662109375 0.654052734375
0.0311183929443359 0.0075531005859375 0.00817871093750001 0.0911407470703125
0.0188541412353516 -0.00325202941894531 0.14080810546875 -0.59063720703125
0.0107879638671875 -0.0284843444824219 -0.47100830078125 -0.80926513671875
0.00211715698242187 -0.0233516693115234 -0.87762451171875 -0.0405883789062501
-0.00621318817138672 -0.00195407867431641 -0.41473388671875 0.58770751953125
-0.00399017333984375 -0.00290322303771973 0.076507568359375 0.501953125
0.000989913940429688 0.00909709930419922 0.31634521484375 0.083160400390625
0.0161247253417969 -0.00239849090576172 0.287078857421875 -0.212646484375
0.0108299255371094 -0.0231761932373047 -0.204605102539063 0.20599365234375
0.0186977386474609 -0.00905609130859375 -0.28570556640625 -0.0925292968749999
-0.00338912010192871 -0.00276279449462891 -0.113525390625 -0.467620849609375
0.0123348236083984 0.00945568084716797 0.3675537109375 -0.550201416015625
-0.00704669952392578 0.00636482238769531 0.80511474609375 0.04425048828125
-0.0200157165527344 -0.0214328765869141 0.55743408203125 0.76171875
0.024383544921875 -0.00347328186035156 -0.0390014648437501 0.6533203125
0.0219478607177734 0.0144882202148438 0.01263427734375 0.0870819091796875
0.0142707824707031 0.00500965118408203 0.1370849609375 -0.5931396484375
0.0136127471923828 -0.0213336944580078 -0.48150634765625 -0.80120849609375
0.0110683441162109 -0.022064208984375 -0.8780517578125 -0.02935791015625
0.000101089477539063 -0.00818538665771484 -0.41021728515625 0.58978271484375
-0.00549602508544922 -0.010650634765625 0.08062744140625 0.497802734375
-0.00281405448913574 9.46521759033201E-05 0.317962646484375 0.07891845703125
0.0152559280395508 -0.00430870056152344 0.287078857421875 -0.2138671875
0.010162353515625 -0.0240287780761719 -0.208221435546875 0.204788208007812
0.015711784362793 -0.0156345367431641 -0.285614013671875 -0.09521484375
-0.00429153442382813 -0.00990009307861328 -0.112060546875 -0.473541259765625
0.0171108245849609 0.00518321990966797 0.371337890625 -0.548736572265625
-0.000457286834716797 0.00787162780761719 0.8055419921875 0.0516357421875
-0.0175971984863281 -0.0149154663085938 0.5482177734375 0.766845703125
0.0208072662353516 0.00419425964355469 -0.0424194335937501 0.646484375
0.0145053863525391 0.0191135406494141 0.01898193359375 0.0808639526367188
0.00977611541748047 0.0122566223144531 0.1353759765625 -0.59796142578125
0.015568733215332 -0.0147371292114258 -0.48846435546875 -0.79547119140625
0.0186786651611328 -0.0208358764648437 -0.87860107421875 -0.0208129882812501
0.00339126586914063 -0.0124921798706055 -0.4044189453125 0.591064453125
-0.00581932067871094 -0.0178451538085938 0.084320068359375 0.4918212890625
-0.00652122497558594 -0.00716829299926758 0.31756591796875 0.076141357421875
0.01434326171875 -0.00550460815429688 0.284271240234375 -0.21624755859375
0.01318359375 -0.0174293518066406 -0.23284912109375 0.20770263671875
0.0376930236816406 0.0161628723144531 -0.30645751953125 -0.079071044921875
0.00330734252929688 0.0206146240234375 -0.136138916015625 -0.473297119140625
-0.0161323547363281 0.0243263244628906 0.34783935546875 -0.57470703125
-0.0501861572265625 0.00285720825195313 0.80938720703125 -0.00103759765625
-0.0411453247070313 -0.0484733581542969 0.587158203125 0.71405029296875
0.0443878173828125 -0.0432853698730469 -0.0168457031250001 0.6214599609375
0.0681800842285156 -0.0186309814453125 0.0273704528808594 0.0660972595214844
0.0354957580566406 -0.0312232971191406 0.1546630859375 -0.6175537109375
-0.00611495971679687 -0.0485572814941406 -0.46551513671875 -0.82745361328125
-0.0354537963867187 -0.0269966125488281 -0.8802490234375 -0.0501098632812501
-0.0292320251464844 0.00823974609375 -0.4178466796875 0.583740234375
-0.00404644012451172 0.0119619369506836 0.074920654296875 0.49615478515625
0.0126800537109375 0.0280857086181641 0.30731201171875 0.085113525390625
0.0179424285888672 0.00582122802734375 0.264816284179687 -0.223709106445312
0.0128726959228516 -0.017852783203125 -0.225555419921875 0.208023071289063
0.0377197265625 0.0176277160644531 -0.30438232421875 -0.0765380859374999
0.00374412536621094 0.0222797393798828 -0.13800048828125 -0.465972900390625
-0.0145149230957031 0.0259284973144531 0.34368896484375 -0.57232666015625
-0.0492591857910156 0.00318145751953124 0.807373046875 -0.0107421875
-0.0390052795410156 -0.0492134094238281 0.59283447265625 0.712158203125
0.0440635681152344 -0.042724609375 -0.01397705078125 0.63092041015625
0.0662345886230469 -0.0167274475097656 0.0178909301757813 0.0777587890625
0.0359992980957031 -0.0304527282714844 0.15753173828125 -0.607666015625
-0.00372314453125 -0.0484237670898438 -0.45562744140625 -0.833740234375
-0.0348243713378906 -0.02752685546875 -0.87908935546875 -0.0621948242187502
-0.0293712615966797 0.00954818725585937 -0.42425537109375 0.58111572265625
-0.00427627563476563 0.015162467956543 0.07073974609375 0.5025634765625
0.0124588012695313 0.0299110412597656 0.307952880859375 0.088653564453125
0.0177459716796875 0.00466156005859375 0.271041870117188 -0.221725463867188
0.0126438140869141 -0.0186862945556641 -0.21661376953125 0.208053588867187
0.0367164611816406 0.0160675048828125 -0.30010986328125 -0.077606201171875
0.00378990173339843 0.0219936370849609 -0.136566162109375 -0.46356201171875
-0.0117950439453125 0.0259037017822266 0.3428955078125 -0.5682373046875
-0.0442314147949219 0.00382232666015626 0.808837890625 -0.0081787109375
-0.0366554260253906 -0.0469284057617188 0.59783935546875 0.716796875
0.0411720275878906 -0.0374221801757813 -0.01641845703125 0.6424560546875
0.0605659484863281 -0.0125617980957031 0.0115432739257813 0.0862655639648438
0.0345077514648438 -0.0259513854980469 0.1527099609375 -0.60028076171875
-0.00145339965820312 -0.0462493896484375 -0.45574951171875 -0.8311767578125
-0.0294036865234375 -0.0269412994384766 -0.88067626953125 -0.0623168945312499
-0.0265178680419922 0.00922393798828125 -0.42498779296875 0.5849609375
-0.00399589538574219 0.0148115158081055 0.068634033203125 0.505584716796875
0.0109119415283203 0.0287990570068359 0.309356689453125 0.088287353515625
0.0173006057739258 0.00399684906005859 0.275344848632813 -0.218170166015625
0.0121479034423828 -0.0202312469482422 -0.209564208984375 0.20867919921875
0.0337867736816406 0.0122566223144531 -0.296112060546875 -0.080230712890625
0.00199317932128906 0.0189743041992188 -0.13104248046875 -0.460784912109375
-0.00689506530761719 0.0239925384521484 0.35113525390625 -0.56451416015625
-0.0361137390136719 0.00317764282226562 0.81103515625 0.002685546875
-0.0325851440429688 -0.0422935485839844 0.5902099609375 0.7288818359375
0.0390243530273438 -0.0308380126953125 -0.02191162109375 0.64892578125
0.0522422790527344 -0.00638961791992187 0.0089874267578125 0.0890731811523438
0.0298347473144531 -0.0201683044433594 0.14642333984375 -0.59637451171875
0.00288009643554688 -0.0420951843261719 -0.46478271484375 -0.82000732421875
-0.0201683044433594 -0.0264720916748047 -0.88055419921875 -0.0518798828125001
-0.0205802917480469 0.00682449340820312 -0.41973876953125 0.58758544921875
-0.00375080108642578 0.0117263793945313 0.075775146484375 0.506072998046875
0.00923538208007813 0.0242576599121094 0.313201904296875 0.08447265625
0.0173139572143555 0.00206184387207031 0.280792236328125 -0.217453002929687
0.0112743377685547 -0.0214176177978516 -0.204666137695312 0.209335327148438
0.0294971466064453 0.00517654418945313 -0.291656494140625 -0.083404541015625
0.000635147094726563 0.0123472213745117 -0.126983642578125 -0.46270751953125
-0.000505447387695312 0.0195636749267578 0.35552978515625 -0.56072998046875
-0.0263652801513672 0.00437164306640625 0.8111572265625 0.014892578125
-0.02801513671875 -0.0371475219726563 0.584716796875 0.74224853515625
0.034820556640625 -0.0225887298583984 -0.0247192382812501 0.65399169921875
0.0421409606933594 0.00011444091796875 0.00733184814453125 0.0906295776367188
0.0246181488037109 -0.0118007659912109 0.13922119140625 -0.5931396484375
0.00621414184570312 -0.0353507995605469 -0.4742431640625 -0.814208984375
-0.00959014892578125 -0.0255832672119141 -0.88201904296875 -0.0413208007812501
-0.0140781402587891 0.0031137466430664 -0.4136962890625 0.59405517578125
-0.00379419326782226 0.00522899627685547 0.077667236328125 0.505889892578125
0.00539779663085938 0.0170917510986328 0.31463623046875 0.08294677734375
0.0162792205810547 -0.000992774963378906 0.283233642578125 -0.217620849609375
0.0107269287109375 -0.0228176116943359 -0.202972412109375 0.20941162109375
0.0239429473876953 -0.00167274475097656 -0.28973388671875 -0.086761474609375
-0.00172758102416992 0.00526666641235352 -0.1234130859375 -0.463287353515625
0.00514793395996094 0.0149745941162109 0.359039306640625 -0.556854248046875
-0.0163173675537109 0.00507354736328125 0.810546875 0.02294921875
-0.0231227874755859 -0.0292224884033203 0.57696533203125 0.75030517578125
0.0293502807617188 -0.0135669708251953 -0.0285034179687499 0.6553955078125
0.0321559906005859 0.00689506530761719 0.00914764404296876 0.0915756225585938
0.0197772979736328 -0.00335311889648438 0.13458251953125 -0.5926513671875
0.00975608825683594 -0.0284976959228516 -0.483154296875 -0.80438232421875
0.00104713439941406 -0.0236721038818359 -0.8814697265625 -0.0304565429687498
-0.00625133514404297 -0.00230741500854492 -0.40924072265625 0.596923828125
-0.00404834747314453 -0.0023040771484375 0.081512451171875 0.50360107421875
0.00137996673583984 0.0082249641418457 0.317596435546875 0.07904052734375
0.0159082412719727 -0.00287342071533203 0.285797119140625 -0.21722412109375
0.0107574462890625 -0.0239448547363281 -0.202728271484375 0.20806884765625
0.0199012756347656 -0.0091552734375 -0.288177490234375 -0.088897705078125
-0.0032188892364502 -0.00292086601257324 -0.120819091796875 -0.46868896484375
0.0123281478881836 0.00950908660888672 0.36297607421875 -0.5555419921875
-0.00739622116088867 0.00683116912841797 0.80841064453125 0.0340576171875
-0.0202617645263672 -0.0211925506591797 0.5675048828125 0.7557373046875
0.0248374938964844 -0.00387954711914063 -0.0321044921875001 0.6529541015625
0.0228481292724609 0.013671875 0.01318359375 0.0874481201171875
0.0148448944091797 0.00469303131103516 0.12994384765625 -0.59686279296875
0.0133571624755859 -0.0208950042724609 -0.49127197265625 -0.7957763671875
0.0108203887939453 -0.0226268768310547 -0.88201904296875 -0.0189208984375002
-0.000342845916748047 -0.0081028938293457 -0.40277099609375 0.59832763671875
-0.00530147552490234 -0.0101947784423828 0.087921142578125 0.497833251953125
-0.00247621536254883 0.000523090362548828 0.31854248046875 0.0751953125
0.0151901245117187 -0.00513458251953125 0.2847900390625 -0.218841552734375
0.0111045837402344 -0.025421142578125 -0.206207275390625 0.20770263671875
0.0162725448608398 -0.0159406661987305 -0.28839111328125 -0.090911865234375
-0.00381088256835937 -0.00967216491699219 -0.11865234375 -0.473052978515625
0.0170993804931641 0.00528812408447266 0.3662109375 -0.554779052734375
-0.00029134750366211 0.00851726531982422 0.80841064453125 0.04150390625
-0.0175027847290039 -0.0147504806518555 0.55963134765625 0.7618408203125
0.0214462280273438 0.00305938720703125 -0.03411865234375 0.64764404296875
0.0149917602539062 0.0197067260742188 0.0190963745117188 0.0815353393554687
0.0105962753295898 0.0122995376586914 0.12908935546875 -0.600830078125
0.0151052474975586 -0.0144691467285156 -0.4998779296875 -0.7911376953125
0.0179100036621094 -0.0211048126220703 -0.88323974609375 -0.00708007812499982
0.00356960296630859 -0.0123052597045898 -0.39849853515625 0.5986328125
-0.00664329528808594 -0.017033576965332 0.0897216796875 0.492095947265625
-0.00609159469604492 -0.0065312385559082 0.3194580078125 0.072418212890625
0.0146265029907227 -0.00657081604003906 0.2823486328125 -0.22021484375
0.0122947692871094 -0.0188236236572266 -0.22998046875 0.210113525390625
0.0378913879394531 0.0147933959960938 -0.30865478515625 -0.0746765136718751
0.00404548645019531 0.0208301544189453 -0.142181396484375 -0.470977783203125
-0.0159244537353516 0.0249881744384766 0.34234619140625 -0.57733154296875
-0.0506172180175781 0.00306701660156251 0.810302734375 -0.0130615234375
-0.0408515930175781 -0.0484237670898438 0.59576416015625 0.70855712890625
0.0439376831054688 -0.0454216003417969 -0.01025390625 0.62060546875
0.0679359436035156 -0.0193901062011719 0.0275726318359375 0.0666160583496094
0.0355644226074219 -0.0320587158203125 0.14697265625 -0.6199951171875
-0.00706100463867188 -0.0476570129394531 -0.47509765625 -0.82196044921875
-0.0368423461914063 -0.026519775390625 -0.88116455078125 -0.03857421875
-0.0292396545410156 0.00904655456542969 -0.41058349609375 0.59039306640625
-0.00345325469970703 0.0127763748168945 0.081451416015625 0.497772216796875
0.0136432647705078 0.0280532836914063 0.30865478515625 0.08160400390625
0.0175800323486328 0.00471305847167969 0.261611938476563 -0.2274169921875
0.0126209259033203 -0.0189228057861328 -0.2230224609375 0.210235595703125
0.0391120910644531 0.0165634155273438 -0.305877685546875 -0.0716247558593749
0.00536346435546875 0.023162841796875 -0.14385986328125 -0.462890625
-0.0142822265625 0.0265769958496094 0.3355712890625 -0.57574462890625
-0.0494308471679688 0.00333404541015624 0.80841064453125 -0.02001953125
-0.0405540466308594 -0.0488777160644531 0.603515625 0.7054443359375
0.0434761047363281 -0.0442237854003906 -0.00695800781250001 0.6334228515625
0.0661468505859375 -0.0174484252929688 0.0189132690429688 0.0784988403320313
0.0362052917480469 -0.0308952331542969 0.14837646484375 -0.609375
-0.00495529174804687 -0.0483055114746094 -0.46502685546875 -0.8258056640625
-0.0356063842773438 -0.0271530151367188 -0.8812255859375 -0.0503540039062501
-0.0294322967529297 0.0103378295898438 -0.417236328125 0.5888671875
-0.00407791137695313 0.0156669616699219 0.077056884765625 0.50347900390625
0.0134048461914062 0.0297927856445313 0.30810546875 0.084381103515625
0.0176315307617188 0.00479698181152344 0.267227172851563 -0.226348876953125
0.0120964050292969 -0.0194854736328125 -0.213958740234375 0.211395263671875
0.0378570556640625 0.0153656005859375 -0.302337646484375 -0.0722045898437499
0.00428009033203125 0.0217800140380859 -0.142730712890625 -0.460418701171875
-0.0111236572265625 0.0265159606933594 0.33795166015625 -0.57366943359375
-0.0439910888671875 0.00365829467773437 0.8099365234375 -0.01806640625
-0.0373458862304688 -0.0465469360351563 0.60528564453125 0.70965576171875
0.041168212890625 -0.0393524169921875 -0.00946044921875002 0.6414794921875
0.0612258911132813 -0.0128974914550781 0.0123214721679688 0.086090087890625
0.0340118408203125 -0.0264320373535156 0.14599609375 -0.60076904296875
-0.00206756591796875 -0.0457763671875 -0.4658203125 -0.82440185546875
-0.0298843383789063 -0.0272445678710938 -0.88177490234375 -0.0515136718750001
-0.0261440277099609 0.00992393493652344 -0.41796875 0.59124755859375
-0.004058837890625 0.0152406692504883 0.075592041015625 0.506011962890625
0.0124301910400391 0.0287609100341797 0.310516357421875 0.083831787109375
0.0184364318847656 0.00306320190429688 0.272476196289063 -0.222763061523438
0.0118045806884766 -0.0209922790527344 -0.2073974609375 0.2117919921875
0.0343608856201172 0.0113468170166016 -0.29779052734375 -0.0754699707031249
0.00327301025390625 0.0188846588134766 -0.13787841796875 -0.46026611328125
-0.0066680908203125 0.0244979858398438 0.3448486328125 -0.56982421875
-0.0366554260253906 0.00403213500976562 0.8111572265625 -0.00750732421875
-0.0330696105957031 -0.0424003601074219 0.6002197265625 0.72357177734375
0.0384788513183594 -0.0325927734375 -0.013671875 0.64892578125
0.0525016784667969 -0.00761795043945313 0.00928497314453125 0.090179443359375
0.0303287506103516 -0.0199260711669922 0.13836669921875 -0.59857177734375
0.00205230712890625 -0.0411605834960938 -0.474609375 -0.8135986328125
-0.0215873718261719 -0.0264854431152344 -0.882568359375 -0.0399169921875
-0.0203685760498047 0.00781440734863281 -0.41259765625 0.595947265625
-0.00440025329589844 0.0111894607543945 0.081451416015625 0.506622314453125
0.00941658020019531 0.0239372253417969 0.313995361328125 0.080963134765625
0.0172758102416992 0.00143909454345703 0.278091430664063 -0.222198486328125
0.0110530853271484 -0.0232009887695313 -0.2030029296875 0.21142578125
0.0299415588378906 0.00447463989257813 -0.29388427734375 -0.07904052734375
0.000539779663085939 0.0134725570678711 -0.133697509765625 -0.461181640625
-0.00121879577636719 0.0200347900390625 0.34765625 -0.5653076171875
-0.0267505645751953 0.00392341613769532 0.8116455078125 0.0045166015625
-0.0281639099121094 -0.0357284545898438 0.5926513671875 0.732421875
0.0345630645751953 -0.0241069793701172 -0.0185546874999999 0.65435791015625
0.0427169799804688 -0.000885009765625 0.00851440429687501 0.091888427734375
0.0253944396972656 -0.0121002197265625 0.13153076171875 -0.59417724609375
0.0058441162109375 -0.0353164672851563 -0.4830322265625 -0.8062744140625
-0.0110454559326172 -0.0257930755615234 -0.883056640625 -0.0305786132812498
-0.0138969421386719 0.00312042236328125 -0.4063720703125 0.6016845703125
-0.00424623489379883 0.00543689727783203 0.08514404296875 0.506622314453125
0.0067138671875 0.016606330871582 0.316741943359375 0.078582763671875
0.0169048309326172 -0.00120735168457031 0.280792236328125 -0.221511840820312
0.0103321075439453 -0.0245094299316406 -0.199752807617188 0.211471557617188
0.0252151489257813 -0.00242042541503906 -0.2913818359375 -0.08197021484375
-0.000930309295654297 0.00577020645141602 -0.1307373046875 -0.46392822265625
0.00592708587646485 0.0153894424438477 0.35211181640625 -0.56341552734375
-0.0169210433959961 0.00551319122314453 0.81005859375 0.01312255859375
-0.0240573883056641 -0.0291976928710937 0.5865478515625 0.7421875
0.0290317535400391 -0.014678955078125 -0.023193359375 0.65435791015625
0.0321044921875 0.00607872009277344 0.00968170166015624 0.0920791625976563
0.0197029113769531 -0.00392913818359375 0.128173828125 -0.59405517578125
0.0102596282958984 -0.0278549194335938 -0.49365234375 -0.79937744140625
0.000442504882812499 -0.0239448547363281 -0.8824462890625 -0.0186767578125
-0.00684976577758789 -0.00197982788085937 -0.4014892578125 0.60321044921875
-0.00474643707275391 -0.00190114974975586 0.08935546875 0.50384521484375
0.0022578239440918 0.00845527648925781 0.3187255859375 0.074615478515625
0.0160818099975586 -0.00409793853759766 0.282440185546875 -0.2218017578125
0.0104103088378906 -0.0254077911376953 -0.200164794921875 0.211395263671875
0.0211315155029297 -0.0108795166015625 -0.290130615234375 -0.08544921875
-0.00253868103027344 -0.00192737579345703 -0.126373291015625 -0.46795654296875
0.012394905090332 0.0106105804443359 0.357757568359375 -0.56072998046875
-0.00692510604858398 0.00728273391723633 0.810302734375 0.02490234375
-0.0201740264892578 -0.0213909149169922 0.57879638671875 0.75115966796875
0.0242881774902344 -0.00570487976074219 -0.02471923828125 0.65411376953125
0.0222930908203125 0.0136394500732422 0.0135345458984375 0.088165283203125
0.0148839950561523 0.00487041473388672 0.12188720703125 -0.5968017578125
0.0129890441894531 -0.0206584930419922 -0.5015869140625 -0.79052734375
0.0103263854980469 -0.0228672027587891 -0.88433837890625 -0.00750732421875014
-0.00100231170654297 -0.0074005126953125 -0.39495849609375 0.60552978515625
-0.00558280944824219 -0.00990867614746094 0.0925903320312499 0.49822998046875
-0.00262451171875 0.000301599502563476 0.320037841796875 0.071075439453125
0.0154209136962891 -0.00584888458251953 0.281768798828125 -0.223297119140625
0.00953865051269531 -0.0255947113037109 -0.203155517578125 0.210479736328125
0.0167207717895508 -0.016819953918457 -0.28997802734375 -0.08740234375
-0.00379657745361328 -0.00913143157958984 -0.124542236328125 -0.473724365234375
0.0166587829589844 0.00565147399902344 0.3597412109375 -0.560577392578125
-0.00060272216796875 0.00783634185791016 0.808349609375 0.03314208984375
-0.0176887512207031 -0.0148735046386719 0.57147216796875 0.75537109375
0.020477294921875 0.00163078308105469 -0.027099609375 0.64739990234375
0.0154533386230469 0.019073486328125 0.019805908203125 0.0815277099609375
0.010533332824707 0.0124349594116211 0.1207275390625 -0.60150146484375
0.0152769088745117 -0.014033317565918 -0.50970458984375 -0.7845458984375
0.0173072814941406 -0.0217266082763672 -0.8828125 0.00323486328125006
0.00391006469726563 -0.0122995376586914 -0.390869140625 0.60595703125
-0.00678443908691406 -0.0169486999511719 0.0953369140625 0.492828369140625
-0.0057072639465332 -0.00715112686157226 0.3199462890625 0.067657470703125
0.014430046081543 -0.00696182250976562 0.2791748046875 -0.224822998046875
0.0118427276611328 -0.0191974639892578 -0.226898193359375 0.213714599609375
0.0396041870117188 0.0139884948730469 -0.310333251953125 -0.07000732421875
0.00441169738769531 0.0210285186767578 -0.14990234375 -0.46905517578125
-0.0146389007568359 0.0265331268310547 0.33526611328125 -0.58319091796875
-0.051116943359375 0.003662109375 0.80999755859375 -0.02288818359375
-0.0421142578125 -0.0481529235839844 0.60516357421875 0.69915771484375
0.0437507629394531 -0.0459327697753906 -0.00250244140624998 0.62030029296875
0.0680809020996094 -0.0209426879882813 0.0276718139648438 0.0666885375976563
0.0351238250732422 -0.0320644378662109 0.14068603515625 -0.61981201171875
-0.00777816772460938 -0.0467033386230469 -0.48614501953125 -0.81573486328125
-0.0374336242675781 -0.0260467529296875 -0.88189697265625 -0.0269775390625002
-0.0295772552490234 0.00973892211914063 -0.40228271484375 0.59686279296875
-0.00375461578369141 0.0129518508911133 0.08770751953125 0.4971923828125
0.0135097503662109 0.0284481048583984 0.30877685546875 0.076904296875
0.0179710388183594 0.00360488891601563 0.258590698242188 -0.230743408203125
0.0118522644042969 -0.0193386077880859 -0.219253540039062 0.214279174804688
0.0395774841308594 0.0149650573730469 -0.307037353515625 -0.067047119140625
0.00620269775390625 0.0235424041748047 -0.151275634765625 -0.46136474609375
-0.0135841369628906 0.0282554626464844 0.3292236328125 -0.58087158203125
-0.0493888854980469 0.00407028198242188 0.80767822265625 -0.03076171875
-0.0404777526855469 -0.0483474731445313 0.6124267578125 0.6976318359375
0.0430068969726563 -0.0452384948730469 -0.000427246093749987 0.63037109375
0.066558837890625 -0.0196456909179688 0.0191574096679688 0.0784988403320313
0.0357742309570313 -0.0315093994140625 0.1424560546875 -0.6090087890625
-0.00550079345703125 -0.0477256774902344 -0.47491455078125 -0.82049560546875
-0.0363006591796875 -0.0270767211914062 -0.88079833984375 -0.0400390624999998
-0.0292091369628906 0.0107765197753906 -0.4093017578125 0.59515380859375
-0.00391006469726563 0.015864372253418 0.0824279785156249 0.501953125
0.0138263702392578 0.0297603607177734 0.309600830078125 0.080657958984375
0.0179805755615234 0.00378036499023438 0.264205932617188 -0.229888916015625
0.0120716094970703 -0.0203933715820313 -0.211471557617188 0.214187622070313
0.0385208129882813 0.0137405395507813 -0.3038330078125 -0.06805419921875
0.00518989562988281 0.0231304168701172 -0.14990234375 -0.459136962890625
-0.0109424591064453 0.0273704528808594 0.3287353515625 -0.57843017578125
-0.0443916320800781 0.00413131713867189 0.808837890625 -0.02874755859375
-0.0372161865234375 -0.0458908081054688 0.615234375 0.6995849609375
0.0409202575683594 -0.0405921936035156 -0.00189208984374999 0.64013671875
0.06072998046875 -0.0135765075683594 0.0134658813476563 0.0865478515625
0.0342807769775391 -0.0265712738037109 0.13714599609375 -0.60205078125
-0.00203704833984375 -0.0456581115722656 -0.4749755859375 -0.8173828125
-0.0312328338623047 -0.0277290344238281 -0.8837890625 -0.0411987304687501
-0.0266742706298828 0.0101165771484375 -0.4073486328125 0.597900390625
-0.0039520263671875 0.0156993865966797 0.08221435546875 0.504425048828125
0.0133781433105469 0.0284519195556641 0.311614990234375 0.079132080078125
0.0178966522216797 0.00238800048828125 0.269012451171875 -0.227081298828125
0.0108871459960938 -0.0216732025146484 -0.20404052734375 0.21484375
0.0355682373046875 0.0101661682128906 -0.298736572265625 -0.07122802734375
0.003509521484375 0.0195960998535156 -0.144134521484375 -0.457794189453125
-0.00643348693847656 0.0250396728515625 0.336181640625 -0.572998046875
-0.0366592407226562 0.00439834594726562 0.80975341796875 -0.01641845703125
-0.0332145690917969 -0.0419845581054688 0.60986328125 0.713134765625
0.0377273559570312 -0.0327835083007813 -0.00640869140624993 0.64813232421875
0.0519523620605469 -0.00788497924804687 0.0105056762695313 0.0898818969726563
0.0300388336181641 -0.0204105377197266 0.1307373046875 -0.59796142578125
0.00189208984375 -0.040618896484375 -0.4842529296875 -0.8060302734375
-0.0221290588378906 -0.0265274047851563 -0.88201904296875 -0.03009033203125
-0.0206203460693359 0.00844383239746094 -0.40325927734375 0.60247802734375
-0.00458240509033203 0.0113277435302734 0.088409423828125 0.50439453125
0.00995063781738282 0.0235939025878906 0.31451416015625 0.076446533203125
0.0175237655639648 -0.000266075134277344 0.272979736328125 -0.225936889648438
0.010589599609375 -0.0229778289794922 -0.19927978515625 0.213699340820312
0.0311527252197266 0.00395584106445313 -0.295013427734375 -0.074005126953125
0.00186824798583984 0.0139446258544922 -0.140716552734375 -0.459136962890625
-0.000814437866210935 0.0205669403076172 0.34161376953125 -0.5693359375
-0.0269927978515625 0.00445556640625 0.81060791015625 -0.0069580078125
-0.0285873413085938 -0.03643798828125 0.60272216796875 0.72589111328125
0.0333957672119141 -0.0249080657958984 -0.01007080078125 0.6531982421875
0.04278564453125 -0.00164794921875 0.00855255126953126 0.0923919677734375
0.025054931640625 -0.0123653411865234 0.124755859375 -0.5948486328125
0.00574302673339844 -0.0344810485839844 -0.49310302734375 -0.79931640625
-0.0114727020263672 -0.0248470306396484 -0.88189697265625 -0.01824951171875
-0.0135726928710938 0.00308990478515625 -0.3983154296875 0.60540771484375
-0.00443124771118164 0.00561952590942383 0.0906982421875 0.50604248046875
0.00661468505859375 0.0168132781982422 0.316436767578125 0.073394775390625
0.0176525115966797 -0.00249481201171875 0.276992797851563 -0.225234985351563
0.0101528167724609 -0.0247707366943359 -0.1971435546875 0.214218139648437
0.0260639190673828 -0.00358772277832031 -0.293060302734375 -0.0781249999999999
-0.000976085662841797 0.00665092468261719 -0.136444091796875 -0.462158203125
0.00606346130371094 0.0159549713134766 0.34564208984375 -0.56707763671875
-0.0167360305786133 0.0055084228515625 0.81036376953125 0.0030517578125
-0.0241832733154297 -0.028564453125 0.59576416015625 0.73272705078125
0.0286750793457031 -0.0157413482666016 -0.01507568359375 0.65460205078125
0.0321884155273438 0.00548553466796875 0.00982666015625 0.0919113159179688
0.0201148986816406 -0.00443077087402344 0.1199951171875 -0.5950927734375
0.00942420959472656 -0.0272178649902344 -0.5008544921875 -0.79058837890625
-0.000497817993164064 -0.0236091613769531 -0.88409423828125 -0.00750732421875018
-0.00681734085083008 -0.00203180313110351 -0.3936767578125 0.60894775390625
-0.00519466400146484 -0.00178098678588867 0.0955810546875 0.504058837890625
0.00236225128173828 0.00812149047851563 0.3193359375 0.0704345703125
0.0162534713745117 -0.00508975982666016 0.2794189453125 -0.226364135742188
0.00977706909179688 -0.0261821746826172 -0.196868896484375 0.21331787109375
0.0209178924560547 -0.011383056640625 -0.29193115234375 -0.080230712890625
-0.0030825138092041 -0.000985145568847656 -0.134033203125 -0.46588134765625
0.0119457244873047 0.0107536315917969 0.34893798828125 -0.5653076171875
-0.00714731216430664 0.00704479217529297 0.8101806640625 0.01409912109375
-0.0202293395996094 -0.0208034515380859 0.588623046875 0.74053955078125
0.0239276885986328 -0.00655555725097656 -0.017822265625 0.6522216796875
0.0230770111083984 0.0124034881591797 0.01470947265625 0.0875778198242188
0.0147953033447266 0.00558567047119141 0.1146240234375 -0.59716796875
0.0122947692871094 -0.0203533172607422 -0.51025390625 -0.7841796875
0.00939750671386719 -0.0228252410888672 -0.88385009765625 0.00286865234375
-0.000913619995117188 -0.0072941780090332 -0.3870849609375 0.6112060546875
-0.0058441162109375 -0.00945281982421875 0.09942626953125 0.497955322265625
-0.00216782093048096 0.000260114669799805 0.320068359375 0.067047119140625
0.0155315399169922 -0.00659370422363281 0.2786865234375 -0.227005004882813
0.00909805297851563 -0.0269775390625 -0.200180053710938 0.212432861328125
0.0180416107177734 -0.0178470611572266 -0.292388916015625 -0.0828857421875
-0.00366878509521484 -0.00883102416992188 -0.1314697265625 -0.4710693359375
0.0167350769042969 0.006134033203125 0.35174560546875 -0.5634765625
-0.000509262084960938 0.00847053527832031 0.80902099609375 0.02081298828125
-0.0169649124145508 -0.0146474838256836 0.578369140625 0.74603271484375
0.0202617645263672 0.000301361083984375 -0.0197753906250001 0.6455078125
0.0156230926513672 0.0181865692138672 0.020294189453125 0.0819091796875
0.0111103057861328 0.0122785568237305 0.11248779296875 -0.602783203125
0.0148410797119141 -0.0139064788818359 -0.518798828125 -0.7769775390625
0.0164566040039063 -0.0218429565429688 -0.8819580078125 0.0149536132812501
0.00340080261230469 -0.0123529434204102 -0.3819580078125 0.6123046875
-0.0076150894165039 -0.0158176422119141 0.10247802734375 0.492462158203125
-0.0056614875793457 -0.006256103515625 0.3201904296875 0.064208984375
0.01446533203125 -0.00798797607421875 0.276077270507813 -0.2283935546875
0.0115413665771484 -0.0192890167236328 -0.22320556640625 0.21575927734375
0.0397834777832031 0.0122795104980469 -0.31024169921875 -0.0648193359375
0.00509834289550781 0.0213603973388672 -0.15704345703125 -0.465057373046875
-0.0144481658935547 0.0270786285400391 0.3270263671875 -0.58685302734375
-0.0511817932128906 0.0046539306640625 0.8076171875 -0.0318603515625
-0.0423011779785156 -0.0478973388671875 0.6107177734375 0.69085693359375
0.0423736572265625 -0.047576904296875 0.00268554687499999 0.6182861328125
0.0675735473632813 -0.0213241577148438 0.0279197692871094 0.0672798156738281
0.0355262756347656 -0.0323333740234375 0.1309814453125 -0.619140625
-0.00790786743164062 -0.0464134216308594 -0.49468994140625 -0.80682373046875
-0.0380935668945313 -0.0250892639160156 -0.88037109375 -0.0156860351562502
-0.0286884307861328 0.009918212890625 -0.3931884765625 0.60064697265625
-0.00353145599365234 0.0138692855834961 0.0934143066406251 0.494232177734375
0.0146656036376953 0.0275440216064453 0.308563232421875 0.0726318359375
0.0180835723876953 0.00311088562011719 0.253890991210938 -0.233779907226563
0.0111198425292969 -0.0208644866943359 -0.216110229492188 0.2156982421875
0.0408210754394531 0.0141029357910156 -0.3079833984375 -0.062286376953125
0.00615882873535156 0.0238895416259766 -0.156036376953125 -0.45849609375
-0.0134601593017578 0.0283088684082031 0.32073974609375 -0.58428955078125
-0.0490150451660156 0.00521087646484375 0.80584716796875 -0.04156494140625
-0.0414581298828125 -0.0481605529785156 0.6192626953125 0.68548583984375
0.041229248046875 -0.0469818115234375 0.00695800781249995 0.62884521484375
0.0663909912109375 -0.0199623107910156 0.0193862915039063 0.0787429809570313
0.03582763671875 -0.031646728515625 0.132568359375 -0.60919189453125
-0.00551605224609375 -0.0468902587890625 -0.48260498046875 -0.81243896484375
-0.0367851257324219 -0.0263137817382812 -0.87945556640625 -0.02862548828125
-0.0288810729980469 0.0114173889160156 -0.40093994140625 0.60009765625
-0.0041189193725586 0.0162267684936523 0.0891418457031251 0.500457763671875
0.0146064758300781 0.0297470092773437 0.30987548828125 0.075408935546875
0.0182399749755859 0.00295829772949219 0.2596435546875 -0.232391357421875
0.0118255615234375 -0.0211982727050781 -0.207733154296875 0.215835571289063
0.0390281677246094 0.011932373046875 -0.3038330078125 -0.0631103515624999
0.00562286376953125 0.022857666015625 -0.1568603515625 -0.455810546875
-0.01080322265625 0.0280933380126953 0.3214111328125 -0.580810546875
-0.0442657470703125 0.00481033325195312 0.80694580078125 -0.0401611328125
-0.0381660461425781 -0.0455818176269531 0.6221923828125 0.69134521484375
0.0395431518554688 -0.0415840148925781 0.00592041015625005 0.63800048828125
0.0604438781738281 -0.0162277221679688 0.0134048461914063 0.0867233276367188
0.0340747833251953 -0.0277214050292969 0.12811279296875 -0.6019287109375
-0.00217819213867187 -0.0446090698242188 -0.48358154296875 -0.80780029296875
-0.0317516326904297 -0.0267868041992188 -0.8802490234375 -0.0286254882812499
-0.0263462066650391 0.0104656219482422 -0.40130615234375 0.601806640625
-0.00359249114990235 0.0161714553833008 0.087921142578125 0.503814697265625
0.0139217376708984 0.0279006958007813 0.3114013671875 0.075103759765625
0.0178203582763672 0.00139427185058594 0.264541625976563 -0.230026245117188
0.0110187530517578 -0.0224151611328125 -0.200881958007813 0.216262817382812
0.0360527038574219 0.00963211059570313 -0.2998046875 -0.067535400390625
0.00363540649414062 0.0195388793945313 -0.150299072265625 -0.455230712890625
-0.00604629516601562 0.0255508422851563 0.3292236328125 -0.5758056640625
-0.0366973876953125 0.00475311279296875 0.809326171875 -0.02838134765625
-0.03302001953125 -0.0420036315917969 0.61773681640625 0.70367431640625
0.0368995666503906 -0.034393310546875 0.000732421875000054 0.6456298828125
0.0523757934570313 -0.009490966796875 0.0104522705078125 0.0907440185546875
0.0301933288574219 -0.0206432342529297 0.12188720703125 -0.59735107421875
0.00103378295898437 -0.0400390625 -0.4915771484375 -0.79986572265625
-0.0226306915283203 -0.0256481170654297 -0.88238525390625 -0.0161132812499999
-0.0204429626464844 0.00828742980957031 -0.3939208984375 0.60614013671875
-0.00384616851806641 0.0122747421264648 0.093597412109375 0.5035400390625
0.0109310150146484 0.0226650238037109 0.314361572265625 0.0723876953125
0.0174751281738281 -0.000898361206054688 0.26947021484375 -0.229583740234375
0.00987434387207031 -0.0238418579101563 -0.195465087890625 0.215713500976562
0.0312824249267578 0.00244331359863281 -0.296417236328125 -0.07025146484375
0.00196075439453125 0.0142135620117188 -0.146759033203125 -0.45770263671875
0.000194549560546877 0.0219745635986328 0.33404541015625 -0.57244873046875
-0.0268306732177734 0.0050506591796875 0.80902099609375 -0.018310546875
-0.0285758972167969 -0.0362091064453125 0.61090087890625 0.71600341796875
0.0327491760253906 -0.0264739990234375 -0.00408935546875006 0.6505126953125
0.0427436828613281 -0.0018310546875 0.00897979736328126 0.0923004150390625
0.0259151458740234 -0.0130271911621094 0.11590576171875 -0.5941162109375
0.00517082214355469 -0.0338935852050781 -0.5006103515625 -0.79254150390625
-0.0120449066162109 -0.0254325866699219 -0.88067626953125 -0.00726318359374989
-0.0136070251464844 0.00387954711914062 -0.38909912109375 0.610595703125
-0.00486516952514649 0.00638246536254883 0.0977783203125 0.50341796875
0.00725269317626953 0.0168399810791016 0.316192626953125 0.069244384765625
0.0168142318725586 -0.00302982330322266 0.272918701171875 -0.228378295898438
0.00997161865234375 -0.0256290435791016 -0.1934814453125 0.216461181640625
0.0266647338867188 -0.00464439392089844 -0.293914794921875 -0.072662353515625
-0.000619888305664063 0.00692987442016601 -0.143585205078125 -0.459442138671875
0.00621509552001953 0.0162115097045898 0.33758544921875 -0.57086181640625
-0.0162677764892578 0.00583744049072265 0.806884765625 -0.00750732421875
-0.0233364105224609 -0.0290241241455078 0.60516357421875 0.7237548828125
0.0285797119140625 -0.0170631408691406 -0.00854492187499996 0.65155029296875
0.0323886871337891 0.00449752807617188 0.010772705078125 0.0924758911132813
0.0201034545898438 -0.00393104553222656 0.112548828125 -0.59417724609375
0.0093231201171875 -0.0266304016113281 -0.5087890625 -0.782470703125
-0.000877380371093749 -0.0244026184082031 -0.88018798828125 0.0045166015624999
-0.00651645660400391 -0.00179386138916016 -0.38397216796875 0.614013671875
-0.00535917282104492 -0.00111818313598633 0.101806640625 0.50091552734375
0.00313138961791992 0.00854206085205078 0.31890869140625 0.0665283203125
0.0166330337524414 -0.00588893890380859 0.275802612304688 -0.228683471679688
0.00937461853027344 -0.0272140502929688 -0.194000244140625 0.214950561523437
0.0212383270263672 -0.0120029449462891 -0.292236328125 -0.075775146484375
-0.00170886516571045 -0.00121176242828369 -0.139007568359375 -0.462005615234375
0.012476921081543 0.0111808776855469 0.3426513671875 -0.56878662109375
-0.00734710693359375 0.00638389587402344 0.80877685546875 0.0032958984375
-0.0204048156738281 -0.0217857360839844 0.59521484375 0.73199462890625
0.0234889984130859 -0.00764656066894531 -0.01043701171875 0.64874267578125
0.0229225158691406 0.0113945007324219 0.0149917602539062 0.0884323120117188
0.0154352188110352 0.00431156158447266 0.1075439453125 -0.59564208984375
0.0126857757568359 -0.0199470520019531 -0.5185546875 -0.77508544921875
0.00867462158203125 -0.0238056182861328 -0.88140869140625 0.0158081054687499
-0.000932693481445313 -0.007720947265625 -0.37786865234375 0.6160888671875
-0.00661897659301758 -0.00829887390136719 0.105621337890625 0.49530029296875
-0.00120091438293457 -0.00010073184967041 0.320281982421875 0.06170654296875
0.0158834457397461 -0.00744247436523437 0.274444580078125 -0.230300903320313
0.0089263916015625 -0.0275440216064453 -0.196868896484375 0.214218139648437
0.0180587768554688 -0.0184726715087891 -0.29290771484375 -0.077606201171875
-0.00300216674804687 -0.00803041458129883 -0.137481689453125 -0.4681396484375
0.0171127319335938 0.00663185119628906 0.34539794921875 -0.56610107421875
-0.000812530517578125 0.00769615173339844 0.80657958984375 0.01025390625
-0.0176506042480469 -0.0144290924072266 0.5875244140625 0.73773193359375
0.0201950073242188 -0.000787734985351563 -0.01336669921875 0.64361572265625
0.0160379409790039 0.0174980163574219 0.02130126953125 0.0820465087890625
0.0116758346557617 0.011479377746582 0.10479736328125 -0.60040283203125
0.0147829055786133 -0.0136022567749023 -0.52783203125 -0.76861572265625
0.0162372589111328 -0.0223598480224609 -0.87908935546875 0.0265502929687501
0.00320339202880859 -0.0125751495361328 -0.37353515625 0.61529541015625
-0.0078887939453125 -0.01556396484375 0.107696533203125 0.489715576171875
-0.00536489486694336 -0.00631952285766602 0.319732666015625 0.05963134765625
0.0147809982299805 -0.00855827331542969 0.272323608398438 -0.231704711914063
0.0114326477050781 -0.0209674835205078 -0.219039916992188 0.217239379882812
0.040191650390625 0.0109024047851563 -0.31103515625 -0.0592956542968749
0.00600433349609375 0.0218162536621094 -0.161285400390625 -0.462158203125
-0.0146980285644531 0.0276527404785156 0.319091796875 -0.58642578125
-0.0516586303710938 0.00503540039062501 0.80462646484375 -0.04302978515625
-0.0426902770996094 -0.0469169616699219 0.6165771484375 0.67840576171875
0.0408401489257813 -0.0486717224121094 0.0108642578125 0.61578369140625
0.0672988891601563 -0.0224494934082031 0.0285453796386719 0.0665855407714844
0.0350246429443359 -0.0329475402832031 0.123779296875 -0.61700439453125
-0.0079803466796875 -0.0447044372558594 -0.4989013671875 -0.79693603515625
-0.0385589599609375 -0.0252761840820313 -0.8773193359375 -0.0056152343749999
-0.0283584594726562 0.0107250213623047 -0.3843994140625 0.60400390625
-0.00349235534667969 0.0146446228027344 0.09844970703125 0.492279052734375
0.0152664184570313 0.0268135070800781 0.308746337890625 0.068572998046875
0.0181159973144531 0.00222206115722656 0.250213623046875 -0.2364501953125
0.0107154846191406 -0.0203819274902344 -0.212066650390625 0.217803955078125
0.0412025451660156 0.0127334594726563 -0.308197021484375 -0.0589599609375
0.00679397583007813 0.0241909027099609 -0.1622314453125 -0.454925537109375
-0.0131607055664062 0.0292873382568359 0.31439208984375 -0.583984375
-0.0498924255371094 0.00524520874023437 0.8021240234375 -0.05047607421875
-0.0413742065429688 -0.0472373962402344 0.62469482421875 0.67510986328125
0.0409469604492188 -0.0478134155273438 0.01202392578125 0.6259765625
0.0668106079101563 -0.0212135314941406 0.0207138061523438 0.0778961181640625
0.0359916687011719 -0.0323486328125 0.12506103515625 -0.606201171875
-0.00595474243164063 -0.0463104248046875 -0.4893798828125 -0.802734375
-0.0376205444335938 -0.0260467529296875 -0.87701416015625 -0.0175170898437501
-0.0288410186767578 0.0119991302490234 -0.39263916015625 0.60211181640625
-0.00344181060791016 0.016444206237793 0.093994140625 0.49713134765625
0.0150222778320312 0.0290870666503906 0.3092041015625 0.07147216796875
0.0182209014892578 0.00211715698242188 0.255905151367188 -0.23553466796875
0.0110301971435547 -0.0211505889892578 -0.204635620117187 0.217483520507813
0.0398521423339844 0.0121192932128906 -0.304107666015625 -0.059051513671875
0.00648880004882813 0.0237274169921875 -0.161773681640625 -0.452392578125
-0.0104446411132812 0.0281925201416016 0.315185546875 -0.5819091796875
-0.0445976257324219 0.00487518310546875 0.80340576171875 -0.04888916015625
-0.0385398864746094 -0.045166015625 0.6273193359375 0.68157958984375
0.0392837524414063 -0.0427436828613281 0.0123291015625001 0.634521484375
0.0602531433105469 -0.0166549682617188 0.0144729614257813 0.0862350463867188
0.0339584350585938 -0.0275955200195312 0.122314453125 -0.59942626953125
-0.00215911865234375 -0.0438995361328125 -0.489501953125 -0.8001708984375
-0.0322055816650391 -0.0263233184814453 -0.87799072265625 -0.0178222656249998
-0.0258369445800781 0.0103015899658203 -0.39202880859375 0.607421875
-0.00437831878662109 0.0165786743164063 0.093841552734375 0.501190185546875
0.0145320892333984 0.0271778106689453 0.310943603515625 0.0709228515625
0.0180950164794922 0.0009002685546875 0.261337280273438 -0.233184814453125
0.00987052917480469 -0.0227470397949219 -0.19757080078125 0.217727661132812
0.0368003845214844 0.00756454467773438 -0.299407958984375 -0.0629272460937499
0.00533294677734375 0.0194892883300781 -0.155029296875 -0.452239990234375
-0.00612831115722656 0.0262908935546875 0.32244873046875 -0.57879638671875
-0.0363655090332031 0.00545120239257812 0.80438232421875 -0.037353515625
-0.0336761474609375 -0.0414390563964844 0.62255859375 0.6927490234375
0.0362358093261719 -0.0354957580566406 0.00695800781250005 0.642822265625
0.0519943237304688 -0.0099945068359375 0.0114669799804688 0.09039306640625
0.0303897857666016 -0.0211410522460938 0.11407470703125 -0.5953369140625
0.00165939331054688 -0.0387306213378906 -0.4989013671875 -0.790283203125
-0.0235443115234375 -0.0256862640380859 -0.8785400390625 -0.00653076171874986
-0.0204544067382812 0.00859451293945313 -0.38568115234375 0.61090087890625
-0.00401592254638672 0.0127668380737305 0.0984191894531249 0.501983642578125
0.0117607116699219 0.0232753753662109 0.3140869140625 0.0677490234375
0.0175409317016602 -0.00142383575439453 0.265762329101563 -0.231521606445313
0.00952911376953125 -0.0247268676757813 -0.192596435546875 0.216812133789063
0.0321559906005859 0.00166130065917969 -0.295806884765625 -0.0658874511718751
0.00244522094726563 0.0143022537231445 -0.15155029296875 -0.45306396484375
0.000167846679687501 0.022125244140625 0.32672119140625 -0.5758056640625
-0.0275955200195313 0.00527191162109375 0.80535888671875 -0.02606201171875
-0.0290756225585938 -0.035430908203125 0.6180419921875 0.7059326171875
0.0319938659667969 -0.0271453857421875 0.00244140624999996 0.64794921875
0.0424766540527344 -0.00329208374023438 0.010101318359375 0.0927047729492188
0.0253276824951172 -0.0134525299072266 0.10943603515625 -0.59130859375
0.00502586364746094 -0.0333175659179688 -0.50677490234375 -0.78314208984375
-0.0129642486572266 -0.0251102447509766 -0.87799072265625 0.00225830078125011
-0.013178825378418 0.00443077087402344 -0.37957763671875 0.61480712890625
-0.00498533248901367 0.00688552856445312 0.10223388671875 0.501800537109375
0.00807476043701172 0.0160388946533203 0.31585693359375 0.065521240234375
0.0171909332275391 -0.00372695922851563 0.26873779296875 -0.231460571289063
0.00875282287597656 -0.0265312194824219 -0.189468383789062 0.217178344726563
0.0271339416503906 -0.00535774230957031 -0.295166015625 -0.0684814453125
0.00058889389038086 0.00739479064941406 -0.147003173828125 -0.45526123046875
0.00577735900878906 0.0176601409912109 0.3321533203125 -0.5731201171875
-0.0167398452758789 0.00584983825683594 0.8052978515625 -0.0162353515625
-0.0243110656738281 -0.0283679962158203 0.6094970703125 0.71441650390625
0.0278701782226563 -0.0179710388183594 0.000183105468749989 0.64776611328125
0.0327491760253906 0.0039215087890625 0.0119552612304687 0.0925445556640625
0.0204563140869141 -0.00491714477539063 0.10400390625 -0.59112548828125
0.00935745239257813 -0.0262317657470703 -0.51556396484375 -0.77325439453125
-0.00187301635742188 -0.0245418548583984 -0.87774658203125 0.01324462890625
-0.00711154937744141 -0.00193309783935547 -0.37542724609375 0.61602783203125
-0.00551748275756836 -0.000371456146240235 0.107208251953125 0.499755859375
0.00311374664306641 0.00801229476928711 0.31842041015625 0.0623779296875
0.016331672668457 -0.00665950775146484 0.271530151367188 -0.2320556640625
0.00829696655273437 -0.0283794403076172 -0.18951416015625 0.216461181640625
0.0213737487792969 -0.01312255859375 -0.292633056640625 -0.071807861328125
-0.00131762027740479 -0.000800132751464844 -0.145294189453125 -0.458984375
0.0122346878051758 0.0119514465332031 0.332763671875 -0.569580078125
-0.00761270523071289 0.00703716278076172 0.8052978515625 -0.0079345703125
-0.0205631256103516 -0.0212421417236328 0.60125732421875 0.72125244140625
0.0229206085205078 -0.00883102416992188 -0.00372314453125007 0.64617919921875
0.0233421325683594 0.0113239288330078 0.0154800415039063 0.0884017944335938
0.0158472061157227 0.00410366058349609 0.10028076171875 -0.59246826171875
0.0122909545898437 -0.0189628601074219 -0.52392578125 -0.766357421875
0.00824356079101562 -0.0233592987060547 -0.878662109375 0.0267333984374999
-0.00117015838623047 -0.00714635848999023 -0.37030029296875 0.6202392578125
-0.00641536712646484 -0.00856399536132813 0.110321044921875 0.49468994140625
-0.00134551525115967 0.000247716903686523 0.319580078125 0.05841064453125
0.0146341323852539 -0.00784492492675781 0.270034790039063 -0.232681274414063
0.00875663757324219 -0.0288372039794922 -0.193359375 0.215866088867187
0.0181541442871094 -0.0188026428222656 -0.29351806640625 -0.074554443359375
-0.00296592712402344 -0.00749874114990234 -0.142974853515625 -0.4649658203125
0.0164737701416016 0.00712776184082031 0.33856201171875 -0.5693359375
-0.000161170959472657 0.0082707405090332 0.8050537109375 0.000976562500000001
-0.0181350708007813 -0.0143661499023438 0.59417724609375 0.7281494140625
0.0190753936767578 -0.00190544128417969 -0.00549316406250003 0.641357421875
0.0161533355712891 0.0167865753173828 0.0213470458984375 0.0812454223632813
0.0116338729858398 0.0110673904418945 0.09869384765625 -0.5980224609375
0.014561653137207 -0.0135164260864258 -0.53271484375 -0.759765625
0.0155048370361328 -0.0221614837646484 -0.8792724609375 0.0370483398437502
0.00259113311767578 -0.0126123428344727 -0.36480712890625 0.619140625
-0.00807952880859375 -0.0155553817749023 0.11297607421875 0.489013671875
-0.00490570068359375 -0.00625896453857422 0.31927490234375 0.0550537109375
0.0149621963500977 -0.009796142578125 0.267990112304688 -0.234420776367188
0.00983619689941406 -0.0206432342529297 -0.215667724609375 0.218963623046875
0.0400886535644531 0.00967788696289063 -0.310791015625 -0.0560302734375001
0.00645065307617187 0.0219497680664063 -0.164764404296875 -0.45782470703125
-0.0139045715332031 0.0286960601806641 0.311767578125 -0.58807373046875
-0.0510749816894531 0.00578689575195313 0.80029296875 -0.05120849609375
-0.0429573059082031 -0.0464744567871094 0.6217041015625 0.66845703125
0.0404472351074219 -0.0493545532226563 0.01556396484375 0.6119384765625
0.0670928955078125 -0.023162841796875 0.0285453796386719 0.0672378540039063
0.0349750518798828 -0.0330047607421875 0.1160888671875 -0.6131591796875
-0.00802993774414062 -0.04461669921875 -0.5048828125 -0.7880859375
-0.0387992858886719 -0.024566650390625 -0.87249755859375 0.00469970703124995
-0.0280742645263672 0.0111885070800781 -0.375 0.606201171875
-0.00327682495117188 0.0146093368530273 0.103546142578125 0.49072265625
0.0159893035888672 0.0256767272949219 0.307647705078125 0.064666748046875
0.017578125 0.001678466796875 0.24591064453125 -0.237640380859375
0.0109214782714844 -0.0216064453125 -0.208724975585938 0.219284057617187
0.0414009094238281 0.0116195678710938 -0.307525634765625 -0.053985595703125
0.00755119323730469 0.0243911743164063 -0.1671142578125 -0.4512939453125
-0.0131092071533203 0.0296573638916016 0.30584716796875 -0.58624267578125
-0.050079345703125 0.00577545166015625 0.79595947265625 -0.058837890625
-0.0421104431152344 -0.0473136901855469 0.62884521484375 0.66510009765625
0.0397377014160156 -0.0483131408691406 0.0185546875 0.62225341796875
0.06561279296875 -0.0221023559570313 0.0203628540039062 0.0784454345703125
0.0358085632324219 -0.0325889587402344 0.1182861328125 -0.60223388671875
-0.00605392456054687 -0.0453758239746094 -0.49505615234375 -0.79302978515625
-0.0385894775390625 -0.02630615234375 -0.87420654296875 -0.00775146484375003
-0.0288314819335938 0.011474609375 -0.38427734375 0.6058349609375
-0.00349903106689453 0.0172958374023438 0.09942626953125 0.4952392578125
0.0162410736083984 0.0284271240234375 0.3084716796875 0.0675048828125
0.0185890197753906 0.00184249877929688 0.25103759765625 -0.236907958984375
0.0097198486328125 -0.0227680206298828 -0.200729370117188 0.2183837890625
0.0402069091796875 0.00975799560546875 -0.302886962890625 -0.05450439453125
0.0070343017578125 0.0237369537353516 -0.166259765625 -0.44805908203125
-0.00977516174316406 0.0294170379638672 0.3079833984375 -0.583984375
-0.044952392578125 0.00537872314453124 0.7982177734375 -0.058349609375
-0.0384597778320313 -0.0452117919921875 0.63232421875 0.67022705078125
0.0375595092773438 -0.0429573059082031 0.01727294921875 0.6304931640625
0.0596389770507812 -0.0173454284667969 0.014190673828125 0.0871810913085938
0.0339260101318359 -0.0281543731689453 0.11431884765625 -0.59649658203125
-0.0028228759765625 -0.0429801940917969 -0.496337890625 -0.7911376953125
-0.0323886871337891 -0.0265846252441406 -0.87408447265625 -0.0100708007812502
-0.0259323120117188 0.01165771484375 -0.38427734375 0.606201171875
-0.00366592407226562 0.0169849395751953 0.0986328125 0.49908447265625
0.0147953033447266 0.0271530151367188 0.310211181640625 0.067138671875
0.01751708984375 0.00032806396484375 0.256744384765625 -0.234481811523437
0.00937271118164062 -0.0237655639648437 -0.194381713867188 0.2186279296875
0.0370826721191406 0.00631332397460938 -0.299530029296875 -0.058746337890625
0.005523681640625 0.0208606719970703 -0.159576416015625 -0.448333740234375
-0.00523185729980469 0.0264434814453125 0.31463623046875 -0.5792236328125
-0.0362434387207031 0.0053863525390625 0.80023193359375 -0.045654296875
-0.0342597961425781 -0.0413131713867188 0.6265869140625 0.68243408203125
0.0352096557617188 -0.0361824035644531 0.013671875 0.63922119140625
0.0517044067382813 -0.010589599609375 0.0111312866210937 0.0906982421875
0.0301017761230469 -0.0215301513671875 0.10784912109375 -0.5924072265625
0.000892639160156252 -0.0384864807128906 -0.50384521484375 -0.780517578125
-0.0240516662597656 -0.0256767272949219 -0.872314453125 0.00305175781249999
-0.0195045471191406 0.00847434997558594 -0.37542724609375 0.61279296875
-0.00335121154785156 0.0132980346679688 0.104095458984375 0.498382568359375
0.0124740600585938 0.0230197906494141 0.31243896484375 0.064117431640625
0.0179729461669922 -0.00187110900878906 0.261566162109375 -0.233963012695313
0.00870704650878906 -0.0253028869628906 -0.188827514648437 0.218307495117188
0.0319938659667969 0.000612258911132813 -0.296112060546875 -0.0615844726562499
0.00240039825439453 0.0149621963500977 -0.155364990234375 -0.448272705078125
-0.000104904174804687 0.022369384765625 0.31829833984375 -0.575927734375
-0.0271320343017578 0.00514411926269532 0.8011474609375 -0.034912109375
-0.0292625427246094 -0.0354156494140625 0.620361328125 0.6944580078125
0.031097412109375 -0.0282039642333984 0.00891113281250003 0.64337158203125
0.0425567626953125 -0.00380325317382813 0.0108795166015625 0.0927200317382813
0.0249538421630859 -0.0135841369628906 0.1025390625 -0.5894775390625
0.00477981567382812 -0.0322513580322266 -0.5120849609375 -0.7728271484375
-0.0132598876953125 -0.0253372192382812 -0.874755859375 0.01092529296875
-0.0130825042724609 0.00406646728515625 -0.37255859375 0.61578369140625
-0.00462675094604492 0.00760746002197266 0.10699462890625 0.4981689453125
0.00870895385742188 0.0163030624389648 0.315185546875 0.062042236328125
0.0165462493896484 -0.004486083984375 0.264633178710938 -0.233261108398438
0.00801658630371094 -0.0271759033203125 -0.1864013671875 0.218002319335937
0.0268478393554688 -0.00698089599609375 -0.29327392578125 -0.064422607421875
0.000810146331787109 0.00749111175537109 -0.151947021484375 -0.4505615234375
0.00674724578857422 0.0174417495727539 0.32293701171875 -0.572509765625
-0.0169286727905273 0.00530433654785156 0.80096435546875 -0.0250244140625
-0.0249843597412109 -0.0282688140869141 0.61431884765625 0.70452880859375
0.0267772674560547 -0.0187187194824219 0.0037841796875 0.64483642578125
0.0329360961914063 0.00382804870605469 0.0123519897460938 0.0926055908203125
0.0204486846923828 -0.00453376770019531 0.09710693359375 -0.58807373046875
0.00896263122558594 -0.0257511138916016 -0.5194091796875 -0.7623291015625
-0.00263404846191406 -0.0244178771972656 -0.8746337890625 0.0244140625
-0.00646877288818359 -0.00160455703735352 -0.3658447265625 0.6182861328125
-0.00523567199707031 -0.000293254852294922 0.111541748046875 0.49609375
0.0033574104309082 0.00865364074707031 0.317413330078125 0.057891845703125
0.015904426574707 -0.00676345825195313 0.267623901367188 -0.234161376953125
0.00796318054199219 -0.0284938812255859 -0.186416625976563 0.217117309570312
0.0219001770019531 -0.0146026611328125 -0.293060302734375 -0.067718505859375
-0.00165641307830811 -0.000494122505187988 -0.1497802734375 -0.45538330078125
0.0123834609985352 0.013092041015625 0.3270263671875 -0.57080078125
-0.00790929794311523 0.00655412673950195 0.8009033203125 -0.0166015625
-0.0207786560058594 -0.02105712890625 0.60687255859375 0.70916748046875
0.0218162536621094 -0.0100307464599609 0.00109863281249995 0.642822265625
0.0230751037597656 0.0107059478759766 0.0161285400390625 0.0880355834960938
0.0150985717773437 0.00403785705566406 0.0931396484375 -0.59027099609375
0.0123729705810547 -0.0182685852050781 -0.5291748046875 -0.7548828125
0.00713157653808594 -0.0235614776611328 -0.87255859375 0.0345458984375
-0.00102472305297852 -0.00715065002441406 -0.3616943359375 0.62091064453125
-0.00658845901489258 -0.00770807266235352 0.11492919921875 0.4901123046875
-0.000716805458068848 -6.181001663208E-05 0.3179931640625 0.05462646484375
0.0144767761230469 -0.0083160400390625 0.266616821289063 -0.234481811523438
0.00729560852050781 -0.0292301177978516 -0.190109252929688 0.216552734375
0.0183525085449219 -0.02001953125 -0.29364013671875 -0.0704345703125001
-0.00239992141723633 -0.00717639923095703 -0.148834228515625 -0.460662841796875
0.0175933837890625 0.00795555114746094 0.33026123046875 -0.57061767578125
-0.000821590423583984 0.00756025314331055 0.7982177734375 -0.0078125
-0.017547607421875 -0.0149993896484375 0.59869384765625 0.71759033203125
0.0185203552246094 -0.00272178649902344 4.01204985765473E-17 0.63671875
0.0159931182861328 0.0157546997070313 0.02178955078125 0.0820846557617187
0.0112619400024414 0.0118770599365234 0.08966064453125 -0.595703125
0.0148105621337891 -0.0136432647705078 -0.53778076171875 -0.75054931640625
0.0146656036376953 -0.0228996276855469 -0.8699951171875 0.0457763671875001
0.00324440002441406 -0.0125484466552734 -0.35601806640625 0.62005615234375
-0.0081939697265625 -0.0143146514892578 0.119171142578125 0.484222412109375
-0.00506162643432617 -0.00668764114379883 0.3182373046875 0.051025390625
0.0147075653076172 -0.0103492736816406 0.26397705078125 -0.235763549804688
0.00965118408203125 -0.0216579437255859 -0.211959838867187 0.21942138671875
0.0406837463378906 0.00753402709960938 -0.309234619140625 -0.0518798828125
0.00727272033691406 0.0222568511962891 -0.17010498046875 -0.45391845703125
-0.0132827758789063 0.0290794372558594 0.30499267578125 -0.58819580078125
-0.051300048828125 0.00628280639648438 0.79315185546875 -0.0594482421875
-0.0427932739257813 -0.0466156005859375 0.6234130859375 0.65673828125
0.0386505126953125 -0.0503196716308594 0.0206298828125001 0.60723876953125
0.0665435791015625 -0.0242500305175781 0.0287094116210938 0.0665740966796875
0.0345211029052734 -0.0331916809082031 0.1097412109375 -0.60992431640625
-0.00818252563476563 -0.0433273315429688 -0.50958251953125 -0.779541015625
-0.0395431518554688 -0.0244865417480469 -0.86822509765625 0.0113525390624999
-0.0275230407714844 0.0100383758544922 -0.36676025390625 0.60784912109375
-0.00281143188476563 0.0150527954101563 0.10821533203125 0.486114501953125
0.0160560607910156 0.0256500244140625 0.30609130859375 0.061279296875
0.0182113647460938 0.00109291076660156 0.241806030273437 -0.23919677734375
0.00985336303710938 -0.0218486785888672 -0.205322265625 0.219436645507813
0.0419197082519531 0.0102310180664063 -0.30621337890625 -0.04913330078125
0.00794029235839844 0.0239028930664063 -0.171722412109375 -0.44659423828125
-0.0124034881591797 0.0304927825927734 0.30047607421875 -0.5855712890625
-0.0494537353515625 0.00661849975585937 0.79266357421875 -0.06689453125
-0.0419807434082031 -0.0466461181640625 0.63018798828125 0.65472412109375
0.0390777587890625 -0.0497016906738281 0.02313232421875 0.61688232421875
0.0650825500488281 -0.0228767395019531 0.0210113525390625 0.0785751342773438
0.0356330871582031 -0.0323829650878906 0.112548828125 -0.59967041015625
-0.0060577392578125 -0.04437255859375 -0.49835205078125 -0.784423828125
-0.0384025573730469 -0.0251579284667969 -0.86822509765625 0.000671386718750053
-0.027679443359375 0.0116844177246094 -0.37384033203125 0.60565185546875
-0.00308609008789063 0.0173788070678711 0.10272216796875 0.49163818359375
0.0166435241699219 0.0281410217285156 0.30633544921875 0.064483642578125
0.0185317993164063 0.0007781982421875 0.248062133789063 -0.23748779296875
0.00966644287109375 -0.0226936340332031 -0.196929931640625 0.219512939453125
0.0409049987792969 0.00852584838867188 -0.30255126953125 -0.05035400390625
0.00739860534667969 0.0233402252197266 -0.170196533203125 -0.44378662109375
-0.00957298278808593 0.0295009613037109 0.300048828125 -0.58416748046875
-0.0448532104492188 0.00594711303710937 0.793212890625 -0.06463623046875
-0.0382766723632813 -0.0446395874023437 0.634521484375 0.659912109375
0.0369834899902344 -0.0441551208496094 0.02337646484375 0.6273193359375
0.0597572326660156 -0.0181541442871094 0.0149078369140625 0.0865478515625
0.0340118408203125 -0.0282497406005859 0.108642578125 -0.5911865234375
-0.00269317626953125 -0.0423088073730469 -0.49969482421875 -0.7816162109375
-0.0327434539794922 -0.0251731872558594 -0.8690185546875 -0.000366210937499924
-0.0248546600341797 0.0114154815673828 -0.37445068359375 0.60772705078125
-0.00335311889648438 0.0173768997192383 0.10302734375 0.4954833984375
0.0157852172851562 0.0267410278320312 0.308563232421875 0.063201904296875
0.0176124572753906 -0.000888824462890625 0.25274658203125 -0.23486328125
0.00870132446289063 -0.0249290466308594 -0.19061279296875 0.21923828125
0.0371246337890625 0.00472640991210938 -0.29833984375 -0.0547485351562499
0.00640296936035156 0.020355224609375 -0.16473388671875 -0.443511962890625
-0.00496482849121094 0.0272636413574219 0.30780029296875 -0.57928466796875
-0.0364570617675781 0.00568008422851563 0.795654296875 -0.052734375
-0.0339241027832031 -0.0410957336425781 0.6300048828125 0.67230224609375
0.0335502624511719 -0.0371170043945313 0.0166015625 0.634765625
0.051605224609375 -0.0111885070800781 0.0127182006835938 0.0905838012695313
0.0299263000488281 -0.0214595794677734 0.10321044921875 -0.58740234375
0.000556945800781253 -0.037841796875 -0.50836181640625 -0.77056884765625
-0.0244159698486328 -0.0250968933105469 -0.86907958984375 0.0118408203125002
-0.0197467803955078 0.00878143310546875 -0.36871337890625 0.61334228515625
-0.00365161895751953 0.0133876800537109 0.107574462890625 0.495513916015625
0.0126857757568359 0.0224571228027344 0.3111572265625 0.060394287109375
0.0171909332275391 -0.00272178649902344 0.25665283203125 -0.235305786132812
0.00787353515625 -0.0261135101318359 -0.185501098632813 0.21807861328125
0.0329360961914063 -0.00140762329101563 -0.29547119140625 -0.058197021484375
0.00380706787109375 0.014552116394043 -0.160491943359375 -0.445892333984375
0.000701904296874998 0.0229358673095703 0.31201171875 -0.57513427734375
-0.0272750854492188 0.00571060180664062 0.79620361328125 -0.04229736328125
-0.0293197631835938 -0.0353164672851562 0.622314453125 0.6839599609375
0.0304145812988281 -0.02886962890625 0.01416015625 0.637451171875
0.0427894592285156 -0.0050201416015625 0.0114364624023437 0.0924606323242188
0.0253677368164063 -0.0135574340820313 0.0963134765625001 -0.58367919921875
0.00529861450195312 -0.0321331024169922 -0.51580810546875 -0.7633056640625
-0.0136394500732422 -0.0247077941894531 -0.8677978515625 0.0215454101562498
-0.0132246017456055 0.0038461685180664 -0.36376953125 0.6162109375
-0.00444364547729492 0.00788068771362305 0.11187744140625 0.49603271484375
0.00861740112304688 0.0156774520874023 0.31329345703125 0.057373046875
0.0167160034179688 -0.00532054901123047 0.260971069335938 -0.234298706054688
0.00725364685058594 -0.0277061462402344 -0.183258056640625 0.217620849609375
0.0270004272460938 -0.0078887939453125 -0.29376220703125 -0.061676025390625
0.000788688659667969 0.00828075408935547 -0.1572265625 -0.447113037109375
0.00713348388671875 0.0186004638671875 0.31695556640625 -0.5732421875
-0.0168304443359375 0.00583076477050781 0.79583740234375 -0.033447265625
-0.0246982574462891 -0.0281352996826172 0.616455078125 0.69305419921875
0.0255374908447266 -0.0195331573486328 0.00885009765625007 0.64044189453125
0.0320720672607422 0.00257492065429687 0.01226806640625 0.0926361083984375
0.0198459625244141 -0.00479316711425781 0.0931396484375 -0.583984375
0.00898551940917969 -0.0253887176513672 -0.52337646484375 -0.7545166015625
-0.00345802307128906 -0.0248546600341797 -0.86749267578125 0.0315551757812501
-0.00626468658447266 -0.00101470947265625 -0.35858154296875 0.6202392578125
-0.00562906265258789 0.00110769271850586 0.114288330078125 0.492919921875
0.00391912460327148 0.0079498291015625 0.315673828125 0.054107666015625
0.0155420303344727 -0.00682544708251953 0.262893676757813 -0.235275268554688
0.00740242004394531 -0.0292854309082031 -0.183441162109375 0.217361450195312
0.0226287841796875 -0.0153980255126953 -0.291656494140625 -0.0638427734375
-0.000867545604705811 -2.38418579101563E-05 -0.154052734375 -0.450897216796875
0.0128459930419922 0.0132875442504883 0.32086181640625 -0.572509765625
-0.0082087516784668 0.00672006607055664 0.79547119140625 -0.02349853515625
-0.0209922790527344 -0.0212841033935547 0.60791015625 0.69854736328125
0.0212078094482422 -0.0101890563964844 0.00701904296875003 0.636474609375
0.0228691101074219 0.00958061218261719 0.0167007446289062 0.0881500244140625
0.015833854675293 0.00373554229736328 0.087890625 -0.58624267578125
0.0125141143798828 -0.0184822082519531 -0.53179931640625 -0.747314453125
0.0065155029296875 -0.0233535766601563 -0.86810302734375 0.0435791015625002
-0.000936508178710938 -0.00756549835205078 -0.3524169921875 0.62030029296875
-0.00655078887939453 -0.00677013397216797 0.11822509765625 0.487701416015625
-0.000691771507263184 0.000469624996185303 0.316650390625 0.05010986328125
0.0147056579589844 -0.00967979431152344 0.26177978515625 -0.235916137695313
0.00694847106933594 -0.0296440124511719 -0.186508178710938 0.216827392578125
0.0184574127197266 -0.0205631256103516 -0.2930908203125 -0.067108154296875
-0.0022273063659668 -0.00661802291870117 -0.152252197265625 -0.456146240234375
0.0177211761474609 0.00765609741210938 0.323974609375 -0.56976318359375
-0.00127458572387695 0.00767183303833008 0.79486083984375 -0.0150146484375
-0.0183296203613281 -0.0144691467285156 0.601318359375 0.70526123046875
0.017491340637207 -0.00294685363769531 0.00433349609375001 0.63238525390625
0.0155210494995117 0.0156240463256836 0.02215576171875 0.0816574096679688
0.012059211730957 0.010493278503418 0.08599853515625 -0.5909423828125
0.0147037506103516 -0.0122528076171875 -0.53985595703125 -0.74041748046875
0.01416015625 -0.0231285095214844 -0.86712646484375 0.0531005859375001
0.00345611572265625 -0.0128135681152344 -0.34759521484375 0.62127685546875
-0.00848865509033203 -0.013397216796875 0.12213134765625 0.48199462890625
-0.00446605682373047 -0.00646829605102539 0.316009521484375 0.047332763671875
0.0136661529541016 -0.010554313659668 0.258712768554688 -0.237258911132813
0.00894737243652344 -0.0211048126220703 -0.208633422851562 0.21966552734375
0.0402069091796875 0.00726699829101563 -0.308349609375 -0.0484619140625
0.00805091857910156 0.0220317840576172 -0.173919677734375 -0.44989013671875
-0.0127449035644531 0.0292320251464844 0.2994384765625 -0.586181640625
-0.0507354736328125 0.00709915161132813 0.78826904296875 -0.06463623046875
-0.0434837341308594 -0.0447883605957031 0.626220703125 0.647705078125
0.0382499694824219 -0.0504074096679688 0.023193359375 0.60235595703125
0.0658950805664063 -0.0253410339355469 0.028106689453125 0.0674057006835938
0.0341987609863281 -0.0336952209472656 0.10479736328125 -0.606201171875
-0.00777435302734375 -0.0431022644042969 -0.51141357421875 -0.77032470703125
-0.0400619506835938 -0.0237884521484375 -0.86236572265625 0.0185546874999999
-0.0274982452392578 0.0113620758056641 -0.35980224609375 0.60894775390625
-0.00310420989990234 0.0161199569702148 0.1114501953125 0.48291015625
0.0166397094726563 0.0249958038330078 0.303466796875 0.05810546875
0.0175952911376953 0.0006561279296875 0.237564086914063 -0.239227294921875
0.00839042663574219 -0.0223922729492188 -0.201568603515625 0.219436645507813
0.0419921875 0.00861358642578125 -0.305511474609375 -0.0458679199218751
0.00842094421386719 0.0249671936035156 -0.172698974609375 -0.443817138671875
-0.0116138458251953 0.0310897827148438 0.29302978515625 -0.5850830078125
-0.0494956970214844 0.00665283203125001 0.78582763671875 -0.07208251953125
-0.041900634765625 -0.0460090637207031 0.63336181640625 0.6441650390625
0.0372657775878906 -0.0495262145996094 0.02679443359375 0.61041259765625
0.064971923828125 -0.0238075256347656 0.0212860107421875 0.07855224609375
0.0351142883300781 -0.0323238372802734 0.10784912109375 -0.59490966796875
-0.00598526000976562 -0.0444107055664063 -0.50079345703125 -0.77581787109375
-0.0393257141113281 -0.0245857238769531 -0.8619384765625 0.00646972656249989
-0.0274066925048828 0.0124454498291016 -0.3662109375 0.60675048828125
-0.0036163330078125 0.0185813903808594 0.105987548828125 0.488555908203125
0.0172042846679688 0.0276355743408203 0.304901123046875 0.06170654296875
0.0181941986083984 -6.67572021484375E-05 0.243728637695313 -0.238540649414062
0.00849342346191406 -0.0230712890625 -0.193374633789063 0.21881103515625
0.040557861328125 0.00667190551757813 -0.301422119140625 -0.0473632812500001
0.00767707824707031 0.0239334106445313 -0.1729736328125 -0.438568115234375
-0.00848960876464844 0.0303745269775391 0.2930908203125 -0.58203125
-0.0441856384277344 0.00703048706054688 0.7879638671875 -0.06982421875
-0.0387039184570313 -0.0439453125 0.63433837890625 0.64910888671875
0.0358810424804688 -0.0444679260253906 0.0275878906249999 0.6202392578125
0.0594062805175781 -0.0188407897949219 0.0157394409179688 0.0866012573242187
0.0333518981933594 -0.0283412933349609 0.104736328125 -0.5877685546875
-0.0029754638671875 -0.0420761108398438 -0.500244140625 -0.7706298828125
-0.0335178375244141 -0.0253582000732422 -0.8653564453125 0.00854492187499991
-0.02471923828125 0.0118389129638672 -0.3660888671875 0.60821533203125
-0.00294017791748047 0.0170612335205078 0.106719970703125 0.49151611328125
0.0159645080566406 0.0266323089599609 0.30621337890625 0.060791015625
0.0175056457519531 -0.000882148742675781 0.249008178710938 -0.235702514648438
0.00734901428222656 -0.0246982574462891 -0.18621826171875 0.219329833984375
0.0370407104492188 0.0037078857421875 -0.298095703125 -0.0509033203125
0.00609970092773437 0.0203514099121094 -0.167144775390625 -0.439361572265625
-0.00395011901855468 0.0274391174316406 0.3009033203125 -0.578857421875
-0.0365791320800781 0.00615692138671875 0.78851318359375 -0.06024169921875
-0.0341339111328125 -0.0405654907226562 0.62939453125 0.66094970703125
0.0326919555664063 -0.0375328063964844 0.020751953125 0.629150390625
0.05145263671875 -0.0121192932128906 0.0126571655273437 0.0900650024414063
0.0296878814697266 -0.0210056304931641 0.0978393554687501 -0.58319091796875
0.00137710571289063 -0.0369758605957031 -0.50958251953125 -0.76153564453125
-0.0251121520996094 -0.0247535705566406 -0.86395263671875 0.0173950195312499
-0.0197715759277344 0.00850868225097656 -0.3607177734375 0.612060546875
-0.00350570678710937 0.0137453079223633 0.111968994140625 0.4920654296875
0.0124473571777344 0.0216312408447266 0.309600830078125 0.057769775390625
0.0168981552124023 -0.00304794311523438 0.253311157226563 -0.235702514648438
0.00733375549316406 -0.0265789031982422 -0.182418823242188 0.218032836914062
0.0326099395751953 -0.00203323364257813 -0.294219970703125 -0.0543212890625
0.00427722930908203 0.0149908065795898 -0.162506103515625 -0.44036865234375
0.00172615051269531 0.0234451293945313 0.3070068359375 -0.574951171875
-0.0268440246582031 0.00548744201660157 0.789794921875 -0.0482177734375
-0.0293312072753906 -0.0345802307128906 0.623046875 0.67340087890625
0.0289783477783203 -0.0292129516601563 0.0160522460937499 0.63397216796875
0.0416259765625 -0.0056915283203125 0.0113296508789062 0.0927963256835938
0.0253181457519531 -0.0136184692382812 0.0919189453124999 -0.580078125
0.00499343872070313 -0.0317783355712891 -0.51763916015625 -0.75341796875
-0.0148296356201172 -0.0242805480957031 -0.86346435546875 0.0282592773437501
-0.0125761032104492 0.00415515899658203 -0.35772705078125 0.61724853515625
-0.00410985946655274 0.00810813903808594 0.114471435546875 0.491455078125
0.00933551788330078 0.015711784362793 0.310791015625 0.055084228515625
0.0160331726074219 -0.00539493560791016 0.256637573242188 -0.235382080078125
0.00671005249023437 -0.0289535522460938 -0.179763793945312 0.21820068359375
0.0275173187255859 -0.00913238525390625 -0.29193115234375 -0.057525634765625
0.00168180465698242 0.00808858871459961 -0.159912109375 -0.442657470703125
0.00770759582519531 0.0184764862060547 0.31011962890625 -0.57275390625
-0.0172271728515625 0.00657463073730469 0.790771484375 -0.0400390625
-0.0250835418701172 -0.0282535552978516 0.61767578125 0.6829833984375
0.0248088836669922 -0.0198020935058594 0.01312255859375 0.6346435546875
0.0319690704345703 0.0018463134765625 0.0133132934570313 0.0922622680664063
0.0205612182617187 -0.00438499450683594 0.08660888671875 -0.57940673828125
0.00865936279296875 -0.0246963500976563 -0.525390625 -0.744873046875
-0.004150390625 -0.0247707366943359 -0.862548828125 0.0394287109375
-0.00626945495605469 -0.00182390213012695 -0.350341796875 0.61785888671875
-0.00492191314697266 0.00137090682983399 0.118133544921875 0.48992919921875
0.00422763824462891 0.00747966766357422 0.313262939453125 0.0511474609375
0.0152921676635742 -0.00817394256591797 0.2601318359375 -0.235824584960938
0.00605010986328125 -0.0293521881103516 -0.180572509765625 0.217514038085938
0.0222339630126953 -0.0162277221679688 -0.29180908203125 -0.0606994628906251
-0.000813484191894531 0.000517189502716064 -0.15753173828125 -0.44573974609375
0.0139436721801758 0.0129423141479492 0.31365966796875 -0.5699462890625
-0.00873947143554688 0.00643205642700195 0.79083251953125 -0.0302734375
-0.0212440490722656 -0.0205307006835937 0.61163330078125 0.68994140625
0.0207633972167969 -0.0111618041992188 0.01214599609375 0.6331787109375
0.0233001708984375 0.0091400146484375 0.0169754028320313 0.08831787109375
0.0159435272216797 0.00387859344482422 0.08404541015625 -0.5819091796875
0.0125942230224609 -0.0182971954345703 -0.53363037109375 -0.7364501953125
0.00618934631347656 -0.0238838195800781 -0.8626708984375 0.0505981445312499
-0.000743865966796876 -0.00765180587768555 -0.34539794921875 0.62127685546875
-0.00726175308227539 -0.00576686859130859 0.122314453125 0.485260009765625
-0.000465899705886841 0.000131040811538696 0.314239501953125 0.04736328125
0.0141677856445313 -0.00988864898681641 0.257766723632813 -0.23681640625
0.00644302368164063 -0.0303878784179688 -0.183868408203125 0.216903686523438
0.0182628631591797 -0.0219249725341797 -0.291351318359375 -0.0629882812499999
-0.00164365768432617 -0.00642681121826172 -0.155609130859375 -0.4510498046875
0.018157958984375 0.00840568542480469 0.317626953125 -0.56964111328125
-0.00114965438842773 0.00767850875854492 0.7896728515625 -0.0225830078125
-0.0185260772705078 -0.0135841369628906 0.60491943359375 0.6943359375
0.0172929763793945 -0.00373268127441406 0.008544921875 0.62744140625
0.0165205001831055 0.0145750045776367 0.0221939086914063 0.0806045532226562
0.0123958587646484 0.0108623504638672 0.0794677734375 -0.5865478515625
0.0149135589599609 -0.0119266510009766 -0.54046630859375 -0.731201171875
0.0134792327880859 -0.0235233306884766 -0.86224365234375 0.0606689453125001
0.00275421142578125 -0.012364387512207 -0.3408203125 0.62103271484375
-0.00852298736572266 -0.0128927230834961 0.12408447265625 0.479217529296875
-0.00423622131347656 -0.00577545166015625 0.3138427734375 0.04449462890625
0.0137519836425781 -0.0108757019042969 0.255111694335938 -0.238357543945313
0.00845718383789063 -0.0221538543701172 -0.205429077148438 0.219650268554688
0.0414314270019531 0.00551986694335937 -0.3067626953125 -0.0447998046875
0.00857734680175781 0.0222682952880859 -0.174835205078125 -0.44427490234375
-0.0111789703369141 0.0293331146240234 0.29205322265625 -0.58544921875
-0.0504264831542969 0.00664520263671875 0.78125 -0.07037353515625
-0.0431327819824219 -0.0451087951660156 0.623046875 0.6378173828125
0.0368385314941406 -0.0503349304199219 0.0274658203125 0.59857177734375
0.0649337768554687 -0.0259552001953125 0.0285110473632813 0.0674285888671875
0.0340080261230469 -0.0333099365234375 0.101318359375 -0.60076904296875
-0.00811767578125 -0.0424537658691406 -0.5120849609375 -0.761474609375
-0.0403633117675781 -0.0234222412109375 -0.85699462890625 0.02435302734375
-0.0273380279541016 0.0112495422363281 -0.35260009765625 0.606689453125
-0.00288581848144531 0.0161676406860352 0.1136474609375 0.479766845703125
0.0175457000732422 0.0251808166503906 0.301971435546875 0.055084228515625
0.0175275802612305 0.000384330749511719 0.234222412109375 -0.239730834960938
0.00815391540527344 -0.0230579376220703 -0.19873046875 0.219131469726563
0.041961669921875 0.00710296630859375 -0.30377197265625 -0.043487548828125
0.00913429260253906 0.0245990753173828 -0.176300048828125 -0.43743896484375
-0.0109233856201172 0.0310134887695313 0.288330078125 -0.584716796875
-0.0498847961425781 0.00733566284179687 0.77935791015625 -0.07928466796875
-0.0425567626953125 -0.0456085205078125 0.6317138671875 0.635009765625
0.0364227294921875 -0.0500411987304688 0.0299072265625 0.60736083984375
0.0635643005371094 -0.0242538452148438 0.0208587646484375 0.0788040161132813
0.0346908569335938 -0.0325107574462891 0.10345458984375 -0.59112548828125
-0.00591659545898437 -0.0435752868652344 -0.50115966796875 -0.76519775390625
-0.0385818481445313 -0.0249443054199219 -0.85772705078125 0.0137939453125001
-0.0275230407714844 0.0119857788085938 -0.36053466796875 0.605224609375
-0.00252532958984375 0.0185165405273437 0.1092529296875 0.485931396484375
0.0176429748535156 0.0274829864501953 0.30242919921875 0.05877685546875
0.0175876617431641 -0.000169754028320313 0.240203857421875 -0.23773193359375
0.00835990905761719 -0.0233650207519531 -0.190216064453125 0.219528198242188
0.0405769348144531 0.006195068359375 -0.30047607421875 -0.0441589355468751
0.00882530212402344 0.0240535736083984 -0.175628662109375 -0.435546875
-0.00766372680664062 0.0307674407958984 0.28778076171875 -0.58154296875
-0.0443191528320312 0.00679016113281251 0.7821044921875 -0.07611083984375
-0.0392341613769531 -0.0439529418945312 0.635498046875 0.63958740234375
0.0346527099609375 -0.044677734375 0.0286865234375 0.6160888671875
0.0584564208984375 -0.0191154479980469 0.015350341796875 0.0865249633789063
0.0327701568603516 -0.0283317565917969 0.099853515625 -0.5823974609375
-0.00264739990234375 -0.04083251953125 -0.50152587890625 -0.76287841796875
-0.0333843231201172 -0.0249042510986328 -0.85906982421875 0.0121459960937502
-0.0244808197021484 0.0115203857421875 -0.3603515625 0.60736083984375
-0.00322341918945312 0.0177364349365234 0.10784912109375 0.48846435546875
0.0155830383300781 0.0260105133056641 0.304168701171875 0.057830810546875
0.0173711776733398 -0.00142288208007812 0.24481201171875 -0.236129760742188
0.00699043273925781 -0.0252304077148438 -0.184051513671875 0.219039916992188
0.0375633239746094 0.00229263305664063 -0.295928955078125 -0.0478515625
0.00696372985839844 0.0202770233154297 -0.168609619140625 -0.4337158203125
-0.00384330749511719 0.027801513671875 0.29632568359375 -0.5765380859375
-0.03717041015625 0.00606918334960938 0.783203125 -0.0638427734375
-0.0343360900878906 -0.0396804809570313 0.62939453125 0.65325927734375
0.0320968627929688 -0.0374183654785156 0.02508544921875 0.621826171875
0.0506629943847656 -0.0129852294921875 0.0129013061523437 0.0906143188476563
0.0296249389648437 -0.0214157104492187 0.093017578125 -0.5782470703125
0.000492095947265628 -0.0357704162597656 -0.51055908203125 -0.7529296875
-0.0258312225341797 -0.0247402191162109 -0.85870361328125 0.0238037109375001
-0.0193290710449219 0.00882148742675781 -0.35394287109375 0.612548828125
-0.0030975341796875 0.013798713684082 0.1138916015625 0.487457275390625
0.0128574371337891 0.0217685699462891 0.30670166015625 0.054473876953125
0.0163192749023438 -0.00342178344726562 0.249130249023437 -0.235214233398437
0.00632858276367188 -0.0276126861572266 -0.179519653320313 0.217849731445313
0.0330047607421875 -0.00279045104980469 -0.29266357421875 -0.05194091796875
0.00446796417236328 0.0155963897705078 -0.16522216796875 -0.43609619140625
0.00224113464355469 0.0238437652587891 0.29998779296875 -0.57440185546875
-0.0274143218994141 0.00608444213867188 0.78485107421875 -0.05426025390625
-0.0295925140380859 -0.0343227386474609 0.6229248046875 0.6650390625
0.0279903411865234 -0.0295333862304688 0.0211181640625 0.62841796875
0.041046142578125 -0.00585174560546875 0.0123977661132813 0.0929794311523438
0.0248928070068359 -0.0135364532470703 0.0874633789062501 -0.57586669921875
0.00489425659179688 -0.0307846069335938 -0.518798828125 -0.74420166015625
-0.0153293609619141 -0.0238590240478516 -0.85797119140625 0.03253173828125
-0.0127344131469727 0.00442790985107422 -0.349853515625 0.61541748046875
-0.0040287971496582 0.00838327407836914 0.11761474609375 0.490081787109375
0.00897789001464844 0.0156087875366211 0.309234619140625 0.052215576171875
0.0158014297485352 -0.00577735900878906 0.253082275390625 -0.235580444335938
0.00585365295410156 -0.0286922454833984 -0.17718505859375 0.217788696289062
0.0271339416503906 -0.00988197326660156 -0.2911376953125 -0.055023193359375
0.00267696380615234 0.00803375244140625 -0.162384033203125 -0.437225341796875
0.00843238830566406 0.018646240234375 0.30548095703125 -0.57110595703125
-0.0172367095947266 0.00585365295410157 0.78314208984375 -0.0462646484375
-0.0248069763183594 -0.0276222229003906 0.6187744140625 0.67401123046875
0.0235862731933594 -0.0206432342529297 0.0149536132812499 0.6282958984375
0.0316581726074219 0.00125312805175781 0.0130844116210937 0.09210205078125
0.0206756591796875 -0.00452995300292969 0.08380126953125 -0.57403564453125
0.00945854187011719 -0.0240364074707031 -0.5255126953125 -0.73663330078125
-0.00444984436035156 -0.0240879058837891 -0.856689453125 0.0453491210937502
-0.00642013549804688 -0.00162315368652344 -0.34393310546875 0.61859130859375
-0.00533056259155273 0.00163507461547852 0.119598388671875 0.48614501953125
0.0049281120300293 0.00756978988647461 0.311492919921875 0.049041748046875
0.0148162841796875 -0.0083770751953125 0.255279541015625 -0.236297607421875
0.00543975830078125 -0.0299263000488281 -0.177886962890625 0.217193603515625
0.0224628448486328 -0.0172538757324219 -0.289886474609375 -0.0577392578125
0.000630497932434082 0.000380396842956543 -0.15911865234375 -0.443206787109375
0.0142202377319336 0.013554573059082 0.3076171875 -0.57049560546875
-0.00882625579833984 0.00670146942138672 0.78558349609375 -0.0350341796875
-0.02117919921875 -0.0202693939208984 0.61138916015625 0.67999267578125
0.0196952819824219 -0.0114269256591797 0.0141601562499999 0.62774658203125
0.0230388641357422 0.00831794738769531 0.017364501953125 0.0878448486328125
0.0160236358642578 0.00370121002197266 0.07879638671875 -0.575927734375
0.0124902725219727 -0.0174875259399414 -0.5341796875 -0.72900390625
0.00565528869628906 -0.0235233306884766 -0.85662841796875 0.0537719726562502
-0.000812530517578125 -0.00752592086791992 -0.33868408203125 0.61981201171875
-0.00676774978637695 -0.00554323196411133 0.12371826171875 0.481109619140625
0.000441670417785645 0.000236362218856812 0.3118896484375 0.045318603515625
0.0141668319702148 -0.00952053070068359 0.254608154296875 -0.237457275390625
0.00550651550292969 -0.0307197570800781 -0.180801391601563 0.216262817382812
0.0189304351806641 -0.0224895477294922 -0.291534423828125 -0.060211181640625
-0.00139331817626953 -0.00638580322265625 -0.15826416015625 -0.44677734375
0.0180091857910156 0.008941650390625 0.312744140625 -0.56817626953125
-0.00124406814575195 0.00764751434326172 0.7840576171875 -0.02716064453125
-0.0183372497558594 -0.0138359069824219 0.6038818359375 0.68572998046875
0.0167255401611328 -0.00410747528076172 0.00994873046874997 0.6214599609375
0.01593017578125 0.0143613815307617 0.022491455078125 0.0815963745117187
0.0124998092651367 0.0110712051391602 0.076904296875 -0.5806884765625
0.0149974822998047 -0.0118141174316406 -0.54107666015625 -0.72247314453125
0.0126075744628906 -0.0231571197509766 -0.85552978515625 0.0673828124999999
0.00303745269775391 -0.0125465393066406 -0.33306884765625 0.62078857421875
-0.00827789306640625 -0.012237548828125 0.12713623046875 0.475311279296875
-0.00403499603271484 -0.00671911239624023 0.311248779296875 0.04180908203125
0.0131263732910156 -0.0113592147827148 0.25177001953125 -0.237747192382812
0.00775527954101562 -0.022216796875 -0.202255249023437 0.219345092773438
0.0411415100097656 0.004425048828125 -0.305633544921875 -0.042449951171875
0.0087432861328125 0.0217037200927734 -0.1771240234375 -0.44073486328125
-0.0112895965576172 0.0294437408447266 0.2879638671875 -0.58319091796875
-0.0505638122558594 0.00697708129882812 0.7779541015625 -0.07489013671875
-0.0430526733398437 -0.0448684692382813 0.6240234375 0.6304931640625
0.03582763671875 -0.05059814453125 0.02838134765625 0.59161376953125
0.0646476745605469 -0.0264968872070313 0.0284614562988281 0.0672225952148438
0.0343189239501953 -0.0329017639160156 0.09735107421875 -0.5963134765625
-0.00777435302734375 -0.0416793823242188 -0.51190185546875 -0.75408935546875
-0.0409736633300781 -0.0229988098144531 -0.85101318359375 0.0282592773437501
-0.0267448425292969 0.0107555389404297 -0.34765625 0.60589599609375
-0.00224685668945312 0.0164289474487305 0.115386962890625 0.47650146484375
0.0170345306396484 0.0249671936035156 0.300201416015625 0.052886962890625
0.016963005065918 -7.05718994140625E-05 0.230850219726563 -0.238815307617188
0.00796318054199219 -0.0225868225097656 -0.195877075195313 0.219345092773437
0.0417976379394531 0.00583267211914063 -0.30322265625 -0.040435791015625
0.0100860595703125 0.0240974426269531 -0.178070068359375 -0.433624267578125
-0.00989913940429687 0.0309219360351563 0.2830810546875 -0.58343505859375
-0.049285888671875 0.00715255737304688 0.774169921875 -0.0809326171875
-0.0422859191894531 -0.0451927185058594 0.6309814453125 0.6263427734375
0.0353202819824219 -0.050079345703125 0.031494140625 0.6015625
0.0630111694335938 -0.0247802734375 0.02178955078125 0.0786209106445313
0.0347137451171875 -0.0322399139404297 0.10064697265625 -0.58575439453125
-0.00592041015625 -0.0425758361816406 -0.501220703125 -0.75872802734375
-0.0397186279296875 -0.0238685607910156 -0.8515625 0.01739501953125
-0.0274143218994141 0.0122642517089844 -0.3541259765625 0.60369873046875
-0.0020904541015625 0.0189361572265625 0.111175537109375 0.4835205078125
0.0176925659179688 0.0268020629882813 0.301177978515625 0.056915283203125
0.0176506042480469 -0.000703811645507813 0.236907958984375 -0.238494873046875
0.00732803344726563 -0.0238704681396484 -0.188186645507812 0.218826293945313
0.040435791015625 0.00479507446289063 -0.299163818359375 -0.04144287109375
0.00938034057617188 0.0234756469726563 -0.177459716796875 -0.430267333984375
-0.00720024108886719 0.0301895141601563 0.28289794921875 -0.5797119140625
-0.0442237854003906 0.00672531127929687 0.77618408203125 -0.0802001953125
-0.0390815734863281 -0.0428047180175781 0.63409423828125 0.63134765625
0.0334243774414063 -0.0454177856445313 0.03173828125 0.61083984375
0.0582656860351562 -0.0196571350097656 0.0153121948242188 0.0865402221679688
0.0325431823730469 -0.0284004211425781 0.0972900390625 -0.57733154296875
-0.00220870971679688 -0.0403671264648438 -0.50225830078125 -0.7557373046875
-0.0347728729248047 -0.0237636566162109 -0.85345458984375 0.0162963867187499
-0.0241527557373047 0.011260986328125 -0.35382080078125 0.60595703125
-0.00289154052734375 0.0184574127197266 0.1107177734375 0.48406982421875
0.0158348083496094 0.0254974365234375 0.3023681640625 0.05633544921875
0.0169992446899414 -0.00132942199707031 0.241790771484375 -0.23577880859375
0.00678634643554687 -0.0261631011962891 -0.181533813476562 0.218658447265625
0.0378341674804688 0.00099945068359375 -0.29486083984375 -0.045440673828125
0.00733566284179688 0.0203895568847656 -0.17041015625 -0.431304931640625
-0.00267219543457031 0.0282440185546875 0.29248046875 -0.57611083984375
-0.0361747741699219 0.00664901733398438 0.7786865234375 -0.0673828125
-0.0342216491699219 -0.039764404296875 0.63031005859375 0.64410400390625
0.0314445495605469 -0.0380477905273438 0.02545166015625 0.61773681640625
0.0500411987304688 -0.01324462890625 0.0126419067382813 0.090545654296875
0.0291996002197266 -0.0213546752929688 0.0909423828125 -0.57244873046875
0.00152206420898438 -0.0363540649414063 -0.5098876953125 -0.74432373046875
-0.0254783630371094 -0.0245513916015625 -0.85113525390625 0.0289306640625
-0.0188732147216797 0.00821876525878906 -0.3480224609375 0.6112060546875
-0.00307655334472656 0.0148038864135742 0.115753173828125 0.485626220703125
0.0145359039306641 0.0215320587158203 0.304901123046875 0.05255126953125
0.0158100128173828 -0.00373935699462891 0.24664306640625 -0.235931396484375
0.00589752197265625 -0.0273208618164063 -0.177764892578125 0.217971801757813
0.0330638885498047 -0.004547119140625 -0.29193115234375 -0.04925537109375
0.00515174865722656 0.0152616500854492 -0.167755126953125 -0.432464599609375
0.00280570983886719 0.0239982604980469 0.2950439453125 -0.572021484375
-0.0269489288330078 0.00632476806640625 0.7801513671875 -0.05694580078125
-0.0299034118652344 -0.0337238311767578 0.62225341796875 0.65655517578125
0.0276641845703125 -0.0300960540771484 0.0220947265625001 0.62310791015625
0.0407180786132812 -0.00613784790039062 0.0124435424804687 0.0927886962890625
0.0253219604492188 -0.013580322265625 0.0843505859375 -0.569580078125
0.00518989562988281 -0.0302009582519531 -0.51763916015625 -0.7366943359375
-0.0158634185791016 -0.0248298645019531 -0.85174560546875 0.0377807617187501
-0.0129318237304688 0.00365734100341797 -0.343505859375 0.6134033203125
-0.00344753265380859 0.00945377349853516 0.119171142578125 0.485504150390625
0.00958538055419922 0.0148029327392578 0.3072509765625 0.049652099609375
0.0159807205200195 -0.00605106353759766 0.250473022460938 -0.236053466796875
0.00498390197753906 -0.0297889709472656 -0.1749267578125 0.217239379882813
0.0281200408935547 -0.0105304718017578 -0.290283203125 -0.0523986816406249
0.00268793106079102 0.00812578201293945 -0.165008544921875 -0.434600830078125
0.00890922546386719 0.0189208984375 0.3001708984375 -0.56866455078125
-0.0169401168823242 0.00702953338623046 0.7791748046875 -0.0496826171875
-0.0252113342285156 -0.0272216796875 0.617431640625 0.6639404296875
0.0231285095214844 -0.0209579467773438 0.01885986328125 0.6248779296875
0.0314121246337891 0.000654220581054688 0.0140380859375 0.0922698974609375
0.0202522277832031 -0.00554847717285156 0.0804443359375 -0.56854248046875
0.00912666320800781 -0.0239658355712891 -0.52569580078125 -0.7291259765625
-0.00484085083007812 -0.0240345001220703 -0.85162353515625 0.0482788085937501
-0.00618791580200195 -0.00183629989624024 -0.33941650390625 0.6162109375
-0.00531148910522461 0.00214385986328125 0.12255859375 0.483734130859375
0.00504207611083984 0.00806760787963867 0.308990478515625 0.04742431640625
0.0145912170410156 -0.00859451293945313 0.252716064453125 -0.2364501953125
0.00470161437988282 -0.0300579071044922 -0.175018310546875 0.216049194335938
0.0227317810058594 -0.0175495147705078 -0.288787841796875 -0.05517578125
0.000775933265686035 0.000757575035095215 -0.162017822265625 -0.4388427734375
0.014796257019043 0.013270378112793 0.30377197265625 -0.567138671875
-0.00850296020507813 0.00676155090332031 0.779052734375 -0.0389404296875
-0.0209293365478516 -0.0202617645263672 0.61126708984375 0.67120361328125
0.0194721221923828 -0.0115451812744141 0.01605224609375 0.62237548828125
0.0219535827636719 0.007781982421875 0.0174560546875 0.087799072265625
0.0158262252807617 0.00377464294433594 0.0760498046875 -0.57110595703125
0.0127744674682617 -0.0168132781982422 -0.53363037109375 -0.72100830078125
0.0045166015625 -0.0236682891845703 -0.8504638671875 0.0584716796874998
-0.00110340118408203 -0.00790691375732422 -0.33233642578125 0.61895751953125
-0.00696802139282227 -0.00528430938720703 0.12603759765625 0.47918701171875
0.000415712594985962 0.000143945217132568 0.310211181640625 0.04278564453125
0.0138578414916992 -0.0107612609863281 0.251983642578125 -0.236663818359375
0.00456428527832031 -0.0312366485595703 -0.177963256835938 0.215911865234375
0.0188503265380859 -0.0237026214599609 -0.288726806640625 -0.057708740234375
-0.00123262405395508 -0.00603914260864258 -0.15887451171875 -0.444183349609375
0.0188827514648438 0.00899887084960938 0.3084716796875 -0.566650390625
-0.00122690200805664 0.00743913650512695 0.77972412109375 -0.0322265625
-0.0181541442871094 -0.0140609741210938 0.60150146484375 0.6778564453125
0.0161933898925781 -0.00492000579833984 0.0138549804687499 0.616455078125
0.0153751373291016 0.0136022567749023 0.022857666015625 0.0816802978515625
0.0123062133789063 0.0106830596923828 0.07342529296875 -0.5772705078125
0.0154132843017578 -0.0115127563476563 -0.54217529296875 -0.71630859375
0.0117321014404297 -0.0235557556152344 -0.850830078125 0.0712280273437502
0.00281143188476563 -0.0129632949829102 -0.32757568359375 0.61859130859375
-0.00867176055908203 -0.0117950439453125 0.128326416015625 0.471893310546875
-0.00300693511962891 -0.00585508346557617 0.3089599609375 0.04034423828125
0.0126771926879883 -0.0118808746337891 0.248489379882813 -0.238143920898438
0.00696372985839844 -0.0221271514892578 -0.200424194335937 0.219070434570313
0.04119873046875 0.003204345703125 -0.303955078125 -0.040374755859375
0.00896072387695313 0.0218791961669922 -0.178009033203125 -0.437530517578125
-0.0105628967285156 0.0292625427246094 0.2845458984375 -0.58172607421875
-0.0505523681640625 0.00693130493164063 0.77056884765625 -0.07586669921875
-0.0431060791015625 -0.0433197021484375 0.62164306640625 0.623291015625
0.0353164672851563 -0.0511817932128906 0.0291748046875 0.5880126953125
0.0632743835449219 -0.0263786315917969 0.0288619995117188 0.0680389404296875
0.0338516235351563 -0.0330581665039063 0.0947265625 -0.5914306640625
-0.00776290893554688 -0.0407752990722656 -0.511474609375 -0.748046875
-0.0411453247070313 -0.0226707458496094 -0.84600830078125 0.0304565429687502
-0.02740478515625 0.0107593536376953 -0.34356689453125 0.6029052734375
-0.00214099884033203 0.0166397094726563 0.116302490234375 0.47479248046875
0.0173530578613281 0.0246810913085938 0.297821044921875 0.052154541015625
0.0173044204711914 -0.0008392333984375 0.22821044921875 -0.238571166992187
0.00697517395019531 -0.0227241516113281 -0.193115234375 0.2188720703125
0.0417594909667969 0.00475692749023438 -0.301849365234375 -0.038330078125
0.00962638854980469 0.0240230560302734 -0.17950439453125 -0.4298095703125
-0.00903129577636719 0.031463623046875 0.28021240234375 -0.579833984375
-0.0493736267089844 0.00781631469726562 0.76678466796875 -0.0836181640625
-0.0416107177734375 -0.0445060729980469 0.629150390625 0.62017822265625
0.0342025756835938 -0.0502281188964844 0.03070068359375 0.5970458984375
0.0625534057617188 -0.0252685546875 0.0208282470703125 0.0789947509765625
0.0344791412353516 -0.0327587127685547 0.0977172851562499 -0.58111572265625
-0.00545120239257812 -0.0418052673339844 -0.50048828125 -0.75128173828125
-0.039642333984375 -0.0238494873046875 -0.84613037109375 0.0209960937499999
-0.0269393920898438 0.0115756988525391 -0.34979248046875 0.6005859375
-0.00213050842285156 0.0184383392333984 0.110198974609375 0.480621337890625
0.0181808471679688 0.0268516540527344 0.29827880859375 0.0546875
0.0171642303466797 -0.000864028930664063 0.23486328125 -0.237533569335937
0.006744384765625 -0.0235996246337891 -0.185287475585938 0.218368530273437
0.0404014587402344 0.00330734252929687 -0.297210693359375 -0.039215087890625
0.0095367431640625 0.0237331390380859 -0.1778564453125 -0.42816162109375
-0.00640678405761719 0.0303554534912109 0.27923583984375 -0.57781982421875
-0.0442428588867188 0.007568359375 0.76947021484375 -0.0810546875
-0.0385932922363281 -0.0421943664550781 0.63348388671875 0.62518310546875
0.0331916809082031 -0.0456504821777344 0.03253173828125 0.60675048828125
0.0572853088378906 -0.0200767517089844 0.0160903930664063 0.0864486694335937
0.0324916839599609 -0.0280818939208984 0.0963134765624999 -0.57373046875
-0.00202560424804688 -0.0399703979492188 -0.49957275390625 -0.74786376953125
-0.0347080230712891 -0.0243148803710938 -0.846435546875 0.01983642578125
-0.0239124298095703 0.0117588043212891 -0.34814453125 0.60357666015625
-0.00272178649902344 0.01934814453125 0.111480712890625 0.48370361328125
0.0167789459228516 0.0253276824951172 0.301025390625 0.054534912109375
0.0172033309936523 -0.00199985504150391 0.238861083984375 -0.23583984375
0.00562477111816406 -0.0263385772705078 -0.178756713867187 0.217559814453125
0.0379219055175781 0.0003662109375 -0.29376220703125 -0.0431213378906251
0.008026123046875 0.0207347869873047 -0.17315673828125 -0.42791748046875
-0.00204849243164062 0.0283756256103516 0.2880859375 -0.5731201171875
-0.0365371704101563 0.00649261474609375 0.77178955078125 -0.072265625
-0.0348434448242188 -0.0389137268066406 0.6268310546875 0.6373291015625
0.0305824279785156 -0.0383529663085938 0.02685546875 0.61334228515625
0.0493812561035156 -0.0140876770019531 0.0127105712890625 0.0910263061523438
0.0289306640625 -0.0214557647705078 0.08837890625 -0.56884765625
0.00128555297851562 -0.0354156494140625 -0.50836181640625 -0.738037109375
-0.0259361267089844 -0.0242137908935547 -0.8458251953125 0.02996826171875
-0.0187168121337891 0.00822830200195313 -0.343505859375 0.60760498046875
-0.00294780731201172 0.0150442123413086 0.11572265625 0.484130859375
0.0136280059814453 0.0210018157958984 0.3038330078125 0.0513916015625
0.016362190246582 -0.00365638732910156 0.243972778320313 -0.2354736328125
0.0051727294921875 -0.0270900726318359 -0.174575805664062 0.2166748046875
0.0326614379882813 -0.00582122802734375 -0.2904052734375 -0.04754638671875
0.00572109222412109 0.0156517028808594 -0.167633056640625 -0.4278564453125
0.00363349914550781 0.0239276885986328 0.29144287109375 -0.569580078125
-0.0276336669921875 0.00597763061523437 0.77337646484375 -0.06036376953125
-0.0292530059814453 -0.0332393646240234 0.6217041015625 0.64947509765625
0.0267372131347656 -0.0304431915283203 0.0234375 0.61907958984375
0.0407142639160156 -0.00649261474609375 0.0125045776367188 0.0928268432617188
0.0249538421630859 -0.0136852264404297 0.08251953125 -0.56402587890625
0.00574493408203125 -0.0292377471923828 -0.51666259765625 -0.7314453125
-0.0160083770751953 -0.0239276885986328 -0.8460693359375 0.0414428710937499
-0.0123472213745117 0.00375270843505859 -0.34033203125 0.61279296875
-0.00371360778808594 0.00929164886474609 0.120025634765625 0.483673095703125
0.00975322723388672 0.0148143768310547 0.3052978515625 0.048187255859375
0.0150279998779297 -0.00648689270019531 0.247589111328125 -0.235626220703125
0.0050048828125 -0.029541015625 -0.17279052734375 0.215805053710938
0.0279788970947266 -0.0114936828613281 -0.28936767578125 -0.0499267578125
0.00302648544311523 0.00799989700317383 -0.165618896484375 -0.430999755859375
0.0099945068359375 0.0192489624023438 0.29644775390625 -0.56744384765625
-0.0176258087158203 0.00616073608398438 0.77166748046875 -0.05194091796875
-0.0248394012451172 -0.0274124145507813 0.61553955078125 0.65826416015625
0.0222511291503906 -0.0208797454833984 0.0197143554687499 0.6202392578125
0.0314674377441406 0.000440597534179688 0.013336181640625 0.09246826171875
0.0203227996826172 -0.00542640686035156 0.07757568359375 -0.56488037109375
0.00933837890625 -0.0231819152832031 -0.524658203125 -0.7220458984375
-0.00569343566894531 -0.0240745544433594 -0.847412109375 0.0524291992187502
-0.006011962890625 -0.00233983993530273 -0.334716796875 0.61431884765625
-0.00481748580932617 0.00264453887939453 0.12396240234375 0.48077392578125
0.00501728057861328 0.00728893280029297 0.306732177734375 0.045654296875
0.014683723449707 -0.00823307037353516 0.249893188476563 -0.236083984375
0.00372695922851563 -0.0305023193359375 -0.1728515625 0.215286254882813
0.0221176147460938 -0.0186996459960938 -0.2877197265625 -0.05316162109375
0.000777542591094971 0.000486910343170166 -0.1612548828125 -0.43499755859375
0.0154714584350586 0.013427734375 0.30010986328125 -0.56622314453125
-0.00857210159301758 0.00651073455810547 0.77392578125 -0.0413818359375
-0.0212650299072266 -0.0198078155517578 0.6075439453125 0.66290283203125
0.0178909301757813 -0.0118408203125 0.0169677734375 0.61724853515625
0.0222377777099609 0.00761795043945313 0.0177536010742187 0.088348388671875
0.0159721374511719 0.00385761260986328 0.0739135742187501 -0.5654296875
0.0128440856933594 -0.0161733627319336 -0.532958984375 -0.71258544921875
0.00401496887207031 -0.0232315063476563 -0.84619140625 0.06292724609375
-0.000632762908935548 -0.00771951675415039 -0.3284912109375 0.6173095703125
-0.00666522979736328 -0.00511264801025391 0.1278076171875 0.47589111328125
0.000610470771789551 0.000399768352508545 0.307708740234375 0.041473388671875
0.0135049819946289 -0.010350227355957 0.248992919921875 -0.236358642578125
0.00369453430175781 -0.031280517578125 -0.176605224609375 0.21435546875
0.0184211730957031 -0.024261474609375 -0.2884521484375 -0.055267333984375
-0.000603199005126954 -0.0057673454284668 -0.16046142578125 -0.440643310546875
0.01953125 0.00894355773925781 0.30377197265625 -0.565185546875
-0.00222158432006836 0.00780200958251953 0.77386474609375 -0.03533935546875
-0.0181617736816406 -0.0134735107421875 0.6007080078125 0.669921875
0.0146331787109375 -0.00446319580078125 0.01458740234375 0.611572265625
0.0155849456787109 0.0138578414916992 0.0231857299804688 0.0816650390625
0.012451171875 0.0106449127197266 0.07177734375 -0.571044921875
0.0151510238647461 -0.0111989974975586 -0.54058837890625 -0.71038818359375
0.011138916015625 -0.0229244232177734 -0.84539794921875 0.0724487304687499
0.00287055969238281 -0.0129365921020508 -0.322998046875 0.61822509765625
-0.00851631164550781 -0.0109796524047852 0.12957763671875 0.470550537109375
-0.00418710708618164 -0.00624227523803711 0.307525634765625 0.039031982421875
0.0125913619995117 -0.0122060775756836 0.246673583984375 -0.237899780273438
0.00651741027832031 -0.0222949981689453 -0.198455810546875 0.21820068359375
0.0405044555664063 0.00236129760742188 -0.303497314453125 -0.038055419921875
0.00978469848632813 0.0219593048095703 -0.17950439453125 -0.433868408203125
-0.0102691650390625 0.0295734405517578 0.28167724609375 -0.5809326171875
-0.0502166748046875 0.00702667236328124 0.76776123046875 -0.0780029296875
-0.0430068969726563 -0.0432090759277344 0.61968994140625 0.61749267578125
0.0338516235351563 -0.0510597229003906 0.0283203125 0.583984375
0.063323974609375 -0.0264358520507813 0.0284614562988281 0.068328857421875
0.0340461730957031 -0.0334892272949219 0.0946044921875 -0.58660888671875
-0.00716018676757813 -0.0402488708496094 -0.50799560546875 -0.74310302734375
-0.041259765625 -0.0217018127441406 -0.84161376953125 0.0335083007812499
-0.0270366668701172 0.0105209350585938 -0.33941650390625 0.601806640625
-0.00143814086914062 0.0165243148803711 0.116363525390625 0.47265625
0.0176334381103516 0.0241794586181641 0.2960205078125 0.0504150390625
0.0171451568603516 -0.000860214233398438 0.226364135742188 -0.23809814453125
0.00673866271972656 -0.023040771484375 -0.191864013671875 0.217926025390625
0.0414543151855469 0.00384140014648438 -0.29998779296875 -0.036834716796875
0.01068115234375 0.0245513916015625 -0.17889404296875 -0.42694091796875
-0.00815963745117188 0.0311832427978516 0.27581787109375 -0.57781982421875
-0.0490913391113281 0.00750732421875 0.76336669921875 -0.08502197265625
-0.0416831970214844 -0.0439109802246094 0.62640380859375 0.61370849609375
0.0337944030761719 -0.0498580932617188 0.0322265625 0.593505859375
0.0629005432128906 -0.025177001953125 0.0214462280273438 0.0790252685546875
0.0352325439453125 -0.0324668884277344 0.0980224609375001 -0.5758056640625
-0.00506973266601562 -0.041351318359375 -0.49993896484375 -0.74664306640625
-0.0399398803710938 -0.0231246948242187 -0.842041015625 0.0213012695312499
-0.0268878936767578 0.0115947723388672 -0.34686279296875 0.60040283203125
-0.00173568725585938 0.0194625854492188 0.11199951171875 0.478118896484375
0.0174789428710938 0.0259075164794922 0.296875 0.05426025390625
0.0167131423950195 -0.00141334533691406 0.232513427734375 -0.236526489257812
0.00643157958984375 -0.0242500305175781 -0.183761596679688 0.217742919921875
0.0402336120605469 0.00217437744140625 -0.29656982421875 -0.037872314453125
0.01104736328125 0.0238475799560547 -0.177978515625 -0.425262451171875
-0.00540924072265625 0.0302371978759766 0.27789306640625 -0.5753173828125
-0.0438613891601563 0.00756072998046875 0.76727294921875 -0.08233642578125
-0.0391159057617188 -0.0423126220703125 0.6287841796875 0.6201171875
0.0323715209960938 -0.0452880859375 0.0324096679687501 0.60321044921875
0.0566787719726562 -0.0200881958007812 0.0155868530273438 0.0875701904296875
0.033203125 -0.0282669067382812 0.0937500000000001 -0.56915283203125
-0.0018463134765625 -0.0393333435058594 -0.4981689453125 -0.74346923828125
-0.0348873138427734 -0.0237045288085938 -0.84124755859375 0.0218505859375
-0.0236454010009766 0.0110015869140625 -0.34765625 0.60284423828125
-0.00230216979980469 0.0191688537597656 0.112457275390625 0.482391357421875
0.0166568756103516 0.0248069763183594 0.298980712890625 0.0535888671875
0.016871452331543 -0.00219345092773438 0.236618041992188 -0.235107421875
0.00505828857421875 -0.0262069702148438 -0.178207397460938 0.2171630859375
0.0371170043945313 -0.000988006591796875 -0.29266357421875 -0.0416870117187501
0.00844764709472656 0.0202980041503906 -0.17230224609375 -0.424163818359375
-0.00198936462402344 0.0280876159667969 0.28631591796875 -0.57110595703125
-0.0366401672363281 0.00673294067382812 0.76678466796875 -0.07183837890625
-0.0344429016113281 -0.0383377075195313 0.62445068359375 0.63116455078125
0.0296745300292969 -0.0385093688964844 0.0277099609375 0.609130859375
0.0489463806152344 -0.0140037536621094 0.0130615234375 0.0903854370117188
0.0295066833496094 -0.0212554931640625 0.08807373046875 -0.56475830078125
0.00140571594238281 -0.0351028442382813 -0.50732421875 -0.7322998046875
-0.0262546539306641 -0.0232162475585938 -0.8426513671875 0.0322265624999999
-0.0185985565185547 0.00855445861816406 -0.34033203125 0.60638427734375
-0.0030660629272461 0.0151643753051758 0.117034912109375 0.481201171875
0.0138721466064453 0.0210018157958984 0.301239013671875 0.0499267578125
0.0158863067626953 -0.00487709045410156 0.242202758789062 -0.234207153320312
0.004852294921875 -0.0275459289550781 -0.17315673828125 0.215896606445313
0.0324802398681641 -0.00597381591796875 -0.28961181640625 -0.04510498046875
0.00638294219970703 0.0157623291015625 -0.168670654296875 -0.426788330078125
0.00406837463378906 0.0237140655517578 0.29095458984375 -0.56829833984375
-0.0270919799804688 0.00636100769042969 0.7705078125 -0.0615234375
-0.0298252105712891 -0.0330924987792969 0.61883544921875 0.64385986328125
0.0255146026611328 -0.0305690765380859 0.0215454101562499 0.61529541015625
0.0398445129394531 -0.00718307495117188 0.012237548828125 0.0929107666015625
0.0245380401611328 -0.0135936737060547 0.0824279785156249 -0.56072998046875
0.00609779357910156 -0.0293045043945313 -0.5167236328125 -0.726318359375
-0.0167598724365234 -0.0230960845947266 -0.84210205078125 0.0427246093750001
-0.0125818252563477 0.00393867492675781 -0.336669921875 0.60955810546875
-0.00293350219726563 0.00984764099121094 0.120758056640625 0.48175048828125
0.0102853775024414 0.0148792266845703 0.30267333984375 0.04693603515625
0.0152244567871094 -0.00640296936035156 0.24560546875 -0.23480224609375
0.00390434265136719 -0.0293312072753906 -0.171142578125 0.2149658203125
0.0274276733398438 -0.0129547119140625 -0.287994384765625 -0.0480346679687499
0.00334262847900391 0.00838708877563476 -0.1646728515625 -0.427825927734375
0.00981903076171875 0.0191020965576172 0.29351806640625 -0.5660400390625
-0.0173912048339844 0.00557708740234375 0.77020263671875 -0.05303955078125
-0.0252437591552734 -0.0271358489990234 0.6129150390625 0.6513671875
0.0216579437255859 -0.0217132568359375 0.019287109375 0.6148681640625
0.0307083129882812 0.00046539306640625 0.0139999389648437 0.0928421020507813
0.0208892822265625 -0.00537490844726563 0.078277587890625 -0.561431884765625
0.00975418090820313 -0.0230560302734375 -0.52142333984375 -0.71728515625
-0.00580215454101562 -0.0231361389160156 -0.842529296875 0.05511474609375
-0.00632476806640625 -0.00165319442749024 -0.3311767578125 0.6123046875
-0.00539970397949219 0.00275659561157227 0.1229248046875 0.47833251953125
0.00534772872924805 0.00720310211181641 0.304534912109375 0.04412841796875
0.0144243240356445 -0.00878143310546875 0.248077392578125 -0.234664916992187
0.00303077697753906 -0.0308799743652344 -0.171249389648437 0.215133666992188
0.0235481262207031 -0.0193614959716797 -0.286590576171875 -0.050872802734375
0.00132763385772705 0.000713348388671875 -0.16278076171875 -0.430908203125
0.0156288146972656 0.0130128860473633 0.29779052734375 -0.564453125
-0.00878715515136719 0.00688457489013672 0.76995849609375 -0.04302978515625
-0.0216808319091797 -0.0196189880371094 0.60614013671875 0.6583251953125
0.0176353454589844 -0.0123081207275391 0.0179443359375 0.613525390625
0.021942138671875 0.00723075866699219 0.0167160034179688 0.0884857177734375
0.0157184600830078 0.00343036651611328 0.07342529296875 -0.562286376953125
0.0132789611816406 -0.0164985656738281 -0.5302734375 -0.709716796875
0.00374603271484375 -0.0231609344482422 -0.8399658203125 0.0649414062500001
-0.00104713439941406 -0.00800514221191406 -0.32623291015625 0.61566162109375
-0.00582695007324219 -0.00408220291137695 0.127685546875 0.47412109375
0.000690162181854248 -0.000107109546661377 0.3056640625 0.040740966796875
0.0130405426025391 -0.0112199783325195 0.24713134765625 -0.236312866210938
0.00309562683105469 -0.0311374664306641 -0.174880981445313 0.214187622070313
0.0194473266601563 -0.0247097015380859 -0.287689208984375 -0.053497314453125
-0.000486373901367188 -0.00550174713134766 -0.162811279296875 -0.4375
0.0199337005615234 0.00914955139160156 0.30059814453125 -0.56304931640625
-0.00230121612548828 0.0069127082824707 0.76885986328125 -0.03607177734375
-0.0181674957275391 -0.0131607055664063 0.59967041015625 0.66485595703125
0.0145320892333984 -0.00499916076660156 0.013916015625 0.60821533203125
0.0151805877685547 0.0135469436645508 0.022491455078125 0.0819320678710938
0.0126857757568359 0.0101375579833984 0.0698242187499999 -0.56646728515625
0.0156173706054688 -0.0108242034912109 -0.53656005859375 -0.70343017578125
0.0103225708007813 -0.0230064392089844 -0.83990478515625 0.0740356445312501
0.00271701812744141 -0.0130434036254883 -0.321533203125 0.61590576171875
-0.00787830352783203 -0.0110702514648437 0.12921142578125 0.46905517578125
-0.0028843879699707 -0.00657224655151367 0.305755615234375 0.037139892578125
0.0123081207275391 -0.0119857788085938 0.244140625 -0.237014770507812
0.00606536865234375 -0.0226764678955078 -0.196502685546875 0.217941284179687
0.0404090881347656 0.00162887573242187 -0.302490234375 -0.03643798828125
0.0101299285888672 0.0222320556640625 -0.17852783203125 -0.431488037109375
-0.00900840759277344 0.0297508239746094 0.2802734375 -0.5792236328125
-0.0505104064941406 0.00736236572265626 0.7630615234375 -0.07806396484375
-0.0429115295410156 -0.0430183410644531 0.615966796875 0.6153564453125
0.0332069396972656 -0.0513839721679688 0.0296630859375001 0.580322265625
0.0633926391601563 -0.0268287658691406 0.0281448364257812 0.0686798095703125
0.0342292785644531 -0.0333385467529297 0.093505859375 -0.58258056640625
-0.00604629516601563 -0.0397300720214844 -0.50604248046875 -0.7398681640625
-0.0415763854980469 -0.0215415954589844 -0.83868408203125 0.0349121093749999
-0.0269298553466797 0.010406494140625 -0.3360595703125 0.6002197265625
-0.00131416320800781 0.0171270370483398 0.1175537109375 0.47100830078125
0.0177745819091797 0.023712158203125 0.293975830078125 0.049896240234375
0.0167675018310547 -0.000829696655273438 0.225082397460938 -0.237396240234375
0.00619697570800781 -0.0231075286865234 -0.189834594726563 0.217559814453125
0.0414810180664063 0.00279617309570312 -0.299560546875 -0.0357971191406251
0.0108489990234375 0.0242500305175781 -0.1805419921875 -0.42498779296875
-0.00796318054199219 0.0311203002929687 0.2750244140625 -0.5772705078125
-0.0494766235351563 0.00729751586914063 0.76031494140625 -0.08624267578125
-0.0415840148925781 -0.0434188842773438 0.6236572265625 0.61016845703125
0.0328369140625 -0.0505256652832031 0.0315551757812501 0.59027099609375
0.0614852905273438 -0.025848388671875 0.020721435546875 0.0797653198242188
0.03485107421875 -0.0329742431640625 0.09619140625 -0.57269287109375
-0.00474166870117188 -0.0405616760253906 -0.49615478515625 -0.742431640625
-0.0405120849609375 -0.0228919982910156 -0.8382568359375 0.0235595703124999
-0.0268096923828125 0.0112876892089844 -0.3441162109375 0.59808349609375
-0.00186729431152344 0.0199604034423828 0.11224365234375 0.47674560546875
0.0185337066650391 0.0258045196533203 0.294921875 0.053802490234375
0.0168380737304688 -0.00117301940917969 0.230117797851563 -0.236572265625
0.00499153137207031 -0.0250110626220703 -0.1822509765625 0.216415405273437
0.0407180786132813 0.00186920166015625 -0.29559326171875 -0.035797119140625
0.0106849670410156 0.0236358642578125 -0.177703857421875 -0.4224853515625
-0.00487899780273438 0.0305290222167969 0.27545166015625 -0.5753173828125
-0.043975830078125 0.00728607177734374 0.76116943359375 -0.08331298828125
-0.0386886596679688 -0.0420150756835938 0.627685546875 0.6141357421875
0.0316429138183594 -0.0453147888183594 0.03265380859375 0.5989990234375
0.0559730529785156 -0.0204887390136719 0.01568603515625 0.0871124267578125
0.0325851440429688 -0.02813720703125 0.09423828125 -0.56585693359375
-0.0013275146484375 -0.0384063720703125 -0.49609375 -0.739990234375
-0.0355796813964844 -0.0230674743652344 -0.83984375 0.02239990234375
-0.0240402221679688 0.0109291076660156 -0.345458984375 0.60107421875
-0.00187873840332031 0.0190105438232422 0.113128662109375 0.48004150390625
0.0168342590332031 0.0250797271728516 0.297515869140625 0.05279541015625
0.015894889831543 -0.00198268890380859 0.235321044921875 -0.233840942382813
0.00436973571777344 -0.0258235931396484 -0.1766357421875 0.21673583984375
0.0369644165039063 -0.00232315063476563 -0.2908935546875 -0.03973388671875
0.00912666320800781 0.0208015441894531 -0.1734619140625 -0.422607421875
-0.00105857849121094 0.0283660888671875 0.28228759765625 -0.5693359375
-0.0364570617675781 0.00712966918945312 0.76409912109375 -0.07403564453125
-0.0343360900878906 -0.038299560546875 0.62188720703125 0.62713623046875
0.0284271240234375 -0.0387229919433594 0.027099609375 0.60699462890625
0.0489692687988281 -0.0148887634277344 0.013702392578125 0.0908584594726563
0.0294322967529297 -0.0221710205078125 0.087066650390625 -0.56048583984375
0.00259590148925781 -0.0344829559326172 -0.50323486328125 -0.72998046875
-0.0271377563476562 -0.0229225158691406 -0.8397216796875 0.0338745117187501
-0.0188312530517578 0.00792121887207031 -0.33734130859375 0.60498046875
-0.00228214263916016 0.0161962509155273 0.11676025390625 0.4803466796875
0.0139961242675781 0.0212154388427734 0.299713134765625 0.0499267578125
0.0161552429199219 -0.00451278686523438 0.2398681640625 -0.2342529296875
0.00376319885253907 -0.0276584625244141 -0.172332763671875 0.215225219726563
0.0321712493896484 -0.00760078430175781 -0.28857421875 -0.04345703125
0.00632095336914062 0.0156383514404297 -0.169281005859375 -0.422332763671875
0.00432014465332032 0.0238857269287109 0.28765869140625 -0.56683349609375
-0.0278148651123047 0.00562477111816406 0.76593017578125 -0.06097412109375
-0.0296249389648438 -0.0329208374023438 0.6180419921875 0.63922119140625
0.0250701904296875 -0.0303916931152344 0.02313232421875 0.6109619140625
0.0397148132324219 -0.00731277465820313 0.0122222900390625 0.0930252075195313
0.0251331329345703 -0.0139751434326172 0.0817565917968751 -0.55621337890625
0.00628852844238281 -0.0289707183837891 -0.5135498046875 -0.72161865234375
-0.0166969299316406 -0.0233802795410156 -0.8377685546875 0.0427246093750001
-0.012761116027832 0.00330448150634766 -0.3331298828125 0.60888671875
-0.00314521789550781 0.0102081298828125 0.120513916015625 0.480377197265625
0.0100269317626953 0.0148735046386719 0.301361083984375 0.047119140625
0.0146808624267578 -0.00714683532714844 0.244338989257813 -0.234222412109375
0.00298500061035156 -0.0300102233886719 -0.169448852539062 0.2152099609375
0.0277671813964844 -0.0136775970458984 -0.286895751953125 -0.047210693359375
0.00419998168945313 0.00843095779418945 -0.166229248046875 -0.426544189453125
0.0109958648681641 0.0185642242431641 0.2919921875 -0.56378173828125
-0.0176315307617187 0.00652122497558594 0.764892578125 -0.0540771484375
-0.0246715545654297 -0.0263423919677734 0.61199951171875 0.647705078125
0.0206737518310547 -0.0212764739990234 0.0184326171875 0.61083984375
0.0300559997558594 -0.000211715698242188 0.0137176513671875 0.0929946899414063
0.020263671875 -0.00571441650390625 0.07769775390625 -0.556304931640625
0.00976181030273438 -0.0226783752441406 -0.5191650390625 -0.71337890625
-0.00629425048828125 -0.0231571197509766 -0.8387451171875 0.0532836914062499
-0.00575828552246094 -0.00249195098876953 -0.32830810546875 0.61126708984375
-0.00461483001708984 0.0035700798034668 0.1246337890625 0.477569580078125
0.00581169128417969 0.00783967971801758 0.303375244140625 0.04351806640625
0.0138063430786133 -0.00922203063964844 0.246383666992187 -0.234451293945312
0.00262260437011719 -0.0304775238037109 -0.170516967773438 0.213638305664062
0.0219764709472656 -0.0202159881591797 -0.286590576171875 -0.049896240234375
0.00176107883453369 0.00179803371429443 -0.163543701171875 -0.42999267578125
0.0162410736083984 0.013737678527832 0.2958984375 -0.56329345703125
-0.00857877731323242 0.00644922256469726 0.76654052734375 -0.04364013671875
-0.0210952758789063 -0.0200824737548828 0.604736328125 0.6539306640625
0.0165891647338867 -0.0128173828125 0.01702880859375 0.6104736328125
0.0221366882324219 0.00724601745605469 0.01763916015625 0.08868408203125
0.0158395767211914 0.00320720672607422 0.0723876953125 -0.558074951171875
0.0134830474853516 -0.01641845703125 -0.528076171875 -0.7042236328125
0.00279426574707031 -0.0231685638427734 -0.83697509765625 0.0651245117187501
-0.00155878067016601 -0.00858736038208008 -0.32232666015625 0.61395263671875
-0.00583219528198242 -0.0036773681640625 0.128692626953125 0.472503662109375
0.00088047981262207 0.000396609306335449 0.303253173828125 0.039306640625
0.0124931335449219 -0.0117988586425781 0.245407104492188 -0.235397338867188
0.00236701965332031 -0.0313625335693359 -0.172821044921875 0.21380615234375
0.0190696716308594 -0.0258159637451172 -0.286773681640625 -0.052001953125
0.000208854675292969 -0.00536727905273438 -0.16253662109375 -0.434234619140625
0.0210056304931641 0.00915908813476563 0.29925537109375 -0.5621337890625
-0.00218296051025391 0.0069584846496582 0.7664794921875 -0.03765869140625
-0.0181427001953125 -0.0139293670654297 0.59637451171875 0.66015625
0.0139522552490234 -0.00515174865722656 0.0147705078124999 0.6036376953125
0.014378547668457 0.012516975402832 0.0231246948242188 0.0824050903320313
0.0122051239013672 0.0103788375854492 0.0702514648437499 -0.564453125
0.0159978866577148 -0.010462760925293 -0.53466796875 -0.7010498046875
0.0101833343505859 -0.0225849151611328 -0.83575439453125 0.0748291015625
0.00237846374511719 -0.012852668762207 -0.31793212890625 0.614013671875
-0.00800609588623047 -0.00994396209716797 0.1295166015625 0.466552734375
-0.00293445587158203 -0.00579500198364258 0.303558349609375 0.036529541015625
0.0122013092041016 -0.012080192565918 0.242752075195313 -0.23663330078125
0.00588226318359375 -0.0223884582519531 -0.195755004882812 0.217041015625
0.0402870178222656 3.814697265625E-06 -0.301666259765625 -0.035919189453125
0.0105571746826172 0.0226001739501953 -0.1802978515625 -0.42962646484375
-0.00895500183105469 0.02911376953125 0.27734375 -0.577392578125
-0.0500984191894531 0.00724029541015624 0.7601318359375 -0.077880859375
-0.0425529479980469 -0.0431442260742188 0.61578369140625 0.61102294921875
0.0326309204101563 -0.0506935119628906 0.02801513671875 0.577392578125
0.062652587890625 -0.0276679992675781 0.0284004211425781 0.0685920715332031
0.0340366363525391 -0.0328788757324219 0.09490966796875 -0.57965087890625
-0.00627517700195312 -0.0394783020019531 -0.50445556640625 -0.73443603515625
-0.0416603088378906 -0.021881103515625 -0.83380126953125 0.0333251953125001
-0.0266284942626953 0.0102386474609375 -0.33526611328125 0.59857177734375
-0.00113487243652344 0.0175409317016602 0.117462158203125 0.470001220703125
0.0178146362304688 0.0242576599121094 0.29254150390625 0.04986572265625
0.0163192749023438 -0.00112438201904297 0.223770141601563 -0.2374267578125
0.00533103942871094 -0.0231990814208984 -0.188201904296875 0.2166748046875
0.041259765625 0.00200271606445313 -0.29840087890625 -0.03411865234375
0.01116943359375 0.0240478515625 -0.17919921875 -0.423126220703125
-0.00754547119140625 0.0307960510253906 0.27294921875 -0.5760498046875
-0.0492630004882813 0.00755310058593751 0.75653076171875 -0.08636474609375
-0.0419502258300781 -0.0438652038574219 0.61968994140625 0.60870361328125
0.0332908630371094 -0.0504531860351563 0.0302734375 0.5870361328125
0.0616455078125 -0.0261459350585938 0.0208892822265625 0.07965087890625
0.0347404479980469 -0.0323886871337891 0.0965576171875 -0.5682373046875
-0.004364013671875 -0.0410194396972656 -0.49578857421875 -0.7396240234375
-0.0408210754394531 -0.0225753784179687 -0.83538818359375 0.0242919921875
-0.0269546508789062 0.0116481781005859 -0.3411865234375 0.5975341796875
-0.00109100341796875 0.0197334289550781 0.11248779296875 0.47528076171875
0.0186023712158203 0.0256671905517578 0.293548583984375 0.052978515625
0.0169811248779297 -0.00128936767578125 0.2294921875 -0.236175537109375
0.00457000732421875 -0.0245189666748047 -0.181533813476563 0.21600341796875
0.0397834777832031 0.000518798828125 -0.29510498046875 -0.034698486328125
0.0107440948486328 0.0244178771972656 -0.17938232421875 -0.420501708984375
-0.00435447692871094 0.0303802490234375 0.2730712890625 -0.573486328125
-0.0441665649414063 0.00728225708007812 0.7601318359375 -0.083740234375
-0.0388565063476563 -0.0417442321777344 0.62469482421875 0.612548828125
0.0311431884765625 -0.0455741882324219 0.0309448242187501 0.5960693359375
0.0565986633300781 -0.0211372375488281 0.0160598754882813 0.0878829956054688
0.0328960418701172 -0.0274906158447266 0.094268798828125 -0.5615234375
-0.00104904174804687 -0.0383872985839844 -0.49578857421875 -0.73504638671875
-0.0358314514160156 -0.0225868225097656 -0.83795166015625 0.0238647460937498
-0.0239658355712891 0.0103244781494141 -0.34210205078125 0.5999755859375
-0.00158882141113281 0.0199356079101563 0.11248779296875 0.478363037109375
0.0169124603271484 0.0251693725585938 0.295074462890625 0.052459716796875
0.0160503387451172 -0.00202083587646484 0.23455810546875 -0.234176635742188
0.00383758544921875 -0.0261592864990234 -0.175369262695313 0.216293334960938
0.0371284484863281 -0.00263214111328125 -0.291473388671875 -0.038818359375
0.00892829895019531 0.0203952789306641 -0.174713134765625 -0.420501708984375
0.000280380249023439 0.0283603668212891 0.2825927734375 -0.56939697265625
-0.0368423461914062 0.00616455078125 0.75933837890625 -0.0736083984375
-0.0342369079589844 -0.0383262634277344 0.61859130859375 0.622802734375
0.0284004211425781 -0.0385818481445313 0.02655029296875 0.6029052734375
0.0482826232910156 -0.0143013000488281 0.0135040283203125 0.0913467407226563
0.0297069549560547 -0.0221691131591797 0.0870361328125 -0.557373046875
0.00267982482910156 -0.034271240234375 -0.503173828125 -0.72515869140625
-0.028076171875 -0.0233402252197266 -0.83587646484375 0.0344848632812498
-0.0188579559326172 0.00751876831054688 -0.33636474609375 0.6024169921875
-0.00207805633544922 0.0158843994140625 0.11676025390625 0.4793701171875
0.0152683258056641 0.0212249755859375 0.297454833984375 0.04888916015625
0.0157976150512695 -0.00421524047851563 0.23919677734375 -0.233413696289063
0.00373268127441406 -0.0278339385986328 -0.170684814453125 0.214736938476563
0.0324554443359375 -0.00808143615722656 -0.287994384765625 -0.041961669921875
0.00654029846191406 0.0152912139892578 -0.169586181640625 -0.421417236328125
0.00521087646484375 0.0240402221679688 0.2867431640625 -0.566650390625
-0.0274677276611328 0.00641632080078125 0.762939453125 -0.062744140625
-0.0295143127441406 -0.0332298278808594 0.61407470703125 0.6363525390625
0.0246047973632812 -0.0303211212158203 0.021484375 0.606689453125
0.0393180847167969 -0.00725173950195313 0.0125198364257812 0.0927658081054688
0.0255699157714844 -0.0137290954589844 0.082427978515625 -0.552642822265625
0.00651168823242187 -0.0282249450683594 -0.510986328125 -0.71954345703125
-0.017059326171875 -0.0232276916503906 -0.8353271484375 0.0440673828125001
-0.0128335952758789 0.00308609008789062 -0.3319091796875 0.60723876953125
-0.00294208526611328 0.01080322265625 0.120941162109375 0.478546142578125
0.0108404159545898 0.0144443511962891 0.2991943359375 0.046539306640625
0.014918327331543 -0.00701999664306641 0.243301391601563 -0.233428955078125
0.00233650207519531 -0.0297050476074219 -0.168853759765625 0.214401245117188
0.0269584655761719 -0.0140781402587891 -0.2864990234375 -0.04559326171875
0.00451231002807617 0.00855255126953125 -0.166961669921875 -0.4251708984375
0.0109958648681641 0.0188426971435547 0.29095458984375 -0.564208984375
-0.0174007415771484 0.00616741180419922 0.76275634765625 -0.05462646484375
-0.0252056121826172 -0.0262889862060547 0.60882568359375 0.64312744140625
0.0203380584716797 -0.0212574005126953 0.01812744140625 0.60821533203125
0.0308074951171875 -0.000490188598632813 0.0135116577148438 0.0926437377929688
0.0203952789306641 -0.00572586059570312 0.077362060546875 -0.551239013671875
0.0107574462890625 -0.022613525390625 -0.5184326171875 -0.71014404296875
-0.00701904296875 -0.0225143432617188 -0.83514404296875 0.0538330078125002
-0.00616598129272461 -0.00228118896484375 -0.32647705078125 0.61041259765625
-0.00414633750915527 0.00388646125793457 0.125213623046875 0.476776123046875
0.00585603713989258 0.00776529312133789 0.30157470703125 0.042694091796875
0.0135669708251953 -0.00973415374755859 0.2451171875 -0.234085083007813
0.00217247009277344 -0.0309658050537109 -0.169021606445313 0.213424682617187
0.022003173828125 -0.0210685729980469 -0.285186767578125 -0.04901123046875
0.00198972225189209 0.00144112110137939 -0.164459228515625 -0.428131103515625
0.0168237686157227 0.0135669708251953 0.29327392578125 -0.56341552734375
-0.00838899612426758 0.00656461715698242 0.76239013671875 -0.04541015625
-0.0202178955078125 -0.0195732116699219 0.6025390625 0.6512451171875
0.0168046951293945 -0.0128660202026367 0.0167236328124999 0.6072998046875
0.0215187072753906 0.00609016418457031 0.0172958374023437 0.0890045166015625
0.0161275863647461 0.00311374664306641 0.072784423828125 -0.553680419921875
0.0144834518432617 -0.0155830383300781 -0.52685546875 -0.701904296875
0.00290107727050781 -0.0231533050537109 -0.8343505859375 0.0654296874999999
-0.000916481018066406 -0.0081329345703125 -0.31982421875 0.6116943359375
-0.00555849075317383 -0.00334835052490234 0.127532958984375 0.4722900390625
0.000838875770568848 0.000194191932678223 0.302398681640625 0.039581298828125
0.0128488540649414 -0.0111179351806641 0.24468994140625 -0.234512329101563
0.00245857238769531 -0.0318603515625 -0.172027587890625 0.2130126953125
0.0189247131347656 -0.0263042449951172 -0.2857666015625 -0.051055908203125
0.000117778778076172 -0.00570964813232422 -0.163360595703125 -0.43170166015625
0.0211715698242188 0.00901985168457031 0.29730224609375 -0.560760498046875
-0.00265693664550781 0.0071263313293457 0.76287841796875 -0.03814697265625
-0.0185432434082031 -0.0134658813476563 0.59515380859375 0.65753173828125
0.0127792358398438 -0.00519752502441406 0.013427734375 0.6019287109375
0.0146293640136719 0.0124883651733398 0.022186279296875 0.0830917358398438
0.0124292373657227 0.0100135803222656 0.0708618164062501 -0.56103515625
0.0160942077636719 -0.0105810165405273 -0.53338623046875 -0.69525146484375
0.00994873046875 -0.0222396850585938 -0.83447265625 0.07666015625
0.00213050842285156 -0.0132074356079102 -0.3167724609375 0.6121826171875
-0.00734710693359375 -0.00994586944580078 0.13006591796875 0.466827392578125
-0.00244808197021484 -0.00632190704345703 0.302032470703125 0.03656005859375
0.0120010375976563 -0.0120887756347656 0.241073608398438 -0.236480712890625
0.00500297546386719 -0.0223445892333984 -0.194046020507813 0.216812133789062
0.040435791015625 -0.000179290771484375 -0.30059814453125 -0.035064697265625
0.0109672546386719 0.0218906402587891 -0.179443359375 -0.429168701171875
-0.00876808166503906 0.0295486450195313 0.276123046875 -0.57568359375
-0.0506591796875 0.00735092163085937 0.75811767578125 -0.07806396484375
-0.04248046875 -0.04327392578125 0.6123046875 0.6083984375
0.0326004028320313 -0.0512504577636719 0.02728271484375 0.5755615234375
0.0620651245117188 -0.0274085998535156 0.0284080505371094 0.0694389343261719
0.0347671508789063 -0.0324916839599609 0.094482421875 -0.5770263671875
-0.0057525634765625 -0.0392799377441406 -0.502197265625 -0.734375
-0.0416412353515625 -0.0212516784667969 -0.833984375 0.03546142578125
-0.0270633697509766 0.00915145874023437 -0.33355712890625 0.5987548828125
-0.000564575195312501 0.0180778503417969 0.117767333984375 0.469268798828125
0.0186691284179688 0.0238590240478516 0.29058837890625 0.049713134765625
0.0158834457397461 -0.000893592834472656 0.223892211914063 -0.236480712890625
0.00525093078613281 -0.0231227874755859 -0.18792724609375 0.21697998046875
0.0412559509277344 0.000652313232421875 -0.29754638671875 -0.03289794921875
0.0114631652832031 0.0241012573242188 -0.18017578125 -0.42144775390625
-0.00696754455566406 0.030426025390625 0.2725830078125 -0.5755615234375
-0.0498237609863281 0.00731277465820313 0.755126953125 -0.08587646484375
-0.0410919189453125 -0.0431556701660156 0.61895751953125 0.6053466796875
0.0317878723144531 -0.0502433776855469 0.02862548828125 0.58453369140625
0.0614891052246094 -0.02569580078125 0.0215606689453125 0.080474853515625
0.0349159240722656 -0.0324993133544922 0.09619140625 -0.56640625
-0.00338363647460938 -0.0402679443359375 -0.49249267578125 -0.7384033203125
-0.0413322448730469 -0.0217437744140625 -0.83404541015625 0.0231933593750001
-0.0273094177246094 0.0108566284179688 -0.34124755859375 0.596435546875
-0.000308990478515625 0.0201644897460938 0.112518310546875 0.475006103515625
0.0196437835693359 0.0257110595703125 0.293243408203125 0.052337646484375
0.0167217254638672 -0.00167655944824219 0.227890014648438 -0.234786987304688
0.00455284118652344 -0.0241317749023438 -0.179824829101562 0.216598510742188
0.0397529602050781 -0.000396728515625 -0.29449462890625 -0.0340576171875
0.0112476348876953 0.0247135162353516 -0.179931640625 -0.419464111328125
-0.00420379638671875 0.0306835174560547 0.27252197265625 -0.57269287109375
-0.0443916320800781 0.00635147094726563 0.7581787109375 -0.0858154296875
-0.0386085510253906 -0.0415496826171875 0.6229248046875 0.6082763671875
0.0302963256835938 -0.0451774597167969 0.02923583984375 0.5941162109375
0.0559768676757812 -0.0206832885742188 0.016387939453125 0.0886764526367188
0.0335960388183594 -0.0282840728759766 0.0941162109374999 -0.559356689453125
-0.000770568847656253 -0.0382041931152344 -0.4925537109375 -0.73602294921875
-0.0358009338378906 -0.021728515625 -0.8343505859375 0.0220947265625001
-0.0243263244628906 0.0101604461669922 -0.34210205078125 0.5989990234375
-0.00182533264160156 0.0196609497070312 0.111907958984375 0.478729248046875
0.0175056457519531 0.0242176055908203 0.294525146484375 0.05242919921875
0.0160236358642578 -0.00265693664550781 0.233978271484375 -0.233657836914062
0.00324821472167969 -0.026275634765625 -0.174652099609375 0.215621948242188
0.036712646484375 -0.00324249267578125 -0.290618896484375 -0.037994384765625
0.0098419189453125 0.0211582183837891 -0.173614501953125 -0.419219970703125
0.000419616699218752 0.0279006958007812 0.28118896484375 -0.569580078125
-0.0370635986328125 0.00634384155273438 0.7564697265625 -0.07220458984375
-0.0344390869140625 -0.0378189086914063 0.6163330078125 0.62225341796875
0.0282020568847656 -0.0381889343261719 0.0267333984375 0.6002197265625
0.0473861694335938 -0.0153541564941406 0.01336669921875 0.0920639038085938
0.0297584533691406 -0.0214786529541016 0.0883483886718751 -0.554534912109375
0.00275421142578125 -0.0339164733886719 -0.50048828125 -0.724365234375
-0.0273704528808594 -0.0228252410888672 -0.83447265625 0.03411865234375
-0.0193653106689453 0.0077362060546875 -0.3349609375 0.60296630859375
-0.00166416168212891 0.0155906677246094 0.11700439453125 0.479034423828125
0.0142631530761719 0.0208663940429688 0.296417236328125 0.049774169921875
0.0157890319824219 -0.00444602966308594 0.238723754882813 -0.232666015625
0.00296211242675781 -0.0282325744628906 -0.170135498046875 0.214248657226563
0.0327033996582031 -0.00900077819824219 -0.28717041015625 -0.042449951171875
0.00697898864746094 0.0157585144042969 -0.17010498046875 -0.420440673828125
0.00615882873535156 0.0242481231689453 0.28515625 -0.565185546875
-0.0279579162597656 0.00652313232421875 0.759033203125 -0.0634765625
-0.0294704437255859 -0.0322170257568359 0.6131591796875 0.6334228515625
0.0239162445068359 -0.0304603576660156 0.02044677734375 0.6055908203125
0.0389442443847656 -0.00788116455078125 0.0126800537109375 0.0931625366210938
0.0250091552734375 -0.0141963958740234 0.081268310546875 -0.551239013671875
0.00658226013183594 -0.0280933380126953 -0.508544921875 -0.717529296875
-0.0172405242919922 -0.0232295989990234 -0.83404541015625 0.0444335937500001
-0.0128107070922852 0.00303363800048828 -0.3302001953125 0.6075439453125
-0.00278568267822266 0.010798454284668 0.120941162109375 0.479248046875
0.0106744766235352 0.0152416229248047 0.298309326171875 0.04681396484375
0.0146827697753906 -0.007232666015625 0.24212646484375 -0.233078002929688
0.00154685974121094 -0.0293998718261719 -0.167434692382813 0.2139892578125
0.0274162292480469 -0.0149345397949219 -0.286651611328125 -0.044097900390625
0.00486850738525391 0.00884056091308594 -0.166473388671875 -0.423187255859375
0.0121555328369141 0.0186138153076172 0.28961181640625 -0.5625
-0.0180263519287109 0.00540351867675782 0.760498046875 -0.05340576171875
-0.0251789093017578 -0.0262203216552734 0.60626220703125 0.64068603515625
0.0196418762207031 -0.0217685699462891 0.01690673828125 0.6064453125
0.0288352966308594 -0.000257492065429688 0.013824462890625 0.0934219360351563
0.0206375122070313 -0.00586891174316406 0.0791015625 -0.5511474609375
0.0110301971435547 -0.0221805572509766 -0.5155029296875 -0.7080078125
-0.00702285766601563 -0.0229320526123047 -0.8330078125 0.0554199218750001
-0.00651836395263672 -0.0032353401184082 -0.32598876953125 0.61029052734375
-0.00480890274047852 0.00358057022094726 0.124359130859375 0.47613525390625
0.0064082145690918 0.00665998458862305 0.300445556640625 0.042755126953125
0.0137138366699219 -0.0100059509277344 0.2440185546875 -0.233612060546875
0.00151634216308594 -0.0312519073486328 -0.168502807617187 0.212677001953125
0.0229339599609375 -0.0215225219726563 -0.2845458984375 -0.047760009765625
0.00206089019775391 0.00118064880371094 -0.1629638671875 -0.426605224609375
0.0173664093017578 0.0131111145019531 0.293212890625 -0.561248779296875
-0.00937271118164062 0.00628852844238281 0.76031494140625 -0.045166015625
-0.0217056274414063 -0.0191249847412109 0.598876953125 0.64703369140625
0.015960693359375 -0.0131645202636719 0.0155029296874999 0.603515625
0.0202445983886719 0.00615310668945313 0.0174407958984375 0.0894699096679688
0.0161018371582031 0.00268268585205078 0.07525634765625 -0.5513916015625
0.0139007568359375 -0.0159006118774414 -0.52386474609375 -0.698486328125
0.002532958984375 -0.0229129791259766 -0.83172607421875 0.06634521484375
-0.00133800506591797 -0.00846433639526367 -0.320068359375 0.61163330078125
-0.00524568557739258 -0.00320720672607422 0.1282958984375 0.470947265625
0.00144004821777344 0.00043177604675293 0.301116943359375 0.039215087890625
0.0123786926269531 -0.0113306045532227 0.24298095703125 -0.2337646484375
0.00160408020019531 -0.0320034027099609 -0.171218872070312 0.212203979492188
0.0181312561035156 -0.0275192260742187 -0.285614013671875 -0.049896240234375
0.000262737274169921 -0.00569772720336914 -0.162811279296875 -0.43231201171875
0.0217208862304688 0.00881195068359375 0.295806884765625 -0.560455322265625
-0.00253677368164063 0.00692319869995117 0.7593994140625 -0.03790283203125
-0.0185451507568359 -0.0140895843505859 0.59417724609375 0.65386962890625
0.0125856399536133 -0.00633049011230469 0.00982666015625001 0.598876953125
0.0143957138061523 0.0119056701660156 0.0220718383789063 0.0831756591796875
0.0128135681152344 0.010350227355957 0.072021484375 -0.5565185546875
0.0166616439819336 -0.0104265213012695 -0.53167724609375 -0.6943359375
0.00913047790527344 -0.0219402313232422 -0.833251953125 0.0758056640625
0.00211811065673828 -0.0134620666503906 -0.315673828125 0.612060546875
-0.00700855255126953 -0.00923442840576172 0.12994384765625 0.465728759765625
-0.0020747184753418 -0.00642538070678711 0.30181884765625 0.0364990234375
0.0117368698120117 -0.0125970840454102 0.240386962890625 -0.235549926757813
0.00399208068847656 -0.0221595764160156 -0.19427490234375 0.216598510742188
0.0397567749023438 -0.00147628784179688 -0.29974365234375 -0.033538818359375
0.0115489959716797 0.0223846435546875 -0.179931640625 -0.427459716796875
-0.00755882263183594 0.0286865234375 0.27691650390625 -0.57659912109375
-0.05029296875 0.00758361816406249 0.7578125 -0.07696533203125
-0.0426254272460938 -0.04241943359375 0.6109619140625 0.6065673828125
0.0322418212890625 -0.0509834289550781 0.0250854492187499 0.57489013671875
0.0619392395019531 -0.0273475646972656 0.028045654296875 0.0698585510253906
0.0347023010253906 -0.0331478118896484 0.0966796875 -0.57537841796875
-0.00474166870117187 -0.0391120910644531 -0.49993896484375 -0.73321533203125
-0.0426483154296875 -0.0206527709960938 -0.83355712890625 0.0340576171875
-0.0274276733398437 0.00950241088867188 -0.3355712890625 0.5982666015625
-3.81469726562517E-05 0.0179519653320313 0.117218017578125 0.469696044921875
0.0186176300048828 0.0239715576171875 0.290679931640625 0.04925537109375
0.0166187286376953 -0.000753402709960938 0.223037719726563 -0.236465454101563
0.00371742248535156 -0.0232372283935547 -0.187423706054688 0.216659545898437
0.0413703918457031 0.0004730224609375 -0.2978515625 -0.032989501953125
0.0120887756347656 0.0243892669677734 -0.1815185546875 -0.420745849609375
-0.00630760192871094 0.0304946899414062 0.2723388671875 -0.576416015625
-0.0494880676269531 0.0074462890625 0.75360107421875 -0.08447265625
-0.0419273376464844 -0.0434226989746094 0.61688232421875 0.60321044921875
0.0323829650878906 -0.0499801635742188 0.02825927734375 0.58447265625
0.0609359741210937 -0.0259132385253906 0.021392822265625 0.0813369750976563
0.0353355407714844 -0.0327415466308594 0.0986328125 -0.56488037109375
-0.003387451171875 -0.0397109985351563 -0.491455078125 -0.736572265625
-0.0414886474609375 -0.0220413208007813 -0.83355712890625 0.0227050781250001
-0.0270347595214844 0.0105018615722656 -0.3408203125 0.5970458984375
-0.000770568847656251 0.0202064514160156 0.11114501953125 0.474945068359375
0.0194416046142578 0.0254764556884766 0.29095458984375 0.05322265625
0.0167083740234375 -0.00144195556640625 0.228179931640625 -0.235137939453125
0.00377655029296875 -0.0235767364501953 -0.1795654296875 0.214920043945313
0.039703369140625 -0.00128936767578125 -0.294036865234375 -0.032989501953125
0.0122547149658203 0.0240650177001953 -0.17864990234375 -0.418670654296875
-0.00369071960449219 0.0298824310302734 0.2733154296875 -0.57305908203125
-0.0449180603027344 0.00731658935546876 0.7569580078125 -0.0836181640625
-0.0380134582519531 -0.0415306091308594 0.6212158203125 0.607666015625
0.0296516418457031 -0.0458335876464844 0.0277099609375001 0.59210205078125
0.0556678771972656 -0.0212326049804688 0.016387939453125 0.0889129638671875
0.0329437255859375 -0.0283069610595703 0.096038818359375 -0.555908203125
0.000247955322265624 -0.0375633239746094 -0.49176025390625 -0.73504638671875
-0.0364532470703125 -0.0225944519042969 -0.8350830078125 0.0219116210937498
-0.0244026184082031 0.0100860595703125 -0.3406982421875 0.598876953125
-0.00122833251953125 0.0198345184326172 0.111541748046875 0.47894287109375
0.0180187225341797 0.0245418548583984 0.29345703125 0.052215576171875
0.0161752700805664 -0.00226497650146484 0.23291015625 -0.233673095703125
0.00296211242675781 -0.0258426666259766 -0.174209594726563 0.215347290039063
0.0366783142089844 -0.00412368774414063 -0.289642333984375 -0.036834716796875
0.00991058349609375 0.0211906433105469 -0.174224853515625 -0.41925048828125
0.000791549682617185 0.0275135040283203 0.28106689453125 -0.56884765625
-0.0369377136230469 0.00653457641601562 0.7572021484375 -0.07269287109375
-0.0338325500488281 -0.0379753112792969 0.61700439453125 0.620849609375
0.0272941589355469 -0.0384407043457031 0.0244140625 0.59942626953125
0.0481147766113281 -0.0153236389160156 0.0133514404296875 0.0917434692382813
0.0295314788818359 -0.0212936401367188 0.08868408203125 -0.552459716796875
0.00318527221679688 -0.0336112976074219 -0.49786376953125 -0.724609375
-0.0281982421875 -0.0224666595458984 -0.831787109375 0.0341186523437501
-0.0191802978515625 0.00750923156738282 -0.3350830078125 0.60321044921875
-0.00176239013671875 0.0165224075317383 0.115966796875 0.4791259765625
0.0152683258056641 0.020477294921875 0.295562744140625 0.049468994140625
0.0150575637817383 -0.0050201416015625 0.238555908203125 -0.233078002929688
0.00231742858886719 -0.0277385711669922 -0.169647216796875 0.214019775390625
0.0318679809570313 -0.00929832458496094 -0.28668212890625 -0.040618896484375
0.00753211975097656 0.0152101516723633 -0.170654296875 -0.41864013671875
0.00633049011230469 0.0231647491455078 0.28564453125 -0.56549072265625
-0.0268745422363281 0.00603675842285156 0.7603759765625 -0.06182861328125
-0.0291805267333984 -0.0327835083007813 0.6109619140625 0.63323974609375
0.0232944488525391 -0.0309867858886719 0.01983642578125 0.60308837890625
0.0390625 -0.00810623168945313 0.0120086669921875 0.09375
0.0256710052490234 -0.0141105651855469 0.084503173828125 -0.5484619140625
0.006927490234375 -0.0278968811035156 -0.50750732421875 -0.716796875
-0.0181293487548828 -0.0226993560791016 -0.83392333984375 0.04315185546875
-0.0131816864013672 0.00264453887939453 -0.32952880859375 0.6064453125
-0.00258827209472656 0.0111312866210938 0.119842529296875 0.479522705078125
0.0111455917358398 0.0144815444946289 0.297882080078125 0.04638671875
0.0144109725952148 -0.00710105895996094 0.241806030273438 -0.233383178710938
0.00136184692382813 -0.0292186737060547 -0.167678833007812 0.214126586914063
0.0271701812744141 -0.0159111022949219 -0.285675048828125 -0.04425048828125
0.00489997863769531 0.00833225250244141 -0.16607666015625 -0.42291259765625
0.0119209289550781 0.0184230804443359 0.28973388671875 -0.563232421875
-0.018035888671875 0.00602531433105469 0.759521484375 -0.0538330078125
-0.0250320434570312 -0.0266284942626953 0.6048583984375 0.63873291015625
0.01934814453125 -0.0214786529541016 0.0148925781250001 0.60565185546875
0.029571533203125 -0.000244140625 0.0138397216796875 0.0936431884765625
0.0204677581787109 -0.00541877746582031 0.080413818359375 -0.547393798828125
0.0112380981445313 -0.0219383239746094 -0.51434326171875 -0.70672607421875
-0.00757408142089844 -0.0220470428466797 -0.83355712890625 0.05499267578125
-0.00623273849487305 -0.00254964828491211 -0.326171875 0.6104736328125
-0.00357222557067871 0.00401520729064941 0.123382568359375 0.47698974609375
0.00670099258422852 0.00737571716308594 0.299835205078125 0.043609619140625
0.0130681991577148 -0.00957965850830078 0.243362426757813 -0.233840942382813
0.00127792358398438 -0.0305709838867188 -0.167800903320312 0.212326049804688
0.0226116180419922 -0.0224399566650391 -0.285247802734375 -0.047149658203125
0.00248384475708008 0.00161457061767578 -0.164520263671875 -0.425567626953125
0.0179767608642578 0.0129566192626953 0.29278564453125 -0.561981201171875
-0.00916099548339844 0.00657081604003906 0.7587890625 -0.0439453125
-0.0207424163818359 -0.0191555023193359 0.59918212890625 0.64752197265625
0.0157375335693359 -0.0132417678833008 0.01416015625 0.60369873046875
0.0200138092041016 0.00625991821289062 0.01727294921875 0.0897674560546875
0.0162343978881836 0.00310325622558594 0.074127197265625 -0.5489501953125
0.0148611068725586 -0.0157585144042969 -0.522216796875 -0.699462890625
0.0017242431640625 -0.0228195190429688 -0.8336181640625 0.0646362304687501
-0.00161647796630859 -0.00906276702880859 -0.31915283203125 0.61187744140625
-0.00485992431640625 -0.00269126892089844 0.12713623046875 0.472442626953125
0.00173592567443848 0.000475049018859863 0.300323486328125 0.0390625
0.011993408203125 -0.0115871429443359 0.243255615234375 -0.233642578125
0.00117111206054688 -0.0317325592041016 -0.17095947265625 0.2120361328125
0.0189456939697266 -0.0280475616455078 -0.2857666015625 -0.0499877929687501
0.000955581665039063 -0.00463581085205078 -0.16326904296875 -0.4305419921875
0.0221958160400391 0.00838279724121094 0.297943115234375 -0.5609130859375
-0.00302505493164063 0.00692844390869141 0.7581787109375 -0.036376953125
-0.0185947418212891 -0.0128993988037109 0.5928955078125 0.652099609375
0.0120182037353516 -0.00591945648193359 0.00994873046874998 0.59716796875
0.0141448974609375 0.0121593475341797 0.02227783203125 0.0834884643554688
0.0127887725830078 0.00978469848632812 0.0732421875000001 -0.5528564453125
0.017303466796875 -0.00985431671142578 -0.52996826171875 -0.69390869140625
0.00878143310546875 -0.0220851898193359 -0.8306884765625 0.0746459960937498
0.00239944458007813 -0.01361083984375 -0.315185546875 0.61077880859375
-0.0064992904663086 -0.00952720642089844 0.13043212890625 0.4677734375
-0.00238418579101563 -0.00625276565551758 0.2999267578125 0.03680419921875
0.0115499496459961 -0.0129823684692383 0.240097045898438 -0.234176635742188
0.00403213500976563 -0.0225086212158203 -0.193679809570312 0.216552734375
0.0399093627929688 -0.002166748046875 -0.300262451171875 -0.03271484375
0.0117816925048828 0.0223827362060547 -0.179107666015625 -0.427947998046875
-0.00687789916992188 0.0287761688232422 0.27655029296875 -0.576904296875
-0.0517349243164063 0.00740814208984376 0.7572021484375 -0.077880859375
-0.0423774719238281 -0.0424423217773438 0.6107177734375 0.606689453125
0.0326042175292969 -0.050628662109375 0.0240478515625 0.5731201171875
0.061492919921875 -0.0273284912109375 0.0287322998046875 0.0707321166992187
0.0345783233642578 -0.0333423614501953 0.097412109375 -0.5731201171875
-0.00477218627929688 -0.0394058227539062 -0.50079345703125 -0.734375
-0.04254150390625 -0.0204925537109375 -0.833740234375 0.0328979492187499
-0.0278110504150391 0.00926017761230468 -0.33331298828125 0.59808349609375
-0.000583648681640625 0.0185470581054688 0.117095947265625 0.4715576171875
0.0193290710449219 0.02398681640625 0.290069580078125 0.049346923828125
0.0164623260498047 -0.00129795074462891 0.223175048828125 -0.23724365234375
0.00394248962402344 -0.0227718353271484 -0.187042236328125 0.21636962890625
0.0412330627441406 -0.000560760498046875 -0.298004150390625 -0.03131103515625
0.0122756958007813 0.0247650146484375 -0.181396484375 -0.41998291015625
-0.00621414184570313 0.0297622680664063 0.27386474609375 -0.57647705078125
-0.0499153137207031 0.00771331787109375 0.75439453125 -0.08514404296875
-0.0410346984863281 -0.0430412292480469 0.61676025390625 0.6021728515625
0.0319900512695312 -0.050048828125 0.025634765625 0.58282470703125
0.0607109069824219 -0.0258064270019531 0.0210800170898437 0.0817337036132813
0.0352325439453125 -0.0329666137695313 0.10064697265625 -0.56280517578125
-0.00270462036132813 -0.0403556823730469 -0.48974609375 -0.73931884765625
-0.0416374206542969 -0.0219688415527344 -0.83367919921875 0.0225219726562501
-0.0277519226074219 0.0108776092529297 -0.34027099609375 0.59771728515625
9.53674316406111E-06 0.0210285186767578 0.11248779296875 0.476348876953125
0.0193634033203125 0.0261020660400391 0.290985107421875 0.0528564453125
0.0165643692016602 -0.00179195404052734 0.229293823242188 -0.234954833984375
0.00344467163085937 -0.0241870880126953 -0.179122924804688 0.215652465820312
0.039642333984375 -0.00193023681640625 -0.294891357421875 -0.032135009765625
0.0121784210205078 0.0239639282226563 -0.1788330078125 -0.41864013671875
-0.0026397705078125 0.0294380187988281 0.27191162109375 -0.5728759765625
-0.0447273254394531 0.00697708129882812 0.755126953125 -0.083984375
-0.0387191772460938 -0.0415191650390625 0.61993408203125 0.6058349609375
0.0297889709472656 -0.0458793640136719 0.026611328125 0.591796875
0.0548591613769531 -0.0211677551269531 0.016326904296875 0.089080810546875
0.0333499908447266 -0.0284652709960938 0.096038818359375 -0.554656982421875
0.00101470947265625 -0.03741455078125 -0.490966796875 -0.734130859375
-0.036834716796875 -0.0217437744140625 -0.833984375 0.0227661132812499
-0.024261474609375 0.00933647155761718 -0.340087890625 0.59979248046875
-0.000488281249999998 0.0201492309570313 0.11138916015625 0.48052978515625
0.0178947448730469 0.0241413116455078 0.293365478515625 0.05279541015625
0.0152387619018555 -0.00316143035888672 0.233657836914062 -0.2333984375
0.00286865234375 -0.0256671905517578 -0.17327880859375 0.215225219726563
0.0368118286132813 -0.0049896240234375 -0.2906494140625 -0.035980224609375
0.0106029510498047 0.0210208892822266 -0.1749267578125 -0.417816162109375
0.00167083740234375 0.0266838073730469 0.2822265625 -0.5703125
-0.0376319885253906 0.00640487670898438 0.7579345703125 -0.0736083984375
-0.03369140625 -0.038055419921875 0.6158447265625 0.621826171875
0.0269050598144531 -0.038665771484375 0.02117919921875 0.5977783203125
0.0470466613769531 -0.0150260925292969 0.0124969482421875 0.0925140380859375
0.0297451019287109 -0.0220260620117188 0.090728759765625 -0.551971435546875
0.00348854064941406 -0.0336666107177734 -0.49835205078125 -0.72412109375
-0.0282707214355469 -0.0225143432617188 -0.8338623046875 0.0329589843750001
-0.0196990966796875 0.00659942626953125 -0.33441162109375 0.604736328125
-0.00082874298095703 0.0168628692626953 0.116058349609375 0.4808349609375
0.0151004791259766 0.0205554962158203 0.294952392578125 0.048828125
0.015411376953125 -0.00544166564941406 0.238510131835938 -0.232894897460938
0.0018768310546875 -0.0277996063232422 -0.168838500976563 0.213729858398438
0.0321559906005859 -0.0109424591064453 -0.2874755859375 -0.039764404296875
0.00734806060791016 0.0156593322753906 -0.1700439453125 -0.419525146484375
0.00708580017089844 0.0232639312744141 0.285400390625 -0.5673828125
-0.0282478332519531 0.00625038146972657 0.7581787109375 -0.0618896484375
-0.0292263031005859 -0.0325965881347656 0.611328125 0.63189697265625
0.023651123046875 -0.0305805206298828 0.0184936523437501 0.60272216796875
0.038238525390625 -0.0078277587890625 0.0119171142578125 0.0942459106445312
0.0250034332275391 -0.014373779296875 0.08538818359375 -0.54736328125
0.00779151916503906 -0.0279884338378906 -0.5048828125 -0.71710205078125
-0.0183773040771484 -0.0229835510253906 -0.8345947265625 0.04315185546875
-0.0136289596557617 0.00266838073730469 -0.33038330078125 0.60723876953125
-0.00196361541748047 0.0120735168457031 0.1202392578125 0.480194091796875
0.0117511749267578 0.0138435363769531 0.297607421875 0.04718017578125
0.0143461227416992 -0.00730037689208984 0.241790771484375 -0.233154296875
0.001220703125 -0.0301418304443359 -0.167373657226563 0.213882446289063
0.0270252227783203 -0.0168495178222656 -0.286102294921875 -0.0435791015625
0.00516510009765625 0.00896739959716797 -0.1663818359375 -0.421630859375
0.0125637054443359 0.0179729461669922 0.289794921875 -0.5631103515625
-0.0184860229492187 0.0060272216796875 0.759765625 -0.05218505859375
-0.0248432159423828 -0.0263099670410156 0.602783203125 0.63958740234375
0.0197715759277344 -0.0220756530761719 0.013916015625 0.60369873046875
0.0287513732910156 -0.000402450561523437 0.0135650634765625 0.0942306518554688
0.0208377838134766 -0.00514602661132812 0.08111572265625 -0.5469970703125
0.0115184783935547 -0.0217952728271484 -0.51202392578125 -0.70806884765625
-0.00743484497070313 -0.0224246978759766 -0.833251953125 0.0548706054687499
-0.00728225708007812 -0.00298023223876953 -0.3255615234375 0.61212158203125
-0.00362443923950195 0.0045161247253418 0.123809814453125 0.47833251953125
0.0069131851196289 0.00752067565917969 0.299530029296875 0.043121337890625
0.012690544128418 -0.00967311859130859 0.244338989257812 -0.23419189453125
0.000314712524414063 -0.0308437347412109 -0.166839599609375 0.212295532226563
0.0223102569580078 -0.0230503082275391 -0.285400390625 -0.0466308593750001
0.00302886962890625 0.00145912170410156 -0.164581298828125 -0.425994873046875
0.0183181762695312 0.0128364562988281 0.29315185546875 -0.562744140625
-0.0100975036621094 0.00646877288818359 0.7587890625 -0.043701171875
-0.020782470703125 -0.0199203491210938 0.59796142578125 0.64593505859375
0.0148305892944336 -0.0126867294311523 0.01214599609375 0.601318359375
0.0204181671142578 0.00637054443359375 0.0173187255859375 0.0903778076171875
0.0164175033569336 0.00283336639404297 0.0772705078125 -0.548919677734375
0.014826774597168 -0.0155572891235352 -0.52197265625 -0.698974609375
0.00112724304199219 -0.0228996276855469 -0.83221435546875 0.065673828125
-0.00162029266357422 -0.00886631011962891 -0.32037353515625 0.61163330078125
-0.00507259368896484 -0.00247287750244141 0.125946044921875 0.473175048828125
0.00185585021972656 0.000199317932128906 0.300140380859375 0.039215087890625
0.0121498107910156 -0.0117397308349609 0.242965698242188 -0.234344482421875
0.000255584716796876 -0.0322780609130859 -0.17022705078125 0.211639404296875
0.0180740356445313 -0.0287055969238281 -0.28564453125 -0.0491943359375
0.00158786773681641 -0.00522089004516602 -0.163299560546875 -0.429931640625
0.0230083465576172 0.00835037231445313 0.297027587890625 -0.56097412109375
-0.00345706939697266 0.00668668746948242 0.75830078125 -0.0360107421875
-0.0179843902587891 -0.0132179260253906 0.58978271484375 0.6524658203125
0.0123043060302734 -0.00565147399902344 0.00952148437499999 0.5965576171875
0.0135993957519531 0.0119533538818359 0.02215576171875 0.0845489501953125
0.0127420425415039 0.0101423263549805 0.07476806640625 -0.553070068359375
0.0168037414550781 -0.010197639465332 -0.52996826171875 -0.69586181640625
0.00827598571777344 -0.0220184326171875 -0.83380126953125 0.0744628906250001
0.00168895721435547 -0.0135307312011719 -0.31634521484375 0.6126708984375
-0.00631809234619141 -0.00905227661132813 0.130218505859375 0.467864990234375
-0.00247287750244141 -0.00613641738891602 0.299560546875 0.03643798828125
0.0111379623413086 -0.012150764465332 0.240554809570313 -0.23602294921875
0.00363349914550781 -0.0223827362060547 -0.193588256835938 0.216049194335937
0.0397720336914063 -0.00338363647460937 -0.30108642578125 -0.0321655273437499
0.0116691589355469 0.0218276977539063 -0.180419921875 -0.4278564453125
-0.00665664672851562 0.0284843444824219 0.27740478515625 -0.57879638671875
-0.0520133972167969 0.00718307495117188 0.759521484375 -0.0772705078125
-0.0425872802734375 -0.0423431396484375 0.6102294921875 0.60760498046875
0.032318115234375 -0.0515289306640625 0.02264404296875 0.5740966796875
0.0617752075195313 -0.0277748107910156 0.0288772583007813 0.0717926025390625
0.0350131988525391 -0.03326416015625 0.099853515625 -0.5731201171875
-0.00445175170898437 -0.0391693115234375 -0.49945068359375 -0.7353515625
-0.0431594848632813 -0.0196342468261719 -0.83538818359375 0.0339355468750001
-0.0276107788085937 0.00906562805175781 -0.33538818359375 0.6002197265625
-0.000377655029296876 0.0186729431152344 0.117095947265625 0.473297119140625
0.0196857452392578 0.0236396789550781 0.2911376953125 0.04974365234375
0.0159511566162109 -0.00161647796630859 0.223480224609375 -0.236984252929688
0.00352096557617188 -0.0232753753662109 -0.187652587890625 0.216766357421875
0.0399818420410156 -0.00100326538085938 -0.29864501953125 -0.029876708984375
0.0132637023925781 0.0243396759033203 -0.18157958984375 -0.4224853515625
-0.00543212890625 0.0304203033447266 0.27264404296875 -0.57794189453125
-0.0504188537597656 0.00778961181640625 0.75469970703125 -0.0853271484375
-0.0411911010742187 -0.0430717468261719 0.6173095703125 0.60308837890625
0.0312271118164063 -0.0504264831542969 0.0247802734375 0.5838623046875
0.0602836608886719 -0.025726318359375 0.0218658447265625 0.0824203491210937
0.0359268188476563 -0.0325202941894531 0.10113525390625 -0.56256103515625
-0.002197265625 -0.0401115417480469 -0.48980712890625 -0.740966796875
-0.04217529296875 -0.0212135314941406 -0.83587646484375 0.02069091796875
-0.0276737213134766 0.0105648040771484 -0.34088134765625 0.598876953125
-0.000186920166015625 0.0214481353759766 0.112396240234375 0.47955322265625
0.0202007293701172 0.0258960723876953 0.29107666015625 0.05328369140625
0.0163516998291016 -0.00177669525146484 0.229278564453125 -0.236083984375
0.00234794616699219 -0.0239143371582031 -0.179031372070313 0.216659545898438
0.0396499633789063 -0.00298690795898438 -0.295196533203125 -0.031829833984375
0.0123367309570312 0.0240573883056641 -0.179718017578125 -0.41998291015625
-0.00226783752441406 0.0294589996337891 0.2740478515625 -0.575439453125
-0.0457916259765625 0.00751876831054688 0.75762939453125 -0.08282470703125
-0.0383110046386719 -0.0412025451660156 0.620849609375 0.60845947265625
0.029876708984375 -0.0458450317382813 0.0262451171875 0.59173583984375
0.0550460815429688 -0.0217666625976563 0.016510009765625 0.0905914306640625
0.0334815979003906 -0.0283241271972656 0.0994567871093749 -0.55621337890625
0.000804901123046872 -0.0376396179199219 -0.49053955078125 -0.73602294921875
-0.0372962951660156 -0.0225563049316406 -0.8375244140625 0.0227661132812501
-0.0248394012451172 0.010009765625 -0.3427734375 0.6015625
-0.000217437744140626 0.0207672119140625 0.111785888671875 0.48199462890625
0.0180034637451172 0.0249137878417969 0.29254150390625 0.05303955078125
0.0155477523803711 -0.00291633605957031 0.234329223632813 -0.234161376953125
0.001861572265625 -0.0262680053710937 -0.173355102539063 0.2159423828125
0.0366020202636719 -0.0059967041015625 -0.291961669921875 -0.0355224609375
0.0100173950195313 0.0214576721191406 -0.174957275390625 -0.41876220703125
0.001861572265625 0.0265445709228516 0.28192138671875 -0.5704345703125
-0.0379180908203125 0.006561279296875 0.75860595703125 -0.07037353515625
-0.0344123840332031 -0.0378456115722656 0.61553955078125 0.6219482421875
0.0269813537597656 -0.0387191772460938 0.01861572265625 0.5982666015625
0.0466041564941406 -0.0147590637207031 0.0130615234375 0.0928497314453125
0.0301094055175781 -0.0219459533691406 0.09271240234375 -0.551025390625
0.00434112548828125 -0.0333309173583984 -0.4991455078125 -0.7259521484375
-0.0287895202636719 -0.0218429565429688 -0.8369140625 0.033447265625
-0.0200233459472656 0.00719642639160157 -0.3370361328125 0.60528564453125
-0.000518798828125 0.0171394348144531 0.116424560546875 0.4820556640625
0.0156383514404297 0.0207099914550781 0.29541015625 0.0501708984375
0.0144367218017578 -0.00573825836181641 0.23858642578125 -0.234542846679688
0.00215911865234375 -0.0274200439453125 -0.169082641601562 0.214080810546875
0.0319042205810547 -0.0111637115478516 -0.28839111328125 -0.039581298828125
0.00777721405029297 0.0162067413330078 -0.17138671875 -0.41998291015625
0.0072479248046875 0.0228424072265625 0.285400390625 -0.56903076171875
-0.0288257598876953 0.00618362426757812 0.76031494140625 -0.0614013671875
-0.0293464660644531 -0.0328254699707031 0.612060546875 0.63311767578125
0.0226783752441406 -0.0309066772460938 0.0139160156250001 0.60516357421875
0.0378761291503906 -0.00796127319335938 0.0129928588867187 0.0955963134765625
0.0255985260009766 -0.0137310028076172 0.086578369140625 -0.547393798828125
0.00849342346191406 -0.0277366638183594 -0.5062255859375 -0.71923828125
-0.0186386108398437 -0.0218906402587891 -0.8360595703125 0.0438232421875
-0.0136194229125977 0.00215339660644531 -0.33154296875 0.6092529296875
-0.00263023376464844 0.0121431350708008 0.120513916015625 0.48291015625
0.0120134353637695 0.0151538848876953 0.298065185546875 0.0465087890625
0.0142555236816406 -0.00733375549316406 0.24212646484375 -0.233627319335937
0.000947952270507815 -0.0303401947021484 -0.1673583984375 0.21343994140625
0.0266170501708984 -0.0176811218261719 -0.28741455078125 -0.04296875
0.00562381744384766 0.00887680053710938 -0.16717529296875 -0.4222412109375
0.0129795074462891 0.0183677673339844 0.29156494140625 -0.56585693359375
-0.0187702178955078 0.00594139099121094 0.761962890625 -0.05255126953125
-0.0248031616210937 -0.0261688232421875 0.60498046875 0.64013671875
0.0188407897949219 -0.0218620300292969 0.0120849609375 0.6046142578125
0.0289897918701172 -0.000684738159179688 0.0138168334960938 0.0949554443359375
0.0212650299072266 -0.00584030151367188 0.0830688476562499 -0.546630859375
0.0122547149658203 -0.0217571258544922 -0.51324462890625 -0.71002197265625
-0.00786972045898438 -0.0220661163330078 -0.83612060546875 0.0527343749999998
-0.00733661651611328 -0.00329780578613281 -0.3255615234375 0.6124267578125
-0.00346994400024414 0.00520229339599609 0.122802734375 0.48040771484375
0.00695896148681641 0.00698709487915039 0.2998046875 0.04345703125
0.0130939483642578 -0.0103034973144531 0.244964599609375 -0.234085083007813
2.28881835937486E-05 -0.0314044952392578 -0.167129516601563 0.212326049804687
0.0213718414306641 -0.0239219665527344 -0.28564453125 -0.04559326171875
0.00314164161682129 0.00131916999816895 -0.163970947265625 -0.4259033203125
0.0194931030273438 0.0131797790527344 0.29364013671875 -0.56353759765625
-0.0101776123046875 0.00636672973632812 0.76104736328125 -0.04302978515625
-0.0209369659423828 -0.0195064544677734 0.59844970703125 0.6470947265625
0.0152654647827148 -0.0127677917480469 0.00970458984375002 0.60333251953125
0.0201778411865234 0.00622749328613281 0.0175857543945313 0.0913467407226563
0.0169677734375 0.00328350067138672 0.079010009765625 -0.5484619140625
0.0155830383300781 -0.0155677795410156 -0.52166748046875 -0.70147705078125
0.00105476379394531 -0.0224246978759766 -0.8336181640625 0.0660400390625
-0.00211429595947266 -0.00928115844726563 -0.32183837890625 0.61419677734375
-0.00431942939758301 -0.00217461585998535 0.127227783203125 0.47662353515625
0.00237965583801269 0.00015711784362793 0.300201416015625 0.04010009765625
0.0123319625854492 -0.0122127532958984 0.243408203125 -0.235137939453125
-0.00048065185546875 -0.0317306518554688 -0.171005249023438 0.212066650390625
0.0183353424072266 -0.0293731689453125 -0.28662109375 -0.0481872558593749
0.00186920166015625 -0.00463342666625977 -0.163177490234375 -0.432373046875
0.0233078002929687 0.00816917419433594 0.2978515625 -0.56329345703125
-0.00355720520019531 0.00670289993286133 0.759521484375 -0.0345458984375
-0.0185356140136719 -0.0130996704101562 0.5911865234375 0.654052734375
0.0116119384765625 -0.00577640533447266 0.00738525390624996 0.59716796875
0.0135526657104492 0.010706901550293 0.0226593017578125 0.0852737426757813
0.0127115249633789 0.0100536346435547 0.07562255859375 -0.552886962890625
0.016993522644043 -0.0100374221801758 -0.52801513671875 -0.6971435546875
0.00806045532226562 -0.0216312408447266 -0.8363037109375 0.0748291015625001
0.00111675262451172 -0.0137252807617188 -0.3155517578125 0.61444091796875
-0.00642061233520508 -0.00872993469238281 0.129730224609375 0.469879150390625
-0.00150728225708008 -0.00584650039672852 0.29986572265625 0.036834716796875
0.0115947723388672 -0.0129032135009766 0.241119384765625 -0.236358642578125
0.00310134887695313 -0.0223445892333984 -0.19403076171875 0.216720581054687
0.0388832092285156 -0.003997802734375 -0.302581787109375 -0.03076171875
0.0128555297851563 0.022705078125 -0.1812744140625 -0.429107666015625
-0.00621223449707031 0.0279750823974609 0.277587890625 -0.582763671875
-0.0523643493652344 0.00741195678710938 0.7603759765625 -0.07818603515625
-0.0424346923828125 -0.0421562194824219 0.6123046875 0.6080322265625
0.0319557189941406 -0.05181884765625 0.0198974609375 0.5755615234375
0.0613250732421875 -0.0273323059082031 0.0292892456054688 0.0719451904296875
0.0355415344238281 -0.0331306457519531 0.10125732421875 -0.574951171875
-0.003570556640625 -0.0389366149902344 -0.5006103515625 -0.7386474609375
-0.0430946350097656 -0.0198898315429687 -0.8380126953125 0.0352783203125
-0.0283679962158203 0.00928115844726563 -0.3358154296875 0.60430908203125
0.000814437866210939 0.0187149047851562 0.118560791015625 0.475250244140625
0.0198326110839844 0.0230846405029297 0.291168212890625 0.050018310546875
0.0158472061157227 -0.00176429748535156 0.223892211914063 -0.239227294921875
0.00333404541015625 -0.0224685668945313 -0.1873779296875 0.216934204101562
0.0401763916015625 -0.00203704833984375 -0.29949951171875 -0.029510498046875
0.0134258270263672 0.0247802734375 -0.182098388671875 -0.42108154296875
-0.00525665283203125 0.0296249389648438 0.27374267578125 -0.581298828125
-0.051544189453125 0.00737380981445313 0.75665283203125 -0.08612060546875
-0.0408897399902344 -0.04351806640625 0.61798095703125 0.603759765625
0.0313262939453125 -0.0509796142578125 0.02484130859375 0.58563232421875
0.0603370666503906 -0.0260505676269531 0.0218353271484375 0.0833587646484375
0.0364570617675781 -0.0332298278808594 0.10418701171875 -0.5638427734375
-0.00122451782226563 -0.0400314331054687 -0.49261474609375 -0.74072265625
-0.0424385070800781 -0.0212554931640625 -0.83984375 0.02313232421875
-0.0285072326660156 0.0102024078369141 -0.34356689453125 0.60235595703125
-0.000118255615234376 0.0213832855224609 0.11285400390625 0.481231689453125
0.0200176239013672 0.0255794525146484 0.291900634765625 0.052978515625
0.0164785385131836 -0.00178050994873047 0.2291259765625 -0.237411499023437
0.00260353088378906 -0.0238609313964844 -0.179351806640625 0.21697998046875
0.0391311645507813 -0.00336456298828125 -0.297088623046875 -0.0301513671875
0.0130538940429688 0.0247154235839844 -0.18182373046875 -0.41961669921875
-0.00237464904785156 0.0292434692382813 0.2733154296875 -0.57794189453125
-0.0462913513183594 0.00664520263671874 0.760498046875 -0.0836181640625
-0.0377426147460938 -0.0418014526367188 0.62353515625 0.6107177734375
0.0301742553710938 -0.0464134216308594 0.0234375 0.59393310546875
0.055389404296875 -0.0210990905761719 0.016265869140625 0.0907821655273438
0.0344524383544922 -0.028472900390625 0.099090576171875 -0.556610107421875
0.001861572265625 -0.037872314453125 -0.49188232421875 -0.7386474609375
-0.0368423461914063 -0.0217781066894531 -0.83917236328125 0.0239868164062501
-0.0253868103027344 0.00929641723632812 -0.34283447265625 0.60516357421875
-6.8664550781249E-05 0.0212993621826172 0.112640380859375 0.484161376953125
0.0193996429443359 0.0251560211181641 0.29302978515625 0.05328369140625
0.0155773162841797 -0.00275230407714844 0.234664916992187 -0.2359619140625
0.00173187255859375 -0.0258274078369141 -0.173049926757812 0.216690063476562
0.0365486145019531 -0.00627899169921875 -0.29278564453125 -0.034912109375
0.0105991363525391 0.021209716796875 -0.1767578125 -0.41998291015625
0.00220680236816406 0.0264110565185547 0.28155517578125 -0.5740966796875
-0.0383987426757813 0.00616836547851562 0.76116943359375 -0.07293701171875
-0.0335960388183594 -0.0381126403808594 0.61932373046875 0.62237548828125
0.0263938903808594 -0.0397300720214844 0.0188598632812501 0.599853515625
0.047637939453125 -0.0154380798339844 0.0138397216796875 0.0938491821289063
0.0299797058105469 -0.0225677490234375 0.0940856933593749 -0.552459716796875
0.00499725341796875 -0.0335960388183594 -0.500244140625 -0.72705078125
-0.0299777984619141 -0.0214118957519531 -0.84027099609375 0.0336914062500002
-0.0205326080322266 0.0074920654296875 -0.3369140625 0.60748291015625
-0.000865936279296875 0.017512321472168 0.117462158203125 0.484954833984375
0.0159931182861328 0.0209636688232422 0.296661376953125 0.049591064453125
0.0152769088745117 -0.00564861297607422 0.2396240234375 -0.235427856445313
0.000974655151367188 -0.0278587341308594 -0.169387817382813 0.215072631835938
0.0315914154052734 -0.0120944976806641 -0.289337158203125 -0.038421630859375
0.00847053527832031 0.0158977508544922 -0.172760009765625 -0.4208984375
0.00750541687011719 0.0228004455566406 0.28765869140625 -0.57073974609375
-0.0289745330810547 0.00560379028320313 0.763916015625 -0.0623779296875
-0.0294532775878906 -0.0324192047119141 0.6123046875 0.63409423828125
0.0232791900634766 -0.0308055877685547 0.01422119140625 0.6051025390625
0.0382766723632812 -0.00859832763671875 0.0128555297851562 0.09698486328125
0.0256729125976563 -0.0140819549560547 0.087738037109375 -0.54754638671875
0.00840187072753906 -0.0279045104980469 -0.50872802734375 -0.72088623046875
-0.0189495086669922 -0.02239990234375 -0.838623046875 0.0455322265625001
-0.0138587951660156 0.00239944458007812 -0.33282470703125 0.61126708984375
-0.00206089019775391 0.0117387771606445 0.1214599609375 0.484405517578125
0.0125370025634766 0.0147981643676758 0.2982177734375 0.04632568359375
0.0140714645385742 -0.00833702087402344 0.243270874023437 -0.235076904296875
0.00111770629882812 -0.0295372009277344 -0.167617797851562 0.214828491210938
0.0269832611083984 -0.0182247161865234 -0.287841796875 -0.04156494140625
0.00590801239013672 0.00891590118408203 -0.1685791015625 -0.424163818359375
0.0135612487792969 0.017359733581543 0.29071044921875 -0.56707763671875
-0.019256591796875 0.0060577392578125 0.7628173828125 -0.05511474609375
-0.0249538421630859 -0.0260353088378906 0.60589599609375 0.6417236328125
0.0186500549316406 -0.02197265625 0.0111083984375001 0.60589599609375
0.0286006927490234 -0.00103187561035156 0.0140457153320313 0.0964202880859375
0.0207653045654297 -0.00559616088867187 0.0843505859375 -0.5462646484375
0.0127544403076172 -0.0215511322021484 -0.51617431640625 -0.7125244140625
-0.00836753845214844 -0.0222301483154297 -0.8397216796875 0.0545654296875001
-0.00834035873413086 -0.00323724746704101 -0.32684326171875 0.61456298828125
-0.00268793106079102 0.00523042678833008 0.124786376953125 0.481964111328125
0.00726032257080078 0.00778675079345703 0.300201416015625 0.043426513671875
0.0126247406005859 -0.0105485916137695 0.24468994140625 -0.236038208007813
-0.000377655029296873 -0.0313472747802734 -0.167266845703125 0.212982177734375
0.0217800140380859 -0.0247821807861328 -0.286834716796875 -0.04534912109375
0.00367999076843262 0.00209617614746094 -0.165679931640625 -0.4263916015625
0.0189304351806641 0.0120220184326172 0.29278564453125 -0.56671142578125
-0.0105981826782227 0.00694847106933594 0.76263427734375 -0.04345703125
-0.0214900970458984 -0.0193328857421875 0.6002197265625 0.649658203125
0.0147809982299805 -0.0133800506591797 0.010009765625 0.60406494140625
0.0204620361328125 0.006591796875 0.0174026489257812 0.0921249389648438
0.0163297653198242 0.00235366821289063 0.079864501953125 -0.549041748046875
0.0158624649047852 -0.015110969543457 -0.52386474609375 -0.70440673828125
0.000614166259765625 -0.0219345092773437 -0.8375244140625 0.0651245117187498
-0.00258541107177734 -0.00922393798828125 -0.3211669921875 0.618408203125
-0.00402116775512695 -0.00201964378356934 0.1275634765625 0.47784423828125
0.00339579582214355 1.52587890625E-05 0.30108642578125 0.04046630859375
0.0119171142578125 -0.0119132995605469 0.244369506835938 -0.236618041992187
-0.000642776489257816 -0.0321979522705078 -0.17041015625 0.212310791015625
0.018402099609375 -0.0305461883544922 -0.28778076171875 -0.047210693359375
0.00144195556640625 -0.0044560432434082 -0.16546630859375 -0.43194580078125
0.0236072540283203 0.00791358947753906 0.2987060546875 -0.564697265625
-0.0039520263671875 0.006591796875 0.76300048828125 -0.0364990234375
-0.0184192657470703 -0.0133285522460938 0.59228515625 0.6553955078125
0.0114126205444336 -0.0062713623046875 0.00592041015625001 0.59771728515625
0.0132999420166016 0.0119132995605469 0.0225906372070312 0.086395263671875
0.0129013061523437 0.00977897644042969 0.0768127441406251 -0.55267333984375
0.0172863006591797 -0.0100259780883789 -0.5301513671875 -0.69757080078125
0.00773239135742187 -0.0217380523681641 -0.83782958984375 0.0744628906249999
0.00139713287353515 -0.0146007537841797 -0.31719970703125 0.61822509765625
-0.00600433349609375 -0.00833606719970703 0.130035400390625 0.472015380859375
-0.00130319595336914 -0.00636959075927734 0.300201416015625 0.03656005859375
0.0114307403564453 -0.0129508972167969 0.2415771484375 -0.237335205078125
0.00296211242675782 -0.0225257873535156 -0.1932373046875 0.218597412109375
0.039215087890625 -0.00488662719726562 -0.304779052734375 -0.03009033203125
0.0126934051513672 0.0222434997558594 -0.183502197265625 -0.430999755859375
-0.006927490234375 0.0276012420654297 0.27691650390625 -0.58477783203125
-0.0529327392578125 0.00769424438476563 0.7628173828125 -0.077880859375
-0.0423126220703125 -0.0426139831542969 0.6134033203125 0.60833740234375
0.0322837829589844 -0.052154541015625 0.02099609375 0.57684326171875
0.0621566772460937 -0.027984619140625 0.0298233032226563 0.0739059448242188
0.0355110168457031 -0.0339317321777344 0.1021728515625 -0.5748291015625
-0.00336837768554688 -0.0400619506835938 -0.50311279296875 -0.73858642578125
-0.0434799194335937 -0.01983642578125 -0.84307861328125 0.0352172851562501
-0.0285682678222656 0.00888252258300781 -0.3363037109375 0.60760498046875
0.000885009765625001 0.019378662109375 0.118988037109375 0.477569580078125
0.0205440521240234 0.0236740112304688 0.291595458984375 0.05029296875
0.0162773132324219 -0.00166893005371094 0.223907470703125 -0.239852905273438
0.00312614440917969 -0.0226726531982422 -0.187026977539062 0.21856689453125
0.0402679443359375 -0.00317764282226563 -0.30145263671875 -0.0286865234375
0.0137119293212891 0.0247173309326172 -0.18365478515625 -0.42376708984375
-0.00522804260253906 0.0296306610107422 0.273193359375 -0.58416748046875
-0.0515785217285156 0.00797653198242186 0.75885009765625 -0.087646484375
-0.0421295166015625 -0.0435447692871094 0.61981201171875 0.6058349609375
0.0317802429199219 -0.0513343811035156 0.0238037109375 0.5869140625
0.060638427734375 -0.0262794494628906 0.0219879150390625 0.0846328735351563
0.0358047485351563 -0.0336570739746094 0.10345458984375 -0.5655517578125
-0.001373291015625 -0.0402870178222656 -0.4927978515625 -0.7431640625
-0.0430946350097656 -0.0215034484863281 -0.84228515625 0.0247802734375
-0.0289402008056641 0.0107803344726562 -0.34271240234375 0.6064453125
0.000728607177734373 0.0214405059814453 0.114227294921875 0.4833984375
0.0207405090332031 0.0262660980224609 0.29327392578125 0.0531005859375
0.0163068771362305 -0.00181770324707031 0.229461669921875 -0.239273071289063
0.00198554992675781 -0.0239143371582031 -0.178939819335938 0.217636108398438
0.0398330688476562 -0.00390243530273437 -0.2974853515625 -0.02972412109375
0.0140190124511719 0.0242977142333984 -0.18292236328125 -0.4207763671875
-0.00184249877929687 0.02874755859375 0.2744140625 -0.58111572265625
-0.04656982421875 0.00763702392578124 0.76116943359375 -0.08428955078125
-0.0385398864746094 -0.0416603088378906 0.62445068359375 0.61016845703125
0.0292434692382813 -0.0470428466796875 0.0224609375 0.5963134765625
0.0552139282226563 -0.0214767456054688 0.0158462524414063 0.0918121337890625
0.0339832305908203 -0.0293502807617188 0.101837158203125 -0.557830810546875
0.00180435180664062 -0.0377159118652344 -0.49383544921875 -0.7412109375
-0.0384597778320313 -0.0218276977539063 -0.843505859375 0.0251464843749999
-0.0257911682128906 0.0100345611572266 -0.3428955078125 0.60797119140625
0.000110626220703124 0.0212478637695313 0.11370849609375 0.486053466796875
0.0193252563476563 0.0242729187011719 0.2943115234375 0.052581787109375
0.0157928466796875 -0.00334072113037109 0.234085083007813 -0.236892700195313
0.00125885009765625 -0.0265083312988281 -0.172653198242188 0.216629028320312
0.0359458923339844 -0.007415771484375 -0.29364013671875 -0.0334472656249999
0.0110797882080078 0.0213260650634766 -0.17706298828125 -0.420440673828125
0.00229835510253907 0.0263271331787109 0.2816162109375 -0.57684326171875
-0.0392684936523438 0.00674819946289062 0.76373291015625 -0.07373046875
-0.0341873168945313 -0.0383453369140625 0.62042236328125 0.6229248046875
0.0263710021972656 -0.0399055480957031 0.0181884765625 0.60174560546875
0.0478858947753906 -0.0156898498535156 0.0137176513671875 0.095489501953125
0.0301284790039063 -0.0223159790039063 0.09503173828125 -0.55224609375
0.00494194030761719 -0.0333366394042969 -0.5015869140625 -0.73028564453125
-0.0297985076904297 -0.021881103515625 -0.84356689453125 0.0357055664062501
-0.0202655792236328 0.00704574584960938 -0.337158203125 0.61224365234375
-0.000375747680664064 0.0177764892578125 0.11822509765625 0.48724365234375
0.0164375305175781 0.0202293395996094 0.297271728515625 0.0494384765625
0.0150070190429688 -0.00521755218505859 0.239898681640625 -0.23687744140625
0.000438690185546876 -0.0277976989746094 -0.1690673828125 0.2156982421875
0.0313034057617188 -0.0128021240234375 -0.290985107421875 -0.038177490234375
0.00869369506835938 0.0159225463867188 -0.17352294921875 -0.4222412109375
0.00795745849609375 0.022308349609375 0.28631591796875 -0.57318115234375
-0.0296535491943359 0.00553703308105468 0.76519775390625 -0.064208984375
-0.0292148590087891 -0.0328197479248047 0.6131591796875 0.63421630859375
0.0236530303955078 -0.0309562683105469 0.01385498046875 0.60595703125
0.037994384765625 -0.00801467895507813 0.0131301879882812 0.0972671508789063
0.0257034301757812 -0.0146236419677734 0.08819580078125 -0.549072265625
0.00901222229003906 -0.0281124114990234 -0.50982666015625 -0.72259521484375
-0.0193061828613281 -0.0215969085693359 -0.84259033203125 0.0454711914062499
-0.0141029357910156 0.00182533264160156 -0.33233642578125 0.61712646484375
-0.00131130218505859 0.0119161605834961 0.12286376953125 0.488250732421875
0.0130319595336914 0.0147247314453125 0.29925537109375 0.04644775390625
0.0140666961669922 -0.00789070129394531 0.243759155273438 -0.236541748046875
0.000442504882812502 -0.0305690765380859 -0.166976928710938 0.214553833007812
0.0262184143066406 -0.0193748474121094 -0.288543701171875 -0.040924072265625
0.00635528564453125 0.00953292846679688 -0.1705322265625 -0.42535400390625
0.0137357711791992 0.0170803070068359 0.2913818359375 -0.57122802734375
-0.0197601318359375 0.00612068176269531 0.764404296875 -0.05322265625
-0.0249156951904297 -0.0261802673339844 0.60784912109375 0.64141845703125
0.0186805725097656 -0.0219154357910156 0.0110473632812501 0.60809326171875
0.0285835266113281 -0.00112533569335938 0.0142745971679688 0.0972824096679688
0.0209293365478516 -0.00580406188964844 0.085693359375 -0.54864501953125
0.0129146575927734 -0.0218734741210938 -0.5162353515625 -0.7142333984375
-0.00899887084960937 -0.0215053558349609 -0.84246826171875 0.05694580078125
-0.0075678825378418 -0.00354862213134765 -0.328125 0.61907958984375
-0.00250768661499023 0.0055851936340332 0.126434326171875 0.485015869140625
0.00819921493530273 0.00746440887451172 0.30072021484375 0.04351806640625
0.0129165649414063 -0.0107583999633789 0.245498657226563 -0.237152099609375
-0.000762939453125002 -0.0317344665527344 -0.167755126953125 0.214401245117187
0.0213336944580078 -0.0257987976074219 -0.288055419921875 -0.044281005859375
0.00393199920654297 0.00227761268615723 -0.167449951171875 -0.429443359375
0.0196552276611328 0.0117893218994141 0.2947998046875 -0.57049560546875
-0.0110244750976563 0.00634479522705078 0.76641845703125 -0.0447998046875
-0.0216522216796875 -0.0194778442382813 0.60296630859375 0.64996337890625
0.0139894485473633 -0.0134220123291016 0.00769042968750004 0.60614013671875
0.0194950103759766 0.00595283508300781 0.0182647705078125 0.0937881469726563
0.0168266296386719 0.00215435028076172 0.0817871093750001 -0.54986572265625
0.0155448913574219 -0.0156764984130859 -0.5245361328125 -0.70379638671875
0.000564575195312501 -0.0219688415527344 -0.841796875 0.0677490234375
-0.00237369537353516 -0.00981426239013672 -0.3221435546875 0.62115478515625
-0.0036473274230957 -0.00144124031066894 0.1298828125 0.4808349609375
0.00328564643859863 7.74860382080078E-05 0.30145263671875 0.040130615234375
0.0122013092041016 -0.0122404098510742 0.24432373046875 -0.2379150390625
-0.00104522705078125 -0.0321426391601563 -0.170562744140625 0.213348388671875
0.0182323455810547 -0.0312023162841797 -0.289398193359375 -0.04681396484375
0.00270390510559082 -0.0043644905090332 -0.166259765625 -0.43267822265625
0.0238418579101563 0.00719261169433594 0.2974853515625 -0.5684814453125
-0.0043497085571289 0.00675678253173828 0.76422119140625 -0.03631591796875
-0.0191249847412109 -0.0134181976318359 0.593994140625 0.65460205078125
0.0110244750976563 -0.00625038146972656 0.00531005859375002 0.59857177734375
0.0126581192016602 0.0117759704589844 0.0236968994140625 0.087005615234375
0.0130443572998047 0.00965404510498047 0.078338623046875 -0.5543212890625
0.0178699493408203 -0.00983047485351562 -0.5323486328125 -0.7008056640625
0.00712394714355469 -0.0208454132080078 -0.84100341796875 0.0761108398437501
0.000762939453125002 -0.0141439437866211 -0.31787109375 0.62249755859375
-0.00565481185913086 -0.00790548324584961 0.132904052734375 0.475738525390625
-0.00136804580688477 -0.00596046447753906 0.301055908203125 0.03643798828125
0.0116147994995117 -0.0140867233276367 0.241378784179688 -0.2392578125
0.00263214111328125 -0.0218772888183594 -0.193695068359375 0.219696044921875
0.0391311645507813 -0.00598526000976563 -0.305206298828125 -0.0283203125
0.0134296417236328 0.0233974456787109 -0.186676025390625 -0.43109130859375
-0.00603675842285156 0.027496337890625 0.27740478515625 -0.59014892578125
-0.0540428161621094 0.0077972412109375 0.76556396484375 -0.080078125
-0.0425071716308594 -0.04302978515625 0.61785888671875 0.609130859375
0.0317420959472656 -0.0534210205078125 0.0205078125 0.57867431640625
0.0617485046386719 -0.0285491943359375 0.0299301147460938 0.07476806640625
0.0356254577636719 -0.0340843200683594 0.10247802734375 -0.5775146484375
-0.002685546875 -0.0397262573242188 -0.50640869140625 -0.74346923828125
-0.0445060729980469 -0.0197868347167969 -0.84661865234375 0.0380859374999999
-0.0290431976318359 0.00919151306152343 -0.33544921875 0.61151123046875
0.000858306884765624 0.0194110870361328 0.12158203125 0.480255126953125
0.0209121704101563 0.0232658386230469 0.292694091796875 0.049652099609375
0.0161190032958984 -0.00198459625244141 0.223953247070313 -0.241683959960937
0.00262260437011719 -0.0229282379150391 -0.18621826171875 0.219818115234375
0.0403594970703125 -0.00356292724609375 -0.3026123046875 -0.0264892578125
0.0141162872314453 0.0247993469238281 -0.18701171875 -0.425628662109375
-0.00493812561035156 0.0290851593017578 0.2724609375 -0.58795166015625
-0.0519294738769531 0.00857925415039062 0.76483154296875 -0.08819580078125
-0.0417137145996094 -0.0437202453613281 0.6260986328125 0.60418701171875
0.0311431884765625 -0.0517654418945313 0.02276611328125 0.588623046875
0.060760498046875 -0.0263481140136719 0.0219573974609375 0.0849533081054687
0.0364494323730469 -0.0337791442871094 0.1038818359375 -0.56640625
-0.000946044921875003 -0.0403518676757813 -0.498291015625 -0.745849609375
-0.0445404052734375 -0.0206985473632813 -0.84686279296875 0.0277099609375001
-0.0292415618896484 0.0108737945556641 -0.3426513671875 0.6099853515625
0.000911712646484374 0.0223979949951172 0.116241455078125 0.48663330078125
0.0213108062744141 0.0255794525146484 0.29400634765625 0.05303955078125
0.0163402557373047 -0.00215816497802734 0.229293823242188 -0.240509033203125
0.00225257873535156 -0.0241527557373047 -0.178726196289063 0.219970703125
0.0392494201660156 -0.00472259521484375 -0.299072265625 -0.0280151367187501
0.0136890411376953 0.0247325897216797 -0.18585205078125 -0.421661376953125
-0.00138282775878906 0.0285053253173828 0.27264404296875 -0.5855712890625
-0.0470352172851563 0.00801467895507812 0.765380859375 -0.08587646484375
-0.0383377075195313 -0.0416145324707031 0.62847900390625 0.61138916015625
0.0298538208007812 -0.0473403930664063 0.0240478515625 0.5968017578125
0.0555496215820313 -0.0217475891113281 0.017730712890625 0.0930633544921875
0.0342063903808594 -0.0291175842285156 0.100799560546875 -0.55902099609375
0.00254058837890625 -0.0381965637207031 -0.49822998046875 -0.7430419921875
-0.0381317138671875 -0.02105712890625 -0.84844970703125 0.0270385742187501
-0.0262203216552734 0.00959205627441406 -0.34393310546875 0.6114501953125
-5.72204589843661E-06 0.0214481353759766 0.116180419921875 0.489990234375
0.0196132659912109 0.0250511169433594 0.29608154296875 0.052947998046875
0.0155744552612305 -0.00348663330078125 0.23492431640625 -0.238555908203125
0.000940322875976564 -0.025970458984375 -0.17291259765625 0.218353271484375
0.03558349609375 -0.0085296630859375 -0.29498291015625 -0.031890869140625
0.0120925903320313 0.0215015411376953 -0.18048095703125 -0.42327880859375
0.00255584716796875 0.0264129638671875 0.2813720703125 -0.58087158203125
-0.0396766662597656 0.00679397583007813 0.76629638671875 -0.0751953125
-0.0346870422363281 -0.0381851196289062 0.62408447265625 0.62274169921875
0.0265464782714844 -0.0399513244628906 0.0196533203125 0.60345458984375
0.0474739074707031 -0.0159492492675781 0.0147705078125 0.0966033935546875
0.0305728912353516 -0.0223979949951172 0.095428466796875 -0.5552978515625
0.00543594360351562 -0.0341262817382813 -0.50653076171875 -0.73101806640625
-0.0298919677734375 -0.0216007232666016 -0.84747314453125 0.03900146484375
-0.0210018157958984 0.0074615478515625 -0.3359375 0.61614990234375
-0.000337600708007814 0.0177288055419922 0.12017822265625 0.489898681640625
0.0168304443359375 0.0209922790527344 0.298828125 0.04931640625
0.0149374008178711 -0.00633430480957031 0.240264892578125 -0.238845825195313
0.000116348266601563 -0.0281734466552734 -0.169189453125 0.217727661132813
0.0314655303955078 -0.0141258239746094 -0.29327392578125 -0.03656005859375
0.0090789794921875 0.0162687301635742 -0.175323486328125 -0.42181396484375
0.00869369506835938 0.0219497680664063 0.28485107421875 -0.5771484375
-0.0306434631347656 0.00617218017578125 0.7677001953125 -0.0648193359375
-0.0297889709472656 -0.0330944061279297 0.6182861328125 0.6343994140625
0.0228652954101563 -0.0320281982421875 0.0148925781250001 0.6097412109375
0.0386772155761719 -0.008453369140625 0.0134658813476563 0.0985031127929688
0.0263156890869141 -0.0143604278564453 0.0906372070312499 -0.551544189453125
0.009246826171875 -0.028564453125 -0.512939453125 -0.72393798828125
-0.0198154449462891 -0.0212974548339844 -0.8458251953125 0.0479736328125002
-0.0147256851196289 0.00237083435058594 -0.33172607421875 0.62078857421875
-0.000973701477050782 0.0126047134399414 0.1240234375 0.490478515625
0.0132255554199219 0.0146245956420898 0.299957275390625 0.046478271484375
0.0140018463134766 -0.0085296630859375 0.243270874023438 -0.239105224609375
-0.00070953369140625 -0.0303764343261719 -0.1668701171875 0.216964721679688
0.0260181427001953 -0.0204582214355469 -0.290771484375 -0.039886474609375
0.00697040557861328 0.00940895080566406 -0.171844482421875 -0.42633056640625
0.0143938064575195 0.0167808532714844 0.29083251953125 -0.57513427734375
-0.020355224609375 0.00655555725097656 0.7696533203125 -0.05584716796875
-0.0254154205322266 -0.0262241363525391 0.61163330078125 0.64276123046875
0.0182056427001953 -0.0225543975830078 0.0108642578125 0.610107421875
0.0286655426025391 -0.00107955932617188 0.01458740234375 0.0978164672851563
0.0211963653564453 -0.00598907470703125 0.085357666015625 -0.550018310546875
0.0125732421875 -0.02227783203125 -0.5196533203125 -0.71502685546875
-0.00948524475097656 -0.0212326049804688 -0.84844970703125 0.0591430664062501
-0.00860261917114258 -0.00331401824951172 -0.3282470703125 0.62493896484375
-0.00237512588500977 0.00552606582641602 0.128509521484375 0.487457275390625
0.00857400894165039 0.00700092315673828 0.30157470703125 0.042999267578125
0.0130481719970703 -0.010890007019043 0.245590209960938 -0.238311767578125
-0.0011138916015625 -0.0318393707275391 -0.167160034179687 0.21539306640625
0.0210113525390625 -0.0264167785644531 -0.290313720703125 -0.043121337890625
0.00425601005554199 0.00217819213867188 -0.1708984375 -0.42962646484375
0.0200004577636719 0.0118350982666016 0.29364013671875 -0.57427978515625
-0.0116443634033203 0.00606060028076172 0.76861572265625 -0.0472412109375
-0.0210285186767578 -0.0195560455322266 0.60614013671875 0.649658203125
0.0146665573120117 -0.0136594772338867 0.00891113281249997 0.60723876953125
0.0196266174316406 0.00621795654296875 0.0186004638671875 0.0933837890625
0.016657829284668 0.00225353240966797 0.082855224609375 -0.5517578125
0.0163145065307617 -0.0150661468505859 -0.52886962890625 -0.70782470703125
-1.14440917968744E-05 -0.02178955078125 -0.8453369140625 0.06976318359375
-0.00275897979736328 -0.00983524322509766 -0.32177734375 0.62469482421875
-0.00368714332580566 -0.00136446952819824 0.1329345703125 0.483612060546875
0.00355672836303711 -0.000169277191162109 0.30255126953125 0.038726806640625
0.0118846893310547 -0.0125875473022461 0.244949340820313 -0.23992919921875
-0.00104904174804687 -0.0325565338134766 -0.170791625976563 0.214675903320312
0.0174160003662109 -0.0326957702636719 -0.290069580078125 -0.045501708984375
0.00265598297119141 -0.00449323654174805 -0.169525146484375 -0.43487548828125
0.0244789123535156 0.00701522827148438 0.2979736328125 -0.5721435546875
-0.00455188751220703 0.00678396224975586 0.767578125 -0.03936767578125
-0.0190677642822266 -0.0127925872802734 0.5980224609375 0.6551513671875
0.0107212066650391 -0.00672340393066406 0.00561523437500003 0.6014404296875
0.0130014419555664 0.0120563507080078 0.0240325927734375 0.0875930786132813
0.0133199691772461 0.0103054046630859 0.0790405273437501 -0.5565185546875
0.0187091827392578 -0.00989913940429688 -0.5357666015625 -0.701904296875
0.00717353820800781 -0.0216560363769531 -0.8453369140625 0.0827026367187499
0.00023365020751953 -0.0148391723632813 -0.31719970703125 0.625244140625
-0.00564432144165039 -0.00795793533325195 0.133209228515625 0.47711181640625
-0.000401496887207032 -0.00626039505004883 0.302001953125 0.037200927734375
0.0106592178344727 -0.0133543014526367 0.242019653320313 -0.241546630859375
0.002532958984375 -0.0222282409667969 -0.192977905273438 0.221847534179688
0.0391044616699219 -0.00645065307617188 -0.3067626953125 -0.0258178710937499
0.0135059356689453 0.0226554870605469 -0.18914794921875 -0.4327392578125
-0.005584716796875 0.0274639129638672 0.27655029296875 -0.59503173828125
-0.0550804138183594 0.00761032104492188 0.77001953125 -0.08489990234375
-0.0426826477050781 -0.0429878234863281 0.62298583984375 0.61029052734375
0.0313758850097656 -0.053466796875 0.02093505859375 0.58160400390625
0.0618057250976563 -0.0288124084472656 0.0314407348632813 0.0754318237304688
0.0354843139648438 -0.0351028442382813 0.10125732421875 -0.58062744140625
-0.00290298461914063 -0.0403556823730469 -0.511474609375 -0.7440185546875
-0.0450286865234375 -0.0194816589355469 -0.8505859375 0.04132080078125
-0.0296516418457031 0.00942230224609375 -0.336181640625 0.61798095703125
0.00133132934570312 0.0198020935058594 0.124114990234375 0.483123779296875
0.0214710235595703 0.0236167907714844 0.2943115234375 0.04864501953125
0.0163049697875977 -0.00219345092773438 0.223434448242188 -0.244369506835938
0.00236701965332031 -0.0231914520263672 -0.186050415039063 0.2213134765625
0.0402755737304687 -0.00461959838867187 -0.304779052734375 -0.02392578125
0.0148658752441406 0.0249977111816406 -0.189666748046875 -0.426025390625
-0.00428581237792969 0.0287075042724609 0.2706298828125 -0.59332275390625
-0.0527191162109375 0.00841903686523438 0.766845703125 -0.0926513671875
-0.0418052673339844 -0.0430870056152344 0.6304931640625 0.6043701171875
0.0310249328613281 -0.0530662536621094 0.0250854492187501 0.5906982421875
0.0603141784667969 -0.0270957946777344 0.0236129760742188 0.0858688354492188
0.0367507934570313 -0.0341033935546875 0.1051025390625 -0.56866455078125
-0.00159835815429688 -0.0401992797851563 -0.5020751953125 -0.7474365234375
-0.0445213317871094 -0.0200729370117187 -0.8525390625 0.0307617187500001
-0.0292434692382813 0.0106430053710937 -0.34307861328125 0.614501953125
0.001190185546875 0.0221366882324219 0.118682861328125 0.489410400390625
0.02154541015625 0.0249958038330078 0.29486083984375 0.052825927734375
0.0160226821899414 -0.00211620330810547 0.2296142578125 -0.24359130859375
0.00188255310058594 -0.0237331390380859 -0.17877197265625 0.221298217773438
0.0384712219238281 -0.00606918334960937 -0.301116943359375 -0.0255432128906251
0.0144023895263672 0.0246009826660156 -0.1890869140625 -0.423583984375
-0.00101852416992188 0.0282878875732422 0.2724609375 -0.59075927734375
-0.0475807189941406 0.00821685791015624 0.77001953125 -0.08990478515625
-0.0384445190429688 -0.0419082641601562 0.63421630859375 0.6080322265625
0.0292701721191406 -0.0480690002441406 0.02459716796875 0.60052490234375
0.0550956726074219 -0.0218315124511719 0.0180816650390625 0.0936355590820312
0.0344963073730469 -0.0296058654785156 0.10162353515625 -0.5625
0.00178146362304688 -0.0378837585449219 -0.50250244140625 -0.744384765625
-0.0389900207519531 -0.0204505920410156 -0.85198974609375 0.03143310546875
-0.0266819000244141 0.0105419158935547 -0.3421630859375 0.61810302734375
0.000761032104492188 0.0216293334960938 0.119232177734375 0.4930419921875
0.0207347869873047 0.0246429443359375 0.296875 0.051605224609375
0.0158233642578125 -0.00348854064941406 0.235107421875 -0.241683959960938
0.000785827636718752 -0.0261173248291016 -0.172348022460938 0.220794677734375
0.0361442565917969 -0.00962448120117188 -0.297454833984375 -0.0299377441406251
0.0127677917480469 0.0213451385498047 -0.183868408203125 -0.423187255859375
0.00345230102539063 0.0264472961425781 0.279052734375 -0.5853271484375
-0.0403556823730469 0.00746154785156251 0.76934814453125 -0.079345703125
-0.0345687866210938 -0.0385627746582031 0.62750244140625 0.62322998046875
0.0258674621582031 -0.0408554077148437 0.02001953125 0.60687255859375
0.0471954345703125 -0.0157051086425781 0.0156173706054688 0.0970230102539062
0.0309410095214844 -0.0229606628417969 0.09423828125 -0.556732177734375
0.00582695007324219 -0.0338592529296875 -0.51043701171875 -0.73345947265625
-0.0308837890625 -0.0209789276123047 -0.851806640625 0.0413818359374998
-0.0214786529541016 0.00732803344726563 -0.334716796875 0.6226806640625
-0.000503540039062499 0.0187053680419922 0.122894287109375 0.4937744140625
0.017852783203125 0.0203323364257813 0.299346923828125 0.0487060546875
0.0153694152832031 -0.00591754913330078 0.240234375 -0.241546630859375
-0.000205993652343748 -0.0280532836914062 -0.167953491210937 0.218399047851563
0.0308685302734375 -0.0145626068115234 -0.29345703125 -0.034149169921875
0.00962352752685547 0.0162525177001953 -0.179931640625 -0.424560546875
0.00874519348144531 0.0216407775878906 0.28515625 -0.582763671875
-0.0303668975830078 0.00667190551757812 0.77288818359375 -0.0682373046875
-0.0299835205078125 -0.0328865051269531 0.623779296875 0.63525390625
0.0229701995849609 -0.0325469970703125 0.01556396484375 0.61065673828125
0.0384483337402344 -0.00911331176757812 0.0146636962890625 0.0988998413085938
0.0267238616943359 -0.0148735046386719 0.089508056640625 -0.552734375
0.00926017761230468 -0.0291996002197266 -0.51690673828125 -0.72576904296875
-0.0210056304931641 -0.0210514068603516 -0.85101318359375 0.0514526367187499
-0.0152301788330078 0.00269412994384766 -0.33111572265625 0.6258544921875
-0.000967025756835938 0.0130596160888672 0.12750244140625 0.493408203125
0.0142745971679688 0.013493537902832 0.301727294921875 0.045196533203125
0.0134601593017578 -0.00852775573730469 0.243453979492187 -0.241363525390625
-0.0014190673828125 -0.0303688049316406 -0.166824340820312 0.218948364257813
0.0261020660400391 -0.0205440521240234 -0.293060302734375 -0.03753662109375
0.00757980346679688 0.00917911529541016 -0.174530029296875 -0.4285888671875
0.0151996612548828 0.0161714553833008 0.28948974609375 -0.58111572265625
-0.0210914611816406 0.00620269775390625 0.7734375 -0.05926513671875
-0.0258026123046875 -0.0263442993164063 0.6156005859375 0.6434326171875
0.0177211761474609 -0.0229682922363281 0.01116943359375 0.611572265625
0.0282840728759766 -0.00205612182617188 0.01531982421875 0.0987014770507813
0.021087646484375 -0.00583267211914063 0.084686279296875 -0.553466796875
0.0132312774658203 -0.0225830078125 -0.525634765625 -0.71783447265625
-0.00987243652343749 -0.0215511322021484 -0.8516845703125 0.0623168945312498
-0.00880622863769531 -0.00317287445068359 -0.32684326171875 0.62896728515625
-0.00178909301757813 0.00590991973876953 0.13177490234375 0.49114990234375
0.00914955139160156 0.00734519958496094 0.30340576171875 0.0423583984375
0.0127887725830078 -0.01043701171875 0.246414184570313 -0.242034912109375
-0.00136566162109375 -0.0319137573242188 -0.167465209960938 0.21697998046875
0.0209236145019531 -0.027587890625 -0.292236328125 -0.040740966796875
0.00457000732421875 0.00215959548950195 -0.172637939453125 -0.430938720703125
0.0203533172607422 0.0112247467041016 0.291259765625 -0.579345703125
-0.0124368667602539 0.00656986236572265 0.7716064453125 -0.04901123046875
-0.0219993591308594 -0.0195903778076172 0.60858154296875 0.64892578125
0.0138692855834961 -0.0143375396728516 0.009765625 0.610107421875
0.0197525024414063 0.00658416748046875 0.0188980102539062 0.095123291015625
0.0163335800170898 0.00235176086425781 0.082000732421875 -0.554656982421875
0.0164585113525391 -0.0155496597290039 -0.531982421875 -0.7078857421875
-4.95910644531243E-05 -0.0217151641845703 -0.8529052734375 0.0733642578125001
-0.00232219696044922 -0.00941753387451172 -0.32037353515625 0.6304931640625
-0.00393009185791016 -0.00147128105163574 0.13433837890625 0.486328125
0.00442123413085938 -0.000192165374755859 0.304168701171875 0.038787841796875
0.011713981628418 -0.0128669738769531 0.2447509765625 -0.242263793945312
-0.00156021118164062 -0.0327663421630859 -0.170364379882813 0.216217041015625
0.0168685913085938 -0.0328102111816406 -0.29254150390625 -0.043212890625
0.00298118591308594 -0.00524377822875977 -0.170562744140625 -0.436248779296875
0.0251674652099609 0.00665473937988281 0.296630859375 -0.5771484375
-0.00596761703491211 0.00716209411621094 0.77178955078125 -0.04046630859375
-0.0185317993164062 -0.01300048828125 0.6031494140625 0.65673828125
0.00999069213867188 -0.00736236572265625 0.00555419921875003 0.60455322265625
0.0130147933959961 0.0117597579956055 0.0246353149414062 0.0888671875
0.0133876800537109 0.008941650390625 0.0791015624999999 -0.55841064453125
0.0192909240722656 -0.0100212097167969 -0.541015625 -0.70391845703125
0.00713539123535156 -0.0209197998046875 -0.8494873046875 0.0838623046874999
-3.24249267578133E-05 -0.0143404006958008 -0.315673828125 0.6312255859375
-0.00545501708984375 -0.00743484497070313 0.137725830078125 0.480987548828125
0.000133514404296875 -0.00682306289672852 0.303466796875 0.03515625
0.0104398727416992 -0.0138664245605469 0.24310302734375 -0.244369506835938
0.0015869140625 -0.02252197265625 -0.192138671875 0.223876953125
0.0388450622558594 -0.00714492797851562 -0.30877685546875 -0.023681640625
0.015045166015625 0.0225944519042969 -0.1932373046875 -0.434234619140625
-0.00533866882324219 0.0275745391845703 0.27227783203125 -0.599365234375
-0.0559806823730469 0.00872421264648438 0.77349853515625 -0.08831787109375
-0.0433273315429688 -0.0425186157226563 0.62786865234375 0.60772705078125
0.0308799743652344 -0.0543441772460938 0.0224609375 0.58367919921875
0.0618515014648438 -0.0285835266113281 0.0310516357421875 0.0767593383789063
0.0361175537109375 -0.0356521606445313 0.1019287109375 -0.58367919921875
-0.00238800048828125 -0.0402259826660156 -0.51898193359375 -0.74609375
-0.045623779296875 -0.0188331604003906 -0.8558349609375 0.0462646484375
-0.0299205780029297 0.0102920532226563 -0.33453369140625 0.623046875
0.00123977661132812 0.0205478668212891 0.127685546875 0.4864501953125
0.0219993591308594 0.0229969024658203 0.295867919921875 0.04803466796875
0.0161113739013672 -0.00193595886230469 0.223785400390625 -0.247116088867188
0.00171852111816406 -0.022705078125 -0.185958862304687 0.223464965820313
0.0400733947753906 -0.0056915283203125 -0.306396484375 -0.0216064453125001
0.0155067443847656 0.0249099731445312 -0.193572998046875 -0.427337646484375
-0.00415229797363281 0.0293788909912109 0.2685546875 -0.59796142578125
-0.0537338256835938 0.00899505615234374 0.77099609375 -0.095703125
-0.0424690246582031 -0.0428504943847656 0.63507080078125 0.6041259765625
0.030731201171875 -0.0536956787109375 0.0267333984375 0.5941162109375
0.0601806640625 -0.0271186828613281 0.024566650390625 0.0872268676757813
0.0364036560058594 -0.0345382690429688 0.10345458984375 -0.57269287109375
-0.000415802001953122 -0.040924072265625 -0.5091552734375 -0.75006103515625
-0.0447807312011719 -0.0199432373046875 -0.8570556640625 0.0355224609375
-0.0299930572509766 0.0107402801513672 -0.34014892578125 0.62188720703125
0.00195693969726563 0.0227832794189453 0.122283935546875 0.492706298828125
0.0226516723632813 0.0248432159423828 0.29656982421875 0.05126953125
0.0163383483886719 -0.00237464904785156 0.229782104492188 -0.247207641601563
0.00153350830078125 -0.0247459411621094 -0.1778564453125 0.222579956054688
0.0385398864746094 -0.00677871704101563 -0.30340576171875 -0.02325439453125
0.0155982971191406 0.0252151489257813 -0.192474365234375 -0.4244384765625
-0.00110435485839844 0.0283775329589844 0.2698974609375 -0.59527587890625
-0.0486907958984375 0.00868606567382811 0.77288818359375 -0.094482421875
-0.0398406982421875 -0.0414924621582031 0.6383056640625 0.60931396484375
0.0286483764648438 -0.0488052368164063 0.02581787109375 0.60205078125
0.0553245544433594 -0.0225410461425781 0.018585205078125 0.094482421875
0.0353240966796875 -0.029052734375 0.1002197265625 -0.5645751953125
0.00271987915039063 -0.0387153625488281 -0.50909423828125 -0.74725341796875
-0.0397605895996094 -0.020263671875 -0.85723876953125 0.03594970703125
-0.0273227691650391 0.0101585388183594 -0.340087890625 0.62359619140625
0.0014495849609375 0.0222492218017578 0.122406005859375 0.49658203125
0.0211372375488281 0.0241641998291016 0.298797607421875 0.05035400390625
0.0153617858886719 -0.00397014617919922 0.23486328125 -0.244842529296875
0.000305175781249999 -0.0262355804443359 -0.172607421875 0.222610473632813
0.0355682373046875 -0.00994110107421875 -0.29901123046875 -0.02764892578125
0.0134525299072266 0.0221691131591797 -0.187103271484375 -0.424591064453125
0.00340080261230469 0.0256252288818359 0.277587890625 -0.592529296875
-0.0405387878417969 0.00748062133789063 0.77484130859375 -0.08282470703125
-0.0347938537597656 -0.0381355285644531 0.6339111328125 0.62164306640625
0.026458740234375 -0.0411415100097656 0.0215454101562499 0.60943603515625
0.0473060607910156 -0.0157356262207031 0.0156707763671875 0.0981521606445313
0.0309505462646484 -0.0233745574951172 0.094512939453125 -0.559844970703125
0.00581741333007813 -0.0351829528808594 -0.515380859375 -0.73486328125
-0.0314064025878906 -0.0208053588867187 -0.85809326171875 0.0463867187499999
-0.0218620300292969 0.00727653503417969 -0.33416748046875 0.62744140625
0.000209808349609375 0.0186996459960938 0.127593994140625 0.49627685546875
0.0185451507568359 0.0200061798095703 0.300811767578125 0.0472412109375
0.0147409439086914 -0.00606441497802734 0.239501953125 -0.24444580078125
-0.00113677978515625 -0.0282440185546875 -0.168319702148438 0.220840454101563
0.03033447265625 -0.0154705047607422 -0.29498291015625 -0.0323486328125
0.010411262512207 0.0162353515625 -0.183013916015625 -0.426055908203125
0.00869941711425781 0.0214595794677734 0.28350830078125 -0.59033203125
-0.0314502716064453 0.00670814514160157 0.77593994140625 -0.07183837890625
-0.0307235717773438 -0.0328865051269531 0.6282958984375 0.6343994140625
0.0217075347900391 -0.0332527160644531 0.0167236328125 0.6134033203125
0.0386466979980469 -0.0085296630859375 0.0155715942382813 0.100822448730469
0.0259666442871094 -0.0152568817138672 0.0882568359375001 -0.555999755859375
0.0100917816162109 -0.0291576385498047 -0.52288818359375 -0.7265625
-0.0207614898681641 -0.0211238861083984 -0.8563232421875 0.0558471679687499
-0.01580810546875 0.00252342224121094 -0.32989501953125 0.6326904296875
-0.000214576721191407 0.0128955841064453 0.129638671875 0.496795654296875
0.0145101547241211 0.0132427215576172 0.3031005859375 0.04388427734375
0.0139713287353516 -0.008819580078125 0.243362426757813 -0.244873046875
-0.001800537109375 -0.0304584503173828 -0.166168212890625 0.219436645507813
0.0252361297607422 -0.0213203430175781 -0.294158935546875 -0.0351867675781249
0.00826454162597656 0.00968647003173828 -0.179901123046875 -0.428497314453125
0.0150279998779297 0.0166835784912109 0.2869873046875 -0.5858154296875
-0.0218067169189453 0.00661468505859375 0.776123046875 -0.063232421875
-0.0263595581054688 -0.0264148712158203 0.621826171875 0.64227294921875
0.0179157257080078 -0.0239276885986328 0.0126953125 0.61572265625
0.0283298492431641 -0.00159835815429687 0.016204833984375 0.0999832153320313
0.0215435028076172 -0.00660133361816406 0.0841979980468749 -0.554412841796875
0.0132656097412109 -0.0229148864746094 -0.53118896484375 -0.71734619140625
-0.00958633422851562 -0.0211601257324219 -0.8548583984375 0.0686645507812499
-0.0087132453918457 -0.00308895111083984 -0.326171875 0.6346435546875
-0.00160789489746094 0.00664949417114258 0.134063720703125 0.49444580078125
0.00926399230957031 0.00685501098632813 0.30438232421875 0.041778564453125
0.0128059387207031 -0.0115633010864258 0.246200561523437 -0.244705200195312
-0.00201988220214844 -0.0319747924804688 -0.166549682617187 0.219482421875
0.0204906463623047 -0.028839111328125 -0.2945556640625 -0.038330078125
0.00526523590087891 0.00232839584350586 -0.17596435546875 -0.4315185546875
0.0207996368408203 0.011016845703125 0.29095458984375 -0.5841064453125
-0.012664794921875 0.0071563720703125 0.7764892578125 -0.05267333984375
-0.0218887329101563 -0.0199451446533203 0.6151123046875 0.64886474609375
0.0135393142700195 -0.0145072937011719 0.0108642578124999 0.61309814453125
0.0197238922119141 0.00640296936035156 0.0196685791015625 0.0957794189453125
0.016728401184082 0.00189208984375 0.07940673828125 -0.5560302734375
0.0168857574462891 -0.0160741806030273 -0.5382080078125 -0.709716796875
-0.000917434692382811 -0.0212249755859375 -0.8553466796875 0.0787353515624999
-0.00356674194335938 -0.00972652435302734 -0.32049560546875 0.6373291015625
-0.00388002395629883 -0.00106573104858399 0.13726806640625 0.489227294921875
0.00500011444091797 -0.000616073608398438 0.3057861328125 0.037872314453125
0.0114812850952148 -0.0126886367797852 0.245391845703125 -0.245040893554688
-0.00240898132324218 -0.0334491729736328 -0.169723510742188 0.2181396484375
0.0164737701416016 -0.0342884063720703 -0.294189453125 -0.040679931640625
0.00387716293334961 -0.00469589233398438 -0.175048828125 -0.43731689453125
0.0253047943115234 0.00586318969726563 0.29498291015625 -0.58416748046875
-0.00641536712646484 0.00680923461914062 0.775390625 -0.04522705078125
-0.0188331604003906 -0.0130538940429688 0.60723876953125 0.65472412109375
0.00956916809082031 -0.00706005096435547 0.00848388671874995 0.60699462890625
0.0126800537109375 0.012420654296875 0.0256805419921875 0.08953857421875
0.0133285522460938 0.00953006744384766 0.07733154296875 -0.56097412109375
0.0191822052001953 -0.0109825134277344 -0.548095703125 -0.70458984375
0.00742721557617187 -0.021240234375 -0.854736328125 0.08941650390625
0.000113487243652345 -0.0153102874755859 -0.3150634765625 0.63812255859375
-0.00490999221801758 -0.00705385208129883 0.139892578125 0.483642578125
0.000895977020263672 -0.00651216506958008 0.305145263671875 0.03448486328125
0.0106334686279297 -0.0140285491943359 0.242431640625 -0.246780395507813
0.00143814086914063 -0.0218925476074219 -0.191375732421875 0.225326538085938
0.0380401611328125 -0.00817108154296875 -0.310577392578125 -0.0207519531250001
0.0155429840087891 0.0232791900634766 -0.196685791015625 -0.43505859375
-0.0050811767578125 0.0269336700439453 0.27001953125 -0.60577392578125
-0.0565414428710937 0.00966262817382813 0.77691650390625 -0.09539794921875
-0.0438919067382812 -0.0424880981445313 0.63421630859375 0.60693359375
0.0301704406738281 -0.0551376342773438 0.025390625 0.58642578125
0.0623626708984375 -0.02960205078125 0.0322952270507813 0.0764389038085938
0.0359764099121094 -0.036224365234375 0.0997314453124999 -0.58642578125
-0.00319290161132812 -0.0402641296386719 -0.52362060546875 -0.74774169921875
-0.0462455749511719 -0.0183753967285156 -0.86138916015625 0.0521240234374999
-0.0306835174560547 0.0103797912597656 -0.3314208984375 0.62884521484375
0.00209426879882813 0.0206317901611328 0.130340576171875 0.488922119140625
0.0223445892333984 0.0229167938232422 0.296844482421875 0.045867919921875
0.0157403945922852 -0.00258350372314453 0.222122192382812 -0.250152587890625
0.000951766967773435 -0.0227012634277344 -0.184356689453125 0.225555419921875
0.0391006469726563 -0.00698471069335938 -0.308074951171875 -0.019134521484375
0.0162868499755859 0.0253791809082031 -0.19805908203125 -0.427825927734375
-0.00404548645019531 0.0283927917480469 0.265869140625 -0.60540771484375
-0.0542449951171875 0.010040283203125 0.77325439453125 -0.1025390625
-0.0428810119628906 -0.0434379577636719 0.6414794921875 0.6019287109375
0.0301437377929688 -0.0543365478515625 0.02899169921875 0.5960693359375
0.0608253479003906 -0.0279579162597656 0.0258102416992188 0.0883331298828125
0.0364913940429687 -0.0352363586425781 0.1014404296875 -0.57464599609375
-0.000732421875000001 -0.0411643981933594 -0.5146484375 -0.75030517578125
-0.0451316833496094 -0.0192985534667969 -0.86151123046875 0.0408325195312501
-0.0305900573730469 0.0117759704589844 -0.33868408203125 0.62738037109375
0.0019378662109375 0.0232963562011719 0.127410888671875 0.49591064453125
0.0236244201660156 0.0254039764404297 0.29815673828125 0.049957275390625
0.0163717269897461 -0.00276660919189453 0.228775024414062 -0.250381469726562
0.000564575195312498 -0.0245895385742188 -0.177108764648437 0.225051879882813
0.0379066467285156 -0.00757598876953125 -0.30462646484375 -0.0205688476562501
0.0158405303955078 0.0251750946044922 -0.197174072265625 -0.424896240234375
-0.00048637390136719 0.0283737182617188 0.26629638671875 -0.60162353515625
-0.04913330078125 0.00947189331054688 0.774658203125 -0.09979248046875
-0.0395393371582031 -0.0415725708007813 0.64471435546875 0.60693359375
0.0282707214355469 -0.0499382019042969 0.02813720703125 0.6043701171875
0.0552215576171875 -0.0230751037597656 0.0195236206054688 0.095672607421875
0.0344181060791016 -0.0305652618408203 0.0994873046875 -0.5673828125
0.00270462036132813 -0.039642333984375 -0.514892578125 -0.74517822265625
-0.0399284362792969 -0.0200767517089844 -0.86175537109375 0.04119873046875
-0.0268898010253906 0.0105190277099609 -0.33880615234375 0.6287841796875
0.00142669677734375 0.0229701995849609 0.12640380859375 0.49981689453125
0.0214729309082031 0.0241966247558594 0.30035400390625 0.04876708984375
0.0154857635498047 -0.00365447998046875 0.233810424804687 -0.248062133789062
-0.000539779663085939 -0.0263576507568359 -0.170761108398437 0.224349975585938
0.0356559753417969 -0.0112113952636719 -0.300689697265625 -0.02484130859375
0.0138683319091797 0.0222930908203125 -0.19085693359375 -0.424530029296875
0.003662109375 0.0247802734375 0.2750244140625 -0.5975341796875
-0.0414237976074219 0.00821304321289062 0.7781982421875 -0.08966064453125
-0.0355224609375 -0.0384712219238281 0.64093017578125 0.619873046875
0.0257949829101563 -0.0422515869140625 0.02398681640625 0.611083984375
0.0475387573242187 -0.015960693359375 0.0165328979492188 0.0990219116210938
0.0310115814208984 -0.0233650207519531 0.09197998046875 -0.5625
0.0061187744140625 -0.0344257354736328 -0.52227783203125 -0.73565673828125
-0.0318794250488281 -0.0203571319580078 -0.8612060546875 0.05291748046875
-0.0218963623046875 0.00767707824707031 -0.3316650390625 0.6343994140625
0.000637054443359376 0.0189933776855469 0.13128662109375 0.4989013671875
0.0193042755126953 0.0198040008544922 0.303009033203125 0.045257568359375
0.0147056579589844 -0.00591373443603516 0.239105224609375 -0.247589111328125
-0.000980377197265625 -0.028350830078125 -0.16717529296875 0.222503662109375
0.0306816101074219 -0.0167236328125 -0.29803466796875 -0.02899169921875
0.0112104415893555 0.0173425674438477 -0.186798095703125 -0.426544189453125
0.0099639892578125 0.0212764739990234 0.279052734375 -0.59521484375
-0.0320453643798828 0.00719070434570312 0.78076171875 -0.0784912109375
-0.0309696197509766 -0.0329570770263672 0.63494873046875 0.63214111328125
0.0217380523681641 -0.0332069396972656 0.0181884765625 0.6163330078125
0.0386886596679688 -0.008819580078125 0.0159530639648438 0.10101318359375
0.0263996124267578 -0.0157623291015625 0.087677001953125 -0.55780029296875
0.0101432800292969 -0.0293350219726563 -0.531005859375 -0.72869873046875
-0.0214042663574219 -0.0203399658203125 -0.86126708984375 0.0640258789062499
-0.0157508850097656 0.00265312194824219 -0.32720947265625 0.6402587890625
0.000131607055664063 0.0136508941650391 0.134429931640625 0.4990234375
0.0152378082275391 0.0144777297973633 0.304412841796875 0.04315185546875
0.0128316879272461 -0.00820732116699219 0.242477416992188 -0.248016357421875
-0.002044677734375 -0.0309238433837891 -0.164459228515625 0.222183227539063
0.0246810913085938 -0.0225200653076172 -0.296875 -0.033050537109375
0.00841712951660156 0.00848865509033203 -0.18255615234375 -0.429962158203125
0.0152425765991211 0.0158967971801758 0.2847900390625 -0.59185791015625
-0.0224418640136719 0.00678253173828125 0.77984619140625 -0.06866455078125
-0.0268135070800781 -0.0261344909667969 0.62921142578125 0.64056396484375
0.0173435211181641 -0.0239925384521484 0.01470947265625 0.61798095703125
0.0287818908691406 -0.00103950500488281 0.0167922973632813 0.100379943847656
0.0214061737060547 -0.00705718994140625 0.08258056640625 -0.557373046875
0.0136585235595703 -0.0233230590820313 -0.537109375 -0.7191162109375
-0.0102958679199219 -0.0209274291992188 -0.8612060546875 0.07403564453125
-0.00927448272705078 -0.0033559799194336 -0.3226318359375 0.6409912109375
-0.00115394592285156 0.00699138641357422 0.137908935546875 0.496337890625
0.00998020172119141 0.00647449493408203 0.306793212890625 0.039581298828125
0.0127630233764648 -0.011383056640625 0.245254516601563 -0.248046875
-0.00306510925292969 -0.0318794250488281 -0.165496826171875 0.220458984375
0.0203609466552734 -0.0291194915771484 -0.29559326171875 -0.0353393554687499
0.00558376312255859 0.00221538543701172 -0.180328369140625 -0.43145751953125
0.0214653015136719 0.0107517242431641 0.28851318359375 -0.589599609375
-0.0131044387817383 0.00724220275878907 0.77886962890625 -0.05804443359375
-0.0220279693603516 -0.0194511413574219 0.62237548828125 0.6483154296875
0.0132350921630859 -0.0152750015258789 0.0136718750000001 0.61553955078125
0.0194435119628906 0.00584602355957031 0.0212783813476562 0.0964279174804688
0.0171108245849609 0.00209331512451172 0.079254150390625 -0.558135986328125
0.0175838470458984 -0.0169410705566406 -0.54681396484375 -0.7109375
-0.000791549682617187 -0.0213718414306641 -0.86065673828125 0.0855712890625001
-0.00406551361083984 -0.00965499877929687 -0.316650390625 0.64398193359375
-0.00282979011535645 -5.00679016113276E-05 0.14166259765625 0.49188232421875
0.00501728057861328 -0.00144433975219727 0.306640625 0.035308837890625
0.0112409591674805 -0.0133495330810547 0.245025634765625 -0.249221801757812
-0.00333404541015625 -0.0329074859619141 -0.16864013671875 0.2203369140625
0.0161209106445313 -0.0357475280761719 -0.29608154296875 -0.0386962890625
0.00369024276733398 -0.00463533401489258 -0.180572509765625 -0.438201904296875
0.0253887176513672 0.00584602355957031 0.2923583984375 -0.58953857421875
-0.00674819946289062 0.00758171081542969 0.7796630859375 -0.05078125
-0.0196952819824219 -0.0130882263183594 0.61468505859375 0.6546630859375
0.00948715209960937 -0.00768184661865234 0.0103149414062501 0.6085205078125
0.0129232406616211 0.0118503570556641 0.026519775390625 0.0901412963867188
0.0128536224365234 0.0100498199462891 0.0762939453125001 -0.56378173828125
0.0198726654052734 -0.0106735229492188 -0.55487060546875 -0.70458984375
0.00628852844238281 -0.0210170745849609 -0.8585205078125 0.09564208984375
-0.000509262084960937 -0.0152683258056641 -0.31280517578125 0.64312744140625
-0.00450801849365234 -0.00718927383422852 0.1444091796875 0.48651123046875
0.00146818161010742 -0.00734567642211914 0.306488037109375 0.032501220703125
0.0109729766845703 -0.0140752792358398 0.241119384765625 -0.249603271484375
0.000736236572265625 -0.0213737487792969 -0.190032958984375 0.227935791015625
0.0373878479003906 -0.00925445556640625 -0.311981201171875 -0.017578125
0.0158882141113281 0.0231170654296875 -0.20330810546875 -0.434783935546875
-0.00542449951171875 0.0267124176025391 0.26641845703125 -0.61151123046875
-0.0570602416992188 0.0107955932617188 0.78076171875 -0.10052490234375
-0.0450630187988281 -0.0424728393554688 0.6414794921875 0.60504150390625
0.0299072265625 -0.0565757751464844 0.0294799804687501 0.5899658203125
0.0624580383300781 -0.0301094055175781 0.0340194702148438 0.0777359008789063
0.036163330078125 -0.0362625122070313 0.0966796875 -0.5889892578125
-0.00324630737304687 -0.0407447814941406 -0.532470703125 -0.74530029296875
-0.0471572875976562 -0.0173568725585937 -0.86553955078125 0.0609741210937501
-0.0310440063476563 0.0109291076660156 -0.32891845703125 0.63641357421875
0.00303268432617188 0.0206108093261719 0.136627197265625 0.492156982421875
0.0233612060546875 0.0228748321533203 0.29876708984375 0.043701171875
0.0154743194580078 -0.00267601013183594 0.221298217773437 -0.253448486328125
0.00173187255859375 -0.0225887298583984 -0.18310546875 0.228179931640625
0.0391082763671875 -0.00796890258789063 -0.3092041015625 -0.0158386230468751
0.0169410705566406 0.0257701873779297 -0.2027587890625 -0.42852783203125
-0.00390625 0.0284557342529297 0.26141357421875 -0.61114501953125
-0.0552787780761719 0.0109367370605469 0.77825927734375 -0.10791015625
-0.0431785583496094 -0.0434951782226563 0.64752197265625 0.59954833984375
0.0295600891113281 -0.0550575256347656 0.032470703125 0.59930419921875
0.0609664916992188 -0.0282707214355469 0.0264434814453125 0.0888671875
0.0370521545410156 -0.0353355407714844 0.098876953125 -0.5777587890625
-0.00127792358398438 -0.0410614013671875 -0.5218505859375 -0.75
-0.0452537536621094 -0.0187034606933594 -0.86572265625 0.0479736328125001
-0.0309944152832031 0.0122432708740234 -0.33489990234375 0.634765625
0.00225067138671875 0.0232524871826172 0.13153076171875 0.498748779296875
0.0243797302246094 0.0246925354003906 0.300262451171875 0.047332763671875
0.0165424346923828 -0.00231361389160156 0.227462768554688 -0.25299072265625
-0.000175476074218753 -0.0243759155273438 -0.17578125 0.226593017578125
0.0382652282714844 -0.00942230224609375 -0.30609130859375 -0.016876220703125
0.016357421875 0.0253410339355469 -0.20111083984375 -0.425018310546875
-0.00023841857910156 0.0276508331298828 0.2623291015625 -0.6064453125
-0.04962158203125 0.0101890563964844 0.7799072265625 -0.106201171875
-0.0407676696777344 -0.0420722961425781 0.65185546875 0.60418701171875
0.0273818969726563 -0.0498733520507812 0.0326538085937501 0.60699462890625
0.0556983947753906 -0.0237045288085937 0.02069091796875 0.0966110229492188
0.0351524353027344 -0.0308952331542969 0.0955810546874999 -0.57110595703125
0.00196456909179688 -0.0393905639648438 -0.5224609375 -0.74639892578125
-0.0405197143554688 -0.0187568664550781 -0.8668212890625 0.0469360351562501
-0.0280246734619141 0.0110702514648438 -0.33538818359375 0.63751220703125
0.00245857238769531 0.0234508514404297 0.13250732421875 0.50299072265625
0.0233821868896484 0.0237445831298828 0.30224609375 0.04754638671875
0.0157394409179688 -0.00441360473632813 0.232574462890625 -0.251632690429688
-0.000925064086914065 -0.0265827178955078 -0.170318603515625 0.226455688476563
0.03472900390625 -0.0119190216064453 -0.30267333984375 -0.0217895507812501
0.0141792297363281 0.0218620300292969 -0.196014404296875 -0.4249267578125
0.00400924682617188 0.0248756408691406 0.2713623046875 -0.603271484375
-0.0424613952636719 0.00922393798828126 0.78106689453125 -0.09466552734375
-0.0360221862792969 -0.0382423400878906 0.64776611328125 0.617919921875
0.024871826171875 -0.0422782897949219 0.0273437500000001 0.6129150390625
0.0476341247558594 -0.0164833068847656 0.0179214477539062 0.100196838378906
0.0307846069335938 -0.0245590209960937 0.08990478515625 -0.5653076171875
0.00639724731445313 -0.035552978515625 -0.53009033203125 -0.7352294921875
-0.0320243835449219 -0.0191593170166016 -0.866455078125 0.0612792968750002
-0.0221881866455078 0.00794410705566406 -0.32843017578125 0.64013671875
0.00201606750488281 0.0194187164306641 0.136505126953125 0.50177001953125
0.0199546813964844 0.019744873046875 0.305206298828125 0.043792724609375
0.0147819519042969 -0.00651073455810547 0.2384033203125 -0.251007080078125
-0.0020294189453125 -0.0287303924560547 -0.16607666015625 0.225006103515625
0.0298633575439453 -0.0177078247070312 -0.29949951171875 -0.02581787109375
0.0116024017333984 0.0164680480957031 -0.192108154296875 -0.428558349609375
0.0101261138916016 0.0207157135009766 0.27587890625 -0.60040283203125
-0.032745361328125 0.00793647766113281 0.7838134765625 -0.083984375
-0.0309638977050781 -0.0329399108886719 0.6412353515625 0.63031005859375
0.0207405090332031 -0.0345458984375 0.0217285156250001 0.6190185546875
0.0378532409667969 -0.0091094970703125 0.016845703125 0.101272583007813
0.0265140533447266 -0.0159568786621094 0.08404541015625 -0.5601806640625
0.00936698913574219 -0.0300636291503906 -0.53973388671875 -0.728271484375
-0.0218429565429688 -0.0203018188476562 -0.86614990234375 0.07122802734375
-0.0161161422729492 0.00286197662353516 -0.3236083984375 0.64556884765625
0.000274658203125 0.013890266418457 0.13970947265625 0.502960205078125
0.015721321105957 0.0138092041015625 0.30670166015625 0.040557861328125
0.0135288238525391 -0.00881385803222656 0.242019653320313 -0.25140380859375
-0.00285911560058594 -0.0305976867675781 -0.164047241210938 0.22454833984375
0.0243759155273438 -0.0238208770751953 -0.297882080078125 -0.029022216796875
0.00874519348144531 0.00926971435546875 -0.1884765625 -0.430999755859375
0.0158605575561523 0.0154390335083008 0.28106689453125 -0.59722900390625
-0.0225353240966797 0.00744819641113281 0.7830810546875 -0.07379150390625
-0.0265121459960938 -0.0261497497558594 0.635986328125 0.63970947265625
0.0164051055908203 -0.0244102478027344 0.01800537109375 0.61968994140625
0.0288124084472656 -0.00158119201660156 0.018035888671875 0.10162353515625
0.0217304229736328 -0.00667572021484375 0.079620361328125 -0.5599365234375
0.0141792297363281 -0.0234756469726563 -0.5458984375 -0.718017578125
-0.010650634765625 -0.0208148956298828 -0.8648681640625 0.0814819335937501
-0.0100345611572266 -0.00306987762451172 -0.31915283203125 0.6480712890625
-0.00107431411743164 0.00680923461914063 0.142730712890625 0.499725341796875
0.0104961395263672 0.00597476959228516 0.30810546875 0.03790283203125
0.0118198394775391 -0.011317253112793 0.2447509765625 -0.252243041992188
-0.0038604736328125 -0.0317192077636719 -0.16448974609375 0.222900390625
0.0192794799804688 -0.0298347473144531 -0.297454833984375 -0.033172607421875
0.00633621215820313 0.00239038467407227 -0.185577392578125 -0.434112548828125
0.0213813781738281 0.0095367431640625 0.28302001953125 -0.5966796875
-0.0142107009887695 0.00780868530273437 0.78326416015625 -0.06402587890625
-0.0224800109863281 -0.0190277099609375 0.6273193359375 0.646728515625
0.0125560760498047 -0.0156183242797852 0.01641845703125 0.6181640625
0.0200843811035156 0.00547027587890625 0.0213165283203125 0.097808837890625
0.0172004699707031 0.00153636932373047 0.0769958496093749 -0.561614990234375
0.0173730850219727 -0.0169334411621094 -0.55377197265625 -0.710205078125
-0.00102996826171875 -0.0211658477783203 -0.86407470703125 0.0922851562500001
-0.00397396087646484 -0.0093231201171875 -0.31414794921875 0.649169921875
-0.0027320384979248 -0.000368356704711914 0.1473388671875 0.493804931640625
0.00615978240966797 -0.00100326538085938 0.308441162109375 0.033599853515625
0.011357307434082 -0.0131607055664063 0.243484497070313 -0.252777099609375
-0.00369644165039062 -0.0335254669189453 -0.167572021484375 0.221969604492188
0.0148239135742187 -0.0355491638183594 -0.298828125 -0.0354309082031251
0.00439214706420898 -0.00456619262695313 -0.18292236328125 -0.43896484375
0.0260410308837891 0.0051727294921875 0.2880859375 -0.5943603515625
-0.00710344314575195 0.00830650329589844 0.7830810546875 -0.05584716796875
-0.0201740264892578 -0.0129585266113281 0.6201171875 0.6513671875
0.00917530059814453 -0.00840091705322266 0.01226806640625 0.6112060546875
0.0125007629394531 0.011871337890625 0.0279083251953125 0.0909271240234375
0.013941764831543 0.00881671905517578 0.07391357421875 -0.566162109375
0.0194358825683594 -0.0115604400634766 -0.56097412109375 -0.7037353515625
0.00639724731445313 -0.0209064483642578 -0.86199951171875 0.10308837890625
-0.00104427337646484 -0.0150365829467773 -0.30908203125 0.65155029296875
-0.00446796417236328 -0.00720882415771484 0.1505126953125 0.489776611328125
0.00161123275756836 -0.00725173950195312 0.308258056640625 0.03057861328125
0.010035514831543 -0.0146045684814453 0.239898681640625 -0.253646850585938
-0.000411062814869068 -0.0174345925724585 -0.295933869409729 -0.0399792034103387
-0.000473099941944194 -0.0297270405592939 -0.132716200225912 -0.295336376633662
0.0400797917876737 0.00789586340075433 0.301709617541275 -0.410249289535631
0.00996058615673282 0.0415521013132398 0.677099593028432 -0.0523068028806923
-0.0272009830705573 0.0544029422072804 0.506689854094068 0.665591919632271
-0.0607075121427091 -0.0116814027500236 -0.269323202475046 0.825304651478883
-0.066016328077845 -0.0331506648730257 -0.548314931430545 0.225427621089242
-0.0626479131269303 -0.0322326676618368 -0.061094442822539 0.0749603464198582
-0.070958805030588 0.0245285981136505 0.588405214522138 -0.128060978218289
0.00948342441613859 0.0616832655179512 0.40727950370399 -0.784220429567699
0.0591824593598639 0.0505262267831404 -0.444779252034262 -0.784423035460586
0.0484647030508258 -0.0140272977854358 -0.739661434286099 -0.0147321225776168
0.0125938569092124 -0.0523051510712649 -0.33972569533309 0.370602394236204
-0.0116365353444989 -0.0346813001243268 0.0969659026038686 0.279704291259326
-0.0184452534204769 0.0020617792977602 0.319546276158703 0.0277550965302738
-0.00146736721510374 -0.0175632609375806 -0.292234613608805 -0.034096065045504
-0.000191769377730355 -0.0315373862655852 -0.1333473568989 -0.292541118725836
0.0412045334959567 0.00517875781049427 0.293829065867743 -0.407388786664644
0.0112787035317769 0.0384339060712905 0.673143826965925 -0.0559111590744299
-0.028592496679579 0.0547984648191588 0.513275849632671 0.657700331389138
-0.0626946597728963 -0.011730747060263 -0.261003245233475 0.831391554911385
-0.0650490284828103 -0.0342806870180752 -0.558103754697935 0.230880884297349
-0.0605377372122124 -0.0334997147937576 -0.0751070185931061 0.0723845122568246
-0.0710084161267034 0.0227291036980539 0.579693127202546 -0.121536809599786
0.00755604366986536 0.0603941202415229 0.414403863018704 -0.777428579474504
0.057459280042352 0.0517366240844015 -0.435823007780196 -0.790600226482551
0.0501498823319339 -0.014263820877642 -0.74137617118679 -0.0217765811815095
0.0156879513251324 -0.0542149118734169 -0.347333421458071 0.370331686149443
-0.0105560440237784 -0.0363639429966076 0.0945127460956072 0.282577581589117
-0.0190202543165659 0.00257468568017628 0.322222549429978 0.031822571716031
-0.00247802183657062 -0.0155769556792892 -0.287574563062617 -0.0278375467057556
-0.0010036445322166 -0.0300579784884412 -0.130539534301242 -0.289947999391458
0.0409018464697424 0.00510201365432244 0.293118155329458 -0.405034117571008
0.00878676413614453 0.0364746730941812 0.671416185235309 -0.0528887786880862
-0.0323842347710349 0.0505647130111017 0.512326190653149 0.661061089665776
-0.0626838586975973 -0.0153797844174141 -0.266946548642753 0.83391955659271
-0.0596600394625798 -0.035817720949952 -0.564915972492859 0.232582834742493
-0.0533479674293492 -0.0333121066076665 -0.0857865579886332 0.0695577648235957
-0.065544055498725 0.0209738846909036 0.570464924976189 -0.122200760317885
0.00666783094189974 0.0561412065082121 0.410176112852328 -0.773772349387015
0.0536034731195346 0.0478666106498752 -0.43789976906884 -0.790016702687406
0.0474879642766028 -0.0169390163685275 -0.746357402144241 -0.0206125895426021
0.0155397582570028 -0.0543747938715368 -0.350440870466499 0.371514842169783
-0.0108246740677996 -0.0346702386071878 0.0956584502714233 0.283500233963583
-0.0202453759386957 0.00346025856216438 0.324521756769571 0.0373579306272221
-0.00518571804898106 -0.0145561531284297 -0.283223472007044 -0.0231994258954599
-0.00167617664326352 -0.0256412935669116 -0.123845981558051 -0.288923902085014
0.0392813860197814 0.00923019775926411 0.295859052230878 -0.401492349953159
0.00219667718175488 0.0332377843933091 0.672421931012961 -0.0412421221711904
-0.0389877973597971 0.0438645214359996 0.501052125505904 0.671680124647529
-0.0617251541604417 -0.0216309899669297 -0.280050170505033 0.835053598127366
-0.0517361769789794 -0.0367209460572025 -0.573243810381501 0.228738115740154
-0.0434045659144963 -0.031063734926772 -0.0896499437156611 0.0665817692758401
-0.0570117448894167 0.0212509440401493 0.562627838979384 -0.127571009974923
0.00777745851559247 0.0501550422295935 0.395998887042912 -0.776492396484157
0.0481197622532996 0.0411218665245828 -0.447710696999382 -0.784817396333147
0.0416041208245667 -0.019736148358832 -0.746670213848643 -0.0117497029383487
0.0134265521552868 -0.0517496622117609 -0.348968113604068 0.37676999758822
-0.0123008587043803 -0.0305865112279998 0.100342954894669 0.285149090296318
-0.0218589606452385 0.00506658489084924 0.327179155764792 0.04192144949834
-0.00705446312785593 -0.0114123371095343 -0.279240689539089 -0.0202960947367572
-0.00426825108233753 -0.017334188978327 -0.116477695934337 -0.287436802861779
0.0360879048393093 0.0148177441540852 0.30254542111357 -0.396891956776543
-0.00554681283799098 0.0320499847211258 0.672237760711061 -0.0343184834135165
-0.0469086803599141 0.0362572503714488 0.492153172575602 0.680340934741176
-0.0603959050022926 -0.0297024366769792 -0.293019100618208 0.83718205561954
-0.0417692507158232 -0.0380697144225699 -0.581103685447724 0.224009462261259
-0.0323691757281211 -0.0300084770564653 -0.0928253717831373 0.0668740301877777
-0.0471408995085771 0.0199495011777032 0.556088651710327 -0.131633716447629
0.0100816457072462 0.04299122416878 0.384695077245356 -0.780092248434533
0.0413202112947606 0.0326861552504267 -0.459674357203648 -0.777596992678007
0.0328676806769388 -0.0224150449874972 -0.747395350428938 -0.00452186901270503
0.010126176620025 -0.0472569772513021 -0.346729220236688 0.380035880405466
-0.0149365558834205 -0.0234130146012289 0.104688850667745 0.286074696045553
-0.0234849999490259 0.00753453686950289 0.329841271291623 0.044925376999788
-0.00813717653719505 -0.0092978662547065 -0.277016994408698 -0.0189864912427456
-0.00575714670300194 -0.00868276743626145 -0.111274259684932 -0.288191945915306
0.0316305044175685 0.0208242505230635 0.308220812348399 -0.39547720904594
-0.0155853034196263 0.0296516254997372 0.671425036676208 -0.026417489267267
-0.0541390302958806 0.0279130870776571 0.481983888464925 0.686951639856615
-0.0562588088980686 -0.038647308935807 -0.305213685996168 0.835931095500164
-0.0309080915161625 -0.0387530759592753 -0.583206806618499 0.218971774483163
-0.0208891963308332 -0.0267040092302495 -0.0915095158081945 0.0662785936159307
-0.036268969636303 0.0200248554343508 0.554175281375849 -0.13680147957359
0.0134139684396788 0.0351382918321788 0.37268111657941 -0.782744472479975
0.033262477140861 0.024720355106989 -0.469986761021891 -0.770824597948005
0.0241065584220616 -0.0250764860690175 -0.748668542512116 0.00144595064607617
0.00659209209535902 -0.0411861103110971 -0.341618093857955 0.380538661848456
-0.0178695386592214 -0.0154311684585785 0.108779259335756 0.286219137706215
-0.0247584356472529 0.00941751190118223 0.331909563183089 0.0469942690473163
-0.00862421269343779 -0.00769200880849456 -0.276363090719326 -0.0208624027148147
-0.00787309434911283 0.000502030037232778 -0.105221843204153 -0.289088673819613
0.0257362342923645 0.0279181281849533 0.314920721020623 -0.395055511348237
-0.024675428998779 0.0284518316869476 0.671903636181071 -0.0196427177835857
-0.0610365559692962 0.0213179395765663 0.473581026038954 0.693166210217548
-0.0524488877353929 -0.046813672834821 -0.316573221685958 0.832198779689713
-0.0203428142605484 -0.0393723616168751 -0.582146727911776 0.214273923591133
-0.0100388668571715 -0.0245402944584613 -0.0864538958025072 0.0671601265633829
-0.0261617335318463 0.0185539911866012 0.55294849632921 -0.141868389456321
0.0170406266747432 0.0284450066547558 0.36106442175599 -0.786009113331939
0.0275514223074199 0.0165866834308422 -0.48216592416064 -0.763283563203441
0.0146237831503269 -0.0255064813469085 -0.747987126090616 0.0106200088111261
0.0017259533281841 -0.0351386484409527 -0.333721599433324 0.382379056445437
-0.0201438700967175 -0.00776818855554027 0.113458478028851 0.285381242012124
-0.0259114688510564 0.0111264183777867 0.331853788954672 0.0467236568983012
-0.00924295707139155 -0.00709495785226821 -0.277503602940688 -0.0234464061528598
-0.00975097964098392 0.00729652878242884 -0.101249115181815 -0.290450405052633
0.0214630151677684 0.0339335343654219 0.321877021409235 -0.394782734570652
-0.0326176816173553 0.0281563390109294 0.673312976588119 -0.0133246177433098
-0.065257363052626 0.0151263810325194 0.466700767352726 0.698219388727029
-0.0488414598988046 -0.052638011607944 -0.325974640924163 0.828575875684048
-0.0114658022641906 -0.0399967588000214 -0.578055687898308 0.207578272937411
-0.00126855210831748 -0.0229518276062565 -0.0785103329195053 0.0687492362207848
-0.0175216381477804 0.0180291654113726 0.557558146563659 -0.147516399207452
0.0196456978322169 0.0223555035419178 0.354246714502647 -0.791403648563907
0.0228154646623656 0.0111206030175452 -0.492625567011536 -0.757017211723176
0.00753110174053426 -0.0256847626553472 -0.746931831660685 0.0158969583208507
-0.00211786104644782 -0.0287354929426203 -0.328125784103045 0.382456365980058
-0.0226179226589616 -0.000825448522376972 0.116684244519738 0.284017103006118
-0.0262503728942427 0.0121091280825689 0.330226944171386 0.0432633489232524
